<?xml version="1.0" encoding="UTF-8"?>
<testsuite xmlns:xsi="http://www.w3.org/2001/XMLSchema-instance" xsi:noNamespaceSchemaLocation="https://maven.apache.org/surefire/maven-surefire-plugin/xsd/surefire-test-report.xsd" name="org.apache.hadoop.fs.ozone.contract.ITestOzoneContractMkdir" time="81.578" tests="1" errors="1" skipped="0" failures="0">
  <properties>
    <property name="awt.toolkit" value="sun.awt.X11.XToolkit"/>
    <property name="file.encoding.pkg" value="sun.io"/>
    <property name="java.specification.version" value="1.8"/>
    <property name="sun.cpu.isalist" value=""/>
    <property name="sun.jnu.encoding" value="ANSI_X3.4-1968"/>
    <property name="java.class.path" value="/workdir/hadoop-ozone/ozonefs/target/test-classes:/workdir/hadoop-ozone/ozonefs/target/classes:/home/user/.m2/repository/org/apache/hadoop/hadoop-common/3.2.0/hadoop-common-3.2.0.jar:/home/user/.m2/repository/org/apache/hadoop/hadoop-annotations/3.2.0/hadoop-annotations-3.2.0.jar:/usr/lib/jvm/java-1.8.0-openjdk-1.8.0.222.b10-1.el7_7.x86_64/jre/../lib/tools.jar:/home/user/.m2/repository/com/google/guava/guava/11.0.2/guava-11.0.2.jar:/home/user/.m2/repository/commons-cli/commons-cli/1.2/commons-cli-1.2.jar:/home/user/.m2/repository/org/apache/commons/commons-math3/3.1.1/commons-math3-3.1.1.jar:/home/user/.m2/repository/commons-codec/commons-codec/1.11/commons-codec-1.11.jar:/home/user/.m2/repository/commons-io/commons-io/2.5/commons-io-2.5.jar:/home/user/.m2/repository/commons-net/commons-net/3.6/commons-net-3.6.jar:/home/user/.m2/repository/commons-collections/commons-collections/3.2.2/commons-collections-3.2.2.jar:/home/user/.m2/repository/javax/servlet/javax.servlet-api/3.1.0/javax.servlet-api-3.1.0.jar:/home/user/.m2/repository/org/eclipse/jetty/jetty-server/9.3.25.v20180904/jetty-server-9.3.25.v20180904.jar:/home/user/.m2/repository/org/eclipse/jetty/jetty-http/9.3.25.v20180904/jetty-http-9.3.25.v20180904.jar:/home/user/.m2/repository/org/eclipse/jetty/jetty-io/9.3.25.v20180904/jetty-io-9.3.25.v20180904.jar:/home/user/.m2/repository/org/eclipse/jetty/jetty-util/9.3.25.v20180904/jetty-util-9.3.25.v20180904.jar:/home/user/.m2/repository/org/eclipse/jetty/jetty-servlet/9.3.25.v20180904/jetty-servlet-9.3.25.v20180904.jar:/home/user/.m2/repository/org/eclipse/jetty/jetty-security/9.3.25.v20180904/jetty-security-9.3.25.v20180904.jar:/home/user/.m2/repository/org/eclipse/jetty/jetty-webapp/9.3.25.v20180904/jetty-webapp-9.3.25.v20180904.jar:/home/user/.m2/repository/org/eclipse/jetty/jetty-xml/9.3.25.v20180904/jetty-xml-9.3.25.v20180904.jar:/home/user/.m2/repository/javax/servlet/jsp/jsp-api/2.1/jsp-api-2.1.jar:/home/user/.m2/repository/com/sun/jersey/jersey-core/1.19/jersey-core-1.19.jar:/home/user/.m2/repository/javax/ws/rs/jsr311-api/1.1.1/jsr311-api-1.1.1.jar:/home/user/.m2/repository/com/sun/jersey/jersey-servlet/1.19/jersey-servlet-1.19.jar:/home/user/.m2/repository/com/sun/jersey/jersey-json/1.19/jersey-json-1.19.jar:/home/user/.m2/repository/org/codehaus/jettison/jettison/1.1/jettison-1.1.jar:/home/user/.m2/repository/com/sun/xml/bind/jaxb-impl/2.3.0.1/jaxb-impl-2.3.0.1.jar:/home/user/.m2/repository/org/codehaus/jackson/jackson-core-asl/1.9.13/jackson-core-asl-1.9.13.jar:/home/user/.m2/repository/org/codehaus/jackson/jackson-mapper-asl/1.9.13/jackson-mapper-asl-1.9.13.jar:/home/user/.m2/repository/org/codehaus/jackson/jackson-jaxrs/1.9.13/jackson-jaxrs-1.9.13.jar:/home/user/.m2/repository/org/codehaus/jackson/jackson-xc/1.9.13/jackson-xc-1.9.13.jar:/home/user/.m2/repository/com/sun/jersey/jersey-server/1.19/jersey-server-1.19.jar:/home/user/.m2/repository/commons-logging/commons-logging/1.1.3/commons-logging-1.1.3.jar:/home/user/.m2/repository/log4j/log4j/1.2.17/log4j-1.2.17.jar:/home/user/.m2/repository/commons-beanutils/commons-beanutils/1.9.4/commons-beanutils-1.9.4.jar:/home/user/.m2/repository/org/apache/commons/commons-configuration2/2.1.1/commons-configuration2-2.1.1.jar:/home/user/.m2/repository/org/apache/commons/commons-lang3/3.7/commons-lang3-3.7.jar:/home/user/.m2/repository/org/apache/commons/commons-text/1.4/commons-text-1.4.jar:/home/user/.m2/repository/org/slf4j/slf4j-api/1.7.25/slf4j-api-1.7.25.jar:/home/user/.m2/repository/org/slf4j/slf4j-log4j12/1.7.25/slf4j-log4j12-1.7.25.jar:/home/user/.m2/repository/org/apache/avro/avro/1.7.7/avro-1.7.7.jar:/home/user/.m2/repository/com/thoughtworks/paranamer/paranamer/2.3/paranamer-2.3.jar:/home/user/.m2/repository/org/xerial/snappy/snappy-java/1.0.5/snappy-java-1.0.5.jar:/home/user/.m2/repository/com/google/re2j/re2j/1.1/re2j-1.1.jar:/home/user/.m2/repository/com/google/protobuf/protobuf-java/2.5.0/protobuf-java-2.5.0.jar:/home/user/.m2/repository/com/google/code/gson/gson/2.2.4/gson-2.2.4.jar:/home/user/.m2/repository/org/apache/hadoop/hadoop-auth/3.2.0/hadoop-auth-3.2.0.jar:/home/user/.m2/repository/com/nimbusds/nimbus-jose-jwt/4.41.1/nimbus-jose-jwt-4.41.1.jar:/home/user/.m2/repository/com/github/stephenc/jcip/jcip-annotations/1.0-1/jcip-annotations-1.0-1.jar:/home/user/.m2/repository/net/minidev/json-smart/2.3/json-smart-2.3.jar:/home/user/.m2/repository/net/minidev/accessors-smart/1.2/accessors-smart-1.2.jar:/home/user/.m2/repository/org/apache/curator/curator-framework/2.12.0/curator-framework-2.12.0.jar:/home/user/.m2/repository/com/jcraft/jsch/0.1.54/jsch-0.1.54.jar:/home/user/.m2/repository/org/apache/curator/curator-client/2.12.0/curator-client-2.12.0.jar:/home/user/.m2/repository/org/apache/curator/curator-recipes/2.12.0/curator-recipes-2.12.0.jar:/home/user/.m2/repository/com/google/code/findbugs/jsr305/3.0.0/jsr305-3.0.0.jar:/home/user/.m2/repository/org/apache/htrace/htrace-core4/4.1.0-incubating/htrace-core4-4.1.0-incubating.jar:/home/user/.m2/repository/org/apache/zookeeper/zookeeper/3.4.13/zookeeper-3.4.13.jar:/home/user/.m2/repository/jline/jline/0.9.94/jline-0.9.94.jar:/home/user/.m2/repository/org/apache/yetus/audience-annotations/0.5.0/audience-annotations-0.5.0.jar:/home/user/.m2/repository/org/apache/commons/commons-compress/1.4.1/commons-compress-1.4.1.jar:/home/user/.m2/repository/org/tukaani/xz/1.0/xz-1.0.jar:/home/user/.m2/repository/org/apache/kerby/kerb-simplekdc/1.0.1/kerb-simplekdc-1.0.1.jar:/home/user/.m2/repository/org/apache/kerby/kerb-client/1.0.1/kerb-client-1.0.1.jar:/home/user/.m2/repository/org/apache/kerby/kerby-config/1.0.1/kerby-config-1.0.1.jar:/home/user/.m2/repository/org/apache/kerby/kerb-core/1.0.1/kerb-core-1.0.1.jar:/home/user/.m2/repository/org/apache/kerby/kerby-pkix/1.0.1/kerby-pkix-1.0.1.jar:/home/user/.m2/repository/org/apache/kerby/kerby-asn1/1.0.1/kerby-asn1-1.0.1.jar:/home/user/.m2/repository/org/apache/kerby/kerby-util/1.0.1/kerby-util-1.0.1.jar:/home/user/.m2/repository/org/apache/kerby/kerb-common/1.0.1/kerb-common-1.0.1.jar:/home/user/.m2/repository/org/apache/kerby/kerb-crypto/1.0.1/kerb-crypto-1.0.1.jar:/home/user/.m2/repository/org/apache/kerby/kerb-util/1.0.1/kerb-util-1.0.1.jar:/home/user/.m2/repository/org/apache/kerby/token-provider/1.0.1/token-provider-1.0.1.jar:/home/user/.m2/repository/org/apache/kerby/kerb-admin/1.0.1/kerb-admin-1.0.1.jar:/home/user/.m2/repository/org/apache/kerby/kerb-server/1.0.1/kerb-server-1.0.1.jar:/home/user/.m2/repository/org/apache/kerby/kerb-identity/1.0.1/kerb-identity-1.0.1.jar:/home/user/.m2/repository/org/apache/kerby/kerby-xdr/1.0.1/kerby-xdr-1.0.1.jar:/home/user/.m2/repository/com/fasterxml/jackson/core/jackson-databind/2.9.9/jackson-databind-2.9.9.jar:/home/user/.m2/repository/com/fasterxml/jackson/core/jackson-annotations/2.9.9/jackson-annotations-2.9.9.jar:/home/user/.m2/repository/com/fasterxml/jackson/core/jackson-core/2.9.9/jackson-core-2.9.9.jar:/home/user/.m2/repository/org/codehaus/woodstox/stax2-api/3.1.4/stax2-api-3.1.4.jar:/home/user/.m2/repository/com/fasterxml/woodstox/woodstox-core/5.0.3/woodstox-core-5.0.3.jar:/home/user/.m2/repository/dnsjava/dnsjava/2.1.7/dnsjava-2.1.7.jar:/home/user/.m2/repository/org/apache/hadoop/hadoop-hdfs/3.2.0/hadoop-hdfs-3.2.0.jar:/home/user/.m2/repository/org/eclipse/jetty/jetty-util-ajax/9.3.25.v20180904/jetty-util-ajax-9.3.25.v20180904.jar:/home/user/.m2/repository/commons-daemon/commons-daemon/1.0.13/commons-daemon-1.0.13.jar:/home/user/.m2/repository/io/netty/netty/3.10.5.Final/netty-3.10.5.Final.jar:/home/user/.m2/repository/io/netty/netty-all/4.0.52.Final/netty-all-4.0.52.Final.jar:/home/user/.m2/repository/org/fusesource/leveldbjni/leveldbjni-all/1.8/leveldbjni-all-1.8.jar:/home/user/.m2/repository/org/apache/hadoop/hadoop-hdds-common/0.5.0-SNAPSHOT/hadoop-hdds-common-0.5.0-SNAPSHOT.jar:/home/user/.m2/repository/org/apache/hadoop/hadoop-hdds-config/0.5.0-SNAPSHOT/hadoop-hdds-config-0.5.0-SNAPSHOT.jar:/home/user/.m2/repository/javax/annotation/javax.annotation-api/1.2/javax.annotation-api-1.2.jar:/home/user/.m2/repository/org/apache/ratis/ratis-server/0.5.0-3f446aa-SNAPSHOT/ratis-server-0.5.0-3f446aa-SNAPSHOT.jar:/home/user/.m2/repository/org/apache/ratis/ratis-thirdparty-misc/0.2.0/ratis-thirdparty-misc-0.2.0.jar:/home/user/.m2/repository/org/apache/ratis/ratis-proto/0.5.0-3f446aa-SNAPSHOT/ratis-proto-0.5.0-3f446aa-SNAPSHOT.jar:/home/user/.m2/repository/org/apache/ratis/ratis-common/0.5.0-3f446aa-SNAPSHOT/ratis-common-0.5.0-3f446aa-SNAPSHOT.jar:/home/user/.m2/repository/org/apache/ratis/ratis-client/0.5.0-3f446aa-SNAPSHOT/ratis-client-0.5.0-3f446aa-SNAPSHOT.jar:/home/user/.m2/repository/org/apache/ratis/ratis-metrics/0.5.0-3f446aa-SNAPSHOT/ratis-metrics-0.5.0-3f446aa-SNAPSHOT.jar:/home/user/.m2/repository/com/github/joshelser/dropwizard-metrics-hadoop-metrics2-reporter/0.1.2/dropwizard-metrics-hadoop-metrics2-reporter-0.1.2.jar:/home/user/.m2/repository/io/dropwizard/metrics/metrics-jvm/3.2.5/metrics-jvm-3.2.5.jar:/home/user/.m2/repository/io/dropwizard/metrics/metrics-ganglia/3.2.5/metrics-ganglia-3.2.5.jar:/home/user/.m2/repository/info/ganglia/gmetric4j/gmetric4j/1.0.7/gmetric4j-1.0.7.jar:/home/user/.m2/repository/org/apache/ratis/ratis-netty/0.5.0-3f446aa-SNAPSHOT/ratis-netty-0.5.0-3f446aa-SNAPSHOT.jar:/home/user/.m2/repository/org/apache/ratis/ratis-grpc/0.5.0-3f446aa-SNAPSHOT/ratis-grpc-0.5.0-3f446aa-SNAPSHOT.jar:/home/user/.m2/repository/org/rocksdb/rocksdbjni/6.0.1/rocksdbjni-6.0.1.jar:/home/user/.m2/repository/org/apache/logging/log4j/log4j-api/2.11.0/log4j-api-2.11.0.jar:/home/user/.m2/repository/org/apache/logging/log4j/log4j-core/2.11.0/log4j-core-2.11.0.jar:/home/user/.m2/repository/com/lmax/disruptor/3.4.2/disruptor-3.4.2.jar:/home/user/.m2/repository/org/apache/commons/commons-pool2/2.6.0/commons-pool2-2.6.0.jar:/home/user/.m2/repository/org/bouncycastle/bcpkix-jdk15on/1.60/bcpkix-jdk15on-1.60.jar:/home/user/.m2/repository/commons-validator/commons-validator/1.6/commons-validator-1.6.jar:/home/user/.m2/repository/commons-digester/commons-digester/1.8.1/commons-digester-1.8.1.jar:/home/user/.m2/repository/io/jaegertracing/jaeger-client/0.34.0/jaeger-client-0.34.0.jar:/home/user/.m2/repository/io/jaegertracing/jaeger-thrift/0.34.0/jaeger-thrift-0.34.0.jar:/home/user/.m2/repository/org/apache/thrift/libthrift/0.12.0/libthrift-0.12.0.jar:/home/user/.m2/repository/com/squareup/okhttp3/okhttp/3.9.0/okhttp-3.9.0.jar:/home/user/.m2/repository/com/squareup/okio/okio/1.13.0/okio-1.13.0.jar:/home/user/.m2/repository/io/jaegertracing/jaeger-core/0.34.0/jaeger-core-0.34.0.jar:/home/user/.m2/repository/io/jaegertracing/jaeger-tracerresolver/0.34.0/jaeger-tracerresolver-0.34.0.jar:/home/user/.m2/repository/io/opentracing/contrib/opentracing-tracerresolver/0.1.5/opentracing-tracerresolver-0.1.5.jar:/home/user/.m2/repository/io/opentracing/opentracing-util/0.31.0/opentracing-util-0.31.0.jar:/home/user/.m2/repository/io/opentracing/opentracing-api/0.31.0/opentracing-api-0.31.0.jar:/home/user/.m2/repository/io/opentracing/opentracing-noop/0.31.0/opentracing-noop-0.31.0.jar:/home/user/.m2/repository/org/yaml/snakeyaml/1.16/snakeyaml-1.16.jar:/home/user/.m2/repository/org/apache/hadoop/hadoop-hdfs-client/3.2.0/hadoop-hdfs-client-3.2.0.jar:/home/user/.m2/repository/info/picocli/picocli/3.9.6/picocli-3.9.6.jar:/home/user/.m2/repository/org/apache/hadoop/hadoop-hdds-server-scm/0.5.0-SNAPSHOT/hadoop-hdds-server-scm-0.5.0-SNAPSHOT.jar:/home/user/.m2/repository/org/apache/hadoop/hadoop-hdds-docs/0.5.0-SNAPSHOT/hadoop-hdds-docs-0.5.0-SNAPSHOT.jar:/home/user/.m2/repository/io/dropwizard/metrics/metrics-core/3.2.4/metrics-core-3.2.4.jar:/home/user/.m2/repository/org/hamcrest/hamcrest-all/1.3/hamcrest-all-1.3.jar:/home/user/.m2/repository/org/bouncycastle/bcprov-jdk15on/1.60/bcprov-jdk15on-1.60.jar:/home/user/.m2/repository/org/apache/hadoop/hadoop-hdds-server-framework/0.5.0-SNAPSHOT/hadoop-hdds-server-framework-0.5.0-SNAPSHOT.jar:/home/user/.m2/repository/org/apache/hadoop/hadoop-ozone-ozone-manager/0.5.0-SNAPSHOT/hadoop-ozone-ozone-manager-0.5.0-SNAPSHOT.jar:/home/user/.m2/repository/org/apache/hadoop/hadoop-hdds-container-service/0.5.0-SNAPSHOT/hadoop-hdds-container-service-0.5.0-SNAPSHOT.jar:/home/user/.m2/repository/org/apache/hadoop/hadoop-hdds-client/0.5.0-SNAPSHOT/hadoop-hdds-client-0.5.0-SNAPSHOT.jar:/home/user/.m2/repository/org/apache/hadoop/hadoop-ozone-common/0.5.0-SNAPSHOT/hadoop-ozone-common-0.5.0-SNAPSHOT.jar:/home/user/.m2/repository/org/apache/hadoop/hadoop-hdds-tools/0.5.0-SNAPSHOT/hadoop-hdds-tools-0.5.0-SNAPSHOT.jar:/home/user/.m2/repository/org/xerial/sqlite-jdbc/3.25.2/sqlite-jdbc-3.25.2.jar:/home/user/.m2/repository/org/apache/httpcomponents/httpclient/4.5.2/httpclient-4.5.2.jar:/home/user/.m2/repository/org/apache/httpcomponents/httpcore/4.4.4/httpcore-4.4.4.jar:/home/user/.m2/repository/com/github/spotbugs/spotbugs/3.1.12/spotbugs-3.1.12.jar:/home/user/.m2/repository/org/ow2/asm/asm/5.0.4/asm-5.0.4.jar:/home/user/.m2/repository/org/ow2/asm/asm-analysis/7.0/asm-analysis-7.0.jar:/home/user/.m2/repository/org/ow2/asm/asm-commons/7.0/asm-commons-7.0.jar:/home/user/.m2/repository/org/ow2/asm/asm-tree/7.0/asm-tree-7.0.jar:/home/user/.m2/repository/org/ow2/asm/asm-util/7.0/asm-util-7.0.jar:/home/user/.m2/repository/org/apache/bcel/bcel/6.3/bcel-6.3.jar:/home/user/.m2/repository/net/jcip/jcip-annotations/1.0/jcip-annotations-1.0.jar:/home/user/.m2/repository/org/dom4j/dom4j/2.1.1/dom4j-2.1.1.jar:/home/user/.m2/repository/jaxen/jaxen/1.1.6/jaxen-1.1.6.jar:/home/user/.m2/repository/commons-lang/commons-lang/2.6/commons-lang-2.6.jar:/home/user/.m2/repository/com/github/spotbugs/spotbugs-annotations/3.1.12/spotbugs-annotations-3.1.12.jar:/home/user/.m2/repository/org/apache/hadoop/hadoop-common/3.2.0/hadoop-common-3.2.0-tests.jar:/home/user/.m2/repository/org/apache/hadoop/hadoop-ozone-client/0.5.0-SNAPSHOT/hadoop-ozone-client-0.5.0-SNAPSHOT.jar:/home/user/.m2/repository/org/apache/hadoop/hadoop-hdfs/3.2.0/hadoop-hdfs-3.2.0-tests.jar:/workdir/hadoop-ozone/integration-test/target/test-classes:/home/user/.m2/repository/org/apache/hadoop/hadoop-ozone-s3gateway/0.5.0-SNAPSHOT/hadoop-ozone-s3gateway-0.5.0-SNAPSHOT.jar:/home/user/.m2/repository/org/jboss/weld/servlet/weld-servlet/2.4.7.Final/weld-servlet-2.4.7.Final.jar:/home/user/.m2/repository/org/glassfish/jersey/containers/jersey-container-servlet-core/2.27/jersey-container-servlet-core-2.27.jar:/home/user/.m2/repository/org/glassfish/hk2/external/javax.inject/2.5.0-b42/javax.inject-2.5.0-b42.jar:/home/user/.m2/repository/org/glassfish/jersey/core/jersey-common/2.27/jersey-common-2.27.jar:/home/user/.m2/repository/org/glassfish/hk2/osgi-resource-locator/1.0.1/osgi-resource-locator-1.0.1.jar:/home/user/.m2/repository/javax/ws/rs/javax.ws.rs-api/2.1/javax.ws.rs-api-2.1.jar:/home/user/.m2/repository/org/glassfish/jersey/ext/cdi/jersey-cdi1x/2.27/jersey-cdi1x-2.27.jar:/home/user/.m2/repository/org/glassfish/jersey/inject/jersey-hk2/2.27/jersey-hk2-2.27.jar:/home/user/.m2/repository/org/glassfish/hk2/hk2-locator/2.5.0-b42/hk2-locator-2.5.0-b42.jar:/home/user/.m2/repository/org/javassist/javassist/3.22.0-CR2/javassist-3.22.0-CR2.jar:/home/user/.m2/repository/org/glassfish/hk2/hk2-api/2.5.0/hk2-api-2.5.0.jar:/home/user/.m2/repository/org/glassfish/hk2/external/jakarta.inject/2.5.0/jakarta.inject-2.5.0.jar:/home/user/.m2/repository/org/glassfish/hk2/hk2-utils/2.5.0/hk2-utils-2.5.0.jar:/home/user/.m2/repository/jakarta/annotation/jakarta.annotation-api/1.3.4/jakarta.annotation-api-1.3.4.jar:/home/user/.m2/repository/org/glassfish/hk2/external/aopalliance-repackaged/2.5.0/aopalliance-repackaged-2.5.0.jar:/home/user/.m2/repository/com/fasterxml/jackson/dataformat/jackson-dataformat-xml/2.9.0/jackson-dataformat-xml-2.9.0.jar:/home/user/.m2/repository/com/fasterxml/jackson/module/jackson-module-jaxb-annotations/2.9.9/jackson-module-jaxb-annotations-2.9.9.jar:/home/user/.m2/repository/javax/enterprise/cdi-api/1.2/cdi-api-1.2.jar:/home/user/.m2/repository/javax/el/javax.el-api/3.0.0/javax.el-api-3.0.0.jar:/home/user/.m2/repository/javax/interceptor/javax.interceptor-api/1.2/javax.interceptor-api-1.2.jar:/home/user/.m2/repository/javax/inject/javax.inject/1/javax.inject-1.jar:/home/user/.m2/repository/com/sun/xml/bind/jaxb-core/2.3.0.1/jaxb-core-2.3.0.1.jar:/home/user/.m2/repository/javax/xml/bind/jaxb-api/2.3.0/jaxb-api-2.3.0.jar:/home/user/.m2/repository/javax/activation/activation/1.1.1/activation-1.1.1.jar:/home/user/.m2/repository/org/apache/hadoop/hadoop-ozone-csi/0.5.0-SNAPSHOT/hadoop-ozone-csi-0.5.0-SNAPSHOT.jar:/home/user/.m2/repository/com/google/protobuf/protobuf-java-util/3.5.1/protobuf-java-util-3.5.1.jar:/home/user/.m2/repository/io/grpc/grpc-netty/1.17.1/grpc-netty-1.17.1.jar:/home/user/.m2/repository/io/grpc/grpc-core/1.17.1/grpc-core-1.17.1.jar:/home/user/.m2/repository/io/grpc/grpc-context/1.17.1/grpc-context-1.17.1.jar:/home/user/.m2/repository/com/google/errorprone/error_prone_annotations/2.2.0/error_prone_annotations-2.2.0.jar:/home/user/.m2/repository/org/codehaus/mojo/animal-sniffer-annotations/1.17/animal-sniffer-annotations-1.17.jar:/home/user/.m2/repository/io/opencensus/opencensus-api/0.17.0/opencensus-api-0.17.0.jar:/home/user/.m2/repository/io/opencensus/opencensus-contrib-grpc-metrics/0.17.0/opencensus-contrib-grpc-metrics-0.17.0.jar:/home/user/.m2/repository/io/netty/netty-codec-http2/4.1.30.Final/netty-codec-http2-4.1.30.Final.jar:/home/user/.m2/repository/io/netty/netty-codec-http/4.1.30.Final/netty-codec-http-4.1.30.Final.jar:/home/user/.m2/repository/io/netty/netty-codec/4.1.30.Final/netty-codec-4.1.30.Final.jar:/home/user/.m2/repository/io/netty/netty-handler/4.1.30.Final/netty-handler-4.1.30.Final.jar:/home/user/.m2/repository/io/netty/netty-handler-proxy/4.1.30.Final/netty-handler-proxy-4.1.30.Final.jar:/home/user/.m2/repository/io/netty/netty-codec-socks/4.1.30.Final/netty-codec-socks-4.1.30.Final.jar:/home/user/.m2/repository/io/netty/netty-transport-native-epoll/4.1.30.Final/netty-transport-native-epoll-4.1.30.Final.jar:/home/user/.m2/repository/io/netty/netty-common/4.1.30.Final/netty-common-4.1.30.Final.jar:/home/user/.m2/repository/io/netty/netty-buffer/4.1.30.Final/netty-buffer-4.1.30.Final.jar:/home/user/.m2/repository/io/netty/netty-transport/4.1.30.Final/netty-transport-4.1.30.Final.jar:/home/user/.m2/repository/io/netty/netty-resolver/4.1.30.Final/netty-resolver-4.1.30.Final.jar:/home/user/.m2/repository/io/netty/netty-transport-native-unix-common/4.1.30.Final/netty-transport-native-unix-common-4.1.30.Final.jar:/home/user/.m2/repository/io/grpc/grpc-protobuf/1.17.1/grpc-protobuf-1.17.1.jar:/home/user/.m2/repository/com/google/api/grpc/proto-google-common-protos/1.0.0/proto-google-common-protos-1.0.0.jar:/home/user/.m2/repository/io/grpc/grpc-protobuf-lite/1.17.1/grpc-protobuf-lite-1.17.1.jar:/home/user/.m2/repository/io/grpc/grpc-stub/1.17.1/grpc-stub-1.17.1.jar:/home/user/.m2/repository/org/apache/hadoop/hadoop-ozone-recon/0.5.0-SNAPSHOT/hadoop-ozone-recon-0.5.0-SNAPSHOT.jar:/home/user/.m2/repository/org/apache/hadoop/hadoop-ozone-reconcodegen/0.5.0-SNAPSHOT/hadoop-ozone-reconcodegen-0.5.0-SNAPSHOT.jar:/home/user/.m2/repository/com/google/inject/extensions/guice-multibindings/4.0/guice-multibindings-4.0.jar:/home/user/.m2/repository/com/google/inject/guice/4.0/guice-4.0.jar:/home/user/.m2/repository/aopalliance/aopalliance/1.0/aopalliance-1.0.jar:/home/user/.m2/repository/org/glassfish/jersey/containers/jersey-container-servlet/2.27/jersey-container-servlet-2.27.jar:/home/user/.m2/repository/org/glassfish/hk2/guice-bridge/2.5.0/guice-bridge-2.5.0.jar:/home/user/.m2/repository/org/glassfish/jersey/core/jersey-server/2.27/jersey-server-2.27.jar:/home/user/.m2/repository/org/glassfish/jersey/core/jersey-client/2.27/jersey-client-2.27.jar:/home/user/.m2/repository/org/glassfish/jersey/media/jersey-media-jaxb/2.27/jersey-media-jaxb-2.27.jar:/home/user/.m2/repository/javax/validation/validation-api/1.1.0.Final/validation-api-1.1.0.Final.jar:/home/user/.m2/repository/org/glassfish/jersey/media/jersey-media-json-jackson/2.27/jersey-media-json-jackson-2.27.jar:/home/user/.m2/repository/org/glassfish/jersey/ext/jersey-entity-filtering/2.27/jersey-entity-filtering-2.27.jar:/home/user/.m2/repository/com/google/inject/extensions/guice-assistedinject/4.0/guice-assistedinject-4.0.jar:/home/user/.m2/repository/org/jooq/jooq/3.11.10/jooq-3.11.10.jar:/home/user/.m2/repository/org/jooq/jooq-meta/3.11.10/jooq-meta-3.11.10.jar:/home/user/.m2/repository/org/jooq/jooq-codegen/3.11.10/jooq-codegen-3.11.10.jar:/home/user/.m2/repository/com/jolbox/bonecp/0.8.0.RELEASE/bonecp-0.8.0.RELEASE.jar:/home/user/.m2/repository/org/springframework/spring-jdbc/5.1.3.RELEASE/spring-jdbc-5.1.3.RELEASE.jar:/home/user/.m2/repository/org/springframework/spring-beans/5.1.3.RELEASE/spring-beans-5.1.3.RELEASE.jar:/home/user/.m2/repository/org/springframework/spring-core/5.1.3.RELEASE/spring-core-5.1.3.RELEASE.jar:/home/user/.m2/repository/org/springframework/spring-jcl/5.1.3.RELEASE/spring-jcl-5.1.3.RELEASE.jar:/home/user/.m2/repository/org/springframework/spring-tx/5.1.3.RELEASE/spring-tx-5.1.3.RELEASE.jar:/home/user/.m2/repository/org/mockito/mockito-all/1.10.19/mockito-all-1.10.19.jar:/home/user/.m2/repository/junit/junit/4.11/junit-4.11.jar:/home/user/.m2/repository/org/hamcrest/hamcrest-core/1.3/hamcrest-core-1.3.jar:/home/user/.m2/repository/org/apache/hadoop/hadoop-distcp/3.2.0/hadoop-distcp-3.2.0.jar:/home/user/.m2/repository/org/apache/hadoop/hadoop-distcp/3.2.0/hadoop-distcp-3.2.0-tests.jar:/home/user/.m2/repository/org/apache/hadoop/hadoop-mapreduce-client-jobclient/3.2.0/hadoop-mapreduce-client-jobclient-3.2.0.jar:/home/user/.m2/repository/org/apache/hadoop/hadoop-mapreduce-client-common/3.2.0/hadoop-mapreduce-client-common-3.2.0.jar:/home/user/.m2/repository/org/apache/hadoop/hadoop-yarn-common/3.2.0/hadoop-yarn-common-3.2.0.jar:/home/user/.m2/repository/org/apache/hadoop/hadoop-yarn-api/3.2.0/hadoop-yarn-api-3.2.0.jar:/home/user/.m2/repository/com/sun/jersey/jersey-client/1.19/jersey-client-1.19.jar:/home/user/.m2/repository/com/sun/jersey/contribs/jersey-guice/1.19/jersey-guice-1.19.jar:/home/user/.m2/repository/com/fasterxml/jackson/jaxrs/jackson-jaxrs-json-provider/2.9.9/jackson-jaxrs-json-provider-2.9.9.jar:/home/user/.m2/repository/com/fasterxml/jackson/jaxrs/jackson-jaxrs-base/2.9.9/jackson-jaxrs-base-2.9.9.jar:/home/user/.m2/repository/org/apache/hadoop/hadoop-yarn-client/3.2.0/hadoop-yarn-client-3.2.0.jar:/home/user/.m2/repository/org/apache/hadoop/hadoop-mapreduce-client-core/3.2.0/hadoop-mapreduce-client-core-3.2.0.jar:/home/user/.m2/repository/com/google/inject/extensions/guice-servlet/4.0/guice-servlet-4.0.jar:/home/user/.m2/repository/org/powermock/powermock-module-junit4/1.6.5/powermock-module-junit4-1.6.5.jar:/home/user/.m2/repository/org/powermock/powermock-module-junit4-common/1.6.5/powermock-module-junit4-common-1.6.5.jar:/home/user/.m2/repository/org/powermock/powermock-core/1.6.5/powermock-core-1.6.5.jar:/home/user/.m2/repository/org/powermock/powermock-reflect/1.6.5/powermock-reflect-1.6.5.jar:/home/user/.m2/repository/org/powermock/powermock-api-mockito/1.6.5/powermock-api-mockito-1.6.5.jar:/home/user/.m2/repository/org/mockito/mockito-core/1.10.19/mockito-core-1.10.19.jar:/home/user/.m2/repository/org/objenesis/objenesis/1.0/objenesis-1.0.jar:/home/user/.m2/repository/org/powermock/powermock-api-mockito-common/1.6.5/powermock-api-mockito-common-1.6.5.jar:/home/user/.m2/repository/org/powermock/powermock-api-support/1.6.5/powermock-api-support-1.6.5.jar:"/>
    <property name="java.vm.vendor" value="Oracle Corporation"/>
    <property name="sun.arch.data.model" value="64"/>
    <property name="test.build.dir" value="/workdir/hadoop-ozone/ozonefs/target/test-dir"/>
    <property name="test.cache.data" value=""/>
    <property name="java.vendor.url" value="http://java.oracle.com/"/>
    <property name="user.timezone" value=""/>
    <property name="java.vm.specification.version" value="1.8"/>
    <property name="os.name" value="Linux"/>
    <property name="test.build.data" value="/workdir/hadoop-ozone/ozonefs/target/test-dir"/>
    <property name="user.country" value="US"/>
    <property name="sun.java.launcher" value="SUN_STANDARD"/>
    <property name="sun.boot.library.path" value="/usr/lib/jvm/java-1.8.0-openjdk-1.8.0.222.b10-1.el7_7.x86_64/jre/lib/amd64"/>
    <property name="sun.java.command" value="/workdir/hadoop-ozone/ozonefs/target/surefire/surefirebooter4184556565659631093.jar /workdir/hadoop-ozone/ozonefs/target/surefire 2019-10-16T20-30-50_744-jvmRun1 surefire1690369170426517083tmp surefire_892926542783276808011tmp"/>
    <property name="surefire.test.class.path" value="/workdir/hadoop-ozone/ozonefs/target/test-classes:/workdir/hadoop-ozone/ozonefs/target/classes:/home/user/.m2/repository/org/apache/hadoop/hadoop-common/3.2.0/hadoop-common-3.2.0.jar:/home/user/.m2/repository/org/apache/hadoop/hadoop-annotations/3.2.0/hadoop-annotations-3.2.0.jar:/usr/lib/jvm/java-1.8.0-openjdk-1.8.0.222.b10-1.el7_7.x86_64/jre/../lib/tools.jar:/home/user/.m2/repository/com/google/guava/guava/11.0.2/guava-11.0.2.jar:/home/user/.m2/repository/commons-cli/commons-cli/1.2/commons-cli-1.2.jar:/home/user/.m2/repository/org/apache/commons/commons-math3/3.1.1/commons-math3-3.1.1.jar:/home/user/.m2/repository/commons-codec/commons-codec/1.11/commons-codec-1.11.jar:/home/user/.m2/repository/commons-io/commons-io/2.5/commons-io-2.5.jar:/home/user/.m2/repository/commons-net/commons-net/3.6/commons-net-3.6.jar:/home/user/.m2/repository/commons-collections/commons-collections/3.2.2/commons-collections-3.2.2.jar:/home/user/.m2/repository/javax/servlet/javax.servlet-api/3.1.0/javax.servlet-api-3.1.0.jar:/home/user/.m2/repository/org/eclipse/jetty/jetty-server/9.3.25.v20180904/jetty-server-9.3.25.v20180904.jar:/home/user/.m2/repository/org/eclipse/jetty/jetty-http/9.3.25.v20180904/jetty-http-9.3.25.v20180904.jar:/home/user/.m2/repository/org/eclipse/jetty/jetty-io/9.3.25.v20180904/jetty-io-9.3.25.v20180904.jar:/home/user/.m2/repository/org/eclipse/jetty/jetty-util/9.3.25.v20180904/jetty-util-9.3.25.v20180904.jar:/home/user/.m2/repository/org/eclipse/jetty/jetty-servlet/9.3.25.v20180904/jetty-servlet-9.3.25.v20180904.jar:/home/user/.m2/repository/org/eclipse/jetty/jetty-security/9.3.25.v20180904/jetty-security-9.3.25.v20180904.jar:/home/user/.m2/repository/org/eclipse/jetty/jetty-webapp/9.3.25.v20180904/jetty-webapp-9.3.25.v20180904.jar:/home/user/.m2/repository/org/eclipse/jetty/jetty-xml/9.3.25.v20180904/jetty-xml-9.3.25.v20180904.jar:/home/user/.m2/repository/javax/servlet/jsp/jsp-api/2.1/jsp-api-2.1.jar:/home/user/.m2/repository/com/sun/jersey/jersey-core/1.19/jersey-core-1.19.jar:/home/user/.m2/repository/javax/ws/rs/jsr311-api/1.1.1/jsr311-api-1.1.1.jar:/home/user/.m2/repository/com/sun/jersey/jersey-servlet/1.19/jersey-servlet-1.19.jar:/home/user/.m2/repository/com/sun/jersey/jersey-json/1.19/jersey-json-1.19.jar:/home/user/.m2/repository/org/codehaus/jettison/jettison/1.1/jettison-1.1.jar:/home/user/.m2/repository/com/sun/xml/bind/jaxb-impl/2.3.0.1/jaxb-impl-2.3.0.1.jar:/home/user/.m2/repository/org/codehaus/jackson/jackson-core-asl/1.9.13/jackson-core-asl-1.9.13.jar:/home/user/.m2/repository/org/codehaus/jackson/jackson-mapper-asl/1.9.13/jackson-mapper-asl-1.9.13.jar:/home/user/.m2/repository/org/codehaus/jackson/jackson-jaxrs/1.9.13/jackson-jaxrs-1.9.13.jar:/home/user/.m2/repository/org/codehaus/jackson/jackson-xc/1.9.13/jackson-xc-1.9.13.jar:/home/user/.m2/repository/com/sun/jersey/jersey-server/1.19/jersey-server-1.19.jar:/home/user/.m2/repository/commons-logging/commons-logging/1.1.3/commons-logging-1.1.3.jar:/home/user/.m2/repository/log4j/log4j/1.2.17/log4j-1.2.17.jar:/home/user/.m2/repository/commons-beanutils/commons-beanutils/1.9.4/commons-beanutils-1.9.4.jar:/home/user/.m2/repository/org/apache/commons/commons-configuration2/2.1.1/commons-configuration2-2.1.1.jar:/home/user/.m2/repository/org/apache/commons/commons-lang3/3.7/commons-lang3-3.7.jar:/home/user/.m2/repository/org/apache/commons/commons-text/1.4/commons-text-1.4.jar:/home/user/.m2/repository/org/slf4j/slf4j-api/1.7.25/slf4j-api-1.7.25.jar:/home/user/.m2/repository/org/slf4j/slf4j-log4j12/1.7.25/slf4j-log4j12-1.7.25.jar:/home/user/.m2/repository/org/apache/avro/avro/1.7.7/avro-1.7.7.jar:/home/user/.m2/repository/com/thoughtworks/paranamer/paranamer/2.3/paranamer-2.3.jar:/home/user/.m2/repository/org/xerial/snappy/snappy-java/1.0.5/snappy-java-1.0.5.jar:/home/user/.m2/repository/com/google/re2j/re2j/1.1/re2j-1.1.jar:/home/user/.m2/repository/com/google/protobuf/protobuf-java/2.5.0/protobuf-java-2.5.0.jar:/home/user/.m2/repository/com/google/code/gson/gson/2.2.4/gson-2.2.4.jar:/home/user/.m2/repository/org/apache/hadoop/hadoop-auth/3.2.0/hadoop-auth-3.2.0.jar:/home/user/.m2/repository/com/nimbusds/nimbus-jose-jwt/4.41.1/nimbus-jose-jwt-4.41.1.jar:/home/user/.m2/repository/com/github/stephenc/jcip/jcip-annotations/1.0-1/jcip-annotations-1.0-1.jar:/home/user/.m2/repository/net/minidev/json-smart/2.3/json-smart-2.3.jar:/home/user/.m2/repository/net/minidev/accessors-smart/1.2/accessors-smart-1.2.jar:/home/user/.m2/repository/org/apache/curator/curator-framework/2.12.0/curator-framework-2.12.0.jar:/home/user/.m2/repository/com/jcraft/jsch/0.1.54/jsch-0.1.54.jar:/home/user/.m2/repository/org/apache/curator/curator-client/2.12.0/curator-client-2.12.0.jar:/home/user/.m2/repository/org/apache/curator/curator-recipes/2.12.0/curator-recipes-2.12.0.jar:/home/user/.m2/repository/com/google/code/findbugs/jsr305/3.0.0/jsr305-3.0.0.jar:/home/user/.m2/repository/org/apache/htrace/htrace-core4/4.1.0-incubating/htrace-core4-4.1.0-incubating.jar:/home/user/.m2/repository/org/apache/zookeeper/zookeeper/3.4.13/zookeeper-3.4.13.jar:/home/user/.m2/repository/jline/jline/0.9.94/jline-0.9.94.jar:/home/user/.m2/repository/org/apache/yetus/audience-annotations/0.5.0/audience-annotations-0.5.0.jar:/home/user/.m2/repository/org/apache/commons/commons-compress/1.4.1/commons-compress-1.4.1.jar:/home/user/.m2/repository/org/tukaani/xz/1.0/xz-1.0.jar:/home/user/.m2/repository/org/apache/kerby/kerb-simplekdc/1.0.1/kerb-simplekdc-1.0.1.jar:/home/user/.m2/repository/org/apache/kerby/kerb-client/1.0.1/kerb-client-1.0.1.jar:/home/user/.m2/repository/org/apache/kerby/kerby-config/1.0.1/kerby-config-1.0.1.jar:/home/user/.m2/repository/org/apache/kerby/kerb-core/1.0.1/kerb-core-1.0.1.jar:/home/user/.m2/repository/org/apache/kerby/kerby-pkix/1.0.1/kerby-pkix-1.0.1.jar:/home/user/.m2/repository/org/apache/kerby/kerby-asn1/1.0.1/kerby-asn1-1.0.1.jar:/home/user/.m2/repository/org/apache/kerby/kerby-util/1.0.1/kerby-util-1.0.1.jar:/home/user/.m2/repository/org/apache/kerby/kerb-common/1.0.1/kerb-common-1.0.1.jar:/home/user/.m2/repository/org/apache/kerby/kerb-crypto/1.0.1/kerb-crypto-1.0.1.jar:/home/user/.m2/repository/org/apache/kerby/kerb-util/1.0.1/kerb-util-1.0.1.jar:/home/user/.m2/repository/org/apache/kerby/token-provider/1.0.1/token-provider-1.0.1.jar:/home/user/.m2/repository/org/apache/kerby/kerb-admin/1.0.1/kerb-admin-1.0.1.jar:/home/user/.m2/repository/org/apache/kerby/kerb-server/1.0.1/kerb-server-1.0.1.jar:/home/user/.m2/repository/org/apache/kerby/kerb-identity/1.0.1/kerb-identity-1.0.1.jar:/home/user/.m2/repository/org/apache/kerby/kerby-xdr/1.0.1/kerby-xdr-1.0.1.jar:/home/user/.m2/repository/com/fasterxml/jackson/core/jackson-databind/2.9.9/jackson-databind-2.9.9.jar:/home/user/.m2/repository/com/fasterxml/jackson/core/jackson-annotations/2.9.9/jackson-annotations-2.9.9.jar:/home/user/.m2/repository/com/fasterxml/jackson/core/jackson-core/2.9.9/jackson-core-2.9.9.jar:/home/user/.m2/repository/org/codehaus/woodstox/stax2-api/3.1.4/stax2-api-3.1.4.jar:/home/user/.m2/repository/com/fasterxml/woodstox/woodstox-core/5.0.3/woodstox-core-5.0.3.jar:/home/user/.m2/repository/dnsjava/dnsjava/2.1.7/dnsjava-2.1.7.jar:/home/user/.m2/repository/org/apache/hadoop/hadoop-hdfs/3.2.0/hadoop-hdfs-3.2.0.jar:/home/user/.m2/repository/org/eclipse/jetty/jetty-util-ajax/9.3.25.v20180904/jetty-util-ajax-9.3.25.v20180904.jar:/home/user/.m2/repository/commons-daemon/commons-daemon/1.0.13/commons-daemon-1.0.13.jar:/home/user/.m2/repository/io/netty/netty/3.10.5.Final/netty-3.10.5.Final.jar:/home/user/.m2/repository/io/netty/netty-all/4.0.52.Final/netty-all-4.0.52.Final.jar:/home/user/.m2/repository/org/fusesource/leveldbjni/leveldbjni-all/1.8/leveldbjni-all-1.8.jar:/home/user/.m2/repository/org/apache/hadoop/hadoop-hdds-common/0.5.0-SNAPSHOT/hadoop-hdds-common-0.5.0-SNAPSHOT.jar:/home/user/.m2/repository/org/apache/hadoop/hadoop-hdds-config/0.5.0-SNAPSHOT/hadoop-hdds-config-0.5.0-SNAPSHOT.jar:/home/user/.m2/repository/javax/annotation/javax.annotation-api/1.2/javax.annotation-api-1.2.jar:/home/user/.m2/repository/org/apache/ratis/ratis-server/0.5.0-3f446aa-SNAPSHOT/ratis-server-0.5.0-3f446aa-SNAPSHOT.jar:/home/user/.m2/repository/org/apache/ratis/ratis-thirdparty-misc/0.2.0/ratis-thirdparty-misc-0.2.0.jar:/home/user/.m2/repository/org/apache/ratis/ratis-proto/0.5.0-3f446aa-SNAPSHOT/ratis-proto-0.5.0-3f446aa-SNAPSHOT.jar:/home/user/.m2/repository/org/apache/ratis/ratis-common/0.5.0-3f446aa-SNAPSHOT/ratis-common-0.5.0-3f446aa-SNAPSHOT.jar:/home/user/.m2/repository/org/apache/ratis/ratis-client/0.5.0-3f446aa-SNAPSHOT/ratis-client-0.5.0-3f446aa-SNAPSHOT.jar:/home/user/.m2/repository/org/apache/ratis/ratis-metrics/0.5.0-3f446aa-SNAPSHOT/ratis-metrics-0.5.0-3f446aa-SNAPSHOT.jar:/home/user/.m2/repository/com/github/joshelser/dropwizard-metrics-hadoop-metrics2-reporter/0.1.2/dropwizard-metrics-hadoop-metrics2-reporter-0.1.2.jar:/home/user/.m2/repository/io/dropwizard/metrics/metrics-jvm/3.2.5/metrics-jvm-3.2.5.jar:/home/user/.m2/repository/io/dropwizard/metrics/metrics-ganglia/3.2.5/metrics-ganglia-3.2.5.jar:/home/user/.m2/repository/info/ganglia/gmetric4j/gmetric4j/1.0.7/gmetric4j-1.0.7.jar:/home/user/.m2/repository/org/apache/ratis/ratis-netty/0.5.0-3f446aa-SNAPSHOT/ratis-netty-0.5.0-3f446aa-SNAPSHOT.jar:/home/user/.m2/repository/org/apache/ratis/ratis-grpc/0.5.0-3f446aa-SNAPSHOT/ratis-grpc-0.5.0-3f446aa-SNAPSHOT.jar:/home/user/.m2/repository/org/rocksdb/rocksdbjni/6.0.1/rocksdbjni-6.0.1.jar:/home/user/.m2/repository/org/apache/logging/log4j/log4j-api/2.11.0/log4j-api-2.11.0.jar:/home/user/.m2/repository/org/apache/logging/log4j/log4j-core/2.11.0/log4j-core-2.11.0.jar:/home/user/.m2/repository/com/lmax/disruptor/3.4.2/disruptor-3.4.2.jar:/home/user/.m2/repository/org/apache/commons/commons-pool2/2.6.0/commons-pool2-2.6.0.jar:/home/user/.m2/repository/org/bouncycastle/bcpkix-jdk15on/1.60/bcpkix-jdk15on-1.60.jar:/home/user/.m2/repository/commons-validator/commons-validator/1.6/commons-validator-1.6.jar:/home/user/.m2/repository/commons-digester/commons-digester/1.8.1/commons-digester-1.8.1.jar:/home/user/.m2/repository/io/jaegertracing/jaeger-client/0.34.0/jaeger-client-0.34.0.jar:/home/user/.m2/repository/io/jaegertracing/jaeger-thrift/0.34.0/jaeger-thrift-0.34.0.jar:/home/user/.m2/repository/org/apache/thrift/libthrift/0.12.0/libthrift-0.12.0.jar:/home/user/.m2/repository/com/squareup/okhttp3/okhttp/3.9.0/okhttp-3.9.0.jar:/home/user/.m2/repository/com/squareup/okio/okio/1.13.0/okio-1.13.0.jar:/home/user/.m2/repository/io/jaegertracing/jaeger-core/0.34.0/jaeger-core-0.34.0.jar:/home/user/.m2/repository/io/jaegertracing/jaeger-tracerresolver/0.34.0/jaeger-tracerresolver-0.34.0.jar:/home/user/.m2/repository/io/opentracing/contrib/opentracing-tracerresolver/0.1.5/opentracing-tracerresolver-0.1.5.jar:/home/user/.m2/repository/io/opentracing/opentracing-util/0.31.0/opentracing-util-0.31.0.jar:/home/user/.m2/repository/io/opentracing/opentracing-api/0.31.0/opentracing-api-0.31.0.jar:/home/user/.m2/repository/io/opentracing/opentracing-noop/0.31.0/opentracing-noop-0.31.0.jar:/home/user/.m2/repository/org/yaml/snakeyaml/1.16/snakeyaml-1.16.jar:/home/user/.m2/repository/org/apache/hadoop/hadoop-hdfs-client/3.2.0/hadoop-hdfs-client-3.2.0.jar:/home/user/.m2/repository/info/picocli/picocli/3.9.6/picocli-3.9.6.jar:/home/user/.m2/repository/org/apache/hadoop/hadoop-hdds-server-scm/0.5.0-SNAPSHOT/hadoop-hdds-server-scm-0.5.0-SNAPSHOT.jar:/home/user/.m2/repository/org/apache/hadoop/hadoop-hdds-docs/0.5.0-SNAPSHOT/hadoop-hdds-docs-0.5.0-SNAPSHOT.jar:/home/user/.m2/repository/io/dropwizard/metrics/metrics-core/3.2.4/metrics-core-3.2.4.jar:/home/user/.m2/repository/org/hamcrest/hamcrest-all/1.3/hamcrest-all-1.3.jar:/home/user/.m2/repository/org/bouncycastle/bcprov-jdk15on/1.60/bcprov-jdk15on-1.60.jar:/home/user/.m2/repository/org/apache/hadoop/hadoop-hdds-server-framework/0.5.0-SNAPSHOT/hadoop-hdds-server-framework-0.5.0-SNAPSHOT.jar:/home/user/.m2/repository/org/apache/hadoop/hadoop-ozone-ozone-manager/0.5.0-SNAPSHOT/hadoop-ozone-ozone-manager-0.5.0-SNAPSHOT.jar:/home/user/.m2/repository/org/apache/hadoop/hadoop-hdds-container-service/0.5.0-SNAPSHOT/hadoop-hdds-container-service-0.5.0-SNAPSHOT.jar:/home/user/.m2/repository/org/apache/hadoop/hadoop-hdds-client/0.5.0-SNAPSHOT/hadoop-hdds-client-0.5.0-SNAPSHOT.jar:/home/user/.m2/repository/org/apache/hadoop/hadoop-ozone-common/0.5.0-SNAPSHOT/hadoop-ozone-common-0.5.0-SNAPSHOT.jar:/home/user/.m2/repository/org/apache/hadoop/hadoop-hdds-tools/0.5.0-SNAPSHOT/hadoop-hdds-tools-0.5.0-SNAPSHOT.jar:/home/user/.m2/repository/org/xerial/sqlite-jdbc/3.25.2/sqlite-jdbc-3.25.2.jar:/home/user/.m2/repository/org/apache/httpcomponents/httpclient/4.5.2/httpclient-4.5.2.jar:/home/user/.m2/repository/org/apache/httpcomponents/httpcore/4.4.4/httpcore-4.4.4.jar:/home/user/.m2/repository/com/github/spotbugs/spotbugs/3.1.12/spotbugs-3.1.12.jar:/home/user/.m2/repository/org/ow2/asm/asm/5.0.4/asm-5.0.4.jar:/home/user/.m2/repository/org/ow2/asm/asm-analysis/7.0/asm-analysis-7.0.jar:/home/user/.m2/repository/org/ow2/asm/asm-commons/7.0/asm-commons-7.0.jar:/home/user/.m2/repository/org/ow2/asm/asm-tree/7.0/asm-tree-7.0.jar:/home/user/.m2/repository/org/ow2/asm/asm-util/7.0/asm-util-7.0.jar:/home/user/.m2/repository/org/apache/bcel/bcel/6.3/bcel-6.3.jar:/home/user/.m2/repository/net/jcip/jcip-annotations/1.0/jcip-annotations-1.0.jar:/home/user/.m2/repository/org/dom4j/dom4j/2.1.1/dom4j-2.1.1.jar:/home/user/.m2/repository/jaxen/jaxen/1.1.6/jaxen-1.1.6.jar:/home/user/.m2/repository/commons-lang/commons-lang/2.6/commons-lang-2.6.jar:/home/user/.m2/repository/com/github/spotbugs/spotbugs-annotations/3.1.12/spotbugs-annotations-3.1.12.jar:/home/user/.m2/repository/org/apache/hadoop/hadoop-common/3.2.0/hadoop-common-3.2.0-tests.jar:/home/user/.m2/repository/org/apache/hadoop/hadoop-ozone-client/0.5.0-SNAPSHOT/hadoop-ozone-client-0.5.0-SNAPSHOT.jar:/home/user/.m2/repository/org/apache/hadoop/hadoop-hdfs/3.2.0/hadoop-hdfs-3.2.0-tests.jar:/workdir/hadoop-ozone/integration-test/target/test-classes:/home/user/.m2/repository/org/apache/hadoop/hadoop-ozone-s3gateway/0.5.0-SNAPSHOT/hadoop-ozone-s3gateway-0.5.0-SNAPSHOT.jar:/home/user/.m2/repository/org/jboss/weld/servlet/weld-servlet/2.4.7.Final/weld-servlet-2.4.7.Final.jar:/home/user/.m2/repository/org/glassfish/jersey/containers/jersey-container-servlet-core/2.27/jersey-container-servlet-core-2.27.jar:/home/user/.m2/repository/org/glassfish/hk2/external/javax.inject/2.5.0-b42/javax.inject-2.5.0-b42.jar:/home/user/.m2/repository/org/glassfish/jersey/core/jersey-common/2.27/jersey-common-2.27.jar:/home/user/.m2/repository/org/glassfish/hk2/osgi-resource-locator/1.0.1/osgi-resource-locator-1.0.1.jar:/home/user/.m2/repository/javax/ws/rs/javax.ws.rs-api/2.1/javax.ws.rs-api-2.1.jar:/home/user/.m2/repository/org/glassfish/jersey/ext/cdi/jersey-cdi1x/2.27/jersey-cdi1x-2.27.jar:/home/user/.m2/repository/org/glassfish/jersey/inject/jersey-hk2/2.27/jersey-hk2-2.27.jar:/home/user/.m2/repository/org/glassfish/hk2/hk2-locator/2.5.0-b42/hk2-locator-2.5.0-b42.jar:/home/user/.m2/repository/org/javassist/javassist/3.22.0-CR2/javassist-3.22.0-CR2.jar:/home/user/.m2/repository/org/glassfish/hk2/hk2-api/2.5.0/hk2-api-2.5.0.jar:/home/user/.m2/repository/org/glassfish/hk2/external/jakarta.inject/2.5.0/jakarta.inject-2.5.0.jar:/home/user/.m2/repository/org/glassfish/hk2/hk2-utils/2.5.0/hk2-utils-2.5.0.jar:/home/user/.m2/repository/jakarta/annotation/jakarta.annotation-api/1.3.4/jakarta.annotation-api-1.3.4.jar:/home/user/.m2/repository/org/glassfish/hk2/external/aopalliance-repackaged/2.5.0/aopalliance-repackaged-2.5.0.jar:/home/user/.m2/repository/com/fasterxml/jackson/dataformat/jackson-dataformat-xml/2.9.0/jackson-dataformat-xml-2.9.0.jar:/home/user/.m2/repository/com/fasterxml/jackson/module/jackson-module-jaxb-annotations/2.9.9/jackson-module-jaxb-annotations-2.9.9.jar:/home/user/.m2/repository/javax/enterprise/cdi-api/1.2/cdi-api-1.2.jar:/home/user/.m2/repository/javax/el/javax.el-api/3.0.0/javax.el-api-3.0.0.jar:/home/user/.m2/repository/javax/interceptor/javax.interceptor-api/1.2/javax.interceptor-api-1.2.jar:/home/user/.m2/repository/javax/inject/javax.inject/1/javax.inject-1.jar:/home/user/.m2/repository/com/sun/xml/bind/jaxb-core/2.3.0.1/jaxb-core-2.3.0.1.jar:/home/user/.m2/repository/javax/xml/bind/jaxb-api/2.3.0/jaxb-api-2.3.0.jar:/home/user/.m2/repository/javax/activation/activation/1.1.1/activation-1.1.1.jar:/home/user/.m2/repository/org/apache/hadoop/hadoop-ozone-csi/0.5.0-SNAPSHOT/hadoop-ozone-csi-0.5.0-SNAPSHOT.jar:/home/user/.m2/repository/com/google/protobuf/protobuf-java-util/3.5.1/protobuf-java-util-3.5.1.jar:/home/user/.m2/repository/io/grpc/grpc-netty/1.17.1/grpc-netty-1.17.1.jar:/home/user/.m2/repository/io/grpc/grpc-core/1.17.1/grpc-core-1.17.1.jar:/home/user/.m2/repository/io/grpc/grpc-context/1.17.1/grpc-context-1.17.1.jar:/home/user/.m2/repository/com/google/errorprone/error_prone_annotations/2.2.0/error_prone_annotations-2.2.0.jar:/home/user/.m2/repository/org/codehaus/mojo/animal-sniffer-annotations/1.17/animal-sniffer-annotations-1.17.jar:/home/user/.m2/repository/io/opencensus/opencensus-api/0.17.0/opencensus-api-0.17.0.jar:/home/user/.m2/repository/io/opencensus/opencensus-contrib-grpc-metrics/0.17.0/opencensus-contrib-grpc-metrics-0.17.0.jar:/home/user/.m2/repository/io/netty/netty-codec-http2/4.1.30.Final/netty-codec-http2-4.1.30.Final.jar:/home/user/.m2/repository/io/netty/netty-codec-http/4.1.30.Final/netty-codec-http-4.1.30.Final.jar:/home/user/.m2/repository/io/netty/netty-codec/4.1.30.Final/netty-codec-4.1.30.Final.jar:/home/user/.m2/repository/io/netty/netty-handler/4.1.30.Final/netty-handler-4.1.30.Final.jar:/home/user/.m2/repository/io/netty/netty-handler-proxy/4.1.30.Final/netty-handler-proxy-4.1.30.Final.jar:/home/user/.m2/repository/io/netty/netty-codec-socks/4.1.30.Final/netty-codec-socks-4.1.30.Final.jar:/home/user/.m2/repository/io/netty/netty-transport-native-epoll/4.1.30.Final/netty-transport-native-epoll-4.1.30.Final.jar:/home/user/.m2/repository/io/netty/netty-common/4.1.30.Final/netty-common-4.1.30.Final.jar:/home/user/.m2/repository/io/netty/netty-buffer/4.1.30.Final/netty-buffer-4.1.30.Final.jar:/home/user/.m2/repository/io/netty/netty-transport/4.1.30.Final/netty-transport-4.1.30.Final.jar:/home/user/.m2/repository/io/netty/netty-resolver/4.1.30.Final/netty-resolver-4.1.30.Final.jar:/home/user/.m2/repository/io/netty/netty-transport-native-unix-common/4.1.30.Final/netty-transport-native-unix-common-4.1.30.Final.jar:/home/user/.m2/repository/io/grpc/grpc-protobuf/1.17.1/grpc-protobuf-1.17.1.jar:/home/user/.m2/repository/com/google/api/grpc/proto-google-common-protos/1.0.0/proto-google-common-protos-1.0.0.jar:/home/user/.m2/repository/io/grpc/grpc-protobuf-lite/1.17.1/grpc-protobuf-lite-1.17.1.jar:/home/user/.m2/repository/io/grpc/grpc-stub/1.17.1/grpc-stub-1.17.1.jar:/home/user/.m2/repository/org/apache/hadoop/hadoop-ozone-recon/0.5.0-SNAPSHOT/hadoop-ozone-recon-0.5.0-SNAPSHOT.jar:/home/user/.m2/repository/org/apache/hadoop/hadoop-ozone-reconcodegen/0.5.0-SNAPSHOT/hadoop-ozone-reconcodegen-0.5.0-SNAPSHOT.jar:/home/user/.m2/repository/com/google/inject/extensions/guice-multibindings/4.0/guice-multibindings-4.0.jar:/home/user/.m2/repository/com/google/inject/guice/4.0/guice-4.0.jar:/home/user/.m2/repository/aopalliance/aopalliance/1.0/aopalliance-1.0.jar:/home/user/.m2/repository/org/glassfish/jersey/containers/jersey-container-servlet/2.27/jersey-container-servlet-2.27.jar:/home/user/.m2/repository/org/glassfish/hk2/guice-bridge/2.5.0/guice-bridge-2.5.0.jar:/home/user/.m2/repository/org/glassfish/jersey/core/jersey-server/2.27/jersey-server-2.27.jar:/home/user/.m2/repository/org/glassfish/jersey/core/jersey-client/2.27/jersey-client-2.27.jar:/home/user/.m2/repository/org/glassfish/jersey/media/jersey-media-jaxb/2.27/jersey-media-jaxb-2.27.jar:/home/user/.m2/repository/javax/validation/validation-api/1.1.0.Final/validation-api-1.1.0.Final.jar:/home/user/.m2/repository/org/glassfish/jersey/media/jersey-media-json-jackson/2.27/jersey-media-json-jackson-2.27.jar:/home/user/.m2/repository/org/glassfish/jersey/ext/jersey-entity-filtering/2.27/jersey-entity-filtering-2.27.jar:/home/user/.m2/repository/com/google/inject/extensions/guice-assistedinject/4.0/guice-assistedinject-4.0.jar:/home/user/.m2/repository/org/jooq/jooq/3.11.10/jooq-3.11.10.jar:/home/user/.m2/repository/org/jooq/jooq-meta/3.11.10/jooq-meta-3.11.10.jar:/home/user/.m2/repository/org/jooq/jooq-codegen/3.11.10/jooq-codegen-3.11.10.jar:/home/user/.m2/repository/com/jolbox/bonecp/0.8.0.RELEASE/bonecp-0.8.0.RELEASE.jar:/home/user/.m2/repository/org/springframework/spring-jdbc/5.1.3.RELEASE/spring-jdbc-5.1.3.RELEASE.jar:/home/user/.m2/repository/org/springframework/spring-beans/5.1.3.RELEASE/spring-beans-5.1.3.RELEASE.jar:/home/user/.m2/repository/org/springframework/spring-core/5.1.3.RELEASE/spring-core-5.1.3.RELEASE.jar:/home/user/.m2/repository/org/springframework/spring-jcl/5.1.3.RELEASE/spring-jcl-5.1.3.RELEASE.jar:/home/user/.m2/repository/org/springframework/spring-tx/5.1.3.RELEASE/spring-tx-5.1.3.RELEASE.jar:/home/user/.m2/repository/org/mockito/mockito-all/1.10.19/mockito-all-1.10.19.jar:/home/user/.m2/repository/junit/junit/4.11/junit-4.11.jar:/home/user/.m2/repository/org/hamcrest/hamcrest-core/1.3/hamcrest-core-1.3.jar:/home/user/.m2/repository/org/apache/hadoop/hadoop-distcp/3.2.0/hadoop-distcp-3.2.0.jar:/home/user/.m2/repository/org/apache/hadoop/hadoop-distcp/3.2.0/hadoop-distcp-3.2.0-tests.jar:/home/user/.m2/repository/org/apache/hadoop/hadoop-mapreduce-client-jobclient/3.2.0/hadoop-mapreduce-client-jobclient-3.2.0.jar:/home/user/.m2/repository/org/apache/hadoop/hadoop-mapreduce-client-common/3.2.0/hadoop-mapreduce-client-common-3.2.0.jar:/home/user/.m2/repository/org/apache/hadoop/hadoop-yarn-common/3.2.0/hadoop-yarn-common-3.2.0.jar:/home/user/.m2/repository/org/apache/hadoop/hadoop-yarn-api/3.2.0/hadoop-yarn-api-3.2.0.jar:/home/user/.m2/repository/com/sun/jersey/jersey-client/1.19/jersey-client-1.19.jar:/home/user/.m2/repository/com/sun/jersey/contribs/jersey-guice/1.19/jersey-guice-1.19.jar:/home/user/.m2/repository/com/fasterxml/jackson/jaxrs/jackson-jaxrs-json-provider/2.9.9/jackson-jaxrs-json-provider-2.9.9.jar:/home/user/.m2/repository/com/fasterxml/jackson/jaxrs/jackson-jaxrs-base/2.9.9/jackson-jaxrs-base-2.9.9.jar:/home/user/.m2/repository/org/apache/hadoop/hadoop-yarn-client/3.2.0/hadoop-yarn-client-3.2.0.jar:/home/user/.m2/repository/org/apache/hadoop/hadoop-mapreduce-client-core/3.2.0/hadoop-mapreduce-client-core-3.2.0.jar:/home/user/.m2/repository/com/google/inject/extensions/guice-servlet/4.0/guice-servlet-4.0.jar:/home/user/.m2/repository/org/powermock/powermock-module-junit4/1.6.5/powermock-module-junit4-1.6.5.jar:/home/user/.m2/repository/org/powermock/powermock-module-junit4-common/1.6.5/powermock-module-junit4-common-1.6.5.jar:/home/user/.m2/repository/org/powermock/powermock-core/1.6.5/powermock-core-1.6.5.jar:/home/user/.m2/repository/org/powermock/powermock-reflect/1.6.5/powermock-reflect-1.6.5.jar:/home/user/.m2/repository/org/powermock/powermock-api-mockito/1.6.5/powermock-api-mockito-1.6.5.jar:/home/user/.m2/repository/org/mockito/mockito-core/1.10.19/mockito-core-1.10.19.jar:/home/user/.m2/repository/org/objenesis/objenesis/1.0/objenesis-1.0.jar:/home/user/.m2/repository/org/powermock/powermock-api-mockito-common/1.6.5/powermock-api-mockito-common-1.6.5.jar:/home/user/.m2/repository/org/powermock/powermock-api-support/1.6.5/powermock-api-support-1.6.5.jar:"/>
    <property name="sun.cpu.endian" value="little"/>
    <property name="user.home" value="/home/user"/>
    <property name="user.language" value="en"/>
    <property name="java.specification.vendor" value="Oracle Corporation"/>
    <property name="java.home" value="/usr/lib/jvm/java-1.8.0-openjdk-1.8.0.222.b10-1.el7_7.x86_64/jre"/>
    <property name="surefire.excludesFile" value="/tools/ozone-bad-unit-tests"/>
    <property name="java.security.krb5.conf" value="/workdir/hadoop-ozone/ozonefs/target/test-classes/krb5.conf"/>
    <property name="basedir" value="/workdir/hadoop-ozone/ozonefs"/>
    <property name="file.separator" value="/"/>
    <property name="line.separator" value="&#10;"/>
    <property name="java.vm.specification.vendor" value="Oracle Corporation"/>
    <property name="java.specification.name" value="Java Platform API Specification"/>
    <property name="java.awt.graphicsenv" value="sun.awt.X11GraphicsEnvironment"/>
    <property name="surefire.real.class.path" value="/workdir/hadoop-ozone/ozonefs/target/surefire/surefirebooter4184556565659631093.jar"/>
    <property name="hadoop.log.dir" value="/workdir/hadoop-ozone/ozonefs/target/log"/>
    <property name="sun.boot.class.path" value="/usr/lib/jvm/java-1.8.0-openjdk-1.8.0.222.b10-1.el7_7.x86_64/jre/lib/resources.jar:/usr/lib/jvm/java-1.8.0-openjdk-1.8.0.222.b10-1.el7_7.x86_64/jre/lib/rt.jar:/usr/lib/jvm/java-1.8.0-openjdk-1.8.0.222.b10-1.el7_7.x86_64/jre/lib/sunrsasign.jar:/usr/lib/jvm/java-1.8.0-openjdk-1.8.0.222.b10-1.el7_7.x86_64/jre/lib/jsse.jar:/usr/lib/jvm/java-1.8.0-openjdk-1.8.0.222.b10-1.el7_7.x86_64/jre/lib/jce.jar:/usr/lib/jvm/java-1.8.0-openjdk-1.8.0.222.b10-1.el7_7.x86_64/jre/lib/charsets.jar:/usr/lib/jvm/java-1.8.0-openjdk-1.8.0.222.b10-1.el7_7.x86_64/jre/lib/jfr.jar:/usr/lib/jvm/java-1.8.0-openjdk-1.8.0.222.b10-1.el7_7.x86_64/jre/classes"/>
    <property name="sun.management.compiler" value="HotSpot 64-Bit Tiered Compilers"/>
    <property name="java.runtime.version" value="1.8.0_222-b10"/>
    <property name="java.net.preferIPv4Stack" value="true"/>
    <property name="user.name" value="jenkins1000"/>
    <property name="path.separator" value=":"/>
    <property name="java.security.egd" value="file:///dev/urandom"/>
    <property name="os.version" value="3.10.0-957.12.2.el7.x86_64"/>
    <property name="java.endorsed.dirs" value="/usr/lib/jvm/java-1.8.0-openjdk-1.8.0.222.b10-1.el7_7.x86_64/jre/lib/endorsed"/>
    <property name="java.runtime.name" value="OpenJDK Runtime Environment"/>
    <property name="file.encoding" value="ANSI_X3.4-1968"/>
    <property name="java.vm.name" value="OpenJDK 64-Bit Server VM"/>
    <property name="test.build.webapps" value=""/>
    <property name="localRepository" value="/home/user/.m2/repository"/>
    <property name="java.vendor.url.bug" value="http://bugreport.sun.com/bugreport/"/>
    <property name="java.io.tmpdir" value="/tmp"/>
    <property name="require.test.libhadoop" value=""/>
    <property name="java.version" value="1.8.0_222"/>
    <property name="user.dir" value="/workdir/hadoop-ozone/ozonefs"/>
    <property name="os.arch" value="amd64"/>
    <property name="java.vm.specification.name" value="Java Virtual Machine Specification"/>
    <property name="test.build.classes" value="/workdir/hadoop-ozone/ozonefs/target/test-classes"/>
    <property name="java.awt.printerjob" value="sun.print.PSPrinterJob"/>
    <property name="sun.os.patch.level" value="unknown"/>
    <property name="hadoop.tmp.dir" value="/workdir/hadoop-ozone/ozonefs/target/tmp"/>
    <property name="java.library.path" value="/usr/lib:/workdir/hadoop-ozone/ozonefs/target/native/target/usr/local/lib:/workdir/hadoop-ozone/ozonefs/../../hadoop-common-project/hadoop-common/target/native/target/usr/local/lib:/usr/java/packages/lib/amd64:/usr/lib64:/lib64:/lib:/usr/lib"/>
    <property name="java.vm.info" value="mixed mode"/>
    <property name="java.vendor" value="Oracle Corporation"/>
    <property name="java.vm.version" value="25.222-b10"/>
    <property name="java.ext.dirs" value="/usr/lib/jvm/java-1.8.0-openjdk-1.8.0.222.b10-1.el7_7.x86_64/jre/lib/ext:/usr/java/packages/lib/ext"/>
    <property name="sun.io.unicode.encoding" value="UnicodeLittle"/>
    <property name="java.class.version" value="52.0"/>
  </properties>
  <testcase name="org.apache.hadoop.fs.ozone.contract.ITestOzoneContractMkdir" classname="org.apache.hadoop.fs.ozone.contract.ITestOzoneContractMkdir" time="81.577">
    <error message="java.util.concurrent.TimeoutException: Timed out waiting for condition. Thread diagnostics:&#10;Timestamp: 2019-10-16 09:53:45,661&#10;&#10;&quot;pool-46-thread-28&quot;  prio=5 tid=434 in Object.wait()&#10;java.lang.Thread.State: WAITING (on object monitor)&#10;        at sun.misc.Unsafe.park(Native Method)&#10;        at java.util.concurrent.locks.LockSupport.park(LockSupport.java:175)&#10;        at java.util.concurrent.locks.AbstractQueuedSynchronizer$ConditionObject.await(AbstractQueuedSynchronizer.java:2039)&#10;        at java.util.concurrent.ArrayBlockingQueue.take(ArrayBlockingQueue.java:403)&#10;        at java.util.concurrent.ThreadPoolExecutor.getTask(ThreadPoolExecutor.java:1074)&#10;        at java.util.concurrent.ThreadPoolExecutor.runWorker(ThreadPoolExecutor.java:1134)&#10;        at java.util.concurrent.ThreadPoolExecutor$Worker.run(ThreadPoolExecutor.java:624)&#10;        at java.lang.Thread.run(Thread.java:748)&#10;&quot;pool-36-thread-40&quot;  prio=5 tid=386 in Object.wait()&#10;java.lang.Thread.State: WAITING (on object monitor)&#10;        at sun.misc.Unsafe.park(Native Method)&#10;        at java.util.concurrent.locks.LockSupport.park(LockSupport.java:175)&#10;        at java.util.concurrent.locks.AbstractQueuedSynchronizer$ConditionObject.await(AbstractQueuedSynchronizer.java:2039)&#10;        at java.util.concurrent.ArrayBlockingQueue.take(ArrayBlockingQueue.java:403)&#10;        at java.util.concurrent.ThreadPoolExecutor.getTask(ThreadPoolExecutor.java:1074)&#10;        at java.util.concurrent.ThreadPoolExecutor.runWorker(ThreadPoolExecutor.java:1134)&#10;        at java.util.concurrent.ThreadPoolExecutor$Worker.run(ThreadPoolExecutor.java:624)&#10;        at java.lang.Thread.run(Thread.java:748)&#10;&quot;IPC Server idle connection scanner for port 46821&quot; daemon prio=5 tid=20 timed_waiting&#10;java.lang.Thread.State: TIMED_WAITING&#10;        at java.lang.Object.wait(Native Method)&#10;        at java.util.TimerThread.mainLoop(Timer.java:552)&#10;        at java.util.TimerThread.run(Timer.java:505)&#10;&quot;Datanode ReportManager Thread - 2&quot; daemon prio=5 tid=281 in Object.wait()&#10;java.lang.Thread.State: WAITING (on object monitor)&#10;        at sun.misc.Unsafe.park(Native Method)&#10;        at java.util.concurrent.locks.LockSupport.park(LockSupport.java:175)&#10;        at java.util.concurrent.locks.AbstractQueuedSynchronizer$ConditionObject.await(AbstractQueuedSynchronizer.java:2039)&#10;        at java.util.concurrent.ScheduledThreadPoolExecutor$DelayedWorkQueue.take(ScheduledThreadPoolExecutor.java:1088)&#10;        at java.util.concurrent.ScheduledThreadPoolExecutor$DelayedWorkQueue.take(ScheduledThreadPoolExecutor.java:809)&#10;        at java.util.concurrent.ThreadPoolExecutor.getTask(ThreadPoolExecutor.java:1074)&#10;        at java.util.concurrent.ThreadPoolExecutor.runWorker(ThreadPoolExecutor.java:1134)&#10;        at java.util.concurrent.ThreadPoolExecutor$Worker.run(ThreadPoolExecutor.java:624)&#10;        at java.lang.Thread.run(Thread.java:748)&#10;&quot;org.eclipse.jetty.server.session.HashSessionManager@6f911326Timer&quot; daemon prio=5 tid=250 timed_waiting&#10;java.lang.Thread.State: TIMED_WAITING&#10;        at sun.misc.Unsafe.park(Native Method)&#10;        at java.util.concurrent.locks.LockSupport.parkNanos(LockSupport.java:215)&#10;        at java.util.concurrent.locks.AbstractQueuedSynchronizer$ConditionObject.awaitNanos(AbstractQueuedSynchronizer.java:2078)&#10;        at java.util.concurrent.ScheduledThreadPoolExecutor$DelayedWorkQueue.take(ScheduledThreadPoolExecutor.java:1093)&#10;        at java.util.concurrent.ScheduledThreadPoolExecutor$DelayedWorkQueue.take(ScheduledThreadPoolExecutor.java:809)&#10;        at java.util.concurrent.ThreadPoolExecutor.getTask(ThreadPoolExecutor.java:1074)&#10;        at java.util.concurrent.ThreadPoolExecutor.runWorker(ThreadPoolExecutor.java:1134)&#10;        at java.util.concurrent.ThreadPoolExecutor$Worker.run(ThreadPoolExecutor.java:624)&#10;        at java.lang.Thread.run(Thread.java:748)&#10;&quot;org.eclipse.jetty.server.session.HashSessionManager@677dbd89Timer&quot; daemon prio=5 tid=98 timed_waiting&#10;java.lang.Thread.State: TIMED_WAITING&#10;        at sun.misc.Unsafe.park(Native Method)&#10;        at java.util.concurrent.locks.LockSupport.parkNanos(LockSupport.java:215)&#10;        at java.util.concurrent.locks.AbstractQueuedSynchronizer$ConditionObject.awaitNanos(AbstractQueuedSynchronizer.java:2078)&#10;        at java.util.concurrent.ScheduledThreadPoolExecutor$DelayedWorkQueue.take(ScheduledThreadPoolExecutor.java:1093)&#10;        at java.util.concurrent.ScheduledThreadPoolExecutor$DelayedWorkQueue.take(ScheduledThreadPoolExecutor.java:809)&#10;        at java.util.concurrent.ThreadPoolExecutor.getTask(ThreadPoolExecutor.java:1074)&#10;        at java.util.concurrent.ThreadPoolExecutor.runWorker(ThreadPoolExecutor.java:1134)&#10;        at java.util.concurrent.ThreadPoolExecutor$Worker.run(ThreadPoolExecutor.java:624)&#10;        at java.lang.Thread.run(Thread.java:748)&#10;&quot;pool-46-thread-57&quot;  prio=5 tid=463 in Object.wait()&#10;java.lang.Thread.State: WAITING (on object monitor)&#10;        at sun.misc.Unsafe.park(Native Method)&#10;        at java.util.concurrent.locks.LockSupport.park(LockSupport.java:175)&#10;        at java.util.concurrent.locks.AbstractQueuedSynchronizer$ConditionObject.await(AbstractQueuedSynchronizer.java:2039)&#10;        at java.util.concurrent.ArrayBlockingQueue.take(ArrayBlockingQueue.java:403)&#10;        at java.util.concurrent.ThreadPoolExecutor.getTask(ThreadPoolExecutor.java:1074)&#10;        at java.util.concurrent.ThreadPoolExecutor.runWorker(ThreadPoolExecutor.java:1134)&#10;        at java.util.concurrent.ThreadPoolExecutor$Worker.run(ThreadPoolExecutor.java:624)&#10;        at java.lang.Thread.run(Thread.java:748)&#10;&quot;refreshUsed-/workdir/hadoop-ozone/ozonefs/target/test-dir/MiniOzoneClusterImpl-d26aec2b-09c1-4f88-9204-0bb43e71ee01/datanode-2/data/containers&quot; daemon prio=5 tid=208 timed_waiting&#10;java.lang.Thread.State: TIMED_WAITING&#10;        at java.lang.Thread.sleep(Native Method)&#10;        at org.apache.hadoop.fs.CachingGetSpaceUsed$RefreshThread.run(CachingGetSpaceUsed.java:179)&#10;        at java.lang.Thread.run(Thread.java:748)&#10;&quot;pool-56-thread-41&quot;  prio=5 tid=514 in Object.wait()&#10;java.lang.Thread.State: WAITING (on object monitor)&#10;        at sun.misc.Unsafe.park(Native Method)&#10;        at java.util.concurrent.locks.LockSupport.park(LockSupport.java:175)&#10;        at java.util.concurrent.locks.AbstractQueuedSynchronizer$ConditionObject.await(AbstractQueuedSynchronizer.java:2039)&#10;        at java.util.concurrent.ArrayBlockingQueue.take(ArrayBlockingQueue.java:403)&#10;        at java.util.concurrent.ThreadPoolExecutor.getTask(ThreadPoolExecutor.java:1074)&#10;        at java.util.concurrent.ThreadPoolExecutor.runWorker(ThreadPoolExecutor.java:1134)&#10;        at java.util.concurrent.ThreadPoolExecutor$Worker.run(ThreadPoolExecutor.java:624)&#10;        at java.lang.Thread.run(Thread.java:748)&#10;&quot;qtp1919592808-191&quot; daemon prio=5 tid=191 timed_waiting&#10;java.lang.Thread.State: TIMED_WAITING&#10;        at sun.misc.Unsafe.park(Native Method)&#10;        at java.util.concurrent.locks.LockSupport.parkNanos(LockSupport.java:215)&#10;        at java.util.concurrent.locks.AbstractQueuedSynchronizer$ConditionObject.awaitNanos(AbstractQueuedSynchronizer.java:2078)&#10;        at org.eclipse.jetty.util.BlockingArrayQueue.poll(BlockingArrayQueue.java:392)&#10;        at org.eclipse.jetty.util.thread.QueuedThreadPool.idleJobPoll(QueuedThreadPool.java:563)&#10;        at org.eclipse.jetty.util.thread.QueuedThreadPool.access$800(QueuedThreadPool.java:48)&#10;        at org.eclipse.jetty.util.thread.QueuedThreadPool$2.run(QueuedThreadPool.java:626)&#10;        at java.lang.Thread.run(Thread.java:748)&#10;&quot;pool-56-thread-45&quot;  prio=5 tid=518 in Object.wait()&#10;java.lang.Thread.State: WAITING (on object monitor)&#10;        at sun.misc.Unsafe.park(Native Method)&#10;        at java.util.concurrent.locks.LockSupport.park(LockSupport.java:175)&#10;        at java.util.concurrent.locks.AbstractQueuedSynchronizer$ConditionObject.await(AbstractQueuedSynchronizer.java:2039)&#10;        at java.util.concurrent.ArrayBlockingQueue.take(ArrayBlockingQueue.java:403)&#10;        at java.util.concurrent.ThreadPoolExecutor.getTask(ThreadPoolExecutor.java:1074)&#10;        at java.util.concurrent.ThreadPoolExecutor.runWorker(ThreadPoolExecutor.java:1134)&#10;        at java.util.concurrent.ThreadPoolExecutor$Worker.run(ThreadPoolExecutor.java:624)&#10;        at java.lang.Thread.run(Thread.java:748)&#10;&quot;pool-36-thread-22&quot;  prio=5 tid=368 in Object.wait()&#10;java.lang.Thread.State: WAITING (on object monitor)&#10;        at sun.misc.Unsafe.park(Native Method)&#10;        at java.util.concurrent.locks.LockSupport.park(LockSupport.java:175)&#10;        at java.util.concurrent.locks.AbstractQueuedSynchronizer$ConditionObject.await(AbstractQueuedSynchronizer.java:2039)&#10;        at java.util.concurrent.ArrayBlockingQueue.take(ArrayBlockingQueue.java:403)&#10;        at java.util.concurrent.ThreadPoolExecutor.getTask(ThreadPoolExecutor.java:1074)&#10;        at java.util.concurrent.ThreadPoolExecutor.runWorker(ThreadPoolExecutor.java:1134)&#10;        at java.util.concurrent.ThreadPoolExecutor$Worker.run(ThreadPoolExecutor.java:624)&#10;        at java.lang.Thread.run(Thread.java:748)&#10;&quot;IPC Server handler 14 on 40923&quot; daemon prio=5 tid=43 timed_waiting&#10;java.lang.Thread.State: TIMED_WAITING&#10;        at sun.misc.Unsafe.park(Native Method)&#10;        at java.util.concurrent.locks.LockSupport.parkNanos(LockSupport.java:215)&#10;        at java.util.concurrent.locks.AbstractQueuedSynchronizer$ConditionObject.awaitNanos(AbstractQueuedSynchronizer.java:2078)&#10;        at java.util.concurrent.LinkedBlockingQueue.poll(LinkedBlockingQueue.java:467)&#10;        at org.apache.hadoop.ipc.CallQueueManager.take(CallQueueManager.java:288)&#10;        at org.apache.hadoop.ipc.Server$Handler.run(Server.java:2668)&#10;&quot;c5571329-ed88-4dd5-851a-7ef9aaa2970f@group-E11993EF5BE0-SegmentedRaftLogWorker&quot;  prio=5 tid=645 timed_waiting&#10;java.lang.Thread.State: TIMED_WAITING&#10;        at sun.misc.Unsafe.park(Native Method)&#10;        at java.util.concurrent.locks.LockSupport.parkNanos(LockSupport.java:215)&#10;        at java.util.concurrent.locks.AbstractQueuedSynchronizer$ConditionObject.awaitNanos(AbstractQueuedSynchronizer.java:2078)&#10;        at org.apache.ratis.util.DataBlockingQueue.poll(DataBlockingQueue.java:137)&#10;        at org.apache.ratis.server.raftlog.segmented.SegmentedRaftLogWorker.run(SegmentedRaftLogWorker.java:282)&#10;        at java.lang.Thread.run(Thread.java:748)&#10;&quot;pool-56-thread-7&quot;  prio=5 tid=480 in Object.wait()&#10;java.lang.Thread.State: WAITING (on object monitor)&#10;        at sun.misc.Unsafe.park(Native Method)&#10;        at java.util.concurrent.locks.LockSupport.park(LockSupport.java:175)&#10;        at java.util.concurrent.locks.AbstractQueuedSynchronizer$ConditionObject.await(AbstractQueuedSynchronizer.java:2039)&#10;        at java.util.concurrent.ArrayBlockingQueue.take(ArrayBlockingQueue.java:403)&#10;        at java.util.concurrent.ThreadPoolExecutor.getTask(ThreadPoolExecutor.java:1074)&#10;        at java.util.concurrent.ThreadPoolExecutor.runWorker(ThreadPoolExecutor.java:1134)&#10;        at java.util.concurrent.ThreadPoolExecutor$Worker.run(ThreadPoolExecutor.java:624)&#10;        at java.lang.Thread.run(Thread.java:748)&#10;&quot;Datanode State Machine Thread - 0&quot; daemon prio=5 tid=224 timed_waiting&#10;java.lang.Thread.State: TIMED_WAITING&#10;        at java.lang.Thread.sleep(Native Method)&#10;        at org.apache.hadoop.ozone.container.common.statemachine.DatanodeStateMachine.start(DatanodeStateMachine.java:191)&#10;        at org.apache.hadoop.ozone.container.common.statemachine.DatanodeStateMachine.lambda$startDaemon$0(DatanodeStateMachine.java:349)&#10;        at org.apache.hadoop.ozone.container.common.statemachine.DatanodeStateMachine$$Lambda$140/177389135.run(Unknown Source)&#10;        at java.lang.Thread.run(Thread.java:748)&#10;&quot;pool-36-thread-56&quot;  prio=5 tid=402 in Object.wait()&#10;java.lang.Thread.State: WAITING (on object monitor)&#10;        at sun.misc.Unsafe.park(Native Method)&#10;        at java.util.concurrent.locks.LockSupport.park(LockSupport.java:175)&#10;        at java.util.concurrent.locks.AbstractQueuedSynchronizer$ConditionObject.await(AbstractQueuedSynchronizer.java:2039)&#10;        at java.util.concurrent.ArrayBlockingQueue.take(ArrayBlockingQueue.java:403)&#10;        at java.util.concurrent.ThreadPoolExecutor.getTask(ThreadPoolExecutor.java:1074)&#10;        at java.util.concurrent.ThreadPoolExecutor.runWorker(ThreadPoolExecutor.java:1134)&#10;        at java.util.concurrent.ThreadPoolExecutor$Worker.run(ThreadPoolExecutor.java:624)&#10;        at java.lang.Thread.run(Thread.java:748)&#10;&quot;jaeger.RemoteReporter-FlushTimer&quot; daemon prio=5 tid=148 timed_waiting&#10;java.lang.Thread.State: TIMED_WAITING&#10;        at java.lang.Object.wait(Native Method)&#10;        at java.util.TimerThread.mainLoop(Timer.java:552)&#10;        at java.util.TimerThread.run(Timer.java:505)&#10;&quot;qtp1003663195-242&quot; daemon prio=5 tid=242 timed_waiting&#10;java.lang.Thread.State: TIMED_WAITING&#10;        at sun.misc.Unsafe.park(Native Method)&#10;        at java.util.concurrent.locks.LockSupport.parkNanos(LockSupport.java:215)&#10;        at java.util.concurrent.locks.AbstractQueuedSynchronizer$ConditionObject.awaitNanos(AbstractQueuedSynchronizer.java:2078)&#10;        at org.eclipse.jetty.util.BlockingArrayQueue.poll(BlockingArrayQueue.java:392)&#10;        at org.eclipse.jetty.util.thread.QueuedThreadPool.idleJobPoll(QueuedThreadPool.java:563)&#10;        at org.eclipse.jetty.util.thread.QueuedThreadPool.access$800(QueuedThreadPool.java:48)&#10;        at org.eclipse.jetty.util.thread.QueuedThreadPool$2.run(QueuedThreadPool.java:626)&#10;        at java.lang.Thread.run(Thread.java:748)&#10;&quot;qtp1680841335-218&quot; daemon prio=5 tid=218 timed_waiting&#10;java.lang.Thread.State: TIMED_WAITING&#10;        at sun.misc.Unsafe.park(Native Method)&#10;        at java.util.concurrent.locks.LockSupport.parkNanos(LockSupport.java:215)&#10;        at java.util.concurrent.locks.AbstractQueuedSynchronizer$ConditionObject.awaitNanos(AbstractQueuedSynchronizer.java:2078)&#10;        at org.eclipse.jetty.util.BlockingArrayQueue.poll(BlockingArrayQueue.java:392)&#10;        at org.eclipse.jetty.util.thread.QueuedThreadPool.idleJobPoll(QueuedThreadPool.java:563)&#10;        at org.eclipse.jetty.util.thread.QueuedThreadPool.access$800(QueuedThreadPool.java:48)&#10;        at org.eclipse.jetty.util.thread.QueuedThreadPool$2.run(QueuedThreadPool.java:626)&#10;        at java.lang.Thread.run(Thread.java:748)&#10;&quot;pool-36-thread-60&quot;  prio=5 tid=406 in Object.wait()&#10;java.lang.Thread.State: WAITING (on object monitor)&#10;        at sun.misc.Unsafe.park(Native Method)&#10;        at java.util.concurrent.locks.LockSupport.park(LockSupport.java:175)&#10;        at java.util.concurrent.locks.AbstractQueuedSynchronizer$ConditionObject.await(AbstractQueuedSynchronizer.java:2039)&#10;        at java.util.concurrent.ArrayBlockingQueue.take(ArrayBlockingQueue.java:403)&#10;        at java.util.concurrent.ThreadPoolExecutor.getTask(ThreadPoolExecutor.java:1074)&#10;        at java.util.concurrent.ThreadPoolExecutor.runWorker(ThreadPoolExecutor.java:1134)&#10;        at java.util.concurrent.ThreadPoolExecutor$Worker.run(ThreadPoolExecutor.java:624)&#10;        at java.lang.Thread.run(Thread.java:748)&#10;&quot;qtp1919592808-190&quot; daemon prio=5 tid=190 timed_waiting&#10;java.lang.Thread.State: TIMED_WAITING&#10;        at sun.misc.Unsafe.park(Native Method)&#10;        at java.util.concurrent.locks.LockSupport.parkNanos(LockSupport.java:215)&#10;        at java.util.concurrent.locks.AbstractQueuedSynchronizer$ConditionObject.awaitNanos(AbstractQueuedSynchronizer.java:2078)&#10;        at org.eclipse.jetty.util.BlockingArrayQueue.poll(BlockingArrayQueue.java:392)&#10;        at org.eclipse.jetty.util.thread.QueuedThreadPool.idleJobPoll(QueuedThreadPool.java:563)&#10;        at org.eclipse.jetty.util.thread.QueuedThreadPool.access$800(QueuedThreadPool.java:48)&#10;        at org.eclipse.jetty.util.thread.QueuedThreadPool$2.run(QueuedThreadPool.java:626)&#10;        at java.lang.Thread.run(Thread.java:748)&#10;&quot;IPC Server handler 19 on 46821&quot; daemon prio=5 tid=68 timed_waiting&#10;java.lang.Thread.State: TIMED_WAITING&#10;        at sun.misc.Unsafe.park(Native Method)&#10;        at java.util.concurrent.locks.LockSupport.parkNanos(LockSupport.java:215)&#10;        at java.util.concurrent.locks.AbstractQueuedSynchronizer$ConditionObject.awaitNanos(AbstractQueuedSynchronizer.java:2078)&#10;        at java.util.concurrent.LinkedBlockingQueue.poll(LinkedBlockingQueue.java:467)&#10;        at org.apache.hadoop.ipc.CallQueueManager.take(CallQueueManager.java:288)&#10;        at org.apache.hadoop.ipc.Server$Handler.run(Server.java:2668)&#10;&quot;efb933de-cdd8-4d8d-88d2-4c7ffe0dec1a@group-0F9C9D952736-SegmentedRaftLogWorker&quot;  prio=5 tid=614 timed_waiting&#10;java.lang.Thread.State: TIMED_WAITING&#10;        at sun.misc.Unsafe.park(Native Method)&#10;        at java.util.concurrent.locks.LockSupport.parkNanos(LockSupport.java:215)&#10;        at java.util.concurrent.locks.AbstractQueuedSynchronizer$ConditionObject.awaitNanos(AbstractQueuedSynchronizer.java:2078)&#10;        at org.apache.ratis.util.DataBlockingQueue.poll(DataBlockingQueue.java:137)&#10;        at org.apache.ratis.server.raftlog.segmented.SegmentedRaftLogWorker.run(SegmentedRaftLogWorker.java:282)&#10;        at java.lang.Thread.run(Thread.java:748)&#10;&quot;pool-66-thread-48&quot;  prio=5 tid=583 in Object.wait()&#10;java.lang.Thread.State: WAITING (on object monitor)&#10;        at sun.misc.Unsafe.park(Native Method)&#10;        at java.util.concurrent.locks.LockSupport.park(LockSupport.java:175)&#10;        at java.util.concurrent.locks.AbstractQueuedSynchronizer$ConditionObject.await(AbstractQueuedSynchronizer.java:2039)&#10;        at java.util.concurrent.ArrayBlockingQueue.take(ArrayBlockingQueue.java:403)&#10;        at java.util.concurrent.ThreadPoolExecutor.getTask(ThreadPoolExecutor.java:1074)&#10;        at java.util.concurrent.ThreadPoolExecutor.runWorker(ThreadPoolExecutor.java:1134)&#10;        at java.util.concurrent.ThreadPoolExecutor$Worker.run(ThreadPoolExecutor.java:624)&#10;        at java.lang.Thread.run(Thread.java:748)&#10;&quot;pool-66-thread-25&quot;  prio=5 tid=560 in Object.wait()&#10;java.lang.Thread.State: WAITING (on object monitor)&#10;        at sun.misc.Unsafe.park(Native Method)&#10;        at java.util.concurrent.locks.LockSupport.park(LockSupport.java:175)&#10;        at java.util.concurrent.locks.AbstractQueuedSynchronizer$ConditionObject.await(AbstractQueuedSynchronizer.java:2039)&#10;        at java.util.concurrent.ArrayBlockingQueue.take(ArrayBlockingQueue.java:403)&#10;        at java.util.concurrent.ThreadPoolExecutor.getTask(ThreadPoolExecutor.java:1074)&#10;        at java.util.concurrent.ThreadPoolExecutor.runWorker(ThreadPoolExecutor.java:1134)&#10;        at java.util.concurrent.ThreadPoolExecutor$Worker.run(ThreadPoolExecutor.java:624)&#10;        at java.lang.Thread.run(Thread.java:748)&#10;&quot;pool-56-thread-27&quot;  prio=5 tid=500 in Object.wait()&#10;java.lang.Thread.State: WAITING (on object monitor)&#10;        at sun.misc.Unsafe.park(Native Method)&#10;        at java.util.concurrent.locks.LockSupport.park(LockSupport.java:175)&#10;        at java.util.concurrent.locks.AbstractQueuedSynchronizer$ConditionObject.await(AbstractQueuedSynchronizer.java:2039)&#10;        at java.util.concurrent.ArrayBlockingQueue.take(ArrayBlockingQueue.java:403)&#10;        at java.util.concurrent.ThreadPoolExecutor.getTask(ThreadPoolExecutor.java:1074)&#10;        at java.util.concurrent.ThreadPoolExecutor.runWorker(ThreadPoolExecutor.java:1134)&#10;        at java.util.concurrent.ThreadPoolExecutor$Worker.run(ThreadPoolExecutor.java:624)&#10;        at java.lang.Thread.run(Thread.java:748)&#10;&quot;IPC Server handler 18 on 33004&quot; daemon prio=5 tid=87 timed_waiting&#10;java.lang.Thread.State: TIMED_WAITING&#10;        at sun.misc.Unsafe.park(Native Method)&#10;        at java.util.concurrent.locks.LockSupport.parkNanos(LockSupport.java:215)&#10;        at java.util.concurrent.locks.AbstractQueuedSynchronizer$ConditionObject.awaitNanos(AbstractQueuedSynchronizer.java:2078)&#10;        at java.util.concurrent.LinkedBlockingQueue.poll(LinkedBlockingQueue.java:467)&#10;        at org.apache.hadoop.ipc.CallQueueManager.take(CallQueueManager.java:288)&#10;        at org.apache.hadoop.ipc.Server$Handler.run(Server.java:2668)&#10;&quot;pool-66-thread-47&quot;  prio=5 tid=582 in Object.wait()&#10;java.lang.Thread.State: WAITING (on object monitor)&#10;        at sun.misc.Unsafe.park(Native Method)&#10;        at java.util.concurrent.locks.LockSupport.park(LockSupport.java:175)&#10;        at java.util.concurrent.locks.AbstractQueuedSynchronizer$ConditionObject.await(AbstractQueuedSynchronizer.java:2039)&#10;        at java.util.concurrent.ArrayBlockingQueue.take(ArrayBlockingQueue.java:403)&#10;        at java.util.concurrent.ThreadPoolExecutor.getTask(ThreadPoolExecutor.java:1074)&#10;        at java.util.concurrent.ThreadPoolExecutor.runWorker(ThreadPoolExecutor.java:1134)&#10;        at java.util.concurrent.ThreadPoolExecutor$Worker.run(ThreadPoolExecutor.java:624)&#10;        at java.lang.Thread.run(Thread.java:748)&#10;&quot;pool-66-thread-60&quot;  prio=5 tid=595 in Object.wait()&#10;java.lang.Thread.State: WAITING (on object monitor)&#10;        at sun.misc.Unsafe.park(Native Method)&#10;        at java.util.concurrent.locks.LockSupport.park(LockSupport.java:175)&#10;        at java.util.concurrent.locks.AbstractQueuedSynchronizer$ConditionObject.await(AbstractQueuedSynchronizer.java:2039)&#10;        at java.util.concurrent.ArrayBlockingQueue.take(ArrayBlockingQueue.java:403)&#10;        at java.util.concurrent.ThreadPoolExecutor.getTask(ThreadPoolExecutor.java:1074)&#10;        at java.util.concurrent.ThreadPoolExecutor.runWorker(ThreadPoolExecutor.java:1134)&#10;        at java.util.concurrent.ThreadPoolExecutor$Worker.run(ThreadPoolExecutor.java:624)&#10;        at java.lang.Thread.run(Thread.java:748)&#10;&quot;pool-56-thread-23&quot;  prio=5 tid=496 in Object.wait()&#10;java.lang.Thread.State: WAITING (on object monitor)&#10;        at sun.misc.Unsafe.park(Native Method)&#10;        at java.util.concurrent.locks.LockSupport.park(LockSupport.java:175)&#10;        at java.util.concurrent.locks.AbstractQueuedSynchronizer$ConditionObject.await(AbstractQueuedSynchronizer.java:2039)&#10;        at java.util.concurrent.ArrayBlockingQueue.take(ArrayBlockingQueue.java:403)&#10;        at java.util.concurrent.ThreadPoolExecutor.getTask(ThreadPoolExecutor.java:1074)&#10;        at java.util.concurrent.ThreadPoolExecutor.runWorker(ThreadPoolExecutor.java:1134)&#10;        at java.util.concurrent.ThreadPoolExecutor$Worker.run(ThreadPoolExecutor.java:624)&#10;        at java.lang.Thread.run(Thread.java:748)&#10;&quot;IPC Server handler 7 on 35444&quot; daemon prio=5 tid=121 timed_waiting&#10;java.lang.Thread.State: TIMED_WAITING&#10;        at sun.misc.Unsafe.park(Native Method)&#10;        at java.util.concurrent.locks.LockSupport.parkNanos(LockSupport.java:215)&#10;        at java.util.concurrent.locks.AbstractQueuedSynchronizer$ConditionObject.awaitNanos(AbstractQueuedSynchronizer.java:2078)&#10;        at java.util.concurrent.LinkedBlockingQueue.poll(LinkedBlockingQueue.java:467)&#10;        at org.apache.hadoop.ipc.CallQueueManager.take(CallQueueManager.java:288)&#10;        at org.apache.hadoop.ipc.Server$Handler.run(Server.java:2668)&#10;&quot;metrics-hadoop-metrics2-reporter-48-thread-1&quot; daemon prio=5 tid=815 timed_waiting&#10;java.lang.Thread.State: TIMED_WAITING&#10;        at sun.misc.Unsafe.park(Native Method)&#10;        at java.util.concurrent.locks.LockSupport.parkNanos(LockSupport.java:215)&#10;        at java.util.concurrent.locks.AbstractQueuedSynchronizer$ConditionObject.awaitNanos(AbstractQueuedSynchronizer.java:2078)&#10;        at java.util.concurrent.ScheduledThreadPoolExecutor$DelayedWorkQueue.take(ScheduledThreadPoolExecutor.java:1093)&#10;        at java.util.concurrent.ScheduledThreadPoolExecutor$DelayedWorkQueue.take(ScheduledThreadPoolExecutor.java:809)&#10;        at java.util.concurrent.ThreadPoolExecutor.getTask(ThreadPoolExecutor.java:1074)&#10;        at java.util.concurrent.ThreadPoolExecutor.runWorker(ThreadPoolExecutor.java:1134)&#10;        at java.util.concurrent.ThreadPoolExecutor$Worker.run(ThreadPoolExecutor.java:624)&#10;        at java.lang.Thread.run(Thread.java:748)&#10;&quot;org.eclipse.jetty.server.session.HashSessionManager@25ad4f71Timer&quot; daemon prio=5 tid=168 timed_waiting&#10;java.lang.Thread.State: TIMED_WAITING&#10;        at sun.misc.Unsafe.park(Native Method)&#10;        at java.util.concurrent.locks.LockSupport.parkNanos(LockSupport.java:215)&#10;        at java.util.concurrent.locks.AbstractQueuedSynchronizer$ConditionObject.awaitNanos(AbstractQueuedSynchronizer.java:2078)&#10;        at java.util.concurrent.ScheduledThreadPoolExecutor$DelayedWorkQueue.take(ScheduledThreadPoolExecutor.java:1093)&#10;        at java.util.concurrent.ScheduledThreadPoolExecutor$DelayedWorkQueue.take(ScheduledThreadPoolExecutor.java:809)&#10;        at java.util.concurrent.ThreadPoolExecutor.getTask(ThreadPoolExecutor.java:1074)&#10;        at java.util.concurrent.ThreadPoolExecutor.runWorker(ThreadPoolExecutor.java:1134)&#10;        at java.util.concurrent.ThreadPoolExecutor$Worker.run(ThreadPoolExecutor.java:624)&#10;        at java.lang.Thread.run(Thread.java:748)&#10;&quot;metrics-hadoop-metrics2-reporter-5-thread-1&quot; daemon prio=5 tid=625 timed_waiting&#10;java.lang.Thread.State: TIMED_WAITING&#10;        at sun.misc.Unsafe.park(Native Method)&#10;        at java.util.concurrent.locks.LockSupport.parkNanos(LockSupport.java:215)&#10;        at java.util.concurrent.locks.AbstractQueuedSynchronizer$ConditionObject.awaitNanos(AbstractQueuedSynchronizer.java:2078)&#10;        at java.util.concurrent.ScheduledThreadPoolExecutor$DelayedWorkQueue.take(ScheduledThreadPoolExecutor.java:1093)&#10;        at java.util.concurrent.ScheduledThreadPoolExecutor$DelayedWorkQueue.take(ScheduledThreadPoolExecutor.java:809)&#10;        at java.util.concurrent.ThreadPoolExecutor.getTask(ThreadPoolExecutor.java:1074)&#10;        at java.util.concurrent.ThreadPoolExecutor.runWorker(ThreadPoolExecutor.java:1134)&#10;        at java.util.concurrent.ThreadPoolExecutor$Worker.run(ThreadPoolExecutor.java:624)&#10;        at java.lang.Thread.run(Thread.java:748)&#10;&quot;pool-56-thread-3&quot;  prio=5 tid=476 in Object.wait()&#10;java.lang.Thread.State: WAITING (on object monitor)&#10;        at sun.misc.Unsafe.park(Native Method)&#10;        at java.util.concurrent.locks.LockSupport.park(LockSupport.java:175)&#10;        at java.util.concurrent.locks.AbstractQueuedSynchronizer$ConditionObject.await(AbstractQueuedSynchronizer.java:2039)&#10;        at java.util.concurrent.ArrayBlockingQueue.take(ArrayBlockingQueue.java:403)&#10;        at java.util.concurrent.ThreadPoolExecutor.getTask(ThreadPoolExecutor.java:1074)&#10;        at java.util.concurrent.ThreadPoolExecutor.runWorker(ThreadPoolExecutor.java:1134)&#10;        at java.util.concurrent.ThreadPoolExecutor$Worker.run(ThreadPoolExecutor.java:624)&#10;        at java.lang.Thread.run(Thread.java:748)&#10;&quot;metrics-hadoop-metrics2-reporter-27-thread-1&quot; daemon prio=5 tid=683 timed_waiting&#10;java.lang.Thread.State: TIMED_WAITING&#10;        at sun.misc.Unsafe.park(Native Method)&#10;        at java.util.concurrent.locks.LockSupport.parkNanos(LockSupport.java:215)&#10;        at java.util.concurrent.locks.AbstractQueuedSynchronizer$ConditionObject.awaitNanos(AbstractQueuedSynchronizer.java:2078)&#10;        at java.util.concurrent.ScheduledThreadPoolExecutor$DelayedWorkQueue.take(ScheduledThreadPoolExecutor.java:1093)&#10;        at java.util.concurrent.ScheduledThreadPoolExecutor$DelayedWorkQueue.take(ScheduledThreadPoolExecutor.java:809)&#10;        at java.util.concurrent.ThreadPoolExecutor.getTask(ThreadPoolExecutor.java:1074)&#10;        at java.util.concurrent.ThreadPoolExecutor.runWorker(ThreadPoolExecutor.java:1134)&#10;        at java.util.concurrent.ThreadPoolExecutor$Worker.run(ThreadPoolExecutor.java:624)&#10;        at java.lang.Thread.run(Thread.java:748)&#10;&quot;pool-26-thread-29&quot;  prio=5 tid=315 in Object.wait()&#10;java.lang.Thread.State: WAITING (on object monitor)&#10;        at sun.misc.Unsafe.park(Native Method)&#10;        at java.util.concurrent.locks.LockSupport.park(LockSupport.java:175)&#10;        at java.util.concurrent.locks.AbstractQueuedSynchronizer$ConditionObject.await(AbstractQueuedSynchronizer.java:2039)&#10;        at java.util.concurrent.ArrayBlockingQueue.take(ArrayBlockingQueue.java:403)&#10;        at java.util.concurrent.ThreadPoolExecutor.getTask(ThreadPoolExecutor.java:1074)&#10;        at java.util.concurrent.ThreadPoolExecutor.runWorker(ThreadPoolExecutor.java:1134)&#10;        at java.util.concurrent.ThreadPoolExecutor$Worker.run(ThreadPoolExecutor.java:624)&#10;        at java.lang.Thread.run(Thread.java:748)&#10;&quot;IPC Server handler 12 on 33004&quot; daemon prio=5 tid=81 timed_waiting&#10;java.lang.Thread.State: TIMED_WAITING&#10;        at sun.misc.Unsafe.park(Native Method)&#10;        at java.util.concurrent.locks.LockSupport.parkNanos(LockSupport.java:215)&#10;        at java.util.concurrent.locks.AbstractQueuedSynchronizer$ConditionObject.awaitNanos(AbstractQueuedSynchronizer.java:2078)&#10;        at java.util.concurrent.LinkedBlockingQueue.poll(LinkedBlockingQueue.java:467)&#10;        at org.apache.hadoop.ipc.CallQueueManager.take(CallQueueManager.java:288)&#10;        at org.apache.hadoop.ipc.Server$Handler.run(Server.java:2668)&#10;&quot;qtp1919592808-189&quot; daemon prio=5 tid=189 timed_waiting&#10;java.lang.Thread.State: TIMED_WAITING&#10;        at sun.misc.Unsafe.park(Native Method)&#10;        at java.util.concurrent.locks.LockSupport.parkNanos(LockSupport.java:215)&#10;        at java.util.concurrent.locks.AbstractQueuedSynchronizer$ConditionObject.awaitNanos(AbstractQueuedSynchronizer.java:2078)&#10;        at org.eclipse.jetty.util.BlockingArrayQueue.poll(BlockingArrayQueue.java:392)&#10;        at org.eclipse.jetty.util.thread.QueuedThreadPool.idleJobPoll(QueuedThreadPool.java:563)&#10;        at org.eclipse.jetty.util.thread.QueuedThreadPool.access$800(QueuedThreadPool.java:48)&#10;        at org.eclipse.jetty.util.thread.QueuedThreadPool$2.run(QueuedThreadPool.java:626)&#10;        at java.lang.Thread.run(Thread.java:748)&#10;&quot;pool-36-thread-31&quot;  prio=5 tid=377 in Object.wait()&#10;java.lang.Thread.State: WAITING (on object monitor)&#10;        at sun.misc.Unsafe.park(Native Method)&#10;        at java.util.concurrent.locks.LockSupport.park(LockSupport.java:175)&#10;        at java.util.concurrent.locks.AbstractQueuedSynchronizer$ConditionObject.await(AbstractQueuedSynchronizer.java:2039)&#10;        at java.util.concurrent.ArrayBlockingQueue.take(ArrayBlockingQueue.java:403)&#10;        at java.util.concurrent.ThreadPoolExecutor.getTask(ThreadPoolExecutor.java:1074)&#10;        at java.util.concurrent.ThreadPoolExecutor.runWorker(ThreadPoolExecutor.java:1134)&#10;        at java.util.concurrent.ThreadPoolExecutor$Worker.run(ThreadPoolExecutor.java:624)&#10;        at java.lang.Thread.run(Thread.java:748)&#10;&quot;IPC Server handler 0 on 33004&quot; daemon prio=5 tid=69 timed_waiting&#10;java.lang.Thread.State: TIMED_WAITING&#10;        at sun.misc.Unsafe.park(Native Method)&#10;        at java.util.concurrent.locks.LockSupport.parkNanos(LockSupport.java:215)&#10;        at java.util.concurrent.locks.AbstractQueuedSynchronizer$ConditionObject.awaitNanos(AbstractQueuedSynchronizer.java:2078)&#10;        at java.util.concurrent.LinkedBlockingQueue.poll(LinkedBlockingQueue.java:467)&#10;        at org.apache.hadoop.ipc.CallQueueManager.take(CallQueueManager.java:288)&#10;        at org.apache.hadoop.ipc.Server$Handler.run(Server.java:2668)&#10;&quot;pool-26-thread-18&quot;  prio=5 tid=304 in Object.wait()&#10;java.lang.Thread.State: WAITING (on object monitor)&#10;        at sun.misc.Unsafe.park(Native Method)&#10;        at java.util.concurrent.locks.LockSupport.park(LockSupport.java:175)&#10;        at java.util.concurrent.locks.AbstractQueuedSynchronizer$ConditionObject.await(AbstractQueuedSynchronizer.java:2039)&#10;        at java.util.concurrent.ArrayBlockingQueue.take(ArrayBlockingQueue.java:403)&#10;        at java.util.concurrent.ThreadPoolExecutor.getTask(ThreadPoolExecutor.java:1074)&#10;        at java.util.concurrent.ThreadPoolExecutor.runWorker(ThreadPoolExecutor.java:1134)&#10;        at java.util.concurrent.ThreadPoolExecutor$Worker.run(ThreadPoolExecutor.java:624)&#10;        at java.lang.Thread.run(Thread.java:748)&#10;&quot;Datanode ReportManager Thread - 0&quot; daemon prio=5 tid=225 in Object.wait()&#10;java.lang.Thread.State: WAITING (on object monitor)&#10;        at sun.misc.Unsafe.park(Native Method)&#10;        at java.util.concurrent.locks.LockSupport.park(LockSupport.java:175)&#10;        at java.util.concurrent.locks.AbstractQueuedSynchronizer$ConditionObject.await(AbstractQueuedSynchronizer.java:2039)&#10;        at java.util.concurrent.ScheduledThreadPoolExecutor$DelayedWorkQueue.take(ScheduledThreadPoolExecutor.java:1088)&#10;        at java.util.concurrent.ScheduledThreadPoolExecutor$DelayedWorkQueue.take(ScheduledThreadPoolExecutor.java:809)&#10;        at java.util.concurrent.ThreadPoolExecutor.getTask(ThreadPoolExecutor.java:1074)&#10;        at java.util.concurrent.ThreadPoolExecutor.runWorker(ThreadPoolExecutor.java:1134)&#10;        at java.util.concurrent.ThreadPoolExecutor$Worker.run(ThreadPoolExecutor.java:624)&#10;        at java.lang.Thread.run(Thread.java:748)&#10;&quot;pool-56-thread-44&quot;  prio=5 tid=517 in Object.wait()&#10;java.lang.Thread.State: WAITING (on object monitor)&#10;        at sun.misc.Unsafe.park(Native Method)&#10;        at java.util.concurrent.locks.LockSupport.park(LockSupport.java:175)&#10;        at java.util.concurrent.locks.AbstractQueuedSynchronizer$ConditionObject.await(AbstractQueuedSynchronizer.java:2039)&#10;        at java.util.concurrent.ArrayBlockingQueue.take(ArrayBlockingQueue.java:403)&#10;        at java.util.concurrent.ThreadPoolExecutor.getTask(ThreadPoolExecutor.java:1074)&#10;        at java.util.concurrent.ThreadPoolExecutor.runWorker(ThreadPoolExecutor.java:1134)&#10;        at java.util.concurrent.ThreadPoolExecutor$Worker.run(ThreadPoolExecutor.java:624)&#10;        at java.lang.Thread.run(Thread.java:748)&#10;&quot;pool-46-thread-38&quot;  prio=5 tid=444 in Object.wait()&#10;java.lang.Thread.State: WAITING (on object monitor)&#10;        at sun.misc.Unsafe.park(Native Method)&#10;        at java.util.concurrent.locks.LockSupport.park(LockSupport.java:175)&#10;        at java.util.concurrent.locks.AbstractQueuedSynchronizer$ConditionObject.await(AbstractQueuedSynchronizer.java:2039)&#10;        at java.util.concurrent.ArrayBlockingQueue.take(ArrayBlockingQueue.java:403)&#10;        at java.util.concurrent.ThreadPoolExecutor.getTask(ThreadPoolExecutor.java:1074)&#10;        at java.util.concurrent.ThreadPoolExecutor.runWorker(ThreadPoolExecutor.java:1134)&#10;        at java.util.concurrent.ThreadPoolExecutor$Worker.run(ThreadPoolExecutor.java:624)&#10;        at java.lang.Thread.run(Thread.java:748)&#10;&quot;OMDoubleBufferFlushThread&quot; daemon prio=5 tid=106 timed_waiting&#10;java.lang.Thread.State: TIMED_WAITING&#10;        at java.lang.Object.wait(Native Method)&#10;        at org.apache.hadoop.ozone.om.ratis.OzoneManagerDoubleBuffer.canFlush(OzoneManagerDoubleBuffer.java:322)&#10;        at org.apache.hadoop.ozone.om.ratis.OzoneManagerDoubleBuffer.flushTransactions(OzoneManagerDoubleBuffer.java:130)&#10;        at org.apache.hadoop.ozone.om.ratis.OzoneManagerDoubleBuffer$$Lambda$49/704387627.run(Unknown Source)&#10;        at java.lang.Thread.run(Thread.java:748)&#10;&quot;pool-56-thread-8&quot;  prio=5 tid=481 in Object.wait()&#10;java.lang.Thread.State: WAITING (on object monitor)&#10;        at sun.misc.Unsafe.park(Native Method)&#10;        at java.util.concurrent.locks.LockSupport.park(LockSupport.java:175)&#10;        at java.util.concurrent.locks.AbstractQueuedSynchronizer$ConditionObject.await(AbstractQueuedSynchronizer.java:2039)&#10;        at java.util.concurrent.ArrayBlockingQueue.take(ArrayBlockingQueue.java:403)&#10;        at java.util.concurrent.ThreadPoolExecutor.getTask(ThreadPoolExecutor.java:1074)&#10;        at java.util.concurrent.ThreadPoolExecutor.runWorker(ThreadPoolExecutor.java:1134)&#10;        at java.util.concurrent.ThreadPoolExecutor$Worker.run(ThreadPoolExecutor.java:624)&#10;        at java.lang.Thread.run(Thread.java:748)&#10;&quot;pool-46-thread-43&quot;  prio=5 tid=449 in Object.wait()&#10;java.lang.Thread.State: WAITING (on object monitor)&#10;        at sun.misc.Unsafe.park(Native Method)&#10;        at java.util.concurrent.locks.LockSupport.park(LockSupport.java:175)&#10;        at java.util.concurrent.locks.AbstractQueuedSynchronizer$ConditionObject.await(AbstractQueuedSynchronizer.java:2039)&#10;        at java.util.concurrent.ArrayBlockingQueue.take(ArrayBlockingQueue.java:403)&#10;        at java.util.concurrent.ThreadPoolExecutor.getTask(ThreadPoolExecutor.java:1074)&#10;        at java.util.concurrent.ThreadPoolExecutor.runWorker(ThreadPoolExecutor.java:1134)&#10;        at java.util.concurrent.ThreadPoolExecutor$Worker.run(ThreadPoolExecutor.java:624)&#10;        at java.lang.Thread.run(Thread.java:748)&#10;&quot;Socket Reader #1 for port 33004&quot;  prio=5 tid=15 runnable&#10;java.lang.Thread.State: RUNNABLE&#10;        at sun.nio.ch.EPollArrayWrapper.epollWait(Native Method)&#10;        at sun.nio.ch.EPollArrayWrapper.poll(EPollArrayWrapper.java:269)&#10;        at sun.nio.ch.EPollSelectorImpl.doSelect(EPollSelectorImpl.java:93)&#10;        at sun.nio.ch.SelectorImpl.lockAndDoSelect(SelectorImpl.java:86)&#10;        at sun.nio.ch.SelectorImpl.select(SelectorImpl.java:97)&#10;        at sun.nio.ch.SelectorImpl.select(SelectorImpl.java:101)&#10;        at org.apache.hadoop.ipc.Server$Listener$Reader.doRunLoop(Server.java:1097)&#10;        at org.apache.hadoop.ipc.Server$Listener$Reader.run(Server.java:1076)&#10;&quot;IPC Server handler 14 on 46821&quot; daemon prio=5 tid=63 timed_waiting&#10;java.lang.Thread.State: TIMED_WAITING&#10;        at sun.misc.Unsafe.park(Native Method)&#10;        at java.util.concurrent.locks.LockSupport.parkNanos(LockSupport.java:215)&#10;        at java.util.concurrent.locks.AbstractQueuedSynchronizer$ConditionObject.awaitNanos(AbstractQueuedSynchronizer.java:2078)&#10;        at java.util.concurrent.LinkedBlockingQueue.poll(LinkedBlockingQueue.java:467)&#10;        at org.apache.hadoop.ipc.CallQueueManager.take(CallQueueManager.java:288)&#10;        at org.apache.hadoop.ipc.Server$Handler.run(Server.java:2668)&#10;&quot;qtp1680841335-214-acceptor-0@61fc91f6-ServerConnector@411c6d44{HTTP/1.1,[http/1.1]}{0.0.0.0:35978}&quot; daemon prio=3 tid=214 runnable&#10;java.lang.Thread.State: RUNNABLE&#10;        at sun.nio.ch.ServerSocketChannelImpl.accept0(Native Method)&#10;        at sun.nio.ch.ServerSocketChannelImpl.accept(ServerSocketChannelImpl.java:422)&#10;        at sun.nio.ch.ServerSocketChannelImpl.accept(ServerSocketChannelImpl.java:250)&#10;        at org.eclipse.jetty.server.ServerConnector.accept(ServerConnector.java:397)&#10;        at org.eclipse.jetty.server.AbstractConnector$Acceptor.run(AbstractConnector.java:601)&#10;        at org.eclipse.jetty.util.thread.QueuedThreadPool.runJob(QueuedThreadPool.java:671)&#10;        at org.eclipse.jetty.util.thread.QueuedThreadPool$2.run(QueuedThreadPool.java:589)&#10;        at java.lang.Thread.run(Thread.java:748)&#10;&quot;9d88716d-5d6b-4fd8-b832-a110dc45ee66@group-4744F5BEFEE7-StateMachineUpdater&quot; daemon prio=5 tid=637 in Object.wait()&#10;java.lang.Thread.State: WAITING (on object monitor)&#10;        at java.lang.Object.wait(Native Method)&#10;        at java.lang.Object.wait(Object.java:502)&#10;        at org.apache.ratis.server.impl.StateMachineUpdater.waitForCommit(StateMachineUpdater.java:194)&#10;        at org.apache.ratis.server.impl.StateMachineUpdater.run(StateMachineUpdater.java:159)&#10;        at java.lang.Thread.run(Thread.java:748)&#10;&quot;pool-36-thread-10&quot;  prio=5 tid=356 in Object.wait()&#10;java.lang.Thread.State: WAITING (on object monitor)&#10;        at sun.misc.Unsafe.park(Native Method)&#10;        at java.util.concurrent.locks.LockSupport.park(LockSupport.java:175)&#10;        at java.util.concurrent.locks.AbstractQueuedSynchronizer$ConditionObject.await(AbstractQueuedSynchronizer.java:2039)&#10;        at java.util.concurrent.ArrayBlockingQueue.take(ArrayBlockingQueue.java:403)&#10;        at java.util.concurrent.ThreadPoolExecutor.getTask(ThreadPoolExecutor.java:1074)&#10;        at java.util.concurrent.ThreadPoolExecutor.runWorker(ThreadPoolExecutor.java:1134)&#10;        at java.util.concurrent.ThreadPoolExecutor$Worker.run(ThreadPoolExecutor.java:624)&#10;        at java.lang.Thread.run(Thread.java:748)&#10;&quot;pool-66-thread-28&quot;  prio=5 tid=563 in Object.wait()&#10;java.lang.Thread.State: WAITING (on object monitor)&#10;        at sun.misc.Unsafe.park(Native Method)&#10;        at java.util.concurrent.locks.LockSupport.park(LockSupport.java:175)&#10;        at java.util.concurrent.locks.AbstractQueuedSynchronizer$ConditionObject.await(AbstractQueuedSynchronizer.java:2039)&#10;        at java.util.concurrent.ArrayBlockingQueue.take(ArrayBlockingQueue.java:403)&#10;        at java.util.concurrent.ThreadPoolExecutor.getTask(ThreadPoolExecutor.java:1074)&#10;        at java.util.concurrent.ThreadPoolExecutor.runWorker(ThreadPoolExecutor.java:1134)&#10;        at java.util.concurrent.ThreadPoolExecutor$Worker.run(ThreadPoolExecutor.java:624)&#10;        at java.lang.Thread.run(Thread.java:748)&#10;&quot;pool-66-thread-40&quot;  prio=5 tid=575 in Object.wait()&#10;java.lang.Thread.State: WAITING (on object monitor)&#10;        at sun.misc.Unsafe.park(Native Method)&#10;        at java.util.concurrent.locks.LockSupport.park(LockSupport.java:175)&#10;        at java.util.concurrent.locks.AbstractQueuedSynchronizer$ConditionObject.await(AbstractQueuedSynchronizer.java:2039)&#10;        at java.util.concurrent.ArrayBlockingQueue.take(ArrayBlockingQueue.java:403)&#10;        at java.util.concurrent.ThreadPoolExecutor.getTask(ThreadPoolExecutor.java:1074)&#10;        at java.util.concurrent.ThreadPoolExecutor.runWorker(ThreadPoolExecutor.java:1134)&#10;        at java.util.concurrent.ThreadPoolExecutor$Worker.run(ThreadPoolExecutor.java:624)&#10;        at java.lang.Thread.run(Thread.java:748)&#10;&quot;IPC Server handler 19 on 33004&quot; daemon prio=5 tid=88 timed_waiting&#10;java.lang.Thread.State: TIMED_WAITING&#10;        at sun.misc.Unsafe.park(Native Method)&#10;        at java.util.concurrent.locks.LockSupport.parkNanos(LockSupport.java:215)&#10;        at java.util.concurrent.locks.AbstractQueuedSynchronizer$ConditionObject.awaitNanos(AbstractQueuedSynchronizer.java:2078)&#10;        at java.util.concurrent.LinkedBlockingQueue.poll(LinkedBlockingQueue.java:467)&#10;        at org.apache.hadoop.ipc.CallQueueManager.take(CallQueueManager.java:288)&#10;        at org.apache.hadoop.ipc.Server$Handler.run(Server.java:2668)&#10;&quot;org.apache.hadoop.util.JvmPauseMonitor$Monitor@61e617c1&quot; daemon prio=5 tid=257 timed_waiting&#10;java.lang.Thread.State: TIMED_WAITING&#10;        at java.lang.Thread.sleep(Native Method)&#10;        at org.apache.hadoop.util.JvmPauseMonitor$Monitor.run(JvmPauseMonitor.java:192)&#10;        at java.lang.Thread.run(Thread.java:748)&#10;&quot;java.util.concurrent.ThreadPoolExecutor$Worker@a66829[State = -1, empty queue]&quot; daemon prio=5 tid=823 timed_waiting&#10;java.lang.Thread.State: TIMED_WAITING&#10;        at sun.misc.Unsafe.park(Native Method)&#10;        at java.util.concurrent.locks.LockSupport.parkNanos(LockSupport.java:215)&#10;        at java.util.concurrent.locks.AbstractQueuedSynchronizer$ConditionObject.awaitNanos(AbstractQueuedSynchronizer.java:2078)&#10;        at java.util.concurrent.ScheduledThreadPoolExecutor$DelayedWorkQueue.take(ScheduledThreadPoolExecutor.java:1093)&#10;        at java.util.concurrent.ScheduledThreadPoolExecutor$DelayedWorkQueue.take(ScheduledThreadPoolExecutor.java:809)&#10;        at java.util.concurrent.ThreadPoolExecutor.getTask(ThreadPoolExecutor.java:1074)&#10;        at java.util.concurrent.ThreadPoolExecutor.runWorker(ThreadPoolExecutor.java:1134)&#10;        at java.util.concurrent.ThreadPoolExecutor$Worker.run(ThreadPoolExecutor.java:624)&#10;        at java.lang.Thread.run(Thread.java:748)&#10;&quot;pool-26-thread-12&quot;  prio=5 tid=298 in Object.wait()&#10;java.lang.Thread.State: WAITING (on object monitor)&#10;        at sun.misc.Unsafe.park(Native Method)&#10;        at java.util.concurrent.locks.LockSupport.park(LockSupport.java:175)&#10;        at java.util.concurrent.locks.AbstractQueuedSynchronizer$ConditionObject.await(AbstractQueuedSynchronizer.java:2039)&#10;        at java.util.concurrent.ArrayBlockingQueue.take(ArrayBlockingQueue.java:403)&#10;        at java.util.concurrent.ThreadPoolExecutor.getTask(ThreadPoolExecutor.java:1074)&#10;        at java.util.concurrent.ThreadPoolExecutor.runWorker(ThreadPoolExecutor.java:1134)&#10;        at java.util.concurrent.ThreadPoolExecutor$Worker.run(ThreadPoolExecutor.java:624)&#10;        at java.lang.Thread.run(Thread.java:748)&#10;&quot;Datanode State Machine Thread - 0&quot; daemon prio=5 tid=179 timed_waiting&#10;java.lang.Thread.State: TIMED_WAITING&#10;        at sun.misc.Unsafe.park(Native Method)&#10;        at java.util.concurrent.locks.LockSupport.parkNanos(LockSupport.java:215)&#10;        at java.util.concurrent.SynchronousQueue$TransferStack.awaitFulfill(SynchronousQueue.java:460)&#10;        at java.util.concurrent.SynchronousQueue$TransferStack.transfer(SynchronousQueue.java:362)&#10;        at java.util.concurrent.SynchronousQueue.poll(SynchronousQueue.java:941)&#10;        at java.util.concurrent.ThreadPoolExecutor.getTask(ThreadPoolExecutor.java:1073)&#10;        at java.util.concurrent.ThreadPoolExecutor.runWorker(ThreadPoolExecutor.java:1134)&#10;        at java.util.concurrent.ThreadPoolExecutor$Worker.run(ThreadPoolExecutor.java:624)&#10;        at java.lang.Thread.run(Thread.java:748)&#10;&quot;pool-56-thread-57&quot;  prio=5 tid=530 in Object.wait()&#10;java.lang.Thread.State: WAITING (on object monitor)&#10;        at sun.misc.Unsafe.park(Native Method)&#10;        at java.util.concurrent.locks.LockSupport.park(LockSupport.java:175)&#10;        at java.util.concurrent.locks.AbstractQueuedSynchronizer$ConditionObject.await(AbstractQueuedSynchronizer.java:2039)&#10;        at java.util.concurrent.ArrayBlockingQueue.take(ArrayBlockingQueue.java:403)&#10;        at java.util.concurrent.ThreadPoolExecutor.getTask(ThreadPoolExecutor.java:1074)&#10;        at java.util.concurrent.ThreadPoolExecutor.runWorker(ThreadPoolExecutor.java:1134)&#10;        at java.util.concurrent.ThreadPoolExecutor$Worker.run(ThreadPoolExecutor.java:624)&#10;        at java.lang.Thread.run(Thread.java:748)&#10;&quot;pool-26-thread-36&quot;  prio=5 tid=322 in Object.wait()&#10;java.lang.Thread.State: WAITING (on object monitor)&#10;        at sun.misc.Unsafe.park(Native Method)&#10;        at java.util.concurrent.locks.LockSupport.park(LockSupport.java:175)&#10;        at java.util.concurrent.locks.AbstractQueuedSynchronizer$ConditionObject.await(AbstractQueuedSynchronizer.java:2039)&#10;        at java.util.concurrent.ArrayBlockingQueue.take(ArrayBlockingQueue.java:403)&#10;        at java.util.concurrent.ThreadPoolExecutor.getTask(ThreadPoolExecutor.java:1074)&#10;        at java.util.concurrent.ThreadPoolExecutor.runWorker(ThreadPoolExecutor.java:1134)&#10;        at java.util.concurrent.ThreadPoolExecutor$Worker.run(ThreadPoolExecutor.java:624)&#10;        at java.lang.Thread.run(Thread.java:748)&#10;&quot;metrics-hadoop-metrics2-reporter-24-thread-1&quot; daemon prio=5 tid=671 timed_waiting&#10;java.lang.Thread.State: TIMED_WAITING&#10;        at sun.misc.Unsafe.park(Native Method)&#10;        at java.util.concurrent.locks.LockSupport.parkNanos(LockSupport.java:215)&#10;        at java.util.concurrent.locks.AbstractQueuedSynchronizer$ConditionObject.awaitNanos(AbstractQueuedSynchronizer.java:2078)&#10;        at java.util.concurrent.ScheduledThreadPoolExecutor$DelayedWorkQueue.take(ScheduledThreadPoolExecutor.java:1093)&#10;        at java.util.concurrent.ScheduledThreadPoolExecutor$DelayedWorkQueue.take(ScheduledThreadPoolExecutor.java:809)&#10;        at java.util.concurrent.ThreadPoolExecutor.getTask(ThreadPoolExecutor.java:1074)&#10;        at java.util.concurrent.ThreadPoolExecutor.runWorker(ThreadPoolExecutor.java:1134)&#10;        at java.util.concurrent.ThreadPoolExecutor$Worker.run(ThreadPoolExecutor.java:624)&#10;        at java.lang.Thread.run(Thread.java:748)&#10;&quot;metrics-hadoop-metrics2-reporter-17-thread-1&quot; daemon prio=5 tid=651 timed_waiting&#10;java.lang.Thread.State: TIMED_WAITING&#10;        at sun.misc.Unsafe.park(Native Method)&#10;        at java.util.concurrent.locks.LockSupport.parkNanos(LockSupport.java:215)&#10;        at java.util.concurrent.locks.AbstractQueuedSynchronizer$ConditionObject.awaitNanos(AbstractQueuedSynchronizer.java:2078)&#10;        at java.util.concurrent.ScheduledThreadPoolExecutor$DelayedWorkQueue.take(ScheduledThreadPoolExecutor.java:1093)&#10;        at java.util.concurrent.ScheduledThreadPoolExecutor$DelayedWorkQueue.take(ScheduledThreadPoolExecutor.java:809)&#10;        at java.util.concurrent.ThreadPoolExecutor.getTask(ThreadPoolExecutor.java:1074)&#10;        at java.util.concurrent.ThreadPoolExecutor.runWorker(ThreadPoolExecutor.java:1134)&#10;        at java.util.concurrent.ThreadPoolExecutor$Worker.run(ThreadPoolExecutor.java:624)&#10;        at java.lang.Thread.run(Thread.java:748)&#10;&quot;Datanode State Machine Thread - 0&quot; daemon prio=5 tid=258 timed_waiting&#10;java.lang.Thread.State: TIMED_WAITING&#10;        at sun.misc.Unsafe.park(Native Method)&#10;        at java.util.concurrent.locks.LockSupport.parkNanos(LockSupport.java:215)&#10;        at java.util.concurrent.SynchronousQueue$TransferStack.awaitFulfill(SynchronousQueue.java:460)&#10;        at java.util.concurrent.SynchronousQueue$TransferStack.transfer(SynchronousQueue.java:362)&#10;        at java.util.concurrent.SynchronousQueue.poll(SynchronousQueue.java:941)&#10;        at java.util.concurrent.ThreadPoolExecutor.getTask(ThreadPoolExecutor.java:1073)&#10;        at java.util.concurrent.ThreadPoolExecutor.runWorker(ThreadPoolExecutor.java:1134)&#10;        at java.util.concurrent.ThreadPoolExecutor$Worker.run(ThreadPoolExecutor.java:624)&#10;        at java.lang.Thread.run(Thread.java:748)&#10;&quot;IPC Server handler 4 on 35444&quot; daemon prio=5 tid=118 timed_waiting&#10;java.lang.Thread.State: TIMED_WAITING&#10;        at sun.misc.Unsafe.park(Native Method)&#10;        at java.util.concurrent.locks.LockSupport.parkNanos(LockSupport.java:215)&#10;        at java.util.concurrent.locks.AbstractQueuedSynchronizer$ConditionObject.awaitNanos(AbstractQueuedSynchronizer.java:2078)&#10;        at java.util.concurrent.LinkedBlockingQueue.poll(LinkedBlockingQueue.java:467)&#10;        at org.apache.hadoop.ipc.CallQueueManager.take(CallQueueManager.java:288)&#10;        at org.apache.hadoop.ipc.Server$Handler.run(Server.java:2668)&#10;&quot;pool-56-thread-19&quot;  prio=5 tid=492 in Object.wait()&#10;java.lang.Thread.State: WAITING (on object monitor)&#10;        at sun.misc.Unsafe.park(Native Method)&#10;        at java.util.concurrent.locks.LockSupport.park(LockSupport.java:175)&#10;        at java.util.concurrent.locks.AbstractQueuedSynchronizer$ConditionObject.await(AbstractQueuedSynchronizer.java:2039)&#10;        at java.util.concurrent.ArrayBlockingQueue.take(ArrayBlockingQueue.java:403)&#10;        at java.util.concurrent.ThreadPoolExecutor.getTask(ThreadPoolExecutor.java:1074)&#10;        at java.util.concurrent.ThreadPoolExecutor.runWorker(ThreadPoolExecutor.java:1134)&#10;        at java.util.concurrent.ThreadPoolExecutor$Worker.run(ThreadPoolExecutor.java:624)&#10;        at java.lang.Thread.run(Thread.java:748)&#10;&quot;grpc-default-executor-1&quot; daemon prio=5 tid=672 timed_waiting&#10;java.lang.Thread.State: TIMED_WAITING&#10;        at sun.misc.Unsafe.park(Native Method)&#10;        at java.util.concurrent.locks.LockSupport.parkNanos(LockSupport.java:215)&#10;        at java.util.concurrent.SynchronousQueue$TransferStack.awaitFulfill(SynchronousQueue.java:460)&#10;        at java.util.concurrent.SynchronousQueue$TransferStack.transfer(SynchronousQueue.java:362)&#10;        at java.util.concurrent.SynchronousQueue.poll(SynchronousQueue.java:941)&#10;        at java.util.concurrent.ThreadPoolExecutor.getTask(ThreadPoolExecutor.java:1073)&#10;        at java.util.concurrent.ThreadPoolExecutor.runWorker(ThreadPoolExecutor.java:1134)&#10;        at java.util.concurrent.ThreadPoolExecutor$Worker.run(ThreadPoolExecutor.java:624)&#10;        at java.lang.Thread.run(Thread.java:748)&#10;&quot;pool-56-thread-9&quot;  prio=5 tid=482 in Object.wait()&#10;java.lang.Thread.State: WAITING (on object monitor)&#10;        at sun.misc.Unsafe.park(Native Method)&#10;        at java.util.concurrent.locks.LockSupport.park(LockSupport.java:175)&#10;        at java.util.concurrent.locks.AbstractQueuedSynchronizer$ConditionObject.await(AbstractQueuedSynchronizer.java:2039)&#10;        at java.util.concurrent.ArrayBlockingQueue.take(ArrayBlockingQueue.java:403)&#10;        at java.util.concurrent.ThreadPoolExecutor.getTask(ThreadPoolExecutor.java:1074)&#10;        at java.util.concurrent.ThreadPoolExecutor.runWorker(ThreadPoolExecutor.java:1134)&#10;        at java.util.concurrent.ThreadPoolExecutor$Worker.run(ThreadPoolExecutor.java:624)&#10;        at java.lang.Thread.run(Thread.java:748)&#10;&quot;Command processor thread&quot; daemon prio=5 tid=283 timed_waiting&#10;java.lang.Thread.State: TIMED_WAITING&#10;        at java.lang.Thread.sleep(Native Method)&#10;        at org.apache.hadoop.ozone.container.common.statemachine.DatanodeStateMachine.lambda$initCommandHandlerThread$1(DatanodeStateMachine.java:439)&#10;        at org.apache.hadoop.ozone.container.common.statemachine.DatanodeStateMachine$$Lambda$141/1433245022.run(Unknown Source)&#10;        at java.lang.Thread.run(Thread.java:748)&#10;&quot;pool-56-thread-52&quot;  prio=5 tid=525 in Object.wait()&#10;java.lang.Thread.State: WAITING (on object monitor)&#10;        at sun.misc.Unsafe.park(Native Method)&#10;        at java.util.concurrent.locks.LockSupport.park(LockSupport.java:175)&#10;        at java.util.concurrent.locks.AbstractQueuedSynchronizer$ConditionObject.await(AbstractQueuedSynchronizer.java:2039)&#10;        at java.util.concurrent.ArrayBlockingQueue.take(ArrayBlockingQueue.java:403)&#10;        at java.util.concurrent.ThreadPoolExecutor.getTask(ThreadPoolExecutor.java:1074)&#10;        at java.util.concurrent.ThreadPoolExecutor.runWorker(ThreadPoolExecutor.java:1134)&#10;        at java.util.concurrent.ThreadPoolExecutor$Worker.run(ThreadPoolExecutor.java:624)&#10;        at java.lang.Thread.run(Thread.java:748)&#10;&quot;pool-46-thread-54&quot;  prio=5 tid=460 in Object.wait()&#10;java.lang.Thread.State: WAITING (on object monitor)&#10;        at sun.misc.Unsafe.park(Native Method)&#10;        at java.util.concurrent.locks.LockSupport.park(LockSupport.java:175)&#10;        at java.util.concurrent.locks.AbstractQueuedSynchronizer$ConditionObject.await(AbstractQueuedSynchronizer.java:2039)&#10;        at java.util.concurrent.ArrayBlockingQueue.take(ArrayBlockingQueue.java:403)&#10;        at java.util.concurrent.ThreadPoolExecutor.getTask(ThreadPoolExecutor.java:1074)&#10;        at java.util.concurrent.ThreadPoolExecutor.runWorker(ThreadPoolExecutor.java:1134)&#10;        at java.util.concurrent.ThreadPoolExecutor$Worker.run(ThreadPoolExecutor.java:624)&#10;        at java.lang.Thread.run(Thread.java:748)&#10;&quot;pool-56-thread-48&quot;  prio=5 tid=521 in Object.wait()&#10;java.lang.Thread.State: WAITING (on object monitor)&#10;        at sun.misc.Unsafe.park(Native Method)&#10;        at java.util.concurrent.locks.LockSupport.park(LockSupport.java:175)&#10;        at java.util.concurrent.locks.AbstractQueuedSynchronizer$ConditionObject.await(AbstractQueuedSynchronizer.java:2039)&#10;        at java.util.concurrent.ArrayBlockingQueue.take(ArrayBlockingQueue.java:403)&#10;        at java.util.concurrent.ThreadPoolExecutor.getTask(ThreadPoolExecutor.java:1074)&#10;        at java.util.concurrent.ThreadPoolExecutor.runWorker(ThreadPoolExecutor.java:1134)&#10;        at java.util.concurrent.ThreadPoolExecutor$Worker.run(ThreadPoolExecutor.java:624)&#10;        at java.lang.Thread.run(Thread.java:748)&#10;&quot;Datanode State Machine Thread - 0&quot; daemon prio=5 tid=285 timed_waiting&#10;java.lang.Thread.State: TIMED_WAITING&#10;        at sun.misc.Unsafe.park(Native Method)&#10;        at java.util.concurrent.locks.LockSupport.parkNanos(LockSupport.java:215)&#10;        at java.util.concurrent.SynchronousQueue$TransferStack.awaitFulfill(SynchronousQueue.java:460)&#10;        at java.util.concurrent.SynchronousQueue$TransferStack.transfer(SynchronousQueue.java:362)&#10;        at java.util.concurrent.SynchronousQueue.poll(SynchronousQueue.java:941)&#10;        at java.util.concurrent.ThreadPoolExecutor.getTask(ThreadPoolExecutor.java:1073)&#10;        at java.util.concurrent.ThreadPoolExecutor.runWorker(ThreadPoolExecutor.java:1134)&#10;        at java.util.concurrent.ThreadPoolExecutor$Worker.run(ThreadPoolExecutor.java:624)&#10;        at java.lang.Thread.run(Thread.java:748)&#10;&quot;Datanode ReportManager Thread - 2&quot; daemon prio=5 tid=254 timed_waiting&#10;java.lang.Thread.State: TIMED_WAITING&#10;        at sun.misc.Unsafe.park(Native Method)&#10;        at java.util.concurrent.locks.LockSupport.parkNanos(LockSupport.java:215)&#10;        at java.util.concurrent.locks.AbstractQueuedSynchronizer$ConditionObject.awaitNanos(AbstractQueuedSynchronizer.java:2078)&#10;        at java.util.concurrent.ScheduledThreadPoolExecutor$DelayedWorkQueue.take(ScheduledThreadPoolExecutor.java:1093)&#10;        at java.util.concurrent.ScheduledThreadPoolExecutor$DelayedWorkQueue.take(ScheduledThreadPoolExecutor.java:809)&#10;        at java.util.concurrent.ThreadPoolExecutor.getTask(ThreadPoolExecutor.java:1074)&#10;        at java.util.concurrent.ThreadPoolExecutor.runWorker(ThreadPoolExecutor.java:1134)&#10;        at java.util.concurrent.ThreadPoolExecutor$Worker.run(ThreadPoolExecutor.java:624)&#10;        at java.lang.Thread.run(Thread.java:748)&#10;&quot;pool-46-thread-25&quot;  prio=5 tid=431 in Object.wait()&#10;java.lang.Thread.State: WAITING (on object monitor)&#10;        at sun.misc.Unsafe.park(Native Method)&#10;        at java.util.concurrent.locks.LockSupport.park(LockSupport.java:175)&#10;        at java.util.concurrent.locks.AbstractQueuedSynchronizer$ConditionObject.await(AbstractQueuedSynchronizer.java:2039)&#10;        at java.util.concurrent.ArrayBlockingQueue.take(ArrayBlockingQueue.java:403)&#10;        at java.util.concurrent.ThreadPoolExecutor.getTask(ThreadPoolExecutor.java:1074)&#10;        at java.util.concurrent.ThreadPoolExecutor.runWorker(ThreadPoolExecutor.java:1134)&#10;        at java.util.concurrent.ThreadPoolExecutor$Worker.run(ThreadPoolExecutor.java:624)&#10;        at java.lang.Thread.run(Thread.java:748)&#10;&quot;org.eclipse.jetty.server.session.HashSessionManager@2938127dTimer&quot; daemon prio=5 tid=248 timed_waiting&#10;java.lang.Thread.State: TIMED_WAITING&#10;        at sun.misc.Unsafe.park(Native Method)&#10;        at java.util.concurrent.locks.LockSupport.parkNanos(LockSupport.java:215)&#10;        at java.util.concurrent.locks.AbstractQueuedSynchronizer$ConditionObject.awaitNanos(AbstractQueuedSynchronizer.java:2078)&#10;        at java.util.concurrent.ScheduledThreadPoolExecutor$DelayedWorkQueue.take(ScheduledThreadPoolExecutor.java:1093)&#10;        at java.util.concurrent.ScheduledThreadPoolExecutor$DelayedWorkQueue.take(ScheduledThreadPoolExecutor.java:809)&#10;        at java.util.concurrent.ThreadPoolExecutor.getTask(ThreadPoolExecutor.java:1074)&#10;        at java.util.concurrent.ThreadPoolExecutor.runWorker(ThreadPoolExecutor.java:1134)&#10;        at java.util.concurrent.ThreadPoolExecutor$Worker.run(ThreadPoolExecutor.java:624)&#10;        at java.lang.Thread.run(Thread.java:748)&#10;&quot;IPC Server handler 6 on 33004&quot; daemon prio=5 tid=75 timed_waiting&#10;java.lang.Thread.State: TIMED_WAITING&#10;        at sun.misc.Unsafe.park(Native Method)&#10;        at java.util.concurrent.locks.LockSupport.parkNanos(LockSupport.java:215)&#10;        at java.util.concurrent.locks.AbstractQueuedSynchronizer$ConditionObject.awaitNanos(AbstractQueuedSynchronizer.java:2078)&#10;        at java.util.concurrent.LinkedBlockingQueue.poll(LinkedBlockingQueue.java:467)&#10;        at org.apache.hadoop.ipc.CallQueueManager.take(CallQueueManager.java:288)&#10;        at org.apache.hadoop.ipc.Server$Handler.run(Server.java:2668)&#10;&quot;Command processor thread&quot; daemon prio=5 tid=202 timed_waiting&#10;java.lang.Thread.State: TIMED_WAITING&#10;        at java.lang.Thread.sleep(Native Method)&#10;        at org.apache.hadoop.ozone.container.common.statemachine.DatanodeStateMachine.lambda$initCommandHandlerThread$1(DatanodeStateMachine.java:439)&#10;        at org.apache.hadoop.ozone.container.common.statemachine.DatanodeStateMachine$$Lambda$141/1433245022.run(Unknown Source)&#10;        at java.lang.Thread.run(Thread.java:748)&#10;&quot;IPC Parameter Sending Thread #0&quot; daemon prio=5 tid=105 timed_waiting&#10;java.lang.Thread.State: TIMED_WAITING&#10;        at sun.misc.Unsafe.park(Native Method)&#10;        at java.util.concurrent.locks.LockSupport.parkNanos(LockSupport.java:215)&#10;        at java.util.concurrent.SynchronousQueue$TransferStack.awaitFulfill(SynchronousQueue.java:460)&#10;        at java.util.concurrent.SynchronousQueue$TransferStack.transfer(SynchronousQueue.java:362)&#10;        at java.util.concurrent.SynchronousQueue.poll(SynchronousQueue.java:941)&#10;        at java.util.concurrent.ThreadPoolExecutor.getTask(ThreadPoolExecutor.java:1073)&#10;        at java.util.concurrent.ThreadPoolExecutor.runWorker(ThreadPoolExecutor.java:1134)&#10;        at java.util.concurrent.ThreadPoolExecutor$Worker.run(ThreadPoolExecutor.java:624)&#10;        at java.lang.Thread.run(Thread.java:748)&#10;&quot;qtp801142660-141&quot; daemon prio=5 tid=141 timed_waiting&#10;java.lang.Thread.State: TIMED_WAITING&#10;        at sun.misc.Unsafe.park(Native Method)&#10;        at java.util.concurrent.locks.LockSupport.parkNanos(LockSupport.java:215)&#10;        at java.util.concurrent.locks.AbstractQueuedSynchronizer$ConditionObject.awaitNanos(AbstractQueuedSynchronizer.java:2078)&#10;        at org.eclipse.jetty.util.BlockingArrayQueue.poll(BlockingArrayQueue.java:392)&#10;        at org.eclipse.jetty.util.thread.QueuedThreadPool.idleJobPoll(QueuedThreadPool.java:563)&#10;        at org.eclipse.jetty.util.thread.QueuedThreadPool.access$800(QueuedThreadPool.java:48)&#10;        at org.eclipse.jetty.util.thread.QueuedThreadPool$2.run(QueuedThreadPool.java:626)&#10;        at java.lang.Thread.run(Thread.java:748)&#10;&quot;Thread-213&quot; daemon prio=5 tid=623 timed_waiting&#10;java.lang.Thread.State: TIMED_WAITING&#10;        at sun.misc.Unsafe.park(Native Method)&#10;        at java.util.concurrent.locks.LockSupport.parkNanos(LockSupport.java:215)&#10;        at java.util.concurrent.locks.AbstractQueuedSynchronizer$ConditionObject.awaitNanos(AbstractQueuedSynchronizer.java:2078)&#10;        at java.util.concurrent.ArrayBlockingQueue.poll(ArrayBlockingQueue.java:418)&#10;        at org.apache.ratis.server.impl.LeaderState$EventQueue.poll(LeaderState.java:115)&#10;        at org.apache.ratis.server.impl.LeaderState$EventProcessor.run(LeaderState.java:467)&#10;&quot;pool-46-thread-58&quot;  prio=5 tid=464 in Object.wait()&#10;java.lang.Thread.State: WAITING (on object monitor)&#10;        at sun.misc.Unsafe.park(Native Method)&#10;        at java.util.concurrent.locks.LockSupport.park(LockSupport.java:175)&#10;        at java.util.concurrent.locks.AbstractQueuedSynchronizer$ConditionObject.await(AbstractQueuedSynchronizer.java:2039)&#10;        at java.util.concurrent.ArrayBlockingQueue.take(ArrayBlockingQueue.java:403)&#10;        at java.util.concurrent.ThreadPoolExecutor.getTask(ThreadPoolExecutor.java:1074)&#10;        at java.util.concurrent.ThreadPoolExecutor.runWorker(ThreadPoolExecutor.java:1134)&#10;        at java.util.concurrent.ThreadPoolExecutor$Worker.run(ThreadPoolExecutor.java:624)&#10;        at java.lang.Thread.run(Thread.java:748)&#10;&quot;pool-30-thread-1&quot;  prio=5 tid=158 timed_waiting&#10;java.lang.Thread.State: TIMED_WAITING&#10;        at sun.misc.Unsafe.park(Native Method)&#10;        at java.util.concurrent.locks.LockSupport.parkNanos(LockSupport.java:215)&#10;        at java.util.concurrent.locks.AbstractQueuedSynchronizer$ConditionObject.awaitNanos(AbstractQueuedSynchronizer.java:2078)&#10;        at java.util.concurrent.ScheduledThreadPoolExecutor$DelayedWorkQueue.take(ScheduledThreadPoolExecutor.java:1093)&#10;        at java.util.concurrent.ScheduledThreadPoolExecutor$DelayedWorkQueue.take(ScheduledThreadPoolExecutor.java:809)&#10;        at java.util.concurrent.ThreadPoolExecutor.getTask(ThreadPoolExecutor.java:1074)&#10;        at java.util.concurrent.ThreadPoolExecutor.runWorker(ThreadPoolExecutor.java:1134)&#10;        at java.util.concurrent.ThreadPoolExecutor$Worker.run(ThreadPoolExecutor.java:624)&#10;        at java.lang.Thread.run(Thread.java:748)&#10;&quot;pool-36-thread-23&quot;  prio=5 tid=369 in Object.wait()&#10;java.lang.Thread.State: WAITING (on object monitor)&#10;        at sun.misc.Unsafe.park(Native Method)&#10;        at java.util.concurrent.locks.LockSupport.park(LockSupport.java:175)&#10;        at java.util.concurrent.locks.AbstractQueuedSynchronizer$ConditionObject.await(AbstractQueuedSynchronizer.java:2039)&#10;        at java.util.concurrent.ArrayBlockingQueue.take(ArrayBlockingQueue.java:403)&#10;        at java.util.concurrent.ThreadPoolExecutor.getTask(ThreadPoolExecutor.java:1074)&#10;        at java.util.concurrent.ThreadPoolExecutor.runWorker(ThreadPoolExecutor.java:1134)&#10;        at java.util.concurrent.ThreadPoolExecutor$Worker.run(ThreadPoolExecutor.java:624)&#10;        at java.lang.Thread.run(Thread.java:748)&#10;&quot;metrics-hadoop-metrics2-reporter-34-thread-1&quot; daemon prio=5 tid=708 timed_waiting&#10;java.lang.Thread.State: TIMED_WAITING&#10;        at sun.misc.Unsafe.park(Native Method)&#10;        at java.util.concurrent.locks.LockSupport.parkNanos(LockSupport.java:215)&#10;        at java.util.concurrent.locks.AbstractQueuedSynchronizer$ConditionObject.awaitNanos(AbstractQueuedSynchronizer.java:2078)&#10;        at java.util.concurrent.ScheduledThreadPoolExecutor$DelayedWorkQueue.take(ScheduledThreadPoolExecutor.java:1093)&#10;        at java.util.concurrent.ScheduledThreadPoolExecutor$DelayedWorkQueue.take(ScheduledThreadPoolExecutor.java:809)&#10;        at java.util.concurrent.ThreadPoolExecutor.getTask(ThreadPoolExecutor.java:1074)&#10;        at java.util.concurrent.ThreadPoolExecutor.runWorker(ThreadPoolExecutor.java:1134)&#10;        at java.util.concurrent.ThreadPoolExecutor$Worker.run(ThreadPoolExecutor.java:624)&#10;        at java.lang.Thread.run(Thread.java:748)&#10;&quot;BlockDeletingService#1&quot; daemon prio=5 tid=535 in Object.wait()&#10;java.lang.Thread.State: WAITING (on object monitor)&#10;        at sun.misc.Unsafe.park(Native Method)&#10;        at java.util.concurrent.locks.LockSupport.park(LockSupport.java:175)&#10;        at java.util.concurrent.locks.AbstractQueuedSynchronizer$ConditionObject.await(AbstractQueuedSynchronizer.java:2039)&#10;        at java.util.concurrent.ScheduledThreadPoolExecutor$DelayedWorkQueue.take(ScheduledThreadPoolExecutor.java:1088)&#10;        at java.util.concurrent.ScheduledThreadPoolExecutor$DelayedWorkQueue.take(ScheduledThreadPoolExecutor.java:809)&#10;        at java.util.concurrent.ThreadPoolExecutor.getTask(ThreadPoolExecutor.java:1074)&#10;        at java.util.concurrent.ThreadPoolExecutor.runWorker(ThreadPoolExecutor.java:1134)&#10;        at java.util.concurrent.ThreadPoolExecutor$Worker.run(ThreadPoolExecutor.java:624)&#10;        at java.lang.Thread.run(Thread.java:748)&#10;&quot;IPC Server handler 13 on 40923&quot; daemon prio=5 tid=42 timed_waiting&#10;java.lang.Thread.State: TIMED_WAITING&#10;        at sun.misc.Unsafe.park(Native Method)&#10;        at java.util.concurrent.locks.LockSupport.parkNanos(LockSupport.java:215)&#10;        at java.util.concurrent.locks.AbstractQueuedSynchronizer$ConditionObject.awaitNanos(AbstractQueuedSynchronizer.java:2078)&#10;        at java.util.concurrent.LinkedBlockingQueue.poll(LinkedBlockingQueue.java:467)&#10;        at org.apache.hadoop.ipc.CallQueueManager.take(CallQueueManager.java:288)&#10;        at org.apache.hadoop.ipc.Server$Handler.run(Server.java:2668)&#10;&quot;pool-46-thread-53&quot;  prio=5 tid=459 in Object.wait()&#10;java.lang.Thread.State: WAITING (on object monitor)&#10;        at sun.misc.Unsafe.park(Native Method)&#10;        at java.util.concurrent.locks.LockSupport.park(LockSupport.java:175)&#10;        at java.util.concurrent.locks.AbstractQueuedSynchronizer$ConditionObject.await(AbstractQueuedSynchronizer.java:2039)&#10;        at java.util.concurrent.ArrayBlockingQueue.take(ArrayBlockingQueue.java:403)&#10;        at java.util.concurrent.ThreadPoolExecutor.getTask(ThreadPoolExecutor.java:1074)&#10;        at java.util.concurrent.ThreadPoolExecutor.runWorker(ThreadPoolExecutor.java:1134)&#10;        at java.util.concurrent.ThreadPoolExecutor$Worker.run(ThreadPoolExecutor.java:624)&#10;        at java.lang.Thread.run(Thread.java:748)&#10;&quot;refreshUsed-/workdir/hadoop-ozone/ozonefs/target/test-dir/MiniOzoneClusterImpl-d26aec2b-09c1-4f88-9204-0bb43e71ee01/datanode-3/data/containers&quot; daemon prio=5 tid=235 timed_waiting&#10;java.lang.Thread.State: TIMED_WAITING&#10;        at java.lang.Thread.sleep(Native Method)&#10;        at org.apache.hadoop.fs.CachingGetSpaceUsed$RefreshThread.run(CachingGetSpaceUsed.java:179)&#10;        at java.lang.Thread.run(Thread.java:748)&#10;&quot;pool-26-thread-38&quot;  prio=5 tid=324 in Object.wait()&#10;java.lang.Thread.State: WAITING (on object monitor)&#10;        at sun.misc.Unsafe.park(Native Method)&#10;        at java.util.concurrent.locks.LockSupport.park(LockSupport.java:175)&#10;        at java.util.concurrent.locks.AbstractQueuedSynchronizer$ConditionObject.await(AbstractQueuedSynchronizer.java:2039)&#10;        at java.util.concurrent.ArrayBlockingQueue.take(ArrayBlockingQueue.java:403)&#10;        at java.util.concurrent.ThreadPoolExecutor.getTask(ThreadPoolExecutor.java:1074)&#10;        at java.util.concurrent.ThreadPoolExecutor.runWorker(ThreadPoolExecutor.java:1134)&#10;        at java.util.concurrent.ThreadPoolExecutor$Worker.run(ThreadPoolExecutor.java:624)&#10;        at java.lang.Thread.run(Thread.java:748)&#10;&quot;9d88716d-5d6b-4fd8-b832-a110dc45ee66@group-EE856C9543A1-StateMachineUpdater&quot; daemon prio=5 tid=784 in Object.wait()&#10;java.lang.Thread.State: WAITING (on object monitor)&#10;        at java.lang.Object.wait(Native Method)&#10;        at java.lang.Object.wait(Object.java:502)&#10;        at org.apache.ratis.server.impl.StateMachineUpdater.waitForCommit(StateMachineUpdater.java:194)&#10;        at org.apache.ratis.server.impl.StateMachineUpdater.run(StateMachineUpdater.java:159)&#10;        at java.lang.Thread.run(Thread.java:748)&#10;&quot;qtp1043358826-93&quot; daemon prio=5 tid=93 timed_waiting&#10;java.lang.Thread.State: TIMED_WAITING&#10;        at sun.misc.Unsafe.park(Native Method)&#10;        at java.util.concurrent.locks.LockSupport.parkNanos(LockSupport.java:215)&#10;        at java.util.concurrent.locks.AbstractQueuedSynchronizer$ConditionObject.awaitNanos(AbstractQueuedSynchronizer.java:2078)&#10;        at org.eclipse.jetty.util.BlockingArrayQueue.poll(BlockingArrayQueue.java:392)&#10;        at org.eclipse.jetty.util.thread.QueuedThreadPool.idleJobPoll(QueuedThreadPool.java:563)&#10;        at org.eclipse.jetty.util.thread.QueuedThreadPool.access$800(QueuedThreadPool.java:48)&#10;        at org.eclipse.jetty.util.thread.QueuedThreadPool$2.run(QueuedThreadPool.java:626)&#10;        at java.lang.Thread.run(Thread.java:748)&#10;&quot;pool-36-thread-27&quot;  prio=5 tid=373 in Object.wait()&#10;java.lang.Thread.State: WAITING (on object monitor)&#10;        at sun.misc.Unsafe.park(Native Method)&#10;        at java.util.concurrent.locks.LockSupport.park(LockSupport.java:175)&#10;        at java.util.concurrent.locks.AbstractQueuedSynchronizer$ConditionObject.await(AbstractQueuedSynchronizer.java:2039)&#10;        at java.util.concurrent.ArrayBlockingQueue.take(ArrayBlockingQueue.java:403)&#10;        at java.util.concurrent.ThreadPoolExecutor.getTask(ThreadPoolExecutor.java:1074)&#10;        at java.util.concurrent.ThreadPoolExecutor.runWorker(ThreadPoolExecutor.java:1134)&#10;        at java.util.concurrent.ThreadPoolExecutor$Worker.run(ThreadPoolExecutor.java:624)&#10;        at java.lang.Thread.run(Thread.java:748)&#10;&quot;pool-26-thread-35&quot;  prio=5 tid=321 in Object.wait()&#10;java.lang.Thread.State: WAITING (on object monitor)&#10;        at sun.misc.Unsafe.park(Native Method)&#10;        at java.util.concurrent.locks.LockSupport.park(LockSupport.java:175)&#10;        at java.util.concurrent.locks.AbstractQueuedSynchronizer$ConditionObject.await(AbstractQueuedSynchronizer.java:2039)&#10;        at java.util.concurrent.ArrayBlockingQueue.take(ArrayBlockingQueue.java:403)&#10;        at java.util.concurrent.ThreadPoolExecutor.getTask(ThreadPoolExecutor.java:1074)&#10;        at java.util.concurrent.ThreadPoolExecutor.runWorker(ThreadPoolExecutor.java:1134)&#10;        at java.util.concurrent.ThreadPoolExecutor$Worker.run(ThreadPoolExecutor.java:624)&#10;        at java.lang.Thread.run(Thread.java:748)&#10;&quot;SCMBlockDeletingService#0&quot; daemon prio=5 tid=101 in Object.wait()&#10;java.lang.Thread.State: WAITING (on object monitor)&#10;        at sun.misc.Unsafe.park(Native Method)&#10;        at java.util.concurrent.locks.LockSupport.park(LockSupport.java:175)&#10;        at java.util.concurrent.locks.AbstractQueuedSynchronizer$ConditionObject.await(AbstractQueuedSynchronizer.java:2039)&#10;        at java.util.concurrent.ScheduledThreadPoolExecutor$DelayedWorkQueue.take(ScheduledThreadPoolExecutor.java:1088)&#10;        at java.util.concurrent.ScheduledThreadPoolExecutor$DelayedWorkQueue.take(ScheduledThreadPoolExecutor.java:809)&#10;        at java.util.concurrent.ThreadPoolExecutor.getTask(ThreadPoolExecutor.java:1074)&#10;        at java.util.concurrent.ThreadPoolExecutor.runWorker(ThreadPoolExecutor.java:1134)&#10;        at java.util.concurrent.ThreadPoolExecutor$Worker.run(ThreadPoolExecutor.java:624)&#10;        at java.lang.Thread.run(Thread.java:748)&#10;&quot;pool-26-thread-15&quot;  prio=5 tid=301 in Object.wait()&#10;java.lang.Thread.State: WAITING (on object monitor)&#10;        at sun.misc.Unsafe.park(Native Method)&#10;        at java.util.concurrent.locks.LockSupport.park(LockSupport.java:175)&#10;        at java.util.concurrent.locks.AbstractQueuedSynchronizer$ConditionObject.await(AbstractQueuedSynchronizer.java:2039)&#10;        at java.util.concurrent.ArrayBlockingQueue.take(ArrayBlockingQueue.java:403)&#10;        at java.util.concurrent.ThreadPoolExecutor.getTask(ThreadPoolExecutor.java:1074)&#10;        at java.util.concurrent.ThreadPoolExecutor.runWorker(ThreadPoolExecutor.java:1134)&#10;        at java.util.concurrent.ThreadPoolExecutor$Worker.run(ThreadPoolExecutor.java:624)&#10;        at java.lang.Thread.run(Thread.java:748)&#10;&quot;metrics-hadoop-metrics2-reporter-2-thread-1&quot; daemon prio=5 tid=616 timed_waiting&#10;java.lang.Thread.State: TIMED_WAITING&#10;        at sun.misc.Unsafe.park(Native Method)&#10;        at java.util.concurrent.locks.LockSupport.parkNanos(LockSupport.java:215)&#10;        at java.util.concurrent.locks.AbstractQueuedSynchronizer$ConditionObject.awaitNanos(AbstractQueuedSynchronizer.java:2078)&#10;        at java.util.concurrent.ScheduledThreadPoolExecutor$DelayedWorkQueue.take(ScheduledThreadPoolExecutor.java:1093)&#10;        at java.util.concurrent.ScheduledThreadPoolExecutor$DelayedWorkQueue.take(ScheduledThreadPoolExecutor.java:809)&#10;        at java.util.concurrent.ThreadPoolExecutor.getTask(ThreadPoolExecutor.java:1074)&#10;        at java.util.concurrent.ThreadPoolExecutor.runWorker(ThreadPoolExecutor.java:1134)&#10;        at java.util.concurrent.ThreadPoolExecutor$Worker.run(ThreadPoolExecutor.java:624)&#10;        at java.lang.Thread.run(Thread.java:748)&#10;&quot;pool-36-thread-17&quot;  prio=5 tid=363 in Object.wait()&#10;java.lang.Thread.State: WAITING (on object monitor)&#10;        at sun.misc.Unsafe.park(Native Method)&#10;        at java.util.concurrent.locks.LockSupport.park(LockSupport.java:175)&#10;        at java.util.concurrent.locks.AbstractQueuedSynchronizer$ConditionObject.await(AbstractQueuedSynchronizer.java:2039)&#10;        at java.util.concurrent.ArrayBlockingQueue.take(ArrayBlockingQueue.java:403)&#10;        at java.util.concurrent.ThreadPoolExecutor.getTask(ThreadPoolExecutor.java:1074)&#10;        at java.util.concurrent.ThreadPoolExecutor.runWorker(ThreadPoolExecutor.java:1134)&#10;        at java.util.concurrent.ThreadPoolExecutor$Worker.run(ThreadPoolExecutor.java:624)&#10;        at java.lang.Thread.run(Thread.java:748)&#10;&quot;pool-26-thread-13&quot;  prio=5 tid=299 in Object.wait()&#10;java.lang.Thread.State: WAITING (on object monitor)&#10;        at sun.misc.Unsafe.park(Native Method)&#10;        at java.util.concurrent.locks.LockSupport.park(LockSupport.java:175)&#10;        at java.util.concurrent.locks.AbstractQueuedSynchronizer$ConditionObject.await(AbstractQueuedSynchronizer.java:2039)&#10;        at java.util.concurrent.ArrayBlockingQueue.take(ArrayBlockingQueue.java:403)&#10;        at java.util.concurrent.ThreadPoolExecutor.getTask(ThreadPoolExecutor.java:1074)&#10;        at java.util.concurrent.ThreadPoolExecutor.runWorker(ThreadPoolExecutor.java:1134)&#10;        at java.util.concurrent.ThreadPoolExecutor$Worker.run(ThreadPoolExecutor.java:624)&#10;        at java.lang.Thread.run(Thread.java:748)&#10;&quot;qtp1680841335-213&quot; daemon prio=5 tid=213 runnable&#10;java.lang.Thread.State: RUNNABLE&#10;        at sun.nio.ch.EPollArrayWrapper.epollWait(Native Method)&#10;        at sun.nio.ch.EPollArrayWrapper.poll(EPollArrayWrapper.java:269)&#10;        at sun.nio.ch.EPollSelectorImpl.doSelect(EPollSelectorImpl.java:93)&#10;        at sun.nio.ch.SelectorImpl.lockAndDoSelect(SelectorImpl.java:86)&#10;        at sun.nio.ch.SelectorImpl.select(SelectorImpl.java:97)&#10;        at sun.nio.ch.SelectorImpl.select(SelectorImpl.java:101)&#10;        at org.eclipse.jetty.io.ManagedSelector$SelectorProducer.select(ManagedSelector.java:243)&#10;        at org.eclipse.jetty.io.ManagedSelector$SelectorProducer.produce(ManagedSelector.java:191)&#10;        at org.eclipse.jetty.util.thread.strategy.ExecuteProduceConsume.executeProduceConsume(ExecuteProduceConsume.java:249)&#10;        at org.eclipse.jetty.util.thread.strategy.ExecuteProduceConsume.produceConsume(ExecuteProduceConsume.java:148)&#10;        at org.eclipse.jetty.util.thread.strategy.ExecuteProduceConsume.execute(ExecuteProduceConsume.java:100)&#10;        at org.eclipse.jetty.io.ManagedSelector.run(ManagedSelector.java:147)&#10;        at org.eclipse.jetty.util.thread.QueuedThreadPool.runJob(QueuedThreadPool.java:671)&#10;        at org.eclipse.jetty.util.thread.QueuedThreadPool$2.run(QueuedThreadPool.java:589)&#10;        at java.lang.Thread.run(Thread.java:748)&#10;&quot;5c3956af-60d3-411f-8c98-c7ed3576de5c@group-9043730FD47D-StateMachineUpdater&quot; daemon prio=5 tid=628 in Object.wait()&#10;java.lang.Thread.State: WAITING (on object monitor)&#10;        at java.lang.Object.wait(Native Method)&#10;        at java.lang.Object.wait(Object.java:502)&#10;        at org.apache.ratis.server.impl.StateMachineUpdater.waitForCommit(StateMachineUpdater.java:194)&#10;        at org.apache.ratis.server.impl.StateMachineUpdater.run(StateMachineUpdater.java:159)&#10;        at java.lang.Thread.run(Thread.java:748)&#10;&quot;pool-46-thread-47&quot;  prio=5 tid=453 in Object.wait()&#10;java.lang.Thread.State: WAITING (on object monitor)&#10;        at sun.misc.Unsafe.park(Native Method)&#10;        at java.util.concurrent.locks.LockSupport.park(LockSupport.java:175)&#10;        at java.util.concurrent.locks.AbstractQueuedSynchronizer$ConditionObject.await(AbstractQueuedSynchronizer.java:2039)&#10;        at java.util.concurrent.ArrayBlockingQueue.take(ArrayBlockingQueue.java:403)&#10;        at java.util.concurrent.ThreadPoolExecutor.getTask(ThreadPoolExecutor.java:1074)&#10;        at java.util.concurrent.ThreadPoolExecutor.runWorker(ThreadPoolExecutor.java:1134)&#10;        at java.util.concurrent.ThreadPoolExecutor$Worker.run(ThreadPoolExecutor.java:624)&#10;        at java.lang.Thread.run(Thread.java:748)&#10;&quot;qtp1845760645-267&quot; daemon prio=5 tid=267 runnable&#10;java.lang.Thread.State: RUNNABLE&#10;        at sun.nio.ch.EPollArrayWrapper.epollWait(Native Method)&#10;        at sun.nio.ch.EPollArrayWrapper.poll(EPollArrayWrapper.java:269)&#10;        at sun.nio.ch.EPollSelectorImpl.doSelect(EPollSelectorImpl.java:93)&#10;        at sun.nio.ch.SelectorImpl.lockAndDoSelect(SelectorImpl.java:86)&#10;        at sun.nio.ch.SelectorImpl.select(SelectorImpl.java:97)&#10;        at sun.nio.ch.SelectorImpl.select(SelectorImpl.java:101)&#10;        at org.eclipse.jetty.io.ManagedSelector$SelectorProducer.select(ManagedSelector.java:243)&#10;        at org.eclipse.jetty.io.ManagedSelector$SelectorProducer.produce(ManagedSelector.java:191)&#10;        at org.eclipse.jetty.util.thread.strategy.ExecuteProduceConsume.executeProduceConsume(ExecuteProduceConsume.java:249)&#10;        at org.eclipse.jetty.util.thread.strategy.ExecuteProduceConsume.produceConsume(ExecuteProduceConsume.java:148)&#10;        at org.eclipse.jetty.util.thread.strategy.ExecuteProduceConsume.execute(ExecuteProduceConsume.java:100)&#10;        at org.eclipse.jetty.io.ManagedSelector.run(ManagedSelector.java:147)&#10;        at org.eclipse.jetty.util.thread.QueuedThreadPool.runJob(QueuedThreadPool.java:671)&#10;        at org.eclipse.jetty.util.thread.QueuedThreadPool$2.run(QueuedThreadPool.java:589)&#10;        at java.lang.Thread.run(Thread.java:748)&#10;&quot;metrics-hadoop-metrics2-reporter-31-thread-1&quot; daemon prio=5 tid=693 timed_waiting&#10;java.lang.Thread.State: TIMED_WAITING&#10;        at sun.misc.Unsafe.park(Native Method)&#10;        at java.util.concurrent.locks.LockSupport.parkNanos(LockSupport.java:215)&#10;        at java.util.concurrent.locks.AbstractQueuedSynchronizer$ConditionObject.awaitNanos(AbstractQueuedSynchronizer.java:2078)&#10;        at java.util.concurrent.ScheduledThreadPoolExecutor$DelayedWorkQueue.take(ScheduledThreadPoolExecutor.java:1093)&#10;        at java.util.concurrent.ScheduledThreadPoolExecutor$DelayedWorkQueue.take(ScheduledThreadPoolExecutor.java:809)&#10;        at java.util.concurrent.ThreadPoolExecutor.getTask(ThreadPoolExecutor.java:1074)&#10;        at java.util.concurrent.ThreadPoolExecutor.runWorker(ThreadPoolExecutor.java:1134)&#10;        at java.util.concurrent.ThreadPoolExecutor$Worker.run(ThreadPoolExecutor.java:624)&#10;        at java.lang.Thread.run(Thread.java:748)&#10;&quot;pool-66-thread-8&quot;  prio=5 tid=543 in Object.wait()&#10;java.lang.Thread.State: WAITING (on object monitor)&#10;        at sun.misc.Unsafe.park(Native Method)&#10;        at java.util.concurrent.locks.LockSupport.park(LockSupport.java:175)&#10;        at java.util.concurrent.locks.AbstractQueuedSynchronizer$ConditionObject.await(AbstractQueuedSynchronizer.java:2039)&#10;        at java.util.concurrent.ArrayBlockingQueue.take(ArrayBlockingQueue.java:403)&#10;        at java.util.concurrent.ThreadPoolExecutor.getTask(ThreadPoolExecutor.java:1074)&#10;        at java.util.concurrent.ThreadPoolExecutor.runWorker(ThreadPoolExecutor.java:1134)&#10;        at java.util.concurrent.ThreadPoolExecutor$Worker.run(ThreadPoolExecutor.java:624)&#10;        at java.lang.Thread.run(Thread.java:748)&#10;&quot;IPC Server handler 3 on 46821&quot; daemon prio=5 tid=52 timed_waiting&#10;java.lang.Thread.State: TIMED_WAITING&#10;        at sun.misc.Unsafe.park(Native Method)&#10;        at java.util.concurrent.locks.LockSupport.parkNanos(LockSupport.java:215)&#10;        at java.util.concurrent.locks.AbstractQueuedSynchronizer$ConditionObject.awaitNanos(AbstractQueuedSynchronizer.java:2078)&#10;        at java.util.concurrent.LinkedBlockingQueue.poll(LinkedBlockingQueue.java:467)&#10;        at org.apache.hadoop.ipc.CallQueueManager.take(CallQueueManager.java:288)&#10;        at org.apache.hadoop.ipc.Server$Handler.run(Server.java:2668)&#10;&quot;IPC Server handler 9 on 35444&quot; daemon prio=5 tid=123 timed_waiting&#10;java.lang.Thread.State: TIMED_WAITING&#10;        at sun.misc.Unsafe.park(Native Method)&#10;        at java.util.concurrent.locks.LockSupport.parkNanos(LockSupport.java:215)&#10;        at java.util.concurrent.locks.AbstractQueuedSynchronizer$ConditionObject.awaitNanos(AbstractQueuedSynchronizer.java:2078)&#10;        at java.util.concurrent.LinkedBlockingQueue.poll(LinkedBlockingQueue.java:467)&#10;        at org.apache.hadoop.ipc.CallQueueManager.take(CallQueueManager.java:288)&#10;        at org.apache.hadoop.ipc.Server$Handler.run(Server.java:2668)&#10;&quot;pool-66-thread-57&quot;  prio=5 tid=592 in Object.wait()&#10;java.lang.Thread.State: WAITING (on object monitor)&#10;        at sun.misc.Unsafe.park(Native Method)&#10;        at java.util.concurrent.locks.LockSupport.park(LockSupport.java:175)&#10;        at java.util.concurrent.locks.AbstractQueuedSynchronizer$ConditionObject.await(AbstractQueuedSynchronizer.java:2039)&#10;        at java.util.concurrent.ArrayBlockingQueue.take(ArrayBlockingQueue.java:403)&#10;        at java.util.concurrent.ThreadPoolExecutor.getTask(ThreadPoolExecutor.java:1074)&#10;        at java.util.concurrent.ThreadPoolExecutor.runWorker(ThreadPoolExecutor.java:1134)&#10;        at java.util.concurrent.ThreadPoolExecutor$Worker.run(ThreadPoolExecutor.java:624)&#10;        at java.lang.Thread.run(Thread.java:748)&#10;&quot;pool-56-thread-12&quot;  prio=5 tid=485 in Object.wait()&#10;java.lang.Thread.State: WAITING (on object monitor)&#10;        at sun.misc.Unsafe.park(Native Method)&#10;        at java.util.concurrent.locks.LockSupport.park(LockSupport.java:175)&#10;        at java.util.concurrent.locks.AbstractQueuedSynchronizer$ConditionObject.await(AbstractQueuedSynchronizer.java:2039)&#10;        at java.util.concurrent.ArrayBlockingQueue.take(ArrayBlockingQueue.java:403)&#10;        at java.util.concurrent.ThreadPoolExecutor.getTask(ThreadPoolExecutor.java:1074)&#10;        at java.util.concurrent.ThreadPoolExecutor.runWorker(ThreadPoolExecutor.java:1134)&#10;        at java.util.concurrent.ThreadPoolExecutor$Worker.run(ThreadPoolExecutor.java:624)&#10;        at java.lang.Thread.run(Thread.java:748)&#10;&quot;EventQueue-NodeReportForNodeReportHandler&quot; daemon prio=5 tid=3263 in Object.wait()&#10;java.lang.Thread.State: WAITING (on object monitor)&#10;        at sun.misc.Unsafe.park(Native Method)&#10;        at java.util.concurrent.locks.LockSupport.park(LockSupport.java:175)&#10;        at java.util.concurrent.locks.AbstractQueuedSynchronizer$ConditionObject.await(AbstractQueuedSynchronizer.java:2039)&#10;        at java.util.concurrent.LinkedBlockingQueue.take(LinkedBlockingQueue.java:442)&#10;        at java.util.concurrent.ThreadPoolExecutor.getTask(ThreadPoolExecutor.java:1074)&#10;        at java.util.concurrent.ThreadPoolExecutor.runWorker(ThreadPoolExecutor.java:1134)&#10;        at java.util.concurrent.ThreadPoolExecutor$Worker.run(ThreadPoolExecutor.java:624)&#10;        at java.lang.Thread.run(Thread.java:748)&#10;&quot;pool-36-thread-51&quot;  prio=5 tid=397 in Object.wait()&#10;java.lang.Thread.State: WAITING (on object monitor)&#10;        at sun.misc.Unsafe.park(Native Method)&#10;        at java.util.concurrent.locks.LockSupport.park(LockSupport.java:175)&#10;        at java.util.concurrent.locks.AbstractQueuedSynchronizer$ConditionObject.await(AbstractQueuedSynchronizer.java:2039)&#10;        at java.util.concurrent.ArrayBlockingQueue.take(ArrayBlockingQueue.java:403)&#10;        at java.util.concurrent.ThreadPoolExecutor.getTask(ThreadPoolExecutor.java:1074)&#10;        at java.util.concurrent.ThreadPoolExecutor.runWorker(ThreadPoolExecutor.java:1134)&#10;        at java.util.concurrent.ThreadPoolExecutor$Worker.run(ThreadPoolExecutor.java:624)&#10;        at java.lang.Thread.run(Thread.java:748)&#10;&quot;pool-36-thread-50&quot;  prio=5 tid=396 in Object.wait()&#10;java.lang.Thread.State: WAITING (on object monitor)&#10;        at sun.misc.Unsafe.park(Native Method)&#10;        at java.util.concurrent.locks.LockSupport.park(LockSupport.java:175)&#10;        at java.util.concurrent.locks.AbstractQueuedSynchronizer$ConditionObject.await(AbstractQueuedSynchronizer.java:2039)&#10;        at java.util.concurrent.ArrayBlockingQueue.take(ArrayBlockingQueue.java:403)&#10;        at java.util.concurrent.ThreadPoolExecutor.getTask(ThreadPoolExecutor.java:1074)&#10;        at java.util.concurrent.ThreadPoolExecutor.runWorker(ThreadPoolExecutor.java:1134)&#10;        at java.util.concurrent.ThreadPoolExecutor$Worker.run(ThreadPoolExecutor.java:624)&#10;        at java.lang.Thread.run(Thread.java:748)&#10;&quot;qtp1919592808-193&quot; daemon prio=5 tid=193 timed_waiting&#10;java.lang.Thread.State: TIMED_WAITING&#10;        at sun.misc.Unsafe.park(Native Method)&#10;        at java.util.concurrent.locks.LockSupport.parkNanos(LockSupport.java:215)&#10;        at java.util.concurrent.locks.AbstractQueuedSynchronizer$ConditionObject.awaitNanos(AbstractQueuedSynchronizer.java:2078)&#10;        at org.eclipse.jetty.util.BlockingArrayQueue.poll(BlockingArrayQueue.java:392)&#10;        at org.eclipse.jetty.util.thread.QueuedThreadPool.idleJobPoll(QueuedThreadPool.java:563)&#10;        at org.eclipse.jetty.util.thread.QueuedThreadPool.access$800(QueuedThreadPool.java:48)&#10;        at org.eclipse.jetty.util.thread.QueuedThreadPool$2.run(QueuedThreadPool.java:626)&#10;        at java.lang.Thread.run(Thread.java:748)&#10;&quot;pool-56-thread-16&quot;  prio=5 tid=489 in Object.wait()&#10;java.lang.Thread.State: WAITING (on object monitor)&#10;        at sun.misc.Unsafe.park(Native Method)&#10;        at java.util.concurrent.locks.LockSupport.park(LockSupport.java:175)&#10;        at java.util.concurrent.locks.AbstractQueuedSynchronizer$ConditionObject.await(AbstractQueuedSynchronizer.java:2039)&#10;        at java.util.concurrent.ArrayBlockingQueue.take(ArrayBlockingQueue.java:403)&#10;        at java.util.concurrent.ThreadPoolExecutor.getTask(ThreadPoolExecutor.java:1074)&#10;        at java.util.concurrent.ThreadPoolExecutor.runWorker(ThreadPoolExecutor.java:1134)&#10;        at java.util.concurrent.ThreadPoolExecutor$Worker.run(ThreadPoolExecutor.java:624)&#10;        at java.lang.Thread.run(Thread.java:748)&#10;&quot;pool-26-thread-51&quot;  prio=5 tid=337 in Object.wait()&#10;java.lang.Thread.State: WAITING (on object monitor)&#10;        at sun.misc.Unsafe.park(Native Method)&#10;        at java.util.concurrent.locks.LockSupport.park(LockSupport.java:175)&#10;        at java.util.concurrent.locks.AbstractQueuedSynchronizer$ConditionObject.await(AbstractQueuedSynchronizer.java:2039)&#10;        at java.util.concurrent.ArrayBlockingQueue.take(ArrayBlockingQueue.java:403)&#10;        at java.util.concurrent.ThreadPoolExecutor.getTask(ThreadPoolExecutor.java:1074)&#10;        at java.util.concurrent.ThreadPoolExecutor.runWorker(ThreadPoolExecutor.java:1134)&#10;        at java.util.concurrent.ThreadPoolExecutor$Worker.run(ThreadPoolExecutor.java:624)&#10;        at java.lang.Thread.run(Thread.java:748)&#10;&quot;pool-66-thread-35&quot;  prio=5 tid=570 in Object.wait()&#10;java.lang.Thread.State: WAITING (on object monitor)&#10;        at sun.misc.Unsafe.park(Native Method)&#10;        at java.util.concurrent.locks.LockSupport.park(LockSupport.java:175)&#10;        at java.util.concurrent.locks.AbstractQueuedSynchronizer$ConditionObject.await(AbstractQueuedSynchronizer.java:2039)&#10;        at java.util.concurrent.ArrayBlockingQueue.take(ArrayBlockingQueue.java:403)&#10;        at java.util.concurrent.ThreadPoolExecutor.getTask(ThreadPoolExecutor.java:1074)&#10;        at java.util.concurrent.ThreadPoolExecutor.runWorker(ThreadPoolExecutor.java:1134)&#10;        at java.util.concurrent.ThreadPoolExecutor$Worker.run(ThreadPoolExecutor.java:624)&#10;        at java.lang.Thread.run(Thread.java:748)&#10;&quot;pool-26-thread-2&quot;  prio=5 tid=288 in Object.wait()&#10;java.lang.Thread.State: WAITING (on object monitor)&#10;        at sun.misc.Unsafe.park(Native Method)&#10;        at java.util.concurrent.locks.LockSupport.park(LockSupport.java:175)&#10;        at java.util.concurrent.locks.AbstractQueuedSynchronizer$ConditionObject.await(AbstractQueuedSynchronizer.java:2039)&#10;        at java.util.concurrent.ArrayBlockingQueue.take(ArrayBlockingQueue.java:403)&#10;        at java.util.concurrent.ThreadPoolExecutor.getTask(ThreadPoolExecutor.java:1074)&#10;        at java.util.concurrent.ThreadPoolExecutor.runWorker(ThreadPoolExecutor.java:1134)&#10;        at java.util.concurrent.ThreadPoolExecutor$Worker.run(ThreadPoolExecutor.java:624)&#10;        at java.lang.Thread.run(Thread.java:748)&#10;&quot;IPC Server handler 0 on 40923&quot; daemon prio=5 tid=29 timed_waiting&#10;java.lang.Thread.State: TIMED_WAITING&#10;        at sun.misc.Unsafe.park(Native Method)&#10;        at java.util.concurrent.locks.LockSupport.parkNanos(LockSupport.java:215)&#10;        at java.util.concurrent.locks.AbstractQueuedSynchronizer$ConditionObject.awaitNanos(AbstractQueuedSynchronizer.java:2078)&#10;        at java.util.concurrent.LinkedBlockingQueue.poll(LinkedBlockingQueue.java:467)&#10;        at org.apache.hadoop.ipc.CallQueueManager.take(CallQueueManager.java:288)&#10;        at org.apache.hadoop.ipc.Server$Handler.run(Server.java:2668)&#10;&quot;qtp1845760645-274&quot; daemon prio=5 tid=274 timed_waiting&#10;java.lang.Thread.State: TIMED_WAITING&#10;        at sun.misc.Unsafe.park(Native Method)&#10;        at java.util.concurrent.locks.LockSupport.parkNanos(LockSupport.java:215)&#10;        at java.util.concurrent.locks.AbstractQueuedSynchronizer$ConditionObject.awaitNanos(AbstractQueuedSynchronizer.java:2078)&#10;        at org.eclipse.jetty.util.BlockingArrayQueue.poll(BlockingArrayQueue.java:392)&#10;        at org.eclipse.jetty.util.thread.QueuedThreadPool.idleJobPoll(QueuedThreadPool.java:563)&#10;        at org.eclipse.jetty.util.thread.QueuedThreadPool.access$800(QueuedThreadPool.java:48)&#10;        at org.eclipse.jetty.util.thread.QueuedThreadPool$2.run(QueuedThreadPool.java:626)&#10;        at java.lang.Thread.run(Thread.java:748)&#10;&quot;pool-26-thread-10&quot;  prio=5 tid=296 in Object.wait()&#10;java.lang.Thread.State: WAITING (on object monitor)&#10;        at sun.misc.Unsafe.park(Native Method)&#10;        at java.util.concurrent.locks.LockSupport.park(LockSupport.java:175)&#10;        at java.util.concurrent.locks.AbstractQueuedSynchronizer$ConditionObject.await(AbstractQueuedSynchronizer.java:2039)&#10;        at java.util.concurrent.ArrayBlockingQueue.take(ArrayBlockingQueue.java:403)&#10;        at java.util.concurrent.ThreadPoolExecutor.getTask(ThreadPoolExecutor.java:1074)&#10;        at java.util.concurrent.ThreadPoolExecutor.runWorker(ThreadPoolExecutor.java:1134)&#10;        at java.util.concurrent.ThreadPoolExecutor$Worker.run(ThreadPoolExecutor.java:624)&#10;        at java.lang.Thread.run(Thread.java:748)&#10;&quot;qtp801142660-139&quot; daemon prio=5 tid=139 timed_waiting&#10;java.lang.Thread.State: TIMED_WAITING&#10;        at sun.misc.Unsafe.park(Native Method)&#10;        at java.util.concurrent.locks.LockSupport.parkNanos(LockSupport.java:215)&#10;        at java.util.concurrent.locks.AbstractQueuedSynchronizer$ConditionObject.awaitNanos(AbstractQueuedSynchronizer.java:2078)&#10;        at org.eclipse.jetty.util.BlockingArrayQueue.poll(BlockingArrayQueue.java:392)&#10;        at org.eclipse.jetty.util.thread.QueuedThreadPool.idleJobPoll(QueuedThreadPool.java:563)&#10;        at org.eclipse.jetty.util.thread.QueuedThreadPool.access$800(QueuedThreadPool.java:48)&#10;        at org.eclipse.jetty.util.thread.QueuedThreadPool$2.run(QueuedThreadPool.java:626)&#10;        at java.lang.Thread.run(Thread.java:748)&#10;&quot;surefire-forkedjvm-ping-30s&quot; daemon prio=5 tid=9 timed_waiting&#10;java.lang.Thread.State: TIMED_WAITING&#10;        at sun.misc.Unsafe.park(Native Method)&#10;        at java.util.concurrent.locks.LockSupport.parkNanos(LockSupport.java:215)&#10;        at java.util.concurrent.locks.AbstractQueuedSynchronizer$ConditionObject.awaitNanos(AbstractQueuedSynchronizer.java:2078)&#10;        at java.util.concurrent.ScheduledThreadPoolExecutor$DelayedWorkQueue.take(ScheduledThreadPoolExecutor.java:1093)&#10;        at java.util.concurrent.ScheduledThreadPoolExecutor$DelayedWorkQueue.take(ScheduledThreadPoolExecutor.java:809)&#10;        at java.util.concurrent.ThreadPoolExecutor.getTask(ThreadPoolExecutor.java:1074)&#10;        at java.util.concurrent.ThreadPoolExecutor.runWorker(ThreadPoolExecutor.java:1134)&#10;        at java.util.concurrent.ThreadPoolExecutor$Worker.run(ThreadPoolExecutor.java:624)&#10;        at java.lang.Thread.run(Thread.java:748)&#10;&quot;pool-26-thread-23&quot;  prio=5 tid=309 in Object.wait()&#10;java.lang.Thread.State: WAITING (on object monitor)&#10;        at sun.misc.Unsafe.park(Native Method)&#10;        at java.util.concurrent.locks.LockSupport.park(LockSupport.java:175)&#10;        at java.util.concurrent.locks.AbstractQueuedSynchronizer$ConditionObject.await(AbstractQueuedSynchronizer.java:2039)&#10;        at java.util.concurrent.ArrayBlockingQueue.take(ArrayBlockingQueue.java:403)&#10;        at java.util.concurrent.ThreadPoolExecutor.getTask(ThreadPoolExecutor.java:1074)&#10;        at java.util.concurrent.ThreadPoolExecutor.runWorker(ThreadPoolExecutor.java:1134)&#10;        at java.util.concurrent.ThreadPoolExecutor$Worker.run(ThreadPoolExecutor.java:624)&#10;        at java.lang.Thread.run(Thread.java:748)&#10;&quot;qtp1003663195-240&quot; daemon prio=5 tid=240 runnable&#10;java.lang.Thread.State: RUNNABLE&#10;        at sun.nio.ch.EPollArrayWrapper.epollWait(Native Method)&#10;        at sun.nio.ch.EPollArrayWrapper.poll(EPollArrayWrapper.java:269)&#10;        at sun.nio.ch.EPollSelectorImpl.doSelect(EPollSelectorImpl.java:93)&#10;        at sun.nio.ch.SelectorImpl.lockAndDoSelect(SelectorImpl.java:86)&#10;        at sun.nio.ch.SelectorImpl.select(SelectorImpl.java:97)&#10;        at sun.nio.ch.SelectorImpl.select(SelectorImpl.java:101)&#10;        at org.eclipse.jetty.io.ManagedSelector$SelectorProducer.select(ManagedSelector.java:243)&#10;        at org.eclipse.jetty.io.ManagedSelector$SelectorProducer.produce(ManagedSelector.java:191)&#10;        at org.eclipse.jetty.util.thread.strategy.ExecuteProduceConsume.executeProduceConsume(ExecuteProduceConsume.java:249)&#10;        at org.eclipse.jetty.util.thread.strategy.ExecuteProduceConsume.produceConsume(ExecuteProduceConsume.java:148)&#10;        at org.eclipse.jetty.util.thread.strategy.ExecuteProduceConsume.execute(ExecuteProduceConsume.java:100)&#10;        at org.eclipse.jetty.io.ManagedSelector.run(ManagedSelector.java:147)&#10;        at org.eclipse.jetty.util.thread.QueuedThreadPool.runJob(QueuedThreadPool.java:671)&#10;        at org.eclipse.jetty.util.thread.QueuedThreadPool$2.run(QueuedThreadPool.java:589)&#10;        at java.lang.Thread.run(Thread.java:748)&#10;&quot;qtp1845760645-271&quot; daemon prio=5 tid=271 timed_waiting&#10;java.lang.Thread.State: TIMED_WAITING&#10;        at sun.misc.Unsafe.park(Native Method)&#10;        at java.util.concurrent.locks.LockSupport.parkNanos(LockSupport.java:215)&#10;        at java.util.concurrent.locks.AbstractQueuedSynchronizer$ConditionObject.awaitNanos(AbstractQueuedSynchronizer.java:2078)&#10;        at org.eclipse.jetty.util.BlockingArrayQueue.poll(BlockingArrayQueue.java:392)&#10;        at org.eclipse.jetty.util.thread.QueuedThreadPool.idleJobPoll(QueuedThreadPool.java:563)&#10;        at org.eclipse.jetty.util.thread.QueuedThreadPool.access$800(QueuedThreadPool.java:48)&#10;        at org.eclipse.jetty.util.thread.QueuedThreadPool$2.run(QueuedThreadPool.java:626)&#10;        at java.lang.Thread.run(Thread.java:748)&#10;&quot;metrics-hadoop-metrics2-reporter-14-thread-1&quot; daemon prio=5 tid=644 timed_waiting&#10;java.lang.Thread.State: TIMED_WAITING&#10;        at sun.misc.Unsafe.park(Native Method)&#10;        at java.util.concurrent.locks.LockSupport.parkNanos(LockSupport.java:215)&#10;        at java.util.concurrent.locks.AbstractQueuedSynchronizer$ConditionObject.awaitNanos(AbstractQueuedSynchronizer.java:2078)&#10;        at java.util.concurrent.ScheduledThreadPoolExecutor$DelayedWorkQueue.take(ScheduledThreadPoolExecutor.java:1093)&#10;        at java.util.concurrent.ScheduledThreadPoolExecutor$DelayedWorkQueue.take(ScheduledThreadPoolExecutor.java:809)&#10;        at java.util.concurrent.ThreadPoolExecutor.getTask(ThreadPoolExecutor.java:1074)&#10;        at java.util.concurrent.ThreadPoolExecutor.runWorker(ThreadPoolExecutor.java:1134)&#10;        at java.util.concurrent.ThreadPoolExecutor$Worker.run(ThreadPoolExecutor.java:624)&#10;        at java.lang.Thread.run(Thread.java:748)&#10;&quot;pool-26-thread-46&quot;  prio=5 tid=332 in Object.wait()&#10;java.lang.Thread.State: WAITING (on object monitor)&#10;        at sun.misc.Unsafe.park(Native Method)&#10;        at java.util.concurrent.locks.LockSupport.park(LockSupport.java:175)&#10;        at java.util.concurrent.locks.AbstractQueuedSynchronizer$ConditionObject.await(AbstractQueuedSynchronizer.java:2039)&#10;        at java.util.concurrent.ArrayBlockingQueue.take(ArrayBlockingQueue.java:403)&#10;        at java.util.concurrent.ThreadPoolExecutor.getTask(ThreadPoolExecutor.java:1074)&#10;        at java.util.concurrent.ThreadPoolExecutor.runWorker(ThreadPoolExecutor.java:1134)&#10;        at java.util.concurrent.ThreadPoolExecutor$Worker.run(ThreadPoolExecutor.java:624)&#10;        at java.lang.Thread.run(Thread.java:748)&#10;&quot;pool-66-thread-20&quot;  prio=5 tid=555 in Object.wait()&#10;java.lang.Thread.State: WAITING (on object monitor)&#10;        at sun.misc.Unsafe.park(Native Method)&#10;        at java.util.concurrent.locks.LockSupport.park(LockSupport.java:175)&#10;        at java.util.concurrent.locks.AbstractQueuedSynchronizer$ConditionObject.await(AbstractQueuedSynchronizer.java:2039)&#10;        at java.util.concurrent.ArrayBlockingQueue.take(ArrayBlockingQueue.java:403)&#10;        at java.util.concurrent.ThreadPoolExecutor.getTask(ThreadPoolExecutor.java:1074)&#10;        at java.util.concurrent.ThreadPoolExecutor.runWorker(ThreadPoolExecutor.java:1134)&#10;        at java.util.concurrent.ThreadPoolExecutor$Worker.run(ThreadPoolExecutor.java:624)&#10;        at java.lang.Thread.run(Thread.java:748)&#10;&quot;efb933de-cdd8-4d8d-88d2-4c7ffe0dec1a@group-EE856C9543A1-SegmentedRaftLogWorker&quot;  prio=5 tid=778 timed_waiting&#10;java.lang.Thread.State: TIMED_WAITING&#10;        at sun.misc.Unsafe.park(Native Method)&#10;        at java.util.concurrent.locks.LockSupport.parkNanos(LockSupport.java:215)&#10;        at java.util.concurrent.locks.AbstractQueuedSynchronizer$ConditionObject.awaitNanos(AbstractQueuedSynchronizer.java:2078)&#10;        at org.apache.ratis.util.DataBlockingQueue.poll(DataBlockingQueue.java:137)&#10;        at org.apache.ratis.server.raftlog.segmented.SegmentedRaftLogWorker.run(SegmentedRaftLogWorker.java:282)&#10;        at java.lang.Thread.run(Thread.java:748)&#10;&quot;pool-46-thread-55&quot;  prio=5 tid=461 in Object.wait()&#10;java.lang.Thread.State: WAITING (on object monitor)&#10;        at sun.misc.Unsafe.park(Native Method)&#10;        at java.util.concurrent.locks.LockSupport.park(LockSupport.java:175)&#10;        at java.util.concurrent.locks.AbstractQueuedSynchronizer$ConditionObject.await(AbstractQueuedSynchronizer.java:2039)&#10;        at java.util.concurrent.ArrayBlockingQueue.take(ArrayBlockingQueue.java:403)&#10;        at java.util.concurrent.ThreadPoolExecutor.getTask(ThreadPoolExecutor.java:1074)&#10;        at java.util.concurrent.ThreadPoolExecutor.runWorker(ThreadPoolExecutor.java:1134)&#10;        at java.util.concurrent.ThreadPoolExecutor$Worker.run(ThreadPoolExecutor.java:624)&#10;        at java.lang.Thread.run(Thread.java:748)&#10;&quot;Thread-2827&quot; daemon prio=5 tid=3303 timed_waiting&#10;java.lang.Thread.State: TIMED_WAITING&#10;        at java.lang.Thread.sleep(Native Method)&#10;        at org.apache.ratis.util.JavaUtils.sleep(JavaUtils.java:247)&#10;        at org.apache.ratis.server.impl.FollowerState.run(FollowerState.java:97)&#10;&quot;pool-66-thread-14&quot;  prio=5 tid=549 in Object.wait()&#10;java.lang.Thread.State: WAITING (on object monitor)&#10;        at sun.misc.Unsafe.park(Native Method)&#10;        at java.util.concurrent.locks.LockSupport.park(LockSupport.java:175)&#10;        at java.util.concurrent.locks.AbstractQueuedSynchronizer$ConditionObject.await(AbstractQueuedSynchronizer.java:2039)&#10;        at java.util.concurrent.ArrayBlockingQueue.take(ArrayBlockingQueue.java:403)&#10;        at java.util.concurrent.ThreadPoolExecutor.getTask(ThreadPoolExecutor.java:1074)&#10;        at java.util.concurrent.ThreadPoolExecutor.runWorker(ThreadPoolExecutor.java:1134)&#10;        at java.util.concurrent.ThreadPoolExecutor$Worker.run(ThreadPoolExecutor.java:624)&#10;        at java.lang.Thread.run(Thread.java:748)&#10;&quot;pool-36-thread-49&quot;  prio=5 tid=395 in Object.wait()&#10;java.lang.Thread.State: WAITING (on object monitor)&#10;        at sun.misc.Unsafe.park(Native Method)&#10;        at java.util.concurrent.locks.LockSupport.park(LockSupport.java:175)&#10;        at java.util.concurrent.locks.AbstractQueuedSynchronizer$ConditionObject.await(AbstractQueuedSynchronizer.java:2039)&#10;        at java.util.concurrent.ArrayBlockingQueue.take(ArrayBlockingQueue.java:403)&#10;        at java.util.concurrent.ThreadPoolExecutor.getTask(ThreadPoolExecutor.java:1074)&#10;        at java.util.concurrent.ThreadPoolExecutor.runWorker(ThreadPoolExecutor.java:1134)&#10;        at java.util.concurrent.ThreadPoolExecutor$Worker.run(ThreadPoolExecutor.java:624)&#10;        at java.lang.Thread.run(Thread.java:748)&#10;&quot;BlockDeletingService#0&quot; daemon prio=5 tid=468 timed_waiting&#10;java.lang.Thread.State: TIMED_WAITING&#10;        at sun.misc.Unsafe.park(Native Method)&#10;        at java.util.concurrent.locks.LockSupport.parkNanos(LockSupport.java:215)&#10;        at java.util.concurrent.locks.AbstractQueuedSynchronizer$ConditionObject.awaitNanos(AbstractQueuedSynchronizer.java:2078)&#10;        at java.util.concurrent.ScheduledThreadPoolExecutor$DelayedWorkQueue.take(ScheduledThreadPoolExecutor.java:1093)&#10;        at java.util.concurrent.ScheduledThreadPoolExecutor$DelayedWorkQueue.take(ScheduledThreadPoolExecutor.java:809)&#10;        at java.util.concurrent.ThreadPoolExecutor.getTask(ThreadPoolExecutor.java:1074)&#10;        at java.util.concurrent.ThreadPoolExecutor.runWorker(ThreadPoolExecutor.java:1134)&#10;        at java.util.concurrent.ThreadPoolExecutor$Worker.run(ThreadPoolExecutor.java:624)&#10;        at java.lang.Thread.run(Thread.java:748)&#10;&quot;IPC Server idle connection scanner for port 33004&quot; daemon prio=5 tid=16 timed_waiting&#10;java.lang.Thread.State: TIMED_WAITING&#10;        at java.lang.Object.wait(Native Method)&#10;        at java.util.TimerThread.mainLoop(Timer.java:552)&#10;        at java.util.TimerThread.run(Timer.java:505)&#10;&quot;pool-60-thread-1&quot;  prio=5 tid=239 timed_waiting&#10;java.lang.Thread.State: TIMED_WAITING&#10;        at sun.misc.Unsafe.park(Native Method)&#10;        at java.util.concurrent.locks.LockSupport.parkNanos(LockSupport.java:215)&#10;        at java.util.concurrent.locks.AbstractQueuedSynchronizer$ConditionObject.awaitNanos(AbstractQueuedSynchronizer.java:2078)&#10;        at java.util.concurrent.ScheduledThreadPoolExecutor$DelayedWorkQueue.take(ScheduledThreadPoolExecutor.java:1093)&#10;        at java.util.concurrent.ScheduledThreadPoolExecutor$DelayedWorkQueue.take(ScheduledThreadPoolExecutor.java:809)&#10;        at java.util.concurrent.ThreadPoolExecutor.getTask(ThreadPoolExecutor.java:1074)&#10;        at java.util.concurrent.ThreadPoolExecutor.runWorker(ThreadPoolExecutor.java:1134)&#10;        at java.util.concurrent.ThreadPoolExecutor$Worker.run(ThreadPoolExecutor.java:624)&#10;        at java.lang.Thread.run(Thread.java:748)&#10;&quot;pool-56-thread-32&quot;  prio=5 tid=505 in Object.wait()&#10;java.lang.Thread.State: WAITING (on object monitor)&#10;        at sun.misc.Unsafe.park(Native Method)&#10;        at java.util.concurrent.locks.LockSupport.park(LockSupport.java:175)&#10;        at java.util.concurrent.locks.AbstractQueuedSynchronizer$ConditionObject.await(AbstractQueuedSynchronizer.java:2039)&#10;        at java.util.concurrent.ArrayBlockingQueue.take(ArrayBlockingQueue.java:403)&#10;        at java.util.concurrent.ThreadPoolExecutor.getTask(ThreadPoolExecutor.java:1074)&#10;        at java.util.concurrent.ThreadPoolExecutor.runWorker(ThreadPoolExecutor.java:1134)&#10;        at java.util.concurrent.ThreadPoolExecutor$Worker.run(ThreadPoolExecutor.java:624)&#10;        at java.lang.Thread.run(Thread.java:748)&#10;&quot;pool-26-thread-8&quot;  prio=5 tid=294 in Object.wait()&#10;java.lang.Thread.State: WAITING (on object monitor)&#10;        at sun.misc.Unsafe.park(Native Method)&#10;        at java.util.concurrent.locks.LockSupport.park(LockSupport.java:175)&#10;        at java.util.concurrent.locks.AbstractQueuedSynchronizer$ConditionObject.await(AbstractQueuedSynchronizer.java:2039)&#10;        at java.util.concurrent.ArrayBlockingQueue.take(ArrayBlockingQueue.java:403)&#10;        at java.util.concurrent.ThreadPoolExecutor.getTask(ThreadPoolExecutor.java:1074)&#10;        at java.util.concurrent.ThreadPoolExecutor.runWorker(ThreadPoolExecutor.java:1134)&#10;        at java.util.concurrent.ThreadPoolExecutor$Worker.run(ThreadPoolExecutor.java:624)&#10;        at java.lang.Thread.run(Thread.java:748)&#10;&quot;qtp1043358826-95&quot; daemon prio=5 tid=95 timed_waiting&#10;java.lang.Thread.State: TIMED_WAITING&#10;        at sun.misc.Unsafe.park(Native Method)&#10;        at java.util.concurrent.locks.LockSupport.parkNanos(LockSupport.java:215)&#10;        at java.util.concurrent.locks.AbstractQueuedSynchronizer$ConditionObject.awaitNanos(AbstractQueuedSynchronizer.java:2078)&#10;        at org.eclipse.jetty.util.BlockingArrayQueue.poll(BlockingArrayQueue.java:392)&#10;        at org.eclipse.jetty.util.thread.QueuedThreadPool.idleJobPoll(QueuedThreadPool.java:563)&#10;        at org.eclipse.jetty.util.thread.QueuedThreadPool.access$800(QueuedThreadPool.java:48)&#10;        at org.eclipse.jetty.util.thread.QueuedThreadPool$2.run(QueuedThreadPool.java:626)&#10;        at java.lang.Thread.run(Thread.java:748)&#10;&quot;qtp1043358826-94&quot; daemon prio=5 tid=94 timed_waiting&#10;java.lang.Thread.State: TIMED_WAITING&#10;        at sun.misc.Unsafe.park(Native Method)&#10;        at java.util.concurrent.locks.LockSupport.parkNanos(LockSupport.java:215)&#10;        at java.util.concurrent.locks.AbstractQueuedSynchronizer$ConditionObject.awaitNanos(AbstractQueuedSynchronizer.java:2078)&#10;        at org.eclipse.jetty.util.BlockingArrayQueue.poll(BlockingArrayQueue.java:392)&#10;        at org.eclipse.jetty.util.thread.QueuedThreadPool.idleJobPoll(QueuedThreadPool.java:563)&#10;        at org.eclipse.jetty.util.thread.QueuedThreadPool.access$800(QueuedThreadPool.java:48)&#10;        at org.eclipse.jetty.util.thread.QueuedThreadPool$2.run(QueuedThreadPool.java:626)&#10;        at java.lang.Thread.run(Thread.java:748)&#10;&quot;pool-56-thread-51&quot;  prio=5 tid=524 in Object.wait()&#10;java.lang.Thread.State: WAITING (on object monitor)&#10;        at sun.misc.Unsafe.park(Native Method)&#10;        at java.util.concurrent.locks.LockSupport.park(LockSupport.java:175)&#10;        at java.util.concurrent.locks.AbstractQueuedSynchronizer$ConditionObject.await(AbstractQueuedSynchronizer.java:2039)&#10;        at java.util.concurrent.ArrayBlockingQueue.take(ArrayBlockingQueue.java:403)&#10;        at java.util.concurrent.ThreadPoolExecutor.getTask(ThreadPoolExecutor.java:1074)&#10;        at java.util.concurrent.ThreadPoolExecutor.runWorker(ThreadPoolExecutor.java:1134)&#10;        at java.util.concurrent.ThreadPoolExecutor$Worker.run(ThreadPoolExecutor.java:624)&#10;        at java.lang.Thread.run(Thread.java:748)&#10;&quot;pool-26-thread-19&quot;  prio=5 tid=305 in Object.wait()&#10;java.lang.Thread.State: WAITING (on object monitor)&#10;        at sun.misc.Unsafe.park(Native Method)&#10;        at java.util.concurrent.locks.LockSupport.park(LockSupport.java:175)&#10;        at java.util.concurrent.locks.AbstractQueuedSynchronizer$ConditionObject.await(AbstractQueuedSynchronizer.java:2039)&#10;        at java.util.concurrent.ArrayBlockingQueue.take(ArrayBlockingQueue.java:403)&#10;        at java.util.concurrent.ThreadPoolExecutor.getTask(ThreadPoolExecutor.java:1074)&#10;        at java.util.concurrent.ThreadPoolExecutor.runWorker(ThreadPoolExecutor.java:1134)&#10;        at java.util.concurrent.ThreadPoolExecutor$Worker.run(ThreadPoolExecutor.java:624)&#10;        at java.lang.Thread.run(Thread.java:748)&#10;&quot;pool-46-thread-14&quot;  prio=5 tid=420 in Object.wait()&#10;java.lang.Thread.State: WAITING (on object monitor)&#10;        at sun.misc.Unsafe.park(Native Method)&#10;        at java.util.concurrent.locks.LockSupport.park(LockSupport.java:175)&#10;        at java.util.concurrent.locks.AbstractQueuedSynchronizer$ConditionObject.await(AbstractQueuedSynchronizer.java:2039)&#10;        at java.util.concurrent.ArrayBlockingQueue.take(ArrayBlockingQueue.java:403)&#10;        at java.util.concurrent.ThreadPoolExecutor.getTask(ThreadPoolExecutor.java:1074)&#10;        at java.util.concurrent.ThreadPoolExecutor.runWorker(ThreadPoolExecutor.java:1134)&#10;        at java.util.concurrent.ThreadPoolExecutor$Worker.run(ThreadPoolExecutor.java:624)&#10;        at java.lang.Thread.run(Thread.java:748)&#10;&quot;pool-66-thread-39&quot;  prio=5 tid=574 in Object.wait()&#10;java.lang.Thread.State: WAITING (on object monitor)&#10;        at sun.misc.Unsafe.park(Native Method)&#10;        at java.util.concurrent.locks.LockSupport.park(LockSupport.java:175)&#10;        at java.util.concurrent.locks.AbstractQueuedSynchronizer$ConditionObject.await(AbstractQueuedSynchronizer.java:2039)&#10;        at java.util.concurrent.ArrayBlockingQueue.take(ArrayBlockingQueue.java:403)&#10;        at java.util.concurrent.ThreadPoolExecutor.getTask(ThreadPoolExecutor.java:1074)&#10;        at java.util.concurrent.ThreadPoolExecutor.runWorker(ThreadPoolExecutor.java:1134)&#10;        at java.util.concurrent.ThreadPoolExecutor$Worker.run(ThreadPoolExecutor.java:624)&#10;        at java.lang.Thread.run(Thread.java:748)&#10;&quot;metrics-hadoop-metrics2-reporter-9-thread-1&quot; daemon prio=5 tid=632 timed_waiting&#10;java.lang.Thread.State: TIMED_WAITING&#10;        at sun.misc.Unsafe.park(Native Method)&#10;        at java.util.concurrent.locks.LockSupport.parkNanos(LockSupport.java:215)&#10;        at java.util.concurrent.locks.AbstractQueuedSynchronizer$ConditionObject.awaitNanos(AbstractQueuedSynchronizer.java:2078)&#10;        at java.util.concurrent.ScheduledThreadPoolExecutor$DelayedWorkQueue.take(ScheduledThreadPoolExecutor.java:1093)&#10;        at java.util.concurrent.ScheduledThreadPoolExecutor$DelayedWorkQueue.take(ScheduledThreadPoolExecutor.java:809)&#10;        at java.util.concurrent.ThreadPoolExecutor.getTask(ThreadPoolExecutor.java:1074)&#10;        at java.util.concurrent.ThreadPoolExecutor.runWorker(ThreadPoolExecutor.java:1134)&#10;        at java.util.concurrent.ThreadPoolExecutor$Worker.run(ThreadPoolExecutor.java:624)&#10;        at java.lang.Thread.run(Thread.java:748)&#10;&quot;pool-26-thread-11&quot;  prio=5 tid=297 in Object.wait()&#10;java.lang.Thread.State: WAITING (on object monitor)&#10;        at sun.misc.Unsafe.park(Native Method)&#10;        at java.util.concurrent.locks.LockSupport.park(LockSupport.java:175)&#10;        at java.util.concurrent.locks.AbstractQueuedSynchronizer$ConditionObject.await(AbstractQueuedSynchronizer.java:2039)&#10;        at java.util.concurrent.ArrayBlockingQueue.take(ArrayBlockingQueue.java:403)&#10;        at java.util.concurrent.ThreadPoolExecutor.getTask(ThreadPoolExecutor.java:1074)&#10;        at java.util.concurrent.ThreadPoolExecutor.runWorker(ThreadPoolExecutor.java:1134)&#10;        at java.util.concurrent.ThreadPoolExecutor$Worker.run(ThreadPoolExecutor.java:624)&#10;        at java.lang.Thread.run(Thread.java:748)&#10;&quot;qtp1845760645-270&quot; daemon prio=5 tid=270 timed_waiting&#10;java.lang.Thread.State: TIMED_WAITING&#10;        at sun.misc.Unsafe.park(Native Method)&#10;        at java.util.concurrent.locks.LockSupport.parkNanos(LockSupport.java:215)&#10;        at java.util.concurrent.locks.AbstractQueuedSynchronizer$ConditionObject.awaitNanos(AbstractQueuedSynchronizer.java:2078)&#10;        at org.eclipse.jetty.util.BlockingArrayQueue.poll(BlockingArrayQueue.java:392)&#10;        at org.eclipse.jetty.util.thread.QueuedThreadPool.idleJobPoll(QueuedThreadPool.java:563)&#10;        at org.eclipse.jetty.util.thread.QueuedThreadPool.access$800(QueuedThreadPool.java:48)&#10;        at org.eclipse.jetty.util.thread.QueuedThreadPool$2.run(QueuedThreadPool.java:626)&#10;        at java.lang.Thread.run(Thread.java:748)&#10;&quot;qtp650859015-162&quot; daemon prio=5 tid=162 timed_waiting&#10;java.lang.Thread.State: TIMED_WAITING&#10;        at sun.misc.Unsafe.park(Native Method)&#10;        at java.util.concurrent.locks.LockSupport.parkNanos(LockSupport.java:215)&#10;        at java.util.concurrent.locks.AbstractQueuedSynchronizer$ConditionObject.awaitNanos(AbstractQueuedSynchronizer.java:2078)&#10;        at org.eclipse.jetty.util.BlockingArrayQueue.poll(BlockingArrayQueue.java:392)&#10;        at org.eclipse.jetty.util.thread.QueuedThreadPool.idleJobPoll(QueuedThreadPool.java:563)&#10;        at org.eclipse.jetty.util.thread.QueuedThreadPool.access$800(QueuedThreadPool.java:48)&#10;        at org.eclipse.jetty.util.thread.QueuedThreadPool$2.run(QueuedThreadPool.java:626)&#10;        at java.lang.Thread.run(Thread.java:748)&#10;&quot;pool-46-thread-44&quot;  prio=5 tid=450 in Object.wait()&#10;java.lang.Thread.State: WAITING (on object monitor)&#10;        at sun.misc.Unsafe.park(Native Method)&#10;        at java.util.concurrent.locks.LockSupport.park(LockSupport.java:175)&#10;        at java.util.concurrent.locks.AbstractQueuedSynchronizer$ConditionObject.await(AbstractQueuedSynchronizer.java:2039)&#10;        at java.util.concurrent.ArrayBlockingQueue.take(ArrayBlockingQueue.java:403)&#10;        at java.util.concurrent.ThreadPoolExecutor.getTask(ThreadPoolExecutor.java:1074)&#10;        at java.util.concurrent.ThreadPoolExecutor.runWorker(ThreadPoolExecutor.java:1134)&#10;        at java.util.concurrent.ThreadPoolExecutor$Worker.run(ThreadPoolExecutor.java:624)&#10;        at java.lang.Thread.run(Thread.java:748)&#10;&quot;qtp1043358826-96&quot; daemon prio=5 tid=96 timed_waiting&#10;java.lang.Thread.State: TIMED_WAITING&#10;        at sun.misc.Unsafe.park(Native Method)&#10;        at java.util.concurrent.locks.LockSupport.parkNanos(LockSupport.java:215)&#10;        at java.util.concurrent.locks.AbstractQueuedSynchronizer$ConditionObject.awaitNanos(AbstractQueuedSynchronizer.java:2078)&#10;        at org.eclipse.jetty.util.BlockingArrayQueue.poll(BlockingArrayQueue.java:392)&#10;        at org.eclipse.jetty.util.thread.QueuedThreadPool.idleJobPoll(QueuedThreadPool.java:563)&#10;        at org.eclipse.jetty.util.thread.QueuedThreadPool.access$800(QueuedThreadPool.java:48)&#10;        at org.eclipse.jetty.util.thread.QueuedThreadPool$2.run(QueuedThreadPool.java:626)&#10;        at java.lang.Thread.run(Thread.java:748)&#10;&quot;pool-66-thread-33&quot;  prio=5 tid=568 in Object.wait()&#10;java.lang.Thread.State: WAITING (on object monitor)&#10;        at sun.misc.Unsafe.park(Native Method)&#10;        at java.util.concurrent.locks.LockSupport.park(LockSupport.java:175)&#10;        at java.util.concurrent.locks.AbstractQueuedSynchronizer$ConditionObject.await(AbstractQueuedSynchronizer.java:2039)&#10;        at java.util.concurrent.ArrayBlockingQueue.take(ArrayBlockingQueue.java:403)&#10;        at java.util.concurrent.ThreadPoolExecutor.getTask(ThreadPoolExecutor.java:1074)&#10;        at java.util.concurrent.ThreadPoolExecutor.runWorker(ThreadPoolExecutor.java:1134)&#10;        at java.util.concurrent.ThreadPoolExecutor$Worker.run(ThreadPoolExecutor.java:624)&#10;        at java.lang.Thread.run(Thread.java:748)&#10;&quot;pool-56-thread-34&quot;  prio=5 tid=507 in Object.wait()&#10;java.lang.Thread.State: WAITING (on object monitor)&#10;        at sun.misc.Unsafe.park(Native Method)&#10;        at java.util.concurrent.locks.LockSupport.park(LockSupport.java:175)&#10;        at java.util.concurrent.locks.AbstractQueuedSynchronizer$ConditionObject.await(AbstractQueuedSynchronizer.java:2039)&#10;        at java.util.concurrent.ArrayBlockingQueue.take(ArrayBlockingQueue.java:403)&#10;        at java.util.concurrent.ThreadPoolExecutor.getTask(ThreadPoolExecutor.java:1074)&#10;        at java.util.concurrent.ThreadPoolExecutor.runWorker(ThreadPoolExecutor.java:1134)&#10;        at java.util.concurrent.ThreadPoolExecutor$Worker.run(ThreadPoolExecutor.java:624)&#10;        at java.lang.Thread.run(Thread.java:748)&#10;&quot;JUnit&quot;  prio=5 tid=1 runnable&#10;java.lang.Thread.State: RUNNABLE&#10;        at java.lang.Thread.dumpThreads(Native Method)&#10;        at java.lang.Thread.getAllStackTraces(Thread.java:1610)&#10;        at org.apache.hadoop.test.TimedOutTestsListener.buildThreadDump(TimedOutTestsListener.java:87)&#10;        at org.apache.hadoop.test.TimedOutTestsListener.buildThreadDiagnosticString(TimedOutTestsListener.java:73)&#10;        at org.apache.hadoop.test.GenericTestUtils.waitFor(GenericTestUtils.java:389)&#10;        at org.apache.hadoop.ozone.MiniOzoneClusterImpl.waitForClusterToBeReady(MiniOzoneClusterImpl.java:149)&#10;        at org.apache.hadoop.fs.ozone.contract.OzoneContract.createCluster(OzoneContract.java:68)&#10;        at org.apache.hadoop.fs.ozone.contract.ITestOzoneContractMkdir.createCluster(ITestOzoneContractMkdir.java:36)&#10;        at sun.reflect.NativeMethodAccessorImpl.invoke0(Native Method)&#10;        at sun.reflect.NativeMethodAccessorImpl.invoke(NativeMethodAccessorImpl.java:62)&#10;        at sun.reflect.DelegatingMethodAccessorImpl.invoke(DelegatingMethodAccessorImpl.java:43)&#10;        at java.lang.reflect.Method.invoke(Method.java:498)&#10;        at org.junit.runners.model.FrameworkMethod$1.runReflectiveCall(FrameworkMethod.java:47)&#10;        at org.junit.internal.runners.model.ReflectiveCallable.run(ReflectiveCallable.java:12)&#10;        at org.junit.runners.model.FrameworkMethod.invokeExplosively(FrameworkMethod.java:44)&#10;        at org.junit.internal.runners.statements.RunBefores.evaluate(RunBefores.java:24)&#10;        at org.junit.internal.runners.statements.RunAfters.evaluate(RunAfters.java:27)&#10;        at org.junit.runners.ParentRunner.run(ParentRunner.java:309)&#10;        at org.apache.maven.surefire.junit4.JUnit4Provider.execute(JUnit4Provider.java:365)&#10;        at org.apache.maven.surefire.junit4.JUnit4Provider.executeWithRerun(JUnit4Provider.java:273)&#10;        at org.apache.maven.surefire.junit4.JUnit4Provider.executeTestSet(JUnit4Provider.java:238)&#10;        at org.apache.maven.surefire.junit4.JUnit4Provider.invoke(JUnit4Provider.java:159)&#10;        at org.apache.maven.surefire.booter.ForkedBooter.invokeProviderInSameClassLoader(ForkedBooter.java:384)&#10;        at org.apache.maven.surefire.booter.ForkedBooter.runSuitesInProcess(ForkedBooter.java:345)&#10;        at org.apache.maven.surefire.booter.ForkedBooter.execute(ForkedBooter.java:126)&#10;        at org.apache.maven.surefire.booter.ForkedBooter.main(ForkedBooter.java:418)&#10;&quot;c5571329-ed88-4dd5-851a-7ef9aaa2970f@group-E11993EF5BE0-StateMachineUpdater&quot; daemon prio=5 tid=646 in Object.wait()&#10;java.lang.Thread.State: WAITING (on object monitor)&#10;        at java.lang.Object.wait(Native Method)&#10;        at java.lang.Object.wait(Object.java:502)&#10;        at org.apache.ratis.server.impl.StateMachineUpdater.waitForCommit(StateMachineUpdater.java:194)&#10;        at org.apache.ratis.server.impl.StateMachineUpdater.run(StateMachineUpdater.java:159)&#10;        at java.lang.Thread.run(Thread.java:748)&#10;&quot;pool-36-thread-16&quot;  prio=5 tid=362 in Object.wait()&#10;java.lang.Thread.State: WAITING (on object monitor)&#10;        at sun.misc.Unsafe.park(Native Method)&#10;        at java.util.concurrent.locks.LockSupport.park(LockSupport.java:175)&#10;        at java.util.concurrent.locks.AbstractQueuedSynchronizer$ConditionObject.await(AbstractQueuedSynchronizer.java:2039)&#10;        at java.util.concurrent.ArrayBlockingQueue.take(ArrayBlockingQueue.java:403)&#10;        at java.util.concurrent.ThreadPoolExecutor.getTask(ThreadPoolExecutor.java:1074)&#10;        at java.util.concurrent.ThreadPoolExecutor.runWorker(ThreadPoolExecutor.java:1134)&#10;        at java.util.concurrent.ThreadPoolExecutor$Worker.run(ThreadPoolExecutor.java:624)&#10;        at java.lang.Thread.run(Thread.java:748)&#10;&quot;metrics-hadoop-metrics2-reporter-13-thread-1&quot; daemon prio=5 tid=641 timed_waiting&#10;java.lang.Thread.State: TIMED_WAITING&#10;        at sun.misc.Unsafe.park(Native Method)&#10;        at java.util.concurrent.locks.LockSupport.parkNanos(LockSupport.java:215)&#10;        at java.util.concurrent.locks.AbstractQueuedSynchronizer$ConditionObject.awaitNanos(AbstractQueuedSynchronizer.java:2078)&#10;        at java.util.concurrent.ScheduledThreadPoolExecutor$DelayedWorkQueue.take(ScheduledThreadPoolExecutor.java:1093)&#10;        at java.util.concurrent.ScheduledThreadPoolExecutor$DelayedWorkQueue.take(ScheduledThreadPoolExecutor.java:809)&#10;        at java.util.concurrent.ThreadPoolExecutor.getTask(ThreadPoolExecutor.java:1074)&#10;        at java.util.concurrent.ThreadPoolExecutor.runWorker(ThreadPoolExecutor.java:1134)&#10;        at java.util.concurrent.ThreadPoolExecutor$Worker.run(ThreadPoolExecutor.java:624)&#10;        at java.lang.Thread.run(Thread.java:748)&#10;&quot;qtp801142660-138&quot; daemon prio=5 tid=138 timed_waiting&#10;java.lang.Thread.State: TIMED_WAITING&#10;        at sun.misc.Unsafe.park(Native Method)&#10;        at java.util.concurrent.locks.LockSupport.parkNanos(LockSupport.java:215)&#10;        at java.util.concurrent.locks.AbstractQueuedSynchronizer$ConditionObject.awaitNanos(AbstractQueuedSynchronizer.java:2078)&#10;        at org.eclipse.jetty.util.BlockingArrayQueue.poll(BlockingArrayQueue.java:392)&#10;        at org.eclipse.jetty.util.thread.QueuedThreadPool.idleJobPoll(QueuedThreadPool.java:563)&#10;        at org.eclipse.jetty.util.thread.QueuedThreadPool.access$800(QueuedThreadPool.java:48)&#10;        at org.eclipse.jetty.util.thread.QueuedThreadPool$2.run(QueuedThreadPool.java:626)&#10;        at java.lang.Thread.run(Thread.java:748)&#10;&quot;IPC Server handler 1 on 35444&quot; daemon prio=5 tid=115 timed_waiting&#10;java.lang.Thread.State: TIMED_WAITING&#10;        at sun.misc.Unsafe.park(Native Method)&#10;        at java.util.concurrent.locks.LockSupport.parkNanos(LockSupport.java:215)&#10;        at java.util.concurrent.locks.AbstractQueuedSynchronizer$ConditionObject.awaitNanos(AbstractQueuedSynchronizer.java:2078)&#10;        at java.util.concurrent.LinkedBlockingQueue.poll(LinkedBlockingQueue.java:467)&#10;        at org.apache.hadoop.ipc.CallQueueManager.take(CallQueueManager.java:288)&#10;        at org.apache.hadoop.ipc.Server$Handler.run(Server.java:2668)&#10;&quot;IPC Server idle connection scanner for port 35444&quot; daemon prio=5 tid=109 timed_waiting&#10;java.lang.Thread.State: TIMED_WAITING&#10;        at java.lang.Object.wait(Native Method)&#10;        at java.util.TimerThread.mainLoop(Timer.java:552)&#10;        at java.util.TimerThread.run(Timer.java:505)&#10;&quot;metrics-hadoop-metrics2-reporter-39-thread-1&quot; daemon prio=5 tid=785 timed_waiting&#10;java.lang.Thread.State: TIMED_WAITING&#10;        at sun.misc.Unsafe.park(Native Method)&#10;        at java.util.concurrent.locks.LockSupport.parkNanos(LockSupport.java:215)&#10;        at java.util.concurrent.locks.AbstractQueuedSynchronizer$ConditionObject.awaitNanos(AbstractQueuedSynchronizer.java:2078)&#10;        at java.util.concurrent.ScheduledThreadPoolExecutor$DelayedWorkQueue.take(ScheduledThreadPoolExecutor.java:1093)&#10;        at java.util.concurrent.ScheduledThreadPoolExecutor$DelayedWorkQueue.take(ScheduledThreadPoolExecutor.java:809)&#10;        at java.util.concurrent.ThreadPoolExecutor.getTask(ThreadPoolExecutor.java:1074)&#10;        at java.util.concurrent.ThreadPoolExecutor.runWorker(ThreadPoolExecutor.java:1134)&#10;        at java.util.concurrent.ThreadPoolExecutor$Worker.run(ThreadPoolExecutor.java:624)&#10;        at java.lang.Thread.run(Thread.java:748)&#10;&quot;pool-46-thread-2&quot;  prio=5 tid=408 in Object.wait()&#10;java.lang.Thread.State: WAITING (on object monitor)&#10;        at sun.misc.Unsafe.park(Native Method)&#10;        at java.util.concurrent.locks.LockSupport.park(LockSupport.java:175)&#10;        at java.util.concurrent.locks.AbstractQueuedSynchronizer$ConditionObject.await(AbstractQueuedSynchronizer.java:2039)&#10;        at java.util.concurrent.ArrayBlockingQueue.take(ArrayBlockingQueue.java:403)&#10;        at java.util.concurrent.ThreadPoolExecutor.getTask(ThreadPoolExecutor.java:1074)&#10;        at java.util.concurrent.ThreadPoolExecutor.runWorker(ThreadPoolExecutor.java:1134)&#10;        at java.util.concurrent.ThreadPoolExecutor$Worker.run(ThreadPoolExecutor.java:624)&#10;        at java.lang.Thread.run(Thread.java:748)&#10;&quot;surefire-forkedjvm-command-thread&quot; daemon prio=5 tid=8 runnable&#10;java.lang.Thread.State: RUNNABLE&#10;        at java.io.FileInputStream.readBytes(Native Method)&#10;        at java.io.FileInputStream.read(FileInputStream.java:255)&#10;        at java.io.BufferedInputStream.fill(BufferedInputStream.java:246)&#10;        at java.io.BufferedInputStream.read(BufferedInputStream.java:265)&#10;        at java.io.DataInputStream.readInt(DataInputStream.java:387)&#10;        at org.apache.maven.surefire.booter.MasterProcessCommand.decode(MasterProcessCommand.java:115)&#10;        at org.apache.maven.surefire.booter.CommandReader$CommandRunnable.run(CommandReader.java:390)&#10;        at java.lang.Thread.run(Thread.java:748)&#10;&quot;pool-56-thread-36&quot;  prio=5 tid=509 in Object.wait()&#10;java.lang.Thread.State: WAITING (on object monitor)&#10;        at sun.misc.Unsafe.park(Native Method)&#10;        at java.util.concurrent.locks.LockSupport.park(LockSupport.java:175)&#10;        at java.util.concurrent.locks.AbstractQueuedSynchronizer$ConditionObject.await(AbstractQueuedSynchronizer.java:2039)&#10;        at java.util.concurrent.ArrayBlockingQueue.take(ArrayBlockingQueue.java:403)&#10;        at java.util.concurrent.ThreadPoolExecutor.getTask(ThreadPoolExecutor.java:1074)&#10;        at java.util.concurrent.ThreadPoolExecutor.runWorker(ThreadPoolExecutor.java:1134)&#10;        at java.util.concurrent.ThreadPoolExecutor$Worker.run(ThreadPoolExecutor.java:624)&#10;        at java.lang.Thread.run(Thread.java:748)&#10;&quot;IPC Server handler 9 on 46821&quot; daemon prio=5 tid=58 timed_waiting&#10;java.lang.Thread.State: TIMED_WAITING&#10;        at sun.misc.Unsafe.park(Native Method)&#10;        at java.util.concurrent.locks.LockSupport.parkNanos(LockSupport.java:215)&#10;        at java.util.concurrent.locks.AbstractQueuedSynchronizer$ConditionObject.awaitNanos(AbstractQueuedSynchronizer.java:2078)&#10;        at java.util.concurrent.LinkedBlockingQueue.poll(LinkedBlockingQueue.java:467)&#10;        at org.apache.hadoop.ipc.CallQueueManager.take(CallQueueManager.java:288)&#10;        at org.apache.hadoop.ipc.Server$Handler.run(Server.java:2668)&#10;&quot;metrics-hadoop-metrics2-reporter-42-thread-1&quot; daemon prio=5 tid=792 timed_waiting&#10;java.lang.Thread.State: TIMED_WAITING&#10;        at sun.misc.Unsafe.park(Native Method)&#10;        at java.util.concurrent.locks.LockSupport.parkNanos(LockSupport.java:215)&#10;        at java.util.concurrent.locks.AbstractQueuedSynchronizer$ConditionObject.awaitNanos(AbstractQueuedSynchronizer.java:2078)&#10;        at java.util.concurrent.ScheduledThreadPoolExecutor$DelayedWorkQueue.take(ScheduledThreadPoolExecutor.java:1093)&#10;        at java.util.concurrent.ScheduledThreadPoolExecutor$DelayedWorkQueue.take(ScheduledThreadPoolExecutor.java:809)&#10;        at java.util.concurrent.ThreadPoolExecutor.getTask(ThreadPoolExecutor.java:1074)&#10;        at java.util.concurrent.ThreadPoolExecutor.runWorker(ThreadPoolExecutor.java:1134)&#10;        at java.util.concurrent.ThreadPoolExecutor$Worker.run(ThreadPoolExecutor.java:624)&#10;        at java.lang.Thread.run(Thread.java:748)&#10;&quot;pool-26-thread-3&quot;  prio=5 tid=289 in Object.wait()&#10;java.lang.Thread.State: WAITING (on object monitor)&#10;        at sun.misc.Unsafe.park(Native Method)&#10;        at java.util.concurrent.locks.LockSupport.park(LockSupport.java:175)&#10;        at java.util.concurrent.locks.AbstractQueuedSynchronizer$ConditionObject.await(AbstractQueuedSynchronizer.java:2039)&#10;        at java.util.concurrent.ArrayBlockingQueue.take(ArrayBlockingQueue.java:403)&#10;        at java.util.concurrent.ThreadPoolExecutor.getTask(ThreadPoolExecutor.java:1074)&#10;        at java.util.concurrent.ThreadPoolExecutor.runWorker(ThreadPoolExecutor.java:1134)&#10;        at java.util.concurrent.ThreadPoolExecutor$Worker.run(ThreadPoolExecutor.java:624)&#10;        at java.lang.Thread.run(Thread.java:748)&#10;&quot;IPC Server handler 16 on 40923&quot; daemon prio=5 tid=45 timed_waiting&#10;java.lang.Thread.State: TIMED_WAITING&#10;        at sun.misc.Unsafe.park(Native Method)&#10;        at java.util.concurrent.locks.LockSupport.parkNanos(LockSupport.java:215)&#10;        at java.util.concurrent.locks.AbstractQueuedSynchronizer$ConditionObject.awaitNanos(AbstractQueuedSynchronizer.java:2078)&#10;        at java.util.concurrent.LinkedBlockingQueue.poll(LinkedBlockingQueue.java:467)&#10;        at org.apache.hadoop.ipc.CallQueueManager.take(CallQueueManager.java:288)&#10;        at org.apache.hadoop.ipc.Server$Handler.run(Server.java:2668)&#10;&quot;IPC Server handler 10 on 46821&quot; daemon prio=5 tid=59 timed_waiting&#10;java.lang.Thread.State: TIMED_WAITING&#10;        at sun.misc.Unsafe.park(Native Method)&#10;        at java.util.concurrent.locks.LockSupport.parkNanos(LockSupport.java:215)&#10;        at java.util.concurrent.locks.AbstractQueuedSynchronizer$ConditionObject.awaitNanos(AbstractQueuedSynchronizer.java:2078)&#10;        at java.util.concurrent.LinkedBlockingQueue.poll(LinkedBlockingQueue.java:467)&#10;        at org.apache.hadoop.ipc.CallQueueManager.take(CallQueueManager.java:288)&#10;        at org.apache.hadoop.ipc.Server$Handler.run(Server.java:2668)&#10;&quot;pool-46-thread-37&quot;  prio=5 tid=443 in Object.wait()&#10;java.lang.Thread.State: WAITING (on object monitor)&#10;        at sun.misc.Unsafe.park(Native Method)&#10;        at java.util.concurrent.locks.LockSupport.park(LockSupport.java:175)&#10;        at java.util.concurrent.locks.AbstractQueuedSynchronizer$ConditionObject.await(AbstractQueuedSynchronizer.java:2039)&#10;        at java.util.concurrent.ArrayBlockingQueue.take(ArrayBlockingQueue.java:403)&#10;        at java.util.concurrent.ThreadPoolExecutor.getTask(ThreadPoolExecutor.java:1074)&#10;        at java.util.concurrent.ThreadPoolExecutor.runWorker(ThreadPoolExecutor.java:1134)&#10;        at java.util.concurrent.ThreadPoolExecutor$Worker.run(ThreadPoolExecutor.java:624)&#10;        at java.lang.Thread.run(Thread.java:748)&#10;&quot;pool-66-thread-12&quot;  prio=5 tid=547 in Object.wait()&#10;java.lang.Thread.State: WAITING (on object monitor)&#10;        at sun.misc.Unsafe.park(Native Method)&#10;        at java.util.concurrent.locks.LockSupport.park(LockSupport.java:175)&#10;        at java.util.concurrent.locks.AbstractQueuedSynchronizer$ConditionObject.await(AbstractQueuedSynchronizer.java:2039)&#10;        at java.util.concurrent.ArrayBlockingQueue.take(ArrayBlockingQueue.java:403)&#10;        at java.util.concurrent.ThreadPoolExecutor.getTask(ThreadPoolExecutor.java:1074)&#10;        at java.util.concurrent.ThreadPoolExecutor.runWorker(ThreadPoolExecutor.java:1134)&#10;        at java.util.concurrent.ThreadPoolExecutor$Worker.run(ThreadPoolExecutor.java:624)&#10;        at java.lang.Thread.run(Thread.java:748)&#10;&quot;Thread-224&quot; daemon prio=5 tid=653 timed_waiting&#10;java.lang.Thread.State: TIMED_WAITING&#10;        at sun.misc.Unsafe.park(Native Method)&#10;        at java.util.concurrent.locks.LockSupport.parkNanos(LockSupport.java:215)&#10;        at java.util.concurrent.locks.AbstractQueuedSynchronizer$ConditionObject.awaitNanos(AbstractQueuedSynchronizer.java:2078)&#10;        at java.util.concurrent.ArrayBlockingQueue.poll(ArrayBlockingQueue.java:418)&#10;        at org.apache.ratis.server.impl.LeaderState$EventQueue.poll(LeaderState.java:115)&#10;        at org.apache.ratis.server.impl.LeaderState$EventProcessor.run(LeaderState.java:467)&#10;&quot;5c3956af-60d3-411f-8c98-c7ed3576de5c@group-EE856C9543A1-StateMachineUpdater&quot; daemon prio=5 tid=783 in Object.wait()&#10;java.lang.Thread.State: WAITING (on object monitor)&#10;        at java.lang.Object.wait(Native Method)&#10;        at java.lang.Object.wait(Object.java:502)&#10;        at org.apache.ratis.server.impl.StateMachineUpdater.waitForCommit(StateMachineUpdater.java:194)&#10;        at org.apache.ratis.server.impl.StateMachineUpdater.run(StateMachineUpdater.java:159)&#10;        at java.lang.Thread.run(Thread.java:748)&#10;&quot;Datanode State Machine Thread - 0&quot; daemon prio=5 tid=204 timed_waiting&#10;java.lang.Thread.State: TIMED_WAITING&#10;        at sun.misc.Unsafe.park(Native Method)&#10;        at java.util.concurrent.locks.LockSupport.parkNanos(LockSupport.java:215)&#10;        at java.util.concurrent.SynchronousQueue$TransferStack.awaitFulfill(SynchronousQueue.java:460)&#10;        at java.util.concurrent.SynchronousQueue$TransferStack.transfer(SynchronousQueue.java:362)&#10;        at java.util.concurrent.SynchronousQueue.poll(SynchronousQueue.java:941)&#10;        at java.util.concurrent.ThreadPoolExecutor.getTask(ThreadPoolExecutor.java:1073)&#10;        at java.util.concurrent.ThreadPoolExecutor.runWorker(ThreadPoolExecutor.java:1134)&#10;        at java.util.concurrent.ThreadPoolExecutor$Worker.run(ThreadPoolExecutor.java:624)&#10;        at java.lang.Thread.run(Thread.java:748)&#10;&quot;Periodic HDDS volume checker&quot;  prio=5 tid=178 timed_waiting&#10;java.lang.Thread.State: TIMED_WAITING&#10;        at sun.misc.Unsafe.park(Native Method)&#10;        at java.util.concurrent.locks.LockSupport.parkNanos(LockSupport.java:215)&#10;        at java.util.concurrent.locks.AbstractQueuedSynchronizer$ConditionObject.awaitNanos(AbstractQueuedSynchronizer.java:2078)&#10;        at java.util.concurrent.ScheduledThreadPoolExecutor$DelayedWorkQueue.take(ScheduledThreadPoolExecutor.java:1093)&#10;        at java.util.concurrent.ScheduledThreadPoolExecutor$DelayedWorkQueue.take(ScheduledThreadPoolExecutor.java:809)&#10;        at java.util.concurrent.ThreadPoolExecutor.getTask(ThreadPoolExecutor.java:1074)&#10;        at java.util.concurrent.ThreadPoolExecutor.runWorker(ThreadPoolExecutor.java:1134)&#10;        at java.util.concurrent.ThreadPoolExecutor$Worker.run(ThreadPoolExecutor.java:624)&#10;        at java.lang.Thread.run(Thread.java:748)&#10;&quot;pool-46-thread-32&quot;  prio=5 tid=438 in Object.wait()&#10;java.lang.Thread.State: WAITING (on object monitor)&#10;        at sun.misc.Unsafe.park(Native Method)&#10;        at java.util.concurrent.locks.LockSupport.park(LockSupport.java:175)&#10;        at java.util.concurrent.locks.AbstractQueuedSynchronizer$ConditionObject.await(AbstractQueuedSynchronizer.java:2039)&#10;        at java.util.concurrent.ArrayBlockingQueue.take(ArrayBlockingQueue.java:403)&#10;        at java.util.concurrent.ThreadPoolExecutor.getTask(ThreadPoolExecutor.java:1074)&#10;        at java.util.concurrent.ThreadPoolExecutor.runWorker(ThreadPoolExecutor.java:1134)&#10;        at java.util.concurrent.ThreadPoolExecutor$Worker.run(ThreadPoolExecutor.java:624)&#10;        at java.lang.Thread.run(Thread.java:748)&#10;&quot;pool-36-thread-36&quot;  prio=5 tid=382 in Object.wait()&#10;java.lang.Thread.State: WAITING (on object monitor)&#10;        at sun.misc.Unsafe.park(Native Method)&#10;        at java.util.concurrent.locks.LockSupport.park(LockSupport.java:175)&#10;        at java.util.concurrent.locks.AbstractQueuedSynchronizer$ConditionObject.await(AbstractQueuedSynchronizer.java:2039)&#10;        at java.util.concurrent.ArrayBlockingQueue.take(ArrayBlockingQueue.java:403)&#10;        at java.util.concurrent.ThreadPoolExecutor.getTask(ThreadPoolExecutor.java:1074)&#10;        at java.util.concurrent.ThreadPoolExecutor.runWorker(ThreadPoolExecutor.java:1134)&#10;        at java.util.concurrent.ThreadPoolExecutor$Worker.run(ThreadPoolExecutor.java:624)&#10;        at java.lang.Thread.run(Thread.java:748)&#10;&quot;qtp1680841335-219&quot; daemon prio=5 tid=219 timed_waiting&#10;java.lang.Thread.State: TIMED_WAITING&#10;        at sun.misc.Unsafe.park(Native Method)&#10;        at java.util.concurrent.locks.LockSupport.parkNanos(LockSupport.java:215)&#10;        at java.util.concurrent.locks.AbstractQueuedSynchronizer$ConditionObject.awaitNanos(AbstractQueuedSynchronizer.java:2078)&#10;        at org.eclipse.jetty.util.BlockingArrayQueue.poll(BlockingArrayQueue.java:392)&#10;        at org.eclipse.jetty.util.thread.QueuedThreadPool.idleJobPoll(QueuedThreadPool.java:563)&#10;        at org.eclipse.jetty.util.thread.QueuedThreadPool.access$800(QueuedThreadPool.java:48)&#10;        at org.eclipse.jetty.util.thread.QueuedThreadPool$2.run(QueuedThreadPool.java:626)&#10;        at java.lang.Thread.run(Thread.java:748)&#10;&quot;EventQueue-NodeRegistrationContainerReportForContainerSafeModeRule&quot; daemon prio=5 tid=601 in Object.wait()&#10;java.lang.Thread.State: WAITING (on object monitor)&#10;        at sun.misc.Unsafe.park(Native Method)&#10;        at java.util.concurrent.locks.LockSupport.park(LockSupport.java:175)&#10;        at java.util.concurrent.locks.AbstractQueuedSynchronizer$ConditionObject.await(AbstractQueuedSynchronizer.java:2039)&#10;        at java.util.concurrent.LinkedBlockingQueue.take(LinkedBlockingQueue.java:442)&#10;        at java.util.concurrent.ThreadPoolExecutor.getTask(ThreadPoolExecutor.java:1074)&#10;        at java.util.concurrent.ThreadPoolExecutor.runWorker(ThreadPoolExecutor.java:1134)&#10;        at java.util.concurrent.ThreadPoolExecutor$Worker.run(ThreadPoolExecutor.java:624)&#10;        at java.lang.Thread.run(Thread.java:748)&#10;&quot;pool-66-thread-43&quot;  prio=5 tid=578 in Object.wait()&#10;java.lang.Thread.State: WAITING (on object monitor)&#10;        at sun.misc.Unsafe.park(Native Method)&#10;        at java.util.concurrent.locks.LockSupport.park(LockSupport.java:175)&#10;        at java.util.concurrent.locks.AbstractQueuedSynchronizer$ConditionObject.await(AbstractQueuedSynchronizer.java:2039)&#10;        at java.util.concurrent.ArrayBlockingQueue.take(ArrayBlockingQueue.java:403)&#10;        at java.util.concurrent.ThreadPoolExecutor.getTask(ThreadPoolExecutor.java:1074)&#10;        at java.util.concurrent.ThreadPoolExecutor.runWorker(ThreadPoolExecutor.java:1134)&#10;        at java.util.concurrent.ThreadPoolExecutor$Worker.run(ThreadPoolExecutor.java:624)&#10;        at java.lang.Thread.run(Thread.java:748)&#10;&quot;pool-66-thread-16&quot;  prio=5 tid=551 in Object.wait()&#10;java.lang.Thread.State: WAITING (on object monitor)&#10;        at sun.misc.Unsafe.park(Native Method)&#10;        at java.util.concurrent.locks.LockSupport.park(LockSupport.java:175)&#10;        at java.util.concurrent.locks.AbstractQueuedSynchronizer$ConditionObject.await(AbstractQueuedSynchronizer.java:2039)&#10;        at java.util.concurrent.ArrayBlockingQueue.take(ArrayBlockingQueue.java:403)&#10;        at java.util.concurrent.ThreadPoolExecutor.getTask(ThreadPoolExecutor.java:1074)&#10;        at java.util.concurrent.ThreadPoolExecutor.runWorker(ThreadPoolExecutor.java:1134)&#10;        at java.util.concurrent.ThreadPoolExecutor$Worker.run(ThreadPoolExecutor.java:624)&#10;        at java.lang.Thread.run(Thread.java:748)&#10;&quot;CommandWatcher-LeaseManager#LeaseMonitor&quot; daemon prio=5 tid=28 timed_waiting&#10;java.lang.Thread.State: TIMED_WAITING&#10;        at java.lang.Thread.sleep(Native Method)&#10;        at org.apache.hadoop.ozone.lease.LeaseManager$LeaseMonitor.run(LeaseManager.java:234)&#10;        at java.lang.Thread.run(Thread.java:748)&#10;&quot;grpc-default-executor-5&quot; daemon prio=5 tid=826 timed_waiting&#10;java.lang.Thread.State: TIMED_WAITING&#10;        at sun.misc.Unsafe.park(Native Method)&#10;        at java.util.concurrent.locks.LockSupport.parkNanos(LockSupport.java:215)&#10;        at java.util.concurrent.SynchronousQueue$TransferStack.awaitFulfill(SynchronousQueue.java:460)&#10;        at java.util.concurrent.SynchronousQueue$TransferStack.transfer(SynchronousQueue.java:362)&#10;        at java.util.concurrent.SynchronousQueue.poll(SynchronousQueue.java:941)&#10;        at java.util.concurrent.ThreadPoolExecutor.getTask(ThreadPoolExecutor.java:1073)&#10;        at java.util.concurrent.ThreadPoolExecutor.runWorker(ThreadPoolExecutor.java:1134)&#10;        at java.util.concurrent.ThreadPoolExecutor$Worker.run(ThreadPoolExecutor.java:624)&#10;        at java.lang.Thread.run(Thread.java:748)&#10;&quot;Datanode ReportManager Thread - 3&quot; daemon prio=5 tid=228 in Object.wait()&#10;java.lang.Thread.State: WAITING (on object monitor)&#10;        at sun.misc.Unsafe.park(Native Method)&#10;        at java.util.concurrent.locks.LockSupport.park(LockSupport.java:175)&#10;        at java.util.concurrent.locks.AbstractQueuedSynchronizer$ConditionObject.await(AbstractQueuedSynchronizer.java:2039)&#10;        at java.util.concurrent.ScheduledThreadPoolExecutor$DelayedWorkQueue.take(ScheduledThreadPoolExecutor.java:1088)&#10;        at java.util.concurrent.ScheduledThreadPoolExecutor$DelayedWorkQueue.take(ScheduledThreadPoolExecutor.java:809)&#10;        at java.util.concurrent.ThreadPoolExecutor.getTask(ThreadPoolExecutor.java:1074)&#10;        at java.util.concurrent.ThreadPoolExecutor.runWorker(ThreadPoolExecutor.java:1134)&#10;        at java.util.concurrent.ThreadPoolExecutor$Worker.run(ThreadPoolExecutor.java:624)&#10;        at java.lang.Thread.run(Thread.java:748)&#10;&quot;pool-36-thread-48&quot;  prio=5 tid=394 in Object.wait()&#10;java.lang.Thread.State: WAITING (on object monitor)&#10;        at sun.misc.Unsafe.park(Native Method)&#10;        at java.util.concurrent.locks.LockSupport.park(LockSupport.java:175)&#10;        at java.util.concurrent.locks.AbstractQueuedSynchronizer$ConditionObject.await(AbstractQueuedSynchronizer.java:2039)&#10;        at java.util.concurrent.ArrayBlockingQueue.take(ArrayBlockingQueue.java:403)&#10;        at java.util.concurrent.ThreadPoolExecutor.getTask(ThreadPoolExecutor.java:1074)&#10;        at java.util.concurrent.ThreadPoolExecutor.runWorker(ThreadPoolExecutor.java:1134)&#10;        at java.util.concurrent.ThreadPoolExecutor$Worker.run(ThreadPoolExecutor.java:624)&#10;        at java.lang.Thread.run(Thread.java:748)&#10;&quot;IPC Server handler 4 on 33004&quot; daemon prio=5 tid=73 timed_waiting&#10;java.lang.Thread.State: TIMED_WAITING&#10;        at sun.misc.Unsafe.park(Native Method)&#10;        at java.util.concurrent.locks.LockSupport.parkNanos(LockSupport.java:215)&#10;        at java.util.concurrent.locks.AbstractQueuedSynchronizer$ConditionObject.awaitNanos(AbstractQueuedSynchronizer.java:2078)&#10;        at java.util.concurrent.LinkedBlockingQueue.poll(LinkedBlockingQueue.java:467)&#10;        at org.apache.hadoop.ipc.CallQueueManager.take(CallQueueManager.java:288)&#10;        at org.apache.hadoop.ipc.Server$Handler.run(Server.java:2668)&#10;&quot;pool-46-thread-24&quot;  prio=5 tid=430 in Object.wait()&#10;java.lang.Thread.State: WAITING (on object monitor)&#10;        at sun.misc.Unsafe.park(Native Method)&#10;        at java.util.concurrent.locks.LockSupport.park(LockSupport.java:175)&#10;        at java.util.concurrent.locks.AbstractQueuedSynchronizer$ConditionObject.await(AbstractQueuedSynchronizer.java:2039)&#10;        at java.util.concurrent.ArrayBlockingQueue.take(ArrayBlockingQueue.java:403)&#10;        at java.util.concurrent.ThreadPoolExecutor.getTask(ThreadPoolExecutor.java:1074)&#10;        at java.util.concurrent.ThreadPoolExecutor.runWorker(ThreadPoolExecutor.java:1134)&#10;        at java.util.concurrent.ThreadPoolExecutor$Worker.run(ThreadPoolExecutor.java:624)&#10;        at java.lang.Thread.run(Thread.java:748)&#10;&quot;Socket Reader #1 for port 35444&quot;  prio=5 tid=108 runnable&#10;java.lang.Thread.State: RUNNABLE&#10;        at sun.nio.ch.EPollArrayWrapper.epollWait(Native Method)&#10;        at sun.nio.ch.EPollArrayWrapper.poll(EPollArrayWrapper.java:269)&#10;        at sun.nio.ch.EPollSelectorImpl.doSelect(EPollSelectorImpl.java:93)&#10;        at sun.nio.ch.SelectorImpl.lockAndDoSelect(SelectorImpl.java:86)&#10;        at sun.nio.ch.SelectorImpl.select(SelectorImpl.java:97)&#10;        at sun.nio.ch.SelectorImpl.select(SelectorImpl.java:101)&#10;        at org.apache.hadoop.ipc.Server$Listener$Reader.doRunLoop(Server.java:1097)&#10;        at org.apache.hadoop.ipc.Server$Listener$Reader.run(Server.java:1076)&#10;&quot;efb933de-cdd8-4d8d-88d2-4c7ffe0dec1a@group-0F9C9D952736-StateMachineUpdater&quot; daemon prio=5 tid=615 in Object.wait()&#10;java.lang.Thread.State: WAITING (on object monitor)&#10;        at java.lang.Object.wait(Native Method)&#10;        at java.lang.Object.wait(Object.java:502)&#10;        at org.apache.ratis.server.impl.StateMachineUpdater.waitForCommit(StateMachineUpdater.java:194)&#10;        at org.apache.ratis.server.impl.StateMachineUpdater.run(StateMachineUpdater.java:159)&#10;        at java.lang.Thread.run(Thread.java:748)&#10;&quot;IPC Server handler 16 on 33004&quot; daemon prio=5 tid=85 timed_waiting&#10;java.lang.Thread.State: TIMED_WAITING&#10;        at sun.misc.Unsafe.park(Native Method)&#10;        at java.util.concurrent.locks.LockSupport.parkNanos(LockSupport.java:215)&#10;        at java.util.concurrent.locks.AbstractQueuedSynchronizer$ConditionObject.awaitNanos(AbstractQueuedSynchronizer.java:2078)&#10;        at java.util.concurrent.LinkedBlockingQueue.poll(LinkedBlockingQueue.java:467)&#10;        at org.apache.hadoop.ipc.CallQueueManager.take(CallQueueManager.java:288)&#10;        at org.apache.hadoop.ipc.Server$Handler.run(Server.java:2668)&#10;&quot;Socket Reader #1 for port 46821&quot;  prio=5 tid=19 runnable&#10;java.lang.Thread.State: RUNNABLE&#10;        at sun.nio.ch.EPollArrayWrapper.epollWait(Native Method)&#10;        at sun.nio.ch.EPollArrayWrapper.poll(EPollArrayWrapper.java:269)&#10;        at sun.nio.ch.EPollSelectorImpl.doSelect(EPollSelectorImpl.java:93)&#10;        at sun.nio.ch.SelectorImpl.lockAndDoSelect(SelectorImpl.java:86)&#10;        at sun.nio.ch.SelectorImpl.select(SelectorImpl.java:97)&#10;        at sun.nio.ch.SelectorImpl.select(SelectorImpl.java:101)&#10;        at org.apache.hadoop.ipc.Server$Listener$Reader.doRunLoop(Server.java:1097)&#10;        at org.apache.hadoop.ipc.Server$Listener$Reader.run(Server.java:1076)&#10;&quot;pool-40-thread-1&quot;  prio=5 tid=185 timed_waiting&#10;java.lang.Thread.State: TIMED_WAITING&#10;        at sun.misc.Unsafe.park(Native Method)&#10;        at java.util.concurrent.locks.LockSupport.parkNanos(LockSupport.java:215)&#10;        at java.util.concurrent.locks.AbstractQueuedSynchronizer$ConditionObject.awaitNanos(AbstractQueuedSynchronizer.java:2078)&#10;        at java.util.concurrent.ScheduledThreadPoolExecutor$DelayedWorkQueue.take(ScheduledThreadPoolExecutor.java:1093)&#10;        at java.util.concurrent.ScheduledThreadPoolExecutor$DelayedWorkQueue.take(ScheduledThreadPoolExecutor.java:809)&#10;        at java.util.concurrent.ThreadPoolExecutor.getTask(ThreadPoolExecutor.java:1074)&#10;        at java.util.concurrent.ThreadPoolExecutor.runWorker(ThreadPoolExecutor.java:1134)&#10;        at java.util.concurrent.ThreadPoolExecutor$Worker.run(ThreadPoolExecutor.java:624)&#10;        at java.lang.Thread.run(Thread.java:748)&#10;&quot;metrics-hadoop-metrics2-reporter-20-thread-1&quot; daemon prio=5 tid=659 timed_waiting&#10;java.lang.Thread.State: TIMED_WAITING&#10;        at sun.misc.Unsafe.park(Native Method)&#10;        at java.util.concurrent.locks.LockSupport.parkNanos(LockSupport.java:215)&#10;        at java.util.concurrent.locks.AbstractQueuedSynchronizer$ConditionObject.awaitNanos(AbstractQueuedSynchronizer.java:2078)&#10;        at java.util.concurrent.ScheduledThreadPoolExecutor$DelayedWorkQueue.take(ScheduledThreadPoolExecutor.java:1093)&#10;        at java.util.concurrent.ScheduledThreadPoolExecutor$DelayedWorkQueue.take(ScheduledThreadPoolExecutor.java:809)&#10;        at java.util.concurrent.ThreadPoolExecutor.getTask(ThreadPoolExecutor.java:1074)&#10;        at java.util.concurrent.ThreadPoolExecutor.runWorker(ThreadPoolExecutor.java:1134)&#10;        at java.util.concurrent.ThreadPoolExecutor$Worker.run(ThreadPoolExecutor.java:624)&#10;        at java.lang.Thread.run(Thread.java:748)&#10;&quot;pool-66-thread-37&quot;  prio=5 tid=572 in Object.wait()&#10;java.lang.Thread.State: WAITING (on object monitor)&#10;        at sun.misc.Unsafe.park(Native Method)&#10;        at java.util.concurrent.locks.LockSupport.park(LockSupport.java:175)&#10;        at java.util.concurrent.locks.AbstractQueuedSynchronizer$ConditionObject.await(AbstractQueuedSynchronizer.java:2039)&#10;        at java.util.concurrent.ArrayBlockingQueue.take(ArrayBlockingQueue.java:403)&#10;        at java.util.concurrent.ThreadPoolExecutor.getTask(ThreadPoolExecutor.java:1074)&#10;        at java.util.concurrent.ThreadPoolExecutor.runWorker(ThreadPoolExecutor.java:1134)&#10;        at java.util.concurrent.ThreadPoolExecutor$Worker.run(ThreadPoolExecutor.java:624)&#10;        at java.lang.Thread.run(Thread.java:748)&#10;&quot;pool-26-thread-44&quot;  prio=5 tid=330 in Object.wait()&#10;java.lang.Thread.State: WAITING (on object monitor)&#10;        at sun.misc.Unsafe.park(Native Method)&#10;        at java.util.concurrent.locks.LockSupport.park(LockSupport.java:175)&#10;        at java.util.concurrent.locks.AbstractQueuedSynchronizer$ConditionObject.await(AbstractQueuedSynchronizer.java:2039)&#10;        at java.util.concurrent.ArrayBlockingQueue.take(ArrayBlockingQueue.java:403)&#10;        at java.util.concurrent.ThreadPoolExecutor.getTask(ThreadPoolExecutor.java:1074)&#10;        at java.util.concurrent.ThreadPoolExecutor.runWorker(ThreadPoolExecutor.java:1134)&#10;        at java.util.concurrent.ThreadPoolExecutor$Worker.run(ThreadPoolExecutor.java:624)&#10;        at java.lang.Thread.run(Thread.java:748)&#10;&quot;pool-26-thread-1&quot;  prio=5 tid=287 in Object.wait()&#10;java.lang.Thread.State: WAITING (on object monitor)&#10;        at sun.misc.Unsafe.park(Native Method)&#10;        at java.util.concurrent.locks.LockSupport.park(LockSupport.java:175)&#10;        at java.util.concurrent.locks.AbstractQueuedSynchronizer$ConditionObject.await(AbstractQueuedSynchronizer.java:2039)&#10;        at java.util.concurrent.ArrayBlockingQueue.take(ArrayBlockingQueue.java:403)&#10;        at java.util.concurrent.ThreadPoolExecutor.getTask(ThreadPoolExecutor.java:1074)&#10;        at java.util.concurrent.ThreadPoolExecutor.runWorker(ThreadPoolExecutor.java:1134)&#10;        at java.util.concurrent.ThreadPoolExecutor$Worker.run(ThreadPoolExecutor.java:624)&#10;        at java.lang.Thread.run(Thread.java:748)&#10;&quot;pool-56-thread-6&quot;  prio=5 tid=479 in Object.wait()&#10;java.lang.Thread.State: WAITING (on object monitor)&#10;        at sun.misc.Unsafe.park(Native Method)&#10;        at java.util.concurrent.locks.LockSupport.park(LockSupport.java:175)&#10;        at java.util.concurrent.locks.AbstractQueuedSynchronizer$ConditionObject.await(AbstractQueuedSynchronizer.java:2039)&#10;        at java.util.concurrent.ArrayBlockingQueue.take(ArrayBlockingQueue.java:403)&#10;        at java.util.concurrent.ThreadPoolExecutor.getTask(ThreadPoolExecutor.java:1074)&#10;        at java.util.concurrent.ThreadPoolExecutor.runWorker(ThreadPoolExecutor.java:1134)&#10;        at java.util.concurrent.ThreadPoolExecutor$Worker.run(ThreadPoolExecutor.java:624)&#10;        at java.lang.Thread.run(Thread.java:748)&#10;&quot;IPC Server handler 2 on 46821&quot; daemon prio=5 tid=51 timed_waiting&#10;java.lang.Thread.State: TIMED_WAITING&#10;        at sun.misc.Unsafe.park(Native Method)&#10;        at java.util.concurrent.locks.LockSupport.parkNanos(LockSupport.java:215)&#10;        at java.util.concurrent.locks.AbstractQueuedSynchronizer$ConditionObject.awaitNanos(AbstractQueuedSynchronizer.java:2078)&#10;        at java.util.concurrent.LinkedBlockingQueue.poll(LinkedBlockingQueue.java:467)&#10;        at org.apache.hadoop.ipc.CallQueueManager.take(CallQueueManager.java:288)&#10;        at org.apache.hadoop.ipc.Server$Handler.run(Server.java:2668)&#10;&quot;IPC Server Responder&quot; daemon prio=5 tid=21 runnable&#10;java.lang.Thread.State: RUNNABLE&#10;        at sun.nio.ch.EPollArrayWrapper.epollWait(Native Method)&#10;        at sun.nio.ch.EPollArrayWrapper.poll(EPollArrayWrapper.java:269)&#10;        at sun.nio.ch.EPollSelectorImpl.doSelect(EPollSelectorImpl.java:93)&#10;        at sun.nio.ch.SelectorImpl.lockAndDoSelect(SelectorImpl.java:86)&#10;        at sun.nio.ch.SelectorImpl.select(SelectorImpl.java:97)&#10;        at org.apache.hadoop.ipc.Server$Responder.doRunLoop(Server.java:1334)&#10;        at org.apache.hadoop.ipc.Server$Responder.run(Server.java:1317)&#10;&quot;Thread-226&quot; daemon prio=5 tid=657 timed_waiting&#10;java.lang.Thread.State: TIMED_WAITING&#10;        at sun.misc.Unsafe.park(Native Method)&#10;        at java.util.concurrent.locks.LockSupport.parkNanos(LockSupport.java:215)&#10;        at java.util.concurrent.locks.AbstractQueuedSynchronizer$ConditionObject.awaitNanos(AbstractQueuedSynchronizer.java:2078)&#10;        at java.util.concurrent.ArrayBlockingQueue.poll(ArrayBlockingQueue.java:418)&#10;        at org.apache.ratis.server.impl.LeaderState$EventQueue.poll(LeaderState.java:115)&#10;        at org.apache.ratis.server.impl.LeaderState$EventProcessor.run(LeaderState.java:467)&#10;&quot;Datanode ReportManager Thread - 3&quot; daemon prio=5 tid=282 timed_waiting&#10;java.lang.Thread.State: TIMED_WAITING&#10;        at sun.misc.Unsafe.park(Native Method)&#10;        at java.util.concurrent.locks.LockSupport.parkNanos(LockSupport.java:215)&#10;        at java.util.concurrent.locks.AbstractQueuedSynchronizer$ConditionObject.awaitNanos(AbstractQueuedSynchronizer.java:2078)&#10;        at java.util.concurrent.ScheduledThreadPoolExecutor$DelayedWorkQueue.take(ScheduledThreadPoolExecutor.java:1093)&#10;        at java.util.concurrent.ScheduledThreadPoolExecutor$DelayedWorkQueue.take(ScheduledThreadPoolExecutor.java:809)&#10;        at java.util.concurrent.ThreadPoolExecutor.getTask(ThreadPoolExecutor.java:1074)&#10;        at java.util.concurrent.ThreadPoolExecutor.runWorker(ThreadPoolExecutor.java:1134)&#10;        at java.util.concurrent.ThreadPoolExecutor$Worker.run(ThreadPoolExecutor.java:624)&#10;        at java.lang.Thread.run(Thread.java:748)&#10;&quot;Datanode ReportManager Thread - 1&quot; daemon prio=5 tid=199 in Object.wait()&#10;java.lang.Thread.State: WAITING (on object monitor)&#10;        at sun.misc.Unsafe.park(Native Method)&#10;        at java.util.concurrent.locks.LockSupport.park(LockSupport.java:175)&#10;        at java.util.concurrent.locks.AbstractQueuedSynchronizer$ConditionObject.await(AbstractQueuedSynchronizer.java:2039)&#10;        at java.util.concurrent.ScheduledThreadPoolExecutor$DelayedWorkQueue.take(ScheduledThreadPoolExecutor.java:1088)&#10;        at java.util.concurrent.ScheduledThreadPoolExecutor$DelayedWorkQueue.take(ScheduledThreadPoolExecutor.java:809)&#10;        at java.util.concurrent.ThreadPoolExecutor.getTask(ThreadPoolExecutor.java:1074)&#10;        at java.util.concurrent.ThreadPoolExecutor.runWorker(ThreadPoolExecutor.java:1134)&#10;        at java.util.concurrent.ThreadPoolExecutor$Worker.run(ThreadPoolExecutor.java:624)&#10;        at java.lang.Thread.run(Thread.java:748)&#10;&quot;metrics-hadoop-metrics2-reporter-43-thread-1&quot; daemon prio=5 tid=793 timed_waiting&#10;java.lang.Thread.State: TIMED_WAITING&#10;        at sun.misc.Unsafe.park(Native Method)&#10;        at java.util.concurrent.locks.LockSupport.parkNanos(LockSupport.java:215)&#10;        at java.util.concurrent.locks.AbstractQueuedSynchronizer$ConditionObject.awaitNanos(AbstractQueuedSynchronizer.java:2078)&#10;        at java.util.concurrent.ScheduledThreadPoolExecutor$DelayedWorkQueue.take(ScheduledThreadPoolExecutor.java:1093)&#10;        at java.util.concurrent.ScheduledThreadPoolExecutor$DelayedWorkQueue.take(ScheduledThreadPoolExecutor.java:809)&#10;        at java.util.concurrent.ThreadPoolExecutor.getTask(ThreadPoolExecutor.java:1074)&#10;        at java.util.concurrent.ThreadPoolExecutor.runWorker(ThreadPoolExecutor.java:1134)&#10;        at java.util.concurrent.ThreadPoolExecutor$Worker.run(ThreadPoolExecutor.java:624)&#10;        at java.lang.Thread.run(Thread.java:748)&#10;&quot;qtp1845760645-269&quot; daemon prio=5 tid=269 timed_waiting&#10;java.lang.Thread.State: TIMED_WAITING&#10;        at sun.misc.Unsafe.park(Native Method)&#10;        at java.util.concurrent.locks.LockSupport.parkNanos(LockSupport.java:215)&#10;        at java.util.concurrent.locks.AbstractQueuedSynchronizer$ConditionObject.awaitNanos(AbstractQueuedSynchronizer.java:2078)&#10;        at org.eclipse.jetty.util.BlockingArrayQueue.poll(BlockingArrayQueue.java:392)&#10;        at org.eclipse.jetty.util.thread.QueuedThreadPool.idleJobPoll(QueuedThreadPool.java:563)&#10;        at org.eclipse.jetty.util.thread.QueuedThreadPool.access$800(QueuedThreadPool.java:48)&#10;        at org.eclipse.jetty.util.thread.QueuedThreadPool$2.run(QueuedThreadPool.java:626)&#10;        at java.lang.Thread.run(Thread.java:748)&#10;&quot;pool-26-thread-57&quot;  prio=5 tid=343 in Object.wait()&#10;java.lang.Thread.State: WAITING (on object monitor)&#10;        at sun.misc.Unsafe.park(Native Method)&#10;        at java.util.concurrent.locks.LockSupport.park(LockSupport.java:175)&#10;        at java.util.concurrent.locks.AbstractQueuedSynchronizer$ConditionObject.await(AbstractQueuedSynchronizer.java:2039)&#10;        at java.util.concurrent.ArrayBlockingQueue.take(ArrayBlockingQueue.java:403)&#10;        at java.util.concurrent.ThreadPoolExecutor.getTask(ThreadPoolExecutor.java:1074)&#10;        at java.util.concurrent.ThreadPoolExecutor.runWorker(ThreadPoolExecutor.java:1134)&#10;        at java.util.concurrent.ThreadPoolExecutor$Worker.run(ThreadPoolExecutor.java:624)&#10;        at java.lang.Thread.run(Thread.java:748)&#10;&quot;IPC Server listener on 33004&quot; daemon prio=5 tid=14 runnable&#10;java.lang.Thread.State: RUNNABLE&#10;        at sun.nio.ch.EPollArrayWrapper.epollWait(Native Method)&#10;        at sun.nio.ch.EPollArrayWrapper.poll(EPollArrayWrapper.java:269)&#10;        at sun.nio.ch.EPollSelectorImpl.doSelect(EPollSelectorImpl.java:93)&#10;        at sun.nio.ch.SelectorImpl.lockAndDoSelect(SelectorImpl.java:86)&#10;        at sun.nio.ch.SelectorImpl.select(SelectorImpl.java:97)&#10;        at sun.nio.ch.SelectorImpl.select(SelectorImpl.java:101)&#10;        at org.apache.hadoop.ipc.Server$Listener.run(Server.java:1159)&#10;&quot;pool-36-thread-4&quot;  prio=5 tid=350 in Object.wait()&#10;java.lang.Thread.State: WAITING (on object monitor)&#10;        at sun.misc.Unsafe.park(Native Method)&#10;        at java.util.concurrent.locks.LockSupport.park(LockSupport.java:175)&#10;        at java.util.concurrent.locks.AbstractQueuedSynchronizer$ConditionObject.await(AbstractQueuedSynchronizer.java:2039)&#10;        at java.util.concurrent.ArrayBlockingQueue.take(ArrayBlockingQueue.java:403)&#10;        at java.util.concurrent.ThreadPoolExecutor.getTask(ThreadPoolExecutor.java:1074)&#10;        at java.util.concurrent.ThreadPoolExecutor.runWorker(ThreadPoolExecutor.java:1134)&#10;        at java.util.concurrent.ThreadPoolExecutor$Worker.run(ThreadPoolExecutor.java:624)&#10;        at java.lang.Thread.run(Thread.java:748)&#10;&quot;45fbe16b-e751-4a45-a959-58ac23dab104@group-09B31D2A0473-StateMachineUpdater&quot; daemon prio=5 tid=661 in Object.wait()&#10;java.lang.Thread.State: WAITING (on object monitor)&#10;        at java.lang.Object.wait(Native Method)&#10;        at java.lang.Object.wait(Object.java:502)&#10;        at org.apache.ratis.server.impl.StateMachineUpdater.waitForCommit(StateMachineUpdater.java:194)&#10;        at org.apache.ratis.server.impl.StateMachineUpdater.run(StateMachineUpdater.java:159)&#10;        at java.lang.Thread.run(Thread.java:748)&#10;&quot;pool-36-thread-54&quot;  prio=5 tid=400 in Object.wait()&#10;java.lang.Thread.State: WAITING (on object monitor)&#10;        at sun.misc.Unsafe.park(Native Method)&#10;        at java.util.concurrent.locks.LockSupport.park(LockSupport.java:175)&#10;        at java.util.concurrent.locks.AbstractQueuedSynchronizer$ConditionObject.await(AbstractQueuedSynchronizer.java:2039)&#10;        at java.util.concurrent.ArrayBlockingQueue.take(ArrayBlockingQueue.java:403)&#10;        at java.util.concurrent.ThreadPoolExecutor.getTask(ThreadPoolExecutor.java:1074)&#10;        at java.util.concurrent.ThreadPoolExecutor.runWorker(ThreadPoolExecutor.java:1134)&#10;        at java.util.concurrent.ThreadPoolExecutor$Worker.run(ThreadPoolExecutor.java:624)&#10;        at java.lang.Thread.run(Thread.java:748)&#10;&quot;metrics-hadoop-metrics2-reporter-19-thread-1&quot; daemon prio=5 tid=658 timed_waiting&#10;java.lang.Thread.State: TIMED_WAITING&#10;        at sun.misc.Unsafe.park(Native Method)&#10;        at java.util.concurrent.locks.LockSupport.parkNanos(LockSupport.java:215)&#10;        at java.util.concurrent.locks.AbstractQueuedSynchronizer$ConditionObject.awaitNanos(AbstractQueuedSynchronizer.java:2078)&#10;        at java.util.concurrent.ScheduledThreadPoolExecutor$DelayedWorkQueue.take(ScheduledThreadPoolExecutor.java:1093)&#10;        at java.util.concurrent.ScheduledThreadPoolExecutor$DelayedWorkQueue.take(ScheduledThreadPoolExecutor.java:809)&#10;        at java.util.concurrent.ThreadPoolExecutor.getTask(ThreadPoolExecutor.java:1074)&#10;        at java.util.concurrent.ThreadPoolExecutor.runWorker(ThreadPoolExecutor.java:1134)&#10;        at java.util.concurrent.ThreadPoolExecutor$Worker.run(ThreadPoolExecutor.java:624)&#10;        at java.lang.Thread.run(Thread.java:748)&#10;&quot;metrics-hadoop-metrics2-reporter-10-thread-1&quot; daemon prio=5 tid=635 timed_waiting&#10;java.lang.Thread.State: TIMED_WAITING&#10;        at sun.misc.Unsafe.park(Native Method)&#10;        at java.util.concurrent.locks.LockSupport.parkNanos(LockSupport.java:215)&#10;        at java.util.concurrent.locks.AbstractQueuedSynchronizer$ConditionObject.awaitNanos(AbstractQueuedSynchronizer.java:2078)&#10;        at java.util.concurrent.ScheduledThreadPoolExecutor$DelayedWorkQueue.take(ScheduledThreadPoolExecutor.java:1093)&#10;        at java.util.concurrent.ScheduledThreadPoolExecutor$DelayedWorkQueue.take(ScheduledThreadPoolExecutor.java:809)&#10;        at java.util.concurrent.ThreadPoolExecutor.getTask(ThreadPoolExecutor.java:1074)&#10;        at java.util.concurrent.ThreadPoolExecutor.runWorker(ThreadPoolExecutor.java:1134)&#10;        at java.util.concurrent.ThreadPoolExecutor$Worker.run(ThreadPoolExecutor.java:624)&#10;        at java.lang.Thread.run(Thread.java:748)&#10;&quot;pool-46-thread-21&quot;  prio=5 tid=427 in Object.wait()&#10;java.lang.Thread.State: WAITING (on object monitor)&#10;        at sun.misc.Unsafe.park(Native Method)&#10;        at java.util.concurrent.locks.LockSupport.park(LockSupport.java:175)&#10;        at java.util.concurrent.locks.AbstractQueuedSynchronizer$ConditionObject.await(AbstractQueuedSynchronizer.java:2039)&#10;        at java.util.concurrent.ArrayBlockingQueue.take(ArrayBlockingQueue.java:403)&#10;        at java.util.concurrent.ThreadPoolExecutor.getTask(ThreadPoolExecutor.java:1074)&#10;        at java.util.concurrent.ThreadPoolExecutor.runWorker(ThreadPoolExecutor.java:1134)&#10;        at java.util.concurrent.ThreadPoolExecutor$Worker.run(ThreadPoolExecutor.java:624)&#10;        at java.lang.Thread.run(Thread.java:748)&#10;&quot;pool-36-thread-45&quot;  prio=5 tid=391 in Object.wait()&#10;java.lang.Thread.State: WAITING (on object monitor)&#10;        at sun.misc.Unsafe.park(Native Method)&#10;        at java.util.concurrent.locks.LockSupport.park(LockSupport.java:175)&#10;        at java.util.concurrent.locks.AbstractQueuedSynchronizer$ConditionObject.await(AbstractQueuedSynchronizer.java:2039)&#10;        at java.util.concurrent.ArrayBlockingQueue.take(ArrayBlockingQueue.java:403)&#10;        at java.util.concurrent.ThreadPoolExecutor.getTask(ThreadPoolExecutor.java:1074)&#10;        at java.util.concurrent.ThreadPoolExecutor.runWorker(ThreadPoolExecutor.java:1134)&#10;        at java.util.concurrent.ThreadPoolExecutor$Worker.run(ThreadPoolExecutor.java:624)&#10;        at java.lang.Thread.run(Thread.java:748)&#10;&quot;IPC Server handler 10 on 35444&quot; daemon prio=5 tid=124 timed_waiting&#10;java.lang.Thread.State: TIMED_WAITING&#10;        at sun.misc.Unsafe.park(Native Method)&#10;        at java.util.concurrent.locks.LockSupport.parkNanos(LockSupport.java:215)&#10;        at java.util.concurrent.locks.AbstractQueuedSynchronizer$ConditionObject.awaitNanos(AbstractQueuedSynchronizer.java:2078)&#10;        at java.util.concurrent.LinkedBlockingQueue.poll(LinkedBlockingQueue.java:467)&#10;        at org.apache.hadoop.ipc.CallQueueManager.take(CallQueueManager.java:288)&#10;        at org.apache.hadoop.ipc.Server$Handler.run(Server.java:2668)&#10;&quot;pool-56-thread-2&quot;  prio=5 tid=475 in Object.wait()&#10;java.lang.Thread.State: WAITING (on object monitor)&#10;        at sun.misc.Unsafe.park(Native Method)&#10;        at java.util.concurrent.locks.LockSupport.park(LockSupport.java:175)&#10;        at java.util.concurrent.locks.AbstractQueuedSynchronizer$ConditionObject.await(AbstractQueuedSynchronizer.java:2039)&#10;        at java.util.concurrent.ArrayBlockingQueue.take(ArrayBlockingQueue.java:403)&#10;        at java.util.concurrent.ThreadPoolExecutor.getTask(ThreadPoolExecutor.java:1074)&#10;        at java.util.concurrent.ThreadPoolExecutor.runWorker(ThreadPoolExecutor.java:1134)&#10;        at java.util.concurrent.ThreadPoolExecutor$Worker.run(ThreadPoolExecutor.java:624)&#10;        at java.lang.Thread.run(Thread.java:748)&#10;&quot;pool-66-thread-24&quot;  prio=5 tid=559 in Object.wait()&#10;java.lang.Thread.State: WAITING (on object monitor)&#10;        at sun.misc.Unsafe.park(Native Method)&#10;        at java.util.concurrent.locks.LockSupport.park(LockSupport.java:175)&#10;        at java.util.concurrent.locks.AbstractQueuedSynchronizer$ConditionObject.await(AbstractQueuedSynchronizer.java:2039)&#10;        at java.util.concurrent.ArrayBlockingQueue.take(ArrayBlockingQueue.java:403)&#10;        at java.util.concurrent.ThreadPoolExecutor.getTask(ThreadPoolExecutor.java:1074)&#10;        at java.util.concurrent.ThreadPoolExecutor.runWorker(ThreadPoolExecutor.java:1134)&#10;        at java.util.concurrent.ThreadPoolExecutor$Worker.run(ThreadPoolExecutor.java:624)&#10;        at java.lang.Thread.run(Thread.java:748)&#10;&quot;IPC Server handler 3 on 33004&quot; daemon prio=5 tid=72 timed_waiting&#10;java.lang.Thread.State: TIMED_WAITING&#10;        at sun.misc.Unsafe.park(Native Method)&#10;        at java.util.concurrent.locks.LockSupport.parkNanos(LockSupport.java:215)&#10;        at java.util.concurrent.locks.AbstractQueuedSynchronizer$ConditionObject.awaitNanos(AbstractQueuedSynchronizer.java:2078)&#10;        at java.util.concurrent.LinkedBlockingQueue.poll(LinkedBlockingQueue.java:467)&#10;        at org.apache.hadoop.ipc.CallQueueManager.take(CallQueueManager.java:288)&#10;        at org.apache.hadoop.ipc.Server$Handler.run(Server.java:2668)&#10;&quot;pool-46-thread-39&quot;  prio=5 tid=445 in Object.wait()&#10;java.lang.Thread.State: WAITING (on object monitor)&#10;        at sun.misc.Unsafe.park(Native Method)&#10;        at java.util.concurrent.locks.LockSupport.park(LockSupport.java:175)&#10;        at java.util.concurrent.locks.AbstractQueuedSynchronizer$ConditionObject.await(AbstractQueuedSynchronizer.java:2039)&#10;        at java.util.concurrent.ArrayBlockingQueue.take(ArrayBlockingQueue.java:403)&#10;        at java.util.concurrent.ThreadPoolExecutor.getTask(ThreadPoolExecutor.java:1074)&#10;        at java.util.concurrent.ThreadPoolExecutor.runWorker(ThreadPoolExecutor.java:1134)&#10;        at java.util.concurrent.ThreadPoolExecutor$Worker.run(ThreadPoolExecutor.java:624)&#10;        at java.lang.Thread.run(Thread.java:748)&#10;&quot;pool-66-thread-18&quot;  prio=5 tid=553 in Object.wait()&#10;java.lang.Thread.State: WAITING (on object monitor)&#10;        at sun.misc.Unsafe.park(Native Method)&#10;        at java.util.concurrent.locks.LockSupport.park(LockSupport.java:175)&#10;        at java.util.concurrent.locks.AbstractQueuedSynchronizer$ConditionObject.await(AbstractQueuedSynchronizer.java:2039)&#10;        at java.util.concurrent.ArrayBlockingQueue.take(ArrayBlockingQueue.java:403)&#10;        at java.util.concurrent.ThreadPoolExecutor.getTask(ThreadPoolExecutor.java:1074)&#10;        at java.util.concurrent.ThreadPoolExecutor.runWorker(ThreadPoolExecutor.java:1134)&#10;        at java.util.concurrent.ThreadPoolExecutor$Worker.run(ThreadPoolExecutor.java:624)&#10;        at java.lang.Thread.run(Thread.java:748)&#10;&quot;pool-46-thread-41&quot;  prio=5 tid=447 in Object.wait()&#10;java.lang.Thread.State: WAITING (on object monitor)&#10;        at sun.misc.Unsafe.park(Native Method)&#10;        at java.util.concurrent.locks.LockSupport.park(LockSupport.java:175)&#10;        at java.util.concurrent.locks.AbstractQueuedSynchronizer$ConditionObject.await(AbstractQueuedSynchronizer.java:2039)&#10;        at java.util.concurrent.ArrayBlockingQueue.take(ArrayBlockingQueue.java:403)&#10;        at java.util.concurrent.ThreadPoolExecutor.getTask(ThreadPoolExecutor.java:1074)&#10;        at java.util.concurrent.ThreadPoolExecutor.runWorker(ThreadPoolExecutor.java:1134)&#10;        at java.util.concurrent.ThreadPoolExecutor$Worker.run(ThreadPoolExecutor.java:624)&#10;        at java.lang.Thread.run(Thread.java:748)&#10;&quot;qtp801142660-143&quot; daemon prio=5 tid=143 timed_waiting&#10;java.lang.Thread.State: TIMED_WAITING&#10;        at sun.misc.Unsafe.park(Native Method)&#10;        at java.util.concurrent.locks.LockSupport.parkNanos(LockSupport.java:215)&#10;        at java.util.concurrent.locks.AbstractQueuedSynchronizer$ConditionObject.awaitNanos(AbstractQueuedSynchronizer.java:2078)&#10;        at org.eclipse.jetty.util.BlockingArrayQueue.poll(BlockingArrayQueue.java:392)&#10;        at org.eclipse.jetty.util.thread.QueuedThreadPool.idleJobPoll(QueuedThreadPool.java:563)&#10;        at org.eclipse.jetty.util.thread.QueuedThreadPool.access$800(QueuedThreadPool.java:48)&#10;        at org.eclipse.jetty.util.thread.QueuedThreadPool$2.run(QueuedThreadPool.java:626)&#10;        at java.lang.Thread.run(Thread.java:748)&#10;&quot;IPC Server handler 12 on 35444&quot; daemon prio=5 tid=126 timed_waiting&#10;java.lang.Thread.State: TIMED_WAITING&#10;        at sun.misc.Unsafe.park(Native Method)&#10;        at java.util.concurrent.locks.LockSupport.parkNanos(LockSupport.java:215)&#10;        at java.util.concurrent.locks.AbstractQueuedSynchronizer$ConditionObject.awaitNanos(AbstractQueuedSynchronizer.java:2078)&#10;        at java.util.concurrent.LinkedBlockingQueue.poll(LinkedBlockingQueue.java:467)&#10;        at org.apache.hadoop.ipc.CallQueueManager.take(CallQueueManager.java:288)&#10;        at org.apache.hadoop.ipc.Server$Handler.run(Server.java:2668)&#10;&quot;pool-66-thread-31&quot;  prio=5 tid=566 in Object.wait()&#10;java.lang.Thread.State: WAITING (on object monitor)&#10;        at sun.misc.Unsafe.park(Native Method)&#10;        at java.util.concurrent.locks.LockSupport.park(LockSupport.java:175)&#10;        at java.util.concurrent.locks.AbstractQueuedSynchronizer$ConditionObject.await(AbstractQueuedSynchronizer.java:2039)&#10;        at java.util.concurrent.ArrayBlockingQueue.take(ArrayBlockingQueue.java:403)&#10;        at java.util.concurrent.ThreadPoolExecutor.getTask(ThreadPoolExecutor.java:1074)&#10;        at java.util.concurrent.ThreadPoolExecutor.runWorker(ThreadPoolExecutor.java:1134)&#10;        at java.util.concurrent.ThreadPoolExecutor$Worker.run(ThreadPoolExecutor.java:624)&#10;        at java.lang.Thread.run(Thread.java:748)&#10;&quot;BlockDeletingService#0&quot; daemon prio=5 tid=469 timed_waiting&#10;java.lang.Thread.State: TIMED_WAITING&#10;        at sun.misc.Unsafe.park(Native Method)&#10;        at java.util.concurrent.locks.LockSupport.parkNanos(LockSupport.java:215)&#10;        at java.util.concurrent.locks.AbstractQueuedSynchronizer$ConditionObject.awaitNanos(AbstractQueuedSynchronizer.java:2078)&#10;        at java.util.concurrent.ScheduledThreadPoolExecutor$DelayedWorkQueue.take(ScheduledThreadPoolExecutor.java:1093)&#10;        at java.util.concurrent.ScheduledThreadPoolExecutor$DelayedWorkQueue.take(ScheduledThreadPoolExecutor.java:809)&#10;        at java.util.concurrent.ThreadPoolExecutor.getTask(ThreadPoolExecutor.java:1074)&#10;        at java.util.concurrent.ThreadPoolExecutor.runWorker(ThreadPoolExecutor.java:1134)&#10;        at java.util.concurrent.ThreadPoolExecutor$Worker.run(ThreadPoolExecutor.java:624)&#10;        at java.lang.Thread.run(Thread.java:748)&#10;&quot;IPC Server handler 15 on 40923&quot; daemon prio=5 tid=44 timed_waiting&#10;java.lang.Thread.State: TIMED_WAITING&#10;        at sun.misc.Unsafe.park(Native Method)&#10;        at java.util.concurrent.locks.LockSupport.parkNanos(LockSupport.java:215)&#10;        at java.util.concurrent.locks.AbstractQueuedSynchronizer$ConditionObject.awaitNanos(AbstractQueuedSynchronizer.java:2078)&#10;        at java.util.concurrent.LinkedBlockingQueue.poll(LinkedBlockingQueue.java:467)&#10;        at org.apache.hadoop.ipc.CallQueueManager.take(CallQueueManager.java:288)&#10;        at org.apache.hadoop.ipc.Server$Handler.run(Server.java:2668)&#10;&quot;IPC Server handler 11 on 46821&quot; daemon prio=5 tid=60 timed_waiting&#10;java.lang.Thread.State: TIMED_WAITING&#10;        at sun.misc.Unsafe.park(Native Method)&#10;        at java.util.concurrent.locks.LockSupport.parkNanos(LockSupport.java:215)&#10;        at java.util.concurrent.locks.AbstractQueuedSynchronizer$ConditionObject.awaitNanos(AbstractQueuedSynchronizer.java:2078)&#10;        at java.util.concurrent.LinkedBlockingQueue.poll(LinkedBlockingQueue.java:467)&#10;        at org.apache.hadoop.ipc.CallQueueManager.take(CallQueueManager.java:288)&#10;        at org.apache.hadoop.ipc.Server$Handler.run(Server.java:2668)&#10;&quot;IPC Server handler 19 on 40923&quot; daemon prio=5 tid=48 timed_waiting&#10;java.lang.Thread.State: TIMED_WAITING&#10;        at sun.misc.Unsafe.park(Native Method)&#10;        at java.util.concurrent.locks.LockSupport.parkNanos(LockSupport.java:215)&#10;        at java.util.concurrent.locks.AbstractQueuedSynchronizer$ConditionObject.awaitNanos(AbstractQueuedSynchronizer.java:2078)&#10;        at java.util.concurrent.LinkedBlockingQueue.poll(LinkedBlockingQueue.java:467)&#10;        at org.apache.hadoop.ipc.CallQueueManager.take(CallQueueManager.java:288)&#10;        at org.apache.hadoop.ipc.Server$Handler.run(Server.java:2668)&#10;&quot;pool-36-thread-20&quot;  prio=5 tid=366 in Object.wait()&#10;java.lang.Thread.State: WAITING (on object monitor)&#10;        at sun.misc.Unsafe.park(Native Method)&#10;        at java.util.concurrent.locks.LockSupport.park(LockSupport.java:175)&#10;        at java.util.concurrent.locks.AbstractQueuedSynchronizer$ConditionObject.await(AbstractQueuedSynchronizer.java:2039)&#10;        at java.util.concurrent.ArrayBlockingQueue.take(ArrayBlockingQueue.java:403)&#10;        at java.util.concurrent.ThreadPoolExecutor.getTask(ThreadPoolExecutor.java:1074)&#10;        at java.util.concurrent.ThreadPoolExecutor.runWorker(ThreadPoolExecutor.java:1134)&#10;        at java.util.concurrent.ThreadPoolExecutor$Worker.run(ThreadPoolExecutor.java:624)&#10;        at java.lang.Thread.run(Thread.java:748)&#10;&quot;pool-56-thread-40&quot;  prio=5 tid=513 in Object.wait()&#10;java.lang.Thread.State: WAITING (on object monitor)&#10;        at sun.misc.Unsafe.park(Native Method)&#10;        at java.util.concurrent.locks.LockSupport.park(LockSupport.java:175)&#10;        at java.util.concurrent.locks.AbstractQueuedSynchronizer$ConditionObject.await(AbstractQueuedSynchronizer.java:2039)&#10;        at java.util.concurrent.ArrayBlockingQueue.take(ArrayBlockingQueue.java:403)&#10;        at java.util.concurrent.ThreadPoolExecutor.getTask(ThreadPoolExecutor.java:1074)&#10;        at java.util.concurrent.ThreadPoolExecutor.runWorker(ThreadPoolExecutor.java:1134)&#10;        at java.util.concurrent.ThreadPoolExecutor$Worker.run(ThreadPoolExecutor.java:624)&#10;        at java.lang.Thread.run(Thread.java:748)&#10;&quot;pool-36-thread-42&quot;  prio=5 tid=388 in Object.wait()&#10;java.lang.Thread.State: WAITING (on object monitor)&#10;        at sun.misc.Unsafe.park(Native Method)&#10;        at java.util.concurrent.locks.LockSupport.park(LockSupport.java:175)&#10;        at java.util.concurrent.locks.AbstractQueuedSynchronizer$ConditionObject.await(AbstractQueuedSynchronizer.java:2039)&#10;        at java.util.concurrent.ArrayBlockingQueue.take(ArrayBlockingQueue.java:403)&#10;        at java.util.concurrent.ThreadPoolExecutor.getTask(ThreadPoolExecutor.java:1074)&#10;        at java.util.concurrent.ThreadPoolExecutor.runWorker(ThreadPoolExecutor.java:1134)&#10;        at java.util.concurrent.ThreadPoolExecutor$Worker.run(ThreadPoolExecutor.java:624)&#10;        at java.lang.Thread.run(Thread.java:748)&#10;&quot;KeyDeletingService#0&quot; daemon prio=5 tid=113 in Object.wait()&#10;java.lang.Thread.State: WAITING (on object monitor)&#10;        at sun.misc.Unsafe.park(Native Method)&#10;        at java.util.concurrent.locks.LockSupport.park(LockSupport.java:175)&#10;        at java.util.concurrent.locks.AbstractQueuedSynchronizer$ConditionObject.await(AbstractQueuedSynchronizer.java:2039)&#10;        at java.util.concurrent.ScheduledThreadPoolExecutor$DelayedWorkQueue.take(ScheduledThreadPoolExecutor.java:1088)&#10;        at java.util.concurrent.ScheduledThreadPoolExecutor$DelayedWorkQueue.take(ScheduledThreadPoolExecutor.java:809)&#10;        at java.util.concurrent.ThreadPoolExecutor.getTask(ThreadPoolExecutor.java:1074)&#10;        at java.util.concurrent.ThreadPoolExecutor.runWorker(ThreadPoolExecutor.java:1134)&#10;        at java.util.concurrent.ThreadPoolExecutor$Worker.run(ThreadPoolExecutor.java:624)&#10;        at java.lang.Thread.run(Thread.java:748)&#10;&quot;metrics-hadoop-metrics2-reporter-25-thread-1&quot; daemon prio=5 tid=676 timed_waiting&#10;java.lang.Thread.State: TIMED_WAITING&#10;        at sun.misc.Unsafe.park(Native Method)&#10;        at java.util.concurrent.locks.LockSupport.parkNanos(LockSupport.java:215)&#10;        at java.util.concurrent.locks.AbstractQueuedSynchronizer$ConditionObject.awaitNanos(AbstractQueuedSynchronizer.java:2078)&#10;        at java.util.concurrent.ScheduledThreadPoolExecutor$DelayedWorkQueue.take(ScheduledThreadPoolExecutor.java:1093)&#10;        at java.util.concurrent.ScheduledThreadPoolExecutor$DelayedWorkQueue.take(ScheduledThreadPoolExecutor.java:809)&#10;        at java.util.concurrent.ThreadPoolExecutor.getTask(ThreadPoolExecutor.java:1074)&#10;        at java.util.concurrent.ThreadPoolExecutor.runWorker(ThreadPoolExecutor.java:1134)&#10;        at java.util.concurrent.ThreadPoolExecutor$Worker.run(ThreadPoolExecutor.java:624)&#10;        at java.lang.Thread.run(Thread.java:748)&#10;&quot;pool-26-thread-5&quot;  prio=5 tid=291 in Object.wait()&#10;java.lang.Thread.State: WAITING (on object monitor)&#10;        at sun.misc.Unsafe.park(Native Method)&#10;        at java.util.concurrent.locks.LockSupport.park(LockSupport.java:175)&#10;        at java.util.concurrent.locks.AbstractQueuedSynchronizer$ConditionObject.await(AbstractQueuedSynchronizer.java:2039)&#10;        at java.util.concurrent.ArrayBlockingQueue.take(ArrayBlockingQueue.java:403)&#10;        at java.util.concurrent.ThreadPoolExecutor.getTask(ThreadPoolExecutor.java:1074)&#10;        at java.util.concurrent.ThreadPoolExecutor.runWorker(ThreadPoolExecutor.java:1134)&#10;        at java.util.concurrent.ThreadPoolExecutor$Worker.run(ThreadPoolExecutor.java:624)&#10;        at java.lang.Thread.run(Thread.java:748)&#10;&quot;Periodic HDDS volume checker&quot;  prio=5 tid=206 timed_waiting&#10;java.lang.Thread.State: TIMED_WAITING&#10;        at sun.misc.Unsafe.park(Native Method)&#10;        at java.util.concurrent.locks.LockSupport.parkNanos(LockSupport.java:215)&#10;        at java.util.concurrent.locks.AbstractQueuedSynchronizer$ConditionObject.awaitNanos(AbstractQueuedSynchronizer.java:2078)&#10;        at java.util.concurrent.ScheduledThreadPoolExecutor$DelayedWorkQueue.take(ScheduledThreadPoolExecutor.java:1093)&#10;        at java.util.concurrent.ScheduledThreadPoolExecutor$DelayedWorkQueue.take(ScheduledThreadPoolExecutor.java:809)&#10;        at java.util.concurrent.ThreadPoolExecutor.getTask(ThreadPoolExecutor.java:1074)&#10;        at java.util.concurrent.ThreadPoolExecutor.runWorker(ThreadPoolExecutor.java:1134)&#10;        at java.util.concurrent.ThreadPoolExecutor$Worker.run(ThreadPoolExecutor.java:624)&#10;        at java.lang.Thread.run(Thread.java:748)&#10;&quot;qtp1680841335-220&quot; daemon prio=5 tid=220 timed_waiting&#10;java.lang.Thread.State: TIMED_WAITING&#10;        at sun.misc.Unsafe.park(Native Method)&#10;        at java.util.concurrent.locks.LockSupport.parkNanos(LockSupport.java:215)&#10;        at java.util.concurrent.locks.AbstractQueuedSynchronizer$ConditionObject.awaitNanos(AbstractQueuedSynchronizer.java:2078)&#10;        at org.eclipse.jetty.util.BlockingArrayQueue.poll(BlockingArrayQueue.java:392)&#10;        at org.eclipse.jetty.util.thread.QueuedThreadPool.idleJobPoll(QueuedThreadPool.java:563)&#10;        at org.eclipse.jetty.util.thread.QueuedThreadPool.access$800(QueuedThreadPool.java:48)&#10;        at org.eclipse.jetty.util.thread.QueuedThreadPool$2.run(QueuedThreadPool.java:626)&#10;        at java.lang.Thread.run(Thread.java:748)&#10;&quot;metrics-hadoop-metrics2-reporter-12-thread-1&quot; daemon prio=5 tid=639 timed_waiting&#10;java.lang.Thread.State: TIMED_WAITING&#10;        at sun.misc.Unsafe.park(Native Method)&#10;        at java.util.concurrent.locks.LockSupport.parkNanos(LockSupport.java:215)&#10;        at java.util.concurrent.locks.AbstractQueuedSynchronizer$ConditionObject.awaitNanos(AbstractQueuedSynchronizer.java:2078)&#10;        at java.util.concurrent.ScheduledThreadPoolExecutor$DelayedWorkQueue.take(ScheduledThreadPoolExecutor.java:1093)&#10;        at java.util.concurrent.ScheduledThreadPoolExecutor$DelayedWorkQueue.take(ScheduledThreadPoolExecutor.java:809)&#10;        at java.util.concurrent.ThreadPoolExecutor.getTask(ThreadPoolExecutor.java:1074)&#10;        at java.util.concurrent.ThreadPoolExecutor.runWorker(ThreadPoolExecutor.java:1134)&#10;        at java.util.concurrent.ThreadPoolExecutor$Worker.run(ThreadPoolExecutor.java:624)&#10;        at java.lang.Thread.run(Thread.java:748)&#10;&quot;pool-66-thread-36&quot;  prio=5 tid=571 in Object.wait()&#10;java.lang.Thread.State: WAITING (on object monitor)&#10;        at sun.misc.Unsafe.park(Native Method)&#10;        at java.util.concurrent.locks.LockSupport.park(LockSupport.java:175)&#10;        at java.util.concurrent.locks.AbstractQueuedSynchronizer$ConditionObject.await(AbstractQueuedSynchronizer.java:2039)&#10;        at java.util.concurrent.ArrayBlockingQueue.take(ArrayBlockingQueue.java:403)&#10;        at java.util.concurrent.ThreadPoolExecutor.getTask(ThreadPoolExecutor.java:1074)&#10;        at java.util.concurrent.ThreadPoolExecutor.runWorker(ThreadPoolExecutor.java:1134)&#10;        at java.util.concurrent.ThreadPoolExecutor$Worker.run(ThreadPoolExecutor.java:624)&#10;        at java.lang.Thread.run(Thread.java:748)&#10;&quot;pool-46-thread-3&quot;  prio=5 tid=409 in Object.wait()&#10;java.lang.Thread.State: WAITING (on object monitor)&#10;        at sun.misc.Unsafe.park(Native Method)&#10;        at java.util.concurrent.locks.LockSupport.park(LockSupport.java:175)&#10;        at java.util.concurrent.locks.AbstractQueuedSynchronizer$ConditionObject.await(AbstractQueuedSynchronizer.java:2039)&#10;        at java.util.concurrent.ArrayBlockingQueue.take(ArrayBlockingQueue.java:403)&#10;        at java.util.concurrent.ThreadPoolExecutor.getTask(ThreadPoolExecutor.java:1074)&#10;        at java.util.concurrent.ThreadPoolExecutor.runWorker(ThreadPoolExecutor.java:1134)&#10;        at java.util.concurrent.ThreadPoolExecutor$Worker.run(ThreadPoolExecutor.java:624)&#10;        at java.lang.Thread.run(Thread.java:748)&#10;&quot;pool-26-thread-42&quot;  prio=5 tid=328 in Object.wait()&#10;java.lang.Thread.State: WAITING (on object monitor)&#10;        at sun.misc.Unsafe.park(Native Method)&#10;        at java.util.concurrent.locks.LockSupport.park(LockSupport.java:175)&#10;        at java.util.concurrent.locks.AbstractQueuedSynchronizer$ConditionObject.await(AbstractQueuedSynchronizer.java:2039)&#10;        at java.util.concurrent.ArrayBlockingQueue.take(ArrayBlockingQueue.java:403)&#10;        at java.util.concurrent.ThreadPoolExecutor.getTask(ThreadPoolExecutor.java:1074)&#10;        at java.util.concurrent.ThreadPoolExecutor.runWorker(ThreadPoolExecutor.java:1134)&#10;        at java.util.concurrent.ThreadPoolExecutor$Worker.run(ThreadPoolExecutor.java:624)&#10;        at java.lang.Thread.run(Thread.java:748)&#10;&quot;IPC Server handler 2 on 33004&quot; daemon prio=5 tid=71 timed_waiting&#10;java.lang.Thread.State: TIMED_WAITING&#10;        at sun.misc.Unsafe.park(Native Method)&#10;        at java.util.concurrent.locks.LockSupport.parkNanos(LockSupport.java:215)&#10;        at java.util.concurrent.locks.AbstractQueuedSynchronizer$ConditionObject.awaitNanos(AbstractQueuedSynchronizer.java:2078)&#10;        at java.util.concurrent.LinkedBlockingQueue.poll(LinkedBlockingQueue.java:467)&#10;        at org.apache.hadoop.ipc.CallQueueManager.take(CallQueueManager.java:288)&#10;        at org.apache.hadoop.ipc.Server$Handler.run(Server.java:2668)&#10;&quot;pool-67-thread-1&quot;  prio=5 tid=643 in Object.wait()&#10;java.lang.Thread.State: WAITING (on object monitor)&#10;        at sun.misc.Unsafe.park(Native Method)&#10;        at java.util.concurrent.locks.LockSupport.park(LockSupport.java:175)&#10;        at java.util.concurrent.locks.AbstractQueuedSynchronizer$ConditionObject.await(AbstractQueuedSynchronizer.java:2039)&#10;        at java.util.concurrent.LinkedBlockingQueue.take(LinkedBlockingQueue.java:442)&#10;        at java.util.concurrent.ThreadPoolExecutor.getTask(ThreadPoolExecutor.java:1074)&#10;        at java.util.concurrent.ThreadPoolExecutor.runWorker(ThreadPoolExecutor.java:1134)&#10;        at java.util.concurrent.ThreadPoolExecutor$Worker.run(ThreadPoolExecutor.java:624)&#10;        at java.lang.Thread.run(Thread.java:748)&#10;&quot;pool-46-thread-52&quot;  prio=5 tid=458 in Object.wait()&#10;java.lang.Thread.State: WAITING (on object monitor)&#10;        at sun.misc.Unsafe.park(Native Method)&#10;        at java.util.concurrent.locks.LockSupport.park(LockSupport.java:175)&#10;        at java.util.concurrent.locks.AbstractQueuedSynchronizer$ConditionObject.await(AbstractQueuedSynchronizer.java:2039)&#10;        at java.util.concurrent.ArrayBlockingQueue.take(ArrayBlockingQueue.java:403)&#10;        at java.util.concurrent.ThreadPoolExecutor.getTask(ThreadPoolExecutor.java:1074)&#10;        at java.util.concurrent.ThreadPoolExecutor.runWorker(ThreadPoolExecutor.java:1134)&#10;        at java.util.concurrent.ThreadPoolExecutor$Worker.run(ThreadPoolExecutor.java:624)&#10;        at java.lang.Thread.run(Thread.java:748)&#10;&quot;pool-66-thread-7&quot;  prio=5 tid=542 in Object.wait()&#10;java.lang.Thread.State: WAITING (on object monitor)&#10;        at sun.misc.Unsafe.park(Native Method)&#10;        at java.util.concurrent.locks.LockSupport.park(LockSupport.java:175)&#10;        at java.util.concurrent.locks.AbstractQueuedSynchronizer$ConditionObject.await(AbstractQueuedSynchronizer.java:2039)&#10;        at java.util.concurrent.ArrayBlockingQueue.take(ArrayBlockingQueue.java:403)&#10;        at java.util.concurrent.ThreadPoolExecutor.getTask(ThreadPoolExecutor.java:1074)&#10;        at java.util.concurrent.ThreadPoolExecutor.runWorker(ThreadPoolExecutor.java:1134)&#10;        at java.util.concurrent.ThreadPoolExecutor$Worker.run(ThreadPoolExecutor.java:624)&#10;        at java.lang.Thread.run(Thread.java:748)&#10;&quot;pool-56-thread-37&quot;  prio=5 tid=510 in Object.wait()&#10;java.lang.Thread.State: WAITING (on object monitor)&#10;        at sun.misc.Unsafe.park(Native Method)&#10;        at java.util.concurrent.locks.LockSupport.park(LockSupport.java:175)&#10;        at java.util.concurrent.locks.AbstractQueuedSynchronizer$ConditionObject.await(AbstractQueuedSynchronizer.java:2039)&#10;        at java.util.concurrent.ArrayBlockingQueue.take(ArrayBlockingQueue.java:403)&#10;        at java.util.concurrent.ThreadPoolExecutor.getTask(ThreadPoolExecutor.java:1074)&#10;        at java.util.concurrent.ThreadPoolExecutor.runWorker(ThreadPoolExecutor.java:1134)&#10;        at java.util.concurrent.ThreadPoolExecutor$Worker.run(ThreadPoolExecutor.java:624)&#10;        at java.lang.Thread.run(Thread.java:748)&#10;&quot;pool-57-thread-1&quot;  prio=5 tid=634 in Object.wait()&#10;java.lang.Thread.State: WAITING (on object monitor)&#10;        at sun.misc.Unsafe.park(Native Method)&#10;        at java.util.concurrent.locks.LockSupport.park(LockSupport.java:175)&#10;        at java.util.concurrent.locks.AbstractQueuedSynchronizer$ConditionObject.await(AbstractQueuedSynchronizer.java:2039)&#10;        at java.util.concurrent.LinkedBlockingQueue.take(LinkedBlockingQueue.java:442)&#10;        at java.util.concurrent.ThreadPoolExecutor.getTask(ThreadPoolExecutor.java:1074)&#10;        at java.util.concurrent.ThreadPoolExecutor.runWorker(ThreadPoolExecutor.java:1134)&#10;        at java.util.concurrent.ThreadPoolExecutor$Worker.run(ThreadPoolExecutor.java:624)&#10;        at java.lang.Thread.run(Thread.java:748)&#10;&quot;IPC Server handler 19 on 35444&quot; daemon prio=5 tid=134 timed_waiting&#10;java.lang.Thread.State: TIMED_WAITING&#10;        at sun.misc.Unsafe.park(Native Method)&#10;        at java.util.concurrent.locks.LockSupport.parkNanos(LockSupport.java:215)&#10;        at java.util.concurrent.locks.AbstractQueuedSynchronizer$ConditionObject.awaitNanos(AbstractQueuedSynchronizer.java:2078)&#10;        at java.util.concurrent.LinkedBlockingQueue.poll(LinkedBlockingQueue.java:467)&#10;        at org.apache.hadoop.ipc.CallQueueManager.take(CallQueueManager.java:288)&#10;        at org.apache.hadoop.ipc.Server$Handler.run(Server.java:2668)&#10;&quot;Datanode ReportManager Thread - 0&quot; daemon prio=5 tid=198 in Object.wait()&#10;java.lang.Thread.State: WAITING (on object monitor)&#10;        at sun.misc.Unsafe.park(Native Method)&#10;        at java.util.concurrent.locks.LockSupport.park(LockSupport.java:175)&#10;        at java.util.concurrent.locks.AbstractQueuedSynchronizer$ConditionObject.await(AbstractQueuedSynchronizer.java:2039)&#10;        at java.util.concurrent.ScheduledThreadPoolExecutor$DelayedWorkQueue.take(ScheduledThreadPoolExecutor.java:1088)&#10;        at java.util.concurrent.ScheduledThreadPoolExecutor$DelayedWorkQueue.take(ScheduledThreadPoolExecutor.java:809)&#10;        at java.util.concurrent.ThreadPoolExecutor.getTask(ThreadPoolExecutor.java:1074)&#10;        at java.util.concurrent.ThreadPoolExecutor.runWorker(ThreadPoolExecutor.java:1134)&#10;        at java.util.concurrent.ThreadPoolExecutor$Worker.run(ThreadPoolExecutor.java:624)&#10;        at java.lang.Thread.run(Thread.java:748)&#10;&quot;IPC Server handler 5 on 33004&quot; daemon prio=5 tid=74 timed_waiting&#10;java.lang.Thread.State: TIMED_WAITING&#10;        at sun.misc.Unsafe.park(Native Method)&#10;        at java.util.concurrent.locks.LockSupport.parkNanos(LockSupport.java:215)&#10;        at java.util.concurrent.locks.AbstractQueuedSynchronizer$ConditionObject.awaitNanos(AbstractQueuedSynchronizer.java:2078)&#10;        at java.util.concurrent.LinkedBlockingQueue.poll(LinkedBlockingQueue.java:467)&#10;        at org.apache.hadoop.ipc.CallQueueManager.take(CallQueueManager.java:288)&#10;        at org.apache.hadoop.ipc.Server$Handler.run(Server.java:2668)&#10;&quot;qtp1043358826-91&quot; daemon prio=5 tid=91 timed_waiting&#10;java.lang.Thread.State: TIMED_WAITING&#10;        at sun.misc.Unsafe.park(Native Method)&#10;        at java.util.concurrent.locks.LockSupport.parkNanos(LockSupport.java:215)&#10;        at java.util.concurrent.locks.AbstractQueuedSynchronizer$ConditionObject.awaitNanos(AbstractQueuedSynchronizer.java:2078)&#10;        at org.eclipse.jetty.util.BlockingArrayQueue.poll(BlockingArrayQueue.java:392)&#10;        at org.eclipse.jetty.util.thread.QueuedThreadPool.idleJobPoll(QueuedThreadPool.java:563)&#10;        at org.eclipse.jetty.util.thread.QueuedThreadPool.access$800(QueuedThreadPool.java:48)&#10;        at org.eclipse.jetty.util.thread.QueuedThreadPool$2.run(QueuedThreadPool.java:626)&#10;        at java.lang.Thread.run(Thread.java:748)&#10;&quot;qtp1919592808-192&quot; daemon prio=5 tid=192 timed_waiting&#10;java.lang.Thread.State: TIMED_WAITING&#10;        at sun.misc.Unsafe.park(Native Method)&#10;        at java.util.concurrent.locks.LockSupport.parkNanos(LockSupport.java:215)&#10;        at java.util.concurrent.locks.AbstractQueuedSynchronizer$ConditionObject.awaitNanos(AbstractQueuedSynchronizer.java:2078)&#10;        at org.eclipse.jetty.util.BlockingArrayQueue.poll(BlockingArrayQueue.java:392)&#10;        at org.eclipse.jetty.util.thread.QueuedThreadPool.idleJobPoll(QueuedThreadPool.java:563)&#10;        at org.eclipse.jetty.util.thread.QueuedThreadPool.access$800(QueuedThreadPool.java:48)&#10;        at org.eclipse.jetty.util.thread.QueuedThreadPool$2.run(QueuedThreadPool.java:626)&#10;        at java.lang.Thread.run(Thread.java:748)&#10;&quot;pool-46-thread-56&quot;  prio=5 tid=462 in Object.wait()&#10;java.lang.Thread.State: WAITING (on object monitor)&#10;        at sun.misc.Unsafe.park(Native Method)&#10;        at java.util.concurrent.locks.LockSupport.park(LockSupport.java:175)&#10;        at java.util.concurrent.locks.AbstractQueuedSynchronizer$ConditionObject.await(AbstractQueuedSynchronizer.java:2039)&#10;        at java.util.concurrent.ArrayBlockingQueue.take(ArrayBlockingQueue.java:403)&#10;        at java.util.concurrent.ThreadPoolExecutor.getTask(ThreadPoolExecutor.java:1074)&#10;        at java.util.concurrent.ThreadPoolExecutor.runWorker(ThreadPoolExecutor.java:1134)&#10;        at java.util.concurrent.ThreadPoolExecutor$Worker.run(ThreadPoolExecutor.java:624)&#10;        at java.lang.Thread.run(Thread.java:748)&#10;&quot;grpc-default-worker-ELG-3-4&quot; daemon prio=5 tid=611 runnable&#10;java.lang.Thread.State: RUNNABLE&#10;        at sun.nio.ch.EPollArrayWrapper.epollWait(Native Method)&#10;        at sun.nio.ch.EPollArrayWrapper.poll(EPollArrayWrapper.java:269)&#10;        at sun.nio.ch.EPollSelectorImpl.doSelect(EPollSelectorImpl.java:93)&#10;        at sun.nio.ch.SelectorImpl.lockAndDoSelect(SelectorImpl.java:86)&#10;        at sun.nio.ch.SelectorImpl.select(SelectorImpl.java:97)&#10;        at org.apache.ratis.thirdparty.io.netty.channel.nio.SelectedSelectionKeySetSelector.select(SelectedSelectionKeySetSelector.java:62)&#10;        at org.apache.ratis.thirdparty.io.netty.channel.nio.NioEventLoop.select(NioEventLoop.java:753)&#10;        at org.apache.ratis.thirdparty.io.netty.channel.nio.NioEventLoop.run(NioEventLoop.java:408)&#10;        at org.apache.ratis.thirdparty.io.netty.util.concurrent.SingleThreadEventExecutor$5.run(SingleThreadEventExecutor.java:897)&#10;        at org.apache.ratis.thirdparty.io.netty.util.concurrent.FastThreadLocalRunnable.run(FastThreadLocalRunnable.java:30)&#10;        at java.lang.Thread.run(Thread.java:748)&#10;&quot;qtp1919592808-187-acceptor-0@4c2a826a-ServerConnector@53f4c1e6{HTTP/1.1,[http/1.1]}{0.0.0.0:46698}&quot; daemon prio=3 tid=187 runnable&#10;java.lang.Thread.State: RUNNABLE&#10;        at sun.nio.ch.ServerSocketChannelImpl.accept0(Native Method)&#10;        at sun.nio.ch.ServerSocketChannelImpl.accept(ServerSocketChannelImpl.java:422)&#10;        at sun.nio.ch.ServerSocketChannelImpl.accept(ServerSocketChannelImpl.java:250)&#10;        at org.eclipse.jetty.server.ServerConnector.accept(ServerConnector.java:397)&#10;        at org.eclipse.jetty.server.AbstractConnector$Acceptor.run(AbstractConnector.java:601)&#10;        at org.eclipse.jetty.util.thread.QueuedThreadPool.runJob(QueuedThreadPool.java:671)&#10;        at org.eclipse.jetty.util.thread.QueuedThreadPool$2.run(QueuedThreadPool.java:589)&#10;        at java.lang.Thread.run(Thread.java:748)&#10;&quot;pool-46-thread-42&quot;  prio=5 tid=448 in Object.wait()&#10;java.lang.Thread.State: WAITING (on object monitor)&#10;        at sun.misc.Unsafe.park(Native Method)&#10;        at java.util.concurrent.locks.LockSupport.park(LockSupport.java:175)&#10;        at java.util.concurrent.locks.AbstractQueuedSynchronizer$ConditionObject.await(AbstractQueuedSynchronizer.java:2039)&#10;        at java.util.concurrent.ArrayBlockingQueue.take(ArrayBlockingQueue.java:403)&#10;        at java.util.concurrent.ThreadPoolExecutor.getTask(ThreadPoolExecutor.java:1074)&#10;        at java.util.concurrent.ThreadPoolExecutor.runWorker(ThreadPoolExecutor.java:1134)&#10;        at java.util.concurrent.ThreadPoolExecutor$Worker.run(ThreadPoolExecutor.java:624)&#10;        at java.lang.Thread.run(Thread.java:748)&#10;&quot;BlockDeletingService#1&quot; daemon prio=5 tid=597 in Object.wait()&#10;java.lang.Thread.State: WAITING (on object monitor)&#10;        at sun.misc.Unsafe.park(Native Method)&#10;        at java.util.concurrent.locks.LockSupport.park(LockSupport.java:175)&#10;        at java.util.concurrent.locks.AbstractQueuedSynchronizer$ConditionObject.await(AbstractQueuedSynchronizer.java:2039)&#10;        at java.util.concurrent.ScheduledThreadPoolExecutor$DelayedWorkQueue.take(ScheduledThreadPoolExecutor.java:1088)&#10;        at java.util.concurrent.ScheduledThreadPoolExecutor$DelayedWorkQueue.take(ScheduledThreadPoolExecutor.java:809)&#10;        at java.util.concurrent.ThreadPoolExecutor.getTask(ThreadPoolExecutor.java:1074)&#10;        at java.util.concurrent.ThreadPoolExecutor.runWorker(ThreadPoolExecutor.java:1134)&#10;        at java.util.concurrent.ThreadPoolExecutor$Worker.run(ThreadPoolExecutor.java:624)&#10;        at java.lang.Thread.run(Thread.java:748)&#10;&quot;IPC Server handler 6 on 40923&quot; daemon prio=5 tid=35 timed_waiting&#10;java.lang.Thread.State: TIMED_WAITING&#10;        at sun.misc.Unsafe.park(Native Method)&#10;        at java.util.concurrent.locks.LockSupport.parkNanos(LockSupport.java:215)&#10;        at java.util.concurrent.locks.AbstractQueuedSynchronizer$ConditionObject.awaitNanos(AbstractQueuedSynchronizer.java:2078)&#10;        at java.util.concurrent.LinkedBlockingQueue.poll(LinkedBlockingQueue.java:467)&#10;        at org.apache.hadoop.ipc.CallQueueManager.take(CallQueueManager.java:288)&#10;        at org.apache.hadoop.ipc.Server$Handler.run(Server.java:2668)&#10;&quot;pool-26-thread-33&quot;  prio=5 tid=319 in Object.wait()&#10;java.lang.Thread.State: WAITING (on object monitor)&#10;        at sun.misc.Unsafe.park(Native Method)&#10;        at java.util.concurrent.locks.LockSupport.park(LockSupport.java:175)&#10;        at java.util.concurrent.locks.AbstractQueuedSynchronizer$ConditionObject.await(AbstractQueuedSynchronizer.java:2039)&#10;        at java.util.concurrent.ArrayBlockingQueue.take(ArrayBlockingQueue.java:403)&#10;        at java.util.concurrent.ThreadPoolExecutor.getTask(ThreadPoolExecutor.java:1074)&#10;        at java.util.concurrent.ThreadPoolExecutor.runWorker(ThreadPoolExecutor.java:1134)&#10;        at java.util.concurrent.ThreadPoolExecutor$Worker.run(ThreadPoolExecutor.java:624)&#10;        at java.lang.Thread.run(Thread.java:748)&#10;&quot;metrics-hadoop-metrics2-reporter-33-thread-1&quot; daemon prio=5 tid=706 timed_waiting&#10;java.lang.Thread.State: TIMED_WAITING&#10;        at sun.misc.Unsafe.park(Native Method)&#10;        at java.util.concurrent.locks.LockSupport.parkNanos(LockSupport.java:215)&#10;        at java.util.concurrent.locks.AbstractQueuedSynchronizer$ConditionObject.awaitNanos(AbstractQueuedSynchronizer.java:2078)&#10;        at java.util.concurrent.ScheduledThreadPoolExecutor$DelayedWorkQueue.take(ScheduledThreadPoolExecutor.java:1093)&#10;        at java.util.concurrent.ScheduledThreadPoolExecutor$DelayedWorkQueue.take(ScheduledThreadPoolExecutor.java:809)&#10;        at java.util.concurrent.ThreadPoolExecutor.getTask(ThreadPoolExecutor.java:1074)&#10;        at java.util.concurrent.ThreadPoolExecutor.runWorker(ThreadPoolExecutor.java:1134)&#10;        at java.util.concurrent.ThreadPoolExecutor$Worker.run(ThreadPoolExecutor.java:624)&#10;        at java.lang.Thread.run(Thread.java:748)&#10;&quot;pool-26-thread-45&quot;  prio=5 tid=331 in Object.wait()&#10;java.lang.Thread.State: WAITING (on object monitor)&#10;        at sun.misc.Unsafe.park(Native Method)&#10;        at java.util.concurrent.locks.LockSupport.park(LockSupport.java:175)&#10;        at java.util.concurrent.locks.AbstractQueuedSynchronizer$ConditionObject.await(AbstractQueuedSynchronizer.java:2039)&#10;        at java.util.concurrent.ArrayBlockingQueue.take(ArrayBlockingQueue.java:403)&#10;        at java.util.concurrent.ThreadPoolExecutor.getTask(ThreadPoolExecutor.java:1074)&#10;        at java.util.concurrent.ThreadPoolExecutor.runWorker(ThreadPoolExecutor.java:1134)&#10;        at java.util.concurrent.ThreadPoolExecutor$Worker.run(ThreadPoolExecutor.java:624)&#10;        at java.lang.Thread.run(Thread.java:748)&#10;&quot;pool-56-thread-58&quot;  prio=5 tid=531 in Object.wait()&#10;java.lang.Thread.State: WAITING (on object monitor)&#10;        at sun.misc.Unsafe.park(Native Method)&#10;        at java.util.concurrent.locks.LockSupport.park(LockSupport.java:175)&#10;        at java.util.concurrent.locks.AbstractQueuedSynchronizer$ConditionObject.await(AbstractQueuedSynchronizer.java:2039)&#10;        at java.util.concurrent.ArrayBlockingQueue.take(ArrayBlockingQueue.java:403)&#10;        at java.util.concurrent.ThreadPoolExecutor.getTask(ThreadPoolExecutor.java:1074)&#10;        at java.util.concurrent.ThreadPoolExecutor.runWorker(ThreadPoolExecutor.java:1134)&#10;        at java.util.concurrent.ThreadPoolExecutor$Worker.run(ThreadPoolExecutor.java:624)&#10;        at java.lang.Thread.run(Thread.java:748)&#10;&quot;pool-46-thread-1&quot;  prio=5 tid=407 in Object.wait()&#10;java.lang.Thread.State: WAITING (on object monitor)&#10;        at sun.misc.Unsafe.park(Native Method)&#10;        at java.util.concurrent.locks.LockSupport.park(LockSupport.java:175)&#10;        at java.util.concurrent.locks.AbstractQueuedSynchronizer$ConditionObject.await(AbstractQueuedSynchronizer.java:2039)&#10;        at java.util.concurrent.ArrayBlockingQueue.take(ArrayBlockingQueue.java:403)&#10;        at java.util.concurrent.ThreadPoolExecutor.getTask(ThreadPoolExecutor.java:1074)&#10;        at java.util.concurrent.ThreadPoolExecutor.runWorker(ThreadPoolExecutor.java:1134)&#10;        at java.util.concurrent.ThreadPoolExecutor$Worker.run(ThreadPoolExecutor.java:624)&#10;        at java.lang.Thread.run(Thread.java:748)&#10;&quot;pool-36-thread-52&quot;  prio=5 tid=398 in Object.wait()&#10;java.lang.Thread.State: WAITING (on object monitor)&#10;        at sun.misc.Unsafe.park(Native Method)&#10;        at java.util.concurrent.locks.LockSupport.park(LockSupport.java:175)&#10;        at java.util.concurrent.locks.AbstractQueuedSynchronizer$ConditionObject.await(AbstractQueuedSynchronizer.java:2039)&#10;        at java.util.concurrent.ArrayBlockingQueue.take(ArrayBlockingQueue.java:403)&#10;        at java.util.concurrent.ThreadPoolExecutor.getTask(ThreadPoolExecutor.java:1074)&#10;        at java.util.concurrent.ThreadPoolExecutor.runWorker(ThreadPoolExecutor.java:1134)&#10;        at java.util.concurrent.ThreadPoolExecutor$Worker.run(ThreadPoolExecutor.java:624)&#10;        at java.lang.Thread.run(Thread.java:748)&#10;&quot;pool-26-thread-56&quot;  prio=5 tid=342 in Object.wait()&#10;java.lang.Thread.State: WAITING (on object monitor)&#10;        at sun.misc.Unsafe.park(Native Method)&#10;        at java.util.concurrent.locks.LockSupport.park(LockSupport.java:175)&#10;        at java.util.concurrent.locks.AbstractQueuedSynchronizer$ConditionObject.await(AbstractQueuedSynchronizer.java:2039)&#10;        at java.util.concurrent.ArrayBlockingQueue.take(ArrayBlockingQueue.java:403)&#10;        at java.util.concurrent.ThreadPoolExecutor.getTask(ThreadPoolExecutor.java:1074)&#10;        at java.util.concurrent.ThreadPoolExecutor.runWorker(ThreadPoolExecutor.java:1134)&#10;        at java.util.concurrent.ThreadPoolExecutor$Worker.run(ThreadPoolExecutor.java:624)&#10;        at java.lang.Thread.run(Thread.java:748)&#10;&quot;BlockDeletingService#0&quot; daemon prio=5 tid=596 timed_waiting&#10;java.lang.Thread.State: TIMED_WAITING&#10;        at sun.misc.Unsafe.park(Native Method)&#10;        at java.util.concurrent.locks.LockSupport.parkNanos(LockSupport.java:215)&#10;        at java.util.concurrent.locks.AbstractQueuedSynchronizer$ConditionObject.awaitNanos(AbstractQueuedSynchronizer.java:2078)&#10;        at java.util.concurrent.ScheduledThreadPoolExecutor$DelayedWorkQueue.take(ScheduledThreadPoolExecutor.java:1093)&#10;        at java.util.concurrent.ScheduledThreadPoolExecutor$DelayedWorkQueue.take(ScheduledThreadPoolExecutor.java:809)&#10;        at java.util.concurrent.ThreadPoolExecutor.getTask(ThreadPoolExecutor.java:1074)&#10;        at java.util.concurrent.ThreadPoolExecutor.runWorker(ThreadPoolExecutor.java:1134)&#10;        at java.util.concurrent.ThreadPoolExecutor$Worker.run(ThreadPoolExecutor.java:624)&#10;        at java.lang.Thread.run(Thread.java:748)&#10;&quot;pool-36-thread-57&quot;  prio=5 tid=403 in Object.wait()&#10;java.lang.Thread.State: WAITING (on object monitor)&#10;        at sun.misc.Unsafe.park(Native Method)&#10;        at java.util.concurrent.locks.LockSupport.park(LockSupport.java:175)&#10;        at java.util.concurrent.locks.AbstractQueuedSynchronizer$ConditionObject.await(AbstractQueuedSynchronizer.java:2039)&#10;        at java.util.concurrent.ArrayBlockingQueue.take(ArrayBlockingQueue.java:403)&#10;        at java.util.concurrent.ThreadPoolExecutor.getTask(ThreadPoolExecutor.java:1074)&#10;        at java.util.concurrent.ThreadPoolExecutor.runWorker(ThreadPoolExecutor.java:1134)&#10;        at java.util.concurrent.ThreadPoolExecutor$Worker.run(ThreadPoolExecutor.java:624)&#10;        at java.lang.Thread.run(Thread.java:748)&#10;&quot;grpc-default-worker-ELG-3-2&quot; daemon prio=5 tid=609 runnable&#10;java.lang.Thread.State: RUNNABLE&#10;        at sun.nio.ch.EPollArrayWrapper.epollWait(Native Method)&#10;        at sun.nio.ch.EPollArrayWrapper.poll(EPollArrayWrapper.java:269)&#10;        at sun.nio.ch.EPollSelectorImpl.doSelect(EPollSelectorImpl.java:93)&#10;        at sun.nio.ch.SelectorImpl.lockAndDoSelect(SelectorImpl.java:86)&#10;        at sun.nio.ch.SelectorImpl.select(SelectorImpl.java:97)&#10;        at org.apache.ratis.thirdparty.io.netty.channel.nio.SelectedSelectionKeySetSelector.select(SelectedSelectionKeySetSelector.java:62)&#10;        at org.apache.ratis.thirdparty.io.netty.channel.nio.NioEventLoop.select(NioEventLoop.java:753)&#10;        at org.apache.ratis.thirdparty.io.netty.channel.nio.NioEventLoop.run(NioEventLoop.java:408)&#10;        at org.apache.ratis.thirdparty.io.netty.util.concurrent.SingleThreadEventExecutor$5.run(SingleThreadEventExecutor.java:897)&#10;        at org.apache.ratis.thirdparty.io.netty.util.concurrent.FastThreadLocalRunnable.run(FastThreadLocalRunnable.java:30)&#10;        at java.lang.Thread.run(Thread.java:748)&#10;&quot;pool-56-thread-14&quot;  prio=5 tid=487 in Object.wait()&#10;java.lang.Thread.State: WAITING (on object monitor)&#10;        at sun.misc.Unsafe.park(Native Method)&#10;        at java.util.concurrent.locks.LockSupport.park(LockSupport.java:175)&#10;        at java.util.concurrent.locks.AbstractQueuedSynchronizer$ConditionObject.await(AbstractQueuedSynchronizer.java:2039)&#10;        at java.util.concurrent.ArrayBlockingQueue.take(ArrayBlockingQueue.java:403)&#10;        at java.util.concurrent.ThreadPoolExecutor.getTask(ThreadPoolExecutor.java:1074)&#10;        at java.util.concurrent.ThreadPoolExecutor.runWorker(ThreadPoolExecutor.java:1134)&#10;        at java.util.concurrent.ThreadPoolExecutor$Worker.run(ThreadPoolExecutor.java:624)&#10;        at java.lang.Thread.run(Thread.java:748)&#10;&quot;refreshUsed-/workdir/hadoop-ozone/ozonefs/target/test-dir/MiniOzoneClusterImpl-d26aec2b-09c1-4f88-9204-0bb43e71ee01/datanode-0/data/containers&quot; daemon prio=5 tid=154 timed_waiting&#10;java.lang.Thread.State: TIMED_WAITING&#10;        at java.lang.Thread.sleep(Native Method)&#10;        at org.apache.hadoop.fs.CachingGetSpaceUsed$RefreshThread.run(CachingGetSpaceUsed.java:179)&#10;        at java.lang.Thread.run(Thread.java:748)&#10;&quot;pool-46-thread-29&quot;  prio=5 tid=435 in Object.wait()&#10;java.lang.Thread.State: WAITING (on object monitor)&#10;        at sun.misc.Unsafe.park(Native Method)&#10;        at java.util.concurrent.locks.LockSupport.park(LockSupport.java:175)&#10;        at java.util.concurrent.locks.AbstractQueuedSynchronizer$ConditionObject.await(AbstractQueuedSynchronizer.java:2039)&#10;        at java.util.concurrent.ArrayBlockingQueue.take(ArrayBlockingQueue.java:403)&#10;        at java.util.concurrent.ThreadPoolExecutor.getTask(ThreadPoolExecutor.java:1074)&#10;        at java.util.concurrent.ThreadPoolExecutor.runWorker(ThreadPoolExecutor.java:1134)&#10;        at java.util.concurrent.ThreadPoolExecutor$Worker.run(ThreadPoolExecutor.java:624)&#10;        at java.lang.Thread.run(Thread.java:748)&#10;&quot;jaeger.RemoteReporter-QueueProcessor&quot; daemon prio=5 tid=147 in Object.wait()&#10;java.lang.Thread.State: WAITING (on object monitor)&#10;        at sun.misc.Unsafe.park(Native Method)&#10;        at java.util.concurrent.locks.LockSupport.park(LockSupport.java:175)&#10;        at java.util.concurrent.locks.AbstractQueuedSynchronizer$ConditionObject.await(AbstractQueuedSynchronizer.java:2039)&#10;        at java.util.concurrent.ArrayBlockingQueue.take(ArrayBlockingQueue.java:403)&#10;        at io.jaegertracing.internal.reporters.RemoteReporter$QueueProcessor.run(RemoteReporter.java:173)&#10;        at java.lang.Thread.run(Thread.java:748)&#10;&quot;metrics-hadoop-metrics2-reporter-35-thread-1&quot; daemon prio=5 tid=713 timed_waiting&#10;java.lang.Thread.State: TIMED_WAITING&#10;        at sun.misc.Unsafe.park(Native Method)&#10;        at java.util.concurrent.locks.LockSupport.parkNanos(LockSupport.java:215)&#10;        at java.util.concurrent.locks.AbstractQueuedSynchronizer$ConditionObject.awaitNanos(AbstractQueuedSynchronizer.java:2078)&#10;        at java.util.concurrent.ScheduledThreadPoolExecutor$DelayedWorkQueue.take(ScheduledThreadPoolExecutor.java:1093)&#10;        at java.util.concurrent.ScheduledThreadPoolExecutor$DelayedWorkQueue.take(ScheduledThreadPoolExecutor.java:809)&#10;        at java.util.concurrent.ThreadPoolExecutor.getTask(ThreadPoolExecutor.java:1074)&#10;        at java.util.concurrent.ThreadPoolExecutor.runWorker(ThreadPoolExecutor.java:1134)&#10;        at java.util.concurrent.ThreadPoolExecutor$Worker.run(ThreadPoolExecutor.java:624)&#10;        at java.lang.Thread.run(Thread.java:748)&#10;&quot;metrics-hadoop-metrics2-reporter-32-thread-1&quot; daemon prio=5 tid=702 timed_waiting&#10;java.lang.Thread.State: TIMED_WAITING&#10;        at sun.misc.Unsafe.park(Native Method)&#10;        at java.util.concurrent.locks.LockSupport.parkNanos(LockSupport.java:215)&#10;        at java.util.concurrent.locks.AbstractQueuedSynchronizer$ConditionObject.awaitNanos(AbstractQueuedSynchronizer.java:2078)&#10;        at java.util.concurrent.ScheduledThreadPoolExecutor$DelayedWorkQueue.take(ScheduledThreadPoolExecutor.java:1093)&#10;        at java.util.concurrent.ScheduledThreadPoolExecutor$DelayedWorkQueue.take(ScheduledThreadPoolExecutor.java:809)&#10;        at java.util.concurrent.ThreadPoolExecutor.getTask(ThreadPoolExecutor.java:1074)&#10;        at java.util.concurrent.ThreadPoolExecutor.runWorker(ThreadPoolExecutor.java:1134)&#10;        at java.util.concurrent.ThreadPoolExecutor$Worker.run(ThreadPoolExecutor.java:624)&#10;        at java.lang.Thread.run(Thread.java:748)&#10;&quot;grpc-default-boss-ELG-1-1&quot; daemon prio=5 tid=467 runnable&#10;java.lang.Thread.State: RUNNABLE&#10;        at sun.nio.ch.EPollArrayWrapper.epollWait(Native Method)&#10;        at sun.nio.ch.EPollArrayWrapper.poll(EPollArrayWrapper.java:269)&#10;        at sun.nio.ch.EPollSelectorImpl.doSelect(EPollSelectorImpl.java:93)&#10;        at sun.nio.ch.SelectorImpl.lockAndDoSelect(SelectorImpl.java:86)&#10;        at sun.nio.ch.SelectorImpl.select(SelectorImpl.java:97)&#10;        at org.apache.ratis.thirdparty.io.netty.channel.nio.SelectedSelectionKeySetSelector.select(SelectedSelectionKeySetSelector.java:62)&#10;        at org.apache.ratis.thirdparty.io.netty.channel.nio.NioEventLoop.select(NioEventLoop.java:753)&#10;        at org.apache.ratis.thirdparty.io.netty.channel.nio.NioEventLoop.run(NioEventLoop.java:408)&#10;        at org.apache.ratis.thirdparty.io.netty.util.concurrent.SingleThreadEventExecutor$5.run(SingleThreadEventExecutor.java:897)&#10;        at org.apache.ratis.thirdparty.io.netty.util.concurrent.FastThreadLocalRunnable.run(FastThreadLocalRunnable.java:30)&#10;        at java.lang.Thread.run(Thread.java:748)&#10;&quot;Command processor thread&quot; daemon prio=5 tid=175 timed_waiting&#10;java.lang.Thread.State: TIMED_WAITING&#10;        at java.lang.Thread.sleep(Native Method)&#10;        at org.apache.hadoop.ozone.container.common.statemachine.DatanodeStateMachine.lambda$initCommandHandlerThread$1(DatanodeStateMachine.java:439)&#10;        at org.apache.hadoop.ozone.container.common.statemachine.DatanodeStateMachine$$Lambda$141/1433245022.run(Unknown Source)&#10;        at java.lang.Thread.run(Thread.java:748)&#10;&quot;metrics-hadoop-metrics2-reporter-49-thread-1&quot; daemon prio=5 tid=816 timed_waiting&#10;java.lang.Thread.State: TIMED_WAITING&#10;        at sun.misc.Unsafe.park(Native Method)&#10;        at java.util.concurrent.locks.LockSupport.parkNanos(LockSupport.java:215)&#10;        at java.util.concurrent.locks.AbstractQueuedSynchronizer$ConditionObject.awaitNanos(AbstractQueuedSynchronizer.java:2078)&#10;        at java.util.concurrent.ScheduledThreadPoolExecutor$DelayedWorkQueue.take(ScheduledThreadPoolExecutor.java:1093)&#10;        at java.util.concurrent.ScheduledThreadPoolExecutor$DelayedWorkQueue.take(ScheduledThreadPoolExecutor.java:809)&#10;        at java.util.concurrent.ThreadPoolExecutor.getTask(ThreadPoolExecutor.java:1074)&#10;        at java.util.concurrent.ThreadPoolExecutor.runWorker(ThreadPoolExecutor.java:1134)&#10;        at java.util.concurrent.ThreadPoolExecutor$Worker.run(ThreadPoolExecutor.java:624)&#10;        at java.lang.Thread.run(Thread.java:748)&#10;&quot;pool-36-thread-6&quot;  prio=5 tid=352 in Object.wait()&#10;java.lang.Thread.State: WAITING (on object monitor)&#10;        at sun.misc.Unsafe.park(Native Method)&#10;        at java.util.concurrent.locks.LockSupport.park(LockSupport.java:175)&#10;        at java.util.concurrent.locks.AbstractQueuedSynchronizer$ConditionObject.await(AbstractQueuedSynchronizer.java:2039)&#10;        at java.util.concurrent.ArrayBlockingQueue.take(ArrayBlockingQueue.java:403)&#10;        at java.util.concurrent.ThreadPoolExecutor.getTask(ThreadPoolExecutor.java:1074)&#10;        at java.util.concurrent.ThreadPoolExecutor.runWorker(ThreadPoolExecutor.java:1134)&#10;        at java.util.concurrent.ThreadPoolExecutor$Worker.run(ThreadPoolExecutor.java:624)&#10;        at java.lang.Thread.run(Thread.java:748)&#10;&quot;pool-36-thread-38&quot;  prio=5 tid=384 in Object.wait()&#10;java.lang.Thread.State: WAITING (on object monitor)&#10;        at sun.misc.Unsafe.park(Native Method)&#10;        at java.util.concurrent.locks.LockSupport.park(LockSupport.java:175)&#10;        at java.util.concurrent.locks.AbstractQueuedSynchronizer$ConditionObject.await(AbstractQueuedSynchronizer.java:2039)&#10;        at java.util.concurrent.ArrayBlockingQueue.take(ArrayBlockingQueue.java:403)&#10;        at java.util.concurrent.ThreadPoolExecutor.getTask(ThreadPoolExecutor.java:1074)&#10;        at java.util.concurrent.ThreadPoolExecutor.runWorker(ThreadPoolExecutor.java:1134)&#10;        at java.util.concurrent.ThreadPoolExecutor$Worker.run(ThreadPoolExecutor.java:624)&#10;        at java.lang.Thread.run(Thread.java:748)&#10;&quot;Signal Dispatcher&quot; daemon prio=9 tid=4 runnable&#10;java.lang.Thread.State: RUNNABLE&#10;&quot;qtp1003663195-246&quot; daemon prio=5 tid=246 timed_waiting&#10;java.lang.Thread.State: TIMED_WAITING&#10;        at sun.misc.Unsafe.park(Native Method)&#10;        at java.util.concurrent.locks.LockSupport.parkNanos(LockSupport.java:215)&#10;        at java.util.concurrent.locks.AbstractQueuedSynchronizer$ConditionObject.awaitNanos(AbstractQueuedSynchronizer.java:2078)&#10;        at org.eclipse.jetty.util.BlockingArrayQueue.poll(BlockingArrayQueue.java:392)&#10;        at org.eclipse.jetty.util.thread.QueuedThreadPool.idleJobPoll(QueuedThreadPool.java:563)&#10;        at org.eclipse.jetty.util.thread.QueuedThreadPool.access$800(QueuedThreadPool.java:48)&#10;        at org.eclipse.jetty.util.thread.QueuedThreadPool$2.run(QueuedThreadPool.java:626)&#10;        at java.lang.Thread.run(Thread.java:748)&#10;&quot;qtp1680841335-216&quot; daemon prio=5 tid=216 timed_waiting&#10;java.lang.Thread.State: TIMED_WAITING&#10;        at sun.misc.Unsafe.park(Native Method)&#10;        at java.util.concurrent.locks.LockSupport.parkNanos(LockSupport.java:215)&#10;        at java.util.concurrent.locks.AbstractQueuedSynchronizer$ConditionObject.awaitNanos(AbstractQueuedSynchronizer.java:2078)&#10;        at org.eclipse.jetty.util.BlockingArrayQueue.poll(BlockingArrayQueue.java:392)&#10;        at org.eclipse.jetty.util.thread.QueuedThreadPool.idleJobPoll(QueuedThreadPool.java:563)&#10;        at org.eclipse.jetty.util.thread.QueuedThreadPool.access$800(QueuedThreadPool.java:48)&#10;        at org.eclipse.jetty.util.thread.QueuedThreadPool$2.run(QueuedThreadPool.java:626)&#10;        at java.lang.Thread.run(Thread.java:748)&#10;&quot;pool-66-thread-13&quot;  prio=5 tid=548 in Object.wait()&#10;java.lang.Thread.State: WAITING (on object monitor)&#10;        at sun.misc.Unsafe.park(Native Method)&#10;        at java.util.concurrent.locks.LockSupport.park(LockSupport.java:175)&#10;        at java.util.concurrent.locks.AbstractQueuedSynchronizer$ConditionObject.await(AbstractQueuedSynchronizer.java:2039)&#10;        at java.util.concurrent.ArrayBlockingQueue.take(ArrayBlockingQueue.java:403)&#10;        at java.util.concurrent.ThreadPoolExecutor.getTask(ThreadPoolExecutor.java:1074)&#10;        at java.util.concurrent.ThreadPoolExecutor.runWorker(ThreadPoolExecutor.java:1134)&#10;        at java.util.concurrent.ThreadPoolExecutor$Worker.run(ThreadPoolExecutor.java:624)&#10;        at java.lang.Thread.run(Thread.java:748)&#10;&quot;pool-26-thread-20&quot;  prio=5 tid=306 in Object.wait()&#10;java.lang.Thread.State: WAITING (on object monitor)&#10;        at sun.misc.Unsafe.park(Native Method)&#10;        at java.util.concurrent.locks.LockSupport.park(LockSupport.java:175)&#10;        at java.util.concurrent.locks.AbstractQueuedSynchronizer$ConditionObject.await(AbstractQueuedSynchronizer.java:2039)&#10;        at java.util.concurrent.ArrayBlockingQueue.take(ArrayBlockingQueue.java:403)&#10;        at java.util.concurrent.ThreadPoolExecutor.getTask(ThreadPoolExecutor.java:1074)&#10;        at java.util.concurrent.ThreadPoolExecutor.runWorker(ThreadPoolExecutor.java:1134)&#10;        at java.util.concurrent.ThreadPoolExecutor$Worker.run(ThreadPoolExecutor.java:624)&#10;        at java.lang.Thread.run(Thread.java:748)&#10;&quot;Datanode ReportManager Thread - 3&quot; daemon prio=5 tid=201 in Object.wait()&#10;java.lang.Thread.State: WAITING (on object monitor)&#10;        at sun.misc.Unsafe.park(Native Method)&#10;        at java.util.concurrent.locks.LockSupport.park(LockSupport.java:175)&#10;        at java.util.concurrent.locks.AbstractQueuedSynchronizer$ConditionObject.await(AbstractQueuedSynchronizer.java:2039)&#10;        at java.util.concurrent.ScheduledThreadPoolExecutor$DelayedWorkQueue.take(ScheduledThreadPoolExecutor.java:1088)&#10;        at java.util.concurrent.ScheduledThreadPoolExecutor$DelayedWorkQueue.take(ScheduledThreadPoolExecutor.java:809)&#10;        at java.util.concurrent.ThreadPoolExecutor.getTask(ThreadPoolExecutor.java:1074)&#10;        at java.util.concurrent.ThreadPoolExecutor.runWorker(ThreadPoolExecutor.java:1134)&#10;        at java.util.concurrent.ThreadPoolExecutor$Worker.run(ThreadPoolExecutor.java:624)&#10;        at java.lang.Thread.run(Thread.java:748)&#10;&quot;metrics-hadoop-metrics2-reporter-36-thread-1&quot; daemon prio=5 tid=717 timed_waiting&#10;java.lang.Thread.State: TIMED_WAITING&#10;        at sun.misc.Unsafe.park(Native Method)&#10;        at java.util.concurrent.locks.LockSupport.parkNanos(LockSupport.java:215)&#10;        at java.util.concurrent.locks.AbstractQueuedSynchronizer$ConditionObject.awaitNanos(AbstractQueuedSynchronizer.java:2078)&#10;        at java.util.concurrent.ScheduledThreadPoolExecutor$DelayedWorkQueue.take(ScheduledThreadPoolExecutor.java:1093)&#10;        at java.util.concurrent.ScheduledThreadPoolExecutor$DelayedWorkQueue.take(ScheduledThreadPoolExecutor.java:809)&#10;        at java.util.concurrent.ThreadPoolExecutor.getTask(ThreadPoolExecutor.java:1074)&#10;        at java.util.concurrent.ThreadPoolExecutor.runWorker(ThreadPoolExecutor.java:1134)&#10;        at java.util.concurrent.ThreadPoolExecutor$Worker.run(ThreadPoolExecutor.java:624)&#10;        at java.lang.Thread.run(Thread.java:748)&#10;&quot;IPC Server handler 8 on 35444&quot; daemon prio=5 tid=122 timed_waiting&#10;java.lang.Thread.State: TIMED_WAITING&#10;        at sun.misc.Unsafe.park(Native Method)&#10;        at java.util.concurrent.locks.LockSupport.parkNanos(LockSupport.java:215)&#10;        at java.util.concurrent.locks.AbstractQueuedSynchronizer$ConditionObject.awaitNanos(AbstractQueuedSynchronizer.java:2078)&#10;        at java.util.concurrent.LinkedBlockingQueue.poll(LinkedBlockingQueue.java:467)&#10;        at org.apache.hadoop.ipc.CallQueueManager.take(CallQueueManager.java:288)&#10;        at org.apache.hadoop.ipc.Server$Handler.run(Server.java:2668)&#10;&quot;metrics-hadoop-metrics2-reporter-23-thread-1&quot; daemon prio=5 tid=666 timed_waiting&#10;java.lang.Thread.State: TIMED_WAITING&#10;        at sun.misc.Unsafe.park(Native Method)&#10;        at java.util.concurrent.locks.LockSupport.parkNanos(LockSupport.java:215)&#10;        at java.util.concurrent.locks.AbstractQueuedSynchronizer$ConditionObject.awaitNanos(AbstractQueuedSynchronizer.java:2078)&#10;        at java.util.concurrent.ScheduledThreadPoolExecutor$DelayedWorkQueue.take(ScheduledThreadPoolExecutor.java:1093)&#10;        at java.util.concurrent.ScheduledThreadPoolExecutor$DelayedWorkQueue.take(ScheduledThreadPoolExecutor.java:809)&#10;        at java.util.concurrent.ThreadPoolExecutor.getTask(ThreadPoolExecutor.java:1074)&#10;        at java.util.concurrent.ThreadPoolExecutor.runWorker(ThreadPoolExecutor.java:1134)&#10;        at java.util.concurrent.ThreadPoolExecutor$Worker.run(ThreadPoolExecutor.java:624)&#10;        at java.lang.Thread.run(Thread.java:748)&#10;&quot;pool-66-thread-32&quot;  prio=5 tid=567 in Object.wait()&#10;java.lang.Thread.State: WAITING (on object monitor)&#10;        at sun.misc.Unsafe.park(Native Method)&#10;        at java.util.concurrent.locks.LockSupport.park(LockSupport.java:175)&#10;        at java.util.concurrent.locks.AbstractQueuedSynchronizer$ConditionObject.await(AbstractQueuedSynchronizer.java:2039)&#10;        at java.util.concurrent.ArrayBlockingQueue.take(ArrayBlockingQueue.java:403)&#10;        at java.util.concurrent.ThreadPoolExecutor.getTask(ThreadPoolExecutor.java:1074)&#10;        at java.util.concurrent.ThreadPoolExecutor.runWorker(ThreadPoolExecutor.java:1134)&#10;        at java.util.concurrent.ThreadPoolExecutor$Worker.run(ThreadPoolExecutor.java:624)&#10;        at java.lang.Thread.run(Thread.java:748)&#10;&quot;grpc-default-worker-ELG-3-1&quot; daemon prio=5 tid=607 runnable&#10;java.lang.Thread.State: RUNNABLE&#10;        at sun.nio.ch.EPollArrayWrapper.epollWait(Native Method)&#10;        at sun.nio.ch.EPollArrayWrapper.poll(EPollArrayWrapper.java:269)&#10;        at sun.nio.ch.EPollSelectorImpl.doSelect(EPollSelectorImpl.java:93)&#10;        at sun.nio.ch.SelectorImpl.lockAndDoSelect(SelectorImpl.java:86)&#10;        at sun.nio.ch.SelectorImpl.select(SelectorImpl.java:97)&#10;        at org.apache.ratis.thirdparty.io.netty.channel.nio.SelectedSelectionKeySetSelector.select(SelectedSelectionKeySetSelector.java:62)&#10;        at org.apache.ratis.thirdparty.io.netty.channel.nio.NioEventLoop.select(NioEventLoop.java:753)&#10;        at org.apache.ratis.thirdparty.io.netty.channel.nio.NioEventLoop.run(NioEventLoop.java:408)&#10;        at org.apache.ratis.thirdparty.io.netty.util.concurrent.SingleThreadEventExecutor$5.run(SingleThreadEventExecutor.java:897)&#10;        at org.apache.ratis.thirdparty.io.netty.util.concurrent.FastThreadLocalRunnable.run(FastThreadLocalRunnable.java:30)&#10;        at java.lang.Thread.run(Thread.java:748)&#10;&quot;pool-64-thread-1&quot; daemon prio=5 tid=264 timed_waiting&#10;java.lang.Thread.State: TIMED_WAITING&#10;        at sun.misc.Unsafe.park(Native Method)&#10;        at java.util.concurrent.locks.LockSupport.parkNanos(LockSupport.java:215)&#10;        at java.util.concurrent.locks.AbstractQueuedSynchronizer$ConditionObject.awaitNanos(AbstractQueuedSynchronizer.java:2078)&#10;        at java.util.concurrent.ScheduledThreadPoolExecutor$DelayedWorkQueue.take(ScheduledThreadPoolExecutor.java:1093)&#10;        at java.util.concurrent.ScheduledThreadPoolExecutor$DelayedWorkQueue.take(ScheduledThreadPoolExecutor.java:809)&#10;        at java.util.concurrent.ThreadPoolExecutor.getTask(ThreadPoolExecutor.java:1074)&#10;        at java.util.concurrent.ThreadPoolExecutor.runWorker(ThreadPoolExecutor.java:1134)&#10;        at java.util.concurrent.ThreadPoolExecutor$Worker.run(ThreadPoolExecutor.java:624)&#10;        at java.lang.Thread.run(Thread.java:748)&#10;&quot;IPC Server handler 15 on 33004&quot; daemon prio=5 tid=84 timed_waiting&#10;java.lang.Thread.State: TIMED_WAITING&#10;        at sun.misc.Unsafe.park(Native Method)&#10;        at java.util.concurrent.locks.LockSupport.parkNanos(LockSupport.java:215)&#10;        at java.util.concurrent.locks.AbstractQueuedSynchronizer$ConditionObject.awaitNanos(AbstractQueuedSynchronizer.java:2078)&#10;        at java.util.concurrent.LinkedBlockingQueue.poll(LinkedBlockingQueue.java:467)&#10;        at org.apache.hadoop.ipc.CallQueueManager.take(CallQueueManager.java:288)&#10;        at org.apache.hadoop.ipc.Server$Handler.run(Server.java:2668)&#10;&quot;pool-46-thread-12&quot;  prio=5 tid=418 in Object.wait()&#10;java.lang.Thread.State: WAITING (on object monitor)&#10;        at sun.misc.Unsafe.park(Native Method)&#10;        at java.util.concurrent.locks.LockSupport.park(LockSupport.java:175)&#10;        at java.util.concurrent.locks.AbstractQueuedSynchronizer$ConditionObject.await(AbstractQueuedSynchronizer.java:2039)&#10;        at java.util.concurrent.ArrayBlockingQueue.take(ArrayBlockingQueue.java:403)&#10;        at java.util.concurrent.ThreadPoolExecutor.getTask(ThreadPoolExecutor.java:1074)&#10;        at java.util.concurrent.ThreadPoolExecutor.runWorker(ThreadPoolExecutor.java:1134)&#10;        at java.util.concurrent.ThreadPoolExecutor$Worker.run(ThreadPoolExecutor.java:624)&#10;        at java.lang.Thread.run(Thread.java:748)&#10;&quot;grpc-default-executor-4&quot; daemon prio=5 tid=819 timed_waiting&#10;java.lang.Thread.State: TIMED_WAITING&#10;        at sun.misc.Unsafe.park(Native Method)&#10;        at java.util.concurrent.locks.LockSupport.parkNanos(LockSupport.java:215)&#10;        at java.util.concurrent.SynchronousQueue$TransferStack.awaitFulfill(SynchronousQueue.java:460)&#10;        at java.util.concurrent.SynchronousQueue$TransferStack.transfer(SynchronousQueue.java:362)&#10;        at java.util.concurrent.SynchronousQueue.poll(SynchronousQueue.java:941)&#10;        at java.util.concurrent.ThreadPoolExecutor.getTask(ThreadPoolExecutor.java:1073)&#10;        at java.util.concurrent.ThreadPoolExecutor.runWorker(ThreadPoolExecutor.java:1134)&#10;        at java.util.concurrent.ThreadPoolExecutor$Worker.run(ThreadPoolExecutor.java:624)&#10;        at java.lang.Thread.run(Thread.java:748)&#10;&quot;IPC Server handler 18 on 46821&quot; daemon prio=5 tid=67 timed_waiting&#10;java.lang.Thread.State: TIMED_WAITING&#10;        at sun.misc.Unsafe.park(Native Method)&#10;        at java.util.concurrent.locks.LockSupport.parkNanos(LockSupport.java:215)&#10;        at java.util.concurrent.locks.AbstractQueuedSynchronizer$ConditionObject.awaitNanos(AbstractQueuedSynchronizer.java:2078)&#10;        at java.util.concurrent.LinkedBlockingQueue.poll(LinkedBlockingQueue.java:467)&#10;        at org.apache.hadoop.ipc.CallQueueManager.take(CallQueueManager.java:288)&#10;        at org.apache.hadoop.ipc.Server$Handler.run(Server.java:2668)&#10;&quot;Finalizer&quot; daemon prio=8 tid=3 in Object.wait()&#10;java.lang.Thread.State: WAITING (on object monitor)&#10;        at java.lang.Object.wait(Native Method)&#10;        at java.lang.ref.ReferenceQueue.remove(ReferenceQueue.java:144)&#10;        at java.lang.ref.ReferenceQueue.remove(ReferenceQueue.java:165)&#10;        at java.lang.ref.Finalizer$FinalizerThread.run(Finalizer.java:216)&#10;&quot;pool-66-thread-4&quot;  prio=5 tid=539 in Object.wait()&#10;java.lang.Thread.State: WAITING (on object monitor)&#10;        at sun.misc.Unsafe.park(Native Method)&#10;        at java.util.concurrent.locks.LockSupport.park(LockSupport.java:175)&#10;        at java.util.concurrent.locks.AbstractQueuedSynchronizer$ConditionObject.await(AbstractQueuedSynchronizer.java:2039)&#10;        at java.util.concurrent.ArrayBlockingQueue.take(ArrayBlockingQueue.java:403)&#10;        at java.util.concurrent.ThreadPoolExecutor.getTask(ThreadPoolExecutor.java:1074)&#10;        at java.util.concurrent.ThreadPoolExecutor.runWorker(ThreadPoolExecutor.java:1134)&#10;        at java.util.concurrent.ThreadPoolExecutor$Worker.run(ThreadPoolExecutor.java:624)&#10;        at java.lang.Thread.run(Thread.java:748)&#10;&quot;pool-26-thread-54&quot;  prio=5 tid=340 in Object.wait()&#10;java.lang.Thread.State: WAITING (on object monitor)&#10;        at sun.misc.Unsafe.park(Native Method)&#10;        at java.util.concurrent.locks.LockSupport.park(LockSupport.java:175)&#10;        at java.util.concurrent.locks.AbstractQueuedSynchronizer$ConditionObject.await(AbstractQueuedSynchronizer.java:2039)&#10;        at java.util.concurrent.ArrayBlockingQueue.take(ArrayBlockingQueue.java:403)&#10;        at java.util.concurrent.ThreadPoolExecutor.getTask(ThreadPoolExecutor.java:1074)&#10;        at java.util.concurrent.ThreadPoolExecutor.runWorker(ThreadPoolExecutor.java:1134)&#10;        at java.util.concurrent.ThreadPoolExecutor$Worker.run(ThreadPoolExecutor.java:624)&#10;        at java.lang.Thread.run(Thread.java:748)&#10;&quot;metrics-hadoop-metrics2-reporter-41-thread-1&quot; daemon prio=5 tid=788 timed_waiting&#10;java.lang.Thread.State: TIMED_WAITING&#10;        at sun.misc.Unsafe.park(Native Method)&#10;        at java.util.concurrent.locks.LockSupport.parkNanos(LockSupport.java:215)&#10;        at java.util.concurrent.locks.AbstractQueuedSynchronizer$ConditionObject.awaitNanos(AbstractQueuedSynchronizer.java:2078)&#10;        at java.util.concurrent.ScheduledThreadPoolExecutor$DelayedWorkQueue.take(ScheduledThreadPoolExecutor.java:1093)&#10;        at java.util.concurrent.ScheduledThreadPoolExecutor$DelayedWorkQueue.take(ScheduledThreadPoolExecutor.java:809)&#10;        at java.util.concurrent.ThreadPoolExecutor.getTask(ThreadPoolExecutor.java:1074)&#10;        at java.util.concurrent.ThreadPoolExecutor.runWorker(ThreadPoolExecutor.java:1134)&#10;        at java.util.concurrent.ThreadPoolExecutor$Worker.run(ThreadPoolExecutor.java:624)&#10;        at java.lang.Thread.run(Thread.java:748)&#10;&quot;pool-36-thread-7&quot;  prio=5 tid=353 in Object.wait()&#10;java.lang.Thread.State: WAITING (on object monitor)&#10;        at sun.misc.Unsafe.park(Native Method)&#10;        at java.util.concurrent.locks.LockSupport.park(LockSupport.java:175)&#10;        at java.util.concurrent.locks.AbstractQueuedSynchronizer$ConditionObject.await(AbstractQueuedSynchronizer.java:2039)&#10;        at java.util.concurrent.ArrayBlockingQueue.take(ArrayBlockingQueue.java:403)&#10;        at java.util.concurrent.ThreadPoolExecutor.getTask(ThreadPoolExecutor.java:1074)&#10;        at java.util.concurrent.ThreadPoolExecutor.runWorker(ThreadPoolExecutor.java:1134)&#10;        at java.util.concurrent.ThreadPoolExecutor$Worker.run(ThreadPoolExecutor.java:624)&#10;        at java.lang.Thread.run(Thread.java:748)&#10;&quot;IPC Server Responder&quot; daemon prio=5 tid=17 runnable&#10;java.lang.Thread.State: RUNNABLE&#10;        at sun.nio.ch.EPollArrayWrapper.epollWait(Native Method)&#10;        at sun.nio.ch.EPollArrayWrapper.poll(EPollArrayWrapper.java:269)&#10;        at sun.nio.ch.EPollSelectorImpl.doSelect(EPollSelectorImpl.java:93)&#10;        at sun.nio.ch.SelectorImpl.lockAndDoSelect(SelectorImpl.java:86)&#10;        at sun.nio.ch.SelectorImpl.select(SelectorImpl.java:97)&#10;        at org.apache.hadoop.ipc.Server$Responder.doRunLoop(Server.java:1334)&#10;        at org.apache.hadoop.ipc.Server$Responder.run(Server.java:1317)&#10;&quot;metrics-hadoop-metrics2-reporter-29-thread-1&quot; daemon prio=5 tid=688 timed_waiting&#10;java.lang.Thread.State: TIMED_WAITING&#10;        at sun.misc.Unsafe.park(Native Method)&#10;        at java.util.concurrent.locks.LockSupport.parkNanos(LockSupport.java:215)&#10;        at java.util.concurrent.locks.AbstractQueuedSynchronizer$ConditionObject.awaitNanos(AbstractQueuedSynchronizer.java:2078)&#10;        at java.util.concurrent.ScheduledThreadPoolExecutor$DelayedWorkQueue.take(ScheduledThreadPoolExecutor.java:1093)&#10;        at java.util.concurrent.ScheduledThreadPoolExecutor$DelayedWorkQueue.take(ScheduledThreadPoolExecutor.java:809)&#10;        at java.util.concurrent.ThreadPoolExecutor.getTask(ThreadPoolExecutor.java:1074)&#10;        at java.util.concurrent.ThreadPoolExecutor.runWorker(ThreadPoolExecutor.java:1134)&#10;        at java.util.concurrent.ThreadPoolExecutor$Worker.run(ThreadPoolExecutor.java:624)&#10;        at java.lang.Thread.run(Thread.java:748)&#10;&quot;pool-26-thread-47&quot;  prio=5 tid=333 in Object.wait()&#10;java.lang.Thread.State: WAITING (on object monitor)&#10;        at sun.misc.Unsafe.park(Native Method)&#10;        at java.util.concurrent.locks.LockSupport.park(LockSupport.java:175)&#10;        at java.util.concurrent.locks.AbstractQueuedSynchronizer$ConditionObject.await(AbstractQueuedSynchronizer.java:2039)&#10;        at java.util.concurrent.ArrayBlockingQueue.take(ArrayBlockingQueue.java:403)&#10;        at java.util.concurrent.ThreadPoolExecutor.getTask(ThreadPoolExecutor.java:1074)&#10;        at java.util.concurrent.ThreadPoolExecutor.runWorker(ThreadPoolExecutor.java:1134)&#10;        at java.util.concurrent.ThreadPoolExecutor$Worker.run(ThreadPoolExecutor.java:624)&#10;        at java.lang.Thread.run(Thread.java:748)&#10;&quot;IPC Server handler 7 on 33004&quot; daemon prio=5 tid=76 timed_waiting&#10;java.lang.Thread.State: TIMED_WAITING&#10;        at sun.misc.Unsafe.park(Native Method)&#10;        at java.util.concurrent.locks.LockSupport.parkNanos(LockSupport.java:215)&#10;        at java.util.concurrent.locks.AbstractQueuedSynchronizer$ConditionObject.awaitNanos(AbstractQueuedSynchronizer.java:2078)&#10;        at java.util.concurrent.LinkedBlockingQueue.poll(LinkedBlockingQueue.java:467)&#10;        at org.apache.hadoop.ipc.CallQueueManager.take(CallQueueManager.java:288)&#10;        at org.apache.hadoop.ipc.Server$Handler.run(Server.java:2668)&#10;&quot;pool-26-thread-48&quot;  prio=5 tid=334 in Object.wait()&#10;java.lang.Thread.State: WAITING (on object monitor)&#10;        at sun.misc.Unsafe.park(Native Method)&#10;        at java.util.concurrent.locks.LockSupport.park(LockSupport.java:175)&#10;        at java.util.concurrent.locks.AbstractQueuedSynchronizer$ConditionObject.await(AbstractQueuedSynchronizer.java:2039)&#10;        at java.util.concurrent.ArrayBlockingQueue.take(ArrayBlockingQueue.java:403)&#10;        at java.util.concurrent.ThreadPoolExecutor.getTask(ThreadPoolExecutor.java:1074)&#10;        at java.util.concurrent.ThreadPoolExecutor.runWorker(ThreadPoolExecutor.java:1134)&#10;        at java.util.concurrent.ThreadPoolExecutor$Worker.run(ThreadPoolExecutor.java:624)&#10;        at java.lang.Thread.run(Thread.java:748)&#10;&quot;Datanode ReportManager Thread - 1&quot; daemon prio=5 tid=253 in Object.wait()&#10;java.lang.Thread.State: WAITING (on object monitor)&#10;        at sun.misc.Unsafe.park(Native Method)&#10;        at java.util.concurrent.locks.LockSupport.park(LockSupport.java:175)&#10;        at java.util.concurrent.locks.AbstractQueuedSynchronizer$ConditionObject.await(AbstractQueuedSynchronizer.java:2039)&#10;        at java.util.concurrent.ScheduledThreadPoolExecutor$DelayedWorkQueue.take(ScheduledThreadPoolExecutor.java:1088)&#10;        at java.util.concurrent.ScheduledThreadPoolExecutor$DelayedWorkQueue.take(ScheduledThreadPoolExecutor.java:809)&#10;        at java.util.concurrent.ThreadPoolExecutor.getTask(ThreadPoolExecutor.java:1074)&#10;        at java.util.concurrent.ThreadPoolExecutor.runWorker(ThreadPoolExecutor.java:1134)&#10;        at java.util.concurrent.ThreadPoolExecutor$Worker.run(ThreadPoolExecutor.java:624)&#10;        at java.lang.Thread.run(Thread.java:748)&#10;&quot;metrics-hadoop-metrics2-reporter-44-thread-1&quot; daemon prio=5 tid=808 timed_waiting&#10;java.lang.Thread.State: TIMED_WAITING&#10;        at sun.misc.Unsafe.park(Native Method)&#10;        at java.util.concurrent.locks.LockSupport.parkNanos(LockSupport.java:215)&#10;        at java.util.concurrent.locks.AbstractQueuedSynchronizer$ConditionObject.awaitNanos(AbstractQueuedSynchronizer.java:2078)&#10;        at java.util.concurrent.ScheduledThreadPoolExecutor$DelayedWorkQueue.take(ScheduledThreadPoolExecutor.java:1093)&#10;        at java.util.concurrent.ScheduledThreadPoolExecutor$DelayedWorkQueue.take(ScheduledThreadPoolExecutor.java:809)&#10;        at java.util.concurrent.ThreadPoolExecutor.getTask(ThreadPoolExecutor.java:1074)&#10;        at java.util.concurrent.ThreadPoolExecutor.runWorker(ThreadPoolExecutor.java:1134)&#10;        at java.util.concurrent.ThreadPoolExecutor$Worker.run(ThreadPoolExecutor.java:624)&#10;        at java.lang.Thread.run(Thread.java:748)&#10;&quot;IPC Server handler 15 on 35444&quot; daemon prio=5 tid=130 timed_waiting&#10;java.lang.Thread.State: TIMED_WAITING&#10;        at sun.misc.Unsafe.park(Native Method)&#10;        at java.util.concurrent.locks.LockSupport.parkNanos(LockSupport.java:215)&#10;        at java.util.concurrent.locks.AbstractQueuedSynchronizer$ConditionObject.awaitNanos(AbstractQueuedSynchronizer.java:2078)&#10;        at java.util.concurrent.LinkedBlockingQueue.poll(LinkedBlockingQueue.java:467)&#10;        at org.apache.hadoop.ipc.CallQueueManager.take(CallQueueManager.java:288)&#10;        at org.apache.hadoop.ipc.Server$Handler.run(Server.java:2668)&#10;&quot;IPC Server handler 18 on 35444&quot; daemon prio=5 tid=133 timed_waiting&#10;java.lang.Thread.State: TIMED_WAITING&#10;        at sun.misc.Unsafe.park(Native Method)&#10;        at java.util.concurrent.locks.LockSupport.parkNanos(LockSupport.java:215)&#10;        at java.util.concurrent.locks.AbstractQueuedSynchronizer$ConditionObject.awaitNanos(AbstractQueuedSynchronizer.java:2078)&#10;        at java.util.concurrent.LinkedBlockingQueue.poll(LinkedBlockingQueue.java:467)&#10;        at org.apache.hadoop.ipc.CallQueueManager.take(CallQueueManager.java:288)&#10;        at org.apache.hadoop.ipc.Server$Handler.run(Server.java:2668)&#10;&quot;pool-37-thread-1&quot;  prio=5 tid=624 in Object.wait()&#10;java.lang.Thread.State: WAITING (on object monitor)&#10;        at sun.misc.Unsafe.park(Native Method)&#10;        at java.util.concurrent.locks.LockSupport.park(LockSupport.java:175)&#10;        at java.util.concurrent.locks.AbstractQueuedSynchronizer$ConditionObject.await(AbstractQueuedSynchronizer.java:2039)&#10;        at java.util.concurrent.LinkedBlockingQueue.take(LinkedBlockingQueue.java:442)&#10;        at java.util.concurrent.ThreadPoolExecutor.getTask(ThreadPoolExecutor.java:1074)&#10;        at java.util.concurrent.ThreadPoolExecutor.runWorker(ThreadPoolExecutor.java:1134)&#10;        at java.util.concurrent.ThreadPoolExecutor$Worker.run(ThreadPoolExecutor.java:624)&#10;        at java.lang.Thread.run(Thread.java:748)&#10;&quot;pool-66-thread-58&quot;  prio=5 tid=593 in Object.wait()&#10;java.lang.Thread.State: WAITING (on object monitor)&#10;        at sun.misc.Unsafe.park(Native Method)&#10;        at java.util.concurrent.locks.LockSupport.park(LockSupport.java:175)&#10;        at java.util.concurrent.locks.AbstractQueuedSynchronizer$ConditionObject.await(AbstractQueuedSynchronizer.java:2039)&#10;        at java.util.concurrent.ArrayBlockingQueue.take(ArrayBlockingQueue.java:403)&#10;        at java.util.concurrent.ThreadPoolExecutor.getTask(ThreadPoolExecutor.java:1074)&#10;        at java.util.concurrent.ThreadPoolExecutor.runWorker(ThreadPoolExecutor.java:1134)&#10;        at java.util.concurrent.ThreadPoolExecutor$Worker.run(ThreadPoolExecutor.java:624)&#10;        at java.lang.Thread.run(Thread.java:748)&#10;&quot;pool-34-thread-1&quot; daemon prio=5 tid=183 timed_waiting&#10;java.lang.Thread.State: TIMED_WAITING&#10;        at sun.misc.Unsafe.park(Native Method)&#10;        at java.util.concurrent.locks.LockSupport.parkNanos(LockSupport.java:215)&#10;        at java.util.concurrent.locks.AbstractQueuedSynchronizer$ConditionObject.awaitNanos(AbstractQueuedSynchronizer.java:2078)&#10;        at java.util.concurrent.ScheduledThreadPoolExecutor$DelayedWorkQueue.take(ScheduledThreadPoolExecutor.java:1093)&#10;        at java.util.concurrent.ScheduledThreadPoolExecutor$DelayedWorkQueue.take(ScheduledThreadPoolExecutor.java:809)&#10;        at java.util.concurrent.ThreadPoolExecutor.getTask(ThreadPoolExecutor.java:1074)&#10;        at java.util.concurrent.ThreadPoolExecutor.runWorker(ThreadPoolExecutor.java:1134)&#10;        at java.util.concurrent.ThreadPoolExecutor$Worker.run(ThreadPoolExecutor.java:624)&#10;        at java.lang.Thread.run(Thread.java:748)&#10;&quot;pool-46-thread-9&quot;  prio=5 tid=415 in Object.wait()&#10;java.lang.Thread.State: WAITING (on object monitor)&#10;        at sun.misc.Unsafe.park(Native Method)&#10;        at java.util.concurrent.locks.LockSupport.park(LockSupport.java:175)&#10;        at java.util.concurrent.locks.AbstractQueuedSynchronizer$ConditionObject.await(AbstractQueuedSynchronizer.java:2039)&#10;        at java.util.concurrent.ArrayBlockingQueue.take(ArrayBlockingQueue.java:403)&#10;        at java.util.concurrent.ThreadPoolExecutor.getTask(ThreadPoolExecutor.java:1074)&#10;        at java.util.concurrent.ThreadPoolExecutor.runWorker(ThreadPoolExecutor.java:1134)&#10;        at java.util.concurrent.ThreadPoolExecutor$Worker.run(ThreadPoolExecutor.java:624)&#10;        at java.lang.Thread.run(Thread.java:748)&#10;&quot;pool-36-thread-29&quot;  prio=5 tid=375 in Object.wait()&#10;java.lang.Thread.State: WAITING (on object monitor)&#10;        at sun.misc.Unsafe.park(Native Method)&#10;        at java.util.concurrent.locks.LockSupport.park(LockSupport.java:175)&#10;        at java.util.concurrent.locks.AbstractQueuedSynchronizer$ConditionObject.await(AbstractQueuedSynchronizer.java:2039)&#10;        at java.util.concurrent.ArrayBlockingQueue.take(ArrayBlockingQueue.java:403)&#10;        at java.util.concurrent.ThreadPoolExecutor.getTask(ThreadPoolExecutor.java:1074)&#10;        at java.util.concurrent.ThreadPoolExecutor.runWorker(ThreadPoolExecutor.java:1134)&#10;        at java.util.concurrent.ThreadPoolExecutor$Worker.run(ThreadPoolExecutor.java:624)&#10;        at java.lang.Thread.run(Thread.java:748)&#10;&quot;pool-50-thread-1&quot;  prio=5 tid=212 timed_waiting&#10;java.lang.Thread.State: TIMED_WAITING&#10;        at sun.misc.Unsafe.park(Native Method)&#10;        at java.util.concurrent.locks.LockSupport.parkNanos(LockSupport.java:215)&#10;        at java.util.concurrent.locks.AbstractQueuedSynchronizer$ConditionObject.awaitNanos(AbstractQueuedSynchronizer.java:2078)&#10;        at java.util.concurrent.ScheduledThreadPoolExecutor$DelayedWorkQueue.take(ScheduledThreadPoolExecutor.java:1093)&#10;        at java.util.concurrent.ScheduledThreadPoolExecutor$DelayedWorkQueue.take(ScheduledThreadPoolExecutor.java:809)&#10;        at java.util.concurrent.ThreadPoolExecutor.getTask(ThreadPoolExecutor.java:1074)&#10;        at java.util.concurrent.ThreadPoolExecutor.runWorker(ThreadPoolExecutor.java:1134)&#10;        at java.util.concurrent.ThreadPoolExecutor$Worker.run(ThreadPoolExecutor.java:624)&#10;        at java.lang.Thread.run(Thread.java:748)&#10;&quot;IPC Server listener on 40923&quot; daemon prio=5 tid=22 runnable&#10;java.lang.Thread.State: RUNNABLE&#10;        at sun.nio.ch.EPollArrayWrapper.epollWait(Native Method)&#10;        at sun.nio.ch.EPollArrayWrapper.poll(EPollArrayWrapper.java:269)&#10;        at sun.nio.ch.EPollSelectorImpl.doSelect(EPollSelectorImpl.java:93)&#10;        at sun.nio.ch.SelectorImpl.lockAndDoSelect(SelectorImpl.java:86)&#10;        at sun.nio.ch.SelectorImpl.select(SelectorImpl.java:97)&#10;        at sun.nio.ch.SelectorImpl.select(SelectorImpl.java:101)&#10;        at org.apache.hadoop.ipc.Server$Listener.run(Server.java:1159)&#10;&quot;pool-56-thread-50&quot;  prio=5 tid=523 in Object.wait()&#10;java.lang.Thread.State: WAITING (on object monitor)&#10;        at sun.misc.Unsafe.park(Native Method)&#10;        at java.util.concurrent.locks.LockSupport.park(LockSupport.java:175)&#10;        at java.util.concurrent.locks.AbstractQueuedSynchronizer$ConditionObject.await(AbstractQueuedSynchronizer.java:2039)&#10;        at java.util.concurrent.ArrayBlockingQueue.take(ArrayBlockingQueue.java:403)&#10;        at java.util.concurrent.ThreadPoolExecutor.getTask(ThreadPoolExecutor.java:1074)&#10;        at java.util.concurrent.ThreadPoolExecutor.runWorker(ThreadPoolExecutor.java:1134)&#10;        at java.util.concurrent.ThreadPoolExecutor$Worker.run(ThreadPoolExecutor.java:624)&#10;        at java.lang.Thread.run(Thread.java:748)&#10;&quot;metrics-hadoop-metrics2-reporter-4-thread-1&quot; daemon prio=5 tid=619 timed_waiting&#10;java.lang.Thread.State: TIMED_WAITING&#10;        at sun.misc.Unsafe.park(Native Method)&#10;        at java.util.concurrent.locks.LockSupport.parkNanos(LockSupport.java:215)&#10;        at java.util.concurrent.locks.AbstractQueuedSynchronizer$ConditionObject.awaitNanos(AbstractQueuedSynchronizer.java:2078)&#10;        at java.util.concurrent.ScheduledThreadPoolExecutor$DelayedWorkQueue.take(ScheduledThreadPoolExecutor.java:1093)&#10;        at java.util.concurrent.ScheduledThreadPoolExecutor$DelayedWorkQueue.take(ScheduledThreadPoolExecutor.java:809)&#10;        at java.util.concurrent.ThreadPoolExecutor.getTask(ThreadPoolExecutor.java:1074)&#10;        at java.util.concurrent.ThreadPoolExecutor.runWorker(ThreadPoolExecutor.java:1134)&#10;        at java.util.concurrent.ThreadPoolExecutor$Worker.run(ThreadPoolExecutor.java:624)&#10;        at java.lang.Thread.run(Thread.java:748)&#10;&quot;qtp1845760645-272&quot; daemon prio=5 tid=272 timed_waiting&#10;java.lang.Thread.State: TIMED_WAITING&#10;        at sun.misc.Unsafe.park(Native Method)&#10;        at java.util.concurrent.locks.LockSupport.parkNanos(LockSupport.java:215)&#10;        at java.util.concurrent.locks.AbstractQueuedSynchronizer$ConditionObject.awaitNanos(AbstractQueuedSynchronizer.java:2078)&#10;        at org.eclipse.jetty.util.BlockingArrayQueue.poll(BlockingArrayQueue.java:392)&#10;        at org.eclipse.jetty.util.thread.QueuedThreadPool.idleJobPoll(QueuedThreadPool.java:563)&#10;        at org.eclipse.jetty.util.thread.QueuedThreadPool.access$800(QueuedThreadPool.java:48)&#10;        at org.eclipse.jetty.util.thread.QueuedThreadPool$2.run(QueuedThreadPool.java:626)&#10;        at java.lang.Thread.run(Thread.java:748)&#10;&quot;org.eclipse.jetty.server.session.HashSessionManager@57c88764Timer&quot; daemon prio=5 tid=144 timed_waiting&#10;java.lang.Thread.State: TIMED_WAITING&#10;        at sun.misc.Unsafe.park(Native Method)&#10;        at java.util.concurrent.locks.LockSupport.parkNanos(LockSupport.java:215)&#10;        at java.util.concurrent.locks.AbstractQueuedSynchronizer$ConditionObject.awaitNanos(AbstractQueuedSynchronizer.java:2078)&#10;        at java.util.concurrent.ScheduledThreadPoolExecutor$DelayedWorkQueue.take(ScheduledThreadPoolExecutor.java:1093)&#10;        at java.util.concurrent.ScheduledThreadPoolExecutor$DelayedWorkQueue.take(ScheduledThreadPoolExecutor.java:809)&#10;        at java.util.concurrent.ThreadPoolExecutor.getTask(ThreadPoolExecutor.java:1074)&#10;        at java.util.concurrent.ThreadPoolExecutor.runWorker(ThreadPoolExecutor.java:1134)&#10;        at java.util.concurrent.ThreadPoolExecutor$Worker.run(ThreadPoolExecutor.java:624)&#10;        at java.lang.Thread.run(Thread.java:748)&#10;&quot;KeyDeletingService#1&quot; daemon prio=5 tid=129 timed_waiting&#10;java.lang.Thread.State: TIMED_WAITING&#10;        at sun.misc.Unsafe.park(Native Method)&#10;        at java.util.concurrent.locks.LockSupport.parkNanos(LockSupport.java:215)&#10;        at java.util.concurrent.locks.AbstractQueuedSynchronizer$ConditionObject.awaitNanos(AbstractQueuedSynchronizer.java:2078)&#10;        at java.util.concurrent.ScheduledThreadPoolExecutor$DelayedWorkQueue.take(ScheduledThreadPoolExecutor.java:1093)&#10;        at java.util.concurrent.ScheduledThreadPoolExecutor$DelayedWorkQueue.take(ScheduledThreadPoolExecutor.java:809)&#10;        at java.util.concurrent.ThreadPoolExecutor.getTask(ThreadPoolExecutor.java:1074)&#10;        at java.util.concurrent.ThreadPoolExecutor.runWorker(ThreadPoolExecutor.java:1134)&#10;        at java.util.concurrent.ThreadPoolExecutor$Worker.run(ThreadPoolExecutor.java:624)&#10;        at java.lang.Thread.run(Thread.java:748)&#10;&quot;IPC Server handler 11 on 33004&quot; daemon prio=5 tid=80 timed_waiting&#10;java.lang.Thread.State: TIMED_WAITING&#10;        at sun.misc.Unsafe.park(Native Method)&#10;        at java.util.concurrent.locks.LockSupport.parkNanos(LockSupport.java:215)&#10;        at java.util.concurrent.locks.AbstractQueuedSynchronizer$ConditionObject.awaitNanos(AbstractQueuedSynchronizer.java:2078)&#10;        at java.util.concurrent.LinkedBlockingQueue.poll(LinkedBlockingQueue.java:467)&#10;        at org.apache.hadoop.ipc.CallQueueManager.take(CallQueueManager.java:288)&#10;        at org.apache.hadoop.ipc.Server$Handler.run(Server.java:2668)&#10;&quot;Datanode ReportManager Thread - 1&quot; daemon prio=5 tid=280 in Object.wait()&#10;java.lang.Thread.State: WAITING (on object monitor)&#10;        at sun.misc.Unsafe.park(Native Method)&#10;        at java.util.concurrent.locks.LockSupport.park(LockSupport.java:175)&#10;        at java.util.concurrent.locks.AbstractQueuedSynchronizer$ConditionObject.await(AbstractQueuedSynchronizer.java:2039)&#10;        at java.util.concurrent.ScheduledThreadPoolExecutor$DelayedWorkQueue.take(ScheduledThreadPoolExecutor.java:1088)&#10;        at java.util.concurrent.ScheduledThreadPoolExecutor$DelayedWorkQueue.take(ScheduledThreadPoolExecutor.java:809)&#10;        at java.util.concurrent.ThreadPoolExecutor.getTask(ThreadPoolExecutor.java:1074)&#10;        at java.util.concurrent.ThreadPoolExecutor.runWorker(ThreadPoolExecutor.java:1134)&#10;        at java.util.concurrent.ThreadPoolExecutor$Worker.run(ThreadPoolExecutor.java:624)&#10;        at java.lang.Thread.run(Thread.java:748)&#10;&quot;Command processor thread&quot; daemon prio=5 tid=256 timed_waiting&#10;java.lang.Thread.State: TIMED_WAITING&#10;        at java.lang.Thread.sleep(Native Method)&#10;        at org.apache.hadoop.ozone.container.common.statemachine.DatanodeStateMachine.lambda$initCommandHandlerThread$1(DatanodeStateMachine.java:439)&#10;        at org.apache.hadoop.ozone.container.common.statemachine.DatanodeStateMachine$$Lambda$141/1433245022.run(Unknown Source)&#10;        at java.lang.Thread.run(Thread.java:748)&#10;&quot;Datanode ReportManager Thread - 2&quot; daemon prio=5 tid=173 in Object.wait()&#10;java.lang.Thread.State: WAITING (on object monitor)&#10;        at sun.misc.Unsafe.park(Native Method)&#10;        at java.util.concurrent.locks.LockSupport.park(LockSupport.java:175)&#10;        at java.util.concurrent.locks.AbstractQueuedSynchronizer$ConditionObject.await(AbstractQueuedSynchronizer.java:2039)&#10;        at java.util.concurrent.ScheduledThreadPoolExecutor$DelayedWorkQueue.take(ScheduledThreadPoolExecutor.java:1088)&#10;        at java.util.concurrent.ScheduledThreadPoolExecutor$DelayedWorkQueue.take(ScheduledThreadPoolExecutor.java:809)&#10;        at java.util.concurrent.ThreadPoolExecutor.getTask(ThreadPoolExecutor.java:1074)&#10;        at java.util.concurrent.ThreadPoolExecutor.runWorker(ThreadPoolExecutor.java:1134)&#10;        at java.util.concurrent.ThreadPoolExecutor$Worker.run(ThreadPoolExecutor.java:624)&#10;        at java.lang.Thread.run(Thread.java:748)&#10;&quot;IPC Server handler 11 on 40923&quot; daemon prio=5 tid=40 timed_waiting&#10;java.lang.Thread.State: TIMED_WAITING&#10;        at sun.misc.Unsafe.park(Native Method)&#10;        at java.util.concurrent.locks.LockSupport.parkNanos(LockSupport.java:215)&#10;        at java.util.concurrent.locks.AbstractQueuedSynchronizer$ConditionObject.awaitNanos(AbstractQueuedSynchronizer.java:2078)&#10;        at java.util.concurrent.LinkedBlockingQueue.poll(LinkedBlockingQueue.java:467)&#10;        at org.apache.hadoop.ipc.CallQueueManager.take(CallQueueManager.java:288)&#10;        at org.apache.hadoop.ipc.Server$Handler.run(Server.java:2668)&#10;&quot;5c3956af-60d3-411f-8c98-c7ed3576de5c@group-9043730FD47D-SegmentedRaftLogWorker&quot;  prio=5 tid=627 timed_waiting&#10;java.lang.Thread.State: TIMED_WAITING&#10;        at sun.misc.Unsafe.park(Native Method)&#10;        at java.util.concurrent.locks.LockSupport.parkNanos(LockSupport.java:215)&#10;        at java.util.concurrent.locks.AbstractQueuedSynchronizer$ConditionObject.awaitNanos(AbstractQueuedSynchronizer.java:2078)&#10;        at org.apache.ratis.util.DataBlockingQueue.poll(DataBlockingQueue.java:137)&#10;        at org.apache.ratis.server.raftlog.segmented.SegmentedRaftLogWorker.run(SegmentedRaftLogWorker.java:282)&#10;        at java.lang.Thread.run(Thread.java:748)&#10;&quot;pool-26-thread-21&quot;  prio=5 tid=307 in Object.wait()&#10;java.lang.Thread.State: WAITING (on object monitor)&#10;        at sun.misc.Unsafe.park(Native Method)&#10;        at java.util.concurrent.locks.LockSupport.park(LockSupport.java:175)&#10;        at java.util.concurrent.locks.AbstractQueuedSynchronizer$ConditionObject.await(AbstractQueuedSynchronizer.java:2039)&#10;        at java.util.concurrent.ArrayBlockingQueue.take(ArrayBlockingQueue.java:403)&#10;        at java.util.concurrent.ThreadPoolExecutor.getTask(ThreadPoolExecutor.java:1074)&#10;        at java.util.concurrent.ThreadPoolExecutor.runWorker(ThreadPoolExecutor.java:1134)&#10;        at java.util.concurrent.ThreadPoolExecutor$Worker.run(ThreadPoolExecutor.java:624)&#10;        at java.lang.Thread.run(Thread.java:748)&#10;&quot;pool-66-thread-44&quot;  prio=5 tid=579 in Object.wait()&#10;java.lang.Thread.State: WAITING (on object monitor)&#10;        at sun.misc.Unsafe.park(Native Method)&#10;        at java.util.concurrent.locks.LockSupport.park(LockSupport.java:175)&#10;        at java.util.concurrent.locks.AbstractQueuedSynchronizer$ConditionObject.await(AbstractQueuedSynchronizer.java:2039)&#10;        at java.util.concurrent.ArrayBlockingQueue.take(ArrayBlockingQueue.java:403)&#10;        at java.util.concurrent.ThreadPoolExecutor.getTask(ThreadPoolExecutor.java:1074)&#10;        at java.util.concurrent.ThreadPoolExecutor.runWorker(ThreadPoolExecutor.java:1134)&#10;        at java.util.concurrent.ThreadPoolExecutor$Worker.run(ThreadPoolExecutor.java:624)&#10;        at java.lang.Thread.run(Thread.java:748)&#10;&quot;pool-36-thread-25&quot;  prio=5 tid=371 in Object.wait()&#10;java.lang.Thread.State: WAITING (on object monitor)&#10;        at sun.misc.Unsafe.park(Native Method)&#10;        at java.util.concurrent.locks.LockSupport.park(LockSupport.java:175)&#10;        at java.util.concurrent.locks.AbstractQueuedSynchronizer$ConditionObject.await(AbstractQueuedSynchronizer.java:2039)&#10;        at java.util.concurrent.ArrayBlockingQueue.take(ArrayBlockingQueue.java:403)&#10;        at java.util.concurrent.ThreadPoolExecutor.getTask(ThreadPoolExecutor.java:1074)&#10;        at java.util.concurrent.ThreadPoolExecutor.runWorker(ThreadPoolExecutor.java:1134)&#10;        at java.util.concurrent.ThreadPoolExecutor$Worker.run(ThreadPoolExecutor.java:624)&#10;        at java.lang.Thread.run(Thread.java:748)&#10;&quot;metrics-hadoop-metrics2-reporter-16-thread-1&quot; daemon prio=5 tid=648 timed_waiting&#10;java.lang.Thread.State: TIMED_WAITING&#10;        at sun.misc.Unsafe.park(Native Method)&#10;        at java.util.concurrent.locks.LockSupport.parkNanos(LockSupport.java:215)&#10;        at java.util.concurrent.locks.AbstractQueuedSynchronizer$ConditionObject.awaitNanos(AbstractQueuedSynchronizer.java:2078)&#10;        at java.util.concurrent.ScheduledThreadPoolExecutor$DelayedWorkQueue.take(ScheduledThreadPoolExecutor.java:1093)&#10;        at java.util.concurrent.ScheduledThreadPoolExecutor$DelayedWorkQueue.take(ScheduledThreadPoolExecutor.java:809)&#10;        at java.util.concurrent.ThreadPoolExecutor.getTask(ThreadPoolExecutor.java:1074)&#10;        at java.util.concurrent.ThreadPoolExecutor.runWorker(ThreadPoolExecutor.java:1134)&#10;        at java.util.concurrent.ThreadPoolExecutor$Worker.run(ThreadPoolExecutor.java:624)&#10;        at java.lang.Thread.run(Thread.java:748)&#10;&quot;qtp1003663195-243&quot; daemon prio=5 tid=243 timed_waiting&#10;java.lang.Thread.State: TIMED_WAITING&#10;        at sun.misc.Unsafe.park(Native Method)&#10;        at java.util.concurrent.locks.LockSupport.parkNanos(LockSupport.java:215)&#10;        at java.util.concurrent.locks.AbstractQueuedSynchronizer$ConditionObject.awaitNanos(AbstractQueuedSynchronizer.java:2078)&#10;        at org.eclipse.jetty.util.BlockingArrayQueue.poll(BlockingArrayQueue.java:392)&#10;        at org.eclipse.jetty.util.thread.QueuedThreadPool.idleJobPoll(QueuedThreadPool.java:563)&#10;        at org.eclipse.jetty.util.thread.QueuedThreadPool.access$800(QueuedThreadPool.java:48)&#10;        at org.eclipse.jetty.util.thread.QueuedThreadPool$2.run(QueuedThreadPool.java:626)&#10;        at java.lang.Thread.run(Thread.java:748)&#10;&quot;qtp650859015-164&quot; daemon prio=5 tid=164 timed_waiting&#10;java.lang.Thread.State: TIMED_WAITING&#10;        at sun.misc.Unsafe.park(Native Method)&#10;        at java.util.concurrent.locks.LockSupport.parkNanos(LockSupport.java:215)&#10;        at java.util.concurrent.locks.AbstractQueuedSynchronizer$ConditionObject.awaitNanos(AbstractQueuedSynchronizer.java:2078)&#10;        at org.eclipse.jetty.util.BlockingArrayQueue.poll(BlockingArrayQueue.java:392)&#10;        at org.eclipse.jetty.util.thread.QueuedThreadPool.idleJobPoll(QueuedThreadPool.java:563)&#10;        at org.eclipse.jetty.util.thread.QueuedThreadPool.access$800(QueuedThreadPool.java:48)&#10;        at org.eclipse.jetty.util.thread.QueuedThreadPool$2.run(QueuedThreadPool.java:626)&#10;        at java.lang.Thread.run(Thread.java:748)&#10;&quot;pool-46-thread-18&quot;  prio=5 tid=424 in Object.wait()&#10;java.lang.Thread.State: WAITING (on object monitor)&#10;        at sun.misc.Unsafe.park(Native Method)&#10;        at java.util.concurrent.locks.LockSupport.park(LockSupport.java:175)&#10;        at java.util.concurrent.locks.AbstractQueuedSynchronizer$ConditionObject.await(AbstractQueuedSynchronizer.java:2039)&#10;        at java.util.concurrent.ArrayBlockingQueue.take(ArrayBlockingQueue.java:403)&#10;        at java.util.concurrent.ThreadPoolExecutor.getTask(ThreadPoolExecutor.java:1074)&#10;        at java.util.concurrent.ThreadPoolExecutor.runWorker(ThreadPoolExecutor.java:1134)&#10;        at java.util.concurrent.ThreadPoolExecutor$Worker.run(ThreadPoolExecutor.java:624)&#10;        at java.lang.Thread.run(Thread.java:748)&#10;&quot;pool-36-thread-5&quot;  prio=5 tid=351 in Object.wait()&#10;java.lang.Thread.State: WAITING (on object monitor)&#10;        at sun.misc.Unsafe.park(Native Method)&#10;        at java.util.concurrent.locks.LockSupport.park(LockSupport.java:175)&#10;        at java.util.concurrent.locks.AbstractQueuedSynchronizer$ConditionObject.await(AbstractQueuedSynchronizer.java:2039)&#10;        at java.util.concurrent.ArrayBlockingQueue.take(ArrayBlockingQueue.java:403)&#10;        at java.util.concurrent.ThreadPoolExecutor.getTask(ThreadPoolExecutor.java:1074)&#10;        at java.util.concurrent.ThreadPoolExecutor.runWorker(ThreadPoolExecutor.java:1134)&#10;        at java.util.concurrent.ThreadPoolExecutor$Worker.run(ThreadPoolExecutor.java:624)&#10;        at java.lang.Thread.run(Thread.java:748)&#10;&quot;pool-26-thread-40&quot;  prio=5 tid=326 in Object.wait()&#10;java.lang.Thread.State: WAITING (on object monitor)&#10;        at sun.misc.Unsafe.park(Native Method)&#10;        at java.util.concurrent.locks.LockSupport.park(LockSupport.java:175)&#10;        at java.util.concurrent.locks.AbstractQueuedSynchronizer$ConditionObject.await(AbstractQueuedSynchronizer.java:2039)&#10;        at java.util.concurrent.ArrayBlockingQueue.take(ArrayBlockingQueue.java:403)&#10;        at java.util.concurrent.ThreadPoolExecutor.getTask(ThreadPoolExecutor.java:1074)&#10;        at java.util.concurrent.ThreadPoolExecutor.runWorker(ThreadPoolExecutor.java:1134)&#10;        at java.util.concurrent.ThreadPoolExecutor$Worker.run(ThreadPoolExecutor.java:624)&#10;        at java.lang.Thread.run(Thread.java:748)&#10;&quot;IPC Server handler 0 on 46821&quot; daemon prio=5 tid=49 timed_waiting&#10;java.lang.Thread.State: TIMED_WAITING&#10;        at sun.misc.Unsafe.park(Native Method)&#10;        at java.util.concurrent.locks.LockSupport.parkNanos(LockSupport.java:215)&#10;        at java.util.concurrent.locks.AbstractQueuedSynchronizer$ConditionObject.awaitNanos(AbstractQueuedSynchronizer.java:2078)&#10;        at java.util.concurrent.LinkedBlockingQueue.poll(LinkedBlockingQueue.java:467)&#10;        at org.apache.hadoop.ipc.CallQueueManager.take(CallQueueManager.java:288)&#10;        at org.apache.hadoop.ipc.Server$Handler.run(Server.java:2668)&#10;&quot;IPC Server handler 1 on 40923&quot; daemon prio=5 tid=30 timed_waiting&#10;java.lang.Thread.State: TIMED_WAITING&#10;        at sun.misc.Unsafe.park(Native Method)&#10;        at java.util.concurrent.locks.LockSupport.parkNanos(LockSupport.java:215)&#10;        at java.util.concurrent.locks.AbstractQueuedSynchronizer$ConditionObject.awaitNanos(AbstractQueuedSynchronizer.java:2078)&#10;        at java.util.concurrent.LinkedBlockingQueue.poll(LinkedBlockingQueue.java:467)&#10;        at org.apache.hadoop.ipc.CallQueueManager.take(CallQueueManager.java:288)&#10;        at org.apache.hadoop.ipc.Server$Handler.run(Server.java:2668)&#10;&quot;pool-36-thread-53&quot;  prio=5 tid=399 in Object.wait()&#10;java.lang.Thread.State: WAITING (on object monitor)&#10;        at sun.misc.Unsafe.park(Native Method)&#10;        at java.util.concurrent.locks.LockSupport.park(LockSupport.java:175)&#10;        at java.util.concurrent.locks.AbstractQueuedSynchronizer$ConditionObject.await(AbstractQueuedSynchronizer.java:2039)&#10;        at java.util.concurrent.ArrayBlockingQueue.take(ArrayBlockingQueue.java:403)&#10;        at java.util.concurrent.ThreadPoolExecutor.getTask(ThreadPoolExecutor.java:1074)&#10;        at java.util.concurrent.ThreadPoolExecutor.runWorker(ThreadPoolExecutor.java:1134)&#10;        at java.util.concurrent.ThreadPoolExecutor$Worker.run(ThreadPoolExecutor.java:624)&#10;        at java.lang.Thread.run(Thread.java:748)&#10;&quot;prometheus&quot; daemon prio=5 tid=100 in Object.wait()&#10;java.lang.Thread.State: WAITING (on object monitor)&#10;        at java.lang.Object.wait(Native Method)&#10;        at java.lang.Object.wait(Object.java:502)&#10;        at org.apache.hadoop.metrics2.impl.SinkQueue.waitForData(SinkQueue.java:114)&#10;        at org.apache.hadoop.metrics2.impl.SinkQueue.consumeAll(SinkQueue.java:83)&#10;        at org.apache.hadoop.metrics2.impl.MetricsSinkAdapter.publishMetricsFromQueue(MetricsSinkAdapter.java:135)&#10;        at org.apache.hadoop.metrics2.impl.MetricsSinkAdapter$1.run(MetricsSinkAdapter.java:89)&#10;&quot;pool-46-thread-13&quot;  prio=5 tid=419 in Object.wait()&#10;java.lang.Thread.State: WAITING (on object monitor)&#10;        at sun.misc.Unsafe.park(Native Method)&#10;        at java.util.concurrent.locks.LockSupport.park(LockSupport.java:175)&#10;        at java.util.concurrent.locks.AbstractQueuedSynchronizer$ConditionObject.await(AbstractQueuedSynchronizer.java:2039)&#10;        at java.util.concurrent.ArrayBlockingQueue.take(ArrayBlockingQueue.java:403)&#10;        at java.util.concurrent.ThreadPoolExecutor.getTask(ThreadPoolExecutor.java:1074)&#10;        at java.util.concurrent.ThreadPoolExecutor.runWorker(ThreadPoolExecutor.java:1134)&#10;        at java.util.concurrent.ThreadPoolExecutor$Worker.run(ThreadPoolExecutor.java:624)&#10;        at java.lang.Thread.run(Thread.java:748)&#10;&quot;pool-26-thread-37&quot;  prio=5 tid=323 in Object.wait()&#10;java.lang.Thread.State: WAITING (on object monitor)&#10;        at sun.misc.Unsafe.park(Native Method)&#10;        at java.util.concurrent.locks.LockSupport.park(LockSupport.java:175)&#10;        at java.util.concurrent.locks.AbstractQueuedSynchronizer$ConditionObject.await(AbstractQueuedSynchronizer.java:2039)&#10;        at java.util.concurrent.ArrayBlockingQueue.take(ArrayBlockingQueue.java:403)&#10;        at java.util.concurrent.ThreadPoolExecutor.getTask(ThreadPoolExecutor.java:1074)&#10;        at java.util.concurrent.ThreadPoolExecutor.runWorker(ThreadPoolExecutor.java:1134)&#10;        at java.util.concurrent.ThreadPoolExecutor$Worker.run(ThreadPoolExecutor.java:624)&#10;        at java.lang.Thread.run(Thread.java:748)&#10;&quot;pool-26-thread-14&quot;  prio=5 tid=300 in Object.wait()&#10;java.lang.Thread.State: WAITING (on object monitor)&#10;        at sun.misc.Unsafe.park(Native Method)&#10;        at java.util.concurrent.locks.LockSupport.park(LockSupport.java:175)&#10;        at java.util.concurrent.locks.AbstractQueuedSynchronizer$ConditionObject.await(AbstractQueuedSynchronizer.java:2039)&#10;        at java.util.concurrent.ArrayBlockingQueue.take(ArrayBlockingQueue.java:403)&#10;        at java.util.concurrent.ThreadPoolExecutor.getTask(ThreadPoolExecutor.java:1074)&#10;        at java.util.concurrent.ThreadPoolExecutor.runWorker(ThreadPoolExecutor.java:1134)&#10;        at java.util.concurrent.ThreadPoolExecutor$Worker.run(ThreadPoolExecutor.java:624)&#10;        at java.lang.Thread.run(Thread.java:748)&#10;&quot;IPC Server handler 3 on 40923&quot; daemon prio=5 tid=32 timed_waiting&#10;java.lang.Thread.State: TIMED_WAITING&#10;        at sun.misc.Unsafe.park(Native Method)&#10;        at java.util.concurrent.locks.LockSupport.parkNanos(LockSupport.java:215)&#10;        at java.util.concurrent.locks.AbstractQueuedSynchronizer$ConditionObject.awaitNanos(AbstractQueuedSynchronizer.java:2078)&#10;        at java.util.concurrent.LinkedBlockingQueue.poll(LinkedBlockingQueue.java:467)&#10;        at org.apache.hadoop.ipc.CallQueueManager.take(CallQueueManager.java:288)&#10;        at org.apache.hadoop.ipc.Server$Handler.run(Server.java:2668)&#10;&quot;pool-36-thread-43&quot;  prio=5 tid=389 in Object.wait()&#10;java.lang.Thread.State: WAITING (on object monitor)&#10;        at sun.misc.Unsafe.park(Native Method)&#10;        at java.util.concurrent.locks.LockSupport.park(LockSupport.java:175)&#10;        at java.util.concurrent.locks.AbstractQueuedSynchronizer$ConditionObject.await(AbstractQueuedSynchronizer.java:2039)&#10;        at java.util.concurrent.ArrayBlockingQueue.take(ArrayBlockingQueue.java:403)&#10;        at java.util.concurrent.ThreadPoolExecutor.getTask(ThreadPoolExecutor.java:1074)&#10;        at java.util.concurrent.ThreadPoolExecutor.runWorker(ThreadPoolExecutor.java:1134)&#10;        at java.util.concurrent.ThreadPoolExecutor$Worker.run(ThreadPoolExecutor.java:624)&#10;        at java.lang.Thread.run(Thread.java:748)&#10;&quot;qtp650859015-163&quot; daemon prio=5 tid=163 timed_waiting&#10;java.lang.Thread.State: TIMED_WAITING&#10;        at sun.misc.Unsafe.park(Native Method)&#10;        at java.util.concurrent.locks.LockSupport.parkNanos(LockSupport.java:215)&#10;        at java.util.concurrent.locks.AbstractQueuedSynchronizer$ConditionObject.awaitNanos(AbstractQueuedSynchronizer.java:2078)&#10;        at org.eclipse.jetty.util.BlockingArrayQueue.poll(BlockingArrayQueue.java:392)&#10;        at org.eclipse.jetty.util.thread.QueuedThreadPool.idleJobPoll(QueuedThreadPool.java:563)&#10;        at org.eclipse.jetty.util.thread.QueuedThreadPool.access$800(QueuedThreadPool.java:48)&#10;        at org.eclipse.jetty.util.thread.QueuedThreadPool$2.run(QueuedThreadPool.java:626)&#10;        at java.lang.Thread.run(Thread.java:748)&#10;&quot;pool-66-thread-49&quot;  prio=5 tid=584 in Object.wait()&#10;java.lang.Thread.State: WAITING (on object monitor)&#10;        at sun.misc.Unsafe.park(Native Method)&#10;        at java.util.concurrent.locks.LockSupport.park(LockSupport.java:175)&#10;        at java.util.concurrent.locks.AbstractQueuedSynchronizer$ConditionObject.await(AbstractQueuedSynchronizer.java:2039)&#10;        at java.util.concurrent.ArrayBlockingQueue.take(ArrayBlockingQueue.java:403)&#10;        at java.util.concurrent.ThreadPoolExecutor.getTask(ThreadPoolExecutor.java:1074)&#10;        at java.util.concurrent.ThreadPoolExecutor.runWorker(ThreadPoolExecutor.java:1134)&#10;        at java.util.concurrent.ThreadPoolExecutor$Worker.run(ThreadPoolExecutor.java:624)&#10;        at java.lang.Thread.run(Thread.java:748)&#10;&quot;pool-46-thread-7&quot;  prio=5 tid=413 in Object.wait()&#10;java.lang.Thread.State: WAITING (on object monitor)&#10;        at sun.misc.Unsafe.park(Native Method)&#10;        at java.util.concurrent.locks.LockSupport.park(LockSupport.java:175)&#10;        at java.util.concurrent.locks.AbstractQueuedSynchronizer$ConditionObject.await(AbstractQueuedSynchronizer.java:2039)&#10;        at java.util.concurrent.ArrayBlockingQueue.take(ArrayBlockingQueue.java:403)&#10;        at java.util.concurrent.ThreadPoolExecutor.getTask(ThreadPoolExecutor.java:1074)&#10;        at java.util.concurrent.ThreadPoolExecutor.runWorker(ThreadPoolExecutor.java:1134)&#10;        at java.util.concurrent.ThreadPoolExecutor$Worker.run(ThreadPoolExecutor.java:624)&#10;        at java.lang.Thread.run(Thread.java:748)&#10;&quot;SCMBlockDeletingService#1&quot; daemon prio=5 tid=103 timed_waiting&#10;java.lang.Thread.State: TIMED_WAITING&#10;        at sun.misc.Unsafe.park(Native Method)&#10;        at java.util.concurrent.locks.LockSupport.parkNanos(LockSupport.java:215)&#10;        at java.util.concurrent.locks.AbstractQueuedSynchronizer$ConditionObject.awaitNanos(AbstractQueuedSynchronizer.java:2078)&#10;        at java.util.concurrent.ScheduledThreadPoolExecutor$DelayedWorkQueue.take(ScheduledThreadPoolExecutor.java:1093)&#10;        at java.util.concurrent.ScheduledThreadPoolExecutor$DelayedWorkQueue.take(ScheduledThreadPoolExecutor.java:809)&#10;        at java.util.concurrent.ThreadPoolExecutor.getTask(ThreadPoolExecutor.java:1074)&#10;        at java.util.concurrent.ThreadPoolExecutor.runWorker(ThreadPoolExecutor.java:1134)&#10;        at java.util.concurrent.ThreadPoolExecutor$Worker.run(ThreadPoolExecutor.java:624)&#10;        at java.lang.Thread.run(Thread.java:748)&#10;&quot;IPC Server handler 0 on 35444&quot; daemon prio=5 tid=114 timed_waiting&#10;java.lang.Thread.State: TIMED_WAITING&#10;        at sun.misc.Unsafe.park(Native Method)&#10;        at java.util.concurrent.locks.LockSupport.parkNanos(LockSupport.java:215)&#10;        at java.util.concurrent.locks.AbstractQueuedSynchronizer$ConditionObject.awaitNanos(AbstractQueuedSynchronizer.java:2078)&#10;        at java.util.concurrent.LinkedBlockingQueue.poll(LinkedBlockingQueue.java:467)&#10;        at org.apache.hadoop.ipc.CallQueueManager.take(CallQueueManager.java:288)&#10;        at org.apache.hadoop.ipc.Server$Handler.run(Server.java:2668)&#10;&quot;Datanode ReportManager Thread - 1&quot; daemon prio=5 tid=172 in Object.wait()&#10;java.lang.Thread.State: WAITING (on object monitor)&#10;        at sun.misc.Unsafe.park(Native Method)&#10;        at java.util.concurrent.locks.LockSupport.park(LockSupport.java:175)&#10;        at java.util.concurrent.locks.AbstractQueuedSynchronizer$ConditionObject.await(AbstractQueuedSynchronizer.java:2039)&#10;        at java.util.concurrent.ScheduledThreadPoolExecutor$DelayedWorkQueue.take(ScheduledThreadPoolExecutor.java:1088)&#10;        at java.util.concurrent.ScheduledThreadPoolExecutor$DelayedWorkQueue.take(ScheduledThreadPoolExecutor.java:809)&#10;        at java.util.concurrent.ThreadPoolExecutor.getTask(ThreadPoolExecutor.java:1074)&#10;        at java.util.concurrent.ThreadPoolExecutor.runWorker(ThreadPoolExecutor.java:1134)&#10;        at java.util.concurrent.ThreadPoolExecutor$Worker.run(ThreadPoolExecutor.java:624)&#10;        at java.lang.Thread.run(Thread.java:748)&#10;&quot;pool-66-thread-11&quot;  prio=5 tid=546 in Object.wait()&#10;java.lang.Thread.State: WAITING (on object monitor)&#10;        at sun.misc.Unsafe.park(Native Method)&#10;        at java.util.concurrent.locks.LockSupport.park(LockSupport.java:175)&#10;        at java.util.concurrent.locks.AbstractQueuedSynchronizer$ConditionObject.await(AbstractQueuedSynchronizer.java:2039)&#10;        at java.util.concurrent.ArrayBlockingQueue.take(ArrayBlockingQueue.java:403)&#10;        at java.util.concurrent.ThreadPoolExecutor.getTask(ThreadPoolExecutor.java:1074)&#10;        at java.util.concurrent.ThreadPoolExecutor.runWorker(ThreadPoolExecutor.java:1134)&#10;        at java.util.concurrent.ThreadPoolExecutor$Worker.run(ThreadPoolExecutor.java:624)&#10;        at java.lang.Thread.run(Thread.java:748)&#10;&quot;EventQueue-PipelineReportForPipelineReportHandler&quot; daemon prio=5 tid=603 in Object.wait()&#10;java.lang.Thread.State: WAITING (on object monitor)&#10;        at sun.misc.Unsafe.park(Native Method)&#10;        at java.util.concurrent.locks.LockSupport.park(LockSupport.java:175)&#10;        at java.util.concurrent.locks.AbstractQueuedSynchronizer$ConditionObject.await(AbstractQueuedSynchronizer.java:2039)&#10;        at java.util.concurrent.LinkedBlockingQueue.take(LinkedBlockingQueue.java:442)&#10;        at java.util.concurrent.ThreadPoolExecutor.getTask(ThreadPoolExecutor.java:1074)&#10;        at java.util.concurrent.ThreadPoolExecutor.runWorker(ThreadPoolExecutor.java:1134)&#10;        at java.util.concurrent.ThreadPoolExecutor$Worker.run(ThreadPoolExecutor.java:624)&#10;        at java.lang.Thread.run(Thread.java:748)&#10;&quot;pool-66-thread-5&quot;  prio=5 tid=540 in Object.wait()&#10;java.lang.Thread.State: WAITING (on object monitor)&#10;        at sun.misc.Unsafe.park(Native Method)&#10;        at java.util.concurrent.locks.LockSupport.park(LockSupport.java:175)&#10;        at java.util.concurrent.locks.AbstractQueuedSynchronizer$ConditionObject.await(AbstractQueuedSynchronizer.java:2039)&#10;        at java.util.concurrent.ArrayBlockingQueue.take(ArrayBlockingQueue.java:403)&#10;        at java.util.concurrent.ThreadPoolExecutor.getTask(ThreadPoolExecutor.java:1074)&#10;        at java.util.concurrent.ThreadPoolExecutor.runWorker(ThreadPoolExecutor.java:1134)&#10;        at java.util.concurrent.ThreadPoolExecutor$Worker.run(ThreadPoolExecutor.java:624)&#10;        at java.lang.Thread.run(Thread.java:748)&#10;&quot;pool-66-thread-1&quot;  prio=5 tid=536 in Object.wait()&#10;java.lang.Thread.State: WAITING (on object monitor)&#10;        at sun.misc.Unsafe.park(Native Method)&#10;        at java.util.concurrent.locks.LockSupport.park(LockSupport.java:175)&#10;        at java.util.concurrent.locks.AbstractQueuedSynchronizer$ConditionObject.await(AbstractQueuedSynchronizer.java:2039)&#10;        at java.util.concurrent.ArrayBlockingQueue.take(ArrayBlockingQueue.java:403)&#10;        at java.util.concurrent.ThreadPoolExecutor.getTask(ThreadPoolExecutor.java:1074)&#10;        at java.util.concurrent.ThreadPoolExecutor.runWorker(ThreadPoolExecutor.java:1134)&#10;        at java.util.concurrent.ThreadPoolExecutor$Worker.run(ThreadPoolExecutor.java:624)&#10;        at java.lang.Thread.run(Thread.java:748)&#10;&quot;pool-36-thread-18&quot;  prio=5 tid=364 in Object.wait()&#10;java.lang.Thread.State: WAITING (on object monitor)&#10;        at sun.misc.Unsafe.park(Native Method)&#10;        at java.util.concurrent.locks.LockSupport.park(LockSupport.java:175)&#10;        at java.util.concurrent.locks.AbstractQueuedSynchronizer$ConditionObject.await(AbstractQueuedSynchronizer.java:2039)&#10;        at java.util.concurrent.ArrayBlockingQueue.take(ArrayBlockingQueue.java:403)&#10;        at java.util.concurrent.ThreadPoolExecutor.getTask(ThreadPoolExecutor.java:1074)&#10;        at java.util.concurrent.ThreadPoolExecutor.runWorker(ThreadPoolExecutor.java:1134)&#10;        at java.util.concurrent.ThreadPoolExecutor$Worker.run(ThreadPoolExecutor.java:624)&#10;        at java.lang.Thread.run(Thread.java:748)&#10;&quot;Periodic HDDS volume checker&quot;  prio=5 tid=233 timed_waiting&#10;java.lang.Thread.State: TIMED_WAITING&#10;        at sun.misc.Unsafe.park(Native Method)&#10;        at java.util.concurrent.locks.LockSupport.parkNanos(LockSupport.java:215)&#10;        at java.util.concurrent.locks.AbstractQueuedSynchronizer$ConditionObject.awaitNanos(AbstractQueuedSynchronizer.java:2078)&#10;        at java.util.concurrent.ScheduledThreadPoolExecutor$DelayedWorkQueue.take(ScheduledThreadPoolExecutor.java:1093)&#10;        at java.util.concurrent.ScheduledThreadPoolExecutor$DelayedWorkQueue.take(ScheduledThreadPoolExecutor.java:809)&#10;        at java.util.concurrent.ThreadPoolExecutor.getTask(ThreadPoolExecutor.java:1074)&#10;        at java.util.concurrent.ThreadPoolExecutor.runWorker(ThreadPoolExecutor.java:1134)&#10;        at java.util.concurrent.ThreadPoolExecutor$Worker.run(ThreadPoolExecutor.java:624)&#10;        at java.lang.Thread.run(Thread.java:748)&#10;&quot;org.apache.hadoop.util.JvmPauseMonitor$Monitor@345e5a17&quot; daemon prio=5 tid=102 timed_waiting&#10;java.lang.Thread.State: TIMED_WAITING&#10;        at java.lang.Thread.sleep(Native Method)&#10;        at org.apache.hadoop.util.JvmPauseMonitor$Monitor.run(JvmPauseMonitor.java:192)&#10;        at java.lang.Thread.run(Thread.java:748)&#10;&quot;pool-66-thread-53&quot;  prio=5 tid=588 in Object.wait()&#10;java.lang.Thread.State: WAITING (on object monitor)&#10;        at sun.misc.Unsafe.park(Native Method)&#10;        at java.util.concurrent.locks.LockSupport.park(LockSupport.java:175)&#10;        at java.util.concurrent.locks.AbstractQueuedSynchronizer$ConditionObject.await(AbstractQueuedSynchronizer.java:2039)&#10;        at java.util.concurrent.ArrayBlockingQueue.take(ArrayBlockingQueue.java:403)&#10;        at java.util.concurrent.ThreadPoolExecutor.getTask(ThreadPoolExecutor.java:1074)&#10;        at java.util.concurrent.ThreadPoolExecutor.runWorker(ThreadPoolExecutor.java:1134)&#10;        at java.util.concurrent.ThreadPoolExecutor$Worker.run(ThreadPoolExecutor.java:624)&#10;        at java.lang.Thread.run(Thread.java:748)&#10;&quot;pool-56-thread-26&quot;  prio=5 tid=499 in Object.wait()&#10;java.lang.Thread.State: WAITING (on object monitor)&#10;        at sun.misc.Unsafe.park(Native Method)&#10;        at java.util.concurrent.locks.LockSupport.park(LockSupport.java:175)&#10;        at java.util.concurrent.locks.AbstractQueuedSynchronizer$ConditionObject.await(AbstractQueuedSynchronizer.java:2039)&#10;        at java.util.concurrent.ArrayBlockingQueue.take(ArrayBlockingQueue.java:403)&#10;        at java.util.concurrent.ThreadPoolExecutor.getTask(ThreadPoolExecutor.java:1074)&#10;        at java.util.concurrent.ThreadPoolExecutor.runWorker(ThreadPoolExecutor.java:1134)&#10;        at java.util.concurrent.ThreadPoolExecutor$Worker.run(ThreadPoolExecutor.java:624)&#10;        at java.lang.Thread.run(Thread.java:748)&#10;&quot;pool-56-thread-55&quot;  prio=5 tid=528 in Object.wait()&#10;java.lang.Thread.State: WAITING (on object monitor)&#10;        at sun.misc.Unsafe.park(Native Method)&#10;        at java.util.concurrent.locks.LockSupport.park(LockSupport.java:175)&#10;        at java.util.concurrent.locks.AbstractQueuedSynchronizer$ConditionObject.await(AbstractQueuedSynchronizer.java:2039)&#10;        at java.util.concurrent.ArrayBlockingQueue.take(ArrayBlockingQueue.java:403)&#10;        at java.util.concurrent.ThreadPoolExecutor.getTask(ThreadPoolExecutor.java:1074)&#10;        at java.util.concurrent.ThreadPoolExecutor.runWorker(ThreadPoolExecutor.java:1134)&#10;        at java.util.concurrent.ThreadPoolExecutor$Worker.run(ThreadPoolExecutor.java:624)&#10;        at java.lang.Thread.run(Thread.java:748)&#10;&quot;pool-70-thread-1&quot;  prio=5 tid=266 timed_waiting&#10;java.lang.Thread.State: TIMED_WAITING&#10;        at sun.misc.Unsafe.park(Native Method)&#10;        at java.util.concurrent.locks.LockSupport.parkNanos(LockSupport.java:215)&#10;        at java.util.concurrent.locks.AbstractQueuedSynchronizer$ConditionObject.awaitNanos(AbstractQueuedSynchronizer.java:2078)&#10;        at java.util.concurrent.ScheduledThreadPoolExecutor$DelayedWorkQueue.take(ScheduledThreadPoolExecutor.java:1093)&#10;        at java.util.concurrent.ScheduledThreadPoolExecutor$DelayedWorkQueue.take(ScheduledThreadPoolExecutor.java:809)&#10;        at java.util.concurrent.ThreadPoolExecutor.getTask(ThreadPoolExecutor.java:1074)&#10;        at java.util.concurrent.ThreadPoolExecutor.runWorker(ThreadPoolExecutor.java:1134)&#10;        at java.util.concurrent.ThreadPoolExecutor$Worker.run(ThreadPoolExecutor.java:624)&#10;        at java.lang.Thread.run(Thread.java:748)&#10;&quot;qtp1043358826-90-acceptor-0@6a1a9794-ServerConnector@285f09de{HTTP/1.1,[http/1.1]}{0.0.0.0:44482}&quot; daemon prio=3 tid=90 runnable&#10;java.lang.Thread.State: RUNNABLE&#10;        at sun.nio.ch.ServerSocketChannelImpl.accept0(Native Method)&#10;        at sun.nio.ch.ServerSocketChannelImpl.accept(ServerSocketChannelImpl.java:422)&#10;        at sun.nio.ch.ServerSocketChannelImpl.accept(ServerSocketChannelImpl.java:250)&#10;        at org.eclipse.jetty.server.ServerConnector.accept(ServerConnector.java:397)&#10;        at org.eclipse.jetty.server.AbstractConnector$Acceptor.run(AbstractConnector.java:601)&#10;        at org.eclipse.jetty.util.thread.QueuedThreadPool.runJob(QueuedThreadPool.java:671)&#10;        at org.eclipse.jetty.util.thread.QueuedThreadPool$2.run(QueuedThreadPool.java:589)&#10;        at java.lang.Thread.run(Thread.java:748)&#10;&quot;pool-46-thread-34&quot;  prio=5 tid=440 in Object.wait()&#10;java.lang.Thread.State: WAITING (on object monitor)&#10;        at sun.misc.Unsafe.park(Native Method)&#10;        at java.util.concurrent.locks.LockSupport.park(LockSupport.java:175)&#10;        at java.util.concurrent.locks.AbstractQueuedSynchronizer$ConditionObject.await(AbstractQueuedSynchronizer.java:2039)&#10;        at java.util.concurrent.ArrayBlockingQueue.take(ArrayBlockingQueue.java:403)&#10;        at java.util.concurrent.ThreadPoolExecutor.getTask(ThreadPoolExecutor.java:1074)&#10;        at java.util.concurrent.ThreadPoolExecutor.runWorker(ThreadPoolExecutor.java:1134)&#10;        at java.util.concurrent.ThreadPoolExecutor$Worker.run(ThreadPoolExecutor.java:624)&#10;        at java.lang.Thread.run(Thread.java:748)&#10;&quot;metrics-hadoop-metrics2-reporter-28-thread-1&quot; daemon prio=5 tid=685 timed_waiting&#10;java.lang.Thread.State: TIMED_WAITING&#10;        at sun.misc.Unsafe.park(Native Method)&#10;        at java.util.concurrent.locks.LockSupport.parkNanos(LockSupport.java:215)&#10;        at java.util.concurrent.locks.AbstractQueuedSynchronizer$ConditionObject.awaitNanos(AbstractQueuedSynchronizer.java:2078)&#10;        at java.util.concurrent.ScheduledThreadPoolExecutor$DelayedWorkQueue.take(ScheduledThreadPoolExecutor.java:1093)&#10;        at java.util.concurrent.ScheduledThreadPoolExecutor$DelayedWorkQueue.take(ScheduledThreadPoolExecutor.java:809)&#10;        at java.util.concurrent.ThreadPoolExecutor.getTask(ThreadPoolExecutor.java:1074)&#10;        at java.util.concurrent.ThreadPoolExecutor.runWorker(ThreadPoolExecutor.java:1134)&#10;        at java.util.concurrent.ThreadPoolExecutor$Worker.run(ThreadPoolExecutor.java:624)&#10;        at java.lang.Thread.run(Thread.java:748)&#10;&quot;pool-46-thread-45&quot;  prio=5 tid=451 in Object.wait()&#10;java.lang.Thread.State: WAITING (on object monitor)&#10;        at sun.misc.Unsafe.park(Native Method)&#10;        at java.util.concurrent.locks.LockSupport.park(LockSupport.java:175)&#10;        at java.util.concurrent.locks.AbstractQueuedSynchronizer$ConditionObject.await(AbstractQueuedSynchronizer.java:2039)&#10;        at java.util.concurrent.ArrayBlockingQueue.take(ArrayBlockingQueue.java:403)&#10;        at java.util.concurrent.ThreadPoolExecutor.getTask(ThreadPoolExecutor.java:1074)&#10;        at java.util.concurrent.ThreadPoolExecutor.runWorker(ThreadPoolExecutor.java:1134)&#10;        at java.util.concurrent.ThreadPoolExecutor$Worker.run(ThreadPoolExecutor.java:624)&#10;        at java.lang.Thread.run(Thread.java:748)&#10;&quot;qtp650859015-166&quot; daemon prio=5 tid=166 timed_waiting&#10;java.lang.Thread.State: TIMED_WAITING&#10;        at sun.misc.Unsafe.park(Native Method)&#10;        at java.util.concurrent.locks.LockSupport.parkNanos(LockSupport.java:215)&#10;        at java.util.concurrent.locks.AbstractQueuedSynchronizer$ConditionObject.awaitNanos(AbstractQueuedSynchronizer.java:2078)&#10;        at org.eclipse.jetty.util.BlockingArrayQueue.poll(BlockingArrayQueue.java:392)&#10;        at org.eclipse.jetty.util.thread.QueuedThreadPool.idleJobPoll(QueuedThreadPool.java:563)&#10;        at org.eclipse.jetty.util.thread.QueuedThreadPool.access$800(QueuedThreadPool.java:48)&#10;        at org.eclipse.jetty.util.thread.QueuedThreadPool$2.run(QueuedThreadPool.java:626)&#10;        at java.lang.Thread.run(Thread.java:748)&#10;&quot;IPC Server handler 17 on 35444&quot; daemon prio=5 tid=132 timed_waiting&#10;java.lang.Thread.State: TIMED_WAITING&#10;        at sun.misc.Unsafe.park(Native Method)&#10;        at java.util.concurrent.locks.LockSupport.parkNanos(LockSupport.java:215)&#10;        at java.util.concurrent.locks.AbstractQueuedSynchronizer$ConditionObject.awaitNanos(AbstractQueuedSynchronizer.java:2078)&#10;        at java.util.concurrent.LinkedBlockingQueue.poll(LinkedBlockingQueue.java:467)&#10;        at org.apache.hadoop.ipc.CallQueueManager.take(CallQueueManager.java:288)&#10;        at org.apache.hadoop.ipc.Server$Handler.run(Server.java:2668)&#10;&quot;org.eclipse.jetty.server.session.HashSessionManager@70abf9b0Timer&quot; daemon prio=5 tid=146 timed_waiting&#10;java.lang.Thread.State: TIMED_WAITING&#10;        at sun.misc.Unsafe.park(Native Method)&#10;        at java.util.concurrent.locks.LockSupport.parkNanos(LockSupport.java:215)&#10;        at java.util.concurrent.locks.AbstractQueuedSynchronizer$ConditionObject.awaitNanos(AbstractQueuedSynchronizer.java:2078)&#10;        at java.util.concurrent.ScheduledThreadPoolExecutor$DelayedWorkQueue.take(ScheduledThreadPoolExecutor.java:1093)&#10;        at java.util.concurrent.ScheduledThreadPoolExecutor$DelayedWorkQueue.take(ScheduledThreadPoolExecutor.java:809)&#10;        at java.util.concurrent.ThreadPoolExecutor.getTask(ThreadPoolExecutor.java:1074)&#10;        at java.util.concurrent.ThreadPoolExecutor.runWorker(ThreadPoolExecutor.java:1134)&#10;        at java.util.concurrent.ThreadPoolExecutor$Worker.run(ThreadPoolExecutor.java:624)&#10;        at java.lang.Thread.run(Thread.java:748)&#10;&quot;IPC Server handler 13 on 35444&quot; daemon prio=5 tid=127 timed_waiting&#10;java.lang.Thread.State: TIMED_WAITING&#10;        at sun.misc.Unsafe.park(Native Method)&#10;        at java.util.concurrent.locks.LockSupport.parkNanos(LockSupport.java:215)&#10;        at java.util.concurrent.locks.AbstractQueuedSynchronizer$ConditionObject.awaitNanos(AbstractQueuedSynchronizer.java:2078)&#10;        at java.util.concurrent.LinkedBlockingQueue.poll(LinkedBlockingQueue.java:467)&#10;        at org.apache.hadoop.ipc.CallQueueManager.take(CallQueueManager.java:288)&#10;        at org.apache.hadoop.ipc.Server$Handler.run(Server.java:2668)&#10;&quot;pool-26-thread-32&quot;  prio=5 tid=318 in Object.wait()&#10;java.lang.Thread.State: WAITING (on object monitor)&#10;        at sun.misc.Unsafe.park(Native Method)&#10;        at java.util.concurrent.locks.LockSupport.park(LockSupport.java:175)&#10;        at java.util.concurrent.locks.AbstractQueuedSynchronizer$ConditionObject.await(AbstractQueuedSynchronizer.java:2039)&#10;        at java.util.concurrent.ArrayBlockingQueue.take(ArrayBlockingQueue.java:403)&#10;        at java.util.concurrent.ThreadPoolExecutor.getTask(ThreadPoolExecutor.java:1074)&#10;        at java.util.concurrent.ThreadPoolExecutor.runWorker(ThreadPoolExecutor.java:1134)&#10;        at java.util.concurrent.ThreadPoolExecutor$Worker.run(ThreadPoolExecutor.java:624)&#10;        at java.lang.Thread.run(Thread.java:748)&#10;&quot;pool-36-thread-47&quot;  prio=5 tid=393 in Object.wait()&#10;java.lang.Thread.State: WAITING (on object monitor)&#10;        at sun.misc.Unsafe.park(Native Method)&#10;        at java.util.concurrent.locks.LockSupport.park(LockSupport.java:175)&#10;        at java.util.concurrent.locks.AbstractQueuedSynchronizer$ConditionObject.await(AbstractQueuedSynchronizer.java:2039)&#10;        at java.util.concurrent.ArrayBlockingQueue.take(ArrayBlockingQueue.java:403)&#10;        at java.util.concurrent.ThreadPoolExecutor.getTask(ThreadPoolExecutor.java:1074)&#10;        at java.util.concurrent.ThreadPoolExecutor.runWorker(ThreadPoolExecutor.java:1134)&#10;        at java.util.concurrent.ThreadPoolExecutor$Worker.run(ThreadPoolExecutor.java:624)&#10;        at java.lang.Thread.run(Thread.java:748)&#10;&quot;IPC Server handler 2 on 40923&quot; daemon prio=5 tid=31 timed_waiting&#10;java.lang.Thread.State: TIMED_WAITING&#10;        at sun.misc.Unsafe.park(Native Method)&#10;        at java.util.concurrent.locks.LockSupport.parkNanos(LockSupport.java:215)&#10;        at java.util.concurrent.locks.AbstractQueuedSynchronizer$ConditionObject.awaitNanos(AbstractQueuedSynchronizer.java:2078)&#10;        at java.util.concurrent.LinkedBlockingQueue.poll(LinkedBlockingQueue.java:467)&#10;        at org.apache.hadoop.ipc.CallQueueManager.take(CallQueueManager.java:288)&#10;        at org.apache.hadoop.ipc.Server$Handler.run(Server.java:2668)&#10;&quot;IPC Server listener on 35444&quot; daemon prio=5 tid=107 runnable&#10;java.lang.Thread.State: RUNNABLE&#10;        at sun.nio.ch.EPollArrayWrapper.epollWait(Native Method)&#10;        at sun.nio.ch.EPollArrayWrapper.poll(EPollArrayWrapper.java:269)&#10;        at sun.nio.ch.EPollSelectorImpl.doSelect(EPollSelectorImpl.java:93)&#10;        at sun.nio.ch.SelectorImpl.lockAndDoSelect(SelectorImpl.java:86)&#10;        at sun.nio.ch.SelectorImpl.select(SelectorImpl.java:97)&#10;        at sun.nio.ch.SelectorImpl.select(SelectorImpl.java:101)&#10;        at org.apache.hadoop.ipc.Server$Listener.run(Server.java:1159)&#10;&quot;pool-46-thread-51&quot;  prio=5 tid=457 in Object.wait()&#10;java.lang.Thread.State: WAITING (on object monitor)&#10;        at sun.misc.Unsafe.park(Native Method)&#10;        at java.util.concurrent.locks.LockSupport.park(LockSupport.java:175)&#10;        at java.util.concurrent.locks.AbstractQueuedSynchronizer$ConditionObject.await(AbstractQueuedSynchronizer.java:2039)&#10;        at java.util.concurrent.ArrayBlockingQueue.take(ArrayBlockingQueue.java:403)&#10;        at java.util.concurrent.ThreadPoolExecutor.getTask(ThreadPoolExecutor.java:1074)&#10;        at java.util.concurrent.ThreadPoolExecutor.runWorker(ThreadPoolExecutor.java:1134)&#10;        at java.util.concurrent.ThreadPoolExecutor$Worker.run(ThreadPoolExecutor.java:624)&#10;        at java.lang.Thread.run(Thread.java:748)&#10;&quot;pool-46-thread-59&quot;  prio=5 tid=465 in Object.wait()&#10;java.lang.Thread.State: WAITING (on object monitor)&#10;        at sun.misc.Unsafe.park(Native Method)&#10;        at java.util.concurrent.locks.LockSupport.park(LockSupport.java:175)&#10;        at java.util.concurrent.locks.AbstractQueuedSynchronizer$ConditionObject.await(AbstractQueuedSynchronizer.java:2039)&#10;        at java.util.concurrent.ArrayBlockingQueue.take(ArrayBlockingQueue.java:403)&#10;        at java.util.concurrent.ThreadPoolExecutor.getTask(ThreadPoolExecutor.java:1074)&#10;        at java.util.concurrent.ThreadPoolExecutor.runWorker(ThreadPoolExecutor.java:1134)&#10;        at java.util.concurrent.ThreadPoolExecutor$Worker.run(ThreadPoolExecutor.java:624)&#10;        at java.lang.Thread.run(Thread.java:748)&#10;&quot;IPC Server handler 6 on 35444&quot; daemon prio=5 tid=120 timed_waiting&#10;java.lang.Thread.State: TIMED_WAITING&#10;        at sun.misc.Unsafe.park(Native Method)&#10;        at java.util.concurrent.locks.LockSupport.parkNanos(LockSupport.java:215)&#10;        at java.util.concurrent.locks.AbstractQueuedSynchronizer$ConditionObject.awaitNanos(AbstractQueuedSynchronizer.java:2078)&#10;        at java.util.concurrent.LinkedBlockingQueue.poll(LinkedBlockingQueue.java:467)&#10;        at org.apache.hadoop.ipc.CallQueueManager.take(CallQueueManager.java:288)&#10;        at org.apache.hadoop.ipc.Server$Handler.run(Server.java:2668)&#10;&quot;java.util.concurrent.ThreadPoolExecutor$Worker@314d46fb[State = -1, empty queue]&quot; daemon prio=5 tid=821 timed_waiting&#10;java.lang.Thread.State: TIMED_WAITING&#10;        at sun.misc.Unsafe.park(Native Method)&#10;        at java.util.concurrent.locks.LockSupport.parkNanos(LockSupport.java:215)&#10;        at java.util.concurrent.locks.AbstractQueuedSynchronizer$ConditionObject.awaitNanos(AbstractQueuedSynchronizer.java:2078)&#10;        at java.util.concurrent.ScheduledThreadPoolExecutor$DelayedWorkQueue.take(ScheduledThreadPoolExecutor.java:1093)&#10;        at java.util.concurrent.ScheduledThreadPoolExecutor$DelayedWorkQueue.take(ScheduledThreadPoolExecutor.java:809)&#10;        at java.util.concurrent.ThreadPoolExecutor.getTask(ThreadPoolExecutor.java:1074)&#10;        at java.util.concurrent.ThreadPoolExecutor.runWorker(ThreadPoolExecutor.java:1134)&#10;        at java.util.concurrent.ThreadPoolExecutor$Worker.run(ThreadPoolExecutor.java:624)&#10;        at java.lang.Thread.run(Thread.java:748)&#10;&quot;pool-46-thread-33&quot;  prio=5 tid=439 in Object.wait()&#10;java.lang.Thread.State: WAITING (on object monitor)&#10;        at sun.misc.Unsafe.park(Native Method)&#10;        at java.util.concurrent.locks.LockSupport.park(LockSupport.java:175)&#10;        at java.util.concurrent.locks.AbstractQueuedSynchronizer$ConditionObject.await(AbstractQueuedSynchronizer.java:2039)&#10;        at java.util.concurrent.ArrayBlockingQueue.take(ArrayBlockingQueue.java:403)&#10;        at java.util.concurrent.ThreadPoolExecutor.getTask(ThreadPoolExecutor.java:1074)&#10;        at java.util.concurrent.ThreadPoolExecutor.runWorker(ThreadPoolExecutor.java:1134)&#10;        at java.util.concurrent.ThreadPoolExecutor$Worker.run(ThreadPoolExecutor.java:624)&#10;        at java.lang.Thread.run(Thread.java:748)&#10;&quot;pool-36-thread-15&quot;  prio=5 tid=361 in Object.wait()&#10;java.lang.Thread.State: WAITING (on object monitor)&#10;        at sun.misc.Unsafe.park(Native Method)&#10;        at java.util.concurrent.locks.LockSupport.park(LockSupport.java:175)&#10;        at java.util.concurrent.locks.AbstractQueuedSynchronizer$ConditionObject.await(AbstractQueuedSynchronizer.java:2039)&#10;        at java.util.concurrent.ArrayBlockingQueue.take(ArrayBlockingQueue.java:403)&#10;        at java.util.concurrent.ThreadPoolExecutor.getTask(ThreadPoolExecutor.java:1074)&#10;        at java.util.concurrent.ThreadPoolExecutor.runWorker(ThreadPoolExecutor.java:1134)&#10;        at java.util.concurrent.ThreadPoolExecutor$Worker.run(ThreadPoolExecutor.java:624)&#10;        at java.lang.Thread.run(Thread.java:748)&#10;&quot;pool-56-thread-35&quot;  prio=5 tid=508 in Object.wait()&#10;java.lang.Thread.State: WAITING (on object monitor)&#10;        at sun.misc.Unsafe.park(Native Method)&#10;        at java.util.concurrent.locks.LockSupport.park(LockSupport.java:175)&#10;        at java.util.concurrent.locks.AbstractQueuedSynchronizer$ConditionObject.await(AbstractQueuedSynchronizer.java:2039)&#10;        at java.util.concurrent.ArrayBlockingQueue.take(ArrayBlockingQueue.java:403)&#10;        at java.util.concurrent.ThreadPoolExecutor.getTask(ThreadPoolExecutor.java:1074)&#10;        at java.util.concurrent.ThreadPoolExecutor.runWorker(ThreadPoolExecutor.java:1134)&#10;        at java.util.concurrent.ThreadPoolExecutor$Worker.run(ThreadPoolExecutor.java:624)&#10;        at java.lang.Thread.run(Thread.java:748)&#10;&quot;metrics-hadoop-metrics2-reporter-11-thread-1&quot; daemon prio=5 tid=638 timed_waiting&#10;java.lang.Thread.State: TIMED_WAITING&#10;        at sun.misc.Unsafe.park(Native Method)&#10;        at java.util.concurrent.locks.LockSupport.parkNanos(LockSupport.java:215)&#10;        at java.util.concurrent.locks.AbstractQueuedSynchronizer$ConditionObject.awaitNanos(AbstractQueuedSynchronizer.java:2078)&#10;        at java.util.concurrent.ScheduledThreadPoolExecutor$DelayedWorkQueue.take(ScheduledThreadPoolExecutor.java:1093)&#10;        at java.util.concurrent.ScheduledThreadPoolExecutor$DelayedWorkQueue.take(ScheduledThreadPoolExecutor.java:809)&#10;        at java.util.concurrent.ThreadPoolExecutor.getTask(ThreadPoolExecutor.java:1074)&#10;        at java.util.concurrent.ThreadPoolExecutor.runWorker(ThreadPoolExecutor.java:1134)&#10;        at java.util.concurrent.ThreadPoolExecutor$Worker.run(ThreadPoolExecutor.java:624)&#10;        at java.lang.Thread.run(Thread.java:748)&#10;&quot;process reaper&quot; daemon prio=10 tid=10 timed_waiting&#10;java.lang.Thread.State: TIMED_WAITING&#10;        at sun.misc.Unsafe.park(Native Method)&#10;        at java.util.concurrent.locks.LockSupport.parkNanos(LockSupport.java:215)&#10;        at java.util.concurrent.SynchronousQueue$TransferStack.awaitFulfill(SynchronousQueue.java:460)&#10;        at java.util.concurrent.SynchronousQueue$TransferStack.transfer(SynchronousQueue.java:362)&#10;        at java.util.concurrent.SynchronousQueue.poll(SynchronousQueue.java:941)&#10;        at java.util.concurrent.ThreadPoolExecutor.getTask(ThreadPoolExecutor.java:1073)&#10;        at java.util.concurrent.ThreadPoolExecutor.runWorker(ThreadPoolExecutor.java:1134)&#10;        at java.util.concurrent.ThreadPoolExecutor$Worker.run(ThreadPoolExecutor.java:624)&#10;        at java.lang.Thread.run(Thread.java:748)&#10;&quot;pool-56-thread-15&quot;  prio=5 tid=488 in Object.wait()&#10;java.lang.Thread.State: WAITING (on object monitor)&#10;        at sun.misc.Unsafe.park(Native Method)&#10;        at java.util.concurrent.locks.LockSupport.park(LockSupport.java:175)&#10;        at java.util.concurrent.locks.AbstractQueuedSynchronizer$ConditionObject.await(AbstractQueuedSynchronizer.java:2039)&#10;        at java.util.concurrent.ArrayBlockingQueue.take(ArrayBlockingQueue.java:403)&#10;        at java.util.concurrent.ThreadPoolExecutor.getTask(ThreadPoolExecutor.java:1074)&#10;        at java.util.concurrent.ThreadPoolExecutor.runWorker(ThreadPoolExecutor.java:1134)&#10;        at java.util.concurrent.ThreadPoolExecutor$Worker.run(ThreadPoolExecutor.java:624)&#10;        at java.lang.Thread.run(Thread.java:748)&#10;&quot;pool-26-thread-31&quot;  prio=5 tid=317 in Object.wait()&#10;java.lang.Thread.State: WAITING (on object monitor)&#10;        at sun.misc.Unsafe.park(Native Method)&#10;        at java.util.concurrent.locks.LockSupport.park(LockSupport.java:175)&#10;        at java.util.concurrent.locks.AbstractQueuedSynchronizer$ConditionObject.await(AbstractQueuedSynchronizer.java:2039)&#10;        at java.util.concurrent.ArrayBlockingQueue.take(ArrayBlockingQueue.java:403)&#10;        at java.util.concurrent.ThreadPoolExecutor.getTask(ThreadPoolExecutor.java:1074)&#10;        at java.util.concurrent.ThreadPoolExecutor.runWorker(ThreadPoolExecutor.java:1134)&#10;        at java.util.concurrent.ThreadPoolExecutor$Worker.run(ThreadPoolExecutor.java:624)&#10;        at java.lang.Thread.run(Thread.java:748)&#10;&quot;metrics-hadoop-metrics2-reporter-38-thread-1&quot; daemon prio=5 tid=781 timed_waiting&#10;java.lang.Thread.State: TIMED_WAITING&#10;        at sun.misc.Unsafe.park(Native Method)&#10;        at java.util.concurrent.locks.LockSupport.parkNanos(LockSupport.java:215)&#10;        at java.util.concurrent.locks.AbstractQueuedSynchronizer$ConditionObject.awaitNanos(AbstractQueuedSynchronizer.java:2078)&#10;        at java.util.concurrent.ScheduledThreadPoolExecutor$DelayedWorkQueue.take(ScheduledThreadPoolExecutor.java:1093)&#10;        at java.util.concurrent.ScheduledThreadPoolExecutor$DelayedWorkQueue.take(ScheduledThreadPoolExecutor.java:809)&#10;        at java.util.concurrent.ThreadPoolExecutor.getTask(ThreadPoolExecutor.java:1074)&#10;        at java.util.concurrent.ThreadPoolExecutor.runWorker(ThreadPoolExecutor.java:1134)&#10;        at java.util.concurrent.ThreadPoolExecutor$Worker.run(ThreadPoolExecutor.java:624)&#10;        at java.lang.Thread.run(Thread.java:748)&#10;&quot;pool-46-thread-49&quot;  prio=5 tid=455 in Object.wait()&#10;java.lang.Thread.State: WAITING (on object monitor)&#10;        at sun.misc.Unsafe.park(Native Method)&#10;        at java.util.concurrent.locks.LockSupport.park(LockSupport.java:175)&#10;        at java.util.concurrent.locks.AbstractQueuedSynchronizer$ConditionObject.await(AbstractQueuedSynchronizer.java:2039)&#10;        at java.util.concurrent.ArrayBlockingQueue.take(ArrayBlockingQueue.java:403)&#10;        at java.util.concurrent.ThreadPoolExecutor.getTask(ThreadPoolExecutor.java:1074)&#10;        at java.util.concurrent.ThreadPoolExecutor.runWorker(ThreadPoolExecutor.java:1134)&#10;        at java.util.concurrent.ThreadPoolExecutor$Worker.run(ThreadPoolExecutor.java:624)&#10;        at java.lang.Thread.run(Thread.java:748)&#10;&quot;pool-36-thread-11&quot;  prio=5 tid=357 in Object.wait()&#10;java.lang.Thread.State: WAITING (on object monitor)&#10;        at sun.misc.Unsafe.park(Native Method)&#10;        at java.util.concurrent.locks.LockSupport.park(LockSupport.java:175)&#10;        at java.util.concurrent.locks.AbstractQueuedSynchronizer$ConditionObject.await(AbstractQueuedSynchronizer.java:2039)&#10;        at java.util.concurrent.ArrayBlockingQueue.take(ArrayBlockingQueue.java:403)&#10;        at java.util.concurrent.ThreadPoolExecutor.getTask(ThreadPoolExecutor.java:1074)&#10;        at java.util.concurrent.ThreadPoolExecutor.runWorker(ThreadPoolExecutor.java:1134)&#10;        at java.util.concurrent.ThreadPoolExecutor$Worker.run(ThreadPoolExecutor.java:624)&#10;        at java.lang.Thread.run(Thread.java:748)&#10;&quot;IPC Server handler 10 on 40923&quot; daemon prio=5 tid=39 timed_waiting&#10;java.lang.Thread.State: TIMED_WAITING&#10;        at sun.misc.Unsafe.park(Native Method)&#10;        at java.util.concurrent.locks.LockSupport.parkNanos(LockSupport.java:215)&#10;        at java.util.concurrent.locks.AbstractQueuedSynchronizer$ConditionObject.awaitNanos(AbstractQueuedSynchronizer.java:2078)&#10;        at java.util.concurrent.LinkedBlockingQueue.poll(LinkedBlockingQueue.java:467)&#10;        at org.apache.hadoop.ipc.CallQueueManager.take(CallQueueManager.java:288)&#10;        at org.apache.hadoop.ipc.Server$Handler.run(Server.java:2668)&#10;&quot;pool-36-thread-19&quot;  prio=5 tid=365 in Object.wait()&#10;java.lang.Thread.State: WAITING (on object monitor)&#10;        at sun.misc.Unsafe.park(Native Method)&#10;        at java.util.concurrent.locks.LockSupport.park(LockSupport.java:175)&#10;        at java.util.concurrent.locks.AbstractQueuedSynchronizer$ConditionObject.await(AbstractQueuedSynchronizer.java:2039)&#10;        at java.util.concurrent.ArrayBlockingQueue.take(ArrayBlockingQueue.java:403)&#10;        at java.util.concurrent.ThreadPoolExecutor.getTask(ThreadPoolExecutor.java:1074)&#10;        at java.util.concurrent.ThreadPoolExecutor.runWorker(ThreadPoolExecutor.java:1134)&#10;        at java.util.concurrent.ThreadPoolExecutor$Worker.run(ThreadPoolExecutor.java:624)&#10;        at java.lang.Thread.run(Thread.java:748)&#10;&quot;IPC Server handler 17 on 33004&quot; daemon prio=5 tid=86 timed_waiting&#10;java.lang.Thread.State: TIMED_WAITING&#10;        at sun.misc.Unsafe.park(Native Method)&#10;        at java.util.concurrent.locks.LockSupport.parkNanos(LockSupport.java:215)&#10;        at java.util.concurrent.locks.AbstractQueuedSynchronizer$ConditionObject.awaitNanos(AbstractQueuedSynchronizer.java:2078)&#10;        at java.util.concurrent.LinkedBlockingQueue.poll(LinkedBlockingQueue.java:467)&#10;        at org.apache.hadoop.ipc.CallQueueManager.take(CallQueueManager.java:288)&#10;        at org.apache.hadoop.ipc.Server$Handler.run(Server.java:2668)&#10;&quot;org.eclipse.jetty.server.session.HashSessionManager@1a1f5f71Timer&quot; daemon prio=5 tid=276 timed_waiting&#10;java.lang.Thread.State: TIMED_WAITING&#10;        at sun.misc.Unsafe.park(Native Method)&#10;        at java.util.concurrent.locks.LockSupport.parkNanos(LockSupport.java:215)&#10;        at java.util.concurrent.locks.AbstractQueuedSynchronizer$ConditionObject.awaitNanos(AbstractQueuedSynchronizer.java:2078)&#10;        at java.util.concurrent.ScheduledThreadPoolExecutor$DelayedWorkQueue.take(ScheduledThreadPoolExecutor.java:1093)&#10;        at java.util.concurrent.ScheduledThreadPoolExecutor$DelayedWorkQueue.take(ScheduledThreadPoolExecutor.java:809)&#10;        at java.util.concurrent.ThreadPoolExecutor.getTask(ThreadPoolExecutor.java:1074)&#10;        at java.util.concurrent.ThreadPoolExecutor.runWorker(ThreadPoolExecutor.java:1134)&#10;        at java.util.concurrent.ThreadPoolExecutor$Worker.run(ThreadPoolExecutor.java:624)&#10;        at java.lang.Thread.run(Thread.java:748)&#10;&quot;pool-36-thread-39&quot;  prio=5 tid=385 in Object.wait()&#10;java.lang.Thread.State: WAITING (on object monitor)&#10;        at sun.misc.Unsafe.park(Native Method)&#10;        at java.util.concurrent.locks.LockSupport.park(LockSupport.java:175)&#10;        at java.util.concurrent.locks.AbstractQueuedSynchronizer$ConditionObject.await(AbstractQueuedSynchronizer.java:2039)&#10;        at java.util.concurrent.ArrayBlockingQueue.take(ArrayBlockingQueue.java:403)&#10;        at java.util.concurrent.ThreadPoolExecutor.getTask(ThreadPoolExecutor.java:1074)&#10;        at java.util.concurrent.ThreadPoolExecutor.runWorker(ThreadPoolExecutor.java:1134)&#10;        at java.util.concurrent.ThreadPoolExecutor$Worker.run(ThreadPoolExecutor.java:624)&#10;        at java.lang.Thread.run(Thread.java:748)&#10;&quot;IPC Server listener on 46821&quot; daemon prio=5 tid=18 runnable&#10;java.lang.Thread.State: RUNNABLE&#10;        at sun.nio.ch.EPollArrayWrapper.epollWait(Native Method)&#10;        at sun.nio.ch.EPollArrayWrapper.poll(EPollArrayWrapper.java:269)&#10;        at sun.nio.ch.EPollSelectorImpl.doSelect(EPollSelectorImpl.java:93)&#10;        at sun.nio.ch.SelectorImpl.lockAndDoSelect(SelectorImpl.java:86)&#10;        at sun.nio.ch.SelectorImpl.select(SelectorImpl.java:97)&#10;        at sun.nio.ch.SelectorImpl.select(SelectorImpl.java:101)&#10;        at org.apache.hadoop.ipc.Server$Listener.run(Server.java:1159)&#10;&quot;IPC Server handler 4 on 40923&quot; daemon prio=5 tid=33 timed_waiting&#10;java.lang.Thread.State: TIMED_WAITING&#10;        at sun.misc.Unsafe.park(Native Method)&#10;        at java.util.concurrent.locks.LockSupport.parkNanos(LockSupport.java:215)&#10;        at java.util.concurrent.locks.AbstractQueuedSynchronizer$ConditionObject.awaitNanos(AbstractQueuedSynchronizer.java:2078)&#10;        at java.util.concurrent.LinkedBlockingQueue.poll(LinkedBlockingQueue.java:467)&#10;        at org.apache.hadoop.ipc.CallQueueManager.take(CallQueueManager.java:288)&#10;        at org.apache.hadoop.ipc.Server$Handler.run(Server.java:2668)&#10;&quot;org.eclipse.jetty.server.session.HashSessionManager@77bbadcTimer&quot; daemon prio=5 tid=167 timed_waiting&#10;java.lang.Thread.State: TIMED_WAITING&#10;        at sun.misc.Unsafe.park(Native Method)&#10;        at java.util.concurrent.locks.LockSupport.parkNanos(LockSupport.java:215)&#10;        at java.util.concurrent.locks.AbstractQueuedSynchronizer$ConditionObject.awaitNanos(AbstractQueuedSynchronizer.java:2078)&#10;        at java.util.concurrent.ScheduledThreadPoolExecutor$DelayedWorkQueue.take(ScheduledThreadPoolExecutor.java:1093)&#10;        at java.util.concurrent.ScheduledThreadPoolExecutor$DelayedWorkQueue.take(ScheduledThreadPoolExecutor.java:809)&#10;        at java.util.concurrent.ThreadPoolExecutor.getTask(ThreadPoolExecutor.java:1074)&#10;        at java.util.concurrent.ThreadPoolExecutor.runWorker(ThreadPoolExecutor.java:1134)&#10;        at java.util.concurrent.ThreadPoolExecutor$Worker.run(ThreadPoolExecutor.java:624)&#10;        at java.lang.Thread.run(Thread.java:748)&#10;&quot;pool-56-thread-43&quot;  prio=5 tid=516 in Object.wait()&#10;java.lang.Thread.State: WAITING (on object monitor)&#10;        at sun.misc.Unsafe.park(Native Method)&#10;        at java.util.concurrent.locks.LockSupport.park(LockSupport.java:175)&#10;        at java.util.concurrent.locks.AbstractQueuedSynchronizer$ConditionObject.await(AbstractQueuedSynchronizer.java:2039)&#10;        at java.util.concurrent.ArrayBlockingQueue.take(ArrayBlockingQueue.java:403)&#10;        at java.util.concurrent.ThreadPoolExecutor.getTask(ThreadPoolExecutor.java:1074)&#10;        at java.util.concurrent.ThreadPoolExecutor.runWorker(ThreadPoolExecutor.java:1134)&#10;        at java.util.concurrent.ThreadPoolExecutor$Worker.run(ThreadPoolExecutor.java:624)&#10;        at java.lang.Thread.run(Thread.java:748)&#10;&quot;pool-46-thread-16&quot;  prio=5 tid=422 in Object.wait()&#10;java.lang.Thread.State: WAITING (on object monitor)&#10;        at sun.misc.Unsafe.park(Native Method)&#10;        at java.util.concurrent.locks.LockSupport.park(LockSupport.java:175)&#10;        at java.util.concurrent.locks.AbstractQueuedSynchronizer$ConditionObject.await(AbstractQueuedSynchronizer.java:2039)&#10;        at java.util.concurrent.ArrayBlockingQueue.take(ArrayBlockingQueue.java:403)&#10;        at java.util.concurrent.ThreadPoolExecutor.getTask(ThreadPoolExecutor.java:1074)&#10;        at java.util.concurrent.ThreadPoolExecutor.runWorker(ThreadPoolExecutor.java:1134)&#10;        at java.util.concurrent.ThreadPoolExecutor$Worker.run(ThreadPoolExecutor.java:624)&#10;        at java.lang.Thread.run(Thread.java:748)&#10;&quot;pool-26-thread-27&quot;  prio=5 tid=313 in Object.wait()&#10;java.lang.Thread.State: WAITING (on object monitor)&#10;        at sun.misc.Unsafe.park(Native Method)&#10;        at java.util.concurrent.locks.LockSupport.park(LockSupport.java:175)&#10;        at java.util.concurrent.locks.AbstractQueuedSynchronizer$ConditionObject.await(AbstractQueuedSynchronizer.java:2039)&#10;        at java.util.concurrent.ArrayBlockingQueue.take(ArrayBlockingQueue.java:403)&#10;        at java.util.concurrent.ThreadPoolExecutor.getTask(ThreadPoolExecutor.java:1074)&#10;        at java.util.concurrent.ThreadPoolExecutor.runWorker(ThreadPoolExecutor.java:1134)&#10;        at java.util.concurrent.ThreadPoolExecutor$Worker.run(ThreadPoolExecutor.java:624)&#10;        at java.lang.Thread.run(Thread.java:748)&#10;&quot;pool-46-thread-10&quot;  prio=5 tid=416 in Object.wait()&#10;java.lang.Thread.State: WAITING (on object monitor)&#10;        at sun.misc.Unsafe.park(Native Method)&#10;        at java.util.concurrent.locks.LockSupport.park(LockSupport.java:175)&#10;        at java.util.concurrent.locks.AbstractQueuedSynchronizer$ConditionObject.await(AbstractQueuedSynchronizer.java:2039)&#10;        at java.util.concurrent.ArrayBlockingQueue.take(ArrayBlockingQueue.java:403)&#10;        at java.util.concurrent.ThreadPoolExecutor.getTask(ThreadPoolExecutor.java:1074)&#10;        at java.util.concurrent.ThreadPoolExecutor.runWorker(ThreadPoolExecutor.java:1134)&#10;        at java.util.concurrent.ThreadPoolExecutor$Worker.run(ThreadPoolExecutor.java:624)&#10;        at java.lang.Thread.run(Thread.java:748)&#10;&quot;pool-46-thread-4&quot;  prio=5 tid=410 in Object.wait()&#10;java.lang.Thread.State: WAITING (on object monitor)&#10;        at sun.misc.Unsafe.park(Native Method)&#10;        at java.util.concurrent.locks.LockSupport.park(LockSupport.java:175)&#10;        at java.util.concurrent.locks.AbstractQueuedSynchronizer$ConditionObject.await(AbstractQueuedSynchronizer.java:2039)&#10;        at java.util.concurrent.ArrayBlockingQueue.take(ArrayBlockingQueue.java:403)&#10;        at java.util.concurrent.ThreadPoolExecutor.getTask(ThreadPoolExecutor.java:1074)&#10;        at java.util.concurrent.ThreadPoolExecutor.runWorker(ThreadPoolExecutor.java:1134)&#10;        at java.util.concurrent.ThreadPoolExecutor$Worker.run(ThreadPoolExecutor.java:624)&#10;        at java.lang.Thread.run(Thread.java:748)&#10;&quot;pool-26-thread-43&quot;  prio=5 tid=329 in Object.wait()&#10;java.lang.Thread.State: WAITING (on object monitor)&#10;        at sun.misc.Unsafe.park(Native Method)&#10;        at java.util.concurrent.locks.LockSupport.park(LockSupport.java:175)&#10;        at java.util.concurrent.locks.AbstractQueuedSynchronizer$ConditionObject.await(AbstractQueuedSynchronizer.java:2039)&#10;        at java.util.concurrent.ArrayBlockingQueue.take(ArrayBlockingQueue.java:403)&#10;        at java.util.concurrent.ThreadPoolExecutor.getTask(ThreadPoolExecutor.java:1074)&#10;        at java.util.concurrent.ThreadPoolExecutor.runWorker(ThreadPoolExecutor.java:1134)&#10;        at java.util.concurrent.ThreadPoolExecutor$Worker.run(ThreadPoolExecutor.java:624)&#10;        at java.lang.Thread.run(Thread.java:748)&#10;&quot;pool-66-thread-41&quot;  prio=5 tid=576 in Object.wait()&#10;java.lang.Thread.State: WAITING (on object monitor)&#10;        at sun.misc.Unsafe.park(Native Method)&#10;        at java.util.concurrent.locks.LockSupport.park(LockSupport.java:175)&#10;        at java.util.concurrent.locks.AbstractQueuedSynchronizer$ConditionObject.await(AbstractQueuedSynchronizer.java:2039)&#10;        at java.util.concurrent.ArrayBlockingQueue.take(ArrayBlockingQueue.java:403)&#10;        at java.util.concurrent.ThreadPoolExecutor.getTask(ThreadPoolExecutor.java:1074)&#10;        at java.util.concurrent.ThreadPoolExecutor.runWorker(ThreadPoolExecutor.java:1134)&#10;        at java.util.concurrent.ThreadPoolExecutor$Worker.run(ThreadPoolExecutor.java:624)&#10;        at java.lang.Thread.run(Thread.java:748)&#10;&quot;5c3956af-60d3-411f-8c98-c7ed3576de5c@group-EE856C9543A1-SegmentedRaftLogWorker&quot;  prio=5 tid=780 timed_waiting&#10;java.lang.Thread.State: TIMED_WAITING&#10;        at sun.misc.Unsafe.park(Native Method)&#10;        at java.util.concurrent.locks.LockSupport.parkNanos(LockSupport.java:215)&#10;        at java.util.concurrent.locks.AbstractQueuedSynchronizer$ConditionObject.awaitNanos(AbstractQueuedSynchronizer.java:2078)&#10;        at org.apache.ratis.util.DataBlockingQueue.poll(DataBlockingQueue.java:137)&#10;        at org.apache.ratis.server.raftlog.segmented.SegmentedRaftLogWorker.run(SegmentedRaftLogWorker.java:282)&#10;        at java.lang.Thread.run(Thread.java:748)&#10;&quot;pool-56-thread-21&quot;  prio=5 tid=494 in Object.wait()&#10;java.lang.Thread.State: WAITING (on object monitor)&#10;        at sun.misc.Unsafe.park(Native Method)&#10;        at java.util.concurrent.locks.LockSupport.park(LockSupport.java:175)&#10;        at java.util.concurrent.locks.AbstractQueuedSynchronizer$ConditionObject.await(AbstractQueuedSynchronizer.java:2039)&#10;        at java.util.concurrent.ArrayBlockingQueue.take(ArrayBlockingQueue.java:403)&#10;        at java.util.concurrent.ThreadPoolExecutor.getTask(ThreadPoolExecutor.java:1074)&#10;        at java.util.concurrent.ThreadPoolExecutor.runWorker(ThreadPoolExecutor.java:1134)&#10;        at java.util.concurrent.ThreadPoolExecutor$Worker.run(ThreadPoolExecutor.java:624)&#10;        at java.lang.Thread.run(Thread.java:748)&#10;&quot;Datanode ReportManager Thread - 2&quot; daemon prio=5 tid=227 timed_waiting&#10;java.lang.Thread.State: TIMED_WAITING&#10;        at sun.misc.Unsafe.park(Native Method)&#10;        at java.util.concurrent.locks.LockSupport.parkNanos(LockSupport.java:215)&#10;        at java.util.concurrent.locks.AbstractQueuedSynchronizer$ConditionObject.awaitNanos(AbstractQueuedSynchronizer.java:2078)&#10;        at java.util.concurrent.ScheduledThreadPoolExecutor$DelayedWorkQueue.take(ScheduledThreadPoolExecutor.java:1093)&#10;        at java.util.concurrent.ScheduledThreadPoolExecutor$DelayedWorkQueue.take(ScheduledThreadPoolExecutor.java:809)&#10;        at java.util.concurrent.ThreadPoolExecutor.getTask(ThreadPoolExecutor.java:1074)&#10;        at java.util.concurrent.ThreadPoolExecutor.runWorker(ThreadPoolExecutor.java:1134)&#10;        at java.util.concurrent.ThreadPoolExecutor$Worker.run(ThreadPoolExecutor.java:624)&#10;        at java.lang.Thread.run(Thread.java:748)&#10;&quot;45fbe16b-e751-4a45-a959-58ac23dab104@group-09B31D2A0473-SegmentedRaftLogWorker&quot;  prio=5 tid=660 timed_waiting&#10;java.lang.Thread.State: TIMED_WAITING&#10;        at sun.misc.Unsafe.park(Native Method)&#10;        at java.util.concurrent.locks.LockSupport.parkNanos(LockSupport.java:215)&#10;        at java.util.concurrent.locks.AbstractQueuedSynchronizer$ConditionObject.awaitNanos(AbstractQueuedSynchronizer.java:2078)&#10;        at org.apache.ratis.util.DataBlockingQueue.poll(DataBlockingQueue.java:137)&#10;        at org.apache.ratis.server.raftlog.segmented.SegmentedRaftLogWorker.run(SegmentedRaftLogWorker.java:282)&#10;        at java.lang.Thread.run(Thread.java:748)&#10;&quot;pool-56-thread-30&quot;  prio=5 tid=503 in Object.wait()&#10;java.lang.Thread.State: WAITING (on object monitor)&#10;        at sun.misc.Unsafe.park(Native Method)&#10;        at java.util.concurrent.locks.LockSupport.park(LockSupport.java:175)&#10;        at java.util.concurrent.locks.AbstractQueuedSynchronizer$ConditionObject.await(AbstractQueuedSynchronizer.java:2039)&#10;        at java.util.concurrent.ArrayBlockingQueue.take(ArrayBlockingQueue.java:403)&#10;        at java.util.concurrent.ThreadPoolExecutor.getTask(ThreadPoolExecutor.java:1074)&#10;        at java.util.concurrent.ThreadPoolExecutor.runWorker(ThreadPoolExecutor.java:1134)&#10;        at java.util.concurrent.ThreadPoolExecutor$Worker.run(ThreadPoolExecutor.java:624)&#10;        at java.lang.Thread.run(Thread.java:748)&#10;&quot;pool-66-thread-42&quot;  prio=5 tid=577 in Object.wait()&#10;java.lang.Thread.State: WAITING (on object monitor)&#10;        at sun.misc.Unsafe.park(Native Method)&#10;        at java.util.concurrent.locks.LockSupport.park(LockSupport.java:175)&#10;        at java.util.concurrent.locks.AbstractQueuedSynchronizer$ConditionObject.await(AbstractQueuedSynchronizer.java:2039)&#10;        at java.util.concurrent.ArrayBlockingQueue.take(ArrayBlockingQueue.java:403)&#10;        at java.util.concurrent.ThreadPoolExecutor.getTask(ThreadPoolExecutor.java:1074)&#10;        at java.util.concurrent.ThreadPoolExecutor.runWorker(ThreadPoolExecutor.java:1134)&#10;        at java.util.concurrent.ThreadPoolExecutor$Worker.run(ThreadPoolExecutor.java:624)&#10;        at java.lang.Thread.run(Thread.java:748)&#10;&quot;IPC Server handler 18 on 40923&quot; daemon prio=5 tid=47 timed_waiting&#10;java.lang.Thread.State: TIMED_WAITING&#10;        at sun.misc.Unsafe.park(Native Method)&#10;        at java.util.concurrent.locks.LockSupport.parkNanos(LockSupport.java:215)&#10;        at java.util.concurrent.locks.AbstractQueuedSynchronizer$ConditionObject.awaitNanos(AbstractQueuedSynchronizer.java:2078)&#10;        at java.util.concurrent.LinkedBlockingQueue.poll(LinkedBlockingQueue.java:467)&#10;        at org.apache.hadoop.ipc.CallQueueManager.take(CallQueueManager.java:288)&#10;        at org.apache.hadoop.ipc.Server$Handler.run(Server.java:2668)&#10;&quot;IPC Server handler 14 on 33004&quot; daemon prio=5 tid=83 timed_waiting&#10;java.lang.Thread.State: TIMED_WAITING&#10;        at sun.misc.Unsafe.park(Native Method)&#10;        at java.util.concurrent.locks.LockSupport.parkNanos(LockSupport.java:215)&#10;        at java.util.concurrent.locks.AbstractQueuedSynchronizer$ConditionObject.awaitNanos(AbstractQueuedSynchronizer.java:2078)&#10;        at java.util.concurrent.LinkedBlockingQueue.poll(LinkedBlockingQueue.java:467)&#10;        at org.apache.hadoop.ipc.CallQueueManager.take(CallQueueManager.java:288)&#10;        at org.apache.hadoop.ipc.Server$Handler.run(Server.java:2668)&#10;&quot;pool-36-thread-3&quot;  prio=5 tid=349 in Object.wait()&#10;java.lang.Thread.State: WAITING (on object monitor)&#10;        at sun.misc.Unsafe.park(Native Method)&#10;        at java.util.concurrent.locks.LockSupport.park(LockSupport.java:175)&#10;        at java.util.concurrent.locks.AbstractQueuedSynchronizer$ConditionObject.await(AbstractQueuedSynchronizer.java:2039)&#10;        at java.util.concurrent.ArrayBlockingQueue.take(ArrayBlockingQueue.java:403)&#10;        at java.util.concurrent.ThreadPoolExecutor.getTask(ThreadPoolExecutor.java:1074)&#10;        at java.util.concurrent.ThreadPoolExecutor.runWorker(ThreadPoolExecutor.java:1134)&#10;        at java.util.concurrent.ThreadPoolExecutor$Worker.run(ThreadPoolExecutor.java:624)&#10;        at java.lang.Thread.run(Thread.java:748)&#10;&quot;pool-46-thread-23&quot;  prio=5 tid=429 in Object.wait()&#10;java.lang.Thread.State: WAITING (on object monitor)&#10;        at sun.misc.Unsafe.park(Native Method)&#10;        at java.util.concurrent.locks.LockSupport.park(LockSupport.java:175)&#10;        at java.util.concurrent.locks.AbstractQueuedSynchronizer$ConditionObject.await(AbstractQueuedSynchronizer.java:2039)&#10;        at java.util.concurrent.ArrayBlockingQueue.take(ArrayBlockingQueue.java:403)&#10;        at java.util.concurrent.ThreadPoolExecutor.getTask(ThreadPoolExecutor.java:1074)&#10;        at java.util.concurrent.ThreadPoolExecutor.runWorker(ThreadPoolExecutor.java:1134)&#10;        at java.util.concurrent.ThreadPoolExecutor$Worker.run(ThreadPoolExecutor.java:624)&#10;        at java.lang.Thread.run(Thread.java:748)&#10;&quot;org.apache.hadoop.util.JvmPauseMonitor$Monitor@50d842c&quot; daemon prio=5 tid=284 timed_waiting&#10;java.lang.Thread.State: TIMED_WAITING&#10;        at java.lang.Thread.sleep(Native Method)&#10;        at org.apache.hadoop.util.JvmPauseMonitor$Monitor.run(JvmPauseMonitor.java:192)&#10;        at java.lang.Thread.run(Thread.java:748)&#10;&quot;org.eclipse.jetty.server.session.HashSessionManager@1422ac7fTimer&quot; daemon prio=5 tid=169 timed_waiting&#10;java.lang.Thread.State: TIMED_WAITING&#10;        at sun.misc.Unsafe.park(Native Method)&#10;        at java.util.concurrent.locks.LockSupport.parkNanos(LockSupport.java:215)&#10;        at java.util.concurrent.locks.AbstractQueuedSynchronizer$ConditionObject.awaitNanos(AbstractQueuedSynchronizer.java:2078)&#10;        at java.util.concurrent.ScheduledThreadPoolExecutor$DelayedWorkQueue.take(ScheduledThreadPoolExecutor.java:1093)&#10;        at java.util.concurrent.ScheduledThreadPoolExecutor$DelayedWorkQueue.take(ScheduledThreadPoolExecutor.java:809)&#10;        at java.util.concurrent.ThreadPoolExecutor.getTask(ThreadPoolExecutor.java:1074)&#10;        at java.util.concurrent.ThreadPoolExecutor.runWorker(ThreadPoolExecutor.java:1134)&#10;        at java.util.concurrent.ThreadPoolExecutor$Worker.run(ThreadPoolExecutor.java:624)&#10;        at java.lang.Thread.run(Thread.java:748)&#10;&quot;Datanode ReportManager Thread - 0&quot; daemon prio=5 tid=279 in Object.wait()&#10;java.lang.Thread.State: WAITING (on object monitor)&#10;        at sun.misc.Unsafe.park(Native Method)&#10;        at java.util.concurrent.locks.LockSupport.park(LockSupport.java:175)&#10;        at java.util.concurrent.locks.AbstractQueuedSynchronizer$ConditionObject.await(AbstractQueuedSynchronizer.java:2039)&#10;        at java.util.concurrent.ScheduledThreadPoolExecutor$DelayedWorkQueue.take(ScheduledThreadPoolExecutor.java:1088)&#10;        at java.util.concurrent.ScheduledThreadPoolExecutor$DelayedWorkQueue.take(ScheduledThreadPoolExecutor.java:809)&#10;        at java.util.concurrent.ThreadPoolExecutor.getTask(ThreadPoolExecutor.java:1074)&#10;        at java.util.concurrent.ThreadPoolExecutor.runWorker(ThreadPoolExecutor.java:1134)&#10;        at java.util.concurrent.ThreadPoolExecutor$Worker.run(ThreadPoolExecutor.java:624)&#10;        at java.lang.Thread.run(Thread.java:748)&#10;&quot;pool-56-thread-42&quot;  prio=5 tid=515 in Object.wait()&#10;java.lang.Thread.State: WAITING (on object monitor)&#10;        at sun.misc.Unsafe.park(Native Method)&#10;        at java.util.concurrent.locks.LockSupport.park(LockSupport.java:175)&#10;        at java.util.concurrent.locks.AbstractQueuedSynchronizer$ConditionObject.await(AbstractQueuedSynchronizer.java:2039)&#10;        at java.util.concurrent.ArrayBlockingQueue.take(ArrayBlockingQueue.java:403)&#10;        at java.util.concurrent.ThreadPoolExecutor.getTask(ThreadPoolExecutor.java:1074)&#10;        at java.util.concurrent.ThreadPoolExecutor.runWorker(ThreadPoolExecutor.java:1134)&#10;        at java.util.concurrent.ThreadPoolExecutor$Worker.run(ThreadPoolExecutor.java:624)&#10;        at java.lang.Thread.run(Thread.java:748)&#10;&quot;pool-26-thread-26&quot;  prio=5 tid=312 in Object.wait()&#10;java.lang.Thread.State: WAITING (on object monitor)&#10;        at sun.misc.Unsafe.park(Native Method)&#10;        at java.util.concurrent.locks.LockSupport.park(LockSupport.java:175)&#10;        at java.util.concurrent.locks.AbstractQueuedSynchronizer$ConditionObject.await(AbstractQueuedSynchronizer.java:2039)&#10;        at java.util.concurrent.ArrayBlockingQueue.take(ArrayBlockingQueue.java:403)&#10;        at java.util.concurrent.ThreadPoolExecutor.getTask(ThreadPoolExecutor.java:1074)&#10;        at java.util.concurrent.ThreadPoolExecutor.runWorker(ThreadPoolExecutor.java:1134)&#10;        at java.util.concurrent.ThreadPoolExecutor$Worker.run(ThreadPoolExecutor.java:624)&#10;        at java.lang.Thread.run(Thread.java:748)&#10;&quot;pool-56-thread-18&quot;  prio=5 tid=491 in Object.wait()&#10;java.lang.Thread.State: WAITING (on object monitor)&#10;        at sun.misc.Unsafe.park(Native Method)&#10;        at java.util.concurrent.locks.LockSupport.park(LockSupport.java:175)&#10;        at java.util.concurrent.locks.AbstractQueuedSynchronizer$ConditionObject.await(AbstractQueuedSynchronizer.java:2039)&#10;        at java.util.concurrent.ArrayBlockingQueue.take(ArrayBlockingQueue.java:403)&#10;        at java.util.concurrent.ThreadPoolExecutor.getTask(ThreadPoolExecutor.java:1074)&#10;        at java.util.concurrent.ThreadPoolExecutor.runWorker(ThreadPoolExecutor.java:1134)&#10;        at java.util.concurrent.ThreadPoolExecutor$Worker.run(ThreadPoolExecutor.java:624)&#10;        at java.lang.Thread.run(Thread.java:748)&#10;&quot;pool-26-thread-7&quot;  prio=5 tid=293 in Object.wait()&#10;java.lang.Thread.State: WAITING (on object monitor)&#10;        at sun.misc.Unsafe.park(Native Method)&#10;        at java.util.concurrent.locks.LockSupport.park(LockSupport.java:175)&#10;        at java.util.concurrent.locks.AbstractQueuedSynchronizer$ConditionObject.await(AbstractQueuedSynchronizer.java:2039)&#10;        at java.util.concurrent.ArrayBlockingQueue.take(ArrayBlockingQueue.java:403)&#10;        at java.util.concurrent.ThreadPoolExecutor.getTask(ThreadPoolExecutor.java:1074)&#10;        at java.util.concurrent.ThreadPoolExecutor.runWorker(ThreadPoolExecutor.java:1134)&#10;        at java.util.concurrent.ThreadPoolExecutor$Worker.run(ThreadPoolExecutor.java:624)&#10;        at java.lang.Thread.run(Thread.java:748)&#10;&quot;pool-36-thread-34&quot;  prio=5 tid=380 in Object.wait()&#10;java.lang.Thread.State: WAITING (on object monitor)&#10;        at sun.misc.Unsafe.park(Native Method)&#10;        at java.util.concurrent.locks.LockSupport.park(LockSupport.java:175)&#10;        at java.util.concurrent.locks.AbstractQueuedSynchronizer$ConditionObject.await(AbstractQueuedSynchronizer.java:2039)&#10;        at java.util.concurrent.ArrayBlockingQueue.take(ArrayBlockingQueue.java:403)&#10;        at java.util.concurrent.ThreadPoolExecutor.getTask(ThreadPoolExecutor.java:1074)&#10;        at java.util.concurrent.ThreadPoolExecutor.runWorker(ThreadPoolExecutor.java:1134)&#10;        at java.util.concurrent.ThreadPoolExecutor$Worker.run(ThreadPoolExecutor.java:624)&#10;        at java.lang.Thread.run(Thread.java:748)&#10;&quot;pool-66-thread-2&quot;  prio=5 tid=537 in Object.wait()&#10;java.lang.Thread.State: WAITING (on object monitor)&#10;        at sun.misc.Unsafe.park(Native Method)&#10;        at java.util.concurrent.locks.LockSupport.park(LockSupport.java:175)&#10;        at java.util.concurrent.locks.AbstractQueuedSynchronizer$ConditionObject.await(AbstractQueuedSynchronizer.java:2039)&#10;        at java.util.concurrent.ArrayBlockingQueue.take(ArrayBlockingQueue.java:403)&#10;        at java.util.concurrent.ThreadPoolExecutor.getTask(ThreadPoolExecutor.java:1074)&#10;        at java.util.concurrent.ThreadPoolExecutor.runWorker(ThreadPoolExecutor.java:1134)&#10;        at java.util.concurrent.ThreadPoolExecutor$Worker.run(ThreadPoolExecutor.java:624)&#10;        at java.lang.Thread.run(Thread.java:748)&#10;&quot;pool-36-thread-12&quot;  prio=5 tid=358 in Object.wait()&#10;java.lang.Thread.State: WAITING (on object monitor)&#10;        at sun.misc.Unsafe.park(Native Method)&#10;        at java.util.concurrent.locks.LockSupport.park(LockSupport.java:175)&#10;        at java.util.concurrent.locks.AbstractQueuedSynchronizer$ConditionObject.await(AbstractQueuedSynchronizer.java:2039)&#10;        at java.util.concurrent.ArrayBlockingQueue.take(ArrayBlockingQueue.java:403)&#10;        at java.util.concurrent.ThreadPoolExecutor.getTask(ThreadPoolExecutor.java:1074)&#10;        at java.util.concurrent.ThreadPoolExecutor.runWorker(ThreadPoolExecutor.java:1134)&#10;        at java.util.concurrent.ThreadPoolExecutor$Worker.run(ThreadPoolExecutor.java:624)&#10;        at java.lang.Thread.run(Thread.java:748)&#10;&quot;pool-46-thread-6&quot;  prio=5 tid=412 in Object.wait()&#10;java.lang.Thread.State: WAITING (on object monitor)&#10;        at sun.misc.Unsafe.park(Native Method)&#10;        at java.util.concurrent.locks.LockSupport.park(LockSupport.java:175)&#10;        at java.util.concurrent.locks.AbstractQueuedSynchronizer$ConditionObject.await(AbstractQueuedSynchronizer.java:2039)&#10;        at java.util.concurrent.ArrayBlockingQueue.take(ArrayBlockingQueue.java:403)&#10;        at java.util.concurrent.ThreadPoolExecutor.getTask(ThreadPoolExecutor.java:1074)&#10;        at java.util.concurrent.ThreadPoolExecutor.runWorker(ThreadPoolExecutor.java:1134)&#10;        at java.util.concurrent.ThreadPoolExecutor$Worker.run(ThreadPoolExecutor.java:624)&#10;        at java.lang.Thread.run(Thread.java:748)&#10;&quot;Periodic HDDS volume checker&quot;  prio=5 tid=260 timed_waiting&#10;java.lang.Thread.State: TIMED_WAITING&#10;        at sun.misc.Unsafe.park(Native Method)&#10;        at java.util.concurrent.locks.LockSupport.parkNanos(LockSupport.java:215)&#10;        at java.util.concurrent.locks.AbstractQueuedSynchronizer$ConditionObject.awaitNanos(AbstractQueuedSynchronizer.java:2078)&#10;        at java.util.concurrent.ScheduledThreadPoolExecutor$DelayedWorkQueue.take(ScheduledThreadPoolExecutor.java:1093)&#10;        at java.util.concurrent.ScheduledThreadPoolExecutor$DelayedWorkQueue.take(ScheduledThreadPoolExecutor.java:809)&#10;        at java.util.concurrent.ThreadPoolExecutor.getTask(ThreadPoolExecutor.java:1074)&#10;        at java.util.concurrent.ThreadPoolExecutor.runWorker(ThreadPoolExecutor.java:1134)&#10;        at java.util.concurrent.ThreadPoolExecutor$Worker.run(ThreadPoolExecutor.java:624)&#10;        at java.lang.Thread.run(Thread.java:748)&#10;&quot;org.eclipse.jetty.server.session.HashSessionManager@5e39850Timer&quot; daemon prio=5 tid=145 timed_waiting&#10;java.lang.Thread.State: TIMED_WAITING&#10;        at sun.misc.Unsafe.park(Native Method)&#10;        at java.util.concurrent.locks.LockSupport.parkNanos(LockSupport.java:215)&#10;        at java.util.concurrent.locks.AbstractQueuedSynchronizer$ConditionObject.awaitNanos(AbstractQueuedSynchronizer.java:2078)&#10;        at java.util.concurrent.ScheduledThreadPoolExecutor$DelayedWorkQueue.take(ScheduledThreadPoolExecutor.java:1093)&#10;        at java.util.concurrent.ScheduledThreadPoolExecutor$DelayedWorkQueue.take(ScheduledThreadPoolExecutor.java:809)&#10;        at java.util.concurrent.ThreadPoolExecutor.getTask(ThreadPoolExecutor.java:1074)&#10;        at java.util.concurrent.ThreadPoolExecutor.runWorker(ThreadPoolExecutor.java:1134)&#10;        at java.util.concurrent.ThreadPoolExecutor$Worker.run(ThreadPoolExecutor.java:624)&#10;        at java.lang.Thread.run(Thread.java:748)&#10;&quot;pool-36-thread-13&quot;  prio=5 tid=359 in Object.wait()&#10;java.lang.Thread.State: WAITING (on object monitor)&#10;        at sun.misc.Unsafe.park(Native Method)&#10;        at java.util.concurrent.locks.LockSupport.park(LockSupport.java:175)&#10;        at java.util.concurrent.locks.AbstractQueuedSynchronizer$ConditionObject.await(AbstractQueuedSynchronizer.java:2039)&#10;        at java.util.concurrent.ArrayBlockingQueue.take(ArrayBlockingQueue.java:403)&#10;        at java.util.concurrent.ThreadPoolExecutor.getTask(ThreadPoolExecutor.java:1074)&#10;        at java.util.concurrent.ThreadPoolExecutor.runWorker(ThreadPoolExecutor.java:1134)&#10;        at java.util.concurrent.ThreadPoolExecutor$Worker.run(ThreadPoolExecutor.java:624)&#10;        at java.lang.Thread.run(Thread.java:748)&#10;&quot;pool-56-thread-56&quot;  prio=5 tid=529 in Object.wait()&#10;java.lang.Thread.State: WAITING (on object monitor)&#10;        at sun.misc.Unsafe.park(Native Method)&#10;        at java.util.concurrent.locks.LockSupport.park(LockSupport.java:175)&#10;        at java.util.concurrent.locks.AbstractQueuedSynchronizer$ConditionObject.await(AbstractQueuedSynchronizer.java:2039)&#10;        at java.util.concurrent.ArrayBlockingQueue.take(ArrayBlockingQueue.java:403)&#10;        at java.util.concurrent.ThreadPoolExecutor.getTask(ThreadPoolExecutor.java:1074)&#10;        at java.util.concurrent.ThreadPoolExecutor.runWorker(ThreadPoolExecutor.java:1134)&#10;        at java.util.concurrent.ThreadPoolExecutor$Worker.run(ThreadPoolExecutor.java:624)&#10;        at java.lang.Thread.run(Thread.java:748)&#10;&quot;pool-46-thread-48&quot;  prio=5 tid=454 in Object.wait()&#10;java.lang.Thread.State: WAITING (on object monitor)&#10;        at sun.misc.Unsafe.park(Native Method)&#10;        at java.util.concurrent.locks.LockSupport.park(LockSupport.java:175)&#10;        at java.util.concurrent.locks.AbstractQueuedSynchronizer$ConditionObject.await(AbstractQueuedSynchronizer.java:2039)&#10;        at java.util.concurrent.ArrayBlockingQueue.take(ArrayBlockingQueue.java:403)&#10;        at java.util.concurrent.ThreadPoolExecutor.getTask(ThreadPoolExecutor.java:1074)&#10;        at java.util.concurrent.ThreadPoolExecutor.runWorker(ThreadPoolExecutor.java:1134)&#10;        at java.util.concurrent.ThreadPoolExecutor$Worker.run(ThreadPoolExecutor.java:624)&#10;        at java.lang.Thread.run(Thread.java:748)&#10;&quot;pool-26-thread-4&quot;  prio=5 tid=290 in Object.wait()&#10;java.lang.Thread.State: WAITING (on object monitor)&#10;        at sun.misc.Unsafe.park(Native Method)&#10;        at java.util.concurrent.locks.LockSupport.park(LockSupport.java:175)&#10;        at java.util.concurrent.locks.AbstractQueuedSynchronizer$ConditionObject.await(AbstractQueuedSynchronizer.java:2039)&#10;        at java.util.concurrent.ArrayBlockingQueue.take(ArrayBlockingQueue.java:403)&#10;        at java.util.concurrent.ThreadPoolExecutor.getTask(ThreadPoolExecutor.java:1074)&#10;        at java.util.concurrent.ThreadPoolExecutor.runWorker(ThreadPoolExecutor.java:1134)&#10;        at java.util.concurrent.ThreadPoolExecutor$Worker.run(ThreadPoolExecutor.java:624)&#10;        at java.lang.Thread.run(Thread.java:748)&#10;&quot;pool-56-thread-46&quot;  prio=5 tid=519 in Object.wait()&#10;java.lang.Thread.State: WAITING (on object monitor)&#10;        at sun.misc.Unsafe.park(Native Method)&#10;        at java.util.concurrent.locks.LockSupport.park(LockSupport.java:175)&#10;        at java.util.concurrent.locks.AbstractQueuedSynchronizer$ConditionObject.await(AbstractQueuedSynchronizer.java:2039)&#10;        at java.util.concurrent.ArrayBlockingQueue.take(ArrayBlockingQueue.java:403)&#10;        at java.util.concurrent.ThreadPoolExecutor.getTask(ThreadPoolExecutor.java:1074)&#10;        at java.util.concurrent.ThreadPoolExecutor.runWorker(ThreadPoolExecutor.java:1134)&#10;        at java.util.concurrent.ThreadPoolExecutor$Worker.run(ThreadPoolExecutor.java:624)&#10;        at java.lang.Thread.run(Thread.java:748)&#10;&quot;pool-66-thread-6&quot;  prio=5 tid=541 in Object.wait()&#10;java.lang.Thread.State: WAITING (on object monitor)&#10;        at sun.misc.Unsafe.park(Native Method)&#10;        at java.util.concurrent.locks.LockSupport.park(LockSupport.java:175)&#10;        at java.util.concurrent.locks.AbstractQueuedSynchronizer$ConditionObject.await(AbstractQueuedSynchronizer.java:2039)&#10;        at java.util.concurrent.ArrayBlockingQueue.take(ArrayBlockingQueue.java:403)&#10;        at java.util.concurrent.ThreadPoolExecutor.getTask(ThreadPoolExecutor.java:1074)&#10;        at java.util.concurrent.ThreadPoolExecutor.runWorker(ThreadPoolExecutor.java:1134)&#10;        at java.util.concurrent.ThreadPoolExecutor$Worker.run(ThreadPoolExecutor.java:624)&#10;        at java.lang.Thread.run(Thread.java:748)&#10;&quot;qtp1003663195-247&quot; daemon prio=5 tid=247 timed_waiting&#10;java.lang.Thread.State: TIMED_WAITING&#10;        at sun.misc.Unsafe.park(Native Method)&#10;        at java.util.concurrent.locks.LockSupport.parkNanos(LockSupport.java:215)&#10;        at java.util.concurrent.locks.AbstractQueuedSynchronizer$ConditionObject.awaitNanos(AbstractQueuedSynchronizer.java:2078)&#10;        at org.eclipse.jetty.util.BlockingArrayQueue.poll(BlockingArrayQueue.java:392)&#10;        at org.eclipse.jetty.util.thread.QueuedThreadPool.idleJobPoll(QueuedThreadPool.java:563)&#10;        at org.eclipse.jetty.util.thread.QueuedThreadPool.access$800(QueuedThreadPool.java:48)&#10;        at org.eclipse.jetty.util.thread.QueuedThreadPool$2.run(QueuedThreadPool.java:626)&#10;        at java.lang.Thread.run(Thread.java:748)&#10;&quot;pool-36-thread-46&quot;  prio=5 tid=392 in Object.wait()&#10;java.lang.Thread.State: WAITING (on object monitor)&#10;        at sun.misc.Unsafe.park(Native Method)&#10;        at java.util.concurrent.locks.LockSupport.park(LockSupport.java:175)&#10;        at java.util.concurrent.locks.AbstractQueuedSynchronizer$ConditionObject.await(AbstractQueuedSynchronizer.java:2039)&#10;        at java.util.concurrent.ArrayBlockingQueue.take(ArrayBlockingQueue.java:403)&#10;        at java.util.concurrent.ThreadPoolExecutor.getTask(ThreadPoolExecutor.java:1074)&#10;        at java.util.concurrent.ThreadPoolExecutor.runWorker(ThreadPoolExecutor.java:1134)&#10;        at java.util.concurrent.ThreadPoolExecutor$Worker.run(ThreadPoolExecutor.java:624)&#10;        at java.lang.Thread.run(Thread.java:748)&#10;&quot;IPC Server handler 5 on 40923&quot; daemon prio=5 tid=34 timed_waiting&#10;java.lang.Thread.State: TIMED_WAITING&#10;        at sun.misc.Unsafe.park(Native Method)&#10;        at java.util.concurrent.locks.LockSupport.parkNanos(LockSupport.java:215)&#10;        at java.util.concurrent.locks.AbstractQueuedSynchronizer$ConditionObject.awaitNanos(AbstractQueuedSynchronizer.java:2078)&#10;        at java.util.concurrent.LinkedBlockingQueue.poll(LinkedBlockingQueue.java:467)&#10;        at org.apache.hadoop.ipc.CallQueueManager.take(CallQueueManager.java:288)&#10;        at org.apache.hadoop.ipc.Server$Handler.run(Server.java:2668)&#10;&quot;pool-36-thread-41&quot;  prio=5 tid=387 in Object.wait()&#10;java.lang.Thread.State: WAITING (on object monitor)&#10;        at sun.misc.Unsafe.park(Native Method)&#10;        at java.util.concurrent.locks.LockSupport.park(LockSupport.java:175)&#10;        at java.util.concurrent.locks.AbstractQueuedSynchronizer$ConditionObject.await(AbstractQueuedSynchronizer.java:2039)&#10;        at java.util.concurrent.ArrayBlockingQueue.take(ArrayBlockingQueue.java:403)&#10;        at java.util.concurrent.ThreadPoolExecutor.getTask(ThreadPoolExecutor.java:1074)&#10;        at java.util.concurrent.ThreadPoolExecutor.runWorker(ThreadPoolExecutor.java:1134)&#10;        at java.util.concurrent.ThreadPoolExecutor$Worker.run(ThreadPoolExecutor.java:624)&#10;        at java.lang.Thread.run(Thread.java:748)&#10;&quot;pool-56-thread-5&quot;  prio=5 tid=478 in Object.wait()&#10;java.lang.Thread.State: WAITING (on object monitor)&#10;        at sun.misc.Unsafe.park(Native Method)&#10;        at java.util.concurrent.locks.LockSupport.park(LockSupport.java:175)&#10;        at java.util.concurrent.locks.AbstractQueuedSynchronizer$ConditionObject.await(AbstractQueuedSynchronizer.java:2039)&#10;        at java.util.concurrent.ArrayBlockingQueue.take(ArrayBlockingQueue.java:403)&#10;        at java.util.concurrent.ThreadPoolExecutor.getTask(ThreadPoolExecutor.java:1074)&#10;        at java.util.concurrent.ThreadPoolExecutor.runWorker(ThreadPoolExecutor.java:1134)&#10;        at java.util.concurrent.ThreadPoolExecutor$Worker.run(ThreadPoolExecutor.java:624)&#10;        at java.lang.Thread.run(Thread.java:748)&#10;&quot;pool-56-thread-25&quot;  prio=5 tid=498 in Object.wait()&#10;java.lang.Thread.State: WAITING (on object monitor)&#10;        at sun.misc.Unsafe.park(Native Method)&#10;        at java.util.concurrent.locks.LockSupport.park(LockSupport.java:175)&#10;        at java.util.concurrent.locks.AbstractQueuedSynchronizer$ConditionObject.await(AbstractQueuedSynchronizer.java:2039)&#10;        at java.util.concurrent.ArrayBlockingQueue.take(ArrayBlockingQueue.java:403)&#10;        at java.util.concurrent.ThreadPoolExecutor.getTask(ThreadPoolExecutor.java:1074)&#10;        at java.util.concurrent.ThreadPoolExecutor.runWorker(ThreadPoolExecutor.java:1134)&#10;        at java.util.concurrent.ThreadPoolExecutor$Worker.run(ThreadPoolExecutor.java:624)&#10;        at java.lang.Thread.run(Thread.java:748)&#10;&quot;org.apache.hadoop.util.JvmPauseMonitor$Monitor@779775af&quot; daemon prio=5 tid=176 timed_waiting&#10;java.lang.Thread.State: TIMED_WAITING&#10;        at java.lang.Thread.sleep(Native Method)&#10;        at org.apache.hadoop.util.JvmPauseMonitor$Monitor.run(JvmPauseMonitor.java:192)&#10;        at java.lang.Thread.run(Thread.java:748)&#10;&quot;metrics-hadoop-metrics2-reporter-45-thread-1&quot; daemon prio=5 tid=807 timed_waiting&#10;java.lang.Thread.State: TIMED_WAITING&#10;        at sun.misc.Unsafe.park(Native Method)&#10;        at java.util.concurrent.locks.LockSupport.parkNanos(LockSupport.java:215)&#10;        at java.util.concurrent.locks.AbstractQueuedSynchronizer$ConditionObject.awaitNanos(AbstractQueuedSynchronizer.java:2078)&#10;        at java.util.concurrent.ScheduledThreadPoolExecutor$DelayedWorkQueue.take(ScheduledThreadPoolExecutor.java:1093)&#10;        at java.util.concurrent.ScheduledThreadPoolExecutor$DelayedWorkQueue.take(ScheduledThreadPoolExecutor.java:809)&#10;        at java.util.concurrent.ThreadPoolExecutor.getTask(ThreadPoolExecutor.java:1074)&#10;        at java.util.concurrent.ThreadPoolExecutor.runWorker(ThreadPoolExecutor.java:1134)&#10;        at java.util.concurrent.ThreadPoolExecutor$Worker.run(ThreadPoolExecutor.java:624)&#10;        at java.lang.Thread.run(Thread.java:748)&#10;&quot;pool-66-thread-54&quot;  prio=5 tid=589 in Object.wait()&#10;java.lang.Thread.State: WAITING (on object monitor)&#10;        at sun.misc.Unsafe.park(Native Method)&#10;        at java.util.concurrent.locks.LockSupport.park(LockSupport.java:175)&#10;        at java.util.concurrent.locks.AbstractQueuedSynchronizer$ConditionObject.await(AbstractQueuedSynchronizer.java:2039)&#10;        at java.util.concurrent.ArrayBlockingQueue.take(ArrayBlockingQueue.java:403)&#10;        at java.util.concurrent.ThreadPoolExecutor.getTask(ThreadPoolExecutor.java:1074)&#10;        at java.util.concurrent.ThreadPoolExecutor.runWorker(ThreadPoolExecutor.java:1134)&#10;        at java.util.concurrent.ThreadPoolExecutor$Worker.run(ThreadPoolExecutor.java:624)&#10;        at java.lang.Thread.run(Thread.java:748)&#10;&quot;pool-56-thread-59&quot;  prio=5 tid=532 in Object.wait()&#10;java.lang.Thread.State: WAITING (on object monitor)&#10;        at sun.misc.Unsafe.park(Native Method)&#10;        at java.util.concurrent.locks.LockSupport.park(LockSupport.java:175)&#10;        at java.util.concurrent.locks.AbstractQueuedSynchronizer$ConditionObject.await(AbstractQueuedSynchronizer.java:2039)&#10;        at java.util.concurrent.ArrayBlockingQueue.take(ArrayBlockingQueue.java:403)&#10;        at java.util.concurrent.ThreadPoolExecutor.getTask(ThreadPoolExecutor.java:1074)&#10;        at java.util.concurrent.ThreadPoolExecutor.runWorker(ThreadPoolExecutor.java:1134)&#10;        at java.util.concurrent.ThreadPoolExecutor$Worker.run(ThreadPoolExecutor.java:624)&#10;        at java.lang.Thread.run(Thread.java:748)&#10;&quot;pool-46-thread-27&quot;  prio=5 tid=433 in Object.wait()&#10;java.lang.Thread.State: WAITING (on object monitor)&#10;        at sun.misc.Unsafe.park(Native Method)&#10;        at java.util.concurrent.locks.LockSupport.park(LockSupport.java:175)&#10;        at java.util.concurrent.locks.AbstractQueuedSynchronizer$ConditionObject.await(AbstractQueuedSynchronizer.java:2039)&#10;        at java.util.concurrent.ArrayBlockingQueue.take(ArrayBlockingQueue.java:403)&#10;        at java.util.concurrent.ThreadPoolExecutor.getTask(ThreadPoolExecutor.java:1074)&#10;        at java.util.concurrent.ThreadPoolExecutor.runWorker(ThreadPoolExecutor.java:1134)&#10;        at java.util.concurrent.ThreadPoolExecutor$Worker.run(ThreadPoolExecutor.java:624)&#10;        at java.lang.Thread.run(Thread.java:748)&#10;&quot;pool-26-thread-58&quot;  prio=5 tid=344 in Object.wait()&#10;java.lang.Thread.State: WAITING (on object monitor)&#10;        at sun.misc.Unsafe.park(Native Method)&#10;        at java.util.concurrent.locks.LockSupport.park(LockSupport.java:175)&#10;        at java.util.concurrent.locks.AbstractQueuedSynchronizer$ConditionObject.await(AbstractQueuedSynchronizer.java:2039)&#10;        at java.util.concurrent.ArrayBlockingQueue.take(ArrayBlockingQueue.java:403)&#10;        at java.util.concurrent.ThreadPoolExecutor.getTask(ThreadPoolExecutor.java:1074)&#10;        at java.util.concurrent.ThreadPoolExecutor.runWorker(ThreadPoolExecutor.java:1134)&#10;        at java.util.concurrent.ThreadPoolExecutor$Worker.run(ThreadPoolExecutor.java:624)&#10;        at java.lang.Thread.run(Thread.java:748)&#10;&quot;qtp1003663195-245&quot; daemon prio=5 tid=245 timed_waiting&#10;java.lang.Thread.State: TIMED_WAITING&#10;        at sun.misc.Unsafe.park(Native Method)&#10;        at java.util.concurrent.locks.LockSupport.parkNanos(LockSupport.java:215)&#10;        at java.util.concurrent.locks.AbstractQueuedSynchronizer$ConditionObject.awaitNanos(AbstractQueuedSynchronizer.java:2078)&#10;        at org.eclipse.jetty.util.BlockingArrayQueue.poll(BlockingArrayQueue.java:392)&#10;        at org.eclipse.jetty.util.thread.QueuedThreadPool.idleJobPoll(QueuedThreadPool.java:563)&#10;        at org.eclipse.jetty.util.thread.QueuedThreadPool.access$800(QueuedThreadPool.java:48)&#10;        at org.eclipse.jetty.util.thread.QueuedThreadPool$2.run(QueuedThreadPool.java:626)&#10;        at java.lang.Thread.run(Thread.java:748)&#10;&quot;qtp1003663195-244&quot; daemon prio=5 tid=244 timed_waiting&#10;java.lang.Thread.State: TIMED_WAITING&#10;        at sun.misc.Unsafe.park(Native Method)&#10;        at java.util.concurrent.locks.LockSupport.parkNanos(LockSupport.java:215)&#10;        at java.util.concurrent.locks.AbstractQueuedSynchronizer$ConditionObject.awaitNanos(AbstractQueuedSynchronizer.java:2078)&#10;        at org.eclipse.jetty.util.BlockingArrayQueue.poll(BlockingArrayQueue.java:392)&#10;        at org.eclipse.jetty.util.thread.QueuedThreadPool.idleJobPoll(QueuedThreadPool.java:563)&#10;        at org.eclipse.jetty.util.thread.QueuedThreadPool.access$800(QueuedThreadPool.java:48)&#10;        at org.eclipse.jetty.util.thread.QueuedThreadPool$2.run(QueuedThreadPool.java:626)&#10;        at java.lang.Thread.run(Thread.java:748)&#10;&quot;pool-56-thread-17&quot;  prio=5 tid=490 in Object.wait()&#10;java.lang.Thread.State: WAITING (on object monitor)&#10;        at sun.misc.Unsafe.park(Native Method)&#10;        at java.util.concurrent.locks.LockSupport.park(LockSupport.java:175)&#10;        at java.util.concurrent.locks.AbstractQueuedSynchronizer$ConditionObject.await(AbstractQueuedSynchronizer.java:2039)&#10;        at java.util.concurrent.ArrayBlockingQueue.take(ArrayBlockingQueue.java:403)&#10;        at java.util.concurrent.ThreadPoolExecutor.getTask(ThreadPoolExecutor.java:1074)&#10;        at java.util.concurrent.ThreadPoolExecutor.runWorker(ThreadPoolExecutor.java:1134)&#10;        at java.util.concurrent.ThreadPoolExecutor$Worker.run(ThreadPoolExecutor.java:624)&#10;        at java.lang.Thread.run(Thread.java:748)&#10;&quot;pool-66-thread-59&quot;  prio=5 tid=594 in Object.wait()&#10;java.lang.Thread.State: WAITING (on object monitor)&#10;        at sun.misc.Unsafe.park(Native Method)&#10;        at java.util.concurrent.locks.LockSupport.park(LockSupport.java:175)&#10;        at java.util.concurrent.locks.AbstractQueuedSynchronizer$ConditionObject.await(AbstractQueuedSynchronizer.java:2039)&#10;        at java.util.concurrent.ArrayBlockingQueue.take(ArrayBlockingQueue.java:403)&#10;        at java.util.concurrent.ThreadPoolExecutor.getTask(ThreadPoolExecutor.java:1074)&#10;        at java.util.concurrent.ThreadPoolExecutor.runWorker(ThreadPoolExecutor.java:1134)&#10;        at java.util.concurrent.ThreadPoolExecutor$Worker.run(ThreadPoolExecutor.java:624)&#10;        at java.lang.Thread.run(Thread.java:748)&#10;&quot;pool-26-thread-59&quot;  prio=5 tid=345 in Object.wait()&#10;java.lang.Thread.State: WAITING (on object monitor)&#10;        at sun.misc.Unsafe.park(Native Method)&#10;        at java.util.concurrent.locks.LockSupport.park(LockSupport.java:175)&#10;        at java.util.concurrent.locks.AbstractQueuedSynchronizer$ConditionObject.await(AbstractQueuedSynchronizer.java:2039)&#10;        at java.util.concurrent.ArrayBlockingQueue.take(ArrayBlockingQueue.java:403)&#10;        at java.util.concurrent.ThreadPoolExecutor.getTask(ThreadPoolExecutor.java:1074)&#10;        at java.util.concurrent.ThreadPoolExecutor.runWorker(ThreadPoolExecutor.java:1134)&#10;        at java.util.concurrent.ThreadPoolExecutor$Worker.run(ThreadPoolExecutor.java:624)&#10;        at java.lang.Thread.run(Thread.java:748)&#10;&quot;pool-66-thread-15&quot;  prio=5 tid=550 in Object.wait()&#10;java.lang.Thread.State: WAITING (on object monitor)&#10;        at sun.misc.Unsafe.park(Native Method)&#10;        at java.util.concurrent.locks.LockSupport.park(LockSupport.java:175)&#10;        at java.util.concurrent.locks.AbstractQueuedSynchronizer$ConditionObject.await(AbstractQueuedSynchronizer.java:2039)&#10;        at java.util.concurrent.ArrayBlockingQueue.take(ArrayBlockingQueue.java:403)&#10;        at java.util.concurrent.ThreadPoolExecutor.getTask(ThreadPoolExecutor.java:1074)&#10;        at java.util.concurrent.ThreadPoolExecutor.runWorker(ThreadPoolExecutor.java:1134)&#10;        at java.util.concurrent.ThreadPoolExecutor$Worker.run(ThreadPoolExecutor.java:624)&#10;        at java.lang.Thread.run(Thread.java:748)&#10;&quot;pool-36-thread-32&quot;  prio=5 tid=378 in Object.wait()&#10;java.lang.Thread.State: WAITING (on object monitor)&#10;        at sun.misc.Unsafe.park(Native Method)&#10;        at java.util.concurrent.locks.LockSupport.park(LockSupport.java:175)&#10;        at java.util.concurrent.locks.AbstractQueuedSynchronizer$ConditionObject.await(AbstractQueuedSynchronizer.java:2039)&#10;        at java.util.concurrent.ArrayBlockingQueue.take(ArrayBlockingQueue.java:403)&#10;        at java.util.concurrent.ThreadPoolExecutor.getTask(ThreadPoolExecutor.java:1074)&#10;        at java.util.concurrent.ThreadPoolExecutor.runWorker(ThreadPoolExecutor.java:1134)&#10;        at java.util.concurrent.ThreadPoolExecutor$Worker.run(ThreadPoolExecutor.java:624)&#10;        at java.lang.Thread.run(Thread.java:748)&#10;&quot;pool-56-thread-28&quot;  prio=5 tid=501 in Object.wait()&#10;java.lang.Thread.State: WAITING (on object monitor)&#10;        at sun.misc.Unsafe.park(Native Method)&#10;        at java.util.concurrent.locks.LockSupport.park(LockSupport.java:175)&#10;        at java.util.concurrent.locks.AbstractQueuedSynchronizer$ConditionObject.await(AbstractQueuedSynchronizer.java:2039)&#10;        at java.util.concurrent.ArrayBlockingQueue.take(ArrayBlockingQueue.java:403)&#10;        at java.util.concurrent.ThreadPoolExecutor.getTask(ThreadPoolExecutor.java:1074)&#10;        at java.util.concurrent.ThreadPoolExecutor.runWorker(ThreadPoolExecutor.java:1134)&#10;        at java.util.concurrent.ThreadPoolExecutor$Worker.run(ThreadPoolExecutor.java:624)&#10;        at java.lang.Thread.run(Thread.java:748)&#10;&quot;pool-66-thread-30&quot;  prio=5 tid=565 in Object.wait()&#10;java.lang.Thread.State: WAITING (on object monitor)&#10;        at sun.misc.Unsafe.park(Native Method)&#10;        at java.util.concurrent.locks.LockSupport.park(LockSupport.java:175)&#10;        at java.util.concurrent.locks.AbstractQueuedSynchronizer$ConditionObject.await(AbstractQueuedSynchronizer.java:2039)&#10;        at java.util.concurrent.ArrayBlockingQueue.take(ArrayBlockingQueue.java:403)&#10;        at java.util.concurrent.ThreadPoolExecutor.getTask(ThreadPoolExecutor.java:1074)&#10;        at java.util.concurrent.ThreadPoolExecutor.runWorker(ThreadPoolExecutor.java:1134)&#10;        at java.util.concurrent.ThreadPoolExecutor$Worker.run(ThreadPoolExecutor.java:624)&#10;        at java.lang.Thread.run(Thread.java:748)&#10;&quot;pool-56-thread-33&quot;  prio=5 tid=506 in Object.wait()&#10;java.lang.Thread.State: WAITING (on object monitor)&#10;        at sun.misc.Unsafe.park(Native Method)&#10;        at java.util.concurrent.locks.LockSupport.park(LockSupport.java:175)&#10;        at java.util.concurrent.locks.AbstractQueuedSynchronizer$ConditionObject.await(AbstractQueuedSynchronizer.java:2039)&#10;        at java.util.concurrent.ArrayBlockingQueue.take(ArrayBlockingQueue.java:403)&#10;        at java.util.concurrent.ThreadPoolExecutor.getTask(ThreadPoolExecutor.java:1074)&#10;        at java.util.concurrent.ThreadPoolExecutor.runWorker(ThreadPoolExecutor.java:1134)&#10;        at java.util.concurrent.ThreadPoolExecutor$Worker.run(ThreadPoolExecutor.java:624)&#10;        at java.lang.Thread.run(Thread.java:748)&#10;&quot;qtp1043358826-92&quot; daemon prio=5 tid=92 timed_waiting&#10;java.lang.Thread.State: TIMED_WAITING&#10;        at sun.misc.Unsafe.park(Native Method)&#10;        at java.util.concurrent.locks.LockSupport.parkNanos(LockSupport.java:215)&#10;        at java.util.concurrent.locks.AbstractQueuedSynchronizer$ConditionObject.awaitNanos(AbstractQueuedSynchronizer.java:2078)&#10;        at org.eclipse.jetty.util.BlockingArrayQueue.poll(BlockingArrayQueue.java:392)&#10;        at org.eclipse.jetty.util.thread.QueuedThreadPool.idleJobPoll(QueuedThreadPool.java:563)&#10;        at org.eclipse.jetty.util.thread.QueuedThreadPool.access$800(QueuedThreadPool.java:48)&#10;        at org.eclipse.jetty.util.thread.QueuedThreadPool$2.run(QueuedThreadPool.java:626)&#10;        at java.lang.Thread.run(Thread.java:748)&#10;&quot;org.apache.hadoop.util.JvmPauseMonitor$Monitor@630e2bf4&quot; daemon prio=5 tid=230 timed_waiting&#10;java.lang.Thread.State: TIMED_WAITING&#10;        at java.lang.Thread.sleep(Native Method)&#10;        at org.apache.hadoop.util.JvmPauseMonitor$Monitor.run(JvmPauseMonitor.java:192)&#10;        at java.lang.Thread.run(Thread.java:748)&#10;&quot;grpc-default-executor-0&quot; daemon prio=5 tid=608 timed_waiting&#10;java.lang.Thread.State: TIMED_WAITING&#10;        at sun.misc.Unsafe.park(Native Method)&#10;        at java.util.concurrent.locks.LockSupport.parkNanos(LockSupport.java:215)&#10;        at java.util.concurrent.SynchronousQueue$TransferStack.awaitFulfill(SynchronousQueue.java:460)&#10;        at java.util.concurrent.SynchronousQueue$TransferStack.transfer(SynchronousQueue.java:362)&#10;        at java.util.concurrent.SynchronousQueue.poll(SynchronousQueue.java:941)&#10;        at java.util.concurrent.ThreadPoolExecutor.getTask(ThreadPoolExecutor.java:1073)&#10;        at java.util.concurrent.ThreadPoolExecutor.runWorker(ThreadPoolExecutor.java:1134)&#10;        at java.util.concurrent.ThreadPoolExecutor$Worker.run(ThreadPoolExecutor.java:624)&#10;        at java.lang.Thread.run(Thread.java:748)&#10;&quot;pool-36-thread-33&quot;  prio=5 tid=379 in Object.wait()&#10;java.lang.Thread.State: WAITING (on object monitor)&#10;        at sun.misc.Unsafe.park(Native Method)&#10;        at java.util.concurrent.locks.LockSupport.park(LockSupport.java:175)&#10;        at java.util.concurrent.locks.AbstractQueuedSynchronizer$ConditionObject.await(AbstractQueuedSynchronizer.java:2039)&#10;        at java.util.concurrent.ArrayBlockingQueue.take(ArrayBlockingQueue.java:403)&#10;        at java.util.concurrent.ThreadPoolExecutor.getTask(ThreadPoolExecutor.java:1074)&#10;        at java.util.concurrent.ThreadPoolExecutor.runWorker(ThreadPoolExecutor.java:1134)&#10;        at java.util.concurrent.ThreadPoolExecutor$Worker.run(ThreadPoolExecutor.java:624)&#10;        at java.lang.Thread.run(Thread.java:748)&#10;&quot;metrics-hadoop-metrics2-reporter-8-thread-1&quot; daemon prio=5 tid=630 timed_waiting&#10;java.lang.Thread.State: TIMED_WAITING&#10;        at sun.misc.Unsafe.park(Native Method)&#10;        at java.util.concurrent.locks.LockSupport.parkNanos(LockSupport.java:215)&#10;        at java.util.concurrent.locks.AbstractQueuedSynchronizer$ConditionObject.awaitNanos(AbstractQueuedSynchronizer.java:2078)&#10;        at java.util.concurrent.ScheduledThreadPoolExecutor$DelayedWorkQueue.take(ScheduledThreadPoolExecutor.java:1093)&#10;        at java.util.concurrent.ScheduledThreadPoolExecutor$DelayedWorkQueue.take(ScheduledThreadPoolExecutor.java:809)&#10;        at java.util.concurrent.ThreadPoolExecutor.getTask(ThreadPoolExecutor.java:1074)&#10;        at java.util.concurrent.ThreadPoolExecutor.runWorker(ThreadPoolExecutor.java:1134)&#10;        at java.util.concurrent.ThreadPoolExecutor$Worker.run(ThreadPoolExecutor.java:624)&#10;        at java.lang.Thread.run(Thread.java:748)&#10;&quot;BlockDeletingService#1&quot; daemon prio=5 tid=473 in Object.wait()&#10;java.lang.Thread.State: WAITING (on object monitor)&#10;        at sun.misc.Unsafe.park(Native Method)&#10;        at java.util.concurrent.locks.LockSupport.park(LockSupport.java:175)&#10;        at java.util.concurrent.locks.AbstractQueuedSynchronizer$ConditionObject.await(AbstractQueuedSynchronizer.java:2039)&#10;        at java.util.concurrent.ScheduledThreadPoolExecutor$DelayedWorkQueue.take(ScheduledThreadPoolExecutor.java:1088)&#10;        at java.util.concurrent.ScheduledThreadPoolExecutor$DelayedWorkQueue.take(ScheduledThreadPoolExecutor.java:809)&#10;        at java.util.concurrent.ThreadPoolExecutor.getTask(ThreadPoolExecutor.java:1074)&#10;        at java.util.concurrent.ThreadPoolExecutor.runWorker(ThreadPoolExecutor.java:1134)&#10;        at java.util.concurrent.ThreadPoolExecutor$Worker.run(ThreadPoolExecutor.java:624)&#10;        at java.lang.Thread.run(Thread.java:748)&#10;&quot;qtp1919592808-186&quot; daemon prio=5 tid=186 runnable&#10;java.lang.Thread.State: RUNNABLE&#10;        at sun.nio.ch.EPollArrayWrapper.epollWait(Native Method)&#10;        at sun.nio.ch.EPollArrayWrapper.poll(EPollArrayWrapper.java:269)&#10;        at sun.nio.ch.EPollSelectorImpl.doSelect(EPollSelectorImpl.java:93)&#10;        at sun.nio.ch.SelectorImpl.lockAndDoSelect(SelectorImpl.java:86)&#10;        at sun.nio.ch.SelectorImpl.select(SelectorImpl.java:97)&#10;        at sun.nio.ch.SelectorImpl.select(SelectorImpl.java:101)&#10;        at org.eclipse.jetty.io.ManagedSelector$SelectorProducer.select(ManagedSelector.java:243)&#10;        at org.eclipse.jetty.io.ManagedSelector$SelectorProducer.produce(ManagedSelector.java:191)&#10;        at org.eclipse.jetty.util.thread.strategy.ExecuteProduceConsume.executeProduceConsume(ExecuteProduceConsume.java:249)&#10;        at org.eclipse.jetty.util.thread.strategy.ExecuteProduceConsume.produceConsume(ExecuteProduceConsume.java:148)&#10;        at org.eclipse.jetty.util.thread.strategy.ExecuteProduceConsume.execute(ExecuteProduceConsume.java:100)&#10;        at org.eclipse.jetty.io.ManagedSelector.run(ManagedSelector.java:147)&#10;        at org.eclipse.jetty.util.thread.QueuedThreadPool.runJob(QueuedThreadPool.java:671)&#10;        at org.eclipse.jetty.util.thread.QueuedThreadPool$2.run(QueuedThreadPool.java:589)&#10;        at java.lang.Thread.run(Thread.java:748)&#10;&quot;pool-54-thread-1&quot; daemon prio=5 tid=237 timed_waiting&#10;java.lang.Thread.State: TIMED_WAITING&#10;        at sun.misc.Unsafe.park(Native Method)&#10;        at java.util.concurrent.locks.LockSupport.parkNanos(LockSupport.java:215)&#10;        at java.util.concurrent.locks.AbstractQueuedSynchronizer$ConditionObject.awaitNanos(AbstractQueuedSynchronizer.java:2078)&#10;        at java.util.concurrent.ScheduledThreadPoolExecutor$DelayedWorkQueue.take(ScheduledThreadPoolExecutor.java:1093)&#10;        at java.util.concurrent.ScheduledThreadPoolExecutor$DelayedWorkQueue.take(ScheduledThreadPoolExecutor.java:809)&#10;        at java.util.concurrent.ThreadPoolExecutor.getTask(ThreadPoolExecutor.java:1074)&#10;        at java.util.concurrent.ThreadPoolExecutor.runWorker(ThreadPoolExecutor.java:1134)&#10;        at java.util.concurrent.ThreadPoolExecutor$Worker.run(ThreadPoolExecutor.java:624)&#10;        at java.lang.Thread.run(Thread.java:748)&#10;&quot;IPC Server handler 1 on 33004&quot; daemon prio=5 tid=70 timed_waiting&#10;java.lang.Thread.State: TIMED_WAITING&#10;        at sun.misc.Unsafe.park(Native Method)&#10;        at java.util.concurrent.locks.LockSupport.parkNanos(LockSupport.java:215)&#10;        at java.util.concurrent.locks.AbstractQueuedSynchronizer$ConditionObject.awaitNanos(AbstractQueuedSynchronizer.java:2078)&#10;        at java.util.concurrent.LinkedBlockingQueue.poll(LinkedBlockingQueue.java:467)&#10;        at org.apache.hadoop.ipc.CallQueueManager.take(CallQueueManager.java:288)&#10;        at org.apache.hadoop.ipc.Server$Handler.run(Server.java:2668)&#10;&quot;pool-26-thread-24&quot;  prio=5 tid=310 in Object.wait()&#10;java.lang.Thread.State: WAITING (on object monitor)&#10;        at sun.misc.Unsafe.park(Native Method)&#10;        at java.util.concurrent.locks.LockSupport.park(LockSupport.java:175)&#10;        at java.util.concurrent.locks.AbstractQueuedSynchronizer$ConditionObject.await(AbstractQueuedSynchronizer.java:2039)&#10;        at java.util.concurrent.ArrayBlockingQueue.take(ArrayBlockingQueue.java:403)&#10;        at java.util.concurrent.ThreadPoolExecutor.getTask(ThreadPoolExecutor.java:1074)&#10;        at java.util.concurrent.ThreadPoolExecutor.runWorker(ThreadPoolExecutor.java:1134)&#10;        at java.util.concurrent.ThreadPoolExecutor$Worker.run(ThreadPoolExecutor.java:624)&#10;        at java.lang.Thread.run(Thread.java:748)&#10;&quot;Thread-233&quot; daemon prio=5 tid=675 timed_waiting&#10;java.lang.Thread.State: TIMED_WAITING&#10;        at sun.misc.Unsafe.park(Native Method)&#10;        at java.util.concurrent.locks.LockSupport.parkNanos(LockSupport.java:215)&#10;        at java.util.concurrent.locks.AbstractQueuedSynchronizer$ConditionObject.awaitNanos(AbstractQueuedSynchronizer.java:2078)&#10;        at java.util.concurrent.ArrayBlockingQueue.poll(ArrayBlockingQueue.java:418)&#10;        at org.apache.ratis.server.impl.LeaderState$EventQueue.poll(LeaderState.java:115)&#10;        at org.apache.ratis.server.impl.LeaderState$EventProcessor.run(LeaderState.java:467)&#10;&quot;metrics-hadoop-metrics2-reporter-7-thread-1&quot; daemon prio=5 tid=629 timed_waiting&#10;java.lang.Thread.State: TIMED_WAITING&#10;        at sun.misc.Unsafe.park(Native Method)&#10;        at java.util.concurrent.locks.LockSupport.parkNanos(LockSupport.java:215)&#10;        at java.util.concurrent.locks.AbstractQueuedSynchronizer$ConditionObject.awaitNanos(AbstractQueuedSynchronizer.java:2078)&#10;        at java.util.concurrent.ScheduledThreadPoolExecutor$DelayedWorkQueue.take(ScheduledThreadPoolExecutor.java:1093)&#10;        at java.util.concurrent.ScheduledThreadPoolExecutor$DelayedWorkQueue.take(ScheduledThreadPoolExecutor.java:809)&#10;        at java.util.concurrent.ThreadPoolExecutor.getTask(ThreadPoolExecutor.java:1074)&#10;        at java.util.concurrent.ThreadPoolExecutor.runWorker(ThreadPoolExecutor.java:1134)&#10;        at java.util.concurrent.ThreadPoolExecutor$Worker.run(ThreadPoolExecutor.java:624)&#10;        at java.lang.Thread.run(Thread.java:748)&#10;&quot;pool-26-thread-28&quot;  prio=5 tid=314 in Object.wait()&#10;java.lang.Thread.State: WAITING (on object monitor)&#10;        at sun.misc.Unsafe.park(Native Method)&#10;        at java.util.concurrent.locks.LockSupport.park(LockSupport.java:175)&#10;        at java.util.concurrent.locks.AbstractQueuedSynchronizer$ConditionObject.await(AbstractQueuedSynchronizer.java:2039)&#10;        at java.util.concurrent.ArrayBlockingQueue.take(ArrayBlockingQueue.java:403)&#10;        at java.util.concurrent.ThreadPoolExecutor.getTask(ThreadPoolExecutor.java:1074)&#10;        at java.util.concurrent.ThreadPoolExecutor.runWorker(ThreadPoolExecutor.java:1134)&#10;        at java.util.concurrent.ThreadPoolExecutor$Worker.run(ThreadPoolExecutor.java:624)&#10;        at java.lang.Thread.run(Thread.java:748)&#10;&quot;pool-26-thread-17&quot;  prio=5 tid=303 in Object.wait()&#10;java.lang.Thread.State: WAITING (on object monitor)&#10;        at sun.misc.Unsafe.park(Native Method)&#10;        at java.util.concurrent.locks.LockSupport.park(LockSupport.java:175)&#10;        at java.util.concurrent.locks.AbstractQueuedSynchronizer$ConditionObject.await(AbstractQueuedSynchronizer.java:2039)&#10;        at java.util.concurrent.ArrayBlockingQueue.take(ArrayBlockingQueue.java:403)&#10;        at java.util.concurrent.ThreadPoolExecutor.getTask(ThreadPoolExecutor.java:1074)&#10;        at java.util.concurrent.ThreadPoolExecutor.runWorker(ThreadPoolExecutor.java:1134)&#10;        at java.util.concurrent.ThreadPoolExecutor$Worker.run(ThreadPoolExecutor.java:624)&#10;        at java.lang.Thread.run(Thread.java:748)&#10;&quot;pool-26-thread-9&quot;  prio=5 tid=295 in Object.wait()&#10;java.lang.Thread.State: WAITING (on object monitor)&#10;        at sun.misc.Unsafe.park(Native Method)&#10;        at java.util.concurrent.locks.LockSupport.park(LockSupport.java:175)&#10;        at java.util.concurrent.locks.AbstractQueuedSynchronizer$ConditionObject.await(AbstractQueuedSynchronizer.java:2039)&#10;        at java.util.concurrent.ArrayBlockingQueue.take(ArrayBlockingQueue.java:403)&#10;        at java.util.concurrent.ThreadPoolExecutor.getTask(ThreadPoolExecutor.java:1074)&#10;        at java.util.concurrent.ThreadPoolExecutor.runWorker(ThreadPoolExecutor.java:1134)&#10;        at java.util.concurrent.ThreadPoolExecutor$Worker.run(ThreadPoolExecutor.java:624)&#10;        at java.lang.Thread.run(Thread.java:748)&#10;&quot;pool-56-thread-31&quot;  prio=5 tid=504 in Object.wait()&#10;java.lang.Thread.State: WAITING (on object monitor)&#10;        at sun.misc.Unsafe.park(Native Method)&#10;        at java.util.concurrent.locks.LockSupport.park(LockSupport.java:175)&#10;        at java.util.concurrent.locks.AbstractQueuedSynchronizer$ConditionObject.await(AbstractQueuedSynchronizer.java:2039)&#10;        at java.util.concurrent.ArrayBlockingQueue.take(ArrayBlockingQueue.java:403)&#10;        at java.util.concurrent.ThreadPoolExecutor.getTask(ThreadPoolExecutor.java:1074)&#10;        at java.util.concurrent.ThreadPoolExecutor.runWorker(ThreadPoolExecutor.java:1134)&#10;        at java.util.concurrent.ThreadPoolExecutor$Worker.run(ThreadPoolExecutor.java:624)&#10;        at java.lang.Thread.run(Thread.java:748)&#10;&quot;IPC Server handler 5 on 46821&quot; daemon prio=5 tid=54 timed_waiting&#10;java.lang.Thread.State: TIMED_WAITING&#10;        at sun.misc.Unsafe.park(Native Method)&#10;        at java.util.concurrent.locks.LockSupport.parkNanos(LockSupport.java:215)&#10;        at java.util.concurrent.locks.AbstractQueuedSynchronizer$ConditionObject.awaitNanos(AbstractQueuedSynchronizer.java:2078)&#10;        at java.util.concurrent.LinkedBlockingQueue.poll(LinkedBlockingQueue.java:467)&#10;        at org.apache.hadoop.ipc.CallQueueManager.take(CallQueueManager.java:288)&#10;        at org.apache.hadoop.ipc.Server$Handler.run(Server.java:2668)&#10;&quot;EventQueue-ContainerReportForContainerReportHandler&quot; daemon prio=5 tid=600 in Object.wait()&#10;java.lang.Thread.State: WAITING (on object monitor)&#10;        at sun.misc.Unsafe.park(Native Method)&#10;        at java.util.concurrent.locks.LockSupport.park(LockSupport.java:175)&#10;        at java.util.concurrent.locks.AbstractQueuedSynchronizer$ConditionObject.await(AbstractQueuedSynchronizer.java:2039)&#10;        at java.util.concurrent.LinkedBlockingQueue.take(LinkedBlockingQueue.java:442)&#10;        at java.util.concurrent.ThreadPoolExecutor.getTask(ThreadPoolExecutor.java:1074)&#10;        at java.util.concurrent.ThreadPoolExecutor.runWorker(ThreadPoolExecutor.java:1134)&#10;        at java.util.concurrent.ThreadPoolExecutor$Worker.run(ThreadPoolExecutor.java:624)&#10;        at java.lang.Thread.run(Thread.java:748)&#10;&quot;pool-36-thread-55&quot;  prio=5 tid=401 in Object.wait()&#10;java.lang.Thread.State: WAITING (on object monitor)&#10;        at sun.misc.Unsafe.park(Native Method)&#10;        at java.util.concurrent.locks.LockSupport.park(LockSupport.java:175)&#10;        at java.util.concurrent.locks.AbstractQueuedSynchronizer$ConditionObject.await(AbstractQueuedSynchronizer.java:2039)&#10;        at java.util.concurrent.ArrayBlockingQueue.take(ArrayBlockingQueue.java:403)&#10;        at java.util.concurrent.ThreadPoolExecutor.getTask(ThreadPoolExecutor.java:1074)&#10;        at java.util.concurrent.ThreadPoolExecutor.runWorker(ThreadPoolExecutor.java:1134)&#10;        at java.util.concurrent.ThreadPoolExecutor$Worker.run(ThreadPoolExecutor.java:624)&#10;        at java.lang.Thread.run(Thread.java:748)&#10;&quot;pool-27-thread-1&quot;  prio=5 tid=612 in Object.wait()&#10;java.lang.Thread.State: WAITING (on object monitor)&#10;        at sun.misc.Unsafe.park(Native Method)&#10;        at java.util.concurrent.locks.LockSupport.park(LockSupport.java:175)&#10;        at java.util.concurrent.locks.AbstractQueuedSynchronizer$ConditionObject.await(AbstractQueuedSynchronizer.java:2039)&#10;        at java.util.concurrent.LinkedBlockingQueue.take(LinkedBlockingQueue.java:442)&#10;        at java.util.concurrent.ThreadPoolExecutor.getTask(ThreadPoolExecutor.java:1074)&#10;        at java.util.concurrent.ThreadPoolExecutor.runWorker(ThreadPoolExecutor.java:1134)&#10;        at java.util.concurrent.ThreadPoolExecutor$Worker.run(ThreadPoolExecutor.java:624)&#10;        at java.lang.Thread.run(Thread.java:748)&#10;&quot;org.eclipse.jetty.server.session.HashSessionManager@5a6fa56eTimer&quot; daemon prio=5 tid=196 timed_waiting&#10;java.lang.Thread.State: TIMED_WAITING&#10;        at sun.misc.Unsafe.park(Native Method)&#10;        at java.util.concurrent.locks.LockSupport.parkNanos(LockSupport.java:215)&#10;        at java.util.concurrent.locks.AbstractQueuedSynchronizer$ConditionObject.awaitNanos(AbstractQueuedSynchronizer.java:2078)&#10;        at java.util.concurrent.ScheduledThreadPoolExecutor$DelayedWorkQueue.take(ScheduledThreadPoolExecutor.java:1093)&#10;        at java.util.concurrent.ScheduledThreadPoolExecutor$DelayedWorkQueue.take(ScheduledThreadPoolExecutor.java:809)&#10;        at java.util.concurrent.ThreadPoolExecutor.getTask(ThreadPoolExecutor.java:1074)&#10;        at java.util.concurrent.ThreadPoolExecutor.runWorker(ThreadPoolExecutor.java:1134)&#10;        at java.util.concurrent.ThreadPoolExecutor$Worker.run(ThreadPoolExecutor.java:624)&#10;        at java.lang.Thread.run(Thread.java:748)&#10;&quot;qtp1845760645-268-acceptor-0@45f93ea8-ServerConnector@38b8b6c0{HTTP/1.1,[http/1.1]}{0.0.0.0:41153}&quot; daemon prio=3 tid=268 runnable&#10;java.lang.Thread.State: RUNNABLE&#10;        at sun.nio.ch.ServerSocketChannelImpl.accept0(Native Method)&#10;        at sun.nio.ch.ServerSocketChannelImpl.accept(ServerSocketChannelImpl.java:422)&#10;        at sun.nio.ch.ServerSocketChannelImpl.accept(ServerSocketChannelImpl.java:250)&#10;        at org.eclipse.jetty.server.ServerConnector.accept(ServerConnector.java:397)&#10;        at org.eclipse.jetty.server.AbstractConnector$Acceptor.run(AbstractConnector.java:601)&#10;        at org.eclipse.jetty.util.thread.QueuedThreadPool.runJob(QueuedThreadPool.java:671)&#10;        at org.eclipse.jetty.util.thread.QueuedThreadPool$2.run(QueuedThreadPool.java:589)&#10;        at java.lang.Thread.run(Thread.java:748)&#10;&quot;Datanode ReportManager Thread - 3&quot; daemon prio=5 tid=255 in Object.wait()&#10;java.lang.Thread.State: WAITING (on object monitor)&#10;        at sun.misc.Unsafe.park(Native Method)&#10;        at java.util.concurrent.locks.LockSupport.park(LockSupport.java:175)&#10;        at java.util.concurrent.locks.AbstractQueuedSynchronizer$ConditionObject.await(AbstractQueuedSynchronizer.java:2039)&#10;        at java.util.concurrent.ScheduledThreadPoolExecutor$DelayedWorkQueue.take(ScheduledThreadPoolExecutor.java:1088)&#10;        at java.util.concurrent.ScheduledThreadPoolExecutor$DelayedWorkQueue.take(ScheduledThreadPoolExecutor.java:809)&#10;        at java.util.concurrent.ThreadPoolExecutor.getTask(ThreadPoolExecutor.java:1074)&#10;        at java.util.concurrent.ThreadPoolExecutor.runWorker(ThreadPoolExecutor.java:1134)&#10;        at java.util.concurrent.ThreadPoolExecutor$Worker.run(ThreadPoolExecutor.java:624)&#10;        at java.lang.Thread.run(Thread.java:748)&#10;&quot;Datanode ReportManager Thread - 1&quot; daemon prio=5 tid=226 in Object.wait()&#10;java.lang.Thread.State: WAITING (on object monitor)&#10;        at sun.misc.Unsafe.park(Native Method)&#10;        at java.util.concurrent.locks.LockSupport.park(LockSupport.java:175)&#10;        at java.util.concurrent.locks.AbstractQueuedSynchronizer$ConditionObject.await(AbstractQueuedSynchronizer.java:2039)&#10;        at java.util.concurrent.ScheduledThreadPoolExecutor$DelayedWorkQueue.take(ScheduledThreadPoolExecutor.java:1088)&#10;        at java.util.concurrent.ScheduledThreadPoolExecutor$DelayedWorkQueue.take(ScheduledThreadPoolExecutor.java:809)&#10;        at java.util.concurrent.ThreadPoolExecutor.getTask(ThreadPoolExecutor.java:1074)&#10;        at java.util.concurrent.ThreadPoolExecutor.runWorker(ThreadPoolExecutor.java:1134)&#10;        at java.util.concurrent.ThreadPoolExecutor$Worker.run(ThreadPoolExecutor.java:624)&#10;        at java.lang.Thread.run(Thread.java:748)&#10;&quot;pool-66-thread-34&quot;  prio=5 tid=569 in Object.wait()&#10;java.lang.Thread.State: WAITING (on object monitor)&#10;        at sun.misc.Unsafe.park(Native Method)&#10;        at java.util.concurrent.locks.LockSupport.park(LockSupport.java:175)&#10;        at java.util.concurrent.locks.AbstractQueuedSynchronizer$ConditionObject.await(AbstractQueuedSynchronizer.java:2039)&#10;        at java.util.concurrent.ArrayBlockingQueue.take(ArrayBlockingQueue.java:403)&#10;        at java.util.concurrent.ThreadPoolExecutor.getTask(ThreadPoolExecutor.java:1074)&#10;        at java.util.concurrent.ThreadPoolExecutor.runWorker(ThreadPoolExecutor.java:1134)&#10;        at java.util.concurrent.ThreadPoolExecutor$Worker.run(ThreadPoolExecutor.java:624)&#10;        at java.lang.Thread.run(Thread.java:748)&#10;&quot;org.eclipse.jetty.server.session.HashSessionManager@ae2db25Timer&quot; daemon prio=5 tid=275 timed_waiting&#10;java.lang.Thread.State: TIMED_WAITING&#10;        at sun.misc.Unsafe.park(Native Method)&#10;        at java.util.concurrent.locks.LockSupport.parkNanos(LockSupport.java:215)&#10;        at java.util.concurrent.locks.AbstractQueuedSynchronizer$ConditionObject.awaitNanos(AbstractQueuedSynchronizer.java:2078)&#10;        at java.util.concurrent.ScheduledThreadPoolExecutor$DelayedWorkQueue.take(ScheduledThreadPoolExecutor.java:1093)&#10;        at java.util.concurrent.ScheduledThreadPoolExecutor$DelayedWorkQueue.take(ScheduledThreadPoolExecutor.java:809)&#10;        at java.util.concurrent.ThreadPoolExecutor.getTask(ThreadPoolExecutor.java:1074)&#10;        at java.util.concurrent.ThreadPoolExecutor.runWorker(ThreadPoolExecutor.java:1134)&#10;        at java.util.concurrent.ThreadPoolExecutor$Worker.run(ThreadPoolExecutor.java:624)&#10;        at java.lang.Thread.run(Thread.java:748)&#10;&quot;pool-56-thread-13&quot;  prio=5 tid=486 in Object.wait()&#10;java.lang.Thread.State: WAITING (on object monitor)&#10;        at sun.misc.Unsafe.park(Native Method)&#10;        at java.util.concurrent.locks.LockSupport.park(LockSupport.java:175)&#10;        at java.util.concurrent.locks.AbstractQueuedSynchronizer$ConditionObject.await(AbstractQueuedSynchronizer.java:2039)&#10;        at java.util.concurrent.ArrayBlockingQueue.take(ArrayBlockingQueue.java:403)&#10;        at java.util.concurrent.ThreadPoolExecutor.getTask(ThreadPoolExecutor.java:1074)&#10;        at java.util.concurrent.ThreadPoolExecutor.runWorker(ThreadPoolExecutor.java:1134)&#10;        at java.util.concurrent.ThreadPoolExecutor$Worker.run(ThreadPoolExecutor.java:624)&#10;        at java.lang.Thread.run(Thread.java:748)&#10;&quot;metrics-hadoop-metrics2-reporter-26-thread-1&quot; daemon prio=5 tid=682 timed_waiting&#10;java.lang.Thread.State: TIMED_WAITING&#10;        at sun.misc.Unsafe.park(Native Method)&#10;        at java.util.concurrent.locks.LockSupport.parkNanos(LockSupport.java:215)&#10;        at java.util.concurrent.locks.AbstractQueuedSynchronizer$ConditionObject.awaitNanos(AbstractQueuedSynchronizer.java:2078)&#10;        at java.util.concurrent.ScheduledThreadPoolExecutor$DelayedWorkQueue.take(ScheduledThreadPoolExecutor.java:1093)&#10;        at java.util.concurrent.ScheduledThreadPoolExecutor$DelayedWorkQueue.take(ScheduledThreadPoolExecutor.java:809)&#10;        at java.util.concurrent.ThreadPoolExecutor.getTask(ThreadPoolExecutor.java:1074)&#10;        at java.util.concurrent.ThreadPoolExecutor.runWorker(ThreadPoolExecutor.java:1134)&#10;        at java.util.concurrent.ThreadPoolExecutor$Worker.run(ThreadPoolExecutor.java:624)&#10;        at java.lang.Thread.run(Thread.java:748)&#10;&quot;pool-46-thread-15&quot;  prio=5 tid=421 in Object.wait()&#10;java.lang.Thread.State: WAITING (on object monitor)&#10;        at sun.misc.Unsafe.park(Native Method)&#10;        at java.util.concurrent.locks.LockSupport.park(LockSupport.java:175)&#10;        at java.util.concurrent.locks.AbstractQueuedSynchronizer$ConditionObject.await(AbstractQueuedSynchronizer.java:2039)&#10;        at java.util.concurrent.ArrayBlockingQueue.take(ArrayBlockingQueue.java:403)&#10;        at java.util.concurrent.ThreadPoolExecutor.getTask(ThreadPoolExecutor.java:1074)&#10;        at java.util.concurrent.ThreadPoolExecutor.runWorker(ThreadPoolExecutor.java:1134)&#10;        at java.util.concurrent.ThreadPoolExecutor$Worker.run(ThreadPoolExecutor.java:624)&#10;        at java.lang.Thread.run(Thread.java:748)&#10;&quot;pool-36-thread-8&quot;  prio=5 tid=354 in Object.wait()&#10;java.lang.Thread.State: WAITING (on object monitor)&#10;        at sun.misc.Unsafe.park(Native Method)&#10;        at java.util.concurrent.locks.LockSupport.park(LockSupport.java:175)&#10;        at java.util.concurrent.locks.AbstractQueuedSynchronizer$ConditionObject.await(AbstractQueuedSynchronizer.java:2039)&#10;        at java.util.concurrent.ArrayBlockingQueue.take(ArrayBlockingQueue.java:403)&#10;        at java.util.concurrent.ThreadPoolExecutor.getTask(ThreadPoolExecutor.java:1074)&#10;        at java.util.concurrent.ThreadPoolExecutor.runWorker(ThreadPoolExecutor.java:1134)&#10;        at java.util.concurrent.ThreadPoolExecutor$Worker.run(ThreadPoolExecutor.java:624)&#10;        at java.lang.Thread.run(Thread.java:748)&#10;&quot;qtp1919592808-188&quot; daemon prio=5 tid=188 timed_waiting&#10;java.lang.Thread.State: TIMED_WAITING&#10;        at sun.misc.Unsafe.park(Native Method)&#10;        at java.util.concurrent.locks.LockSupport.parkNanos(LockSupport.java:215)&#10;        at java.util.concurrent.locks.AbstractQueuedSynchronizer$ConditionObject.awaitNanos(AbstractQueuedSynchronizer.java:2078)&#10;        at org.eclipse.jetty.util.BlockingArrayQueue.poll(BlockingArrayQueue.java:392)&#10;        at org.eclipse.jetty.util.thread.QueuedThreadPool.idleJobPoll(QueuedThreadPool.java:563)&#10;        at org.eclipse.jetty.util.thread.QueuedThreadPool.access$800(QueuedThreadPool.java:48)&#10;        at org.eclipse.jetty.util.thread.QueuedThreadPool$2.run(QueuedThreadPool.java:626)&#10;        at java.lang.Thread.run(Thread.java:748)&#10;&quot;pool-56-thread-49&quot;  prio=5 tid=522 in Object.wait()&#10;java.lang.Thread.State: WAITING (on object monitor)&#10;        at sun.misc.Unsafe.park(Native Method)&#10;        at java.util.concurrent.locks.LockSupport.park(LockSupport.java:175)&#10;        at java.util.concurrent.locks.AbstractQueuedSynchronizer$ConditionObject.await(AbstractQueuedSynchronizer.java:2039)&#10;        at java.util.concurrent.ArrayBlockingQueue.take(ArrayBlockingQueue.java:403)&#10;        at java.util.concurrent.ThreadPoolExecutor.getTask(ThreadPoolExecutor.java:1074)&#10;        at java.util.concurrent.ThreadPoolExecutor.runWorker(ThreadPoolExecutor.java:1134)&#10;        at java.util.concurrent.ThreadPoolExecutor$Worker.run(ThreadPoolExecutor.java:624)&#10;        at java.lang.Thread.run(Thread.java:748)&#10;&quot;pool-66-thread-45&quot;  prio=5 tid=580 in Object.wait()&#10;java.lang.Thread.State: WAITING (on object monitor)&#10;        at sun.misc.Unsafe.park(Native Method)&#10;        at java.util.concurrent.locks.LockSupport.park(LockSupport.java:175)&#10;        at java.util.concurrent.locks.AbstractQueuedSynchronizer$ConditionObject.await(AbstractQueuedSynchronizer.java:2039)&#10;        at java.util.concurrent.ArrayBlockingQueue.take(ArrayBlockingQueue.java:403)&#10;        at java.util.concurrent.ThreadPoolExecutor.getTask(ThreadPoolExecutor.java:1074)&#10;        at java.util.concurrent.ThreadPoolExecutor.runWorker(ThreadPoolExecutor.java:1134)&#10;        at java.util.concurrent.ThreadPoolExecutor$Worker.run(ThreadPoolExecutor.java:624)&#10;        at java.lang.Thread.run(Thread.java:748)&#10;&quot;pool-66-thread-23&quot;  prio=5 tid=558 in Object.wait()&#10;java.lang.Thread.State: WAITING (on object monitor)&#10;        at sun.misc.Unsafe.park(Native Method)&#10;        at java.util.concurrent.locks.LockSupport.park(LockSupport.java:175)&#10;        at java.util.concurrent.locks.AbstractQueuedSynchronizer$ConditionObject.await(AbstractQueuedSynchronizer.java:2039)&#10;        at java.util.concurrent.ArrayBlockingQueue.take(ArrayBlockingQueue.java:403)&#10;        at java.util.concurrent.ThreadPoolExecutor.getTask(ThreadPoolExecutor.java:1074)&#10;        at java.util.concurrent.ThreadPoolExecutor.runWorker(ThreadPoolExecutor.java:1134)&#10;        at java.util.concurrent.ThreadPoolExecutor$Worker.run(ThreadPoolExecutor.java:624)&#10;        at java.lang.Thread.run(Thread.java:748)&#10;&quot;IPC Server handler 3 on 35444&quot; daemon prio=5 tid=117 timed_waiting&#10;java.lang.Thread.State: TIMED_WAITING&#10;        at sun.misc.Unsafe.park(Native Method)&#10;        at java.util.concurrent.locks.LockSupport.parkNanos(LockSupport.java:215)&#10;        at java.util.concurrent.locks.AbstractQueuedSynchronizer$ConditionObject.awaitNanos(AbstractQueuedSynchronizer.java:2078)&#10;        at java.util.concurrent.LinkedBlockingQueue.poll(LinkedBlockingQueue.java:467)&#10;        at org.apache.hadoop.ipc.CallQueueManager.take(CallQueueManager.java:288)&#10;        at org.apache.hadoop.ipc.Server$Handler.run(Server.java:2668)&#10;&quot;pool-66-thread-38&quot;  prio=5 tid=573 in Object.wait()&#10;java.lang.Thread.State: WAITING (on object monitor)&#10;        at sun.misc.Unsafe.park(Native Method)&#10;        at java.util.concurrent.locks.LockSupport.park(LockSupport.java:175)&#10;        at java.util.concurrent.locks.AbstractQueuedSynchronizer$ConditionObject.await(AbstractQueuedSynchronizer.java:2039)&#10;        at java.util.concurrent.ArrayBlockingQueue.take(ArrayBlockingQueue.java:403)&#10;        at java.util.concurrent.ThreadPoolExecutor.getTask(ThreadPoolExecutor.java:1074)&#10;        at java.util.concurrent.ThreadPoolExecutor.runWorker(ThreadPoolExecutor.java:1134)&#10;        at java.util.concurrent.ThreadPoolExecutor$Worker.run(ThreadPoolExecutor.java:624)&#10;        at java.lang.Thread.run(Thread.java:748)&#10;&quot;Datanode ReportManager Thread - 0&quot; daemon prio=5 tid=252 in Object.wait()&#10;java.lang.Thread.State: WAITING (on object monitor)&#10;        at sun.misc.Unsafe.park(Native Method)&#10;        at java.util.concurrent.locks.LockSupport.park(LockSupport.java:175)&#10;        at java.util.concurrent.locks.AbstractQueuedSynchronizer$ConditionObject.await(AbstractQueuedSynchronizer.java:2039)&#10;        at java.util.concurrent.ScheduledThreadPoolExecutor$DelayedWorkQueue.take(ScheduledThreadPoolExecutor.java:1088)&#10;        at java.util.concurrent.ScheduledThreadPoolExecutor$DelayedWorkQueue.take(ScheduledThreadPoolExecutor.java:809)&#10;        at java.util.concurrent.ThreadPoolExecutor.getTask(ThreadPoolExecutor.java:1074)&#10;        at java.util.concurrent.ThreadPoolExecutor.runWorker(ThreadPoolExecutor.java:1134)&#10;        at java.util.concurrent.ThreadPoolExecutor$Worker.run(ThreadPoolExecutor.java:624)&#10;        at java.lang.Thread.run(Thread.java:748)&#10;&quot;IPC Server Responder&quot; daemon prio=5 tid=25 runnable&#10;java.lang.Thread.State: RUNNABLE&#10;        at sun.nio.ch.EPollArrayWrapper.epollWait(Native Method)&#10;        at sun.nio.ch.EPollArrayWrapper.poll(EPollArrayWrapper.java:269)&#10;        at sun.nio.ch.EPollSelectorImpl.doSelect(EPollSelectorImpl.java:93)&#10;        at sun.nio.ch.SelectorImpl.lockAndDoSelect(SelectorImpl.java:86)&#10;        at sun.nio.ch.SelectorImpl.select(SelectorImpl.java:97)&#10;        at org.apache.hadoop.ipc.Server$Responder.doRunLoop(Server.java:1334)&#10;        at org.apache.hadoop.ipc.Server$Responder.run(Server.java:1317)&#10;&quot;Reference Handler&quot; daemon prio=10 tid=2 in Object.wait()&#10;java.lang.Thread.State: WAITING (on object monitor)&#10;        at java.lang.Object.wait(Native Method)&#10;        at java.lang.Object.wait(Object.java:502)&#10;        at java.lang.ref.Reference.tryHandlePending(Reference.java:191)&#10;        at java.lang.ref.Reference$ReferenceHandler.run(Reference.java:153)&#10;&quot;pool-66-thread-9&quot;  prio=5 tid=544 in Object.wait()&#10;java.lang.Thread.State: WAITING (on object monitor)&#10;        at sun.misc.Unsafe.park(Native Method)&#10;        at java.util.concurrent.locks.LockSupport.park(LockSupport.java:175)&#10;        at java.util.concurrent.locks.AbstractQueuedSynchronizer$ConditionObject.await(AbstractQueuedSynchronizer.java:2039)&#10;        at java.util.concurrent.ArrayBlockingQueue.take(ArrayBlockingQueue.java:403)&#10;        at java.util.concurrent.ThreadPoolExecutor.getTask(ThreadPoolExecutor.java:1074)&#10;        at java.util.concurrent.ThreadPoolExecutor.runWorker(ThreadPoolExecutor.java:1134)&#10;        at java.util.concurrent.ThreadPoolExecutor$Worker.run(ThreadPoolExecutor.java:624)&#10;        at java.lang.Thread.run(Thread.java:748)&#10;&quot;IPC Server handler 4 on 46821&quot; daemon prio=5 tid=53 timed_waiting&#10;java.lang.Thread.State: TIMED_WAITING&#10;        at sun.misc.Unsafe.park(Native Method)&#10;        at java.util.concurrent.locks.LockSupport.parkNanos(LockSupport.java:215)&#10;        at java.util.concurrent.locks.AbstractQueuedSynchronizer$ConditionObject.awaitNanos(AbstractQueuedSynchronizer.java:2078)&#10;        at java.util.concurrent.LinkedBlockingQueue.poll(LinkedBlockingQueue.java:467)&#10;        at org.apache.hadoop.ipc.CallQueueManager.take(CallQueueManager.java:288)&#10;        at org.apache.hadoop.ipc.Server$Handler.run(Server.java:2668)&#10;&quot;pool-26-thread-52&quot;  prio=5 tid=338 in Object.wait()&#10;java.lang.Thread.State: WAITING (on object monitor)&#10;        at sun.misc.Unsafe.park(Native Method)&#10;        at java.util.concurrent.locks.LockSupport.park(LockSupport.java:175)&#10;        at java.util.concurrent.locks.AbstractQueuedSynchronizer$ConditionObject.await(AbstractQueuedSynchronizer.java:2039)&#10;        at java.util.concurrent.ArrayBlockingQueue.take(ArrayBlockingQueue.java:403)&#10;        at java.util.concurrent.ThreadPoolExecutor.getTask(ThreadPoolExecutor.java:1074)&#10;        at java.util.concurrent.ThreadPoolExecutor.runWorker(ThreadPoolExecutor.java:1134)&#10;        at java.util.concurrent.ThreadPoolExecutor$Worker.run(ThreadPoolExecutor.java:624)&#10;        at java.lang.Thread.run(Thread.java:748)&#10;&quot;pool-46-thread-20&quot;  prio=5 tid=426 in Object.wait()&#10;java.lang.Thread.State: WAITING (on object monitor)&#10;        at sun.misc.Unsafe.park(Native Method)&#10;        at java.util.concurrent.locks.LockSupport.park(LockSupport.java:175)&#10;        at java.util.concurrent.locks.AbstractQueuedSynchronizer$ConditionObject.await(AbstractQueuedSynchronizer.java:2039)&#10;        at java.util.concurrent.ArrayBlockingQueue.take(ArrayBlockingQueue.java:403)&#10;        at java.util.concurrent.ThreadPoolExecutor.getTask(ThreadPoolExecutor.java:1074)&#10;        at java.util.concurrent.ThreadPoolExecutor.runWorker(ThreadPoolExecutor.java:1134)&#10;        at java.util.concurrent.ThreadPoolExecutor$Worker.run(ThreadPoolExecutor.java:624)&#10;        at java.lang.Thread.run(Thread.java:748)&#10;&quot;pool-56-thread-53&quot;  prio=5 tid=526 in Object.wait()&#10;java.lang.Thread.State: WAITING (on object monitor)&#10;        at sun.misc.Unsafe.park(Native Method)&#10;        at java.util.concurrent.locks.LockSupport.park(LockSupport.java:175)&#10;        at java.util.concurrent.locks.AbstractQueuedSynchronizer$ConditionObject.await(AbstractQueuedSynchronizer.java:2039)&#10;        at java.util.concurrent.ArrayBlockingQueue.take(ArrayBlockingQueue.java:403)&#10;        at java.util.concurrent.ThreadPoolExecutor.getTask(ThreadPoolExecutor.java:1074)&#10;        at java.util.concurrent.ThreadPoolExecutor.runWorker(ThreadPoolExecutor.java:1134)&#10;        at java.util.concurrent.ThreadPoolExecutor$Worker.run(ThreadPoolExecutor.java:624)&#10;        at java.lang.Thread.run(Thread.java:748)&#10;&quot;metrics-hadoop-metrics2-reporter-40-thread-1&quot; daemon prio=5 tid=787 timed_waiting&#10;java.lang.Thread.State: TIMED_WAITING&#10;        at sun.misc.Unsafe.park(Native Method)&#10;        at java.util.concurrent.locks.LockSupport.parkNanos(LockSupport.java:215)&#10;        at java.util.concurrent.locks.AbstractQueuedSynchronizer$ConditionObject.awaitNanos(AbstractQueuedSynchronizer.java:2078)&#10;        at java.util.concurrent.ScheduledThreadPoolExecutor$DelayedWorkQueue.take(ScheduledThreadPoolExecutor.java:1093)&#10;        at java.util.concurrent.ScheduledThreadPoolExecutor$DelayedWorkQueue.take(ScheduledThreadPoolExecutor.java:809)&#10;        at java.util.concurrent.ThreadPoolExecutor.getTask(ThreadPoolExecutor.java:1074)&#10;        at java.util.concurrent.ThreadPoolExecutor.runWorker(ThreadPoolExecutor.java:1134)&#10;        at java.util.concurrent.ThreadPoolExecutor$Worker.run(ThreadPoolExecutor.java:624)&#10;        at java.lang.Thread.run(Thread.java:748)&#10;&quot;IPC Server handler 17 on 40923&quot; daemon prio=5 tid=46 timed_waiting&#10;java.lang.Thread.State: TIMED_WAITING&#10;        at sun.misc.Unsafe.park(Native Method)&#10;        at java.util.concurrent.locks.LockSupport.parkNanos(LockSupport.java:215)&#10;        at java.util.concurrent.locks.AbstractQueuedSynchronizer$ConditionObject.awaitNanos(AbstractQueuedSynchronizer.java:2078)&#10;        at java.util.concurrent.LinkedBlockingQueue.poll(LinkedBlockingQueue.java:467)&#10;        at org.apache.hadoop.ipc.CallQueueManager.take(CallQueueManager.java:288)&#10;        at org.apache.hadoop.ipc.Server$Handler.run(Server.java:2668)&#10;&quot;pool-46-thread-17&quot;  prio=5 tid=423 in Object.wait()&#10;java.lang.Thread.State: WAITING (on object monitor)&#10;        at sun.misc.Unsafe.park(Native Method)&#10;        at java.util.concurrent.locks.LockSupport.park(LockSupport.java:175)&#10;        at java.util.concurrent.locks.AbstractQueuedSynchronizer$ConditionObject.await(AbstractQueuedSynchronizer.java:2039)&#10;        at java.util.concurrent.ArrayBlockingQueue.take(ArrayBlockingQueue.java:403)&#10;        at java.util.concurrent.ThreadPoolExecutor.getTask(ThreadPoolExecutor.java:1074)&#10;        at java.util.concurrent.ThreadPoolExecutor.runWorker(ThreadPoolExecutor.java:1134)&#10;        at java.util.concurrent.ThreadPoolExecutor$Worker.run(ThreadPoolExecutor.java:624)&#10;        at java.lang.Thread.run(Thread.java:748)&#10;&quot;pool-56-thread-29&quot;  prio=5 tid=502 in Object.wait()&#10;java.lang.Thread.State: WAITING (on object monitor)&#10;        at sun.misc.Unsafe.park(Native Method)&#10;        at java.util.concurrent.locks.LockSupport.park(LockSupport.java:175)&#10;        at java.util.concurrent.locks.AbstractQueuedSynchronizer$ConditionObject.await(AbstractQueuedSynchronizer.java:2039)&#10;        at java.util.concurrent.ArrayBlockingQueue.take(ArrayBlockingQueue.java:403)&#10;        at java.util.concurrent.ThreadPoolExecutor.getTask(ThreadPoolExecutor.java:1074)&#10;        at java.util.concurrent.ThreadPoolExecutor.runWorker(ThreadPoolExecutor.java:1134)&#10;        at java.util.concurrent.ThreadPoolExecutor$Worker.run(ThreadPoolExecutor.java:624)&#10;        at java.lang.Thread.run(Thread.java:748)&#10;&quot;IPC Server handler 14 on 35444&quot; daemon prio=5 tid=128 timed_waiting&#10;java.lang.Thread.State: TIMED_WAITING&#10;        at sun.misc.Unsafe.park(Native Method)&#10;        at java.util.concurrent.locks.LockSupport.parkNanos(LockSupport.java:215)&#10;        at java.util.concurrent.locks.AbstractQueuedSynchronizer$ConditionObject.awaitNanos(AbstractQueuedSynchronizer.java:2078)&#10;        at java.util.concurrent.LinkedBlockingQueue.poll(LinkedBlockingQueue.java:467)&#10;        at org.apache.hadoop.ipc.CallQueueManager.take(CallQueueManager.java:288)&#10;        at org.apache.hadoop.ipc.Server$Handler.run(Server.java:2668)&#10;&quot;pool-26-thread-30&quot;  prio=5 tid=316 in Object.wait()&#10;java.lang.Thread.State: WAITING (on object monitor)&#10;        at sun.misc.Unsafe.park(Native Method)&#10;        at java.util.concurrent.locks.LockSupport.park(LockSupport.java:175)&#10;        at java.util.concurrent.locks.AbstractQueuedSynchronizer$ConditionObject.await(AbstractQueuedSynchronizer.java:2039)&#10;        at java.util.concurrent.ArrayBlockingQueue.take(ArrayBlockingQueue.java:403)&#10;        at java.util.concurrent.ThreadPoolExecutor.getTask(ThreadPoolExecutor.java:1074)&#10;        at java.util.concurrent.ThreadPoolExecutor.runWorker(ThreadPoolExecutor.java:1134)&#10;        at java.util.concurrent.ThreadPoolExecutor$Worker.run(ThreadPoolExecutor.java:624)&#10;        at java.lang.Thread.run(Thread.java:748)&#10;&quot;metrics-hadoop-metrics2-reporter-6-thread-1&quot; daemon prio=5 tid=626 timed_waiting&#10;java.lang.Thread.State: TIMED_WAITING&#10;        at sun.misc.Unsafe.park(Native Method)&#10;        at java.util.concurrent.locks.LockSupport.parkNanos(LockSupport.java:215)&#10;        at java.util.concurrent.locks.AbstractQueuedSynchronizer$ConditionObject.awaitNanos(AbstractQueuedSynchronizer.java:2078)&#10;        at java.util.concurrent.ScheduledThreadPoolExecutor$DelayedWorkQueue.take(ScheduledThreadPoolExecutor.java:1093)&#10;        at java.util.concurrent.ScheduledThreadPoolExecutor$DelayedWorkQueue.take(ScheduledThreadPoolExecutor.java:809)&#10;        at java.util.concurrent.ThreadPoolExecutor.getTask(ThreadPoolExecutor.java:1074)&#10;        at java.util.concurrent.ThreadPoolExecutor.runWorker(ThreadPoolExecutor.java:1134)&#10;        at java.util.concurrent.ThreadPoolExecutor$Worker.run(ThreadPoolExecutor.java:624)&#10;        at java.lang.Thread.run(Thread.java:748)&#10;&quot;pool-21-thread-1&quot;  prio=5 tid=135 timed_waiting&#10;java.lang.Thread.State: TIMED_WAITING&#10;        at sun.misc.Unsafe.park(Native Method)&#10;        at java.util.concurrent.locks.LockSupport.parkNanos(LockSupport.java:215)&#10;        at java.util.concurrent.locks.AbstractQueuedSynchronizer$ConditionObject.awaitNanos(AbstractQueuedSynchronizer.java:2078)&#10;        at java.util.concurrent.ScheduledThreadPoolExecutor$DelayedWorkQueue.take(ScheduledThreadPoolExecutor.java:1093)&#10;        at java.util.concurrent.ScheduledThreadPoolExecutor$DelayedWorkQueue.take(ScheduledThreadPoolExecutor.java:809)&#10;        at java.util.concurrent.ThreadPoolExecutor.getTask(ThreadPoolExecutor.java:1074)&#10;        at java.util.concurrent.ThreadPoolExecutor.runWorker(ThreadPoolExecutor.java:1134)&#10;        at java.util.concurrent.ThreadPoolExecutor$Worker.run(ThreadPoolExecutor.java:624)&#10;        at java.lang.Thread.run(Thread.java:748)&#10;&quot;qtp1680841335-217&quot; daemon prio=5 tid=217 timed_waiting&#10;java.lang.Thread.State: TIMED_WAITING&#10;        at sun.misc.Unsafe.park(Native Method)&#10;        at java.util.concurrent.locks.LockSupport.parkNanos(LockSupport.java:215)&#10;        at java.util.concurrent.locks.AbstractQueuedSynchronizer$ConditionObject.awaitNanos(AbstractQueuedSynchronizer.java:2078)&#10;        at org.eclipse.jetty.util.BlockingArrayQueue.poll(BlockingArrayQueue.java:392)&#10;        at org.eclipse.jetty.util.thread.QueuedThreadPool.idleJobPoll(QueuedThreadPool.java:563)&#10;        at org.eclipse.jetty.util.thread.QueuedThreadPool.access$800(QueuedThreadPool.java:48)&#10;        at org.eclipse.jetty.util.thread.QueuedThreadPool$2.run(QueuedThreadPool.java:626)&#10;        at java.lang.Thread.run(Thread.java:748)&#10;&quot;pool-66-thread-26&quot;  prio=5 tid=561 in Object.wait()&#10;java.lang.Thread.State: WAITING (on object monitor)&#10;        at sun.misc.Unsafe.park(Native Method)&#10;        at java.util.concurrent.locks.LockSupport.park(LockSupport.java:175)&#10;        at java.util.concurrent.locks.AbstractQueuedSynchronizer$ConditionObject.await(AbstractQueuedSynchronizer.java:2039)&#10;        at java.util.concurrent.ArrayBlockingQueue.take(ArrayBlockingQueue.java:403)&#10;        at java.util.concurrent.ThreadPoolExecutor.getTask(ThreadPoolExecutor.java:1074)&#10;        at java.util.concurrent.ThreadPoolExecutor.runWorker(ThreadPoolExecutor.java:1134)&#10;        at java.util.concurrent.ThreadPoolExecutor$Worker.run(ThreadPoolExecutor.java:624)&#10;        at java.lang.Thread.run(Thread.java:748)&#10;&quot;pool-56-thread-1&quot;  prio=5 tid=474 in Object.wait()&#10;java.lang.Thread.State: WAITING (on object monitor)&#10;        at sun.misc.Unsafe.park(Native Method)&#10;        at java.util.concurrent.locks.LockSupport.park(LockSupport.java:175)&#10;        at java.util.concurrent.locks.AbstractQueuedSynchronizer$ConditionObject.await(AbstractQueuedSynchronizer.java:2039)&#10;        at java.util.concurrent.ArrayBlockingQueue.take(ArrayBlockingQueue.java:403)&#10;        at java.util.concurrent.ThreadPoolExecutor.getTask(ThreadPoolExecutor.java:1074)&#10;        at java.util.concurrent.ThreadPoolExecutor.runWorker(ThreadPoolExecutor.java:1134)&#10;        at java.util.concurrent.ThreadPoolExecutor$Worker.run(ThreadPoolExecutor.java:624)&#10;        at java.lang.Thread.run(Thread.java:748)&#10;&quot;IPC Server handler 8 on 33004&quot; daemon prio=5 tid=77 timed_waiting&#10;java.lang.Thread.State: TIMED_WAITING&#10;        at sun.misc.Unsafe.park(Native Method)&#10;        at java.util.concurrent.locks.LockSupport.parkNanos(LockSupport.java:215)&#10;        at java.util.concurrent.locks.AbstractQueuedSynchronizer$ConditionObject.awaitNanos(AbstractQueuedSynchronizer.java:2078)&#10;        at java.util.concurrent.LinkedBlockingQueue.poll(LinkedBlockingQueue.java:467)&#10;        at org.apache.hadoop.ipc.CallQueueManager.take(CallQueueManager.java:288)&#10;        at org.apache.hadoop.ipc.Server$Handler.run(Server.java:2668)&#10;&quot;IPC Server handler 5 on 35444&quot; daemon prio=5 tid=119 timed_waiting&#10;java.lang.Thread.State: TIMED_WAITING&#10;        at sun.misc.Unsafe.park(Native Method)&#10;        at java.util.concurrent.locks.LockSupport.parkNanos(LockSupport.java:215)&#10;        at java.util.concurrent.locks.AbstractQueuedSynchronizer$ConditionObject.awaitNanos(AbstractQueuedSynchronizer.java:2078)&#10;        at java.util.concurrent.LinkedBlockingQueue.poll(LinkedBlockingQueue.java:467)&#10;        at org.apache.hadoop.ipc.CallQueueManager.take(CallQueueManager.java:288)&#10;        at org.apache.hadoop.ipc.Server$Handler.run(Server.java:2668)&#10;&quot;grpc-default-executor-2&quot; daemon prio=5 tid=673 timed_waiting&#10;java.lang.Thread.State: TIMED_WAITING&#10;        at sun.misc.Unsafe.park(Native Method)&#10;        at java.util.concurrent.locks.LockSupport.parkNanos(LockSupport.java:215)&#10;        at java.util.concurrent.SynchronousQueue$TransferStack.awaitFulfill(SynchronousQueue.java:460)&#10;        at java.util.concurrent.SynchronousQueue$TransferStack.transfer(SynchronousQueue.java:362)&#10;        at java.util.concurrent.SynchronousQueue.poll(SynchronousQueue.java:941)&#10;        at java.util.concurrent.ThreadPoolExecutor.getTask(ThreadPoolExecutor.java:1073)&#10;        at java.util.concurrent.ThreadPoolExecutor.runWorker(ThreadPoolExecutor.java:1134)&#10;        at java.util.concurrent.ThreadPoolExecutor$Worker.run(ThreadPoolExecutor.java:624)&#10;        at java.lang.Thread.run(Thread.java:748)&#10;&quot;qtp1845760645-273&quot; daemon prio=5 tid=273 timed_waiting&#10;java.lang.Thread.State: TIMED_WAITING&#10;        at sun.misc.Unsafe.park(Native Method)&#10;        at java.util.concurrent.locks.LockSupport.parkNanos(LockSupport.java:215)&#10;        at java.util.concurrent.locks.AbstractQueuedSynchronizer$ConditionObject.awaitNanos(AbstractQueuedSynchronizer.java:2078)&#10;        at org.eclipse.jetty.util.BlockingArrayQueue.poll(BlockingArrayQueue.java:392)&#10;        at org.eclipse.jetty.util.thread.QueuedThreadPool.idleJobPoll(QueuedThreadPool.java:563)&#10;        at org.eclipse.jetty.util.thread.QueuedThreadPool.access$800(QueuedThreadPool.java:48)&#10;        at org.eclipse.jetty.util.thread.QueuedThreadPool$2.run(QueuedThreadPool.java:626)&#10;        at java.lang.Thread.run(Thread.java:748)&#10;&quot;org.eclipse.jetty.server.session.HashSessionManager@350d3f4dTimer&quot; daemon prio=5 tid=222 timed_waiting&#10;java.lang.Thread.State: TIMED_WAITING&#10;        at sun.misc.Unsafe.park(Native Method)&#10;        at java.util.concurrent.locks.LockSupport.parkNanos(LockSupport.java:215)&#10;        at java.util.concurrent.locks.AbstractQueuedSynchronizer$ConditionObject.awaitNanos(AbstractQueuedSynchronizer.java:2078)&#10;        at java.util.concurrent.ScheduledThreadPoolExecutor$DelayedWorkQueue.take(ScheduledThreadPoolExecutor.java:1093)&#10;        at java.util.concurrent.ScheduledThreadPoolExecutor$DelayedWorkQueue.take(ScheduledThreadPoolExecutor.java:809)&#10;        at java.util.concurrent.ThreadPoolExecutor.getTask(ThreadPoolExecutor.java:1074)&#10;        at java.util.concurrent.ThreadPoolExecutor.runWorker(ThreadPoolExecutor.java:1134)&#10;        at java.util.concurrent.ThreadPoolExecutor$Worker.run(ThreadPoolExecutor.java:624)&#10;        at java.lang.Thread.run(Thread.java:748)&#10;&quot;BlockDeletingService#0&quot; daemon prio=5 tid=534 timed_waiting&#10;java.lang.Thread.State: TIMED_WAITING&#10;        at sun.misc.Unsafe.park(Native Method)&#10;        at java.util.concurrent.locks.LockSupport.parkNanos(LockSupport.java:215)&#10;        at java.util.concurrent.locks.AbstractQueuedSynchronizer$ConditionObject.awaitNanos(AbstractQueuedSynchronizer.java:2078)&#10;        at java.util.concurrent.ScheduledThreadPoolExecutor$DelayedWorkQueue.take(ScheduledThreadPoolExecutor.java:1093)&#10;        at java.util.concurrent.ScheduledThreadPoolExecutor$DelayedWorkQueue.take(ScheduledThreadPoolExecutor.java:809)&#10;        at java.util.concurrent.ThreadPoolExecutor.getTask(ThreadPoolExecutor.java:1074)&#10;        at java.util.concurrent.ThreadPoolExecutor.runWorker(ThreadPoolExecutor.java:1134)&#10;        at java.util.concurrent.ThreadPoolExecutor$Worker.run(ThreadPoolExecutor.java:624)&#10;        at java.lang.Thread.run(Thread.java:748)&#10;&quot;java.util.concurrent.ThreadPoolExecutor$Worker@42e70947[State = -1, empty queue]&quot; daemon prio=5 tid=822 timed_waiting&#10;java.lang.Thread.State: TIMED_WAITING&#10;        at sun.misc.Unsafe.park(Native Method)&#10;        at java.util.concurrent.locks.LockSupport.parkNanos(LockSupport.java:215)&#10;        at java.util.concurrent.locks.AbstractQueuedSynchronizer$ConditionObject.awaitNanos(AbstractQueuedSynchronizer.java:2078)&#10;        at java.util.concurrent.ScheduledThreadPoolExecutor$DelayedWorkQueue.take(ScheduledThreadPoolExecutor.java:1093)&#10;        at java.util.concurrent.ScheduledThreadPoolExecutor$DelayedWorkQueue.take(ScheduledThreadPoolExecutor.java:809)&#10;        at java.util.concurrent.ThreadPoolExecutor.getTask(ThreadPoolExecutor.java:1074)&#10;        at java.util.concurrent.ThreadPoolExecutor.runWorker(ThreadPoolExecutor.java:1134)&#10;        at java.util.concurrent.ThreadPoolExecutor$Worker.run(ThreadPoolExecutor.java:624)&#10;        at java.lang.Thread.run(Thread.java:748)&#10;&quot;IPC Server handler 7 on 40923&quot; daemon prio=5 tid=36 timed_waiting&#10;java.lang.Thread.State: TIMED_WAITING&#10;        at sun.misc.Unsafe.park(Native Method)&#10;        at java.util.concurrent.locks.LockSupport.parkNanos(LockSupport.java:215)&#10;        at java.util.concurrent.locks.AbstractQueuedSynchronizer$ConditionObject.awaitNanos(AbstractQueuedSynchronizer.java:2078)&#10;        at java.util.concurrent.LinkedBlockingQueue.poll(LinkedBlockingQueue.java:467)&#10;        at org.apache.hadoop.ipc.CallQueueManager.take(CallQueueManager.java:288)&#10;        at org.apache.hadoop.ipc.Server$Handler.run(Server.java:2668)&#10;&quot;org.eclipse.jetty.server.session.HashSessionManager@715b886fTimer&quot; daemon prio=5 tid=221 timed_waiting&#10;java.lang.Thread.State: TIMED_WAITING&#10;        at sun.misc.Unsafe.park(Native Method)&#10;        at java.util.concurrent.locks.LockSupport.parkNanos(LockSupport.java:215)&#10;        at java.util.concurrent.locks.AbstractQueuedSynchronizer$ConditionObject.awaitNanos(AbstractQueuedSynchronizer.java:2078)&#10;        at java.util.concurrent.ScheduledThreadPoolExecutor$DelayedWorkQueue.take(ScheduledThreadPoolExecutor.java:1093)&#10;        at java.util.concurrent.ScheduledThreadPoolExecutor$DelayedWorkQueue.take(ScheduledThreadPoolExecutor.java:809)&#10;        at java.util.concurrent.ThreadPoolExecutor.getTask(ThreadPoolExecutor.java:1074)&#10;        at java.util.concurrent.ThreadPoolExecutor.runWorker(ThreadPoolExecutor.java:1134)&#10;        at java.util.concurrent.ThreadPoolExecutor$Worker.run(ThreadPoolExecutor.java:624)&#10;        at java.lang.Thread.run(Thread.java:748)&#10;&quot;pool-66-thread-29&quot;  prio=5 tid=564 in Object.wait()&#10;java.lang.Thread.State: WAITING (on object monitor)&#10;        at sun.misc.Unsafe.park(Native Method)&#10;        at java.util.concurrent.locks.LockSupport.park(LockSupport.java:175)&#10;        at java.util.concurrent.locks.AbstractQueuedSynchronizer$ConditionObject.await(AbstractQueuedSynchronizer.java:2039)&#10;        at java.util.concurrent.ArrayBlockingQueue.take(ArrayBlockingQueue.java:403)&#10;        at java.util.concurrent.ThreadPoolExecutor.getTask(ThreadPoolExecutor.java:1074)&#10;        at java.util.concurrent.ThreadPoolExecutor.runWorker(ThreadPoolExecutor.java:1134)&#10;        at java.util.concurrent.ThreadPoolExecutor$Worker.run(ThreadPoolExecutor.java:624)&#10;        at java.lang.Thread.run(Thread.java:748)&#10;&quot;org.eclipse.jetty.server.session.HashSessionManager@5dd903beTimer&quot; daemon prio=5 tid=194 timed_waiting&#10;java.lang.Thread.State: TIMED_WAITING&#10;        at sun.misc.Unsafe.park(Native Method)&#10;        at java.util.concurrent.locks.LockSupport.parkNanos(LockSupport.java:215)&#10;        at java.util.concurrent.locks.AbstractQueuedSynchronizer$ConditionObject.awaitNanos(AbstractQueuedSynchronizer.java:2078)&#10;        at java.util.concurrent.ScheduledThreadPoolExecutor$DelayedWorkQueue.take(ScheduledThreadPoolExecutor.java:1093)&#10;        at java.util.concurrent.ScheduledThreadPoolExecutor$DelayedWorkQueue.take(ScheduledThreadPoolExecutor.java:809)&#10;        at java.util.concurrent.ThreadPoolExecutor.getTask(ThreadPoolExecutor.java:1074)&#10;        at java.util.concurrent.ThreadPoolExecutor.runWorker(ThreadPoolExecutor.java:1134)&#10;        at java.util.concurrent.ThreadPoolExecutor$Worker.run(ThreadPoolExecutor.java:624)&#10;        at java.lang.Thread.run(Thread.java:748)&#10;&quot;Timer-1&quot; daemon prio=5 tid=149 timed_waiting&#10;java.lang.Thread.State: TIMED_WAITING&#10;        at java.lang.Object.wait(Native Method)&#10;        at java.util.TimerThread.mainLoop(Timer.java:552)&#10;        at java.util.TimerThread.run(Timer.java:505)&#10;&quot;pool-56-thread-39&quot;  prio=5 tid=512 in Object.wait()&#10;java.lang.Thread.State: WAITING (on object monitor)&#10;        at sun.misc.Unsafe.park(Native Method)&#10;        at java.util.concurrent.locks.LockSupport.park(LockSupport.java:175)&#10;        at java.util.concurrent.locks.AbstractQueuedSynchronizer$ConditionObject.await(AbstractQueuedSynchronizer.java:2039)&#10;        at java.util.concurrent.ArrayBlockingQueue.take(ArrayBlockingQueue.java:403)&#10;        at java.util.concurrent.ThreadPoolExecutor.getTask(ThreadPoolExecutor.java:1074)&#10;        at java.util.concurrent.ThreadPoolExecutor.runWorker(ThreadPoolExecutor.java:1134)&#10;        at java.util.concurrent.ThreadPoolExecutor$Worker.run(ThreadPoolExecutor.java:624)&#10;        at java.lang.Thread.run(Thread.java:748)&#10;&quot;Datanode State Machine Thread - 0&quot; daemon prio=5 tid=170 timed_waiting&#10;java.lang.Thread.State: TIMED_WAITING&#10;        at java.lang.Thread.sleep(Native Method)&#10;        at org.apache.hadoop.ozone.container.common.statemachine.DatanodeStateMachine.start(DatanodeStateMachine.java:191)&#10;        at org.apache.hadoop.ozone.container.common.statemachine.DatanodeStateMachine.lambda$startDaemon$0(DatanodeStateMachine.java:349)&#10;        at org.apache.hadoop.ozone.container.common.statemachine.DatanodeStateMachine$$Lambda$140/177389135.run(Unknown Source)&#10;        at java.lang.Thread.run(Thread.java:748)&#10;&quot;EventQueue-NodeRegistrationContainerReportForDataNodeSafeModeRule&quot; daemon prio=5 tid=602 in Object.wait()&#10;java.lang.Thread.State: WAITING (on object monitor)&#10;        at sun.misc.Unsafe.park(Native Method)&#10;        at java.util.concurrent.locks.LockSupport.park(LockSupport.java:175)&#10;        at java.util.concurrent.locks.AbstractQueuedSynchronizer$ConditionObject.await(AbstractQueuedSynchronizer.java:2039)&#10;        at java.util.concurrent.LinkedBlockingQueue.take(LinkedBlockingQueue.java:442)&#10;        at java.util.concurrent.ThreadPoolExecutor.getTask(ThreadPoolExecutor.java:1074)&#10;        at java.util.concurrent.ThreadPoolExecutor.runWorker(ThreadPoolExecutor.java:1134)&#10;        at java.util.concurrent.ThreadPoolExecutor$Worker.run(ThreadPoolExecutor.java:624)&#10;        at java.lang.Thread.run(Thread.java:748)&#10;&quot;metrics-hadoop-metrics2-reporter-18-thread-1&quot; daemon prio=5 tid=654 timed_waiting&#10;java.lang.Thread.State: TIMED_WAITING&#10;        at sun.misc.Unsafe.park(Native Method)&#10;        at java.util.concurrent.locks.LockSupport.parkNanos(LockSupport.java:215)&#10;        at java.util.concurrent.locks.AbstractQueuedSynchronizer$ConditionObject.awaitNanos(AbstractQueuedSynchronizer.java:2078)&#10;        at java.util.concurrent.ScheduledThreadPoolExecutor$DelayedWorkQueue.take(ScheduledThreadPoolExecutor.java:1093)&#10;        at java.util.concurrent.ScheduledThreadPoolExecutor$DelayedWorkQueue.take(ScheduledThreadPoolExecutor.java:809)&#10;        at java.util.concurrent.ThreadPoolExecutor.getTask(ThreadPoolExecutor.java:1074)&#10;        at java.util.concurrent.ThreadPoolExecutor.runWorker(ThreadPoolExecutor.java:1134)&#10;        at java.util.concurrent.ThreadPoolExecutor$Worker.run(ThreadPoolExecutor.java:624)&#10;        at java.lang.Thread.run(Thread.java:748)&#10;&quot;metrics-hadoop-metrics2-reporter-30-thread-1&quot; daemon prio=5 tid=689 timed_waiting&#10;java.lang.Thread.State: TIMED_WAITING&#10;        at sun.misc.Unsafe.park(Native Method)&#10;        at java.util.concurrent.locks.LockSupport.parkNanos(LockSupport.java:215)&#10;        at java.util.concurrent.locks.AbstractQueuedSynchronizer$ConditionObject.awaitNanos(AbstractQueuedSynchronizer.java:2078)&#10;        at java.util.concurrent.ScheduledThreadPoolExecutor$DelayedWorkQueue.take(ScheduledThreadPoolExecutor.java:1093)&#10;        at java.util.concurrent.ScheduledThreadPoolExecutor$DelayedWorkQueue.take(ScheduledThreadPoolExecutor.java:809)&#10;        at java.util.concurrent.ThreadPoolExecutor.getTask(ThreadPoolExecutor.java:1074)&#10;        at java.util.concurrent.ThreadPoolExecutor.runWorker(ThreadPoolExecutor.java:1134)&#10;        at java.util.concurrent.ThreadPoolExecutor$Worker.run(ThreadPoolExecutor.java:624)&#10;        at java.lang.Thread.run(Thread.java:748)&#10;&quot;IPC Server handler 16 on 35444&quot; daemon prio=5 tid=131 timed_waiting&#10;java.lang.Thread.State: TIMED_WAITING&#10;        at sun.misc.Unsafe.park(Native Method)&#10;        at java.util.concurrent.locks.LockSupport.parkNanos(LockSupport.java:215)&#10;        at java.util.concurrent.locks.AbstractQueuedSynchronizer$ConditionObject.awaitNanos(AbstractQueuedSynchronizer.java:2078)&#10;        at java.util.concurrent.LinkedBlockingQueue.poll(LinkedBlockingQueue.java:467)&#10;        at org.apache.hadoop.ipc.CallQueueManager.take(CallQueueManager.java:288)&#10;        at org.apache.hadoop.ipc.Server$Handler.run(Server.java:2668)&#10;&quot;Timer for &apos;StorageContainerManager&apos; metrics system&quot; daemon prio=5 tid=27 timed_waiting&#10;java.lang.Thread.State: TIMED_WAITING&#10;        at java.lang.Object.wait(Native Method)&#10;        at java.util.TimerThread.mainLoop(Timer.java:552)&#10;        at java.util.TimerThread.run(Timer.java:505)&#10;&quot;pool-66-thread-17&quot;  prio=5 tid=552 in Object.wait()&#10;java.lang.Thread.State: WAITING (on object monitor)&#10;        at sun.misc.Unsafe.park(Native Method)&#10;        at java.util.concurrent.locks.LockSupport.park(LockSupport.java:175)&#10;        at java.util.concurrent.locks.AbstractQueuedSynchronizer$ConditionObject.await(AbstractQueuedSynchronizer.java:2039)&#10;        at java.util.concurrent.ArrayBlockingQueue.take(ArrayBlockingQueue.java:403)&#10;        at java.util.concurrent.ThreadPoolExecutor.getTask(ThreadPoolExecutor.java:1074)&#10;        at java.util.concurrent.ThreadPoolExecutor.runWorker(ThreadPoolExecutor.java:1134)&#10;        at java.util.concurrent.ThreadPoolExecutor$Worker.run(ThreadPoolExecutor.java:624)&#10;        at java.lang.Thread.run(Thread.java:748)&#10;&quot;pool-56-thread-47&quot;  prio=5 tid=520 in Object.wait()&#10;java.lang.Thread.State: WAITING (on object monitor)&#10;        at sun.misc.Unsafe.park(Native Method)&#10;        at java.util.concurrent.locks.LockSupport.park(LockSupport.java:175)&#10;        at java.util.concurrent.locks.AbstractQueuedSynchronizer$ConditionObject.await(AbstractQueuedSynchronizer.java:2039)&#10;        at java.util.concurrent.ArrayBlockingQueue.take(ArrayBlockingQueue.java:403)&#10;        at java.util.concurrent.ThreadPoolExecutor.getTask(ThreadPoolExecutor.java:1074)&#10;        at java.util.concurrent.ThreadPoolExecutor.runWorker(ThreadPoolExecutor.java:1134)&#10;        at java.util.concurrent.ThreadPoolExecutor$Worker.run(ThreadPoolExecutor.java:624)&#10;        at java.lang.Thread.run(Thread.java:748)&#10;&quot;pool-26-thread-41&quot;  prio=5 tid=327 in Object.wait()&#10;java.lang.Thread.State: WAITING (on object monitor)&#10;        at sun.misc.Unsafe.park(Native Method)&#10;        at java.util.concurrent.locks.LockSupport.park(LockSupport.java:175)&#10;        at java.util.concurrent.locks.AbstractQueuedSynchronizer$ConditionObject.await(AbstractQueuedSynchronizer.java:2039)&#10;        at java.util.concurrent.ArrayBlockingQueue.take(ArrayBlockingQueue.java:403)&#10;        at java.util.concurrent.ThreadPoolExecutor.getTask(ThreadPoolExecutor.java:1074)&#10;        at java.util.concurrent.ThreadPoolExecutor.runWorker(ThreadPoolExecutor.java:1134)&#10;        at java.util.concurrent.ThreadPoolExecutor$Worker.run(ThreadPoolExecutor.java:624)&#10;        at java.lang.Thread.run(Thread.java:748)&#10;&quot;IPC Server handler 13 on 33004&quot; daemon prio=5 tid=82 timed_waiting&#10;java.lang.Thread.State: TIMED_WAITING&#10;        at sun.misc.Unsafe.park(Native Method)&#10;        at java.util.concurrent.locks.LockSupport.parkNanos(LockSupport.java:215)&#10;        at java.util.concurrent.locks.AbstractQueuedSynchronizer$ConditionObject.awaitNanos(AbstractQueuedSynchronizer.java:2078)&#10;        at java.util.concurrent.LinkedBlockingQueue.poll(LinkedBlockingQueue.java:467)&#10;        at org.apache.hadoop.ipc.CallQueueManager.take(CallQueueManager.java:288)&#10;        at org.apache.hadoop.ipc.Server$Handler.run(Server.java:2668)&#10;&quot;pool-56-thread-24&quot;  prio=5 tid=497 in Object.wait()&#10;java.lang.Thread.State: WAITING (on object monitor)&#10;        at sun.misc.Unsafe.park(Native Method)&#10;        at java.util.concurrent.locks.LockSupport.park(LockSupport.java:175)&#10;        at java.util.concurrent.locks.AbstractQueuedSynchronizer$ConditionObject.await(AbstractQueuedSynchronizer.java:2039)&#10;        at java.util.concurrent.ArrayBlockingQueue.take(ArrayBlockingQueue.java:403)&#10;        at java.util.concurrent.ThreadPoolExecutor.getTask(ThreadPoolExecutor.java:1074)&#10;        at java.util.concurrent.ThreadPoolExecutor.runWorker(ThreadPoolExecutor.java:1134)&#10;        at java.util.concurrent.ThreadPoolExecutor$Worker.run(ThreadPoolExecutor.java:624)&#10;        at java.lang.Thread.run(Thread.java:748)&#10;&quot;pool-66-thread-55&quot;  prio=5 tid=590 in Object.wait()&#10;java.lang.Thread.State: WAITING (on object monitor)&#10;        at sun.misc.Unsafe.park(Native Method)&#10;        at java.util.concurrent.locks.LockSupport.park(LockSupport.java:175)&#10;        at java.util.concurrent.locks.AbstractQueuedSynchronizer$ConditionObject.await(AbstractQueuedSynchronizer.java:2039)&#10;        at java.util.concurrent.ArrayBlockingQueue.take(ArrayBlockingQueue.java:403)&#10;        at java.util.concurrent.ThreadPoolExecutor.getTask(ThreadPoolExecutor.java:1074)&#10;        at java.util.concurrent.ThreadPoolExecutor.runWorker(ThreadPoolExecutor.java:1134)&#10;        at java.util.concurrent.ThreadPoolExecutor$Worker.run(ThreadPoolExecutor.java:624)&#10;        at java.lang.Thread.run(Thread.java:748)&#10;&quot;pool-46-thread-19&quot;  prio=5 tid=425 in Object.wait()&#10;java.lang.Thread.State: WAITING (on object monitor)&#10;        at sun.misc.Unsafe.park(Native Method)&#10;        at java.util.concurrent.locks.LockSupport.park(LockSupport.java:175)&#10;        at java.util.concurrent.locks.AbstractQueuedSynchronizer$ConditionObject.await(AbstractQueuedSynchronizer.java:2039)&#10;        at java.util.concurrent.ArrayBlockingQueue.take(ArrayBlockingQueue.java:403)&#10;        at java.util.concurrent.ThreadPoolExecutor.getTask(ThreadPoolExecutor.java:1074)&#10;        at java.util.concurrent.ThreadPoolExecutor.runWorker(ThreadPoolExecutor.java:1134)&#10;        at java.util.concurrent.ThreadPoolExecutor$Worker.run(ThreadPoolExecutor.java:624)&#10;        at java.lang.Thread.run(Thread.java:748)&#10;&quot;pool-26-thread-6&quot;  prio=5 tid=292 in Object.wait()&#10;java.lang.Thread.State: WAITING (on object monitor)&#10;        at sun.misc.Unsafe.park(Native Method)&#10;        at java.util.concurrent.locks.LockSupport.park(LockSupport.java:175)&#10;        at java.util.concurrent.locks.AbstractQueuedSynchronizer$ConditionObject.await(AbstractQueuedSynchronizer.java:2039)&#10;        at java.util.concurrent.ArrayBlockingQueue.take(ArrayBlockingQueue.java:403)&#10;        at java.util.concurrent.ThreadPoolExecutor.getTask(ThreadPoolExecutor.java:1074)&#10;        at java.util.concurrent.ThreadPoolExecutor.runWorker(ThreadPoolExecutor.java:1134)&#10;        at java.util.concurrent.ThreadPoolExecutor$Worker.run(ThreadPoolExecutor.java:624)&#10;        at java.lang.Thread.run(Thread.java:748)&#10;&quot;pool-56-thread-20&quot;  prio=5 tid=493 in Object.wait()&#10;java.lang.Thread.State: WAITING (on object monitor)&#10;        at sun.misc.Unsafe.park(Native Method)&#10;        at java.util.concurrent.locks.LockSupport.park(LockSupport.java:175)&#10;        at java.util.concurrent.locks.AbstractQueuedSynchronizer$ConditionObject.await(AbstractQueuedSynchronizer.java:2039)&#10;        at java.util.concurrent.ArrayBlockingQueue.take(ArrayBlockingQueue.java:403)&#10;        at java.util.concurrent.ThreadPoolExecutor.getTask(ThreadPoolExecutor.java:1074)&#10;        at java.util.concurrent.ThreadPoolExecutor.runWorker(ThreadPoolExecutor.java:1134)&#10;        at java.util.concurrent.ThreadPoolExecutor$Worker.run(ThreadPoolExecutor.java:624)&#10;        at java.lang.Thread.run(Thread.java:748)&#10;&quot;pool-46-thread-31&quot;  prio=5 tid=437 in Object.wait()&#10;java.lang.Thread.State: WAITING (on object monitor)&#10;        at sun.misc.Unsafe.park(Native Method)&#10;        at java.util.concurrent.locks.LockSupport.park(LockSupport.java:175)&#10;        at java.util.concurrent.locks.AbstractQueuedSynchronizer$ConditionObject.await(AbstractQueuedSynchronizer.java:2039)&#10;        at java.util.concurrent.ArrayBlockingQueue.take(ArrayBlockingQueue.java:403)&#10;        at java.util.concurrent.ThreadPoolExecutor.getTask(ThreadPoolExecutor.java:1074)&#10;        at java.util.concurrent.ThreadPoolExecutor.runWorker(ThreadPoolExecutor.java:1134)&#10;        at java.util.concurrent.ThreadPoolExecutor$Worker.run(ThreadPoolExecutor.java:624)&#10;        at java.lang.Thread.run(Thread.java:748)&#10;&quot;IPC Server handler 13 on 46821&quot; daemon prio=5 tid=62 timed_waiting&#10;java.lang.Thread.State: TIMED_WAITING&#10;        at sun.misc.Unsafe.park(Native Method)&#10;        at java.util.concurrent.locks.LockSupport.parkNanos(LockSupport.java:215)&#10;        at java.util.concurrent.locks.AbstractQueuedSynchronizer$ConditionObject.awaitNanos(AbstractQueuedSynchronizer.java:2078)&#10;        at java.util.concurrent.LinkedBlockingQueue.poll(LinkedBlockingQueue.java:467)&#10;        at org.apache.hadoop.ipc.CallQueueManager.take(CallQueueManager.java:288)&#10;        at org.apache.hadoop.ipc.Server$Handler.run(Server.java:2668)&#10;&quot;pool-36-thread-24&quot;  prio=5 tid=370 in Object.wait()&#10;java.lang.Thread.State: WAITING (on object monitor)&#10;        at sun.misc.Unsafe.park(Native Method)&#10;        at java.util.concurrent.locks.LockSupport.park(LockSupport.java:175)&#10;        at java.util.concurrent.locks.AbstractQueuedSynchronizer$ConditionObject.await(AbstractQueuedSynchronizer.java:2039)&#10;        at java.util.concurrent.ArrayBlockingQueue.take(ArrayBlockingQueue.java:403)&#10;        at java.util.concurrent.ThreadPoolExecutor.getTask(ThreadPoolExecutor.java:1074)&#10;        at java.util.concurrent.ThreadPoolExecutor.runWorker(ThreadPoolExecutor.java:1134)&#10;        at java.util.concurrent.ThreadPoolExecutor$Worker.run(ThreadPoolExecutor.java:624)&#10;        at java.lang.Thread.run(Thread.java:748)&#10;&quot;pool-26-thread-39&quot;  prio=5 tid=325 in Object.wait()&#10;java.lang.Thread.State: WAITING (on object monitor)&#10;        at sun.misc.Unsafe.park(Native Method)&#10;        at java.util.concurrent.locks.LockSupport.park(LockSupport.java:175)&#10;        at java.util.concurrent.locks.AbstractQueuedSynchronizer$ConditionObject.await(AbstractQueuedSynchronizer.java:2039)&#10;        at java.util.concurrent.ArrayBlockingQueue.take(ArrayBlockingQueue.java:403)&#10;        at java.util.concurrent.ThreadPoolExecutor.getTask(ThreadPoolExecutor.java:1074)&#10;        at java.util.concurrent.ThreadPoolExecutor.runWorker(ThreadPoolExecutor.java:1134)&#10;        at java.util.concurrent.ThreadPoolExecutor$Worker.run(ThreadPoolExecutor.java:624)&#10;        at java.lang.Thread.run(Thread.java:748)&#10;&quot;IPC Server Responder&quot; daemon prio=5 tid=110 runnable&#10;java.lang.Thread.State: RUNNABLE&#10;        at sun.nio.ch.EPollArrayWrapper.epollWait(Native Method)&#10;        at sun.nio.ch.EPollArrayWrapper.poll(EPollArrayWrapper.java:269)&#10;        at sun.nio.ch.EPollSelectorImpl.doSelect(EPollSelectorImpl.java:93)&#10;        at sun.nio.ch.SelectorImpl.lockAndDoSelect(SelectorImpl.java:86)&#10;        at sun.nio.ch.SelectorImpl.select(SelectorImpl.java:97)&#10;        at org.apache.hadoop.ipc.Server$Responder.doRunLoop(Server.java:1334)&#10;        at org.apache.hadoop.ipc.Server$Responder.run(Server.java:1317)&#10;&quot;qtp650859015-161&quot; daemon prio=5 tid=161 timed_waiting&#10;java.lang.Thread.State: TIMED_WAITING&#10;        at sun.misc.Unsafe.park(Native Method)&#10;        at java.util.concurrent.locks.LockSupport.parkNanos(LockSupport.java:215)&#10;        at java.util.concurrent.locks.AbstractQueuedSynchronizer$ConditionObject.awaitNanos(AbstractQueuedSynchronizer.java:2078)&#10;        at org.eclipse.jetty.util.BlockingArrayQueue.poll(BlockingArrayQueue.java:392)&#10;        at org.eclipse.jetty.util.thread.QueuedThreadPool.idleJobPoll(QueuedThreadPool.java:563)&#10;        at org.eclipse.jetty.util.thread.QueuedThreadPool.access$800(QueuedThreadPool.java:48)&#10;        at org.eclipse.jetty.util.thread.QueuedThreadPool$2.run(QueuedThreadPool.java:626)&#10;        at java.lang.Thread.run(Thread.java:748)&#10;&quot;IPC Server handler 9 on 40923&quot; daemon prio=5 tid=38 timed_waiting&#10;java.lang.Thread.State: TIMED_WAITING&#10;        at sun.misc.Unsafe.park(Native Method)&#10;        at java.util.concurrent.locks.LockSupport.parkNanos(LockSupport.java:215)&#10;        at java.util.concurrent.locks.AbstractQueuedSynchronizer$ConditionObject.awaitNanos(AbstractQueuedSynchronizer.java:2078)&#10;        at java.util.concurrent.LinkedBlockingQueue.poll(LinkedBlockingQueue.java:467)&#10;        at org.apache.hadoop.ipc.CallQueueManager.take(CallQueueManager.java:288)&#10;        at org.apache.hadoop.ipc.Server$Handler.run(Server.java:2668)&#10;&quot;pool-66-thread-10&quot;  prio=5 tid=545 in Object.wait()&#10;java.lang.Thread.State: WAITING (on object monitor)&#10;        at sun.misc.Unsafe.park(Native Method)&#10;        at java.util.concurrent.locks.LockSupport.park(LockSupport.java:175)&#10;        at java.util.concurrent.locks.AbstractQueuedSynchronizer$ConditionObject.await(AbstractQueuedSynchronizer.java:2039)&#10;        at java.util.concurrent.ArrayBlockingQueue.take(ArrayBlockingQueue.java:403)&#10;        at java.util.concurrent.ThreadPoolExecutor.getTask(ThreadPoolExecutor.java:1074)&#10;        at java.util.concurrent.ThreadPoolExecutor.runWorker(ThreadPoolExecutor.java:1134)&#10;        at java.util.concurrent.ThreadPoolExecutor$Worker.run(ThreadPoolExecutor.java:624)&#10;        at java.lang.Thread.run(Thread.java:748)&#10;&quot;pool-26-thread-53&quot;  prio=5 tid=339 in Object.wait()&#10;java.lang.Thread.State: WAITING (on object monitor)&#10;        at sun.misc.Unsafe.park(Native Method)&#10;        at java.util.concurrent.locks.LockSupport.park(LockSupport.java:175)&#10;        at java.util.concurrent.locks.AbstractQueuedSynchronizer$ConditionObject.await(AbstractQueuedSynchronizer.java:2039)&#10;        at java.util.concurrent.ArrayBlockingQueue.take(ArrayBlockingQueue.java:403)&#10;        at java.util.concurrent.ThreadPoolExecutor.getTask(ThreadPoolExecutor.java:1074)&#10;        at java.util.concurrent.ThreadPoolExecutor.runWorker(ThreadPoolExecutor.java:1134)&#10;        at java.util.concurrent.ThreadPoolExecutor$Worker.run(ThreadPoolExecutor.java:624)&#10;        at java.lang.Thread.run(Thread.java:748)&#10;&quot;EventQueue-NewNodeForNewNodeHandler&quot; daemon prio=5 tid=598 in Object.wait()&#10;java.lang.Thread.State: WAITING (on object monitor)&#10;        at sun.misc.Unsafe.park(Native Method)&#10;        at java.util.concurrent.locks.LockSupport.park(LockSupport.java:175)&#10;        at java.util.concurrent.locks.AbstractQueuedSynchronizer$ConditionObject.await(AbstractQueuedSynchronizer.java:2039)&#10;        at java.util.concurrent.LinkedBlockingQueue.take(LinkedBlockingQueue.java:442)&#10;        at java.util.concurrent.ThreadPoolExecutor.getTask(ThreadPoolExecutor.java:1074)&#10;        at java.util.concurrent.ThreadPoolExecutor.runWorker(ThreadPoolExecutor.java:1134)&#10;        at java.util.concurrent.ThreadPoolExecutor$Worker.run(ThreadPoolExecutor.java:624)&#10;        at java.lang.Thread.run(Thread.java:748)&#10;&quot;pool-47-thread-1&quot;  prio=5 tid=655 in Object.wait()&#10;java.lang.Thread.State: WAITING (on object monitor)&#10;        at sun.misc.Unsafe.park(Native Method)&#10;        at java.util.concurrent.locks.LockSupport.park(LockSupport.java:175)&#10;        at java.util.concurrent.locks.AbstractQueuedSynchronizer$ConditionObject.await(AbstractQueuedSynchronizer.java:2039)&#10;        at java.util.concurrent.LinkedBlockingQueue.take(LinkedBlockingQueue.java:442)&#10;        at java.util.concurrent.ThreadPoolExecutor.getTask(ThreadPoolExecutor.java:1074)&#10;        at java.util.concurrent.ThreadPoolExecutor.runWorker(ThreadPoolExecutor.java:1134)&#10;        at java.util.concurrent.ThreadPoolExecutor$Worker.run(ThreadPoolExecutor.java:624)&#10;        at java.lang.Thread.run(Thread.java:748)&#10;&quot;qtp650859015-165&quot; daemon prio=5 tid=165 timed_waiting&#10;java.lang.Thread.State: TIMED_WAITING&#10;        at sun.misc.Unsafe.park(Native Method)&#10;        at java.util.concurrent.locks.LockSupport.parkNanos(LockSupport.java:215)&#10;        at java.util.concurrent.locks.AbstractQueuedSynchronizer$ConditionObject.awaitNanos(AbstractQueuedSynchronizer.java:2078)&#10;        at org.eclipse.jetty.util.BlockingArrayQueue.poll(BlockingArrayQueue.java:392)&#10;        at org.eclipse.jetty.util.thread.QueuedThreadPool.idleJobPoll(QueuedThreadPool.java:563)&#10;        at org.eclipse.jetty.util.thread.QueuedThreadPool.access$800(QueuedThreadPool.java:48)&#10;        at org.eclipse.jetty.util.thread.QueuedThreadPool$2.run(QueuedThreadPool.java:626)&#10;        at java.lang.Thread.run(Thread.java:748)&#10;&quot;pool-36-thread-59&quot;  prio=5 tid=405 in Object.wait()&#10;java.lang.Thread.State: WAITING (on object monitor)&#10;        at sun.misc.Unsafe.park(Native Method)&#10;        at java.util.concurrent.locks.LockSupport.park(LockSupport.java:175)&#10;        at java.util.concurrent.locks.AbstractQueuedSynchronizer$ConditionObject.await(AbstractQueuedSynchronizer.java:2039)&#10;        at java.util.concurrent.ArrayBlockingQueue.take(ArrayBlockingQueue.java:403)&#10;        at java.util.concurrent.ThreadPoolExecutor.getTask(ThreadPoolExecutor.java:1074)&#10;        at java.util.concurrent.ThreadPoolExecutor.runWorker(ThreadPoolExecutor.java:1134)&#10;        at java.util.concurrent.ThreadPoolExecutor$Worker.run(ThreadPoolExecutor.java:624)&#10;        at java.lang.Thread.run(Thread.java:748)&#10;&quot;pool-66-thread-22&quot;  prio=5 tid=557 in Object.wait()&#10;java.lang.Thread.State: WAITING (on object monitor)&#10;        at sun.misc.Unsafe.park(Native Method)&#10;        at java.util.concurrent.locks.LockSupport.park(LockSupport.java:175)&#10;        at java.util.concurrent.locks.AbstractQueuedSynchronizer$ConditionObject.await(AbstractQueuedSynchronizer.java:2039)&#10;        at java.util.concurrent.ArrayBlockingQueue.take(ArrayBlockingQueue.java:403)&#10;        at java.util.concurrent.ThreadPoolExecutor.getTask(ThreadPoolExecutor.java:1074)&#10;        at java.util.concurrent.ThreadPoolExecutor.runWorker(ThreadPoolExecutor.java:1134)&#10;        at java.util.concurrent.ThreadPoolExecutor$Worker.run(ThreadPoolExecutor.java:624)&#10;        at java.lang.Thread.run(Thread.java:748)&#10;&quot;org.eclipse.jetty.server.session.HashSessionManager@1859e2a4Timer&quot; daemon prio=5 tid=223 timed_waiting&#10;java.lang.Thread.State: TIMED_WAITING&#10;        at sun.misc.Unsafe.park(Native Method)&#10;        at java.util.concurrent.locks.LockSupport.parkNanos(LockSupport.java:215)&#10;        at java.util.concurrent.locks.AbstractQueuedSynchronizer$ConditionObject.awaitNanos(AbstractQueuedSynchronizer.java:2078)&#10;        at java.util.concurrent.ScheduledThreadPoolExecutor$DelayedWorkQueue.take(ScheduledThreadPoolExecutor.java:1093)&#10;        at java.util.concurrent.ScheduledThreadPoolExecutor$DelayedWorkQueue.take(ScheduledThreadPoolExecutor.java:809)&#10;        at java.util.concurrent.ThreadPoolExecutor.getTask(ThreadPoolExecutor.java:1074)&#10;        at java.util.concurrent.ThreadPoolExecutor.runWorker(ThreadPoolExecutor.java:1134)&#10;        at java.util.concurrent.ThreadPoolExecutor$Worker.run(ThreadPoolExecutor.java:624)&#10;        at java.lang.Thread.run(Thread.java:748)&#10;&quot;BlockDeletingService#1&quot; daemon prio=5 tid=472 in Object.wait()&#10;java.lang.Thread.State: WAITING (on object monitor)&#10;        at sun.misc.Unsafe.park(Native Method)&#10;        at java.util.concurrent.locks.LockSupport.park(LockSupport.java:175)&#10;        at java.util.concurrent.locks.AbstractQueuedSynchronizer$ConditionObject.await(AbstractQueuedSynchronizer.java:2039)&#10;        at java.util.concurrent.ScheduledThreadPoolExecutor$DelayedWorkQueue.take(ScheduledThreadPoolExecutor.java:1088)&#10;        at java.util.concurrent.ScheduledThreadPoolExecutor$DelayedWorkQueue.take(ScheduledThreadPoolExecutor.java:809)&#10;        at java.util.concurrent.ThreadPoolExecutor.getTask(ThreadPoolExecutor.java:1074)&#10;        at java.util.concurrent.ThreadPoolExecutor.runWorker(ThreadPoolExecutor.java:1134)&#10;        at java.util.concurrent.ThreadPoolExecutor$Worker.run(ThreadPoolExecutor.java:624)&#10;        at java.lang.Thread.run(Thread.java:748)&#10;&quot;efb933de-cdd8-4d8d-88d2-4c7ffe0dec1a@group-EE856C9543A1-StateMachineUpdater&quot; daemon prio=5 tid=779 in Object.wait()&#10;java.lang.Thread.State: WAITING (on object monitor)&#10;        at java.lang.Object.wait(Native Method)&#10;        at java.lang.Object.wait(Object.java:502)&#10;        at org.apache.ratis.server.impl.StateMachineUpdater.waitForCommit(StateMachineUpdater.java:194)&#10;        at org.apache.ratis.server.impl.StateMachineUpdater.run(StateMachineUpdater.java:159)&#10;        at java.lang.Thread.run(Thread.java:748)&#10;&quot;qtp801142660-140&quot; daemon prio=5 tid=140 timed_waiting&#10;java.lang.Thread.State: TIMED_WAITING&#10;        at sun.misc.Unsafe.park(Native Method)&#10;        at java.util.concurrent.locks.LockSupport.parkNanos(LockSupport.java:215)&#10;        at java.util.concurrent.locks.AbstractQueuedSynchronizer$ConditionObject.awaitNanos(AbstractQueuedSynchronizer.java:2078)&#10;        at org.eclipse.jetty.util.BlockingArrayQueue.poll(BlockingArrayQueue.java:392)&#10;        at org.eclipse.jetty.util.thread.QueuedThreadPool.idleJobPoll(QueuedThreadPool.java:563)&#10;        at org.eclipse.jetty.util.thread.QueuedThreadPool.access$800(QueuedThreadPool.java:48)&#10;        at org.eclipse.jetty.util.thread.QueuedThreadPool$2.run(QueuedThreadPool.java:626)&#10;        at java.lang.Thread.run(Thread.java:748)&#10;&quot;Datanode State Machine Thread - 0&quot; daemon prio=5 tid=197 timed_waiting&#10;java.lang.Thread.State: TIMED_WAITING&#10;        at java.lang.Thread.sleep(Native Method)&#10;        at org.apache.hadoop.ozone.container.common.statemachine.DatanodeStateMachine.start(DatanodeStateMachine.java:191)&#10;        at org.apache.hadoop.ozone.container.common.statemachine.DatanodeStateMachine.lambda$startDaemon$0(DatanodeStateMachine.java:349)&#10;        at org.apache.hadoop.ozone.container.common.statemachine.DatanodeStateMachine$$Lambda$140/177389135.run(Unknown Source)&#10;        at java.lang.Thread.run(Thread.java:748)&#10;&quot;pool-46-thread-22&quot;  prio=5 tid=428 in Object.wait()&#10;java.lang.Thread.State: WAITING (on object monitor)&#10;        at sun.misc.Unsafe.park(Native Method)&#10;        at java.util.concurrent.locks.LockSupport.park(LockSupport.java:175)&#10;        at java.util.concurrent.locks.AbstractQueuedSynchronizer$ConditionObject.await(AbstractQueuedSynchronizer.java:2039)&#10;        at java.util.concurrent.ArrayBlockingQueue.take(ArrayBlockingQueue.java:403)&#10;        at java.util.concurrent.ThreadPoolExecutor.getTask(ThreadPoolExecutor.java:1074)&#10;        at java.util.concurrent.ThreadPoolExecutor.runWorker(ThreadPoolExecutor.java:1134)&#10;        at java.util.concurrent.ThreadPoolExecutor$Worker.run(ThreadPoolExecutor.java:624)&#10;        at java.lang.Thread.run(Thread.java:748)&#10;&quot;Datanode State Machine Thread - 0&quot; daemon prio=5 tid=231 timed_waiting&#10;java.lang.Thread.State: TIMED_WAITING&#10;        at sun.misc.Unsafe.park(Native Method)&#10;        at java.util.concurrent.locks.LockSupport.parkNanos(LockSupport.java:215)&#10;        at java.util.concurrent.SynchronousQueue$TransferStack.awaitFulfill(SynchronousQueue.java:460)&#10;        at java.util.concurrent.SynchronousQueue$TransferStack.transfer(SynchronousQueue.java:362)&#10;        at java.util.concurrent.SynchronousQueue.poll(SynchronousQueue.java:941)&#10;        at java.util.concurrent.ThreadPoolExecutor.getTask(ThreadPoolExecutor.java:1073)&#10;        at java.util.concurrent.ThreadPoolExecutor.runWorker(ThreadPoolExecutor.java:1134)&#10;        at java.util.concurrent.ThreadPoolExecutor$Worker.run(ThreadPoolExecutor.java:624)&#10;        at java.lang.Thread.run(Thread.java:748)&#10;&quot;IPC Server handler 8 on 40923&quot; daemon prio=5 tid=37 timed_waiting&#10;java.lang.Thread.State: TIMED_WAITING&#10;        at sun.misc.Unsafe.park(Native Method)&#10;        at java.util.concurrent.locks.LockSupport.parkNanos(LockSupport.java:215)&#10;        at java.util.concurrent.locks.AbstractQueuedSynchronizer$ConditionObject.awaitNanos(AbstractQueuedSynchronizer.java:2078)&#10;        at java.util.concurrent.LinkedBlockingQueue.poll(LinkedBlockingQueue.java:467)&#10;        at org.apache.hadoop.ipc.CallQueueManager.take(CallQueueManager.java:288)&#10;        at org.apache.hadoop.ipc.Server$Handler.run(Server.java:2668)&#10;&quot;pool-46-thread-5&quot;  prio=5 tid=411 in Object.wait()&#10;java.lang.Thread.State: WAITING (on object monitor)&#10;        at sun.misc.Unsafe.park(Native Method)&#10;        at java.util.concurrent.locks.LockSupport.park(LockSupport.java:175)&#10;        at java.util.concurrent.locks.AbstractQueuedSynchronizer$ConditionObject.await(AbstractQueuedSynchronizer.java:2039)&#10;        at java.util.concurrent.ArrayBlockingQueue.take(ArrayBlockingQueue.java:403)&#10;        at java.util.concurrent.ThreadPoolExecutor.getTask(ThreadPoolExecutor.java:1074)&#10;        at java.util.concurrent.ThreadPoolExecutor.runWorker(ThreadPoolExecutor.java:1134)&#10;        at java.util.concurrent.ThreadPoolExecutor$Worker.run(ThreadPoolExecutor.java:624)&#10;        at java.lang.Thread.run(Thread.java:748)&#10;&quot;grpc-default-worker-ELG-3-3&quot; daemon prio=5 tid=610 runnable&#10;java.lang.Thread.State: RUNNABLE&#10;        at sun.nio.ch.EPollArrayWrapper.epollWait(Native Method)&#10;        at sun.nio.ch.EPollArrayWrapper.poll(EPollArrayWrapper.java:269)&#10;        at sun.nio.ch.EPollSelectorImpl.doSelect(EPollSelectorImpl.java:93)&#10;        at sun.nio.ch.SelectorImpl.lockAndDoSelect(SelectorImpl.java:86)&#10;        at sun.nio.ch.SelectorImpl.select(SelectorImpl.java:97)&#10;        at org.apache.ratis.thirdparty.io.netty.channel.nio.SelectedSelectionKeySetSelector.select(SelectedSelectionKeySetSelector.java:62)&#10;        at org.apache.ratis.thirdparty.io.netty.channel.nio.NioEventLoop.select(NioEventLoop.java:753)&#10;        at org.apache.ratis.thirdparty.io.netty.channel.nio.NioEventLoop.run(NioEventLoop.java:408)&#10;        at org.apache.ratis.thirdparty.io.netty.util.concurrent.SingleThreadEventExecutor$5.run(SingleThreadEventExecutor.java:897)&#10;        at org.apache.ratis.thirdparty.io.netty.util.concurrent.FastThreadLocalRunnable.run(FastThreadLocalRunnable.java:30)&#10;        at java.lang.Thread.run(Thread.java:748)&#10;&quot;pool-56-thread-38&quot;  prio=5 tid=511 in Object.wait()&#10;java.lang.Thread.State: WAITING (on object monitor)&#10;        at sun.misc.Unsafe.park(Native Method)&#10;        at java.util.concurrent.locks.LockSupport.park(LockSupport.java:175)&#10;        at java.util.concurrent.locks.AbstractQueuedSynchronizer$ConditionObject.await(AbstractQueuedSynchronizer.java:2039)&#10;        at java.util.concurrent.ArrayBlockingQueue.take(ArrayBlockingQueue.java:403)&#10;        at java.util.concurrent.ThreadPoolExecutor.getTask(ThreadPoolExecutor.java:1074)&#10;        at java.util.concurrent.ThreadPoolExecutor.runWorker(ThreadPoolExecutor.java:1134)&#10;        at java.util.concurrent.ThreadPoolExecutor$Worker.run(ThreadPoolExecutor.java:624)&#10;        at java.lang.Thread.run(Thread.java:748)&#10;&quot;qtp801142660-137-acceptor-0@6f2513ec-ServerConnector@325bb9a6{HTTP/1.1,[http/1.1]}{0.0.0.0:34959}&quot; daemon prio=3 tid=137 runnable&#10;java.lang.Thread.State: RUNNABLE&#10;        at sun.nio.ch.ServerSocketChannelImpl.accept0(Native Method)&#10;        at sun.nio.ch.ServerSocketChannelImpl.accept(ServerSocketChannelImpl.java:422)&#10;        at sun.nio.ch.ServerSocketChannelImpl.accept(ServerSocketChannelImpl.java:250)&#10;        at org.eclipse.jetty.server.ServerConnector.accept(ServerConnector.java:397)&#10;        at org.eclipse.jetty.server.AbstractConnector$Acceptor.run(AbstractConnector.java:601)&#10;        at org.eclipse.jetty.util.thread.QueuedThreadPool.runJob(QueuedThreadPool.java:671)&#10;        at org.eclipse.jetty.util.thread.QueuedThreadPool$2.run(QueuedThreadPool.java:589)&#10;        at java.lang.Thread.run(Thread.java:748)&#10;&quot;pool-46-thread-60&quot;  prio=5 tid=466 in Object.wait()&#10;java.lang.Thread.State: WAITING (on object monitor)&#10;        at sun.misc.Unsafe.park(Native Method)&#10;        at java.util.concurrent.locks.LockSupport.park(LockSupport.java:175)&#10;        at java.util.concurrent.locks.AbstractQueuedSynchronizer$ConditionObject.await(AbstractQueuedSynchronizer.java:2039)&#10;        at java.util.concurrent.ArrayBlockingQueue.take(ArrayBlockingQueue.java:403)&#10;        at java.util.concurrent.ThreadPoolExecutor.getTask(ThreadPoolExecutor.java:1074)&#10;        at java.util.concurrent.ThreadPoolExecutor.runWorker(ThreadPoolExecutor.java:1134)&#10;        at java.util.concurrent.ThreadPoolExecutor$Worker.run(ThreadPoolExecutor.java:624)&#10;        at java.lang.Thread.run(Thread.java:748)&#10;&quot;pool-36-thread-58&quot;  prio=5 tid=404 in Object.wait()&#10;java.lang.Thread.State: WAITING (on object monitor)&#10;        at sun.misc.Unsafe.park(Native Method)&#10;        at java.util.concurrent.locks.LockSupport.park(LockSupport.java:175)&#10;        at java.util.concurrent.locks.AbstractQueuedSynchronizer$ConditionObject.await(AbstractQueuedSynchronizer.java:2039)&#10;        at java.util.concurrent.ArrayBlockingQueue.take(ArrayBlockingQueue.java:403)&#10;        at java.util.concurrent.ThreadPoolExecutor.getTask(ThreadPoolExecutor.java:1074)&#10;        at java.util.concurrent.ThreadPoolExecutor.runWorker(ThreadPoolExecutor.java:1134)&#10;        at java.util.concurrent.ThreadPoolExecutor$Worker.run(ThreadPoolExecutor.java:624)&#10;        at java.lang.Thread.run(Thread.java:748)&#10;&quot;IPC Server handler 1 on 46821&quot; daemon prio=5 tid=50 timed_waiting&#10;java.lang.Thread.State: TIMED_WAITING&#10;        at sun.misc.Unsafe.park(Native Method)&#10;        at java.util.concurrent.locks.LockSupport.parkNanos(LockSupport.java:215)&#10;        at java.util.concurrent.locks.AbstractQueuedSynchronizer$ConditionObject.awaitNanos(AbstractQueuedSynchronizer.java:2078)&#10;        at java.util.concurrent.LinkedBlockingQueue.poll(LinkedBlockingQueue.java:467)&#10;        at org.apache.hadoop.ipc.CallQueueManager.take(CallQueueManager.java:288)&#10;        at org.apache.hadoop.ipc.Server$Handler.run(Server.java:2668)&#10;&quot;9d88716d-5d6b-4fd8-b832-a110dc45ee66@group-4744F5BEFEE7-SegmentedRaftLogWorker&quot;  prio=5 tid=636 timed_waiting&#10;java.lang.Thread.State: TIMED_WAITING&#10;        at sun.misc.Unsafe.park(Native Method)&#10;        at java.util.concurrent.locks.LockSupport.parkNanos(LockSupport.java:215)&#10;        at java.util.concurrent.locks.AbstractQueuedSynchronizer$ConditionObject.awaitNanos(AbstractQueuedSynchronizer.java:2078)&#10;        at org.apache.ratis.util.DataBlockingQueue.poll(DataBlockingQueue.java:137)&#10;        at org.apache.ratis.server.raftlog.segmented.SegmentedRaftLogWorker.run(SegmentedRaftLogWorker.java:282)&#10;        at java.lang.Thread.run(Thread.java:748)&#10;&quot;Command processor thread&quot; daemon prio=5 tid=229 timed_waiting&#10;java.lang.Thread.State: TIMED_WAITING&#10;        at java.lang.Thread.sleep(Native Method)&#10;        at org.apache.hadoop.ozone.container.common.statemachine.DatanodeStateMachine.lambda$initCommandHandlerThread$1(DatanodeStateMachine.java:439)&#10;        at org.apache.hadoop.ozone.container.common.statemachine.DatanodeStateMachine$$Lambda$141/1433245022.run(Unknown Source)&#10;        at java.lang.Thread.run(Thread.java:748)&#10;&quot;pool-46-thread-46&quot;  prio=5 tid=452 in Object.wait()&#10;java.lang.Thread.State: WAITING (on object monitor)&#10;        at sun.misc.Unsafe.park(Native Method)&#10;        at java.util.concurrent.locks.LockSupport.park(LockSupport.java:175)&#10;        at java.util.concurrent.locks.AbstractQueuedSynchronizer$ConditionObject.await(AbstractQueuedSynchronizer.java:2039)&#10;        at java.util.concurrent.ArrayBlockingQueue.take(ArrayBlockingQueue.java:403)&#10;        at java.util.concurrent.ThreadPoolExecutor.getTask(ThreadPoolExecutor.java:1074)&#10;        at java.util.concurrent.ThreadPoolExecutor.runWorker(ThreadPoolExecutor.java:1134)&#10;        at java.util.concurrent.ThreadPoolExecutor$Worker.run(ThreadPoolExecutor.java:624)&#10;        at java.lang.Thread.run(Thread.java:748)&#10;&quot;pool-26-thread-16&quot;  prio=5 tid=302 in Object.wait()&#10;java.lang.Thread.State: WAITING (on object monitor)&#10;        at sun.misc.Unsafe.park(Native Method)&#10;        at java.util.concurrent.locks.LockSupport.park(LockSupport.java:175)&#10;        at java.util.concurrent.locks.AbstractQueuedSynchronizer$ConditionObject.await(AbstractQueuedSynchronizer.java:2039)&#10;        at java.util.concurrent.ArrayBlockingQueue.take(ArrayBlockingQueue.java:403)&#10;        at java.util.concurrent.ThreadPoolExecutor.getTask(ThreadPoolExecutor.java:1074)&#10;        at java.util.concurrent.ThreadPoolExecutor.runWorker(ThreadPoolExecutor.java:1134)&#10;        at java.util.concurrent.ThreadPoolExecutor$Worker.run(ThreadPoolExecutor.java:624)&#10;        at java.lang.Thread.run(Thread.java:748)&#10;&quot;Datanode ReportManager Thread - 2&quot; daemon prio=5 tid=200 timed_waiting&#10;java.lang.Thread.State: TIMED_WAITING&#10;        at sun.misc.Unsafe.park(Native Method)&#10;        at java.util.concurrent.locks.LockSupport.parkNanos(LockSupport.java:215)&#10;        at java.util.concurrent.locks.AbstractQueuedSynchronizer$ConditionObject.awaitNanos(AbstractQueuedSynchronizer.java:2078)&#10;        at java.util.concurrent.ScheduledThreadPoolExecutor$DelayedWorkQueue.take(ScheduledThreadPoolExecutor.java:1093)&#10;        at java.util.concurrent.ScheduledThreadPoolExecutor$DelayedWorkQueue.take(ScheduledThreadPoolExecutor.java:809)&#10;        at java.util.concurrent.ThreadPoolExecutor.getTask(ThreadPoolExecutor.java:1074)&#10;        at java.util.concurrent.ThreadPoolExecutor.runWorker(ThreadPoolExecutor.java:1134)&#10;        at java.util.concurrent.ThreadPoolExecutor$Worker.run(ThreadPoolExecutor.java:624)&#10;        at java.lang.Thread.run(Thread.java:748)&#10;&quot;pool-36-thread-30&quot;  prio=5 tid=376 in Object.wait()&#10;java.lang.Thread.State: WAITING (on object monitor)&#10;        at sun.misc.Unsafe.park(Native Method)&#10;        at java.util.concurrent.locks.LockSupport.park(LockSupport.java:175)&#10;        at java.util.concurrent.locks.AbstractQueuedSynchronizer$ConditionObject.await(AbstractQueuedSynchronizer.java:2039)&#10;        at java.util.concurrent.ArrayBlockingQueue.take(ArrayBlockingQueue.java:403)&#10;        at java.util.concurrent.ThreadPoolExecutor.getTask(ThreadPoolExecutor.java:1074)&#10;        at java.util.concurrent.ThreadPoolExecutor.runWorker(ThreadPoolExecutor.java:1134)&#10;        at java.util.concurrent.ThreadPoolExecutor$Worker.run(ThreadPoolExecutor.java:624)&#10;        at java.lang.Thread.run(Thread.java:748)&#10;&quot;metrics-hadoop-metrics2-reporter-47-thread-1&quot; daemon prio=5 tid=812 timed_waiting&#10;java.lang.Thread.State: TIMED_WAITING&#10;        at sun.misc.Unsafe.park(Native Method)&#10;        at java.util.concurrent.locks.LockSupport.parkNanos(LockSupport.java:215)&#10;        at java.util.concurrent.locks.AbstractQueuedSynchronizer$ConditionObject.awaitNanos(AbstractQueuedSynchronizer.java:2078)&#10;        at java.util.concurrent.ScheduledThreadPoolExecutor$DelayedWorkQueue.take(ScheduledThreadPoolExecutor.java:1093)&#10;        at java.util.concurrent.ScheduledThreadPoolExecutor$DelayedWorkQueue.take(ScheduledThreadPoolExecutor.java:809)&#10;        at java.util.concurrent.ThreadPoolExecutor.getTask(ThreadPoolExecutor.java:1074)&#10;        at java.util.concurrent.ThreadPoolExecutor.runWorker(ThreadPoolExecutor.java:1134)&#10;        at java.util.concurrent.ThreadPoolExecutor$Worker.run(ThreadPoolExecutor.java:624)&#10;        at java.lang.Thread.run(Thread.java:748)&#10;&quot;pool-26-thread-60&quot;  prio=5 tid=346 in Object.wait()&#10;java.lang.Thread.State: WAITING (on object monitor)&#10;        at sun.misc.Unsafe.park(Native Method)&#10;        at java.util.concurrent.locks.LockSupport.park(LockSupport.java:175)&#10;        at java.util.concurrent.locks.AbstractQueuedSynchronizer$ConditionObject.await(AbstractQueuedSynchronizer.java:2039)&#10;        at java.util.concurrent.ArrayBlockingQueue.take(ArrayBlockingQueue.java:403)&#10;        at java.util.concurrent.ThreadPoolExecutor.getTask(ThreadPoolExecutor.java:1074)&#10;        at java.util.concurrent.ThreadPoolExecutor.runWorker(ThreadPoolExecutor.java:1134)&#10;        at java.util.concurrent.ThreadPoolExecutor$Worker.run(ThreadPoolExecutor.java:624)&#10;        at java.lang.Thread.run(Thread.java:748)&#10;&quot;pool-56-thread-10&quot;  prio=5 tid=483 in Object.wait()&#10;java.lang.Thread.State: WAITING (on object monitor)&#10;        at sun.misc.Unsafe.park(Native Method)&#10;        at java.util.concurrent.locks.LockSupport.park(LockSupport.java:175)&#10;        at java.util.concurrent.locks.AbstractQueuedSynchronizer$ConditionObject.await(AbstractQueuedSynchronizer.java:2039)&#10;        at java.util.concurrent.ArrayBlockingQueue.take(ArrayBlockingQueue.java:403)&#10;        at java.util.concurrent.ThreadPoolExecutor.getTask(ThreadPoolExecutor.java:1074)&#10;        at java.util.concurrent.ThreadPoolExecutor.runWorker(ThreadPoolExecutor.java:1134)&#10;        at java.util.concurrent.ThreadPoolExecutor$Worker.run(ThreadPoolExecutor.java:624)&#10;        at java.lang.Thread.run(Thread.java:748)&#10;&quot;9d88716d-5d6b-4fd8-b832-a110dc45ee66@group-EE856C9543A1-SegmentedRaftLogWorker&quot;  prio=5 tid=782 timed_waiting&#10;java.lang.Thread.State: TIMED_WAITING&#10;        at sun.misc.Unsafe.park(Native Method)&#10;        at java.util.concurrent.locks.LockSupport.parkNanos(LockSupport.java:215)&#10;        at java.util.concurrent.locks.AbstractQueuedSynchronizer$ConditionObject.awaitNanos(AbstractQueuedSynchronizer.java:2078)&#10;        at org.apache.ratis.util.DataBlockingQueue.poll(DataBlockingQueue.java:137)&#10;        at org.apache.ratis.server.raftlog.segmented.SegmentedRaftLogWorker.run(SegmentedRaftLogWorker.java:282)&#10;        at java.lang.Thread.run(Thread.java:748)&#10;&quot;pool-26-thread-25&quot;  prio=5 tid=311 in Object.wait()&#10;java.lang.Thread.State: WAITING (on object monitor)&#10;        at sun.misc.Unsafe.park(Native Method)&#10;        at java.util.concurrent.locks.LockSupport.park(LockSupport.java:175)&#10;        at java.util.concurrent.locks.AbstractQueuedSynchronizer$ConditionObject.await(AbstractQueuedSynchronizer.java:2039)&#10;        at java.util.concurrent.ArrayBlockingQueue.take(ArrayBlockingQueue.java:403)&#10;        at java.util.concurrent.ThreadPoolExecutor.getTask(ThreadPoolExecutor.java:1074)&#10;        at java.util.concurrent.ThreadPoolExecutor.runWorker(ThreadPoolExecutor.java:1134)&#10;        at java.util.concurrent.ThreadPoolExecutor$Worker.run(ThreadPoolExecutor.java:624)&#10;        at java.lang.Thread.run(Thread.java:748)&#10;&quot;pool-36-thread-9&quot;  prio=5 tid=355 in Object.wait()&#10;java.lang.Thread.State: WAITING (on object monitor)&#10;        at sun.misc.Unsafe.park(Native Method)&#10;        at java.util.concurrent.locks.LockSupport.park(LockSupport.java:175)&#10;        at java.util.concurrent.locks.AbstractQueuedSynchronizer$ConditionObject.await(AbstractQueuedSynchronizer.java:2039)&#10;        at java.util.concurrent.ArrayBlockingQueue.take(ArrayBlockingQueue.java:403)&#10;        at java.util.concurrent.ThreadPoolExecutor.getTask(ThreadPoolExecutor.java:1074)&#10;        at java.util.concurrent.ThreadPoolExecutor.runWorker(ThreadPoolExecutor.java:1134)&#10;        at java.util.concurrent.ThreadPoolExecutor$Worker.run(ThreadPoolExecutor.java:624)&#10;        at java.lang.Thread.run(Thread.java:748)&#10;&quot;Thread-2826&quot; daemon prio=5 tid=3302 timed_waiting&#10;java.lang.Thread.State: TIMED_WAITING&#10;        at java.lang.Thread.sleep(Native Method)&#10;        at org.apache.ratis.util.JavaUtils.sleep(JavaUtils.java:247)&#10;        at org.apache.ratis.server.impl.FollowerState.run(FollowerState.java:97)&#10;&quot;pool-66-thread-21&quot;  prio=5 tid=556 in Object.wait()&#10;java.lang.Thread.State: WAITING (on object monitor)&#10;        at sun.misc.Unsafe.park(Native Method)&#10;        at java.util.concurrent.locks.LockSupport.park(LockSupport.java:175)&#10;        at java.util.concurrent.locks.AbstractQueuedSynchronizer$ConditionObject.await(AbstractQueuedSynchronizer.java:2039)&#10;        at java.util.concurrent.ArrayBlockingQueue.take(ArrayBlockingQueue.java:403)&#10;        at java.util.concurrent.ThreadPoolExecutor.getTask(ThreadPoolExecutor.java:1074)&#10;        at java.util.concurrent.ThreadPoolExecutor.runWorker(ThreadPoolExecutor.java:1134)&#10;        at java.util.concurrent.ThreadPoolExecutor$Worker.run(ThreadPoolExecutor.java:624)&#10;        at java.lang.Thread.run(Thread.java:748)&#10;&quot;EventQueue-SafemodestatusForSafeModeHandler&quot; daemon prio=5 tid=604 in Object.wait()&#10;java.lang.Thread.State: WAITING (on object monitor)&#10;        at sun.misc.Unsafe.park(Native Method)&#10;        at java.util.concurrent.locks.LockSupport.park(LockSupport.java:175)&#10;        at java.util.concurrent.locks.AbstractQueuedSynchronizer$ConditionObject.await(AbstractQueuedSynchronizer.java:2039)&#10;        at java.util.concurrent.LinkedBlockingQueue.take(LinkedBlockingQueue.java:442)&#10;        at java.util.concurrent.ThreadPoolExecutor.getTask(ThreadPoolExecutor.java:1074)&#10;        at java.util.concurrent.ThreadPoolExecutor.runWorker(ThreadPoolExecutor.java:1134)&#10;        at java.util.concurrent.ThreadPoolExecutor$Worker.run(ThreadPoolExecutor.java:624)&#10;        at java.lang.Thread.run(Thread.java:748)&#10;&quot;refreshUsed-/workdir/hadoop-ozone/ozonefs/target/test-dir/MiniOzoneClusterImpl-d26aec2b-09c1-4f88-9204-0bb43e71ee01/datanode-1/data/containers&quot; daemon prio=5 tid=181 timed_waiting&#10;java.lang.Thread.State: TIMED_WAITING&#10;        at java.lang.Thread.sleep(Native Method)&#10;        at org.apache.hadoop.fs.CachingGetSpaceUsed$RefreshThread.run(CachingGetSpaceUsed.java:179)&#10;        at java.lang.Thread.run(Thread.java:748)&#10;&quot;metrics-hadoop-metrics2-reporter-1-thread-1&quot; daemon prio=5 tid=613 timed_waiting&#10;java.lang.Thread.State: TIMED_WAITING&#10;        at sun.misc.Unsafe.park(Native Method)&#10;        at java.util.concurrent.locks.LockSupport.parkNanos(LockSupport.java:215)&#10;        at java.util.concurrent.locks.AbstractQueuedSynchronizer$ConditionObject.awaitNanos(AbstractQueuedSynchronizer.java:2078)&#10;        at java.util.concurrent.ScheduledThreadPoolExecutor$DelayedWorkQueue.take(ScheduledThreadPoolExecutor.java:1093)&#10;        at java.util.concurrent.ScheduledThreadPoolExecutor$DelayedWorkQueue.take(ScheduledThreadPoolExecutor.java:809)&#10;        at java.util.concurrent.ThreadPoolExecutor.getTask(ThreadPoolExecutor.java:1074)&#10;        at java.util.concurrent.ThreadPoolExecutor.runWorker(ThreadPoolExecutor.java:1134)&#10;        at java.util.concurrent.ThreadPoolExecutor$Worker.run(ThreadPoolExecutor.java:624)&#10;        at java.lang.Thread.run(Thread.java:748)&#10;&quot;BlockDeletingService#1&quot; daemon prio=5 tid=471 in Object.wait()&#10;java.lang.Thread.State: WAITING (on object monitor)&#10;        at sun.misc.Unsafe.park(Native Method)&#10;        at java.util.concurrent.locks.LockSupport.park(LockSupport.java:175)&#10;        at java.util.concurrent.locks.AbstractQueuedSynchronizer$ConditionObject.await(AbstractQueuedSynchronizer.java:2039)&#10;        at java.util.concurrent.ScheduledThreadPoolExecutor$DelayedWorkQueue.take(ScheduledThreadPoolExecutor.java:1088)&#10;        at java.util.concurrent.ScheduledThreadPoolExecutor$DelayedWorkQueue.take(ScheduledThreadPoolExecutor.java:809)&#10;        at java.util.concurrent.ThreadPoolExecutor.getTask(ThreadPoolExecutor.java:1074)&#10;        at java.util.concurrent.ThreadPoolExecutor.runWorker(ThreadPoolExecutor.java:1134)&#10;        at java.util.concurrent.ThreadPoolExecutor$Worker.run(ThreadPoolExecutor.java:624)&#10;        at java.lang.Thread.run(Thread.java:748)&#10;&quot;pool-46-thread-35&quot;  prio=5 tid=441 in Object.wait()&#10;java.lang.Thread.State: WAITING (on object monitor)&#10;        at sun.misc.Unsafe.park(Native Method)&#10;        at java.util.concurrent.locks.LockSupport.park(LockSupport.java:175)&#10;        at java.util.concurrent.locks.AbstractQueuedSynchronizer$ConditionObject.await(AbstractQueuedSynchronizer.java:2039)&#10;        at java.util.concurrent.ArrayBlockingQueue.take(ArrayBlockingQueue.java:403)&#10;        at java.util.concurrent.ThreadPoolExecutor.getTask(ThreadPoolExecutor.java:1074)&#10;        at java.util.concurrent.ThreadPoolExecutor.runWorker(ThreadPoolExecutor.java:1134)&#10;        at java.util.concurrent.ThreadPoolExecutor$Worker.run(ThreadPoolExecutor.java:624)&#10;        at java.lang.Thread.run(Thread.java:748)&#10;&quot;pool-24-thread-1&quot; daemon prio=5 tid=156 timed_waiting&#10;java.lang.Thread.State: TIMED_WAITING&#10;        at sun.misc.Unsafe.park(Native Method)&#10;        at java.util.concurrent.locks.LockSupport.parkNanos(LockSupport.java:215)&#10;        at java.util.concurrent.locks.AbstractQueuedSynchronizer$ConditionObject.awaitNanos(AbstractQueuedSynchronizer.java:2078)&#10;        at java.util.concurrent.ScheduledThreadPoolExecutor$DelayedWorkQueue.take(ScheduledThreadPoolExecutor.java:1093)&#10;        at java.util.concurrent.ScheduledThreadPoolExecutor$DelayedWorkQueue.take(ScheduledThreadPoolExecutor.java:809)&#10;        at java.util.concurrent.ThreadPoolExecutor.getTask(ThreadPoolExecutor.java:1074)&#10;        at java.util.concurrent.ThreadPoolExecutor.runWorker(ThreadPoolExecutor.java:1134)&#10;        at java.util.concurrent.ThreadPoolExecutor$Worker.run(ThreadPoolExecutor.java:624)&#10;        at java.lang.Thread.run(Thread.java:748)&#10;&quot;IPC Client (1393198164) connection to /0.0.0.0:33004 from jenkins1000&quot; daemon prio=5 tid=286 timed_waiting&#10;java.lang.Thread.State: TIMED_WAITING&#10;        at java.lang.Object.wait(Native Method)&#10;        at org.apache.hadoop.ipc.Client$Connection.waitForWork(Client.java:1024)&#10;        at org.apache.hadoop.ipc.Client$Connection.run(Client.java:1068)&#10;&quot;pool-36-thread-44&quot;  prio=5 tid=390 in Object.wait()&#10;java.lang.Thread.State: WAITING (on object monitor)&#10;        at sun.misc.Unsafe.park(Native Method)&#10;        at java.util.concurrent.locks.LockSupport.park(LockSupport.java:175)&#10;        at java.util.concurrent.locks.AbstractQueuedSynchronizer$ConditionObject.await(AbstractQueuedSynchronizer.java:2039)&#10;        at java.util.concurrent.ArrayBlockingQueue.take(ArrayBlockingQueue.java:403)&#10;        at java.util.concurrent.ThreadPoolExecutor.getTask(ThreadPoolExecutor.java:1074)&#10;        at java.util.concurrent.ThreadPoolExecutor.runWorker(ThreadPoolExecutor.java:1134)&#10;        at java.util.concurrent.ThreadPoolExecutor$Worker.run(ThreadPoolExecutor.java:624)&#10;        at java.lang.Thread.run(Thread.java:748)&#10;&quot;pool-46-thread-11&quot;  prio=5 tid=417 in Object.wait()&#10;java.lang.Thread.State: WAITING (on object monitor)&#10;        at sun.misc.Unsafe.park(Native Method)&#10;        at java.util.concurrent.locks.LockSupport.park(LockSupport.java:175)&#10;        at java.util.concurrent.locks.AbstractQueuedSynchronizer$ConditionObject.await(AbstractQueuedSynchronizer.java:2039)&#10;        at java.util.concurrent.ArrayBlockingQueue.take(ArrayBlockingQueue.java:403)&#10;        at java.util.concurrent.ThreadPoolExecutor.getTask(ThreadPoolExecutor.java:1074)&#10;        at java.util.concurrent.ThreadPoolExecutor.runWorker(ThreadPoolExecutor.java:1134)&#10;        at java.util.concurrent.ThreadPoolExecutor$Worker.run(ThreadPoolExecutor.java:624)&#10;        at java.lang.Thread.run(Thread.java:748)&#10;&quot;org.apache.hadoop.util.JvmPauseMonitor$Monitor@5bcb99ed&quot; daemon prio=5 tid=203 timed_waiting&#10;java.lang.Thread.State: TIMED_WAITING&#10;        at java.lang.Thread.sleep(Native Method)&#10;        at org.apache.hadoop.util.JvmPauseMonitor$Monitor.run(JvmPauseMonitor.java:192)&#10;        at java.lang.Thread.run(Thread.java:748)&#10;&quot;BlockDeletingService#0&quot; daemon prio=5 tid=470 timed_waiting&#10;java.lang.Thread.State: TIMED_WAITING&#10;        at sun.misc.Unsafe.park(Native Method)&#10;        at java.util.concurrent.locks.LockSupport.parkNanos(LockSupport.java:215)&#10;        at java.util.concurrent.locks.AbstractQueuedSynchronizer$ConditionObject.awaitNanos(AbstractQueuedSynchronizer.java:2078)&#10;        at java.util.concurrent.ScheduledThreadPoolExecutor$DelayedWorkQueue.take(ScheduledThreadPoolExecutor.java:1093)&#10;        at java.util.concurrent.ScheduledThreadPoolExecutor$DelayedWorkQueue.take(ScheduledThreadPoolExecutor.java:809)&#10;        at java.util.concurrent.ThreadPoolExecutor.getTask(ThreadPoolExecutor.java:1074)&#10;        at java.util.concurrent.ThreadPoolExecutor.runWorker(ThreadPoolExecutor.java:1134)&#10;        at java.util.concurrent.ThreadPoolExecutor$Worker.run(ThreadPoolExecutor.java:624)&#10;        at java.lang.Thread.run(Thread.java:748)&#10;&quot;qtp801142660-136&quot; daemon prio=5 tid=136 runnable&#10;java.lang.Thread.State: RUNNABLE&#10;        at sun.nio.ch.EPollArrayWrapper.epollWait(Native Method)&#10;        at sun.nio.ch.EPollArrayWrapper.poll(EPollArrayWrapper.java:269)&#10;        at sun.nio.ch.EPollSelectorImpl.doSelect(EPollSelectorImpl.java:93)&#10;        at sun.nio.ch.SelectorImpl.lockAndDoSelect(SelectorImpl.java:86)&#10;        at sun.nio.ch.SelectorImpl.select(SelectorImpl.java:97)&#10;        at sun.nio.ch.SelectorImpl.select(SelectorImpl.java:101)&#10;        at org.eclipse.jetty.io.ManagedSelector$SelectorProducer.select(ManagedSelector.java:243)&#10;        at org.eclipse.jetty.io.ManagedSelector$SelectorProducer.produce(ManagedSelector.java:191)&#10;        at org.eclipse.jetty.util.thread.strategy.ExecuteProduceConsume.executeProduceConsume(ExecuteProduceConsume.java:249)&#10;        at org.eclipse.jetty.util.thread.strategy.ExecuteProduceConsume.produceConsume(ExecuteProduceConsume.java:148)&#10;        at org.eclipse.jetty.util.thread.strategy.ExecuteProduceConsume.execute(ExecuteProduceConsume.java:100)&#10;        at org.eclipse.jetty.io.ManagedSelector.run(ManagedSelector.java:147)&#10;        at org.eclipse.jetty.util.thread.QueuedThreadPool.runJob(QueuedThreadPool.java:671)&#10;        at org.eclipse.jetty.util.thread.QueuedThreadPool$2.run(QueuedThreadPool.java:589)&#10;        at java.lang.Thread.run(Thread.java:748)&#10;&quot;pool-56-thread-4&quot;  prio=5 tid=477 in Object.wait()&#10;java.lang.Thread.State: WAITING (on object monitor)&#10;        at sun.misc.Unsafe.park(Native Method)&#10;        at java.util.concurrent.locks.LockSupport.park(LockSupport.java:175)&#10;        at java.util.concurrent.locks.AbstractQueuedSynchronizer$ConditionObject.await(AbstractQueuedSynchronizer.java:2039)&#10;        at java.util.concurrent.ArrayBlockingQueue.take(ArrayBlockingQueue.java:403)&#10;        at java.util.concurrent.ThreadPoolExecutor.getTask(ThreadPoolExecutor.java:1074)&#10;        at java.util.concurrent.ThreadPoolExecutor.runWorker(ThreadPoolExecutor.java:1134)&#10;        at java.util.concurrent.ThreadPoolExecutor$Worker.run(ThreadPoolExecutor.java:624)&#10;        at java.lang.Thread.run(Thread.java:748)&#10;&quot;pool-46-thread-36&quot;  prio=5 tid=442 in Object.wait()&#10;java.lang.Thread.State: WAITING (on object monitor)&#10;        at sun.misc.Unsafe.park(Native Method)&#10;        at java.util.concurrent.locks.LockSupport.park(LockSupport.java:175)&#10;        at java.util.concurrent.locks.AbstractQueuedSynchronizer$ConditionObject.await(AbstractQueuedSynchronizer.java:2039)&#10;        at java.util.concurrent.ArrayBlockingQueue.take(ArrayBlockingQueue.java:403)&#10;        at java.util.concurrent.ThreadPoolExecutor.getTask(ThreadPoolExecutor.java:1074)&#10;        at java.util.concurrent.ThreadPoolExecutor.runWorker(ThreadPoolExecutor.java:1134)&#10;        at java.util.concurrent.ThreadPoolExecutor$Worker.run(ThreadPoolExecutor.java:624)&#10;        at java.lang.Thread.run(Thread.java:748)&#10;&quot;org.eclipse.jetty.server.session.HashSessionManager@423b2b62Timer&quot; daemon prio=5 tid=249 timed_waiting&#10;java.lang.Thread.State: TIMED_WAITING&#10;        at sun.misc.Unsafe.park(Native Method)&#10;        at java.util.concurrent.locks.LockSupport.parkNanos(LockSupport.java:215)&#10;        at java.util.concurrent.locks.AbstractQueuedSynchronizer$ConditionObject.awaitNanos(AbstractQueuedSynchronizer.java:2078)&#10;        at java.util.concurrent.ScheduledThreadPoolExecutor$DelayedWorkQueue.take(ScheduledThreadPoolExecutor.java:1093)&#10;        at java.util.concurrent.ScheduledThreadPoolExecutor$DelayedWorkQueue.take(ScheduledThreadPoolExecutor.java:809)&#10;        at java.util.concurrent.ThreadPoolExecutor.getTask(ThreadPoolExecutor.java:1074)&#10;        at java.util.concurrent.ThreadPoolExecutor.runWorker(ThreadPoolExecutor.java:1134)&#10;        at java.util.concurrent.ThreadPoolExecutor$Worker.run(ThreadPoolExecutor.java:624)&#10;        at java.lang.Thread.run(Thread.java:748)&#10;&quot;pool-46-thread-40&quot;  prio=5 tid=446 in Object.wait()&#10;java.lang.Thread.State: WAITING (on object monitor)&#10;        at sun.misc.Unsafe.park(Native Method)&#10;        at java.util.concurrent.locks.LockSupport.park(LockSupport.java:175)&#10;        at java.util.concurrent.locks.AbstractQueuedSynchronizer$ConditionObject.await(AbstractQueuedSynchronizer.java:2039)&#10;        at java.util.concurrent.ArrayBlockingQueue.take(ArrayBlockingQueue.java:403)&#10;        at java.util.concurrent.ThreadPoolExecutor.getTask(ThreadPoolExecutor.java:1074)&#10;        at java.util.concurrent.ThreadPoolExecutor.runWorker(ThreadPoolExecutor.java:1134)&#10;        at java.util.concurrent.ThreadPoolExecutor$Worker.run(ThreadPoolExecutor.java:624)&#10;        at java.lang.Thread.run(Thread.java:748)&#10;&quot;pool-36-thread-14&quot;  prio=5 tid=360 in Object.wait()&#10;java.lang.Thread.State: WAITING (on object monitor)&#10;        at sun.misc.Unsafe.park(Native Method)&#10;        at java.util.concurrent.locks.LockSupport.park(LockSupport.java:175)&#10;        at java.util.concurrent.locks.AbstractQueuedSynchronizer$ConditionObject.await(AbstractQueuedSynchronizer.java:2039)&#10;        at java.util.concurrent.ArrayBlockingQueue.take(ArrayBlockingQueue.java:403)&#10;        at java.util.concurrent.ThreadPoolExecutor.getTask(ThreadPoolExecutor.java:1074)&#10;        at java.util.concurrent.ThreadPoolExecutor.runWorker(ThreadPoolExecutor.java:1134)&#10;        at java.util.concurrent.ThreadPoolExecutor$Worker.run(ThreadPoolExecutor.java:624)&#10;        at java.lang.Thread.run(Thread.java:748)&#10;&quot;Datanode State Machine Thread - 0&quot; daemon prio=5 tid=278 timed_waiting&#10;java.lang.Thread.State: TIMED_WAITING&#10;        at java.lang.Thread.sleep(Native Method)&#10;        at org.apache.hadoop.ozone.container.common.statemachine.DatanodeStateMachine.start(DatanodeStateMachine.java:191)&#10;        at org.apache.hadoop.ozone.container.common.statemachine.DatanodeStateMachine.lambda$startDaemon$0(DatanodeStateMachine.java:349)&#10;        at org.apache.hadoop.ozone.container.common.statemachine.DatanodeStateMachine$$Lambda$140/177389135.run(Unknown Source)&#10;        at java.lang.Thread.run(Thread.java:748)&#10;&quot;RatisPipelineUtilsThread&quot;  prio=5 tid=599 timed_waiting&#10;java.lang.Thread.State: TIMED_WAITING&#10;        at sun.misc.Unsafe.park(Native Method)&#10;        at java.util.concurrent.locks.LockSupport.parkNanos(LockSupport.java:215)&#10;        at java.util.concurrent.locks.AbstractQueuedSynchronizer$ConditionObject.awaitNanos(AbstractQueuedSynchronizer.java:2078)&#10;        at java.util.concurrent.ScheduledThreadPoolExecutor$DelayedWorkQueue.take(ScheduledThreadPoolExecutor.java:1093)&#10;        at java.util.concurrent.ScheduledThreadPoolExecutor$DelayedWorkQueue.take(ScheduledThreadPoolExecutor.java:809)&#10;        at java.util.concurrent.ThreadPoolExecutor.getTask(ThreadPoolExecutor.java:1074)&#10;        at java.util.concurrent.ThreadPoolExecutor.runWorker(ThreadPoolExecutor.java:1134)&#10;        at java.util.concurrent.ThreadPoolExecutor$Worker.run(ThreadPoolExecutor.java:624)&#10;        at java.lang.Thread.run(Thread.java:748)&#10;&quot;org.eclipse.jetty.server.session.HashSessionManager@7e642b88Timer&quot; daemon prio=5 tid=195 timed_waiting&#10;java.lang.Thread.State: TIMED_WAITING&#10;        at sun.misc.Unsafe.park(Native Method)&#10;        at java.util.concurrent.locks.LockSupport.parkNanos(LockSupport.java:215)&#10;        at java.util.concurrent.locks.AbstractQueuedSynchronizer$ConditionObject.awaitNanos(AbstractQueuedSynchronizer.java:2078)&#10;        at java.util.concurrent.ScheduledThreadPoolExecutor$DelayedWorkQueue.take(ScheduledThreadPoolExecutor.java:1093)&#10;        at java.util.concurrent.ScheduledThreadPoolExecutor$DelayedWorkQueue.take(ScheduledThreadPoolExecutor.java:809)&#10;        at java.util.concurrent.ThreadPoolExecutor.getTask(ThreadPoolExecutor.java:1074)&#10;        at java.util.concurrent.ThreadPoolExecutor.runWorker(ThreadPoolExecutor.java:1134)&#10;        at java.util.concurrent.ThreadPoolExecutor$Worker.run(ThreadPoolExecutor.java:624)&#10;        at java.lang.Thread.run(Thread.java:748)&#10;&quot;pool-26-thread-50&quot;  prio=5 tid=336 in Object.wait()&#10;java.lang.Thread.State: WAITING (on object monitor)&#10;        at sun.misc.Unsafe.park(Native Method)&#10;        at java.util.concurrent.locks.LockSupport.park(LockSupport.java:175)&#10;        at java.util.concurrent.locks.AbstractQueuedSynchronizer$ConditionObject.await(AbstractQueuedSynchronizer.java:2039)&#10;        at java.util.concurrent.ArrayBlockingQueue.take(ArrayBlockingQueue.java:403)&#10;        at java.util.concurrent.ThreadPoolExecutor.getTask(ThreadPoolExecutor.java:1074)&#10;        at java.util.concurrent.ThreadPoolExecutor.runWorker(ThreadPoolExecutor.java:1134)&#10;        at java.util.concurrent.ThreadPoolExecutor$Worker.run(ThreadPoolExecutor.java:624)&#10;        at java.lang.Thread.run(Thread.java:748)&#10;&quot;Timer-0&quot;  prio=5 tid=112 timed_waiting&#10;java.lang.Thread.State: TIMED_WAITING&#10;        at java.lang.Object.wait(Native Method)&#10;        at java.util.TimerThread.mainLoop(Timer.java:552)&#10;        at java.util.TimerThread.run(Timer.java:505)&#10;&quot;pool-6-thread-1&quot;  prio=5 tid=26 timed_waiting&#10;java.lang.Thread.State: TIMED_WAITING&#10;        at sun.misc.Unsafe.park(Native Method)&#10;        at java.util.concurrent.locks.LockSupport.parkNanos(LockSupport.java:215)&#10;        at java.util.concurrent.locks.AbstractQueuedSynchronizer$ConditionObject.awaitNanos(AbstractQueuedSynchronizer.java:2078)&#10;        at java.util.concurrent.ScheduledThreadPoolExecutor$DelayedWorkQueue.take(ScheduledThreadPoolExecutor.java:1093)&#10;        at java.util.concurrent.ScheduledThreadPoolExecutor$DelayedWorkQueue.take(ScheduledThreadPoolExecutor.java:809)&#10;        at java.util.concurrent.ThreadPoolExecutor.getTask(ThreadPoolExecutor.java:1074)&#10;        at java.util.concurrent.ThreadPoolExecutor.runWorker(ThreadPoolExecutor.java:1134)&#10;        at java.util.concurrent.ThreadPoolExecutor$Worker.run(ThreadPoolExecutor.java:624)&#10;        at java.lang.Thread.run(Thread.java:748)&#10;&quot;pool-66-thread-50&quot;  prio=5 tid=585 in Object.wait()&#10;java.lang.Thread.State: WAITING (on object monitor)&#10;        at sun.misc.Unsafe.park(Native Method)&#10;        at java.util.concurrent.locks.LockSupport.park(LockSupport.java:175)&#10;        at java.util.concurrent.locks.AbstractQueuedSynchronizer$ConditionObject.await(AbstractQueuedSynchronizer.java:2039)&#10;        at java.util.concurrent.ArrayBlockingQueue.take(ArrayBlockingQueue.java:403)&#10;        at java.util.concurrent.ThreadPoolExecutor.getTask(ThreadPoolExecutor.java:1074)&#10;        at java.util.concurrent.ThreadPoolExecutor.runWorker(ThreadPoolExecutor.java:1134)&#10;        at java.util.concurrent.ThreadPoolExecutor$Worker.run(ThreadPoolExecutor.java:624)&#10;        at java.lang.Thread.run(Thread.java:748)&#10;&quot;Datanode ReportManager Thread - 0&quot; daemon prio=5 tid=171 in Object.wait()&#10;java.lang.Thread.State: WAITING (on object monitor)&#10;        at sun.misc.Unsafe.park(Native Method)&#10;        at java.util.concurrent.locks.LockSupport.park(LockSupport.java:175)&#10;        at java.util.concurrent.locks.AbstractQueuedSynchronizer$ConditionObject.await(AbstractQueuedSynchronizer.java:2039)&#10;        at java.util.concurrent.ScheduledThreadPoolExecutor$DelayedWorkQueue.take(ScheduledThreadPoolExecutor.java:1088)&#10;        at java.util.concurrent.ScheduledThreadPoolExecutor$DelayedWorkQueue.take(ScheduledThreadPoolExecutor.java:809)&#10;        at java.util.concurrent.ThreadPoolExecutor.getTask(ThreadPoolExecutor.java:1074)&#10;        at java.util.concurrent.ThreadPoolExecutor.runWorker(ThreadPoolExecutor.java:1134)&#10;        at java.util.concurrent.ThreadPoolExecutor$Worker.run(ThreadPoolExecutor.java:624)&#10;        at java.lang.Thread.run(Thread.java:748)&#10;&quot;qtp650859015-160-acceptor-0@7feb59dd-ServerConnector@59072e9d{HTTP/1.1,[http/1.1]}{0.0.0.0:42733}&quot; daemon prio=3 tid=160 runnable&#10;java.lang.Thread.State: RUNNABLE&#10;        at sun.nio.ch.ServerSocketChannelImpl.accept0(Native Method)&#10;        at sun.nio.ch.ServerSocketChannelImpl.accept(ServerSocketChannelImpl.java:422)&#10;        at sun.nio.ch.ServerSocketChannelImpl.accept(ServerSocketChannelImpl.java:250)&#10;        at org.eclipse.jetty.server.ServerConnector.accept(ServerConnector.java:397)&#10;        at org.eclipse.jetty.server.AbstractConnector$Acceptor.run(AbstractConnector.java:601)&#10;        at org.eclipse.jetty.util.thread.QueuedThreadPool.runJob(QueuedThreadPool.java:671)&#10;        at org.eclipse.jetty.util.thread.QueuedThreadPool$2.run(QueuedThreadPool.java:589)&#10;        at java.lang.Thread.run(Thread.java:748)&#10;&quot;pool-26-thread-55&quot;  prio=5 tid=341 in Object.wait()&#10;java.lang.Thread.State: WAITING (on object monitor)&#10;        at sun.misc.Unsafe.park(Native Method)&#10;        at java.util.concurrent.locks.LockSupport.park(LockSupport.java:175)&#10;        at java.util.concurrent.locks.AbstractQueuedSynchronizer$ConditionObject.await(AbstractQueuedSynchronizer.java:2039)&#10;        at java.util.concurrent.ArrayBlockingQueue.take(ArrayBlockingQueue.java:403)&#10;        at java.util.concurrent.ThreadPoolExecutor.getTask(ThreadPoolExecutor.java:1074)&#10;        at java.util.concurrent.ThreadPoolExecutor.runWorker(ThreadPoolExecutor.java:1134)&#10;        at java.util.concurrent.ThreadPoolExecutor$Worker.run(ThreadPoolExecutor.java:624)&#10;        at java.lang.Thread.run(Thread.java:748)&#10;&quot;metrics-hadoop-metrics2-reporter-15-thread-1&quot; daemon prio=5 tid=647 timed_waiting&#10;java.lang.Thread.State: TIMED_WAITING&#10;        at sun.misc.Unsafe.park(Native Method)&#10;        at java.util.concurrent.locks.LockSupport.parkNanos(LockSupport.java:215)&#10;        at java.util.concurrent.locks.AbstractQueuedSynchronizer$ConditionObject.awaitNanos(AbstractQueuedSynchronizer.java:2078)&#10;        at java.util.concurrent.ScheduledThreadPoolExecutor$DelayedWorkQueue.take(ScheduledThreadPoolExecutor.java:1093)&#10;        at java.util.concurrent.ScheduledThreadPoolExecutor$DelayedWorkQueue.take(ScheduledThreadPoolExecutor.java:809)&#10;        at java.util.concurrent.ThreadPoolExecutor.getTask(ThreadPoolExecutor.java:1074)&#10;        at java.util.concurrent.ThreadPoolExecutor.runWorker(ThreadPoolExecutor.java:1134)&#10;        at java.util.concurrent.ThreadPoolExecutor$Worker.run(ThreadPoolExecutor.java:624)&#10;        at java.lang.Thread.run(Thread.java:748)&#10;&quot;qtp1680841335-215&quot; daemon prio=5 tid=215 timed_waiting&#10;java.lang.Thread.State: TIMED_WAITING&#10;        at sun.misc.Unsafe.park(Native Method)&#10;        at java.util.concurrent.locks.LockSupport.parkNanos(LockSupport.java:215)&#10;        at java.util.concurrent.locks.AbstractQueuedSynchronizer$ConditionObject.awaitNanos(AbstractQueuedSynchronizer.java:2078)&#10;        at org.eclipse.jetty.util.BlockingArrayQueue.poll(BlockingArrayQueue.java:392)&#10;        at org.eclipse.jetty.util.thread.QueuedThreadPool.idleJobPoll(QueuedThreadPool.java:563)&#10;        at org.eclipse.jetty.util.thread.QueuedThreadPool.access$800(QueuedThreadPool.java:48)&#10;        at org.eclipse.jetty.util.thread.QueuedThreadPool$2.run(QueuedThreadPool.java:626)&#10;        at java.lang.Thread.run(Thread.java:748)&#10;&quot;org.eclipse.jetty.server.session.HashSessionManager@2449cff7Timer&quot; daemon prio=5 tid=99 timed_waiting&#10;java.lang.Thread.State: TIMED_WAITING&#10;        at sun.misc.Unsafe.park(Native Method)&#10;        at java.util.concurrent.locks.LockSupport.parkNanos(LockSupport.java:215)&#10;        at java.util.concurrent.locks.AbstractQueuedSynchronizer$ConditionObject.awaitNanos(AbstractQueuedSynchronizer.java:2078)&#10;        at java.util.concurrent.ScheduledThreadPoolExecutor$DelayedWorkQueue.take(ScheduledThreadPoolExecutor.java:1093)&#10;        at java.util.concurrent.ScheduledThreadPoolExecutor$DelayedWorkQueue.take(ScheduledThreadPoolExecutor.java:809)&#10;        at java.util.concurrent.ThreadPoolExecutor.getTask(ThreadPoolExecutor.java:1074)&#10;        at java.util.concurrent.ThreadPoolExecutor.runWorker(ThreadPoolExecutor.java:1134)&#10;        at java.util.concurrent.ThreadPoolExecutor$Worker.run(ThreadPoolExecutor.java:624)&#10;        at java.lang.Thread.run(Thread.java:748)&#10;&quot;pool-66-thread-46&quot;  prio=5 tid=581 in Object.wait()&#10;java.lang.Thread.State: WAITING (on object monitor)&#10;        at sun.misc.Unsafe.park(Native Method)&#10;        at java.util.concurrent.locks.LockSupport.park(LockSupport.java:175)&#10;        at java.util.concurrent.locks.AbstractQueuedSynchronizer$ConditionObject.await(AbstractQueuedSynchronizer.java:2039)&#10;        at java.util.concurrent.ArrayBlockingQueue.take(ArrayBlockingQueue.java:403)&#10;        at java.util.concurrent.ThreadPoolExecutor.getTask(ThreadPoolExecutor.java:1074)&#10;        at java.util.concurrent.ThreadPoolExecutor.runWorker(ThreadPoolExecutor.java:1134)&#10;        at java.util.concurrent.ThreadPoolExecutor$Worker.run(ThreadPoolExecutor.java:624)&#10;        at java.lang.Thread.run(Thread.java:748)&#10;&quot;pool-36-thread-26&quot;  prio=5 tid=372 in Object.wait()&#10;java.lang.Thread.State: WAITING (on object monitor)&#10;        at sun.misc.Unsafe.park(Native Method)&#10;        at java.util.concurrent.locks.LockSupport.park(LockSupport.java:175)&#10;        at java.util.concurrent.locks.AbstractQueuedSynchronizer$ConditionObject.await(AbstractQueuedSynchronizer.java:2039)&#10;        at java.util.concurrent.ArrayBlockingQueue.take(ArrayBlockingQueue.java:403)&#10;        at java.util.concurrent.ThreadPoolExecutor.getTask(ThreadPoolExecutor.java:1074)&#10;        at java.util.concurrent.ThreadPoolExecutor.runWorker(ThreadPoolExecutor.java:1134)&#10;        at java.util.concurrent.ThreadPoolExecutor$Worker.run(ThreadPoolExecutor.java:624)&#10;        at java.lang.Thread.run(Thread.java:748)&#10;&quot;pool-46-thread-50&quot;  prio=5 tid=456 in Object.wait()&#10;java.lang.Thread.State: WAITING (on object monitor)&#10;        at sun.misc.Unsafe.park(Native Method)&#10;        at java.util.concurrent.locks.LockSupport.park(LockSupport.java:175)&#10;        at java.util.concurrent.locks.AbstractQueuedSynchronizer$ConditionObject.await(AbstractQueuedSynchronizer.java:2039)&#10;        at java.util.concurrent.ArrayBlockingQueue.take(ArrayBlockingQueue.java:403)&#10;        at java.util.concurrent.ThreadPoolExecutor.getTask(ThreadPoolExecutor.java:1074)&#10;        at java.util.concurrent.ThreadPoolExecutor.runWorker(ThreadPoolExecutor.java:1134)&#10;        at java.util.concurrent.ThreadPoolExecutor$Worker.run(ThreadPoolExecutor.java:624)&#10;        at java.lang.Thread.run(Thread.java:748)&#10;&quot;IPC Server handler 8 on 46821&quot; daemon prio=5 tid=57 timed_waiting&#10;java.lang.Thread.State: TIMED_WAITING&#10;        at sun.misc.Unsafe.park(Native Method)&#10;        at java.util.concurrent.locks.LockSupport.parkNanos(LockSupport.java:215)&#10;        at java.util.concurrent.locks.AbstractQueuedSynchronizer$ConditionObject.awaitNanos(AbstractQueuedSynchronizer.java:2078)&#10;        at java.util.concurrent.LinkedBlockingQueue.poll(LinkedBlockingQueue.java:467)&#10;        at org.apache.hadoop.ipc.CallQueueManager.take(CallQueueManager.java:288)&#10;        at org.apache.hadoop.ipc.Server$Handler.run(Server.java:2668)&#10;&quot;metrics-hadoop-metrics2-reporter-22-thread-1&quot; daemon prio=5 tid=663 timed_waiting&#10;java.lang.Thread.State: TIMED_WAITING&#10;        at sun.misc.Unsafe.park(Native Method)&#10;        at java.util.concurrent.locks.LockSupport.parkNanos(LockSupport.java:215)&#10;        at java.util.concurrent.locks.AbstractQueuedSynchronizer$ConditionObject.awaitNanos(AbstractQueuedSynchronizer.java:2078)&#10;        at java.util.concurrent.ScheduledThreadPoolExecutor$DelayedWorkQueue.take(ScheduledThreadPoolExecutor.java:1093)&#10;        at java.util.concurrent.ScheduledThreadPoolExecutor$DelayedWorkQueue.take(ScheduledThreadPoolExecutor.java:809)&#10;        at java.util.concurrent.ThreadPoolExecutor.getTask(ThreadPoolExecutor.java:1074)&#10;        at java.util.concurrent.ThreadPoolExecutor.runWorker(ThreadPoolExecutor.java:1134)&#10;        at java.util.concurrent.ThreadPoolExecutor$Worker.run(ThreadPoolExecutor.java:624)&#10;        at java.lang.Thread.run(Thread.java:748)&#10;&quot;IPC Server handler 12 on 46821&quot; daemon prio=5 tid=61 timed_waiting&#10;java.lang.Thread.State: TIMED_WAITING&#10;        at sun.misc.Unsafe.park(Native Method)&#10;        at java.util.concurrent.locks.LockSupport.parkNanos(LockSupport.java:215)&#10;        at java.util.concurrent.locks.AbstractQueuedSynchronizer$ConditionObject.awaitNanos(AbstractQueuedSynchronizer.java:2078)&#10;        at java.util.concurrent.LinkedBlockingQueue.poll(LinkedBlockingQueue.java:467)&#10;        at org.apache.hadoop.ipc.CallQueueManager.take(CallQueueManager.java:288)&#10;        at org.apache.hadoop.ipc.Server$Handler.run(Server.java:2668)&#10;&quot;pool-66-thread-27&quot;  prio=5 tid=562 in Object.wait()&#10;java.lang.Thread.State: WAITING (on object monitor)&#10;        at sun.misc.Unsafe.park(Native Method)&#10;        at java.util.concurrent.locks.LockSupport.park(LockSupport.java:175)&#10;        at java.util.concurrent.locks.AbstractQueuedSynchronizer$ConditionObject.await(AbstractQueuedSynchronizer.java:2039)&#10;        at java.util.concurrent.ArrayBlockingQueue.take(ArrayBlockingQueue.java:403)&#10;        at java.util.concurrent.ThreadPoolExecutor.getTask(ThreadPoolExecutor.java:1074)&#10;        at java.util.concurrent.ThreadPoolExecutor.runWorker(ThreadPoolExecutor.java:1134)&#10;        at java.util.concurrent.ThreadPoolExecutor$Worker.run(ThreadPoolExecutor.java:624)&#10;        at java.lang.Thread.run(Thread.java:748)&#10;&quot;IPC Server handler 7 on 46821&quot; daemon prio=5 tid=56 timed_waiting&#10;java.lang.Thread.State: TIMED_WAITING&#10;        at sun.misc.Unsafe.park(Native Method)&#10;        at java.util.concurrent.locks.LockSupport.parkNanos(LockSupport.java:215)&#10;        at java.util.concurrent.locks.AbstractQueuedSynchronizer$ConditionObject.awaitNanos(AbstractQueuedSynchronizer.java:2078)&#10;        at java.util.concurrent.LinkedBlockingQueue.poll(LinkedBlockingQueue.java:467)&#10;        at org.apache.hadoop.ipc.CallQueueManager.take(CallQueueManager.java:288)&#10;        at org.apache.hadoop.ipc.Server$Handler.run(Server.java:2668)&#10;&quot;Periodic HDDS volume checker&quot;  prio=5 tid=152 timed_waiting&#10;java.lang.Thread.State: TIMED_WAITING&#10;        at sun.misc.Unsafe.park(Native Method)&#10;        at java.util.concurrent.locks.LockSupport.parkNanos(LockSupport.java:215)&#10;        at java.util.concurrent.locks.AbstractQueuedSynchronizer$ConditionObject.awaitNanos(AbstractQueuedSynchronizer.java:2078)&#10;        at java.util.concurrent.ScheduledThreadPoolExecutor$DelayedWorkQueue.take(ScheduledThreadPoolExecutor.java:1093)&#10;        at java.util.concurrent.ScheduledThreadPoolExecutor$DelayedWorkQueue.take(ScheduledThreadPoolExecutor.java:809)&#10;        at java.util.concurrent.ThreadPoolExecutor.getTask(ThreadPoolExecutor.java:1074)&#10;        at java.util.concurrent.ThreadPoolExecutor.runWorker(ThreadPoolExecutor.java:1134)&#10;        at java.util.concurrent.ThreadPoolExecutor$Worker.run(ThreadPoolExecutor.java:624)&#10;        at java.lang.Thread.run(Thread.java:748)&#10;&quot;metrics-hadoop-metrics2-reporter-46-thread-1&quot; daemon prio=5 tid=811 timed_waiting&#10;java.lang.Thread.State: TIMED_WAITING&#10;        at sun.misc.Unsafe.park(Native Method)&#10;        at java.util.concurrent.locks.LockSupport.parkNanos(LockSupport.java:215)&#10;        at java.util.concurrent.locks.AbstractQueuedSynchronizer$ConditionObject.awaitNanos(AbstractQueuedSynchronizer.java:2078)&#10;        at java.util.concurrent.ScheduledThreadPoolExecutor$DelayedWorkQueue.take(ScheduledThreadPoolExecutor.java:1093)&#10;        at java.util.concurrent.ScheduledThreadPoolExecutor$DelayedWorkQueue.take(ScheduledThreadPoolExecutor.java:809)&#10;        at java.util.concurrent.ThreadPoolExecutor.getTask(ThreadPoolExecutor.java:1074)&#10;        at java.util.concurrent.ThreadPoolExecutor.runWorker(ThreadPoolExecutor.java:1134)&#10;        at java.util.concurrent.ThreadPoolExecutor$Worker.run(ThreadPoolExecutor.java:624)&#10;        at java.lang.Thread.run(Thread.java:748)&#10;&quot;qtp801142660-142&quot; daemon prio=5 tid=142 timed_waiting&#10;java.lang.Thread.State: TIMED_WAITING&#10;        at sun.misc.Unsafe.park(Native Method)&#10;        at java.util.concurrent.locks.LockSupport.parkNanos(LockSupport.java:215)&#10;        at java.util.concurrent.locks.AbstractQueuedSynchronizer$ConditionObject.awaitNanos(AbstractQueuedSynchronizer.java:2078)&#10;        at org.eclipse.jetty.util.BlockingArrayQueue.poll(BlockingArrayQueue.java:392)&#10;        at org.eclipse.jetty.util.thread.QueuedThreadPool.idleJobPoll(QueuedThreadPool.java:563)&#10;        at org.eclipse.jetty.util.thread.QueuedThreadPool.access$800(QueuedThreadPool.java:48)&#10;        at org.eclipse.jetty.util.thread.QueuedThreadPool$2.run(QueuedThreadPool.java:626)&#10;        at java.lang.Thread.run(Thread.java:748)&#10;&quot;metrics-hadoop-metrics2-reporter-37-thread-1&quot; daemon prio=5 tid=721 timed_waiting&#10;java.lang.Thread.State: TIMED_WAITING&#10;        at sun.misc.Unsafe.park(Native Method)&#10;        at java.util.concurrent.locks.LockSupport.parkNanos(LockSupport.java:215)&#10;        at java.util.concurrent.locks.AbstractQueuedSynchronizer$ConditionObject.awaitNanos(AbstractQueuedSynchronizer.java:2078)&#10;        at java.util.concurrent.ScheduledThreadPoolExecutor$DelayedWorkQueue.take(ScheduledThreadPoolExecutor.java:1093)&#10;        at java.util.concurrent.ScheduledThreadPoolExecutor$DelayedWorkQueue.take(ScheduledThreadPoolExecutor.java:809)&#10;        at java.util.concurrent.ThreadPoolExecutor.getTask(ThreadPoolExecutor.java:1074)&#10;        at java.util.concurrent.ThreadPoolExecutor.runWorker(ThreadPoolExecutor.java:1134)&#10;        at java.util.concurrent.ThreadPoolExecutor$Worker.run(ThreadPoolExecutor.java:624)&#10;        at java.lang.Thread.run(Thread.java:748)&#10;&quot;IPC Server handler 9 on 33004&quot; daemon prio=5 tid=78 timed_waiting&#10;java.lang.Thread.State: TIMED_WAITING&#10;        at sun.misc.Unsafe.park(Native Method)&#10;        at java.util.concurrent.locks.LockSupport.parkNanos(LockSupport.java:215)&#10;        at java.util.concurrent.locks.AbstractQueuedSynchronizer$ConditionObject.awaitNanos(AbstractQueuedSynchronizer.java:2078)&#10;        at java.util.concurrent.LinkedBlockingQueue.poll(LinkedBlockingQueue.java:467)&#10;        at org.apache.hadoop.ipc.CallQueueManager.take(CallQueueManager.java:288)&#10;        at org.apache.hadoop.ipc.Server$Handler.run(Server.java:2668)&#10;&quot;pool-46-thread-26&quot;  prio=5 tid=432 in Object.wait()&#10;java.lang.Thread.State: WAITING (on object monitor)&#10;        at sun.misc.Unsafe.park(Native Method)&#10;        at java.util.concurrent.locks.LockSupport.park(LockSupport.java:175)&#10;        at java.util.concurrent.locks.AbstractQueuedSynchronizer$ConditionObject.await(AbstractQueuedSynchronizer.java:2039)&#10;        at java.util.concurrent.ArrayBlockingQueue.take(ArrayBlockingQueue.java:403)&#10;        at java.util.concurrent.ThreadPoolExecutor.getTask(ThreadPoolExecutor.java:1074)&#10;        at java.util.concurrent.ThreadPoolExecutor.runWorker(ThreadPoolExecutor.java:1134)&#10;        at java.util.concurrent.ThreadPoolExecutor$Worker.run(ThreadPoolExecutor.java:624)&#10;        at java.lang.Thread.run(Thread.java:748)&#10;&quot;IPC Server handler 11 on 35444&quot; daemon prio=5 tid=125 timed_waiting&#10;java.lang.Thread.State: TIMED_WAITING&#10;        at sun.misc.Unsafe.park(Native Method)&#10;        at java.util.concurrent.locks.LockSupport.parkNanos(LockSupport.java:215)&#10;        at java.util.concurrent.locks.AbstractQueuedSynchronizer$ConditionObject.awaitNanos(AbstractQueuedSynchronizer.java:2078)&#10;        at java.util.concurrent.LinkedBlockingQueue.poll(LinkedBlockingQueue.java:467)&#10;        at org.apache.hadoop.ipc.CallQueueManager.take(CallQueueManager.java:288)&#10;        at org.apache.hadoop.ipc.Server$Handler.run(Server.java:2668)&#10;&quot;metrics-hadoop-metrics2-reporter-21-thread-1&quot; daemon prio=5 tid=662 timed_waiting&#10;java.lang.Thread.State: TIMED_WAITING&#10;        at sun.misc.Unsafe.park(Native Method)&#10;        at java.util.concurrent.locks.LockSupport.parkNanos(LockSupport.java:215)&#10;        at java.util.concurrent.locks.AbstractQueuedSynchronizer$ConditionObject.awaitNanos(AbstractQueuedSynchronizer.java:2078)&#10;        at java.util.concurrent.ScheduledThreadPoolExecutor$DelayedWorkQueue.take(ScheduledThreadPoolExecutor.java:1093)&#10;        at java.util.concurrent.ScheduledThreadPoolExecutor$DelayedWorkQueue.take(ScheduledThreadPoolExecutor.java:809)&#10;        at java.util.concurrent.ThreadPoolExecutor.getTask(ThreadPoolExecutor.java:1074)&#10;        at java.util.concurrent.ThreadPoolExecutor.runWorker(ThreadPoolExecutor.java:1134)&#10;        at java.util.concurrent.ThreadPoolExecutor$Worker.run(ThreadPoolExecutor.java:624)&#10;        at java.lang.Thread.run(Thread.java:748)&#10;&quot;IPC Server handler 2 on 35444&quot; daemon prio=5 tid=116 timed_waiting&#10;java.lang.Thread.State: TIMED_WAITING&#10;        at sun.misc.Unsafe.park(Native Method)&#10;        at java.util.concurrent.locks.LockSupport.parkNanos(LockSupport.java:215)&#10;        at java.util.concurrent.locks.AbstractQueuedSynchronizer$ConditionObject.awaitNanos(AbstractQueuedSynchronizer.java:2078)&#10;        at java.util.concurrent.LinkedBlockingQueue.poll(LinkedBlockingQueue.java:467)&#10;        at org.apache.hadoop.ipc.CallQueueManager.take(CallQueueManager.java:288)&#10;        at org.apache.hadoop.ipc.Server$Handler.run(Server.java:2668)&#10;&quot;pool-56-thread-60&quot;  prio=5 tid=533 in Object.wait()&#10;java.lang.Thread.State: WAITING (on object monitor)&#10;        at sun.misc.Unsafe.park(Native Method)&#10;        at java.util.concurrent.locks.LockSupport.park(LockSupport.java:175)&#10;        at java.util.concurrent.locks.AbstractQueuedSynchronizer$ConditionObject.await(AbstractQueuedSynchronizer.java:2039)&#10;        at java.util.concurrent.ArrayBlockingQueue.take(ArrayBlockingQueue.java:403)&#10;        at java.util.concurrent.ThreadPoolExecutor.getTask(ThreadPoolExecutor.java:1074)&#10;        at java.util.concurrent.ThreadPoolExecutor.runWorker(ThreadPoolExecutor.java:1134)&#10;        at java.util.concurrent.ThreadPoolExecutor$Worker.run(ThreadPoolExecutor.java:624)&#10;        at java.lang.Thread.run(Thread.java:748)&#10;&quot;org.eclipse.jetty.server.session.HashSessionManager@2a4f5433Timer&quot; daemon prio=5 tid=277 timed_waiting&#10;java.lang.Thread.State: TIMED_WAITING&#10;        at sun.misc.Unsafe.park(Native Method)&#10;        at java.util.concurrent.locks.LockSupport.parkNanos(LockSupport.java:215)&#10;        at java.util.concurrent.locks.AbstractQueuedSynchronizer$ConditionObject.awaitNanos(AbstractQueuedSynchronizer.java:2078)&#10;        at java.util.concurrent.ScheduledThreadPoolExecutor$DelayedWorkQueue.take(ScheduledThreadPoolExecutor.java:1093)&#10;        at java.util.concurrent.ScheduledThreadPoolExecutor$DelayedWorkQueue.take(ScheduledThreadPoolExecutor.java:809)&#10;        at java.util.concurrent.ThreadPoolExecutor.getTask(ThreadPoolExecutor.java:1074)&#10;        at java.util.concurrent.ThreadPoolExecutor.runWorker(ThreadPoolExecutor.java:1134)&#10;        at java.util.concurrent.ThreadPoolExecutor$Worker.run(ThreadPoolExecutor.java:624)&#10;        at java.lang.Thread.run(Thread.java:748)&#10;&quot;qtp650859015-159&quot; daemon prio=5 tid=159 runnable&#10;java.lang.Thread.State: RUNNABLE&#10;        at sun.nio.ch.EPollArrayWrapper.epollWait(Native Method)&#10;        at sun.nio.ch.EPollArrayWrapper.poll(EPollArrayWrapper.java:269)&#10;        at sun.nio.ch.EPollSelectorImpl.doSelect(EPollSelectorImpl.java:93)&#10;        at sun.nio.ch.SelectorImpl.lockAndDoSelect(SelectorImpl.java:86)&#10;        at sun.nio.ch.SelectorImpl.select(SelectorImpl.java:97)&#10;        at sun.nio.ch.SelectorImpl.select(SelectorImpl.java:101)&#10;        at org.eclipse.jetty.io.ManagedSelector$SelectorProducer.select(ManagedSelector.java:243)&#10;        at org.eclipse.jetty.io.ManagedSelector$SelectorProducer.produce(ManagedSelector.java:191)&#10;        at org.eclipse.jetty.util.thread.strategy.ExecuteProduceConsume.executeProduceConsume(ExecuteProduceConsume.java:249)&#10;        at org.eclipse.jetty.util.thread.strategy.ExecuteProduceConsume.produceConsume(ExecuteProduceConsume.java:148)&#10;        at org.eclipse.jetty.util.thread.strategy.ExecuteProduceConsume.execute(ExecuteProduceConsume.java:100)&#10;        at org.eclipse.jetty.io.ManagedSelector.run(ManagedSelector.java:147)&#10;        at org.eclipse.jetty.util.thread.QueuedThreadPool.runJob(QueuedThreadPool.java:671)&#10;        at org.eclipse.jetty.util.thread.QueuedThreadPool$2.run(QueuedThreadPool.java:589)&#10;        at java.lang.Thread.run(Thread.java:748)&#10;&quot;pool-36-thread-35&quot;  prio=5 tid=381 in Object.wait()&#10;java.lang.Thread.State: WAITING (on object monitor)&#10;        at sun.misc.Unsafe.park(Native Method)&#10;        at java.util.concurrent.locks.LockSupport.park(LockSupport.java:175)&#10;        at java.util.concurrent.locks.AbstractQueuedSynchronizer$ConditionObject.await(AbstractQueuedSynchronizer.java:2039)&#10;        at java.util.concurrent.ArrayBlockingQueue.take(ArrayBlockingQueue.java:403)&#10;        at java.util.concurrent.ThreadPoolExecutor.getTask(ThreadPoolExecutor.java:1074)&#10;        at java.util.concurrent.ThreadPoolExecutor.runWorker(ThreadPoolExecutor.java:1134)&#10;        at java.util.concurrent.ThreadPoolExecutor$Worker.run(ThreadPoolExecutor.java:624)&#10;        at java.lang.Thread.run(Thread.java:748)&#10;&quot;pool-36-thread-2&quot;  prio=5 tid=348 in Object.wait()&#10;java.lang.Thread.State: WAITING (on object monitor)&#10;        at sun.misc.Unsafe.park(Native Method)&#10;        at java.util.concurrent.locks.LockSupport.park(LockSupport.java:175)&#10;        at java.util.concurrent.locks.AbstractQueuedSynchronizer$ConditionObject.await(AbstractQueuedSynchronizer.java:2039)&#10;        at java.util.concurrent.ArrayBlockingQueue.take(ArrayBlockingQueue.java:403)&#10;        at java.util.concurrent.ThreadPoolExecutor.getTask(ThreadPoolExecutor.java:1074)&#10;        at java.util.concurrent.ThreadPoolExecutor.runWorker(ThreadPoolExecutor.java:1134)&#10;        at java.util.concurrent.ThreadPoolExecutor$Worker.run(ThreadPoolExecutor.java:624)&#10;        at java.lang.Thread.run(Thread.java:748)&#10;&quot;IPC Server handler 17 on 46821&quot; daemon prio=5 tid=66 timed_waiting&#10;java.lang.Thread.State: TIMED_WAITING&#10;        at sun.misc.Unsafe.park(Native Method)&#10;        at java.util.concurrent.locks.LockSupport.parkNanos(LockSupport.java:215)&#10;        at java.util.concurrent.locks.AbstractQueuedSynchronizer$ConditionObject.awaitNanos(AbstractQueuedSynchronizer.java:2078)&#10;        at java.util.concurrent.LinkedBlockingQueue.poll(LinkedBlockingQueue.java:467)&#10;        at org.apache.hadoop.ipc.CallQueueManager.take(CallQueueManager.java:288)&#10;        at org.apache.hadoop.ipc.Server$Handler.run(Server.java:2668)&#10;&quot;pool-36-thread-1&quot;  prio=5 tid=347 in Object.wait()&#10;java.lang.Thread.State: WAITING (on object monitor)&#10;        at sun.misc.Unsafe.park(Native Method)&#10;        at java.util.concurrent.locks.LockSupport.park(LockSupport.java:175)&#10;        at java.util.concurrent.locks.AbstractQueuedSynchronizer$ConditionObject.await(AbstractQueuedSynchronizer.java:2039)&#10;        at java.util.concurrent.ArrayBlockingQueue.take(ArrayBlockingQueue.java:403)&#10;        at java.util.concurrent.ThreadPoolExecutor.getTask(ThreadPoolExecutor.java:1074)&#10;        at java.util.concurrent.ThreadPoolExecutor.runWorker(ThreadPoolExecutor.java:1134)&#10;        at java.util.concurrent.ThreadPoolExecutor$Worker.run(ThreadPoolExecutor.java:624)&#10;        at java.lang.Thread.run(Thread.java:748)&#10;&quot;pool-46-thread-8&quot;  prio=5 tid=414 in Object.wait()&#10;java.lang.Thread.State: WAITING (on object monitor)&#10;        at sun.misc.Unsafe.park(Native Method)&#10;        at java.util.concurrent.locks.LockSupport.park(LockSupport.java:175)&#10;        at java.util.concurrent.locks.AbstractQueuedSynchronizer$ConditionObject.await(AbstractQueuedSynchronizer.java:2039)&#10;        at java.util.concurrent.ArrayBlockingQueue.take(ArrayBlockingQueue.java:403)&#10;        at java.util.concurrent.ThreadPoolExecutor.getTask(ThreadPoolExecutor.java:1074)&#10;        at java.util.concurrent.ThreadPoolExecutor.runWorker(ThreadPoolExecutor.java:1134)&#10;        at java.util.concurrent.ThreadPoolExecutor$Worker.run(ThreadPoolExecutor.java:624)&#10;        at java.lang.Thread.run(Thread.java:748)&#10;&quot;org.eclipse.jetty.server.session.HashSessionManager@3277e499Timer&quot; daemon prio=5 tid=97 timed_waiting&#10;java.lang.Thread.State: TIMED_WAITING&#10;        at sun.misc.Unsafe.park(Native Method)&#10;        at java.util.concurrent.locks.LockSupport.parkNanos(LockSupport.java:215)&#10;        at java.util.concurrent.locks.AbstractQueuedSynchronizer$ConditionObject.awaitNanos(AbstractQueuedSynchronizer.java:2078)&#10;        at java.util.concurrent.ScheduledThreadPoolExecutor$DelayedWorkQueue.take(ScheduledThreadPoolExecutor.java:1093)&#10;        at java.util.concurrent.ScheduledThreadPoolExecutor$DelayedWorkQueue.take(ScheduledThreadPoolExecutor.java:809)&#10;        at java.util.concurrent.ThreadPoolExecutor.getTask(ThreadPoolExecutor.java:1074)&#10;        at java.util.concurrent.ThreadPoolExecutor.runWorker(ThreadPoolExecutor.java:1134)&#10;        at java.util.concurrent.ThreadPoolExecutor$Worker.run(ThreadPoolExecutor.java:624)&#10;        at java.lang.Thread.run(Thread.java:748)&#10;&quot;IPC Server handler 6 on 46821&quot; daemon prio=5 tid=55 timed_waiting&#10;java.lang.Thread.State: TIMED_WAITING&#10;        at sun.misc.Unsafe.park(Native Method)&#10;        at java.util.concurrent.locks.LockSupport.parkNanos(LockSupport.java:215)&#10;        at java.util.concurrent.locks.AbstractQueuedSynchronizer$ConditionObject.awaitNanos(AbstractQueuedSynchronizer.java:2078)&#10;        at java.util.concurrent.LinkedBlockingQueue.poll(LinkedBlockingQueue.java:467)&#10;        at org.apache.hadoop.ipc.CallQueueManager.take(CallQueueManager.java:288)&#10;        at org.apache.hadoop.ipc.Server$Handler.run(Server.java:2668)&#10;&quot;pool-66-thread-51&quot;  prio=5 tid=586 in Object.wait()&#10;java.lang.Thread.State: WAITING (on object monitor)&#10;        at sun.misc.Unsafe.park(Native Method)&#10;        at java.util.concurrent.locks.LockSupport.park(LockSupport.java:175)&#10;        at java.util.concurrent.locks.AbstractQueuedSynchronizer$ConditionObject.await(AbstractQueuedSynchronizer.java:2039)&#10;        at java.util.concurrent.ArrayBlockingQueue.take(ArrayBlockingQueue.java:403)&#10;        at java.util.concurrent.ThreadPoolExecutor.getTask(ThreadPoolExecutor.java:1074)&#10;        at java.util.concurrent.ThreadPoolExecutor.runWorker(ThreadPoolExecutor.java:1134)&#10;        at java.util.concurrent.ThreadPoolExecutor$Worker.run(ThreadPoolExecutor.java:624)&#10;        at java.lang.Thread.run(Thread.java:748)&#10;&quot;pool-66-thread-3&quot;  prio=5 tid=538 in Object.wait()&#10;java.lang.Thread.State: WAITING (on object monitor)&#10;        at sun.misc.Unsafe.park(Native Method)&#10;        at java.util.concurrent.locks.LockSupport.park(LockSupport.java:175)&#10;        at java.util.concurrent.locks.AbstractQueuedSynchronizer$ConditionObject.await(AbstractQueuedSynchronizer.java:2039)&#10;        at java.util.concurrent.ArrayBlockingQueue.take(ArrayBlockingQueue.java:403)&#10;        at java.util.concurrent.ThreadPoolExecutor.getTask(ThreadPoolExecutor.java:1074)&#10;        at java.util.concurrent.ThreadPoolExecutor.runWorker(ThreadPoolExecutor.java:1134)&#10;        at java.util.concurrent.ThreadPoolExecutor$Worker.run(ThreadPoolExecutor.java:624)&#10;        at java.lang.Thread.run(Thread.java:748)&#10;&quot;IPC Server handler 10 on 33004&quot; daemon prio=5 tid=79 timed_waiting&#10;java.lang.Thread.State: TIMED_WAITING&#10;        at sun.misc.Unsafe.park(Native Method)&#10;        at java.util.concurrent.locks.LockSupport.parkNanos(LockSupport.java:215)&#10;        at java.util.concurrent.locks.AbstractQueuedSynchronizer$ConditionObject.awaitNanos(AbstractQueuedSynchronizer.java:2078)&#10;        at java.util.concurrent.LinkedBlockingQueue.poll(LinkedBlockingQueue.java:467)&#10;        at org.apache.hadoop.ipc.CallQueueManager.take(CallQueueManager.java:288)&#10;        at org.apache.hadoop.ipc.Server$Handler.run(Server.java:2668)&#10;&quot;metrics-hadoop-metrics2-reporter-3-thread-1&quot; daemon prio=5 tid=617 timed_waiting&#10;java.lang.Thread.State: TIMED_WAITING&#10;        at sun.misc.Unsafe.park(Native Method)&#10;        at java.util.concurrent.locks.LockSupport.parkNanos(LockSupport.java:215)&#10;        at java.util.concurrent.locks.AbstractQueuedSynchronizer$ConditionObject.awaitNanos(AbstractQueuedSynchronizer.java:2078)&#10;        at java.util.concurrent.ScheduledThreadPoolExecutor$DelayedWorkQueue.take(ScheduledThreadPoolExecutor.java:1093)&#10;        at java.util.concurrent.ScheduledThreadPoolExecutor$DelayedWorkQueue.take(ScheduledThreadPoolExecutor.java:809)&#10;        at java.util.concurrent.ThreadPoolExecutor.getTask(ThreadPoolExecutor.java:1074)&#10;        at java.util.concurrent.ThreadPoolExecutor.runWorker(ThreadPoolExecutor.java:1134)&#10;        at java.util.concurrent.ThreadPoolExecutor$Worker.run(ThreadPoolExecutor.java:624)&#10;        at java.lang.Thread.run(Thread.java:748)&#10;&quot;qtp1043358826-89&quot; daemon prio=5 tid=89 runnable&#10;java.lang.Thread.State: RUNNABLE&#10;        at sun.nio.ch.EPollArrayWrapper.epollWait(Native Method)&#10;        at sun.nio.ch.EPollArrayWrapper.poll(EPollArrayWrapper.java:269)&#10;        at sun.nio.ch.EPollSelectorImpl.doSelect(EPollSelectorImpl.java:93)&#10;        at sun.nio.ch.SelectorImpl.lockAndDoSelect(SelectorImpl.java:86)&#10;        at sun.nio.ch.SelectorImpl.select(SelectorImpl.java:97)&#10;        at sun.nio.ch.SelectorImpl.select(SelectorImpl.java:101)&#10;        at org.eclipse.jetty.io.ManagedSelector$SelectorProducer.select(ManagedSelector.java:243)&#10;        at org.eclipse.jetty.io.ManagedSelector$SelectorProducer.produce(ManagedSelector.java:191)&#10;        at org.eclipse.jetty.util.thread.strategy.ExecuteProduceConsume.executeProduceConsume(ExecuteProduceConsume.java:249)&#10;        at org.eclipse.jetty.util.thread.strategy.ExecuteProduceConsume.produceConsume(ExecuteProduceConsume.java:148)&#10;        at org.eclipse.jetty.util.thread.strategy.ExecuteProduceConsume.execute(ExecuteProduceConsume.java:100)&#10;        at org.eclipse.jetty.io.ManagedSelector.run(ManagedSelector.java:147)&#10;        at org.eclipse.jetty.util.thread.QueuedThreadPool.runJob(QueuedThreadPool.java:671)&#10;        at org.eclipse.jetty.util.thread.QueuedThreadPool$2.run(QueuedThreadPool.java:589)&#10;        at java.lang.Thread.run(Thread.java:748)&#10;&quot;IPC Server handler 12 on 40923&quot; daemon prio=5 tid=41 timed_waiting&#10;java.lang.Thread.State: TIMED_WAITING&#10;        at sun.misc.Unsafe.park(Native Method)&#10;        at java.util.concurrent.locks.LockSupport.parkNanos(LockSupport.java:215)&#10;        at java.util.concurrent.locks.AbstractQueuedSynchronizer$ConditionObject.awaitNanos(AbstractQueuedSynchronizer.java:2078)&#10;        at java.util.concurrent.LinkedBlockingQueue.poll(LinkedBlockingQueue.java:467)&#10;        at org.apache.hadoop.ipc.CallQueueManager.take(CallQueueManager.java:288)&#10;        at org.apache.hadoop.ipc.Server$Handler.run(Server.java:2668)&#10;&quot;pool-56-thread-54&quot;  prio=5 tid=527 in Object.wait()&#10;java.lang.Thread.State: WAITING (on object monitor)&#10;        at sun.misc.Unsafe.park(Native Method)&#10;        at java.util.concurrent.locks.LockSupport.park(LockSupport.java:175)&#10;        at java.util.concurrent.locks.AbstractQueuedSynchronizer$ConditionObject.await(AbstractQueuedSynchronizer.java:2039)&#10;        at java.util.concurrent.ArrayBlockingQueue.take(ArrayBlockingQueue.java:403)&#10;        at java.util.concurrent.ThreadPoolExecutor.getTask(ThreadPoolExecutor.java:1074)&#10;        at java.util.concurrent.ThreadPoolExecutor.runWorker(ThreadPoolExecutor.java:1134)&#10;        at java.util.concurrent.ThreadPoolExecutor$Worker.run(ThreadPoolExecutor.java:624)&#10;        at java.lang.Thread.run(Thread.java:748)&#10;&quot;Thread-231&quot; daemon prio=5 tid=668 timed_waiting&#10;java.lang.Thread.State: TIMED_WAITING&#10;        at sun.misc.Unsafe.park(Native Method)&#10;        at java.util.concurrent.locks.LockSupport.parkNanos(LockSupport.java:215)&#10;        at java.util.concurrent.locks.AbstractQueuedSynchronizer$ConditionObject.awaitNanos(AbstractQueuedSynchronizer.java:2078)&#10;        at java.util.concurrent.ArrayBlockingQueue.poll(ArrayBlockingQueue.java:418)&#10;        at org.apache.ratis.server.impl.LeaderState$EventQueue.poll(LeaderState.java:115)&#10;        at org.apache.ratis.server.impl.LeaderState$EventProcessor.run(LeaderState.java:467)&#10;&quot;pool-56-thread-22&quot;  prio=5 tid=495 in Object.wait()&#10;java.lang.Thread.State: WAITING (on object monitor)&#10;        at sun.misc.Unsafe.park(Native Method)&#10;        at java.util.concurrent.locks.LockSupport.park(LockSupport.java:175)&#10;        at java.util.concurrent.locks.AbstractQueuedSynchronizer$ConditionObject.await(AbstractQueuedSynchronizer.java:2039)&#10;        at java.util.concurrent.ArrayBlockingQueue.take(ArrayBlockingQueue.java:403)&#10;        at java.util.concurrent.ThreadPoolExecutor.getTask(ThreadPoolExecutor.java:1074)&#10;        at java.util.concurrent.ThreadPoolExecutor.runWorker(ThreadPoolExecutor.java:1134)&#10;        at java.util.concurrent.ThreadPoolExecutor$Worker.run(ThreadPoolExecutor.java:624)&#10;        at java.lang.Thread.run(Thread.java:748)&#10;&quot;pool-66-thread-52&quot;  prio=5 tid=587 in Object.wait()&#10;java.lang.Thread.State: WAITING (on object monitor)&#10;        at sun.misc.Unsafe.park(Native Method)&#10;        at java.util.concurrent.locks.LockSupport.park(LockSupport.java:175)&#10;        at java.util.concurrent.locks.AbstractQueuedSynchronizer$ConditionObject.await(AbstractQueuedSynchronizer.java:2039)&#10;        at java.util.concurrent.ArrayBlockingQueue.take(ArrayBlockingQueue.java:403)&#10;        at java.util.concurrent.ThreadPoolExecutor.getTask(ThreadPoolExecutor.java:1074)&#10;        at java.util.concurrent.ThreadPoolExecutor.runWorker(ThreadPoolExecutor.java:1134)&#10;        at java.util.concurrent.ThreadPoolExecutor$Worker.run(ThreadPoolExecutor.java:624)&#10;        at java.lang.Thread.run(Thread.java:748)&#10;&quot;pool-46-thread-30&quot;  prio=5 tid=436 in Object.wait()&#10;java.lang.Thread.State: WAITING (on object monitor)&#10;        at sun.misc.Unsafe.park(Native Method)&#10;        at java.util.concurrent.locks.LockSupport.park(LockSupport.java:175)&#10;        at java.util.concurrent.locks.AbstractQueuedSynchronizer$ConditionObject.await(AbstractQueuedSynchronizer.java:2039)&#10;        at java.util.concurrent.ArrayBlockingQueue.take(ArrayBlockingQueue.java:403)&#10;        at java.util.concurrent.ThreadPoolExecutor.getTask(ThreadPoolExecutor.java:1074)&#10;        at java.util.concurrent.ThreadPoolExecutor.runWorker(ThreadPoolExecutor.java:1134)&#10;        at java.util.concurrent.ThreadPoolExecutor$Worker.run(ThreadPoolExecutor.java:624)&#10;        at java.lang.Thread.run(Thread.java:748)&#10;&quot;pool-26-thread-49&quot;  prio=5 tid=335 in Object.wait()&#10;java.lang.Thread.State: WAITING (on object monitor)&#10;        at sun.misc.Unsafe.park(Native Method)&#10;        at java.util.concurrent.locks.LockSupport.park(LockSupport.java:175)&#10;        at java.util.concurrent.locks.AbstractQueuedSynchronizer$ConditionObject.await(AbstractQueuedSynchronizer.java:2039)&#10;        at java.util.concurrent.ArrayBlockingQueue.take(ArrayBlockingQueue.java:403)&#10;        at java.util.concurrent.ThreadPoolExecutor.getTask(ThreadPoolExecutor.java:1074)&#10;        at java.util.concurrent.ThreadPoolExecutor.runWorker(ThreadPoolExecutor.java:1134)&#10;        at java.util.concurrent.ThreadPoolExecutor$Worker.run(ThreadPoolExecutor.java:624)&#10;        at java.lang.Thread.run(Thread.java:748)&#10;&quot;ReplicationMonitor&quot; daemon prio=5 tid=774 timed_waiting&#10;java.lang.Thread.State: TIMED_WAITING&#10;        at java.lang.Object.wait(Native Method)&#10;        at org.apache.hadoop.hdds.scm.container.ReplicationManager.run(ReplicationManager.java:229)&#10;        at org.apache.hadoop.hdds.scm.container.ReplicationManager$$Lambda$450/1670599653.run(Unknown Source)&#10;        at java.lang.Thread.run(Thread.java:748)&#10;&quot;grpc-default-executor-3&quot; daemon prio=5 tid=718 timed_waiting&#10;java.lang.Thread.State: TIMED_WAITING&#10;        at sun.misc.Unsafe.park(Native Method)&#10;        at java.util.concurrent.locks.LockSupport.parkNanos(LockSupport.java:215)&#10;        at java.util.concurrent.SynchronousQueue$TransferStack.awaitFulfill(SynchronousQueue.java:460)&#10;        at java.util.concurrent.SynchronousQueue$TransferStack.transfer(SynchronousQueue.java:362)&#10;        at java.util.concurrent.SynchronousQueue.poll(SynchronousQueue.java:941)&#10;        at java.util.concurrent.ThreadPoolExecutor.getTask(ThreadPoolExecutor.java:1073)&#10;        at java.util.concurrent.ThreadPoolExecutor.runWorker(ThreadPoolExecutor.java:1134)&#10;        at java.util.concurrent.ThreadPoolExecutor$Worker.run(ThreadPoolExecutor.java:624)&#10;        at java.lang.Thread.run(Thread.java:748)&#10;&quot;IPC Server idle connection scanner for port 40923&quot; daemon prio=5 tid=24 timed_waiting&#10;java.lang.Thread.State: TIMED_WAITING&#10;        at java.lang.Object.wait(Native Method)&#10;        at java.util.TimerThread.mainLoop(Timer.java:552)&#10;        at java.util.TimerThread.run(Timer.java:505)&#10;&quot;pool-66-thread-56&quot;  prio=5 tid=591 in Object.wait()&#10;java.lang.Thread.State: WAITING (on object monitor)&#10;        at sun.misc.Unsafe.park(Native Method)&#10;        at java.util.concurrent.locks.LockSupport.park(LockSupport.java:175)&#10;        at java.util.concurrent.locks.AbstractQueuedSynchronizer$ConditionObject.await(AbstractQueuedSynchronizer.java:2039)&#10;        at java.util.concurrent.ArrayBlockingQueue.take(ArrayBlockingQueue.java:403)&#10;        at java.util.concurrent.ThreadPoolExecutor.getTask(ThreadPoolExecutor.java:1074)&#10;        at java.util.concurrent.ThreadPoolExecutor.runWorker(ThreadPoolExecutor.java:1134)&#10;        at java.util.concurrent.ThreadPoolExecutor$Worker.run(ThreadPoolExecutor.java:624)&#10;        at java.lang.Thread.run(Thread.java:748)&#10;&quot;pool-36-thread-28&quot;  prio=5 tid=374 in Object.wait()&#10;java.lang.Thread.State: WAITING (on object monitor)&#10;        at sun.misc.Unsafe.park(Native Method)&#10;        at java.util.concurrent.locks.LockSupport.park(LockSupport.java:175)&#10;        at java.util.concurrent.locks.AbstractQueuedSynchronizer$ConditionObject.await(AbstractQueuedSynchronizer.java:2039)&#10;        at java.util.concurrent.ArrayBlockingQueue.take(ArrayBlockingQueue.java:403)&#10;        at java.util.concurrent.ThreadPoolExecutor.getTask(ThreadPoolExecutor.java:1074)&#10;        at java.util.concurrent.ThreadPoolExecutor.runWorker(ThreadPoolExecutor.java:1134)&#10;        at java.util.concurrent.ThreadPoolExecutor$Worker.run(ThreadPoolExecutor.java:624)&#10;        at java.lang.Thread.run(Thread.java:748)&#10;&quot;pool-56-thread-11&quot;  prio=5 tid=484 in Object.wait()&#10;java.lang.Thread.State: WAITING (on object monitor)&#10;        at sun.misc.Unsafe.park(Native Method)&#10;        at java.util.concurrent.locks.LockSupport.park(LockSupport.java:175)&#10;        at java.util.concurrent.locks.AbstractQueuedSynchronizer$ConditionObject.await(AbstractQueuedSynchronizer.java:2039)&#10;        at java.util.concurrent.ArrayBlockingQueue.take(ArrayBlockingQueue.java:403)&#10;        at java.util.concurrent.ThreadPoolExecutor.getTask(ThreadPoolExecutor.java:1074)&#10;        at java.util.concurrent.ThreadPoolExecutor.runWorker(ThreadPoolExecutor.java:1134)&#10;        at java.util.concurrent.ThreadPoolExecutor$Worker.run(ThreadPoolExecutor.java:624)&#10;        at java.lang.Thread.run(Thread.java:748)&#10;&quot;IPC Server handler 15 on 46821&quot; daemon prio=5 tid=64 timed_waiting&#10;java.lang.Thread.State: TIMED_WAITING&#10;        at sun.misc.Unsafe.park(Native Method)&#10;        at java.util.concurrent.locks.LockSupport.parkNanos(LockSupport.java:215)&#10;        at java.util.concurrent.locks.AbstractQueuedSynchronizer$ConditionObject.awaitNanos(AbstractQueuedSynchronizer.java:2078)&#10;        at java.util.concurrent.LinkedBlockingQueue.poll(LinkedBlockingQueue.java:467)&#10;        at org.apache.hadoop.ipc.CallQueueManager.take(CallQueueManager.java:288)&#10;        at org.apache.hadoop.ipc.Server$Handler.run(Server.java:2668)&#10;&quot;SCM Heartbeat Processing Thread - 0&quot; daemon prio=5 tid=13 timed_waiting&#10;java.lang.Thread.State: TIMED_WAITING&#10;        at sun.misc.Unsafe.park(Native Method)&#10;        at java.util.concurrent.locks.LockSupport.parkNanos(LockSupport.java:215)&#10;        at java.util.concurrent.locks.AbstractQueuedSynchronizer$ConditionObject.awaitNanos(AbstractQueuedSynchronizer.java:2078)&#10;        at java.util.concurrent.ScheduledThreadPoolExecutor$DelayedWorkQueue.take(ScheduledThreadPoolExecutor.java:1093)&#10;        at java.util.concurrent.ScheduledThreadPoolExecutor$DelayedWorkQueue.take(ScheduledThreadPoolExecutor.java:809)&#10;        at java.util.concurrent.ThreadPoolExecutor.getTask(ThreadPoolExecutor.java:1074)&#10;        at java.util.concurrent.ThreadPoolExecutor.runWorker(ThreadPoolExecutor.java:1134)&#10;        at java.util.concurrent.ThreadPoolExecutor$Worker.run(ThreadPoolExecutor.java:624)&#10;        at java.lang.Thread.run(Thread.java:748)&#10;&quot;pool-36-thread-21&quot;  prio=5 tid=367 in Object.wait()&#10;java.lang.Thread.State: WAITING (on object monitor)&#10;        at sun.misc.Unsafe.park(Native Method)&#10;        at java.util.concurrent.locks.LockSupport.park(LockSupport.java:175)&#10;        at java.util.concurrent.locks.AbstractQueuedSynchronizer$ConditionObject.await(AbstractQueuedSynchronizer.java:2039)&#10;        at java.util.concurrent.ArrayBlockingQueue.take(ArrayBlockingQueue.java:403)&#10;        at java.util.concurrent.ThreadPoolExecutor.getTask(ThreadPoolExecutor.java:1074)&#10;        at java.util.concurrent.ThreadPoolExecutor.runWorker(ThreadPoolExecutor.java:1134)&#10;        at java.util.concurrent.ThreadPoolExecutor$Worker.run(ThreadPoolExecutor.java:624)&#10;        at java.lang.Thread.run(Thread.java:748)&#10;&quot;pool-44-thread-1&quot; daemon prio=5 tid=210 timed_waiting&#10;java.lang.Thread.State: TIMED_WAITING&#10;        at sun.misc.Unsafe.park(Native Method)&#10;        at java.util.concurrent.locks.LockSupport.parkNanos(LockSupport.java:215)&#10;        at java.util.concurrent.locks.AbstractQueuedSynchronizer$ConditionObject.awaitNanos(AbstractQueuedSynchronizer.java:2078)&#10;        at java.util.concurrent.ScheduledThreadPoolExecutor$DelayedWorkQueue.take(ScheduledThreadPoolExecutor.java:1093)&#10;        at java.util.concurrent.ScheduledThreadPoolExecutor$DelayedWorkQueue.take(ScheduledThreadPoolExecutor.java:809)&#10;        at java.util.concurrent.ThreadPoolExecutor.getTask(ThreadPoolExecutor.java:1074)&#10;        at java.util.concurrent.ThreadPoolExecutor.runWorker(ThreadPoolExecutor.java:1134)&#10;        at java.util.concurrent.ThreadPoolExecutor$Worker.run(ThreadPoolExecutor.java:624)&#10;        at java.lang.Thread.run(Thread.java:748)&#10;&quot;pool-26-thread-34&quot;  prio=5 tid=320 in Object.wait()&#10;java.lang.Thread.State: WAITING (on object monitor)&#10;        at sun.misc.Unsafe.park(Native Method)&#10;        at java.util.concurrent.locks.LockSupport.park(LockSupport.java:175)&#10;        at java.util.concurrent.locks.AbstractQueuedSynchronizer$ConditionObject.await(AbstractQueuedSynchronizer.java:2039)&#10;        at java.util.concurrent.ArrayBlockingQueue.take(ArrayBlockingQueue.java:403)&#10;        at java.util.concurrent.ThreadPoolExecutor.getTask(ThreadPoolExecutor.java:1074)&#10;        at java.util.concurrent.ThreadPoolExecutor.runWorker(ThreadPoolExecutor.java:1134)&#10;        at java.util.concurrent.ThreadPoolExecutor$Worker.run(ThreadPoolExecutor.java:624)&#10;        at java.lang.Thread.run(Thread.java:748)&#10;&quot;Thread-2828&quot; daemon prio=5 tid=3304 timed_waiting&#10;java.lang.Thread.State: TIMED_WAITING&#10;        at java.lang.Thread.sleep(Native Method)&#10;        at org.apache.ratis.util.JavaUtils.sleep(JavaUtils.java:247)&#10;        at org.apache.ratis.server.impl.FollowerState.run(FollowerState.java:97)&#10;&quot;Datanode ReportManager Thread - 3&quot; daemon prio=5 tid=174 timed_waiting&#10;java.lang.Thread.State: TIMED_WAITING&#10;        at sun.misc.Unsafe.park(Native Method)&#10;        at java.util.concurrent.locks.LockSupport.parkNanos(LockSupport.java:215)&#10;        at java.util.concurrent.locks.AbstractQueuedSynchronizer$ConditionObject.awaitNanos(AbstractQueuedSynchronizer.java:2078)&#10;        at java.util.concurrent.ScheduledThreadPoolExecutor$DelayedWorkQueue.take(ScheduledThreadPoolExecutor.java:1093)&#10;        at java.util.concurrent.ScheduledThreadPoolExecutor$DelayedWorkQueue.take(ScheduledThreadPoolExecutor.java:809)&#10;        at java.util.concurrent.ThreadPoolExecutor.getTask(ThreadPoolExecutor.java:1074)&#10;        at java.util.concurrent.ThreadPoolExecutor.runWorker(ThreadPoolExecutor.java:1134)&#10;        at java.util.concurrent.ThreadPoolExecutor$Worker.run(ThreadPoolExecutor.java:624)&#10;        at java.lang.Thread.run(Thread.java:748)&#10;&quot;IPC Server handler 16 on 46821&quot; daemon prio=5 tid=65 timed_waiting&#10;java.lang.Thread.State: TIMED_WAITING&#10;        at sun.misc.Unsafe.park(Native Method)&#10;        at java.util.concurrent.locks.LockSupport.parkNanos(LockSupport.java:215)&#10;        at java.util.concurrent.locks.AbstractQueuedSynchronizer$ConditionObject.awaitNanos(AbstractQueuedSynchronizer.java:2078)&#10;        at java.util.concurrent.LinkedBlockingQueue.poll(LinkedBlockingQueue.java:467)&#10;        at org.apache.hadoop.ipc.CallQueueManager.take(CallQueueManager.java:288)&#10;        at org.apache.hadoop.ipc.Server$Handler.run(Server.java:2668)&#10;&quot;qtp1003663195-241-acceptor-0@6198041c-ServerConnector@48b4a043{HTTP/1.1,[http/1.1]}{0.0.0.0:46653}&quot; daemon prio=3 tid=241 runnable&#10;java.lang.Thread.State: RUNNABLE&#10;        at sun.nio.ch.ServerSocketChannelImpl.accept0(Native Method)&#10;        at sun.nio.ch.ServerSocketChannelImpl.accept(ServerSocketChannelImpl.java:422)&#10;        at sun.nio.ch.ServerSocketChannelImpl.accept(ServerSocketChannelImpl.java:250)&#10;        at org.eclipse.jetty.server.ServerConnector.accept(ServerConnector.java:397)&#10;        at org.eclipse.jetty.server.AbstractConnector$Acceptor.run(AbstractConnector.java:601)&#10;        at org.eclipse.jetty.util.thread.QueuedThreadPool.runJob(QueuedThreadPool.java:671)&#10;        at org.eclipse.jetty.util.thread.QueuedThreadPool$2.run(QueuedThreadPool.java:589)&#10;        at java.lang.Thread.run(Thread.java:748)&#10;&quot;refreshUsed-/workdir/hadoop-ozone/ozonefs/target/test-dir/MiniOzoneClusterImpl-d26aec2b-09c1-4f88-9204-0bb43e71ee01/datanode-4/data/containers&quot; daemon prio=5 tid=262 timed_waiting&#10;java.lang.Thread.State: TIMED_WAITING&#10;        at java.lang.Thread.sleep(Native Method)&#10;        at org.apache.hadoop.fs.CachingGetSpaceUsed$RefreshThread.run(CachingGetSpaceUsed.java:179)&#10;        at java.lang.Thread.run(Thread.java:748)&#10;&quot;pool-36-thread-37&quot;  prio=5 tid=383 in Object.wait()&#10;java.lang.Thread.State: WAITING (on object monitor)&#10;        at sun.misc.Unsafe.park(Native Method)&#10;        at java.util.concurrent.locks.LockSupport.park(LockSupport.java:175)&#10;        at java.util.concurrent.locks.AbstractQueuedSynchronizer$ConditionObject.await(AbstractQueuedSynchronizer.java:2039)&#10;        at java.util.concurrent.ArrayBlockingQueue.take(ArrayBlockingQueue.java:403)&#10;        at java.util.concurrent.ThreadPoolExecutor.getTask(ThreadPoolExecutor.java:1074)&#10;        at java.util.concurrent.ThreadPoolExecutor.runWorker(ThreadPoolExecutor.java:1134)&#10;        at java.util.concurrent.ThreadPoolExecutor$Worker.run(ThreadPoolExecutor.java:624)&#10;        at java.lang.Thread.run(Thread.java:748)&#10;&quot;Datanode State Machine Thread - 0&quot; daemon prio=5 tid=251 timed_waiting&#10;java.lang.Thread.State: TIMED_WAITING&#10;        at java.lang.Thread.sleep(Native Method)&#10;        at org.apache.hadoop.ozone.container.common.statemachine.DatanodeStateMachine.start(DatanodeStateMachine.java:191)&#10;        at org.apache.hadoop.ozone.container.common.statemachine.DatanodeStateMachine.lambda$startDaemon$0(DatanodeStateMachine.java:349)&#10;        at org.apache.hadoop.ozone.container.common.statemachine.DatanodeStateMachine$$Lambda$140/177389135.run(Unknown Source)&#10;        at java.lang.Thread.run(Thread.java:748)&#10;&quot;pool-66-thread-19&quot;  prio=5 tid=554 in Object.wait()&#10;java.lang.Thread.State: WAITING (on object monitor)&#10;        at sun.misc.Unsafe.park(Native Method)&#10;        at java.util.concurrent.locks.LockSupport.park(LockSupport.java:175)&#10;        at java.util.concurrent.locks.AbstractQueuedSynchronizer$ConditionObject.await(AbstractQueuedSynchronizer.java:2039)&#10;        at java.util.concurrent.ArrayBlockingQueue.take(ArrayBlockingQueue.java:403)&#10;        at java.util.concurrent.ThreadPoolExecutor.getTask(ThreadPoolExecutor.java:1074)&#10;        at java.util.concurrent.ThreadPoolExecutor.runWorker(ThreadPoolExecutor.java:1134)&#10;        at java.util.concurrent.ThreadPoolExecutor$Worker.run(ThreadPoolExecutor.java:624)&#10;        at java.lang.Thread.run(Thread.java:748)&#10;&quot;pool-26-thread-22&quot;  prio=5 tid=308 in Object.wait()&#10;java.lang.Thread.State: WAITING (on object monitor)&#10;        at sun.misc.Unsafe.park(Native Method)&#10;        at java.util.concurrent.locks.LockSupport.park(LockSupport.java:175)&#10;        at java.util.concurrent.locks.AbstractQueuedSynchronizer$ConditionObject.await(AbstractQueuedSynchronizer.java:2039)&#10;        at java.util.concurrent.ArrayBlockingQueue.take(ArrayBlockingQueue.java:403)&#10;        at java.util.concurrent.ThreadPoolExecutor.getTask(ThreadPoolExecutor.java:1074)&#10;        at java.util.concurrent.ThreadPoolExecutor.runWorker(ThreadPoolExecutor.java:1134)&#10;        at java.util.concurrent.ThreadPoolExecutor$Worker.run(ThreadPoolExecutor.java:624)&#10;        at java.lang.Thread.run(Thread.java:748)&#10;&quot;java.util.concurrent.ThreadPoolExecutor$Worker@58918e3e[State = -1, empty queue]&quot; daemon prio=5 tid=820 timed_waiting&#10;java.lang.Thread.State: TIMED_WAITING&#10;        at sun.misc.Unsafe.park(Native Method)&#10;        at java.util.concurrent.locks.LockSupport.parkNanos(LockSupport.java:215)&#10;        at java.util.concurrent.locks.AbstractQueuedSynchronizer$ConditionObject.awaitNanos(AbstractQueuedSynchronizer.java:2078)&#10;        at java.util.concurrent.ScheduledThreadPoolExecutor$DelayedWorkQueue.take(ScheduledThreadPoolExecutor.java:1093)&#10;        at java.util.concurrent.ScheduledThreadPoolExecutor$DelayedWorkQueue.take(ScheduledThreadPoolExecutor.java:809)&#10;        at java.util.concurrent.ThreadPoolExecutor.getTask(ThreadPoolExecutor.java:1074)&#10;        at java.util.concurrent.ThreadPoolExecutor.runWorker(ThreadPoolExecutor.java:1134)&#10;        at java.util.concurrent.ThreadPoolExecutor$Worker.run(ThreadPoolExecutor.java:624)&#10;        at java.lang.Thread.run(Thread.java:748)&#10;&quot;Socket Reader #1 for port 40923&quot;  prio=5 tid=23 runnable&#10;java.lang.Thread.State: RUNNABLE&#10;        at sun.nio.ch.EPollArrayWrapper.epollWait(Native Method)&#10;        at sun.nio.ch.EPollArrayWrapper.poll(EPollArrayWrapper.java:269)&#10;        at sun.nio.ch.EPollSelectorImpl.doSelect(EPollSelectorImpl.java:93)&#10;        at sun.nio.ch.SelectorImpl.lockAndDoSelect(SelectorImpl.java:86)&#10;        at sun.nio.ch.SelectorImpl.select(SelectorImpl.java:97)&#10;        at sun.nio.ch.SelectorImpl.select(SelectorImpl.java:101)&#10;        at org.apache.hadoop.ipc.Server$Listener$Reader.doRunLoop(Server.java:1097)&#10;        at org.apache.hadoop.ipc.Server$Listener$Reader.run(Server.java:1076)&#10;&#10;" type="java.io.IOException">java.io.IOException: 
java.util.concurrent.TimeoutException: Timed out waiting for condition. Thread diagnostics:
Timestamp: 2019-10-16 09:53:45,661

"pool-46-thread-28"  prio=5 tid=434 in Object.wait()
java.lang.Thread.State: WAITING (on object monitor)
        at sun.misc.Unsafe.park(Native Method)
        at java.util.concurrent.locks.LockSupport.park(LockSupport.java:175)
        at java.util.concurrent.locks.AbstractQueuedSynchronizer$ConditionObject.await(AbstractQueuedSynchronizer.java:2039)
        at java.util.concurrent.ArrayBlockingQueue.take(ArrayBlockingQueue.java:403)
        at java.util.concurrent.ThreadPoolExecutor.getTask(ThreadPoolExecutor.java:1074)
        at java.util.concurrent.ThreadPoolExecutor.runWorker(ThreadPoolExecutor.java:1134)
        at java.util.concurrent.ThreadPoolExecutor$Worker.run(ThreadPoolExecutor.java:624)
        at java.lang.Thread.run(Thread.java:748)
"pool-36-thread-40"  prio=5 tid=386 in Object.wait()
java.lang.Thread.State: WAITING (on object monitor)
        at sun.misc.Unsafe.park(Native Method)
        at java.util.concurrent.locks.LockSupport.park(LockSupport.java:175)
        at java.util.concurrent.locks.AbstractQueuedSynchronizer$ConditionObject.await(AbstractQueuedSynchronizer.java:2039)
        at java.util.concurrent.ArrayBlockingQueue.take(ArrayBlockingQueue.java:403)
        at java.util.concurrent.ThreadPoolExecutor.getTask(ThreadPoolExecutor.java:1074)
        at java.util.concurrent.ThreadPoolExecutor.runWorker(ThreadPoolExecutor.java:1134)
        at java.util.concurrent.ThreadPoolExecutor$Worker.run(ThreadPoolExecutor.java:624)
        at java.lang.Thread.run(Thread.java:748)
"IPC Server idle connection scanner for port 46821" daemon prio=5 tid=20 timed_waiting
java.lang.Thread.State: TIMED_WAITING
        at java.lang.Object.wait(Native Method)
        at java.util.TimerThread.mainLoop(Timer.java:552)
        at java.util.TimerThread.run(Timer.java:505)
"Datanode ReportManager Thread - 2" daemon prio=5 tid=281 in Object.wait()
java.lang.Thread.State: WAITING (on object monitor)
        at sun.misc.Unsafe.park(Native Method)
        at java.util.concurrent.locks.LockSupport.park(LockSupport.java:175)
        at java.util.concurrent.locks.AbstractQueuedSynchronizer$ConditionObject.await(AbstractQueuedSynchronizer.java:2039)
        at java.util.concurrent.ScheduledThreadPoolExecutor$DelayedWorkQueue.take(ScheduledThreadPoolExecutor.java:1088)
        at java.util.concurrent.ScheduledThreadPoolExecutor$DelayedWorkQueue.take(ScheduledThreadPoolExecutor.java:809)
        at java.util.concurrent.ThreadPoolExecutor.getTask(ThreadPoolExecutor.java:1074)
        at java.util.concurrent.ThreadPoolExecutor.runWorker(ThreadPoolExecutor.java:1134)
        at java.util.concurrent.ThreadPoolExecutor$Worker.run(ThreadPoolExecutor.java:624)
        at java.lang.Thread.run(Thread.java:748)
"org.eclipse.jetty.server.session.HashSessionManager@6f911326Timer" daemon prio=5 tid=250 timed_waiting
java.lang.Thread.State: TIMED_WAITING
        at sun.misc.Unsafe.park(Native Method)
        at java.util.concurrent.locks.LockSupport.parkNanos(LockSupport.java:215)
        at java.util.concurrent.locks.AbstractQueuedSynchronizer$ConditionObject.awaitNanos(AbstractQueuedSynchronizer.java:2078)
        at java.util.concurrent.ScheduledThreadPoolExecutor$DelayedWorkQueue.take(ScheduledThreadPoolExecutor.java:1093)
        at java.util.concurrent.ScheduledThreadPoolExecutor$DelayedWorkQueue.take(ScheduledThreadPoolExecutor.java:809)
        at java.util.concurrent.ThreadPoolExecutor.getTask(ThreadPoolExecutor.java:1074)
        at java.util.concurrent.ThreadPoolExecutor.runWorker(ThreadPoolExecutor.java:1134)
        at java.util.concurrent.ThreadPoolExecutor$Worker.run(ThreadPoolExecutor.java:624)
        at java.lang.Thread.run(Thread.java:748)
"org.eclipse.jetty.server.session.HashSessionManager@677dbd89Timer" daemon prio=5 tid=98 timed_waiting
java.lang.Thread.State: TIMED_WAITING
        at sun.misc.Unsafe.park(Native Method)
        at java.util.concurrent.locks.LockSupport.parkNanos(LockSupport.java:215)
        at java.util.concurrent.locks.AbstractQueuedSynchronizer$ConditionObject.awaitNanos(AbstractQueuedSynchronizer.java:2078)
        at java.util.concurrent.ScheduledThreadPoolExecutor$DelayedWorkQueue.take(ScheduledThreadPoolExecutor.java:1093)
        at java.util.concurrent.ScheduledThreadPoolExecutor$DelayedWorkQueue.take(ScheduledThreadPoolExecutor.java:809)
        at java.util.concurrent.ThreadPoolExecutor.getTask(ThreadPoolExecutor.java:1074)
        at java.util.concurrent.ThreadPoolExecutor.runWorker(ThreadPoolExecutor.java:1134)
        at java.util.concurrent.ThreadPoolExecutor$Worker.run(ThreadPoolExecutor.java:624)
        at java.lang.Thread.run(Thread.java:748)
"pool-46-thread-57"  prio=5 tid=463 in Object.wait()
java.lang.Thread.State: WAITING (on object monitor)
        at sun.misc.Unsafe.park(Native Method)
        at java.util.concurrent.locks.LockSupport.park(LockSupport.java:175)
        at java.util.concurrent.locks.AbstractQueuedSynchronizer$ConditionObject.await(AbstractQueuedSynchronizer.java:2039)
        at java.util.concurrent.ArrayBlockingQueue.take(ArrayBlockingQueue.java:403)
        at java.util.concurrent.ThreadPoolExecutor.getTask(ThreadPoolExecutor.java:1074)
        at java.util.concurrent.ThreadPoolExecutor.runWorker(ThreadPoolExecutor.java:1134)
        at java.util.concurrent.ThreadPoolExecutor$Worker.run(ThreadPoolExecutor.java:624)
        at java.lang.Thread.run(Thread.java:748)
"refreshUsed-/workdir/hadoop-ozone/ozonefs/target/test-dir/MiniOzoneClusterImpl-d26aec2b-09c1-4f88-9204-0bb43e71ee01/datanode-2/data/containers" daemon prio=5 tid=208 timed_waiting
java.lang.Thread.State: TIMED_WAITING
        at java.lang.Thread.sleep(Native Method)
        at org.apache.hadoop.fs.CachingGetSpaceUsed$RefreshThread.run(CachingGetSpaceUsed.java:179)
        at java.lang.Thread.run(Thread.java:748)
"pool-56-thread-41"  prio=5 tid=514 in Object.wait()
java.lang.Thread.State: WAITING (on object monitor)
        at sun.misc.Unsafe.park(Native Method)
        at java.util.concurrent.locks.LockSupport.park(LockSupport.java:175)
        at java.util.concurrent.locks.AbstractQueuedSynchronizer$ConditionObject.await(AbstractQueuedSynchronizer.java:2039)
        at java.util.concurrent.ArrayBlockingQueue.take(ArrayBlockingQueue.java:403)
        at java.util.concurrent.ThreadPoolExecutor.getTask(ThreadPoolExecutor.java:1074)
        at java.util.concurrent.ThreadPoolExecutor.runWorker(ThreadPoolExecutor.java:1134)
        at java.util.concurrent.ThreadPoolExecutor$Worker.run(ThreadPoolExecutor.java:624)
        at java.lang.Thread.run(Thread.java:748)
"qtp1919592808-191" daemon prio=5 tid=191 timed_waiting
java.lang.Thread.State: TIMED_WAITING
        at sun.misc.Unsafe.park(Native Method)
        at java.util.concurrent.locks.LockSupport.parkNanos(LockSupport.java:215)
        at java.util.concurrent.locks.AbstractQueuedSynchronizer$ConditionObject.awaitNanos(AbstractQueuedSynchronizer.java:2078)
        at org.eclipse.jetty.util.BlockingArrayQueue.poll(BlockingArrayQueue.java:392)
        at org.eclipse.jetty.util.thread.QueuedThreadPool.idleJobPoll(QueuedThreadPool.java:563)
        at org.eclipse.jetty.util.thread.QueuedThreadPool.access$800(QueuedThreadPool.java:48)
        at org.eclipse.jetty.util.thread.QueuedThreadPool$2.run(QueuedThreadPool.java:626)
        at java.lang.Thread.run(Thread.java:748)
"pool-56-thread-45"  prio=5 tid=518 in Object.wait()
java.lang.Thread.State: WAITING (on object monitor)
        at sun.misc.Unsafe.park(Native Method)
        at java.util.concurrent.locks.LockSupport.park(LockSupport.java:175)
        at java.util.concurrent.locks.AbstractQueuedSynchronizer$ConditionObject.await(AbstractQueuedSynchronizer.java:2039)
        at java.util.concurrent.ArrayBlockingQueue.take(ArrayBlockingQueue.java:403)
        at java.util.concurrent.ThreadPoolExecutor.getTask(ThreadPoolExecutor.java:1074)
        at java.util.concurrent.ThreadPoolExecutor.runWorker(ThreadPoolExecutor.java:1134)
        at java.util.concurrent.ThreadPoolExecutor$Worker.run(ThreadPoolExecutor.java:624)
        at java.lang.Thread.run(Thread.java:748)
"pool-36-thread-22"  prio=5 tid=368 in Object.wait()
java.lang.Thread.State: WAITING (on object monitor)
        at sun.misc.Unsafe.park(Native Method)
        at java.util.concurrent.locks.LockSupport.park(LockSupport.java:175)
        at java.util.concurrent.locks.AbstractQueuedSynchronizer$ConditionObject.await(AbstractQueuedSynchronizer.java:2039)
        at java.util.concurrent.ArrayBlockingQueue.take(ArrayBlockingQueue.java:403)
        at java.util.concurrent.ThreadPoolExecutor.getTask(ThreadPoolExecutor.java:1074)
        at java.util.concurrent.ThreadPoolExecutor.runWorker(ThreadPoolExecutor.java:1134)
        at java.util.concurrent.ThreadPoolExecutor$Worker.run(ThreadPoolExecutor.java:624)
        at java.lang.Thread.run(Thread.java:748)
"IPC Server handler 14 on 40923" daemon prio=5 tid=43 timed_waiting
java.lang.Thread.State: TIMED_WAITING
        at sun.misc.Unsafe.park(Native Method)
        at java.util.concurrent.locks.LockSupport.parkNanos(LockSupport.java:215)
        at java.util.concurrent.locks.AbstractQueuedSynchronizer$ConditionObject.awaitNanos(AbstractQueuedSynchronizer.java:2078)
        at java.util.concurrent.LinkedBlockingQueue.poll(LinkedBlockingQueue.java:467)
        at org.apache.hadoop.ipc.CallQueueManager.take(CallQueueManager.java:288)
        at org.apache.hadoop.ipc.Server$Handler.run(Server.java:2668)
"c5571329-ed88-4dd5-851a-7ef9aaa2970f@group-E11993EF5BE0-SegmentedRaftLogWorker"  prio=5 tid=645 timed_waiting
java.lang.Thread.State: TIMED_WAITING
        at sun.misc.Unsafe.park(Native Method)
        at java.util.concurrent.locks.LockSupport.parkNanos(LockSupport.java:215)
        at java.util.concurrent.locks.AbstractQueuedSynchronizer$ConditionObject.awaitNanos(AbstractQueuedSynchronizer.java:2078)
        at org.apache.ratis.util.DataBlockingQueue.poll(DataBlockingQueue.java:137)
        at org.apache.ratis.server.raftlog.segmented.SegmentedRaftLogWorker.run(SegmentedRaftLogWorker.java:282)
        at java.lang.Thread.run(Thread.java:748)
"pool-56-thread-7"  prio=5 tid=480 in Object.wait()
java.lang.Thread.State: WAITING (on object monitor)
        at sun.misc.Unsafe.park(Native Method)
        at java.util.concurrent.locks.LockSupport.park(LockSupport.java:175)
        at java.util.concurrent.locks.AbstractQueuedSynchronizer$ConditionObject.await(AbstractQueuedSynchronizer.java:2039)
        at java.util.concurrent.ArrayBlockingQueue.take(ArrayBlockingQueue.java:403)
        at java.util.concurrent.ThreadPoolExecutor.getTask(ThreadPoolExecutor.java:1074)
        at java.util.concurrent.ThreadPoolExecutor.runWorker(ThreadPoolExecutor.java:1134)
        at java.util.concurrent.ThreadPoolExecutor$Worker.run(ThreadPoolExecutor.java:624)
        at java.lang.Thread.run(Thread.java:748)
"Datanode State Machine Thread - 0" daemon prio=5 tid=224 timed_waiting
java.lang.Thread.State: TIMED_WAITING
        at java.lang.Thread.sleep(Native Method)
        at org.apache.hadoop.ozone.container.common.statemachine.DatanodeStateMachine.start(DatanodeStateMachine.java:191)
        at org.apache.hadoop.ozone.container.common.statemachine.DatanodeStateMachine.lambda$startDaemon$0(DatanodeStateMachine.java:349)
        at org.apache.hadoop.ozone.container.common.statemachine.DatanodeStateMachine$$Lambda$140/177389135.run(Unknown Source)
        at java.lang.Thread.run(Thread.java:748)
"pool-36-thread-56"  prio=5 tid=402 in Object.wait()
java.lang.Thread.State: WAITING (on object monitor)
        at sun.misc.Unsafe.park(Native Method)
        at java.util.concurrent.locks.LockSupport.park(LockSupport.java:175)
        at java.util.concurrent.locks.AbstractQueuedSynchronizer$ConditionObject.await(AbstractQueuedSynchronizer.java:2039)
        at java.util.concurrent.ArrayBlockingQueue.take(ArrayBlockingQueue.java:403)
        at java.util.concurrent.ThreadPoolExecutor.getTask(ThreadPoolExecutor.java:1074)
        at java.util.concurrent.ThreadPoolExecutor.runWorker(ThreadPoolExecutor.java:1134)
        at java.util.concurrent.ThreadPoolExecutor$Worker.run(ThreadPoolExecutor.java:624)
        at java.lang.Thread.run(Thread.java:748)
"jaeger.RemoteReporter-FlushTimer" daemon prio=5 tid=148 timed_waiting
java.lang.Thread.State: TIMED_WAITING
        at java.lang.Object.wait(Native Method)
        at java.util.TimerThread.mainLoop(Timer.java:552)
        at java.util.TimerThread.run(Timer.java:505)
"qtp1003663195-242" daemon prio=5 tid=242 timed_waiting
java.lang.Thread.State: TIMED_WAITING
        at sun.misc.Unsafe.park(Native Method)
        at java.util.concurrent.locks.LockSupport.parkNanos(LockSupport.java:215)
        at java.util.concurrent.locks.AbstractQueuedSynchronizer$ConditionObject.awaitNanos(AbstractQueuedSynchronizer.java:2078)
        at org.eclipse.jetty.util.BlockingArrayQueue.poll(BlockingArrayQueue.java:392)
        at org.eclipse.jetty.util.thread.QueuedThreadPool.idleJobPoll(QueuedThreadPool.java:563)
        at org.eclipse.jetty.util.thread.QueuedThreadPool.access$800(QueuedThreadPool.java:48)
        at org.eclipse.jetty.util.thread.QueuedThreadPool$2.run(QueuedThreadPool.java:626)
        at java.lang.Thread.run(Thread.java:748)
"qtp1680841335-218" daemon prio=5 tid=218 timed_waiting
java.lang.Thread.State: TIMED_WAITING
        at sun.misc.Unsafe.park(Native Method)
        at java.util.concurrent.locks.LockSupport.parkNanos(LockSupport.java:215)
        at java.util.concurrent.locks.AbstractQueuedSynchronizer$ConditionObject.awaitNanos(AbstractQueuedSynchronizer.java:2078)
        at org.eclipse.jetty.util.BlockingArrayQueue.poll(BlockingArrayQueue.java:392)
        at org.eclipse.jetty.util.thread.QueuedThreadPool.idleJobPoll(QueuedThreadPool.java:563)
        at org.eclipse.jetty.util.thread.QueuedThreadPool.access$800(QueuedThreadPool.java:48)
        at org.eclipse.jetty.util.thread.QueuedThreadPool$2.run(QueuedThreadPool.java:626)
        at java.lang.Thread.run(Thread.java:748)
"pool-36-thread-60"  prio=5 tid=406 in Object.wait()
java.lang.Thread.State: WAITING (on object monitor)
        at sun.misc.Unsafe.park(Native Method)
        at java.util.concurrent.locks.LockSupport.park(LockSupport.java:175)
        at java.util.concurrent.locks.AbstractQueuedSynchronizer$ConditionObject.await(AbstractQueuedSynchronizer.java:2039)
        at java.util.concurrent.ArrayBlockingQueue.take(ArrayBlockingQueue.java:403)
        at java.util.concurrent.ThreadPoolExecutor.getTask(ThreadPoolExecutor.java:1074)
        at java.util.concurrent.ThreadPoolExecutor.runWorker(ThreadPoolExecutor.java:1134)
        at java.util.concurrent.ThreadPoolExecutor$Worker.run(ThreadPoolExecutor.java:624)
        at java.lang.Thread.run(Thread.java:748)
"qtp1919592808-190" daemon prio=5 tid=190 timed_waiting
java.lang.Thread.State: TIMED_WAITING
        at sun.misc.Unsafe.park(Native Method)
        at java.util.concurrent.locks.LockSupport.parkNanos(LockSupport.java:215)
        at java.util.concurrent.locks.AbstractQueuedSynchronizer$ConditionObject.awaitNanos(AbstractQueuedSynchronizer.java:2078)
        at org.eclipse.jetty.util.BlockingArrayQueue.poll(BlockingArrayQueue.java:392)
        at org.eclipse.jetty.util.thread.QueuedThreadPool.idleJobPoll(QueuedThreadPool.java:563)
        at org.eclipse.jetty.util.thread.QueuedThreadPool.access$800(QueuedThreadPool.java:48)
        at org.eclipse.jetty.util.thread.QueuedThreadPool$2.run(QueuedThreadPool.java:626)
        at java.lang.Thread.run(Thread.java:748)
"IPC Server handler 19 on 46821" daemon prio=5 tid=68 timed_waiting
java.lang.Thread.State: TIMED_WAITING
        at sun.misc.Unsafe.park(Native Method)
        at java.util.concurrent.locks.LockSupport.parkNanos(LockSupport.java:215)
        at java.util.concurrent.locks.AbstractQueuedSynchronizer$ConditionObject.awaitNanos(AbstractQueuedSynchronizer.java:2078)
        at java.util.concurrent.LinkedBlockingQueue.poll(LinkedBlockingQueue.java:467)
        at org.apache.hadoop.ipc.CallQueueManager.take(CallQueueManager.java:288)
        at org.apache.hadoop.ipc.Server$Handler.run(Server.java:2668)
"efb933de-cdd8-4d8d-88d2-4c7ffe0dec1a@group-0F9C9D952736-SegmentedRaftLogWorker"  prio=5 tid=614 timed_waiting
java.lang.Thread.State: TIMED_WAITING
        at sun.misc.Unsafe.park(Native Method)
        at java.util.concurrent.locks.LockSupport.parkNanos(LockSupport.java:215)
        at java.util.concurrent.locks.AbstractQueuedSynchronizer$ConditionObject.awaitNanos(AbstractQueuedSynchronizer.java:2078)
        at org.apache.ratis.util.DataBlockingQueue.poll(DataBlockingQueue.java:137)
        at org.apache.ratis.server.raftlog.segmented.SegmentedRaftLogWorker.run(SegmentedRaftLogWorker.java:282)
        at java.lang.Thread.run(Thread.java:748)
"pool-66-thread-48"  prio=5 tid=583 in Object.wait()
java.lang.Thread.State: WAITING (on object monitor)
        at sun.misc.Unsafe.park(Native Method)
        at java.util.concurrent.locks.LockSupport.park(LockSupport.java:175)
        at java.util.concurrent.locks.AbstractQueuedSynchronizer$ConditionObject.await(AbstractQueuedSynchronizer.java:2039)
        at java.util.concurrent.ArrayBlockingQueue.take(ArrayBlockingQueue.java:403)
        at java.util.concurrent.ThreadPoolExecutor.getTask(ThreadPoolExecutor.java:1074)
        at java.util.concurrent.ThreadPoolExecutor.runWorker(ThreadPoolExecutor.java:1134)
        at java.util.concurrent.ThreadPoolExecutor$Worker.run(ThreadPoolExecutor.java:624)
        at java.lang.Thread.run(Thread.java:748)
"pool-66-thread-25"  prio=5 tid=560 in Object.wait()
java.lang.Thread.State: WAITING (on object monitor)
        at sun.misc.Unsafe.park(Native Method)
        at java.util.concurrent.locks.LockSupport.park(LockSupport.java:175)
        at java.util.concurrent.locks.AbstractQueuedSynchronizer$ConditionObject.await(AbstractQueuedSynchronizer.java:2039)
        at java.util.concurrent.ArrayBlockingQueue.take(ArrayBlockingQueue.java:403)
        at java.util.concurrent.ThreadPoolExecutor.getTask(ThreadPoolExecutor.java:1074)
        at java.util.concurrent.ThreadPoolExecutor.runWorker(ThreadPoolExecutor.java:1134)
        at java.util.concurrent.ThreadPoolExecutor$Worker.run(ThreadPoolExecutor.java:624)
        at java.lang.Thread.run(Thread.java:748)
"pool-56-thread-27"  prio=5 tid=500 in Object.wait()
java.lang.Thread.State: WAITING (on object monitor)
        at sun.misc.Unsafe.park(Native Method)
        at java.util.concurrent.locks.LockSupport.park(LockSupport.java:175)
        at java.util.concurrent.locks.AbstractQueuedSynchronizer$ConditionObject.await(AbstractQueuedSynchronizer.java:2039)
        at java.util.concurrent.ArrayBlockingQueue.take(ArrayBlockingQueue.java:403)
        at java.util.concurrent.ThreadPoolExecutor.getTask(ThreadPoolExecutor.java:1074)
        at java.util.concurrent.ThreadPoolExecutor.runWorker(ThreadPoolExecutor.java:1134)
        at java.util.concurrent.ThreadPoolExecutor$Worker.run(ThreadPoolExecutor.java:624)
        at java.lang.Thread.run(Thread.java:748)
"IPC Server handler 18 on 33004" daemon prio=5 tid=87 timed_waiting
java.lang.Thread.State: TIMED_WAITING
        at sun.misc.Unsafe.park(Native Method)
        at java.util.concurrent.locks.LockSupport.parkNanos(LockSupport.java:215)
        at java.util.concurrent.locks.AbstractQueuedSynchronizer$ConditionObject.awaitNanos(AbstractQueuedSynchronizer.java:2078)
        at java.util.concurrent.LinkedBlockingQueue.poll(LinkedBlockingQueue.java:467)
        at org.apache.hadoop.ipc.CallQueueManager.take(CallQueueManager.java:288)
        at org.apache.hadoop.ipc.Server$Handler.run(Server.java:2668)
"pool-66-thread-47"  prio=5 tid=582 in Object.wait()
java.lang.Thread.State: WAITING (on object monitor)
        at sun.misc.Unsafe.park(Native Method)
        at java.util.concurrent.locks.LockSupport.park(LockSupport.java:175)
        at java.util.concurrent.locks.AbstractQueuedSynchronizer$ConditionObject.await(AbstractQueuedSynchronizer.java:2039)
        at java.util.concurrent.ArrayBlockingQueue.take(ArrayBlockingQueue.java:403)
        at java.util.concurrent.ThreadPoolExecutor.getTask(ThreadPoolExecutor.java:1074)
        at java.util.concurrent.ThreadPoolExecutor.runWorker(ThreadPoolExecutor.java:1134)
        at java.util.concurrent.ThreadPoolExecutor$Worker.run(ThreadPoolExecutor.java:624)
        at java.lang.Thread.run(Thread.java:748)
"pool-66-thread-60"  prio=5 tid=595 in Object.wait()
java.lang.Thread.State: WAITING (on object monitor)
        at sun.misc.Unsafe.park(Native Method)
        at java.util.concurrent.locks.LockSupport.park(LockSupport.java:175)
        at java.util.concurrent.locks.AbstractQueuedSynchronizer$ConditionObject.await(AbstractQueuedSynchronizer.java:2039)
        at java.util.concurrent.ArrayBlockingQueue.take(ArrayBlockingQueue.java:403)
        at java.util.concurrent.ThreadPoolExecutor.getTask(ThreadPoolExecutor.java:1074)
        at java.util.concurrent.ThreadPoolExecutor.runWorker(ThreadPoolExecutor.java:1134)
        at java.util.concurrent.ThreadPoolExecutor$Worker.run(ThreadPoolExecutor.java:624)
        at java.lang.Thread.run(Thread.java:748)
"pool-56-thread-23"  prio=5 tid=496 in Object.wait()
java.lang.Thread.State: WAITING (on object monitor)
        at sun.misc.Unsafe.park(Native Method)
        at java.util.concurrent.locks.LockSupport.park(LockSupport.java:175)
        at java.util.concurrent.locks.AbstractQueuedSynchronizer$ConditionObject.await(AbstractQueuedSynchronizer.java:2039)
        at java.util.concurrent.ArrayBlockingQueue.take(ArrayBlockingQueue.java:403)
        at java.util.concurrent.ThreadPoolExecutor.getTask(ThreadPoolExecutor.java:1074)
        at java.util.concurrent.ThreadPoolExecutor.runWorker(ThreadPoolExecutor.java:1134)
        at java.util.concurrent.ThreadPoolExecutor$Worker.run(ThreadPoolExecutor.java:624)
        at java.lang.Thread.run(Thread.java:748)
"IPC Server handler 7 on 35444" daemon prio=5 tid=121 timed_waiting
java.lang.Thread.State: TIMED_WAITING
        at sun.misc.Unsafe.park(Native Method)
        at java.util.concurrent.locks.LockSupport.parkNanos(LockSupport.java:215)
        at java.util.concurrent.locks.AbstractQueuedSynchronizer$ConditionObject.awaitNanos(AbstractQueuedSynchronizer.java:2078)
        at java.util.concurrent.LinkedBlockingQueue.poll(LinkedBlockingQueue.java:467)
        at org.apache.hadoop.ipc.CallQueueManager.take(CallQueueManager.java:288)
        at org.apache.hadoop.ipc.Server$Handler.run(Server.java:2668)
"metrics-hadoop-metrics2-reporter-48-thread-1" daemon prio=5 tid=815 timed_waiting
java.lang.Thread.State: TIMED_WAITING
        at sun.misc.Unsafe.park(Native Method)
        at java.util.concurrent.locks.LockSupport.parkNanos(LockSupport.java:215)
        at java.util.concurrent.locks.AbstractQueuedSynchronizer$ConditionObject.awaitNanos(AbstractQueuedSynchronizer.java:2078)
        at java.util.concurrent.ScheduledThreadPoolExecutor$DelayedWorkQueue.take(ScheduledThreadPoolExecutor.java:1093)
        at java.util.concurrent.ScheduledThreadPoolExecutor$DelayedWorkQueue.take(ScheduledThreadPoolExecutor.java:809)
        at java.util.concurrent.ThreadPoolExecutor.getTask(ThreadPoolExecutor.java:1074)
        at java.util.concurrent.ThreadPoolExecutor.runWorker(ThreadPoolExecutor.java:1134)
        at java.util.concurrent.ThreadPoolExecutor$Worker.run(ThreadPoolExecutor.java:624)
        at java.lang.Thread.run(Thread.java:748)
"org.eclipse.jetty.server.session.HashSessionManager@25ad4f71Timer" daemon prio=5 tid=168 timed_waiting
java.lang.Thread.State: TIMED_WAITING
        at sun.misc.Unsafe.park(Native Method)
        at java.util.concurrent.locks.LockSupport.parkNanos(LockSupport.java:215)
        at java.util.concurrent.locks.AbstractQueuedSynchronizer$ConditionObject.awaitNanos(AbstractQueuedSynchronizer.java:2078)
        at java.util.concurrent.ScheduledThreadPoolExecutor$DelayedWorkQueue.take(ScheduledThreadPoolExecutor.java:1093)
        at java.util.concurrent.ScheduledThreadPoolExecutor$DelayedWorkQueue.take(ScheduledThreadPoolExecutor.java:809)
        at java.util.concurrent.ThreadPoolExecutor.getTask(ThreadPoolExecutor.java:1074)
        at java.util.concurrent.ThreadPoolExecutor.runWorker(ThreadPoolExecutor.java:1134)
        at java.util.concurrent.ThreadPoolExecutor$Worker.run(ThreadPoolExecutor.java:624)
        at java.lang.Thread.run(Thread.java:748)
"metrics-hadoop-metrics2-reporter-5-thread-1" daemon prio=5 tid=625 timed_waiting
java.lang.Thread.State: TIMED_WAITING
        at sun.misc.Unsafe.park(Native Method)
        at java.util.concurrent.locks.LockSupport.parkNanos(LockSupport.java:215)
        at java.util.concurrent.locks.AbstractQueuedSynchronizer$ConditionObject.awaitNanos(AbstractQueuedSynchronizer.java:2078)
        at java.util.concurrent.ScheduledThreadPoolExecutor$DelayedWorkQueue.take(ScheduledThreadPoolExecutor.java:1093)
        at java.util.concurrent.ScheduledThreadPoolExecutor$DelayedWorkQueue.take(ScheduledThreadPoolExecutor.java:809)
        at java.util.concurrent.ThreadPoolExecutor.getTask(ThreadPoolExecutor.java:1074)
        at java.util.concurrent.ThreadPoolExecutor.runWorker(ThreadPoolExecutor.java:1134)
        at java.util.concurrent.ThreadPoolExecutor$Worker.run(ThreadPoolExecutor.java:624)
        at java.lang.Thread.run(Thread.java:748)
"pool-56-thread-3"  prio=5 tid=476 in Object.wait()
java.lang.Thread.State: WAITING (on object monitor)
        at sun.misc.Unsafe.park(Native Method)
        at java.util.concurrent.locks.LockSupport.park(LockSupport.java:175)
        at java.util.concurrent.locks.AbstractQueuedSynchronizer$ConditionObject.await(AbstractQueuedSynchronizer.java:2039)
        at java.util.concurrent.ArrayBlockingQueue.take(ArrayBlockingQueue.java:403)
        at java.util.concurrent.ThreadPoolExecutor.getTask(ThreadPoolExecutor.java:1074)
        at java.util.concurrent.ThreadPoolExecutor.runWorker(ThreadPoolExecutor.java:1134)
        at java.util.concurrent.ThreadPoolExecutor$Worker.run(ThreadPoolExecutor.java:624)
        at java.lang.Thread.run(Thread.java:748)
"metrics-hadoop-metrics2-reporter-27-thread-1" daemon prio=5 tid=683 timed_waiting
java.lang.Thread.State: TIMED_WAITING
        at sun.misc.Unsafe.park(Native Method)
        at java.util.concurrent.locks.LockSupport.parkNanos(LockSupport.java:215)
        at java.util.concurrent.locks.AbstractQueuedSynchronizer$ConditionObject.awaitNanos(AbstractQueuedSynchronizer.java:2078)
        at java.util.concurrent.ScheduledThreadPoolExecutor$DelayedWorkQueue.take(ScheduledThreadPoolExecutor.java:1093)
        at java.util.concurrent.ScheduledThreadPoolExecutor$DelayedWorkQueue.take(ScheduledThreadPoolExecutor.java:809)
        at java.util.concurrent.ThreadPoolExecutor.getTask(ThreadPoolExecutor.java:1074)
        at java.util.concurrent.ThreadPoolExecutor.runWorker(ThreadPoolExecutor.java:1134)
        at java.util.concurrent.ThreadPoolExecutor$Worker.run(ThreadPoolExecutor.java:624)
        at java.lang.Thread.run(Thread.java:748)
"pool-26-thread-29"  prio=5 tid=315 in Object.wait()
java.lang.Thread.State: WAITING (on object monitor)
        at sun.misc.Unsafe.park(Native Method)
        at java.util.concurrent.locks.LockSupport.park(LockSupport.java:175)
        at java.util.concurrent.locks.AbstractQueuedSynchronizer$ConditionObject.await(AbstractQueuedSynchronizer.java:2039)
        at java.util.concurrent.ArrayBlockingQueue.take(ArrayBlockingQueue.java:403)
        at java.util.concurrent.ThreadPoolExecutor.getTask(ThreadPoolExecutor.java:1074)
        at java.util.concurrent.ThreadPoolExecutor.runWorker(ThreadPoolExecutor.java:1134)
        at java.util.concurrent.ThreadPoolExecutor$Worker.run(ThreadPoolExecutor.java:624)
        at java.lang.Thread.run(Thread.java:748)
"IPC Server handler 12 on 33004" daemon prio=5 tid=81 timed_waiting
java.lang.Thread.State: TIMED_WAITING
        at sun.misc.Unsafe.park(Native Method)
        at java.util.concurrent.locks.LockSupport.parkNanos(LockSupport.java:215)
        at java.util.concurrent.locks.AbstractQueuedSynchronizer$ConditionObject.awaitNanos(AbstractQueuedSynchronizer.java:2078)
        at java.util.concurrent.LinkedBlockingQueue.poll(LinkedBlockingQueue.java:467)
        at org.apache.hadoop.ipc.CallQueueManager.take(CallQueueManager.java:288)
        at org.apache.hadoop.ipc.Server$Handler.run(Server.java:2668)
"qtp1919592808-189" daemon prio=5 tid=189 timed_waiting
java.lang.Thread.State: TIMED_WAITING
        at sun.misc.Unsafe.park(Native Method)
        at java.util.concurrent.locks.LockSupport.parkNanos(LockSupport.java:215)
        at java.util.concurrent.locks.AbstractQueuedSynchronizer$ConditionObject.awaitNanos(AbstractQueuedSynchronizer.java:2078)
        at org.eclipse.jetty.util.BlockingArrayQueue.poll(BlockingArrayQueue.java:392)
        at org.eclipse.jetty.util.thread.QueuedThreadPool.idleJobPoll(QueuedThreadPool.java:563)
        at org.eclipse.jetty.util.thread.QueuedThreadPool.access$800(QueuedThreadPool.java:48)
        at org.eclipse.jetty.util.thread.QueuedThreadPool$2.run(QueuedThreadPool.java:626)
        at java.lang.Thread.run(Thread.java:748)
"pool-36-thread-31"  prio=5 tid=377 in Object.wait()
java.lang.Thread.State: WAITING (on object monitor)
        at sun.misc.Unsafe.park(Native Method)
        at java.util.concurrent.locks.LockSupport.park(LockSupport.java:175)
        at java.util.concurrent.locks.AbstractQueuedSynchronizer$ConditionObject.await(AbstractQueuedSynchronizer.java:2039)
        at java.util.concurrent.ArrayBlockingQueue.take(ArrayBlockingQueue.java:403)
        at java.util.concurrent.ThreadPoolExecutor.getTask(ThreadPoolExecutor.java:1074)
        at java.util.concurrent.ThreadPoolExecutor.runWorker(ThreadPoolExecutor.java:1134)
        at java.util.concurrent.ThreadPoolExecutor$Worker.run(ThreadPoolExecutor.java:624)
        at java.lang.Thread.run(Thread.java:748)
"IPC Server handler 0 on 33004" daemon prio=5 tid=69 timed_waiting
java.lang.Thread.State: TIMED_WAITING
        at sun.misc.Unsafe.park(Native Method)
        at java.util.concurrent.locks.LockSupport.parkNanos(LockSupport.java:215)
        at java.util.concurrent.locks.AbstractQueuedSynchronizer$ConditionObject.awaitNanos(AbstractQueuedSynchronizer.java:2078)
        at java.util.concurrent.LinkedBlockingQueue.poll(LinkedBlockingQueue.java:467)
        at org.apache.hadoop.ipc.CallQueueManager.take(CallQueueManager.java:288)
        at org.apache.hadoop.ipc.Server$Handler.run(Server.java:2668)
"pool-26-thread-18"  prio=5 tid=304 in Object.wait()
java.lang.Thread.State: WAITING (on object monitor)
        at sun.misc.Unsafe.park(Native Method)
        at java.util.concurrent.locks.LockSupport.park(LockSupport.java:175)
        at java.util.concurrent.locks.AbstractQueuedSynchronizer$ConditionObject.await(AbstractQueuedSynchronizer.java:2039)
        at java.util.concurrent.ArrayBlockingQueue.take(ArrayBlockingQueue.java:403)
        at java.util.concurrent.ThreadPoolExecutor.getTask(ThreadPoolExecutor.java:1074)
        at java.util.concurrent.ThreadPoolExecutor.runWorker(ThreadPoolExecutor.java:1134)
        at java.util.concurrent.ThreadPoolExecutor$Worker.run(ThreadPoolExecutor.java:624)
        at java.lang.Thread.run(Thread.java:748)
"Datanode ReportManager Thread - 0" daemon prio=5 tid=225 in Object.wait()
java.lang.Thread.State: WAITING (on object monitor)
        at sun.misc.Unsafe.park(Native Method)
        at java.util.concurrent.locks.LockSupport.park(LockSupport.java:175)
        at java.util.concurrent.locks.AbstractQueuedSynchronizer$ConditionObject.await(AbstractQueuedSynchronizer.java:2039)
        at java.util.concurrent.ScheduledThreadPoolExecutor$DelayedWorkQueue.take(ScheduledThreadPoolExecutor.java:1088)
        at java.util.concurrent.ScheduledThreadPoolExecutor$DelayedWorkQueue.take(ScheduledThreadPoolExecutor.java:809)
        at java.util.concurrent.ThreadPoolExecutor.getTask(ThreadPoolExecutor.java:1074)
        at java.util.concurrent.ThreadPoolExecutor.runWorker(ThreadPoolExecutor.java:1134)
        at java.util.concurrent.ThreadPoolExecutor$Worker.run(ThreadPoolExecutor.java:624)
        at java.lang.Thread.run(Thread.java:748)
"pool-56-thread-44"  prio=5 tid=517 in Object.wait()
java.lang.Thread.State: WAITING (on object monitor)
        at sun.misc.Unsafe.park(Native Method)
        at java.util.concurrent.locks.LockSupport.park(LockSupport.java:175)
        at java.util.concurrent.locks.AbstractQueuedSynchronizer$ConditionObject.await(AbstractQueuedSynchronizer.java:2039)
        at java.util.concurrent.ArrayBlockingQueue.take(ArrayBlockingQueue.java:403)
        at java.util.concurrent.ThreadPoolExecutor.getTask(ThreadPoolExecutor.java:1074)
        at java.util.concurrent.ThreadPoolExecutor.runWorker(ThreadPoolExecutor.java:1134)
        at java.util.concurrent.ThreadPoolExecutor$Worker.run(ThreadPoolExecutor.java:624)
        at java.lang.Thread.run(Thread.java:748)
"pool-46-thread-38"  prio=5 tid=444 in Object.wait()
java.lang.Thread.State: WAITING (on object monitor)
        at sun.misc.Unsafe.park(Native Method)
        at java.util.concurrent.locks.LockSupport.park(LockSupport.java:175)
        at java.util.concurrent.locks.AbstractQueuedSynchronizer$ConditionObject.await(AbstractQueuedSynchronizer.java:2039)
        at java.util.concurrent.ArrayBlockingQueue.take(ArrayBlockingQueue.java:403)
        at java.util.concurrent.ThreadPoolExecutor.getTask(ThreadPoolExecutor.java:1074)
        at java.util.concurrent.ThreadPoolExecutor.runWorker(ThreadPoolExecutor.java:1134)
        at java.util.concurrent.ThreadPoolExecutor$Worker.run(ThreadPoolExecutor.java:624)
        at java.lang.Thread.run(Thread.java:748)
"OMDoubleBufferFlushThread" daemon prio=5 tid=106 timed_waiting
java.lang.Thread.State: TIMED_WAITING
        at java.lang.Object.wait(Native Method)
        at org.apache.hadoop.ozone.om.ratis.OzoneManagerDoubleBuffer.canFlush(OzoneManagerDoubleBuffer.java:322)
        at org.apache.hadoop.ozone.om.ratis.OzoneManagerDoubleBuffer.flushTransactions(OzoneManagerDoubleBuffer.java:130)
        at org.apache.hadoop.ozone.om.ratis.OzoneManagerDoubleBuffer$$Lambda$49/704387627.run(Unknown Source)
        at java.lang.Thread.run(Thread.java:748)
"pool-56-thread-8"  prio=5 tid=481 in Object.wait()
java.lang.Thread.State: WAITING (on object monitor)
        at sun.misc.Unsafe.park(Native Method)
        at java.util.concurrent.locks.LockSupport.park(LockSupport.java:175)
        at java.util.concurrent.locks.AbstractQueuedSynchronizer$ConditionObject.await(AbstractQueuedSynchronizer.java:2039)
        at java.util.concurrent.ArrayBlockingQueue.take(ArrayBlockingQueue.java:403)
        at java.util.concurrent.ThreadPoolExecutor.getTask(ThreadPoolExecutor.java:1074)
        at java.util.concurrent.ThreadPoolExecutor.runWorker(ThreadPoolExecutor.java:1134)
        at java.util.concurrent.ThreadPoolExecutor$Worker.run(ThreadPoolExecutor.java:624)
        at java.lang.Thread.run(Thread.java:748)
"pool-46-thread-43"  prio=5 tid=449 in Object.wait()
java.lang.Thread.State: WAITING (on object monitor)
        at sun.misc.Unsafe.park(Native Method)
        at java.util.concurrent.locks.LockSupport.park(LockSupport.java:175)
        at java.util.concurrent.locks.AbstractQueuedSynchronizer$ConditionObject.await(AbstractQueuedSynchronizer.java:2039)
        at java.util.concurrent.ArrayBlockingQueue.take(ArrayBlockingQueue.java:403)
        at java.util.concurrent.ThreadPoolExecutor.getTask(ThreadPoolExecutor.java:1074)
        at java.util.concurrent.ThreadPoolExecutor.runWorker(ThreadPoolExecutor.java:1134)
        at java.util.concurrent.ThreadPoolExecutor$Worker.run(ThreadPoolExecutor.java:624)
        at java.lang.Thread.run(Thread.java:748)
"Socket Reader #1 for port 33004"  prio=5 tid=15 runnable
java.lang.Thread.State: RUNNABLE
        at sun.nio.ch.EPollArrayWrapper.epollWait(Native Method)
        at sun.nio.ch.EPollArrayWrapper.poll(EPollArrayWrapper.java:269)
        at sun.nio.ch.EPollSelectorImpl.doSelect(EPollSelectorImpl.java:93)
        at sun.nio.ch.SelectorImpl.lockAndDoSelect(SelectorImpl.java:86)
        at sun.nio.ch.SelectorImpl.select(SelectorImpl.java:97)
        at sun.nio.ch.SelectorImpl.select(SelectorImpl.java:101)
        at org.apache.hadoop.ipc.Server$Listener$Reader.doRunLoop(Server.java:1097)
        at org.apache.hadoop.ipc.Server$Listener$Reader.run(Server.java:1076)
"IPC Server handler 14 on 46821" daemon prio=5 tid=63 timed_waiting
java.lang.Thread.State: TIMED_WAITING
        at sun.misc.Unsafe.park(Native Method)
        at java.util.concurrent.locks.LockSupport.parkNanos(LockSupport.java:215)
        at java.util.concurrent.locks.AbstractQueuedSynchronizer$ConditionObject.awaitNanos(AbstractQueuedSynchronizer.java:2078)
        at java.util.concurrent.LinkedBlockingQueue.poll(LinkedBlockingQueue.java:467)
        at org.apache.hadoop.ipc.CallQueueManager.take(CallQueueManager.java:288)
        at org.apache.hadoop.ipc.Server$Handler.run(Server.java:2668)
"qtp1680841335-214-acceptor-0@61fc91f6-ServerConnector@411c6d44{HTTP/1.1,[http/1.1]}{0.0.0.0:35978}" daemon prio=3 tid=214 runnable
java.lang.Thread.State: RUNNABLE
        at sun.nio.ch.ServerSocketChannelImpl.accept0(Native Method)
        at sun.nio.ch.ServerSocketChannelImpl.accept(ServerSocketChannelImpl.java:422)
        at sun.nio.ch.ServerSocketChannelImpl.accept(ServerSocketChannelImpl.java:250)
        at org.eclipse.jetty.server.ServerConnector.accept(ServerConnector.java:397)
        at org.eclipse.jetty.server.AbstractConnector$Acceptor.run(AbstractConnector.java:601)
        at org.eclipse.jetty.util.thread.QueuedThreadPool.runJob(QueuedThreadPool.java:671)
        at org.eclipse.jetty.util.thread.QueuedThreadPool$2.run(QueuedThreadPool.java:589)
        at java.lang.Thread.run(Thread.java:748)
"9d88716d-5d6b-4fd8-b832-a110dc45ee66@group-4744F5BEFEE7-StateMachineUpdater" daemon prio=5 tid=637 in Object.wait()
java.lang.Thread.State: WAITING (on object monitor)
        at java.lang.Object.wait(Native Method)
        at java.lang.Object.wait(Object.java:502)
        at org.apache.ratis.server.impl.StateMachineUpdater.waitForCommit(StateMachineUpdater.java:194)
        at org.apache.ratis.server.impl.StateMachineUpdater.run(StateMachineUpdater.java:159)
        at java.lang.Thread.run(Thread.java:748)
"pool-36-thread-10"  prio=5 tid=356 in Object.wait()
java.lang.Thread.State: WAITING (on object monitor)
        at sun.misc.Unsafe.park(Native Method)
        at java.util.concurrent.locks.LockSupport.park(LockSupport.java:175)
        at java.util.concurrent.locks.AbstractQueuedSynchronizer$ConditionObject.await(AbstractQueuedSynchronizer.java:2039)
        at java.util.concurrent.ArrayBlockingQueue.take(ArrayBlockingQueue.java:403)
        at java.util.concurrent.ThreadPoolExecutor.getTask(ThreadPoolExecutor.java:1074)
        at java.util.concurrent.ThreadPoolExecutor.runWorker(ThreadPoolExecutor.java:1134)
        at java.util.concurrent.ThreadPoolExecutor$Worker.run(ThreadPoolExecutor.java:624)
        at java.lang.Thread.run(Thread.java:748)
"pool-66-thread-28"  prio=5 tid=563 in Object.wait()
java.lang.Thread.State: WAITING (on object monitor)
        at sun.misc.Unsafe.park(Native Method)
        at java.util.concurrent.locks.LockSupport.park(LockSupport.java:175)
        at java.util.concurrent.locks.AbstractQueuedSynchronizer$ConditionObject.await(AbstractQueuedSynchronizer.java:2039)
        at java.util.concurrent.ArrayBlockingQueue.take(ArrayBlockingQueue.java:403)
        at java.util.concurrent.ThreadPoolExecutor.getTask(ThreadPoolExecutor.java:1074)
        at java.util.concurrent.ThreadPoolExecutor.runWorker(ThreadPoolExecutor.java:1134)
        at java.util.concurrent.ThreadPoolExecutor$Worker.run(ThreadPoolExecutor.java:624)
        at java.lang.Thread.run(Thread.java:748)
"pool-66-thread-40"  prio=5 tid=575 in Object.wait()
java.lang.Thread.State: WAITING (on object monitor)
        at sun.misc.Unsafe.park(Native Method)
        at java.util.concurrent.locks.LockSupport.park(LockSupport.java:175)
        at java.util.concurrent.locks.AbstractQueuedSynchronizer$ConditionObject.await(AbstractQueuedSynchronizer.java:2039)
        at java.util.concurrent.ArrayBlockingQueue.take(ArrayBlockingQueue.java:403)
        at java.util.concurrent.ThreadPoolExecutor.getTask(ThreadPoolExecutor.java:1074)
        at java.util.concurrent.ThreadPoolExecutor.runWorker(ThreadPoolExecutor.java:1134)
        at java.util.concurrent.ThreadPoolExecutor$Worker.run(ThreadPoolExecutor.java:624)
        at java.lang.Thread.run(Thread.java:748)
"IPC Server handler 19 on 33004" daemon prio=5 tid=88 timed_waiting
java.lang.Thread.State: TIMED_WAITING
        at sun.misc.Unsafe.park(Native Method)
        at java.util.concurrent.locks.LockSupport.parkNanos(LockSupport.java:215)
        at java.util.concurrent.locks.AbstractQueuedSynchronizer$ConditionObject.awaitNanos(AbstractQueuedSynchronizer.java:2078)
        at java.util.concurrent.LinkedBlockingQueue.poll(LinkedBlockingQueue.java:467)
        at org.apache.hadoop.ipc.CallQueueManager.take(CallQueueManager.java:288)
        at org.apache.hadoop.ipc.Server$Handler.run(Server.java:2668)
"org.apache.hadoop.util.JvmPauseMonitor$Monitor@61e617c1" daemon prio=5 tid=257 timed_waiting
java.lang.Thread.State: TIMED_WAITING
        at java.lang.Thread.sleep(Native Method)
        at org.apache.hadoop.util.JvmPauseMonitor$Monitor.run(JvmPauseMonitor.java:192)
        at java.lang.Thread.run(Thread.java:748)
"java.util.concurrent.ThreadPoolExecutor$Worker@a66829[State = -1, empty queue]" daemon prio=5 tid=823 timed_waiting
java.lang.Thread.State: TIMED_WAITING
        at sun.misc.Unsafe.park(Native Method)
        at java.util.concurrent.locks.LockSupport.parkNanos(LockSupport.java:215)
        at java.util.concurrent.locks.AbstractQueuedSynchronizer$ConditionObject.awaitNanos(AbstractQueuedSynchronizer.java:2078)
        at java.util.concurrent.ScheduledThreadPoolExecutor$DelayedWorkQueue.take(ScheduledThreadPoolExecutor.java:1093)
        at java.util.concurrent.ScheduledThreadPoolExecutor$DelayedWorkQueue.take(ScheduledThreadPoolExecutor.java:809)
        at java.util.concurrent.ThreadPoolExecutor.getTask(ThreadPoolExecutor.java:1074)
        at java.util.concurrent.ThreadPoolExecutor.runWorker(ThreadPoolExecutor.java:1134)
        at java.util.concurrent.ThreadPoolExecutor$Worker.run(ThreadPoolExecutor.java:624)
        at java.lang.Thread.run(Thread.java:748)
"pool-26-thread-12"  prio=5 tid=298 in Object.wait()
java.lang.Thread.State: WAITING (on object monitor)
        at sun.misc.Unsafe.park(Native Method)
        at java.util.concurrent.locks.LockSupport.park(LockSupport.java:175)
        at java.util.concurrent.locks.AbstractQueuedSynchronizer$ConditionObject.await(AbstractQueuedSynchronizer.java:2039)
        at java.util.concurrent.ArrayBlockingQueue.take(ArrayBlockingQueue.java:403)
        at java.util.concurrent.ThreadPoolExecutor.getTask(ThreadPoolExecutor.java:1074)
        at java.util.concurrent.ThreadPoolExecutor.runWorker(ThreadPoolExecutor.java:1134)
        at java.util.concurrent.ThreadPoolExecutor$Worker.run(ThreadPoolExecutor.java:624)
        at java.lang.Thread.run(Thread.java:748)
"Datanode State Machine Thread - 0" daemon prio=5 tid=179 timed_waiting
java.lang.Thread.State: TIMED_WAITING
        at sun.misc.Unsafe.park(Native Method)
        at java.util.concurrent.locks.LockSupport.parkNanos(LockSupport.java:215)
        at java.util.concurrent.SynchronousQueue$TransferStack.awaitFulfill(SynchronousQueue.java:460)
        at java.util.concurrent.SynchronousQueue$TransferStack.transfer(SynchronousQueue.java:362)
        at java.util.concurrent.SynchronousQueue.poll(SynchronousQueue.java:941)
        at java.util.concurrent.ThreadPoolExecutor.getTask(ThreadPoolExecutor.java:1073)
        at java.util.concurrent.ThreadPoolExecutor.runWorker(ThreadPoolExecutor.java:1134)
        at java.util.concurrent.ThreadPoolExecutor$Worker.run(ThreadPoolExecutor.java:624)
        at java.lang.Thread.run(Thread.java:748)
"pool-56-thread-57"  prio=5 tid=530 in Object.wait()
java.lang.Thread.State: WAITING (on object monitor)
        at sun.misc.Unsafe.park(Native Method)
        at java.util.concurrent.locks.LockSupport.park(LockSupport.java:175)
        at java.util.concurrent.locks.AbstractQueuedSynchronizer$ConditionObject.await(AbstractQueuedSynchronizer.java:2039)
        at java.util.concurrent.ArrayBlockingQueue.take(ArrayBlockingQueue.java:403)
        at java.util.concurrent.ThreadPoolExecutor.getTask(ThreadPoolExecutor.java:1074)
        at java.util.concurrent.ThreadPoolExecutor.runWorker(ThreadPoolExecutor.java:1134)
        at java.util.concurrent.ThreadPoolExecutor$Worker.run(ThreadPoolExecutor.java:624)
        at java.lang.Thread.run(Thread.java:748)
"pool-26-thread-36"  prio=5 tid=322 in Object.wait()
java.lang.Thread.State: WAITING (on object monitor)
        at sun.misc.Unsafe.park(Native Method)
        at java.util.concurrent.locks.LockSupport.park(LockSupport.java:175)
        at java.util.concurrent.locks.AbstractQueuedSynchronizer$ConditionObject.await(AbstractQueuedSynchronizer.java:2039)
        at java.util.concurrent.ArrayBlockingQueue.take(ArrayBlockingQueue.java:403)
        at java.util.concurrent.ThreadPoolExecutor.getTask(ThreadPoolExecutor.java:1074)
        at java.util.concurrent.ThreadPoolExecutor.runWorker(ThreadPoolExecutor.java:1134)
        at java.util.concurrent.ThreadPoolExecutor$Worker.run(ThreadPoolExecutor.java:624)
        at java.lang.Thread.run(Thread.java:748)
"metrics-hadoop-metrics2-reporter-24-thread-1" daemon prio=5 tid=671 timed_waiting
java.lang.Thread.State: TIMED_WAITING
        at sun.misc.Unsafe.park(Native Method)
        at java.util.concurrent.locks.LockSupport.parkNanos(LockSupport.java:215)
        at java.util.concurrent.locks.AbstractQueuedSynchronizer$ConditionObject.awaitNanos(AbstractQueuedSynchronizer.java:2078)
        at java.util.concurrent.ScheduledThreadPoolExecutor$DelayedWorkQueue.take(ScheduledThreadPoolExecutor.java:1093)
        at java.util.concurrent.ScheduledThreadPoolExecutor$DelayedWorkQueue.take(ScheduledThreadPoolExecutor.java:809)
        at java.util.concurrent.ThreadPoolExecutor.getTask(ThreadPoolExecutor.java:1074)
        at java.util.concurrent.ThreadPoolExecutor.runWorker(ThreadPoolExecutor.java:1134)
        at java.util.concurrent.ThreadPoolExecutor$Worker.run(ThreadPoolExecutor.java:624)
        at java.lang.Thread.run(Thread.java:748)
"metrics-hadoop-metrics2-reporter-17-thread-1" daemon prio=5 tid=651 timed_waiting
java.lang.Thread.State: TIMED_WAITING
        at sun.misc.Unsafe.park(Native Method)
        at java.util.concurrent.locks.LockSupport.parkNanos(LockSupport.java:215)
        at java.util.concurrent.locks.AbstractQueuedSynchronizer$ConditionObject.awaitNanos(AbstractQueuedSynchronizer.java:2078)
        at java.util.concurrent.ScheduledThreadPoolExecutor$DelayedWorkQueue.take(ScheduledThreadPoolExecutor.java:1093)
        at java.util.concurrent.ScheduledThreadPoolExecutor$DelayedWorkQueue.take(ScheduledThreadPoolExecutor.java:809)
        at java.util.concurrent.ThreadPoolExecutor.getTask(ThreadPoolExecutor.java:1074)
        at java.util.concurrent.ThreadPoolExecutor.runWorker(ThreadPoolExecutor.java:1134)
        at java.util.concurrent.ThreadPoolExecutor$Worker.run(ThreadPoolExecutor.java:624)
        at java.lang.Thread.run(Thread.java:748)
"Datanode State Machine Thread - 0" daemon prio=5 tid=258 timed_waiting
java.lang.Thread.State: TIMED_WAITING
        at sun.misc.Unsafe.park(Native Method)
        at java.util.concurrent.locks.LockSupport.parkNanos(LockSupport.java:215)
        at java.util.concurrent.SynchronousQueue$TransferStack.awaitFulfill(SynchronousQueue.java:460)
        at java.util.concurrent.SynchronousQueue$TransferStack.transfer(SynchronousQueue.java:362)
        at java.util.concurrent.SynchronousQueue.poll(SynchronousQueue.java:941)
        at java.util.concurrent.ThreadPoolExecutor.getTask(ThreadPoolExecutor.java:1073)
        at java.util.concurrent.ThreadPoolExecutor.runWorker(ThreadPoolExecutor.java:1134)
        at java.util.concurrent.ThreadPoolExecutor$Worker.run(ThreadPoolExecutor.java:624)
        at java.lang.Thread.run(Thread.java:748)
"IPC Server handler 4 on 35444" daemon prio=5 tid=118 timed_waiting
java.lang.Thread.State: TIMED_WAITING
        at sun.misc.Unsafe.park(Native Method)
        at java.util.concurrent.locks.LockSupport.parkNanos(LockSupport.java:215)
        at java.util.concurrent.locks.AbstractQueuedSynchronizer$ConditionObject.awaitNanos(AbstractQueuedSynchronizer.java:2078)
        at java.util.concurrent.LinkedBlockingQueue.poll(LinkedBlockingQueue.java:467)
        at org.apache.hadoop.ipc.CallQueueManager.take(CallQueueManager.java:288)
        at org.apache.hadoop.ipc.Server$Handler.run(Server.java:2668)
"pool-56-thread-19"  prio=5 tid=492 in Object.wait()
java.lang.Thread.State: WAITING (on object monitor)
        at sun.misc.Unsafe.park(Native Method)
        at java.util.concurrent.locks.LockSupport.park(LockSupport.java:175)
        at java.util.concurrent.locks.AbstractQueuedSynchronizer$ConditionObject.await(AbstractQueuedSynchronizer.java:2039)
        at java.util.concurrent.ArrayBlockingQueue.take(ArrayBlockingQueue.java:403)
        at java.util.concurrent.ThreadPoolExecutor.getTask(ThreadPoolExecutor.java:1074)
        at java.util.concurrent.ThreadPoolExecutor.runWorker(ThreadPoolExecutor.java:1134)
        at java.util.concurrent.ThreadPoolExecutor$Worker.run(ThreadPoolExecutor.java:624)
        at java.lang.Thread.run(Thread.java:748)
"grpc-default-executor-1" daemon prio=5 tid=672 timed_waiting
java.lang.Thread.State: TIMED_WAITING
        at sun.misc.Unsafe.park(Native Method)
        at java.util.concurrent.locks.LockSupport.parkNanos(LockSupport.java:215)
        at java.util.concurrent.SynchronousQueue$TransferStack.awaitFulfill(SynchronousQueue.java:460)
        at java.util.concurrent.SynchronousQueue$TransferStack.transfer(SynchronousQueue.java:362)
        at java.util.concurrent.SynchronousQueue.poll(SynchronousQueue.java:941)
        at java.util.concurrent.ThreadPoolExecutor.getTask(ThreadPoolExecutor.java:1073)
        at java.util.concurrent.ThreadPoolExecutor.runWorker(ThreadPoolExecutor.java:1134)
        at java.util.concurrent.ThreadPoolExecutor$Worker.run(ThreadPoolExecutor.java:624)
        at java.lang.Thread.run(Thread.java:748)
"pool-56-thread-9"  prio=5 tid=482 in Object.wait()
java.lang.Thread.State: WAITING (on object monitor)
        at sun.misc.Unsafe.park(Native Method)
        at java.util.concurrent.locks.LockSupport.park(LockSupport.java:175)
        at java.util.concurrent.locks.AbstractQueuedSynchronizer$ConditionObject.await(AbstractQueuedSynchronizer.java:2039)
        at java.util.concurrent.ArrayBlockingQueue.take(ArrayBlockingQueue.java:403)
        at java.util.concurrent.ThreadPoolExecutor.getTask(ThreadPoolExecutor.java:1074)
        at java.util.concurrent.ThreadPoolExecutor.runWorker(ThreadPoolExecutor.java:1134)
        at java.util.concurrent.ThreadPoolExecutor$Worker.run(ThreadPoolExecutor.java:624)
        at java.lang.Thread.run(Thread.java:748)
"Command processor thread" daemon prio=5 tid=283 timed_waiting
java.lang.Thread.State: TIMED_WAITING
        at java.lang.Thread.sleep(Native Method)
        at org.apache.hadoop.ozone.container.common.statemachine.DatanodeStateMachine.lambda$initCommandHandlerThread$1(DatanodeStateMachine.java:439)
        at org.apache.hadoop.ozone.container.common.statemachine.DatanodeStateMachine$$Lambda$141/1433245022.run(Unknown Source)
        at java.lang.Thread.run(Thread.java:748)
"pool-56-thread-52"  prio=5 tid=525 in Object.wait()
java.lang.Thread.State: WAITING (on object monitor)
        at sun.misc.Unsafe.park(Native Method)
        at java.util.concurrent.locks.LockSupport.park(LockSupport.java:175)
        at java.util.concurrent.locks.AbstractQueuedSynchronizer$ConditionObject.await(AbstractQueuedSynchronizer.java:2039)
        at java.util.concurrent.ArrayBlockingQueue.take(ArrayBlockingQueue.java:403)
        at java.util.concurrent.ThreadPoolExecutor.getTask(ThreadPoolExecutor.java:1074)
        at java.util.concurrent.ThreadPoolExecutor.runWorker(ThreadPoolExecutor.java:1134)
        at java.util.concurrent.ThreadPoolExecutor$Worker.run(ThreadPoolExecutor.java:624)
        at java.lang.Thread.run(Thread.java:748)
"pool-46-thread-54"  prio=5 tid=460 in Object.wait()
java.lang.Thread.State: WAITING (on object monitor)
        at sun.misc.Unsafe.park(Native Method)
        at java.util.concurrent.locks.LockSupport.park(LockSupport.java:175)
        at java.util.concurrent.locks.AbstractQueuedSynchronizer$ConditionObject.await(AbstractQueuedSynchronizer.java:2039)
        at java.util.concurrent.ArrayBlockingQueue.take(ArrayBlockingQueue.java:403)
        at java.util.concurrent.ThreadPoolExecutor.getTask(ThreadPoolExecutor.java:1074)
        at java.util.concurrent.ThreadPoolExecutor.runWorker(ThreadPoolExecutor.java:1134)
        at java.util.concurrent.ThreadPoolExecutor$Worker.run(ThreadPoolExecutor.java:624)
        at java.lang.Thread.run(Thread.java:748)
"pool-56-thread-48"  prio=5 tid=521 in Object.wait()
java.lang.Thread.State: WAITING (on object monitor)
        at sun.misc.Unsafe.park(Native Method)
        at java.util.concurrent.locks.LockSupport.park(LockSupport.java:175)
        at java.util.concurrent.locks.AbstractQueuedSynchronizer$ConditionObject.await(AbstractQueuedSynchronizer.java:2039)
        at java.util.concurrent.ArrayBlockingQueue.take(ArrayBlockingQueue.java:403)
        at java.util.concurrent.ThreadPoolExecutor.getTask(ThreadPoolExecutor.java:1074)
        at java.util.concurrent.ThreadPoolExecutor.runWorker(ThreadPoolExecutor.java:1134)
        at java.util.concurrent.ThreadPoolExecutor$Worker.run(ThreadPoolExecutor.java:624)
        at java.lang.Thread.run(Thread.java:748)
"Datanode State Machine Thread - 0" daemon prio=5 tid=285 timed_waiting
java.lang.Thread.State: TIMED_WAITING
        at sun.misc.Unsafe.park(Native Method)
        at java.util.concurrent.locks.LockSupport.parkNanos(LockSupport.java:215)
        at java.util.concurrent.SynchronousQueue$TransferStack.awaitFulfill(SynchronousQueue.java:460)
        at java.util.concurrent.SynchronousQueue$TransferStack.transfer(SynchronousQueue.java:362)
        at java.util.concurrent.SynchronousQueue.poll(SynchronousQueue.java:941)
        at java.util.concurrent.ThreadPoolExecutor.getTask(ThreadPoolExecutor.java:1073)
        at java.util.concurrent.ThreadPoolExecutor.runWorker(ThreadPoolExecutor.java:1134)
        at java.util.concurrent.ThreadPoolExecutor$Worker.run(ThreadPoolExecutor.java:624)
        at java.lang.Thread.run(Thread.java:748)
"Datanode ReportManager Thread - 2" daemon prio=5 tid=254 timed_waiting
java.lang.Thread.State: TIMED_WAITING
        at sun.misc.Unsafe.park(Native Method)
        at java.util.concurrent.locks.LockSupport.parkNanos(LockSupport.java:215)
        at java.util.concurrent.locks.AbstractQueuedSynchronizer$ConditionObject.awaitNanos(AbstractQueuedSynchronizer.java:2078)
        at java.util.concurrent.ScheduledThreadPoolExecutor$DelayedWorkQueue.take(ScheduledThreadPoolExecutor.java:1093)
        at java.util.concurrent.ScheduledThreadPoolExecutor$DelayedWorkQueue.take(ScheduledThreadPoolExecutor.java:809)
        at java.util.concurrent.ThreadPoolExecutor.getTask(ThreadPoolExecutor.java:1074)
        at java.util.concurrent.ThreadPoolExecutor.runWorker(ThreadPoolExecutor.java:1134)
        at java.util.concurrent.ThreadPoolExecutor$Worker.run(ThreadPoolExecutor.java:624)
        at java.lang.Thread.run(Thread.java:748)
"pool-46-thread-25"  prio=5 tid=431 in Object.wait()
java.lang.Thread.State: WAITING (on object monitor)
        at sun.misc.Unsafe.park(Native Method)
        at java.util.concurrent.locks.LockSupport.park(LockSupport.java:175)
        at java.util.concurrent.locks.AbstractQueuedSynchronizer$ConditionObject.await(AbstractQueuedSynchronizer.java:2039)
        at java.util.concurrent.ArrayBlockingQueue.take(ArrayBlockingQueue.java:403)
        at java.util.concurrent.ThreadPoolExecutor.getTask(ThreadPoolExecutor.java:1074)
        at java.util.concurrent.ThreadPoolExecutor.runWorker(ThreadPoolExecutor.java:1134)
        at java.util.concurrent.ThreadPoolExecutor$Worker.run(ThreadPoolExecutor.java:624)
        at java.lang.Thread.run(Thread.java:748)
"org.eclipse.jetty.server.session.HashSessionManager@2938127dTimer" daemon prio=5 tid=248 timed_waiting
java.lang.Thread.State: TIMED_WAITING
        at sun.misc.Unsafe.park(Native Method)
        at java.util.concurrent.locks.LockSupport.parkNanos(LockSupport.java:215)
        at java.util.concurrent.locks.AbstractQueuedSynchronizer$ConditionObject.awaitNanos(AbstractQueuedSynchronizer.java:2078)
        at java.util.concurrent.ScheduledThreadPoolExecutor$DelayedWorkQueue.take(ScheduledThreadPoolExecutor.java:1093)
        at java.util.concurrent.ScheduledThreadPoolExecutor$DelayedWorkQueue.take(ScheduledThreadPoolExecutor.java:809)
        at java.util.concurrent.ThreadPoolExecutor.getTask(ThreadPoolExecutor.java:1074)
        at java.util.concurrent.ThreadPoolExecutor.runWorker(ThreadPoolExecutor.java:1134)
        at java.util.concurrent.ThreadPoolExecutor$Worker.run(ThreadPoolExecutor.java:624)
        at java.lang.Thread.run(Thread.java:748)
"IPC Server handler 6 on 33004" daemon prio=5 tid=75 timed_waiting
java.lang.Thread.State: TIMED_WAITING
        at sun.misc.Unsafe.park(Native Method)
        at java.util.concurrent.locks.LockSupport.parkNanos(LockSupport.java:215)
        at java.util.concurrent.locks.AbstractQueuedSynchronizer$ConditionObject.awaitNanos(AbstractQueuedSynchronizer.java:2078)
        at java.util.concurrent.LinkedBlockingQueue.poll(LinkedBlockingQueue.java:467)
        at org.apache.hadoop.ipc.CallQueueManager.take(CallQueueManager.java:288)
        at org.apache.hadoop.ipc.Server$Handler.run(Server.java:2668)
"Command processor thread" daemon prio=5 tid=202 timed_waiting
java.lang.Thread.State: TIMED_WAITING
        at java.lang.Thread.sleep(Native Method)
        at org.apache.hadoop.ozone.container.common.statemachine.DatanodeStateMachine.lambda$initCommandHandlerThread$1(DatanodeStateMachine.java:439)
        at org.apache.hadoop.ozone.container.common.statemachine.DatanodeStateMachine$$Lambda$141/1433245022.run(Unknown Source)
        at java.lang.Thread.run(Thread.java:748)
"IPC Parameter Sending Thread #0" daemon prio=5 tid=105 timed_waiting
java.lang.Thread.State: TIMED_WAITING
        at sun.misc.Unsafe.park(Native Method)
        at java.util.concurrent.locks.LockSupport.parkNanos(LockSupport.java:215)
        at java.util.concurrent.SynchronousQueue$TransferStack.awaitFulfill(SynchronousQueue.java:460)
        at java.util.concurrent.SynchronousQueue$TransferStack.transfer(SynchronousQueue.java:362)
        at java.util.concurrent.SynchronousQueue.poll(SynchronousQueue.java:941)
        at java.util.concurrent.ThreadPoolExecutor.getTask(ThreadPoolExecutor.java:1073)
        at java.util.concurrent.ThreadPoolExecutor.runWorker(ThreadPoolExecutor.java:1134)
        at java.util.concurrent.ThreadPoolExecutor$Worker.run(ThreadPoolExecutor.java:624)
        at java.lang.Thread.run(Thread.java:748)
"qtp801142660-141" daemon prio=5 tid=141 timed_waiting
java.lang.Thread.State: TIMED_WAITING
        at sun.misc.Unsafe.park(Native Method)
        at java.util.concurrent.locks.LockSupport.parkNanos(LockSupport.java:215)
        at java.util.concurrent.locks.AbstractQueuedSynchronizer$ConditionObject.awaitNanos(AbstractQueuedSynchronizer.java:2078)
        at org.eclipse.jetty.util.BlockingArrayQueue.poll(BlockingArrayQueue.java:392)
        at org.eclipse.jetty.util.thread.QueuedThreadPool.idleJobPoll(QueuedThreadPool.java:563)
        at org.eclipse.jetty.util.thread.QueuedThreadPool.access$800(QueuedThreadPool.java:48)
        at org.eclipse.jetty.util.thread.QueuedThreadPool$2.run(QueuedThreadPool.java:626)
        at java.lang.Thread.run(Thread.java:748)
"Thread-213" daemon prio=5 tid=623 timed_waiting
java.lang.Thread.State: TIMED_WAITING
        at sun.misc.Unsafe.park(Native Method)
        at java.util.concurrent.locks.LockSupport.parkNanos(LockSupport.java:215)
        at java.util.concurrent.locks.AbstractQueuedSynchronizer$ConditionObject.awaitNanos(AbstractQueuedSynchronizer.java:2078)
        at java.util.concurrent.ArrayBlockingQueue.poll(ArrayBlockingQueue.java:418)
        at org.apache.ratis.server.impl.LeaderState$EventQueue.poll(LeaderState.java:115)
        at org.apache.ratis.server.impl.LeaderState$EventProcessor.run(LeaderState.java:467)
"pool-46-thread-58"  prio=5 tid=464 in Object.wait()
java.lang.Thread.State: WAITING (on object monitor)
        at sun.misc.Unsafe.park(Native Method)
        at java.util.concurrent.locks.LockSupport.park(LockSupport.java:175)
        at java.util.concurrent.locks.AbstractQueuedSynchronizer$ConditionObject.await(AbstractQueuedSynchronizer.java:2039)
        at java.util.concurrent.ArrayBlockingQueue.take(ArrayBlockingQueue.java:403)
        at java.util.concurrent.ThreadPoolExecutor.getTask(ThreadPoolExecutor.java:1074)
        at java.util.concurrent.ThreadPoolExecutor.runWorker(ThreadPoolExecutor.java:1134)
        at java.util.concurrent.ThreadPoolExecutor$Worker.run(ThreadPoolExecutor.java:624)
        at java.lang.Thread.run(Thread.java:748)
"pool-30-thread-1"  prio=5 tid=158 timed_waiting
java.lang.Thread.State: TIMED_WAITING
        at sun.misc.Unsafe.park(Native Method)
        at java.util.concurrent.locks.LockSupport.parkNanos(LockSupport.java:215)
        at java.util.concurrent.locks.AbstractQueuedSynchronizer$ConditionObject.awaitNanos(AbstractQueuedSynchronizer.java:2078)
        at java.util.concurrent.ScheduledThreadPoolExecutor$DelayedWorkQueue.take(ScheduledThreadPoolExecutor.java:1093)
        at java.util.concurrent.ScheduledThreadPoolExecutor$DelayedWorkQueue.take(ScheduledThreadPoolExecutor.java:809)
        at java.util.concurrent.ThreadPoolExecutor.getTask(ThreadPoolExecutor.java:1074)
        at java.util.concurrent.ThreadPoolExecutor.runWorker(ThreadPoolExecutor.java:1134)
        at java.util.concurrent.ThreadPoolExecutor$Worker.run(ThreadPoolExecutor.java:624)
        at java.lang.Thread.run(Thread.java:748)
"pool-36-thread-23"  prio=5 tid=369 in Object.wait()
java.lang.Thread.State: WAITING (on object monitor)
        at sun.misc.Unsafe.park(Native Method)
        at java.util.concurrent.locks.LockSupport.park(LockSupport.java:175)
        at java.util.concurrent.locks.AbstractQueuedSynchronizer$ConditionObject.await(AbstractQueuedSynchronizer.java:2039)
        at java.util.concurrent.ArrayBlockingQueue.take(ArrayBlockingQueue.java:403)
        at java.util.concurrent.ThreadPoolExecutor.getTask(ThreadPoolExecutor.java:1074)
        at java.util.concurrent.ThreadPoolExecutor.runWorker(ThreadPoolExecutor.java:1134)
        at java.util.concurrent.ThreadPoolExecutor$Worker.run(ThreadPoolExecutor.java:624)
        at java.lang.Thread.run(Thread.java:748)
"metrics-hadoop-metrics2-reporter-34-thread-1" daemon prio=5 tid=708 timed_waiting
java.lang.Thread.State: TIMED_WAITING
        at sun.misc.Unsafe.park(Native Method)
        at java.util.concurrent.locks.LockSupport.parkNanos(LockSupport.java:215)
        at java.util.concurrent.locks.AbstractQueuedSynchronizer$ConditionObject.awaitNanos(AbstractQueuedSynchronizer.java:2078)
        at java.util.concurrent.ScheduledThreadPoolExecutor$DelayedWorkQueue.take(ScheduledThreadPoolExecutor.java:1093)
        at java.util.concurrent.ScheduledThreadPoolExecutor$DelayedWorkQueue.take(ScheduledThreadPoolExecutor.java:809)
        at java.util.concurrent.ThreadPoolExecutor.getTask(ThreadPoolExecutor.java:1074)
        at java.util.concurrent.ThreadPoolExecutor.runWorker(ThreadPoolExecutor.java:1134)
        at java.util.concurrent.ThreadPoolExecutor$Worker.run(ThreadPoolExecutor.java:624)
        at java.lang.Thread.run(Thread.java:748)
"BlockDeletingService#1" daemon prio=5 tid=535 in Object.wait()
java.lang.Thread.State: WAITING (on object monitor)
        at sun.misc.Unsafe.park(Native Method)
        at java.util.concurrent.locks.LockSupport.park(LockSupport.java:175)
        at java.util.concurrent.locks.AbstractQueuedSynchronizer$ConditionObject.await(AbstractQueuedSynchronizer.java:2039)
        at java.util.concurrent.ScheduledThreadPoolExecutor$DelayedWorkQueue.take(ScheduledThreadPoolExecutor.java:1088)
        at java.util.concurrent.ScheduledThreadPoolExecutor$DelayedWorkQueue.take(ScheduledThreadPoolExecutor.java:809)
        at java.util.concurrent.ThreadPoolExecutor.getTask(ThreadPoolExecutor.java:1074)
        at java.util.concurrent.ThreadPoolExecutor.runWorker(ThreadPoolExecutor.java:1134)
        at java.util.concurrent.ThreadPoolExecutor$Worker.run(ThreadPoolExecutor.java:624)
        at java.lang.Thread.run(Thread.java:748)
"IPC Server handler 13 on 40923" daemon prio=5 tid=42 timed_waiting
java.lang.Thread.State: TIMED_WAITING
        at sun.misc.Unsafe.park(Native Method)
        at java.util.concurrent.locks.LockSupport.parkNanos(LockSupport.java:215)
        at java.util.concurrent.locks.AbstractQueuedSynchronizer$ConditionObject.awaitNanos(AbstractQueuedSynchronizer.java:2078)
        at java.util.concurrent.LinkedBlockingQueue.poll(LinkedBlockingQueue.java:467)
        at org.apache.hadoop.ipc.CallQueueManager.take(CallQueueManager.java:288)
        at org.apache.hadoop.ipc.Server$Handler.run(Server.java:2668)
"pool-46-thread-53"  prio=5 tid=459 in Object.wait()
java.lang.Thread.State: WAITING (on object monitor)
        at sun.misc.Unsafe.park(Native Method)
        at java.util.concurrent.locks.LockSupport.park(LockSupport.java:175)
        at java.util.concurrent.locks.AbstractQueuedSynchronizer$ConditionObject.await(AbstractQueuedSynchronizer.java:2039)
        at java.util.concurrent.ArrayBlockingQueue.take(ArrayBlockingQueue.java:403)
        at java.util.concurrent.ThreadPoolExecutor.getTask(ThreadPoolExecutor.java:1074)
        at java.util.concurrent.ThreadPoolExecutor.runWorker(ThreadPoolExecutor.java:1134)
        at java.util.concurrent.ThreadPoolExecutor$Worker.run(ThreadPoolExecutor.java:624)
        at java.lang.Thread.run(Thread.java:748)
"refreshUsed-/workdir/hadoop-ozone/ozonefs/target/test-dir/MiniOzoneClusterImpl-d26aec2b-09c1-4f88-9204-0bb43e71ee01/datanode-3/data/containers" daemon prio=5 tid=235 timed_waiting
java.lang.Thread.State: TIMED_WAITING
        at java.lang.Thread.sleep(Native Method)
        at org.apache.hadoop.fs.CachingGetSpaceUsed$RefreshThread.run(CachingGetSpaceUsed.java:179)
        at java.lang.Thread.run(Thread.java:748)
"pool-26-thread-38"  prio=5 tid=324 in Object.wait()
java.lang.Thread.State: WAITING (on object monitor)
        at sun.misc.Unsafe.park(Native Method)
        at java.util.concurrent.locks.LockSupport.park(LockSupport.java:175)
        at java.util.concurrent.locks.AbstractQueuedSynchronizer$ConditionObject.await(AbstractQueuedSynchronizer.java:2039)
        at java.util.concurrent.ArrayBlockingQueue.take(ArrayBlockingQueue.java:403)
        at java.util.concurrent.ThreadPoolExecutor.getTask(ThreadPoolExecutor.java:1074)
        at java.util.concurrent.ThreadPoolExecutor.runWorker(ThreadPoolExecutor.java:1134)
        at java.util.concurrent.ThreadPoolExecutor$Worker.run(ThreadPoolExecutor.java:624)
        at java.lang.Thread.run(Thread.java:748)
"9d88716d-5d6b-4fd8-b832-a110dc45ee66@group-EE856C9543A1-StateMachineUpdater" daemon prio=5 tid=784 in Object.wait()
java.lang.Thread.State: WAITING (on object monitor)
        at java.lang.Object.wait(Native Method)
        at java.lang.Object.wait(Object.java:502)
        at org.apache.ratis.server.impl.StateMachineUpdater.waitForCommit(StateMachineUpdater.java:194)
        at org.apache.ratis.server.impl.StateMachineUpdater.run(StateMachineUpdater.java:159)
        at java.lang.Thread.run(Thread.java:748)
"qtp1043358826-93" daemon prio=5 tid=93 timed_waiting
java.lang.Thread.State: TIMED_WAITING
        at sun.misc.Unsafe.park(Native Method)
        at java.util.concurrent.locks.LockSupport.parkNanos(LockSupport.java:215)
        at java.util.concurrent.locks.AbstractQueuedSynchronizer$ConditionObject.awaitNanos(AbstractQueuedSynchronizer.java:2078)
        at org.eclipse.jetty.util.BlockingArrayQueue.poll(BlockingArrayQueue.java:392)
        at org.eclipse.jetty.util.thread.QueuedThreadPool.idleJobPoll(QueuedThreadPool.java:563)
        at org.eclipse.jetty.util.thread.QueuedThreadPool.access$800(QueuedThreadPool.java:48)
        at org.eclipse.jetty.util.thread.QueuedThreadPool$2.run(QueuedThreadPool.java:626)
        at java.lang.Thread.run(Thread.java:748)
"pool-36-thread-27"  prio=5 tid=373 in Object.wait()
java.lang.Thread.State: WAITING (on object monitor)
        at sun.misc.Unsafe.park(Native Method)
        at java.util.concurrent.locks.LockSupport.park(LockSupport.java:175)
        at java.util.concurrent.locks.AbstractQueuedSynchronizer$ConditionObject.await(AbstractQueuedSynchronizer.java:2039)
        at java.util.concurrent.ArrayBlockingQueue.take(ArrayBlockingQueue.java:403)
        at java.util.concurrent.ThreadPoolExecutor.getTask(ThreadPoolExecutor.java:1074)
        at java.util.concurrent.ThreadPoolExecutor.runWorker(ThreadPoolExecutor.java:1134)
        at java.util.concurrent.ThreadPoolExecutor$Worker.run(ThreadPoolExecutor.java:624)
        at java.lang.Thread.run(Thread.java:748)
"pool-26-thread-35"  prio=5 tid=321 in Object.wait()
java.lang.Thread.State: WAITING (on object monitor)
        at sun.misc.Unsafe.park(Native Method)
        at java.util.concurrent.locks.LockSupport.park(LockSupport.java:175)
        at java.util.concurrent.locks.AbstractQueuedSynchronizer$ConditionObject.await(AbstractQueuedSynchronizer.java:2039)
        at java.util.concurrent.ArrayBlockingQueue.take(ArrayBlockingQueue.java:403)
        at java.util.concurrent.ThreadPoolExecutor.getTask(ThreadPoolExecutor.java:1074)
        at java.util.concurrent.ThreadPoolExecutor.runWorker(ThreadPoolExecutor.java:1134)
        at java.util.concurrent.ThreadPoolExecutor$Worker.run(ThreadPoolExecutor.java:624)
        at java.lang.Thread.run(Thread.java:748)
"SCMBlockDeletingService#0" daemon prio=5 tid=101 in Object.wait()
java.lang.Thread.State: WAITING (on object monitor)
        at sun.misc.Unsafe.park(Native Method)
        at java.util.concurrent.locks.LockSupport.park(LockSupport.java:175)
        at java.util.concurrent.locks.AbstractQueuedSynchronizer$ConditionObject.await(AbstractQueuedSynchronizer.java:2039)
        at java.util.concurrent.ScheduledThreadPoolExecutor$DelayedWorkQueue.take(ScheduledThreadPoolExecutor.java:1088)
        at java.util.concurrent.ScheduledThreadPoolExecutor$DelayedWorkQueue.take(ScheduledThreadPoolExecutor.java:809)
        at java.util.concurrent.ThreadPoolExecutor.getTask(ThreadPoolExecutor.java:1074)
        at java.util.concurrent.ThreadPoolExecutor.runWorker(ThreadPoolExecutor.java:1134)
        at java.util.concurrent.ThreadPoolExecutor$Worker.run(ThreadPoolExecutor.java:624)
        at java.lang.Thread.run(Thread.java:748)
"pool-26-thread-15"  prio=5 tid=301 in Object.wait()
java.lang.Thread.State: WAITING (on object monitor)
        at sun.misc.Unsafe.park(Native Method)
        at java.util.concurrent.locks.LockSupport.park(LockSupport.java:175)
        at java.util.concurrent.locks.AbstractQueuedSynchronizer$ConditionObject.await(AbstractQueuedSynchronizer.java:2039)
        at java.util.concurrent.ArrayBlockingQueue.take(ArrayBlockingQueue.java:403)
        at java.util.concurrent.ThreadPoolExecutor.getTask(ThreadPoolExecutor.java:1074)
        at java.util.concurrent.ThreadPoolExecutor.runWorker(ThreadPoolExecutor.java:1134)
        at java.util.concurrent.ThreadPoolExecutor$Worker.run(ThreadPoolExecutor.java:624)
        at java.lang.Thread.run(Thread.java:748)
"metrics-hadoop-metrics2-reporter-2-thread-1" daemon prio=5 tid=616 timed_waiting
java.lang.Thread.State: TIMED_WAITING
        at sun.misc.Unsafe.park(Native Method)
        at java.util.concurrent.locks.LockSupport.parkNanos(LockSupport.java:215)
        at java.util.concurrent.locks.AbstractQueuedSynchronizer$ConditionObject.awaitNanos(AbstractQueuedSynchronizer.java:2078)
        at java.util.concurrent.ScheduledThreadPoolExecutor$DelayedWorkQueue.take(ScheduledThreadPoolExecutor.java:1093)
        at java.util.concurrent.ScheduledThreadPoolExecutor$DelayedWorkQueue.take(ScheduledThreadPoolExecutor.java:809)
        at java.util.concurrent.ThreadPoolExecutor.getTask(ThreadPoolExecutor.java:1074)
        at java.util.concurrent.ThreadPoolExecutor.runWorker(ThreadPoolExecutor.java:1134)
        at java.util.concurrent.ThreadPoolExecutor$Worker.run(ThreadPoolExecutor.java:624)
        at java.lang.Thread.run(Thread.java:748)
"pool-36-thread-17"  prio=5 tid=363 in Object.wait()
java.lang.Thread.State: WAITING (on object monitor)
        at sun.misc.Unsafe.park(Native Method)
        at java.util.concurrent.locks.LockSupport.park(LockSupport.java:175)
        at java.util.concurrent.locks.AbstractQueuedSynchronizer$ConditionObject.await(AbstractQueuedSynchronizer.java:2039)
        at java.util.concurrent.ArrayBlockingQueue.take(ArrayBlockingQueue.java:403)
        at java.util.concurrent.ThreadPoolExecutor.getTask(ThreadPoolExecutor.java:1074)
        at java.util.concurrent.ThreadPoolExecutor.runWorker(ThreadPoolExecutor.java:1134)
        at java.util.concurrent.ThreadPoolExecutor$Worker.run(ThreadPoolExecutor.java:624)
        at java.lang.Thread.run(Thread.java:748)
"pool-26-thread-13"  prio=5 tid=299 in Object.wait()
java.lang.Thread.State: WAITING (on object monitor)
        at sun.misc.Unsafe.park(Native Method)
        at java.util.concurrent.locks.LockSupport.park(LockSupport.java:175)
        at java.util.concurrent.locks.AbstractQueuedSynchronizer$ConditionObject.await(AbstractQueuedSynchronizer.java:2039)
        at java.util.concurrent.ArrayBlockingQueue.take(ArrayBlockingQueue.java:403)
        at java.util.concurrent.ThreadPoolExecutor.getTask(ThreadPoolExecutor.java:1074)
        at java.util.concurrent.ThreadPoolExecutor.runWorker(ThreadPoolExecutor.java:1134)
        at java.util.concurrent.ThreadPoolExecutor$Worker.run(ThreadPoolExecutor.java:624)
        at java.lang.Thread.run(Thread.java:748)
"qtp1680841335-213" daemon prio=5 tid=213 runnable
java.lang.Thread.State: RUNNABLE
        at sun.nio.ch.EPollArrayWrapper.epollWait(Native Method)
        at sun.nio.ch.EPollArrayWrapper.poll(EPollArrayWrapper.java:269)
        at sun.nio.ch.EPollSelectorImpl.doSelect(EPollSelectorImpl.java:93)
        at sun.nio.ch.SelectorImpl.lockAndDoSelect(SelectorImpl.java:86)
        at sun.nio.ch.SelectorImpl.select(SelectorImpl.java:97)
        at sun.nio.ch.SelectorImpl.select(SelectorImpl.java:101)
        at org.eclipse.jetty.io.ManagedSelector$SelectorProducer.select(ManagedSelector.java:243)
        at org.eclipse.jetty.io.ManagedSelector$SelectorProducer.produce(ManagedSelector.java:191)
        at org.eclipse.jetty.util.thread.strategy.ExecuteProduceConsume.executeProduceConsume(ExecuteProduceConsume.java:249)
        at org.eclipse.jetty.util.thread.strategy.ExecuteProduceConsume.produceConsume(ExecuteProduceConsume.java:148)
        at org.eclipse.jetty.util.thread.strategy.ExecuteProduceConsume.execute(ExecuteProduceConsume.java:100)
        at org.eclipse.jetty.io.ManagedSelector.run(ManagedSelector.java:147)
        at org.eclipse.jetty.util.thread.QueuedThreadPool.runJob(QueuedThreadPool.java:671)
        at org.eclipse.jetty.util.thread.QueuedThreadPool$2.run(QueuedThreadPool.java:589)
        at java.lang.Thread.run(Thread.java:748)
"5c3956af-60d3-411f-8c98-c7ed3576de5c@group-9043730FD47D-StateMachineUpdater" daemon prio=5 tid=628 in Object.wait()
java.lang.Thread.State: WAITING (on object monitor)
        at java.lang.Object.wait(Native Method)
        at java.lang.Object.wait(Object.java:502)
        at org.apache.ratis.server.impl.StateMachineUpdater.waitForCommit(StateMachineUpdater.java:194)
        at org.apache.ratis.server.impl.StateMachineUpdater.run(StateMachineUpdater.java:159)
        at java.lang.Thread.run(Thread.java:748)
"pool-46-thread-47"  prio=5 tid=453 in Object.wait()
java.lang.Thread.State: WAITING (on object monitor)
        at sun.misc.Unsafe.park(Native Method)
        at java.util.concurrent.locks.LockSupport.park(LockSupport.java:175)
        at java.util.concurrent.locks.AbstractQueuedSynchronizer$ConditionObject.await(AbstractQueuedSynchronizer.java:2039)
        at java.util.concurrent.ArrayBlockingQueue.take(ArrayBlockingQueue.java:403)
        at java.util.concurrent.ThreadPoolExecutor.getTask(ThreadPoolExecutor.java:1074)
        at java.util.concurrent.ThreadPoolExecutor.runWorker(ThreadPoolExecutor.java:1134)
        at java.util.concurrent.ThreadPoolExecutor$Worker.run(ThreadPoolExecutor.java:624)
        at java.lang.Thread.run(Thread.java:748)
"qtp1845760645-267" daemon prio=5 tid=267 runnable
java.lang.Thread.State: RUNNABLE
        at sun.nio.ch.EPollArrayWrapper.epollWait(Native Method)
        at sun.nio.ch.EPollArrayWrapper.poll(EPollArrayWrapper.java:269)
        at sun.nio.ch.EPollSelectorImpl.doSelect(EPollSelectorImpl.java:93)
        at sun.nio.ch.SelectorImpl.lockAndDoSelect(SelectorImpl.java:86)
        at sun.nio.ch.SelectorImpl.select(SelectorImpl.java:97)
        at sun.nio.ch.SelectorImpl.select(SelectorImpl.java:101)
        at org.eclipse.jetty.io.ManagedSelector$SelectorProducer.select(ManagedSelector.java:243)
        at org.eclipse.jetty.io.ManagedSelector$SelectorProducer.produce(ManagedSelector.java:191)
        at org.eclipse.jetty.util.thread.strategy.ExecuteProduceConsume.executeProduceConsume(ExecuteProduceConsume.java:249)
        at org.eclipse.jetty.util.thread.strategy.ExecuteProduceConsume.produceConsume(ExecuteProduceConsume.java:148)
        at org.eclipse.jetty.util.thread.strategy.ExecuteProduceConsume.execute(ExecuteProduceConsume.java:100)
        at org.eclipse.jetty.io.ManagedSelector.run(ManagedSelector.java:147)
        at org.eclipse.jetty.util.thread.QueuedThreadPool.runJob(QueuedThreadPool.java:671)
        at org.eclipse.jetty.util.thread.QueuedThreadPool$2.run(QueuedThreadPool.java:589)
        at java.lang.Thread.run(Thread.java:748)
"metrics-hadoop-metrics2-reporter-31-thread-1" daemon prio=5 tid=693 timed_waiting
java.lang.Thread.State: TIMED_WAITING
        at sun.misc.Unsafe.park(Native Method)
        at java.util.concurrent.locks.LockSupport.parkNanos(LockSupport.java:215)
        at java.util.concurrent.locks.AbstractQueuedSynchronizer$ConditionObject.awaitNanos(AbstractQueuedSynchronizer.java:2078)
        at java.util.concurrent.ScheduledThreadPoolExecutor$DelayedWorkQueue.take(ScheduledThreadPoolExecutor.java:1093)
        at java.util.concurrent.ScheduledThreadPoolExecutor$DelayedWorkQueue.take(ScheduledThreadPoolExecutor.java:809)
        at java.util.concurrent.ThreadPoolExecutor.getTask(ThreadPoolExecutor.java:1074)
        at java.util.concurrent.ThreadPoolExecutor.runWorker(ThreadPoolExecutor.java:1134)
        at java.util.concurrent.ThreadPoolExecutor$Worker.run(ThreadPoolExecutor.java:624)
        at java.lang.Thread.run(Thread.java:748)
"pool-66-thread-8"  prio=5 tid=543 in Object.wait()
java.lang.Thread.State: WAITING (on object monitor)
        at sun.misc.Unsafe.park(Native Method)
        at java.util.concurrent.locks.LockSupport.park(LockSupport.java:175)
        at java.util.concurrent.locks.AbstractQueuedSynchronizer$ConditionObject.await(AbstractQueuedSynchronizer.java:2039)
        at java.util.concurrent.ArrayBlockingQueue.take(ArrayBlockingQueue.java:403)
        at java.util.concurrent.ThreadPoolExecutor.getTask(ThreadPoolExecutor.java:1074)
        at java.util.concurrent.ThreadPoolExecutor.runWorker(ThreadPoolExecutor.java:1134)
        at java.util.concurrent.ThreadPoolExecutor$Worker.run(ThreadPoolExecutor.java:624)
        at java.lang.Thread.run(Thread.java:748)
"IPC Server handler 3 on 46821" daemon prio=5 tid=52 timed_waiting
java.lang.Thread.State: TIMED_WAITING
        at sun.misc.Unsafe.park(Native Method)
        at java.util.concurrent.locks.LockSupport.parkNanos(LockSupport.java:215)
        at java.util.concurrent.locks.AbstractQueuedSynchronizer$ConditionObject.awaitNanos(AbstractQueuedSynchronizer.java:2078)
        at java.util.concurrent.LinkedBlockingQueue.poll(LinkedBlockingQueue.java:467)
        at org.apache.hadoop.ipc.CallQueueManager.take(CallQueueManager.java:288)
        at org.apache.hadoop.ipc.Server$Handler.run(Server.java:2668)
"IPC Server handler 9 on 35444" daemon prio=5 tid=123 timed_waiting
java.lang.Thread.State: TIMED_WAITING
        at sun.misc.Unsafe.park(Native Method)
        at java.util.concurrent.locks.LockSupport.parkNanos(LockSupport.java:215)
        at java.util.concurrent.locks.AbstractQueuedSynchronizer$ConditionObject.awaitNanos(AbstractQueuedSynchronizer.java:2078)
        at java.util.concurrent.LinkedBlockingQueue.poll(LinkedBlockingQueue.java:467)
        at org.apache.hadoop.ipc.CallQueueManager.take(CallQueueManager.java:288)
        at org.apache.hadoop.ipc.Server$Handler.run(Server.java:2668)
"pool-66-thread-57"  prio=5 tid=592 in Object.wait()
java.lang.Thread.State: WAITING (on object monitor)
        at sun.misc.Unsafe.park(Native Method)
        at java.util.concurrent.locks.LockSupport.park(LockSupport.java:175)
        at java.util.concurrent.locks.AbstractQueuedSynchronizer$ConditionObject.await(AbstractQueuedSynchronizer.java:2039)
        at java.util.concurrent.ArrayBlockingQueue.take(ArrayBlockingQueue.java:403)
        at java.util.concurrent.ThreadPoolExecutor.getTask(ThreadPoolExecutor.java:1074)
        at java.util.concurrent.ThreadPoolExecutor.runWorker(ThreadPoolExecutor.java:1134)
        at java.util.concurrent.ThreadPoolExecutor$Worker.run(ThreadPoolExecutor.java:624)
        at java.lang.Thread.run(Thread.java:748)
"pool-56-thread-12"  prio=5 tid=485 in Object.wait()
java.lang.Thread.State: WAITING (on object monitor)
        at sun.misc.Unsafe.park(Native Method)
        at java.util.concurrent.locks.LockSupport.park(LockSupport.java:175)
        at java.util.concurrent.locks.AbstractQueuedSynchronizer$ConditionObject.await(AbstractQueuedSynchronizer.java:2039)
        at java.util.concurrent.ArrayBlockingQueue.take(ArrayBlockingQueue.java:403)
        at java.util.concurrent.ThreadPoolExecutor.getTask(ThreadPoolExecutor.java:1074)
        at java.util.concurrent.ThreadPoolExecutor.runWorker(ThreadPoolExecutor.java:1134)
        at java.util.concurrent.ThreadPoolExecutor$Worker.run(ThreadPoolExecutor.java:624)
        at java.lang.Thread.run(Thread.java:748)
"EventQueue-NodeReportForNodeReportHandler" daemon prio=5 tid=3263 in Object.wait()
java.lang.Thread.State: WAITING (on object monitor)
        at sun.misc.Unsafe.park(Native Method)
        at java.util.concurrent.locks.LockSupport.park(LockSupport.java:175)
        at java.util.concurrent.locks.AbstractQueuedSynchronizer$ConditionObject.await(AbstractQueuedSynchronizer.java:2039)
        at java.util.concurrent.LinkedBlockingQueue.take(LinkedBlockingQueue.java:442)
        at java.util.concurrent.ThreadPoolExecutor.getTask(ThreadPoolExecutor.java:1074)
        at java.util.concurrent.ThreadPoolExecutor.runWorker(ThreadPoolExecutor.java:1134)
        at java.util.concurrent.ThreadPoolExecutor$Worker.run(ThreadPoolExecutor.java:624)
        at java.lang.Thread.run(Thread.java:748)
"pool-36-thread-51"  prio=5 tid=397 in Object.wait()
java.lang.Thread.State: WAITING (on object monitor)
        at sun.misc.Unsafe.park(Native Method)
        at java.util.concurrent.locks.LockSupport.park(LockSupport.java:175)
        at java.util.concurrent.locks.AbstractQueuedSynchronizer$ConditionObject.await(AbstractQueuedSynchronizer.java:2039)
        at java.util.concurrent.ArrayBlockingQueue.take(ArrayBlockingQueue.java:403)
        at java.util.concurrent.ThreadPoolExecutor.getTask(ThreadPoolExecutor.java:1074)
        at java.util.concurrent.ThreadPoolExecutor.runWorker(ThreadPoolExecutor.java:1134)
        at java.util.concurrent.ThreadPoolExecutor$Worker.run(ThreadPoolExecutor.java:624)
        at java.lang.Thread.run(Thread.java:748)
"pool-36-thread-50"  prio=5 tid=396 in Object.wait()
java.lang.Thread.State: WAITING (on object monitor)
        at sun.misc.Unsafe.park(Native Method)
        at java.util.concurrent.locks.LockSupport.park(LockSupport.java:175)
        at java.util.concurrent.locks.AbstractQueuedSynchronizer$ConditionObject.await(AbstractQueuedSynchronizer.java:2039)
        at java.util.concurrent.ArrayBlockingQueue.take(ArrayBlockingQueue.java:403)
        at java.util.concurrent.ThreadPoolExecutor.getTask(ThreadPoolExecutor.java:1074)
        at java.util.concurrent.ThreadPoolExecutor.runWorker(ThreadPoolExecutor.java:1134)
        at java.util.concurrent.ThreadPoolExecutor$Worker.run(ThreadPoolExecutor.java:624)
        at java.lang.Thread.run(Thread.java:748)
"qtp1919592808-193" daemon prio=5 tid=193 timed_waiting
java.lang.Thread.State: TIMED_WAITING
        at sun.misc.Unsafe.park(Native Method)
        at java.util.concurrent.locks.LockSupport.parkNanos(LockSupport.java:215)
        at java.util.concurrent.locks.AbstractQueuedSynchronizer$ConditionObject.awaitNanos(AbstractQueuedSynchronizer.java:2078)
        at org.eclipse.jetty.util.BlockingArrayQueue.poll(BlockingArrayQueue.java:392)
        at org.eclipse.jetty.util.thread.QueuedThreadPool.idleJobPoll(QueuedThreadPool.java:563)
        at org.eclipse.jetty.util.thread.QueuedThreadPool.access$800(QueuedThreadPool.java:48)
        at org.eclipse.jetty.util.thread.QueuedThreadPool$2.run(QueuedThreadPool.java:626)
        at java.lang.Thread.run(Thread.java:748)
"pool-56-thread-16"  prio=5 tid=489 in Object.wait()
java.lang.Thread.State: WAITING (on object monitor)
        at sun.misc.Unsafe.park(Native Method)
        at java.util.concurrent.locks.LockSupport.park(LockSupport.java:175)
        at java.util.concurrent.locks.AbstractQueuedSynchronizer$ConditionObject.await(AbstractQueuedSynchronizer.java:2039)
        at java.util.concurrent.ArrayBlockingQueue.take(ArrayBlockingQueue.java:403)
        at java.util.concurrent.ThreadPoolExecutor.getTask(ThreadPoolExecutor.java:1074)
        at java.util.concurrent.ThreadPoolExecutor.runWorker(ThreadPoolExecutor.java:1134)
        at java.util.concurrent.ThreadPoolExecutor$Worker.run(ThreadPoolExecutor.java:624)
        at java.lang.Thread.run(Thread.java:748)
"pool-26-thread-51"  prio=5 tid=337 in Object.wait()
java.lang.Thread.State: WAITING (on object monitor)
        at sun.misc.Unsafe.park(Native Method)
        at java.util.concurrent.locks.LockSupport.park(LockSupport.java:175)
        at java.util.concurrent.locks.AbstractQueuedSynchronizer$ConditionObject.await(AbstractQueuedSynchronizer.java:2039)
        at java.util.concurrent.ArrayBlockingQueue.take(ArrayBlockingQueue.java:403)
        at java.util.concurrent.ThreadPoolExecutor.getTask(ThreadPoolExecutor.java:1074)
        at java.util.concurrent.ThreadPoolExecutor.runWorker(ThreadPoolExecutor.java:1134)
        at java.util.concurrent.ThreadPoolExecutor$Worker.run(ThreadPoolExecutor.java:624)
        at java.lang.Thread.run(Thread.java:748)
"pool-66-thread-35"  prio=5 tid=570 in Object.wait()
java.lang.Thread.State: WAITING (on object monitor)
        at sun.misc.Unsafe.park(Native Method)
        at java.util.concurrent.locks.LockSupport.park(LockSupport.java:175)
        at java.util.concurrent.locks.AbstractQueuedSynchronizer$ConditionObject.await(AbstractQueuedSynchronizer.java:2039)
        at java.util.concurrent.ArrayBlockingQueue.take(ArrayBlockingQueue.java:403)
        at java.util.concurrent.ThreadPoolExecutor.getTask(ThreadPoolExecutor.java:1074)
        at java.util.concurrent.ThreadPoolExecutor.runWorker(ThreadPoolExecutor.java:1134)
        at java.util.concurrent.ThreadPoolExecutor$Worker.run(ThreadPoolExecutor.java:624)
        at java.lang.Thread.run(Thread.java:748)
"pool-26-thread-2"  prio=5 tid=288 in Object.wait()
java.lang.Thread.State: WAITING (on object monitor)
        at sun.misc.Unsafe.park(Native Method)
        at java.util.concurrent.locks.LockSupport.park(LockSupport.java:175)
        at java.util.concurrent.locks.AbstractQueuedSynchronizer$ConditionObject.await(AbstractQueuedSynchronizer.java:2039)
        at java.util.concurrent.ArrayBlockingQueue.take(ArrayBlockingQueue.java:403)
        at java.util.concurrent.ThreadPoolExecutor.getTask(ThreadPoolExecutor.java:1074)
        at java.util.concurrent.ThreadPoolExecutor.runWorker(ThreadPoolExecutor.java:1134)
        at java.util.concurrent.ThreadPoolExecutor$Worker.run(ThreadPoolExecutor.java:624)
        at java.lang.Thread.run(Thread.java:748)
"IPC Server handler 0 on 40923" daemon prio=5 tid=29 timed_waiting
java.lang.Thread.State: TIMED_WAITING
        at sun.misc.Unsafe.park(Native Method)
        at java.util.concurrent.locks.LockSupport.parkNanos(LockSupport.java:215)
        at java.util.concurrent.locks.AbstractQueuedSynchronizer$ConditionObject.awaitNanos(AbstractQueuedSynchronizer.java:2078)
        at java.util.concurrent.LinkedBlockingQueue.poll(LinkedBlockingQueue.java:467)
        at org.apache.hadoop.ipc.CallQueueManager.take(CallQueueManager.java:288)
        at org.apache.hadoop.ipc.Server$Handler.run(Server.java:2668)
"qtp1845760645-274" daemon prio=5 tid=274 timed_waiting
java.lang.Thread.State: TIMED_WAITING
        at sun.misc.Unsafe.park(Native Method)
        at java.util.concurrent.locks.LockSupport.parkNanos(LockSupport.java:215)
        at java.util.concurrent.locks.AbstractQueuedSynchronizer$ConditionObject.awaitNanos(AbstractQueuedSynchronizer.java:2078)
        at org.eclipse.jetty.util.BlockingArrayQueue.poll(BlockingArrayQueue.java:392)
        at org.eclipse.jetty.util.thread.QueuedThreadPool.idleJobPoll(QueuedThreadPool.java:563)
        at org.eclipse.jetty.util.thread.QueuedThreadPool.access$800(QueuedThreadPool.java:48)
        at org.eclipse.jetty.util.thread.QueuedThreadPool$2.run(QueuedThreadPool.java:626)
        at java.lang.Thread.run(Thread.java:748)
"pool-26-thread-10"  prio=5 tid=296 in Object.wait()
java.lang.Thread.State: WAITING (on object monitor)
        at sun.misc.Unsafe.park(Native Method)
        at java.util.concurrent.locks.LockSupport.park(LockSupport.java:175)
        at java.util.concurrent.locks.AbstractQueuedSynchronizer$ConditionObject.await(AbstractQueuedSynchronizer.java:2039)
        at java.util.concurrent.ArrayBlockingQueue.take(ArrayBlockingQueue.java:403)
        at java.util.concurrent.ThreadPoolExecutor.getTask(ThreadPoolExecutor.java:1074)
        at java.util.concurrent.ThreadPoolExecutor.runWorker(ThreadPoolExecutor.java:1134)
        at java.util.concurrent.ThreadPoolExecutor$Worker.run(ThreadPoolExecutor.java:624)
        at java.lang.Thread.run(Thread.java:748)
"qtp801142660-139" daemon prio=5 tid=139 timed_waiting
java.lang.Thread.State: TIMED_WAITING
        at sun.misc.Unsafe.park(Native Method)
        at java.util.concurrent.locks.LockSupport.parkNanos(LockSupport.java:215)
        at java.util.concurrent.locks.AbstractQueuedSynchronizer$ConditionObject.awaitNanos(AbstractQueuedSynchronizer.java:2078)
        at org.eclipse.jetty.util.BlockingArrayQueue.poll(BlockingArrayQueue.java:392)
        at org.eclipse.jetty.util.thread.QueuedThreadPool.idleJobPoll(QueuedThreadPool.java:563)
        at org.eclipse.jetty.util.thread.QueuedThreadPool.access$800(QueuedThreadPool.java:48)
        at org.eclipse.jetty.util.thread.QueuedThreadPool$2.run(QueuedThreadPool.java:626)
        at java.lang.Thread.run(Thread.java:748)
"surefire-forkedjvm-ping-30s" daemon prio=5 tid=9 timed_waiting
java.lang.Thread.State: TIMED_WAITING
        at sun.misc.Unsafe.park(Native Method)
        at java.util.concurrent.locks.LockSupport.parkNanos(LockSupport.java:215)
        at java.util.concurrent.locks.AbstractQueuedSynchronizer$ConditionObject.awaitNanos(AbstractQueuedSynchronizer.java:2078)
        at java.util.concurrent.ScheduledThreadPoolExecutor$DelayedWorkQueue.take(ScheduledThreadPoolExecutor.java:1093)
        at java.util.concurrent.ScheduledThreadPoolExecutor$DelayedWorkQueue.take(ScheduledThreadPoolExecutor.java:809)
        at java.util.concurrent.ThreadPoolExecutor.getTask(ThreadPoolExecutor.java:1074)
        at java.util.concurrent.ThreadPoolExecutor.runWorker(ThreadPoolExecutor.java:1134)
        at java.util.concurrent.ThreadPoolExecutor$Worker.run(ThreadPoolExecutor.java:624)
        at java.lang.Thread.run(Thread.java:748)
"pool-26-thread-23"  prio=5 tid=309 in Object.wait()
java.lang.Thread.State: WAITING (on object monitor)
        at sun.misc.Unsafe.park(Native Method)
        at java.util.concurrent.locks.LockSupport.park(LockSupport.java:175)
        at java.util.concurrent.locks.AbstractQueuedSynchronizer$ConditionObject.await(AbstractQueuedSynchronizer.java:2039)
        at java.util.concurrent.ArrayBlockingQueue.take(ArrayBlockingQueue.java:403)
        at java.util.concurrent.ThreadPoolExecutor.getTask(ThreadPoolExecutor.java:1074)
        at java.util.concurrent.ThreadPoolExecutor.runWorker(ThreadPoolExecutor.java:1134)
        at java.util.concurrent.ThreadPoolExecutor$Worker.run(ThreadPoolExecutor.java:624)
        at java.lang.Thread.run(Thread.java:748)
"qtp1003663195-240" daemon prio=5 tid=240 runnable
java.lang.Thread.State: RUNNABLE
        at sun.nio.ch.EPollArrayWrapper.epollWait(Native Method)
        at sun.nio.ch.EPollArrayWrapper.poll(EPollArrayWrapper.java:269)
        at sun.nio.ch.EPollSelectorImpl.doSelect(EPollSelectorImpl.java:93)
        at sun.nio.ch.SelectorImpl.lockAndDoSelect(SelectorImpl.java:86)
        at sun.nio.ch.SelectorImpl.select(SelectorImpl.java:97)
        at sun.nio.ch.SelectorImpl.select(SelectorImpl.java:101)
        at org.eclipse.jetty.io.ManagedSelector$SelectorProducer.select(ManagedSelector.java:243)
        at org.eclipse.jetty.io.ManagedSelector$SelectorProducer.produce(ManagedSelector.java:191)
        at org.eclipse.jetty.util.thread.strategy.ExecuteProduceConsume.executeProduceConsume(ExecuteProduceConsume.java:249)
        at org.eclipse.jetty.util.thread.strategy.ExecuteProduceConsume.produceConsume(ExecuteProduceConsume.java:148)
        at org.eclipse.jetty.util.thread.strategy.ExecuteProduceConsume.execute(ExecuteProduceConsume.java:100)
        at org.eclipse.jetty.io.ManagedSelector.run(ManagedSelector.java:147)
        at org.eclipse.jetty.util.thread.QueuedThreadPool.runJob(QueuedThreadPool.java:671)
        at org.eclipse.jetty.util.thread.QueuedThreadPool$2.run(QueuedThreadPool.java:589)
        at java.lang.Thread.run(Thread.java:748)
"qtp1845760645-271" daemon prio=5 tid=271 timed_waiting
java.lang.Thread.State: TIMED_WAITING
        at sun.misc.Unsafe.park(Native Method)
        at java.util.concurrent.locks.LockSupport.parkNanos(LockSupport.java:215)
        at java.util.concurrent.locks.AbstractQueuedSynchronizer$ConditionObject.awaitNanos(AbstractQueuedSynchronizer.java:2078)
        at org.eclipse.jetty.util.BlockingArrayQueue.poll(BlockingArrayQueue.java:392)
        at org.eclipse.jetty.util.thread.QueuedThreadPool.idleJobPoll(QueuedThreadPool.java:563)
        at org.eclipse.jetty.util.thread.QueuedThreadPool.access$800(QueuedThreadPool.java:48)
        at org.eclipse.jetty.util.thread.QueuedThreadPool$2.run(QueuedThreadPool.java:626)
        at java.lang.Thread.run(Thread.java:748)
"metrics-hadoop-metrics2-reporter-14-thread-1" daemon prio=5 tid=644 timed_waiting
java.lang.Thread.State: TIMED_WAITING
        at sun.misc.Unsafe.park(Native Method)
        at java.util.concurrent.locks.LockSupport.parkNanos(LockSupport.java:215)
        at java.util.concurrent.locks.AbstractQueuedSynchronizer$ConditionObject.awaitNanos(AbstractQueuedSynchronizer.java:2078)
        at java.util.concurrent.ScheduledThreadPoolExecutor$DelayedWorkQueue.take(ScheduledThreadPoolExecutor.java:1093)
        at java.util.concurrent.ScheduledThreadPoolExecutor$DelayedWorkQueue.take(ScheduledThreadPoolExecutor.java:809)
        at java.util.concurrent.ThreadPoolExecutor.getTask(ThreadPoolExecutor.java:1074)
        at java.util.concurrent.ThreadPoolExecutor.runWorker(ThreadPoolExecutor.java:1134)
        at java.util.concurrent.ThreadPoolExecutor$Worker.run(ThreadPoolExecutor.java:624)
        at java.lang.Thread.run(Thread.java:748)
"pool-26-thread-46"  prio=5 tid=332 in Object.wait()
java.lang.Thread.State: WAITING (on object monitor)
        at sun.misc.Unsafe.park(Native Method)
        at java.util.concurrent.locks.LockSupport.park(LockSupport.java:175)
        at java.util.concurrent.locks.AbstractQueuedSynchronizer$ConditionObject.await(AbstractQueuedSynchronizer.java:2039)
        at java.util.concurrent.ArrayBlockingQueue.take(ArrayBlockingQueue.java:403)
        at java.util.concurrent.ThreadPoolExecutor.getTask(ThreadPoolExecutor.java:1074)
        at java.util.concurrent.ThreadPoolExecutor.runWorker(ThreadPoolExecutor.java:1134)
        at java.util.concurrent.ThreadPoolExecutor$Worker.run(ThreadPoolExecutor.java:624)
        at java.lang.Thread.run(Thread.java:748)
"pool-66-thread-20"  prio=5 tid=555 in Object.wait()
java.lang.Thread.State: WAITING (on object monitor)
        at sun.misc.Unsafe.park(Native Method)
        at java.util.concurrent.locks.LockSupport.park(LockSupport.java:175)
        at java.util.concurrent.locks.AbstractQueuedSynchronizer$ConditionObject.await(AbstractQueuedSynchronizer.java:2039)
        at java.util.concurrent.ArrayBlockingQueue.take(ArrayBlockingQueue.java:403)
        at java.util.concurrent.ThreadPoolExecutor.getTask(ThreadPoolExecutor.java:1074)
        at java.util.concurrent.ThreadPoolExecutor.runWorker(ThreadPoolExecutor.java:1134)
        at java.util.concurrent.ThreadPoolExecutor$Worker.run(ThreadPoolExecutor.java:624)
        at java.lang.Thread.run(Thread.java:748)
"efb933de-cdd8-4d8d-88d2-4c7ffe0dec1a@group-EE856C9543A1-SegmentedRaftLogWorker"  prio=5 tid=778 timed_waiting
java.lang.Thread.State: TIMED_WAITING
        at sun.misc.Unsafe.park(Native Method)
        at java.util.concurrent.locks.LockSupport.parkNanos(LockSupport.java:215)
        at java.util.concurrent.locks.AbstractQueuedSynchronizer$ConditionObject.awaitNanos(AbstractQueuedSynchronizer.java:2078)
        at org.apache.ratis.util.DataBlockingQueue.poll(DataBlockingQueue.java:137)
        at org.apache.ratis.server.raftlog.segmented.SegmentedRaftLogWorker.run(SegmentedRaftLogWorker.java:282)
        at java.lang.Thread.run(Thread.java:748)
"pool-46-thread-55"  prio=5 tid=461 in Object.wait()
java.lang.Thread.State: WAITING (on object monitor)
        at sun.misc.Unsafe.park(Native Method)
        at java.util.concurrent.locks.LockSupport.park(LockSupport.java:175)
        at java.util.concurrent.locks.AbstractQueuedSynchronizer$ConditionObject.await(AbstractQueuedSynchronizer.java:2039)
        at java.util.concurrent.ArrayBlockingQueue.take(ArrayBlockingQueue.java:403)
        at java.util.concurrent.ThreadPoolExecutor.getTask(ThreadPoolExecutor.java:1074)
        at java.util.concurrent.ThreadPoolExecutor.runWorker(ThreadPoolExecutor.java:1134)
        at java.util.concurrent.ThreadPoolExecutor$Worker.run(ThreadPoolExecutor.java:624)
        at java.lang.Thread.run(Thread.java:748)
"Thread-2827" daemon prio=5 tid=3303 timed_waiting
java.lang.Thread.State: TIMED_WAITING
        at java.lang.Thread.sleep(Native Method)
        at org.apache.ratis.util.JavaUtils.sleep(JavaUtils.java:247)
        at org.apache.ratis.server.impl.FollowerState.run(FollowerState.java:97)
"pool-66-thread-14"  prio=5 tid=549 in Object.wait()
java.lang.Thread.State: WAITING (on object monitor)
        at sun.misc.Unsafe.park(Native Method)
        at java.util.concurrent.locks.LockSupport.park(LockSupport.java:175)
        at java.util.concurrent.locks.AbstractQueuedSynchronizer$ConditionObject.await(AbstractQueuedSynchronizer.java:2039)
        at java.util.concurrent.ArrayBlockingQueue.take(ArrayBlockingQueue.java:403)
        at java.util.concurrent.ThreadPoolExecutor.getTask(ThreadPoolExecutor.java:1074)
        at java.util.concurrent.ThreadPoolExecutor.runWorker(ThreadPoolExecutor.java:1134)
        at java.util.concurrent.ThreadPoolExecutor$Worker.run(ThreadPoolExecutor.java:624)
        at java.lang.Thread.run(Thread.java:748)
"pool-36-thread-49"  prio=5 tid=395 in Object.wait()
java.lang.Thread.State: WAITING (on object monitor)
        at sun.misc.Unsafe.park(Native Method)
        at java.util.concurrent.locks.LockSupport.park(LockSupport.java:175)
        at java.util.concurrent.locks.AbstractQueuedSynchronizer$ConditionObject.await(AbstractQueuedSynchronizer.java:2039)
        at java.util.concurrent.ArrayBlockingQueue.take(ArrayBlockingQueue.java:403)
        at java.util.concurrent.ThreadPoolExecutor.getTask(ThreadPoolExecutor.java:1074)
        at java.util.concurrent.ThreadPoolExecutor.runWorker(ThreadPoolExecutor.java:1134)
        at java.util.concurrent.ThreadPoolExecutor$Worker.run(ThreadPoolExecutor.java:624)
        at java.lang.Thread.run(Thread.java:748)
"BlockDeletingService#0" daemon prio=5 tid=468 timed_waiting
java.lang.Thread.State: TIMED_WAITING
        at sun.misc.Unsafe.park(Native Method)
        at java.util.concurrent.locks.LockSupport.parkNanos(LockSupport.java:215)
        at java.util.concurrent.locks.AbstractQueuedSynchronizer$ConditionObject.awaitNanos(AbstractQueuedSynchronizer.java:2078)
        at java.util.concurrent.ScheduledThreadPoolExecutor$DelayedWorkQueue.take(ScheduledThreadPoolExecutor.java:1093)
        at java.util.concurrent.ScheduledThreadPoolExecutor$DelayedWorkQueue.take(ScheduledThreadPoolExecutor.java:809)
        at java.util.concurrent.ThreadPoolExecutor.getTask(ThreadPoolExecutor.java:1074)
        at java.util.concurrent.ThreadPoolExecutor.runWorker(ThreadPoolExecutor.java:1134)
        at java.util.concurrent.ThreadPoolExecutor$Worker.run(ThreadPoolExecutor.java:624)
        at java.lang.Thread.run(Thread.java:748)
"IPC Server idle connection scanner for port 33004" daemon prio=5 tid=16 timed_waiting
java.lang.Thread.State: TIMED_WAITING
        at java.lang.Object.wait(Native Method)
        at java.util.TimerThread.mainLoop(Timer.java:552)
        at java.util.TimerThread.run(Timer.java:505)
"pool-60-thread-1"  prio=5 tid=239 timed_waiting
java.lang.Thread.State: TIMED_WAITING
        at sun.misc.Unsafe.park(Native Method)
        at java.util.concurrent.locks.LockSupport.parkNanos(LockSupport.java:215)
        at java.util.concurrent.locks.AbstractQueuedSynchronizer$ConditionObject.awaitNanos(AbstractQueuedSynchronizer.java:2078)
        at java.util.concurrent.ScheduledThreadPoolExecutor$DelayedWorkQueue.take(ScheduledThreadPoolExecutor.java:1093)
        at java.util.concurrent.ScheduledThreadPoolExecutor$DelayedWorkQueue.take(ScheduledThreadPoolExecutor.java:809)
        at java.util.concurrent.ThreadPoolExecutor.getTask(ThreadPoolExecutor.java:1074)
        at java.util.concurrent.ThreadPoolExecutor.runWorker(ThreadPoolExecutor.java:1134)
        at java.util.concurrent.ThreadPoolExecutor$Worker.run(ThreadPoolExecutor.java:624)
        at java.lang.Thread.run(Thread.java:748)
"pool-56-thread-32"  prio=5 tid=505 in Object.wait()
java.lang.Thread.State: WAITING (on object monitor)
        at sun.misc.Unsafe.park(Native Method)
        at java.util.concurrent.locks.LockSupport.park(LockSupport.java:175)
        at java.util.concurrent.locks.AbstractQueuedSynchronizer$ConditionObject.await(AbstractQueuedSynchronizer.java:2039)
        at java.util.concurrent.ArrayBlockingQueue.take(ArrayBlockingQueue.java:403)
        at java.util.concurrent.ThreadPoolExecutor.getTask(ThreadPoolExecutor.java:1074)
        at java.util.concurrent.ThreadPoolExecutor.runWorker(ThreadPoolExecutor.java:1134)
        at java.util.concurrent.ThreadPoolExecutor$Worker.run(ThreadPoolExecutor.java:624)
        at java.lang.Thread.run(Thread.java:748)
"pool-26-thread-8"  prio=5 tid=294 in Object.wait()
java.lang.Thread.State: WAITING (on object monitor)
        at sun.misc.Unsafe.park(Native Method)
        at java.util.concurrent.locks.LockSupport.park(LockSupport.java:175)
        at java.util.concurrent.locks.AbstractQueuedSynchronizer$ConditionObject.await(AbstractQueuedSynchronizer.java:2039)
        at java.util.concurrent.ArrayBlockingQueue.take(ArrayBlockingQueue.java:403)
        at java.util.concurrent.ThreadPoolExecutor.getTask(ThreadPoolExecutor.java:1074)
        at java.util.concurrent.ThreadPoolExecutor.runWorker(ThreadPoolExecutor.java:1134)
        at java.util.concurrent.ThreadPoolExecutor$Worker.run(ThreadPoolExecutor.java:624)
        at java.lang.Thread.run(Thread.java:748)
"qtp1043358826-95" daemon prio=5 tid=95 timed_waiting
java.lang.Thread.State: TIMED_WAITING
        at sun.misc.Unsafe.park(Native Method)
        at java.util.concurrent.locks.LockSupport.parkNanos(LockSupport.java:215)
        at java.util.concurrent.locks.AbstractQueuedSynchronizer$ConditionObject.awaitNanos(AbstractQueuedSynchronizer.java:2078)
        at org.eclipse.jetty.util.BlockingArrayQueue.poll(BlockingArrayQueue.java:392)
        at org.eclipse.jetty.util.thread.QueuedThreadPool.idleJobPoll(QueuedThreadPool.java:563)
        at org.eclipse.jetty.util.thread.QueuedThreadPool.access$800(QueuedThreadPool.java:48)
        at org.eclipse.jetty.util.thread.QueuedThreadPool$2.run(QueuedThreadPool.java:626)
        at java.lang.Thread.run(Thread.java:748)
"qtp1043358826-94" daemon prio=5 tid=94 timed_waiting
java.lang.Thread.State: TIMED_WAITING
        at sun.misc.Unsafe.park(Native Method)
        at java.util.concurrent.locks.LockSupport.parkNanos(LockSupport.java:215)
        at java.util.concurrent.locks.AbstractQueuedSynchronizer$ConditionObject.awaitNanos(AbstractQueuedSynchronizer.java:2078)
        at org.eclipse.jetty.util.BlockingArrayQueue.poll(BlockingArrayQueue.java:392)
        at org.eclipse.jetty.util.thread.QueuedThreadPool.idleJobPoll(QueuedThreadPool.java:563)
        at org.eclipse.jetty.util.thread.QueuedThreadPool.access$800(QueuedThreadPool.java:48)
        at org.eclipse.jetty.util.thread.QueuedThreadPool$2.run(QueuedThreadPool.java:626)
        at java.lang.Thread.run(Thread.java:748)
"pool-56-thread-51"  prio=5 tid=524 in Object.wait()
java.lang.Thread.State: WAITING (on object monitor)
        at sun.misc.Unsafe.park(Native Method)
        at java.util.concurrent.locks.LockSupport.park(LockSupport.java:175)
        at java.util.concurrent.locks.AbstractQueuedSynchronizer$ConditionObject.await(AbstractQueuedSynchronizer.java:2039)
        at java.util.concurrent.ArrayBlockingQueue.take(ArrayBlockingQueue.java:403)
        at java.util.concurrent.ThreadPoolExecutor.getTask(ThreadPoolExecutor.java:1074)
        at java.util.concurrent.ThreadPoolExecutor.runWorker(ThreadPoolExecutor.java:1134)
        at java.util.concurrent.ThreadPoolExecutor$Worker.run(ThreadPoolExecutor.java:624)
        at java.lang.Thread.run(Thread.java:748)
"pool-26-thread-19"  prio=5 tid=305 in Object.wait()
java.lang.Thread.State: WAITING (on object monitor)
        at sun.misc.Unsafe.park(Native Method)
        at java.util.concurrent.locks.LockSupport.park(LockSupport.java:175)
        at java.util.concurrent.locks.AbstractQueuedSynchronizer$ConditionObject.await(AbstractQueuedSynchronizer.java:2039)
        at java.util.concurrent.ArrayBlockingQueue.take(ArrayBlockingQueue.java:403)
        at java.util.concurrent.ThreadPoolExecutor.getTask(ThreadPoolExecutor.java:1074)
        at java.util.concurrent.ThreadPoolExecutor.runWorker(ThreadPoolExecutor.java:1134)
        at java.util.concurrent.ThreadPoolExecutor$Worker.run(ThreadPoolExecutor.java:624)
        at java.lang.Thread.run(Thread.java:748)
"pool-46-thread-14"  prio=5 tid=420 in Object.wait()
java.lang.Thread.State: WAITING (on object monitor)
        at sun.misc.Unsafe.park(Native Method)
        at java.util.concurrent.locks.LockSupport.park(LockSupport.java:175)
        at java.util.concurrent.locks.AbstractQueuedSynchronizer$ConditionObject.await(AbstractQueuedSynchronizer.java:2039)
        at java.util.concurrent.ArrayBlockingQueue.take(ArrayBlockingQueue.java:403)
        at java.util.concurrent.ThreadPoolExecutor.getTask(ThreadPoolExecutor.java:1074)
        at java.util.concurrent.ThreadPoolExecutor.runWorker(ThreadPoolExecutor.java:1134)
        at java.util.concurrent.ThreadPoolExecutor$Worker.run(ThreadPoolExecutor.java:624)
        at java.lang.Thread.run(Thread.java:748)
"pool-66-thread-39"  prio=5 tid=574 in Object.wait()
java.lang.Thread.State: WAITING (on object monitor)
        at sun.misc.Unsafe.park(Native Method)
        at java.util.concurrent.locks.LockSupport.park(LockSupport.java:175)
        at java.util.concurrent.locks.AbstractQueuedSynchronizer$ConditionObject.await(AbstractQueuedSynchronizer.java:2039)
        at java.util.concurrent.ArrayBlockingQueue.take(ArrayBlockingQueue.java:403)
        at java.util.concurrent.ThreadPoolExecutor.getTask(ThreadPoolExecutor.java:1074)
        at java.util.concurrent.ThreadPoolExecutor.runWorker(ThreadPoolExecutor.java:1134)
        at java.util.concurrent.ThreadPoolExecutor$Worker.run(ThreadPoolExecutor.java:624)
        at java.lang.Thread.run(Thread.java:748)
"metrics-hadoop-metrics2-reporter-9-thread-1" daemon prio=5 tid=632 timed_waiting
java.lang.Thread.State: TIMED_WAITING
        at sun.misc.Unsafe.park(Native Method)
        at java.util.concurrent.locks.LockSupport.parkNanos(LockSupport.java:215)
        at java.util.concurrent.locks.AbstractQueuedSynchronizer$ConditionObject.awaitNanos(AbstractQueuedSynchronizer.java:2078)
        at java.util.concurrent.ScheduledThreadPoolExecutor$DelayedWorkQueue.take(ScheduledThreadPoolExecutor.java:1093)
        at java.util.concurrent.ScheduledThreadPoolExecutor$DelayedWorkQueue.take(ScheduledThreadPoolExecutor.java:809)
        at java.util.concurrent.ThreadPoolExecutor.getTask(ThreadPoolExecutor.java:1074)
        at java.util.concurrent.ThreadPoolExecutor.runWorker(ThreadPoolExecutor.java:1134)
        at java.util.concurrent.ThreadPoolExecutor$Worker.run(ThreadPoolExecutor.java:624)
        at java.lang.Thread.run(Thread.java:748)
"pool-26-thread-11"  prio=5 tid=297 in Object.wait()
java.lang.Thread.State: WAITING (on object monitor)
        at sun.misc.Unsafe.park(Native Method)
        at java.util.concurrent.locks.LockSupport.park(LockSupport.java:175)
        at java.util.concurrent.locks.AbstractQueuedSynchronizer$ConditionObject.await(AbstractQueuedSynchronizer.java:2039)
        at java.util.concurrent.ArrayBlockingQueue.take(ArrayBlockingQueue.java:403)
        at java.util.concurrent.ThreadPoolExecutor.getTask(ThreadPoolExecutor.java:1074)
        at java.util.concurrent.ThreadPoolExecutor.runWorker(ThreadPoolExecutor.java:1134)
        at java.util.concurrent.ThreadPoolExecutor$Worker.run(ThreadPoolExecutor.java:624)
        at java.lang.Thread.run(Thread.java:748)
"qtp1845760645-270" daemon prio=5 tid=270 timed_waiting
java.lang.Thread.State: TIMED_WAITING
        at sun.misc.Unsafe.park(Native Method)
        at java.util.concurrent.locks.LockSupport.parkNanos(LockSupport.java:215)
        at java.util.concurrent.locks.AbstractQueuedSynchronizer$ConditionObject.awaitNanos(AbstractQueuedSynchronizer.java:2078)
        at org.eclipse.jetty.util.BlockingArrayQueue.poll(BlockingArrayQueue.java:392)
        at org.eclipse.jetty.util.thread.QueuedThreadPool.idleJobPoll(QueuedThreadPool.java:563)
        at org.eclipse.jetty.util.thread.QueuedThreadPool.access$800(QueuedThreadPool.java:48)
        at org.eclipse.jetty.util.thread.QueuedThreadPool$2.run(QueuedThreadPool.java:626)
        at java.lang.Thread.run(Thread.java:748)
"qtp650859015-162" daemon prio=5 tid=162 timed_waiting
java.lang.Thread.State: TIMED_WAITING
        at sun.misc.Unsafe.park(Native Method)
        at java.util.concurrent.locks.LockSupport.parkNanos(LockSupport.java:215)
        at java.util.concurrent.locks.AbstractQueuedSynchronizer$ConditionObject.awaitNanos(AbstractQueuedSynchronizer.java:2078)
        at org.eclipse.jetty.util.BlockingArrayQueue.poll(BlockingArrayQueue.java:392)
        at org.eclipse.jetty.util.thread.QueuedThreadPool.idleJobPoll(QueuedThreadPool.java:563)
        at org.eclipse.jetty.util.thread.QueuedThreadPool.access$800(QueuedThreadPool.java:48)
        at org.eclipse.jetty.util.thread.QueuedThreadPool$2.run(QueuedThreadPool.java:626)
        at java.lang.Thread.run(Thread.java:748)
"pool-46-thread-44"  prio=5 tid=450 in Object.wait()
java.lang.Thread.State: WAITING (on object monitor)
        at sun.misc.Unsafe.park(Native Method)
        at java.util.concurrent.locks.LockSupport.park(LockSupport.java:175)
        at java.util.concurrent.locks.AbstractQueuedSynchronizer$ConditionObject.await(AbstractQueuedSynchronizer.java:2039)
        at java.util.concurrent.ArrayBlockingQueue.take(ArrayBlockingQueue.java:403)
        at java.util.concurrent.ThreadPoolExecutor.getTask(ThreadPoolExecutor.java:1074)
        at java.util.concurrent.ThreadPoolExecutor.runWorker(ThreadPoolExecutor.java:1134)
        at java.util.concurrent.ThreadPoolExecutor$Worker.run(ThreadPoolExecutor.java:624)
        at java.lang.Thread.run(Thread.java:748)
"qtp1043358826-96" daemon prio=5 tid=96 timed_waiting
java.lang.Thread.State: TIMED_WAITING
        at sun.misc.Unsafe.park(Native Method)
        at java.util.concurrent.locks.LockSupport.parkNanos(LockSupport.java:215)
        at java.util.concurrent.locks.AbstractQueuedSynchronizer$ConditionObject.awaitNanos(AbstractQueuedSynchronizer.java:2078)
        at org.eclipse.jetty.util.BlockingArrayQueue.poll(BlockingArrayQueue.java:392)
        at org.eclipse.jetty.util.thread.QueuedThreadPool.idleJobPoll(QueuedThreadPool.java:563)
        at org.eclipse.jetty.util.thread.QueuedThreadPool.access$800(QueuedThreadPool.java:48)
        at org.eclipse.jetty.util.thread.QueuedThreadPool$2.run(QueuedThreadPool.java:626)
        at java.lang.Thread.run(Thread.java:748)
"pool-66-thread-33"  prio=5 tid=568 in Object.wait()
java.lang.Thread.State: WAITING (on object monitor)
        at sun.misc.Unsafe.park(Native Method)
        at java.util.concurrent.locks.LockSupport.park(LockSupport.java:175)
        at java.util.concurrent.locks.AbstractQueuedSynchronizer$ConditionObject.await(AbstractQueuedSynchronizer.java:2039)
        at java.util.concurrent.ArrayBlockingQueue.take(ArrayBlockingQueue.java:403)
        at java.util.concurrent.ThreadPoolExecutor.getTask(ThreadPoolExecutor.java:1074)
        at java.util.concurrent.ThreadPoolExecutor.runWorker(ThreadPoolExecutor.java:1134)
        at java.util.concurrent.ThreadPoolExecutor$Worker.run(ThreadPoolExecutor.java:624)
        at java.lang.Thread.run(Thread.java:748)
"pool-56-thread-34"  prio=5 tid=507 in Object.wait()
java.lang.Thread.State: WAITING (on object monitor)
        at sun.misc.Unsafe.park(Native Method)
        at java.util.concurrent.locks.LockSupport.park(LockSupport.java:175)
        at java.util.concurrent.locks.AbstractQueuedSynchronizer$ConditionObject.await(AbstractQueuedSynchronizer.java:2039)
        at java.util.concurrent.ArrayBlockingQueue.take(ArrayBlockingQueue.java:403)
        at java.util.concurrent.ThreadPoolExecutor.getTask(ThreadPoolExecutor.java:1074)
        at java.util.concurrent.ThreadPoolExecutor.runWorker(ThreadPoolExecutor.java:1134)
        at java.util.concurrent.ThreadPoolExecutor$Worker.run(ThreadPoolExecutor.java:624)
        at java.lang.Thread.run(Thread.java:748)
"JUnit"  prio=5 tid=1 runnable
java.lang.Thread.State: RUNNABLE
        at java.lang.Thread.dumpThreads(Native Method)
        at java.lang.Thread.getAllStackTraces(Thread.java:1610)
        at org.apache.hadoop.test.TimedOutTestsListener.buildThreadDump(TimedOutTestsListener.java:87)
        at org.apache.hadoop.test.TimedOutTestsListener.buildThreadDiagnosticString(TimedOutTestsListener.java:73)
        at org.apache.hadoop.test.GenericTestUtils.waitFor(GenericTestUtils.java:389)
        at org.apache.hadoop.ozone.MiniOzoneClusterImpl.waitForClusterToBeReady(MiniOzoneClusterImpl.java:149)
        at org.apache.hadoop.fs.ozone.contract.OzoneContract.createCluster(OzoneContract.java:68)
        at org.apache.hadoop.fs.ozone.contract.ITestOzoneContractMkdir.createCluster(ITestOzoneContractMkdir.java:36)
        at sun.reflect.NativeMethodAccessorImpl.invoke0(Native Method)
        at sun.reflect.NativeMethodAccessorImpl.invoke(NativeMethodAccessorImpl.java:62)
        at sun.reflect.DelegatingMethodAccessorImpl.invoke(DelegatingMethodAccessorImpl.java:43)
        at java.lang.reflect.Method.invoke(Method.java:498)
        at org.junit.runners.model.FrameworkMethod$1.runReflectiveCall(FrameworkMethod.java:47)
        at org.junit.internal.runners.model.ReflectiveCallable.run(ReflectiveCallable.java:12)
        at org.junit.runners.model.FrameworkMethod.invokeExplosively(FrameworkMethod.java:44)
        at org.junit.internal.runners.statements.RunBefores.evaluate(RunBefores.java:24)
        at org.junit.internal.runners.statements.RunAfters.evaluate(RunAfters.java:27)
        at org.junit.runners.ParentRunner.run(ParentRunner.java:309)
        at org.apache.maven.surefire.junit4.JUnit4Provider.execute(JUnit4Provider.java:365)
        at org.apache.maven.surefire.junit4.JUnit4Provider.executeWithRerun(JUnit4Provider.java:273)
        at org.apache.maven.surefire.junit4.JUnit4Provider.executeTestSet(JUnit4Provider.java:238)
        at org.apache.maven.surefire.junit4.JUnit4Provider.invoke(JUnit4Provider.java:159)
        at org.apache.maven.surefire.booter.ForkedBooter.invokeProviderInSameClassLoader(ForkedBooter.java:384)
        at org.apache.maven.surefire.booter.ForkedBooter.runSuitesInProcess(ForkedBooter.java:345)
        at org.apache.maven.surefire.booter.ForkedBooter.execute(ForkedBooter.java:126)
        at org.apache.maven.surefire.booter.ForkedBooter.main(ForkedBooter.java:418)
"c5571329-ed88-4dd5-851a-7ef9aaa2970f@group-E11993EF5BE0-StateMachineUpdater" daemon prio=5 tid=646 in Object.wait()
java.lang.Thread.State: WAITING (on object monitor)
        at java.lang.Object.wait(Native Method)
        at java.lang.Object.wait(Object.java:502)
        at org.apache.ratis.server.impl.StateMachineUpdater.waitForCommit(StateMachineUpdater.java:194)
        at org.apache.ratis.server.impl.StateMachineUpdater.run(StateMachineUpdater.java:159)
        at java.lang.Thread.run(Thread.java:748)
"pool-36-thread-16"  prio=5 tid=362 in Object.wait()
java.lang.Thread.State: WAITING (on object monitor)
        at sun.misc.Unsafe.park(Native Method)
        at java.util.concurrent.locks.LockSupport.park(LockSupport.java:175)
        at java.util.concurrent.locks.AbstractQueuedSynchronizer$ConditionObject.await(AbstractQueuedSynchronizer.java:2039)
        at java.util.concurrent.ArrayBlockingQueue.take(ArrayBlockingQueue.java:403)
        at java.util.concurrent.ThreadPoolExecutor.getTask(ThreadPoolExecutor.java:1074)
        at java.util.concurrent.ThreadPoolExecutor.runWorker(ThreadPoolExecutor.java:1134)
        at java.util.concurrent.ThreadPoolExecutor$Worker.run(ThreadPoolExecutor.java:624)
        at java.lang.Thread.run(Thread.java:748)
"metrics-hadoop-metrics2-reporter-13-thread-1" daemon prio=5 tid=641 timed_waiting
java.lang.Thread.State: TIMED_WAITING
        at sun.misc.Unsafe.park(Native Method)
        at java.util.concurrent.locks.LockSupport.parkNanos(LockSupport.java:215)
        at java.util.concurrent.locks.AbstractQueuedSynchronizer$ConditionObject.awaitNanos(AbstractQueuedSynchronizer.java:2078)
        at java.util.concurrent.ScheduledThreadPoolExecutor$DelayedWorkQueue.take(ScheduledThreadPoolExecutor.java:1093)
        at java.util.concurrent.ScheduledThreadPoolExecutor$DelayedWorkQueue.take(ScheduledThreadPoolExecutor.java:809)
        at java.util.concurrent.ThreadPoolExecutor.getTask(ThreadPoolExecutor.java:1074)
        at java.util.concurrent.ThreadPoolExecutor.runWorker(ThreadPoolExecutor.java:1134)
        at java.util.concurrent.ThreadPoolExecutor$Worker.run(ThreadPoolExecutor.java:624)
        at java.lang.Thread.run(Thread.java:748)
"qtp801142660-138" daemon prio=5 tid=138 timed_waiting
java.lang.Thread.State: TIMED_WAITING
        at sun.misc.Unsafe.park(Native Method)
        at java.util.concurrent.locks.LockSupport.parkNanos(LockSupport.java:215)
        at java.util.concurrent.locks.AbstractQueuedSynchronizer$ConditionObject.awaitNanos(AbstractQueuedSynchronizer.java:2078)
        at org.eclipse.jetty.util.BlockingArrayQueue.poll(BlockingArrayQueue.java:392)
        at org.eclipse.jetty.util.thread.QueuedThreadPool.idleJobPoll(QueuedThreadPool.java:563)
        at org.eclipse.jetty.util.thread.QueuedThreadPool.access$800(QueuedThreadPool.java:48)
        at org.eclipse.jetty.util.thread.QueuedThreadPool$2.run(QueuedThreadPool.java:626)
        at java.lang.Thread.run(Thread.java:748)
"IPC Server handler 1 on 35444" daemon prio=5 tid=115 timed_waiting
java.lang.Thread.State: TIMED_WAITING
        at sun.misc.Unsafe.park(Native Method)
        at java.util.concurrent.locks.LockSupport.parkNanos(LockSupport.java:215)
        at java.util.concurrent.locks.AbstractQueuedSynchronizer$ConditionObject.awaitNanos(AbstractQueuedSynchronizer.java:2078)
        at java.util.concurrent.LinkedBlockingQueue.poll(LinkedBlockingQueue.java:467)
        at org.apache.hadoop.ipc.CallQueueManager.take(CallQueueManager.java:288)
        at org.apache.hadoop.ipc.Server$Handler.run(Server.java:2668)
"IPC Server idle connection scanner for port 35444" daemon prio=5 tid=109 timed_waiting
java.lang.Thread.State: TIMED_WAITING
        at java.lang.Object.wait(Native Method)
        at java.util.TimerThread.mainLoop(Timer.java:552)
        at java.util.TimerThread.run(Timer.java:505)
"metrics-hadoop-metrics2-reporter-39-thread-1" daemon prio=5 tid=785 timed_waiting
java.lang.Thread.State: TIMED_WAITING
        at sun.misc.Unsafe.park(Native Method)
        at java.util.concurrent.locks.LockSupport.parkNanos(LockSupport.java:215)
        at java.util.concurrent.locks.AbstractQueuedSynchronizer$ConditionObject.awaitNanos(AbstractQueuedSynchronizer.java:2078)
        at java.util.concurrent.ScheduledThreadPoolExecutor$DelayedWorkQueue.take(ScheduledThreadPoolExecutor.java:1093)
        at java.util.concurrent.ScheduledThreadPoolExecutor$DelayedWorkQueue.take(ScheduledThreadPoolExecutor.java:809)
        at java.util.concurrent.ThreadPoolExecutor.getTask(ThreadPoolExecutor.java:1074)
        at java.util.concurrent.ThreadPoolExecutor.runWorker(ThreadPoolExecutor.java:1134)
        at java.util.concurrent.ThreadPoolExecutor$Worker.run(ThreadPoolExecutor.java:624)
        at java.lang.Thread.run(Thread.java:748)
"pool-46-thread-2"  prio=5 tid=408 in Object.wait()
java.lang.Thread.State: WAITING (on object monitor)
        at sun.misc.Unsafe.park(Native Method)
        at java.util.concurrent.locks.LockSupport.park(LockSupport.java:175)
        at java.util.concurrent.locks.AbstractQueuedSynchronizer$ConditionObject.await(AbstractQueuedSynchronizer.java:2039)
        at java.util.concurrent.ArrayBlockingQueue.take(ArrayBlockingQueue.java:403)
        at java.util.concurrent.ThreadPoolExecutor.getTask(ThreadPoolExecutor.java:1074)
        at java.util.concurrent.ThreadPoolExecutor.runWorker(ThreadPoolExecutor.java:1134)
        at java.util.concurrent.ThreadPoolExecutor$Worker.run(ThreadPoolExecutor.java:624)
        at java.lang.Thread.run(Thread.java:748)
"surefire-forkedjvm-command-thread" daemon prio=5 tid=8 runnable
java.lang.Thread.State: RUNNABLE
        at java.io.FileInputStream.readBytes(Native Method)
        at java.io.FileInputStream.read(FileInputStream.java:255)
        at java.io.BufferedInputStream.fill(BufferedInputStream.java:246)
        at java.io.BufferedInputStream.read(BufferedInputStream.java:265)
        at java.io.DataInputStream.readInt(DataInputStream.java:387)
        at org.apache.maven.surefire.booter.MasterProcessCommand.decode(MasterProcessCommand.java:115)
        at org.apache.maven.surefire.booter.CommandReader$CommandRunnable.run(CommandReader.java:390)
        at java.lang.Thread.run(Thread.java:748)
"pool-56-thread-36"  prio=5 tid=509 in Object.wait()
java.lang.Thread.State: WAITING (on object monitor)
        at sun.misc.Unsafe.park(Native Method)
        at java.util.concurrent.locks.LockSupport.park(LockSupport.java:175)
        at java.util.concurrent.locks.AbstractQueuedSynchronizer$ConditionObject.await(AbstractQueuedSynchronizer.java:2039)
        at java.util.concurrent.ArrayBlockingQueue.take(ArrayBlockingQueue.java:403)
        at java.util.concurrent.ThreadPoolExecutor.getTask(ThreadPoolExecutor.java:1074)
        at java.util.concurrent.ThreadPoolExecutor.runWorker(ThreadPoolExecutor.java:1134)
        at java.util.concurrent.ThreadPoolExecutor$Worker.run(ThreadPoolExecutor.java:624)
        at java.lang.Thread.run(Thread.java:748)
"IPC Server handler 9 on 46821" daemon prio=5 tid=58 timed_waiting
java.lang.Thread.State: TIMED_WAITING
        at sun.misc.Unsafe.park(Native Method)
        at java.util.concurrent.locks.LockSupport.parkNanos(LockSupport.java:215)
        at java.util.concurrent.locks.AbstractQueuedSynchronizer$ConditionObject.awaitNanos(AbstractQueuedSynchronizer.java:2078)
        at java.util.concurrent.LinkedBlockingQueue.poll(LinkedBlockingQueue.java:467)
        at org.apache.hadoop.ipc.CallQueueManager.take(CallQueueManager.java:288)
        at org.apache.hadoop.ipc.Server$Handler.run(Server.java:2668)
"metrics-hadoop-metrics2-reporter-42-thread-1" daemon prio=5 tid=792 timed_waiting
java.lang.Thread.State: TIMED_WAITING
        at sun.misc.Unsafe.park(Native Method)
        at java.util.concurrent.locks.LockSupport.parkNanos(LockSupport.java:215)
        at java.util.concurrent.locks.AbstractQueuedSynchronizer$ConditionObject.awaitNanos(AbstractQueuedSynchronizer.java:2078)
        at java.util.concurrent.ScheduledThreadPoolExecutor$DelayedWorkQueue.take(ScheduledThreadPoolExecutor.java:1093)
        at java.util.concurrent.ScheduledThreadPoolExecutor$DelayedWorkQueue.take(ScheduledThreadPoolExecutor.java:809)
        at java.util.concurrent.ThreadPoolExecutor.getTask(ThreadPoolExecutor.java:1074)
        at java.util.concurrent.ThreadPoolExecutor.runWorker(ThreadPoolExecutor.java:1134)
        at java.util.concurrent.ThreadPoolExecutor$Worker.run(ThreadPoolExecutor.java:624)
        at java.lang.Thread.run(Thread.java:748)
"pool-26-thread-3"  prio=5 tid=289 in Object.wait()
java.lang.Thread.State: WAITING (on object monitor)
        at sun.misc.Unsafe.park(Native Method)
        at java.util.concurrent.locks.LockSupport.park(LockSupport.java:175)
        at java.util.concurrent.locks.AbstractQueuedSynchronizer$ConditionObject.await(AbstractQueuedSynchronizer.java:2039)
        at java.util.concurrent.ArrayBlockingQueue.take(ArrayBlockingQueue.java:403)
        at java.util.concurrent.ThreadPoolExecutor.getTask(ThreadPoolExecutor.java:1074)
        at java.util.concurrent.ThreadPoolExecutor.runWorker(ThreadPoolExecutor.java:1134)
        at java.util.concurrent.ThreadPoolExecutor$Worker.run(ThreadPoolExecutor.java:624)
        at java.lang.Thread.run(Thread.java:748)
"IPC Server handler 16 on 40923" daemon prio=5 tid=45 timed_waiting
java.lang.Thread.State: TIMED_WAITING
        at sun.misc.Unsafe.park(Native Method)
        at java.util.concurrent.locks.LockSupport.parkNanos(LockSupport.java:215)
        at java.util.concurrent.locks.AbstractQueuedSynchronizer$ConditionObject.awaitNanos(AbstractQueuedSynchronizer.java:2078)
        at java.util.concurrent.LinkedBlockingQueue.poll(LinkedBlockingQueue.java:467)
        at org.apache.hadoop.ipc.CallQueueManager.take(CallQueueManager.java:288)
        at org.apache.hadoop.ipc.Server$Handler.run(Server.java:2668)
"IPC Server handler 10 on 46821" daemon prio=5 tid=59 timed_waiting
java.lang.Thread.State: TIMED_WAITING
        at sun.misc.Unsafe.park(Native Method)
        at java.util.concurrent.locks.LockSupport.parkNanos(LockSupport.java:215)
        at java.util.concurrent.locks.AbstractQueuedSynchronizer$ConditionObject.awaitNanos(AbstractQueuedSynchronizer.java:2078)
        at java.util.concurrent.LinkedBlockingQueue.poll(LinkedBlockingQueue.java:467)
        at org.apache.hadoop.ipc.CallQueueManager.take(CallQueueManager.java:288)
        at org.apache.hadoop.ipc.Server$Handler.run(Server.java:2668)
"pool-46-thread-37"  prio=5 tid=443 in Object.wait()
java.lang.Thread.State: WAITING (on object monitor)
        at sun.misc.Unsafe.park(Native Method)
        at java.util.concurrent.locks.LockSupport.park(LockSupport.java:175)
        at java.util.concurrent.locks.AbstractQueuedSynchronizer$ConditionObject.await(AbstractQueuedSynchronizer.java:2039)
        at java.util.concurrent.ArrayBlockingQueue.take(ArrayBlockingQueue.java:403)
        at java.util.concurrent.ThreadPoolExecutor.getTask(ThreadPoolExecutor.java:1074)
        at java.util.concurrent.ThreadPoolExecutor.runWorker(ThreadPoolExecutor.java:1134)
        at java.util.concurrent.ThreadPoolExecutor$Worker.run(ThreadPoolExecutor.java:624)
        at java.lang.Thread.run(Thread.java:748)
"pool-66-thread-12"  prio=5 tid=547 in Object.wait()
java.lang.Thread.State: WAITING (on object monitor)
        at sun.misc.Unsafe.park(Native Method)
        at java.util.concurrent.locks.LockSupport.park(LockSupport.java:175)
        at java.util.concurrent.locks.AbstractQueuedSynchronizer$ConditionObject.await(AbstractQueuedSynchronizer.java:2039)
        at java.util.concurrent.ArrayBlockingQueue.take(ArrayBlockingQueue.java:403)
        at java.util.concurrent.ThreadPoolExecutor.getTask(ThreadPoolExecutor.java:1074)
        at java.util.concurrent.ThreadPoolExecutor.runWorker(ThreadPoolExecutor.java:1134)
        at java.util.concurrent.ThreadPoolExecutor$Worker.run(ThreadPoolExecutor.java:624)
        at java.lang.Thread.run(Thread.java:748)
"Thread-224" daemon prio=5 tid=653 timed_waiting
java.lang.Thread.State: TIMED_WAITING
        at sun.misc.Unsafe.park(Native Method)
        at java.util.concurrent.locks.LockSupport.parkNanos(LockSupport.java:215)
        at java.util.concurrent.locks.AbstractQueuedSynchronizer$ConditionObject.awaitNanos(AbstractQueuedSynchronizer.java:2078)
        at java.util.concurrent.ArrayBlockingQueue.poll(ArrayBlockingQueue.java:418)
        at org.apache.ratis.server.impl.LeaderState$EventQueue.poll(LeaderState.java:115)
        at org.apache.ratis.server.impl.LeaderState$EventProcessor.run(LeaderState.java:467)
"5c3956af-60d3-411f-8c98-c7ed3576de5c@group-EE856C9543A1-StateMachineUpdater" daemon prio=5 tid=783 in Object.wait()
java.lang.Thread.State: WAITING (on object monitor)
        at java.lang.Object.wait(Native Method)
        at java.lang.Object.wait(Object.java:502)
        at org.apache.ratis.server.impl.StateMachineUpdater.waitForCommit(StateMachineUpdater.java:194)
        at org.apache.ratis.server.impl.StateMachineUpdater.run(StateMachineUpdater.java:159)
        at java.lang.Thread.run(Thread.java:748)
"Datanode State Machine Thread - 0" daemon prio=5 tid=204 timed_waiting
java.lang.Thread.State: TIMED_WAITING
        at sun.misc.Unsafe.park(Native Method)
        at java.util.concurrent.locks.LockSupport.parkNanos(LockSupport.java:215)
        at java.util.concurrent.SynchronousQueue$TransferStack.awaitFulfill(SynchronousQueue.java:460)
        at java.util.concurrent.SynchronousQueue$TransferStack.transfer(SynchronousQueue.java:362)
        at java.util.concurrent.SynchronousQueue.poll(SynchronousQueue.java:941)
        at java.util.concurrent.ThreadPoolExecutor.getTask(ThreadPoolExecutor.java:1073)
        at java.util.concurrent.ThreadPoolExecutor.runWorker(ThreadPoolExecutor.java:1134)
        at java.util.concurrent.ThreadPoolExecutor$Worker.run(ThreadPoolExecutor.java:624)
        at java.lang.Thread.run(Thread.java:748)
"Periodic HDDS volume checker"  prio=5 tid=178 timed_waiting
java.lang.Thread.State: TIMED_WAITING
        at sun.misc.Unsafe.park(Native Method)
        at java.util.concurrent.locks.LockSupport.parkNanos(LockSupport.java:215)
        at java.util.concurrent.locks.AbstractQueuedSynchronizer$ConditionObject.awaitNanos(AbstractQueuedSynchronizer.java:2078)
        at java.util.concurrent.ScheduledThreadPoolExecutor$DelayedWorkQueue.take(ScheduledThreadPoolExecutor.java:1093)
        at java.util.concurrent.ScheduledThreadPoolExecutor$DelayedWorkQueue.take(ScheduledThreadPoolExecutor.java:809)
        at java.util.concurrent.ThreadPoolExecutor.getTask(ThreadPoolExecutor.java:1074)
        at java.util.concurrent.ThreadPoolExecutor.runWorker(ThreadPoolExecutor.java:1134)
        at java.util.concurrent.ThreadPoolExecutor$Worker.run(ThreadPoolExecutor.java:624)
        at java.lang.Thread.run(Thread.java:748)
"pool-46-thread-32"  prio=5 tid=438 in Object.wait()
java.lang.Thread.State: WAITING (on object monitor)
        at sun.misc.Unsafe.park(Native Method)
        at java.util.concurrent.locks.LockSupport.park(LockSupport.java:175)
        at java.util.concurrent.locks.AbstractQueuedSynchronizer$ConditionObject.await(AbstractQueuedSynchronizer.java:2039)
        at java.util.concurrent.ArrayBlockingQueue.take(ArrayBlockingQueue.java:403)
        at java.util.concurrent.ThreadPoolExecutor.getTask(ThreadPoolExecutor.java:1074)
        at java.util.concurrent.ThreadPoolExecutor.runWorker(ThreadPoolExecutor.java:1134)
        at java.util.concurrent.ThreadPoolExecutor$Worker.run(ThreadPoolExecutor.java:624)
        at java.lang.Thread.run(Thread.java:748)
"pool-36-thread-36"  prio=5 tid=382 in Object.wait()
java.lang.Thread.State: WAITING (on object monitor)
        at sun.misc.Unsafe.park(Native Method)
        at java.util.concurrent.locks.LockSupport.park(LockSupport.java:175)
        at java.util.concurrent.locks.AbstractQueuedSynchronizer$ConditionObject.await(AbstractQueuedSynchronizer.java:2039)
        at java.util.concurrent.ArrayBlockingQueue.take(ArrayBlockingQueue.java:403)
        at java.util.concurrent.ThreadPoolExecutor.getTask(ThreadPoolExecutor.java:1074)
        at java.util.concurrent.ThreadPoolExecutor.runWorker(ThreadPoolExecutor.java:1134)
        at java.util.concurrent.ThreadPoolExecutor$Worker.run(ThreadPoolExecutor.java:624)
        at java.lang.Thread.run(Thread.java:748)
"qtp1680841335-219" daemon prio=5 tid=219 timed_waiting
java.lang.Thread.State: TIMED_WAITING
        at sun.misc.Unsafe.park(Native Method)
        at java.util.concurrent.locks.LockSupport.parkNanos(LockSupport.java:215)
        at java.util.concurrent.locks.AbstractQueuedSynchronizer$ConditionObject.awaitNanos(AbstractQueuedSynchronizer.java:2078)
        at org.eclipse.jetty.util.BlockingArrayQueue.poll(BlockingArrayQueue.java:392)
        at org.eclipse.jetty.util.thread.QueuedThreadPool.idleJobPoll(QueuedThreadPool.java:563)
        at org.eclipse.jetty.util.thread.QueuedThreadPool.access$800(QueuedThreadPool.java:48)
        at org.eclipse.jetty.util.thread.QueuedThreadPool$2.run(QueuedThreadPool.java:626)
        at java.lang.Thread.run(Thread.java:748)
"EventQueue-NodeRegistrationContainerReportForContainerSafeModeRule" daemon prio=5 tid=601 in Object.wait()
java.lang.Thread.State: WAITING (on object monitor)
        at sun.misc.Unsafe.park(Native Method)
        at java.util.concurrent.locks.LockSupport.park(LockSupport.java:175)
        at java.util.concurrent.locks.AbstractQueuedSynchronizer$ConditionObject.await(AbstractQueuedSynchronizer.java:2039)
        at java.util.concurrent.LinkedBlockingQueue.take(LinkedBlockingQueue.java:442)
        at java.util.concurrent.ThreadPoolExecutor.getTask(ThreadPoolExecutor.java:1074)
        at java.util.concurrent.ThreadPoolExecutor.runWorker(ThreadPoolExecutor.java:1134)
        at java.util.concurrent.ThreadPoolExecutor$Worker.run(ThreadPoolExecutor.java:624)
        at java.lang.Thread.run(Thread.java:748)
"pool-66-thread-43"  prio=5 tid=578 in Object.wait()
java.lang.Thread.State: WAITING (on object monitor)
        at sun.misc.Unsafe.park(Native Method)
        at java.util.concurrent.locks.LockSupport.park(LockSupport.java:175)
        at java.util.concurrent.locks.AbstractQueuedSynchronizer$ConditionObject.await(AbstractQueuedSynchronizer.java:2039)
        at java.util.concurrent.ArrayBlockingQueue.take(ArrayBlockingQueue.java:403)
        at java.util.concurrent.ThreadPoolExecutor.getTask(ThreadPoolExecutor.java:1074)
        at java.util.concurrent.ThreadPoolExecutor.runWorker(ThreadPoolExecutor.java:1134)
        at java.util.concurrent.ThreadPoolExecutor$Worker.run(ThreadPoolExecutor.java:624)
        at java.lang.Thread.run(Thread.java:748)
"pool-66-thread-16"  prio=5 tid=551 in Object.wait()
java.lang.Thread.State: WAITING (on object monitor)
        at sun.misc.Unsafe.park(Native Method)
        at java.util.concurrent.locks.LockSupport.park(LockSupport.java:175)
        at java.util.concurrent.locks.AbstractQueuedSynchronizer$ConditionObject.await(AbstractQueuedSynchronizer.java:2039)
        at java.util.concurrent.ArrayBlockingQueue.take(ArrayBlockingQueue.java:403)
        at java.util.concurrent.ThreadPoolExecutor.getTask(ThreadPoolExecutor.java:1074)
        at java.util.concurrent.ThreadPoolExecutor.runWorker(ThreadPoolExecutor.java:1134)
        at java.util.concurrent.ThreadPoolExecutor$Worker.run(ThreadPoolExecutor.java:624)
        at java.lang.Thread.run(Thread.java:748)
"CommandWatcher-LeaseManager#LeaseMonitor" daemon prio=5 tid=28 timed_waiting
java.lang.Thread.State: TIMED_WAITING
        at java.lang.Thread.sleep(Native Method)
        at org.apache.hadoop.ozone.lease.LeaseManager$LeaseMonitor.run(LeaseManager.java:234)
        at java.lang.Thread.run(Thread.java:748)
"grpc-default-executor-5" daemon prio=5 tid=826 timed_waiting
java.lang.Thread.State: TIMED_WAITING
        at sun.misc.Unsafe.park(Native Method)
        at java.util.concurrent.locks.LockSupport.parkNanos(LockSupport.java:215)
        at java.util.concurrent.SynchronousQueue$TransferStack.awaitFulfill(SynchronousQueue.java:460)
        at java.util.concurrent.SynchronousQueue$TransferStack.transfer(SynchronousQueue.java:362)
        at java.util.concurrent.SynchronousQueue.poll(SynchronousQueue.java:941)
        at java.util.concurrent.ThreadPoolExecutor.getTask(ThreadPoolExecutor.java:1073)
        at java.util.concurrent.ThreadPoolExecutor.runWorker(ThreadPoolExecutor.java:1134)
        at java.util.concurrent.ThreadPoolExecutor$Worker.run(ThreadPoolExecutor.java:624)
        at java.lang.Thread.run(Thread.java:748)
"Datanode ReportManager Thread - 3" daemon prio=5 tid=228 in Object.wait()
java.lang.Thread.State: WAITING (on object monitor)
        at sun.misc.Unsafe.park(Native Method)
        at java.util.concurrent.locks.LockSupport.park(LockSupport.java:175)
        at java.util.concurrent.locks.AbstractQueuedSynchronizer$ConditionObject.await(AbstractQueuedSynchronizer.java:2039)
        at java.util.concurrent.ScheduledThreadPoolExecutor$DelayedWorkQueue.take(ScheduledThreadPoolExecutor.java:1088)
        at java.util.concurrent.ScheduledThreadPoolExecutor$DelayedWorkQueue.take(ScheduledThreadPoolExecutor.java:809)
        at java.util.concurrent.ThreadPoolExecutor.getTask(ThreadPoolExecutor.java:1074)
        at java.util.concurrent.ThreadPoolExecutor.runWorker(ThreadPoolExecutor.java:1134)
        at java.util.concurrent.ThreadPoolExecutor$Worker.run(ThreadPoolExecutor.java:624)
        at java.lang.Thread.run(Thread.java:748)
"pool-36-thread-48"  prio=5 tid=394 in Object.wait()
java.lang.Thread.State: WAITING (on object monitor)
        at sun.misc.Unsafe.park(Native Method)
        at java.util.concurrent.locks.LockSupport.park(LockSupport.java:175)
        at java.util.concurrent.locks.AbstractQueuedSynchronizer$ConditionObject.await(AbstractQueuedSynchronizer.java:2039)
        at java.util.concurrent.ArrayBlockingQueue.take(ArrayBlockingQueue.java:403)
        at java.util.concurrent.ThreadPoolExecutor.getTask(ThreadPoolExecutor.java:1074)
        at java.util.concurrent.ThreadPoolExecutor.runWorker(ThreadPoolExecutor.java:1134)
        at java.util.concurrent.ThreadPoolExecutor$Worker.run(ThreadPoolExecutor.java:624)
        at java.lang.Thread.run(Thread.java:748)
"IPC Server handler 4 on 33004" daemon prio=5 tid=73 timed_waiting
java.lang.Thread.State: TIMED_WAITING
        at sun.misc.Unsafe.park(Native Method)
        at java.util.concurrent.locks.LockSupport.parkNanos(LockSupport.java:215)
        at java.util.concurrent.locks.AbstractQueuedSynchronizer$ConditionObject.awaitNanos(AbstractQueuedSynchronizer.java:2078)
        at java.util.concurrent.LinkedBlockingQueue.poll(LinkedBlockingQueue.java:467)
        at org.apache.hadoop.ipc.CallQueueManager.take(CallQueueManager.java:288)
        at org.apache.hadoop.ipc.Server$Handler.run(Server.java:2668)
"pool-46-thread-24"  prio=5 tid=430 in Object.wait()
java.lang.Thread.State: WAITING (on object monitor)
        at sun.misc.Unsafe.park(Native Method)
        at java.util.concurrent.locks.LockSupport.park(LockSupport.java:175)
        at java.util.concurrent.locks.AbstractQueuedSynchronizer$ConditionObject.await(AbstractQueuedSynchronizer.java:2039)
        at java.util.concurrent.ArrayBlockingQueue.take(ArrayBlockingQueue.java:403)
        at java.util.concurrent.ThreadPoolExecutor.getTask(ThreadPoolExecutor.java:1074)
        at java.util.concurrent.ThreadPoolExecutor.runWorker(ThreadPoolExecutor.java:1134)
        at java.util.concurrent.ThreadPoolExecutor$Worker.run(ThreadPoolExecutor.java:624)
        at java.lang.Thread.run(Thread.java:748)
"Socket Reader #1 for port 35444"  prio=5 tid=108 runnable
java.lang.Thread.State: RUNNABLE
        at sun.nio.ch.EPollArrayWrapper.epollWait(Native Method)
        at sun.nio.ch.EPollArrayWrapper.poll(EPollArrayWrapper.java:269)
        at sun.nio.ch.EPollSelectorImpl.doSelect(EPollSelectorImpl.java:93)
        at sun.nio.ch.SelectorImpl.lockAndDoSelect(SelectorImpl.java:86)
        at sun.nio.ch.SelectorImpl.select(SelectorImpl.java:97)
        at sun.nio.ch.SelectorImpl.select(SelectorImpl.java:101)
        at org.apache.hadoop.ipc.Server$Listener$Reader.doRunLoop(Server.java:1097)
        at org.apache.hadoop.ipc.Server$Listener$Reader.run(Server.java:1076)
"efb933de-cdd8-4d8d-88d2-4c7ffe0dec1a@group-0F9C9D952736-StateMachineUpdater" daemon prio=5 tid=615 in Object.wait()
java.lang.Thread.State: WAITING (on object monitor)
        at java.lang.Object.wait(Native Method)
        at java.lang.Object.wait(Object.java:502)
        at org.apache.ratis.server.impl.StateMachineUpdater.waitForCommit(StateMachineUpdater.java:194)
        at org.apache.ratis.server.impl.StateMachineUpdater.run(StateMachineUpdater.java:159)
        at java.lang.Thread.run(Thread.java:748)
"IPC Server handler 16 on 33004" daemon prio=5 tid=85 timed_waiting
java.lang.Thread.State: TIMED_WAITING
        at sun.misc.Unsafe.park(Native Method)
        at java.util.concurrent.locks.LockSupport.parkNanos(LockSupport.java:215)
        at java.util.concurrent.locks.AbstractQueuedSynchronizer$ConditionObject.awaitNanos(AbstractQueuedSynchronizer.java:2078)
        at java.util.concurrent.LinkedBlockingQueue.poll(LinkedBlockingQueue.java:467)
        at org.apache.hadoop.ipc.CallQueueManager.take(CallQueueManager.java:288)
        at org.apache.hadoop.ipc.Server$Handler.run(Server.java:2668)
"Socket Reader #1 for port 46821"  prio=5 tid=19 runnable
java.lang.Thread.State: RUNNABLE
        at sun.nio.ch.EPollArrayWrapper.epollWait(Native Method)
        at sun.nio.ch.EPollArrayWrapper.poll(EPollArrayWrapper.java:269)
        at sun.nio.ch.EPollSelectorImpl.doSelect(EPollSelectorImpl.java:93)
        at sun.nio.ch.SelectorImpl.lockAndDoSelect(SelectorImpl.java:86)
        at sun.nio.ch.SelectorImpl.select(SelectorImpl.java:97)
        at sun.nio.ch.SelectorImpl.select(SelectorImpl.java:101)
        at org.apache.hadoop.ipc.Server$Listener$Reader.doRunLoop(Server.java:1097)
        at org.apache.hadoop.ipc.Server$Listener$Reader.run(Server.java:1076)
"pool-40-thread-1"  prio=5 tid=185 timed_waiting
java.lang.Thread.State: TIMED_WAITING
        at sun.misc.Unsafe.park(Native Method)
        at java.util.concurrent.locks.LockSupport.parkNanos(LockSupport.java:215)
        at java.util.concurrent.locks.AbstractQueuedSynchronizer$ConditionObject.awaitNanos(AbstractQueuedSynchronizer.java:2078)
        at java.util.concurrent.ScheduledThreadPoolExecutor$DelayedWorkQueue.take(ScheduledThreadPoolExecutor.java:1093)
        at java.util.concurrent.ScheduledThreadPoolExecutor$DelayedWorkQueue.take(ScheduledThreadPoolExecutor.java:809)
        at java.util.concurrent.ThreadPoolExecutor.getTask(ThreadPoolExecutor.java:1074)
        at java.util.concurrent.ThreadPoolExecutor.runWorker(ThreadPoolExecutor.java:1134)
        at java.util.concurrent.ThreadPoolExecutor$Worker.run(ThreadPoolExecutor.java:624)
        at java.lang.Thread.run(Thread.java:748)
"metrics-hadoop-metrics2-reporter-20-thread-1" daemon prio=5 tid=659 timed_waiting
java.lang.Thread.State: TIMED_WAITING
        at sun.misc.Unsafe.park(Native Method)
        at java.util.concurrent.locks.LockSupport.parkNanos(LockSupport.java:215)
        at java.util.concurrent.locks.AbstractQueuedSynchronizer$ConditionObject.awaitNanos(AbstractQueuedSynchronizer.java:2078)
        at java.util.concurrent.ScheduledThreadPoolExecutor$DelayedWorkQueue.take(ScheduledThreadPoolExecutor.java:1093)
        at java.util.concurrent.ScheduledThreadPoolExecutor$DelayedWorkQueue.take(ScheduledThreadPoolExecutor.java:809)
        at java.util.concurrent.ThreadPoolExecutor.getTask(ThreadPoolExecutor.java:1074)
        at java.util.concurrent.ThreadPoolExecutor.runWorker(ThreadPoolExecutor.java:1134)
        at java.util.concurrent.ThreadPoolExecutor$Worker.run(ThreadPoolExecutor.java:624)
        at java.lang.Thread.run(Thread.java:748)
"pool-66-thread-37"  prio=5 tid=572 in Object.wait()
java.lang.Thread.State: WAITING (on object monitor)
        at sun.misc.Unsafe.park(Native Method)
        at java.util.concurrent.locks.LockSupport.park(LockSupport.java:175)
        at java.util.concurrent.locks.AbstractQueuedSynchronizer$ConditionObject.await(AbstractQueuedSynchronizer.java:2039)
        at java.util.concurrent.ArrayBlockingQueue.take(ArrayBlockingQueue.java:403)
        at java.util.concurrent.ThreadPoolExecutor.getTask(ThreadPoolExecutor.java:1074)
        at java.util.concurrent.ThreadPoolExecutor.runWorker(ThreadPoolExecutor.java:1134)
        at java.util.concurrent.ThreadPoolExecutor$Worker.run(ThreadPoolExecutor.java:624)
        at java.lang.Thread.run(Thread.java:748)
"pool-26-thread-44"  prio=5 tid=330 in Object.wait()
java.lang.Thread.State: WAITING (on object monitor)
        at sun.misc.Unsafe.park(Native Method)
        at java.util.concurrent.locks.LockSupport.park(LockSupport.java:175)
        at java.util.concurrent.locks.AbstractQueuedSynchronizer$ConditionObject.await(AbstractQueuedSynchronizer.java:2039)
        at java.util.concurrent.ArrayBlockingQueue.take(ArrayBlockingQueue.java:403)
        at java.util.concurrent.ThreadPoolExecutor.getTask(ThreadPoolExecutor.java:1074)
        at java.util.concurrent.ThreadPoolExecutor.runWorker(ThreadPoolExecutor.java:1134)
        at java.util.concurrent.ThreadPoolExecutor$Worker.run(ThreadPoolExecutor.java:624)
        at java.lang.Thread.run(Thread.java:748)
"pool-26-thread-1"  prio=5 tid=287 in Object.wait()
java.lang.Thread.State: WAITING (on object monitor)
        at sun.misc.Unsafe.park(Native Method)
        at java.util.concurrent.locks.LockSupport.park(LockSupport.java:175)
        at java.util.concurrent.locks.AbstractQueuedSynchronizer$ConditionObject.await(AbstractQueuedSynchronizer.java:2039)
        at java.util.concurrent.ArrayBlockingQueue.take(ArrayBlockingQueue.java:403)
        at java.util.concurrent.ThreadPoolExecutor.getTask(ThreadPoolExecutor.java:1074)
        at java.util.concurrent.ThreadPoolExecutor.runWorker(ThreadPoolExecutor.java:1134)
        at java.util.concurrent.ThreadPoolExecutor$Worker.run(ThreadPoolExecutor.java:624)
        at java.lang.Thread.run(Thread.java:748)
"pool-56-thread-6"  prio=5 tid=479 in Object.wait()
java.lang.Thread.State: WAITING (on object monitor)
        at sun.misc.Unsafe.park(Native Method)
        at java.util.concurrent.locks.LockSupport.park(LockSupport.java:175)
        at java.util.concurrent.locks.AbstractQueuedSynchronizer$ConditionObject.await(AbstractQueuedSynchronizer.java:2039)
        at java.util.concurrent.ArrayBlockingQueue.take(ArrayBlockingQueue.java:403)
        at java.util.concurrent.ThreadPoolExecutor.getTask(ThreadPoolExecutor.java:1074)
        at java.util.concurrent.ThreadPoolExecutor.runWorker(ThreadPoolExecutor.java:1134)
        at java.util.concurrent.ThreadPoolExecutor$Worker.run(ThreadPoolExecutor.java:624)
        at java.lang.Thread.run(Thread.java:748)
"IPC Server handler 2 on 46821" daemon prio=5 tid=51 timed_waiting
java.lang.Thread.State: TIMED_WAITING
        at sun.misc.Unsafe.park(Native Method)
        at java.util.concurrent.locks.LockSupport.parkNanos(LockSupport.java:215)
        at java.util.concurrent.locks.AbstractQueuedSynchronizer$ConditionObject.awaitNanos(AbstractQueuedSynchronizer.java:2078)
        at java.util.concurrent.LinkedBlockingQueue.poll(LinkedBlockingQueue.java:467)
        at org.apache.hadoop.ipc.CallQueueManager.take(CallQueueManager.java:288)
        at org.apache.hadoop.ipc.Server$Handler.run(Server.java:2668)
"IPC Server Responder" daemon prio=5 tid=21 runnable
java.lang.Thread.State: RUNNABLE
        at sun.nio.ch.EPollArrayWrapper.epollWait(Native Method)
        at sun.nio.ch.EPollArrayWrapper.poll(EPollArrayWrapper.java:269)
        at sun.nio.ch.EPollSelectorImpl.doSelect(EPollSelectorImpl.java:93)
        at sun.nio.ch.SelectorImpl.lockAndDoSelect(SelectorImpl.java:86)
        at sun.nio.ch.SelectorImpl.select(SelectorImpl.java:97)
        at org.apache.hadoop.ipc.Server$Responder.doRunLoop(Server.java:1334)
        at org.apache.hadoop.ipc.Server$Responder.run(Server.java:1317)
"Thread-226" daemon prio=5 tid=657 timed_waiting
java.lang.Thread.State: TIMED_WAITING
        at sun.misc.Unsafe.park(Native Method)
        at java.util.concurrent.locks.LockSupport.parkNanos(LockSupport.java:215)
        at java.util.concurrent.locks.AbstractQueuedSynchronizer$ConditionObject.awaitNanos(AbstractQueuedSynchronizer.java:2078)
        at java.util.concurrent.ArrayBlockingQueue.poll(ArrayBlockingQueue.java:418)
        at org.apache.ratis.server.impl.LeaderState$EventQueue.poll(LeaderState.java:115)
        at org.apache.ratis.server.impl.LeaderState$EventProcessor.run(LeaderState.java:467)
"Datanode ReportManager Thread - 3" daemon prio=5 tid=282 timed_waiting
java.lang.Thread.State: TIMED_WAITING
        at sun.misc.Unsafe.park(Native Method)
        at java.util.concurrent.locks.LockSupport.parkNanos(LockSupport.java:215)
        at java.util.concurrent.locks.AbstractQueuedSynchronizer$ConditionObject.awaitNanos(AbstractQueuedSynchronizer.java:2078)
        at java.util.concurrent.ScheduledThreadPoolExecutor$DelayedWorkQueue.take(ScheduledThreadPoolExecutor.java:1093)
        at java.util.concurrent.ScheduledThreadPoolExecutor$DelayedWorkQueue.take(ScheduledThreadPoolExecutor.java:809)
        at java.util.concurrent.ThreadPoolExecutor.getTask(ThreadPoolExecutor.java:1074)
        at java.util.concurrent.ThreadPoolExecutor.runWorker(ThreadPoolExecutor.java:1134)
        at java.util.concurrent.ThreadPoolExecutor$Worker.run(ThreadPoolExecutor.java:624)
        at java.lang.Thread.run(Thread.java:748)
"Datanode ReportManager Thread - 1" daemon prio=5 tid=199 in Object.wait()
java.lang.Thread.State: WAITING (on object monitor)
        at sun.misc.Unsafe.park(Native Method)
        at java.util.concurrent.locks.LockSupport.park(LockSupport.java:175)
        at java.util.concurrent.locks.AbstractQueuedSynchronizer$ConditionObject.await(AbstractQueuedSynchronizer.java:2039)
        at java.util.concurrent.ScheduledThreadPoolExecutor$DelayedWorkQueue.take(ScheduledThreadPoolExecutor.java:1088)
        at java.util.concurrent.ScheduledThreadPoolExecutor$DelayedWorkQueue.take(ScheduledThreadPoolExecutor.java:809)
        at java.util.concurrent.ThreadPoolExecutor.getTask(ThreadPoolExecutor.java:1074)
        at java.util.concurrent.ThreadPoolExecutor.runWorker(ThreadPoolExecutor.java:1134)
        at java.util.concurrent.ThreadPoolExecutor$Worker.run(ThreadPoolExecutor.java:624)
        at java.lang.Thread.run(Thread.java:748)
"metrics-hadoop-metrics2-reporter-43-thread-1" daemon prio=5 tid=793 timed_waiting
java.lang.Thread.State: TIMED_WAITING
        at sun.misc.Unsafe.park(Native Method)
        at java.util.concurrent.locks.LockSupport.parkNanos(LockSupport.java:215)
        at java.util.concurrent.locks.AbstractQueuedSynchronizer$ConditionObject.awaitNanos(AbstractQueuedSynchronizer.java:2078)
        at java.util.concurrent.ScheduledThreadPoolExecutor$DelayedWorkQueue.take(ScheduledThreadPoolExecutor.java:1093)
        at java.util.concurrent.ScheduledThreadPoolExecutor$DelayedWorkQueue.take(ScheduledThreadPoolExecutor.java:809)
        at java.util.concurrent.ThreadPoolExecutor.getTask(ThreadPoolExecutor.java:1074)
        at java.util.concurrent.ThreadPoolExecutor.runWorker(ThreadPoolExecutor.java:1134)
        at java.util.concurrent.ThreadPoolExecutor$Worker.run(ThreadPoolExecutor.java:624)
        at java.lang.Thread.run(Thread.java:748)
"qtp1845760645-269" daemon prio=5 tid=269 timed_waiting
java.lang.Thread.State: TIMED_WAITING
        at sun.misc.Unsafe.park(Native Method)
        at java.util.concurrent.locks.LockSupport.parkNanos(LockSupport.java:215)
        at java.util.concurrent.locks.AbstractQueuedSynchronizer$ConditionObject.awaitNanos(AbstractQueuedSynchronizer.java:2078)
        at org.eclipse.jetty.util.BlockingArrayQueue.poll(BlockingArrayQueue.java:392)
        at org.eclipse.jetty.util.thread.QueuedThreadPool.idleJobPoll(QueuedThreadPool.java:563)
        at org.eclipse.jetty.util.thread.QueuedThreadPool.access$800(QueuedThreadPool.java:48)
        at org.eclipse.jetty.util.thread.QueuedThreadPool$2.run(QueuedThreadPool.java:626)
        at java.lang.Thread.run(Thread.java:748)
"pool-26-thread-57"  prio=5 tid=343 in Object.wait()
java.lang.Thread.State: WAITING (on object monitor)
        at sun.misc.Unsafe.park(Native Method)
        at java.util.concurrent.locks.LockSupport.park(LockSupport.java:175)
        at java.util.concurrent.locks.AbstractQueuedSynchronizer$ConditionObject.await(AbstractQueuedSynchronizer.java:2039)
        at java.util.concurrent.ArrayBlockingQueue.take(ArrayBlockingQueue.java:403)
        at java.util.concurrent.ThreadPoolExecutor.getTask(ThreadPoolExecutor.java:1074)
        at java.util.concurrent.ThreadPoolExecutor.runWorker(ThreadPoolExecutor.java:1134)
        at java.util.concurrent.ThreadPoolExecutor$Worker.run(ThreadPoolExecutor.java:624)
        at java.lang.Thread.run(Thread.java:748)
"IPC Server listener on 33004" daemon prio=5 tid=14 runnable
java.lang.Thread.State: RUNNABLE
        at sun.nio.ch.EPollArrayWrapper.epollWait(Native Method)
        at sun.nio.ch.EPollArrayWrapper.poll(EPollArrayWrapper.java:269)
        at sun.nio.ch.EPollSelectorImpl.doSelect(EPollSelectorImpl.java:93)
        at sun.nio.ch.SelectorImpl.lockAndDoSelect(SelectorImpl.java:86)
        at sun.nio.ch.SelectorImpl.select(SelectorImpl.java:97)
        at sun.nio.ch.SelectorImpl.select(SelectorImpl.java:101)
        at org.apache.hadoop.ipc.Server$Listener.run(Server.java:1159)
"pool-36-thread-4"  prio=5 tid=350 in Object.wait()
java.lang.Thread.State: WAITING (on object monitor)
        at sun.misc.Unsafe.park(Native Method)
        at java.util.concurrent.locks.LockSupport.park(LockSupport.java:175)
        at java.util.concurrent.locks.AbstractQueuedSynchronizer$ConditionObject.await(AbstractQueuedSynchronizer.java:2039)
        at java.util.concurrent.ArrayBlockingQueue.take(ArrayBlockingQueue.java:403)
        at java.util.concurrent.ThreadPoolExecutor.getTask(ThreadPoolExecutor.java:1074)
        at java.util.concurrent.ThreadPoolExecutor.runWorker(ThreadPoolExecutor.java:1134)
        at java.util.concurrent.ThreadPoolExecutor$Worker.run(ThreadPoolExecutor.java:624)
        at java.lang.Thread.run(Thread.java:748)
"45fbe16b-e751-4a45-a959-58ac23dab104@group-09B31D2A0473-StateMachineUpdater" daemon prio=5 tid=661 in Object.wait()
java.lang.Thread.State: WAITING (on object monitor)
        at java.lang.Object.wait(Native Method)
        at java.lang.Object.wait(Object.java:502)
        at org.apache.ratis.server.impl.StateMachineUpdater.waitForCommit(StateMachineUpdater.java:194)
        at org.apache.ratis.server.impl.StateMachineUpdater.run(StateMachineUpdater.java:159)
        at java.lang.Thread.run(Thread.java:748)
"pool-36-thread-54"  prio=5 tid=400 in Object.wait()
java.lang.Thread.State: WAITING (on object monitor)
        at sun.misc.Unsafe.park(Native Method)
        at java.util.concurrent.locks.LockSupport.park(LockSupport.java:175)
        at java.util.concurrent.locks.AbstractQueuedSynchronizer$ConditionObject.await(AbstractQueuedSynchronizer.java:2039)
        at java.util.concurrent.ArrayBlockingQueue.take(ArrayBlockingQueue.java:403)
        at java.util.concurrent.ThreadPoolExecutor.getTask(ThreadPoolExecutor.java:1074)
        at java.util.concurrent.ThreadPoolExecutor.runWorker(ThreadPoolExecutor.java:1134)
        at java.util.concurrent.ThreadPoolExecutor$Worker.run(ThreadPoolExecutor.java:624)
        at java.lang.Thread.run(Thread.java:748)
"metrics-hadoop-metrics2-reporter-19-thread-1" daemon prio=5 tid=658 timed_waiting
java.lang.Thread.State: TIMED_WAITING
        at sun.misc.Unsafe.park(Native Method)
        at java.util.concurrent.locks.LockSupport.parkNanos(LockSupport.java:215)
        at java.util.concurrent.locks.AbstractQueuedSynchronizer$ConditionObject.awaitNanos(AbstractQueuedSynchronizer.java:2078)
        at java.util.concurrent.ScheduledThreadPoolExecutor$DelayedWorkQueue.take(ScheduledThreadPoolExecutor.java:1093)
        at java.util.concurrent.ScheduledThreadPoolExecutor$DelayedWorkQueue.take(ScheduledThreadPoolExecutor.java:809)
        at java.util.concurrent.ThreadPoolExecutor.getTask(ThreadPoolExecutor.java:1074)
        at java.util.concurrent.ThreadPoolExecutor.runWorker(ThreadPoolExecutor.java:1134)
        at java.util.concurrent.ThreadPoolExecutor$Worker.run(ThreadPoolExecutor.java:624)
        at java.lang.Thread.run(Thread.java:748)
"metrics-hadoop-metrics2-reporter-10-thread-1" daemon prio=5 tid=635 timed_waiting
java.lang.Thread.State: TIMED_WAITING
        at sun.misc.Unsafe.park(Native Method)
        at java.util.concurrent.locks.LockSupport.parkNanos(LockSupport.java:215)
        at java.util.concurrent.locks.AbstractQueuedSynchronizer$ConditionObject.awaitNanos(AbstractQueuedSynchronizer.java:2078)
        at java.util.concurrent.ScheduledThreadPoolExecutor$DelayedWorkQueue.take(ScheduledThreadPoolExecutor.java:1093)
        at java.util.concurrent.ScheduledThreadPoolExecutor$DelayedWorkQueue.take(ScheduledThreadPoolExecutor.java:809)
        at java.util.concurrent.ThreadPoolExecutor.getTask(ThreadPoolExecutor.java:1074)
        at java.util.concurrent.ThreadPoolExecutor.runWorker(ThreadPoolExecutor.java:1134)
        at java.util.concurrent.ThreadPoolExecutor$Worker.run(ThreadPoolExecutor.java:624)
        at java.lang.Thread.run(Thread.java:748)
"pool-46-thread-21"  prio=5 tid=427 in Object.wait()
java.lang.Thread.State: WAITING (on object monitor)
        at sun.misc.Unsafe.park(Native Method)
        at java.util.concurrent.locks.LockSupport.park(LockSupport.java:175)
        at java.util.concurrent.locks.AbstractQueuedSynchronizer$ConditionObject.await(AbstractQueuedSynchronizer.java:2039)
        at java.util.concurrent.ArrayBlockingQueue.take(ArrayBlockingQueue.java:403)
        at java.util.concurrent.ThreadPoolExecutor.getTask(ThreadPoolExecutor.java:1074)
        at java.util.concurrent.ThreadPoolExecutor.runWorker(ThreadPoolExecutor.java:1134)
        at java.util.concurrent.ThreadPoolExecutor$Worker.run(ThreadPoolExecutor.java:624)
        at java.lang.Thread.run(Thread.java:748)
"pool-36-thread-45"  prio=5 tid=391 in Object.wait()
java.lang.Thread.State: WAITING (on object monitor)
        at sun.misc.Unsafe.park(Native Method)
        at java.util.concurrent.locks.LockSupport.park(LockSupport.java:175)
        at java.util.concurrent.locks.AbstractQueuedSynchronizer$ConditionObject.await(AbstractQueuedSynchronizer.java:2039)
        at java.util.concurrent.ArrayBlockingQueue.take(ArrayBlockingQueue.java:403)
        at java.util.concurrent.ThreadPoolExecutor.getTask(ThreadPoolExecutor.java:1074)
        at java.util.concurrent.ThreadPoolExecutor.runWorker(ThreadPoolExecutor.java:1134)
        at java.util.concurrent.ThreadPoolExecutor$Worker.run(ThreadPoolExecutor.java:624)
        at java.lang.Thread.run(Thread.java:748)
"IPC Server handler 10 on 35444" daemon prio=5 tid=124 timed_waiting
java.lang.Thread.State: TIMED_WAITING
        at sun.misc.Unsafe.park(Native Method)
        at java.util.concurrent.locks.LockSupport.parkNanos(LockSupport.java:215)
        at java.util.concurrent.locks.AbstractQueuedSynchronizer$ConditionObject.awaitNanos(AbstractQueuedSynchronizer.java:2078)
        at java.util.concurrent.LinkedBlockingQueue.poll(LinkedBlockingQueue.java:467)
        at org.apache.hadoop.ipc.CallQueueManager.take(CallQueueManager.java:288)
        at org.apache.hadoop.ipc.Server$Handler.run(Server.java:2668)
"pool-56-thread-2"  prio=5 tid=475 in Object.wait()
java.lang.Thread.State: WAITING (on object monitor)
        at sun.misc.Unsafe.park(Native Method)
        at java.util.concurrent.locks.LockSupport.park(LockSupport.java:175)
        at java.util.concurrent.locks.AbstractQueuedSynchronizer$ConditionObject.await(AbstractQueuedSynchronizer.java:2039)
        at java.util.concurrent.ArrayBlockingQueue.take(ArrayBlockingQueue.java:403)
        at java.util.concurrent.ThreadPoolExecutor.getTask(ThreadPoolExecutor.java:1074)
        at java.util.concurrent.ThreadPoolExecutor.runWorker(ThreadPoolExecutor.java:1134)
        at java.util.concurrent.ThreadPoolExecutor$Worker.run(ThreadPoolExecutor.java:624)
        at java.lang.Thread.run(Thread.java:748)
"pool-66-thread-24"  prio=5 tid=559 in Object.wait()
java.lang.Thread.State: WAITING (on object monitor)
        at sun.misc.Unsafe.park(Native Method)
        at java.util.concurrent.locks.LockSupport.park(LockSupport.java:175)
        at java.util.concurrent.locks.AbstractQueuedSynchronizer$ConditionObject.await(AbstractQueuedSynchronizer.java:2039)
        at java.util.concurrent.ArrayBlockingQueue.take(ArrayBlockingQueue.java:403)
        at java.util.concurrent.ThreadPoolExecutor.getTask(ThreadPoolExecutor.java:1074)
        at java.util.concurrent.ThreadPoolExecutor.runWorker(ThreadPoolExecutor.java:1134)
        at java.util.concurrent.ThreadPoolExecutor$Worker.run(ThreadPoolExecutor.java:624)
        at java.lang.Thread.run(Thread.java:748)
"IPC Server handler 3 on 33004" daemon prio=5 tid=72 timed_waiting
java.lang.Thread.State: TIMED_WAITING
        at sun.misc.Unsafe.park(Native Method)
        at java.util.concurrent.locks.LockSupport.parkNanos(LockSupport.java:215)
        at java.util.concurrent.locks.AbstractQueuedSynchronizer$ConditionObject.awaitNanos(AbstractQueuedSynchronizer.java:2078)
        at java.util.concurrent.LinkedBlockingQueue.poll(LinkedBlockingQueue.java:467)
        at org.apache.hadoop.ipc.CallQueueManager.take(CallQueueManager.java:288)
        at org.apache.hadoop.ipc.Server$Handler.run(Server.java:2668)
"pool-46-thread-39"  prio=5 tid=445 in Object.wait()
java.lang.Thread.State: WAITING (on object monitor)
        at sun.misc.Unsafe.park(Native Method)
        at java.util.concurrent.locks.LockSupport.park(LockSupport.java:175)
        at java.util.concurrent.locks.AbstractQueuedSynchronizer$ConditionObject.await(AbstractQueuedSynchronizer.java:2039)
        at java.util.concurrent.ArrayBlockingQueue.take(ArrayBlockingQueue.java:403)
        at java.util.concurrent.ThreadPoolExecutor.getTask(ThreadPoolExecutor.java:1074)
        at java.util.concurrent.ThreadPoolExecutor.runWorker(ThreadPoolExecutor.java:1134)
        at java.util.concurrent.ThreadPoolExecutor$Worker.run(ThreadPoolExecutor.java:624)
        at java.lang.Thread.run(Thread.java:748)
"pool-66-thread-18"  prio=5 tid=553 in Object.wait()
java.lang.Thread.State: WAITING (on object monitor)
        at sun.misc.Unsafe.park(Native Method)
        at java.util.concurrent.locks.LockSupport.park(LockSupport.java:175)
        at java.util.concurrent.locks.AbstractQueuedSynchronizer$ConditionObject.await(AbstractQueuedSynchronizer.java:2039)
        at java.util.concurrent.ArrayBlockingQueue.take(ArrayBlockingQueue.java:403)
        at java.util.concurrent.ThreadPoolExecutor.getTask(ThreadPoolExecutor.java:1074)
        at java.util.concurrent.ThreadPoolExecutor.runWorker(ThreadPoolExecutor.java:1134)
        at java.util.concurrent.ThreadPoolExecutor$Worker.run(ThreadPoolExecutor.java:624)
        at java.lang.Thread.run(Thread.java:748)
"pool-46-thread-41"  prio=5 tid=447 in Object.wait()
java.lang.Thread.State: WAITING (on object monitor)
        at sun.misc.Unsafe.park(Native Method)
        at java.util.concurrent.locks.LockSupport.park(LockSupport.java:175)
        at java.util.concurrent.locks.AbstractQueuedSynchronizer$ConditionObject.await(AbstractQueuedSynchronizer.java:2039)
        at java.util.concurrent.ArrayBlockingQueue.take(ArrayBlockingQueue.java:403)
        at java.util.concurrent.ThreadPoolExecutor.getTask(ThreadPoolExecutor.java:1074)
        at java.util.concurrent.ThreadPoolExecutor.runWorker(ThreadPoolExecutor.java:1134)
        at java.util.concurrent.ThreadPoolExecutor$Worker.run(ThreadPoolExecutor.java:624)
        at java.lang.Thread.run(Thread.java:748)
"qtp801142660-143" daemon prio=5 tid=143 timed_waiting
java.lang.Thread.State: TIMED_WAITING
        at sun.misc.Unsafe.park(Native Method)
        at java.util.concurrent.locks.LockSupport.parkNanos(LockSupport.java:215)
        at java.util.concurrent.locks.AbstractQueuedSynchronizer$ConditionObject.awaitNanos(AbstractQueuedSynchronizer.java:2078)
        at org.eclipse.jetty.util.BlockingArrayQueue.poll(BlockingArrayQueue.java:392)
        at org.eclipse.jetty.util.thread.QueuedThreadPool.idleJobPoll(QueuedThreadPool.java:563)
        at org.eclipse.jetty.util.thread.QueuedThreadPool.access$800(QueuedThreadPool.java:48)
        at org.eclipse.jetty.util.thread.QueuedThreadPool$2.run(QueuedThreadPool.java:626)
        at java.lang.Thread.run(Thread.java:748)
"IPC Server handler 12 on 35444" daemon prio=5 tid=126 timed_waiting
java.lang.Thread.State: TIMED_WAITING
        at sun.misc.Unsafe.park(Native Method)
        at java.util.concurrent.locks.LockSupport.parkNanos(LockSupport.java:215)
        at java.util.concurrent.locks.AbstractQueuedSynchronizer$ConditionObject.awaitNanos(AbstractQueuedSynchronizer.java:2078)
        at java.util.concurrent.LinkedBlockingQueue.poll(LinkedBlockingQueue.java:467)
        at org.apache.hadoop.ipc.CallQueueManager.take(CallQueueManager.java:288)
        at org.apache.hadoop.ipc.Server$Handler.run(Server.java:2668)
"pool-66-thread-31"  prio=5 tid=566 in Object.wait()
java.lang.Thread.State: WAITING (on object monitor)
        at sun.misc.Unsafe.park(Native Method)
        at java.util.concurrent.locks.LockSupport.park(LockSupport.java:175)
        at java.util.concurrent.locks.AbstractQueuedSynchronizer$ConditionObject.await(AbstractQueuedSynchronizer.java:2039)
        at java.util.concurrent.ArrayBlockingQueue.take(ArrayBlockingQueue.java:403)
        at java.util.concurrent.ThreadPoolExecutor.getTask(ThreadPoolExecutor.java:1074)
        at java.util.concurrent.ThreadPoolExecutor.runWorker(ThreadPoolExecutor.java:1134)
        at java.util.concurrent.ThreadPoolExecutor$Worker.run(ThreadPoolExecutor.java:624)
        at java.lang.Thread.run(Thread.java:748)
"BlockDeletingService#0" daemon prio=5 tid=469 timed_waiting
java.lang.Thread.State: TIMED_WAITING
        at sun.misc.Unsafe.park(Native Method)
        at java.util.concurrent.locks.LockSupport.parkNanos(LockSupport.java:215)
        at java.util.concurrent.locks.AbstractQueuedSynchronizer$ConditionObject.awaitNanos(AbstractQueuedSynchronizer.java:2078)
        at java.util.concurrent.ScheduledThreadPoolExecutor$DelayedWorkQueue.take(ScheduledThreadPoolExecutor.java:1093)
        at java.util.concurrent.ScheduledThreadPoolExecutor$DelayedWorkQueue.take(ScheduledThreadPoolExecutor.java:809)
        at java.util.concurrent.ThreadPoolExecutor.getTask(ThreadPoolExecutor.java:1074)
        at java.util.concurrent.ThreadPoolExecutor.runWorker(ThreadPoolExecutor.java:1134)
        at java.util.concurrent.ThreadPoolExecutor$Worker.run(ThreadPoolExecutor.java:624)
        at java.lang.Thread.run(Thread.java:748)
"IPC Server handler 15 on 40923" daemon prio=5 tid=44 timed_waiting
java.lang.Thread.State: TIMED_WAITING
        at sun.misc.Unsafe.park(Native Method)
        at java.util.concurrent.locks.LockSupport.parkNanos(LockSupport.java:215)
        at java.util.concurrent.locks.AbstractQueuedSynchronizer$ConditionObject.awaitNanos(AbstractQueuedSynchronizer.java:2078)
        at java.util.concurrent.LinkedBlockingQueue.poll(LinkedBlockingQueue.java:467)
        at org.apache.hadoop.ipc.CallQueueManager.take(CallQueueManager.java:288)
        at org.apache.hadoop.ipc.Server$Handler.run(Server.java:2668)
"IPC Server handler 11 on 46821" daemon prio=5 tid=60 timed_waiting
java.lang.Thread.State: TIMED_WAITING
        at sun.misc.Unsafe.park(Native Method)
        at java.util.concurrent.locks.LockSupport.parkNanos(LockSupport.java:215)
        at java.util.concurrent.locks.AbstractQueuedSynchronizer$ConditionObject.awaitNanos(AbstractQueuedSynchronizer.java:2078)
        at java.util.concurrent.LinkedBlockingQueue.poll(LinkedBlockingQueue.java:467)
        at org.apache.hadoop.ipc.CallQueueManager.take(CallQueueManager.java:288)
        at org.apache.hadoop.ipc.Server$Handler.run(Server.java:2668)
"IPC Server handler 19 on 40923" daemon prio=5 tid=48 timed_waiting
java.lang.Thread.State: TIMED_WAITING
        at sun.misc.Unsafe.park(Native Method)
        at java.util.concurrent.locks.LockSupport.parkNanos(LockSupport.java:215)
        at java.util.concurrent.locks.AbstractQueuedSynchronizer$ConditionObject.awaitNanos(AbstractQueuedSynchronizer.java:2078)
        at java.util.concurrent.LinkedBlockingQueue.poll(LinkedBlockingQueue.java:467)
        at org.apache.hadoop.ipc.CallQueueManager.take(CallQueueManager.java:288)
        at org.apache.hadoop.ipc.Server$Handler.run(Server.java:2668)
"pool-36-thread-20"  prio=5 tid=366 in Object.wait()
java.lang.Thread.State: WAITING (on object monitor)
        at sun.misc.Unsafe.park(Native Method)
        at java.util.concurrent.locks.LockSupport.park(LockSupport.java:175)
        at java.util.concurrent.locks.AbstractQueuedSynchronizer$ConditionObject.await(AbstractQueuedSynchronizer.java:2039)
        at java.util.concurrent.ArrayBlockingQueue.take(ArrayBlockingQueue.java:403)
        at java.util.concurrent.ThreadPoolExecutor.getTask(ThreadPoolExecutor.java:1074)
        at java.util.concurrent.ThreadPoolExecutor.runWorker(ThreadPoolExecutor.java:1134)
        at java.util.concurrent.ThreadPoolExecutor$Worker.run(ThreadPoolExecutor.java:624)
        at java.lang.Thread.run(Thread.java:748)
"pool-56-thread-40"  prio=5 tid=513 in Object.wait()
java.lang.Thread.State: WAITING (on object monitor)
        at sun.misc.Unsafe.park(Native Method)
        at java.util.concurrent.locks.LockSupport.park(LockSupport.java:175)
        at java.util.concurrent.locks.AbstractQueuedSynchronizer$ConditionObject.await(AbstractQueuedSynchronizer.java:2039)
        at java.util.concurrent.ArrayBlockingQueue.take(ArrayBlockingQueue.java:403)
        at java.util.concurrent.ThreadPoolExecutor.getTask(ThreadPoolExecutor.java:1074)
        at java.util.concurrent.ThreadPoolExecutor.runWorker(ThreadPoolExecutor.java:1134)
        at java.util.concurrent.ThreadPoolExecutor$Worker.run(ThreadPoolExecutor.java:624)
        at java.lang.Thread.run(Thread.java:748)
"pool-36-thread-42"  prio=5 tid=388 in Object.wait()
java.lang.Thread.State: WAITING (on object monitor)
        at sun.misc.Unsafe.park(Native Method)
        at java.util.concurrent.locks.LockSupport.park(LockSupport.java:175)
        at java.util.concurrent.locks.AbstractQueuedSynchronizer$ConditionObject.await(AbstractQueuedSynchronizer.java:2039)
        at java.util.concurrent.ArrayBlockingQueue.take(ArrayBlockingQueue.java:403)
        at java.util.concurrent.ThreadPoolExecutor.getTask(ThreadPoolExecutor.java:1074)
        at java.util.concurrent.ThreadPoolExecutor.runWorker(ThreadPoolExecutor.java:1134)
        at java.util.concurrent.ThreadPoolExecutor$Worker.run(ThreadPoolExecutor.java:624)
        at java.lang.Thread.run(Thread.java:748)
"KeyDeletingService#0" daemon prio=5 tid=113 in Object.wait()
java.lang.Thread.State: WAITING (on object monitor)
        at sun.misc.Unsafe.park(Native Method)
        at java.util.concurrent.locks.LockSupport.park(LockSupport.java:175)
        at java.util.concurrent.locks.AbstractQueuedSynchronizer$ConditionObject.await(AbstractQueuedSynchronizer.java:2039)
        at java.util.concurrent.ScheduledThreadPoolExecutor$DelayedWorkQueue.take(ScheduledThreadPoolExecutor.java:1088)
        at java.util.concurrent.ScheduledThreadPoolExecutor$DelayedWorkQueue.take(ScheduledThreadPoolExecutor.java:809)
        at java.util.concurrent.ThreadPoolExecutor.getTask(ThreadPoolExecutor.java:1074)
        at java.util.concurrent.ThreadPoolExecutor.runWorker(ThreadPoolExecutor.java:1134)
        at java.util.concurrent.ThreadPoolExecutor$Worker.run(ThreadPoolExecutor.java:624)
        at java.lang.Thread.run(Thread.java:748)
"metrics-hadoop-metrics2-reporter-25-thread-1" daemon prio=5 tid=676 timed_waiting
java.lang.Thread.State: TIMED_WAITING
        at sun.misc.Unsafe.park(Native Method)
        at java.util.concurrent.locks.LockSupport.parkNanos(LockSupport.java:215)
        at java.util.concurrent.locks.AbstractQueuedSynchronizer$ConditionObject.awaitNanos(AbstractQueuedSynchronizer.java:2078)
        at java.util.concurrent.ScheduledThreadPoolExecutor$DelayedWorkQueue.take(ScheduledThreadPoolExecutor.java:1093)
        at java.util.concurrent.ScheduledThreadPoolExecutor$DelayedWorkQueue.take(ScheduledThreadPoolExecutor.java:809)
        at java.util.concurrent.ThreadPoolExecutor.getTask(ThreadPoolExecutor.java:1074)
        at java.util.concurrent.ThreadPoolExecutor.runWorker(ThreadPoolExecutor.java:1134)
        at java.util.concurrent.ThreadPoolExecutor$Worker.run(ThreadPoolExecutor.java:624)
        at java.lang.Thread.run(Thread.java:748)
"pool-26-thread-5"  prio=5 tid=291 in Object.wait()
java.lang.Thread.State: WAITING (on object monitor)
        at sun.misc.Unsafe.park(Native Method)
        at java.util.concurrent.locks.LockSupport.park(LockSupport.java:175)
        at java.util.concurrent.locks.AbstractQueuedSynchronizer$ConditionObject.await(AbstractQueuedSynchronizer.java:2039)
        at java.util.concurrent.ArrayBlockingQueue.take(ArrayBlockingQueue.java:403)
        at java.util.concurrent.ThreadPoolExecutor.getTask(ThreadPoolExecutor.java:1074)
        at java.util.concurrent.ThreadPoolExecutor.runWorker(ThreadPoolExecutor.java:1134)
        at java.util.concurrent.ThreadPoolExecutor$Worker.run(ThreadPoolExecutor.java:624)
        at java.lang.Thread.run(Thread.java:748)
"Periodic HDDS volume checker"  prio=5 tid=206 timed_waiting
java.lang.Thread.State: TIMED_WAITING
        at sun.misc.Unsafe.park(Native Method)
        at java.util.concurrent.locks.LockSupport.parkNanos(LockSupport.java:215)
        at java.util.concurrent.locks.AbstractQueuedSynchronizer$ConditionObject.awaitNanos(AbstractQueuedSynchronizer.java:2078)
        at java.util.concurrent.ScheduledThreadPoolExecutor$DelayedWorkQueue.take(ScheduledThreadPoolExecutor.java:1093)
        at java.util.concurrent.ScheduledThreadPoolExecutor$DelayedWorkQueue.take(ScheduledThreadPoolExecutor.java:809)
        at java.util.concurrent.ThreadPoolExecutor.getTask(ThreadPoolExecutor.java:1074)
        at java.util.concurrent.ThreadPoolExecutor.runWorker(ThreadPoolExecutor.java:1134)
        at java.util.concurrent.ThreadPoolExecutor$Worker.run(ThreadPoolExecutor.java:624)
        at java.lang.Thread.run(Thread.java:748)
"qtp1680841335-220" daemon prio=5 tid=220 timed_waiting
java.lang.Thread.State: TIMED_WAITING
        at sun.misc.Unsafe.park(Native Method)
        at java.util.concurrent.locks.LockSupport.parkNanos(LockSupport.java:215)
        at java.util.concurrent.locks.AbstractQueuedSynchronizer$ConditionObject.awaitNanos(AbstractQueuedSynchronizer.java:2078)
        at org.eclipse.jetty.util.BlockingArrayQueue.poll(BlockingArrayQueue.java:392)
        at org.eclipse.jetty.util.thread.QueuedThreadPool.idleJobPoll(QueuedThreadPool.java:563)
        at org.eclipse.jetty.util.thread.QueuedThreadPool.access$800(QueuedThreadPool.java:48)
        at org.eclipse.jetty.util.thread.QueuedThreadPool$2.run(QueuedThreadPool.java:626)
        at java.lang.Thread.run(Thread.java:748)
"metrics-hadoop-metrics2-reporter-12-thread-1" daemon prio=5 tid=639 timed_waiting
java.lang.Thread.State: TIMED_WAITING
        at sun.misc.Unsafe.park(Native Method)
        at java.util.concurrent.locks.LockSupport.parkNanos(LockSupport.java:215)
        at java.util.concurrent.locks.AbstractQueuedSynchronizer$ConditionObject.awaitNanos(AbstractQueuedSynchronizer.java:2078)
        at java.util.concurrent.ScheduledThreadPoolExecutor$DelayedWorkQueue.take(ScheduledThreadPoolExecutor.java:1093)
        at java.util.concurrent.ScheduledThreadPoolExecutor$DelayedWorkQueue.take(ScheduledThreadPoolExecutor.java:809)
        at java.util.concurrent.ThreadPoolExecutor.getTask(ThreadPoolExecutor.java:1074)
        at java.util.concurrent.ThreadPoolExecutor.runWorker(ThreadPoolExecutor.java:1134)
        at java.util.concurrent.ThreadPoolExecutor$Worker.run(ThreadPoolExecutor.java:624)
        at java.lang.Thread.run(Thread.java:748)
"pool-66-thread-36"  prio=5 tid=571 in Object.wait()
java.lang.Thread.State: WAITING (on object monitor)
        at sun.misc.Unsafe.park(Native Method)
        at java.util.concurrent.locks.LockSupport.park(LockSupport.java:175)
        at java.util.concurrent.locks.AbstractQueuedSynchronizer$ConditionObject.await(AbstractQueuedSynchronizer.java:2039)
        at java.util.concurrent.ArrayBlockingQueue.take(ArrayBlockingQueue.java:403)
        at java.util.concurrent.ThreadPoolExecutor.getTask(ThreadPoolExecutor.java:1074)
        at java.util.concurrent.ThreadPoolExecutor.runWorker(ThreadPoolExecutor.java:1134)
        at java.util.concurrent.ThreadPoolExecutor$Worker.run(ThreadPoolExecutor.java:624)
        at java.lang.Thread.run(Thread.java:748)
"pool-46-thread-3"  prio=5 tid=409 in Object.wait()
java.lang.Thread.State: WAITING (on object monitor)
        at sun.misc.Unsafe.park(Native Method)
        at java.util.concurrent.locks.LockSupport.park(LockSupport.java:175)
        at java.util.concurrent.locks.AbstractQueuedSynchronizer$ConditionObject.await(AbstractQueuedSynchronizer.java:2039)
        at java.util.concurrent.ArrayBlockingQueue.take(ArrayBlockingQueue.java:403)
        at java.util.concurrent.ThreadPoolExecutor.getTask(ThreadPoolExecutor.java:1074)
        at java.util.concurrent.ThreadPoolExecutor.runWorker(ThreadPoolExecutor.java:1134)
        at java.util.concurrent.ThreadPoolExecutor$Worker.run(ThreadPoolExecutor.java:624)
        at java.lang.Thread.run(Thread.java:748)
"pool-26-thread-42"  prio=5 tid=328 in Object.wait()
java.lang.Thread.State: WAITING (on object monitor)
        at sun.misc.Unsafe.park(Native Method)
        at java.util.concurrent.locks.LockSupport.park(LockSupport.java:175)
        at java.util.concurrent.locks.AbstractQueuedSynchronizer$ConditionObject.await(AbstractQueuedSynchronizer.java:2039)
        at java.util.concurrent.ArrayBlockingQueue.take(ArrayBlockingQueue.java:403)
        at java.util.concurrent.ThreadPoolExecutor.getTask(ThreadPoolExecutor.java:1074)
        at java.util.concurrent.ThreadPoolExecutor.runWorker(ThreadPoolExecutor.java:1134)
        at java.util.concurrent.ThreadPoolExecutor$Worker.run(ThreadPoolExecutor.java:624)
        at java.lang.Thread.run(Thread.java:748)
"IPC Server handler 2 on 33004" daemon prio=5 tid=71 timed_waiting
java.lang.Thread.State: TIMED_WAITING
        at sun.misc.Unsafe.park(Native Method)
        at java.util.concurrent.locks.LockSupport.parkNanos(LockSupport.java:215)
        at java.util.concurrent.locks.AbstractQueuedSynchronizer$ConditionObject.awaitNanos(AbstractQueuedSynchronizer.java:2078)
        at java.util.concurrent.LinkedBlockingQueue.poll(LinkedBlockingQueue.java:467)
        at org.apache.hadoop.ipc.CallQueueManager.take(CallQueueManager.java:288)
        at org.apache.hadoop.ipc.Server$Handler.run(Server.java:2668)
"pool-67-thread-1"  prio=5 tid=643 in Object.wait()
java.lang.Thread.State: WAITING (on object monitor)
        at sun.misc.Unsafe.park(Native Method)
        at java.util.concurrent.locks.LockSupport.park(LockSupport.java:175)
        at java.util.concurrent.locks.AbstractQueuedSynchronizer$ConditionObject.await(AbstractQueuedSynchronizer.java:2039)
        at java.util.concurrent.LinkedBlockingQueue.take(LinkedBlockingQueue.java:442)
        at java.util.concurrent.ThreadPoolExecutor.getTask(ThreadPoolExecutor.java:1074)
        at java.util.concurrent.ThreadPoolExecutor.runWorker(ThreadPoolExecutor.java:1134)
        at java.util.concurrent.ThreadPoolExecutor$Worker.run(ThreadPoolExecutor.java:624)
        at java.lang.Thread.run(Thread.java:748)
"pool-46-thread-52"  prio=5 tid=458 in Object.wait()
java.lang.Thread.State: WAITING (on object monitor)
        at sun.misc.Unsafe.park(Native Method)
        at java.util.concurrent.locks.LockSupport.park(LockSupport.java:175)
        at java.util.concurrent.locks.AbstractQueuedSynchronizer$ConditionObject.await(AbstractQueuedSynchronizer.java:2039)
        at java.util.concurrent.ArrayBlockingQueue.take(ArrayBlockingQueue.java:403)
        at java.util.concurrent.ThreadPoolExecutor.getTask(ThreadPoolExecutor.java:1074)
        at java.util.concurrent.ThreadPoolExecutor.runWorker(ThreadPoolExecutor.java:1134)
        at java.util.concurrent.ThreadPoolExecutor$Worker.run(ThreadPoolExecutor.java:624)
        at java.lang.Thread.run(Thread.java:748)
"pool-66-thread-7"  prio=5 tid=542 in Object.wait()
java.lang.Thread.State: WAITING (on object monitor)
        at sun.misc.Unsafe.park(Native Method)
        at java.util.concurrent.locks.LockSupport.park(LockSupport.java:175)
        at java.util.concurrent.locks.AbstractQueuedSynchronizer$ConditionObject.await(AbstractQueuedSynchronizer.java:2039)
        at java.util.concurrent.ArrayBlockingQueue.take(ArrayBlockingQueue.java:403)
        at java.util.concurrent.ThreadPoolExecutor.getTask(ThreadPoolExecutor.java:1074)
        at java.util.concurrent.ThreadPoolExecutor.runWorker(ThreadPoolExecutor.java:1134)
        at java.util.concurrent.ThreadPoolExecutor$Worker.run(ThreadPoolExecutor.java:624)
        at java.lang.Thread.run(Thread.java:748)
"pool-56-thread-37"  prio=5 tid=510 in Object.wait()
java.lang.Thread.State: WAITING (on object monitor)
        at sun.misc.Unsafe.park(Native Method)
        at java.util.concurrent.locks.LockSupport.park(LockSupport.java:175)
        at java.util.concurrent.locks.AbstractQueuedSynchronizer$ConditionObject.await(AbstractQueuedSynchronizer.java:2039)
        at java.util.concurrent.ArrayBlockingQueue.take(ArrayBlockingQueue.java:403)
        at java.util.concurrent.ThreadPoolExecutor.getTask(ThreadPoolExecutor.java:1074)
        at java.util.concurrent.ThreadPoolExecutor.runWorker(ThreadPoolExecutor.java:1134)
        at java.util.concurrent.ThreadPoolExecutor$Worker.run(ThreadPoolExecutor.java:624)
        at java.lang.Thread.run(Thread.java:748)
"pool-57-thread-1"  prio=5 tid=634 in Object.wait()
java.lang.Thread.State: WAITING (on object monitor)
        at sun.misc.Unsafe.park(Native Method)
        at java.util.concurrent.locks.LockSupport.park(LockSupport.java:175)
        at java.util.concurrent.locks.AbstractQueuedSynchronizer$ConditionObject.await(AbstractQueuedSynchronizer.java:2039)
        at java.util.concurrent.LinkedBlockingQueue.take(LinkedBlockingQueue.java:442)
        at java.util.concurrent.ThreadPoolExecutor.getTask(ThreadPoolExecutor.java:1074)
        at java.util.concurrent.ThreadPoolExecutor.runWorker(ThreadPoolExecutor.java:1134)
        at java.util.concurrent.ThreadPoolExecutor$Worker.run(ThreadPoolExecutor.java:624)
        at java.lang.Thread.run(Thread.java:748)
"IPC Server handler 19 on 35444" daemon prio=5 tid=134 timed_waiting
java.lang.Thread.State: TIMED_WAITING
        at sun.misc.Unsafe.park(Native Method)
        at java.util.concurrent.locks.LockSupport.parkNanos(LockSupport.java:215)
        at java.util.concurrent.locks.AbstractQueuedSynchronizer$ConditionObject.awaitNanos(AbstractQueuedSynchronizer.java:2078)
        at java.util.concurrent.LinkedBlockingQueue.poll(LinkedBlockingQueue.java:467)
        at org.apache.hadoop.ipc.CallQueueManager.take(CallQueueManager.java:288)
        at org.apache.hadoop.ipc.Server$Handler.run(Server.java:2668)
"Datanode ReportManager Thread - 0" daemon prio=5 tid=198 in Object.wait()
java.lang.Thread.State: WAITING (on object monitor)
        at sun.misc.Unsafe.park(Native Method)
        at java.util.concurrent.locks.LockSupport.park(LockSupport.java:175)
        at java.util.concurrent.locks.AbstractQueuedSynchronizer$ConditionObject.await(AbstractQueuedSynchronizer.java:2039)
        at java.util.concurrent.ScheduledThreadPoolExecutor$DelayedWorkQueue.take(ScheduledThreadPoolExecutor.java:1088)
        at java.util.concurrent.ScheduledThreadPoolExecutor$DelayedWorkQueue.take(ScheduledThreadPoolExecutor.java:809)
        at java.util.concurrent.ThreadPoolExecutor.getTask(ThreadPoolExecutor.java:1074)
        at java.util.concurrent.ThreadPoolExecutor.runWorker(ThreadPoolExecutor.java:1134)
        at java.util.concurrent.ThreadPoolExecutor$Worker.run(ThreadPoolExecutor.java:624)
        at java.lang.Thread.run(Thread.java:748)
"IPC Server handler 5 on 33004" daemon prio=5 tid=74 timed_waiting
java.lang.Thread.State: TIMED_WAITING
        at sun.misc.Unsafe.park(Native Method)
        at java.util.concurrent.locks.LockSupport.parkNanos(LockSupport.java:215)
        at java.util.concurrent.locks.AbstractQueuedSynchronizer$ConditionObject.awaitNanos(AbstractQueuedSynchronizer.java:2078)
        at java.util.concurrent.LinkedBlockingQueue.poll(LinkedBlockingQueue.java:467)
        at org.apache.hadoop.ipc.CallQueueManager.take(CallQueueManager.java:288)
        at org.apache.hadoop.ipc.Server$Handler.run(Server.java:2668)
"qtp1043358826-91" daemon prio=5 tid=91 timed_waiting
java.lang.Thread.State: TIMED_WAITING
        at sun.misc.Unsafe.park(Native Method)
        at java.util.concurrent.locks.LockSupport.parkNanos(LockSupport.java:215)
        at java.util.concurrent.locks.AbstractQueuedSynchronizer$ConditionObject.awaitNanos(AbstractQueuedSynchronizer.java:2078)
        at org.eclipse.jetty.util.BlockingArrayQueue.poll(BlockingArrayQueue.java:392)
        at org.eclipse.jetty.util.thread.QueuedThreadPool.idleJobPoll(QueuedThreadPool.java:563)
        at org.eclipse.jetty.util.thread.QueuedThreadPool.access$800(QueuedThreadPool.java:48)
        at org.eclipse.jetty.util.thread.QueuedThreadPool$2.run(QueuedThreadPool.java:626)
        at java.lang.Thread.run(Thread.java:748)
"qtp1919592808-192" daemon prio=5 tid=192 timed_waiting
java.lang.Thread.State: TIMED_WAITING
        at sun.misc.Unsafe.park(Native Method)
        at java.util.concurrent.locks.LockSupport.parkNanos(LockSupport.java:215)
        at java.util.concurrent.locks.AbstractQueuedSynchronizer$ConditionObject.awaitNanos(AbstractQueuedSynchronizer.java:2078)
        at org.eclipse.jetty.util.BlockingArrayQueue.poll(BlockingArrayQueue.java:392)
        at org.eclipse.jetty.util.thread.QueuedThreadPool.idleJobPoll(QueuedThreadPool.java:563)
        at org.eclipse.jetty.util.thread.QueuedThreadPool.access$800(QueuedThreadPool.java:48)
        at org.eclipse.jetty.util.thread.QueuedThreadPool$2.run(QueuedThreadPool.java:626)
        at java.lang.Thread.run(Thread.java:748)
"pool-46-thread-56"  prio=5 tid=462 in Object.wait()
java.lang.Thread.State: WAITING (on object monitor)
        at sun.misc.Unsafe.park(Native Method)
        at java.util.concurrent.locks.LockSupport.park(LockSupport.java:175)
        at java.util.concurrent.locks.AbstractQueuedSynchronizer$ConditionObject.await(AbstractQueuedSynchronizer.java:2039)
        at java.util.concurrent.ArrayBlockingQueue.take(ArrayBlockingQueue.java:403)
        at java.util.concurrent.ThreadPoolExecutor.getTask(ThreadPoolExecutor.java:1074)
        at java.util.concurrent.ThreadPoolExecutor.runWorker(ThreadPoolExecutor.java:1134)
        at java.util.concurrent.ThreadPoolExecutor$Worker.run(ThreadPoolExecutor.java:624)
        at java.lang.Thread.run(Thread.java:748)
"grpc-default-worker-ELG-3-4" daemon prio=5 tid=611 runnable
java.lang.Thread.State: RUNNABLE
        at sun.nio.ch.EPollArrayWrapper.epollWait(Native Method)
        at sun.nio.ch.EPollArrayWrapper.poll(EPollArrayWrapper.java:269)
        at sun.nio.ch.EPollSelectorImpl.doSelect(EPollSelectorImpl.java:93)
        at sun.nio.ch.SelectorImpl.lockAndDoSelect(SelectorImpl.java:86)
        at sun.nio.ch.SelectorImpl.select(SelectorImpl.java:97)
        at org.apache.ratis.thirdparty.io.netty.channel.nio.SelectedSelectionKeySetSelector.select(SelectedSelectionKeySetSelector.java:62)
        at org.apache.ratis.thirdparty.io.netty.channel.nio.NioEventLoop.select(NioEventLoop.java:753)
        at org.apache.ratis.thirdparty.io.netty.channel.nio.NioEventLoop.run(NioEventLoop.java:408)
        at org.apache.ratis.thirdparty.io.netty.util.concurrent.SingleThreadEventExecutor$5.run(SingleThreadEventExecutor.java:897)
        at org.apache.ratis.thirdparty.io.netty.util.concurrent.FastThreadLocalRunnable.run(FastThreadLocalRunnable.java:30)
        at java.lang.Thread.run(Thread.java:748)
"qtp1919592808-187-acceptor-0@4c2a826a-ServerConnector@53f4c1e6{HTTP/1.1,[http/1.1]}{0.0.0.0:46698}" daemon prio=3 tid=187 runnable
java.lang.Thread.State: RUNNABLE
        at sun.nio.ch.ServerSocketChannelImpl.accept0(Native Method)
        at sun.nio.ch.ServerSocketChannelImpl.accept(ServerSocketChannelImpl.java:422)
        at sun.nio.ch.ServerSocketChannelImpl.accept(ServerSocketChannelImpl.java:250)
        at org.eclipse.jetty.server.ServerConnector.accept(ServerConnector.java:397)
        at org.eclipse.jetty.server.AbstractConnector$Acceptor.run(AbstractConnector.java:601)
        at org.eclipse.jetty.util.thread.QueuedThreadPool.runJob(QueuedThreadPool.java:671)
        at org.eclipse.jetty.util.thread.QueuedThreadPool$2.run(QueuedThreadPool.java:589)
        at java.lang.Thread.run(Thread.java:748)
"pool-46-thread-42"  prio=5 tid=448 in Object.wait()
java.lang.Thread.State: WAITING (on object monitor)
        at sun.misc.Unsafe.park(Native Method)
        at java.util.concurrent.locks.LockSupport.park(LockSupport.java:175)
        at java.util.concurrent.locks.AbstractQueuedSynchronizer$ConditionObject.await(AbstractQueuedSynchronizer.java:2039)
        at java.util.concurrent.ArrayBlockingQueue.take(ArrayBlockingQueue.java:403)
        at java.util.concurrent.ThreadPoolExecutor.getTask(ThreadPoolExecutor.java:1074)
        at java.util.concurrent.ThreadPoolExecutor.runWorker(ThreadPoolExecutor.java:1134)
        at java.util.concurrent.ThreadPoolExecutor$Worker.run(ThreadPoolExecutor.java:624)
        at java.lang.Thread.run(Thread.java:748)
"BlockDeletingService#1" daemon prio=5 tid=597 in Object.wait()
java.lang.Thread.State: WAITING (on object monitor)
        at sun.misc.Unsafe.park(Native Method)
        at java.util.concurrent.locks.LockSupport.park(LockSupport.java:175)
        at java.util.concurrent.locks.AbstractQueuedSynchronizer$ConditionObject.await(AbstractQueuedSynchronizer.java:2039)
        at java.util.concurrent.ScheduledThreadPoolExecutor$DelayedWorkQueue.take(ScheduledThreadPoolExecutor.java:1088)
        at java.util.concurrent.ScheduledThreadPoolExecutor$DelayedWorkQueue.take(ScheduledThreadPoolExecutor.java:809)
        at java.util.concurrent.ThreadPoolExecutor.getTask(ThreadPoolExecutor.java:1074)
        at java.util.concurrent.ThreadPoolExecutor.runWorker(ThreadPoolExecutor.java:1134)
        at java.util.concurrent.ThreadPoolExecutor$Worker.run(ThreadPoolExecutor.java:624)
        at java.lang.Thread.run(Thread.java:748)
"IPC Server handler 6 on 40923" daemon prio=5 tid=35 timed_waiting
java.lang.Thread.State: TIMED_WAITING
        at sun.misc.Unsafe.park(Native Method)
        at java.util.concurrent.locks.LockSupport.parkNanos(LockSupport.java:215)
        at java.util.concurrent.locks.AbstractQueuedSynchronizer$ConditionObject.awaitNanos(AbstractQueuedSynchronizer.java:2078)
        at java.util.concurrent.LinkedBlockingQueue.poll(LinkedBlockingQueue.java:467)
        at org.apache.hadoop.ipc.CallQueueManager.take(CallQueueManager.java:288)
        at org.apache.hadoop.ipc.Server$Handler.run(Server.java:2668)
"pool-26-thread-33"  prio=5 tid=319 in Object.wait()
java.lang.Thread.State: WAITING (on object monitor)
        at sun.misc.Unsafe.park(Native Method)
        at java.util.concurrent.locks.LockSupport.park(LockSupport.java:175)
        at java.util.concurrent.locks.AbstractQueuedSynchronizer$ConditionObject.await(AbstractQueuedSynchronizer.java:2039)
        at java.util.concurrent.ArrayBlockingQueue.take(ArrayBlockingQueue.java:403)
        at java.util.concurrent.ThreadPoolExecutor.getTask(ThreadPoolExecutor.java:1074)
        at java.util.concurrent.ThreadPoolExecutor.runWorker(ThreadPoolExecutor.java:1134)
        at java.util.concurrent.ThreadPoolExecutor$Worker.run(ThreadPoolExecutor.java:624)
        at java.lang.Thread.run(Thread.java:748)
"metrics-hadoop-metrics2-reporter-33-thread-1" daemon prio=5 tid=706 timed_waiting
java.lang.Thread.State: TIMED_WAITING
        at sun.misc.Unsafe.park(Native Method)
        at java.util.concurrent.locks.LockSupport.parkNanos(LockSupport.java:215)
        at java.util.concurrent.locks.AbstractQueuedSynchronizer$ConditionObject.awaitNanos(AbstractQueuedSynchronizer.java:2078)
        at java.util.concurrent.ScheduledThreadPoolExecutor$DelayedWorkQueue.take(ScheduledThreadPoolExecutor.java:1093)
        at java.util.concurrent.ScheduledThreadPoolExecutor$DelayedWorkQueue.take(ScheduledThreadPoolExecutor.java:809)
        at java.util.concurrent.ThreadPoolExecutor.getTask(ThreadPoolExecutor.java:1074)
        at java.util.concurrent.ThreadPoolExecutor.runWorker(ThreadPoolExecutor.java:1134)
        at java.util.concurrent.ThreadPoolExecutor$Worker.run(ThreadPoolExecutor.java:624)
        at java.lang.Thread.run(Thread.java:748)
"pool-26-thread-45"  prio=5 tid=331 in Object.wait()
java.lang.Thread.State: WAITING (on object monitor)
        at sun.misc.Unsafe.park(Native Method)
        at java.util.concurrent.locks.LockSupport.park(LockSupport.java:175)
        at java.util.concurrent.locks.AbstractQueuedSynchronizer$ConditionObject.await(AbstractQueuedSynchronizer.java:2039)
        at java.util.concurrent.ArrayBlockingQueue.take(ArrayBlockingQueue.java:403)
        at java.util.concurrent.ThreadPoolExecutor.getTask(ThreadPoolExecutor.java:1074)
        at java.util.concurrent.ThreadPoolExecutor.runWorker(ThreadPoolExecutor.java:1134)
        at java.util.concurrent.ThreadPoolExecutor$Worker.run(ThreadPoolExecutor.java:624)
        at java.lang.Thread.run(Thread.java:748)
"pool-56-thread-58"  prio=5 tid=531 in Object.wait()
java.lang.Thread.State: WAITING (on object monitor)
        at sun.misc.Unsafe.park(Native Method)
        at java.util.concurrent.locks.LockSupport.park(LockSupport.java:175)
        at java.util.concurrent.locks.AbstractQueuedSynchronizer$ConditionObject.await(AbstractQueuedSynchronizer.java:2039)
        at java.util.concurrent.ArrayBlockingQueue.take(ArrayBlockingQueue.java:403)
        at java.util.concurrent.ThreadPoolExecutor.getTask(ThreadPoolExecutor.java:1074)
        at java.util.concurrent.ThreadPoolExecutor.runWorker(ThreadPoolExecutor.java:1134)
        at java.util.concurrent.ThreadPoolExecutor$Worker.run(ThreadPoolExecutor.java:624)
        at java.lang.Thread.run(Thread.java:748)
"pool-46-thread-1"  prio=5 tid=407 in Object.wait()
java.lang.Thread.State: WAITING (on object monitor)
        at sun.misc.Unsafe.park(Native Method)
        at java.util.concurrent.locks.LockSupport.park(LockSupport.java:175)
        at java.util.concurrent.locks.AbstractQueuedSynchronizer$ConditionObject.await(AbstractQueuedSynchronizer.java:2039)
        at java.util.concurrent.ArrayBlockingQueue.take(ArrayBlockingQueue.java:403)
        at java.util.concurrent.ThreadPoolExecutor.getTask(ThreadPoolExecutor.java:1074)
        at java.util.concurrent.ThreadPoolExecutor.runWorker(ThreadPoolExecutor.java:1134)
        at java.util.concurrent.ThreadPoolExecutor$Worker.run(ThreadPoolExecutor.java:624)
        at java.lang.Thread.run(Thread.java:748)
"pool-36-thread-52"  prio=5 tid=398 in Object.wait()
java.lang.Thread.State: WAITING (on object monitor)
        at sun.misc.Unsafe.park(Native Method)
        at java.util.concurrent.locks.LockSupport.park(LockSupport.java:175)
        at java.util.concurrent.locks.AbstractQueuedSynchronizer$ConditionObject.await(AbstractQueuedSynchronizer.java:2039)
        at java.util.concurrent.ArrayBlockingQueue.take(ArrayBlockingQueue.java:403)
        at java.util.concurrent.ThreadPoolExecutor.getTask(ThreadPoolExecutor.java:1074)
        at java.util.concurrent.ThreadPoolExecutor.runWorker(ThreadPoolExecutor.java:1134)
        at java.util.concurrent.ThreadPoolExecutor$Worker.run(ThreadPoolExecutor.java:624)
        at java.lang.Thread.run(Thread.java:748)
"pool-26-thread-56"  prio=5 tid=342 in Object.wait()
java.lang.Thread.State: WAITING (on object monitor)
        at sun.misc.Unsafe.park(Native Method)
        at java.util.concurrent.locks.LockSupport.park(LockSupport.java:175)
        at java.util.concurrent.locks.AbstractQueuedSynchronizer$ConditionObject.await(AbstractQueuedSynchronizer.java:2039)
        at java.util.concurrent.ArrayBlockingQueue.take(ArrayBlockingQueue.java:403)
        at java.util.concurrent.ThreadPoolExecutor.getTask(ThreadPoolExecutor.java:1074)
        at java.util.concurrent.ThreadPoolExecutor.runWorker(ThreadPoolExecutor.java:1134)
        at java.util.concurrent.ThreadPoolExecutor$Worker.run(ThreadPoolExecutor.java:624)
        at java.lang.Thread.run(Thread.java:748)
"BlockDeletingService#0" daemon prio=5 tid=596 timed_waiting
java.lang.Thread.State: TIMED_WAITING
        at sun.misc.Unsafe.park(Native Method)
        at java.util.concurrent.locks.LockSupport.parkNanos(LockSupport.java:215)
        at java.util.concurrent.locks.AbstractQueuedSynchronizer$ConditionObject.awaitNanos(AbstractQueuedSynchronizer.java:2078)
        at java.util.concurrent.ScheduledThreadPoolExecutor$DelayedWorkQueue.take(ScheduledThreadPoolExecutor.java:1093)
        at java.util.concurrent.ScheduledThreadPoolExecutor$DelayedWorkQueue.take(ScheduledThreadPoolExecutor.java:809)
        at java.util.concurrent.ThreadPoolExecutor.getTask(ThreadPoolExecutor.java:1074)
        at java.util.concurrent.ThreadPoolExecutor.runWorker(ThreadPoolExecutor.java:1134)
        at java.util.concurrent.ThreadPoolExecutor$Worker.run(ThreadPoolExecutor.java:624)
        at java.lang.Thread.run(Thread.java:748)
"pool-36-thread-57"  prio=5 tid=403 in Object.wait()
java.lang.Thread.State: WAITING (on object monitor)
        at sun.misc.Unsafe.park(Native Method)
        at java.util.concurrent.locks.LockSupport.park(LockSupport.java:175)
        at java.util.concurrent.locks.AbstractQueuedSynchronizer$ConditionObject.await(AbstractQueuedSynchronizer.java:2039)
        at java.util.concurrent.ArrayBlockingQueue.take(ArrayBlockingQueue.java:403)
        at java.util.concurrent.ThreadPoolExecutor.getTask(ThreadPoolExecutor.java:1074)
        at java.util.concurrent.ThreadPoolExecutor.runWorker(ThreadPoolExecutor.java:1134)
        at java.util.concurrent.ThreadPoolExecutor$Worker.run(ThreadPoolExecutor.java:624)
        at java.lang.Thread.run(Thread.java:748)
"grpc-default-worker-ELG-3-2" daemon prio=5 tid=609 runnable
java.lang.Thread.State: RUNNABLE
        at sun.nio.ch.EPollArrayWrapper.epollWait(Native Method)
        at sun.nio.ch.EPollArrayWrapper.poll(EPollArrayWrapper.java:269)
        at sun.nio.ch.EPollSelectorImpl.doSelect(EPollSelectorImpl.java:93)
        at sun.nio.ch.SelectorImpl.lockAndDoSelect(SelectorImpl.java:86)
        at sun.nio.ch.SelectorImpl.select(SelectorImpl.java:97)
        at org.apache.ratis.thirdparty.io.netty.channel.nio.SelectedSelectionKeySetSelector.select(SelectedSelectionKeySetSelector.java:62)
        at org.apache.ratis.thirdparty.io.netty.channel.nio.NioEventLoop.select(NioEventLoop.java:753)
        at org.apache.ratis.thirdparty.io.netty.channel.nio.NioEventLoop.run(NioEventLoop.java:408)
        at org.apache.ratis.thirdparty.io.netty.util.concurrent.SingleThreadEventExecutor$5.run(SingleThreadEventExecutor.java:897)
        at org.apache.ratis.thirdparty.io.netty.util.concurrent.FastThreadLocalRunnable.run(FastThreadLocalRunnable.java:30)
        at java.lang.Thread.run(Thread.java:748)
"pool-56-thread-14"  prio=5 tid=487 in Object.wait()
java.lang.Thread.State: WAITING (on object monitor)
        at sun.misc.Unsafe.park(Native Method)
        at java.util.concurrent.locks.LockSupport.park(LockSupport.java:175)
        at java.util.concurrent.locks.AbstractQueuedSynchronizer$ConditionObject.await(AbstractQueuedSynchronizer.java:2039)
        at java.util.concurrent.ArrayBlockingQueue.take(ArrayBlockingQueue.java:403)
        at java.util.concurrent.ThreadPoolExecutor.getTask(ThreadPoolExecutor.java:1074)
        at java.util.concurrent.ThreadPoolExecutor.runWorker(ThreadPoolExecutor.java:1134)
        at java.util.concurrent.ThreadPoolExecutor$Worker.run(ThreadPoolExecutor.java:624)
        at java.lang.Thread.run(Thread.java:748)
"refreshUsed-/workdir/hadoop-ozone/ozonefs/target/test-dir/MiniOzoneClusterImpl-d26aec2b-09c1-4f88-9204-0bb43e71ee01/datanode-0/data/containers" daemon prio=5 tid=154 timed_waiting
java.lang.Thread.State: TIMED_WAITING
        at java.lang.Thread.sleep(Native Method)
        at org.apache.hadoop.fs.CachingGetSpaceUsed$RefreshThread.run(CachingGetSpaceUsed.java:179)
        at java.lang.Thread.run(Thread.java:748)
"pool-46-thread-29"  prio=5 tid=435 in Object.wait()
java.lang.Thread.State: WAITING (on object monitor)
        at sun.misc.Unsafe.park(Native Method)
        at java.util.concurrent.locks.LockSupport.park(LockSupport.java:175)
        at java.util.concurrent.locks.AbstractQueuedSynchronizer$ConditionObject.await(AbstractQueuedSynchronizer.java:2039)
        at java.util.concurrent.ArrayBlockingQueue.take(ArrayBlockingQueue.java:403)
        at java.util.concurrent.ThreadPoolExecutor.getTask(ThreadPoolExecutor.java:1074)
        at java.util.concurrent.ThreadPoolExecutor.runWorker(ThreadPoolExecutor.java:1134)
        at java.util.concurrent.ThreadPoolExecutor$Worker.run(ThreadPoolExecutor.java:624)
        at java.lang.Thread.run(Thread.java:748)
"jaeger.RemoteReporter-QueueProcessor" daemon prio=5 tid=147 in Object.wait()
java.lang.Thread.State: WAITING (on object monitor)
        at sun.misc.Unsafe.park(Native Method)
        at java.util.concurrent.locks.LockSupport.park(LockSupport.java:175)
        at java.util.concurrent.locks.AbstractQueuedSynchronizer$ConditionObject.await(AbstractQueuedSynchronizer.java:2039)
        at java.util.concurrent.ArrayBlockingQueue.take(ArrayBlockingQueue.java:403)
        at io.jaegertracing.internal.reporters.RemoteReporter$QueueProcessor.run(RemoteReporter.java:173)
        at java.lang.Thread.run(Thread.java:748)
"metrics-hadoop-metrics2-reporter-35-thread-1" daemon prio=5 tid=713 timed_waiting
java.lang.Thread.State: TIMED_WAITING
        at sun.misc.Unsafe.park(Native Method)
        at java.util.concurrent.locks.LockSupport.parkNanos(LockSupport.java:215)
        at java.util.concurrent.locks.AbstractQueuedSynchronizer$ConditionObject.awaitNanos(AbstractQueuedSynchronizer.java:2078)
        at java.util.concurrent.ScheduledThreadPoolExecutor$DelayedWorkQueue.take(ScheduledThreadPoolExecutor.java:1093)
        at java.util.concurrent.ScheduledThreadPoolExecutor$DelayedWorkQueue.take(ScheduledThreadPoolExecutor.java:809)
        at java.util.concurrent.ThreadPoolExecutor.getTask(ThreadPoolExecutor.java:1074)
        at java.util.concurrent.ThreadPoolExecutor.runWorker(ThreadPoolExecutor.java:1134)
        at java.util.concurrent.ThreadPoolExecutor$Worker.run(ThreadPoolExecutor.java:624)
        at java.lang.Thread.run(Thread.java:748)
"metrics-hadoop-metrics2-reporter-32-thread-1" daemon prio=5 tid=702 timed_waiting
java.lang.Thread.State: TIMED_WAITING
        at sun.misc.Unsafe.park(Native Method)
        at java.util.concurrent.locks.LockSupport.parkNanos(LockSupport.java:215)
        at java.util.concurrent.locks.AbstractQueuedSynchronizer$ConditionObject.awaitNanos(AbstractQueuedSynchronizer.java:2078)
        at java.util.concurrent.ScheduledThreadPoolExecutor$DelayedWorkQueue.take(ScheduledThreadPoolExecutor.java:1093)
        at java.util.concurrent.ScheduledThreadPoolExecutor$DelayedWorkQueue.take(ScheduledThreadPoolExecutor.java:809)
        at java.util.concurrent.ThreadPoolExecutor.getTask(ThreadPoolExecutor.java:1074)
        at java.util.concurrent.ThreadPoolExecutor.runWorker(ThreadPoolExecutor.java:1134)
        at java.util.concurrent.ThreadPoolExecutor$Worker.run(ThreadPoolExecutor.java:624)
        at java.lang.Thread.run(Thread.java:748)
"grpc-default-boss-ELG-1-1" daemon prio=5 tid=467 runnable
java.lang.Thread.State: RUNNABLE
        at sun.nio.ch.EPollArrayWrapper.epollWait(Native Method)
        at sun.nio.ch.EPollArrayWrapper.poll(EPollArrayWrapper.java:269)
        at sun.nio.ch.EPollSelectorImpl.doSelect(EPollSelectorImpl.java:93)
        at sun.nio.ch.SelectorImpl.lockAndDoSelect(SelectorImpl.java:86)
        at sun.nio.ch.SelectorImpl.select(SelectorImpl.java:97)
        at org.apache.ratis.thirdparty.io.netty.channel.nio.SelectedSelectionKeySetSelector.select(SelectedSelectionKeySetSelector.java:62)
        at org.apache.ratis.thirdparty.io.netty.channel.nio.NioEventLoop.select(NioEventLoop.java:753)
        at org.apache.ratis.thirdparty.io.netty.channel.nio.NioEventLoop.run(NioEventLoop.java:408)
        at org.apache.ratis.thirdparty.io.netty.util.concurrent.SingleThreadEventExecutor$5.run(SingleThreadEventExecutor.java:897)
        at org.apache.ratis.thirdparty.io.netty.util.concurrent.FastThreadLocalRunnable.run(FastThreadLocalRunnable.java:30)
        at java.lang.Thread.run(Thread.java:748)
"Command processor thread" daemon prio=5 tid=175 timed_waiting
java.lang.Thread.State: TIMED_WAITING
        at java.lang.Thread.sleep(Native Method)
        at org.apache.hadoop.ozone.container.common.statemachine.DatanodeStateMachine.lambda$initCommandHandlerThread$1(DatanodeStateMachine.java:439)
        at org.apache.hadoop.ozone.container.common.statemachine.DatanodeStateMachine$$Lambda$141/1433245022.run(Unknown Source)
        at java.lang.Thread.run(Thread.java:748)
"metrics-hadoop-metrics2-reporter-49-thread-1" daemon prio=5 tid=816 timed_waiting
java.lang.Thread.State: TIMED_WAITING
        at sun.misc.Unsafe.park(Native Method)
        at java.util.concurrent.locks.LockSupport.parkNanos(LockSupport.java:215)
        at java.util.concurrent.locks.AbstractQueuedSynchronizer$ConditionObject.awaitNanos(AbstractQueuedSynchronizer.java:2078)
        at java.util.concurrent.ScheduledThreadPoolExecutor$DelayedWorkQueue.take(ScheduledThreadPoolExecutor.java:1093)
        at java.util.concurrent.ScheduledThreadPoolExecutor$DelayedWorkQueue.take(ScheduledThreadPoolExecutor.java:809)
        at java.util.concurrent.ThreadPoolExecutor.getTask(ThreadPoolExecutor.java:1074)
        at java.util.concurrent.ThreadPoolExecutor.runWorker(ThreadPoolExecutor.java:1134)
        at java.util.concurrent.ThreadPoolExecutor$Worker.run(ThreadPoolExecutor.java:624)
        at java.lang.Thread.run(Thread.java:748)
"pool-36-thread-6"  prio=5 tid=352 in Object.wait()
java.lang.Thread.State: WAITING (on object monitor)
        at sun.misc.Unsafe.park(Native Method)
        at java.util.concurrent.locks.LockSupport.park(LockSupport.java:175)
        at java.util.concurrent.locks.AbstractQueuedSynchronizer$ConditionObject.await(AbstractQueuedSynchronizer.java:2039)
        at java.util.concurrent.ArrayBlockingQueue.take(ArrayBlockingQueue.java:403)
        at java.util.concurrent.ThreadPoolExecutor.getTask(ThreadPoolExecutor.java:1074)
        at java.util.concurrent.ThreadPoolExecutor.runWorker(ThreadPoolExecutor.java:1134)
        at java.util.concurrent.ThreadPoolExecutor$Worker.run(ThreadPoolExecutor.java:624)
        at java.lang.Thread.run(Thread.java:748)
"pool-36-thread-38"  prio=5 tid=384 in Object.wait()
java.lang.Thread.State: WAITING (on object monitor)
        at sun.misc.Unsafe.park(Native Method)
        at java.util.concurrent.locks.LockSupport.park(LockSupport.java:175)
        at java.util.concurrent.locks.AbstractQueuedSynchronizer$ConditionObject.await(AbstractQueuedSynchronizer.java:2039)
        at java.util.concurrent.ArrayBlockingQueue.take(ArrayBlockingQueue.java:403)
        at java.util.concurrent.ThreadPoolExecutor.getTask(ThreadPoolExecutor.java:1074)
        at java.util.concurrent.ThreadPoolExecutor.runWorker(ThreadPoolExecutor.java:1134)
        at java.util.concurrent.ThreadPoolExecutor$Worker.run(ThreadPoolExecutor.java:624)
        at java.lang.Thread.run(Thread.java:748)
"Signal Dispatcher" daemon prio=9 tid=4 runnable
java.lang.Thread.State: RUNNABLE
"qtp1003663195-246" daemon prio=5 tid=246 timed_waiting
java.lang.Thread.State: TIMED_WAITING
        at sun.misc.Unsafe.park(Native Method)
        at java.util.concurrent.locks.LockSupport.parkNanos(LockSupport.java:215)
        at java.util.concurrent.locks.AbstractQueuedSynchronizer$ConditionObject.awaitNanos(AbstractQueuedSynchronizer.java:2078)
        at org.eclipse.jetty.util.BlockingArrayQueue.poll(BlockingArrayQueue.java:392)
        at org.eclipse.jetty.util.thread.QueuedThreadPool.idleJobPoll(QueuedThreadPool.java:563)
        at org.eclipse.jetty.util.thread.QueuedThreadPool.access$800(QueuedThreadPool.java:48)
        at org.eclipse.jetty.util.thread.QueuedThreadPool$2.run(QueuedThreadPool.java:626)
        at java.lang.Thread.run(Thread.java:748)
"qtp1680841335-216" daemon prio=5 tid=216 timed_waiting
java.lang.Thread.State: TIMED_WAITING
        at sun.misc.Unsafe.park(Native Method)
        at java.util.concurrent.locks.LockSupport.parkNanos(LockSupport.java:215)
        at java.util.concurrent.locks.AbstractQueuedSynchronizer$ConditionObject.awaitNanos(AbstractQueuedSynchronizer.java:2078)
        at org.eclipse.jetty.util.BlockingArrayQueue.poll(BlockingArrayQueue.java:392)
        at org.eclipse.jetty.util.thread.QueuedThreadPool.idleJobPoll(QueuedThreadPool.java:563)
        at org.eclipse.jetty.util.thread.QueuedThreadPool.access$800(QueuedThreadPool.java:48)
        at org.eclipse.jetty.util.thread.QueuedThreadPool$2.run(QueuedThreadPool.java:626)
        at java.lang.Thread.run(Thread.java:748)
"pool-66-thread-13"  prio=5 tid=548 in Object.wait()
java.lang.Thread.State: WAITING (on object monitor)
        at sun.misc.Unsafe.park(Native Method)
        at java.util.concurrent.locks.LockSupport.park(LockSupport.java:175)
        at java.util.concurrent.locks.AbstractQueuedSynchronizer$ConditionObject.await(AbstractQueuedSynchronizer.java:2039)
        at java.util.concurrent.ArrayBlockingQueue.take(ArrayBlockingQueue.java:403)
        at java.util.concurrent.ThreadPoolExecutor.getTask(ThreadPoolExecutor.java:1074)
        at java.util.concurrent.ThreadPoolExecutor.runWorker(ThreadPoolExecutor.java:1134)
        at java.util.concurrent.ThreadPoolExecutor$Worker.run(ThreadPoolExecutor.java:624)
        at java.lang.Thread.run(Thread.java:748)
"pool-26-thread-20"  prio=5 tid=306 in Object.wait()
java.lang.Thread.State: WAITING (on object monitor)
        at sun.misc.Unsafe.park(Native Method)
        at java.util.concurrent.locks.LockSupport.park(LockSupport.java:175)
        at java.util.concurrent.locks.AbstractQueuedSynchronizer$ConditionObject.await(AbstractQueuedSynchronizer.java:2039)
        at java.util.concurrent.ArrayBlockingQueue.take(ArrayBlockingQueue.java:403)
        at java.util.concurrent.ThreadPoolExecutor.getTask(ThreadPoolExecutor.java:1074)
        at java.util.concurrent.ThreadPoolExecutor.runWorker(ThreadPoolExecutor.java:1134)
        at java.util.concurrent.ThreadPoolExecutor$Worker.run(ThreadPoolExecutor.java:624)
        at java.lang.Thread.run(Thread.java:748)
"Datanode ReportManager Thread - 3" daemon prio=5 tid=201 in Object.wait()
java.lang.Thread.State: WAITING (on object monitor)
        at sun.misc.Unsafe.park(Native Method)
        at java.util.concurrent.locks.LockSupport.park(LockSupport.java:175)
        at java.util.concurrent.locks.AbstractQueuedSynchronizer$ConditionObject.await(AbstractQueuedSynchronizer.java:2039)
        at java.util.concurrent.ScheduledThreadPoolExecutor$DelayedWorkQueue.take(ScheduledThreadPoolExecutor.java:1088)
        at java.util.concurrent.ScheduledThreadPoolExecutor$DelayedWorkQueue.take(ScheduledThreadPoolExecutor.java:809)
        at java.util.concurrent.ThreadPoolExecutor.getTask(ThreadPoolExecutor.java:1074)
        at java.util.concurrent.ThreadPoolExecutor.runWorker(ThreadPoolExecutor.java:1134)
        at java.util.concurrent.ThreadPoolExecutor$Worker.run(ThreadPoolExecutor.java:624)
        at java.lang.Thread.run(Thread.java:748)
"metrics-hadoop-metrics2-reporter-36-thread-1" daemon prio=5 tid=717 timed_waiting
java.lang.Thread.State: TIMED_WAITING
        at sun.misc.Unsafe.park(Native Method)
        at java.util.concurrent.locks.LockSupport.parkNanos(LockSupport.java:215)
        at java.util.concurrent.locks.AbstractQueuedSynchronizer$ConditionObject.awaitNanos(AbstractQueuedSynchronizer.java:2078)
        at java.util.concurrent.ScheduledThreadPoolExecutor$DelayedWorkQueue.take(ScheduledThreadPoolExecutor.java:1093)
        at java.util.concurrent.ScheduledThreadPoolExecutor$DelayedWorkQueue.take(ScheduledThreadPoolExecutor.java:809)
        at java.util.concurrent.ThreadPoolExecutor.getTask(ThreadPoolExecutor.java:1074)
        at java.util.concurrent.ThreadPoolExecutor.runWorker(ThreadPoolExecutor.java:1134)
        at java.util.concurrent.ThreadPoolExecutor$Worker.run(ThreadPoolExecutor.java:624)
        at java.lang.Thread.run(Thread.java:748)
"IPC Server handler 8 on 35444" daemon prio=5 tid=122 timed_waiting
java.lang.Thread.State: TIMED_WAITING
        at sun.misc.Unsafe.park(Native Method)
        at java.util.concurrent.locks.LockSupport.parkNanos(LockSupport.java:215)
        at java.util.concurrent.locks.AbstractQueuedSynchronizer$ConditionObject.awaitNanos(AbstractQueuedSynchronizer.java:2078)
        at java.util.concurrent.LinkedBlockingQueue.poll(LinkedBlockingQueue.java:467)
        at org.apache.hadoop.ipc.CallQueueManager.take(CallQueueManager.java:288)
        at org.apache.hadoop.ipc.Server$Handler.run(Server.java:2668)
"metrics-hadoop-metrics2-reporter-23-thread-1" daemon prio=5 tid=666 timed_waiting
java.lang.Thread.State: TIMED_WAITING
        at sun.misc.Unsafe.park(Native Method)
        at java.util.concurrent.locks.LockSupport.parkNanos(LockSupport.java:215)
        at java.util.concurrent.locks.AbstractQueuedSynchronizer$ConditionObject.awaitNanos(AbstractQueuedSynchronizer.java:2078)
        at java.util.concurrent.ScheduledThreadPoolExecutor$DelayedWorkQueue.take(ScheduledThreadPoolExecutor.java:1093)
        at java.util.concurrent.ScheduledThreadPoolExecutor$DelayedWorkQueue.take(ScheduledThreadPoolExecutor.java:809)
        at java.util.concurrent.ThreadPoolExecutor.getTask(ThreadPoolExecutor.java:1074)
        at java.util.concurrent.ThreadPoolExecutor.runWorker(ThreadPoolExecutor.java:1134)
        at java.util.concurrent.ThreadPoolExecutor$Worker.run(ThreadPoolExecutor.java:624)
        at java.lang.Thread.run(Thread.java:748)
"pool-66-thread-32"  prio=5 tid=567 in Object.wait()
java.lang.Thread.State: WAITING (on object monitor)
        at sun.misc.Unsafe.park(Native Method)
        at java.util.concurrent.locks.LockSupport.park(LockSupport.java:175)
        at java.util.concurrent.locks.AbstractQueuedSynchronizer$ConditionObject.await(AbstractQueuedSynchronizer.java:2039)
        at java.util.concurrent.ArrayBlockingQueue.take(ArrayBlockingQueue.java:403)
        at java.util.concurrent.ThreadPoolExecutor.getTask(ThreadPoolExecutor.java:1074)
        at java.util.concurrent.ThreadPoolExecutor.runWorker(ThreadPoolExecutor.java:1134)
        at java.util.concurrent.ThreadPoolExecutor$Worker.run(ThreadPoolExecutor.java:624)
        at java.lang.Thread.run(Thread.java:748)
"grpc-default-worker-ELG-3-1" daemon prio=5 tid=607 runnable
java.lang.Thread.State: RUNNABLE
        at sun.nio.ch.EPollArrayWrapper.epollWait(Native Method)
        at sun.nio.ch.EPollArrayWrapper.poll(EPollArrayWrapper.java:269)
        at sun.nio.ch.EPollSelectorImpl.doSelect(EPollSelectorImpl.java:93)
        at sun.nio.ch.SelectorImpl.lockAndDoSelect(SelectorImpl.java:86)
        at sun.nio.ch.SelectorImpl.select(SelectorImpl.java:97)
        at org.apache.ratis.thirdparty.io.netty.channel.nio.SelectedSelectionKeySetSelector.select(SelectedSelectionKeySetSelector.java:62)
        at org.apache.ratis.thirdparty.io.netty.channel.nio.NioEventLoop.select(NioEventLoop.java:753)
        at org.apache.ratis.thirdparty.io.netty.channel.nio.NioEventLoop.run(NioEventLoop.java:408)
        at org.apache.ratis.thirdparty.io.netty.util.concurrent.SingleThreadEventExecutor$5.run(SingleThreadEventExecutor.java:897)
        at org.apache.ratis.thirdparty.io.netty.util.concurrent.FastThreadLocalRunnable.run(FastThreadLocalRunnable.java:30)
        at java.lang.Thread.run(Thread.java:748)
"pool-64-thread-1" daemon prio=5 tid=264 timed_waiting
java.lang.Thread.State: TIMED_WAITING
        at sun.misc.Unsafe.park(Native Method)
        at java.util.concurrent.locks.LockSupport.parkNanos(LockSupport.java:215)
        at java.util.concurrent.locks.AbstractQueuedSynchronizer$ConditionObject.awaitNanos(AbstractQueuedSynchronizer.java:2078)
        at java.util.concurrent.ScheduledThreadPoolExecutor$DelayedWorkQueue.take(ScheduledThreadPoolExecutor.java:1093)
        at java.util.concurrent.ScheduledThreadPoolExecutor$DelayedWorkQueue.take(ScheduledThreadPoolExecutor.java:809)
        at java.util.concurrent.ThreadPoolExecutor.getTask(ThreadPoolExecutor.java:1074)
        at java.util.concurrent.ThreadPoolExecutor.runWorker(ThreadPoolExecutor.java:1134)
        at java.util.concurrent.ThreadPoolExecutor$Worker.run(ThreadPoolExecutor.java:624)
        at java.lang.Thread.run(Thread.java:748)
"IPC Server handler 15 on 33004" daemon prio=5 tid=84 timed_waiting
java.lang.Thread.State: TIMED_WAITING
        at sun.misc.Unsafe.park(Native Method)
        at java.util.concurrent.locks.LockSupport.parkNanos(LockSupport.java:215)
        at java.util.concurrent.locks.AbstractQueuedSynchronizer$ConditionObject.awaitNanos(AbstractQueuedSynchronizer.java:2078)
        at java.util.concurrent.LinkedBlockingQueue.poll(LinkedBlockingQueue.java:467)
        at org.apache.hadoop.ipc.CallQueueManager.take(CallQueueManager.java:288)
        at org.apache.hadoop.ipc.Server$Handler.run(Server.java:2668)
"pool-46-thread-12"  prio=5 tid=418 in Object.wait()
java.lang.Thread.State: WAITING (on object monitor)
        at sun.misc.Unsafe.park(Native Method)
        at java.util.concurrent.locks.LockSupport.park(LockSupport.java:175)
        at java.util.concurrent.locks.AbstractQueuedSynchronizer$ConditionObject.await(AbstractQueuedSynchronizer.java:2039)
        at java.util.concurrent.ArrayBlockingQueue.take(ArrayBlockingQueue.java:403)
        at java.util.concurrent.ThreadPoolExecutor.getTask(ThreadPoolExecutor.java:1074)
        at java.util.concurrent.ThreadPoolExecutor.runWorker(ThreadPoolExecutor.java:1134)
        at java.util.concurrent.ThreadPoolExecutor$Worker.run(ThreadPoolExecutor.java:624)
        at java.lang.Thread.run(Thread.java:748)
"grpc-default-executor-4" daemon prio=5 tid=819 timed_waiting
java.lang.Thread.State: TIMED_WAITING
        at sun.misc.Unsafe.park(Native Method)
        at java.util.concurrent.locks.LockSupport.parkNanos(LockSupport.java:215)
        at java.util.concurrent.SynchronousQueue$TransferStack.awaitFulfill(SynchronousQueue.java:460)
        at java.util.concurrent.SynchronousQueue$TransferStack.transfer(SynchronousQueue.java:362)
        at java.util.concurrent.SynchronousQueue.poll(SynchronousQueue.java:941)
        at java.util.concurrent.ThreadPoolExecutor.getTask(ThreadPoolExecutor.java:1073)
        at java.util.concurrent.ThreadPoolExecutor.runWorker(ThreadPoolExecutor.java:1134)
        at java.util.concurrent.ThreadPoolExecutor$Worker.run(ThreadPoolExecutor.java:624)
        at java.lang.Thread.run(Thread.java:748)
"IPC Server handler 18 on 46821" daemon prio=5 tid=67 timed_waiting
java.lang.Thread.State: TIMED_WAITING
        at sun.misc.Unsafe.park(Native Method)
        at java.util.concurrent.locks.LockSupport.parkNanos(LockSupport.java:215)
        at java.util.concurrent.locks.AbstractQueuedSynchronizer$ConditionObject.awaitNanos(AbstractQueuedSynchronizer.java:2078)
        at java.util.concurrent.LinkedBlockingQueue.poll(LinkedBlockingQueue.java:467)
        at org.apache.hadoop.ipc.CallQueueManager.take(CallQueueManager.java:288)
        at org.apache.hadoop.ipc.Server$Handler.run(Server.java:2668)
"Finalizer" daemon prio=8 tid=3 in Object.wait()
java.lang.Thread.State: WAITING (on object monitor)
        at java.lang.Object.wait(Native Method)
        at java.lang.ref.ReferenceQueue.remove(ReferenceQueue.java:144)
        at java.lang.ref.ReferenceQueue.remove(ReferenceQueue.java:165)
        at java.lang.ref.Finalizer$FinalizerThread.run(Finalizer.java:216)
"pool-66-thread-4"  prio=5 tid=539 in Object.wait()
java.lang.Thread.State: WAITING (on object monitor)
        at sun.misc.Unsafe.park(Native Method)
        at java.util.concurrent.locks.LockSupport.park(LockSupport.java:175)
        at java.util.concurrent.locks.AbstractQueuedSynchronizer$ConditionObject.await(AbstractQueuedSynchronizer.java:2039)
        at java.util.concurrent.ArrayBlockingQueue.take(ArrayBlockingQueue.java:403)
        at java.util.concurrent.ThreadPoolExecutor.getTask(ThreadPoolExecutor.java:1074)
        at java.util.concurrent.ThreadPoolExecutor.runWorker(ThreadPoolExecutor.java:1134)
        at java.util.concurrent.ThreadPoolExecutor$Worker.run(ThreadPoolExecutor.java:624)
        at java.lang.Thread.run(Thread.java:748)
"pool-26-thread-54"  prio=5 tid=340 in Object.wait()
java.lang.Thread.State: WAITING (on object monitor)
        at sun.misc.Unsafe.park(Native Method)
        at java.util.concurrent.locks.LockSupport.park(LockSupport.java:175)
        at java.util.concurrent.locks.AbstractQueuedSynchronizer$ConditionObject.await(AbstractQueuedSynchronizer.java:2039)
        at java.util.concurrent.ArrayBlockingQueue.take(ArrayBlockingQueue.java:403)
        at java.util.concurrent.ThreadPoolExecutor.getTask(ThreadPoolExecutor.java:1074)
        at java.util.concurrent.ThreadPoolExecutor.runWorker(ThreadPoolExecutor.java:1134)
        at java.util.concurrent.ThreadPoolExecutor$Worker.run(ThreadPoolExecutor.java:624)
        at java.lang.Thread.run(Thread.java:748)
"metrics-hadoop-metrics2-reporter-41-thread-1" daemon prio=5 tid=788 timed_waiting
java.lang.Thread.State: TIMED_WAITING
        at sun.misc.Unsafe.park(Native Method)
        at java.util.concurrent.locks.LockSupport.parkNanos(LockSupport.java:215)
        at java.util.concurrent.locks.AbstractQueuedSynchronizer$ConditionObject.awaitNanos(AbstractQueuedSynchronizer.java:2078)
        at java.util.concurrent.ScheduledThreadPoolExecutor$DelayedWorkQueue.take(ScheduledThreadPoolExecutor.java:1093)
        at java.util.concurrent.ScheduledThreadPoolExecutor$DelayedWorkQueue.take(ScheduledThreadPoolExecutor.java:809)
        at java.util.concurrent.ThreadPoolExecutor.getTask(ThreadPoolExecutor.java:1074)
        at java.util.concurrent.ThreadPoolExecutor.runWorker(ThreadPoolExecutor.java:1134)
        at java.util.concurrent.ThreadPoolExecutor$Worker.run(ThreadPoolExecutor.java:624)
        at java.lang.Thread.run(Thread.java:748)
"pool-36-thread-7"  prio=5 tid=353 in Object.wait()
java.lang.Thread.State: WAITING (on object monitor)
        at sun.misc.Unsafe.park(Native Method)
        at java.util.concurrent.locks.LockSupport.park(LockSupport.java:175)
        at java.util.concurrent.locks.AbstractQueuedSynchronizer$ConditionObject.await(AbstractQueuedSynchronizer.java:2039)
        at java.util.concurrent.ArrayBlockingQueue.take(ArrayBlockingQueue.java:403)
        at java.util.concurrent.ThreadPoolExecutor.getTask(ThreadPoolExecutor.java:1074)
        at java.util.concurrent.ThreadPoolExecutor.runWorker(ThreadPoolExecutor.java:1134)
        at java.util.concurrent.ThreadPoolExecutor$Worker.run(ThreadPoolExecutor.java:624)
        at java.lang.Thread.run(Thread.java:748)
"IPC Server Responder" daemon prio=5 tid=17 runnable
java.lang.Thread.State: RUNNABLE
        at sun.nio.ch.EPollArrayWrapper.epollWait(Native Method)
        at sun.nio.ch.EPollArrayWrapper.poll(EPollArrayWrapper.java:269)
        at sun.nio.ch.EPollSelectorImpl.doSelect(EPollSelectorImpl.java:93)
        at sun.nio.ch.SelectorImpl.lockAndDoSelect(SelectorImpl.java:86)
        at sun.nio.ch.SelectorImpl.select(SelectorImpl.java:97)
        at org.apache.hadoop.ipc.Server$Responder.doRunLoop(Server.java:1334)
        at org.apache.hadoop.ipc.Server$Responder.run(Server.java:1317)
"metrics-hadoop-metrics2-reporter-29-thread-1" daemon prio=5 tid=688 timed_waiting
java.lang.Thread.State: TIMED_WAITING
        at sun.misc.Unsafe.park(Native Method)
        at java.util.concurrent.locks.LockSupport.parkNanos(LockSupport.java:215)
        at java.util.concurrent.locks.AbstractQueuedSynchronizer$ConditionObject.awaitNanos(AbstractQueuedSynchronizer.java:2078)
        at java.util.concurrent.ScheduledThreadPoolExecutor$DelayedWorkQueue.take(ScheduledThreadPoolExecutor.java:1093)
        at java.util.concurrent.ScheduledThreadPoolExecutor$DelayedWorkQueue.take(ScheduledThreadPoolExecutor.java:809)
        at java.util.concurrent.ThreadPoolExecutor.getTask(ThreadPoolExecutor.java:1074)
        at java.util.concurrent.ThreadPoolExecutor.runWorker(ThreadPoolExecutor.java:1134)
        at java.util.concurrent.ThreadPoolExecutor$Worker.run(ThreadPoolExecutor.java:624)
        at java.lang.Thread.run(Thread.java:748)
"pool-26-thread-47"  prio=5 tid=333 in Object.wait()
java.lang.Thread.State: WAITING (on object monitor)
        at sun.misc.Unsafe.park(Native Method)
        at java.util.concurrent.locks.LockSupport.park(LockSupport.java:175)
        at java.util.concurrent.locks.AbstractQueuedSynchronizer$ConditionObject.await(AbstractQueuedSynchronizer.java:2039)
        at java.util.concurrent.ArrayBlockingQueue.take(ArrayBlockingQueue.java:403)
        at java.util.concurrent.ThreadPoolExecutor.getTask(ThreadPoolExecutor.java:1074)
        at java.util.concurrent.ThreadPoolExecutor.runWorker(ThreadPoolExecutor.java:1134)
        at java.util.concurrent.ThreadPoolExecutor$Worker.run(ThreadPoolExecutor.java:624)
        at java.lang.Thread.run(Thread.java:748)
"IPC Server handler 7 on 33004" daemon prio=5 tid=76 timed_waiting
java.lang.Thread.State: TIMED_WAITING
        at sun.misc.Unsafe.park(Native Method)
        at java.util.concurrent.locks.LockSupport.parkNanos(LockSupport.java:215)
        at java.util.concurrent.locks.AbstractQueuedSynchronizer$ConditionObject.awaitNanos(AbstractQueuedSynchronizer.java:2078)
        at java.util.concurrent.LinkedBlockingQueue.poll(LinkedBlockingQueue.java:467)
        at org.apache.hadoop.ipc.CallQueueManager.take(CallQueueManager.java:288)
        at org.apache.hadoop.ipc.Server$Handler.run(Server.java:2668)
"pool-26-thread-48"  prio=5 tid=334 in Object.wait()
java.lang.Thread.State: WAITING (on object monitor)
        at sun.misc.Unsafe.park(Native Method)
        at java.util.concurrent.locks.LockSupport.park(LockSupport.java:175)
        at java.util.concurrent.locks.AbstractQueuedSynchronizer$ConditionObject.await(AbstractQueuedSynchronizer.java:2039)
        at java.util.concurrent.ArrayBlockingQueue.take(ArrayBlockingQueue.java:403)
        at java.util.concurrent.ThreadPoolExecutor.getTask(ThreadPoolExecutor.java:1074)
        at java.util.concurrent.ThreadPoolExecutor.runWorker(ThreadPoolExecutor.java:1134)
        at java.util.concurrent.ThreadPoolExecutor$Worker.run(ThreadPoolExecutor.java:624)
        at java.lang.Thread.run(Thread.java:748)
"Datanode ReportManager Thread - 1" daemon prio=5 tid=253 in Object.wait()
java.lang.Thread.State: WAITING (on object monitor)
        at sun.misc.Unsafe.park(Native Method)
        at java.util.concurrent.locks.LockSupport.park(LockSupport.java:175)
        at java.util.concurrent.locks.AbstractQueuedSynchronizer$ConditionObject.await(AbstractQueuedSynchronizer.java:2039)
        at java.util.concurrent.ScheduledThreadPoolExecutor$DelayedWorkQueue.take(ScheduledThreadPoolExecutor.java:1088)
        at java.util.concurrent.ScheduledThreadPoolExecutor$DelayedWorkQueue.take(ScheduledThreadPoolExecutor.java:809)
        at java.util.concurrent.ThreadPoolExecutor.getTask(ThreadPoolExecutor.java:1074)
        at java.util.concurrent.ThreadPoolExecutor.runWorker(ThreadPoolExecutor.java:1134)
        at java.util.concurrent.ThreadPoolExecutor$Worker.run(ThreadPoolExecutor.java:624)
        at java.lang.Thread.run(Thread.java:748)
"metrics-hadoop-metrics2-reporter-44-thread-1" daemon prio=5 tid=808 timed_waiting
java.lang.Thread.State: TIMED_WAITING
        at sun.misc.Unsafe.park(Native Method)
        at java.util.concurrent.locks.LockSupport.parkNanos(LockSupport.java:215)
        at java.util.concurrent.locks.AbstractQueuedSynchronizer$ConditionObject.awaitNanos(AbstractQueuedSynchronizer.java:2078)
        at java.util.concurrent.ScheduledThreadPoolExecutor$DelayedWorkQueue.take(ScheduledThreadPoolExecutor.java:1093)
        at java.util.concurrent.ScheduledThreadPoolExecutor$DelayedWorkQueue.take(ScheduledThreadPoolExecutor.java:809)
        at java.util.concurrent.ThreadPoolExecutor.getTask(ThreadPoolExecutor.java:1074)
        at java.util.concurrent.ThreadPoolExecutor.runWorker(ThreadPoolExecutor.java:1134)
        at java.util.concurrent.ThreadPoolExecutor$Worker.run(ThreadPoolExecutor.java:624)
        at java.lang.Thread.run(Thread.java:748)
"IPC Server handler 15 on 35444" daemon prio=5 tid=130 timed_waiting
java.lang.Thread.State: TIMED_WAITING
        at sun.misc.Unsafe.park(Native Method)
        at java.util.concurrent.locks.LockSupport.parkNanos(LockSupport.java:215)
        at java.util.concurrent.locks.AbstractQueuedSynchronizer$ConditionObject.awaitNanos(AbstractQueuedSynchronizer.java:2078)
        at java.util.concurrent.LinkedBlockingQueue.poll(LinkedBlockingQueue.java:467)
        at org.apache.hadoop.ipc.CallQueueManager.take(CallQueueManager.java:288)
        at org.apache.hadoop.ipc.Server$Handler.run(Server.java:2668)
"IPC Server handler 18 on 35444" daemon prio=5 tid=133 timed_waiting
java.lang.Thread.State: TIMED_WAITING
        at sun.misc.Unsafe.park(Native Method)
        at java.util.concurrent.locks.LockSupport.parkNanos(LockSupport.java:215)
        at java.util.concurrent.locks.AbstractQueuedSynchronizer$ConditionObject.awaitNanos(AbstractQueuedSynchronizer.java:2078)
        at java.util.concurrent.LinkedBlockingQueue.poll(LinkedBlockingQueue.java:467)
        at org.apache.hadoop.ipc.CallQueueManager.take(CallQueueManager.java:288)
        at org.apache.hadoop.ipc.Server$Handler.run(Server.java:2668)
"pool-37-thread-1"  prio=5 tid=624 in Object.wait()
java.lang.Thread.State: WAITING (on object monitor)
        at sun.misc.Unsafe.park(Native Method)
        at java.util.concurrent.locks.LockSupport.park(LockSupport.java:175)
        at java.util.concurrent.locks.AbstractQueuedSynchronizer$ConditionObject.await(AbstractQueuedSynchronizer.java:2039)
        at java.util.concurrent.LinkedBlockingQueue.take(LinkedBlockingQueue.java:442)
        at java.util.concurrent.ThreadPoolExecutor.getTask(ThreadPoolExecutor.java:1074)
        at java.util.concurrent.ThreadPoolExecutor.runWorker(ThreadPoolExecutor.java:1134)
        at java.util.concurrent.ThreadPoolExecutor$Worker.run(ThreadPoolExecutor.java:624)
        at java.lang.Thread.run(Thread.java:748)
"pool-66-thread-58"  prio=5 tid=593 in Object.wait()
java.lang.Thread.State: WAITING (on object monitor)
        at sun.misc.Unsafe.park(Native Method)
        at java.util.concurrent.locks.LockSupport.park(LockSupport.java:175)
        at java.util.concurrent.locks.AbstractQueuedSynchronizer$ConditionObject.await(AbstractQueuedSynchronizer.java:2039)
        at java.util.concurrent.ArrayBlockingQueue.take(ArrayBlockingQueue.java:403)
        at java.util.concurrent.ThreadPoolExecutor.getTask(ThreadPoolExecutor.java:1074)
        at java.util.concurrent.ThreadPoolExecutor.runWorker(ThreadPoolExecutor.java:1134)
        at java.util.concurrent.ThreadPoolExecutor$Worker.run(ThreadPoolExecutor.java:624)
        at java.lang.Thread.run(Thread.java:748)
"pool-34-thread-1" daemon prio=5 tid=183 timed_waiting
java.lang.Thread.State: TIMED_WAITING
        at sun.misc.Unsafe.park(Native Method)
        at java.util.concurrent.locks.LockSupport.parkNanos(LockSupport.java:215)
        at java.util.concurrent.locks.AbstractQueuedSynchronizer$ConditionObject.awaitNanos(AbstractQueuedSynchronizer.java:2078)
        at java.util.concurrent.ScheduledThreadPoolExecutor$DelayedWorkQueue.take(ScheduledThreadPoolExecutor.java:1093)
        at java.util.concurrent.ScheduledThreadPoolExecutor$DelayedWorkQueue.take(ScheduledThreadPoolExecutor.java:809)
        at java.util.concurrent.ThreadPoolExecutor.getTask(ThreadPoolExecutor.java:1074)
        at java.util.concurrent.ThreadPoolExecutor.runWorker(ThreadPoolExecutor.java:1134)
        at java.util.concurrent.ThreadPoolExecutor$Worker.run(ThreadPoolExecutor.java:624)
        at java.lang.Thread.run(Thread.java:748)
"pool-46-thread-9"  prio=5 tid=415 in Object.wait()
java.lang.Thread.State: WAITING (on object monitor)
        at sun.misc.Unsafe.park(Native Method)
        at java.util.concurrent.locks.LockSupport.park(LockSupport.java:175)
        at java.util.concurrent.locks.AbstractQueuedSynchronizer$ConditionObject.await(AbstractQueuedSynchronizer.java:2039)
        at java.util.concurrent.ArrayBlockingQueue.take(ArrayBlockingQueue.java:403)
        at java.util.concurrent.ThreadPoolExecutor.getTask(ThreadPoolExecutor.java:1074)
        at java.util.concurrent.ThreadPoolExecutor.runWorker(ThreadPoolExecutor.java:1134)
        at java.util.concurrent.ThreadPoolExecutor$Worker.run(ThreadPoolExecutor.java:624)
        at java.lang.Thread.run(Thread.java:748)
"pool-36-thread-29"  prio=5 tid=375 in Object.wait()
java.lang.Thread.State: WAITING (on object monitor)
        at sun.misc.Unsafe.park(Native Method)
        at java.util.concurrent.locks.LockSupport.park(LockSupport.java:175)
        at java.util.concurrent.locks.AbstractQueuedSynchronizer$ConditionObject.await(AbstractQueuedSynchronizer.java:2039)
        at java.util.concurrent.ArrayBlockingQueue.take(ArrayBlockingQueue.java:403)
        at java.util.concurrent.ThreadPoolExecutor.getTask(ThreadPoolExecutor.java:1074)
        at java.util.concurrent.ThreadPoolExecutor.runWorker(ThreadPoolExecutor.java:1134)
        at java.util.concurrent.ThreadPoolExecutor$Worker.run(ThreadPoolExecutor.java:624)
        at java.lang.Thread.run(Thread.java:748)
"pool-50-thread-1"  prio=5 tid=212 timed_waiting
java.lang.Thread.State: TIMED_WAITING
        at sun.misc.Unsafe.park(Native Method)
        at java.util.concurrent.locks.LockSupport.parkNanos(LockSupport.java:215)
        at java.util.concurrent.locks.AbstractQueuedSynchronizer$ConditionObject.awaitNanos(AbstractQueuedSynchronizer.java:2078)
        at java.util.concurrent.ScheduledThreadPoolExecutor$DelayedWorkQueue.take(ScheduledThreadPoolExecutor.java:1093)
        at java.util.concurrent.ScheduledThreadPoolExecutor$DelayedWorkQueue.take(ScheduledThreadPoolExecutor.java:809)
        at java.util.concurrent.ThreadPoolExecutor.getTask(ThreadPoolExecutor.java:1074)
        at java.util.concurrent.ThreadPoolExecutor.runWorker(ThreadPoolExecutor.java:1134)
        at java.util.concurrent.ThreadPoolExecutor$Worker.run(ThreadPoolExecutor.java:624)
        at java.lang.Thread.run(Thread.java:748)
"IPC Server listener on 40923" daemon prio=5 tid=22 runnable
java.lang.Thread.State: RUNNABLE
        at sun.nio.ch.EPollArrayWrapper.epollWait(Native Method)
        at sun.nio.ch.EPollArrayWrapper.poll(EPollArrayWrapper.java:269)
        at sun.nio.ch.EPollSelectorImpl.doSelect(EPollSelectorImpl.java:93)
        at sun.nio.ch.SelectorImpl.lockAndDoSelect(SelectorImpl.java:86)
        at sun.nio.ch.SelectorImpl.select(SelectorImpl.java:97)
        at sun.nio.ch.SelectorImpl.select(SelectorImpl.java:101)
        at org.apache.hadoop.ipc.Server$Listener.run(Server.java:1159)
"pool-56-thread-50"  prio=5 tid=523 in Object.wait()
java.lang.Thread.State: WAITING (on object monitor)
        at sun.misc.Unsafe.park(Native Method)
        at java.util.concurrent.locks.LockSupport.park(LockSupport.java:175)
        at java.util.concurrent.locks.AbstractQueuedSynchronizer$ConditionObject.await(AbstractQueuedSynchronizer.java:2039)
        at java.util.concurrent.ArrayBlockingQueue.take(ArrayBlockingQueue.java:403)
        at java.util.concurrent.ThreadPoolExecutor.getTask(ThreadPoolExecutor.java:1074)
        at java.util.concurrent.ThreadPoolExecutor.runWorker(ThreadPoolExecutor.java:1134)
        at java.util.concurrent.ThreadPoolExecutor$Worker.run(ThreadPoolExecutor.java:624)
        at java.lang.Thread.run(Thread.java:748)
"metrics-hadoop-metrics2-reporter-4-thread-1" daemon prio=5 tid=619 timed_waiting
java.lang.Thread.State: TIMED_WAITING
        at sun.misc.Unsafe.park(Native Method)
        at java.util.concurrent.locks.LockSupport.parkNanos(LockSupport.java:215)
        at java.util.concurrent.locks.AbstractQueuedSynchronizer$ConditionObject.awaitNanos(AbstractQueuedSynchronizer.java:2078)
        at java.util.concurrent.ScheduledThreadPoolExecutor$DelayedWorkQueue.take(ScheduledThreadPoolExecutor.java:1093)
        at java.util.concurrent.ScheduledThreadPoolExecutor$DelayedWorkQueue.take(ScheduledThreadPoolExecutor.java:809)
        at java.util.concurrent.ThreadPoolExecutor.getTask(ThreadPoolExecutor.java:1074)
        at java.util.concurrent.ThreadPoolExecutor.runWorker(ThreadPoolExecutor.java:1134)
        at java.util.concurrent.ThreadPoolExecutor$Worker.run(ThreadPoolExecutor.java:624)
        at java.lang.Thread.run(Thread.java:748)
"qtp1845760645-272" daemon prio=5 tid=272 timed_waiting
java.lang.Thread.State: TIMED_WAITING
        at sun.misc.Unsafe.park(Native Method)
        at java.util.concurrent.locks.LockSupport.parkNanos(LockSupport.java:215)
        at java.util.concurrent.locks.AbstractQueuedSynchronizer$ConditionObject.awaitNanos(AbstractQueuedSynchronizer.java:2078)
        at org.eclipse.jetty.util.BlockingArrayQueue.poll(BlockingArrayQueue.java:392)
        at org.eclipse.jetty.util.thread.QueuedThreadPool.idleJobPoll(QueuedThreadPool.java:563)
        at org.eclipse.jetty.util.thread.QueuedThreadPool.access$800(QueuedThreadPool.java:48)
        at org.eclipse.jetty.util.thread.QueuedThreadPool$2.run(QueuedThreadPool.java:626)
        at java.lang.Thread.run(Thread.java:748)
"org.eclipse.jetty.server.session.HashSessionManager@57c88764Timer" daemon prio=5 tid=144 timed_waiting
java.lang.Thread.State: TIMED_WAITING
        at sun.misc.Unsafe.park(Native Method)
        at java.util.concurrent.locks.LockSupport.parkNanos(LockSupport.java:215)
        at java.util.concurrent.locks.AbstractQueuedSynchronizer$ConditionObject.awaitNanos(AbstractQueuedSynchronizer.java:2078)
        at java.util.concurrent.ScheduledThreadPoolExecutor$DelayedWorkQueue.take(ScheduledThreadPoolExecutor.java:1093)
        at java.util.concurrent.ScheduledThreadPoolExecutor$DelayedWorkQueue.take(ScheduledThreadPoolExecutor.java:809)
        at java.util.concurrent.ThreadPoolExecutor.getTask(ThreadPoolExecutor.java:1074)
        at java.util.concurrent.ThreadPoolExecutor.runWorker(ThreadPoolExecutor.java:1134)
        at java.util.concurrent.ThreadPoolExecutor$Worker.run(ThreadPoolExecutor.java:624)
        at java.lang.Thread.run(Thread.java:748)
"KeyDeletingService#1" daemon prio=5 tid=129 timed_waiting
java.lang.Thread.State: TIMED_WAITING
        at sun.misc.Unsafe.park(Native Method)
        at java.util.concurrent.locks.LockSupport.parkNanos(LockSupport.java:215)
        at java.util.concurrent.locks.AbstractQueuedSynchronizer$ConditionObject.awaitNanos(AbstractQueuedSynchronizer.java:2078)
        at java.util.concurrent.ScheduledThreadPoolExecutor$DelayedWorkQueue.take(ScheduledThreadPoolExecutor.java:1093)
        at java.util.concurrent.ScheduledThreadPoolExecutor$DelayedWorkQueue.take(ScheduledThreadPoolExecutor.java:809)
        at java.util.concurrent.ThreadPoolExecutor.getTask(ThreadPoolExecutor.java:1074)
        at java.util.concurrent.ThreadPoolExecutor.runWorker(ThreadPoolExecutor.java:1134)
        at java.util.concurrent.ThreadPoolExecutor$Worker.run(ThreadPoolExecutor.java:624)
        at java.lang.Thread.run(Thread.java:748)
"IPC Server handler 11 on 33004" daemon prio=5 tid=80 timed_waiting
java.lang.Thread.State: TIMED_WAITING
        at sun.misc.Unsafe.park(Native Method)
        at java.util.concurrent.locks.LockSupport.parkNanos(LockSupport.java:215)
        at java.util.concurrent.locks.AbstractQueuedSynchronizer$ConditionObject.awaitNanos(AbstractQueuedSynchronizer.java:2078)
        at java.util.concurrent.LinkedBlockingQueue.poll(LinkedBlockingQueue.java:467)
        at org.apache.hadoop.ipc.CallQueueManager.take(CallQueueManager.java:288)
        at org.apache.hadoop.ipc.Server$Handler.run(Server.java:2668)
"Datanode ReportManager Thread - 1" daemon prio=5 tid=280 in Object.wait()
java.lang.Thread.State: WAITING (on object monitor)
        at sun.misc.Unsafe.park(Native Method)
        at java.util.concurrent.locks.LockSupport.park(LockSupport.java:175)
        at java.util.concurrent.locks.AbstractQueuedSynchronizer$ConditionObject.await(AbstractQueuedSynchronizer.java:2039)
        at java.util.concurrent.ScheduledThreadPoolExecutor$DelayedWorkQueue.take(ScheduledThreadPoolExecutor.java:1088)
        at java.util.concurrent.ScheduledThreadPoolExecutor$DelayedWorkQueue.take(ScheduledThreadPoolExecutor.java:809)
        at java.util.concurrent.ThreadPoolExecutor.getTask(ThreadPoolExecutor.java:1074)
        at java.util.concurrent.ThreadPoolExecutor.runWorker(ThreadPoolExecutor.java:1134)
        at java.util.concurrent.ThreadPoolExecutor$Worker.run(ThreadPoolExecutor.java:624)
        at java.lang.Thread.run(Thread.java:748)
"Command processor thread" daemon prio=5 tid=256 timed_waiting
java.lang.Thread.State: TIMED_WAITING
        at java.lang.Thread.sleep(Native Method)
        at org.apache.hadoop.ozone.container.common.statemachine.DatanodeStateMachine.lambda$initCommandHandlerThread$1(DatanodeStateMachine.java:439)
        at org.apache.hadoop.ozone.container.common.statemachine.DatanodeStateMachine$$Lambda$141/1433245022.run(Unknown Source)
        at java.lang.Thread.run(Thread.java:748)
"Datanode ReportManager Thread - 2" daemon prio=5 tid=173 in Object.wait()
java.lang.Thread.State: WAITING (on object monitor)
        at sun.misc.Unsafe.park(Native Method)
        at java.util.concurrent.locks.LockSupport.park(LockSupport.java:175)
        at java.util.concurrent.locks.AbstractQueuedSynchronizer$ConditionObject.await(AbstractQueuedSynchronizer.java:2039)
        at java.util.concurrent.ScheduledThreadPoolExecutor$DelayedWorkQueue.take(ScheduledThreadPoolExecutor.java:1088)
        at java.util.concurrent.ScheduledThreadPoolExecutor$DelayedWorkQueue.take(ScheduledThreadPoolExecutor.java:809)
        at java.util.concurrent.ThreadPoolExecutor.getTask(ThreadPoolExecutor.java:1074)
        at java.util.concurrent.ThreadPoolExecutor.runWorker(ThreadPoolExecutor.java:1134)
        at java.util.concurrent.ThreadPoolExecutor$Worker.run(ThreadPoolExecutor.java:624)
        at java.lang.Thread.run(Thread.java:748)
"IPC Server handler 11 on 40923" daemon prio=5 tid=40 timed_waiting
java.lang.Thread.State: TIMED_WAITING
        at sun.misc.Unsafe.park(Native Method)
        at java.util.concurrent.locks.LockSupport.parkNanos(LockSupport.java:215)
        at java.util.concurrent.locks.AbstractQueuedSynchronizer$ConditionObject.awaitNanos(AbstractQueuedSynchronizer.java:2078)
        at java.util.concurrent.LinkedBlockingQueue.poll(LinkedBlockingQueue.java:467)
        at org.apache.hadoop.ipc.CallQueueManager.take(CallQueueManager.java:288)
        at org.apache.hadoop.ipc.Server$Handler.run(Server.java:2668)
"5c3956af-60d3-411f-8c98-c7ed3576de5c@group-9043730FD47D-SegmentedRaftLogWorker"  prio=5 tid=627 timed_waiting
java.lang.Thread.State: TIMED_WAITING
        at sun.misc.Unsafe.park(Native Method)
        at java.util.concurrent.locks.LockSupport.parkNanos(LockSupport.java:215)
        at java.util.concurrent.locks.AbstractQueuedSynchronizer$ConditionObject.awaitNanos(AbstractQueuedSynchronizer.java:2078)
        at org.apache.ratis.util.DataBlockingQueue.poll(DataBlockingQueue.java:137)
        at org.apache.ratis.server.raftlog.segmented.SegmentedRaftLogWorker.run(SegmentedRaftLogWorker.java:282)
        at java.lang.Thread.run(Thread.java:748)
"pool-26-thread-21"  prio=5 tid=307 in Object.wait()
java.lang.Thread.State: WAITING (on object monitor)
        at sun.misc.Unsafe.park(Native Method)
        at java.util.concurrent.locks.LockSupport.park(LockSupport.java:175)
        at java.util.concurrent.locks.AbstractQueuedSynchronizer$ConditionObject.await(AbstractQueuedSynchronizer.java:2039)
        at java.util.concurrent.ArrayBlockingQueue.take(ArrayBlockingQueue.java:403)
        at java.util.concurrent.ThreadPoolExecutor.getTask(ThreadPoolExecutor.java:1074)
        at java.util.concurrent.ThreadPoolExecutor.runWorker(ThreadPoolExecutor.java:1134)
        at java.util.concurrent.ThreadPoolExecutor$Worker.run(ThreadPoolExecutor.java:624)
        at java.lang.Thread.run(Thread.java:748)
"pool-66-thread-44"  prio=5 tid=579 in Object.wait()
java.lang.Thread.State: WAITING (on object monitor)
        at sun.misc.Unsafe.park(Native Method)
        at java.util.concurrent.locks.LockSupport.park(LockSupport.java:175)
        at java.util.concurrent.locks.AbstractQueuedSynchronizer$ConditionObject.await(AbstractQueuedSynchronizer.java:2039)
        at java.util.concurrent.ArrayBlockingQueue.take(ArrayBlockingQueue.java:403)
        at java.util.concurrent.ThreadPoolExecutor.getTask(ThreadPoolExecutor.java:1074)
        at java.util.concurrent.ThreadPoolExecutor.runWorker(ThreadPoolExecutor.java:1134)
        at java.util.concurrent.ThreadPoolExecutor$Worker.run(ThreadPoolExecutor.java:624)
        at java.lang.Thread.run(Thread.java:748)
"pool-36-thread-25"  prio=5 tid=371 in Object.wait()
java.lang.Thread.State: WAITING (on object monitor)
        at sun.misc.Unsafe.park(Native Method)
        at java.util.concurrent.locks.LockSupport.park(LockSupport.java:175)
        at java.util.concurrent.locks.AbstractQueuedSynchronizer$ConditionObject.await(AbstractQueuedSynchronizer.java:2039)
        at java.util.concurrent.ArrayBlockingQueue.take(ArrayBlockingQueue.java:403)
        at java.util.concurrent.ThreadPoolExecutor.getTask(ThreadPoolExecutor.java:1074)
        at java.util.concurrent.ThreadPoolExecutor.runWorker(ThreadPoolExecutor.java:1134)
        at java.util.concurrent.ThreadPoolExecutor$Worker.run(ThreadPoolExecutor.java:624)
        at java.lang.Thread.run(Thread.java:748)
"metrics-hadoop-metrics2-reporter-16-thread-1" daemon prio=5 tid=648 timed_waiting
java.lang.Thread.State: TIMED_WAITING
        at sun.misc.Unsafe.park(Native Method)
        at java.util.concurrent.locks.LockSupport.parkNanos(LockSupport.java:215)
        at java.util.concurrent.locks.AbstractQueuedSynchronizer$ConditionObject.awaitNanos(AbstractQueuedSynchronizer.java:2078)
        at java.util.concurrent.ScheduledThreadPoolExecutor$DelayedWorkQueue.take(ScheduledThreadPoolExecutor.java:1093)
        at java.util.concurrent.ScheduledThreadPoolExecutor$DelayedWorkQueue.take(ScheduledThreadPoolExecutor.java:809)
        at java.util.concurrent.ThreadPoolExecutor.getTask(ThreadPoolExecutor.java:1074)
        at java.util.concurrent.ThreadPoolExecutor.runWorker(ThreadPoolExecutor.java:1134)
        at java.util.concurrent.ThreadPoolExecutor$Worker.run(ThreadPoolExecutor.java:624)
        at java.lang.Thread.run(Thread.java:748)
"qtp1003663195-243" daemon prio=5 tid=243 timed_waiting
java.lang.Thread.State: TIMED_WAITING
        at sun.misc.Unsafe.park(Native Method)
        at java.util.concurrent.locks.LockSupport.parkNanos(LockSupport.java:215)
        at java.util.concurrent.locks.AbstractQueuedSynchronizer$ConditionObject.awaitNanos(AbstractQueuedSynchronizer.java:2078)
        at org.eclipse.jetty.util.BlockingArrayQueue.poll(BlockingArrayQueue.java:392)
        at org.eclipse.jetty.util.thread.QueuedThreadPool.idleJobPoll(QueuedThreadPool.java:563)
        at org.eclipse.jetty.util.thread.QueuedThreadPool.access$800(QueuedThreadPool.java:48)
        at org.eclipse.jetty.util.thread.QueuedThreadPool$2.run(QueuedThreadPool.java:626)
        at java.lang.Thread.run(Thread.java:748)
"qtp650859015-164" daemon prio=5 tid=164 timed_waiting
java.lang.Thread.State: TIMED_WAITING
        at sun.misc.Unsafe.park(Native Method)
        at java.util.concurrent.locks.LockSupport.parkNanos(LockSupport.java:215)
        at java.util.concurrent.locks.AbstractQueuedSynchronizer$ConditionObject.awaitNanos(AbstractQueuedSynchronizer.java:2078)
        at org.eclipse.jetty.util.BlockingArrayQueue.poll(BlockingArrayQueue.java:392)
        at org.eclipse.jetty.util.thread.QueuedThreadPool.idleJobPoll(QueuedThreadPool.java:563)
        at org.eclipse.jetty.util.thread.QueuedThreadPool.access$800(QueuedThreadPool.java:48)
        at org.eclipse.jetty.util.thread.QueuedThreadPool$2.run(QueuedThreadPool.java:626)
        at java.lang.Thread.run(Thread.java:748)
"pool-46-thread-18"  prio=5 tid=424 in Object.wait()
java.lang.Thread.State: WAITING (on object monitor)
        at sun.misc.Unsafe.park(Native Method)
        at java.util.concurrent.locks.LockSupport.park(LockSupport.java:175)
        at java.util.concurrent.locks.AbstractQueuedSynchronizer$ConditionObject.await(AbstractQueuedSynchronizer.java:2039)
        at java.util.concurrent.ArrayBlockingQueue.take(ArrayBlockingQueue.java:403)
        at java.util.concurrent.ThreadPoolExecutor.getTask(ThreadPoolExecutor.java:1074)
        at java.util.concurrent.ThreadPoolExecutor.runWorker(ThreadPoolExecutor.java:1134)
        at java.util.concurrent.ThreadPoolExecutor$Worker.run(ThreadPoolExecutor.java:624)
        at java.lang.Thread.run(Thread.java:748)
"pool-36-thread-5"  prio=5 tid=351 in Object.wait()
java.lang.Thread.State: WAITING (on object monitor)
        at sun.misc.Unsafe.park(Native Method)
        at java.util.concurrent.locks.LockSupport.park(LockSupport.java:175)
        at java.util.concurrent.locks.AbstractQueuedSynchronizer$ConditionObject.await(AbstractQueuedSynchronizer.java:2039)
        at java.util.concurrent.ArrayBlockingQueue.take(ArrayBlockingQueue.java:403)
        at java.util.concurrent.ThreadPoolExecutor.getTask(ThreadPoolExecutor.java:1074)
        at java.util.concurrent.ThreadPoolExecutor.runWorker(ThreadPoolExecutor.java:1134)
        at java.util.concurrent.ThreadPoolExecutor$Worker.run(ThreadPoolExecutor.java:624)
        at java.lang.Thread.run(Thread.java:748)
"pool-26-thread-40"  prio=5 tid=326 in Object.wait()
java.lang.Thread.State: WAITING (on object monitor)
        at sun.misc.Unsafe.park(Native Method)
        at java.util.concurrent.locks.LockSupport.park(LockSupport.java:175)
        at java.util.concurrent.locks.AbstractQueuedSynchronizer$ConditionObject.await(AbstractQueuedSynchronizer.java:2039)
        at java.util.concurrent.ArrayBlockingQueue.take(ArrayBlockingQueue.java:403)
        at java.util.concurrent.ThreadPoolExecutor.getTask(ThreadPoolExecutor.java:1074)
        at java.util.concurrent.ThreadPoolExecutor.runWorker(ThreadPoolExecutor.java:1134)
        at java.util.concurrent.ThreadPoolExecutor$Worker.run(ThreadPoolExecutor.java:624)
        at java.lang.Thread.run(Thread.java:748)
"IPC Server handler 0 on 46821" daemon prio=5 tid=49 timed_waiting
java.lang.Thread.State: TIMED_WAITING
        at sun.misc.Unsafe.park(Native Method)
        at java.util.concurrent.locks.LockSupport.parkNanos(LockSupport.java:215)
        at java.util.concurrent.locks.AbstractQueuedSynchronizer$ConditionObject.awaitNanos(AbstractQueuedSynchronizer.java:2078)
        at java.util.concurrent.LinkedBlockingQueue.poll(LinkedBlockingQueue.java:467)
        at org.apache.hadoop.ipc.CallQueueManager.take(CallQueueManager.java:288)
        at org.apache.hadoop.ipc.Server$Handler.run(Server.java:2668)
"IPC Server handler 1 on 40923" daemon prio=5 tid=30 timed_waiting
java.lang.Thread.State: TIMED_WAITING
        at sun.misc.Unsafe.park(Native Method)
        at java.util.concurrent.locks.LockSupport.parkNanos(LockSupport.java:215)
        at java.util.concurrent.locks.AbstractQueuedSynchronizer$ConditionObject.awaitNanos(AbstractQueuedSynchronizer.java:2078)
        at java.util.concurrent.LinkedBlockingQueue.poll(LinkedBlockingQueue.java:467)
        at org.apache.hadoop.ipc.CallQueueManager.take(CallQueueManager.java:288)
        at org.apache.hadoop.ipc.Server$Handler.run(Server.java:2668)
"pool-36-thread-53"  prio=5 tid=399 in Object.wait()
java.lang.Thread.State: WAITING (on object monitor)
        at sun.misc.Unsafe.park(Native Method)
        at java.util.concurrent.locks.LockSupport.park(LockSupport.java:175)
        at java.util.concurrent.locks.AbstractQueuedSynchronizer$ConditionObject.await(AbstractQueuedSynchronizer.java:2039)
        at java.util.concurrent.ArrayBlockingQueue.take(ArrayBlockingQueue.java:403)
        at java.util.concurrent.ThreadPoolExecutor.getTask(ThreadPoolExecutor.java:1074)
        at java.util.concurrent.ThreadPoolExecutor.runWorker(ThreadPoolExecutor.java:1134)
        at java.util.concurrent.ThreadPoolExecutor$Worker.run(ThreadPoolExecutor.java:624)
        at java.lang.Thread.run(Thread.java:748)
"prometheus" daemon prio=5 tid=100 in Object.wait()
java.lang.Thread.State: WAITING (on object monitor)
        at java.lang.Object.wait(Native Method)
        at java.lang.Object.wait(Object.java:502)
        at org.apache.hadoop.metrics2.impl.SinkQueue.waitForData(SinkQueue.java:114)
        at org.apache.hadoop.metrics2.impl.SinkQueue.consumeAll(SinkQueue.java:83)
        at org.apache.hadoop.metrics2.impl.MetricsSinkAdapter.publishMetricsFromQueue(MetricsSinkAdapter.java:135)
        at org.apache.hadoop.metrics2.impl.MetricsSinkAdapter$1.run(MetricsSinkAdapter.java:89)
"pool-46-thread-13"  prio=5 tid=419 in Object.wait()
java.lang.Thread.State: WAITING (on object monitor)
        at sun.misc.Unsafe.park(Native Method)
        at java.util.concurrent.locks.LockSupport.park(LockSupport.java:175)
        at java.util.concurrent.locks.AbstractQueuedSynchronizer$ConditionObject.await(AbstractQueuedSynchronizer.java:2039)
        at java.util.concurrent.ArrayBlockingQueue.take(ArrayBlockingQueue.java:403)
        at java.util.concurrent.ThreadPoolExecutor.getTask(ThreadPoolExecutor.java:1074)
        at java.util.concurrent.ThreadPoolExecutor.runWorker(ThreadPoolExecutor.java:1134)
        at java.util.concurrent.ThreadPoolExecutor$Worker.run(ThreadPoolExecutor.java:624)
        at java.lang.Thread.run(Thread.java:748)
"pool-26-thread-37"  prio=5 tid=323 in Object.wait()
java.lang.Thread.State: WAITING (on object monitor)
        at sun.misc.Unsafe.park(Native Method)
        at java.util.concurrent.locks.LockSupport.park(LockSupport.java:175)
        at java.util.concurrent.locks.AbstractQueuedSynchronizer$ConditionObject.await(AbstractQueuedSynchronizer.java:2039)
        at java.util.concurrent.ArrayBlockingQueue.take(ArrayBlockingQueue.java:403)
        at java.util.concurrent.ThreadPoolExecutor.getTask(ThreadPoolExecutor.java:1074)
        at java.util.concurrent.ThreadPoolExecutor.runWorker(ThreadPoolExecutor.java:1134)
        at java.util.concurrent.ThreadPoolExecutor$Worker.run(ThreadPoolExecutor.java:624)
        at java.lang.Thread.run(Thread.java:748)
"pool-26-thread-14"  prio=5 tid=300 in Object.wait()
java.lang.Thread.State: WAITING (on object monitor)
        at sun.misc.Unsafe.park(Native Method)
        at java.util.concurrent.locks.LockSupport.park(LockSupport.java:175)
        at java.util.concurrent.locks.AbstractQueuedSynchronizer$ConditionObject.await(AbstractQueuedSynchronizer.java:2039)
        at java.util.concurrent.ArrayBlockingQueue.take(ArrayBlockingQueue.java:403)
        at java.util.concurrent.ThreadPoolExecutor.getTask(ThreadPoolExecutor.java:1074)
        at java.util.concurrent.ThreadPoolExecutor.runWorker(ThreadPoolExecutor.java:1134)
        at java.util.concurrent.ThreadPoolExecutor$Worker.run(ThreadPoolExecutor.java:624)
        at java.lang.Thread.run(Thread.java:748)
"IPC Server handler 3 on 40923" daemon prio=5 tid=32 timed_waiting
java.lang.Thread.State: TIMED_WAITING
        at sun.misc.Unsafe.park(Native Method)
        at java.util.concurrent.locks.LockSupport.parkNanos(LockSupport.java:215)
        at java.util.concurrent.locks.AbstractQueuedSynchronizer$ConditionObject.awaitNanos(AbstractQueuedSynchronizer.java:2078)
        at java.util.concurrent.LinkedBlockingQueue.poll(LinkedBlockingQueue.java:467)
        at org.apache.hadoop.ipc.CallQueueManager.take(CallQueueManager.java:288)
        at org.apache.hadoop.ipc.Server$Handler.run(Server.java:2668)
"pool-36-thread-43"  prio=5 tid=389 in Object.wait()
java.lang.Thread.State: WAITING (on object monitor)
        at sun.misc.Unsafe.park(Native Method)
        at java.util.concurrent.locks.LockSupport.park(LockSupport.java:175)
        at java.util.concurrent.locks.AbstractQueuedSynchronizer$ConditionObject.await(AbstractQueuedSynchronizer.java:2039)
        at java.util.concurrent.ArrayBlockingQueue.take(ArrayBlockingQueue.java:403)
        at java.util.concurrent.ThreadPoolExecutor.getTask(ThreadPoolExecutor.java:1074)
        at java.util.concurrent.ThreadPoolExecutor.runWorker(ThreadPoolExecutor.java:1134)
        at java.util.concurrent.ThreadPoolExecutor$Worker.run(ThreadPoolExecutor.java:624)
        at java.lang.Thread.run(Thread.java:748)
"qtp650859015-163" daemon prio=5 tid=163 timed_waiting
java.lang.Thread.State: TIMED_WAITING
        at sun.misc.Unsafe.park(Native Method)
        at java.util.concurrent.locks.LockSupport.parkNanos(LockSupport.java:215)
        at java.util.concurrent.locks.AbstractQueuedSynchronizer$ConditionObject.awaitNanos(AbstractQueuedSynchronizer.java:2078)
        at org.eclipse.jetty.util.BlockingArrayQueue.poll(BlockingArrayQueue.java:392)
        at org.eclipse.jetty.util.thread.QueuedThreadPool.idleJobPoll(QueuedThreadPool.java:563)
        at org.eclipse.jetty.util.thread.QueuedThreadPool.access$800(QueuedThreadPool.java:48)
        at org.eclipse.jetty.util.thread.QueuedThreadPool$2.run(QueuedThreadPool.java:626)
        at java.lang.Thread.run(Thread.java:748)
"pool-66-thread-49"  prio=5 tid=584 in Object.wait()
java.lang.Thread.State: WAITING (on object monitor)
        at sun.misc.Unsafe.park(Native Method)
        at java.util.concurrent.locks.LockSupport.park(LockSupport.java:175)
        at java.util.concurrent.locks.AbstractQueuedSynchronizer$ConditionObject.await(AbstractQueuedSynchronizer.java:2039)
        at java.util.concurrent.ArrayBlockingQueue.take(ArrayBlockingQueue.java:403)
        at java.util.concurrent.ThreadPoolExecutor.getTask(ThreadPoolExecutor.java:1074)
        at java.util.concurrent.ThreadPoolExecutor.runWorker(ThreadPoolExecutor.java:1134)
        at java.util.concurrent.ThreadPoolExecutor$Worker.run(ThreadPoolExecutor.java:624)
        at java.lang.Thread.run(Thread.java:748)
"pool-46-thread-7"  prio=5 tid=413 in Object.wait()
java.lang.Thread.State: WAITING (on object monitor)
        at sun.misc.Unsafe.park(Native Method)
        at java.util.concurrent.locks.LockSupport.park(LockSupport.java:175)
        at java.util.concurrent.locks.AbstractQueuedSynchronizer$ConditionObject.await(AbstractQueuedSynchronizer.java:2039)
        at java.util.concurrent.ArrayBlockingQueue.take(ArrayBlockingQueue.java:403)
        at java.util.concurrent.ThreadPoolExecutor.getTask(ThreadPoolExecutor.java:1074)
        at java.util.concurrent.ThreadPoolExecutor.runWorker(ThreadPoolExecutor.java:1134)
        at java.util.concurrent.ThreadPoolExecutor$Worker.run(ThreadPoolExecutor.java:624)
        at java.lang.Thread.run(Thread.java:748)
"SCMBlockDeletingService#1" daemon prio=5 tid=103 timed_waiting
java.lang.Thread.State: TIMED_WAITING
        at sun.misc.Unsafe.park(Native Method)
        at java.util.concurrent.locks.LockSupport.parkNanos(LockSupport.java:215)
        at java.util.concurrent.locks.AbstractQueuedSynchronizer$ConditionObject.awaitNanos(AbstractQueuedSynchronizer.java:2078)
        at java.util.concurrent.ScheduledThreadPoolExecutor$DelayedWorkQueue.take(ScheduledThreadPoolExecutor.java:1093)
        at java.util.concurrent.ScheduledThreadPoolExecutor$DelayedWorkQueue.take(ScheduledThreadPoolExecutor.java:809)
        at java.util.concurrent.ThreadPoolExecutor.getTask(ThreadPoolExecutor.java:1074)
        at java.util.concurrent.ThreadPoolExecutor.runWorker(ThreadPoolExecutor.java:1134)
        at java.util.concurrent.ThreadPoolExecutor$Worker.run(ThreadPoolExecutor.java:624)
        at java.lang.Thread.run(Thread.java:748)
"IPC Server handler 0 on 35444" daemon prio=5 tid=114 timed_waiting
java.lang.Thread.State: TIMED_WAITING
        at sun.misc.Unsafe.park(Native Method)
        at java.util.concurrent.locks.LockSupport.parkNanos(LockSupport.java:215)
        at java.util.concurrent.locks.AbstractQueuedSynchronizer$ConditionObject.awaitNanos(AbstractQueuedSynchronizer.java:2078)
        at java.util.concurrent.LinkedBlockingQueue.poll(LinkedBlockingQueue.java:467)
        at org.apache.hadoop.ipc.CallQueueManager.take(CallQueueManager.java:288)
        at org.apache.hadoop.ipc.Server$Handler.run(Server.java:2668)
"Datanode ReportManager Thread - 1" daemon prio=5 tid=172 in Object.wait()
java.lang.Thread.State: WAITING (on object monitor)
        at sun.misc.Unsafe.park(Native Method)
        at java.util.concurrent.locks.LockSupport.park(LockSupport.java:175)
        at java.util.concurrent.locks.AbstractQueuedSynchronizer$ConditionObject.await(AbstractQueuedSynchronizer.java:2039)
        at java.util.concurrent.ScheduledThreadPoolExecutor$DelayedWorkQueue.take(ScheduledThreadPoolExecutor.java:1088)
        at java.util.concurrent.ScheduledThreadPoolExecutor$DelayedWorkQueue.take(ScheduledThreadPoolExecutor.java:809)
        at java.util.concurrent.ThreadPoolExecutor.getTask(ThreadPoolExecutor.java:1074)
        at java.util.concurrent.ThreadPoolExecutor.runWorker(ThreadPoolExecutor.java:1134)
        at java.util.concurrent.ThreadPoolExecutor$Worker.run(ThreadPoolExecutor.java:624)
        at java.lang.Thread.run(Thread.java:748)
"pool-66-thread-11"  prio=5 tid=546 in Object.wait()
java.lang.Thread.State: WAITING (on object monitor)
        at sun.misc.Unsafe.park(Native Method)
        at java.util.concurrent.locks.LockSupport.park(LockSupport.java:175)
        at java.util.concurrent.locks.AbstractQueuedSynchronizer$ConditionObject.await(AbstractQueuedSynchronizer.java:2039)
        at java.util.concurrent.ArrayBlockingQueue.take(ArrayBlockingQueue.java:403)
        at java.util.concurrent.ThreadPoolExecutor.getTask(ThreadPoolExecutor.java:1074)
        at java.util.concurrent.ThreadPoolExecutor.runWorker(ThreadPoolExecutor.java:1134)
        at java.util.concurrent.ThreadPoolExecutor$Worker.run(ThreadPoolExecutor.java:624)
        at java.lang.Thread.run(Thread.java:748)
"EventQueue-PipelineReportForPipelineReportHandler" daemon prio=5 tid=603 in Object.wait()
java.lang.Thread.State: WAITING (on object monitor)
        at sun.misc.Unsafe.park(Native Method)
        at java.util.concurrent.locks.LockSupport.park(LockSupport.java:175)
        at java.util.concurrent.locks.AbstractQueuedSynchronizer$ConditionObject.await(AbstractQueuedSynchronizer.java:2039)
        at java.util.concurrent.LinkedBlockingQueue.take(LinkedBlockingQueue.java:442)
        at java.util.concurrent.ThreadPoolExecutor.getTask(ThreadPoolExecutor.java:1074)
        at java.util.concurrent.ThreadPoolExecutor.runWorker(ThreadPoolExecutor.java:1134)
        at java.util.concurrent.ThreadPoolExecutor$Worker.run(ThreadPoolExecutor.java:624)
        at java.lang.Thread.run(Thread.java:748)
"pool-66-thread-5"  prio=5 tid=540 in Object.wait()
java.lang.Thread.State: WAITING (on object monitor)
        at sun.misc.Unsafe.park(Native Method)
        at java.util.concurrent.locks.LockSupport.park(LockSupport.java:175)
        at java.util.concurrent.locks.AbstractQueuedSynchronizer$ConditionObject.await(AbstractQueuedSynchronizer.java:2039)
        at java.util.concurrent.ArrayBlockingQueue.take(ArrayBlockingQueue.java:403)
        at java.util.concurrent.ThreadPoolExecutor.getTask(ThreadPoolExecutor.java:1074)
        at java.util.concurrent.ThreadPoolExecutor.runWorker(ThreadPoolExecutor.java:1134)
        at java.util.concurrent.ThreadPoolExecutor$Worker.run(ThreadPoolExecutor.java:624)
        at java.lang.Thread.run(Thread.java:748)
"pool-66-thread-1"  prio=5 tid=536 in Object.wait()
java.lang.Thread.State: WAITING (on object monitor)
        at sun.misc.Unsafe.park(Native Method)
        at java.util.concurrent.locks.LockSupport.park(LockSupport.java:175)
        at java.util.concurrent.locks.AbstractQueuedSynchronizer$ConditionObject.await(AbstractQueuedSynchronizer.java:2039)
        at java.util.concurrent.ArrayBlockingQueue.take(ArrayBlockingQueue.java:403)
        at java.util.concurrent.ThreadPoolExecutor.getTask(ThreadPoolExecutor.java:1074)
        at java.util.concurrent.ThreadPoolExecutor.runWorker(ThreadPoolExecutor.java:1134)
        at java.util.concurrent.ThreadPoolExecutor$Worker.run(ThreadPoolExecutor.java:624)
        at java.lang.Thread.run(Thread.java:748)
"pool-36-thread-18"  prio=5 tid=364 in Object.wait()
java.lang.Thread.State: WAITING (on object monitor)
        at sun.misc.Unsafe.park(Native Method)
        at java.util.concurrent.locks.LockSupport.park(LockSupport.java:175)
        at java.util.concurrent.locks.AbstractQueuedSynchronizer$ConditionObject.await(AbstractQueuedSynchronizer.java:2039)
        at java.util.concurrent.ArrayBlockingQueue.take(ArrayBlockingQueue.java:403)
        at java.util.concurrent.ThreadPoolExecutor.getTask(ThreadPoolExecutor.java:1074)
        at java.util.concurrent.ThreadPoolExecutor.runWorker(ThreadPoolExecutor.java:1134)
        at java.util.concurrent.ThreadPoolExecutor$Worker.run(ThreadPoolExecutor.java:624)
        at java.lang.Thread.run(Thread.java:748)
"Periodic HDDS volume checker"  prio=5 tid=233 timed_waiting
java.lang.Thread.State: TIMED_WAITING
        at sun.misc.Unsafe.park(Native Method)
        at java.util.concurrent.locks.LockSupport.parkNanos(LockSupport.java:215)
        at java.util.concurrent.locks.AbstractQueuedSynchronizer$ConditionObject.awaitNanos(AbstractQueuedSynchronizer.java:2078)
        at java.util.concurrent.ScheduledThreadPoolExecutor$DelayedWorkQueue.take(ScheduledThreadPoolExecutor.java:1093)
        at java.util.concurrent.ScheduledThreadPoolExecutor$DelayedWorkQueue.take(ScheduledThreadPoolExecutor.java:809)
        at java.util.concurrent.ThreadPoolExecutor.getTask(ThreadPoolExecutor.java:1074)
        at java.util.concurrent.ThreadPoolExecutor.runWorker(ThreadPoolExecutor.java:1134)
        at java.util.concurrent.ThreadPoolExecutor$Worker.run(ThreadPoolExecutor.java:624)
        at java.lang.Thread.run(Thread.java:748)
"org.apache.hadoop.util.JvmPauseMonitor$Monitor@345e5a17" daemon prio=5 tid=102 timed_waiting
java.lang.Thread.State: TIMED_WAITING
        at java.lang.Thread.sleep(Native Method)
        at org.apache.hadoop.util.JvmPauseMonitor$Monitor.run(JvmPauseMonitor.java:192)
        at java.lang.Thread.run(Thread.java:748)
"pool-66-thread-53"  prio=5 tid=588 in Object.wait()
java.lang.Thread.State: WAITING (on object monitor)
        at sun.misc.Unsafe.park(Native Method)
        at java.util.concurrent.locks.LockSupport.park(LockSupport.java:175)
        at java.util.concurrent.locks.AbstractQueuedSynchronizer$ConditionObject.await(AbstractQueuedSynchronizer.java:2039)
        at java.util.concurrent.ArrayBlockingQueue.take(ArrayBlockingQueue.java:403)
        at java.util.concurrent.ThreadPoolExecutor.getTask(ThreadPoolExecutor.java:1074)
        at java.util.concurrent.ThreadPoolExecutor.runWorker(ThreadPoolExecutor.java:1134)
        at java.util.concurrent.ThreadPoolExecutor$Worker.run(ThreadPoolExecutor.java:624)
        at java.lang.Thread.run(Thread.java:748)
"pool-56-thread-26"  prio=5 tid=499 in Object.wait()
java.lang.Thread.State: WAITING (on object monitor)
        at sun.misc.Unsafe.park(Native Method)
        at java.util.concurrent.locks.LockSupport.park(LockSupport.java:175)
        at java.util.concurrent.locks.AbstractQueuedSynchronizer$ConditionObject.await(AbstractQueuedSynchronizer.java:2039)
        at java.util.concurrent.ArrayBlockingQueue.take(ArrayBlockingQueue.java:403)
        at java.util.concurrent.ThreadPoolExecutor.getTask(ThreadPoolExecutor.java:1074)
        at java.util.concurrent.ThreadPoolExecutor.runWorker(ThreadPoolExecutor.java:1134)
        at java.util.concurrent.ThreadPoolExecutor$Worker.run(ThreadPoolExecutor.java:624)
        at java.lang.Thread.run(Thread.java:748)
"pool-56-thread-55"  prio=5 tid=528 in Object.wait()
java.lang.Thread.State: WAITING (on object monitor)
        at sun.misc.Unsafe.park(Native Method)
        at java.util.concurrent.locks.LockSupport.park(LockSupport.java:175)
        at java.util.concurrent.locks.AbstractQueuedSynchronizer$ConditionObject.await(AbstractQueuedSynchronizer.java:2039)
        at java.util.concurrent.ArrayBlockingQueue.take(ArrayBlockingQueue.java:403)
        at java.util.concurrent.ThreadPoolExecutor.getTask(ThreadPoolExecutor.java:1074)
        at java.util.concurrent.ThreadPoolExecutor.runWorker(ThreadPoolExecutor.java:1134)
        at java.util.concurrent.ThreadPoolExecutor$Worker.run(ThreadPoolExecutor.java:624)
        at java.lang.Thread.run(Thread.java:748)
"pool-70-thread-1"  prio=5 tid=266 timed_waiting
java.lang.Thread.State: TIMED_WAITING
        at sun.misc.Unsafe.park(Native Method)
        at java.util.concurrent.locks.LockSupport.parkNanos(LockSupport.java:215)
        at java.util.concurrent.locks.AbstractQueuedSynchronizer$ConditionObject.awaitNanos(AbstractQueuedSynchronizer.java:2078)
        at java.util.concurrent.ScheduledThreadPoolExecutor$DelayedWorkQueue.take(ScheduledThreadPoolExecutor.java:1093)
        at java.util.concurrent.ScheduledThreadPoolExecutor$DelayedWorkQueue.take(ScheduledThreadPoolExecutor.java:809)
        at java.util.concurrent.ThreadPoolExecutor.getTask(ThreadPoolExecutor.java:1074)
        at java.util.concurrent.ThreadPoolExecutor.runWorker(ThreadPoolExecutor.java:1134)
        at java.util.concurrent.ThreadPoolExecutor$Worker.run(ThreadPoolExecutor.java:624)
        at java.lang.Thread.run(Thread.java:748)
"qtp1043358826-90-acceptor-0@6a1a9794-ServerConnector@285f09de{HTTP/1.1,[http/1.1]}{0.0.0.0:44482}" daemon prio=3 tid=90 runnable
java.lang.Thread.State: RUNNABLE
        at sun.nio.ch.ServerSocketChannelImpl.accept0(Native Method)
        at sun.nio.ch.ServerSocketChannelImpl.accept(ServerSocketChannelImpl.java:422)
        at sun.nio.ch.ServerSocketChannelImpl.accept(ServerSocketChannelImpl.java:250)
        at org.eclipse.jetty.server.ServerConnector.accept(ServerConnector.java:397)
        at org.eclipse.jetty.server.AbstractConnector$Acceptor.run(AbstractConnector.java:601)
        at org.eclipse.jetty.util.thread.QueuedThreadPool.runJob(QueuedThreadPool.java:671)
        at org.eclipse.jetty.util.thread.QueuedThreadPool$2.run(QueuedThreadPool.java:589)
        at java.lang.Thread.run(Thread.java:748)
"pool-46-thread-34"  prio=5 tid=440 in Object.wait()
java.lang.Thread.State: WAITING (on object monitor)
        at sun.misc.Unsafe.park(Native Method)
        at java.util.concurrent.locks.LockSupport.park(LockSupport.java:175)
        at java.util.concurrent.locks.AbstractQueuedSynchronizer$ConditionObject.await(AbstractQueuedSynchronizer.java:2039)
        at java.util.concurrent.ArrayBlockingQueue.take(ArrayBlockingQueue.java:403)
        at java.util.concurrent.ThreadPoolExecutor.getTask(ThreadPoolExecutor.java:1074)
        at java.util.concurrent.ThreadPoolExecutor.runWorker(ThreadPoolExecutor.java:1134)
        at java.util.concurrent.ThreadPoolExecutor$Worker.run(ThreadPoolExecutor.java:624)
        at java.lang.Thread.run(Thread.java:748)
"metrics-hadoop-metrics2-reporter-28-thread-1" daemon prio=5 tid=685 timed_waiting
java.lang.Thread.State: TIMED_WAITING
        at sun.misc.Unsafe.park(Native Method)
        at java.util.concurrent.locks.LockSupport.parkNanos(LockSupport.java:215)
        at java.util.concurrent.locks.AbstractQueuedSynchronizer$ConditionObject.awaitNanos(AbstractQueuedSynchronizer.java:2078)
        at java.util.concurrent.ScheduledThreadPoolExecutor$DelayedWorkQueue.take(ScheduledThreadPoolExecutor.java:1093)
        at java.util.concurrent.ScheduledThreadPoolExecutor$DelayedWorkQueue.take(ScheduledThreadPoolExecutor.java:809)
        at java.util.concurrent.ThreadPoolExecutor.getTask(ThreadPoolExecutor.java:1074)
        at java.util.concurrent.ThreadPoolExecutor.runWorker(ThreadPoolExecutor.java:1134)
        at java.util.concurrent.ThreadPoolExecutor$Worker.run(ThreadPoolExecutor.java:624)
        at java.lang.Thread.run(Thread.java:748)
"pool-46-thread-45"  prio=5 tid=451 in Object.wait()
java.lang.Thread.State: WAITING (on object monitor)
        at sun.misc.Unsafe.park(Native Method)
        at java.util.concurrent.locks.LockSupport.park(LockSupport.java:175)
        at java.util.concurrent.locks.AbstractQueuedSynchronizer$ConditionObject.await(AbstractQueuedSynchronizer.java:2039)
        at java.util.concurrent.ArrayBlockingQueue.take(ArrayBlockingQueue.java:403)
        at java.util.concurrent.ThreadPoolExecutor.getTask(ThreadPoolExecutor.java:1074)
        at java.util.concurrent.ThreadPoolExecutor.runWorker(ThreadPoolExecutor.java:1134)
        at java.util.concurrent.ThreadPoolExecutor$Worker.run(ThreadPoolExecutor.java:624)
        at java.lang.Thread.run(Thread.java:748)
"qtp650859015-166" daemon prio=5 tid=166 timed_waiting
java.lang.Thread.State: TIMED_WAITING
        at sun.misc.Unsafe.park(Native Method)
        at java.util.concurrent.locks.LockSupport.parkNanos(LockSupport.java:215)
        at java.util.concurrent.locks.AbstractQueuedSynchronizer$ConditionObject.awaitNanos(AbstractQueuedSynchronizer.java:2078)
        at org.eclipse.jetty.util.BlockingArrayQueue.poll(BlockingArrayQueue.java:392)
        at org.eclipse.jetty.util.thread.QueuedThreadPool.idleJobPoll(QueuedThreadPool.java:563)
        at org.eclipse.jetty.util.thread.QueuedThreadPool.access$800(QueuedThreadPool.java:48)
        at org.eclipse.jetty.util.thread.QueuedThreadPool$2.run(QueuedThreadPool.java:626)
        at java.lang.Thread.run(Thread.java:748)
"IPC Server handler 17 on 35444" daemon prio=5 tid=132 timed_waiting
java.lang.Thread.State: TIMED_WAITING
        at sun.misc.Unsafe.park(Native Method)
        at java.util.concurrent.locks.LockSupport.parkNanos(LockSupport.java:215)
        at java.util.concurrent.locks.AbstractQueuedSynchronizer$ConditionObject.awaitNanos(AbstractQueuedSynchronizer.java:2078)
        at java.util.concurrent.LinkedBlockingQueue.poll(LinkedBlockingQueue.java:467)
        at org.apache.hadoop.ipc.CallQueueManager.take(CallQueueManager.java:288)
        at org.apache.hadoop.ipc.Server$Handler.run(Server.java:2668)
"org.eclipse.jetty.server.session.HashSessionManager@70abf9b0Timer" daemon prio=5 tid=146 timed_waiting
java.lang.Thread.State: TIMED_WAITING
        at sun.misc.Unsafe.park(Native Method)
        at java.util.concurrent.locks.LockSupport.parkNanos(LockSupport.java:215)
        at java.util.concurrent.locks.AbstractQueuedSynchronizer$ConditionObject.awaitNanos(AbstractQueuedSynchronizer.java:2078)
        at java.util.concurrent.ScheduledThreadPoolExecutor$DelayedWorkQueue.take(ScheduledThreadPoolExecutor.java:1093)
        at java.util.concurrent.ScheduledThreadPoolExecutor$DelayedWorkQueue.take(ScheduledThreadPoolExecutor.java:809)
        at java.util.concurrent.ThreadPoolExecutor.getTask(ThreadPoolExecutor.java:1074)
        at java.util.concurrent.ThreadPoolExecutor.runWorker(ThreadPoolExecutor.java:1134)
        at java.util.concurrent.ThreadPoolExecutor$Worker.run(ThreadPoolExecutor.java:624)
        at java.lang.Thread.run(Thread.java:748)
"IPC Server handler 13 on 35444" daemon prio=5 tid=127 timed_waiting
java.lang.Thread.State: TIMED_WAITING
        at sun.misc.Unsafe.park(Native Method)
        at java.util.concurrent.locks.LockSupport.parkNanos(LockSupport.java:215)
        at java.util.concurrent.locks.AbstractQueuedSynchronizer$ConditionObject.awaitNanos(AbstractQueuedSynchronizer.java:2078)
        at java.util.concurrent.LinkedBlockingQueue.poll(LinkedBlockingQueue.java:467)
        at org.apache.hadoop.ipc.CallQueueManager.take(CallQueueManager.java:288)
        at org.apache.hadoop.ipc.Server$Handler.run(Server.java:2668)
"pool-26-thread-32"  prio=5 tid=318 in Object.wait()
java.lang.Thread.State: WAITING (on object monitor)
        at sun.misc.Unsafe.park(Native Method)
        at java.util.concurrent.locks.LockSupport.park(LockSupport.java:175)
        at java.util.concurrent.locks.AbstractQueuedSynchronizer$ConditionObject.await(AbstractQueuedSynchronizer.java:2039)
        at java.util.concurrent.ArrayBlockingQueue.take(ArrayBlockingQueue.java:403)
        at java.util.concurrent.ThreadPoolExecutor.getTask(ThreadPoolExecutor.java:1074)
        at java.util.concurrent.ThreadPoolExecutor.runWorker(ThreadPoolExecutor.java:1134)
        at java.util.concurrent.ThreadPoolExecutor$Worker.run(ThreadPoolExecutor.java:624)
        at java.lang.Thread.run(Thread.java:748)
"pool-36-thread-47"  prio=5 tid=393 in Object.wait()
java.lang.Thread.State: WAITING (on object monitor)
        at sun.misc.Unsafe.park(Native Method)
        at java.util.concurrent.locks.LockSupport.park(LockSupport.java:175)
        at java.util.concurrent.locks.AbstractQueuedSynchronizer$ConditionObject.await(AbstractQueuedSynchronizer.java:2039)
        at java.util.concurrent.ArrayBlockingQueue.take(ArrayBlockingQueue.java:403)
        at java.util.concurrent.ThreadPoolExecutor.getTask(ThreadPoolExecutor.java:1074)
        at java.util.concurrent.ThreadPoolExecutor.runWorker(ThreadPoolExecutor.java:1134)
        at java.util.concurrent.ThreadPoolExecutor$Worker.run(ThreadPoolExecutor.java:624)
        at java.lang.Thread.run(Thread.java:748)
"IPC Server handler 2 on 40923" daemon prio=5 tid=31 timed_waiting
java.lang.Thread.State: TIMED_WAITING
        at sun.misc.Unsafe.park(Native Method)
        at java.util.concurrent.locks.LockSupport.parkNanos(LockSupport.java:215)
        at java.util.concurrent.locks.AbstractQueuedSynchronizer$ConditionObject.awaitNanos(AbstractQueuedSynchronizer.java:2078)
        at java.util.concurrent.LinkedBlockingQueue.poll(LinkedBlockingQueue.java:467)
        at org.apache.hadoop.ipc.CallQueueManager.take(CallQueueManager.java:288)
        at org.apache.hadoop.ipc.Server$Handler.run(Server.java:2668)
"IPC Server listener on 35444" daemon prio=5 tid=107 runnable
java.lang.Thread.State: RUNNABLE
        at sun.nio.ch.EPollArrayWrapper.epollWait(Native Method)
        at sun.nio.ch.EPollArrayWrapper.poll(EPollArrayWrapper.java:269)
        at sun.nio.ch.EPollSelectorImpl.doSelect(EPollSelectorImpl.java:93)
        at sun.nio.ch.SelectorImpl.lockAndDoSelect(SelectorImpl.java:86)
        at sun.nio.ch.SelectorImpl.select(SelectorImpl.java:97)
        at sun.nio.ch.SelectorImpl.select(SelectorImpl.java:101)
        at org.apache.hadoop.ipc.Server$Listener.run(Server.java:1159)
"pool-46-thread-51"  prio=5 tid=457 in Object.wait()
java.lang.Thread.State: WAITING (on object monitor)
        at sun.misc.Unsafe.park(Native Method)
        at java.util.concurrent.locks.LockSupport.park(LockSupport.java:175)
        at java.util.concurrent.locks.AbstractQueuedSynchronizer$ConditionObject.await(AbstractQueuedSynchronizer.java:2039)
        at java.util.concurrent.ArrayBlockingQueue.take(ArrayBlockingQueue.java:403)
        at java.util.concurrent.ThreadPoolExecutor.getTask(ThreadPoolExecutor.java:1074)
        at java.util.concurrent.ThreadPoolExecutor.runWorker(ThreadPoolExecutor.java:1134)
        at java.util.concurrent.ThreadPoolExecutor$Worker.run(ThreadPoolExecutor.java:624)
        at java.lang.Thread.run(Thread.java:748)
"pool-46-thread-59"  prio=5 tid=465 in Object.wait()
java.lang.Thread.State: WAITING (on object monitor)
        at sun.misc.Unsafe.park(Native Method)
        at java.util.concurrent.locks.LockSupport.park(LockSupport.java:175)
        at java.util.concurrent.locks.AbstractQueuedSynchronizer$ConditionObject.await(AbstractQueuedSynchronizer.java:2039)
        at java.util.concurrent.ArrayBlockingQueue.take(ArrayBlockingQueue.java:403)
        at java.util.concurrent.ThreadPoolExecutor.getTask(ThreadPoolExecutor.java:1074)
        at java.util.concurrent.ThreadPoolExecutor.runWorker(ThreadPoolExecutor.java:1134)
        at java.util.concurrent.ThreadPoolExecutor$Worker.run(ThreadPoolExecutor.java:624)
        at java.lang.Thread.run(Thread.java:748)
"IPC Server handler 6 on 35444" daemon prio=5 tid=120 timed_waiting
java.lang.Thread.State: TIMED_WAITING
        at sun.misc.Unsafe.park(Native Method)
        at java.util.concurrent.locks.LockSupport.parkNanos(LockSupport.java:215)
        at java.util.concurrent.locks.AbstractQueuedSynchronizer$ConditionObject.awaitNanos(AbstractQueuedSynchronizer.java:2078)
        at java.util.concurrent.LinkedBlockingQueue.poll(LinkedBlockingQueue.java:467)
        at org.apache.hadoop.ipc.CallQueueManager.take(CallQueueManager.java:288)
        at org.apache.hadoop.ipc.Server$Handler.run(Server.java:2668)
"java.util.concurrent.ThreadPoolExecutor$Worker@314d46fb[State = -1, empty queue]" daemon prio=5 tid=821 timed_waiting
java.lang.Thread.State: TIMED_WAITING
        at sun.misc.Unsafe.park(Native Method)
        at java.util.concurrent.locks.LockSupport.parkNanos(LockSupport.java:215)
        at java.util.concurrent.locks.AbstractQueuedSynchronizer$ConditionObject.awaitNanos(AbstractQueuedSynchronizer.java:2078)
        at java.util.concurrent.ScheduledThreadPoolExecutor$DelayedWorkQueue.take(ScheduledThreadPoolExecutor.java:1093)
        at java.util.concurrent.ScheduledThreadPoolExecutor$DelayedWorkQueue.take(ScheduledThreadPoolExecutor.java:809)
        at java.util.concurrent.ThreadPoolExecutor.getTask(ThreadPoolExecutor.java:1074)
        at java.util.concurrent.ThreadPoolExecutor.runWorker(ThreadPoolExecutor.java:1134)
        at java.util.concurrent.ThreadPoolExecutor$Worker.run(ThreadPoolExecutor.java:624)
        at java.lang.Thread.run(Thread.java:748)
"pool-46-thread-33"  prio=5 tid=439 in Object.wait()
java.lang.Thread.State: WAITING (on object monitor)
        at sun.misc.Unsafe.park(Native Method)
        at java.util.concurrent.locks.LockSupport.park(LockSupport.java:175)
        at java.util.concurrent.locks.AbstractQueuedSynchronizer$ConditionObject.await(AbstractQueuedSynchronizer.java:2039)
        at java.util.concurrent.ArrayBlockingQueue.take(ArrayBlockingQueue.java:403)
        at java.util.concurrent.ThreadPoolExecutor.getTask(ThreadPoolExecutor.java:1074)
        at java.util.concurrent.ThreadPoolExecutor.runWorker(ThreadPoolExecutor.java:1134)
        at java.util.concurrent.ThreadPoolExecutor$Worker.run(ThreadPoolExecutor.java:624)
        at java.lang.Thread.run(Thread.java:748)
"pool-36-thread-15"  prio=5 tid=361 in Object.wait()
java.lang.Thread.State: WAITING (on object monitor)
        at sun.misc.Unsafe.park(Native Method)
        at java.util.concurrent.locks.LockSupport.park(LockSupport.java:175)
        at java.util.concurrent.locks.AbstractQueuedSynchronizer$ConditionObject.await(AbstractQueuedSynchronizer.java:2039)
        at java.util.concurrent.ArrayBlockingQueue.take(ArrayBlockingQueue.java:403)
        at java.util.concurrent.ThreadPoolExecutor.getTask(ThreadPoolExecutor.java:1074)
        at java.util.concurrent.ThreadPoolExecutor.runWorker(ThreadPoolExecutor.java:1134)
        at java.util.concurrent.ThreadPoolExecutor$Worker.run(ThreadPoolExecutor.java:624)
        at java.lang.Thread.run(Thread.java:748)
"pool-56-thread-35"  prio=5 tid=508 in Object.wait()
java.lang.Thread.State: WAITING (on object monitor)
        at sun.misc.Unsafe.park(Native Method)
        at java.util.concurrent.locks.LockSupport.park(LockSupport.java:175)
        at java.util.concurrent.locks.AbstractQueuedSynchronizer$ConditionObject.await(AbstractQueuedSynchronizer.java:2039)
        at java.util.concurrent.ArrayBlockingQueue.take(ArrayBlockingQueue.java:403)
        at java.util.concurrent.ThreadPoolExecutor.getTask(ThreadPoolExecutor.java:1074)
        at java.util.concurrent.ThreadPoolExecutor.runWorker(ThreadPoolExecutor.java:1134)
        at java.util.concurrent.ThreadPoolExecutor$Worker.run(ThreadPoolExecutor.java:624)
        at java.lang.Thread.run(Thread.java:748)
"metrics-hadoop-metrics2-reporter-11-thread-1" daemon prio=5 tid=638 timed_waiting
java.lang.Thread.State: TIMED_WAITING
        at sun.misc.Unsafe.park(Native Method)
        at java.util.concurrent.locks.LockSupport.parkNanos(LockSupport.java:215)
        at java.util.concurrent.locks.AbstractQueuedSynchronizer$ConditionObject.awaitNanos(AbstractQueuedSynchronizer.java:2078)
        at java.util.concurrent.ScheduledThreadPoolExecutor$DelayedWorkQueue.take(ScheduledThreadPoolExecutor.java:1093)
        at java.util.concurrent.ScheduledThreadPoolExecutor$DelayedWorkQueue.take(ScheduledThreadPoolExecutor.java:809)
        at java.util.concurrent.ThreadPoolExecutor.getTask(ThreadPoolExecutor.java:1074)
        at java.util.concurrent.ThreadPoolExecutor.runWorker(ThreadPoolExecutor.java:1134)
        at java.util.concurrent.ThreadPoolExecutor$Worker.run(ThreadPoolExecutor.java:624)
        at java.lang.Thread.run(Thread.java:748)
"process reaper" daemon prio=10 tid=10 timed_waiting
java.lang.Thread.State: TIMED_WAITING
        at sun.misc.Unsafe.park(Native Method)
        at java.util.concurrent.locks.LockSupport.parkNanos(LockSupport.java:215)
        at java.util.concurrent.SynchronousQueue$TransferStack.awaitFulfill(SynchronousQueue.java:460)
        at java.util.concurrent.SynchronousQueue$TransferStack.transfer(SynchronousQueue.java:362)
        at java.util.concurrent.SynchronousQueue.poll(SynchronousQueue.java:941)
        at java.util.concurrent.ThreadPoolExecutor.getTask(ThreadPoolExecutor.java:1073)
        at java.util.concurrent.ThreadPoolExecutor.runWorker(ThreadPoolExecutor.java:1134)
        at java.util.concurrent.ThreadPoolExecutor$Worker.run(ThreadPoolExecutor.java:624)
        at java.lang.Thread.run(Thread.java:748)
"pool-56-thread-15"  prio=5 tid=488 in Object.wait()
java.lang.Thread.State: WAITING (on object monitor)
        at sun.misc.Unsafe.park(Native Method)
        at java.util.concurrent.locks.LockSupport.park(LockSupport.java:175)
        at java.util.concurrent.locks.AbstractQueuedSynchronizer$ConditionObject.await(AbstractQueuedSynchronizer.java:2039)
        at java.util.concurrent.ArrayBlockingQueue.take(ArrayBlockingQueue.java:403)
        at java.util.concurrent.ThreadPoolExecutor.getTask(ThreadPoolExecutor.java:1074)
        at java.util.concurrent.ThreadPoolExecutor.runWorker(ThreadPoolExecutor.java:1134)
        at java.util.concurrent.ThreadPoolExecutor$Worker.run(ThreadPoolExecutor.java:624)
        at java.lang.Thread.run(Thread.java:748)
"pool-26-thread-31"  prio=5 tid=317 in Object.wait()
java.lang.Thread.State: WAITING (on object monitor)
        at sun.misc.Unsafe.park(Native Method)
        at java.util.concurrent.locks.LockSupport.park(LockSupport.java:175)
        at java.util.concurrent.locks.AbstractQueuedSynchronizer$ConditionObject.await(AbstractQueuedSynchronizer.java:2039)
        at java.util.concurrent.ArrayBlockingQueue.take(ArrayBlockingQueue.java:403)
        at java.util.concurrent.ThreadPoolExecutor.getTask(ThreadPoolExecutor.java:1074)
        at java.util.concurrent.ThreadPoolExecutor.runWorker(ThreadPoolExecutor.java:1134)
        at java.util.concurrent.ThreadPoolExecutor$Worker.run(ThreadPoolExecutor.java:624)
        at java.lang.Thread.run(Thread.java:748)
"metrics-hadoop-metrics2-reporter-38-thread-1" daemon prio=5 tid=781 timed_waiting
java.lang.Thread.State: TIMED_WAITING
        at sun.misc.Unsafe.park(Native Method)
        at java.util.concurrent.locks.LockSupport.parkNanos(LockSupport.java:215)
        at java.util.concurrent.locks.AbstractQueuedSynchronizer$ConditionObject.awaitNanos(AbstractQueuedSynchronizer.java:2078)
        at java.util.concurrent.ScheduledThreadPoolExecutor$DelayedWorkQueue.take(ScheduledThreadPoolExecutor.java:1093)
        at java.util.concurrent.ScheduledThreadPoolExecutor$DelayedWorkQueue.take(ScheduledThreadPoolExecutor.java:809)
        at java.util.concurrent.ThreadPoolExecutor.getTask(ThreadPoolExecutor.java:1074)
        at java.util.concurrent.ThreadPoolExecutor.runWorker(ThreadPoolExecutor.java:1134)
        at java.util.concurrent.ThreadPoolExecutor$Worker.run(ThreadPoolExecutor.java:624)
        at java.lang.Thread.run(Thread.java:748)
"pool-46-thread-49"  prio=5 tid=455 in Object.wait()
java.lang.Thread.State: WAITING (on object monitor)
        at sun.misc.Unsafe.park(Native Method)
        at java.util.concurrent.locks.LockSupport.park(LockSupport.java:175)
        at java.util.concurrent.locks.AbstractQueuedSynchronizer$ConditionObject.await(AbstractQueuedSynchronizer.java:2039)
        at java.util.concurrent.ArrayBlockingQueue.take(ArrayBlockingQueue.java:403)
        at java.util.concurrent.ThreadPoolExecutor.getTask(ThreadPoolExecutor.java:1074)
        at java.util.concurrent.ThreadPoolExecutor.runWorker(ThreadPoolExecutor.java:1134)
        at java.util.concurrent.ThreadPoolExecutor$Worker.run(ThreadPoolExecutor.java:624)
        at java.lang.Thread.run(Thread.java:748)
"pool-36-thread-11"  prio=5 tid=357 in Object.wait()
java.lang.Thread.State: WAITING (on object monitor)
        at sun.misc.Unsafe.park(Native Method)
        at java.util.concurrent.locks.LockSupport.park(LockSupport.java:175)
        at java.util.concurrent.locks.AbstractQueuedSynchronizer$ConditionObject.await(AbstractQueuedSynchronizer.java:2039)
        at java.util.concurrent.ArrayBlockingQueue.take(ArrayBlockingQueue.java:403)
        at java.util.concurrent.ThreadPoolExecutor.getTask(ThreadPoolExecutor.java:1074)
        at java.util.concurrent.ThreadPoolExecutor.runWorker(ThreadPoolExecutor.java:1134)
        at java.util.concurrent.ThreadPoolExecutor$Worker.run(ThreadPoolExecutor.java:624)
        at java.lang.Thread.run(Thread.java:748)
"IPC Server handler 10 on 40923" daemon prio=5 tid=39 timed_waiting
java.lang.Thread.State: TIMED_WAITING
        at sun.misc.Unsafe.park(Native Method)
        at java.util.concurrent.locks.LockSupport.parkNanos(LockSupport.java:215)
        at java.util.concurrent.locks.AbstractQueuedSynchronizer$ConditionObject.awaitNanos(AbstractQueuedSynchronizer.java:2078)
        at java.util.concurrent.LinkedBlockingQueue.poll(LinkedBlockingQueue.java:467)
        at org.apache.hadoop.ipc.CallQueueManager.take(CallQueueManager.java:288)
        at org.apache.hadoop.ipc.Server$Handler.run(Server.java:2668)
"pool-36-thread-19"  prio=5 tid=365 in Object.wait()
java.lang.Thread.State: WAITING (on object monitor)
        at sun.misc.Unsafe.park(Native Method)
        at java.util.concurrent.locks.LockSupport.park(LockSupport.java:175)
        at java.util.concurrent.locks.AbstractQueuedSynchronizer$ConditionObject.await(AbstractQueuedSynchronizer.java:2039)
        at java.util.concurrent.ArrayBlockingQueue.take(ArrayBlockingQueue.java:403)
        at java.util.concurrent.ThreadPoolExecutor.getTask(ThreadPoolExecutor.java:1074)
        at java.util.concurrent.ThreadPoolExecutor.runWorker(ThreadPoolExecutor.java:1134)
        at java.util.concurrent.ThreadPoolExecutor$Worker.run(ThreadPoolExecutor.java:624)
        at java.lang.Thread.run(Thread.java:748)
"IPC Server handler 17 on 33004" daemon prio=5 tid=86 timed_waiting
java.lang.Thread.State: TIMED_WAITING
        at sun.misc.Unsafe.park(Native Method)
        at java.util.concurrent.locks.LockSupport.parkNanos(LockSupport.java:215)
        at java.util.concurrent.locks.AbstractQueuedSynchronizer$ConditionObject.awaitNanos(AbstractQueuedSynchronizer.java:2078)
        at java.util.concurrent.LinkedBlockingQueue.poll(LinkedBlockingQueue.java:467)
        at org.apache.hadoop.ipc.CallQueueManager.take(CallQueueManager.java:288)
        at org.apache.hadoop.ipc.Server$Handler.run(Server.java:2668)
"org.eclipse.jetty.server.session.HashSessionManager@1a1f5f71Timer" daemon prio=5 tid=276 timed_waiting
java.lang.Thread.State: TIMED_WAITING
        at sun.misc.Unsafe.park(Native Method)
        at java.util.concurrent.locks.LockSupport.parkNanos(LockSupport.java:215)
        at java.util.concurrent.locks.AbstractQueuedSynchronizer$ConditionObject.awaitNanos(AbstractQueuedSynchronizer.java:2078)
        at java.util.concurrent.ScheduledThreadPoolExecutor$DelayedWorkQueue.take(ScheduledThreadPoolExecutor.java:1093)
        at java.util.concurrent.ScheduledThreadPoolExecutor$DelayedWorkQueue.take(ScheduledThreadPoolExecutor.java:809)
        at java.util.concurrent.ThreadPoolExecutor.getTask(ThreadPoolExecutor.java:1074)
        at java.util.concurrent.ThreadPoolExecutor.runWorker(ThreadPoolExecutor.java:1134)
        at java.util.concurrent.ThreadPoolExecutor$Worker.run(ThreadPoolExecutor.java:624)
        at java.lang.Thread.run(Thread.java:748)
"pool-36-thread-39"  prio=5 tid=385 in Object.wait()
java.lang.Thread.State: WAITING (on object monitor)
        at sun.misc.Unsafe.park(Native Method)
        at java.util.concurrent.locks.LockSupport.park(LockSupport.java:175)
        at java.util.concurrent.locks.AbstractQueuedSynchronizer$ConditionObject.await(AbstractQueuedSynchronizer.java:2039)
        at java.util.concurrent.ArrayBlockingQueue.take(ArrayBlockingQueue.java:403)
        at java.util.concurrent.ThreadPoolExecutor.getTask(ThreadPoolExecutor.java:1074)
        at java.util.concurrent.ThreadPoolExecutor.runWorker(ThreadPoolExecutor.java:1134)
        at java.util.concurrent.ThreadPoolExecutor$Worker.run(ThreadPoolExecutor.java:624)
        at java.lang.Thread.run(Thread.java:748)
"IPC Server listener on 46821" daemon prio=5 tid=18 runnable
java.lang.Thread.State: RUNNABLE
        at sun.nio.ch.EPollArrayWrapper.epollWait(Native Method)
        at sun.nio.ch.EPollArrayWrapper.poll(EPollArrayWrapper.java:269)
        at sun.nio.ch.EPollSelectorImpl.doSelect(EPollSelectorImpl.java:93)
        at sun.nio.ch.SelectorImpl.lockAndDoSelect(SelectorImpl.java:86)
        at sun.nio.ch.SelectorImpl.select(SelectorImpl.java:97)
        at sun.nio.ch.SelectorImpl.select(SelectorImpl.java:101)
        at org.apache.hadoop.ipc.Server$Listener.run(Server.java:1159)
"IPC Server handler 4 on 40923" daemon prio=5 tid=33 timed_waiting
java.lang.Thread.State: TIMED_WAITING
        at sun.misc.Unsafe.park(Native Method)
        at java.util.concurrent.locks.LockSupport.parkNanos(LockSupport.java:215)
        at java.util.concurrent.locks.AbstractQueuedSynchronizer$ConditionObject.awaitNanos(AbstractQueuedSynchronizer.java:2078)
        at java.util.concurrent.LinkedBlockingQueue.poll(LinkedBlockingQueue.java:467)
        at org.apache.hadoop.ipc.CallQueueManager.take(CallQueueManager.java:288)
        at org.apache.hadoop.ipc.Server$Handler.run(Server.java:2668)
"org.eclipse.jetty.server.session.HashSessionManager@77bbadcTimer" daemon prio=5 tid=167 timed_waiting
java.lang.Thread.State: TIMED_WAITING
        at sun.misc.Unsafe.park(Native Method)
        at java.util.concurrent.locks.LockSupport.parkNanos(LockSupport.java:215)
        at java.util.concurrent.locks.AbstractQueuedSynchronizer$ConditionObject.awaitNanos(AbstractQueuedSynchronizer.java:2078)
        at java.util.concurrent.ScheduledThreadPoolExecutor$DelayedWorkQueue.take(ScheduledThreadPoolExecutor.java:1093)
        at java.util.concurrent.ScheduledThreadPoolExecutor$DelayedWorkQueue.take(ScheduledThreadPoolExecutor.java:809)
        at java.util.concurrent.ThreadPoolExecutor.getTask(ThreadPoolExecutor.java:1074)
        at java.util.concurrent.ThreadPoolExecutor.runWorker(ThreadPoolExecutor.java:1134)
        at java.util.concurrent.ThreadPoolExecutor$Worker.run(ThreadPoolExecutor.java:624)
        at java.lang.Thread.run(Thread.java:748)
"pool-56-thread-43"  prio=5 tid=516 in Object.wait()
java.lang.Thread.State: WAITING (on object monitor)
        at sun.misc.Unsafe.park(Native Method)
        at java.util.concurrent.locks.LockSupport.park(LockSupport.java:175)
        at java.util.concurrent.locks.AbstractQueuedSynchronizer$ConditionObject.await(AbstractQueuedSynchronizer.java:2039)
        at java.util.concurrent.ArrayBlockingQueue.take(ArrayBlockingQueue.java:403)
        at java.util.concurrent.ThreadPoolExecutor.getTask(ThreadPoolExecutor.java:1074)
        at java.util.concurrent.ThreadPoolExecutor.runWorker(ThreadPoolExecutor.java:1134)
        at java.util.concurrent.ThreadPoolExecutor$Worker.run(ThreadPoolExecutor.java:624)
        at java.lang.Thread.run(Thread.java:748)
"pool-46-thread-16"  prio=5 tid=422 in Object.wait()
java.lang.Thread.State: WAITING (on object monitor)
        at sun.misc.Unsafe.park(Native Method)
        at java.util.concurrent.locks.LockSupport.park(LockSupport.java:175)
        at java.util.concurrent.locks.AbstractQueuedSynchronizer$ConditionObject.await(AbstractQueuedSynchronizer.java:2039)
        at java.util.concurrent.ArrayBlockingQueue.take(ArrayBlockingQueue.java:403)
        at java.util.concurrent.ThreadPoolExecutor.getTask(ThreadPoolExecutor.java:1074)
        at java.util.concurrent.ThreadPoolExecutor.runWorker(ThreadPoolExecutor.java:1134)
        at java.util.concurrent.ThreadPoolExecutor$Worker.run(ThreadPoolExecutor.java:624)
        at java.lang.Thread.run(Thread.java:748)
"pool-26-thread-27"  prio=5 tid=313 in Object.wait()
java.lang.Thread.State: WAITING (on object monitor)
        at sun.misc.Unsafe.park(Native Method)
        at java.util.concurrent.locks.LockSupport.park(LockSupport.java:175)
        at java.util.concurrent.locks.AbstractQueuedSynchronizer$ConditionObject.await(AbstractQueuedSynchronizer.java:2039)
        at java.util.concurrent.ArrayBlockingQueue.take(ArrayBlockingQueue.java:403)
        at java.util.concurrent.ThreadPoolExecutor.getTask(ThreadPoolExecutor.java:1074)
        at java.util.concurrent.ThreadPoolExecutor.runWorker(ThreadPoolExecutor.java:1134)
        at java.util.concurrent.ThreadPoolExecutor$Worker.run(ThreadPoolExecutor.java:624)
        at java.lang.Thread.run(Thread.java:748)
"pool-46-thread-10"  prio=5 tid=416 in Object.wait()
java.lang.Thread.State: WAITING (on object monitor)
        at sun.misc.Unsafe.park(Native Method)
        at java.util.concurrent.locks.LockSupport.park(LockSupport.java:175)
        at java.util.concurrent.locks.AbstractQueuedSynchronizer$ConditionObject.await(AbstractQueuedSynchronizer.java:2039)
        at java.util.concurrent.ArrayBlockingQueue.take(ArrayBlockingQueue.java:403)
        at java.util.concurrent.ThreadPoolExecutor.getTask(ThreadPoolExecutor.java:1074)
        at java.util.concurrent.ThreadPoolExecutor.runWorker(ThreadPoolExecutor.java:1134)
        at java.util.concurrent.ThreadPoolExecutor$Worker.run(ThreadPoolExecutor.java:624)
        at java.lang.Thread.run(Thread.java:748)
"pool-46-thread-4"  prio=5 tid=410 in Object.wait()
java.lang.Thread.State: WAITING (on object monitor)
        at sun.misc.Unsafe.park(Native Method)
        at java.util.concurrent.locks.LockSupport.park(LockSupport.java:175)
        at java.util.concurrent.locks.AbstractQueuedSynchronizer$ConditionObject.await(AbstractQueuedSynchronizer.java:2039)
        at java.util.concurrent.ArrayBlockingQueue.take(ArrayBlockingQueue.java:403)
        at java.util.concurrent.ThreadPoolExecutor.getTask(ThreadPoolExecutor.java:1074)
        at java.util.concurrent.ThreadPoolExecutor.runWorker(ThreadPoolExecutor.java:1134)
        at java.util.concurrent.ThreadPoolExecutor$Worker.run(ThreadPoolExecutor.java:624)
        at java.lang.Thread.run(Thread.java:748)
"pool-26-thread-43"  prio=5 tid=329 in Object.wait()
java.lang.Thread.State: WAITING (on object monitor)
        at sun.misc.Unsafe.park(Native Method)
        at java.util.concurrent.locks.LockSupport.park(LockSupport.java:175)
        at java.util.concurrent.locks.AbstractQueuedSynchronizer$ConditionObject.await(AbstractQueuedSynchronizer.java:2039)
        at java.util.concurrent.ArrayBlockingQueue.take(ArrayBlockingQueue.java:403)
        at java.util.concurrent.ThreadPoolExecutor.getTask(ThreadPoolExecutor.java:1074)
        at java.util.concurrent.ThreadPoolExecutor.runWorker(ThreadPoolExecutor.java:1134)
        at java.util.concurrent.ThreadPoolExecutor$Worker.run(ThreadPoolExecutor.java:624)
        at java.lang.Thread.run(Thread.java:748)
"pool-66-thread-41"  prio=5 tid=576 in Object.wait()
java.lang.Thread.State: WAITING (on object monitor)
        at sun.misc.Unsafe.park(Native Method)
        at java.util.concurrent.locks.LockSupport.park(LockSupport.java:175)
        at java.util.concurrent.locks.AbstractQueuedSynchronizer$ConditionObject.await(AbstractQueuedSynchronizer.java:2039)
        at java.util.concurrent.ArrayBlockingQueue.take(ArrayBlockingQueue.java:403)
        at java.util.concurrent.ThreadPoolExecutor.getTask(ThreadPoolExecutor.java:1074)
        at java.util.concurrent.ThreadPoolExecutor.runWorker(ThreadPoolExecutor.java:1134)
        at java.util.concurrent.ThreadPoolExecutor$Worker.run(ThreadPoolExecutor.java:624)
        at java.lang.Thread.run(Thread.java:748)
"5c3956af-60d3-411f-8c98-c7ed3576de5c@group-EE856C9543A1-SegmentedRaftLogWorker"  prio=5 tid=780 timed_waiting
java.lang.Thread.State: TIMED_WAITING
        at sun.misc.Unsafe.park(Native Method)
        at java.util.concurrent.locks.LockSupport.parkNanos(LockSupport.java:215)
        at java.util.concurrent.locks.AbstractQueuedSynchronizer$ConditionObject.awaitNanos(AbstractQueuedSynchronizer.java:2078)
        at org.apache.ratis.util.DataBlockingQueue.poll(DataBlockingQueue.java:137)
        at org.apache.ratis.server.raftlog.segmented.SegmentedRaftLogWorker.run(SegmentedRaftLogWorker.java:282)
        at java.lang.Thread.run(Thread.java:748)
"pool-56-thread-21"  prio=5 tid=494 in Object.wait()
java.lang.Thread.State: WAITING (on object monitor)
        at sun.misc.Unsafe.park(Native Method)
        at java.util.concurrent.locks.LockSupport.park(LockSupport.java:175)
        at java.util.concurrent.locks.AbstractQueuedSynchronizer$ConditionObject.await(AbstractQueuedSynchronizer.java:2039)
        at java.util.concurrent.ArrayBlockingQueue.take(ArrayBlockingQueue.java:403)
        at java.util.concurrent.ThreadPoolExecutor.getTask(ThreadPoolExecutor.java:1074)
        at java.util.concurrent.ThreadPoolExecutor.runWorker(ThreadPoolExecutor.java:1134)
        at java.util.concurrent.ThreadPoolExecutor$Worker.run(ThreadPoolExecutor.java:624)
        at java.lang.Thread.run(Thread.java:748)
"Datanode ReportManager Thread - 2" daemon prio=5 tid=227 timed_waiting
java.lang.Thread.State: TIMED_WAITING
        at sun.misc.Unsafe.park(Native Method)
        at java.util.concurrent.locks.LockSupport.parkNanos(LockSupport.java:215)
        at java.util.concurrent.locks.AbstractQueuedSynchronizer$ConditionObject.awaitNanos(AbstractQueuedSynchronizer.java:2078)
        at java.util.concurrent.ScheduledThreadPoolExecutor$DelayedWorkQueue.take(ScheduledThreadPoolExecutor.java:1093)
        at java.util.concurrent.ScheduledThreadPoolExecutor$DelayedWorkQueue.take(ScheduledThreadPoolExecutor.java:809)
        at java.util.concurrent.ThreadPoolExecutor.getTask(ThreadPoolExecutor.java:1074)
        at java.util.concurrent.ThreadPoolExecutor.runWorker(ThreadPoolExecutor.java:1134)
        at java.util.concurrent.ThreadPoolExecutor$Worker.run(ThreadPoolExecutor.java:624)
        at java.lang.Thread.run(Thread.java:748)
"45fbe16b-e751-4a45-a959-58ac23dab104@group-09B31D2A0473-SegmentedRaftLogWorker"  prio=5 tid=660 timed_waiting
java.lang.Thread.State: TIMED_WAITING
        at sun.misc.Unsafe.park(Native Method)
        at java.util.concurrent.locks.LockSupport.parkNanos(LockSupport.java:215)
        at java.util.concurrent.locks.AbstractQueuedSynchronizer$ConditionObject.awaitNanos(AbstractQueuedSynchronizer.java:2078)
        at org.apache.ratis.util.DataBlockingQueue.poll(DataBlockingQueue.java:137)
        at org.apache.ratis.server.raftlog.segmented.SegmentedRaftLogWorker.run(SegmentedRaftLogWorker.java:282)
        at java.lang.Thread.run(Thread.java:748)
"pool-56-thread-30"  prio=5 tid=503 in Object.wait()
java.lang.Thread.State: WAITING (on object monitor)
        at sun.misc.Unsafe.park(Native Method)
        at java.util.concurrent.locks.LockSupport.park(LockSupport.java:175)
        at java.util.concurrent.locks.AbstractQueuedSynchronizer$ConditionObject.await(AbstractQueuedSynchronizer.java:2039)
        at java.util.concurrent.ArrayBlockingQueue.take(ArrayBlockingQueue.java:403)
        at java.util.concurrent.ThreadPoolExecutor.getTask(ThreadPoolExecutor.java:1074)
        at java.util.concurrent.ThreadPoolExecutor.runWorker(ThreadPoolExecutor.java:1134)
        at java.util.concurrent.ThreadPoolExecutor$Worker.run(ThreadPoolExecutor.java:624)
        at java.lang.Thread.run(Thread.java:748)
"pool-66-thread-42"  prio=5 tid=577 in Object.wait()
java.lang.Thread.State: WAITING (on object monitor)
        at sun.misc.Unsafe.park(Native Method)
        at java.util.concurrent.locks.LockSupport.park(LockSupport.java:175)
        at java.util.concurrent.locks.AbstractQueuedSynchronizer$ConditionObject.await(AbstractQueuedSynchronizer.java:2039)
        at java.util.concurrent.ArrayBlockingQueue.take(ArrayBlockingQueue.java:403)
        at java.util.concurrent.ThreadPoolExecutor.getTask(ThreadPoolExecutor.java:1074)
        at java.util.concurrent.ThreadPoolExecutor.runWorker(ThreadPoolExecutor.java:1134)
        at java.util.concurrent.ThreadPoolExecutor$Worker.run(ThreadPoolExecutor.java:624)
        at java.lang.Thread.run(Thread.java:748)
"IPC Server handler 18 on 40923" daemon prio=5 tid=47 timed_waiting
java.lang.Thread.State: TIMED_WAITING
        at sun.misc.Unsafe.park(Native Method)
        at java.util.concurrent.locks.LockSupport.parkNanos(LockSupport.java:215)
        at java.util.concurrent.locks.AbstractQueuedSynchronizer$ConditionObject.awaitNanos(AbstractQueuedSynchronizer.java:2078)
        at java.util.concurrent.LinkedBlockingQueue.poll(LinkedBlockingQueue.java:467)
        at org.apache.hadoop.ipc.CallQueueManager.take(CallQueueManager.java:288)
        at org.apache.hadoop.ipc.Server$Handler.run(Server.java:2668)
"IPC Server handler 14 on 33004" daemon prio=5 tid=83 timed_waiting
java.lang.Thread.State: TIMED_WAITING
        at sun.misc.Unsafe.park(Native Method)
        at java.util.concurrent.locks.LockSupport.parkNanos(LockSupport.java:215)
        at java.util.concurrent.locks.AbstractQueuedSynchronizer$ConditionObject.awaitNanos(AbstractQueuedSynchronizer.java:2078)
        at java.util.concurrent.LinkedBlockingQueue.poll(LinkedBlockingQueue.java:467)
        at org.apache.hadoop.ipc.CallQueueManager.take(CallQueueManager.java:288)
        at org.apache.hadoop.ipc.Server$Handler.run(Server.java:2668)
"pool-36-thread-3"  prio=5 tid=349 in Object.wait()
java.lang.Thread.State: WAITING (on object monitor)
        at sun.misc.Unsafe.park(Native Method)
        at java.util.concurrent.locks.LockSupport.park(LockSupport.java:175)
        at java.util.concurrent.locks.AbstractQueuedSynchronizer$ConditionObject.await(AbstractQueuedSynchronizer.java:2039)
        at java.util.concurrent.ArrayBlockingQueue.take(ArrayBlockingQueue.java:403)
        at java.util.concurrent.ThreadPoolExecutor.getTask(ThreadPoolExecutor.java:1074)
        at java.util.concurrent.ThreadPoolExecutor.runWorker(ThreadPoolExecutor.java:1134)
        at java.util.concurrent.ThreadPoolExecutor$Worker.run(ThreadPoolExecutor.java:624)
        at java.lang.Thread.run(Thread.java:748)
"pool-46-thread-23"  prio=5 tid=429 in Object.wait()
java.lang.Thread.State: WAITING (on object monitor)
        at sun.misc.Unsafe.park(Native Method)
        at java.util.concurrent.locks.LockSupport.park(LockSupport.java:175)
        at java.util.concurrent.locks.AbstractQueuedSynchronizer$ConditionObject.await(AbstractQueuedSynchronizer.java:2039)
        at java.util.concurrent.ArrayBlockingQueue.take(ArrayBlockingQueue.java:403)
        at java.util.concurrent.ThreadPoolExecutor.getTask(ThreadPoolExecutor.java:1074)
        at java.util.concurrent.ThreadPoolExecutor.runWorker(ThreadPoolExecutor.java:1134)
        at java.util.concurrent.ThreadPoolExecutor$Worker.run(ThreadPoolExecutor.java:624)
        at java.lang.Thread.run(Thread.java:748)
"org.apache.hadoop.util.JvmPauseMonitor$Monitor@50d842c" daemon prio=5 tid=284 timed_waiting
java.lang.Thread.State: TIMED_WAITING
        at java.lang.Thread.sleep(Native Method)
        at org.apache.hadoop.util.JvmPauseMonitor$Monitor.run(JvmPauseMonitor.java:192)
        at java.lang.Thread.run(Thread.java:748)
"org.eclipse.jetty.server.session.HashSessionManager@1422ac7fTimer" daemon prio=5 tid=169 timed_waiting
java.lang.Thread.State: TIMED_WAITING
        at sun.misc.Unsafe.park(Native Method)
        at java.util.concurrent.locks.LockSupport.parkNanos(LockSupport.java:215)
        at java.util.concurrent.locks.AbstractQueuedSynchronizer$ConditionObject.awaitNanos(AbstractQueuedSynchronizer.java:2078)
        at java.util.concurrent.ScheduledThreadPoolExecutor$DelayedWorkQueue.take(ScheduledThreadPoolExecutor.java:1093)
        at java.util.concurrent.ScheduledThreadPoolExecutor$DelayedWorkQueue.take(ScheduledThreadPoolExecutor.java:809)
        at java.util.concurrent.ThreadPoolExecutor.getTask(ThreadPoolExecutor.java:1074)
        at java.util.concurrent.ThreadPoolExecutor.runWorker(ThreadPoolExecutor.java:1134)
        at java.util.concurrent.ThreadPoolExecutor$Worker.run(ThreadPoolExecutor.java:624)
        at java.lang.Thread.run(Thread.java:748)
"Datanode ReportManager Thread - 0" daemon prio=5 tid=279 in Object.wait()
java.lang.Thread.State: WAITING (on object monitor)
        at sun.misc.Unsafe.park(Native Method)
        at java.util.concurrent.locks.LockSupport.park(LockSupport.java:175)
        at java.util.concurrent.locks.AbstractQueuedSynchronizer$ConditionObject.await(AbstractQueuedSynchronizer.java:2039)
        at java.util.concurrent.ScheduledThreadPoolExecutor$DelayedWorkQueue.take(ScheduledThreadPoolExecutor.java:1088)
        at java.util.concurrent.ScheduledThreadPoolExecutor$DelayedWorkQueue.take(ScheduledThreadPoolExecutor.java:809)
        at java.util.concurrent.ThreadPoolExecutor.getTask(ThreadPoolExecutor.java:1074)
        at java.util.concurrent.ThreadPoolExecutor.runWorker(ThreadPoolExecutor.java:1134)
        at java.util.concurrent.ThreadPoolExecutor$Worker.run(ThreadPoolExecutor.java:624)
        at java.lang.Thread.run(Thread.java:748)
"pool-56-thread-42"  prio=5 tid=515 in Object.wait()
java.lang.Thread.State: WAITING (on object monitor)
        at sun.misc.Unsafe.park(Native Method)
        at java.util.concurrent.locks.LockSupport.park(LockSupport.java:175)
        at java.util.concurrent.locks.AbstractQueuedSynchronizer$ConditionObject.await(AbstractQueuedSynchronizer.java:2039)
        at java.util.concurrent.ArrayBlockingQueue.take(ArrayBlockingQueue.java:403)
        at java.util.concurrent.ThreadPoolExecutor.getTask(ThreadPoolExecutor.java:1074)
        at java.util.concurrent.ThreadPoolExecutor.runWorker(ThreadPoolExecutor.java:1134)
        at java.util.concurrent.ThreadPoolExecutor$Worker.run(ThreadPoolExecutor.java:624)
        at java.lang.Thread.run(Thread.java:748)
"pool-26-thread-26"  prio=5 tid=312 in Object.wait()
java.lang.Thread.State: WAITING (on object monitor)
        at sun.misc.Unsafe.park(Native Method)
        at java.util.concurrent.locks.LockSupport.park(LockSupport.java:175)
        at java.util.concurrent.locks.AbstractQueuedSynchronizer$ConditionObject.await(AbstractQueuedSynchronizer.java:2039)
        at java.util.concurrent.ArrayBlockingQueue.take(ArrayBlockingQueue.java:403)
        at java.util.concurrent.ThreadPoolExecutor.getTask(ThreadPoolExecutor.java:1074)
        at java.util.concurrent.ThreadPoolExecutor.runWorker(ThreadPoolExecutor.java:1134)
        at java.util.concurrent.ThreadPoolExecutor$Worker.run(ThreadPoolExecutor.java:624)
        at java.lang.Thread.run(Thread.java:748)
"pool-56-thread-18"  prio=5 tid=491 in Object.wait()
java.lang.Thread.State: WAITING (on object monitor)
        at sun.misc.Unsafe.park(Native Method)
        at java.util.concurrent.locks.LockSupport.park(LockSupport.java:175)
        at java.util.concurrent.locks.AbstractQueuedSynchronizer$ConditionObject.await(AbstractQueuedSynchronizer.java:2039)
        at java.util.concurrent.ArrayBlockingQueue.take(ArrayBlockingQueue.java:403)
        at java.util.concurrent.ThreadPoolExecutor.getTask(ThreadPoolExecutor.java:1074)
        at java.util.concurrent.ThreadPoolExecutor.runWorker(ThreadPoolExecutor.java:1134)
        at java.util.concurrent.ThreadPoolExecutor$Worker.run(ThreadPoolExecutor.java:624)
        at java.lang.Thread.run(Thread.java:748)
"pool-26-thread-7"  prio=5 tid=293 in Object.wait()
java.lang.Thread.State: WAITING (on object monitor)
        at sun.misc.Unsafe.park(Native Method)
        at java.util.concurrent.locks.LockSupport.park(LockSupport.java:175)
        at java.util.concurrent.locks.AbstractQueuedSynchronizer$ConditionObject.await(AbstractQueuedSynchronizer.java:2039)
        at java.util.concurrent.ArrayBlockingQueue.take(ArrayBlockingQueue.java:403)
        at java.util.concurrent.ThreadPoolExecutor.getTask(ThreadPoolExecutor.java:1074)
        at java.util.concurrent.ThreadPoolExecutor.runWorker(ThreadPoolExecutor.java:1134)
        at java.util.concurrent.ThreadPoolExecutor$Worker.run(ThreadPoolExecutor.java:624)
        at java.lang.Thread.run(Thread.java:748)
"pool-36-thread-34"  prio=5 tid=380 in Object.wait()
java.lang.Thread.State: WAITING (on object monitor)
        at sun.misc.Unsafe.park(Native Method)
        at java.util.concurrent.locks.LockSupport.park(LockSupport.java:175)
        at java.util.concurrent.locks.AbstractQueuedSynchronizer$ConditionObject.await(AbstractQueuedSynchronizer.java:2039)
        at java.util.concurrent.ArrayBlockingQueue.take(ArrayBlockingQueue.java:403)
        at java.util.concurrent.ThreadPoolExecutor.getTask(ThreadPoolExecutor.java:1074)
        at java.util.concurrent.ThreadPoolExecutor.runWorker(ThreadPoolExecutor.java:1134)
        at java.util.concurrent.ThreadPoolExecutor$Worker.run(ThreadPoolExecutor.java:624)
        at java.lang.Thread.run(Thread.java:748)
"pool-66-thread-2"  prio=5 tid=537 in Object.wait()
java.lang.Thread.State: WAITING (on object monitor)
        at sun.misc.Unsafe.park(Native Method)
        at java.util.concurrent.locks.LockSupport.park(LockSupport.java:175)
        at java.util.concurrent.locks.AbstractQueuedSynchronizer$ConditionObject.await(AbstractQueuedSynchronizer.java:2039)
        at java.util.concurrent.ArrayBlockingQueue.take(ArrayBlockingQueue.java:403)
        at java.util.concurrent.ThreadPoolExecutor.getTask(ThreadPoolExecutor.java:1074)
        at java.util.concurrent.ThreadPoolExecutor.runWorker(ThreadPoolExecutor.java:1134)
        at java.util.concurrent.ThreadPoolExecutor$Worker.run(ThreadPoolExecutor.java:624)
        at java.lang.Thread.run(Thread.java:748)
"pool-36-thread-12"  prio=5 tid=358 in Object.wait()
java.lang.Thread.State: WAITING (on object monitor)
        at sun.misc.Unsafe.park(Native Method)
        at java.util.concurrent.locks.LockSupport.park(LockSupport.java:175)
        at java.util.concurrent.locks.AbstractQueuedSynchronizer$ConditionObject.await(AbstractQueuedSynchronizer.java:2039)
        at java.util.concurrent.ArrayBlockingQueue.take(ArrayBlockingQueue.java:403)
        at java.util.concurrent.ThreadPoolExecutor.getTask(ThreadPoolExecutor.java:1074)
        at java.util.concurrent.ThreadPoolExecutor.runWorker(ThreadPoolExecutor.java:1134)
        at java.util.concurrent.ThreadPoolExecutor$Worker.run(ThreadPoolExecutor.java:624)
        at java.lang.Thread.run(Thread.java:748)
"pool-46-thread-6"  prio=5 tid=412 in Object.wait()
java.lang.Thread.State: WAITING (on object monitor)
        at sun.misc.Unsafe.park(Native Method)
        at java.util.concurrent.locks.LockSupport.park(LockSupport.java:175)
        at java.util.concurrent.locks.AbstractQueuedSynchronizer$ConditionObject.await(AbstractQueuedSynchronizer.java:2039)
        at java.util.concurrent.ArrayBlockingQueue.take(ArrayBlockingQueue.java:403)
        at java.util.concurrent.ThreadPoolExecutor.getTask(ThreadPoolExecutor.java:1074)
        at java.util.concurrent.ThreadPoolExecutor.runWorker(ThreadPoolExecutor.java:1134)
        at java.util.concurrent.ThreadPoolExecutor$Worker.run(ThreadPoolExecutor.java:624)
        at java.lang.Thread.run(Thread.java:748)
"Periodic HDDS volume checker"  prio=5 tid=260 timed_waiting
java.lang.Thread.State: TIMED_WAITING
        at sun.misc.Unsafe.park(Native Method)
        at java.util.concurrent.locks.LockSupport.parkNanos(LockSupport.java:215)
        at java.util.concurrent.locks.AbstractQueuedSynchronizer$ConditionObject.awaitNanos(AbstractQueuedSynchronizer.java:2078)
        at java.util.concurrent.ScheduledThreadPoolExecutor$DelayedWorkQueue.take(ScheduledThreadPoolExecutor.java:1093)
        at java.util.concurrent.ScheduledThreadPoolExecutor$DelayedWorkQueue.take(ScheduledThreadPoolExecutor.java:809)
        at java.util.concurrent.ThreadPoolExecutor.getTask(ThreadPoolExecutor.java:1074)
        at java.util.concurrent.ThreadPoolExecutor.runWorker(ThreadPoolExecutor.java:1134)
        at java.util.concurrent.ThreadPoolExecutor$Worker.run(ThreadPoolExecutor.java:624)
        at java.lang.Thread.run(Thread.java:748)
"org.eclipse.jetty.server.session.HashSessionManager@5e39850Timer" daemon prio=5 tid=145 timed_waiting
java.lang.Thread.State: TIMED_WAITING
        at sun.misc.Unsafe.park(Native Method)
        at java.util.concurrent.locks.LockSupport.parkNanos(LockSupport.java:215)
        at java.util.concurrent.locks.AbstractQueuedSynchronizer$ConditionObject.awaitNanos(AbstractQueuedSynchronizer.java:2078)
        at java.util.concurrent.ScheduledThreadPoolExecutor$DelayedWorkQueue.take(ScheduledThreadPoolExecutor.java:1093)
        at java.util.concurrent.ScheduledThreadPoolExecutor$DelayedWorkQueue.take(ScheduledThreadPoolExecutor.java:809)
        at java.util.concurrent.ThreadPoolExecutor.getTask(ThreadPoolExecutor.java:1074)
        at java.util.concurrent.ThreadPoolExecutor.runWorker(ThreadPoolExecutor.java:1134)
        at java.util.concurrent.ThreadPoolExecutor$Worker.run(ThreadPoolExecutor.java:624)
        at java.lang.Thread.run(Thread.java:748)
"pool-36-thread-13"  prio=5 tid=359 in Object.wait()
java.lang.Thread.State: WAITING (on object monitor)
        at sun.misc.Unsafe.park(Native Method)
        at java.util.concurrent.locks.LockSupport.park(LockSupport.java:175)
        at java.util.concurrent.locks.AbstractQueuedSynchronizer$ConditionObject.await(AbstractQueuedSynchronizer.java:2039)
        at java.util.concurrent.ArrayBlockingQueue.take(ArrayBlockingQueue.java:403)
        at java.util.concurrent.ThreadPoolExecutor.getTask(ThreadPoolExecutor.java:1074)
        at java.util.concurrent.ThreadPoolExecutor.runWorker(ThreadPoolExecutor.java:1134)
        at java.util.concurrent.ThreadPoolExecutor$Worker.run(ThreadPoolExecutor.java:624)
        at java.lang.Thread.run(Thread.java:748)
"pool-56-thread-56"  prio=5 tid=529 in Object.wait()
java.lang.Thread.State: WAITING (on object monitor)
        at sun.misc.Unsafe.park(Native Method)
        at java.util.concurrent.locks.LockSupport.park(LockSupport.java:175)
        at java.util.concurrent.locks.AbstractQueuedSynchronizer$ConditionObject.await(AbstractQueuedSynchronizer.java:2039)
        at java.util.concurrent.ArrayBlockingQueue.take(ArrayBlockingQueue.java:403)
        at java.util.concurrent.ThreadPoolExecutor.getTask(ThreadPoolExecutor.java:1074)
        at java.util.concurrent.ThreadPoolExecutor.runWorker(ThreadPoolExecutor.java:1134)
        at java.util.concurrent.ThreadPoolExecutor$Worker.run(ThreadPoolExecutor.java:624)
        at java.lang.Thread.run(Thread.java:748)
"pool-46-thread-48"  prio=5 tid=454 in Object.wait()
java.lang.Thread.State: WAITING (on object monitor)
        at sun.misc.Unsafe.park(Native Method)
        at java.util.concurrent.locks.LockSupport.park(LockSupport.java:175)
        at java.util.concurrent.locks.AbstractQueuedSynchronizer$ConditionObject.await(AbstractQueuedSynchronizer.java:2039)
        at java.util.concurrent.ArrayBlockingQueue.take(ArrayBlockingQueue.java:403)
        at java.util.concurrent.ThreadPoolExecutor.getTask(ThreadPoolExecutor.java:1074)
        at java.util.concurrent.ThreadPoolExecutor.runWorker(ThreadPoolExecutor.java:1134)
        at java.util.concurrent.ThreadPoolExecutor$Worker.run(ThreadPoolExecutor.java:624)
        at java.lang.Thread.run(Thread.java:748)
"pool-26-thread-4"  prio=5 tid=290 in Object.wait()
java.lang.Thread.State: WAITING (on object monitor)
        at sun.misc.Unsafe.park(Native Method)
        at java.util.concurrent.locks.LockSupport.park(LockSupport.java:175)
        at java.util.concurrent.locks.AbstractQueuedSynchronizer$ConditionObject.await(AbstractQueuedSynchronizer.java:2039)
        at java.util.concurrent.ArrayBlockingQueue.take(ArrayBlockingQueue.java:403)
        at java.util.concurrent.ThreadPoolExecutor.getTask(ThreadPoolExecutor.java:1074)
        at java.util.concurrent.ThreadPoolExecutor.runWorker(ThreadPoolExecutor.java:1134)
        at java.util.concurrent.ThreadPoolExecutor$Worker.run(ThreadPoolExecutor.java:624)
        at java.lang.Thread.run(Thread.java:748)
"pool-56-thread-46"  prio=5 tid=519 in Object.wait()
java.lang.Thread.State: WAITING (on object monitor)
        at sun.misc.Unsafe.park(Native Method)
        at java.util.concurrent.locks.LockSupport.park(LockSupport.java:175)
        at java.util.concurrent.locks.AbstractQueuedSynchronizer$ConditionObject.await(AbstractQueuedSynchronizer.java:2039)
        at java.util.concurrent.ArrayBlockingQueue.take(ArrayBlockingQueue.java:403)
        at java.util.concurrent.ThreadPoolExecutor.getTask(ThreadPoolExecutor.java:1074)
        at java.util.concurrent.ThreadPoolExecutor.runWorker(ThreadPoolExecutor.java:1134)
        at java.util.concurrent.ThreadPoolExecutor$Worker.run(ThreadPoolExecutor.java:624)
        at java.lang.Thread.run(Thread.java:748)
"pool-66-thread-6"  prio=5 tid=541 in Object.wait()
java.lang.Thread.State: WAITING (on object monitor)
        at sun.misc.Unsafe.park(Native Method)
        at java.util.concurrent.locks.LockSupport.park(LockSupport.java:175)
        at java.util.concurrent.locks.AbstractQueuedSynchronizer$ConditionObject.await(AbstractQueuedSynchronizer.java:2039)
        at java.util.concurrent.ArrayBlockingQueue.take(ArrayBlockingQueue.java:403)
        at java.util.concurrent.ThreadPoolExecutor.getTask(ThreadPoolExecutor.java:1074)
        at java.util.concurrent.ThreadPoolExecutor.runWorker(ThreadPoolExecutor.java:1134)
        at java.util.concurrent.ThreadPoolExecutor$Worker.run(ThreadPoolExecutor.java:624)
        at java.lang.Thread.run(Thread.java:748)
"qtp1003663195-247" daemon prio=5 tid=247 timed_waiting
java.lang.Thread.State: TIMED_WAITING
        at sun.misc.Unsafe.park(Native Method)
        at java.util.concurrent.locks.LockSupport.parkNanos(LockSupport.java:215)
        at java.util.concurrent.locks.AbstractQueuedSynchronizer$ConditionObject.awaitNanos(AbstractQueuedSynchronizer.java:2078)
        at org.eclipse.jetty.util.BlockingArrayQueue.poll(BlockingArrayQueue.java:392)
        at org.eclipse.jetty.util.thread.QueuedThreadPool.idleJobPoll(QueuedThreadPool.java:563)
        at org.eclipse.jetty.util.thread.QueuedThreadPool.access$800(QueuedThreadPool.java:48)
        at org.eclipse.jetty.util.thread.QueuedThreadPool$2.run(QueuedThreadPool.java:626)
        at java.lang.Thread.run(Thread.java:748)
"pool-36-thread-46"  prio=5 tid=392 in Object.wait()
java.lang.Thread.State: WAITING (on object monitor)
        at sun.misc.Unsafe.park(Native Method)
        at java.util.concurrent.locks.LockSupport.park(LockSupport.java:175)
        at java.util.concurrent.locks.AbstractQueuedSynchronizer$ConditionObject.await(AbstractQueuedSynchronizer.java:2039)
        at java.util.concurrent.ArrayBlockingQueue.take(ArrayBlockingQueue.java:403)
        at java.util.concurrent.ThreadPoolExecutor.getTask(ThreadPoolExecutor.java:1074)
        at java.util.concurrent.ThreadPoolExecutor.runWorker(ThreadPoolExecutor.java:1134)
        at java.util.concurrent.ThreadPoolExecutor$Worker.run(ThreadPoolExecutor.java:624)
        at java.lang.Thread.run(Thread.java:748)
"IPC Server handler 5 on 40923" daemon prio=5 tid=34 timed_waiting
java.lang.Thread.State: TIMED_WAITING
        at sun.misc.Unsafe.park(Native Method)
        at java.util.concurrent.locks.LockSupport.parkNanos(LockSupport.java:215)
        at java.util.concurrent.locks.AbstractQueuedSynchronizer$ConditionObject.awaitNanos(AbstractQueuedSynchronizer.java:2078)
        at java.util.concurrent.LinkedBlockingQueue.poll(LinkedBlockingQueue.java:467)
        at org.apache.hadoop.ipc.CallQueueManager.take(CallQueueManager.java:288)
        at org.apache.hadoop.ipc.Server$Handler.run(Server.java:2668)
"pool-36-thread-41"  prio=5 tid=387 in Object.wait()
java.lang.Thread.State: WAITING (on object monitor)
        at sun.misc.Unsafe.park(Native Method)
        at java.util.concurrent.locks.LockSupport.park(LockSupport.java:175)
        at java.util.concurrent.locks.AbstractQueuedSynchronizer$ConditionObject.await(AbstractQueuedSynchronizer.java:2039)
        at java.util.concurrent.ArrayBlockingQueue.take(ArrayBlockingQueue.java:403)
        at java.util.concurrent.ThreadPoolExecutor.getTask(ThreadPoolExecutor.java:1074)
        at java.util.concurrent.ThreadPoolExecutor.runWorker(ThreadPoolExecutor.java:1134)
        at java.util.concurrent.ThreadPoolExecutor$Worker.run(ThreadPoolExecutor.java:624)
        at java.lang.Thread.run(Thread.java:748)
"pool-56-thread-5"  prio=5 tid=478 in Object.wait()
java.lang.Thread.State: WAITING (on object monitor)
        at sun.misc.Unsafe.park(Native Method)
        at java.util.concurrent.locks.LockSupport.park(LockSupport.java:175)
        at java.util.concurrent.locks.AbstractQueuedSynchronizer$ConditionObject.await(AbstractQueuedSynchronizer.java:2039)
        at java.util.concurrent.ArrayBlockingQueue.take(ArrayBlockingQueue.java:403)
        at java.util.concurrent.ThreadPoolExecutor.getTask(ThreadPoolExecutor.java:1074)
        at java.util.concurrent.ThreadPoolExecutor.runWorker(ThreadPoolExecutor.java:1134)
        at java.util.concurrent.ThreadPoolExecutor$Worker.run(ThreadPoolExecutor.java:624)
        at java.lang.Thread.run(Thread.java:748)
"pool-56-thread-25"  prio=5 tid=498 in Object.wait()
java.lang.Thread.State: WAITING (on object monitor)
        at sun.misc.Unsafe.park(Native Method)
        at java.util.concurrent.locks.LockSupport.park(LockSupport.java:175)
        at java.util.concurrent.locks.AbstractQueuedSynchronizer$ConditionObject.await(AbstractQueuedSynchronizer.java:2039)
        at java.util.concurrent.ArrayBlockingQueue.take(ArrayBlockingQueue.java:403)
        at java.util.concurrent.ThreadPoolExecutor.getTask(ThreadPoolExecutor.java:1074)
        at java.util.concurrent.ThreadPoolExecutor.runWorker(ThreadPoolExecutor.java:1134)
        at java.util.concurrent.ThreadPoolExecutor$Worker.run(ThreadPoolExecutor.java:624)
        at java.lang.Thread.run(Thread.java:748)
"org.apache.hadoop.util.JvmPauseMonitor$Monitor@779775af" daemon prio=5 tid=176 timed_waiting
java.lang.Thread.State: TIMED_WAITING
        at java.lang.Thread.sleep(Native Method)
        at org.apache.hadoop.util.JvmPauseMonitor$Monitor.run(JvmPauseMonitor.java:192)
        at java.lang.Thread.run(Thread.java:748)
"metrics-hadoop-metrics2-reporter-45-thread-1" daemon prio=5 tid=807 timed_waiting
java.lang.Thread.State: TIMED_WAITING
        at sun.misc.Unsafe.park(Native Method)
        at java.util.concurrent.locks.LockSupport.parkNanos(LockSupport.java:215)
        at java.util.concurrent.locks.AbstractQueuedSynchronizer$ConditionObject.awaitNanos(AbstractQueuedSynchronizer.java:2078)
        at java.util.concurrent.ScheduledThreadPoolExecutor$DelayedWorkQueue.take(ScheduledThreadPoolExecutor.java:1093)
        at java.util.concurrent.ScheduledThreadPoolExecutor$DelayedWorkQueue.take(ScheduledThreadPoolExecutor.java:809)
        at java.util.concurrent.ThreadPoolExecutor.getTask(ThreadPoolExecutor.java:1074)
        at java.util.concurrent.ThreadPoolExecutor.runWorker(ThreadPoolExecutor.java:1134)
        at java.util.concurrent.ThreadPoolExecutor$Worker.run(ThreadPoolExecutor.java:624)
        at java.lang.Thread.run(Thread.java:748)
"pool-66-thread-54"  prio=5 tid=589 in Object.wait()
java.lang.Thread.State: WAITING (on object monitor)
        at sun.misc.Unsafe.park(Native Method)
        at java.util.concurrent.locks.LockSupport.park(LockSupport.java:175)
        at java.util.concurrent.locks.AbstractQueuedSynchronizer$ConditionObject.await(AbstractQueuedSynchronizer.java:2039)
        at java.util.concurrent.ArrayBlockingQueue.take(ArrayBlockingQueue.java:403)
        at java.util.concurrent.ThreadPoolExecutor.getTask(ThreadPoolExecutor.java:1074)
        at java.util.concurrent.ThreadPoolExecutor.runWorker(ThreadPoolExecutor.java:1134)
        at java.util.concurrent.ThreadPoolExecutor$Worker.run(ThreadPoolExecutor.java:624)
        at java.lang.Thread.run(Thread.java:748)
"pool-56-thread-59"  prio=5 tid=532 in Object.wait()
java.lang.Thread.State: WAITING (on object monitor)
        at sun.misc.Unsafe.park(Native Method)
        at java.util.concurrent.locks.LockSupport.park(LockSupport.java:175)
        at java.util.concurrent.locks.AbstractQueuedSynchronizer$ConditionObject.await(AbstractQueuedSynchronizer.java:2039)
        at java.util.concurrent.ArrayBlockingQueue.take(ArrayBlockingQueue.java:403)
        at java.util.concurrent.ThreadPoolExecutor.getTask(ThreadPoolExecutor.java:1074)
        at java.util.concurrent.ThreadPoolExecutor.runWorker(ThreadPoolExecutor.java:1134)
        at java.util.concurrent.ThreadPoolExecutor$Worker.run(ThreadPoolExecutor.java:624)
        at java.lang.Thread.run(Thread.java:748)
"pool-46-thread-27"  prio=5 tid=433 in Object.wait()
java.lang.Thread.State: WAITING (on object monitor)
        at sun.misc.Unsafe.park(Native Method)
        at java.util.concurrent.locks.LockSupport.park(LockSupport.java:175)
        at java.util.concurrent.locks.AbstractQueuedSynchronizer$ConditionObject.await(AbstractQueuedSynchronizer.java:2039)
        at java.util.concurrent.ArrayBlockingQueue.take(ArrayBlockingQueue.java:403)
        at java.util.concurrent.ThreadPoolExecutor.getTask(ThreadPoolExecutor.java:1074)
        at java.util.concurrent.ThreadPoolExecutor.runWorker(ThreadPoolExecutor.java:1134)
        at java.util.concurrent.ThreadPoolExecutor$Worker.run(ThreadPoolExecutor.java:624)
        at java.lang.Thread.run(Thread.java:748)
"pool-26-thread-58"  prio=5 tid=344 in Object.wait()
java.lang.Thread.State: WAITING (on object monitor)
        at sun.misc.Unsafe.park(Native Method)
        at java.util.concurrent.locks.LockSupport.park(LockSupport.java:175)
        at java.util.concurrent.locks.AbstractQueuedSynchronizer$ConditionObject.await(AbstractQueuedSynchronizer.java:2039)
        at java.util.concurrent.ArrayBlockingQueue.take(ArrayBlockingQueue.java:403)
        at java.util.concurrent.ThreadPoolExecutor.getTask(ThreadPoolExecutor.java:1074)
        at java.util.concurrent.ThreadPoolExecutor.runWorker(ThreadPoolExecutor.java:1134)
        at java.util.concurrent.ThreadPoolExecutor$Worker.run(ThreadPoolExecutor.java:624)
        at java.lang.Thread.run(Thread.java:748)
"qtp1003663195-245" daemon prio=5 tid=245 timed_waiting
java.lang.Thread.State: TIMED_WAITING
        at sun.misc.Unsafe.park(Native Method)
        at java.util.concurrent.locks.LockSupport.parkNanos(LockSupport.java:215)
        at java.util.concurrent.locks.AbstractQueuedSynchronizer$ConditionObject.awaitNanos(AbstractQueuedSynchronizer.java:2078)
        at org.eclipse.jetty.util.BlockingArrayQueue.poll(BlockingArrayQueue.java:392)
        at org.eclipse.jetty.util.thread.QueuedThreadPool.idleJobPoll(QueuedThreadPool.java:563)
        at org.eclipse.jetty.util.thread.QueuedThreadPool.access$800(QueuedThreadPool.java:48)
        at org.eclipse.jetty.util.thread.QueuedThreadPool$2.run(QueuedThreadPool.java:626)
        at java.lang.Thread.run(Thread.java:748)
"qtp1003663195-244" daemon prio=5 tid=244 timed_waiting
java.lang.Thread.State: TIMED_WAITING
        at sun.misc.Unsafe.park(Native Method)
        at java.util.concurrent.locks.LockSupport.parkNanos(LockSupport.java:215)
        at java.util.concurrent.locks.AbstractQueuedSynchronizer$ConditionObject.awaitNanos(AbstractQueuedSynchronizer.java:2078)
        at org.eclipse.jetty.util.BlockingArrayQueue.poll(BlockingArrayQueue.java:392)
        at org.eclipse.jetty.util.thread.QueuedThreadPool.idleJobPoll(QueuedThreadPool.java:563)
        at org.eclipse.jetty.util.thread.QueuedThreadPool.access$800(QueuedThreadPool.java:48)
        at org.eclipse.jetty.util.thread.QueuedThreadPool$2.run(QueuedThreadPool.java:626)
        at java.lang.Thread.run(Thread.java:748)
"pool-56-thread-17"  prio=5 tid=490 in Object.wait()
java.lang.Thread.State: WAITING (on object monitor)
        at sun.misc.Unsafe.park(Native Method)
        at java.util.concurrent.locks.LockSupport.park(LockSupport.java:175)
        at java.util.concurrent.locks.AbstractQueuedSynchronizer$ConditionObject.await(AbstractQueuedSynchronizer.java:2039)
        at java.util.concurrent.ArrayBlockingQueue.take(ArrayBlockingQueue.java:403)
        at java.util.concurrent.ThreadPoolExecutor.getTask(ThreadPoolExecutor.java:1074)
        at java.util.concurrent.ThreadPoolExecutor.runWorker(ThreadPoolExecutor.java:1134)
        at java.util.concurrent.ThreadPoolExecutor$Worker.run(ThreadPoolExecutor.java:624)
        at java.lang.Thread.run(Thread.java:748)
"pool-66-thread-59"  prio=5 tid=594 in Object.wait()
java.lang.Thread.State: WAITING (on object monitor)
        at sun.misc.Unsafe.park(Native Method)
        at java.util.concurrent.locks.LockSupport.park(LockSupport.java:175)
        at java.util.concurrent.locks.AbstractQueuedSynchronizer$ConditionObject.await(AbstractQueuedSynchronizer.java:2039)
        at java.util.concurrent.ArrayBlockingQueue.take(ArrayBlockingQueue.java:403)
        at java.util.concurrent.ThreadPoolExecutor.getTask(ThreadPoolExecutor.java:1074)
        at java.util.concurrent.ThreadPoolExecutor.runWorker(ThreadPoolExecutor.java:1134)
        at java.util.concurrent.ThreadPoolExecutor$Worker.run(ThreadPoolExecutor.java:624)
        at java.lang.Thread.run(Thread.java:748)
"pool-26-thread-59"  prio=5 tid=345 in Object.wait()
java.lang.Thread.State: WAITING (on object monitor)
        at sun.misc.Unsafe.park(Native Method)
        at java.util.concurrent.locks.LockSupport.park(LockSupport.java:175)
        at java.util.concurrent.locks.AbstractQueuedSynchronizer$ConditionObject.await(AbstractQueuedSynchronizer.java:2039)
        at java.util.concurrent.ArrayBlockingQueue.take(ArrayBlockingQueue.java:403)
        at java.util.concurrent.ThreadPoolExecutor.getTask(ThreadPoolExecutor.java:1074)
        at java.util.concurrent.ThreadPoolExecutor.runWorker(ThreadPoolExecutor.java:1134)
        at java.util.concurrent.ThreadPoolExecutor$Worker.run(ThreadPoolExecutor.java:624)
        at java.lang.Thread.run(Thread.java:748)
"pool-66-thread-15"  prio=5 tid=550 in Object.wait()
java.lang.Thread.State: WAITING (on object monitor)
        at sun.misc.Unsafe.park(Native Method)
        at java.util.concurrent.locks.LockSupport.park(LockSupport.java:175)
        at java.util.concurrent.locks.AbstractQueuedSynchronizer$ConditionObject.await(AbstractQueuedSynchronizer.java:2039)
        at java.util.concurrent.ArrayBlockingQueue.take(ArrayBlockingQueue.java:403)
        at java.util.concurrent.ThreadPoolExecutor.getTask(ThreadPoolExecutor.java:1074)
        at java.util.concurrent.ThreadPoolExecutor.runWorker(ThreadPoolExecutor.java:1134)
        at java.util.concurrent.ThreadPoolExecutor$Worker.run(ThreadPoolExecutor.java:624)
        at java.lang.Thread.run(Thread.java:748)
"pool-36-thread-32"  prio=5 tid=378 in Object.wait()
java.lang.Thread.State: WAITING (on object monitor)
        at sun.misc.Unsafe.park(Native Method)
        at java.util.concurrent.locks.LockSupport.park(LockSupport.java:175)
        at java.util.concurrent.locks.AbstractQueuedSynchronizer$ConditionObject.await(AbstractQueuedSynchronizer.java:2039)
        at java.util.concurrent.ArrayBlockingQueue.take(ArrayBlockingQueue.java:403)
        at java.util.concurrent.ThreadPoolExecutor.getTask(ThreadPoolExecutor.java:1074)
        at java.util.concurrent.ThreadPoolExecutor.runWorker(ThreadPoolExecutor.java:1134)
        at java.util.concurrent.ThreadPoolExecutor$Worker.run(ThreadPoolExecutor.java:624)
        at java.lang.Thread.run(Thread.java:748)
"pool-56-thread-28"  prio=5 tid=501 in Object.wait()
java.lang.Thread.State: WAITING (on object monitor)
        at sun.misc.Unsafe.park(Native Method)
        at java.util.concurrent.locks.LockSupport.park(LockSupport.java:175)
        at java.util.concurrent.locks.AbstractQueuedSynchronizer$ConditionObject.await(AbstractQueuedSynchronizer.java:2039)
        at java.util.concurrent.ArrayBlockingQueue.take(ArrayBlockingQueue.java:403)
        at java.util.concurrent.ThreadPoolExecutor.getTask(ThreadPoolExecutor.java:1074)
        at java.util.concurrent.ThreadPoolExecutor.runWorker(ThreadPoolExecutor.java:1134)
        at java.util.concurrent.ThreadPoolExecutor$Worker.run(ThreadPoolExecutor.java:624)
        at java.lang.Thread.run(Thread.java:748)
"pool-66-thread-30"  prio=5 tid=565 in Object.wait()
java.lang.Thread.State: WAITING (on object monitor)
        at sun.misc.Unsafe.park(Native Method)
        at java.util.concurrent.locks.LockSupport.park(LockSupport.java:175)
        at java.util.concurrent.locks.AbstractQueuedSynchronizer$ConditionObject.await(AbstractQueuedSynchronizer.java:2039)
        at java.util.concurrent.ArrayBlockingQueue.take(ArrayBlockingQueue.java:403)
        at java.util.concurrent.ThreadPoolExecutor.getTask(ThreadPoolExecutor.java:1074)
        at java.util.concurrent.ThreadPoolExecutor.runWorker(ThreadPoolExecutor.java:1134)
        at java.util.concurrent.ThreadPoolExecutor$Worker.run(ThreadPoolExecutor.java:624)
        at java.lang.Thread.run(Thread.java:748)
"pool-56-thread-33"  prio=5 tid=506 in Object.wait()
java.lang.Thread.State: WAITING (on object monitor)
        at sun.misc.Unsafe.park(Native Method)
        at java.util.concurrent.locks.LockSupport.park(LockSupport.java:175)
        at java.util.concurrent.locks.AbstractQueuedSynchronizer$ConditionObject.await(AbstractQueuedSynchronizer.java:2039)
        at java.util.concurrent.ArrayBlockingQueue.take(ArrayBlockingQueue.java:403)
        at java.util.concurrent.ThreadPoolExecutor.getTask(ThreadPoolExecutor.java:1074)
        at java.util.concurrent.ThreadPoolExecutor.runWorker(ThreadPoolExecutor.java:1134)
        at java.util.concurrent.ThreadPoolExecutor$Worker.run(ThreadPoolExecutor.java:624)
        at java.lang.Thread.run(Thread.java:748)
"qtp1043358826-92" daemon prio=5 tid=92 timed_waiting
java.lang.Thread.State: TIMED_WAITING
        at sun.misc.Unsafe.park(Native Method)
        at java.util.concurrent.locks.LockSupport.parkNanos(LockSupport.java:215)
        at java.util.concurrent.locks.AbstractQueuedSynchronizer$ConditionObject.awaitNanos(AbstractQueuedSynchronizer.java:2078)
        at org.eclipse.jetty.util.BlockingArrayQueue.poll(BlockingArrayQueue.java:392)
        at org.eclipse.jetty.util.thread.QueuedThreadPool.idleJobPoll(QueuedThreadPool.java:563)
        at org.eclipse.jetty.util.thread.QueuedThreadPool.access$800(QueuedThreadPool.java:48)
        at org.eclipse.jetty.util.thread.QueuedThreadPool$2.run(QueuedThreadPool.java:626)
        at java.lang.Thread.run(Thread.java:748)
"org.apache.hadoop.util.JvmPauseMonitor$Monitor@630e2bf4" daemon prio=5 tid=230 timed_waiting
java.lang.Thread.State: TIMED_WAITING
        at java.lang.Thread.sleep(Native Method)
        at org.apache.hadoop.util.JvmPauseMonitor$Monitor.run(JvmPauseMonitor.java:192)
        at java.lang.Thread.run(Thread.java:748)
"grpc-default-executor-0" daemon prio=5 tid=608 timed_waiting
java.lang.Thread.State: TIMED_WAITING
        at sun.misc.Unsafe.park(Native Method)
        at java.util.concurrent.locks.LockSupport.parkNanos(LockSupport.java:215)
        at java.util.concurrent.SynchronousQueue$TransferStack.awaitFulfill(SynchronousQueue.java:460)
        at java.util.concurrent.SynchronousQueue$TransferStack.transfer(SynchronousQueue.java:362)
        at java.util.concurrent.SynchronousQueue.poll(SynchronousQueue.java:941)
        at java.util.concurrent.ThreadPoolExecutor.getTask(ThreadPoolExecutor.java:1073)
        at java.util.concurrent.ThreadPoolExecutor.runWorker(ThreadPoolExecutor.java:1134)
        at java.util.concurrent.ThreadPoolExecutor$Worker.run(ThreadPoolExecutor.java:624)
        at java.lang.Thread.run(Thread.java:748)
"pool-36-thread-33"  prio=5 tid=379 in Object.wait()
java.lang.Thread.State: WAITING (on object monitor)
        at sun.misc.Unsafe.park(Native Method)
        at java.util.concurrent.locks.LockSupport.park(LockSupport.java:175)
        at java.util.concurrent.locks.AbstractQueuedSynchronizer$ConditionObject.await(AbstractQueuedSynchronizer.java:2039)
        at java.util.concurrent.ArrayBlockingQueue.take(ArrayBlockingQueue.java:403)
        at java.util.concurrent.ThreadPoolExecutor.getTask(ThreadPoolExecutor.java:1074)
        at java.util.concurrent.ThreadPoolExecutor.runWorker(ThreadPoolExecutor.java:1134)
        at java.util.concurrent.ThreadPoolExecutor$Worker.run(ThreadPoolExecutor.java:624)
        at java.lang.Thread.run(Thread.java:748)
"metrics-hadoop-metrics2-reporter-8-thread-1" daemon prio=5 tid=630 timed_waiting
java.lang.Thread.State: TIMED_WAITING
        at sun.misc.Unsafe.park(Native Method)
        at java.util.concurrent.locks.LockSupport.parkNanos(LockSupport.java:215)
        at java.util.concurrent.locks.AbstractQueuedSynchronizer$ConditionObject.awaitNanos(AbstractQueuedSynchronizer.java:2078)
        at java.util.concurrent.ScheduledThreadPoolExecutor$DelayedWorkQueue.take(ScheduledThreadPoolExecutor.java:1093)
        at java.util.concurrent.ScheduledThreadPoolExecutor$DelayedWorkQueue.take(ScheduledThreadPoolExecutor.java:809)
        at java.util.concurrent.ThreadPoolExecutor.getTask(ThreadPoolExecutor.java:1074)
        at java.util.concurrent.ThreadPoolExecutor.runWorker(ThreadPoolExecutor.java:1134)
        at java.util.concurrent.ThreadPoolExecutor$Worker.run(ThreadPoolExecutor.java:624)
        at java.lang.Thread.run(Thread.java:748)
"BlockDeletingService#1" daemon prio=5 tid=473 in Object.wait()
java.lang.Thread.State: WAITING (on object monitor)
        at sun.misc.Unsafe.park(Native Method)
        at java.util.concurrent.locks.LockSupport.park(LockSupport.java:175)
        at java.util.concurrent.locks.AbstractQueuedSynchronizer$ConditionObject.await(AbstractQueuedSynchronizer.java:2039)
        at java.util.concurrent.ScheduledThreadPoolExecutor$DelayedWorkQueue.take(ScheduledThreadPoolExecutor.java:1088)
        at java.util.concurrent.ScheduledThreadPoolExecutor$DelayedWorkQueue.take(ScheduledThreadPoolExecutor.java:809)
        at java.util.concurrent.ThreadPoolExecutor.getTask(ThreadPoolExecutor.java:1074)
        at java.util.concurrent.ThreadPoolExecutor.runWorker(ThreadPoolExecutor.java:1134)
        at java.util.concurrent.ThreadPoolExecutor$Worker.run(ThreadPoolExecutor.java:624)
        at java.lang.Thread.run(Thread.java:748)
"qtp1919592808-186" daemon prio=5 tid=186 runnable
java.lang.Thread.State: RUNNABLE
        at sun.nio.ch.EPollArrayWrapper.epollWait(Native Method)
        at sun.nio.ch.EPollArrayWrapper.poll(EPollArrayWrapper.java:269)
        at sun.nio.ch.EPollSelectorImpl.doSelect(EPollSelectorImpl.java:93)
        at sun.nio.ch.SelectorImpl.lockAndDoSelect(SelectorImpl.java:86)
        at sun.nio.ch.SelectorImpl.select(SelectorImpl.java:97)
        at sun.nio.ch.SelectorImpl.select(SelectorImpl.java:101)
        at org.eclipse.jetty.io.ManagedSelector$SelectorProducer.select(ManagedSelector.java:243)
        at org.eclipse.jetty.io.ManagedSelector$SelectorProducer.produce(ManagedSelector.java:191)
        at org.eclipse.jetty.util.thread.strategy.ExecuteProduceConsume.executeProduceConsume(ExecuteProduceConsume.java:249)
        at org.eclipse.jetty.util.thread.strategy.ExecuteProduceConsume.produceConsume(ExecuteProduceConsume.java:148)
        at org.eclipse.jetty.util.thread.strategy.ExecuteProduceConsume.execute(ExecuteProduceConsume.java:100)
        at org.eclipse.jetty.io.ManagedSelector.run(ManagedSelector.java:147)
        at org.eclipse.jetty.util.thread.QueuedThreadPool.runJob(QueuedThreadPool.java:671)
        at org.eclipse.jetty.util.thread.QueuedThreadPool$2.run(QueuedThreadPool.java:589)
        at java.lang.Thread.run(Thread.java:748)
"pool-54-thread-1" daemon prio=5 tid=237 timed_waiting
java.lang.Thread.State: TIMED_WAITING
        at sun.misc.Unsafe.park(Native Method)
        at java.util.concurrent.locks.LockSupport.parkNanos(LockSupport.java:215)
        at java.util.concurrent.locks.AbstractQueuedSynchronizer$ConditionObject.awaitNanos(AbstractQueuedSynchronizer.java:2078)
        at java.util.concurrent.ScheduledThreadPoolExecutor$DelayedWorkQueue.take(ScheduledThreadPoolExecutor.java:1093)
        at java.util.concurrent.ScheduledThreadPoolExecutor$DelayedWorkQueue.take(ScheduledThreadPoolExecutor.java:809)
        at java.util.concurrent.ThreadPoolExecutor.getTask(ThreadPoolExecutor.java:1074)
        at java.util.concurrent.ThreadPoolExecutor.runWorker(ThreadPoolExecutor.java:1134)
        at java.util.concurrent.ThreadPoolExecutor$Worker.run(ThreadPoolExecutor.java:624)
        at java.lang.Thread.run(Thread.java:748)
"IPC Server handler 1 on 33004" daemon prio=5 tid=70 timed_waiting
java.lang.Thread.State: TIMED_WAITING
        at sun.misc.Unsafe.park(Native Method)
        at java.util.concurrent.locks.LockSupport.parkNanos(LockSupport.java:215)
        at java.util.concurrent.locks.AbstractQueuedSynchronizer$ConditionObject.awaitNanos(AbstractQueuedSynchronizer.java:2078)
        at java.util.concurrent.LinkedBlockingQueue.poll(LinkedBlockingQueue.java:467)
        at org.apache.hadoop.ipc.CallQueueManager.take(CallQueueManager.java:288)
        at org.apache.hadoop.ipc.Server$Handler.run(Server.java:2668)
"pool-26-thread-24"  prio=5 tid=310 in Object.wait()
java.lang.Thread.State: WAITING (on object monitor)
        at sun.misc.Unsafe.park(Native Method)
        at java.util.concurrent.locks.LockSupport.park(LockSupport.java:175)
        at java.util.concurrent.locks.AbstractQueuedSynchronizer$ConditionObject.await(AbstractQueuedSynchronizer.java:2039)
        at java.util.concurrent.ArrayBlockingQueue.take(ArrayBlockingQueue.java:403)
        at java.util.concurrent.ThreadPoolExecutor.getTask(ThreadPoolExecutor.java:1074)
        at java.util.concurrent.ThreadPoolExecutor.runWorker(ThreadPoolExecutor.java:1134)
        at java.util.concurrent.ThreadPoolExecutor$Worker.run(ThreadPoolExecutor.java:624)
        at java.lang.Thread.run(Thread.java:748)
"Thread-233" daemon prio=5 tid=675 timed_waiting
java.lang.Thread.State: TIMED_WAITING
        at sun.misc.Unsafe.park(Native Method)
        at java.util.concurrent.locks.LockSupport.parkNanos(LockSupport.java:215)
        at java.util.concurrent.locks.AbstractQueuedSynchronizer$ConditionObject.awaitNanos(AbstractQueuedSynchronizer.java:2078)
        at java.util.concurrent.ArrayBlockingQueue.poll(ArrayBlockingQueue.java:418)
        at org.apache.ratis.server.impl.LeaderState$EventQueue.poll(LeaderState.java:115)
        at org.apache.ratis.server.impl.LeaderState$EventProcessor.run(LeaderState.java:467)
"metrics-hadoop-metrics2-reporter-7-thread-1" daemon prio=5 tid=629 timed_waiting
java.lang.Thread.State: TIMED_WAITING
        at sun.misc.Unsafe.park(Native Method)
        at java.util.concurrent.locks.LockSupport.parkNanos(LockSupport.java:215)
        at java.util.concurrent.locks.AbstractQueuedSynchronizer$ConditionObject.awaitNanos(AbstractQueuedSynchronizer.java:2078)
        at java.util.concurrent.ScheduledThreadPoolExecutor$DelayedWorkQueue.take(ScheduledThreadPoolExecutor.java:1093)
        at java.util.concurrent.ScheduledThreadPoolExecutor$DelayedWorkQueue.take(ScheduledThreadPoolExecutor.java:809)
        at java.util.concurrent.ThreadPoolExecutor.getTask(ThreadPoolExecutor.java:1074)
        at java.util.concurrent.ThreadPoolExecutor.runWorker(ThreadPoolExecutor.java:1134)
        at java.util.concurrent.ThreadPoolExecutor$Worker.run(ThreadPoolExecutor.java:624)
        at java.lang.Thread.run(Thread.java:748)
"pool-26-thread-28"  prio=5 tid=314 in Object.wait()
java.lang.Thread.State: WAITING (on object monitor)
        at sun.misc.Unsafe.park(Native Method)
        at java.util.concurrent.locks.LockSupport.park(LockSupport.java:175)
        at java.util.concurrent.locks.AbstractQueuedSynchronizer$ConditionObject.await(AbstractQueuedSynchronizer.java:2039)
        at java.util.concurrent.ArrayBlockingQueue.take(ArrayBlockingQueue.java:403)
        at java.util.concurrent.ThreadPoolExecutor.getTask(ThreadPoolExecutor.java:1074)
        at java.util.concurrent.ThreadPoolExecutor.runWorker(ThreadPoolExecutor.java:1134)
        at java.util.concurrent.ThreadPoolExecutor$Worker.run(ThreadPoolExecutor.java:624)
        at java.lang.Thread.run(Thread.java:748)
"pool-26-thread-17"  prio=5 tid=303 in Object.wait()
java.lang.Thread.State: WAITING (on object monitor)
        at sun.misc.Unsafe.park(Native Method)
        at java.util.concurrent.locks.LockSupport.park(LockSupport.java:175)
        at java.util.concurrent.locks.AbstractQueuedSynchronizer$ConditionObject.await(AbstractQueuedSynchronizer.java:2039)
        at java.util.concurrent.ArrayBlockingQueue.take(ArrayBlockingQueue.java:403)
        at java.util.concurrent.ThreadPoolExecutor.getTask(ThreadPoolExecutor.java:1074)
        at java.util.concurrent.ThreadPoolExecutor.runWorker(ThreadPoolExecutor.java:1134)
        at java.util.concurrent.ThreadPoolExecutor$Worker.run(ThreadPoolExecutor.java:624)
        at java.lang.Thread.run(Thread.java:748)
"pool-26-thread-9"  prio=5 tid=295 in Object.wait()
java.lang.Thread.State: WAITING (on object monitor)
        at sun.misc.Unsafe.park(Native Method)
        at java.util.concurrent.locks.LockSupport.park(LockSupport.java:175)
        at java.util.concurrent.locks.AbstractQueuedSynchronizer$ConditionObject.await(AbstractQueuedSynchronizer.java:2039)
        at java.util.concurrent.ArrayBlockingQueue.take(ArrayBlockingQueue.java:403)
        at java.util.concurrent.ThreadPoolExecutor.getTask(ThreadPoolExecutor.java:1074)
        at java.util.concurrent.ThreadPoolExecutor.runWorker(ThreadPoolExecutor.java:1134)
        at java.util.concurrent.ThreadPoolExecutor$Worker.run(ThreadPoolExecutor.java:624)
        at java.lang.Thread.run(Thread.java:748)
"pool-56-thread-31"  prio=5 tid=504 in Object.wait()
java.lang.Thread.State: WAITING (on object monitor)
        at sun.misc.Unsafe.park(Native Method)
        at java.util.concurrent.locks.LockSupport.park(LockSupport.java:175)
        at java.util.concurrent.locks.AbstractQueuedSynchronizer$ConditionObject.await(AbstractQueuedSynchronizer.java:2039)
        at java.util.concurrent.ArrayBlockingQueue.take(ArrayBlockingQueue.java:403)
        at java.util.concurrent.ThreadPoolExecutor.getTask(ThreadPoolExecutor.java:1074)
        at java.util.concurrent.ThreadPoolExecutor.runWorker(ThreadPoolExecutor.java:1134)
        at java.util.concurrent.ThreadPoolExecutor$Worker.run(ThreadPoolExecutor.java:624)
        at java.lang.Thread.run(Thread.java:748)
"IPC Server handler 5 on 46821" daemon prio=5 tid=54 timed_waiting
java.lang.Thread.State: TIMED_WAITING
        at sun.misc.Unsafe.park(Native Method)
        at java.util.concurrent.locks.LockSupport.parkNanos(LockSupport.java:215)
        at java.util.concurrent.locks.AbstractQueuedSynchronizer$ConditionObject.awaitNanos(AbstractQueuedSynchronizer.java:2078)
        at java.util.concurrent.LinkedBlockingQueue.poll(LinkedBlockingQueue.java:467)
        at org.apache.hadoop.ipc.CallQueueManager.take(CallQueueManager.java:288)
        at org.apache.hadoop.ipc.Server$Handler.run(Server.java:2668)
"EventQueue-ContainerReportForContainerReportHandler" daemon prio=5 tid=600 in Object.wait()
java.lang.Thread.State: WAITING (on object monitor)
        at sun.misc.Unsafe.park(Native Method)
        at java.util.concurrent.locks.LockSupport.park(LockSupport.java:175)
        at java.util.concurrent.locks.AbstractQueuedSynchronizer$ConditionObject.await(AbstractQueuedSynchronizer.java:2039)
        at java.util.concurrent.LinkedBlockingQueue.take(LinkedBlockingQueue.java:442)
        at java.util.concurrent.ThreadPoolExecutor.getTask(ThreadPoolExecutor.java:1074)
        at java.util.concurrent.ThreadPoolExecutor.runWorker(ThreadPoolExecutor.java:1134)
        at java.util.concurrent.ThreadPoolExecutor$Worker.run(ThreadPoolExecutor.java:624)
        at java.lang.Thread.run(Thread.java:748)
"pool-36-thread-55"  prio=5 tid=401 in Object.wait()
java.lang.Thread.State: WAITING (on object monitor)
        at sun.misc.Unsafe.park(Native Method)
        at java.util.concurrent.locks.LockSupport.park(LockSupport.java:175)
        at java.util.concurrent.locks.AbstractQueuedSynchronizer$ConditionObject.await(AbstractQueuedSynchronizer.java:2039)
        at java.util.concurrent.ArrayBlockingQueue.take(ArrayBlockingQueue.java:403)
        at java.util.concurrent.ThreadPoolExecutor.getTask(ThreadPoolExecutor.java:1074)
        at java.util.concurrent.ThreadPoolExecutor.runWorker(ThreadPoolExecutor.java:1134)
        at java.util.concurrent.ThreadPoolExecutor$Worker.run(ThreadPoolExecutor.java:624)
        at java.lang.Thread.run(Thread.java:748)
"pool-27-thread-1"  prio=5 tid=612 in Object.wait()
java.lang.Thread.State: WAITING (on object monitor)
        at sun.misc.Unsafe.park(Native Method)
        at java.util.concurrent.locks.LockSupport.park(LockSupport.java:175)
        at java.util.concurrent.locks.AbstractQueuedSynchronizer$ConditionObject.await(AbstractQueuedSynchronizer.java:2039)
        at java.util.concurrent.LinkedBlockingQueue.take(LinkedBlockingQueue.java:442)
        at java.util.concurrent.ThreadPoolExecutor.getTask(ThreadPoolExecutor.java:1074)
        at java.util.concurrent.ThreadPoolExecutor.runWorker(ThreadPoolExecutor.java:1134)
        at java.util.concurrent.ThreadPoolExecutor$Worker.run(ThreadPoolExecutor.java:624)
        at java.lang.Thread.run(Thread.java:748)
"org.eclipse.jetty.server.session.HashSessionManager@5a6fa56eTimer" daemon prio=5 tid=196 timed_waiting
java.lang.Thread.State: TIMED_WAITING
        at sun.misc.Unsafe.park(Native Method)
        at java.util.concurrent.locks.LockSupport.parkNanos(LockSupport.java:215)
        at java.util.concurrent.locks.AbstractQueuedSynchronizer$ConditionObject.awaitNanos(AbstractQueuedSynchronizer.java:2078)
        at java.util.concurrent.ScheduledThreadPoolExecutor$DelayedWorkQueue.take(ScheduledThreadPoolExecutor.java:1093)
        at java.util.concurrent.ScheduledThreadPoolExecutor$DelayedWorkQueue.take(ScheduledThreadPoolExecutor.java:809)
        at java.util.concurrent.ThreadPoolExecutor.getTask(ThreadPoolExecutor.java:1074)
        at java.util.concurrent.ThreadPoolExecutor.runWorker(ThreadPoolExecutor.java:1134)
        at java.util.concurrent.ThreadPoolExecutor$Worker.run(ThreadPoolExecutor.java:624)
        at java.lang.Thread.run(Thread.java:748)
"qtp1845760645-268-acceptor-0@45f93ea8-ServerConnector@38b8b6c0{HTTP/1.1,[http/1.1]}{0.0.0.0:41153}" daemon prio=3 tid=268 runnable
java.lang.Thread.State: RUNNABLE
        at sun.nio.ch.ServerSocketChannelImpl.accept0(Native Method)
        at sun.nio.ch.ServerSocketChannelImpl.accept(ServerSocketChannelImpl.java:422)
        at sun.nio.ch.ServerSocketChannelImpl.accept(ServerSocketChannelImpl.java:250)
        at org.eclipse.jetty.server.ServerConnector.accept(ServerConnector.java:397)
        at org.eclipse.jetty.server.AbstractConnector$Acceptor.run(AbstractConnector.java:601)
        at org.eclipse.jetty.util.thread.QueuedThreadPool.runJob(QueuedThreadPool.java:671)
        at org.eclipse.jetty.util.thread.QueuedThreadPool$2.run(QueuedThreadPool.java:589)
        at java.lang.Thread.run(Thread.java:748)
"Datanode ReportManager Thread - 3" daemon prio=5 tid=255 in Object.wait()
java.lang.Thread.State: WAITING (on object monitor)
        at sun.misc.Unsafe.park(Native Method)
        at java.util.concurrent.locks.LockSupport.park(LockSupport.java:175)
        at java.util.concurrent.locks.AbstractQueuedSynchronizer$ConditionObject.await(AbstractQueuedSynchronizer.java:2039)
        at java.util.concurrent.ScheduledThreadPoolExecutor$DelayedWorkQueue.take(ScheduledThreadPoolExecutor.java:1088)
        at java.util.concurrent.ScheduledThreadPoolExecutor$DelayedWorkQueue.take(ScheduledThreadPoolExecutor.java:809)
        at java.util.concurrent.ThreadPoolExecutor.getTask(ThreadPoolExecutor.java:1074)
        at java.util.concurrent.ThreadPoolExecutor.runWorker(ThreadPoolExecutor.java:1134)
        at java.util.concurrent.ThreadPoolExecutor$Worker.run(ThreadPoolExecutor.java:624)
        at java.lang.Thread.run(Thread.java:748)
"Datanode ReportManager Thread - 1" daemon prio=5 tid=226 in Object.wait()
java.lang.Thread.State: WAITING (on object monitor)
        at sun.misc.Unsafe.park(Native Method)
        at java.util.concurrent.locks.LockSupport.park(LockSupport.java:175)
        at java.util.concurrent.locks.AbstractQueuedSynchronizer$ConditionObject.await(AbstractQueuedSynchronizer.java:2039)
        at java.util.concurrent.ScheduledThreadPoolExecutor$DelayedWorkQueue.take(ScheduledThreadPoolExecutor.java:1088)
        at java.util.concurrent.ScheduledThreadPoolExecutor$DelayedWorkQueue.take(ScheduledThreadPoolExecutor.java:809)
        at java.util.concurrent.ThreadPoolExecutor.getTask(ThreadPoolExecutor.java:1074)
        at java.util.concurrent.ThreadPoolExecutor.runWorker(ThreadPoolExecutor.java:1134)
        at java.util.concurrent.ThreadPoolExecutor$Worker.run(ThreadPoolExecutor.java:624)
        at java.lang.Thread.run(Thread.java:748)
"pool-66-thread-34"  prio=5 tid=569 in Object.wait()
java.lang.Thread.State: WAITING (on object monitor)
        at sun.misc.Unsafe.park(Native Method)
        at java.util.concurrent.locks.LockSupport.park(LockSupport.java:175)
        at java.util.concurrent.locks.AbstractQueuedSynchronizer$ConditionObject.await(AbstractQueuedSynchronizer.java:2039)
        at java.util.concurrent.ArrayBlockingQueue.take(ArrayBlockingQueue.java:403)
        at java.util.concurrent.ThreadPoolExecutor.getTask(ThreadPoolExecutor.java:1074)
        at java.util.concurrent.ThreadPoolExecutor.runWorker(ThreadPoolExecutor.java:1134)
        at java.util.concurrent.ThreadPoolExecutor$Worker.run(ThreadPoolExecutor.java:624)
        at java.lang.Thread.run(Thread.java:748)
"org.eclipse.jetty.server.session.HashSessionManager@ae2db25Timer" daemon prio=5 tid=275 timed_waiting
java.lang.Thread.State: TIMED_WAITING
        at sun.misc.Unsafe.park(Native Method)
        at java.util.concurrent.locks.LockSupport.parkNanos(LockSupport.java:215)
        at java.util.concurrent.locks.AbstractQueuedSynchronizer$ConditionObject.awaitNanos(AbstractQueuedSynchronizer.java:2078)
        at java.util.concurrent.ScheduledThreadPoolExecutor$DelayedWorkQueue.take(ScheduledThreadPoolExecutor.java:1093)
        at java.util.concurrent.ScheduledThreadPoolExecutor$DelayedWorkQueue.take(ScheduledThreadPoolExecutor.java:809)
        at java.util.concurrent.ThreadPoolExecutor.getTask(ThreadPoolExecutor.java:1074)
        at java.util.concurrent.ThreadPoolExecutor.runWorker(ThreadPoolExecutor.java:1134)
        at java.util.concurrent.ThreadPoolExecutor$Worker.run(ThreadPoolExecutor.java:624)
        at java.lang.Thread.run(Thread.java:748)
"pool-56-thread-13"  prio=5 tid=486 in Object.wait()
java.lang.Thread.State: WAITING (on object monitor)
        at sun.misc.Unsafe.park(Native Method)
        at java.util.concurrent.locks.LockSupport.park(LockSupport.java:175)
        at java.util.concurrent.locks.AbstractQueuedSynchronizer$ConditionObject.await(AbstractQueuedSynchronizer.java:2039)
        at java.util.concurrent.ArrayBlockingQueue.take(ArrayBlockingQueue.java:403)
        at java.util.concurrent.ThreadPoolExecutor.getTask(ThreadPoolExecutor.java:1074)
        at java.util.concurrent.ThreadPoolExecutor.runWorker(ThreadPoolExecutor.java:1134)
        at java.util.concurrent.ThreadPoolExecutor$Worker.run(ThreadPoolExecutor.java:624)
        at java.lang.Thread.run(Thread.java:748)
"metrics-hadoop-metrics2-reporter-26-thread-1" daemon prio=5 tid=682 timed_waiting
java.lang.Thread.State: TIMED_WAITING
        at sun.misc.Unsafe.park(Native Method)
        at java.util.concurrent.locks.LockSupport.parkNanos(LockSupport.java:215)
        at java.util.concurrent.locks.AbstractQueuedSynchronizer$ConditionObject.awaitNanos(AbstractQueuedSynchronizer.java:2078)
        at java.util.concurrent.ScheduledThreadPoolExecutor$DelayedWorkQueue.take(ScheduledThreadPoolExecutor.java:1093)
        at java.util.concurrent.ScheduledThreadPoolExecutor$DelayedWorkQueue.take(ScheduledThreadPoolExecutor.java:809)
        at java.util.concurrent.ThreadPoolExecutor.getTask(ThreadPoolExecutor.java:1074)
        at java.util.concurrent.ThreadPoolExecutor.runWorker(ThreadPoolExecutor.java:1134)
        at java.util.concurrent.ThreadPoolExecutor$Worker.run(ThreadPoolExecutor.java:624)
        at java.lang.Thread.run(Thread.java:748)
"pool-46-thread-15"  prio=5 tid=421 in Object.wait()
java.lang.Thread.State: WAITING (on object monitor)
        at sun.misc.Unsafe.park(Native Method)
        at java.util.concurrent.locks.LockSupport.park(LockSupport.java:175)
        at java.util.concurrent.locks.AbstractQueuedSynchronizer$ConditionObject.await(AbstractQueuedSynchronizer.java:2039)
        at java.util.concurrent.ArrayBlockingQueue.take(ArrayBlockingQueue.java:403)
        at java.util.concurrent.ThreadPoolExecutor.getTask(ThreadPoolExecutor.java:1074)
        at java.util.concurrent.ThreadPoolExecutor.runWorker(ThreadPoolExecutor.java:1134)
        at java.util.concurrent.ThreadPoolExecutor$Worker.run(ThreadPoolExecutor.java:624)
        at java.lang.Thread.run(Thread.java:748)
"pool-36-thread-8"  prio=5 tid=354 in Object.wait()
java.lang.Thread.State: WAITING (on object monitor)
        at sun.misc.Unsafe.park(Native Method)
        at java.util.concurrent.locks.LockSupport.park(LockSupport.java:175)
        at java.util.concurrent.locks.AbstractQueuedSynchronizer$ConditionObject.await(AbstractQueuedSynchronizer.java:2039)
        at java.util.concurrent.ArrayBlockingQueue.take(ArrayBlockingQueue.java:403)
        at java.util.concurrent.ThreadPoolExecutor.getTask(ThreadPoolExecutor.java:1074)
        at java.util.concurrent.ThreadPoolExecutor.runWorker(ThreadPoolExecutor.java:1134)
        at java.util.concurrent.ThreadPoolExecutor$Worker.run(ThreadPoolExecutor.java:624)
        at java.lang.Thread.run(Thread.java:748)
"qtp1919592808-188" daemon prio=5 tid=188 timed_waiting
java.lang.Thread.State: TIMED_WAITING
        at sun.misc.Unsafe.park(Native Method)
        at java.util.concurrent.locks.LockSupport.parkNanos(LockSupport.java:215)
        at java.util.concurrent.locks.AbstractQueuedSynchronizer$ConditionObject.awaitNanos(AbstractQueuedSynchronizer.java:2078)
        at org.eclipse.jetty.util.BlockingArrayQueue.poll(BlockingArrayQueue.java:392)
        at org.eclipse.jetty.util.thread.QueuedThreadPool.idleJobPoll(QueuedThreadPool.java:563)
        at org.eclipse.jetty.util.thread.QueuedThreadPool.access$800(QueuedThreadPool.java:48)
        at org.eclipse.jetty.util.thread.QueuedThreadPool$2.run(QueuedThreadPool.java:626)
        at java.lang.Thread.run(Thread.java:748)
"pool-56-thread-49"  prio=5 tid=522 in Object.wait()
java.lang.Thread.State: WAITING (on object monitor)
        at sun.misc.Unsafe.park(Native Method)
        at java.util.concurrent.locks.LockSupport.park(LockSupport.java:175)
        at java.util.concurrent.locks.AbstractQueuedSynchronizer$ConditionObject.await(AbstractQueuedSynchronizer.java:2039)
        at java.util.concurrent.ArrayBlockingQueue.take(ArrayBlockingQueue.java:403)
        at java.util.concurrent.ThreadPoolExecutor.getTask(ThreadPoolExecutor.java:1074)
        at java.util.concurrent.ThreadPoolExecutor.runWorker(ThreadPoolExecutor.java:1134)
        at java.util.concurrent.ThreadPoolExecutor$Worker.run(ThreadPoolExecutor.java:624)
        at java.lang.Thread.run(Thread.java:748)
"pool-66-thread-45"  prio=5 tid=580 in Object.wait()
java.lang.Thread.State: WAITING (on object monitor)
        at sun.misc.Unsafe.park(Native Method)
        at java.util.concurrent.locks.LockSupport.park(LockSupport.java:175)
        at java.util.concurrent.locks.AbstractQueuedSynchronizer$ConditionObject.await(AbstractQueuedSynchronizer.java:2039)
        at java.util.concurrent.ArrayBlockingQueue.take(ArrayBlockingQueue.java:403)
        at java.util.concurrent.ThreadPoolExecutor.getTask(ThreadPoolExecutor.java:1074)
        at java.util.concurrent.ThreadPoolExecutor.runWorker(ThreadPoolExecutor.java:1134)
        at java.util.concurrent.ThreadPoolExecutor$Worker.run(ThreadPoolExecutor.java:624)
        at java.lang.Thread.run(Thread.java:748)
"pool-66-thread-23"  prio=5 tid=558 in Object.wait()
java.lang.Thread.State: WAITING (on object monitor)
        at sun.misc.Unsafe.park(Native Method)
        at java.util.concurrent.locks.LockSupport.park(LockSupport.java:175)
        at java.util.concurrent.locks.AbstractQueuedSynchronizer$ConditionObject.await(AbstractQueuedSynchronizer.java:2039)
        at java.util.concurrent.ArrayBlockingQueue.take(ArrayBlockingQueue.java:403)
        at java.util.concurrent.ThreadPoolExecutor.getTask(ThreadPoolExecutor.java:1074)
        at java.util.concurrent.ThreadPoolExecutor.runWorker(ThreadPoolExecutor.java:1134)
        at java.util.concurrent.ThreadPoolExecutor$Worker.run(ThreadPoolExecutor.java:624)
        at java.lang.Thread.run(Thread.java:748)
"IPC Server handler 3 on 35444" daemon prio=5 tid=117 timed_waiting
java.lang.Thread.State: TIMED_WAITING
        at sun.misc.Unsafe.park(Native Method)
        at java.util.concurrent.locks.LockSupport.parkNanos(LockSupport.java:215)
        at java.util.concurrent.locks.AbstractQueuedSynchronizer$ConditionObject.awaitNanos(AbstractQueuedSynchronizer.java:2078)
        at java.util.concurrent.LinkedBlockingQueue.poll(LinkedBlockingQueue.java:467)
        at org.apache.hadoop.ipc.CallQueueManager.take(CallQueueManager.java:288)
        at org.apache.hadoop.ipc.Server$Handler.run(Server.java:2668)
"pool-66-thread-38"  prio=5 tid=573 in Object.wait()
java.lang.Thread.State: WAITING (on object monitor)
        at sun.misc.Unsafe.park(Native Method)
        at java.util.concurrent.locks.LockSupport.park(LockSupport.java:175)
        at java.util.concurrent.locks.AbstractQueuedSynchronizer$ConditionObject.await(AbstractQueuedSynchronizer.java:2039)
        at java.util.concurrent.ArrayBlockingQueue.take(ArrayBlockingQueue.java:403)
        at java.util.concurrent.ThreadPoolExecutor.getTask(ThreadPoolExecutor.java:1074)
        at java.util.concurrent.ThreadPoolExecutor.runWorker(ThreadPoolExecutor.java:1134)
        at java.util.concurrent.ThreadPoolExecutor$Worker.run(ThreadPoolExecutor.java:624)
        at java.lang.Thread.run(Thread.java:748)
"Datanode ReportManager Thread - 0" daemon prio=5 tid=252 in Object.wait()
java.lang.Thread.State: WAITING (on object monitor)
        at sun.misc.Unsafe.park(Native Method)
        at java.util.concurrent.locks.LockSupport.park(LockSupport.java:175)
        at java.util.concurrent.locks.AbstractQueuedSynchronizer$ConditionObject.await(AbstractQueuedSynchronizer.java:2039)
        at java.util.concurrent.ScheduledThreadPoolExecutor$DelayedWorkQueue.take(ScheduledThreadPoolExecutor.java:1088)
        at java.util.concurrent.ScheduledThreadPoolExecutor$DelayedWorkQueue.take(ScheduledThreadPoolExecutor.java:809)
        at java.util.concurrent.ThreadPoolExecutor.getTask(ThreadPoolExecutor.java:1074)
        at java.util.concurrent.ThreadPoolExecutor.runWorker(ThreadPoolExecutor.java:1134)
        at java.util.concurrent.ThreadPoolExecutor$Worker.run(ThreadPoolExecutor.java:624)
        at java.lang.Thread.run(Thread.java:748)
"IPC Server Responder" daemon prio=5 tid=25 runnable
java.lang.Thread.State: RUNNABLE
        at sun.nio.ch.EPollArrayWrapper.epollWait(Native Method)
        at sun.nio.ch.EPollArrayWrapper.poll(EPollArrayWrapper.java:269)
        at sun.nio.ch.EPollSelectorImpl.doSelect(EPollSelectorImpl.java:93)
        at sun.nio.ch.SelectorImpl.lockAndDoSelect(SelectorImpl.java:86)
        at sun.nio.ch.SelectorImpl.select(SelectorImpl.java:97)
        at org.apache.hadoop.ipc.Server$Responder.doRunLoop(Server.java:1334)
        at org.apache.hadoop.ipc.Server$Responder.run(Server.java:1317)
"Reference Handler" daemon prio=10 tid=2 in Object.wait()
java.lang.Thread.State: WAITING (on object monitor)
        at java.lang.Object.wait(Native Method)
        at java.lang.Object.wait(Object.java:502)
        at java.lang.ref.Reference.tryHandlePending(Reference.java:191)
        at java.lang.ref.Reference$ReferenceHandler.run(Reference.java:153)
"pool-66-thread-9"  prio=5 tid=544 in Object.wait()
java.lang.Thread.State: WAITING (on object monitor)
        at sun.misc.Unsafe.park(Native Method)
        at java.util.concurrent.locks.LockSupport.park(LockSupport.java:175)
        at java.util.concurrent.locks.AbstractQueuedSynchronizer$ConditionObject.await(AbstractQueuedSynchronizer.java:2039)
        at java.util.concurrent.ArrayBlockingQueue.take(ArrayBlockingQueue.java:403)
        at java.util.concurrent.ThreadPoolExecutor.getTask(ThreadPoolExecutor.java:1074)
        at java.util.concurrent.ThreadPoolExecutor.runWorker(ThreadPoolExecutor.java:1134)
        at java.util.concurrent.ThreadPoolExecutor$Worker.run(ThreadPoolExecutor.java:624)
        at java.lang.Thread.run(Thread.java:748)
"IPC Server handler 4 on 46821" daemon prio=5 tid=53 timed_waiting
java.lang.Thread.State: TIMED_WAITING
        at sun.misc.Unsafe.park(Native Method)
        at java.util.concurrent.locks.LockSupport.parkNanos(LockSupport.java:215)
        at java.util.concurrent.locks.AbstractQueuedSynchronizer$ConditionObject.awaitNanos(AbstractQueuedSynchronizer.java:2078)
        at java.util.concurrent.LinkedBlockingQueue.poll(LinkedBlockingQueue.java:467)
        at org.apache.hadoop.ipc.CallQueueManager.take(CallQueueManager.java:288)
        at org.apache.hadoop.ipc.Server$Handler.run(Server.java:2668)
"pool-26-thread-52"  prio=5 tid=338 in Object.wait()
java.lang.Thread.State: WAITING (on object monitor)
        at sun.misc.Unsafe.park(Native Method)
        at java.util.concurrent.locks.LockSupport.park(LockSupport.java:175)
        at java.util.concurrent.locks.AbstractQueuedSynchronizer$ConditionObject.await(AbstractQueuedSynchronizer.java:2039)
        at java.util.concurrent.ArrayBlockingQueue.take(ArrayBlockingQueue.java:403)
        at java.util.concurrent.ThreadPoolExecutor.getTask(ThreadPoolExecutor.java:1074)
        at java.util.concurrent.ThreadPoolExecutor.runWorker(ThreadPoolExecutor.java:1134)
        at java.util.concurrent.ThreadPoolExecutor$Worker.run(ThreadPoolExecutor.java:624)
        at java.lang.Thread.run(Thread.java:748)
"pool-46-thread-20"  prio=5 tid=426 in Object.wait()
java.lang.Thread.State: WAITING (on object monitor)
        at sun.misc.Unsafe.park(Native Method)
        at java.util.concurrent.locks.LockSupport.park(LockSupport.java:175)
        at java.util.concurrent.locks.AbstractQueuedSynchronizer$ConditionObject.await(AbstractQueuedSynchronizer.java:2039)
        at java.util.concurrent.ArrayBlockingQueue.take(ArrayBlockingQueue.java:403)
        at java.util.concurrent.ThreadPoolExecutor.getTask(ThreadPoolExecutor.java:1074)
        at java.util.concurrent.ThreadPoolExecutor.runWorker(ThreadPoolExecutor.java:1134)
        at java.util.concurrent.ThreadPoolExecutor$Worker.run(ThreadPoolExecutor.java:624)
        at java.lang.Thread.run(Thread.java:748)
"pool-56-thread-53"  prio=5 tid=526 in Object.wait()
java.lang.Thread.State: WAITING (on object monitor)
        at sun.misc.Unsafe.park(Native Method)
        at java.util.concurrent.locks.LockSupport.park(LockSupport.java:175)
        at java.util.concurrent.locks.AbstractQueuedSynchronizer$ConditionObject.await(AbstractQueuedSynchronizer.java:2039)
        at java.util.concurrent.ArrayBlockingQueue.take(ArrayBlockingQueue.java:403)
        at java.util.concurrent.ThreadPoolExecutor.getTask(ThreadPoolExecutor.java:1074)
        at java.util.concurrent.ThreadPoolExecutor.runWorker(ThreadPoolExecutor.java:1134)
        at java.util.concurrent.ThreadPoolExecutor$Worker.run(ThreadPoolExecutor.java:624)
        at java.lang.Thread.run(Thread.java:748)
"metrics-hadoop-metrics2-reporter-40-thread-1" daemon prio=5 tid=787 timed_waiting
java.lang.Thread.State: TIMED_WAITING
        at sun.misc.Unsafe.park(Native Method)
        at java.util.concurrent.locks.LockSupport.parkNanos(LockSupport.java:215)
        at java.util.concurrent.locks.AbstractQueuedSynchronizer$ConditionObject.awaitNanos(AbstractQueuedSynchronizer.java:2078)
        at java.util.concurrent.ScheduledThreadPoolExecutor$DelayedWorkQueue.take(ScheduledThreadPoolExecutor.java:1093)
        at java.util.concurrent.ScheduledThreadPoolExecutor$DelayedWorkQueue.take(ScheduledThreadPoolExecutor.java:809)
        at java.util.concurrent.ThreadPoolExecutor.getTask(ThreadPoolExecutor.java:1074)
        at java.util.concurrent.ThreadPoolExecutor.runWorker(ThreadPoolExecutor.java:1134)
        at java.util.concurrent.ThreadPoolExecutor$Worker.run(ThreadPoolExecutor.java:624)
        at java.lang.Thread.run(Thread.java:748)
"IPC Server handler 17 on 40923" daemon prio=5 tid=46 timed_waiting
java.lang.Thread.State: TIMED_WAITING
        at sun.misc.Unsafe.park(Native Method)
        at java.util.concurrent.locks.LockSupport.parkNanos(LockSupport.java:215)
        at java.util.concurrent.locks.AbstractQueuedSynchronizer$ConditionObject.awaitNanos(AbstractQueuedSynchronizer.java:2078)
        at java.util.concurrent.LinkedBlockingQueue.poll(LinkedBlockingQueue.java:467)
        at org.apache.hadoop.ipc.CallQueueManager.take(CallQueueManager.java:288)
        at org.apache.hadoop.ipc.Server$Handler.run(Server.java:2668)
"pool-46-thread-17"  prio=5 tid=423 in Object.wait()
java.lang.Thread.State: WAITING (on object monitor)
        at sun.misc.Unsafe.park(Native Method)
        at java.util.concurrent.locks.LockSupport.park(LockSupport.java:175)
        at java.util.concurrent.locks.AbstractQueuedSynchronizer$ConditionObject.await(AbstractQueuedSynchronizer.java:2039)
        at java.util.concurrent.ArrayBlockingQueue.take(ArrayBlockingQueue.java:403)
        at java.util.concurrent.ThreadPoolExecutor.getTask(ThreadPoolExecutor.java:1074)
        at java.util.concurrent.ThreadPoolExecutor.runWorker(ThreadPoolExecutor.java:1134)
        at java.util.concurrent.ThreadPoolExecutor$Worker.run(ThreadPoolExecutor.java:624)
        at java.lang.Thread.run(Thread.java:748)
"pool-56-thread-29"  prio=5 tid=502 in Object.wait()
java.lang.Thread.State: WAITING (on object monitor)
        at sun.misc.Unsafe.park(Native Method)
        at java.util.concurrent.locks.LockSupport.park(LockSupport.java:175)
        at java.util.concurrent.locks.AbstractQueuedSynchronizer$ConditionObject.await(AbstractQueuedSynchronizer.java:2039)
        at java.util.concurrent.ArrayBlockingQueue.take(ArrayBlockingQueue.java:403)
        at java.util.concurrent.ThreadPoolExecutor.getTask(ThreadPoolExecutor.java:1074)
        at java.util.concurrent.ThreadPoolExecutor.runWorker(ThreadPoolExecutor.java:1134)
        at java.util.concurrent.ThreadPoolExecutor$Worker.run(ThreadPoolExecutor.java:624)
        at java.lang.Thread.run(Thread.java:748)
"IPC Server handler 14 on 35444" daemon prio=5 tid=128 timed_waiting
java.lang.Thread.State: TIMED_WAITING
        at sun.misc.Unsafe.park(Native Method)
        at java.util.concurrent.locks.LockSupport.parkNanos(LockSupport.java:215)
        at java.util.concurrent.locks.AbstractQueuedSynchronizer$ConditionObject.awaitNanos(AbstractQueuedSynchronizer.java:2078)
        at java.util.concurrent.LinkedBlockingQueue.poll(LinkedBlockingQueue.java:467)
        at org.apache.hadoop.ipc.CallQueueManager.take(CallQueueManager.java:288)
        at org.apache.hadoop.ipc.Server$Handler.run(Server.java:2668)
"pool-26-thread-30"  prio=5 tid=316 in Object.wait()
java.lang.Thread.State: WAITING (on object monitor)
        at sun.misc.Unsafe.park(Native Method)
        at java.util.concurrent.locks.LockSupport.park(LockSupport.java:175)
        at java.util.concurrent.locks.AbstractQueuedSynchronizer$ConditionObject.await(AbstractQueuedSynchronizer.java:2039)
        at java.util.concurrent.ArrayBlockingQueue.take(ArrayBlockingQueue.java:403)
        at java.util.concurrent.ThreadPoolExecutor.getTask(ThreadPoolExecutor.java:1074)
        at java.util.concurrent.ThreadPoolExecutor.runWorker(ThreadPoolExecutor.java:1134)
        at java.util.concurrent.ThreadPoolExecutor$Worker.run(ThreadPoolExecutor.java:624)
        at java.lang.Thread.run(Thread.java:748)
"metrics-hadoop-metrics2-reporter-6-thread-1" daemon prio=5 tid=626 timed_waiting
java.lang.Thread.State: TIMED_WAITING
        at sun.misc.Unsafe.park(Native Method)
        at java.util.concurrent.locks.LockSupport.parkNanos(LockSupport.java:215)
        at java.util.concurrent.locks.AbstractQueuedSynchronizer$ConditionObject.awaitNanos(AbstractQueuedSynchronizer.java:2078)
        at java.util.concurrent.ScheduledThreadPoolExecutor$DelayedWorkQueue.take(ScheduledThreadPoolExecutor.java:1093)
        at java.util.concurrent.ScheduledThreadPoolExecutor$DelayedWorkQueue.take(ScheduledThreadPoolExecutor.java:809)
        at java.util.concurrent.ThreadPoolExecutor.getTask(ThreadPoolExecutor.java:1074)
        at java.util.concurrent.ThreadPoolExecutor.runWorker(ThreadPoolExecutor.java:1134)
        at java.util.concurrent.ThreadPoolExecutor$Worker.run(ThreadPoolExecutor.java:624)
        at java.lang.Thread.run(Thread.java:748)
"pool-21-thread-1"  prio=5 tid=135 timed_waiting
java.lang.Thread.State: TIMED_WAITING
        at sun.misc.Unsafe.park(Native Method)
        at java.util.concurrent.locks.LockSupport.parkNanos(LockSupport.java:215)
        at java.util.concurrent.locks.AbstractQueuedSynchronizer$ConditionObject.awaitNanos(AbstractQueuedSynchronizer.java:2078)
        at java.util.concurrent.ScheduledThreadPoolExecutor$DelayedWorkQueue.take(ScheduledThreadPoolExecutor.java:1093)
        at java.util.concurrent.ScheduledThreadPoolExecutor$DelayedWorkQueue.take(ScheduledThreadPoolExecutor.java:809)
        at java.util.concurrent.ThreadPoolExecutor.getTask(ThreadPoolExecutor.java:1074)
        at java.util.concurrent.ThreadPoolExecutor.runWorker(ThreadPoolExecutor.java:1134)
        at java.util.concurrent.ThreadPoolExecutor$Worker.run(ThreadPoolExecutor.java:624)
        at java.lang.Thread.run(Thread.java:748)
"qtp1680841335-217" daemon prio=5 tid=217 timed_waiting
java.lang.Thread.State: TIMED_WAITING
        at sun.misc.Unsafe.park(Native Method)
        at java.util.concurrent.locks.LockSupport.parkNanos(LockSupport.java:215)
        at java.util.concurrent.locks.AbstractQueuedSynchronizer$ConditionObject.awaitNanos(AbstractQueuedSynchronizer.java:2078)
        at org.eclipse.jetty.util.BlockingArrayQueue.poll(BlockingArrayQueue.java:392)
        at org.eclipse.jetty.util.thread.QueuedThreadPool.idleJobPoll(QueuedThreadPool.java:563)
        at org.eclipse.jetty.util.thread.QueuedThreadPool.access$800(QueuedThreadPool.java:48)
        at org.eclipse.jetty.util.thread.QueuedThreadPool$2.run(QueuedThreadPool.java:626)
        at java.lang.Thread.run(Thread.java:748)
"pool-66-thread-26"  prio=5 tid=561 in Object.wait()
java.lang.Thread.State: WAITING (on object monitor)
        at sun.misc.Unsafe.park(Native Method)
        at java.util.concurrent.locks.LockSupport.park(LockSupport.java:175)
        at java.util.concurrent.locks.AbstractQueuedSynchronizer$ConditionObject.await(AbstractQueuedSynchronizer.java:2039)
        at java.util.concurrent.ArrayBlockingQueue.take(ArrayBlockingQueue.java:403)
        at java.util.concurrent.ThreadPoolExecutor.getTask(ThreadPoolExecutor.java:1074)
        at java.util.concurrent.ThreadPoolExecutor.runWorker(ThreadPoolExecutor.java:1134)
        at java.util.concurrent.ThreadPoolExecutor$Worker.run(ThreadPoolExecutor.java:624)
        at java.lang.Thread.run(Thread.java:748)
"pool-56-thread-1"  prio=5 tid=474 in Object.wait()
java.lang.Thread.State: WAITING (on object monitor)
        at sun.misc.Unsafe.park(Native Method)
        at java.util.concurrent.locks.LockSupport.park(LockSupport.java:175)
        at java.util.concurrent.locks.AbstractQueuedSynchronizer$ConditionObject.await(AbstractQueuedSynchronizer.java:2039)
        at java.util.concurrent.ArrayBlockingQueue.take(ArrayBlockingQueue.java:403)
        at java.util.concurrent.ThreadPoolExecutor.getTask(ThreadPoolExecutor.java:1074)
        at java.util.concurrent.ThreadPoolExecutor.runWorker(ThreadPoolExecutor.java:1134)
        at java.util.concurrent.ThreadPoolExecutor$Worker.run(ThreadPoolExecutor.java:624)
        at java.lang.Thread.run(Thread.java:748)
"IPC Server handler 8 on 33004" daemon prio=5 tid=77 timed_waiting
java.lang.Thread.State: TIMED_WAITING
        at sun.misc.Unsafe.park(Native Method)
        at java.util.concurrent.locks.LockSupport.parkNanos(LockSupport.java:215)
        at java.util.concurrent.locks.AbstractQueuedSynchronizer$ConditionObject.awaitNanos(AbstractQueuedSynchronizer.java:2078)
        at java.util.concurrent.LinkedBlockingQueue.poll(LinkedBlockingQueue.java:467)
        at org.apache.hadoop.ipc.CallQueueManager.take(CallQueueManager.java:288)
        at org.apache.hadoop.ipc.Server$Handler.run(Server.java:2668)
"IPC Server handler 5 on 35444" daemon prio=5 tid=119 timed_waiting
java.lang.Thread.State: TIMED_WAITING
        at sun.misc.Unsafe.park(Native Method)
        at java.util.concurrent.locks.LockSupport.parkNanos(LockSupport.java:215)
        at java.util.concurrent.locks.AbstractQueuedSynchronizer$ConditionObject.awaitNanos(AbstractQueuedSynchronizer.java:2078)
        at java.util.concurrent.LinkedBlockingQueue.poll(LinkedBlockingQueue.java:467)
        at org.apache.hadoop.ipc.CallQueueManager.take(CallQueueManager.java:288)
        at org.apache.hadoop.ipc.Server$Handler.run(Server.java:2668)
"grpc-default-executor-2" daemon prio=5 tid=673 timed_waiting
java.lang.Thread.State: TIMED_WAITING
        at sun.misc.Unsafe.park(Native Method)
        at java.util.concurrent.locks.LockSupport.parkNanos(LockSupport.java:215)
        at java.util.concurrent.SynchronousQueue$TransferStack.awaitFulfill(SynchronousQueue.java:460)
        at java.util.concurrent.SynchronousQueue$TransferStack.transfer(SynchronousQueue.java:362)
        at java.util.concurrent.SynchronousQueue.poll(SynchronousQueue.java:941)
        at java.util.concurrent.ThreadPoolExecutor.getTask(ThreadPoolExecutor.java:1073)
        at java.util.concurrent.ThreadPoolExecutor.runWorker(ThreadPoolExecutor.java:1134)
        at java.util.concurrent.ThreadPoolExecutor$Worker.run(ThreadPoolExecutor.java:624)
        at java.lang.Thread.run(Thread.java:748)
"qtp1845760645-273" daemon prio=5 tid=273 timed_waiting
java.lang.Thread.State: TIMED_WAITING
        at sun.misc.Unsafe.park(Native Method)
        at java.util.concurrent.locks.LockSupport.parkNanos(LockSupport.java:215)
        at java.util.concurrent.locks.AbstractQueuedSynchronizer$ConditionObject.awaitNanos(AbstractQueuedSynchronizer.java:2078)
        at org.eclipse.jetty.util.BlockingArrayQueue.poll(BlockingArrayQueue.java:392)
        at org.eclipse.jetty.util.thread.QueuedThreadPool.idleJobPoll(QueuedThreadPool.java:563)
        at org.eclipse.jetty.util.thread.QueuedThreadPool.access$800(QueuedThreadPool.java:48)
        at org.eclipse.jetty.util.thread.QueuedThreadPool$2.run(QueuedThreadPool.java:626)
        at java.lang.Thread.run(Thread.java:748)
"org.eclipse.jetty.server.session.HashSessionManager@350d3f4dTimer" daemon prio=5 tid=222 timed_waiting
java.lang.Thread.State: TIMED_WAITING
        at sun.misc.Unsafe.park(Native Method)
        at java.util.concurrent.locks.LockSupport.parkNanos(LockSupport.java:215)
        at java.util.concurrent.locks.AbstractQueuedSynchronizer$ConditionObject.awaitNanos(AbstractQueuedSynchronizer.java:2078)
        at java.util.concurrent.ScheduledThreadPoolExecutor$DelayedWorkQueue.take(ScheduledThreadPoolExecutor.java:1093)
        at java.util.concurrent.ScheduledThreadPoolExecutor$DelayedWorkQueue.take(ScheduledThreadPoolExecutor.java:809)
        at java.util.concurrent.ThreadPoolExecutor.getTask(ThreadPoolExecutor.java:1074)
        at java.util.concurrent.ThreadPoolExecutor.runWorker(ThreadPoolExecutor.java:1134)
        at java.util.concurrent.ThreadPoolExecutor$Worker.run(ThreadPoolExecutor.java:624)
        at java.lang.Thread.run(Thread.java:748)
"BlockDeletingService#0" daemon prio=5 tid=534 timed_waiting
java.lang.Thread.State: TIMED_WAITING
        at sun.misc.Unsafe.park(Native Method)
        at java.util.concurrent.locks.LockSupport.parkNanos(LockSupport.java:215)
        at java.util.concurrent.locks.AbstractQueuedSynchronizer$ConditionObject.awaitNanos(AbstractQueuedSynchronizer.java:2078)
        at java.util.concurrent.ScheduledThreadPoolExecutor$DelayedWorkQueue.take(ScheduledThreadPoolExecutor.java:1093)
        at java.util.concurrent.ScheduledThreadPoolExecutor$DelayedWorkQueue.take(ScheduledThreadPoolExecutor.java:809)
        at java.util.concurrent.ThreadPoolExecutor.getTask(ThreadPoolExecutor.java:1074)
        at java.util.concurrent.ThreadPoolExecutor.runWorker(ThreadPoolExecutor.java:1134)
        at java.util.concurrent.ThreadPoolExecutor$Worker.run(ThreadPoolExecutor.java:624)
        at java.lang.Thread.run(Thread.java:748)
"java.util.concurrent.ThreadPoolExecutor$Worker@42e70947[State = -1, empty queue]" daemon prio=5 tid=822 timed_waiting
java.lang.Thread.State: TIMED_WAITING
        at sun.misc.Unsafe.park(Native Method)
        at java.util.concurrent.locks.LockSupport.parkNanos(LockSupport.java:215)
        at java.util.concurrent.locks.AbstractQueuedSynchronizer$ConditionObject.awaitNanos(AbstractQueuedSynchronizer.java:2078)
        at java.util.concurrent.ScheduledThreadPoolExecutor$DelayedWorkQueue.take(ScheduledThreadPoolExecutor.java:1093)
        at java.util.concurrent.ScheduledThreadPoolExecutor$DelayedWorkQueue.take(ScheduledThreadPoolExecutor.java:809)
        at java.util.concurrent.ThreadPoolExecutor.getTask(ThreadPoolExecutor.java:1074)
        at java.util.concurrent.ThreadPoolExecutor.runWorker(ThreadPoolExecutor.java:1134)
        at java.util.concurrent.ThreadPoolExecutor$Worker.run(ThreadPoolExecutor.java:624)
        at java.lang.Thread.run(Thread.java:748)
"IPC Server handler 7 on 40923" daemon prio=5 tid=36 timed_waiting
java.lang.Thread.State: TIMED_WAITING
        at sun.misc.Unsafe.park(Native Method)
        at java.util.concurrent.locks.LockSupport.parkNanos(LockSupport.java:215)
        at java.util.concurrent.locks.AbstractQueuedSynchronizer$ConditionObject.awaitNanos(AbstractQueuedSynchronizer.java:2078)
        at java.util.concurrent.LinkedBlockingQueue.poll(LinkedBlockingQueue.java:467)
        at org.apache.hadoop.ipc.CallQueueManager.take(CallQueueManager.java:288)
        at org.apache.hadoop.ipc.Server$Handler.run(Server.java:2668)
"org.eclipse.jetty.server.session.HashSessionManager@715b886fTimer" daemon prio=5 tid=221 timed_waiting
java.lang.Thread.State: TIMED_WAITING
        at sun.misc.Unsafe.park(Native Method)
        at java.util.concurrent.locks.LockSupport.parkNanos(LockSupport.java:215)
        at java.util.concurrent.locks.AbstractQueuedSynchronizer$ConditionObject.awaitNanos(AbstractQueuedSynchronizer.java:2078)
        at java.util.concurrent.ScheduledThreadPoolExecutor$DelayedWorkQueue.take(ScheduledThreadPoolExecutor.java:1093)
        at java.util.concurrent.ScheduledThreadPoolExecutor$DelayedWorkQueue.take(ScheduledThreadPoolExecutor.java:809)
        at java.util.concurrent.ThreadPoolExecutor.getTask(ThreadPoolExecutor.java:1074)
        at java.util.concurrent.ThreadPoolExecutor.runWorker(ThreadPoolExecutor.java:1134)
        at java.util.concurrent.ThreadPoolExecutor$Worker.run(ThreadPoolExecutor.java:624)
        at java.lang.Thread.run(Thread.java:748)
"pool-66-thread-29"  prio=5 tid=564 in Object.wait()
java.lang.Thread.State: WAITING (on object monitor)
        at sun.misc.Unsafe.park(Native Method)
        at java.util.concurrent.locks.LockSupport.park(LockSupport.java:175)
        at java.util.concurrent.locks.AbstractQueuedSynchronizer$ConditionObject.await(AbstractQueuedSynchronizer.java:2039)
        at java.util.concurrent.ArrayBlockingQueue.take(ArrayBlockingQueue.java:403)
        at java.util.concurrent.ThreadPoolExecutor.getTask(ThreadPoolExecutor.java:1074)
        at java.util.concurrent.ThreadPoolExecutor.runWorker(ThreadPoolExecutor.java:1134)
        at java.util.concurrent.ThreadPoolExecutor$Worker.run(ThreadPoolExecutor.java:624)
        at java.lang.Thread.run(Thread.java:748)
"org.eclipse.jetty.server.session.HashSessionManager@5dd903beTimer" daemon prio=5 tid=194 timed_waiting
java.lang.Thread.State: TIMED_WAITING
        at sun.misc.Unsafe.park(Native Method)
        at java.util.concurrent.locks.LockSupport.parkNanos(LockSupport.java:215)
        at java.util.concurrent.locks.AbstractQueuedSynchronizer$ConditionObject.awaitNanos(AbstractQueuedSynchronizer.java:2078)
        at java.util.concurrent.ScheduledThreadPoolExecutor$DelayedWorkQueue.take(ScheduledThreadPoolExecutor.java:1093)
        at java.util.concurrent.ScheduledThreadPoolExecutor$DelayedWorkQueue.take(ScheduledThreadPoolExecutor.java:809)
        at java.util.concurrent.ThreadPoolExecutor.getTask(ThreadPoolExecutor.java:1074)
        at java.util.concurrent.ThreadPoolExecutor.runWorker(ThreadPoolExecutor.java:1134)
        at java.util.concurrent.ThreadPoolExecutor$Worker.run(ThreadPoolExecutor.java:624)
        at java.lang.Thread.run(Thread.java:748)
"Timer-1" daemon prio=5 tid=149 timed_waiting
java.lang.Thread.State: TIMED_WAITING
        at java.lang.Object.wait(Native Method)
        at java.util.TimerThread.mainLoop(Timer.java:552)
        at java.util.TimerThread.run(Timer.java:505)
"pool-56-thread-39"  prio=5 tid=512 in Object.wait()
java.lang.Thread.State: WAITING (on object monitor)
        at sun.misc.Unsafe.park(Native Method)
        at java.util.concurrent.locks.LockSupport.park(LockSupport.java:175)
        at java.util.concurrent.locks.AbstractQueuedSynchronizer$ConditionObject.await(AbstractQueuedSynchronizer.java:2039)
        at java.util.concurrent.ArrayBlockingQueue.take(ArrayBlockingQueue.java:403)
        at java.util.concurrent.ThreadPoolExecutor.getTask(ThreadPoolExecutor.java:1074)
        at java.util.concurrent.ThreadPoolExecutor.runWorker(ThreadPoolExecutor.java:1134)
        at java.util.concurrent.ThreadPoolExecutor$Worker.run(ThreadPoolExecutor.java:624)
        at java.lang.Thread.run(Thread.java:748)
"Datanode State Machine Thread - 0" daemon prio=5 tid=170 timed_waiting
java.lang.Thread.State: TIMED_WAITING
        at java.lang.Thread.sleep(Native Method)
        at org.apache.hadoop.ozone.container.common.statemachine.DatanodeStateMachine.start(DatanodeStateMachine.java:191)
        at org.apache.hadoop.ozone.container.common.statemachine.DatanodeStateMachine.lambda$startDaemon$0(DatanodeStateMachine.java:349)
        at org.apache.hadoop.ozone.container.common.statemachine.DatanodeStateMachine$$Lambda$140/177389135.run(Unknown Source)
        at java.lang.Thread.run(Thread.java:748)
"EventQueue-NodeRegistrationContainerReportForDataNodeSafeModeRule" daemon prio=5 tid=602 in Object.wait()
java.lang.Thread.State: WAITING (on object monitor)
        at sun.misc.Unsafe.park(Native Method)
        at java.util.concurrent.locks.LockSupport.park(LockSupport.java:175)
        at java.util.concurrent.locks.AbstractQueuedSynchronizer$ConditionObject.await(AbstractQueuedSynchronizer.java:2039)
        at java.util.concurrent.LinkedBlockingQueue.take(LinkedBlockingQueue.java:442)
        at java.util.concurrent.ThreadPoolExecutor.getTask(ThreadPoolExecutor.java:1074)
        at java.util.concurrent.ThreadPoolExecutor.runWorker(ThreadPoolExecutor.java:1134)
        at java.util.concurrent.ThreadPoolExecutor$Worker.run(ThreadPoolExecutor.java:624)
        at java.lang.Thread.run(Thread.java:748)
"metrics-hadoop-metrics2-reporter-18-thread-1" daemon prio=5 tid=654 timed_waiting
java.lang.Thread.State: TIMED_WAITING
        at sun.misc.Unsafe.park(Native Method)
        at java.util.concurrent.locks.LockSupport.parkNanos(LockSupport.java:215)
        at java.util.concurrent.locks.AbstractQueuedSynchronizer$ConditionObject.awaitNanos(AbstractQueuedSynchronizer.java:2078)
        at java.util.concurrent.ScheduledThreadPoolExecutor$DelayedWorkQueue.take(ScheduledThreadPoolExecutor.java:1093)
        at java.util.concurrent.ScheduledThreadPoolExecutor$DelayedWorkQueue.take(ScheduledThreadPoolExecutor.java:809)
        at java.util.concurrent.ThreadPoolExecutor.getTask(ThreadPoolExecutor.java:1074)
        at java.util.concurrent.ThreadPoolExecutor.runWorker(ThreadPoolExecutor.java:1134)
        at java.util.concurrent.ThreadPoolExecutor$Worker.run(ThreadPoolExecutor.java:624)
        at java.lang.Thread.run(Thread.java:748)
"metrics-hadoop-metrics2-reporter-30-thread-1" daemon prio=5 tid=689 timed_waiting
java.lang.Thread.State: TIMED_WAITING
        at sun.misc.Unsafe.park(Native Method)
        at java.util.concurrent.locks.LockSupport.parkNanos(LockSupport.java:215)
        at java.util.concurrent.locks.AbstractQueuedSynchronizer$ConditionObject.awaitNanos(AbstractQueuedSynchronizer.java:2078)
        at java.util.concurrent.ScheduledThreadPoolExecutor$DelayedWorkQueue.take(ScheduledThreadPoolExecutor.java:1093)
        at java.util.concurrent.ScheduledThreadPoolExecutor$DelayedWorkQueue.take(ScheduledThreadPoolExecutor.java:809)
        at java.util.concurrent.ThreadPoolExecutor.getTask(ThreadPoolExecutor.java:1074)
        at java.util.concurrent.ThreadPoolExecutor.runWorker(ThreadPoolExecutor.java:1134)
        at java.util.concurrent.ThreadPoolExecutor$Worker.run(ThreadPoolExecutor.java:624)
        at java.lang.Thread.run(Thread.java:748)
"IPC Server handler 16 on 35444" daemon prio=5 tid=131 timed_waiting
java.lang.Thread.State: TIMED_WAITING
        at sun.misc.Unsafe.park(Native Method)
        at java.util.concurrent.locks.LockSupport.parkNanos(LockSupport.java:215)
        at java.util.concurrent.locks.AbstractQueuedSynchronizer$ConditionObject.awaitNanos(AbstractQueuedSynchronizer.java:2078)
        at java.util.concurrent.LinkedBlockingQueue.poll(LinkedBlockingQueue.java:467)
        at org.apache.hadoop.ipc.CallQueueManager.take(CallQueueManager.java:288)
        at org.apache.hadoop.ipc.Server$Handler.run(Server.java:2668)
"Timer for 'StorageContainerManager' metrics system" daemon prio=5 tid=27 timed_waiting
java.lang.Thread.State: TIMED_WAITING
        at java.lang.Object.wait(Native Method)
        at java.util.TimerThread.mainLoop(Timer.java:552)
        at java.util.TimerThread.run(Timer.java:505)
"pool-66-thread-17"  prio=5 tid=552 in Object.wait()
java.lang.Thread.State: WAITING (on object monitor)
        at sun.misc.Unsafe.park(Native Method)
        at java.util.concurrent.locks.LockSupport.park(LockSupport.java:175)
        at java.util.concurrent.locks.AbstractQueuedSynchronizer$ConditionObject.await(AbstractQueuedSynchronizer.java:2039)
        at java.util.concurrent.ArrayBlockingQueue.take(ArrayBlockingQueue.java:403)
        at java.util.concurrent.ThreadPoolExecutor.getTask(ThreadPoolExecutor.java:1074)
        at java.util.concurrent.ThreadPoolExecutor.runWorker(ThreadPoolExecutor.java:1134)
        at java.util.concurrent.ThreadPoolExecutor$Worker.run(ThreadPoolExecutor.java:624)
        at java.lang.Thread.run(Thread.java:748)
"pool-56-thread-47"  prio=5 tid=520 in Object.wait()
java.lang.Thread.State: WAITING (on object monitor)
        at sun.misc.Unsafe.park(Native Method)
        at java.util.concurrent.locks.LockSupport.park(LockSupport.java:175)
        at java.util.concurrent.locks.AbstractQueuedSynchronizer$ConditionObject.await(AbstractQueuedSynchronizer.java:2039)
        at java.util.concurrent.ArrayBlockingQueue.take(ArrayBlockingQueue.java:403)
        at java.util.concurrent.ThreadPoolExecutor.getTask(ThreadPoolExecutor.java:1074)
        at java.util.concurrent.ThreadPoolExecutor.runWorker(ThreadPoolExecutor.java:1134)
        at java.util.concurrent.ThreadPoolExecutor$Worker.run(ThreadPoolExecutor.java:624)
        at java.lang.Thread.run(Thread.java:748)
"pool-26-thread-41"  prio=5 tid=327 in Object.wait()
java.lang.Thread.State: WAITING (on object monitor)
        at sun.misc.Unsafe.park(Native Method)
        at java.util.concurrent.locks.LockSupport.park(LockSupport.java:175)
        at java.util.concurrent.locks.AbstractQueuedSynchronizer$ConditionObject.await(AbstractQueuedSynchronizer.java:2039)
        at java.util.concurrent.ArrayBlockingQueue.take(ArrayBlockingQueue.java:403)
        at java.util.concurrent.ThreadPoolExecutor.getTask(ThreadPoolExecutor.java:1074)
        at java.util.concurrent.ThreadPoolExecutor.runWorker(ThreadPoolExecutor.java:1134)
        at java.util.concurrent.ThreadPoolExecutor$Worker.run(ThreadPoolExecutor.java:624)
        at java.lang.Thread.run(Thread.java:748)
"IPC Server handler 13 on 33004" daemon prio=5 tid=82 timed_waiting
java.lang.Thread.State: TIMED_WAITING
        at sun.misc.Unsafe.park(Native Method)
        at java.util.concurrent.locks.LockSupport.parkNanos(LockSupport.java:215)
        at java.util.concurrent.locks.AbstractQueuedSynchronizer$ConditionObject.awaitNanos(AbstractQueuedSynchronizer.java:2078)
        at java.util.concurrent.LinkedBlockingQueue.poll(LinkedBlockingQueue.java:467)
        at org.apache.hadoop.ipc.CallQueueManager.take(CallQueueManager.java:288)
        at org.apache.hadoop.ipc.Server$Handler.run(Server.java:2668)
"pool-56-thread-24"  prio=5 tid=497 in Object.wait()
java.lang.Thread.State: WAITING (on object monitor)
        at sun.misc.Unsafe.park(Native Method)
        at java.util.concurrent.locks.LockSupport.park(LockSupport.java:175)
        at java.util.concurrent.locks.AbstractQueuedSynchronizer$ConditionObject.await(AbstractQueuedSynchronizer.java:2039)
        at java.util.concurrent.ArrayBlockingQueue.take(ArrayBlockingQueue.java:403)
        at java.util.concurrent.ThreadPoolExecutor.getTask(ThreadPoolExecutor.java:1074)
        at java.util.concurrent.ThreadPoolExecutor.runWorker(ThreadPoolExecutor.java:1134)
        at java.util.concurrent.ThreadPoolExecutor$Worker.run(ThreadPoolExecutor.java:624)
        at java.lang.Thread.run(Thread.java:748)
"pool-66-thread-55"  prio=5 tid=590 in Object.wait()
java.lang.Thread.State: WAITING (on object monitor)
        at sun.misc.Unsafe.park(Native Method)
        at java.util.concurrent.locks.LockSupport.park(LockSupport.java:175)
        at java.util.concurrent.locks.AbstractQueuedSynchronizer$ConditionObject.await(AbstractQueuedSynchronizer.java:2039)
        at java.util.concurrent.ArrayBlockingQueue.take(ArrayBlockingQueue.java:403)
        at java.util.concurrent.ThreadPoolExecutor.getTask(ThreadPoolExecutor.java:1074)
        at java.util.concurrent.ThreadPoolExecutor.runWorker(ThreadPoolExecutor.java:1134)
        at java.util.concurrent.ThreadPoolExecutor$Worker.run(ThreadPoolExecutor.java:624)
        at java.lang.Thread.run(Thread.java:748)
"pool-46-thread-19"  prio=5 tid=425 in Object.wait()
java.lang.Thread.State: WAITING (on object monitor)
        at sun.misc.Unsafe.park(Native Method)
        at java.util.concurrent.locks.LockSupport.park(LockSupport.java:175)
        at java.util.concurrent.locks.AbstractQueuedSynchronizer$ConditionObject.await(AbstractQueuedSynchronizer.java:2039)
        at java.util.concurrent.ArrayBlockingQueue.take(ArrayBlockingQueue.java:403)
        at java.util.concurrent.ThreadPoolExecutor.getTask(ThreadPoolExecutor.java:1074)
        at java.util.concurrent.ThreadPoolExecutor.runWorker(ThreadPoolExecutor.java:1134)
        at java.util.concurrent.ThreadPoolExecutor$Worker.run(ThreadPoolExecutor.java:624)
        at java.lang.Thread.run(Thread.java:748)
"pool-26-thread-6"  prio=5 tid=292 in Object.wait()
java.lang.Thread.State: WAITING (on object monitor)
        at sun.misc.Unsafe.park(Native Method)
        at java.util.concurrent.locks.LockSupport.park(LockSupport.java:175)
        at java.util.concurrent.locks.AbstractQueuedSynchronizer$ConditionObject.await(AbstractQueuedSynchronizer.java:2039)
        at java.util.concurrent.ArrayBlockingQueue.take(ArrayBlockingQueue.java:403)
        at java.util.concurrent.ThreadPoolExecutor.getTask(ThreadPoolExecutor.java:1074)
        at java.util.concurrent.ThreadPoolExecutor.runWorker(ThreadPoolExecutor.java:1134)
        at java.util.concurrent.ThreadPoolExecutor$Worker.run(ThreadPoolExecutor.java:624)
        at java.lang.Thread.run(Thread.java:748)
"pool-56-thread-20"  prio=5 tid=493 in Object.wait()
java.lang.Thread.State: WAITING (on object monitor)
        at sun.misc.Unsafe.park(Native Method)
        at java.util.concurrent.locks.LockSupport.park(LockSupport.java:175)
        at java.util.concurrent.locks.AbstractQueuedSynchronizer$ConditionObject.await(AbstractQueuedSynchronizer.java:2039)
        at java.util.concurrent.ArrayBlockingQueue.take(ArrayBlockingQueue.java:403)
        at java.util.concurrent.ThreadPoolExecutor.getTask(ThreadPoolExecutor.java:1074)
        at java.util.concurrent.ThreadPoolExecutor.runWorker(ThreadPoolExecutor.java:1134)
        at java.util.concurrent.ThreadPoolExecutor$Worker.run(ThreadPoolExecutor.java:624)
        at java.lang.Thread.run(Thread.java:748)
"pool-46-thread-31"  prio=5 tid=437 in Object.wait()
java.lang.Thread.State: WAITING (on object monitor)
        at sun.misc.Unsafe.park(Native Method)
        at java.util.concurrent.locks.LockSupport.park(LockSupport.java:175)
        at java.util.concurrent.locks.AbstractQueuedSynchronizer$ConditionObject.await(AbstractQueuedSynchronizer.java:2039)
        at java.util.concurrent.ArrayBlockingQueue.take(ArrayBlockingQueue.java:403)
        at java.util.concurrent.ThreadPoolExecutor.getTask(ThreadPoolExecutor.java:1074)
        at java.util.concurrent.ThreadPoolExecutor.runWorker(ThreadPoolExecutor.java:1134)
        at java.util.concurrent.ThreadPoolExecutor$Worker.run(ThreadPoolExecutor.java:624)
        at java.lang.Thread.run(Thread.java:748)
"IPC Server handler 13 on 46821" daemon prio=5 tid=62 timed_waiting
java.lang.Thread.State: TIMED_WAITING
        at sun.misc.Unsafe.park(Native Method)
        at java.util.concurrent.locks.LockSupport.parkNanos(LockSupport.java:215)
        at java.util.concurrent.locks.AbstractQueuedSynchronizer$ConditionObject.awaitNanos(AbstractQueuedSynchronizer.java:2078)
        at java.util.concurrent.LinkedBlockingQueue.poll(LinkedBlockingQueue.java:467)
        at org.apache.hadoop.ipc.CallQueueManager.take(CallQueueManager.java:288)
        at org.apache.hadoop.ipc.Server$Handler.run(Server.java:2668)
"pool-36-thread-24"  prio=5 tid=370 in Object.wait()
java.lang.Thread.State: WAITING (on object monitor)
        at sun.misc.Unsafe.park(Native Method)
        at java.util.concurrent.locks.LockSupport.park(LockSupport.java:175)
        at java.util.concurrent.locks.AbstractQueuedSynchronizer$ConditionObject.await(AbstractQueuedSynchronizer.java:2039)
        at java.util.concurrent.ArrayBlockingQueue.take(ArrayBlockingQueue.java:403)
        at java.util.concurrent.ThreadPoolExecutor.getTask(ThreadPoolExecutor.java:1074)
        at java.util.concurrent.ThreadPoolExecutor.runWorker(ThreadPoolExecutor.java:1134)
        at java.util.concurrent.ThreadPoolExecutor$Worker.run(ThreadPoolExecutor.java:624)
        at java.lang.Thread.run(Thread.java:748)
"pool-26-thread-39"  prio=5 tid=325 in Object.wait()
java.lang.Thread.State: WAITING (on object monitor)
        at sun.misc.Unsafe.park(Native Method)
        at java.util.concurrent.locks.LockSupport.park(LockSupport.java:175)
        at java.util.concurrent.locks.AbstractQueuedSynchronizer$ConditionObject.await(AbstractQueuedSynchronizer.java:2039)
        at java.util.concurrent.ArrayBlockingQueue.take(ArrayBlockingQueue.java:403)
        at java.util.concurrent.ThreadPoolExecutor.getTask(ThreadPoolExecutor.java:1074)
        at java.util.concurrent.ThreadPoolExecutor.runWorker(ThreadPoolExecutor.java:1134)
        at java.util.concurrent.ThreadPoolExecutor$Worker.run(ThreadPoolExecutor.java:624)
        at java.lang.Thread.run(Thread.java:748)
"IPC Server Responder" daemon prio=5 tid=110 runnable
java.lang.Thread.State: RUNNABLE
        at sun.nio.ch.EPollArrayWrapper.epollWait(Native Method)
        at sun.nio.ch.EPollArrayWrapper.poll(EPollArrayWrapper.java:269)
        at sun.nio.ch.EPollSelectorImpl.doSelect(EPollSelectorImpl.java:93)
        at sun.nio.ch.SelectorImpl.lockAndDoSelect(SelectorImpl.java:86)
        at sun.nio.ch.SelectorImpl.select(SelectorImpl.java:97)
        at org.apache.hadoop.ipc.Server$Responder.doRunLoop(Server.java:1334)
        at org.apache.hadoop.ipc.Server$Responder.run(Server.java:1317)
"qtp650859015-161" daemon prio=5 tid=161 timed_waiting
java.lang.Thread.State: TIMED_WAITING
        at sun.misc.Unsafe.park(Native Method)
        at java.util.concurrent.locks.LockSupport.parkNanos(LockSupport.java:215)
        at java.util.concurrent.locks.AbstractQueuedSynchronizer$ConditionObject.awaitNanos(AbstractQueuedSynchronizer.java:2078)
        at org.eclipse.jetty.util.BlockingArrayQueue.poll(BlockingArrayQueue.java:392)
        at org.eclipse.jetty.util.thread.QueuedThreadPool.idleJobPoll(QueuedThreadPool.java:563)
        at org.eclipse.jetty.util.thread.QueuedThreadPool.access$800(QueuedThreadPool.java:48)
        at org.eclipse.jetty.util.thread.QueuedThreadPool$2.run(QueuedThreadPool.java:626)
        at java.lang.Thread.run(Thread.java:748)
"IPC Server handler 9 on 40923" daemon prio=5 tid=38 timed_waiting
java.lang.Thread.State: TIMED_WAITING
        at sun.misc.Unsafe.park(Native Method)
        at java.util.concurrent.locks.LockSupport.parkNanos(LockSupport.java:215)
        at java.util.concurrent.locks.AbstractQueuedSynchronizer$ConditionObject.awaitNanos(AbstractQueuedSynchronizer.java:2078)
        at java.util.concurrent.LinkedBlockingQueue.poll(LinkedBlockingQueue.java:467)
        at org.apache.hadoop.ipc.CallQueueManager.take(CallQueueManager.java:288)
        at org.apache.hadoop.ipc.Server$Handler.run(Server.java:2668)
"pool-66-thread-10"  prio=5 tid=545 in Object.wait()
java.lang.Thread.State: WAITING (on object monitor)
        at sun.misc.Unsafe.park(Native Method)
        at java.util.concurrent.locks.LockSupport.park(LockSupport.java:175)
        at java.util.concurrent.locks.AbstractQueuedSynchronizer$ConditionObject.await(AbstractQueuedSynchronizer.java:2039)
        at java.util.concurrent.ArrayBlockingQueue.take(ArrayBlockingQueue.java:403)
        at java.util.concurrent.ThreadPoolExecutor.getTask(ThreadPoolExecutor.java:1074)
        at java.util.concurrent.ThreadPoolExecutor.runWorker(ThreadPoolExecutor.java:1134)
        at java.util.concurrent.ThreadPoolExecutor$Worker.run(ThreadPoolExecutor.java:624)
        at java.lang.Thread.run(Thread.java:748)
"pool-26-thread-53"  prio=5 tid=339 in Object.wait()
java.lang.Thread.State: WAITING (on object monitor)
        at sun.misc.Unsafe.park(Native Method)
        at java.util.concurrent.locks.LockSupport.park(LockSupport.java:175)
        at java.util.concurrent.locks.AbstractQueuedSynchronizer$ConditionObject.await(AbstractQueuedSynchronizer.java:2039)
        at java.util.concurrent.ArrayBlockingQueue.take(ArrayBlockingQueue.java:403)
        at java.util.concurrent.ThreadPoolExecutor.getTask(ThreadPoolExecutor.java:1074)
        at java.util.concurrent.ThreadPoolExecutor.runWorker(ThreadPoolExecutor.java:1134)
        at java.util.concurrent.ThreadPoolExecutor$Worker.run(ThreadPoolExecutor.java:624)
        at java.lang.Thread.run(Thread.java:748)
"EventQueue-NewNodeForNewNodeHandler" daemon prio=5 tid=598 in Object.wait()
java.lang.Thread.State: WAITING (on object monitor)
        at sun.misc.Unsafe.park(Native Method)
        at java.util.concurrent.locks.LockSupport.park(LockSupport.java:175)
        at java.util.concurrent.locks.AbstractQueuedSynchronizer$ConditionObject.await(AbstractQueuedSynchronizer.java:2039)
        at java.util.concurrent.LinkedBlockingQueue.take(LinkedBlockingQueue.java:442)
        at java.util.concurrent.ThreadPoolExecutor.getTask(ThreadPoolExecutor.java:1074)
        at java.util.concurrent.ThreadPoolExecutor.runWorker(ThreadPoolExecutor.java:1134)
        at java.util.concurrent.ThreadPoolExecutor$Worker.run(ThreadPoolExecutor.java:624)
        at java.lang.Thread.run(Thread.java:748)
"pool-47-thread-1"  prio=5 tid=655 in Object.wait()
java.lang.Thread.State: WAITING (on object monitor)
        at sun.misc.Unsafe.park(Native Method)
        at java.util.concurrent.locks.LockSupport.park(LockSupport.java:175)
        at java.util.concurrent.locks.AbstractQueuedSynchronizer$ConditionObject.await(AbstractQueuedSynchronizer.java:2039)
        at java.util.concurrent.LinkedBlockingQueue.take(LinkedBlockingQueue.java:442)
        at java.util.concurrent.ThreadPoolExecutor.getTask(ThreadPoolExecutor.java:1074)
        at java.util.concurrent.ThreadPoolExecutor.runWorker(ThreadPoolExecutor.java:1134)
        at java.util.concurrent.ThreadPoolExecutor$Worker.run(ThreadPoolExecutor.java:624)
        at java.lang.Thread.run(Thread.java:748)
"qtp650859015-165" daemon prio=5 tid=165 timed_waiting
java.lang.Thread.State: TIMED_WAITING
        at sun.misc.Unsafe.park(Native Method)
        at java.util.concurrent.locks.LockSupport.parkNanos(LockSupport.java:215)
        at java.util.concurrent.locks.AbstractQueuedSynchronizer$ConditionObject.awaitNanos(AbstractQueuedSynchronizer.java:2078)
        at org.eclipse.jetty.util.BlockingArrayQueue.poll(BlockingArrayQueue.java:392)
        at org.eclipse.jetty.util.thread.QueuedThreadPool.idleJobPoll(QueuedThreadPool.java:563)
        at org.eclipse.jetty.util.thread.QueuedThreadPool.access$800(QueuedThreadPool.java:48)
        at org.eclipse.jetty.util.thread.QueuedThreadPool$2.run(QueuedThreadPool.java:626)
        at java.lang.Thread.run(Thread.java:748)
"pool-36-thread-59"  prio=5 tid=405 in Object.wait()
java.lang.Thread.State: WAITING (on object monitor)
        at sun.misc.Unsafe.park(Native Method)
        at java.util.concurrent.locks.LockSupport.park(LockSupport.java:175)
        at java.util.concurrent.locks.AbstractQueuedSynchronizer$ConditionObject.await(AbstractQueuedSynchronizer.java:2039)
        at java.util.concurrent.ArrayBlockingQueue.take(ArrayBlockingQueue.java:403)
        at java.util.concurrent.ThreadPoolExecutor.getTask(ThreadPoolExecutor.java:1074)
        at java.util.concurrent.ThreadPoolExecutor.runWorker(ThreadPoolExecutor.java:1134)
        at java.util.concurrent.ThreadPoolExecutor$Worker.run(ThreadPoolExecutor.java:624)
        at java.lang.Thread.run(Thread.java:748)
"pool-66-thread-22"  prio=5 tid=557 in Object.wait()
java.lang.Thread.State: WAITING (on object monitor)
        at sun.misc.Unsafe.park(Native Method)
        at java.util.concurrent.locks.LockSupport.park(LockSupport.java:175)
        at java.util.concurrent.locks.AbstractQueuedSynchronizer$ConditionObject.await(AbstractQueuedSynchronizer.java:2039)
        at java.util.concurrent.ArrayBlockingQueue.take(ArrayBlockingQueue.java:403)
        at java.util.concurrent.ThreadPoolExecutor.getTask(ThreadPoolExecutor.java:1074)
        at java.util.concurrent.ThreadPoolExecutor.runWorker(ThreadPoolExecutor.java:1134)
        at java.util.concurrent.ThreadPoolExecutor$Worker.run(ThreadPoolExecutor.java:624)
        at java.lang.Thread.run(Thread.java:748)
"org.eclipse.jetty.server.session.HashSessionManager@1859e2a4Timer" daemon prio=5 tid=223 timed_waiting
java.lang.Thread.State: TIMED_WAITING
        at sun.misc.Unsafe.park(Native Method)
        at java.util.concurrent.locks.LockSupport.parkNanos(LockSupport.java:215)
        at java.util.concurrent.locks.AbstractQueuedSynchronizer$ConditionObject.awaitNanos(AbstractQueuedSynchronizer.java:2078)
        at java.util.concurrent.ScheduledThreadPoolExecutor$DelayedWorkQueue.take(ScheduledThreadPoolExecutor.java:1093)
        at java.util.concurrent.ScheduledThreadPoolExecutor$DelayedWorkQueue.take(ScheduledThreadPoolExecutor.java:809)
        at java.util.concurrent.ThreadPoolExecutor.getTask(ThreadPoolExecutor.java:1074)
        at java.util.concurrent.ThreadPoolExecutor.runWorker(ThreadPoolExecutor.java:1134)
        at java.util.concurrent.ThreadPoolExecutor$Worker.run(ThreadPoolExecutor.java:624)
        at java.lang.Thread.run(Thread.java:748)
"BlockDeletingService#1" daemon prio=5 tid=472 in Object.wait()
java.lang.Thread.State: WAITING (on object monitor)
        at sun.misc.Unsafe.park(Native Method)
        at java.util.concurrent.locks.LockSupport.park(LockSupport.java:175)
        at java.util.concurrent.locks.AbstractQueuedSynchronizer$ConditionObject.await(AbstractQueuedSynchronizer.java:2039)
        at java.util.concurrent.ScheduledThreadPoolExecutor$DelayedWorkQueue.take(ScheduledThreadPoolExecutor.java:1088)
        at java.util.concurrent.ScheduledThreadPoolExecutor$DelayedWorkQueue.take(ScheduledThreadPoolExecutor.java:809)
        at java.util.concurrent.ThreadPoolExecutor.getTask(ThreadPoolExecutor.java:1074)
        at java.util.concurrent.ThreadPoolExecutor.runWorker(ThreadPoolExecutor.java:1134)
        at java.util.concurrent.ThreadPoolExecutor$Worker.run(ThreadPoolExecutor.java:624)
        at java.lang.Thread.run(Thread.java:748)
"efb933de-cdd8-4d8d-88d2-4c7ffe0dec1a@group-EE856C9543A1-StateMachineUpdater" daemon prio=5 tid=779 in Object.wait()
java.lang.Thread.State: WAITING (on object monitor)
        at java.lang.Object.wait(Native Method)
        at java.lang.Object.wait(Object.java:502)
        at org.apache.ratis.server.impl.StateMachineUpdater.waitForCommit(StateMachineUpdater.java:194)
        at org.apache.ratis.server.impl.StateMachineUpdater.run(StateMachineUpdater.java:159)
        at java.lang.Thread.run(Thread.java:748)
"qtp801142660-140" daemon prio=5 tid=140 timed_waiting
java.lang.Thread.State: TIMED_WAITING
        at sun.misc.Unsafe.park(Native Method)
        at java.util.concurrent.locks.LockSupport.parkNanos(LockSupport.java:215)
        at java.util.concurrent.locks.AbstractQueuedSynchronizer$ConditionObject.awaitNanos(AbstractQueuedSynchronizer.java:2078)
        at org.eclipse.jetty.util.BlockingArrayQueue.poll(BlockingArrayQueue.java:392)
        at org.eclipse.jetty.util.thread.QueuedThreadPool.idleJobPoll(QueuedThreadPool.java:563)
        at org.eclipse.jetty.util.thread.QueuedThreadPool.access$800(QueuedThreadPool.java:48)
        at org.eclipse.jetty.util.thread.QueuedThreadPool$2.run(QueuedThreadPool.java:626)
        at java.lang.Thread.run(Thread.java:748)
"Datanode State Machine Thread - 0" daemon prio=5 tid=197 timed_waiting
java.lang.Thread.State: TIMED_WAITING
        at java.lang.Thread.sleep(Native Method)
        at org.apache.hadoop.ozone.container.common.statemachine.DatanodeStateMachine.start(DatanodeStateMachine.java:191)
        at org.apache.hadoop.ozone.container.common.statemachine.DatanodeStateMachine.lambda$startDaemon$0(DatanodeStateMachine.java:349)
        at org.apache.hadoop.ozone.container.common.statemachine.DatanodeStateMachine$$Lambda$140/177389135.run(Unknown Source)
        at java.lang.Thread.run(Thread.java:748)
"pool-46-thread-22"  prio=5 tid=428 in Object.wait()
java.lang.Thread.State: WAITING (on object monitor)
        at sun.misc.Unsafe.park(Native Method)
        at java.util.concurrent.locks.LockSupport.park(LockSupport.java:175)
        at java.util.concurrent.locks.AbstractQueuedSynchronizer$ConditionObject.await(AbstractQueuedSynchronizer.java:2039)
        at java.util.concurrent.ArrayBlockingQueue.take(ArrayBlockingQueue.java:403)
        at java.util.concurrent.ThreadPoolExecutor.getTask(ThreadPoolExecutor.java:1074)
        at java.util.concurrent.ThreadPoolExecutor.runWorker(ThreadPoolExecutor.java:1134)
        at java.util.concurrent.ThreadPoolExecutor$Worker.run(ThreadPoolExecutor.java:624)
        at java.lang.Thread.run(Thread.java:748)
"Datanode State Machine Thread - 0" daemon prio=5 tid=231 timed_waiting
java.lang.Thread.State: TIMED_WAITING
        at sun.misc.Unsafe.park(Native Method)
        at java.util.concurrent.locks.LockSupport.parkNanos(LockSupport.java:215)
        at java.util.concurrent.SynchronousQueue$TransferStack.awaitFulfill(SynchronousQueue.java:460)
        at java.util.concurrent.SynchronousQueue$TransferStack.transfer(SynchronousQueue.java:362)
        at java.util.concurrent.SynchronousQueue.poll(SynchronousQueue.java:941)
        at java.util.concurrent.ThreadPoolExecutor.getTask(ThreadPoolExecutor.java:1073)
        at java.util.concurrent.ThreadPoolExecutor.runWorker(ThreadPoolExecutor.java:1134)
        at java.util.concurrent.ThreadPoolExecutor$Worker.run(ThreadPoolExecutor.java:624)
        at java.lang.Thread.run(Thread.java:748)
"IPC Server handler 8 on 40923" daemon prio=5 tid=37 timed_waiting
java.lang.Thread.State: TIMED_WAITING
        at sun.misc.Unsafe.park(Native Method)
        at java.util.concurrent.locks.LockSupport.parkNanos(LockSupport.java:215)
        at java.util.concurrent.locks.AbstractQueuedSynchronizer$ConditionObject.awaitNanos(AbstractQueuedSynchronizer.java:2078)
        at java.util.concurrent.LinkedBlockingQueue.poll(LinkedBlockingQueue.java:467)
        at org.apache.hadoop.ipc.CallQueueManager.take(CallQueueManager.java:288)
        at org.apache.hadoop.ipc.Server$Handler.run(Server.java:2668)
"pool-46-thread-5"  prio=5 tid=411 in Object.wait()
java.lang.Thread.State: WAITING (on object monitor)
        at sun.misc.Unsafe.park(Native Method)
        at java.util.concurrent.locks.LockSupport.park(LockSupport.java:175)
        at java.util.concurrent.locks.AbstractQueuedSynchronizer$ConditionObject.await(AbstractQueuedSynchronizer.java:2039)
        at java.util.concurrent.ArrayBlockingQueue.take(ArrayBlockingQueue.java:403)
        at java.util.concurrent.ThreadPoolExecutor.getTask(ThreadPoolExecutor.java:1074)
        at java.util.concurrent.ThreadPoolExecutor.runWorker(ThreadPoolExecutor.java:1134)
        at java.util.concurrent.ThreadPoolExecutor$Worker.run(ThreadPoolExecutor.java:624)
        at java.lang.Thread.run(Thread.java:748)
"grpc-default-worker-ELG-3-3" daemon prio=5 tid=610 runnable
java.lang.Thread.State: RUNNABLE
        at sun.nio.ch.EPollArrayWrapper.epollWait(Native Method)
        at sun.nio.ch.EPollArrayWrapper.poll(EPollArrayWrapper.java:269)
        at sun.nio.ch.EPollSelectorImpl.doSelect(EPollSelectorImpl.java:93)
        at sun.nio.ch.SelectorImpl.lockAndDoSelect(SelectorImpl.java:86)
        at sun.nio.ch.SelectorImpl.select(SelectorImpl.java:97)
        at org.apache.ratis.thirdparty.io.netty.channel.nio.SelectedSelectionKeySetSelector.select(SelectedSelectionKeySetSelector.java:62)
        at org.apache.ratis.thirdparty.io.netty.channel.nio.NioEventLoop.select(NioEventLoop.java:753)
        at org.apache.ratis.thirdparty.io.netty.channel.nio.NioEventLoop.run(NioEventLoop.java:408)
        at org.apache.ratis.thirdparty.io.netty.util.concurrent.SingleThreadEventExecutor$5.run(SingleThreadEventExecutor.java:897)
        at org.apache.ratis.thirdparty.io.netty.util.concurrent.FastThreadLocalRunnable.run(FastThreadLocalRunnable.java:30)
        at java.lang.Thread.run(Thread.java:748)
"pool-56-thread-38"  prio=5 tid=511 in Object.wait()
java.lang.Thread.State: WAITING (on object monitor)
        at sun.misc.Unsafe.park(Native Method)
        at java.util.concurrent.locks.LockSupport.park(LockSupport.java:175)
        at java.util.concurrent.locks.AbstractQueuedSynchronizer$ConditionObject.await(AbstractQueuedSynchronizer.java:2039)
        at java.util.concurrent.ArrayBlockingQueue.take(ArrayBlockingQueue.java:403)
        at java.util.concurrent.ThreadPoolExecutor.getTask(ThreadPoolExecutor.java:1074)
        at java.util.concurrent.ThreadPoolExecutor.runWorker(ThreadPoolExecutor.java:1134)
        at java.util.concurrent.ThreadPoolExecutor$Worker.run(ThreadPoolExecutor.java:624)
        at java.lang.Thread.run(Thread.java:748)
"qtp801142660-137-acceptor-0@6f2513ec-ServerConnector@325bb9a6{HTTP/1.1,[http/1.1]}{0.0.0.0:34959}" daemon prio=3 tid=137 runnable
java.lang.Thread.State: RUNNABLE
        at sun.nio.ch.ServerSocketChannelImpl.accept0(Native Method)
        at sun.nio.ch.ServerSocketChannelImpl.accept(ServerSocketChannelImpl.java:422)
        at sun.nio.ch.ServerSocketChannelImpl.accept(ServerSocketChannelImpl.java:250)
        at org.eclipse.jetty.server.ServerConnector.accept(ServerConnector.java:397)
        at org.eclipse.jetty.server.AbstractConnector$Acceptor.run(AbstractConnector.java:601)
        at org.eclipse.jetty.util.thread.QueuedThreadPool.runJob(QueuedThreadPool.java:671)
        at org.eclipse.jetty.util.thread.QueuedThreadPool$2.run(QueuedThreadPool.java:589)
        at java.lang.Thread.run(Thread.java:748)
"pool-46-thread-60"  prio=5 tid=466 in Object.wait()
java.lang.Thread.State: WAITING (on object monitor)
        at sun.misc.Unsafe.park(Native Method)
        at java.util.concurrent.locks.LockSupport.park(LockSupport.java:175)
        at java.util.concurrent.locks.AbstractQueuedSynchronizer$ConditionObject.await(AbstractQueuedSynchronizer.java:2039)
        at java.util.concurrent.ArrayBlockingQueue.take(ArrayBlockingQueue.java:403)
        at java.util.concurrent.ThreadPoolExecutor.getTask(ThreadPoolExecutor.java:1074)
        at java.util.concurrent.ThreadPoolExecutor.runWorker(ThreadPoolExecutor.java:1134)
        at java.util.concurrent.ThreadPoolExecutor$Worker.run(ThreadPoolExecutor.java:624)
        at java.lang.Thread.run(Thread.java:748)
"pool-36-thread-58"  prio=5 tid=404 in Object.wait()
java.lang.Thread.State: WAITING (on object monitor)
        at sun.misc.Unsafe.park(Native Method)
        at java.util.concurrent.locks.LockSupport.park(LockSupport.java:175)
        at java.util.concurrent.locks.AbstractQueuedSynchronizer$ConditionObject.await(AbstractQueuedSynchronizer.java:2039)
        at java.util.concurrent.ArrayBlockingQueue.take(ArrayBlockingQueue.java:403)
        at java.util.concurrent.ThreadPoolExecutor.getTask(ThreadPoolExecutor.java:1074)
        at java.util.concurrent.ThreadPoolExecutor.runWorker(ThreadPoolExecutor.java:1134)
        at java.util.concurrent.ThreadPoolExecutor$Worker.run(ThreadPoolExecutor.java:624)
        at java.lang.Thread.run(Thread.java:748)
"IPC Server handler 1 on 46821" daemon prio=5 tid=50 timed_waiting
java.lang.Thread.State: TIMED_WAITING
        at sun.misc.Unsafe.park(Native Method)
        at java.util.concurrent.locks.LockSupport.parkNanos(LockSupport.java:215)
        at java.util.concurrent.locks.AbstractQueuedSynchronizer$ConditionObject.awaitNanos(AbstractQueuedSynchronizer.java:2078)
        at java.util.concurrent.LinkedBlockingQueue.poll(LinkedBlockingQueue.java:467)
        at org.apache.hadoop.ipc.CallQueueManager.take(CallQueueManager.java:288)
        at org.apache.hadoop.ipc.Server$Handler.run(Server.java:2668)
"9d88716d-5d6b-4fd8-b832-a110dc45ee66@group-4744F5BEFEE7-SegmentedRaftLogWorker"  prio=5 tid=636 timed_waiting
java.lang.Thread.State: TIMED_WAITING
        at sun.misc.Unsafe.park(Native Method)
        at java.util.concurrent.locks.LockSupport.parkNanos(LockSupport.java:215)
        at java.util.concurrent.locks.AbstractQueuedSynchronizer$ConditionObject.awaitNanos(AbstractQueuedSynchronizer.java:2078)
        at org.apache.ratis.util.DataBlockingQueue.poll(DataBlockingQueue.java:137)
        at org.apache.ratis.server.raftlog.segmented.SegmentedRaftLogWorker.run(SegmentedRaftLogWorker.java:282)
        at java.lang.Thread.run(Thread.java:748)
"Command processor thread" daemon prio=5 tid=229 timed_waiting
java.lang.Thread.State: TIMED_WAITING
        at java.lang.Thread.sleep(Native Method)
        at org.apache.hadoop.ozone.container.common.statemachine.DatanodeStateMachine.lambda$initCommandHandlerThread$1(DatanodeStateMachine.java:439)
        at org.apache.hadoop.ozone.container.common.statemachine.DatanodeStateMachine$$Lambda$141/1433245022.run(Unknown Source)
        at java.lang.Thread.run(Thread.java:748)
"pool-46-thread-46"  prio=5 tid=452 in Object.wait()
java.lang.Thread.State: WAITING (on object monitor)
        at sun.misc.Unsafe.park(Native Method)
        at java.util.concurrent.locks.LockSupport.park(LockSupport.java:175)
        at java.util.concurrent.locks.AbstractQueuedSynchronizer$ConditionObject.await(AbstractQueuedSynchronizer.java:2039)
        at java.util.concurrent.ArrayBlockingQueue.take(ArrayBlockingQueue.java:403)
        at java.util.concurrent.ThreadPoolExecutor.getTask(ThreadPoolExecutor.java:1074)
        at java.util.concurrent.ThreadPoolExecutor.runWorker(ThreadPoolExecutor.java:1134)
        at java.util.concurrent.ThreadPoolExecutor$Worker.run(ThreadPoolExecutor.java:624)
        at java.lang.Thread.run(Thread.java:748)
"pool-26-thread-16"  prio=5 tid=302 in Object.wait()
java.lang.Thread.State: WAITING (on object monitor)
        at sun.misc.Unsafe.park(Native Method)
        at java.util.concurrent.locks.LockSupport.park(LockSupport.java:175)
        at java.util.concurrent.locks.AbstractQueuedSynchronizer$ConditionObject.await(AbstractQueuedSynchronizer.java:2039)
        at java.util.concurrent.ArrayBlockingQueue.take(ArrayBlockingQueue.java:403)
        at java.util.concurrent.ThreadPoolExecutor.getTask(ThreadPoolExecutor.java:1074)
        at java.util.concurrent.ThreadPoolExecutor.runWorker(ThreadPoolExecutor.java:1134)
        at java.util.concurrent.ThreadPoolExecutor$Worker.run(ThreadPoolExecutor.java:624)
        at java.lang.Thread.run(Thread.java:748)
"Datanode ReportManager Thread - 2" daemon prio=5 tid=200 timed_waiting
java.lang.Thread.State: TIMED_WAITING
        at sun.misc.Unsafe.park(Native Method)
        at java.util.concurrent.locks.LockSupport.parkNanos(LockSupport.java:215)
        at java.util.concurrent.locks.AbstractQueuedSynchronizer$ConditionObject.awaitNanos(AbstractQueuedSynchronizer.java:2078)
        at java.util.concurrent.ScheduledThreadPoolExecutor$DelayedWorkQueue.take(ScheduledThreadPoolExecutor.java:1093)
        at java.util.concurrent.ScheduledThreadPoolExecutor$DelayedWorkQueue.take(ScheduledThreadPoolExecutor.java:809)
        at java.util.concurrent.ThreadPoolExecutor.getTask(ThreadPoolExecutor.java:1074)
        at java.util.concurrent.ThreadPoolExecutor.runWorker(ThreadPoolExecutor.java:1134)
        at java.util.concurrent.ThreadPoolExecutor$Worker.run(ThreadPoolExecutor.java:624)
        at java.lang.Thread.run(Thread.java:748)
"pool-36-thread-30"  prio=5 tid=376 in Object.wait()
java.lang.Thread.State: WAITING (on object monitor)
        at sun.misc.Unsafe.park(Native Method)
        at java.util.concurrent.locks.LockSupport.park(LockSupport.java:175)
        at java.util.concurrent.locks.AbstractQueuedSynchronizer$ConditionObject.await(AbstractQueuedSynchronizer.java:2039)
        at java.util.concurrent.ArrayBlockingQueue.take(ArrayBlockingQueue.java:403)
        at java.util.concurrent.ThreadPoolExecutor.getTask(ThreadPoolExecutor.java:1074)
        at java.util.concurrent.ThreadPoolExecutor.runWorker(ThreadPoolExecutor.java:1134)
        at java.util.concurrent.ThreadPoolExecutor$Worker.run(ThreadPoolExecutor.java:624)
        at java.lang.Thread.run(Thread.java:748)
"metrics-hadoop-metrics2-reporter-47-thread-1" daemon prio=5 tid=812 timed_waiting
java.lang.Thread.State: TIMED_WAITING
        at sun.misc.Unsafe.park(Native Method)
        at java.util.concurrent.locks.LockSupport.parkNanos(LockSupport.java:215)
        at java.util.concurrent.locks.AbstractQueuedSynchronizer$ConditionObject.awaitNanos(AbstractQueuedSynchronizer.java:2078)
        at java.util.concurrent.ScheduledThreadPoolExecutor$DelayedWorkQueue.take(ScheduledThreadPoolExecutor.java:1093)
        at java.util.concurrent.ScheduledThreadPoolExecutor$DelayedWorkQueue.take(ScheduledThreadPoolExecutor.java:809)
        at java.util.concurrent.ThreadPoolExecutor.getTask(ThreadPoolExecutor.java:1074)
        at java.util.concurrent.ThreadPoolExecutor.runWorker(ThreadPoolExecutor.java:1134)
        at java.util.concurrent.ThreadPoolExecutor$Worker.run(ThreadPoolExecutor.java:624)
        at java.lang.Thread.run(Thread.java:748)
"pool-26-thread-60"  prio=5 tid=346 in Object.wait()
java.lang.Thread.State: WAITING (on object monitor)
        at sun.misc.Unsafe.park(Native Method)
        at java.util.concurrent.locks.LockSupport.park(LockSupport.java:175)
        at java.util.concurrent.locks.AbstractQueuedSynchronizer$ConditionObject.await(AbstractQueuedSynchronizer.java:2039)
        at java.util.concurrent.ArrayBlockingQueue.take(ArrayBlockingQueue.java:403)
        at java.util.concurrent.ThreadPoolExecutor.getTask(ThreadPoolExecutor.java:1074)
        at java.util.concurrent.ThreadPoolExecutor.runWorker(ThreadPoolExecutor.java:1134)
        at java.util.concurrent.ThreadPoolExecutor$Worker.run(ThreadPoolExecutor.java:624)
        at java.lang.Thread.run(Thread.java:748)
"pool-56-thread-10"  prio=5 tid=483 in Object.wait()
java.lang.Thread.State: WAITING (on object monitor)
        at sun.misc.Unsafe.park(Native Method)
        at java.util.concurrent.locks.LockSupport.park(LockSupport.java:175)
        at java.util.concurrent.locks.AbstractQueuedSynchronizer$ConditionObject.await(AbstractQueuedSynchronizer.java:2039)
        at java.util.concurrent.ArrayBlockingQueue.take(ArrayBlockingQueue.java:403)
        at java.util.concurrent.ThreadPoolExecutor.getTask(ThreadPoolExecutor.java:1074)
        at java.util.concurrent.ThreadPoolExecutor.runWorker(ThreadPoolExecutor.java:1134)
        at java.util.concurrent.ThreadPoolExecutor$Worker.run(ThreadPoolExecutor.java:624)
        at java.lang.Thread.run(Thread.java:748)
"9d88716d-5d6b-4fd8-b832-a110dc45ee66@group-EE856C9543A1-SegmentedRaftLogWorker"  prio=5 tid=782 timed_waiting
java.lang.Thread.State: TIMED_WAITING
        at sun.misc.Unsafe.park(Native Method)
        at java.util.concurrent.locks.LockSupport.parkNanos(LockSupport.java:215)
        at java.util.concurrent.locks.AbstractQueuedSynchronizer$ConditionObject.awaitNanos(AbstractQueuedSynchronizer.java:2078)
        at org.apache.ratis.util.DataBlockingQueue.poll(DataBlockingQueue.java:137)
        at org.apache.ratis.server.raftlog.segmented.SegmentedRaftLogWorker.run(SegmentedRaftLogWorker.java:282)
        at java.lang.Thread.run(Thread.java:748)
"pool-26-thread-25"  prio=5 tid=311 in Object.wait()
java.lang.Thread.State: WAITING (on object monitor)
        at sun.misc.Unsafe.park(Native Method)
        at java.util.concurrent.locks.LockSupport.park(LockSupport.java:175)
        at java.util.concurrent.locks.AbstractQueuedSynchronizer$ConditionObject.await(AbstractQueuedSynchronizer.java:2039)
        at java.util.concurrent.ArrayBlockingQueue.take(ArrayBlockingQueue.java:403)
        at java.util.concurrent.ThreadPoolExecutor.getTask(ThreadPoolExecutor.java:1074)
        at java.util.concurrent.ThreadPoolExecutor.runWorker(ThreadPoolExecutor.java:1134)
        at java.util.concurrent.ThreadPoolExecutor$Worker.run(ThreadPoolExecutor.java:624)
        at java.lang.Thread.run(Thread.java:748)
"pool-36-thread-9"  prio=5 tid=355 in Object.wait()
java.lang.Thread.State: WAITING (on object monitor)
        at sun.misc.Unsafe.park(Native Method)
        at java.util.concurrent.locks.LockSupport.park(LockSupport.java:175)
        at java.util.concurrent.locks.AbstractQueuedSynchronizer$ConditionObject.await(AbstractQueuedSynchronizer.java:2039)
        at java.util.concurrent.ArrayBlockingQueue.take(ArrayBlockingQueue.java:403)
        at java.util.concurrent.ThreadPoolExecutor.getTask(ThreadPoolExecutor.java:1074)
        at java.util.concurrent.ThreadPoolExecutor.runWorker(ThreadPoolExecutor.java:1134)
        at java.util.concurrent.ThreadPoolExecutor$Worker.run(ThreadPoolExecutor.java:624)
        at java.lang.Thread.run(Thread.java:748)
"Thread-2826" daemon prio=5 tid=3302 timed_waiting
java.lang.Thread.State: TIMED_WAITING
        at java.lang.Thread.sleep(Native Method)
        at org.apache.ratis.util.JavaUtils.sleep(JavaUtils.java:247)
        at org.apache.ratis.server.impl.FollowerState.run(FollowerState.java:97)
"pool-66-thread-21"  prio=5 tid=556 in Object.wait()
java.lang.Thread.State: WAITING (on object monitor)
        at sun.misc.Unsafe.park(Native Method)
        at java.util.concurrent.locks.LockSupport.park(LockSupport.java:175)
        at java.util.concurrent.locks.AbstractQueuedSynchronizer$ConditionObject.await(AbstractQueuedSynchronizer.java:2039)
        at java.util.concurrent.ArrayBlockingQueue.take(ArrayBlockingQueue.java:403)
        at java.util.concurrent.ThreadPoolExecutor.getTask(ThreadPoolExecutor.java:1074)
        at java.util.concurrent.ThreadPoolExecutor.runWorker(ThreadPoolExecutor.java:1134)
        at java.util.concurrent.ThreadPoolExecutor$Worker.run(ThreadPoolExecutor.java:624)
        at java.lang.Thread.run(Thread.java:748)
"EventQueue-SafemodestatusForSafeModeHandler" daemon prio=5 tid=604 in Object.wait()
java.lang.Thread.State: WAITING (on object monitor)
        at sun.misc.Unsafe.park(Native Method)
        at java.util.concurrent.locks.LockSupport.park(LockSupport.java:175)
        at java.util.concurrent.locks.AbstractQueuedSynchronizer$ConditionObject.await(AbstractQueuedSynchronizer.java:2039)
        at java.util.concurrent.LinkedBlockingQueue.take(LinkedBlockingQueue.java:442)
        at java.util.concurrent.ThreadPoolExecutor.getTask(ThreadPoolExecutor.java:1074)
        at java.util.concurrent.ThreadPoolExecutor.runWorker(ThreadPoolExecutor.java:1134)
        at java.util.concurrent.ThreadPoolExecutor$Worker.run(ThreadPoolExecutor.java:624)
        at java.lang.Thread.run(Thread.java:748)
"refreshUsed-/workdir/hadoop-ozone/ozonefs/target/test-dir/MiniOzoneClusterImpl-d26aec2b-09c1-4f88-9204-0bb43e71ee01/datanode-1/data/containers" daemon prio=5 tid=181 timed_waiting
java.lang.Thread.State: TIMED_WAITING
        at java.lang.Thread.sleep(Native Method)
        at org.apache.hadoop.fs.CachingGetSpaceUsed$RefreshThread.run(CachingGetSpaceUsed.java:179)
        at java.lang.Thread.run(Thread.java:748)
"metrics-hadoop-metrics2-reporter-1-thread-1" daemon prio=5 tid=613 timed_waiting
java.lang.Thread.State: TIMED_WAITING
        at sun.misc.Unsafe.park(Native Method)
        at java.util.concurrent.locks.LockSupport.parkNanos(LockSupport.java:215)
        at java.util.concurrent.locks.AbstractQueuedSynchronizer$ConditionObject.awaitNanos(AbstractQueuedSynchronizer.java:2078)
        at java.util.concurrent.ScheduledThreadPoolExecutor$DelayedWorkQueue.take(ScheduledThreadPoolExecutor.java:1093)
        at java.util.concurrent.ScheduledThreadPoolExecutor$DelayedWorkQueue.take(ScheduledThreadPoolExecutor.java:809)
        at java.util.concurrent.ThreadPoolExecutor.getTask(ThreadPoolExecutor.java:1074)
        at java.util.concurrent.ThreadPoolExecutor.runWorker(ThreadPoolExecutor.java:1134)
        at java.util.concurrent.ThreadPoolExecutor$Worker.run(ThreadPoolExecutor.java:624)
        at java.lang.Thread.run(Thread.java:748)
"BlockDeletingService#1" daemon prio=5 tid=471 in Object.wait()
java.lang.Thread.State: WAITING (on object monitor)
        at sun.misc.Unsafe.park(Native Method)
        at java.util.concurrent.locks.LockSupport.park(LockSupport.java:175)
        at java.util.concurrent.locks.AbstractQueuedSynchronizer$ConditionObject.await(AbstractQueuedSynchronizer.java:2039)
        at java.util.concurrent.ScheduledThreadPoolExecutor$DelayedWorkQueue.take(ScheduledThreadPoolExecutor.java:1088)
        at java.util.concurrent.ScheduledThreadPoolExecutor$DelayedWorkQueue.take(ScheduledThreadPoolExecutor.java:809)
        at java.util.concurrent.ThreadPoolExecutor.getTask(ThreadPoolExecutor.java:1074)
        at java.util.concurrent.ThreadPoolExecutor.runWorker(ThreadPoolExecutor.java:1134)
        at java.util.concurrent.ThreadPoolExecutor$Worker.run(ThreadPoolExecutor.java:624)
        at java.lang.Thread.run(Thread.java:748)
"pool-46-thread-35"  prio=5 tid=441 in Object.wait()
java.lang.Thread.State: WAITING (on object monitor)
        at sun.misc.Unsafe.park(Native Method)
        at java.util.concurrent.locks.LockSupport.park(LockSupport.java:175)
        at java.util.concurrent.locks.AbstractQueuedSynchronizer$ConditionObject.await(AbstractQueuedSynchronizer.java:2039)
        at java.util.concurrent.ArrayBlockingQueue.take(ArrayBlockingQueue.java:403)
        at java.util.concurrent.ThreadPoolExecutor.getTask(ThreadPoolExecutor.java:1074)
        at java.util.concurrent.ThreadPoolExecutor.runWorker(ThreadPoolExecutor.java:1134)
        at java.util.concurrent.ThreadPoolExecutor$Worker.run(ThreadPoolExecutor.java:624)
        at java.lang.Thread.run(Thread.java:748)
"pool-24-thread-1" daemon prio=5 tid=156 timed_waiting
java.lang.Thread.State: TIMED_WAITING
        at sun.misc.Unsafe.park(Native Method)
        at java.util.concurrent.locks.LockSupport.parkNanos(LockSupport.java:215)
        at java.util.concurrent.locks.AbstractQueuedSynchronizer$ConditionObject.awaitNanos(AbstractQueuedSynchronizer.java:2078)
        at java.util.concurrent.ScheduledThreadPoolExecutor$DelayedWorkQueue.take(ScheduledThreadPoolExecutor.java:1093)
        at java.util.concurrent.ScheduledThreadPoolExecutor$DelayedWorkQueue.take(ScheduledThreadPoolExecutor.java:809)
        at java.util.concurrent.ThreadPoolExecutor.getTask(ThreadPoolExecutor.java:1074)
        at java.util.concurrent.ThreadPoolExecutor.runWorker(ThreadPoolExecutor.java:1134)
        at java.util.concurrent.ThreadPoolExecutor$Worker.run(ThreadPoolExecutor.java:624)
        at java.lang.Thread.run(Thread.java:748)
"IPC Client (1393198164) connection to /0.0.0.0:33004 from jenkins1000" daemon prio=5 tid=286 timed_waiting
java.lang.Thread.State: TIMED_WAITING
        at java.lang.Object.wait(Native Method)
        at org.apache.hadoop.ipc.Client$Connection.waitForWork(Client.java:1024)
        at org.apache.hadoop.ipc.Client$Connection.run(Client.java:1068)
"pool-36-thread-44"  prio=5 tid=390 in Object.wait()
java.lang.Thread.State: WAITING (on object monitor)
        at sun.misc.Unsafe.park(Native Method)
        at java.util.concurrent.locks.LockSupport.park(LockSupport.java:175)
        at java.util.concurrent.locks.AbstractQueuedSynchronizer$ConditionObject.await(AbstractQueuedSynchronizer.java:2039)
        at java.util.concurrent.ArrayBlockingQueue.take(ArrayBlockingQueue.java:403)
        at java.util.concurrent.ThreadPoolExecutor.getTask(ThreadPoolExecutor.java:1074)
        at java.util.concurrent.ThreadPoolExecutor.runWorker(ThreadPoolExecutor.java:1134)
        at java.util.concurrent.ThreadPoolExecutor$Worker.run(ThreadPoolExecutor.java:624)
        at java.lang.Thread.run(Thread.java:748)
"pool-46-thread-11"  prio=5 tid=417 in Object.wait()
java.lang.Thread.State: WAITING (on object monitor)
        at sun.misc.Unsafe.park(Native Method)
        at java.util.concurrent.locks.LockSupport.park(LockSupport.java:175)
        at java.util.concurrent.locks.AbstractQueuedSynchronizer$ConditionObject.await(AbstractQueuedSynchronizer.java:2039)
        at java.util.concurrent.ArrayBlockingQueue.take(ArrayBlockingQueue.java:403)
        at java.util.concurrent.ThreadPoolExecutor.getTask(ThreadPoolExecutor.java:1074)
        at java.util.concurrent.ThreadPoolExecutor.runWorker(ThreadPoolExecutor.java:1134)
        at java.util.concurrent.ThreadPoolExecutor$Worker.run(ThreadPoolExecutor.java:624)
        at java.lang.Thread.run(Thread.java:748)
"org.apache.hadoop.util.JvmPauseMonitor$Monitor@5bcb99ed" daemon prio=5 tid=203 timed_waiting
java.lang.Thread.State: TIMED_WAITING
        at java.lang.Thread.sleep(Native Method)
        at org.apache.hadoop.util.JvmPauseMonitor$Monitor.run(JvmPauseMonitor.java:192)
        at java.lang.Thread.run(Thread.java:748)
"BlockDeletingService#0" daemon prio=5 tid=470 timed_waiting
java.lang.Thread.State: TIMED_WAITING
        at sun.misc.Unsafe.park(Native Method)
        at java.util.concurrent.locks.LockSupport.parkNanos(LockSupport.java:215)
        at java.util.concurrent.locks.AbstractQueuedSynchronizer$ConditionObject.awaitNanos(AbstractQueuedSynchronizer.java:2078)
        at java.util.concurrent.ScheduledThreadPoolExecutor$DelayedWorkQueue.take(ScheduledThreadPoolExecutor.java:1093)
        at java.util.concurrent.ScheduledThreadPoolExecutor$DelayedWorkQueue.take(ScheduledThreadPoolExecutor.java:809)
        at java.util.concurrent.ThreadPoolExecutor.getTask(ThreadPoolExecutor.java:1074)
        at java.util.concurrent.ThreadPoolExecutor.runWorker(ThreadPoolExecutor.java:1134)
        at java.util.concurrent.ThreadPoolExecutor$Worker.run(ThreadPoolExecutor.java:624)
        at java.lang.Thread.run(Thread.java:748)
"qtp801142660-136" daemon prio=5 tid=136 runnable
java.lang.Thread.State: RUNNABLE
        at sun.nio.ch.EPollArrayWrapper.epollWait(Native Method)
        at sun.nio.ch.EPollArrayWrapper.poll(EPollArrayWrapper.java:269)
        at sun.nio.ch.EPollSelectorImpl.doSelect(EPollSelectorImpl.java:93)
        at sun.nio.ch.SelectorImpl.lockAndDoSelect(SelectorImpl.java:86)
        at sun.nio.ch.SelectorImpl.select(SelectorImpl.java:97)
        at sun.nio.ch.SelectorImpl.select(SelectorImpl.java:101)
        at org.eclipse.jetty.io.ManagedSelector$SelectorProducer.select(ManagedSelector.java:243)
        at org.eclipse.jetty.io.ManagedSelector$SelectorProducer.produce(ManagedSelector.java:191)
        at org.eclipse.jetty.util.thread.strategy.ExecuteProduceConsume.executeProduceConsume(ExecuteProduceConsume.java:249)
        at org.eclipse.jetty.util.thread.strategy.ExecuteProduceConsume.produceConsume(ExecuteProduceConsume.java:148)
        at org.eclipse.jetty.util.thread.strategy.ExecuteProduceConsume.execute(ExecuteProduceConsume.java:100)
        at org.eclipse.jetty.io.ManagedSelector.run(ManagedSelector.java:147)
        at org.eclipse.jetty.util.thread.QueuedThreadPool.runJob(QueuedThreadPool.java:671)
        at org.eclipse.jetty.util.thread.QueuedThreadPool$2.run(QueuedThreadPool.java:589)
        at java.lang.Thread.run(Thread.java:748)
"pool-56-thread-4"  prio=5 tid=477 in Object.wait()
java.lang.Thread.State: WAITING (on object monitor)
        at sun.misc.Unsafe.park(Native Method)
        at java.util.concurrent.locks.LockSupport.park(LockSupport.java:175)
        at java.util.concurrent.locks.AbstractQueuedSynchronizer$ConditionObject.await(AbstractQueuedSynchronizer.java:2039)
        at java.util.concurrent.ArrayBlockingQueue.take(ArrayBlockingQueue.java:403)
        at java.util.concurrent.ThreadPoolExecutor.getTask(ThreadPoolExecutor.java:1074)
        at java.util.concurrent.ThreadPoolExecutor.runWorker(ThreadPoolExecutor.java:1134)
        at java.util.concurrent.ThreadPoolExecutor$Worker.run(ThreadPoolExecutor.java:624)
        at java.lang.Thread.run(Thread.java:748)
"pool-46-thread-36"  prio=5 tid=442 in Object.wait()
java.lang.Thread.State: WAITING (on object monitor)
        at sun.misc.Unsafe.park(Native Method)
        at java.util.concurrent.locks.LockSupport.park(LockSupport.java:175)
        at java.util.concurrent.locks.AbstractQueuedSynchronizer$ConditionObject.await(AbstractQueuedSynchronizer.java:2039)
        at java.util.concurrent.ArrayBlockingQueue.take(ArrayBlockingQueue.java:403)
        at java.util.concurrent.ThreadPoolExecutor.getTask(ThreadPoolExecutor.java:1074)
        at java.util.concurrent.ThreadPoolExecutor.runWorker(ThreadPoolExecutor.java:1134)
        at java.util.concurrent.ThreadPoolExecutor$Worker.run(ThreadPoolExecutor.java:624)
        at java.lang.Thread.run(Thread.java:748)
"org.eclipse.jetty.server.session.HashSessionManager@423b2b62Timer" daemon prio=5 tid=249 timed_waiting
java.lang.Thread.State: TIMED_WAITING
        at sun.misc.Unsafe.park(Native Method)
        at java.util.concurrent.locks.LockSupport.parkNanos(LockSupport.java:215)
        at java.util.concurrent.locks.AbstractQueuedSynchronizer$ConditionObject.awaitNanos(AbstractQueuedSynchronizer.java:2078)
        at java.util.concurrent.ScheduledThreadPoolExecutor$DelayedWorkQueue.take(ScheduledThreadPoolExecutor.java:1093)
        at java.util.concurrent.ScheduledThreadPoolExecutor$DelayedWorkQueue.take(ScheduledThreadPoolExecutor.java:809)
        at java.util.concurrent.ThreadPoolExecutor.getTask(ThreadPoolExecutor.java:1074)
        at java.util.concurrent.ThreadPoolExecutor.runWorker(ThreadPoolExecutor.java:1134)
        at java.util.concurrent.ThreadPoolExecutor$Worker.run(ThreadPoolExecutor.java:624)
        at java.lang.Thread.run(Thread.java:748)
"pool-46-thread-40"  prio=5 tid=446 in Object.wait()
java.lang.Thread.State: WAITING (on object monitor)
        at sun.misc.Unsafe.park(Native Method)
        at java.util.concurrent.locks.LockSupport.park(LockSupport.java:175)
        at java.util.concurrent.locks.AbstractQueuedSynchronizer$ConditionObject.await(AbstractQueuedSynchronizer.java:2039)
        at java.util.concurrent.ArrayBlockingQueue.take(ArrayBlockingQueue.java:403)
        at java.util.concurrent.ThreadPoolExecutor.getTask(ThreadPoolExecutor.java:1074)
        at java.util.concurrent.ThreadPoolExecutor.runWorker(ThreadPoolExecutor.java:1134)
        at java.util.concurrent.ThreadPoolExecutor$Worker.run(ThreadPoolExecutor.java:624)
        at java.lang.Thread.run(Thread.java:748)
"pool-36-thread-14"  prio=5 tid=360 in Object.wait()
java.lang.Thread.State: WAITING (on object monitor)
        at sun.misc.Unsafe.park(Native Method)
        at java.util.concurrent.locks.LockSupport.park(LockSupport.java:175)
        at java.util.concurrent.locks.AbstractQueuedSynchronizer$ConditionObject.await(AbstractQueuedSynchronizer.java:2039)
        at java.util.concurrent.ArrayBlockingQueue.take(ArrayBlockingQueue.java:403)
        at java.util.concurrent.ThreadPoolExecutor.getTask(ThreadPoolExecutor.java:1074)
        at java.util.concurrent.ThreadPoolExecutor.runWorker(ThreadPoolExecutor.java:1134)
        at java.util.concurrent.ThreadPoolExecutor$Worker.run(ThreadPoolExecutor.java:624)
        at java.lang.Thread.run(Thread.java:748)
"Datanode State Machine Thread - 0" daemon prio=5 tid=278 timed_waiting
java.lang.Thread.State: TIMED_WAITING
        at java.lang.Thread.sleep(Native Method)
        at org.apache.hadoop.ozone.container.common.statemachine.DatanodeStateMachine.start(DatanodeStateMachine.java:191)
        at org.apache.hadoop.ozone.container.common.statemachine.DatanodeStateMachine.lambda$startDaemon$0(DatanodeStateMachine.java:349)
        at org.apache.hadoop.ozone.container.common.statemachine.DatanodeStateMachine$$Lambda$140/177389135.run(Unknown Source)
        at java.lang.Thread.run(Thread.java:748)
"RatisPipelineUtilsThread"  prio=5 tid=599 timed_waiting
java.lang.Thread.State: TIMED_WAITING
        at sun.misc.Unsafe.park(Native Method)
        at java.util.concurrent.locks.LockSupport.parkNanos(LockSupport.java:215)
        at java.util.concurrent.locks.AbstractQueuedSynchronizer$ConditionObject.awaitNanos(AbstractQueuedSynchronizer.java:2078)
        at java.util.concurrent.ScheduledThreadPoolExecutor$DelayedWorkQueue.take(ScheduledThreadPoolExecutor.java:1093)
        at java.util.concurrent.ScheduledThreadPoolExecutor$DelayedWorkQueue.take(ScheduledThreadPoolExecutor.java:809)
        at java.util.concurrent.ThreadPoolExecutor.getTask(ThreadPoolExecutor.java:1074)
        at java.util.concurrent.ThreadPoolExecutor.runWorker(ThreadPoolExecutor.java:1134)
        at java.util.concurrent.ThreadPoolExecutor$Worker.run(ThreadPoolExecutor.java:624)
        at java.lang.Thread.run(Thread.java:748)
"org.eclipse.jetty.server.session.HashSessionManager@7e642b88Timer" daemon prio=5 tid=195 timed_waiting
java.lang.Thread.State: TIMED_WAITING
        at sun.misc.Unsafe.park(Native Method)
        at java.util.concurrent.locks.LockSupport.parkNanos(LockSupport.java:215)
        at java.util.concurrent.locks.AbstractQueuedSynchronizer$ConditionObject.awaitNanos(AbstractQueuedSynchronizer.java:2078)
        at java.util.concurrent.ScheduledThreadPoolExecutor$DelayedWorkQueue.take(ScheduledThreadPoolExecutor.java:1093)
        at java.util.concurrent.ScheduledThreadPoolExecutor$DelayedWorkQueue.take(ScheduledThreadPoolExecutor.java:809)
        at java.util.concurrent.ThreadPoolExecutor.getTask(ThreadPoolExecutor.java:1074)
        at java.util.concurrent.ThreadPoolExecutor.runWorker(ThreadPoolExecutor.java:1134)
        at java.util.concurrent.ThreadPoolExecutor$Worker.run(ThreadPoolExecutor.java:624)
        at java.lang.Thread.run(Thread.java:748)
"pool-26-thread-50"  prio=5 tid=336 in Object.wait()
java.lang.Thread.State: WAITING (on object monitor)
        at sun.misc.Unsafe.park(Native Method)
        at java.util.concurrent.locks.LockSupport.park(LockSupport.java:175)
        at java.util.concurrent.locks.AbstractQueuedSynchronizer$ConditionObject.await(AbstractQueuedSynchronizer.java:2039)
        at java.util.concurrent.ArrayBlockingQueue.take(ArrayBlockingQueue.java:403)
        at java.util.concurrent.ThreadPoolExecutor.getTask(ThreadPoolExecutor.java:1074)
        at java.util.concurrent.ThreadPoolExecutor.runWorker(ThreadPoolExecutor.java:1134)
        at java.util.concurrent.ThreadPoolExecutor$Worker.run(ThreadPoolExecutor.java:624)
        at java.lang.Thread.run(Thread.java:748)
"Timer-0"  prio=5 tid=112 timed_waiting
java.lang.Thread.State: TIMED_WAITING
        at java.lang.Object.wait(Native Method)
        at java.util.TimerThread.mainLoop(Timer.java:552)
        at java.util.TimerThread.run(Timer.java:505)
"pool-6-thread-1"  prio=5 tid=26 timed_waiting
java.lang.Thread.State: TIMED_WAITING
        at sun.misc.Unsafe.park(Native Method)
        at java.util.concurrent.locks.LockSupport.parkNanos(LockSupport.java:215)
        at java.util.concurrent.locks.AbstractQueuedSynchronizer$ConditionObject.awaitNanos(AbstractQueuedSynchronizer.java:2078)
        at java.util.concurrent.ScheduledThreadPoolExecutor$DelayedWorkQueue.take(ScheduledThreadPoolExecutor.java:1093)
        at java.util.concurrent.ScheduledThreadPoolExecutor$DelayedWorkQueue.take(ScheduledThreadPoolExecutor.java:809)
        at java.util.concurrent.ThreadPoolExecutor.getTask(ThreadPoolExecutor.java:1074)
        at java.util.concurrent.ThreadPoolExecutor.runWorker(ThreadPoolExecutor.java:1134)
        at java.util.concurrent.ThreadPoolExecutor$Worker.run(ThreadPoolExecutor.java:624)
        at java.lang.Thread.run(Thread.java:748)
"pool-66-thread-50"  prio=5 tid=585 in Object.wait()
java.lang.Thread.State: WAITING (on object monitor)
        at sun.misc.Unsafe.park(Native Method)
        at java.util.concurrent.locks.LockSupport.park(LockSupport.java:175)
        at java.util.concurrent.locks.AbstractQueuedSynchronizer$ConditionObject.await(AbstractQueuedSynchronizer.java:2039)
        at java.util.concurrent.ArrayBlockingQueue.take(ArrayBlockingQueue.java:403)
        at java.util.concurrent.ThreadPoolExecutor.getTask(ThreadPoolExecutor.java:1074)
        at java.util.concurrent.ThreadPoolExecutor.runWorker(ThreadPoolExecutor.java:1134)
        at java.util.concurrent.ThreadPoolExecutor$Worker.run(ThreadPoolExecutor.java:624)
        at java.lang.Thread.run(Thread.java:748)
"Datanode ReportManager Thread - 0" daemon prio=5 tid=171 in Object.wait()
java.lang.Thread.State: WAITING (on object monitor)
        at sun.misc.Unsafe.park(Native Method)
        at java.util.concurrent.locks.LockSupport.park(LockSupport.java:175)
        at java.util.concurrent.locks.AbstractQueuedSynchronizer$ConditionObject.await(AbstractQueuedSynchronizer.java:2039)
        at java.util.concurrent.ScheduledThreadPoolExecutor$DelayedWorkQueue.take(ScheduledThreadPoolExecutor.java:1088)
        at java.util.concurrent.ScheduledThreadPoolExecutor$DelayedWorkQueue.take(ScheduledThreadPoolExecutor.java:809)
        at java.util.concurrent.ThreadPoolExecutor.getTask(ThreadPoolExecutor.java:1074)
        at java.util.concurrent.ThreadPoolExecutor.runWorker(ThreadPoolExecutor.java:1134)
        at java.util.concurrent.ThreadPoolExecutor$Worker.run(ThreadPoolExecutor.java:624)
        at java.lang.Thread.run(Thread.java:748)
"qtp650859015-160-acceptor-0@7feb59dd-ServerConnector@59072e9d{HTTP/1.1,[http/1.1]}{0.0.0.0:42733}" daemon prio=3 tid=160 runnable
java.lang.Thread.State: RUNNABLE
        at sun.nio.ch.ServerSocketChannelImpl.accept0(Native Method)
        at sun.nio.ch.ServerSocketChannelImpl.accept(ServerSocketChannelImpl.java:422)
        at sun.nio.ch.ServerSocketChannelImpl.accept(ServerSocketChannelImpl.java:250)
        at org.eclipse.jetty.server.ServerConnector.accept(ServerConnector.java:397)
        at org.eclipse.jetty.server.AbstractConnector$Acceptor.run(AbstractConnector.java:601)
        at org.eclipse.jetty.util.thread.QueuedThreadPool.runJob(QueuedThreadPool.java:671)
        at org.eclipse.jetty.util.thread.QueuedThreadPool$2.run(QueuedThreadPool.java:589)
        at java.lang.Thread.run(Thread.java:748)
"pool-26-thread-55"  prio=5 tid=341 in Object.wait()
java.lang.Thread.State: WAITING (on object monitor)
        at sun.misc.Unsafe.park(Native Method)
        at java.util.concurrent.locks.LockSupport.park(LockSupport.java:175)
        at java.util.concurrent.locks.AbstractQueuedSynchronizer$ConditionObject.await(AbstractQueuedSynchronizer.java:2039)
        at java.util.concurrent.ArrayBlockingQueue.take(ArrayBlockingQueue.java:403)
        at java.util.concurrent.ThreadPoolExecutor.getTask(ThreadPoolExecutor.java:1074)
        at java.util.concurrent.ThreadPoolExecutor.runWorker(ThreadPoolExecutor.java:1134)
        at java.util.concurrent.ThreadPoolExecutor$Worker.run(ThreadPoolExecutor.java:624)
        at java.lang.Thread.run(Thread.java:748)
"metrics-hadoop-metrics2-reporter-15-thread-1" daemon prio=5 tid=647 timed_waiting
java.lang.Thread.State: TIMED_WAITING
        at sun.misc.Unsafe.park(Native Method)
        at java.util.concurrent.locks.LockSupport.parkNanos(LockSupport.java:215)
        at java.util.concurrent.locks.AbstractQueuedSynchronizer$ConditionObject.awaitNanos(AbstractQueuedSynchronizer.java:2078)
        at java.util.concurrent.ScheduledThreadPoolExecutor$DelayedWorkQueue.take(ScheduledThreadPoolExecutor.java:1093)
        at java.util.concurrent.ScheduledThreadPoolExecutor$DelayedWorkQueue.take(ScheduledThreadPoolExecutor.java:809)
        at java.util.concurrent.ThreadPoolExecutor.getTask(ThreadPoolExecutor.java:1074)
        at java.util.concurrent.ThreadPoolExecutor.runWorker(ThreadPoolExecutor.java:1134)
        at java.util.concurrent.ThreadPoolExecutor$Worker.run(ThreadPoolExecutor.java:624)
        at java.lang.Thread.run(Thread.java:748)
"qtp1680841335-215" daemon prio=5 tid=215 timed_waiting
java.lang.Thread.State: TIMED_WAITING
        at sun.misc.Unsafe.park(Native Method)
        at java.util.concurrent.locks.LockSupport.parkNanos(LockSupport.java:215)
        at java.util.concurrent.locks.AbstractQueuedSynchronizer$ConditionObject.awaitNanos(AbstractQueuedSynchronizer.java:2078)
        at org.eclipse.jetty.util.BlockingArrayQueue.poll(BlockingArrayQueue.java:392)
        at org.eclipse.jetty.util.thread.QueuedThreadPool.idleJobPoll(QueuedThreadPool.java:563)
        at org.eclipse.jetty.util.thread.QueuedThreadPool.access$800(QueuedThreadPool.java:48)
        at org.eclipse.jetty.util.thread.QueuedThreadPool$2.run(QueuedThreadPool.java:626)
        at java.lang.Thread.run(Thread.java:748)
"org.eclipse.jetty.server.session.HashSessionManager@2449cff7Timer" daemon prio=5 tid=99 timed_waiting
java.lang.Thread.State: TIMED_WAITING
        at sun.misc.Unsafe.park(Native Method)
        at java.util.concurrent.locks.LockSupport.parkNanos(LockSupport.java:215)
        at java.util.concurrent.locks.AbstractQueuedSynchronizer$ConditionObject.awaitNanos(AbstractQueuedSynchronizer.java:2078)
        at java.util.concurrent.ScheduledThreadPoolExecutor$DelayedWorkQueue.take(ScheduledThreadPoolExecutor.java:1093)
        at java.util.concurrent.ScheduledThreadPoolExecutor$DelayedWorkQueue.take(ScheduledThreadPoolExecutor.java:809)
        at java.util.concurrent.ThreadPoolExecutor.getTask(ThreadPoolExecutor.java:1074)
        at java.util.concurrent.ThreadPoolExecutor.runWorker(ThreadPoolExecutor.java:1134)
        at java.util.concurrent.ThreadPoolExecutor$Worker.run(ThreadPoolExecutor.java:624)
        at java.lang.Thread.run(Thread.java:748)
"pool-66-thread-46"  prio=5 tid=581 in Object.wait()
java.lang.Thread.State: WAITING (on object monitor)
        at sun.misc.Unsafe.park(Native Method)
        at java.util.concurrent.locks.LockSupport.park(LockSupport.java:175)
        at java.util.concurrent.locks.AbstractQueuedSynchronizer$ConditionObject.await(AbstractQueuedSynchronizer.java:2039)
        at java.util.concurrent.ArrayBlockingQueue.take(ArrayBlockingQueue.java:403)
        at java.util.concurrent.ThreadPoolExecutor.getTask(ThreadPoolExecutor.java:1074)
        at java.util.concurrent.ThreadPoolExecutor.runWorker(ThreadPoolExecutor.java:1134)
        at java.util.concurrent.ThreadPoolExecutor$Worker.run(ThreadPoolExecutor.java:624)
        at java.lang.Thread.run(Thread.java:748)
"pool-36-thread-26"  prio=5 tid=372 in Object.wait()
java.lang.Thread.State: WAITING (on object monitor)
        at sun.misc.Unsafe.park(Native Method)
        at java.util.concurrent.locks.LockSupport.park(LockSupport.java:175)
        at java.util.concurrent.locks.AbstractQueuedSynchronizer$ConditionObject.await(AbstractQueuedSynchronizer.java:2039)
        at java.util.concurrent.ArrayBlockingQueue.take(ArrayBlockingQueue.java:403)
        at java.util.concurrent.ThreadPoolExecutor.getTask(ThreadPoolExecutor.java:1074)
        at java.util.concurrent.ThreadPoolExecutor.runWorker(ThreadPoolExecutor.java:1134)
        at java.util.concurrent.ThreadPoolExecutor$Worker.run(ThreadPoolExecutor.java:624)
        at java.lang.Thread.run(Thread.java:748)
"pool-46-thread-50"  prio=5 tid=456 in Object.wait()
java.lang.Thread.State: WAITING (on object monitor)
        at sun.misc.Unsafe.park(Native Method)
        at java.util.concurrent.locks.LockSupport.park(LockSupport.java:175)
        at java.util.concurrent.locks.AbstractQueuedSynchronizer$ConditionObject.await(AbstractQueuedSynchronizer.java:2039)
        at java.util.concurrent.ArrayBlockingQueue.take(ArrayBlockingQueue.java:403)
        at java.util.concurrent.ThreadPoolExecutor.getTask(ThreadPoolExecutor.java:1074)
        at java.util.concurrent.ThreadPoolExecutor.runWorker(ThreadPoolExecutor.java:1134)
        at java.util.concurrent.ThreadPoolExecutor$Worker.run(ThreadPoolExecutor.java:624)
        at java.lang.Thread.run(Thread.java:748)
"IPC Server handler 8 on 46821" daemon prio=5 tid=57 timed_waiting
java.lang.Thread.State: TIMED_WAITING
        at sun.misc.Unsafe.park(Native Method)
        at java.util.concurrent.locks.LockSupport.parkNanos(LockSupport.java:215)
        at java.util.concurrent.locks.AbstractQueuedSynchronizer$ConditionObject.awaitNanos(AbstractQueuedSynchronizer.java:2078)
        at java.util.concurrent.LinkedBlockingQueue.poll(LinkedBlockingQueue.java:467)
        at org.apache.hadoop.ipc.CallQueueManager.take(CallQueueManager.java:288)
        at org.apache.hadoop.ipc.Server$Handler.run(Server.java:2668)
"metrics-hadoop-metrics2-reporter-22-thread-1" daemon prio=5 tid=663 timed_waiting
java.lang.Thread.State: TIMED_WAITING
        at sun.misc.Unsafe.park(Native Method)
        at java.util.concurrent.locks.LockSupport.parkNanos(LockSupport.java:215)
        at java.util.concurrent.locks.AbstractQueuedSynchronizer$ConditionObject.awaitNanos(AbstractQueuedSynchronizer.java:2078)
        at java.util.concurrent.ScheduledThreadPoolExecutor$DelayedWorkQueue.take(ScheduledThreadPoolExecutor.java:1093)
        at java.util.concurrent.ScheduledThreadPoolExecutor$DelayedWorkQueue.take(ScheduledThreadPoolExecutor.java:809)
        at java.util.concurrent.ThreadPoolExecutor.getTask(ThreadPoolExecutor.java:1074)
        at java.util.concurrent.ThreadPoolExecutor.runWorker(ThreadPoolExecutor.java:1134)
        at java.util.concurrent.ThreadPoolExecutor$Worker.run(ThreadPoolExecutor.java:624)
        at java.lang.Thread.run(Thread.java:748)
"IPC Server handler 12 on 46821" daemon prio=5 tid=61 timed_waiting
java.lang.Thread.State: TIMED_WAITING
        at sun.misc.Unsafe.park(Native Method)
        at java.util.concurrent.locks.LockSupport.parkNanos(LockSupport.java:215)
        at java.util.concurrent.locks.AbstractQueuedSynchronizer$ConditionObject.awaitNanos(AbstractQueuedSynchronizer.java:2078)
        at java.util.concurrent.LinkedBlockingQueue.poll(LinkedBlockingQueue.java:467)
        at org.apache.hadoop.ipc.CallQueueManager.take(CallQueueManager.java:288)
        at org.apache.hadoop.ipc.Server$Handler.run(Server.java:2668)
"pool-66-thread-27"  prio=5 tid=562 in Object.wait()
java.lang.Thread.State: WAITING (on object monitor)
        at sun.misc.Unsafe.park(Native Method)
        at java.util.concurrent.locks.LockSupport.park(LockSupport.java:175)
        at java.util.concurrent.locks.AbstractQueuedSynchronizer$ConditionObject.await(AbstractQueuedSynchronizer.java:2039)
        at java.util.concurrent.ArrayBlockingQueue.take(ArrayBlockingQueue.java:403)
        at java.util.concurrent.ThreadPoolExecutor.getTask(ThreadPoolExecutor.java:1074)
        at java.util.concurrent.ThreadPoolExecutor.runWorker(ThreadPoolExecutor.java:1134)
        at java.util.concurrent.ThreadPoolExecutor$Worker.run(ThreadPoolExecutor.java:624)
        at java.lang.Thread.run(Thread.java:748)
"IPC Server handler 7 on 46821" daemon prio=5 tid=56 timed_waiting
java.lang.Thread.State: TIMED_WAITING
        at sun.misc.Unsafe.park(Native Method)
        at java.util.concurrent.locks.LockSupport.parkNanos(LockSupport.java:215)
        at java.util.concurrent.locks.AbstractQueuedSynchronizer$ConditionObject.awaitNanos(AbstractQueuedSynchronizer.java:2078)
        at java.util.concurrent.LinkedBlockingQueue.poll(LinkedBlockingQueue.java:467)
        at org.apache.hadoop.ipc.CallQueueManager.take(CallQueueManager.java:288)
        at org.apache.hadoop.ipc.Server$Handler.run(Server.java:2668)
"Periodic HDDS volume checker"  prio=5 tid=152 timed_waiting
java.lang.Thread.State: TIMED_WAITING
        at sun.misc.Unsafe.park(Native Method)
        at java.util.concurrent.locks.LockSupport.parkNanos(LockSupport.java:215)
        at java.util.concurrent.locks.AbstractQueuedSynchronizer$ConditionObject.awaitNanos(AbstractQueuedSynchronizer.java:2078)
        at java.util.concurrent.ScheduledThreadPoolExecutor$DelayedWorkQueue.take(ScheduledThreadPoolExecutor.java:1093)
        at java.util.concurrent.ScheduledThreadPoolExecutor$DelayedWorkQueue.take(ScheduledThreadPoolExecutor.java:809)
        at java.util.concurrent.ThreadPoolExecutor.getTask(ThreadPoolExecutor.java:1074)
        at java.util.concurrent.ThreadPoolExecutor.runWorker(ThreadPoolExecutor.java:1134)
        at java.util.concurrent.ThreadPoolExecutor$Worker.run(ThreadPoolExecutor.java:624)
        at java.lang.Thread.run(Thread.java:748)
"metrics-hadoop-metrics2-reporter-46-thread-1" daemon prio=5 tid=811 timed_waiting
java.lang.Thread.State: TIMED_WAITING
        at sun.misc.Unsafe.park(Native Method)
        at java.util.concurrent.locks.LockSupport.parkNanos(LockSupport.java:215)
        at java.util.concurrent.locks.AbstractQueuedSynchronizer$ConditionObject.awaitNanos(AbstractQueuedSynchronizer.java:2078)
        at java.util.concurrent.ScheduledThreadPoolExecutor$DelayedWorkQueue.take(ScheduledThreadPoolExecutor.java:1093)
        at java.util.concurrent.ScheduledThreadPoolExecutor$DelayedWorkQueue.take(ScheduledThreadPoolExecutor.java:809)
        at java.util.concurrent.ThreadPoolExecutor.getTask(ThreadPoolExecutor.java:1074)
        at java.util.concurrent.ThreadPoolExecutor.runWorker(ThreadPoolExecutor.java:1134)
        at java.util.concurrent.ThreadPoolExecutor$Worker.run(ThreadPoolExecutor.java:624)
        at java.lang.Thread.run(Thread.java:748)
"qtp801142660-142" daemon prio=5 tid=142 timed_waiting
java.lang.Thread.State: TIMED_WAITING
        at sun.misc.Unsafe.park(Native Method)
        at java.util.concurrent.locks.LockSupport.parkNanos(LockSupport.java:215)
        at java.util.concurrent.locks.AbstractQueuedSynchronizer$ConditionObject.awaitNanos(AbstractQueuedSynchronizer.java:2078)
        at org.eclipse.jetty.util.BlockingArrayQueue.poll(BlockingArrayQueue.java:392)
        at org.eclipse.jetty.util.thread.QueuedThreadPool.idleJobPoll(QueuedThreadPool.java:563)
        at org.eclipse.jetty.util.thread.QueuedThreadPool.access$800(QueuedThreadPool.java:48)
        at org.eclipse.jetty.util.thread.QueuedThreadPool$2.run(QueuedThreadPool.java:626)
        at java.lang.Thread.run(Thread.java:748)
"metrics-hadoop-metrics2-reporter-37-thread-1" daemon prio=5 tid=721 timed_waiting
java.lang.Thread.State: TIMED_WAITING
        at sun.misc.Unsafe.park(Native Method)
        at java.util.concurrent.locks.LockSupport.parkNanos(LockSupport.java:215)
        at java.util.concurrent.locks.AbstractQueuedSynchronizer$ConditionObject.awaitNanos(AbstractQueuedSynchronizer.java:2078)
        at java.util.concurrent.ScheduledThreadPoolExecutor$DelayedWorkQueue.take(ScheduledThreadPoolExecutor.java:1093)
        at java.util.concurrent.ScheduledThreadPoolExecutor$DelayedWorkQueue.take(ScheduledThreadPoolExecutor.java:809)
        at java.util.concurrent.ThreadPoolExecutor.getTask(ThreadPoolExecutor.java:1074)
        at java.util.concurrent.ThreadPoolExecutor.runWorker(ThreadPoolExecutor.java:1134)
        at java.util.concurrent.ThreadPoolExecutor$Worker.run(ThreadPoolExecutor.java:624)
        at java.lang.Thread.run(Thread.java:748)
"IPC Server handler 9 on 33004" daemon prio=5 tid=78 timed_waiting
java.lang.Thread.State: TIMED_WAITING
        at sun.misc.Unsafe.park(Native Method)
        at java.util.concurrent.locks.LockSupport.parkNanos(LockSupport.java:215)
        at java.util.concurrent.locks.AbstractQueuedSynchronizer$ConditionObject.awaitNanos(AbstractQueuedSynchronizer.java:2078)
        at java.util.concurrent.LinkedBlockingQueue.poll(LinkedBlockingQueue.java:467)
        at org.apache.hadoop.ipc.CallQueueManager.take(CallQueueManager.java:288)
        at org.apache.hadoop.ipc.Server$Handler.run(Server.java:2668)
"pool-46-thread-26"  prio=5 tid=432 in Object.wait()
java.lang.Thread.State: WAITING (on object monitor)
        at sun.misc.Unsafe.park(Native Method)
        at java.util.concurrent.locks.LockSupport.park(LockSupport.java:175)
        at java.util.concurrent.locks.AbstractQueuedSynchronizer$ConditionObject.await(AbstractQueuedSynchronizer.java:2039)
        at java.util.concurrent.ArrayBlockingQueue.take(ArrayBlockingQueue.java:403)
        at java.util.concurrent.ThreadPoolExecutor.getTask(ThreadPoolExecutor.java:1074)
        at java.util.concurrent.ThreadPoolExecutor.runWorker(ThreadPoolExecutor.java:1134)
        at java.util.concurrent.ThreadPoolExecutor$Worker.run(ThreadPoolExecutor.java:624)
        at java.lang.Thread.run(Thread.java:748)
"IPC Server handler 11 on 35444" daemon prio=5 tid=125 timed_waiting
java.lang.Thread.State: TIMED_WAITING
        at sun.misc.Unsafe.park(Native Method)
        at java.util.concurrent.locks.LockSupport.parkNanos(LockSupport.java:215)
        at java.util.concurrent.locks.AbstractQueuedSynchronizer$ConditionObject.awaitNanos(AbstractQueuedSynchronizer.java:2078)
        at java.util.concurrent.LinkedBlockingQueue.poll(LinkedBlockingQueue.java:467)
        at org.apache.hadoop.ipc.CallQueueManager.take(CallQueueManager.java:288)
        at org.apache.hadoop.ipc.Server$Handler.run(Server.java:2668)
"metrics-hadoop-metrics2-reporter-21-thread-1" daemon prio=5 tid=662 timed_waiting
java.lang.Thread.State: TIMED_WAITING
        at sun.misc.Unsafe.park(Native Method)
        at java.util.concurrent.locks.LockSupport.parkNanos(LockSupport.java:215)
        at java.util.concurrent.locks.AbstractQueuedSynchronizer$ConditionObject.awaitNanos(AbstractQueuedSynchronizer.java:2078)
        at java.util.concurrent.ScheduledThreadPoolExecutor$DelayedWorkQueue.take(ScheduledThreadPoolExecutor.java:1093)
        at java.util.concurrent.ScheduledThreadPoolExecutor$DelayedWorkQueue.take(ScheduledThreadPoolExecutor.java:809)
        at java.util.concurrent.ThreadPoolExecutor.getTask(ThreadPoolExecutor.java:1074)
        at java.util.concurrent.ThreadPoolExecutor.runWorker(ThreadPoolExecutor.java:1134)
        at java.util.concurrent.ThreadPoolExecutor$Worker.run(ThreadPoolExecutor.java:624)
        at java.lang.Thread.run(Thread.java:748)
"IPC Server handler 2 on 35444" daemon prio=5 tid=116 timed_waiting
java.lang.Thread.State: TIMED_WAITING
        at sun.misc.Unsafe.park(Native Method)
        at java.util.concurrent.locks.LockSupport.parkNanos(LockSupport.java:215)
        at java.util.concurrent.locks.AbstractQueuedSynchronizer$ConditionObject.awaitNanos(AbstractQueuedSynchronizer.java:2078)
        at java.util.concurrent.LinkedBlockingQueue.poll(LinkedBlockingQueue.java:467)
        at org.apache.hadoop.ipc.CallQueueManager.take(CallQueueManager.java:288)
        at org.apache.hadoop.ipc.Server$Handler.run(Server.java:2668)
"pool-56-thread-60"  prio=5 tid=533 in Object.wait()
java.lang.Thread.State: WAITING (on object monitor)
        at sun.misc.Unsafe.park(Native Method)
        at java.util.concurrent.locks.LockSupport.park(LockSupport.java:175)
        at java.util.concurrent.locks.AbstractQueuedSynchronizer$ConditionObject.await(AbstractQueuedSynchronizer.java:2039)
        at java.util.concurrent.ArrayBlockingQueue.take(ArrayBlockingQueue.java:403)
        at java.util.concurrent.ThreadPoolExecutor.getTask(ThreadPoolExecutor.java:1074)
        at java.util.concurrent.ThreadPoolExecutor.runWorker(ThreadPoolExecutor.java:1134)
        at java.util.concurrent.ThreadPoolExecutor$Worker.run(ThreadPoolExecutor.java:624)
        at java.lang.Thread.run(Thread.java:748)
"org.eclipse.jetty.server.session.HashSessionManager@2a4f5433Timer" daemon prio=5 tid=277 timed_waiting
java.lang.Thread.State: TIMED_WAITING
        at sun.misc.Unsafe.park(Native Method)
        at java.util.concurrent.locks.LockSupport.parkNanos(LockSupport.java:215)
        at java.util.concurrent.locks.AbstractQueuedSynchronizer$ConditionObject.awaitNanos(AbstractQueuedSynchronizer.java:2078)
        at java.util.concurrent.ScheduledThreadPoolExecutor$DelayedWorkQueue.take(ScheduledThreadPoolExecutor.java:1093)
        at java.util.concurrent.ScheduledThreadPoolExecutor$DelayedWorkQueue.take(ScheduledThreadPoolExecutor.java:809)
        at java.util.concurrent.ThreadPoolExecutor.getTask(ThreadPoolExecutor.java:1074)
        at java.util.concurrent.ThreadPoolExecutor.runWorker(ThreadPoolExecutor.java:1134)
        at java.util.concurrent.ThreadPoolExecutor$Worker.run(ThreadPoolExecutor.java:624)
        at java.lang.Thread.run(Thread.java:748)
"qtp650859015-159" daemon prio=5 tid=159 runnable
java.lang.Thread.State: RUNNABLE
        at sun.nio.ch.EPollArrayWrapper.epollWait(Native Method)
        at sun.nio.ch.EPollArrayWrapper.poll(EPollArrayWrapper.java:269)
        at sun.nio.ch.EPollSelectorImpl.doSelect(EPollSelectorImpl.java:93)
        at sun.nio.ch.SelectorImpl.lockAndDoSelect(SelectorImpl.java:86)
        at sun.nio.ch.SelectorImpl.select(SelectorImpl.java:97)
        at sun.nio.ch.SelectorImpl.select(SelectorImpl.java:101)
        at org.eclipse.jetty.io.ManagedSelector$SelectorProducer.select(ManagedSelector.java:243)
        at org.eclipse.jetty.io.ManagedSelector$SelectorProducer.produce(ManagedSelector.java:191)
        at org.eclipse.jetty.util.thread.strategy.ExecuteProduceConsume.executeProduceConsume(ExecuteProduceConsume.java:249)
        at org.eclipse.jetty.util.thread.strategy.ExecuteProduceConsume.produceConsume(ExecuteProduceConsume.java:148)
        at org.eclipse.jetty.util.thread.strategy.ExecuteProduceConsume.execute(ExecuteProduceConsume.java:100)
        at org.eclipse.jetty.io.ManagedSelector.run(ManagedSelector.java:147)
        at org.eclipse.jetty.util.thread.QueuedThreadPool.runJob(QueuedThreadPool.java:671)
        at org.eclipse.jetty.util.thread.QueuedThreadPool$2.run(QueuedThreadPool.java:589)
        at java.lang.Thread.run(Thread.java:748)
"pool-36-thread-35"  prio=5 tid=381 in Object.wait()
java.lang.Thread.State: WAITING (on object monitor)
        at sun.misc.Unsafe.park(Native Method)
        at java.util.concurrent.locks.LockSupport.park(LockSupport.java:175)
        at java.util.concurrent.locks.AbstractQueuedSynchronizer$ConditionObject.await(AbstractQueuedSynchronizer.java:2039)
        at java.util.concurrent.ArrayBlockingQueue.take(ArrayBlockingQueue.java:403)
        at java.util.concurrent.ThreadPoolExecutor.getTask(ThreadPoolExecutor.java:1074)
        at java.util.concurrent.ThreadPoolExecutor.runWorker(ThreadPoolExecutor.java:1134)
        at java.util.concurrent.ThreadPoolExecutor$Worker.run(ThreadPoolExecutor.java:624)
        at java.lang.Thread.run(Thread.java:748)
"pool-36-thread-2"  prio=5 tid=348 in Object.wait()
java.lang.Thread.State: WAITING (on object monitor)
        at sun.misc.Unsafe.park(Native Method)
        at java.util.concurrent.locks.LockSupport.park(LockSupport.java:175)
        at java.util.concurrent.locks.AbstractQueuedSynchronizer$ConditionObject.await(AbstractQueuedSynchronizer.java:2039)
        at java.util.concurrent.ArrayBlockingQueue.take(ArrayBlockingQueue.java:403)
        at java.util.concurrent.ThreadPoolExecutor.getTask(ThreadPoolExecutor.java:1074)
        at java.util.concurrent.ThreadPoolExecutor.runWorker(ThreadPoolExecutor.java:1134)
        at java.util.concurrent.ThreadPoolExecutor$Worker.run(ThreadPoolExecutor.java:624)
        at java.lang.Thread.run(Thread.java:748)
"IPC Server handler 17 on 46821" daemon prio=5 tid=66 timed_waiting
java.lang.Thread.State: TIMED_WAITING
        at sun.misc.Unsafe.park(Native Method)
        at java.util.concurrent.locks.LockSupport.parkNanos(LockSupport.java:215)
        at java.util.concurrent.locks.AbstractQueuedSynchronizer$ConditionObject.awaitNanos(AbstractQueuedSynchronizer.java:2078)
        at java.util.concurrent.LinkedBlockingQueue.poll(LinkedBlockingQueue.java:467)
        at org.apache.hadoop.ipc.CallQueueManager.take(CallQueueManager.java:288)
        at org.apache.hadoop.ipc.Server$Handler.run(Server.java:2668)
"pool-36-thread-1"  prio=5 tid=347 in Object.wait()
java.lang.Thread.State: WAITING (on object monitor)
        at sun.misc.Unsafe.park(Native Method)
        at java.util.concurrent.locks.LockSupport.park(LockSupport.java:175)
        at java.util.concurrent.locks.AbstractQueuedSynchronizer$ConditionObject.await(AbstractQueuedSynchronizer.java:2039)
        at java.util.concurrent.ArrayBlockingQueue.take(ArrayBlockingQueue.java:403)
        at java.util.concurrent.ThreadPoolExecutor.getTask(ThreadPoolExecutor.java:1074)
        at java.util.concurrent.ThreadPoolExecutor.runWorker(ThreadPoolExecutor.java:1134)
        at java.util.concurrent.ThreadPoolExecutor$Worker.run(ThreadPoolExecutor.java:624)
        at java.lang.Thread.run(Thread.java:748)
"pool-46-thread-8"  prio=5 tid=414 in Object.wait()
java.lang.Thread.State: WAITING (on object monitor)
        at sun.misc.Unsafe.park(Native Method)
        at java.util.concurrent.locks.LockSupport.park(LockSupport.java:175)
        at java.util.concurrent.locks.AbstractQueuedSynchronizer$ConditionObject.await(AbstractQueuedSynchronizer.java:2039)
        at java.util.concurrent.ArrayBlockingQueue.take(ArrayBlockingQueue.java:403)
        at java.util.concurrent.ThreadPoolExecutor.getTask(ThreadPoolExecutor.java:1074)
        at java.util.concurrent.ThreadPoolExecutor.runWorker(ThreadPoolExecutor.java:1134)
        at java.util.concurrent.ThreadPoolExecutor$Worker.run(ThreadPoolExecutor.java:624)
        at java.lang.Thread.run(Thread.java:748)
"org.eclipse.jetty.server.session.HashSessionManager@3277e499Timer" daemon prio=5 tid=97 timed_waiting
java.lang.Thread.State: TIMED_WAITING
        at sun.misc.Unsafe.park(Native Method)
        at java.util.concurrent.locks.LockSupport.parkNanos(LockSupport.java:215)
        at java.util.concurrent.locks.AbstractQueuedSynchronizer$ConditionObject.awaitNanos(AbstractQueuedSynchronizer.java:2078)
        at java.util.concurrent.ScheduledThreadPoolExecutor$DelayedWorkQueue.take(ScheduledThreadPoolExecutor.java:1093)
        at java.util.concurrent.ScheduledThreadPoolExecutor$DelayedWorkQueue.take(ScheduledThreadPoolExecutor.java:809)
        at java.util.concurrent.ThreadPoolExecutor.getTask(ThreadPoolExecutor.java:1074)
        at java.util.concurrent.ThreadPoolExecutor.runWorker(ThreadPoolExecutor.java:1134)
        at java.util.concurrent.ThreadPoolExecutor$Worker.run(ThreadPoolExecutor.java:624)
        at java.lang.Thread.run(Thread.java:748)
"IPC Server handler 6 on 46821" daemon prio=5 tid=55 timed_waiting
java.lang.Thread.State: TIMED_WAITING
        at sun.misc.Unsafe.park(Native Method)
        at java.util.concurrent.locks.LockSupport.parkNanos(LockSupport.java:215)
        at java.util.concurrent.locks.AbstractQueuedSynchronizer$ConditionObject.awaitNanos(AbstractQueuedSynchronizer.java:2078)
        at java.util.concurrent.LinkedBlockingQueue.poll(LinkedBlockingQueue.java:467)
        at org.apache.hadoop.ipc.CallQueueManager.take(CallQueueManager.java:288)
        at org.apache.hadoop.ipc.Server$Handler.run(Server.java:2668)
"pool-66-thread-51"  prio=5 tid=586 in Object.wait()
java.lang.Thread.State: WAITING (on object monitor)
        at sun.misc.Unsafe.park(Native Method)
        at java.util.concurrent.locks.LockSupport.park(LockSupport.java:175)
        at java.util.concurrent.locks.AbstractQueuedSynchronizer$ConditionObject.await(AbstractQueuedSynchronizer.java:2039)
        at java.util.concurrent.ArrayBlockingQueue.take(ArrayBlockingQueue.java:403)
        at java.util.concurrent.ThreadPoolExecutor.getTask(ThreadPoolExecutor.java:1074)
        at java.util.concurrent.ThreadPoolExecutor.runWorker(ThreadPoolExecutor.java:1134)
        at java.util.concurrent.ThreadPoolExecutor$Worker.run(ThreadPoolExecutor.java:624)
        at java.lang.Thread.run(Thread.java:748)
"pool-66-thread-3"  prio=5 tid=538 in Object.wait()
java.lang.Thread.State: WAITING (on object monitor)
        at sun.misc.Unsafe.park(Native Method)
        at java.util.concurrent.locks.LockSupport.park(LockSupport.java:175)
        at java.util.concurrent.locks.AbstractQueuedSynchronizer$ConditionObject.await(AbstractQueuedSynchronizer.java:2039)
        at java.util.concurrent.ArrayBlockingQueue.take(ArrayBlockingQueue.java:403)
        at java.util.concurrent.ThreadPoolExecutor.getTask(ThreadPoolExecutor.java:1074)
        at java.util.concurrent.ThreadPoolExecutor.runWorker(ThreadPoolExecutor.java:1134)
        at java.util.concurrent.ThreadPoolExecutor$Worker.run(ThreadPoolExecutor.java:624)
        at java.lang.Thread.run(Thread.java:748)
"IPC Server handler 10 on 33004" daemon prio=5 tid=79 timed_waiting
java.lang.Thread.State: TIMED_WAITING
        at sun.misc.Unsafe.park(Native Method)
        at java.util.concurrent.locks.LockSupport.parkNanos(LockSupport.java:215)
        at java.util.concurrent.locks.AbstractQueuedSynchronizer$ConditionObject.awaitNanos(AbstractQueuedSynchronizer.java:2078)
        at java.util.concurrent.LinkedBlockingQueue.poll(LinkedBlockingQueue.java:467)
        at org.apache.hadoop.ipc.CallQueueManager.take(CallQueueManager.java:288)
        at org.apache.hadoop.ipc.Server$Handler.run(Server.java:2668)
"metrics-hadoop-metrics2-reporter-3-thread-1" daemon prio=5 tid=617 timed_waiting
java.lang.Thread.State: TIMED_WAITING
        at sun.misc.Unsafe.park(Native Method)
        at java.util.concurrent.locks.LockSupport.parkNanos(LockSupport.java:215)
        at java.util.concurrent.locks.AbstractQueuedSynchronizer$ConditionObject.awaitNanos(AbstractQueuedSynchronizer.java:2078)
        at java.util.concurrent.ScheduledThreadPoolExecutor$DelayedWorkQueue.take(ScheduledThreadPoolExecutor.java:1093)
        at java.util.concurrent.ScheduledThreadPoolExecutor$DelayedWorkQueue.take(ScheduledThreadPoolExecutor.java:809)
        at java.util.concurrent.ThreadPoolExecutor.getTask(ThreadPoolExecutor.java:1074)
        at java.util.concurrent.ThreadPoolExecutor.runWorker(ThreadPoolExecutor.java:1134)
        at java.util.concurrent.ThreadPoolExecutor$Worker.run(ThreadPoolExecutor.java:624)
        at java.lang.Thread.run(Thread.java:748)
"qtp1043358826-89" daemon prio=5 tid=89 runnable
java.lang.Thread.State: RUNNABLE
        at sun.nio.ch.EPollArrayWrapper.epollWait(Native Method)
        at sun.nio.ch.EPollArrayWrapper.poll(EPollArrayWrapper.java:269)
        at sun.nio.ch.EPollSelectorImpl.doSelect(EPollSelectorImpl.java:93)
        at sun.nio.ch.SelectorImpl.lockAndDoSelect(SelectorImpl.java:86)
        at sun.nio.ch.SelectorImpl.select(SelectorImpl.java:97)
        at sun.nio.ch.SelectorImpl.select(SelectorImpl.java:101)
        at org.eclipse.jetty.io.ManagedSelector$SelectorProducer.select(ManagedSelector.java:243)
        at org.eclipse.jetty.io.ManagedSelector$SelectorProducer.produce(ManagedSelector.java:191)
        at org.eclipse.jetty.util.thread.strategy.ExecuteProduceConsume.executeProduceConsume(ExecuteProduceConsume.java:249)
        at org.eclipse.jetty.util.thread.strategy.ExecuteProduceConsume.produceConsume(ExecuteProduceConsume.java:148)
        at org.eclipse.jetty.util.thread.strategy.ExecuteProduceConsume.execute(ExecuteProduceConsume.java:100)
        at org.eclipse.jetty.io.ManagedSelector.run(ManagedSelector.java:147)
        at org.eclipse.jetty.util.thread.QueuedThreadPool.runJob(QueuedThreadPool.java:671)
        at org.eclipse.jetty.util.thread.QueuedThreadPool$2.run(QueuedThreadPool.java:589)
        at java.lang.Thread.run(Thread.java:748)
"IPC Server handler 12 on 40923" daemon prio=5 tid=41 timed_waiting
java.lang.Thread.State: TIMED_WAITING
        at sun.misc.Unsafe.park(Native Method)
        at java.util.concurrent.locks.LockSupport.parkNanos(LockSupport.java:215)
        at java.util.concurrent.locks.AbstractQueuedSynchronizer$ConditionObject.awaitNanos(AbstractQueuedSynchronizer.java:2078)
        at java.util.concurrent.LinkedBlockingQueue.poll(LinkedBlockingQueue.java:467)
        at org.apache.hadoop.ipc.CallQueueManager.take(CallQueueManager.java:288)
        at org.apache.hadoop.ipc.Server$Handler.run(Server.java:2668)
"pool-56-thread-54"  prio=5 tid=527 in Object.wait()
java.lang.Thread.State: WAITING (on object monitor)
        at sun.misc.Unsafe.park(Native Method)
        at java.util.concurrent.locks.LockSupport.park(LockSupport.java:175)
        at java.util.concurrent.locks.AbstractQueuedSynchronizer$ConditionObject.await(AbstractQueuedSynchronizer.java:2039)
        at java.util.concurrent.ArrayBlockingQueue.take(ArrayBlockingQueue.java:403)
        at java.util.concurrent.ThreadPoolExecutor.getTask(ThreadPoolExecutor.java:1074)
        at java.util.concurrent.ThreadPoolExecutor.runWorker(ThreadPoolExecutor.java:1134)
        at java.util.concurrent.ThreadPoolExecutor$Worker.run(ThreadPoolExecutor.java:624)
        at java.lang.Thread.run(Thread.java:748)
"Thread-231" daemon prio=5 tid=668 timed_waiting
java.lang.Thread.State: TIMED_WAITING
        at sun.misc.Unsafe.park(Native Method)
        at java.util.concurrent.locks.LockSupport.parkNanos(LockSupport.java:215)
        at java.util.concurrent.locks.AbstractQueuedSynchronizer$ConditionObject.awaitNanos(AbstractQueuedSynchronizer.java:2078)
        at java.util.concurrent.ArrayBlockingQueue.poll(ArrayBlockingQueue.java:418)
        at org.apache.ratis.server.impl.LeaderState$EventQueue.poll(LeaderState.java:115)
        at org.apache.ratis.server.impl.LeaderState$EventProcessor.run(LeaderState.java:467)
"pool-56-thread-22"  prio=5 tid=495 in Object.wait()
java.lang.Thread.State: WAITING (on object monitor)
        at sun.misc.Unsafe.park(Native Method)
        at java.util.concurrent.locks.LockSupport.park(LockSupport.java:175)
        at java.util.concurrent.locks.AbstractQueuedSynchronizer$ConditionObject.await(AbstractQueuedSynchronizer.java:2039)
        at java.util.concurrent.ArrayBlockingQueue.take(ArrayBlockingQueue.java:403)
        at java.util.concurrent.ThreadPoolExecutor.getTask(ThreadPoolExecutor.java:1074)
        at java.util.concurrent.ThreadPoolExecutor.runWorker(ThreadPoolExecutor.java:1134)
        at java.util.concurrent.ThreadPoolExecutor$Worker.run(ThreadPoolExecutor.java:624)
        at java.lang.Thread.run(Thread.java:748)
"pool-66-thread-52"  prio=5 tid=587 in Object.wait()
java.lang.Thread.State: WAITING (on object monitor)
        at sun.misc.Unsafe.park(Native Method)
        at java.util.concurrent.locks.LockSupport.park(LockSupport.java:175)
        at java.util.concurrent.locks.AbstractQueuedSynchronizer$ConditionObject.await(AbstractQueuedSynchronizer.java:2039)
        at java.util.concurrent.ArrayBlockingQueue.take(ArrayBlockingQueue.java:403)
        at java.util.concurrent.ThreadPoolExecutor.getTask(ThreadPoolExecutor.java:1074)
        at java.util.concurrent.ThreadPoolExecutor.runWorker(ThreadPoolExecutor.java:1134)
        at java.util.concurrent.ThreadPoolExecutor$Worker.run(ThreadPoolExecutor.java:624)
        at java.lang.Thread.run(Thread.java:748)
"pool-46-thread-30"  prio=5 tid=436 in Object.wait()
java.lang.Thread.State: WAITING (on object monitor)
        at sun.misc.Unsafe.park(Native Method)
        at java.util.concurrent.locks.LockSupport.park(LockSupport.java:175)
        at java.util.concurrent.locks.AbstractQueuedSynchronizer$ConditionObject.await(AbstractQueuedSynchronizer.java:2039)
        at java.util.concurrent.ArrayBlockingQueue.take(ArrayBlockingQueue.java:403)
        at java.util.concurrent.ThreadPoolExecutor.getTask(ThreadPoolExecutor.java:1074)
        at java.util.concurrent.ThreadPoolExecutor.runWorker(ThreadPoolExecutor.java:1134)
        at java.util.concurrent.ThreadPoolExecutor$Worker.run(ThreadPoolExecutor.java:624)
        at java.lang.Thread.run(Thread.java:748)
"pool-26-thread-49"  prio=5 tid=335 in Object.wait()
java.lang.Thread.State: WAITING (on object monitor)
        at sun.misc.Unsafe.park(Native Method)
        at java.util.concurrent.locks.LockSupport.park(LockSupport.java:175)
        at java.util.concurrent.locks.AbstractQueuedSynchronizer$ConditionObject.await(AbstractQueuedSynchronizer.java:2039)
        at java.util.concurrent.ArrayBlockingQueue.take(ArrayBlockingQueue.java:403)
        at java.util.concurrent.ThreadPoolExecutor.getTask(ThreadPoolExecutor.java:1074)
        at java.util.concurrent.ThreadPoolExecutor.runWorker(ThreadPoolExecutor.java:1134)
        at java.util.concurrent.ThreadPoolExecutor$Worker.run(ThreadPoolExecutor.java:624)
        at java.lang.Thread.run(Thread.java:748)
"ReplicationMonitor" daemon prio=5 tid=774 timed_waiting
java.lang.Thread.State: TIMED_WAITING
        at java.lang.Object.wait(Native Method)
        at org.apache.hadoop.hdds.scm.container.ReplicationManager.run(ReplicationManager.java:229)
        at org.apache.hadoop.hdds.scm.container.ReplicationManager$$Lambda$450/1670599653.run(Unknown Source)
        at java.lang.Thread.run(Thread.java:748)
"grpc-default-executor-3" daemon prio=5 tid=718 timed_waiting
java.lang.Thread.State: TIMED_WAITING
        at sun.misc.Unsafe.park(Native Method)
        at java.util.concurrent.locks.LockSupport.parkNanos(LockSupport.java:215)
        at java.util.concurrent.SynchronousQueue$TransferStack.awaitFulfill(SynchronousQueue.java:460)
        at java.util.concurrent.SynchronousQueue$TransferStack.transfer(SynchronousQueue.java:362)
        at java.util.concurrent.SynchronousQueue.poll(SynchronousQueue.java:941)
        at java.util.concurrent.ThreadPoolExecutor.getTask(ThreadPoolExecutor.java:1073)
        at java.util.concurrent.ThreadPoolExecutor.runWorker(ThreadPoolExecutor.java:1134)
        at java.util.concurrent.ThreadPoolExecutor$Worker.run(ThreadPoolExecutor.java:624)
        at java.lang.Thread.run(Thread.java:748)
"IPC Server idle connection scanner for port 40923" daemon prio=5 tid=24 timed_waiting
java.lang.Thread.State: TIMED_WAITING
        at java.lang.Object.wait(Native Method)
        at java.util.TimerThread.mainLoop(Timer.java:552)
        at java.util.TimerThread.run(Timer.java:505)
"pool-66-thread-56"  prio=5 tid=591 in Object.wait()
java.lang.Thread.State: WAITING (on object monitor)
        at sun.misc.Unsafe.park(Native Method)
        at java.util.concurrent.locks.LockSupport.park(LockSupport.java:175)
        at java.util.concurrent.locks.AbstractQueuedSynchronizer$ConditionObject.await(AbstractQueuedSynchronizer.java:2039)
        at java.util.concurrent.ArrayBlockingQueue.take(ArrayBlockingQueue.java:403)
        at java.util.concurrent.ThreadPoolExecutor.getTask(ThreadPoolExecutor.java:1074)
        at java.util.concurrent.ThreadPoolExecutor.runWorker(ThreadPoolExecutor.java:1134)
        at java.util.concurrent.ThreadPoolExecutor$Worker.run(ThreadPoolExecutor.java:624)
        at java.lang.Thread.run(Thread.java:748)
"pool-36-thread-28"  prio=5 tid=374 in Object.wait()
java.lang.Thread.State: WAITING (on object monitor)
        at sun.misc.Unsafe.park(Native Method)
        at java.util.concurrent.locks.LockSupport.park(LockSupport.java:175)
        at java.util.concurrent.locks.AbstractQueuedSynchronizer$ConditionObject.await(AbstractQueuedSynchronizer.java:2039)
        at java.util.concurrent.ArrayBlockingQueue.take(ArrayBlockingQueue.java:403)
        at java.util.concurrent.ThreadPoolExecutor.getTask(ThreadPoolExecutor.java:1074)
        at java.util.concurrent.ThreadPoolExecutor.runWorker(ThreadPoolExecutor.java:1134)
        at java.util.concurrent.ThreadPoolExecutor$Worker.run(ThreadPoolExecutor.java:624)
        at java.lang.Thread.run(Thread.java:748)
"pool-56-thread-11"  prio=5 tid=484 in Object.wait()
java.lang.Thread.State: WAITING (on object monitor)
        at sun.misc.Unsafe.park(Native Method)
        at java.util.concurrent.locks.LockSupport.park(LockSupport.java:175)
        at java.util.concurrent.locks.AbstractQueuedSynchronizer$ConditionObject.await(AbstractQueuedSynchronizer.java:2039)
        at java.util.concurrent.ArrayBlockingQueue.take(ArrayBlockingQueue.java:403)
        at java.util.concurrent.ThreadPoolExecutor.getTask(ThreadPoolExecutor.java:1074)
        at java.util.concurrent.ThreadPoolExecutor.runWorker(ThreadPoolExecutor.java:1134)
        at java.util.concurrent.ThreadPoolExecutor$Worker.run(ThreadPoolExecutor.java:624)
        at java.lang.Thread.run(Thread.java:748)
"IPC Server handler 15 on 46821" daemon prio=5 tid=64 timed_waiting
java.lang.Thread.State: TIMED_WAITING
        at sun.misc.Unsafe.park(Native Method)
        at java.util.concurrent.locks.LockSupport.parkNanos(LockSupport.java:215)
        at java.util.concurrent.locks.AbstractQueuedSynchronizer$ConditionObject.awaitNanos(AbstractQueuedSynchronizer.java:2078)
        at java.util.concurrent.LinkedBlockingQueue.poll(LinkedBlockingQueue.java:467)
        at org.apache.hadoop.ipc.CallQueueManager.take(CallQueueManager.java:288)
        at org.apache.hadoop.ipc.Server$Handler.run(Server.java:2668)
"SCM Heartbeat Processing Thread - 0" daemon prio=5 tid=13 timed_waiting
java.lang.Thread.State: TIMED_WAITING
        at sun.misc.Unsafe.park(Native Method)
        at java.util.concurrent.locks.LockSupport.parkNanos(LockSupport.java:215)
        at java.util.concurrent.locks.AbstractQueuedSynchronizer$ConditionObject.awaitNanos(AbstractQueuedSynchronizer.java:2078)
        at java.util.concurrent.ScheduledThreadPoolExecutor$DelayedWorkQueue.take(ScheduledThreadPoolExecutor.java:1093)
        at java.util.concurrent.ScheduledThreadPoolExecutor$DelayedWorkQueue.take(ScheduledThreadPoolExecutor.java:809)
        at java.util.concurrent.ThreadPoolExecutor.getTask(ThreadPoolExecutor.java:1074)
        at java.util.concurrent.ThreadPoolExecutor.runWorker(ThreadPoolExecutor.java:1134)
        at java.util.concurrent.ThreadPoolExecutor$Worker.run(ThreadPoolExecutor.java:624)
        at java.lang.Thread.run(Thread.java:748)
"pool-36-thread-21"  prio=5 tid=367 in Object.wait()
java.lang.Thread.State: WAITING (on object monitor)
        at sun.misc.Unsafe.park(Native Method)
        at java.util.concurrent.locks.LockSupport.park(LockSupport.java:175)
        at java.util.concurrent.locks.AbstractQueuedSynchronizer$ConditionObject.await(AbstractQueuedSynchronizer.java:2039)
        at java.util.concurrent.ArrayBlockingQueue.take(ArrayBlockingQueue.java:403)
        at java.util.concurrent.ThreadPoolExecutor.getTask(ThreadPoolExecutor.java:1074)
        at java.util.concurrent.ThreadPoolExecutor.runWorker(ThreadPoolExecutor.java:1134)
        at java.util.concurrent.ThreadPoolExecutor$Worker.run(ThreadPoolExecutor.java:624)
        at java.lang.Thread.run(Thread.java:748)
"pool-44-thread-1" daemon prio=5 tid=210 timed_waiting
java.lang.Thread.State: TIMED_WAITING
        at sun.misc.Unsafe.park(Native Method)
        at java.util.concurrent.locks.LockSupport.parkNanos(LockSupport.java:215)
        at java.util.concurrent.locks.AbstractQueuedSynchronizer$ConditionObject.awaitNanos(AbstractQueuedSynchronizer.java:2078)
        at java.util.concurrent.ScheduledThreadPoolExecutor$DelayedWorkQueue.take(ScheduledThreadPoolExecutor.java:1093)
        at java.util.concurrent.ScheduledThreadPoolExecutor$DelayedWorkQueue.take(ScheduledThreadPoolExecutor.java:809)
        at java.util.concurrent.ThreadPoolExecutor.getTask(ThreadPoolExecutor.java:1074)
        at java.util.concurrent.ThreadPoolExecutor.runWorker(ThreadPoolExecutor.java:1134)
        at java.util.concurrent.ThreadPoolExecutor$Worker.run(ThreadPoolExecutor.java:624)
        at java.lang.Thread.run(Thread.java:748)
"pool-26-thread-34"  prio=5 tid=320 in Object.wait()
java.lang.Thread.State: WAITING (on object monitor)
        at sun.misc.Unsafe.park(Native Method)
        at java.util.concurrent.locks.LockSupport.park(LockSupport.java:175)
        at java.util.concurrent.locks.AbstractQueuedSynchronizer$ConditionObject.await(AbstractQueuedSynchronizer.java:2039)
        at java.util.concurrent.ArrayBlockingQueue.take(ArrayBlockingQueue.java:403)
        at java.util.concurrent.ThreadPoolExecutor.getTask(ThreadPoolExecutor.java:1074)
        at java.util.concurrent.ThreadPoolExecutor.runWorker(ThreadPoolExecutor.java:1134)
        at java.util.concurrent.ThreadPoolExecutor$Worker.run(ThreadPoolExecutor.java:624)
        at java.lang.Thread.run(Thread.java:748)
"Thread-2828" daemon prio=5 tid=3304 timed_waiting
java.lang.Thread.State: TIMED_WAITING
        at java.lang.Thread.sleep(Native Method)
        at org.apache.ratis.util.JavaUtils.sleep(JavaUtils.java:247)
        at org.apache.ratis.server.impl.FollowerState.run(FollowerState.java:97)
"Datanode ReportManager Thread - 3" daemon prio=5 tid=174 timed_waiting
java.lang.Thread.State: TIMED_WAITING
        at sun.misc.Unsafe.park(Native Method)
        at java.util.concurrent.locks.LockSupport.parkNanos(LockSupport.java:215)
        at java.util.concurrent.locks.AbstractQueuedSynchronizer$ConditionObject.awaitNanos(AbstractQueuedSynchronizer.java:2078)
        at java.util.concurrent.ScheduledThreadPoolExecutor$DelayedWorkQueue.take(ScheduledThreadPoolExecutor.java:1093)
        at java.util.concurrent.ScheduledThreadPoolExecutor$DelayedWorkQueue.take(ScheduledThreadPoolExecutor.java:809)
        at java.util.concurrent.ThreadPoolExecutor.getTask(ThreadPoolExecutor.java:1074)
        at java.util.concurrent.ThreadPoolExecutor.runWorker(ThreadPoolExecutor.java:1134)
        at java.util.concurrent.ThreadPoolExecutor$Worker.run(ThreadPoolExecutor.java:624)
        at java.lang.Thread.run(Thread.java:748)
"IPC Server handler 16 on 46821" daemon prio=5 tid=65 timed_waiting
java.lang.Thread.State: TIMED_WAITING
        at sun.misc.Unsafe.park(Native Method)
        at java.util.concurrent.locks.LockSupport.parkNanos(LockSupport.java:215)
        at java.util.concurrent.locks.AbstractQueuedSynchronizer$ConditionObject.awaitNanos(AbstractQueuedSynchronizer.java:2078)
        at java.util.concurrent.LinkedBlockingQueue.poll(LinkedBlockingQueue.java:467)
        at org.apache.hadoop.ipc.CallQueueManager.take(CallQueueManager.java:288)
        at org.apache.hadoop.ipc.Server$Handler.run(Server.java:2668)
"qtp1003663195-241-acceptor-0@6198041c-ServerConnector@48b4a043{HTTP/1.1,[http/1.1]}{0.0.0.0:46653}" daemon prio=3 tid=241 runnable
java.lang.Thread.State: RUNNABLE
        at sun.nio.ch.ServerSocketChannelImpl.accept0(Native Method)
        at sun.nio.ch.ServerSocketChannelImpl.accept(ServerSocketChannelImpl.java:422)
        at sun.nio.ch.ServerSocketChannelImpl.accept(ServerSocketChannelImpl.java:250)
        at org.eclipse.jetty.server.ServerConnector.accept(ServerConnector.java:397)
        at org.eclipse.jetty.server.AbstractConnector$Acceptor.run(AbstractConnector.java:601)
        at org.eclipse.jetty.util.thread.QueuedThreadPool.runJob(QueuedThreadPool.java:671)
        at org.eclipse.jetty.util.thread.QueuedThreadPool$2.run(QueuedThreadPool.java:589)
        at java.lang.Thread.run(Thread.java:748)
"refreshUsed-/workdir/hadoop-ozone/ozonefs/target/test-dir/MiniOzoneClusterImpl-d26aec2b-09c1-4f88-9204-0bb43e71ee01/datanode-4/data/containers" daemon prio=5 tid=262 timed_waiting
java.lang.Thread.State: TIMED_WAITING
        at java.lang.Thread.sleep(Native Method)
        at org.apache.hadoop.fs.CachingGetSpaceUsed$RefreshThread.run(CachingGetSpaceUsed.java:179)
        at java.lang.Thread.run(Thread.java:748)
"pool-36-thread-37"  prio=5 tid=383 in Object.wait()
java.lang.Thread.State: WAITING (on object monitor)
        at sun.misc.Unsafe.park(Native Method)
        at java.util.concurrent.locks.LockSupport.park(LockSupport.java:175)
        at java.util.concurrent.locks.AbstractQueuedSynchronizer$ConditionObject.await(AbstractQueuedSynchronizer.java:2039)
        at java.util.concurrent.ArrayBlockingQueue.take(ArrayBlockingQueue.java:403)
        at java.util.concurrent.ThreadPoolExecutor.getTask(ThreadPoolExecutor.java:1074)
        at java.util.concurrent.ThreadPoolExecutor.runWorker(ThreadPoolExecutor.java:1134)
        at java.util.concurrent.ThreadPoolExecutor$Worker.run(ThreadPoolExecutor.java:624)
        at java.lang.Thread.run(Thread.java:748)
"Datanode State Machine Thread - 0" daemon prio=5 tid=251 timed_waiting
java.lang.Thread.State: TIMED_WAITING
        at java.lang.Thread.sleep(Native Method)
        at org.apache.hadoop.ozone.container.common.statemachine.DatanodeStateMachine.start(DatanodeStateMachine.java:191)
        at org.apache.hadoop.ozone.container.common.statemachine.DatanodeStateMachine.lambda$startDaemon$0(DatanodeStateMachine.java:349)
        at org.apache.hadoop.ozone.container.common.statemachine.DatanodeStateMachine$$Lambda$140/177389135.run(Unknown Source)
        at java.lang.Thread.run(Thread.java:748)
"pool-66-thread-19"  prio=5 tid=554 in Object.wait()
java.lang.Thread.State: WAITING (on object monitor)
        at sun.misc.Unsafe.park(Native Method)
        at java.util.concurrent.locks.LockSupport.park(LockSupport.java:175)
        at java.util.concurrent.locks.AbstractQueuedSynchronizer$ConditionObject.await(AbstractQueuedSynchronizer.java:2039)
        at java.util.concurrent.ArrayBlockingQueue.take(ArrayBlockingQueue.java:403)
        at java.util.concurrent.ThreadPoolExecutor.getTask(ThreadPoolExecutor.java:1074)
        at java.util.concurrent.ThreadPoolExecutor.runWorker(ThreadPoolExecutor.java:1134)
        at java.util.concurrent.ThreadPoolExecutor$Worker.run(ThreadPoolExecutor.java:624)
        at java.lang.Thread.run(Thread.java:748)
"pool-26-thread-22"  prio=5 tid=308 in Object.wait()
java.lang.Thread.State: WAITING (on object monitor)
        at sun.misc.Unsafe.park(Native Method)
        at java.util.concurrent.locks.LockSupport.park(LockSupport.java:175)
        at java.util.concurrent.locks.AbstractQueuedSynchronizer$ConditionObject.await(AbstractQueuedSynchronizer.java:2039)
        at java.util.concurrent.ArrayBlockingQueue.take(ArrayBlockingQueue.java:403)
        at java.util.concurrent.ThreadPoolExecutor.getTask(ThreadPoolExecutor.java:1074)
        at java.util.concurrent.ThreadPoolExecutor.runWorker(ThreadPoolExecutor.java:1134)
        at java.util.concurrent.ThreadPoolExecutor$Worker.run(ThreadPoolExecutor.java:624)
        at java.lang.Thread.run(Thread.java:748)
"java.util.concurrent.ThreadPoolExecutor$Worker@58918e3e[State = -1, empty queue]" daemon prio=5 tid=820 timed_waiting
java.lang.Thread.State: TIMED_WAITING
        at sun.misc.Unsafe.park(Native Method)
        at java.util.concurrent.locks.LockSupport.parkNanos(LockSupport.java:215)
        at java.util.concurrent.locks.AbstractQueuedSynchronizer$ConditionObject.awaitNanos(AbstractQueuedSynchronizer.java:2078)
        at java.util.concurrent.ScheduledThreadPoolExecutor$DelayedWorkQueue.take(ScheduledThreadPoolExecutor.java:1093)
        at java.util.concurrent.ScheduledThreadPoolExecutor$DelayedWorkQueue.take(ScheduledThreadPoolExecutor.java:809)
        at java.util.concurrent.ThreadPoolExecutor.getTask(ThreadPoolExecutor.java:1074)
        at java.util.concurrent.ThreadPoolExecutor.runWorker(ThreadPoolExecutor.java:1134)
        at java.util.concurrent.ThreadPoolExecutor$Worker.run(ThreadPoolExecutor.java:624)
        at java.lang.Thread.run(Thread.java:748)
"Socket Reader #1 for port 40923"  prio=5 tid=23 runnable
java.lang.Thread.State: RUNNABLE
        at sun.nio.ch.EPollArrayWrapper.epollWait(Native Method)
        at sun.nio.ch.EPollArrayWrapper.poll(EPollArrayWrapper.java:269)
        at sun.nio.ch.EPollSelectorImpl.doSelect(EPollSelectorImpl.java:93)
        at sun.nio.ch.SelectorImpl.lockAndDoSelect(SelectorImpl.java:86)
        at sun.nio.ch.SelectorImpl.select(SelectorImpl.java:97)
        at sun.nio.ch.SelectorImpl.select(SelectorImpl.java:101)
        at org.apache.hadoop.ipc.Server$Listener$Reader.doRunLoop(Server.java:1097)
        at org.apache.hadoop.ipc.Server$Listener$Reader.run(Server.java:1076)


	at org.apache.hadoop.fs.ozone.contract.OzoneContract.createCluster(OzoneContract.java:70)
	at org.apache.hadoop.fs.ozone.contract.ITestOzoneContractMkdir.createCluster(ITestOzoneContractMkdir.java:36)
	at sun.reflect.NativeMethodAccessorImpl.invoke0(Native Method)
	at sun.reflect.NativeMethodAccessorImpl.invoke(NativeMethodAccessorImpl.java:62)
	at sun.reflect.DelegatingMethodAccessorImpl.invoke(DelegatingMethodAccessorImpl.java:43)
	at java.lang.reflect.Method.invoke(Method.java:498)
	at org.junit.runners.model.FrameworkMethod$1.runReflectiveCall(FrameworkMethod.java:47)
	at org.junit.internal.runners.model.ReflectiveCallable.run(ReflectiveCallable.java:12)
	at org.junit.runners.model.FrameworkMethod.invokeExplosively(FrameworkMethod.java:44)
	at org.junit.internal.runners.statements.RunBefores.evaluate(RunBefores.java:24)
	at org.junit.internal.runners.statements.RunAfters.evaluate(RunAfters.java:27)
	at org.junit.runners.ParentRunner.run(ParentRunner.java:309)
	at org.apache.maven.surefire.junit4.JUnit4Provider.execute(JUnit4Provider.java:365)
	at org.apache.maven.surefire.junit4.JUnit4Provider.executeWithRerun(JUnit4Provider.java:273)
	at org.apache.maven.surefire.junit4.JUnit4Provider.executeTestSet(JUnit4Provider.java:238)
	at org.apache.maven.surefire.junit4.JUnit4Provider.invoke(JUnit4Provider.java:159)
	at org.apache.maven.surefire.booter.ForkedBooter.invokeProviderInSameClassLoader(ForkedBooter.java:384)
	at org.apache.maven.surefire.booter.ForkedBooter.runSuitesInProcess(ForkedBooter.java:345)
	at org.apache.maven.surefire.booter.ForkedBooter.execute(ForkedBooter.java:126)
	at org.apache.maven.surefire.booter.ForkedBooter.main(ForkedBooter.java:418)
Caused by: java.util.concurrent.TimeoutException: Timed out waiting for condition. Thread diagnostics:
Timestamp: 2019-10-16 09:53:45,661

"pool-46-thread-28"  prio=5 tid=434 in Object.wait()
java.lang.Thread.State: WAITING (on object monitor)
        at sun.misc.Unsafe.park(Native Method)
        at java.util.concurrent.locks.LockSupport.park(LockSupport.java:175)
        at java.util.concurrent.locks.AbstractQueuedSynchronizer$ConditionObject.await(AbstractQueuedSynchronizer.java:2039)
        at java.util.concurrent.ArrayBlockingQueue.take(ArrayBlockingQueue.java:403)
        at java.util.concurrent.ThreadPoolExecutor.getTask(ThreadPoolExecutor.java:1074)
        at java.util.concurrent.ThreadPoolExecutor.runWorker(ThreadPoolExecutor.java:1134)
        at java.util.concurrent.ThreadPoolExecutor$Worker.run(ThreadPoolExecutor.java:624)
        at java.lang.Thread.run(Thread.java:748)
"pool-36-thread-40"  prio=5 tid=386 in Object.wait()
java.lang.Thread.State: WAITING (on object monitor)
        at sun.misc.Unsafe.park(Native Method)
        at java.util.concurrent.locks.LockSupport.park(LockSupport.java:175)
        at java.util.concurrent.locks.AbstractQueuedSynchronizer$ConditionObject.await(AbstractQueuedSynchronizer.java:2039)
        at java.util.concurrent.ArrayBlockingQueue.take(ArrayBlockingQueue.java:403)
        at java.util.concurrent.ThreadPoolExecutor.getTask(ThreadPoolExecutor.java:1074)
        at java.util.concurrent.ThreadPoolExecutor.runWorker(ThreadPoolExecutor.java:1134)
        at java.util.concurrent.ThreadPoolExecutor$Worker.run(ThreadPoolExecutor.java:624)
        at java.lang.Thread.run(Thread.java:748)
"IPC Server idle connection scanner for port 46821" daemon prio=5 tid=20 timed_waiting
java.lang.Thread.State: TIMED_WAITING
        at java.lang.Object.wait(Native Method)
        at java.util.TimerThread.mainLoop(Timer.java:552)
        at java.util.TimerThread.run(Timer.java:505)
"Datanode ReportManager Thread - 2" daemon prio=5 tid=281 in Object.wait()
java.lang.Thread.State: WAITING (on object monitor)
        at sun.misc.Unsafe.park(Native Method)
        at java.util.concurrent.locks.LockSupport.park(LockSupport.java:175)
        at java.util.concurrent.locks.AbstractQueuedSynchronizer$ConditionObject.await(AbstractQueuedSynchronizer.java:2039)
        at java.util.concurrent.ScheduledThreadPoolExecutor$DelayedWorkQueue.take(ScheduledThreadPoolExecutor.java:1088)
        at java.util.concurrent.ScheduledThreadPoolExecutor$DelayedWorkQueue.take(ScheduledThreadPoolExecutor.java:809)
        at java.util.concurrent.ThreadPoolExecutor.getTask(ThreadPoolExecutor.java:1074)
        at java.util.concurrent.ThreadPoolExecutor.runWorker(ThreadPoolExecutor.java:1134)
        at java.util.concurrent.ThreadPoolExecutor$Worker.run(ThreadPoolExecutor.java:624)
        at java.lang.Thread.run(Thread.java:748)
"org.eclipse.jetty.server.session.HashSessionManager@6f911326Timer" daemon prio=5 tid=250 timed_waiting
java.lang.Thread.State: TIMED_WAITING
        at sun.misc.Unsafe.park(Native Method)
        at java.util.concurrent.locks.LockSupport.parkNanos(LockSupport.java:215)
        at java.util.concurrent.locks.AbstractQueuedSynchronizer$ConditionObject.awaitNanos(AbstractQueuedSynchronizer.java:2078)
        at java.util.concurrent.ScheduledThreadPoolExecutor$DelayedWorkQueue.take(ScheduledThreadPoolExecutor.java:1093)
        at java.util.concurrent.ScheduledThreadPoolExecutor$DelayedWorkQueue.take(ScheduledThreadPoolExecutor.java:809)
        at java.util.concurrent.ThreadPoolExecutor.getTask(ThreadPoolExecutor.java:1074)
        at java.util.concurrent.ThreadPoolExecutor.runWorker(ThreadPoolExecutor.java:1134)
        at java.util.concurrent.ThreadPoolExecutor$Worker.run(ThreadPoolExecutor.java:624)
        at java.lang.Thread.run(Thread.java:748)
"org.eclipse.jetty.server.session.HashSessionManager@677dbd89Timer" daemon prio=5 tid=98 timed_waiting
java.lang.Thread.State: TIMED_WAITING
        at sun.misc.Unsafe.park(Native Method)
        at java.util.concurrent.locks.LockSupport.parkNanos(LockSupport.java:215)
        at java.util.concurrent.locks.AbstractQueuedSynchronizer$ConditionObject.awaitNanos(AbstractQueuedSynchronizer.java:2078)
        at java.util.concurrent.ScheduledThreadPoolExecutor$DelayedWorkQueue.take(ScheduledThreadPoolExecutor.java:1093)
        at java.util.concurrent.ScheduledThreadPoolExecutor$DelayedWorkQueue.take(ScheduledThreadPoolExecutor.java:809)
        at java.util.concurrent.ThreadPoolExecutor.getTask(ThreadPoolExecutor.java:1074)
        at java.util.concurrent.ThreadPoolExecutor.runWorker(ThreadPoolExecutor.java:1134)
        at java.util.concurrent.ThreadPoolExecutor$Worker.run(ThreadPoolExecutor.java:624)
        at java.lang.Thread.run(Thread.java:748)
"pool-46-thread-57"  prio=5 tid=463 in Object.wait()
java.lang.Thread.State: WAITING (on object monitor)
        at sun.misc.Unsafe.park(Native Method)
        at java.util.concurrent.locks.LockSupport.park(LockSupport.java:175)
        at java.util.concurrent.locks.AbstractQueuedSynchronizer$ConditionObject.await(AbstractQueuedSynchronizer.java:2039)
        at java.util.concurrent.ArrayBlockingQueue.take(ArrayBlockingQueue.java:403)
        at java.util.concurrent.ThreadPoolExecutor.getTask(ThreadPoolExecutor.java:1074)
        at java.util.concurrent.ThreadPoolExecutor.runWorker(ThreadPoolExecutor.java:1134)
        at java.util.concurrent.ThreadPoolExecutor$Worker.run(ThreadPoolExecutor.java:624)
        at java.lang.Thread.run(Thread.java:748)
"refreshUsed-/workdir/hadoop-ozone/ozonefs/target/test-dir/MiniOzoneClusterImpl-d26aec2b-09c1-4f88-9204-0bb43e71ee01/datanode-2/data/containers" daemon prio=5 tid=208 timed_waiting
java.lang.Thread.State: TIMED_WAITING
        at java.lang.Thread.sleep(Native Method)
        at org.apache.hadoop.fs.CachingGetSpaceUsed$RefreshThread.run(CachingGetSpaceUsed.java:179)
        at java.lang.Thread.run(Thread.java:748)
"pool-56-thread-41"  prio=5 tid=514 in Object.wait()
java.lang.Thread.State: WAITING (on object monitor)
        at sun.misc.Unsafe.park(Native Method)
        at java.util.concurrent.locks.LockSupport.park(LockSupport.java:175)
        at java.util.concurrent.locks.AbstractQueuedSynchronizer$ConditionObject.await(AbstractQueuedSynchronizer.java:2039)
        at java.util.concurrent.ArrayBlockingQueue.take(ArrayBlockingQueue.java:403)
        at java.util.concurrent.ThreadPoolExecutor.getTask(ThreadPoolExecutor.java:1074)
        at java.util.concurrent.ThreadPoolExecutor.runWorker(ThreadPoolExecutor.java:1134)
        at java.util.concurrent.ThreadPoolExecutor$Worker.run(ThreadPoolExecutor.java:624)
        at java.lang.Thread.run(Thread.java:748)
"qtp1919592808-191" daemon prio=5 tid=191 timed_waiting
java.lang.Thread.State: TIMED_WAITING
        at sun.misc.Unsafe.park(Native Method)
        at java.util.concurrent.locks.LockSupport.parkNanos(LockSupport.java:215)
        at java.util.concurrent.locks.AbstractQueuedSynchronizer$ConditionObject.awaitNanos(AbstractQueuedSynchronizer.java:2078)
        at org.eclipse.jetty.util.BlockingArrayQueue.poll(BlockingArrayQueue.java:392)
        at org.eclipse.jetty.util.thread.QueuedThreadPool.idleJobPoll(QueuedThreadPool.java:563)
        at org.eclipse.jetty.util.thread.QueuedThreadPool.access$800(QueuedThreadPool.java:48)
        at org.eclipse.jetty.util.thread.QueuedThreadPool$2.run(QueuedThreadPool.java:626)
        at java.lang.Thread.run(Thread.java:748)
"pool-56-thread-45"  prio=5 tid=518 in Object.wait()
java.lang.Thread.State: WAITING (on object monitor)
        at sun.misc.Unsafe.park(Native Method)
        at java.util.concurrent.locks.LockSupport.park(LockSupport.java:175)
        at java.util.concurrent.locks.AbstractQueuedSynchronizer$ConditionObject.await(AbstractQueuedSynchronizer.java:2039)
        at java.util.concurrent.ArrayBlockingQueue.take(ArrayBlockingQueue.java:403)
        at java.util.concurrent.ThreadPoolExecutor.getTask(ThreadPoolExecutor.java:1074)
        at java.util.concurrent.ThreadPoolExecutor.runWorker(ThreadPoolExecutor.java:1134)
        at java.util.concurrent.ThreadPoolExecutor$Worker.run(ThreadPoolExecutor.java:624)
        at java.lang.Thread.run(Thread.java:748)
"pool-36-thread-22"  prio=5 tid=368 in Object.wait()
java.lang.Thread.State: WAITING (on object monitor)
        at sun.misc.Unsafe.park(Native Method)
        at java.util.concurrent.locks.LockSupport.park(LockSupport.java:175)
        at java.util.concurrent.locks.AbstractQueuedSynchronizer$ConditionObject.await(AbstractQueuedSynchronizer.java:2039)
        at java.util.concurrent.ArrayBlockingQueue.take(ArrayBlockingQueue.java:403)
        at java.util.concurrent.ThreadPoolExecutor.getTask(ThreadPoolExecutor.java:1074)
        at java.util.concurrent.ThreadPoolExecutor.runWorker(ThreadPoolExecutor.java:1134)
        at java.util.concurrent.ThreadPoolExecutor$Worker.run(ThreadPoolExecutor.java:624)
        at java.lang.Thread.run(Thread.java:748)
"IPC Server handler 14 on 40923" daemon prio=5 tid=43 timed_waiting
java.lang.Thread.State: TIMED_WAITING
        at sun.misc.Unsafe.park(Native Method)
        at java.util.concurrent.locks.LockSupport.parkNanos(LockSupport.java:215)
        at java.util.concurrent.locks.AbstractQueuedSynchronizer$ConditionObject.awaitNanos(AbstractQueuedSynchronizer.java:2078)
        at java.util.concurrent.LinkedBlockingQueue.poll(LinkedBlockingQueue.java:467)
        at org.apache.hadoop.ipc.CallQueueManager.take(CallQueueManager.java:288)
        at org.apache.hadoop.ipc.Server$Handler.run(Server.java:2668)
"c5571329-ed88-4dd5-851a-7ef9aaa2970f@group-E11993EF5BE0-SegmentedRaftLogWorker"  prio=5 tid=645 timed_waiting
java.lang.Thread.State: TIMED_WAITING
        at sun.misc.Unsafe.park(Native Method)
        at java.util.concurrent.locks.LockSupport.parkNanos(LockSupport.java:215)
        at java.util.concurrent.locks.AbstractQueuedSynchronizer$ConditionObject.awaitNanos(AbstractQueuedSynchronizer.java:2078)
        at org.apache.ratis.util.DataBlockingQueue.poll(DataBlockingQueue.java:137)
        at org.apache.ratis.server.raftlog.segmented.SegmentedRaftLogWorker.run(SegmentedRaftLogWorker.java:282)
        at java.lang.Thread.run(Thread.java:748)
"pool-56-thread-7"  prio=5 tid=480 in Object.wait()
java.lang.Thread.State: WAITING (on object monitor)
        at sun.misc.Unsafe.park(Native Method)
        at java.util.concurrent.locks.LockSupport.park(LockSupport.java:175)
        at java.util.concurrent.locks.AbstractQueuedSynchronizer$ConditionObject.await(AbstractQueuedSynchronizer.java:2039)
        at java.util.concurrent.ArrayBlockingQueue.take(ArrayBlockingQueue.java:403)
        at java.util.concurrent.ThreadPoolExecutor.getTask(ThreadPoolExecutor.java:1074)
        at java.util.concurrent.ThreadPoolExecutor.runWorker(ThreadPoolExecutor.java:1134)
        at java.util.concurrent.ThreadPoolExecutor$Worker.run(ThreadPoolExecutor.java:624)
        at java.lang.Thread.run(Thread.java:748)
"Datanode State Machine Thread - 0" daemon prio=5 tid=224 timed_waiting
java.lang.Thread.State: TIMED_WAITING
        at java.lang.Thread.sleep(Native Method)
        at org.apache.hadoop.ozone.container.common.statemachine.DatanodeStateMachine.start(DatanodeStateMachine.java:191)
        at org.apache.hadoop.ozone.container.common.statemachine.DatanodeStateMachine.lambda$startDaemon$0(DatanodeStateMachine.java:349)
        at org.apache.hadoop.ozone.container.common.statemachine.DatanodeStateMachine$$Lambda$140/177389135.run(Unknown Source)
        at java.lang.Thread.run(Thread.java:748)
"pool-36-thread-56"  prio=5 tid=402 in Object.wait()
java.lang.Thread.State: WAITING (on object monitor)
        at sun.misc.Unsafe.park(Native Method)
        at java.util.concurrent.locks.LockSupport.park(LockSupport.java:175)
        at java.util.concurrent.locks.AbstractQueuedSynchronizer$ConditionObject.await(AbstractQueuedSynchronizer.java:2039)
        at java.util.concurrent.ArrayBlockingQueue.take(ArrayBlockingQueue.java:403)
        at java.util.concurrent.ThreadPoolExecutor.getTask(ThreadPoolExecutor.java:1074)
        at java.util.concurrent.ThreadPoolExecutor.runWorker(ThreadPoolExecutor.java:1134)
        at java.util.concurrent.ThreadPoolExecutor$Worker.run(ThreadPoolExecutor.java:624)
        at java.lang.Thread.run(Thread.java:748)
"jaeger.RemoteReporter-FlushTimer" daemon prio=5 tid=148 timed_waiting
java.lang.Thread.State: TIMED_WAITING
        at java.lang.Object.wait(Native Method)
        at java.util.TimerThread.mainLoop(Timer.java:552)
        at java.util.TimerThread.run(Timer.java:505)
"qtp1003663195-242" daemon prio=5 tid=242 timed_waiting
java.lang.Thread.State: TIMED_WAITING
        at sun.misc.Unsafe.park(Native Method)
        at java.util.concurrent.locks.LockSupport.parkNanos(LockSupport.java:215)
        at java.util.concurrent.locks.AbstractQueuedSynchronizer$ConditionObject.awaitNanos(AbstractQueuedSynchronizer.java:2078)
        at org.eclipse.jetty.util.BlockingArrayQueue.poll(BlockingArrayQueue.java:392)
        at org.eclipse.jetty.util.thread.QueuedThreadPool.idleJobPoll(QueuedThreadPool.java:563)
        at org.eclipse.jetty.util.thread.QueuedThreadPool.access$800(QueuedThreadPool.java:48)
        at org.eclipse.jetty.util.thread.QueuedThreadPool$2.run(QueuedThreadPool.java:626)
        at java.lang.Thread.run(Thread.java:748)
"qtp1680841335-218" daemon prio=5 tid=218 timed_waiting
java.lang.Thread.State: TIMED_WAITING
        at sun.misc.Unsafe.park(Native Method)
        at java.util.concurrent.locks.LockSupport.parkNanos(LockSupport.java:215)
        at java.util.concurrent.locks.AbstractQueuedSynchronizer$ConditionObject.awaitNanos(AbstractQueuedSynchronizer.java:2078)
        at org.eclipse.jetty.util.BlockingArrayQueue.poll(BlockingArrayQueue.java:392)
        at org.eclipse.jetty.util.thread.QueuedThreadPool.idleJobPoll(QueuedThreadPool.java:563)
        at org.eclipse.jetty.util.thread.QueuedThreadPool.access$800(QueuedThreadPool.java:48)
        at org.eclipse.jetty.util.thread.QueuedThreadPool$2.run(QueuedThreadPool.java:626)
        at java.lang.Thread.run(Thread.java:748)
"pool-36-thread-60"  prio=5 tid=406 in Object.wait()
java.lang.Thread.State: WAITING (on object monitor)
        at sun.misc.Unsafe.park(Native Method)
        at java.util.concurrent.locks.LockSupport.park(LockSupport.java:175)
        at java.util.concurrent.locks.AbstractQueuedSynchronizer$ConditionObject.await(AbstractQueuedSynchronizer.java:2039)
        at java.util.concurrent.ArrayBlockingQueue.take(ArrayBlockingQueue.java:403)
        at java.util.concurrent.ThreadPoolExecutor.getTask(ThreadPoolExecutor.java:1074)
        at java.util.concurrent.ThreadPoolExecutor.runWorker(ThreadPoolExecutor.java:1134)
        at java.util.concurrent.ThreadPoolExecutor$Worker.run(ThreadPoolExecutor.java:624)
        at java.lang.Thread.run(Thread.java:748)
"qtp1919592808-190" daemon prio=5 tid=190 timed_waiting
java.lang.Thread.State: TIMED_WAITING
        at sun.misc.Unsafe.park(Native Method)
        at java.util.concurrent.locks.LockSupport.parkNanos(LockSupport.java:215)
        at java.util.concurrent.locks.AbstractQueuedSynchronizer$ConditionObject.awaitNanos(AbstractQueuedSynchronizer.java:2078)
        at org.eclipse.jetty.util.BlockingArrayQueue.poll(BlockingArrayQueue.java:392)
        at org.eclipse.jetty.util.thread.QueuedThreadPool.idleJobPoll(QueuedThreadPool.java:563)
        at org.eclipse.jetty.util.thread.QueuedThreadPool.access$800(QueuedThreadPool.java:48)
        at org.eclipse.jetty.util.thread.QueuedThreadPool$2.run(QueuedThreadPool.java:626)
        at java.lang.Thread.run(Thread.java:748)
"IPC Server handler 19 on 46821" daemon prio=5 tid=68 timed_waiting
java.lang.Thread.State: TIMED_WAITING
        at sun.misc.Unsafe.park(Native Method)
        at java.util.concurrent.locks.LockSupport.parkNanos(LockSupport.java:215)
        at java.util.concurrent.locks.AbstractQueuedSynchronizer$ConditionObject.awaitNanos(AbstractQueuedSynchronizer.java:2078)
        at java.util.concurrent.LinkedBlockingQueue.poll(LinkedBlockingQueue.java:467)
        at org.apache.hadoop.ipc.CallQueueManager.take(CallQueueManager.java:288)
        at org.apache.hadoop.ipc.Server$Handler.run(Server.java:2668)
"efb933de-cdd8-4d8d-88d2-4c7ffe0dec1a@group-0F9C9D952736-SegmentedRaftLogWorker"  prio=5 tid=614 timed_waiting
java.lang.Thread.State: TIMED_WAITING
        at sun.misc.Unsafe.park(Native Method)
        at java.util.concurrent.locks.LockSupport.parkNanos(LockSupport.java:215)
        at java.util.concurrent.locks.AbstractQueuedSynchronizer$ConditionObject.awaitNanos(AbstractQueuedSynchronizer.java:2078)
        at org.apache.ratis.util.DataBlockingQueue.poll(DataBlockingQueue.java:137)
        at org.apache.ratis.server.raftlog.segmented.SegmentedRaftLogWorker.run(SegmentedRaftLogWorker.java:282)
        at java.lang.Thread.run(Thread.java:748)
"pool-66-thread-48"  prio=5 tid=583 in Object.wait()
java.lang.Thread.State: WAITING (on object monitor)
        at sun.misc.Unsafe.park(Native Method)
        at java.util.concurrent.locks.LockSupport.park(LockSupport.java:175)
        at java.util.concurrent.locks.AbstractQueuedSynchronizer$ConditionObject.await(AbstractQueuedSynchronizer.java:2039)
        at java.util.concurrent.ArrayBlockingQueue.take(ArrayBlockingQueue.java:403)
        at java.util.concurrent.ThreadPoolExecutor.getTask(ThreadPoolExecutor.java:1074)
        at java.util.concurrent.ThreadPoolExecutor.runWorker(ThreadPoolExecutor.java:1134)
        at java.util.concurrent.ThreadPoolExecutor$Worker.run(ThreadPoolExecutor.java:624)
        at java.lang.Thread.run(Thread.java:748)
"pool-66-thread-25"  prio=5 tid=560 in Object.wait()
java.lang.Thread.State: WAITING (on object monitor)
        at sun.misc.Unsafe.park(Native Method)
        at java.util.concurrent.locks.LockSupport.park(LockSupport.java:175)
        at java.util.concurrent.locks.AbstractQueuedSynchronizer$ConditionObject.await(AbstractQueuedSynchronizer.java:2039)
        at java.util.concurrent.ArrayBlockingQueue.take(ArrayBlockingQueue.java:403)
        at java.util.concurrent.ThreadPoolExecutor.getTask(ThreadPoolExecutor.java:1074)
        at java.util.concurrent.ThreadPoolExecutor.runWorker(ThreadPoolExecutor.java:1134)
        at java.util.concurrent.ThreadPoolExecutor$Worker.run(ThreadPoolExecutor.java:624)
        at java.lang.Thread.run(Thread.java:748)
"pool-56-thread-27"  prio=5 tid=500 in Object.wait()
java.lang.Thread.State: WAITING (on object monitor)
        at sun.misc.Unsafe.park(Native Method)
        at java.util.concurrent.locks.LockSupport.park(LockSupport.java:175)
        at java.util.concurrent.locks.AbstractQueuedSynchronizer$ConditionObject.await(AbstractQueuedSynchronizer.java:2039)
        at java.util.concurrent.ArrayBlockingQueue.take(ArrayBlockingQueue.java:403)
        at java.util.concurrent.ThreadPoolExecutor.getTask(ThreadPoolExecutor.java:1074)
        at java.util.concurrent.ThreadPoolExecutor.runWorker(ThreadPoolExecutor.java:1134)
        at java.util.concurrent.ThreadPoolExecutor$Worker.run(ThreadPoolExecutor.java:624)
        at java.lang.Thread.run(Thread.java:748)
"IPC Server handler 18 on 33004" daemon prio=5 tid=87 timed_waiting
java.lang.Thread.State: TIMED_WAITING
        at sun.misc.Unsafe.park(Native Method)
        at java.util.concurrent.locks.LockSupport.parkNanos(LockSupport.java:215)
        at java.util.concurrent.locks.AbstractQueuedSynchronizer$ConditionObject.awaitNanos(AbstractQueuedSynchronizer.java:2078)
        at java.util.concurrent.LinkedBlockingQueue.poll(LinkedBlockingQueue.java:467)
        at org.apache.hadoop.ipc.CallQueueManager.take(CallQueueManager.java:288)
        at org.apache.hadoop.ipc.Server$Handler.run(Server.java:2668)
"pool-66-thread-47"  prio=5 tid=582 in Object.wait()
java.lang.Thread.State: WAITING (on object monitor)
        at sun.misc.Unsafe.park(Native Method)
        at java.util.concurrent.locks.LockSupport.park(LockSupport.java:175)
        at java.util.concurrent.locks.AbstractQueuedSynchronizer$ConditionObject.await(AbstractQueuedSynchronizer.java:2039)
        at java.util.concurrent.ArrayBlockingQueue.take(ArrayBlockingQueue.java:403)
        at java.util.concurrent.ThreadPoolExecutor.getTask(ThreadPoolExecutor.java:1074)
        at java.util.concurrent.ThreadPoolExecutor.runWorker(ThreadPoolExecutor.java:1134)
        at java.util.concurrent.ThreadPoolExecutor$Worker.run(ThreadPoolExecutor.java:624)
        at java.lang.Thread.run(Thread.java:748)
"pool-66-thread-60"  prio=5 tid=595 in Object.wait()
java.lang.Thread.State: WAITING (on object monitor)
        at sun.misc.Unsafe.park(Native Method)
        at java.util.concurrent.locks.LockSupport.park(LockSupport.java:175)
        at java.util.concurrent.locks.AbstractQueuedSynchronizer$ConditionObject.await(AbstractQueuedSynchronizer.java:2039)
        at java.util.concurrent.ArrayBlockingQueue.take(ArrayBlockingQueue.java:403)
        at java.util.concurrent.ThreadPoolExecutor.getTask(ThreadPoolExecutor.java:1074)
        at java.util.concurrent.ThreadPoolExecutor.runWorker(ThreadPoolExecutor.java:1134)
        at java.util.concurrent.ThreadPoolExecutor$Worker.run(ThreadPoolExecutor.java:624)
        at java.lang.Thread.run(Thread.java:748)
"pool-56-thread-23"  prio=5 tid=496 in Object.wait()
java.lang.Thread.State: WAITING (on object monitor)
        at sun.misc.Unsafe.park(Native Method)
        at java.util.concurrent.locks.LockSupport.park(LockSupport.java:175)
        at java.util.concurrent.locks.AbstractQueuedSynchronizer$ConditionObject.await(AbstractQueuedSynchronizer.java:2039)
        at java.util.concurrent.ArrayBlockingQueue.take(ArrayBlockingQueue.java:403)
        at java.util.concurrent.ThreadPoolExecutor.getTask(ThreadPoolExecutor.java:1074)
        at java.util.concurrent.ThreadPoolExecutor.runWorker(ThreadPoolExecutor.java:1134)
        at java.util.concurrent.ThreadPoolExecutor$Worker.run(ThreadPoolExecutor.java:624)
        at java.lang.Thread.run(Thread.java:748)
"IPC Server handler 7 on 35444" daemon prio=5 tid=121 timed_waiting
java.lang.Thread.State: TIMED_WAITING
        at sun.misc.Unsafe.park(Native Method)
        at java.util.concurrent.locks.LockSupport.parkNanos(LockSupport.java:215)
        at java.util.concurrent.locks.AbstractQueuedSynchronizer$ConditionObject.awaitNanos(AbstractQueuedSynchronizer.java:2078)
        at java.util.concurrent.LinkedBlockingQueue.poll(LinkedBlockingQueue.java:467)
        at org.apache.hadoop.ipc.CallQueueManager.take(CallQueueManager.java:288)
        at org.apache.hadoop.ipc.Server$Handler.run(Server.java:2668)
"metrics-hadoop-metrics2-reporter-48-thread-1" daemon prio=5 tid=815 timed_waiting
java.lang.Thread.State: TIMED_WAITING
        at sun.misc.Unsafe.park(Native Method)
        at java.util.concurrent.locks.LockSupport.parkNanos(LockSupport.java:215)
        at java.util.concurrent.locks.AbstractQueuedSynchronizer$ConditionObject.awaitNanos(AbstractQueuedSynchronizer.java:2078)
        at java.util.concurrent.ScheduledThreadPoolExecutor$DelayedWorkQueue.take(ScheduledThreadPoolExecutor.java:1093)
        at java.util.concurrent.ScheduledThreadPoolExecutor$DelayedWorkQueue.take(ScheduledThreadPoolExecutor.java:809)
        at java.util.concurrent.ThreadPoolExecutor.getTask(ThreadPoolExecutor.java:1074)
        at java.util.concurrent.ThreadPoolExecutor.runWorker(ThreadPoolExecutor.java:1134)
        at java.util.concurrent.ThreadPoolExecutor$Worker.run(ThreadPoolExecutor.java:624)
        at java.lang.Thread.run(Thread.java:748)
"org.eclipse.jetty.server.session.HashSessionManager@25ad4f71Timer" daemon prio=5 tid=168 timed_waiting
java.lang.Thread.State: TIMED_WAITING
        at sun.misc.Unsafe.park(Native Method)
        at java.util.concurrent.locks.LockSupport.parkNanos(LockSupport.java:215)
        at java.util.concurrent.locks.AbstractQueuedSynchronizer$ConditionObject.awaitNanos(AbstractQueuedSynchronizer.java:2078)
        at java.util.concurrent.ScheduledThreadPoolExecutor$DelayedWorkQueue.take(ScheduledThreadPoolExecutor.java:1093)
        at java.util.concurrent.ScheduledThreadPoolExecutor$DelayedWorkQueue.take(ScheduledThreadPoolExecutor.java:809)
        at java.util.concurrent.ThreadPoolExecutor.getTask(ThreadPoolExecutor.java:1074)
        at java.util.concurrent.ThreadPoolExecutor.runWorker(ThreadPoolExecutor.java:1134)
        at java.util.concurrent.ThreadPoolExecutor$Worker.run(ThreadPoolExecutor.java:624)
        at java.lang.Thread.run(Thread.java:748)
"metrics-hadoop-metrics2-reporter-5-thread-1" daemon prio=5 tid=625 timed_waiting
java.lang.Thread.State: TIMED_WAITING
        at sun.misc.Unsafe.park(Native Method)
        at java.util.concurrent.locks.LockSupport.parkNanos(LockSupport.java:215)
        at java.util.concurrent.locks.AbstractQueuedSynchronizer$ConditionObject.awaitNanos(AbstractQueuedSynchronizer.java:2078)
        at java.util.concurrent.ScheduledThreadPoolExecutor$DelayedWorkQueue.take(ScheduledThreadPoolExecutor.java:1093)
        at java.util.concurrent.ScheduledThreadPoolExecutor$DelayedWorkQueue.take(ScheduledThreadPoolExecutor.java:809)
        at java.util.concurrent.ThreadPoolExecutor.getTask(ThreadPoolExecutor.java:1074)
        at java.util.concurrent.ThreadPoolExecutor.runWorker(ThreadPoolExecutor.java:1134)
        at java.util.concurrent.ThreadPoolExecutor$Worker.run(ThreadPoolExecutor.java:624)
        at java.lang.Thread.run(Thread.java:748)
"pool-56-thread-3"  prio=5 tid=476 in Object.wait()
java.lang.Thread.State: WAITING (on object monitor)
        at sun.misc.Unsafe.park(Native Method)
        at java.util.concurrent.locks.LockSupport.park(LockSupport.java:175)
        at java.util.concurrent.locks.AbstractQueuedSynchronizer$ConditionObject.await(AbstractQueuedSynchronizer.java:2039)
        at java.util.concurrent.ArrayBlockingQueue.take(ArrayBlockingQueue.java:403)
        at java.util.concurrent.ThreadPoolExecutor.getTask(ThreadPoolExecutor.java:1074)
        at java.util.concurrent.ThreadPoolExecutor.runWorker(ThreadPoolExecutor.java:1134)
        at java.util.concurrent.ThreadPoolExecutor$Worker.run(ThreadPoolExecutor.java:624)
        at java.lang.Thread.run(Thread.java:748)
"metrics-hadoop-metrics2-reporter-27-thread-1" daemon prio=5 tid=683 timed_waiting
java.lang.Thread.State: TIMED_WAITING
        at sun.misc.Unsafe.park(Native Method)
        at java.util.concurrent.locks.LockSupport.parkNanos(LockSupport.java:215)
        at java.util.concurrent.locks.AbstractQueuedSynchronizer$ConditionObject.awaitNanos(AbstractQueuedSynchronizer.java:2078)
        at java.util.concurrent.ScheduledThreadPoolExecutor$DelayedWorkQueue.take(ScheduledThreadPoolExecutor.java:1093)
        at java.util.concurrent.ScheduledThreadPoolExecutor$DelayedWorkQueue.take(ScheduledThreadPoolExecutor.java:809)
        at java.util.concurrent.ThreadPoolExecutor.getTask(ThreadPoolExecutor.java:1074)
        at java.util.concurrent.ThreadPoolExecutor.runWorker(ThreadPoolExecutor.java:1134)
        at java.util.concurrent.ThreadPoolExecutor$Worker.run(ThreadPoolExecutor.java:624)
        at java.lang.Thread.run(Thread.java:748)
"pool-26-thread-29"  prio=5 tid=315 in Object.wait()
java.lang.Thread.State: WAITING (on object monitor)
        at sun.misc.Unsafe.park(Native Method)
        at java.util.concurrent.locks.LockSupport.park(LockSupport.java:175)
        at java.util.concurrent.locks.AbstractQueuedSynchronizer$ConditionObject.await(AbstractQueuedSynchronizer.java:2039)
        at java.util.concurrent.ArrayBlockingQueue.take(ArrayBlockingQueue.java:403)
        at java.util.concurrent.ThreadPoolExecutor.getTask(ThreadPoolExecutor.java:1074)
        at java.util.concurrent.ThreadPoolExecutor.runWorker(ThreadPoolExecutor.java:1134)
        at java.util.concurrent.ThreadPoolExecutor$Worker.run(ThreadPoolExecutor.java:624)
        at java.lang.Thread.run(Thread.java:748)
"IPC Server handler 12 on 33004" daemon prio=5 tid=81 timed_waiting
java.lang.Thread.State: TIMED_WAITING
        at sun.misc.Unsafe.park(Native Method)
        at java.util.concurrent.locks.LockSupport.parkNanos(LockSupport.java:215)
        at java.util.concurrent.locks.AbstractQueuedSynchronizer$ConditionObject.awaitNanos(AbstractQueuedSynchronizer.java:2078)
        at java.util.concurrent.LinkedBlockingQueue.poll(LinkedBlockingQueue.java:467)
        at org.apache.hadoop.ipc.CallQueueManager.take(CallQueueManager.java:288)
        at org.apache.hadoop.ipc.Server$Handler.run(Server.java:2668)
"qtp1919592808-189" daemon prio=5 tid=189 timed_waiting
java.lang.Thread.State: TIMED_WAITING
        at sun.misc.Unsafe.park(Native Method)
        at java.util.concurrent.locks.LockSupport.parkNanos(LockSupport.java:215)
        at java.util.concurrent.locks.AbstractQueuedSynchronizer$ConditionObject.awaitNanos(AbstractQueuedSynchronizer.java:2078)
        at org.eclipse.jetty.util.BlockingArrayQueue.poll(BlockingArrayQueue.java:392)
        at org.eclipse.jetty.util.thread.QueuedThreadPool.idleJobPoll(QueuedThreadPool.java:563)
        at org.eclipse.jetty.util.thread.QueuedThreadPool.access$800(QueuedThreadPool.java:48)
        at org.eclipse.jetty.util.thread.QueuedThreadPool$2.run(QueuedThreadPool.java:626)
        at java.lang.Thread.run(Thread.java:748)
"pool-36-thread-31"  prio=5 tid=377 in Object.wait()
java.lang.Thread.State: WAITING (on object monitor)
        at sun.misc.Unsafe.park(Native Method)
        at java.util.concurrent.locks.LockSupport.park(LockSupport.java:175)
        at java.util.concurrent.locks.AbstractQueuedSynchronizer$ConditionObject.await(AbstractQueuedSynchronizer.java:2039)
        at java.util.concurrent.ArrayBlockingQueue.take(ArrayBlockingQueue.java:403)
        at java.util.concurrent.ThreadPoolExecutor.getTask(ThreadPoolExecutor.java:1074)
        at java.util.concurrent.ThreadPoolExecutor.runWorker(ThreadPoolExecutor.java:1134)
        at java.util.concurrent.ThreadPoolExecutor$Worker.run(ThreadPoolExecutor.java:624)
        at java.lang.Thread.run(Thread.java:748)
"IPC Server handler 0 on 33004" daemon prio=5 tid=69 timed_waiting
java.lang.Thread.State: TIMED_WAITING
        at sun.misc.Unsafe.park(Native Method)
        at java.util.concurrent.locks.LockSupport.parkNanos(LockSupport.java:215)
        at java.util.concurrent.locks.AbstractQueuedSynchronizer$ConditionObject.awaitNanos(AbstractQueuedSynchronizer.java:2078)
        at java.util.concurrent.LinkedBlockingQueue.poll(LinkedBlockingQueue.java:467)
        at org.apache.hadoop.ipc.CallQueueManager.take(CallQueueManager.java:288)
        at org.apache.hadoop.ipc.Server$Handler.run(Server.java:2668)
"pool-26-thread-18"  prio=5 tid=304 in Object.wait()
java.lang.Thread.State: WAITING (on object monitor)
        at sun.misc.Unsafe.park(Native Method)
        at java.util.concurrent.locks.LockSupport.park(LockSupport.java:175)
        at java.util.concurrent.locks.AbstractQueuedSynchronizer$ConditionObject.await(AbstractQueuedSynchronizer.java:2039)
        at java.util.concurrent.ArrayBlockingQueue.take(ArrayBlockingQueue.java:403)
        at java.util.concurrent.ThreadPoolExecutor.getTask(ThreadPoolExecutor.java:1074)
        at java.util.concurrent.ThreadPoolExecutor.runWorker(ThreadPoolExecutor.java:1134)
        at java.util.concurrent.ThreadPoolExecutor$Worker.run(ThreadPoolExecutor.java:624)
        at java.lang.Thread.run(Thread.java:748)
"Datanode ReportManager Thread - 0" daemon prio=5 tid=225 in Object.wait()
java.lang.Thread.State: WAITING (on object monitor)
        at sun.misc.Unsafe.park(Native Method)
        at java.util.concurrent.locks.LockSupport.park(LockSupport.java:175)
        at java.util.concurrent.locks.AbstractQueuedSynchronizer$ConditionObject.await(AbstractQueuedSynchronizer.java:2039)
        at java.util.concurrent.ScheduledThreadPoolExecutor$DelayedWorkQueue.take(ScheduledThreadPoolExecutor.java:1088)
        at java.util.concurrent.ScheduledThreadPoolExecutor$DelayedWorkQueue.take(ScheduledThreadPoolExecutor.java:809)
        at java.util.concurrent.ThreadPoolExecutor.getTask(ThreadPoolExecutor.java:1074)
        at java.util.concurrent.ThreadPoolExecutor.runWorker(ThreadPoolExecutor.java:1134)
        at java.util.concurrent.ThreadPoolExecutor$Worker.run(ThreadPoolExecutor.java:624)
        at java.lang.Thread.run(Thread.java:748)
"pool-56-thread-44"  prio=5 tid=517 in Object.wait()
java.lang.Thread.State: WAITING (on object monitor)
        at sun.misc.Unsafe.park(Native Method)
        at java.util.concurrent.locks.LockSupport.park(LockSupport.java:175)
        at java.util.concurrent.locks.AbstractQueuedSynchronizer$ConditionObject.await(AbstractQueuedSynchronizer.java:2039)
        at java.util.concurrent.ArrayBlockingQueue.take(ArrayBlockingQueue.java:403)
        at java.util.concurrent.ThreadPoolExecutor.getTask(ThreadPoolExecutor.java:1074)
        at java.util.concurrent.ThreadPoolExecutor.runWorker(ThreadPoolExecutor.java:1134)
        at java.util.concurrent.ThreadPoolExecutor$Worker.run(ThreadPoolExecutor.java:624)
        at java.lang.Thread.run(Thread.java:748)
"pool-46-thread-38"  prio=5 tid=444 in Object.wait()
java.lang.Thread.State: WAITING (on object monitor)
        at sun.misc.Unsafe.park(Native Method)
        at java.util.concurrent.locks.LockSupport.park(LockSupport.java:175)
        at java.util.concurrent.locks.AbstractQueuedSynchronizer$ConditionObject.await(AbstractQueuedSynchronizer.java:2039)
        at java.util.concurrent.ArrayBlockingQueue.take(ArrayBlockingQueue.java:403)
        at java.util.concurrent.ThreadPoolExecutor.getTask(ThreadPoolExecutor.java:1074)
        at java.util.concurrent.ThreadPoolExecutor.runWorker(ThreadPoolExecutor.java:1134)
        at java.util.concurrent.ThreadPoolExecutor$Worker.run(ThreadPoolExecutor.java:624)
        at java.lang.Thread.run(Thread.java:748)
"OMDoubleBufferFlushThread" daemon prio=5 tid=106 timed_waiting
java.lang.Thread.State: TIMED_WAITING
        at java.lang.Object.wait(Native Method)
        at org.apache.hadoop.ozone.om.ratis.OzoneManagerDoubleBuffer.canFlush(OzoneManagerDoubleBuffer.java:322)
        at org.apache.hadoop.ozone.om.ratis.OzoneManagerDoubleBuffer.flushTransactions(OzoneManagerDoubleBuffer.java:130)
        at org.apache.hadoop.ozone.om.ratis.OzoneManagerDoubleBuffer$$Lambda$49/704387627.run(Unknown Source)
        at java.lang.Thread.run(Thread.java:748)
"pool-56-thread-8"  prio=5 tid=481 in Object.wait()
java.lang.Thread.State: WAITING (on object monitor)
        at sun.misc.Unsafe.park(Native Method)
        at java.util.concurrent.locks.LockSupport.park(LockSupport.java:175)
        at java.util.concurrent.locks.AbstractQueuedSynchronizer$ConditionObject.await(AbstractQueuedSynchronizer.java:2039)
        at java.util.concurrent.ArrayBlockingQueue.take(ArrayBlockingQueue.java:403)
        at java.util.concurrent.ThreadPoolExecutor.getTask(ThreadPoolExecutor.java:1074)
        at java.util.concurrent.ThreadPoolExecutor.runWorker(ThreadPoolExecutor.java:1134)
        at java.util.concurrent.ThreadPoolExecutor$Worker.run(ThreadPoolExecutor.java:624)
        at java.lang.Thread.run(Thread.java:748)
"pool-46-thread-43"  prio=5 tid=449 in Object.wait()
java.lang.Thread.State: WAITING (on object monitor)
        at sun.misc.Unsafe.park(Native Method)
        at java.util.concurrent.locks.LockSupport.park(LockSupport.java:175)
        at java.util.concurrent.locks.AbstractQueuedSynchronizer$ConditionObject.await(AbstractQueuedSynchronizer.java:2039)
        at java.util.concurrent.ArrayBlockingQueue.take(ArrayBlockingQueue.java:403)
        at java.util.concurrent.ThreadPoolExecutor.getTask(ThreadPoolExecutor.java:1074)
        at java.util.concurrent.ThreadPoolExecutor.runWorker(ThreadPoolExecutor.java:1134)
        at java.util.concurrent.ThreadPoolExecutor$Worker.run(ThreadPoolExecutor.java:624)
        at java.lang.Thread.run(Thread.java:748)
"Socket Reader #1 for port 33004"  prio=5 tid=15 runnable
java.lang.Thread.State: RUNNABLE
        at sun.nio.ch.EPollArrayWrapper.epollWait(Native Method)
        at sun.nio.ch.EPollArrayWrapper.poll(EPollArrayWrapper.java:269)
        at sun.nio.ch.EPollSelectorImpl.doSelect(EPollSelectorImpl.java:93)
        at sun.nio.ch.SelectorImpl.lockAndDoSelect(SelectorImpl.java:86)
        at sun.nio.ch.SelectorImpl.select(SelectorImpl.java:97)
        at sun.nio.ch.SelectorImpl.select(SelectorImpl.java:101)
        at org.apache.hadoop.ipc.Server$Listener$Reader.doRunLoop(Server.java:1097)
        at org.apache.hadoop.ipc.Server$Listener$Reader.run(Server.java:1076)
"IPC Server handler 14 on 46821" daemon prio=5 tid=63 timed_waiting
java.lang.Thread.State: TIMED_WAITING
        at sun.misc.Unsafe.park(Native Method)
        at java.util.concurrent.locks.LockSupport.parkNanos(LockSupport.java:215)
        at java.util.concurrent.locks.AbstractQueuedSynchronizer$ConditionObject.awaitNanos(AbstractQueuedSynchronizer.java:2078)
        at java.util.concurrent.LinkedBlockingQueue.poll(LinkedBlockingQueue.java:467)
        at org.apache.hadoop.ipc.CallQueueManager.take(CallQueueManager.java:288)
        at org.apache.hadoop.ipc.Server$Handler.run(Server.java:2668)
"qtp1680841335-214-acceptor-0@61fc91f6-ServerConnector@411c6d44{HTTP/1.1,[http/1.1]}{0.0.0.0:35978}" daemon prio=3 tid=214 runnable
java.lang.Thread.State: RUNNABLE
        at sun.nio.ch.ServerSocketChannelImpl.accept0(Native Method)
        at sun.nio.ch.ServerSocketChannelImpl.accept(ServerSocketChannelImpl.java:422)
        at sun.nio.ch.ServerSocketChannelImpl.accept(ServerSocketChannelImpl.java:250)
        at org.eclipse.jetty.server.ServerConnector.accept(ServerConnector.java:397)
        at org.eclipse.jetty.server.AbstractConnector$Acceptor.run(AbstractConnector.java:601)
        at org.eclipse.jetty.util.thread.QueuedThreadPool.runJob(QueuedThreadPool.java:671)
        at org.eclipse.jetty.util.thread.QueuedThreadPool$2.run(QueuedThreadPool.java:589)
        at java.lang.Thread.run(Thread.java:748)
"9d88716d-5d6b-4fd8-b832-a110dc45ee66@group-4744F5BEFEE7-StateMachineUpdater" daemon prio=5 tid=637 in Object.wait()
java.lang.Thread.State: WAITING (on object monitor)
        at java.lang.Object.wait(Native Method)
        at java.lang.Object.wait(Object.java:502)
        at org.apache.ratis.server.impl.StateMachineUpdater.waitForCommit(StateMachineUpdater.java:194)
        at org.apache.ratis.server.impl.StateMachineUpdater.run(StateMachineUpdater.java:159)
        at java.lang.Thread.run(Thread.java:748)
"pool-36-thread-10"  prio=5 tid=356 in Object.wait()
java.lang.Thread.State: WAITING (on object monitor)
        at sun.misc.Unsafe.park(Native Method)
        at java.util.concurrent.locks.LockSupport.park(LockSupport.java:175)
        at java.util.concurrent.locks.AbstractQueuedSynchronizer$ConditionObject.await(AbstractQueuedSynchronizer.java:2039)
        at java.util.concurrent.ArrayBlockingQueue.take(ArrayBlockingQueue.java:403)
        at java.util.concurrent.ThreadPoolExecutor.getTask(ThreadPoolExecutor.java:1074)
        at java.util.concurrent.ThreadPoolExecutor.runWorker(ThreadPoolExecutor.java:1134)
        at java.util.concurrent.ThreadPoolExecutor$Worker.run(ThreadPoolExecutor.java:624)
        at java.lang.Thread.run(Thread.java:748)
"pool-66-thread-28"  prio=5 tid=563 in Object.wait()
java.lang.Thread.State: WAITING (on object monitor)
        at sun.misc.Unsafe.park(Native Method)
        at java.util.concurrent.locks.LockSupport.park(LockSupport.java:175)
        at java.util.concurrent.locks.AbstractQueuedSynchronizer$ConditionObject.await(AbstractQueuedSynchronizer.java:2039)
        at java.util.concurrent.ArrayBlockingQueue.take(ArrayBlockingQueue.java:403)
        at java.util.concurrent.ThreadPoolExecutor.getTask(ThreadPoolExecutor.java:1074)
        at java.util.concurrent.ThreadPoolExecutor.runWorker(ThreadPoolExecutor.java:1134)
        at java.util.concurrent.ThreadPoolExecutor$Worker.run(ThreadPoolExecutor.java:624)
        at java.lang.Thread.run(Thread.java:748)
"pool-66-thread-40"  prio=5 tid=575 in Object.wait()
java.lang.Thread.State: WAITING (on object monitor)
        at sun.misc.Unsafe.park(Native Method)
        at java.util.concurrent.locks.LockSupport.park(LockSupport.java:175)
        at java.util.concurrent.locks.AbstractQueuedSynchronizer$ConditionObject.await(AbstractQueuedSynchronizer.java:2039)
        at java.util.concurrent.ArrayBlockingQueue.take(ArrayBlockingQueue.java:403)
        at java.util.concurrent.ThreadPoolExecutor.getTask(ThreadPoolExecutor.java:1074)
        at java.util.concurrent.ThreadPoolExecutor.runWorker(ThreadPoolExecutor.java:1134)
        at java.util.concurrent.ThreadPoolExecutor$Worker.run(ThreadPoolExecutor.java:624)
        at java.lang.Thread.run(Thread.java:748)
"IPC Server handler 19 on 33004" daemon prio=5 tid=88 timed_waiting
java.lang.Thread.State: TIMED_WAITING
        at sun.misc.Unsafe.park(Native Method)
        at java.util.concurrent.locks.LockSupport.parkNanos(LockSupport.java:215)
        at java.util.concurrent.locks.AbstractQueuedSynchronizer$ConditionObject.awaitNanos(AbstractQueuedSynchronizer.java:2078)
        at java.util.concurrent.LinkedBlockingQueue.poll(LinkedBlockingQueue.java:467)
        at org.apache.hadoop.ipc.CallQueueManager.take(CallQueueManager.java:288)
        at org.apache.hadoop.ipc.Server$Handler.run(Server.java:2668)
"org.apache.hadoop.util.JvmPauseMonitor$Monitor@61e617c1" daemon prio=5 tid=257 timed_waiting
java.lang.Thread.State: TIMED_WAITING
        at java.lang.Thread.sleep(Native Method)
        at org.apache.hadoop.util.JvmPauseMonitor$Monitor.run(JvmPauseMonitor.java:192)
        at java.lang.Thread.run(Thread.java:748)
"java.util.concurrent.ThreadPoolExecutor$Worker@a66829[State = -1, empty queue]" daemon prio=5 tid=823 timed_waiting
java.lang.Thread.State: TIMED_WAITING
        at sun.misc.Unsafe.park(Native Method)
        at java.util.concurrent.locks.LockSupport.parkNanos(LockSupport.java:215)
        at java.util.concurrent.locks.AbstractQueuedSynchronizer$ConditionObject.awaitNanos(AbstractQueuedSynchronizer.java:2078)
        at java.util.concurrent.ScheduledThreadPoolExecutor$DelayedWorkQueue.take(ScheduledThreadPoolExecutor.java:1093)
        at java.util.concurrent.ScheduledThreadPoolExecutor$DelayedWorkQueue.take(ScheduledThreadPoolExecutor.java:809)
        at java.util.concurrent.ThreadPoolExecutor.getTask(ThreadPoolExecutor.java:1074)
        at java.util.concurrent.ThreadPoolExecutor.runWorker(ThreadPoolExecutor.java:1134)
        at java.util.concurrent.ThreadPoolExecutor$Worker.run(ThreadPoolExecutor.java:624)
        at java.lang.Thread.run(Thread.java:748)
"pool-26-thread-12"  prio=5 tid=298 in Object.wait()
java.lang.Thread.State: WAITING (on object monitor)
        at sun.misc.Unsafe.park(Native Method)
        at java.util.concurrent.locks.LockSupport.park(LockSupport.java:175)
        at java.util.concurrent.locks.AbstractQueuedSynchronizer$ConditionObject.await(AbstractQueuedSynchronizer.java:2039)
        at java.util.concurrent.ArrayBlockingQueue.take(ArrayBlockingQueue.java:403)
        at java.util.concurrent.ThreadPoolExecutor.getTask(ThreadPoolExecutor.java:1074)
        at java.util.concurrent.ThreadPoolExecutor.runWorker(ThreadPoolExecutor.java:1134)
        at java.util.concurrent.ThreadPoolExecutor$Worker.run(ThreadPoolExecutor.java:624)
        at java.lang.Thread.run(Thread.java:748)
"Datanode State Machine Thread - 0" daemon prio=5 tid=179 timed_waiting
java.lang.Thread.State: TIMED_WAITING
        at sun.misc.Unsafe.park(Native Method)
        at java.util.concurrent.locks.LockSupport.parkNanos(LockSupport.java:215)
        at java.util.concurrent.SynchronousQueue$TransferStack.awaitFulfill(SynchronousQueue.java:460)
        at java.util.concurrent.SynchronousQueue$TransferStack.transfer(SynchronousQueue.java:362)
        at java.util.concurrent.SynchronousQueue.poll(SynchronousQueue.java:941)
        at java.util.concurrent.ThreadPoolExecutor.getTask(ThreadPoolExecutor.java:1073)
        at java.util.concurrent.ThreadPoolExecutor.runWorker(ThreadPoolExecutor.java:1134)
        at java.util.concurrent.ThreadPoolExecutor$Worker.run(ThreadPoolExecutor.java:624)
        at java.lang.Thread.run(Thread.java:748)
"pool-56-thread-57"  prio=5 tid=530 in Object.wait()
java.lang.Thread.State: WAITING (on object monitor)
        at sun.misc.Unsafe.park(Native Method)
        at java.util.concurrent.locks.LockSupport.park(LockSupport.java:175)
        at java.util.concurrent.locks.AbstractQueuedSynchronizer$ConditionObject.await(AbstractQueuedSynchronizer.java:2039)
        at java.util.concurrent.ArrayBlockingQueue.take(ArrayBlockingQueue.java:403)
        at java.util.concurrent.ThreadPoolExecutor.getTask(ThreadPoolExecutor.java:1074)
        at java.util.concurrent.ThreadPoolExecutor.runWorker(ThreadPoolExecutor.java:1134)
        at java.util.concurrent.ThreadPoolExecutor$Worker.run(ThreadPoolExecutor.java:624)
        at java.lang.Thread.run(Thread.java:748)
"pool-26-thread-36"  prio=5 tid=322 in Object.wait()
java.lang.Thread.State: WAITING (on object monitor)
        at sun.misc.Unsafe.park(Native Method)
        at java.util.concurrent.locks.LockSupport.park(LockSupport.java:175)
        at java.util.concurrent.locks.AbstractQueuedSynchronizer$ConditionObject.await(AbstractQueuedSynchronizer.java:2039)
        at java.util.concurrent.ArrayBlockingQueue.take(ArrayBlockingQueue.java:403)
        at java.util.concurrent.ThreadPoolExecutor.getTask(ThreadPoolExecutor.java:1074)
        at java.util.concurrent.ThreadPoolExecutor.runWorker(ThreadPoolExecutor.java:1134)
        at java.util.concurrent.ThreadPoolExecutor$Worker.run(ThreadPoolExecutor.java:624)
        at java.lang.Thread.run(Thread.java:748)
"metrics-hadoop-metrics2-reporter-24-thread-1" daemon prio=5 tid=671 timed_waiting
java.lang.Thread.State: TIMED_WAITING
        at sun.misc.Unsafe.park(Native Method)
        at java.util.concurrent.locks.LockSupport.parkNanos(LockSupport.java:215)
        at java.util.concurrent.locks.AbstractQueuedSynchronizer$ConditionObject.awaitNanos(AbstractQueuedSynchronizer.java:2078)
        at java.util.concurrent.ScheduledThreadPoolExecutor$DelayedWorkQueue.take(ScheduledThreadPoolExecutor.java:1093)
        at java.util.concurrent.ScheduledThreadPoolExecutor$DelayedWorkQueue.take(ScheduledThreadPoolExecutor.java:809)
        at java.util.concurrent.ThreadPoolExecutor.getTask(ThreadPoolExecutor.java:1074)
        at java.util.concurrent.ThreadPoolExecutor.runWorker(ThreadPoolExecutor.java:1134)
        at java.util.concurrent.ThreadPoolExecutor$Worker.run(ThreadPoolExecutor.java:624)
        at java.lang.Thread.run(Thread.java:748)
"metrics-hadoop-metrics2-reporter-17-thread-1" daemon prio=5 tid=651 timed_waiting
java.lang.Thread.State: TIMED_WAITING
        at sun.misc.Unsafe.park(Native Method)
        at java.util.concurrent.locks.LockSupport.parkNanos(LockSupport.java:215)
        at java.util.concurrent.locks.AbstractQueuedSynchronizer$ConditionObject.awaitNanos(AbstractQueuedSynchronizer.java:2078)
        at java.util.concurrent.ScheduledThreadPoolExecutor$DelayedWorkQueue.take(ScheduledThreadPoolExecutor.java:1093)
        at java.util.concurrent.ScheduledThreadPoolExecutor$DelayedWorkQueue.take(ScheduledThreadPoolExecutor.java:809)
        at java.util.concurrent.ThreadPoolExecutor.getTask(ThreadPoolExecutor.java:1074)
        at java.util.concurrent.ThreadPoolExecutor.runWorker(ThreadPoolExecutor.java:1134)
        at java.util.concurrent.ThreadPoolExecutor$Worker.run(ThreadPoolExecutor.java:624)
        at java.lang.Thread.run(Thread.java:748)
"Datanode State Machine Thread - 0" daemon prio=5 tid=258 timed_waiting
java.lang.Thread.State: TIMED_WAITING
        at sun.misc.Unsafe.park(Native Method)
        at java.util.concurrent.locks.LockSupport.parkNanos(LockSupport.java:215)
        at java.util.concurrent.SynchronousQueue$TransferStack.awaitFulfill(SynchronousQueue.java:460)
        at java.util.concurrent.SynchronousQueue$TransferStack.transfer(SynchronousQueue.java:362)
        at java.util.concurrent.SynchronousQueue.poll(SynchronousQueue.java:941)
        at java.util.concurrent.ThreadPoolExecutor.getTask(ThreadPoolExecutor.java:1073)
        at java.util.concurrent.ThreadPoolExecutor.runWorker(ThreadPoolExecutor.java:1134)
        at java.util.concurrent.ThreadPoolExecutor$Worker.run(ThreadPoolExecutor.java:624)
        at java.lang.Thread.run(Thread.java:748)
"IPC Server handler 4 on 35444" daemon prio=5 tid=118 timed_waiting
java.lang.Thread.State: TIMED_WAITING
        at sun.misc.Unsafe.park(Native Method)
        at java.util.concurrent.locks.LockSupport.parkNanos(LockSupport.java:215)
        at java.util.concurrent.locks.AbstractQueuedSynchronizer$ConditionObject.awaitNanos(AbstractQueuedSynchronizer.java:2078)
        at java.util.concurrent.LinkedBlockingQueue.poll(LinkedBlockingQueue.java:467)
        at org.apache.hadoop.ipc.CallQueueManager.take(CallQueueManager.java:288)
        at org.apache.hadoop.ipc.Server$Handler.run(Server.java:2668)
"pool-56-thread-19"  prio=5 tid=492 in Object.wait()
java.lang.Thread.State: WAITING (on object monitor)
        at sun.misc.Unsafe.park(Native Method)
        at java.util.concurrent.locks.LockSupport.park(LockSupport.java:175)
        at java.util.concurrent.locks.AbstractQueuedSynchronizer$ConditionObject.await(AbstractQueuedSynchronizer.java:2039)
        at java.util.concurrent.ArrayBlockingQueue.take(ArrayBlockingQueue.java:403)
        at java.util.concurrent.ThreadPoolExecutor.getTask(ThreadPoolExecutor.java:1074)
        at java.util.concurrent.ThreadPoolExecutor.runWorker(ThreadPoolExecutor.java:1134)
        at java.util.concurrent.ThreadPoolExecutor$Worker.run(ThreadPoolExecutor.java:624)
        at java.lang.Thread.run(Thread.java:748)
"grpc-default-executor-1" daemon prio=5 tid=672 timed_waiting
java.lang.Thread.State: TIMED_WAITING
        at sun.misc.Unsafe.park(Native Method)
        at java.util.concurrent.locks.LockSupport.parkNanos(LockSupport.java:215)
        at java.util.concurrent.SynchronousQueue$TransferStack.awaitFulfill(SynchronousQueue.java:460)
        at java.util.concurrent.SynchronousQueue$TransferStack.transfer(SynchronousQueue.java:362)
        at java.util.concurrent.SynchronousQueue.poll(SynchronousQueue.java:941)
        at java.util.concurrent.ThreadPoolExecutor.getTask(ThreadPoolExecutor.java:1073)
        at java.util.concurrent.ThreadPoolExecutor.runWorker(ThreadPoolExecutor.java:1134)
        at java.util.concurrent.ThreadPoolExecutor$Worker.run(ThreadPoolExecutor.java:624)
        at java.lang.Thread.run(Thread.java:748)
"pool-56-thread-9"  prio=5 tid=482 in Object.wait()
java.lang.Thread.State: WAITING (on object monitor)
        at sun.misc.Unsafe.park(Native Method)
        at java.util.concurrent.locks.LockSupport.park(LockSupport.java:175)
        at java.util.concurrent.locks.AbstractQueuedSynchronizer$ConditionObject.await(AbstractQueuedSynchronizer.java:2039)
        at java.util.concurrent.ArrayBlockingQueue.take(ArrayBlockingQueue.java:403)
        at java.util.concurrent.ThreadPoolExecutor.getTask(ThreadPoolExecutor.java:1074)
        at java.util.concurrent.ThreadPoolExecutor.runWorker(ThreadPoolExecutor.java:1134)
        at java.util.concurrent.ThreadPoolExecutor$Worker.run(ThreadPoolExecutor.java:624)
        at java.lang.Thread.run(Thread.java:748)
"Command processor thread" daemon prio=5 tid=283 timed_waiting
java.lang.Thread.State: TIMED_WAITING
        at java.lang.Thread.sleep(Native Method)
        at org.apache.hadoop.ozone.container.common.statemachine.DatanodeStateMachine.lambda$initCommandHandlerThread$1(DatanodeStateMachine.java:439)
        at org.apache.hadoop.ozone.container.common.statemachine.DatanodeStateMachine$$Lambda$141/1433245022.run(Unknown Source)
        at java.lang.Thread.run(Thread.java:748)
"pool-56-thread-52"  prio=5 tid=525 in Object.wait()
java.lang.Thread.State: WAITING (on object monitor)
        at sun.misc.Unsafe.park(Native Method)
        at java.util.concurrent.locks.LockSupport.park(LockSupport.java:175)
        at java.util.concurrent.locks.AbstractQueuedSynchronizer$ConditionObject.await(AbstractQueuedSynchronizer.java:2039)
        at java.util.concurrent.ArrayBlockingQueue.take(ArrayBlockingQueue.java:403)
        at java.util.concurrent.ThreadPoolExecutor.getTask(ThreadPoolExecutor.java:1074)
        at java.util.concurrent.ThreadPoolExecutor.runWorker(ThreadPoolExecutor.java:1134)
        at java.util.concurrent.ThreadPoolExecutor$Worker.run(ThreadPoolExecutor.java:624)
        at java.lang.Thread.run(Thread.java:748)
"pool-46-thread-54"  prio=5 tid=460 in Object.wait()
java.lang.Thread.State: WAITING (on object monitor)
        at sun.misc.Unsafe.park(Native Method)
        at java.util.concurrent.locks.LockSupport.park(LockSupport.java:175)
        at java.util.concurrent.locks.AbstractQueuedSynchronizer$ConditionObject.await(AbstractQueuedSynchronizer.java:2039)
        at java.util.concurrent.ArrayBlockingQueue.take(ArrayBlockingQueue.java:403)
        at java.util.concurrent.ThreadPoolExecutor.getTask(ThreadPoolExecutor.java:1074)
        at java.util.concurrent.ThreadPoolExecutor.runWorker(ThreadPoolExecutor.java:1134)
        at java.util.concurrent.ThreadPoolExecutor$Worker.run(ThreadPoolExecutor.java:624)
        at java.lang.Thread.run(Thread.java:748)
"pool-56-thread-48"  prio=5 tid=521 in Object.wait()
java.lang.Thread.State: WAITING (on object monitor)
        at sun.misc.Unsafe.park(Native Method)
        at java.util.concurrent.locks.LockSupport.park(LockSupport.java:175)
        at java.util.concurrent.locks.AbstractQueuedSynchronizer$ConditionObject.await(AbstractQueuedSynchronizer.java:2039)
        at java.util.concurrent.ArrayBlockingQueue.take(ArrayBlockingQueue.java:403)
        at java.util.concurrent.ThreadPoolExecutor.getTask(ThreadPoolExecutor.java:1074)
        at java.util.concurrent.ThreadPoolExecutor.runWorker(ThreadPoolExecutor.java:1134)
        at java.util.concurrent.ThreadPoolExecutor$Worker.run(ThreadPoolExecutor.java:624)
        at java.lang.Thread.run(Thread.java:748)
"Datanode State Machine Thread - 0" daemon prio=5 tid=285 timed_waiting
java.lang.Thread.State: TIMED_WAITING
        at sun.misc.Unsafe.park(Native Method)
        at java.util.concurrent.locks.LockSupport.parkNanos(LockSupport.java:215)
        at java.util.concurrent.SynchronousQueue$TransferStack.awaitFulfill(SynchronousQueue.java:460)
        at java.util.concurrent.SynchronousQueue$TransferStack.transfer(SynchronousQueue.java:362)
        at java.util.concurrent.SynchronousQueue.poll(SynchronousQueue.java:941)
        at java.util.concurrent.ThreadPoolExecutor.getTask(ThreadPoolExecutor.java:1073)
        at java.util.concurrent.ThreadPoolExecutor.runWorker(ThreadPoolExecutor.java:1134)
        at java.util.concurrent.ThreadPoolExecutor$Worker.run(ThreadPoolExecutor.java:624)
        at java.lang.Thread.run(Thread.java:748)
"Datanode ReportManager Thread - 2" daemon prio=5 tid=254 timed_waiting
java.lang.Thread.State: TIMED_WAITING
        at sun.misc.Unsafe.park(Native Method)
        at java.util.concurrent.locks.LockSupport.parkNanos(LockSupport.java:215)
        at java.util.concurrent.locks.AbstractQueuedSynchronizer$ConditionObject.awaitNanos(AbstractQueuedSynchronizer.java:2078)
        at java.util.concurrent.ScheduledThreadPoolExecutor$DelayedWorkQueue.take(ScheduledThreadPoolExecutor.java:1093)
        at java.util.concurrent.ScheduledThreadPoolExecutor$DelayedWorkQueue.take(ScheduledThreadPoolExecutor.java:809)
        at java.util.concurrent.ThreadPoolExecutor.getTask(ThreadPoolExecutor.java:1074)
        at java.util.concurrent.ThreadPoolExecutor.runWorker(ThreadPoolExecutor.java:1134)
        at java.util.concurrent.ThreadPoolExecutor$Worker.run(ThreadPoolExecutor.java:624)
        at java.lang.Thread.run(Thread.java:748)
"pool-46-thread-25"  prio=5 tid=431 in Object.wait()
java.lang.Thread.State: WAITING (on object monitor)
        at sun.misc.Unsafe.park(Native Method)
        at java.util.concurrent.locks.LockSupport.park(LockSupport.java:175)
        at java.util.concurrent.locks.AbstractQueuedSynchronizer$ConditionObject.await(AbstractQueuedSynchronizer.java:2039)
        at java.util.concurrent.ArrayBlockingQueue.take(ArrayBlockingQueue.java:403)
        at java.util.concurrent.ThreadPoolExecutor.getTask(ThreadPoolExecutor.java:1074)
        at java.util.concurrent.ThreadPoolExecutor.runWorker(ThreadPoolExecutor.java:1134)
        at java.util.concurrent.ThreadPoolExecutor$Worker.run(ThreadPoolExecutor.java:624)
        at java.lang.Thread.run(Thread.java:748)
"org.eclipse.jetty.server.session.HashSessionManager@2938127dTimer" daemon prio=5 tid=248 timed_waiting
java.lang.Thread.State: TIMED_WAITING
        at sun.misc.Unsafe.park(Native Method)
        at java.util.concurrent.locks.LockSupport.parkNanos(LockSupport.java:215)
        at java.util.concurrent.locks.AbstractQueuedSynchronizer$ConditionObject.awaitNanos(AbstractQueuedSynchronizer.java:2078)
        at java.util.concurrent.ScheduledThreadPoolExecutor$DelayedWorkQueue.take(ScheduledThreadPoolExecutor.java:1093)
        at java.util.concurrent.ScheduledThreadPoolExecutor$DelayedWorkQueue.take(ScheduledThreadPoolExecutor.java:809)
        at java.util.concurrent.ThreadPoolExecutor.getTask(ThreadPoolExecutor.java:1074)
        at java.util.concurrent.ThreadPoolExecutor.runWorker(ThreadPoolExecutor.java:1134)
        at java.util.concurrent.ThreadPoolExecutor$Worker.run(ThreadPoolExecutor.java:624)
        at java.lang.Thread.run(Thread.java:748)
"IPC Server handler 6 on 33004" daemon prio=5 tid=75 timed_waiting
java.lang.Thread.State: TIMED_WAITING
        at sun.misc.Unsafe.park(Native Method)
        at java.util.concurrent.locks.LockSupport.parkNanos(LockSupport.java:215)
        at java.util.concurrent.locks.AbstractQueuedSynchronizer$ConditionObject.awaitNanos(AbstractQueuedSynchronizer.java:2078)
        at java.util.concurrent.LinkedBlockingQueue.poll(LinkedBlockingQueue.java:467)
        at org.apache.hadoop.ipc.CallQueueManager.take(CallQueueManager.java:288)
        at org.apache.hadoop.ipc.Server$Handler.run(Server.java:2668)
"Command processor thread" daemon prio=5 tid=202 timed_waiting
java.lang.Thread.State: TIMED_WAITING
        at java.lang.Thread.sleep(Native Method)
        at org.apache.hadoop.ozone.container.common.statemachine.DatanodeStateMachine.lambda$initCommandHandlerThread$1(DatanodeStateMachine.java:439)
        at org.apache.hadoop.ozone.container.common.statemachine.DatanodeStateMachine$$Lambda$141/1433245022.run(Unknown Source)
        at java.lang.Thread.run(Thread.java:748)
"IPC Parameter Sending Thread #0" daemon prio=5 tid=105 timed_waiting
java.lang.Thread.State: TIMED_WAITING
        at sun.misc.Unsafe.park(Native Method)
        at java.util.concurrent.locks.LockSupport.parkNanos(LockSupport.java:215)
        at java.util.concurrent.SynchronousQueue$TransferStack.awaitFulfill(SynchronousQueue.java:460)
        at java.util.concurrent.SynchronousQueue$TransferStack.transfer(SynchronousQueue.java:362)
        at java.util.concurrent.SynchronousQueue.poll(SynchronousQueue.java:941)
        at java.util.concurrent.ThreadPoolExecutor.getTask(ThreadPoolExecutor.java:1073)
        at java.util.concurrent.ThreadPoolExecutor.runWorker(ThreadPoolExecutor.java:1134)
        at java.util.concurrent.ThreadPoolExecutor$Worker.run(ThreadPoolExecutor.java:624)
        at java.lang.Thread.run(Thread.java:748)
"qtp801142660-141" daemon prio=5 tid=141 timed_waiting
java.lang.Thread.State: TIMED_WAITING
        at sun.misc.Unsafe.park(Native Method)
        at java.util.concurrent.locks.LockSupport.parkNanos(LockSupport.java:215)
        at java.util.concurrent.locks.AbstractQueuedSynchronizer$ConditionObject.awaitNanos(AbstractQueuedSynchronizer.java:2078)
        at org.eclipse.jetty.util.BlockingArrayQueue.poll(BlockingArrayQueue.java:392)
        at org.eclipse.jetty.util.thread.QueuedThreadPool.idleJobPoll(QueuedThreadPool.java:563)
        at org.eclipse.jetty.util.thread.QueuedThreadPool.access$800(QueuedThreadPool.java:48)
        at org.eclipse.jetty.util.thread.QueuedThreadPool$2.run(QueuedThreadPool.java:626)
        at java.lang.Thread.run(Thread.java:748)
"Thread-213" daemon prio=5 tid=623 timed_waiting
java.lang.Thread.State: TIMED_WAITING
        at sun.misc.Unsafe.park(Native Method)
        at java.util.concurrent.locks.LockSupport.parkNanos(LockSupport.java:215)
        at java.util.concurrent.locks.AbstractQueuedSynchronizer$ConditionObject.awaitNanos(AbstractQueuedSynchronizer.java:2078)
        at java.util.concurrent.ArrayBlockingQueue.poll(ArrayBlockingQueue.java:418)
        at org.apache.ratis.server.impl.LeaderState$EventQueue.poll(LeaderState.java:115)
        at org.apache.ratis.server.impl.LeaderState$EventProcessor.run(LeaderState.java:467)
"pool-46-thread-58"  prio=5 tid=464 in Object.wait()
java.lang.Thread.State: WAITING (on object monitor)
        at sun.misc.Unsafe.park(Native Method)
        at java.util.concurrent.locks.LockSupport.park(LockSupport.java:175)
        at java.util.concurrent.locks.AbstractQueuedSynchronizer$ConditionObject.await(AbstractQueuedSynchronizer.java:2039)
        at java.util.concurrent.ArrayBlockingQueue.take(ArrayBlockingQueue.java:403)
        at java.util.concurrent.ThreadPoolExecutor.getTask(ThreadPoolExecutor.java:1074)
        at java.util.concurrent.ThreadPoolExecutor.runWorker(ThreadPoolExecutor.java:1134)
        at java.util.concurrent.ThreadPoolExecutor$Worker.run(ThreadPoolExecutor.java:624)
        at java.lang.Thread.run(Thread.java:748)
"pool-30-thread-1"  prio=5 tid=158 timed_waiting
java.lang.Thread.State: TIMED_WAITING
        at sun.misc.Unsafe.park(Native Method)
        at java.util.concurrent.locks.LockSupport.parkNanos(LockSupport.java:215)
        at java.util.concurrent.locks.AbstractQueuedSynchronizer$ConditionObject.awaitNanos(AbstractQueuedSynchronizer.java:2078)
        at java.util.concurrent.ScheduledThreadPoolExecutor$DelayedWorkQueue.take(ScheduledThreadPoolExecutor.java:1093)
        at java.util.concurrent.ScheduledThreadPoolExecutor$DelayedWorkQueue.take(ScheduledThreadPoolExecutor.java:809)
        at java.util.concurrent.ThreadPoolExecutor.getTask(ThreadPoolExecutor.java:1074)
        at java.util.concurrent.ThreadPoolExecutor.runWorker(ThreadPoolExecutor.java:1134)
        at java.util.concurrent.ThreadPoolExecutor$Worker.run(ThreadPoolExecutor.java:624)
        at java.lang.Thread.run(Thread.java:748)
"pool-36-thread-23"  prio=5 tid=369 in Object.wait()
java.lang.Thread.State: WAITING (on object monitor)
        at sun.misc.Unsafe.park(Native Method)
        at java.util.concurrent.locks.LockSupport.park(LockSupport.java:175)
        at java.util.concurrent.locks.AbstractQueuedSynchronizer$ConditionObject.await(AbstractQueuedSynchronizer.java:2039)
        at java.util.concurrent.ArrayBlockingQueue.take(ArrayBlockingQueue.java:403)
        at java.util.concurrent.ThreadPoolExecutor.getTask(ThreadPoolExecutor.java:1074)
        at java.util.concurrent.ThreadPoolExecutor.runWorker(ThreadPoolExecutor.java:1134)
        at java.util.concurrent.ThreadPoolExecutor$Worker.run(ThreadPoolExecutor.java:624)
        at java.lang.Thread.run(Thread.java:748)
"metrics-hadoop-metrics2-reporter-34-thread-1" daemon prio=5 tid=708 timed_waiting
java.lang.Thread.State: TIMED_WAITING
        at sun.misc.Unsafe.park(Native Method)
        at java.util.concurrent.locks.LockSupport.parkNanos(LockSupport.java:215)
        at java.util.concurrent.locks.AbstractQueuedSynchronizer$ConditionObject.awaitNanos(AbstractQueuedSynchronizer.java:2078)
        at java.util.concurrent.ScheduledThreadPoolExecutor$DelayedWorkQueue.take(ScheduledThreadPoolExecutor.java:1093)
        at java.util.concurrent.ScheduledThreadPoolExecutor$DelayedWorkQueue.take(ScheduledThreadPoolExecutor.java:809)
        at java.util.concurrent.ThreadPoolExecutor.getTask(ThreadPoolExecutor.java:1074)
        at java.util.concurrent.ThreadPoolExecutor.runWorker(ThreadPoolExecutor.java:1134)
        at java.util.concurrent.ThreadPoolExecutor$Worker.run(ThreadPoolExecutor.java:624)
        at java.lang.Thread.run(Thread.java:748)
"BlockDeletingService#1" daemon prio=5 tid=535 in Object.wait()
java.lang.Thread.State: WAITING (on object monitor)
        at sun.misc.Unsafe.park(Native Method)
        at java.util.concurrent.locks.LockSupport.park(LockSupport.java:175)
        at java.util.concurrent.locks.AbstractQueuedSynchronizer$ConditionObject.await(AbstractQueuedSynchronizer.java:2039)
        at java.util.concurrent.ScheduledThreadPoolExecutor$DelayedWorkQueue.take(ScheduledThreadPoolExecutor.java:1088)
        at java.util.concurrent.ScheduledThreadPoolExecutor$DelayedWorkQueue.take(ScheduledThreadPoolExecutor.java:809)
        at java.util.concurrent.ThreadPoolExecutor.getTask(ThreadPoolExecutor.java:1074)
        at java.util.concurrent.ThreadPoolExecutor.runWorker(ThreadPoolExecutor.java:1134)
        at java.util.concurrent.ThreadPoolExecutor$Worker.run(ThreadPoolExecutor.java:624)
        at java.lang.Thread.run(Thread.java:748)
"IPC Server handler 13 on 40923" daemon prio=5 tid=42 timed_waiting
java.lang.Thread.State: TIMED_WAITING
        at sun.misc.Unsafe.park(Native Method)
        at java.util.concurrent.locks.LockSupport.parkNanos(LockSupport.java:215)
        at java.util.concurrent.locks.AbstractQueuedSynchronizer$ConditionObject.awaitNanos(AbstractQueuedSynchronizer.java:2078)
        at java.util.concurrent.LinkedBlockingQueue.poll(LinkedBlockingQueue.java:467)
        at org.apache.hadoop.ipc.CallQueueManager.take(CallQueueManager.java:288)
        at org.apache.hadoop.ipc.Server$Handler.run(Server.java:2668)
"pool-46-thread-53"  prio=5 tid=459 in Object.wait()
java.lang.Thread.State: WAITING (on object monitor)
        at sun.misc.Unsafe.park(Native Method)
        at java.util.concurrent.locks.LockSupport.park(LockSupport.java:175)
        at java.util.concurrent.locks.AbstractQueuedSynchronizer$ConditionObject.await(AbstractQueuedSynchronizer.java:2039)
        at java.util.concurrent.ArrayBlockingQueue.take(ArrayBlockingQueue.java:403)
        at java.util.concurrent.ThreadPoolExecutor.getTask(ThreadPoolExecutor.java:1074)
        at java.util.concurrent.ThreadPoolExecutor.runWorker(ThreadPoolExecutor.java:1134)
        at java.util.concurrent.ThreadPoolExecutor$Worker.run(ThreadPoolExecutor.java:624)
        at java.lang.Thread.run(Thread.java:748)
"refreshUsed-/workdir/hadoop-ozone/ozonefs/target/test-dir/MiniOzoneClusterImpl-d26aec2b-09c1-4f88-9204-0bb43e71ee01/datanode-3/data/containers" daemon prio=5 tid=235 timed_waiting
java.lang.Thread.State: TIMED_WAITING
        at java.lang.Thread.sleep(Native Method)
        at org.apache.hadoop.fs.CachingGetSpaceUsed$RefreshThread.run(CachingGetSpaceUsed.java:179)
        at java.lang.Thread.run(Thread.java:748)
"pool-26-thread-38"  prio=5 tid=324 in Object.wait()
java.lang.Thread.State: WAITING (on object monitor)
        at sun.misc.Unsafe.park(Native Method)
        at java.util.concurrent.locks.LockSupport.park(LockSupport.java:175)
        at java.util.concurrent.locks.AbstractQueuedSynchronizer$ConditionObject.await(AbstractQueuedSynchronizer.java:2039)
        at java.util.concurrent.ArrayBlockingQueue.take(ArrayBlockingQueue.java:403)
        at java.util.concurrent.ThreadPoolExecutor.getTask(ThreadPoolExecutor.java:1074)
        at java.util.concurrent.ThreadPoolExecutor.runWorker(ThreadPoolExecutor.java:1134)
        at java.util.concurrent.ThreadPoolExecutor$Worker.run(ThreadPoolExecutor.java:624)
        at java.lang.Thread.run(Thread.java:748)
"9d88716d-5d6b-4fd8-b832-a110dc45ee66@group-EE856C9543A1-StateMachineUpdater" daemon prio=5 tid=784 in Object.wait()
java.lang.Thread.State: WAITING (on object monitor)
        at java.lang.Object.wait(Native Method)
        at java.lang.Object.wait(Object.java:502)
        at org.apache.ratis.server.impl.StateMachineUpdater.waitForCommit(StateMachineUpdater.java:194)
        at org.apache.ratis.server.impl.StateMachineUpdater.run(StateMachineUpdater.java:159)
        at java.lang.Thread.run(Thread.java:748)
"qtp1043358826-93" daemon prio=5 tid=93 timed_waiting
java.lang.Thread.State: TIMED_WAITING
        at sun.misc.Unsafe.park(Native Method)
        at java.util.concurrent.locks.LockSupport.parkNanos(LockSupport.java:215)
        at java.util.concurrent.locks.AbstractQueuedSynchronizer$ConditionObject.awaitNanos(AbstractQueuedSynchronizer.java:2078)
        at org.eclipse.jetty.util.BlockingArrayQueue.poll(BlockingArrayQueue.java:392)
        at org.eclipse.jetty.util.thread.QueuedThreadPool.idleJobPoll(QueuedThreadPool.java:563)
        at org.eclipse.jetty.util.thread.QueuedThreadPool.access$800(QueuedThreadPool.java:48)
        at org.eclipse.jetty.util.thread.QueuedThreadPool$2.run(QueuedThreadPool.java:626)
        at java.lang.Thread.run(Thread.java:748)
"pool-36-thread-27"  prio=5 tid=373 in Object.wait()
java.lang.Thread.State: WAITING (on object monitor)
        at sun.misc.Unsafe.park(Native Method)
        at java.util.concurrent.locks.LockSupport.park(LockSupport.java:175)
        at java.util.concurrent.locks.AbstractQueuedSynchronizer$ConditionObject.await(AbstractQueuedSynchronizer.java:2039)
        at java.util.concurrent.ArrayBlockingQueue.take(ArrayBlockingQueue.java:403)
        at java.util.concurrent.ThreadPoolExecutor.getTask(ThreadPoolExecutor.java:1074)
        at java.util.concurrent.ThreadPoolExecutor.runWorker(ThreadPoolExecutor.java:1134)
        at java.util.concurrent.ThreadPoolExecutor$Worker.run(ThreadPoolExecutor.java:624)
        at java.lang.Thread.run(Thread.java:748)
"pool-26-thread-35"  prio=5 tid=321 in Object.wait()
java.lang.Thread.State: WAITING (on object monitor)
        at sun.misc.Unsafe.park(Native Method)
        at java.util.concurrent.locks.LockSupport.park(LockSupport.java:175)
        at java.util.concurrent.locks.AbstractQueuedSynchronizer$ConditionObject.await(AbstractQueuedSynchronizer.java:2039)
        at java.util.concurrent.ArrayBlockingQueue.take(ArrayBlockingQueue.java:403)
        at java.util.concurrent.ThreadPoolExecutor.getTask(ThreadPoolExecutor.java:1074)
        at java.util.concurrent.ThreadPoolExecutor.runWorker(ThreadPoolExecutor.java:1134)
        at java.util.concurrent.ThreadPoolExecutor$Worker.run(ThreadPoolExecutor.java:624)
        at java.lang.Thread.run(Thread.java:748)
"SCMBlockDeletingService#0" daemon prio=5 tid=101 in Object.wait()
java.lang.Thread.State: WAITING (on object monitor)
        at sun.misc.Unsafe.park(Native Method)
        at java.util.concurrent.locks.LockSupport.park(LockSupport.java:175)
        at java.util.concurrent.locks.AbstractQueuedSynchronizer$ConditionObject.await(AbstractQueuedSynchronizer.java:2039)
        at java.util.concurrent.ScheduledThreadPoolExecutor$DelayedWorkQueue.take(ScheduledThreadPoolExecutor.java:1088)
        at java.util.concurrent.ScheduledThreadPoolExecutor$DelayedWorkQueue.take(ScheduledThreadPoolExecutor.java:809)
        at java.util.concurrent.ThreadPoolExecutor.getTask(ThreadPoolExecutor.java:1074)
        at java.util.concurrent.ThreadPoolExecutor.runWorker(ThreadPoolExecutor.java:1134)
        at java.util.concurrent.ThreadPoolExecutor$Worker.run(ThreadPoolExecutor.java:624)
        at java.lang.Thread.run(Thread.java:748)
"pool-26-thread-15"  prio=5 tid=301 in Object.wait()
java.lang.Thread.State: WAITING (on object monitor)
        at sun.misc.Unsafe.park(Native Method)
        at java.util.concurrent.locks.LockSupport.park(LockSupport.java:175)
        at java.util.concurrent.locks.AbstractQueuedSynchronizer$ConditionObject.await(AbstractQueuedSynchronizer.java:2039)
        at java.util.concurrent.ArrayBlockingQueue.take(ArrayBlockingQueue.java:403)
        at java.util.concurrent.ThreadPoolExecutor.getTask(ThreadPoolExecutor.java:1074)
        at java.util.concurrent.ThreadPoolExecutor.runWorker(ThreadPoolExecutor.java:1134)
        at java.util.concurrent.ThreadPoolExecutor$Worker.run(ThreadPoolExecutor.java:624)
        at java.lang.Thread.run(Thread.java:748)
"metrics-hadoop-metrics2-reporter-2-thread-1" daemon prio=5 tid=616 timed_waiting
java.lang.Thread.State: TIMED_WAITING
        at sun.misc.Unsafe.park(Native Method)
        at java.util.concurrent.locks.LockSupport.parkNanos(LockSupport.java:215)
        at java.util.concurrent.locks.AbstractQueuedSynchronizer$ConditionObject.awaitNanos(AbstractQueuedSynchronizer.java:2078)
        at java.util.concurrent.ScheduledThreadPoolExecutor$DelayedWorkQueue.take(ScheduledThreadPoolExecutor.java:1093)
        at java.util.concurrent.ScheduledThreadPoolExecutor$DelayedWorkQueue.take(ScheduledThreadPoolExecutor.java:809)
        at java.util.concurrent.ThreadPoolExecutor.getTask(ThreadPoolExecutor.java:1074)
        at java.util.concurrent.ThreadPoolExecutor.runWorker(ThreadPoolExecutor.java:1134)
        at java.util.concurrent.ThreadPoolExecutor$Worker.run(ThreadPoolExecutor.java:624)
        at java.lang.Thread.run(Thread.java:748)
"pool-36-thread-17"  prio=5 tid=363 in Object.wait()
java.lang.Thread.State: WAITING (on object monitor)
        at sun.misc.Unsafe.park(Native Method)
        at java.util.concurrent.locks.LockSupport.park(LockSupport.java:175)
        at java.util.concurrent.locks.AbstractQueuedSynchronizer$ConditionObject.await(AbstractQueuedSynchronizer.java:2039)
        at java.util.concurrent.ArrayBlockingQueue.take(ArrayBlockingQueue.java:403)
        at java.util.concurrent.ThreadPoolExecutor.getTask(ThreadPoolExecutor.java:1074)
        at java.util.concurrent.ThreadPoolExecutor.runWorker(ThreadPoolExecutor.java:1134)
        at java.util.concurrent.ThreadPoolExecutor$Worker.run(ThreadPoolExecutor.java:624)
        at java.lang.Thread.run(Thread.java:748)
"pool-26-thread-13"  prio=5 tid=299 in Object.wait()
java.lang.Thread.State: WAITING (on object monitor)
        at sun.misc.Unsafe.park(Native Method)
        at java.util.concurrent.locks.LockSupport.park(LockSupport.java:175)
        at java.util.concurrent.locks.AbstractQueuedSynchronizer$ConditionObject.await(AbstractQueuedSynchronizer.java:2039)
        at java.util.concurrent.ArrayBlockingQueue.take(ArrayBlockingQueue.java:403)
        at java.util.concurrent.ThreadPoolExecutor.getTask(ThreadPoolExecutor.java:1074)
        at java.util.concurrent.ThreadPoolExecutor.runWorker(ThreadPoolExecutor.java:1134)
        at java.util.concurrent.ThreadPoolExecutor$Worker.run(ThreadPoolExecutor.java:624)
        at java.lang.Thread.run(Thread.java:748)
"qtp1680841335-213" daemon prio=5 tid=213 runnable
java.lang.Thread.State: RUNNABLE
        at sun.nio.ch.EPollArrayWrapper.epollWait(Native Method)
        at sun.nio.ch.EPollArrayWrapper.poll(EPollArrayWrapper.java:269)
        at sun.nio.ch.EPollSelectorImpl.doSelect(EPollSelectorImpl.java:93)
        at sun.nio.ch.SelectorImpl.lockAndDoSelect(SelectorImpl.java:86)
        at sun.nio.ch.SelectorImpl.select(SelectorImpl.java:97)
        at sun.nio.ch.SelectorImpl.select(SelectorImpl.java:101)
        at org.eclipse.jetty.io.ManagedSelector$SelectorProducer.select(ManagedSelector.java:243)
        at org.eclipse.jetty.io.ManagedSelector$SelectorProducer.produce(ManagedSelector.java:191)
        at org.eclipse.jetty.util.thread.strategy.ExecuteProduceConsume.executeProduceConsume(ExecuteProduceConsume.java:249)
        at org.eclipse.jetty.util.thread.strategy.ExecuteProduceConsume.produceConsume(ExecuteProduceConsume.java:148)
        at org.eclipse.jetty.util.thread.strategy.ExecuteProduceConsume.execute(ExecuteProduceConsume.java:100)
        at org.eclipse.jetty.io.ManagedSelector.run(ManagedSelector.java:147)
        at org.eclipse.jetty.util.thread.QueuedThreadPool.runJob(QueuedThreadPool.java:671)
        at org.eclipse.jetty.util.thread.QueuedThreadPool$2.run(QueuedThreadPool.java:589)
        at java.lang.Thread.run(Thread.java:748)
"5c3956af-60d3-411f-8c98-c7ed3576de5c@group-9043730FD47D-StateMachineUpdater" daemon prio=5 tid=628 in Object.wait()
java.lang.Thread.State: WAITING (on object monitor)
        at java.lang.Object.wait(Native Method)
        at java.lang.Object.wait(Object.java:502)
        at org.apache.ratis.server.impl.StateMachineUpdater.waitForCommit(StateMachineUpdater.java:194)
        at org.apache.ratis.server.impl.StateMachineUpdater.run(StateMachineUpdater.java:159)
        at java.lang.Thread.run(Thread.java:748)
"pool-46-thread-47"  prio=5 tid=453 in Object.wait()
java.lang.Thread.State: WAITING (on object monitor)
        at sun.misc.Unsafe.park(Native Method)
        at java.util.concurrent.locks.LockSupport.park(LockSupport.java:175)
        at java.util.concurrent.locks.AbstractQueuedSynchronizer$ConditionObject.await(AbstractQueuedSynchronizer.java:2039)
        at java.util.concurrent.ArrayBlockingQueue.take(ArrayBlockingQueue.java:403)
        at java.util.concurrent.ThreadPoolExecutor.getTask(ThreadPoolExecutor.java:1074)
        at java.util.concurrent.ThreadPoolExecutor.runWorker(ThreadPoolExecutor.java:1134)
        at java.util.concurrent.ThreadPoolExecutor$Worker.run(ThreadPoolExecutor.java:624)
        at java.lang.Thread.run(Thread.java:748)
"qtp1845760645-267" daemon prio=5 tid=267 runnable
java.lang.Thread.State: RUNNABLE
        at sun.nio.ch.EPollArrayWrapper.epollWait(Native Method)
        at sun.nio.ch.EPollArrayWrapper.poll(EPollArrayWrapper.java:269)
        at sun.nio.ch.EPollSelectorImpl.doSelect(EPollSelectorImpl.java:93)
        at sun.nio.ch.SelectorImpl.lockAndDoSelect(SelectorImpl.java:86)
        at sun.nio.ch.SelectorImpl.select(SelectorImpl.java:97)
        at sun.nio.ch.SelectorImpl.select(SelectorImpl.java:101)
        at org.eclipse.jetty.io.ManagedSelector$SelectorProducer.select(ManagedSelector.java:243)
        at org.eclipse.jetty.io.ManagedSelector$SelectorProducer.produce(ManagedSelector.java:191)
        at org.eclipse.jetty.util.thread.strategy.ExecuteProduceConsume.executeProduceConsume(ExecuteProduceConsume.java:249)
        at org.eclipse.jetty.util.thread.strategy.ExecuteProduceConsume.produceConsume(ExecuteProduceConsume.java:148)
        at org.eclipse.jetty.util.thread.strategy.ExecuteProduceConsume.execute(ExecuteProduceConsume.java:100)
        at org.eclipse.jetty.io.ManagedSelector.run(ManagedSelector.java:147)
        at org.eclipse.jetty.util.thread.QueuedThreadPool.runJob(QueuedThreadPool.java:671)
        at org.eclipse.jetty.util.thread.QueuedThreadPool$2.run(QueuedThreadPool.java:589)
        at java.lang.Thread.run(Thread.java:748)
"metrics-hadoop-metrics2-reporter-31-thread-1" daemon prio=5 tid=693 timed_waiting
java.lang.Thread.State: TIMED_WAITING
        at sun.misc.Unsafe.park(Native Method)
        at java.util.concurrent.locks.LockSupport.parkNanos(LockSupport.java:215)
        at java.util.concurrent.locks.AbstractQueuedSynchronizer$ConditionObject.awaitNanos(AbstractQueuedSynchronizer.java:2078)
        at java.util.concurrent.ScheduledThreadPoolExecutor$DelayedWorkQueue.take(ScheduledThreadPoolExecutor.java:1093)
        at java.util.concurrent.ScheduledThreadPoolExecutor$DelayedWorkQueue.take(ScheduledThreadPoolExecutor.java:809)
        at java.util.concurrent.ThreadPoolExecutor.getTask(ThreadPoolExecutor.java:1074)
        at java.util.concurrent.ThreadPoolExecutor.runWorker(ThreadPoolExecutor.java:1134)
        at java.util.concurrent.ThreadPoolExecutor$Worker.run(ThreadPoolExecutor.java:624)
        at java.lang.Thread.run(Thread.java:748)
"pool-66-thread-8"  prio=5 tid=543 in Object.wait()
java.lang.Thread.State: WAITING (on object monitor)
        at sun.misc.Unsafe.park(Native Method)
        at java.util.concurrent.locks.LockSupport.park(LockSupport.java:175)
        at java.util.concurrent.locks.AbstractQueuedSynchronizer$ConditionObject.await(AbstractQueuedSynchronizer.java:2039)
        at java.util.concurrent.ArrayBlockingQueue.take(ArrayBlockingQueue.java:403)
        at java.util.concurrent.ThreadPoolExecutor.getTask(ThreadPoolExecutor.java:1074)
        at java.util.concurrent.ThreadPoolExecutor.runWorker(ThreadPoolExecutor.java:1134)
        at java.util.concurrent.ThreadPoolExecutor$Worker.run(ThreadPoolExecutor.java:624)
        at java.lang.Thread.run(Thread.java:748)
"IPC Server handler 3 on 46821" daemon prio=5 tid=52 timed_waiting
java.lang.Thread.State: TIMED_WAITING
        at sun.misc.Unsafe.park(Native Method)
        at java.util.concurrent.locks.LockSupport.parkNanos(LockSupport.java:215)
        at java.util.concurrent.locks.AbstractQueuedSynchronizer$ConditionObject.awaitNanos(AbstractQueuedSynchronizer.java:2078)
        at java.util.concurrent.LinkedBlockingQueue.poll(LinkedBlockingQueue.java:467)
        at org.apache.hadoop.ipc.CallQueueManager.take(CallQueueManager.java:288)
        at org.apache.hadoop.ipc.Server$Handler.run(Server.java:2668)
"IPC Server handler 9 on 35444" daemon prio=5 tid=123 timed_waiting
java.lang.Thread.State: TIMED_WAITING
        at sun.misc.Unsafe.park(Native Method)
        at java.util.concurrent.locks.LockSupport.parkNanos(LockSupport.java:215)
        at java.util.concurrent.locks.AbstractQueuedSynchronizer$ConditionObject.awaitNanos(AbstractQueuedSynchronizer.java:2078)
        at java.util.concurrent.LinkedBlockingQueue.poll(LinkedBlockingQueue.java:467)
        at org.apache.hadoop.ipc.CallQueueManager.take(CallQueueManager.java:288)
        at org.apache.hadoop.ipc.Server$Handler.run(Server.java:2668)
"pool-66-thread-57"  prio=5 tid=592 in Object.wait()
java.lang.Thread.State: WAITING (on object monitor)
        at sun.misc.Unsafe.park(Native Method)
        at java.util.concurrent.locks.LockSupport.park(LockSupport.java:175)
        at java.util.concurrent.locks.AbstractQueuedSynchronizer$ConditionObject.await(AbstractQueuedSynchronizer.java:2039)
        at java.util.concurrent.ArrayBlockingQueue.take(ArrayBlockingQueue.java:403)
        at java.util.concurrent.ThreadPoolExecutor.getTask(ThreadPoolExecutor.java:1074)
        at java.util.concurrent.ThreadPoolExecutor.runWorker(ThreadPoolExecutor.java:1134)
        at java.util.concurrent.ThreadPoolExecutor$Worker.run(ThreadPoolExecutor.java:624)
        at java.lang.Thread.run(Thread.java:748)
"pool-56-thread-12"  prio=5 tid=485 in Object.wait()
java.lang.Thread.State: WAITING (on object monitor)
        at sun.misc.Unsafe.park(Native Method)
        at java.util.concurrent.locks.LockSupport.park(LockSupport.java:175)
        at java.util.concurrent.locks.AbstractQueuedSynchronizer$ConditionObject.await(AbstractQueuedSynchronizer.java:2039)
        at java.util.concurrent.ArrayBlockingQueue.take(ArrayBlockingQueue.java:403)
        at java.util.concurrent.ThreadPoolExecutor.getTask(ThreadPoolExecutor.java:1074)
        at java.util.concurrent.ThreadPoolExecutor.runWorker(ThreadPoolExecutor.java:1134)
        at java.util.concurrent.ThreadPoolExecutor$Worker.run(ThreadPoolExecutor.java:624)
        at java.lang.Thread.run(Thread.java:748)
"EventQueue-NodeReportForNodeReportHandler" daemon prio=5 tid=3263 in Object.wait()
java.lang.Thread.State: WAITING (on object monitor)
        at sun.misc.Unsafe.park(Native Method)
        at java.util.concurrent.locks.LockSupport.park(LockSupport.java:175)
        at java.util.concurrent.locks.AbstractQueuedSynchronizer$ConditionObject.await(AbstractQueuedSynchronizer.java:2039)
        at java.util.concurrent.LinkedBlockingQueue.take(LinkedBlockingQueue.java:442)
        at java.util.concurrent.ThreadPoolExecutor.getTask(ThreadPoolExecutor.java:1074)
        at java.util.concurrent.ThreadPoolExecutor.runWorker(ThreadPoolExecutor.java:1134)
        at java.util.concurrent.ThreadPoolExecutor$Worker.run(ThreadPoolExecutor.java:624)
        at java.lang.Thread.run(Thread.java:748)
"pool-36-thread-51"  prio=5 tid=397 in Object.wait()
java.lang.Thread.State: WAITING (on object monitor)
        at sun.misc.Unsafe.park(Native Method)
        at java.util.concurrent.locks.LockSupport.park(LockSupport.java:175)
        at java.util.concurrent.locks.AbstractQueuedSynchronizer$ConditionObject.await(AbstractQueuedSynchronizer.java:2039)
        at java.util.concurrent.ArrayBlockingQueue.take(ArrayBlockingQueue.java:403)
        at java.util.concurrent.ThreadPoolExecutor.getTask(ThreadPoolExecutor.java:1074)
        at java.util.concurrent.ThreadPoolExecutor.runWorker(ThreadPoolExecutor.java:1134)
        at java.util.concurrent.ThreadPoolExecutor$Worker.run(ThreadPoolExecutor.java:624)
        at java.lang.Thread.run(Thread.java:748)
"pool-36-thread-50"  prio=5 tid=396 in Object.wait()
java.lang.Thread.State: WAITING (on object monitor)
        at sun.misc.Unsafe.park(Native Method)
        at java.util.concurrent.locks.LockSupport.park(LockSupport.java:175)
        at java.util.concurrent.locks.AbstractQueuedSynchronizer$ConditionObject.await(AbstractQueuedSynchronizer.java:2039)
        at java.util.concurrent.ArrayBlockingQueue.take(ArrayBlockingQueue.java:403)
        at java.util.concurrent.ThreadPoolExecutor.getTask(ThreadPoolExecutor.java:1074)
        at java.util.concurrent.ThreadPoolExecutor.runWorker(ThreadPoolExecutor.java:1134)
        at java.util.concurrent.ThreadPoolExecutor$Worker.run(ThreadPoolExecutor.java:624)
        at java.lang.Thread.run(Thread.java:748)
"qtp1919592808-193" daemon prio=5 tid=193 timed_waiting
java.lang.Thread.State: TIMED_WAITING
        at sun.misc.Unsafe.park(Native Method)
        at java.util.concurrent.locks.LockSupport.parkNanos(LockSupport.java:215)
        at java.util.concurrent.locks.AbstractQueuedSynchronizer$ConditionObject.awaitNanos(AbstractQueuedSynchronizer.java:2078)
        at org.eclipse.jetty.util.BlockingArrayQueue.poll(BlockingArrayQueue.java:392)
        at org.eclipse.jetty.util.thread.QueuedThreadPool.idleJobPoll(QueuedThreadPool.java:563)
        at org.eclipse.jetty.util.thread.QueuedThreadPool.access$800(QueuedThreadPool.java:48)
        at org.eclipse.jetty.util.thread.QueuedThreadPool$2.run(QueuedThreadPool.java:626)
        at java.lang.Thread.run(Thread.java:748)
"pool-56-thread-16"  prio=5 tid=489 in Object.wait()
java.lang.Thread.State: WAITING (on object monitor)
        at sun.misc.Unsafe.park(Native Method)
        at java.util.concurrent.locks.LockSupport.park(LockSupport.java:175)
        at java.util.concurrent.locks.AbstractQueuedSynchronizer$ConditionObject.await(AbstractQueuedSynchronizer.java:2039)
        at java.util.concurrent.ArrayBlockingQueue.take(ArrayBlockingQueue.java:403)
        at java.util.concurrent.ThreadPoolExecutor.getTask(ThreadPoolExecutor.java:1074)
        at java.util.concurrent.ThreadPoolExecutor.runWorker(ThreadPoolExecutor.java:1134)
        at java.util.concurrent.ThreadPoolExecutor$Worker.run(ThreadPoolExecutor.java:624)
        at java.lang.Thread.run(Thread.java:748)
"pool-26-thread-51"  prio=5 tid=337 in Object.wait()
java.lang.Thread.State: WAITING (on object monitor)
        at sun.misc.Unsafe.park(Native Method)
        at java.util.concurrent.locks.LockSupport.park(LockSupport.java:175)
        at java.util.concurrent.locks.AbstractQueuedSynchronizer$ConditionObject.await(AbstractQueuedSynchronizer.java:2039)
        at java.util.concurrent.ArrayBlockingQueue.take(ArrayBlockingQueue.java:403)
        at java.util.concurrent.ThreadPoolExecutor.getTask(ThreadPoolExecutor.java:1074)
        at java.util.concurrent.ThreadPoolExecutor.runWorker(ThreadPoolExecutor.java:1134)
        at java.util.concurrent.ThreadPoolExecutor$Worker.run(ThreadPoolExecutor.java:624)
        at java.lang.Thread.run(Thread.java:748)
"pool-66-thread-35"  prio=5 tid=570 in Object.wait()
java.lang.Thread.State: WAITING (on object monitor)
        at sun.misc.Unsafe.park(Native Method)
        at java.util.concurrent.locks.LockSupport.park(LockSupport.java:175)
        at java.util.concurrent.locks.AbstractQueuedSynchronizer$ConditionObject.await(AbstractQueuedSynchronizer.java:2039)
        at java.util.concurrent.ArrayBlockingQueue.take(ArrayBlockingQueue.java:403)
        at java.util.concurrent.ThreadPoolExecutor.getTask(ThreadPoolExecutor.java:1074)
        at java.util.concurrent.ThreadPoolExecutor.runWorker(ThreadPoolExecutor.java:1134)
        at java.util.concurrent.ThreadPoolExecutor$Worker.run(ThreadPoolExecutor.java:624)
        at java.lang.Thread.run(Thread.java:748)
"pool-26-thread-2"  prio=5 tid=288 in Object.wait()
java.lang.Thread.State: WAITING (on object monitor)
        at sun.misc.Unsafe.park(Native Method)
        at java.util.concurrent.locks.LockSupport.park(LockSupport.java:175)
        at java.util.concurrent.locks.AbstractQueuedSynchronizer$ConditionObject.await(AbstractQueuedSynchronizer.java:2039)
        at java.util.concurrent.ArrayBlockingQueue.take(ArrayBlockingQueue.java:403)
        at java.util.concurrent.ThreadPoolExecutor.getTask(ThreadPoolExecutor.java:1074)
        at java.util.concurrent.ThreadPoolExecutor.runWorker(ThreadPoolExecutor.java:1134)
        at java.util.concurrent.ThreadPoolExecutor$Worker.run(ThreadPoolExecutor.java:624)
        at java.lang.Thread.run(Thread.java:748)
"IPC Server handler 0 on 40923" daemon prio=5 tid=29 timed_waiting
java.lang.Thread.State: TIMED_WAITING
        at sun.misc.Unsafe.park(Native Method)
        at java.util.concurrent.locks.LockSupport.parkNanos(LockSupport.java:215)
        at java.util.concurrent.locks.AbstractQueuedSynchronizer$ConditionObject.awaitNanos(AbstractQueuedSynchronizer.java:2078)
        at java.util.concurrent.LinkedBlockingQueue.poll(LinkedBlockingQueue.java:467)
        at org.apache.hadoop.ipc.CallQueueManager.take(CallQueueManager.java:288)
        at org.apache.hadoop.ipc.Server$Handler.run(Server.java:2668)
"qtp1845760645-274" daemon prio=5 tid=274 timed_waiting
java.lang.Thread.State: TIMED_WAITING
        at sun.misc.Unsafe.park(Native Method)
        at java.util.concurrent.locks.LockSupport.parkNanos(LockSupport.java:215)
        at java.util.concurrent.locks.AbstractQueuedSynchronizer$ConditionObject.awaitNanos(AbstractQueuedSynchronizer.java:2078)
        at org.eclipse.jetty.util.BlockingArrayQueue.poll(BlockingArrayQueue.java:392)
        at org.eclipse.jetty.util.thread.QueuedThreadPool.idleJobPoll(QueuedThreadPool.java:563)
        at org.eclipse.jetty.util.thread.QueuedThreadPool.access$800(QueuedThreadPool.java:48)
        at org.eclipse.jetty.util.thread.QueuedThreadPool$2.run(QueuedThreadPool.java:626)
        at java.lang.Thread.run(Thread.java:748)
"pool-26-thread-10"  prio=5 tid=296 in Object.wait()
java.lang.Thread.State: WAITING (on object monitor)
        at sun.misc.Unsafe.park(Native Method)
        at java.util.concurrent.locks.LockSupport.park(LockSupport.java:175)
        at java.util.concurrent.locks.AbstractQueuedSynchronizer$ConditionObject.await(AbstractQueuedSynchronizer.java:2039)
        at java.util.concurrent.ArrayBlockingQueue.take(ArrayBlockingQueue.java:403)
        at java.util.concurrent.ThreadPoolExecutor.getTask(ThreadPoolExecutor.java:1074)
        at java.util.concurrent.ThreadPoolExecutor.runWorker(ThreadPoolExecutor.java:1134)
        at java.util.concurrent.ThreadPoolExecutor$Worker.run(ThreadPoolExecutor.java:624)
        at java.lang.Thread.run(Thread.java:748)
"qtp801142660-139" daemon prio=5 tid=139 timed_waiting
java.lang.Thread.State: TIMED_WAITING
        at sun.misc.Unsafe.park(Native Method)
        at java.util.concurrent.locks.LockSupport.parkNanos(LockSupport.java:215)
        at java.util.concurrent.locks.AbstractQueuedSynchronizer$ConditionObject.awaitNanos(AbstractQueuedSynchronizer.java:2078)
        at org.eclipse.jetty.util.BlockingArrayQueue.poll(BlockingArrayQueue.java:392)
        at org.eclipse.jetty.util.thread.QueuedThreadPool.idleJobPoll(QueuedThreadPool.java:563)
        at org.eclipse.jetty.util.thread.QueuedThreadPool.access$800(QueuedThreadPool.java:48)
        at org.eclipse.jetty.util.thread.QueuedThreadPool$2.run(QueuedThreadPool.java:626)
        at java.lang.Thread.run(Thread.java:748)
"surefire-forkedjvm-ping-30s" daemon prio=5 tid=9 timed_waiting
java.lang.Thread.State: TIMED_WAITING
        at sun.misc.Unsafe.park(Native Method)
        at java.util.concurrent.locks.LockSupport.parkNanos(LockSupport.java:215)
        at java.util.concurrent.locks.AbstractQueuedSynchronizer$ConditionObject.awaitNanos(AbstractQueuedSynchronizer.java:2078)
        at java.util.concurrent.ScheduledThreadPoolExecutor$DelayedWorkQueue.take(ScheduledThreadPoolExecutor.java:1093)
        at java.util.concurrent.ScheduledThreadPoolExecutor$DelayedWorkQueue.take(ScheduledThreadPoolExecutor.java:809)
        at java.util.concurrent.ThreadPoolExecutor.getTask(ThreadPoolExecutor.java:1074)
        at java.util.concurrent.ThreadPoolExecutor.runWorker(ThreadPoolExecutor.java:1134)
        at java.util.concurrent.ThreadPoolExecutor$Worker.run(ThreadPoolExecutor.java:624)
        at java.lang.Thread.run(Thread.java:748)
"pool-26-thread-23"  prio=5 tid=309 in Object.wait()
java.lang.Thread.State: WAITING (on object monitor)
        at sun.misc.Unsafe.park(Native Method)
        at java.util.concurrent.locks.LockSupport.park(LockSupport.java:175)
        at java.util.concurrent.locks.AbstractQueuedSynchronizer$ConditionObject.await(AbstractQueuedSynchronizer.java:2039)
        at java.util.concurrent.ArrayBlockingQueue.take(ArrayBlockingQueue.java:403)
        at java.util.concurrent.ThreadPoolExecutor.getTask(ThreadPoolExecutor.java:1074)
        at java.util.concurrent.ThreadPoolExecutor.runWorker(ThreadPoolExecutor.java:1134)
        at java.util.concurrent.ThreadPoolExecutor$Worker.run(ThreadPoolExecutor.java:624)
        at java.lang.Thread.run(Thread.java:748)
"qtp1003663195-240" daemon prio=5 tid=240 runnable
java.lang.Thread.State: RUNNABLE
        at sun.nio.ch.EPollArrayWrapper.epollWait(Native Method)
        at sun.nio.ch.EPollArrayWrapper.poll(EPollArrayWrapper.java:269)
        at sun.nio.ch.EPollSelectorImpl.doSelect(EPollSelectorImpl.java:93)
        at sun.nio.ch.SelectorImpl.lockAndDoSelect(SelectorImpl.java:86)
        at sun.nio.ch.SelectorImpl.select(SelectorImpl.java:97)
        at sun.nio.ch.SelectorImpl.select(SelectorImpl.java:101)
        at org.eclipse.jetty.io.ManagedSelector$SelectorProducer.select(ManagedSelector.java:243)
        at org.eclipse.jetty.io.ManagedSelector$SelectorProducer.produce(ManagedSelector.java:191)
        at org.eclipse.jetty.util.thread.strategy.ExecuteProduceConsume.executeProduceConsume(ExecuteProduceConsume.java:249)
        at org.eclipse.jetty.util.thread.strategy.ExecuteProduceConsume.produceConsume(ExecuteProduceConsume.java:148)
        at org.eclipse.jetty.util.thread.strategy.ExecuteProduceConsume.execute(ExecuteProduceConsume.java:100)
        at org.eclipse.jetty.io.ManagedSelector.run(ManagedSelector.java:147)
        at org.eclipse.jetty.util.thread.QueuedThreadPool.runJob(QueuedThreadPool.java:671)
        at org.eclipse.jetty.util.thread.QueuedThreadPool$2.run(QueuedThreadPool.java:589)
        at java.lang.Thread.run(Thread.java:748)
"qtp1845760645-271" daemon prio=5 tid=271 timed_waiting
java.lang.Thread.State: TIMED_WAITING
        at sun.misc.Unsafe.park(Native Method)
        at java.util.concurrent.locks.LockSupport.parkNanos(LockSupport.java:215)
        at java.util.concurrent.locks.AbstractQueuedSynchronizer$ConditionObject.awaitNanos(AbstractQueuedSynchronizer.java:2078)
        at org.eclipse.jetty.util.BlockingArrayQueue.poll(BlockingArrayQueue.java:392)
        at org.eclipse.jetty.util.thread.QueuedThreadPool.idleJobPoll(QueuedThreadPool.java:563)
        at org.eclipse.jetty.util.thread.QueuedThreadPool.access$800(QueuedThreadPool.java:48)
        at org.eclipse.jetty.util.thread.QueuedThreadPool$2.run(QueuedThreadPool.java:626)
        at java.lang.Thread.run(Thread.java:748)
"metrics-hadoop-metrics2-reporter-14-thread-1" daemon prio=5 tid=644 timed_waiting
java.lang.Thread.State: TIMED_WAITING
        at sun.misc.Unsafe.park(Native Method)
        at java.util.concurrent.locks.LockSupport.parkNanos(LockSupport.java:215)
        at java.util.concurrent.locks.AbstractQueuedSynchronizer$ConditionObject.awaitNanos(AbstractQueuedSynchronizer.java:2078)
        at java.util.concurrent.ScheduledThreadPoolExecutor$DelayedWorkQueue.take(ScheduledThreadPoolExecutor.java:1093)
        at java.util.concurrent.ScheduledThreadPoolExecutor$DelayedWorkQueue.take(ScheduledThreadPoolExecutor.java:809)
        at java.util.concurrent.ThreadPoolExecutor.getTask(ThreadPoolExecutor.java:1074)
        at java.util.concurrent.ThreadPoolExecutor.runWorker(ThreadPoolExecutor.java:1134)
        at java.util.concurrent.ThreadPoolExecutor$Worker.run(ThreadPoolExecutor.java:624)
        at java.lang.Thread.run(Thread.java:748)
"pool-26-thread-46"  prio=5 tid=332 in Object.wait()
java.lang.Thread.State: WAITING (on object monitor)
        at sun.misc.Unsafe.park(Native Method)
        at java.util.concurrent.locks.LockSupport.park(LockSupport.java:175)
        at java.util.concurrent.locks.AbstractQueuedSynchronizer$ConditionObject.await(AbstractQueuedSynchronizer.java:2039)
        at java.util.concurrent.ArrayBlockingQueue.take(ArrayBlockingQueue.java:403)
        at java.util.concurrent.ThreadPoolExecutor.getTask(ThreadPoolExecutor.java:1074)
        at java.util.concurrent.ThreadPoolExecutor.runWorker(ThreadPoolExecutor.java:1134)
        at java.util.concurrent.ThreadPoolExecutor$Worker.run(ThreadPoolExecutor.java:624)
        at java.lang.Thread.run(Thread.java:748)
"pool-66-thread-20"  prio=5 tid=555 in Object.wait()
java.lang.Thread.State: WAITING (on object monitor)
        at sun.misc.Unsafe.park(Native Method)
        at java.util.concurrent.locks.LockSupport.park(LockSupport.java:175)
        at java.util.concurrent.locks.AbstractQueuedSynchronizer$ConditionObject.await(AbstractQueuedSynchronizer.java:2039)
        at java.util.concurrent.ArrayBlockingQueue.take(ArrayBlockingQueue.java:403)
        at java.util.concurrent.ThreadPoolExecutor.getTask(ThreadPoolExecutor.java:1074)
        at java.util.concurrent.ThreadPoolExecutor.runWorker(ThreadPoolExecutor.java:1134)
        at java.util.concurrent.ThreadPoolExecutor$Worker.run(ThreadPoolExecutor.java:624)
        at java.lang.Thread.run(Thread.java:748)
"efb933de-cdd8-4d8d-88d2-4c7ffe0dec1a@group-EE856C9543A1-SegmentedRaftLogWorker"  prio=5 tid=778 timed_waiting
java.lang.Thread.State: TIMED_WAITING
        at sun.misc.Unsafe.park(Native Method)
        at java.util.concurrent.locks.LockSupport.parkNanos(LockSupport.java:215)
        at java.util.concurrent.locks.AbstractQueuedSynchronizer$ConditionObject.awaitNanos(AbstractQueuedSynchronizer.java:2078)
        at org.apache.ratis.util.DataBlockingQueue.poll(DataBlockingQueue.java:137)
        at org.apache.ratis.server.raftlog.segmented.SegmentedRaftLogWorker.run(SegmentedRaftLogWorker.java:282)
        at java.lang.Thread.run(Thread.java:748)
"pool-46-thread-55"  prio=5 tid=461 in Object.wait()
java.lang.Thread.State: WAITING (on object monitor)
        at sun.misc.Unsafe.park(Native Method)
        at java.util.concurrent.locks.LockSupport.park(LockSupport.java:175)
        at java.util.concurrent.locks.AbstractQueuedSynchronizer$ConditionObject.await(AbstractQueuedSynchronizer.java:2039)
        at java.util.concurrent.ArrayBlockingQueue.take(ArrayBlockingQueue.java:403)
        at java.util.concurrent.ThreadPoolExecutor.getTask(ThreadPoolExecutor.java:1074)
        at java.util.concurrent.ThreadPoolExecutor.runWorker(ThreadPoolExecutor.java:1134)
        at java.util.concurrent.ThreadPoolExecutor$Worker.run(ThreadPoolExecutor.java:624)
        at java.lang.Thread.run(Thread.java:748)
"Thread-2827" daemon prio=5 tid=3303 timed_waiting
java.lang.Thread.State: TIMED_WAITING
        at java.lang.Thread.sleep(Native Method)
        at org.apache.ratis.util.JavaUtils.sleep(JavaUtils.java:247)
        at org.apache.ratis.server.impl.FollowerState.run(FollowerState.java:97)
"pool-66-thread-14"  prio=5 tid=549 in Object.wait()
java.lang.Thread.State: WAITING (on object monitor)
        at sun.misc.Unsafe.park(Native Method)
        at java.util.concurrent.locks.LockSupport.park(LockSupport.java:175)
        at java.util.concurrent.locks.AbstractQueuedSynchronizer$ConditionObject.await(AbstractQueuedSynchronizer.java:2039)
        at java.util.concurrent.ArrayBlockingQueue.take(ArrayBlockingQueue.java:403)
        at java.util.concurrent.ThreadPoolExecutor.getTask(ThreadPoolExecutor.java:1074)
        at java.util.concurrent.ThreadPoolExecutor.runWorker(ThreadPoolExecutor.java:1134)
        at java.util.concurrent.ThreadPoolExecutor$Worker.run(ThreadPoolExecutor.java:624)
        at java.lang.Thread.run(Thread.java:748)
"pool-36-thread-49"  prio=5 tid=395 in Object.wait()
java.lang.Thread.State: WAITING (on object monitor)
        at sun.misc.Unsafe.park(Native Method)
        at java.util.concurrent.locks.LockSupport.park(LockSupport.java:175)
        at java.util.concurrent.locks.AbstractQueuedSynchronizer$ConditionObject.await(AbstractQueuedSynchronizer.java:2039)
        at java.util.concurrent.ArrayBlockingQueue.take(ArrayBlockingQueue.java:403)
        at java.util.concurrent.ThreadPoolExecutor.getTask(ThreadPoolExecutor.java:1074)
        at java.util.concurrent.ThreadPoolExecutor.runWorker(ThreadPoolExecutor.java:1134)
        at java.util.concurrent.ThreadPoolExecutor$Worker.run(ThreadPoolExecutor.java:624)
        at java.lang.Thread.run(Thread.java:748)
"BlockDeletingService#0" daemon prio=5 tid=468 timed_waiting
java.lang.Thread.State: TIMED_WAITING
        at sun.misc.Unsafe.park(Native Method)
        at java.util.concurrent.locks.LockSupport.parkNanos(LockSupport.java:215)
        at java.util.concurrent.locks.AbstractQueuedSynchronizer$ConditionObject.awaitNanos(AbstractQueuedSynchronizer.java:2078)
        at java.util.concurrent.ScheduledThreadPoolExecutor$DelayedWorkQueue.take(ScheduledThreadPoolExecutor.java:1093)
        at java.util.concurrent.ScheduledThreadPoolExecutor$DelayedWorkQueue.take(ScheduledThreadPoolExecutor.java:809)
        at java.util.concurrent.ThreadPoolExecutor.getTask(ThreadPoolExecutor.java:1074)
        at java.util.concurrent.ThreadPoolExecutor.runWorker(ThreadPoolExecutor.java:1134)
        at java.util.concurrent.ThreadPoolExecutor$Worker.run(ThreadPoolExecutor.java:624)
        at java.lang.Thread.run(Thread.java:748)
"IPC Server idle connection scanner for port 33004" daemon prio=5 tid=16 timed_waiting
java.lang.Thread.State: TIMED_WAITING
        at java.lang.Object.wait(Native Method)
        at java.util.TimerThread.mainLoop(Timer.java:552)
        at java.util.TimerThread.run(Timer.java:505)
"pool-60-thread-1"  prio=5 tid=239 timed_waiting
java.lang.Thread.State: TIMED_WAITING
        at sun.misc.Unsafe.park(Native Method)
        at java.util.concurrent.locks.LockSupport.parkNanos(LockSupport.java:215)
        at java.util.concurrent.locks.AbstractQueuedSynchronizer$ConditionObject.awaitNanos(AbstractQueuedSynchronizer.java:2078)
        at java.util.concurrent.ScheduledThreadPoolExecutor$DelayedWorkQueue.take(ScheduledThreadPoolExecutor.java:1093)
        at java.util.concurrent.ScheduledThreadPoolExecutor$DelayedWorkQueue.take(ScheduledThreadPoolExecutor.java:809)
        at java.util.concurrent.ThreadPoolExecutor.getTask(ThreadPoolExecutor.java:1074)
        at java.util.concurrent.ThreadPoolExecutor.runWorker(ThreadPoolExecutor.java:1134)
        at java.util.concurrent.ThreadPoolExecutor$Worker.run(ThreadPoolExecutor.java:624)
        at java.lang.Thread.run(Thread.java:748)
"pool-56-thread-32"  prio=5 tid=505 in Object.wait()
java.lang.Thread.State: WAITING (on object monitor)
        at sun.misc.Unsafe.park(Native Method)
        at java.util.concurrent.locks.LockSupport.park(LockSupport.java:175)
        at java.util.concurrent.locks.AbstractQueuedSynchronizer$ConditionObject.await(AbstractQueuedSynchronizer.java:2039)
        at java.util.concurrent.ArrayBlockingQueue.take(ArrayBlockingQueue.java:403)
        at java.util.concurrent.ThreadPoolExecutor.getTask(ThreadPoolExecutor.java:1074)
        at java.util.concurrent.ThreadPoolExecutor.runWorker(ThreadPoolExecutor.java:1134)
        at java.util.concurrent.ThreadPoolExecutor$Worker.run(ThreadPoolExecutor.java:624)
        at java.lang.Thread.run(Thread.java:748)
"pool-26-thread-8"  prio=5 tid=294 in Object.wait()
java.lang.Thread.State: WAITING (on object monitor)
        at sun.misc.Unsafe.park(Native Method)
        at java.util.concurrent.locks.LockSupport.park(LockSupport.java:175)
        at java.util.concurrent.locks.AbstractQueuedSynchronizer$ConditionObject.await(AbstractQueuedSynchronizer.java:2039)
        at java.util.concurrent.ArrayBlockingQueue.take(ArrayBlockingQueue.java:403)
        at java.util.concurrent.ThreadPoolExecutor.getTask(ThreadPoolExecutor.java:1074)
        at java.util.concurrent.ThreadPoolExecutor.runWorker(ThreadPoolExecutor.java:1134)
        at java.util.concurrent.ThreadPoolExecutor$Worker.run(ThreadPoolExecutor.java:624)
        at java.lang.Thread.run(Thread.java:748)
"qtp1043358826-95" daemon prio=5 tid=95 timed_waiting
java.lang.Thread.State: TIMED_WAITING
        at sun.misc.Unsafe.park(Native Method)
        at java.util.concurrent.locks.LockSupport.parkNanos(LockSupport.java:215)
        at java.util.concurrent.locks.AbstractQueuedSynchronizer$ConditionObject.awaitNanos(AbstractQueuedSynchronizer.java:2078)
        at org.eclipse.jetty.util.BlockingArrayQueue.poll(BlockingArrayQueue.java:392)
        at org.eclipse.jetty.util.thread.QueuedThreadPool.idleJobPoll(QueuedThreadPool.java:563)
        at org.eclipse.jetty.util.thread.QueuedThreadPool.access$800(QueuedThreadPool.java:48)
        at org.eclipse.jetty.util.thread.QueuedThreadPool$2.run(QueuedThreadPool.java:626)
        at java.lang.Thread.run(Thread.java:748)
"qtp1043358826-94" daemon prio=5 tid=94 timed_waiting
java.lang.Thread.State: TIMED_WAITING
        at sun.misc.Unsafe.park(Native Method)
        at java.util.concurrent.locks.LockSupport.parkNanos(LockSupport.java:215)
        at java.util.concurrent.locks.AbstractQueuedSynchronizer$ConditionObject.awaitNanos(AbstractQueuedSynchronizer.java:2078)
        at org.eclipse.jetty.util.BlockingArrayQueue.poll(BlockingArrayQueue.java:392)
        at org.eclipse.jetty.util.thread.QueuedThreadPool.idleJobPoll(QueuedThreadPool.java:563)
        at org.eclipse.jetty.util.thread.QueuedThreadPool.access$800(QueuedThreadPool.java:48)
        at org.eclipse.jetty.util.thread.QueuedThreadPool$2.run(QueuedThreadPool.java:626)
        at java.lang.Thread.run(Thread.java:748)
"pool-56-thread-51"  prio=5 tid=524 in Object.wait()
java.lang.Thread.State: WAITING (on object monitor)
        at sun.misc.Unsafe.park(Native Method)
        at java.util.concurrent.locks.LockSupport.park(LockSupport.java:175)
        at java.util.concurrent.locks.AbstractQueuedSynchronizer$ConditionObject.await(AbstractQueuedSynchronizer.java:2039)
        at java.util.concurrent.ArrayBlockingQueue.take(ArrayBlockingQueue.java:403)
        at java.util.concurrent.ThreadPoolExecutor.getTask(ThreadPoolExecutor.java:1074)
        at java.util.concurrent.ThreadPoolExecutor.runWorker(ThreadPoolExecutor.java:1134)
        at java.util.concurrent.ThreadPoolExecutor$Worker.run(ThreadPoolExecutor.java:624)
        at java.lang.Thread.run(Thread.java:748)
"pool-26-thread-19"  prio=5 tid=305 in Object.wait()
java.lang.Thread.State: WAITING (on object monitor)
        at sun.misc.Unsafe.park(Native Method)
        at java.util.concurrent.locks.LockSupport.park(LockSupport.java:175)
        at java.util.concurrent.locks.AbstractQueuedSynchronizer$ConditionObject.await(AbstractQueuedSynchronizer.java:2039)
        at java.util.concurrent.ArrayBlockingQueue.take(ArrayBlockingQueue.java:403)
        at java.util.concurrent.ThreadPoolExecutor.getTask(ThreadPoolExecutor.java:1074)
        at java.util.concurrent.ThreadPoolExecutor.runWorker(ThreadPoolExecutor.java:1134)
        at java.util.concurrent.ThreadPoolExecutor$Worker.run(ThreadPoolExecutor.java:624)
        at java.lang.Thread.run(Thread.java:748)
"pool-46-thread-14"  prio=5 tid=420 in Object.wait()
java.lang.Thread.State: WAITING (on object monitor)
        at sun.misc.Unsafe.park(Native Method)
        at java.util.concurrent.locks.LockSupport.park(LockSupport.java:175)
        at java.util.concurrent.locks.AbstractQueuedSynchronizer$ConditionObject.await(AbstractQueuedSynchronizer.java:2039)
        at java.util.concurrent.ArrayBlockingQueue.take(ArrayBlockingQueue.java:403)
        at java.util.concurrent.ThreadPoolExecutor.getTask(ThreadPoolExecutor.java:1074)
        at java.util.concurrent.ThreadPoolExecutor.runWorker(ThreadPoolExecutor.java:1134)
        at java.util.concurrent.ThreadPoolExecutor$Worker.run(ThreadPoolExecutor.java:624)
        at java.lang.Thread.run(Thread.java:748)
"pool-66-thread-39"  prio=5 tid=574 in Object.wait()
java.lang.Thread.State: WAITING (on object monitor)
        at sun.misc.Unsafe.park(Native Method)
        at java.util.concurrent.locks.LockSupport.park(LockSupport.java:175)
        at java.util.concurrent.locks.AbstractQueuedSynchronizer$ConditionObject.await(AbstractQueuedSynchronizer.java:2039)
        at java.util.concurrent.ArrayBlockingQueue.take(ArrayBlockingQueue.java:403)
        at java.util.concurrent.ThreadPoolExecutor.getTask(ThreadPoolExecutor.java:1074)
        at java.util.concurrent.ThreadPoolExecutor.runWorker(ThreadPoolExecutor.java:1134)
        at java.util.concurrent.ThreadPoolExecutor$Worker.run(ThreadPoolExecutor.java:624)
        at java.lang.Thread.run(Thread.java:748)
"metrics-hadoop-metrics2-reporter-9-thread-1" daemon prio=5 tid=632 timed_waiting
java.lang.Thread.State: TIMED_WAITING
        at sun.misc.Unsafe.park(Native Method)
        at java.util.concurrent.locks.LockSupport.parkNanos(LockSupport.java:215)
        at java.util.concurrent.locks.AbstractQueuedSynchronizer$ConditionObject.awaitNanos(AbstractQueuedSynchronizer.java:2078)
        at java.util.concurrent.ScheduledThreadPoolExecutor$DelayedWorkQueue.take(ScheduledThreadPoolExecutor.java:1093)
        at java.util.concurrent.ScheduledThreadPoolExecutor$DelayedWorkQueue.take(ScheduledThreadPoolExecutor.java:809)
        at java.util.concurrent.ThreadPoolExecutor.getTask(ThreadPoolExecutor.java:1074)
        at java.util.concurrent.ThreadPoolExecutor.runWorker(ThreadPoolExecutor.java:1134)
        at java.util.concurrent.ThreadPoolExecutor$Worker.run(ThreadPoolExecutor.java:624)
        at java.lang.Thread.run(Thread.java:748)
"pool-26-thread-11"  prio=5 tid=297 in Object.wait()
java.lang.Thread.State: WAITING (on object monitor)
        at sun.misc.Unsafe.park(Native Method)
        at java.util.concurrent.locks.LockSupport.park(LockSupport.java:175)
        at java.util.concurrent.locks.AbstractQueuedSynchronizer$ConditionObject.await(AbstractQueuedSynchronizer.java:2039)
        at java.util.concurrent.ArrayBlockingQueue.take(ArrayBlockingQueue.java:403)
        at java.util.concurrent.ThreadPoolExecutor.getTask(ThreadPoolExecutor.java:1074)
        at java.util.concurrent.ThreadPoolExecutor.runWorker(ThreadPoolExecutor.java:1134)
        at java.util.concurrent.ThreadPoolExecutor$Worker.run(ThreadPoolExecutor.java:624)
        at java.lang.Thread.run(Thread.java:748)
"qtp1845760645-270" daemon prio=5 tid=270 timed_waiting
java.lang.Thread.State: TIMED_WAITING
        at sun.misc.Unsafe.park(Native Method)
        at java.util.concurrent.locks.LockSupport.parkNanos(LockSupport.java:215)
        at java.util.concurrent.locks.AbstractQueuedSynchronizer$ConditionObject.awaitNanos(AbstractQueuedSynchronizer.java:2078)
        at org.eclipse.jetty.util.BlockingArrayQueue.poll(BlockingArrayQueue.java:392)
        at org.eclipse.jetty.util.thread.QueuedThreadPool.idleJobPoll(QueuedThreadPool.java:563)
        at org.eclipse.jetty.util.thread.QueuedThreadPool.access$800(QueuedThreadPool.java:48)
        at org.eclipse.jetty.util.thread.QueuedThreadPool$2.run(QueuedThreadPool.java:626)
        at java.lang.Thread.run(Thread.java:748)
"qtp650859015-162" daemon prio=5 tid=162 timed_waiting
java.lang.Thread.State: TIMED_WAITING
        at sun.misc.Unsafe.park(Native Method)
        at java.util.concurrent.locks.LockSupport.parkNanos(LockSupport.java:215)
        at java.util.concurrent.locks.AbstractQueuedSynchronizer$ConditionObject.awaitNanos(AbstractQueuedSynchronizer.java:2078)
        at org.eclipse.jetty.util.BlockingArrayQueue.poll(BlockingArrayQueue.java:392)
        at org.eclipse.jetty.util.thread.QueuedThreadPool.idleJobPoll(QueuedThreadPool.java:563)
        at org.eclipse.jetty.util.thread.QueuedThreadPool.access$800(QueuedThreadPool.java:48)
        at org.eclipse.jetty.util.thread.QueuedThreadPool$2.run(QueuedThreadPool.java:626)
        at java.lang.Thread.run(Thread.java:748)
"pool-46-thread-44"  prio=5 tid=450 in Object.wait()
java.lang.Thread.State: WAITING (on object monitor)
        at sun.misc.Unsafe.park(Native Method)
        at java.util.concurrent.locks.LockSupport.park(LockSupport.java:175)
        at java.util.concurrent.locks.AbstractQueuedSynchronizer$ConditionObject.await(AbstractQueuedSynchronizer.java:2039)
        at java.util.concurrent.ArrayBlockingQueue.take(ArrayBlockingQueue.java:403)
        at java.util.concurrent.ThreadPoolExecutor.getTask(ThreadPoolExecutor.java:1074)
        at java.util.concurrent.ThreadPoolExecutor.runWorker(ThreadPoolExecutor.java:1134)
        at java.util.concurrent.ThreadPoolExecutor$Worker.run(ThreadPoolExecutor.java:624)
        at java.lang.Thread.run(Thread.java:748)
"qtp1043358826-96" daemon prio=5 tid=96 timed_waiting
java.lang.Thread.State: TIMED_WAITING
        at sun.misc.Unsafe.park(Native Method)
        at java.util.concurrent.locks.LockSupport.parkNanos(LockSupport.java:215)
        at java.util.concurrent.locks.AbstractQueuedSynchronizer$ConditionObject.awaitNanos(AbstractQueuedSynchronizer.java:2078)
        at org.eclipse.jetty.util.BlockingArrayQueue.poll(BlockingArrayQueue.java:392)
        at org.eclipse.jetty.util.thread.QueuedThreadPool.idleJobPoll(QueuedThreadPool.java:563)
        at org.eclipse.jetty.util.thread.QueuedThreadPool.access$800(QueuedThreadPool.java:48)
        at org.eclipse.jetty.util.thread.QueuedThreadPool$2.run(QueuedThreadPool.java:626)
        at java.lang.Thread.run(Thread.java:748)
"pool-66-thread-33"  prio=5 tid=568 in Object.wait()
java.lang.Thread.State: WAITING (on object monitor)
        at sun.misc.Unsafe.park(Native Method)
        at java.util.concurrent.locks.LockSupport.park(LockSupport.java:175)
        at java.util.concurrent.locks.AbstractQueuedSynchronizer$ConditionObject.await(AbstractQueuedSynchronizer.java:2039)
        at java.util.concurrent.ArrayBlockingQueue.take(ArrayBlockingQueue.java:403)
        at java.util.concurrent.ThreadPoolExecutor.getTask(ThreadPoolExecutor.java:1074)
        at java.util.concurrent.ThreadPoolExecutor.runWorker(ThreadPoolExecutor.java:1134)
        at java.util.concurrent.ThreadPoolExecutor$Worker.run(ThreadPoolExecutor.java:624)
        at java.lang.Thread.run(Thread.java:748)
"pool-56-thread-34"  prio=5 tid=507 in Object.wait()
java.lang.Thread.State: WAITING (on object monitor)
        at sun.misc.Unsafe.park(Native Method)
        at java.util.concurrent.locks.LockSupport.park(LockSupport.java:175)
        at java.util.concurrent.locks.AbstractQueuedSynchronizer$ConditionObject.await(AbstractQueuedSynchronizer.java:2039)
        at java.util.concurrent.ArrayBlockingQueue.take(ArrayBlockingQueue.java:403)
        at java.util.concurrent.ThreadPoolExecutor.getTask(ThreadPoolExecutor.java:1074)
        at java.util.concurrent.ThreadPoolExecutor.runWorker(ThreadPoolExecutor.java:1134)
        at java.util.concurrent.ThreadPoolExecutor$Worker.run(ThreadPoolExecutor.java:624)
        at java.lang.Thread.run(Thread.java:748)
"JUnit"  prio=5 tid=1 runnable
java.lang.Thread.State: RUNNABLE
        at java.lang.Thread.dumpThreads(Native Method)
        at java.lang.Thread.getAllStackTraces(Thread.java:1610)
        at org.apache.hadoop.test.TimedOutTestsListener.buildThreadDump(TimedOutTestsListener.java:87)
        at org.apache.hadoop.test.TimedOutTestsListener.buildThreadDiagnosticString(TimedOutTestsListener.java:73)
        at org.apache.hadoop.test.GenericTestUtils.waitFor(GenericTestUtils.java:389)
        at org.apache.hadoop.ozone.MiniOzoneClusterImpl.waitForClusterToBeReady(MiniOzoneClusterImpl.java:149)
        at org.apache.hadoop.fs.ozone.contract.OzoneContract.createCluster(OzoneContract.java:68)
        at org.apache.hadoop.fs.ozone.contract.ITestOzoneContractMkdir.createCluster(ITestOzoneContractMkdir.java:36)
        at sun.reflect.NativeMethodAccessorImpl.invoke0(Native Method)
        at sun.reflect.NativeMethodAccessorImpl.invoke(NativeMethodAccessorImpl.java:62)
        at sun.reflect.DelegatingMethodAccessorImpl.invoke(DelegatingMethodAccessorImpl.java:43)
        at java.lang.reflect.Method.invoke(Method.java:498)
        at org.junit.runners.model.FrameworkMethod$1.runReflectiveCall(FrameworkMethod.java:47)
        at org.junit.internal.runners.model.ReflectiveCallable.run(ReflectiveCallable.java:12)
        at org.junit.runners.model.FrameworkMethod.invokeExplosively(FrameworkMethod.java:44)
        at org.junit.internal.runners.statements.RunBefores.evaluate(RunBefores.java:24)
        at org.junit.internal.runners.statements.RunAfters.evaluate(RunAfters.java:27)
        at org.junit.runners.ParentRunner.run(ParentRunner.java:309)
        at org.apache.maven.surefire.junit4.JUnit4Provider.execute(JUnit4Provider.java:365)
        at org.apache.maven.surefire.junit4.JUnit4Provider.executeWithRerun(JUnit4Provider.java:273)
        at org.apache.maven.surefire.junit4.JUnit4Provider.executeTestSet(JUnit4Provider.java:238)
        at org.apache.maven.surefire.junit4.JUnit4Provider.invoke(JUnit4Provider.java:159)
        at org.apache.maven.surefire.booter.ForkedBooter.invokeProviderInSameClassLoader(ForkedBooter.java:384)
        at org.apache.maven.surefire.booter.ForkedBooter.runSuitesInProcess(ForkedBooter.java:345)
        at org.apache.maven.surefire.booter.ForkedBooter.execute(ForkedBooter.java:126)
        at org.apache.maven.surefire.booter.ForkedBooter.main(ForkedBooter.java:418)
"c5571329-ed88-4dd5-851a-7ef9aaa2970f@group-E11993EF5BE0-StateMachineUpdater" daemon prio=5 tid=646 in Object.wait()
java.lang.Thread.State: WAITING (on object monitor)
        at java.lang.Object.wait(Native Method)
        at java.lang.Object.wait(Object.java:502)
        at org.apache.ratis.server.impl.StateMachineUpdater.waitForCommit(StateMachineUpdater.java:194)
        at org.apache.ratis.server.impl.StateMachineUpdater.run(StateMachineUpdater.java:159)
        at java.lang.Thread.run(Thread.java:748)
"pool-36-thread-16"  prio=5 tid=362 in Object.wait()
java.lang.Thread.State: WAITING (on object monitor)
        at sun.misc.Unsafe.park(Native Method)
        at java.util.concurrent.locks.LockSupport.park(LockSupport.java:175)
        at java.util.concurrent.locks.AbstractQueuedSynchronizer$ConditionObject.await(AbstractQueuedSynchronizer.java:2039)
        at java.util.concurrent.ArrayBlockingQueue.take(ArrayBlockingQueue.java:403)
        at java.util.concurrent.ThreadPoolExecutor.getTask(ThreadPoolExecutor.java:1074)
        at java.util.concurrent.ThreadPoolExecutor.runWorker(ThreadPoolExecutor.java:1134)
        at java.util.concurrent.ThreadPoolExecutor$Worker.run(ThreadPoolExecutor.java:624)
        at java.lang.Thread.run(Thread.java:748)
"metrics-hadoop-metrics2-reporter-13-thread-1" daemon prio=5 tid=641 timed_waiting
java.lang.Thread.State: TIMED_WAITING
        at sun.misc.Unsafe.park(Native Method)
        at java.util.concurrent.locks.LockSupport.parkNanos(LockSupport.java:215)
        at java.util.concurrent.locks.AbstractQueuedSynchronizer$ConditionObject.awaitNanos(AbstractQueuedSynchronizer.java:2078)
        at java.util.concurrent.ScheduledThreadPoolExecutor$DelayedWorkQueue.take(ScheduledThreadPoolExecutor.java:1093)
        at java.util.concurrent.ScheduledThreadPoolExecutor$DelayedWorkQueue.take(ScheduledThreadPoolExecutor.java:809)
        at java.util.concurrent.ThreadPoolExecutor.getTask(ThreadPoolExecutor.java:1074)
        at java.util.concurrent.ThreadPoolExecutor.runWorker(ThreadPoolExecutor.java:1134)
        at java.util.concurrent.ThreadPoolExecutor$Worker.run(ThreadPoolExecutor.java:624)
        at java.lang.Thread.run(Thread.java:748)
"qtp801142660-138" daemon prio=5 tid=138 timed_waiting
java.lang.Thread.State: TIMED_WAITING
        at sun.misc.Unsafe.park(Native Method)
        at java.util.concurrent.locks.LockSupport.parkNanos(LockSupport.java:215)
        at java.util.concurrent.locks.AbstractQueuedSynchronizer$ConditionObject.awaitNanos(AbstractQueuedSynchronizer.java:2078)
        at org.eclipse.jetty.util.BlockingArrayQueue.poll(BlockingArrayQueue.java:392)
        at org.eclipse.jetty.util.thread.QueuedThreadPool.idleJobPoll(QueuedThreadPool.java:563)
        at org.eclipse.jetty.util.thread.QueuedThreadPool.access$800(QueuedThreadPool.java:48)
        at org.eclipse.jetty.util.thread.QueuedThreadPool$2.run(QueuedThreadPool.java:626)
        at java.lang.Thread.run(Thread.java:748)
"IPC Server handler 1 on 35444" daemon prio=5 tid=115 timed_waiting
java.lang.Thread.State: TIMED_WAITING
        at sun.misc.Unsafe.park(Native Method)
        at java.util.concurrent.locks.LockSupport.parkNanos(LockSupport.java:215)
        at java.util.concurrent.locks.AbstractQueuedSynchronizer$ConditionObject.awaitNanos(AbstractQueuedSynchronizer.java:2078)
        at java.util.concurrent.LinkedBlockingQueue.poll(LinkedBlockingQueue.java:467)
        at org.apache.hadoop.ipc.CallQueueManager.take(CallQueueManager.java:288)
        at org.apache.hadoop.ipc.Server$Handler.run(Server.java:2668)
"IPC Server idle connection scanner for port 35444" daemon prio=5 tid=109 timed_waiting
java.lang.Thread.State: TIMED_WAITING
        at java.lang.Object.wait(Native Method)
        at java.util.TimerThread.mainLoop(Timer.java:552)
        at java.util.TimerThread.run(Timer.java:505)
"metrics-hadoop-metrics2-reporter-39-thread-1" daemon prio=5 tid=785 timed_waiting
java.lang.Thread.State: TIMED_WAITING
        at sun.misc.Unsafe.park(Native Method)
        at java.util.concurrent.locks.LockSupport.parkNanos(LockSupport.java:215)
        at java.util.concurrent.locks.AbstractQueuedSynchronizer$ConditionObject.awaitNanos(AbstractQueuedSynchronizer.java:2078)
        at java.util.concurrent.ScheduledThreadPoolExecutor$DelayedWorkQueue.take(ScheduledThreadPoolExecutor.java:1093)
        at java.util.concurrent.ScheduledThreadPoolExecutor$DelayedWorkQueue.take(ScheduledThreadPoolExecutor.java:809)
        at java.util.concurrent.ThreadPoolExecutor.getTask(ThreadPoolExecutor.java:1074)
        at java.util.concurrent.ThreadPoolExecutor.runWorker(ThreadPoolExecutor.java:1134)
        at java.util.concurrent.ThreadPoolExecutor$Worker.run(ThreadPoolExecutor.java:624)
        at java.lang.Thread.run(Thread.java:748)
"pool-46-thread-2"  prio=5 tid=408 in Object.wait()
java.lang.Thread.State: WAITING (on object monitor)
        at sun.misc.Unsafe.park(Native Method)
        at java.util.concurrent.locks.LockSupport.park(LockSupport.java:175)
        at java.util.concurrent.locks.AbstractQueuedSynchronizer$ConditionObject.await(AbstractQueuedSynchronizer.java:2039)
        at java.util.concurrent.ArrayBlockingQueue.take(ArrayBlockingQueue.java:403)
        at java.util.concurrent.ThreadPoolExecutor.getTask(ThreadPoolExecutor.java:1074)
        at java.util.concurrent.ThreadPoolExecutor.runWorker(ThreadPoolExecutor.java:1134)
        at java.util.concurrent.ThreadPoolExecutor$Worker.run(ThreadPoolExecutor.java:624)
        at java.lang.Thread.run(Thread.java:748)
"surefire-forkedjvm-command-thread" daemon prio=5 tid=8 runnable
java.lang.Thread.State: RUNNABLE
        at java.io.FileInputStream.readBytes(Native Method)
        at java.io.FileInputStream.read(FileInputStream.java:255)
        at java.io.BufferedInputStream.fill(BufferedInputStream.java:246)
        at java.io.BufferedInputStream.read(BufferedInputStream.java:265)
        at java.io.DataInputStream.readInt(DataInputStream.java:387)
        at org.apache.maven.surefire.booter.MasterProcessCommand.decode(MasterProcessCommand.java:115)
        at org.apache.maven.surefire.booter.CommandReader$CommandRunnable.run(CommandReader.java:390)
        at java.lang.Thread.run(Thread.java:748)
"pool-56-thread-36"  prio=5 tid=509 in Object.wait()
java.lang.Thread.State: WAITING (on object monitor)
        at sun.misc.Unsafe.park(Native Method)
        at java.util.concurrent.locks.LockSupport.park(LockSupport.java:175)
        at java.util.concurrent.locks.AbstractQueuedSynchronizer$ConditionObject.await(AbstractQueuedSynchronizer.java:2039)
        at java.util.concurrent.ArrayBlockingQueue.take(ArrayBlockingQueue.java:403)
        at java.util.concurrent.ThreadPoolExecutor.getTask(ThreadPoolExecutor.java:1074)
        at java.util.concurrent.ThreadPoolExecutor.runWorker(ThreadPoolExecutor.java:1134)
        at java.util.concurrent.ThreadPoolExecutor$Worker.run(ThreadPoolExecutor.java:624)
        at java.lang.Thread.run(Thread.java:748)
"IPC Server handler 9 on 46821" daemon prio=5 tid=58 timed_waiting
java.lang.Thread.State: TIMED_WAITING
        at sun.misc.Unsafe.park(Native Method)
        at java.util.concurrent.locks.LockSupport.parkNanos(LockSupport.java:215)
        at java.util.concurrent.locks.AbstractQueuedSynchronizer$ConditionObject.awaitNanos(AbstractQueuedSynchronizer.java:2078)
        at java.util.concurrent.LinkedBlockingQueue.poll(LinkedBlockingQueue.java:467)
        at org.apache.hadoop.ipc.CallQueueManager.take(CallQueueManager.java:288)
        at org.apache.hadoop.ipc.Server$Handler.run(Server.java:2668)
"metrics-hadoop-metrics2-reporter-42-thread-1" daemon prio=5 tid=792 timed_waiting
java.lang.Thread.State: TIMED_WAITING
        at sun.misc.Unsafe.park(Native Method)
        at java.util.concurrent.locks.LockSupport.parkNanos(LockSupport.java:215)
        at java.util.concurrent.locks.AbstractQueuedSynchronizer$ConditionObject.awaitNanos(AbstractQueuedSynchronizer.java:2078)
        at java.util.concurrent.ScheduledThreadPoolExecutor$DelayedWorkQueue.take(ScheduledThreadPoolExecutor.java:1093)
        at java.util.concurrent.ScheduledThreadPoolExecutor$DelayedWorkQueue.take(ScheduledThreadPoolExecutor.java:809)
        at java.util.concurrent.ThreadPoolExecutor.getTask(ThreadPoolExecutor.java:1074)
        at java.util.concurrent.ThreadPoolExecutor.runWorker(ThreadPoolExecutor.java:1134)
        at java.util.concurrent.ThreadPoolExecutor$Worker.run(ThreadPoolExecutor.java:624)
        at java.lang.Thread.run(Thread.java:748)
"pool-26-thread-3"  prio=5 tid=289 in Object.wait()
java.lang.Thread.State: WAITING (on object monitor)
        at sun.misc.Unsafe.park(Native Method)
        at java.util.concurrent.locks.LockSupport.park(LockSupport.java:175)
        at java.util.concurrent.locks.AbstractQueuedSynchronizer$ConditionObject.await(AbstractQueuedSynchronizer.java:2039)
        at java.util.concurrent.ArrayBlockingQueue.take(ArrayBlockingQueue.java:403)
        at java.util.concurrent.ThreadPoolExecutor.getTask(ThreadPoolExecutor.java:1074)
        at java.util.concurrent.ThreadPoolExecutor.runWorker(ThreadPoolExecutor.java:1134)
        at java.util.concurrent.ThreadPoolExecutor$Worker.run(ThreadPoolExecutor.java:624)
        at java.lang.Thread.run(Thread.java:748)
"IPC Server handler 16 on 40923" daemon prio=5 tid=45 timed_waiting
java.lang.Thread.State: TIMED_WAITING
        at sun.misc.Unsafe.park(Native Method)
        at java.util.concurrent.locks.LockSupport.parkNanos(LockSupport.java:215)
        at java.util.concurrent.locks.AbstractQueuedSynchronizer$ConditionObject.awaitNanos(AbstractQueuedSynchronizer.java:2078)
        at java.util.concurrent.LinkedBlockingQueue.poll(LinkedBlockingQueue.java:467)
        at org.apache.hadoop.ipc.CallQueueManager.take(CallQueueManager.java:288)
        at org.apache.hadoop.ipc.Server$Handler.run(Server.java:2668)
"IPC Server handler 10 on 46821" daemon prio=5 tid=59 timed_waiting
java.lang.Thread.State: TIMED_WAITING
        at sun.misc.Unsafe.park(Native Method)
        at java.util.concurrent.locks.LockSupport.parkNanos(LockSupport.java:215)
        at java.util.concurrent.locks.AbstractQueuedSynchronizer$ConditionObject.awaitNanos(AbstractQueuedSynchronizer.java:2078)
        at java.util.concurrent.LinkedBlockingQueue.poll(LinkedBlockingQueue.java:467)
        at org.apache.hadoop.ipc.CallQueueManager.take(CallQueueManager.java:288)
        at org.apache.hadoop.ipc.Server$Handler.run(Server.java:2668)
"pool-46-thread-37"  prio=5 tid=443 in Object.wait()
java.lang.Thread.State: WAITING (on object monitor)
        at sun.misc.Unsafe.park(Native Method)
        at java.util.concurrent.locks.LockSupport.park(LockSupport.java:175)
        at java.util.concurrent.locks.AbstractQueuedSynchronizer$ConditionObject.await(AbstractQueuedSynchronizer.java:2039)
        at java.util.concurrent.ArrayBlockingQueue.take(ArrayBlockingQueue.java:403)
        at java.util.concurrent.ThreadPoolExecutor.getTask(ThreadPoolExecutor.java:1074)
        at java.util.concurrent.ThreadPoolExecutor.runWorker(ThreadPoolExecutor.java:1134)
        at java.util.concurrent.ThreadPoolExecutor$Worker.run(ThreadPoolExecutor.java:624)
        at java.lang.Thread.run(Thread.java:748)
"pool-66-thread-12"  prio=5 tid=547 in Object.wait()
java.lang.Thread.State: WAITING (on object monitor)
        at sun.misc.Unsafe.park(Native Method)
        at java.util.concurrent.locks.LockSupport.park(LockSupport.java:175)
        at java.util.concurrent.locks.AbstractQueuedSynchronizer$ConditionObject.await(AbstractQueuedSynchronizer.java:2039)
        at java.util.concurrent.ArrayBlockingQueue.take(ArrayBlockingQueue.java:403)
        at java.util.concurrent.ThreadPoolExecutor.getTask(ThreadPoolExecutor.java:1074)
        at java.util.concurrent.ThreadPoolExecutor.runWorker(ThreadPoolExecutor.java:1134)
        at java.util.concurrent.ThreadPoolExecutor$Worker.run(ThreadPoolExecutor.java:624)
        at java.lang.Thread.run(Thread.java:748)
"Thread-224" daemon prio=5 tid=653 timed_waiting
java.lang.Thread.State: TIMED_WAITING
        at sun.misc.Unsafe.park(Native Method)
        at java.util.concurrent.locks.LockSupport.parkNanos(LockSupport.java:215)
        at java.util.concurrent.locks.AbstractQueuedSynchronizer$ConditionObject.awaitNanos(AbstractQueuedSynchronizer.java:2078)
        at java.util.concurrent.ArrayBlockingQueue.poll(ArrayBlockingQueue.java:418)
        at org.apache.ratis.server.impl.LeaderState$EventQueue.poll(LeaderState.java:115)
        at org.apache.ratis.server.impl.LeaderState$EventProcessor.run(LeaderState.java:467)
"5c3956af-60d3-411f-8c98-c7ed3576de5c@group-EE856C9543A1-StateMachineUpdater" daemon prio=5 tid=783 in Object.wait()
java.lang.Thread.State: WAITING (on object monitor)
        at java.lang.Object.wait(Native Method)
        at java.lang.Object.wait(Object.java:502)
        at org.apache.ratis.server.impl.StateMachineUpdater.waitForCommit(StateMachineUpdater.java:194)
        at org.apache.ratis.server.impl.StateMachineUpdater.run(StateMachineUpdater.java:159)
        at java.lang.Thread.run(Thread.java:748)
"Datanode State Machine Thread - 0" daemon prio=5 tid=204 timed_waiting
java.lang.Thread.State: TIMED_WAITING
        at sun.misc.Unsafe.park(Native Method)
        at java.util.concurrent.locks.LockSupport.parkNanos(LockSupport.java:215)
        at java.util.concurrent.SynchronousQueue$TransferStack.awaitFulfill(SynchronousQueue.java:460)
        at java.util.concurrent.SynchronousQueue$TransferStack.transfer(SynchronousQueue.java:362)
        at java.util.concurrent.SynchronousQueue.poll(SynchronousQueue.java:941)
        at java.util.concurrent.ThreadPoolExecutor.getTask(ThreadPoolExecutor.java:1073)
        at java.util.concurrent.ThreadPoolExecutor.runWorker(ThreadPoolExecutor.java:1134)
        at java.util.concurrent.ThreadPoolExecutor$Worker.run(ThreadPoolExecutor.java:624)
        at java.lang.Thread.run(Thread.java:748)
"Periodic HDDS volume checker"  prio=5 tid=178 timed_waiting
java.lang.Thread.State: TIMED_WAITING
        at sun.misc.Unsafe.park(Native Method)
        at java.util.concurrent.locks.LockSupport.parkNanos(LockSupport.java:215)
        at java.util.concurrent.locks.AbstractQueuedSynchronizer$ConditionObject.awaitNanos(AbstractQueuedSynchronizer.java:2078)
        at java.util.concurrent.ScheduledThreadPoolExecutor$DelayedWorkQueue.take(ScheduledThreadPoolExecutor.java:1093)
        at java.util.concurrent.ScheduledThreadPoolExecutor$DelayedWorkQueue.take(ScheduledThreadPoolExecutor.java:809)
        at java.util.concurrent.ThreadPoolExecutor.getTask(ThreadPoolExecutor.java:1074)
        at java.util.concurrent.ThreadPoolExecutor.runWorker(ThreadPoolExecutor.java:1134)
        at java.util.concurrent.ThreadPoolExecutor$Worker.run(ThreadPoolExecutor.java:624)
        at java.lang.Thread.run(Thread.java:748)
"pool-46-thread-32"  prio=5 tid=438 in Object.wait()
java.lang.Thread.State: WAITING (on object monitor)
        at sun.misc.Unsafe.park(Native Method)
        at java.util.concurrent.locks.LockSupport.park(LockSupport.java:175)
        at java.util.concurrent.locks.AbstractQueuedSynchronizer$ConditionObject.await(AbstractQueuedSynchronizer.java:2039)
        at java.util.concurrent.ArrayBlockingQueue.take(ArrayBlockingQueue.java:403)
        at java.util.concurrent.ThreadPoolExecutor.getTask(ThreadPoolExecutor.java:1074)
        at java.util.concurrent.ThreadPoolExecutor.runWorker(ThreadPoolExecutor.java:1134)
        at java.util.concurrent.ThreadPoolExecutor$Worker.run(ThreadPoolExecutor.java:624)
        at java.lang.Thread.run(Thread.java:748)
"pool-36-thread-36"  prio=5 tid=382 in Object.wait()
java.lang.Thread.State: WAITING (on object monitor)
        at sun.misc.Unsafe.park(Native Method)
        at java.util.concurrent.locks.LockSupport.park(LockSupport.java:175)
        at java.util.concurrent.locks.AbstractQueuedSynchronizer$ConditionObject.await(AbstractQueuedSynchronizer.java:2039)
        at java.util.concurrent.ArrayBlockingQueue.take(ArrayBlockingQueue.java:403)
        at java.util.concurrent.ThreadPoolExecutor.getTask(ThreadPoolExecutor.java:1074)
        at java.util.concurrent.ThreadPoolExecutor.runWorker(ThreadPoolExecutor.java:1134)
        at java.util.concurrent.ThreadPoolExecutor$Worker.run(ThreadPoolExecutor.java:624)
        at java.lang.Thread.run(Thread.java:748)
"qtp1680841335-219" daemon prio=5 tid=219 timed_waiting
java.lang.Thread.State: TIMED_WAITING
        at sun.misc.Unsafe.park(Native Method)
        at java.util.concurrent.locks.LockSupport.parkNanos(LockSupport.java:215)
        at java.util.concurrent.locks.AbstractQueuedSynchronizer$ConditionObject.awaitNanos(AbstractQueuedSynchronizer.java:2078)
        at org.eclipse.jetty.util.BlockingArrayQueue.poll(BlockingArrayQueue.java:392)
        at org.eclipse.jetty.util.thread.QueuedThreadPool.idleJobPoll(QueuedThreadPool.java:563)
        at org.eclipse.jetty.util.thread.QueuedThreadPool.access$800(QueuedThreadPool.java:48)
        at org.eclipse.jetty.util.thread.QueuedThreadPool$2.run(QueuedThreadPool.java:626)
        at java.lang.Thread.run(Thread.java:748)
"EventQueue-NodeRegistrationContainerReportForContainerSafeModeRule" daemon prio=5 tid=601 in Object.wait()
java.lang.Thread.State: WAITING (on object monitor)
        at sun.misc.Unsafe.park(Native Method)
        at java.util.concurrent.locks.LockSupport.park(LockSupport.java:175)
        at java.util.concurrent.locks.AbstractQueuedSynchronizer$ConditionObject.await(AbstractQueuedSynchronizer.java:2039)
        at java.util.concurrent.LinkedBlockingQueue.take(LinkedBlockingQueue.java:442)
        at java.util.concurrent.ThreadPoolExecutor.getTask(ThreadPoolExecutor.java:1074)
        at java.util.concurrent.ThreadPoolExecutor.runWorker(ThreadPoolExecutor.java:1134)
        at java.util.concurrent.ThreadPoolExecutor$Worker.run(ThreadPoolExecutor.java:624)
        at java.lang.Thread.run(Thread.java:748)
"pool-66-thread-43"  prio=5 tid=578 in Object.wait()
java.lang.Thread.State: WAITING (on object monitor)
        at sun.misc.Unsafe.park(Native Method)
        at java.util.concurrent.locks.LockSupport.park(LockSupport.java:175)
        at java.util.concurrent.locks.AbstractQueuedSynchronizer$ConditionObject.await(AbstractQueuedSynchronizer.java:2039)
        at java.util.concurrent.ArrayBlockingQueue.take(ArrayBlockingQueue.java:403)
        at java.util.concurrent.ThreadPoolExecutor.getTask(ThreadPoolExecutor.java:1074)
        at java.util.concurrent.ThreadPoolExecutor.runWorker(ThreadPoolExecutor.java:1134)
        at java.util.concurrent.ThreadPoolExecutor$Worker.run(ThreadPoolExecutor.java:624)
        at java.lang.Thread.run(Thread.java:748)
"pool-66-thread-16"  prio=5 tid=551 in Object.wait()
java.lang.Thread.State: WAITING (on object monitor)
        at sun.misc.Unsafe.park(Native Method)
        at java.util.concurrent.locks.LockSupport.park(LockSupport.java:175)
        at java.util.concurrent.locks.AbstractQueuedSynchronizer$ConditionObject.await(AbstractQueuedSynchronizer.java:2039)
        at java.util.concurrent.ArrayBlockingQueue.take(ArrayBlockingQueue.java:403)
        at java.util.concurrent.ThreadPoolExecutor.getTask(ThreadPoolExecutor.java:1074)
        at java.util.concurrent.ThreadPoolExecutor.runWorker(ThreadPoolExecutor.java:1134)
        at java.util.concurrent.ThreadPoolExecutor$Worker.run(ThreadPoolExecutor.java:624)
        at java.lang.Thread.run(Thread.java:748)
"CommandWatcher-LeaseManager#LeaseMonitor" daemon prio=5 tid=28 timed_waiting
java.lang.Thread.State: TIMED_WAITING
        at java.lang.Thread.sleep(Native Method)
        at org.apache.hadoop.ozone.lease.LeaseManager$LeaseMonitor.run(LeaseManager.java:234)
        at java.lang.Thread.run(Thread.java:748)
"grpc-default-executor-5" daemon prio=5 tid=826 timed_waiting
java.lang.Thread.State: TIMED_WAITING
        at sun.misc.Unsafe.park(Native Method)
        at java.util.concurrent.locks.LockSupport.parkNanos(LockSupport.java:215)
        at java.util.concurrent.SynchronousQueue$TransferStack.awaitFulfill(SynchronousQueue.java:460)
        at java.util.concurrent.SynchronousQueue$TransferStack.transfer(SynchronousQueue.java:362)
        at java.util.concurrent.SynchronousQueue.poll(SynchronousQueue.java:941)
        at java.util.concurrent.ThreadPoolExecutor.getTask(ThreadPoolExecutor.java:1073)
        at java.util.concurrent.ThreadPoolExecutor.runWorker(ThreadPoolExecutor.java:1134)
        at java.util.concurrent.ThreadPoolExecutor$Worker.run(ThreadPoolExecutor.java:624)
        at java.lang.Thread.run(Thread.java:748)
"Datanode ReportManager Thread - 3" daemon prio=5 tid=228 in Object.wait()
java.lang.Thread.State: WAITING (on object monitor)
        at sun.misc.Unsafe.park(Native Method)
        at java.util.concurrent.locks.LockSupport.park(LockSupport.java:175)
        at java.util.concurrent.locks.AbstractQueuedSynchronizer$ConditionObject.await(AbstractQueuedSynchronizer.java:2039)
        at java.util.concurrent.ScheduledThreadPoolExecutor$DelayedWorkQueue.take(ScheduledThreadPoolExecutor.java:1088)
        at java.util.concurrent.ScheduledThreadPoolExecutor$DelayedWorkQueue.take(ScheduledThreadPoolExecutor.java:809)
        at java.util.concurrent.ThreadPoolExecutor.getTask(ThreadPoolExecutor.java:1074)
        at java.util.concurrent.ThreadPoolExecutor.runWorker(ThreadPoolExecutor.java:1134)
        at java.util.concurrent.ThreadPoolExecutor$Worker.run(ThreadPoolExecutor.java:624)
        at java.lang.Thread.run(Thread.java:748)
"pool-36-thread-48"  prio=5 tid=394 in Object.wait()
java.lang.Thread.State: WAITING (on object monitor)
        at sun.misc.Unsafe.park(Native Method)
        at java.util.concurrent.locks.LockSupport.park(LockSupport.java:175)
        at java.util.concurrent.locks.AbstractQueuedSynchronizer$ConditionObject.await(AbstractQueuedSynchronizer.java:2039)
        at java.util.concurrent.ArrayBlockingQueue.take(ArrayBlockingQueue.java:403)
        at java.util.concurrent.ThreadPoolExecutor.getTask(ThreadPoolExecutor.java:1074)
        at java.util.concurrent.ThreadPoolExecutor.runWorker(ThreadPoolExecutor.java:1134)
        at java.util.concurrent.ThreadPoolExecutor$Worker.run(ThreadPoolExecutor.java:624)
        at java.lang.Thread.run(Thread.java:748)
"IPC Server handler 4 on 33004" daemon prio=5 tid=73 timed_waiting
java.lang.Thread.State: TIMED_WAITING
        at sun.misc.Unsafe.park(Native Method)
        at java.util.concurrent.locks.LockSupport.parkNanos(LockSupport.java:215)
        at java.util.concurrent.locks.AbstractQueuedSynchronizer$ConditionObject.awaitNanos(AbstractQueuedSynchronizer.java:2078)
        at java.util.concurrent.LinkedBlockingQueue.poll(LinkedBlockingQueue.java:467)
        at org.apache.hadoop.ipc.CallQueueManager.take(CallQueueManager.java:288)
        at org.apache.hadoop.ipc.Server$Handler.run(Server.java:2668)
"pool-46-thread-24"  prio=5 tid=430 in Object.wait()
java.lang.Thread.State: WAITING (on object monitor)
        at sun.misc.Unsafe.park(Native Method)
        at java.util.concurrent.locks.LockSupport.park(LockSupport.java:175)
        at java.util.concurrent.locks.AbstractQueuedSynchronizer$ConditionObject.await(AbstractQueuedSynchronizer.java:2039)
        at java.util.concurrent.ArrayBlockingQueue.take(ArrayBlockingQueue.java:403)
        at java.util.concurrent.ThreadPoolExecutor.getTask(ThreadPoolExecutor.java:1074)
        at java.util.concurrent.ThreadPoolExecutor.runWorker(ThreadPoolExecutor.java:1134)
        at java.util.concurrent.ThreadPoolExecutor$Worker.run(ThreadPoolExecutor.java:624)
        at java.lang.Thread.run(Thread.java:748)
"Socket Reader #1 for port 35444"  prio=5 tid=108 runnable
java.lang.Thread.State: RUNNABLE
        at sun.nio.ch.EPollArrayWrapper.epollWait(Native Method)
        at sun.nio.ch.EPollArrayWrapper.poll(EPollArrayWrapper.java:269)
        at sun.nio.ch.EPollSelectorImpl.doSelect(EPollSelectorImpl.java:93)
        at sun.nio.ch.SelectorImpl.lockAndDoSelect(SelectorImpl.java:86)
        at sun.nio.ch.SelectorImpl.select(SelectorImpl.java:97)
        at sun.nio.ch.SelectorImpl.select(SelectorImpl.java:101)
        at org.apache.hadoop.ipc.Server$Listener$Reader.doRunLoop(Server.java:1097)
        at org.apache.hadoop.ipc.Server$Listener$Reader.run(Server.java:1076)
"efb933de-cdd8-4d8d-88d2-4c7ffe0dec1a@group-0F9C9D952736-StateMachineUpdater" daemon prio=5 tid=615 in Object.wait()
java.lang.Thread.State: WAITING (on object monitor)
        at java.lang.Object.wait(Native Method)
        at java.lang.Object.wait(Object.java:502)
        at org.apache.ratis.server.impl.StateMachineUpdater.waitForCommit(StateMachineUpdater.java:194)
        at org.apache.ratis.server.impl.StateMachineUpdater.run(StateMachineUpdater.java:159)
        at java.lang.Thread.run(Thread.java:748)
"IPC Server handler 16 on 33004" daemon prio=5 tid=85 timed_waiting
java.lang.Thread.State: TIMED_WAITING
        at sun.misc.Unsafe.park(Native Method)
        at java.util.concurrent.locks.LockSupport.parkNanos(LockSupport.java:215)
        at java.util.concurrent.locks.AbstractQueuedSynchronizer$ConditionObject.awaitNanos(AbstractQueuedSynchronizer.java:2078)
        at java.util.concurrent.LinkedBlockingQueue.poll(LinkedBlockingQueue.java:467)
        at org.apache.hadoop.ipc.CallQueueManager.take(CallQueueManager.java:288)
        at org.apache.hadoop.ipc.Server$Handler.run(Server.java:2668)
"Socket Reader #1 for port 46821"  prio=5 tid=19 runnable
java.lang.Thread.State: RUNNABLE
        at sun.nio.ch.EPollArrayWrapper.epollWait(Native Method)
        at sun.nio.ch.EPollArrayWrapper.poll(EPollArrayWrapper.java:269)
        at sun.nio.ch.EPollSelectorImpl.doSelect(EPollSelectorImpl.java:93)
        at sun.nio.ch.SelectorImpl.lockAndDoSelect(SelectorImpl.java:86)
        at sun.nio.ch.SelectorImpl.select(SelectorImpl.java:97)
        at sun.nio.ch.SelectorImpl.select(SelectorImpl.java:101)
        at org.apache.hadoop.ipc.Server$Listener$Reader.doRunLoop(Server.java:1097)
        at org.apache.hadoop.ipc.Server$Listener$Reader.run(Server.java:1076)
"pool-40-thread-1"  prio=5 tid=185 timed_waiting
java.lang.Thread.State: TIMED_WAITING
        at sun.misc.Unsafe.park(Native Method)
        at java.util.concurrent.locks.LockSupport.parkNanos(LockSupport.java:215)
        at java.util.concurrent.locks.AbstractQueuedSynchronizer$ConditionObject.awaitNanos(AbstractQueuedSynchronizer.java:2078)
        at java.util.concurrent.ScheduledThreadPoolExecutor$DelayedWorkQueue.take(ScheduledThreadPoolExecutor.java:1093)
        at java.util.concurrent.ScheduledThreadPoolExecutor$DelayedWorkQueue.take(ScheduledThreadPoolExecutor.java:809)
        at java.util.concurrent.ThreadPoolExecutor.getTask(ThreadPoolExecutor.java:1074)
        at java.util.concurrent.ThreadPoolExecutor.runWorker(ThreadPoolExecutor.java:1134)
        at java.util.concurrent.ThreadPoolExecutor$Worker.run(ThreadPoolExecutor.java:624)
        at java.lang.Thread.run(Thread.java:748)
"metrics-hadoop-metrics2-reporter-20-thread-1" daemon prio=5 tid=659 timed_waiting
java.lang.Thread.State: TIMED_WAITING
        at sun.misc.Unsafe.park(Native Method)
        at java.util.concurrent.locks.LockSupport.parkNanos(LockSupport.java:215)
        at java.util.concurrent.locks.AbstractQueuedSynchronizer$ConditionObject.awaitNanos(AbstractQueuedSynchronizer.java:2078)
        at java.util.concurrent.ScheduledThreadPoolExecutor$DelayedWorkQueue.take(ScheduledThreadPoolExecutor.java:1093)
        at java.util.concurrent.ScheduledThreadPoolExecutor$DelayedWorkQueue.take(ScheduledThreadPoolExecutor.java:809)
        at java.util.concurrent.ThreadPoolExecutor.getTask(ThreadPoolExecutor.java:1074)
        at java.util.concurrent.ThreadPoolExecutor.runWorker(ThreadPoolExecutor.java:1134)
        at java.util.concurrent.ThreadPoolExecutor$Worker.run(ThreadPoolExecutor.java:624)
        at java.lang.Thread.run(Thread.java:748)
"pool-66-thread-37"  prio=5 tid=572 in Object.wait()
java.lang.Thread.State: WAITING (on object monitor)
        at sun.misc.Unsafe.park(Native Method)
        at java.util.concurrent.locks.LockSupport.park(LockSupport.java:175)
        at java.util.concurrent.locks.AbstractQueuedSynchronizer$ConditionObject.await(AbstractQueuedSynchronizer.java:2039)
        at java.util.concurrent.ArrayBlockingQueue.take(ArrayBlockingQueue.java:403)
        at java.util.concurrent.ThreadPoolExecutor.getTask(ThreadPoolExecutor.java:1074)
        at java.util.concurrent.ThreadPoolExecutor.runWorker(ThreadPoolExecutor.java:1134)
        at java.util.concurrent.ThreadPoolExecutor$Worker.run(ThreadPoolExecutor.java:624)
        at java.lang.Thread.run(Thread.java:748)
"pool-26-thread-44"  prio=5 tid=330 in Object.wait()
java.lang.Thread.State: WAITING (on object monitor)
        at sun.misc.Unsafe.park(Native Method)
        at java.util.concurrent.locks.LockSupport.park(LockSupport.java:175)
        at java.util.concurrent.locks.AbstractQueuedSynchronizer$ConditionObject.await(AbstractQueuedSynchronizer.java:2039)
        at java.util.concurrent.ArrayBlockingQueue.take(ArrayBlockingQueue.java:403)
        at java.util.concurrent.ThreadPoolExecutor.getTask(ThreadPoolExecutor.java:1074)
        at java.util.concurrent.ThreadPoolExecutor.runWorker(ThreadPoolExecutor.java:1134)
        at java.util.concurrent.ThreadPoolExecutor$Worker.run(ThreadPoolExecutor.java:624)
        at java.lang.Thread.run(Thread.java:748)
"pool-26-thread-1"  prio=5 tid=287 in Object.wait()
java.lang.Thread.State: WAITING (on object monitor)
        at sun.misc.Unsafe.park(Native Method)
        at java.util.concurrent.locks.LockSupport.park(LockSupport.java:175)
        at java.util.concurrent.locks.AbstractQueuedSynchronizer$ConditionObject.await(AbstractQueuedSynchronizer.java:2039)
        at java.util.concurrent.ArrayBlockingQueue.take(ArrayBlockingQueue.java:403)
        at java.util.concurrent.ThreadPoolExecutor.getTask(ThreadPoolExecutor.java:1074)
        at java.util.concurrent.ThreadPoolExecutor.runWorker(ThreadPoolExecutor.java:1134)
        at java.util.concurrent.ThreadPoolExecutor$Worker.run(ThreadPoolExecutor.java:624)
        at java.lang.Thread.run(Thread.java:748)
"pool-56-thread-6"  prio=5 tid=479 in Object.wait()
java.lang.Thread.State: WAITING (on object monitor)
        at sun.misc.Unsafe.park(Native Method)
        at java.util.concurrent.locks.LockSupport.park(LockSupport.java:175)
        at java.util.concurrent.locks.AbstractQueuedSynchronizer$ConditionObject.await(AbstractQueuedSynchronizer.java:2039)
        at java.util.concurrent.ArrayBlockingQueue.take(ArrayBlockingQueue.java:403)
        at java.util.concurrent.ThreadPoolExecutor.getTask(ThreadPoolExecutor.java:1074)
        at java.util.concurrent.ThreadPoolExecutor.runWorker(ThreadPoolExecutor.java:1134)
        at java.util.concurrent.ThreadPoolExecutor$Worker.run(ThreadPoolExecutor.java:624)
        at java.lang.Thread.run(Thread.java:748)
"IPC Server handler 2 on 46821" daemon prio=5 tid=51 timed_waiting
java.lang.Thread.State: TIMED_WAITING
        at sun.misc.Unsafe.park(Native Method)
        at java.util.concurrent.locks.LockSupport.parkNanos(LockSupport.java:215)
        at java.util.concurrent.locks.AbstractQueuedSynchronizer$ConditionObject.awaitNanos(AbstractQueuedSynchronizer.java:2078)
        at java.util.concurrent.LinkedBlockingQueue.poll(LinkedBlockingQueue.java:467)
        at org.apache.hadoop.ipc.CallQueueManager.take(CallQueueManager.java:288)
        at org.apache.hadoop.ipc.Server$Handler.run(Server.java:2668)
"IPC Server Responder" daemon prio=5 tid=21 runnable
java.lang.Thread.State: RUNNABLE
        at sun.nio.ch.EPollArrayWrapper.epollWait(Native Method)
        at sun.nio.ch.EPollArrayWrapper.poll(EPollArrayWrapper.java:269)
        at sun.nio.ch.EPollSelectorImpl.doSelect(EPollSelectorImpl.java:93)
        at sun.nio.ch.SelectorImpl.lockAndDoSelect(SelectorImpl.java:86)
        at sun.nio.ch.SelectorImpl.select(SelectorImpl.java:97)
        at org.apache.hadoop.ipc.Server$Responder.doRunLoop(Server.java:1334)
        at org.apache.hadoop.ipc.Server$Responder.run(Server.java:1317)
"Thread-226" daemon prio=5 tid=657 timed_waiting
java.lang.Thread.State: TIMED_WAITING
        at sun.misc.Unsafe.park(Native Method)
        at java.util.concurrent.locks.LockSupport.parkNanos(LockSupport.java:215)
        at java.util.concurrent.locks.AbstractQueuedSynchronizer$ConditionObject.awaitNanos(AbstractQueuedSynchronizer.java:2078)
        at java.util.concurrent.ArrayBlockingQueue.poll(ArrayBlockingQueue.java:418)
        at org.apache.ratis.server.impl.LeaderState$EventQueue.poll(LeaderState.java:115)
        at org.apache.ratis.server.impl.LeaderState$EventProcessor.run(LeaderState.java:467)
"Datanode ReportManager Thread - 3" daemon prio=5 tid=282 timed_waiting
java.lang.Thread.State: TIMED_WAITING
        at sun.misc.Unsafe.park(Native Method)
        at java.util.concurrent.locks.LockSupport.parkNanos(LockSupport.java:215)
        at java.util.concurrent.locks.AbstractQueuedSynchronizer$ConditionObject.awaitNanos(AbstractQueuedSynchronizer.java:2078)
        at java.util.concurrent.ScheduledThreadPoolExecutor$DelayedWorkQueue.take(ScheduledThreadPoolExecutor.java:1093)
        at java.util.concurrent.ScheduledThreadPoolExecutor$DelayedWorkQueue.take(ScheduledThreadPoolExecutor.java:809)
        at java.util.concurrent.ThreadPoolExecutor.getTask(ThreadPoolExecutor.java:1074)
        at java.util.concurrent.ThreadPoolExecutor.runWorker(ThreadPoolExecutor.java:1134)
        at java.util.concurrent.ThreadPoolExecutor$Worker.run(ThreadPoolExecutor.java:624)
        at java.lang.Thread.run(Thread.java:748)
"Datanode ReportManager Thread - 1" daemon prio=5 tid=199 in Object.wait()
java.lang.Thread.State: WAITING (on object monitor)
        at sun.misc.Unsafe.park(Native Method)
        at java.util.concurrent.locks.LockSupport.park(LockSupport.java:175)
        at java.util.concurrent.locks.AbstractQueuedSynchronizer$ConditionObject.await(AbstractQueuedSynchronizer.java:2039)
        at java.util.concurrent.ScheduledThreadPoolExecutor$DelayedWorkQueue.take(ScheduledThreadPoolExecutor.java:1088)
        at java.util.concurrent.ScheduledThreadPoolExecutor$DelayedWorkQueue.take(ScheduledThreadPoolExecutor.java:809)
        at java.util.concurrent.ThreadPoolExecutor.getTask(ThreadPoolExecutor.java:1074)
        at java.util.concurrent.ThreadPoolExecutor.runWorker(ThreadPoolExecutor.java:1134)
        at java.util.concurrent.ThreadPoolExecutor$Worker.run(ThreadPoolExecutor.java:624)
        at java.lang.Thread.run(Thread.java:748)
"metrics-hadoop-metrics2-reporter-43-thread-1" daemon prio=5 tid=793 timed_waiting
java.lang.Thread.State: TIMED_WAITING
        at sun.misc.Unsafe.park(Native Method)
        at java.util.concurrent.locks.LockSupport.parkNanos(LockSupport.java:215)
        at java.util.concurrent.locks.AbstractQueuedSynchronizer$ConditionObject.awaitNanos(AbstractQueuedSynchronizer.java:2078)
        at java.util.concurrent.ScheduledThreadPoolExecutor$DelayedWorkQueue.take(ScheduledThreadPoolExecutor.java:1093)
        at java.util.concurrent.ScheduledThreadPoolExecutor$DelayedWorkQueue.take(ScheduledThreadPoolExecutor.java:809)
        at java.util.concurrent.ThreadPoolExecutor.getTask(ThreadPoolExecutor.java:1074)
        at java.util.concurrent.ThreadPoolExecutor.runWorker(ThreadPoolExecutor.java:1134)
        at java.util.concurrent.ThreadPoolExecutor$Worker.run(ThreadPoolExecutor.java:624)
        at java.lang.Thread.run(Thread.java:748)
"qtp1845760645-269" daemon prio=5 tid=269 timed_waiting
java.lang.Thread.State: TIMED_WAITING
        at sun.misc.Unsafe.park(Native Method)
        at java.util.concurrent.locks.LockSupport.parkNanos(LockSupport.java:215)
        at java.util.concurrent.locks.AbstractQueuedSynchronizer$ConditionObject.awaitNanos(AbstractQueuedSynchronizer.java:2078)
        at org.eclipse.jetty.util.BlockingArrayQueue.poll(BlockingArrayQueue.java:392)
        at org.eclipse.jetty.util.thread.QueuedThreadPool.idleJobPoll(QueuedThreadPool.java:563)
        at org.eclipse.jetty.util.thread.QueuedThreadPool.access$800(QueuedThreadPool.java:48)
        at org.eclipse.jetty.util.thread.QueuedThreadPool$2.run(QueuedThreadPool.java:626)
        at java.lang.Thread.run(Thread.java:748)
"pool-26-thread-57"  prio=5 tid=343 in Object.wait()
java.lang.Thread.State: WAITING (on object monitor)
        at sun.misc.Unsafe.park(Native Method)
        at java.util.concurrent.locks.LockSupport.park(LockSupport.java:175)
        at java.util.concurrent.locks.AbstractQueuedSynchronizer$ConditionObject.await(AbstractQueuedSynchronizer.java:2039)
        at java.util.concurrent.ArrayBlockingQueue.take(ArrayBlockingQueue.java:403)
        at java.util.concurrent.ThreadPoolExecutor.getTask(ThreadPoolExecutor.java:1074)
        at java.util.concurrent.ThreadPoolExecutor.runWorker(ThreadPoolExecutor.java:1134)
        at java.util.concurrent.ThreadPoolExecutor$Worker.run(ThreadPoolExecutor.java:624)
        at java.lang.Thread.run(Thread.java:748)
"IPC Server listener on 33004" daemon prio=5 tid=14 runnable
java.lang.Thread.State: RUNNABLE
        at sun.nio.ch.EPollArrayWrapper.epollWait(Native Method)
        at sun.nio.ch.EPollArrayWrapper.poll(EPollArrayWrapper.java:269)
        at sun.nio.ch.EPollSelectorImpl.doSelect(EPollSelectorImpl.java:93)
        at sun.nio.ch.SelectorImpl.lockAndDoSelect(SelectorImpl.java:86)
        at sun.nio.ch.SelectorImpl.select(SelectorImpl.java:97)
        at sun.nio.ch.SelectorImpl.select(SelectorImpl.java:101)
        at org.apache.hadoop.ipc.Server$Listener.run(Server.java:1159)
"pool-36-thread-4"  prio=5 tid=350 in Object.wait()
java.lang.Thread.State: WAITING (on object monitor)
        at sun.misc.Unsafe.park(Native Method)
        at java.util.concurrent.locks.LockSupport.park(LockSupport.java:175)
        at java.util.concurrent.locks.AbstractQueuedSynchronizer$ConditionObject.await(AbstractQueuedSynchronizer.java:2039)
        at java.util.concurrent.ArrayBlockingQueue.take(ArrayBlockingQueue.java:403)
        at java.util.concurrent.ThreadPoolExecutor.getTask(ThreadPoolExecutor.java:1074)
        at java.util.concurrent.ThreadPoolExecutor.runWorker(ThreadPoolExecutor.java:1134)
        at java.util.concurrent.ThreadPoolExecutor$Worker.run(ThreadPoolExecutor.java:624)
        at java.lang.Thread.run(Thread.java:748)
"45fbe16b-e751-4a45-a959-58ac23dab104@group-09B31D2A0473-StateMachineUpdater" daemon prio=5 tid=661 in Object.wait()
java.lang.Thread.State: WAITING (on object monitor)
        at java.lang.Object.wait(Native Method)
        at java.lang.Object.wait(Object.java:502)
        at org.apache.ratis.server.impl.StateMachineUpdater.waitForCommit(StateMachineUpdater.java:194)
        at org.apache.ratis.server.impl.StateMachineUpdater.run(StateMachineUpdater.java:159)
        at java.lang.Thread.run(Thread.java:748)
"pool-36-thread-54"  prio=5 tid=400 in Object.wait()
java.lang.Thread.State: WAITING (on object monitor)
        at sun.misc.Unsafe.park(Native Method)
        at java.util.concurrent.locks.LockSupport.park(LockSupport.java:175)
        at java.util.concurrent.locks.AbstractQueuedSynchronizer$ConditionObject.await(AbstractQueuedSynchronizer.java:2039)
        at java.util.concurrent.ArrayBlockingQueue.take(ArrayBlockingQueue.java:403)
        at java.util.concurrent.ThreadPoolExecutor.getTask(ThreadPoolExecutor.java:1074)
        at java.util.concurrent.ThreadPoolExecutor.runWorker(ThreadPoolExecutor.java:1134)
        at java.util.concurrent.ThreadPoolExecutor$Worker.run(ThreadPoolExecutor.java:624)
        at java.lang.Thread.run(Thread.java:748)
"metrics-hadoop-metrics2-reporter-19-thread-1" daemon prio=5 tid=658 timed_waiting
java.lang.Thread.State: TIMED_WAITING
        at sun.misc.Unsafe.park(Native Method)
        at java.util.concurrent.locks.LockSupport.parkNanos(LockSupport.java:215)
        at java.util.concurrent.locks.AbstractQueuedSynchronizer$ConditionObject.awaitNanos(AbstractQueuedSynchronizer.java:2078)
        at java.util.concurrent.ScheduledThreadPoolExecutor$DelayedWorkQueue.take(ScheduledThreadPoolExecutor.java:1093)
        at java.util.concurrent.ScheduledThreadPoolExecutor$DelayedWorkQueue.take(ScheduledThreadPoolExecutor.java:809)
        at java.util.concurrent.ThreadPoolExecutor.getTask(ThreadPoolExecutor.java:1074)
        at java.util.concurrent.ThreadPoolExecutor.runWorker(ThreadPoolExecutor.java:1134)
        at java.util.concurrent.ThreadPoolExecutor$Worker.run(ThreadPoolExecutor.java:624)
        at java.lang.Thread.run(Thread.java:748)
"metrics-hadoop-metrics2-reporter-10-thread-1" daemon prio=5 tid=635 timed_waiting
java.lang.Thread.State: TIMED_WAITING
        at sun.misc.Unsafe.park(Native Method)
        at java.util.concurrent.locks.LockSupport.parkNanos(LockSupport.java:215)
        at java.util.concurrent.locks.AbstractQueuedSynchronizer$ConditionObject.awaitNanos(AbstractQueuedSynchronizer.java:2078)
        at java.util.concurrent.ScheduledThreadPoolExecutor$DelayedWorkQueue.take(ScheduledThreadPoolExecutor.java:1093)
        at java.util.concurrent.ScheduledThreadPoolExecutor$DelayedWorkQueue.take(ScheduledThreadPoolExecutor.java:809)
        at java.util.concurrent.ThreadPoolExecutor.getTask(ThreadPoolExecutor.java:1074)
        at java.util.concurrent.ThreadPoolExecutor.runWorker(ThreadPoolExecutor.java:1134)
        at java.util.concurrent.ThreadPoolExecutor$Worker.run(ThreadPoolExecutor.java:624)
        at java.lang.Thread.run(Thread.java:748)
"pool-46-thread-21"  prio=5 tid=427 in Object.wait()
java.lang.Thread.State: WAITING (on object monitor)
        at sun.misc.Unsafe.park(Native Method)
        at java.util.concurrent.locks.LockSupport.park(LockSupport.java:175)
        at java.util.concurrent.locks.AbstractQueuedSynchronizer$ConditionObject.await(AbstractQueuedSynchronizer.java:2039)
        at java.util.concurrent.ArrayBlockingQueue.take(ArrayBlockingQueue.java:403)
        at java.util.concurrent.ThreadPoolExecutor.getTask(ThreadPoolExecutor.java:1074)
        at java.util.concurrent.ThreadPoolExecutor.runWorker(ThreadPoolExecutor.java:1134)
        at java.util.concurrent.ThreadPoolExecutor$Worker.run(ThreadPoolExecutor.java:624)
        at java.lang.Thread.run(Thread.java:748)
"pool-36-thread-45"  prio=5 tid=391 in Object.wait()
java.lang.Thread.State: WAITING (on object monitor)
        at sun.misc.Unsafe.park(Native Method)
        at java.util.concurrent.locks.LockSupport.park(LockSupport.java:175)
        at java.util.concurrent.locks.AbstractQueuedSynchronizer$ConditionObject.await(AbstractQueuedSynchronizer.java:2039)
        at java.util.concurrent.ArrayBlockingQueue.take(ArrayBlockingQueue.java:403)
        at java.util.concurrent.ThreadPoolExecutor.getTask(ThreadPoolExecutor.java:1074)
        at java.util.concurrent.ThreadPoolExecutor.runWorker(ThreadPoolExecutor.java:1134)
        at java.util.concurrent.ThreadPoolExecutor$Worker.run(ThreadPoolExecutor.java:624)
        at java.lang.Thread.run(Thread.java:748)
"IPC Server handler 10 on 35444" daemon prio=5 tid=124 timed_waiting
java.lang.Thread.State: TIMED_WAITING
        at sun.misc.Unsafe.park(Native Method)
        at java.util.concurrent.locks.LockSupport.parkNanos(LockSupport.java:215)
        at java.util.concurrent.locks.AbstractQueuedSynchronizer$ConditionObject.awaitNanos(AbstractQueuedSynchronizer.java:2078)
        at java.util.concurrent.LinkedBlockingQueue.poll(LinkedBlockingQueue.java:467)
        at org.apache.hadoop.ipc.CallQueueManager.take(CallQueueManager.java:288)
        at org.apache.hadoop.ipc.Server$Handler.run(Server.java:2668)
"pool-56-thread-2"  prio=5 tid=475 in Object.wait()
java.lang.Thread.State: WAITING (on object monitor)
        at sun.misc.Unsafe.park(Native Method)
        at java.util.concurrent.locks.LockSupport.park(LockSupport.java:175)
        at java.util.concurrent.locks.AbstractQueuedSynchronizer$ConditionObject.await(AbstractQueuedSynchronizer.java:2039)
        at java.util.concurrent.ArrayBlockingQueue.take(ArrayBlockingQueue.java:403)
        at java.util.concurrent.ThreadPoolExecutor.getTask(ThreadPoolExecutor.java:1074)
        at java.util.concurrent.ThreadPoolExecutor.runWorker(ThreadPoolExecutor.java:1134)
        at java.util.concurrent.ThreadPoolExecutor$Worker.run(ThreadPoolExecutor.java:624)
        at java.lang.Thread.run(Thread.java:748)
"pool-66-thread-24"  prio=5 tid=559 in Object.wait()
java.lang.Thread.State: WAITING (on object monitor)
        at sun.misc.Unsafe.park(Native Method)
        at java.util.concurrent.locks.LockSupport.park(LockSupport.java:175)
        at java.util.concurrent.locks.AbstractQueuedSynchronizer$ConditionObject.await(AbstractQueuedSynchronizer.java:2039)
        at java.util.concurrent.ArrayBlockingQueue.take(ArrayBlockingQueue.java:403)
        at java.util.concurrent.ThreadPoolExecutor.getTask(ThreadPoolExecutor.java:1074)
        at java.util.concurrent.ThreadPoolExecutor.runWorker(ThreadPoolExecutor.java:1134)
        at java.util.concurrent.ThreadPoolExecutor$Worker.run(ThreadPoolExecutor.java:624)
        at java.lang.Thread.run(Thread.java:748)
"IPC Server handler 3 on 33004" daemon prio=5 tid=72 timed_waiting
java.lang.Thread.State: TIMED_WAITING
        at sun.misc.Unsafe.park(Native Method)
        at java.util.concurrent.locks.LockSupport.parkNanos(LockSupport.java:215)
        at java.util.concurrent.locks.AbstractQueuedSynchronizer$ConditionObject.awaitNanos(AbstractQueuedSynchronizer.java:2078)
        at java.util.concurrent.LinkedBlockingQueue.poll(LinkedBlockingQueue.java:467)
        at org.apache.hadoop.ipc.CallQueueManager.take(CallQueueManager.java:288)
        at org.apache.hadoop.ipc.Server$Handler.run(Server.java:2668)
"pool-46-thread-39"  prio=5 tid=445 in Object.wait()
java.lang.Thread.State: WAITING (on object monitor)
        at sun.misc.Unsafe.park(Native Method)
        at java.util.concurrent.locks.LockSupport.park(LockSupport.java:175)
        at java.util.concurrent.locks.AbstractQueuedSynchronizer$ConditionObject.await(AbstractQueuedSynchronizer.java:2039)
        at java.util.concurrent.ArrayBlockingQueue.take(ArrayBlockingQueue.java:403)
        at java.util.concurrent.ThreadPoolExecutor.getTask(ThreadPoolExecutor.java:1074)
        at java.util.concurrent.ThreadPoolExecutor.runWorker(ThreadPoolExecutor.java:1134)
        at java.util.concurrent.ThreadPoolExecutor$Worker.run(ThreadPoolExecutor.java:624)
        at java.lang.Thread.run(Thread.java:748)
"pool-66-thread-18"  prio=5 tid=553 in Object.wait()
java.lang.Thread.State: WAITING (on object monitor)
        at sun.misc.Unsafe.park(Native Method)
        at java.util.concurrent.locks.LockSupport.park(LockSupport.java:175)
        at java.util.concurrent.locks.AbstractQueuedSynchronizer$ConditionObject.await(AbstractQueuedSynchronizer.java:2039)
        at java.util.concurrent.ArrayBlockingQueue.take(ArrayBlockingQueue.java:403)
        at java.util.concurrent.ThreadPoolExecutor.getTask(ThreadPoolExecutor.java:1074)
        at java.util.concurrent.ThreadPoolExecutor.runWorker(ThreadPoolExecutor.java:1134)
        at java.util.concurrent.ThreadPoolExecutor$Worker.run(ThreadPoolExecutor.java:624)
        at java.lang.Thread.run(Thread.java:748)
"pool-46-thread-41"  prio=5 tid=447 in Object.wait()
java.lang.Thread.State: WAITING (on object monitor)
        at sun.misc.Unsafe.park(Native Method)
        at java.util.concurrent.locks.LockSupport.park(LockSupport.java:175)
        at java.util.concurrent.locks.AbstractQueuedSynchronizer$ConditionObject.await(AbstractQueuedSynchronizer.java:2039)
        at java.util.concurrent.ArrayBlockingQueue.take(ArrayBlockingQueue.java:403)
        at java.util.concurrent.ThreadPoolExecutor.getTask(ThreadPoolExecutor.java:1074)
        at java.util.concurrent.ThreadPoolExecutor.runWorker(ThreadPoolExecutor.java:1134)
        at java.util.concurrent.ThreadPoolExecutor$Worker.run(ThreadPoolExecutor.java:624)
        at java.lang.Thread.run(Thread.java:748)
"qtp801142660-143" daemon prio=5 tid=143 timed_waiting
java.lang.Thread.State: TIMED_WAITING
        at sun.misc.Unsafe.park(Native Method)
        at java.util.concurrent.locks.LockSupport.parkNanos(LockSupport.java:215)
        at java.util.concurrent.locks.AbstractQueuedSynchronizer$ConditionObject.awaitNanos(AbstractQueuedSynchronizer.java:2078)
        at org.eclipse.jetty.util.BlockingArrayQueue.poll(BlockingArrayQueue.java:392)
        at org.eclipse.jetty.util.thread.QueuedThreadPool.idleJobPoll(QueuedThreadPool.java:563)
        at org.eclipse.jetty.util.thread.QueuedThreadPool.access$800(QueuedThreadPool.java:48)
        at org.eclipse.jetty.util.thread.QueuedThreadPool$2.run(QueuedThreadPool.java:626)
        at java.lang.Thread.run(Thread.java:748)
"IPC Server handler 12 on 35444" daemon prio=5 tid=126 timed_waiting
java.lang.Thread.State: TIMED_WAITING
        at sun.misc.Unsafe.park(Native Method)
        at java.util.concurrent.locks.LockSupport.parkNanos(LockSupport.java:215)
        at java.util.concurrent.locks.AbstractQueuedSynchronizer$ConditionObject.awaitNanos(AbstractQueuedSynchronizer.java:2078)
        at java.util.concurrent.LinkedBlockingQueue.poll(LinkedBlockingQueue.java:467)
        at org.apache.hadoop.ipc.CallQueueManager.take(CallQueueManager.java:288)
        at org.apache.hadoop.ipc.Server$Handler.run(Server.java:2668)
"pool-66-thread-31"  prio=5 tid=566 in Object.wait()
java.lang.Thread.State: WAITING (on object monitor)
        at sun.misc.Unsafe.park(Native Method)
        at java.util.concurrent.locks.LockSupport.park(LockSupport.java:175)
        at java.util.concurrent.locks.AbstractQueuedSynchronizer$ConditionObject.await(AbstractQueuedSynchronizer.java:2039)
        at java.util.concurrent.ArrayBlockingQueue.take(ArrayBlockingQueue.java:403)
        at java.util.concurrent.ThreadPoolExecutor.getTask(ThreadPoolExecutor.java:1074)
        at java.util.concurrent.ThreadPoolExecutor.runWorker(ThreadPoolExecutor.java:1134)
        at java.util.concurrent.ThreadPoolExecutor$Worker.run(ThreadPoolExecutor.java:624)
        at java.lang.Thread.run(Thread.java:748)
"BlockDeletingService#0" daemon prio=5 tid=469 timed_waiting
java.lang.Thread.State: TIMED_WAITING
        at sun.misc.Unsafe.park(Native Method)
        at java.util.concurrent.locks.LockSupport.parkNanos(LockSupport.java:215)
        at java.util.concurrent.locks.AbstractQueuedSynchronizer$ConditionObject.awaitNanos(AbstractQueuedSynchronizer.java:2078)
        at java.util.concurrent.ScheduledThreadPoolExecutor$DelayedWorkQueue.take(ScheduledThreadPoolExecutor.java:1093)
        at java.util.concurrent.ScheduledThreadPoolExecutor$DelayedWorkQueue.take(ScheduledThreadPoolExecutor.java:809)
        at java.util.concurrent.ThreadPoolExecutor.getTask(ThreadPoolExecutor.java:1074)
        at java.util.concurrent.ThreadPoolExecutor.runWorker(ThreadPoolExecutor.java:1134)
        at java.util.concurrent.ThreadPoolExecutor$Worker.run(ThreadPoolExecutor.java:624)
        at java.lang.Thread.run(Thread.java:748)
"IPC Server handler 15 on 40923" daemon prio=5 tid=44 timed_waiting
java.lang.Thread.State: TIMED_WAITING
        at sun.misc.Unsafe.park(Native Method)
        at java.util.concurrent.locks.LockSupport.parkNanos(LockSupport.java:215)
        at java.util.concurrent.locks.AbstractQueuedSynchronizer$ConditionObject.awaitNanos(AbstractQueuedSynchronizer.java:2078)
        at java.util.concurrent.LinkedBlockingQueue.poll(LinkedBlockingQueue.java:467)
        at org.apache.hadoop.ipc.CallQueueManager.take(CallQueueManager.java:288)
        at org.apache.hadoop.ipc.Server$Handler.run(Server.java:2668)
"IPC Server handler 11 on 46821" daemon prio=5 tid=60 timed_waiting
java.lang.Thread.State: TIMED_WAITING
        at sun.misc.Unsafe.park(Native Method)
        at java.util.concurrent.locks.LockSupport.parkNanos(LockSupport.java:215)
        at java.util.concurrent.locks.AbstractQueuedSynchronizer$ConditionObject.awaitNanos(AbstractQueuedSynchronizer.java:2078)
        at java.util.concurrent.LinkedBlockingQueue.poll(LinkedBlockingQueue.java:467)
        at org.apache.hadoop.ipc.CallQueueManager.take(CallQueueManager.java:288)
        at org.apache.hadoop.ipc.Server$Handler.run(Server.java:2668)
"IPC Server handler 19 on 40923" daemon prio=5 tid=48 timed_waiting
java.lang.Thread.State: TIMED_WAITING
        at sun.misc.Unsafe.park(Native Method)
        at java.util.concurrent.locks.LockSupport.parkNanos(LockSupport.java:215)
        at java.util.concurrent.locks.AbstractQueuedSynchronizer$ConditionObject.awaitNanos(AbstractQueuedSynchronizer.java:2078)
        at java.util.concurrent.LinkedBlockingQueue.poll(LinkedBlockingQueue.java:467)
        at org.apache.hadoop.ipc.CallQueueManager.take(CallQueueManager.java:288)
        at org.apache.hadoop.ipc.Server$Handler.run(Server.java:2668)
"pool-36-thread-20"  prio=5 tid=366 in Object.wait()
java.lang.Thread.State: WAITING (on object monitor)
        at sun.misc.Unsafe.park(Native Method)
        at java.util.concurrent.locks.LockSupport.park(LockSupport.java:175)
        at java.util.concurrent.locks.AbstractQueuedSynchronizer$ConditionObject.await(AbstractQueuedSynchronizer.java:2039)
        at java.util.concurrent.ArrayBlockingQueue.take(ArrayBlockingQueue.java:403)
        at java.util.concurrent.ThreadPoolExecutor.getTask(ThreadPoolExecutor.java:1074)
        at java.util.concurrent.ThreadPoolExecutor.runWorker(ThreadPoolExecutor.java:1134)
        at java.util.concurrent.ThreadPoolExecutor$Worker.run(ThreadPoolExecutor.java:624)
        at java.lang.Thread.run(Thread.java:748)
"pool-56-thread-40"  prio=5 tid=513 in Object.wait()
java.lang.Thread.State: WAITING (on object monitor)
        at sun.misc.Unsafe.park(Native Method)
        at java.util.concurrent.locks.LockSupport.park(LockSupport.java:175)
        at java.util.concurrent.locks.AbstractQueuedSynchronizer$ConditionObject.await(AbstractQueuedSynchronizer.java:2039)
        at java.util.concurrent.ArrayBlockingQueue.take(ArrayBlockingQueue.java:403)
        at java.util.concurrent.ThreadPoolExecutor.getTask(ThreadPoolExecutor.java:1074)
        at java.util.concurrent.ThreadPoolExecutor.runWorker(ThreadPoolExecutor.java:1134)
        at java.util.concurrent.ThreadPoolExecutor$Worker.run(ThreadPoolExecutor.java:624)
        at java.lang.Thread.run(Thread.java:748)
"pool-36-thread-42"  prio=5 tid=388 in Object.wait()
java.lang.Thread.State: WAITING (on object monitor)
        at sun.misc.Unsafe.park(Native Method)
        at java.util.concurrent.locks.LockSupport.park(LockSupport.java:175)
        at java.util.concurrent.locks.AbstractQueuedSynchronizer$ConditionObject.await(AbstractQueuedSynchronizer.java:2039)
        at java.util.concurrent.ArrayBlockingQueue.take(ArrayBlockingQueue.java:403)
        at java.util.concurrent.ThreadPoolExecutor.getTask(ThreadPoolExecutor.java:1074)
        at java.util.concurrent.ThreadPoolExecutor.runWorker(ThreadPoolExecutor.java:1134)
        at java.util.concurrent.ThreadPoolExecutor$Worker.run(ThreadPoolExecutor.java:624)
        at java.lang.Thread.run(Thread.java:748)
"KeyDeletingService#0" daemon prio=5 tid=113 in Object.wait()
java.lang.Thread.State: WAITING (on object monitor)
        at sun.misc.Unsafe.park(Native Method)
        at java.util.concurrent.locks.LockSupport.park(LockSupport.java:175)
        at java.util.concurrent.locks.AbstractQueuedSynchronizer$ConditionObject.await(AbstractQueuedSynchronizer.java:2039)
        at java.util.concurrent.ScheduledThreadPoolExecutor$DelayedWorkQueue.take(ScheduledThreadPoolExecutor.java:1088)
        at java.util.concurrent.ScheduledThreadPoolExecutor$DelayedWorkQueue.take(ScheduledThreadPoolExecutor.java:809)
        at java.util.concurrent.ThreadPoolExecutor.getTask(ThreadPoolExecutor.java:1074)
        at java.util.concurrent.ThreadPoolExecutor.runWorker(ThreadPoolExecutor.java:1134)
        at java.util.concurrent.ThreadPoolExecutor$Worker.run(ThreadPoolExecutor.java:624)
        at java.lang.Thread.run(Thread.java:748)
"metrics-hadoop-metrics2-reporter-25-thread-1" daemon prio=5 tid=676 timed_waiting
java.lang.Thread.State: TIMED_WAITING
        at sun.misc.Unsafe.park(Native Method)
        at java.util.concurrent.locks.LockSupport.parkNanos(LockSupport.java:215)
        at java.util.concurrent.locks.AbstractQueuedSynchronizer$ConditionObject.awaitNanos(AbstractQueuedSynchronizer.java:2078)
        at java.util.concurrent.ScheduledThreadPoolExecutor$DelayedWorkQueue.take(ScheduledThreadPoolExecutor.java:1093)
        at java.util.concurrent.ScheduledThreadPoolExecutor$DelayedWorkQueue.take(ScheduledThreadPoolExecutor.java:809)
        at java.util.concurrent.ThreadPoolExecutor.getTask(ThreadPoolExecutor.java:1074)
        at java.util.concurrent.ThreadPoolExecutor.runWorker(ThreadPoolExecutor.java:1134)
        at java.util.concurrent.ThreadPoolExecutor$Worker.run(ThreadPoolExecutor.java:624)
        at java.lang.Thread.run(Thread.java:748)
"pool-26-thread-5"  prio=5 tid=291 in Object.wait()
java.lang.Thread.State: WAITING (on object monitor)
        at sun.misc.Unsafe.park(Native Method)
        at java.util.concurrent.locks.LockSupport.park(LockSupport.java:175)
        at java.util.concurrent.locks.AbstractQueuedSynchronizer$ConditionObject.await(AbstractQueuedSynchronizer.java:2039)
        at java.util.concurrent.ArrayBlockingQueue.take(ArrayBlockingQueue.java:403)
        at java.util.concurrent.ThreadPoolExecutor.getTask(ThreadPoolExecutor.java:1074)
        at java.util.concurrent.ThreadPoolExecutor.runWorker(ThreadPoolExecutor.java:1134)
        at java.util.concurrent.ThreadPoolExecutor$Worker.run(ThreadPoolExecutor.java:624)
        at java.lang.Thread.run(Thread.java:748)
"Periodic HDDS volume checker"  prio=5 tid=206 timed_waiting
java.lang.Thread.State: TIMED_WAITING
        at sun.misc.Unsafe.park(Native Method)
        at java.util.concurrent.locks.LockSupport.parkNanos(LockSupport.java:215)
        at java.util.concurrent.locks.AbstractQueuedSynchronizer$ConditionObject.awaitNanos(AbstractQueuedSynchronizer.java:2078)
        at java.util.concurrent.ScheduledThreadPoolExecutor$DelayedWorkQueue.take(ScheduledThreadPoolExecutor.java:1093)
        at java.util.concurrent.ScheduledThreadPoolExecutor$DelayedWorkQueue.take(ScheduledThreadPoolExecutor.java:809)
        at java.util.concurrent.ThreadPoolExecutor.getTask(ThreadPoolExecutor.java:1074)
        at java.util.concurrent.ThreadPoolExecutor.runWorker(ThreadPoolExecutor.java:1134)
        at java.util.concurrent.ThreadPoolExecutor$Worker.run(ThreadPoolExecutor.java:624)
        at java.lang.Thread.run(Thread.java:748)
"qtp1680841335-220" daemon prio=5 tid=220 timed_waiting
java.lang.Thread.State: TIMED_WAITING
        at sun.misc.Unsafe.park(Native Method)
        at java.util.concurrent.locks.LockSupport.parkNanos(LockSupport.java:215)
        at java.util.concurrent.locks.AbstractQueuedSynchronizer$ConditionObject.awaitNanos(AbstractQueuedSynchronizer.java:2078)
        at org.eclipse.jetty.util.BlockingArrayQueue.poll(BlockingArrayQueue.java:392)
        at org.eclipse.jetty.util.thread.QueuedThreadPool.idleJobPoll(QueuedThreadPool.java:563)
        at org.eclipse.jetty.util.thread.QueuedThreadPool.access$800(QueuedThreadPool.java:48)
        at org.eclipse.jetty.util.thread.QueuedThreadPool$2.run(QueuedThreadPool.java:626)
        at java.lang.Thread.run(Thread.java:748)
"metrics-hadoop-metrics2-reporter-12-thread-1" daemon prio=5 tid=639 timed_waiting
java.lang.Thread.State: TIMED_WAITING
        at sun.misc.Unsafe.park(Native Method)
        at java.util.concurrent.locks.LockSupport.parkNanos(LockSupport.java:215)
        at java.util.concurrent.locks.AbstractQueuedSynchronizer$ConditionObject.awaitNanos(AbstractQueuedSynchronizer.java:2078)
        at java.util.concurrent.ScheduledThreadPoolExecutor$DelayedWorkQueue.take(ScheduledThreadPoolExecutor.java:1093)
        at java.util.concurrent.ScheduledThreadPoolExecutor$DelayedWorkQueue.take(ScheduledThreadPoolExecutor.java:809)
        at java.util.concurrent.ThreadPoolExecutor.getTask(ThreadPoolExecutor.java:1074)
        at java.util.concurrent.ThreadPoolExecutor.runWorker(ThreadPoolExecutor.java:1134)
        at java.util.concurrent.ThreadPoolExecutor$Worker.run(ThreadPoolExecutor.java:624)
        at java.lang.Thread.run(Thread.java:748)
"pool-66-thread-36"  prio=5 tid=571 in Object.wait()
java.lang.Thread.State: WAITING (on object monitor)
        at sun.misc.Unsafe.park(Native Method)
        at java.util.concurrent.locks.LockSupport.park(LockSupport.java:175)
        at java.util.concurrent.locks.AbstractQueuedSynchronizer$ConditionObject.await(AbstractQueuedSynchronizer.java:2039)
        at java.util.concurrent.ArrayBlockingQueue.take(ArrayBlockingQueue.java:403)
        at java.util.concurrent.ThreadPoolExecutor.getTask(ThreadPoolExecutor.java:1074)
        at java.util.concurrent.ThreadPoolExecutor.runWorker(ThreadPoolExecutor.java:1134)
        at java.util.concurrent.ThreadPoolExecutor$Worker.run(ThreadPoolExecutor.java:624)
        at java.lang.Thread.run(Thread.java:748)
"pool-46-thread-3"  prio=5 tid=409 in Object.wait()
java.lang.Thread.State: WAITING (on object monitor)
        at sun.misc.Unsafe.park(Native Method)
        at java.util.concurrent.locks.LockSupport.park(LockSupport.java:175)
        at java.util.concurrent.locks.AbstractQueuedSynchronizer$ConditionObject.await(AbstractQueuedSynchronizer.java:2039)
        at java.util.concurrent.ArrayBlockingQueue.take(ArrayBlockingQueue.java:403)
        at java.util.concurrent.ThreadPoolExecutor.getTask(ThreadPoolExecutor.java:1074)
        at java.util.concurrent.ThreadPoolExecutor.runWorker(ThreadPoolExecutor.java:1134)
        at java.util.concurrent.ThreadPoolExecutor$Worker.run(ThreadPoolExecutor.java:624)
        at java.lang.Thread.run(Thread.java:748)
"pool-26-thread-42"  prio=5 tid=328 in Object.wait()
java.lang.Thread.State: WAITING (on object monitor)
        at sun.misc.Unsafe.park(Native Method)
        at java.util.concurrent.locks.LockSupport.park(LockSupport.java:175)
        at java.util.concurrent.locks.AbstractQueuedSynchronizer$ConditionObject.await(AbstractQueuedSynchronizer.java:2039)
        at java.util.concurrent.ArrayBlockingQueue.take(ArrayBlockingQueue.java:403)
        at java.util.concurrent.ThreadPoolExecutor.getTask(ThreadPoolExecutor.java:1074)
        at java.util.concurrent.ThreadPoolExecutor.runWorker(ThreadPoolExecutor.java:1134)
        at java.util.concurrent.ThreadPoolExecutor$Worker.run(ThreadPoolExecutor.java:624)
        at java.lang.Thread.run(Thread.java:748)
"IPC Server handler 2 on 33004" daemon prio=5 tid=71 timed_waiting
java.lang.Thread.State: TIMED_WAITING
        at sun.misc.Unsafe.park(Native Method)
        at java.util.concurrent.locks.LockSupport.parkNanos(LockSupport.java:215)
        at java.util.concurrent.locks.AbstractQueuedSynchronizer$ConditionObject.awaitNanos(AbstractQueuedSynchronizer.java:2078)
        at java.util.concurrent.LinkedBlockingQueue.poll(LinkedBlockingQueue.java:467)
        at org.apache.hadoop.ipc.CallQueueManager.take(CallQueueManager.java:288)
        at org.apache.hadoop.ipc.Server$Handler.run(Server.java:2668)
"pool-67-thread-1"  prio=5 tid=643 in Object.wait()
java.lang.Thread.State: WAITING (on object monitor)
        at sun.misc.Unsafe.park(Native Method)
        at java.util.concurrent.locks.LockSupport.park(LockSupport.java:175)
        at java.util.concurrent.locks.AbstractQueuedSynchronizer$ConditionObject.await(AbstractQueuedSynchronizer.java:2039)
        at java.util.concurrent.LinkedBlockingQueue.take(LinkedBlockingQueue.java:442)
        at java.util.concurrent.ThreadPoolExecutor.getTask(ThreadPoolExecutor.java:1074)
        at java.util.concurrent.ThreadPoolExecutor.runWorker(ThreadPoolExecutor.java:1134)
        at java.util.concurrent.ThreadPoolExecutor$Worker.run(ThreadPoolExecutor.java:624)
        at java.lang.Thread.run(Thread.java:748)
"pool-46-thread-52"  prio=5 tid=458 in Object.wait()
java.lang.Thread.State: WAITING (on object monitor)
        at sun.misc.Unsafe.park(Native Method)
        at java.util.concurrent.locks.LockSupport.park(LockSupport.java:175)
        at java.util.concurrent.locks.AbstractQueuedSynchronizer$ConditionObject.await(AbstractQueuedSynchronizer.java:2039)
        at java.util.concurrent.ArrayBlockingQueue.take(ArrayBlockingQueue.java:403)
        at java.util.concurrent.ThreadPoolExecutor.getTask(ThreadPoolExecutor.java:1074)
        at java.util.concurrent.ThreadPoolExecutor.runWorker(ThreadPoolExecutor.java:1134)
        at java.util.concurrent.ThreadPoolExecutor$Worker.run(ThreadPoolExecutor.java:624)
        at java.lang.Thread.run(Thread.java:748)
"pool-66-thread-7"  prio=5 tid=542 in Object.wait()
java.lang.Thread.State: WAITING (on object monitor)
        at sun.misc.Unsafe.park(Native Method)
        at java.util.concurrent.locks.LockSupport.park(LockSupport.java:175)
        at java.util.concurrent.locks.AbstractQueuedSynchronizer$ConditionObject.await(AbstractQueuedSynchronizer.java:2039)
        at java.util.concurrent.ArrayBlockingQueue.take(ArrayBlockingQueue.java:403)
        at java.util.concurrent.ThreadPoolExecutor.getTask(ThreadPoolExecutor.java:1074)
        at java.util.concurrent.ThreadPoolExecutor.runWorker(ThreadPoolExecutor.java:1134)
        at java.util.concurrent.ThreadPoolExecutor$Worker.run(ThreadPoolExecutor.java:624)
        at java.lang.Thread.run(Thread.java:748)
"pool-56-thread-37"  prio=5 tid=510 in Object.wait()
java.lang.Thread.State: WAITING (on object monitor)
        at sun.misc.Unsafe.park(Native Method)
        at java.util.concurrent.locks.LockSupport.park(LockSupport.java:175)
        at java.util.concurrent.locks.AbstractQueuedSynchronizer$ConditionObject.await(AbstractQueuedSynchronizer.java:2039)
        at java.util.concurrent.ArrayBlockingQueue.take(ArrayBlockingQueue.java:403)
        at java.util.concurrent.ThreadPoolExecutor.getTask(ThreadPoolExecutor.java:1074)
        at java.util.concurrent.ThreadPoolExecutor.runWorker(ThreadPoolExecutor.java:1134)
        at java.util.concurrent.ThreadPoolExecutor$Worker.run(ThreadPoolExecutor.java:624)
        at java.lang.Thread.run(Thread.java:748)
"pool-57-thread-1"  prio=5 tid=634 in Object.wait()
java.lang.Thread.State: WAITING (on object monitor)
        at sun.misc.Unsafe.park(Native Method)
        at java.util.concurrent.locks.LockSupport.park(LockSupport.java:175)
        at java.util.concurrent.locks.AbstractQueuedSynchronizer$ConditionObject.await(AbstractQueuedSynchronizer.java:2039)
        at java.util.concurrent.LinkedBlockingQueue.take(LinkedBlockingQueue.java:442)
        at java.util.concurrent.ThreadPoolExecutor.getTask(ThreadPoolExecutor.java:1074)
        at java.util.concurrent.ThreadPoolExecutor.runWorker(ThreadPoolExecutor.java:1134)
        at java.util.concurrent.ThreadPoolExecutor$Worker.run(ThreadPoolExecutor.java:624)
        at java.lang.Thread.run(Thread.java:748)
"IPC Server handler 19 on 35444" daemon prio=5 tid=134 timed_waiting
java.lang.Thread.State: TIMED_WAITING
        at sun.misc.Unsafe.park(Native Method)
        at java.util.concurrent.locks.LockSupport.parkNanos(LockSupport.java:215)
        at java.util.concurrent.locks.AbstractQueuedSynchronizer$ConditionObject.awaitNanos(AbstractQueuedSynchronizer.java:2078)
        at java.util.concurrent.LinkedBlockingQueue.poll(LinkedBlockingQueue.java:467)
        at org.apache.hadoop.ipc.CallQueueManager.take(CallQueueManager.java:288)
        at org.apache.hadoop.ipc.Server$Handler.run(Server.java:2668)
"Datanode ReportManager Thread - 0" daemon prio=5 tid=198 in Object.wait()
java.lang.Thread.State: WAITING (on object monitor)
        at sun.misc.Unsafe.park(Native Method)
        at java.util.concurrent.locks.LockSupport.park(LockSupport.java:175)
        at java.util.concurrent.locks.AbstractQueuedSynchronizer$ConditionObject.await(AbstractQueuedSynchronizer.java:2039)
        at java.util.concurrent.ScheduledThreadPoolExecutor$DelayedWorkQueue.take(ScheduledThreadPoolExecutor.java:1088)
        at java.util.concurrent.ScheduledThreadPoolExecutor$DelayedWorkQueue.take(ScheduledThreadPoolExecutor.java:809)
        at java.util.concurrent.ThreadPoolExecutor.getTask(ThreadPoolExecutor.java:1074)
        at java.util.concurrent.ThreadPoolExecutor.runWorker(ThreadPoolExecutor.java:1134)
        at java.util.concurrent.ThreadPoolExecutor$Worker.run(ThreadPoolExecutor.java:624)
        at java.lang.Thread.run(Thread.java:748)
"IPC Server handler 5 on 33004" daemon prio=5 tid=74 timed_waiting
java.lang.Thread.State: TIMED_WAITING
        at sun.misc.Unsafe.park(Native Method)
        at java.util.concurrent.locks.LockSupport.parkNanos(LockSupport.java:215)
        at java.util.concurrent.locks.AbstractQueuedSynchronizer$ConditionObject.awaitNanos(AbstractQueuedSynchronizer.java:2078)
        at java.util.concurrent.LinkedBlockingQueue.poll(LinkedBlockingQueue.java:467)
        at org.apache.hadoop.ipc.CallQueueManager.take(CallQueueManager.java:288)
        at org.apache.hadoop.ipc.Server$Handler.run(Server.java:2668)
"qtp1043358826-91" daemon prio=5 tid=91 timed_waiting
java.lang.Thread.State: TIMED_WAITING
        at sun.misc.Unsafe.park(Native Method)
        at java.util.concurrent.locks.LockSupport.parkNanos(LockSupport.java:215)
        at java.util.concurrent.locks.AbstractQueuedSynchronizer$ConditionObject.awaitNanos(AbstractQueuedSynchronizer.java:2078)
        at org.eclipse.jetty.util.BlockingArrayQueue.poll(BlockingArrayQueue.java:392)
        at org.eclipse.jetty.util.thread.QueuedThreadPool.idleJobPoll(QueuedThreadPool.java:563)
        at org.eclipse.jetty.util.thread.QueuedThreadPool.access$800(QueuedThreadPool.java:48)
        at org.eclipse.jetty.util.thread.QueuedThreadPool$2.run(QueuedThreadPool.java:626)
        at java.lang.Thread.run(Thread.java:748)
"qtp1919592808-192" daemon prio=5 tid=192 timed_waiting
java.lang.Thread.State: TIMED_WAITING
        at sun.misc.Unsafe.park(Native Method)
        at java.util.concurrent.locks.LockSupport.parkNanos(LockSupport.java:215)
        at java.util.concurrent.locks.AbstractQueuedSynchronizer$ConditionObject.awaitNanos(AbstractQueuedSynchronizer.java:2078)
        at org.eclipse.jetty.util.BlockingArrayQueue.poll(BlockingArrayQueue.java:392)
        at org.eclipse.jetty.util.thread.QueuedThreadPool.idleJobPoll(QueuedThreadPool.java:563)
        at org.eclipse.jetty.util.thread.QueuedThreadPool.access$800(QueuedThreadPool.java:48)
        at org.eclipse.jetty.util.thread.QueuedThreadPool$2.run(QueuedThreadPool.java:626)
        at java.lang.Thread.run(Thread.java:748)
"pool-46-thread-56"  prio=5 tid=462 in Object.wait()
java.lang.Thread.State: WAITING (on object monitor)
        at sun.misc.Unsafe.park(Native Method)
        at java.util.concurrent.locks.LockSupport.park(LockSupport.java:175)
        at java.util.concurrent.locks.AbstractQueuedSynchronizer$ConditionObject.await(AbstractQueuedSynchronizer.java:2039)
        at java.util.concurrent.ArrayBlockingQueue.take(ArrayBlockingQueue.java:403)
        at java.util.concurrent.ThreadPoolExecutor.getTask(ThreadPoolExecutor.java:1074)
        at java.util.concurrent.ThreadPoolExecutor.runWorker(ThreadPoolExecutor.java:1134)
        at java.util.concurrent.ThreadPoolExecutor$Worker.run(ThreadPoolExecutor.java:624)
        at java.lang.Thread.run(Thread.java:748)
"grpc-default-worker-ELG-3-4" daemon prio=5 tid=611 runnable
java.lang.Thread.State: RUNNABLE
        at sun.nio.ch.EPollArrayWrapper.epollWait(Native Method)
        at sun.nio.ch.EPollArrayWrapper.poll(EPollArrayWrapper.java:269)
        at sun.nio.ch.EPollSelectorImpl.doSelect(EPollSelectorImpl.java:93)
        at sun.nio.ch.SelectorImpl.lockAndDoSelect(SelectorImpl.java:86)
        at sun.nio.ch.SelectorImpl.select(SelectorImpl.java:97)
        at org.apache.ratis.thirdparty.io.netty.channel.nio.SelectedSelectionKeySetSelector.select(SelectedSelectionKeySetSelector.java:62)
        at org.apache.ratis.thirdparty.io.netty.channel.nio.NioEventLoop.select(NioEventLoop.java:753)
        at org.apache.ratis.thirdparty.io.netty.channel.nio.NioEventLoop.run(NioEventLoop.java:408)
        at org.apache.ratis.thirdparty.io.netty.util.concurrent.SingleThreadEventExecutor$5.run(SingleThreadEventExecutor.java:897)
        at org.apache.ratis.thirdparty.io.netty.util.concurrent.FastThreadLocalRunnable.run(FastThreadLocalRunnable.java:30)
        at java.lang.Thread.run(Thread.java:748)
"qtp1919592808-187-acceptor-0@4c2a826a-ServerConnector@53f4c1e6{HTTP/1.1,[http/1.1]}{0.0.0.0:46698}" daemon prio=3 tid=187 runnable
java.lang.Thread.State: RUNNABLE
        at sun.nio.ch.ServerSocketChannelImpl.accept0(Native Method)
        at sun.nio.ch.ServerSocketChannelImpl.accept(ServerSocketChannelImpl.java:422)
        at sun.nio.ch.ServerSocketChannelImpl.accept(ServerSocketChannelImpl.java:250)
        at org.eclipse.jetty.server.ServerConnector.accept(ServerConnector.java:397)
        at org.eclipse.jetty.server.AbstractConnector$Acceptor.run(AbstractConnector.java:601)
        at org.eclipse.jetty.util.thread.QueuedThreadPool.runJob(QueuedThreadPool.java:671)
        at org.eclipse.jetty.util.thread.QueuedThreadPool$2.run(QueuedThreadPool.java:589)
        at java.lang.Thread.run(Thread.java:748)
"pool-46-thread-42"  prio=5 tid=448 in Object.wait()
java.lang.Thread.State: WAITING (on object monitor)
        at sun.misc.Unsafe.park(Native Method)
        at java.util.concurrent.locks.LockSupport.park(LockSupport.java:175)
        at java.util.concurrent.locks.AbstractQueuedSynchronizer$ConditionObject.await(AbstractQueuedSynchronizer.java:2039)
        at java.util.concurrent.ArrayBlockingQueue.take(ArrayBlockingQueue.java:403)
        at java.util.concurrent.ThreadPoolExecutor.getTask(ThreadPoolExecutor.java:1074)
        at java.util.concurrent.ThreadPoolExecutor.runWorker(ThreadPoolExecutor.java:1134)
        at java.util.concurrent.ThreadPoolExecutor$Worker.run(ThreadPoolExecutor.java:624)
        at java.lang.Thread.run(Thread.java:748)
"BlockDeletingService#1" daemon prio=5 tid=597 in Object.wait()
java.lang.Thread.State: WAITING (on object monitor)
        at sun.misc.Unsafe.park(Native Method)
        at java.util.concurrent.locks.LockSupport.park(LockSupport.java:175)
        at java.util.concurrent.locks.AbstractQueuedSynchronizer$ConditionObject.await(AbstractQueuedSynchronizer.java:2039)
        at java.util.concurrent.ScheduledThreadPoolExecutor$DelayedWorkQueue.take(ScheduledThreadPoolExecutor.java:1088)
        at java.util.concurrent.ScheduledThreadPoolExecutor$DelayedWorkQueue.take(ScheduledThreadPoolExecutor.java:809)
        at java.util.concurrent.ThreadPoolExecutor.getTask(ThreadPoolExecutor.java:1074)
        at java.util.concurrent.ThreadPoolExecutor.runWorker(ThreadPoolExecutor.java:1134)
        at java.util.concurrent.ThreadPoolExecutor$Worker.run(ThreadPoolExecutor.java:624)
        at java.lang.Thread.run(Thread.java:748)
"IPC Server handler 6 on 40923" daemon prio=5 tid=35 timed_waiting
java.lang.Thread.State: TIMED_WAITING
        at sun.misc.Unsafe.park(Native Method)
        at java.util.concurrent.locks.LockSupport.parkNanos(LockSupport.java:215)
        at java.util.concurrent.locks.AbstractQueuedSynchronizer$ConditionObject.awaitNanos(AbstractQueuedSynchronizer.java:2078)
        at java.util.concurrent.LinkedBlockingQueue.poll(LinkedBlockingQueue.java:467)
        at org.apache.hadoop.ipc.CallQueueManager.take(CallQueueManager.java:288)
        at org.apache.hadoop.ipc.Server$Handler.run(Server.java:2668)
"pool-26-thread-33"  prio=5 tid=319 in Object.wait()
java.lang.Thread.State: WAITING (on object monitor)
        at sun.misc.Unsafe.park(Native Method)
        at java.util.concurrent.locks.LockSupport.park(LockSupport.java:175)
        at java.util.concurrent.locks.AbstractQueuedSynchronizer$ConditionObject.await(AbstractQueuedSynchronizer.java:2039)
        at java.util.concurrent.ArrayBlockingQueue.take(ArrayBlockingQueue.java:403)
        at java.util.concurrent.ThreadPoolExecutor.getTask(ThreadPoolExecutor.java:1074)
        at java.util.concurrent.ThreadPoolExecutor.runWorker(ThreadPoolExecutor.java:1134)
        at java.util.concurrent.ThreadPoolExecutor$Worker.run(ThreadPoolExecutor.java:624)
        at java.lang.Thread.run(Thread.java:748)
"metrics-hadoop-metrics2-reporter-33-thread-1" daemon prio=5 tid=706 timed_waiting
java.lang.Thread.State: TIMED_WAITING
        at sun.misc.Unsafe.park(Native Method)
        at java.util.concurrent.locks.LockSupport.parkNanos(LockSupport.java:215)
        at java.util.concurrent.locks.AbstractQueuedSynchronizer$ConditionObject.awaitNanos(AbstractQueuedSynchronizer.java:2078)
        at java.util.concurrent.ScheduledThreadPoolExecutor$DelayedWorkQueue.take(ScheduledThreadPoolExecutor.java:1093)
        at java.util.concurrent.ScheduledThreadPoolExecutor$DelayedWorkQueue.take(ScheduledThreadPoolExecutor.java:809)
        at java.util.concurrent.ThreadPoolExecutor.getTask(ThreadPoolExecutor.java:1074)
        at java.util.concurrent.ThreadPoolExecutor.runWorker(ThreadPoolExecutor.java:1134)
        at java.util.concurrent.ThreadPoolExecutor$Worker.run(ThreadPoolExecutor.java:624)
        at java.lang.Thread.run(Thread.java:748)
"pool-26-thread-45"  prio=5 tid=331 in Object.wait()
java.lang.Thread.State: WAITING (on object monitor)
        at sun.misc.Unsafe.park(Native Method)
        at java.util.concurrent.locks.LockSupport.park(LockSupport.java:175)
        at java.util.concurrent.locks.AbstractQueuedSynchronizer$ConditionObject.await(AbstractQueuedSynchronizer.java:2039)
        at java.util.concurrent.ArrayBlockingQueue.take(ArrayBlockingQueue.java:403)
        at java.util.concurrent.ThreadPoolExecutor.getTask(ThreadPoolExecutor.java:1074)
        at java.util.concurrent.ThreadPoolExecutor.runWorker(ThreadPoolExecutor.java:1134)
        at java.util.concurrent.ThreadPoolExecutor$Worker.run(ThreadPoolExecutor.java:624)
        at java.lang.Thread.run(Thread.java:748)
"pool-56-thread-58"  prio=5 tid=531 in Object.wait()
java.lang.Thread.State: WAITING (on object monitor)
        at sun.misc.Unsafe.park(Native Method)
        at java.util.concurrent.locks.LockSupport.park(LockSupport.java:175)
        at java.util.concurrent.locks.AbstractQueuedSynchronizer$ConditionObject.await(AbstractQueuedSynchronizer.java:2039)
        at java.util.concurrent.ArrayBlockingQueue.take(ArrayBlockingQueue.java:403)
        at java.util.concurrent.ThreadPoolExecutor.getTask(ThreadPoolExecutor.java:1074)
        at java.util.concurrent.ThreadPoolExecutor.runWorker(ThreadPoolExecutor.java:1134)
        at java.util.concurrent.ThreadPoolExecutor$Worker.run(ThreadPoolExecutor.java:624)
        at java.lang.Thread.run(Thread.java:748)
"pool-46-thread-1"  prio=5 tid=407 in Object.wait()
java.lang.Thread.State: WAITING (on object monitor)
        at sun.misc.Unsafe.park(Native Method)
        at java.util.concurrent.locks.LockSupport.park(LockSupport.java:175)
        at java.util.concurrent.locks.AbstractQueuedSynchronizer$ConditionObject.await(AbstractQueuedSynchronizer.java:2039)
        at java.util.concurrent.ArrayBlockingQueue.take(ArrayBlockingQueue.java:403)
        at java.util.concurrent.ThreadPoolExecutor.getTask(ThreadPoolExecutor.java:1074)
        at java.util.concurrent.ThreadPoolExecutor.runWorker(ThreadPoolExecutor.java:1134)
        at java.util.concurrent.ThreadPoolExecutor$Worker.run(ThreadPoolExecutor.java:624)
        at java.lang.Thread.run(Thread.java:748)
"pool-36-thread-52"  prio=5 tid=398 in Object.wait()
java.lang.Thread.State: WAITING (on object monitor)
        at sun.misc.Unsafe.park(Native Method)
        at java.util.concurrent.locks.LockSupport.park(LockSupport.java:175)
        at java.util.concurrent.locks.AbstractQueuedSynchronizer$ConditionObject.await(AbstractQueuedSynchronizer.java:2039)
        at java.util.concurrent.ArrayBlockingQueue.take(ArrayBlockingQueue.java:403)
        at java.util.concurrent.ThreadPoolExecutor.getTask(ThreadPoolExecutor.java:1074)
        at java.util.concurrent.ThreadPoolExecutor.runWorker(ThreadPoolExecutor.java:1134)
        at java.util.concurrent.ThreadPoolExecutor$Worker.run(ThreadPoolExecutor.java:624)
        at java.lang.Thread.run(Thread.java:748)
"pool-26-thread-56"  prio=5 tid=342 in Object.wait()
java.lang.Thread.State: WAITING (on object monitor)
        at sun.misc.Unsafe.park(Native Method)
        at java.util.concurrent.locks.LockSupport.park(LockSupport.java:175)
        at java.util.concurrent.locks.AbstractQueuedSynchronizer$ConditionObject.await(AbstractQueuedSynchronizer.java:2039)
        at java.util.concurrent.ArrayBlockingQueue.take(ArrayBlockingQueue.java:403)
        at java.util.concurrent.ThreadPoolExecutor.getTask(ThreadPoolExecutor.java:1074)
        at java.util.concurrent.ThreadPoolExecutor.runWorker(ThreadPoolExecutor.java:1134)
        at java.util.concurrent.ThreadPoolExecutor$Worker.run(ThreadPoolExecutor.java:624)
        at java.lang.Thread.run(Thread.java:748)
"BlockDeletingService#0" daemon prio=5 tid=596 timed_waiting
java.lang.Thread.State: TIMED_WAITING
        at sun.misc.Unsafe.park(Native Method)
        at java.util.concurrent.locks.LockSupport.parkNanos(LockSupport.java:215)
        at java.util.concurrent.locks.AbstractQueuedSynchronizer$ConditionObject.awaitNanos(AbstractQueuedSynchronizer.java:2078)
        at java.util.concurrent.ScheduledThreadPoolExecutor$DelayedWorkQueue.take(ScheduledThreadPoolExecutor.java:1093)
        at java.util.concurrent.ScheduledThreadPoolExecutor$DelayedWorkQueue.take(ScheduledThreadPoolExecutor.java:809)
        at java.util.concurrent.ThreadPoolExecutor.getTask(ThreadPoolExecutor.java:1074)
        at java.util.concurrent.ThreadPoolExecutor.runWorker(ThreadPoolExecutor.java:1134)
        at java.util.concurrent.ThreadPoolExecutor$Worker.run(ThreadPoolExecutor.java:624)
        at java.lang.Thread.run(Thread.java:748)
"pool-36-thread-57"  prio=5 tid=403 in Object.wait()
java.lang.Thread.State: WAITING (on object monitor)
        at sun.misc.Unsafe.park(Native Method)
        at java.util.concurrent.locks.LockSupport.park(LockSupport.java:175)
        at java.util.concurrent.locks.AbstractQueuedSynchronizer$ConditionObject.await(AbstractQueuedSynchronizer.java:2039)
        at java.util.concurrent.ArrayBlockingQueue.take(ArrayBlockingQueue.java:403)
        at java.util.concurrent.ThreadPoolExecutor.getTask(ThreadPoolExecutor.java:1074)
        at java.util.concurrent.ThreadPoolExecutor.runWorker(ThreadPoolExecutor.java:1134)
        at java.util.concurrent.ThreadPoolExecutor$Worker.run(ThreadPoolExecutor.java:624)
        at java.lang.Thread.run(Thread.java:748)
"grpc-default-worker-ELG-3-2" daemon prio=5 tid=609 runnable
java.lang.Thread.State: RUNNABLE
        at sun.nio.ch.EPollArrayWrapper.epollWait(Native Method)
        at sun.nio.ch.EPollArrayWrapper.poll(EPollArrayWrapper.java:269)
        at sun.nio.ch.EPollSelectorImpl.doSelect(EPollSelectorImpl.java:93)
        at sun.nio.ch.SelectorImpl.lockAndDoSelect(SelectorImpl.java:86)
        at sun.nio.ch.SelectorImpl.select(SelectorImpl.java:97)
        at org.apache.ratis.thirdparty.io.netty.channel.nio.SelectedSelectionKeySetSelector.select(SelectedSelectionKeySetSelector.java:62)
        at org.apache.ratis.thirdparty.io.netty.channel.nio.NioEventLoop.select(NioEventLoop.java:753)
        at org.apache.ratis.thirdparty.io.netty.channel.nio.NioEventLoop.run(NioEventLoop.java:408)
        at org.apache.ratis.thirdparty.io.netty.util.concurrent.SingleThreadEventExecutor$5.run(SingleThreadEventExecutor.java:897)
        at org.apache.ratis.thirdparty.io.netty.util.concurrent.FastThreadLocalRunnable.run(FastThreadLocalRunnable.java:30)
        at java.lang.Thread.run(Thread.java:748)
"pool-56-thread-14"  prio=5 tid=487 in Object.wait()
java.lang.Thread.State: WAITING (on object monitor)
        at sun.misc.Unsafe.park(Native Method)
        at java.util.concurrent.locks.LockSupport.park(LockSupport.java:175)
        at java.util.concurrent.locks.AbstractQueuedSynchronizer$ConditionObject.await(AbstractQueuedSynchronizer.java:2039)
        at java.util.concurrent.ArrayBlockingQueue.take(ArrayBlockingQueue.java:403)
        at java.util.concurrent.ThreadPoolExecutor.getTask(ThreadPoolExecutor.java:1074)
        at java.util.concurrent.ThreadPoolExecutor.runWorker(ThreadPoolExecutor.java:1134)
        at java.util.concurrent.ThreadPoolExecutor$Worker.run(ThreadPoolExecutor.java:624)
        at java.lang.Thread.run(Thread.java:748)
"refreshUsed-/workdir/hadoop-ozone/ozonefs/target/test-dir/MiniOzoneClusterImpl-d26aec2b-09c1-4f88-9204-0bb43e71ee01/datanode-0/data/containers" daemon prio=5 tid=154 timed_waiting
java.lang.Thread.State: TIMED_WAITING
        at java.lang.Thread.sleep(Native Method)
        at org.apache.hadoop.fs.CachingGetSpaceUsed$RefreshThread.run(CachingGetSpaceUsed.java:179)
        at java.lang.Thread.run(Thread.java:748)
"pool-46-thread-29"  prio=5 tid=435 in Object.wait()
java.lang.Thread.State: WAITING (on object monitor)
        at sun.misc.Unsafe.park(Native Method)
        at java.util.concurrent.locks.LockSupport.park(LockSupport.java:175)
        at java.util.concurrent.locks.AbstractQueuedSynchronizer$ConditionObject.await(AbstractQueuedSynchronizer.java:2039)
        at java.util.concurrent.ArrayBlockingQueue.take(ArrayBlockingQueue.java:403)
        at java.util.concurrent.ThreadPoolExecutor.getTask(ThreadPoolExecutor.java:1074)
        at java.util.concurrent.ThreadPoolExecutor.runWorker(ThreadPoolExecutor.java:1134)
        at java.util.concurrent.ThreadPoolExecutor$Worker.run(ThreadPoolExecutor.java:624)
        at java.lang.Thread.run(Thread.java:748)
"jaeger.RemoteReporter-QueueProcessor" daemon prio=5 tid=147 in Object.wait()
java.lang.Thread.State: WAITING (on object monitor)
        at sun.misc.Unsafe.park(Native Method)
        at java.util.concurrent.locks.LockSupport.park(LockSupport.java:175)
        at java.util.concurrent.locks.AbstractQueuedSynchronizer$ConditionObject.await(AbstractQueuedSynchronizer.java:2039)
        at java.util.concurrent.ArrayBlockingQueue.take(ArrayBlockingQueue.java:403)
        at io.jaegertracing.internal.reporters.RemoteReporter$QueueProcessor.run(RemoteReporter.java:173)
        at java.lang.Thread.run(Thread.java:748)
"metrics-hadoop-metrics2-reporter-35-thread-1" daemon prio=5 tid=713 timed_waiting
java.lang.Thread.State: TIMED_WAITING
        at sun.misc.Unsafe.park(Native Method)
        at java.util.concurrent.locks.LockSupport.parkNanos(LockSupport.java:215)
        at java.util.concurrent.locks.AbstractQueuedSynchronizer$ConditionObject.awaitNanos(AbstractQueuedSynchronizer.java:2078)
        at java.util.concurrent.ScheduledThreadPoolExecutor$DelayedWorkQueue.take(ScheduledThreadPoolExecutor.java:1093)
        at java.util.concurrent.ScheduledThreadPoolExecutor$DelayedWorkQueue.take(ScheduledThreadPoolExecutor.java:809)
        at java.util.concurrent.ThreadPoolExecutor.getTask(ThreadPoolExecutor.java:1074)
        at java.util.concurrent.ThreadPoolExecutor.runWorker(ThreadPoolExecutor.java:1134)
        at java.util.concurrent.ThreadPoolExecutor$Worker.run(ThreadPoolExecutor.java:624)
        at java.lang.Thread.run(Thread.java:748)
"metrics-hadoop-metrics2-reporter-32-thread-1" daemon prio=5 tid=702 timed_waiting
java.lang.Thread.State: TIMED_WAITING
        at sun.misc.Unsafe.park(Native Method)
        at java.util.concurrent.locks.LockSupport.parkNanos(LockSupport.java:215)
        at java.util.concurrent.locks.AbstractQueuedSynchronizer$ConditionObject.awaitNanos(AbstractQueuedSynchronizer.java:2078)
        at java.util.concurrent.ScheduledThreadPoolExecutor$DelayedWorkQueue.take(ScheduledThreadPoolExecutor.java:1093)
        at java.util.concurrent.ScheduledThreadPoolExecutor$DelayedWorkQueue.take(ScheduledThreadPoolExecutor.java:809)
        at java.util.concurrent.ThreadPoolExecutor.getTask(ThreadPoolExecutor.java:1074)
        at java.util.concurrent.ThreadPoolExecutor.runWorker(ThreadPoolExecutor.java:1134)
        at java.util.concurrent.ThreadPoolExecutor$Worker.run(ThreadPoolExecutor.java:624)
        at java.lang.Thread.run(Thread.java:748)
"grpc-default-boss-ELG-1-1" daemon prio=5 tid=467 runnable
java.lang.Thread.State: RUNNABLE
        at sun.nio.ch.EPollArrayWrapper.epollWait(Native Method)
        at sun.nio.ch.EPollArrayWrapper.poll(EPollArrayWrapper.java:269)
        at sun.nio.ch.EPollSelectorImpl.doSelect(EPollSelectorImpl.java:93)
        at sun.nio.ch.SelectorImpl.lockAndDoSelect(SelectorImpl.java:86)
        at sun.nio.ch.SelectorImpl.select(SelectorImpl.java:97)
        at org.apache.ratis.thirdparty.io.netty.channel.nio.SelectedSelectionKeySetSelector.select(SelectedSelectionKeySetSelector.java:62)
        at org.apache.ratis.thirdparty.io.netty.channel.nio.NioEventLoop.select(NioEventLoop.java:753)
        at org.apache.ratis.thirdparty.io.netty.channel.nio.NioEventLoop.run(NioEventLoop.java:408)
        at org.apache.ratis.thirdparty.io.netty.util.concurrent.SingleThreadEventExecutor$5.run(SingleThreadEventExecutor.java:897)
        at org.apache.ratis.thirdparty.io.netty.util.concurrent.FastThreadLocalRunnable.run(FastThreadLocalRunnable.java:30)
        at java.lang.Thread.run(Thread.java:748)
"Command processor thread" daemon prio=5 tid=175 timed_waiting
java.lang.Thread.State: TIMED_WAITING
        at java.lang.Thread.sleep(Native Method)
        at org.apache.hadoop.ozone.container.common.statemachine.DatanodeStateMachine.lambda$initCommandHandlerThread$1(DatanodeStateMachine.java:439)
        at org.apache.hadoop.ozone.container.common.statemachine.DatanodeStateMachine$$Lambda$141/1433245022.run(Unknown Source)
        at java.lang.Thread.run(Thread.java:748)
"metrics-hadoop-metrics2-reporter-49-thread-1" daemon prio=5 tid=816 timed_waiting
java.lang.Thread.State: TIMED_WAITING
        at sun.misc.Unsafe.park(Native Method)
        at java.util.concurrent.locks.LockSupport.parkNanos(LockSupport.java:215)
        at java.util.concurrent.locks.AbstractQueuedSynchronizer$ConditionObject.awaitNanos(AbstractQueuedSynchronizer.java:2078)
        at java.util.concurrent.ScheduledThreadPoolExecutor$DelayedWorkQueue.take(ScheduledThreadPoolExecutor.java:1093)
        at java.util.concurrent.ScheduledThreadPoolExecutor$DelayedWorkQueue.take(ScheduledThreadPoolExecutor.java:809)
        at java.util.concurrent.ThreadPoolExecutor.getTask(ThreadPoolExecutor.java:1074)
        at java.util.concurrent.ThreadPoolExecutor.runWorker(ThreadPoolExecutor.java:1134)
        at java.util.concurrent.ThreadPoolExecutor$Worker.run(ThreadPoolExecutor.java:624)
        at java.lang.Thread.run(Thread.java:748)
"pool-36-thread-6"  prio=5 tid=352 in Object.wait()
java.lang.Thread.State: WAITING (on object monitor)
        at sun.misc.Unsafe.park(Native Method)
        at java.util.concurrent.locks.LockSupport.park(LockSupport.java:175)
        at java.util.concurrent.locks.AbstractQueuedSynchronizer$ConditionObject.await(AbstractQueuedSynchronizer.java:2039)
        at java.util.concurrent.ArrayBlockingQueue.take(ArrayBlockingQueue.java:403)
        at java.util.concurrent.ThreadPoolExecutor.getTask(ThreadPoolExecutor.java:1074)
        at java.util.concurrent.ThreadPoolExecutor.runWorker(ThreadPoolExecutor.java:1134)
        at java.util.concurrent.ThreadPoolExecutor$Worker.run(ThreadPoolExecutor.java:624)
        at java.lang.Thread.run(Thread.java:748)
"pool-36-thread-38"  prio=5 tid=384 in Object.wait()
java.lang.Thread.State: WAITING (on object monitor)
        at sun.misc.Unsafe.park(Native Method)
        at java.util.concurrent.locks.LockSupport.park(LockSupport.java:175)
        at java.util.concurrent.locks.AbstractQueuedSynchronizer$ConditionObject.await(AbstractQueuedSynchronizer.java:2039)
        at java.util.concurrent.ArrayBlockingQueue.take(ArrayBlockingQueue.java:403)
        at java.util.concurrent.ThreadPoolExecutor.getTask(ThreadPoolExecutor.java:1074)
        at java.util.concurrent.ThreadPoolExecutor.runWorker(ThreadPoolExecutor.java:1134)
        at java.util.concurrent.ThreadPoolExecutor$Worker.run(ThreadPoolExecutor.java:624)
        at java.lang.Thread.run(Thread.java:748)
"Signal Dispatcher" daemon prio=9 tid=4 runnable
java.lang.Thread.State: RUNNABLE
"qtp1003663195-246" daemon prio=5 tid=246 timed_waiting
java.lang.Thread.State: TIMED_WAITING
        at sun.misc.Unsafe.park(Native Method)
        at java.util.concurrent.locks.LockSupport.parkNanos(LockSupport.java:215)
        at java.util.concurrent.locks.AbstractQueuedSynchronizer$ConditionObject.awaitNanos(AbstractQueuedSynchronizer.java:2078)
        at org.eclipse.jetty.util.BlockingArrayQueue.poll(BlockingArrayQueue.java:392)
        at org.eclipse.jetty.util.thread.QueuedThreadPool.idleJobPoll(QueuedThreadPool.java:563)
        at org.eclipse.jetty.util.thread.QueuedThreadPool.access$800(QueuedThreadPool.java:48)
        at org.eclipse.jetty.util.thread.QueuedThreadPool$2.run(QueuedThreadPool.java:626)
        at java.lang.Thread.run(Thread.java:748)
"qtp1680841335-216" daemon prio=5 tid=216 timed_waiting
java.lang.Thread.State: TIMED_WAITING
        at sun.misc.Unsafe.park(Native Method)
        at java.util.concurrent.locks.LockSupport.parkNanos(LockSupport.java:215)
        at java.util.concurrent.locks.AbstractQueuedSynchronizer$ConditionObject.awaitNanos(AbstractQueuedSynchronizer.java:2078)
        at org.eclipse.jetty.util.BlockingArrayQueue.poll(BlockingArrayQueue.java:392)
        at org.eclipse.jetty.util.thread.QueuedThreadPool.idleJobPoll(QueuedThreadPool.java:563)
        at org.eclipse.jetty.util.thread.QueuedThreadPool.access$800(QueuedThreadPool.java:48)
        at org.eclipse.jetty.util.thread.QueuedThreadPool$2.run(QueuedThreadPool.java:626)
        at java.lang.Thread.run(Thread.java:748)
"pool-66-thread-13"  prio=5 tid=548 in Object.wait()
java.lang.Thread.State: WAITING (on object monitor)
        at sun.misc.Unsafe.park(Native Method)
        at java.util.concurrent.locks.LockSupport.park(LockSupport.java:175)
        at java.util.concurrent.locks.AbstractQueuedSynchronizer$ConditionObject.await(AbstractQueuedSynchronizer.java:2039)
        at java.util.concurrent.ArrayBlockingQueue.take(ArrayBlockingQueue.java:403)
        at java.util.concurrent.ThreadPoolExecutor.getTask(ThreadPoolExecutor.java:1074)
        at java.util.concurrent.ThreadPoolExecutor.runWorker(ThreadPoolExecutor.java:1134)
        at java.util.concurrent.ThreadPoolExecutor$Worker.run(ThreadPoolExecutor.java:624)
        at java.lang.Thread.run(Thread.java:748)
"pool-26-thread-20"  prio=5 tid=306 in Object.wait()
java.lang.Thread.State: WAITING (on object monitor)
        at sun.misc.Unsafe.park(Native Method)
        at java.util.concurrent.locks.LockSupport.park(LockSupport.java:175)
        at java.util.concurrent.locks.AbstractQueuedSynchronizer$ConditionObject.await(AbstractQueuedSynchronizer.java:2039)
        at java.util.concurrent.ArrayBlockingQueue.take(ArrayBlockingQueue.java:403)
        at java.util.concurrent.ThreadPoolExecutor.getTask(ThreadPoolExecutor.java:1074)
        at java.util.concurrent.ThreadPoolExecutor.runWorker(ThreadPoolExecutor.java:1134)
        at java.util.concurrent.ThreadPoolExecutor$Worker.run(ThreadPoolExecutor.java:624)
        at java.lang.Thread.run(Thread.java:748)
"Datanode ReportManager Thread - 3" daemon prio=5 tid=201 in Object.wait()
java.lang.Thread.State: WAITING (on object monitor)
        at sun.misc.Unsafe.park(Native Method)
        at java.util.concurrent.locks.LockSupport.park(LockSupport.java:175)
        at java.util.concurrent.locks.AbstractQueuedSynchronizer$ConditionObject.await(AbstractQueuedSynchronizer.java:2039)
        at java.util.concurrent.ScheduledThreadPoolExecutor$DelayedWorkQueue.take(ScheduledThreadPoolExecutor.java:1088)
        at java.util.concurrent.ScheduledThreadPoolExecutor$DelayedWorkQueue.take(ScheduledThreadPoolExecutor.java:809)
        at java.util.concurrent.ThreadPoolExecutor.getTask(ThreadPoolExecutor.java:1074)
        at java.util.concurrent.ThreadPoolExecutor.runWorker(ThreadPoolExecutor.java:1134)
        at java.util.concurrent.ThreadPoolExecutor$Worker.run(ThreadPoolExecutor.java:624)
        at java.lang.Thread.run(Thread.java:748)
"metrics-hadoop-metrics2-reporter-36-thread-1" daemon prio=5 tid=717 timed_waiting
java.lang.Thread.State: TIMED_WAITING
        at sun.misc.Unsafe.park(Native Method)
        at java.util.concurrent.locks.LockSupport.parkNanos(LockSupport.java:215)
        at java.util.concurrent.locks.AbstractQueuedSynchronizer$ConditionObject.awaitNanos(AbstractQueuedSynchronizer.java:2078)
        at java.util.concurrent.ScheduledThreadPoolExecutor$DelayedWorkQueue.take(ScheduledThreadPoolExecutor.java:1093)
        at java.util.concurrent.ScheduledThreadPoolExecutor$DelayedWorkQueue.take(ScheduledThreadPoolExecutor.java:809)
        at java.util.concurrent.ThreadPoolExecutor.getTask(ThreadPoolExecutor.java:1074)
        at java.util.concurrent.ThreadPoolExecutor.runWorker(ThreadPoolExecutor.java:1134)
        at java.util.concurrent.ThreadPoolExecutor$Worker.run(ThreadPoolExecutor.java:624)
        at java.lang.Thread.run(Thread.java:748)
"IPC Server handler 8 on 35444" daemon prio=5 tid=122 timed_waiting
java.lang.Thread.State: TIMED_WAITING
        at sun.misc.Unsafe.park(Native Method)
        at java.util.concurrent.locks.LockSupport.parkNanos(LockSupport.java:215)
        at java.util.concurrent.locks.AbstractQueuedSynchronizer$ConditionObject.awaitNanos(AbstractQueuedSynchronizer.java:2078)
        at java.util.concurrent.LinkedBlockingQueue.poll(LinkedBlockingQueue.java:467)
        at org.apache.hadoop.ipc.CallQueueManager.take(CallQueueManager.java:288)
        at org.apache.hadoop.ipc.Server$Handler.run(Server.java:2668)
"metrics-hadoop-metrics2-reporter-23-thread-1" daemon prio=5 tid=666 timed_waiting
java.lang.Thread.State: TIMED_WAITING
        at sun.misc.Unsafe.park(Native Method)
        at java.util.concurrent.locks.LockSupport.parkNanos(LockSupport.java:215)
        at java.util.concurrent.locks.AbstractQueuedSynchronizer$ConditionObject.awaitNanos(AbstractQueuedSynchronizer.java:2078)
        at java.util.concurrent.ScheduledThreadPoolExecutor$DelayedWorkQueue.take(ScheduledThreadPoolExecutor.java:1093)
        at java.util.concurrent.ScheduledThreadPoolExecutor$DelayedWorkQueue.take(ScheduledThreadPoolExecutor.java:809)
        at java.util.concurrent.ThreadPoolExecutor.getTask(ThreadPoolExecutor.java:1074)
        at java.util.concurrent.ThreadPoolExecutor.runWorker(ThreadPoolExecutor.java:1134)
        at java.util.concurrent.ThreadPoolExecutor$Worker.run(ThreadPoolExecutor.java:624)
        at java.lang.Thread.run(Thread.java:748)
"pool-66-thread-32"  prio=5 tid=567 in Object.wait()
java.lang.Thread.State: WAITING (on object monitor)
        at sun.misc.Unsafe.park(Native Method)
        at java.util.concurrent.locks.LockSupport.park(LockSupport.java:175)
        at java.util.concurrent.locks.AbstractQueuedSynchronizer$ConditionObject.await(AbstractQueuedSynchronizer.java:2039)
        at java.util.concurrent.ArrayBlockingQueue.take(ArrayBlockingQueue.java:403)
        at java.util.concurrent.ThreadPoolExecutor.getTask(ThreadPoolExecutor.java:1074)
        at java.util.concurrent.ThreadPoolExecutor.runWorker(ThreadPoolExecutor.java:1134)
        at java.util.concurrent.ThreadPoolExecutor$Worker.run(ThreadPoolExecutor.java:624)
        at java.lang.Thread.run(Thread.java:748)
"grpc-default-worker-ELG-3-1" daemon prio=5 tid=607 runnable
java.lang.Thread.State: RUNNABLE
        at sun.nio.ch.EPollArrayWrapper.epollWait(Native Method)
        at sun.nio.ch.EPollArrayWrapper.poll(EPollArrayWrapper.java:269)
        at sun.nio.ch.EPollSelectorImpl.doSelect(EPollSelectorImpl.java:93)
        at sun.nio.ch.SelectorImpl.lockAndDoSelect(SelectorImpl.java:86)
        at sun.nio.ch.SelectorImpl.select(SelectorImpl.java:97)
        at org.apache.ratis.thirdparty.io.netty.channel.nio.SelectedSelectionKeySetSelector.select(SelectedSelectionKeySetSelector.java:62)
        at org.apache.ratis.thirdparty.io.netty.channel.nio.NioEventLoop.select(NioEventLoop.java:753)
        at org.apache.ratis.thirdparty.io.netty.channel.nio.NioEventLoop.run(NioEventLoop.java:408)
        at org.apache.ratis.thirdparty.io.netty.util.concurrent.SingleThreadEventExecutor$5.run(SingleThreadEventExecutor.java:897)
        at org.apache.ratis.thirdparty.io.netty.util.concurrent.FastThreadLocalRunnable.run(FastThreadLocalRunnable.java:30)
        at java.lang.Thread.run(Thread.java:748)
"pool-64-thread-1" daemon prio=5 tid=264 timed_waiting
java.lang.Thread.State: TIMED_WAITING
        at sun.misc.Unsafe.park(Native Method)
        at java.util.concurrent.locks.LockSupport.parkNanos(LockSupport.java:215)
        at java.util.concurrent.locks.AbstractQueuedSynchronizer$ConditionObject.awaitNanos(AbstractQueuedSynchronizer.java:2078)
        at java.util.concurrent.ScheduledThreadPoolExecutor$DelayedWorkQueue.take(ScheduledThreadPoolExecutor.java:1093)
        at java.util.concurrent.ScheduledThreadPoolExecutor$DelayedWorkQueue.take(ScheduledThreadPoolExecutor.java:809)
        at java.util.concurrent.ThreadPoolExecutor.getTask(ThreadPoolExecutor.java:1074)
        at java.util.concurrent.ThreadPoolExecutor.runWorker(ThreadPoolExecutor.java:1134)
        at java.util.concurrent.ThreadPoolExecutor$Worker.run(ThreadPoolExecutor.java:624)
        at java.lang.Thread.run(Thread.java:748)
"IPC Server handler 15 on 33004" daemon prio=5 tid=84 timed_waiting
java.lang.Thread.State: TIMED_WAITING
        at sun.misc.Unsafe.park(Native Method)
        at java.util.concurrent.locks.LockSupport.parkNanos(LockSupport.java:215)
        at java.util.concurrent.locks.AbstractQueuedSynchronizer$ConditionObject.awaitNanos(AbstractQueuedSynchronizer.java:2078)
        at java.util.concurrent.LinkedBlockingQueue.poll(LinkedBlockingQueue.java:467)
        at org.apache.hadoop.ipc.CallQueueManager.take(CallQueueManager.java:288)
        at org.apache.hadoop.ipc.Server$Handler.run(Server.java:2668)
"pool-46-thread-12"  prio=5 tid=418 in Object.wait()
java.lang.Thread.State: WAITING (on object monitor)
        at sun.misc.Unsafe.park(Native Method)
        at java.util.concurrent.locks.LockSupport.park(LockSupport.java:175)
        at java.util.concurrent.locks.AbstractQueuedSynchronizer$ConditionObject.await(AbstractQueuedSynchronizer.java:2039)
        at java.util.concurrent.ArrayBlockingQueue.take(ArrayBlockingQueue.java:403)
        at java.util.concurrent.ThreadPoolExecutor.getTask(ThreadPoolExecutor.java:1074)
        at java.util.concurrent.ThreadPoolExecutor.runWorker(ThreadPoolExecutor.java:1134)
        at java.util.concurrent.ThreadPoolExecutor$Worker.run(ThreadPoolExecutor.java:624)
        at java.lang.Thread.run(Thread.java:748)
"grpc-default-executor-4" daemon prio=5 tid=819 timed_waiting
java.lang.Thread.State: TIMED_WAITING
        at sun.misc.Unsafe.park(Native Method)
        at java.util.concurrent.locks.LockSupport.parkNanos(LockSupport.java:215)
        at java.util.concurrent.SynchronousQueue$TransferStack.awaitFulfill(SynchronousQueue.java:460)
        at java.util.concurrent.SynchronousQueue$TransferStack.transfer(SynchronousQueue.java:362)
        at java.util.concurrent.SynchronousQueue.poll(SynchronousQueue.java:941)
        at java.util.concurrent.ThreadPoolExecutor.getTask(ThreadPoolExecutor.java:1073)
        at java.util.concurrent.ThreadPoolExecutor.runWorker(ThreadPoolExecutor.java:1134)
        at java.util.concurrent.ThreadPoolExecutor$Worker.run(ThreadPoolExecutor.java:624)
        at java.lang.Thread.run(Thread.java:748)
"IPC Server handler 18 on 46821" daemon prio=5 tid=67 timed_waiting
java.lang.Thread.State: TIMED_WAITING
        at sun.misc.Unsafe.park(Native Method)
        at java.util.concurrent.locks.LockSupport.parkNanos(LockSupport.java:215)
        at java.util.concurrent.locks.AbstractQueuedSynchronizer$ConditionObject.awaitNanos(AbstractQueuedSynchronizer.java:2078)
        at java.util.concurrent.LinkedBlockingQueue.poll(LinkedBlockingQueue.java:467)
        at org.apache.hadoop.ipc.CallQueueManager.take(CallQueueManager.java:288)
        at org.apache.hadoop.ipc.Server$Handler.run(Server.java:2668)
"Finalizer" daemon prio=8 tid=3 in Object.wait()
java.lang.Thread.State: WAITING (on object monitor)
        at java.lang.Object.wait(Native Method)
        at java.lang.ref.ReferenceQueue.remove(ReferenceQueue.java:144)
        at java.lang.ref.ReferenceQueue.remove(ReferenceQueue.java:165)
        at java.lang.ref.Finalizer$FinalizerThread.run(Finalizer.java:216)
"pool-66-thread-4"  prio=5 tid=539 in Object.wait()
java.lang.Thread.State: WAITING (on object monitor)
        at sun.misc.Unsafe.park(Native Method)
        at java.util.concurrent.locks.LockSupport.park(LockSupport.java:175)
        at java.util.concurrent.locks.AbstractQueuedSynchronizer$ConditionObject.await(AbstractQueuedSynchronizer.java:2039)
        at java.util.concurrent.ArrayBlockingQueue.take(ArrayBlockingQueue.java:403)
        at java.util.concurrent.ThreadPoolExecutor.getTask(ThreadPoolExecutor.java:1074)
        at java.util.concurrent.ThreadPoolExecutor.runWorker(ThreadPoolExecutor.java:1134)
        at java.util.concurrent.ThreadPoolExecutor$Worker.run(ThreadPoolExecutor.java:624)
        at java.lang.Thread.run(Thread.java:748)
"pool-26-thread-54"  prio=5 tid=340 in Object.wait()
java.lang.Thread.State: WAITING (on object monitor)
        at sun.misc.Unsafe.park(Native Method)
        at java.util.concurrent.locks.LockSupport.park(LockSupport.java:175)
        at java.util.concurrent.locks.AbstractQueuedSynchronizer$ConditionObject.await(AbstractQueuedSynchronizer.java:2039)
        at java.util.concurrent.ArrayBlockingQueue.take(ArrayBlockingQueue.java:403)
        at java.util.concurrent.ThreadPoolExecutor.getTask(ThreadPoolExecutor.java:1074)
        at java.util.concurrent.ThreadPoolExecutor.runWorker(ThreadPoolExecutor.java:1134)
        at java.util.concurrent.ThreadPoolExecutor$Worker.run(ThreadPoolExecutor.java:624)
        at java.lang.Thread.run(Thread.java:748)
"metrics-hadoop-metrics2-reporter-41-thread-1" daemon prio=5 tid=788 timed_waiting
java.lang.Thread.State: TIMED_WAITING
        at sun.misc.Unsafe.park(Native Method)
        at java.util.concurrent.locks.LockSupport.parkNanos(LockSupport.java:215)
        at java.util.concurrent.locks.AbstractQueuedSynchronizer$ConditionObject.awaitNanos(AbstractQueuedSynchronizer.java:2078)
        at java.util.concurrent.ScheduledThreadPoolExecutor$DelayedWorkQueue.take(ScheduledThreadPoolExecutor.java:1093)
        at java.util.concurrent.ScheduledThreadPoolExecutor$DelayedWorkQueue.take(ScheduledThreadPoolExecutor.java:809)
        at java.util.concurrent.ThreadPoolExecutor.getTask(ThreadPoolExecutor.java:1074)
        at java.util.concurrent.ThreadPoolExecutor.runWorker(ThreadPoolExecutor.java:1134)
        at java.util.concurrent.ThreadPoolExecutor$Worker.run(ThreadPoolExecutor.java:624)
        at java.lang.Thread.run(Thread.java:748)
"pool-36-thread-7"  prio=5 tid=353 in Object.wait()
java.lang.Thread.State: WAITING (on object monitor)
        at sun.misc.Unsafe.park(Native Method)
        at java.util.concurrent.locks.LockSupport.park(LockSupport.java:175)
        at java.util.concurrent.locks.AbstractQueuedSynchronizer$ConditionObject.await(AbstractQueuedSynchronizer.java:2039)
        at java.util.concurrent.ArrayBlockingQueue.take(ArrayBlockingQueue.java:403)
        at java.util.concurrent.ThreadPoolExecutor.getTask(ThreadPoolExecutor.java:1074)
        at java.util.concurrent.ThreadPoolExecutor.runWorker(ThreadPoolExecutor.java:1134)
        at java.util.concurrent.ThreadPoolExecutor$Worker.run(ThreadPoolExecutor.java:624)
        at java.lang.Thread.run(Thread.java:748)
"IPC Server Responder" daemon prio=5 tid=17 runnable
java.lang.Thread.State: RUNNABLE
        at sun.nio.ch.EPollArrayWrapper.epollWait(Native Method)
        at sun.nio.ch.EPollArrayWrapper.poll(EPollArrayWrapper.java:269)
        at sun.nio.ch.EPollSelectorImpl.doSelect(EPollSelectorImpl.java:93)
        at sun.nio.ch.SelectorImpl.lockAndDoSelect(SelectorImpl.java:86)
        at sun.nio.ch.SelectorImpl.select(SelectorImpl.java:97)
        at org.apache.hadoop.ipc.Server$Responder.doRunLoop(Server.java:1334)
        at org.apache.hadoop.ipc.Server$Responder.run(Server.java:1317)
"metrics-hadoop-metrics2-reporter-29-thread-1" daemon prio=5 tid=688 timed_waiting
java.lang.Thread.State: TIMED_WAITING
        at sun.misc.Unsafe.park(Native Method)
        at java.util.concurrent.locks.LockSupport.parkNanos(LockSupport.java:215)
        at java.util.concurrent.locks.AbstractQueuedSynchronizer$ConditionObject.awaitNanos(AbstractQueuedSynchronizer.java:2078)
        at java.util.concurrent.ScheduledThreadPoolExecutor$DelayedWorkQueue.take(ScheduledThreadPoolExecutor.java:1093)
        at java.util.concurrent.ScheduledThreadPoolExecutor$DelayedWorkQueue.take(ScheduledThreadPoolExecutor.java:809)
        at java.util.concurrent.ThreadPoolExecutor.getTask(ThreadPoolExecutor.java:1074)
        at java.util.concurrent.ThreadPoolExecutor.runWorker(ThreadPoolExecutor.java:1134)
        at java.util.concurrent.ThreadPoolExecutor$Worker.run(ThreadPoolExecutor.java:624)
        at java.lang.Thread.run(Thread.java:748)
"pool-26-thread-47"  prio=5 tid=333 in Object.wait()
java.lang.Thread.State: WAITING (on object monitor)
        at sun.misc.Unsafe.park(Native Method)
        at java.util.concurrent.locks.LockSupport.park(LockSupport.java:175)
        at java.util.concurrent.locks.AbstractQueuedSynchronizer$ConditionObject.await(AbstractQueuedSynchronizer.java:2039)
        at java.util.concurrent.ArrayBlockingQueue.take(ArrayBlockingQueue.java:403)
        at java.util.concurrent.ThreadPoolExecutor.getTask(ThreadPoolExecutor.java:1074)
        at java.util.concurrent.ThreadPoolExecutor.runWorker(ThreadPoolExecutor.java:1134)
        at java.util.concurrent.ThreadPoolExecutor$Worker.run(ThreadPoolExecutor.java:624)
        at java.lang.Thread.run(Thread.java:748)
"IPC Server handler 7 on 33004" daemon prio=5 tid=76 timed_waiting
java.lang.Thread.State: TIMED_WAITING
        at sun.misc.Unsafe.park(Native Method)
        at java.util.concurrent.locks.LockSupport.parkNanos(LockSupport.java:215)
        at java.util.concurrent.locks.AbstractQueuedSynchronizer$ConditionObject.awaitNanos(AbstractQueuedSynchronizer.java:2078)
        at java.util.concurrent.LinkedBlockingQueue.poll(LinkedBlockingQueue.java:467)
        at org.apache.hadoop.ipc.CallQueueManager.take(CallQueueManager.java:288)
        at org.apache.hadoop.ipc.Server$Handler.run(Server.java:2668)
"pool-26-thread-48"  prio=5 tid=334 in Object.wait()
java.lang.Thread.State: WAITING (on object monitor)
        at sun.misc.Unsafe.park(Native Method)
        at java.util.concurrent.locks.LockSupport.park(LockSupport.java:175)
        at java.util.concurrent.locks.AbstractQueuedSynchronizer$ConditionObject.await(AbstractQueuedSynchronizer.java:2039)
        at java.util.concurrent.ArrayBlockingQueue.take(ArrayBlockingQueue.java:403)
        at java.util.concurrent.ThreadPoolExecutor.getTask(ThreadPoolExecutor.java:1074)
        at java.util.concurrent.ThreadPoolExecutor.runWorker(ThreadPoolExecutor.java:1134)
        at java.util.concurrent.ThreadPoolExecutor$Worker.run(ThreadPoolExecutor.java:624)
        at java.lang.Thread.run(Thread.java:748)
"Datanode ReportManager Thread - 1" daemon prio=5 tid=253 in Object.wait()
java.lang.Thread.State: WAITING (on object monitor)
        at sun.misc.Unsafe.park(Native Method)
        at java.util.concurrent.locks.LockSupport.park(LockSupport.java:175)
        at java.util.concurrent.locks.AbstractQueuedSynchronizer$ConditionObject.await(AbstractQueuedSynchronizer.java:2039)
        at java.util.concurrent.ScheduledThreadPoolExecutor$DelayedWorkQueue.take(ScheduledThreadPoolExecutor.java:1088)
        at java.util.concurrent.ScheduledThreadPoolExecutor$DelayedWorkQueue.take(ScheduledThreadPoolExecutor.java:809)
        at java.util.concurrent.ThreadPoolExecutor.getTask(ThreadPoolExecutor.java:1074)
        at java.util.concurrent.ThreadPoolExecutor.runWorker(ThreadPoolExecutor.java:1134)
        at java.util.concurrent.ThreadPoolExecutor$Worker.run(ThreadPoolExecutor.java:624)
        at java.lang.Thread.run(Thread.java:748)
"metrics-hadoop-metrics2-reporter-44-thread-1" daemon prio=5 tid=808 timed_waiting
java.lang.Thread.State: TIMED_WAITING
        at sun.misc.Unsafe.park(Native Method)
        at java.util.concurrent.locks.LockSupport.parkNanos(LockSupport.java:215)
        at java.util.concurrent.locks.AbstractQueuedSynchronizer$ConditionObject.awaitNanos(AbstractQueuedSynchronizer.java:2078)
        at java.util.concurrent.ScheduledThreadPoolExecutor$DelayedWorkQueue.take(ScheduledThreadPoolExecutor.java:1093)
        at java.util.concurrent.ScheduledThreadPoolExecutor$DelayedWorkQueue.take(ScheduledThreadPoolExecutor.java:809)
        at java.util.concurrent.ThreadPoolExecutor.getTask(ThreadPoolExecutor.java:1074)
        at java.util.concurrent.ThreadPoolExecutor.runWorker(ThreadPoolExecutor.java:1134)
        at java.util.concurrent.ThreadPoolExecutor$Worker.run(ThreadPoolExecutor.java:624)
        at java.lang.Thread.run(Thread.java:748)
"IPC Server handler 15 on 35444" daemon prio=5 tid=130 timed_waiting
java.lang.Thread.State: TIMED_WAITING
        at sun.misc.Unsafe.park(Native Method)
        at java.util.concurrent.locks.LockSupport.parkNanos(LockSupport.java:215)
        at java.util.concurrent.locks.AbstractQueuedSynchronizer$ConditionObject.awaitNanos(AbstractQueuedSynchronizer.java:2078)
        at java.util.concurrent.LinkedBlockingQueue.poll(LinkedBlockingQueue.java:467)
        at org.apache.hadoop.ipc.CallQueueManager.take(CallQueueManager.java:288)
        at org.apache.hadoop.ipc.Server$Handler.run(Server.java:2668)
"IPC Server handler 18 on 35444" daemon prio=5 tid=133 timed_waiting
java.lang.Thread.State: TIMED_WAITING
        at sun.misc.Unsafe.park(Native Method)
        at java.util.concurrent.locks.LockSupport.parkNanos(LockSupport.java:215)
        at java.util.concurrent.locks.AbstractQueuedSynchronizer$ConditionObject.awaitNanos(AbstractQueuedSynchronizer.java:2078)
        at java.util.concurrent.LinkedBlockingQueue.poll(LinkedBlockingQueue.java:467)
        at org.apache.hadoop.ipc.CallQueueManager.take(CallQueueManager.java:288)
        at org.apache.hadoop.ipc.Server$Handler.run(Server.java:2668)
"pool-37-thread-1"  prio=5 tid=624 in Object.wait()
java.lang.Thread.State: WAITING (on object monitor)
        at sun.misc.Unsafe.park(Native Method)
        at java.util.concurrent.locks.LockSupport.park(LockSupport.java:175)
        at java.util.concurrent.locks.AbstractQueuedSynchronizer$ConditionObject.await(AbstractQueuedSynchronizer.java:2039)
        at java.util.concurrent.LinkedBlockingQueue.take(LinkedBlockingQueue.java:442)
        at java.util.concurrent.ThreadPoolExecutor.getTask(ThreadPoolExecutor.java:1074)
        at java.util.concurrent.ThreadPoolExecutor.runWorker(ThreadPoolExecutor.java:1134)
        at java.util.concurrent.ThreadPoolExecutor$Worker.run(ThreadPoolExecutor.java:624)
        at java.lang.Thread.run(Thread.java:748)
"pool-66-thread-58"  prio=5 tid=593 in Object.wait()
java.lang.Thread.State: WAITING (on object monitor)
        at sun.misc.Unsafe.park(Native Method)
        at java.util.concurrent.locks.LockSupport.park(LockSupport.java:175)
        at java.util.concurrent.locks.AbstractQueuedSynchronizer$ConditionObject.await(AbstractQueuedSynchronizer.java:2039)
        at java.util.concurrent.ArrayBlockingQueue.take(ArrayBlockingQueue.java:403)
        at java.util.concurrent.ThreadPoolExecutor.getTask(ThreadPoolExecutor.java:1074)
        at java.util.concurrent.ThreadPoolExecutor.runWorker(ThreadPoolExecutor.java:1134)
        at java.util.concurrent.ThreadPoolExecutor$Worker.run(ThreadPoolExecutor.java:624)
        at java.lang.Thread.run(Thread.java:748)
"pool-34-thread-1" daemon prio=5 tid=183 timed_waiting
java.lang.Thread.State: TIMED_WAITING
        at sun.misc.Unsafe.park(Native Method)
        at java.util.concurrent.locks.LockSupport.parkNanos(LockSupport.java:215)
        at java.util.concurrent.locks.AbstractQueuedSynchronizer$ConditionObject.awaitNanos(AbstractQueuedSynchronizer.java:2078)
        at java.util.concurrent.ScheduledThreadPoolExecutor$DelayedWorkQueue.take(ScheduledThreadPoolExecutor.java:1093)
        at java.util.concurrent.ScheduledThreadPoolExecutor$DelayedWorkQueue.take(ScheduledThreadPoolExecutor.java:809)
        at java.util.concurrent.ThreadPoolExecutor.getTask(ThreadPoolExecutor.java:1074)
        at java.util.concurrent.ThreadPoolExecutor.runWorker(ThreadPoolExecutor.java:1134)
        at java.util.concurrent.ThreadPoolExecutor$Worker.run(ThreadPoolExecutor.java:624)
        at java.lang.Thread.run(Thread.java:748)
"pool-46-thread-9"  prio=5 tid=415 in Object.wait()
java.lang.Thread.State: WAITING (on object monitor)
        at sun.misc.Unsafe.park(Native Method)
        at java.util.concurrent.locks.LockSupport.park(LockSupport.java:175)
        at java.util.concurrent.locks.AbstractQueuedSynchronizer$ConditionObject.await(AbstractQueuedSynchronizer.java:2039)
        at java.util.concurrent.ArrayBlockingQueue.take(ArrayBlockingQueue.java:403)
        at java.util.concurrent.ThreadPoolExecutor.getTask(ThreadPoolExecutor.java:1074)
        at java.util.concurrent.ThreadPoolExecutor.runWorker(ThreadPoolExecutor.java:1134)
        at java.util.concurrent.ThreadPoolExecutor$Worker.run(ThreadPoolExecutor.java:624)
        at java.lang.Thread.run(Thread.java:748)
"pool-36-thread-29"  prio=5 tid=375 in Object.wait()
java.lang.Thread.State: WAITING (on object monitor)
        at sun.misc.Unsafe.park(Native Method)
        at java.util.concurrent.locks.LockSupport.park(LockSupport.java:175)
        at java.util.concurrent.locks.AbstractQueuedSynchronizer$ConditionObject.await(AbstractQueuedSynchronizer.java:2039)
        at java.util.concurrent.ArrayBlockingQueue.take(ArrayBlockingQueue.java:403)
        at java.util.concurrent.ThreadPoolExecutor.getTask(ThreadPoolExecutor.java:1074)
        at java.util.concurrent.ThreadPoolExecutor.runWorker(ThreadPoolExecutor.java:1134)
        at java.util.concurrent.ThreadPoolExecutor$Worker.run(ThreadPoolExecutor.java:624)
        at java.lang.Thread.run(Thread.java:748)
"pool-50-thread-1"  prio=5 tid=212 timed_waiting
java.lang.Thread.State: TIMED_WAITING
        at sun.misc.Unsafe.park(Native Method)
        at java.util.concurrent.locks.LockSupport.parkNanos(LockSupport.java:215)
        at java.util.concurrent.locks.AbstractQueuedSynchronizer$ConditionObject.awaitNanos(AbstractQueuedSynchronizer.java:2078)
        at java.util.concurrent.ScheduledThreadPoolExecutor$DelayedWorkQueue.take(ScheduledThreadPoolExecutor.java:1093)
        at java.util.concurrent.ScheduledThreadPoolExecutor$DelayedWorkQueue.take(ScheduledThreadPoolExecutor.java:809)
        at java.util.concurrent.ThreadPoolExecutor.getTask(ThreadPoolExecutor.java:1074)
        at java.util.concurrent.ThreadPoolExecutor.runWorker(ThreadPoolExecutor.java:1134)
        at java.util.concurrent.ThreadPoolExecutor$Worker.run(ThreadPoolExecutor.java:624)
        at java.lang.Thread.run(Thread.java:748)
"IPC Server listener on 40923" daemon prio=5 tid=22 runnable
java.lang.Thread.State: RUNNABLE
        at sun.nio.ch.EPollArrayWrapper.epollWait(Native Method)
        at sun.nio.ch.EPollArrayWrapper.poll(EPollArrayWrapper.java:269)
        at sun.nio.ch.EPollSelectorImpl.doSelect(EPollSelectorImpl.java:93)
        at sun.nio.ch.SelectorImpl.lockAndDoSelect(SelectorImpl.java:86)
        at sun.nio.ch.SelectorImpl.select(SelectorImpl.java:97)
        at sun.nio.ch.SelectorImpl.select(SelectorImpl.java:101)
        at org.apache.hadoop.ipc.Server$Listener.run(Server.java:1159)
"pool-56-thread-50"  prio=5 tid=523 in Object.wait()
java.lang.Thread.State: WAITING (on object monitor)
        at sun.misc.Unsafe.park(Native Method)
        at java.util.concurrent.locks.LockSupport.park(LockSupport.java:175)
        at java.util.concurrent.locks.AbstractQueuedSynchronizer$ConditionObject.await(AbstractQueuedSynchronizer.java:2039)
        at java.util.concurrent.ArrayBlockingQueue.take(ArrayBlockingQueue.java:403)
        at java.util.concurrent.ThreadPoolExecutor.getTask(ThreadPoolExecutor.java:1074)
        at java.util.concurrent.ThreadPoolExecutor.runWorker(ThreadPoolExecutor.java:1134)
        at java.util.concurrent.ThreadPoolExecutor$Worker.run(ThreadPoolExecutor.java:624)
        at java.lang.Thread.run(Thread.java:748)
"metrics-hadoop-metrics2-reporter-4-thread-1" daemon prio=5 tid=619 timed_waiting
java.lang.Thread.State: TIMED_WAITING
        at sun.misc.Unsafe.park(Native Method)
        at java.util.concurrent.locks.LockSupport.parkNanos(LockSupport.java:215)
        at java.util.concurrent.locks.AbstractQueuedSynchronizer$ConditionObject.awaitNanos(AbstractQueuedSynchronizer.java:2078)
        at java.util.concurrent.ScheduledThreadPoolExecutor$DelayedWorkQueue.take(ScheduledThreadPoolExecutor.java:1093)
        at java.util.concurrent.ScheduledThreadPoolExecutor$DelayedWorkQueue.take(ScheduledThreadPoolExecutor.java:809)
        at java.util.concurrent.ThreadPoolExecutor.getTask(ThreadPoolExecutor.java:1074)
        at java.util.concurrent.ThreadPoolExecutor.runWorker(ThreadPoolExecutor.java:1134)
        at java.util.concurrent.ThreadPoolExecutor$Worker.run(ThreadPoolExecutor.java:624)
        at java.lang.Thread.run(Thread.java:748)
"qtp1845760645-272" daemon prio=5 tid=272 timed_waiting
java.lang.Thread.State: TIMED_WAITING
        at sun.misc.Unsafe.park(Native Method)
        at java.util.concurrent.locks.LockSupport.parkNanos(LockSupport.java:215)
        at java.util.concurrent.locks.AbstractQueuedSynchronizer$ConditionObject.awaitNanos(AbstractQueuedSynchronizer.java:2078)
        at org.eclipse.jetty.util.BlockingArrayQueue.poll(BlockingArrayQueue.java:392)
        at org.eclipse.jetty.util.thread.QueuedThreadPool.idleJobPoll(QueuedThreadPool.java:563)
        at org.eclipse.jetty.util.thread.QueuedThreadPool.access$800(QueuedThreadPool.java:48)
        at org.eclipse.jetty.util.thread.QueuedThreadPool$2.run(QueuedThreadPool.java:626)
        at java.lang.Thread.run(Thread.java:748)
"org.eclipse.jetty.server.session.HashSessionManager@57c88764Timer" daemon prio=5 tid=144 timed_waiting
java.lang.Thread.State: TIMED_WAITING
        at sun.misc.Unsafe.park(Native Method)
        at java.util.concurrent.locks.LockSupport.parkNanos(LockSupport.java:215)
        at java.util.concurrent.locks.AbstractQueuedSynchronizer$ConditionObject.awaitNanos(AbstractQueuedSynchronizer.java:2078)
        at java.util.concurrent.ScheduledThreadPoolExecutor$DelayedWorkQueue.take(ScheduledThreadPoolExecutor.java:1093)
        at java.util.concurrent.ScheduledThreadPoolExecutor$DelayedWorkQueue.take(ScheduledThreadPoolExecutor.java:809)
        at java.util.concurrent.ThreadPoolExecutor.getTask(ThreadPoolExecutor.java:1074)
        at java.util.concurrent.ThreadPoolExecutor.runWorker(ThreadPoolExecutor.java:1134)
        at java.util.concurrent.ThreadPoolExecutor$Worker.run(ThreadPoolExecutor.java:624)
        at java.lang.Thread.run(Thread.java:748)
"KeyDeletingService#1" daemon prio=5 tid=129 timed_waiting
java.lang.Thread.State: TIMED_WAITING
        at sun.misc.Unsafe.park(Native Method)
        at java.util.concurrent.locks.LockSupport.parkNanos(LockSupport.java:215)
        at java.util.concurrent.locks.AbstractQueuedSynchronizer$ConditionObject.awaitNanos(AbstractQueuedSynchronizer.java:2078)
        at java.util.concurrent.ScheduledThreadPoolExecutor$DelayedWorkQueue.take(ScheduledThreadPoolExecutor.java:1093)
        at java.util.concurrent.ScheduledThreadPoolExecutor$DelayedWorkQueue.take(ScheduledThreadPoolExecutor.java:809)
        at java.util.concurrent.ThreadPoolExecutor.getTask(ThreadPoolExecutor.java:1074)
        at java.util.concurrent.ThreadPoolExecutor.runWorker(ThreadPoolExecutor.java:1134)
        at java.util.concurrent.ThreadPoolExecutor$Worker.run(ThreadPoolExecutor.java:624)
        at java.lang.Thread.run(Thread.java:748)
"IPC Server handler 11 on 33004" daemon prio=5 tid=80 timed_waiting
java.lang.Thread.State: TIMED_WAITING
        at sun.misc.Unsafe.park(Native Method)
        at java.util.concurrent.locks.LockSupport.parkNanos(LockSupport.java:215)
        at java.util.concurrent.locks.AbstractQueuedSynchronizer$ConditionObject.awaitNanos(AbstractQueuedSynchronizer.java:2078)
        at java.util.concurrent.LinkedBlockingQueue.poll(LinkedBlockingQueue.java:467)
        at org.apache.hadoop.ipc.CallQueueManager.take(CallQueueManager.java:288)
        at org.apache.hadoop.ipc.Server$Handler.run(Server.java:2668)
"Datanode ReportManager Thread - 1" daemon prio=5 tid=280 in Object.wait()
java.lang.Thread.State: WAITING (on object monitor)
        at sun.misc.Unsafe.park(Native Method)
        at java.util.concurrent.locks.LockSupport.park(LockSupport.java:175)
        at java.util.concurrent.locks.AbstractQueuedSynchronizer$ConditionObject.await(AbstractQueuedSynchronizer.java:2039)
        at java.util.concurrent.ScheduledThreadPoolExecutor$DelayedWorkQueue.take(ScheduledThreadPoolExecutor.java:1088)
        at java.util.concurrent.ScheduledThreadPoolExecutor$DelayedWorkQueue.take(ScheduledThreadPoolExecutor.java:809)
        at java.util.concurrent.ThreadPoolExecutor.getTask(ThreadPoolExecutor.java:1074)
        at java.util.concurrent.ThreadPoolExecutor.runWorker(ThreadPoolExecutor.java:1134)
        at java.util.concurrent.ThreadPoolExecutor$Worker.run(ThreadPoolExecutor.java:624)
        at java.lang.Thread.run(Thread.java:748)
"Command processor thread" daemon prio=5 tid=256 timed_waiting
java.lang.Thread.State: TIMED_WAITING
        at java.lang.Thread.sleep(Native Method)
        at org.apache.hadoop.ozone.container.common.statemachine.DatanodeStateMachine.lambda$initCommandHandlerThread$1(DatanodeStateMachine.java:439)
        at org.apache.hadoop.ozone.container.common.statemachine.DatanodeStateMachine$$Lambda$141/1433245022.run(Unknown Source)
        at java.lang.Thread.run(Thread.java:748)
"Datanode ReportManager Thread - 2" daemon prio=5 tid=173 in Object.wait()
java.lang.Thread.State: WAITING (on object monitor)
        at sun.misc.Unsafe.park(Native Method)
        at java.util.concurrent.locks.LockSupport.park(LockSupport.java:175)
        at java.util.concurrent.locks.AbstractQueuedSynchronizer$ConditionObject.await(AbstractQueuedSynchronizer.java:2039)
        at java.util.concurrent.ScheduledThreadPoolExecutor$DelayedWorkQueue.take(ScheduledThreadPoolExecutor.java:1088)
        at java.util.concurrent.ScheduledThreadPoolExecutor$DelayedWorkQueue.take(ScheduledThreadPoolExecutor.java:809)
        at java.util.concurrent.ThreadPoolExecutor.getTask(ThreadPoolExecutor.java:1074)
        at java.util.concurrent.ThreadPoolExecutor.runWorker(ThreadPoolExecutor.java:1134)
        at java.util.concurrent.ThreadPoolExecutor$Worker.run(ThreadPoolExecutor.java:624)
        at java.lang.Thread.run(Thread.java:748)
"IPC Server handler 11 on 40923" daemon prio=5 tid=40 timed_waiting
java.lang.Thread.State: TIMED_WAITING
        at sun.misc.Unsafe.park(Native Method)
        at java.util.concurrent.locks.LockSupport.parkNanos(LockSupport.java:215)
        at java.util.concurrent.locks.AbstractQueuedSynchronizer$ConditionObject.awaitNanos(AbstractQueuedSynchronizer.java:2078)
        at java.util.concurrent.LinkedBlockingQueue.poll(LinkedBlockingQueue.java:467)
        at org.apache.hadoop.ipc.CallQueueManager.take(CallQueueManager.java:288)
        at org.apache.hadoop.ipc.Server$Handler.run(Server.java:2668)
"5c3956af-60d3-411f-8c98-c7ed3576de5c@group-9043730FD47D-SegmentedRaftLogWorker"  prio=5 tid=627 timed_waiting
java.lang.Thread.State: TIMED_WAITING
        at sun.misc.Unsafe.park(Native Method)
        at java.util.concurrent.locks.LockSupport.parkNanos(LockSupport.java:215)
        at java.util.concurrent.locks.AbstractQueuedSynchronizer$ConditionObject.awaitNanos(AbstractQueuedSynchronizer.java:2078)
        at org.apache.ratis.util.DataBlockingQueue.poll(DataBlockingQueue.java:137)
        at org.apache.ratis.server.raftlog.segmented.SegmentedRaftLogWorker.run(SegmentedRaftLogWorker.java:282)
        at java.lang.Thread.run(Thread.java:748)
"pool-26-thread-21"  prio=5 tid=307 in Object.wait()
java.lang.Thread.State: WAITING (on object monitor)
        at sun.misc.Unsafe.park(Native Method)
        at java.util.concurrent.locks.LockSupport.park(LockSupport.java:175)
        at java.util.concurrent.locks.AbstractQueuedSynchronizer$ConditionObject.await(AbstractQueuedSynchronizer.java:2039)
        at java.util.concurrent.ArrayBlockingQueue.take(ArrayBlockingQueue.java:403)
        at java.util.concurrent.ThreadPoolExecutor.getTask(ThreadPoolExecutor.java:1074)
        at java.util.concurrent.ThreadPoolExecutor.runWorker(ThreadPoolExecutor.java:1134)
        at java.util.concurrent.ThreadPoolExecutor$Worker.run(ThreadPoolExecutor.java:624)
        at java.lang.Thread.run(Thread.java:748)
"pool-66-thread-44"  prio=5 tid=579 in Object.wait()
java.lang.Thread.State: WAITING (on object monitor)
        at sun.misc.Unsafe.park(Native Method)
        at java.util.concurrent.locks.LockSupport.park(LockSupport.java:175)
        at java.util.concurrent.locks.AbstractQueuedSynchronizer$ConditionObject.await(AbstractQueuedSynchronizer.java:2039)
        at java.util.concurrent.ArrayBlockingQueue.take(ArrayBlockingQueue.java:403)
        at java.util.concurrent.ThreadPoolExecutor.getTask(ThreadPoolExecutor.java:1074)
        at java.util.concurrent.ThreadPoolExecutor.runWorker(ThreadPoolExecutor.java:1134)
        at java.util.concurrent.ThreadPoolExecutor$Worker.run(ThreadPoolExecutor.java:624)
        at java.lang.Thread.run(Thread.java:748)
"pool-36-thread-25"  prio=5 tid=371 in Object.wait()
java.lang.Thread.State: WAITING (on object monitor)
        at sun.misc.Unsafe.park(Native Method)
        at java.util.concurrent.locks.LockSupport.park(LockSupport.java:175)
        at java.util.concurrent.locks.AbstractQueuedSynchronizer$ConditionObject.await(AbstractQueuedSynchronizer.java:2039)
        at java.util.concurrent.ArrayBlockingQueue.take(ArrayBlockingQueue.java:403)
        at java.util.concurrent.ThreadPoolExecutor.getTask(ThreadPoolExecutor.java:1074)
        at java.util.concurrent.ThreadPoolExecutor.runWorker(ThreadPoolExecutor.java:1134)
        at java.util.concurrent.ThreadPoolExecutor$Worker.run(ThreadPoolExecutor.java:624)
        at java.lang.Thread.run(Thread.java:748)
"metrics-hadoop-metrics2-reporter-16-thread-1" daemon prio=5 tid=648 timed_waiting
java.lang.Thread.State: TIMED_WAITING
        at sun.misc.Unsafe.park(Native Method)
        at java.util.concurrent.locks.LockSupport.parkNanos(LockSupport.java:215)
        at java.util.concurrent.locks.AbstractQueuedSynchronizer$ConditionObject.awaitNanos(AbstractQueuedSynchronizer.java:2078)
        at java.util.concurrent.ScheduledThreadPoolExecutor$DelayedWorkQueue.take(ScheduledThreadPoolExecutor.java:1093)
        at java.util.concurrent.ScheduledThreadPoolExecutor$DelayedWorkQueue.take(ScheduledThreadPoolExecutor.java:809)
        at java.util.concurrent.ThreadPoolExecutor.getTask(ThreadPoolExecutor.java:1074)
        at java.util.concurrent.ThreadPoolExecutor.runWorker(ThreadPoolExecutor.java:1134)
        at java.util.concurrent.ThreadPoolExecutor$Worker.run(ThreadPoolExecutor.java:624)
        at java.lang.Thread.run(Thread.java:748)
"qtp1003663195-243" daemon prio=5 tid=243 timed_waiting
java.lang.Thread.State: TIMED_WAITING
        at sun.misc.Unsafe.park(Native Method)
        at java.util.concurrent.locks.LockSupport.parkNanos(LockSupport.java:215)
        at java.util.concurrent.locks.AbstractQueuedSynchronizer$ConditionObject.awaitNanos(AbstractQueuedSynchronizer.java:2078)
        at org.eclipse.jetty.util.BlockingArrayQueue.poll(BlockingArrayQueue.java:392)
        at org.eclipse.jetty.util.thread.QueuedThreadPool.idleJobPoll(QueuedThreadPool.java:563)
        at org.eclipse.jetty.util.thread.QueuedThreadPool.access$800(QueuedThreadPool.java:48)
        at org.eclipse.jetty.util.thread.QueuedThreadPool$2.run(QueuedThreadPool.java:626)
        at java.lang.Thread.run(Thread.java:748)
"qtp650859015-164" daemon prio=5 tid=164 timed_waiting
java.lang.Thread.State: TIMED_WAITING
        at sun.misc.Unsafe.park(Native Method)
        at java.util.concurrent.locks.LockSupport.parkNanos(LockSupport.java:215)
        at java.util.concurrent.locks.AbstractQueuedSynchronizer$ConditionObject.awaitNanos(AbstractQueuedSynchronizer.java:2078)
        at org.eclipse.jetty.util.BlockingArrayQueue.poll(BlockingArrayQueue.java:392)
        at org.eclipse.jetty.util.thread.QueuedThreadPool.idleJobPoll(QueuedThreadPool.java:563)
        at org.eclipse.jetty.util.thread.QueuedThreadPool.access$800(QueuedThreadPool.java:48)
        at org.eclipse.jetty.util.thread.QueuedThreadPool$2.run(QueuedThreadPool.java:626)
        at java.lang.Thread.run(Thread.java:748)
"pool-46-thread-18"  prio=5 tid=424 in Object.wait()
java.lang.Thread.State: WAITING (on object monitor)
        at sun.misc.Unsafe.park(Native Method)
        at java.util.concurrent.locks.LockSupport.park(LockSupport.java:175)
        at java.util.concurrent.locks.AbstractQueuedSynchronizer$ConditionObject.await(AbstractQueuedSynchronizer.java:2039)
        at java.util.concurrent.ArrayBlockingQueue.take(ArrayBlockingQueue.java:403)
        at java.util.concurrent.ThreadPoolExecutor.getTask(ThreadPoolExecutor.java:1074)
        at java.util.concurrent.ThreadPoolExecutor.runWorker(ThreadPoolExecutor.java:1134)
        at java.util.concurrent.ThreadPoolExecutor$Worker.run(ThreadPoolExecutor.java:624)
        at java.lang.Thread.run(Thread.java:748)
"pool-36-thread-5"  prio=5 tid=351 in Object.wait()
java.lang.Thread.State: WAITING (on object monitor)
        at sun.misc.Unsafe.park(Native Method)
        at java.util.concurrent.locks.LockSupport.park(LockSupport.java:175)
        at java.util.concurrent.locks.AbstractQueuedSynchronizer$ConditionObject.await(AbstractQueuedSynchronizer.java:2039)
        at java.util.concurrent.ArrayBlockingQueue.take(ArrayBlockingQueue.java:403)
        at java.util.concurrent.ThreadPoolExecutor.getTask(ThreadPoolExecutor.java:1074)
        at java.util.concurrent.ThreadPoolExecutor.runWorker(ThreadPoolExecutor.java:1134)
        at java.util.concurrent.ThreadPoolExecutor$Worker.run(ThreadPoolExecutor.java:624)
        at java.lang.Thread.run(Thread.java:748)
"pool-26-thread-40"  prio=5 tid=326 in Object.wait()
java.lang.Thread.State: WAITING (on object monitor)
        at sun.misc.Unsafe.park(Native Method)
        at java.util.concurrent.locks.LockSupport.park(LockSupport.java:175)
        at java.util.concurrent.locks.AbstractQueuedSynchronizer$ConditionObject.await(AbstractQueuedSynchronizer.java:2039)
        at java.util.concurrent.ArrayBlockingQueue.take(ArrayBlockingQueue.java:403)
        at java.util.concurrent.ThreadPoolExecutor.getTask(ThreadPoolExecutor.java:1074)
        at java.util.concurrent.ThreadPoolExecutor.runWorker(ThreadPoolExecutor.java:1134)
        at java.util.concurrent.ThreadPoolExecutor$Worker.run(ThreadPoolExecutor.java:624)
        at java.lang.Thread.run(Thread.java:748)
"IPC Server handler 0 on 46821" daemon prio=5 tid=49 timed_waiting
java.lang.Thread.State: TIMED_WAITING
        at sun.misc.Unsafe.park(Native Method)
        at java.util.concurrent.locks.LockSupport.parkNanos(LockSupport.java:215)
        at java.util.concurrent.locks.AbstractQueuedSynchronizer$ConditionObject.awaitNanos(AbstractQueuedSynchronizer.java:2078)
        at java.util.concurrent.LinkedBlockingQueue.poll(LinkedBlockingQueue.java:467)
        at org.apache.hadoop.ipc.CallQueueManager.take(CallQueueManager.java:288)
        at org.apache.hadoop.ipc.Server$Handler.run(Server.java:2668)
"IPC Server handler 1 on 40923" daemon prio=5 tid=30 timed_waiting
java.lang.Thread.State: TIMED_WAITING
        at sun.misc.Unsafe.park(Native Method)
        at java.util.concurrent.locks.LockSupport.parkNanos(LockSupport.java:215)
        at java.util.concurrent.locks.AbstractQueuedSynchronizer$ConditionObject.awaitNanos(AbstractQueuedSynchronizer.java:2078)
        at java.util.concurrent.LinkedBlockingQueue.poll(LinkedBlockingQueue.java:467)
        at org.apache.hadoop.ipc.CallQueueManager.take(CallQueueManager.java:288)
        at org.apache.hadoop.ipc.Server$Handler.run(Server.java:2668)
"pool-36-thread-53"  prio=5 tid=399 in Object.wait()
java.lang.Thread.State: WAITING (on object monitor)
        at sun.misc.Unsafe.park(Native Method)
        at java.util.concurrent.locks.LockSupport.park(LockSupport.java:175)
        at java.util.concurrent.locks.AbstractQueuedSynchronizer$ConditionObject.await(AbstractQueuedSynchronizer.java:2039)
        at java.util.concurrent.ArrayBlockingQueue.take(ArrayBlockingQueue.java:403)
        at java.util.concurrent.ThreadPoolExecutor.getTask(ThreadPoolExecutor.java:1074)
        at java.util.concurrent.ThreadPoolExecutor.runWorker(ThreadPoolExecutor.java:1134)
        at java.util.concurrent.ThreadPoolExecutor$Worker.run(ThreadPoolExecutor.java:624)
        at java.lang.Thread.run(Thread.java:748)
"prometheus" daemon prio=5 tid=100 in Object.wait()
java.lang.Thread.State: WAITING (on object monitor)
        at java.lang.Object.wait(Native Method)
        at java.lang.Object.wait(Object.java:502)
        at org.apache.hadoop.metrics2.impl.SinkQueue.waitForData(SinkQueue.java:114)
        at org.apache.hadoop.metrics2.impl.SinkQueue.consumeAll(SinkQueue.java:83)
        at org.apache.hadoop.metrics2.impl.MetricsSinkAdapter.publishMetricsFromQueue(MetricsSinkAdapter.java:135)
        at org.apache.hadoop.metrics2.impl.MetricsSinkAdapter$1.run(MetricsSinkAdapter.java:89)
"pool-46-thread-13"  prio=5 tid=419 in Object.wait()
java.lang.Thread.State: WAITING (on object monitor)
        at sun.misc.Unsafe.park(Native Method)
        at java.util.concurrent.locks.LockSupport.park(LockSupport.java:175)
        at java.util.concurrent.locks.AbstractQueuedSynchronizer$ConditionObject.await(AbstractQueuedSynchronizer.java:2039)
        at java.util.concurrent.ArrayBlockingQueue.take(ArrayBlockingQueue.java:403)
        at java.util.concurrent.ThreadPoolExecutor.getTask(ThreadPoolExecutor.java:1074)
        at java.util.concurrent.ThreadPoolExecutor.runWorker(ThreadPoolExecutor.java:1134)
        at java.util.concurrent.ThreadPoolExecutor$Worker.run(ThreadPoolExecutor.java:624)
        at java.lang.Thread.run(Thread.java:748)
"pool-26-thread-37"  prio=5 tid=323 in Object.wait()
java.lang.Thread.State: WAITING (on object monitor)
        at sun.misc.Unsafe.park(Native Method)
        at java.util.concurrent.locks.LockSupport.park(LockSupport.java:175)
        at java.util.concurrent.locks.AbstractQueuedSynchronizer$ConditionObject.await(AbstractQueuedSynchronizer.java:2039)
        at java.util.concurrent.ArrayBlockingQueue.take(ArrayBlockingQueue.java:403)
        at java.util.concurrent.ThreadPoolExecutor.getTask(ThreadPoolExecutor.java:1074)
        at java.util.concurrent.ThreadPoolExecutor.runWorker(ThreadPoolExecutor.java:1134)
        at java.util.concurrent.ThreadPoolExecutor$Worker.run(ThreadPoolExecutor.java:624)
        at java.lang.Thread.run(Thread.java:748)
"pool-26-thread-14"  prio=5 tid=300 in Object.wait()
java.lang.Thread.State: WAITING (on object monitor)
        at sun.misc.Unsafe.park(Native Method)
        at java.util.concurrent.locks.LockSupport.park(LockSupport.java:175)
        at java.util.concurrent.locks.AbstractQueuedSynchronizer$ConditionObject.await(AbstractQueuedSynchronizer.java:2039)
        at java.util.concurrent.ArrayBlockingQueue.take(ArrayBlockingQueue.java:403)
        at java.util.concurrent.ThreadPoolExecutor.getTask(ThreadPoolExecutor.java:1074)
        at java.util.concurrent.ThreadPoolExecutor.runWorker(ThreadPoolExecutor.java:1134)
        at java.util.concurrent.ThreadPoolExecutor$Worker.run(ThreadPoolExecutor.java:624)
        at java.lang.Thread.run(Thread.java:748)
"IPC Server handler 3 on 40923" daemon prio=5 tid=32 timed_waiting
java.lang.Thread.State: TIMED_WAITING
        at sun.misc.Unsafe.park(Native Method)
        at java.util.concurrent.locks.LockSupport.parkNanos(LockSupport.java:215)
        at java.util.concurrent.locks.AbstractQueuedSynchronizer$ConditionObject.awaitNanos(AbstractQueuedSynchronizer.java:2078)
        at java.util.concurrent.LinkedBlockingQueue.poll(LinkedBlockingQueue.java:467)
        at org.apache.hadoop.ipc.CallQueueManager.take(CallQueueManager.java:288)
        at org.apache.hadoop.ipc.Server$Handler.run(Server.java:2668)
"pool-36-thread-43"  prio=5 tid=389 in Object.wait()
java.lang.Thread.State: WAITING (on object monitor)
        at sun.misc.Unsafe.park(Native Method)
        at java.util.concurrent.locks.LockSupport.park(LockSupport.java:175)
        at java.util.concurrent.locks.AbstractQueuedSynchronizer$ConditionObject.await(AbstractQueuedSynchronizer.java:2039)
        at java.util.concurrent.ArrayBlockingQueue.take(ArrayBlockingQueue.java:403)
        at java.util.concurrent.ThreadPoolExecutor.getTask(ThreadPoolExecutor.java:1074)
        at java.util.concurrent.ThreadPoolExecutor.runWorker(ThreadPoolExecutor.java:1134)
        at java.util.concurrent.ThreadPoolExecutor$Worker.run(ThreadPoolExecutor.java:624)
        at java.lang.Thread.run(Thread.java:748)
"qtp650859015-163" daemon prio=5 tid=163 timed_waiting
java.lang.Thread.State: TIMED_WAITING
        at sun.misc.Unsafe.park(Native Method)
        at java.util.concurrent.locks.LockSupport.parkNanos(LockSupport.java:215)
        at java.util.concurrent.locks.AbstractQueuedSynchronizer$ConditionObject.awaitNanos(AbstractQueuedSynchronizer.java:2078)
        at org.eclipse.jetty.util.BlockingArrayQueue.poll(BlockingArrayQueue.java:392)
        at org.eclipse.jetty.util.thread.QueuedThreadPool.idleJobPoll(QueuedThreadPool.java:563)
        at org.eclipse.jetty.util.thread.QueuedThreadPool.access$800(QueuedThreadPool.java:48)
        at org.eclipse.jetty.util.thread.QueuedThreadPool$2.run(QueuedThreadPool.java:626)
        at java.lang.Thread.run(Thread.java:748)
"pool-66-thread-49"  prio=5 tid=584 in Object.wait()
java.lang.Thread.State: WAITING (on object monitor)
        at sun.misc.Unsafe.park(Native Method)
        at java.util.concurrent.locks.LockSupport.park(LockSupport.java:175)
        at java.util.concurrent.locks.AbstractQueuedSynchronizer$ConditionObject.await(AbstractQueuedSynchronizer.java:2039)
        at java.util.concurrent.ArrayBlockingQueue.take(ArrayBlockingQueue.java:403)
        at java.util.concurrent.ThreadPoolExecutor.getTask(ThreadPoolExecutor.java:1074)
        at java.util.concurrent.ThreadPoolExecutor.runWorker(ThreadPoolExecutor.java:1134)
        at java.util.concurrent.ThreadPoolExecutor$Worker.run(ThreadPoolExecutor.java:624)
        at java.lang.Thread.run(Thread.java:748)
"pool-46-thread-7"  prio=5 tid=413 in Object.wait()
java.lang.Thread.State: WAITING (on object monitor)
        at sun.misc.Unsafe.park(Native Method)
        at java.util.concurrent.locks.LockSupport.park(LockSupport.java:175)
        at java.util.concurrent.locks.AbstractQueuedSynchronizer$ConditionObject.await(AbstractQueuedSynchronizer.java:2039)
        at java.util.concurrent.ArrayBlockingQueue.take(ArrayBlockingQueue.java:403)
        at java.util.concurrent.ThreadPoolExecutor.getTask(ThreadPoolExecutor.java:1074)
        at java.util.concurrent.ThreadPoolExecutor.runWorker(ThreadPoolExecutor.java:1134)
        at java.util.concurrent.ThreadPoolExecutor$Worker.run(ThreadPoolExecutor.java:624)
        at java.lang.Thread.run(Thread.java:748)
"SCMBlockDeletingService#1" daemon prio=5 tid=103 timed_waiting
java.lang.Thread.State: TIMED_WAITING
        at sun.misc.Unsafe.park(Native Method)
        at java.util.concurrent.locks.LockSupport.parkNanos(LockSupport.java:215)
        at java.util.concurrent.locks.AbstractQueuedSynchronizer$ConditionObject.awaitNanos(AbstractQueuedSynchronizer.java:2078)
        at java.util.concurrent.ScheduledThreadPoolExecutor$DelayedWorkQueue.take(ScheduledThreadPoolExecutor.java:1093)
        at java.util.concurrent.ScheduledThreadPoolExecutor$DelayedWorkQueue.take(ScheduledThreadPoolExecutor.java:809)
        at java.util.concurrent.ThreadPoolExecutor.getTask(ThreadPoolExecutor.java:1074)
        at java.util.concurrent.ThreadPoolExecutor.runWorker(ThreadPoolExecutor.java:1134)
        at java.util.concurrent.ThreadPoolExecutor$Worker.run(ThreadPoolExecutor.java:624)
        at java.lang.Thread.run(Thread.java:748)
"IPC Server handler 0 on 35444" daemon prio=5 tid=114 timed_waiting
java.lang.Thread.State: TIMED_WAITING
        at sun.misc.Unsafe.park(Native Method)
        at java.util.concurrent.locks.LockSupport.parkNanos(LockSupport.java:215)
        at java.util.concurrent.locks.AbstractQueuedSynchronizer$ConditionObject.awaitNanos(AbstractQueuedSynchronizer.java:2078)
        at java.util.concurrent.LinkedBlockingQueue.poll(LinkedBlockingQueue.java:467)
        at org.apache.hadoop.ipc.CallQueueManager.take(CallQueueManager.java:288)
        at org.apache.hadoop.ipc.Server$Handler.run(Server.java:2668)
"Datanode ReportManager Thread - 1" daemon prio=5 tid=172 in Object.wait()
java.lang.Thread.State: WAITING (on object monitor)
        at sun.misc.Unsafe.park(Native Method)
        at java.util.concurrent.locks.LockSupport.park(LockSupport.java:175)
        at java.util.concurrent.locks.AbstractQueuedSynchronizer$ConditionObject.await(AbstractQueuedSynchronizer.java:2039)
        at java.util.concurrent.ScheduledThreadPoolExecutor$DelayedWorkQueue.take(ScheduledThreadPoolExecutor.java:1088)
        at java.util.concurrent.ScheduledThreadPoolExecutor$DelayedWorkQueue.take(ScheduledThreadPoolExecutor.java:809)
        at java.util.concurrent.ThreadPoolExecutor.getTask(ThreadPoolExecutor.java:1074)
        at java.util.concurrent.ThreadPoolExecutor.runWorker(ThreadPoolExecutor.java:1134)
        at java.util.concurrent.ThreadPoolExecutor$Worker.run(ThreadPoolExecutor.java:624)
        at java.lang.Thread.run(Thread.java:748)
"pool-66-thread-11"  prio=5 tid=546 in Object.wait()
java.lang.Thread.State: WAITING (on object monitor)
        at sun.misc.Unsafe.park(Native Method)
        at java.util.concurrent.locks.LockSupport.park(LockSupport.java:175)
        at java.util.concurrent.locks.AbstractQueuedSynchronizer$ConditionObject.await(AbstractQueuedSynchronizer.java:2039)
        at java.util.concurrent.ArrayBlockingQueue.take(ArrayBlockingQueue.java:403)
        at java.util.concurrent.ThreadPoolExecutor.getTask(ThreadPoolExecutor.java:1074)
        at java.util.concurrent.ThreadPoolExecutor.runWorker(ThreadPoolExecutor.java:1134)
        at java.util.concurrent.ThreadPoolExecutor$Worker.run(ThreadPoolExecutor.java:624)
        at java.lang.Thread.run(Thread.java:748)
"EventQueue-PipelineReportForPipelineReportHandler" daemon prio=5 tid=603 in Object.wait()
java.lang.Thread.State: WAITING (on object monitor)
        at sun.misc.Unsafe.park(Native Method)
        at java.util.concurrent.locks.LockSupport.park(LockSupport.java:175)
        at java.util.concurrent.locks.AbstractQueuedSynchronizer$ConditionObject.await(AbstractQueuedSynchronizer.java:2039)
        at java.util.concurrent.LinkedBlockingQueue.take(LinkedBlockingQueue.java:442)
        at java.util.concurrent.ThreadPoolExecutor.getTask(ThreadPoolExecutor.java:1074)
        at java.util.concurrent.ThreadPoolExecutor.runWorker(ThreadPoolExecutor.java:1134)
        at java.util.concurrent.ThreadPoolExecutor$Worker.run(ThreadPoolExecutor.java:624)
        at java.lang.Thread.run(Thread.java:748)
"pool-66-thread-5"  prio=5 tid=540 in Object.wait()
java.lang.Thread.State: WAITING (on object monitor)
        at sun.misc.Unsafe.park(Native Method)
        at java.util.concurrent.locks.LockSupport.park(LockSupport.java:175)
        at java.util.concurrent.locks.AbstractQueuedSynchronizer$ConditionObject.await(AbstractQueuedSynchronizer.java:2039)
        at java.util.concurrent.ArrayBlockingQueue.take(ArrayBlockingQueue.java:403)
        at java.util.concurrent.ThreadPoolExecutor.getTask(ThreadPoolExecutor.java:1074)
        at java.util.concurrent.ThreadPoolExecutor.runWorker(ThreadPoolExecutor.java:1134)
        at java.util.concurrent.ThreadPoolExecutor$Worker.run(ThreadPoolExecutor.java:624)
        at java.lang.Thread.run(Thread.java:748)
"pool-66-thread-1"  prio=5 tid=536 in Object.wait()
java.lang.Thread.State: WAITING (on object monitor)
        at sun.misc.Unsafe.park(Native Method)
        at java.util.concurrent.locks.LockSupport.park(LockSupport.java:175)
        at java.util.concurrent.locks.AbstractQueuedSynchronizer$ConditionObject.await(AbstractQueuedSynchronizer.java:2039)
        at java.util.concurrent.ArrayBlockingQueue.take(ArrayBlockingQueue.java:403)
        at java.util.concurrent.ThreadPoolExecutor.getTask(ThreadPoolExecutor.java:1074)
        at java.util.concurrent.ThreadPoolExecutor.runWorker(ThreadPoolExecutor.java:1134)
        at java.util.concurrent.ThreadPoolExecutor$Worker.run(ThreadPoolExecutor.java:624)
        at java.lang.Thread.run(Thread.java:748)
"pool-36-thread-18"  prio=5 tid=364 in Object.wait()
java.lang.Thread.State: WAITING (on object monitor)
        at sun.misc.Unsafe.park(Native Method)
        at java.util.concurrent.locks.LockSupport.park(LockSupport.java:175)
        at java.util.concurrent.locks.AbstractQueuedSynchronizer$ConditionObject.await(AbstractQueuedSynchronizer.java:2039)
        at java.util.concurrent.ArrayBlockingQueue.take(ArrayBlockingQueue.java:403)
        at java.util.concurrent.ThreadPoolExecutor.getTask(ThreadPoolExecutor.java:1074)
        at java.util.concurrent.ThreadPoolExecutor.runWorker(ThreadPoolExecutor.java:1134)
        at java.util.concurrent.ThreadPoolExecutor$Worker.run(ThreadPoolExecutor.java:624)
        at java.lang.Thread.run(Thread.java:748)
"Periodic HDDS volume checker"  prio=5 tid=233 timed_waiting
java.lang.Thread.State: TIMED_WAITING
        at sun.misc.Unsafe.park(Native Method)
        at java.util.concurrent.locks.LockSupport.parkNanos(LockSupport.java:215)
        at java.util.concurrent.locks.AbstractQueuedSynchronizer$ConditionObject.awaitNanos(AbstractQueuedSynchronizer.java:2078)
        at java.util.concurrent.ScheduledThreadPoolExecutor$DelayedWorkQueue.take(ScheduledThreadPoolExecutor.java:1093)
        at java.util.concurrent.ScheduledThreadPoolExecutor$DelayedWorkQueue.take(ScheduledThreadPoolExecutor.java:809)
        at java.util.concurrent.ThreadPoolExecutor.getTask(ThreadPoolExecutor.java:1074)
        at java.util.concurrent.ThreadPoolExecutor.runWorker(ThreadPoolExecutor.java:1134)
        at java.util.concurrent.ThreadPoolExecutor$Worker.run(ThreadPoolExecutor.java:624)
        at java.lang.Thread.run(Thread.java:748)
"org.apache.hadoop.util.JvmPauseMonitor$Monitor@345e5a17" daemon prio=5 tid=102 timed_waiting
java.lang.Thread.State: TIMED_WAITING
        at java.lang.Thread.sleep(Native Method)
        at org.apache.hadoop.util.JvmPauseMonitor$Monitor.run(JvmPauseMonitor.java:192)
        at java.lang.Thread.run(Thread.java:748)
"pool-66-thread-53"  prio=5 tid=588 in Object.wait()
java.lang.Thread.State: WAITING (on object monitor)
        at sun.misc.Unsafe.park(Native Method)
        at java.util.concurrent.locks.LockSupport.park(LockSupport.java:175)
        at java.util.concurrent.locks.AbstractQueuedSynchronizer$ConditionObject.await(AbstractQueuedSynchronizer.java:2039)
        at java.util.concurrent.ArrayBlockingQueue.take(ArrayBlockingQueue.java:403)
        at java.util.concurrent.ThreadPoolExecutor.getTask(ThreadPoolExecutor.java:1074)
        at java.util.concurrent.ThreadPoolExecutor.runWorker(ThreadPoolExecutor.java:1134)
        at java.util.concurrent.ThreadPoolExecutor$Worker.run(ThreadPoolExecutor.java:624)
        at java.lang.Thread.run(Thread.java:748)
"pool-56-thread-26"  prio=5 tid=499 in Object.wait()
java.lang.Thread.State: WAITING (on object monitor)
        at sun.misc.Unsafe.park(Native Method)
        at java.util.concurrent.locks.LockSupport.park(LockSupport.java:175)
        at java.util.concurrent.locks.AbstractQueuedSynchronizer$ConditionObject.await(AbstractQueuedSynchronizer.java:2039)
        at java.util.concurrent.ArrayBlockingQueue.take(ArrayBlockingQueue.java:403)
        at java.util.concurrent.ThreadPoolExecutor.getTask(ThreadPoolExecutor.java:1074)
        at java.util.concurrent.ThreadPoolExecutor.runWorker(ThreadPoolExecutor.java:1134)
        at java.util.concurrent.ThreadPoolExecutor$Worker.run(ThreadPoolExecutor.java:624)
        at java.lang.Thread.run(Thread.java:748)
"pool-56-thread-55"  prio=5 tid=528 in Object.wait()
java.lang.Thread.State: WAITING (on object monitor)
        at sun.misc.Unsafe.park(Native Method)
        at java.util.concurrent.locks.LockSupport.park(LockSupport.java:175)
        at java.util.concurrent.locks.AbstractQueuedSynchronizer$ConditionObject.await(AbstractQueuedSynchronizer.java:2039)
        at java.util.concurrent.ArrayBlockingQueue.take(ArrayBlockingQueue.java:403)
        at java.util.concurrent.ThreadPoolExecutor.getTask(ThreadPoolExecutor.java:1074)
        at java.util.concurrent.ThreadPoolExecutor.runWorker(ThreadPoolExecutor.java:1134)
        at java.util.concurrent.ThreadPoolExecutor$Worker.run(ThreadPoolExecutor.java:624)
        at java.lang.Thread.run(Thread.java:748)
"pool-70-thread-1"  prio=5 tid=266 timed_waiting
java.lang.Thread.State: TIMED_WAITING
        at sun.misc.Unsafe.park(Native Method)
        at java.util.concurrent.locks.LockSupport.parkNanos(LockSupport.java:215)
        at java.util.concurrent.locks.AbstractQueuedSynchronizer$ConditionObject.awaitNanos(AbstractQueuedSynchronizer.java:2078)
        at java.util.concurrent.ScheduledThreadPoolExecutor$DelayedWorkQueue.take(ScheduledThreadPoolExecutor.java:1093)
        at java.util.concurrent.ScheduledThreadPoolExecutor$DelayedWorkQueue.take(ScheduledThreadPoolExecutor.java:809)
        at java.util.concurrent.ThreadPoolExecutor.getTask(ThreadPoolExecutor.java:1074)
        at java.util.concurrent.ThreadPoolExecutor.runWorker(ThreadPoolExecutor.java:1134)
        at java.util.concurrent.ThreadPoolExecutor$Worker.run(ThreadPoolExecutor.java:624)
        at java.lang.Thread.run(Thread.java:748)
"qtp1043358826-90-acceptor-0@6a1a9794-ServerConnector@285f09de{HTTP/1.1,[http/1.1]}{0.0.0.0:44482}" daemon prio=3 tid=90 runnable
java.lang.Thread.State: RUNNABLE
        at sun.nio.ch.ServerSocketChannelImpl.accept0(Native Method)
        at sun.nio.ch.ServerSocketChannelImpl.accept(ServerSocketChannelImpl.java:422)
        at sun.nio.ch.ServerSocketChannelImpl.accept(ServerSocketChannelImpl.java:250)
        at org.eclipse.jetty.server.ServerConnector.accept(ServerConnector.java:397)
        at org.eclipse.jetty.server.AbstractConnector$Acceptor.run(AbstractConnector.java:601)
        at org.eclipse.jetty.util.thread.QueuedThreadPool.runJob(QueuedThreadPool.java:671)
        at org.eclipse.jetty.util.thread.QueuedThreadPool$2.run(QueuedThreadPool.java:589)
        at java.lang.Thread.run(Thread.java:748)
"pool-46-thread-34"  prio=5 tid=440 in Object.wait()
java.lang.Thread.State: WAITING (on object monitor)
        at sun.misc.Unsafe.park(Native Method)
        at java.util.concurrent.locks.LockSupport.park(LockSupport.java:175)
        at java.util.concurrent.locks.AbstractQueuedSynchronizer$ConditionObject.await(AbstractQueuedSynchronizer.java:2039)
        at java.util.concurrent.ArrayBlockingQueue.take(ArrayBlockingQueue.java:403)
        at java.util.concurrent.ThreadPoolExecutor.getTask(ThreadPoolExecutor.java:1074)
        at java.util.concurrent.ThreadPoolExecutor.runWorker(ThreadPoolExecutor.java:1134)
        at java.util.concurrent.ThreadPoolExecutor$Worker.run(ThreadPoolExecutor.java:624)
        at java.lang.Thread.run(Thread.java:748)
"metrics-hadoop-metrics2-reporter-28-thread-1" daemon prio=5 tid=685 timed_waiting
java.lang.Thread.State: TIMED_WAITING
        at sun.misc.Unsafe.park(Native Method)
        at java.util.concurrent.locks.LockSupport.parkNanos(LockSupport.java:215)
        at java.util.concurrent.locks.AbstractQueuedSynchronizer$ConditionObject.awaitNanos(AbstractQueuedSynchronizer.java:2078)
        at java.util.concurrent.ScheduledThreadPoolExecutor$DelayedWorkQueue.take(ScheduledThreadPoolExecutor.java:1093)
        at java.util.concurrent.ScheduledThreadPoolExecutor$DelayedWorkQueue.take(ScheduledThreadPoolExecutor.java:809)
        at java.util.concurrent.ThreadPoolExecutor.getTask(ThreadPoolExecutor.java:1074)
        at java.util.concurrent.ThreadPoolExecutor.runWorker(ThreadPoolExecutor.java:1134)
        at java.util.concurrent.ThreadPoolExecutor$Worker.run(ThreadPoolExecutor.java:624)
        at java.lang.Thread.run(Thread.java:748)
"pool-46-thread-45"  prio=5 tid=451 in Object.wait()
java.lang.Thread.State: WAITING (on object monitor)
        at sun.misc.Unsafe.park(Native Method)
        at java.util.concurrent.locks.LockSupport.park(LockSupport.java:175)
        at java.util.concurrent.locks.AbstractQueuedSynchronizer$ConditionObject.await(AbstractQueuedSynchronizer.java:2039)
        at java.util.concurrent.ArrayBlockingQueue.take(ArrayBlockingQueue.java:403)
        at java.util.concurrent.ThreadPoolExecutor.getTask(ThreadPoolExecutor.java:1074)
        at java.util.concurrent.ThreadPoolExecutor.runWorker(ThreadPoolExecutor.java:1134)
        at java.util.concurrent.ThreadPoolExecutor$Worker.run(ThreadPoolExecutor.java:624)
        at java.lang.Thread.run(Thread.java:748)
"qtp650859015-166" daemon prio=5 tid=166 timed_waiting
java.lang.Thread.State: TIMED_WAITING
        at sun.misc.Unsafe.park(Native Method)
        at java.util.concurrent.locks.LockSupport.parkNanos(LockSupport.java:215)
        at java.util.concurrent.locks.AbstractQueuedSynchronizer$ConditionObject.awaitNanos(AbstractQueuedSynchronizer.java:2078)
        at org.eclipse.jetty.util.BlockingArrayQueue.poll(BlockingArrayQueue.java:392)
        at org.eclipse.jetty.util.thread.QueuedThreadPool.idleJobPoll(QueuedThreadPool.java:563)
        at org.eclipse.jetty.util.thread.QueuedThreadPool.access$800(QueuedThreadPool.java:48)
        at org.eclipse.jetty.util.thread.QueuedThreadPool$2.run(QueuedThreadPool.java:626)
        at java.lang.Thread.run(Thread.java:748)
"IPC Server handler 17 on 35444" daemon prio=5 tid=132 timed_waiting
java.lang.Thread.State: TIMED_WAITING
        at sun.misc.Unsafe.park(Native Method)
        at java.util.concurrent.locks.LockSupport.parkNanos(LockSupport.java:215)
        at java.util.concurrent.locks.AbstractQueuedSynchronizer$ConditionObject.awaitNanos(AbstractQueuedSynchronizer.java:2078)
        at java.util.concurrent.LinkedBlockingQueue.poll(LinkedBlockingQueue.java:467)
        at org.apache.hadoop.ipc.CallQueueManager.take(CallQueueManager.java:288)
        at org.apache.hadoop.ipc.Server$Handler.run(Server.java:2668)
"org.eclipse.jetty.server.session.HashSessionManager@70abf9b0Timer" daemon prio=5 tid=146 timed_waiting
java.lang.Thread.State: TIMED_WAITING
        at sun.misc.Unsafe.park(Native Method)
        at java.util.concurrent.locks.LockSupport.parkNanos(LockSupport.java:215)
        at java.util.concurrent.locks.AbstractQueuedSynchronizer$ConditionObject.awaitNanos(AbstractQueuedSynchronizer.java:2078)
        at java.util.concurrent.ScheduledThreadPoolExecutor$DelayedWorkQueue.take(ScheduledThreadPoolExecutor.java:1093)
        at java.util.concurrent.ScheduledThreadPoolExecutor$DelayedWorkQueue.take(ScheduledThreadPoolExecutor.java:809)
        at java.util.concurrent.ThreadPoolExecutor.getTask(ThreadPoolExecutor.java:1074)
        at java.util.concurrent.ThreadPoolExecutor.runWorker(ThreadPoolExecutor.java:1134)
        at java.util.concurrent.ThreadPoolExecutor$Worker.run(ThreadPoolExecutor.java:624)
        at java.lang.Thread.run(Thread.java:748)
"IPC Server handler 13 on 35444" daemon prio=5 tid=127 timed_waiting
java.lang.Thread.State: TIMED_WAITING
        at sun.misc.Unsafe.park(Native Method)
        at java.util.concurrent.locks.LockSupport.parkNanos(LockSupport.java:215)
        at java.util.concurrent.locks.AbstractQueuedSynchronizer$ConditionObject.awaitNanos(AbstractQueuedSynchronizer.java:2078)
        at java.util.concurrent.LinkedBlockingQueue.poll(LinkedBlockingQueue.java:467)
        at org.apache.hadoop.ipc.CallQueueManager.take(CallQueueManager.java:288)
        at org.apache.hadoop.ipc.Server$Handler.run(Server.java:2668)
"pool-26-thread-32"  prio=5 tid=318 in Object.wait()
java.lang.Thread.State: WAITING (on object monitor)
        at sun.misc.Unsafe.park(Native Method)
        at java.util.concurrent.locks.LockSupport.park(LockSupport.java:175)
        at java.util.concurrent.locks.AbstractQueuedSynchronizer$ConditionObject.await(AbstractQueuedSynchronizer.java:2039)
        at java.util.concurrent.ArrayBlockingQueue.take(ArrayBlockingQueue.java:403)
        at java.util.concurrent.ThreadPoolExecutor.getTask(ThreadPoolExecutor.java:1074)
        at java.util.concurrent.ThreadPoolExecutor.runWorker(ThreadPoolExecutor.java:1134)
        at java.util.concurrent.ThreadPoolExecutor$Worker.run(ThreadPoolExecutor.java:624)
        at java.lang.Thread.run(Thread.java:748)
"pool-36-thread-47"  prio=5 tid=393 in Object.wait()
java.lang.Thread.State: WAITING (on object monitor)
        at sun.misc.Unsafe.park(Native Method)
        at java.util.concurrent.locks.LockSupport.park(LockSupport.java:175)
        at java.util.concurrent.locks.AbstractQueuedSynchronizer$ConditionObject.await(AbstractQueuedSynchronizer.java:2039)
        at java.util.concurrent.ArrayBlockingQueue.take(ArrayBlockingQueue.java:403)
        at java.util.concurrent.ThreadPoolExecutor.getTask(ThreadPoolExecutor.java:1074)
        at java.util.concurrent.ThreadPoolExecutor.runWorker(ThreadPoolExecutor.java:1134)
        at java.util.concurrent.ThreadPoolExecutor$Worker.run(ThreadPoolExecutor.java:624)
        at java.lang.Thread.run(Thread.java:748)
"IPC Server handler 2 on 40923" daemon prio=5 tid=31 timed_waiting
java.lang.Thread.State: TIMED_WAITING
        at sun.misc.Unsafe.park(Native Method)
        at java.util.concurrent.locks.LockSupport.parkNanos(LockSupport.java:215)
        at java.util.concurrent.locks.AbstractQueuedSynchronizer$ConditionObject.awaitNanos(AbstractQueuedSynchronizer.java:2078)
        at java.util.concurrent.LinkedBlockingQueue.poll(LinkedBlockingQueue.java:467)
        at org.apache.hadoop.ipc.CallQueueManager.take(CallQueueManager.java:288)
        at org.apache.hadoop.ipc.Server$Handler.run(Server.java:2668)
"IPC Server listener on 35444" daemon prio=5 tid=107 runnable
java.lang.Thread.State: RUNNABLE
        at sun.nio.ch.EPollArrayWrapper.epollWait(Native Method)
        at sun.nio.ch.EPollArrayWrapper.poll(EPollArrayWrapper.java:269)
        at sun.nio.ch.EPollSelectorImpl.doSelect(EPollSelectorImpl.java:93)
        at sun.nio.ch.SelectorImpl.lockAndDoSelect(SelectorImpl.java:86)
        at sun.nio.ch.SelectorImpl.select(SelectorImpl.java:97)
        at sun.nio.ch.SelectorImpl.select(SelectorImpl.java:101)
        at org.apache.hadoop.ipc.Server$Listener.run(Server.java:1159)
"pool-46-thread-51"  prio=5 tid=457 in Object.wait()
java.lang.Thread.State: WAITING (on object monitor)
        at sun.misc.Unsafe.park(Native Method)
        at java.util.concurrent.locks.LockSupport.park(LockSupport.java:175)
        at java.util.concurrent.locks.AbstractQueuedSynchronizer$ConditionObject.await(AbstractQueuedSynchronizer.java:2039)
        at java.util.concurrent.ArrayBlockingQueue.take(ArrayBlockingQueue.java:403)
        at java.util.concurrent.ThreadPoolExecutor.getTask(ThreadPoolExecutor.java:1074)
        at java.util.concurrent.ThreadPoolExecutor.runWorker(ThreadPoolExecutor.java:1134)
        at java.util.concurrent.ThreadPoolExecutor$Worker.run(ThreadPoolExecutor.java:624)
        at java.lang.Thread.run(Thread.java:748)
"pool-46-thread-59"  prio=5 tid=465 in Object.wait()
java.lang.Thread.State: WAITING (on object monitor)
        at sun.misc.Unsafe.park(Native Method)
        at java.util.concurrent.locks.LockSupport.park(LockSupport.java:175)
        at java.util.concurrent.locks.AbstractQueuedSynchronizer$ConditionObject.await(AbstractQueuedSynchronizer.java:2039)
        at java.util.concurrent.ArrayBlockingQueue.take(ArrayBlockingQueue.java:403)
        at java.util.concurrent.ThreadPoolExecutor.getTask(ThreadPoolExecutor.java:1074)
        at java.util.concurrent.ThreadPoolExecutor.runWorker(ThreadPoolExecutor.java:1134)
        at java.util.concurrent.ThreadPoolExecutor$Worker.run(ThreadPoolExecutor.java:624)
        at java.lang.Thread.run(Thread.java:748)
"IPC Server handler 6 on 35444" daemon prio=5 tid=120 timed_waiting
java.lang.Thread.State: TIMED_WAITING
        at sun.misc.Unsafe.park(Native Method)
        at java.util.concurrent.locks.LockSupport.parkNanos(LockSupport.java:215)
        at java.util.concurrent.locks.AbstractQueuedSynchronizer$ConditionObject.awaitNanos(AbstractQueuedSynchronizer.java:2078)
        at java.util.concurrent.LinkedBlockingQueue.poll(LinkedBlockingQueue.java:467)
        at org.apache.hadoop.ipc.CallQueueManager.take(CallQueueManager.java:288)
        at org.apache.hadoop.ipc.Server$Handler.run(Server.java:2668)
"java.util.concurrent.ThreadPoolExecutor$Worker@314d46fb[State = -1, empty queue]" daemon prio=5 tid=821 timed_waiting
java.lang.Thread.State: TIMED_WAITING
        at sun.misc.Unsafe.park(Native Method)
        at java.util.concurrent.locks.LockSupport.parkNanos(LockSupport.java:215)
        at java.util.concurrent.locks.AbstractQueuedSynchronizer$ConditionObject.awaitNanos(AbstractQueuedSynchronizer.java:2078)
        at java.util.concurrent.ScheduledThreadPoolExecutor$DelayedWorkQueue.take(ScheduledThreadPoolExecutor.java:1093)
        at java.util.concurrent.ScheduledThreadPoolExecutor$DelayedWorkQueue.take(ScheduledThreadPoolExecutor.java:809)
        at java.util.concurrent.ThreadPoolExecutor.getTask(ThreadPoolExecutor.java:1074)
        at java.util.concurrent.ThreadPoolExecutor.runWorker(ThreadPoolExecutor.java:1134)
        at java.util.concurrent.ThreadPoolExecutor$Worker.run(ThreadPoolExecutor.java:624)
        at java.lang.Thread.run(Thread.java:748)
"pool-46-thread-33"  prio=5 tid=439 in Object.wait()
java.lang.Thread.State: WAITING (on object monitor)
        at sun.misc.Unsafe.park(Native Method)
        at java.util.concurrent.locks.LockSupport.park(LockSupport.java:175)
        at java.util.concurrent.locks.AbstractQueuedSynchronizer$ConditionObject.await(AbstractQueuedSynchronizer.java:2039)
        at java.util.concurrent.ArrayBlockingQueue.take(ArrayBlockingQueue.java:403)
        at java.util.concurrent.ThreadPoolExecutor.getTask(ThreadPoolExecutor.java:1074)
        at java.util.concurrent.ThreadPoolExecutor.runWorker(ThreadPoolExecutor.java:1134)
        at java.util.concurrent.ThreadPoolExecutor$Worker.run(ThreadPoolExecutor.java:624)
        at java.lang.Thread.run(Thread.java:748)
"pool-36-thread-15"  prio=5 tid=361 in Object.wait()
java.lang.Thread.State: WAITING (on object monitor)
        at sun.misc.Unsafe.park(Native Method)
        at java.util.concurrent.locks.LockSupport.park(LockSupport.java:175)
        at java.util.concurrent.locks.AbstractQueuedSynchronizer$ConditionObject.await(AbstractQueuedSynchronizer.java:2039)
        at java.util.concurrent.ArrayBlockingQueue.take(ArrayBlockingQueue.java:403)
        at java.util.concurrent.ThreadPoolExecutor.getTask(ThreadPoolExecutor.java:1074)
        at java.util.concurrent.ThreadPoolExecutor.runWorker(ThreadPoolExecutor.java:1134)
        at java.util.concurrent.ThreadPoolExecutor$Worker.run(ThreadPoolExecutor.java:624)
        at java.lang.Thread.run(Thread.java:748)
"pool-56-thread-35"  prio=5 tid=508 in Object.wait()
java.lang.Thread.State: WAITING (on object monitor)
        at sun.misc.Unsafe.park(Native Method)
        at java.util.concurrent.locks.LockSupport.park(LockSupport.java:175)
        at java.util.concurrent.locks.AbstractQueuedSynchronizer$ConditionObject.await(AbstractQueuedSynchronizer.java:2039)
        at java.util.concurrent.ArrayBlockingQueue.take(ArrayBlockingQueue.java:403)
        at java.util.concurrent.ThreadPoolExecutor.getTask(ThreadPoolExecutor.java:1074)
        at java.util.concurrent.ThreadPoolExecutor.runWorker(ThreadPoolExecutor.java:1134)
        at java.util.concurrent.ThreadPoolExecutor$Worker.run(ThreadPoolExecutor.java:624)
        at java.lang.Thread.run(Thread.java:748)
"metrics-hadoop-metrics2-reporter-11-thread-1" daemon prio=5 tid=638 timed_waiting
java.lang.Thread.State: TIMED_WAITING
        at sun.misc.Unsafe.park(Native Method)
        at java.util.concurrent.locks.LockSupport.parkNanos(LockSupport.java:215)
        at java.util.concurrent.locks.AbstractQueuedSynchronizer$ConditionObject.awaitNanos(AbstractQueuedSynchronizer.java:2078)
        at java.util.concurrent.ScheduledThreadPoolExecutor$DelayedWorkQueue.take(ScheduledThreadPoolExecutor.java:1093)
        at java.util.concurrent.ScheduledThreadPoolExecutor$DelayedWorkQueue.take(ScheduledThreadPoolExecutor.java:809)
        at java.util.concurrent.ThreadPoolExecutor.getTask(ThreadPoolExecutor.java:1074)
        at java.util.concurrent.ThreadPoolExecutor.runWorker(ThreadPoolExecutor.java:1134)
        at java.util.concurrent.ThreadPoolExecutor$Worker.run(ThreadPoolExecutor.java:624)
        at java.lang.Thread.run(Thread.java:748)
"process reaper" daemon prio=10 tid=10 timed_waiting
java.lang.Thread.State: TIMED_WAITING
        at sun.misc.Unsafe.park(Native Method)
        at java.util.concurrent.locks.LockSupport.parkNanos(LockSupport.java:215)
        at java.util.concurrent.SynchronousQueue$TransferStack.awaitFulfill(SynchronousQueue.java:460)
        at java.util.concurrent.SynchronousQueue$TransferStack.transfer(SynchronousQueue.java:362)
        at java.util.concurrent.SynchronousQueue.poll(SynchronousQueue.java:941)
        at java.util.concurrent.ThreadPoolExecutor.getTask(ThreadPoolExecutor.java:1073)
        at java.util.concurrent.ThreadPoolExecutor.runWorker(ThreadPoolExecutor.java:1134)
        at java.util.concurrent.ThreadPoolExecutor$Worker.run(ThreadPoolExecutor.java:624)
        at java.lang.Thread.run(Thread.java:748)
"pool-56-thread-15"  prio=5 tid=488 in Object.wait()
java.lang.Thread.State: WAITING (on object monitor)
        at sun.misc.Unsafe.park(Native Method)
        at java.util.concurrent.locks.LockSupport.park(LockSupport.java:175)
        at java.util.concurrent.locks.AbstractQueuedSynchronizer$ConditionObject.await(AbstractQueuedSynchronizer.java:2039)
        at java.util.concurrent.ArrayBlockingQueue.take(ArrayBlockingQueue.java:403)
        at java.util.concurrent.ThreadPoolExecutor.getTask(ThreadPoolExecutor.java:1074)
        at java.util.concurrent.ThreadPoolExecutor.runWorker(ThreadPoolExecutor.java:1134)
        at java.util.concurrent.ThreadPoolExecutor$Worker.run(ThreadPoolExecutor.java:624)
        at java.lang.Thread.run(Thread.java:748)
"pool-26-thread-31"  prio=5 tid=317 in Object.wait()
java.lang.Thread.State: WAITING (on object monitor)
        at sun.misc.Unsafe.park(Native Method)
        at java.util.concurrent.locks.LockSupport.park(LockSupport.java:175)
        at java.util.concurrent.locks.AbstractQueuedSynchronizer$ConditionObject.await(AbstractQueuedSynchronizer.java:2039)
        at java.util.concurrent.ArrayBlockingQueue.take(ArrayBlockingQueue.java:403)
        at java.util.concurrent.ThreadPoolExecutor.getTask(ThreadPoolExecutor.java:1074)
        at java.util.concurrent.ThreadPoolExecutor.runWorker(ThreadPoolExecutor.java:1134)
        at java.util.concurrent.ThreadPoolExecutor$Worker.run(ThreadPoolExecutor.java:624)
        at java.lang.Thread.run(Thread.java:748)
"metrics-hadoop-metrics2-reporter-38-thread-1" daemon prio=5 tid=781 timed_waiting
java.lang.Thread.State: TIMED_WAITING
        at sun.misc.Unsafe.park(Native Method)
        at java.util.concurrent.locks.LockSupport.parkNanos(LockSupport.java:215)
        at java.util.concurrent.locks.AbstractQueuedSynchronizer$ConditionObject.awaitNanos(AbstractQueuedSynchronizer.java:2078)
        at java.util.concurrent.ScheduledThreadPoolExecutor$DelayedWorkQueue.take(ScheduledThreadPoolExecutor.java:1093)
        at java.util.concurrent.ScheduledThreadPoolExecutor$DelayedWorkQueue.take(ScheduledThreadPoolExecutor.java:809)
        at java.util.concurrent.ThreadPoolExecutor.getTask(ThreadPoolExecutor.java:1074)
        at java.util.concurrent.ThreadPoolExecutor.runWorker(ThreadPoolExecutor.java:1134)
        at java.util.concurrent.ThreadPoolExecutor$Worker.run(ThreadPoolExecutor.java:624)
        at java.lang.Thread.run(Thread.java:748)
"pool-46-thread-49"  prio=5 tid=455 in Object.wait()
java.lang.Thread.State: WAITING (on object monitor)
        at sun.misc.Unsafe.park(Native Method)
        at java.util.concurrent.locks.LockSupport.park(LockSupport.java:175)
        at java.util.concurrent.locks.AbstractQueuedSynchronizer$ConditionObject.await(AbstractQueuedSynchronizer.java:2039)
        at java.util.concurrent.ArrayBlockingQueue.take(ArrayBlockingQueue.java:403)
        at java.util.concurrent.ThreadPoolExecutor.getTask(ThreadPoolExecutor.java:1074)
        at java.util.concurrent.ThreadPoolExecutor.runWorker(ThreadPoolExecutor.java:1134)
        at java.util.concurrent.ThreadPoolExecutor$Worker.run(ThreadPoolExecutor.java:624)
        at java.lang.Thread.run(Thread.java:748)
"pool-36-thread-11"  prio=5 tid=357 in Object.wait()
java.lang.Thread.State: WAITING (on object monitor)
        at sun.misc.Unsafe.park(Native Method)
        at java.util.concurrent.locks.LockSupport.park(LockSupport.java:175)
        at java.util.concurrent.locks.AbstractQueuedSynchronizer$ConditionObject.await(AbstractQueuedSynchronizer.java:2039)
        at java.util.concurrent.ArrayBlockingQueue.take(ArrayBlockingQueue.java:403)
        at java.util.concurrent.ThreadPoolExecutor.getTask(ThreadPoolExecutor.java:1074)
        at java.util.concurrent.ThreadPoolExecutor.runWorker(ThreadPoolExecutor.java:1134)
        at java.util.concurrent.ThreadPoolExecutor$Worker.run(ThreadPoolExecutor.java:624)
        at java.lang.Thread.run(Thread.java:748)
"IPC Server handler 10 on 40923" daemon prio=5 tid=39 timed_waiting
java.lang.Thread.State: TIMED_WAITING
        at sun.misc.Unsafe.park(Native Method)
        at java.util.concurrent.locks.LockSupport.parkNanos(LockSupport.java:215)
        at java.util.concurrent.locks.AbstractQueuedSynchronizer$ConditionObject.awaitNanos(AbstractQueuedSynchronizer.java:2078)
        at java.util.concurrent.LinkedBlockingQueue.poll(LinkedBlockingQueue.java:467)
        at org.apache.hadoop.ipc.CallQueueManager.take(CallQueueManager.java:288)
        at org.apache.hadoop.ipc.Server$Handler.run(Server.java:2668)
"pool-36-thread-19"  prio=5 tid=365 in Object.wait()
java.lang.Thread.State: WAITING (on object monitor)
        at sun.misc.Unsafe.park(Native Method)
        at java.util.concurrent.locks.LockSupport.park(LockSupport.java:175)
        at java.util.concurrent.locks.AbstractQueuedSynchronizer$ConditionObject.await(AbstractQueuedSynchronizer.java:2039)
        at java.util.concurrent.ArrayBlockingQueue.take(ArrayBlockingQueue.java:403)
        at java.util.concurrent.ThreadPoolExecutor.getTask(ThreadPoolExecutor.java:1074)
        at java.util.concurrent.ThreadPoolExecutor.runWorker(ThreadPoolExecutor.java:1134)
        at java.util.concurrent.ThreadPoolExecutor$Worker.run(ThreadPoolExecutor.java:624)
        at java.lang.Thread.run(Thread.java:748)
"IPC Server handler 17 on 33004" daemon prio=5 tid=86 timed_waiting
java.lang.Thread.State: TIMED_WAITING
        at sun.misc.Unsafe.park(Native Method)
        at java.util.concurrent.locks.LockSupport.parkNanos(LockSupport.java:215)
        at java.util.concurrent.locks.AbstractQueuedSynchronizer$ConditionObject.awaitNanos(AbstractQueuedSynchronizer.java:2078)
        at java.util.concurrent.LinkedBlockingQueue.poll(LinkedBlockingQueue.java:467)
        at org.apache.hadoop.ipc.CallQueueManager.take(CallQueueManager.java:288)
        at org.apache.hadoop.ipc.Server$Handler.run(Server.java:2668)
"org.eclipse.jetty.server.session.HashSessionManager@1a1f5f71Timer" daemon prio=5 tid=276 timed_waiting
java.lang.Thread.State: TIMED_WAITING
        at sun.misc.Unsafe.park(Native Method)
        at java.util.concurrent.locks.LockSupport.parkNanos(LockSupport.java:215)
        at java.util.concurrent.locks.AbstractQueuedSynchronizer$ConditionObject.awaitNanos(AbstractQueuedSynchronizer.java:2078)
        at java.util.concurrent.ScheduledThreadPoolExecutor$DelayedWorkQueue.take(ScheduledThreadPoolExecutor.java:1093)
        at java.util.concurrent.ScheduledThreadPoolExecutor$DelayedWorkQueue.take(ScheduledThreadPoolExecutor.java:809)
        at java.util.concurrent.ThreadPoolExecutor.getTask(ThreadPoolExecutor.java:1074)
        at java.util.concurrent.ThreadPoolExecutor.runWorker(ThreadPoolExecutor.java:1134)
        at java.util.concurrent.ThreadPoolExecutor$Worker.run(ThreadPoolExecutor.java:624)
        at java.lang.Thread.run(Thread.java:748)
"pool-36-thread-39"  prio=5 tid=385 in Object.wait()
java.lang.Thread.State: WAITING (on object monitor)
        at sun.misc.Unsafe.park(Native Method)
        at java.util.concurrent.locks.LockSupport.park(LockSupport.java:175)
        at java.util.concurrent.locks.AbstractQueuedSynchronizer$ConditionObject.await(AbstractQueuedSynchronizer.java:2039)
        at java.util.concurrent.ArrayBlockingQueue.take(ArrayBlockingQueue.java:403)
        at java.util.concurrent.ThreadPoolExecutor.getTask(ThreadPoolExecutor.java:1074)
        at java.util.concurrent.ThreadPoolExecutor.runWorker(ThreadPoolExecutor.java:1134)
        at java.util.concurrent.ThreadPoolExecutor$Worker.run(ThreadPoolExecutor.java:624)
        at java.lang.Thread.run(Thread.java:748)
"IPC Server listener on 46821" daemon prio=5 tid=18 runnable
java.lang.Thread.State: RUNNABLE
        at sun.nio.ch.EPollArrayWrapper.epollWait(Native Method)
        at sun.nio.ch.EPollArrayWrapper.poll(EPollArrayWrapper.java:269)
        at sun.nio.ch.EPollSelectorImpl.doSelect(EPollSelectorImpl.java:93)
        at sun.nio.ch.SelectorImpl.lockAndDoSelect(SelectorImpl.java:86)
        at sun.nio.ch.SelectorImpl.select(SelectorImpl.java:97)
        at sun.nio.ch.SelectorImpl.select(SelectorImpl.java:101)
        at org.apache.hadoop.ipc.Server$Listener.run(Server.java:1159)
"IPC Server handler 4 on 40923" daemon prio=5 tid=33 timed_waiting
java.lang.Thread.State: TIMED_WAITING
        at sun.misc.Unsafe.park(Native Method)
        at java.util.concurrent.locks.LockSupport.parkNanos(LockSupport.java:215)
        at java.util.concurrent.locks.AbstractQueuedSynchronizer$ConditionObject.awaitNanos(AbstractQueuedSynchronizer.java:2078)
        at java.util.concurrent.LinkedBlockingQueue.poll(LinkedBlockingQueue.java:467)
        at org.apache.hadoop.ipc.CallQueueManager.take(CallQueueManager.java:288)
        at org.apache.hadoop.ipc.Server$Handler.run(Server.java:2668)
"org.eclipse.jetty.server.session.HashSessionManager@77bbadcTimer" daemon prio=5 tid=167 timed_waiting
java.lang.Thread.State: TIMED_WAITING
        at sun.misc.Unsafe.park(Native Method)
        at java.util.concurrent.locks.LockSupport.parkNanos(LockSupport.java:215)
        at java.util.concurrent.locks.AbstractQueuedSynchronizer$ConditionObject.awaitNanos(AbstractQueuedSynchronizer.java:2078)
        at java.util.concurrent.ScheduledThreadPoolExecutor$DelayedWorkQueue.take(ScheduledThreadPoolExecutor.java:1093)
        at java.util.concurrent.ScheduledThreadPoolExecutor$DelayedWorkQueue.take(ScheduledThreadPoolExecutor.java:809)
        at java.util.concurrent.ThreadPoolExecutor.getTask(ThreadPoolExecutor.java:1074)
        at java.util.concurrent.ThreadPoolExecutor.runWorker(ThreadPoolExecutor.java:1134)
        at java.util.concurrent.ThreadPoolExecutor$Worker.run(ThreadPoolExecutor.java:624)
        at java.lang.Thread.run(Thread.java:748)
"pool-56-thread-43"  prio=5 tid=516 in Object.wait()
java.lang.Thread.State: WAITING (on object monitor)
        at sun.misc.Unsafe.park(Native Method)
        at java.util.concurrent.locks.LockSupport.park(LockSupport.java:175)
        at java.util.concurrent.locks.AbstractQueuedSynchronizer$ConditionObject.await(AbstractQueuedSynchronizer.java:2039)
        at java.util.concurrent.ArrayBlockingQueue.take(ArrayBlockingQueue.java:403)
        at java.util.concurrent.ThreadPoolExecutor.getTask(ThreadPoolExecutor.java:1074)
        at java.util.concurrent.ThreadPoolExecutor.runWorker(ThreadPoolExecutor.java:1134)
        at java.util.concurrent.ThreadPoolExecutor$Worker.run(ThreadPoolExecutor.java:624)
        at java.lang.Thread.run(Thread.java:748)
"pool-46-thread-16"  prio=5 tid=422 in Object.wait()
java.lang.Thread.State: WAITING (on object monitor)
        at sun.misc.Unsafe.park(Native Method)
        at java.util.concurrent.locks.LockSupport.park(LockSupport.java:175)
        at java.util.concurrent.locks.AbstractQueuedSynchronizer$ConditionObject.await(AbstractQueuedSynchronizer.java:2039)
        at java.util.concurrent.ArrayBlockingQueue.take(ArrayBlockingQueue.java:403)
        at java.util.concurrent.ThreadPoolExecutor.getTask(ThreadPoolExecutor.java:1074)
        at java.util.concurrent.ThreadPoolExecutor.runWorker(ThreadPoolExecutor.java:1134)
        at java.util.concurrent.ThreadPoolExecutor$Worker.run(ThreadPoolExecutor.java:624)
        at java.lang.Thread.run(Thread.java:748)
"pool-26-thread-27"  prio=5 tid=313 in Object.wait()
java.lang.Thread.State: WAITING (on object monitor)
        at sun.misc.Unsafe.park(Native Method)
        at java.util.concurrent.locks.LockSupport.park(LockSupport.java:175)
        at java.util.concurrent.locks.AbstractQueuedSynchronizer$ConditionObject.await(AbstractQueuedSynchronizer.java:2039)
        at java.util.concurrent.ArrayBlockingQueue.take(ArrayBlockingQueue.java:403)
        at java.util.concurrent.ThreadPoolExecutor.getTask(ThreadPoolExecutor.java:1074)
        at java.util.concurrent.ThreadPoolExecutor.runWorker(ThreadPoolExecutor.java:1134)
        at java.util.concurrent.ThreadPoolExecutor$Worker.run(ThreadPoolExecutor.java:624)
        at java.lang.Thread.run(Thread.java:748)
"pool-46-thread-10"  prio=5 tid=416 in Object.wait()
java.lang.Thread.State: WAITING (on object monitor)
        at sun.misc.Unsafe.park(Native Method)
        at java.util.concurrent.locks.LockSupport.park(LockSupport.java:175)
        at java.util.concurrent.locks.AbstractQueuedSynchronizer$ConditionObject.await(AbstractQueuedSynchronizer.java:2039)
        at java.util.concurrent.ArrayBlockingQueue.take(ArrayBlockingQueue.java:403)
        at java.util.concurrent.ThreadPoolExecutor.getTask(ThreadPoolExecutor.java:1074)
        at java.util.concurrent.ThreadPoolExecutor.runWorker(ThreadPoolExecutor.java:1134)
        at java.util.concurrent.ThreadPoolExecutor$Worker.run(ThreadPoolExecutor.java:624)
        at java.lang.Thread.run(Thread.java:748)
"pool-46-thread-4"  prio=5 tid=410 in Object.wait()
java.lang.Thread.State: WAITING (on object monitor)
        at sun.misc.Unsafe.park(Native Method)
        at java.util.concurrent.locks.LockSupport.park(LockSupport.java:175)
        at java.util.concurrent.locks.AbstractQueuedSynchronizer$ConditionObject.await(AbstractQueuedSynchronizer.java:2039)
        at java.util.concurrent.ArrayBlockingQueue.take(ArrayBlockingQueue.java:403)
        at java.util.concurrent.ThreadPoolExecutor.getTask(ThreadPoolExecutor.java:1074)
        at java.util.concurrent.ThreadPoolExecutor.runWorker(ThreadPoolExecutor.java:1134)
        at java.util.concurrent.ThreadPoolExecutor$Worker.run(ThreadPoolExecutor.java:624)
        at java.lang.Thread.run(Thread.java:748)
"pool-26-thread-43"  prio=5 tid=329 in Object.wait()
java.lang.Thread.State: WAITING (on object monitor)
        at sun.misc.Unsafe.park(Native Method)
        at java.util.concurrent.locks.LockSupport.park(LockSupport.java:175)
        at java.util.concurrent.locks.AbstractQueuedSynchronizer$ConditionObject.await(AbstractQueuedSynchronizer.java:2039)
        at java.util.concurrent.ArrayBlockingQueue.take(ArrayBlockingQueue.java:403)
        at java.util.concurrent.ThreadPoolExecutor.getTask(ThreadPoolExecutor.java:1074)
        at java.util.concurrent.ThreadPoolExecutor.runWorker(ThreadPoolExecutor.java:1134)
        at java.util.concurrent.ThreadPoolExecutor$Worker.run(ThreadPoolExecutor.java:624)
        at java.lang.Thread.run(Thread.java:748)
"pool-66-thread-41"  prio=5 tid=576 in Object.wait()
java.lang.Thread.State: WAITING (on object monitor)
        at sun.misc.Unsafe.park(Native Method)
        at java.util.concurrent.locks.LockSupport.park(LockSupport.java:175)
        at java.util.concurrent.locks.AbstractQueuedSynchronizer$ConditionObject.await(AbstractQueuedSynchronizer.java:2039)
        at java.util.concurrent.ArrayBlockingQueue.take(ArrayBlockingQueue.java:403)
        at java.util.concurrent.ThreadPoolExecutor.getTask(ThreadPoolExecutor.java:1074)
        at java.util.concurrent.ThreadPoolExecutor.runWorker(ThreadPoolExecutor.java:1134)
        at java.util.concurrent.ThreadPoolExecutor$Worker.run(ThreadPoolExecutor.java:624)
        at java.lang.Thread.run(Thread.java:748)
"5c3956af-60d3-411f-8c98-c7ed3576de5c@group-EE856C9543A1-SegmentedRaftLogWorker"  prio=5 tid=780 timed_waiting
java.lang.Thread.State: TIMED_WAITING
        at sun.misc.Unsafe.park(Native Method)
        at java.util.concurrent.locks.LockSupport.parkNanos(LockSupport.java:215)
        at java.util.concurrent.locks.AbstractQueuedSynchronizer$ConditionObject.awaitNanos(AbstractQueuedSynchronizer.java:2078)
        at org.apache.ratis.util.DataBlockingQueue.poll(DataBlockingQueue.java:137)
        at org.apache.ratis.server.raftlog.segmented.SegmentedRaftLogWorker.run(SegmentedRaftLogWorker.java:282)
        at java.lang.Thread.run(Thread.java:748)
"pool-56-thread-21"  prio=5 tid=494 in Object.wait()
java.lang.Thread.State: WAITING (on object monitor)
        at sun.misc.Unsafe.park(Native Method)
        at java.util.concurrent.locks.LockSupport.park(LockSupport.java:175)
        at java.util.concurrent.locks.AbstractQueuedSynchronizer$ConditionObject.await(AbstractQueuedSynchronizer.java:2039)
        at java.util.concurrent.ArrayBlockingQueue.take(ArrayBlockingQueue.java:403)
        at java.util.concurrent.ThreadPoolExecutor.getTask(ThreadPoolExecutor.java:1074)
        at java.util.concurrent.ThreadPoolExecutor.runWorker(ThreadPoolExecutor.java:1134)
        at java.util.concurrent.ThreadPoolExecutor$Worker.run(ThreadPoolExecutor.java:624)
        at java.lang.Thread.run(Thread.java:748)
"Datanode ReportManager Thread - 2" daemon prio=5 tid=227 timed_waiting
java.lang.Thread.State: TIMED_WAITING
        at sun.misc.Unsafe.park(Native Method)
        at java.util.concurrent.locks.LockSupport.parkNanos(LockSupport.java:215)
        at java.util.concurrent.locks.AbstractQueuedSynchronizer$ConditionObject.awaitNanos(AbstractQueuedSynchronizer.java:2078)
        at java.util.concurrent.ScheduledThreadPoolExecutor$DelayedWorkQueue.take(ScheduledThreadPoolExecutor.java:1093)
        at java.util.concurrent.ScheduledThreadPoolExecutor$DelayedWorkQueue.take(ScheduledThreadPoolExecutor.java:809)
        at java.util.concurrent.ThreadPoolExecutor.getTask(ThreadPoolExecutor.java:1074)
        at java.util.concurrent.ThreadPoolExecutor.runWorker(ThreadPoolExecutor.java:1134)
        at java.util.concurrent.ThreadPoolExecutor$Worker.run(ThreadPoolExecutor.java:624)
        at java.lang.Thread.run(Thread.java:748)
"45fbe16b-e751-4a45-a959-58ac23dab104@group-09B31D2A0473-SegmentedRaftLogWorker"  prio=5 tid=660 timed_waiting
java.lang.Thread.State: TIMED_WAITING
        at sun.misc.Unsafe.park(Native Method)
        at java.util.concurrent.locks.LockSupport.parkNanos(LockSupport.java:215)
        at java.util.concurrent.locks.AbstractQueuedSynchronizer$ConditionObject.awaitNanos(AbstractQueuedSynchronizer.java:2078)
        at org.apache.ratis.util.DataBlockingQueue.poll(DataBlockingQueue.java:137)
        at org.apache.ratis.server.raftlog.segmented.SegmentedRaftLogWorker.run(SegmentedRaftLogWorker.java:282)
        at java.lang.Thread.run(Thread.java:748)
"pool-56-thread-30"  prio=5 tid=503 in Object.wait()
java.lang.Thread.State: WAITING (on object monitor)
        at sun.misc.Unsafe.park(Native Method)
        at java.util.concurrent.locks.LockSupport.park(LockSupport.java:175)
        at java.util.concurrent.locks.AbstractQueuedSynchronizer$ConditionObject.await(AbstractQueuedSynchronizer.java:2039)
        at java.util.concurrent.ArrayBlockingQueue.take(ArrayBlockingQueue.java:403)
        at java.util.concurrent.ThreadPoolExecutor.getTask(ThreadPoolExecutor.java:1074)
        at java.util.concurrent.ThreadPoolExecutor.runWorker(ThreadPoolExecutor.java:1134)
        at java.util.concurrent.ThreadPoolExecutor$Worker.run(ThreadPoolExecutor.java:624)
        at java.lang.Thread.run(Thread.java:748)
"pool-66-thread-42"  prio=5 tid=577 in Object.wait()
java.lang.Thread.State: WAITING (on object monitor)
        at sun.misc.Unsafe.park(Native Method)
        at java.util.concurrent.locks.LockSupport.park(LockSupport.java:175)
        at java.util.concurrent.locks.AbstractQueuedSynchronizer$ConditionObject.await(AbstractQueuedSynchronizer.java:2039)
        at java.util.concurrent.ArrayBlockingQueue.take(ArrayBlockingQueue.java:403)
        at java.util.concurrent.ThreadPoolExecutor.getTask(ThreadPoolExecutor.java:1074)
        at java.util.concurrent.ThreadPoolExecutor.runWorker(ThreadPoolExecutor.java:1134)
        at java.util.concurrent.ThreadPoolExecutor$Worker.run(ThreadPoolExecutor.java:624)
        at java.lang.Thread.run(Thread.java:748)
"IPC Server handler 18 on 40923" daemon prio=5 tid=47 timed_waiting
java.lang.Thread.State: TIMED_WAITING
        at sun.misc.Unsafe.park(Native Method)
        at java.util.concurrent.locks.LockSupport.parkNanos(LockSupport.java:215)
        at java.util.concurrent.locks.AbstractQueuedSynchronizer$ConditionObject.awaitNanos(AbstractQueuedSynchronizer.java:2078)
        at java.util.concurrent.LinkedBlockingQueue.poll(LinkedBlockingQueue.java:467)
        at org.apache.hadoop.ipc.CallQueueManager.take(CallQueueManager.java:288)
        at org.apache.hadoop.ipc.Server$Handler.run(Server.java:2668)
"IPC Server handler 14 on 33004" daemon prio=5 tid=83 timed_waiting
java.lang.Thread.State: TIMED_WAITING
        at sun.misc.Unsafe.park(Native Method)
        at java.util.concurrent.locks.LockSupport.parkNanos(LockSupport.java:215)
        at java.util.concurrent.locks.AbstractQueuedSynchronizer$ConditionObject.awaitNanos(AbstractQueuedSynchronizer.java:2078)
        at java.util.concurrent.LinkedBlockingQueue.poll(LinkedBlockingQueue.java:467)
        at org.apache.hadoop.ipc.CallQueueManager.take(CallQueueManager.java:288)
        at org.apache.hadoop.ipc.Server$Handler.run(Server.java:2668)
"pool-36-thread-3"  prio=5 tid=349 in Object.wait()
java.lang.Thread.State: WAITING (on object monitor)
        at sun.misc.Unsafe.park(Native Method)
        at java.util.concurrent.locks.LockSupport.park(LockSupport.java:175)
        at java.util.concurrent.locks.AbstractQueuedSynchronizer$ConditionObject.await(AbstractQueuedSynchronizer.java:2039)
        at java.util.concurrent.ArrayBlockingQueue.take(ArrayBlockingQueue.java:403)
        at java.util.concurrent.ThreadPoolExecutor.getTask(ThreadPoolExecutor.java:1074)
        at java.util.concurrent.ThreadPoolExecutor.runWorker(ThreadPoolExecutor.java:1134)
        at java.util.concurrent.ThreadPoolExecutor$Worker.run(ThreadPoolExecutor.java:624)
        at java.lang.Thread.run(Thread.java:748)
"pool-46-thread-23"  prio=5 tid=429 in Object.wait()
java.lang.Thread.State: WAITING (on object monitor)
        at sun.misc.Unsafe.park(Native Method)
        at java.util.concurrent.locks.LockSupport.park(LockSupport.java:175)
        at java.util.concurrent.locks.AbstractQueuedSynchronizer$ConditionObject.await(AbstractQueuedSynchronizer.java:2039)
        at java.util.concurrent.ArrayBlockingQueue.take(ArrayBlockingQueue.java:403)
        at java.util.concurrent.ThreadPoolExecutor.getTask(ThreadPoolExecutor.java:1074)
        at java.util.concurrent.ThreadPoolExecutor.runWorker(ThreadPoolExecutor.java:1134)
        at java.util.concurrent.ThreadPoolExecutor$Worker.run(ThreadPoolExecutor.java:624)
        at java.lang.Thread.run(Thread.java:748)
"org.apache.hadoop.util.JvmPauseMonitor$Monitor@50d842c" daemon prio=5 tid=284 timed_waiting
java.lang.Thread.State: TIMED_WAITING
        at java.lang.Thread.sleep(Native Method)
        at org.apache.hadoop.util.JvmPauseMonitor$Monitor.run(JvmPauseMonitor.java:192)
        at java.lang.Thread.run(Thread.java:748)
"org.eclipse.jetty.server.session.HashSessionManager@1422ac7fTimer" daemon prio=5 tid=169 timed_waiting
java.lang.Thread.State: TIMED_WAITING
        at sun.misc.Unsafe.park(Native Method)
        at java.util.concurrent.locks.LockSupport.parkNanos(LockSupport.java:215)
        at java.util.concurrent.locks.AbstractQueuedSynchronizer$ConditionObject.awaitNanos(AbstractQueuedSynchronizer.java:2078)
        at java.util.concurrent.ScheduledThreadPoolExecutor$DelayedWorkQueue.take(ScheduledThreadPoolExecutor.java:1093)
        at java.util.concurrent.ScheduledThreadPoolExecutor$DelayedWorkQueue.take(ScheduledThreadPoolExecutor.java:809)
        at java.util.concurrent.ThreadPoolExecutor.getTask(ThreadPoolExecutor.java:1074)
        at java.util.concurrent.ThreadPoolExecutor.runWorker(ThreadPoolExecutor.java:1134)
        at java.util.concurrent.ThreadPoolExecutor$Worker.run(ThreadPoolExecutor.java:624)
        at java.lang.Thread.run(Thread.java:748)
"Datanode ReportManager Thread - 0" daemon prio=5 tid=279 in Object.wait()
java.lang.Thread.State: WAITING (on object monitor)
        at sun.misc.Unsafe.park(Native Method)
        at java.util.concurrent.locks.LockSupport.park(LockSupport.java:175)
        at java.util.concurrent.locks.AbstractQueuedSynchronizer$ConditionObject.await(AbstractQueuedSynchronizer.java:2039)
        at java.util.concurrent.ScheduledThreadPoolExecutor$DelayedWorkQueue.take(ScheduledThreadPoolExecutor.java:1088)
        at java.util.concurrent.ScheduledThreadPoolExecutor$DelayedWorkQueue.take(ScheduledThreadPoolExecutor.java:809)
        at java.util.concurrent.ThreadPoolExecutor.getTask(ThreadPoolExecutor.java:1074)
        at java.util.concurrent.ThreadPoolExecutor.runWorker(ThreadPoolExecutor.java:1134)
        at java.util.concurrent.ThreadPoolExecutor$Worker.run(ThreadPoolExecutor.java:624)
        at java.lang.Thread.run(Thread.java:748)
"pool-56-thread-42"  prio=5 tid=515 in Object.wait()
java.lang.Thread.State: WAITING (on object monitor)
        at sun.misc.Unsafe.park(Native Method)
        at java.util.concurrent.locks.LockSupport.park(LockSupport.java:175)
        at java.util.concurrent.locks.AbstractQueuedSynchronizer$ConditionObject.await(AbstractQueuedSynchronizer.java:2039)
        at java.util.concurrent.ArrayBlockingQueue.take(ArrayBlockingQueue.java:403)
        at java.util.concurrent.ThreadPoolExecutor.getTask(ThreadPoolExecutor.java:1074)
        at java.util.concurrent.ThreadPoolExecutor.runWorker(ThreadPoolExecutor.java:1134)
        at java.util.concurrent.ThreadPoolExecutor$Worker.run(ThreadPoolExecutor.java:624)
        at java.lang.Thread.run(Thread.java:748)
"pool-26-thread-26"  prio=5 tid=312 in Object.wait()
java.lang.Thread.State: WAITING (on object monitor)
        at sun.misc.Unsafe.park(Native Method)
        at java.util.concurrent.locks.LockSupport.park(LockSupport.java:175)
        at java.util.concurrent.locks.AbstractQueuedSynchronizer$ConditionObject.await(AbstractQueuedSynchronizer.java:2039)
        at java.util.concurrent.ArrayBlockingQueue.take(ArrayBlockingQueue.java:403)
        at java.util.concurrent.ThreadPoolExecutor.getTask(ThreadPoolExecutor.java:1074)
        at java.util.concurrent.ThreadPoolExecutor.runWorker(ThreadPoolExecutor.java:1134)
        at java.util.concurrent.ThreadPoolExecutor$Worker.run(ThreadPoolExecutor.java:624)
        at java.lang.Thread.run(Thread.java:748)
"pool-56-thread-18"  prio=5 tid=491 in Object.wait()
java.lang.Thread.State: WAITING (on object monitor)
        at sun.misc.Unsafe.park(Native Method)
        at java.util.concurrent.locks.LockSupport.park(LockSupport.java:175)
        at java.util.concurrent.locks.AbstractQueuedSynchronizer$ConditionObject.await(AbstractQueuedSynchronizer.java:2039)
        at java.util.concurrent.ArrayBlockingQueue.take(ArrayBlockingQueue.java:403)
        at java.util.concurrent.ThreadPoolExecutor.getTask(ThreadPoolExecutor.java:1074)
        at java.util.concurrent.ThreadPoolExecutor.runWorker(ThreadPoolExecutor.java:1134)
        at java.util.concurrent.ThreadPoolExecutor$Worker.run(ThreadPoolExecutor.java:624)
        at java.lang.Thread.run(Thread.java:748)
"pool-26-thread-7"  prio=5 tid=293 in Object.wait()
java.lang.Thread.State: WAITING (on object monitor)
        at sun.misc.Unsafe.park(Native Method)
        at java.util.concurrent.locks.LockSupport.park(LockSupport.java:175)
        at java.util.concurrent.locks.AbstractQueuedSynchronizer$ConditionObject.await(AbstractQueuedSynchronizer.java:2039)
        at java.util.concurrent.ArrayBlockingQueue.take(ArrayBlockingQueue.java:403)
        at java.util.concurrent.ThreadPoolExecutor.getTask(ThreadPoolExecutor.java:1074)
        at java.util.concurrent.ThreadPoolExecutor.runWorker(ThreadPoolExecutor.java:1134)
        at java.util.concurrent.ThreadPoolExecutor$Worker.run(ThreadPoolExecutor.java:624)
        at java.lang.Thread.run(Thread.java:748)
"pool-36-thread-34"  prio=5 tid=380 in Object.wait()
java.lang.Thread.State: WAITING (on object monitor)
        at sun.misc.Unsafe.park(Native Method)
        at java.util.concurrent.locks.LockSupport.park(LockSupport.java:175)
        at java.util.concurrent.locks.AbstractQueuedSynchronizer$ConditionObject.await(AbstractQueuedSynchronizer.java:2039)
        at java.util.concurrent.ArrayBlockingQueue.take(ArrayBlockingQueue.java:403)
        at java.util.concurrent.ThreadPoolExecutor.getTask(ThreadPoolExecutor.java:1074)
        at java.util.concurrent.ThreadPoolExecutor.runWorker(ThreadPoolExecutor.java:1134)
        at java.util.concurrent.ThreadPoolExecutor$Worker.run(ThreadPoolExecutor.java:624)
        at java.lang.Thread.run(Thread.java:748)
"pool-66-thread-2"  prio=5 tid=537 in Object.wait()
java.lang.Thread.State: WAITING (on object monitor)
        at sun.misc.Unsafe.park(Native Method)
        at java.util.concurrent.locks.LockSupport.park(LockSupport.java:175)
        at java.util.concurrent.locks.AbstractQueuedSynchronizer$ConditionObject.await(AbstractQueuedSynchronizer.java:2039)
        at java.util.concurrent.ArrayBlockingQueue.take(ArrayBlockingQueue.java:403)
        at java.util.concurrent.ThreadPoolExecutor.getTask(ThreadPoolExecutor.java:1074)
        at java.util.concurrent.ThreadPoolExecutor.runWorker(ThreadPoolExecutor.java:1134)
        at java.util.concurrent.ThreadPoolExecutor$Worker.run(ThreadPoolExecutor.java:624)
        at java.lang.Thread.run(Thread.java:748)
"pool-36-thread-12"  prio=5 tid=358 in Object.wait()
java.lang.Thread.State: WAITING (on object monitor)
        at sun.misc.Unsafe.park(Native Method)
        at java.util.concurrent.locks.LockSupport.park(LockSupport.java:175)
        at java.util.concurrent.locks.AbstractQueuedSynchronizer$ConditionObject.await(AbstractQueuedSynchronizer.java:2039)
        at java.util.concurrent.ArrayBlockingQueue.take(ArrayBlockingQueue.java:403)
        at java.util.concurrent.ThreadPoolExecutor.getTask(ThreadPoolExecutor.java:1074)
        at java.util.concurrent.ThreadPoolExecutor.runWorker(ThreadPoolExecutor.java:1134)
        at java.util.concurrent.ThreadPoolExecutor$Worker.run(ThreadPoolExecutor.java:624)
        at java.lang.Thread.run(Thread.java:748)
"pool-46-thread-6"  prio=5 tid=412 in Object.wait()
java.lang.Thread.State: WAITING (on object monitor)
        at sun.misc.Unsafe.park(Native Method)
        at java.util.concurrent.locks.LockSupport.park(LockSupport.java:175)
        at java.util.concurrent.locks.AbstractQueuedSynchronizer$ConditionObject.await(AbstractQueuedSynchronizer.java:2039)
        at java.util.concurrent.ArrayBlockingQueue.take(ArrayBlockingQueue.java:403)
        at java.util.concurrent.ThreadPoolExecutor.getTask(ThreadPoolExecutor.java:1074)
        at java.util.concurrent.ThreadPoolExecutor.runWorker(ThreadPoolExecutor.java:1134)
        at java.util.concurrent.ThreadPoolExecutor$Worker.run(ThreadPoolExecutor.java:624)
        at java.lang.Thread.run(Thread.java:748)
"Periodic HDDS volume checker"  prio=5 tid=260 timed_waiting
java.lang.Thread.State: TIMED_WAITING
        at sun.misc.Unsafe.park(Native Method)
        at java.util.concurrent.locks.LockSupport.parkNanos(LockSupport.java:215)
        at java.util.concurrent.locks.AbstractQueuedSynchronizer$ConditionObject.awaitNanos(AbstractQueuedSynchronizer.java:2078)
        at java.util.concurrent.ScheduledThreadPoolExecutor$DelayedWorkQueue.take(ScheduledThreadPoolExecutor.java:1093)
        at java.util.concurrent.ScheduledThreadPoolExecutor$DelayedWorkQueue.take(ScheduledThreadPoolExecutor.java:809)
        at java.util.concurrent.ThreadPoolExecutor.getTask(ThreadPoolExecutor.java:1074)
        at java.util.concurrent.ThreadPoolExecutor.runWorker(ThreadPoolExecutor.java:1134)
        at java.util.concurrent.ThreadPoolExecutor$Worker.run(ThreadPoolExecutor.java:624)
        at java.lang.Thread.run(Thread.java:748)
"org.eclipse.jetty.server.session.HashSessionManager@5e39850Timer" daemon prio=5 tid=145 timed_waiting
java.lang.Thread.State: TIMED_WAITING
        at sun.misc.Unsafe.park(Native Method)
        at java.util.concurrent.locks.LockSupport.parkNanos(LockSupport.java:215)
        at java.util.concurrent.locks.AbstractQueuedSynchronizer$ConditionObject.awaitNanos(AbstractQueuedSynchronizer.java:2078)
        at java.util.concurrent.ScheduledThreadPoolExecutor$DelayedWorkQueue.take(ScheduledThreadPoolExecutor.java:1093)
        at java.util.concurrent.ScheduledThreadPoolExecutor$DelayedWorkQueue.take(ScheduledThreadPoolExecutor.java:809)
        at java.util.concurrent.ThreadPoolExecutor.getTask(ThreadPoolExecutor.java:1074)
        at java.util.concurrent.ThreadPoolExecutor.runWorker(ThreadPoolExecutor.java:1134)
        at java.util.concurrent.ThreadPoolExecutor$Worker.run(ThreadPoolExecutor.java:624)
        at java.lang.Thread.run(Thread.java:748)
"pool-36-thread-13"  prio=5 tid=359 in Object.wait()
java.lang.Thread.State: WAITING (on object monitor)
        at sun.misc.Unsafe.park(Native Method)
        at java.util.concurrent.locks.LockSupport.park(LockSupport.java:175)
        at java.util.concurrent.locks.AbstractQueuedSynchronizer$ConditionObject.await(AbstractQueuedSynchronizer.java:2039)
        at java.util.concurrent.ArrayBlockingQueue.take(ArrayBlockingQueue.java:403)
        at java.util.concurrent.ThreadPoolExecutor.getTask(ThreadPoolExecutor.java:1074)
        at java.util.concurrent.ThreadPoolExecutor.runWorker(ThreadPoolExecutor.java:1134)
        at java.util.concurrent.ThreadPoolExecutor$Worker.run(ThreadPoolExecutor.java:624)
        at java.lang.Thread.run(Thread.java:748)
"pool-56-thread-56"  prio=5 tid=529 in Object.wait()
java.lang.Thread.State: WAITING (on object monitor)
        at sun.misc.Unsafe.park(Native Method)
        at java.util.concurrent.locks.LockSupport.park(LockSupport.java:175)
        at java.util.concurrent.locks.AbstractQueuedSynchronizer$ConditionObject.await(AbstractQueuedSynchronizer.java:2039)
        at java.util.concurrent.ArrayBlockingQueue.take(ArrayBlockingQueue.java:403)
        at java.util.concurrent.ThreadPoolExecutor.getTask(ThreadPoolExecutor.java:1074)
        at java.util.concurrent.ThreadPoolExecutor.runWorker(ThreadPoolExecutor.java:1134)
        at java.util.concurrent.ThreadPoolExecutor$Worker.run(ThreadPoolExecutor.java:624)
        at java.lang.Thread.run(Thread.java:748)
"pool-46-thread-48"  prio=5 tid=454 in Object.wait()
java.lang.Thread.State: WAITING (on object monitor)
        at sun.misc.Unsafe.park(Native Method)
        at java.util.concurrent.locks.LockSupport.park(LockSupport.java:175)
        at java.util.concurrent.locks.AbstractQueuedSynchronizer$ConditionObject.await(AbstractQueuedSynchronizer.java:2039)
        at java.util.concurrent.ArrayBlockingQueue.take(ArrayBlockingQueue.java:403)
        at java.util.concurrent.ThreadPoolExecutor.getTask(ThreadPoolExecutor.java:1074)
        at java.util.concurrent.ThreadPoolExecutor.runWorker(ThreadPoolExecutor.java:1134)
        at java.util.concurrent.ThreadPoolExecutor$Worker.run(ThreadPoolExecutor.java:624)
        at java.lang.Thread.run(Thread.java:748)
"pool-26-thread-4"  prio=5 tid=290 in Object.wait()
java.lang.Thread.State: WAITING (on object monitor)
        at sun.misc.Unsafe.park(Native Method)
        at java.util.concurrent.locks.LockSupport.park(LockSupport.java:175)
        at java.util.concurrent.locks.AbstractQueuedSynchronizer$ConditionObject.await(AbstractQueuedSynchronizer.java:2039)
        at java.util.concurrent.ArrayBlockingQueue.take(ArrayBlockingQueue.java:403)
        at java.util.concurrent.ThreadPoolExecutor.getTask(ThreadPoolExecutor.java:1074)
        at java.util.concurrent.ThreadPoolExecutor.runWorker(ThreadPoolExecutor.java:1134)
        at java.util.concurrent.ThreadPoolExecutor$Worker.run(ThreadPoolExecutor.java:624)
        at java.lang.Thread.run(Thread.java:748)
"pool-56-thread-46"  prio=5 tid=519 in Object.wait()
java.lang.Thread.State: WAITING (on object monitor)
        at sun.misc.Unsafe.park(Native Method)
        at java.util.concurrent.locks.LockSupport.park(LockSupport.java:175)
        at java.util.concurrent.locks.AbstractQueuedSynchronizer$ConditionObject.await(AbstractQueuedSynchronizer.java:2039)
        at java.util.concurrent.ArrayBlockingQueue.take(ArrayBlockingQueue.java:403)
        at java.util.concurrent.ThreadPoolExecutor.getTask(ThreadPoolExecutor.java:1074)
        at java.util.concurrent.ThreadPoolExecutor.runWorker(ThreadPoolExecutor.java:1134)
        at java.util.concurrent.ThreadPoolExecutor$Worker.run(ThreadPoolExecutor.java:624)
        at java.lang.Thread.run(Thread.java:748)
"pool-66-thread-6"  prio=5 tid=541 in Object.wait()
java.lang.Thread.State: WAITING (on object monitor)
        at sun.misc.Unsafe.park(Native Method)
        at java.util.concurrent.locks.LockSupport.park(LockSupport.java:175)
        at java.util.concurrent.locks.AbstractQueuedSynchronizer$ConditionObject.await(AbstractQueuedSynchronizer.java:2039)
        at java.util.concurrent.ArrayBlockingQueue.take(ArrayBlockingQueue.java:403)
        at java.util.concurrent.ThreadPoolExecutor.getTask(ThreadPoolExecutor.java:1074)
        at java.util.concurrent.ThreadPoolExecutor.runWorker(ThreadPoolExecutor.java:1134)
        at java.util.concurrent.ThreadPoolExecutor$Worker.run(ThreadPoolExecutor.java:624)
        at java.lang.Thread.run(Thread.java:748)
"qtp1003663195-247" daemon prio=5 tid=247 timed_waiting
java.lang.Thread.State: TIMED_WAITING
        at sun.misc.Unsafe.park(Native Method)
        at java.util.concurrent.locks.LockSupport.parkNanos(LockSupport.java:215)
        at java.util.concurrent.locks.AbstractQueuedSynchronizer$ConditionObject.awaitNanos(AbstractQueuedSynchronizer.java:2078)
        at org.eclipse.jetty.util.BlockingArrayQueue.poll(BlockingArrayQueue.java:392)
        at org.eclipse.jetty.util.thread.QueuedThreadPool.idleJobPoll(QueuedThreadPool.java:563)
        at org.eclipse.jetty.util.thread.QueuedThreadPool.access$800(QueuedThreadPool.java:48)
        at org.eclipse.jetty.util.thread.QueuedThreadPool$2.run(QueuedThreadPool.java:626)
        at java.lang.Thread.run(Thread.java:748)
"pool-36-thread-46"  prio=5 tid=392 in Object.wait()
java.lang.Thread.State: WAITING (on object monitor)
        at sun.misc.Unsafe.park(Native Method)
        at java.util.concurrent.locks.LockSupport.park(LockSupport.java:175)
        at java.util.concurrent.locks.AbstractQueuedSynchronizer$ConditionObject.await(AbstractQueuedSynchronizer.java:2039)
        at java.util.concurrent.ArrayBlockingQueue.take(ArrayBlockingQueue.java:403)
        at java.util.concurrent.ThreadPoolExecutor.getTask(ThreadPoolExecutor.java:1074)
        at java.util.concurrent.ThreadPoolExecutor.runWorker(ThreadPoolExecutor.java:1134)
        at java.util.concurrent.ThreadPoolExecutor$Worker.run(ThreadPoolExecutor.java:624)
        at java.lang.Thread.run(Thread.java:748)
"IPC Server handler 5 on 40923" daemon prio=5 tid=34 timed_waiting
java.lang.Thread.State: TIMED_WAITING
        at sun.misc.Unsafe.park(Native Method)
        at java.util.concurrent.locks.LockSupport.parkNanos(LockSupport.java:215)
        at java.util.concurrent.locks.AbstractQueuedSynchronizer$ConditionObject.awaitNanos(AbstractQueuedSynchronizer.java:2078)
        at java.util.concurrent.LinkedBlockingQueue.poll(LinkedBlockingQueue.java:467)
        at org.apache.hadoop.ipc.CallQueueManager.take(CallQueueManager.java:288)
        at org.apache.hadoop.ipc.Server$Handler.run(Server.java:2668)
"pool-36-thread-41"  prio=5 tid=387 in Object.wait()
java.lang.Thread.State: WAITING (on object monitor)
        at sun.misc.Unsafe.park(Native Method)
        at java.util.concurrent.locks.LockSupport.park(LockSupport.java:175)
        at java.util.concurrent.locks.AbstractQueuedSynchronizer$ConditionObject.await(AbstractQueuedSynchronizer.java:2039)
        at java.util.concurrent.ArrayBlockingQueue.take(ArrayBlockingQueue.java:403)
        at java.util.concurrent.ThreadPoolExecutor.getTask(ThreadPoolExecutor.java:1074)
        at java.util.concurrent.ThreadPoolExecutor.runWorker(ThreadPoolExecutor.java:1134)
        at java.util.concurrent.ThreadPoolExecutor$Worker.run(ThreadPoolExecutor.java:624)
        at java.lang.Thread.run(Thread.java:748)
"pool-56-thread-5"  prio=5 tid=478 in Object.wait()
java.lang.Thread.State: WAITING (on object monitor)
        at sun.misc.Unsafe.park(Native Method)
        at java.util.concurrent.locks.LockSupport.park(LockSupport.java:175)
        at java.util.concurrent.locks.AbstractQueuedSynchronizer$ConditionObject.await(AbstractQueuedSynchronizer.java:2039)
        at java.util.concurrent.ArrayBlockingQueue.take(ArrayBlockingQueue.java:403)
        at java.util.concurrent.ThreadPoolExecutor.getTask(ThreadPoolExecutor.java:1074)
        at java.util.concurrent.ThreadPoolExecutor.runWorker(ThreadPoolExecutor.java:1134)
        at java.util.concurrent.ThreadPoolExecutor$Worker.run(ThreadPoolExecutor.java:624)
        at java.lang.Thread.run(Thread.java:748)
"pool-56-thread-25"  prio=5 tid=498 in Object.wait()
java.lang.Thread.State: WAITING (on object monitor)
        at sun.misc.Unsafe.park(Native Method)
        at java.util.concurrent.locks.LockSupport.park(LockSupport.java:175)
        at java.util.concurrent.locks.AbstractQueuedSynchronizer$ConditionObject.await(AbstractQueuedSynchronizer.java:2039)
        at java.util.concurrent.ArrayBlockingQueue.take(ArrayBlockingQueue.java:403)
        at java.util.concurrent.ThreadPoolExecutor.getTask(ThreadPoolExecutor.java:1074)
        at java.util.concurrent.ThreadPoolExecutor.runWorker(ThreadPoolExecutor.java:1134)
        at java.util.concurrent.ThreadPoolExecutor$Worker.run(ThreadPoolExecutor.java:624)
        at java.lang.Thread.run(Thread.java:748)
"org.apache.hadoop.util.JvmPauseMonitor$Monitor@779775af" daemon prio=5 tid=176 timed_waiting
java.lang.Thread.State: TIMED_WAITING
        at java.lang.Thread.sleep(Native Method)
        at org.apache.hadoop.util.JvmPauseMonitor$Monitor.run(JvmPauseMonitor.java:192)
        at java.lang.Thread.run(Thread.java:748)
"metrics-hadoop-metrics2-reporter-45-thread-1" daemon prio=5 tid=807 timed_waiting
java.lang.Thread.State: TIMED_WAITING
        at sun.misc.Unsafe.park(Native Method)
        at java.util.concurrent.locks.LockSupport.parkNanos(LockSupport.java:215)
        at java.util.concurrent.locks.AbstractQueuedSynchronizer$ConditionObject.awaitNanos(AbstractQueuedSynchronizer.java:2078)
        at java.util.concurrent.ScheduledThreadPoolExecutor$DelayedWorkQueue.take(ScheduledThreadPoolExecutor.java:1093)
        at java.util.concurrent.ScheduledThreadPoolExecutor$DelayedWorkQueue.take(ScheduledThreadPoolExecutor.java:809)
        at java.util.concurrent.ThreadPoolExecutor.getTask(ThreadPoolExecutor.java:1074)
        at java.util.concurrent.ThreadPoolExecutor.runWorker(ThreadPoolExecutor.java:1134)
        at java.util.concurrent.ThreadPoolExecutor$Worker.run(ThreadPoolExecutor.java:624)
        at java.lang.Thread.run(Thread.java:748)
"pool-66-thread-54"  prio=5 tid=589 in Object.wait()
java.lang.Thread.State: WAITING (on object monitor)
        at sun.misc.Unsafe.park(Native Method)
        at java.util.concurrent.locks.LockSupport.park(LockSupport.java:175)
        at java.util.concurrent.locks.AbstractQueuedSynchronizer$ConditionObject.await(AbstractQueuedSynchronizer.java:2039)
        at java.util.concurrent.ArrayBlockingQueue.take(ArrayBlockingQueue.java:403)
        at java.util.concurrent.ThreadPoolExecutor.getTask(ThreadPoolExecutor.java:1074)
        at java.util.concurrent.ThreadPoolExecutor.runWorker(ThreadPoolExecutor.java:1134)
        at java.util.concurrent.ThreadPoolExecutor$Worker.run(ThreadPoolExecutor.java:624)
        at java.lang.Thread.run(Thread.java:748)
"pool-56-thread-59"  prio=5 tid=532 in Object.wait()
java.lang.Thread.State: WAITING (on object monitor)
        at sun.misc.Unsafe.park(Native Method)
        at java.util.concurrent.locks.LockSupport.park(LockSupport.java:175)
        at java.util.concurrent.locks.AbstractQueuedSynchronizer$ConditionObject.await(AbstractQueuedSynchronizer.java:2039)
        at java.util.concurrent.ArrayBlockingQueue.take(ArrayBlockingQueue.java:403)
        at java.util.concurrent.ThreadPoolExecutor.getTask(ThreadPoolExecutor.java:1074)
        at java.util.concurrent.ThreadPoolExecutor.runWorker(ThreadPoolExecutor.java:1134)
        at java.util.concurrent.ThreadPoolExecutor$Worker.run(ThreadPoolExecutor.java:624)
        at java.lang.Thread.run(Thread.java:748)
"pool-46-thread-27"  prio=5 tid=433 in Object.wait()
java.lang.Thread.State: WAITING (on object monitor)
        at sun.misc.Unsafe.park(Native Method)
        at java.util.concurrent.locks.LockSupport.park(LockSupport.java:175)
        at java.util.concurrent.locks.AbstractQueuedSynchronizer$ConditionObject.await(AbstractQueuedSynchronizer.java:2039)
        at java.util.concurrent.ArrayBlockingQueue.take(ArrayBlockingQueue.java:403)
        at java.util.concurrent.ThreadPoolExecutor.getTask(ThreadPoolExecutor.java:1074)
        at java.util.concurrent.ThreadPoolExecutor.runWorker(ThreadPoolExecutor.java:1134)
        at java.util.concurrent.ThreadPoolExecutor$Worker.run(ThreadPoolExecutor.java:624)
        at java.lang.Thread.run(Thread.java:748)
"pool-26-thread-58"  prio=5 tid=344 in Object.wait()
java.lang.Thread.State: WAITING (on object monitor)
        at sun.misc.Unsafe.park(Native Method)
        at java.util.concurrent.locks.LockSupport.park(LockSupport.java:175)
        at java.util.concurrent.locks.AbstractQueuedSynchronizer$ConditionObject.await(AbstractQueuedSynchronizer.java:2039)
        at java.util.concurrent.ArrayBlockingQueue.take(ArrayBlockingQueue.java:403)
        at java.util.concurrent.ThreadPoolExecutor.getTask(ThreadPoolExecutor.java:1074)
        at java.util.concurrent.ThreadPoolExecutor.runWorker(ThreadPoolExecutor.java:1134)
        at java.util.concurrent.ThreadPoolExecutor$Worker.run(ThreadPoolExecutor.java:624)
        at java.lang.Thread.run(Thread.java:748)
"qtp1003663195-245" daemon prio=5 tid=245 timed_waiting
java.lang.Thread.State: TIMED_WAITING
        at sun.misc.Unsafe.park(Native Method)
        at java.util.concurrent.locks.LockSupport.parkNanos(LockSupport.java:215)
        at java.util.concurrent.locks.AbstractQueuedSynchronizer$ConditionObject.awaitNanos(AbstractQueuedSynchronizer.java:2078)
        at org.eclipse.jetty.util.BlockingArrayQueue.poll(BlockingArrayQueue.java:392)
        at org.eclipse.jetty.util.thread.QueuedThreadPool.idleJobPoll(QueuedThreadPool.java:563)
        at org.eclipse.jetty.util.thread.QueuedThreadPool.access$800(QueuedThreadPool.java:48)
        at org.eclipse.jetty.util.thread.QueuedThreadPool$2.run(QueuedThreadPool.java:626)
        at java.lang.Thread.run(Thread.java:748)
"qtp1003663195-244" daemon prio=5 tid=244 timed_waiting
java.lang.Thread.State: TIMED_WAITING
        at sun.misc.Unsafe.park(Native Method)
        at java.util.concurrent.locks.LockSupport.parkNanos(LockSupport.java:215)
        at java.util.concurrent.locks.AbstractQueuedSynchronizer$ConditionObject.awaitNanos(AbstractQueuedSynchronizer.java:2078)
        at org.eclipse.jetty.util.BlockingArrayQueue.poll(BlockingArrayQueue.java:392)
        at org.eclipse.jetty.util.thread.QueuedThreadPool.idleJobPoll(QueuedThreadPool.java:563)
        at org.eclipse.jetty.util.thread.QueuedThreadPool.access$800(QueuedThreadPool.java:48)
        at org.eclipse.jetty.util.thread.QueuedThreadPool$2.run(QueuedThreadPool.java:626)
        at java.lang.Thread.run(Thread.java:748)
"pool-56-thread-17"  prio=5 tid=490 in Object.wait()
java.lang.Thread.State: WAITING (on object monitor)
        at sun.misc.Unsafe.park(Native Method)
        at java.util.concurrent.locks.LockSupport.park(LockSupport.java:175)
        at java.util.concurrent.locks.AbstractQueuedSynchronizer$ConditionObject.await(AbstractQueuedSynchronizer.java:2039)
        at java.util.concurrent.ArrayBlockingQueue.take(ArrayBlockingQueue.java:403)
        at java.util.concurrent.ThreadPoolExecutor.getTask(ThreadPoolExecutor.java:1074)
        at java.util.concurrent.ThreadPoolExecutor.runWorker(ThreadPoolExecutor.java:1134)
        at java.util.concurrent.ThreadPoolExecutor$Worker.run(ThreadPoolExecutor.java:624)
        at java.lang.Thread.run(Thread.java:748)
"pool-66-thread-59"  prio=5 tid=594 in Object.wait()
java.lang.Thread.State: WAITING (on object monitor)
        at sun.misc.Unsafe.park(Native Method)
        at java.util.concurrent.locks.LockSupport.park(LockSupport.java:175)
        at java.util.concurrent.locks.AbstractQueuedSynchronizer$ConditionObject.await(AbstractQueuedSynchronizer.java:2039)
        at java.util.concurrent.ArrayBlockingQueue.take(ArrayBlockingQueue.java:403)
        at java.util.concurrent.ThreadPoolExecutor.getTask(ThreadPoolExecutor.java:1074)
        at java.util.concurrent.ThreadPoolExecutor.runWorker(ThreadPoolExecutor.java:1134)
        at java.util.concurrent.ThreadPoolExecutor$Worker.run(ThreadPoolExecutor.java:624)
        at java.lang.Thread.run(Thread.java:748)
"pool-26-thread-59"  prio=5 tid=345 in Object.wait()
java.lang.Thread.State: WAITING (on object monitor)
        at sun.misc.Unsafe.park(Native Method)
        at java.util.concurrent.locks.LockSupport.park(LockSupport.java:175)
        at java.util.concurrent.locks.AbstractQueuedSynchronizer$ConditionObject.await(AbstractQueuedSynchronizer.java:2039)
        at java.util.concurrent.ArrayBlockingQueue.take(ArrayBlockingQueue.java:403)
        at java.util.concurrent.ThreadPoolExecutor.getTask(ThreadPoolExecutor.java:1074)
        at java.util.concurrent.ThreadPoolExecutor.runWorker(ThreadPoolExecutor.java:1134)
        at java.util.concurrent.ThreadPoolExecutor$Worker.run(ThreadPoolExecutor.java:624)
        at java.lang.Thread.run(Thread.java:748)
"pool-66-thread-15"  prio=5 tid=550 in Object.wait()
java.lang.Thread.State: WAITING (on object monitor)
        at sun.misc.Unsafe.park(Native Method)
        at java.util.concurrent.locks.LockSupport.park(LockSupport.java:175)
        at java.util.concurrent.locks.AbstractQueuedSynchronizer$ConditionObject.await(AbstractQueuedSynchronizer.java:2039)
        at java.util.concurrent.ArrayBlockingQueue.take(ArrayBlockingQueue.java:403)
        at java.util.concurrent.ThreadPoolExecutor.getTask(ThreadPoolExecutor.java:1074)
        at java.util.concurrent.ThreadPoolExecutor.runWorker(ThreadPoolExecutor.java:1134)
        at java.util.concurrent.ThreadPoolExecutor$Worker.run(ThreadPoolExecutor.java:624)
        at java.lang.Thread.run(Thread.java:748)
"pool-36-thread-32"  prio=5 tid=378 in Object.wait()
java.lang.Thread.State: WAITING (on object monitor)
        at sun.misc.Unsafe.park(Native Method)
        at java.util.concurrent.locks.LockSupport.park(LockSupport.java:175)
        at java.util.concurrent.locks.AbstractQueuedSynchronizer$ConditionObject.await(AbstractQueuedSynchronizer.java:2039)
        at java.util.concurrent.ArrayBlockingQueue.take(ArrayBlockingQueue.java:403)
        at java.util.concurrent.ThreadPoolExecutor.getTask(ThreadPoolExecutor.java:1074)
        at java.util.concurrent.ThreadPoolExecutor.runWorker(ThreadPoolExecutor.java:1134)
        at java.util.concurrent.ThreadPoolExecutor$Worker.run(ThreadPoolExecutor.java:624)
        at java.lang.Thread.run(Thread.java:748)
"pool-56-thread-28"  prio=5 tid=501 in Object.wait()
java.lang.Thread.State: WAITING (on object monitor)
        at sun.misc.Unsafe.park(Native Method)
        at java.util.concurrent.locks.LockSupport.park(LockSupport.java:175)
        at java.util.concurrent.locks.AbstractQueuedSynchronizer$ConditionObject.await(AbstractQueuedSynchronizer.java:2039)
        at java.util.concurrent.ArrayBlockingQueue.take(ArrayBlockingQueue.java:403)
        at java.util.concurrent.ThreadPoolExecutor.getTask(ThreadPoolExecutor.java:1074)
        at java.util.concurrent.ThreadPoolExecutor.runWorker(ThreadPoolExecutor.java:1134)
        at java.util.concurrent.ThreadPoolExecutor$Worker.run(ThreadPoolExecutor.java:624)
        at java.lang.Thread.run(Thread.java:748)
"pool-66-thread-30"  prio=5 tid=565 in Object.wait()
java.lang.Thread.State: WAITING (on object monitor)
        at sun.misc.Unsafe.park(Native Method)
        at java.util.concurrent.locks.LockSupport.park(LockSupport.java:175)
        at java.util.concurrent.locks.AbstractQueuedSynchronizer$ConditionObject.await(AbstractQueuedSynchronizer.java:2039)
        at java.util.concurrent.ArrayBlockingQueue.take(ArrayBlockingQueue.java:403)
        at java.util.concurrent.ThreadPoolExecutor.getTask(ThreadPoolExecutor.java:1074)
        at java.util.concurrent.ThreadPoolExecutor.runWorker(ThreadPoolExecutor.java:1134)
        at java.util.concurrent.ThreadPoolExecutor$Worker.run(ThreadPoolExecutor.java:624)
        at java.lang.Thread.run(Thread.java:748)
"pool-56-thread-33"  prio=5 tid=506 in Object.wait()
java.lang.Thread.State: WAITING (on object monitor)
        at sun.misc.Unsafe.park(Native Method)
        at java.util.concurrent.locks.LockSupport.park(LockSupport.java:175)
        at java.util.concurrent.locks.AbstractQueuedSynchronizer$ConditionObject.await(AbstractQueuedSynchronizer.java:2039)
        at java.util.concurrent.ArrayBlockingQueue.take(ArrayBlockingQueue.java:403)
        at java.util.concurrent.ThreadPoolExecutor.getTask(ThreadPoolExecutor.java:1074)
        at java.util.concurrent.ThreadPoolExecutor.runWorker(ThreadPoolExecutor.java:1134)
        at java.util.concurrent.ThreadPoolExecutor$Worker.run(ThreadPoolExecutor.java:624)
        at java.lang.Thread.run(Thread.java:748)
"qtp1043358826-92" daemon prio=5 tid=92 timed_waiting
java.lang.Thread.State: TIMED_WAITING
        at sun.misc.Unsafe.park(Native Method)
        at java.util.concurrent.locks.LockSupport.parkNanos(LockSupport.java:215)
        at java.util.concurrent.locks.AbstractQueuedSynchronizer$ConditionObject.awaitNanos(AbstractQueuedSynchronizer.java:2078)
        at org.eclipse.jetty.util.BlockingArrayQueue.poll(BlockingArrayQueue.java:392)
        at org.eclipse.jetty.util.thread.QueuedThreadPool.idleJobPoll(QueuedThreadPool.java:563)
        at org.eclipse.jetty.util.thread.QueuedThreadPool.access$800(QueuedThreadPool.java:48)
        at org.eclipse.jetty.util.thread.QueuedThreadPool$2.run(QueuedThreadPool.java:626)
        at java.lang.Thread.run(Thread.java:748)
"org.apache.hadoop.util.JvmPauseMonitor$Monitor@630e2bf4" daemon prio=5 tid=230 timed_waiting
java.lang.Thread.State: TIMED_WAITING
        at java.lang.Thread.sleep(Native Method)
        at org.apache.hadoop.util.JvmPauseMonitor$Monitor.run(JvmPauseMonitor.java:192)
        at java.lang.Thread.run(Thread.java:748)
"grpc-default-executor-0" daemon prio=5 tid=608 timed_waiting
java.lang.Thread.State: TIMED_WAITING
        at sun.misc.Unsafe.park(Native Method)
        at java.util.concurrent.locks.LockSupport.parkNanos(LockSupport.java:215)
        at java.util.concurrent.SynchronousQueue$TransferStack.awaitFulfill(SynchronousQueue.java:460)
        at java.util.concurrent.SynchronousQueue$TransferStack.transfer(SynchronousQueue.java:362)
        at java.util.concurrent.SynchronousQueue.poll(SynchronousQueue.java:941)
        at java.util.concurrent.ThreadPoolExecutor.getTask(ThreadPoolExecutor.java:1073)
        at java.util.concurrent.ThreadPoolExecutor.runWorker(ThreadPoolExecutor.java:1134)
        at java.util.concurrent.ThreadPoolExecutor$Worker.run(ThreadPoolExecutor.java:624)
        at java.lang.Thread.run(Thread.java:748)
"pool-36-thread-33"  prio=5 tid=379 in Object.wait()
java.lang.Thread.State: WAITING (on object monitor)
        at sun.misc.Unsafe.park(Native Method)
        at java.util.concurrent.locks.LockSupport.park(LockSupport.java:175)
        at java.util.concurrent.locks.AbstractQueuedSynchronizer$ConditionObject.await(AbstractQueuedSynchronizer.java:2039)
        at java.util.concurrent.ArrayBlockingQueue.take(ArrayBlockingQueue.java:403)
        at java.util.concurrent.ThreadPoolExecutor.getTask(ThreadPoolExecutor.java:1074)
        at java.util.concurrent.ThreadPoolExecutor.runWorker(ThreadPoolExecutor.java:1134)
        at java.util.concurrent.ThreadPoolExecutor$Worker.run(ThreadPoolExecutor.java:624)
        at java.lang.Thread.run(Thread.java:748)
"metrics-hadoop-metrics2-reporter-8-thread-1" daemon prio=5 tid=630 timed_waiting
java.lang.Thread.State: TIMED_WAITING
        at sun.misc.Unsafe.park(Native Method)
        at java.util.concurrent.locks.LockSupport.parkNanos(LockSupport.java:215)
        at java.util.concurrent.locks.AbstractQueuedSynchronizer$ConditionObject.awaitNanos(AbstractQueuedSynchronizer.java:2078)
        at java.util.concurrent.ScheduledThreadPoolExecutor$DelayedWorkQueue.take(ScheduledThreadPoolExecutor.java:1093)
        at java.util.concurrent.ScheduledThreadPoolExecutor$DelayedWorkQueue.take(ScheduledThreadPoolExecutor.java:809)
        at java.util.concurrent.ThreadPoolExecutor.getTask(ThreadPoolExecutor.java:1074)
        at java.util.concurrent.ThreadPoolExecutor.runWorker(ThreadPoolExecutor.java:1134)
        at java.util.concurrent.ThreadPoolExecutor$Worker.run(ThreadPoolExecutor.java:624)
        at java.lang.Thread.run(Thread.java:748)
"BlockDeletingService#1" daemon prio=5 tid=473 in Object.wait()
java.lang.Thread.State: WAITING (on object monitor)
        at sun.misc.Unsafe.park(Native Method)
        at java.util.concurrent.locks.LockSupport.park(LockSupport.java:175)
        at java.util.concurrent.locks.AbstractQueuedSynchronizer$ConditionObject.await(AbstractQueuedSynchronizer.java:2039)
        at java.util.concurrent.ScheduledThreadPoolExecutor$DelayedWorkQueue.take(ScheduledThreadPoolExecutor.java:1088)
        at java.util.concurrent.ScheduledThreadPoolExecutor$DelayedWorkQueue.take(ScheduledThreadPoolExecutor.java:809)
        at java.util.concurrent.ThreadPoolExecutor.getTask(ThreadPoolExecutor.java:1074)
        at java.util.concurrent.ThreadPoolExecutor.runWorker(ThreadPoolExecutor.java:1134)
        at java.util.concurrent.ThreadPoolExecutor$Worker.run(ThreadPoolExecutor.java:624)
        at java.lang.Thread.run(Thread.java:748)
"qtp1919592808-186" daemon prio=5 tid=186 runnable
java.lang.Thread.State: RUNNABLE
        at sun.nio.ch.EPollArrayWrapper.epollWait(Native Method)
        at sun.nio.ch.EPollArrayWrapper.poll(EPollArrayWrapper.java:269)
        at sun.nio.ch.EPollSelectorImpl.doSelect(EPollSelectorImpl.java:93)
        at sun.nio.ch.SelectorImpl.lockAndDoSelect(SelectorImpl.java:86)
        at sun.nio.ch.SelectorImpl.select(SelectorImpl.java:97)
        at sun.nio.ch.SelectorImpl.select(SelectorImpl.java:101)
        at org.eclipse.jetty.io.ManagedSelector$SelectorProducer.select(ManagedSelector.java:243)
        at org.eclipse.jetty.io.ManagedSelector$SelectorProducer.produce(ManagedSelector.java:191)
        at org.eclipse.jetty.util.thread.strategy.ExecuteProduceConsume.executeProduceConsume(ExecuteProduceConsume.java:249)
        at org.eclipse.jetty.util.thread.strategy.ExecuteProduceConsume.produceConsume(ExecuteProduceConsume.java:148)
        at org.eclipse.jetty.util.thread.strategy.ExecuteProduceConsume.execute(ExecuteProduceConsume.java:100)
        at org.eclipse.jetty.io.ManagedSelector.run(ManagedSelector.java:147)
        at org.eclipse.jetty.util.thread.QueuedThreadPool.runJob(QueuedThreadPool.java:671)
        at org.eclipse.jetty.util.thread.QueuedThreadPool$2.run(QueuedThreadPool.java:589)
        at java.lang.Thread.run(Thread.java:748)
"pool-54-thread-1" daemon prio=5 tid=237 timed_waiting
java.lang.Thread.State: TIMED_WAITING
        at sun.misc.Unsafe.park(Native Method)
        at java.util.concurrent.locks.LockSupport.parkNanos(LockSupport.java:215)
        at java.util.concurrent.locks.AbstractQueuedSynchronizer$ConditionObject.awaitNanos(AbstractQueuedSynchronizer.java:2078)
        at java.util.concurrent.ScheduledThreadPoolExecutor$DelayedWorkQueue.take(ScheduledThreadPoolExecutor.java:1093)
        at java.util.concurrent.ScheduledThreadPoolExecutor$DelayedWorkQueue.take(ScheduledThreadPoolExecutor.java:809)
        at java.util.concurrent.ThreadPoolExecutor.getTask(ThreadPoolExecutor.java:1074)
        at java.util.concurrent.ThreadPoolExecutor.runWorker(ThreadPoolExecutor.java:1134)
        at java.util.concurrent.ThreadPoolExecutor$Worker.run(ThreadPoolExecutor.java:624)
        at java.lang.Thread.run(Thread.java:748)
"IPC Server handler 1 on 33004" daemon prio=5 tid=70 timed_waiting
java.lang.Thread.State: TIMED_WAITING
        at sun.misc.Unsafe.park(Native Method)
        at java.util.concurrent.locks.LockSupport.parkNanos(LockSupport.java:215)
        at java.util.concurrent.locks.AbstractQueuedSynchronizer$ConditionObject.awaitNanos(AbstractQueuedSynchronizer.java:2078)
        at java.util.concurrent.LinkedBlockingQueue.poll(LinkedBlockingQueue.java:467)
        at org.apache.hadoop.ipc.CallQueueManager.take(CallQueueManager.java:288)
        at org.apache.hadoop.ipc.Server$Handler.run(Server.java:2668)
"pool-26-thread-24"  prio=5 tid=310 in Object.wait()
java.lang.Thread.State: WAITING (on object monitor)
        at sun.misc.Unsafe.park(Native Method)
        at java.util.concurrent.locks.LockSupport.park(LockSupport.java:175)
        at java.util.concurrent.locks.AbstractQueuedSynchronizer$ConditionObject.await(AbstractQueuedSynchronizer.java:2039)
        at java.util.concurrent.ArrayBlockingQueue.take(ArrayBlockingQueue.java:403)
        at java.util.concurrent.ThreadPoolExecutor.getTask(ThreadPoolExecutor.java:1074)
        at java.util.concurrent.ThreadPoolExecutor.runWorker(ThreadPoolExecutor.java:1134)
        at java.util.concurrent.ThreadPoolExecutor$Worker.run(ThreadPoolExecutor.java:624)
        at java.lang.Thread.run(Thread.java:748)
"Thread-233" daemon prio=5 tid=675 timed_waiting
java.lang.Thread.State: TIMED_WAITING
        at sun.misc.Unsafe.park(Native Method)
        at java.util.concurrent.locks.LockSupport.parkNanos(LockSupport.java:215)
        at java.util.concurrent.locks.AbstractQueuedSynchronizer$ConditionObject.awaitNanos(AbstractQueuedSynchronizer.java:2078)
        at java.util.concurrent.ArrayBlockingQueue.poll(ArrayBlockingQueue.java:418)
        at org.apache.ratis.server.impl.LeaderState$EventQueue.poll(LeaderState.java:115)
        at org.apache.ratis.server.impl.LeaderState$EventProcessor.run(LeaderState.java:467)
"metrics-hadoop-metrics2-reporter-7-thread-1" daemon prio=5 tid=629 timed_waiting
java.lang.Thread.State: TIMED_WAITING
        at sun.misc.Unsafe.park(Native Method)
        at java.util.concurrent.locks.LockSupport.parkNanos(LockSupport.java:215)
        at java.util.concurrent.locks.AbstractQueuedSynchronizer$ConditionObject.awaitNanos(AbstractQueuedSynchronizer.java:2078)
        at java.util.concurrent.ScheduledThreadPoolExecutor$DelayedWorkQueue.take(ScheduledThreadPoolExecutor.java:1093)
        at java.util.concurrent.ScheduledThreadPoolExecutor$DelayedWorkQueue.take(ScheduledThreadPoolExecutor.java:809)
        at java.util.concurrent.ThreadPoolExecutor.getTask(ThreadPoolExecutor.java:1074)
        at java.util.concurrent.ThreadPoolExecutor.runWorker(ThreadPoolExecutor.java:1134)
        at java.util.concurrent.ThreadPoolExecutor$Worker.run(ThreadPoolExecutor.java:624)
        at java.lang.Thread.run(Thread.java:748)
"pool-26-thread-28"  prio=5 tid=314 in Object.wait()
java.lang.Thread.State: WAITING (on object monitor)
        at sun.misc.Unsafe.park(Native Method)
        at java.util.concurrent.locks.LockSupport.park(LockSupport.java:175)
        at java.util.concurrent.locks.AbstractQueuedSynchronizer$ConditionObject.await(AbstractQueuedSynchronizer.java:2039)
        at java.util.concurrent.ArrayBlockingQueue.take(ArrayBlockingQueue.java:403)
        at java.util.concurrent.ThreadPoolExecutor.getTask(ThreadPoolExecutor.java:1074)
        at java.util.concurrent.ThreadPoolExecutor.runWorker(ThreadPoolExecutor.java:1134)
        at java.util.concurrent.ThreadPoolExecutor$Worker.run(ThreadPoolExecutor.java:624)
        at java.lang.Thread.run(Thread.java:748)
"pool-26-thread-17"  prio=5 tid=303 in Object.wait()
java.lang.Thread.State: WAITING (on object monitor)
        at sun.misc.Unsafe.park(Native Method)
        at java.util.concurrent.locks.LockSupport.park(LockSupport.java:175)
        at java.util.concurrent.locks.AbstractQueuedSynchronizer$ConditionObject.await(AbstractQueuedSynchronizer.java:2039)
        at java.util.concurrent.ArrayBlockingQueue.take(ArrayBlockingQueue.java:403)
        at java.util.concurrent.ThreadPoolExecutor.getTask(ThreadPoolExecutor.java:1074)
        at java.util.concurrent.ThreadPoolExecutor.runWorker(ThreadPoolExecutor.java:1134)
        at java.util.concurrent.ThreadPoolExecutor$Worker.run(ThreadPoolExecutor.java:624)
        at java.lang.Thread.run(Thread.java:748)
"pool-26-thread-9"  prio=5 tid=295 in Object.wait()
java.lang.Thread.State: WAITING (on object monitor)
        at sun.misc.Unsafe.park(Native Method)
        at java.util.concurrent.locks.LockSupport.park(LockSupport.java:175)
        at java.util.concurrent.locks.AbstractQueuedSynchronizer$ConditionObject.await(AbstractQueuedSynchronizer.java:2039)
        at java.util.concurrent.ArrayBlockingQueue.take(ArrayBlockingQueue.java:403)
        at java.util.concurrent.ThreadPoolExecutor.getTask(ThreadPoolExecutor.java:1074)
        at java.util.concurrent.ThreadPoolExecutor.runWorker(ThreadPoolExecutor.java:1134)
        at java.util.concurrent.ThreadPoolExecutor$Worker.run(ThreadPoolExecutor.java:624)
        at java.lang.Thread.run(Thread.java:748)
"pool-56-thread-31"  prio=5 tid=504 in Object.wait()
java.lang.Thread.State: WAITING (on object monitor)
        at sun.misc.Unsafe.park(Native Method)
        at java.util.concurrent.locks.LockSupport.park(LockSupport.java:175)
        at java.util.concurrent.locks.AbstractQueuedSynchronizer$ConditionObject.await(AbstractQueuedSynchronizer.java:2039)
        at java.util.concurrent.ArrayBlockingQueue.take(ArrayBlockingQueue.java:403)
        at java.util.concurrent.ThreadPoolExecutor.getTask(ThreadPoolExecutor.java:1074)
        at java.util.concurrent.ThreadPoolExecutor.runWorker(ThreadPoolExecutor.java:1134)
        at java.util.concurrent.ThreadPoolExecutor$Worker.run(ThreadPoolExecutor.java:624)
        at java.lang.Thread.run(Thread.java:748)
"IPC Server handler 5 on 46821" daemon prio=5 tid=54 timed_waiting
java.lang.Thread.State: TIMED_WAITING
        at sun.misc.Unsafe.park(Native Method)
        at java.util.concurrent.locks.LockSupport.parkNanos(LockSupport.java:215)
        at java.util.concurrent.locks.AbstractQueuedSynchronizer$ConditionObject.awaitNanos(AbstractQueuedSynchronizer.java:2078)
        at java.util.concurrent.LinkedBlockingQueue.poll(LinkedBlockingQueue.java:467)
        at org.apache.hadoop.ipc.CallQueueManager.take(CallQueueManager.java:288)
        at org.apache.hadoop.ipc.Server$Handler.run(Server.java:2668)
"EventQueue-ContainerReportForContainerReportHandler" daemon prio=5 tid=600 in Object.wait()
java.lang.Thread.State: WAITING (on object monitor)
        at sun.misc.Unsafe.park(Native Method)
        at java.util.concurrent.locks.LockSupport.park(LockSupport.java:175)
        at java.util.concurrent.locks.AbstractQueuedSynchronizer$ConditionObject.await(AbstractQueuedSynchronizer.java:2039)
        at java.util.concurrent.LinkedBlockingQueue.take(LinkedBlockingQueue.java:442)
        at java.util.concurrent.ThreadPoolExecutor.getTask(ThreadPoolExecutor.java:1074)
        at java.util.concurrent.ThreadPoolExecutor.runWorker(ThreadPoolExecutor.java:1134)
        at java.util.concurrent.ThreadPoolExecutor$Worker.run(ThreadPoolExecutor.java:624)
        at java.lang.Thread.run(Thread.java:748)
"pool-36-thread-55"  prio=5 tid=401 in Object.wait()
java.lang.Thread.State: WAITING (on object monitor)
        at sun.misc.Unsafe.park(Native Method)
        at java.util.concurrent.locks.LockSupport.park(LockSupport.java:175)
        at java.util.concurrent.locks.AbstractQueuedSynchronizer$ConditionObject.await(AbstractQueuedSynchronizer.java:2039)
        at java.util.concurrent.ArrayBlockingQueue.take(ArrayBlockingQueue.java:403)
        at java.util.concurrent.ThreadPoolExecutor.getTask(ThreadPoolExecutor.java:1074)
        at java.util.concurrent.ThreadPoolExecutor.runWorker(ThreadPoolExecutor.java:1134)
        at java.util.concurrent.ThreadPoolExecutor$Worker.run(ThreadPoolExecutor.java:624)
        at java.lang.Thread.run(Thread.java:748)
"pool-27-thread-1"  prio=5 tid=612 in Object.wait()
java.lang.Thread.State: WAITING (on object monitor)
        at sun.misc.Unsafe.park(Native Method)
        at java.util.concurrent.locks.LockSupport.park(LockSupport.java:175)
        at java.util.concurrent.locks.AbstractQueuedSynchronizer$ConditionObject.await(AbstractQueuedSynchronizer.java:2039)
        at java.util.concurrent.LinkedBlockingQueue.take(LinkedBlockingQueue.java:442)
        at java.util.concurrent.ThreadPoolExecutor.getTask(ThreadPoolExecutor.java:1074)
        at java.util.concurrent.ThreadPoolExecutor.runWorker(ThreadPoolExecutor.java:1134)
        at java.util.concurrent.ThreadPoolExecutor$Worker.run(ThreadPoolExecutor.java:624)
        at java.lang.Thread.run(Thread.java:748)
"org.eclipse.jetty.server.session.HashSessionManager@5a6fa56eTimer" daemon prio=5 tid=196 timed_waiting
java.lang.Thread.State: TIMED_WAITING
        at sun.misc.Unsafe.park(Native Method)
        at java.util.concurrent.locks.LockSupport.parkNanos(LockSupport.java:215)
        at java.util.concurrent.locks.AbstractQueuedSynchronizer$ConditionObject.awaitNanos(AbstractQueuedSynchronizer.java:2078)
        at java.util.concurrent.ScheduledThreadPoolExecutor$DelayedWorkQueue.take(ScheduledThreadPoolExecutor.java:1093)
        at java.util.concurrent.ScheduledThreadPoolExecutor$DelayedWorkQueue.take(ScheduledThreadPoolExecutor.java:809)
        at java.util.concurrent.ThreadPoolExecutor.getTask(ThreadPoolExecutor.java:1074)
        at java.util.concurrent.ThreadPoolExecutor.runWorker(ThreadPoolExecutor.java:1134)
        at java.util.concurrent.ThreadPoolExecutor$Worker.run(ThreadPoolExecutor.java:624)
        at java.lang.Thread.run(Thread.java:748)
"qtp1845760645-268-acceptor-0@45f93ea8-ServerConnector@38b8b6c0{HTTP/1.1,[http/1.1]}{0.0.0.0:41153}" daemon prio=3 tid=268 runnable
java.lang.Thread.State: RUNNABLE
        at sun.nio.ch.ServerSocketChannelImpl.accept0(Native Method)
        at sun.nio.ch.ServerSocketChannelImpl.accept(ServerSocketChannelImpl.java:422)
        at sun.nio.ch.ServerSocketChannelImpl.accept(ServerSocketChannelImpl.java:250)
        at org.eclipse.jetty.server.ServerConnector.accept(ServerConnector.java:397)
        at org.eclipse.jetty.server.AbstractConnector$Acceptor.run(AbstractConnector.java:601)
        at org.eclipse.jetty.util.thread.QueuedThreadPool.runJob(QueuedThreadPool.java:671)
        at org.eclipse.jetty.util.thread.QueuedThreadPool$2.run(QueuedThreadPool.java:589)
        at java.lang.Thread.run(Thread.java:748)
"Datanode ReportManager Thread - 3" daemon prio=5 tid=255 in Object.wait()
java.lang.Thread.State: WAITING (on object monitor)
        at sun.misc.Unsafe.park(Native Method)
        at java.util.concurrent.locks.LockSupport.park(LockSupport.java:175)
        at java.util.concurrent.locks.AbstractQueuedSynchronizer$ConditionObject.await(AbstractQueuedSynchronizer.java:2039)
        at java.util.concurrent.ScheduledThreadPoolExecutor$DelayedWorkQueue.take(ScheduledThreadPoolExecutor.java:1088)
        at java.util.concurrent.ScheduledThreadPoolExecutor$DelayedWorkQueue.take(ScheduledThreadPoolExecutor.java:809)
        at java.util.concurrent.ThreadPoolExecutor.getTask(ThreadPoolExecutor.java:1074)
        at java.util.concurrent.ThreadPoolExecutor.runWorker(ThreadPoolExecutor.java:1134)
        at java.util.concurrent.ThreadPoolExecutor$Worker.run(ThreadPoolExecutor.java:624)
        at java.lang.Thread.run(Thread.java:748)
"Datanode ReportManager Thread - 1" daemon prio=5 tid=226 in Object.wait()
java.lang.Thread.State: WAITING (on object monitor)
        at sun.misc.Unsafe.park(Native Method)
        at java.util.concurrent.locks.LockSupport.park(LockSupport.java:175)
        at java.util.concurrent.locks.AbstractQueuedSynchronizer$ConditionObject.await(AbstractQueuedSynchronizer.java:2039)
        at java.util.concurrent.ScheduledThreadPoolExecutor$DelayedWorkQueue.take(ScheduledThreadPoolExecutor.java:1088)
        at java.util.concurrent.ScheduledThreadPoolExecutor$DelayedWorkQueue.take(ScheduledThreadPoolExecutor.java:809)
        at java.util.concurrent.ThreadPoolExecutor.getTask(ThreadPoolExecutor.java:1074)
        at java.util.concurrent.ThreadPoolExecutor.runWorker(ThreadPoolExecutor.java:1134)
        at java.util.concurrent.ThreadPoolExecutor$Worker.run(ThreadPoolExecutor.java:624)
        at java.lang.Thread.run(Thread.java:748)
"pool-66-thread-34"  prio=5 tid=569 in Object.wait()
java.lang.Thread.State: WAITING (on object monitor)
        at sun.misc.Unsafe.park(Native Method)
        at java.util.concurrent.locks.LockSupport.park(LockSupport.java:175)
        at java.util.concurrent.locks.AbstractQueuedSynchronizer$ConditionObject.await(AbstractQueuedSynchronizer.java:2039)
        at java.util.concurrent.ArrayBlockingQueue.take(ArrayBlockingQueue.java:403)
        at java.util.concurrent.ThreadPoolExecutor.getTask(ThreadPoolExecutor.java:1074)
        at java.util.concurrent.ThreadPoolExecutor.runWorker(ThreadPoolExecutor.java:1134)
        at java.util.concurrent.ThreadPoolExecutor$Worker.run(ThreadPoolExecutor.java:624)
        at java.lang.Thread.run(Thread.java:748)
"org.eclipse.jetty.server.session.HashSessionManager@ae2db25Timer" daemon prio=5 tid=275 timed_waiting
java.lang.Thread.State: TIMED_WAITING
        at sun.misc.Unsafe.park(Native Method)
        at java.util.concurrent.locks.LockSupport.parkNanos(LockSupport.java:215)
        at java.util.concurrent.locks.AbstractQueuedSynchronizer$ConditionObject.awaitNanos(AbstractQueuedSynchronizer.java:2078)
        at java.util.concurrent.ScheduledThreadPoolExecutor$DelayedWorkQueue.take(ScheduledThreadPoolExecutor.java:1093)
        at java.util.concurrent.ScheduledThreadPoolExecutor$DelayedWorkQueue.take(ScheduledThreadPoolExecutor.java:809)
        at java.util.concurrent.ThreadPoolExecutor.getTask(ThreadPoolExecutor.java:1074)
        at java.util.concurrent.ThreadPoolExecutor.runWorker(ThreadPoolExecutor.java:1134)
        at java.util.concurrent.ThreadPoolExecutor$Worker.run(ThreadPoolExecutor.java:624)
        at java.lang.Thread.run(Thread.java:748)
"pool-56-thread-13"  prio=5 tid=486 in Object.wait()
java.lang.Thread.State: WAITING (on object monitor)
        at sun.misc.Unsafe.park(Native Method)
        at java.util.concurrent.locks.LockSupport.park(LockSupport.java:175)
        at java.util.concurrent.locks.AbstractQueuedSynchronizer$ConditionObject.await(AbstractQueuedSynchronizer.java:2039)
        at java.util.concurrent.ArrayBlockingQueue.take(ArrayBlockingQueue.java:403)
        at java.util.concurrent.ThreadPoolExecutor.getTask(ThreadPoolExecutor.java:1074)
        at java.util.concurrent.ThreadPoolExecutor.runWorker(ThreadPoolExecutor.java:1134)
        at java.util.concurrent.ThreadPoolExecutor$Worker.run(ThreadPoolExecutor.java:624)
        at java.lang.Thread.run(Thread.java:748)
"metrics-hadoop-metrics2-reporter-26-thread-1" daemon prio=5 tid=682 timed_waiting
java.lang.Thread.State: TIMED_WAITING
        at sun.misc.Unsafe.park(Native Method)
        at java.util.concurrent.locks.LockSupport.parkNanos(LockSupport.java:215)
        at java.util.concurrent.locks.AbstractQueuedSynchronizer$ConditionObject.awaitNanos(AbstractQueuedSynchronizer.java:2078)
        at java.util.concurrent.ScheduledThreadPoolExecutor$DelayedWorkQueue.take(ScheduledThreadPoolExecutor.java:1093)
        at java.util.concurrent.ScheduledThreadPoolExecutor$DelayedWorkQueue.take(ScheduledThreadPoolExecutor.java:809)
        at java.util.concurrent.ThreadPoolExecutor.getTask(ThreadPoolExecutor.java:1074)
        at java.util.concurrent.ThreadPoolExecutor.runWorker(ThreadPoolExecutor.java:1134)
        at java.util.concurrent.ThreadPoolExecutor$Worker.run(ThreadPoolExecutor.java:624)
        at java.lang.Thread.run(Thread.java:748)
"pool-46-thread-15"  prio=5 tid=421 in Object.wait()
java.lang.Thread.State: WAITING (on object monitor)
        at sun.misc.Unsafe.park(Native Method)
        at java.util.concurrent.locks.LockSupport.park(LockSupport.java:175)
        at java.util.concurrent.locks.AbstractQueuedSynchronizer$ConditionObject.await(AbstractQueuedSynchronizer.java:2039)
        at java.util.concurrent.ArrayBlockingQueue.take(ArrayBlockingQueue.java:403)
        at java.util.concurrent.ThreadPoolExecutor.getTask(ThreadPoolExecutor.java:1074)
        at java.util.concurrent.ThreadPoolExecutor.runWorker(ThreadPoolExecutor.java:1134)
        at java.util.concurrent.ThreadPoolExecutor$Worker.run(ThreadPoolExecutor.java:624)
        at java.lang.Thread.run(Thread.java:748)
"pool-36-thread-8"  prio=5 tid=354 in Object.wait()
java.lang.Thread.State: WAITING (on object monitor)
        at sun.misc.Unsafe.park(Native Method)
        at java.util.concurrent.locks.LockSupport.park(LockSupport.java:175)
        at java.util.concurrent.locks.AbstractQueuedSynchronizer$ConditionObject.await(AbstractQueuedSynchronizer.java:2039)
        at java.util.concurrent.ArrayBlockingQueue.take(ArrayBlockingQueue.java:403)
        at java.util.concurrent.ThreadPoolExecutor.getTask(ThreadPoolExecutor.java:1074)
        at java.util.concurrent.ThreadPoolExecutor.runWorker(ThreadPoolExecutor.java:1134)
        at java.util.concurrent.ThreadPoolExecutor$Worker.run(ThreadPoolExecutor.java:624)
        at java.lang.Thread.run(Thread.java:748)
"qtp1919592808-188" daemon prio=5 tid=188 timed_waiting
java.lang.Thread.State: TIMED_WAITING
        at sun.misc.Unsafe.park(Native Method)
        at java.util.concurrent.locks.LockSupport.parkNanos(LockSupport.java:215)
        at java.util.concurrent.locks.AbstractQueuedSynchronizer$ConditionObject.awaitNanos(AbstractQueuedSynchronizer.java:2078)
        at org.eclipse.jetty.util.BlockingArrayQueue.poll(BlockingArrayQueue.java:392)
        at org.eclipse.jetty.util.thread.QueuedThreadPool.idleJobPoll(QueuedThreadPool.java:563)
        at org.eclipse.jetty.util.thread.QueuedThreadPool.access$800(QueuedThreadPool.java:48)
        at org.eclipse.jetty.util.thread.QueuedThreadPool$2.run(QueuedThreadPool.java:626)
        at java.lang.Thread.run(Thread.java:748)
"pool-56-thread-49"  prio=5 tid=522 in Object.wait()
java.lang.Thread.State: WAITING (on object monitor)
        at sun.misc.Unsafe.park(Native Method)
        at java.util.concurrent.locks.LockSupport.park(LockSupport.java:175)
        at java.util.concurrent.locks.AbstractQueuedSynchronizer$ConditionObject.await(AbstractQueuedSynchronizer.java:2039)
        at java.util.concurrent.ArrayBlockingQueue.take(ArrayBlockingQueue.java:403)
        at java.util.concurrent.ThreadPoolExecutor.getTask(ThreadPoolExecutor.java:1074)
        at java.util.concurrent.ThreadPoolExecutor.runWorker(ThreadPoolExecutor.java:1134)
        at java.util.concurrent.ThreadPoolExecutor$Worker.run(ThreadPoolExecutor.java:624)
        at java.lang.Thread.run(Thread.java:748)
"pool-66-thread-45"  prio=5 tid=580 in Object.wait()
java.lang.Thread.State: WAITING (on object monitor)
        at sun.misc.Unsafe.park(Native Method)
        at java.util.concurrent.locks.LockSupport.park(LockSupport.java:175)
        at java.util.concurrent.locks.AbstractQueuedSynchronizer$ConditionObject.await(AbstractQueuedSynchronizer.java:2039)
        at java.util.concurrent.ArrayBlockingQueue.take(ArrayBlockingQueue.java:403)
        at java.util.concurrent.ThreadPoolExecutor.getTask(ThreadPoolExecutor.java:1074)
        at java.util.concurrent.ThreadPoolExecutor.runWorker(ThreadPoolExecutor.java:1134)
        at java.util.concurrent.ThreadPoolExecutor$Worker.run(ThreadPoolExecutor.java:624)
        at java.lang.Thread.run(Thread.java:748)
"pool-66-thread-23"  prio=5 tid=558 in Object.wait()
java.lang.Thread.State: WAITING (on object monitor)
        at sun.misc.Unsafe.park(Native Method)
        at java.util.concurrent.locks.LockSupport.park(LockSupport.java:175)
        at java.util.concurrent.locks.AbstractQueuedSynchronizer$ConditionObject.await(AbstractQueuedSynchronizer.java:2039)
        at java.util.concurrent.ArrayBlockingQueue.take(ArrayBlockingQueue.java:403)
        at java.util.concurrent.ThreadPoolExecutor.getTask(ThreadPoolExecutor.java:1074)
        at java.util.concurrent.ThreadPoolExecutor.runWorker(ThreadPoolExecutor.java:1134)
        at java.util.concurrent.ThreadPoolExecutor$Worker.run(ThreadPoolExecutor.java:624)
        at java.lang.Thread.run(Thread.java:748)
"IPC Server handler 3 on 35444" daemon prio=5 tid=117 timed_waiting
java.lang.Thread.State: TIMED_WAITING
        at sun.misc.Unsafe.park(Native Method)
        at java.util.concurrent.locks.LockSupport.parkNanos(LockSupport.java:215)
        at java.util.concurrent.locks.AbstractQueuedSynchronizer$ConditionObject.awaitNanos(AbstractQueuedSynchronizer.java:2078)
        at java.util.concurrent.LinkedBlockingQueue.poll(LinkedBlockingQueue.java:467)
        at org.apache.hadoop.ipc.CallQueueManager.take(CallQueueManager.java:288)
        at org.apache.hadoop.ipc.Server$Handler.run(Server.java:2668)
"pool-66-thread-38"  prio=5 tid=573 in Object.wait()
java.lang.Thread.State: WAITING (on object monitor)
        at sun.misc.Unsafe.park(Native Method)
        at java.util.concurrent.locks.LockSupport.park(LockSupport.java:175)
        at java.util.concurrent.locks.AbstractQueuedSynchronizer$ConditionObject.await(AbstractQueuedSynchronizer.java:2039)
        at java.util.concurrent.ArrayBlockingQueue.take(ArrayBlockingQueue.java:403)
        at java.util.concurrent.ThreadPoolExecutor.getTask(ThreadPoolExecutor.java:1074)
        at java.util.concurrent.ThreadPoolExecutor.runWorker(ThreadPoolExecutor.java:1134)
        at java.util.concurrent.ThreadPoolExecutor$Worker.run(ThreadPoolExecutor.java:624)
        at java.lang.Thread.run(Thread.java:748)
"Datanode ReportManager Thread - 0" daemon prio=5 tid=252 in Object.wait()
java.lang.Thread.State: WAITING (on object monitor)
        at sun.misc.Unsafe.park(Native Method)
        at java.util.concurrent.locks.LockSupport.park(LockSupport.java:175)
        at java.util.concurrent.locks.AbstractQueuedSynchronizer$ConditionObject.await(AbstractQueuedSynchronizer.java:2039)
        at java.util.concurrent.ScheduledThreadPoolExecutor$DelayedWorkQueue.take(ScheduledThreadPoolExecutor.java:1088)
        at java.util.concurrent.ScheduledThreadPoolExecutor$DelayedWorkQueue.take(ScheduledThreadPoolExecutor.java:809)
        at java.util.concurrent.ThreadPoolExecutor.getTask(ThreadPoolExecutor.java:1074)
        at java.util.concurrent.ThreadPoolExecutor.runWorker(ThreadPoolExecutor.java:1134)
        at java.util.concurrent.ThreadPoolExecutor$Worker.run(ThreadPoolExecutor.java:624)
        at java.lang.Thread.run(Thread.java:748)
"IPC Server Responder" daemon prio=5 tid=25 runnable
java.lang.Thread.State: RUNNABLE
        at sun.nio.ch.EPollArrayWrapper.epollWait(Native Method)
        at sun.nio.ch.EPollArrayWrapper.poll(EPollArrayWrapper.java:269)
        at sun.nio.ch.EPollSelectorImpl.doSelect(EPollSelectorImpl.java:93)
        at sun.nio.ch.SelectorImpl.lockAndDoSelect(SelectorImpl.java:86)
        at sun.nio.ch.SelectorImpl.select(SelectorImpl.java:97)
        at org.apache.hadoop.ipc.Server$Responder.doRunLoop(Server.java:1334)
        at org.apache.hadoop.ipc.Server$Responder.run(Server.java:1317)
"Reference Handler" daemon prio=10 tid=2 in Object.wait()
java.lang.Thread.State: WAITING (on object monitor)
        at java.lang.Object.wait(Native Method)
        at java.lang.Object.wait(Object.java:502)
        at java.lang.ref.Reference.tryHandlePending(Reference.java:191)
        at java.lang.ref.Reference$ReferenceHandler.run(Reference.java:153)
"pool-66-thread-9"  prio=5 tid=544 in Object.wait()
java.lang.Thread.State: WAITING (on object monitor)
        at sun.misc.Unsafe.park(Native Method)
        at java.util.concurrent.locks.LockSupport.park(LockSupport.java:175)
        at java.util.concurrent.locks.AbstractQueuedSynchronizer$ConditionObject.await(AbstractQueuedSynchronizer.java:2039)
        at java.util.concurrent.ArrayBlockingQueue.take(ArrayBlockingQueue.java:403)
        at java.util.concurrent.ThreadPoolExecutor.getTask(ThreadPoolExecutor.java:1074)
        at java.util.concurrent.ThreadPoolExecutor.runWorker(ThreadPoolExecutor.java:1134)
        at java.util.concurrent.ThreadPoolExecutor$Worker.run(ThreadPoolExecutor.java:624)
        at java.lang.Thread.run(Thread.java:748)
"IPC Server handler 4 on 46821" daemon prio=5 tid=53 timed_waiting
java.lang.Thread.State: TIMED_WAITING
        at sun.misc.Unsafe.park(Native Method)
        at java.util.concurrent.locks.LockSupport.parkNanos(LockSupport.java:215)
        at java.util.concurrent.locks.AbstractQueuedSynchronizer$ConditionObject.awaitNanos(AbstractQueuedSynchronizer.java:2078)
        at java.util.concurrent.LinkedBlockingQueue.poll(LinkedBlockingQueue.java:467)
        at org.apache.hadoop.ipc.CallQueueManager.take(CallQueueManager.java:288)
        at org.apache.hadoop.ipc.Server$Handler.run(Server.java:2668)
"pool-26-thread-52"  prio=5 tid=338 in Object.wait()
java.lang.Thread.State: WAITING (on object monitor)
        at sun.misc.Unsafe.park(Native Method)
        at java.util.concurrent.locks.LockSupport.park(LockSupport.java:175)
        at java.util.concurrent.locks.AbstractQueuedSynchronizer$ConditionObject.await(AbstractQueuedSynchronizer.java:2039)
        at java.util.concurrent.ArrayBlockingQueue.take(ArrayBlockingQueue.java:403)
        at java.util.concurrent.ThreadPoolExecutor.getTask(ThreadPoolExecutor.java:1074)
        at java.util.concurrent.ThreadPoolExecutor.runWorker(ThreadPoolExecutor.java:1134)
        at java.util.concurrent.ThreadPoolExecutor$Worker.run(ThreadPoolExecutor.java:624)
        at java.lang.Thread.run(Thread.java:748)
"pool-46-thread-20"  prio=5 tid=426 in Object.wait()
java.lang.Thread.State: WAITING (on object monitor)
        at sun.misc.Unsafe.park(Native Method)
        at java.util.concurrent.locks.LockSupport.park(LockSupport.java:175)
        at java.util.concurrent.locks.AbstractQueuedSynchronizer$ConditionObject.await(AbstractQueuedSynchronizer.java:2039)
        at java.util.concurrent.ArrayBlockingQueue.take(ArrayBlockingQueue.java:403)
        at java.util.concurrent.ThreadPoolExecutor.getTask(ThreadPoolExecutor.java:1074)
        at java.util.concurrent.ThreadPoolExecutor.runWorker(ThreadPoolExecutor.java:1134)
        at java.util.concurrent.ThreadPoolExecutor$Worker.run(ThreadPoolExecutor.java:624)
        at java.lang.Thread.run(Thread.java:748)
"pool-56-thread-53"  prio=5 tid=526 in Object.wait()
java.lang.Thread.State: WAITING (on object monitor)
        at sun.misc.Unsafe.park(Native Method)
        at java.util.concurrent.locks.LockSupport.park(LockSupport.java:175)
        at java.util.concurrent.locks.AbstractQueuedSynchronizer$ConditionObject.await(AbstractQueuedSynchronizer.java:2039)
        at java.util.concurrent.ArrayBlockingQueue.take(ArrayBlockingQueue.java:403)
        at java.util.concurrent.ThreadPoolExecutor.getTask(ThreadPoolExecutor.java:1074)
        at java.util.concurrent.ThreadPoolExecutor.runWorker(ThreadPoolExecutor.java:1134)
        at java.util.concurrent.ThreadPoolExecutor$Worker.run(ThreadPoolExecutor.java:624)
        at java.lang.Thread.run(Thread.java:748)
"metrics-hadoop-metrics2-reporter-40-thread-1" daemon prio=5 tid=787 timed_waiting
java.lang.Thread.State: TIMED_WAITING
        at sun.misc.Unsafe.park(Native Method)
        at java.util.concurrent.locks.LockSupport.parkNanos(LockSupport.java:215)
        at java.util.concurrent.locks.AbstractQueuedSynchronizer$ConditionObject.awaitNanos(AbstractQueuedSynchronizer.java:2078)
        at java.util.concurrent.ScheduledThreadPoolExecutor$DelayedWorkQueue.take(ScheduledThreadPoolExecutor.java:1093)
        at java.util.concurrent.ScheduledThreadPoolExecutor$DelayedWorkQueue.take(ScheduledThreadPoolExecutor.java:809)
        at java.util.concurrent.ThreadPoolExecutor.getTask(ThreadPoolExecutor.java:1074)
        at java.util.concurrent.ThreadPoolExecutor.runWorker(ThreadPoolExecutor.java:1134)
        at java.util.concurrent.ThreadPoolExecutor$Worker.run(ThreadPoolExecutor.java:624)
        at java.lang.Thread.run(Thread.java:748)
"IPC Server handler 17 on 40923" daemon prio=5 tid=46 timed_waiting
java.lang.Thread.State: TIMED_WAITING
        at sun.misc.Unsafe.park(Native Method)
        at java.util.concurrent.locks.LockSupport.parkNanos(LockSupport.java:215)
        at java.util.concurrent.locks.AbstractQueuedSynchronizer$ConditionObject.awaitNanos(AbstractQueuedSynchronizer.java:2078)
        at java.util.concurrent.LinkedBlockingQueue.poll(LinkedBlockingQueue.java:467)
        at org.apache.hadoop.ipc.CallQueueManager.take(CallQueueManager.java:288)
        at org.apache.hadoop.ipc.Server$Handler.run(Server.java:2668)
"pool-46-thread-17"  prio=5 tid=423 in Object.wait()
java.lang.Thread.State: WAITING (on object monitor)
        at sun.misc.Unsafe.park(Native Method)
        at java.util.concurrent.locks.LockSupport.park(LockSupport.java:175)
        at java.util.concurrent.locks.AbstractQueuedSynchronizer$ConditionObject.await(AbstractQueuedSynchronizer.java:2039)
        at java.util.concurrent.ArrayBlockingQueue.take(ArrayBlockingQueue.java:403)
        at java.util.concurrent.ThreadPoolExecutor.getTask(ThreadPoolExecutor.java:1074)
        at java.util.concurrent.ThreadPoolExecutor.runWorker(ThreadPoolExecutor.java:1134)
        at java.util.concurrent.ThreadPoolExecutor$Worker.run(ThreadPoolExecutor.java:624)
        at java.lang.Thread.run(Thread.java:748)
"pool-56-thread-29"  prio=5 tid=502 in Object.wait()
java.lang.Thread.State: WAITING (on object monitor)
        at sun.misc.Unsafe.park(Native Method)
        at java.util.concurrent.locks.LockSupport.park(LockSupport.java:175)
        at java.util.concurrent.locks.AbstractQueuedSynchronizer$ConditionObject.await(AbstractQueuedSynchronizer.java:2039)
        at java.util.concurrent.ArrayBlockingQueue.take(ArrayBlockingQueue.java:403)
        at java.util.concurrent.ThreadPoolExecutor.getTask(ThreadPoolExecutor.java:1074)
        at java.util.concurrent.ThreadPoolExecutor.runWorker(ThreadPoolExecutor.java:1134)
        at java.util.concurrent.ThreadPoolExecutor$Worker.run(ThreadPoolExecutor.java:624)
        at java.lang.Thread.run(Thread.java:748)
"IPC Server handler 14 on 35444" daemon prio=5 tid=128 timed_waiting
java.lang.Thread.State: TIMED_WAITING
        at sun.misc.Unsafe.park(Native Method)
        at java.util.concurrent.locks.LockSupport.parkNanos(LockSupport.java:215)
        at java.util.concurrent.locks.AbstractQueuedSynchronizer$ConditionObject.awaitNanos(AbstractQueuedSynchronizer.java:2078)
        at java.util.concurrent.LinkedBlockingQueue.poll(LinkedBlockingQueue.java:467)
        at org.apache.hadoop.ipc.CallQueueManager.take(CallQueueManager.java:288)
        at org.apache.hadoop.ipc.Server$Handler.run(Server.java:2668)
"pool-26-thread-30"  prio=5 tid=316 in Object.wait()
java.lang.Thread.State: WAITING (on object monitor)
        at sun.misc.Unsafe.park(Native Method)
        at java.util.concurrent.locks.LockSupport.park(LockSupport.java:175)
        at java.util.concurrent.locks.AbstractQueuedSynchronizer$ConditionObject.await(AbstractQueuedSynchronizer.java:2039)
        at java.util.concurrent.ArrayBlockingQueue.take(ArrayBlockingQueue.java:403)
        at java.util.concurrent.ThreadPoolExecutor.getTask(ThreadPoolExecutor.java:1074)
        at java.util.concurrent.ThreadPoolExecutor.runWorker(ThreadPoolExecutor.java:1134)
        at java.util.concurrent.ThreadPoolExecutor$Worker.run(ThreadPoolExecutor.java:624)
        at java.lang.Thread.run(Thread.java:748)
"metrics-hadoop-metrics2-reporter-6-thread-1" daemon prio=5 tid=626 timed_waiting
java.lang.Thread.State: TIMED_WAITING
        at sun.misc.Unsafe.park(Native Method)
        at java.util.concurrent.locks.LockSupport.parkNanos(LockSupport.java:215)
        at java.util.concurrent.locks.AbstractQueuedSynchronizer$ConditionObject.awaitNanos(AbstractQueuedSynchronizer.java:2078)
        at java.util.concurrent.ScheduledThreadPoolExecutor$DelayedWorkQueue.take(ScheduledThreadPoolExecutor.java:1093)
        at java.util.concurrent.ScheduledThreadPoolExecutor$DelayedWorkQueue.take(ScheduledThreadPoolExecutor.java:809)
        at java.util.concurrent.ThreadPoolExecutor.getTask(ThreadPoolExecutor.java:1074)
        at java.util.concurrent.ThreadPoolExecutor.runWorker(ThreadPoolExecutor.java:1134)
        at java.util.concurrent.ThreadPoolExecutor$Worker.run(ThreadPoolExecutor.java:624)
        at java.lang.Thread.run(Thread.java:748)
"pool-21-thread-1"  prio=5 tid=135 timed_waiting
java.lang.Thread.State: TIMED_WAITING
        at sun.misc.Unsafe.park(Native Method)
        at java.util.concurrent.locks.LockSupport.parkNanos(LockSupport.java:215)
        at java.util.concurrent.locks.AbstractQueuedSynchronizer$ConditionObject.awaitNanos(AbstractQueuedSynchronizer.java:2078)
        at java.util.concurrent.ScheduledThreadPoolExecutor$DelayedWorkQueue.take(ScheduledThreadPoolExecutor.java:1093)
        at java.util.concurrent.ScheduledThreadPoolExecutor$DelayedWorkQueue.take(ScheduledThreadPoolExecutor.java:809)
        at java.util.concurrent.ThreadPoolExecutor.getTask(ThreadPoolExecutor.java:1074)
        at java.util.concurrent.ThreadPoolExecutor.runWorker(ThreadPoolExecutor.java:1134)
        at java.util.concurrent.ThreadPoolExecutor$Worker.run(ThreadPoolExecutor.java:624)
        at java.lang.Thread.run(Thread.java:748)
"qtp1680841335-217" daemon prio=5 tid=217 timed_waiting
java.lang.Thread.State: TIMED_WAITING
        at sun.misc.Unsafe.park(Native Method)
        at java.util.concurrent.locks.LockSupport.parkNanos(LockSupport.java:215)
        at java.util.concurrent.locks.AbstractQueuedSynchronizer$ConditionObject.awaitNanos(AbstractQueuedSynchronizer.java:2078)
        at org.eclipse.jetty.util.BlockingArrayQueue.poll(BlockingArrayQueue.java:392)
        at org.eclipse.jetty.util.thread.QueuedThreadPool.idleJobPoll(QueuedThreadPool.java:563)
        at org.eclipse.jetty.util.thread.QueuedThreadPool.access$800(QueuedThreadPool.java:48)
        at org.eclipse.jetty.util.thread.QueuedThreadPool$2.run(QueuedThreadPool.java:626)
        at java.lang.Thread.run(Thread.java:748)
"pool-66-thread-26"  prio=5 tid=561 in Object.wait()
java.lang.Thread.State: WAITING (on object monitor)
        at sun.misc.Unsafe.park(Native Method)
        at java.util.concurrent.locks.LockSupport.park(LockSupport.java:175)
        at java.util.concurrent.locks.AbstractQueuedSynchronizer$ConditionObject.await(AbstractQueuedSynchronizer.java:2039)
        at java.util.concurrent.ArrayBlockingQueue.take(ArrayBlockingQueue.java:403)
        at java.util.concurrent.ThreadPoolExecutor.getTask(ThreadPoolExecutor.java:1074)
        at java.util.concurrent.ThreadPoolExecutor.runWorker(ThreadPoolExecutor.java:1134)
        at java.util.concurrent.ThreadPoolExecutor$Worker.run(ThreadPoolExecutor.java:624)
        at java.lang.Thread.run(Thread.java:748)
"pool-56-thread-1"  prio=5 tid=474 in Object.wait()
java.lang.Thread.State: WAITING (on object monitor)
        at sun.misc.Unsafe.park(Native Method)
        at java.util.concurrent.locks.LockSupport.park(LockSupport.java:175)
        at java.util.concurrent.locks.AbstractQueuedSynchronizer$ConditionObject.await(AbstractQueuedSynchronizer.java:2039)
        at java.util.concurrent.ArrayBlockingQueue.take(ArrayBlockingQueue.java:403)
        at java.util.concurrent.ThreadPoolExecutor.getTask(ThreadPoolExecutor.java:1074)
        at java.util.concurrent.ThreadPoolExecutor.runWorker(ThreadPoolExecutor.java:1134)
        at java.util.concurrent.ThreadPoolExecutor$Worker.run(ThreadPoolExecutor.java:624)
        at java.lang.Thread.run(Thread.java:748)
"IPC Server handler 8 on 33004" daemon prio=5 tid=77 timed_waiting
java.lang.Thread.State: TIMED_WAITING
        at sun.misc.Unsafe.park(Native Method)
        at java.util.concurrent.locks.LockSupport.parkNanos(LockSupport.java:215)
        at java.util.concurrent.locks.AbstractQueuedSynchronizer$ConditionObject.awaitNanos(AbstractQueuedSynchronizer.java:2078)
        at java.util.concurrent.LinkedBlockingQueue.poll(LinkedBlockingQueue.java:467)
        at org.apache.hadoop.ipc.CallQueueManager.take(CallQueueManager.java:288)
        at org.apache.hadoop.ipc.Server$Handler.run(Server.java:2668)
"IPC Server handler 5 on 35444" daemon prio=5 tid=119 timed_waiting
java.lang.Thread.State: TIMED_WAITING
        at sun.misc.Unsafe.park(Native Method)
        at java.util.concurrent.locks.LockSupport.parkNanos(LockSupport.java:215)
        at java.util.concurrent.locks.AbstractQueuedSynchronizer$ConditionObject.awaitNanos(AbstractQueuedSynchronizer.java:2078)
        at java.util.concurrent.LinkedBlockingQueue.poll(LinkedBlockingQueue.java:467)
        at org.apache.hadoop.ipc.CallQueueManager.take(CallQueueManager.java:288)
        at org.apache.hadoop.ipc.Server$Handler.run(Server.java:2668)
"grpc-default-executor-2" daemon prio=5 tid=673 timed_waiting
java.lang.Thread.State: TIMED_WAITING
        at sun.misc.Unsafe.park(Native Method)
        at java.util.concurrent.locks.LockSupport.parkNanos(LockSupport.java:215)
        at java.util.concurrent.SynchronousQueue$TransferStack.awaitFulfill(SynchronousQueue.java:460)
        at java.util.concurrent.SynchronousQueue$TransferStack.transfer(SynchronousQueue.java:362)
        at java.util.concurrent.SynchronousQueue.poll(SynchronousQueue.java:941)
        at java.util.concurrent.ThreadPoolExecutor.getTask(ThreadPoolExecutor.java:1073)
        at java.util.concurrent.ThreadPoolExecutor.runWorker(ThreadPoolExecutor.java:1134)
        at java.util.concurrent.ThreadPoolExecutor$Worker.run(ThreadPoolExecutor.java:624)
        at java.lang.Thread.run(Thread.java:748)
"qtp1845760645-273" daemon prio=5 tid=273 timed_waiting
java.lang.Thread.State: TIMED_WAITING
        at sun.misc.Unsafe.park(Native Method)
        at java.util.concurrent.locks.LockSupport.parkNanos(LockSupport.java:215)
        at java.util.concurrent.locks.AbstractQueuedSynchronizer$ConditionObject.awaitNanos(AbstractQueuedSynchronizer.java:2078)
        at org.eclipse.jetty.util.BlockingArrayQueue.poll(BlockingArrayQueue.java:392)
        at org.eclipse.jetty.util.thread.QueuedThreadPool.idleJobPoll(QueuedThreadPool.java:563)
        at org.eclipse.jetty.util.thread.QueuedThreadPool.access$800(QueuedThreadPool.java:48)
        at org.eclipse.jetty.util.thread.QueuedThreadPool$2.run(QueuedThreadPool.java:626)
        at java.lang.Thread.run(Thread.java:748)
"org.eclipse.jetty.server.session.HashSessionManager@350d3f4dTimer" daemon prio=5 tid=222 timed_waiting
java.lang.Thread.State: TIMED_WAITING
        at sun.misc.Unsafe.park(Native Method)
        at java.util.concurrent.locks.LockSupport.parkNanos(LockSupport.java:215)
        at java.util.concurrent.locks.AbstractQueuedSynchronizer$ConditionObject.awaitNanos(AbstractQueuedSynchronizer.java:2078)
        at java.util.concurrent.ScheduledThreadPoolExecutor$DelayedWorkQueue.take(ScheduledThreadPoolExecutor.java:1093)
        at java.util.concurrent.ScheduledThreadPoolExecutor$DelayedWorkQueue.take(ScheduledThreadPoolExecutor.java:809)
        at java.util.concurrent.ThreadPoolExecutor.getTask(ThreadPoolExecutor.java:1074)
        at java.util.concurrent.ThreadPoolExecutor.runWorker(ThreadPoolExecutor.java:1134)
        at java.util.concurrent.ThreadPoolExecutor$Worker.run(ThreadPoolExecutor.java:624)
        at java.lang.Thread.run(Thread.java:748)
"BlockDeletingService#0" daemon prio=5 tid=534 timed_waiting
java.lang.Thread.State: TIMED_WAITING
        at sun.misc.Unsafe.park(Native Method)
        at java.util.concurrent.locks.LockSupport.parkNanos(LockSupport.java:215)
        at java.util.concurrent.locks.AbstractQueuedSynchronizer$ConditionObject.awaitNanos(AbstractQueuedSynchronizer.java:2078)
        at java.util.concurrent.ScheduledThreadPoolExecutor$DelayedWorkQueue.take(ScheduledThreadPoolExecutor.java:1093)
        at java.util.concurrent.ScheduledThreadPoolExecutor$DelayedWorkQueue.take(ScheduledThreadPoolExecutor.java:809)
        at java.util.concurrent.ThreadPoolExecutor.getTask(ThreadPoolExecutor.java:1074)
        at java.util.concurrent.ThreadPoolExecutor.runWorker(ThreadPoolExecutor.java:1134)
        at java.util.concurrent.ThreadPoolExecutor$Worker.run(ThreadPoolExecutor.java:624)
        at java.lang.Thread.run(Thread.java:748)
"java.util.concurrent.ThreadPoolExecutor$Worker@42e70947[State = -1, empty queue]" daemon prio=5 tid=822 timed_waiting
java.lang.Thread.State: TIMED_WAITING
        at sun.misc.Unsafe.park(Native Method)
        at java.util.concurrent.locks.LockSupport.parkNanos(LockSupport.java:215)
        at java.util.concurrent.locks.AbstractQueuedSynchronizer$ConditionObject.awaitNanos(AbstractQueuedSynchronizer.java:2078)
        at java.util.concurrent.ScheduledThreadPoolExecutor$DelayedWorkQueue.take(ScheduledThreadPoolExecutor.java:1093)
        at java.util.concurrent.ScheduledThreadPoolExecutor$DelayedWorkQueue.take(ScheduledThreadPoolExecutor.java:809)
        at java.util.concurrent.ThreadPoolExecutor.getTask(ThreadPoolExecutor.java:1074)
        at java.util.concurrent.ThreadPoolExecutor.runWorker(ThreadPoolExecutor.java:1134)
        at java.util.concurrent.ThreadPoolExecutor$Worker.run(ThreadPoolExecutor.java:624)
        at java.lang.Thread.run(Thread.java:748)
"IPC Server handler 7 on 40923" daemon prio=5 tid=36 timed_waiting
java.lang.Thread.State: TIMED_WAITING
        at sun.misc.Unsafe.park(Native Method)
        at java.util.concurrent.locks.LockSupport.parkNanos(LockSupport.java:215)
        at java.util.concurrent.locks.AbstractQueuedSynchronizer$ConditionObject.awaitNanos(AbstractQueuedSynchronizer.java:2078)
        at java.util.concurrent.LinkedBlockingQueue.poll(LinkedBlockingQueue.java:467)
        at org.apache.hadoop.ipc.CallQueueManager.take(CallQueueManager.java:288)
        at org.apache.hadoop.ipc.Server$Handler.run(Server.java:2668)
"org.eclipse.jetty.server.session.HashSessionManager@715b886fTimer" daemon prio=5 tid=221 timed_waiting
java.lang.Thread.State: TIMED_WAITING
        at sun.misc.Unsafe.park(Native Method)
        at java.util.concurrent.locks.LockSupport.parkNanos(LockSupport.java:215)
        at java.util.concurrent.locks.AbstractQueuedSynchronizer$ConditionObject.awaitNanos(AbstractQueuedSynchronizer.java:2078)
        at java.util.concurrent.ScheduledThreadPoolExecutor$DelayedWorkQueue.take(ScheduledThreadPoolExecutor.java:1093)
        at java.util.concurrent.ScheduledThreadPoolExecutor$DelayedWorkQueue.take(ScheduledThreadPoolExecutor.java:809)
        at java.util.concurrent.ThreadPoolExecutor.getTask(ThreadPoolExecutor.java:1074)
        at java.util.concurrent.ThreadPoolExecutor.runWorker(ThreadPoolExecutor.java:1134)
        at java.util.concurrent.ThreadPoolExecutor$Worker.run(ThreadPoolExecutor.java:624)
        at java.lang.Thread.run(Thread.java:748)
"pool-66-thread-29"  prio=5 tid=564 in Object.wait()
java.lang.Thread.State: WAITING (on object monitor)
        at sun.misc.Unsafe.park(Native Method)
        at java.util.concurrent.locks.LockSupport.park(LockSupport.java:175)
        at java.util.concurrent.locks.AbstractQueuedSynchronizer$ConditionObject.await(AbstractQueuedSynchronizer.java:2039)
        at java.util.concurrent.ArrayBlockingQueue.take(ArrayBlockingQueue.java:403)
        at java.util.concurrent.ThreadPoolExecutor.getTask(ThreadPoolExecutor.java:1074)
        at java.util.concurrent.ThreadPoolExecutor.runWorker(ThreadPoolExecutor.java:1134)
        at java.util.concurrent.ThreadPoolExecutor$Worker.run(ThreadPoolExecutor.java:624)
        at java.lang.Thread.run(Thread.java:748)
"org.eclipse.jetty.server.session.HashSessionManager@5dd903beTimer" daemon prio=5 tid=194 timed_waiting
java.lang.Thread.State: TIMED_WAITING
        at sun.misc.Unsafe.park(Native Method)
        at java.util.concurrent.locks.LockSupport.parkNanos(LockSupport.java:215)
        at java.util.concurrent.locks.AbstractQueuedSynchronizer$ConditionObject.awaitNanos(AbstractQueuedSynchronizer.java:2078)
        at java.util.concurrent.ScheduledThreadPoolExecutor$DelayedWorkQueue.take(ScheduledThreadPoolExecutor.java:1093)
        at java.util.concurrent.ScheduledThreadPoolExecutor$DelayedWorkQueue.take(ScheduledThreadPoolExecutor.java:809)
        at java.util.concurrent.ThreadPoolExecutor.getTask(ThreadPoolExecutor.java:1074)
        at java.util.concurrent.ThreadPoolExecutor.runWorker(ThreadPoolExecutor.java:1134)
        at java.util.concurrent.ThreadPoolExecutor$Worker.run(ThreadPoolExecutor.java:624)
        at java.lang.Thread.run(Thread.java:748)
"Timer-1" daemon prio=5 tid=149 timed_waiting
java.lang.Thread.State: TIMED_WAITING
        at java.lang.Object.wait(Native Method)
        at java.util.TimerThread.mainLoop(Timer.java:552)
        at java.util.TimerThread.run(Timer.java:505)
"pool-56-thread-39"  prio=5 tid=512 in Object.wait()
java.lang.Thread.State: WAITING (on object monitor)
        at sun.misc.Unsafe.park(Native Method)
        at java.util.concurrent.locks.LockSupport.park(LockSupport.java:175)
        at java.util.concurrent.locks.AbstractQueuedSynchronizer$ConditionObject.await(AbstractQueuedSynchronizer.java:2039)
        at java.util.concurrent.ArrayBlockingQueue.take(ArrayBlockingQueue.java:403)
        at java.util.concurrent.ThreadPoolExecutor.getTask(ThreadPoolExecutor.java:1074)
        at java.util.concurrent.ThreadPoolExecutor.runWorker(ThreadPoolExecutor.java:1134)
        at java.util.concurrent.ThreadPoolExecutor$Worker.run(ThreadPoolExecutor.java:624)
        at java.lang.Thread.run(Thread.java:748)
"Datanode State Machine Thread - 0" daemon prio=5 tid=170 timed_waiting
java.lang.Thread.State: TIMED_WAITING
        at java.lang.Thread.sleep(Native Method)
        at org.apache.hadoop.ozone.container.common.statemachine.DatanodeStateMachine.start(DatanodeStateMachine.java:191)
        at org.apache.hadoop.ozone.container.common.statemachine.DatanodeStateMachine.lambda$startDaemon$0(DatanodeStateMachine.java:349)
        at org.apache.hadoop.ozone.container.common.statemachine.DatanodeStateMachine$$Lambda$140/177389135.run(Unknown Source)
        at java.lang.Thread.run(Thread.java:748)
"EventQueue-NodeRegistrationContainerReportForDataNodeSafeModeRule" daemon prio=5 tid=602 in Object.wait()
java.lang.Thread.State: WAITING (on object monitor)
        at sun.misc.Unsafe.park(Native Method)
        at java.util.concurrent.locks.LockSupport.park(LockSupport.java:175)
        at java.util.concurrent.locks.AbstractQueuedSynchronizer$ConditionObject.await(AbstractQueuedSynchronizer.java:2039)
        at java.util.concurrent.LinkedBlockingQueue.take(LinkedBlockingQueue.java:442)
        at java.util.concurrent.ThreadPoolExecutor.getTask(ThreadPoolExecutor.java:1074)
        at java.util.concurrent.ThreadPoolExecutor.runWorker(ThreadPoolExecutor.java:1134)
        at java.util.concurrent.ThreadPoolExecutor$Worker.run(ThreadPoolExecutor.java:624)
        at java.lang.Thread.run(Thread.java:748)
"metrics-hadoop-metrics2-reporter-18-thread-1" daemon prio=5 tid=654 timed_waiting
java.lang.Thread.State: TIMED_WAITING
        at sun.misc.Unsafe.park(Native Method)
        at java.util.concurrent.locks.LockSupport.parkNanos(LockSupport.java:215)
        at java.util.concurrent.locks.AbstractQueuedSynchronizer$ConditionObject.awaitNanos(AbstractQueuedSynchronizer.java:2078)
        at java.util.concurrent.ScheduledThreadPoolExecutor$DelayedWorkQueue.take(ScheduledThreadPoolExecutor.java:1093)
        at java.util.concurrent.ScheduledThreadPoolExecutor$DelayedWorkQueue.take(ScheduledThreadPoolExecutor.java:809)
        at java.util.concurrent.ThreadPoolExecutor.getTask(ThreadPoolExecutor.java:1074)
        at java.util.concurrent.ThreadPoolExecutor.runWorker(ThreadPoolExecutor.java:1134)
        at java.util.concurrent.ThreadPoolExecutor$Worker.run(ThreadPoolExecutor.java:624)
        at java.lang.Thread.run(Thread.java:748)
"metrics-hadoop-metrics2-reporter-30-thread-1" daemon prio=5 tid=689 timed_waiting
java.lang.Thread.State: TIMED_WAITING
        at sun.misc.Unsafe.park(Native Method)
        at java.util.concurrent.locks.LockSupport.parkNanos(LockSupport.java:215)
        at java.util.concurrent.locks.AbstractQueuedSynchronizer$ConditionObject.awaitNanos(AbstractQueuedSynchronizer.java:2078)
        at java.util.concurrent.ScheduledThreadPoolExecutor$DelayedWorkQueue.take(ScheduledThreadPoolExecutor.java:1093)
        at java.util.concurrent.ScheduledThreadPoolExecutor$DelayedWorkQueue.take(ScheduledThreadPoolExecutor.java:809)
        at java.util.concurrent.ThreadPoolExecutor.getTask(ThreadPoolExecutor.java:1074)
        at java.util.concurrent.ThreadPoolExecutor.runWorker(ThreadPoolExecutor.java:1134)
        at java.util.concurrent.ThreadPoolExecutor$Worker.run(ThreadPoolExecutor.java:624)
        at java.lang.Thread.run(Thread.java:748)
"IPC Server handler 16 on 35444" daemon prio=5 tid=131 timed_waiting
java.lang.Thread.State: TIMED_WAITING
        at sun.misc.Unsafe.park(Native Method)
        at java.util.concurrent.locks.LockSupport.parkNanos(LockSupport.java:215)
        at java.util.concurrent.locks.AbstractQueuedSynchronizer$ConditionObject.awaitNanos(AbstractQueuedSynchronizer.java:2078)
        at java.util.concurrent.LinkedBlockingQueue.poll(LinkedBlockingQueue.java:467)
        at org.apache.hadoop.ipc.CallQueueManager.take(CallQueueManager.java:288)
        at org.apache.hadoop.ipc.Server$Handler.run(Server.java:2668)
"Timer for 'StorageContainerManager' metrics system" daemon prio=5 tid=27 timed_waiting
java.lang.Thread.State: TIMED_WAITING
        at java.lang.Object.wait(Native Method)
        at java.util.TimerThread.mainLoop(Timer.java:552)
        at java.util.TimerThread.run(Timer.java:505)
"pool-66-thread-17"  prio=5 tid=552 in Object.wait()
java.lang.Thread.State: WAITING (on object monitor)
        at sun.misc.Unsafe.park(Native Method)
        at java.util.concurrent.locks.LockSupport.park(LockSupport.java:175)
        at java.util.concurrent.locks.AbstractQueuedSynchronizer$ConditionObject.await(AbstractQueuedSynchronizer.java:2039)
        at java.util.concurrent.ArrayBlockingQueue.take(ArrayBlockingQueue.java:403)
        at java.util.concurrent.ThreadPoolExecutor.getTask(ThreadPoolExecutor.java:1074)
        at java.util.concurrent.ThreadPoolExecutor.runWorker(ThreadPoolExecutor.java:1134)
        at java.util.concurrent.ThreadPoolExecutor$Worker.run(ThreadPoolExecutor.java:624)
        at java.lang.Thread.run(Thread.java:748)
"pool-56-thread-47"  prio=5 tid=520 in Object.wait()
java.lang.Thread.State: WAITING (on object monitor)
        at sun.misc.Unsafe.park(Native Method)
        at java.util.concurrent.locks.LockSupport.park(LockSupport.java:175)
        at java.util.concurrent.locks.AbstractQueuedSynchronizer$ConditionObject.await(AbstractQueuedSynchronizer.java:2039)
        at java.util.concurrent.ArrayBlockingQueue.take(ArrayBlockingQueue.java:403)
        at java.util.concurrent.ThreadPoolExecutor.getTask(ThreadPoolExecutor.java:1074)
        at java.util.concurrent.ThreadPoolExecutor.runWorker(ThreadPoolExecutor.java:1134)
        at java.util.concurrent.ThreadPoolExecutor$Worker.run(ThreadPoolExecutor.java:624)
        at java.lang.Thread.run(Thread.java:748)
"pool-26-thread-41"  prio=5 tid=327 in Object.wait()
java.lang.Thread.State: WAITING (on object monitor)
        at sun.misc.Unsafe.park(Native Method)
        at java.util.concurrent.locks.LockSupport.park(LockSupport.java:175)
        at java.util.concurrent.locks.AbstractQueuedSynchronizer$ConditionObject.await(AbstractQueuedSynchronizer.java:2039)
        at java.util.concurrent.ArrayBlockingQueue.take(ArrayBlockingQueue.java:403)
        at java.util.concurrent.ThreadPoolExecutor.getTask(ThreadPoolExecutor.java:1074)
        at java.util.concurrent.ThreadPoolExecutor.runWorker(ThreadPoolExecutor.java:1134)
        at java.util.concurrent.ThreadPoolExecutor$Worker.run(ThreadPoolExecutor.java:624)
        at java.lang.Thread.run(Thread.java:748)
"IPC Server handler 13 on 33004" daemon prio=5 tid=82 timed_waiting
java.lang.Thread.State: TIMED_WAITING
        at sun.misc.Unsafe.park(Native Method)
        at java.util.concurrent.locks.LockSupport.parkNanos(LockSupport.java:215)
        at java.util.concurrent.locks.AbstractQueuedSynchronizer$ConditionObject.awaitNanos(AbstractQueuedSynchronizer.java:2078)
        at java.util.concurrent.LinkedBlockingQueue.poll(LinkedBlockingQueue.java:467)
        at org.apache.hadoop.ipc.CallQueueManager.take(CallQueueManager.java:288)
        at org.apache.hadoop.ipc.Server$Handler.run(Server.java:2668)
"pool-56-thread-24"  prio=5 tid=497 in Object.wait()
java.lang.Thread.State: WAITING (on object monitor)
        at sun.misc.Unsafe.park(Native Method)
        at java.util.concurrent.locks.LockSupport.park(LockSupport.java:175)
        at java.util.concurrent.locks.AbstractQueuedSynchronizer$ConditionObject.await(AbstractQueuedSynchronizer.java:2039)
        at java.util.concurrent.ArrayBlockingQueue.take(ArrayBlockingQueue.java:403)
        at java.util.concurrent.ThreadPoolExecutor.getTask(ThreadPoolExecutor.java:1074)
        at java.util.concurrent.ThreadPoolExecutor.runWorker(ThreadPoolExecutor.java:1134)
        at java.util.concurrent.ThreadPoolExecutor$Worker.run(ThreadPoolExecutor.java:624)
        at java.lang.Thread.run(Thread.java:748)
"pool-66-thread-55"  prio=5 tid=590 in Object.wait()
java.lang.Thread.State: WAITING (on object monitor)
        at sun.misc.Unsafe.park(Native Method)
        at java.util.concurrent.locks.LockSupport.park(LockSupport.java:175)
        at java.util.concurrent.locks.AbstractQueuedSynchronizer$ConditionObject.await(AbstractQueuedSynchronizer.java:2039)
        at java.util.concurrent.ArrayBlockingQueue.take(ArrayBlockingQueue.java:403)
        at java.util.concurrent.ThreadPoolExecutor.getTask(ThreadPoolExecutor.java:1074)
        at java.util.concurrent.ThreadPoolExecutor.runWorker(ThreadPoolExecutor.java:1134)
        at java.util.concurrent.ThreadPoolExecutor$Worker.run(ThreadPoolExecutor.java:624)
        at java.lang.Thread.run(Thread.java:748)
"pool-46-thread-19"  prio=5 tid=425 in Object.wait()
java.lang.Thread.State: WAITING (on object monitor)
        at sun.misc.Unsafe.park(Native Method)
        at java.util.concurrent.locks.LockSupport.park(LockSupport.java:175)
        at java.util.concurrent.locks.AbstractQueuedSynchronizer$ConditionObject.await(AbstractQueuedSynchronizer.java:2039)
        at java.util.concurrent.ArrayBlockingQueue.take(ArrayBlockingQueue.java:403)
        at java.util.concurrent.ThreadPoolExecutor.getTask(ThreadPoolExecutor.java:1074)
        at java.util.concurrent.ThreadPoolExecutor.runWorker(ThreadPoolExecutor.java:1134)
        at java.util.concurrent.ThreadPoolExecutor$Worker.run(ThreadPoolExecutor.java:624)
        at java.lang.Thread.run(Thread.java:748)
"pool-26-thread-6"  prio=5 tid=292 in Object.wait()
java.lang.Thread.State: WAITING (on object monitor)
        at sun.misc.Unsafe.park(Native Method)
        at java.util.concurrent.locks.LockSupport.park(LockSupport.java:175)
        at java.util.concurrent.locks.AbstractQueuedSynchronizer$ConditionObject.await(AbstractQueuedSynchronizer.java:2039)
        at java.util.concurrent.ArrayBlockingQueue.take(ArrayBlockingQueue.java:403)
        at java.util.concurrent.ThreadPoolExecutor.getTask(ThreadPoolExecutor.java:1074)
        at java.util.concurrent.ThreadPoolExecutor.runWorker(ThreadPoolExecutor.java:1134)
        at java.util.concurrent.ThreadPoolExecutor$Worker.run(ThreadPoolExecutor.java:624)
        at java.lang.Thread.run(Thread.java:748)
"pool-56-thread-20"  prio=5 tid=493 in Object.wait()
java.lang.Thread.State: WAITING (on object monitor)
        at sun.misc.Unsafe.park(Native Method)
        at java.util.concurrent.locks.LockSupport.park(LockSupport.java:175)
        at java.util.concurrent.locks.AbstractQueuedSynchronizer$ConditionObject.await(AbstractQueuedSynchronizer.java:2039)
        at java.util.concurrent.ArrayBlockingQueue.take(ArrayBlockingQueue.java:403)
        at java.util.concurrent.ThreadPoolExecutor.getTask(ThreadPoolExecutor.java:1074)
        at java.util.concurrent.ThreadPoolExecutor.runWorker(ThreadPoolExecutor.java:1134)
        at java.util.concurrent.ThreadPoolExecutor$Worker.run(ThreadPoolExecutor.java:624)
        at java.lang.Thread.run(Thread.java:748)
"pool-46-thread-31"  prio=5 tid=437 in Object.wait()
java.lang.Thread.State: WAITING (on object monitor)
        at sun.misc.Unsafe.park(Native Method)
        at java.util.concurrent.locks.LockSupport.park(LockSupport.java:175)
        at java.util.concurrent.locks.AbstractQueuedSynchronizer$ConditionObject.await(AbstractQueuedSynchronizer.java:2039)
        at java.util.concurrent.ArrayBlockingQueue.take(ArrayBlockingQueue.java:403)
        at java.util.concurrent.ThreadPoolExecutor.getTask(ThreadPoolExecutor.java:1074)
        at java.util.concurrent.ThreadPoolExecutor.runWorker(ThreadPoolExecutor.java:1134)
        at java.util.concurrent.ThreadPoolExecutor$Worker.run(ThreadPoolExecutor.java:624)
        at java.lang.Thread.run(Thread.java:748)
"IPC Server handler 13 on 46821" daemon prio=5 tid=62 timed_waiting
java.lang.Thread.State: TIMED_WAITING
        at sun.misc.Unsafe.park(Native Method)
        at java.util.concurrent.locks.LockSupport.parkNanos(LockSupport.java:215)
        at java.util.concurrent.locks.AbstractQueuedSynchronizer$ConditionObject.awaitNanos(AbstractQueuedSynchronizer.java:2078)
        at java.util.concurrent.LinkedBlockingQueue.poll(LinkedBlockingQueue.java:467)
        at org.apache.hadoop.ipc.CallQueueManager.take(CallQueueManager.java:288)
        at org.apache.hadoop.ipc.Server$Handler.run(Server.java:2668)
"pool-36-thread-24"  prio=5 tid=370 in Object.wait()
java.lang.Thread.State: WAITING (on object monitor)
        at sun.misc.Unsafe.park(Native Method)
        at java.util.concurrent.locks.LockSupport.park(LockSupport.java:175)
        at java.util.concurrent.locks.AbstractQueuedSynchronizer$ConditionObject.await(AbstractQueuedSynchronizer.java:2039)
        at java.util.concurrent.ArrayBlockingQueue.take(ArrayBlockingQueue.java:403)
        at java.util.concurrent.ThreadPoolExecutor.getTask(ThreadPoolExecutor.java:1074)
        at java.util.concurrent.ThreadPoolExecutor.runWorker(ThreadPoolExecutor.java:1134)
        at java.util.concurrent.ThreadPoolExecutor$Worker.run(ThreadPoolExecutor.java:624)
        at java.lang.Thread.run(Thread.java:748)
"pool-26-thread-39"  prio=5 tid=325 in Object.wait()
java.lang.Thread.State: WAITING (on object monitor)
        at sun.misc.Unsafe.park(Native Method)
        at java.util.concurrent.locks.LockSupport.park(LockSupport.java:175)
        at java.util.concurrent.locks.AbstractQueuedSynchronizer$ConditionObject.await(AbstractQueuedSynchronizer.java:2039)
        at java.util.concurrent.ArrayBlockingQueue.take(ArrayBlockingQueue.java:403)
        at java.util.concurrent.ThreadPoolExecutor.getTask(ThreadPoolExecutor.java:1074)
        at java.util.concurrent.ThreadPoolExecutor.runWorker(ThreadPoolExecutor.java:1134)
        at java.util.concurrent.ThreadPoolExecutor$Worker.run(ThreadPoolExecutor.java:624)
        at java.lang.Thread.run(Thread.java:748)
"IPC Server Responder" daemon prio=5 tid=110 runnable
java.lang.Thread.State: RUNNABLE
        at sun.nio.ch.EPollArrayWrapper.epollWait(Native Method)
        at sun.nio.ch.EPollArrayWrapper.poll(EPollArrayWrapper.java:269)
        at sun.nio.ch.EPollSelectorImpl.doSelect(EPollSelectorImpl.java:93)
        at sun.nio.ch.SelectorImpl.lockAndDoSelect(SelectorImpl.java:86)
        at sun.nio.ch.SelectorImpl.select(SelectorImpl.java:97)
        at org.apache.hadoop.ipc.Server$Responder.doRunLoop(Server.java:1334)
        at org.apache.hadoop.ipc.Server$Responder.run(Server.java:1317)
"qtp650859015-161" daemon prio=5 tid=161 timed_waiting
java.lang.Thread.State: TIMED_WAITING
        at sun.misc.Unsafe.park(Native Method)
        at java.util.concurrent.locks.LockSupport.parkNanos(LockSupport.java:215)
        at java.util.concurrent.locks.AbstractQueuedSynchronizer$ConditionObject.awaitNanos(AbstractQueuedSynchronizer.java:2078)
        at org.eclipse.jetty.util.BlockingArrayQueue.poll(BlockingArrayQueue.java:392)
        at org.eclipse.jetty.util.thread.QueuedThreadPool.idleJobPoll(QueuedThreadPool.java:563)
        at org.eclipse.jetty.util.thread.QueuedThreadPool.access$800(QueuedThreadPool.java:48)
        at org.eclipse.jetty.util.thread.QueuedThreadPool$2.run(QueuedThreadPool.java:626)
        at java.lang.Thread.run(Thread.java:748)
"IPC Server handler 9 on 40923" daemon prio=5 tid=38 timed_waiting
java.lang.Thread.State: TIMED_WAITING
        at sun.misc.Unsafe.park(Native Method)
        at java.util.concurrent.locks.LockSupport.parkNanos(LockSupport.java:215)
        at java.util.concurrent.locks.AbstractQueuedSynchronizer$ConditionObject.awaitNanos(AbstractQueuedSynchronizer.java:2078)
        at java.util.concurrent.LinkedBlockingQueue.poll(LinkedBlockingQueue.java:467)
        at org.apache.hadoop.ipc.CallQueueManager.take(CallQueueManager.java:288)
        at org.apache.hadoop.ipc.Server$Handler.run(Server.java:2668)
"pool-66-thread-10"  prio=5 tid=545 in Object.wait()
java.lang.Thread.State: WAITING (on object monitor)
        at sun.misc.Unsafe.park(Native Method)
        at java.util.concurrent.locks.LockSupport.park(LockSupport.java:175)
        at java.util.concurrent.locks.AbstractQueuedSynchronizer$ConditionObject.await(AbstractQueuedSynchronizer.java:2039)
        at java.util.concurrent.ArrayBlockingQueue.take(ArrayBlockingQueue.java:403)
        at java.util.concurrent.ThreadPoolExecutor.getTask(ThreadPoolExecutor.java:1074)
        at java.util.concurrent.ThreadPoolExecutor.runWorker(ThreadPoolExecutor.java:1134)
        at java.util.concurrent.ThreadPoolExecutor$Worker.run(ThreadPoolExecutor.java:624)
        at java.lang.Thread.run(Thread.java:748)
"pool-26-thread-53"  prio=5 tid=339 in Object.wait()
java.lang.Thread.State: WAITING (on object monitor)
        at sun.misc.Unsafe.park(Native Method)
        at java.util.concurrent.locks.LockSupport.park(LockSupport.java:175)
        at java.util.concurrent.locks.AbstractQueuedSynchronizer$ConditionObject.await(AbstractQueuedSynchronizer.java:2039)
        at java.util.concurrent.ArrayBlockingQueue.take(ArrayBlockingQueue.java:403)
        at java.util.concurrent.ThreadPoolExecutor.getTask(ThreadPoolExecutor.java:1074)
        at java.util.concurrent.ThreadPoolExecutor.runWorker(ThreadPoolExecutor.java:1134)
        at java.util.concurrent.ThreadPoolExecutor$Worker.run(ThreadPoolExecutor.java:624)
        at java.lang.Thread.run(Thread.java:748)
"EventQueue-NewNodeForNewNodeHandler" daemon prio=5 tid=598 in Object.wait()
java.lang.Thread.State: WAITING (on object monitor)
        at sun.misc.Unsafe.park(Native Method)
        at java.util.concurrent.locks.LockSupport.park(LockSupport.java:175)
        at java.util.concurrent.locks.AbstractQueuedSynchronizer$ConditionObject.await(AbstractQueuedSynchronizer.java:2039)
        at java.util.concurrent.LinkedBlockingQueue.take(LinkedBlockingQueue.java:442)
        at java.util.concurrent.ThreadPoolExecutor.getTask(ThreadPoolExecutor.java:1074)
        at java.util.concurrent.ThreadPoolExecutor.runWorker(ThreadPoolExecutor.java:1134)
        at java.util.concurrent.ThreadPoolExecutor$Worker.run(ThreadPoolExecutor.java:624)
        at java.lang.Thread.run(Thread.java:748)
"pool-47-thread-1"  prio=5 tid=655 in Object.wait()
java.lang.Thread.State: WAITING (on object monitor)
        at sun.misc.Unsafe.park(Native Method)
        at java.util.concurrent.locks.LockSupport.park(LockSupport.java:175)
        at java.util.concurrent.locks.AbstractQueuedSynchronizer$ConditionObject.await(AbstractQueuedSynchronizer.java:2039)
        at java.util.concurrent.LinkedBlockingQueue.take(LinkedBlockingQueue.java:442)
        at java.util.concurrent.ThreadPoolExecutor.getTask(ThreadPoolExecutor.java:1074)
        at java.util.concurrent.ThreadPoolExecutor.runWorker(ThreadPoolExecutor.java:1134)
        at java.util.concurrent.ThreadPoolExecutor$Worker.run(ThreadPoolExecutor.java:624)
        at java.lang.Thread.run(Thread.java:748)
"qtp650859015-165" daemon prio=5 tid=165 timed_waiting
java.lang.Thread.State: TIMED_WAITING
        at sun.misc.Unsafe.park(Native Method)
        at java.util.concurrent.locks.LockSupport.parkNanos(LockSupport.java:215)
        at java.util.concurrent.locks.AbstractQueuedSynchronizer$ConditionObject.awaitNanos(AbstractQueuedSynchronizer.java:2078)
        at org.eclipse.jetty.util.BlockingArrayQueue.poll(BlockingArrayQueue.java:392)
        at org.eclipse.jetty.util.thread.QueuedThreadPool.idleJobPoll(QueuedThreadPool.java:563)
        at org.eclipse.jetty.util.thread.QueuedThreadPool.access$800(QueuedThreadPool.java:48)
        at org.eclipse.jetty.util.thread.QueuedThreadPool$2.run(QueuedThreadPool.java:626)
        at java.lang.Thread.run(Thread.java:748)
"pool-36-thread-59"  prio=5 tid=405 in Object.wait()
java.lang.Thread.State: WAITING (on object monitor)
        at sun.misc.Unsafe.park(Native Method)
        at java.util.concurrent.locks.LockSupport.park(LockSupport.java:175)
        at java.util.concurrent.locks.AbstractQueuedSynchronizer$ConditionObject.await(AbstractQueuedSynchronizer.java:2039)
        at java.util.concurrent.ArrayBlockingQueue.take(ArrayBlockingQueue.java:403)
        at java.util.concurrent.ThreadPoolExecutor.getTask(ThreadPoolExecutor.java:1074)
        at java.util.concurrent.ThreadPoolExecutor.runWorker(ThreadPoolExecutor.java:1134)
        at java.util.concurrent.ThreadPoolExecutor$Worker.run(ThreadPoolExecutor.java:624)
        at java.lang.Thread.run(Thread.java:748)
"pool-66-thread-22"  prio=5 tid=557 in Object.wait()
java.lang.Thread.State: WAITING (on object monitor)
        at sun.misc.Unsafe.park(Native Method)
        at java.util.concurrent.locks.LockSupport.park(LockSupport.java:175)
        at java.util.concurrent.locks.AbstractQueuedSynchronizer$ConditionObject.await(AbstractQueuedSynchronizer.java:2039)
        at java.util.concurrent.ArrayBlockingQueue.take(ArrayBlockingQueue.java:403)
        at java.util.concurrent.ThreadPoolExecutor.getTask(ThreadPoolExecutor.java:1074)
        at java.util.concurrent.ThreadPoolExecutor.runWorker(ThreadPoolExecutor.java:1134)
        at java.util.concurrent.ThreadPoolExecutor$Worker.run(ThreadPoolExecutor.java:624)
        at java.lang.Thread.run(Thread.java:748)
"org.eclipse.jetty.server.session.HashSessionManager@1859e2a4Timer" daemon prio=5 tid=223 timed_waiting
java.lang.Thread.State: TIMED_WAITING
        at sun.misc.Unsafe.park(Native Method)
        at java.util.concurrent.locks.LockSupport.parkNanos(LockSupport.java:215)
        at java.util.concurrent.locks.AbstractQueuedSynchronizer$ConditionObject.awaitNanos(AbstractQueuedSynchronizer.java:2078)
        at java.util.concurrent.ScheduledThreadPoolExecutor$DelayedWorkQueue.take(ScheduledThreadPoolExecutor.java:1093)
        at java.util.concurrent.ScheduledThreadPoolExecutor$DelayedWorkQueue.take(ScheduledThreadPoolExecutor.java:809)
        at java.util.concurrent.ThreadPoolExecutor.getTask(ThreadPoolExecutor.java:1074)
        at java.util.concurrent.ThreadPoolExecutor.runWorker(ThreadPoolExecutor.java:1134)
        at java.util.concurrent.ThreadPoolExecutor$Worker.run(ThreadPoolExecutor.java:624)
        at java.lang.Thread.run(Thread.java:748)
"BlockDeletingService#1" daemon prio=5 tid=472 in Object.wait()
java.lang.Thread.State: WAITING (on object monitor)
        at sun.misc.Unsafe.park(Native Method)
        at java.util.concurrent.locks.LockSupport.park(LockSupport.java:175)
        at java.util.concurrent.locks.AbstractQueuedSynchronizer$ConditionObject.await(AbstractQueuedSynchronizer.java:2039)
        at java.util.concurrent.ScheduledThreadPoolExecutor$DelayedWorkQueue.take(ScheduledThreadPoolExecutor.java:1088)
        at java.util.concurrent.ScheduledThreadPoolExecutor$DelayedWorkQueue.take(ScheduledThreadPoolExecutor.java:809)
        at java.util.concurrent.ThreadPoolExecutor.getTask(ThreadPoolExecutor.java:1074)
        at java.util.concurrent.ThreadPoolExecutor.runWorker(ThreadPoolExecutor.java:1134)
        at java.util.concurrent.ThreadPoolExecutor$Worker.run(ThreadPoolExecutor.java:624)
        at java.lang.Thread.run(Thread.java:748)
"efb933de-cdd8-4d8d-88d2-4c7ffe0dec1a@group-EE856C9543A1-StateMachineUpdater" daemon prio=5 tid=779 in Object.wait()
java.lang.Thread.State: WAITING (on object monitor)
        at java.lang.Object.wait(Native Method)
        at java.lang.Object.wait(Object.java:502)
        at org.apache.ratis.server.impl.StateMachineUpdater.waitForCommit(StateMachineUpdater.java:194)
        at org.apache.ratis.server.impl.StateMachineUpdater.run(StateMachineUpdater.java:159)
        at java.lang.Thread.run(Thread.java:748)
"qtp801142660-140" daemon prio=5 tid=140 timed_waiting
java.lang.Thread.State: TIMED_WAITING
        at sun.misc.Unsafe.park(Native Method)
        at java.util.concurrent.locks.LockSupport.parkNanos(LockSupport.java:215)
        at java.util.concurrent.locks.AbstractQueuedSynchronizer$ConditionObject.awaitNanos(AbstractQueuedSynchronizer.java:2078)
        at org.eclipse.jetty.util.BlockingArrayQueue.poll(BlockingArrayQueue.java:392)
        at org.eclipse.jetty.util.thread.QueuedThreadPool.idleJobPoll(QueuedThreadPool.java:563)
        at org.eclipse.jetty.util.thread.QueuedThreadPool.access$800(QueuedThreadPool.java:48)
        at org.eclipse.jetty.util.thread.QueuedThreadPool$2.run(QueuedThreadPool.java:626)
        at java.lang.Thread.run(Thread.java:748)
"Datanode State Machine Thread - 0" daemon prio=5 tid=197 timed_waiting
java.lang.Thread.State: TIMED_WAITING
        at java.lang.Thread.sleep(Native Method)
        at org.apache.hadoop.ozone.container.common.statemachine.DatanodeStateMachine.start(DatanodeStateMachine.java:191)
        at org.apache.hadoop.ozone.container.common.statemachine.DatanodeStateMachine.lambda$startDaemon$0(DatanodeStateMachine.java:349)
        at org.apache.hadoop.ozone.container.common.statemachine.DatanodeStateMachine$$Lambda$140/177389135.run(Unknown Source)
        at java.lang.Thread.run(Thread.java:748)
"pool-46-thread-22"  prio=5 tid=428 in Object.wait()
java.lang.Thread.State: WAITING (on object monitor)
        at sun.misc.Unsafe.park(Native Method)
        at java.util.concurrent.locks.LockSupport.park(LockSupport.java:175)
        at java.util.concurrent.locks.AbstractQueuedSynchronizer$ConditionObject.await(AbstractQueuedSynchronizer.java:2039)
        at java.util.concurrent.ArrayBlockingQueue.take(ArrayBlockingQueue.java:403)
        at java.util.concurrent.ThreadPoolExecutor.getTask(ThreadPoolExecutor.java:1074)
        at java.util.concurrent.ThreadPoolExecutor.runWorker(ThreadPoolExecutor.java:1134)
        at java.util.concurrent.ThreadPoolExecutor$Worker.run(ThreadPoolExecutor.java:624)
        at java.lang.Thread.run(Thread.java:748)
"Datanode State Machine Thread - 0" daemon prio=5 tid=231 timed_waiting
java.lang.Thread.State: TIMED_WAITING
        at sun.misc.Unsafe.park(Native Method)
        at java.util.concurrent.locks.LockSupport.parkNanos(LockSupport.java:215)
        at java.util.concurrent.SynchronousQueue$TransferStack.awaitFulfill(SynchronousQueue.java:460)
        at java.util.concurrent.SynchronousQueue$TransferStack.transfer(SynchronousQueue.java:362)
        at java.util.concurrent.SynchronousQueue.poll(SynchronousQueue.java:941)
        at java.util.concurrent.ThreadPoolExecutor.getTask(ThreadPoolExecutor.java:1073)
        at java.util.concurrent.ThreadPoolExecutor.runWorker(ThreadPoolExecutor.java:1134)
        at java.util.concurrent.ThreadPoolExecutor$Worker.run(ThreadPoolExecutor.java:624)
        at java.lang.Thread.run(Thread.java:748)
"IPC Server handler 8 on 40923" daemon prio=5 tid=37 timed_waiting
java.lang.Thread.State: TIMED_WAITING
        at sun.misc.Unsafe.park(Native Method)
        at java.util.concurrent.locks.LockSupport.parkNanos(LockSupport.java:215)
        at java.util.concurrent.locks.AbstractQueuedSynchronizer$ConditionObject.awaitNanos(AbstractQueuedSynchronizer.java:2078)
        at java.util.concurrent.LinkedBlockingQueue.poll(LinkedBlockingQueue.java:467)
        at org.apache.hadoop.ipc.CallQueueManager.take(CallQueueManager.java:288)
        at org.apache.hadoop.ipc.Server$Handler.run(Server.java:2668)
"pool-46-thread-5"  prio=5 tid=411 in Object.wait()
java.lang.Thread.State: WAITING (on object monitor)
        at sun.misc.Unsafe.park(Native Method)
        at java.util.concurrent.locks.LockSupport.park(LockSupport.java:175)
        at java.util.concurrent.locks.AbstractQueuedSynchronizer$ConditionObject.await(AbstractQueuedSynchronizer.java:2039)
        at java.util.concurrent.ArrayBlockingQueue.take(ArrayBlockingQueue.java:403)
        at java.util.concurrent.ThreadPoolExecutor.getTask(ThreadPoolExecutor.java:1074)
        at java.util.concurrent.ThreadPoolExecutor.runWorker(ThreadPoolExecutor.java:1134)
        at java.util.concurrent.ThreadPoolExecutor$Worker.run(ThreadPoolExecutor.java:624)
        at java.lang.Thread.run(Thread.java:748)
"grpc-default-worker-ELG-3-3" daemon prio=5 tid=610 runnable
java.lang.Thread.State: RUNNABLE
        at sun.nio.ch.EPollArrayWrapper.epollWait(Native Method)
        at sun.nio.ch.EPollArrayWrapper.poll(EPollArrayWrapper.java:269)
        at sun.nio.ch.EPollSelectorImpl.doSelect(EPollSelectorImpl.java:93)
        at sun.nio.ch.SelectorImpl.lockAndDoSelect(SelectorImpl.java:86)
        at sun.nio.ch.SelectorImpl.select(SelectorImpl.java:97)
        at org.apache.ratis.thirdparty.io.netty.channel.nio.SelectedSelectionKeySetSelector.select(SelectedSelectionKeySetSelector.java:62)
        at org.apache.ratis.thirdparty.io.netty.channel.nio.NioEventLoop.select(NioEventLoop.java:753)
        at org.apache.ratis.thirdparty.io.netty.channel.nio.NioEventLoop.run(NioEventLoop.java:408)
        at org.apache.ratis.thirdparty.io.netty.util.concurrent.SingleThreadEventExecutor$5.run(SingleThreadEventExecutor.java:897)
        at org.apache.ratis.thirdparty.io.netty.util.concurrent.FastThreadLocalRunnable.run(FastThreadLocalRunnable.java:30)
        at java.lang.Thread.run(Thread.java:748)
"pool-56-thread-38"  prio=5 tid=511 in Object.wait()
java.lang.Thread.State: WAITING (on object monitor)
        at sun.misc.Unsafe.park(Native Method)
        at java.util.concurrent.locks.LockSupport.park(LockSupport.java:175)
        at java.util.concurrent.locks.AbstractQueuedSynchronizer$ConditionObject.await(AbstractQueuedSynchronizer.java:2039)
        at java.util.concurrent.ArrayBlockingQueue.take(ArrayBlockingQueue.java:403)
        at java.util.concurrent.ThreadPoolExecutor.getTask(ThreadPoolExecutor.java:1074)
        at java.util.concurrent.ThreadPoolExecutor.runWorker(ThreadPoolExecutor.java:1134)
        at java.util.concurrent.ThreadPoolExecutor$Worker.run(ThreadPoolExecutor.java:624)
        at java.lang.Thread.run(Thread.java:748)
"qtp801142660-137-acceptor-0@6f2513ec-ServerConnector@325bb9a6{HTTP/1.1,[http/1.1]}{0.0.0.0:34959}" daemon prio=3 tid=137 runnable
java.lang.Thread.State: RUNNABLE
        at sun.nio.ch.ServerSocketChannelImpl.accept0(Native Method)
        at sun.nio.ch.ServerSocketChannelImpl.accept(ServerSocketChannelImpl.java:422)
        at sun.nio.ch.ServerSocketChannelImpl.accept(ServerSocketChannelImpl.java:250)
        at org.eclipse.jetty.server.ServerConnector.accept(ServerConnector.java:397)
        at org.eclipse.jetty.server.AbstractConnector$Acceptor.run(AbstractConnector.java:601)
        at org.eclipse.jetty.util.thread.QueuedThreadPool.runJob(QueuedThreadPool.java:671)
        at org.eclipse.jetty.util.thread.QueuedThreadPool$2.run(QueuedThreadPool.java:589)
        at java.lang.Thread.run(Thread.java:748)
"pool-46-thread-60"  prio=5 tid=466 in Object.wait()
java.lang.Thread.State: WAITING (on object monitor)
        at sun.misc.Unsafe.park(Native Method)
        at java.util.concurrent.locks.LockSupport.park(LockSupport.java:175)
        at java.util.concurrent.locks.AbstractQueuedSynchronizer$ConditionObject.await(AbstractQueuedSynchronizer.java:2039)
        at java.util.concurrent.ArrayBlockingQueue.take(ArrayBlockingQueue.java:403)
        at java.util.concurrent.ThreadPoolExecutor.getTask(ThreadPoolExecutor.java:1074)
        at java.util.concurrent.ThreadPoolExecutor.runWorker(ThreadPoolExecutor.java:1134)
        at java.util.concurrent.ThreadPoolExecutor$Worker.run(ThreadPoolExecutor.java:624)
        at java.lang.Thread.run(Thread.java:748)
"pool-36-thread-58"  prio=5 tid=404 in Object.wait()
java.lang.Thread.State: WAITING (on object monitor)
        at sun.misc.Unsafe.park(Native Method)
        at java.util.concurrent.locks.LockSupport.park(LockSupport.java:175)
        at java.util.concurrent.locks.AbstractQueuedSynchronizer$ConditionObject.await(AbstractQueuedSynchronizer.java:2039)
        at java.util.concurrent.ArrayBlockingQueue.take(ArrayBlockingQueue.java:403)
        at java.util.concurrent.ThreadPoolExecutor.getTask(ThreadPoolExecutor.java:1074)
        at java.util.concurrent.ThreadPoolExecutor.runWorker(ThreadPoolExecutor.java:1134)
        at java.util.concurrent.ThreadPoolExecutor$Worker.run(ThreadPoolExecutor.java:624)
        at java.lang.Thread.run(Thread.java:748)
"IPC Server handler 1 on 46821" daemon prio=5 tid=50 timed_waiting
java.lang.Thread.State: TIMED_WAITING
        at sun.misc.Unsafe.park(Native Method)
        at java.util.concurrent.locks.LockSupport.parkNanos(LockSupport.java:215)
        at java.util.concurrent.locks.AbstractQueuedSynchronizer$ConditionObject.awaitNanos(AbstractQueuedSynchronizer.java:2078)
        at java.util.concurrent.LinkedBlockingQueue.poll(LinkedBlockingQueue.java:467)
        at org.apache.hadoop.ipc.CallQueueManager.take(CallQueueManager.java:288)
        at org.apache.hadoop.ipc.Server$Handler.run(Server.java:2668)
"9d88716d-5d6b-4fd8-b832-a110dc45ee66@group-4744F5BEFEE7-SegmentedRaftLogWorker"  prio=5 tid=636 timed_waiting
java.lang.Thread.State: TIMED_WAITING
        at sun.misc.Unsafe.park(Native Method)
        at java.util.concurrent.locks.LockSupport.parkNanos(LockSupport.java:215)
        at java.util.concurrent.locks.AbstractQueuedSynchronizer$ConditionObject.awaitNanos(AbstractQueuedSynchronizer.java:2078)
        at org.apache.ratis.util.DataBlockingQueue.poll(DataBlockingQueue.java:137)
        at org.apache.ratis.server.raftlog.segmented.SegmentedRaftLogWorker.run(SegmentedRaftLogWorker.java:282)
        at java.lang.Thread.run(Thread.java:748)
"Command processor thread" daemon prio=5 tid=229 timed_waiting
java.lang.Thread.State: TIMED_WAITING
        at java.lang.Thread.sleep(Native Method)
        at org.apache.hadoop.ozone.container.common.statemachine.DatanodeStateMachine.lambda$initCommandHandlerThread$1(DatanodeStateMachine.java:439)
        at org.apache.hadoop.ozone.container.common.statemachine.DatanodeStateMachine$$Lambda$141/1433245022.run(Unknown Source)
        at java.lang.Thread.run(Thread.java:748)
"pool-46-thread-46"  prio=5 tid=452 in Object.wait()
java.lang.Thread.State: WAITING (on object monitor)
        at sun.misc.Unsafe.park(Native Method)
        at java.util.concurrent.locks.LockSupport.park(LockSupport.java:175)
        at java.util.concurrent.locks.AbstractQueuedSynchronizer$ConditionObject.await(AbstractQueuedSynchronizer.java:2039)
        at java.util.concurrent.ArrayBlockingQueue.take(ArrayBlockingQueue.java:403)
        at java.util.concurrent.ThreadPoolExecutor.getTask(ThreadPoolExecutor.java:1074)
        at java.util.concurrent.ThreadPoolExecutor.runWorker(ThreadPoolExecutor.java:1134)
        at java.util.concurrent.ThreadPoolExecutor$Worker.run(ThreadPoolExecutor.java:624)
        at java.lang.Thread.run(Thread.java:748)
"pool-26-thread-16"  prio=5 tid=302 in Object.wait()
java.lang.Thread.State: WAITING (on object monitor)
        at sun.misc.Unsafe.park(Native Method)
        at java.util.concurrent.locks.LockSupport.park(LockSupport.java:175)
        at java.util.concurrent.locks.AbstractQueuedSynchronizer$ConditionObject.await(AbstractQueuedSynchronizer.java:2039)
        at java.util.concurrent.ArrayBlockingQueue.take(ArrayBlockingQueue.java:403)
        at java.util.concurrent.ThreadPoolExecutor.getTask(ThreadPoolExecutor.java:1074)
        at java.util.concurrent.ThreadPoolExecutor.runWorker(ThreadPoolExecutor.java:1134)
        at java.util.concurrent.ThreadPoolExecutor$Worker.run(ThreadPoolExecutor.java:624)
        at java.lang.Thread.run(Thread.java:748)
"Datanode ReportManager Thread - 2" daemon prio=5 tid=200 timed_waiting
java.lang.Thread.State: TIMED_WAITING
        at sun.misc.Unsafe.park(Native Method)
        at java.util.concurrent.locks.LockSupport.parkNanos(LockSupport.java:215)
        at java.util.concurrent.locks.AbstractQueuedSynchronizer$ConditionObject.awaitNanos(AbstractQueuedSynchronizer.java:2078)
        at java.util.concurrent.ScheduledThreadPoolExecutor$DelayedWorkQueue.take(ScheduledThreadPoolExecutor.java:1093)
        at java.util.concurrent.ScheduledThreadPoolExecutor$DelayedWorkQueue.take(ScheduledThreadPoolExecutor.java:809)
        at java.util.concurrent.ThreadPoolExecutor.getTask(ThreadPoolExecutor.java:1074)
        at java.util.concurrent.ThreadPoolExecutor.runWorker(ThreadPoolExecutor.java:1134)
        at java.util.concurrent.ThreadPoolExecutor$Worker.run(ThreadPoolExecutor.java:624)
        at java.lang.Thread.run(Thread.java:748)
"pool-36-thread-30"  prio=5 tid=376 in Object.wait()
java.lang.Thread.State: WAITING (on object monitor)
        at sun.misc.Unsafe.park(Native Method)
        at java.util.concurrent.locks.LockSupport.park(LockSupport.java:175)
        at java.util.concurrent.locks.AbstractQueuedSynchronizer$ConditionObject.await(AbstractQueuedSynchronizer.java:2039)
        at java.util.concurrent.ArrayBlockingQueue.take(ArrayBlockingQueue.java:403)
        at java.util.concurrent.ThreadPoolExecutor.getTask(ThreadPoolExecutor.java:1074)
        at java.util.concurrent.ThreadPoolExecutor.runWorker(ThreadPoolExecutor.java:1134)
        at java.util.concurrent.ThreadPoolExecutor$Worker.run(ThreadPoolExecutor.java:624)
        at java.lang.Thread.run(Thread.java:748)
"metrics-hadoop-metrics2-reporter-47-thread-1" daemon prio=5 tid=812 timed_waiting
java.lang.Thread.State: TIMED_WAITING
        at sun.misc.Unsafe.park(Native Method)
        at java.util.concurrent.locks.LockSupport.parkNanos(LockSupport.java:215)
        at java.util.concurrent.locks.AbstractQueuedSynchronizer$ConditionObject.awaitNanos(AbstractQueuedSynchronizer.java:2078)
        at java.util.concurrent.ScheduledThreadPoolExecutor$DelayedWorkQueue.take(ScheduledThreadPoolExecutor.java:1093)
        at java.util.concurrent.ScheduledThreadPoolExecutor$DelayedWorkQueue.take(ScheduledThreadPoolExecutor.java:809)
        at java.util.concurrent.ThreadPoolExecutor.getTask(ThreadPoolExecutor.java:1074)
        at java.util.concurrent.ThreadPoolExecutor.runWorker(ThreadPoolExecutor.java:1134)
        at java.util.concurrent.ThreadPoolExecutor$Worker.run(ThreadPoolExecutor.java:624)
        at java.lang.Thread.run(Thread.java:748)
"pool-26-thread-60"  prio=5 tid=346 in Object.wait()
java.lang.Thread.State: WAITING (on object monitor)
        at sun.misc.Unsafe.park(Native Method)
        at java.util.concurrent.locks.LockSupport.park(LockSupport.java:175)
        at java.util.concurrent.locks.AbstractQueuedSynchronizer$ConditionObject.await(AbstractQueuedSynchronizer.java:2039)
        at java.util.concurrent.ArrayBlockingQueue.take(ArrayBlockingQueue.java:403)
        at java.util.concurrent.ThreadPoolExecutor.getTask(ThreadPoolExecutor.java:1074)
        at java.util.concurrent.ThreadPoolExecutor.runWorker(ThreadPoolExecutor.java:1134)
        at java.util.concurrent.ThreadPoolExecutor$Worker.run(ThreadPoolExecutor.java:624)
        at java.lang.Thread.run(Thread.java:748)
"pool-56-thread-10"  prio=5 tid=483 in Object.wait()
java.lang.Thread.State: WAITING (on object monitor)
        at sun.misc.Unsafe.park(Native Method)
        at java.util.concurrent.locks.LockSupport.park(LockSupport.java:175)
        at java.util.concurrent.locks.AbstractQueuedSynchronizer$ConditionObject.await(AbstractQueuedSynchronizer.java:2039)
        at java.util.concurrent.ArrayBlockingQueue.take(ArrayBlockingQueue.java:403)
        at java.util.concurrent.ThreadPoolExecutor.getTask(ThreadPoolExecutor.java:1074)
        at java.util.concurrent.ThreadPoolExecutor.runWorker(ThreadPoolExecutor.java:1134)
        at java.util.concurrent.ThreadPoolExecutor$Worker.run(ThreadPoolExecutor.java:624)
        at java.lang.Thread.run(Thread.java:748)
"9d88716d-5d6b-4fd8-b832-a110dc45ee66@group-EE856C9543A1-SegmentedRaftLogWorker"  prio=5 tid=782 timed_waiting
java.lang.Thread.State: TIMED_WAITING
        at sun.misc.Unsafe.park(Native Method)
        at java.util.concurrent.locks.LockSupport.parkNanos(LockSupport.java:215)
        at java.util.concurrent.locks.AbstractQueuedSynchronizer$ConditionObject.awaitNanos(AbstractQueuedSynchronizer.java:2078)
        at org.apache.ratis.util.DataBlockingQueue.poll(DataBlockingQueue.java:137)
        at org.apache.ratis.server.raftlog.segmented.SegmentedRaftLogWorker.run(SegmentedRaftLogWorker.java:282)
        at java.lang.Thread.run(Thread.java:748)
"pool-26-thread-25"  prio=5 tid=311 in Object.wait()
java.lang.Thread.State: WAITING (on object monitor)
        at sun.misc.Unsafe.park(Native Method)
        at java.util.concurrent.locks.LockSupport.park(LockSupport.java:175)
        at java.util.concurrent.locks.AbstractQueuedSynchronizer$ConditionObject.await(AbstractQueuedSynchronizer.java:2039)
        at java.util.concurrent.ArrayBlockingQueue.take(ArrayBlockingQueue.java:403)
        at java.util.concurrent.ThreadPoolExecutor.getTask(ThreadPoolExecutor.java:1074)
        at java.util.concurrent.ThreadPoolExecutor.runWorker(ThreadPoolExecutor.java:1134)
        at java.util.concurrent.ThreadPoolExecutor$Worker.run(ThreadPoolExecutor.java:624)
        at java.lang.Thread.run(Thread.java:748)
"pool-36-thread-9"  prio=5 tid=355 in Object.wait()
java.lang.Thread.State: WAITING (on object monitor)
        at sun.misc.Unsafe.park(Native Method)
        at java.util.concurrent.locks.LockSupport.park(LockSupport.java:175)
        at java.util.concurrent.locks.AbstractQueuedSynchronizer$ConditionObject.await(AbstractQueuedSynchronizer.java:2039)
        at java.util.concurrent.ArrayBlockingQueue.take(ArrayBlockingQueue.java:403)
        at java.util.concurrent.ThreadPoolExecutor.getTask(ThreadPoolExecutor.java:1074)
        at java.util.concurrent.ThreadPoolExecutor.runWorker(ThreadPoolExecutor.java:1134)
        at java.util.concurrent.ThreadPoolExecutor$Worker.run(ThreadPoolExecutor.java:624)
        at java.lang.Thread.run(Thread.java:748)
"Thread-2826" daemon prio=5 tid=3302 timed_waiting
java.lang.Thread.State: TIMED_WAITING
        at java.lang.Thread.sleep(Native Method)
        at org.apache.ratis.util.JavaUtils.sleep(JavaUtils.java:247)
        at org.apache.ratis.server.impl.FollowerState.run(FollowerState.java:97)
"pool-66-thread-21"  prio=5 tid=556 in Object.wait()
java.lang.Thread.State: WAITING (on object monitor)
        at sun.misc.Unsafe.park(Native Method)
        at java.util.concurrent.locks.LockSupport.park(LockSupport.java:175)
        at java.util.concurrent.locks.AbstractQueuedSynchronizer$ConditionObject.await(AbstractQueuedSynchronizer.java:2039)
        at java.util.concurrent.ArrayBlockingQueue.take(ArrayBlockingQueue.java:403)
        at java.util.concurrent.ThreadPoolExecutor.getTask(ThreadPoolExecutor.java:1074)
        at java.util.concurrent.ThreadPoolExecutor.runWorker(ThreadPoolExecutor.java:1134)
        at java.util.concurrent.ThreadPoolExecutor$Worker.run(ThreadPoolExecutor.java:624)
        at java.lang.Thread.run(Thread.java:748)
"EventQueue-SafemodestatusForSafeModeHandler" daemon prio=5 tid=604 in Object.wait()
java.lang.Thread.State: WAITING (on object monitor)
        at sun.misc.Unsafe.park(Native Method)
        at java.util.concurrent.locks.LockSupport.park(LockSupport.java:175)
        at java.util.concurrent.locks.AbstractQueuedSynchronizer$ConditionObject.await(AbstractQueuedSynchronizer.java:2039)
        at java.util.concurrent.LinkedBlockingQueue.take(LinkedBlockingQueue.java:442)
        at java.util.concurrent.ThreadPoolExecutor.getTask(ThreadPoolExecutor.java:1074)
        at java.util.concurrent.ThreadPoolExecutor.runWorker(ThreadPoolExecutor.java:1134)
        at java.util.concurrent.ThreadPoolExecutor$Worker.run(ThreadPoolExecutor.java:624)
        at java.lang.Thread.run(Thread.java:748)
"refreshUsed-/workdir/hadoop-ozone/ozonefs/target/test-dir/MiniOzoneClusterImpl-d26aec2b-09c1-4f88-9204-0bb43e71ee01/datanode-1/data/containers" daemon prio=5 tid=181 timed_waiting
java.lang.Thread.State: TIMED_WAITING
        at java.lang.Thread.sleep(Native Method)
        at org.apache.hadoop.fs.CachingGetSpaceUsed$RefreshThread.run(CachingGetSpaceUsed.java:179)
        at java.lang.Thread.run(Thread.java:748)
"metrics-hadoop-metrics2-reporter-1-thread-1" daemon prio=5 tid=613 timed_waiting
java.lang.Thread.State: TIMED_WAITING
        at sun.misc.Unsafe.park(Native Method)
        at java.util.concurrent.locks.LockSupport.parkNanos(LockSupport.java:215)
        at java.util.concurrent.locks.AbstractQueuedSynchronizer$ConditionObject.awaitNanos(AbstractQueuedSynchronizer.java:2078)
        at java.util.concurrent.ScheduledThreadPoolExecutor$DelayedWorkQueue.take(ScheduledThreadPoolExecutor.java:1093)
        at java.util.concurrent.ScheduledThreadPoolExecutor$DelayedWorkQueue.take(ScheduledThreadPoolExecutor.java:809)
        at java.util.concurrent.ThreadPoolExecutor.getTask(ThreadPoolExecutor.java:1074)
        at java.util.concurrent.ThreadPoolExecutor.runWorker(ThreadPoolExecutor.java:1134)
        at java.util.concurrent.ThreadPoolExecutor$Worker.run(ThreadPoolExecutor.java:624)
        at java.lang.Thread.run(Thread.java:748)
"BlockDeletingService#1" daemon prio=5 tid=471 in Object.wait()
java.lang.Thread.State: WAITING (on object monitor)
        at sun.misc.Unsafe.park(Native Method)
        at java.util.concurrent.locks.LockSupport.park(LockSupport.java:175)
        at java.util.concurrent.locks.AbstractQueuedSynchronizer$ConditionObject.await(AbstractQueuedSynchronizer.java:2039)
        at java.util.concurrent.ScheduledThreadPoolExecutor$DelayedWorkQueue.take(ScheduledThreadPoolExecutor.java:1088)
        at java.util.concurrent.ScheduledThreadPoolExecutor$DelayedWorkQueue.take(ScheduledThreadPoolExecutor.java:809)
        at java.util.concurrent.ThreadPoolExecutor.getTask(ThreadPoolExecutor.java:1074)
        at java.util.concurrent.ThreadPoolExecutor.runWorker(ThreadPoolExecutor.java:1134)
        at java.util.concurrent.ThreadPoolExecutor$Worker.run(ThreadPoolExecutor.java:624)
        at java.lang.Thread.run(Thread.java:748)
"pool-46-thread-35"  prio=5 tid=441 in Object.wait()
java.lang.Thread.State: WAITING (on object monitor)
        at sun.misc.Unsafe.park(Native Method)
        at java.util.concurrent.locks.LockSupport.park(LockSupport.java:175)
        at java.util.concurrent.locks.AbstractQueuedSynchronizer$ConditionObject.await(AbstractQueuedSynchronizer.java:2039)
        at java.util.concurrent.ArrayBlockingQueue.take(ArrayBlockingQueue.java:403)
        at java.util.concurrent.ThreadPoolExecutor.getTask(ThreadPoolExecutor.java:1074)
        at java.util.concurrent.ThreadPoolExecutor.runWorker(ThreadPoolExecutor.java:1134)
        at java.util.concurrent.ThreadPoolExecutor$Worker.run(ThreadPoolExecutor.java:624)
        at java.lang.Thread.run(Thread.java:748)
"pool-24-thread-1" daemon prio=5 tid=156 timed_waiting
java.lang.Thread.State: TIMED_WAITING
        at sun.misc.Unsafe.park(Native Method)
        at java.util.concurrent.locks.LockSupport.parkNanos(LockSupport.java:215)
        at java.util.concurrent.locks.AbstractQueuedSynchronizer$ConditionObject.awaitNanos(AbstractQueuedSynchronizer.java:2078)
        at java.util.concurrent.ScheduledThreadPoolExecutor$DelayedWorkQueue.take(ScheduledThreadPoolExecutor.java:1093)
        at java.util.concurrent.ScheduledThreadPoolExecutor$DelayedWorkQueue.take(ScheduledThreadPoolExecutor.java:809)
        at java.util.concurrent.ThreadPoolExecutor.getTask(ThreadPoolExecutor.java:1074)
        at java.util.concurrent.ThreadPoolExecutor.runWorker(ThreadPoolExecutor.java:1134)
        at java.util.concurrent.ThreadPoolExecutor$Worker.run(ThreadPoolExecutor.java:624)
        at java.lang.Thread.run(Thread.java:748)
"IPC Client (1393198164) connection to /0.0.0.0:33004 from jenkins1000" daemon prio=5 tid=286 timed_waiting
java.lang.Thread.State: TIMED_WAITING
        at java.lang.Object.wait(Native Method)
        at org.apache.hadoop.ipc.Client$Connection.waitForWork(Client.java:1024)
        at org.apache.hadoop.ipc.Client$Connection.run(Client.java:1068)
"pool-36-thread-44"  prio=5 tid=390 in Object.wait()
java.lang.Thread.State: WAITING (on object monitor)
        at sun.misc.Unsafe.park(Native Method)
        at java.util.concurrent.locks.LockSupport.park(LockSupport.java:175)
        at java.util.concurrent.locks.AbstractQueuedSynchronizer$ConditionObject.await(AbstractQueuedSynchronizer.java:2039)
        at java.util.concurrent.ArrayBlockingQueue.take(ArrayBlockingQueue.java:403)
        at java.util.concurrent.ThreadPoolExecutor.getTask(ThreadPoolExecutor.java:1074)
        at java.util.concurrent.ThreadPoolExecutor.runWorker(ThreadPoolExecutor.java:1134)
        at java.util.concurrent.ThreadPoolExecutor$Worker.run(ThreadPoolExecutor.java:624)
        at java.lang.Thread.run(Thread.java:748)
"pool-46-thread-11"  prio=5 tid=417 in Object.wait()
java.lang.Thread.State: WAITING (on object monitor)
        at sun.misc.Unsafe.park(Native Method)
        at java.util.concurrent.locks.LockSupport.park(LockSupport.java:175)
        at java.util.concurrent.locks.AbstractQueuedSynchronizer$ConditionObject.await(AbstractQueuedSynchronizer.java:2039)
        at java.util.concurrent.ArrayBlockingQueue.take(ArrayBlockingQueue.java:403)
        at java.util.concurrent.ThreadPoolExecutor.getTask(ThreadPoolExecutor.java:1074)
        at java.util.concurrent.ThreadPoolExecutor.runWorker(ThreadPoolExecutor.java:1134)
        at java.util.concurrent.ThreadPoolExecutor$Worker.run(ThreadPoolExecutor.java:624)
        at java.lang.Thread.run(Thread.java:748)
"org.apache.hadoop.util.JvmPauseMonitor$Monitor@5bcb99ed" daemon prio=5 tid=203 timed_waiting
java.lang.Thread.State: TIMED_WAITING
        at java.lang.Thread.sleep(Native Method)
        at org.apache.hadoop.util.JvmPauseMonitor$Monitor.run(JvmPauseMonitor.java:192)
        at java.lang.Thread.run(Thread.java:748)
"BlockDeletingService#0" daemon prio=5 tid=470 timed_waiting
java.lang.Thread.State: TIMED_WAITING
        at sun.misc.Unsafe.park(Native Method)
        at java.util.concurrent.locks.LockSupport.parkNanos(LockSupport.java:215)
        at java.util.concurrent.locks.AbstractQueuedSynchronizer$ConditionObject.awaitNanos(AbstractQueuedSynchronizer.java:2078)
        at java.util.concurrent.ScheduledThreadPoolExecutor$DelayedWorkQueue.take(ScheduledThreadPoolExecutor.java:1093)
        at java.util.concurrent.ScheduledThreadPoolExecutor$DelayedWorkQueue.take(ScheduledThreadPoolExecutor.java:809)
        at java.util.concurrent.ThreadPoolExecutor.getTask(ThreadPoolExecutor.java:1074)
        at java.util.concurrent.ThreadPoolExecutor.runWorker(ThreadPoolExecutor.java:1134)
        at java.util.concurrent.ThreadPoolExecutor$Worker.run(ThreadPoolExecutor.java:624)
        at java.lang.Thread.run(Thread.java:748)
"qtp801142660-136" daemon prio=5 tid=136 runnable
java.lang.Thread.State: RUNNABLE
        at sun.nio.ch.EPollArrayWrapper.epollWait(Native Method)
        at sun.nio.ch.EPollArrayWrapper.poll(EPollArrayWrapper.java:269)
        at sun.nio.ch.EPollSelectorImpl.doSelect(EPollSelectorImpl.java:93)
        at sun.nio.ch.SelectorImpl.lockAndDoSelect(SelectorImpl.java:86)
        at sun.nio.ch.SelectorImpl.select(SelectorImpl.java:97)
        at sun.nio.ch.SelectorImpl.select(SelectorImpl.java:101)
        at org.eclipse.jetty.io.ManagedSelector$SelectorProducer.select(ManagedSelector.java:243)
        at org.eclipse.jetty.io.ManagedSelector$SelectorProducer.produce(ManagedSelector.java:191)
        at org.eclipse.jetty.util.thread.strategy.ExecuteProduceConsume.executeProduceConsume(ExecuteProduceConsume.java:249)
        at org.eclipse.jetty.util.thread.strategy.ExecuteProduceConsume.produceConsume(ExecuteProduceConsume.java:148)
        at org.eclipse.jetty.util.thread.strategy.ExecuteProduceConsume.execute(ExecuteProduceConsume.java:100)
        at org.eclipse.jetty.io.ManagedSelector.run(ManagedSelector.java:147)
        at org.eclipse.jetty.util.thread.QueuedThreadPool.runJob(QueuedThreadPool.java:671)
        at org.eclipse.jetty.util.thread.QueuedThreadPool$2.run(QueuedThreadPool.java:589)
        at java.lang.Thread.run(Thread.java:748)
"pool-56-thread-4"  prio=5 tid=477 in Object.wait()
java.lang.Thread.State: WAITING (on object monitor)
        at sun.misc.Unsafe.park(Native Method)
        at java.util.concurrent.locks.LockSupport.park(LockSupport.java:175)
        at java.util.concurrent.locks.AbstractQueuedSynchronizer$ConditionObject.await(AbstractQueuedSynchronizer.java:2039)
        at java.util.concurrent.ArrayBlockingQueue.take(ArrayBlockingQueue.java:403)
        at java.util.concurrent.ThreadPoolExecutor.getTask(ThreadPoolExecutor.java:1074)
        at java.util.concurrent.ThreadPoolExecutor.runWorker(ThreadPoolExecutor.java:1134)
        at java.util.concurrent.ThreadPoolExecutor$Worker.run(ThreadPoolExecutor.java:624)
        at java.lang.Thread.run(Thread.java:748)
"pool-46-thread-36"  prio=5 tid=442 in Object.wait()
java.lang.Thread.State: WAITING (on object monitor)
        at sun.misc.Unsafe.park(Native Method)
        at java.util.concurrent.locks.LockSupport.park(LockSupport.java:175)
        at java.util.concurrent.locks.AbstractQueuedSynchronizer$ConditionObject.await(AbstractQueuedSynchronizer.java:2039)
        at java.util.concurrent.ArrayBlockingQueue.take(ArrayBlockingQueue.java:403)
        at java.util.concurrent.ThreadPoolExecutor.getTask(ThreadPoolExecutor.java:1074)
        at java.util.concurrent.ThreadPoolExecutor.runWorker(ThreadPoolExecutor.java:1134)
        at java.util.concurrent.ThreadPoolExecutor$Worker.run(ThreadPoolExecutor.java:624)
        at java.lang.Thread.run(Thread.java:748)
"org.eclipse.jetty.server.session.HashSessionManager@423b2b62Timer" daemon prio=5 tid=249 timed_waiting
java.lang.Thread.State: TIMED_WAITING
        at sun.misc.Unsafe.park(Native Method)
        at java.util.concurrent.locks.LockSupport.parkNanos(LockSupport.java:215)
        at java.util.concurrent.locks.AbstractQueuedSynchronizer$ConditionObject.awaitNanos(AbstractQueuedSynchronizer.java:2078)
        at java.util.concurrent.ScheduledThreadPoolExecutor$DelayedWorkQueue.take(ScheduledThreadPoolExecutor.java:1093)
        at java.util.concurrent.ScheduledThreadPoolExecutor$DelayedWorkQueue.take(ScheduledThreadPoolExecutor.java:809)
        at java.util.concurrent.ThreadPoolExecutor.getTask(ThreadPoolExecutor.java:1074)
        at java.util.concurrent.ThreadPoolExecutor.runWorker(ThreadPoolExecutor.java:1134)
        at java.util.concurrent.ThreadPoolExecutor$Worker.run(ThreadPoolExecutor.java:624)
        at java.lang.Thread.run(Thread.java:748)
"pool-46-thread-40"  prio=5 tid=446 in Object.wait()
java.lang.Thread.State: WAITING (on object monitor)
        at sun.misc.Unsafe.park(Native Method)
        at java.util.concurrent.locks.LockSupport.park(LockSupport.java:175)
        at java.util.concurrent.locks.AbstractQueuedSynchronizer$ConditionObject.await(AbstractQueuedSynchronizer.java:2039)
        at java.util.concurrent.ArrayBlockingQueue.take(ArrayBlockingQueue.java:403)
        at java.util.concurrent.ThreadPoolExecutor.getTask(ThreadPoolExecutor.java:1074)
        at java.util.concurrent.ThreadPoolExecutor.runWorker(ThreadPoolExecutor.java:1134)
        at java.util.concurrent.ThreadPoolExecutor$Worker.run(ThreadPoolExecutor.java:624)
        at java.lang.Thread.run(Thread.java:748)
"pool-36-thread-14"  prio=5 tid=360 in Object.wait()
java.lang.Thread.State: WAITING (on object monitor)
        at sun.misc.Unsafe.park(Native Method)
        at java.util.concurrent.locks.LockSupport.park(LockSupport.java:175)
        at java.util.concurrent.locks.AbstractQueuedSynchronizer$ConditionObject.await(AbstractQueuedSynchronizer.java:2039)
        at java.util.concurrent.ArrayBlockingQueue.take(ArrayBlockingQueue.java:403)
        at java.util.concurrent.ThreadPoolExecutor.getTask(ThreadPoolExecutor.java:1074)
        at java.util.concurrent.ThreadPoolExecutor.runWorker(ThreadPoolExecutor.java:1134)
        at java.util.concurrent.ThreadPoolExecutor$Worker.run(ThreadPoolExecutor.java:624)
        at java.lang.Thread.run(Thread.java:748)
"Datanode State Machine Thread - 0" daemon prio=5 tid=278 timed_waiting
java.lang.Thread.State: TIMED_WAITING
        at java.lang.Thread.sleep(Native Method)
        at org.apache.hadoop.ozone.container.common.statemachine.DatanodeStateMachine.start(DatanodeStateMachine.java:191)
        at org.apache.hadoop.ozone.container.common.statemachine.DatanodeStateMachine.lambda$startDaemon$0(DatanodeStateMachine.java:349)
        at org.apache.hadoop.ozone.container.common.statemachine.DatanodeStateMachine$$Lambda$140/177389135.run(Unknown Source)
        at java.lang.Thread.run(Thread.java:748)
"RatisPipelineUtilsThread"  prio=5 tid=599 timed_waiting
java.lang.Thread.State: TIMED_WAITING
        at sun.misc.Unsafe.park(Native Method)
        at java.util.concurrent.locks.LockSupport.parkNanos(LockSupport.java:215)
        at java.util.concurrent.locks.AbstractQueuedSynchronizer$ConditionObject.awaitNanos(AbstractQueuedSynchronizer.java:2078)
        at java.util.concurrent.ScheduledThreadPoolExecutor$DelayedWorkQueue.take(ScheduledThreadPoolExecutor.java:1093)
        at java.util.concurrent.ScheduledThreadPoolExecutor$DelayedWorkQueue.take(ScheduledThreadPoolExecutor.java:809)
        at java.util.concurrent.ThreadPoolExecutor.getTask(ThreadPoolExecutor.java:1074)
        at java.util.concurrent.ThreadPoolExecutor.runWorker(ThreadPoolExecutor.java:1134)
        at java.util.concurrent.ThreadPoolExecutor$Worker.run(ThreadPoolExecutor.java:624)
        at java.lang.Thread.run(Thread.java:748)
"org.eclipse.jetty.server.session.HashSessionManager@7e642b88Timer" daemon prio=5 tid=195 timed_waiting
java.lang.Thread.State: TIMED_WAITING
        at sun.misc.Unsafe.park(Native Method)
        at java.util.concurrent.locks.LockSupport.parkNanos(LockSupport.java:215)
        at java.util.concurrent.locks.AbstractQueuedSynchronizer$ConditionObject.awaitNanos(AbstractQueuedSynchronizer.java:2078)
        at java.util.concurrent.ScheduledThreadPoolExecutor$DelayedWorkQueue.take(ScheduledThreadPoolExecutor.java:1093)
        at java.util.concurrent.ScheduledThreadPoolExecutor$DelayedWorkQueue.take(ScheduledThreadPoolExecutor.java:809)
        at java.util.concurrent.ThreadPoolExecutor.getTask(ThreadPoolExecutor.java:1074)
        at java.util.concurrent.ThreadPoolExecutor.runWorker(ThreadPoolExecutor.java:1134)
        at java.util.concurrent.ThreadPoolExecutor$Worker.run(ThreadPoolExecutor.java:624)
        at java.lang.Thread.run(Thread.java:748)
"pool-26-thread-50"  prio=5 tid=336 in Object.wait()
java.lang.Thread.State: WAITING (on object monitor)
        at sun.misc.Unsafe.park(Native Method)
        at java.util.concurrent.locks.LockSupport.park(LockSupport.java:175)
        at java.util.concurrent.locks.AbstractQueuedSynchronizer$ConditionObject.await(AbstractQueuedSynchronizer.java:2039)
        at java.util.concurrent.ArrayBlockingQueue.take(ArrayBlockingQueue.java:403)
        at java.util.concurrent.ThreadPoolExecutor.getTask(ThreadPoolExecutor.java:1074)
        at java.util.concurrent.ThreadPoolExecutor.runWorker(ThreadPoolExecutor.java:1134)
        at java.util.concurrent.ThreadPoolExecutor$Worker.run(ThreadPoolExecutor.java:624)
        at java.lang.Thread.run(Thread.java:748)
"Timer-0"  prio=5 tid=112 timed_waiting
java.lang.Thread.State: TIMED_WAITING
        at java.lang.Object.wait(Native Method)
        at java.util.TimerThread.mainLoop(Timer.java:552)
        at java.util.TimerThread.run(Timer.java:505)
"pool-6-thread-1"  prio=5 tid=26 timed_waiting
java.lang.Thread.State: TIMED_WAITING
        at sun.misc.Unsafe.park(Native Method)
        at java.util.concurrent.locks.LockSupport.parkNanos(LockSupport.java:215)
        at java.util.concurrent.locks.AbstractQueuedSynchronizer$ConditionObject.awaitNanos(AbstractQueuedSynchronizer.java:2078)
        at java.util.concurrent.ScheduledThreadPoolExecutor$DelayedWorkQueue.take(ScheduledThreadPoolExecutor.java:1093)
        at java.util.concurrent.ScheduledThreadPoolExecutor$DelayedWorkQueue.take(ScheduledThreadPoolExecutor.java:809)
        at java.util.concurrent.ThreadPoolExecutor.getTask(ThreadPoolExecutor.java:1074)
        at java.util.concurrent.ThreadPoolExecutor.runWorker(ThreadPoolExecutor.java:1134)
        at java.util.concurrent.ThreadPoolExecutor$Worker.run(ThreadPoolExecutor.java:624)
        at java.lang.Thread.run(Thread.java:748)
"pool-66-thread-50"  prio=5 tid=585 in Object.wait()
java.lang.Thread.State: WAITING (on object monitor)
        at sun.misc.Unsafe.park(Native Method)
        at java.util.concurrent.locks.LockSupport.park(LockSupport.java:175)
        at java.util.concurrent.locks.AbstractQueuedSynchronizer$ConditionObject.await(AbstractQueuedSynchronizer.java:2039)
        at java.util.concurrent.ArrayBlockingQueue.take(ArrayBlockingQueue.java:403)
        at java.util.concurrent.ThreadPoolExecutor.getTask(ThreadPoolExecutor.java:1074)
        at java.util.concurrent.ThreadPoolExecutor.runWorker(ThreadPoolExecutor.java:1134)
        at java.util.concurrent.ThreadPoolExecutor$Worker.run(ThreadPoolExecutor.java:624)
        at java.lang.Thread.run(Thread.java:748)
"Datanode ReportManager Thread - 0" daemon prio=5 tid=171 in Object.wait()
java.lang.Thread.State: WAITING (on object monitor)
        at sun.misc.Unsafe.park(Native Method)
        at java.util.concurrent.locks.LockSupport.park(LockSupport.java:175)
        at java.util.concurrent.locks.AbstractQueuedSynchronizer$ConditionObject.await(AbstractQueuedSynchronizer.java:2039)
        at java.util.concurrent.ScheduledThreadPoolExecutor$DelayedWorkQueue.take(ScheduledThreadPoolExecutor.java:1088)
        at java.util.concurrent.ScheduledThreadPoolExecutor$DelayedWorkQueue.take(ScheduledThreadPoolExecutor.java:809)
        at java.util.concurrent.ThreadPoolExecutor.getTask(ThreadPoolExecutor.java:1074)
        at java.util.concurrent.ThreadPoolExecutor.runWorker(ThreadPoolExecutor.java:1134)
        at java.util.concurrent.ThreadPoolExecutor$Worker.run(ThreadPoolExecutor.java:624)
        at java.lang.Thread.run(Thread.java:748)
"qtp650859015-160-acceptor-0@7feb59dd-ServerConnector@59072e9d{HTTP/1.1,[http/1.1]}{0.0.0.0:42733}" daemon prio=3 tid=160 runnable
java.lang.Thread.State: RUNNABLE
        at sun.nio.ch.ServerSocketChannelImpl.accept0(Native Method)
        at sun.nio.ch.ServerSocketChannelImpl.accept(ServerSocketChannelImpl.java:422)
        at sun.nio.ch.ServerSocketChannelImpl.accept(ServerSocketChannelImpl.java:250)
        at org.eclipse.jetty.server.ServerConnector.accept(ServerConnector.java:397)
        at org.eclipse.jetty.server.AbstractConnector$Acceptor.run(AbstractConnector.java:601)
        at org.eclipse.jetty.util.thread.QueuedThreadPool.runJob(QueuedThreadPool.java:671)
        at org.eclipse.jetty.util.thread.QueuedThreadPool$2.run(QueuedThreadPool.java:589)
        at java.lang.Thread.run(Thread.java:748)
"pool-26-thread-55"  prio=5 tid=341 in Object.wait()
java.lang.Thread.State: WAITING (on object monitor)
        at sun.misc.Unsafe.park(Native Method)
        at java.util.concurrent.locks.LockSupport.park(LockSupport.java:175)
        at java.util.concurrent.locks.AbstractQueuedSynchronizer$ConditionObject.await(AbstractQueuedSynchronizer.java:2039)
        at java.util.concurrent.ArrayBlockingQueue.take(ArrayBlockingQueue.java:403)
        at java.util.concurrent.ThreadPoolExecutor.getTask(ThreadPoolExecutor.java:1074)
        at java.util.concurrent.ThreadPoolExecutor.runWorker(ThreadPoolExecutor.java:1134)
        at java.util.concurrent.ThreadPoolExecutor$Worker.run(ThreadPoolExecutor.java:624)
        at java.lang.Thread.run(Thread.java:748)
"metrics-hadoop-metrics2-reporter-15-thread-1" daemon prio=5 tid=647 timed_waiting
java.lang.Thread.State: TIMED_WAITING
        at sun.misc.Unsafe.park(Native Method)
        at java.util.concurrent.locks.LockSupport.parkNanos(LockSupport.java:215)
        at java.util.concurrent.locks.AbstractQueuedSynchronizer$ConditionObject.awaitNanos(AbstractQueuedSynchronizer.java:2078)
        at java.util.concurrent.ScheduledThreadPoolExecutor$DelayedWorkQueue.take(ScheduledThreadPoolExecutor.java:1093)
        at java.util.concurrent.ScheduledThreadPoolExecutor$DelayedWorkQueue.take(ScheduledThreadPoolExecutor.java:809)
        at java.util.concurrent.ThreadPoolExecutor.getTask(ThreadPoolExecutor.java:1074)
        at java.util.concurrent.ThreadPoolExecutor.runWorker(ThreadPoolExecutor.java:1134)
        at java.util.concurrent.ThreadPoolExecutor$Worker.run(ThreadPoolExecutor.java:624)
        at java.lang.Thread.run(Thread.java:748)
"qtp1680841335-215" daemon prio=5 tid=215 timed_waiting
java.lang.Thread.State: TIMED_WAITING
        at sun.misc.Unsafe.park(Native Method)
        at java.util.concurrent.locks.LockSupport.parkNanos(LockSupport.java:215)
        at java.util.concurrent.locks.AbstractQueuedSynchronizer$ConditionObject.awaitNanos(AbstractQueuedSynchronizer.java:2078)
        at org.eclipse.jetty.util.BlockingArrayQueue.poll(BlockingArrayQueue.java:392)
        at org.eclipse.jetty.util.thread.QueuedThreadPool.idleJobPoll(QueuedThreadPool.java:563)
        at org.eclipse.jetty.util.thread.QueuedThreadPool.access$800(QueuedThreadPool.java:48)
        at org.eclipse.jetty.util.thread.QueuedThreadPool$2.run(QueuedThreadPool.java:626)
        at java.lang.Thread.run(Thread.java:748)
"org.eclipse.jetty.server.session.HashSessionManager@2449cff7Timer" daemon prio=5 tid=99 timed_waiting
java.lang.Thread.State: TIMED_WAITING
        at sun.misc.Unsafe.park(Native Method)
        at java.util.concurrent.locks.LockSupport.parkNanos(LockSupport.java:215)
        at java.util.concurrent.locks.AbstractQueuedSynchronizer$ConditionObject.awaitNanos(AbstractQueuedSynchronizer.java:2078)
        at java.util.concurrent.ScheduledThreadPoolExecutor$DelayedWorkQueue.take(ScheduledThreadPoolExecutor.java:1093)
        at java.util.concurrent.ScheduledThreadPoolExecutor$DelayedWorkQueue.take(ScheduledThreadPoolExecutor.java:809)
        at java.util.concurrent.ThreadPoolExecutor.getTask(ThreadPoolExecutor.java:1074)
        at java.util.concurrent.ThreadPoolExecutor.runWorker(ThreadPoolExecutor.java:1134)
        at java.util.concurrent.ThreadPoolExecutor$Worker.run(ThreadPoolExecutor.java:624)
        at java.lang.Thread.run(Thread.java:748)
"pool-66-thread-46"  prio=5 tid=581 in Object.wait()
java.lang.Thread.State: WAITING (on object monitor)
        at sun.misc.Unsafe.park(Native Method)
        at java.util.concurrent.locks.LockSupport.park(LockSupport.java:175)
        at java.util.concurrent.locks.AbstractQueuedSynchronizer$ConditionObject.await(AbstractQueuedSynchronizer.java:2039)
        at java.util.concurrent.ArrayBlockingQueue.take(ArrayBlockingQueue.java:403)
        at java.util.concurrent.ThreadPoolExecutor.getTask(ThreadPoolExecutor.java:1074)
        at java.util.concurrent.ThreadPoolExecutor.runWorker(ThreadPoolExecutor.java:1134)
        at java.util.concurrent.ThreadPoolExecutor$Worker.run(ThreadPoolExecutor.java:624)
        at java.lang.Thread.run(Thread.java:748)
"pool-36-thread-26"  prio=5 tid=372 in Object.wait()
java.lang.Thread.State: WAITING (on object monitor)
        at sun.misc.Unsafe.park(Native Method)
        at java.util.concurrent.locks.LockSupport.park(LockSupport.java:175)
        at java.util.concurrent.locks.AbstractQueuedSynchronizer$ConditionObject.await(AbstractQueuedSynchronizer.java:2039)
        at java.util.concurrent.ArrayBlockingQueue.take(ArrayBlockingQueue.java:403)
        at java.util.concurrent.ThreadPoolExecutor.getTask(ThreadPoolExecutor.java:1074)
        at java.util.concurrent.ThreadPoolExecutor.runWorker(ThreadPoolExecutor.java:1134)
        at java.util.concurrent.ThreadPoolExecutor$Worker.run(ThreadPoolExecutor.java:624)
        at java.lang.Thread.run(Thread.java:748)
"pool-46-thread-50"  prio=5 tid=456 in Object.wait()
java.lang.Thread.State: WAITING (on object monitor)
        at sun.misc.Unsafe.park(Native Method)
        at java.util.concurrent.locks.LockSupport.park(LockSupport.java:175)
        at java.util.concurrent.locks.AbstractQueuedSynchronizer$ConditionObject.await(AbstractQueuedSynchronizer.java:2039)
        at java.util.concurrent.ArrayBlockingQueue.take(ArrayBlockingQueue.java:403)
        at java.util.concurrent.ThreadPoolExecutor.getTask(ThreadPoolExecutor.java:1074)
        at java.util.concurrent.ThreadPoolExecutor.runWorker(ThreadPoolExecutor.java:1134)
        at java.util.concurrent.ThreadPoolExecutor$Worker.run(ThreadPoolExecutor.java:624)
        at java.lang.Thread.run(Thread.java:748)
"IPC Server handler 8 on 46821" daemon prio=5 tid=57 timed_waiting
java.lang.Thread.State: TIMED_WAITING
        at sun.misc.Unsafe.park(Native Method)
        at java.util.concurrent.locks.LockSupport.parkNanos(LockSupport.java:215)
        at java.util.concurrent.locks.AbstractQueuedSynchronizer$ConditionObject.awaitNanos(AbstractQueuedSynchronizer.java:2078)
        at java.util.concurrent.LinkedBlockingQueue.poll(LinkedBlockingQueue.java:467)
        at org.apache.hadoop.ipc.CallQueueManager.take(CallQueueManager.java:288)
        at org.apache.hadoop.ipc.Server$Handler.run(Server.java:2668)
"metrics-hadoop-metrics2-reporter-22-thread-1" daemon prio=5 tid=663 timed_waiting
java.lang.Thread.State: TIMED_WAITING
        at sun.misc.Unsafe.park(Native Method)
        at java.util.concurrent.locks.LockSupport.parkNanos(LockSupport.java:215)
        at java.util.concurrent.locks.AbstractQueuedSynchronizer$ConditionObject.awaitNanos(AbstractQueuedSynchronizer.java:2078)
        at java.util.concurrent.ScheduledThreadPoolExecutor$DelayedWorkQueue.take(ScheduledThreadPoolExecutor.java:1093)
        at java.util.concurrent.ScheduledThreadPoolExecutor$DelayedWorkQueue.take(ScheduledThreadPoolExecutor.java:809)
        at java.util.concurrent.ThreadPoolExecutor.getTask(ThreadPoolExecutor.java:1074)
        at java.util.concurrent.ThreadPoolExecutor.runWorker(ThreadPoolExecutor.java:1134)
        at java.util.concurrent.ThreadPoolExecutor$Worker.run(ThreadPoolExecutor.java:624)
        at java.lang.Thread.run(Thread.java:748)
"IPC Server handler 12 on 46821" daemon prio=5 tid=61 timed_waiting
java.lang.Thread.State: TIMED_WAITING
        at sun.misc.Unsafe.park(Native Method)
        at java.util.concurrent.locks.LockSupport.parkNanos(LockSupport.java:215)
        at java.util.concurrent.locks.AbstractQueuedSynchronizer$ConditionObject.awaitNanos(AbstractQueuedSynchronizer.java:2078)
        at java.util.concurrent.LinkedBlockingQueue.poll(LinkedBlockingQueue.java:467)
        at org.apache.hadoop.ipc.CallQueueManager.take(CallQueueManager.java:288)
        at org.apache.hadoop.ipc.Server$Handler.run(Server.java:2668)
"pool-66-thread-27"  prio=5 tid=562 in Object.wait()
java.lang.Thread.State: WAITING (on object monitor)
        at sun.misc.Unsafe.park(Native Method)
        at java.util.concurrent.locks.LockSupport.park(LockSupport.java:175)
        at java.util.concurrent.locks.AbstractQueuedSynchronizer$ConditionObject.await(AbstractQueuedSynchronizer.java:2039)
        at java.util.concurrent.ArrayBlockingQueue.take(ArrayBlockingQueue.java:403)
        at java.util.concurrent.ThreadPoolExecutor.getTask(ThreadPoolExecutor.java:1074)
        at java.util.concurrent.ThreadPoolExecutor.runWorker(ThreadPoolExecutor.java:1134)
        at java.util.concurrent.ThreadPoolExecutor$Worker.run(ThreadPoolExecutor.java:624)
        at java.lang.Thread.run(Thread.java:748)
"IPC Server handler 7 on 46821" daemon prio=5 tid=56 timed_waiting
java.lang.Thread.State: TIMED_WAITING
        at sun.misc.Unsafe.park(Native Method)
        at java.util.concurrent.locks.LockSupport.parkNanos(LockSupport.java:215)
        at java.util.concurrent.locks.AbstractQueuedSynchronizer$ConditionObject.awaitNanos(AbstractQueuedSynchronizer.java:2078)
        at java.util.concurrent.LinkedBlockingQueue.poll(LinkedBlockingQueue.java:467)
        at org.apache.hadoop.ipc.CallQueueManager.take(CallQueueManager.java:288)
        at org.apache.hadoop.ipc.Server$Handler.run(Server.java:2668)
"Periodic HDDS volume checker"  prio=5 tid=152 timed_waiting
java.lang.Thread.State: TIMED_WAITING
        at sun.misc.Unsafe.park(Native Method)
        at java.util.concurrent.locks.LockSupport.parkNanos(LockSupport.java:215)
        at java.util.concurrent.locks.AbstractQueuedSynchronizer$ConditionObject.awaitNanos(AbstractQueuedSynchronizer.java:2078)
        at java.util.concurrent.ScheduledThreadPoolExecutor$DelayedWorkQueue.take(ScheduledThreadPoolExecutor.java:1093)
        at java.util.concurrent.ScheduledThreadPoolExecutor$DelayedWorkQueue.take(ScheduledThreadPoolExecutor.java:809)
        at java.util.concurrent.ThreadPoolExecutor.getTask(ThreadPoolExecutor.java:1074)
        at java.util.concurrent.ThreadPoolExecutor.runWorker(ThreadPoolExecutor.java:1134)
        at java.util.concurrent.ThreadPoolExecutor$Worker.run(ThreadPoolExecutor.java:624)
        at java.lang.Thread.run(Thread.java:748)
"metrics-hadoop-metrics2-reporter-46-thread-1" daemon prio=5 tid=811 timed_waiting
java.lang.Thread.State: TIMED_WAITING
        at sun.misc.Unsafe.park(Native Method)
        at java.util.concurrent.locks.LockSupport.parkNanos(LockSupport.java:215)
        at java.util.concurrent.locks.AbstractQueuedSynchronizer$ConditionObject.awaitNanos(AbstractQueuedSynchronizer.java:2078)
        at java.util.concurrent.ScheduledThreadPoolExecutor$DelayedWorkQueue.take(ScheduledThreadPoolExecutor.java:1093)
        at java.util.concurrent.ScheduledThreadPoolExecutor$DelayedWorkQueue.take(ScheduledThreadPoolExecutor.java:809)
        at java.util.concurrent.ThreadPoolExecutor.getTask(ThreadPoolExecutor.java:1074)
        at java.util.concurrent.ThreadPoolExecutor.runWorker(ThreadPoolExecutor.java:1134)
        at java.util.concurrent.ThreadPoolExecutor$Worker.run(ThreadPoolExecutor.java:624)
        at java.lang.Thread.run(Thread.java:748)
"qtp801142660-142" daemon prio=5 tid=142 timed_waiting
java.lang.Thread.State: TIMED_WAITING
        at sun.misc.Unsafe.park(Native Method)
        at java.util.concurrent.locks.LockSupport.parkNanos(LockSupport.java:215)
        at java.util.concurrent.locks.AbstractQueuedSynchronizer$ConditionObject.awaitNanos(AbstractQueuedSynchronizer.java:2078)
        at org.eclipse.jetty.util.BlockingArrayQueue.poll(BlockingArrayQueue.java:392)
        at org.eclipse.jetty.util.thread.QueuedThreadPool.idleJobPoll(QueuedThreadPool.java:563)
        at org.eclipse.jetty.util.thread.QueuedThreadPool.access$800(QueuedThreadPool.java:48)
        at org.eclipse.jetty.util.thread.QueuedThreadPool$2.run(QueuedThreadPool.java:626)
        at java.lang.Thread.run(Thread.java:748)
"metrics-hadoop-metrics2-reporter-37-thread-1" daemon prio=5 tid=721 timed_waiting
java.lang.Thread.State: TIMED_WAITING
        at sun.misc.Unsafe.park(Native Method)
        at java.util.concurrent.locks.LockSupport.parkNanos(LockSupport.java:215)
        at java.util.concurrent.locks.AbstractQueuedSynchronizer$ConditionObject.awaitNanos(AbstractQueuedSynchronizer.java:2078)
        at java.util.concurrent.ScheduledThreadPoolExecutor$DelayedWorkQueue.take(ScheduledThreadPoolExecutor.java:1093)
        at java.util.concurrent.ScheduledThreadPoolExecutor$DelayedWorkQueue.take(ScheduledThreadPoolExecutor.java:809)
        at java.util.concurrent.ThreadPoolExecutor.getTask(ThreadPoolExecutor.java:1074)
        at java.util.concurrent.ThreadPoolExecutor.runWorker(ThreadPoolExecutor.java:1134)
        at java.util.concurrent.ThreadPoolExecutor$Worker.run(ThreadPoolExecutor.java:624)
        at java.lang.Thread.run(Thread.java:748)
"IPC Server handler 9 on 33004" daemon prio=5 tid=78 timed_waiting
java.lang.Thread.State: TIMED_WAITING
        at sun.misc.Unsafe.park(Native Method)
        at java.util.concurrent.locks.LockSupport.parkNanos(LockSupport.java:215)
        at java.util.concurrent.locks.AbstractQueuedSynchronizer$ConditionObject.awaitNanos(AbstractQueuedSynchronizer.java:2078)
        at java.util.concurrent.LinkedBlockingQueue.poll(LinkedBlockingQueue.java:467)
        at org.apache.hadoop.ipc.CallQueueManager.take(CallQueueManager.java:288)
        at org.apache.hadoop.ipc.Server$Handler.run(Server.java:2668)
"pool-46-thread-26"  prio=5 tid=432 in Object.wait()
java.lang.Thread.State: WAITING (on object monitor)
        at sun.misc.Unsafe.park(Native Method)
        at java.util.concurrent.locks.LockSupport.park(LockSupport.java:175)
        at java.util.concurrent.locks.AbstractQueuedSynchronizer$ConditionObject.await(AbstractQueuedSynchronizer.java:2039)
        at java.util.concurrent.ArrayBlockingQueue.take(ArrayBlockingQueue.java:403)
        at java.util.concurrent.ThreadPoolExecutor.getTask(ThreadPoolExecutor.java:1074)
        at java.util.concurrent.ThreadPoolExecutor.runWorker(ThreadPoolExecutor.java:1134)
        at java.util.concurrent.ThreadPoolExecutor$Worker.run(ThreadPoolExecutor.java:624)
        at java.lang.Thread.run(Thread.java:748)
"IPC Server handler 11 on 35444" daemon prio=5 tid=125 timed_waiting
java.lang.Thread.State: TIMED_WAITING
        at sun.misc.Unsafe.park(Native Method)
        at java.util.concurrent.locks.LockSupport.parkNanos(LockSupport.java:215)
        at java.util.concurrent.locks.AbstractQueuedSynchronizer$ConditionObject.awaitNanos(AbstractQueuedSynchronizer.java:2078)
        at java.util.concurrent.LinkedBlockingQueue.poll(LinkedBlockingQueue.java:467)
        at org.apache.hadoop.ipc.CallQueueManager.take(CallQueueManager.java:288)
        at org.apache.hadoop.ipc.Server$Handler.run(Server.java:2668)
"metrics-hadoop-metrics2-reporter-21-thread-1" daemon prio=5 tid=662 timed_waiting
java.lang.Thread.State: TIMED_WAITING
        at sun.misc.Unsafe.park(Native Method)
        at java.util.concurrent.locks.LockSupport.parkNanos(LockSupport.java:215)
        at java.util.concurrent.locks.AbstractQueuedSynchronizer$ConditionObject.awaitNanos(AbstractQueuedSynchronizer.java:2078)
        at java.util.concurrent.ScheduledThreadPoolExecutor$DelayedWorkQueue.take(ScheduledThreadPoolExecutor.java:1093)
        at java.util.concurrent.ScheduledThreadPoolExecutor$DelayedWorkQueue.take(ScheduledThreadPoolExecutor.java:809)
        at java.util.concurrent.ThreadPoolExecutor.getTask(ThreadPoolExecutor.java:1074)
        at java.util.concurrent.ThreadPoolExecutor.runWorker(ThreadPoolExecutor.java:1134)
        at java.util.concurrent.ThreadPoolExecutor$Worker.run(ThreadPoolExecutor.java:624)
        at java.lang.Thread.run(Thread.java:748)
"IPC Server handler 2 on 35444" daemon prio=5 tid=116 timed_waiting
java.lang.Thread.State: TIMED_WAITING
        at sun.misc.Unsafe.park(Native Method)
        at java.util.concurrent.locks.LockSupport.parkNanos(LockSupport.java:215)
        at java.util.concurrent.locks.AbstractQueuedSynchronizer$ConditionObject.awaitNanos(AbstractQueuedSynchronizer.java:2078)
        at java.util.concurrent.LinkedBlockingQueue.poll(LinkedBlockingQueue.java:467)
        at org.apache.hadoop.ipc.CallQueueManager.take(CallQueueManager.java:288)
        at org.apache.hadoop.ipc.Server$Handler.run(Server.java:2668)
"pool-56-thread-60"  prio=5 tid=533 in Object.wait()
java.lang.Thread.State: WAITING (on object monitor)
        at sun.misc.Unsafe.park(Native Method)
        at java.util.concurrent.locks.LockSupport.park(LockSupport.java:175)
        at java.util.concurrent.locks.AbstractQueuedSynchronizer$ConditionObject.await(AbstractQueuedSynchronizer.java:2039)
        at java.util.concurrent.ArrayBlockingQueue.take(ArrayBlockingQueue.java:403)
        at java.util.concurrent.ThreadPoolExecutor.getTask(ThreadPoolExecutor.java:1074)
        at java.util.concurrent.ThreadPoolExecutor.runWorker(ThreadPoolExecutor.java:1134)
        at java.util.concurrent.ThreadPoolExecutor$Worker.run(ThreadPoolExecutor.java:624)
        at java.lang.Thread.run(Thread.java:748)
"org.eclipse.jetty.server.session.HashSessionManager@2a4f5433Timer" daemon prio=5 tid=277 timed_waiting
java.lang.Thread.State: TIMED_WAITING
        at sun.misc.Unsafe.park(Native Method)
        at java.util.concurrent.locks.LockSupport.parkNanos(LockSupport.java:215)
        at java.util.concurrent.locks.AbstractQueuedSynchronizer$ConditionObject.awaitNanos(AbstractQueuedSynchronizer.java:2078)
        at java.util.concurrent.ScheduledThreadPoolExecutor$DelayedWorkQueue.take(ScheduledThreadPoolExecutor.java:1093)
        at java.util.concurrent.ScheduledThreadPoolExecutor$DelayedWorkQueue.take(ScheduledThreadPoolExecutor.java:809)
        at java.util.concurrent.ThreadPoolExecutor.getTask(ThreadPoolExecutor.java:1074)
        at java.util.concurrent.ThreadPoolExecutor.runWorker(ThreadPoolExecutor.java:1134)
        at java.util.concurrent.ThreadPoolExecutor$Worker.run(ThreadPoolExecutor.java:624)
        at java.lang.Thread.run(Thread.java:748)
"qtp650859015-159" daemon prio=5 tid=159 runnable
java.lang.Thread.State: RUNNABLE
        at sun.nio.ch.EPollArrayWrapper.epollWait(Native Method)
        at sun.nio.ch.EPollArrayWrapper.poll(EPollArrayWrapper.java:269)
        at sun.nio.ch.EPollSelectorImpl.doSelect(EPollSelectorImpl.java:93)
        at sun.nio.ch.SelectorImpl.lockAndDoSelect(SelectorImpl.java:86)
        at sun.nio.ch.SelectorImpl.select(SelectorImpl.java:97)
        at sun.nio.ch.SelectorImpl.select(SelectorImpl.java:101)
        at org.eclipse.jetty.io.ManagedSelector$SelectorProducer.select(ManagedSelector.java:243)
        at org.eclipse.jetty.io.ManagedSelector$SelectorProducer.produce(ManagedSelector.java:191)
        at org.eclipse.jetty.util.thread.strategy.ExecuteProduceConsume.executeProduceConsume(ExecuteProduceConsume.java:249)
        at org.eclipse.jetty.util.thread.strategy.ExecuteProduceConsume.produceConsume(ExecuteProduceConsume.java:148)
        at org.eclipse.jetty.util.thread.strategy.ExecuteProduceConsume.execute(ExecuteProduceConsume.java:100)
        at org.eclipse.jetty.io.ManagedSelector.run(ManagedSelector.java:147)
        at org.eclipse.jetty.util.thread.QueuedThreadPool.runJob(QueuedThreadPool.java:671)
        at org.eclipse.jetty.util.thread.QueuedThreadPool$2.run(QueuedThreadPool.java:589)
        at java.lang.Thread.run(Thread.java:748)
"pool-36-thread-35"  prio=5 tid=381 in Object.wait()
java.lang.Thread.State: WAITING (on object monitor)
        at sun.misc.Unsafe.park(Native Method)
        at java.util.concurrent.locks.LockSupport.park(LockSupport.java:175)
        at java.util.concurrent.locks.AbstractQueuedSynchronizer$ConditionObject.await(AbstractQueuedSynchronizer.java:2039)
        at java.util.concurrent.ArrayBlockingQueue.take(ArrayBlockingQueue.java:403)
        at java.util.concurrent.ThreadPoolExecutor.getTask(ThreadPoolExecutor.java:1074)
        at java.util.concurrent.ThreadPoolExecutor.runWorker(ThreadPoolExecutor.java:1134)
        at java.util.concurrent.ThreadPoolExecutor$Worker.run(ThreadPoolExecutor.java:624)
        at java.lang.Thread.run(Thread.java:748)
"pool-36-thread-2"  prio=5 tid=348 in Object.wait()
java.lang.Thread.State: WAITING (on object monitor)
        at sun.misc.Unsafe.park(Native Method)
        at java.util.concurrent.locks.LockSupport.park(LockSupport.java:175)
        at java.util.concurrent.locks.AbstractQueuedSynchronizer$ConditionObject.await(AbstractQueuedSynchronizer.java:2039)
        at java.util.concurrent.ArrayBlockingQueue.take(ArrayBlockingQueue.java:403)
        at java.util.concurrent.ThreadPoolExecutor.getTask(ThreadPoolExecutor.java:1074)
        at java.util.concurrent.ThreadPoolExecutor.runWorker(ThreadPoolExecutor.java:1134)
        at java.util.concurrent.ThreadPoolExecutor$Worker.run(ThreadPoolExecutor.java:624)
        at java.lang.Thread.run(Thread.java:748)
"IPC Server handler 17 on 46821" daemon prio=5 tid=66 timed_waiting
java.lang.Thread.State: TIMED_WAITING
        at sun.misc.Unsafe.park(Native Method)
        at java.util.concurrent.locks.LockSupport.parkNanos(LockSupport.java:215)
        at java.util.concurrent.locks.AbstractQueuedSynchronizer$ConditionObject.awaitNanos(AbstractQueuedSynchronizer.java:2078)
        at java.util.concurrent.LinkedBlockingQueue.poll(LinkedBlockingQueue.java:467)
        at org.apache.hadoop.ipc.CallQueueManager.take(CallQueueManager.java:288)
        at org.apache.hadoop.ipc.Server$Handler.run(Server.java:2668)
"pool-36-thread-1"  prio=5 tid=347 in Object.wait()
java.lang.Thread.State: WAITING (on object monitor)
        at sun.misc.Unsafe.park(Native Method)
        at java.util.concurrent.locks.LockSupport.park(LockSupport.java:175)
        at java.util.concurrent.locks.AbstractQueuedSynchronizer$ConditionObject.await(AbstractQueuedSynchronizer.java:2039)
        at java.util.concurrent.ArrayBlockingQueue.take(ArrayBlockingQueue.java:403)
        at java.util.concurrent.ThreadPoolExecutor.getTask(ThreadPoolExecutor.java:1074)
        at java.util.concurrent.ThreadPoolExecutor.runWorker(ThreadPoolExecutor.java:1134)
        at java.util.concurrent.ThreadPoolExecutor$Worker.run(ThreadPoolExecutor.java:624)
        at java.lang.Thread.run(Thread.java:748)
"pool-46-thread-8"  prio=5 tid=414 in Object.wait()
java.lang.Thread.State: WAITING (on object monitor)
        at sun.misc.Unsafe.park(Native Method)
        at java.util.concurrent.locks.LockSupport.park(LockSupport.java:175)
        at java.util.concurrent.locks.AbstractQueuedSynchronizer$ConditionObject.await(AbstractQueuedSynchronizer.java:2039)
        at java.util.concurrent.ArrayBlockingQueue.take(ArrayBlockingQueue.java:403)
        at java.util.concurrent.ThreadPoolExecutor.getTask(ThreadPoolExecutor.java:1074)
        at java.util.concurrent.ThreadPoolExecutor.runWorker(ThreadPoolExecutor.java:1134)
        at java.util.concurrent.ThreadPoolExecutor$Worker.run(ThreadPoolExecutor.java:624)
        at java.lang.Thread.run(Thread.java:748)
"org.eclipse.jetty.server.session.HashSessionManager@3277e499Timer" daemon prio=5 tid=97 timed_waiting
java.lang.Thread.State: TIMED_WAITING
        at sun.misc.Unsafe.park(Native Method)
        at java.util.concurrent.locks.LockSupport.parkNanos(LockSupport.java:215)
        at java.util.concurrent.locks.AbstractQueuedSynchronizer$ConditionObject.awaitNanos(AbstractQueuedSynchronizer.java:2078)
        at java.util.concurrent.ScheduledThreadPoolExecutor$DelayedWorkQueue.take(ScheduledThreadPoolExecutor.java:1093)
        at java.util.concurrent.ScheduledThreadPoolExecutor$DelayedWorkQueue.take(ScheduledThreadPoolExecutor.java:809)
        at java.util.concurrent.ThreadPoolExecutor.getTask(ThreadPoolExecutor.java:1074)
        at java.util.concurrent.ThreadPoolExecutor.runWorker(ThreadPoolExecutor.java:1134)
        at java.util.concurrent.ThreadPoolExecutor$Worker.run(ThreadPoolExecutor.java:624)
        at java.lang.Thread.run(Thread.java:748)
"IPC Server handler 6 on 46821" daemon prio=5 tid=55 timed_waiting
java.lang.Thread.State: TIMED_WAITING
        at sun.misc.Unsafe.park(Native Method)
        at java.util.concurrent.locks.LockSupport.parkNanos(LockSupport.java:215)
        at java.util.concurrent.locks.AbstractQueuedSynchronizer$ConditionObject.awaitNanos(AbstractQueuedSynchronizer.java:2078)
        at java.util.concurrent.LinkedBlockingQueue.poll(LinkedBlockingQueue.java:467)
        at org.apache.hadoop.ipc.CallQueueManager.take(CallQueueManager.java:288)
        at org.apache.hadoop.ipc.Server$Handler.run(Server.java:2668)
"pool-66-thread-51"  prio=5 tid=586 in Object.wait()
java.lang.Thread.State: WAITING (on object monitor)
        at sun.misc.Unsafe.park(Native Method)
        at java.util.concurrent.locks.LockSupport.park(LockSupport.java:175)
        at java.util.concurrent.locks.AbstractQueuedSynchronizer$ConditionObject.await(AbstractQueuedSynchronizer.java:2039)
        at java.util.concurrent.ArrayBlockingQueue.take(ArrayBlockingQueue.java:403)
        at java.util.concurrent.ThreadPoolExecutor.getTask(ThreadPoolExecutor.java:1074)
        at java.util.concurrent.ThreadPoolExecutor.runWorker(ThreadPoolExecutor.java:1134)
        at java.util.concurrent.ThreadPoolExecutor$Worker.run(ThreadPoolExecutor.java:624)
        at java.lang.Thread.run(Thread.java:748)
"pool-66-thread-3"  prio=5 tid=538 in Object.wait()
java.lang.Thread.State: WAITING (on object monitor)
        at sun.misc.Unsafe.park(Native Method)
        at java.util.concurrent.locks.LockSupport.park(LockSupport.java:175)
        at java.util.concurrent.locks.AbstractQueuedSynchronizer$ConditionObject.await(AbstractQueuedSynchronizer.java:2039)
        at java.util.concurrent.ArrayBlockingQueue.take(ArrayBlockingQueue.java:403)
        at java.util.concurrent.ThreadPoolExecutor.getTask(ThreadPoolExecutor.java:1074)
        at java.util.concurrent.ThreadPoolExecutor.runWorker(ThreadPoolExecutor.java:1134)
        at java.util.concurrent.ThreadPoolExecutor$Worker.run(ThreadPoolExecutor.java:624)
        at java.lang.Thread.run(Thread.java:748)
"IPC Server handler 10 on 33004" daemon prio=5 tid=79 timed_waiting
java.lang.Thread.State: TIMED_WAITING
        at sun.misc.Unsafe.park(Native Method)
        at java.util.concurrent.locks.LockSupport.parkNanos(LockSupport.java:215)
        at java.util.concurrent.locks.AbstractQueuedSynchronizer$ConditionObject.awaitNanos(AbstractQueuedSynchronizer.java:2078)
        at java.util.concurrent.LinkedBlockingQueue.poll(LinkedBlockingQueue.java:467)
        at org.apache.hadoop.ipc.CallQueueManager.take(CallQueueManager.java:288)
        at org.apache.hadoop.ipc.Server$Handler.run(Server.java:2668)
"metrics-hadoop-metrics2-reporter-3-thread-1" daemon prio=5 tid=617 timed_waiting
java.lang.Thread.State: TIMED_WAITING
        at sun.misc.Unsafe.park(Native Method)
        at java.util.concurrent.locks.LockSupport.parkNanos(LockSupport.java:215)
        at java.util.concurrent.locks.AbstractQueuedSynchronizer$ConditionObject.awaitNanos(AbstractQueuedSynchronizer.java:2078)
        at java.util.concurrent.ScheduledThreadPoolExecutor$DelayedWorkQueue.take(ScheduledThreadPoolExecutor.java:1093)
        at java.util.concurrent.ScheduledThreadPoolExecutor$DelayedWorkQueue.take(ScheduledThreadPoolExecutor.java:809)
        at java.util.concurrent.ThreadPoolExecutor.getTask(ThreadPoolExecutor.java:1074)
        at java.util.concurrent.ThreadPoolExecutor.runWorker(ThreadPoolExecutor.java:1134)
        at java.util.concurrent.ThreadPoolExecutor$Worker.run(ThreadPoolExecutor.java:624)
        at java.lang.Thread.run(Thread.java:748)
"qtp1043358826-89" daemon prio=5 tid=89 runnable
java.lang.Thread.State: RUNNABLE
        at sun.nio.ch.EPollArrayWrapper.epollWait(Native Method)
        at sun.nio.ch.EPollArrayWrapper.poll(EPollArrayWrapper.java:269)
        at sun.nio.ch.EPollSelectorImpl.doSelect(EPollSelectorImpl.java:93)
        at sun.nio.ch.SelectorImpl.lockAndDoSelect(SelectorImpl.java:86)
        at sun.nio.ch.SelectorImpl.select(SelectorImpl.java:97)
        at sun.nio.ch.SelectorImpl.select(SelectorImpl.java:101)
        at org.eclipse.jetty.io.ManagedSelector$SelectorProducer.select(ManagedSelector.java:243)
        at org.eclipse.jetty.io.ManagedSelector$SelectorProducer.produce(ManagedSelector.java:191)
        at org.eclipse.jetty.util.thread.strategy.ExecuteProduceConsume.executeProduceConsume(ExecuteProduceConsume.java:249)
        at org.eclipse.jetty.util.thread.strategy.ExecuteProduceConsume.produceConsume(ExecuteProduceConsume.java:148)
        at org.eclipse.jetty.util.thread.strategy.ExecuteProduceConsume.execute(ExecuteProduceConsume.java:100)
        at org.eclipse.jetty.io.ManagedSelector.run(ManagedSelector.java:147)
        at org.eclipse.jetty.util.thread.QueuedThreadPool.runJob(QueuedThreadPool.java:671)
        at org.eclipse.jetty.util.thread.QueuedThreadPool$2.run(QueuedThreadPool.java:589)
        at java.lang.Thread.run(Thread.java:748)
"IPC Server handler 12 on 40923" daemon prio=5 tid=41 timed_waiting
java.lang.Thread.State: TIMED_WAITING
        at sun.misc.Unsafe.park(Native Method)
        at java.util.concurrent.locks.LockSupport.parkNanos(LockSupport.java:215)
        at java.util.concurrent.locks.AbstractQueuedSynchronizer$ConditionObject.awaitNanos(AbstractQueuedSynchronizer.java:2078)
        at java.util.concurrent.LinkedBlockingQueue.poll(LinkedBlockingQueue.java:467)
        at org.apache.hadoop.ipc.CallQueueManager.take(CallQueueManager.java:288)
        at org.apache.hadoop.ipc.Server$Handler.run(Server.java:2668)
"pool-56-thread-54"  prio=5 tid=527 in Object.wait()
java.lang.Thread.State: WAITING (on object monitor)
        at sun.misc.Unsafe.park(Native Method)
        at java.util.concurrent.locks.LockSupport.park(LockSupport.java:175)
        at java.util.concurrent.locks.AbstractQueuedSynchronizer$ConditionObject.await(AbstractQueuedSynchronizer.java:2039)
        at java.util.concurrent.ArrayBlockingQueue.take(ArrayBlockingQueue.java:403)
        at java.util.concurrent.ThreadPoolExecutor.getTask(ThreadPoolExecutor.java:1074)
        at java.util.concurrent.ThreadPoolExecutor.runWorker(ThreadPoolExecutor.java:1134)
        at java.util.concurrent.ThreadPoolExecutor$Worker.run(ThreadPoolExecutor.java:624)
        at java.lang.Thread.run(Thread.java:748)
"Thread-231" daemon prio=5 tid=668 timed_waiting
java.lang.Thread.State: TIMED_WAITING
        at sun.misc.Unsafe.park(Native Method)
        at java.util.concurrent.locks.LockSupport.parkNanos(LockSupport.java:215)
        at java.util.concurrent.locks.AbstractQueuedSynchronizer$ConditionObject.awaitNanos(AbstractQueuedSynchronizer.java:2078)
        at java.util.concurrent.ArrayBlockingQueue.poll(ArrayBlockingQueue.java:418)
        at org.apache.ratis.server.impl.LeaderState$EventQueue.poll(LeaderState.java:115)
        at org.apache.ratis.server.impl.LeaderState$EventProcessor.run(LeaderState.java:467)
"pool-56-thread-22"  prio=5 tid=495 in Object.wait()
java.lang.Thread.State: WAITING (on object monitor)
        at sun.misc.Unsafe.park(Native Method)
        at java.util.concurrent.locks.LockSupport.park(LockSupport.java:175)
        at java.util.concurrent.locks.AbstractQueuedSynchronizer$ConditionObject.await(AbstractQueuedSynchronizer.java:2039)
        at java.util.concurrent.ArrayBlockingQueue.take(ArrayBlockingQueue.java:403)
        at java.util.concurrent.ThreadPoolExecutor.getTask(ThreadPoolExecutor.java:1074)
        at java.util.concurrent.ThreadPoolExecutor.runWorker(ThreadPoolExecutor.java:1134)
        at java.util.concurrent.ThreadPoolExecutor$Worker.run(ThreadPoolExecutor.java:624)
        at java.lang.Thread.run(Thread.java:748)
"pool-66-thread-52"  prio=5 tid=587 in Object.wait()
java.lang.Thread.State: WAITING (on object monitor)
        at sun.misc.Unsafe.park(Native Method)
        at java.util.concurrent.locks.LockSupport.park(LockSupport.java:175)
        at java.util.concurrent.locks.AbstractQueuedSynchronizer$ConditionObject.await(AbstractQueuedSynchronizer.java:2039)
        at java.util.concurrent.ArrayBlockingQueue.take(ArrayBlockingQueue.java:403)
        at java.util.concurrent.ThreadPoolExecutor.getTask(ThreadPoolExecutor.java:1074)
        at java.util.concurrent.ThreadPoolExecutor.runWorker(ThreadPoolExecutor.java:1134)
        at java.util.concurrent.ThreadPoolExecutor$Worker.run(ThreadPoolExecutor.java:624)
        at java.lang.Thread.run(Thread.java:748)
"pool-46-thread-30"  prio=5 tid=436 in Object.wait()
java.lang.Thread.State: WAITING (on object monitor)
        at sun.misc.Unsafe.park(Native Method)
        at java.util.concurrent.locks.LockSupport.park(LockSupport.java:175)
        at java.util.concurrent.locks.AbstractQueuedSynchronizer$ConditionObject.await(AbstractQueuedSynchronizer.java:2039)
        at java.util.concurrent.ArrayBlockingQueue.take(ArrayBlockingQueue.java:403)
        at java.util.concurrent.ThreadPoolExecutor.getTask(ThreadPoolExecutor.java:1074)
        at java.util.concurrent.ThreadPoolExecutor.runWorker(ThreadPoolExecutor.java:1134)
        at java.util.concurrent.ThreadPoolExecutor$Worker.run(ThreadPoolExecutor.java:624)
        at java.lang.Thread.run(Thread.java:748)
"pool-26-thread-49"  prio=5 tid=335 in Object.wait()
java.lang.Thread.State: WAITING (on object monitor)
        at sun.misc.Unsafe.park(Native Method)
        at java.util.concurrent.locks.LockSupport.park(LockSupport.java:175)
        at java.util.concurrent.locks.AbstractQueuedSynchronizer$ConditionObject.await(AbstractQueuedSynchronizer.java:2039)
        at java.util.concurrent.ArrayBlockingQueue.take(ArrayBlockingQueue.java:403)
        at java.util.concurrent.ThreadPoolExecutor.getTask(ThreadPoolExecutor.java:1074)
        at java.util.concurrent.ThreadPoolExecutor.runWorker(ThreadPoolExecutor.java:1134)
        at java.util.concurrent.ThreadPoolExecutor$Worker.run(ThreadPoolExecutor.java:624)
        at java.lang.Thread.run(Thread.java:748)
"ReplicationMonitor" daemon prio=5 tid=774 timed_waiting
java.lang.Thread.State: TIMED_WAITING
        at java.lang.Object.wait(Native Method)
        at org.apache.hadoop.hdds.scm.container.ReplicationManager.run(ReplicationManager.java:229)
        at org.apache.hadoop.hdds.scm.container.ReplicationManager$$Lambda$450/1670599653.run(Unknown Source)
        at java.lang.Thread.run(Thread.java:748)
"grpc-default-executor-3" daemon prio=5 tid=718 timed_waiting
java.lang.Thread.State: TIMED_WAITING
        at sun.misc.Unsafe.park(Native Method)
        at java.util.concurrent.locks.LockSupport.parkNanos(LockSupport.java:215)
        at java.util.concurrent.SynchronousQueue$TransferStack.awaitFulfill(SynchronousQueue.java:460)
        at java.util.concurrent.SynchronousQueue$TransferStack.transfer(SynchronousQueue.java:362)
        at java.util.concurrent.SynchronousQueue.poll(SynchronousQueue.java:941)
        at java.util.concurrent.ThreadPoolExecutor.getTask(ThreadPoolExecutor.java:1073)
        at java.util.concurrent.ThreadPoolExecutor.runWorker(ThreadPoolExecutor.java:1134)
        at java.util.concurrent.ThreadPoolExecutor$Worker.run(ThreadPoolExecutor.java:624)
        at java.lang.Thread.run(Thread.java:748)
"IPC Server idle connection scanner for port 40923" daemon prio=5 tid=24 timed_waiting
java.lang.Thread.State: TIMED_WAITING
        at java.lang.Object.wait(Native Method)
        at java.util.TimerThread.mainLoop(Timer.java:552)
        at java.util.TimerThread.run(Timer.java:505)
"pool-66-thread-56"  prio=5 tid=591 in Object.wait()
java.lang.Thread.State: WAITING (on object monitor)
        at sun.misc.Unsafe.park(Native Method)
        at java.util.concurrent.locks.LockSupport.park(LockSupport.java:175)
        at java.util.concurrent.locks.AbstractQueuedSynchronizer$ConditionObject.await(AbstractQueuedSynchronizer.java:2039)
        at java.util.concurrent.ArrayBlockingQueue.take(ArrayBlockingQueue.java:403)
        at java.util.concurrent.ThreadPoolExecutor.getTask(ThreadPoolExecutor.java:1074)
        at java.util.concurrent.ThreadPoolExecutor.runWorker(ThreadPoolExecutor.java:1134)
        at java.util.concurrent.ThreadPoolExecutor$Worker.run(ThreadPoolExecutor.java:624)
        at java.lang.Thread.run(Thread.java:748)
"pool-36-thread-28"  prio=5 tid=374 in Object.wait()
java.lang.Thread.State: WAITING (on object monitor)
        at sun.misc.Unsafe.park(Native Method)
        at java.util.concurrent.locks.LockSupport.park(LockSupport.java:175)
        at java.util.concurrent.locks.AbstractQueuedSynchronizer$ConditionObject.await(AbstractQueuedSynchronizer.java:2039)
        at java.util.concurrent.ArrayBlockingQueue.take(ArrayBlockingQueue.java:403)
        at java.util.concurrent.ThreadPoolExecutor.getTask(ThreadPoolExecutor.java:1074)
        at java.util.concurrent.ThreadPoolExecutor.runWorker(ThreadPoolExecutor.java:1134)
        at java.util.concurrent.ThreadPoolExecutor$Worker.run(ThreadPoolExecutor.java:624)
        at java.lang.Thread.run(Thread.java:748)
"pool-56-thread-11"  prio=5 tid=484 in Object.wait()
java.lang.Thread.State: WAITING (on object monitor)
        at sun.misc.Unsafe.park(Native Method)
        at java.util.concurrent.locks.LockSupport.park(LockSupport.java:175)
        at java.util.concurrent.locks.AbstractQueuedSynchronizer$ConditionObject.await(AbstractQueuedSynchronizer.java:2039)
        at java.util.concurrent.ArrayBlockingQueue.take(ArrayBlockingQueue.java:403)
        at java.util.concurrent.ThreadPoolExecutor.getTask(ThreadPoolExecutor.java:1074)
        at java.util.concurrent.ThreadPoolExecutor.runWorker(ThreadPoolExecutor.java:1134)
        at java.util.concurrent.ThreadPoolExecutor$Worker.run(ThreadPoolExecutor.java:624)
        at java.lang.Thread.run(Thread.java:748)
"IPC Server handler 15 on 46821" daemon prio=5 tid=64 timed_waiting
java.lang.Thread.State: TIMED_WAITING
        at sun.misc.Unsafe.park(Native Method)
        at java.util.concurrent.locks.LockSupport.parkNanos(LockSupport.java:215)
        at java.util.concurrent.locks.AbstractQueuedSynchronizer$ConditionObject.awaitNanos(AbstractQueuedSynchronizer.java:2078)
        at java.util.concurrent.LinkedBlockingQueue.poll(LinkedBlockingQueue.java:467)
        at org.apache.hadoop.ipc.CallQueueManager.take(CallQueueManager.java:288)
        at org.apache.hadoop.ipc.Server$Handler.run(Server.java:2668)
"SCM Heartbeat Processing Thread - 0" daemon prio=5 tid=13 timed_waiting
java.lang.Thread.State: TIMED_WAITING
        at sun.misc.Unsafe.park(Native Method)
        at java.util.concurrent.locks.LockSupport.parkNanos(LockSupport.java:215)
        at java.util.concurrent.locks.AbstractQueuedSynchronizer$ConditionObject.awaitNanos(AbstractQueuedSynchronizer.java:2078)
        at java.util.concurrent.ScheduledThreadPoolExecutor$DelayedWorkQueue.take(ScheduledThreadPoolExecutor.java:1093)
        at java.util.concurrent.ScheduledThreadPoolExecutor$DelayedWorkQueue.take(ScheduledThreadPoolExecutor.java:809)
        at java.util.concurrent.ThreadPoolExecutor.getTask(ThreadPoolExecutor.java:1074)
        at java.util.concurrent.ThreadPoolExecutor.runWorker(ThreadPoolExecutor.java:1134)
        at java.util.concurrent.ThreadPoolExecutor$Worker.run(ThreadPoolExecutor.java:624)
        at java.lang.Thread.run(Thread.java:748)
"pool-36-thread-21"  prio=5 tid=367 in Object.wait()
java.lang.Thread.State: WAITING (on object monitor)
        at sun.misc.Unsafe.park(Native Method)
        at java.util.concurrent.locks.LockSupport.park(LockSupport.java:175)
        at java.util.concurrent.locks.AbstractQueuedSynchronizer$ConditionObject.await(AbstractQueuedSynchronizer.java:2039)
        at java.util.concurrent.ArrayBlockingQueue.take(ArrayBlockingQueue.java:403)
        at java.util.concurrent.ThreadPoolExecutor.getTask(ThreadPoolExecutor.java:1074)
        at java.util.concurrent.ThreadPoolExecutor.runWorker(ThreadPoolExecutor.java:1134)
        at java.util.concurrent.ThreadPoolExecutor$Worker.run(ThreadPoolExecutor.java:624)
        at java.lang.Thread.run(Thread.java:748)
"pool-44-thread-1" daemon prio=5 tid=210 timed_waiting
java.lang.Thread.State: TIMED_WAITING
        at sun.misc.Unsafe.park(Native Method)
        at java.util.concurrent.locks.LockSupport.parkNanos(LockSupport.java:215)
        at java.util.concurrent.locks.AbstractQueuedSynchronizer$ConditionObject.awaitNanos(AbstractQueuedSynchronizer.java:2078)
        at java.util.concurrent.ScheduledThreadPoolExecutor$DelayedWorkQueue.take(ScheduledThreadPoolExecutor.java:1093)
        at java.util.concurrent.ScheduledThreadPoolExecutor$DelayedWorkQueue.take(ScheduledThreadPoolExecutor.java:809)
        at java.util.concurrent.ThreadPoolExecutor.getTask(ThreadPoolExecutor.java:1074)
        at java.util.concurrent.ThreadPoolExecutor.runWorker(ThreadPoolExecutor.java:1134)
        at java.util.concurrent.ThreadPoolExecutor$Worker.run(ThreadPoolExecutor.java:624)
        at java.lang.Thread.run(Thread.java:748)
"pool-26-thread-34"  prio=5 tid=320 in Object.wait()
java.lang.Thread.State: WAITING (on object monitor)
        at sun.misc.Unsafe.park(Native Method)
        at java.util.concurrent.locks.LockSupport.park(LockSupport.java:175)
        at java.util.concurrent.locks.AbstractQueuedSynchronizer$ConditionObject.await(AbstractQueuedSynchronizer.java:2039)
        at java.util.concurrent.ArrayBlockingQueue.take(ArrayBlockingQueue.java:403)
        at java.util.concurrent.ThreadPoolExecutor.getTask(ThreadPoolExecutor.java:1074)
        at java.util.concurrent.ThreadPoolExecutor.runWorker(ThreadPoolExecutor.java:1134)
        at java.util.concurrent.ThreadPoolExecutor$Worker.run(ThreadPoolExecutor.java:624)
        at java.lang.Thread.run(Thread.java:748)
"Thread-2828" daemon prio=5 tid=3304 timed_waiting
java.lang.Thread.State: TIMED_WAITING
        at java.lang.Thread.sleep(Native Method)
        at org.apache.ratis.util.JavaUtils.sleep(JavaUtils.java:247)
        at org.apache.ratis.server.impl.FollowerState.run(FollowerState.java:97)
"Datanode ReportManager Thread - 3" daemon prio=5 tid=174 timed_waiting
java.lang.Thread.State: TIMED_WAITING
        at sun.misc.Unsafe.park(Native Method)
        at java.util.concurrent.locks.LockSupport.parkNanos(LockSupport.java:215)
        at java.util.concurrent.locks.AbstractQueuedSynchronizer$ConditionObject.awaitNanos(AbstractQueuedSynchronizer.java:2078)
        at java.util.concurrent.ScheduledThreadPoolExecutor$DelayedWorkQueue.take(ScheduledThreadPoolExecutor.java:1093)
        at java.util.concurrent.ScheduledThreadPoolExecutor$DelayedWorkQueue.take(ScheduledThreadPoolExecutor.java:809)
        at java.util.concurrent.ThreadPoolExecutor.getTask(ThreadPoolExecutor.java:1074)
        at java.util.concurrent.ThreadPoolExecutor.runWorker(ThreadPoolExecutor.java:1134)
        at java.util.concurrent.ThreadPoolExecutor$Worker.run(ThreadPoolExecutor.java:624)
        at java.lang.Thread.run(Thread.java:748)
"IPC Server handler 16 on 46821" daemon prio=5 tid=65 timed_waiting
java.lang.Thread.State: TIMED_WAITING
        at sun.misc.Unsafe.park(Native Method)
        at java.util.concurrent.locks.LockSupport.parkNanos(LockSupport.java:215)
        at java.util.concurrent.locks.AbstractQueuedSynchronizer$ConditionObject.awaitNanos(AbstractQueuedSynchronizer.java:2078)
        at java.util.concurrent.LinkedBlockingQueue.poll(LinkedBlockingQueue.java:467)
        at org.apache.hadoop.ipc.CallQueueManager.take(CallQueueManager.java:288)
        at org.apache.hadoop.ipc.Server$Handler.run(Server.java:2668)
"qtp1003663195-241-acceptor-0@6198041c-ServerConnector@48b4a043{HTTP/1.1,[http/1.1]}{0.0.0.0:46653}" daemon prio=3 tid=241 runnable
java.lang.Thread.State: RUNNABLE
        at sun.nio.ch.ServerSocketChannelImpl.accept0(Native Method)
        at sun.nio.ch.ServerSocketChannelImpl.accept(ServerSocketChannelImpl.java:422)
        at sun.nio.ch.ServerSocketChannelImpl.accept(ServerSocketChannelImpl.java:250)
        at org.eclipse.jetty.server.ServerConnector.accept(ServerConnector.java:397)
        at org.eclipse.jetty.server.AbstractConnector$Acceptor.run(AbstractConnector.java:601)
        at org.eclipse.jetty.util.thread.QueuedThreadPool.runJob(QueuedThreadPool.java:671)
        at org.eclipse.jetty.util.thread.QueuedThreadPool$2.run(QueuedThreadPool.java:589)
        at java.lang.Thread.run(Thread.java:748)
"refreshUsed-/workdir/hadoop-ozone/ozonefs/target/test-dir/MiniOzoneClusterImpl-d26aec2b-09c1-4f88-9204-0bb43e71ee01/datanode-4/data/containers" daemon prio=5 tid=262 timed_waiting
java.lang.Thread.State: TIMED_WAITING
        at java.lang.Thread.sleep(Native Method)
        at org.apache.hadoop.fs.CachingGetSpaceUsed$RefreshThread.run(CachingGetSpaceUsed.java:179)
        at java.lang.Thread.run(Thread.java:748)
"pool-36-thread-37"  prio=5 tid=383 in Object.wait()
java.lang.Thread.State: WAITING (on object monitor)
        at sun.misc.Unsafe.park(Native Method)
        at java.util.concurrent.locks.LockSupport.park(LockSupport.java:175)
        at java.util.concurrent.locks.AbstractQueuedSynchronizer$ConditionObject.await(AbstractQueuedSynchronizer.java:2039)
        at java.util.concurrent.ArrayBlockingQueue.take(ArrayBlockingQueue.java:403)
        at java.util.concurrent.ThreadPoolExecutor.getTask(ThreadPoolExecutor.java:1074)
        at java.util.concurrent.ThreadPoolExecutor.runWorker(ThreadPoolExecutor.java:1134)
        at java.util.concurrent.ThreadPoolExecutor$Worker.run(ThreadPoolExecutor.java:624)
        at java.lang.Thread.run(Thread.java:748)
"Datanode State Machine Thread - 0" daemon prio=5 tid=251 timed_waiting
java.lang.Thread.State: TIMED_WAITING
        at java.lang.Thread.sleep(Native Method)
        at org.apache.hadoop.ozone.container.common.statemachine.DatanodeStateMachine.start(DatanodeStateMachine.java:191)
        at org.apache.hadoop.ozone.container.common.statemachine.DatanodeStateMachine.lambda$startDaemon$0(DatanodeStateMachine.java:349)
        at org.apache.hadoop.ozone.container.common.statemachine.DatanodeStateMachine$$Lambda$140/177389135.run(Unknown Source)
        at java.lang.Thread.run(Thread.java:748)
"pool-66-thread-19"  prio=5 tid=554 in Object.wait()
java.lang.Thread.State: WAITING (on object monitor)
        at sun.misc.Unsafe.park(Native Method)
        at java.util.concurrent.locks.LockSupport.park(LockSupport.java:175)
        at java.util.concurrent.locks.AbstractQueuedSynchronizer$ConditionObject.await(AbstractQueuedSynchronizer.java:2039)
        at java.util.concurrent.ArrayBlockingQueue.take(ArrayBlockingQueue.java:403)
        at java.util.concurrent.ThreadPoolExecutor.getTask(ThreadPoolExecutor.java:1074)
        at java.util.concurrent.ThreadPoolExecutor.runWorker(ThreadPoolExecutor.java:1134)
        at java.util.concurrent.ThreadPoolExecutor$Worker.run(ThreadPoolExecutor.java:624)
        at java.lang.Thread.run(Thread.java:748)
"pool-26-thread-22"  prio=5 tid=308 in Object.wait()
java.lang.Thread.State: WAITING (on object monitor)
        at sun.misc.Unsafe.park(Native Method)
        at java.util.concurrent.locks.LockSupport.park(LockSupport.java:175)
        at java.util.concurrent.locks.AbstractQueuedSynchronizer$ConditionObject.await(AbstractQueuedSynchronizer.java:2039)
        at java.util.concurrent.ArrayBlockingQueue.take(ArrayBlockingQueue.java:403)
        at java.util.concurrent.ThreadPoolExecutor.getTask(ThreadPoolExecutor.java:1074)
        at java.util.concurrent.ThreadPoolExecutor.runWorker(ThreadPoolExecutor.java:1134)
        at java.util.concurrent.ThreadPoolExecutor$Worker.run(ThreadPoolExecutor.java:624)
        at java.lang.Thread.run(Thread.java:748)
"java.util.concurrent.ThreadPoolExecutor$Worker@58918e3e[State = -1, empty queue]" daemon prio=5 tid=820 timed_waiting
java.lang.Thread.State: TIMED_WAITING
        at sun.misc.Unsafe.park(Native Method)
        at java.util.concurrent.locks.LockSupport.parkNanos(LockSupport.java:215)
        at java.util.concurrent.locks.AbstractQueuedSynchronizer$ConditionObject.awaitNanos(AbstractQueuedSynchronizer.java:2078)
        at java.util.concurrent.ScheduledThreadPoolExecutor$DelayedWorkQueue.take(ScheduledThreadPoolExecutor.java:1093)
        at java.util.concurrent.ScheduledThreadPoolExecutor$DelayedWorkQueue.take(ScheduledThreadPoolExecutor.java:809)
        at java.util.concurrent.ThreadPoolExecutor.getTask(ThreadPoolExecutor.java:1074)
        at java.util.concurrent.ThreadPoolExecutor.runWorker(ThreadPoolExecutor.java:1134)
        at java.util.concurrent.ThreadPoolExecutor$Worker.run(ThreadPoolExecutor.java:624)
        at java.lang.Thread.run(Thread.java:748)
"Socket Reader #1 for port 40923"  prio=5 tid=23 runnable
java.lang.Thread.State: RUNNABLE
        at sun.nio.ch.EPollArrayWrapper.epollWait(Native Method)
        at sun.nio.ch.EPollArrayWrapper.poll(EPollArrayWrapper.java:269)
        at sun.nio.ch.EPollSelectorImpl.doSelect(EPollSelectorImpl.java:93)
        at sun.nio.ch.SelectorImpl.lockAndDoSelect(SelectorImpl.java:86)
        at sun.nio.ch.SelectorImpl.select(SelectorImpl.java:97)
        at sun.nio.ch.SelectorImpl.select(SelectorImpl.java:101)
        at org.apache.hadoop.ipc.Server$Listener$Reader.doRunLoop(Server.java:1097)
        at org.apache.hadoop.ipc.Server$Listener$Reader.run(Server.java:1076)


	at org.apache.hadoop.test.GenericTestUtils.waitFor(GenericTestUtils.java:389)
	at org.apache.hadoop.ozone.MiniOzoneClusterImpl.waitForClusterToBeReady(MiniOzoneClusterImpl.java:149)
	at org.apache.hadoop.fs.ozone.contract.OzoneContract.createCluster(OzoneContract.java:68)
	... 19 more
</error>
    <system-out><![CDATA[2019-10-16 21:52:40,016 [JUnit] WARN  server.ServerUtils (ServerUtils.java:getScmDbDir(145)) - ozone.scm.db.dirs is not configured. We recommend adding this setting. Falling back to ozone.metadata.dirs instead.
2019-10-16 21:52:40,114 [JUnit] WARN  server.ServerUtils (ServerUtils.java:getScmDbDir(145)) - ozone.scm.db.dirs is not configured. We recommend adding this setting. Falling back to ozone.metadata.dirs instead.
2019-10-16 21:52:40,117 [JUnit] WARN  server.ServerUtils (ServerUtils.java:getScmDbDir(145)) - ozone.scm.db.dirs is not configured. We recommend adding this setting. Falling back to ozone.metadata.dirs instead.
2019-10-16 21:52:40,143 [JUnit] INFO  util.log (Log.java:initialized(192)) - Logging initialized @905ms
2019-10-16 21:52:40,241 [JUnit] INFO  db.DBStoreBuilder (DBStoreBuilder.java:addTable(117)) - using custom profile for table: deletedBlocks
2019-10-16 21:52:40,241 [JUnit] INFO  db.DBStoreBuilder (DBStoreBuilder.java:processTables(168)) - Using default column profile:DBProfile.DISK for Table:deletedBlocks
2019-10-16 21:52:40,242 [JUnit] INFO  db.DBStoreBuilder (DBStoreBuilder.java:addTable(117)) - using custom profile for table: validCerts
2019-10-16 21:52:40,243 [JUnit] INFO  db.DBStoreBuilder (DBStoreBuilder.java:processTables(168)) - Using default column profile:DBProfile.DISK for Table:validCerts
2019-10-16 21:52:40,243 [JUnit] INFO  db.DBStoreBuilder (DBStoreBuilder.java:addTable(117)) - using custom profile for table: revokedCerts
2019-10-16 21:52:40,244 [JUnit] INFO  db.DBStoreBuilder (DBStoreBuilder.java:processTables(168)) - Using default column profile:DBProfile.DISK for Table:revokedCerts
2019-10-16 21:52:40,267 [JUnit] INFO  db.DBStoreBuilder (DBStoreBuilder.java:addTable(117)) - using custom profile for table: default
2019-10-16 21:52:40,268 [JUnit] INFO  db.DBStoreBuilder (DBStoreBuilder.java:processTables(174)) - Using default column profile:DBProfile.DISK for Table:default
2019-10-16 21:52:40,271 [JUnit] INFO  db.DBStoreBuilder (DBStoreBuilder.java:getDbProfile(205)) - Using default options. DBProfile.DISK
2019-10-16 21:52:40,544 [JUnit] INFO  net.NodeSchemaLoader (NodeSchemaLoader.java:loadSchemaFromFile(125)) - Loading file from sun.misc.CompoundEnumeration@6989da5e
2019-10-16 21:52:40,546 [JUnit] INFO  net.NodeSchemaLoader (NodeSchemaLoader.java:loadSchema(171)) - Loading network topology layer schema file
2019-10-16 21:52:40,606 [JUnit] WARN  server.ServerUtils (ServerUtils.java:sanitizeUserArgs(70)) - ozone.scm.stale.node.interval value = 300000 is larger than max = 100000 based on the key value of ozone.scm.heartbeat.thread.interval, reset to the max value 100000.
2019-10-16 21:52:40,608 [JUnit] WARN  server.ServerUtils (ServerUtils.java:sanitizeUserArgs(70)) - ozone.scm.stale.node.interval value = 300000 is larger than max = 100000 based on the key value of ozone.scm.heartbeat.thread.interval, reset to the max value 100000.
2019-10-16 21:52:40,610 [JUnit] INFO  node.SCMNodeManager (SCMNodeManager.java:<init>(116)) - Entering startup safe mode.
2019-10-16 21:52:40,734 [JUnit] INFO  algorithms.ContainerPlacementPolicyFactory (ContainerPlacementPolicyFactory.java:getPolicy(57)) - Create container placement policy of type org.apache.hadoop.hdds.scm.container.placement.algorithms.SCMContainerPlacementRandom
2019-10-16 21:52:40,747 [JUnit] WARN  server.ServerUtils (ServerUtils.java:getScmDbDir(145)) - ozone.scm.db.dirs is not configured. We recommend adding this setting. Falling back to ozone.metadata.dirs instead.
2019-10-16 21:52:40,869 [JUnit] INFO  pipeline.SCMPipelineManager (SCMPipelineManager.java:initializePipelineState(132)) - No pipeline exists in current db
2019-10-16 21:52:40,871 [JUnit] WARN  server.ServerUtils (ServerUtils.java:getScmDbDir(145)) - ozone.scm.db.dirs is not configured. We recommend adding this setting. Falling back to ozone.metadata.dirs instead.
2019-10-16 21:52:41,014 [JUnit] WARN  events.EventQueue (EventQueue.java:fireEvent(183)) - No event handler registered for event TypedEvent{payloadType=SafeModeStatus, name='SafeModeStatus'}
2019-10-16 21:52:41,409 [JUnit] INFO  ipc.CallQueueManager (CallQueueManager.java:<init>(84)) - Using callQueue: class java.util.concurrent.LinkedBlockingQueue, queueCapacity: 2000, scheduler: class org.apache.hadoop.ipc.DefaultRpcScheduler, ipcBackoff: false.
2019-10-16 21:52:41,544 [Socket Reader #1 for port 33004] INFO  ipc.Server (Server.java:run(1074)) - Starting Socket Reader #1 for port 33004
2019-10-16 21:52:41,568 [JUnit] INFO  ipc.CallQueueManager (CallQueueManager.java:<init>(84)) - Using callQueue: class java.util.concurrent.LinkedBlockingQueue, queueCapacity: 2000, scheduler: class org.apache.hadoop.ipc.DefaultRpcScheduler, ipcBackoff: false.
2019-10-16 21:52:41,568 [Socket Reader #1 for port 46821] INFO  ipc.Server (Server.java:run(1074)) - Starting Socket Reader #1 for port 46821
2019-10-16 21:52:41,576 [JUnit] INFO  ipc.CallQueueManager (CallQueueManager.java:<init>(84)) - Using callQueue: class java.util.concurrent.LinkedBlockingQueue, queueCapacity: 2000, scheduler: class org.apache.hadoop.ipc.DefaultRpcScheduler, ipcBackoff: false.
2019-10-16 21:52:41,577 [Socket Reader #1 for port 40923] INFO  ipc.Server (Server.java:run(1074)) - Starting Socket Reader #1 for port 40923
2019-10-16 21:52:41,600 [JUnit] INFO  hdfs.DFSUtil (DFSUtil.java:httpServerTemplateForNNAndJN(1641)) - Starting Web-server for scm at: http://0.0.0.0:0
2019-10-16 21:52:41,708 [JUnit] INFO  server.AuthenticationFilter (AuthenticationFilter.java:constructSecretProvider(240)) - Unable to initialize FileSignerSecretProvider, falling back to use random secrets.
2019-10-16 21:52:41,721 [JUnit] WARN  http.HttpRequestLog (HttpRequestLog.java:getRequestLog(97)) - Jetty request log can only be enabled using Log4j
2019-10-16 21:52:41,730 [JUnit] INFO  http.HttpServer2 (HttpServer2.java:addGlobalFilter(975)) - Added global filter 'safety' (class=org.apache.hadoop.http.HttpServer2$QuotingInputFilter)
2019-10-16 21:52:41,732 [JUnit] INFO  http.HttpServer2 (HttpServer2.java:addFilter(948)) - Added filter static_user_filter (class=org.apache.hadoop.http.lib.StaticUserWebFilter$StaticUserFilter) to context scm
2019-10-16 21:52:41,733 [JUnit] INFO  http.HttpServer2 (HttpServer2.java:addFilter(958)) - Added filter static_user_filter (class=org.apache.hadoop.http.lib.StaticUserWebFilter$StaticUserFilter) to context logs
2019-10-16 21:52:41,733 [JUnit] INFO  http.HttpServer2 (HttpServer2.java:addFilter(958)) - Added filter static_user_filter (class=org.apache.hadoop.http.lib.StaticUserWebFilter$StaticUserFilter) to context static
2019-10-16 21:52:41,757 [JUnit] INFO  server.StorageContainerManager (StorageContainerManager.java:start(772)) - StorageContainerLocationProtocol RPC server is listening at /0.0.0.0:40923
2019-10-16 21:52:41,800 [JUnit] WARN  impl.MetricsConfig (MetricsConfig.java:loadFirst(134)) - Cannot locate configuration: tried hadoop-metrics2-storagecontainermanager.properties,hadoop-metrics2.properties
2019-10-16 21:52:41,812 [JUnit] INFO  impl.MetricsSystemImpl (MetricsSystemImpl.java:startTimer(374)) - Scheduled Metric snapshot period at 10 second(s).
2019-10-16 21:52:41,812 [JUnit] INFO  impl.MetricsSystemImpl (MetricsSystemImpl.java:start(191)) - StorageContainerManager metrics system started
2019-10-16 21:52:42,026 [JUnit] INFO  server.SCMClientProtocolServer (SCMClientProtocolServer.java:start(159)) - RPC server for Client  is listening at /0.0.0.0:40923
2019-10-16 21:52:42,026 [IPC Server Responder] INFO  ipc.Server (Server.java:run(1314)) - IPC Server Responder: starting
2019-10-16 21:52:42,026 [IPC Server listener on 40923] INFO  ipc.Server (Server.java:run(1153)) - IPC Server listener on 40923: starting
2019-10-16 21:52:42,029 [JUnit] INFO  server.StorageContainerManager (StorageContainerManager.java:start(782)) - ScmBlockLocationProtocol RPC server is listening at /0.0.0.0:46821
2019-10-16 21:52:42,030 [JUnit] INFO  server.SCMBlockProtocolServer (SCMBlockProtocolServer.java:start(146)) - RPC server for Block Protocol is listening at /0.0.0.0:46821
2019-10-16 21:52:42,031 [IPC Server Responder] INFO  ipc.Server (Server.java:run(1314)) - IPC Server Responder: starting
2019-10-16 21:52:42,031 [IPC Server listener on 46821] INFO  ipc.Server (Server.java:run(1153)) - IPC Server listener on 46821: starting
2019-10-16 21:52:42,033 [JUnit] INFO  server.StorageContainerManager (StorageContainerManager.java:start(786)) - ScmDatanodeProtocl RPC server is listening at /0.0.0.0:33004
2019-10-16 21:52:42,033 [JUnit] INFO  server.SCMDatanodeProtocolServer (SCMDatanodeProtocolServer.java:start(169)) - RPC server for DataNodes is listening at /0.0.0.0:33004
2019-10-16 21:52:42,035 [IPC Server Responder] INFO  ipc.Server (Server.java:run(1314)) - IPC Server Responder: starting
2019-10-16 21:52:42,035 [IPC Server listener on 33004] INFO  ipc.Server (Server.java:run(1153)) - IPC Server listener on 33004: starting
2019-10-16 21:52:42,038 [JUnit] INFO  http.HttpServer2 (HttpServer2.java:bindListener(1191)) - Jetty bound to port 44482
2019-10-16 21:52:42,040 [JUnit] INFO  server.Server (Server.java:doStart(351)) - jetty-9.3.25.v20180904, build timestamp: 2018-09-04T21:11:46Z, git hash: 3ce520221d0240229c862b122d2b06c12a625732
2019-10-16 21:52:42,071 [JUnit] INFO  handler.ContextHandler (ContextHandler.java:doStart(781)) - Started o.e.j.s.ServletContextHandler@7096b474{/logs,file:///workdir/hadoop-ozone/ozonefs/target/log,AVAILABLE}
2019-10-16 21:52:42,071 [JUnit] INFO  handler.ContextHandler (ContextHandler.java:doStart(781)) - Started o.e.j.s.ServletContextHandler@3d3ba765{/static,jar:file:/home/user/.m2/repository/org/apache/hadoop/hadoop-hdds-server-scm/0.5.0-SNAPSHOT/hadoop-hdds-server-scm-0.5.0-SNAPSHOT.jar!/webapps/static,AVAILABLE}
2019-10-16 21:52:42,139 [JUnit] INFO  handler.ContextHandler (ContextHandler.java:doStart(781)) - Started o.e.j.w.WebAppContext@797501a{/,file:///tmp/jetty-0.0.0.0-44482-scm-_-any-1225083511564513622.dir/webapp/,AVAILABLE}{/scm}
2019-10-16 21:52:42,143 [JUnit] INFO  server.AbstractConnector (AbstractConnector.java:doStart(278)) - Started ServerConnector@285f09de{HTTP/1.1,[http/1.1]}{0.0.0.0:44482}
2019-10-16 21:52:42,144 [JUnit] INFO  server.Server (Server.java:doStart(419)) - Started @2906ms
2019-10-16 21:52:42,146 [JUnit] INFO  impl.MetricsSinkAdapter (MetricsSinkAdapter.java:start(204)) - Sink prometheus started
2019-10-16 21:52:42,146 [JUnit] INFO  impl.MetricsSystemImpl (MetricsSystemImpl.java:registerSink(301)) - Registered sink prometheus
2019-10-16 21:52:42,148 [JUnit] INFO  server.BaseHttpServer (BaseHttpServer.java:updateConnectorAddress(215)) - HTTP server of SCM is listening at http://0.0.0.0:44482
2019-10-16 21:52:42,154 [org.apache.hadoop.util.JvmPauseMonitor$Monitor@345e5a17] INFO  util.JvmPauseMonitor (JvmPauseMonitor.java:run(188)) - Starting JVM pause monitor
2019-10-16 21:52:42,160 [JUnit] WARN  server.ServerUtils (ServerUtils.java:getDBPath(222)) - ozone.om.db.dirs is not configured. We recommend adding this setting. Falling back to ozone.metadata.dirs instead.
2019-10-16 21:52:42,263 [JUnit] INFO  ha.OMHANodeDetails (OMHANodeDetails.java:loadOMHAConfig(190)) - Configuration either no ozone.om.address set. Falling back to the default OM address /127.0.0.1:0
2019-10-16 21:52:42,264 [JUnit] INFO  ha.OMHANodeDetails (OMHANodeDetails.java:getOMNodeDetails(220)) - OM Service ID is not set. Setting it to the default ID: omServiceIdDefault
2019-10-16 21:52:42,266 [JUnit] WARN  server.ServerUtils (ServerUtils.java:getDBPath(222)) - ozone.om.db.dirs is not configured. We recommend adding this setting. Falling back to ozone.metadata.dirs instead.
2019-10-16 21:52:42,266 [JUnit] WARN  server.ServerUtils (ServerUtils.java:getDBPath(222)) - ozone.om.db.dirs is not configured. We recommend adding this setting. Falling back to ozone.metadata.dirs instead.
2019-10-16 21:52:42,921 [JUnit] WARN  server.ServerUtils (ServerUtils.java:getDBPath(222)) - ozone.om.db.dirs is not configured. We recommend adding this setting. Falling back to ozone.metadata.dirs instead.
2019-10-16 21:52:42,931 [JUnit] INFO  db.DBStoreBuilder (DBStoreBuilder.java:addTable(117)) - using custom profile for table: userTable
2019-10-16 21:52:42,931 [JUnit] INFO  db.DBStoreBuilder (DBStoreBuilder.java:processTables(168)) - Using default column profile:DBProfile.DISK for Table:userTable
2019-10-16 21:52:42,932 [JUnit] INFO  db.DBStoreBuilder (DBStoreBuilder.java:addTable(117)) - using custom profile for table: volumeTable
2019-10-16 21:52:42,932 [JUnit] INFO  db.DBStoreBuilder (DBStoreBuilder.java:processTables(168)) - Using default column profile:DBProfile.DISK for Table:volumeTable
2019-10-16 21:52:42,932 [JUnit] INFO  db.DBStoreBuilder (DBStoreBuilder.java:addTable(117)) - using custom profile for table: bucketTable
2019-10-16 21:52:42,933 [JUnit] INFO  db.DBStoreBuilder (DBStoreBuilder.java:processTables(168)) - Using default column profile:DBProfile.DISK for Table:bucketTable
2019-10-16 21:52:42,933 [JUnit] INFO  db.DBStoreBuilder (DBStoreBuilder.java:addTable(117)) - using custom profile for table: keyTable
2019-10-16 21:52:42,933 [JUnit] INFO  db.DBStoreBuilder (DBStoreBuilder.java:processTables(168)) - Using default column profile:DBProfile.DISK for Table:keyTable
2019-10-16 21:52:42,934 [JUnit] INFO  db.DBStoreBuilder (DBStoreBuilder.java:addTable(117)) - using custom profile for table: deletedTable
2019-10-16 21:52:42,934 [JUnit] INFO  db.DBStoreBuilder (DBStoreBuilder.java:processTables(168)) - Using default column profile:DBProfile.DISK for Table:deletedTable
2019-10-16 21:52:42,934 [JUnit] INFO  db.DBStoreBuilder (DBStoreBuilder.java:addTable(117)) - using custom profile for table: openKeyTable
2019-10-16 21:52:42,934 [JUnit] INFO  db.DBStoreBuilder (DBStoreBuilder.java:processTables(168)) - Using default column profile:DBProfile.DISK for Table:openKeyTable
2019-10-16 21:52:42,935 [JUnit] INFO  db.DBStoreBuilder (DBStoreBuilder.java:addTable(117)) - using custom profile for table: s3Table
2019-10-16 21:52:42,935 [JUnit] INFO  db.DBStoreBuilder (DBStoreBuilder.java:processTables(168)) - Using default column profile:DBProfile.DISK for Table:s3Table
2019-10-16 21:52:42,935 [JUnit] INFO  db.DBStoreBuilder (DBStoreBuilder.java:addTable(117)) - using custom profile for table: multipartInfoTable
2019-10-16 21:52:42,935 [JUnit] INFO  db.DBStoreBuilder (DBStoreBuilder.java:processTables(168)) - Using default column profile:DBProfile.DISK for Table:multipartInfoTable
2019-10-16 21:52:42,936 [JUnit] INFO  db.DBStoreBuilder (DBStoreBuilder.java:addTable(117)) - using custom profile for table: dTokenTable
2019-10-16 21:52:42,936 [JUnit] INFO  db.DBStoreBuilder (DBStoreBuilder.java:processTables(168)) - Using default column profile:DBProfile.DISK for Table:dTokenTable
2019-10-16 21:52:42,936 [JUnit] INFO  db.DBStoreBuilder (DBStoreBuilder.java:addTable(117)) - using custom profile for table: s3SecretTable
2019-10-16 21:52:42,936 [JUnit] INFO  db.DBStoreBuilder (DBStoreBuilder.java:processTables(168)) - Using default column profile:DBProfile.DISK for Table:s3SecretTable
2019-10-16 21:52:42,937 [JUnit] INFO  db.DBStoreBuilder (DBStoreBuilder.java:addTable(117)) - using custom profile for table: prefixTable
2019-10-16 21:52:42,937 [JUnit] INFO  db.DBStoreBuilder (DBStoreBuilder.java:processTables(168)) - Using default column profile:DBProfile.DISK for Table:prefixTable
2019-10-16 21:52:42,937 [JUnit] INFO  db.DBStoreBuilder (DBStoreBuilder.java:addTable(117)) - using custom profile for table: default
2019-10-16 21:52:42,937 [JUnit] INFO  db.DBStoreBuilder (DBStoreBuilder.java:processTables(174)) - Using default column profile:DBProfile.DISK for Table:default
2019-10-16 21:52:42,937 [JUnit] INFO  db.DBStoreBuilder (DBStoreBuilder.java:getDbProfile(205)) - Using default options. DBProfile.DISK
2019-10-16 21:52:43,441 [JUnit] INFO  ipc.CallQueueManager (CallQueueManager.java:<init>(84)) - Using callQueue: class java.util.concurrent.LinkedBlockingQueue, queueCapacity: 2000, scheduler: class org.apache.hadoop.ipc.DefaultRpcScheduler, ipcBackoff: false.
2019-10-16 21:52:43,442 [Socket Reader #1 for port 35444] INFO  ipc.Server (Server.java:run(1074)) - Starting Socket Reader #1 for port 35444
2019-10-16 21:52:43,471 [JUnit] INFO  om.OzoneManager (OzoneManager.java:start(1071)) - OzoneManager RPC server is listening at localhost/127.0.0.1:35444
2019-10-16 21:52:43,471 [JUnit] INFO  impl.MetricsSystemImpl (MetricsSystemImpl.java:init(158)) - OzoneManager metrics system started (again)
2019-10-16 21:52:43,480 [IPC Server Responder] INFO  ipc.Server (Server.java:run(1314)) - IPC Server Responder: starting
2019-10-16 21:52:43,480 [IPC Server listener on 35444] INFO  ipc.Server (Server.java:run(1153)) - IPC Server listener on 35444: starting
2019-10-16 21:52:43,487 [JUnit] INFO  hdfs.DFSUtil (DFSUtil.java:httpServerTemplateForNNAndJN(1641)) - Starting Web-server for ozoneManager at: http://0.0.0.0:0
2019-10-16 21:52:43,489 [JUnit] INFO  server.AuthenticationFilter (AuthenticationFilter.java:constructSecretProvider(240)) - Unable to initialize FileSignerSecretProvider, falling back to use random secrets.
2019-10-16 21:52:43,490 [JUnit] WARN  http.HttpRequestLog (HttpRequestLog.java:getRequestLog(97)) - Jetty request log can only be enabled using Log4j
2019-10-16 21:52:43,492 [JUnit] INFO  http.HttpServer2 (HttpServer2.java:addGlobalFilter(975)) - Added global filter 'safety' (class=org.apache.hadoop.http.HttpServer2$QuotingInputFilter)
2019-10-16 21:52:43,493 [JUnit] INFO  http.HttpServer2 (HttpServer2.java:addFilter(948)) - Added filter static_user_filter (class=org.apache.hadoop.http.lib.StaticUserWebFilter$StaticUserFilter) to context ozoneManager
2019-10-16 21:52:43,493 [JUnit] INFO  http.HttpServer2 (HttpServer2.java:addFilter(958)) - Added filter static_user_filter (class=org.apache.hadoop.http.lib.StaticUserWebFilter$StaticUserFilter) to context static
2019-10-16 21:52:43,493 [JUnit] INFO  http.HttpServer2 (HttpServer2.java:addFilter(958)) - Added filter static_user_filter (class=org.apache.hadoop.http.lib.StaticUserWebFilter$StaticUserFilter) to context logs
2019-10-16 21:52:43,496 [JUnit] INFO  http.HttpServer2 (HttpServer2.java:bindListener(1191)) - Jetty bound to port 34959
2019-10-16 21:52:43,496 [JUnit] INFO  server.Server (Server.java:doStart(351)) - jetty-9.3.25.v20180904, build timestamp: 2018-09-04T21:11:46Z, git hash: 3ce520221d0240229c862b122d2b06c12a625732
2019-10-16 21:52:43,498 [JUnit] INFO  handler.ContextHandler (ContextHandler.java:doStart(781)) - Started o.e.j.s.ServletContextHandler@4a55a6e8{/logs,file:///workdir/hadoop-ozone/ozonefs/target/log,AVAILABLE}
2019-10-16 21:52:43,498 [JUnit] INFO  handler.ContextHandler (ContextHandler.java:doStart(781)) - Started o.e.j.s.ServletContextHandler@226b143b{/static,jar:file:/home/user/.m2/repository/org/apache/hadoop/hadoop-ozone-ozone-manager/0.5.0-SNAPSHOT/hadoop-ozone-ozone-manager-0.5.0-SNAPSHOT.jar!/webapps/static,AVAILABLE}
2019-10-16 21:52:43,543 [JUnit] INFO  handler.ContextHandler (ContextHandler.java:doStart(781)) - Started o.e.j.w.WebAppContext@476ec9d0{/,file:///tmp/jetty-0.0.0.0-34959-ozoneManager-_-any-7834726102697750855.dir/webapp/,AVAILABLE}{/ozoneManager}
2019-10-16 21:52:43,544 [JUnit] INFO  server.AbstractConnector (AbstractConnector.java:doStart(278)) - Started ServerConnector@325bb9a6{HTTP/1.1,[http/1.1]}{0.0.0.0:34959}
2019-10-16 21:52:43,545 [JUnit] INFO  server.Server (Server.java:doStart(419)) - Started @4306ms
2019-10-16 21:52:43,545 [JUnit] WARN  impl.MetricsSystemImpl (MetricsSystemImpl.java:register(276)) - Sink prometheus already exists!
2019-10-16 21:52:43,546 [JUnit] INFO  server.BaseHttpServer (BaseHttpServer.java:updateConnectorAddress(215)) - HTTP server of OZONEMANAGER is listening at http://0.0.0.0:34959
2019-10-16 21:52:43,868 [JUnit] INFO  impl.MetricsSystemImpl (MetricsSystemImpl.java:init(158)) - HddsDatanode metrics system started (again)
2019-10-16 21:52:43,923 [JUnit] INFO  ozone.HddsDatanodeService (HddsDatanodeService.java:start(184)) - HddsDatanodeService host:pr-hdds-1868-89kc4-1304904179 ip:192.168.34.38
2019-10-16 21:52:43,961 [JUnit] INFO  volume.HddsVolume (HddsVolume.java:<init>(176)) - Creating Volume: /workdir/hadoop-ozone/ozonefs/target/test-dir/MiniOzoneClusterImpl-d26aec2b-09c1-4f88-9204-0bb43e71ee01/datanode-0/data/containers/hdds of  storage type : DISK and capacity : 1482555576320
2019-10-16 21:52:43,964 [JUnit] INFO  volume.VolumeSet (VolumeSet.java:initializeVolumeSet(170)) - Added Volume : /workdir/hadoop-ozone/ozonefs/target/test-dir/MiniOzoneClusterImpl-d26aec2b-09c1-4f88-9204-0bb43e71ee01/datanode-0/data/containers/hdds to VolumeSet
2019-10-16 21:52:43,966 [JUnit] INFO  volume.ThrottledAsyncChecker (ThrottledAsyncChecker.java:schedule(141)) - Scheduling a check for /workdir/hadoop-ozone/ozonefs/target/test-dir/MiniOzoneClusterImpl-d26aec2b-09c1-4f88-9204-0bb43e71ee01/datanode-0/data/containers/hdds
2019-10-16 21:52:43,984 [JUnit] INFO  volume.HddsVolumeChecker (HddsVolumeChecker.java:checkAllVolumes(204)) - Scheduled health check for volume /workdir/hadoop-ozone/ozonefs/target/test-dir/MiniOzoneClusterImpl-d26aec2b-09c1-4f88-9204-0bb43e71ee01/datanode-0/data/containers/hdds
2019-10-16 21:52:44,112 [JUnit] INFO  impl.RaftServerProxy (ConfUtils.java:logGet(43)) - raft.rpc.type = GRPC (default)
2019-10-16 21:52:44,181 [JUnit] INFO  grpc.GrpcFactory (GrpcFactory.java:checkPooledByteBufAllocatorUseCacheForAllThreads(45)) - PERFORMANCE WARNING: useCacheForAllThreads is true that may cause Netty to create a lot garbage objects and, as a result, trigger GC.
	It is recommended to disable useCacheForAllThreads by setting -Dorg.apache.ratis.thirdparty.io.netty.allocator.useCacheForAllThreads=false in command line.
2019-10-16 21:52:44,186 [JUnit] INFO  grpc.GrpcConfigKeys$Server (ConfUtils.java:logGet(43)) - raft.grpc.server.port = 0 (default)
2019-10-16 21:52:44,187 [JUnit] INFO  server.GrpcService (ConfUtils.java:logGet(43)) - raft.grpc.message.size.max = 33570816 (custom)
2019-10-16 21:52:44,188 [JUnit] INFO  server.RaftServerConfigKeys (ConfUtils.java:logGet(43)) - raft.server.log.appender.buffer.byte-limit = 33554432 (custom)
2019-10-16 21:52:44,189 [JUnit] INFO  server.GrpcService (ConfUtils.java:logGet(43)) - raft.grpc.flow.control.window = 1MB (=1048576) (default)
2019-10-16 21:52:44,189 [JUnit] INFO  server.RaftServerConfigKeys (ConfUtils.java:logGet(43)) - raft.server.rpc.request.timeout = 3000ms (default)
2019-10-16 21:52:44,364 [JUnit] INFO  server.RaftServerConfigKeys (ConfUtils.java:logGet(43)) - raft.server.storage.dir = [/workdir/hadoop-ozone/ozonefs/target/test-dir/MiniOzoneClusterImpl-d26aec2b-09c1-4f88-9204-0bb43e71ee01/datanode-0/data/ratis] (custom)
2019-10-16 21:52:44,417 [JUnit] INFO  hdfs.DFSUtil (DFSUtil.java:httpServerTemplateForNNAndJN(1641)) - Starting Web-server for hddsDatanode at: http://0.0.0.0:0
2019-10-16 21:52:44,421 [JUnit] INFO  server.AuthenticationFilter (AuthenticationFilter.java:constructSecretProvider(240)) - Unable to initialize FileSignerSecretProvider, falling back to use random secrets.
2019-10-16 21:52:44,423 [JUnit] WARN  http.HttpRequestLog (HttpRequestLog.java:getRequestLog(97)) - Jetty request log can only be enabled using Log4j
2019-10-16 21:52:44,427 [JUnit] INFO  http.HttpServer2 (HttpServer2.java:addGlobalFilter(975)) - Added global filter 'safety' (class=org.apache.hadoop.http.HttpServer2$QuotingInputFilter)
2019-10-16 21:52:44,429 [JUnit] INFO  http.HttpServer2 (HttpServer2.java:addFilter(948)) - Added filter static_user_filter (class=org.apache.hadoop.http.lib.StaticUserWebFilter$StaticUserFilter) to context hddsDatanode
2019-10-16 21:52:44,429 [JUnit] INFO  http.HttpServer2 (HttpServer2.java:addFilter(958)) - Added filter static_user_filter (class=org.apache.hadoop.http.lib.StaticUserWebFilter$StaticUserFilter) to context logs
2019-10-16 21:52:44,429 [JUnit] INFO  http.HttpServer2 (HttpServer2.java:addFilter(958)) - Added filter static_user_filter (class=org.apache.hadoop.http.lib.StaticUserWebFilter$StaticUserFilter) to context static
2019-10-16 21:52:44,431 [JUnit] INFO  http.HttpServer2 (HttpServer2.java:bindListener(1191)) - Jetty bound to port 42733
2019-10-16 21:52:44,431 [JUnit] INFO  server.Server (Server.java:doStart(351)) - jetty-9.3.25.v20180904, build timestamp: 2018-09-04T21:11:46Z, git hash: 3ce520221d0240229c862b122d2b06c12a625732
2019-10-16 21:52:44,435 [JUnit] INFO  handler.ContextHandler (ContextHandler.java:doStart(781)) - Started o.e.j.s.ServletContextHandler@625d9132{/logs,file:///workdir/hadoop-ozone/ozonefs/target/log,AVAILABLE}
2019-10-16 21:52:44,436 [JUnit] INFO  handler.ContextHandler (ContextHandler.java:doStart(781)) - Started o.e.j.s.ServletContextHandler@277b8fa4{/static,jar:file:/home/user/.m2/repository/org/apache/hadoop/hadoop-hdds-container-service/0.5.0-SNAPSHOT/hadoop-hdds-container-service-0.5.0-SNAPSHOT.jar!/webapps/static,AVAILABLE}
2019-10-16 21:52:44,483 [JUnit] INFO  handler.ContextHandler (ContextHandler.java:doStart(781)) - Started o.e.j.w.WebAppContext@7bc44ce8{/,file:///tmp/jetty-0.0.0.0-42733-hddsDatanode-_-any-7976760819046410497.dir/webapp/,AVAILABLE}{/hddsDatanode}
2019-10-16 21:52:44,484 [JUnit] INFO  server.AbstractConnector (AbstractConnector.java:doStart(278)) - Started ServerConnector@59072e9d{HTTP/1.1,[http/1.1]}{0.0.0.0:42733}
2019-10-16 21:52:44,485 [JUnit] INFO  server.Server (Server.java:doStart(419)) - Started @5247ms
2019-10-16 21:52:44,486 [JUnit] WARN  impl.MetricsSystemImpl (MetricsSystemImpl.java:register(276)) - Sink prometheus already exists!
2019-10-16 21:52:44,487 [JUnit] INFO  server.BaseHttpServer (BaseHttpServer.java:updateConnectorAddress(215)) - HTTP server of HDDSDATANODE is listening at http://0.0.0.0:42733
2019-10-16 21:52:44,488 [JUnit] INFO  impl.MetricsSystemImpl (MetricsSystemImpl.java:init(158)) - HddsDatanode metrics system started (again)
2019-10-16 21:52:44,492 [JUnit] INFO  ozone.HddsDatanodeService (HddsDatanodeService.java:start(184)) - HddsDatanodeService host:pr-hdds-1868-89kc4-1304904179 ip:192.168.34.38
2019-10-16 21:52:44,493 [org.apache.hadoop.util.JvmPauseMonitor$Monitor@779775af] INFO  util.JvmPauseMonitor (JvmPauseMonitor.java:run(188)) - Starting JVM pause monitor
2019-10-16 21:52:44,503 [JUnit] INFO  volume.HddsVolume (HddsVolume.java:<init>(176)) - Creating Volume: /workdir/hadoop-ozone/ozonefs/target/test-dir/MiniOzoneClusterImpl-d26aec2b-09c1-4f88-9204-0bb43e71ee01/datanode-1/data/containers/hdds of  storage type : DISK and capacity : 1482555576320
2019-10-16 21:52:44,504 [JUnit] INFO  volume.VolumeSet (VolumeSet.java:initializeVolumeSet(170)) - Added Volume : /workdir/hadoop-ozone/ozonefs/target/test-dir/MiniOzoneClusterImpl-d26aec2b-09c1-4f88-9204-0bb43e71ee01/datanode-1/data/containers/hdds to VolumeSet
2019-10-16 21:52:44,504 [JUnit] INFO  volume.ThrottledAsyncChecker (ThrottledAsyncChecker.java:schedule(141)) - Scheduling a check for /workdir/hadoop-ozone/ozonefs/target/test-dir/MiniOzoneClusterImpl-d26aec2b-09c1-4f88-9204-0bb43e71ee01/datanode-1/data/containers/hdds
2019-10-16 21:52:44,505 [JUnit] INFO  volume.HddsVolumeChecker (HddsVolumeChecker.java:checkAllVolumes(204)) - Scheduled health check for volume /workdir/hadoop-ozone/ozonefs/target/test-dir/MiniOzoneClusterImpl-d26aec2b-09c1-4f88-9204-0bb43e71ee01/datanode-1/data/containers/hdds
2019-10-16 21:52:44,542 [JUnit] INFO  impl.RaftServerProxy (ConfUtils.java:logGet(43)) - raft.rpc.type = GRPC (default)
2019-10-16 21:52:44,543 [JUnit] INFO  grpc.GrpcFactory (GrpcFactory.java:checkPooledByteBufAllocatorUseCacheForAllThreads(45)) - PERFORMANCE WARNING: useCacheForAllThreads is true that may cause Netty to create a lot garbage objects and, as a result, trigger GC.
	It is recommended to disable useCacheForAllThreads by setting -Dorg.apache.ratis.thirdparty.io.netty.allocator.useCacheForAllThreads=false in command line.
2019-10-16 21:52:44,543 [JUnit] INFO  grpc.GrpcConfigKeys$Server (ConfUtils.java:logGet(43)) - raft.grpc.server.port = 0 (default)
2019-10-16 21:52:44,544 [JUnit] INFO  server.GrpcService (ConfUtils.java:logGet(43)) - raft.grpc.message.size.max = 33570816 (custom)
2019-10-16 21:52:44,544 [JUnit] INFO  server.RaftServerConfigKeys (ConfUtils.java:logGet(43)) - raft.server.log.appender.buffer.byte-limit = 33554432 (custom)
2019-10-16 21:52:44,544 [JUnit] INFO  server.GrpcService (ConfUtils.java:logGet(43)) - raft.grpc.flow.control.window = 1MB (=1048576) (default)
2019-10-16 21:52:44,545 [JUnit] INFO  server.RaftServerConfigKeys (ConfUtils.java:logGet(43)) - raft.server.rpc.request.timeout = 3000ms (default)
2019-10-16 21:52:44,545 [JUnit] INFO  server.RaftServerConfigKeys (ConfUtils.java:logGet(43)) - raft.server.storage.dir = [/workdir/hadoop-ozone/ozonefs/target/test-dir/MiniOzoneClusterImpl-d26aec2b-09c1-4f88-9204-0bb43e71ee01/datanode-1/data/ratis] (custom)
2019-10-16 21:52:44,548 [JUnit] INFO  hdfs.DFSUtil (DFSUtil.java:httpServerTemplateForNNAndJN(1641)) - Starting Web-server for hddsDatanode at: http://0.0.0.0:0
2019-10-16 21:52:44,551 [JUnit] INFO  server.AuthenticationFilter (AuthenticationFilter.java:constructSecretProvider(240)) - Unable to initialize FileSignerSecretProvider, falling back to use random secrets.
2019-10-16 21:52:44,551 [JUnit] WARN  http.HttpRequestLog (HttpRequestLog.java:getRequestLog(97)) - Jetty request log can only be enabled using Log4j
2019-10-16 21:52:44,554 [JUnit] INFO  http.HttpServer2 (HttpServer2.java:addGlobalFilter(975)) - Added global filter 'safety' (class=org.apache.hadoop.http.HttpServer2$QuotingInputFilter)
2019-10-16 21:52:44,555 [JUnit] INFO  http.HttpServer2 (HttpServer2.java:addFilter(948)) - Added filter static_user_filter (class=org.apache.hadoop.http.lib.StaticUserWebFilter$StaticUserFilter) to context hddsDatanode
2019-10-16 21:52:44,556 [JUnit] INFO  http.HttpServer2 (HttpServer2.java:addFilter(958)) - Added filter static_user_filter (class=org.apache.hadoop.http.lib.StaticUserWebFilter$StaticUserFilter) to context static
2019-10-16 21:52:44,556 [JUnit] INFO  http.HttpServer2 (HttpServer2.java:addFilter(958)) - Added filter static_user_filter (class=org.apache.hadoop.http.lib.StaticUserWebFilter$StaticUserFilter) to context logs
2019-10-16 21:52:44,557 [JUnit] INFO  http.HttpServer2 (HttpServer2.java:bindListener(1191)) - Jetty bound to port 46698
2019-10-16 21:52:44,557 [JUnit] INFO  server.Server (Server.java:doStart(351)) - jetty-9.3.25.v20180904, build timestamp: 2018-09-04T21:11:46Z, git hash: 3ce520221d0240229c862b122d2b06c12a625732
2019-10-16 21:52:44,561 [JUnit] INFO  handler.ContextHandler (ContextHandler.java:doStart(781)) - Started o.e.j.s.ServletContextHandler@15639440{/logs,file:///workdir/hadoop-ozone/ozonefs/target/log,AVAILABLE}
2019-10-16 21:52:44,561 [JUnit] INFO  handler.ContextHandler (ContextHandler.java:doStart(781)) - Started o.e.j.s.ServletContextHandler@4faa298{/static,jar:file:/home/user/.m2/repository/org/apache/hadoop/hadoop-hdds-container-service/0.5.0-SNAPSHOT/hadoop-hdds-container-service-0.5.0-SNAPSHOT.jar!/webapps/static,AVAILABLE}
2019-10-16 21:52:44,585 [Datanode State Machine Thread - 0] INFO  datanode.InitDatanodeState (InitDatanodeState.java:persistContainerDatanodeDetails(140)) - DatanodeDetails is persisted to /workdir/hadoop-ozone/ozonefs/target/test-dir/MiniOzoneClusterImpl-d26aec2b-09c1-4f88-9204-0bb43e71ee01/datanode-0/meta/datanode.id
2019-10-16 21:52:44,598 [JUnit] INFO  handler.ContextHandler (ContextHandler.java:doStart(781)) - Started o.e.j.w.WebAppContext@118ffcfd{/,file:///tmp/jetty-0.0.0.0-46698-hddsDatanode-_-any-2314534231857720874.dir/webapp/,AVAILABLE}{/hddsDatanode}
2019-10-16 21:52:44,599 [JUnit] INFO  server.AbstractConnector (AbstractConnector.java:doStart(278)) - Started ServerConnector@53f4c1e6{HTTP/1.1,[http/1.1]}{0.0.0.0:46698}
2019-10-16 21:52:44,599 [JUnit] INFO  server.Server (Server.java:doStart(419)) - Started @5361ms
2019-10-16 21:52:44,600 [JUnit] WARN  impl.MetricsSystemImpl (MetricsSystemImpl.java:register(276)) - Sink prometheus already exists!
2019-10-16 21:52:44,601 [JUnit] INFO  server.BaseHttpServer (BaseHttpServer.java:updateConnectorAddress(215)) - HTTP server of HDDSDATANODE is listening at http://0.0.0.0:46698
2019-10-16 21:52:44,602 [JUnit] INFO  impl.MetricsSystemImpl (MetricsSystemImpl.java:init(158)) - HddsDatanode metrics system started (again)
2019-10-16 21:52:44,604 [org.apache.hadoop.util.JvmPauseMonitor$Monitor@5bcb99ed] INFO  util.JvmPauseMonitor (JvmPauseMonitor.java:run(188)) - Starting JVM pause monitor
2019-10-16 21:52:44,605 [JUnit] INFO  ozone.HddsDatanodeService (HddsDatanodeService.java:start(184)) - HddsDatanodeService host:pr-hdds-1868-89kc4-1304904179 ip:192.168.34.38
2019-10-16 21:52:44,609 [Datanode State Machine Thread - 0] INFO  datanode.InitDatanodeState (InitDatanodeState.java:persistContainerDatanodeDetails(140)) - DatanodeDetails is persisted to /workdir/hadoop-ozone/ozonefs/target/test-dir/MiniOzoneClusterImpl-d26aec2b-09c1-4f88-9204-0bb43e71ee01/datanode-1/meta/datanode.id
2019-10-16 21:52:44,613 [JUnit] INFO  volume.HddsVolume (HddsVolume.java:<init>(176)) - Creating Volume: /workdir/hadoop-ozone/ozonefs/target/test-dir/MiniOzoneClusterImpl-d26aec2b-09c1-4f88-9204-0bb43e71ee01/datanode-2/data/containers/hdds of  storage type : DISK and capacity : 1482555576320
2019-10-16 21:52:44,613 [JUnit] INFO  volume.VolumeSet (VolumeSet.java:initializeVolumeSet(170)) - Added Volume : /workdir/hadoop-ozone/ozonefs/target/test-dir/MiniOzoneClusterImpl-d26aec2b-09c1-4f88-9204-0bb43e71ee01/datanode-2/data/containers/hdds to VolumeSet
2019-10-16 21:52:44,613 [JUnit] INFO  volume.ThrottledAsyncChecker (ThrottledAsyncChecker.java:schedule(141)) - Scheduling a check for /workdir/hadoop-ozone/ozonefs/target/test-dir/MiniOzoneClusterImpl-d26aec2b-09c1-4f88-9204-0bb43e71ee01/datanode-2/data/containers/hdds
2019-10-16 21:52:44,614 [JUnit] INFO  volume.HddsVolumeChecker (HddsVolumeChecker.java:checkAllVolumes(204)) - Scheduled health check for volume /workdir/hadoop-ozone/ozonefs/target/test-dir/MiniOzoneClusterImpl-d26aec2b-09c1-4f88-9204-0bb43e71ee01/datanode-2/data/containers/hdds
2019-10-16 21:52:44,640 [JUnit] INFO  impl.RaftServerProxy (ConfUtils.java:logGet(43)) - raft.rpc.type = GRPC (default)
2019-10-16 21:52:44,640 [JUnit] INFO  grpc.GrpcFactory (GrpcFactory.java:checkPooledByteBufAllocatorUseCacheForAllThreads(45)) - PERFORMANCE WARNING: useCacheForAllThreads is true that may cause Netty to create a lot garbage objects and, as a result, trigger GC.
	It is recommended to disable useCacheForAllThreads by setting -Dorg.apache.ratis.thirdparty.io.netty.allocator.useCacheForAllThreads=false in command line.
2019-10-16 21:52:44,641 [JUnit] INFO  grpc.GrpcConfigKeys$Server (ConfUtils.java:logGet(43)) - raft.grpc.server.port = 0 (default)
2019-10-16 21:52:44,641 [JUnit] INFO  server.GrpcService (ConfUtils.java:logGet(43)) - raft.grpc.message.size.max = 33570816 (custom)
2019-10-16 21:52:44,641 [JUnit] INFO  server.RaftServerConfigKeys (ConfUtils.java:logGet(43)) - raft.server.log.appender.buffer.byte-limit = 33554432 (custom)
2019-10-16 21:52:44,641 [JUnit] INFO  server.GrpcService (ConfUtils.java:logGet(43)) - raft.grpc.flow.control.window = 1MB (=1048576) (default)
2019-10-16 21:52:44,641 [JUnit] INFO  server.RaftServerConfigKeys (ConfUtils.java:logGet(43)) - raft.server.rpc.request.timeout = 3000ms (default)
2019-10-16 21:52:44,642 [JUnit] INFO  server.RaftServerConfigKeys (ConfUtils.java:logGet(43)) - raft.server.storage.dir = [/workdir/hadoop-ozone/ozonefs/target/test-dir/MiniOzoneClusterImpl-d26aec2b-09c1-4f88-9204-0bb43e71ee01/datanode-2/data/ratis] (custom)
2019-10-16 21:52:44,644 [JUnit] INFO  hdfs.DFSUtil (DFSUtil.java:httpServerTemplateForNNAndJN(1641)) - Starting Web-server for hddsDatanode at: http://0.0.0.0:0
2019-10-16 21:52:44,646 [JUnit] INFO  server.AuthenticationFilter (AuthenticationFilter.java:constructSecretProvider(240)) - Unable to initialize FileSignerSecretProvider, falling back to use random secrets.
2019-10-16 21:52:44,647 [JUnit] WARN  http.HttpRequestLog (HttpRequestLog.java:getRequestLog(97)) - Jetty request log can only be enabled using Log4j
2019-10-16 21:52:44,649 [JUnit] INFO  http.HttpServer2 (HttpServer2.java:addGlobalFilter(975)) - Added global filter 'safety' (class=org.apache.hadoop.http.HttpServer2$QuotingInputFilter)
2019-10-16 21:52:44,650 [JUnit] INFO  http.HttpServer2 (HttpServer2.java:addFilter(948)) - Added filter static_user_filter (class=org.apache.hadoop.http.lib.StaticUserWebFilter$StaticUserFilter) to context hddsDatanode
2019-10-16 21:52:44,651 [JUnit] INFO  http.HttpServer2 (HttpServer2.java:addFilter(958)) - Added filter static_user_filter (class=org.apache.hadoop.http.lib.StaticUserWebFilter$StaticUserFilter) to context logs
2019-10-16 21:52:44,651 [JUnit] INFO  http.HttpServer2 (HttpServer2.java:addFilter(958)) - Added filter static_user_filter (class=org.apache.hadoop.http.lib.StaticUserWebFilter$StaticUserFilter) to context static
2019-10-16 21:52:44,652 [JUnit] INFO  http.HttpServer2 (HttpServer2.java:bindListener(1191)) - Jetty bound to port 35978
2019-10-16 21:52:44,652 [JUnit] INFO  server.Server (Server.java:doStart(351)) - jetty-9.3.25.v20180904, build timestamp: 2018-09-04T21:11:46Z, git hash: 3ce520221d0240229c862b122d2b06c12a625732
2019-10-16 21:52:44,654 [JUnit] INFO  handler.ContextHandler (ContextHandler.java:doStart(781)) - Started o.e.j.s.ServletContextHandler@3d4e405e{/logs,file:///workdir/hadoop-ozone/ozonefs/target/log,AVAILABLE}
2019-10-16 21:52:44,654 [JUnit] INFO  handler.ContextHandler (ContextHandler.java:doStart(781)) - Started o.e.j.s.ServletContextHandler@70972170{/static,jar:file:/home/user/.m2/repository/org/apache/hadoop/hadoop-hdds-container-service/0.5.0-SNAPSHOT/hadoop-hdds-container-service-0.5.0-SNAPSHOT.jar!/webapps/static,AVAILABLE}
2019-10-16 21:52:44,685 [JUnit] INFO  handler.ContextHandler (ContextHandler.java:doStart(781)) - Started o.e.j.w.WebAppContext@176996c3{/,file:///tmp/jetty-0.0.0.0-35978-hddsDatanode-_-any-8338705482266786995.dir/webapp/,AVAILABLE}{/hddsDatanode}
2019-10-16 21:52:44,686 [JUnit] INFO  server.AbstractConnector (AbstractConnector.java:doStart(278)) - Started ServerConnector@411c6d44{HTTP/1.1,[http/1.1]}{0.0.0.0:35978}
2019-10-16 21:52:44,687 [JUnit] INFO  server.Server (Server.java:doStart(419)) - Started @5449ms
2019-10-16 21:52:44,687 [JUnit] WARN  impl.MetricsSystemImpl (MetricsSystemImpl.java:register(276)) - Sink prometheus already exists!
2019-10-16 21:52:44,688 [JUnit] INFO  server.BaseHttpServer (BaseHttpServer.java:updateConnectorAddress(215)) - HTTP server of HDDSDATANODE is listening at http://0.0.0.0:35978
2019-10-16 21:52:44,689 [JUnit] INFO  impl.MetricsSystemImpl (MetricsSystemImpl.java:init(158)) - HddsDatanode metrics system started (again)
2019-10-16 21:52:44,692 [org.apache.hadoop.util.JvmPauseMonitor$Monitor@630e2bf4] INFO  util.JvmPauseMonitor (JvmPauseMonitor.java:run(188)) - Starting JVM pause monitor
2019-10-16 21:52:44,692 [JUnit] INFO  ozone.HddsDatanodeService (HddsDatanodeService.java:start(184)) - HddsDatanodeService host:pr-hdds-1868-89kc4-1304904179 ip:192.168.34.38
2019-10-16 21:52:44,694 [Datanode State Machine Thread - 0] INFO  datanode.InitDatanodeState (InitDatanodeState.java:persistContainerDatanodeDetails(140)) - DatanodeDetails is persisted to /workdir/hadoop-ozone/ozonefs/target/test-dir/MiniOzoneClusterImpl-d26aec2b-09c1-4f88-9204-0bb43e71ee01/datanode-2/meta/datanode.id
2019-10-16 21:52:44,700 [JUnit] INFO  volume.HddsVolume (HddsVolume.java:<init>(176)) - Creating Volume: /workdir/hadoop-ozone/ozonefs/target/test-dir/MiniOzoneClusterImpl-d26aec2b-09c1-4f88-9204-0bb43e71ee01/datanode-3/data/containers/hdds of  storage type : DISK and capacity : 1482555576320
2019-10-16 21:52:44,701 [JUnit] INFO  volume.VolumeSet (VolumeSet.java:initializeVolumeSet(170)) - Added Volume : /workdir/hadoop-ozone/ozonefs/target/test-dir/MiniOzoneClusterImpl-d26aec2b-09c1-4f88-9204-0bb43e71ee01/datanode-3/data/containers/hdds to VolumeSet
2019-10-16 21:52:44,701 [JUnit] INFO  volume.ThrottledAsyncChecker (ThrottledAsyncChecker.java:schedule(141)) - Scheduling a check for /workdir/hadoop-ozone/ozonefs/target/test-dir/MiniOzoneClusterImpl-d26aec2b-09c1-4f88-9204-0bb43e71ee01/datanode-3/data/containers/hdds
2019-10-16 21:52:44,701 [JUnit] INFO  volume.HddsVolumeChecker (HddsVolumeChecker.java:checkAllVolumes(204)) - Scheduled health check for volume /workdir/hadoop-ozone/ozonefs/target/test-dir/MiniOzoneClusterImpl-d26aec2b-09c1-4f88-9204-0bb43e71ee01/datanode-3/data/containers/hdds
2019-10-16 21:52:44,726 [JUnit] INFO  impl.RaftServerProxy (ConfUtils.java:logGet(43)) - raft.rpc.type = GRPC (default)
2019-10-16 21:52:44,727 [JUnit] INFO  grpc.GrpcFactory (GrpcFactory.java:checkPooledByteBufAllocatorUseCacheForAllThreads(45)) - PERFORMANCE WARNING: useCacheForAllThreads is true that may cause Netty to create a lot garbage objects and, as a result, trigger GC.
	It is recommended to disable useCacheForAllThreads by setting -Dorg.apache.ratis.thirdparty.io.netty.allocator.useCacheForAllThreads=false in command line.
2019-10-16 21:52:44,727 [JUnit] INFO  grpc.GrpcConfigKeys$Server (ConfUtils.java:logGet(43)) - raft.grpc.server.port = 0 (default)
2019-10-16 21:52:44,727 [JUnit] INFO  server.GrpcService (ConfUtils.java:logGet(43)) - raft.grpc.message.size.max = 33570816 (custom)
2019-10-16 21:52:44,727 [JUnit] INFO  server.RaftServerConfigKeys (ConfUtils.java:logGet(43)) - raft.server.log.appender.buffer.byte-limit = 33554432 (custom)
2019-10-16 21:52:44,728 [JUnit] INFO  server.GrpcService (ConfUtils.java:logGet(43)) - raft.grpc.flow.control.window = 1MB (=1048576) (default)
2019-10-16 21:52:44,728 [JUnit] INFO  server.RaftServerConfigKeys (ConfUtils.java:logGet(43)) - raft.server.rpc.request.timeout = 3000ms (default)
2019-10-16 21:52:44,728 [JUnit] INFO  server.RaftServerConfigKeys (ConfUtils.java:logGet(43)) - raft.server.storage.dir = [/workdir/hadoop-ozone/ozonefs/target/test-dir/MiniOzoneClusterImpl-d26aec2b-09c1-4f88-9204-0bb43e71ee01/datanode-3/data/ratis] (custom)
2019-10-16 21:52:44,730 [JUnit] INFO  hdfs.DFSUtil (DFSUtil.java:httpServerTemplateForNNAndJN(1641)) - Starting Web-server for hddsDatanode at: http://0.0.0.0:0
2019-10-16 21:52:44,735 [JUnit] INFO  server.AuthenticationFilter (AuthenticationFilter.java:constructSecretProvider(240)) - Unable to initialize FileSignerSecretProvider, falling back to use random secrets.
2019-10-16 21:52:44,736 [JUnit] WARN  http.HttpRequestLog (HttpRequestLog.java:getRequestLog(97)) - Jetty request log can only be enabled using Log4j
2019-10-16 21:52:44,738 [JUnit] INFO  http.HttpServer2 (HttpServer2.java:addGlobalFilter(975)) - Added global filter 'safety' (class=org.apache.hadoop.http.HttpServer2$QuotingInputFilter)
2019-10-16 21:52:44,740 [JUnit] INFO  http.HttpServer2 (HttpServer2.java:addFilter(948)) - Added filter static_user_filter (class=org.apache.hadoop.http.lib.StaticUserWebFilter$StaticUserFilter) to context hddsDatanode
2019-10-16 21:52:44,740 [JUnit] INFO  http.HttpServer2 (HttpServer2.java:addFilter(958)) - Added filter static_user_filter (class=org.apache.hadoop.http.lib.StaticUserWebFilter$StaticUserFilter) to context static
2019-10-16 21:52:44,740 [JUnit] INFO  http.HttpServer2 (HttpServer2.java:addFilter(958)) - Added filter static_user_filter (class=org.apache.hadoop.http.lib.StaticUserWebFilter$StaticUserFilter) to context logs
2019-10-16 21:52:44,741 [JUnit] INFO  http.HttpServer2 (HttpServer2.java:bindListener(1191)) - Jetty bound to port 46653
2019-10-16 21:52:44,741 [JUnit] INFO  server.Server (Server.java:doStart(351)) - jetty-9.3.25.v20180904, build timestamp: 2018-09-04T21:11:46Z, git hash: 3ce520221d0240229c862b122d2b06c12a625732
2019-10-16 21:52:44,744 [JUnit] INFO  handler.ContextHandler (ContextHandler.java:doStart(781)) - Started o.e.j.s.ServletContextHandler@618ff5c2{/logs,file:///workdir/hadoop-ozone/ozonefs/target/log,AVAILABLE}
2019-10-16 21:52:44,745 [JUnit] INFO  handler.ContextHandler (ContextHandler.java:doStart(781)) - Started o.e.j.s.ServletContextHandler@2f84acf7{/static,jar:file:/home/user/.m2/repository/org/apache/hadoop/hadoop-hdds-container-service/0.5.0-SNAPSHOT/hadoop-hdds-container-service-0.5.0-SNAPSHOT.jar!/webapps/static,AVAILABLE}
2019-10-16 21:52:44,776 [JUnit] INFO  handler.ContextHandler (ContextHandler.java:doStart(781)) - Started o.e.j.w.WebAppContext@6e4f263e{/,file:///tmp/jetty-0.0.0.0-46653-hddsDatanode-_-any-6210485339483623668.dir/webapp/,AVAILABLE}{/hddsDatanode}
2019-10-16 21:52:44,777 [JUnit] INFO  server.AbstractConnector (AbstractConnector.java:doStart(278)) - Started ServerConnector@48b4a043{HTTP/1.1,[http/1.1]}{0.0.0.0:46653}
2019-10-16 21:52:44,777 [JUnit] INFO  server.Server (Server.java:doStart(419)) - Started @5539ms
2019-10-16 21:52:44,778 [JUnit] WARN  impl.MetricsSystemImpl (MetricsSystemImpl.java:register(276)) - Sink prometheus already exists!
2019-10-16 21:52:44,779 [JUnit] INFO  server.BaseHttpServer (BaseHttpServer.java:updateConnectorAddress(215)) - HTTP server of HDDSDATANODE is listening at http://0.0.0.0:46653
2019-10-16 21:52:44,780 [JUnit] INFO  impl.MetricsSystemImpl (MetricsSystemImpl.java:init(158)) - HddsDatanode metrics system started (again)
2019-10-16 21:52:44,790 [org.apache.hadoop.util.JvmPauseMonitor$Monitor@61e617c1] INFO  util.JvmPauseMonitor (JvmPauseMonitor.java:run(188)) - Starting JVM pause monitor
2019-10-16 21:52:44,792 [JUnit] INFO  ozone.HddsDatanodeService (HddsDatanodeService.java:start(184)) - HddsDatanodeService host:pr-hdds-1868-89kc4-1304904179 ip:192.168.34.38
2019-10-16 21:52:44,792 [Datanode State Machine Thread - 0] INFO  datanode.InitDatanodeState (InitDatanodeState.java:persistContainerDatanodeDetails(140)) - DatanodeDetails is persisted to /workdir/hadoop-ozone/ozonefs/target/test-dir/MiniOzoneClusterImpl-d26aec2b-09c1-4f88-9204-0bb43e71ee01/datanode-3/meta/datanode.id
2019-10-16 21:52:44,802 [JUnit] INFO  volume.HddsVolume (HddsVolume.java:<init>(176)) - Creating Volume: /workdir/hadoop-ozone/ozonefs/target/test-dir/MiniOzoneClusterImpl-d26aec2b-09c1-4f88-9204-0bb43e71ee01/datanode-4/data/containers/hdds of  storage type : DISK and capacity : 1482555576320
2019-10-16 21:52:44,803 [JUnit] INFO  volume.VolumeSet (VolumeSet.java:initializeVolumeSet(170)) - Added Volume : /workdir/hadoop-ozone/ozonefs/target/test-dir/MiniOzoneClusterImpl-d26aec2b-09c1-4f88-9204-0bb43e71ee01/datanode-4/data/containers/hdds to VolumeSet
2019-10-16 21:52:44,803 [JUnit] INFO  volume.ThrottledAsyncChecker (ThrottledAsyncChecker.java:schedule(141)) - Scheduling a check for /workdir/hadoop-ozone/ozonefs/target/test-dir/MiniOzoneClusterImpl-d26aec2b-09c1-4f88-9204-0bb43e71ee01/datanode-4/data/containers/hdds
2019-10-16 21:52:44,804 [JUnit] INFO  volume.HddsVolumeChecker (HddsVolumeChecker.java:checkAllVolumes(204)) - Scheduled health check for volume /workdir/hadoop-ozone/ozonefs/target/test-dir/MiniOzoneClusterImpl-d26aec2b-09c1-4f88-9204-0bb43e71ee01/datanode-4/data/containers/hdds
2019-10-16 21:52:44,841 [JUnit] INFO  impl.RaftServerProxy (ConfUtils.java:logGet(43)) - raft.rpc.type = GRPC (default)
2019-10-16 21:52:44,842 [JUnit] INFO  grpc.GrpcFactory (GrpcFactory.java:checkPooledByteBufAllocatorUseCacheForAllThreads(45)) - PERFORMANCE WARNING: useCacheForAllThreads is true that may cause Netty to create a lot garbage objects and, as a result, trigger GC.
	It is recommended to disable useCacheForAllThreads by setting -Dorg.apache.ratis.thirdparty.io.netty.allocator.useCacheForAllThreads=false in command line.
2019-10-16 21:52:44,842 [JUnit] INFO  grpc.GrpcConfigKeys$Server (ConfUtils.java:logGet(43)) - raft.grpc.server.port = 0 (default)
2019-10-16 21:52:44,842 [JUnit] INFO  server.GrpcService (ConfUtils.java:logGet(43)) - raft.grpc.message.size.max = 33570816 (custom)
2019-10-16 21:52:44,843 [JUnit] INFO  server.RaftServerConfigKeys (ConfUtils.java:logGet(43)) - raft.server.log.appender.buffer.byte-limit = 33554432 (custom)
2019-10-16 21:52:44,843 [JUnit] INFO  server.GrpcService (ConfUtils.java:logGet(43)) - raft.grpc.flow.control.window = 1MB (=1048576) (default)
2019-10-16 21:52:44,843 [JUnit] INFO  server.RaftServerConfigKeys (ConfUtils.java:logGet(43)) - raft.server.rpc.request.timeout = 3000ms (default)
2019-10-16 21:52:44,844 [JUnit] INFO  server.RaftServerConfigKeys (ConfUtils.java:logGet(43)) - raft.server.storage.dir = [/workdir/hadoop-ozone/ozonefs/target/test-dir/MiniOzoneClusterImpl-d26aec2b-09c1-4f88-9204-0bb43e71ee01/datanode-4/data/ratis] (custom)
2019-10-16 21:52:44,847 [JUnit] INFO  hdfs.DFSUtil (DFSUtil.java:httpServerTemplateForNNAndJN(1641)) - Starting Web-server for hddsDatanode at: http://0.0.0.0:0
2019-10-16 21:52:44,849 [JUnit] INFO  server.AuthenticationFilter (AuthenticationFilter.java:constructSecretProvider(240)) - Unable to initialize FileSignerSecretProvider, falling back to use random secrets.
2019-10-16 21:52:44,851 [JUnit] WARN  http.HttpRequestLog (HttpRequestLog.java:getRequestLog(97)) - Jetty request log can only be enabled using Log4j
2019-10-16 21:52:44,853 [JUnit] INFO  http.HttpServer2 (HttpServer2.java:addGlobalFilter(975)) - Added global filter 'safety' (class=org.apache.hadoop.http.HttpServer2$QuotingInputFilter)
2019-10-16 21:52:44,855 [JUnit] INFO  http.HttpServer2 (HttpServer2.java:addFilter(948)) - Added filter static_user_filter (class=org.apache.hadoop.http.lib.StaticUserWebFilter$StaticUserFilter) to context hddsDatanode
2019-10-16 21:52:44,855 [JUnit] INFO  http.HttpServer2 (HttpServer2.java:addFilter(958)) - Added filter static_user_filter (class=org.apache.hadoop.http.lib.StaticUserWebFilter$StaticUserFilter) to context logs
2019-10-16 21:52:44,855 [JUnit] INFO  http.HttpServer2 (HttpServer2.java:addFilter(958)) - Added filter static_user_filter (class=org.apache.hadoop.http.lib.StaticUserWebFilter$StaticUserFilter) to context static
2019-10-16 21:52:44,856 [JUnit] INFO  http.HttpServer2 (HttpServer2.java:bindListener(1191)) - Jetty bound to port 41153
2019-10-16 21:52:44,856 [JUnit] INFO  server.Server (Server.java:doStart(351)) - jetty-9.3.25.v20180904, build timestamp: 2018-09-04T21:11:46Z, git hash: 3ce520221d0240229c862b122d2b06c12a625732
2019-10-16 21:52:44,859 [JUnit] INFO  handler.ContextHandler (ContextHandler.java:doStart(781)) - Started o.e.j.s.ServletContextHandler@272ce069{/logs,file:///workdir/hadoop-ozone/ozonefs/target/log,AVAILABLE}
2019-10-16 21:52:44,859 [JUnit] INFO  handler.ContextHandler (ContextHandler.java:doStart(781)) - Started o.e.j.s.ServletContextHandler@1c26273d{/static,jar:file:/home/user/.m2/repository/org/apache/hadoop/hadoop-hdds-container-service/0.5.0-SNAPSHOT/hadoop-hdds-container-service-0.5.0-SNAPSHOT.jar!/webapps/static,AVAILABLE}
2019-10-16 21:52:44,895 [JUnit] INFO  handler.ContextHandler (ContextHandler.java:doStart(781)) - Started o.e.j.w.WebAppContext@29149030{/,file:///tmp/jetty-0.0.0.0-41153-hddsDatanode-_-any-5893088302250827798.dir/webapp/,AVAILABLE}{/hddsDatanode}
2019-10-16 21:52:44,896 [JUnit] INFO  server.AbstractConnector (AbstractConnector.java:doStart(278)) - Started ServerConnector@38b8b6c0{HTTP/1.1,[http/1.1]}{0.0.0.0:41153}
2019-10-16 21:52:44,896 [JUnit] INFO  server.Server (Server.java:doStart(419)) - Started @5658ms
2019-10-16 21:52:44,896 [JUnit] WARN  impl.MetricsSystemImpl (MetricsSystemImpl.java:register(276)) - Sink prometheus already exists!
2019-10-16 21:52:44,897 [JUnit] INFO  server.BaseHttpServer (BaseHttpServer.java:updateConnectorAddress(215)) - HTTP server of HDDSDATANODE is listening at http://0.0.0.0:41153
2019-10-16 21:52:44,900 [JUnit] INFO  ozone.MiniOzoneClusterImpl (MiniOzoneClusterImpl.java:lambda$waitForClusterToBeReady$2(172)) - Waiting for cluster to be ready. Got 0 of 5 DN Heartbeats.
2019-10-16 21:52:44,900 [org.apache.hadoop.util.JvmPauseMonitor$Monitor@50d842c] INFO  util.JvmPauseMonitor (JvmPauseMonitor.java:run(188)) - Starting JVM pause monitor
2019-10-16 21:52:44,904 [Datanode State Machine Thread - 0] INFO  datanode.InitDatanodeState (InitDatanodeState.java:persistContainerDatanodeDetails(140)) - DatanodeDetails is persisted to /workdir/hadoop-ozone/ozonefs/target/test-dir/MiniOzoneClusterImpl-d26aec2b-09c1-4f88-9204-0bb43e71ee01/datanode-4/meta/datanode.id
2019-10-16 21:52:45,900 [JUnit] INFO  ozone.MiniOzoneClusterImpl (MiniOzoneClusterImpl.java:lambda$waitForClusterToBeReady$2(172)) - Waiting for cluster to be ready. Got 0 of 5 DN Heartbeats.
2019-10-16 21:52:46,600 [Datanode State Machine Thread - 0] INFO  ozoneimpl.OzoneContainer (OzoneContainer.java:start(213)) - Attempting to start container services.
2019-10-16 21:52:46,603 [Datanode State Machine Thread - 0] INFO  ozoneimpl.OzoneContainer (OzoneContainer.java:startContainerScrub(177)) - Background container scanner has been disabled.
2019-10-16 21:52:46,603 [Datanode State Machine Thread - 0] INFO  ratis.XceiverServerRatis (XceiverServerRatis.java:start(425)) - Starting XceiverServerRatis efb933de-cdd8-4d8d-88d2-4c7ffe0dec1a at port 0
2019-10-16 21:52:46,616 [Datanode State Machine Thread - 0] INFO  ozoneimpl.OzoneContainer (OzoneContainer.java:start(213)) - Attempting to start container services.
2019-10-16 21:52:46,625 [Datanode State Machine Thread - 0] INFO  ozoneimpl.OzoneContainer (OzoneContainer.java:startContainerScrub(177)) - Background container scanner has been disabled.
2019-10-16 21:52:46,625 [Datanode State Machine Thread - 0] INFO  ratis.XceiverServerRatis (XceiverServerRatis.java:start(425)) - Starting XceiverServerRatis 5c3956af-60d3-411f-8c98-c7ed3576de5c at port 0
2019-10-16 21:52:46,640 [Datanode State Machine Thread - 0] INFO  impl.RaftServerProxy (RaftServerProxy.java:lambda$start$3(299)) - 5c3956af-60d3-411f-8c98-c7ed3576de5c: start RPC server
2019-10-16 21:52:46,640 [Datanode State Machine Thread - 0] INFO  impl.RaftServerProxy (RaftServerProxy.java:lambda$start$3(299)) - efb933de-cdd8-4d8d-88d2-4c7ffe0dec1a: start RPC server
2019-10-16 21:52:46,715 [Datanode State Machine Thread - 0] INFO  ozoneimpl.OzoneContainer (OzoneContainer.java:start(213)) - Attempting to start container services.
2019-10-16 21:52:46,717 [Datanode State Machine Thread - 0] INFO  ozoneimpl.OzoneContainer (OzoneContainer.java:startContainerScrub(177)) - Background container scanner has been disabled.
2019-10-16 21:52:46,717 [Datanode State Machine Thread - 0] INFO  ratis.XceiverServerRatis (XceiverServerRatis.java:start(425)) - Starting XceiverServerRatis 45fbe16b-e751-4a45-a959-58ac23dab104 at port 0
2019-10-16 21:52:46,727 [Datanode State Machine Thread - 0] INFO  impl.RaftServerProxy (RaftServerProxy.java:lambda$start$3(299)) - 45fbe16b-e751-4a45-a959-58ac23dab104: start RPC server
2019-10-16 21:52:46,791 [Datanode State Machine Thread - 0] INFO  server.GrpcService (GrpcService.java:startImpl(158)) - 5c3956af-60d3-411f-8c98-c7ed3576de5c: GrpcService started, listening on 0.0.0.0/0.0.0.0:33787
2019-10-16 21:52:46,791 [Datanode State Machine Thread - 0] INFO  server.GrpcService (GrpcService.java:startImpl(158)) - efb933de-cdd8-4d8d-88d2-4c7ffe0dec1a: GrpcService started, listening on 0.0.0.0/0.0.0.0:42459
2019-10-16 21:52:46,791 [Datanode State Machine Thread - 0] INFO  server.GrpcService (GrpcService.java:startImpl(158)) - 45fbe16b-e751-4a45-a959-58ac23dab104: GrpcService started, listening on 0.0.0.0/0.0.0.0:37571
2019-10-16 21:52:46,793 [Datanode State Machine Thread - 0] INFO  ratis.XceiverServerRatis (XceiverServerRatis.java:start(435)) - XceiverServerRatis efb933de-cdd8-4d8d-88d2-4c7ffe0dec1a is started using port 42459
2019-10-16 21:52:46,793 [Datanode State Machine Thread - 0] INFO  ratis.XceiverServerRatis (XceiverServerRatis.java:start(435)) - XceiverServerRatis 5c3956af-60d3-411f-8c98-c7ed3576de5c is started using port 33787
2019-10-16 21:52:46,793 [Datanode State Machine Thread - 0] INFO  ratis.XceiverServerRatis (XceiverServerRatis.java:start(435)) - XceiverServerRatis 45fbe16b-e751-4a45-a959-58ac23dab104 is started using port 37571
2019-10-16 21:52:46,798 [Datanode State Machine Thread - 0] INFO  server.XceiverServerGrpc (XceiverServerGrpc.java:start(149)) - XceiverServerGrpc 5c3956af-60d3-411f-8c98-c7ed3576de5c is started using port 42377
2019-10-16 21:52:46,798 [Datanode State Machine Thread - 0] INFO  server.XceiverServerGrpc (XceiverServerGrpc.java:start(149)) - XceiverServerGrpc 45fbe16b-e751-4a45-a959-58ac23dab104 is started using port 42428
2019-10-16 21:52:46,798 [Datanode State Machine Thread - 0] INFO  server.XceiverServerGrpc (XceiverServerGrpc.java:start(149)) - XceiverServerGrpc efb933de-cdd8-4d8d-88d2-4c7ffe0dec1a is started using port 45264
2019-10-16 21:52:46,811 [Datanode State Machine Thread - 0] INFO  ozoneimpl.OzoneContainer (OzoneContainer.java:start(213)) - Attempting to start container services.
2019-10-16 21:52:46,812 [Datanode State Machine Thread - 0] INFO  ozoneimpl.OzoneContainer (OzoneContainer.java:startContainerScrub(177)) - Background container scanner has been disabled.
2019-10-16 21:52:46,812 [Datanode State Machine Thread - 0] INFO  ratis.XceiverServerRatis (XceiverServerRatis.java:start(425)) - Starting XceiverServerRatis 9d88716d-5d6b-4fd8-b832-a110dc45ee66 at port 0
2019-10-16 21:52:46,819 [Datanode State Machine Thread - 0] INFO  impl.RaftServerProxy (RaftServerProxy.java:lambda$start$3(299)) - 9d88716d-5d6b-4fd8-b832-a110dc45ee66: start RPC server
2019-10-16 21:52:46,820 [Datanode State Machine Thread - 0] INFO  server.GrpcService (GrpcService.java:startImpl(158)) - 9d88716d-5d6b-4fd8-b832-a110dc45ee66: GrpcService started, listening on 0.0.0.0/0.0.0.0:38211
2019-10-16 21:52:46,821 [Datanode State Machine Thread - 0] INFO  ratis.XceiverServerRatis (XceiverServerRatis.java:start(435)) - XceiverServerRatis 9d88716d-5d6b-4fd8-b832-a110dc45ee66 is started using port 38211
2019-10-16 21:52:46,823 [Datanode State Machine Thread - 0] INFO  server.XceiverServerGrpc (XceiverServerGrpc.java:start(149)) - XceiverServerGrpc 9d88716d-5d6b-4fd8-b832-a110dc45ee66 is started using port 42257
2019-10-16 21:52:46,901 [JUnit] INFO  ozone.MiniOzoneClusterImpl (MiniOzoneClusterImpl.java:lambda$waitForClusterToBeReady$2(172)) - Waiting for cluster to be ready. Got 0 of 5 DN Heartbeats.
2019-10-16 21:52:46,918 [Datanode State Machine Thread - 0] INFO  ozoneimpl.OzoneContainer (OzoneContainer.java:start(213)) - Attempting to start container services.
2019-10-16 21:52:46,922 [Datanode State Machine Thread - 0] INFO  ozoneimpl.OzoneContainer (OzoneContainer.java:startContainerScrub(177)) - Background container scanner has been disabled.
2019-10-16 21:52:46,922 [Datanode State Machine Thread - 0] INFO  ratis.XceiverServerRatis (XceiverServerRatis.java:start(425)) - Starting XceiverServerRatis c5571329-ed88-4dd5-851a-7ef9aaa2970f at port 0
2019-10-16 21:52:46,930 [Datanode State Machine Thread - 0] INFO  impl.RaftServerProxy (RaftServerProxy.java:lambda$start$3(299)) - c5571329-ed88-4dd5-851a-7ef9aaa2970f: start RPC server
2019-10-16 21:52:46,933 [Datanode State Machine Thread - 0] INFO  server.GrpcService (GrpcService.java:startImpl(158)) - c5571329-ed88-4dd5-851a-7ef9aaa2970f: GrpcService started, listening on 0.0.0.0/0.0.0.0:41182
2019-10-16 21:52:46,933 [Datanode State Machine Thread - 0] INFO  ratis.XceiverServerRatis (XceiverServerRatis.java:start(435)) - XceiverServerRatis c5571329-ed88-4dd5-851a-7ef9aaa2970f is started using port 41182
2019-10-16 21:52:46,934 [Datanode State Machine Thread - 0] INFO  server.XceiverServerGrpc (XceiverServerGrpc.java:start(149)) - XceiverServerGrpc c5571329-ed88-4dd5-851a-7ef9aaa2970f is started using port 33542
2019-10-16 21:52:47,901 [JUnit] INFO  ozone.MiniOzoneClusterImpl (MiniOzoneClusterImpl.java:lambda$waitForClusterToBeReady$2(172)) - Waiting for cluster to be ready. Got 0 of 5 DN Heartbeats.
2019-10-16 21:52:48,522 [IPC Server handler 2 on 33004] INFO  net.NetworkTopology (NetworkTopologyImpl.java:add(111)) - Added a new node: /default-rack/efb933de-cdd8-4d8d-88d2-4c7ffe0dec1a
2019-10-16 21:52:48,523 [IPC Server handler 2 on 33004] INFO  node.SCMNodeManager (SCMNodeManager.java:register(268)) - Registered Data node : efb933de-cdd8-4d8d-88d2-4c7ffe0dec1a{ip: 192.168.34.38, host: pr-hdds-1868-89kc4-1304904179, networkLocation: /default-rack, certSerialId: null}
2019-10-16 21:52:48,526 [EventQueue-NodeRegistrationContainerReportForDataNodeSafeModeRule] INFO  safemode.SCMSafeModeManager (DataNodeSafeModeRule.java:process(71)) - SCM in safe mode. 1 DataNodes registered, 1 required.
2019-10-16 21:52:48,527 [EventQueue-NodeRegistrationContainerReportForDataNodeSafeModeRule] INFO  safemode.SCMSafeModeManager (SCMSafeModeManager.java:validateSafeModeExitRules(177)) - ScmSafeModeManager, all rules are successfully validated
2019-10-16 21:52:48,527 [EventQueue-NodeRegistrationContainerReportForDataNodeSafeModeRule] INFO  safemode.SCMSafeModeManager (SCMSafeModeManager.java:exitSafeMode(193)) - SCM exiting safe mode.
2019-10-16 21:52:48,616 [IPC Server handler 0 on 33004] INFO  net.NetworkTopology (NetworkTopologyImpl.java:add(111)) - Added a new node: /default-rack/5c3956af-60d3-411f-8c98-c7ed3576de5c
2019-10-16 21:52:48,616 [IPC Server handler 0 on 33004] INFO  node.SCMNodeManager (SCMNodeManager.java:register(268)) - Registered Data node : 5c3956af-60d3-411f-8c98-c7ed3576de5c{ip: 192.168.34.38, host: pr-hdds-1868-89kc4-1304904179, networkLocation: /default-rack, certSerialId: null}
2019-10-16 21:52:48,695 [IPC Server handler 3 on 33004] INFO  net.NetworkTopology (NetworkTopologyImpl.java:add(111)) - Added a new node: /default-rack/45fbe16b-e751-4a45-a959-58ac23dab104
2019-10-16 21:52:48,695 [IPC Server handler 3 on 33004] INFO  node.SCMNodeManager (SCMNodeManager.java:register(268)) - Registered Data node : 45fbe16b-e751-4a45-a959-58ac23dab104{ip: 192.168.34.38, host: pr-hdds-1868-89kc4-1304904179, networkLocation: /default-rack, certSerialId: null}
2019-10-16 21:52:48,794 [IPC Server handler 4 on 33004] INFO  net.NetworkTopology (NetworkTopologyImpl.java:add(111)) - Added a new node: /default-rack/9d88716d-5d6b-4fd8-b832-a110dc45ee66
2019-10-16 21:52:48,795 [IPC Server handler 4 on 33004] INFO  node.SCMNodeManager (SCMNodeManager.java:register(268)) - Registered Data node : 9d88716d-5d6b-4fd8-b832-a110dc45ee66{ip: 192.168.34.38, host: pr-hdds-1868-89kc4-1304904179, networkLocation: /default-rack, certSerialId: null}
2019-10-16 21:52:48,904 [IPC Server handler 6 on 33004] INFO  net.NetworkTopology (NetworkTopologyImpl.java:add(111)) - Added a new node: /default-rack/c5571329-ed88-4dd5-851a-7ef9aaa2970f
2019-10-16 21:52:48,904 [IPC Server handler 6 on 33004] INFO  node.SCMNodeManager (SCMNodeManager.java:register(268)) - Registered Data node : c5571329-ed88-4dd5-851a-7ef9aaa2970f{ip: 192.168.34.38, host: pr-hdds-1868-89kc4-1304904179, networkLocation: /default-rack, certSerialId: null}
2019-10-16 21:52:49,059 [grpc-default-executor-0] INFO  impl.RaftServerProxy (RaftServerProxy.java:addNew(89)) - efb933de-cdd8-4d8d-88d2-4c7ffe0dec1a: addNew group-0F9C9D952736:[efb933de-cdd8-4d8d-88d2-4c7ffe0dec1a:192.168.34.38:42459] returns group-0F9C9D952736:java.util.concurrent.CompletableFuture@78f907bb[Not completed]
2019-10-16 21:52:49,075 [pool-27-thread-1] INFO  impl.RaftServerImpl (RaftServerImpl.java:<init>(104)) - efb933de-cdd8-4d8d-88d2-4c7ffe0dec1a: new RaftServerImpl for group-0F9C9D952736:[efb933de-cdd8-4d8d-88d2-4c7ffe0dec1a:192.168.34.38:42459] with ContainerStateMachine:uninitialized
2019-10-16 21:52:49,076 [pool-27-thread-1] INFO  server.RaftServerConfigKeys (ConfUtils.java:logGet(43)) - raft.server.rpc.timeout.min = 5s (custom)
2019-10-16 21:52:49,078 [pool-27-thread-1] INFO  server.RaftServerConfigKeys (ConfUtils.java:logGet(43)) - raft.server.rpc.timeout.max = 5200ms (custom)
2019-10-16 21:52:49,078 [pool-27-thread-1] INFO  server.RaftServerConfigKeys (ConfUtils.java:logGet(43)) - raft.server.rpcslowness.timeout = 120s (custom)
2019-10-16 21:52:49,078 [pool-27-thread-1] INFO  server.RaftServerConfigKeys (ConfUtils.java:logGet(43)) - raft.server.sleep.deviation.threshold = 300 (default)
2019-10-16 21:52:49,079 [pool-27-thread-1] INFO  server.RaftServerConfigKeys (ConfUtils.java:logGet(43)) - raft.server.log.appender.install.snapshot.enabled = false (custom)
2019-10-16 21:52:49,086 [pool-27-thread-1] INFO  impl.RaftServerImpl (ServerState.java:<init>(103)) - efb933de-cdd8-4d8d-88d2-4c7ffe0dec1a@group-0F9C9D952736: ConfigurationManager, init=-1: [efb933de-cdd8-4d8d-88d2-4c7ffe0dec1a:192.168.34.38:42459], old=null, confs=<EMPTY_MAP>
2019-10-16 21:52:49,087 [pool-27-thread-1] INFO  server.RaftServerConfigKeys (ConfUtils.java:logGet(43)) - raft.server.storage.dir = [/workdir/hadoop-ozone/ozonefs/target/test-dir/MiniOzoneClusterImpl-d26aec2b-09c1-4f88-9204-0bb43e71ee01/datanode-0/data/ratis] (custom)
2019-10-16 21:52:49,092 [pool-27-thread-1] INFO  server.RaftServerConfigKeys (ConfUtils.java:logGet(43)) - raft.server.log.corruption.policy = EXCEPTION (default)
2019-10-16 21:52:49,093 [pool-27-thread-1] INFO  storage.RaftStorageDirectory (RaftStorageDirectory.java:analyzeStorage(246)) - The storage directory /workdir/hadoop-ozone/ozonefs/target/test-dir/MiniOzoneClusterImpl-d26aec2b-09c1-4f88-9204-0bb43e71ee01/datanode-0/data/ratis/26b6b7b1-57d3-4423-b39e-0f9c9d952736 does not exist. Creating ...
2019-10-16 21:52:49,130 [pool-27-thread-1] INFO  storage.RaftStorageDirectory (RaftStorageDirectory.java:tryLock(328)) - Lock on /workdir/hadoop-ozone/ozonefs/target/test-dir/MiniOzoneClusterImpl-d26aec2b-09c1-4f88-9204-0bb43e71ee01/datanode-0/data/ratis/26b6b7b1-57d3-4423-b39e-0f9c9d952736/in_use.lock acquired by nodename 10392@pr-hdds-1868-89kc4-1304904179
2019-10-16 21:52:49,144 [pool-27-thread-1] INFO  storage.RaftStorage (RaftStorage.java:format(84)) - Storage directory /workdir/hadoop-ozone/ozonefs/target/test-dir/MiniOzoneClusterImpl-d26aec2b-09c1-4f88-9204-0bb43e71ee01/datanode-0/data/ratis/26b6b7b1-57d3-4423-b39e-0f9c9d952736 has been successfully formatted.
2019-10-16 21:52:49,147 [pool-27-thread-1] INFO  ratis.ContainerStateMachine (ContainerStateMachine.java:loadSnapshot(233)) - group-0F9C9D952736: The snapshot info is null. Setting the last applied indexto:(t:0, i:~)
2019-10-16 21:52:49,147 [pool-27-thread-1] INFO  server.RaftServerConfigKeys (ConfUtils.java:logGet(43)) - raft.server.notification.no-leader.timeout = 120s (custom)
2019-10-16 21:52:49,149 [pool-27-thread-1] INFO  server.RaftServerConfigKeys (ConfUtils.java:logGet(43)) - raft.server.log.use.memory = false (default)
2019-10-16 21:52:49,154 [pool-27-thread-1] INFO  server.RaftServerConfigKeys (ConfUtils.java:logGet(43)) - raft.server.log.purge.gap = 1000000 (custom)
2019-10-16 21:52:49,154 [pool-27-thread-1] INFO  server.RaftServerConfigKeys (ConfUtils.java:logGet(43)) - raft.server.log.appender.buffer.byte-limit = 33554432 (custom)
2019-10-16 21:52:49,157 [pool-27-thread-1] INFO  server.RaftServerConfigKeys (ConfUtils.java:logGet(43)) - raft.server.log.segment.size.max = 1048576 (custom)
2019-10-16 21:52:49,158 [pool-27-thread-1] INFO  impl.MetricsSystemImpl (MetricsSystemImpl.java:init(158)) - ratis metrics system started (again)
2019-10-16 21:52:49,162 [pool-27-thread-1] INFO  metrics.MetricRegistries (MetricRegistriesLoader.java:load(64)) - Loaded MetricRegistries class org.apache.ratis.metrics.impl.MetricRegistriesImpl
2019-10-16 21:52:49,213 [pool-27-thread-1] INFO  server.RaftServerConfigKeys (ConfUtils.java:logGet(43)) - raft.server.log.segment.cache.num.max = 2 (custom)
2019-10-16 21:52:49,221 [pool-27-thread-1] INFO  segmented.SegmentedRaftLogWorker (SegmentedRaftLogWorker.java:<init>(173)) - new efb933de-cdd8-4d8d-88d2-4c7ffe0dec1a@group-0F9C9D952736-SegmentedRaftLogWorker for RaftStorage:Storage Directory /workdir/hadoop-ozone/ozonefs/target/test-dir/MiniOzoneClusterImpl-d26aec2b-09c1-4f88-9204-0bb43e71ee01/datanode-0/data/ratis/26b6b7b1-57d3-4423-b39e-0f9c9d952736
2019-10-16 21:52:49,221 [pool-27-thread-1] INFO  server.RaftServerConfigKeys (ConfUtils.java:logGet(43)) - raft.server.log.queue.byte-limit = 2147483647 (custom)
2019-10-16 21:52:49,222 [pool-27-thread-1] INFO  server.RaftServerConfigKeys (ConfUtils.java:logGet(43)) - raft.server.log.queue.element-limit = 1024 (custom)
2019-10-16 21:52:49,223 [pool-27-thread-1] INFO  server.RaftServerConfigKeys (ConfUtils.java:logGet(43)) - raft.server.log.segment.size.max = 1048576 (custom)
2019-10-16 21:52:49,223 [pool-27-thread-1] INFO  server.RaftServerConfigKeys (ConfUtils.java:logGet(43)) - raft.server.log.preallocated.size = 16384 (custom)
2019-10-16 21:52:49,224 [pool-27-thread-1] INFO  server.RaftServerConfigKeys (ConfUtils.java:logGet(43)) - raft.server.log.write.buffer.size = 33554432 (custom)
2019-10-16 21:52:49,224 [pool-27-thread-1] INFO  server.RaftServerConfigKeys (ConfUtils.java:logGet(43)) - raft.server.log.force.sync.num = 128 (default)
2019-10-16 21:52:49,225 [pool-27-thread-1] INFO  server.RaftServerConfigKeys (ConfUtils.java:logGet(43)) - raft.server.log.statemachine.data.sync = true (default)
2019-10-16 21:52:49,226 [pool-27-thread-1] INFO  server.RaftServerConfigKeys (ConfUtils.java:logGet(43)) - raft.server.log.statemachine.data.sync.timeout = 10s (default)
2019-10-16 21:52:49,226 [pool-27-thread-1] INFO  server.RaftServerConfigKeys (ConfUtils.java:logGet(43)) - raft.server.log.statemachine.data.sync.timeout.retry = -1 (default)
2019-10-16 21:52:49,240 [pool-27-thread-1] INFO  server.RaftServerConfigKeys (ConfUtils.java:logGet(43)) - raft.server.log.statemachine.data.caching.enabled = true (custom)
2019-10-16 21:52:49,245 [pool-27-thread-1] INFO  segmented.SegmentedRaftLogWorker (SegmentedRaftLogWorker.java:lambda$new$0(128)) - efb933de-cdd8-4d8d-88d2-4c7ffe0dec1a@group-0F9C9D952736-SegmentedRaftLogWorker: flushIndex: setUnconditionally 0 -> -1
2019-10-16 21:52:49,250 [pool-27-thread-1] INFO  server.RaftServerConfigKeys (ConfUtils.java:logGet(43)) - raft.server.snapshot.auto.trigger.enabled = true (custom)
2019-10-16 21:52:49,250 [pool-27-thread-1] INFO  server.RaftServerConfigKeys (ConfUtils.java:logGet(43)) - raft.server.snapshot.auto.trigger.threshold = 10000 (custom)
2019-10-16 21:52:49,251 [pool-27-thread-1] INFO  server.RaftServerConfigKeys (ConfUtils.java:logGet(43)) - raft.server.snapshot.retention.file.num = 5 (custom)
2019-10-16 21:52:49,251 [pool-27-thread-1] INFO  server.RaftServerConfigKeys (ConfUtils.java:logGet(43)) - raft.server.retrycache.expirytime = 600000ms (custom)
2019-10-16 21:52:49,284 [pool-27-thread-1] INFO  impl.RaftServerImpl (RaftServerImpl.java:start(195)) - efb933de-cdd8-4d8d-88d2-4c7ffe0dec1a@group-0F9C9D952736: start as a follower, conf=-1: [efb933de-cdd8-4d8d-88d2-4c7ffe0dec1a:192.168.34.38:42459], old=null
2019-10-16 21:52:49,286 [pool-27-thread-1] INFO  impl.RaftServerImpl (RaftServerImpl.java:setRole(184)) - efb933de-cdd8-4d8d-88d2-4c7ffe0dec1a@group-0F9C9D952736: changes role from      null to FOLLOWER at term 0 for startAsFollower
2019-10-16 21:52:49,287 [pool-27-thread-1] INFO  impl.RoleInfo (RoleInfo.java:updateAndGet(143)) - efb933de-cdd8-4d8d-88d2-4c7ffe0dec1a: start FollowerState
2019-10-16 21:52:49,289 [pool-27-thread-1] INFO  util.JmxRegister (JmxRegister.java:tryRegister(44)) - Successfully registered JMX Bean with object name Ratis:service=RaftServer,group=group-0F9C9D952736,id=efb933de-cdd8-4d8d-88d2-4c7ffe0dec1a
2019-10-16 21:52:49,337 [Thread-210] INFO  impl.FollowerState (FollowerState.java:run(108)) - efb933de-cdd8-4d8d-88d2-4c7ffe0dec1a@group-0F9C9D952736-FollowerState: change to CANDIDATE, lastRpcTime:50ms, electionTimeout:49ms
2019-10-16 21:52:49,341 [Thread-210] INFO  impl.RoleInfo (RoleInfo.java:shutdownFollowerState(121)) - efb933de-cdd8-4d8d-88d2-4c7ffe0dec1a: shutdown FollowerState
2019-10-16 21:52:49,342 [Thread-210] INFO  impl.RaftServerImpl (RaftServerImpl.java:setRole(184)) - efb933de-cdd8-4d8d-88d2-4c7ffe0dec1a@group-0F9C9D952736: changes role from  FOLLOWER to CANDIDATE at term 0 for changeToCandidate
2019-10-16 21:52:49,349 [Thread-210] INFO  impl.RoleInfo (RoleInfo.java:updateAndGet(143)) - efb933de-cdd8-4d8d-88d2-4c7ffe0dec1a: start LeaderElection
2019-10-16 21:52:49,364 [efb933de-cdd8-4d8d-88d2-4c7ffe0dec1a@group-0F9C9D952736-LeaderElection1] INFO  impl.LeaderElection (LeaderElection.java:askForVotes(178)) - efb933de-cdd8-4d8d-88d2-4c7ffe0dec1a@group-0F9C9D952736-LeaderElection1: begin an election at term 1 for -1: [efb933de-cdd8-4d8d-88d2-4c7ffe0dec1a:192.168.34.38:42459], old=null
2019-10-16 21:52:49,366 [efb933de-cdd8-4d8d-88d2-4c7ffe0dec1a@group-0F9C9D952736-LeaderElection1] INFO  impl.RoleInfo (RoleInfo.java:shutdownLeaderElection(134)) - efb933de-cdd8-4d8d-88d2-4c7ffe0dec1a: shutdown LeaderElection
2019-10-16 21:52:49,367 [efb933de-cdd8-4d8d-88d2-4c7ffe0dec1a@group-0F9C9D952736-LeaderElection1] INFO  impl.RaftServerImpl (RaftServerImpl.java:setRole(184)) - efb933de-cdd8-4d8d-88d2-4c7ffe0dec1a@group-0F9C9D952736: changes role from CANDIDATE to LEADER at term 1 for changeToLeader
2019-10-16 21:52:49,367 [efb933de-cdd8-4d8d-88d2-4c7ffe0dec1a@group-0F9C9D952736-LeaderElection1] INFO  ratis.XceiverServerRatis (XceiverServerRatis.java:handleLeaderChangedNotification(700)) - Leader change notification received for group: group-0F9C9D952736 with new leaderId: efb933de-cdd8-4d8d-88d2-4c7ffe0dec1a
2019-10-16 21:52:49,371 [efb933de-cdd8-4d8d-88d2-4c7ffe0dec1a@group-0F9C9D952736-LeaderElection1] INFO  impl.RaftServerImpl (ServerState.java:setLeader(256)) - efb933de-cdd8-4d8d-88d2-4c7ffe0dec1a@group-0F9C9D952736: change Leader from null to efb933de-cdd8-4d8d-88d2-4c7ffe0dec1a at term 1 for becomeLeader, leader elected after 220ms
2019-10-16 21:52:49,380 [efb933de-cdd8-4d8d-88d2-4c7ffe0dec1a@group-0F9C9D952736-LeaderElection1] INFO  server.RaftServerConfigKeys (ConfUtils.java:logGet(43)) - raft.server.staging.catchup.gap = 1000 (default)
2019-10-16 21:52:49,381 [efb933de-cdd8-4d8d-88d2-4c7ffe0dec1a@group-0F9C9D952736-LeaderElection1] INFO  server.RaftServerConfigKeys (ConfUtils.java:logGet(43)) - raft.server.rpc.sleep.time = 25ms (default)
2019-10-16 21:52:49,382 [RatisPipelineUtilsThread] INFO  pipeline.PipelineStateManager (PipelineStateManager.java:addPipeline(57)) - Created pipeline Pipeline[ Id: 26b6b7b1-57d3-4423-b39e-0f9c9d952736, Nodes: efb933de-cdd8-4d8d-88d2-4c7ffe0dec1a{ip: 192.168.34.38, host: pr-hdds-1868-89kc4-1304904179, networkLocation: /default-rack, certSerialId: null}, Type:RATIS, Factor:ONE, State:ALLOCATED]
2019-10-16 21:52:49,384 [JUnit] INFO  ozone.MiniOzoneClusterImpl (MiniOzoneClusterImpl.java:lambda$waitForClusterToBeReady$2(164)) - Waiting for 1 number of pipelines out of 1, to report a leader.
2019-10-16 21:52:49,387 [efb933de-cdd8-4d8d-88d2-4c7ffe0dec1a@group-0F9C9D952736-LeaderElection1] INFO  server.RaftServerConfigKeys (ConfUtils.java:logGet(43)) - raft.server.write.element-limit = 4096 (default)
2019-10-16 21:52:49,397 [efb933de-cdd8-4d8d-88d2-4c7ffe0dec1a@group-0F9C9D952736-LeaderElection1] INFO  server.RaftServerConfigKeys (ConfUtils.java:logGet(43)) - raft.server.watch.timeout = 10s (default)
2019-10-16 21:52:49,397 [efb933de-cdd8-4d8d-88d2-4c7ffe0dec1a@group-0F9C9D952736-LeaderElection1] INFO  server.RaftServerConfigKeys (ConfUtils.java:logGet(43)) - raft.server.watch.timeout.denomination = 1s (default)
2019-10-16 21:52:49,398 [efb933de-cdd8-4d8d-88d2-4c7ffe0dec1a@group-0F9C9D952736-LeaderElection1] INFO  server.RaftServerConfigKeys (ConfUtils.java:logGet(43)) - raft.server.watch.element-limit = 65536 (default)
2019-10-16 21:52:49,404 [grpc-default-executor-0] INFO  impl.RaftServerProxy (RaftServerProxy.java:addNew(89)) - 5c3956af-60d3-411f-8c98-c7ed3576de5c: addNew group-9043730FD47D:[5c3956af-60d3-411f-8c98-c7ed3576de5c:192.168.34.38:33787] returns group-9043730FD47D:java.util.concurrent.CompletableFuture@6dbaa3[Not completed]
2019-10-16 21:52:49,435 [pool-37-thread-1] INFO  impl.RaftServerImpl (RaftServerImpl.java:<init>(104)) - 5c3956af-60d3-411f-8c98-c7ed3576de5c: new RaftServerImpl for group-9043730FD47D:[5c3956af-60d3-411f-8c98-c7ed3576de5c:192.168.34.38:33787] with ContainerStateMachine:uninitialized
2019-10-16 21:52:49,435 [pool-37-thread-1] INFO  server.RaftServerConfigKeys (ConfUtils.java:logGet(43)) - raft.server.rpc.timeout.min = 5s (custom)
2019-10-16 21:52:49,435 [pool-37-thread-1] INFO  server.RaftServerConfigKeys (ConfUtils.java:logGet(43)) - raft.server.rpc.timeout.max = 5200ms (custom)
2019-10-16 21:52:49,435 [pool-37-thread-1] INFO  server.RaftServerConfigKeys (ConfUtils.java:logGet(43)) - raft.server.rpcslowness.timeout = 120s (custom)
2019-10-16 21:52:49,436 [pool-37-thread-1] INFO  server.RaftServerConfigKeys (ConfUtils.java:logGet(43)) - raft.server.sleep.deviation.threshold = 300 (default)
2019-10-16 21:52:49,436 [pool-37-thread-1] INFO  server.RaftServerConfigKeys (ConfUtils.java:logGet(43)) - raft.server.log.appender.install.snapshot.enabled = false (custom)
2019-10-16 21:52:49,436 [pool-37-thread-1] INFO  impl.RaftServerImpl (ServerState.java:<init>(103)) - 5c3956af-60d3-411f-8c98-c7ed3576de5c@group-9043730FD47D: ConfigurationManager, init=-1: [5c3956af-60d3-411f-8c98-c7ed3576de5c:192.168.34.38:33787], old=null, confs=<EMPTY_MAP>
2019-10-16 21:52:49,436 [pool-37-thread-1] INFO  server.RaftServerConfigKeys (ConfUtils.java:logGet(43)) - raft.server.storage.dir = [/workdir/hadoop-ozone/ozonefs/target/test-dir/MiniOzoneClusterImpl-d26aec2b-09c1-4f88-9204-0bb43e71ee01/datanode-1/data/ratis] (custom)
2019-10-16 21:52:49,437 [pool-37-thread-1] INFO  server.RaftServerConfigKeys (ConfUtils.java:logGet(43)) - raft.server.log.corruption.policy = EXCEPTION (default)
2019-10-16 21:52:49,438 [pool-37-thread-1] INFO  storage.RaftStorageDirectory (RaftStorageDirectory.java:analyzeStorage(246)) - The storage directory /workdir/hadoop-ozone/ozonefs/target/test-dir/MiniOzoneClusterImpl-d26aec2b-09c1-4f88-9204-0bb43e71ee01/datanode-1/data/ratis/dffa0663-419c-4dba-ace4-9043730fd47d does not exist. Creating ...
2019-10-16 21:52:49,450 [efb933de-cdd8-4d8d-88d2-4c7ffe0dec1a@group-0F9C9D952736-LeaderElection1] INFO  impl.RoleInfo (RoleInfo.java:updateAndGet(143)) - efb933de-cdd8-4d8d-88d2-4c7ffe0dec1a: start LeaderState
2019-10-16 21:52:49,452 [pool-37-thread-1] INFO  storage.RaftStorageDirectory (RaftStorageDirectory.java:tryLock(328)) - Lock on /workdir/hadoop-ozone/ozonefs/target/test-dir/MiniOzoneClusterImpl-d26aec2b-09c1-4f88-9204-0bb43e71ee01/datanode-1/data/ratis/dffa0663-419c-4dba-ace4-9043730fd47d/in_use.lock acquired by nodename 10392@pr-hdds-1868-89kc4-1304904179
2019-10-16 21:52:49,465 [pool-37-thread-1] INFO  storage.RaftStorage (RaftStorage.java:format(84)) - Storage directory /workdir/hadoop-ozone/ozonefs/target/test-dir/MiniOzoneClusterImpl-d26aec2b-09c1-4f88-9204-0bb43e71ee01/datanode-1/data/ratis/dffa0663-419c-4dba-ace4-9043730fd47d has been successfully formatted.
2019-10-16 21:52:49,466 [pool-37-thread-1] INFO  ratis.ContainerStateMachine (ContainerStateMachine.java:loadSnapshot(233)) - group-9043730FD47D: The snapshot info is null. Setting the last applied indexto:(t:0, i:~)
2019-10-16 21:52:49,467 [pool-37-thread-1] INFO  server.RaftServerConfigKeys (ConfUtils.java:logGet(43)) - raft.server.notification.no-leader.timeout = 120s (custom)
2019-10-16 21:52:49,467 [pool-37-thread-1] INFO  server.RaftServerConfigKeys (ConfUtils.java:logGet(43)) - raft.server.log.use.memory = false (default)
2019-10-16 21:52:49,468 [pool-37-thread-1] INFO  server.RaftServerConfigKeys (ConfUtils.java:logGet(43)) - raft.server.log.purge.gap = 1000000 (custom)
2019-10-16 21:52:49,468 [pool-37-thread-1] INFO  server.RaftServerConfigKeys (ConfUtils.java:logGet(43)) - raft.server.log.appender.buffer.byte-limit = 33554432 (custom)
2019-10-16 21:52:49,468 [pool-37-thread-1] INFO  server.RaftServerConfigKeys (ConfUtils.java:logGet(43)) - raft.server.log.segment.size.max = 1048576 (custom)
2019-10-16 21:52:49,506 [efb933de-cdd8-4d8d-88d2-4c7ffe0dec1a@group-0F9C9D952736-LeaderElection1] INFO  segmented.SegmentedRaftLogWorker (SegmentedRaftLogWorker.java:startLogSegment(385)) - efb933de-cdd8-4d8d-88d2-4c7ffe0dec1a@group-0F9C9D952736-SegmentedRaftLogWorker: Starting segment from index:0
2019-10-16 21:52:49,507 [pool-37-thread-1] INFO  server.RaftServerConfigKeys (ConfUtils.java:logGet(43)) - raft.server.log.segment.cache.num.max = 2 (custom)
2019-10-16 21:52:49,507 [pool-37-thread-1] INFO  segmented.SegmentedRaftLogWorker (SegmentedRaftLogWorker.java:<init>(173)) - new 5c3956af-60d3-411f-8c98-c7ed3576de5c@group-9043730FD47D-SegmentedRaftLogWorker for RaftStorage:Storage Directory /workdir/hadoop-ozone/ozonefs/target/test-dir/MiniOzoneClusterImpl-d26aec2b-09c1-4f88-9204-0bb43e71ee01/datanode-1/data/ratis/dffa0663-419c-4dba-ace4-9043730fd47d
2019-10-16 21:52:49,507 [pool-37-thread-1] INFO  server.RaftServerConfigKeys (ConfUtils.java:logGet(43)) - raft.server.log.queue.byte-limit = 2147483647 (custom)
2019-10-16 21:52:49,507 [pool-37-thread-1] INFO  server.RaftServerConfigKeys (ConfUtils.java:logGet(43)) - raft.server.log.queue.element-limit = 1024 (custom)
2019-10-16 21:52:49,508 [pool-37-thread-1] INFO  server.RaftServerConfigKeys (ConfUtils.java:logGet(43)) - raft.server.log.segment.size.max = 1048576 (custom)
2019-10-16 21:52:49,508 [pool-37-thread-1] INFO  server.RaftServerConfigKeys (ConfUtils.java:logGet(43)) - raft.server.log.preallocated.size = 16384 (custom)
2019-10-16 21:52:49,508 [pool-37-thread-1] INFO  server.RaftServerConfigKeys (ConfUtils.java:logGet(43)) - raft.server.log.write.buffer.size = 33554432 (custom)
2019-10-16 21:52:49,508 [pool-37-thread-1] INFO  server.RaftServerConfigKeys (ConfUtils.java:logGet(43)) - raft.server.log.force.sync.num = 128 (default)
2019-10-16 21:52:49,508 [pool-37-thread-1] INFO  server.RaftServerConfigKeys (ConfUtils.java:logGet(43)) - raft.server.log.statemachine.data.sync = true (default)
2019-10-16 21:52:49,509 [pool-37-thread-1] INFO  server.RaftServerConfigKeys (ConfUtils.java:logGet(43)) - raft.server.log.statemachine.data.sync.timeout = 10s (default)
2019-10-16 21:52:49,509 [pool-37-thread-1] INFO  server.RaftServerConfigKeys (ConfUtils.java:logGet(43)) - raft.server.log.statemachine.data.sync.timeout.retry = -1 (default)
2019-10-16 21:52:49,510 [pool-37-thread-1] INFO  server.RaftServerConfigKeys (ConfUtils.java:logGet(43)) - raft.server.log.statemachine.data.caching.enabled = true (custom)
2019-10-16 21:52:49,510 [pool-37-thread-1] INFO  segmented.SegmentedRaftLogWorker (SegmentedRaftLogWorker.java:lambda$new$0(128)) - 5c3956af-60d3-411f-8c98-c7ed3576de5c@group-9043730FD47D-SegmentedRaftLogWorker: flushIndex: setUnconditionally 0 -> -1
2019-10-16 21:52:49,511 [pool-37-thread-1] INFO  server.RaftServerConfigKeys (ConfUtils.java:logGet(43)) - raft.server.snapshot.auto.trigger.enabled = true (custom)
2019-10-16 21:52:49,511 [pool-37-thread-1] INFO  server.RaftServerConfigKeys (ConfUtils.java:logGet(43)) - raft.server.snapshot.auto.trigger.threshold = 10000 (custom)
2019-10-16 21:52:49,511 [pool-37-thread-1] INFO  server.RaftServerConfigKeys (ConfUtils.java:logGet(43)) - raft.server.snapshot.retention.file.num = 5 (custom)
2019-10-16 21:52:49,511 [pool-37-thread-1] INFO  server.RaftServerConfigKeys (ConfUtils.java:logGet(43)) - raft.server.retrycache.expirytime = 600000ms (custom)
2019-10-16 21:52:49,524 [pool-37-thread-1] INFO  impl.RaftServerImpl (RaftServerImpl.java:start(195)) - 5c3956af-60d3-411f-8c98-c7ed3576de5c@group-9043730FD47D: start as a follower, conf=-1: [5c3956af-60d3-411f-8c98-c7ed3576de5c:192.168.34.38:33787], old=null
2019-10-16 21:52:49,524 [efb933de-cdd8-4d8d-88d2-4c7ffe0dec1a@group-0F9C9D952736-LeaderElection1] INFO  impl.RaftServerImpl (ServerState.java:setRaftConf(357)) - efb933de-cdd8-4d8d-88d2-4c7ffe0dec1a@group-0F9C9D952736: set configuration 0: [efb933de-cdd8-4d8d-88d2-4c7ffe0dec1a:192.168.34.38:42459], old=null at 0
2019-10-16 21:52:49,530 [pool-37-thread-1] INFO  impl.RaftServerImpl (RaftServerImpl.java:setRole(184)) - 5c3956af-60d3-411f-8c98-c7ed3576de5c@group-9043730FD47D: changes role from      null to FOLLOWER at term 0 for startAsFollower
2019-10-16 21:52:49,531 [pool-37-thread-1] INFO  impl.RoleInfo (RoleInfo.java:updateAndGet(143)) - 5c3956af-60d3-411f-8c98-c7ed3576de5c: start FollowerState
2019-10-16 21:52:49,532 [pool-37-thread-1] INFO  util.JmxRegister (JmxRegister.java:tryRegister(44)) - Successfully registered JMX Bean with object name Ratis:service=RaftServer,group=group-9043730FD47D,id=5c3956af-60d3-411f-8c98-c7ed3576de5c
2019-10-16 21:52:49,553 [RatisPipelineUtilsThread] INFO  pipeline.PipelineStateManager (PipelineStateManager.java:addPipeline(57)) - Created pipeline Pipeline[ Id: dffa0663-419c-4dba-ace4-9043730fd47d, Nodes: 5c3956af-60d3-411f-8c98-c7ed3576de5c{ip: 192.168.34.38, host: pr-hdds-1868-89kc4-1304904179, networkLocation: /default-rack, certSerialId: null}, Type:RATIS, Factor:ONE, State:ALLOCATED]
2019-10-16 21:52:49,573 [grpc-default-executor-0] INFO  impl.RaftServerProxy (RaftServerProxy.java:addNew(89)) - 9d88716d-5d6b-4fd8-b832-a110dc45ee66: addNew group-4744F5BEFEE7:[9d88716d-5d6b-4fd8-b832-a110dc45ee66:192.168.34.38:38211] returns group-4744F5BEFEE7:java.util.concurrent.CompletableFuture@7257d8eb[Not completed]
2019-10-16 21:52:49,575 [pool-57-thread-1] INFO  impl.RaftServerImpl (RaftServerImpl.java:<init>(104)) - 9d88716d-5d6b-4fd8-b832-a110dc45ee66: new RaftServerImpl for group-4744F5BEFEE7:[9d88716d-5d6b-4fd8-b832-a110dc45ee66:192.168.34.38:38211] with ContainerStateMachine:uninitialized
2019-10-16 21:52:49,575 [pool-57-thread-1] INFO  server.RaftServerConfigKeys (ConfUtils.java:logGet(43)) - raft.server.rpc.timeout.min = 5s (custom)
2019-10-16 21:52:49,575 [pool-57-thread-1] INFO  server.RaftServerConfigKeys (ConfUtils.java:logGet(43)) - raft.server.rpc.timeout.max = 5200ms (custom)
2019-10-16 21:52:49,575 [pool-57-thread-1] INFO  server.RaftServerConfigKeys (ConfUtils.java:logGet(43)) - raft.server.rpcslowness.timeout = 120s (custom)
2019-10-16 21:52:49,576 [pool-57-thread-1] INFO  server.RaftServerConfigKeys (ConfUtils.java:logGet(43)) - raft.server.sleep.deviation.threshold = 300 (default)
2019-10-16 21:52:49,576 [pool-57-thread-1] INFO  server.RaftServerConfigKeys (ConfUtils.java:logGet(43)) - raft.server.log.appender.install.snapshot.enabled = false (custom)
2019-10-16 21:52:49,576 [pool-57-thread-1] INFO  impl.RaftServerImpl (ServerState.java:<init>(103)) - 9d88716d-5d6b-4fd8-b832-a110dc45ee66@group-4744F5BEFEE7: ConfigurationManager, init=-1: [9d88716d-5d6b-4fd8-b832-a110dc45ee66:192.168.34.38:38211], old=null, confs=<EMPTY_MAP>
2019-10-16 21:52:49,576 [pool-57-thread-1] INFO  server.RaftServerConfigKeys (ConfUtils.java:logGet(43)) - raft.server.storage.dir = [/workdir/hadoop-ozone/ozonefs/target/test-dir/MiniOzoneClusterImpl-d26aec2b-09c1-4f88-9204-0bb43e71ee01/datanode-3/data/ratis] (custom)
2019-10-16 21:52:49,577 [pool-57-thread-1] INFO  server.RaftServerConfigKeys (ConfUtils.java:logGet(43)) - raft.server.log.corruption.policy = EXCEPTION (default)
2019-10-16 21:52:49,577 [pool-57-thread-1] INFO  storage.RaftStorageDirectory (RaftStorageDirectory.java:analyzeStorage(246)) - The storage directory /workdir/hadoop-ozone/ozonefs/target/test-dir/MiniOzoneClusterImpl-d26aec2b-09c1-4f88-9204-0bb43e71ee01/datanode-3/data/ratis/2c5cbe56-0bd6-4dbf-9ec5-4744f5befee7 does not exist. Creating ...
2019-10-16 21:52:49,590 [pool-57-thread-1] INFO  storage.RaftStorageDirectory (RaftStorageDirectory.java:tryLock(328)) - Lock on /workdir/hadoop-ozone/ozonefs/target/test-dir/MiniOzoneClusterImpl-d26aec2b-09c1-4f88-9204-0bb43e71ee01/datanode-3/data/ratis/2c5cbe56-0bd6-4dbf-9ec5-4744f5befee7/in_use.lock acquired by nodename 10392@pr-hdds-1868-89kc4-1304904179
2019-10-16 21:52:49,603 [pool-57-thread-1] INFO  storage.RaftStorage (RaftStorage.java:format(84)) - Storage directory /workdir/hadoop-ozone/ozonefs/target/test-dir/MiniOzoneClusterImpl-d26aec2b-09c1-4f88-9204-0bb43e71ee01/datanode-3/data/ratis/2c5cbe56-0bd6-4dbf-9ec5-4744f5befee7 has been successfully formatted.
2019-10-16 21:52:49,603 [pool-57-thread-1] INFO  ratis.ContainerStateMachine (ContainerStateMachine.java:loadSnapshot(233)) - group-4744F5BEFEE7: The snapshot info is null. Setting the last applied indexto:(t:0, i:~)
2019-10-16 21:52:49,603 [pool-57-thread-1] INFO  server.RaftServerConfigKeys (ConfUtils.java:logGet(43)) - raft.server.notification.no-leader.timeout = 120s (custom)
2019-10-16 21:52:49,603 [pool-57-thread-1] INFO  server.RaftServerConfigKeys (ConfUtils.java:logGet(43)) - raft.server.log.use.memory = false (default)
2019-10-16 21:52:49,604 [pool-57-thread-1] INFO  server.RaftServerConfigKeys (ConfUtils.java:logGet(43)) - raft.server.log.purge.gap = 1000000 (custom)
2019-10-16 21:52:49,604 [pool-57-thread-1] INFO  server.RaftServerConfigKeys (ConfUtils.java:logGet(43)) - raft.server.log.appender.buffer.byte-limit = 33554432 (custom)
2019-10-16 21:52:49,604 [pool-57-thread-1] INFO  server.RaftServerConfigKeys (ConfUtils.java:logGet(43)) - raft.server.log.segment.size.max = 1048576 (custom)
2019-10-16 21:52:49,607 [pool-57-thread-1] INFO  server.RaftServerConfigKeys (ConfUtils.java:logGet(43)) - raft.server.log.segment.cache.num.max = 2 (custom)
2019-10-16 21:52:49,607 [pool-57-thread-1] INFO  segmented.SegmentedRaftLogWorker (SegmentedRaftLogWorker.java:<init>(173)) - new 9d88716d-5d6b-4fd8-b832-a110dc45ee66@group-4744F5BEFEE7-SegmentedRaftLogWorker for RaftStorage:Storage Directory /workdir/hadoop-ozone/ozonefs/target/test-dir/MiniOzoneClusterImpl-d26aec2b-09c1-4f88-9204-0bb43e71ee01/datanode-3/data/ratis/2c5cbe56-0bd6-4dbf-9ec5-4744f5befee7
2019-10-16 21:52:49,608 [pool-57-thread-1] INFO  server.RaftServerConfigKeys (ConfUtils.java:logGet(43)) - raft.server.log.queue.byte-limit = 2147483647 (custom)
2019-10-16 21:52:49,608 [pool-57-thread-1] INFO  server.RaftServerConfigKeys (ConfUtils.java:logGet(43)) - raft.server.log.queue.element-limit = 1024 (custom)
2019-10-16 21:52:49,608 [pool-57-thread-1] INFO  server.RaftServerConfigKeys (ConfUtils.java:logGet(43)) - raft.server.log.segment.size.max = 1048576 (custom)
2019-10-16 21:52:49,608 [pool-57-thread-1] INFO  server.RaftServerConfigKeys (ConfUtils.java:logGet(43)) - raft.server.log.preallocated.size = 16384 (custom)
2019-10-16 21:52:49,608 [pool-57-thread-1] INFO  server.RaftServerConfigKeys (ConfUtils.java:logGet(43)) - raft.server.log.write.buffer.size = 33554432 (custom)
2019-10-16 21:52:49,608 [pool-57-thread-1] INFO  server.RaftServerConfigKeys (ConfUtils.java:logGet(43)) - raft.server.log.force.sync.num = 128 (default)
2019-10-16 21:52:49,608 [pool-57-thread-1] INFO  server.RaftServerConfigKeys (ConfUtils.java:logGet(43)) - raft.server.log.statemachine.data.sync = true (default)
2019-10-16 21:52:49,608 [pool-57-thread-1] INFO  server.RaftServerConfigKeys (ConfUtils.java:logGet(43)) - raft.server.log.statemachine.data.sync.timeout = 10s (default)
2019-10-16 21:52:49,609 [pool-57-thread-1] INFO  server.RaftServerConfigKeys (ConfUtils.java:logGet(43)) - raft.server.log.statemachine.data.sync.timeout.retry = -1 (default)
2019-10-16 21:52:49,609 [pool-57-thread-1] INFO  server.RaftServerConfigKeys (ConfUtils.java:logGet(43)) - raft.server.log.statemachine.data.caching.enabled = true (custom)
2019-10-16 21:52:49,609 [pool-57-thread-1] INFO  segmented.SegmentedRaftLogWorker (SegmentedRaftLogWorker.java:lambda$new$0(128)) - 9d88716d-5d6b-4fd8-b832-a110dc45ee66@group-4744F5BEFEE7-SegmentedRaftLogWorker: flushIndex: setUnconditionally 0 -> -1
2019-10-16 21:52:49,610 [pool-57-thread-1] INFO  server.RaftServerConfigKeys (ConfUtils.java:logGet(43)) - raft.server.snapshot.auto.trigger.enabled = true (custom)
2019-10-16 21:52:49,610 [pool-57-thread-1] INFO  server.RaftServerConfigKeys (ConfUtils.java:logGet(43)) - raft.server.snapshot.auto.trigger.threshold = 10000 (custom)
2019-10-16 21:52:49,610 [pool-57-thread-1] INFO  server.RaftServerConfigKeys (ConfUtils.java:logGet(43)) - raft.server.snapshot.retention.file.num = 5 (custom)
2019-10-16 21:52:49,610 [pool-57-thread-1] INFO  server.RaftServerConfigKeys (ConfUtils.java:logGet(43)) - raft.server.retrycache.expirytime = 600000ms (custom)
2019-10-16 21:52:49,615 [pool-57-thread-1] INFO  impl.RaftServerImpl (RaftServerImpl.java:start(195)) - 9d88716d-5d6b-4fd8-b832-a110dc45ee66@group-4744F5BEFEE7: start as a follower, conf=-1: [9d88716d-5d6b-4fd8-b832-a110dc45ee66:192.168.34.38:38211], old=null
2019-10-16 21:52:49,615 [pool-57-thread-1] INFO  impl.RaftServerImpl (RaftServerImpl.java:setRole(184)) - 9d88716d-5d6b-4fd8-b832-a110dc45ee66@group-4744F5BEFEE7: changes role from      null to FOLLOWER at term 0 for startAsFollower
2019-10-16 21:52:49,615 [pool-57-thread-1] INFO  impl.RoleInfo (RoleInfo.java:updateAndGet(143)) - 9d88716d-5d6b-4fd8-b832-a110dc45ee66: start FollowerState
2019-10-16 21:52:49,616 [pool-57-thread-1] INFO  util.JmxRegister (JmxRegister.java:tryRegister(44)) - Successfully registered JMX Bean with object name Ratis:service=RaftServer,group=group-4744F5BEFEE7,id=9d88716d-5d6b-4fd8-b832-a110dc45ee66
2019-10-16 21:52:49,627 [RatisPipelineUtilsThread] INFO  pipeline.PipelineStateManager (PipelineStateManager.java:addPipeline(57)) - Created pipeline Pipeline[ Id: 2c5cbe56-0bd6-4dbf-9ec5-4744f5befee7, Nodes: 9d88716d-5d6b-4fd8-b832-a110dc45ee66{ip: 192.168.34.38, host: pr-hdds-1868-89kc4-1304904179, networkLocation: /default-rack, certSerialId: null}, Type:RATIS, Factor:ONE, State:ALLOCATED]
2019-10-16 21:52:49,640 [grpc-default-executor-0] INFO  impl.RaftServerProxy (RaftServerProxy.java:addNew(89)) - c5571329-ed88-4dd5-851a-7ef9aaa2970f: addNew group-E11993EF5BE0:[c5571329-ed88-4dd5-851a-7ef9aaa2970f:192.168.34.38:41182] returns group-E11993EF5BE0:java.util.concurrent.CompletableFuture@19272e2c[Not completed]
2019-10-16 21:52:49,643 [pool-67-thread-1] INFO  impl.RaftServerImpl (RaftServerImpl.java:<init>(104)) - c5571329-ed88-4dd5-851a-7ef9aaa2970f: new RaftServerImpl for group-E11993EF5BE0:[c5571329-ed88-4dd5-851a-7ef9aaa2970f:192.168.34.38:41182] with ContainerStateMachine:uninitialized
2019-10-16 21:52:49,643 [pool-67-thread-1] INFO  server.RaftServerConfigKeys (ConfUtils.java:logGet(43)) - raft.server.rpc.timeout.min = 5s (custom)
2019-10-16 21:52:49,643 [pool-67-thread-1] INFO  server.RaftServerConfigKeys (ConfUtils.java:logGet(43)) - raft.server.rpc.timeout.max = 5200ms (custom)
2019-10-16 21:52:49,643 [pool-67-thread-1] INFO  server.RaftServerConfigKeys (ConfUtils.java:logGet(43)) - raft.server.rpcslowness.timeout = 120s (custom)
2019-10-16 21:52:49,643 [pool-67-thread-1] INFO  server.RaftServerConfigKeys (ConfUtils.java:logGet(43)) - raft.server.sleep.deviation.threshold = 300 (default)
2019-10-16 21:52:49,643 [pool-67-thread-1] INFO  server.RaftServerConfigKeys (ConfUtils.java:logGet(43)) - raft.server.log.appender.install.snapshot.enabled = false (custom)
2019-10-16 21:52:49,644 [pool-67-thread-1] INFO  impl.RaftServerImpl (ServerState.java:<init>(103)) - c5571329-ed88-4dd5-851a-7ef9aaa2970f@group-E11993EF5BE0: ConfigurationManager, init=-1: [c5571329-ed88-4dd5-851a-7ef9aaa2970f:192.168.34.38:41182], old=null, confs=<EMPTY_MAP>
2019-10-16 21:52:49,644 [pool-67-thread-1] INFO  server.RaftServerConfigKeys (ConfUtils.java:logGet(43)) - raft.server.storage.dir = [/workdir/hadoop-ozone/ozonefs/target/test-dir/MiniOzoneClusterImpl-d26aec2b-09c1-4f88-9204-0bb43e71ee01/datanode-4/data/ratis] (custom)
2019-10-16 21:52:49,644 [pool-67-thread-1] INFO  server.RaftServerConfigKeys (ConfUtils.java:logGet(43)) - raft.server.log.corruption.policy = EXCEPTION (default)
2019-10-16 21:52:49,644 [pool-67-thread-1] INFO  storage.RaftStorageDirectory (RaftStorageDirectory.java:analyzeStorage(246)) - The storage directory /workdir/hadoop-ozone/ozonefs/target/test-dir/MiniOzoneClusterImpl-d26aec2b-09c1-4f88-9204-0bb43e71ee01/datanode-4/data/ratis/417e8567-393c-4fab-83a7-e11993ef5be0 does not exist. Creating ...
2019-10-16 21:52:49,657 [pool-67-thread-1] INFO  storage.RaftStorageDirectory (RaftStorageDirectory.java:tryLock(328)) - Lock on /workdir/hadoop-ozone/ozonefs/target/test-dir/MiniOzoneClusterImpl-d26aec2b-09c1-4f88-9204-0bb43e71ee01/datanode-4/data/ratis/417e8567-393c-4fab-83a7-e11993ef5be0/in_use.lock acquired by nodename 10392@pr-hdds-1868-89kc4-1304904179
2019-10-16 21:52:49,670 [pool-67-thread-1] INFO  storage.RaftStorage (RaftStorage.java:format(84)) - Storage directory /workdir/hadoop-ozone/ozonefs/target/test-dir/MiniOzoneClusterImpl-d26aec2b-09c1-4f88-9204-0bb43e71ee01/datanode-4/data/ratis/417e8567-393c-4fab-83a7-e11993ef5be0 has been successfully formatted.
2019-10-16 21:52:49,670 [pool-67-thread-1] INFO  ratis.ContainerStateMachine (ContainerStateMachine.java:loadSnapshot(233)) - group-E11993EF5BE0: The snapshot info is null. Setting the last applied indexto:(t:0, i:~)
2019-10-16 21:52:49,670 [pool-67-thread-1] INFO  server.RaftServerConfigKeys (ConfUtils.java:logGet(43)) - raft.server.notification.no-leader.timeout = 120s (custom)
2019-10-16 21:52:49,670 [pool-67-thread-1] INFO  server.RaftServerConfigKeys (ConfUtils.java:logGet(43)) - raft.server.log.use.memory = false (default)
2019-10-16 21:52:49,671 [pool-67-thread-1] INFO  server.RaftServerConfigKeys (ConfUtils.java:logGet(43)) - raft.server.log.purge.gap = 1000000 (custom)
2019-10-16 21:52:49,671 [pool-67-thread-1] INFO  server.RaftServerConfigKeys (ConfUtils.java:logGet(43)) - raft.server.log.appender.buffer.byte-limit = 33554432 (custom)
2019-10-16 21:52:49,671 [pool-67-thread-1] INFO  server.RaftServerConfigKeys (ConfUtils.java:logGet(43)) - raft.server.log.segment.size.max = 1048576 (custom)
2019-10-16 21:52:49,674 [pool-67-thread-1] INFO  server.RaftServerConfigKeys (ConfUtils.java:logGet(43)) - raft.server.log.segment.cache.num.max = 2 (custom)
2019-10-16 21:52:49,674 [pool-67-thread-1] INFO  segmented.SegmentedRaftLogWorker (SegmentedRaftLogWorker.java:<init>(173)) - new c5571329-ed88-4dd5-851a-7ef9aaa2970f@group-E11993EF5BE0-SegmentedRaftLogWorker for RaftStorage:Storage Directory /workdir/hadoop-ozone/ozonefs/target/test-dir/MiniOzoneClusterImpl-d26aec2b-09c1-4f88-9204-0bb43e71ee01/datanode-4/data/ratis/417e8567-393c-4fab-83a7-e11993ef5be0
2019-10-16 21:52:49,674 [pool-67-thread-1] INFO  server.RaftServerConfigKeys (ConfUtils.java:logGet(43)) - raft.server.log.queue.byte-limit = 2147483647 (custom)
2019-10-16 21:52:49,675 [pool-67-thread-1] INFO  server.RaftServerConfigKeys (ConfUtils.java:logGet(43)) - raft.server.log.queue.element-limit = 1024 (custom)
2019-10-16 21:52:49,675 [pool-67-thread-1] INFO  server.RaftServerConfigKeys (ConfUtils.java:logGet(43)) - raft.server.log.segment.size.max = 1048576 (custom)
2019-10-16 21:52:49,675 [pool-67-thread-1] INFO  server.RaftServerConfigKeys (ConfUtils.java:logGet(43)) - raft.server.log.preallocated.size = 16384 (custom)
2019-10-16 21:52:49,675 [pool-67-thread-1] INFO  server.RaftServerConfigKeys (ConfUtils.java:logGet(43)) - raft.server.log.write.buffer.size = 33554432 (custom)
2019-10-16 21:52:49,675 [pool-67-thread-1] INFO  server.RaftServerConfigKeys (ConfUtils.java:logGet(43)) - raft.server.log.force.sync.num = 128 (default)
2019-10-16 21:52:49,675 [pool-67-thread-1] INFO  server.RaftServerConfigKeys (ConfUtils.java:logGet(43)) - raft.server.log.statemachine.data.sync = true (default)
2019-10-16 21:52:49,675 [pool-67-thread-1] INFO  server.RaftServerConfigKeys (ConfUtils.java:logGet(43)) - raft.server.log.statemachine.data.sync.timeout = 10s (default)
2019-10-16 21:52:49,675 [pool-67-thread-1] INFO  server.RaftServerConfigKeys (ConfUtils.java:logGet(43)) - raft.server.log.statemachine.data.sync.timeout.retry = -1 (default)
2019-10-16 21:52:49,676 [pool-67-thread-1] INFO  server.RaftServerConfigKeys (ConfUtils.java:logGet(43)) - raft.server.log.statemachine.data.caching.enabled = true (custom)
2019-10-16 21:52:49,676 [pool-67-thread-1] INFO  segmented.SegmentedRaftLogWorker (SegmentedRaftLogWorker.java:lambda$new$0(128)) - c5571329-ed88-4dd5-851a-7ef9aaa2970f@group-E11993EF5BE0-SegmentedRaftLogWorker: flushIndex: setUnconditionally 0 -> -1
2019-10-16 21:52:49,677 [pool-67-thread-1] INFO  server.RaftServerConfigKeys (ConfUtils.java:logGet(43)) - raft.server.snapshot.auto.trigger.enabled = true (custom)
2019-10-16 21:52:49,677 [pool-67-thread-1] INFO  server.RaftServerConfigKeys (ConfUtils.java:logGet(43)) - raft.server.snapshot.auto.trigger.threshold = 10000 (custom)
2019-10-16 21:52:49,677 [pool-67-thread-1] INFO  server.RaftServerConfigKeys (ConfUtils.java:logGet(43)) - raft.server.snapshot.retention.file.num = 5 (custom)
2019-10-16 21:52:49,677 [pool-67-thread-1] INFO  server.RaftServerConfigKeys (ConfUtils.java:logGet(43)) - raft.server.retrycache.expirytime = 600000ms (custom)
2019-10-16 21:52:49,680 [Thread-218] INFO  impl.FollowerState (FollowerState.java:run(108)) - 9d88716d-5d6b-4fd8-b832-a110dc45ee66@group-4744F5BEFEE7-FollowerState: change to CANDIDATE, lastRpcTime:64ms, electionTimeout:64ms
2019-10-16 21:52:49,681 [Thread-218] INFO  impl.RoleInfo (RoleInfo.java:shutdownFollowerState(121)) - 9d88716d-5d6b-4fd8-b832-a110dc45ee66: shutdown FollowerState
2019-10-16 21:52:49,681 [Thread-218] INFO  impl.RaftServerImpl (RaftServerImpl.java:setRole(184)) - 9d88716d-5d6b-4fd8-b832-a110dc45ee66@group-4744F5BEFEE7: changes role from  FOLLOWER to CANDIDATE at term 0 for changeToCandidate
2019-10-16 21:52:49,682 [Thread-218] INFO  impl.RoleInfo (RoleInfo.java:updateAndGet(143)) - 9d88716d-5d6b-4fd8-b832-a110dc45ee66: start LeaderElection
2019-10-16 21:52:49,685 [pool-67-thread-1] INFO  impl.RaftServerImpl (RaftServerImpl.java:start(195)) - c5571329-ed88-4dd5-851a-7ef9aaa2970f@group-E11993EF5BE0: start as a follower, conf=-1: [c5571329-ed88-4dd5-851a-7ef9aaa2970f:192.168.34.38:41182], old=null
2019-10-16 21:52:49,685 [pool-67-thread-1] INFO  impl.RaftServerImpl (RaftServerImpl.java:setRole(184)) - c5571329-ed88-4dd5-851a-7ef9aaa2970f@group-E11993EF5BE0: changes role from      null to FOLLOWER at term 0 for startAsFollower
2019-10-16 21:52:49,685 [pool-67-thread-1] INFO  impl.RoleInfo (RoleInfo.java:updateAndGet(143)) - c5571329-ed88-4dd5-851a-7ef9aaa2970f: start FollowerState
2019-10-16 21:52:49,686 [pool-67-thread-1] INFO  util.JmxRegister (JmxRegister.java:tryRegister(44)) - Successfully registered JMX Bean with object name Ratis:service=RaftServer,group=group-E11993EF5BE0,id=c5571329-ed88-4dd5-851a-7ef9aaa2970f
2019-10-16 21:52:49,696 [RatisPipelineUtilsThread] INFO  pipeline.PipelineStateManager (PipelineStateManager.java:addPipeline(57)) - Created pipeline Pipeline[ Id: 417e8567-393c-4fab-83a7-e11993ef5be0, Nodes: c5571329-ed88-4dd5-851a-7ef9aaa2970f{ip: 192.168.34.38, host: pr-hdds-1868-89kc4-1304904179, networkLocation: /default-rack, certSerialId: null}, Type:RATIS, Factor:ONE, State:ALLOCATED]
2019-10-16 21:52:49,697 [9d88716d-5d6b-4fd8-b832-a110dc45ee66@group-4744F5BEFEE7-LeaderElection2] INFO  impl.LeaderElection (LeaderElection.java:askForVotes(178)) - 9d88716d-5d6b-4fd8-b832-a110dc45ee66@group-4744F5BEFEE7-LeaderElection2: begin an election at term 1 for -1: [9d88716d-5d6b-4fd8-b832-a110dc45ee66:192.168.34.38:38211], old=null
2019-10-16 21:52:49,700 [9d88716d-5d6b-4fd8-b832-a110dc45ee66@group-4744F5BEFEE7-LeaderElection2] INFO  impl.RoleInfo (RoleInfo.java:shutdownLeaderElection(134)) - 9d88716d-5d6b-4fd8-b832-a110dc45ee66: shutdown LeaderElection
2019-10-16 21:52:49,700 [9d88716d-5d6b-4fd8-b832-a110dc45ee66@group-4744F5BEFEE7-LeaderElection2] INFO  impl.RaftServerImpl (RaftServerImpl.java:setRole(184)) - 9d88716d-5d6b-4fd8-b832-a110dc45ee66@group-4744F5BEFEE7: changes role from CANDIDATE to LEADER at term 1 for changeToLeader
2019-10-16 21:52:49,700 [9d88716d-5d6b-4fd8-b832-a110dc45ee66@group-4744F5BEFEE7-LeaderElection2] INFO  ratis.XceiverServerRatis (XceiverServerRatis.java:handleLeaderChangedNotification(700)) - Leader change notification received for group: group-4744F5BEFEE7 with new leaderId: 9d88716d-5d6b-4fd8-b832-a110dc45ee66
2019-10-16 21:52:49,701 [9d88716d-5d6b-4fd8-b832-a110dc45ee66@group-4744F5BEFEE7-LeaderElection2] INFO  impl.RaftServerImpl (ServerState.java:setLeader(256)) - 9d88716d-5d6b-4fd8-b832-a110dc45ee66@group-4744F5BEFEE7: change Leader from null to 9d88716d-5d6b-4fd8-b832-a110dc45ee66 at term 1 for becomeLeader, leader elected after 97ms
2019-10-16 21:52:49,701 [9d88716d-5d6b-4fd8-b832-a110dc45ee66@group-4744F5BEFEE7-LeaderElection2] INFO  server.RaftServerConfigKeys (ConfUtils.java:logGet(43)) - raft.server.staging.catchup.gap = 1000 (default)
2019-10-16 21:52:49,702 [9d88716d-5d6b-4fd8-b832-a110dc45ee66@group-4744F5BEFEE7-LeaderElection2] INFO  server.RaftServerConfigKeys (ConfUtils.java:logGet(43)) - raft.server.rpc.sleep.time = 25ms (default)
2019-10-16 21:52:49,702 [9d88716d-5d6b-4fd8-b832-a110dc45ee66@group-4744F5BEFEE7-LeaderElection2] INFO  server.RaftServerConfigKeys (ConfUtils.java:logGet(43)) - raft.server.write.element-limit = 4096 (default)
2019-10-16 21:52:49,703 [9d88716d-5d6b-4fd8-b832-a110dc45ee66@group-4744F5BEFEE7-LeaderElection2] INFO  server.RaftServerConfigKeys (ConfUtils.java:logGet(43)) - raft.server.watch.timeout = 10s (default)
2019-10-16 21:52:49,704 [9d88716d-5d6b-4fd8-b832-a110dc45ee66@group-4744F5BEFEE7-LeaderElection2] INFO  server.RaftServerConfigKeys (ConfUtils.java:logGet(43)) - raft.server.watch.timeout.denomination = 1s (default)
2019-10-16 21:52:49,704 [9d88716d-5d6b-4fd8-b832-a110dc45ee66@group-4744F5BEFEE7-LeaderElection2] INFO  server.RaftServerConfigKeys (ConfUtils.java:logGet(43)) - raft.server.watch.element-limit = 65536 (default)
2019-10-16 21:52:49,711 [9d88716d-5d6b-4fd8-b832-a110dc45ee66@group-4744F5BEFEE7-LeaderElection2] INFO  impl.RoleInfo (RoleInfo.java:updateAndGet(143)) - 9d88716d-5d6b-4fd8-b832-a110dc45ee66: start LeaderState
2019-10-16 21:52:49,711 [9d88716d-5d6b-4fd8-b832-a110dc45ee66@group-4744F5BEFEE7-LeaderElection2] INFO  segmented.SegmentedRaftLogWorker (SegmentedRaftLogWorker.java:startLogSegment(385)) - 9d88716d-5d6b-4fd8-b832-a110dc45ee66@group-4744F5BEFEE7-SegmentedRaftLogWorker: Starting segment from index:0
2019-10-16 21:52:49,712 [9d88716d-5d6b-4fd8-b832-a110dc45ee66@group-4744F5BEFEE7-LeaderElection2] INFO  impl.RaftServerImpl (ServerState.java:setRaftConf(357)) - 9d88716d-5d6b-4fd8-b832-a110dc45ee66@group-4744F5BEFEE7: set configuration 0: [9d88716d-5d6b-4fd8-b832-a110dc45ee66:192.168.34.38:38211], old=null at 0
2019-10-16 21:52:49,716 [grpc-default-executor-0] INFO  impl.RaftServerProxy (RaftServerProxy.java:addNew(89)) - 45fbe16b-e751-4a45-a959-58ac23dab104: addNew group-09B31D2A0473:[45fbe16b-e751-4a45-a959-58ac23dab104:192.168.34.38:37571] returns group-09B31D2A0473:java.util.concurrent.CompletableFuture@4aefe1f8[Not completed]
2019-10-16 21:52:49,717 [pool-47-thread-1] INFO  impl.RaftServerImpl (RaftServerImpl.java:<init>(104)) - 45fbe16b-e751-4a45-a959-58ac23dab104: new RaftServerImpl for group-09B31D2A0473:[45fbe16b-e751-4a45-a959-58ac23dab104:192.168.34.38:37571] with ContainerStateMachine:uninitialized
2019-10-16 21:52:49,718 [pool-47-thread-1] INFO  server.RaftServerConfigKeys (ConfUtils.java:logGet(43)) - raft.server.rpc.timeout.min = 5s (custom)
2019-10-16 21:52:49,718 [pool-47-thread-1] INFO  server.RaftServerConfigKeys (ConfUtils.java:logGet(43)) - raft.server.rpc.timeout.max = 5200ms (custom)
2019-10-16 21:52:49,718 [pool-47-thread-1] INFO  server.RaftServerConfigKeys (ConfUtils.java:logGet(43)) - raft.server.rpcslowness.timeout = 120s (custom)
2019-10-16 21:52:49,718 [pool-47-thread-1] INFO  server.RaftServerConfigKeys (ConfUtils.java:logGet(43)) - raft.server.sleep.deviation.threshold = 300 (default)
2019-10-16 21:52:49,718 [pool-47-thread-1] INFO  server.RaftServerConfigKeys (ConfUtils.java:logGet(43)) - raft.server.log.appender.install.snapshot.enabled = false (custom)
2019-10-16 21:52:49,718 [pool-47-thread-1] INFO  impl.RaftServerImpl (ServerState.java:<init>(103)) - 45fbe16b-e751-4a45-a959-58ac23dab104@group-09B31D2A0473: ConfigurationManager, init=-1: [45fbe16b-e751-4a45-a959-58ac23dab104:192.168.34.38:37571], old=null, confs=<EMPTY_MAP>
2019-10-16 21:52:49,719 [pool-47-thread-1] INFO  server.RaftServerConfigKeys (ConfUtils.java:logGet(43)) - raft.server.storage.dir = [/workdir/hadoop-ozone/ozonefs/target/test-dir/MiniOzoneClusterImpl-d26aec2b-09c1-4f88-9204-0bb43e71ee01/datanode-2/data/ratis] (custom)
2019-10-16 21:52:49,719 [pool-47-thread-1] INFO  server.RaftServerConfigKeys (ConfUtils.java:logGet(43)) - raft.server.log.corruption.policy = EXCEPTION (default)
2019-10-16 21:52:49,719 [pool-47-thread-1] INFO  storage.RaftStorageDirectory (RaftStorageDirectory.java:analyzeStorage(246)) - The storage directory /workdir/hadoop-ozone/ozonefs/target/test-dir/MiniOzoneClusterImpl-d26aec2b-09c1-4f88-9204-0bb43e71ee01/datanode-2/data/ratis/7d4bc9ca-a2c5-497f-b13b-09b31d2a0473 does not exist. Creating ...
2019-10-16 21:52:49,730 [Thread-215] INFO  impl.FollowerState (FollowerState.java:run(108)) - 5c3956af-60d3-411f-8c98-c7ed3576de5c@group-9043730FD47D-FollowerState: change to CANDIDATE, lastRpcTime:198ms, electionTimeout:198ms
2019-10-16 21:52:49,730 [Thread-215] INFO  impl.RoleInfo (RoleInfo.java:shutdownFollowerState(121)) - 5c3956af-60d3-411f-8c98-c7ed3576de5c: shutdown FollowerState
2019-10-16 21:52:49,730 [Thread-215] INFO  impl.RaftServerImpl (RaftServerImpl.java:setRole(184)) - 5c3956af-60d3-411f-8c98-c7ed3576de5c@group-9043730FD47D: changes role from  FOLLOWER to CANDIDATE at term 0 for changeToCandidate
2019-10-16 21:52:49,730 [Thread-215] INFO  impl.RoleInfo (RoleInfo.java:updateAndGet(143)) - 5c3956af-60d3-411f-8c98-c7ed3576de5c: start LeaderElection
2019-10-16 21:52:49,745 [pool-47-thread-1] INFO  storage.RaftStorageDirectory (RaftStorageDirectory.java:tryLock(328)) - Lock on /workdir/hadoop-ozone/ozonefs/target/test-dir/MiniOzoneClusterImpl-d26aec2b-09c1-4f88-9204-0bb43e71ee01/datanode-2/data/ratis/7d4bc9ca-a2c5-497f-b13b-09b31d2a0473/in_use.lock acquired by nodename 10392@pr-hdds-1868-89kc4-1304904179
2019-10-16 21:52:49,760 [9d88716d-5d6b-4fd8-b832-a110dc45ee66@group-4744F5BEFEE7-SegmentedRaftLogWorker] INFO  segmented.SegmentedRaftLogWorker (SegmentedRaftLogWorker.java:execute(576)) - 9d88716d-5d6b-4fd8-b832-a110dc45ee66@group-4744F5BEFEE7-SegmentedRaftLogWorker: created new log segment /workdir/hadoop-ozone/ozonefs/target/test-dir/MiniOzoneClusterImpl-d26aec2b-09c1-4f88-9204-0bb43e71ee01/datanode-3/data/ratis/2c5cbe56-0bd6-4dbf-9ec5-4744f5befee7/current/log_inprogress_0
2019-10-16 21:52:49,760 [pool-47-thread-1] INFO  storage.RaftStorage (RaftStorage.java:format(84)) - Storage directory /workdir/hadoop-ozone/ozonefs/target/test-dir/MiniOzoneClusterImpl-d26aec2b-09c1-4f88-9204-0bb43e71ee01/datanode-2/data/ratis/7d4bc9ca-a2c5-497f-b13b-09b31d2a0473 has been successfully formatted.
2019-10-16 21:52:49,760 [5c3956af-60d3-411f-8c98-c7ed3576de5c@group-9043730FD47D-LeaderElection3] INFO  impl.LeaderElection (LeaderElection.java:askForVotes(178)) - 5c3956af-60d3-411f-8c98-c7ed3576de5c@group-9043730FD47D-LeaderElection3: begin an election at term 1 for -1: [5c3956af-60d3-411f-8c98-c7ed3576de5c:192.168.34.38:33787], old=null
2019-10-16 21:52:49,760 [efb933de-cdd8-4d8d-88d2-4c7ffe0dec1a@group-0F9C9D952736-SegmentedRaftLogWorker] INFO  segmented.SegmentedRaftLogWorker (SegmentedRaftLogWorker.java:execute(576)) - efb933de-cdd8-4d8d-88d2-4c7ffe0dec1a@group-0F9C9D952736-SegmentedRaftLogWorker: created new log segment /workdir/hadoop-ozone/ozonefs/target/test-dir/MiniOzoneClusterImpl-d26aec2b-09c1-4f88-9204-0bb43e71ee01/datanode-0/data/ratis/26b6b7b1-57d3-4423-b39e-0f9c9d952736/current/log_inprogress_0
2019-10-16 21:52:49,760 [pool-47-thread-1] INFO  ratis.ContainerStateMachine (ContainerStateMachine.java:loadSnapshot(233)) - group-09B31D2A0473: The snapshot info is null. Setting the last applied indexto:(t:0, i:~)
2019-10-16 21:52:49,760 [5c3956af-60d3-411f-8c98-c7ed3576de5c@group-9043730FD47D-LeaderElection3] INFO  impl.RoleInfo (RoleInfo.java:shutdownLeaderElection(134)) - 5c3956af-60d3-411f-8c98-c7ed3576de5c: shutdown LeaderElection
2019-10-16 21:52:49,761 [pool-47-thread-1] INFO  server.RaftServerConfigKeys (ConfUtils.java:logGet(43)) - raft.server.notification.no-leader.timeout = 120s (custom)
2019-10-16 21:52:49,761 [5c3956af-60d3-411f-8c98-c7ed3576de5c@group-9043730FD47D-LeaderElection3] INFO  impl.RaftServerImpl (RaftServerImpl.java:setRole(184)) - 5c3956af-60d3-411f-8c98-c7ed3576de5c@group-9043730FD47D: changes role from CANDIDATE to LEADER at term 1 for changeToLeader
2019-10-16 21:52:49,761 [pool-47-thread-1] INFO  server.RaftServerConfigKeys (ConfUtils.java:logGet(43)) - raft.server.log.use.memory = false (default)
2019-10-16 21:52:49,761 [5c3956af-60d3-411f-8c98-c7ed3576de5c@group-9043730FD47D-LeaderElection3] INFO  ratis.XceiverServerRatis (XceiverServerRatis.java:handleLeaderChangedNotification(700)) - Leader change notification received for group: group-9043730FD47D with new leaderId: 5c3956af-60d3-411f-8c98-c7ed3576de5c
2019-10-16 21:52:49,761 [pool-47-thread-1] INFO  server.RaftServerConfigKeys (ConfUtils.java:logGet(43)) - raft.server.log.purge.gap = 1000000 (custom)
2019-10-16 21:52:49,761 [5c3956af-60d3-411f-8c98-c7ed3576de5c@group-9043730FD47D-LeaderElection3] INFO  impl.RaftServerImpl (ServerState.java:setLeader(256)) - 5c3956af-60d3-411f-8c98-c7ed3576de5c@group-9043730FD47D: change Leader from null to 5c3956af-60d3-411f-8c98-c7ed3576de5c at term 1 for becomeLeader, leader elected after 293ms
2019-10-16 21:52:49,761 [pool-47-thread-1] INFO  server.RaftServerConfigKeys (ConfUtils.java:logGet(43)) - raft.server.log.appender.buffer.byte-limit = 33554432 (custom)
2019-10-16 21:52:49,762 [5c3956af-60d3-411f-8c98-c7ed3576de5c@group-9043730FD47D-LeaderElection3] INFO  server.RaftServerConfigKeys (ConfUtils.java:logGet(43)) - raft.server.staging.catchup.gap = 1000 (default)
2019-10-16 21:52:49,762 [pool-47-thread-1] INFO  server.RaftServerConfigKeys (ConfUtils.java:logGet(43)) - raft.server.log.segment.size.max = 1048576 (custom)
2019-10-16 21:52:49,762 [5c3956af-60d3-411f-8c98-c7ed3576de5c@group-9043730FD47D-LeaderElection3] INFO  server.RaftServerConfigKeys (ConfUtils.java:logGet(43)) - raft.server.rpc.sleep.time = 25ms (default)
2019-10-16 21:52:49,763 [5c3956af-60d3-411f-8c98-c7ed3576de5c@group-9043730FD47D-LeaderElection3] INFO  server.RaftServerConfigKeys (ConfUtils.java:logGet(43)) - raft.server.write.element-limit = 4096 (default)
2019-10-16 21:52:49,763 [5c3956af-60d3-411f-8c98-c7ed3576de5c@group-9043730FD47D-LeaderElection3] INFO  server.RaftServerConfigKeys (ConfUtils.java:logGet(43)) - raft.server.watch.timeout = 10s (default)
2019-10-16 21:52:49,764 [5c3956af-60d3-411f-8c98-c7ed3576de5c@group-9043730FD47D-LeaderElection3] INFO  server.RaftServerConfigKeys (ConfUtils.java:logGet(43)) - raft.server.watch.timeout.denomination = 1s (default)
2019-10-16 21:52:49,764 [5c3956af-60d3-411f-8c98-c7ed3576de5c@group-9043730FD47D-LeaderElection3] INFO  server.RaftServerConfigKeys (ConfUtils.java:logGet(43)) - raft.server.watch.element-limit = 65536 (default)
2019-10-16 21:52:49,767 [pool-47-thread-1] INFO  server.RaftServerConfigKeys (ConfUtils.java:logGet(43)) - raft.server.log.segment.cache.num.max = 2 (custom)
2019-10-16 21:52:49,767 [5c3956af-60d3-411f-8c98-c7ed3576de5c@group-9043730FD47D-LeaderElection3] INFO  impl.RoleInfo (RoleInfo.java:updateAndGet(143)) - 5c3956af-60d3-411f-8c98-c7ed3576de5c: start LeaderState
2019-10-16 21:52:49,767 [pool-47-thread-1] INFO  segmented.SegmentedRaftLogWorker (SegmentedRaftLogWorker.java:<init>(173)) - new 45fbe16b-e751-4a45-a959-58ac23dab104@group-09B31D2A0473-SegmentedRaftLogWorker for RaftStorage:Storage Directory /workdir/hadoop-ozone/ozonefs/target/test-dir/MiniOzoneClusterImpl-d26aec2b-09c1-4f88-9204-0bb43e71ee01/datanode-2/data/ratis/7d4bc9ca-a2c5-497f-b13b-09b31d2a0473
2019-10-16 21:52:49,768 [pool-47-thread-1] INFO  server.RaftServerConfigKeys (ConfUtils.java:logGet(43)) - raft.server.log.queue.byte-limit = 2147483647 (custom)
2019-10-16 21:52:49,768 [5c3956af-60d3-411f-8c98-c7ed3576de5c@group-9043730FD47D-LeaderElection3] INFO  segmented.SegmentedRaftLogWorker (SegmentedRaftLogWorker.java:startLogSegment(385)) - 5c3956af-60d3-411f-8c98-c7ed3576de5c@group-9043730FD47D-SegmentedRaftLogWorker: Starting segment from index:0
2019-10-16 21:52:49,768 [pool-47-thread-1] INFO  server.RaftServerConfigKeys (ConfUtils.java:logGet(43)) - raft.server.log.queue.element-limit = 1024 (custom)
2019-10-16 21:52:49,768 [pool-47-thread-1] INFO  server.RaftServerConfigKeys (ConfUtils.java:logGet(43)) - raft.server.log.segment.size.max = 1048576 (custom)
2019-10-16 21:52:49,768 [5c3956af-60d3-411f-8c98-c7ed3576de5c@group-9043730FD47D-LeaderElection3] INFO  impl.RaftServerImpl (ServerState.java:setRaftConf(357)) - 5c3956af-60d3-411f-8c98-c7ed3576de5c@group-9043730FD47D: set configuration 0: [5c3956af-60d3-411f-8c98-c7ed3576de5c:192.168.34.38:33787], old=null at 0
2019-10-16 21:52:49,768 [pool-47-thread-1] INFO  server.RaftServerConfigKeys (ConfUtils.java:logGet(43)) - raft.server.log.preallocated.size = 16384 (custom)
2019-10-16 21:52:49,794 [pool-47-thread-1] INFO  server.RaftServerConfigKeys (ConfUtils.java:logGet(43)) - raft.server.log.write.buffer.size = 33554432 (custom)
2019-10-16 21:52:49,794 [pool-47-thread-1] INFO  server.RaftServerConfigKeys (ConfUtils.java:logGet(43)) - raft.server.log.force.sync.num = 128 (default)
2019-10-16 21:52:49,794 [pool-47-thread-1] INFO  server.RaftServerConfigKeys (ConfUtils.java:logGet(43)) - raft.server.log.statemachine.data.sync = true (default)
2019-10-16 21:52:49,795 [pool-47-thread-1] INFO  server.RaftServerConfigKeys (ConfUtils.java:logGet(43)) - raft.server.log.statemachine.data.sync.timeout = 10s (default)
2019-10-16 21:52:49,795 [pool-47-thread-1] INFO  server.RaftServerConfigKeys (ConfUtils.java:logGet(43)) - raft.server.log.statemachine.data.sync.timeout.retry = -1 (default)
2019-10-16 21:52:49,796 [pool-47-thread-1] INFO  server.RaftServerConfigKeys (ConfUtils.java:logGet(43)) - raft.server.log.statemachine.data.caching.enabled = true (custom)
2019-10-16 21:52:49,796 [pool-47-thread-1] INFO  segmented.SegmentedRaftLogWorker (SegmentedRaftLogWorker.java:lambda$new$0(128)) - 45fbe16b-e751-4a45-a959-58ac23dab104@group-09B31D2A0473-SegmentedRaftLogWorker: flushIndex: setUnconditionally 0 -> -1
2019-10-16 21:52:49,797 [pool-47-thread-1] INFO  server.RaftServerConfigKeys (ConfUtils.java:logGet(43)) - raft.server.snapshot.auto.trigger.enabled = true (custom)
2019-10-16 21:52:49,797 [pool-47-thread-1] INFO  server.RaftServerConfigKeys (ConfUtils.java:logGet(43)) - raft.server.snapshot.auto.trigger.threshold = 10000 (custom)
2019-10-16 21:52:49,798 [pool-47-thread-1] INFO  server.RaftServerConfigKeys (ConfUtils.java:logGet(43)) - raft.server.snapshot.retention.file.num = 5 (custom)
2019-10-16 21:52:49,798 [pool-47-thread-1] INFO  server.RaftServerConfigKeys (ConfUtils.java:logGet(43)) - raft.server.retrycache.expirytime = 600000ms (custom)
2019-10-16 21:52:49,805 [pool-47-thread-1] INFO  impl.RaftServerImpl (RaftServerImpl.java:start(195)) - 45fbe16b-e751-4a45-a959-58ac23dab104@group-09B31D2A0473: start as a follower, conf=-1: [45fbe16b-e751-4a45-a959-58ac23dab104:192.168.34.38:37571], old=null
2019-10-16 21:52:49,805 [pool-47-thread-1] INFO  impl.RaftServerImpl (RaftServerImpl.java:setRole(184)) - 45fbe16b-e751-4a45-a959-58ac23dab104@group-09B31D2A0473: changes role from      null to FOLLOWER at term 0 for startAsFollower
2019-10-16 21:52:49,805 [pool-47-thread-1] INFO  impl.RoleInfo (RoleInfo.java:updateAndGet(143)) - 45fbe16b-e751-4a45-a959-58ac23dab104: start FollowerState
2019-10-16 21:52:49,805 [pool-47-thread-1] INFO  util.JmxRegister (JmxRegister.java:tryRegister(44)) - Successfully registered JMX Bean with object name Ratis:service=RaftServer,group=group-09B31D2A0473,id=45fbe16b-e751-4a45-a959-58ac23dab104
2019-10-16 21:52:49,806 [5c3956af-60d3-411f-8c98-c7ed3576de5c@group-9043730FD47D-SegmentedRaftLogWorker] INFO  segmented.SegmentedRaftLogWorker (SegmentedRaftLogWorker.java:execute(576)) - 5c3956af-60d3-411f-8c98-c7ed3576de5c@group-9043730FD47D-SegmentedRaftLogWorker: created new log segment /workdir/hadoop-ozone/ozonefs/target/test-dir/MiniOzoneClusterImpl-d26aec2b-09c1-4f88-9204-0bb43e71ee01/datanode-1/data/ratis/dffa0663-419c-4dba-ace4-9043730fd47d/current/log_inprogress_0
2019-10-16 21:52:49,809 [Thread-222] INFO  impl.FollowerState (FollowerState.java:run(108)) - c5571329-ed88-4dd5-851a-7ef9aaa2970f@group-E11993EF5BE0-FollowerState: change to CANDIDATE, lastRpcTime:123ms, electionTimeout:123ms
2019-10-16 21:52:49,810 [Thread-222] INFO  impl.RoleInfo (RoleInfo.java:shutdownFollowerState(121)) - c5571329-ed88-4dd5-851a-7ef9aaa2970f: shutdown FollowerState
2019-10-16 21:52:49,810 [Thread-222] INFO  impl.RaftServerImpl (RaftServerImpl.java:setRole(184)) - c5571329-ed88-4dd5-851a-7ef9aaa2970f@group-E11993EF5BE0: changes role from  FOLLOWER to CANDIDATE at term 0 for changeToCandidate
2019-10-16 21:52:49,810 [Thread-222] INFO  impl.RoleInfo (RoleInfo.java:updateAndGet(143)) - c5571329-ed88-4dd5-851a-7ef9aaa2970f: start LeaderElection
2019-10-16 21:52:49,823 [c5571329-ed88-4dd5-851a-7ef9aaa2970f@group-E11993EF5BE0-LeaderElection4] INFO  impl.LeaderElection (LeaderElection.java:askForVotes(178)) - c5571329-ed88-4dd5-851a-7ef9aaa2970f@group-E11993EF5BE0-LeaderElection4: begin an election at term 1 for -1: [c5571329-ed88-4dd5-851a-7ef9aaa2970f:192.168.34.38:41182], old=null
2019-10-16 21:52:49,823 [c5571329-ed88-4dd5-851a-7ef9aaa2970f@group-E11993EF5BE0-LeaderElection4] INFO  impl.RoleInfo (RoleInfo.java:shutdownLeaderElection(134)) - c5571329-ed88-4dd5-851a-7ef9aaa2970f: shutdown LeaderElection
2019-10-16 21:52:49,824 [c5571329-ed88-4dd5-851a-7ef9aaa2970f@group-E11993EF5BE0-LeaderElection4] INFO  impl.RaftServerImpl (RaftServerImpl.java:setRole(184)) - c5571329-ed88-4dd5-851a-7ef9aaa2970f@group-E11993EF5BE0: changes role from CANDIDATE to LEADER at term 1 for changeToLeader
2019-10-16 21:52:49,824 [c5571329-ed88-4dd5-851a-7ef9aaa2970f@group-E11993EF5BE0-LeaderElection4] INFO  ratis.XceiverServerRatis (XceiverServerRatis.java:handleLeaderChangedNotification(700)) - Leader change notification received for group: group-E11993EF5BE0 with new leaderId: c5571329-ed88-4dd5-851a-7ef9aaa2970f
2019-10-16 21:52:49,824 [c5571329-ed88-4dd5-851a-7ef9aaa2970f@group-E11993EF5BE0-LeaderElection4] INFO  impl.RaftServerImpl (ServerState.java:setLeader(256)) - c5571329-ed88-4dd5-851a-7ef9aaa2970f@group-E11993EF5BE0: change Leader from null to c5571329-ed88-4dd5-851a-7ef9aaa2970f at term 1 for becomeLeader, leader elected after 153ms
2019-10-16 21:52:49,824 [RatisPipelineUtilsThread] INFO  pipeline.PipelineStateManager (PipelineStateManager.java:addPipeline(57)) - Created pipeline Pipeline[ Id: 7d4bc9ca-a2c5-497f-b13b-09b31d2a0473, Nodes: 45fbe16b-e751-4a45-a959-58ac23dab104{ip: 192.168.34.38, host: pr-hdds-1868-89kc4-1304904179, networkLocation: /default-rack, certSerialId: null}, Type:RATIS, Factor:ONE, State:ALLOCATED]
2019-10-16 21:52:49,825 [c5571329-ed88-4dd5-851a-7ef9aaa2970f@group-E11993EF5BE0-LeaderElection4] INFO  server.RaftServerConfigKeys (ConfUtils.java:logGet(43)) - raft.server.staging.catchup.gap = 1000 (default)
2019-10-16 21:52:49,826 [c5571329-ed88-4dd5-851a-7ef9aaa2970f@group-E11993EF5BE0-LeaderElection4] INFO  server.RaftServerConfigKeys (ConfUtils.java:logGet(43)) - raft.server.rpc.sleep.time = 25ms (default)
2019-10-16 21:52:49,827 [c5571329-ed88-4dd5-851a-7ef9aaa2970f@group-E11993EF5BE0-LeaderElection4] INFO  server.RaftServerConfigKeys (ConfUtils.java:logGet(43)) - raft.server.write.element-limit = 4096 (default)
2019-10-16 21:52:49,827 [c5571329-ed88-4dd5-851a-7ef9aaa2970f@group-E11993EF5BE0-LeaderElection4] INFO  server.RaftServerConfigKeys (ConfUtils.java:logGet(43)) - raft.server.watch.timeout = 10s (default)
2019-10-16 21:52:49,828 [c5571329-ed88-4dd5-851a-7ef9aaa2970f@group-E11993EF5BE0-LeaderElection4] INFO  server.RaftServerConfigKeys (ConfUtils.java:logGet(43)) - raft.server.watch.timeout.denomination = 1s (default)
2019-10-16 21:52:49,828 [c5571329-ed88-4dd5-851a-7ef9aaa2970f@group-E11993EF5BE0-LeaderElection4] INFO  server.RaftServerConfigKeys (ConfUtils.java:logGet(43)) - raft.server.watch.element-limit = 65536 (default)
2019-10-16 21:52:49,836 [c5571329-ed88-4dd5-851a-7ef9aaa2970f@group-E11993EF5BE0-LeaderElection4] INFO  impl.RoleInfo (RoleInfo.java:updateAndGet(143)) - c5571329-ed88-4dd5-851a-7ef9aaa2970f: start LeaderState
2019-10-16 21:52:49,840 [c5571329-ed88-4dd5-851a-7ef9aaa2970f@group-E11993EF5BE0-LeaderElection4] INFO  segmented.SegmentedRaftLogWorker (SegmentedRaftLogWorker.java:startLogSegment(385)) - c5571329-ed88-4dd5-851a-7ef9aaa2970f@group-E11993EF5BE0-SegmentedRaftLogWorker: Starting segment from index:0
2019-10-16 21:52:49,844 [c5571329-ed88-4dd5-851a-7ef9aaa2970f@group-E11993EF5BE0-LeaderElection4] INFO  impl.RaftServerImpl (ServerState.java:setRaftConf(357)) - c5571329-ed88-4dd5-851a-7ef9aaa2970f@group-E11993EF5BE0: set configuration 0: [c5571329-ed88-4dd5-851a-7ef9aaa2970f:192.168.34.38:41182], old=null at 0
2019-10-16 21:52:49,879 [Thread-228] INFO  impl.FollowerState (FollowerState.java:run(108)) - 45fbe16b-e751-4a45-a959-58ac23dab104@group-09B31D2A0473-FollowerState: change to CANDIDATE, lastRpcTime:74ms, electionTimeout:74ms
2019-10-16 21:52:49,880 [Thread-228] INFO  impl.RoleInfo (RoleInfo.java:shutdownFollowerState(121)) - 45fbe16b-e751-4a45-a959-58ac23dab104: shutdown FollowerState
2019-10-16 21:52:49,880 [Thread-228] INFO  impl.RaftServerImpl (RaftServerImpl.java:setRole(184)) - 45fbe16b-e751-4a45-a959-58ac23dab104@group-09B31D2A0473: changes role from  FOLLOWER to CANDIDATE at term 0 for changeToCandidate
2019-10-16 21:52:49,880 [Thread-228] INFO  impl.RoleInfo (RoleInfo.java:updateAndGet(143)) - 45fbe16b-e751-4a45-a959-58ac23dab104: start LeaderElection
2019-10-16 21:52:49,882 [c5571329-ed88-4dd5-851a-7ef9aaa2970f@group-E11993EF5BE0-SegmentedRaftLogWorker] INFO  segmented.SegmentedRaftLogWorker (SegmentedRaftLogWorker.java:execute(576)) - c5571329-ed88-4dd5-851a-7ef9aaa2970f@group-E11993EF5BE0-SegmentedRaftLogWorker: created new log segment /workdir/hadoop-ozone/ozonefs/target/test-dir/MiniOzoneClusterImpl-d26aec2b-09c1-4f88-9204-0bb43e71ee01/datanode-4/data/ratis/417e8567-393c-4fab-83a7-e11993ef5be0/current/log_inprogress_0
2019-10-16 21:52:49,884 [grpc-default-executor-2] INFO  impl.RaftServerProxy (RaftServerProxy.java:addNew(89)) - 5c3956af-60d3-411f-8c98-c7ed3576de5c: addNew group-0AC947014A12:[5c3956af-60d3-411f-8c98-c7ed3576de5c:192.168.34.38:33787, efb933de-cdd8-4d8d-88d2-4c7ffe0dec1a:192.168.34.38:42459, 9d88716d-5d6b-4fd8-b832-a110dc45ee66:192.168.34.38:38211] returns group-0AC947014A12:java.util.concurrent.CompletableFuture@69b79b5a[Not completed]
2019-10-16 21:52:49,884 [grpc-default-executor-0] INFO  impl.RaftServerProxy (RaftServerProxy.java:addNew(89)) - efb933de-cdd8-4d8d-88d2-4c7ffe0dec1a: addNew group-0AC947014A12:[5c3956af-60d3-411f-8c98-c7ed3576de5c:192.168.34.38:33787, efb933de-cdd8-4d8d-88d2-4c7ffe0dec1a:192.168.34.38:42459, 9d88716d-5d6b-4fd8-b832-a110dc45ee66:192.168.34.38:38211] returns group-0AC947014A12:java.util.concurrent.CompletableFuture@660548d2[Not completed]
2019-10-16 21:52:49,884 [grpc-default-executor-1] INFO  impl.RaftServerProxy (RaftServerProxy.java:addNew(89)) - 9d88716d-5d6b-4fd8-b832-a110dc45ee66: addNew group-0AC947014A12:[5c3956af-60d3-411f-8c98-c7ed3576de5c:192.168.34.38:33787, efb933de-cdd8-4d8d-88d2-4c7ffe0dec1a:192.168.34.38:42459, 9d88716d-5d6b-4fd8-b832-a110dc45ee66:192.168.34.38:38211] returns group-0AC947014A12:java.util.concurrent.CompletableFuture@681a1680[Not completed]
2019-10-16 21:52:49,886 [pool-37-thread-1] INFO  impl.RaftServerImpl (RaftServerImpl.java:<init>(104)) - 5c3956af-60d3-411f-8c98-c7ed3576de5c: new RaftServerImpl for group-0AC947014A12:[5c3956af-60d3-411f-8c98-c7ed3576de5c:192.168.34.38:33787, efb933de-cdd8-4d8d-88d2-4c7ffe0dec1a:192.168.34.38:42459, 9d88716d-5d6b-4fd8-b832-a110dc45ee66:192.168.34.38:38211] with ContainerStateMachine:uninitialized
2019-10-16 21:52:49,886 [pool-37-thread-1] INFO  server.RaftServerConfigKeys (ConfUtils.java:logGet(43)) - raft.server.rpc.timeout.min = 5s (custom)
2019-10-16 21:52:49,886 [pool-37-thread-1] INFO  server.RaftServerConfigKeys (ConfUtils.java:logGet(43)) - raft.server.rpc.timeout.max = 5200ms (custom)
2019-10-16 21:52:49,886 [pool-37-thread-1] INFO  server.RaftServerConfigKeys (ConfUtils.java:logGet(43)) - raft.server.rpcslowness.timeout = 120s (custom)
2019-10-16 21:52:49,886 [pool-37-thread-1] INFO  server.RaftServerConfigKeys (ConfUtils.java:logGet(43)) - raft.server.sleep.deviation.threshold = 300 (default)
2019-10-16 21:52:49,886 [pool-37-thread-1] INFO  server.RaftServerConfigKeys (ConfUtils.java:logGet(43)) - raft.server.log.appender.install.snapshot.enabled = false (custom)
2019-10-16 21:52:49,887 [pool-37-thread-1] INFO  impl.RaftServerImpl (ServerState.java:<init>(103)) - 5c3956af-60d3-411f-8c98-c7ed3576de5c@group-0AC947014A12: ConfigurationManager, init=-1: [5c3956af-60d3-411f-8c98-c7ed3576de5c:192.168.34.38:33787, efb933de-cdd8-4d8d-88d2-4c7ffe0dec1a:192.168.34.38:42459, 9d88716d-5d6b-4fd8-b832-a110dc45ee66:192.168.34.38:38211], old=null, confs=<EMPTY_MAP>
2019-10-16 21:52:49,887 [pool-57-thread-1] INFO  impl.RaftServerImpl (RaftServerImpl.java:<init>(104)) - 9d88716d-5d6b-4fd8-b832-a110dc45ee66: new RaftServerImpl for group-0AC947014A12:[5c3956af-60d3-411f-8c98-c7ed3576de5c:192.168.34.38:33787, efb933de-cdd8-4d8d-88d2-4c7ffe0dec1a:192.168.34.38:42459, 9d88716d-5d6b-4fd8-b832-a110dc45ee66:192.168.34.38:38211] with ContainerStateMachine:uninitialized
2019-10-16 21:52:49,887 [pool-37-thread-1] INFO  server.RaftServerConfigKeys (ConfUtils.java:logGet(43)) - raft.server.storage.dir = [/workdir/hadoop-ozone/ozonefs/target/test-dir/MiniOzoneClusterImpl-d26aec2b-09c1-4f88-9204-0bb43e71ee01/datanode-1/data/ratis] (custom)
2019-10-16 21:52:49,887 [pool-57-thread-1] INFO  server.RaftServerConfigKeys (ConfUtils.java:logGet(43)) - raft.server.rpc.timeout.min = 5s (custom)
2019-10-16 21:52:49,887 [pool-57-thread-1] INFO  server.RaftServerConfigKeys (ConfUtils.java:logGet(43)) - raft.server.rpc.timeout.max = 5200ms (custom)
2019-10-16 21:52:49,887 [pool-37-thread-1] INFO  server.RaftServerConfigKeys (ConfUtils.java:logGet(43)) - raft.server.log.corruption.policy = EXCEPTION (default)
2019-10-16 21:52:49,887 [pool-57-thread-1] INFO  server.RaftServerConfigKeys (ConfUtils.java:logGet(43)) - raft.server.rpcslowness.timeout = 120s (custom)
2019-10-16 21:52:49,887 [pool-57-thread-1] INFO  server.RaftServerConfigKeys (ConfUtils.java:logGet(43)) - raft.server.sleep.deviation.threshold = 300 (default)
2019-10-16 21:52:49,887 [pool-37-thread-1] INFO  storage.RaftStorageDirectory (RaftStorageDirectory.java:analyzeStorage(246)) - The storage directory /workdir/hadoop-ozone/ozonefs/target/test-dir/MiniOzoneClusterImpl-d26aec2b-09c1-4f88-9204-0bb43e71ee01/datanode-1/data/ratis/8a643e23-5a80-49e2-b9d9-0ac947014a12 does not exist. Creating ...
2019-10-16 21:52:49,887 [pool-57-thread-1] INFO  server.RaftServerConfigKeys (ConfUtils.java:logGet(43)) - raft.server.log.appender.install.snapshot.enabled = false (custom)
2019-10-16 21:52:49,887 [pool-27-thread-1] INFO  impl.RaftServerImpl (RaftServerImpl.java:<init>(104)) - efb933de-cdd8-4d8d-88d2-4c7ffe0dec1a: new RaftServerImpl for group-0AC947014A12:[5c3956af-60d3-411f-8c98-c7ed3576de5c:192.168.34.38:33787, efb933de-cdd8-4d8d-88d2-4c7ffe0dec1a:192.168.34.38:42459, 9d88716d-5d6b-4fd8-b832-a110dc45ee66:192.168.34.38:38211] with ContainerStateMachine:uninitialized
2019-10-16 21:52:49,887 [pool-57-thread-1] INFO  impl.RaftServerImpl (ServerState.java:<init>(103)) - 9d88716d-5d6b-4fd8-b832-a110dc45ee66@group-0AC947014A12: ConfigurationManager, init=-1: [5c3956af-60d3-411f-8c98-c7ed3576de5c:192.168.34.38:33787, efb933de-cdd8-4d8d-88d2-4c7ffe0dec1a:192.168.34.38:42459, 9d88716d-5d6b-4fd8-b832-a110dc45ee66:192.168.34.38:38211], old=null, confs=<EMPTY_MAP>
2019-10-16 21:52:49,888 [pool-27-thread-1] INFO  server.RaftServerConfigKeys (ConfUtils.java:logGet(43)) - raft.server.rpc.timeout.min = 5s (custom)
2019-10-16 21:52:49,888 [pool-57-thread-1] INFO  server.RaftServerConfigKeys (ConfUtils.java:logGet(43)) - raft.server.storage.dir = [/workdir/hadoop-ozone/ozonefs/target/test-dir/MiniOzoneClusterImpl-d26aec2b-09c1-4f88-9204-0bb43e71ee01/datanode-3/data/ratis] (custom)
2019-10-16 21:52:49,888 [pool-27-thread-1] INFO  server.RaftServerConfigKeys (ConfUtils.java:logGet(43)) - raft.server.rpc.timeout.max = 5200ms (custom)
2019-10-16 21:52:49,888 [pool-27-thread-1] INFO  server.RaftServerConfigKeys (ConfUtils.java:logGet(43)) - raft.server.rpcslowness.timeout = 120s (custom)
2019-10-16 21:52:49,888 [pool-57-thread-1] INFO  server.RaftServerConfigKeys (ConfUtils.java:logGet(43)) - raft.server.log.corruption.policy = EXCEPTION (default)
2019-10-16 21:52:49,888 [pool-27-thread-1] INFO  server.RaftServerConfigKeys (ConfUtils.java:logGet(43)) - raft.server.sleep.deviation.threshold = 300 (default)
2019-10-16 21:52:49,888 [pool-57-thread-1] INFO  storage.RaftStorageDirectory (RaftStorageDirectory.java:analyzeStorage(246)) - The storage directory /workdir/hadoop-ozone/ozonefs/target/test-dir/MiniOzoneClusterImpl-d26aec2b-09c1-4f88-9204-0bb43e71ee01/datanode-3/data/ratis/8a643e23-5a80-49e2-b9d9-0ac947014a12 does not exist. Creating ...
2019-10-16 21:52:49,888 [pool-27-thread-1] INFO  server.RaftServerConfigKeys (ConfUtils.java:logGet(43)) - raft.server.log.appender.install.snapshot.enabled = false (custom)
2019-10-16 21:52:49,888 [pool-27-thread-1] INFO  impl.RaftServerImpl (ServerState.java:<init>(103)) - efb933de-cdd8-4d8d-88d2-4c7ffe0dec1a@group-0AC947014A12: ConfigurationManager, init=-1: [5c3956af-60d3-411f-8c98-c7ed3576de5c:192.168.34.38:33787, efb933de-cdd8-4d8d-88d2-4c7ffe0dec1a:192.168.34.38:42459, 9d88716d-5d6b-4fd8-b832-a110dc45ee66:192.168.34.38:38211], old=null, confs=<EMPTY_MAP>
2019-10-16 21:52:49,888 [pool-27-thread-1] INFO  server.RaftServerConfigKeys (ConfUtils.java:logGet(43)) - raft.server.storage.dir = [/workdir/hadoop-ozone/ozonefs/target/test-dir/MiniOzoneClusterImpl-d26aec2b-09c1-4f88-9204-0bb43e71ee01/datanode-0/data/ratis] (custom)
2019-10-16 21:52:49,889 [pool-27-thread-1] INFO  server.RaftServerConfigKeys (ConfUtils.java:logGet(43)) - raft.server.log.corruption.policy = EXCEPTION (default)
2019-10-16 21:52:49,889 [pool-27-thread-1] INFO  storage.RaftStorageDirectory (RaftStorageDirectory.java:analyzeStorage(246)) - The storage directory /workdir/hadoop-ozone/ozonefs/target/test-dir/MiniOzoneClusterImpl-d26aec2b-09c1-4f88-9204-0bb43e71ee01/datanode-0/data/ratis/8a643e23-5a80-49e2-b9d9-0ac947014a12 does not exist. Creating ...
2019-10-16 21:52:49,904 [pool-57-thread-1] INFO  storage.RaftStorageDirectory (RaftStorageDirectory.java:tryLock(328)) - Lock on /workdir/hadoop-ozone/ozonefs/target/test-dir/MiniOzoneClusterImpl-d26aec2b-09c1-4f88-9204-0bb43e71ee01/datanode-3/data/ratis/8a643e23-5a80-49e2-b9d9-0ac947014a12/in_use.lock acquired by nodename 10392@pr-hdds-1868-89kc4-1304904179
2019-10-16 21:52:49,904 [pool-37-thread-1] INFO  storage.RaftStorageDirectory (RaftStorageDirectory.java:tryLock(328)) - Lock on /workdir/hadoop-ozone/ozonefs/target/test-dir/MiniOzoneClusterImpl-d26aec2b-09c1-4f88-9204-0bb43e71ee01/datanode-1/data/ratis/8a643e23-5a80-49e2-b9d9-0ac947014a12/in_use.lock acquired by nodename 10392@pr-hdds-1868-89kc4-1304904179
2019-10-16 21:52:49,904 [pool-27-thread-1] INFO  storage.RaftStorageDirectory (RaftStorageDirectory.java:tryLock(328)) - Lock on /workdir/hadoop-ozone/ozonefs/target/test-dir/MiniOzoneClusterImpl-d26aec2b-09c1-4f88-9204-0bb43e71ee01/datanode-0/data/ratis/8a643e23-5a80-49e2-b9d9-0ac947014a12/in_use.lock acquired by nodename 10392@pr-hdds-1868-89kc4-1304904179
2019-10-16 21:52:49,904 [45fbe16b-e751-4a45-a959-58ac23dab104@group-09B31D2A0473-LeaderElection5] INFO  impl.LeaderElection (LeaderElection.java:askForVotes(178)) - 45fbe16b-e751-4a45-a959-58ac23dab104@group-09B31D2A0473-LeaderElection5: begin an election at term 1 for -1: [45fbe16b-e751-4a45-a959-58ac23dab104:192.168.34.38:37571], old=null
2019-10-16 21:52:49,904 [45fbe16b-e751-4a45-a959-58ac23dab104@group-09B31D2A0473-LeaderElection5] INFO  impl.RoleInfo (RoleInfo.java:shutdownLeaderElection(134)) - 45fbe16b-e751-4a45-a959-58ac23dab104: shutdown LeaderElection
2019-10-16 21:52:49,904 [45fbe16b-e751-4a45-a959-58ac23dab104@group-09B31D2A0473-LeaderElection5] INFO  impl.RaftServerImpl (RaftServerImpl.java:setRole(184)) - 45fbe16b-e751-4a45-a959-58ac23dab104@group-09B31D2A0473: changes role from CANDIDATE to LEADER at term 1 for changeToLeader
2019-10-16 21:52:49,904 [45fbe16b-e751-4a45-a959-58ac23dab104@group-09B31D2A0473-LeaderElection5] INFO  ratis.XceiverServerRatis (XceiverServerRatis.java:handleLeaderChangedNotification(700)) - Leader change notification received for group: group-09B31D2A0473 with new leaderId: 45fbe16b-e751-4a45-a959-58ac23dab104
2019-10-16 21:52:49,904 [45fbe16b-e751-4a45-a959-58ac23dab104@group-09B31D2A0473-LeaderElection5] INFO  impl.RaftServerImpl (ServerState.java:setLeader(256)) - 45fbe16b-e751-4a45-a959-58ac23dab104@group-09B31D2A0473: change Leader from null to 45fbe16b-e751-4a45-a959-58ac23dab104 at term 1 for becomeLeader, leader elected after 143ms
2019-10-16 21:52:49,906 [45fbe16b-e751-4a45-a959-58ac23dab104@group-09B31D2A0473-LeaderElection5] INFO  server.RaftServerConfigKeys (ConfUtils.java:logGet(43)) - raft.server.staging.catchup.gap = 1000 (default)
2019-10-16 21:52:49,906 [45fbe16b-e751-4a45-a959-58ac23dab104@group-09B31D2A0473-LeaderElection5] INFO  server.RaftServerConfigKeys (ConfUtils.java:logGet(43)) - raft.server.rpc.sleep.time = 25ms (default)
2019-10-16 21:52:49,907 [45fbe16b-e751-4a45-a959-58ac23dab104@group-09B31D2A0473-LeaderElection5] INFO  server.RaftServerConfigKeys (ConfUtils.java:logGet(43)) - raft.server.write.element-limit = 4096 (default)
2019-10-16 21:52:49,907 [45fbe16b-e751-4a45-a959-58ac23dab104@group-09B31D2A0473-LeaderElection5] INFO  server.RaftServerConfigKeys (ConfUtils.java:logGet(43)) - raft.server.watch.timeout = 10s (default)
2019-10-16 21:52:49,907 [45fbe16b-e751-4a45-a959-58ac23dab104@group-09B31D2A0473-LeaderElection5] INFO  server.RaftServerConfigKeys (ConfUtils.java:logGet(43)) - raft.server.watch.timeout.denomination = 1s (default)
2019-10-16 21:52:49,907 [45fbe16b-e751-4a45-a959-58ac23dab104@group-09B31D2A0473-LeaderElection5] INFO  server.RaftServerConfigKeys (ConfUtils.java:logGet(43)) - raft.server.watch.element-limit = 65536 (default)
2019-10-16 21:52:49,910 [45fbe16b-e751-4a45-a959-58ac23dab104@group-09B31D2A0473-LeaderElection5] INFO  impl.RoleInfo (RoleInfo.java:updateAndGet(143)) - 45fbe16b-e751-4a45-a959-58ac23dab104: start LeaderState
2019-10-16 21:52:49,910 [45fbe16b-e751-4a45-a959-58ac23dab104@group-09B31D2A0473-LeaderElection5] INFO  segmented.SegmentedRaftLogWorker (SegmentedRaftLogWorker.java:startLogSegment(385)) - 45fbe16b-e751-4a45-a959-58ac23dab104@group-09B31D2A0473-SegmentedRaftLogWorker: Starting segment from index:0
2019-10-16 21:52:49,911 [45fbe16b-e751-4a45-a959-58ac23dab104@group-09B31D2A0473-LeaderElection5] INFO  impl.RaftServerImpl (ServerState.java:setRaftConf(357)) - 45fbe16b-e751-4a45-a959-58ac23dab104@group-09B31D2A0473: set configuration 0: [45fbe16b-e751-4a45-a959-58ac23dab104:192.168.34.38:37571], old=null at 0
2019-10-16 21:52:49,918 [pool-57-thread-1] INFO  storage.RaftStorage (RaftStorage.java:format(84)) - Storage directory /workdir/hadoop-ozone/ozonefs/target/test-dir/MiniOzoneClusterImpl-d26aec2b-09c1-4f88-9204-0bb43e71ee01/datanode-3/data/ratis/8a643e23-5a80-49e2-b9d9-0ac947014a12 has been successfully formatted.
2019-10-16 21:52:49,918 [pool-27-thread-1] INFO  storage.RaftStorage (RaftStorage.java:format(84)) - Storage directory /workdir/hadoop-ozone/ozonefs/target/test-dir/MiniOzoneClusterImpl-d26aec2b-09c1-4f88-9204-0bb43e71ee01/datanode-0/data/ratis/8a643e23-5a80-49e2-b9d9-0ac947014a12 has been successfully formatted.
2019-10-16 21:52:49,918 [pool-37-thread-1] INFO  storage.RaftStorage (RaftStorage.java:format(84)) - Storage directory /workdir/hadoop-ozone/ozonefs/target/test-dir/MiniOzoneClusterImpl-d26aec2b-09c1-4f88-9204-0bb43e71ee01/datanode-1/data/ratis/8a643e23-5a80-49e2-b9d9-0ac947014a12 has been successfully formatted.
2019-10-16 21:52:49,918 [pool-57-thread-1] INFO  ratis.ContainerStateMachine (ContainerStateMachine.java:loadSnapshot(233)) - group-0AC947014A12: The snapshot info is null. Setting the last applied indexto:(t:0, i:~)
2019-10-16 21:52:49,918 [pool-27-thread-1] INFO  ratis.ContainerStateMachine (ContainerStateMachine.java:loadSnapshot(233)) - group-0AC947014A12: The snapshot info is null. Setting the last applied indexto:(t:0, i:~)
2019-10-16 21:52:49,918 [pool-37-thread-1] INFO  ratis.ContainerStateMachine (ContainerStateMachine.java:loadSnapshot(233)) - group-0AC947014A12: The snapshot info is null. Setting the last applied indexto:(t:0, i:~)
2019-10-16 21:52:49,919 [pool-27-thread-1] INFO  server.RaftServerConfigKeys (ConfUtils.java:logGet(43)) - raft.server.notification.no-leader.timeout = 120s (custom)
2019-10-16 21:52:49,919 [pool-57-thread-1] INFO  server.RaftServerConfigKeys (ConfUtils.java:logGet(43)) - raft.server.notification.no-leader.timeout = 120s (custom)
2019-10-16 21:52:49,919 [pool-27-thread-1] INFO  server.RaftServerConfigKeys (ConfUtils.java:logGet(43)) - raft.server.log.use.memory = false (default)
2019-10-16 21:52:49,919 [pool-37-thread-1] INFO  server.RaftServerConfigKeys (ConfUtils.java:logGet(43)) - raft.server.notification.no-leader.timeout = 120s (custom)
2019-10-16 21:52:49,919 [pool-27-thread-1] INFO  server.RaftServerConfigKeys (ConfUtils.java:logGet(43)) - raft.server.log.purge.gap = 1000000 (custom)
2019-10-16 21:52:49,919 [pool-57-thread-1] INFO  server.RaftServerConfigKeys (ConfUtils.java:logGet(43)) - raft.server.log.use.memory = false (default)
2019-10-16 21:52:49,919 [pool-27-thread-1] INFO  server.RaftServerConfigKeys (ConfUtils.java:logGet(43)) - raft.server.log.appender.buffer.byte-limit = 33554432 (custom)
2019-10-16 21:52:49,919 [pool-37-thread-1] INFO  server.RaftServerConfigKeys (ConfUtils.java:logGet(43)) - raft.server.log.use.memory = false (default)
2019-10-16 21:52:49,919 [pool-27-thread-1] INFO  server.RaftServerConfigKeys (ConfUtils.java:logGet(43)) - raft.server.log.segment.size.max = 1048576 (custom)
2019-10-16 21:52:49,919 [pool-57-thread-1] INFO  server.RaftServerConfigKeys (ConfUtils.java:logGet(43)) - raft.server.log.purge.gap = 1000000 (custom)
2019-10-16 21:52:49,919 [pool-37-thread-1] INFO  server.RaftServerConfigKeys (ConfUtils.java:logGet(43)) - raft.server.log.purge.gap = 1000000 (custom)
2019-10-16 21:52:49,920 [pool-57-thread-1] INFO  server.RaftServerConfigKeys (ConfUtils.java:logGet(43)) - raft.server.log.appender.buffer.byte-limit = 33554432 (custom)
2019-10-16 21:52:49,920 [pool-27-thread-1] INFO  server.RaftServerConfigKeys (ConfUtils.java:logGet(43)) - raft.server.log.segment.cache.num.max = 2 (custom)
2019-10-16 21:52:49,920 [pool-57-thread-1] INFO  server.RaftServerConfigKeys (ConfUtils.java:logGet(43)) - raft.server.log.segment.size.max = 1048576 (custom)
2019-10-16 21:52:49,920 [pool-37-thread-1] INFO  server.RaftServerConfigKeys (ConfUtils.java:logGet(43)) - raft.server.log.appender.buffer.byte-limit = 33554432 (custom)
2019-10-16 21:52:49,920 [pool-57-thread-1] INFO  server.RaftServerConfigKeys (ConfUtils.java:logGet(43)) - raft.server.log.segment.cache.num.max = 2 (custom)
2019-10-16 21:52:49,920 [pool-27-thread-1] INFO  segmented.SegmentedRaftLogWorker (SegmentedRaftLogWorker.java:<init>(173)) - new efb933de-cdd8-4d8d-88d2-4c7ffe0dec1a@group-0AC947014A12-SegmentedRaftLogWorker for RaftStorage:Storage Directory /workdir/hadoop-ozone/ozonefs/target/test-dir/MiniOzoneClusterImpl-d26aec2b-09c1-4f88-9204-0bb43e71ee01/datanode-0/data/ratis/8a643e23-5a80-49e2-b9d9-0ac947014a12
2019-10-16 21:52:49,920 [pool-57-thread-1] INFO  segmented.SegmentedRaftLogWorker (SegmentedRaftLogWorker.java:<init>(173)) - new 9d88716d-5d6b-4fd8-b832-a110dc45ee66@group-0AC947014A12-SegmentedRaftLogWorker for RaftStorage:Storage Directory /workdir/hadoop-ozone/ozonefs/target/test-dir/MiniOzoneClusterImpl-d26aec2b-09c1-4f88-9204-0bb43e71ee01/datanode-3/data/ratis/8a643e23-5a80-49e2-b9d9-0ac947014a12
2019-10-16 21:52:49,920 [pool-37-thread-1] INFO  server.RaftServerConfigKeys (ConfUtils.java:logGet(43)) - raft.server.log.segment.size.max = 1048576 (custom)
2019-10-16 21:52:49,920 [pool-57-thread-1] INFO  server.RaftServerConfigKeys (ConfUtils.java:logGet(43)) - raft.server.log.queue.byte-limit = 2147483647 (custom)
2019-10-16 21:52:49,920 [pool-27-thread-1] INFO  server.RaftServerConfigKeys (ConfUtils.java:logGet(43)) - raft.server.log.queue.byte-limit = 2147483647 (custom)
2019-10-16 21:52:49,920 [pool-57-thread-1] INFO  server.RaftServerConfigKeys (ConfUtils.java:logGet(43)) - raft.server.log.queue.element-limit = 1024 (custom)
2019-10-16 21:52:49,920 [pool-37-thread-1] INFO  server.RaftServerConfigKeys (ConfUtils.java:logGet(43)) - raft.server.log.segment.cache.num.max = 2 (custom)
2019-10-16 21:52:49,921 [pool-57-thread-1] INFO  server.RaftServerConfigKeys (ConfUtils.java:logGet(43)) - raft.server.log.segment.size.max = 1048576 (custom)
2019-10-16 21:52:49,921 [pool-27-thread-1] INFO  server.RaftServerConfigKeys (ConfUtils.java:logGet(43)) - raft.server.log.queue.element-limit = 1024 (custom)
2019-10-16 21:52:49,921 [pool-57-thread-1] INFO  server.RaftServerConfigKeys (ConfUtils.java:logGet(43)) - raft.server.log.preallocated.size = 16384 (custom)
2019-10-16 21:52:49,921 [pool-37-thread-1] INFO  segmented.SegmentedRaftLogWorker (SegmentedRaftLogWorker.java:<init>(173)) - new 5c3956af-60d3-411f-8c98-c7ed3576de5c@group-0AC947014A12-SegmentedRaftLogWorker for RaftStorage:Storage Directory /workdir/hadoop-ozone/ozonefs/target/test-dir/MiniOzoneClusterImpl-d26aec2b-09c1-4f88-9204-0bb43e71ee01/datanode-1/data/ratis/8a643e23-5a80-49e2-b9d9-0ac947014a12
2019-10-16 21:52:49,921 [pool-57-thread-1] INFO  server.RaftServerConfigKeys (ConfUtils.java:logGet(43)) - raft.server.log.write.buffer.size = 33554432 (custom)
2019-10-16 21:52:49,921 [pool-27-thread-1] INFO  server.RaftServerConfigKeys (ConfUtils.java:logGet(43)) - raft.server.log.segment.size.max = 1048576 (custom)
2019-10-16 21:52:49,921 [pool-57-thread-1] INFO  server.RaftServerConfigKeys (ConfUtils.java:logGet(43)) - raft.server.log.force.sync.num = 128 (default)
2019-10-16 21:52:49,921 [pool-37-thread-1] INFO  server.RaftServerConfigKeys (ConfUtils.java:logGet(43)) - raft.server.log.queue.byte-limit = 2147483647 (custom)
2019-10-16 21:52:49,921 [pool-57-thread-1] INFO  server.RaftServerConfigKeys (ConfUtils.java:logGet(43)) - raft.server.log.statemachine.data.sync = true (default)
2019-10-16 21:52:49,921 [pool-27-thread-1] INFO  server.RaftServerConfigKeys (ConfUtils.java:logGet(43)) - raft.server.log.preallocated.size = 16384 (custom)
2019-10-16 21:52:49,921 [pool-57-thread-1] INFO  server.RaftServerConfigKeys (ConfUtils.java:logGet(43)) - raft.server.log.statemachine.data.sync.timeout = 10s (default)
2019-10-16 21:52:49,921 [pool-37-thread-1] INFO  server.RaftServerConfigKeys (ConfUtils.java:logGet(43)) - raft.server.log.queue.element-limit = 1024 (custom)
2019-10-16 21:52:49,922 [pool-57-thread-1] INFO  server.RaftServerConfigKeys (ConfUtils.java:logGet(43)) - raft.server.log.statemachine.data.sync.timeout.retry = -1 (default)
2019-10-16 21:52:49,922 [pool-27-thread-1] INFO  server.RaftServerConfigKeys (ConfUtils.java:logGet(43)) - raft.server.log.write.buffer.size = 33554432 (custom)
2019-10-16 21:52:49,922 [pool-37-thread-1] INFO  server.RaftServerConfigKeys (ConfUtils.java:logGet(43)) - raft.server.log.segment.size.max = 1048576 (custom)
2019-10-16 21:52:49,922 [pool-57-thread-1] INFO  server.RaftServerConfigKeys (ConfUtils.java:logGet(43)) - raft.server.log.statemachine.data.caching.enabled = true (custom)
2019-10-16 21:52:49,922 [pool-27-thread-1] INFO  server.RaftServerConfigKeys (ConfUtils.java:logGet(43)) - raft.server.log.force.sync.num = 128 (default)
2019-10-16 21:52:49,922 [pool-37-thread-1] INFO  server.RaftServerConfigKeys (ConfUtils.java:logGet(43)) - raft.server.log.preallocated.size = 16384 (custom)
2019-10-16 21:52:49,922 [pool-57-thread-1] INFO  segmented.SegmentedRaftLogWorker (SegmentedRaftLogWorker.java:lambda$new$0(128)) - 9d88716d-5d6b-4fd8-b832-a110dc45ee66@group-0AC947014A12-SegmentedRaftLogWorker: flushIndex: setUnconditionally 0 -> -1
2019-10-16 21:52:49,922 [pool-27-thread-1] INFO  server.RaftServerConfigKeys (ConfUtils.java:logGet(43)) - raft.server.log.statemachine.data.sync = true (default)
2019-10-16 21:52:49,922 [pool-37-thread-1] INFO  server.RaftServerConfigKeys (ConfUtils.java:logGet(43)) - raft.server.log.write.buffer.size = 33554432 (custom)
2019-10-16 21:52:49,922 [pool-27-thread-1] INFO  server.RaftServerConfigKeys (ConfUtils.java:logGet(43)) - raft.server.log.statemachine.data.sync.timeout = 10s (default)
2019-10-16 21:52:49,922 [pool-57-thread-1] INFO  server.RaftServerConfigKeys (ConfUtils.java:logGet(43)) - raft.server.snapshot.auto.trigger.enabled = true (custom)
2019-10-16 21:52:49,923 [pool-27-thread-1] INFO  server.RaftServerConfigKeys (ConfUtils.java:logGet(43)) - raft.server.log.statemachine.data.sync.timeout.retry = -1 (default)
2019-10-16 21:52:49,923 [pool-37-thread-1] INFO  server.RaftServerConfigKeys (ConfUtils.java:logGet(43)) - raft.server.log.force.sync.num = 128 (default)
2019-10-16 21:52:49,923 [pool-57-thread-1] INFO  server.RaftServerConfigKeys (ConfUtils.java:logGet(43)) - raft.server.snapshot.auto.trigger.threshold = 10000 (custom)
2019-10-16 21:52:49,923 [pool-27-thread-1] INFO  server.RaftServerConfigKeys (ConfUtils.java:logGet(43)) - raft.server.log.statemachine.data.caching.enabled = true (custom)
2019-10-16 21:52:49,923 [pool-37-thread-1] INFO  server.RaftServerConfigKeys (ConfUtils.java:logGet(43)) - raft.server.log.statemachine.data.sync = true (default)
2019-10-16 21:52:49,923 [pool-57-thread-1] INFO  server.RaftServerConfigKeys (ConfUtils.java:logGet(43)) - raft.server.snapshot.retention.file.num = 5 (custom)
2019-10-16 21:52:49,923 [pool-27-thread-1] INFO  segmented.SegmentedRaftLogWorker (SegmentedRaftLogWorker.java:lambda$new$0(128)) - efb933de-cdd8-4d8d-88d2-4c7ffe0dec1a@group-0AC947014A12-SegmentedRaftLogWorker: flushIndex: setUnconditionally 0 -> -1
2019-10-16 21:52:49,923 [pool-37-thread-1] INFO  server.RaftServerConfigKeys (ConfUtils.java:logGet(43)) - raft.server.log.statemachine.data.sync.timeout = 10s (default)
2019-10-16 21:52:49,923 [pool-57-thread-1] INFO  server.RaftServerConfigKeys (ConfUtils.java:logGet(43)) - raft.server.retrycache.expirytime = 600000ms (custom)
2019-10-16 21:52:49,923 [pool-27-thread-1] INFO  server.RaftServerConfigKeys (ConfUtils.java:logGet(43)) - raft.server.snapshot.auto.trigger.enabled = true (custom)
2019-10-16 21:52:49,923 [pool-37-thread-1] INFO  server.RaftServerConfigKeys (ConfUtils.java:logGet(43)) - raft.server.log.statemachine.data.sync.timeout.retry = -1 (default)
2019-10-16 21:52:49,924 [pool-27-thread-1] INFO  server.RaftServerConfigKeys (ConfUtils.java:logGet(43)) - raft.server.snapshot.auto.trigger.threshold = 10000 (custom)
2019-10-16 21:52:49,924 [pool-27-thread-1] INFO  server.RaftServerConfigKeys (ConfUtils.java:logGet(43)) - raft.server.snapshot.retention.file.num = 5 (custom)
2019-10-16 21:52:49,924 [pool-37-thread-1] INFO  server.RaftServerConfigKeys (ConfUtils.java:logGet(43)) - raft.server.log.statemachine.data.caching.enabled = true (custom)
2019-10-16 21:52:49,924 [pool-27-thread-1] INFO  server.RaftServerConfigKeys (ConfUtils.java:logGet(43)) - raft.server.retrycache.expirytime = 600000ms (custom)
2019-10-16 21:52:49,924 [pool-37-thread-1] INFO  segmented.SegmentedRaftLogWorker (SegmentedRaftLogWorker.java:lambda$new$0(128)) - 5c3956af-60d3-411f-8c98-c7ed3576de5c@group-0AC947014A12-SegmentedRaftLogWorker: flushIndex: setUnconditionally 0 -> -1
2019-10-16 21:52:49,924 [pool-37-thread-1] INFO  server.RaftServerConfigKeys (ConfUtils.java:logGet(43)) - raft.server.snapshot.auto.trigger.enabled = true (custom)
2019-10-16 21:52:49,924 [pool-37-thread-1] INFO  server.RaftServerConfigKeys (ConfUtils.java:logGet(43)) - raft.server.snapshot.auto.trigger.threshold = 10000 (custom)
2019-10-16 21:52:49,925 [pool-37-thread-1] INFO  server.RaftServerConfigKeys (ConfUtils.java:logGet(43)) - raft.server.snapshot.retention.file.num = 5 (custom)
2019-10-16 21:52:49,925 [pool-37-thread-1] INFO  server.RaftServerConfigKeys (ConfUtils.java:logGet(43)) - raft.server.retrycache.expirytime = 600000ms (custom)
2019-10-16 21:52:50,008 [pool-57-thread-1] INFO  impl.RaftServerImpl (RaftServerImpl.java:start(195)) - 9d88716d-5d6b-4fd8-b832-a110dc45ee66@group-0AC947014A12: start as a follower, conf=-1: [5c3956af-60d3-411f-8c98-c7ed3576de5c:192.168.34.38:33787, efb933de-cdd8-4d8d-88d2-4c7ffe0dec1a:192.168.34.38:42459, 9d88716d-5d6b-4fd8-b832-a110dc45ee66:192.168.34.38:38211], old=null
2019-10-16 21:52:50,008 [pool-57-thread-1] INFO  impl.RaftServerImpl (RaftServerImpl.java:setRole(184)) - 9d88716d-5d6b-4fd8-b832-a110dc45ee66@group-0AC947014A12: changes role from      null to FOLLOWER at term 0 for startAsFollower
2019-10-16 21:52:50,009 [pool-57-thread-1] INFO  impl.RoleInfo (RoleInfo.java:updateAndGet(143)) - 9d88716d-5d6b-4fd8-b832-a110dc45ee66: start FollowerState
2019-10-16 21:52:50,009 [pool-57-thread-1] INFO  util.JmxRegister (JmxRegister.java:tryRegister(44)) - Successfully registered JMX Bean with object name Ratis:service=RaftServer,group=group-0AC947014A12,id=9d88716d-5d6b-4fd8-b832-a110dc45ee66
2019-10-16 21:52:50,009 [pool-27-thread-1] INFO  impl.RaftServerImpl (RaftServerImpl.java:start(195)) - efb933de-cdd8-4d8d-88d2-4c7ffe0dec1a@group-0AC947014A12: start as a follower, conf=-1: [5c3956af-60d3-411f-8c98-c7ed3576de5c:192.168.34.38:33787, efb933de-cdd8-4d8d-88d2-4c7ffe0dec1a:192.168.34.38:42459, 9d88716d-5d6b-4fd8-b832-a110dc45ee66:192.168.34.38:38211], old=null
2019-10-16 21:52:50,010 [pool-27-thread-1] INFO  impl.RaftServerImpl (RaftServerImpl.java:setRole(184)) - efb933de-cdd8-4d8d-88d2-4c7ffe0dec1a@group-0AC947014A12: changes role from      null to FOLLOWER at term 0 for startAsFollower
2019-10-16 21:52:50,010 [pool-27-thread-1] INFO  impl.RoleInfo (RoleInfo.java:updateAndGet(143)) - efb933de-cdd8-4d8d-88d2-4c7ffe0dec1a: start FollowerState
2019-10-16 21:52:50,010 [pool-27-thread-1] INFO  util.JmxRegister (JmxRegister.java:tryRegister(44)) - Successfully registered JMX Bean with object name Ratis:service=RaftServer,group=group-0AC947014A12,id=efb933de-cdd8-4d8d-88d2-4c7ffe0dec1a
2019-10-16 21:52:50,014 [pool-37-thread-1] INFO  impl.RaftServerImpl (RaftServerImpl.java:start(195)) - 5c3956af-60d3-411f-8c98-c7ed3576de5c@group-0AC947014A12: start as a follower, conf=-1: [5c3956af-60d3-411f-8c98-c7ed3576de5c:192.168.34.38:33787, efb933de-cdd8-4d8d-88d2-4c7ffe0dec1a:192.168.34.38:42459, 9d88716d-5d6b-4fd8-b832-a110dc45ee66:192.168.34.38:38211], old=null
2019-10-16 21:52:50,014 [pool-37-thread-1] INFO  impl.RaftServerImpl (RaftServerImpl.java:setRole(184)) - 5c3956af-60d3-411f-8c98-c7ed3576de5c@group-0AC947014A12: changes role from      null to FOLLOWER at term 0 for startAsFollower
2019-10-16 21:52:50,015 [pool-37-thread-1] INFO  impl.RoleInfo (RoleInfo.java:updateAndGet(143)) - 5c3956af-60d3-411f-8c98-c7ed3576de5c: start FollowerState
2019-10-16 21:52:50,015 [pool-37-thread-1] INFO  util.JmxRegister (JmxRegister.java:tryRegister(44)) - Successfully registered JMX Bean with object name Ratis:service=RaftServer,group=group-0AC947014A12,id=5c3956af-60d3-411f-8c98-c7ed3576de5c
2019-10-16 21:52:50,018 [45fbe16b-e751-4a45-a959-58ac23dab104@group-09B31D2A0473-SegmentedRaftLogWorker] INFO  segmented.SegmentedRaftLogWorker (SegmentedRaftLogWorker.java:execute(576)) - 45fbe16b-e751-4a45-a959-58ac23dab104@group-09B31D2A0473-SegmentedRaftLogWorker: created new log segment /workdir/hadoop-ozone/ozonefs/target/test-dir/MiniOzoneClusterImpl-d26aec2b-09c1-4f88-9204-0bb43e71ee01/datanode-2/data/ratis/7d4bc9ca-a2c5-497f-b13b-09b31d2a0473/current/log_inprogress_0
2019-10-16 21:52:50,058 [RatisPipelineUtilsThread] INFO  pipeline.PipelineStateManager (PipelineStateManager.java:addPipeline(57)) - Created pipeline Pipeline[ Id: 8a643e23-5a80-49e2-b9d9-0ac947014a12, Nodes: 5c3956af-60d3-411f-8c98-c7ed3576de5c{ip: 192.168.34.38, host: pr-hdds-1868-89kc4-1304904179, networkLocation: /default-rack, certSerialId: null}9d88716d-5d6b-4fd8-b832-a110dc45ee66{ip: 192.168.34.38, host: pr-hdds-1868-89kc4-1304904179, networkLocation: /default-rack, certSerialId: null}efb933de-cdd8-4d8d-88d2-4c7ffe0dec1a{ip: 192.168.34.38, host: pr-hdds-1868-89kc4-1304904179, networkLocation: /default-rack, certSerialId: null}, Type:RATIS, Factor:THREE, State:ALLOCATED]
2019-10-16 21:52:50,062 [EventQueue-PipelineReportForPipelineReportHandler] INFO  pipeline.PipelineReportHandler (PipelineReportHandler.java:processPipelineReport(119)) - Pipeline PipelineID=26b6b7b1-57d3-4423-b39e-0f9c9d952736 reported by efb933de-cdd8-4d8d-88d2-4c7ffe0dec1a{ip: 192.168.34.38, host: pr-hdds-1868-89kc4-1304904179, networkLocation: /default-rack, certSerialId: null} with leaderId efb933de-cdd8-4d8d-88d2-4c7ffe0dec1a
2019-10-16 21:52:50,068 [EventQueue-PipelineReportForPipelineReportHandler] INFO  pipeline.PipelineStateManager (PipelineStateManager.java:openPipeline(136)) - Pipeline Pipeline[ Id: 26b6b7b1-57d3-4423-b39e-0f9c9d952736, Nodes: efb933de-cdd8-4d8d-88d2-4c7ffe0dec1a{ip: 192.168.34.38, host: pr-hdds-1868-89kc4-1304904179, networkLocation: /default-rack, certSerialId: null}, Type:RATIS, Factor:ONE, State:OPEN] moved to OPEN state
2019-10-16 21:52:50,069 [EventQueue-PipelineReportForPipelineReportHandler] INFO  pipeline.PipelineReportHandler (PipelineReportHandler.java:processPipelineReport(119)) - Pipeline PipelineID=2c5cbe56-0bd6-4dbf-9ec5-4744f5befee7 reported by 9d88716d-5d6b-4fd8-b832-a110dc45ee66{ip: 192.168.34.38, host: pr-hdds-1868-89kc4-1304904179, networkLocation: /default-rack, certSerialId: null} with leaderId 9d88716d-5d6b-4fd8-b832-a110dc45ee66
2019-10-16 21:52:50,069 [EventQueue-PipelineReportForPipelineReportHandler] INFO  pipeline.PipelineStateManager (PipelineStateManager.java:openPipeline(136)) - Pipeline Pipeline[ Id: 2c5cbe56-0bd6-4dbf-9ec5-4744f5befee7, Nodes: 9d88716d-5d6b-4fd8-b832-a110dc45ee66{ip: 192.168.34.38, host: pr-hdds-1868-89kc4-1304904179, networkLocation: /default-rack, certSerialId: null}, Type:RATIS, Factor:ONE, State:OPEN] moved to OPEN state
2019-10-16 21:52:50,069 [EventQueue-PipelineReportForPipelineReportHandler] INFO  pipeline.PipelineReportHandler (PipelineReportHandler.java:processPipelineReport(119)) - Pipeline PipelineID=dffa0663-419c-4dba-ace4-9043730fd47d reported by 5c3956af-60d3-411f-8c98-c7ed3576de5c{ip: 192.168.34.38, host: pr-hdds-1868-89kc4-1304904179, networkLocation: /default-rack, certSerialId: null} with leaderId 5c3956af-60d3-411f-8c98-c7ed3576de5c
2019-10-16 21:52:50,069 [EventQueue-PipelineReportForPipelineReportHandler] INFO  pipeline.PipelineStateManager (PipelineStateManager.java:openPipeline(136)) - Pipeline Pipeline[ Id: dffa0663-419c-4dba-ace4-9043730fd47d, Nodes: 5c3956af-60d3-411f-8c98-c7ed3576de5c{ip: 192.168.34.38, host: pr-hdds-1868-89kc4-1304904179, networkLocation: /default-rack, certSerialId: null}, Type:RATIS, Factor:ONE, State:OPEN] moved to OPEN state
2019-10-16 21:52:50,070 [EventQueue-PipelineReportForPipelineReportHandler] INFO  pipeline.PipelineReportHandler (PipelineReportHandler.java:processPipelineReport(119)) - Pipeline PipelineID=417e8567-393c-4fab-83a7-e11993ef5be0 reported by c5571329-ed88-4dd5-851a-7ef9aaa2970f{ip: 192.168.34.38, host: pr-hdds-1868-89kc4-1304904179, networkLocation: /default-rack, certSerialId: null} with leaderId c5571329-ed88-4dd5-851a-7ef9aaa2970f
2019-10-16 21:52:50,070 [EventQueue-PipelineReportForPipelineReportHandler] INFO  pipeline.PipelineStateManager (PipelineStateManager.java:openPipeline(136)) - Pipeline Pipeline[ Id: 417e8567-393c-4fab-83a7-e11993ef5be0, Nodes: c5571329-ed88-4dd5-851a-7ef9aaa2970f{ip: 192.168.34.38, host: pr-hdds-1868-89kc4-1304904179, networkLocation: /default-rack, certSerialId: null}, Type:RATIS, Factor:ONE, State:OPEN] moved to OPEN state
2019-10-16 21:52:50,070 [EventQueue-PipelineReportForPipelineReportHandler] INFO  pipeline.PipelineReportHandler (PipelineReportHandler.java:processPipelineReport(119)) - Pipeline PipelineID=7d4bc9ca-a2c5-497f-b13b-09b31d2a0473 reported by 45fbe16b-e751-4a45-a959-58ac23dab104{ip: 192.168.34.38, host: pr-hdds-1868-89kc4-1304904179, networkLocation: /default-rack, certSerialId: null} with leaderId 45fbe16b-e751-4a45-a959-58ac23dab104
2019-10-16 21:52:50,070 [EventQueue-PipelineReportForPipelineReportHandler] INFO  pipeline.PipelineStateManager (PipelineStateManager.java:openPipeline(136)) - Pipeline Pipeline[ Id: 7d4bc9ca-a2c5-497f-b13b-09b31d2a0473, Nodes: 45fbe16b-e751-4a45-a959-58ac23dab104{ip: 192.168.34.38, host: pr-hdds-1868-89kc4-1304904179, networkLocation: /default-rack, certSerialId: null}, Type:RATIS, Factor:ONE, State:OPEN] moved to OPEN state
2019-10-16 21:52:50,097 [Thread-237] INFO  impl.FollowerState (FollowerState.java:run(108)) - 9d88716d-5d6b-4fd8-b832-a110dc45ee66@group-0AC947014A12-FollowerState: change to CANDIDATE, lastRpcTime:88ms, electionTimeout:88ms
2019-10-16 21:52:50,099 [Thread-237] INFO  impl.RoleInfo (RoleInfo.java:shutdownFollowerState(121)) - 9d88716d-5d6b-4fd8-b832-a110dc45ee66: shutdown FollowerState
2019-10-16 21:52:50,099 [Thread-237] INFO  impl.RaftServerImpl (RaftServerImpl.java:setRole(184)) - 9d88716d-5d6b-4fd8-b832-a110dc45ee66@group-0AC947014A12: changes role from  FOLLOWER to CANDIDATE at term 0 for changeToCandidate
2019-10-16 21:52:50,100 [Thread-237] INFO  impl.RoleInfo (RoleInfo.java:updateAndGet(143)) - 9d88716d-5d6b-4fd8-b832-a110dc45ee66: start LeaderElection
2019-10-16 21:52:50,115 [9d88716d-5d6b-4fd8-b832-a110dc45ee66@group-0AC947014A12-LeaderElection6] INFO  impl.LeaderElection (LeaderElection.java:askForVotes(178)) - 9d88716d-5d6b-4fd8-b832-a110dc45ee66@group-0AC947014A12-LeaderElection6: begin an election at term 1 for -1: [5c3956af-60d3-411f-8c98-c7ed3576de5c:192.168.34.38:33787, efb933de-cdd8-4d8d-88d2-4c7ffe0dec1a:192.168.34.38:42459, 9d88716d-5d6b-4fd8-b832-a110dc45ee66:192.168.34.38:38211], old=null
2019-10-16 21:52:50,143 [grpc-default-executor-0] INFO  impl.RaftServerImpl (RaftServerImpl.java:setRole(184)) - 5c3956af-60d3-411f-8c98-c7ed3576de5c@group-0AC947014A12: changes role from  FOLLOWER to FOLLOWER at term 1 for recognizeCandidate:9d88716d-5d6b-4fd8-b832-a110dc45ee66
2019-10-16 21:52:50,143 [grpc-default-executor-1] INFO  impl.RaftServerImpl (RaftServerImpl.java:setRole(184)) - efb933de-cdd8-4d8d-88d2-4c7ffe0dec1a@group-0AC947014A12: changes role from  FOLLOWER to FOLLOWER at term 1 for recognizeCandidate:9d88716d-5d6b-4fd8-b832-a110dc45ee66
2019-10-16 21:52:50,143 [grpc-default-executor-0] INFO  impl.RoleInfo (RoleInfo.java:shutdownFollowerState(121)) - 5c3956af-60d3-411f-8c98-c7ed3576de5c: shutdown FollowerState
2019-10-16 21:52:50,143 [grpc-default-executor-1] INFO  impl.RoleInfo (RoleInfo.java:shutdownFollowerState(121)) - efb933de-cdd8-4d8d-88d2-4c7ffe0dec1a: shutdown FollowerState
2019-10-16 21:52:50,143 [grpc-default-executor-0] INFO  impl.RoleInfo (RoleInfo.java:updateAndGet(143)) - 5c3956af-60d3-411f-8c98-c7ed3576de5c: start FollowerState
2019-10-16 21:52:50,144 [grpc-default-executor-1] INFO  impl.RoleInfo (RoleInfo.java:updateAndGet(143)) - efb933de-cdd8-4d8d-88d2-4c7ffe0dec1a: start FollowerState
2019-10-16 21:52:50,143 [Thread-239] INFO  impl.FollowerState (FollowerState.java:run(117)) - 5c3956af-60d3-411f-8c98-c7ed3576de5c@group-0AC947014A12-FollowerState was interrupted: java.lang.InterruptedException: sleep interrupted
2019-10-16 21:52:50,144 [Thread-238] INFO  impl.FollowerState (FollowerState.java:run(117)) - efb933de-cdd8-4d8d-88d2-4c7ffe0dec1a@group-0AC947014A12-FollowerState was interrupted: java.lang.InterruptedException: sleep interrupted
2019-10-16 21:52:50,169 [9d88716d-5d6b-4fd8-b832-a110dc45ee66@group-0AC947014A12-LeaderElection6] INFO  impl.LeaderElection (LeaderElection.java:logAndReturn(56)) - 9d88716d-5d6b-4fd8-b832-a110dc45ee66@group-0AC947014A12-LeaderElection6: Election PASSED; received 1 response(s) [9d88716d-5d6b-4fd8-b832-a110dc45ee66<-efb933de-cdd8-4d8d-88d2-4c7ffe0dec1a#0:OK-t1] and 0 exception(s); 9d88716d-5d6b-4fd8-b832-a110dc45ee66@group-0AC947014A12:t1, leader=null, voted=9d88716d-5d6b-4fd8-b832-a110dc45ee66, raftlog=9d88716d-5d6b-4fd8-b832-a110dc45ee66@group-0AC947014A12-SegmentedRaftLog:OPENED:c-1,f-1,i0, conf=-1: [5c3956af-60d3-411f-8c98-c7ed3576de5c:192.168.34.38:33787, efb933de-cdd8-4d8d-88d2-4c7ffe0dec1a:192.168.34.38:42459, 9d88716d-5d6b-4fd8-b832-a110dc45ee66:192.168.34.38:38211], old=null
2019-10-16 21:52:50,169 [9d88716d-5d6b-4fd8-b832-a110dc45ee66@group-0AC947014A12-LeaderElection6] INFO  impl.RoleInfo (RoleInfo.java:shutdownLeaderElection(134)) - 9d88716d-5d6b-4fd8-b832-a110dc45ee66: shutdown LeaderElection
2019-10-16 21:52:50,170 [9d88716d-5d6b-4fd8-b832-a110dc45ee66@group-0AC947014A12-LeaderElection6] INFO  impl.RaftServerImpl (RaftServerImpl.java:setRole(184)) - 9d88716d-5d6b-4fd8-b832-a110dc45ee66@group-0AC947014A12: changes role from CANDIDATE to LEADER at term 1 for changeToLeader
2019-10-16 21:52:50,170 [9d88716d-5d6b-4fd8-b832-a110dc45ee66@group-0AC947014A12-LeaderElection6] INFO  ratis.XceiverServerRatis (XceiverServerRatis.java:handleLeaderChangedNotification(700)) - Leader change notification received for group: group-0AC947014A12 with new leaderId: 9d88716d-5d6b-4fd8-b832-a110dc45ee66
2019-10-16 21:52:50,171 [9d88716d-5d6b-4fd8-b832-a110dc45ee66@group-0AC947014A12-LeaderElection6] INFO  impl.RaftServerImpl (ServerState.java:setLeader(256)) - 9d88716d-5d6b-4fd8-b832-a110dc45ee66@group-0AC947014A12: change Leader from null to 9d88716d-5d6b-4fd8-b832-a110dc45ee66 at term 1 for becomeLeader, leader elected after 251ms
2019-10-16 21:52:50,171 [9d88716d-5d6b-4fd8-b832-a110dc45ee66@group-0AC947014A12-LeaderElection6] INFO  server.RaftServerConfigKeys (ConfUtils.java:logGet(43)) - raft.server.staging.catchup.gap = 1000 (default)
2019-10-16 21:52:50,171 [9d88716d-5d6b-4fd8-b832-a110dc45ee66@group-0AC947014A12-LeaderElection6] INFO  server.RaftServerConfigKeys (ConfUtils.java:logGet(43)) - raft.server.rpc.sleep.time = 25ms (default)
2019-10-16 21:52:50,171 [9d88716d-5d6b-4fd8-b832-a110dc45ee66@group-0AC947014A12-LeaderElection6] INFO  server.RaftServerConfigKeys (ConfUtils.java:logGet(43)) - raft.server.write.element-limit = 4096 (default)
2019-10-16 21:52:50,171 [9d88716d-5d6b-4fd8-b832-a110dc45ee66@group-0AC947014A12-LeaderElection6] INFO  server.RaftServerConfigKeys (ConfUtils.java:logGet(43)) - raft.server.watch.timeout = 10s (default)
2019-10-16 21:52:50,173 [9d88716d-5d6b-4fd8-b832-a110dc45ee66@group-0AC947014A12-LeaderElection6] INFO  server.RaftServerConfigKeys (ConfUtils.java:logGet(43)) - raft.server.watch.timeout.denomination = 1s (default)
2019-10-16 21:52:50,173 [9d88716d-5d6b-4fd8-b832-a110dc45ee66@group-0AC947014A12-LeaderElection6] INFO  server.RaftServerConfigKeys (ConfUtils.java:logGet(43)) - raft.server.watch.element-limit = 65536 (default)
2019-10-16 21:52:50,173 [Thread-246] INFO  impl.FollowerState (FollowerState.java:run(108)) - 5c3956af-60d3-411f-8c98-c7ed3576de5c@group-0AC947014A12-FollowerState: change to CANDIDATE, lastRpcTime:29ms, electionTimeout:27ms
2019-10-16 21:52:50,174 [Thread-246] INFO  impl.RoleInfo (RoleInfo.java:shutdownFollowerState(121)) - 5c3956af-60d3-411f-8c98-c7ed3576de5c: shutdown FollowerState
2019-10-16 21:52:50,174 [Thread-246] INFO  impl.RaftServerImpl (RaftServerImpl.java:setRole(184)) - 5c3956af-60d3-411f-8c98-c7ed3576de5c@group-0AC947014A12: changes role from  FOLLOWER to CANDIDATE at term 1 for changeToCandidate
2019-10-16 21:52:50,175 [EventQueue-PipelineReportForPipelineReportHandler] INFO  pipeline.PipelineReportHandler (PipelineReportHandler.java:processPipelineReport(119)) - Pipeline PipelineID=8a643e23-5a80-49e2-b9d9-0ac947014a12 reported by 9d88716d-5d6b-4fd8-b832-a110dc45ee66{ip: 192.168.34.38, host: pr-hdds-1868-89kc4-1304904179, networkLocation: /default-rack, certSerialId: null} with leaderId 9d88716d-5d6b-4fd8-b832-a110dc45ee66
2019-10-16 21:52:50,175 [Thread-246] INFO  impl.RoleInfo (RoleInfo.java:updateAndGet(143)) - 5c3956af-60d3-411f-8c98-c7ed3576de5c: start LeaderElection
2019-10-16 21:52:50,181 [9d88716d-5d6b-4fd8-b832-a110dc45ee66@group-0AC947014A12-LeaderElection6] INFO  server.RaftServerConfigKeys (ConfUtils.java:logGet(43)) - raft.server.log.appender.snapshot.chunk.size.max = 16MB (=16777216) (default)
2019-10-16 21:52:50,181 [9d88716d-5d6b-4fd8-b832-a110dc45ee66@group-0AC947014A12-LeaderElection6] INFO  server.RaftServerConfigKeys (ConfUtils.java:logGet(43)) - raft.server.log.appender.buffer.byte-limit = 33554432 (custom)
2019-10-16 21:52:50,182 [9d88716d-5d6b-4fd8-b832-a110dc45ee66@group-0AC947014A12-LeaderElection6] INFO  server.RaftServerConfigKeys (ConfUtils.java:logGet(43)) - raft.server.log.appender.buffer.element-limit = 1 (custom)
2019-10-16 21:52:50,185 [9d88716d-5d6b-4fd8-b832-a110dc45ee66@group-0AC947014A12-LeaderElection6] INFO  grpc.GrpcConfigKeys$Server (ConfUtils.java:logGet(43)) - raft.grpc.server.leader.outstanding.appends.max = 128 (default)
2019-10-16 21:52:50,186 [9d88716d-5d6b-4fd8-b832-a110dc45ee66@group-0AC947014A12-LeaderElection6] INFO  server.RaftServerConfigKeys (ConfUtils.java:logGet(43)) - raft.server.rpc.request.timeout = 3000ms (default)
2019-10-16 21:52:50,186 [9d88716d-5d6b-4fd8-b832-a110dc45ee66@group-0AC947014A12-LeaderElection6] INFO  server.RaftServerConfigKeys (ConfUtils.java:logGet(43)) - raft.server.log.appender.install.snapshot.enabled = false (custom)
2019-10-16 21:52:50,186 [5c3956af-60d3-411f-8c98-c7ed3576de5c@group-0AC947014A12-LeaderElection7] INFO  impl.LeaderElection (LeaderElection.java:askForVotes(178)) - 5c3956af-60d3-411f-8c98-c7ed3576de5c@group-0AC947014A12-LeaderElection7: begin an election at term 2 for -1: [5c3956af-60d3-411f-8c98-c7ed3576de5c:192.168.34.38:33787, efb933de-cdd8-4d8d-88d2-4c7ffe0dec1a:192.168.34.38:42459, 9d88716d-5d6b-4fd8-b832-a110dc45ee66:192.168.34.38:38211], old=null
2019-10-16 21:52:50,194 [9d88716d-5d6b-4fd8-b832-a110dc45ee66@group-0AC947014A12-LeaderElection6] INFO  server.RaftServerConfigKeys (ConfUtils.java:logGet(43)) - raft.server.log.appender.snapshot.chunk.size.max = 16MB (=16777216) (default)
2019-10-16 21:52:50,195 [9d88716d-5d6b-4fd8-b832-a110dc45ee66@group-0AC947014A12-LeaderElection6] INFO  server.RaftServerConfigKeys (ConfUtils.java:logGet(43)) - raft.server.log.appender.buffer.byte-limit = 33554432 (custom)
2019-10-16 21:52:50,195 [9d88716d-5d6b-4fd8-b832-a110dc45ee66@group-0AC947014A12-LeaderElection6] INFO  server.RaftServerConfigKeys (ConfUtils.java:logGet(43)) - raft.server.log.appender.buffer.element-limit = 1 (custom)
2019-10-16 21:52:50,195 [9d88716d-5d6b-4fd8-b832-a110dc45ee66@group-0AC947014A12-LeaderElection6] INFO  grpc.GrpcConfigKeys$Server (ConfUtils.java:logGet(43)) - raft.grpc.server.leader.outstanding.appends.max = 128 (default)
2019-10-16 21:52:50,195 [9d88716d-5d6b-4fd8-b832-a110dc45ee66@group-0AC947014A12-LeaderElection6] INFO  server.RaftServerConfigKeys (ConfUtils.java:logGet(43)) - raft.server.rpc.request.timeout = 3000ms (default)
2019-10-16 21:52:50,195 [9d88716d-5d6b-4fd8-b832-a110dc45ee66@group-0AC947014A12-LeaderElection6] INFO  server.RaftServerConfigKeys (ConfUtils.java:logGet(43)) - raft.server.log.appender.install.snapshot.enabled = false (custom)
2019-10-16 21:52:50,197 [grpc-default-executor-1] INFO  impl.RaftServerImpl (RaftServerImpl.java:setRole(184)) - efb933de-cdd8-4d8d-88d2-4c7ffe0dec1a@group-0AC947014A12: changes role from  FOLLOWER to FOLLOWER at term 2 for recognizeCandidate:5c3956af-60d3-411f-8c98-c7ed3576de5c
2019-10-16 21:52:50,197 [grpc-default-executor-1] INFO  impl.RoleInfo (RoleInfo.java:shutdownFollowerState(121)) - efb933de-cdd8-4d8d-88d2-4c7ffe0dec1a: shutdown FollowerState
2019-10-16 21:52:50,197 [Thread-247] INFO  impl.FollowerState (FollowerState.java:run(117)) - efb933de-cdd8-4d8d-88d2-4c7ffe0dec1a@group-0AC947014A12-FollowerState was interrupted: java.lang.InterruptedException: sleep interrupted
2019-10-16 21:52:50,197 [grpc-default-executor-1] INFO  impl.RoleInfo (RoleInfo.java:updateAndGet(143)) - efb933de-cdd8-4d8d-88d2-4c7ffe0dec1a: start FollowerState
2019-10-16 21:52:50,202 [9d88716d-5d6b-4fd8-b832-a110dc45ee66@group-0AC947014A12-LeaderElection6] INFO  impl.RoleInfo (RoleInfo.java:updateAndGet(143)) - 9d88716d-5d6b-4fd8-b832-a110dc45ee66: start LeaderState
2019-10-16 21:52:50,202 [9d88716d-5d6b-4fd8-b832-a110dc45ee66@group-0AC947014A12-LeaderElection6] INFO  segmented.SegmentedRaftLogWorker (SegmentedRaftLogWorker.java:startLogSegment(385)) - 9d88716d-5d6b-4fd8-b832-a110dc45ee66@group-0AC947014A12-SegmentedRaftLogWorker: Starting segment from index:0
2019-10-16 21:52:50,203 [9d88716d-5d6b-4fd8-b832-a110dc45ee66@group-0AC947014A12-LeaderElection6] INFO  impl.RaftServerImpl (ServerState.java:setRaftConf(357)) - 9d88716d-5d6b-4fd8-b832-a110dc45ee66@group-0AC947014A12: set configuration 0: [5c3956af-60d3-411f-8c98-c7ed3576de5c:192.168.34.38:33787, efb933de-cdd8-4d8d-88d2-4c7ffe0dec1a:192.168.34.38:42459, 9d88716d-5d6b-4fd8-b832-a110dc45ee66:192.168.34.38:38211], old=null at 0
2019-10-16 21:52:50,204 [grpc-default-executor-0] INFO  impl.RaftServerImpl (ServerState.java:setLeader(256)) - 9d88716d-5d6b-4fd8-b832-a110dc45ee66@group-0AC947014A12: change Leader from 9d88716d-5d6b-4fd8-b832-a110dc45ee66 to null at term 2 for updateCurrentTerm
2019-10-16 21:52:50,237 [grpc-default-executor-0] INFO  impl.RaftServerImpl (RaftServerImpl.java:setRole(184)) - 9d88716d-5d6b-4fd8-b832-a110dc45ee66@group-0AC947014A12: changes role from    LEADER to FOLLOWER at term 2 for recognizeCandidate:5c3956af-60d3-411f-8c98-c7ed3576de5c
2019-10-16 21:52:50,237 [grpc-default-executor-0] INFO  impl.RoleInfo (RoleInfo.java:shutdownLeaderState(104)) - 9d88716d-5d6b-4fd8-b832-a110dc45ee66: shutdown LeaderState
2019-10-16 21:52:50,241 [grpc-default-executor-0] INFO  impl.PendingRequests (PendingRequests.java:sendNotLeaderResponses(202)) - 9d88716d-5d6b-4fd8-b832-a110dc45ee66@group-0AC947014A12-PendingRequests: sendNotLeaderResponses
2019-10-16 21:52:50,242 [5c3956af-60d3-411f-8c98-c7ed3576de5c@group-0AC947014A12-LeaderElection7] INFO  impl.LeaderElection (LeaderElection.java:logAndReturn(56)) - 5c3956af-60d3-411f-8c98-c7ed3576de5c@group-0AC947014A12-LeaderElection7: Election PASSED; received 1 response(s) [5c3956af-60d3-411f-8c98-c7ed3576de5c<-efb933de-cdd8-4d8d-88d2-4c7ffe0dec1a#0:OK-t2] and 0 exception(s); 5c3956af-60d3-411f-8c98-c7ed3576de5c@group-0AC947014A12:t2, leader=null, voted=5c3956af-60d3-411f-8c98-c7ed3576de5c, raftlog=5c3956af-60d3-411f-8c98-c7ed3576de5c@group-0AC947014A12-SegmentedRaftLog:OPENED:c-1,f-1,i0, conf=-1: [5c3956af-60d3-411f-8c98-c7ed3576de5c:192.168.34.38:33787, efb933de-cdd8-4d8d-88d2-4c7ffe0dec1a:192.168.34.38:42459, 9d88716d-5d6b-4fd8-b832-a110dc45ee66:192.168.34.38:38211], old=null
2019-10-16 21:52:50,242 [5c3956af-60d3-411f-8c98-c7ed3576de5c@group-0AC947014A12-LeaderElection7] INFO  impl.RoleInfo (RoleInfo.java:shutdownLeaderElection(134)) - 5c3956af-60d3-411f-8c98-c7ed3576de5c: shutdown LeaderElection
2019-10-16 21:52:50,243 [5c3956af-60d3-411f-8c98-c7ed3576de5c@group-0AC947014A12-LeaderElection7] INFO  impl.RaftServerImpl (RaftServerImpl.java:setRole(184)) - 5c3956af-60d3-411f-8c98-c7ed3576de5c@group-0AC947014A12: changes role from CANDIDATE to LEADER at term 2 for changeToLeader
2019-10-16 21:52:50,243 [5c3956af-60d3-411f-8c98-c7ed3576de5c@group-0AC947014A12-LeaderElection7] INFO  ratis.XceiverServerRatis (XceiverServerRatis.java:handleLeaderChangedNotification(700)) - Leader change notification received for group: group-0AC947014A12 with new leaderId: 5c3956af-60d3-411f-8c98-c7ed3576de5c
2019-10-16 21:52:50,243 [grpc-default-executor-0] INFO  impl.RoleInfo (RoleInfo.java:updateAndGet(143)) - 9d88716d-5d6b-4fd8-b832-a110dc45ee66: start FollowerState
2019-10-16 21:52:50,248 [Thread-254] INFO  impl.FollowerState (FollowerState.java:run(108)) - efb933de-cdd8-4d8d-88d2-4c7ffe0dec1a@group-0AC947014A12-FollowerState: change to CANDIDATE, lastRpcTime:50ms, electionTimeout:45ms
2019-10-16 21:52:50,248 [5c3956af-60d3-411f-8c98-c7ed3576de5c@group-0AC947014A12-LeaderElection7] INFO  impl.RaftServerImpl (ServerState.java:setLeader(256)) - 5c3956af-60d3-411f-8c98-c7ed3576de5c@group-0AC947014A12: change Leader from null to 5c3956af-60d3-411f-8c98-c7ed3576de5c at term 2 for becomeLeader, leader elected after 324ms
2019-10-16 21:52:50,248 [Thread-254] INFO  impl.RoleInfo (RoleInfo.java:shutdownFollowerState(121)) - efb933de-cdd8-4d8d-88d2-4c7ffe0dec1a: shutdown FollowerState
2019-10-16 21:52:50,248 [5c3956af-60d3-411f-8c98-c7ed3576de5c@group-0AC947014A12-LeaderElection7] INFO  server.RaftServerConfigKeys (ConfUtils.java:logGet(43)) - raft.server.staging.catchup.gap = 1000 (default)
2019-10-16 21:52:50,248 [Thread-254] INFO  impl.RaftServerImpl (RaftServerImpl.java:setRole(184)) - efb933de-cdd8-4d8d-88d2-4c7ffe0dec1a@group-0AC947014A12: changes role from  FOLLOWER to CANDIDATE at term 2 for changeToCandidate
2019-10-16 21:52:50,248 [5c3956af-60d3-411f-8c98-c7ed3576de5c@group-0AC947014A12-LeaderElection7] INFO  server.RaftServerConfigKeys (ConfUtils.java:logGet(43)) - raft.server.rpc.sleep.time = 25ms (default)
2019-10-16 21:52:50,248 [Thread-254] INFO  impl.RoleInfo (RoleInfo.java:updateAndGet(143)) - efb933de-cdd8-4d8d-88d2-4c7ffe0dec1a: start LeaderElection
2019-10-16 21:52:50,249 [9d88716d-5d6b-4fd8-b832-a110dc45ee66@group-0AC947014A12-SegmentedRaftLogWorker] INFO  segmented.SegmentedRaftLogWorker (SegmentedRaftLogWorker.java:execute(576)) - 9d88716d-5d6b-4fd8-b832-a110dc45ee66@group-0AC947014A12-SegmentedRaftLogWorker: created new log segment /workdir/hadoop-ozone/ozonefs/target/test-dir/MiniOzoneClusterImpl-d26aec2b-09c1-4f88-9204-0bb43e71ee01/datanode-3/data/ratis/8a643e23-5a80-49e2-b9d9-0ac947014a12/current/log_inprogress_0
2019-10-16 21:52:50,249 [5c3956af-60d3-411f-8c98-c7ed3576de5c@group-0AC947014A12-LeaderElection7] INFO  server.RaftServerConfigKeys (ConfUtils.java:logGet(43)) - raft.server.write.element-limit = 4096 (default)
2019-10-16 21:52:50,250 [5c3956af-60d3-411f-8c98-c7ed3576de5c@group-0AC947014A12-LeaderElection7] INFO  server.RaftServerConfigKeys (ConfUtils.java:logGet(43)) - raft.server.watch.timeout = 10s (default)
2019-10-16 21:52:50,250 [5c3956af-60d3-411f-8c98-c7ed3576de5c@group-0AC947014A12-LeaderElection7] INFO  server.RaftServerConfigKeys (ConfUtils.java:logGet(43)) - raft.server.watch.timeout.denomination = 1s (default)
2019-10-16 21:52:50,251 [5c3956af-60d3-411f-8c98-c7ed3576de5c@group-0AC947014A12-LeaderElection7] INFO  server.RaftServerConfigKeys (ConfUtils.java:logGet(43)) - raft.server.watch.element-limit = 65536 (default)
2019-10-16 21:52:50,251 [EventQueue-PipelineReportForPipelineReportHandler] INFO  pipeline.PipelineReportHandler (PipelineReportHandler.java:processPipelineReport(119)) - Pipeline PipelineID=8a643e23-5a80-49e2-b9d9-0ac947014a12 reported by 5c3956af-60d3-411f-8c98-c7ed3576de5c{ip: 192.168.34.38, host: pr-hdds-1868-89kc4-1304904179, networkLocation: /default-rack, certSerialId: null} with leaderId 5c3956af-60d3-411f-8c98-c7ed3576de5c
2019-10-16 21:52:50,253 [efb933de-cdd8-4d8d-88d2-4c7ffe0dec1a@group-0AC947014A12-LeaderElection8] INFO  impl.LeaderElection (LeaderElection.java:askForVotes(178)) - efb933de-cdd8-4d8d-88d2-4c7ffe0dec1a@group-0AC947014A12-LeaderElection8: begin an election at term 3 for -1: [5c3956af-60d3-411f-8c98-c7ed3576de5c:192.168.34.38:33787, efb933de-cdd8-4d8d-88d2-4c7ffe0dec1a:192.168.34.38:42459, 9d88716d-5d6b-4fd8-b832-a110dc45ee66:192.168.34.38:38211], old=null
2019-10-16 21:52:50,257 [5c3956af-60d3-411f-8c98-c7ed3576de5c@group-0AC947014A12-LeaderElection7] INFO  server.RaftServerConfigKeys (ConfUtils.java:logGet(43)) - raft.server.log.appender.snapshot.chunk.size.max = 16MB (=16777216) (default)
2019-10-16 21:52:50,257 [org.apache.ratis.server.impl.LogAppender$AppenderDaemon$$Lambda$419/1229293603@580cc687] WARN  server.GrpcLogAppender (GrpcLogAppender.java:mayWait(149)) - 9d88716d-5d6b-4fd8-b832-a110dc45ee66@group-0AC947014A12->efb933de-cdd8-4d8d-88d2-4c7ffe0dec1a-GrpcLogAppender: Wait interrupted by java.lang.InterruptedException
2019-10-16 21:52:50,257 [org.apache.ratis.server.impl.LogAppender$AppenderDaemon$$Lambda$419/1229293603@2afe48ed] WARN  server.GrpcLogAppender (GrpcLogAppender.java:mayWait(149)) - 9d88716d-5d6b-4fd8-b832-a110dc45ee66@group-0AC947014A12->5c3956af-60d3-411f-8c98-c7ed3576de5c-GrpcLogAppender: Wait interrupted by java.lang.InterruptedException
2019-10-16 21:52:50,257 [5c3956af-60d3-411f-8c98-c7ed3576de5c@group-0AC947014A12-LeaderElection7] INFO  server.RaftServerConfigKeys (ConfUtils.java:logGet(43)) - raft.server.log.appender.buffer.byte-limit = 33554432 (custom)
2019-10-16 21:52:50,260 [5c3956af-60d3-411f-8c98-c7ed3576de5c@group-0AC947014A12-LeaderElection7] INFO  server.RaftServerConfigKeys (ConfUtils.java:logGet(43)) - raft.server.log.appender.buffer.element-limit = 1 (custom)
2019-10-16 21:52:50,260 [5c3956af-60d3-411f-8c98-c7ed3576de5c@group-0AC947014A12-LeaderElection7] INFO  grpc.GrpcConfigKeys$Server (ConfUtils.java:logGet(43)) - raft.grpc.server.leader.outstanding.appends.max = 128 (default)
2019-10-16 21:52:50,262 [5c3956af-60d3-411f-8c98-c7ed3576de5c@group-0AC947014A12-LeaderElection7] INFO  server.RaftServerConfigKeys (ConfUtils.java:logGet(43)) - raft.server.rpc.request.timeout = 3000ms (default)
2019-10-16 21:52:50,262 [5c3956af-60d3-411f-8c98-c7ed3576de5c@group-0AC947014A12-LeaderElection7] INFO  server.RaftServerConfigKeys (ConfUtils.java:logGet(43)) - raft.server.log.appender.install.snapshot.enabled = false (custom)
2019-10-16 21:52:50,264 [grpc-default-executor-0] INFO  server.GrpcServerProtocolService (GrpcServerProtocolService.java:onCompleted(113)) - 5c3956af-60d3-411f-8c98-c7ed3576de5c: Completed APPEND_ENTRIES, lastRequest: null
2019-10-16 21:52:50,269 [grpc-default-executor-1] INFO  server.GrpcServerProtocolService (GrpcServerProtocolService.java:onCompleted(113)) - efb933de-cdd8-4d8d-88d2-4c7ffe0dec1a: Completed APPEND_ENTRIES, lastRequest: null
2019-10-16 21:52:50,271 [5c3956af-60d3-411f-8c98-c7ed3576de5c@group-0AC947014A12-LeaderElection7] INFO  server.RaftServerConfigKeys (ConfUtils.java:logGet(43)) - raft.server.log.appender.snapshot.chunk.size.max = 16MB (=16777216) (default)
2019-10-16 21:52:50,271 [5c3956af-60d3-411f-8c98-c7ed3576de5c@group-0AC947014A12-LeaderElection7] INFO  server.RaftServerConfigKeys (ConfUtils.java:logGet(43)) - raft.server.log.appender.buffer.byte-limit = 33554432 (custom)
2019-10-16 21:52:50,272 [5c3956af-60d3-411f-8c98-c7ed3576de5c@group-0AC947014A12-LeaderElection7] INFO  server.RaftServerConfigKeys (ConfUtils.java:logGet(43)) - raft.server.log.appender.buffer.element-limit = 1 (custom)
2019-10-16 21:52:50,272 [grpc-default-executor-1] INFO  server.GrpcLogAppender (GrpcLogAppender.java:onCompleted(308)) - 9d88716d-5d6b-4fd8-b832-a110dc45ee66@group-0AC947014A12->efb933de-cdd8-4d8d-88d2-4c7ffe0dec1a-AppendLogResponseHandler: follower responses appendEntries COMPLETED
2019-10-16 21:52:50,272 [grpc-default-executor-0] INFO  impl.RaftServerImpl (RaftServerImpl.java:setRole(184)) - 9d88716d-5d6b-4fd8-b832-a110dc45ee66@group-0AC947014A12: changes role from  FOLLOWER to FOLLOWER at term 3 for recognizeCandidate:efb933de-cdd8-4d8d-88d2-4c7ffe0dec1a
2019-10-16 21:52:50,273 [grpc-default-executor-0] INFO  impl.RoleInfo (RoleInfo.java:shutdownFollowerState(121)) - 9d88716d-5d6b-4fd8-b832-a110dc45ee66: shutdown FollowerState
2019-10-16 21:52:50,272 [grpc-default-executor-3] INFO  server.GrpcLogAppender (GrpcLogAppender.java:onCompleted(308)) - 9d88716d-5d6b-4fd8-b832-a110dc45ee66@group-0AC947014A12->5c3956af-60d3-411f-8c98-c7ed3576de5c-AppendLogResponseHandler: follower responses appendEntries COMPLETED
2019-10-16 21:52:50,274 [grpc-default-executor-0] INFO  impl.RoleInfo (RoleInfo.java:updateAndGet(143)) - 9d88716d-5d6b-4fd8-b832-a110dc45ee66: start FollowerState
2019-10-16 21:52:50,274 [Thread-255] INFO  impl.FollowerState (FollowerState.java:run(117)) - 9d88716d-5d6b-4fd8-b832-a110dc45ee66@group-0AC947014A12-FollowerState was interrupted: java.lang.InterruptedException: sleep interrupted
2019-10-16 21:52:50,272 [5c3956af-60d3-411f-8c98-c7ed3576de5c@group-0AC947014A12-LeaderElection7] INFO  grpc.GrpcConfigKeys$Server (ConfUtils.java:logGet(43)) - raft.grpc.server.leader.outstanding.appends.max = 128 (default)
2019-10-16 21:52:50,276 [5c3956af-60d3-411f-8c98-c7ed3576de5c@group-0AC947014A12-LeaderElection7] INFO  server.RaftServerConfigKeys (ConfUtils.java:logGet(43)) - raft.server.rpc.request.timeout = 3000ms (default)
2019-10-16 21:52:50,276 [5c3956af-60d3-411f-8c98-c7ed3576de5c@group-0AC947014A12-LeaderElection7] INFO  server.RaftServerConfigKeys (ConfUtils.java:logGet(43)) - raft.server.log.appender.install.snapshot.enabled = false (custom)
2019-10-16 21:52:50,276 [grpc-default-executor-1] INFO  impl.FollowerInfo (FollowerInfo.java:lambda$new$0(51)) - 9d88716d-5d6b-4fd8-b832-a110dc45ee66@group-0AC947014A12->efb933de-cdd8-4d8d-88d2-4c7ffe0dec1a: nextIndex: updateUnconditionally 0 -> 0
2019-10-16 21:52:50,276 [grpc-default-executor-3] INFO  impl.FollowerInfo (FollowerInfo.java:lambda$new$0(51)) - 9d88716d-5d6b-4fd8-b832-a110dc45ee66@group-0AC947014A12->5c3956af-60d3-411f-8c98-c7ed3576de5c: nextIndex: updateUnconditionally 0 -> 0
2019-10-16 21:52:50,279 [5c3956af-60d3-411f-8c98-c7ed3576de5c@group-0AC947014A12-LeaderElection7] INFO  impl.RoleInfo (RoleInfo.java:updateAndGet(143)) - 5c3956af-60d3-411f-8c98-c7ed3576de5c: start LeaderState
2019-10-16 21:52:50,280 [5c3956af-60d3-411f-8c98-c7ed3576de5c@group-0AC947014A12-LeaderElection7] INFO  segmented.SegmentedRaftLogWorker (SegmentedRaftLogWorker.java:startLogSegment(385)) - 5c3956af-60d3-411f-8c98-c7ed3576de5c@group-0AC947014A12-SegmentedRaftLogWorker: Starting segment from index:0
2019-10-16 21:52:50,281 [5c3956af-60d3-411f-8c98-c7ed3576de5c@group-0AC947014A12-LeaderElection7] INFO  impl.RaftServerImpl (ServerState.java:setRaftConf(357)) - 5c3956af-60d3-411f-8c98-c7ed3576de5c@group-0AC947014A12: set configuration 0: [5c3956af-60d3-411f-8c98-c7ed3576de5c:192.168.34.38:33787, efb933de-cdd8-4d8d-88d2-4c7ffe0dec1a:192.168.34.38:42459, 9d88716d-5d6b-4fd8-b832-a110dc45ee66:192.168.34.38:38211], old=null at 0
2019-10-16 21:52:50,305 [grpc-default-executor-2] INFO  impl.RaftServerImpl (ServerState.java:setLeader(256)) - 5c3956af-60d3-411f-8c98-c7ed3576de5c@group-0AC947014A12: change Leader from 5c3956af-60d3-411f-8c98-c7ed3576de5c to null at term 3 for updateCurrentTerm
2019-10-16 21:52:50,305 [grpc-default-executor-2] INFO  impl.RaftServerImpl (RaftServerImpl.java:setRole(184)) - 5c3956af-60d3-411f-8c98-c7ed3576de5c@group-0AC947014A12: changes role from    LEADER to FOLLOWER at term 3 for recognizeCandidate:efb933de-cdd8-4d8d-88d2-4c7ffe0dec1a
2019-10-16 21:52:50,305 [grpc-default-executor-2] INFO  impl.RoleInfo (RoleInfo.java:shutdownLeaderState(104)) - 5c3956af-60d3-411f-8c98-c7ed3576de5c: shutdown LeaderState
2019-10-16 21:52:50,307 [org.apache.ratis.server.impl.LogAppender$AppenderDaemon$$Lambda$419/1229293603@221a82d6] WARN  server.GrpcLogAppender (GrpcLogAppender.java:mayWait(149)) - 5c3956af-60d3-411f-8c98-c7ed3576de5c@group-0AC947014A12->9d88716d-5d6b-4fd8-b832-a110dc45ee66-GrpcLogAppender: Wait interrupted by java.lang.InterruptedException
2019-10-16 21:52:50,307 [org.apache.ratis.server.impl.LogAppender$AppenderDaemon$$Lambda$419/1229293603@13c3b5b3] WARN  server.GrpcLogAppender (GrpcLogAppender.java:mayWait(149)) - 5c3956af-60d3-411f-8c98-c7ed3576de5c@group-0AC947014A12->efb933de-cdd8-4d8d-88d2-4c7ffe0dec1a-GrpcLogAppender: Wait interrupted by java.lang.InterruptedException
2019-10-16 21:52:50,307 [grpc-default-executor-2] INFO  impl.PendingRequests (PendingRequests.java:sendNotLeaderResponses(202)) - 5c3956af-60d3-411f-8c98-c7ed3576de5c@group-0AC947014A12-PendingRequests: sendNotLeaderResponses
2019-10-16 21:52:50,311 [grpc-default-executor-2] INFO  impl.RoleInfo (RoleInfo.java:updateAndGet(143)) - 5c3956af-60d3-411f-8c98-c7ed3576de5c: start FollowerState
2019-10-16 21:52:50,312 [grpc-default-executor-0] INFO  server.GrpcServerProtocolService (GrpcServerProtocolService.java:onCompleted(113)) - 9d88716d-5d6b-4fd8-b832-a110dc45ee66: Completed APPEND_ENTRIES, lastRequest: null
2019-10-16 21:52:50,314 [grpc-default-executor-3] INFO  server.GrpcServerProtocolService (GrpcServerProtocolService.java:onCompleted(113)) - efb933de-cdd8-4d8d-88d2-4c7ffe0dec1a: Completed APPEND_ENTRIES, lastRequest: null
2019-10-16 21:52:50,315 [grpc-default-executor-3] INFO  server.GrpcLogAppender (GrpcLogAppender.java:onCompleted(308)) - 5c3956af-60d3-411f-8c98-c7ed3576de5c@group-0AC947014A12->9d88716d-5d6b-4fd8-b832-a110dc45ee66-AppendLogResponseHandler: follower responses appendEntries COMPLETED
2019-10-16 21:52:50,317 [5c3956af-60d3-411f-8c98-c7ed3576de5c@group-0AC947014A12-SegmentedRaftLogWorker] INFO  segmented.SegmentedRaftLogWorker (SegmentedRaftLogWorker.java:execute(576)) - 5c3956af-60d3-411f-8c98-c7ed3576de5c@group-0AC947014A12-SegmentedRaftLogWorker: created new log segment /workdir/hadoop-ozone/ozonefs/target/test-dir/MiniOzoneClusterImpl-d26aec2b-09c1-4f88-9204-0bb43e71ee01/datanode-1/data/ratis/8a643e23-5a80-49e2-b9d9-0ac947014a12/current/log_inprogress_0
2019-10-16 21:52:50,317 [grpc-default-executor-0] INFO  server.GrpcLogAppender (GrpcLogAppender.java:onCompleted(308)) - 5c3956af-60d3-411f-8c98-c7ed3576de5c@group-0AC947014A12->efb933de-cdd8-4d8d-88d2-4c7ffe0dec1a-AppendLogResponseHandler: follower responses appendEntries COMPLETED
2019-10-16 21:52:50,320 [grpc-default-executor-3] INFO  impl.FollowerInfo (FollowerInfo.java:lambda$new$0(51)) - 5c3956af-60d3-411f-8c98-c7ed3576de5c@group-0AC947014A12->9d88716d-5d6b-4fd8-b832-a110dc45ee66: nextIndex: updateUnconditionally 0 -> 0
2019-10-16 21:52:50,321 [grpc-default-executor-0] INFO  impl.FollowerInfo (FollowerInfo.java:lambda$new$0(51)) - 5c3956af-60d3-411f-8c98-c7ed3576de5c@group-0AC947014A12->efb933de-cdd8-4d8d-88d2-4c7ffe0dec1a: nextIndex: updateUnconditionally 0 -> 0
2019-10-16 21:52:50,324 [efb933de-cdd8-4d8d-88d2-4c7ffe0dec1a@group-0AC947014A12-LeaderElection8] INFO  impl.LeaderElection (LeaderElection.java:logAndReturn(56)) - efb933de-cdd8-4d8d-88d2-4c7ffe0dec1a@group-0AC947014A12-LeaderElection8: Election REJECTED; received 2 response(s) [efb933de-cdd8-4d8d-88d2-4c7ffe0dec1a<-5c3956af-60d3-411f-8c98-c7ed3576de5c#0:FAIL-t3, efb933de-cdd8-4d8d-88d2-4c7ffe0dec1a<-9d88716d-5d6b-4fd8-b832-a110dc45ee66#0:FAIL-t3] and 0 exception(s); efb933de-cdd8-4d8d-88d2-4c7ffe0dec1a@group-0AC947014A12:t3, leader=null, voted=efb933de-cdd8-4d8d-88d2-4c7ffe0dec1a, raftlog=efb933de-cdd8-4d8d-88d2-4c7ffe0dec1a@group-0AC947014A12-SegmentedRaftLog:OPENED:c-1,f-1,i0, conf=-1: [5c3956af-60d3-411f-8c98-c7ed3576de5c:192.168.34.38:33787, efb933de-cdd8-4d8d-88d2-4c7ffe0dec1a:192.168.34.38:42459, 9d88716d-5d6b-4fd8-b832-a110dc45ee66:192.168.34.38:38211], old=null
2019-10-16 21:52:50,324 [efb933de-cdd8-4d8d-88d2-4c7ffe0dec1a@group-0AC947014A12-LeaderElection8] INFO  impl.RaftServerImpl (RaftServerImpl.java:setRole(184)) - efb933de-cdd8-4d8d-88d2-4c7ffe0dec1a@group-0AC947014A12: changes role from CANDIDATE to FOLLOWER at term 3 for DISCOVERED_A_NEW_TERM
2019-10-16 21:52:50,326 [efb933de-cdd8-4d8d-88d2-4c7ffe0dec1a@group-0AC947014A12-LeaderElection8] INFO  impl.RoleInfo (RoleInfo.java:shutdownLeaderElection(134)) - efb933de-cdd8-4d8d-88d2-4c7ffe0dec1a: shutdown LeaderElection
2019-10-16 21:52:50,326 [efb933de-cdd8-4d8d-88d2-4c7ffe0dec1a@group-0AC947014A12-LeaderElection8] INFO  impl.RoleInfo (RoleInfo.java:updateAndGet(143)) - efb933de-cdd8-4d8d-88d2-4c7ffe0dec1a: start FollowerState
2019-10-16 21:52:50,385 [JUnit] INFO  ozone.MiniOzoneClusterImpl (MiniOzoneClusterImpl.java:lambda$waitForClusterToBeReady$2(164)) - Waiting for 1 number of pipelines out of 6, to report a leader.
2019-10-16 21:52:50,439 [Thread-264] INFO  impl.FollowerState (FollowerState.java:run(108)) - efb933de-cdd8-4d8d-88d2-4c7ffe0dec1a@group-0AC947014A12-FollowerState: change to CANDIDATE, lastRpcTime:113ms, electionTimeout:112ms
2019-10-16 21:52:50,439 [Thread-264] INFO  impl.RoleInfo (RoleInfo.java:shutdownFollowerState(121)) - efb933de-cdd8-4d8d-88d2-4c7ffe0dec1a: shutdown FollowerState
2019-10-16 21:52:50,439 [Thread-264] INFO  impl.RaftServerImpl (RaftServerImpl.java:setRole(184)) - efb933de-cdd8-4d8d-88d2-4c7ffe0dec1a@group-0AC947014A12: changes role from  FOLLOWER to CANDIDATE at term 3 for changeToCandidate
2019-10-16 21:52:50,439 [Thread-264] INFO  impl.RoleInfo (RoleInfo.java:updateAndGet(143)) - efb933de-cdd8-4d8d-88d2-4c7ffe0dec1a: start LeaderElection
2019-10-16 21:52:50,454 [efb933de-cdd8-4d8d-88d2-4c7ffe0dec1a@group-0AC947014A12-LeaderElection9] INFO  impl.LeaderElection (LeaderElection.java:askForVotes(178)) - efb933de-cdd8-4d8d-88d2-4c7ffe0dec1a@group-0AC947014A12-LeaderElection9: begin an election at term 4 for -1: [5c3956af-60d3-411f-8c98-c7ed3576de5c:192.168.34.38:33787, efb933de-cdd8-4d8d-88d2-4c7ffe0dec1a:192.168.34.38:42459, 9d88716d-5d6b-4fd8-b832-a110dc45ee66:192.168.34.38:38211], old=null
2019-10-16 21:52:50,460 [grpc-default-executor-0] INFO  impl.RaftServerImpl (RaftServerImpl.java:setRole(184)) - 9d88716d-5d6b-4fd8-b832-a110dc45ee66@group-0AC947014A12: changes role from  FOLLOWER to FOLLOWER at term 4 for recognizeCandidate:efb933de-cdd8-4d8d-88d2-4c7ffe0dec1a
2019-10-16 21:52:50,460 [grpc-default-executor-0] INFO  impl.RoleInfo (RoleInfo.java:shutdownFollowerState(121)) - 9d88716d-5d6b-4fd8-b832-a110dc45ee66: shutdown FollowerState
2019-10-16 21:52:50,460 [grpc-default-executor-3] INFO  impl.RaftServerImpl (RaftServerImpl.java:setRole(184)) - 5c3956af-60d3-411f-8c98-c7ed3576de5c@group-0AC947014A12: changes role from  FOLLOWER to FOLLOWER at term 4 for recognizeCandidate:efb933de-cdd8-4d8d-88d2-4c7ffe0dec1a
2019-10-16 21:52:50,460 [grpc-default-executor-0] INFO  impl.RoleInfo (RoleInfo.java:updateAndGet(143)) - 9d88716d-5d6b-4fd8-b832-a110dc45ee66: start FollowerState
2019-10-16 21:52:50,460 [Thread-262] INFO  impl.FollowerState (FollowerState.java:run(117)) - 9d88716d-5d6b-4fd8-b832-a110dc45ee66@group-0AC947014A12-FollowerState was interrupted: java.lang.InterruptedException: sleep interrupted
2019-10-16 21:52:50,460 [grpc-default-executor-3] INFO  impl.RoleInfo (RoleInfo.java:shutdownFollowerState(121)) - 5c3956af-60d3-411f-8c98-c7ed3576de5c: shutdown FollowerState
2019-10-16 21:52:50,462 [grpc-default-executor-3] INFO  impl.RoleInfo (RoleInfo.java:updateAndGet(143)) - 5c3956af-60d3-411f-8c98-c7ed3576de5c: start FollowerState
2019-10-16 21:52:50,462 [Thread-263] INFO  impl.FollowerState (FollowerState.java:run(117)) - 5c3956af-60d3-411f-8c98-c7ed3576de5c@group-0AC947014A12-FollowerState was interrupted: java.lang.InterruptedException: sleep interrupted
2019-10-16 21:52:50,468 [efb933de-cdd8-4d8d-88d2-4c7ffe0dec1a@group-0AC947014A12-LeaderElection9] INFO  impl.LeaderElection (LeaderElection.java:logAndReturn(56)) - efb933de-cdd8-4d8d-88d2-4c7ffe0dec1a@group-0AC947014A12-LeaderElection9: Election TIMEOUT; received 0 response(s) [] and 0 exception(s); efb933de-cdd8-4d8d-88d2-4c7ffe0dec1a@group-0AC947014A12:t4, leader=null, voted=efb933de-cdd8-4d8d-88d2-4c7ffe0dec1a, raftlog=efb933de-cdd8-4d8d-88d2-4c7ffe0dec1a@group-0AC947014A12-SegmentedRaftLog:OPENED:c-1,f-1,i0, conf=-1: [5c3956af-60d3-411f-8c98-c7ed3576de5c:192.168.34.38:33787, efb933de-cdd8-4d8d-88d2-4c7ffe0dec1a:192.168.34.38:42459, 9d88716d-5d6b-4fd8-b832-a110dc45ee66:192.168.34.38:38211], old=null
2019-10-16 21:52:50,475 [efb933de-cdd8-4d8d-88d2-4c7ffe0dec1a@group-0AC947014A12-LeaderElection9] INFO  impl.LeaderElection (LeaderElection.java:askForVotes(178)) - efb933de-cdd8-4d8d-88d2-4c7ffe0dec1a@group-0AC947014A12-LeaderElection9: begin an election at term 5 for -1: [5c3956af-60d3-411f-8c98-c7ed3576de5c:192.168.34.38:33787, efb933de-cdd8-4d8d-88d2-4c7ffe0dec1a:192.168.34.38:42459, 9d88716d-5d6b-4fd8-b832-a110dc45ee66:192.168.34.38:38211], old=null
2019-10-16 21:52:50,491 [grpc-default-executor-3] INFO  impl.RaftServerImpl (RaftServerImpl.java:setRole(184)) - 9d88716d-5d6b-4fd8-b832-a110dc45ee66@group-0AC947014A12: changes role from  FOLLOWER to FOLLOWER at term 5 for recognizeCandidate:efb933de-cdd8-4d8d-88d2-4c7ffe0dec1a
2019-10-16 21:52:50,493 [grpc-default-executor-3] INFO  impl.RoleInfo (RoleInfo.java:shutdownFollowerState(121)) - 9d88716d-5d6b-4fd8-b832-a110dc45ee66: shutdown FollowerState
2019-10-16 21:52:50,493 [grpc-default-executor-3] INFO  impl.RoleInfo (RoleInfo.java:updateAndGet(143)) - 9d88716d-5d6b-4fd8-b832-a110dc45ee66: start FollowerState
2019-10-16 21:52:50,493 [Thread-268] INFO  impl.FollowerState (FollowerState.java:run(117)) - 9d88716d-5d6b-4fd8-b832-a110dc45ee66@group-0AC947014A12-FollowerState was interrupted: java.lang.InterruptedException: sleep interrupted
2019-10-16 21:52:50,493 [grpc-default-executor-0] INFO  impl.RaftServerImpl (RaftServerImpl.java:setRole(184)) - 5c3956af-60d3-411f-8c98-c7ed3576de5c@group-0AC947014A12: changes role from  FOLLOWER to FOLLOWER at term 5 for recognizeCandidate:efb933de-cdd8-4d8d-88d2-4c7ffe0dec1a
2019-10-16 21:52:50,494 [grpc-default-executor-0] INFO  impl.RoleInfo (RoleInfo.java:shutdownFollowerState(121)) - 5c3956af-60d3-411f-8c98-c7ed3576de5c: shutdown FollowerState
2019-10-16 21:52:50,494 [grpc-default-executor-0] INFO  impl.RoleInfo (RoleInfo.java:updateAndGet(143)) - 5c3956af-60d3-411f-8c98-c7ed3576de5c: start FollowerState
2019-10-16 21:52:50,494 [Thread-269] INFO  impl.FollowerState (FollowerState.java:run(117)) - 5c3956af-60d3-411f-8c98-c7ed3576de5c@group-0AC947014A12-FollowerState was interrupted: java.lang.InterruptedException: sleep interrupted
2019-10-16 21:52:50,510 [efb933de-cdd8-4d8d-88d2-4c7ffe0dec1a@group-0AC947014A12-LeaderElection9] INFO  impl.LeaderElection (LeaderElection.java:logAndReturn(56)) - efb933de-cdd8-4d8d-88d2-4c7ffe0dec1a@group-0AC947014A12-LeaderElection9: Election REJECTED; received 2 response(s) [efb933de-cdd8-4d8d-88d2-4c7ffe0dec1a<-5c3956af-60d3-411f-8c98-c7ed3576de5c#0:FAIL-t5, efb933de-cdd8-4d8d-88d2-4c7ffe0dec1a<-9d88716d-5d6b-4fd8-b832-a110dc45ee66#0:FAIL-t5] and 0 exception(s); efb933de-cdd8-4d8d-88d2-4c7ffe0dec1a@group-0AC947014A12:t5, leader=null, voted=efb933de-cdd8-4d8d-88d2-4c7ffe0dec1a, raftlog=efb933de-cdd8-4d8d-88d2-4c7ffe0dec1a@group-0AC947014A12-SegmentedRaftLog:OPENED:c-1,f-1,i0, conf=-1: [5c3956af-60d3-411f-8c98-c7ed3576de5c:192.168.34.38:33787, efb933de-cdd8-4d8d-88d2-4c7ffe0dec1a:192.168.34.38:42459, 9d88716d-5d6b-4fd8-b832-a110dc45ee66:192.168.34.38:38211], old=null
2019-10-16 21:52:50,510 [efb933de-cdd8-4d8d-88d2-4c7ffe0dec1a@group-0AC947014A12-LeaderElection9] INFO  impl.RaftServerImpl (RaftServerImpl.java:setRole(184)) - efb933de-cdd8-4d8d-88d2-4c7ffe0dec1a@group-0AC947014A12: changes role from CANDIDATE to FOLLOWER at term 5 for DISCOVERED_A_NEW_TERM
2019-10-16 21:52:50,511 [efb933de-cdd8-4d8d-88d2-4c7ffe0dec1a@group-0AC947014A12-LeaderElection9] INFO  impl.RoleInfo (RoleInfo.java:shutdownLeaderElection(134)) - efb933de-cdd8-4d8d-88d2-4c7ffe0dec1a: shutdown LeaderElection
2019-10-16 21:52:50,511 [efb933de-cdd8-4d8d-88d2-4c7ffe0dec1a@group-0AC947014A12-LeaderElection9] INFO  impl.RoleInfo (RoleInfo.java:updateAndGet(143)) - efb933de-cdd8-4d8d-88d2-4c7ffe0dec1a: start FollowerState
2019-10-16 21:52:50,553 [Thread-274] INFO  impl.FollowerState (FollowerState.java:run(108)) - efb933de-cdd8-4d8d-88d2-4c7ffe0dec1a@group-0AC947014A12-FollowerState: change to CANDIDATE, lastRpcTime:42ms, electionTimeout:42ms
2019-10-16 21:52:50,555 [Thread-274] INFO  impl.RoleInfo (RoleInfo.java:shutdownFollowerState(121)) - efb933de-cdd8-4d8d-88d2-4c7ffe0dec1a: shutdown FollowerState
2019-10-16 21:52:50,555 [Thread-274] INFO  impl.RaftServerImpl (RaftServerImpl.java:setRole(184)) - efb933de-cdd8-4d8d-88d2-4c7ffe0dec1a@group-0AC947014A12: changes role from  FOLLOWER to CANDIDATE at term 5 for changeToCandidate
2019-10-16 21:52:50,555 [Thread-274] INFO  impl.RoleInfo (RoleInfo.java:updateAndGet(143)) - efb933de-cdd8-4d8d-88d2-4c7ffe0dec1a: start LeaderElection
2019-10-16 21:52:50,569 [efb933de-cdd8-4d8d-88d2-4c7ffe0dec1a@group-0AC947014A12-LeaderElection10] INFO  impl.LeaderElection (LeaderElection.java:askForVotes(178)) - efb933de-cdd8-4d8d-88d2-4c7ffe0dec1a@group-0AC947014A12-LeaderElection10: begin an election at term 6 for -1: [5c3956af-60d3-411f-8c98-c7ed3576de5c:192.168.34.38:33787, efb933de-cdd8-4d8d-88d2-4c7ffe0dec1a:192.168.34.38:42459, 9d88716d-5d6b-4fd8-b832-a110dc45ee66:192.168.34.38:38211], old=null
2019-10-16 21:52:50,574 [grpc-default-executor-0] INFO  impl.RaftServerImpl (RaftServerImpl.java:setRole(184)) - 9d88716d-5d6b-4fd8-b832-a110dc45ee66@group-0AC947014A12: changes role from  FOLLOWER to FOLLOWER at term 6 for recognizeCandidate:efb933de-cdd8-4d8d-88d2-4c7ffe0dec1a
2019-10-16 21:52:50,574 [grpc-default-executor-0] INFO  impl.RoleInfo (RoleInfo.java:shutdownFollowerState(121)) - 9d88716d-5d6b-4fd8-b832-a110dc45ee66: shutdown FollowerState
2019-10-16 21:52:50,574 [grpc-default-executor-3] INFO  impl.RaftServerImpl (RaftServerImpl.java:setRole(184)) - 5c3956af-60d3-411f-8c98-c7ed3576de5c@group-0AC947014A12: changes role from  FOLLOWER to FOLLOWER at term 6 for recognizeCandidate:efb933de-cdd8-4d8d-88d2-4c7ffe0dec1a
2019-10-16 21:52:50,574 [grpc-default-executor-0] INFO  impl.RoleInfo (RoleInfo.java:updateAndGet(143)) - 9d88716d-5d6b-4fd8-b832-a110dc45ee66: start FollowerState
2019-10-16 21:52:50,574 [Thread-272] INFO  impl.FollowerState (FollowerState.java:run(117)) - 9d88716d-5d6b-4fd8-b832-a110dc45ee66@group-0AC947014A12-FollowerState was interrupted: java.lang.InterruptedException: sleep interrupted
2019-10-16 21:52:50,574 [grpc-default-executor-3] INFO  impl.RoleInfo (RoleInfo.java:shutdownFollowerState(121)) - 5c3956af-60d3-411f-8c98-c7ed3576de5c: shutdown FollowerState
2019-10-16 21:52:50,575 [Thread-273] INFO  impl.FollowerState (FollowerState.java:run(117)) - 5c3956af-60d3-411f-8c98-c7ed3576de5c@group-0AC947014A12-FollowerState was interrupted: java.lang.InterruptedException: sleep interrupted
2019-10-16 21:52:50,575 [grpc-default-executor-3] INFO  impl.RoleInfo (RoleInfo.java:updateAndGet(143)) - 5c3956af-60d3-411f-8c98-c7ed3576de5c: start FollowerState
2019-10-16 21:52:50,593 [efb933de-cdd8-4d8d-88d2-4c7ffe0dec1a@group-0AC947014A12-LeaderElection10] INFO  impl.LeaderElection (LeaderElection.java:logAndReturn(56)) - efb933de-cdd8-4d8d-88d2-4c7ffe0dec1a@group-0AC947014A12-LeaderElection10: Election REJECTED; received 2 response(s) [efb933de-cdd8-4d8d-88d2-4c7ffe0dec1a<-5c3956af-60d3-411f-8c98-c7ed3576de5c#0:FAIL-t6, efb933de-cdd8-4d8d-88d2-4c7ffe0dec1a<-9d88716d-5d6b-4fd8-b832-a110dc45ee66#0:FAIL-t6] and 0 exception(s); efb933de-cdd8-4d8d-88d2-4c7ffe0dec1a@group-0AC947014A12:t6, leader=null, voted=efb933de-cdd8-4d8d-88d2-4c7ffe0dec1a, raftlog=efb933de-cdd8-4d8d-88d2-4c7ffe0dec1a@group-0AC947014A12-SegmentedRaftLog:OPENED:c-1,f-1,i0, conf=-1: [5c3956af-60d3-411f-8c98-c7ed3576de5c:192.168.34.38:33787, efb933de-cdd8-4d8d-88d2-4c7ffe0dec1a:192.168.34.38:42459, 9d88716d-5d6b-4fd8-b832-a110dc45ee66:192.168.34.38:38211], old=null
2019-10-16 21:52:50,594 [efb933de-cdd8-4d8d-88d2-4c7ffe0dec1a@group-0AC947014A12-LeaderElection10] INFO  impl.RaftServerImpl (RaftServerImpl.java:setRole(184)) - efb933de-cdd8-4d8d-88d2-4c7ffe0dec1a@group-0AC947014A12: changes role from CANDIDATE to FOLLOWER at term 6 for DISCOVERED_A_NEW_TERM
2019-10-16 21:52:50,594 [efb933de-cdd8-4d8d-88d2-4c7ffe0dec1a@group-0AC947014A12-LeaderElection10] INFO  impl.RoleInfo (RoleInfo.java:shutdownLeaderElection(134)) - efb933de-cdd8-4d8d-88d2-4c7ffe0dec1a: shutdown LeaderElection
2019-10-16 21:52:50,595 [efb933de-cdd8-4d8d-88d2-4c7ffe0dec1a@group-0AC947014A12-LeaderElection10] INFO  impl.RoleInfo (RoleInfo.java:updateAndGet(143)) - efb933de-cdd8-4d8d-88d2-4c7ffe0dec1a: start FollowerState
2019-10-16 21:52:50,662 [Thread-280] INFO  impl.FollowerState (FollowerState.java:run(108)) - efb933de-cdd8-4d8d-88d2-4c7ffe0dec1a@group-0AC947014A12-FollowerState: change to CANDIDATE, lastRpcTime:67ms, electionTimeout:66ms
2019-10-16 21:52:50,663 [Thread-280] INFO  impl.RoleInfo (RoleInfo.java:shutdownFollowerState(121)) - efb933de-cdd8-4d8d-88d2-4c7ffe0dec1a: shutdown FollowerState
2019-10-16 21:52:50,663 [Thread-280] INFO  impl.RaftServerImpl (RaftServerImpl.java:setRole(184)) - efb933de-cdd8-4d8d-88d2-4c7ffe0dec1a@group-0AC947014A12: changes role from  FOLLOWER to CANDIDATE at term 6 for changeToCandidate
2019-10-16 21:52:50,664 [Thread-280] INFO  impl.RoleInfo (RoleInfo.java:updateAndGet(143)) - efb933de-cdd8-4d8d-88d2-4c7ffe0dec1a: start LeaderElection
2019-10-16 21:52:50,679 [efb933de-cdd8-4d8d-88d2-4c7ffe0dec1a@group-0AC947014A12-LeaderElection11] INFO  impl.LeaderElection (LeaderElection.java:askForVotes(178)) - efb933de-cdd8-4d8d-88d2-4c7ffe0dec1a@group-0AC947014A12-LeaderElection11: begin an election at term 7 for -1: [5c3956af-60d3-411f-8c98-c7ed3576de5c:192.168.34.38:33787, efb933de-cdd8-4d8d-88d2-4c7ffe0dec1a:192.168.34.38:42459, 9d88716d-5d6b-4fd8-b832-a110dc45ee66:192.168.34.38:38211], old=null
2019-10-16 21:52:50,680 [efb933de-cdd8-4d8d-88d2-4c7ffe0dec1a@group-0AC947014A12-LeaderElection11] INFO  impl.LeaderElection (LeaderElection.java:logAndReturn(56)) - efb933de-cdd8-4d8d-88d2-4c7ffe0dec1a@group-0AC947014A12-LeaderElection11: Election TIMEOUT; received 0 response(s) [] and 0 exception(s); efb933de-cdd8-4d8d-88d2-4c7ffe0dec1a@group-0AC947014A12:t7, leader=null, voted=efb933de-cdd8-4d8d-88d2-4c7ffe0dec1a, raftlog=efb933de-cdd8-4d8d-88d2-4c7ffe0dec1a@group-0AC947014A12-SegmentedRaftLog:OPENED:c-1,f-1,i0, conf=-1: [5c3956af-60d3-411f-8c98-c7ed3576de5c:192.168.34.38:33787, efb933de-cdd8-4d8d-88d2-4c7ffe0dec1a:192.168.34.38:42459, 9d88716d-5d6b-4fd8-b832-a110dc45ee66:192.168.34.38:38211], old=null
2019-10-16 21:52:50,684 [grpc-default-executor-3] INFO  impl.RaftServerImpl (RaftServerImpl.java:setRole(184)) - 5c3956af-60d3-411f-8c98-c7ed3576de5c@group-0AC947014A12: changes role from  FOLLOWER to FOLLOWER at term 7 for recognizeCandidate:efb933de-cdd8-4d8d-88d2-4c7ffe0dec1a
2019-10-16 21:52:50,684 [grpc-default-executor-3] INFO  impl.RoleInfo (RoleInfo.java:shutdownFollowerState(121)) - 5c3956af-60d3-411f-8c98-c7ed3576de5c: shutdown FollowerState
2019-10-16 21:52:50,684 [grpc-default-executor-0] INFO  impl.RaftServerImpl (RaftServerImpl.java:setRole(184)) - 9d88716d-5d6b-4fd8-b832-a110dc45ee66@group-0AC947014A12: changes role from  FOLLOWER to FOLLOWER at term 7 for recognizeCandidate:efb933de-cdd8-4d8d-88d2-4c7ffe0dec1a
2019-10-16 21:52:50,686 [grpc-default-executor-3] INFO  impl.RoleInfo (RoleInfo.java:updateAndGet(143)) - 5c3956af-60d3-411f-8c98-c7ed3576de5c: start FollowerState
2019-10-16 21:52:50,686 [grpc-default-executor-0] INFO  impl.RoleInfo (RoleInfo.java:shutdownFollowerState(121)) - 9d88716d-5d6b-4fd8-b832-a110dc45ee66: shutdown FollowerState
2019-10-16 21:52:50,686 [Thread-279] INFO  impl.FollowerState (FollowerState.java:run(117)) - 5c3956af-60d3-411f-8c98-c7ed3576de5c@group-0AC947014A12-FollowerState was interrupted: java.lang.InterruptedException: sleep interrupted
2019-10-16 21:52:50,686 [grpc-default-executor-0] INFO  impl.RoleInfo (RoleInfo.java:updateAndGet(143)) - 9d88716d-5d6b-4fd8-b832-a110dc45ee66: start FollowerState
2019-10-16 21:52:50,686 [Thread-278] INFO  impl.FollowerState (FollowerState.java:run(117)) - 9d88716d-5d6b-4fd8-b832-a110dc45ee66@group-0AC947014A12-FollowerState was interrupted: java.lang.InterruptedException: sleep interrupted
2019-10-16 21:52:50,703 [efb933de-cdd8-4d8d-88d2-4c7ffe0dec1a@group-0AC947014A12-LeaderElection11] INFO  impl.LeaderElection (LeaderElection.java:askForVotes(178)) - efb933de-cdd8-4d8d-88d2-4c7ffe0dec1a@group-0AC947014A12-LeaderElection11: begin an election at term 8 for -1: [5c3956af-60d3-411f-8c98-c7ed3576de5c:192.168.34.38:33787, efb933de-cdd8-4d8d-88d2-4c7ffe0dec1a:192.168.34.38:42459, 9d88716d-5d6b-4fd8-b832-a110dc45ee66:192.168.34.38:38211], old=null
2019-10-16 21:52:50,709 [grpc-default-executor-3] INFO  impl.RaftServerImpl (RaftServerImpl.java:setRole(184)) - 9d88716d-5d6b-4fd8-b832-a110dc45ee66@group-0AC947014A12: changes role from  FOLLOWER to FOLLOWER at term 8 for recognizeCandidate:efb933de-cdd8-4d8d-88d2-4c7ffe0dec1a
2019-10-16 21:52:50,710 [grpc-default-executor-3] INFO  impl.RoleInfo (RoleInfo.java:shutdownFollowerState(121)) - 9d88716d-5d6b-4fd8-b832-a110dc45ee66: shutdown FollowerState
2019-10-16 21:52:50,710 [grpc-default-executor-3] INFO  impl.RoleInfo (RoleInfo.java:updateAndGet(143)) - 9d88716d-5d6b-4fd8-b832-a110dc45ee66: start FollowerState
2019-10-16 21:52:50,710 [Thread-285] INFO  impl.FollowerState (FollowerState.java:run(117)) - 9d88716d-5d6b-4fd8-b832-a110dc45ee66@group-0AC947014A12-FollowerState was interrupted: java.lang.InterruptedException: sleep interrupted
2019-10-16 21:52:50,712 [grpc-default-executor-0] INFO  impl.RaftServerImpl (RaftServerImpl.java:setRole(184)) - 5c3956af-60d3-411f-8c98-c7ed3576de5c@group-0AC947014A12: changes role from  FOLLOWER to FOLLOWER at term 8 for recognizeCandidate:efb933de-cdd8-4d8d-88d2-4c7ffe0dec1a
2019-10-16 21:52:50,712 [grpc-default-executor-0] INFO  impl.RoleInfo (RoleInfo.java:shutdownFollowerState(121)) - 5c3956af-60d3-411f-8c98-c7ed3576de5c: shutdown FollowerState
2019-10-16 21:52:50,712 [Thread-284] INFO  impl.FollowerState (FollowerState.java:run(117)) - 5c3956af-60d3-411f-8c98-c7ed3576de5c@group-0AC947014A12-FollowerState was interrupted: java.lang.InterruptedException: sleep interrupted
2019-10-16 21:52:50,712 [grpc-default-executor-0] INFO  impl.RoleInfo (RoleInfo.java:updateAndGet(143)) - 5c3956af-60d3-411f-8c98-c7ed3576de5c: start FollowerState
2019-10-16 21:52:50,724 [efb933de-cdd8-4d8d-88d2-4c7ffe0dec1a@group-0AC947014A12-LeaderElection11] INFO  impl.LeaderElection (LeaderElection.java:logAndReturn(56)) - efb933de-cdd8-4d8d-88d2-4c7ffe0dec1a@group-0AC947014A12-LeaderElection11: Election REJECTED; received 2 response(s) [efb933de-cdd8-4d8d-88d2-4c7ffe0dec1a<-5c3956af-60d3-411f-8c98-c7ed3576de5c#0:FAIL-t8, efb933de-cdd8-4d8d-88d2-4c7ffe0dec1a<-9d88716d-5d6b-4fd8-b832-a110dc45ee66#0:FAIL-t8] and 0 exception(s); efb933de-cdd8-4d8d-88d2-4c7ffe0dec1a@group-0AC947014A12:t8, leader=null, voted=efb933de-cdd8-4d8d-88d2-4c7ffe0dec1a, raftlog=efb933de-cdd8-4d8d-88d2-4c7ffe0dec1a@group-0AC947014A12-SegmentedRaftLog:OPENED:c-1,f-1,i0, conf=-1: [5c3956af-60d3-411f-8c98-c7ed3576de5c:192.168.34.38:33787, efb933de-cdd8-4d8d-88d2-4c7ffe0dec1a:192.168.34.38:42459, 9d88716d-5d6b-4fd8-b832-a110dc45ee66:192.168.34.38:38211], old=null
2019-10-16 21:52:50,724 [efb933de-cdd8-4d8d-88d2-4c7ffe0dec1a@group-0AC947014A12-LeaderElection11] INFO  impl.RaftServerImpl (RaftServerImpl.java:setRole(184)) - efb933de-cdd8-4d8d-88d2-4c7ffe0dec1a@group-0AC947014A12: changes role from CANDIDATE to FOLLOWER at term 8 for DISCOVERED_A_NEW_TERM
2019-10-16 21:52:50,725 [efb933de-cdd8-4d8d-88d2-4c7ffe0dec1a@group-0AC947014A12-LeaderElection11] INFO  impl.RoleInfo (RoleInfo.java:shutdownLeaderElection(134)) - efb933de-cdd8-4d8d-88d2-4c7ffe0dec1a: shutdown LeaderElection
2019-10-16 21:52:50,725 [efb933de-cdd8-4d8d-88d2-4c7ffe0dec1a@group-0AC947014A12-LeaderElection11] INFO  impl.RoleInfo (RoleInfo.java:updateAndGet(143)) - efb933de-cdd8-4d8d-88d2-4c7ffe0dec1a: start FollowerState
2019-10-16 21:52:50,796 [Thread-290] INFO  impl.FollowerState (FollowerState.java:run(108)) - efb933de-cdd8-4d8d-88d2-4c7ffe0dec1a@group-0AC947014A12-FollowerState: change to CANDIDATE, lastRpcTime:71ms, electionTimeout:70ms
2019-10-16 21:52:50,798 [Thread-290] INFO  impl.RoleInfo (RoleInfo.java:shutdownFollowerState(121)) - efb933de-cdd8-4d8d-88d2-4c7ffe0dec1a: shutdown FollowerState
2019-10-16 21:52:50,798 [Thread-290] INFO  impl.RaftServerImpl (RaftServerImpl.java:setRole(184)) - efb933de-cdd8-4d8d-88d2-4c7ffe0dec1a@group-0AC947014A12: changes role from  FOLLOWER to CANDIDATE at term 8 for changeToCandidate
2019-10-16 21:52:50,798 [Thread-290] INFO  impl.RoleInfo (RoleInfo.java:updateAndGet(143)) - efb933de-cdd8-4d8d-88d2-4c7ffe0dec1a: start LeaderElection
2019-10-16 21:52:50,953 [efb933de-cdd8-4d8d-88d2-4c7ffe0dec1a@group-0AC947014A12-LeaderElection12] INFO  impl.LeaderElection (LeaderElection.java:askForVotes(178)) - efb933de-cdd8-4d8d-88d2-4c7ffe0dec1a@group-0AC947014A12-LeaderElection12: begin an election at term 9 for -1: [5c3956af-60d3-411f-8c98-c7ed3576de5c:192.168.34.38:33787, efb933de-cdd8-4d8d-88d2-4c7ffe0dec1a:192.168.34.38:42459, 9d88716d-5d6b-4fd8-b832-a110dc45ee66:192.168.34.38:38211], old=null
2019-10-16 21:52:50,962 [grpc-default-executor-0] INFO  impl.RaftServerImpl (RaftServerImpl.java:setRole(184)) - 9d88716d-5d6b-4fd8-b832-a110dc45ee66@group-0AC947014A12: changes role from  FOLLOWER to FOLLOWER at term 9 for recognizeCandidate:efb933de-cdd8-4d8d-88d2-4c7ffe0dec1a
2019-10-16 21:52:50,962 [grpc-default-executor-3] INFO  impl.RaftServerImpl (RaftServerImpl.java:setRole(184)) - 5c3956af-60d3-411f-8c98-c7ed3576de5c@group-0AC947014A12: changes role from  FOLLOWER to FOLLOWER at term 9 for recognizeCandidate:efb933de-cdd8-4d8d-88d2-4c7ffe0dec1a
2019-10-16 21:52:50,962 [grpc-default-executor-0] INFO  impl.RoleInfo (RoleInfo.java:shutdownFollowerState(121)) - 9d88716d-5d6b-4fd8-b832-a110dc45ee66: shutdown FollowerState
2019-10-16 21:52:50,962 [grpc-default-executor-3] INFO  impl.RoleInfo (RoleInfo.java:shutdownFollowerState(121)) - 5c3956af-60d3-411f-8c98-c7ed3576de5c: shutdown FollowerState
2019-10-16 21:52:50,962 [grpc-default-executor-0] INFO  impl.RoleInfo (RoleInfo.java:updateAndGet(143)) - 9d88716d-5d6b-4fd8-b832-a110dc45ee66: start FollowerState
2019-10-16 21:52:50,962 [Thread-289] INFO  impl.FollowerState (FollowerState.java:run(117)) - 5c3956af-60d3-411f-8c98-c7ed3576de5c@group-0AC947014A12-FollowerState was interrupted: java.lang.InterruptedException: sleep interrupted
2019-10-16 21:52:50,962 [grpc-default-executor-3] INFO  impl.RoleInfo (RoleInfo.java:updateAndGet(143)) - 5c3956af-60d3-411f-8c98-c7ed3576de5c: start FollowerState
2019-10-16 21:52:50,962 [Thread-288] INFO  impl.FollowerState (FollowerState.java:run(117)) - 9d88716d-5d6b-4fd8-b832-a110dc45ee66@group-0AC947014A12-FollowerState was interrupted: java.lang.InterruptedException: sleep interrupted
2019-10-16 21:52:50,974 [efb933de-cdd8-4d8d-88d2-4c7ffe0dec1a@group-0AC947014A12-LeaderElection12] INFO  impl.LeaderElection (LeaderElection.java:logAndReturn(56)) - efb933de-cdd8-4d8d-88d2-4c7ffe0dec1a@group-0AC947014A12-LeaderElection12: Election REJECTED; received 2 response(s) [efb933de-cdd8-4d8d-88d2-4c7ffe0dec1a<-5c3956af-60d3-411f-8c98-c7ed3576de5c#0:FAIL-t9, efb933de-cdd8-4d8d-88d2-4c7ffe0dec1a<-9d88716d-5d6b-4fd8-b832-a110dc45ee66#0:FAIL-t9] and 0 exception(s); efb933de-cdd8-4d8d-88d2-4c7ffe0dec1a@group-0AC947014A12:t9, leader=null, voted=efb933de-cdd8-4d8d-88d2-4c7ffe0dec1a, raftlog=efb933de-cdd8-4d8d-88d2-4c7ffe0dec1a@group-0AC947014A12-SegmentedRaftLog:OPENED:c-1,f-1,i0, conf=-1: [5c3956af-60d3-411f-8c98-c7ed3576de5c:192.168.34.38:33787, efb933de-cdd8-4d8d-88d2-4c7ffe0dec1a:192.168.34.38:42459, 9d88716d-5d6b-4fd8-b832-a110dc45ee66:192.168.34.38:38211], old=null
2019-10-16 21:52:50,975 [efb933de-cdd8-4d8d-88d2-4c7ffe0dec1a@group-0AC947014A12-LeaderElection12] INFO  impl.RaftServerImpl (RaftServerImpl.java:setRole(184)) - efb933de-cdd8-4d8d-88d2-4c7ffe0dec1a@group-0AC947014A12: changes role from CANDIDATE to FOLLOWER at term 9 for DISCOVERED_A_NEW_TERM
2019-10-16 21:52:50,975 [efb933de-cdd8-4d8d-88d2-4c7ffe0dec1a@group-0AC947014A12-LeaderElection12] INFO  impl.RoleInfo (RoleInfo.java:shutdownLeaderElection(134)) - efb933de-cdd8-4d8d-88d2-4c7ffe0dec1a: shutdown LeaderElection
2019-10-16 21:52:50,976 [efb933de-cdd8-4d8d-88d2-4c7ffe0dec1a@group-0AC947014A12-LeaderElection12] INFO  impl.RoleInfo (RoleInfo.java:updateAndGet(143)) - efb933de-cdd8-4d8d-88d2-4c7ffe0dec1a: start FollowerState
2019-10-16 21:52:51,081 [Thread-296] INFO  impl.FollowerState (FollowerState.java:run(108)) - efb933de-cdd8-4d8d-88d2-4c7ffe0dec1a@group-0AC947014A12-FollowerState: change to CANDIDATE, lastRpcTime:105ms, electionTimeout:104ms
2019-10-16 21:52:51,083 [Thread-296] INFO  impl.RoleInfo (RoleInfo.java:shutdownFollowerState(121)) - efb933de-cdd8-4d8d-88d2-4c7ffe0dec1a: shutdown FollowerState
2019-10-16 21:52:51,083 [Thread-296] INFO  impl.RaftServerImpl (RaftServerImpl.java:setRole(184)) - efb933de-cdd8-4d8d-88d2-4c7ffe0dec1a@group-0AC947014A12: changes role from  FOLLOWER to CANDIDATE at term 9 for changeToCandidate
2019-10-16 21:52:51,083 [Thread-296] INFO  impl.RoleInfo (RoleInfo.java:updateAndGet(143)) - efb933de-cdd8-4d8d-88d2-4c7ffe0dec1a: start LeaderElection
2019-10-16 21:52:51,091 [efb933de-cdd8-4d8d-88d2-4c7ffe0dec1a@group-0AC947014A12-LeaderElection13] INFO  impl.LeaderElection (LeaderElection.java:askForVotes(178)) - efb933de-cdd8-4d8d-88d2-4c7ffe0dec1a@group-0AC947014A12-LeaderElection13: begin an election at term 10 for -1: [5c3956af-60d3-411f-8c98-c7ed3576de5c:192.168.34.38:33787, efb933de-cdd8-4d8d-88d2-4c7ffe0dec1a:192.168.34.38:42459, 9d88716d-5d6b-4fd8-b832-a110dc45ee66:192.168.34.38:38211], old=null
2019-10-16 21:52:51,098 [grpc-default-executor-0] INFO  impl.RaftServerImpl (RaftServerImpl.java:setRole(184)) - 5c3956af-60d3-411f-8c98-c7ed3576de5c@group-0AC947014A12: changes role from  FOLLOWER to FOLLOWER at term 10 for recognizeCandidate:efb933de-cdd8-4d8d-88d2-4c7ffe0dec1a
2019-10-16 21:52:51,098 [grpc-default-executor-3] INFO  impl.RaftServerImpl (RaftServerImpl.java:setRole(184)) - 9d88716d-5d6b-4fd8-b832-a110dc45ee66@group-0AC947014A12: changes role from  FOLLOWER to FOLLOWER at term 10 for recognizeCandidate:efb933de-cdd8-4d8d-88d2-4c7ffe0dec1a
2019-10-16 21:52:51,098 [grpc-default-executor-0] INFO  impl.RoleInfo (RoleInfo.java:shutdownFollowerState(121)) - 5c3956af-60d3-411f-8c98-c7ed3576de5c: shutdown FollowerState
2019-10-16 21:52:51,098 [grpc-default-executor-3] INFO  impl.RoleInfo (RoleInfo.java:shutdownFollowerState(121)) - 9d88716d-5d6b-4fd8-b832-a110dc45ee66: shutdown FollowerState
2019-10-16 21:52:51,098 [Thread-295] INFO  impl.FollowerState (FollowerState.java:run(117)) - 5c3956af-60d3-411f-8c98-c7ed3576de5c@group-0AC947014A12-FollowerState was interrupted: java.lang.InterruptedException: sleep interrupted
2019-10-16 21:52:51,098 [grpc-default-executor-0] INFO  impl.RoleInfo (RoleInfo.java:updateAndGet(143)) - 5c3956af-60d3-411f-8c98-c7ed3576de5c: start FollowerState
2019-10-16 21:52:51,098 [Thread-294] INFO  impl.FollowerState (FollowerState.java:run(117)) - 9d88716d-5d6b-4fd8-b832-a110dc45ee66@group-0AC947014A12-FollowerState was interrupted: java.lang.InterruptedException: sleep interrupted
2019-10-16 21:52:51,098 [grpc-default-executor-3] INFO  impl.RoleInfo (RoleInfo.java:updateAndGet(143)) - 9d88716d-5d6b-4fd8-b832-a110dc45ee66: start FollowerState
2019-10-16 21:52:51,118 [efb933de-cdd8-4d8d-88d2-4c7ffe0dec1a@group-0AC947014A12-LeaderElection13] INFO  impl.LeaderElection (LeaderElection.java:logAndReturn(56)) - efb933de-cdd8-4d8d-88d2-4c7ffe0dec1a@group-0AC947014A12-LeaderElection13: Election REJECTED; received 2 response(s) [efb933de-cdd8-4d8d-88d2-4c7ffe0dec1a<-5c3956af-60d3-411f-8c98-c7ed3576de5c#0:FAIL-t10, efb933de-cdd8-4d8d-88d2-4c7ffe0dec1a<-9d88716d-5d6b-4fd8-b832-a110dc45ee66#0:FAIL-t10] and 0 exception(s); efb933de-cdd8-4d8d-88d2-4c7ffe0dec1a@group-0AC947014A12:t10, leader=null, voted=efb933de-cdd8-4d8d-88d2-4c7ffe0dec1a, raftlog=efb933de-cdd8-4d8d-88d2-4c7ffe0dec1a@group-0AC947014A12-SegmentedRaftLog:OPENED:c-1,f-1,i0, conf=-1: [5c3956af-60d3-411f-8c98-c7ed3576de5c:192.168.34.38:33787, efb933de-cdd8-4d8d-88d2-4c7ffe0dec1a:192.168.34.38:42459, 9d88716d-5d6b-4fd8-b832-a110dc45ee66:192.168.34.38:38211], old=null
2019-10-16 21:52:51,118 [efb933de-cdd8-4d8d-88d2-4c7ffe0dec1a@group-0AC947014A12-LeaderElection13] INFO  impl.RaftServerImpl (RaftServerImpl.java:setRole(184)) - efb933de-cdd8-4d8d-88d2-4c7ffe0dec1a@group-0AC947014A12: changes role from CANDIDATE to FOLLOWER at term 10 for DISCOVERED_A_NEW_TERM
2019-10-16 21:52:51,119 [efb933de-cdd8-4d8d-88d2-4c7ffe0dec1a@group-0AC947014A12-LeaderElection13] INFO  impl.RoleInfo (RoleInfo.java:shutdownLeaderElection(134)) - efb933de-cdd8-4d8d-88d2-4c7ffe0dec1a: shutdown LeaderElection
2019-10-16 21:52:51,119 [efb933de-cdd8-4d8d-88d2-4c7ffe0dec1a@group-0AC947014A12-LeaderElection13] INFO  impl.RoleInfo (RoleInfo.java:updateAndGet(143)) - efb933de-cdd8-4d8d-88d2-4c7ffe0dec1a: start FollowerState
2019-10-16 21:52:51,236 [Thread-302] INFO  impl.FollowerState (FollowerState.java:run(108)) - efb933de-cdd8-4d8d-88d2-4c7ffe0dec1a@group-0AC947014A12-FollowerState: change to CANDIDATE, lastRpcTime:116ms, electionTimeout:115ms
2019-10-16 21:52:51,238 [Thread-302] INFO  impl.RoleInfo (RoleInfo.java:shutdownFollowerState(121)) - efb933de-cdd8-4d8d-88d2-4c7ffe0dec1a: shutdown FollowerState
2019-10-16 21:52:51,238 [Thread-302] INFO  impl.RaftServerImpl (RaftServerImpl.java:setRole(184)) - efb933de-cdd8-4d8d-88d2-4c7ffe0dec1a@group-0AC947014A12: changes role from  FOLLOWER to CANDIDATE at term 10 for changeToCandidate
2019-10-16 21:52:51,238 [Thread-302] INFO  impl.RoleInfo (RoleInfo.java:updateAndGet(143)) - efb933de-cdd8-4d8d-88d2-4c7ffe0dec1a: start LeaderElection
2019-10-16 21:52:51,255 [efb933de-cdd8-4d8d-88d2-4c7ffe0dec1a@group-0AC947014A12-LeaderElection14] INFO  impl.LeaderElection (LeaderElection.java:askForVotes(178)) - efb933de-cdd8-4d8d-88d2-4c7ffe0dec1a@group-0AC947014A12-LeaderElection14: begin an election at term 11 for -1: [5c3956af-60d3-411f-8c98-c7ed3576de5c:192.168.34.38:33787, efb933de-cdd8-4d8d-88d2-4c7ffe0dec1a:192.168.34.38:42459, 9d88716d-5d6b-4fd8-b832-a110dc45ee66:192.168.34.38:38211], old=null
2019-10-16 21:52:51,261 [grpc-default-executor-0] INFO  impl.RaftServerImpl (RaftServerImpl.java:setRole(184)) - 5c3956af-60d3-411f-8c98-c7ed3576de5c@group-0AC947014A12: changes role from  FOLLOWER to FOLLOWER at term 11 for recognizeCandidate:efb933de-cdd8-4d8d-88d2-4c7ffe0dec1a
2019-10-16 21:52:51,262 [grpc-default-executor-3] INFO  impl.RaftServerImpl (RaftServerImpl.java:setRole(184)) - 9d88716d-5d6b-4fd8-b832-a110dc45ee66@group-0AC947014A12: changes role from  FOLLOWER to FOLLOWER at term 11 for recognizeCandidate:efb933de-cdd8-4d8d-88d2-4c7ffe0dec1a
2019-10-16 21:52:51,262 [grpc-default-executor-0] INFO  impl.RoleInfo (RoleInfo.java:shutdownFollowerState(121)) - 5c3956af-60d3-411f-8c98-c7ed3576de5c: shutdown FollowerState
2019-10-16 21:52:51,262 [grpc-default-executor-3] INFO  impl.RoleInfo (RoleInfo.java:shutdownFollowerState(121)) - 9d88716d-5d6b-4fd8-b832-a110dc45ee66: shutdown FollowerState
2019-10-16 21:52:51,262 [grpc-default-executor-0] INFO  impl.RoleInfo (RoleInfo.java:updateAndGet(143)) - 5c3956af-60d3-411f-8c98-c7ed3576de5c: start FollowerState
2019-10-16 21:52:51,262 [Thread-300] INFO  impl.FollowerState (FollowerState.java:run(117)) - 5c3956af-60d3-411f-8c98-c7ed3576de5c@group-0AC947014A12-FollowerState was interrupted: java.lang.InterruptedException: sleep interrupted
2019-10-16 21:52:51,262 [Thread-301] INFO  impl.FollowerState (FollowerState.java:run(117)) - 9d88716d-5d6b-4fd8-b832-a110dc45ee66@group-0AC947014A12-FollowerState was interrupted: java.lang.InterruptedException: sleep interrupted
2019-10-16 21:52:51,262 [grpc-default-executor-3] INFO  impl.RoleInfo (RoleInfo.java:updateAndGet(143)) - 9d88716d-5d6b-4fd8-b832-a110dc45ee66: start FollowerState
2019-10-16 21:52:51,277 [efb933de-cdd8-4d8d-88d2-4c7ffe0dec1a@group-0AC947014A12-LeaderElection14] INFO  impl.LeaderElection (LeaderElection.java:logAndReturn(56)) - efb933de-cdd8-4d8d-88d2-4c7ffe0dec1a@group-0AC947014A12-LeaderElection14: Election REJECTED; received 2 response(s) [efb933de-cdd8-4d8d-88d2-4c7ffe0dec1a<-5c3956af-60d3-411f-8c98-c7ed3576de5c#0:FAIL-t11, efb933de-cdd8-4d8d-88d2-4c7ffe0dec1a<-9d88716d-5d6b-4fd8-b832-a110dc45ee66#0:FAIL-t11] and 0 exception(s); efb933de-cdd8-4d8d-88d2-4c7ffe0dec1a@group-0AC947014A12:t11, leader=null, voted=efb933de-cdd8-4d8d-88d2-4c7ffe0dec1a, raftlog=efb933de-cdd8-4d8d-88d2-4c7ffe0dec1a@group-0AC947014A12-SegmentedRaftLog:OPENED:c-1,f-1,i0, conf=-1: [5c3956af-60d3-411f-8c98-c7ed3576de5c:192.168.34.38:33787, efb933de-cdd8-4d8d-88d2-4c7ffe0dec1a:192.168.34.38:42459, 9d88716d-5d6b-4fd8-b832-a110dc45ee66:192.168.34.38:38211], old=null
2019-10-16 21:52:51,277 [efb933de-cdd8-4d8d-88d2-4c7ffe0dec1a@group-0AC947014A12-LeaderElection14] INFO  impl.RaftServerImpl (RaftServerImpl.java:setRole(184)) - efb933de-cdd8-4d8d-88d2-4c7ffe0dec1a@group-0AC947014A12: changes role from CANDIDATE to FOLLOWER at term 11 for DISCOVERED_A_NEW_TERM
2019-10-16 21:52:51,277 [efb933de-cdd8-4d8d-88d2-4c7ffe0dec1a@group-0AC947014A12-LeaderElection14] INFO  impl.RoleInfo (RoleInfo.java:shutdownLeaderElection(134)) - efb933de-cdd8-4d8d-88d2-4c7ffe0dec1a: shutdown LeaderElection
2019-10-16 21:52:51,279 [efb933de-cdd8-4d8d-88d2-4c7ffe0dec1a@group-0AC947014A12-LeaderElection14] INFO  impl.RoleInfo (RoleInfo.java:updateAndGet(143)) - efb933de-cdd8-4d8d-88d2-4c7ffe0dec1a: start FollowerState
2019-10-16 21:52:51,387 [JUnit] INFO  ozone.MiniOzoneClusterImpl (MiniOzoneClusterImpl.java:lambda$waitForClusterToBeReady$2(164)) - Waiting for 1 number of pipelines out of 6, to report a leader.
2019-10-16 21:52:51,430 [Thread-308] INFO  impl.FollowerState (FollowerState.java:run(108)) - efb933de-cdd8-4d8d-88d2-4c7ffe0dec1a@group-0AC947014A12-FollowerState: change to CANDIDATE, lastRpcTime:151ms, electionTimeout:150ms
2019-10-16 21:52:51,430 [Thread-308] INFO  impl.RoleInfo (RoleInfo.java:shutdownFollowerState(121)) - efb933de-cdd8-4d8d-88d2-4c7ffe0dec1a: shutdown FollowerState
2019-10-16 21:52:51,430 [Thread-308] INFO  impl.RaftServerImpl (RaftServerImpl.java:setRole(184)) - efb933de-cdd8-4d8d-88d2-4c7ffe0dec1a@group-0AC947014A12: changes role from  FOLLOWER to CANDIDATE at term 11 for changeToCandidate
2019-10-16 21:52:51,431 [Thread-308] INFO  impl.RoleInfo (RoleInfo.java:updateAndGet(143)) - efb933de-cdd8-4d8d-88d2-4c7ffe0dec1a: start LeaderElection
2019-10-16 21:52:51,446 [efb933de-cdd8-4d8d-88d2-4c7ffe0dec1a@group-0AC947014A12-LeaderElection15] INFO  impl.LeaderElection (LeaderElection.java:askForVotes(178)) - efb933de-cdd8-4d8d-88d2-4c7ffe0dec1a@group-0AC947014A12-LeaderElection15: begin an election at term 12 for -1: [5c3956af-60d3-411f-8c98-c7ed3576de5c:192.168.34.38:33787, efb933de-cdd8-4d8d-88d2-4c7ffe0dec1a:192.168.34.38:42459, 9d88716d-5d6b-4fd8-b832-a110dc45ee66:192.168.34.38:38211], old=null
2019-10-16 21:52:51,451 [grpc-default-executor-3] INFO  impl.RaftServerImpl (RaftServerImpl.java:setRole(184)) - 5c3956af-60d3-411f-8c98-c7ed3576de5c@group-0AC947014A12: changes role from  FOLLOWER to FOLLOWER at term 12 for recognizeCandidate:efb933de-cdd8-4d8d-88d2-4c7ffe0dec1a
2019-10-16 21:52:51,452 [grpc-default-executor-3] INFO  impl.RoleInfo (RoleInfo.java:shutdownFollowerState(121)) - 5c3956af-60d3-411f-8c98-c7ed3576de5c: shutdown FollowerState
2019-10-16 21:52:51,452 [grpc-default-executor-3] INFO  impl.RoleInfo (RoleInfo.java:updateAndGet(143)) - 5c3956af-60d3-411f-8c98-c7ed3576de5c: start FollowerState
2019-10-16 21:52:51,452 [Thread-306] INFO  impl.FollowerState (FollowerState.java:run(117)) - 5c3956af-60d3-411f-8c98-c7ed3576de5c@group-0AC947014A12-FollowerState was interrupted: java.lang.InterruptedException: sleep interrupted
2019-10-16 21:52:51,452 [grpc-default-executor-0] INFO  impl.RaftServerImpl (RaftServerImpl.java:setRole(184)) - 9d88716d-5d6b-4fd8-b832-a110dc45ee66@group-0AC947014A12: changes role from  FOLLOWER to FOLLOWER at term 12 for recognizeCandidate:efb933de-cdd8-4d8d-88d2-4c7ffe0dec1a
2019-10-16 21:52:51,453 [grpc-default-executor-0] INFO  impl.RoleInfo (RoleInfo.java:shutdownFollowerState(121)) - 9d88716d-5d6b-4fd8-b832-a110dc45ee66: shutdown FollowerState
2019-10-16 21:52:51,453 [Thread-307] INFO  impl.FollowerState (FollowerState.java:run(117)) - 9d88716d-5d6b-4fd8-b832-a110dc45ee66@group-0AC947014A12-FollowerState was interrupted: java.lang.InterruptedException: sleep interrupted
2019-10-16 21:52:51,453 [grpc-default-executor-0] INFO  impl.RoleInfo (RoleInfo.java:updateAndGet(143)) - 9d88716d-5d6b-4fd8-b832-a110dc45ee66: start FollowerState
2019-10-16 21:52:51,468 [efb933de-cdd8-4d8d-88d2-4c7ffe0dec1a@group-0AC947014A12-LeaderElection15] INFO  impl.LeaderElection (LeaderElection.java:logAndReturn(56)) - efb933de-cdd8-4d8d-88d2-4c7ffe0dec1a@group-0AC947014A12-LeaderElection15: Election REJECTED; received 2 response(s) [efb933de-cdd8-4d8d-88d2-4c7ffe0dec1a<-5c3956af-60d3-411f-8c98-c7ed3576de5c#0:FAIL-t12, efb933de-cdd8-4d8d-88d2-4c7ffe0dec1a<-9d88716d-5d6b-4fd8-b832-a110dc45ee66#0:FAIL-t12] and 0 exception(s); efb933de-cdd8-4d8d-88d2-4c7ffe0dec1a@group-0AC947014A12:t12, leader=null, voted=efb933de-cdd8-4d8d-88d2-4c7ffe0dec1a, raftlog=efb933de-cdd8-4d8d-88d2-4c7ffe0dec1a@group-0AC947014A12-SegmentedRaftLog:OPENED:c-1,f-1,i0, conf=-1: [5c3956af-60d3-411f-8c98-c7ed3576de5c:192.168.34.38:33787, efb933de-cdd8-4d8d-88d2-4c7ffe0dec1a:192.168.34.38:42459, 9d88716d-5d6b-4fd8-b832-a110dc45ee66:192.168.34.38:38211], old=null
2019-10-16 21:52:51,469 [efb933de-cdd8-4d8d-88d2-4c7ffe0dec1a@group-0AC947014A12-LeaderElection15] INFO  impl.RaftServerImpl (RaftServerImpl.java:setRole(184)) - efb933de-cdd8-4d8d-88d2-4c7ffe0dec1a@group-0AC947014A12: changes role from CANDIDATE to FOLLOWER at term 12 for DISCOVERED_A_NEW_TERM
2019-10-16 21:52:51,469 [efb933de-cdd8-4d8d-88d2-4c7ffe0dec1a@group-0AC947014A12-LeaderElection15] INFO  impl.RoleInfo (RoleInfo.java:shutdownLeaderElection(134)) - efb933de-cdd8-4d8d-88d2-4c7ffe0dec1a: shutdown LeaderElection
2019-10-16 21:52:51,470 [efb933de-cdd8-4d8d-88d2-4c7ffe0dec1a@group-0AC947014A12-LeaderElection15] INFO  impl.RoleInfo (RoleInfo.java:updateAndGet(143)) - efb933de-cdd8-4d8d-88d2-4c7ffe0dec1a: start FollowerState
2019-10-16 21:52:51,534 [Thread-208] INFO  container.ReplicationManager (ReplicationManager.java:start(162)) - Starting Replication Monitor Thread.
2019-10-16 21:52:51,537 [Thread-208] INFO  pipeline.SCMPipelineManager (SCMPipelineManager.java:finalizeAndDestroyPipeline(315)) - destroying pipeline:Pipeline[ Id: 8a643e23-5a80-49e2-b9d9-0ac947014a12, Nodes: 5c3956af-60d3-411f-8c98-c7ed3576de5c{ip: 192.168.34.38, host: pr-hdds-1868-89kc4-1304904179, networkLocation: /default-rack, certSerialId: null}9d88716d-5d6b-4fd8-b832-a110dc45ee66{ip: 192.168.34.38, host: pr-hdds-1868-89kc4-1304904179, networkLocation: /default-rack, certSerialId: null}efb933de-cdd8-4d8d-88d2-4c7ffe0dec1a{ip: 192.168.34.38, host: pr-hdds-1868-89kc4-1304904179, networkLocation: /default-rack, certSerialId: null}, Type:RATIS, Factor:THREE, State:ALLOCATED]
2019-10-16 21:52:51,537 [ReplicationMonitor] INFO  container.ReplicationManager (ReplicationManager.java:run(225)) - Replication Monitor Thread took 0 milliseconds for processing 0 containers.
2019-10-16 21:52:51,537 [Thread-208] INFO  pipeline.PipelineStateManager (PipelineStateManager.java:finalizePipeline(123)) - Pipeline Pipeline[ Id: 8a643e23-5a80-49e2-b9d9-0ac947014a12, Nodes: 5c3956af-60d3-411f-8c98-c7ed3576de5c{ip: 192.168.34.38, host: pr-hdds-1868-89kc4-1304904179, networkLocation: /default-rack, certSerialId: null}9d88716d-5d6b-4fd8-b832-a110dc45ee66{ip: 192.168.34.38, host: pr-hdds-1868-89kc4-1304904179, networkLocation: /default-rack, certSerialId: null}efb933de-cdd8-4d8d-88d2-4c7ffe0dec1a{ip: 192.168.34.38, host: pr-hdds-1868-89kc4-1304904179, networkLocation: /default-rack, certSerialId: null}, Type:RATIS, Factor:THREE, State:CLOSED] moved to CLOSED state
2019-10-16 21:52:51,556 [grpc-default-executor-3] INFO  impl.RaftServerProxy (RaftServerProxy.java:remove(95)) - 5c3956af-60d3-411f-8c98-c7ed3576de5c: remove  FOLLOWER 5c3956af-60d3-411f-8c98-c7ed3576de5c@group-0AC947014A12:t12, leader=null, voted=null, raftlog=5c3956af-60d3-411f-8c98-c7ed3576de5c@group-0AC947014A12-SegmentedRaftLog:OPENED:c-1,f0,i0, conf=0: [5c3956af-60d3-411f-8c98-c7ed3576de5c:192.168.34.38:33787, efb933de-cdd8-4d8d-88d2-4c7ffe0dec1a:192.168.34.38:42459, 9d88716d-5d6b-4fd8-b832-a110dc45ee66:192.168.34.38:38211], old=null RUNNING
2019-10-16 21:52:51,559 [grpc-default-executor-3] INFO  impl.RaftServerImpl (RaftServerImpl.java:lambda$shutdown$3(261)) - 5c3956af-60d3-411f-8c98-c7ed3576de5c@group-0AC947014A12: shutdown
2019-10-16 21:52:51,559 [grpc-default-executor-3] INFO  util.JmxRegister (JmxRegister.java:unregister(73)) - Successfully un-registered JMX Bean with object name Ratis:service=RaftServer,group=group-0AC947014A12,id=5c3956af-60d3-411f-8c98-c7ed3576de5c
2019-10-16 21:52:51,559 [grpc-default-executor-3] INFO  impl.RoleInfo (RoleInfo.java:shutdownFollowerState(121)) - 5c3956af-60d3-411f-8c98-c7ed3576de5c: shutdown FollowerState
2019-10-16 21:52:51,559 [grpc-default-executor-3] INFO  impl.StateMachineUpdater (StateMachineUpdater.java:stopAndJoin(136)) - 5c3956af-60d3-411f-8c98-c7ed3576de5c@group-0AC947014A12-StateMachineUpdater: set stopIndex = -1
2019-10-16 21:52:51,559 [Thread-312] INFO  impl.FollowerState (FollowerState.java:run(117)) - 5c3956af-60d3-411f-8c98-c7ed3576de5c@group-0AC947014A12-FollowerState was interrupted: java.lang.InterruptedException: sleep interrupted
2019-10-16 21:52:51,560 [grpc-default-executor-3] INFO  impl.RaftServerImpl (ServerState.java:close(388)) - 5c3956af-60d3-411f-8c98-c7ed3576de5c@group-0AC947014A12: closes. applyIndex: -1
2019-10-16 21:52:51,562 [5c3956af-60d3-411f-8c98-c7ed3576de5c@group-0AC947014A12-SegmentedRaftLogWorker] INFO  segmented.SegmentedRaftLogWorker (SegmentedRaftLogWorker.java:run(316)) - 5c3956af-60d3-411f-8c98-c7ed3576de5c@group-0AC947014A12-SegmentedRaftLogWorker was interrupted, exiting. There are 0 tasks remaining in the queue.
2019-10-16 21:52:51,564 [grpc-default-executor-3] INFO  segmented.SegmentedRaftLogWorker (SegmentedRaftLogWorker.java:close(224)) - 5c3956af-60d3-411f-8c98-c7ed3576de5c@group-0AC947014A12-SegmentedRaftLogWorker close()
2019-10-16 21:52:51,582 [grpc-default-executor-3] INFO  impl.RaftServerProxy (RaftServerProxy.java:remove(95)) - 9d88716d-5d6b-4fd8-b832-a110dc45ee66: remove  FOLLOWER 9d88716d-5d6b-4fd8-b832-a110dc45ee66@group-0AC947014A12:t12, leader=null, voted=null, raftlog=9d88716d-5d6b-4fd8-b832-a110dc45ee66@group-0AC947014A12-SegmentedRaftLog:OPENED:c-1,f0,i0, conf=0: [5c3956af-60d3-411f-8c98-c7ed3576de5c:192.168.34.38:33787, efb933de-cdd8-4d8d-88d2-4c7ffe0dec1a:192.168.34.38:42459, 9d88716d-5d6b-4fd8-b832-a110dc45ee66:192.168.34.38:38211], old=null RUNNING
2019-10-16 21:52:51,582 [grpc-default-executor-3] INFO  impl.RaftServerImpl (RaftServerImpl.java:lambda$shutdown$3(261)) - 9d88716d-5d6b-4fd8-b832-a110dc45ee66@group-0AC947014A12: shutdown
2019-10-16 21:52:51,582 [grpc-default-executor-3] INFO  util.JmxRegister (JmxRegister.java:unregister(73)) - Successfully un-registered JMX Bean with object name Ratis:service=RaftServer,group=group-0AC947014A12,id=9d88716d-5d6b-4fd8-b832-a110dc45ee66
2019-10-16 21:52:51,583 [grpc-default-executor-3] INFO  impl.RoleInfo (RoleInfo.java:shutdownFollowerState(121)) - 9d88716d-5d6b-4fd8-b832-a110dc45ee66: shutdown FollowerState
2019-10-16 21:52:51,583 [grpc-default-executor-3] INFO  impl.StateMachineUpdater (StateMachineUpdater.java:stopAndJoin(136)) - 9d88716d-5d6b-4fd8-b832-a110dc45ee66@group-0AC947014A12-StateMachineUpdater: set stopIndex = -1
2019-10-16 21:52:51,583 [Thread-313] INFO  impl.FollowerState (FollowerState.java:run(117)) - 9d88716d-5d6b-4fd8-b832-a110dc45ee66@group-0AC947014A12-FollowerState was interrupted: java.lang.InterruptedException: sleep interrupted
2019-10-16 21:52:51,583 [grpc-default-executor-3] INFO  impl.RaftServerImpl (ServerState.java:close(388)) - 9d88716d-5d6b-4fd8-b832-a110dc45ee66@group-0AC947014A12: closes. applyIndex: -1
2019-10-16 21:52:51,585 [9d88716d-5d6b-4fd8-b832-a110dc45ee66@group-0AC947014A12-SegmentedRaftLogWorker] INFO  segmented.SegmentedRaftLogWorker (SegmentedRaftLogWorker.java:run(316)) - 9d88716d-5d6b-4fd8-b832-a110dc45ee66@group-0AC947014A12-SegmentedRaftLogWorker was interrupted, exiting. There are 0 tasks remaining in the queue.
2019-10-16 21:52:51,587 [grpc-default-executor-3] INFO  segmented.SegmentedRaftLogWorker (SegmentedRaftLogWorker.java:close(224)) - 9d88716d-5d6b-4fd8-b832-a110dc45ee66@group-0AC947014A12-SegmentedRaftLogWorker close()
2019-10-16 21:52:51,602 [grpc-default-executor-3] INFO  impl.RaftServerProxy (RaftServerProxy.java:remove(95)) - efb933de-cdd8-4d8d-88d2-4c7ffe0dec1a: remove  FOLLOWER efb933de-cdd8-4d8d-88d2-4c7ffe0dec1a@group-0AC947014A12:t12, leader=null, voted=efb933de-cdd8-4d8d-88d2-4c7ffe0dec1a, raftlog=efb933de-cdd8-4d8d-88d2-4c7ffe0dec1a@group-0AC947014A12-SegmentedRaftLog:OPENED:c-1,f-1,i0, conf=-1: [5c3956af-60d3-411f-8c98-c7ed3576de5c:192.168.34.38:33787, efb933de-cdd8-4d8d-88d2-4c7ffe0dec1a:192.168.34.38:42459, 9d88716d-5d6b-4fd8-b832-a110dc45ee66:192.168.34.38:38211], old=null RUNNING
2019-10-16 21:52:51,602 [grpc-default-executor-3] INFO  impl.RaftServerImpl (RaftServerImpl.java:lambda$shutdown$3(261)) - efb933de-cdd8-4d8d-88d2-4c7ffe0dec1a@group-0AC947014A12: shutdown
2019-10-16 21:52:51,603 [grpc-default-executor-3] INFO  util.JmxRegister (JmxRegister.java:unregister(73)) - Successfully un-registered JMX Bean with object name Ratis:service=RaftServer,group=group-0AC947014A12,id=efb933de-cdd8-4d8d-88d2-4c7ffe0dec1a
2019-10-16 21:52:51,603 [grpc-default-executor-3] INFO  impl.RoleInfo (RoleInfo.java:shutdownFollowerState(121)) - efb933de-cdd8-4d8d-88d2-4c7ffe0dec1a: shutdown FollowerState
2019-10-16 21:52:51,603 [grpc-default-executor-3] INFO  impl.StateMachineUpdater (StateMachineUpdater.java:stopAndJoin(136)) - efb933de-cdd8-4d8d-88d2-4c7ffe0dec1a@group-0AC947014A12-StateMachineUpdater: set stopIndex = -1
2019-10-16 21:52:51,603 [Thread-314] INFO  impl.FollowerState (FollowerState.java:run(117)) - efb933de-cdd8-4d8d-88d2-4c7ffe0dec1a@group-0AC947014A12-FollowerState was interrupted: java.lang.InterruptedException: sleep interrupted
2019-10-16 21:52:51,603 [grpc-default-executor-3] INFO  impl.RaftServerImpl (ServerState.java:close(388)) - efb933de-cdd8-4d8d-88d2-4c7ffe0dec1a@group-0AC947014A12: closes. applyIndex: -1
2019-10-16 21:52:51,605 [efb933de-cdd8-4d8d-88d2-4c7ffe0dec1a@group-0AC947014A12-SegmentedRaftLogWorker] INFO  segmented.SegmentedRaftLogWorker (SegmentedRaftLogWorker.java:run(316)) - efb933de-cdd8-4d8d-88d2-4c7ffe0dec1a@group-0AC947014A12-SegmentedRaftLogWorker was interrupted, exiting. There are 0 tasks remaining in the queue.
2019-10-16 21:52:51,605 [grpc-default-executor-3] INFO  segmented.SegmentedRaftLogWorker (SegmentedRaftLogWorker.java:close(224)) - efb933de-cdd8-4d8d-88d2-4c7ffe0dec1a@group-0AC947014A12-SegmentedRaftLogWorker close()
2019-10-16 21:52:51,612 [Thread-208] INFO  pipeline.PipelineStateManager (PipelineStateManager.java:removePipeline(108)) - Pipeline Pipeline[ Id: 8a643e23-5a80-49e2-b9d9-0ac947014a12, Nodes: 5c3956af-60d3-411f-8c98-c7ed3576de5c{ip: 192.168.34.38, host: pr-hdds-1868-89kc4-1304904179, networkLocation: /default-rack, certSerialId: null}9d88716d-5d6b-4fd8-b832-a110dc45ee66{ip: 192.168.34.38, host: pr-hdds-1868-89kc4-1304904179, networkLocation: /default-rack, certSerialId: null}efb933de-cdd8-4d8d-88d2-4c7ffe0dec1a{ip: 192.168.34.38, host: pr-hdds-1868-89kc4-1304904179, networkLocation: /default-rack, certSerialId: null}, Type:RATIS, Factor:THREE, State:CLOSED] removed from db
2019-10-16 21:52:51,630 [grpc-default-executor-2] INFO  impl.RaftServerProxy (RaftServerProxy.java:addNew(89)) - 9d88716d-5d6b-4fd8-b832-a110dc45ee66: addNew group-EE856C9543A1:[5c3956af-60d3-411f-8c98-c7ed3576de5c:192.168.34.38:33787, efb933de-cdd8-4d8d-88d2-4c7ffe0dec1a:192.168.34.38:42459, 9d88716d-5d6b-4fd8-b832-a110dc45ee66:192.168.34.38:38211] returns group-EE856C9543A1:java.util.concurrent.CompletableFuture@30e77314[Not completed]
2019-10-16 21:52:51,630 [grpc-default-executor-3] INFO  impl.RaftServerProxy (RaftServerProxy.java:addNew(89)) - 5c3956af-60d3-411f-8c98-c7ed3576de5c: addNew group-EE856C9543A1:[5c3956af-60d3-411f-8c98-c7ed3576de5c:192.168.34.38:33787, efb933de-cdd8-4d8d-88d2-4c7ffe0dec1a:192.168.34.38:42459, 9d88716d-5d6b-4fd8-b832-a110dc45ee66:192.168.34.38:38211] returns group-EE856C9543A1:java.util.concurrent.CompletableFuture@71d57805[Not completed]
2019-10-16 21:52:51,631 [grpc-default-executor-0] INFO  impl.RaftServerProxy (RaftServerProxy.java:addNew(89)) - efb933de-cdd8-4d8d-88d2-4c7ffe0dec1a: addNew group-EE856C9543A1:[5c3956af-60d3-411f-8c98-c7ed3576de5c:192.168.34.38:33787, efb933de-cdd8-4d8d-88d2-4c7ffe0dec1a:192.168.34.38:42459, 9d88716d-5d6b-4fd8-b832-a110dc45ee66:192.168.34.38:38211] returns group-EE856C9543A1:java.util.concurrent.CompletableFuture@78690689[Not completed]
2019-10-16 21:52:51,633 [pool-57-thread-1] INFO  impl.RaftServerImpl (RaftServerImpl.java:<init>(104)) - 9d88716d-5d6b-4fd8-b832-a110dc45ee66: new RaftServerImpl for group-EE856C9543A1:[5c3956af-60d3-411f-8c98-c7ed3576de5c:192.168.34.38:33787, efb933de-cdd8-4d8d-88d2-4c7ffe0dec1a:192.168.34.38:42459, 9d88716d-5d6b-4fd8-b832-a110dc45ee66:192.168.34.38:38211] with ContainerStateMachine:uninitialized
2019-10-16 21:52:51,633 [pool-57-thread-1] INFO  server.RaftServerConfigKeys (ConfUtils.java:logGet(43)) - raft.server.rpc.timeout.min = 5s (custom)
2019-10-16 21:52:51,633 [pool-57-thread-1] INFO  server.RaftServerConfigKeys (ConfUtils.java:logGet(43)) - raft.server.rpc.timeout.max = 5200ms (custom)
2019-10-16 21:52:51,633 [pool-57-thread-1] INFO  server.RaftServerConfigKeys (ConfUtils.java:logGet(43)) - raft.server.rpcslowness.timeout = 120s (custom)
2019-10-16 21:52:51,634 [pool-57-thread-1] INFO  server.RaftServerConfigKeys (ConfUtils.java:logGet(43)) - raft.server.sleep.deviation.threshold = 300 (default)
2019-10-16 21:52:51,634 [pool-57-thread-1] INFO  server.RaftServerConfigKeys (ConfUtils.java:logGet(43)) - raft.server.log.appender.install.snapshot.enabled = false (custom)
2019-10-16 21:52:51,634 [pool-57-thread-1] INFO  impl.RaftServerImpl (ServerState.java:<init>(103)) - 9d88716d-5d6b-4fd8-b832-a110dc45ee66@group-EE856C9543A1: ConfigurationManager, init=-1: [5c3956af-60d3-411f-8c98-c7ed3576de5c:192.168.34.38:33787, efb933de-cdd8-4d8d-88d2-4c7ffe0dec1a:192.168.34.38:42459, 9d88716d-5d6b-4fd8-b832-a110dc45ee66:192.168.34.38:38211], old=null, confs=<EMPTY_MAP>
2019-10-16 21:52:51,634 [pool-27-thread-1] INFO  impl.RaftServerImpl (RaftServerImpl.java:<init>(104)) - efb933de-cdd8-4d8d-88d2-4c7ffe0dec1a: new RaftServerImpl for group-EE856C9543A1:[5c3956af-60d3-411f-8c98-c7ed3576de5c:192.168.34.38:33787, efb933de-cdd8-4d8d-88d2-4c7ffe0dec1a:192.168.34.38:42459, 9d88716d-5d6b-4fd8-b832-a110dc45ee66:192.168.34.38:38211] with ContainerStateMachine:uninitialized
2019-10-16 21:52:51,634 [pool-57-thread-1] INFO  server.RaftServerConfigKeys (ConfUtils.java:logGet(43)) - raft.server.storage.dir = [/workdir/hadoop-ozone/ozonefs/target/test-dir/MiniOzoneClusterImpl-d26aec2b-09c1-4f88-9204-0bb43e71ee01/datanode-3/data/ratis] (custom)
2019-10-16 21:52:51,634 [pool-27-thread-1] INFO  server.RaftServerConfigKeys (ConfUtils.java:logGet(43)) - raft.server.rpc.timeout.min = 5s (custom)
2019-10-16 21:52:51,634 [pool-27-thread-1] INFO  server.RaftServerConfigKeys (ConfUtils.java:logGet(43)) - raft.server.rpc.timeout.max = 5200ms (custom)
2019-10-16 21:52:51,635 [pool-57-thread-1] INFO  server.RaftServerConfigKeys (ConfUtils.java:logGet(43)) - raft.server.log.corruption.policy = EXCEPTION (default)
2019-10-16 21:52:51,635 [pool-27-thread-1] INFO  server.RaftServerConfigKeys (ConfUtils.java:logGet(43)) - raft.server.rpcslowness.timeout = 120s (custom)
2019-10-16 21:52:51,635 [pool-57-thread-1] INFO  storage.RaftStorageDirectory (RaftStorageDirectory.java:analyzeStorage(246)) - The storage directory /workdir/hadoop-ozone/ozonefs/target/test-dir/MiniOzoneClusterImpl-d26aec2b-09c1-4f88-9204-0bb43e71ee01/datanode-3/data/ratis/1bf82b5e-0ea1-4459-996d-ee856c9543a1 does not exist. Creating ...
2019-10-16 21:52:51,635 [pool-27-thread-1] INFO  server.RaftServerConfigKeys (ConfUtils.java:logGet(43)) - raft.server.sleep.deviation.threshold = 300 (default)
2019-10-16 21:52:51,635 [pool-27-thread-1] INFO  server.RaftServerConfigKeys (ConfUtils.java:logGet(43)) - raft.server.log.appender.install.snapshot.enabled = false (custom)
2019-10-16 21:52:51,635 [pool-37-thread-1] INFO  impl.RaftServerImpl (RaftServerImpl.java:<init>(104)) - 5c3956af-60d3-411f-8c98-c7ed3576de5c: new RaftServerImpl for group-EE856C9543A1:[5c3956af-60d3-411f-8c98-c7ed3576de5c:192.168.34.38:33787, efb933de-cdd8-4d8d-88d2-4c7ffe0dec1a:192.168.34.38:42459, 9d88716d-5d6b-4fd8-b832-a110dc45ee66:192.168.34.38:38211] with ContainerStateMachine:uninitialized
2019-10-16 21:52:51,635 [pool-27-thread-1] INFO  impl.RaftServerImpl (ServerState.java:<init>(103)) - efb933de-cdd8-4d8d-88d2-4c7ffe0dec1a@group-EE856C9543A1: ConfigurationManager, init=-1: [5c3956af-60d3-411f-8c98-c7ed3576de5c:192.168.34.38:33787, efb933de-cdd8-4d8d-88d2-4c7ffe0dec1a:192.168.34.38:42459, 9d88716d-5d6b-4fd8-b832-a110dc45ee66:192.168.34.38:38211], old=null, confs=<EMPTY_MAP>
2019-10-16 21:52:51,635 [pool-37-thread-1] INFO  server.RaftServerConfigKeys (ConfUtils.java:logGet(43)) - raft.server.rpc.timeout.min = 5s (custom)
2019-10-16 21:52:51,636 [pool-27-thread-1] INFO  server.RaftServerConfigKeys (ConfUtils.java:logGet(43)) - raft.server.storage.dir = [/workdir/hadoop-ozone/ozonefs/target/test-dir/MiniOzoneClusterImpl-d26aec2b-09c1-4f88-9204-0bb43e71ee01/datanode-0/data/ratis] (custom)
2019-10-16 21:52:51,636 [pool-37-thread-1] INFO  server.RaftServerConfigKeys (ConfUtils.java:logGet(43)) - raft.server.rpc.timeout.max = 5200ms (custom)
2019-10-16 21:52:51,636 [pool-27-thread-1] INFO  server.RaftServerConfigKeys (ConfUtils.java:logGet(43)) - raft.server.log.corruption.policy = EXCEPTION (default)
2019-10-16 21:52:51,636 [pool-37-thread-1] INFO  server.RaftServerConfigKeys (ConfUtils.java:logGet(43)) - raft.server.rpcslowness.timeout = 120s (custom)
2019-10-16 21:52:51,636 [pool-27-thread-1] INFO  storage.RaftStorageDirectory (RaftStorageDirectory.java:analyzeStorage(246)) - The storage directory /workdir/hadoop-ozone/ozonefs/target/test-dir/MiniOzoneClusterImpl-d26aec2b-09c1-4f88-9204-0bb43e71ee01/datanode-0/data/ratis/1bf82b5e-0ea1-4459-996d-ee856c9543a1 does not exist. Creating ...
2019-10-16 21:52:51,636 [pool-37-thread-1] INFO  server.RaftServerConfigKeys (ConfUtils.java:logGet(43)) - raft.server.sleep.deviation.threshold = 300 (default)
2019-10-16 21:52:51,636 [pool-37-thread-1] INFO  server.RaftServerConfigKeys (ConfUtils.java:logGet(43)) - raft.server.log.appender.install.snapshot.enabled = false (custom)
2019-10-16 21:52:51,636 [pool-37-thread-1] INFO  impl.RaftServerImpl (ServerState.java:<init>(103)) - 5c3956af-60d3-411f-8c98-c7ed3576de5c@group-EE856C9543A1: ConfigurationManager, init=-1: [5c3956af-60d3-411f-8c98-c7ed3576de5c:192.168.34.38:33787, efb933de-cdd8-4d8d-88d2-4c7ffe0dec1a:192.168.34.38:42459, 9d88716d-5d6b-4fd8-b832-a110dc45ee66:192.168.34.38:38211], old=null, confs=<EMPTY_MAP>
2019-10-16 21:52:51,637 [pool-37-thread-1] INFO  server.RaftServerConfigKeys (ConfUtils.java:logGet(43)) - raft.server.storage.dir = [/workdir/hadoop-ozone/ozonefs/target/test-dir/MiniOzoneClusterImpl-d26aec2b-09c1-4f88-9204-0bb43e71ee01/datanode-1/data/ratis] (custom)
2019-10-16 21:52:51,637 [pool-37-thread-1] INFO  server.RaftServerConfigKeys (ConfUtils.java:logGet(43)) - raft.server.log.corruption.policy = EXCEPTION (default)
2019-10-16 21:52:51,637 [pool-37-thread-1] INFO  storage.RaftStorageDirectory (RaftStorageDirectory.java:analyzeStorage(246)) - The storage directory /workdir/hadoop-ozone/ozonefs/target/test-dir/MiniOzoneClusterImpl-d26aec2b-09c1-4f88-9204-0bb43e71ee01/datanode-1/data/ratis/1bf82b5e-0ea1-4459-996d-ee856c9543a1 does not exist. Creating ...
2019-10-16 21:52:51,650 [pool-57-thread-1] INFO  storage.RaftStorageDirectory (RaftStorageDirectory.java:tryLock(328)) - Lock on /workdir/hadoop-ozone/ozonefs/target/test-dir/MiniOzoneClusterImpl-d26aec2b-09c1-4f88-9204-0bb43e71ee01/datanode-3/data/ratis/1bf82b5e-0ea1-4459-996d-ee856c9543a1/in_use.lock acquired by nodename 10392@pr-hdds-1868-89kc4-1304904179
2019-10-16 21:52:51,650 [pool-37-thread-1] INFO  storage.RaftStorageDirectory (RaftStorageDirectory.java:tryLock(328)) - Lock on /workdir/hadoop-ozone/ozonefs/target/test-dir/MiniOzoneClusterImpl-d26aec2b-09c1-4f88-9204-0bb43e71ee01/datanode-1/data/ratis/1bf82b5e-0ea1-4459-996d-ee856c9543a1/in_use.lock acquired by nodename 10392@pr-hdds-1868-89kc4-1304904179
2019-10-16 21:52:51,650 [pool-27-thread-1] INFO  storage.RaftStorageDirectory (RaftStorageDirectory.java:tryLock(328)) - Lock on /workdir/hadoop-ozone/ozonefs/target/test-dir/MiniOzoneClusterImpl-d26aec2b-09c1-4f88-9204-0bb43e71ee01/datanode-0/data/ratis/1bf82b5e-0ea1-4459-996d-ee856c9543a1/in_use.lock acquired by nodename 10392@pr-hdds-1868-89kc4-1304904179
2019-10-16 21:52:51,665 [pool-27-thread-1] INFO  storage.RaftStorage (RaftStorage.java:format(84)) - Storage directory /workdir/hadoop-ozone/ozonefs/target/test-dir/MiniOzoneClusterImpl-d26aec2b-09c1-4f88-9204-0bb43e71ee01/datanode-0/data/ratis/1bf82b5e-0ea1-4459-996d-ee856c9543a1 has been successfully formatted.
2019-10-16 21:52:51,665 [pool-37-thread-1] INFO  storage.RaftStorage (RaftStorage.java:format(84)) - Storage directory /workdir/hadoop-ozone/ozonefs/target/test-dir/MiniOzoneClusterImpl-d26aec2b-09c1-4f88-9204-0bb43e71ee01/datanode-1/data/ratis/1bf82b5e-0ea1-4459-996d-ee856c9543a1 has been successfully formatted.
2019-10-16 21:52:51,665 [pool-57-thread-1] INFO  storage.RaftStorage (RaftStorage.java:format(84)) - Storage directory /workdir/hadoop-ozone/ozonefs/target/test-dir/MiniOzoneClusterImpl-d26aec2b-09c1-4f88-9204-0bb43e71ee01/datanode-3/data/ratis/1bf82b5e-0ea1-4459-996d-ee856c9543a1 has been successfully formatted.
2019-10-16 21:52:51,665 [pool-27-thread-1] INFO  ratis.ContainerStateMachine (ContainerStateMachine.java:loadSnapshot(233)) - group-EE856C9543A1: The snapshot info is null. Setting the last applied indexto:(t:0, i:~)
2019-10-16 21:52:51,665 [pool-37-thread-1] INFO  ratis.ContainerStateMachine (ContainerStateMachine.java:loadSnapshot(233)) - group-EE856C9543A1: The snapshot info is null. Setting the last applied indexto:(t:0, i:~)
2019-10-16 21:52:51,665 [pool-27-thread-1] INFO  server.RaftServerConfigKeys (ConfUtils.java:logGet(43)) - raft.server.notification.no-leader.timeout = 120s (custom)
2019-10-16 21:52:51,665 [pool-57-thread-1] INFO  ratis.ContainerStateMachine (ContainerStateMachine.java:loadSnapshot(233)) - group-EE856C9543A1: The snapshot info is null. Setting the last applied indexto:(t:0, i:~)
2019-10-16 21:52:51,665 [pool-27-thread-1] INFO  server.RaftServerConfigKeys (ConfUtils.java:logGet(43)) - raft.server.log.use.memory = false (default)
2019-10-16 21:52:51,665 [pool-37-thread-1] INFO  server.RaftServerConfigKeys (ConfUtils.java:logGet(43)) - raft.server.notification.no-leader.timeout = 120s (custom)
2019-10-16 21:52:51,666 [pool-27-thread-1] INFO  server.RaftServerConfigKeys (ConfUtils.java:logGet(43)) - raft.server.log.purge.gap = 1000000 (custom)
2019-10-16 21:52:51,665 [pool-57-thread-1] INFO  server.RaftServerConfigKeys (ConfUtils.java:logGet(43)) - raft.server.notification.no-leader.timeout = 120s (custom)
2019-10-16 21:52:51,666 [pool-27-thread-1] INFO  server.RaftServerConfigKeys (ConfUtils.java:logGet(43)) - raft.server.log.appender.buffer.byte-limit = 33554432 (custom)
2019-10-16 21:52:51,666 [pool-37-thread-1] INFO  server.RaftServerConfigKeys (ConfUtils.java:logGet(43)) - raft.server.log.use.memory = false (default)
2019-10-16 21:52:51,666 [pool-27-thread-1] INFO  server.RaftServerConfigKeys (ConfUtils.java:logGet(43)) - raft.server.log.segment.size.max = 1048576 (custom)
2019-10-16 21:52:51,666 [pool-57-thread-1] INFO  server.RaftServerConfigKeys (ConfUtils.java:logGet(43)) - raft.server.log.use.memory = false (default)
2019-10-16 21:52:51,666 [pool-27-thread-1] INFO  server.RaftServerConfigKeys (ConfUtils.java:logGet(43)) - raft.server.log.segment.cache.num.max = 2 (custom)
2019-10-16 21:52:51,666 [pool-37-thread-1] INFO  server.RaftServerConfigKeys (ConfUtils.java:logGet(43)) - raft.server.log.purge.gap = 1000000 (custom)
2019-10-16 21:52:51,666 [pool-27-thread-1] INFO  segmented.SegmentedRaftLogWorker (SegmentedRaftLogWorker.java:<init>(173)) - new efb933de-cdd8-4d8d-88d2-4c7ffe0dec1a@group-EE856C9543A1-SegmentedRaftLogWorker for RaftStorage:Storage Directory /workdir/hadoop-ozone/ozonefs/target/test-dir/MiniOzoneClusterImpl-d26aec2b-09c1-4f88-9204-0bb43e71ee01/datanode-0/data/ratis/1bf82b5e-0ea1-4459-996d-ee856c9543a1
2019-10-16 21:52:51,666 [pool-57-thread-1] INFO  server.RaftServerConfigKeys (ConfUtils.java:logGet(43)) - raft.server.log.purge.gap = 1000000 (custom)
2019-10-16 21:52:51,667 [pool-27-thread-1] INFO  server.RaftServerConfigKeys (ConfUtils.java:logGet(43)) - raft.server.log.queue.byte-limit = 2147483647 (custom)
2019-10-16 21:52:51,666 [pool-37-thread-1] INFO  server.RaftServerConfigKeys (ConfUtils.java:logGet(43)) - raft.server.log.appender.buffer.byte-limit = 33554432 (custom)
2019-10-16 21:52:51,667 [pool-27-thread-1] INFO  server.RaftServerConfigKeys (ConfUtils.java:logGet(43)) - raft.server.log.queue.element-limit = 1024 (custom)
2019-10-16 21:52:51,667 [pool-57-thread-1] INFO  server.RaftServerConfigKeys (ConfUtils.java:logGet(43)) - raft.server.log.appender.buffer.byte-limit = 33554432 (custom)
2019-10-16 21:52:51,667 [pool-27-thread-1] INFO  server.RaftServerConfigKeys (ConfUtils.java:logGet(43)) - raft.server.log.segment.size.max = 1048576 (custom)
2019-10-16 21:52:51,667 [pool-37-thread-1] INFO  server.RaftServerConfigKeys (ConfUtils.java:logGet(43)) - raft.server.log.segment.size.max = 1048576 (custom)
2019-10-16 21:52:51,667 [pool-27-thread-1] INFO  server.RaftServerConfigKeys (ConfUtils.java:logGet(43)) - raft.server.log.preallocated.size = 16384 (custom)
2019-10-16 21:52:51,667 [pool-57-thread-1] INFO  server.RaftServerConfigKeys (ConfUtils.java:logGet(43)) - raft.server.log.segment.size.max = 1048576 (custom)
2019-10-16 21:52:51,667 [pool-27-thread-1] INFO  server.RaftServerConfigKeys (ConfUtils.java:logGet(43)) - raft.server.log.write.buffer.size = 33554432 (custom)
2019-10-16 21:52:51,667 [pool-37-thread-1] INFO  server.RaftServerConfigKeys (ConfUtils.java:logGet(43)) - raft.server.log.segment.cache.num.max = 2 (custom)
2019-10-16 21:52:51,668 [pool-27-thread-1] INFO  server.RaftServerConfigKeys (ConfUtils.java:logGet(43)) - raft.server.log.force.sync.num = 128 (default)
2019-10-16 21:52:51,667 [pool-57-thread-1] INFO  server.RaftServerConfigKeys (ConfUtils.java:logGet(43)) - raft.server.log.segment.cache.num.max = 2 (custom)
2019-10-16 21:52:51,668 [pool-27-thread-1] INFO  server.RaftServerConfigKeys (ConfUtils.java:logGet(43)) - raft.server.log.statemachine.data.sync = true (default)
2019-10-16 21:52:51,668 [pool-37-thread-1] INFO  segmented.SegmentedRaftLogWorker (SegmentedRaftLogWorker.java:<init>(173)) - new 5c3956af-60d3-411f-8c98-c7ed3576de5c@group-EE856C9543A1-SegmentedRaftLogWorker for RaftStorage:Storage Directory /workdir/hadoop-ozone/ozonefs/target/test-dir/MiniOzoneClusterImpl-d26aec2b-09c1-4f88-9204-0bb43e71ee01/datanode-1/data/ratis/1bf82b5e-0ea1-4459-996d-ee856c9543a1
2019-10-16 21:52:51,668 [pool-27-thread-1] INFO  server.RaftServerConfigKeys (ConfUtils.java:logGet(43)) - raft.server.log.statemachine.data.sync.timeout = 10s (default)
2019-10-16 21:52:51,668 [pool-57-thread-1] INFO  segmented.SegmentedRaftLogWorker (SegmentedRaftLogWorker.java:<init>(173)) - new 9d88716d-5d6b-4fd8-b832-a110dc45ee66@group-EE856C9543A1-SegmentedRaftLogWorker for RaftStorage:Storage Directory /workdir/hadoop-ozone/ozonefs/target/test-dir/MiniOzoneClusterImpl-d26aec2b-09c1-4f88-9204-0bb43e71ee01/datanode-3/data/ratis/1bf82b5e-0ea1-4459-996d-ee856c9543a1
2019-10-16 21:52:51,668 [pool-27-thread-1] INFO  server.RaftServerConfigKeys (ConfUtils.java:logGet(43)) - raft.server.log.statemachine.data.sync.timeout.retry = -1 (default)
2019-10-16 21:52:51,668 [pool-37-thread-1] INFO  server.RaftServerConfigKeys (ConfUtils.java:logGet(43)) - raft.server.log.queue.byte-limit = 2147483647 (custom)
2019-10-16 21:52:51,668 [pool-57-thread-1] INFO  server.RaftServerConfigKeys (ConfUtils.java:logGet(43)) - raft.server.log.queue.byte-limit = 2147483647 (custom)
2019-10-16 21:52:51,668 [pool-37-thread-1] INFO  server.RaftServerConfigKeys (ConfUtils.java:logGet(43)) - raft.server.log.queue.element-limit = 1024 (custom)
2019-10-16 21:52:51,668 [pool-27-thread-1] INFO  server.RaftServerConfigKeys (ConfUtils.java:logGet(43)) - raft.server.log.statemachine.data.caching.enabled = true (custom)
2019-10-16 21:52:51,669 [pool-37-thread-1] INFO  server.RaftServerConfigKeys (ConfUtils.java:logGet(43)) - raft.server.log.segment.size.max = 1048576 (custom)
2019-10-16 21:52:51,668 [pool-57-thread-1] INFO  server.RaftServerConfigKeys (ConfUtils.java:logGet(43)) - raft.server.log.queue.element-limit = 1024 (custom)
2019-10-16 21:52:51,669 [pool-27-thread-1] INFO  segmented.SegmentedRaftLogWorker (SegmentedRaftLogWorker.java:lambda$new$0(128)) - efb933de-cdd8-4d8d-88d2-4c7ffe0dec1a@group-EE856C9543A1-SegmentedRaftLogWorker: flushIndex: setUnconditionally 0 -> -1
2019-10-16 21:52:51,669 [pool-37-thread-1] INFO  server.RaftServerConfigKeys (ConfUtils.java:logGet(43)) - raft.server.log.preallocated.size = 16384 (custom)
2019-10-16 21:52:51,669 [pool-57-thread-1] INFO  server.RaftServerConfigKeys (ConfUtils.java:logGet(43)) - raft.server.log.segment.size.max = 1048576 (custom)
2019-10-16 21:52:51,669 [pool-27-thread-1] INFO  server.RaftServerConfigKeys (ConfUtils.java:logGet(43)) - raft.server.snapshot.auto.trigger.enabled = true (custom)
2019-10-16 21:52:51,669 [pool-37-thread-1] INFO  server.RaftServerConfigKeys (ConfUtils.java:logGet(43)) - raft.server.log.write.buffer.size = 33554432 (custom)
2019-10-16 21:52:51,669 [pool-27-thread-1] INFO  server.RaftServerConfigKeys (ConfUtils.java:logGet(43)) - raft.server.snapshot.auto.trigger.threshold = 10000 (custom)
2019-10-16 21:52:51,669 [pool-57-thread-1] INFO  server.RaftServerConfigKeys (ConfUtils.java:logGet(43)) - raft.server.log.preallocated.size = 16384 (custom)
2019-10-16 21:52:51,670 [pool-27-thread-1] INFO  server.RaftServerConfigKeys (ConfUtils.java:logGet(43)) - raft.server.snapshot.retention.file.num = 5 (custom)
2019-10-16 21:52:51,669 [pool-37-thread-1] INFO  server.RaftServerConfigKeys (ConfUtils.java:logGet(43)) - raft.server.log.force.sync.num = 128 (default)
2019-10-16 21:52:51,670 [pool-27-thread-1] INFO  server.RaftServerConfigKeys (ConfUtils.java:logGet(43)) - raft.server.retrycache.expirytime = 600000ms (custom)
2019-10-16 21:52:51,670 [pool-57-thread-1] INFO  server.RaftServerConfigKeys (ConfUtils.java:logGet(43)) - raft.server.log.write.buffer.size = 33554432 (custom)
2019-10-16 21:52:51,670 [pool-37-thread-1] INFO  server.RaftServerConfigKeys (ConfUtils.java:logGet(43)) - raft.server.log.statemachine.data.sync = true (default)
2019-10-16 21:52:51,670 [pool-57-thread-1] INFO  server.RaftServerConfigKeys (ConfUtils.java:logGet(43)) - raft.server.log.force.sync.num = 128 (default)
2019-10-16 21:52:51,670 [pool-37-thread-1] INFO  server.RaftServerConfigKeys (ConfUtils.java:logGet(43)) - raft.server.log.statemachine.data.sync.timeout = 10s (default)
2019-10-16 21:52:51,670 [pool-57-thread-1] INFO  server.RaftServerConfigKeys (ConfUtils.java:logGet(43)) - raft.server.log.statemachine.data.sync = true (default)
2019-10-16 21:52:51,670 [pool-37-thread-1] INFO  server.RaftServerConfigKeys (ConfUtils.java:logGet(43)) - raft.server.log.statemachine.data.sync.timeout.retry = -1 (default)
2019-10-16 21:52:51,671 [pool-57-thread-1] INFO  server.RaftServerConfigKeys (ConfUtils.java:logGet(43)) - raft.server.log.statemachine.data.sync.timeout = 10s (default)
2019-10-16 21:52:51,671 [pool-37-thread-1] INFO  server.RaftServerConfigKeys (ConfUtils.java:logGet(43)) - raft.server.log.statemachine.data.caching.enabled = true (custom)
2019-10-16 21:52:51,671 [pool-57-thread-1] INFO  server.RaftServerConfigKeys (ConfUtils.java:logGet(43)) - raft.server.log.statemachine.data.sync.timeout.retry = -1 (default)
2019-10-16 21:52:51,671 [pool-37-thread-1] INFO  segmented.SegmentedRaftLogWorker (SegmentedRaftLogWorker.java:lambda$new$0(128)) - 5c3956af-60d3-411f-8c98-c7ed3576de5c@group-EE856C9543A1-SegmentedRaftLogWorker: flushIndex: setUnconditionally 0 -> -1
2019-10-16 21:52:51,671 [pool-57-thread-1] INFO  server.RaftServerConfigKeys (ConfUtils.java:logGet(43)) - raft.server.log.statemachine.data.caching.enabled = true (custom)
2019-10-16 21:52:51,671 [pool-37-thread-1] INFO  server.RaftServerConfigKeys (ConfUtils.java:logGet(43)) - raft.server.snapshot.auto.trigger.enabled = true (custom)
2019-10-16 21:52:51,671 [pool-37-thread-1] INFO  server.RaftServerConfigKeys (ConfUtils.java:logGet(43)) - raft.server.snapshot.auto.trigger.threshold = 10000 (custom)
2019-10-16 21:52:51,671 [pool-57-thread-1] INFO  segmented.SegmentedRaftLogWorker (SegmentedRaftLogWorker.java:lambda$new$0(128)) - 9d88716d-5d6b-4fd8-b832-a110dc45ee66@group-EE856C9543A1-SegmentedRaftLogWorker: flushIndex: setUnconditionally 0 -> -1
2019-10-16 21:52:51,672 [pool-37-thread-1] INFO  server.RaftServerConfigKeys (ConfUtils.java:logGet(43)) - raft.server.snapshot.retention.file.num = 5 (custom)
2019-10-16 21:52:51,672 [pool-57-thread-1] INFO  server.RaftServerConfigKeys (ConfUtils.java:logGet(43)) - raft.server.snapshot.auto.trigger.enabled = true (custom)
2019-10-16 21:52:51,672 [pool-37-thread-1] INFO  server.RaftServerConfigKeys (ConfUtils.java:logGet(43)) - raft.server.retrycache.expirytime = 600000ms (custom)
2019-10-16 21:52:51,672 [pool-57-thread-1] INFO  server.RaftServerConfigKeys (ConfUtils.java:logGet(43)) - raft.server.snapshot.auto.trigger.threshold = 10000 (custom)
2019-10-16 21:52:51,672 [pool-57-thread-1] INFO  server.RaftServerConfigKeys (ConfUtils.java:logGet(43)) - raft.server.snapshot.retention.file.num = 5 (custom)
2019-10-16 21:52:51,672 [pool-57-thread-1] INFO  server.RaftServerConfigKeys (ConfUtils.java:logGet(43)) - raft.server.retrycache.expirytime = 600000ms (custom)
2019-10-16 21:52:51,673 [pool-27-thread-1] INFO  impl.RaftServerImpl (RaftServerImpl.java:start(195)) - efb933de-cdd8-4d8d-88d2-4c7ffe0dec1a@group-EE856C9543A1: start as a follower, conf=-1: [5c3956af-60d3-411f-8c98-c7ed3576de5c:192.168.34.38:33787, efb933de-cdd8-4d8d-88d2-4c7ffe0dec1a:192.168.34.38:42459, 9d88716d-5d6b-4fd8-b832-a110dc45ee66:192.168.34.38:38211], old=null
2019-10-16 21:52:51,673 [pool-27-thread-1] INFO  impl.RaftServerImpl (RaftServerImpl.java:setRole(184)) - efb933de-cdd8-4d8d-88d2-4c7ffe0dec1a@group-EE856C9543A1: changes role from      null to FOLLOWER at term 0 for startAsFollower
2019-10-16 21:52:51,673 [pool-27-thread-1] INFO  impl.RoleInfo (RoleInfo.java:updateAndGet(143)) - efb933de-cdd8-4d8d-88d2-4c7ffe0dec1a: start FollowerState
2019-10-16 21:52:51,673 [pool-27-thread-1] INFO  util.JmxRegister (JmxRegister.java:tryRegister(44)) - Successfully registered JMX Bean with object name Ratis:service=RaftServer,group=group-EE856C9543A1,id=efb933de-cdd8-4d8d-88d2-4c7ffe0dec1a
2019-10-16 21:52:51,676 [pool-37-thread-1] INFO  impl.RaftServerImpl (RaftServerImpl.java:start(195)) - 5c3956af-60d3-411f-8c98-c7ed3576de5c@group-EE856C9543A1: start as a follower, conf=-1: [5c3956af-60d3-411f-8c98-c7ed3576de5c:192.168.34.38:33787, efb933de-cdd8-4d8d-88d2-4c7ffe0dec1a:192.168.34.38:42459, 9d88716d-5d6b-4fd8-b832-a110dc45ee66:192.168.34.38:38211], old=null
2019-10-16 21:52:51,676 [pool-37-thread-1] INFO  impl.RaftServerImpl (RaftServerImpl.java:setRole(184)) - 5c3956af-60d3-411f-8c98-c7ed3576de5c@group-EE856C9543A1: changes role from      null to FOLLOWER at term 0 for startAsFollower
2019-10-16 21:52:51,676 [pool-37-thread-1] INFO  impl.RoleInfo (RoleInfo.java:updateAndGet(143)) - 5c3956af-60d3-411f-8c98-c7ed3576de5c: start FollowerState
2019-10-16 21:52:51,676 [pool-57-thread-1] INFO  impl.RaftServerImpl (RaftServerImpl.java:start(195)) - 9d88716d-5d6b-4fd8-b832-a110dc45ee66@group-EE856C9543A1: start as a follower, conf=-1: [5c3956af-60d3-411f-8c98-c7ed3576de5c:192.168.34.38:33787, efb933de-cdd8-4d8d-88d2-4c7ffe0dec1a:192.168.34.38:42459, 9d88716d-5d6b-4fd8-b832-a110dc45ee66:192.168.34.38:38211], old=null
2019-10-16 21:52:51,676 [pool-57-thread-1] INFO  impl.RaftServerImpl (RaftServerImpl.java:setRole(184)) - 9d88716d-5d6b-4fd8-b832-a110dc45ee66@group-EE856C9543A1: changes role from      null to FOLLOWER at term 0 for startAsFollower
2019-10-16 21:52:51,677 [pool-37-thread-1] INFO  util.JmxRegister (JmxRegister.java:tryRegister(44)) - Successfully registered JMX Bean with object name Ratis:service=RaftServer,group=group-EE856C9543A1,id=5c3956af-60d3-411f-8c98-c7ed3576de5c
2019-10-16 21:52:51,677 [pool-57-thread-1] INFO  impl.RoleInfo (RoleInfo.java:updateAndGet(143)) - 9d88716d-5d6b-4fd8-b832-a110dc45ee66: start FollowerState
2019-10-16 21:52:51,677 [pool-57-thread-1] INFO  util.JmxRegister (JmxRegister.java:tryRegister(44)) - Successfully registered JMX Bean with object name Ratis:service=RaftServer,group=group-EE856C9543A1,id=9d88716d-5d6b-4fd8-b832-a110dc45ee66
2019-10-16 21:52:51,691 [RatisPipelineUtilsThread] INFO  pipeline.PipelineStateManager (PipelineStateManager.java:addPipeline(57)) - Created pipeline Pipeline[ Id: 1bf82b5e-0ea1-4459-996d-ee856c9543a1, Nodes: 5c3956af-60d3-411f-8c98-c7ed3576de5c{ip: 192.168.34.38, host: pr-hdds-1868-89kc4-1304904179, networkLocation: /default-rack, certSerialId: null}9d88716d-5d6b-4fd8-b832-a110dc45ee66{ip: 192.168.34.38, host: pr-hdds-1868-89kc4-1304904179, networkLocation: /default-rack, certSerialId: null}efb933de-cdd8-4d8d-88d2-4c7ffe0dec1a{ip: 192.168.34.38, host: pr-hdds-1868-89kc4-1304904179, networkLocation: /default-rack, certSerialId: null}, Type:RATIS, Factor:THREE, State:ALLOCATED]
2019-10-16 21:52:51,784 [Thread-324] INFO  impl.FollowerState (FollowerState.java:run(108)) - 9d88716d-5d6b-4fd8-b832-a110dc45ee66@group-EE856C9543A1-FollowerState: change to CANDIDATE, lastRpcTime:107ms, electionTimeout:107ms
2019-10-16 21:52:51,784 [Thread-324] INFO  impl.RoleInfo (RoleInfo.java:shutdownFollowerState(121)) - 9d88716d-5d6b-4fd8-b832-a110dc45ee66: shutdown FollowerState
2019-10-16 21:52:51,785 [Thread-324] INFO  impl.RaftServerImpl (RaftServerImpl.java:setRole(184)) - 9d88716d-5d6b-4fd8-b832-a110dc45ee66@group-EE856C9543A1: changes role from  FOLLOWER to CANDIDATE at term 0 for changeToCandidate
2019-10-16 21:52:51,785 [Thread-324] INFO  impl.RoleInfo (RoleInfo.java:updateAndGet(143)) - 9d88716d-5d6b-4fd8-b832-a110dc45ee66: start LeaderElection
2019-10-16 21:52:51,806 [9d88716d-5d6b-4fd8-b832-a110dc45ee66@group-EE856C9543A1-LeaderElection16] INFO  impl.LeaderElection (LeaderElection.java:askForVotes(178)) - 9d88716d-5d6b-4fd8-b832-a110dc45ee66@group-EE856C9543A1-LeaderElection16: begin an election at term 1 for -1: [5c3956af-60d3-411f-8c98-c7ed3576de5c:192.168.34.38:33787, efb933de-cdd8-4d8d-88d2-4c7ffe0dec1a:192.168.34.38:42459, 9d88716d-5d6b-4fd8-b832-a110dc45ee66:192.168.34.38:38211], old=null
2019-10-16 21:52:51,815 [grpc-default-executor-3] INFO  impl.RaftServerImpl (RaftServerImpl.java:setRole(184)) - efb933de-cdd8-4d8d-88d2-4c7ffe0dec1a@group-EE856C9543A1: changes role from  FOLLOWER to FOLLOWER at term 1 for recognizeCandidate:9d88716d-5d6b-4fd8-b832-a110dc45ee66
2019-10-16 21:52:51,816 [grpc-default-executor-3] INFO  impl.RoleInfo (RoleInfo.java:shutdownFollowerState(121)) - efb933de-cdd8-4d8d-88d2-4c7ffe0dec1a: shutdown FollowerState
2019-10-16 21:52:51,816 [grpc-default-executor-0] INFO  impl.RaftServerImpl (RaftServerImpl.java:setRole(184)) - 5c3956af-60d3-411f-8c98-c7ed3576de5c@group-EE856C9543A1: changes role from  FOLLOWER to FOLLOWER at term 1 for recognizeCandidate:9d88716d-5d6b-4fd8-b832-a110dc45ee66
2019-10-16 21:52:51,816 [grpc-default-executor-3] INFO  impl.RoleInfo (RoleInfo.java:updateAndGet(143)) - efb933de-cdd8-4d8d-88d2-4c7ffe0dec1a: start FollowerState
2019-10-16 21:52:51,816 [Thread-322] INFO  impl.FollowerState (FollowerState.java:run(117)) - efb933de-cdd8-4d8d-88d2-4c7ffe0dec1a@group-EE856C9543A1-FollowerState was interrupted: java.lang.InterruptedException: sleep interrupted
2019-10-16 21:52:51,816 [grpc-default-executor-0] INFO  impl.RoleInfo (RoleInfo.java:shutdownFollowerState(121)) - 5c3956af-60d3-411f-8c98-c7ed3576de5c: shutdown FollowerState
2019-10-16 21:52:51,817 [Thread-323] INFO  impl.FollowerState (FollowerState.java:run(117)) - 5c3956af-60d3-411f-8c98-c7ed3576de5c@group-EE856C9543A1-FollowerState was interrupted: java.lang.InterruptedException: sleep interrupted
2019-10-16 21:52:51,817 [grpc-default-executor-0] INFO  impl.RoleInfo (RoleInfo.java:updateAndGet(143)) - 5c3956af-60d3-411f-8c98-c7ed3576de5c: start FollowerState
2019-10-16 21:52:51,834 [9d88716d-5d6b-4fd8-b832-a110dc45ee66@group-EE856C9543A1-LeaderElection16] INFO  impl.LeaderElection (LeaderElection.java:logAndReturn(56)) - 9d88716d-5d6b-4fd8-b832-a110dc45ee66@group-EE856C9543A1-LeaderElection16: Election PASSED; received 1 response(s) [9d88716d-5d6b-4fd8-b832-a110dc45ee66<-efb933de-cdd8-4d8d-88d2-4c7ffe0dec1a#0:OK-t1] and 0 exception(s); 9d88716d-5d6b-4fd8-b832-a110dc45ee66@group-EE856C9543A1:t1, leader=null, voted=9d88716d-5d6b-4fd8-b832-a110dc45ee66, raftlog=9d88716d-5d6b-4fd8-b832-a110dc45ee66@group-EE856C9543A1-SegmentedRaftLog:OPENED:c-1,f-1,i0, conf=-1: [5c3956af-60d3-411f-8c98-c7ed3576de5c:192.168.34.38:33787, efb933de-cdd8-4d8d-88d2-4c7ffe0dec1a:192.168.34.38:42459, 9d88716d-5d6b-4fd8-b832-a110dc45ee66:192.168.34.38:38211], old=null
2019-10-16 21:52:51,834 [9d88716d-5d6b-4fd8-b832-a110dc45ee66@group-EE856C9543A1-LeaderElection16] INFO  impl.RoleInfo (RoleInfo.java:shutdownLeaderElection(134)) - 9d88716d-5d6b-4fd8-b832-a110dc45ee66: shutdown LeaderElection
2019-10-16 21:52:51,834 [9d88716d-5d6b-4fd8-b832-a110dc45ee66@group-EE856C9543A1-LeaderElection16] INFO  impl.RaftServerImpl (RaftServerImpl.java:setRole(184)) - 9d88716d-5d6b-4fd8-b832-a110dc45ee66@group-EE856C9543A1: changes role from CANDIDATE to LEADER at term 1 for changeToLeader
2019-10-16 21:52:51,835 [9d88716d-5d6b-4fd8-b832-a110dc45ee66@group-EE856C9543A1-LeaderElection16] INFO  ratis.XceiverServerRatis (XceiverServerRatis.java:handleLeaderChangedNotification(700)) - Leader change notification received for group: group-EE856C9543A1 with new leaderId: 9d88716d-5d6b-4fd8-b832-a110dc45ee66
2019-10-16 21:52:51,835 [9d88716d-5d6b-4fd8-b832-a110dc45ee66@group-EE856C9543A1-LeaderElection16] INFO  impl.RaftServerImpl (ServerState.java:setLeader(256)) - 9d88716d-5d6b-4fd8-b832-a110dc45ee66@group-EE856C9543A1: change Leader from null to 9d88716d-5d6b-4fd8-b832-a110dc45ee66 at term 1 for becomeLeader, leader elected after 169ms
2019-10-16 21:52:51,835 [9d88716d-5d6b-4fd8-b832-a110dc45ee66@group-EE856C9543A1-LeaderElection16] INFO  server.RaftServerConfigKeys (ConfUtils.java:logGet(43)) - raft.server.staging.catchup.gap = 1000 (default)
2019-10-16 21:52:51,835 [9d88716d-5d6b-4fd8-b832-a110dc45ee66@group-EE856C9543A1-LeaderElection16] INFO  server.RaftServerConfigKeys (ConfUtils.java:logGet(43)) - raft.server.rpc.sleep.time = 25ms (default)
2019-10-16 21:52:51,836 [9d88716d-5d6b-4fd8-b832-a110dc45ee66@group-EE856C9543A1-LeaderElection16] INFO  server.RaftServerConfigKeys (ConfUtils.java:logGet(43)) - raft.server.write.element-limit = 4096 (default)
2019-10-16 21:52:51,837 [9d88716d-5d6b-4fd8-b832-a110dc45ee66@group-EE856C9543A1-LeaderElection16] INFO  server.RaftServerConfigKeys (ConfUtils.java:logGet(43)) - raft.server.watch.timeout = 10s (default)
2019-10-16 21:52:51,837 [9d88716d-5d6b-4fd8-b832-a110dc45ee66@group-EE856C9543A1-LeaderElection16] INFO  server.RaftServerConfigKeys (ConfUtils.java:logGet(43)) - raft.server.watch.timeout.denomination = 1s (default)
2019-10-16 21:52:51,837 [9d88716d-5d6b-4fd8-b832-a110dc45ee66@group-EE856C9543A1-LeaderElection16] INFO  server.RaftServerConfigKeys (ConfUtils.java:logGet(43)) - raft.server.watch.element-limit = 65536 (default)
2019-10-16 21:52:51,837 [EventQueue-PipelineReportForPipelineReportHandler] INFO  pipeline.PipelineReportHandler (PipelineReportHandler.java:processPipelineReport(119)) - Pipeline PipelineID=1bf82b5e-0ea1-4459-996d-ee856c9543a1 reported by 9d88716d-5d6b-4fd8-b832-a110dc45ee66{ip: 192.168.34.38, host: pr-hdds-1868-89kc4-1304904179, networkLocation: /default-rack, certSerialId: null} with leaderId 9d88716d-5d6b-4fd8-b832-a110dc45ee66
2019-10-16 21:52:51,874 [Thread-331] INFO  impl.FollowerState (FollowerState.java:run(108)) - efb933de-cdd8-4d8d-88d2-4c7ffe0dec1a@group-EE856C9543A1-FollowerState: change to CANDIDATE, lastRpcTime:57ms, electionTimeout:54ms
2019-10-16 21:52:51,875 [Thread-331] INFO  impl.RoleInfo (RoleInfo.java:shutdownFollowerState(121)) - efb933de-cdd8-4d8d-88d2-4c7ffe0dec1a: shutdown FollowerState
2019-10-16 21:52:51,875 [Thread-331] INFO  impl.RaftServerImpl (RaftServerImpl.java:setRole(184)) - efb933de-cdd8-4d8d-88d2-4c7ffe0dec1a@group-EE856C9543A1: changes role from  FOLLOWER to CANDIDATE at term 1 for changeToCandidate
2019-10-16 21:52:51,875 [Thread-331] INFO  impl.RoleInfo (RoleInfo.java:updateAndGet(143)) - efb933de-cdd8-4d8d-88d2-4c7ffe0dec1a: start LeaderElection
2019-10-16 21:52:51,889 [efb933de-cdd8-4d8d-88d2-4c7ffe0dec1a@group-EE856C9543A1-LeaderElection17] INFO  impl.LeaderElection (LeaderElection.java:askForVotes(178)) - efb933de-cdd8-4d8d-88d2-4c7ffe0dec1a@group-EE856C9543A1-LeaderElection17: begin an election at term 2 for -1: [5c3956af-60d3-411f-8c98-c7ed3576de5c:192.168.34.38:33787, efb933de-cdd8-4d8d-88d2-4c7ffe0dec1a:192.168.34.38:42459, 9d88716d-5d6b-4fd8-b832-a110dc45ee66:192.168.34.38:38211], old=null
2019-10-16 21:52:51,897 [grpc-default-executor-0] INFO  impl.RaftServerImpl (RaftServerImpl.java:setRole(184)) - 5c3956af-60d3-411f-8c98-c7ed3576de5c@group-EE856C9543A1: changes role from  FOLLOWER to FOLLOWER at term 2 for recognizeCandidate:efb933de-cdd8-4d8d-88d2-4c7ffe0dec1a
2019-10-16 21:52:51,897 [grpc-default-executor-0] INFO  impl.RoleInfo (RoleInfo.java:shutdownFollowerState(121)) - 5c3956af-60d3-411f-8c98-c7ed3576de5c: shutdown FollowerState
2019-10-16 21:52:51,902 [Thread-332] INFO  impl.FollowerState (FollowerState.java:run(117)) - 5c3956af-60d3-411f-8c98-c7ed3576de5c@group-EE856C9543A1-FollowerState was interrupted: java.lang.InterruptedException: sleep interrupted
2019-10-16 21:52:51,902 [grpc-default-executor-0] INFO  impl.RoleInfo (RoleInfo.java:updateAndGet(143)) - 5c3956af-60d3-411f-8c98-c7ed3576de5c: start FollowerState
2019-10-16 21:52:51,923 [efb933de-cdd8-4d8d-88d2-4c7ffe0dec1a@group-EE856C9543A1-LeaderElection17] INFO  impl.LeaderElection (LeaderElection.java:logAndReturn(56)) - efb933de-cdd8-4d8d-88d2-4c7ffe0dec1a@group-EE856C9543A1-LeaderElection17: Election PASSED; received 1 response(s) [efb933de-cdd8-4d8d-88d2-4c7ffe0dec1a<-5c3956af-60d3-411f-8c98-c7ed3576de5c#0:OK-t2] and 0 exception(s); efb933de-cdd8-4d8d-88d2-4c7ffe0dec1a@group-EE856C9543A1:t2, leader=null, voted=efb933de-cdd8-4d8d-88d2-4c7ffe0dec1a, raftlog=efb933de-cdd8-4d8d-88d2-4c7ffe0dec1a@group-EE856C9543A1-SegmentedRaftLog:OPENED:c-1,f-1,i0, conf=-1: [5c3956af-60d3-411f-8c98-c7ed3576de5c:192.168.34.38:33787, efb933de-cdd8-4d8d-88d2-4c7ffe0dec1a:192.168.34.38:42459, 9d88716d-5d6b-4fd8-b832-a110dc45ee66:192.168.34.38:38211], old=null
2019-10-16 21:52:51,923 [efb933de-cdd8-4d8d-88d2-4c7ffe0dec1a@group-EE856C9543A1-LeaderElection17] INFO  impl.RoleInfo (RoleInfo.java:shutdownLeaderElection(134)) - efb933de-cdd8-4d8d-88d2-4c7ffe0dec1a: shutdown LeaderElection
2019-10-16 21:52:51,923 [efb933de-cdd8-4d8d-88d2-4c7ffe0dec1a@group-EE856C9543A1-LeaderElection17] INFO  impl.RaftServerImpl (RaftServerImpl.java:setRole(184)) - efb933de-cdd8-4d8d-88d2-4c7ffe0dec1a@group-EE856C9543A1: changes role from CANDIDATE to LEADER at term 2 for changeToLeader
2019-10-16 21:52:51,923 [efb933de-cdd8-4d8d-88d2-4c7ffe0dec1a@group-EE856C9543A1-LeaderElection17] INFO  ratis.XceiverServerRatis (XceiverServerRatis.java:handleLeaderChangedNotification(700)) - Leader change notification received for group: group-EE856C9543A1 with new leaderId: efb933de-cdd8-4d8d-88d2-4c7ffe0dec1a
2019-10-16 21:52:51,924 [efb933de-cdd8-4d8d-88d2-4c7ffe0dec1a@group-EE856C9543A1-LeaderElection17] INFO  impl.RaftServerImpl (ServerState.java:setLeader(256)) - efb933de-cdd8-4d8d-88d2-4c7ffe0dec1a@group-EE856C9543A1: change Leader from null to efb933de-cdd8-4d8d-88d2-4c7ffe0dec1a at term 2 for becomeLeader, leader elected after 258ms
2019-10-16 21:52:51,924 [efb933de-cdd8-4d8d-88d2-4c7ffe0dec1a@group-EE856C9543A1-LeaderElection17] INFO  server.RaftServerConfigKeys (ConfUtils.java:logGet(43)) - raft.server.staging.catchup.gap = 1000 (default)
2019-10-16 21:52:51,925 [efb933de-cdd8-4d8d-88d2-4c7ffe0dec1a@group-EE856C9543A1-LeaderElection17] INFO  server.RaftServerConfigKeys (ConfUtils.java:logGet(43)) - raft.server.rpc.sleep.time = 25ms (default)
2019-10-16 21:52:51,933 [efb933de-cdd8-4d8d-88d2-4c7ffe0dec1a@group-EE856C9543A1-LeaderElection17] INFO  server.RaftServerConfigKeys (ConfUtils.java:logGet(43)) - raft.server.write.element-limit = 4096 (default)
2019-10-16 21:52:51,933 [efb933de-cdd8-4d8d-88d2-4c7ffe0dec1a@group-EE856C9543A1-LeaderElection17] INFO  server.RaftServerConfigKeys (ConfUtils.java:logGet(43)) - raft.server.watch.timeout = 10s (default)
2019-10-16 21:52:51,934 [efb933de-cdd8-4d8d-88d2-4c7ffe0dec1a@group-EE856C9543A1-LeaderElection17] INFO  server.RaftServerConfigKeys (ConfUtils.java:logGet(43)) - raft.server.watch.timeout.denomination = 1s (default)
2019-10-16 21:52:51,934 [efb933de-cdd8-4d8d-88d2-4c7ffe0dec1a@group-EE856C9543A1-LeaderElection17] INFO  server.RaftServerConfigKeys (ConfUtils.java:logGet(43)) - raft.server.watch.element-limit = 65536 (default)
2019-10-16 21:52:51,934 [EventQueue-PipelineReportForPipelineReportHandler] INFO  pipeline.PipelineReportHandler (PipelineReportHandler.java:processPipelineReport(119)) - Pipeline PipelineID=1bf82b5e-0ea1-4459-996d-ee856c9543a1 reported by efb933de-cdd8-4d8d-88d2-4c7ffe0dec1a{ip: 192.168.34.38, host: pr-hdds-1868-89kc4-1304904179, networkLocation: /default-rack, certSerialId: null} with leaderId efb933de-cdd8-4d8d-88d2-4c7ffe0dec1a
2019-10-16 21:52:51,972 [efb933de-cdd8-4d8d-88d2-4c7ffe0dec1a@group-EE856C9543A1-LeaderElection17] INFO  server.RaftServerConfigKeys (ConfUtils.java:logGet(43)) - raft.server.log.appender.snapshot.chunk.size.max = 16MB (=16777216) (default)
2019-10-16 21:52:51,972 [9d88716d-5d6b-4fd8-b832-a110dc45ee66@group-EE856C9543A1-LeaderElection16] INFO  server.RaftServerConfigKeys (ConfUtils.java:logGet(43)) - raft.server.log.appender.snapshot.chunk.size.max = 16MB (=16777216) (default)
2019-10-16 21:52:51,972 [efb933de-cdd8-4d8d-88d2-4c7ffe0dec1a@group-EE856C9543A1-LeaderElection17] INFO  server.RaftServerConfigKeys (ConfUtils.java:logGet(43)) - raft.server.log.appender.buffer.byte-limit = 33554432 (custom)
2019-10-16 21:52:51,972 [9d88716d-5d6b-4fd8-b832-a110dc45ee66@group-EE856C9543A1-LeaderElection16] INFO  server.RaftServerConfigKeys (ConfUtils.java:logGet(43)) - raft.server.log.appender.buffer.byte-limit = 33554432 (custom)
2019-10-16 21:52:51,972 [efb933de-cdd8-4d8d-88d2-4c7ffe0dec1a@group-EE856C9543A1-LeaderElection17] INFO  server.RaftServerConfigKeys (ConfUtils.java:logGet(43)) - raft.server.log.appender.buffer.element-limit = 1 (custom)
2019-10-16 21:52:51,972 [9d88716d-5d6b-4fd8-b832-a110dc45ee66@group-EE856C9543A1-LeaderElection16] INFO  server.RaftServerConfigKeys (ConfUtils.java:logGet(43)) - raft.server.log.appender.buffer.element-limit = 1 (custom)
2019-10-16 21:52:51,973 [efb933de-cdd8-4d8d-88d2-4c7ffe0dec1a@group-EE856C9543A1-LeaderElection17] INFO  grpc.GrpcConfigKeys$Server (ConfUtils.java:logGet(43)) - raft.grpc.server.leader.outstanding.appends.max = 128 (default)
2019-10-16 21:52:51,973 [9d88716d-5d6b-4fd8-b832-a110dc45ee66@group-EE856C9543A1-LeaderElection16] INFO  grpc.GrpcConfigKeys$Server (ConfUtils.java:logGet(43)) - raft.grpc.server.leader.outstanding.appends.max = 128 (default)
2019-10-16 21:52:51,973 [efb933de-cdd8-4d8d-88d2-4c7ffe0dec1a@group-EE856C9543A1-LeaderElection17] INFO  server.RaftServerConfigKeys (ConfUtils.java:logGet(43)) - raft.server.rpc.request.timeout = 3000ms (default)
2019-10-16 21:52:51,973 [9d88716d-5d6b-4fd8-b832-a110dc45ee66@group-EE856C9543A1-LeaderElection16] INFO  server.RaftServerConfigKeys (ConfUtils.java:logGet(43)) - raft.server.rpc.request.timeout = 3000ms (default)
2019-10-16 21:52:51,973 [efb933de-cdd8-4d8d-88d2-4c7ffe0dec1a@group-EE856C9543A1-LeaderElection17] INFO  server.RaftServerConfigKeys (ConfUtils.java:logGet(43)) - raft.server.log.appender.install.snapshot.enabled = false (custom)
2019-10-16 21:52:51,973 [9d88716d-5d6b-4fd8-b832-a110dc45ee66@group-EE856C9543A1-LeaderElection16] INFO  server.RaftServerConfigKeys (ConfUtils.java:logGet(43)) - raft.server.log.appender.install.snapshot.enabled = false (custom)
2019-10-16 21:52:51,977 [efb933de-cdd8-4d8d-88d2-4c7ffe0dec1a@group-EE856C9543A1-LeaderElection17] INFO  server.RaftServerConfigKeys (ConfUtils.java:logGet(43)) - raft.server.log.appender.snapshot.chunk.size.max = 16MB (=16777216) (default)
2019-10-16 21:52:51,977 [efb933de-cdd8-4d8d-88d2-4c7ffe0dec1a@group-EE856C9543A1-LeaderElection17] INFO  server.RaftServerConfigKeys (ConfUtils.java:logGet(43)) - raft.server.log.appender.buffer.byte-limit = 33554432 (custom)
2019-10-16 21:52:51,977 [9d88716d-5d6b-4fd8-b832-a110dc45ee66@group-EE856C9543A1-LeaderElection16] INFO  server.RaftServerConfigKeys (ConfUtils.java:logGet(43)) - raft.server.log.appender.snapshot.chunk.size.max = 16MB (=16777216) (default)
2019-10-16 21:52:51,977 [efb933de-cdd8-4d8d-88d2-4c7ffe0dec1a@group-EE856C9543A1-LeaderElection17] INFO  server.RaftServerConfigKeys (ConfUtils.java:logGet(43)) - raft.server.log.appender.buffer.element-limit = 1 (custom)
2019-10-16 21:52:51,978 [9d88716d-5d6b-4fd8-b832-a110dc45ee66@group-EE856C9543A1-LeaderElection16] INFO  server.RaftServerConfigKeys (ConfUtils.java:logGet(43)) - raft.server.log.appender.buffer.byte-limit = 33554432 (custom)
2019-10-16 21:52:51,978 [efb933de-cdd8-4d8d-88d2-4c7ffe0dec1a@group-EE856C9543A1-LeaderElection17] INFO  grpc.GrpcConfigKeys$Server (ConfUtils.java:logGet(43)) - raft.grpc.server.leader.outstanding.appends.max = 128 (default)
2019-10-16 21:52:51,978 [9d88716d-5d6b-4fd8-b832-a110dc45ee66@group-EE856C9543A1-LeaderElection16] INFO  server.RaftServerConfigKeys (ConfUtils.java:logGet(43)) - raft.server.log.appender.buffer.element-limit = 1 (custom)
2019-10-16 21:52:51,978 [efb933de-cdd8-4d8d-88d2-4c7ffe0dec1a@group-EE856C9543A1-LeaderElection17] INFO  server.RaftServerConfigKeys (ConfUtils.java:logGet(43)) - raft.server.rpc.request.timeout = 3000ms (default)
2019-10-16 21:52:51,978 [9d88716d-5d6b-4fd8-b832-a110dc45ee66@group-EE856C9543A1-LeaderElection16] INFO  grpc.GrpcConfigKeys$Server (ConfUtils.java:logGet(43)) - raft.grpc.server.leader.outstanding.appends.max = 128 (default)
2019-10-16 21:52:51,978 [efb933de-cdd8-4d8d-88d2-4c7ffe0dec1a@group-EE856C9543A1-LeaderElection17] INFO  server.RaftServerConfigKeys (ConfUtils.java:logGet(43)) - raft.server.log.appender.install.snapshot.enabled = false (custom)
2019-10-16 21:52:51,979 [9d88716d-5d6b-4fd8-b832-a110dc45ee66@group-EE856C9543A1-LeaderElection16] INFO  server.RaftServerConfigKeys (ConfUtils.java:logGet(43)) - raft.server.rpc.request.timeout = 3000ms (default)
2019-10-16 21:52:51,979 [9d88716d-5d6b-4fd8-b832-a110dc45ee66@group-EE856C9543A1-LeaderElection16] INFO  server.RaftServerConfigKeys (ConfUtils.java:logGet(43)) - raft.server.log.appender.install.snapshot.enabled = false (custom)
2019-10-16 21:52:51,982 [efb933de-cdd8-4d8d-88d2-4c7ffe0dec1a@group-EE856C9543A1-LeaderElection17] INFO  impl.RoleInfo (RoleInfo.java:updateAndGet(143)) - efb933de-cdd8-4d8d-88d2-4c7ffe0dec1a: start LeaderState
2019-10-16 21:52:51,982 [9d88716d-5d6b-4fd8-b832-a110dc45ee66@group-EE856C9543A1-LeaderElection16] INFO  impl.RoleInfo (RoleInfo.java:updateAndGet(143)) - 9d88716d-5d6b-4fd8-b832-a110dc45ee66: start LeaderState
2019-10-16 21:52:51,983 [efb933de-cdd8-4d8d-88d2-4c7ffe0dec1a@group-EE856C9543A1-LeaderElection17] INFO  segmented.SegmentedRaftLogWorker (SegmentedRaftLogWorker.java:startLogSegment(385)) - efb933de-cdd8-4d8d-88d2-4c7ffe0dec1a@group-EE856C9543A1-SegmentedRaftLogWorker: Starting segment from index:0
2019-10-16 21:52:51,983 [9d88716d-5d6b-4fd8-b832-a110dc45ee66@group-EE856C9543A1-LeaderElection16] INFO  segmented.SegmentedRaftLogWorker (SegmentedRaftLogWorker.java:startLogSegment(385)) - 9d88716d-5d6b-4fd8-b832-a110dc45ee66@group-EE856C9543A1-SegmentedRaftLogWorker: Starting segment from index:0
2019-10-16 21:52:51,984 [efb933de-cdd8-4d8d-88d2-4c7ffe0dec1a@group-EE856C9543A1-LeaderElection17] INFO  impl.RaftServerImpl (ServerState.java:setRaftConf(357)) - efb933de-cdd8-4d8d-88d2-4c7ffe0dec1a@group-EE856C9543A1: set configuration 0: [5c3956af-60d3-411f-8c98-c7ed3576de5c:192.168.34.38:33787, efb933de-cdd8-4d8d-88d2-4c7ffe0dec1a:192.168.34.38:42459, 9d88716d-5d6b-4fd8-b832-a110dc45ee66:192.168.34.38:38211], old=null at 0
2019-10-16 21:52:51,984 [9d88716d-5d6b-4fd8-b832-a110dc45ee66@group-EE856C9543A1-LeaderElection16] INFO  impl.RaftServerImpl (ServerState.java:setRaftConf(357)) - 9d88716d-5d6b-4fd8-b832-a110dc45ee66@group-EE856C9543A1: set configuration 0: [5c3956af-60d3-411f-8c98-c7ed3576de5c:192.168.34.38:33787, efb933de-cdd8-4d8d-88d2-4c7ffe0dec1a:192.168.34.38:42459, 9d88716d-5d6b-4fd8-b832-a110dc45ee66:192.168.34.38:38211], old=null at 0
2019-10-16 21:52:51,985 [grpc-default-executor-3] INFO  impl.RaftServerImpl (ServerState.java:setLeader(256)) - 9d88716d-5d6b-4fd8-b832-a110dc45ee66@group-EE856C9543A1: change Leader from 9d88716d-5d6b-4fd8-b832-a110dc45ee66 to null at term 2 for updateCurrentTerm
2019-10-16 21:52:51,985 [grpc-default-executor-3] INFO  impl.RaftServerImpl (RaftServerImpl.java:setRole(184)) - 9d88716d-5d6b-4fd8-b832-a110dc45ee66@group-EE856C9543A1: changes role from    LEADER to FOLLOWER at term 2 for recognizeCandidate:efb933de-cdd8-4d8d-88d2-4c7ffe0dec1a
2019-10-16 21:52:51,985 [grpc-default-executor-3] INFO  impl.RoleInfo (RoleInfo.java:shutdownLeaderState(104)) - 9d88716d-5d6b-4fd8-b832-a110dc45ee66: shutdown LeaderState
2019-10-16 21:52:52,024 [Thread-337] INFO  impl.FollowerState (FollowerState.java:run(108)) - 5c3956af-60d3-411f-8c98-c7ed3576de5c@group-EE856C9543A1-FollowerState: change to CANDIDATE, lastRpcTime:122ms, electionTimeout:113ms
2019-10-16 21:52:52,025 [grpc-default-executor-3] INFO  impl.PendingRequests (PendingRequests.java:sendNotLeaderResponses(202)) - 9d88716d-5d6b-4fd8-b832-a110dc45ee66@group-EE856C9543A1-PendingRequests: sendNotLeaderResponses
2019-10-16 21:52:52,026 [Thread-337] INFO  impl.RoleInfo (RoleInfo.java:shutdownFollowerState(121)) - 5c3956af-60d3-411f-8c98-c7ed3576de5c: shutdown FollowerState
2019-10-16 21:52:52,026 [grpc-default-executor-3] INFO  impl.RoleInfo (RoleInfo.java:updateAndGet(143)) - 9d88716d-5d6b-4fd8-b832-a110dc45ee66: start FollowerState
2019-10-16 21:52:52,027 [Thread-337] INFO  impl.RaftServerImpl (RaftServerImpl.java:setRole(184)) - 5c3956af-60d3-411f-8c98-c7ed3576de5c@group-EE856C9543A1: changes role from  FOLLOWER to CANDIDATE at term 2 for changeToCandidate
2019-10-16 21:52:52,027 [Thread-337] INFO  impl.RoleInfo (RoleInfo.java:updateAndGet(143)) - 5c3956af-60d3-411f-8c98-c7ed3576de5c: start LeaderElection
2019-10-16 21:52:52,031 [org.apache.ratis.server.impl.LogAppender$AppenderDaemon$$Lambda$419/1229293603@9fa1910] WARN  server.GrpcLogAppender (GrpcLogAppender.java:mayWait(149)) - 9d88716d-5d6b-4fd8-b832-a110dc45ee66@group-EE856C9543A1->efb933de-cdd8-4d8d-88d2-4c7ffe0dec1a-GrpcLogAppender: Wait interrupted by java.lang.InterruptedException
2019-10-16 21:52:52,033 [org.apache.ratis.server.impl.LogAppender$AppenderDaemon$$Lambda$419/1229293603@3888c650] WARN  server.GrpcLogAppender (GrpcLogAppender.java:mayWait(149)) - 9d88716d-5d6b-4fd8-b832-a110dc45ee66@group-EE856C9543A1->5c3956af-60d3-411f-8c98-c7ed3576de5c-GrpcLogAppender: Wait interrupted by java.lang.InterruptedException
2019-10-16 21:52:52,039 [efb933de-cdd8-4d8d-88d2-4c7ffe0dec1a@group-EE856C9543A1-SegmentedRaftLogWorker] INFO  segmented.SegmentedRaftLogWorker (SegmentedRaftLogWorker.java:execute(576)) - efb933de-cdd8-4d8d-88d2-4c7ffe0dec1a@group-EE856C9543A1-SegmentedRaftLogWorker: created new log segment /workdir/hadoop-ozone/ozonefs/target/test-dir/MiniOzoneClusterImpl-d26aec2b-09c1-4f88-9204-0bb43e71ee01/datanode-0/data/ratis/1bf82b5e-0ea1-4459-996d-ee856c9543a1/current/log_inprogress_0
2019-10-16 21:52:52,039 [9d88716d-5d6b-4fd8-b832-a110dc45ee66@group-EE856C9543A1-SegmentedRaftLogWorker] INFO  segmented.SegmentedRaftLogWorker (SegmentedRaftLogWorker.java:execute(576)) - 9d88716d-5d6b-4fd8-b832-a110dc45ee66@group-EE856C9543A1-SegmentedRaftLogWorker: created new log segment /workdir/hadoop-ozone/ozonefs/target/test-dir/MiniOzoneClusterImpl-d26aec2b-09c1-4f88-9204-0bb43e71ee01/datanode-3/data/ratis/1bf82b5e-0ea1-4459-996d-ee856c9543a1/current/log_inprogress_0
2019-10-16 21:52:52,039 [5c3956af-60d3-411f-8c98-c7ed3576de5c@group-EE856C9543A1-LeaderElection18] INFO  impl.LeaderElection (LeaderElection.java:askForVotes(178)) - 5c3956af-60d3-411f-8c98-c7ed3576de5c@group-EE856C9543A1-LeaderElection18: begin an election at term 3 for -1: [5c3956af-60d3-411f-8c98-c7ed3576de5c:192.168.34.38:33787, efb933de-cdd8-4d8d-88d2-4c7ffe0dec1a:192.168.34.38:42459, 9d88716d-5d6b-4fd8-b832-a110dc45ee66:192.168.34.38:38211], old=null
2019-10-16 21:52:52,039 [grpc-default-executor-4] INFO  ratis.XceiverServerRatis (XceiverServerRatis.java:handleLeaderChangedNotification(700)) - Leader change notification received for group: group-EE856C9543A1 with new leaderId: efb933de-cdd8-4d8d-88d2-4c7ffe0dec1a
2019-10-16 21:52:52,040 [grpc-default-executor-4] INFO  impl.RaftServerImpl (ServerState.java:setLeader(256)) - 9d88716d-5d6b-4fd8-b832-a110dc45ee66@group-EE856C9543A1: change Leader from null to efb933de-cdd8-4d8d-88d2-4c7ffe0dec1a at term 2 for appendEntries, leader elected after 54ms
2019-10-16 21:52:52,045 [grpc-default-executor-1] INFO  server.GrpcServerProtocolService (GrpcServerProtocolService.java:onCompleted(113)) - efb933de-cdd8-4d8d-88d2-4c7ffe0dec1a: Completed APPEND_ENTRIES, lastRequest: 9d88716d-5d6b-4fd8-b832-a110dc45ee66->efb933de-cdd8-4d8d-88d2-4c7ffe0dec1a#0-t1, previous=(t:0, i:0), leaderCommit=-1, initializing? false, entries: <empty>
2019-10-16 21:52:52,045 [grpc-default-executor-2] INFO  server.GrpcServerProtocolService (GrpcServerProtocolService.java:onCompleted(113)) - 5c3956af-60d3-411f-8c98-c7ed3576de5c: Completed APPEND_ENTRIES, lastRequest: 9d88716d-5d6b-4fd8-b832-a110dc45ee66->5c3956af-60d3-411f-8c98-c7ed3576de5c#0-t1, previous=(t:0, i:0), leaderCommit=-1, initializing? false, entries: <empty>
2019-10-16 21:52:52,046 [EventQueue-PipelineReportForPipelineReportHandler] INFO  pipeline.PipelineReportHandler (PipelineReportHandler.java:processPipelineReport(119)) - Pipeline PipelineID=1bf82b5e-0ea1-4459-996d-ee856c9543a1 reported by 9d88716d-5d6b-4fd8-b832-a110dc45ee66{ip: 192.168.34.38, host: pr-hdds-1868-89kc4-1304904179, networkLocation: /default-rack, certSerialId: null} with leaderId efb933de-cdd8-4d8d-88d2-4c7ffe0dec1a
2019-10-16 21:52:52,048 [grpc-default-executor-3] INFO  server.GrpcLogAppender (GrpcLogAppender.java:onCompleted(308)) - 9d88716d-5d6b-4fd8-b832-a110dc45ee66@group-EE856C9543A1->5c3956af-60d3-411f-8c98-c7ed3576de5c-AppendLogResponseHandler: follower responses appendEntries COMPLETED
2019-10-16 21:52:52,048 [grpc-default-executor-2] INFO  server.GrpcLogAppender (GrpcLogAppender.java:onCompleted(308)) - 9d88716d-5d6b-4fd8-b832-a110dc45ee66@group-EE856C9543A1->efb933de-cdd8-4d8d-88d2-4c7ffe0dec1a-AppendLogResponseHandler: follower responses appendEntries COMPLETED
2019-10-16 21:52:52,050 [Thread-338] INFO  impl.RaftServerImpl (ServerState.java:setLeader(256)) - efb933de-cdd8-4d8d-88d2-4c7ffe0dec1a@group-EE856C9543A1: change Leader from efb933de-cdd8-4d8d-88d2-4c7ffe0dec1a to null at term 3 for updateCurrentTerm
2019-10-16 21:52:52,050 [grpc-default-executor-3] INFO  impl.FollowerInfo (FollowerInfo.java:lambda$new$0(51)) - 9d88716d-5d6b-4fd8-b832-a110dc45ee66@group-EE856C9543A1->5c3956af-60d3-411f-8c98-c7ed3576de5c: nextIndex: updateUnconditionally 0 -> 0
2019-10-16 21:52:52,051 [Thread-338] INFO  impl.RaftServerImpl (RaftServerImpl.java:setRole(184)) - efb933de-cdd8-4d8d-88d2-4c7ffe0dec1a@group-EE856C9543A1: changes role from    LEADER to FOLLOWER at term 3 for stepDown
2019-10-16 21:52:52,051 [Thread-338] INFO  impl.RoleInfo (RoleInfo.java:shutdownLeaderState(104)) - efb933de-cdd8-4d8d-88d2-4c7ffe0dec1a: shutdown LeaderState
2019-10-16 21:52:52,053 [org.apache.ratis.server.impl.LogAppender$AppenderDaemon$$Lambda$419/1229293603@48355577] WARN  server.GrpcLogAppender (GrpcLogAppender.java:mayWait(149)) - efb933de-cdd8-4d8d-88d2-4c7ffe0dec1a@group-EE856C9543A1->9d88716d-5d6b-4fd8-b832-a110dc45ee66-GrpcLogAppender: Wait interrupted by java.lang.InterruptedException
2019-10-16 21:52:52,053 [org.apache.ratis.server.impl.LogAppender$AppenderDaemon$$Lambda$419/1229293603@79064d32] WARN  server.GrpcLogAppender (GrpcLogAppender.java:mayWait(149)) - efb933de-cdd8-4d8d-88d2-4c7ffe0dec1a@group-EE856C9543A1->5c3956af-60d3-411f-8c98-c7ed3576de5c-GrpcLogAppender: Wait interrupted by java.lang.InterruptedException
2019-10-16 21:52:52,053 [Thread-338] INFO  impl.PendingRequests (PendingRequests.java:sendNotLeaderResponses(202)) - efb933de-cdd8-4d8d-88d2-4c7ffe0dec1a@group-EE856C9543A1-PendingRequests: sendNotLeaderResponses
2019-10-16 21:52:52,053 [grpc-default-executor-2] INFO  impl.FollowerInfo (FollowerInfo.java:lambda$new$0(51)) - 9d88716d-5d6b-4fd8-b832-a110dc45ee66@group-EE856C9543A1->efb933de-cdd8-4d8d-88d2-4c7ffe0dec1a: nextIndex: updateUnconditionally 0 -> 0
2019-10-16 21:52:52,055 [grpc-default-executor-1] INFO  impl.RaftServerImpl (ServerState.java:setLeader(256)) - 9d88716d-5d6b-4fd8-b832-a110dc45ee66@group-EE856C9543A1: change Leader from efb933de-cdd8-4d8d-88d2-4c7ffe0dec1a to null at term 3 for updateCurrentTerm
2019-10-16 21:52:52,054 [grpc-default-executor-3] INFO  server.GrpcServerProtocolService (GrpcServerProtocolService.java:onCompleted(113)) - 5c3956af-60d3-411f-8c98-c7ed3576de5c: Completed APPEND_ENTRIES, lastRequest: efb933de-cdd8-4d8d-88d2-4c7ffe0dec1a->5c3956af-60d3-411f-8c98-c7ed3576de5c#0-t2, previous=(t:0, i:0), leaderCommit=-1, initializing? false, entries: <empty>
2019-10-16 21:52:52,054 [Thread-338] INFO  impl.RoleInfo (RoleInfo.java:updateAndGet(143)) - efb933de-cdd8-4d8d-88d2-4c7ffe0dec1a: start FollowerState
2019-10-16 21:52:52,055 [grpc-default-executor-1] INFO  impl.RaftServerImpl (RaftServerImpl.java:setRole(184)) - 9d88716d-5d6b-4fd8-b832-a110dc45ee66@group-EE856C9543A1: changes role from  FOLLOWER to FOLLOWER at term 3 for recognizeCandidate:5c3956af-60d3-411f-8c98-c7ed3576de5c
2019-10-16 21:52:52,055 [grpc-default-executor-5] INFO  server.GrpcServerProtocolService (GrpcServerProtocolService.java:onCompleted(113)) - 9d88716d-5d6b-4fd8-b832-a110dc45ee66: Completed APPEND_ENTRIES, lastRequest: efb933de-cdd8-4d8d-88d2-4c7ffe0dec1a->9d88716d-5d6b-4fd8-b832-a110dc45ee66#0-t2, previous=(t:0, i:0), leaderCommit=-1, initializing? false, entries: <empty>
2019-10-16 21:52:52,055 [grpc-default-executor-3] INFO  server.GrpcLogAppender (GrpcLogAppender.java:onCompleted(308)) - efb933de-cdd8-4d8d-88d2-4c7ffe0dec1a@group-EE856C9543A1->5c3956af-60d3-411f-8c98-c7ed3576de5c-AppendLogResponseHandler: follower responses appendEntries COMPLETED
2019-10-16 21:52:52,055 [grpc-default-executor-1] INFO  impl.RoleInfo (RoleInfo.java:shutdownFollowerState(121)) - 9d88716d-5d6b-4fd8-b832-a110dc45ee66: shutdown FollowerState
2019-10-16 21:52:52,057 [Thread-343] INFO  impl.FollowerState (FollowerState.java:run(117)) - 9d88716d-5d6b-4fd8-b832-a110dc45ee66@group-EE856C9543A1-FollowerState was interrupted: java.lang.InterruptedException: sleep interrupted
2019-10-16 21:52:52,057 [grpc-default-executor-1] INFO  impl.RoleInfo (RoleInfo.java:updateAndGet(143)) - 9d88716d-5d6b-4fd8-b832-a110dc45ee66: start FollowerState
2019-10-16 21:52:52,057 [grpc-default-executor-3] INFO  impl.FollowerInfo (FollowerInfo.java:lambda$new$0(51)) - efb933de-cdd8-4d8d-88d2-4c7ffe0dec1a@group-EE856C9543A1->5c3956af-60d3-411f-8c98-c7ed3576de5c: nextIndex: updateUnconditionally 0 -> 0
2019-10-16 21:52:52,058 [grpc-default-executor-5] INFO  server.GrpcLogAppender (GrpcLogAppender.java:onCompleted(308)) - efb933de-cdd8-4d8d-88d2-4c7ffe0dec1a@group-EE856C9543A1->9d88716d-5d6b-4fd8-b832-a110dc45ee66-AppendLogResponseHandler: follower responses appendEntries COMPLETED
2019-10-16 21:52:52,060 [grpc-default-executor-5] INFO  impl.FollowerInfo (FollowerInfo.java:lambda$new$0(51)) - efb933de-cdd8-4d8d-88d2-4c7ffe0dec1a@group-EE856C9543A1->9d88716d-5d6b-4fd8-b832-a110dc45ee66: nextIndex: updateUnconditionally 0 -> 0
2019-10-16 21:52:52,064 [5c3956af-60d3-411f-8c98-c7ed3576de5c@group-EE856C9543A1-LeaderElection18] INFO  impl.LeaderElection (LeaderElection.java:logAndReturn(56)) - 5c3956af-60d3-411f-8c98-c7ed3576de5c@group-EE856C9543A1-LeaderElection18: Election TIMEOUT; received 0 response(s) [] and 0 exception(s); 5c3956af-60d3-411f-8c98-c7ed3576de5c@group-EE856C9543A1:t3, leader=null, voted=5c3956af-60d3-411f-8c98-c7ed3576de5c, raftlog=5c3956af-60d3-411f-8c98-c7ed3576de5c@group-EE856C9543A1-SegmentedRaftLog:OPENED:c-1,f-1,i0, conf=-1: [5c3956af-60d3-411f-8c98-c7ed3576de5c:192.168.34.38:33787, efb933de-cdd8-4d8d-88d2-4c7ffe0dec1a:192.168.34.38:42459, 9d88716d-5d6b-4fd8-b832-a110dc45ee66:192.168.34.38:38211], old=null
2019-10-16 21:52:52,068 [5c3956af-60d3-411f-8c98-c7ed3576de5c@group-EE856C9543A1-LeaderElection18] INFO  impl.LeaderElection (LeaderElection.java:askForVotes(178)) - 5c3956af-60d3-411f-8c98-c7ed3576de5c@group-EE856C9543A1-LeaderElection18: begin an election at term 4 for -1: [5c3956af-60d3-411f-8c98-c7ed3576de5c:192.168.34.38:33787, efb933de-cdd8-4d8d-88d2-4c7ffe0dec1a:192.168.34.38:42459, 9d88716d-5d6b-4fd8-b832-a110dc45ee66:192.168.34.38:38211], old=null
2019-10-16 21:52:52,068 [grpc-default-executor-0] INFO  impl.RaftServerImpl (RaftServerImpl.java:setRole(184)) - efb933de-cdd8-4d8d-88d2-4c7ffe0dec1a@group-EE856C9543A1: changes role from  FOLLOWER to FOLLOWER at term 3 for recognizeCandidate:5c3956af-60d3-411f-8c98-c7ed3576de5c
2019-10-16 21:52:52,069 [grpc-default-executor-0] INFO  impl.RoleInfo (RoleInfo.java:shutdownFollowerState(121)) - efb933de-cdd8-4d8d-88d2-4c7ffe0dec1a: shutdown FollowerState
2019-10-16 21:52:52,070 [grpc-default-executor-0] INFO  impl.RoleInfo (RoleInfo.java:updateAndGet(143)) - efb933de-cdd8-4d8d-88d2-4c7ffe0dec1a: start FollowerState
2019-10-16 21:52:52,070 [Thread-352] INFO  impl.FollowerState (FollowerState.java:run(117)) - efb933de-cdd8-4d8d-88d2-4c7ffe0dec1a@group-EE856C9543A1-FollowerState was interrupted: java.lang.InterruptedException: sleep interrupted
2019-10-16 21:52:52,072 [grpc-default-executor-0] INFO  impl.RaftServerImpl (RaftServerImpl.java:setRole(184)) - 9d88716d-5d6b-4fd8-b832-a110dc45ee66@group-EE856C9543A1: changes role from  FOLLOWER to FOLLOWER at term 4 for recognizeCandidate:5c3956af-60d3-411f-8c98-c7ed3576de5c
2019-10-16 21:52:52,073 [grpc-default-executor-0] INFO  impl.RoleInfo (RoleInfo.java:shutdownFollowerState(121)) - 9d88716d-5d6b-4fd8-b832-a110dc45ee66: shutdown FollowerState
2019-10-16 21:52:52,073 [Thread-353] INFO  impl.FollowerState (FollowerState.java:run(117)) - 9d88716d-5d6b-4fd8-b832-a110dc45ee66@group-EE856C9543A1-FollowerState was interrupted: java.lang.InterruptedException: sleep interrupted
2019-10-16 21:52:52,073 [grpc-default-executor-0] INFO  impl.RoleInfo (RoleInfo.java:updateAndGet(143)) - 9d88716d-5d6b-4fd8-b832-a110dc45ee66: start FollowerState
2019-10-16 21:52:52,074 [grpc-default-executor-1] INFO  impl.RaftServerImpl (RaftServerImpl.java:setRole(184)) - efb933de-cdd8-4d8d-88d2-4c7ffe0dec1a@group-EE856C9543A1: changes role from  FOLLOWER to FOLLOWER at term 4 for recognizeCandidate:5c3956af-60d3-411f-8c98-c7ed3576de5c
2019-10-16 21:52:52,074 [grpc-default-executor-1] INFO  impl.RoleInfo (RoleInfo.java:shutdownFollowerState(121)) - efb933de-cdd8-4d8d-88d2-4c7ffe0dec1a: shutdown FollowerState
2019-10-16 21:52:52,074 [Thread-355] INFO  impl.FollowerState (FollowerState.java:run(117)) - efb933de-cdd8-4d8d-88d2-4c7ffe0dec1a@group-EE856C9543A1-FollowerState was interrupted: java.lang.InterruptedException: sleep interrupted
2019-10-16 21:52:52,074 [grpc-default-executor-1] INFO  impl.RoleInfo (RoleInfo.java:updateAndGet(143)) - efb933de-cdd8-4d8d-88d2-4c7ffe0dec1a: start FollowerState
2019-10-16 21:52:52,088 [5c3956af-60d3-411f-8c98-c7ed3576de5c@group-EE856C9543A1-LeaderElection18] INFO  impl.LeaderElection (LeaderElection.java:logAndReturn(56)) - 5c3956af-60d3-411f-8c98-c7ed3576de5c@group-EE856C9543A1-LeaderElection18: Election REJECTED; received 2 response(s) [5c3956af-60d3-411f-8c98-c7ed3576de5c<-efb933de-cdd8-4d8d-88d2-4c7ffe0dec1a#0:FAIL-t4, 5c3956af-60d3-411f-8c98-c7ed3576de5c<-9d88716d-5d6b-4fd8-b832-a110dc45ee66#0:FAIL-t4] and 0 exception(s); 5c3956af-60d3-411f-8c98-c7ed3576de5c@group-EE856C9543A1:t4, leader=null, voted=5c3956af-60d3-411f-8c98-c7ed3576de5c, raftlog=5c3956af-60d3-411f-8c98-c7ed3576de5c@group-EE856C9543A1-SegmentedRaftLog:OPENED:c-1,f-1,i0, conf=-1: [5c3956af-60d3-411f-8c98-c7ed3576de5c:192.168.34.38:33787, efb933de-cdd8-4d8d-88d2-4c7ffe0dec1a:192.168.34.38:42459, 9d88716d-5d6b-4fd8-b832-a110dc45ee66:192.168.34.38:38211], old=null
2019-10-16 21:52:52,088 [5c3956af-60d3-411f-8c98-c7ed3576de5c@group-EE856C9543A1-LeaderElection18] INFO  impl.RaftServerImpl (RaftServerImpl.java:setRole(184)) - 5c3956af-60d3-411f-8c98-c7ed3576de5c@group-EE856C9543A1: changes role from CANDIDATE to FOLLOWER at term 4 for DISCOVERED_A_NEW_TERM
2019-10-16 21:52:52,088 [5c3956af-60d3-411f-8c98-c7ed3576de5c@group-EE856C9543A1-LeaderElection18] INFO  impl.RoleInfo (RoleInfo.java:shutdownLeaderElection(134)) - 5c3956af-60d3-411f-8c98-c7ed3576de5c: shutdown LeaderElection
2019-10-16 21:52:52,088 [5c3956af-60d3-411f-8c98-c7ed3576de5c@group-EE856C9543A1-LeaderElection18] INFO  impl.RoleInfo (RoleInfo.java:updateAndGet(143)) - 5c3956af-60d3-411f-8c98-c7ed3576de5c: start FollowerState
2019-10-16 21:52:52,276 [Thread-359] INFO  impl.FollowerState (FollowerState.java:run(108)) - 5c3956af-60d3-411f-8c98-c7ed3576de5c@group-EE856C9543A1-FollowerState: change to CANDIDATE, lastRpcTime:188ms, electionTimeout:188ms
2019-10-16 21:52:52,278 [Thread-359] INFO  impl.RoleInfo (RoleInfo.java:shutdownFollowerState(121)) - 5c3956af-60d3-411f-8c98-c7ed3576de5c: shutdown FollowerState
2019-10-16 21:52:52,278 [Thread-359] INFO  impl.RaftServerImpl (RaftServerImpl.java:setRole(184)) - 5c3956af-60d3-411f-8c98-c7ed3576de5c@group-EE856C9543A1: changes role from  FOLLOWER to CANDIDATE at term 4 for changeToCandidate
2019-10-16 21:52:52,278 [Thread-359] INFO  impl.RoleInfo (RoleInfo.java:updateAndGet(143)) - 5c3956af-60d3-411f-8c98-c7ed3576de5c: start LeaderElection
2019-10-16 21:52:52,292 [5c3956af-60d3-411f-8c98-c7ed3576de5c@group-EE856C9543A1-LeaderElection19] INFO  impl.LeaderElection (LeaderElection.java:askForVotes(178)) - 5c3956af-60d3-411f-8c98-c7ed3576de5c@group-EE856C9543A1-LeaderElection19: begin an election at term 5 for -1: [5c3956af-60d3-411f-8c98-c7ed3576de5c:192.168.34.38:33787, efb933de-cdd8-4d8d-88d2-4c7ffe0dec1a:192.168.34.38:42459, 9d88716d-5d6b-4fd8-b832-a110dc45ee66:192.168.34.38:38211], old=null
2019-10-16 21:52:52,296 [grpc-default-executor-0] INFO  impl.RaftServerImpl (RaftServerImpl.java:setRole(184)) - 9d88716d-5d6b-4fd8-b832-a110dc45ee66@group-EE856C9543A1: changes role from  FOLLOWER to FOLLOWER at term 5 for recognizeCandidate:5c3956af-60d3-411f-8c98-c7ed3576de5c
2019-10-16 21:52:52,296 [grpc-default-executor-1] INFO  impl.RaftServerImpl (RaftServerImpl.java:setRole(184)) - efb933de-cdd8-4d8d-88d2-4c7ffe0dec1a@group-EE856C9543A1: changes role from  FOLLOWER to FOLLOWER at term 5 for recognizeCandidate:5c3956af-60d3-411f-8c98-c7ed3576de5c
2019-10-16 21:52:52,296 [grpc-default-executor-0] INFO  impl.RoleInfo (RoleInfo.java:shutdownFollowerState(121)) - 9d88716d-5d6b-4fd8-b832-a110dc45ee66: shutdown FollowerState
2019-10-16 21:52:52,296 [grpc-default-executor-1] INFO  impl.RoleInfo (RoleInfo.java:shutdownFollowerState(121)) - efb933de-cdd8-4d8d-88d2-4c7ffe0dec1a: shutdown FollowerState
2019-10-16 21:52:52,296 [Thread-357] INFO  impl.FollowerState (FollowerState.java:run(117)) - 9d88716d-5d6b-4fd8-b832-a110dc45ee66@group-EE856C9543A1-FollowerState was interrupted: java.lang.InterruptedException: sleep interrupted
2019-10-16 21:52:52,296 [Thread-358] INFO  impl.FollowerState (FollowerState.java:run(117)) - efb933de-cdd8-4d8d-88d2-4c7ffe0dec1a@group-EE856C9543A1-FollowerState was interrupted: java.lang.InterruptedException: sleep interrupted
2019-10-16 21:52:52,296 [grpc-default-executor-1] INFO  impl.RoleInfo (RoleInfo.java:updateAndGet(143)) - efb933de-cdd8-4d8d-88d2-4c7ffe0dec1a: start FollowerState
2019-10-16 21:52:52,296 [grpc-default-executor-0] INFO  impl.RoleInfo (RoleInfo.java:updateAndGet(143)) - 9d88716d-5d6b-4fd8-b832-a110dc45ee66: start FollowerState
2019-10-16 21:52:52,312 [5c3956af-60d3-411f-8c98-c7ed3576de5c@group-EE856C9543A1-LeaderElection19] INFO  impl.LeaderElection (LeaderElection.java:logAndReturn(56)) - 5c3956af-60d3-411f-8c98-c7ed3576de5c@group-EE856C9543A1-LeaderElection19: Election REJECTED; received 2 response(s) [5c3956af-60d3-411f-8c98-c7ed3576de5c<-efb933de-cdd8-4d8d-88d2-4c7ffe0dec1a#0:FAIL-t5, 5c3956af-60d3-411f-8c98-c7ed3576de5c<-9d88716d-5d6b-4fd8-b832-a110dc45ee66#0:FAIL-t5] and 0 exception(s); 5c3956af-60d3-411f-8c98-c7ed3576de5c@group-EE856C9543A1:t5, leader=null, voted=5c3956af-60d3-411f-8c98-c7ed3576de5c, raftlog=5c3956af-60d3-411f-8c98-c7ed3576de5c@group-EE856C9543A1-SegmentedRaftLog:OPENED:c-1,f-1,i0, conf=-1: [5c3956af-60d3-411f-8c98-c7ed3576de5c:192.168.34.38:33787, efb933de-cdd8-4d8d-88d2-4c7ffe0dec1a:192.168.34.38:42459, 9d88716d-5d6b-4fd8-b832-a110dc45ee66:192.168.34.38:38211], old=null
2019-10-16 21:52:52,312 [5c3956af-60d3-411f-8c98-c7ed3576de5c@group-EE856C9543A1-LeaderElection19] INFO  impl.RaftServerImpl (RaftServerImpl.java:setRole(184)) - 5c3956af-60d3-411f-8c98-c7ed3576de5c@group-EE856C9543A1: changes role from CANDIDATE to FOLLOWER at term 5 for DISCOVERED_A_NEW_TERM
2019-10-16 21:52:52,312 [5c3956af-60d3-411f-8c98-c7ed3576de5c@group-EE856C9543A1-LeaderElection19] INFO  impl.RoleInfo (RoleInfo.java:shutdownLeaderElection(134)) - 5c3956af-60d3-411f-8c98-c7ed3576de5c: shutdown LeaderElection
2019-10-16 21:52:52,312 [5c3956af-60d3-411f-8c98-c7ed3576de5c@group-EE856C9543A1-LeaderElection19] INFO  impl.RoleInfo (RoleInfo.java:updateAndGet(143)) - 5c3956af-60d3-411f-8c98-c7ed3576de5c: start FollowerState
2019-10-16 21:52:52,389 [JUnit] INFO  ozone.MiniOzoneClusterImpl (MiniOzoneClusterImpl.java:lambda$waitForClusterToBeReady$2(164)) - Waiting for 1 number of pipelines out of 6, to report a leader.
2019-10-16 21:52:52,467 [Thread-365] INFO  impl.FollowerState (FollowerState.java:run(108)) - 5c3956af-60d3-411f-8c98-c7ed3576de5c@group-EE856C9543A1-FollowerState: change to CANDIDATE, lastRpcTime:155ms, electionTimeout:155ms
2019-10-16 21:52:52,468 [Thread-365] INFO  impl.RoleInfo (RoleInfo.java:shutdownFollowerState(121)) - 5c3956af-60d3-411f-8c98-c7ed3576de5c: shutdown FollowerState
2019-10-16 21:52:52,468 [Thread-365] INFO  impl.RaftServerImpl (RaftServerImpl.java:setRole(184)) - 5c3956af-60d3-411f-8c98-c7ed3576de5c@group-EE856C9543A1: changes role from  FOLLOWER to CANDIDATE at term 5 for changeToCandidate
2019-10-16 21:52:52,468 [Thread-365] INFO  impl.RoleInfo (RoleInfo.java:updateAndGet(143)) - 5c3956af-60d3-411f-8c98-c7ed3576de5c: start LeaderElection
2019-10-16 21:52:52,483 [5c3956af-60d3-411f-8c98-c7ed3576de5c@group-EE856C9543A1-LeaderElection20] INFO  impl.LeaderElection (LeaderElection.java:askForVotes(178)) - 5c3956af-60d3-411f-8c98-c7ed3576de5c@group-EE856C9543A1-LeaderElection20: begin an election at term 6 for -1: [5c3956af-60d3-411f-8c98-c7ed3576de5c:192.168.34.38:33787, efb933de-cdd8-4d8d-88d2-4c7ffe0dec1a:192.168.34.38:42459, 9d88716d-5d6b-4fd8-b832-a110dc45ee66:192.168.34.38:38211], old=null
2019-10-16 21:52:52,487 [grpc-default-executor-1] INFO  impl.RaftServerImpl (RaftServerImpl.java:setRole(184)) - efb933de-cdd8-4d8d-88d2-4c7ffe0dec1a@group-EE856C9543A1: changes role from  FOLLOWER to FOLLOWER at term 6 for recognizeCandidate:5c3956af-60d3-411f-8c98-c7ed3576de5c
2019-10-16 21:52:52,487 [grpc-default-executor-0] INFO  impl.RaftServerImpl (RaftServerImpl.java:setRole(184)) - 9d88716d-5d6b-4fd8-b832-a110dc45ee66@group-EE856C9543A1: changes role from  FOLLOWER to FOLLOWER at term 6 for recognizeCandidate:5c3956af-60d3-411f-8c98-c7ed3576de5c
2019-10-16 21:52:52,487 [grpc-default-executor-1] INFO  impl.RoleInfo (RoleInfo.java:shutdownFollowerState(121)) - efb933de-cdd8-4d8d-88d2-4c7ffe0dec1a: shutdown FollowerState
2019-10-16 21:52:52,487 [grpc-default-executor-0] INFO  impl.RoleInfo (RoleInfo.java:shutdownFollowerState(121)) - 9d88716d-5d6b-4fd8-b832-a110dc45ee66: shutdown FollowerState
2019-10-16 21:52:52,487 [Thread-364] INFO  impl.FollowerState (FollowerState.java:run(117)) - efb933de-cdd8-4d8d-88d2-4c7ffe0dec1a@group-EE856C9543A1-FollowerState was interrupted: java.lang.InterruptedException: sleep interrupted
2019-10-16 21:52:52,487 [grpc-default-executor-1] INFO  impl.RoleInfo (RoleInfo.java:updateAndGet(143)) - efb933de-cdd8-4d8d-88d2-4c7ffe0dec1a: start FollowerState
2019-10-16 21:52:52,488 [grpc-default-executor-0] INFO  impl.RoleInfo (RoleInfo.java:updateAndGet(143)) - 9d88716d-5d6b-4fd8-b832-a110dc45ee66: start FollowerState
2019-10-16 21:52:52,488 [Thread-363] INFO  impl.FollowerState (FollowerState.java:run(117)) - 9d88716d-5d6b-4fd8-b832-a110dc45ee66@group-EE856C9543A1-FollowerState was interrupted: java.lang.InterruptedException: sleep interrupted
2019-10-16 21:52:52,504 [5c3956af-60d3-411f-8c98-c7ed3576de5c@group-EE856C9543A1-LeaderElection20] INFO  impl.LeaderElection (LeaderElection.java:logAndReturn(56)) - 5c3956af-60d3-411f-8c98-c7ed3576de5c@group-EE856C9543A1-LeaderElection20: Election REJECTED; received 2 response(s) [5c3956af-60d3-411f-8c98-c7ed3576de5c<-efb933de-cdd8-4d8d-88d2-4c7ffe0dec1a#0:FAIL-t6, 5c3956af-60d3-411f-8c98-c7ed3576de5c<-9d88716d-5d6b-4fd8-b832-a110dc45ee66#0:FAIL-t6] and 0 exception(s); 5c3956af-60d3-411f-8c98-c7ed3576de5c@group-EE856C9543A1:t6, leader=null, voted=5c3956af-60d3-411f-8c98-c7ed3576de5c, raftlog=5c3956af-60d3-411f-8c98-c7ed3576de5c@group-EE856C9543A1-SegmentedRaftLog:OPENED:c-1,f-1,i0, conf=-1: [5c3956af-60d3-411f-8c98-c7ed3576de5c:192.168.34.38:33787, efb933de-cdd8-4d8d-88d2-4c7ffe0dec1a:192.168.34.38:42459, 9d88716d-5d6b-4fd8-b832-a110dc45ee66:192.168.34.38:38211], old=null
2019-10-16 21:52:52,504 [5c3956af-60d3-411f-8c98-c7ed3576de5c@group-EE856C9543A1-LeaderElection20] INFO  impl.RaftServerImpl (RaftServerImpl.java:setRole(184)) - 5c3956af-60d3-411f-8c98-c7ed3576de5c@group-EE856C9543A1: changes role from CANDIDATE to FOLLOWER at term 6 for DISCOVERED_A_NEW_TERM
2019-10-16 21:52:52,504 [5c3956af-60d3-411f-8c98-c7ed3576de5c@group-EE856C9543A1-LeaderElection20] INFO  impl.RoleInfo (RoleInfo.java:shutdownLeaderElection(134)) - 5c3956af-60d3-411f-8c98-c7ed3576de5c: shutdown LeaderElection
2019-10-16 21:52:52,505 [5c3956af-60d3-411f-8c98-c7ed3576de5c@group-EE856C9543A1-LeaderElection20] INFO  impl.RoleInfo (RoleInfo.java:updateAndGet(143)) - 5c3956af-60d3-411f-8c98-c7ed3576de5c: start FollowerState
2019-10-16 21:52:52,602 [Thread-371] INFO  impl.FollowerState (FollowerState.java:run(108)) - 5c3956af-60d3-411f-8c98-c7ed3576de5c@group-EE856C9543A1-FollowerState: change to CANDIDATE, lastRpcTime:97ms, electionTimeout:97ms
2019-10-16 21:52:52,604 [Thread-371] INFO  impl.RoleInfo (RoleInfo.java:shutdownFollowerState(121)) - 5c3956af-60d3-411f-8c98-c7ed3576de5c: shutdown FollowerState
2019-10-16 21:52:52,604 [Thread-371] INFO  impl.RaftServerImpl (RaftServerImpl.java:setRole(184)) - 5c3956af-60d3-411f-8c98-c7ed3576de5c@group-EE856C9543A1: changes role from  FOLLOWER to CANDIDATE at term 6 for changeToCandidate
2019-10-16 21:52:52,605 [Thread-371] INFO  impl.RoleInfo (RoleInfo.java:updateAndGet(143)) - 5c3956af-60d3-411f-8c98-c7ed3576de5c: start LeaderElection
2019-10-16 21:52:52,619 [5c3956af-60d3-411f-8c98-c7ed3576de5c@group-EE856C9543A1-LeaderElection21] INFO  impl.LeaderElection (LeaderElection.java:askForVotes(178)) - 5c3956af-60d3-411f-8c98-c7ed3576de5c@group-EE856C9543A1-LeaderElection21: begin an election at term 7 for -1: [5c3956af-60d3-411f-8c98-c7ed3576de5c:192.168.34.38:33787, efb933de-cdd8-4d8d-88d2-4c7ffe0dec1a:192.168.34.38:42459, 9d88716d-5d6b-4fd8-b832-a110dc45ee66:192.168.34.38:38211], old=null
2019-10-16 21:52:52,623 [grpc-default-executor-0] INFO  impl.RaftServerImpl (RaftServerImpl.java:setRole(184)) - efb933de-cdd8-4d8d-88d2-4c7ffe0dec1a@group-EE856C9543A1: changes role from  FOLLOWER to FOLLOWER at term 7 for recognizeCandidate:5c3956af-60d3-411f-8c98-c7ed3576de5c
2019-10-16 21:52:52,623 [grpc-default-executor-1] INFO  impl.RaftServerImpl (RaftServerImpl.java:setRole(184)) - 9d88716d-5d6b-4fd8-b832-a110dc45ee66@group-EE856C9543A1: changes role from  FOLLOWER to FOLLOWER at term 7 for recognizeCandidate:5c3956af-60d3-411f-8c98-c7ed3576de5c
2019-10-16 21:52:52,623 [grpc-default-executor-0] INFO  impl.RoleInfo (RoleInfo.java:shutdownFollowerState(121)) - efb933de-cdd8-4d8d-88d2-4c7ffe0dec1a: shutdown FollowerState
2019-10-16 21:52:52,624 [grpc-default-executor-1] INFO  impl.RoleInfo (RoleInfo.java:shutdownFollowerState(121)) - 9d88716d-5d6b-4fd8-b832-a110dc45ee66: shutdown FollowerState
2019-10-16 21:52:52,624 [Thread-369] INFO  impl.FollowerState (FollowerState.java:run(117)) - efb933de-cdd8-4d8d-88d2-4c7ffe0dec1a@group-EE856C9543A1-FollowerState was interrupted: java.lang.InterruptedException: sleep interrupted
2019-10-16 21:52:52,624 [grpc-default-executor-0] INFO  impl.RoleInfo (RoleInfo.java:updateAndGet(143)) - efb933de-cdd8-4d8d-88d2-4c7ffe0dec1a: start FollowerState
2019-10-16 21:52:52,624 [Thread-370] INFO  impl.FollowerState (FollowerState.java:run(117)) - 9d88716d-5d6b-4fd8-b832-a110dc45ee66@group-EE856C9543A1-FollowerState was interrupted: java.lang.InterruptedException: sleep interrupted
2019-10-16 21:52:52,624 [grpc-default-executor-1] INFO  impl.RoleInfo (RoleInfo.java:updateAndGet(143)) - 9d88716d-5d6b-4fd8-b832-a110dc45ee66: start FollowerState
2019-10-16 21:52:52,640 [5c3956af-60d3-411f-8c98-c7ed3576de5c@group-EE856C9543A1-LeaderElection21] INFO  impl.LeaderElection (LeaderElection.java:logAndReturn(56)) - 5c3956af-60d3-411f-8c98-c7ed3576de5c@group-EE856C9543A1-LeaderElection21: Election REJECTED; received 2 response(s) [5c3956af-60d3-411f-8c98-c7ed3576de5c<-efb933de-cdd8-4d8d-88d2-4c7ffe0dec1a#0:FAIL-t7, 5c3956af-60d3-411f-8c98-c7ed3576de5c<-9d88716d-5d6b-4fd8-b832-a110dc45ee66#0:FAIL-t7] and 0 exception(s); 5c3956af-60d3-411f-8c98-c7ed3576de5c@group-EE856C9543A1:t7, leader=null, voted=5c3956af-60d3-411f-8c98-c7ed3576de5c, raftlog=5c3956af-60d3-411f-8c98-c7ed3576de5c@group-EE856C9543A1-SegmentedRaftLog:OPENED:c-1,f-1,i0, conf=-1: [5c3956af-60d3-411f-8c98-c7ed3576de5c:192.168.34.38:33787, efb933de-cdd8-4d8d-88d2-4c7ffe0dec1a:192.168.34.38:42459, 9d88716d-5d6b-4fd8-b832-a110dc45ee66:192.168.34.38:38211], old=null
2019-10-16 21:52:52,640 [5c3956af-60d3-411f-8c98-c7ed3576de5c@group-EE856C9543A1-LeaderElection21] INFO  impl.RaftServerImpl (RaftServerImpl.java:setRole(184)) - 5c3956af-60d3-411f-8c98-c7ed3576de5c@group-EE856C9543A1: changes role from CANDIDATE to FOLLOWER at term 7 for DISCOVERED_A_NEW_TERM
2019-10-16 21:52:52,640 [5c3956af-60d3-411f-8c98-c7ed3576de5c@group-EE856C9543A1-LeaderElection21] INFO  impl.RoleInfo (RoleInfo.java:shutdownLeaderElection(134)) - 5c3956af-60d3-411f-8c98-c7ed3576de5c: shutdown LeaderElection
2019-10-16 21:52:52,641 [5c3956af-60d3-411f-8c98-c7ed3576de5c@group-EE856C9543A1-LeaderElection21] INFO  impl.RoleInfo (RoleInfo.java:updateAndGet(143)) - 5c3956af-60d3-411f-8c98-c7ed3576de5c: start FollowerState
2019-10-16 21:52:52,697 [Thread-377] INFO  impl.FollowerState (FollowerState.java:run(108)) - 5c3956af-60d3-411f-8c98-c7ed3576de5c@group-EE856C9543A1-FollowerState: change to CANDIDATE, lastRpcTime:56ms, electionTimeout:56ms
2019-10-16 21:52:52,699 [Thread-377] INFO  impl.RoleInfo (RoleInfo.java:shutdownFollowerState(121)) - 5c3956af-60d3-411f-8c98-c7ed3576de5c: shutdown FollowerState
2019-10-16 21:52:52,699 [Thread-377] INFO  impl.RaftServerImpl (RaftServerImpl.java:setRole(184)) - 5c3956af-60d3-411f-8c98-c7ed3576de5c@group-EE856C9543A1: changes role from  FOLLOWER to CANDIDATE at term 7 for changeToCandidate
2019-10-16 21:52:52,699 [Thread-377] INFO  impl.RoleInfo (RoleInfo.java:updateAndGet(143)) - 5c3956af-60d3-411f-8c98-c7ed3576de5c: start LeaderElection
2019-10-16 21:52:52,714 [5c3956af-60d3-411f-8c98-c7ed3576de5c@group-EE856C9543A1-LeaderElection22] INFO  impl.LeaderElection (LeaderElection.java:askForVotes(178)) - 5c3956af-60d3-411f-8c98-c7ed3576de5c@group-EE856C9543A1-LeaderElection22: begin an election at term 8 for -1: [5c3956af-60d3-411f-8c98-c7ed3576de5c:192.168.34.38:33787, efb933de-cdd8-4d8d-88d2-4c7ffe0dec1a:192.168.34.38:42459, 9d88716d-5d6b-4fd8-b832-a110dc45ee66:192.168.34.38:38211], old=null
2019-10-16 21:52:52,718 [grpc-default-executor-1] INFO  impl.RaftServerImpl (RaftServerImpl.java:setRole(184)) - 9d88716d-5d6b-4fd8-b832-a110dc45ee66@group-EE856C9543A1: changes role from  FOLLOWER to FOLLOWER at term 8 for recognizeCandidate:5c3956af-60d3-411f-8c98-c7ed3576de5c
2019-10-16 21:52:52,718 [grpc-default-executor-1] INFO  impl.RoleInfo (RoleInfo.java:shutdownFollowerState(121)) - 9d88716d-5d6b-4fd8-b832-a110dc45ee66: shutdown FollowerState
2019-10-16 21:52:52,718 [Thread-376] INFO  impl.FollowerState (FollowerState.java:run(117)) - 9d88716d-5d6b-4fd8-b832-a110dc45ee66@group-EE856C9543A1-FollowerState was interrupted: java.lang.InterruptedException: sleep interrupted
2019-10-16 21:52:52,718 [grpc-default-executor-1] INFO  impl.RoleInfo (RoleInfo.java:updateAndGet(143)) - 9d88716d-5d6b-4fd8-b832-a110dc45ee66: start FollowerState
2019-10-16 21:52:52,719 [grpc-default-executor-0] INFO  impl.RaftServerImpl (RaftServerImpl.java:setRole(184)) - efb933de-cdd8-4d8d-88d2-4c7ffe0dec1a@group-EE856C9543A1: changes role from  FOLLOWER to FOLLOWER at term 8 for recognizeCandidate:5c3956af-60d3-411f-8c98-c7ed3576de5c
2019-10-16 21:52:52,720 [grpc-default-executor-0] INFO  impl.RoleInfo (RoleInfo.java:shutdownFollowerState(121)) - efb933de-cdd8-4d8d-88d2-4c7ffe0dec1a: shutdown FollowerState
2019-10-16 21:52:52,720 [Thread-375] INFO  impl.FollowerState (FollowerState.java:run(117)) - efb933de-cdd8-4d8d-88d2-4c7ffe0dec1a@group-EE856C9543A1-FollowerState was interrupted: java.lang.InterruptedException: sleep interrupted
2019-10-16 21:52:52,720 [grpc-default-executor-0] INFO  impl.RoleInfo (RoleInfo.java:updateAndGet(143)) - efb933de-cdd8-4d8d-88d2-4c7ffe0dec1a: start FollowerState
2019-10-16 21:52:52,732 [5c3956af-60d3-411f-8c98-c7ed3576de5c@group-EE856C9543A1-LeaderElection22] INFO  impl.LeaderElection (LeaderElection.java:logAndReturn(56)) - 5c3956af-60d3-411f-8c98-c7ed3576de5c@group-EE856C9543A1-LeaderElection22: Election TIMEOUT; received 0 response(s) [] and 0 exception(s); 5c3956af-60d3-411f-8c98-c7ed3576de5c@group-EE856C9543A1:t8, leader=null, voted=5c3956af-60d3-411f-8c98-c7ed3576de5c, raftlog=5c3956af-60d3-411f-8c98-c7ed3576de5c@group-EE856C9543A1-SegmentedRaftLog:OPENED:c-1,f-1,i0, conf=-1: [5c3956af-60d3-411f-8c98-c7ed3576de5c:192.168.34.38:33787, efb933de-cdd8-4d8d-88d2-4c7ffe0dec1a:192.168.34.38:42459, 9d88716d-5d6b-4fd8-b832-a110dc45ee66:192.168.34.38:38211], old=null
2019-10-16 21:52:52,745 [5c3956af-60d3-411f-8c98-c7ed3576de5c@group-EE856C9543A1-LeaderElection22] INFO  impl.LeaderElection (LeaderElection.java:askForVotes(178)) - 5c3956af-60d3-411f-8c98-c7ed3576de5c@group-EE856C9543A1-LeaderElection22: begin an election at term 9 for -1: [5c3956af-60d3-411f-8c98-c7ed3576de5c:192.168.34.38:33787, efb933de-cdd8-4d8d-88d2-4c7ffe0dec1a:192.168.34.38:42459, 9d88716d-5d6b-4fd8-b832-a110dc45ee66:192.168.34.38:38211], old=null
2019-10-16 21:52:52,747 [grpc-default-executor-0] INFO  impl.RaftServerImpl (RaftServerImpl.java:setRole(184)) - 9d88716d-5d6b-4fd8-b832-a110dc45ee66@group-EE856C9543A1: changes role from  FOLLOWER to FOLLOWER at term 9 for recognizeCandidate:5c3956af-60d3-411f-8c98-c7ed3576de5c
2019-10-16 21:52:52,749 [grpc-default-executor-0] INFO  impl.RoleInfo (RoleInfo.java:shutdownFollowerState(121)) - 9d88716d-5d6b-4fd8-b832-a110dc45ee66: shutdown FollowerState
2019-10-16 21:52:52,749 [grpc-default-executor-1] INFO  impl.RaftServerImpl (RaftServerImpl.java:setRole(184)) - efb933de-cdd8-4d8d-88d2-4c7ffe0dec1a@group-EE856C9543A1: changes role from  FOLLOWER to FOLLOWER at term 9 for recognizeCandidate:5c3956af-60d3-411f-8c98-c7ed3576de5c
2019-10-16 21:52:52,750 [grpc-default-executor-0] INFO  impl.RoleInfo (RoleInfo.java:updateAndGet(143)) - 9d88716d-5d6b-4fd8-b832-a110dc45ee66: start FollowerState
2019-10-16 21:52:52,750 [Thread-381] INFO  impl.FollowerState (FollowerState.java:run(117)) - 9d88716d-5d6b-4fd8-b832-a110dc45ee66@group-EE856C9543A1-FollowerState was interrupted: java.lang.InterruptedException: sleep interrupted
2019-10-16 21:52:52,750 [grpc-default-executor-1] INFO  impl.RoleInfo (RoleInfo.java:shutdownFollowerState(121)) - efb933de-cdd8-4d8d-88d2-4c7ffe0dec1a: shutdown FollowerState
2019-10-16 21:52:52,750 [grpc-default-executor-1] INFO  impl.RoleInfo (RoleInfo.java:updateAndGet(143)) - efb933de-cdd8-4d8d-88d2-4c7ffe0dec1a: start FollowerState
2019-10-16 21:52:52,750 [Thread-382] INFO  impl.FollowerState (FollowerState.java:run(117)) - efb933de-cdd8-4d8d-88d2-4c7ffe0dec1a@group-EE856C9543A1-FollowerState was interrupted: java.lang.InterruptedException: sleep interrupted
2019-10-16 21:52:52,765 [5c3956af-60d3-411f-8c98-c7ed3576de5c@group-EE856C9543A1-LeaderElection22] INFO  impl.LeaderElection (LeaderElection.java:logAndReturn(56)) - 5c3956af-60d3-411f-8c98-c7ed3576de5c@group-EE856C9543A1-LeaderElection22: Election REJECTED; received 2 response(s) [5c3956af-60d3-411f-8c98-c7ed3576de5c<-efb933de-cdd8-4d8d-88d2-4c7ffe0dec1a#0:FAIL-t9, 5c3956af-60d3-411f-8c98-c7ed3576de5c<-9d88716d-5d6b-4fd8-b832-a110dc45ee66#0:FAIL-t9] and 0 exception(s); 5c3956af-60d3-411f-8c98-c7ed3576de5c@group-EE856C9543A1:t9, leader=null, voted=5c3956af-60d3-411f-8c98-c7ed3576de5c, raftlog=5c3956af-60d3-411f-8c98-c7ed3576de5c@group-EE856C9543A1-SegmentedRaftLog:OPENED:c-1,f-1,i0, conf=-1: [5c3956af-60d3-411f-8c98-c7ed3576de5c:192.168.34.38:33787, efb933de-cdd8-4d8d-88d2-4c7ffe0dec1a:192.168.34.38:42459, 9d88716d-5d6b-4fd8-b832-a110dc45ee66:192.168.34.38:38211], old=null
2019-10-16 21:52:52,765 [5c3956af-60d3-411f-8c98-c7ed3576de5c@group-EE856C9543A1-LeaderElection22] INFO  impl.RaftServerImpl (RaftServerImpl.java:setRole(184)) - 5c3956af-60d3-411f-8c98-c7ed3576de5c@group-EE856C9543A1: changes role from CANDIDATE to FOLLOWER at term 9 for DISCOVERED_A_NEW_TERM
2019-10-16 21:52:52,765 [5c3956af-60d3-411f-8c98-c7ed3576de5c@group-EE856C9543A1-LeaderElection22] INFO  impl.RoleInfo (RoleInfo.java:shutdownLeaderElection(134)) - 5c3956af-60d3-411f-8c98-c7ed3576de5c: shutdown LeaderElection
2019-10-16 21:52:52,765 [5c3956af-60d3-411f-8c98-c7ed3576de5c@group-EE856C9543A1-LeaderElection22] INFO  impl.RoleInfo (RoleInfo.java:updateAndGet(143)) - 5c3956af-60d3-411f-8c98-c7ed3576de5c: start FollowerState
2019-10-16 21:52:52,795 [Thread-387] INFO  impl.FollowerState (FollowerState.java:run(108)) - 5c3956af-60d3-411f-8c98-c7ed3576de5c@group-EE856C9543A1-FollowerState: change to CANDIDATE, lastRpcTime:29ms, electionTimeout:29ms
2019-10-16 21:52:52,797 [Thread-387] INFO  impl.RoleInfo (RoleInfo.java:shutdownFollowerState(121)) - 5c3956af-60d3-411f-8c98-c7ed3576de5c: shutdown FollowerState
2019-10-16 21:52:52,797 [Thread-387] INFO  impl.RaftServerImpl (RaftServerImpl.java:setRole(184)) - 5c3956af-60d3-411f-8c98-c7ed3576de5c@group-EE856C9543A1: changes role from  FOLLOWER to CANDIDATE at term 9 for changeToCandidate
2019-10-16 21:52:52,797 [Thread-387] INFO  impl.RoleInfo (RoleInfo.java:updateAndGet(143)) - 5c3956af-60d3-411f-8c98-c7ed3576de5c: start LeaderElection
2019-10-16 21:52:52,811 [5c3956af-60d3-411f-8c98-c7ed3576de5c@group-EE856C9543A1-LeaderElection23] INFO  impl.LeaderElection (LeaderElection.java:askForVotes(178)) - 5c3956af-60d3-411f-8c98-c7ed3576de5c@group-EE856C9543A1-LeaderElection23: begin an election at term 10 for -1: [5c3956af-60d3-411f-8c98-c7ed3576de5c:192.168.34.38:33787, efb933de-cdd8-4d8d-88d2-4c7ffe0dec1a:192.168.34.38:42459, 9d88716d-5d6b-4fd8-b832-a110dc45ee66:192.168.34.38:38211], old=null
2019-10-16 21:52:52,814 [grpc-default-executor-0] INFO  impl.RaftServerImpl (RaftServerImpl.java:setRole(184)) - 9d88716d-5d6b-4fd8-b832-a110dc45ee66@group-EE856C9543A1: changes role from  FOLLOWER to FOLLOWER at term 10 for recognizeCandidate:5c3956af-60d3-411f-8c98-c7ed3576de5c
2019-10-16 21:52:52,814 [grpc-default-executor-0] INFO  impl.RoleInfo (RoleInfo.java:shutdownFollowerState(121)) - 9d88716d-5d6b-4fd8-b832-a110dc45ee66: shutdown FollowerState
2019-10-16 21:52:52,814 [grpc-default-executor-1] INFO  impl.RaftServerImpl (RaftServerImpl.java:setRole(184)) - efb933de-cdd8-4d8d-88d2-4c7ffe0dec1a@group-EE856C9543A1: changes role from  FOLLOWER to FOLLOWER at term 10 for recognizeCandidate:5c3956af-60d3-411f-8c98-c7ed3576de5c
2019-10-16 21:52:52,814 [grpc-default-executor-0] INFO  impl.RoleInfo (RoleInfo.java:updateAndGet(143)) - 9d88716d-5d6b-4fd8-b832-a110dc45ee66: start FollowerState
2019-10-16 21:52:52,814 [Thread-385] INFO  impl.FollowerState (FollowerState.java:run(117)) - 9d88716d-5d6b-4fd8-b832-a110dc45ee66@group-EE856C9543A1-FollowerState was interrupted: java.lang.InterruptedException: sleep interrupted
2019-10-16 21:52:52,814 [grpc-default-executor-1] INFO  impl.RoleInfo (RoleInfo.java:shutdownFollowerState(121)) - efb933de-cdd8-4d8d-88d2-4c7ffe0dec1a: shutdown FollowerState
2019-10-16 21:52:52,815 [Thread-386] INFO  impl.FollowerState (FollowerState.java:run(117)) - efb933de-cdd8-4d8d-88d2-4c7ffe0dec1a@group-EE856C9543A1-FollowerState was interrupted: java.lang.InterruptedException: sleep interrupted
2019-10-16 21:52:52,815 [grpc-default-executor-1] INFO  impl.RoleInfo (RoleInfo.java:updateAndGet(143)) - efb933de-cdd8-4d8d-88d2-4c7ffe0dec1a: start FollowerState
2019-10-16 21:52:52,829 [5c3956af-60d3-411f-8c98-c7ed3576de5c@group-EE856C9543A1-LeaderElection23] INFO  impl.LeaderElection (LeaderElection.java:logAndReturn(56)) - 5c3956af-60d3-411f-8c98-c7ed3576de5c@group-EE856C9543A1-LeaderElection23: Election REJECTED; received 2 response(s) [5c3956af-60d3-411f-8c98-c7ed3576de5c<-efb933de-cdd8-4d8d-88d2-4c7ffe0dec1a#0:FAIL-t10, 5c3956af-60d3-411f-8c98-c7ed3576de5c<-9d88716d-5d6b-4fd8-b832-a110dc45ee66#0:FAIL-t10] and 0 exception(s); 5c3956af-60d3-411f-8c98-c7ed3576de5c@group-EE856C9543A1:t10, leader=null, voted=5c3956af-60d3-411f-8c98-c7ed3576de5c, raftlog=5c3956af-60d3-411f-8c98-c7ed3576de5c@group-EE856C9543A1-SegmentedRaftLog:OPENED:c-1,f-1,i0, conf=-1: [5c3956af-60d3-411f-8c98-c7ed3576de5c:192.168.34.38:33787, efb933de-cdd8-4d8d-88d2-4c7ffe0dec1a:192.168.34.38:42459, 9d88716d-5d6b-4fd8-b832-a110dc45ee66:192.168.34.38:38211], old=null
2019-10-16 21:52:52,830 [5c3956af-60d3-411f-8c98-c7ed3576de5c@group-EE856C9543A1-LeaderElection23] INFO  impl.RaftServerImpl (RaftServerImpl.java:setRole(184)) - 5c3956af-60d3-411f-8c98-c7ed3576de5c@group-EE856C9543A1: changes role from CANDIDATE to FOLLOWER at term 10 for DISCOVERED_A_NEW_TERM
2019-10-16 21:52:52,830 [5c3956af-60d3-411f-8c98-c7ed3576de5c@group-EE856C9543A1-LeaderElection23] INFO  impl.RoleInfo (RoleInfo.java:shutdownLeaderElection(134)) - 5c3956af-60d3-411f-8c98-c7ed3576de5c: shutdown LeaderElection
2019-10-16 21:52:52,830 [5c3956af-60d3-411f-8c98-c7ed3576de5c@group-EE856C9543A1-LeaderElection23] INFO  impl.RoleInfo (RoleInfo.java:updateAndGet(143)) - 5c3956af-60d3-411f-8c98-c7ed3576de5c: start FollowerState
2019-10-16 21:52:52,933 [Thread-393] INFO  impl.FollowerState (FollowerState.java:run(108)) - 5c3956af-60d3-411f-8c98-c7ed3576de5c@group-EE856C9543A1-FollowerState: change to CANDIDATE, lastRpcTime:103ms, electionTimeout:103ms
2019-10-16 21:52:52,935 [Thread-393] INFO  impl.RoleInfo (RoleInfo.java:shutdownFollowerState(121)) - 5c3956af-60d3-411f-8c98-c7ed3576de5c: shutdown FollowerState
2019-10-16 21:52:52,935 [Thread-393] INFO  impl.RaftServerImpl (RaftServerImpl.java:setRole(184)) - 5c3956af-60d3-411f-8c98-c7ed3576de5c@group-EE856C9543A1: changes role from  FOLLOWER to CANDIDATE at term 10 for changeToCandidate
2019-10-16 21:52:52,935 [Thread-393] INFO  impl.RoleInfo (RoleInfo.java:updateAndGet(143)) - 5c3956af-60d3-411f-8c98-c7ed3576de5c: start LeaderElection
2019-10-16 21:52:52,949 [5c3956af-60d3-411f-8c98-c7ed3576de5c@group-EE856C9543A1-LeaderElection24] INFO  impl.LeaderElection (LeaderElection.java:askForVotes(178)) - 5c3956af-60d3-411f-8c98-c7ed3576de5c@group-EE856C9543A1-LeaderElection24: begin an election at term 11 for -1: [5c3956af-60d3-411f-8c98-c7ed3576de5c:192.168.34.38:33787, efb933de-cdd8-4d8d-88d2-4c7ffe0dec1a:192.168.34.38:42459, 9d88716d-5d6b-4fd8-b832-a110dc45ee66:192.168.34.38:38211], old=null
2019-10-16 21:52:52,952 [grpc-default-executor-1] INFO  impl.RaftServerImpl (RaftServerImpl.java:setRole(184)) - 9d88716d-5d6b-4fd8-b832-a110dc45ee66@group-EE856C9543A1: changes role from  FOLLOWER to FOLLOWER at term 11 for recognizeCandidate:5c3956af-60d3-411f-8c98-c7ed3576de5c
2019-10-16 21:52:52,953 [grpc-default-executor-1] INFO  impl.RoleInfo (RoleInfo.java:shutdownFollowerState(121)) - 9d88716d-5d6b-4fd8-b832-a110dc45ee66: shutdown FollowerState
2019-10-16 21:52:52,953 [grpc-default-executor-0] INFO  impl.RaftServerImpl (RaftServerImpl.java:setRole(184)) - efb933de-cdd8-4d8d-88d2-4c7ffe0dec1a@group-EE856C9543A1: changes role from  FOLLOWER to FOLLOWER at term 11 for recognizeCandidate:5c3956af-60d3-411f-8c98-c7ed3576de5c
2019-10-16 21:52:52,953 [Thread-391] INFO  impl.FollowerState (FollowerState.java:run(117)) - 9d88716d-5d6b-4fd8-b832-a110dc45ee66@group-EE856C9543A1-FollowerState was interrupted: java.lang.InterruptedException: sleep interrupted
2019-10-16 21:52:52,953 [grpc-default-executor-0] INFO  impl.RoleInfo (RoleInfo.java:shutdownFollowerState(121)) - efb933de-cdd8-4d8d-88d2-4c7ffe0dec1a: shutdown FollowerState
2019-10-16 21:52:52,953 [grpc-default-executor-1] INFO  impl.RoleInfo (RoleInfo.java:updateAndGet(143)) - 9d88716d-5d6b-4fd8-b832-a110dc45ee66: start FollowerState
2019-10-16 21:52:52,953 [grpc-default-executor-0] INFO  impl.RoleInfo (RoleInfo.java:updateAndGet(143)) - efb933de-cdd8-4d8d-88d2-4c7ffe0dec1a: start FollowerState
2019-10-16 21:52:52,953 [Thread-392] INFO  impl.FollowerState (FollowerState.java:run(117)) - efb933de-cdd8-4d8d-88d2-4c7ffe0dec1a@group-EE856C9543A1-FollowerState was interrupted: java.lang.InterruptedException: sleep interrupted
2019-10-16 21:52:52,969 [5c3956af-60d3-411f-8c98-c7ed3576de5c@group-EE856C9543A1-LeaderElection24] INFO  impl.LeaderElection (LeaderElection.java:logAndReturn(56)) - 5c3956af-60d3-411f-8c98-c7ed3576de5c@group-EE856C9543A1-LeaderElection24: Election REJECTED; received 2 response(s) [5c3956af-60d3-411f-8c98-c7ed3576de5c<-efb933de-cdd8-4d8d-88d2-4c7ffe0dec1a#0:FAIL-t11, 5c3956af-60d3-411f-8c98-c7ed3576de5c<-9d88716d-5d6b-4fd8-b832-a110dc45ee66#0:FAIL-t11] and 0 exception(s); 5c3956af-60d3-411f-8c98-c7ed3576de5c@group-EE856C9543A1:t11, leader=null, voted=5c3956af-60d3-411f-8c98-c7ed3576de5c, raftlog=5c3956af-60d3-411f-8c98-c7ed3576de5c@group-EE856C9543A1-SegmentedRaftLog:OPENED:c-1,f-1,i0, conf=-1: [5c3956af-60d3-411f-8c98-c7ed3576de5c:192.168.34.38:33787, efb933de-cdd8-4d8d-88d2-4c7ffe0dec1a:192.168.34.38:42459, 9d88716d-5d6b-4fd8-b832-a110dc45ee66:192.168.34.38:38211], old=null
2019-10-16 21:52:52,969 [5c3956af-60d3-411f-8c98-c7ed3576de5c@group-EE856C9543A1-LeaderElection24] INFO  impl.RaftServerImpl (RaftServerImpl.java:setRole(184)) - 5c3956af-60d3-411f-8c98-c7ed3576de5c@group-EE856C9543A1: changes role from CANDIDATE to FOLLOWER at term 11 for DISCOVERED_A_NEW_TERM
2019-10-16 21:52:52,969 [5c3956af-60d3-411f-8c98-c7ed3576de5c@group-EE856C9543A1-LeaderElection24] INFO  impl.RoleInfo (RoleInfo.java:shutdownLeaderElection(134)) - 5c3956af-60d3-411f-8c98-c7ed3576de5c: shutdown LeaderElection
2019-10-16 21:52:52,969 [5c3956af-60d3-411f-8c98-c7ed3576de5c@group-EE856C9543A1-LeaderElection24] INFO  impl.RoleInfo (RoleInfo.java:updateAndGet(143)) - 5c3956af-60d3-411f-8c98-c7ed3576de5c: start FollowerState
2019-10-16 21:52:53,167 [Thread-399] INFO  impl.FollowerState (FollowerState.java:run(108)) - 5c3956af-60d3-411f-8c98-c7ed3576de5c@group-EE856C9543A1-FollowerState: change to CANDIDATE, lastRpcTime:197ms, electionTimeout:197ms
2019-10-16 21:52:53,169 [Thread-399] INFO  impl.RoleInfo (RoleInfo.java:shutdownFollowerState(121)) - 5c3956af-60d3-411f-8c98-c7ed3576de5c: shutdown FollowerState
2019-10-16 21:52:53,169 [Thread-399] INFO  impl.RaftServerImpl (RaftServerImpl.java:setRole(184)) - 5c3956af-60d3-411f-8c98-c7ed3576de5c@group-EE856C9543A1: changes role from  FOLLOWER to CANDIDATE at term 11 for changeToCandidate
2019-10-16 21:52:53,169 [Thread-399] INFO  impl.RoleInfo (RoleInfo.java:updateAndGet(143)) - 5c3956af-60d3-411f-8c98-c7ed3576de5c: start LeaderElection
2019-10-16 21:52:53,185 [5c3956af-60d3-411f-8c98-c7ed3576de5c@group-EE856C9543A1-LeaderElection25] INFO  impl.LeaderElection (LeaderElection.java:askForVotes(178)) - 5c3956af-60d3-411f-8c98-c7ed3576de5c@group-EE856C9543A1-LeaderElection25: begin an election at term 12 for -1: [5c3956af-60d3-411f-8c98-c7ed3576de5c:192.168.34.38:33787, efb933de-cdd8-4d8d-88d2-4c7ffe0dec1a:192.168.34.38:42459, 9d88716d-5d6b-4fd8-b832-a110dc45ee66:192.168.34.38:38211], old=null
2019-10-16 21:52:53,188 [grpc-default-executor-1] INFO  impl.RaftServerImpl (RaftServerImpl.java:setRole(184)) - 9d88716d-5d6b-4fd8-b832-a110dc45ee66@group-EE856C9543A1: changes role from  FOLLOWER to FOLLOWER at term 12 for recognizeCandidate:5c3956af-60d3-411f-8c98-c7ed3576de5c
2019-10-16 21:52:53,188 [grpc-default-executor-0] INFO  impl.RaftServerImpl (RaftServerImpl.java:setRole(184)) - efb933de-cdd8-4d8d-88d2-4c7ffe0dec1a@group-EE856C9543A1: changes role from  FOLLOWER to FOLLOWER at term 12 for recognizeCandidate:5c3956af-60d3-411f-8c98-c7ed3576de5c
2019-10-16 21:52:53,189 [grpc-default-executor-1] INFO  impl.RoleInfo (RoleInfo.java:shutdownFollowerState(121)) - 9d88716d-5d6b-4fd8-b832-a110dc45ee66: shutdown FollowerState
2019-10-16 21:52:53,189 [grpc-default-executor-0] INFO  impl.RoleInfo (RoleInfo.java:shutdownFollowerState(121)) - efb933de-cdd8-4d8d-88d2-4c7ffe0dec1a: shutdown FollowerState
2019-10-16 21:52:53,189 [grpc-default-executor-1] INFO  impl.RoleInfo (RoleInfo.java:updateAndGet(143)) - 9d88716d-5d6b-4fd8-b832-a110dc45ee66: start FollowerState
2019-10-16 21:52:53,189 [Thread-397] INFO  impl.FollowerState (FollowerState.java:run(117)) - 9d88716d-5d6b-4fd8-b832-a110dc45ee66@group-EE856C9543A1-FollowerState was interrupted: java.lang.InterruptedException: sleep interrupted
2019-10-16 21:52:53,189 [grpc-default-executor-0] INFO  impl.RoleInfo (RoleInfo.java:updateAndGet(143)) - efb933de-cdd8-4d8d-88d2-4c7ffe0dec1a: start FollowerState
2019-10-16 21:52:53,189 [Thread-398] INFO  impl.FollowerState (FollowerState.java:run(117)) - efb933de-cdd8-4d8d-88d2-4c7ffe0dec1a@group-EE856C9543A1-FollowerState was interrupted: java.lang.InterruptedException: sleep interrupted
2019-10-16 21:52:53,201 [5c3956af-60d3-411f-8c98-c7ed3576de5c@group-EE856C9543A1-LeaderElection25] INFO  impl.LeaderElection (LeaderElection.java:logAndReturn(56)) - 5c3956af-60d3-411f-8c98-c7ed3576de5c@group-EE856C9543A1-LeaderElection25: Election TIMEOUT; received 0 response(s) [] and 0 exception(s); 5c3956af-60d3-411f-8c98-c7ed3576de5c@group-EE856C9543A1:t12, leader=null, voted=5c3956af-60d3-411f-8c98-c7ed3576de5c, raftlog=5c3956af-60d3-411f-8c98-c7ed3576de5c@group-EE856C9543A1-SegmentedRaftLog:OPENED:c-1,f-1,i0, conf=-1: [5c3956af-60d3-411f-8c98-c7ed3576de5c:192.168.34.38:33787, efb933de-cdd8-4d8d-88d2-4c7ffe0dec1a:192.168.34.38:42459, 9d88716d-5d6b-4fd8-b832-a110dc45ee66:192.168.34.38:38211], old=null
2019-10-16 21:52:53,216 [5c3956af-60d3-411f-8c98-c7ed3576de5c@group-EE856C9543A1-LeaderElection25] INFO  impl.LeaderElection (LeaderElection.java:askForVotes(178)) - 5c3956af-60d3-411f-8c98-c7ed3576de5c@group-EE856C9543A1-LeaderElection25: begin an election at term 13 for -1: [5c3956af-60d3-411f-8c98-c7ed3576de5c:192.168.34.38:33787, efb933de-cdd8-4d8d-88d2-4c7ffe0dec1a:192.168.34.38:42459, 9d88716d-5d6b-4fd8-b832-a110dc45ee66:192.168.34.38:38211], old=null
2019-10-16 21:52:53,220 [grpc-default-executor-0] INFO  impl.RaftServerImpl (RaftServerImpl.java:setRole(184)) - 9d88716d-5d6b-4fd8-b832-a110dc45ee66@group-EE856C9543A1: changes role from  FOLLOWER to FOLLOWER at term 13 for recognizeCandidate:5c3956af-60d3-411f-8c98-c7ed3576de5c
2019-10-16 21:52:53,221 [grpc-default-executor-1] INFO  impl.RaftServerImpl (RaftServerImpl.java:setRole(184)) - efb933de-cdd8-4d8d-88d2-4c7ffe0dec1a@group-EE856C9543A1: changes role from  FOLLOWER to FOLLOWER at term 13 for recognizeCandidate:5c3956af-60d3-411f-8c98-c7ed3576de5c
2019-10-16 21:52:53,222 [grpc-default-executor-0] INFO  impl.RoleInfo (RoleInfo.java:shutdownFollowerState(121)) - 9d88716d-5d6b-4fd8-b832-a110dc45ee66: shutdown FollowerState
2019-10-16 21:52:53,222 [grpc-default-executor-1] INFO  impl.RoleInfo (RoleInfo.java:shutdownFollowerState(121)) - efb933de-cdd8-4d8d-88d2-4c7ffe0dec1a: shutdown FollowerState
2019-10-16 21:52:53,222 [grpc-default-executor-0] INFO  impl.RoleInfo (RoleInfo.java:updateAndGet(143)) - 9d88716d-5d6b-4fd8-b832-a110dc45ee66: start FollowerState
2019-10-16 21:52:53,222 [Thread-403] INFO  impl.FollowerState (FollowerState.java:run(117)) - 9d88716d-5d6b-4fd8-b832-a110dc45ee66@group-EE856C9543A1-FollowerState was interrupted: java.lang.InterruptedException: sleep interrupted
2019-10-16 21:52:53,222 [grpc-default-executor-1] INFO  impl.RoleInfo (RoleInfo.java:updateAndGet(143)) - efb933de-cdd8-4d8d-88d2-4c7ffe0dec1a: start FollowerState
2019-10-16 21:52:53,222 [Thread-404] INFO  impl.FollowerState (FollowerState.java:run(117)) - efb933de-cdd8-4d8d-88d2-4c7ffe0dec1a@group-EE856C9543A1-FollowerState was interrupted: java.lang.InterruptedException: sleep interrupted
2019-10-16 21:52:53,238 [5c3956af-60d3-411f-8c98-c7ed3576de5c@group-EE856C9543A1-LeaderElection25] INFO  impl.LeaderElection (LeaderElection.java:logAndReturn(56)) - 5c3956af-60d3-411f-8c98-c7ed3576de5c@group-EE856C9543A1-LeaderElection25: Election REJECTED; received 2 response(s) [5c3956af-60d3-411f-8c98-c7ed3576de5c<-efb933de-cdd8-4d8d-88d2-4c7ffe0dec1a#0:FAIL-t13, 5c3956af-60d3-411f-8c98-c7ed3576de5c<-9d88716d-5d6b-4fd8-b832-a110dc45ee66#0:FAIL-t13] and 0 exception(s); 5c3956af-60d3-411f-8c98-c7ed3576de5c@group-EE856C9543A1:t13, leader=null, voted=5c3956af-60d3-411f-8c98-c7ed3576de5c, raftlog=5c3956af-60d3-411f-8c98-c7ed3576de5c@group-EE856C9543A1-SegmentedRaftLog:OPENED:c-1,f-1,i0, conf=-1: [5c3956af-60d3-411f-8c98-c7ed3576de5c:192.168.34.38:33787, efb933de-cdd8-4d8d-88d2-4c7ffe0dec1a:192.168.34.38:42459, 9d88716d-5d6b-4fd8-b832-a110dc45ee66:192.168.34.38:38211], old=null
2019-10-16 21:52:53,238 [5c3956af-60d3-411f-8c98-c7ed3576de5c@group-EE856C9543A1-LeaderElection25] INFO  impl.RaftServerImpl (RaftServerImpl.java:setRole(184)) - 5c3956af-60d3-411f-8c98-c7ed3576de5c@group-EE856C9543A1: changes role from CANDIDATE to FOLLOWER at term 13 for DISCOVERED_A_NEW_TERM
2019-10-16 21:52:53,238 [5c3956af-60d3-411f-8c98-c7ed3576de5c@group-EE856C9543A1-LeaderElection25] INFO  impl.RoleInfo (RoleInfo.java:shutdownLeaderElection(134)) - 5c3956af-60d3-411f-8c98-c7ed3576de5c: shutdown LeaderElection
2019-10-16 21:52:53,238 [5c3956af-60d3-411f-8c98-c7ed3576de5c@group-EE856C9543A1-LeaderElection25] INFO  impl.RoleInfo (RoleInfo.java:updateAndGet(143)) - 5c3956af-60d3-411f-8c98-c7ed3576de5c: start FollowerState
2019-10-16 21:52:53,346 [Thread-409] INFO  impl.FollowerState (FollowerState.java:run(108)) - 5c3956af-60d3-411f-8c98-c7ed3576de5c@group-EE856C9543A1-FollowerState: change to CANDIDATE, lastRpcTime:107ms, electionTimeout:107ms
2019-10-16 21:52:53,347 [Thread-409] INFO  impl.RoleInfo (RoleInfo.java:shutdownFollowerState(121)) - 5c3956af-60d3-411f-8c98-c7ed3576de5c: shutdown FollowerState
2019-10-16 21:52:53,348 [Thread-409] INFO  impl.RaftServerImpl (RaftServerImpl.java:setRole(184)) - 5c3956af-60d3-411f-8c98-c7ed3576de5c@group-EE856C9543A1: changes role from  FOLLOWER to CANDIDATE at term 13 for changeToCandidate
2019-10-16 21:52:53,348 [Thread-409] INFO  impl.RoleInfo (RoleInfo.java:updateAndGet(143)) - 5c3956af-60d3-411f-8c98-c7ed3576de5c: start LeaderElection
2019-10-16 21:52:53,362 [5c3956af-60d3-411f-8c98-c7ed3576de5c@group-EE856C9543A1-LeaderElection26] INFO  impl.LeaderElection (LeaderElection.java:askForVotes(178)) - 5c3956af-60d3-411f-8c98-c7ed3576de5c@group-EE856C9543A1-LeaderElection26: begin an election at term 14 for -1: [5c3956af-60d3-411f-8c98-c7ed3576de5c:192.168.34.38:33787, efb933de-cdd8-4d8d-88d2-4c7ffe0dec1a:192.168.34.38:42459, 9d88716d-5d6b-4fd8-b832-a110dc45ee66:192.168.34.38:38211], old=null
2019-10-16 21:52:53,366 [grpc-default-executor-0] INFO  impl.RaftServerImpl (RaftServerImpl.java:setRole(184)) - 9d88716d-5d6b-4fd8-b832-a110dc45ee66@group-EE856C9543A1: changes role from  FOLLOWER to FOLLOWER at term 14 for recognizeCandidate:5c3956af-60d3-411f-8c98-c7ed3576de5c
2019-10-16 21:52:53,366 [grpc-default-executor-1] INFO  impl.RaftServerImpl (RaftServerImpl.java:setRole(184)) - efb933de-cdd8-4d8d-88d2-4c7ffe0dec1a@group-EE856C9543A1: changes role from  FOLLOWER to FOLLOWER at term 14 for recognizeCandidate:5c3956af-60d3-411f-8c98-c7ed3576de5c
2019-10-16 21:52:53,366 [grpc-default-executor-0] INFO  impl.RoleInfo (RoleInfo.java:shutdownFollowerState(121)) - 9d88716d-5d6b-4fd8-b832-a110dc45ee66: shutdown FollowerState
2019-10-16 21:52:53,366 [grpc-default-executor-1] INFO  impl.RoleInfo (RoleInfo.java:shutdownFollowerState(121)) - efb933de-cdd8-4d8d-88d2-4c7ffe0dec1a: shutdown FollowerState
2019-10-16 21:52:53,366 [grpc-default-executor-0] INFO  impl.RoleInfo (RoleInfo.java:updateAndGet(143)) - 9d88716d-5d6b-4fd8-b832-a110dc45ee66: start FollowerState
2019-10-16 21:52:53,367 [Thread-408] INFO  impl.FollowerState (FollowerState.java:run(117)) - efb933de-cdd8-4d8d-88d2-4c7ffe0dec1a@group-EE856C9543A1-FollowerState was interrupted: java.lang.InterruptedException: sleep interrupted
2019-10-16 21:52:53,366 [grpc-default-executor-1] INFO  impl.RoleInfo (RoleInfo.java:updateAndGet(143)) - efb933de-cdd8-4d8d-88d2-4c7ffe0dec1a: start FollowerState
2019-10-16 21:52:53,366 [Thread-407] INFO  impl.FollowerState (FollowerState.java:run(117)) - 9d88716d-5d6b-4fd8-b832-a110dc45ee66@group-EE856C9543A1-FollowerState was interrupted: java.lang.InterruptedException: sleep interrupted
2019-10-16 21:52:53,382 [5c3956af-60d3-411f-8c98-c7ed3576de5c@group-EE856C9543A1-LeaderElection26] INFO  impl.LeaderElection (LeaderElection.java:logAndReturn(56)) - 5c3956af-60d3-411f-8c98-c7ed3576de5c@group-EE856C9543A1-LeaderElection26: Election REJECTED; received 2 response(s) [5c3956af-60d3-411f-8c98-c7ed3576de5c<-efb933de-cdd8-4d8d-88d2-4c7ffe0dec1a#0:FAIL-t14, 5c3956af-60d3-411f-8c98-c7ed3576de5c<-9d88716d-5d6b-4fd8-b832-a110dc45ee66#0:FAIL-t14] and 0 exception(s); 5c3956af-60d3-411f-8c98-c7ed3576de5c@group-EE856C9543A1:t14, leader=null, voted=5c3956af-60d3-411f-8c98-c7ed3576de5c, raftlog=5c3956af-60d3-411f-8c98-c7ed3576de5c@group-EE856C9543A1-SegmentedRaftLog:OPENED:c-1,f-1,i0, conf=-1: [5c3956af-60d3-411f-8c98-c7ed3576de5c:192.168.34.38:33787, efb933de-cdd8-4d8d-88d2-4c7ffe0dec1a:192.168.34.38:42459, 9d88716d-5d6b-4fd8-b832-a110dc45ee66:192.168.34.38:38211], old=null
2019-10-16 21:52:53,382 [5c3956af-60d3-411f-8c98-c7ed3576de5c@group-EE856C9543A1-LeaderElection26] INFO  impl.RaftServerImpl (RaftServerImpl.java:setRole(184)) - 5c3956af-60d3-411f-8c98-c7ed3576de5c@group-EE856C9543A1: changes role from CANDIDATE to FOLLOWER at term 14 for DISCOVERED_A_NEW_TERM
2019-10-16 21:52:53,382 [5c3956af-60d3-411f-8c98-c7ed3576de5c@group-EE856C9543A1-LeaderElection26] INFO  impl.RoleInfo (RoleInfo.java:shutdownLeaderElection(134)) - 5c3956af-60d3-411f-8c98-c7ed3576de5c: shutdown LeaderElection
2019-10-16 21:52:53,383 [5c3956af-60d3-411f-8c98-c7ed3576de5c@group-EE856C9543A1-LeaderElection26] INFO  impl.RoleInfo (RoleInfo.java:updateAndGet(143)) - 5c3956af-60d3-411f-8c98-c7ed3576de5c: start FollowerState
2019-10-16 21:52:53,391 [JUnit] INFO  ozone.MiniOzoneClusterImpl (MiniOzoneClusterImpl.java:lambda$waitForClusterToBeReady$2(164)) - Waiting for 1 number of pipelines out of 6, to report a leader.
2019-10-16 21:52:53,546 [Thread-415] INFO  impl.FollowerState (FollowerState.java:run(108)) - 5c3956af-60d3-411f-8c98-c7ed3576de5c@group-EE856C9543A1-FollowerState: change to CANDIDATE, lastRpcTime:163ms, electionTimeout:163ms
2019-10-16 21:52:53,546 [Thread-415] INFO  impl.RoleInfo (RoleInfo.java:shutdownFollowerState(121)) - 5c3956af-60d3-411f-8c98-c7ed3576de5c: shutdown FollowerState
2019-10-16 21:52:53,546 [Thread-415] INFO  impl.RaftServerImpl (RaftServerImpl.java:setRole(184)) - 5c3956af-60d3-411f-8c98-c7ed3576de5c@group-EE856C9543A1: changes role from  FOLLOWER to CANDIDATE at term 14 for changeToCandidate
2019-10-16 21:52:53,547 [Thread-415] INFO  impl.RoleInfo (RoleInfo.java:updateAndGet(143)) - 5c3956af-60d3-411f-8c98-c7ed3576de5c: start LeaderElection
2019-10-16 21:52:53,560 [5c3956af-60d3-411f-8c98-c7ed3576de5c@group-EE856C9543A1-LeaderElection27] INFO  impl.LeaderElection (LeaderElection.java:askForVotes(178)) - 5c3956af-60d3-411f-8c98-c7ed3576de5c@group-EE856C9543A1-LeaderElection27: begin an election at term 15 for -1: [5c3956af-60d3-411f-8c98-c7ed3576de5c:192.168.34.38:33787, efb933de-cdd8-4d8d-88d2-4c7ffe0dec1a:192.168.34.38:42459, 9d88716d-5d6b-4fd8-b832-a110dc45ee66:192.168.34.38:38211], old=null
2019-10-16 21:52:53,565 [grpc-default-executor-1] INFO  impl.RaftServerImpl (RaftServerImpl.java:setRole(184)) - 9d88716d-5d6b-4fd8-b832-a110dc45ee66@group-EE856C9543A1: changes role from  FOLLOWER to FOLLOWER at term 15 for recognizeCandidate:5c3956af-60d3-411f-8c98-c7ed3576de5c
2019-10-16 21:52:53,565 [grpc-default-executor-0] INFO  impl.RaftServerImpl (RaftServerImpl.java:setRole(184)) - efb933de-cdd8-4d8d-88d2-4c7ffe0dec1a@group-EE856C9543A1: changes role from  FOLLOWER to FOLLOWER at term 15 for recognizeCandidate:5c3956af-60d3-411f-8c98-c7ed3576de5c
2019-10-16 21:52:53,565 [grpc-default-executor-1] INFO  impl.RoleInfo (RoleInfo.java:shutdownFollowerState(121)) - 9d88716d-5d6b-4fd8-b832-a110dc45ee66: shutdown FollowerState
2019-10-16 21:52:53,565 [grpc-default-executor-0] INFO  impl.RoleInfo (RoleInfo.java:shutdownFollowerState(121)) - efb933de-cdd8-4d8d-88d2-4c7ffe0dec1a: shutdown FollowerState
2019-10-16 21:52:53,565 [grpc-default-executor-1] INFO  impl.RoleInfo (RoleInfo.java:updateAndGet(143)) - 9d88716d-5d6b-4fd8-b832-a110dc45ee66: start FollowerState
2019-10-16 21:52:53,565 [grpc-default-executor-0] INFO  impl.RoleInfo (RoleInfo.java:updateAndGet(143)) - efb933de-cdd8-4d8d-88d2-4c7ffe0dec1a: start FollowerState
2019-10-16 21:52:53,565 [Thread-413] INFO  impl.FollowerState (FollowerState.java:run(117)) - 9d88716d-5d6b-4fd8-b832-a110dc45ee66@group-EE856C9543A1-FollowerState was interrupted: java.lang.InterruptedException: sleep interrupted
2019-10-16 21:52:53,565 [Thread-414] INFO  impl.FollowerState (FollowerState.java:run(117)) - efb933de-cdd8-4d8d-88d2-4c7ffe0dec1a@group-EE856C9543A1-FollowerState was interrupted: java.lang.InterruptedException: sleep interrupted
2019-10-16 21:52:53,575 [5c3956af-60d3-411f-8c98-c7ed3576de5c@group-EE856C9543A1-LeaderElection27] INFO  impl.LeaderElection (LeaderElection.java:logAndReturn(56)) - 5c3956af-60d3-411f-8c98-c7ed3576de5c@group-EE856C9543A1-LeaderElection27: Election TIMEOUT; received 0 response(s) [] and 0 exception(s); 5c3956af-60d3-411f-8c98-c7ed3576de5c@group-EE856C9543A1:t15, leader=null, voted=5c3956af-60d3-411f-8c98-c7ed3576de5c, raftlog=5c3956af-60d3-411f-8c98-c7ed3576de5c@group-EE856C9543A1-SegmentedRaftLog:OPENED:c-1,f-1,i0, conf=-1: [5c3956af-60d3-411f-8c98-c7ed3576de5c:192.168.34.38:33787, efb933de-cdd8-4d8d-88d2-4c7ffe0dec1a:192.168.34.38:42459, 9d88716d-5d6b-4fd8-b832-a110dc45ee66:192.168.34.38:38211], old=null
2019-10-16 21:52:53,579 [5c3956af-60d3-411f-8c98-c7ed3576de5c@group-EE856C9543A1-LeaderElection27] INFO  impl.LeaderElection (LeaderElection.java:askForVotes(178)) - 5c3956af-60d3-411f-8c98-c7ed3576de5c@group-EE856C9543A1-LeaderElection27: begin an election at term 16 for -1: [5c3956af-60d3-411f-8c98-c7ed3576de5c:192.168.34.38:33787, efb933de-cdd8-4d8d-88d2-4c7ffe0dec1a:192.168.34.38:42459, 9d88716d-5d6b-4fd8-b832-a110dc45ee66:192.168.34.38:38211], old=null
2019-10-16 21:52:53,582 [grpc-default-executor-1] INFO  impl.RaftServerImpl (RaftServerImpl.java:setRole(184)) - 9d88716d-5d6b-4fd8-b832-a110dc45ee66@group-EE856C9543A1: changes role from  FOLLOWER to FOLLOWER at term 16 for recognizeCandidate:5c3956af-60d3-411f-8c98-c7ed3576de5c
2019-10-16 21:52:53,583 [grpc-default-executor-1] INFO  impl.RoleInfo (RoleInfo.java:shutdownFollowerState(121)) - 9d88716d-5d6b-4fd8-b832-a110dc45ee66: shutdown FollowerState
2019-10-16 21:52:53,584 [Thread-419] INFO  impl.FollowerState (FollowerState.java:run(117)) - 9d88716d-5d6b-4fd8-b832-a110dc45ee66@group-EE856C9543A1-FollowerState was interrupted: java.lang.InterruptedException: sleep interrupted
2019-10-16 21:52:53,584 [grpc-default-executor-1] INFO  impl.RoleInfo (RoleInfo.java:updateAndGet(143)) - 9d88716d-5d6b-4fd8-b832-a110dc45ee66: start FollowerState
2019-10-16 21:52:53,584 [grpc-default-executor-0] INFO  impl.RaftServerImpl (RaftServerImpl.java:setRole(184)) - efb933de-cdd8-4d8d-88d2-4c7ffe0dec1a@group-EE856C9543A1: changes role from  FOLLOWER to FOLLOWER at term 16 for recognizeCandidate:5c3956af-60d3-411f-8c98-c7ed3576de5c
2019-10-16 21:52:53,584 [grpc-default-executor-0] INFO  impl.RoleInfo (RoleInfo.java:shutdownFollowerState(121)) - efb933de-cdd8-4d8d-88d2-4c7ffe0dec1a: shutdown FollowerState
2019-10-16 21:52:53,584 [Thread-420] INFO  impl.FollowerState (FollowerState.java:run(117)) - efb933de-cdd8-4d8d-88d2-4c7ffe0dec1a@group-EE856C9543A1-FollowerState was interrupted: java.lang.InterruptedException: sleep interrupted
2019-10-16 21:52:53,584 [grpc-default-executor-0] INFO  impl.RoleInfo (RoleInfo.java:updateAndGet(143)) - efb933de-cdd8-4d8d-88d2-4c7ffe0dec1a: start FollowerState
2019-10-16 21:52:53,599 [5c3956af-60d3-411f-8c98-c7ed3576de5c@group-EE856C9543A1-LeaderElection27] INFO  impl.LeaderElection (LeaderElection.java:logAndReturn(56)) - 5c3956af-60d3-411f-8c98-c7ed3576de5c@group-EE856C9543A1-LeaderElection27: Election REJECTED; received 2 response(s) [5c3956af-60d3-411f-8c98-c7ed3576de5c<-efb933de-cdd8-4d8d-88d2-4c7ffe0dec1a#0:FAIL-t16, 5c3956af-60d3-411f-8c98-c7ed3576de5c<-9d88716d-5d6b-4fd8-b832-a110dc45ee66#0:FAIL-t16] and 0 exception(s); 5c3956af-60d3-411f-8c98-c7ed3576de5c@group-EE856C9543A1:t16, leader=null, voted=5c3956af-60d3-411f-8c98-c7ed3576de5c, raftlog=5c3956af-60d3-411f-8c98-c7ed3576de5c@group-EE856C9543A1-SegmentedRaftLog:OPENED:c-1,f-1,i0, conf=-1: [5c3956af-60d3-411f-8c98-c7ed3576de5c:192.168.34.38:33787, efb933de-cdd8-4d8d-88d2-4c7ffe0dec1a:192.168.34.38:42459, 9d88716d-5d6b-4fd8-b832-a110dc45ee66:192.168.34.38:38211], old=null
2019-10-16 21:52:53,599 [5c3956af-60d3-411f-8c98-c7ed3576de5c@group-EE856C9543A1-LeaderElection27] INFO  impl.RaftServerImpl (RaftServerImpl.java:setRole(184)) - 5c3956af-60d3-411f-8c98-c7ed3576de5c@group-EE856C9543A1: changes role from CANDIDATE to FOLLOWER at term 16 for DISCOVERED_A_NEW_TERM
2019-10-16 21:52:53,599 [5c3956af-60d3-411f-8c98-c7ed3576de5c@group-EE856C9543A1-LeaderElection27] INFO  impl.RoleInfo (RoleInfo.java:shutdownLeaderElection(134)) - 5c3956af-60d3-411f-8c98-c7ed3576de5c: shutdown LeaderElection
2019-10-16 21:52:53,599 [5c3956af-60d3-411f-8c98-c7ed3576de5c@group-EE856C9543A1-LeaderElection27] INFO  impl.RoleInfo (RoleInfo.java:updateAndGet(143)) - 5c3956af-60d3-411f-8c98-c7ed3576de5c: start FollowerState
2019-10-16 21:52:53,715 [Thread-425] INFO  impl.FollowerState (FollowerState.java:run(108)) - 5c3956af-60d3-411f-8c98-c7ed3576de5c@group-EE856C9543A1-FollowerState: change to CANDIDATE, lastRpcTime:115ms, electionTimeout:115ms
2019-10-16 21:52:53,716 [Thread-425] INFO  impl.RoleInfo (RoleInfo.java:shutdownFollowerState(121)) - 5c3956af-60d3-411f-8c98-c7ed3576de5c: shutdown FollowerState
2019-10-16 21:52:53,716 [Thread-425] INFO  impl.RaftServerImpl (RaftServerImpl.java:setRole(184)) - 5c3956af-60d3-411f-8c98-c7ed3576de5c@group-EE856C9543A1: changes role from  FOLLOWER to CANDIDATE at term 16 for changeToCandidate
2019-10-16 21:52:53,716 [Thread-425] INFO  impl.RoleInfo (RoleInfo.java:updateAndGet(143)) - 5c3956af-60d3-411f-8c98-c7ed3576de5c: start LeaderElection
2019-10-16 21:52:53,730 [5c3956af-60d3-411f-8c98-c7ed3576de5c@group-EE856C9543A1-LeaderElection28] INFO  impl.LeaderElection (LeaderElection.java:askForVotes(178)) - 5c3956af-60d3-411f-8c98-c7ed3576de5c@group-EE856C9543A1-LeaderElection28: begin an election at term 17 for -1: [5c3956af-60d3-411f-8c98-c7ed3576de5c:192.168.34.38:33787, efb933de-cdd8-4d8d-88d2-4c7ffe0dec1a:192.168.34.38:42459, 9d88716d-5d6b-4fd8-b832-a110dc45ee66:192.168.34.38:38211], old=null
2019-10-16 21:52:53,733 [grpc-default-executor-0] INFO  impl.RaftServerImpl (RaftServerImpl.java:setRole(184)) - efb933de-cdd8-4d8d-88d2-4c7ffe0dec1a@group-EE856C9543A1: changes role from  FOLLOWER to FOLLOWER at term 17 for recognizeCandidate:5c3956af-60d3-411f-8c98-c7ed3576de5c
2019-10-16 21:52:53,733 [grpc-default-executor-1] INFO  impl.RaftServerImpl (RaftServerImpl.java:setRole(184)) - 9d88716d-5d6b-4fd8-b832-a110dc45ee66@group-EE856C9543A1: changes role from  FOLLOWER to FOLLOWER at term 17 for recognizeCandidate:5c3956af-60d3-411f-8c98-c7ed3576de5c
2019-10-16 21:52:53,734 [grpc-default-executor-0] INFO  impl.RoleInfo (RoleInfo.java:shutdownFollowerState(121)) - efb933de-cdd8-4d8d-88d2-4c7ffe0dec1a: shutdown FollowerState
2019-10-16 21:52:53,734 [grpc-default-executor-1] INFO  impl.RoleInfo (RoleInfo.java:shutdownFollowerState(121)) - 9d88716d-5d6b-4fd8-b832-a110dc45ee66: shutdown FollowerState
2019-10-16 21:52:53,734 [Thread-424] INFO  impl.FollowerState (FollowerState.java:run(117)) - efb933de-cdd8-4d8d-88d2-4c7ffe0dec1a@group-EE856C9543A1-FollowerState was interrupted: java.lang.InterruptedException: sleep interrupted
2019-10-16 21:52:53,734 [grpc-default-executor-0] INFO  impl.RoleInfo (RoleInfo.java:updateAndGet(143)) - efb933de-cdd8-4d8d-88d2-4c7ffe0dec1a: start FollowerState
2019-10-16 21:52:53,734 [Thread-423] INFO  impl.FollowerState (FollowerState.java:run(117)) - 9d88716d-5d6b-4fd8-b832-a110dc45ee66@group-EE856C9543A1-FollowerState was interrupted: java.lang.InterruptedException: sleep interrupted
2019-10-16 21:52:53,734 [grpc-default-executor-1] INFO  impl.RoleInfo (RoleInfo.java:updateAndGet(143)) - 9d88716d-5d6b-4fd8-b832-a110dc45ee66: start FollowerState
2019-10-16 21:52:53,749 [5c3956af-60d3-411f-8c98-c7ed3576de5c@group-EE856C9543A1-LeaderElection28] INFO  impl.LeaderElection (LeaderElection.java:logAndReturn(56)) - 5c3956af-60d3-411f-8c98-c7ed3576de5c@group-EE856C9543A1-LeaderElection28: Election REJECTED; received 2 response(s) [5c3956af-60d3-411f-8c98-c7ed3576de5c<-efb933de-cdd8-4d8d-88d2-4c7ffe0dec1a#0:FAIL-t17, 5c3956af-60d3-411f-8c98-c7ed3576de5c<-9d88716d-5d6b-4fd8-b832-a110dc45ee66#0:FAIL-t17] and 0 exception(s); 5c3956af-60d3-411f-8c98-c7ed3576de5c@group-EE856C9543A1:t17, leader=null, voted=5c3956af-60d3-411f-8c98-c7ed3576de5c, raftlog=5c3956af-60d3-411f-8c98-c7ed3576de5c@group-EE856C9543A1-SegmentedRaftLog:OPENED:c-1,f-1,i0, conf=-1: [5c3956af-60d3-411f-8c98-c7ed3576de5c:192.168.34.38:33787, efb933de-cdd8-4d8d-88d2-4c7ffe0dec1a:192.168.34.38:42459, 9d88716d-5d6b-4fd8-b832-a110dc45ee66:192.168.34.38:38211], old=null
2019-10-16 21:52:53,749 [5c3956af-60d3-411f-8c98-c7ed3576de5c@group-EE856C9543A1-LeaderElection28] INFO  impl.RaftServerImpl (RaftServerImpl.java:setRole(184)) - 5c3956af-60d3-411f-8c98-c7ed3576de5c@group-EE856C9543A1: changes role from CANDIDATE to FOLLOWER at term 17 for DISCOVERED_A_NEW_TERM
2019-10-16 21:52:53,750 [5c3956af-60d3-411f-8c98-c7ed3576de5c@group-EE856C9543A1-LeaderElection28] INFO  impl.RoleInfo (RoleInfo.java:shutdownLeaderElection(134)) - 5c3956af-60d3-411f-8c98-c7ed3576de5c: shutdown LeaderElection
2019-10-16 21:52:53,750 [5c3956af-60d3-411f-8c98-c7ed3576de5c@group-EE856C9543A1-LeaderElection28] INFO  impl.RoleInfo (RoleInfo.java:updateAndGet(143)) - 5c3956af-60d3-411f-8c98-c7ed3576de5c: start FollowerState
2019-10-16 21:52:53,834 [Thread-431] INFO  impl.FollowerState (FollowerState.java:run(108)) - 5c3956af-60d3-411f-8c98-c7ed3576de5c@group-EE856C9543A1-FollowerState: change to CANDIDATE, lastRpcTime:84ms, electionTimeout:84ms
2019-10-16 21:52:53,835 [Thread-431] INFO  impl.RoleInfo (RoleInfo.java:shutdownFollowerState(121)) - 5c3956af-60d3-411f-8c98-c7ed3576de5c: shutdown FollowerState
2019-10-16 21:52:53,835 [Thread-431] INFO  impl.RaftServerImpl (RaftServerImpl.java:setRole(184)) - 5c3956af-60d3-411f-8c98-c7ed3576de5c@group-EE856C9543A1: changes role from  FOLLOWER to CANDIDATE at term 17 for changeToCandidate
2019-10-16 21:52:53,836 [Thread-431] INFO  impl.RoleInfo (RoleInfo.java:updateAndGet(143)) - 5c3956af-60d3-411f-8c98-c7ed3576de5c: start LeaderElection
2019-10-16 21:52:53,849 [5c3956af-60d3-411f-8c98-c7ed3576de5c@group-EE856C9543A1-LeaderElection29] INFO  impl.LeaderElection (LeaderElection.java:askForVotes(178)) - 5c3956af-60d3-411f-8c98-c7ed3576de5c@group-EE856C9543A1-LeaderElection29: begin an election at term 18 for -1: [5c3956af-60d3-411f-8c98-c7ed3576de5c:192.168.34.38:33787, efb933de-cdd8-4d8d-88d2-4c7ffe0dec1a:192.168.34.38:42459, 9d88716d-5d6b-4fd8-b832-a110dc45ee66:192.168.34.38:38211], old=null
2019-10-16 21:52:53,853 [grpc-default-executor-1] INFO  impl.RaftServerImpl (RaftServerImpl.java:setRole(184)) - 9d88716d-5d6b-4fd8-b832-a110dc45ee66@group-EE856C9543A1: changes role from  FOLLOWER to FOLLOWER at term 18 for recognizeCandidate:5c3956af-60d3-411f-8c98-c7ed3576de5c
2019-10-16 21:52:53,853 [grpc-default-executor-0] INFO  impl.RaftServerImpl (RaftServerImpl.java:setRole(184)) - efb933de-cdd8-4d8d-88d2-4c7ffe0dec1a@group-EE856C9543A1: changes role from  FOLLOWER to FOLLOWER at term 18 for recognizeCandidate:5c3956af-60d3-411f-8c98-c7ed3576de5c
2019-10-16 21:52:53,853 [grpc-default-executor-1] INFO  impl.RoleInfo (RoleInfo.java:shutdownFollowerState(121)) - 9d88716d-5d6b-4fd8-b832-a110dc45ee66: shutdown FollowerState
2019-10-16 21:52:53,853 [grpc-default-executor-0] INFO  impl.RoleInfo (RoleInfo.java:shutdownFollowerState(121)) - efb933de-cdd8-4d8d-88d2-4c7ffe0dec1a: shutdown FollowerState
2019-10-16 21:52:53,853 [Thread-430] INFO  impl.FollowerState (FollowerState.java:run(117)) - 9d88716d-5d6b-4fd8-b832-a110dc45ee66@group-EE856C9543A1-FollowerState was interrupted: java.lang.InterruptedException: sleep interrupted
2019-10-16 21:52:53,854 [Thread-429] INFO  impl.FollowerState (FollowerState.java:run(117)) - efb933de-cdd8-4d8d-88d2-4c7ffe0dec1a@group-EE856C9543A1-FollowerState was interrupted: java.lang.InterruptedException: sleep interrupted
2019-10-16 21:52:53,853 [grpc-default-executor-1] INFO  impl.RoleInfo (RoleInfo.java:updateAndGet(143)) - 9d88716d-5d6b-4fd8-b832-a110dc45ee66: start FollowerState
2019-10-16 21:52:53,854 [grpc-default-executor-0] INFO  impl.RoleInfo (RoleInfo.java:updateAndGet(143)) - efb933de-cdd8-4d8d-88d2-4c7ffe0dec1a: start FollowerState
2019-10-16 21:52:53,869 [5c3956af-60d3-411f-8c98-c7ed3576de5c@group-EE856C9543A1-LeaderElection29] INFO  impl.LeaderElection (LeaderElection.java:logAndReturn(56)) - 5c3956af-60d3-411f-8c98-c7ed3576de5c@group-EE856C9543A1-LeaderElection29: Election REJECTED; received 2 response(s) [5c3956af-60d3-411f-8c98-c7ed3576de5c<-efb933de-cdd8-4d8d-88d2-4c7ffe0dec1a#0:FAIL-t18, 5c3956af-60d3-411f-8c98-c7ed3576de5c<-9d88716d-5d6b-4fd8-b832-a110dc45ee66#0:FAIL-t18] and 0 exception(s); 5c3956af-60d3-411f-8c98-c7ed3576de5c@group-EE856C9543A1:t18, leader=null, voted=5c3956af-60d3-411f-8c98-c7ed3576de5c, raftlog=5c3956af-60d3-411f-8c98-c7ed3576de5c@group-EE856C9543A1-SegmentedRaftLog:OPENED:c-1,f-1,i0, conf=-1: [5c3956af-60d3-411f-8c98-c7ed3576de5c:192.168.34.38:33787, efb933de-cdd8-4d8d-88d2-4c7ffe0dec1a:192.168.34.38:42459, 9d88716d-5d6b-4fd8-b832-a110dc45ee66:192.168.34.38:38211], old=null
2019-10-16 21:52:53,869 [5c3956af-60d3-411f-8c98-c7ed3576de5c@group-EE856C9543A1-LeaderElection29] INFO  impl.RaftServerImpl (RaftServerImpl.java:setRole(184)) - 5c3956af-60d3-411f-8c98-c7ed3576de5c@group-EE856C9543A1: changes role from CANDIDATE to FOLLOWER at term 18 for DISCOVERED_A_NEW_TERM
2019-10-16 21:52:53,869 [5c3956af-60d3-411f-8c98-c7ed3576de5c@group-EE856C9543A1-LeaderElection29] INFO  impl.RoleInfo (RoleInfo.java:shutdownLeaderElection(134)) - 5c3956af-60d3-411f-8c98-c7ed3576de5c: shutdown LeaderElection
2019-10-16 21:52:53,869 [5c3956af-60d3-411f-8c98-c7ed3576de5c@group-EE856C9543A1-LeaderElection29] INFO  impl.RoleInfo (RoleInfo.java:updateAndGet(143)) - 5c3956af-60d3-411f-8c98-c7ed3576de5c: start FollowerState
2019-10-16 21:52:54,063 [Thread-437] INFO  impl.FollowerState (FollowerState.java:run(108)) - 5c3956af-60d3-411f-8c98-c7ed3576de5c@group-EE856C9543A1-FollowerState: change to CANDIDATE, lastRpcTime:193ms, electionTimeout:193ms
2019-10-16 21:52:54,064 [Thread-437] INFO  impl.RoleInfo (RoleInfo.java:shutdownFollowerState(121)) - 5c3956af-60d3-411f-8c98-c7ed3576de5c: shutdown FollowerState
2019-10-16 21:52:54,064 [Thread-437] INFO  impl.RaftServerImpl (RaftServerImpl.java:setRole(184)) - 5c3956af-60d3-411f-8c98-c7ed3576de5c@group-EE856C9543A1: changes role from  FOLLOWER to CANDIDATE at term 18 for changeToCandidate
2019-10-16 21:52:54,064 [Thread-437] INFO  impl.RoleInfo (RoleInfo.java:updateAndGet(143)) - 5c3956af-60d3-411f-8c98-c7ed3576de5c: start LeaderElection
2019-10-16 21:52:54,078 [5c3956af-60d3-411f-8c98-c7ed3576de5c@group-EE856C9543A1-LeaderElection30] INFO  impl.LeaderElection (LeaderElection.java:askForVotes(178)) - 5c3956af-60d3-411f-8c98-c7ed3576de5c@group-EE856C9543A1-LeaderElection30: begin an election at term 19 for -1: [5c3956af-60d3-411f-8c98-c7ed3576de5c:192.168.34.38:33787, efb933de-cdd8-4d8d-88d2-4c7ffe0dec1a:192.168.34.38:42459, 9d88716d-5d6b-4fd8-b832-a110dc45ee66:192.168.34.38:38211], old=null
2019-10-16 21:52:54,081 [grpc-default-executor-1] INFO  impl.RaftServerImpl (RaftServerImpl.java:setRole(184)) - 9d88716d-5d6b-4fd8-b832-a110dc45ee66@group-EE856C9543A1: changes role from  FOLLOWER to FOLLOWER at term 19 for recognizeCandidate:5c3956af-60d3-411f-8c98-c7ed3576de5c
2019-10-16 21:52:54,081 [grpc-default-executor-0] INFO  impl.RaftServerImpl (RaftServerImpl.java:setRole(184)) - efb933de-cdd8-4d8d-88d2-4c7ffe0dec1a@group-EE856C9543A1: changes role from  FOLLOWER to FOLLOWER at term 19 for recognizeCandidate:5c3956af-60d3-411f-8c98-c7ed3576de5c
2019-10-16 21:52:54,081 [grpc-default-executor-1] INFO  impl.RoleInfo (RoleInfo.java:shutdownFollowerState(121)) - 9d88716d-5d6b-4fd8-b832-a110dc45ee66: shutdown FollowerState
2019-10-16 21:52:54,082 [grpc-default-executor-0] INFO  impl.RoleInfo (RoleInfo.java:shutdownFollowerState(121)) - efb933de-cdd8-4d8d-88d2-4c7ffe0dec1a: shutdown FollowerState
2019-10-16 21:52:54,082 [Thread-435] INFO  impl.FollowerState (FollowerState.java:run(117)) - 9d88716d-5d6b-4fd8-b832-a110dc45ee66@group-EE856C9543A1-FollowerState was interrupted: java.lang.InterruptedException: sleep interrupted
2019-10-16 21:52:54,082 [grpc-default-executor-1] INFO  impl.RoleInfo (RoleInfo.java:updateAndGet(143)) - 9d88716d-5d6b-4fd8-b832-a110dc45ee66: start FollowerState
2019-10-16 21:52:54,082 [grpc-default-executor-0] INFO  impl.RoleInfo (RoleInfo.java:updateAndGet(143)) - efb933de-cdd8-4d8d-88d2-4c7ffe0dec1a: start FollowerState
2019-10-16 21:52:54,082 [Thread-436] INFO  impl.FollowerState (FollowerState.java:run(117)) - efb933de-cdd8-4d8d-88d2-4c7ffe0dec1a@group-EE856C9543A1-FollowerState was interrupted: java.lang.InterruptedException: sleep interrupted
2019-10-16 21:52:54,097 [5c3956af-60d3-411f-8c98-c7ed3576de5c@group-EE856C9543A1-LeaderElection30] INFO  impl.LeaderElection (LeaderElection.java:logAndReturn(56)) - 5c3956af-60d3-411f-8c98-c7ed3576de5c@group-EE856C9543A1-LeaderElection30: Election REJECTED; received 2 response(s) [5c3956af-60d3-411f-8c98-c7ed3576de5c<-efb933de-cdd8-4d8d-88d2-4c7ffe0dec1a#0:FAIL-t19, 5c3956af-60d3-411f-8c98-c7ed3576de5c<-9d88716d-5d6b-4fd8-b832-a110dc45ee66#0:FAIL-t19] and 0 exception(s); 5c3956af-60d3-411f-8c98-c7ed3576de5c@group-EE856C9543A1:t19, leader=null, voted=5c3956af-60d3-411f-8c98-c7ed3576de5c, raftlog=5c3956af-60d3-411f-8c98-c7ed3576de5c@group-EE856C9543A1-SegmentedRaftLog:OPENED:c-1,f-1,i0, conf=-1: [5c3956af-60d3-411f-8c98-c7ed3576de5c:192.168.34.38:33787, efb933de-cdd8-4d8d-88d2-4c7ffe0dec1a:192.168.34.38:42459, 9d88716d-5d6b-4fd8-b832-a110dc45ee66:192.168.34.38:38211], old=null
2019-10-16 21:52:54,097 [5c3956af-60d3-411f-8c98-c7ed3576de5c@group-EE856C9543A1-LeaderElection30] INFO  impl.RaftServerImpl (RaftServerImpl.java:setRole(184)) - 5c3956af-60d3-411f-8c98-c7ed3576de5c@group-EE856C9543A1: changes role from CANDIDATE to FOLLOWER at term 19 for DISCOVERED_A_NEW_TERM
2019-10-16 21:52:54,097 [5c3956af-60d3-411f-8c98-c7ed3576de5c@group-EE856C9543A1-LeaderElection30] INFO  impl.RoleInfo (RoleInfo.java:shutdownLeaderElection(134)) - 5c3956af-60d3-411f-8c98-c7ed3576de5c: shutdown LeaderElection
2019-10-16 21:52:54,097 [5c3956af-60d3-411f-8c98-c7ed3576de5c@group-EE856C9543A1-LeaderElection30] INFO  impl.RoleInfo (RoleInfo.java:updateAndGet(143)) - 5c3956af-60d3-411f-8c98-c7ed3576de5c: start FollowerState
2019-10-16 21:52:54,123 [Thread-443] INFO  impl.FollowerState (FollowerState.java:run(108)) - 5c3956af-60d3-411f-8c98-c7ed3576de5c@group-EE856C9543A1-FollowerState: change to CANDIDATE, lastRpcTime:26ms, electionTimeout:26ms
2019-10-16 21:52:54,125 [Thread-443] INFO  impl.RoleInfo (RoleInfo.java:shutdownFollowerState(121)) - 5c3956af-60d3-411f-8c98-c7ed3576de5c: shutdown FollowerState
2019-10-16 21:52:54,125 [Thread-443] INFO  impl.RaftServerImpl (RaftServerImpl.java:setRole(184)) - 5c3956af-60d3-411f-8c98-c7ed3576de5c@group-EE856C9543A1: changes role from  FOLLOWER to CANDIDATE at term 19 for changeToCandidate
2019-10-16 21:52:54,125 [Thread-443] INFO  impl.RoleInfo (RoleInfo.java:updateAndGet(143)) - 5c3956af-60d3-411f-8c98-c7ed3576de5c: start LeaderElection
2019-10-16 21:52:54,139 [5c3956af-60d3-411f-8c98-c7ed3576de5c@group-EE856C9543A1-LeaderElection31] INFO  impl.LeaderElection (LeaderElection.java:askForVotes(178)) - 5c3956af-60d3-411f-8c98-c7ed3576de5c@group-EE856C9543A1-LeaderElection31: begin an election at term 20 for -1: [5c3956af-60d3-411f-8c98-c7ed3576de5c:192.168.34.38:33787, efb933de-cdd8-4d8d-88d2-4c7ffe0dec1a:192.168.34.38:42459, 9d88716d-5d6b-4fd8-b832-a110dc45ee66:192.168.34.38:38211], old=null
2019-10-16 21:52:54,143 [grpc-default-executor-0] INFO  impl.RaftServerImpl (RaftServerImpl.java:setRole(184)) - efb933de-cdd8-4d8d-88d2-4c7ffe0dec1a@group-EE856C9543A1: changes role from  FOLLOWER to FOLLOWER at term 20 for recognizeCandidate:5c3956af-60d3-411f-8c98-c7ed3576de5c
2019-10-16 21:52:54,143 [grpc-default-executor-1] INFO  impl.RaftServerImpl (RaftServerImpl.java:setRole(184)) - 9d88716d-5d6b-4fd8-b832-a110dc45ee66@group-EE856C9543A1: changes role from  FOLLOWER to FOLLOWER at term 20 for recognizeCandidate:5c3956af-60d3-411f-8c98-c7ed3576de5c
2019-10-16 21:52:54,143 [grpc-default-executor-0] INFO  impl.RoleInfo (RoleInfo.java:shutdownFollowerState(121)) - efb933de-cdd8-4d8d-88d2-4c7ffe0dec1a: shutdown FollowerState
2019-10-16 21:52:54,144 [grpc-default-executor-1] INFO  impl.RoleInfo (RoleInfo.java:shutdownFollowerState(121)) - 9d88716d-5d6b-4fd8-b832-a110dc45ee66: shutdown FollowerState
2019-10-16 21:52:54,144 [Thread-442] INFO  impl.FollowerState (FollowerState.java:run(117)) - efb933de-cdd8-4d8d-88d2-4c7ffe0dec1a@group-EE856C9543A1-FollowerState was interrupted: java.lang.InterruptedException: sleep interrupted
2019-10-16 21:52:54,144 [grpc-default-executor-1] INFO  impl.RoleInfo (RoleInfo.java:updateAndGet(143)) - 9d88716d-5d6b-4fd8-b832-a110dc45ee66: start FollowerState
2019-10-16 21:52:54,144 [Thread-441] INFO  impl.FollowerState (FollowerState.java:run(117)) - 9d88716d-5d6b-4fd8-b832-a110dc45ee66@group-EE856C9543A1-FollowerState was interrupted: java.lang.InterruptedException: sleep interrupted
2019-10-16 21:52:54,144 [grpc-default-executor-0] INFO  impl.RoleInfo (RoleInfo.java:updateAndGet(143)) - efb933de-cdd8-4d8d-88d2-4c7ffe0dec1a: start FollowerState
2019-10-16 21:52:54,159 [5c3956af-60d3-411f-8c98-c7ed3576de5c@group-EE856C9543A1-LeaderElection31] INFO  impl.LeaderElection (LeaderElection.java:logAndReturn(56)) - 5c3956af-60d3-411f-8c98-c7ed3576de5c@group-EE856C9543A1-LeaderElection31: Election REJECTED; received 2 response(s) [5c3956af-60d3-411f-8c98-c7ed3576de5c<-efb933de-cdd8-4d8d-88d2-4c7ffe0dec1a#0:FAIL-t20, 5c3956af-60d3-411f-8c98-c7ed3576de5c<-9d88716d-5d6b-4fd8-b832-a110dc45ee66#0:FAIL-t20] and 0 exception(s); 5c3956af-60d3-411f-8c98-c7ed3576de5c@group-EE856C9543A1:t20, leader=null, voted=5c3956af-60d3-411f-8c98-c7ed3576de5c, raftlog=5c3956af-60d3-411f-8c98-c7ed3576de5c@group-EE856C9543A1-SegmentedRaftLog:OPENED:c-1,f-1,i0, conf=-1: [5c3956af-60d3-411f-8c98-c7ed3576de5c:192.168.34.38:33787, efb933de-cdd8-4d8d-88d2-4c7ffe0dec1a:192.168.34.38:42459, 9d88716d-5d6b-4fd8-b832-a110dc45ee66:192.168.34.38:38211], old=null
2019-10-16 21:52:54,159 [5c3956af-60d3-411f-8c98-c7ed3576de5c@group-EE856C9543A1-LeaderElection31] INFO  impl.RaftServerImpl (RaftServerImpl.java:setRole(184)) - 5c3956af-60d3-411f-8c98-c7ed3576de5c@group-EE856C9543A1: changes role from CANDIDATE to FOLLOWER at term 20 for DISCOVERED_A_NEW_TERM
2019-10-16 21:52:54,159 [5c3956af-60d3-411f-8c98-c7ed3576de5c@group-EE856C9543A1-LeaderElection31] INFO  impl.RoleInfo (RoleInfo.java:shutdownLeaderElection(134)) - 5c3956af-60d3-411f-8c98-c7ed3576de5c: shutdown LeaderElection
2019-10-16 21:52:54,159 [5c3956af-60d3-411f-8c98-c7ed3576de5c@group-EE856C9543A1-LeaderElection31] INFO  impl.RoleInfo (RoleInfo.java:updateAndGet(143)) - 5c3956af-60d3-411f-8c98-c7ed3576de5c: start FollowerState
2019-10-16 21:52:54,229 [Thread-449] INFO  impl.FollowerState (FollowerState.java:run(108)) - 5c3956af-60d3-411f-8c98-c7ed3576de5c@group-EE856C9543A1-FollowerState: change to CANDIDATE, lastRpcTime:70ms, electionTimeout:70ms
2019-10-16 21:52:54,235 [Thread-449] INFO  impl.RoleInfo (RoleInfo.java:shutdownFollowerState(121)) - 5c3956af-60d3-411f-8c98-c7ed3576de5c: shutdown FollowerState
2019-10-16 21:52:54,235 [Thread-449] INFO  impl.RaftServerImpl (RaftServerImpl.java:setRole(184)) - 5c3956af-60d3-411f-8c98-c7ed3576de5c@group-EE856C9543A1: changes role from  FOLLOWER to CANDIDATE at term 20 for changeToCandidate
2019-10-16 21:52:54,235 [Thread-449] INFO  impl.RoleInfo (RoleInfo.java:updateAndGet(143)) - 5c3956af-60d3-411f-8c98-c7ed3576de5c: start LeaderElection
2019-10-16 21:52:54,248 [5c3956af-60d3-411f-8c98-c7ed3576de5c@group-EE856C9543A1-LeaderElection32] INFO  impl.LeaderElection (LeaderElection.java:askForVotes(178)) - 5c3956af-60d3-411f-8c98-c7ed3576de5c@group-EE856C9543A1-LeaderElection32: begin an election at term 21 for -1: [5c3956af-60d3-411f-8c98-c7ed3576de5c:192.168.34.38:33787, efb933de-cdd8-4d8d-88d2-4c7ffe0dec1a:192.168.34.38:42459, 9d88716d-5d6b-4fd8-b832-a110dc45ee66:192.168.34.38:38211], old=null
2019-10-16 21:52:54,252 [grpc-default-executor-0] INFO  impl.RaftServerImpl (RaftServerImpl.java:setRole(184)) - efb933de-cdd8-4d8d-88d2-4c7ffe0dec1a@group-EE856C9543A1: changes role from  FOLLOWER to FOLLOWER at term 21 for recognizeCandidate:5c3956af-60d3-411f-8c98-c7ed3576de5c
2019-10-16 21:52:54,252 [grpc-default-executor-1] INFO  impl.RaftServerImpl (RaftServerImpl.java:setRole(184)) - 9d88716d-5d6b-4fd8-b832-a110dc45ee66@group-EE856C9543A1: changes role from  FOLLOWER to FOLLOWER at term 21 for recognizeCandidate:5c3956af-60d3-411f-8c98-c7ed3576de5c
2019-10-16 21:52:54,252 [grpc-default-executor-0] INFO  impl.RoleInfo (RoleInfo.java:shutdownFollowerState(121)) - efb933de-cdd8-4d8d-88d2-4c7ffe0dec1a: shutdown FollowerState
2019-10-16 21:52:54,252 [grpc-default-executor-1] INFO  impl.RoleInfo (RoleInfo.java:shutdownFollowerState(121)) - 9d88716d-5d6b-4fd8-b832-a110dc45ee66: shutdown FollowerState
2019-10-16 21:52:54,253 [Thread-447] INFO  impl.FollowerState (FollowerState.java:run(117)) - efb933de-cdd8-4d8d-88d2-4c7ffe0dec1a@group-EE856C9543A1-FollowerState was interrupted: java.lang.InterruptedException: sleep interrupted
2019-10-16 21:52:54,253 [grpc-default-executor-1] INFO  impl.RoleInfo (RoleInfo.java:updateAndGet(143)) - 9d88716d-5d6b-4fd8-b832-a110dc45ee66: start FollowerState
2019-10-16 21:52:54,253 [Thread-448] INFO  impl.FollowerState (FollowerState.java:run(117)) - 9d88716d-5d6b-4fd8-b832-a110dc45ee66@group-EE856C9543A1-FollowerState was interrupted: java.lang.InterruptedException: sleep interrupted
2019-10-16 21:52:54,253 [grpc-default-executor-0] INFO  impl.RoleInfo (RoleInfo.java:updateAndGet(143)) - efb933de-cdd8-4d8d-88d2-4c7ffe0dec1a: start FollowerState
2019-10-16 21:52:54,268 [5c3956af-60d3-411f-8c98-c7ed3576de5c@group-EE856C9543A1-LeaderElection32] INFO  impl.LeaderElection (LeaderElection.java:logAndReturn(56)) - 5c3956af-60d3-411f-8c98-c7ed3576de5c@group-EE856C9543A1-LeaderElection32: Election REJECTED; received 2 response(s) [5c3956af-60d3-411f-8c98-c7ed3576de5c<-efb933de-cdd8-4d8d-88d2-4c7ffe0dec1a#0:FAIL-t21, 5c3956af-60d3-411f-8c98-c7ed3576de5c<-9d88716d-5d6b-4fd8-b832-a110dc45ee66#0:FAIL-t21] and 0 exception(s); 5c3956af-60d3-411f-8c98-c7ed3576de5c@group-EE856C9543A1:t21, leader=null, voted=5c3956af-60d3-411f-8c98-c7ed3576de5c, raftlog=5c3956af-60d3-411f-8c98-c7ed3576de5c@group-EE856C9543A1-SegmentedRaftLog:OPENED:c-1,f-1,i0, conf=-1: [5c3956af-60d3-411f-8c98-c7ed3576de5c:192.168.34.38:33787, efb933de-cdd8-4d8d-88d2-4c7ffe0dec1a:192.168.34.38:42459, 9d88716d-5d6b-4fd8-b832-a110dc45ee66:192.168.34.38:38211], old=null
2019-10-16 21:52:54,268 [5c3956af-60d3-411f-8c98-c7ed3576de5c@group-EE856C9543A1-LeaderElection32] INFO  impl.RaftServerImpl (RaftServerImpl.java:setRole(184)) - 5c3956af-60d3-411f-8c98-c7ed3576de5c@group-EE856C9543A1: changes role from CANDIDATE to FOLLOWER at term 21 for DISCOVERED_A_NEW_TERM
2019-10-16 21:52:54,268 [5c3956af-60d3-411f-8c98-c7ed3576de5c@group-EE856C9543A1-LeaderElection32] INFO  impl.RoleInfo (RoleInfo.java:shutdownLeaderElection(134)) - 5c3956af-60d3-411f-8c98-c7ed3576de5c: shutdown LeaderElection
2019-10-16 21:52:54,268 [5c3956af-60d3-411f-8c98-c7ed3576de5c@group-EE856C9543A1-LeaderElection32] INFO  impl.RoleInfo (RoleInfo.java:updateAndGet(143)) - 5c3956af-60d3-411f-8c98-c7ed3576de5c: start FollowerState
2019-10-16 21:52:54,336 [Thread-455] INFO  impl.FollowerState (FollowerState.java:run(108)) - 5c3956af-60d3-411f-8c98-c7ed3576de5c@group-EE856C9543A1-FollowerState: change to CANDIDATE, lastRpcTime:68ms, electionTimeout:68ms
2019-10-16 21:52:54,336 [Thread-455] INFO  impl.RoleInfo (RoleInfo.java:shutdownFollowerState(121)) - 5c3956af-60d3-411f-8c98-c7ed3576de5c: shutdown FollowerState
2019-10-16 21:52:54,337 [Thread-455] INFO  impl.RaftServerImpl (RaftServerImpl.java:setRole(184)) - 5c3956af-60d3-411f-8c98-c7ed3576de5c@group-EE856C9543A1: changes role from  FOLLOWER to CANDIDATE at term 21 for changeToCandidate
2019-10-16 21:52:54,337 [Thread-455] INFO  impl.RoleInfo (RoleInfo.java:updateAndGet(143)) - 5c3956af-60d3-411f-8c98-c7ed3576de5c: start LeaderElection
2019-10-16 21:52:54,351 [5c3956af-60d3-411f-8c98-c7ed3576de5c@group-EE856C9543A1-LeaderElection33] INFO  impl.LeaderElection (LeaderElection.java:askForVotes(178)) - 5c3956af-60d3-411f-8c98-c7ed3576de5c@group-EE856C9543A1-LeaderElection33: begin an election at term 22 for -1: [5c3956af-60d3-411f-8c98-c7ed3576de5c:192.168.34.38:33787, efb933de-cdd8-4d8d-88d2-4c7ffe0dec1a:192.168.34.38:42459, 9d88716d-5d6b-4fd8-b832-a110dc45ee66:192.168.34.38:38211], old=null
2019-10-16 21:52:54,355 [grpc-default-executor-1] INFO  impl.RaftServerImpl (RaftServerImpl.java:setRole(184)) - 9d88716d-5d6b-4fd8-b832-a110dc45ee66@group-EE856C9543A1: changes role from  FOLLOWER to FOLLOWER at term 22 for recognizeCandidate:5c3956af-60d3-411f-8c98-c7ed3576de5c
2019-10-16 21:52:54,356 [grpc-default-executor-0] INFO  impl.RaftServerImpl (RaftServerImpl.java:setRole(184)) - efb933de-cdd8-4d8d-88d2-4c7ffe0dec1a@group-EE856C9543A1: changes role from  FOLLOWER to FOLLOWER at term 22 for recognizeCandidate:5c3956af-60d3-411f-8c98-c7ed3576de5c
2019-10-16 21:52:54,356 [grpc-default-executor-1] INFO  impl.RoleInfo (RoleInfo.java:shutdownFollowerState(121)) - 9d88716d-5d6b-4fd8-b832-a110dc45ee66: shutdown FollowerState
2019-10-16 21:52:54,356 [grpc-default-executor-0] INFO  impl.RoleInfo (RoleInfo.java:shutdownFollowerState(121)) - efb933de-cdd8-4d8d-88d2-4c7ffe0dec1a: shutdown FollowerState
2019-10-16 21:52:54,356 [Thread-454] INFO  impl.FollowerState (FollowerState.java:run(117)) - 9d88716d-5d6b-4fd8-b832-a110dc45ee66@group-EE856C9543A1-FollowerState was interrupted: java.lang.InterruptedException: sleep interrupted
2019-10-16 21:52:54,356 [grpc-default-executor-0] INFO  impl.RoleInfo (RoleInfo.java:updateAndGet(143)) - efb933de-cdd8-4d8d-88d2-4c7ffe0dec1a: start FollowerState
2019-10-16 21:52:54,356 [grpc-default-executor-1] INFO  impl.RoleInfo (RoleInfo.java:updateAndGet(143)) - 9d88716d-5d6b-4fd8-b832-a110dc45ee66: start FollowerState
2019-10-16 21:52:54,356 [Thread-453] INFO  impl.FollowerState (FollowerState.java:run(117)) - efb933de-cdd8-4d8d-88d2-4c7ffe0dec1a@group-EE856C9543A1-FollowerState was interrupted: java.lang.InterruptedException: sleep interrupted
2019-10-16 21:52:54,372 [5c3956af-60d3-411f-8c98-c7ed3576de5c@group-EE856C9543A1-LeaderElection33] INFO  impl.LeaderElection (LeaderElection.java:logAndReturn(56)) - 5c3956af-60d3-411f-8c98-c7ed3576de5c@group-EE856C9543A1-LeaderElection33: Election REJECTED; received 2 response(s) [5c3956af-60d3-411f-8c98-c7ed3576de5c<-efb933de-cdd8-4d8d-88d2-4c7ffe0dec1a#0:FAIL-t22, 5c3956af-60d3-411f-8c98-c7ed3576de5c<-9d88716d-5d6b-4fd8-b832-a110dc45ee66#0:FAIL-t22] and 0 exception(s); 5c3956af-60d3-411f-8c98-c7ed3576de5c@group-EE856C9543A1:t22, leader=null, voted=5c3956af-60d3-411f-8c98-c7ed3576de5c, raftlog=5c3956af-60d3-411f-8c98-c7ed3576de5c@group-EE856C9543A1-SegmentedRaftLog:OPENED:c-1,f-1,i0, conf=-1: [5c3956af-60d3-411f-8c98-c7ed3576de5c:192.168.34.38:33787, efb933de-cdd8-4d8d-88d2-4c7ffe0dec1a:192.168.34.38:42459, 9d88716d-5d6b-4fd8-b832-a110dc45ee66:192.168.34.38:38211], old=null
2019-10-16 21:52:54,372 [5c3956af-60d3-411f-8c98-c7ed3576de5c@group-EE856C9543A1-LeaderElection33] INFO  impl.RaftServerImpl (RaftServerImpl.java:setRole(184)) - 5c3956af-60d3-411f-8c98-c7ed3576de5c@group-EE856C9543A1: changes role from CANDIDATE to FOLLOWER at term 22 for DISCOVERED_A_NEW_TERM
2019-10-16 21:52:54,373 [5c3956af-60d3-411f-8c98-c7ed3576de5c@group-EE856C9543A1-LeaderElection33] INFO  impl.RoleInfo (RoleInfo.java:shutdownLeaderElection(134)) - 5c3956af-60d3-411f-8c98-c7ed3576de5c: shutdown LeaderElection
2019-10-16 21:52:54,373 [5c3956af-60d3-411f-8c98-c7ed3576de5c@group-EE856C9543A1-LeaderElection33] INFO  impl.RoleInfo (RoleInfo.java:updateAndGet(143)) - 5c3956af-60d3-411f-8c98-c7ed3576de5c: start FollowerState
2019-10-16 21:52:54,392 [JUnit] INFO  ozone.MiniOzoneClusterImpl (MiniOzoneClusterImpl.java:lambda$waitForClusterToBeReady$2(164)) - Waiting for 1 number of pipelines out of 6, to report a leader.
2019-10-16 21:52:54,487 [Thread-461] INFO  impl.FollowerState (FollowerState.java:run(108)) - 5c3956af-60d3-411f-8c98-c7ed3576de5c@group-EE856C9543A1-FollowerState: change to CANDIDATE, lastRpcTime:114ms, electionTimeout:114ms
2019-10-16 21:52:54,488 [Thread-461] INFO  impl.RoleInfo (RoleInfo.java:shutdownFollowerState(121)) - 5c3956af-60d3-411f-8c98-c7ed3576de5c: shutdown FollowerState
2019-10-16 21:52:54,488 [Thread-461] INFO  impl.RaftServerImpl (RaftServerImpl.java:setRole(184)) - 5c3956af-60d3-411f-8c98-c7ed3576de5c@group-EE856C9543A1: changes role from  FOLLOWER to CANDIDATE at term 22 for changeToCandidate
2019-10-16 21:52:54,488 [Thread-461] INFO  impl.RoleInfo (RoleInfo.java:updateAndGet(143)) - 5c3956af-60d3-411f-8c98-c7ed3576de5c: start LeaderElection
2019-10-16 21:52:54,502 [5c3956af-60d3-411f-8c98-c7ed3576de5c@group-EE856C9543A1-LeaderElection34] INFO  impl.LeaderElection (LeaderElection.java:askForVotes(178)) - 5c3956af-60d3-411f-8c98-c7ed3576de5c@group-EE856C9543A1-LeaderElection34: begin an election at term 23 for -1: [5c3956af-60d3-411f-8c98-c7ed3576de5c:192.168.34.38:33787, efb933de-cdd8-4d8d-88d2-4c7ffe0dec1a:192.168.34.38:42459, 9d88716d-5d6b-4fd8-b832-a110dc45ee66:192.168.34.38:38211], old=null
2019-10-16 21:52:54,505 [grpc-default-executor-1] INFO  impl.RaftServerImpl (RaftServerImpl.java:setRole(184)) - efb933de-cdd8-4d8d-88d2-4c7ffe0dec1a@group-EE856C9543A1: changes role from  FOLLOWER to FOLLOWER at term 23 for recognizeCandidate:5c3956af-60d3-411f-8c98-c7ed3576de5c
2019-10-16 21:52:54,505 [grpc-default-executor-0] INFO  impl.RaftServerImpl (RaftServerImpl.java:setRole(184)) - 9d88716d-5d6b-4fd8-b832-a110dc45ee66@group-EE856C9543A1: changes role from  FOLLOWER to FOLLOWER at term 23 for recognizeCandidate:5c3956af-60d3-411f-8c98-c7ed3576de5c
2019-10-16 21:52:54,505 [grpc-default-executor-1] INFO  impl.RoleInfo (RoleInfo.java:shutdownFollowerState(121)) - efb933de-cdd8-4d8d-88d2-4c7ffe0dec1a: shutdown FollowerState
2019-10-16 21:52:54,506 [grpc-default-executor-0] INFO  impl.RoleInfo (RoleInfo.java:shutdownFollowerState(121)) - 9d88716d-5d6b-4fd8-b832-a110dc45ee66: shutdown FollowerState
2019-10-16 21:52:54,506 [Thread-460] INFO  impl.FollowerState (FollowerState.java:run(117)) - efb933de-cdd8-4d8d-88d2-4c7ffe0dec1a@group-EE856C9543A1-FollowerState was interrupted: java.lang.InterruptedException: sleep interrupted
2019-10-16 21:52:54,506 [grpc-default-executor-1] INFO  impl.RoleInfo (RoleInfo.java:updateAndGet(143)) - efb933de-cdd8-4d8d-88d2-4c7ffe0dec1a: start FollowerState
2019-10-16 21:52:54,506 [grpc-default-executor-0] INFO  impl.RoleInfo (RoleInfo.java:updateAndGet(143)) - 9d88716d-5d6b-4fd8-b832-a110dc45ee66: start FollowerState
2019-10-16 21:52:54,506 [Thread-459] INFO  impl.FollowerState (FollowerState.java:run(117)) - 9d88716d-5d6b-4fd8-b832-a110dc45ee66@group-EE856C9543A1-FollowerState was interrupted: java.lang.InterruptedException: sleep interrupted
2019-10-16 21:52:54,523 [5c3956af-60d3-411f-8c98-c7ed3576de5c@group-EE856C9543A1-LeaderElection34] INFO  impl.LeaderElection (LeaderElection.java:logAndReturn(56)) - 5c3956af-60d3-411f-8c98-c7ed3576de5c@group-EE856C9543A1-LeaderElection34: Election REJECTED; received 2 response(s) [5c3956af-60d3-411f-8c98-c7ed3576de5c<-efb933de-cdd8-4d8d-88d2-4c7ffe0dec1a#0:FAIL-t23, 5c3956af-60d3-411f-8c98-c7ed3576de5c<-9d88716d-5d6b-4fd8-b832-a110dc45ee66#0:FAIL-t23] and 0 exception(s); 5c3956af-60d3-411f-8c98-c7ed3576de5c@group-EE856C9543A1:t23, leader=null, voted=5c3956af-60d3-411f-8c98-c7ed3576de5c, raftlog=5c3956af-60d3-411f-8c98-c7ed3576de5c@group-EE856C9543A1-SegmentedRaftLog:OPENED:c-1,f-1,i0, conf=-1: [5c3956af-60d3-411f-8c98-c7ed3576de5c:192.168.34.38:33787, efb933de-cdd8-4d8d-88d2-4c7ffe0dec1a:192.168.34.38:42459, 9d88716d-5d6b-4fd8-b832-a110dc45ee66:192.168.34.38:38211], old=null
2019-10-16 21:52:54,523 [5c3956af-60d3-411f-8c98-c7ed3576de5c@group-EE856C9543A1-LeaderElection34] INFO  impl.RaftServerImpl (RaftServerImpl.java:setRole(184)) - 5c3956af-60d3-411f-8c98-c7ed3576de5c@group-EE856C9543A1: changes role from CANDIDATE to FOLLOWER at term 23 for DISCOVERED_A_NEW_TERM
2019-10-16 21:52:54,523 [5c3956af-60d3-411f-8c98-c7ed3576de5c@group-EE856C9543A1-LeaderElection34] INFO  impl.RoleInfo (RoleInfo.java:shutdownLeaderElection(134)) - 5c3956af-60d3-411f-8c98-c7ed3576de5c: shutdown LeaderElection
2019-10-16 21:52:54,523 [5c3956af-60d3-411f-8c98-c7ed3576de5c@group-EE856C9543A1-LeaderElection34] INFO  impl.RoleInfo (RoleInfo.java:updateAndGet(143)) - 5c3956af-60d3-411f-8c98-c7ed3576de5c: start FollowerState
2019-10-16 21:52:54,704 [Thread-467] INFO  impl.FollowerState (FollowerState.java:run(108)) - 5c3956af-60d3-411f-8c98-c7ed3576de5c@group-EE856C9543A1-FollowerState: change to CANDIDATE, lastRpcTime:180ms, electionTimeout:180ms
2019-10-16 21:52:54,704 [Thread-467] INFO  impl.RoleInfo (RoleInfo.java:shutdownFollowerState(121)) - 5c3956af-60d3-411f-8c98-c7ed3576de5c: shutdown FollowerState
2019-10-16 21:52:54,704 [Thread-467] INFO  impl.RaftServerImpl (RaftServerImpl.java:setRole(184)) - 5c3956af-60d3-411f-8c98-c7ed3576de5c@group-EE856C9543A1: changes role from  FOLLOWER to CANDIDATE at term 23 for changeToCandidate
2019-10-16 21:52:54,704 [Thread-467] INFO  impl.RoleInfo (RoleInfo.java:updateAndGet(143)) - 5c3956af-60d3-411f-8c98-c7ed3576de5c: start LeaderElection
2019-10-16 21:52:54,718 [5c3956af-60d3-411f-8c98-c7ed3576de5c@group-EE856C9543A1-LeaderElection35] INFO  impl.LeaderElection (LeaderElection.java:askForVotes(178)) - 5c3956af-60d3-411f-8c98-c7ed3576de5c@group-EE856C9543A1-LeaderElection35: begin an election at term 24 for -1: [5c3956af-60d3-411f-8c98-c7ed3576de5c:192.168.34.38:33787, efb933de-cdd8-4d8d-88d2-4c7ffe0dec1a:192.168.34.38:42459, 9d88716d-5d6b-4fd8-b832-a110dc45ee66:192.168.34.38:38211], old=null
2019-10-16 21:52:54,723 [grpc-default-executor-1] INFO  impl.RaftServerImpl (RaftServerImpl.java:setRole(184)) - efb933de-cdd8-4d8d-88d2-4c7ffe0dec1a@group-EE856C9543A1: changes role from  FOLLOWER to FOLLOWER at term 24 for recognizeCandidate:5c3956af-60d3-411f-8c98-c7ed3576de5c
2019-10-16 21:52:54,723 [grpc-default-executor-0] INFO  impl.RaftServerImpl (RaftServerImpl.java:setRole(184)) - 9d88716d-5d6b-4fd8-b832-a110dc45ee66@group-EE856C9543A1: changes role from  FOLLOWER to FOLLOWER at term 24 for recognizeCandidate:5c3956af-60d3-411f-8c98-c7ed3576de5c
2019-10-16 21:52:54,723 [grpc-default-executor-1] INFO  impl.RoleInfo (RoleInfo.java:shutdownFollowerState(121)) - efb933de-cdd8-4d8d-88d2-4c7ffe0dec1a: shutdown FollowerState
2019-10-16 21:52:54,723 [grpc-default-executor-0] INFO  impl.RoleInfo (RoleInfo.java:shutdownFollowerState(121)) - 9d88716d-5d6b-4fd8-b832-a110dc45ee66: shutdown FollowerState
2019-10-16 21:52:54,724 [Thread-465] INFO  impl.FollowerState (FollowerState.java:run(117)) - efb933de-cdd8-4d8d-88d2-4c7ffe0dec1a@group-EE856C9543A1-FollowerState was interrupted: java.lang.InterruptedException: sleep interrupted
2019-10-16 21:52:54,724 [Thread-466] INFO  impl.FollowerState (FollowerState.java:run(117)) - 9d88716d-5d6b-4fd8-b832-a110dc45ee66@group-EE856C9543A1-FollowerState was interrupted: java.lang.InterruptedException: sleep interrupted
2019-10-16 21:52:54,724 [grpc-default-executor-1] INFO  impl.RoleInfo (RoleInfo.java:updateAndGet(143)) - efb933de-cdd8-4d8d-88d2-4c7ffe0dec1a: start FollowerState
2019-10-16 21:52:54,724 [grpc-default-executor-0] INFO  impl.RoleInfo (RoleInfo.java:updateAndGet(143)) - 9d88716d-5d6b-4fd8-b832-a110dc45ee66: start FollowerState
2019-10-16 21:52:54,739 [5c3956af-60d3-411f-8c98-c7ed3576de5c@group-EE856C9543A1-LeaderElection35] INFO  impl.LeaderElection (LeaderElection.java:logAndReturn(56)) - 5c3956af-60d3-411f-8c98-c7ed3576de5c@group-EE856C9543A1-LeaderElection35: Election REJECTED; received 2 response(s) [5c3956af-60d3-411f-8c98-c7ed3576de5c<-efb933de-cdd8-4d8d-88d2-4c7ffe0dec1a#0:FAIL-t24, 5c3956af-60d3-411f-8c98-c7ed3576de5c<-9d88716d-5d6b-4fd8-b832-a110dc45ee66#0:FAIL-t24] and 0 exception(s); 5c3956af-60d3-411f-8c98-c7ed3576de5c@group-EE856C9543A1:t24, leader=null, voted=5c3956af-60d3-411f-8c98-c7ed3576de5c, raftlog=5c3956af-60d3-411f-8c98-c7ed3576de5c@group-EE856C9543A1-SegmentedRaftLog:OPENED:c-1,f-1,i0, conf=-1: [5c3956af-60d3-411f-8c98-c7ed3576de5c:192.168.34.38:33787, efb933de-cdd8-4d8d-88d2-4c7ffe0dec1a:192.168.34.38:42459, 9d88716d-5d6b-4fd8-b832-a110dc45ee66:192.168.34.38:38211], old=null
2019-10-16 21:52:54,740 [5c3956af-60d3-411f-8c98-c7ed3576de5c@group-EE856C9543A1-LeaderElection35] INFO  impl.RaftServerImpl (RaftServerImpl.java:setRole(184)) - 5c3956af-60d3-411f-8c98-c7ed3576de5c@group-EE856C9543A1: changes role from CANDIDATE to FOLLOWER at term 24 for DISCOVERED_A_NEW_TERM
2019-10-16 21:52:54,740 [5c3956af-60d3-411f-8c98-c7ed3576de5c@group-EE856C9543A1-LeaderElection35] INFO  impl.RoleInfo (RoleInfo.java:shutdownLeaderElection(134)) - 5c3956af-60d3-411f-8c98-c7ed3576de5c: shutdown LeaderElection
2019-10-16 21:52:54,740 [5c3956af-60d3-411f-8c98-c7ed3576de5c@group-EE856C9543A1-LeaderElection35] INFO  impl.RoleInfo (RoleInfo.java:updateAndGet(143)) - 5c3956af-60d3-411f-8c98-c7ed3576de5c: start FollowerState
2019-10-16 21:52:54,755 [Thread-473] INFO  impl.FollowerState (FollowerState.java:run(108)) - 5c3956af-60d3-411f-8c98-c7ed3576de5c@group-EE856C9543A1-FollowerState: change to CANDIDATE, lastRpcTime:15ms, electionTimeout:15ms
2019-10-16 21:52:54,755 [Thread-473] INFO  impl.RoleInfo (RoleInfo.java:shutdownFollowerState(121)) - 5c3956af-60d3-411f-8c98-c7ed3576de5c: shutdown FollowerState
2019-10-16 21:52:54,755 [Thread-473] INFO  impl.RaftServerImpl (RaftServerImpl.java:setRole(184)) - 5c3956af-60d3-411f-8c98-c7ed3576de5c@group-EE856C9543A1: changes role from  FOLLOWER to CANDIDATE at term 24 for changeToCandidate
2019-10-16 21:52:54,756 [Thread-473] INFO  impl.RoleInfo (RoleInfo.java:updateAndGet(143)) - 5c3956af-60d3-411f-8c98-c7ed3576de5c: start LeaderElection
2019-10-16 21:52:54,769 [5c3956af-60d3-411f-8c98-c7ed3576de5c@group-EE856C9543A1-LeaderElection36] INFO  impl.LeaderElection (LeaderElection.java:askForVotes(178)) - 5c3956af-60d3-411f-8c98-c7ed3576de5c@group-EE856C9543A1-LeaderElection36: begin an election at term 25 for -1: [5c3956af-60d3-411f-8c98-c7ed3576de5c:192.168.34.38:33787, efb933de-cdd8-4d8d-88d2-4c7ffe0dec1a:192.168.34.38:42459, 9d88716d-5d6b-4fd8-b832-a110dc45ee66:192.168.34.38:38211], old=null
2019-10-16 21:52:54,772 [grpc-default-executor-1] INFO  impl.RaftServerImpl (RaftServerImpl.java:setRole(184)) - 9d88716d-5d6b-4fd8-b832-a110dc45ee66@group-EE856C9543A1: changes role from  FOLLOWER to FOLLOWER at term 25 for recognizeCandidate:5c3956af-60d3-411f-8c98-c7ed3576de5c
2019-10-16 21:52:54,772 [grpc-default-executor-0] INFO  impl.RaftServerImpl (RaftServerImpl.java:setRole(184)) - efb933de-cdd8-4d8d-88d2-4c7ffe0dec1a@group-EE856C9543A1: changes role from  FOLLOWER to FOLLOWER at term 25 for recognizeCandidate:5c3956af-60d3-411f-8c98-c7ed3576de5c
2019-10-16 21:52:54,772 [grpc-default-executor-1] INFO  impl.RoleInfo (RoleInfo.java:shutdownFollowerState(121)) - 9d88716d-5d6b-4fd8-b832-a110dc45ee66: shutdown FollowerState
2019-10-16 21:52:54,772 [grpc-default-executor-0] INFO  impl.RoleInfo (RoleInfo.java:shutdownFollowerState(121)) - efb933de-cdd8-4d8d-88d2-4c7ffe0dec1a: shutdown FollowerState
2019-10-16 21:52:54,773 [Thread-472] INFO  impl.FollowerState (FollowerState.java:run(117)) - 9d88716d-5d6b-4fd8-b832-a110dc45ee66@group-EE856C9543A1-FollowerState was interrupted: java.lang.InterruptedException: sleep interrupted
2019-10-16 21:52:54,773 [grpc-default-executor-1] INFO  impl.RoleInfo (RoleInfo.java:updateAndGet(143)) - 9d88716d-5d6b-4fd8-b832-a110dc45ee66: start FollowerState
2019-10-16 21:52:54,773 [grpc-default-executor-0] INFO  impl.RoleInfo (RoleInfo.java:updateAndGet(143)) - efb933de-cdd8-4d8d-88d2-4c7ffe0dec1a: start FollowerState
2019-10-16 21:52:54,773 [Thread-471] INFO  impl.FollowerState (FollowerState.java:run(117)) - efb933de-cdd8-4d8d-88d2-4c7ffe0dec1a@group-EE856C9543A1-FollowerState was interrupted: java.lang.InterruptedException: sleep interrupted
2019-10-16 21:52:54,792 [5c3956af-60d3-411f-8c98-c7ed3576de5c@group-EE856C9543A1-LeaderElection36] INFO  impl.LeaderElection (LeaderElection.java:logAndReturn(56)) - 5c3956af-60d3-411f-8c98-c7ed3576de5c@group-EE856C9543A1-LeaderElection36: Election REJECTED; received 2 response(s) [5c3956af-60d3-411f-8c98-c7ed3576de5c<-efb933de-cdd8-4d8d-88d2-4c7ffe0dec1a#0:FAIL-t25, 5c3956af-60d3-411f-8c98-c7ed3576de5c<-9d88716d-5d6b-4fd8-b832-a110dc45ee66#0:FAIL-t25] and 0 exception(s); 5c3956af-60d3-411f-8c98-c7ed3576de5c@group-EE856C9543A1:t25, leader=null, voted=5c3956af-60d3-411f-8c98-c7ed3576de5c, raftlog=5c3956af-60d3-411f-8c98-c7ed3576de5c@group-EE856C9543A1-SegmentedRaftLog:OPENED:c-1,f-1,i0, conf=-1: [5c3956af-60d3-411f-8c98-c7ed3576de5c:192.168.34.38:33787, efb933de-cdd8-4d8d-88d2-4c7ffe0dec1a:192.168.34.38:42459, 9d88716d-5d6b-4fd8-b832-a110dc45ee66:192.168.34.38:38211], old=null
2019-10-16 21:52:54,792 [5c3956af-60d3-411f-8c98-c7ed3576de5c@group-EE856C9543A1-LeaderElection36] INFO  impl.RaftServerImpl (RaftServerImpl.java:setRole(184)) - 5c3956af-60d3-411f-8c98-c7ed3576de5c@group-EE856C9543A1: changes role from CANDIDATE to FOLLOWER at term 25 for DISCOVERED_A_NEW_TERM
2019-10-16 21:52:54,793 [5c3956af-60d3-411f-8c98-c7ed3576de5c@group-EE856C9543A1-LeaderElection36] INFO  impl.RoleInfo (RoleInfo.java:shutdownLeaderElection(134)) - 5c3956af-60d3-411f-8c98-c7ed3576de5c: shutdown LeaderElection
2019-10-16 21:52:54,793 [5c3956af-60d3-411f-8c98-c7ed3576de5c@group-EE856C9543A1-LeaderElection36] INFO  impl.RoleInfo (RoleInfo.java:updateAndGet(143)) - 5c3956af-60d3-411f-8c98-c7ed3576de5c: start FollowerState
2019-10-16 21:52:54,816 [Thread-479] INFO  impl.FollowerState (FollowerState.java:run(108)) - 5c3956af-60d3-411f-8c98-c7ed3576de5c@group-EE856C9543A1-FollowerState: change to CANDIDATE, lastRpcTime:23ms, electionTimeout:23ms
2019-10-16 21:52:54,816 [Thread-479] INFO  impl.RoleInfo (RoleInfo.java:shutdownFollowerState(121)) - 5c3956af-60d3-411f-8c98-c7ed3576de5c: shutdown FollowerState
2019-10-16 21:52:54,816 [Thread-479] INFO  impl.RaftServerImpl (RaftServerImpl.java:setRole(184)) - 5c3956af-60d3-411f-8c98-c7ed3576de5c@group-EE856C9543A1: changes role from  FOLLOWER to CANDIDATE at term 25 for changeToCandidate
2019-10-16 21:52:54,817 [Thread-479] INFO  impl.RoleInfo (RoleInfo.java:updateAndGet(143)) - 5c3956af-60d3-411f-8c98-c7ed3576de5c: start LeaderElection
2019-10-16 21:52:54,831 [5c3956af-60d3-411f-8c98-c7ed3576de5c@group-EE856C9543A1-LeaderElection37] INFO  impl.LeaderElection (LeaderElection.java:askForVotes(178)) - 5c3956af-60d3-411f-8c98-c7ed3576de5c@group-EE856C9543A1-LeaderElection37: begin an election at term 26 for -1: [5c3956af-60d3-411f-8c98-c7ed3576de5c:192.168.34.38:33787, efb933de-cdd8-4d8d-88d2-4c7ffe0dec1a:192.168.34.38:42459, 9d88716d-5d6b-4fd8-b832-a110dc45ee66:192.168.34.38:38211], old=null
2019-10-16 21:52:54,836 [grpc-default-executor-1] INFO  impl.RaftServerImpl (RaftServerImpl.java:setRole(184)) - 9d88716d-5d6b-4fd8-b832-a110dc45ee66@group-EE856C9543A1: changes role from  FOLLOWER to FOLLOWER at term 26 for recognizeCandidate:5c3956af-60d3-411f-8c98-c7ed3576de5c
2019-10-16 21:52:54,836 [grpc-default-executor-0] INFO  impl.RaftServerImpl (RaftServerImpl.java:setRole(184)) - efb933de-cdd8-4d8d-88d2-4c7ffe0dec1a@group-EE856C9543A1: changes role from  FOLLOWER to FOLLOWER at term 26 for recognizeCandidate:5c3956af-60d3-411f-8c98-c7ed3576de5c
2019-10-16 21:52:54,837 [grpc-default-executor-1] INFO  impl.RoleInfo (RoleInfo.java:shutdownFollowerState(121)) - 9d88716d-5d6b-4fd8-b832-a110dc45ee66: shutdown FollowerState
2019-10-16 21:52:54,837 [grpc-default-executor-0] INFO  impl.RoleInfo (RoleInfo.java:shutdownFollowerState(121)) - efb933de-cdd8-4d8d-88d2-4c7ffe0dec1a: shutdown FollowerState
2019-10-16 21:52:54,837 [Thread-477] INFO  impl.FollowerState (FollowerState.java:run(117)) - 9d88716d-5d6b-4fd8-b832-a110dc45ee66@group-EE856C9543A1-FollowerState was interrupted: java.lang.InterruptedException: sleep interrupted
2019-10-16 21:52:54,837 [grpc-default-executor-1] INFO  impl.RoleInfo (RoleInfo.java:updateAndGet(143)) - 9d88716d-5d6b-4fd8-b832-a110dc45ee66: start FollowerState
2019-10-16 21:52:54,837 [grpc-default-executor-0] INFO  impl.RoleInfo (RoleInfo.java:updateAndGet(143)) - efb933de-cdd8-4d8d-88d2-4c7ffe0dec1a: start FollowerState
2019-10-16 21:52:54,837 [Thread-478] INFO  impl.FollowerState (FollowerState.java:run(117)) - efb933de-cdd8-4d8d-88d2-4c7ffe0dec1a@group-EE856C9543A1-FollowerState was interrupted: java.lang.InterruptedException: sleep interrupted
2019-10-16 21:52:54,845 [5c3956af-60d3-411f-8c98-c7ed3576de5c@group-EE856C9543A1-LeaderElection37] INFO  impl.LeaderElection (LeaderElection.java:logAndReturn(56)) - 5c3956af-60d3-411f-8c98-c7ed3576de5c@group-EE856C9543A1-LeaderElection37: Election TIMEOUT; received 0 response(s) [] and 0 exception(s); 5c3956af-60d3-411f-8c98-c7ed3576de5c@group-EE856C9543A1:t26, leader=null, voted=5c3956af-60d3-411f-8c98-c7ed3576de5c, raftlog=5c3956af-60d3-411f-8c98-c7ed3576de5c@group-EE856C9543A1-SegmentedRaftLog:OPENED:c-1,f-1,i0, conf=-1: [5c3956af-60d3-411f-8c98-c7ed3576de5c:192.168.34.38:33787, efb933de-cdd8-4d8d-88d2-4c7ffe0dec1a:192.168.34.38:42459, 9d88716d-5d6b-4fd8-b832-a110dc45ee66:192.168.34.38:38211], old=null
2019-10-16 21:52:54,851 [5c3956af-60d3-411f-8c98-c7ed3576de5c@group-EE856C9543A1-LeaderElection37] INFO  impl.LeaderElection (LeaderElection.java:askForVotes(178)) - 5c3956af-60d3-411f-8c98-c7ed3576de5c@group-EE856C9543A1-LeaderElection37: begin an election at term 27 for -1: [5c3956af-60d3-411f-8c98-c7ed3576de5c:192.168.34.38:33787, efb933de-cdd8-4d8d-88d2-4c7ffe0dec1a:192.168.34.38:42459, 9d88716d-5d6b-4fd8-b832-a110dc45ee66:192.168.34.38:38211], old=null
2019-10-16 21:52:54,854 [grpc-default-executor-1] INFO  impl.RaftServerImpl (RaftServerImpl.java:setRole(184)) - 9d88716d-5d6b-4fd8-b832-a110dc45ee66@group-EE856C9543A1: changes role from  FOLLOWER to FOLLOWER at term 27 for recognizeCandidate:5c3956af-60d3-411f-8c98-c7ed3576de5c
2019-10-16 21:52:54,854 [grpc-default-executor-0] INFO  impl.RaftServerImpl (RaftServerImpl.java:setRole(184)) - efb933de-cdd8-4d8d-88d2-4c7ffe0dec1a@group-EE856C9543A1: changes role from  FOLLOWER to FOLLOWER at term 27 for recognizeCandidate:5c3956af-60d3-411f-8c98-c7ed3576de5c
2019-10-16 21:52:54,854 [grpc-default-executor-1] INFO  impl.RoleInfo (RoleInfo.java:shutdownFollowerState(121)) - 9d88716d-5d6b-4fd8-b832-a110dc45ee66: shutdown FollowerState
2019-10-16 21:52:54,854 [grpc-default-executor-0] INFO  impl.RoleInfo (RoleInfo.java:shutdownFollowerState(121)) - efb933de-cdd8-4d8d-88d2-4c7ffe0dec1a: shutdown FollowerState
2019-10-16 21:52:54,855 [Thread-483] INFO  impl.FollowerState (FollowerState.java:run(117)) - 9d88716d-5d6b-4fd8-b832-a110dc45ee66@group-EE856C9543A1-FollowerState was interrupted: java.lang.InterruptedException: sleep interrupted
2019-10-16 21:52:54,854 [grpc-default-executor-1] INFO  impl.RoleInfo (RoleInfo.java:updateAndGet(143)) - 9d88716d-5d6b-4fd8-b832-a110dc45ee66: start FollowerState
2019-10-16 21:52:54,855 [Thread-484] INFO  impl.FollowerState (FollowerState.java:run(117)) - efb933de-cdd8-4d8d-88d2-4c7ffe0dec1a@group-EE856C9543A1-FollowerState was interrupted: java.lang.InterruptedException: sleep interrupted
2019-10-16 21:52:54,855 [grpc-default-executor-0] INFO  impl.RoleInfo (RoleInfo.java:updateAndGet(143)) - efb933de-cdd8-4d8d-88d2-4c7ffe0dec1a: start FollowerState
2019-10-16 21:52:54,870 [5c3956af-60d3-411f-8c98-c7ed3576de5c@group-EE856C9543A1-LeaderElection37] INFO  impl.LeaderElection (LeaderElection.java:logAndReturn(56)) - 5c3956af-60d3-411f-8c98-c7ed3576de5c@group-EE856C9543A1-LeaderElection37: Election REJECTED; received 2 response(s) [5c3956af-60d3-411f-8c98-c7ed3576de5c<-efb933de-cdd8-4d8d-88d2-4c7ffe0dec1a#0:FAIL-t27, 5c3956af-60d3-411f-8c98-c7ed3576de5c<-9d88716d-5d6b-4fd8-b832-a110dc45ee66#0:FAIL-t27] and 0 exception(s); 5c3956af-60d3-411f-8c98-c7ed3576de5c@group-EE856C9543A1:t27, leader=null, voted=5c3956af-60d3-411f-8c98-c7ed3576de5c, raftlog=5c3956af-60d3-411f-8c98-c7ed3576de5c@group-EE856C9543A1-SegmentedRaftLog:OPENED:c-1,f-1,i0, conf=-1: [5c3956af-60d3-411f-8c98-c7ed3576de5c:192.168.34.38:33787, efb933de-cdd8-4d8d-88d2-4c7ffe0dec1a:192.168.34.38:42459, 9d88716d-5d6b-4fd8-b832-a110dc45ee66:192.168.34.38:38211], old=null
2019-10-16 21:52:54,870 [5c3956af-60d3-411f-8c98-c7ed3576de5c@group-EE856C9543A1-LeaderElection37] INFO  impl.RaftServerImpl (RaftServerImpl.java:setRole(184)) - 5c3956af-60d3-411f-8c98-c7ed3576de5c@group-EE856C9543A1: changes role from CANDIDATE to FOLLOWER at term 27 for DISCOVERED_A_NEW_TERM
2019-10-16 21:52:54,870 [5c3956af-60d3-411f-8c98-c7ed3576de5c@group-EE856C9543A1-LeaderElection37] INFO  impl.RoleInfo (RoleInfo.java:shutdownLeaderElection(134)) - 5c3956af-60d3-411f-8c98-c7ed3576de5c: shutdown LeaderElection
2019-10-16 21:52:54,870 [5c3956af-60d3-411f-8c98-c7ed3576de5c@group-EE856C9543A1-LeaderElection37] INFO  impl.RoleInfo (RoleInfo.java:updateAndGet(143)) - 5c3956af-60d3-411f-8c98-c7ed3576de5c: start FollowerState
2019-10-16 21:52:54,945 [Thread-489] INFO  impl.FollowerState (FollowerState.java:run(108)) - 5c3956af-60d3-411f-8c98-c7ed3576de5c@group-EE856C9543A1-FollowerState: change to CANDIDATE, lastRpcTime:74ms, electionTimeout:74ms
2019-10-16 21:52:54,945 [Thread-489] INFO  impl.RoleInfo (RoleInfo.java:shutdownFollowerState(121)) - 5c3956af-60d3-411f-8c98-c7ed3576de5c: shutdown FollowerState
2019-10-16 21:52:54,945 [Thread-489] INFO  impl.RaftServerImpl (RaftServerImpl.java:setRole(184)) - 5c3956af-60d3-411f-8c98-c7ed3576de5c@group-EE856C9543A1: changes role from  FOLLOWER to CANDIDATE at term 27 for changeToCandidate
2019-10-16 21:52:54,946 [Thread-489] INFO  impl.RoleInfo (RoleInfo.java:updateAndGet(143)) - 5c3956af-60d3-411f-8c98-c7ed3576de5c: start LeaderElection
2019-10-16 21:52:54,959 [5c3956af-60d3-411f-8c98-c7ed3576de5c@group-EE856C9543A1-LeaderElection38] INFO  impl.LeaderElection (LeaderElection.java:askForVotes(178)) - 5c3956af-60d3-411f-8c98-c7ed3576de5c@group-EE856C9543A1-LeaderElection38: begin an election at term 28 for -1: [5c3956af-60d3-411f-8c98-c7ed3576de5c:192.168.34.38:33787, efb933de-cdd8-4d8d-88d2-4c7ffe0dec1a:192.168.34.38:42459, 9d88716d-5d6b-4fd8-b832-a110dc45ee66:192.168.34.38:38211], old=null
2019-10-16 21:52:54,963 [grpc-default-executor-1] INFO  impl.RaftServerImpl (RaftServerImpl.java:setRole(184)) - 9d88716d-5d6b-4fd8-b832-a110dc45ee66@group-EE856C9543A1: changes role from  FOLLOWER to FOLLOWER at term 28 for recognizeCandidate:5c3956af-60d3-411f-8c98-c7ed3576de5c
2019-10-16 21:52:54,963 [grpc-default-executor-1] INFO  impl.RoleInfo (RoleInfo.java:shutdownFollowerState(121)) - 9d88716d-5d6b-4fd8-b832-a110dc45ee66: shutdown FollowerState
2019-10-16 21:52:54,963 [grpc-default-executor-1] INFO  impl.RoleInfo (RoleInfo.java:updateAndGet(143)) - 9d88716d-5d6b-4fd8-b832-a110dc45ee66: start FollowerState
2019-10-16 21:52:54,963 [Thread-487] INFO  impl.FollowerState (FollowerState.java:run(117)) - 9d88716d-5d6b-4fd8-b832-a110dc45ee66@group-EE856C9543A1-FollowerState was interrupted: java.lang.InterruptedException: sleep interrupted
2019-10-16 21:52:54,964 [grpc-default-executor-0] INFO  impl.RaftServerImpl (RaftServerImpl.java:setRole(184)) - efb933de-cdd8-4d8d-88d2-4c7ffe0dec1a@group-EE856C9543A1: changes role from  FOLLOWER to FOLLOWER at term 28 for recognizeCandidate:5c3956af-60d3-411f-8c98-c7ed3576de5c
2019-10-16 21:52:54,964 [grpc-default-executor-0] INFO  impl.RoleInfo (RoleInfo.java:shutdownFollowerState(121)) - efb933de-cdd8-4d8d-88d2-4c7ffe0dec1a: shutdown FollowerState
2019-10-16 21:52:54,964 [Thread-488] INFO  impl.FollowerState (FollowerState.java:run(117)) - efb933de-cdd8-4d8d-88d2-4c7ffe0dec1a@group-EE856C9543A1-FollowerState was interrupted: java.lang.InterruptedException: sleep interrupted
2019-10-16 21:52:54,964 [grpc-default-executor-0] INFO  impl.RoleInfo (RoleInfo.java:updateAndGet(143)) - efb933de-cdd8-4d8d-88d2-4c7ffe0dec1a: start FollowerState
2019-10-16 21:52:54,978 [5c3956af-60d3-411f-8c98-c7ed3576de5c@group-EE856C9543A1-LeaderElection38] INFO  impl.LeaderElection (LeaderElection.java:logAndReturn(56)) - 5c3956af-60d3-411f-8c98-c7ed3576de5c@group-EE856C9543A1-LeaderElection38: Election REJECTED; received 2 response(s) [5c3956af-60d3-411f-8c98-c7ed3576de5c<-efb933de-cdd8-4d8d-88d2-4c7ffe0dec1a#0:FAIL-t28, 5c3956af-60d3-411f-8c98-c7ed3576de5c<-9d88716d-5d6b-4fd8-b832-a110dc45ee66#0:FAIL-t28] and 0 exception(s); 5c3956af-60d3-411f-8c98-c7ed3576de5c@group-EE856C9543A1:t28, leader=null, voted=5c3956af-60d3-411f-8c98-c7ed3576de5c, raftlog=5c3956af-60d3-411f-8c98-c7ed3576de5c@group-EE856C9543A1-SegmentedRaftLog:OPENED:c-1,f-1,i0, conf=-1: [5c3956af-60d3-411f-8c98-c7ed3576de5c:192.168.34.38:33787, efb933de-cdd8-4d8d-88d2-4c7ffe0dec1a:192.168.34.38:42459, 9d88716d-5d6b-4fd8-b832-a110dc45ee66:192.168.34.38:38211], old=null
2019-10-16 21:52:54,979 [5c3956af-60d3-411f-8c98-c7ed3576de5c@group-EE856C9543A1-LeaderElection38] INFO  impl.RaftServerImpl (RaftServerImpl.java:setRole(184)) - 5c3956af-60d3-411f-8c98-c7ed3576de5c@group-EE856C9543A1: changes role from CANDIDATE to FOLLOWER at term 28 for DISCOVERED_A_NEW_TERM
2019-10-16 21:52:54,979 [5c3956af-60d3-411f-8c98-c7ed3576de5c@group-EE856C9543A1-LeaderElection38] INFO  impl.RoleInfo (RoleInfo.java:shutdownLeaderElection(134)) - 5c3956af-60d3-411f-8c98-c7ed3576de5c: shutdown LeaderElection
2019-10-16 21:52:54,979 [5c3956af-60d3-411f-8c98-c7ed3576de5c@group-EE856C9543A1-LeaderElection38] INFO  impl.RoleInfo (RoleInfo.java:updateAndGet(143)) - 5c3956af-60d3-411f-8c98-c7ed3576de5c: start FollowerState
2019-10-16 21:52:55,144 [Thread-495] INFO  impl.FollowerState (FollowerState.java:run(108)) - 5c3956af-60d3-411f-8c98-c7ed3576de5c@group-EE856C9543A1-FollowerState: change to CANDIDATE, lastRpcTime:164ms, electionTimeout:164ms
2019-10-16 21:52:55,144 [Thread-495] INFO  impl.RoleInfo (RoleInfo.java:shutdownFollowerState(121)) - 5c3956af-60d3-411f-8c98-c7ed3576de5c: shutdown FollowerState
2019-10-16 21:52:55,144 [Thread-495] INFO  impl.RaftServerImpl (RaftServerImpl.java:setRole(184)) - 5c3956af-60d3-411f-8c98-c7ed3576de5c@group-EE856C9543A1: changes role from  FOLLOWER to CANDIDATE at term 28 for changeToCandidate
2019-10-16 21:52:55,144 [Thread-495] INFO  impl.RoleInfo (RoleInfo.java:updateAndGet(143)) - 5c3956af-60d3-411f-8c98-c7ed3576de5c: start LeaderElection
2019-10-16 21:52:55,159 [5c3956af-60d3-411f-8c98-c7ed3576de5c@group-EE856C9543A1-LeaderElection39] INFO  impl.LeaderElection (LeaderElection.java:askForVotes(178)) - 5c3956af-60d3-411f-8c98-c7ed3576de5c@group-EE856C9543A1-LeaderElection39: begin an election at term 29 for -1: [5c3956af-60d3-411f-8c98-c7ed3576de5c:192.168.34.38:33787, efb933de-cdd8-4d8d-88d2-4c7ffe0dec1a:192.168.34.38:42459, 9d88716d-5d6b-4fd8-b832-a110dc45ee66:192.168.34.38:38211], old=null
2019-10-16 21:52:55,164 [grpc-default-executor-0] INFO  impl.RaftServerImpl (RaftServerImpl.java:setRole(184)) - 9d88716d-5d6b-4fd8-b832-a110dc45ee66@group-EE856C9543A1: changes role from  FOLLOWER to FOLLOWER at term 29 for recognizeCandidate:5c3956af-60d3-411f-8c98-c7ed3576de5c
2019-10-16 21:52:55,164 [grpc-default-executor-0] INFO  impl.RoleInfo (RoleInfo.java:shutdownFollowerState(121)) - 9d88716d-5d6b-4fd8-b832-a110dc45ee66: shutdown FollowerState
2019-10-16 21:52:55,164 [grpc-default-executor-0] INFO  impl.RoleInfo (RoleInfo.java:updateAndGet(143)) - 9d88716d-5d6b-4fd8-b832-a110dc45ee66: start FollowerState
2019-10-16 21:52:55,165 [Thread-493] INFO  impl.FollowerState (FollowerState.java:run(117)) - 9d88716d-5d6b-4fd8-b832-a110dc45ee66@group-EE856C9543A1-FollowerState was interrupted: java.lang.InterruptedException: sleep interrupted
2019-10-16 21:52:55,165 [grpc-default-executor-1] INFO  impl.RaftServerImpl (RaftServerImpl.java:setRole(184)) - efb933de-cdd8-4d8d-88d2-4c7ffe0dec1a@group-EE856C9543A1: changes role from  FOLLOWER to FOLLOWER at term 29 for recognizeCandidate:5c3956af-60d3-411f-8c98-c7ed3576de5c
2019-10-16 21:52:55,165 [grpc-default-executor-1] INFO  impl.RoleInfo (RoleInfo.java:shutdownFollowerState(121)) - efb933de-cdd8-4d8d-88d2-4c7ffe0dec1a: shutdown FollowerState
2019-10-16 21:52:55,165 [Thread-494] INFO  impl.FollowerState (FollowerState.java:run(117)) - efb933de-cdd8-4d8d-88d2-4c7ffe0dec1a@group-EE856C9543A1-FollowerState was interrupted: java.lang.InterruptedException: sleep interrupted
2019-10-16 21:52:55,165 [grpc-default-executor-1] INFO  impl.RoleInfo (RoleInfo.java:updateAndGet(143)) - efb933de-cdd8-4d8d-88d2-4c7ffe0dec1a: start FollowerState
2019-10-16 21:52:55,180 [5c3956af-60d3-411f-8c98-c7ed3576de5c@group-EE856C9543A1-LeaderElection39] INFO  impl.LeaderElection (LeaderElection.java:logAndReturn(56)) - 5c3956af-60d3-411f-8c98-c7ed3576de5c@group-EE856C9543A1-LeaderElection39: Election REJECTED; received 2 response(s) [5c3956af-60d3-411f-8c98-c7ed3576de5c<-efb933de-cdd8-4d8d-88d2-4c7ffe0dec1a#0:FAIL-t29, 5c3956af-60d3-411f-8c98-c7ed3576de5c<-9d88716d-5d6b-4fd8-b832-a110dc45ee66#0:FAIL-t29] and 0 exception(s); 5c3956af-60d3-411f-8c98-c7ed3576de5c@group-EE856C9543A1:t29, leader=null, voted=5c3956af-60d3-411f-8c98-c7ed3576de5c, raftlog=5c3956af-60d3-411f-8c98-c7ed3576de5c@group-EE856C9543A1-SegmentedRaftLog:OPENED:c-1,f-1,i0, conf=-1: [5c3956af-60d3-411f-8c98-c7ed3576de5c:192.168.34.38:33787, efb933de-cdd8-4d8d-88d2-4c7ffe0dec1a:192.168.34.38:42459, 9d88716d-5d6b-4fd8-b832-a110dc45ee66:192.168.34.38:38211], old=null
2019-10-16 21:52:55,180 [5c3956af-60d3-411f-8c98-c7ed3576de5c@group-EE856C9543A1-LeaderElection39] INFO  impl.RaftServerImpl (RaftServerImpl.java:setRole(184)) - 5c3956af-60d3-411f-8c98-c7ed3576de5c@group-EE856C9543A1: changes role from CANDIDATE to FOLLOWER at term 29 for DISCOVERED_A_NEW_TERM
2019-10-16 21:52:55,180 [5c3956af-60d3-411f-8c98-c7ed3576de5c@group-EE856C9543A1-LeaderElection39] INFO  impl.RoleInfo (RoleInfo.java:shutdownLeaderElection(134)) - 5c3956af-60d3-411f-8c98-c7ed3576de5c: shutdown LeaderElection
2019-10-16 21:52:55,180 [5c3956af-60d3-411f-8c98-c7ed3576de5c@group-EE856C9543A1-LeaderElection39] INFO  impl.RoleInfo (RoleInfo.java:updateAndGet(143)) - 5c3956af-60d3-411f-8c98-c7ed3576de5c: start FollowerState
2019-10-16 21:52:55,246 [Thread-501] INFO  impl.FollowerState (FollowerState.java:run(108)) - 5c3956af-60d3-411f-8c98-c7ed3576de5c@group-EE856C9543A1-FollowerState: change to CANDIDATE, lastRpcTime:65ms, electionTimeout:65ms
2019-10-16 21:52:55,246 [Thread-501] INFO  impl.RoleInfo (RoleInfo.java:shutdownFollowerState(121)) - 5c3956af-60d3-411f-8c98-c7ed3576de5c: shutdown FollowerState
2019-10-16 21:52:55,246 [Thread-501] INFO  impl.RaftServerImpl (RaftServerImpl.java:setRole(184)) - 5c3956af-60d3-411f-8c98-c7ed3576de5c@group-EE856C9543A1: changes role from  FOLLOWER to CANDIDATE at term 29 for changeToCandidate
2019-10-16 21:52:55,246 [Thread-501] INFO  impl.RoleInfo (RoleInfo.java:updateAndGet(143)) - 5c3956af-60d3-411f-8c98-c7ed3576de5c: start LeaderElection
2019-10-16 21:52:55,260 [5c3956af-60d3-411f-8c98-c7ed3576de5c@group-EE856C9543A1-LeaderElection40] INFO  impl.LeaderElection (LeaderElection.java:askForVotes(178)) - 5c3956af-60d3-411f-8c98-c7ed3576de5c@group-EE856C9543A1-LeaderElection40: begin an election at term 30 for -1: [5c3956af-60d3-411f-8c98-c7ed3576de5c:192.168.34.38:33787, efb933de-cdd8-4d8d-88d2-4c7ffe0dec1a:192.168.34.38:42459, 9d88716d-5d6b-4fd8-b832-a110dc45ee66:192.168.34.38:38211], old=null
2019-10-16 21:52:55,264 [grpc-default-executor-1] INFO  impl.RaftServerImpl (RaftServerImpl.java:setRole(184)) - 9d88716d-5d6b-4fd8-b832-a110dc45ee66@group-EE856C9543A1: changes role from  FOLLOWER to FOLLOWER at term 30 for recognizeCandidate:5c3956af-60d3-411f-8c98-c7ed3576de5c
2019-10-16 21:52:55,264 [grpc-default-executor-0] INFO  impl.RaftServerImpl (RaftServerImpl.java:setRole(184)) - efb933de-cdd8-4d8d-88d2-4c7ffe0dec1a@group-EE856C9543A1: changes role from  FOLLOWER to FOLLOWER at term 30 for recognizeCandidate:5c3956af-60d3-411f-8c98-c7ed3576de5c
2019-10-16 21:52:55,264 [grpc-default-executor-1] INFO  impl.RoleInfo (RoleInfo.java:shutdownFollowerState(121)) - 9d88716d-5d6b-4fd8-b832-a110dc45ee66: shutdown FollowerState
2019-10-16 21:52:55,265 [grpc-default-executor-0] INFO  impl.RoleInfo (RoleInfo.java:shutdownFollowerState(121)) - efb933de-cdd8-4d8d-88d2-4c7ffe0dec1a: shutdown FollowerState
2019-10-16 21:52:55,265 [Thread-499] INFO  impl.FollowerState (FollowerState.java:run(117)) - 9d88716d-5d6b-4fd8-b832-a110dc45ee66@group-EE856C9543A1-FollowerState was interrupted: java.lang.InterruptedException: sleep interrupted
2019-10-16 21:52:55,265 [Thread-500] INFO  impl.FollowerState (FollowerState.java:run(117)) - efb933de-cdd8-4d8d-88d2-4c7ffe0dec1a@group-EE856C9543A1-FollowerState was interrupted: java.lang.InterruptedException: sleep interrupted
2019-10-16 21:52:55,265 [grpc-default-executor-1] INFO  impl.RoleInfo (RoleInfo.java:updateAndGet(143)) - 9d88716d-5d6b-4fd8-b832-a110dc45ee66: start FollowerState
2019-10-16 21:52:55,265 [grpc-default-executor-0] INFO  impl.RoleInfo (RoleInfo.java:updateAndGet(143)) - efb933de-cdd8-4d8d-88d2-4c7ffe0dec1a: start FollowerState
2019-10-16 21:52:55,280 [5c3956af-60d3-411f-8c98-c7ed3576de5c@group-EE856C9543A1-LeaderElection40] INFO  impl.LeaderElection (LeaderElection.java:logAndReturn(56)) - 5c3956af-60d3-411f-8c98-c7ed3576de5c@group-EE856C9543A1-LeaderElection40: Election REJECTED; received 2 response(s) [5c3956af-60d3-411f-8c98-c7ed3576de5c<-efb933de-cdd8-4d8d-88d2-4c7ffe0dec1a#0:FAIL-t30, 5c3956af-60d3-411f-8c98-c7ed3576de5c<-9d88716d-5d6b-4fd8-b832-a110dc45ee66#0:FAIL-t30] and 0 exception(s); 5c3956af-60d3-411f-8c98-c7ed3576de5c@group-EE856C9543A1:t30, leader=null, voted=5c3956af-60d3-411f-8c98-c7ed3576de5c, raftlog=5c3956af-60d3-411f-8c98-c7ed3576de5c@group-EE856C9543A1-SegmentedRaftLog:OPENED:c-1,f-1,i0, conf=-1: [5c3956af-60d3-411f-8c98-c7ed3576de5c:192.168.34.38:33787, efb933de-cdd8-4d8d-88d2-4c7ffe0dec1a:192.168.34.38:42459, 9d88716d-5d6b-4fd8-b832-a110dc45ee66:192.168.34.38:38211], old=null
2019-10-16 21:52:55,281 [5c3956af-60d3-411f-8c98-c7ed3576de5c@group-EE856C9543A1-LeaderElection40] INFO  impl.RaftServerImpl (RaftServerImpl.java:setRole(184)) - 5c3956af-60d3-411f-8c98-c7ed3576de5c@group-EE856C9543A1: changes role from CANDIDATE to FOLLOWER at term 30 for DISCOVERED_A_NEW_TERM
2019-10-16 21:52:55,281 [5c3956af-60d3-411f-8c98-c7ed3576de5c@group-EE856C9543A1-LeaderElection40] INFO  impl.RoleInfo (RoleInfo.java:shutdownLeaderElection(134)) - 5c3956af-60d3-411f-8c98-c7ed3576de5c: shutdown LeaderElection
2019-10-16 21:52:55,281 [5c3956af-60d3-411f-8c98-c7ed3576de5c@group-EE856C9543A1-LeaderElection40] INFO  impl.RoleInfo (RoleInfo.java:updateAndGet(143)) - 5c3956af-60d3-411f-8c98-c7ed3576de5c: start FollowerState
2019-10-16 21:52:55,329 [Thread-507] INFO  impl.FollowerState (FollowerState.java:run(108)) - 5c3956af-60d3-411f-8c98-c7ed3576de5c@group-EE856C9543A1-FollowerState: change to CANDIDATE, lastRpcTime:48ms, electionTimeout:48ms
2019-10-16 21:52:55,330 [Thread-507] INFO  impl.RoleInfo (RoleInfo.java:shutdownFollowerState(121)) - 5c3956af-60d3-411f-8c98-c7ed3576de5c: shutdown FollowerState
2019-10-16 21:52:55,330 [Thread-507] INFO  impl.RaftServerImpl (RaftServerImpl.java:setRole(184)) - 5c3956af-60d3-411f-8c98-c7ed3576de5c@group-EE856C9543A1: changes role from  FOLLOWER to CANDIDATE at term 30 for changeToCandidate
2019-10-16 21:52:55,330 [Thread-507] INFO  impl.RoleInfo (RoleInfo.java:updateAndGet(143)) - 5c3956af-60d3-411f-8c98-c7ed3576de5c: start LeaderElection
2019-10-16 21:52:55,344 [5c3956af-60d3-411f-8c98-c7ed3576de5c@group-EE856C9543A1-LeaderElection41] INFO  impl.LeaderElection (LeaderElection.java:askForVotes(178)) - 5c3956af-60d3-411f-8c98-c7ed3576de5c@group-EE856C9543A1-LeaderElection41: begin an election at term 31 for -1: [5c3956af-60d3-411f-8c98-c7ed3576de5c:192.168.34.38:33787, efb933de-cdd8-4d8d-88d2-4c7ffe0dec1a:192.168.34.38:42459, 9d88716d-5d6b-4fd8-b832-a110dc45ee66:192.168.34.38:38211], old=null
2019-10-16 21:52:55,348 [5c3956af-60d3-411f-8c98-c7ed3576de5c@group-EE856C9543A1-LeaderElection41] INFO  impl.LeaderElection (LeaderElection.java:logAndReturn(56)) - 5c3956af-60d3-411f-8c98-c7ed3576de5c@group-EE856C9543A1-LeaderElection41: Election TIMEOUT; received 0 response(s) [] and 0 exception(s); 5c3956af-60d3-411f-8c98-c7ed3576de5c@group-EE856C9543A1:t31, leader=null, voted=5c3956af-60d3-411f-8c98-c7ed3576de5c, raftlog=5c3956af-60d3-411f-8c98-c7ed3576de5c@group-EE856C9543A1-SegmentedRaftLog:OPENED:c-1,f-1,i0, conf=-1: [5c3956af-60d3-411f-8c98-c7ed3576de5c:192.168.34.38:33787, efb933de-cdd8-4d8d-88d2-4c7ffe0dec1a:192.168.34.38:42459, 9d88716d-5d6b-4fd8-b832-a110dc45ee66:192.168.34.38:38211], old=null
2019-10-16 21:52:55,349 [grpc-default-executor-1] INFO  impl.RaftServerImpl (RaftServerImpl.java:setRole(184)) - 9d88716d-5d6b-4fd8-b832-a110dc45ee66@group-EE856C9543A1: changes role from  FOLLOWER to FOLLOWER at term 31 for recognizeCandidate:5c3956af-60d3-411f-8c98-c7ed3576de5c
2019-10-16 21:52:55,349 [grpc-default-executor-0] INFO  impl.RaftServerImpl (RaftServerImpl.java:setRole(184)) - efb933de-cdd8-4d8d-88d2-4c7ffe0dec1a@group-EE856C9543A1: changes role from  FOLLOWER to FOLLOWER at term 31 for recognizeCandidate:5c3956af-60d3-411f-8c98-c7ed3576de5c
2019-10-16 21:52:55,349 [grpc-default-executor-1] INFO  impl.RoleInfo (RoleInfo.java:shutdownFollowerState(121)) - 9d88716d-5d6b-4fd8-b832-a110dc45ee66: shutdown FollowerState
2019-10-16 21:52:55,349 [grpc-default-executor-0] INFO  impl.RoleInfo (RoleInfo.java:shutdownFollowerState(121)) - efb933de-cdd8-4d8d-88d2-4c7ffe0dec1a: shutdown FollowerState
2019-10-16 21:52:55,349 [grpc-default-executor-1] INFO  impl.RoleInfo (RoleInfo.java:updateAndGet(143)) - 9d88716d-5d6b-4fd8-b832-a110dc45ee66: start FollowerState
2019-10-16 21:52:55,349 [Thread-505] INFO  impl.FollowerState (FollowerState.java:run(117)) - 9d88716d-5d6b-4fd8-b832-a110dc45ee66@group-EE856C9543A1-FollowerState was interrupted: java.lang.InterruptedException: sleep interrupted
2019-10-16 21:52:55,350 [grpc-default-executor-0] INFO  impl.RoleInfo (RoleInfo.java:updateAndGet(143)) - efb933de-cdd8-4d8d-88d2-4c7ffe0dec1a: start FollowerState
2019-10-16 21:52:55,350 [Thread-506] INFO  impl.FollowerState (FollowerState.java:run(117)) - efb933de-cdd8-4d8d-88d2-4c7ffe0dec1a@group-EE856C9543A1-FollowerState was interrupted: java.lang.InterruptedException: sleep interrupted
2019-10-16 21:52:55,363 [5c3956af-60d3-411f-8c98-c7ed3576de5c@group-EE856C9543A1-LeaderElection41] INFO  impl.LeaderElection (LeaderElection.java:askForVotes(178)) - 5c3956af-60d3-411f-8c98-c7ed3576de5c@group-EE856C9543A1-LeaderElection41: begin an election at term 32 for -1: [5c3956af-60d3-411f-8c98-c7ed3576de5c:192.168.34.38:33787, efb933de-cdd8-4d8d-88d2-4c7ffe0dec1a:192.168.34.38:42459, 9d88716d-5d6b-4fd8-b832-a110dc45ee66:192.168.34.38:38211], old=null
2019-10-16 21:52:55,365 [grpc-default-executor-0] INFO  impl.RaftServerImpl (RaftServerImpl.java:setRole(184)) - 9d88716d-5d6b-4fd8-b832-a110dc45ee66@group-EE856C9543A1: changes role from  FOLLOWER to FOLLOWER at term 32 for recognizeCandidate:5c3956af-60d3-411f-8c98-c7ed3576de5c
2019-10-16 21:52:55,365 [grpc-default-executor-0] INFO  impl.RoleInfo (RoleInfo.java:shutdownFollowerState(121)) - 9d88716d-5d6b-4fd8-b832-a110dc45ee66: shutdown FollowerState
2019-10-16 21:52:55,366 [grpc-default-executor-0] INFO  impl.RoleInfo (RoleInfo.java:updateAndGet(143)) - 9d88716d-5d6b-4fd8-b832-a110dc45ee66: start FollowerState
2019-10-16 21:52:55,366 [Thread-511] INFO  impl.FollowerState (FollowerState.java:run(117)) - 9d88716d-5d6b-4fd8-b832-a110dc45ee66@group-EE856C9543A1-FollowerState was interrupted: java.lang.InterruptedException: sleep interrupted
2019-10-16 21:52:55,366 [grpc-default-executor-1] INFO  impl.RaftServerImpl (RaftServerImpl.java:setRole(184)) - efb933de-cdd8-4d8d-88d2-4c7ffe0dec1a@group-EE856C9543A1: changes role from  FOLLOWER to FOLLOWER at term 32 for recognizeCandidate:5c3956af-60d3-411f-8c98-c7ed3576de5c
2019-10-16 21:52:55,366 [grpc-default-executor-1] INFO  impl.RoleInfo (RoleInfo.java:shutdownFollowerState(121)) - efb933de-cdd8-4d8d-88d2-4c7ffe0dec1a: shutdown FollowerState
2019-10-16 21:52:55,366 [grpc-default-executor-1] INFO  impl.RoleInfo (RoleInfo.java:updateAndGet(143)) - efb933de-cdd8-4d8d-88d2-4c7ffe0dec1a: start FollowerState
2019-10-16 21:52:55,366 [Thread-512] INFO  impl.FollowerState (FollowerState.java:run(117)) - efb933de-cdd8-4d8d-88d2-4c7ffe0dec1a@group-EE856C9543A1-FollowerState was interrupted: java.lang.InterruptedException: sleep interrupted
2019-10-16 21:52:55,377 [5c3956af-60d3-411f-8c98-c7ed3576de5c@group-EE856C9543A1-LeaderElection41] INFO  impl.LeaderElection (LeaderElection.java:logAndReturn(56)) - 5c3956af-60d3-411f-8c98-c7ed3576de5c@group-EE856C9543A1-LeaderElection41: Election TIMEOUT; received 0 response(s) [] and 0 exception(s); 5c3956af-60d3-411f-8c98-c7ed3576de5c@group-EE856C9543A1:t32, leader=null, voted=5c3956af-60d3-411f-8c98-c7ed3576de5c, raftlog=5c3956af-60d3-411f-8c98-c7ed3576de5c@group-EE856C9543A1-SegmentedRaftLog:OPENED:c-1,f-1,i0, conf=-1: [5c3956af-60d3-411f-8c98-c7ed3576de5c:192.168.34.38:33787, efb933de-cdd8-4d8d-88d2-4c7ffe0dec1a:192.168.34.38:42459, 9d88716d-5d6b-4fd8-b832-a110dc45ee66:192.168.34.38:38211], old=null
2019-10-16 21:52:55,381 [5c3956af-60d3-411f-8c98-c7ed3576de5c@group-EE856C9543A1-LeaderElection41] INFO  impl.LeaderElection (LeaderElection.java:askForVotes(178)) - 5c3956af-60d3-411f-8c98-c7ed3576de5c@group-EE856C9543A1-LeaderElection41: begin an election at term 33 for -1: [5c3956af-60d3-411f-8c98-c7ed3576de5c:192.168.34.38:33787, efb933de-cdd8-4d8d-88d2-4c7ffe0dec1a:192.168.34.38:42459, 9d88716d-5d6b-4fd8-b832-a110dc45ee66:192.168.34.38:38211], old=null
2019-10-16 21:52:55,383 [grpc-default-executor-0] INFO  impl.RaftServerImpl (RaftServerImpl.java:setRole(184)) - efb933de-cdd8-4d8d-88d2-4c7ffe0dec1a@group-EE856C9543A1: changes role from  FOLLOWER to FOLLOWER at term 33 for recognizeCandidate:5c3956af-60d3-411f-8c98-c7ed3576de5c
2019-10-16 21:52:55,383 [grpc-default-executor-1] INFO  impl.RaftServerImpl (RaftServerImpl.java:setRole(184)) - 9d88716d-5d6b-4fd8-b832-a110dc45ee66@group-EE856C9543A1: changes role from  FOLLOWER to FOLLOWER at term 33 for recognizeCandidate:5c3956af-60d3-411f-8c98-c7ed3576de5c
2019-10-16 21:52:55,383 [grpc-default-executor-0] INFO  impl.RoleInfo (RoleInfo.java:shutdownFollowerState(121)) - efb933de-cdd8-4d8d-88d2-4c7ffe0dec1a: shutdown FollowerState
2019-10-16 21:52:55,383 [grpc-default-executor-1] INFO  impl.RoleInfo (RoleInfo.java:shutdownFollowerState(121)) - 9d88716d-5d6b-4fd8-b832-a110dc45ee66: shutdown FollowerState
2019-10-16 21:52:55,384 [grpc-default-executor-0] INFO  impl.RoleInfo (RoleInfo.java:updateAndGet(143)) - efb933de-cdd8-4d8d-88d2-4c7ffe0dec1a: start FollowerState
2019-10-16 21:52:55,384 [Thread-516] INFO  impl.FollowerState (FollowerState.java:run(117)) - efb933de-cdd8-4d8d-88d2-4c7ffe0dec1a@group-EE856C9543A1-FollowerState was interrupted: java.lang.InterruptedException: sleep interrupted
2019-10-16 21:52:55,384 [Thread-515] INFO  impl.FollowerState (FollowerState.java:run(117)) - 9d88716d-5d6b-4fd8-b832-a110dc45ee66@group-EE856C9543A1-FollowerState was interrupted: java.lang.InterruptedException: sleep interrupted
2019-10-16 21:52:55,384 [grpc-default-executor-1] INFO  impl.RoleInfo (RoleInfo.java:updateAndGet(143)) - 9d88716d-5d6b-4fd8-b832-a110dc45ee66: start FollowerState
2019-10-16 21:52:55,392 [JUnit] INFO  ozone.MiniOzoneClusterImpl (MiniOzoneClusterImpl.java:lambda$waitForClusterToBeReady$2(164)) - Waiting for 1 number of pipelines out of 6, to report a leader.
2019-10-16 21:52:55,398 [5c3956af-60d3-411f-8c98-c7ed3576de5c@group-EE856C9543A1-LeaderElection41] INFO  impl.LeaderElection (LeaderElection.java:logAndReturn(56)) - 5c3956af-60d3-411f-8c98-c7ed3576de5c@group-EE856C9543A1-LeaderElection41: Election REJECTED; received 2 response(s) [5c3956af-60d3-411f-8c98-c7ed3576de5c<-efb933de-cdd8-4d8d-88d2-4c7ffe0dec1a#0:FAIL-t33, 5c3956af-60d3-411f-8c98-c7ed3576de5c<-9d88716d-5d6b-4fd8-b832-a110dc45ee66#0:FAIL-t33] and 0 exception(s); 5c3956af-60d3-411f-8c98-c7ed3576de5c@group-EE856C9543A1:t33, leader=null, voted=5c3956af-60d3-411f-8c98-c7ed3576de5c, raftlog=5c3956af-60d3-411f-8c98-c7ed3576de5c@group-EE856C9543A1-SegmentedRaftLog:OPENED:c-1,f-1,i0, conf=-1: [5c3956af-60d3-411f-8c98-c7ed3576de5c:192.168.34.38:33787, efb933de-cdd8-4d8d-88d2-4c7ffe0dec1a:192.168.34.38:42459, 9d88716d-5d6b-4fd8-b832-a110dc45ee66:192.168.34.38:38211], old=null
2019-10-16 21:52:55,398 [5c3956af-60d3-411f-8c98-c7ed3576de5c@group-EE856C9543A1-LeaderElection41] INFO  impl.RaftServerImpl (RaftServerImpl.java:setRole(184)) - 5c3956af-60d3-411f-8c98-c7ed3576de5c@group-EE856C9543A1: changes role from CANDIDATE to FOLLOWER at term 33 for DISCOVERED_A_NEW_TERM
2019-10-16 21:52:55,398 [5c3956af-60d3-411f-8c98-c7ed3576de5c@group-EE856C9543A1-LeaderElection41] INFO  impl.RoleInfo (RoleInfo.java:shutdownLeaderElection(134)) - 5c3956af-60d3-411f-8c98-c7ed3576de5c: shutdown LeaderElection
2019-10-16 21:52:55,399 [5c3956af-60d3-411f-8c98-c7ed3576de5c@group-EE856C9543A1-LeaderElection41] INFO  impl.RoleInfo (RoleInfo.java:updateAndGet(143)) - 5c3956af-60d3-411f-8c98-c7ed3576de5c: start FollowerState
2019-10-16 21:52:55,506 [Thread-521] INFO  impl.FollowerState (FollowerState.java:run(108)) - 5c3956af-60d3-411f-8c98-c7ed3576de5c@group-EE856C9543A1-FollowerState: change to CANDIDATE, lastRpcTime:107ms, electionTimeout:107ms
2019-10-16 21:52:55,506 [Thread-521] INFO  impl.RoleInfo (RoleInfo.java:shutdownFollowerState(121)) - 5c3956af-60d3-411f-8c98-c7ed3576de5c: shutdown FollowerState
2019-10-16 21:52:55,506 [Thread-521] INFO  impl.RaftServerImpl (RaftServerImpl.java:setRole(184)) - 5c3956af-60d3-411f-8c98-c7ed3576de5c@group-EE856C9543A1: changes role from  FOLLOWER to CANDIDATE at term 33 for changeToCandidate
2019-10-16 21:52:55,507 [Thread-521] INFO  impl.RoleInfo (RoleInfo.java:updateAndGet(143)) - 5c3956af-60d3-411f-8c98-c7ed3576de5c: start LeaderElection
2019-10-16 21:52:55,521 [5c3956af-60d3-411f-8c98-c7ed3576de5c@group-EE856C9543A1-LeaderElection42] INFO  impl.LeaderElection (LeaderElection.java:askForVotes(178)) - 5c3956af-60d3-411f-8c98-c7ed3576de5c@group-EE856C9543A1-LeaderElection42: begin an election at term 34 for -1: [5c3956af-60d3-411f-8c98-c7ed3576de5c:192.168.34.38:33787, efb933de-cdd8-4d8d-88d2-4c7ffe0dec1a:192.168.34.38:42459, 9d88716d-5d6b-4fd8-b832-a110dc45ee66:192.168.34.38:38211], old=null
2019-10-16 21:52:55,524 [grpc-default-executor-1] INFO  impl.RaftServerImpl (RaftServerImpl.java:setRole(184)) - efb933de-cdd8-4d8d-88d2-4c7ffe0dec1a@group-EE856C9543A1: changes role from  FOLLOWER to FOLLOWER at term 34 for recognizeCandidate:5c3956af-60d3-411f-8c98-c7ed3576de5c
2019-10-16 21:52:55,524 [grpc-default-executor-0] INFO  impl.RaftServerImpl (RaftServerImpl.java:setRole(184)) - 9d88716d-5d6b-4fd8-b832-a110dc45ee66@group-EE856C9543A1: changes role from  FOLLOWER to FOLLOWER at term 34 for recognizeCandidate:5c3956af-60d3-411f-8c98-c7ed3576de5c
2019-10-16 21:52:55,524 [grpc-default-executor-1] INFO  impl.RoleInfo (RoleInfo.java:shutdownFollowerState(121)) - efb933de-cdd8-4d8d-88d2-4c7ffe0dec1a: shutdown FollowerState
2019-10-16 21:52:55,524 [grpc-default-executor-0] INFO  impl.RoleInfo (RoleInfo.java:shutdownFollowerState(121)) - 9d88716d-5d6b-4fd8-b832-a110dc45ee66: shutdown FollowerState
2019-10-16 21:52:55,524 [Thread-519] INFO  impl.FollowerState (FollowerState.java:run(117)) - efb933de-cdd8-4d8d-88d2-4c7ffe0dec1a@group-EE856C9543A1-FollowerState was interrupted: java.lang.InterruptedException: sleep interrupted
2019-10-16 21:52:55,525 [grpc-default-executor-0] INFO  impl.RoleInfo (RoleInfo.java:updateAndGet(143)) - 9d88716d-5d6b-4fd8-b832-a110dc45ee66: start FollowerState
2019-10-16 21:52:55,524 [grpc-default-executor-1] INFO  impl.RoleInfo (RoleInfo.java:updateAndGet(143)) - efb933de-cdd8-4d8d-88d2-4c7ffe0dec1a: start FollowerState
2019-10-16 21:52:55,525 [Thread-520] INFO  impl.FollowerState (FollowerState.java:run(117)) - 9d88716d-5d6b-4fd8-b832-a110dc45ee66@group-EE856C9543A1-FollowerState was interrupted: java.lang.InterruptedException: sleep interrupted
2019-10-16 21:52:55,540 [5c3956af-60d3-411f-8c98-c7ed3576de5c@group-EE856C9543A1-LeaderElection42] INFO  impl.LeaderElection (LeaderElection.java:logAndReturn(56)) - 5c3956af-60d3-411f-8c98-c7ed3576de5c@group-EE856C9543A1-LeaderElection42: Election REJECTED; received 2 response(s) [5c3956af-60d3-411f-8c98-c7ed3576de5c<-efb933de-cdd8-4d8d-88d2-4c7ffe0dec1a#0:FAIL-t34, 5c3956af-60d3-411f-8c98-c7ed3576de5c<-9d88716d-5d6b-4fd8-b832-a110dc45ee66#0:FAIL-t34] and 0 exception(s); 5c3956af-60d3-411f-8c98-c7ed3576de5c@group-EE856C9543A1:t34, leader=null, voted=5c3956af-60d3-411f-8c98-c7ed3576de5c, raftlog=5c3956af-60d3-411f-8c98-c7ed3576de5c@group-EE856C9543A1-SegmentedRaftLog:OPENED:c-1,f-1,i0, conf=-1: [5c3956af-60d3-411f-8c98-c7ed3576de5c:192.168.34.38:33787, efb933de-cdd8-4d8d-88d2-4c7ffe0dec1a:192.168.34.38:42459, 9d88716d-5d6b-4fd8-b832-a110dc45ee66:192.168.34.38:38211], old=null
2019-10-16 21:52:55,540 [5c3956af-60d3-411f-8c98-c7ed3576de5c@group-EE856C9543A1-LeaderElection42] INFO  impl.RaftServerImpl (RaftServerImpl.java:setRole(184)) - 5c3956af-60d3-411f-8c98-c7ed3576de5c@group-EE856C9543A1: changes role from CANDIDATE to FOLLOWER at term 34 for DISCOVERED_A_NEW_TERM
2019-10-16 21:52:55,540 [5c3956af-60d3-411f-8c98-c7ed3576de5c@group-EE856C9543A1-LeaderElection42] INFO  impl.RoleInfo (RoleInfo.java:shutdownLeaderElection(134)) - 5c3956af-60d3-411f-8c98-c7ed3576de5c: shutdown LeaderElection
2019-10-16 21:52:55,541 [5c3956af-60d3-411f-8c98-c7ed3576de5c@group-EE856C9543A1-LeaderElection42] INFO  impl.RoleInfo (RoleInfo.java:updateAndGet(143)) - 5c3956af-60d3-411f-8c98-c7ed3576de5c: start FollowerState
2019-10-16 21:52:55,565 [Thread-527] INFO  impl.FollowerState (FollowerState.java:run(108)) - 5c3956af-60d3-411f-8c98-c7ed3576de5c@group-EE856C9543A1-FollowerState: change to CANDIDATE, lastRpcTime:24ms, electionTimeout:24ms
2019-10-16 21:52:55,565 [Thread-527] INFO  impl.RoleInfo (RoleInfo.java:shutdownFollowerState(121)) - 5c3956af-60d3-411f-8c98-c7ed3576de5c: shutdown FollowerState
2019-10-16 21:52:55,565 [Thread-527] INFO  impl.RaftServerImpl (RaftServerImpl.java:setRole(184)) - 5c3956af-60d3-411f-8c98-c7ed3576de5c@group-EE856C9543A1: changes role from  FOLLOWER to CANDIDATE at term 34 for changeToCandidate
2019-10-16 21:52:55,565 [Thread-527] INFO  impl.RoleInfo (RoleInfo.java:updateAndGet(143)) - 5c3956af-60d3-411f-8c98-c7ed3576de5c: start LeaderElection
2019-10-16 21:52:55,579 [5c3956af-60d3-411f-8c98-c7ed3576de5c@group-EE856C9543A1-LeaderElection43] INFO  impl.LeaderElection (LeaderElection.java:askForVotes(178)) - 5c3956af-60d3-411f-8c98-c7ed3576de5c@group-EE856C9543A1-LeaderElection43: begin an election at term 35 for -1: [5c3956af-60d3-411f-8c98-c7ed3576de5c:192.168.34.38:33787, efb933de-cdd8-4d8d-88d2-4c7ffe0dec1a:192.168.34.38:42459, 9d88716d-5d6b-4fd8-b832-a110dc45ee66:192.168.34.38:38211], old=null
2019-10-16 21:52:55,581 [5c3956af-60d3-411f-8c98-c7ed3576de5c@group-EE856C9543A1-LeaderElection43] INFO  impl.LeaderElection (LeaderElection.java:logAndReturn(56)) - 5c3956af-60d3-411f-8c98-c7ed3576de5c@group-EE856C9543A1-LeaderElection43: Election TIMEOUT; received 0 response(s) [] and 0 exception(s); 5c3956af-60d3-411f-8c98-c7ed3576de5c@group-EE856C9543A1:t35, leader=null, voted=5c3956af-60d3-411f-8c98-c7ed3576de5c, raftlog=5c3956af-60d3-411f-8c98-c7ed3576de5c@group-EE856C9543A1-SegmentedRaftLog:OPENED:c-1,f-1,i0, conf=-1: [5c3956af-60d3-411f-8c98-c7ed3576de5c:192.168.34.38:33787, efb933de-cdd8-4d8d-88d2-4c7ffe0dec1a:192.168.34.38:42459, 9d88716d-5d6b-4fd8-b832-a110dc45ee66:192.168.34.38:38211], old=null
2019-10-16 21:52:55,584 [grpc-default-executor-1] INFO  impl.RaftServerImpl (RaftServerImpl.java:setRole(184)) - 9d88716d-5d6b-4fd8-b832-a110dc45ee66@group-EE856C9543A1: changes role from  FOLLOWER to FOLLOWER at term 35 for recognizeCandidate:5c3956af-60d3-411f-8c98-c7ed3576de5c
2019-10-16 21:52:55,584 [grpc-default-executor-0] INFO  impl.RaftServerImpl (RaftServerImpl.java:setRole(184)) - efb933de-cdd8-4d8d-88d2-4c7ffe0dec1a@group-EE856C9543A1: changes role from  FOLLOWER to FOLLOWER at term 35 for recognizeCandidate:5c3956af-60d3-411f-8c98-c7ed3576de5c
2019-10-16 21:52:55,584 [grpc-default-executor-1] INFO  impl.RoleInfo (RoleInfo.java:shutdownFollowerState(121)) - 9d88716d-5d6b-4fd8-b832-a110dc45ee66: shutdown FollowerState
2019-10-16 21:52:55,584 [grpc-default-executor-0] INFO  impl.RoleInfo (RoleInfo.java:shutdownFollowerState(121)) - efb933de-cdd8-4d8d-88d2-4c7ffe0dec1a: shutdown FollowerState
2019-10-16 21:52:55,584 [grpc-default-executor-1] INFO  impl.RoleInfo (RoleInfo.java:updateAndGet(143)) - 9d88716d-5d6b-4fd8-b832-a110dc45ee66: start FollowerState
2019-10-16 21:52:55,584 [Thread-526] INFO  impl.FollowerState (FollowerState.java:run(117)) - 9d88716d-5d6b-4fd8-b832-a110dc45ee66@group-EE856C9543A1-FollowerState was interrupted: java.lang.InterruptedException: sleep interrupted
2019-10-16 21:52:55,584 [Thread-525] INFO  impl.FollowerState (FollowerState.java:run(117)) - efb933de-cdd8-4d8d-88d2-4c7ffe0dec1a@group-EE856C9543A1-FollowerState was interrupted: java.lang.InterruptedException: sleep interrupted
2019-10-16 21:52:55,584 [grpc-default-executor-0] INFO  impl.RoleInfo (RoleInfo.java:updateAndGet(143)) - efb933de-cdd8-4d8d-88d2-4c7ffe0dec1a: start FollowerState
2019-10-16 21:52:55,596 [5c3956af-60d3-411f-8c98-c7ed3576de5c@group-EE856C9543A1-LeaderElection43] INFO  impl.LeaderElection (LeaderElection.java:askForVotes(178)) - 5c3956af-60d3-411f-8c98-c7ed3576de5c@group-EE856C9543A1-LeaderElection43: begin an election at term 36 for -1: [5c3956af-60d3-411f-8c98-c7ed3576de5c:192.168.34.38:33787, efb933de-cdd8-4d8d-88d2-4c7ffe0dec1a:192.168.34.38:42459, 9d88716d-5d6b-4fd8-b832-a110dc45ee66:192.168.34.38:38211], old=null
2019-10-16 21:52:55,599 [grpc-default-executor-1] INFO  impl.RaftServerImpl (RaftServerImpl.java:setRole(184)) - efb933de-cdd8-4d8d-88d2-4c7ffe0dec1a@group-EE856C9543A1: changes role from  FOLLOWER to FOLLOWER at term 36 for recognizeCandidate:5c3956af-60d3-411f-8c98-c7ed3576de5c
2019-10-16 21:52:55,599 [grpc-default-executor-0] INFO  impl.RaftServerImpl (RaftServerImpl.java:setRole(184)) - 9d88716d-5d6b-4fd8-b832-a110dc45ee66@group-EE856C9543A1: changes role from  FOLLOWER to FOLLOWER at term 36 for recognizeCandidate:5c3956af-60d3-411f-8c98-c7ed3576de5c
2019-10-16 21:52:55,599 [grpc-default-executor-1] INFO  impl.RoleInfo (RoleInfo.java:shutdownFollowerState(121)) - efb933de-cdd8-4d8d-88d2-4c7ffe0dec1a: shutdown FollowerState
2019-10-16 21:52:55,600 [grpc-default-executor-0] INFO  impl.RoleInfo (RoleInfo.java:shutdownFollowerState(121)) - 9d88716d-5d6b-4fd8-b832-a110dc45ee66: shutdown FollowerState
2019-10-16 21:52:55,600 [grpc-default-executor-1] INFO  impl.RoleInfo (RoleInfo.java:updateAndGet(143)) - efb933de-cdd8-4d8d-88d2-4c7ffe0dec1a: start FollowerState
2019-10-16 21:52:55,600 [Thread-532] INFO  impl.FollowerState (FollowerState.java:run(117)) - efb933de-cdd8-4d8d-88d2-4c7ffe0dec1a@group-EE856C9543A1-FollowerState was interrupted: java.lang.InterruptedException: sleep interrupted
2019-10-16 21:52:55,600 [grpc-default-executor-0] INFO  impl.RoleInfo (RoleInfo.java:updateAndGet(143)) - 9d88716d-5d6b-4fd8-b832-a110dc45ee66: start FollowerState
2019-10-16 21:52:55,600 [Thread-531] INFO  impl.FollowerState (FollowerState.java:run(117)) - 9d88716d-5d6b-4fd8-b832-a110dc45ee66@group-EE856C9543A1-FollowerState was interrupted: java.lang.InterruptedException: sleep interrupted
2019-10-16 21:52:55,615 [5c3956af-60d3-411f-8c98-c7ed3576de5c@group-EE856C9543A1-LeaderElection43] INFO  impl.LeaderElection (LeaderElection.java:logAndReturn(56)) - 5c3956af-60d3-411f-8c98-c7ed3576de5c@group-EE856C9543A1-LeaderElection43: Election REJECTED; received 2 response(s) [5c3956af-60d3-411f-8c98-c7ed3576de5c<-efb933de-cdd8-4d8d-88d2-4c7ffe0dec1a#0:FAIL-t36, 5c3956af-60d3-411f-8c98-c7ed3576de5c<-9d88716d-5d6b-4fd8-b832-a110dc45ee66#0:FAIL-t36] and 0 exception(s); 5c3956af-60d3-411f-8c98-c7ed3576de5c@group-EE856C9543A1:t36, leader=null, voted=5c3956af-60d3-411f-8c98-c7ed3576de5c, raftlog=5c3956af-60d3-411f-8c98-c7ed3576de5c@group-EE856C9543A1-SegmentedRaftLog:OPENED:c-1,f-1,i0, conf=-1: [5c3956af-60d3-411f-8c98-c7ed3576de5c:192.168.34.38:33787, efb933de-cdd8-4d8d-88d2-4c7ffe0dec1a:192.168.34.38:42459, 9d88716d-5d6b-4fd8-b832-a110dc45ee66:192.168.34.38:38211], old=null
2019-10-16 21:52:55,615 [5c3956af-60d3-411f-8c98-c7ed3576de5c@group-EE856C9543A1-LeaderElection43] INFO  impl.RaftServerImpl (RaftServerImpl.java:setRole(184)) - 5c3956af-60d3-411f-8c98-c7ed3576de5c@group-EE856C9543A1: changes role from CANDIDATE to FOLLOWER at term 36 for DISCOVERED_A_NEW_TERM
2019-10-16 21:52:55,615 [5c3956af-60d3-411f-8c98-c7ed3576de5c@group-EE856C9543A1-LeaderElection43] INFO  impl.RoleInfo (RoleInfo.java:shutdownLeaderElection(134)) - 5c3956af-60d3-411f-8c98-c7ed3576de5c: shutdown LeaderElection
2019-10-16 21:52:55,616 [5c3956af-60d3-411f-8c98-c7ed3576de5c@group-EE856C9543A1-LeaderElection43] INFO  impl.RoleInfo (RoleInfo.java:updateAndGet(143)) - 5c3956af-60d3-411f-8c98-c7ed3576de5c: start FollowerState
2019-10-16 21:52:55,765 [Thread-537] INFO  impl.FollowerState (FollowerState.java:run(108)) - 5c3956af-60d3-411f-8c98-c7ed3576de5c@group-EE856C9543A1-FollowerState: change to CANDIDATE, lastRpcTime:149ms, electionTimeout:149ms
2019-10-16 21:52:55,765 [Thread-537] INFO  impl.RoleInfo (RoleInfo.java:shutdownFollowerState(121)) - 5c3956af-60d3-411f-8c98-c7ed3576de5c: shutdown FollowerState
2019-10-16 21:52:55,765 [Thread-537] INFO  impl.RaftServerImpl (RaftServerImpl.java:setRole(184)) - 5c3956af-60d3-411f-8c98-c7ed3576de5c@group-EE856C9543A1: changes role from  FOLLOWER to CANDIDATE at term 36 for changeToCandidate
2019-10-16 21:52:55,766 [Thread-537] INFO  impl.RoleInfo (RoleInfo.java:updateAndGet(143)) - 5c3956af-60d3-411f-8c98-c7ed3576de5c: start LeaderElection
2019-10-16 21:52:55,779 [5c3956af-60d3-411f-8c98-c7ed3576de5c@group-EE856C9543A1-LeaderElection44] INFO  impl.LeaderElection (LeaderElection.java:askForVotes(178)) - 5c3956af-60d3-411f-8c98-c7ed3576de5c@group-EE856C9543A1-LeaderElection44: begin an election at term 37 for -1: [5c3956af-60d3-411f-8c98-c7ed3576de5c:192.168.34.38:33787, efb933de-cdd8-4d8d-88d2-4c7ffe0dec1a:192.168.34.38:42459, 9d88716d-5d6b-4fd8-b832-a110dc45ee66:192.168.34.38:38211], old=null
2019-10-16 21:52:55,788 [grpc-default-executor-1] INFO  impl.RaftServerImpl (RaftServerImpl.java:setRole(184)) - efb933de-cdd8-4d8d-88d2-4c7ffe0dec1a@group-EE856C9543A1: changes role from  FOLLOWER to FOLLOWER at term 37 for recognizeCandidate:5c3956af-60d3-411f-8c98-c7ed3576de5c
2019-10-16 21:52:55,788 [grpc-default-executor-0] INFO  impl.RaftServerImpl (RaftServerImpl.java:setRole(184)) - 9d88716d-5d6b-4fd8-b832-a110dc45ee66@group-EE856C9543A1: changes role from  FOLLOWER to FOLLOWER at term 37 for recognizeCandidate:5c3956af-60d3-411f-8c98-c7ed3576de5c
2019-10-16 21:52:55,789 [grpc-default-executor-1] INFO  impl.RoleInfo (RoleInfo.java:shutdownFollowerState(121)) - efb933de-cdd8-4d8d-88d2-4c7ffe0dec1a: shutdown FollowerState
2019-10-16 21:52:55,789 [grpc-default-executor-0] INFO  impl.RoleInfo (RoleInfo.java:shutdownFollowerState(121)) - 9d88716d-5d6b-4fd8-b832-a110dc45ee66: shutdown FollowerState
2019-10-16 21:52:55,789 [Thread-535] INFO  impl.FollowerState (FollowerState.java:run(117)) - efb933de-cdd8-4d8d-88d2-4c7ffe0dec1a@group-EE856C9543A1-FollowerState was interrupted: java.lang.InterruptedException: sleep interrupted
2019-10-16 21:52:55,789 [grpc-default-executor-1] INFO  impl.RoleInfo (RoleInfo.java:updateAndGet(143)) - efb933de-cdd8-4d8d-88d2-4c7ffe0dec1a: start FollowerState
2019-10-16 21:52:55,789 [Thread-536] INFO  impl.FollowerState (FollowerState.java:run(117)) - 9d88716d-5d6b-4fd8-b832-a110dc45ee66@group-EE856C9543A1-FollowerState was interrupted: java.lang.InterruptedException: sleep interrupted
2019-10-16 21:52:55,789 [grpc-default-executor-0] INFO  impl.RoleInfo (RoleInfo.java:updateAndGet(143)) - 9d88716d-5d6b-4fd8-b832-a110dc45ee66: start FollowerState
2019-10-16 21:52:55,805 [5c3956af-60d3-411f-8c98-c7ed3576de5c@group-EE856C9543A1-LeaderElection44] INFO  impl.LeaderElection (LeaderElection.java:logAndReturn(56)) - 5c3956af-60d3-411f-8c98-c7ed3576de5c@group-EE856C9543A1-LeaderElection44: Election REJECTED; received 2 response(s) [5c3956af-60d3-411f-8c98-c7ed3576de5c<-efb933de-cdd8-4d8d-88d2-4c7ffe0dec1a#0:FAIL-t37, 5c3956af-60d3-411f-8c98-c7ed3576de5c<-9d88716d-5d6b-4fd8-b832-a110dc45ee66#0:FAIL-t37] and 0 exception(s); 5c3956af-60d3-411f-8c98-c7ed3576de5c@group-EE856C9543A1:t37, leader=null, voted=5c3956af-60d3-411f-8c98-c7ed3576de5c, raftlog=5c3956af-60d3-411f-8c98-c7ed3576de5c@group-EE856C9543A1-SegmentedRaftLog:OPENED:c-1,f-1,i0, conf=-1: [5c3956af-60d3-411f-8c98-c7ed3576de5c:192.168.34.38:33787, efb933de-cdd8-4d8d-88d2-4c7ffe0dec1a:192.168.34.38:42459, 9d88716d-5d6b-4fd8-b832-a110dc45ee66:192.168.34.38:38211], old=null
2019-10-16 21:52:55,805 [5c3956af-60d3-411f-8c98-c7ed3576de5c@group-EE856C9543A1-LeaderElection44] INFO  impl.RaftServerImpl (RaftServerImpl.java:setRole(184)) - 5c3956af-60d3-411f-8c98-c7ed3576de5c@group-EE856C9543A1: changes role from CANDIDATE to FOLLOWER at term 37 for DISCOVERED_A_NEW_TERM
2019-10-16 21:52:55,805 [5c3956af-60d3-411f-8c98-c7ed3576de5c@group-EE856C9543A1-LeaderElection44] INFO  impl.RoleInfo (RoleInfo.java:shutdownLeaderElection(134)) - 5c3956af-60d3-411f-8c98-c7ed3576de5c: shutdown LeaderElection
2019-10-16 21:52:55,805 [5c3956af-60d3-411f-8c98-c7ed3576de5c@group-EE856C9543A1-LeaderElection44] INFO  impl.RoleInfo (RoleInfo.java:updateAndGet(143)) - 5c3956af-60d3-411f-8c98-c7ed3576de5c: start FollowerState
2019-10-16 21:52:55,812 [Thread-543] INFO  impl.FollowerState (FollowerState.java:run(108)) - 5c3956af-60d3-411f-8c98-c7ed3576de5c@group-EE856C9543A1-FollowerState: change to CANDIDATE, lastRpcTime:6ms, electionTimeout:6ms
2019-10-16 21:52:55,812 [Thread-543] INFO  impl.RoleInfo (RoleInfo.java:shutdownFollowerState(121)) - 5c3956af-60d3-411f-8c98-c7ed3576de5c: shutdown FollowerState
2019-10-16 21:52:55,812 [Thread-543] INFO  impl.RaftServerImpl (RaftServerImpl.java:setRole(184)) - 5c3956af-60d3-411f-8c98-c7ed3576de5c@group-EE856C9543A1: changes role from  FOLLOWER to CANDIDATE at term 37 for changeToCandidate
2019-10-16 21:52:55,812 [Thread-543] INFO  impl.RoleInfo (RoleInfo.java:updateAndGet(143)) - 5c3956af-60d3-411f-8c98-c7ed3576de5c: start LeaderElection
2019-10-16 21:52:55,842 [5c3956af-60d3-411f-8c98-c7ed3576de5c@group-EE856C9543A1-LeaderElection45] INFO  impl.LeaderElection (LeaderElection.java:askForVotes(178)) - 5c3956af-60d3-411f-8c98-c7ed3576de5c@group-EE856C9543A1-LeaderElection45: begin an election at term 38 for -1: [5c3956af-60d3-411f-8c98-c7ed3576de5c:192.168.34.38:33787, efb933de-cdd8-4d8d-88d2-4c7ffe0dec1a:192.168.34.38:42459, 9d88716d-5d6b-4fd8-b832-a110dc45ee66:192.168.34.38:38211], old=null
2019-10-16 21:52:55,845 [grpc-default-executor-0] INFO  impl.RaftServerImpl (RaftServerImpl.java:setRole(184)) - 9d88716d-5d6b-4fd8-b832-a110dc45ee66@group-EE856C9543A1: changes role from  FOLLOWER to FOLLOWER at term 38 for recognizeCandidate:5c3956af-60d3-411f-8c98-c7ed3576de5c
2019-10-16 21:52:55,845 [grpc-default-executor-1] INFO  impl.RaftServerImpl (RaftServerImpl.java:setRole(184)) - efb933de-cdd8-4d8d-88d2-4c7ffe0dec1a@group-EE856C9543A1: changes role from  FOLLOWER to FOLLOWER at term 38 for recognizeCandidate:5c3956af-60d3-411f-8c98-c7ed3576de5c
2019-10-16 21:52:55,846 [grpc-default-executor-0] INFO  impl.RoleInfo (RoleInfo.java:shutdownFollowerState(121)) - 9d88716d-5d6b-4fd8-b832-a110dc45ee66: shutdown FollowerState
2019-10-16 21:52:55,846 [grpc-default-executor-1] INFO  impl.RoleInfo (RoleInfo.java:shutdownFollowerState(121)) - efb933de-cdd8-4d8d-88d2-4c7ffe0dec1a: shutdown FollowerState
2019-10-16 21:52:55,846 [Thread-542] INFO  impl.FollowerState (FollowerState.java:run(117)) - 9d88716d-5d6b-4fd8-b832-a110dc45ee66@group-EE856C9543A1-FollowerState was interrupted: java.lang.InterruptedException: sleep interrupted
2019-10-16 21:52:55,846 [grpc-default-executor-0] INFO  impl.RoleInfo (RoleInfo.java:updateAndGet(143)) - 9d88716d-5d6b-4fd8-b832-a110dc45ee66: start FollowerState
2019-10-16 21:52:55,846 [Thread-541] INFO  impl.FollowerState (FollowerState.java:run(117)) - efb933de-cdd8-4d8d-88d2-4c7ffe0dec1a@group-EE856C9543A1-FollowerState was interrupted: java.lang.InterruptedException: sleep interrupted
2019-10-16 21:52:55,846 [grpc-default-executor-1] INFO  impl.RoleInfo (RoleInfo.java:updateAndGet(143)) - efb933de-cdd8-4d8d-88d2-4c7ffe0dec1a: start FollowerState
2019-10-16 21:52:55,858 [5c3956af-60d3-411f-8c98-c7ed3576de5c@group-EE856C9543A1-LeaderElection45] INFO  impl.LeaderElection (LeaderElection.java:logAndReturn(56)) - 5c3956af-60d3-411f-8c98-c7ed3576de5c@group-EE856C9543A1-LeaderElection45: Election TIMEOUT; received 0 response(s) [] and 0 exception(s); 5c3956af-60d3-411f-8c98-c7ed3576de5c@group-EE856C9543A1:t38, leader=null, voted=5c3956af-60d3-411f-8c98-c7ed3576de5c, raftlog=5c3956af-60d3-411f-8c98-c7ed3576de5c@group-EE856C9543A1-SegmentedRaftLog:OPENED:c-1,f-1,i0, conf=-1: [5c3956af-60d3-411f-8c98-c7ed3576de5c:192.168.34.38:33787, efb933de-cdd8-4d8d-88d2-4c7ffe0dec1a:192.168.34.38:42459, 9d88716d-5d6b-4fd8-b832-a110dc45ee66:192.168.34.38:38211], old=null
2019-10-16 21:52:55,863 [5c3956af-60d3-411f-8c98-c7ed3576de5c@group-EE856C9543A1-LeaderElection45] INFO  impl.LeaderElection (LeaderElection.java:askForVotes(178)) - 5c3956af-60d3-411f-8c98-c7ed3576de5c@group-EE856C9543A1-LeaderElection45: begin an election at term 39 for -1: [5c3956af-60d3-411f-8c98-c7ed3576de5c:192.168.34.38:33787, efb933de-cdd8-4d8d-88d2-4c7ffe0dec1a:192.168.34.38:42459, 9d88716d-5d6b-4fd8-b832-a110dc45ee66:192.168.34.38:38211], old=null
2019-10-16 21:52:55,866 [grpc-default-executor-0] INFO  impl.RaftServerImpl (RaftServerImpl.java:setRole(184)) - efb933de-cdd8-4d8d-88d2-4c7ffe0dec1a@group-EE856C9543A1: changes role from  FOLLOWER to FOLLOWER at term 39 for recognizeCandidate:5c3956af-60d3-411f-8c98-c7ed3576de5c
2019-10-16 21:52:55,866 [grpc-default-executor-0] INFO  impl.RoleInfo (RoleInfo.java:shutdownFollowerState(121)) - efb933de-cdd8-4d8d-88d2-4c7ffe0dec1a: shutdown FollowerState
2019-10-16 21:52:55,866 [Thread-548] INFO  impl.FollowerState (FollowerState.java:run(117)) - efb933de-cdd8-4d8d-88d2-4c7ffe0dec1a@group-EE856C9543A1-FollowerState was interrupted: java.lang.InterruptedException: sleep interrupted
2019-10-16 21:52:55,866 [grpc-default-executor-0] INFO  impl.RoleInfo (RoleInfo.java:updateAndGet(143)) - efb933de-cdd8-4d8d-88d2-4c7ffe0dec1a: start FollowerState
2019-10-16 21:52:55,866 [grpc-default-executor-1] INFO  impl.RaftServerImpl (RaftServerImpl.java:setRole(184)) - 9d88716d-5d6b-4fd8-b832-a110dc45ee66@group-EE856C9543A1: changes role from  FOLLOWER to FOLLOWER at term 39 for recognizeCandidate:5c3956af-60d3-411f-8c98-c7ed3576de5c
2019-10-16 21:52:55,866 [grpc-default-executor-1] INFO  impl.RoleInfo (RoleInfo.java:shutdownFollowerState(121)) - 9d88716d-5d6b-4fd8-b832-a110dc45ee66: shutdown FollowerState
2019-10-16 21:52:55,867 [grpc-default-executor-1] INFO  impl.RoleInfo (RoleInfo.java:updateAndGet(143)) - 9d88716d-5d6b-4fd8-b832-a110dc45ee66: start FollowerState
2019-10-16 21:52:55,867 [Thread-547] INFO  impl.FollowerState (FollowerState.java:run(117)) - 9d88716d-5d6b-4fd8-b832-a110dc45ee66@group-EE856C9543A1-FollowerState was interrupted: java.lang.InterruptedException: sleep interrupted
2019-10-16 21:52:55,869 [5c3956af-60d3-411f-8c98-c7ed3576de5c@group-EE856C9543A1-LeaderElection45] INFO  impl.LeaderElection (LeaderElection.java:logAndReturn(56)) - 5c3956af-60d3-411f-8c98-c7ed3576de5c@group-EE856C9543A1-LeaderElection45: Election TIMEOUT; received 0 response(s) [] and 0 exception(s); 5c3956af-60d3-411f-8c98-c7ed3576de5c@group-EE856C9543A1:t39, leader=null, voted=5c3956af-60d3-411f-8c98-c7ed3576de5c, raftlog=5c3956af-60d3-411f-8c98-c7ed3576de5c@group-EE856C9543A1-SegmentedRaftLog:OPENED:c-1,f-1,i0, conf=-1: [5c3956af-60d3-411f-8c98-c7ed3576de5c:192.168.34.38:33787, efb933de-cdd8-4d8d-88d2-4c7ffe0dec1a:192.168.34.38:42459, 9d88716d-5d6b-4fd8-b832-a110dc45ee66:192.168.34.38:38211], old=null
2019-10-16 21:52:55,880 [5c3956af-60d3-411f-8c98-c7ed3576de5c@group-EE856C9543A1-LeaderElection45] INFO  impl.LeaderElection (LeaderElection.java:askForVotes(178)) - 5c3956af-60d3-411f-8c98-c7ed3576de5c@group-EE856C9543A1-LeaderElection45: begin an election at term 40 for -1: [5c3956af-60d3-411f-8c98-c7ed3576de5c:192.168.34.38:33787, efb933de-cdd8-4d8d-88d2-4c7ffe0dec1a:192.168.34.38:42459, 9d88716d-5d6b-4fd8-b832-a110dc45ee66:192.168.34.38:38211], old=null
2019-10-16 21:52:55,883 [grpc-default-executor-1] INFO  impl.RaftServerImpl (RaftServerImpl.java:setRole(184)) - efb933de-cdd8-4d8d-88d2-4c7ffe0dec1a@group-EE856C9543A1: changes role from  FOLLOWER to FOLLOWER at term 40 for recognizeCandidate:5c3956af-60d3-411f-8c98-c7ed3576de5c
2019-10-16 21:52:55,883 [grpc-default-executor-1] INFO  impl.RoleInfo (RoleInfo.java:shutdownFollowerState(121)) - efb933de-cdd8-4d8d-88d2-4c7ffe0dec1a: shutdown FollowerState
2019-10-16 21:52:55,883 [grpc-default-executor-1] INFO  impl.RoleInfo (RoleInfo.java:updateAndGet(143)) - efb933de-cdd8-4d8d-88d2-4c7ffe0dec1a: start FollowerState
2019-10-16 21:52:55,883 [Thread-551] INFO  impl.FollowerState (FollowerState.java:run(117)) - efb933de-cdd8-4d8d-88d2-4c7ffe0dec1a@group-EE856C9543A1-FollowerState was interrupted: java.lang.InterruptedException: sleep interrupted
2019-10-16 21:52:55,883 [grpc-default-executor-0] INFO  impl.RaftServerImpl (RaftServerImpl.java:setRole(184)) - 9d88716d-5d6b-4fd8-b832-a110dc45ee66@group-EE856C9543A1: changes role from  FOLLOWER to FOLLOWER at term 40 for recognizeCandidate:5c3956af-60d3-411f-8c98-c7ed3576de5c
2019-10-16 21:52:55,884 [grpc-default-executor-0] INFO  impl.RoleInfo (RoleInfo.java:shutdownFollowerState(121)) - 9d88716d-5d6b-4fd8-b832-a110dc45ee66: shutdown FollowerState
2019-10-16 21:52:55,884 [grpc-default-executor-0] INFO  impl.RoleInfo (RoleInfo.java:updateAndGet(143)) - 9d88716d-5d6b-4fd8-b832-a110dc45ee66: start FollowerState
2019-10-16 21:52:55,884 [Thread-552] INFO  impl.FollowerState (FollowerState.java:run(117)) - 9d88716d-5d6b-4fd8-b832-a110dc45ee66@group-EE856C9543A1-FollowerState was interrupted: java.lang.InterruptedException: sleep interrupted
2019-10-16 21:52:55,899 [5c3956af-60d3-411f-8c98-c7ed3576de5c@group-EE856C9543A1-LeaderElection45] INFO  impl.LeaderElection (LeaderElection.java:logAndReturn(56)) - 5c3956af-60d3-411f-8c98-c7ed3576de5c@group-EE856C9543A1-LeaderElection45: Election REJECTED; received 2 response(s) [5c3956af-60d3-411f-8c98-c7ed3576de5c<-efb933de-cdd8-4d8d-88d2-4c7ffe0dec1a#0:FAIL-t40, 5c3956af-60d3-411f-8c98-c7ed3576de5c<-9d88716d-5d6b-4fd8-b832-a110dc45ee66#0:FAIL-t40] and 0 exception(s); 5c3956af-60d3-411f-8c98-c7ed3576de5c@group-EE856C9543A1:t40, leader=null, voted=5c3956af-60d3-411f-8c98-c7ed3576de5c, raftlog=5c3956af-60d3-411f-8c98-c7ed3576de5c@group-EE856C9543A1-SegmentedRaftLog:OPENED:c-1,f-1,i0, conf=-1: [5c3956af-60d3-411f-8c98-c7ed3576de5c:192.168.34.38:33787, efb933de-cdd8-4d8d-88d2-4c7ffe0dec1a:192.168.34.38:42459, 9d88716d-5d6b-4fd8-b832-a110dc45ee66:192.168.34.38:38211], old=null
2019-10-16 21:52:55,899 [5c3956af-60d3-411f-8c98-c7ed3576de5c@group-EE856C9543A1-LeaderElection45] INFO  impl.RaftServerImpl (RaftServerImpl.java:setRole(184)) - 5c3956af-60d3-411f-8c98-c7ed3576de5c@group-EE856C9543A1: changes role from CANDIDATE to FOLLOWER at term 40 for DISCOVERED_A_NEW_TERM
2019-10-16 21:52:55,899 [5c3956af-60d3-411f-8c98-c7ed3576de5c@group-EE856C9543A1-LeaderElection45] INFO  impl.RoleInfo (RoleInfo.java:shutdownLeaderElection(134)) - 5c3956af-60d3-411f-8c98-c7ed3576de5c: shutdown LeaderElection
2019-10-16 21:52:55,900 [5c3956af-60d3-411f-8c98-c7ed3576de5c@group-EE856C9543A1-LeaderElection45] INFO  impl.RoleInfo (RoleInfo.java:updateAndGet(143)) - 5c3956af-60d3-411f-8c98-c7ed3576de5c: start FollowerState
2019-10-16 21:52:55,945 [Thread-557] INFO  impl.FollowerState (FollowerState.java:run(108)) - 5c3956af-60d3-411f-8c98-c7ed3576de5c@group-EE856C9543A1-FollowerState: change to CANDIDATE, lastRpcTime:45ms, electionTimeout:45ms
2019-10-16 21:52:55,945 [Thread-557] INFO  impl.RoleInfo (RoleInfo.java:shutdownFollowerState(121)) - 5c3956af-60d3-411f-8c98-c7ed3576de5c: shutdown FollowerState
2019-10-16 21:52:55,945 [Thread-557] INFO  impl.RaftServerImpl (RaftServerImpl.java:setRole(184)) - 5c3956af-60d3-411f-8c98-c7ed3576de5c@group-EE856C9543A1: changes role from  FOLLOWER to CANDIDATE at term 40 for changeToCandidate
2019-10-16 21:52:55,945 [Thread-557] INFO  impl.RoleInfo (RoleInfo.java:updateAndGet(143)) - 5c3956af-60d3-411f-8c98-c7ed3576de5c: start LeaderElection
2019-10-16 21:52:55,959 [5c3956af-60d3-411f-8c98-c7ed3576de5c@group-EE856C9543A1-LeaderElection46] INFO  impl.LeaderElection (LeaderElection.java:askForVotes(178)) - 5c3956af-60d3-411f-8c98-c7ed3576de5c@group-EE856C9543A1-LeaderElection46: begin an election at term 41 for -1: [5c3956af-60d3-411f-8c98-c7ed3576de5c:192.168.34.38:33787, efb933de-cdd8-4d8d-88d2-4c7ffe0dec1a:192.168.34.38:42459, 9d88716d-5d6b-4fd8-b832-a110dc45ee66:192.168.34.38:38211], old=null
2019-10-16 21:52:55,962 [grpc-default-executor-1] INFO  impl.RaftServerImpl (RaftServerImpl.java:setRole(184)) - efb933de-cdd8-4d8d-88d2-4c7ffe0dec1a@group-EE856C9543A1: changes role from  FOLLOWER to FOLLOWER at term 41 for recognizeCandidate:5c3956af-60d3-411f-8c98-c7ed3576de5c
2019-10-16 21:52:55,962 [grpc-default-executor-0] INFO  impl.RaftServerImpl (RaftServerImpl.java:setRole(184)) - 9d88716d-5d6b-4fd8-b832-a110dc45ee66@group-EE856C9543A1: changes role from  FOLLOWER to FOLLOWER at term 41 for recognizeCandidate:5c3956af-60d3-411f-8c98-c7ed3576de5c
2019-10-16 21:52:55,962 [grpc-default-executor-1] INFO  impl.RoleInfo (RoleInfo.java:shutdownFollowerState(121)) - efb933de-cdd8-4d8d-88d2-4c7ffe0dec1a: shutdown FollowerState
2019-10-16 21:52:55,963 [grpc-default-executor-0] INFO  impl.RoleInfo (RoleInfo.java:shutdownFollowerState(121)) - 9d88716d-5d6b-4fd8-b832-a110dc45ee66: shutdown FollowerState
2019-10-16 21:52:55,963 [grpc-default-executor-1] INFO  impl.RoleInfo (RoleInfo.java:updateAndGet(143)) - efb933de-cdd8-4d8d-88d2-4c7ffe0dec1a: start FollowerState
2019-10-16 21:52:55,963 [Thread-555] INFO  impl.FollowerState (FollowerState.java:run(117)) - efb933de-cdd8-4d8d-88d2-4c7ffe0dec1a@group-EE856C9543A1-FollowerState was interrupted: java.lang.InterruptedException: sleep interrupted
2019-10-16 21:52:55,963 [Thread-556] INFO  impl.FollowerState (FollowerState.java:run(117)) - 9d88716d-5d6b-4fd8-b832-a110dc45ee66@group-EE856C9543A1-FollowerState was interrupted: java.lang.InterruptedException: sleep interrupted
2019-10-16 21:52:55,963 [grpc-default-executor-0] INFO  impl.RoleInfo (RoleInfo.java:updateAndGet(143)) - 9d88716d-5d6b-4fd8-b832-a110dc45ee66: start FollowerState
2019-10-16 21:52:55,978 [5c3956af-60d3-411f-8c98-c7ed3576de5c@group-EE856C9543A1-LeaderElection46] INFO  impl.LeaderElection (LeaderElection.java:logAndReturn(56)) - 5c3956af-60d3-411f-8c98-c7ed3576de5c@group-EE856C9543A1-LeaderElection46: Election REJECTED; received 2 response(s) [5c3956af-60d3-411f-8c98-c7ed3576de5c<-efb933de-cdd8-4d8d-88d2-4c7ffe0dec1a#0:FAIL-t41, 5c3956af-60d3-411f-8c98-c7ed3576de5c<-9d88716d-5d6b-4fd8-b832-a110dc45ee66#0:FAIL-t41] and 0 exception(s); 5c3956af-60d3-411f-8c98-c7ed3576de5c@group-EE856C9543A1:t41, leader=null, voted=5c3956af-60d3-411f-8c98-c7ed3576de5c, raftlog=5c3956af-60d3-411f-8c98-c7ed3576de5c@group-EE856C9543A1-SegmentedRaftLog:OPENED:c-1,f-1,i0, conf=-1: [5c3956af-60d3-411f-8c98-c7ed3576de5c:192.168.34.38:33787, efb933de-cdd8-4d8d-88d2-4c7ffe0dec1a:192.168.34.38:42459, 9d88716d-5d6b-4fd8-b832-a110dc45ee66:192.168.34.38:38211], old=null
2019-10-16 21:52:55,979 [5c3956af-60d3-411f-8c98-c7ed3576de5c@group-EE856C9543A1-LeaderElection46] INFO  impl.RaftServerImpl (RaftServerImpl.java:setRole(184)) - 5c3956af-60d3-411f-8c98-c7ed3576de5c@group-EE856C9543A1: changes role from CANDIDATE to FOLLOWER at term 41 for DISCOVERED_A_NEW_TERM
2019-10-16 21:52:55,979 [5c3956af-60d3-411f-8c98-c7ed3576de5c@group-EE856C9543A1-LeaderElection46] INFO  impl.RoleInfo (RoleInfo.java:shutdownLeaderElection(134)) - 5c3956af-60d3-411f-8c98-c7ed3576de5c: shutdown LeaderElection
2019-10-16 21:52:55,979 [5c3956af-60d3-411f-8c98-c7ed3576de5c@group-EE856C9543A1-LeaderElection46] INFO  impl.RoleInfo (RoleInfo.java:updateAndGet(143)) - 5c3956af-60d3-411f-8c98-c7ed3576de5c: start FollowerState
2019-10-16 21:52:56,022 [Thread-563] INFO  impl.FollowerState (FollowerState.java:run(108)) - 5c3956af-60d3-411f-8c98-c7ed3576de5c@group-EE856C9543A1-FollowerState: change to CANDIDATE, lastRpcTime:43ms, electionTimeout:43ms
2019-10-16 21:52:56,022 [Thread-563] INFO  impl.RoleInfo (RoleInfo.java:shutdownFollowerState(121)) - 5c3956af-60d3-411f-8c98-c7ed3576de5c: shutdown FollowerState
2019-10-16 21:52:56,023 [Thread-563] INFO  impl.RaftServerImpl (RaftServerImpl.java:setRole(184)) - 5c3956af-60d3-411f-8c98-c7ed3576de5c@group-EE856C9543A1: changes role from  FOLLOWER to CANDIDATE at term 41 for changeToCandidate
2019-10-16 21:52:56,023 [Thread-563] INFO  impl.RoleInfo (RoleInfo.java:updateAndGet(143)) - 5c3956af-60d3-411f-8c98-c7ed3576de5c: start LeaderElection
2019-10-16 21:52:56,036 [5c3956af-60d3-411f-8c98-c7ed3576de5c@group-EE856C9543A1-LeaderElection47] INFO  impl.LeaderElection (LeaderElection.java:askForVotes(178)) - 5c3956af-60d3-411f-8c98-c7ed3576de5c@group-EE856C9543A1-LeaderElection47: begin an election at term 42 for -1: [5c3956af-60d3-411f-8c98-c7ed3576de5c:192.168.34.38:33787, efb933de-cdd8-4d8d-88d2-4c7ffe0dec1a:192.168.34.38:42459, 9d88716d-5d6b-4fd8-b832-a110dc45ee66:192.168.34.38:38211], old=null
2019-10-16 21:52:56,040 [grpc-default-executor-0] INFO  impl.RaftServerImpl (RaftServerImpl.java:setRole(184)) - 9d88716d-5d6b-4fd8-b832-a110dc45ee66@group-EE856C9543A1: changes role from  FOLLOWER to FOLLOWER at term 42 for recognizeCandidate:5c3956af-60d3-411f-8c98-c7ed3576de5c
2019-10-16 21:52:56,040 [grpc-default-executor-0] INFO  impl.RoleInfo (RoleInfo.java:shutdownFollowerState(121)) - 9d88716d-5d6b-4fd8-b832-a110dc45ee66: shutdown FollowerState
2019-10-16 21:52:56,040 [Thread-562] INFO  impl.FollowerState (FollowerState.java:run(117)) - 9d88716d-5d6b-4fd8-b832-a110dc45ee66@group-EE856C9543A1-FollowerState was interrupted: java.lang.InterruptedException: sleep interrupted
2019-10-16 21:52:56,040 [grpc-default-executor-0] INFO  impl.RoleInfo (RoleInfo.java:updateAndGet(143)) - 9d88716d-5d6b-4fd8-b832-a110dc45ee66: start FollowerState
2019-10-16 21:52:56,040 [grpc-default-executor-1] INFO  impl.RaftServerImpl (RaftServerImpl.java:setRole(184)) - efb933de-cdd8-4d8d-88d2-4c7ffe0dec1a@group-EE856C9543A1: changes role from  FOLLOWER to FOLLOWER at term 42 for recognizeCandidate:5c3956af-60d3-411f-8c98-c7ed3576de5c
2019-10-16 21:52:56,041 [grpc-default-executor-1] INFO  impl.RoleInfo (RoleInfo.java:shutdownFollowerState(121)) - efb933de-cdd8-4d8d-88d2-4c7ffe0dec1a: shutdown FollowerState
2019-10-16 21:52:56,041 [grpc-default-executor-1] INFO  impl.RoleInfo (RoleInfo.java:updateAndGet(143)) - efb933de-cdd8-4d8d-88d2-4c7ffe0dec1a: start FollowerState
2019-10-16 21:52:56,041 [Thread-561] INFO  impl.FollowerState (FollowerState.java:run(117)) - efb933de-cdd8-4d8d-88d2-4c7ffe0dec1a@group-EE856C9543A1-FollowerState was interrupted: java.lang.InterruptedException: sleep interrupted
2019-10-16 21:52:56,056 [5c3956af-60d3-411f-8c98-c7ed3576de5c@group-EE856C9543A1-LeaderElection47] INFO  impl.LeaderElection (LeaderElection.java:logAndReturn(56)) - 5c3956af-60d3-411f-8c98-c7ed3576de5c@group-EE856C9543A1-LeaderElection47: Election REJECTED; received 2 response(s) [5c3956af-60d3-411f-8c98-c7ed3576de5c<-efb933de-cdd8-4d8d-88d2-4c7ffe0dec1a#0:FAIL-t42, 5c3956af-60d3-411f-8c98-c7ed3576de5c<-9d88716d-5d6b-4fd8-b832-a110dc45ee66#0:FAIL-t42] and 0 exception(s); 5c3956af-60d3-411f-8c98-c7ed3576de5c@group-EE856C9543A1:t42, leader=null, voted=5c3956af-60d3-411f-8c98-c7ed3576de5c, raftlog=5c3956af-60d3-411f-8c98-c7ed3576de5c@group-EE856C9543A1-SegmentedRaftLog:OPENED:c-1,f-1,i0, conf=-1: [5c3956af-60d3-411f-8c98-c7ed3576de5c:192.168.34.38:33787, efb933de-cdd8-4d8d-88d2-4c7ffe0dec1a:192.168.34.38:42459, 9d88716d-5d6b-4fd8-b832-a110dc45ee66:192.168.34.38:38211], old=null
2019-10-16 21:52:56,056 [5c3956af-60d3-411f-8c98-c7ed3576de5c@group-EE856C9543A1-LeaderElection47] INFO  impl.RaftServerImpl (RaftServerImpl.java:setRole(184)) - 5c3956af-60d3-411f-8c98-c7ed3576de5c@group-EE856C9543A1: changes role from CANDIDATE to FOLLOWER at term 42 for DISCOVERED_A_NEW_TERM
2019-10-16 21:52:56,056 [5c3956af-60d3-411f-8c98-c7ed3576de5c@group-EE856C9543A1-LeaderElection47] INFO  impl.RoleInfo (RoleInfo.java:shutdownLeaderElection(134)) - 5c3956af-60d3-411f-8c98-c7ed3576de5c: shutdown LeaderElection
2019-10-16 21:52:56,056 [5c3956af-60d3-411f-8c98-c7ed3576de5c@group-EE856C9543A1-LeaderElection47] INFO  impl.RoleInfo (RoleInfo.java:updateAndGet(143)) - 5c3956af-60d3-411f-8c98-c7ed3576de5c: start FollowerState
2019-10-16 21:52:56,236 [Thread-569] INFO  impl.FollowerState (FollowerState.java:run(108)) - 5c3956af-60d3-411f-8c98-c7ed3576de5c@group-EE856C9543A1-FollowerState: change to CANDIDATE, lastRpcTime:179ms, electionTimeout:179ms
2019-10-16 21:52:56,236 [Thread-569] INFO  impl.RoleInfo (RoleInfo.java:shutdownFollowerState(121)) - 5c3956af-60d3-411f-8c98-c7ed3576de5c: shutdown FollowerState
2019-10-16 21:52:56,236 [Thread-569] INFO  impl.RaftServerImpl (RaftServerImpl.java:setRole(184)) - 5c3956af-60d3-411f-8c98-c7ed3576de5c@group-EE856C9543A1: changes role from  FOLLOWER to CANDIDATE at term 42 for changeToCandidate
2019-10-16 21:52:56,236 [Thread-569] INFO  impl.RoleInfo (RoleInfo.java:updateAndGet(143)) - 5c3956af-60d3-411f-8c98-c7ed3576de5c: start LeaderElection
2019-10-16 21:52:56,251 [5c3956af-60d3-411f-8c98-c7ed3576de5c@group-EE856C9543A1-LeaderElection48] INFO  impl.LeaderElection (LeaderElection.java:askForVotes(178)) - 5c3956af-60d3-411f-8c98-c7ed3576de5c@group-EE856C9543A1-LeaderElection48: begin an election at term 43 for -1: [5c3956af-60d3-411f-8c98-c7ed3576de5c:192.168.34.38:33787, efb933de-cdd8-4d8d-88d2-4c7ffe0dec1a:192.168.34.38:42459, 9d88716d-5d6b-4fd8-b832-a110dc45ee66:192.168.34.38:38211], old=null
2019-10-16 21:52:56,255 [grpc-default-executor-1] INFO  impl.RaftServerImpl (RaftServerImpl.java:setRole(184)) - efb933de-cdd8-4d8d-88d2-4c7ffe0dec1a@group-EE856C9543A1: changes role from  FOLLOWER to FOLLOWER at term 43 for recognizeCandidate:5c3956af-60d3-411f-8c98-c7ed3576de5c
2019-10-16 21:52:56,255 [grpc-default-executor-1] INFO  impl.RoleInfo (RoleInfo.java:shutdownFollowerState(121)) - efb933de-cdd8-4d8d-88d2-4c7ffe0dec1a: shutdown FollowerState
2019-10-16 21:52:56,255 [grpc-default-executor-0] INFO  impl.RaftServerImpl (RaftServerImpl.java:setRole(184)) - 9d88716d-5d6b-4fd8-b832-a110dc45ee66@group-EE856C9543A1: changes role from  FOLLOWER to FOLLOWER at term 43 for recognizeCandidate:5c3956af-60d3-411f-8c98-c7ed3576de5c
2019-10-16 21:52:56,255 [Thread-568] INFO  impl.FollowerState (FollowerState.java:run(117)) - efb933de-cdd8-4d8d-88d2-4c7ffe0dec1a@group-EE856C9543A1-FollowerState was interrupted: java.lang.InterruptedException: sleep interrupted
2019-10-16 21:52:56,255 [grpc-default-executor-1] INFO  impl.RoleInfo (RoleInfo.java:updateAndGet(143)) - efb933de-cdd8-4d8d-88d2-4c7ffe0dec1a: start FollowerState
2019-10-16 21:52:56,255 [grpc-default-executor-0] INFO  impl.RoleInfo (RoleInfo.java:shutdownFollowerState(121)) - 9d88716d-5d6b-4fd8-b832-a110dc45ee66: shutdown FollowerState
2019-10-16 21:52:56,256 [grpc-default-executor-0] INFO  impl.RoleInfo (RoleInfo.java:updateAndGet(143)) - 9d88716d-5d6b-4fd8-b832-a110dc45ee66: start FollowerState
2019-10-16 21:52:56,256 [Thread-567] INFO  impl.FollowerState (FollowerState.java:run(117)) - 9d88716d-5d6b-4fd8-b832-a110dc45ee66@group-EE856C9543A1-FollowerState was interrupted: java.lang.InterruptedException: sleep interrupted
2019-10-16 21:52:56,271 [5c3956af-60d3-411f-8c98-c7ed3576de5c@group-EE856C9543A1-LeaderElection48] INFO  impl.LeaderElection (LeaderElection.java:logAndReturn(56)) - 5c3956af-60d3-411f-8c98-c7ed3576de5c@group-EE856C9543A1-LeaderElection48: Election REJECTED; received 2 response(s) [5c3956af-60d3-411f-8c98-c7ed3576de5c<-efb933de-cdd8-4d8d-88d2-4c7ffe0dec1a#0:FAIL-t43, 5c3956af-60d3-411f-8c98-c7ed3576de5c<-9d88716d-5d6b-4fd8-b832-a110dc45ee66#0:FAIL-t43] and 0 exception(s); 5c3956af-60d3-411f-8c98-c7ed3576de5c@group-EE856C9543A1:t43, leader=null, voted=5c3956af-60d3-411f-8c98-c7ed3576de5c, raftlog=5c3956af-60d3-411f-8c98-c7ed3576de5c@group-EE856C9543A1-SegmentedRaftLog:OPENED:c-1,f-1,i0, conf=-1: [5c3956af-60d3-411f-8c98-c7ed3576de5c:192.168.34.38:33787, efb933de-cdd8-4d8d-88d2-4c7ffe0dec1a:192.168.34.38:42459, 9d88716d-5d6b-4fd8-b832-a110dc45ee66:192.168.34.38:38211], old=null
2019-10-16 21:52:56,271 [5c3956af-60d3-411f-8c98-c7ed3576de5c@group-EE856C9543A1-LeaderElection48] INFO  impl.RaftServerImpl (RaftServerImpl.java:setRole(184)) - 5c3956af-60d3-411f-8c98-c7ed3576de5c@group-EE856C9543A1: changes role from CANDIDATE to FOLLOWER at term 43 for DISCOVERED_A_NEW_TERM
2019-10-16 21:52:56,271 [5c3956af-60d3-411f-8c98-c7ed3576de5c@group-EE856C9543A1-LeaderElection48] INFO  impl.RoleInfo (RoleInfo.java:shutdownLeaderElection(134)) - 5c3956af-60d3-411f-8c98-c7ed3576de5c: shutdown LeaderElection
2019-10-16 21:52:56,272 [5c3956af-60d3-411f-8c98-c7ed3576de5c@group-EE856C9543A1-LeaderElection48] INFO  impl.RoleInfo (RoleInfo.java:updateAndGet(143)) - 5c3956af-60d3-411f-8c98-c7ed3576de5c: start FollowerState
2019-10-16 21:52:56,295 [Thread-575] INFO  impl.FollowerState (FollowerState.java:run(108)) - 5c3956af-60d3-411f-8c98-c7ed3576de5c@group-EE856C9543A1-FollowerState: change to CANDIDATE, lastRpcTime:23ms, electionTimeout:23ms
2019-10-16 21:52:56,295 [Thread-575] INFO  impl.RoleInfo (RoleInfo.java:shutdownFollowerState(121)) - 5c3956af-60d3-411f-8c98-c7ed3576de5c: shutdown FollowerState
2019-10-16 21:52:56,295 [Thread-575] INFO  impl.RaftServerImpl (RaftServerImpl.java:setRole(184)) - 5c3956af-60d3-411f-8c98-c7ed3576de5c@group-EE856C9543A1: changes role from  FOLLOWER to CANDIDATE at term 43 for changeToCandidate
2019-10-16 21:52:56,295 [Thread-575] INFO  impl.RoleInfo (RoleInfo.java:updateAndGet(143)) - 5c3956af-60d3-411f-8c98-c7ed3576de5c: start LeaderElection
2019-10-16 21:52:56,309 [5c3956af-60d3-411f-8c98-c7ed3576de5c@group-EE856C9543A1-LeaderElection49] INFO  impl.LeaderElection (LeaderElection.java:askForVotes(178)) - 5c3956af-60d3-411f-8c98-c7ed3576de5c@group-EE856C9543A1-LeaderElection49: begin an election at term 44 for -1: [5c3956af-60d3-411f-8c98-c7ed3576de5c:192.168.34.38:33787, efb933de-cdd8-4d8d-88d2-4c7ffe0dec1a:192.168.34.38:42459, 9d88716d-5d6b-4fd8-b832-a110dc45ee66:192.168.34.38:38211], old=null
2019-10-16 21:52:56,312 [grpc-default-executor-1] INFO  impl.RaftServerImpl (RaftServerImpl.java:setRole(184)) - 9d88716d-5d6b-4fd8-b832-a110dc45ee66@group-EE856C9543A1: changes role from  FOLLOWER to FOLLOWER at term 44 for recognizeCandidate:5c3956af-60d3-411f-8c98-c7ed3576de5c
2019-10-16 21:52:56,312 [grpc-default-executor-0] INFO  impl.RaftServerImpl (RaftServerImpl.java:setRole(184)) - efb933de-cdd8-4d8d-88d2-4c7ffe0dec1a@group-EE856C9543A1: changes role from  FOLLOWER to FOLLOWER at term 44 for recognizeCandidate:5c3956af-60d3-411f-8c98-c7ed3576de5c
2019-10-16 21:52:56,313 [grpc-default-executor-1] INFO  impl.RoleInfo (RoleInfo.java:shutdownFollowerState(121)) - 9d88716d-5d6b-4fd8-b832-a110dc45ee66: shutdown FollowerState
2019-10-16 21:52:56,313 [grpc-default-executor-0] INFO  impl.RoleInfo (RoleInfo.java:shutdownFollowerState(121)) - efb933de-cdd8-4d8d-88d2-4c7ffe0dec1a: shutdown FollowerState
2019-10-16 21:52:56,313 [Thread-574] INFO  impl.FollowerState (FollowerState.java:run(117)) - 9d88716d-5d6b-4fd8-b832-a110dc45ee66@group-EE856C9543A1-FollowerState was interrupted: java.lang.InterruptedException: sleep interrupted
2019-10-16 21:52:56,313 [grpc-default-executor-1] INFO  impl.RoleInfo (RoleInfo.java:updateAndGet(143)) - 9d88716d-5d6b-4fd8-b832-a110dc45ee66: start FollowerState
2019-10-16 21:52:56,313 [Thread-573] INFO  impl.FollowerState (FollowerState.java:run(117)) - efb933de-cdd8-4d8d-88d2-4c7ffe0dec1a@group-EE856C9543A1-FollowerState was interrupted: java.lang.InterruptedException: sleep interrupted
2019-10-16 21:52:56,313 [grpc-default-executor-0] INFO  impl.RoleInfo (RoleInfo.java:updateAndGet(143)) - efb933de-cdd8-4d8d-88d2-4c7ffe0dec1a: start FollowerState
2019-10-16 21:52:56,327 [5c3956af-60d3-411f-8c98-c7ed3576de5c@group-EE856C9543A1-LeaderElection49] INFO  impl.LeaderElection (LeaderElection.java:logAndReturn(56)) - 5c3956af-60d3-411f-8c98-c7ed3576de5c@group-EE856C9543A1-LeaderElection49: Election REJECTED; received 2 response(s) [5c3956af-60d3-411f-8c98-c7ed3576de5c<-efb933de-cdd8-4d8d-88d2-4c7ffe0dec1a#0:FAIL-t44, 5c3956af-60d3-411f-8c98-c7ed3576de5c<-9d88716d-5d6b-4fd8-b832-a110dc45ee66#0:FAIL-t44] and 0 exception(s); 5c3956af-60d3-411f-8c98-c7ed3576de5c@group-EE856C9543A1:t44, leader=null, voted=5c3956af-60d3-411f-8c98-c7ed3576de5c, raftlog=5c3956af-60d3-411f-8c98-c7ed3576de5c@group-EE856C9543A1-SegmentedRaftLog:OPENED:c-1,f-1,i0, conf=-1: [5c3956af-60d3-411f-8c98-c7ed3576de5c:192.168.34.38:33787, efb933de-cdd8-4d8d-88d2-4c7ffe0dec1a:192.168.34.38:42459, 9d88716d-5d6b-4fd8-b832-a110dc45ee66:192.168.34.38:38211], old=null
2019-10-16 21:52:56,327 [5c3956af-60d3-411f-8c98-c7ed3576de5c@group-EE856C9543A1-LeaderElection49] INFO  impl.RaftServerImpl (RaftServerImpl.java:setRole(184)) - 5c3956af-60d3-411f-8c98-c7ed3576de5c@group-EE856C9543A1: changes role from CANDIDATE to FOLLOWER at term 44 for DISCOVERED_A_NEW_TERM
2019-10-16 21:52:56,327 [5c3956af-60d3-411f-8c98-c7ed3576de5c@group-EE856C9543A1-LeaderElection49] INFO  impl.RoleInfo (RoleInfo.java:shutdownLeaderElection(134)) - 5c3956af-60d3-411f-8c98-c7ed3576de5c: shutdown LeaderElection
2019-10-16 21:52:56,328 [5c3956af-60d3-411f-8c98-c7ed3576de5c@group-EE856C9543A1-LeaderElection49] INFO  impl.RoleInfo (RoleInfo.java:updateAndGet(143)) - 5c3956af-60d3-411f-8c98-c7ed3576de5c: start FollowerState
2019-10-16 21:52:56,349 [Thread-581] INFO  impl.FollowerState (FollowerState.java:run(108)) - 5c3956af-60d3-411f-8c98-c7ed3576de5c@group-EE856C9543A1-FollowerState: change to CANDIDATE, lastRpcTime:21ms, electionTimeout:21ms
2019-10-16 21:52:56,349 [Thread-581] INFO  impl.RoleInfo (RoleInfo.java:shutdownFollowerState(121)) - 5c3956af-60d3-411f-8c98-c7ed3576de5c: shutdown FollowerState
2019-10-16 21:52:56,349 [Thread-581] INFO  impl.RaftServerImpl (RaftServerImpl.java:setRole(184)) - 5c3956af-60d3-411f-8c98-c7ed3576de5c@group-EE856C9543A1: changes role from  FOLLOWER to CANDIDATE at term 44 for changeToCandidate
2019-10-16 21:52:56,349 [Thread-581] INFO  impl.RoleInfo (RoleInfo.java:updateAndGet(143)) - 5c3956af-60d3-411f-8c98-c7ed3576de5c: start LeaderElection
2019-10-16 21:52:56,363 [5c3956af-60d3-411f-8c98-c7ed3576de5c@group-EE856C9543A1-LeaderElection50] INFO  impl.LeaderElection (LeaderElection.java:askForVotes(178)) - 5c3956af-60d3-411f-8c98-c7ed3576de5c@group-EE856C9543A1-LeaderElection50: begin an election at term 45 for -1: [5c3956af-60d3-411f-8c98-c7ed3576de5c:192.168.34.38:33787, efb933de-cdd8-4d8d-88d2-4c7ffe0dec1a:192.168.34.38:42459, 9d88716d-5d6b-4fd8-b832-a110dc45ee66:192.168.34.38:38211], old=null
2019-10-16 21:52:56,367 [grpc-default-executor-1] INFO  impl.RaftServerImpl (RaftServerImpl.java:setRole(184)) - 9d88716d-5d6b-4fd8-b832-a110dc45ee66@group-EE856C9543A1: changes role from  FOLLOWER to FOLLOWER at term 45 for recognizeCandidate:5c3956af-60d3-411f-8c98-c7ed3576de5c
2019-10-16 21:52:56,367 [grpc-default-executor-0] INFO  impl.RaftServerImpl (RaftServerImpl.java:setRole(184)) - efb933de-cdd8-4d8d-88d2-4c7ffe0dec1a@group-EE856C9543A1: changes role from  FOLLOWER to FOLLOWER at term 45 for recognizeCandidate:5c3956af-60d3-411f-8c98-c7ed3576de5c
2019-10-16 21:52:56,367 [grpc-default-executor-1] INFO  impl.RoleInfo (RoleInfo.java:shutdownFollowerState(121)) - 9d88716d-5d6b-4fd8-b832-a110dc45ee66: shutdown FollowerState
2019-10-16 21:52:56,367 [grpc-default-executor-0] INFO  impl.RoleInfo (RoleInfo.java:shutdownFollowerState(121)) - efb933de-cdd8-4d8d-88d2-4c7ffe0dec1a: shutdown FollowerState
2019-10-16 21:52:56,367 [Thread-579] INFO  impl.FollowerState (FollowerState.java:run(117)) - 9d88716d-5d6b-4fd8-b832-a110dc45ee66@group-EE856C9543A1-FollowerState was interrupted: java.lang.InterruptedException: sleep interrupted
2019-10-16 21:52:56,367 [grpc-default-executor-1] INFO  impl.RoleInfo (RoleInfo.java:updateAndGet(143)) - 9d88716d-5d6b-4fd8-b832-a110dc45ee66: start FollowerState
2019-10-16 21:52:56,368 [grpc-default-executor-0] INFO  impl.RoleInfo (RoleInfo.java:updateAndGet(143)) - efb933de-cdd8-4d8d-88d2-4c7ffe0dec1a: start FollowerState
2019-10-16 21:52:56,368 [Thread-580] INFO  impl.FollowerState (FollowerState.java:run(117)) - efb933de-cdd8-4d8d-88d2-4c7ffe0dec1a@group-EE856C9543A1-FollowerState was interrupted: java.lang.InterruptedException: sleep interrupted
2019-10-16 21:52:56,384 [5c3956af-60d3-411f-8c98-c7ed3576de5c@group-EE856C9543A1-LeaderElection50] INFO  impl.LeaderElection (LeaderElection.java:logAndReturn(56)) - 5c3956af-60d3-411f-8c98-c7ed3576de5c@group-EE856C9543A1-LeaderElection50: Election REJECTED; received 2 response(s) [5c3956af-60d3-411f-8c98-c7ed3576de5c<-efb933de-cdd8-4d8d-88d2-4c7ffe0dec1a#0:FAIL-t45, 5c3956af-60d3-411f-8c98-c7ed3576de5c<-9d88716d-5d6b-4fd8-b832-a110dc45ee66#0:FAIL-t45] and 0 exception(s); 5c3956af-60d3-411f-8c98-c7ed3576de5c@group-EE856C9543A1:t45, leader=null, voted=5c3956af-60d3-411f-8c98-c7ed3576de5c, raftlog=5c3956af-60d3-411f-8c98-c7ed3576de5c@group-EE856C9543A1-SegmentedRaftLog:OPENED:c-1,f-1,i0, conf=-1: [5c3956af-60d3-411f-8c98-c7ed3576de5c:192.168.34.38:33787, efb933de-cdd8-4d8d-88d2-4c7ffe0dec1a:192.168.34.38:42459, 9d88716d-5d6b-4fd8-b832-a110dc45ee66:192.168.34.38:38211], old=null
2019-10-16 21:52:56,385 [5c3956af-60d3-411f-8c98-c7ed3576de5c@group-EE856C9543A1-LeaderElection50] INFO  impl.RaftServerImpl (RaftServerImpl.java:setRole(184)) - 5c3956af-60d3-411f-8c98-c7ed3576de5c@group-EE856C9543A1: changes role from CANDIDATE to FOLLOWER at term 45 for DISCOVERED_A_NEW_TERM
2019-10-16 21:52:56,385 [5c3956af-60d3-411f-8c98-c7ed3576de5c@group-EE856C9543A1-LeaderElection50] INFO  impl.RoleInfo (RoleInfo.java:shutdownLeaderElection(134)) - 5c3956af-60d3-411f-8c98-c7ed3576de5c: shutdown LeaderElection
2019-10-16 21:52:56,385 [5c3956af-60d3-411f-8c98-c7ed3576de5c@group-EE856C9543A1-LeaderElection50] INFO  impl.RoleInfo (RoleInfo.java:updateAndGet(143)) - 5c3956af-60d3-411f-8c98-c7ed3576de5c: start FollowerState
2019-10-16 21:52:56,393 [JUnit] INFO  ozone.MiniOzoneClusterImpl (MiniOzoneClusterImpl.java:lambda$waitForClusterToBeReady$2(164)) - Waiting for 1 number of pipelines out of 6, to report a leader.
2019-10-16 21:52:56,505 [Thread-587] INFO  impl.FollowerState (FollowerState.java:run(108)) - 5c3956af-60d3-411f-8c98-c7ed3576de5c@group-EE856C9543A1-FollowerState: change to CANDIDATE, lastRpcTime:120ms, electionTimeout:120ms
2019-10-16 21:52:56,506 [Thread-587] INFO  impl.RoleInfo (RoleInfo.java:shutdownFollowerState(121)) - 5c3956af-60d3-411f-8c98-c7ed3576de5c: shutdown FollowerState
2019-10-16 21:52:56,506 [Thread-587] INFO  impl.RaftServerImpl (RaftServerImpl.java:setRole(184)) - 5c3956af-60d3-411f-8c98-c7ed3576de5c@group-EE856C9543A1: changes role from  FOLLOWER to CANDIDATE at term 45 for changeToCandidate
2019-10-16 21:52:56,506 [Thread-587] INFO  impl.RoleInfo (RoleInfo.java:updateAndGet(143)) - 5c3956af-60d3-411f-8c98-c7ed3576de5c: start LeaderElection
2019-10-16 21:52:56,520 [5c3956af-60d3-411f-8c98-c7ed3576de5c@group-EE856C9543A1-LeaderElection51] INFO  impl.LeaderElection (LeaderElection.java:askForVotes(178)) - 5c3956af-60d3-411f-8c98-c7ed3576de5c@group-EE856C9543A1-LeaderElection51: begin an election at term 46 for -1: [5c3956af-60d3-411f-8c98-c7ed3576de5c:192.168.34.38:33787, efb933de-cdd8-4d8d-88d2-4c7ffe0dec1a:192.168.34.38:42459, 9d88716d-5d6b-4fd8-b832-a110dc45ee66:192.168.34.38:38211], old=null
2019-10-16 21:52:56,524 [grpc-default-executor-1] INFO  impl.RaftServerImpl (RaftServerImpl.java:setRole(184)) - 9d88716d-5d6b-4fd8-b832-a110dc45ee66@group-EE856C9543A1: changes role from  FOLLOWER to FOLLOWER at term 46 for recognizeCandidate:5c3956af-60d3-411f-8c98-c7ed3576de5c
2019-10-16 21:52:56,524 [grpc-default-executor-0] INFO  impl.RaftServerImpl (RaftServerImpl.java:setRole(184)) - efb933de-cdd8-4d8d-88d2-4c7ffe0dec1a@group-EE856C9543A1: changes role from  FOLLOWER to FOLLOWER at term 46 for recognizeCandidate:5c3956af-60d3-411f-8c98-c7ed3576de5c
2019-10-16 21:52:56,524 [grpc-default-executor-1] INFO  impl.RoleInfo (RoleInfo.java:shutdownFollowerState(121)) - 9d88716d-5d6b-4fd8-b832-a110dc45ee66: shutdown FollowerState
2019-10-16 21:52:56,524 [grpc-default-executor-0] INFO  impl.RoleInfo (RoleInfo.java:shutdownFollowerState(121)) - efb933de-cdd8-4d8d-88d2-4c7ffe0dec1a: shutdown FollowerState
2019-10-16 21:52:56,524 [Thread-585] INFO  impl.FollowerState (FollowerState.java:run(117)) - 9d88716d-5d6b-4fd8-b832-a110dc45ee66@group-EE856C9543A1-FollowerState was interrupted: java.lang.InterruptedException: sleep interrupted
2019-10-16 21:52:56,524 [grpc-default-executor-1] INFO  impl.RoleInfo (RoleInfo.java:updateAndGet(143)) - 9d88716d-5d6b-4fd8-b832-a110dc45ee66: start FollowerState
2019-10-16 21:52:56,524 [Thread-586] INFO  impl.FollowerState (FollowerState.java:run(117)) - efb933de-cdd8-4d8d-88d2-4c7ffe0dec1a@group-EE856C9543A1-FollowerState was interrupted: java.lang.InterruptedException: sleep interrupted
2019-10-16 21:52:56,524 [grpc-default-executor-0] INFO  impl.RoleInfo (RoleInfo.java:updateAndGet(143)) - efb933de-cdd8-4d8d-88d2-4c7ffe0dec1a: start FollowerState
2019-10-16 21:52:56,540 [5c3956af-60d3-411f-8c98-c7ed3576de5c@group-EE856C9543A1-LeaderElection51] INFO  impl.LeaderElection (LeaderElection.java:logAndReturn(56)) - 5c3956af-60d3-411f-8c98-c7ed3576de5c@group-EE856C9543A1-LeaderElection51: Election REJECTED; received 2 response(s) [5c3956af-60d3-411f-8c98-c7ed3576de5c<-efb933de-cdd8-4d8d-88d2-4c7ffe0dec1a#0:FAIL-t46, 5c3956af-60d3-411f-8c98-c7ed3576de5c<-9d88716d-5d6b-4fd8-b832-a110dc45ee66#0:FAIL-t46] and 0 exception(s); 5c3956af-60d3-411f-8c98-c7ed3576de5c@group-EE856C9543A1:t46, leader=null, voted=5c3956af-60d3-411f-8c98-c7ed3576de5c, raftlog=5c3956af-60d3-411f-8c98-c7ed3576de5c@group-EE856C9543A1-SegmentedRaftLog:OPENED:c-1,f-1,i0, conf=-1: [5c3956af-60d3-411f-8c98-c7ed3576de5c:192.168.34.38:33787, efb933de-cdd8-4d8d-88d2-4c7ffe0dec1a:192.168.34.38:42459, 9d88716d-5d6b-4fd8-b832-a110dc45ee66:192.168.34.38:38211], old=null
2019-10-16 21:52:56,540 [5c3956af-60d3-411f-8c98-c7ed3576de5c@group-EE856C9543A1-LeaderElection51] INFO  impl.RaftServerImpl (RaftServerImpl.java:setRole(184)) - 5c3956af-60d3-411f-8c98-c7ed3576de5c@group-EE856C9543A1: changes role from CANDIDATE to FOLLOWER at term 46 for DISCOVERED_A_NEW_TERM
2019-10-16 21:52:56,540 [5c3956af-60d3-411f-8c98-c7ed3576de5c@group-EE856C9543A1-LeaderElection51] INFO  impl.RoleInfo (RoleInfo.java:shutdownLeaderElection(134)) - 5c3956af-60d3-411f-8c98-c7ed3576de5c: shutdown LeaderElection
2019-10-16 21:52:56,541 [5c3956af-60d3-411f-8c98-c7ed3576de5c@group-EE856C9543A1-LeaderElection51] INFO  impl.RoleInfo (RoleInfo.java:updateAndGet(143)) - 5c3956af-60d3-411f-8c98-c7ed3576de5c: start FollowerState
2019-10-16 21:52:56,661 [Thread-593] INFO  impl.FollowerState (FollowerState.java:run(108)) - 5c3956af-60d3-411f-8c98-c7ed3576de5c@group-EE856C9543A1-FollowerState: change to CANDIDATE, lastRpcTime:120ms, electionTimeout:120ms
2019-10-16 21:52:56,661 [Thread-593] INFO  impl.RoleInfo (RoleInfo.java:shutdownFollowerState(121)) - 5c3956af-60d3-411f-8c98-c7ed3576de5c: shutdown FollowerState
2019-10-16 21:52:56,661 [Thread-593] INFO  impl.RaftServerImpl (RaftServerImpl.java:setRole(184)) - 5c3956af-60d3-411f-8c98-c7ed3576de5c@group-EE856C9543A1: changes role from  FOLLOWER to CANDIDATE at term 46 for changeToCandidate
2019-10-16 21:52:56,662 [Thread-593] INFO  impl.RoleInfo (RoleInfo.java:updateAndGet(143)) - 5c3956af-60d3-411f-8c98-c7ed3576de5c: start LeaderElection
2019-10-16 21:52:56,675 [5c3956af-60d3-411f-8c98-c7ed3576de5c@group-EE856C9543A1-LeaderElection52] INFO  impl.LeaderElection (LeaderElection.java:askForVotes(178)) - 5c3956af-60d3-411f-8c98-c7ed3576de5c@group-EE856C9543A1-LeaderElection52: begin an election at term 47 for -1: [5c3956af-60d3-411f-8c98-c7ed3576de5c:192.168.34.38:33787, efb933de-cdd8-4d8d-88d2-4c7ffe0dec1a:192.168.34.38:42459, 9d88716d-5d6b-4fd8-b832-a110dc45ee66:192.168.34.38:38211], old=null
2019-10-16 21:52:56,678 [5c3956af-60d3-411f-8c98-c7ed3576de5c@group-EE856C9543A1-LeaderElection52] INFO  impl.LeaderElection (LeaderElection.java:logAndReturn(56)) - 5c3956af-60d3-411f-8c98-c7ed3576de5c@group-EE856C9543A1-LeaderElection52: Election TIMEOUT; received 0 response(s) [] and 0 exception(s); 5c3956af-60d3-411f-8c98-c7ed3576de5c@group-EE856C9543A1:t47, leader=null, voted=5c3956af-60d3-411f-8c98-c7ed3576de5c, raftlog=5c3956af-60d3-411f-8c98-c7ed3576de5c@group-EE856C9543A1-SegmentedRaftLog:OPENED:c-1,f-1,i0, conf=-1: [5c3956af-60d3-411f-8c98-c7ed3576de5c:192.168.34.38:33787, efb933de-cdd8-4d8d-88d2-4c7ffe0dec1a:192.168.34.38:42459, 9d88716d-5d6b-4fd8-b832-a110dc45ee66:192.168.34.38:38211], old=null
2019-10-16 21:52:56,679 [grpc-default-executor-1] INFO  impl.RaftServerImpl (RaftServerImpl.java:setRole(184)) - 9d88716d-5d6b-4fd8-b832-a110dc45ee66@group-EE856C9543A1: changes role from  FOLLOWER to FOLLOWER at term 47 for recognizeCandidate:5c3956af-60d3-411f-8c98-c7ed3576de5c
2019-10-16 21:52:56,679 [grpc-default-executor-1] INFO  impl.RoleInfo (RoleInfo.java:shutdownFollowerState(121)) - 9d88716d-5d6b-4fd8-b832-a110dc45ee66: shutdown FollowerState
2019-10-16 21:52:56,679 [grpc-default-executor-0] INFO  impl.RaftServerImpl (RaftServerImpl.java:setRole(184)) - efb933de-cdd8-4d8d-88d2-4c7ffe0dec1a@group-EE856C9543A1: changes role from  FOLLOWER to FOLLOWER at term 47 for recognizeCandidate:5c3956af-60d3-411f-8c98-c7ed3576de5c
2019-10-16 21:52:56,679 [Thread-591] INFO  impl.FollowerState (FollowerState.java:run(117)) - 9d88716d-5d6b-4fd8-b832-a110dc45ee66@group-EE856C9543A1-FollowerState was interrupted: java.lang.InterruptedException: sleep interrupted
2019-10-16 21:52:56,679 [grpc-default-executor-1] INFO  impl.RoleInfo (RoleInfo.java:updateAndGet(143)) - 9d88716d-5d6b-4fd8-b832-a110dc45ee66: start FollowerState
2019-10-16 21:52:56,679 [grpc-default-executor-0] INFO  impl.RoleInfo (RoleInfo.java:shutdownFollowerState(121)) - efb933de-cdd8-4d8d-88d2-4c7ffe0dec1a: shutdown FollowerState
2019-10-16 21:52:56,680 [grpc-default-executor-0] INFO  impl.RoleInfo (RoleInfo.java:updateAndGet(143)) - efb933de-cdd8-4d8d-88d2-4c7ffe0dec1a: start FollowerState
2019-10-16 21:52:56,680 [Thread-592] INFO  impl.FollowerState (FollowerState.java:run(117)) - efb933de-cdd8-4d8d-88d2-4c7ffe0dec1a@group-EE856C9543A1-FollowerState was interrupted: java.lang.InterruptedException: sleep interrupted
2019-10-16 21:52:56,692 [5c3956af-60d3-411f-8c98-c7ed3576de5c@group-EE856C9543A1-LeaderElection52] INFO  impl.LeaderElection (LeaderElection.java:askForVotes(178)) - 5c3956af-60d3-411f-8c98-c7ed3576de5c@group-EE856C9543A1-LeaderElection52: begin an election at term 48 for -1: [5c3956af-60d3-411f-8c98-c7ed3576de5c:192.168.34.38:33787, efb933de-cdd8-4d8d-88d2-4c7ffe0dec1a:192.168.34.38:42459, 9d88716d-5d6b-4fd8-b832-a110dc45ee66:192.168.34.38:38211], old=null
2019-10-16 21:52:56,692 [5c3956af-60d3-411f-8c98-c7ed3576de5c@group-EE856C9543A1-LeaderElection52] INFO  impl.LeaderElection (LeaderElection.java:logAndReturn(56)) - 5c3956af-60d3-411f-8c98-c7ed3576de5c@group-EE856C9543A1-LeaderElection52: Election TIMEOUT; received 0 response(s) [] and 0 exception(s); 5c3956af-60d3-411f-8c98-c7ed3576de5c@group-EE856C9543A1:t48, leader=null, voted=5c3956af-60d3-411f-8c98-c7ed3576de5c, raftlog=5c3956af-60d3-411f-8c98-c7ed3576de5c@group-EE856C9543A1-SegmentedRaftLog:OPENED:c-1,f-1,i0, conf=-1: [5c3956af-60d3-411f-8c98-c7ed3576de5c:192.168.34.38:33787, efb933de-cdd8-4d8d-88d2-4c7ffe0dec1a:192.168.34.38:42459, 9d88716d-5d6b-4fd8-b832-a110dc45ee66:192.168.34.38:38211], old=null
2019-10-16 21:52:56,694 [grpc-default-executor-1] INFO  impl.RaftServerImpl (RaftServerImpl.java:setRole(184)) - efb933de-cdd8-4d8d-88d2-4c7ffe0dec1a@group-EE856C9543A1: changes role from  FOLLOWER to FOLLOWER at term 48 for recognizeCandidate:5c3956af-60d3-411f-8c98-c7ed3576de5c
2019-10-16 21:52:56,694 [grpc-default-executor-0] INFO  impl.RaftServerImpl (RaftServerImpl.java:setRole(184)) - 9d88716d-5d6b-4fd8-b832-a110dc45ee66@group-EE856C9543A1: changes role from  FOLLOWER to FOLLOWER at term 48 for recognizeCandidate:5c3956af-60d3-411f-8c98-c7ed3576de5c
2019-10-16 21:52:56,694 [grpc-default-executor-1] INFO  impl.RoleInfo (RoleInfo.java:shutdownFollowerState(121)) - efb933de-cdd8-4d8d-88d2-4c7ffe0dec1a: shutdown FollowerState
2019-10-16 21:52:56,694 [grpc-default-executor-0] INFO  impl.RoleInfo (RoleInfo.java:shutdownFollowerState(121)) - 9d88716d-5d6b-4fd8-b832-a110dc45ee66: shutdown FollowerState
2019-10-16 21:52:56,695 [Thread-598] INFO  impl.FollowerState (FollowerState.java:run(117)) - efb933de-cdd8-4d8d-88d2-4c7ffe0dec1a@group-EE856C9543A1-FollowerState was interrupted: java.lang.InterruptedException: sleep interrupted
2019-10-16 21:52:56,695 [Thread-597] INFO  impl.FollowerState (FollowerState.java:run(117)) - 9d88716d-5d6b-4fd8-b832-a110dc45ee66@group-EE856C9543A1-FollowerState was interrupted: java.lang.InterruptedException: sleep interrupted
2019-10-16 21:52:56,695 [grpc-default-executor-1] INFO  impl.RoleInfo (RoleInfo.java:updateAndGet(143)) - efb933de-cdd8-4d8d-88d2-4c7ffe0dec1a: start FollowerState
2019-10-16 21:52:56,695 [grpc-default-executor-0] INFO  impl.RoleInfo (RoleInfo.java:updateAndGet(143)) - 9d88716d-5d6b-4fd8-b832-a110dc45ee66: start FollowerState
2019-10-16 21:52:56,706 [5c3956af-60d3-411f-8c98-c7ed3576de5c@group-EE856C9543A1-LeaderElection52] INFO  impl.LeaderElection (LeaderElection.java:askForVotes(178)) - 5c3956af-60d3-411f-8c98-c7ed3576de5c@group-EE856C9543A1-LeaderElection52: begin an election at term 49 for -1: [5c3956af-60d3-411f-8c98-c7ed3576de5c:192.168.34.38:33787, efb933de-cdd8-4d8d-88d2-4c7ffe0dec1a:192.168.34.38:42459, 9d88716d-5d6b-4fd8-b832-a110dc45ee66:192.168.34.38:38211], old=null
2019-10-16 21:52:56,708 [grpc-default-executor-1] INFO  impl.RaftServerImpl (RaftServerImpl.java:setRole(184)) - efb933de-cdd8-4d8d-88d2-4c7ffe0dec1a@group-EE856C9543A1: changes role from  FOLLOWER to FOLLOWER at term 49 for recognizeCandidate:5c3956af-60d3-411f-8c98-c7ed3576de5c
2019-10-16 21:52:56,708 [grpc-default-executor-0] INFO  impl.RaftServerImpl (RaftServerImpl.java:setRole(184)) - 9d88716d-5d6b-4fd8-b832-a110dc45ee66@group-EE856C9543A1: changes role from  FOLLOWER to FOLLOWER at term 49 for recognizeCandidate:5c3956af-60d3-411f-8c98-c7ed3576de5c
2019-10-16 21:52:56,708 [grpc-default-executor-1] INFO  impl.RoleInfo (RoleInfo.java:shutdownFollowerState(121)) - efb933de-cdd8-4d8d-88d2-4c7ffe0dec1a: shutdown FollowerState
2019-10-16 21:52:56,708 [grpc-default-executor-0] INFO  impl.RoleInfo (RoleInfo.java:shutdownFollowerState(121)) - 9d88716d-5d6b-4fd8-b832-a110dc45ee66: shutdown FollowerState
2019-10-16 21:52:56,709 [grpc-default-executor-1] INFO  impl.RoleInfo (RoleInfo.java:updateAndGet(143)) - efb933de-cdd8-4d8d-88d2-4c7ffe0dec1a: start FollowerState
2019-10-16 21:52:56,709 [Thread-602] INFO  impl.FollowerState (FollowerState.java:run(117)) - 9d88716d-5d6b-4fd8-b832-a110dc45ee66@group-EE856C9543A1-FollowerState was interrupted: java.lang.InterruptedException: sleep interrupted
2019-10-16 21:52:56,709 [Thread-601] INFO  impl.FollowerState (FollowerState.java:run(117)) - efb933de-cdd8-4d8d-88d2-4c7ffe0dec1a@group-EE856C9543A1-FollowerState was interrupted: java.lang.InterruptedException: sleep interrupted
2019-10-16 21:52:56,709 [grpc-default-executor-0] INFO  impl.RoleInfo (RoleInfo.java:updateAndGet(143)) - 9d88716d-5d6b-4fd8-b832-a110dc45ee66: start FollowerState
2019-10-16 21:52:56,723 [5c3956af-60d3-411f-8c98-c7ed3576de5c@group-EE856C9543A1-LeaderElection52] INFO  impl.LeaderElection (LeaderElection.java:logAndReturn(56)) - 5c3956af-60d3-411f-8c98-c7ed3576de5c@group-EE856C9543A1-LeaderElection52: Election REJECTED; received 2 response(s) [5c3956af-60d3-411f-8c98-c7ed3576de5c<-efb933de-cdd8-4d8d-88d2-4c7ffe0dec1a#0:FAIL-t49, 5c3956af-60d3-411f-8c98-c7ed3576de5c<-9d88716d-5d6b-4fd8-b832-a110dc45ee66#0:FAIL-t49] and 0 exception(s); 5c3956af-60d3-411f-8c98-c7ed3576de5c@group-EE856C9543A1:t49, leader=null, voted=5c3956af-60d3-411f-8c98-c7ed3576de5c, raftlog=5c3956af-60d3-411f-8c98-c7ed3576de5c@group-EE856C9543A1-SegmentedRaftLog:OPENED:c-1,f-1,i0, conf=-1: [5c3956af-60d3-411f-8c98-c7ed3576de5c:192.168.34.38:33787, efb933de-cdd8-4d8d-88d2-4c7ffe0dec1a:192.168.34.38:42459, 9d88716d-5d6b-4fd8-b832-a110dc45ee66:192.168.34.38:38211], old=null
2019-10-16 21:52:56,724 [5c3956af-60d3-411f-8c98-c7ed3576de5c@group-EE856C9543A1-LeaderElection52] INFO  impl.RaftServerImpl (RaftServerImpl.java:setRole(184)) - 5c3956af-60d3-411f-8c98-c7ed3576de5c@group-EE856C9543A1: changes role from CANDIDATE to FOLLOWER at term 49 for DISCOVERED_A_NEW_TERM
2019-10-16 21:52:56,724 [5c3956af-60d3-411f-8c98-c7ed3576de5c@group-EE856C9543A1-LeaderElection52] INFO  impl.RoleInfo (RoleInfo.java:shutdownLeaderElection(134)) - 5c3956af-60d3-411f-8c98-c7ed3576de5c: shutdown LeaderElection
2019-10-16 21:52:56,724 [5c3956af-60d3-411f-8c98-c7ed3576de5c@group-EE856C9543A1-LeaderElection52] INFO  impl.RoleInfo (RoleInfo.java:updateAndGet(143)) - 5c3956af-60d3-411f-8c98-c7ed3576de5c: start FollowerState
2019-10-16 21:52:56,870 [Thread-607] INFO  impl.FollowerState (FollowerState.java:run(108)) - 5c3956af-60d3-411f-8c98-c7ed3576de5c@group-EE856C9543A1-FollowerState: change to CANDIDATE, lastRpcTime:146ms, electionTimeout:146ms
2019-10-16 21:52:56,870 [Thread-607] INFO  impl.RoleInfo (RoleInfo.java:shutdownFollowerState(121)) - 5c3956af-60d3-411f-8c98-c7ed3576de5c: shutdown FollowerState
2019-10-16 21:52:56,871 [Thread-607] INFO  impl.RaftServerImpl (RaftServerImpl.java:setRole(184)) - 5c3956af-60d3-411f-8c98-c7ed3576de5c@group-EE856C9543A1: changes role from  FOLLOWER to CANDIDATE at term 49 for changeToCandidate
2019-10-16 21:52:56,871 [Thread-607] INFO  impl.RoleInfo (RoleInfo.java:updateAndGet(143)) - 5c3956af-60d3-411f-8c98-c7ed3576de5c: start LeaderElection
2019-10-16 21:52:56,920 [5c3956af-60d3-411f-8c98-c7ed3576de5c@group-EE856C9543A1-LeaderElection53] INFO  impl.LeaderElection (LeaderElection.java:askForVotes(178)) - 5c3956af-60d3-411f-8c98-c7ed3576de5c@group-EE856C9543A1-LeaderElection53: begin an election at term 50 for -1: [5c3956af-60d3-411f-8c98-c7ed3576de5c:192.168.34.38:33787, efb933de-cdd8-4d8d-88d2-4c7ffe0dec1a:192.168.34.38:42459, 9d88716d-5d6b-4fd8-b832-a110dc45ee66:192.168.34.38:38211], old=null
2019-10-16 21:52:56,923 [grpc-default-executor-1] INFO  impl.RaftServerImpl (RaftServerImpl.java:setRole(184)) - efb933de-cdd8-4d8d-88d2-4c7ffe0dec1a@group-EE856C9543A1: changes role from  FOLLOWER to FOLLOWER at term 50 for recognizeCandidate:5c3956af-60d3-411f-8c98-c7ed3576de5c
2019-10-16 21:52:56,924 [grpc-default-executor-1] INFO  impl.RoleInfo (RoleInfo.java:shutdownFollowerState(121)) - efb933de-cdd8-4d8d-88d2-4c7ffe0dec1a: shutdown FollowerState
2019-10-16 21:52:56,924 [grpc-default-executor-1] INFO  impl.RoleInfo (RoleInfo.java:updateAndGet(143)) - efb933de-cdd8-4d8d-88d2-4c7ffe0dec1a: start FollowerState
2019-10-16 21:52:56,924 [Thread-605] INFO  impl.FollowerState (FollowerState.java:run(117)) - efb933de-cdd8-4d8d-88d2-4c7ffe0dec1a@group-EE856C9543A1-FollowerState was interrupted: java.lang.InterruptedException: sleep interrupted
2019-10-16 21:52:56,924 [grpc-default-executor-0] INFO  impl.RaftServerImpl (RaftServerImpl.java:setRole(184)) - 9d88716d-5d6b-4fd8-b832-a110dc45ee66@group-EE856C9543A1: changes role from  FOLLOWER to FOLLOWER at term 50 for recognizeCandidate:5c3956af-60d3-411f-8c98-c7ed3576de5c
2019-10-16 21:52:56,924 [grpc-default-executor-0] INFO  impl.RoleInfo (RoleInfo.java:shutdownFollowerState(121)) - 9d88716d-5d6b-4fd8-b832-a110dc45ee66: shutdown FollowerState
2019-10-16 21:52:56,924 [grpc-default-executor-0] INFO  impl.RoleInfo (RoleInfo.java:updateAndGet(143)) - 9d88716d-5d6b-4fd8-b832-a110dc45ee66: start FollowerState
2019-10-16 21:52:56,924 [Thread-606] INFO  impl.FollowerState (FollowerState.java:run(117)) - 9d88716d-5d6b-4fd8-b832-a110dc45ee66@group-EE856C9543A1-FollowerState was interrupted: java.lang.InterruptedException: sleep interrupted
2019-10-16 21:52:56,939 [5c3956af-60d3-411f-8c98-c7ed3576de5c@group-EE856C9543A1-LeaderElection53] INFO  impl.LeaderElection (LeaderElection.java:logAndReturn(56)) - 5c3956af-60d3-411f-8c98-c7ed3576de5c@group-EE856C9543A1-LeaderElection53: Election REJECTED; received 2 response(s) [5c3956af-60d3-411f-8c98-c7ed3576de5c<-efb933de-cdd8-4d8d-88d2-4c7ffe0dec1a#0:FAIL-t50, 5c3956af-60d3-411f-8c98-c7ed3576de5c<-9d88716d-5d6b-4fd8-b832-a110dc45ee66#0:FAIL-t50] and 0 exception(s); 5c3956af-60d3-411f-8c98-c7ed3576de5c@group-EE856C9543A1:t50, leader=null, voted=5c3956af-60d3-411f-8c98-c7ed3576de5c, raftlog=5c3956af-60d3-411f-8c98-c7ed3576de5c@group-EE856C9543A1-SegmentedRaftLog:OPENED:c-1,f-1,i0, conf=-1: [5c3956af-60d3-411f-8c98-c7ed3576de5c:192.168.34.38:33787, efb933de-cdd8-4d8d-88d2-4c7ffe0dec1a:192.168.34.38:42459, 9d88716d-5d6b-4fd8-b832-a110dc45ee66:192.168.34.38:38211], old=null
2019-10-16 21:52:56,940 [5c3956af-60d3-411f-8c98-c7ed3576de5c@group-EE856C9543A1-LeaderElection53] INFO  impl.RaftServerImpl (RaftServerImpl.java:setRole(184)) - 5c3956af-60d3-411f-8c98-c7ed3576de5c@group-EE856C9543A1: changes role from CANDIDATE to FOLLOWER at term 50 for DISCOVERED_A_NEW_TERM
2019-10-16 21:52:56,940 [5c3956af-60d3-411f-8c98-c7ed3576de5c@group-EE856C9543A1-LeaderElection53] INFO  impl.RoleInfo (RoleInfo.java:shutdownLeaderElection(134)) - 5c3956af-60d3-411f-8c98-c7ed3576de5c: shutdown LeaderElection
2019-10-16 21:52:56,940 [5c3956af-60d3-411f-8c98-c7ed3576de5c@group-EE856C9543A1-LeaderElection53] INFO  impl.RoleInfo (RoleInfo.java:updateAndGet(143)) - 5c3956af-60d3-411f-8c98-c7ed3576de5c: start FollowerState
2019-10-16 21:52:56,951 [Thread-613] INFO  impl.FollowerState (FollowerState.java:run(108)) - 5c3956af-60d3-411f-8c98-c7ed3576de5c@group-EE856C9543A1-FollowerState: change to CANDIDATE, lastRpcTime:11ms, electionTimeout:11ms
2019-10-16 21:52:56,951 [Thread-613] INFO  impl.RoleInfo (RoleInfo.java:shutdownFollowerState(121)) - 5c3956af-60d3-411f-8c98-c7ed3576de5c: shutdown FollowerState
2019-10-16 21:52:56,952 [Thread-613] INFO  impl.RaftServerImpl (RaftServerImpl.java:setRole(184)) - 5c3956af-60d3-411f-8c98-c7ed3576de5c@group-EE856C9543A1: changes role from  FOLLOWER to CANDIDATE at term 50 for changeToCandidate
2019-10-16 21:52:56,952 [Thread-613] INFO  impl.RoleInfo (RoleInfo.java:updateAndGet(143)) - 5c3956af-60d3-411f-8c98-c7ed3576de5c: start LeaderElection
2019-10-16 21:52:56,966 [5c3956af-60d3-411f-8c98-c7ed3576de5c@group-EE856C9543A1-LeaderElection54] INFO  impl.LeaderElection (LeaderElection.java:askForVotes(178)) - 5c3956af-60d3-411f-8c98-c7ed3576de5c@group-EE856C9543A1-LeaderElection54: begin an election at term 51 for -1: [5c3956af-60d3-411f-8c98-c7ed3576de5c:192.168.34.38:33787, efb933de-cdd8-4d8d-88d2-4c7ffe0dec1a:192.168.34.38:42459, 9d88716d-5d6b-4fd8-b832-a110dc45ee66:192.168.34.38:38211], old=null
2019-10-16 21:52:56,966 [5c3956af-60d3-411f-8c98-c7ed3576de5c@group-EE856C9543A1-LeaderElection54] INFO  impl.LeaderElection (LeaderElection.java:logAndReturn(56)) - 5c3956af-60d3-411f-8c98-c7ed3576de5c@group-EE856C9543A1-LeaderElection54: Election TIMEOUT; received 0 response(s) [] and 0 exception(s); 5c3956af-60d3-411f-8c98-c7ed3576de5c@group-EE856C9543A1:t51, leader=null, voted=5c3956af-60d3-411f-8c98-c7ed3576de5c, raftlog=5c3956af-60d3-411f-8c98-c7ed3576de5c@group-EE856C9543A1-SegmentedRaftLog:OPENED:c-1,f-1,i0, conf=-1: [5c3956af-60d3-411f-8c98-c7ed3576de5c:192.168.34.38:33787, efb933de-cdd8-4d8d-88d2-4c7ffe0dec1a:192.168.34.38:42459, 9d88716d-5d6b-4fd8-b832-a110dc45ee66:192.168.34.38:38211], old=null
2019-10-16 21:52:56,968 [grpc-default-executor-1] INFO  impl.RaftServerImpl (RaftServerImpl.java:setRole(184)) - efb933de-cdd8-4d8d-88d2-4c7ffe0dec1a@group-EE856C9543A1: changes role from  FOLLOWER to FOLLOWER at term 51 for recognizeCandidate:5c3956af-60d3-411f-8c98-c7ed3576de5c
2019-10-16 21:52:56,969 [grpc-default-executor-0] INFO  impl.RaftServerImpl (RaftServerImpl.java:setRole(184)) - 9d88716d-5d6b-4fd8-b832-a110dc45ee66@group-EE856C9543A1: changes role from  FOLLOWER to FOLLOWER at term 51 for recognizeCandidate:5c3956af-60d3-411f-8c98-c7ed3576de5c
2019-10-16 21:52:56,969 [grpc-default-executor-1] INFO  impl.RoleInfo (RoleInfo.java:shutdownFollowerState(121)) - efb933de-cdd8-4d8d-88d2-4c7ffe0dec1a: shutdown FollowerState
2019-10-16 21:52:56,969 [grpc-default-executor-0] INFO  impl.RoleInfo (RoleInfo.java:shutdownFollowerState(121)) - 9d88716d-5d6b-4fd8-b832-a110dc45ee66: shutdown FollowerState
2019-10-16 21:52:56,969 [grpc-default-executor-1] INFO  impl.RoleInfo (RoleInfo.java:updateAndGet(143)) - efb933de-cdd8-4d8d-88d2-4c7ffe0dec1a: start FollowerState
2019-10-16 21:52:56,969 [Thread-612] INFO  impl.FollowerState (FollowerState.java:run(117)) - 9d88716d-5d6b-4fd8-b832-a110dc45ee66@group-EE856C9543A1-FollowerState was interrupted: java.lang.InterruptedException: sleep interrupted
2019-10-16 21:52:56,969 [Thread-611] INFO  impl.FollowerState (FollowerState.java:run(117)) - efb933de-cdd8-4d8d-88d2-4c7ffe0dec1a@group-EE856C9543A1-FollowerState was interrupted: java.lang.InterruptedException: sleep interrupted
2019-10-16 21:52:56,969 [grpc-default-executor-0] INFO  impl.RoleInfo (RoleInfo.java:updateAndGet(143)) - 9d88716d-5d6b-4fd8-b832-a110dc45ee66: start FollowerState
2019-10-16 21:52:56,980 [5c3956af-60d3-411f-8c98-c7ed3576de5c@group-EE856C9543A1-LeaderElection54] INFO  impl.LeaderElection (LeaderElection.java:askForVotes(178)) - 5c3956af-60d3-411f-8c98-c7ed3576de5c@group-EE856C9543A1-LeaderElection54: begin an election at term 52 for -1: [5c3956af-60d3-411f-8c98-c7ed3576de5c:192.168.34.38:33787, efb933de-cdd8-4d8d-88d2-4c7ffe0dec1a:192.168.34.38:42459, 9d88716d-5d6b-4fd8-b832-a110dc45ee66:192.168.34.38:38211], old=null
2019-10-16 21:52:56,982 [grpc-default-executor-0] INFO  impl.RaftServerImpl (RaftServerImpl.java:setRole(184)) - efb933de-cdd8-4d8d-88d2-4c7ffe0dec1a@group-EE856C9543A1: changes role from  FOLLOWER to FOLLOWER at term 52 for recognizeCandidate:5c3956af-60d3-411f-8c98-c7ed3576de5c
2019-10-16 21:52:56,982 [grpc-default-executor-0] INFO  impl.RoleInfo (RoleInfo.java:shutdownFollowerState(121)) - efb933de-cdd8-4d8d-88d2-4c7ffe0dec1a: shutdown FollowerState
2019-10-16 21:52:56,982 [Thread-617] INFO  impl.FollowerState (FollowerState.java:run(117)) - efb933de-cdd8-4d8d-88d2-4c7ffe0dec1a@group-EE856C9543A1-FollowerState was interrupted: java.lang.InterruptedException: sleep interrupted
2019-10-16 21:52:56,982 [grpc-default-executor-0] INFO  impl.RoleInfo (RoleInfo.java:updateAndGet(143)) - efb933de-cdd8-4d8d-88d2-4c7ffe0dec1a: start FollowerState
2019-10-16 21:52:56,983 [grpc-default-executor-1] INFO  impl.RaftServerImpl (RaftServerImpl.java:setRole(184)) - 9d88716d-5d6b-4fd8-b832-a110dc45ee66@group-EE856C9543A1: changes role from  FOLLOWER to FOLLOWER at term 52 for recognizeCandidate:5c3956af-60d3-411f-8c98-c7ed3576de5c
2019-10-16 21:52:56,983 [grpc-default-executor-1] INFO  impl.RoleInfo (RoleInfo.java:shutdownFollowerState(121)) - 9d88716d-5d6b-4fd8-b832-a110dc45ee66: shutdown FollowerState
2019-10-16 21:52:56,983 [grpc-default-executor-1] INFO  impl.RoleInfo (RoleInfo.java:updateAndGet(143)) - 9d88716d-5d6b-4fd8-b832-a110dc45ee66: start FollowerState
2019-10-16 21:52:56,983 [Thread-618] INFO  impl.FollowerState (FollowerState.java:run(117)) - 9d88716d-5d6b-4fd8-b832-a110dc45ee66@group-EE856C9543A1-FollowerState was interrupted: java.lang.InterruptedException: sleep interrupted
2019-10-16 21:52:56,998 [5c3956af-60d3-411f-8c98-c7ed3576de5c@group-EE856C9543A1-LeaderElection54] INFO  impl.LeaderElection (LeaderElection.java:logAndReturn(56)) - 5c3956af-60d3-411f-8c98-c7ed3576de5c@group-EE856C9543A1-LeaderElection54: Election REJECTED; received 2 response(s) [5c3956af-60d3-411f-8c98-c7ed3576de5c<-efb933de-cdd8-4d8d-88d2-4c7ffe0dec1a#0:FAIL-t52, 5c3956af-60d3-411f-8c98-c7ed3576de5c<-9d88716d-5d6b-4fd8-b832-a110dc45ee66#0:FAIL-t52] and 0 exception(s); 5c3956af-60d3-411f-8c98-c7ed3576de5c@group-EE856C9543A1:t52, leader=null, voted=5c3956af-60d3-411f-8c98-c7ed3576de5c, raftlog=5c3956af-60d3-411f-8c98-c7ed3576de5c@group-EE856C9543A1-SegmentedRaftLog:OPENED:c-1,f-1,i0, conf=-1: [5c3956af-60d3-411f-8c98-c7ed3576de5c:192.168.34.38:33787, efb933de-cdd8-4d8d-88d2-4c7ffe0dec1a:192.168.34.38:42459, 9d88716d-5d6b-4fd8-b832-a110dc45ee66:192.168.34.38:38211], old=null
2019-10-16 21:52:56,998 [5c3956af-60d3-411f-8c98-c7ed3576de5c@group-EE856C9543A1-LeaderElection54] INFO  impl.RaftServerImpl (RaftServerImpl.java:setRole(184)) - 5c3956af-60d3-411f-8c98-c7ed3576de5c@group-EE856C9543A1: changes role from CANDIDATE to FOLLOWER at term 52 for DISCOVERED_A_NEW_TERM
2019-10-16 21:52:56,998 [5c3956af-60d3-411f-8c98-c7ed3576de5c@group-EE856C9543A1-LeaderElection54] INFO  impl.RoleInfo (RoleInfo.java:shutdownLeaderElection(134)) - 5c3956af-60d3-411f-8c98-c7ed3576de5c: shutdown LeaderElection
2019-10-16 21:52:56,998 [5c3956af-60d3-411f-8c98-c7ed3576de5c@group-EE856C9543A1-LeaderElection54] INFO  impl.RoleInfo (RoleInfo.java:updateAndGet(143)) - 5c3956af-60d3-411f-8c98-c7ed3576de5c: start FollowerState
2019-10-16 21:52:57,083 [Thread-623] INFO  impl.FollowerState (FollowerState.java:run(108)) - 5c3956af-60d3-411f-8c98-c7ed3576de5c@group-EE856C9543A1-FollowerState: change to CANDIDATE, lastRpcTime:85ms, electionTimeout:85ms
2019-10-16 21:52:57,084 [Thread-623] INFO  impl.RoleInfo (RoleInfo.java:shutdownFollowerState(121)) - 5c3956af-60d3-411f-8c98-c7ed3576de5c: shutdown FollowerState
2019-10-16 21:52:57,084 [Thread-623] INFO  impl.RaftServerImpl (RaftServerImpl.java:setRole(184)) - 5c3956af-60d3-411f-8c98-c7ed3576de5c@group-EE856C9543A1: changes role from  FOLLOWER to CANDIDATE at term 52 for changeToCandidate
2019-10-16 21:52:57,084 [Thread-623] INFO  impl.RoleInfo (RoleInfo.java:updateAndGet(143)) - 5c3956af-60d3-411f-8c98-c7ed3576de5c: start LeaderElection
2019-10-16 21:52:57,097 [5c3956af-60d3-411f-8c98-c7ed3576de5c@group-EE856C9543A1-LeaderElection55] INFO  impl.LeaderElection (LeaderElection.java:askForVotes(178)) - 5c3956af-60d3-411f-8c98-c7ed3576de5c@group-EE856C9543A1-LeaderElection55: begin an election at term 53 for -1: [5c3956af-60d3-411f-8c98-c7ed3576de5c:192.168.34.38:33787, efb933de-cdd8-4d8d-88d2-4c7ffe0dec1a:192.168.34.38:42459, 9d88716d-5d6b-4fd8-b832-a110dc45ee66:192.168.34.38:38211], old=null
2019-10-16 21:52:57,100 [grpc-default-executor-0] INFO  impl.RaftServerImpl (RaftServerImpl.java:setRole(184)) - efb933de-cdd8-4d8d-88d2-4c7ffe0dec1a@group-EE856C9543A1: changes role from  FOLLOWER to FOLLOWER at term 53 for recognizeCandidate:5c3956af-60d3-411f-8c98-c7ed3576de5c
2019-10-16 21:52:57,100 [grpc-default-executor-1] INFO  impl.RaftServerImpl (RaftServerImpl.java:setRole(184)) - 9d88716d-5d6b-4fd8-b832-a110dc45ee66@group-EE856C9543A1: changes role from  FOLLOWER to FOLLOWER at term 53 for recognizeCandidate:5c3956af-60d3-411f-8c98-c7ed3576de5c
2019-10-16 21:52:57,101 [grpc-default-executor-1] INFO  impl.RoleInfo (RoleInfo.java:shutdownFollowerState(121)) - 9d88716d-5d6b-4fd8-b832-a110dc45ee66: shutdown FollowerState
2019-10-16 21:52:57,100 [grpc-default-executor-0] INFO  impl.RoleInfo (RoleInfo.java:shutdownFollowerState(121)) - efb933de-cdd8-4d8d-88d2-4c7ffe0dec1a: shutdown FollowerState
2019-10-16 21:52:57,101 [Thread-622] INFO  impl.FollowerState (FollowerState.java:run(117)) - 9d88716d-5d6b-4fd8-b832-a110dc45ee66@group-EE856C9543A1-FollowerState was interrupted: java.lang.InterruptedException: sleep interrupted
2019-10-16 21:52:57,101 [grpc-default-executor-1] INFO  impl.RoleInfo (RoleInfo.java:updateAndGet(143)) - 9d88716d-5d6b-4fd8-b832-a110dc45ee66: start FollowerState
2019-10-16 21:52:57,101 [Thread-621] INFO  impl.FollowerState (FollowerState.java:run(117)) - efb933de-cdd8-4d8d-88d2-4c7ffe0dec1a@group-EE856C9543A1-FollowerState was interrupted: java.lang.InterruptedException: sleep interrupted
2019-10-16 21:52:57,101 [grpc-default-executor-0] INFO  impl.RoleInfo (RoleInfo.java:updateAndGet(143)) - efb933de-cdd8-4d8d-88d2-4c7ffe0dec1a: start FollowerState
2019-10-16 21:52:57,116 [5c3956af-60d3-411f-8c98-c7ed3576de5c@group-EE856C9543A1-LeaderElection55] INFO  impl.LeaderElection (LeaderElection.java:logAndReturn(56)) - 5c3956af-60d3-411f-8c98-c7ed3576de5c@group-EE856C9543A1-LeaderElection55: Election REJECTED; received 2 response(s) [5c3956af-60d3-411f-8c98-c7ed3576de5c<-efb933de-cdd8-4d8d-88d2-4c7ffe0dec1a#0:FAIL-t53, 5c3956af-60d3-411f-8c98-c7ed3576de5c<-9d88716d-5d6b-4fd8-b832-a110dc45ee66#0:FAIL-t53] and 0 exception(s); 5c3956af-60d3-411f-8c98-c7ed3576de5c@group-EE856C9543A1:t53, leader=null, voted=5c3956af-60d3-411f-8c98-c7ed3576de5c, raftlog=5c3956af-60d3-411f-8c98-c7ed3576de5c@group-EE856C9543A1-SegmentedRaftLog:OPENED:c-1,f-1,i0, conf=-1: [5c3956af-60d3-411f-8c98-c7ed3576de5c:192.168.34.38:33787, efb933de-cdd8-4d8d-88d2-4c7ffe0dec1a:192.168.34.38:42459, 9d88716d-5d6b-4fd8-b832-a110dc45ee66:192.168.34.38:38211], old=null
2019-10-16 21:52:57,116 [5c3956af-60d3-411f-8c98-c7ed3576de5c@group-EE856C9543A1-LeaderElection55] INFO  impl.RaftServerImpl (RaftServerImpl.java:setRole(184)) - 5c3956af-60d3-411f-8c98-c7ed3576de5c@group-EE856C9543A1: changes role from CANDIDATE to FOLLOWER at term 53 for DISCOVERED_A_NEW_TERM
2019-10-16 21:52:57,117 [5c3956af-60d3-411f-8c98-c7ed3576de5c@group-EE856C9543A1-LeaderElection55] INFO  impl.RoleInfo (RoleInfo.java:shutdownLeaderElection(134)) - 5c3956af-60d3-411f-8c98-c7ed3576de5c: shutdown LeaderElection
2019-10-16 21:52:57,117 [5c3956af-60d3-411f-8c98-c7ed3576de5c@group-EE856C9543A1-LeaderElection55] INFO  impl.RoleInfo (RoleInfo.java:updateAndGet(143)) - 5c3956af-60d3-411f-8c98-c7ed3576de5c: start FollowerState
2019-10-16 21:52:57,314 [Thread-629] INFO  impl.FollowerState (FollowerState.java:run(108)) - 5c3956af-60d3-411f-8c98-c7ed3576de5c@group-EE856C9543A1-FollowerState: change to CANDIDATE, lastRpcTime:197ms, electionTimeout:197ms
2019-10-16 21:52:57,314 [Thread-629] INFO  impl.RoleInfo (RoleInfo.java:shutdownFollowerState(121)) - 5c3956af-60d3-411f-8c98-c7ed3576de5c: shutdown FollowerState
2019-10-16 21:52:57,314 [Thread-629] INFO  impl.RaftServerImpl (RaftServerImpl.java:setRole(184)) - 5c3956af-60d3-411f-8c98-c7ed3576de5c@group-EE856C9543A1: changes role from  FOLLOWER to CANDIDATE at term 53 for changeToCandidate
2019-10-16 21:52:57,315 [Thread-629] INFO  impl.RoleInfo (RoleInfo.java:updateAndGet(143)) - 5c3956af-60d3-411f-8c98-c7ed3576de5c: start LeaderElection
2019-10-16 21:52:57,328 [5c3956af-60d3-411f-8c98-c7ed3576de5c@group-EE856C9543A1-LeaderElection56] INFO  impl.LeaderElection (LeaderElection.java:askForVotes(178)) - 5c3956af-60d3-411f-8c98-c7ed3576de5c@group-EE856C9543A1-LeaderElection56: begin an election at term 54 for -1: [5c3956af-60d3-411f-8c98-c7ed3576de5c:192.168.34.38:33787, efb933de-cdd8-4d8d-88d2-4c7ffe0dec1a:192.168.34.38:42459, 9d88716d-5d6b-4fd8-b832-a110dc45ee66:192.168.34.38:38211], old=null
2019-10-16 21:52:57,331 [grpc-default-executor-0] INFO  impl.RaftServerImpl (RaftServerImpl.java:setRole(184)) - 9d88716d-5d6b-4fd8-b832-a110dc45ee66@group-EE856C9543A1: changes role from  FOLLOWER to FOLLOWER at term 54 for recognizeCandidate:5c3956af-60d3-411f-8c98-c7ed3576de5c
2019-10-16 21:52:57,331 [grpc-default-executor-1] INFO  impl.RaftServerImpl (RaftServerImpl.java:setRole(184)) - efb933de-cdd8-4d8d-88d2-4c7ffe0dec1a@group-EE856C9543A1: changes role from  FOLLOWER to FOLLOWER at term 54 for recognizeCandidate:5c3956af-60d3-411f-8c98-c7ed3576de5c
2019-10-16 21:52:57,331 [grpc-default-executor-0] INFO  impl.RoleInfo (RoleInfo.java:shutdownFollowerState(121)) - 9d88716d-5d6b-4fd8-b832-a110dc45ee66: shutdown FollowerState
2019-10-16 21:52:57,332 [grpc-default-executor-1] INFO  impl.RoleInfo (RoleInfo.java:shutdownFollowerState(121)) - efb933de-cdd8-4d8d-88d2-4c7ffe0dec1a: shutdown FollowerState
2019-10-16 21:52:57,332 [Thread-627] INFO  impl.FollowerState (FollowerState.java:run(117)) - 9d88716d-5d6b-4fd8-b832-a110dc45ee66@group-EE856C9543A1-FollowerState was interrupted: java.lang.InterruptedException: sleep interrupted
2019-10-16 21:52:57,332 [grpc-default-executor-0] INFO  impl.RoleInfo (RoleInfo.java:updateAndGet(143)) - 9d88716d-5d6b-4fd8-b832-a110dc45ee66: start FollowerState
2019-10-16 21:52:57,332 [grpc-default-executor-1] INFO  impl.RoleInfo (RoleInfo.java:updateAndGet(143)) - efb933de-cdd8-4d8d-88d2-4c7ffe0dec1a: start FollowerState
2019-10-16 21:52:57,332 [Thread-628] INFO  impl.FollowerState (FollowerState.java:run(117)) - efb933de-cdd8-4d8d-88d2-4c7ffe0dec1a@group-EE856C9543A1-FollowerState was interrupted: java.lang.InterruptedException: sleep interrupted
2019-10-16 21:52:57,348 [5c3956af-60d3-411f-8c98-c7ed3576de5c@group-EE856C9543A1-LeaderElection56] INFO  impl.LeaderElection (LeaderElection.java:logAndReturn(56)) - 5c3956af-60d3-411f-8c98-c7ed3576de5c@group-EE856C9543A1-LeaderElection56: Election REJECTED; received 2 response(s) [5c3956af-60d3-411f-8c98-c7ed3576de5c<-efb933de-cdd8-4d8d-88d2-4c7ffe0dec1a#0:FAIL-t54, 5c3956af-60d3-411f-8c98-c7ed3576de5c<-9d88716d-5d6b-4fd8-b832-a110dc45ee66#0:FAIL-t54] and 0 exception(s); 5c3956af-60d3-411f-8c98-c7ed3576de5c@group-EE856C9543A1:t54, leader=null, voted=5c3956af-60d3-411f-8c98-c7ed3576de5c, raftlog=5c3956af-60d3-411f-8c98-c7ed3576de5c@group-EE856C9543A1-SegmentedRaftLog:OPENED:c-1,f-1,i0, conf=-1: [5c3956af-60d3-411f-8c98-c7ed3576de5c:192.168.34.38:33787, efb933de-cdd8-4d8d-88d2-4c7ffe0dec1a:192.168.34.38:42459, 9d88716d-5d6b-4fd8-b832-a110dc45ee66:192.168.34.38:38211], old=null
2019-10-16 21:52:57,348 [5c3956af-60d3-411f-8c98-c7ed3576de5c@group-EE856C9543A1-LeaderElection56] INFO  impl.RaftServerImpl (RaftServerImpl.java:setRole(184)) - 5c3956af-60d3-411f-8c98-c7ed3576de5c@group-EE856C9543A1: changes role from CANDIDATE to FOLLOWER at term 54 for DISCOVERED_A_NEW_TERM
2019-10-16 21:52:57,348 [5c3956af-60d3-411f-8c98-c7ed3576de5c@group-EE856C9543A1-LeaderElection56] INFO  impl.RoleInfo (RoleInfo.java:shutdownLeaderElection(134)) - 5c3956af-60d3-411f-8c98-c7ed3576de5c: shutdown LeaderElection
2019-10-16 21:52:57,348 [5c3956af-60d3-411f-8c98-c7ed3576de5c@group-EE856C9543A1-LeaderElection56] INFO  impl.RoleInfo (RoleInfo.java:updateAndGet(143)) - 5c3956af-60d3-411f-8c98-c7ed3576de5c: start FollowerState
2019-10-16 21:52:57,394 [JUnit] INFO  ozone.MiniOzoneClusterImpl (MiniOzoneClusterImpl.java:lambda$waitForClusterToBeReady$2(164)) - Waiting for 1 number of pipelines out of 6, to report a leader.
2019-10-16 21:52:57,520 [Thread-635] INFO  impl.FollowerState (FollowerState.java:run(108)) - 5c3956af-60d3-411f-8c98-c7ed3576de5c@group-EE856C9543A1-FollowerState: change to CANDIDATE, lastRpcTime:171ms, electionTimeout:171ms
2019-10-16 21:52:57,520 [Thread-635] INFO  impl.RoleInfo (RoleInfo.java:shutdownFollowerState(121)) - 5c3956af-60d3-411f-8c98-c7ed3576de5c: shutdown FollowerState
2019-10-16 21:52:57,520 [Thread-635] INFO  impl.RaftServerImpl (RaftServerImpl.java:setRole(184)) - 5c3956af-60d3-411f-8c98-c7ed3576de5c@group-EE856C9543A1: changes role from  FOLLOWER to CANDIDATE at term 54 for changeToCandidate
2019-10-16 21:52:57,520 [Thread-635] INFO  impl.RoleInfo (RoleInfo.java:updateAndGet(143)) - 5c3956af-60d3-411f-8c98-c7ed3576de5c: start LeaderElection
2019-10-16 21:52:57,535 [5c3956af-60d3-411f-8c98-c7ed3576de5c@group-EE856C9543A1-LeaderElection57] INFO  impl.LeaderElection (LeaderElection.java:askForVotes(178)) - 5c3956af-60d3-411f-8c98-c7ed3576de5c@group-EE856C9543A1-LeaderElection57: begin an election at term 55 for -1: [5c3956af-60d3-411f-8c98-c7ed3576de5c:192.168.34.38:33787, efb933de-cdd8-4d8d-88d2-4c7ffe0dec1a:192.168.34.38:42459, 9d88716d-5d6b-4fd8-b832-a110dc45ee66:192.168.34.38:38211], old=null
2019-10-16 21:52:57,539 [grpc-default-executor-0] INFO  impl.RaftServerImpl (RaftServerImpl.java:setRole(184)) - efb933de-cdd8-4d8d-88d2-4c7ffe0dec1a@group-EE856C9543A1: changes role from  FOLLOWER to FOLLOWER at term 55 for recognizeCandidate:5c3956af-60d3-411f-8c98-c7ed3576de5c
2019-10-16 21:52:57,539 [grpc-default-executor-1] INFO  impl.RaftServerImpl (RaftServerImpl.java:setRole(184)) - 9d88716d-5d6b-4fd8-b832-a110dc45ee66@group-EE856C9543A1: changes role from  FOLLOWER to FOLLOWER at term 55 for recognizeCandidate:5c3956af-60d3-411f-8c98-c7ed3576de5c
2019-10-16 21:52:57,539 [grpc-default-executor-0] INFO  impl.RoleInfo (RoleInfo.java:shutdownFollowerState(121)) - efb933de-cdd8-4d8d-88d2-4c7ffe0dec1a: shutdown FollowerState
2019-10-16 21:52:57,539 [grpc-default-executor-1] INFO  impl.RoleInfo (RoleInfo.java:shutdownFollowerState(121)) - 9d88716d-5d6b-4fd8-b832-a110dc45ee66: shutdown FollowerState
2019-10-16 21:52:57,539 [Thread-634] INFO  impl.FollowerState (FollowerState.java:run(117)) - efb933de-cdd8-4d8d-88d2-4c7ffe0dec1a@group-EE856C9543A1-FollowerState was interrupted: java.lang.InterruptedException: sleep interrupted
2019-10-16 21:52:57,539 [grpc-default-executor-0] INFO  impl.RoleInfo (RoleInfo.java:updateAndGet(143)) - efb933de-cdd8-4d8d-88d2-4c7ffe0dec1a: start FollowerState
2019-10-16 21:52:57,540 [Thread-633] INFO  impl.FollowerState (FollowerState.java:run(117)) - 9d88716d-5d6b-4fd8-b832-a110dc45ee66@group-EE856C9543A1-FollowerState was interrupted: java.lang.InterruptedException: sleep interrupted
2019-10-16 21:52:57,539 [grpc-default-executor-1] INFO  impl.RoleInfo (RoleInfo.java:updateAndGet(143)) - 9d88716d-5d6b-4fd8-b832-a110dc45ee66: start FollowerState
2019-10-16 21:52:57,555 [5c3956af-60d3-411f-8c98-c7ed3576de5c@group-EE856C9543A1-LeaderElection57] INFO  impl.LeaderElection (LeaderElection.java:logAndReturn(56)) - 5c3956af-60d3-411f-8c98-c7ed3576de5c@group-EE856C9543A1-LeaderElection57: Election REJECTED; received 2 response(s) [5c3956af-60d3-411f-8c98-c7ed3576de5c<-efb933de-cdd8-4d8d-88d2-4c7ffe0dec1a#0:FAIL-t55, 5c3956af-60d3-411f-8c98-c7ed3576de5c<-9d88716d-5d6b-4fd8-b832-a110dc45ee66#0:FAIL-t55] and 0 exception(s); 5c3956af-60d3-411f-8c98-c7ed3576de5c@group-EE856C9543A1:t55, leader=null, voted=5c3956af-60d3-411f-8c98-c7ed3576de5c, raftlog=5c3956af-60d3-411f-8c98-c7ed3576de5c@group-EE856C9543A1-SegmentedRaftLog:OPENED:c-1,f-1,i0, conf=-1: [5c3956af-60d3-411f-8c98-c7ed3576de5c:192.168.34.38:33787, efb933de-cdd8-4d8d-88d2-4c7ffe0dec1a:192.168.34.38:42459, 9d88716d-5d6b-4fd8-b832-a110dc45ee66:192.168.34.38:38211], old=null
2019-10-16 21:52:57,555 [5c3956af-60d3-411f-8c98-c7ed3576de5c@group-EE856C9543A1-LeaderElection57] INFO  impl.RaftServerImpl (RaftServerImpl.java:setRole(184)) - 5c3956af-60d3-411f-8c98-c7ed3576de5c@group-EE856C9543A1: changes role from CANDIDATE to FOLLOWER at term 55 for DISCOVERED_A_NEW_TERM
2019-10-16 21:52:57,555 [5c3956af-60d3-411f-8c98-c7ed3576de5c@group-EE856C9543A1-LeaderElection57] INFO  impl.RoleInfo (RoleInfo.java:shutdownLeaderElection(134)) - 5c3956af-60d3-411f-8c98-c7ed3576de5c: shutdown LeaderElection
2019-10-16 21:52:57,556 [5c3956af-60d3-411f-8c98-c7ed3576de5c@group-EE856C9543A1-LeaderElection57] INFO  impl.RoleInfo (RoleInfo.java:updateAndGet(143)) - 5c3956af-60d3-411f-8c98-c7ed3576de5c: start FollowerState
2019-10-16 21:52:57,698 [Thread-641] INFO  impl.FollowerState (FollowerState.java:run(108)) - 5c3956af-60d3-411f-8c98-c7ed3576de5c@group-EE856C9543A1-FollowerState: change to CANDIDATE, lastRpcTime:142ms, electionTimeout:142ms
2019-10-16 21:52:57,698 [Thread-641] INFO  impl.RoleInfo (RoleInfo.java:shutdownFollowerState(121)) - 5c3956af-60d3-411f-8c98-c7ed3576de5c: shutdown FollowerState
2019-10-16 21:52:57,698 [Thread-641] INFO  impl.RaftServerImpl (RaftServerImpl.java:setRole(184)) - 5c3956af-60d3-411f-8c98-c7ed3576de5c@group-EE856C9543A1: changes role from  FOLLOWER to CANDIDATE at term 55 for changeToCandidate
2019-10-16 21:52:57,699 [Thread-641] INFO  impl.RoleInfo (RoleInfo.java:updateAndGet(143)) - 5c3956af-60d3-411f-8c98-c7ed3576de5c: start LeaderElection
2019-10-16 21:52:57,713 [5c3956af-60d3-411f-8c98-c7ed3576de5c@group-EE856C9543A1-LeaderElection58] INFO  impl.LeaderElection (LeaderElection.java:askForVotes(178)) - 5c3956af-60d3-411f-8c98-c7ed3576de5c@group-EE856C9543A1-LeaderElection58: begin an election at term 56 for -1: [5c3956af-60d3-411f-8c98-c7ed3576de5c:192.168.34.38:33787, efb933de-cdd8-4d8d-88d2-4c7ffe0dec1a:192.168.34.38:42459, 9d88716d-5d6b-4fd8-b832-a110dc45ee66:192.168.34.38:38211], old=null
2019-10-16 21:52:57,716 [grpc-default-executor-1] INFO  impl.RaftServerImpl (RaftServerImpl.java:setRole(184)) - 9d88716d-5d6b-4fd8-b832-a110dc45ee66@group-EE856C9543A1: changes role from  FOLLOWER to FOLLOWER at term 56 for recognizeCandidate:5c3956af-60d3-411f-8c98-c7ed3576de5c
2019-10-16 21:52:57,716 [grpc-default-executor-0] INFO  impl.RaftServerImpl (RaftServerImpl.java:setRole(184)) - efb933de-cdd8-4d8d-88d2-4c7ffe0dec1a@group-EE856C9543A1: changes role from  FOLLOWER to FOLLOWER at term 56 for recognizeCandidate:5c3956af-60d3-411f-8c98-c7ed3576de5c
2019-10-16 21:52:57,716 [grpc-default-executor-1] INFO  impl.RoleInfo (RoleInfo.java:shutdownFollowerState(121)) - 9d88716d-5d6b-4fd8-b832-a110dc45ee66: shutdown FollowerState
2019-10-16 21:52:57,717 [grpc-default-executor-0] INFO  impl.RoleInfo (RoleInfo.java:shutdownFollowerState(121)) - efb933de-cdd8-4d8d-88d2-4c7ffe0dec1a: shutdown FollowerState
2019-10-16 21:52:57,717 [Thread-640] INFO  impl.FollowerState (FollowerState.java:run(117)) - 9d88716d-5d6b-4fd8-b832-a110dc45ee66@group-EE856C9543A1-FollowerState was interrupted: java.lang.InterruptedException: sleep interrupted
2019-10-16 21:52:57,717 [grpc-default-executor-1] INFO  impl.RoleInfo (RoleInfo.java:updateAndGet(143)) - 9d88716d-5d6b-4fd8-b832-a110dc45ee66: start FollowerState
2019-10-16 21:52:57,717 [Thread-639] INFO  impl.FollowerState (FollowerState.java:run(117)) - efb933de-cdd8-4d8d-88d2-4c7ffe0dec1a@group-EE856C9543A1-FollowerState was interrupted: java.lang.InterruptedException: sleep interrupted
2019-10-16 21:52:57,717 [grpc-default-executor-0] INFO  impl.RoleInfo (RoleInfo.java:updateAndGet(143)) - efb933de-cdd8-4d8d-88d2-4c7ffe0dec1a: start FollowerState
2019-10-16 21:52:57,732 [5c3956af-60d3-411f-8c98-c7ed3576de5c@group-EE856C9543A1-LeaderElection58] INFO  impl.LeaderElection (LeaderElection.java:logAndReturn(56)) - 5c3956af-60d3-411f-8c98-c7ed3576de5c@group-EE856C9543A1-LeaderElection58: Election REJECTED; received 2 response(s) [5c3956af-60d3-411f-8c98-c7ed3576de5c<-efb933de-cdd8-4d8d-88d2-4c7ffe0dec1a#0:FAIL-t56, 5c3956af-60d3-411f-8c98-c7ed3576de5c<-9d88716d-5d6b-4fd8-b832-a110dc45ee66#0:FAIL-t56] and 0 exception(s); 5c3956af-60d3-411f-8c98-c7ed3576de5c@group-EE856C9543A1:t56, leader=null, voted=5c3956af-60d3-411f-8c98-c7ed3576de5c, raftlog=5c3956af-60d3-411f-8c98-c7ed3576de5c@group-EE856C9543A1-SegmentedRaftLog:OPENED:c-1,f-1,i0, conf=-1: [5c3956af-60d3-411f-8c98-c7ed3576de5c:192.168.34.38:33787, efb933de-cdd8-4d8d-88d2-4c7ffe0dec1a:192.168.34.38:42459, 9d88716d-5d6b-4fd8-b832-a110dc45ee66:192.168.34.38:38211], old=null
2019-10-16 21:52:57,733 [5c3956af-60d3-411f-8c98-c7ed3576de5c@group-EE856C9543A1-LeaderElection58] INFO  impl.RaftServerImpl (RaftServerImpl.java:setRole(184)) - 5c3956af-60d3-411f-8c98-c7ed3576de5c@group-EE856C9543A1: changes role from CANDIDATE to FOLLOWER at term 56 for DISCOVERED_A_NEW_TERM
2019-10-16 21:52:57,733 [5c3956af-60d3-411f-8c98-c7ed3576de5c@group-EE856C9543A1-LeaderElection58] INFO  impl.RoleInfo (RoleInfo.java:shutdownLeaderElection(134)) - 5c3956af-60d3-411f-8c98-c7ed3576de5c: shutdown LeaderElection
2019-10-16 21:52:57,733 [5c3956af-60d3-411f-8c98-c7ed3576de5c@group-EE856C9543A1-LeaderElection58] INFO  impl.RoleInfo (RoleInfo.java:updateAndGet(143)) - 5c3956af-60d3-411f-8c98-c7ed3576de5c: start FollowerState
2019-10-16 21:52:57,812 [Thread-647] INFO  impl.FollowerState (FollowerState.java:run(108)) - 5c3956af-60d3-411f-8c98-c7ed3576de5c@group-EE856C9543A1-FollowerState: change to CANDIDATE, lastRpcTime:79ms, electionTimeout:79ms
2019-10-16 21:52:57,813 [Thread-647] INFO  impl.RoleInfo (RoleInfo.java:shutdownFollowerState(121)) - 5c3956af-60d3-411f-8c98-c7ed3576de5c: shutdown FollowerState
2019-10-16 21:52:57,813 [Thread-647] INFO  impl.RaftServerImpl (RaftServerImpl.java:setRole(184)) - 5c3956af-60d3-411f-8c98-c7ed3576de5c@group-EE856C9543A1: changes role from  FOLLOWER to CANDIDATE at term 56 for changeToCandidate
2019-10-16 21:52:57,813 [Thread-647] INFO  impl.RoleInfo (RoleInfo.java:updateAndGet(143)) - 5c3956af-60d3-411f-8c98-c7ed3576de5c: start LeaderElection
2019-10-16 21:52:57,827 [5c3956af-60d3-411f-8c98-c7ed3576de5c@group-EE856C9543A1-LeaderElection59] INFO  impl.LeaderElection (LeaderElection.java:askForVotes(178)) - 5c3956af-60d3-411f-8c98-c7ed3576de5c@group-EE856C9543A1-LeaderElection59: begin an election at term 57 for -1: [5c3956af-60d3-411f-8c98-c7ed3576de5c:192.168.34.38:33787, efb933de-cdd8-4d8d-88d2-4c7ffe0dec1a:192.168.34.38:42459, 9d88716d-5d6b-4fd8-b832-a110dc45ee66:192.168.34.38:38211], old=null
2019-10-16 21:52:57,829 [grpc-default-executor-1] INFO  impl.RaftServerImpl (RaftServerImpl.java:setRole(184)) - 9d88716d-5d6b-4fd8-b832-a110dc45ee66@group-EE856C9543A1: changes role from  FOLLOWER to FOLLOWER at term 57 for recognizeCandidate:5c3956af-60d3-411f-8c98-c7ed3576de5c
2019-10-16 21:52:57,829 [grpc-default-executor-0] INFO  impl.RaftServerImpl (RaftServerImpl.java:setRole(184)) - efb933de-cdd8-4d8d-88d2-4c7ffe0dec1a@group-EE856C9543A1: changes role from  FOLLOWER to FOLLOWER at term 57 for recognizeCandidate:5c3956af-60d3-411f-8c98-c7ed3576de5c
2019-10-16 21:52:57,829 [grpc-default-executor-1] INFO  impl.RoleInfo (RoleInfo.java:shutdownFollowerState(121)) - 9d88716d-5d6b-4fd8-b832-a110dc45ee66: shutdown FollowerState
2019-10-16 21:52:57,830 [grpc-default-executor-0] INFO  impl.RoleInfo (RoleInfo.java:shutdownFollowerState(121)) - efb933de-cdd8-4d8d-88d2-4c7ffe0dec1a: shutdown FollowerState
2019-10-16 21:52:57,830 [Thread-645] INFO  impl.FollowerState (FollowerState.java:run(117)) - 9d88716d-5d6b-4fd8-b832-a110dc45ee66@group-EE856C9543A1-FollowerState was interrupted: java.lang.InterruptedException: sleep interrupted
2019-10-16 21:52:57,830 [grpc-default-executor-1] INFO  impl.RoleInfo (RoleInfo.java:updateAndGet(143)) - 9d88716d-5d6b-4fd8-b832-a110dc45ee66: start FollowerState
2019-10-16 21:52:57,830 [Thread-646] INFO  impl.FollowerState (FollowerState.java:run(117)) - efb933de-cdd8-4d8d-88d2-4c7ffe0dec1a@group-EE856C9543A1-FollowerState was interrupted: java.lang.InterruptedException: sleep interrupted
2019-10-16 21:52:57,830 [grpc-default-executor-0] INFO  impl.RoleInfo (RoleInfo.java:updateAndGet(143)) - efb933de-cdd8-4d8d-88d2-4c7ffe0dec1a: start FollowerState
2019-10-16 21:52:57,845 [5c3956af-60d3-411f-8c98-c7ed3576de5c@group-EE856C9543A1-LeaderElection59] INFO  impl.LeaderElection (LeaderElection.java:logAndReturn(56)) - 5c3956af-60d3-411f-8c98-c7ed3576de5c@group-EE856C9543A1-LeaderElection59: Election REJECTED; received 2 response(s) [5c3956af-60d3-411f-8c98-c7ed3576de5c<-efb933de-cdd8-4d8d-88d2-4c7ffe0dec1a#0:FAIL-t57, 5c3956af-60d3-411f-8c98-c7ed3576de5c<-9d88716d-5d6b-4fd8-b832-a110dc45ee66#0:FAIL-t57] and 0 exception(s); 5c3956af-60d3-411f-8c98-c7ed3576de5c@group-EE856C9543A1:t57, leader=null, voted=5c3956af-60d3-411f-8c98-c7ed3576de5c, raftlog=5c3956af-60d3-411f-8c98-c7ed3576de5c@group-EE856C9543A1-SegmentedRaftLog:OPENED:c-1,f-1,i0, conf=-1: [5c3956af-60d3-411f-8c98-c7ed3576de5c:192.168.34.38:33787, efb933de-cdd8-4d8d-88d2-4c7ffe0dec1a:192.168.34.38:42459, 9d88716d-5d6b-4fd8-b832-a110dc45ee66:192.168.34.38:38211], old=null
2019-10-16 21:52:57,845 [5c3956af-60d3-411f-8c98-c7ed3576de5c@group-EE856C9543A1-LeaderElection59] INFO  impl.RaftServerImpl (RaftServerImpl.java:setRole(184)) - 5c3956af-60d3-411f-8c98-c7ed3576de5c@group-EE856C9543A1: changes role from CANDIDATE to FOLLOWER at term 57 for DISCOVERED_A_NEW_TERM
2019-10-16 21:52:57,846 [5c3956af-60d3-411f-8c98-c7ed3576de5c@group-EE856C9543A1-LeaderElection59] INFO  impl.RoleInfo (RoleInfo.java:shutdownLeaderElection(134)) - 5c3956af-60d3-411f-8c98-c7ed3576de5c: shutdown LeaderElection
2019-10-16 21:52:57,846 [5c3956af-60d3-411f-8c98-c7ed3576de5c@group-EE856C9543A1-LeaderElection59] INFO  impl.RoleInfo (RoleInfo.java:updateAndGet(143)) - 5c3956af-60d3-411f-8c98-c7ed3576de5c: start FollowerState
2019-10-16 21:52:57,898 [Thread-653] INFO  impl.FollowerState (FollowerState.java:run(108)) - 5c3956af-60d3-411f-8c98-c7ed3576de5c@group-EE856C9543A1-FollowerState: change to CANDIDATE, lastRpcTime:52ms, electionTimeout:52ms
2019-10-16 21:52:57,898 [Thread-653] INFO  impl.RoleInfo (RoleInfo.java:shutdownFollowerState(121)) - 5c3956af-60d3-411f-8c98-c7ed3576de5c: shutdown FollowerState
2019-10-16 21:52:57,898 [Thread-653] INFO  impl.RaftServerImpl (RaftServerImpl.java:setRole(184)) - 5c3956af-60d3-411f-8c98-c7ed3576de5c@group-EE856C9543A1: changes role from  FOLLOWER to CANDIDATE at term 57 for changeToCandidate
2019-10-16 21:52:57,898 [Thread-653] INFO  impl.RoleInfo (RoleInfo.java:updateAndGet(143)) - 5c3956af-60d3-411f-8c98-c7ed3576de5c: start LeaderElection
2019-10-16 21:52:57,911 [5c3956af-60d3-411f-8c98-c7ed3576de5c@group-EE856C9543A1-LeaderElection60] INFO  impl.LeaderElection (LeaderElection.java:askForVotes(178)) - 5c3956af-60d3-411f-8c98-c7ed3576de5c@group-EE856C9543A1-LeaderElection60: begin an election at term 58 for -1: [5c3956af-60d3-411f-8c98-c7ed3576de5c:192.168.34.38:33787, efb933de-cdd8-4d8d-88d2-4c7ffe0dec1a:192.168.34.38:42459, 9d88716d-5d6b-4fd8-b832-a110dc45ee66:192.168.34.38:38211], old=null
2019-10-16 21:52:57,914 [grpc-default-executor-1] INFO  impl.RaftServerImpl (RaftServerImpl.java:setRole(184)) - 9d88716d-5d6b-4fd8-b832-a110dc45ee66@group-EE856C9543A1: changes role from  FOLLOWER to FOLLOWER at term 58 for recognizeCandidate:5c3956af-60d3-411f-8c98-c7ed3576de5c
2019-10-16 21:52:57,914 [grpc-default-executor-1] INFO  impl.RoleInfo (RoleInfo.java:shutdownFollowerState(121)) - 9d88716d-5d6b-4fd8-b832-a110dc45ee66: shutdown FollowerState
2019-10-16 21:52:57,914 [grpc-default-executor-0] INFO  impl.RaftServerImpl (RaftServerImpl.java:setRole(184)) - efb933de-cdd8-4d8d-88d2-4c7ffe0dec1a@group-EE856C9543A1: changes role from  FOLLOWER to FOLLOWER at term 58 for recognizeCandidate:5c3956af-60d3-411f-8c98-c7ed3576de5c
2019-10-16 21:52:57,914 [grpc-default-executor-0] INFO  impl.RoleInfo (RoleInfo.java:shutdownFollowerState(121)) - efb933de-cdd8-4d8d-88d2-4c7ffe0dec1a: shutdown FollowerState
2019-10-16 21:52:57,914 [Thread-651] INFO  impl.FollowerState (FollowerState.java:run(117)) - 9d88716d-5d6b-4fd8-b832-a110dc45ee66@group-EE856C9543A1-FollowerState was interrupted: java.lang.InterruptedException: sleep interrupted
2019-10-16 21:52:57,914 [grpc-default-executor-1] INFO  impl.RoleInfo (RoleInfo.java:updateAndGet(143)) - 9d88716d-5d6b-4fd8-b832-a110dc45ee66: start FollowerState
2019-10-16 21:52:57,915 [Thread-652] INFO  impl.FollowerState (FollowerState.java:run(117)) - efb933de-cdd8-4d8d-88d2-4c7ffe0dec1a@group-EE856C9543A1-FollowerState was interrupted: java.lang.InterruptedException: sleep interrupted
2019-10-16 21:52:57,915 [grpc-default-executor-0] INFO  impl.RoleInfo (RoleInfo.java:updateAndGet(143)) - efb933de-cdd8-4d8d-88d2-4c7ffe0dec1a: start FollowerState
2019-10-16 21:52:57,929 [5c3956af-60d3-411f-8c98-c7ed3576de5c@group-EE856C9543A1-LeaderElection60] INFO  impl.LeaderElection (LeaderElection.java:logAndReturn(56)) - 5c3956af-60d3-411f-8c98-c7ed3576de5c@group-EE856C9543A1-LeaderElection60: Election REJECTED; received 2 response(s) [5c3956af-60d3-411f-8c98-c7ed3576de5c<-efb933de-cdd8-4d8d-88d2-4c7ffe0dec1a#0:FAIL-t58, 5c3956af-60d3-411f-8c98-c7ed3576de5c<-9d88716d-5d6b-4fd8-b832-a110dc45ee66#0:FAIL-t58] and 0 exception(s); 5c3956af-60d3-411f-8c98-c7ed3576de5c@group-EE856C9543A1:t58, leader=null, voted=5c3956af-60d3-411f-8c98-c7ed3576de5c, raftlog=5c3956af-60d3-411f-8c98-c7ed3576de5c@group-EE856C9543A1-SegmentedRaftLog:OPENED:c-1,f-1,i0, conf=-1: [5c3956af-60d3-411f-8c98-c7ed3576de5c:192.168.34.38:33787, efb933de-cdd8-4d8d-88d2-4c7ffe0dec1a:192.168.34.38:42459, 9d88716d-5d6b-4fd8-b832-a110dc45ee66:192.168.34.38:38211], old=null
2019-10-16 21:52:57,929 [5c3956af-60d3-411f-8c98-c7ed3576de5c@group-EE856C9543A1-LeaderElection60] INFO  impl.RaftServerImpl (RaftServerImpl.java:setRole(184)) - 5c3956af-60d3-411f-8c98-c7ed3576de5c@group-EE856C9543A1: changes role from CANDIDATE to FOLLOWER at term 58 for DISCOVERED_A_NEW_TERM
2019-10-16 21:52:57,929 [5c3956af-60d3-411f-8c98-c7ed3576de5c@group-EE856C9543A1-LeaderElection60] INFO  impl.RoleInfo (RoleInfo.java:shutdownLeaderElection(134)) - 5c3956af-60d3-411f-8c98-c7ed3576de5c: shutdown LeaderElection
2019-10-16 21:52:57,930 [5c3956af-60d3-411f-8c98-c7ed3576de5c@group-EE856C9543A1-LeaderElection60] INFO  impl.RoleInfo (RoleInfo.java:updateAndGet(143)) - 5c3956af-60d3-411f-8c98-c7ed3576de5c: start FollowerState
2019-10-16 21:52:58,021 [Thread-659] INFO  impl.FollowerState (FollowerState.java:run(108)) - 5c3956af-60d3-411f-8c98-c7ed3576de5c@group-EE856C9543A1-FollowerState: change to CANDIDATE, lastRpcTime:91ms, electionTimeout:91ms
2019-10-16 21:52:58,021 [Thread-659] INFO  impl.RoleInfo (RoleInfo.java:shutdownFollowerState(121)) - 5c3956af-60d3-411f-8c98-c7ed3576de5c: shutdown FollowerState
2019-10-16 21:52:58,021 [Thread-659] INFO  impl.RaftServerImpl (RaftServerImpl.java:setRole(184)) - 5c3956af-60d3-411f-8c98-c7ed3576de5c@group-EE856C9543A1: changes role from  FOLLOWER to CANDIDATE at term 58 for changeToCandidate
2019-10-16 21:52:58,021 [Thread-659] INFO  impl.RoleInfo (RoleInfo.java:updateAndGet(143)) - 5c3956af-60d3-411f-8c98-c7ed3576de5c: start LeaderElection
2019-10-16 21:52:58,046 [5c3956af-60d3-411f-8c98-c7ed3576de5c@group-EE856C9543A1-LeaderElection61] INFO  impl.LeaderElection (LeaderElection.java:askForVotes(178)) - 5c3956af-60d3-411f-8c98-c7ed3576de5c@group-EE856C9543A1-LeaderElection61: begin an election at term 59 for -1: [5c3956af-60d3-411f-8c98-c7ed3576de5c:192.168.34.38:33787, efb933de-cdd8-4d8d-88d2-4c7ffe0dec1a:192.168.34.38:42459, 9d88716d-5d6b-4fd8-b832-a110dc45ee66:192.168.34.38:38211], old=null
2019-10-16 21:52:58,048 [grpc-default-executor-1] INFO  impl.RaftServerImpl (RaftServerImpl.java:setRole(184)) - efb933de-cdd8-4d8d-88d2-4c7ffe0dec1a@group-EE856C9543A1: changes role from  FOLLOWER to FOLLOWER at term 59 for recognizeCandidate:5c3956af-60d3-411f-8c98-c7ed3576de5c
2019-10-16 21:52:58,049 [grpc-default-executor-1] INFO  impl.RoleInfo (RoleInfo.java:shutdownFollowerState(121)) - efb933de-cdd8-4d8d-88d2-4c7ffe0dec1a: shutdown FollowerState
2019-10-16 21:52:58,049 [grpc-default-executor-0] INFO  impl.RaftServerImpl (RaftServerImpl.java:setRole(184)) - 9d88716d-5d6b-4fd8-b832-a110dc45ee66@group-EE856C9543A1: changes role from  FOLLOWER to FOLLOWER at term 59 for recognizeCandidate:5c3956af-60d3-411f-8c98-c7ed3576de5c
2019-10-16 21:52:58,049 [grpc-default-executor-0] INFO  impl.RoleInfo (RoleInfo.java:shutdownFollowerState(121)) - 9d88716d-5d6b-4fd8-b832-a110dc45ee66: shutdown FollowerState
2019-10-16 21:52:58,049 [Thread-658] INFO  impl.FollowerState (FollowerState.java:run(117)) - efb933de-cdd8-4d8d-88d2-4c7ffe0dec1a@group-EE856C9543A1-FollowerState was interrupted: java.lang.InterruptedException: sleep interrupted
2019-10-16 21:52:58,049 [grpc-default-executor-1] INFO  impl.RoleInfo (RoleInfo.java:updateAndGet(143)) - efb933de-cdd8-4d8d-88d2-4c7ffe0dec1a: start FollowerState
2019-10-16 21:52:58,049 [grpc-default-executor-0] INFO  impl.RoleInfo (RoleInfo.java:updateAndGet(143)) - 9d88716d-5d6b-4fd8-b832-a110dc45ee66: start FollowerState
2019-10-16 21:52:58,049 [Thread-657] INFO  impl.FollowerState (FollowerState.java:run(117)) - 9d88716d-5d6b-4fd8-b832-a110dc45ee66@group-EE856C9543A1-FollowerState was interrupted: java.lang.InterruptedException: sleep interrupted
2019-10-16 21:52:58,064 [5c3956af-60d3-411f-8c98-c7ed3576de5c@group-EE856C9543A1-LeaderElection61] INFO  impl.LeaderElection (LeaderElection.java:logAndReturn(56)) - 5c3956af-60d3-411f-8c98-c7ed3576de5c@group-EE856C9543A1-LeaderElection61: Election REJECTED; received 2 response(s) [5c3956af-60d3-411f-8c98-c7ed3576de5c<-efb933de-cdd8-4d8d-88d2-4c7ffe0dec1a#0:FAIL-t59, 5c3956af-60d3-411f-8c98-c7ed3576de5c<-9d88716d-5d6b-4fd8-b832-a110dc45ee66#0:FAIL-t59] and 0 exception(s); 5c3956af-60d3-411f-8c98-c7ed3576de5c@group-EE856C9543A1:t59, leader=null, voted=5c3956af-60d3-411f-8c98-c7ed3576de5c, raftlog=5c3956af-60d3-411f-8c98-c7ed3576de5c@group-EE856C9543A1-SegmentedRaftLog:OPENED:c-1,f-1,i0, conf=-1: [5c3956af-60d3-411f-8c98-c7ed3576de5c:192.168.34.38:33787, efb933de-cdd8-4d8d-88d2-4c7ffe0dec1a:192.168.34.38:42459, 9d88716d-5d6b-4fd8-b832-a110dc45ee66:192.168.34.38:38211], old=null
2019-10-16 21:52:58,064 [5c3956af-60d3-411f-8c98-c7ed3576de5c@group-EE856C9543A1-LeaderElection61] INFO  impl.RaftServerImpl (RaftServerImpl.java:setRole(184)) - 5c3956af-60d3-411f-8c98-c7ed3576de5c@group-EE856C9543A1: changes role from CANDIDATE to FOLLOWER at term 59 for DISCOVERED_A_NEW_TERM
2019-10-16 21:52:58,065 [5c3956af-60d3-411f-8c98-c7ed3576de5c@group-EE856C9543A1-LeaderElection61] INFO  impl.RoleInfo (RoleInfo.java:shutdownLeaderElection(134)) - 5c3956af-60d3-411f-8c98-c7ed3576de5c: shutdown LeaderElection
2019-10-16 21:52:58,065 [5c3956af-60d3-411f-8c98-c7ed3576de5c@group-EE856C9543A1-LeaderElection61] INFO  impl.RoleInfo (RoleInfo.java:updateAndGet(143)) - 5c3956af-60d3-411f-8c98-c7ed3576de5c: start FollowerState
2019-10-16 21:52:58,106 [Thread-665] INFO  impl.FollowerState (FollowerState.java:run(108)) - 5c3956af-60d3-411f-8c98-c7ed3576de5c@group-EE856C9543A1-FollowerState: change to CANDIDATE, lastRpcTime:41ms, electionTimeout:41ms
2019-10-16 21:52:58,106 [Thread-665] INFO  impl.RoleInfo (RoleInfo.java:shutdownFollowerState(121)) - 5c3956af-60d3-411f-8c98-c7ed3576de5c: shutdown FollowerState
2019-10-16 21:52:58,106 [Thread-665] INFO  impl.RaftServerImpl (RaftServerImpl.java:setRole(184)) - 5c3956af-60d3-411f-8c98-c7ed3576de5c@group-EE856C9543A1: changes role from  FOLLOWER to CANDIDATE at term 59 for changeToCandidate
2019-10-16 21:52:58,107 [Thread-665] INFO  impl.RoleInfo (RoleInfo.java:updateAndGet(143)) - 5c3956af-60d3-411f-8c98-c7ed3576de5c: start LeaderElection
2019-10-16 21:52:58,120 [5c3956af-60d3-411f-8c98-c7ed3576de5c@group-EE856C9543A1-LeaderElection62] INFO  impl.LeaderElection (LeaderElection.java:askForVotes(178)) - 5c3956af-60d3-411f-8c98-c7ed3576de5c@group-EE856C9543A1-LeaderElection62: begin an election at term 60 for -1: [5c3956af-60d3-411f-8c98-c7ed3576de5c:192.168.34.38:33787, efb933de-cdd8-4d8d-88d2-4c7ffe0dec1a:192.168.34.38:42459, 9d88716d-5d6b-4fd8-b832-a110dc45ee66:192.168.34.38:38211], old=null
2019-10-16 21:52:58,123 [grpc-default-executor-1] INFO  impl.RaftServerImpl (RaftServerImpl.java:setRole(184)) - 9d88716d-5d6b-4fd8-b832-a110dc45ee66@group-EE856C9543A1: changes role from  FOLLOWER to FOLLOWER at term 60 for recognizeCandidate:5c3956af-60d3-411f-8c98-c7ed3576de5c
2019-10-16 21:52:58,123 [grpc-default-executor-1] INFO  impl.RoleInfo (RoleInfo.java:shutdownFollowerState(121)) - 9d88716d-5d6b-4fd8-b832-a110dc45ee66: shutdown FollowerState
2019-10-16 21:52:58,123 [grpc-default-executor-0] INFO  impl.RaftServerImpl (RaftServerImpl.java:setRole(184)) - efb933de-cdd8-4d8d-88d2-4c7ffe0dec1a@group-EE856C9543A1: changes role from  FOLLOWER to FOLLOWER at term 60 for recognizeCandidate:5c3956af-60d3-411f-8c98-c7ed3576de5c
2019-10-16 21:52:58,123 [Thread-664] INFO  impl.FollowerState (FollowerState.java:run(117)) - 9d88716d-5d6b-4fd8-b832-a110dc45ee66@group-EE856C9543A1-FollowerState was interrupted: java.lang.InterruptedException: sleep interrupted
2019-10-16 21:52:58,123 [grpc-default-executor-1] INFO  impl.RoleInfo (RoleInfo.java:updateAndGet(143)) - 9d88716d-5d6b-4fd8-b832-a110dc45ee66: start FollowerState
2019-10-16 21:52:58,124 [grpc-default-executor-0] INFO  impl.RoleInfo (RoleInfo.java:shutdownFollowerState(121)) - efb933de-cdd8-4d8d-88d2-4c7ffe0dec1a: shutdown FollowerState
2019-10-16 21:52:58,124 [grpc-default-executor-0] INFO  impl.RoleInfo (RoleInfo.java:updateAndGet(143)) - efb933de-cdd8-4d8d-88d2-4c7ffe0dec1a: start FollowerState
2019-10-16 21:52:58,124 [Thread-663] INFO  impl.FollowerState (FollowerState.java:run(117)) - efb933de-cdd8-4d8d-88d2-4c7ffe0dec1a@group-EE856C9543A1-FollowerState was interrupted: java.lang.InterruptedException: sleep interrupted
2019-10-16 21:52:58,138 [5c3956af-60d3-411f-8c98-c7ed3576de5c@group-EE856C9543A1-LeaderElection62] INFO  impl.LeaderElection (LeaderElection.java:logAndReturn(56)) - 5c3956af-60d3-411f-8c98-c7ed3576de5c@group-EE856C9543A1-LeaderElection62: Election REJECTED; received 2 response(s) [5c3956af-60d3-411f-8c98-c7ed3576de5c<-efb933de-cdd8-4d8d-88d2-4c7ffe0dec1a#0:FAIL-t60, 5c3956af-60d3-411f-8c98-c7ed3576de5c<-9d88716d-5d6b-4fd8-b832-a110dc45ee66#0:FAIL-t60] and 0 exception(s); 5c3956af-60d3-411f-8c98-c7ed3576de5c@group-EE856C9543A1:t60, leader=null, voted=5c3956af-60d3-411f-8c98-c7ed3576de5c, raftlog=5c3956af-60d3-411f-8c98-c7ed3576de5c@group-EE856C9543A1-SegmentedRaftLog:OPENED:c-1,f-1,i0, conf=-1: [5c3956af-60d3-411f-8c98-c7ed3576de5c:192.168.34.38:33787, efb933de-cdd8-4d8d-88d2-4c7ffe0dec1a:192.168.34.38:42459, 9d88716d-5d6b-4fd8-b832-a110dc45ee66:192.168.34.38:38211], old=null
2019-10-16 21:52:58,138 [5c3956af-60d3-411f-8c98-c7ed3576de5c@group-EE856C9543A1-LeaderElection62] INFO  impl.RaftServerImpl (RaftServerImpl.java:setRole(184)) - 5c3956af-60d3-411f-8c98-c7ed3576de5c@group-EE856C9543A1: changes role from CANDIDATE to FOLLOWER at term 60 for DISCOVERED_A_NEW_TERM
2019-10-16 21:52:58,139 [5c3956af-60d3-411f-8c98-c7ed3576de5c@group-EE856C9543A1-LeaderElection62] INFO  impl.RoleInfo (RoleInfo.java:shutdownLeaderElection(134)) - 5c3956af-60d3-411f-8c98-c7ed3576de5c: shutdown LeaderElection
2019-10-16 21:52:58,139 [5c3956af-60d3-411f-8c98-c7ed3576de5c@group-EE856C9543A1-LeaderElection62] INFO  impl.RoleInfo (RoleInfo.java:updateAndGet(143)) - 5c3956af-60d3-411f-8c98-c7ed3576de5c: start FollowerState
2019-10-16 21:52:58,303 [Thread-671] INFO  impl.FollowerState (FollowerState.java:run(108)) - 5c3956af-60d3-411f-8c98-c7ed3576de5c@group-EE856C9543A1-FollowerState: change to CANDIDATE, lastRpcTime:164ms, electionTimeout:164ms
2019-10-16 21:52:58,303 [Thread-671] INFO  impl.RoleInfo (RoleInfo.java:shutdownFollowerState(121)) - 5c3956af-60d3-411f-8c98-c7ed3576de5c: shutdown FollowerState
2019-10-16 21:52:58,303 [Thread-671] INFO  impl.RaftServerImpl (RaftServerImpl.java:setRole(184)) - 5c3956af-60d3-411f-8c98-c7ed3576de5c@group-EE856C9543A1: changes role from  FOLLOWER to CANDIDATE at term 60 for changeToCandidate
2019-10-16 21:52:58,303 [Thread-671] INFO  impl.RoleInfo (RoleInfo.java:updateAndGet(143)) - 5c3956af-60d3-411f-8c98-c7ed3576de5c: start LeaderElection
2019-10-16 21:52:58,319 [5c3956af-60d3-411f-8c98-c7ed3576de5c@group-EE856C9543A1-LeaderElection63] INFO  impl.LeaderElection (LeaderElection.java:askForVotes(178)) - 5c3956af-60d3-411f-8c98-c7ed3576de5c@group-EE856C9543A1-LeaderElection63: begin an election at term 61 for -1: [5c3956af-60d3-411f-8c98-c7ed3576de5c:192.168.34.38:33787, efb933de-cdd8-4d8d-88d2-4c7ffe0dec1a:192.168.34.38:42459, 9d88716d-5d6b-4fd8-b832-a110dc45ee66:192.168.34.38:38211], old=null
2019-10-16 21:52:58,322 [grpc-default-executor-1] INFO  impl.RaftServerImpl (RaftServerImpl.java:setRole(184)) - 9d88716d-5d6b-4fd8-b832-a110dc45ee66@group-EE856C9543A1: changes role from  FOLLOWER to FOLLOWER at term 61 for recognizeCandidate:5c3956af-60d3-411f-8c98-c7ed3576de5c
2019-10-16 21:52:58,322 [grpc-default-executor-1] INFO  impl.RoleInfo (RoleInfo.java:shutdownFollowerState(121)) - 9d88716d-5d6b-4fd8-b832-a110dc45ee66: shutdown FollowerState
2019-10-16 21:52:58,322 [grpc-default-executor-0] INFO  impl.RaftServerImpl (RaftServerImpl.java:setRole(184)) - efb933de-cdd8-4d8d-88d2-4c7ffe0dec1a@group-EE856C9543A1: changes role from  FOLLOWER to FOLLOWER at term 61 for recognizeCandidate:5c3956af-60d3-411f-8c98-c7ed3576de5c
2019-10-16 21:52:58,323 [grpc-default-executor-0] INFO  impl.RoleInfo (RoleInfo.java:shutdownFollowerState(121)) - efb933de-cdd8-4d8d-88d2-4c7ffe0dec1a: shutdown FollowerState
2019-10-16 21:52:58,322 [Thread-669] INFO  impl.FollowerState (FollowerState.java:run(117)) - 9d88716d-5d6b-4fd8-b832-a110dc45ee66@group-EE856C9543A1-FollowerState was interrupted: java.lang.InterruptedException: sleep interrupted
2019-10-16 21:52:58,322 [grpc-default-executor-1] INFO  impl.RoleInfo (RoleInfo.java:updateAndGet(143)) - 9d88716d-5d6b-4fd8-b832-a110dc45ee66: start FollowerState
2019-10-16 21:52:58,323 [Thread-670] INFO  impl.FollowerState (FollowerState.java:run(117)) - efb933de-cdd8-4d8d-88d2-4c7ffe0dec1a@group-EE856C9543A1-FollowerState was interrupted: java.lang.InterruptedException: sleep interrupted
2019-10-16 21:52:58,323 [grpc-default-executor-0] INFO  impl.RoleInfo (RoleInfo.java:updateAndGet(143)) - efb933de-cdd8-4d8d-88d2-4c7ffe0dec1a: start FollowerState
2019-10-16 21:52:58,337 [5c3956af-60d3-411f-8c98-c7ed3576de5c@group-EE856C9543A1-LeaderElection63] INFO  impl.LeaderElection (LeaderElection.java:logAndReturn(56)) - 5c3956af-60d3-411f-8c98-c7ed3576de5c@group-EE856C9543A1-LeaderElection63: Election REJECTED; received 2 response(s) [5c3956af-60d3-411f-8c98-c7ed3576de5c<-efb933de-cdd8-4d8d-88d2-4c7ffe0dec1a#0:FAIL-t61, 5c3956af-60d3-411f-8c98-c7ed3576de5c<-9d88716d-5d6b-4fd8-b832-a110dc45ee66#0:FAIL-t61] and 0 exception(s); 5c3956af-60d3-411f-8c98-c7ed3576de5c@group-EE856C9543A1:t61, leader=null, voted=5c3956af-60d3-411f-8c98-c7ed3576de5c, raftlog=5c3956af-60d3-411f-8c98-c7ed3576de5c@group-EE856C9543A1-SegmentedRaftLog:OPENED:c-1,f-1,i0, conf=-1: [5c3956af-60d3-411f-8c98-c7ed3576de5c:192.168.34.38:33787, efb933de-cdd8-4d8d-88d2-4c7ffe0dec1a:192.168.34.38:42459, 9d88716d-5d6b-4fd8-b832-a110dc45ee66:192.168.34.38:38211], old=null
2019-10-16 21:52:58,337 [5c3956af-60d3-411f-8c98-c7ed3576de5c@group-EE856C9543A1-LeaderElection63] INFO  impl.RaftServerImpl (RaftServerImpl.java:setRole(184)) - 5c3956af-60d3-411f-8c98-c7ed3576de5c@group-EE856C9543A1: changes role from CANDIDATE to FOLLOWER at term 61 for DISCOVERED_A_NEW_TERM
2019-10-16 21:52:58,337 [5c3956af-60d3-411f-8c98-c7ed3576de5c@group-EE856C9543A1-LeaderElection63] INFO  impl.RoleInfo (RoleInfo.java:shutdownLeaderElection(134)) - 5c3956af-60d3-411f-8c98-c7ed3576de5c: shutdown LeaderElection
2019-10-16 21:52:58,337 [5c3956af-60d3-411f-8c98-c7ed3576de5c@group-EE856C9543A1-LeaderElection63] INFO  impl.RoleInfo (RoleInfo.java:updateAndGet(143)) - 5c3956af-60d3-411f-8c98-c7ed3576de5c: start FollowerState
2019-10-16 21:52:58,394 [JUnit] INFO  ozone.MiniOzoneClusterImpl (MiniOzoneClusterImpl.java:lambda$waitForClusterToBeReady$2(164)) - Waiting for 1 number of pipelines out of 6, to report a leader.
2019-10-16 21:52:58,424 [Thread-677] INFO  impl.FollowerState (FollowerState.java:run(108)) - 5c3956af-60d3-411f-8c98-c7ed3576de5c@group-EE856C9543A1-FollowerState: change to CANDIDATE, lastRpcTime:86ms, electionTimeout:86ms
2019-10-16 21:52:58,424 [Thread-677] INFO  impl.RoleInfo (RoleInfo.java:shutdownFollowerState(121)) - 5c3956af-60d3-411f-8c98-c7ed3576de5c: shutdown FollowerState
2019-10-16 21:52:58,424 [Thread-677] INFO  impl.RaftServerImpl (RaftServerImpl.java:setRole(184)) - 5c3956af-60d3-411f-8c98-c7ed3576de5c@group-EE856C9543A1: changes role from  FOLLOWER to CANDIDATE at term 61 for changeToCandidate
2019-10-16 21:52:58,424 [Thread-677] INFO  impl.RoleInfo (RoleInfo.java:updateAndGet(143)) - 5c3956af-60d3-411f-8c98-c7ed3576de5c: start LeaderElection
2019-10-16 21:52:58,438 [5c3956af-60d3-411f-8c98-c7ed3576de5c@group-EE856C9543A1-LeaderElection64] INFO  impl.LeaderElection (LeaderElection.java:askForVotes(178)) - 5c3956af-60d3-411f-8c98-c7ed3576de5c@group-EE856C9543A1-LeaderElection64: begin an election at term 62 for -1: [5c3956af-60d3-411f-8c98-c7ed3576de5c:192.168.34.38:33787, efb933de-cdd8-4d8d-88d2-4c7ffe0dec1a:192.168.34.38:42459, 9d88716d-5d6b-4fd8-b832-a110dc45ee66:192.168.34.38:38211], old=null
2019-10-16 21:52:58,442 [grpc-default-executor-1] INFO  impl.RaftServerImpl (RaftServerImpl.java:setRole(184)) - efb933de-cdd8-4d8d-88d2-4c7ffe0dec1a@group-EE856C9543A1: changes role from  FOLLOWER to FOLLOWER at term 62 for recognizeCandidate:5c3956af-60d3-411f-8c98-c7ed3576de5c
2019-10-16 21:52:58,442 [grpc-default-executor-1] INFO  impl.RoleInfo (RoleInfo.java:shutdownFollowerState(121)) - efb933de-cdd8-4d8d-88d2-4c7ffe0dec1a: shutdown FollowerState
2019-10-16 21:52:58,442 [grpc-default-executor-0] INFO  impl.RaftServerImpl (RaftServerImpl.java:setRole(184)) - 9d88716d-5d6b-4fd8-b832-a110dc45ee66@group-EE856C9543A1: changes role from  FOLLOWER to FOLLOWER at term 62 for recognizeCandidate:5c3956af-60d3-411f-8c98-c7ed3576de5c
2019-10-16 21:52:58,442 [Thread-676] INFO  impl.FollowerState (FollowerState.java:run(117)) - efb933de-cdd8-4d8d-88d2-4c7ffe0dec1a@group-EE856C9543A1-FollowerState was interrupted: java.lang.InterruptedException: sleep interrupted
2019-10-16 21:52:58,442 [grpc-default-executor-1] INFO  impl.RoleInfo (RoleInfo.java:updateAndGet(143)) - efb933de-cdd8-4d8d-88d2-4c7ffe0dec1a: start FollowerState
2019-10-16 21:52:58,442 [grpc-default-executor-0] INFO  impl.RoleInfo (RoleInfo.java:shutdownFollowerState(121)) - 9d88716d-5d6b-4fd8-b832-a110dc45ee66: shutdown FollowerState
2019-10-16 21:52:58,443 [grpc-default-executor-0] INFO  impl.RoleInfo (RoleInfo.java:updateAndGet(143)) - 9d88716d-5d6b-4fd8-b832-a110dc45ee66: start FollowerState
2019-10-16 21:52:58,443 [Thread-675] INFO  impl.FollowerState (FollowerState.java:run(117)) - 9d88716d-5d6b-4fd8-b832-a110dc45ee66@group-EE856C9543A1-FollowerState was interrupted: java.lang.InterruptedException: sleep interrupted
2019-10-16 21:52:58,458 [5c3956af-60d3-411f-8c98-c7ed3576de5c@group-EE856C9543A1-LeaderElection64] INFO  impl.LeaderElection (LeaderElection.java:logAndReturn(56)) - 5c3956af-60d3-411f-8c98-c7ed3576de5c@group-EE856C9543A1-LeaderElection64: Election REJECTED; received 2 response(s) [5c3956af-60d3-411f-8c98-c7ed3576de5c<-efb933de-cdd8-4d8d-88d2-4c7ffe0dec1a#0:FAIL-t62, 5c3956af-60d3-411f-8c98-c7ed3576de5c<-9d88716d-5d6b-4fd8-b832-a110dc45ee66#0:FAIL-t62] and 0 exception(s); 5c3956af-60d3-411f-8c98-c7ed3576de5c@group-EE856C9543A1:t62, leader=null, voted=5c3956af-60d3-411f-8c98-c7ed3576de5c, raftlog=5c3956af-60d3-411f-8c98-c7ed3576de5c@group-EE856C9543A1-SegmentedRaftLog:OPENED:c-1,f-1,i0, conf=-1: [5c3956af-60d3-411f-8c98-c7ed3576de5c:192.168.34.38:33787, efb933de-cdd8-4d8d-88d2-4c7ffe0dec1a:192.168.34.38:42459, 9d88716d-5d6b-4fd8-b832-a110dc45ee66:192.168.34.38:38211], old=null
2019-10-16 21:52:58,458 [5c3956af-60d3-411f-8c98-c7ed3576de5c@group-EE856C9543A1-LeaderElection64] INFO  impl.RaftServerImpl (RaftServerImpl.java:setRole(184)) - 5c3956af-60d3-411f-8c98-c7ed3576de5c@group-EE856C9543A1: changes role from CANDIDATE to FOLLOWER at term 62 for DISCOVERED_A_NEW_TERM
2019-10-16 21:52:58,458 [5c3956af-60d3-411f-8c98-c7ed3576de5c@group-EE856C9543A1-LeaderElection64] INFO  impl.RoleInfo (RoleInfo.java:shutdownLeaderElection(134)) - 5c3956af-60d3-411f-8c98-c7ed3576de5c: shutdown LeaderElection
2019-10-16 21:52:58,458 [5c3956af-60d3-411f-8c98-c7ed3576de5c@group-EE856C9543A1-LeaderElection64] INFO  impl.RoleInfo (RoleInfo.java:updateAndGet(143)) - 5c3956af-60d3-411f-8c98-c7ed3576de5c: start FollowerState
2019-10-16 21:52:58,607 [Thread-683] INFO  impl.FollowerState (FollowerState.java:run(108)) - 5c3956af-60d3-411f-8c98-c7ed3576de5c@group-EE856C9543A1-FollowerState: change to CANDIDATE, lastRpcTime:148ms, electionTimeout:148ms
2019-10-16 21:52:58,607 [Thread-683] INFO  impl.RoleInfo (RoleInfo.java:shutdownFollowerState(121)) - 5c3956af-60d3-411f-8c98-c7ed3576de5c: shutdown FollowerState
2019-10-16 21:52:58,607 [Thread-683] INFO  impl.RaftServerImpl (RaftServerImpl.java:setRole(184)) - 5c3956af-60d3-411f-8c98-c7ed3576de5c@group-EE856C9543A1: changes role from  FOLLOWER to CANDIDATE at term 62 for changeToCandidate
2019-10-16 21:52:58,607 [Thread-683] INFO  impl.RoleInfo (RoleInfo.java:updateAndGet(143)) - 5c3956af-60d3-411f-8c98-c7ed3576de5c: start LeaderElection
2019-10-16 21:52:58,621 [5c3956af-60d3-411f-8c98-c7ed3576de5c@group-EE856C9543A1-LeaderElection65] INFO  impl.LeaderElection (LeaderElection.java:askForVotes(178)) - 5c3956af-60d3-411f-8c98-c7ed3576de5c@group-EE856C9543A1-LeaderElection65: begin an election at term 63 for -1: [5c3956af-60d3-411f-8c98-c7ed3576de5c:192.168.34.38:33787, efb933de-cdd8-4d8d-88d2-4c7ffe0dec1a:192.168.34.38:42459, 9d88716d-5d6b-4fd8-b832-a110dc45ee66:192.168.34.38:38211], old=null
2019-10-16 21:52:58,624 [grpc-default-executor-1] INFO  impl.RaftServerImpl (RaftServerImpl.java:setRole(184)) - efb933de-cdd8-4d8d-88d2-4c7ffe0dec1a@group-EE856C9543A1: changes role from  FOLLOWER to FOLLOWER at term 63 for recognizeCandidate:5c3956af-60d3-411f-8c98-c7ed3576de5c
2019-10-16 21:52:58,624 [grpc-default-executor-0] INFO  impl.RaftServerImpl (RaftServerImpl.java:setRole(184)) - 9d88716d-5d6b-4fd8-b832-a110dc45ee66@group-EE856C9543A1: changes role from  FOLLOWER to FOLLOWER at term 63 for recognizeCandidate:5c3956af-60d3-411f-8c98-c7ed3576de5c
2019-10-16 21:52:58,624 [grpc-default-executor-1] INFO  impl.RoleInfo (RoleInfo.java:shutdownFollowerState(121)) - efb933de-cdd8-4d8d-88d2-4c7ffe0dec1a: shutdown FollowerState
2019-10-16 21:52:58,624 [grpc-default-executor-0] INFO  impl.RoleInfo (RoleInfo.java:shutdownFollowerState(121)) - 9d88716d-5d6b-4fd8-b832-a110dc45ee66: shutdown FollowerState
2019-10-16 21:52:58,624 [Thread-681] INFO  impl.FollowerState (FollowerState.java:run(117)) - efb933de-cdd8-4d8d-88d2-4c7ffe0dec1a@group-EE856C9543A1-FollowerState was interrupted: java.lang.InterruptedException: sleep interrupted
2019-10-16 21:52:58,624 [Thread-682] INFO  impl.FollowerState (FollowerState.java:run(117)) - 9d88716d-5d6b-4fd8-b832-a110dc45ee66@group-EE856C9543A1-FollowerState was interrupted: java.lang.InterruptedException: sleep interrupted
2019-10-16 21:52:58,624 [grpc-default-executor-1] INFO  impl.RoleInfo (RoleInfo.java:updateAndGet(143)) - efb933de-cdd8-4d8d-88d2-4c7ffe0dec1a: start FollowerState
2019-10-16 21:52:58,624 [grpc-default-executor-0] INFO  impl.RoleInfo (RoleInfo.java:updateAndGet(143)) - 9d88716d-5d6b-4fd8-b832-a110dc45ee66: start FollowerState
2019-10-16 21:52:58,640 [5c3956af-60d3-411f-8c98-c7ed3576de5c@group-EE856C9543A1-LeaderElection65] INFO  impl.LeaderElection (LeaderElection.java:logAndReturn(56)) - 5c3956af-60d3-411f-8c98-c7ed3576de5c@group-EE856C9543A1-LeaderElection65: Election REJECTED; received 2 response(s) [5c3956af-60d3-411f-8c98-c7ed3576de5c<-efb933de-cdd8-4d8d-88d2-4c7ffe0dec1a#0:FAIL-t63, 5c3956af-60d3-411f-8c98-c7ed3576de5c<-9d88716d-5d6b-4fd8-b832-a110dc45ee66#0:FAIL-t63] and 0 exception(s); 5c3956af-60d3-411f-8c98-c7ed3576de5c@group-EE856C9543A1:t63, leader=null, voted=5c3956af-60d3-411f-8c98-c7ed3576de5c, raftlog=5c3956af-60d3-411f-8c98-c7ed3576de5c@group-EE856C9543A1-SegmentedRaftLog:OPENED:c-1,f-1,i0, conf=-1: [5c3956af-60d3-411f-8c98-c7ed3576de5c:192.168.34.38:33787, efb933de-cdd8-4d8d-88d2-4c7ffe0dec1a:192.168.34.38:42459, 9d88716d-5d6b-4fd8-b832-a110dc45ee66:192.168.34.38:38211], old=null
2019-10-16 21:52:58,640 [5c3956af-60d3-411f-8c98-c7ed3576de5c@group-EE856C9543A1-LeaderElection65] INFO  impl.RaftServerImpl (RaftServerImpl.java:setRole(184)) - 5c3956af-60d3-411f-8c98-c7ed3576de5c@group-EE856C9543A1: changes role from CANDIDATE to FOLLOWER at term 63 for DISCOVERED_A_NEW_TERM
2019-10-16 21:52:58,640 [5c3956af-60d3-411f-8c98-c7ed3576de5c@group-EE856C9543A1-LeaderElection65] INFO  impl.RoleInfo (RoleInfo.java:shutdownLeaderElection(134)) - 5c3956af-60d3-411f-8c98-c7ed3576de5c: shutdown LeaderElection
2019-10-16 21:52:58,641 [5c3956af-60d3-411f-8c98-c7ed3576de5c@group-EE856C9543A1-LeaderElection65] INFO  impl.RoleInfo (RoleInfo.java:updateAndGet(143)) - 5c3956af-60d3-411f-8c98-c7ed3576de5c: start FollowerState
2019-10-16 21:52:58,750 [Thread-689] INFO  impl.FollowerState (FollowerState.java:run(108)) - 5c3956af-60d3-411f-8c98-c7ed3576de5c@group-EE856C9543A1-FollowerState: change to CANDIDATE, lastRpcTime:109ms, electionTimeout:109ms
2019-10-16 21:52:58,750 [Thread-689] INFO  impl.RoleInfo (RoleInfo.java:shutdownFollowerState(121)) - 5c3956af-60d3-411f-8c98-c7ed3576de5c: shutdown FollowerState
2019-10-16 21:52:58,750 [Thread-689] INFO  impl.RaftServerImpl (RaftServerImpl.java:setRole(184)) - 5c3956af-60d3-411f-8c98-c7ed3576de5c@group-EE856C9543A1: changes role from  FOLLOWER to CANDIDATE at term 63 for changeToCandidate
2019-10-16 21:52:58,750 [Thread-689] INFO  impl.RoleInfo (RoleInfo.java:updateAndGet(143)) - 5c3956af-60d3-411f-8c98-c7ed3576de5c: start LeaderElection
2019-10-16 21:52:58,764 [5c3956af-60d3-411f-8c98-c7ed3576de5c@group-EE856C9543A1-LeaderElection66] INFO  impl.LeaderElection (LeaderElection.java:askForVotes(178)) - 5c3956af-60d3-411f-8c98-c7ed3576de5c@group-EE856C9543A1-LeaderElection66: begin an election at term 64 for -1: [5c3956af-60d3-411f-8c98-c7ed3576de5c:192.168.34.38:33787, efb933de-cdd8-4d8d-88d2-4c7ffe0dec1a:192.168.34.38:42459, 9d88716d-5d6b-4fd8-b832-a110dc45ee66:192.168.34.38:38211], old=null
2019-10-16 21:52:58,768 [grpc-default-executor-1] INFO  impl.RaftServerImpl (RaftServerImpl.java:setRole(184)) - 9d88716d-5d6b-4fd8-b832-a110dc45ee66@group-EE856C9543A1: changes role from  FOLLOWER to FOLLOWER at term 64 for recognizeCandidate:5c3956af-60d3-411f-8c98-c7ed3576de5c
2019-10-16 21:52:58,768 [grpc-default-executor-0] INFO  impl.RaftServerImpl (RaftServerImpl.java:setRole(184)) - efb933de-cdd8-4d8d-88d2-4c7ffe0dec1a@group-EE856C9543A1: changes role from  FOLLOWER to FOLLOWER at term 64 for recognizeCandidate:5c3956af-60d3-411f-8c98-c7ed3576de5c
2019-10-16 21:52:58,768 [grpc-default-executor-1] INFO  impl.RoleInfo (RoleInfo.java:shutdownFollowerState(121)) - 9d88716d-5d6b-4fd8-b832-a110dc45ee66: shutdown FollowerState
2019-10-16 21:52:58,768 [grpc-default-executor-0] INFO  impl.RoleInfo (RoleInfo.java:shutdownFollowerState(121)) - efb933de-cdd8-4d8d-88d2-4c7ffe0dec1a: shutdown FollowerState
2019-10-16 21:52:58,768 [Thread-688] INFO  impl.FollowerState (FollowerState.java:run(117)) - 9d88716d-5d6b-4fd8-b832-a110dc45ee66@group-EE856C9543A1-FollowerState was interrupted: java.lang.InterruptedException: sleep interrupted
2019-10-16 21:52:58,768 [Thread-687] INFO  impl.FollowerState (FollowerState.java:run(117)) - efb933de-cdd8-4d8d-88d2-4c7ffe0dec1a@group-EE856C9543A1-FollowerState was interrupted: java.lang.InterruptedException: sleep interrupted
2019-10-16 21:52:58,768 [grpc-default-executor-1] INFO  impl.RoleInfo (RoleInfo.java:updateAndGet(143)) - 9d88716d-5d6b-4fd8-b832-a110dc45ee66: start FollowerState
2019-10-16 21:52:58,768 [grpc-default-executor-0] INFO  impl.RoleInfo (RoleInfo.java:updateAndGet(143)) - efb933de-cdd8-4d8d-88d2-4c7ffe0dec1a: start FollowerState
2019-10-16 21:52:58,784 [5c3956af-60d3-411f-8c98-c7ed3576de5c@group-EE856C9543A1-LeaderElection66] INFO  impl.LeaderElection (LeaderElection.java:logAndReturn(56)) - 5c3956af-60d3-411f-8c98-c7ed3576de5c@group-EE856C9543A1-LeaderElection66: Election REJECTED; received 2 response(s) [5c3956af-60d3-411f-8c98-c7ed3576de5c<-efb933de-cdd8-4d8d-88d2-4c7ffe0dec1a#0:FAIL-t64, 5c3956af-60d3-411f-8c98-c7ed3576de5c<-9d88716d-5d6b-4fd8-b832-a110dc45ee66#0:FAIL-t64] and 0 exception(s); 5c3956af-60d3-411f-8c98-c7ed3576de5c@group-EE856C9543A1:t64, leader=null, voted=5c3956af-60d3-411f-8c98-c7ed3576de5c, raftlog=5c3956af-60d3-411f-8c98-c7ed3576de5c@group-EE856C9543A1-SegmentedRaftLog:OPENED:c-1,f-1,i0, conf=-1: [5c3956af-60d3-411f-8c98-c7ed3576de5c:192.168.34.38:33787, efb933de-cdd8-4d8d-88d2-4c7ffe0dec1a:192.168.34.38:42459, 9d88716d-5d6b-4fd8-b832-a110dc45ee66:192.168.34.38:38211], old=null
2019-10-16 21:52:58,784 [5c3956af-60d3-411f-8c98-c7ed3576de5c@group-EE856C9543A1-LeaderElection66] INFO  impl.RaftServerImpl (RaftServerImpl.java:setRole(184)) - 5c3956af-60d3-411f-8c98-c7ed3576de5c@group-EE856C9543A1: changes role from CANDIDATE to FOLLOWER at term 64 for DISCOVERED_A_NEW_TERM
2019-10-16 21:52:58,784 [5c3956af-60d3-411f-8c98-c7ed3576de5c@group-EE856C9543A1-LeaderElection66] INFO  impl.RoleInfo (RoleInfo.java:shutdownLeaderElection(134)) - 5c3956af-60d3-411f-8c98-c7ed3576de5c: shutdown LeaderElection
2019-10-16 21:52:58,784 [5c3956af-60d3-411f-8c98-c7ed3576de5c@group-EE856C9543A1-LeaderElection66] INFO  impl.RoleInfo (RoleInfo.java:updateAndGet(143)) - 5c3956af-60d3-411f-8c98-c7ed3576de5c: start FollowerState
2019-10-16 21:52:58,828 [Thread-695] INFO  impl.FollowerState (FollowerState.java:run(108)) - 5c3956af-60d3-411f-8c98-c7ed3576de5c@group-EE856C9543A1-FollowerState: change to CANDIDATE, lastRpcTime:43ms, electionTimeout:43ms
2019-10-16 21:52:58,828 [Thread-695] INFO  impl.RoleInfo (RoleInfo.java:shutdownFollowerState(121)) - 5c3956af-60d3-411f-8c98-c7ed3576de5c: shutdown FollowerState
2019-10-16 21:52:58,828 [Thread-695] INFO  impl.RaftServerImpl (RaftServerImpl.java:setRole(184)) - 5c3956af-60d3-411f-8c98-c7ed3576de5c@group-EE856C9543A1: changes role from  FOLLOWER to CANDIDATE at term 64 for changeToCandidate
2019-10-16 21:52:58,828 [Thread-695] INFO  impl.RoleInfo (RoleInfo.java:updateAndGet(143)) - 5c3956af-60d3-411f-8c98-c7ed3576de5c: start LeaderElection
2019-10-16 21:52:58,842 [5c3956af-60d3-411f-8c98-c7ed3576de5c@group-EE856C9543A1-LeaderElection67] INFO  impl.LeaderElection (LeaderElection.java:askForVotes(178)) - 5c3956af-60d3-411f-8c98-c7ed3576de5c@group-EE856C9543A1-LeaderElection67: begin an election at term 65 for -1: [5c3956af-60d3-411f-8c98-c7ed3576de5c:192.168.34.38:33787, efb933de-cdd8-4d8d-88d2-4c7ffe0dec1a:192.168.34.38:42459, 9d88716d-5d6b-4fd8-b832-a110dc45ee66:192.168.34.38:38211], old=null
2019-10-16 21:52:58,845 [grpc-default-executor-1] INFO  impl.RaftServerImpl (RaftServerImpl.java:setRole(184)) - efb933de-cdd8-4d8d-88d2-4c7ffe0dec1a@group-EE856C9543A1: changes role from  FOLLOWER to FOLLOWER at term 65 for recognizeCandidate:5c3956af-60d3-411f-8c98-c7ed3576de5c
2019-10-16 21:52:58,845 [grpc-default-executor-0] INFO  impl.RaftServerImpl (RaftServerImpl.java:setRole(184)) - 9d88716d-5d6b-4fd8-b832-a110dc45ee66@group-EE856C9543A1: changes role from  FOLLOWER to FOLLOWER at term 65 for recognizeCandidate:5c3956af-60d3-411f-8c98-c7ed3576de5c
2019-10-16 21:52:58,846 [grpc-default-executor-1] INFO  impl.RoleInfo (RoleInfo.java:shutdownFollowerState(121)) - efb933de-cdd8-4d8d-88d2-4c7ffe0dec1a: shutdown FollowerState
2019-10-16 21:52:58,846 [grpc-default-executor-0] INFO  impl.RoleInfo (RoleInfo.java:shutdownFollowerState(121)) - 9d88716d-5d6b-4fd8-b832-a110dc45ee66: shutdown FollowerState
2019-10-16 21:52:58,846 [Thread-694] INFO  impl.FollowerState (FollowerState.java:run(117)) - efb933de-cdd8-4d8d-88d2-4c7ffe0dec1a@group-EE856C9543A1-FollowerState was interrupted: java.lang.InterruptedException: sleep interrupted
2019-10-16 21:52:58,846 [grpc-default-executor-1] INFO  impl.RoleInfo (RoleInfo.java:updateAndGet(143)) - efb933de-cdd8-4d8d-88d2-4c7ffe0dec1a: start FollowerState
2019-10-16 21:52:58,846 [Thread-693] INFO  impl.FollowerState (FollowerState.java:run(117)) - 9d88716d-5d6b-4fd8-b832-a110dc45ee66@group-EE856C9543A1-FollowerState was interrupted: java.lang.InterruptedException: sleep interrupted
2019-10-16 21:52:58,846 [grpc-default-executor-0] INFO  impl.RoleInfo (RoleInfo.java:updateAndGet(143)) - 9d88716d-5d6b-4fd8-b832-a110dc45ee66: start FollowerState
2019-10-16 21:52:58,850 [5c3956af-60d3-411f-8c98-c7ed3576de5c@group-EE856C9543A1-LeaderElection67] INFO  impl.LeaderElection (LeaderElection.java:logAndReturn(56)) - 5c3956af-60d3-411f-8c98-c7ed3576de5c@group-EE856C9543A1-LeaderElection67: Election TIMEOUT; received 0 response(s) [] and 0 exception(s); 5c3956af-60d3-411f-8c98-c7ed3576de5c@group-EE856C9543A1:t65, leader=null, voted=5c3956af-60d3-411f-8c98-c7ed3576de5c, raftlog=5c3956af-60d3-411f-8c98-c7ed3576de5c@group-EE856C9543A1-SegmentedRaftLog:OPENED:c-1,f-1,i0, conf=-1: [5c3956af-60d3-411f-8c98-c7ed3576de5c:192.168.34.38:33787, efb933de-cdd8-4d8d-88d2-4c7ffe0dec1a:192.168.34.38:42459, 9d88716d-5d6b-4fd8-b832-a110dc45ee66:192.168.34.38:38211], old=null
2019-10-16 21:52:58,871 [5c3956af-60d3-411f-8c98-c7ed3576de5c@group-EE856C9543A1-LeaderElection67] INFO  impl.LeaderElection (LeaderElection.java:askForVotes(178)) - 5c3956af-60d3-411f-8c98-c7ed3576de5c@group-EE856C9543A1-LeaderElection67: begin an election at term 66 for -1: [5c3956af-60d3-411f-8c98-c7ed3576de5c:192.168.34.38:33787, efb933de-cdd8-4d8d-88d2-4c7ffe0dec1a:192.168.34.38:42459, 9d88716d-5d6b-4fd8-b832-a110dc45ee66:192.168.34.38:38211], old=null
2019-10-16 21:52:58,874 [grpc-default-executor-0] INFO  impl.RaftServerImpl (RaftServerImpl.java:setRole(184)) - 9d88716d-5d6b-4fd8-b832-a110dc45ee66@group-EE856C9543A1: changes role from  FOLLOWER to FOLLOWER at term 66 for recognizeCandidate:5c3956af-60d3-411f-8c98-c7ed3576de5c
2019-10-16 21:52:58,874 [grpc-default-executor-1] INFO  impl.RaftServerImpl (RaftServerImpl.java:setRole(184)) - efb933de-cdd8-4d8d-88d2-4c7ffe0dec1a@group-EE856C9543A1: changes role from  FOLLOWER to FOLLOWER at term 66 for recognizeCandidate:5c3956af-60d3-411f-8c98-c7ed3576de5c
2019-10-16 21:52:58,874 [grpc-default-executor-0] INFO  impl.RoleInfo (RoleInfo.java:shutdownFollowerState(121)) - 9d88716d-5d6b-4fd8-b832-a110dc45ee66: shutdown FollowerState
2019-10-16 21:52:58,874 [grpc-default-executor-1] INFO  impl.RoleInfo (RoleInfo.java:shutdownFollowerState(121)) - efb933de-cdd8-4d8d-88d2-4c7ffe0dec1a: shutdown FollowerState
2019-10-16 21:52:58,874 [Thread-700] INFO  impl.FollowerState (FollowerState.java:run(117)) - 9d88716d-5d6b-4fd8-b832-a110dc45ee66@group-EE856C9543A1-FollowerState was interrupted: java.lang.InterruptedException: sleep interrupted
2019-10-16 21:52:58,874 [grpc-default-executor-0] INFO  impl.RoleInfo (RoleInfo.java:updateAndGet(143)) - 9d88716d-5d6b-4fd8-b832-a110dc45ee66: start FollowerState
2019-10-16 21:52:58,874 [Thread-699] INFO  impl.FollowerState (FollowerState.java:run(117)) - efb933de-cdd8-4d8d-88d2-4c7ffe0dec1a@group-EE856C9543A1-FollowerState was interrupted: java.lang.InterruptedException: sleep interrupted
2019-10-16 21:52:58,874 [grpc-default-executor-1] INFO  impl.RoleInfo (RoleInfo.java:updateAndGet(143)) - efb933de-cdd8-4d8d-88d2-4c7ffe0dec1a: start FollowerState
2019-10-16 21:52:58,890 [5c3956af-60d3-411f-8c98-c7ed3576de5c@group-EE856C9543A1-LeaderElection67] INFO  impl.LeaderElection (LeaderElection.java:logAndReturn(56)) - 5c3956af-60d3-411f-8c98-c7ed3576de5c@group-EE856C9543A1-LeaderElection67: Election REJECTED; received 2 response(s) [5c3956af-60d3-411f-8c98-c7ed3576de5c<-efb933de-cdd8-4d8d-88d2-4c7ffe0dec1a#0:FAIL-t66, 5c3956af-60d3-411f-8c98-c7ed3576de5c<-9d88716d-5d6b-4fd8-b832-a110dc45ee66#0:FAIL-t66] and 0 exception(s); 5c3956af-60d3-411f-8c98-c7ed3576de5c@group-EE856C9543A1:t66, leader=null, voted=5c3956af-60d3-411f-8c98-c7ed3576de5c, raftlog=5c3956af-60d3-411f-8c98-c7ed3576de5c@group-EE856C9543A1-SegmentedRaftLog:OPENED:c-1,f-1,i0, conf=-1: [5c3956af-60d3-411f-8c98-c7ed3576de5c:192.168.34.38:33787, efb933de-cdd8-4d8d-88d2-4c7ffe0dec1a:192.168.34.38:42459, 9d88716d-5d6b-4fd8-b832-a110dc45ee66:192.168.34.38:38211], old=null
2019-10-16 21:52:58,890 [5c3956af-60d3-411f-8c98-c7ed3576de5c@group-EE856C9543A1-LeaderElection67] INFO  impl.RaftServerImpl (RaftServerImpl.java:setRole(184)) - 5c3956af-60d3-411f-8c98-c7ed3576de5c@group-EE856C9543A1: changes role from CANDIDATE to FOLLOWER at term 66 for DISCOVERED_A_NEW_TERM
2019-10-16 21:52:58,890 [5c3956af-60d3-411f-8c98-c7ed3576de5c@group-EE856C9543A1-LeaderElection67] INFO  impl.RoleInfo (RoleInfo.java:shutdownLeaderElection(134)) - 5c3956af-60d3-411f-8c98-c7ed3576de5c: shutdown LeaderElection
2019-10-16 21:52:58,890 [5c3956af-60d3-411f-8c98-c7ed3576de5c@group-EE856C9543A1-LeaderElection67] INFO  impl.RoleInfo (RoleInfo.java:updateAndGet(143)) - 5c3956af-60d3-411f-8c98-c7ed3576de5c: start FollowerState
2019-10-16 21:52:58,989 [Thread-705] INFO  impl.FollowerState (FollowerState.java:run(108)) - 5c3956af-60d3-411f-8c98-c7ed3576de5c@group-EE856C9543A1-FollowerState: change to CANDIDATE, lastRpcTime:98ms, electionTimeout:98ms
2019-10-16 21:52:58,989 [Thread-705] INFO  impl.RoleInfo (RoleInfo.java:shutdownFollowerState(121)) - 5c3956af-60d3-411f-8c98-c7ed3576de5c: shutdown FollowerState
2019-10-16 21:52:58,989 [Thread-705] INFO  impl.RaftServerImpl (RaftServerImpl.java:setRole(184)) - 5c3956af-60d3-411f-8c98-c7ed3576de5c@group-EE856C9543A1: changes role from  FOLLOWER to CANDIDATE at term 66 for changeToCandidate
2019-10-16 21:52:58,989 [Thread-705] INFO  impl.RoleInfo (RoleInfo.java:updateAndGet(143)) - 5c3956af-60d3-411f-8c98-c7ed3576de5c: start LeaderElection
2019-10-16 21:52:59,004 [5c3956af-60d3-411f-8c98-c7ed3576de5c@group-EE856C9543A1-LeaderElection68] INFO  impl.LeaderElection (LeaderElection.java:askForVotes(178)) - 5c3956af-60d3-411f-8c98-c7ed3576de5c@group-EE856C9543A1-LeaderElection68: begin an election at term 67 for -1: [5c3956af-60d3-411f-8c98-c7ed3576de5c:192.168.34.38:33787, efb933de-cdd8-4d8d-88d2-4c7ffe0dec1a:192.168.34.38:42459, 9d88716d-5d6b-4fd8-b832-a110dc45ee66:192.168.34.38:38211], old=null
2019-10-16 21:52:59,007 [grpc-default-executor-0] INFO  impl.RaftServerImpl (RaftServerImpl.java:setRole(184)) - efb933de-cdd8-4d8d-88d2-4c7ffe0dec1a@group-EE856C9543A1: changes role from  FOLLOWER to FOLLOWER at term 67 for recognizeCandidate:5c3956af-60d3-411f-8c98-c7ed3576de5c
2019-10-16 21:52:59,007 [grpc-default-executor-1] INFO  impl.RaftServerImpl (RaftServerImpl.java:setRole(184)) - 9d88716d-5d6b-4fd8-b832-a110dc45ee66@group-EE856C9543A1: changes role from  FOLLOWER to FOLLOWER at term 67 for recognizeCandidate:5c3956af-60d3-411f-8c98-c7ed3576de5c
2019-10-16 21:52:59,007 [grpc-default-executor-0] INFO  impl.RoleInfo (RoleInfo.java:shutdownFollowerState(121)) - efb933de-cdd8-4d8d-88d2-4c7ffe0dec1a: shutdown FollowerState
2019-10-16 21:52:59,007 [grpc-default-executor-1] INFO  impl.RoleInfo (RoleInfo.java:shutdownFollowerState(121)) - 9d88716d-5d6b-4fd8-b832-a110dc45ee66: shutdown FollowerState
2019-10-16 21:52:59,007 [Thread-704] INFO  impl.FollowerState (FollowerState.java:run(117)) - efb933de-cdd8-4d8d-88d2-4c7ffe0dec1a@group-EE856C9543A1-FollowerState was interrupted: java.lang.InterruptedException: sleep interrupted
2019-10-16 21:52:59,007 [grpc-default-executor-0] INFO  impl.RoleInfo (RoleInfo.java:updateAndGet(143)) - efb933de-cdd8-4d8d-88d2-4c7ffe0dec1a: start FollowerState
2019-10-16 21:52:59,008 [grpc-default-executor-1] INFO  impl.RoleInfo (RoleInfo.java:updateAndGet(143)) - 9d88716d-5d6b-4fd8-b832-a110dc45ee66: start FollowerState
2019-10-16 21:52:59,008 [Thread-703] INFO  impl.FollowerState (FollowerState.java:run(117)) - 9d88716d-5d6b-4fd8-b832-a110dc45ee66@group-EE856C9543A1-FollowerState was interrupted: java.lang.InterruptedException: sleep interrupted
2019-10-16 21:52:59,024 [5c3956af-60d3-411f-8c98-c7ed3576de5c@group-EE856C9543A1-LeaderElection68] INFO  impl.LeaderElection (LeaderElection.java:logAndReturn(56)) - 5c3956af-60d3-411f-8c98-c7ed3576de5c@group-EE856C9543A1-LeaderElection68: Election REJECTED; received 2 response(s) [5c3956af-60d3-411f-8c98-c7ed3576de5c<-efb933de-cdd8-4d8d-88d2-4c7ffe0dec1a#0:FAIL-t67, 5c3956af-60d3-411f-8c98-c7ed3576de5c<-9d88716d-5d6b-4fd8-b832-a110dc45ee66#0:FAIL-t67] and 0 exception(s); 5c3956af-60d3-411f-8c98-c7ed3576de5c@group-EE856C9543A1:t67, leader=null, voted=5c3956af-60d3-411f-8c98-c7ed3576de5c, raftlog=5c3956af-60d3-411f-8c98-c7ed3576de5c@group-EE856C9543A1-SegmentedRaftLog:OPENED:c-1,f-1,i0, conf=-1: [5c3956af-60d3-411f-8c98-c7ed3576de5c:192.168.34.38:33787, efb933de-cdd8-4d8d-88d2-4c7ffe0dec1a:192.168.34.38:42459, 9d88716d-5d6b-4fd8-b832-a110dc45ee66:192.168.34.38:38211], old=null
2019-10-16 21:52:59,024 [5c3956af-60d3-411f-8c98-c7ed3576de5c@group-EE856C9543A1-LeaderElection68] INFO  impl.RaftServerImpl (RaftServerImpl.java:setRole(184)) - 5c3956af-60d3-411f-8c98-c7ed3576de5c@group-EE856C9543A1: changes role from CANDIDATE to FOLLOWER at term 67 for DISCOVERED_A_NEW_TERM
2019-10-16 21:52:59,024 [5c3956af-60d3-411f-8c98-c7ed3576de5c@group-EE856C9543A1-LeaderElection68] INFO  impl.RoleInfo (RoleInfo.java:shutdownLeaderElection(134)) - 5c3956af-60d3-411f-8c98-c7ed3576de5c: shutdown LeaderElection
2019-10-16 21:52:59,024 [5c3956af-60d3-411f-8c98-c7ed3576de5c@group-EE856C9543A1-LeaderElection68] INFO  impl.RoleInfo (RoleInfo.java:updateAndGet(143)) - 5c3956af-60d3-411f-8c98-c7ed3576de5c: start FollowerState
2019-10-16 21:52:59,153 [Thread-711] INFO  impl.FollowerState (FollowerState.java:run(108)) - 5c3956af-60d3-411f-8c98-c7ed3576de5c@group-EE856C9543A1-FollowerState: change to CANDIDATE, lastRpcTime:129ms, electionTimeout:129ms
2019-10-16 21:52:59,154 [Thread-711] INFO  impl.RoleInfo (RoleInfo.java:shutdownFollowerState(121)) - 5c3956af-60d3-411f-8c98-c7ed3576de5c: shutdown FollowerState
2019-10-16 21:52:59,154 [Thread-711] INFO  impl.RaftServerImpl (RaftServerImpl.java:setRole(184)) - 5c3956af-60d3-411f-8c98-c7ed3576de5c@group-EE856C9543A1: changes role from  FOLLOWER to CANDIDATE at term 67 for changeToCandidate
2019-10-16 21:52:59,154 [Thread-711] INFO  impl.RoleInfo (RoleInfo.java:updateAndGet(143)) - 5c3956af-60d3-411f-8c98-c7ed3576de5c: start LeaderElection
2019-10-16 21:52:59,168 [5c3956af-60d3-411f-8c98-c7ed3576de5c@group-EE856C9543A1-LeaderElection69] INFO  impl.LeaderElection (LeaderElection.java:askForVotes(178)) - 5c3956af-60d3-411f-8c98-c7ed3576de5c@group-EE856C9543A1-LeaderElection69: begin an election at term 68 for -1: [5c3956af-60d3-411f-8c98-c7ed3576de5c:192.168.34.38:33787, efb933de-cdd8-4d8d-88d2-4c7ffe0dec1a:192.168.34.38:42459, 9d88716d-5d6b-4fd8-b832-a110dc45ee66:192.168.34.38:38211], old=null
2019-10-16 21:52:59,171 [grpc-default-executor-1] INFO  impl.RaftServerImpl (RaftServerImpl.java:setRole(184)) - 9d88716d-5d6b-4fd8-b832-a110dc45ee66@group-EE856C9543A1: changes role from  FOLLOWER to FOLLOWER at term 68 for recognizeCandidate:5c3956af-60d3-411f-8c98-c7ed3576de5c
2019-10-16 21:52:59,171 [grpc-default-executor-1] INFO  impl.RoleInfo (RoleInfo.java:shutdownFollowerState(121)) - 9d88716d-5d6b-4fd8-b832-a110dc45ee66: shutdown FollowerState
2019-10-16 21:52:59,171 [grpc-default-executor-0] INFO  impl.RaftServerImpl (RaftServerImpl.java:setRole(184)) - efb933de-cdd8-4d8d-88d2-4c7ffe0dec1a@group-EE856C9543A1: changes role from  FOLLOWER to FOLLOWER at term 68 for recognizeCandidate:5c3956af-60d3-411f-8c98-c7ed3576de5c
2019-10-16 21:52:59,171 [Thread-710] INFO  impl.FollowerState (FollowerState.java:run(117)) - 9d88716d-5d6b-4fd8-b832-a110dc45ee66@group-EE856C9543A1-FollowerState was interrupted: java.lang.InterruptedException: sleep interrupted
2019-10-16 21:52:59,171 [grpc-default-executor-1] INFO  impl.RoleInfo (RoleInfo.java:updateAndGet(143)) - 9d88716d-5d6b-4fd8-b832-a110dc45ee66: start FollowerState
2019-10-16 21:52:59,171 [grpc-default-executor-0] INFO  impl.RoleInfo (RoleInfo.java:shutdownFollowerState(121)) - efb933de-cdd8-4d8d-88d2-4c7ffe0dec1a: shutdown FollowerState
2019-10-16 21:52:59,172 [grpc-default-executor-0] INFO  impl.RoleInfo (RoleInfo.java:updateAndGet(143)) - efb933de-cdd8-4d8d-88d2-4c7ffe0dec1a: start FollowerState
2019-10-16 21:52:59,172 [Thread-709] INFO  impl.FollowerState (FollowerState.java:run(117)) - efb933de-cdd8-4d8d-88d2-4c7ffe0dec1a@group-EE856C9543A1-FollowerState was interrupted: java.lang.InterruptedException: sleep interrupted
2019-10-16 21:52:59,186 [5c3956af-60d3-411f-8c98-c7ed3576de5c@group-EE856C9543A1-LeaderElection69] INFO  impl.LeaderElection (LeaderElection.java:logAndReturn(56)) - 5c3956af-60d3-411f-8c98-c7ed3576de5c@group-EE856C9543A1-LeaderElection69: Election REJECTED; received 2 response(s) [5c3956af-60d3-411f-8c98-c7ed3576de5c<-efb933de-cdd8-4d8d-88d2-4c7ffe0dec1a#0:FAIL-t68, 5c3956af-60d3-411f-8c98-c7ed3576de5c<-9d88716d-5d6b-4fd8-b832-a110dc45ee66#0:FAIL-t68] and 0 exception(s); 5c3956af-60d3-411f-8c98-c7ed3576de5c@group-EE856C9543A1:t68, leader=null, voted=5c3956af-60d3-411f-8c98-c7ed3576de5c, raftlog=5c3956af-60d3-411f-8c98-c7ed3576de5c@group-EE856C9543A1-SegmentedRaftLog:OPENED:c-1,f-1,i0, conf=-1: [5c3956af-60d3-411f-8c98-c7ed3576de5c:192.168.34.38:33787, efb933de-cdd8-4d8d-88d2-4c7ffe0dec1a:192.168.34.38:42459, 9d88716d-5d6b-4fd8-b832-a110dc45ee66:192.168.34.38:38211], old=null
2019-10-16 21:52:59,186 [5c3956af-60d3-411f-8c98-c7ed3576de5c@group-EE856C9543A1-LeaderElection69] INFO  impl.RaftServerImpl (RaftServerImpl.java:setRole(184)) - 5c3956af-60d3-411f-8c98-c7ed3576de5c@group-EE856C9543A1: changes role from CANDIDATE to FOLLOWER at term 68 for DISCOVERED_A_NEW_TERM
2019-10-16 21:52:59,186 [5c3956af-60d3-411f-8c98-c7ed3576de5c@group-EE856C9543A1-LeaderElection69] INFO  impl.RoleInfo (RoleInfo.java:shutdownLeaderElection(134)) - 5c3956af-60d3-411f-8c98-c7ed3576de5c: shutdown LeaderElection
2019-10-16 21:52:59,186 [5c3956af-60d3-411f-8c98-c7ed3576de5c@group-EE856C9543A1-LeaderElection69] INFO  impl.RoleInfo (RoleInfo.java:updateAndGet(143)) - 5c3956af-60d3-411f-8c98-c7ed3576de5c: start FollowerState
2019-10-16 21:52:59,265 [Thread-717] INFO  impl.FollowerState (FollowerState.java:run(108)) - 5c3956af-60d3-411f-8c98-c7ed3576de5c@group-EE856C9543A1-FollowerState: change to CANDIDATE, lastRpcTime:78ms, electionTimeout:78ms
2019-10-16 21:52:59,265 [Thread-717] INFO  impl.RoleInfo (RoleInfo.java:shutdownFollowerState(121)) - 5c3956af-60d3-411f-8c98-c7ed3576de5c: shutdown FollowerState
2019-10-16 21:52:59,265 [Thread-717] INFO  impl.RaftServerImpl (RaftServerImpl.java:setRole(184)) - 5c3956af-60d3-411f-8c98-c7ed3576de5c@group-EE856C9543A1: changes role from  FOLLOWER to CANDIDATE at term 68 for changeToCandidate
2019-10-16 21:52:59,265 [Thread-717] INFO  impl.RoleInfo (RoleInfo.java:updateAndGet(143)) - 5c3956af-60d3-411f-8c98-c7ed3576de5c: start LeaderElection
2019-10-16 21:52:59,280 [5c3956af-60d3-411f-8c98-c7ed3576de5c@group-EE856C9543A1-LeaderElection70] INFO  impl.LeaderElection (LeaderElection.java:askForVotes(178)) - 5c3956af-60d3-411f-8c98-c7ed3576de5c@group-EE856C9543A1-LeaderElection70: begin an election at term 69 for -1: [5c3956af-60d3-411f-8c98-c7ed3576de5c:192.168.34.38:33787, efb933de-cdd8-4d8d-88d2-4c7ffe0dec1a:192.168.34.38:42459, 9d88716d-5d6b-4fd8-b832-a110dc45ee66:192.168.34.38:38211], old=null
2019-10-16 21:52:59,283 [grpc-default-executor-1] INFO  impl.RaftServerImpl (RaftServerImpl.java:setRole(184)) - efb933de-cdd8-4d8d-88d2-4c7ffe0dec1a@group-EE856C9543A1: changes role from  FOLLOWER to FOLLOWER at term 69 for recognizeCandidate:5c3956af-60d3-411f-8c98-c7ed3576de5c
2019-10-16 21:52:59,283 [grpc-default-executor-0] INFO  impl.RaftServerImpl (RaftServerImpl.java:setRole(184)) - 9d88716d-5d6b-4fd8-b832-a110dc45ee66@group-EE856C9543A1: changes role from  FOLLOWER to FOLLOWER at term 69 for recognizeCandidate:5c3956af-60d3-411f-8c98-c7ed3576de5c
2019-10-16 21:52:59,283 [grpc-default-executor-0] INFO  impl.RoleInfo (RoleInfo.java:shutdownFollowerState(121)) - 9d88716d-5d6b-4fd8-b832-a110dc45ee66: shutdown FollowerState
2019-10-16 21:52:59,283 [grpc-default-executor-1] INFO  impl.RoleInfo (RoleInfo.java:shutdownFollowerState(121)) - efb933de-cdd8-4d8d-88d2-4c7ffe0dec1a: shutdown FollowerState
2019-10-16 21:52:59,284 [grpc-default-executor-0] INFO  impl.RoleInfo (RoleInfo.java:updateAndGet(143)) - 9d88716d-5d6b-4fd8-b832-a110dc45ee66: start FollowerState
2019-10-16 21:52:59,284 [Thread-715] INFO  impl.FollowerState (FollowerState.java:run(117)) - 9d88716d-5d6b-4fd8-b832-a110dc45ee66@group-EE856C9543A1-FollowerState was interrupted: java.lang.InterruptedException: sleep interrupted
2019-10-16 21:52:59,284 [Thread-716] INFO  impl.FollowerState (FollowerState.java:run(117)) - efb933de-cdd8-4d8d-88d2-4c7ffe0dec1a@group-EE856C9543A1-FollowerState was interrupted: java.lang.InterruptedException: sleep interrupted
2019-10-16 21:52:59,284 [grpc-default-executor-1] INFO  impl.RoleInfo (RoleInfo.java:updateAndGet(143)) - efb933de-cdd8-4d8d-88d2-4c7ffe0dec1a: start FollowerState
2019-10-16 21:52:59,299 [5c3956af-60d3-411f-8c98-c7ed3576de5c@group-EE856C9543A1-LeaderElection70] INFO  impl.LeaderElection (LeaderElection.java:logAndReturn(56)) - 5c3956af-60d3-411f-8c98-c7ed3576de5c@group-EE856C9543A1-LeaderElection70: Election REJECTED; received 2 response(s) [5c3956af-60d3-411f-8c98-c7ed3576de5c<-efb933de-cdd8-4d8d-88d2-4c7ffe0dec1a#0:FAIL-t69, 5c3956af-60d3-411f-8c98-c7ed3576de5c<-9d88716d-5d6b-4fd8-b832-a110dc45ee66#0:FAIL-t69] and 0 exception(s); 5c3956af-60d3-411f-8c98-c7ed3576de5c@group-EE856C9543A1:t69, leader=null, voted=5c3956af-60d3-411f-8c98-c7ed3576de5c, raftlog=5c3956af-60d3-411f-8c98-c7ed3576de5c@group-EE856C9543A1-SegmentedRaftLog:OPENED:c-1,f-1,i0, conf=-1: [5c3956af-60d3-411f-8c98-c7ed3576de5c:192.168.34.38:33787, efb933de-cdd8-4d8d-88d2-4c7ffe0dec1a:192.168.34.38:42459, 9d88716d-5d6b-4fd8-b832-a110dc45ee66:192.168.34.38:38211], old=null
2019-10-16 21:52:59,299 [5c3956af-60d3-411f-8c98-c7ed3576de5c@group-EE856C9543A1-LeaderElection70] INFO  impl.RaftServerImpl (RaftServerImpl.java:setRole(184)) - 5c3956af-60d3-411f-8c98-c7ed3576de5c@group-EE856C9543A1: changes role from CANDIDATE to FOLLOWER at term 69 for DISCOVERED_A_NEW_TERM
2019-10-16 21:52:59,299 [5c3956af-60d3-411f-8c98-c7ed3576de5c@group-EE856C9543A1-LeaderElection70] INFO  impl.RoleInfo (RoleInfo.java:shutdownLeaderElection(134)) - 5c3956af-60d3-411f-8c98-c7ed3576de5c: shutdown LeaderElection
2019-10-16 21:52:59,300 [5c3956af-60d3-411f-8c98-c7ed3576de5c@group-EE856C9543A1-LeaderElection70] INFO  impl.RoleInfo (RoleInfo.java:updateAndGet(143)) - 5c3956af-60d3-411f-8c98-c7ed3576de5c: start FollowerState
2019-10-16 21:52:59,302 [Thread-723] INFO  impl.FollowerState (FollowerState.java:run(108)) - 5c3956af-60d3-411f-8c98-c7ed3576de5c@group-EE856C9543A1-FollowerState: change to CANDIDATE, lastRpcTime:2ms, electionTimeout:2ms
2019-10-16 21:52:59,302 [Thread-723] INFO  impl.RoleInfo (RoleInfo.java:shutdownFollowerState(121)) - 5c3956af-60d3-411f-8c98-c7ed3576de5c: shutdown FollowerState
2019-10-16 21:52:59,302 [Thread-723] INFO  impl.RaftServerImpl (RaftServerImpl.java:setRole(184)) - 5c3956af-60d3-411f-8c98-c7ed3576de5c@group-EE856C9543A1: changes role from  FOLLOWER to CANDIDATE at term 69 for changeToCandidate
2019-10-16 21:52:59,302 [Thread-723] INFO  impl.RoleInfo (RoleInfo.java:updateAndGet(143)) - 5c3956af-60d3-411f-8c98-c7ed3576de5c: start LeaderElection
2019-10-16 21:52:59,316 [5c3956af-60d3-411f-8c98-c7ed3576de5c@group-EE856C9543A1-LeaderElection71] INFO  impl.LeaderElection (LeaderElection.java:askForVotes(178)) - 5c3956af-60d3-411f-8c98-c7ed3576de5c@group-EE856C9543A1-LeaderElection71: begin an election at term 70 for -1: [5c3956af-60d3-411f-8c98-c7ed3576de5c:192.168.34.38:33787, efb933de-cdd8-4d8d-88d2-4c7ffe0dec1a:192.168.34.38:42459, 9d88716d-5d6b-4fd8-b832-a110dc45ee66:192.168.34.38:38211], old=null
2019-10-16 21:52:59,319 [grpc-default-executor-1] INFO  impl.RaftServerImpl (RaftServerImpl.java:setRole(184)) - efb933de-cdd8-4d8d-88d2-4c7ffe0dec1a@group-EE856C9543A1: changes role from  FOLLOWER to FOLLOWER at term 70 for recognizeCandidate:5c3956af-60d3-411f-8c98-c7ed3576de5c
2019-10-16 21:52:59,319 [grpc-default-executor-1] INFO  impl.RoleInfo (RoleInfo.java:shutdownFollowerState(121)) - efb933de-cdd8-4d8d-88d2-4c7ffe0dec1a: shutdown FollowerState
2019-10-16 21:52:59,319 [grpc-default-executor-0] INFO  impl.RaftServerImpl (RaftServerImpl.java:setRole(184)) - 9d88716d-5d6b-4fd8-b832-a110dc45ee66@group-EE856C9543A1: changes role from  FOLLOWER to FOLLOWER at term 70 for recognizeCandidate:5c3956af-60d3-411f-8c98-c7ed3576de5c
2019-10-16 21:52:59,319 [Thread-722] INFO  impl.FollowerState (FollowerState.java:run(117)) - efb933de-cdd8-4d8d-88d2-4c7ffe0dec1a@group-EE856C9543A1-FollowerState was interrupted: java.lang.InterruptedException: sleep interrupted
2019-10-16 21:52:59,319 [grpc-default-executor-1] INFO  impl.RoleInfo (RoleInfo.java:updateAndGet(143)) - efb933de-cdd8-4d8d-88d2-4c7ffe0dec1a: start FollowerState
2019-10-16 21:52:59,319 [grpc-default-executor-0] INFO  impl.RoleInfo (RoleInfo.java:shutdownFollowerState(121)) - 9d88716d-5d6b-4fd8-b832-a110dc45ee66: shutdown FollowerState
2019-10-16 21:52:59,320 [grpc-default-executor-0] INFO  impl.RoleInfo (RoleInfo.java:updateAndGet(143)) - 9d88716d-5d6b-4fd8-b832-a110dc45ee66: start FollowerState
2019-10-16 21:52:59,320 [Thread-721] INFO  impl.FollowerState (FollowerState.java:run(117)) - 9d88716d-5d6b-4fd8-b832-a110dc45ee66@group-EE856C9543A1-FollowerState was interrupted: java.lang.InterruptedException: sleep interrupted
2019-10-16 21:52:59,334 [5c3956af-60d3-411f-8c98-c7ed3576de5c@group-EE856C9543A1-LeaderElection71] INFO  impl.LeaderElection (LeaderElection.java:logAndReturn(56)) - 5c3956af-60d3-411f-8c98-c7ed3576de5c@group-EE856C9543A1-LeaderElection71: Election REJECTED; received 2 response(s) [5c3956af-60d3-411f-8c98-c7ed3576de5c<-efb933de-cdd8-4d8d-88d2-4c7ffe0dec1a#0:FAIL-t70, 5c3956af-60d3-411f-8c98-c7ed3576de5c<-9d88716d-5d6b-4fd8-b832-a110dc45ee66#0:FAIL-t70] and 0 exception(s); 5c3956af-60d3-411f-8c98-c7ed3576de5c@group-EE856C9543A1:t70, leader=null, voted=5c3956af-60d3-411f-8c98-c7ed3576de5c, raftlog=5c3956af-60d3-411f-8c98-c7ed3576de5c@group-EE856C9543A1-SegmentedRaftLog:OPENED:c-1,f-1,i0, conf=-1: [5c3956af-60d3-411f-8c98-c7ed3576de5c:192.168.34.38:33787, efb933de-cdd8-4d8d-88d2-4c7ffe0dec1a:192.168.34.38:42459, 9d88716d-5d6b-4fd8-b832-a110dc45ee66:192.168.34.38:38211], old=null
2019-10-16 21:52:59,334 [5c3956af-60d3-411f-8c98-c7ed3576de5c@group-EE856C9543A1-LeaderElection71] INFO  impl.RaftServerImpl (RaftServerImpl.java:setRole(184)) - 5c3956af-60d3-411f-8c98-c7ed3576de5c@group-EE856C9543A1: changes role from CANDIDATE to FOLLOWER at term 70 for DISCOVERED_A_NEW_TERM
2019-10-16 21:52:59,335 [5c3956af-60d3-411f-8c98-c7ed3576de5c@group-EE856C9543A1-LeaderElection71] INFO  impl.RoleInfo (RoleInfo.java:shutdownLeaderElection(134)) - 5c3956af-60d3-411f-8c98-c7ed3576de5c: shutdown LeaderElection
2019-10-16 21:52:59,335 [5c3956af-60d3-411f-8c98-c7ed3576de5c@group-EE856C9543A1-LeaderElection71] INFO  impl.RoleInfo (RoleInfo.java:updateAndGet(143)) - 5c3956af-60d3-411f-8c98-c7ed3576de5c: start FollowerState
2019-10-16 21:52:59,395 [JUnit] INFO  ozone.MiniOzoneClusterImpl (MiniOzoneClusterImpl.java:lambda$waitForClusterToBeReady$2(164)) - Waiting for 1 number of pipelines out of 6, to report a leader.
2019-10-16 21:52:59,459 [Thread-729] INFO  impl.FollowerState (FollowerState.java:run(108)) - 5c3956af-60d3-411f-8c98-c7ed3576de5c@group-EE856C9543A1-FollowerState: change to CANDIDATE, lastRpcTime:124ms, electionTimeout:124ms
2019-10-16 21:52:59,459 [Thread-729] INFO  impl.RoleInfo (RoleInfo.java:shutdownFollowerState(121)) - 5c3956af-60d3-411f-8c98-c7ed3576de5c: shutdown FollowerState
2019-10-16 21:52:59,459 [Thread-729] INFO  impl.RaftServerImpl (RaftServerImpl.java:setRole(184)) - 5c3956af-60d3-411f-8c98-c7ed3576de5c@group-EE856C9543A1: changes role from  FOLLOWER to CANDIDATE at term 70 for changeToCandidate
2019-10-16 21:52:59,460 [Thread-729] INFO  impl.RoleInfo (RoleInfo.java:updateAndGet(143)) - 5c3956af-60d3-411f-8c98-c7ed3576de5c: start LeaderElection
2019-10-16 21:52:59,473 [5c3956af-60d3-411f-8c98-c7ed3576de5c@group-EE856C9543A1-LeaderElection72] INFO  impl.LeaderElection (LeaderElection.java:askForVotes(178)) - 5c3956af-60d3-411f-8c98-c7ed3576de5c@group-EE856C9543A1-LeaderElection72: begin an election at term 71 for -1: [5c3956af-60d3-411f-8c98-c7ed3576de5c:192.168.34.38:33787, efb933de-cdd8-4d8d-88d2-4c7ffe0dec1a:192.168.34.38:42459, 9d88716d-5d6b-4fd8-b832-a110dc45ee66:192.168.34.38:38211], old=null
2019-10-16 21:52:59,477 [grpc-default-executor-1] INFO  impl.RaftServerImpl (RaftServerImpl.java:setRole(184)) - efb933de-cdd8-4d8d-88d2-4c7ffe0dec1a@group-EE856C9543A1: changes role from  FOLLOWER to FOLLOWER at term 71 for recognizeCandidate:5c3956af-60d3-411f-8c98-c7ed3576de5c
2019-10-16 21:52:59,477 [grpc-default-executor-0] INFO  impl.RaftServerImpl (RaftServerImpl.java:setRole(184)) - 9d88716d-5d6b-4fd8-b832-a110dc45ee66@group-EE856C9543A1: changes role from  FOLLOWER to FOLLOWER at term 71 for recognizeCandidate:5c3956af-60d3-411f-8c98-c7ed3576de5c
2019-10-16 21:52:59,477 [grpc-default-executor-1] INFO  impl.RoleInfo (RoleInfo.java:shutdownFollowerState(121)) - efb933de-cdd8-4d8d-88d2-4c7ffe0dec1a: shutdown FollowerState
2019-10-16 21:52:59,477 [grpc-default-executor-0] INFO  impl.RoleInfo (RoleInfo.java:shutdownFollowerState(121)) - 9d88716d-5d6b-4fd8-b832-a110dc45ee66: shutdown FollowerState
2019-10-16 21:52:59,477 [Thread-727] INFO  impl.FollowerState (FollowerState.java:run(117)) - efb933de-cdd8-4d8d-88d2-4c7ffe0dec1a@group-EE856C9543A1-FollowerState was interrupted: java.lang.InterruptedException: sleep interrupted
2019-10-16 21:52:59,477 [grpc-default-executor-1] INFO  impl.RoleInfo (RoleInfo.java:updateAndGet(143)) - efb933de-cdd8-4d8d-88d2-4c7ffe0dec1a: start FollowerState
2019-10-16 21:52:59,477 [Thread-728] INFO  impl.FollowerState (FollowerState.java:run(117)) - 9d88716d-5d6b-4fd8-b832-a110dc45ee66@group-EE856C9543A1-FollowerState was interrupted: java.lang.InterruptedException: sleep interrupted
2019-10-16 21:52:59,477 [grpc-default-executor-0] INFO  impl.RoleInfo (RoleInfo.java:updateAndGet(143)) - 9d88716d-5d6b-4fd8-b832-a110dc45ee66: start FollowerState
2019-10-16 21:52:59,492 [5c3956af-60d3-411f-8c98-c7ed3576de5c@group-EE856C9543A1-LeaderElection72] INFO  impl.LeaderElection (LeaderElection.java:logAndReturn(56)) - 5c3956af-60d3-411f-8c98-c7ed3576de5c@group-EE856C9543A1-LeaderElection72: Election REJECTED; received 2 response(s) [5c3956af-60d3-411f-8c98-c7ed3576de5c<-efb933de-cdd8-4d8d-88d2-4c7ffe0dec1a#0:FAIL-t71, 5c3956af-60d3-411f-8c98-c7ed3576de5c<-9d88716d-5d6b-4fd8-b832-a110dc45ee66#0:FAIL-t71] and 0 exception(s); 5c3956af-60d3-411f-8c98-c7ed3576de5c@group-EE856C9543A1:t71, leader=null, voted=5c3956af-60d3-411f-8c98-c7ed3576de5c, raftlog=5c3956af-60d3-411f-8c98-c7ed3576de5c@group-EE856C9543A1-SegmentedRaftLog:OPENED:c-1,f-1,i0, conf=-1: [5c3956af-60d3-411f-8c98-c7ed3576de5c:192.168.34.38:33787, efb933de-cdd8-4d8d-88d2-4c7ffe0dec1a:192.168.34.38:42459, 9d88716d-5d6b-4fd8-b832-a110dc45ee66:192.168.34.38:38211], old=null
2019-10-16 21:52:59,492 [5c3956af-60d3-411f-8c98-c7ed3576de5c@group-EE856C9543A1-LeaderElection72] INFO  impl.RaftServerImpl (RaftServerImpl.java:setRole(184)) - 5c3956af-60d3-411f-8c98-c7ed3576de5c@group-EE856C9543A1: changes role from CANDIDATE to FOLLOWER at term 71 for DISCOVERED_A_NEW_TERM
2019-10-16 21:52:59,492 [5c3956af-60d3-411f-8c98-c7ed3576de5c@group-EE856C9543A1-LeaderElection72] INFO  impl.RoleInfo (RoleInfo.java:shutdownLeaderElection(134)) - 5c3956af-60d3-411f-8c98-c7ed3576de5c: shutdown LeaderElection
2019-10-16 21:52:59,492 [5c3956af-60d3-411f-8c98-c7ed3576de5c@group-EE856C9543A1-LeaderElection72] INFO  impl.RoleInfo (RoleInfo.java:updateAndGet(143)) - 5c3956af-60d3-411f-8c98-c7ed3576de5c: start FollowerState
2019-10-16 21:52:59,555 [Thread-735] INFO  impl.FollowerState (FollowerState.java:run(108)) - 5c3956af-60d3-411f-8c98-c7ed3576de5c@group-EE856C9543A1-FollowerState: change to CANDIDATE, lastRpcTime:62ms, electionTimeout:62ms
2019-10-16 21:52:59,555 [Thread-735] INFO  impl.RoleInfo (RoleInfo.java:shutdownFollowerState(121)) - 5c3956af-60d3-411f-8c98-c7ed3576de5c: shutdown FollowerState
2019-10-16 21:52:59,555 [Thread-735] INFO  impl.RaftServerImpl (RaftServerImpl.java:setRole(184)) - 5c3956af-60d3-411f-8c98-c7ed3576de5c@group-EE856C9543A1: changes role from  FOLLOWER to CANDIDATE at term 71 for changeToCandidate
2019-10-16 21:52:59,555 [Thread-735] INFO  impl.RoleInfo (RoleInfo.java:updateAndGet(143)) - 5c3956af-60d3-411f-8c98-c7ed3576de5c: start LeaderElection
2019-10-16 21:52:59,569 [5c3956af-60d3-411f-8c98-c7ed3576de5c@group-EE856C9543A1-LeaderElection73] INFO  impl.LeaderElection (LeaderElection.java:askForVotes(178)) - 5c3956af-60d3-411f-8c98-c7ed3576de5c@group-EE856C9543A1-LeaderElection73: begin an election at term 72 for -1: [5c3956af-60d3-411f-8c98-c7ed3576de5c:192.168.34.38:33787, efb933de-cdd8-4d8d-88d2-4c7ffe0dec1a:192.168.34.38:42459, 9d88716d-5d6b-4fd8-b832-a110dc45ee66:192.168.34.38:38211], old=null
2019-10-16 21:52:59,571 [grpc-default-executor-1] INFO  impl.RaftServerImpl (RaftServerImpl.java:setRole(184)) - efb933de-cdd8-4d8d-88d2-4c7ffe0dec1a@group-EE856C9543A1: changes role from  FOLLOWER to FOLLOWER at term 72 for recognizeCandidate:5c3956af-60d3-411f-8c98-c7ed3576de5c
2019-10-16 21:52:59,571 [grpc-default-executor-1] INFO  impl.RoleInfo (RoleInfo.java:shutdownFollowerState(121)) - efb933de-cdd8-4d8d-88d2-4c7ffe0dec1a: shutdown FollowerState
2019-10-16 21:52:59,571 [grpc-default-executor-0] INFO  impl.RaftServerImpl (RaftServerImpl.java:setRole(184)) - 9d88716d-5d6b-4fd8-b832-a110dc45ee66@group-EE856C9543A1: changes role from  FOLLOWER to FOLLOWER at term 72 for recognizeCandidate:5c3956af-60d3-411f-8c98-c7ed3576de5c
2019-10-16 21:52:59,572 [Thread-733] INFO  impl.FollowerState (FollowerState.java:run(117)) - efb933de-cdd8-4d8d-88d2-4c7ffe0dec1a@group-EE856C9543A1-FollowerState was interrupted: java.lang.InterruptedException: sleep interrupted
2019-10-16 21:52:59,571 [grpc-default-executor-1] INFO  impl.RoleInfo (RoleInfo.java:updateAndGet(143)) - efb933de-cdd8-4d8d-88d2-4c7ffe0dec1a: start FollowerState
2019-10-16 21:52:59,572 [grpc-default-executor-0] INFO  impl.RoleInfo (RoleInfo.java:shutdownFollowerState(121)) - 9d88716d-5d6b-4fd8-b832-a110dc45ee66: shutdown FollowerState
2019-10-16 21:52:59,572 [grpc-default-executor-0] INFO  impl.RoleInfo (RoleInfo.java:updateAndGet(143)) - 9d88716d-5d6b-4fd8-b832-a110dc45ee66: start FollowerState
2019-10-16 21:52:59,572 [Thread-734] INFO  impl.FollowerState (FollowerState.java:run(117)) - 9d88716d-5d6b-4fd8-b832-a110dc45ee66@group-EE856C9543A1-FollowerState was interrupted: java.lang.InterruptedException: sleep interrupted
2019-10-16 21:52:59,587 [5c3956af-60d3-411f-8c98-c7ed3576de5c@group-EE856C9543A1-LeaderElection73] INFO  impl.LeaderElection (LeaderElection.java:logAndReturn(56)) - 5c3956af-60d3-411f-8c98-c7ed3576de5c@group-EE856C9543A1-LeaderElection73: Election REJECTED; received 2 response(s) [5c3956af-60d3-411f-8c98-c7ed3576de5c<-efb933de-cdd8-4d8d-88d2-4c7ffe0dec1a#0:FAIL-t72, 5c3956af-60d3-411f-8c98-c7ed3576de5c<-9d88716d-5d6b-4fd8-b832-a110dc45ee66#0:FAIL-t72] and 0 exception(s); 5c3956af-60d3-411f-8c98-c7ed3576de5c@group-EE856C9543A1:t72, leader=null, voted=5c3956af-60d3-411f-8c98-c7ed3576de5c, raftlog=5c3956af-60d3-411f-8c98-c7ed3576de5c@group-EE856C9543A1-SegmentedRaftLog:OPENED:c-1,f-1,i0, conf=-1: [5c3956af-60d3-411f-8c98-c7ed3576de5c:192.168.34.38:33787, efb933de-cdd8-4d8d-88d2-4c7ffe0dec1a:192.168.34.38:42459, 9d88716d-5d6b-4fd8-b832-a110dc45ee66:192.168.34.38:38211], old=null
2019-10-16 21:52:59,587 [5c3956af-60d3-411f-8c98-c7ed3576de5c@group-EE856C9543A1-LeaderElection73] INFO  impl.RaftServerImpl (RaftServerImpl.java:setRole(184)) - 5c3956af-60d3-411f-8c98-c7ed3576de5c@group-EE856C9543A1: changes role from CANDIDATE to FOLLOWER at term 72 for DISCOVERED_A_NEW_TERM
2019-10-16 21:52:59,587 [5c3956af-60d3-411f-8c98-c7ed3576de5c@group-EE856C9543A1-LeaderElection73] INFO  impl.RoleInfo (RoleInfo.java:shutdownLeaderElection(134)) - 5c3956af-60d3-411f-8c98-c7ed3576de5c: shutdown LeaderElection
2019-10-16 21:52:59,587 [5c3956af-60d3-411f-8c98-c7ed3576de5c@group-EE856C9543A1-LeaderElection73] INFO  impl.RoleInfo (RoleInfo.java:updateAndGet(143)) - 5c3956af-60d3-411f-8c98-c7ed3576de5c: start FollowerState
2019-10-16 21:52:59,663 [Thread-741] INFO  impl.FollowerState (FollowerState.java:run(108)) - 5c3956af-60d3-411f-8c98-c7ed3576de5c@group-EE856C9543A1-FollowerState: change to CANDIDATE, lastRpcTime:75ms, electionTimeout:75ms
2019-10-16 21:52:59,663 [Thread-741] INFO  impl.RoleInfo (RoleInfo.java:shutdownFollowerState(121)) - 5c3956af-60d3-411f-8c98-c7ed3576de5c: shutdown FollowerState
2019-10-16 21:52:59,663 [Thread-741] INFO  impl.RaftServerImpl (RaftServerImpl.java:setRole(184)) - 5c3956af-60d3-411f-8c98-c7ed3576de5c@group-EE856C9543A1: changes role from  FOLLOWER to CANDIDATE at term 72 for changeToCandidate
2019-10-16 21:52:59,663 [Thread-741] INFO  impl.RoleInfo (RoleInfo.java:updateAndGet(143)) - 5c3956af-60d3-411f-8c98-c7ed3576de5c: start LeaderElection
2019-10-16 21:52:59,677 [5c3956af-60d3-411f-8c98-c7ed3576de5c@group-EE856C9543A1-LeaderElection74] INFO  impl.LeaderElection (LeaderElection.java:askForVotes(178)) - 5c3956af-60d3-411f-8c98-c7ed3576de5c@group-EE856C9543A1-LeaderElection74: begin an election at term 73 for -1: [5c3956af-60d3-411f-8c98-c7ed3576de5c:192.168.34.38:33787, efb933de-cdd8-4d8d-88d2-4c7ffe0dec1a:192.168.34.38:42459, 9d88716d-5d6b-4fd8-b832-a110dc45ee66:192.168.34.38:38211], old=null
2019-10-16 21:52:59,682 [grpc-default-executor-1] INFO  impl.RaftServerImpl (RaftServerImpl.java:setRole(184)) - efb933de-cdd8-4d8d-88d2-4c7ffe0dec1a@group-EE856C9543A1: changes role from  FOLLOWER to FOLLOWER at term 73 for recognizeCandidate:5c3956af-60d3-411f-8c98-c7ed3576de5c
2019-10-16 21:52:59,682 [grpc-default-executor-1] INFO  impl.RoleInfo (RoleInfo.java:shutdownFollowerState(121)) - efb933de-cdd8-4d8d-88d2-4c7ffe0dec1a: shutdown FollowerState
2019-10-16 21:52:59,682 [grpc-default-executor-1] INFO  impl.RoleInfo (RoleInfo.java:updateAndGet(143)) - efb933de-cdd8-4d8d-88d2-4c7ffe0dec1a: start FollowerState
2019-10-16 21:52:59,682 [Thread-739] INFO  impl.FollowerState (FollowerState.java:run(117)) - efb933de-cdd8-4d8d-88d2-4c7ffe0dec1a@group-EE856C9543A1-FollowerState was interrupted: java.lang.InterruptedException: sleep interrupted
2019-10-16 21:52:59,682 [grpc-default-executor-0] INFO  impl.RaftServerImpl (RaftServerImpl.java:setRole(184)) - 9d88716d-5d6b-4fd8-b832-a110dc45ee66@group-EE856C9543A1: changes role from  FOLLOWER to FOLLOWER at term 73 for recognizeCandidate:5c3956af-60d3-411f-8c98-c7ed3576de5c
2019-10-16 21:52:59,682 [grpc-default-executor-0] INFO  impl.RoleInfo (RoleInfo.java:shutdownFollowerState(121)) - 9d88716d-5d6b-4fd8-b832-a110dc45ee66: shutdown FollowerState
2019-10-16 21:52:59,683 [grpc-default-executor-0] INFO  impl.RoleInfo (RoleInfo.java:updateAndGet(143)) - 9d88716d-5d6b-4fd8-b832-a110dc45ee66: start FollowerState
2019-10-16 21:52:59,683 [Thread-740] INFO  impl.FollowerState (FollowerState.java:run(117)) - 9d88716d-5d6b-4fd8-b832-a110dc45ee66@group-EE856C9543A1-FollowerState was interrupted: java.lang.InterruptedException: sleep interrupted
2019-10-16 21:52:59,705 [5c3956af-60d3-411f-8c98-c7ed3576de5c@group-EE856C9543A1-LeaderElection74] INFO  impl.LeaderElection (LeaderElection.java:logAndReturn(56)) - 5c3956af-60d3-411f-8c98-c7ed3576de5c@group-EE856C9543A1-LeaderElection74: Election REJECTED; received 2 response(s) [5c3956af-60d3-411f-8c98-c7ed3576de5c<-efb933de-cdd8-4d8d-88d2-4c7ffe0dec1a#0:FAIL-t73, 5c3956af-60d3-411f-8c98-c7ed3576de5c<-9d88716d-5d6b-4fd8-b832-a110dc45ee66#0:FAIL-t73] and 0 exception(s); 5c3956af-60d3-411f-8c98-c7ed3576de5c@group-EE856C9543A1:t73, leader=null, voted=5c3956af-60d3-411f-8c98-c7ed3576de5c, raftlog=5c3956af-60d3-411f-8c98-c7ed3576de5c@group-EE856C9543A1-SegmentedRaftLog:OPENED:c-1,f-1,i0, conf=-1: [5c3956af-60d3-411f-8c98-c7ed3576de5c:192.168.34.38:33787, efb933de-cdd8-4d8d-88d2-4c7ffe0dec1a:192.168.34.38:42459, 9d88716d-5d6b-4fd8-b832-a110dc45ee66:192.168.34.38:38211], old=null
2019-10-16 21:52:59,705 [5c3956af-60d3-411f-8c98-c7ed3576de5c@group-EE856C9543A1-LeaderElection74] INFO  impl.RaftServerImpl (RaftServerImpl.java:setRole(184)) - 5c3956af-60d3-411f-8c98-c7ed3576de5c@group-EE856C9543A1: changes role from CANDIDATE to FOLLOWER at term 73 for DISCOVERED_A_NEW_TERM
2019-10-16 21:52:59,705 [5c3956af-60d3-411f-8c98-c7ed3576de5c@group-EE856C9543A1-LeaderElection74] INFO  impl.RoleInfo (RoleInfo.java:shutdownLeaderElection(134)) - 5c3956af-60d3-411f-8c98-c7ed3576de5c: shutdown LeaderElection
2019-10-16 21:52:59,706 [5c3956af-60d3-411f-8c98-c7ed3576de5c@group-EE856C9543A1-LeaderElection74] INFO  impl.RoleInfo (RoleInfo.java:updateAndGet(143)) - 5c3956af-60d3-411f-8c98-c7ed3576de5c: start FollowerState
2019-10-16 21:52:59,751 [Thread-747] INFO  impl.FollowerState (FollowerState.java:run(108)) - 5c3956af-60d3-411f-8c98-c7ed3576de5c@group-EE856C9543A1-FollowerState: change to CANDIDATE, lastRpcTime:45ms, electionTimeout:45ms
2019-10-16 21:52:59,751 [Thread-747] INFO  impl.RoleInfo (RoleInfo.java:shutdownFollowerState(121)) - 5c3956af-60d3-411f-8c98-c7ed3576de5c: shutdown FollowerState
2019-10-16 21:52:59,751 [Thread-747] INFO  impl.RaftServerImpl (RaftServerImpl.java:setRole(184)) - 5c3956af-60d3-411f-8c98-c7ed3576de5c@group-EE856C9543A1: changes role from  FOLLOWER to CANDIDATE at term 73 for changeToCandidate
2019-10-16 21:52:59,752 [Thread-747] INFO  impl.RoleInfo (RoleInfo.java:updateAndGet(143)) - 5c3956af-60d3-411f-8c98-c7ed3576de5c: start LeaderElection
2019-10-16 21:52:59,766 [5c3956af-60d3-411f-8c98-c7ed3576de5c@group-EE856C9543A1-LeaderElection75] INFO  impl.LeaderElection (LeaderElection.java:askForVotes(178)) - 5c3956af-60d3-411f-8c98-c7ed3576de5c@group-EE856C9543A1-LeaderElection75: begin an election at term 74 for -1: [5c3956af-60d3-411f-8c98-c7ed3576de5c:192.168.34.38:33787, efb933de-cdd8-4d8d-88d2-4c7ffe0dec1a:192.168.34.38:42459, 9d88716d-5d6b-4fd8-b832-a110dc45ee66:192.168.34.38:38211], old=null
2019-10-16 21:52:59,769 [grpc-default-executor-1] INFO  impl.RaftServerImpl (RaftServerImpl.java:setRole(184)) - 9d88716d-5d6b-4fd8-b832-a110dc45ee66@group-EE856C9543A1: changes role from  FOLLOWER to FOLLOWER at term 74 for recognizeCandidate:5c3956af-60d3-411f-8c98-c7ed3576de5c
2019-10-16 21:52:59,769 [grpc-default-executor-1] INFO  impl.RoleInfo (RoleInfo.java:shutdownFollowerState(121)) - 9d88716d-5d6b-4fd8-b832-a110dc45ee66: shutdown FollowerState
2019-10-16 21:52:59,769 [grpc-default-executor-1] INFO  impl.RoleInfo (RoleInfo.java:updateAndGet(143)) - 9d88716d-5d6b-4fd8-b832-a110dc45ee66: start FollowerState
2019-10-16 21:52:59,769 [Thread-746] INFO  impl.FollowerState (FollowerState.java:run(117)) - 9d88716d-5d6b-4fd8-b832-a110dc45ee66@group-EE856C9543A1-FollowerState was interrupted: java.lang.InterruptedException: sleep interrupted
2019-10-16 21:52:59,769 [grpc-default-executor-0] INFO  impl.RaftServerImpl (RaftServerImpl.java:setRole(184)) - efb933de-cdd8-4d8d-88d2-4c7ffe0dec1a@group-EE856C9543A1: changes role from  FOLLOWER to FOLLOWER at term 74 for recognizeCandidate:5c3956af-60d3-411f-8c98-c7ed3576de5c
2019-10-16 21:52:59,769 [grpc-default-executor-0] INFO  impl.RoleInfo (RoleInfo.java:shutdownFollowerState(121)) - efb933de-cdd8-4d8d-88d2-4c7ffe0dec1a: shutdown FollowerState
2019-10-16 21:52:59,769 [grpc-default-executor-0] INFO  impl.RoleInfo (RoleInfo.java:updateAndGet(143)) - efb933de-cdd8-4d8d-88d2-4c7ffe0dec1a: start FollowerState
2019-10-16 21:52:59,769 [Thread-745] INFO  impl.FollowerState (FollowerState.java:run(117)) - efb933de-cdd8-4d8d-88d2-4c7ffe0dec1a@group-EE856C9543A1-FollowerState was interrupted: java.lang.InterruptedException: sleep interrupted
2019-10-16 21:52:59,784 [5c3956af-60d3-411f-8c98-c7ed3576de5c@group-EE856C9543A1-LeaderElection75] INFO  impl.LeaderElection (LeaderElection.java:logAndReturn(56)) - 5c3956af-60d3-411f-8c98-c7ed3576de5c@group-EE856C9543A1-LeaderElection75: Election REJECTED; received 2 response(s) [5c3956af-60d3-411f-8c98-c7ed3576de5c<-efb933de-cdd8-4d8d-88d2-4c7ffe0dec1a#0:FAIL-t74, 5c3956af-60d3-411f-8c98-c7ed3576de5c<-9d88716d-5d6b-4fd8-b832-a110dc45ee66#0:FAIL-t74] and 0 exception(s); 5c3956af-60d3-411f-8c98-c7ed3576de5c@group-EE856C9543A1:t74, leader=null, voted=5c3956af-60d3-411f-8c98-c7ed3576de5c, raftlog=5c3956af-60d3-411f-8c98-c7ed3576de5c@group-EE856C9543A1-SegmentedRaftLog:OPENED:c-1,f-1,i0, conf=-1: [5c3956af-60d3-411f-8c98-c7ed3576de5c:192.168.34.38:33787, efb933de-cdd8-4d8d-88d2-4c7ffe0dec1a:192.168.34.38:42459, 9d88716d-5d6b-4fd8-b832-a110dc45ee66:192.168.34.38:38211], old=null
2019-10-16 21:52:59,784 [5c3956af-60d3-411f-8c98-c7ed3576de5c@group-EE856C9543A1-LeaderElection75] INFO  impl.RaftServerImpl (RaftServerImpl.java:setRole(184)) - 5c3956af-60d3-411f-8c98-c7ed3576de5c@group-EE856C9543A1: changes role from CANDIDATE to FOLLOWER at term 74 for DISCOVERED_A_NEW_TERM
2019-10-16 21:52:59,784 [5c3956af-60d3-411f-8c98-c7ed3576de5c@group-EE856C9543A1-LeaderElection75] INFO  impl.RoleInfo (RoleInfo.java:shutdownLeaderElection(134)) - 5c3956af-60d3-411f-8c98-c7ed3576de5c: shutdown LeaderElection
2019-10-16 21:52:59,784 [5c3956af-60d3-411f-8c98-c7ed3576de5c@group-EE856C9543A1-LeaderElection75] INFO  impl.RoleInfo (RoleInfo.java:updateAndGet(143)) - 5c3956af-60d3-411f-8c98-c7ed3576de5c: start FollowerState
2019-10-16 21:52:59,828 [Thread-753] INFO  impl.FollowerState (FollowerState.java:run(108)) - 5c3956af-60d3-411f-8c98-c7ed3576de5c@group-EE856C9543A1-FollowerState: change to CANDIDATE, lastRpcTime:43ms, electionTimeout:43ms
2019-10-16 21:52:59,828 [Thread-753] INFO  impl.RoleInfo (RoleInfo.java:shutdownFollowerState(121)) - 5c3956af-60d3-411f-8c98-c7ed3576de5c: shutdown FollowerState
2019-10-16 21:52:59,828 [Thread-753] INFO  impl.RaftServerImpl (RaftServerImpl.java:setRole(184)) - 5c3956af-60d3-411f-8c98-c7ed3576de5c@group-EE856C9543A1: changes role from  FOLLOWER to CANDIDATE at term 74 for changeToCandidate
2019-10-16 21:52:59,828 [Thread-753] INFO  impl.RoleInfo (RoleInfo.java:updateAndGet(143)) - 5c3956af-60d3-411f-8c98-c7ed3576de5c: start LeaderElection
2019-10-16 21:52:59,842 [5c3956af-60d3-411f-8c98-c7ed3576de5c@group-EE856C9543A1-LeaderElection76] INFO  impl.LeaderElection (LeaderElection.java:askForVotes(178)) - 5c3956af-60d3-411f-8c98-c7ed3576de5c@group-EE856C9543A1-LeaderElection76: begin an election at term 75 for -1: [5c3956af-60d3-411f-8c98-c7ed3576de5c:192.168.34.38:33787, efb933de-cdd8-4d8d-88d2-4c7ffe0dec1a:192.168.34.38:42459, 9d88716d-5d6b-4fd8-b832-a110dc45ee66:192.168.34.38:38211], old=null
2019-10-16 21:52:59,845 [grpc-default-executor-1] INFO  impl.RaftServerImpl (RaftServerImpl.java:setRole(184)) - 9d88716d-5d6b-4fd8-b832-a110dc45ee66@group-EE856C9543A1: changes role from  FOLLOWER to FOLLOWER at term 75 for recognizeCandidate:5c3956af-60d3-411f-8c98-c7ed3576de5c
2019-10-16 21:52:59,845 [grpc-default-executor-1] INFO  impl.RoleInfo (RoleInfo.java:shutdownFollowerState(121)) - 9d88716d-5d6b-4fd8-b832-a110dc45ee66: shutdown FollowerState
2019-10-16 21:52:59,845 [grpc-default-executor-1] INFO  impl.RoleInfo (RoleInfo.java:updateAndGet(143)) - 9d88716d-5d6b-4fd8-b832-a110dc45ee66: start FollowerState
2019-10-16 21:52:59,845 [Thread-751] INFO  impl.FollowerState (FollowerState.java:run(117)) - 9d88716d-5d6b-4fd8-b832-a110dc45ee66@group-EE856C9543A1-FollowerState was interrupted: java.lang.InterruptedException: sleep interrupted
2019-10-16 21:52:59,845 [grpc-default-executor-0] INFO  impl.RaftServerImpl (RaftServerImpl.java:setRole(184)) - efb933de-cdd8-4d8d-88d2-4c7ffe0dec1a@group-EE856C9543A1: changes role from  FOLLOWER to FOLLOWER at term 75 for recognizeCandidate:5c3956af-60d3-411f-8c98-c7ed3576de5c
2019-10-16 21:52:59,846 [grpc-default-executor-0] INFO  impl.RoleInfo (RoleInfo.java:shutdownFollowerState(121)) - efb933de-cdd8-4d8d-88d2-4c7ffe0dec1a: shutdown FollowerState
2019-10-16 21:52:59,846 [grpc-default-executor-0] INFO  impl.RoleInfo (RoleInfo.java:updateAndGet(143)) - efb933de-cdd8-4d8d-88d2-4c7ffe0dec1a: start FollowerState
2019-10-16 21:52:59,846 [Thread-752] INFO  impl.FollowerState (FollowerState.java:run(117)) - efb933de-cdd8-4d8d-88d2-4c7ffe0dec1a@group-EE856C9543A1-FollowerState was interrupted: java.lang.InterruptedException: sleep interrupted
2019-10-16 21:52:59,860 [5c3956af-60d3-411f-8c98-c7ed3576de5c@group-EE856C9543A1-LeaderElection76] INFO  impl.LeaderElection (LeaderElection.java:logAndReturn(56)) - 5c3956af-60d3-411f-8c98-c7ed3576de5c@group-EE856C9543A1-LeaderElection76: Election REJECTED; received 2 response(s) [5c3956af-60d3-411f-8c98-c7ed3576de5c<-efb933de-cdd8-4d8d-88d2-4c7ffe0dec1a#0:FAIL-t75, 5c3956af-60d3-411f-8c98-c7ed3576de5c<-9d88716d-5d6b-4fd8-b832-a110dc45ee66#0:FAIL-t75] and 0 exception(s); 5c3956af-60d3-411f-8c98-c7ed3576de5c@group-EE856C9543A1:t75, leader=null, voted=5c3956af-60d3-411f-8c98-c7ed3576de5c, raftlog=5c3956af-60d3-411f-8c98-c7ed3576de5c@group-EE856C9543A1-SegmentedRaftLog:OPENED:c-1,f-1,i0, conf=-1: [5c3956af-60d3-411f-8c98-c7ed3576de5c:192.168.34.38:33787, efb933de-cdd8-4d8d-88d2-4c7ffe0dec1a:192.168.34.38:42459, 9d88716d-5d6b-4fd8-b832-a110dc45ee66:192.168.34.38:38211], old=null
2019-10-16 21:52:59,860 [5c3956af-60d3-411f-8c98-c7ed3576de5c@group-EE856C9543A1-LeaderElection76] INFO  impl.RaftServerImpl (RaftServerImpl.java:setRole(184)) - 5c3956af-60d3-411f-8c98-c7ed3576de5c@group-EE856C9543A1: changes role from CANDIDATE to FOLLOWER at term 75 for DISCOVERED_A_NEW_TERM
2019-10-16 21:52:59,861 [5c3956af-60d3-411f-8c98-c7ed3576de5c@group-EE856C9543A1-LeaderElection76] INFO  impl.RoleInfo (RoleInfo.java:shutdownLeaderElection(134)) - 5c3956af-60d3-411f-8c98-c7ed3576de5c: shutdown LeaderElection
2019-10-16 21:52:59,861 [5c3956af-60d3-411f-8c98-c7ed3576de5c@group-EE856C9543A1-LeaderElection76] INFO  impl.RoleInfo (RoleInfo.java:updateAndGet(143)) - 5c3956af-60d3-411f-8c98-c7ed3576de5c: start FollowerState
2019-10-16 21:52:59,943 [Thread-759] INFO  impl.FollowerState (FollowerState.java:run(108)) - 5c3956af-60d3-411f-8c98-c7ed3576de5c@group-EE856C9543A1-FollowerState: change to CANDIDATE, lastRpcTime:82ms, electionTimeout:82ms
2019-10-16 21:52:59,943 [Thread-759] INFO  impl.RoleInfo (RoleInfo.java:shutdownFollowerState(121)) - 5c3956af-60d3-411f-8c98-c7ed3576de5c: shutdown FollowerState
2019-10-16 21:52:59,944 [Thread-759] INFO  impl.RaftServerImpl (RaftServerImpl.java:setRole(184)) - 5c3956af-60d3-411f-8c98-c7ed3576de5c@group-EE856C9543A1: changes role from  FOLLOWER to CANDIDATE at term 75 for changeToCandidate
2019-10-16 21:52:59,944 [Thread-759] INFO  impl.RoleInfo (RoleInfo.java:updateAndGet(143)) - 5c3956af-60d3-411f-8c98-c7ed3576de5c: start LeaderElection
2019-10-16 21:52:59,958 [5c3956af-60d3-411f-8c98-c7ed3576de5c@group-EE856C9543A1-LeaderElection77] INFO  impl.LeaderElection (LeaderElection.java:askForVotes(178)) - 5c3956af-60d3-411f-8c98-c7ed3576de5c@group-EE856C9543A1-LeaderElection77: begin an election at term 76 for -1: [5c3956af-60d3-411f-8c98-c7ed3576de5c:192.168.34.38:33787, efb933de-cdd8-4d8d-88d2-4c7ffe0dec1a:192.168.34.38:42459, 9d88716d-5d6b-4fd8-b832-a110dc45ee66:192.168.34.38:38211], old=null
2019-10-16 21:52:59,962 [grpc-default-executor-1] INFO  impl.RaftServerImpl (RaftServerImpl.java:setRole(184)) - efb933de-cdd8-4d8d-88d2-4c7ffe0dec1a@group-EE856C9543A1: changes role from  FOLLOWER to FOLLOWER at term 76 for recognizeCandidate:5c3956af-60d3-411f-8c98-c7ed3576de5c
2019-10-16 21:52:59,962 [grpc-default-executor-0] INFO  impl.RaftServerImpl (RaftServerImpl.java:setRole(184)) - 9d88716d-5d6b-4fd8-b832-a110dc45ee66@group-EE856C9543A1: changes role from  FOLLOWER to FOLLOWER at term 76 for recognizeCandidate:5c3956af-60d3-411f-8c98-c7ed3576de5c
2019-10-16 21:52:59,962 [grpc-default-executor-1] INFO  impl.RoleInfo (RoleInfo.java:shutdownFollowerState(121)) - efb933de-cdd8-4d8d-88d2-4c7ffe0dec1a: shutdown FollowerState
2019-10-16 21:52:59,962 [grpc-default-executor-0] INFO  impl.RoleInfo (RoleInfo.java:shutdownFollowerState(121)) - 9d88716d-5d6b-4fd8-b832-a110dc45ee66: shutdown FollowerState
2019-10-16 21:52:59,962 [Thread-758] INFO  impl.FollowerState (FollowerState.java:run(117)) - efb933de-cdd8-4d8d-88d2-4c7ffe0dec1a@group-EE856C9543A1-FollowerState was interrupted: java.lang.InterruptedException: sleep interrupted
2019-10-16 21:52:59,962 [grpc-default-executor-1] INFO  impl.RoleInfo (RoleInfo.java:updateAndGet(143)) - efb933de-cdd8-4d8d-88d2-4c7ffe0dec1a: start FollowerState
2019-10-16 21:52:59,962 [grpc-default-executor-0] INFO  impl.RoleInfo (RoleInfo.java:updateAndGet(143)) - 9d88716d-5d6b-4fd8-b832-a110dc45ee66: start FollowerState
2019-10-16 21:52:59,962 [Thread-757] INFO  impl.FollowerState (FollowerState.java:run(117)) - 9d88716d-5d6b-4fd8-b832-a110dc45ee66@group-EE856C9543A1-FollowerState was interrupted: java.lang.InterruptedException: sleep interrupted
2019-10-16 21:52:59,981 [5c3956af-60d3-411f-8c98-c7ed3576de5c@group-EE856C9543A1-LeaderElection77] INFO  impl.LeaderElection (LeaderElection.java:logAndReturn(56)) - 5c3956af-60d3-411f-8c98-c7ed3576de5c@group-EE856C9543A1-LeaderElection77: Election REJECTED; received 2 response(s) [5c3956af-60d3-411f-8c98-c7ed3576de5c<-efb933de-cdd8-4d8d-88d2-4c7ffe0dec1a#0:FAIL-t76, 5c3956af-60d3-411f-8c98-c7ed3576de5c<-9d88716d-5d6b-4fd8-b832-a110dc45ee66#0:FAIL-t76] and 0 exception(s); 5c3956af-60d3-411f-8c98-c7ed3576de5c@group-EE856C9543A1:t76, leader=null, voted=5c3956af-60d3-411f-8c98-c7ed3576de5c, raftlog=5c3956af-60d3-411f-8c98-c7ed3576de5c@group-EE856C9543A1-SegmentedRaftLog:OPENED:c-1,f-1,i0, conf=-1: [5c3956af-60d3-411f-8c98-c7ed3576de5c:192.168.34.38:33787, efb933de-cdd8-4d8d-88d2-4c7ffe0dec1a:192.168.34.38:42459, 9d88716d-5d6b-4fd8-b832-a110dc45ee66:192.168.34.38:38211], old=null
2019-10-16 21:52:59,981 [5c3956af-60d3-411f-8c98-c7ed3576de5c@group-EE856C9543A1-LeaderElection77] INFO  impl.RaftServerImpl (RaftServerImpl.java:setRole(184)) - 5c3956af-60d3-411f-8c98-c7ed3576de5c@group-EE856C9543A1: changes role from CANDIDATE to FOLLOWER at term 76 for DISCOVERED_A_NEW_TERM
2019-10-16 21:52:59,981 [5c3956af-60d3-411f-8c98-c7ed3576de5c@group-EE856C9543A1-LeaderElection77] INFO  impl.RoleInfo (RoleInfo.java:shutdownLeaderElection(134)) - 5c3956af-60d3-411f-8c98-c7ed3576de5c: shutdown LeaderElection
2019-10-16 21:52:59,982 [5c3956af-60d3-411f-8c98-c7ed3576de5c@group-EE856C9543A1-LeaderElection77] INFO  impl.RoleInfo (RoleInfo.java:updateAndGet(143)) - 5c3956af-60d3-411f-8c98-c7ed3576de5c: start FollowerState
2019-10-16 21:53:00,154 [Thread-765] INFO  impl.FollowerState (FollowerState.java:run(108)) - 5c3956af-60d3-411f-8c98-c7ed3576de5c@group-EE856C9543A1-FollowerState: change to CANDIDATE, lastRpcTime:172ms, electionTimeout:172ms
2019-10-16 21:53:00,154 [Thread-765] INFO  impl.RoleInfo (RoleInfo.java:shutdownFollowerState(121)) - 5c3956af-60d3-411f-8c98-c7ed3576de5c: shutdown FollowerState
2019-10-16 21:53:00,155 [Thread-765] INFO  impl.RaftServerImpl (RaftServerImpl.java:setRole(184)) - 5c3956af-60d3-411f-8c98-c7ed3576de5c@group-EE856C9543A1: changes role from  FOLLOWER to CANDIDATE at term 76 for changeToCandidate
2019-10-16 21:53:00,155 [Thread-765] INFO  impl.RoleInfo (RoleInfo.java:updateAndGet(143)) - 5c3956af-60d3-411f-8c98-c7ed3576de5c: start LeaderElection
2019-10-16 21:53:00,169 [5c3956af-60d3-411f-8c98-c7ed3576de5c@group-EE856C9543A1-LeaderElection78] INFO  impl.LeaderElection (LeaderElection.java:askForVotes(178)) - 5c3956af-60d3-411f-8c98-c7ed3576de5c@group-EE856C9543A1-LeaderElection78: begin an election at term 77 for -1: [5c3956af-60d3-411f-8c98-c7ed3576de5c:192.168.34.38:33787, efb933de-cdd8-4d8d-88d2-4c7ffe0dec1a:192.168.34.38:42459, 9d88716d-5d6b-4fd8-b832-a110dc45ee66:192.168.34.38:38211], old=null
2019-10-16 21:53:00,171 [grpc-default-executor-0] INFO  impl.RaftServerImpl (RaftServerImpl.java:setRole(184)) - efb933de-cdd8-4d8d-88d2-4c7ffe0dec1a@group-EE856C9543A1: changes role from  FOLLOWER to FOLLOWER at term 77 for recognizeCandidate:5c3956af-60d3-411f-8c98-c7ed3576de5c
2019-10-16 21:53:00,172 [grpc-default-executor-0] INFO  impl.RoleInfo (RoleInfo.java:shutdownFollowerState(121)) - efb933de-cdd8-4d8d-88d2-4c7ffe0dec1a: shutdown FollowerState
2019-10-16 21:53:00,172 [grpc-default-executor-1] INFO  impl.RaftServerImpl (RaftServerImpl.java:setRole(184)) - 9d88716d-5d6b-4fd8-b832-a110dc45ee66@group-EE856C9543A1: changes role from  FOLLOWER to FOLLOWER at term 77 for recognizeCandidate:5c3956af-60d3-411f-8c98-c7ed3576de5c
2019-10-16 21:53:00,172 [Thread-763] INFO  impl.FollowerState (FollowerState.java:run(117)) - efb933de-cdd8-4d8d-88d2-4c7ffe0dec1a@group-EE856C9543A1-FollowerState was interrupted: java.lang.InterruptedException: sleep interrupted
2019-10-16 21:53:00,172 [grpc-default-executor-0] INFO  impl.RoleInfo (RoleInfo.java:updateAndGet(143)) - efb933de-cdd8-4d8d-88d2-4c7ffe0dec1a: start FollowerState
2019-10-16 21:53:00,172 [grpc-default-executor-1] INFO  impl.RoleInfo (RoleInfo.java:shutdownFollowerState(121)) - 9d88716d-5d6b-4fd8-b832-a110dc45ee66: shutdown FollowerState
2019-10-16 21:53:00,172 [grpc-default-executor-1] INFO  impl.RoleInfo (RoleInfo.java:updateAndGet(143)) - 9d88716d-5d6b-4fd8-b832-a110dc45ee66: start FollowerState
2019-10-16 21:53:00,172 [Thread-764] INFO  impl.FollowerState (FollowerState.java:run(117)) - 9d88716d-5d6b-4fd8-b832-a110dc45ee66@group-EE856C9543A1-FollowerState was interrupted: java.lang.InterruptedException: sleep interrupted
2019-10-16 21:53:00,187 [5c3956af-60d3-411f-8c98-c7ed3576de5c@group-EE856C9543A1-LeaderElection78] INFO  impl.LeaderElection (LeaderElection.java:logAndReturn(56)) - 5c3956af-60d3-411f-8c98-c7ed3576de5c@group-EE856C9543A1-LeaderElection78: Election REJECTED; received 2 response(s) [5c3956af-60d3-411f-8c98-c7ed3576de5c<-efb933de-cdd8-4d8d-88d2-4c7ffe0dec1a#0:FAIL-t77, 5c3956af-60d3-411f-8c98-c7ed3576de5c<-9d88716d-5d6b-4fd8-b832-a110dc45ee66#0:FAIL-t77] and 0 exception(s); 5c3956af-60d3-411f-8c98-c7ed3576de5c@group-EE856C9543A1:t77, leader=null, voted=5c3956af-60d3-411f-8c98-c7ed3576de5c, raftlog=5c3956af-60d3-411f-8c98-c7ed3576de5c@group-EE856C9543A1-SegmentedRaftLog:OPENED:c-1,f-1,i0, conf=-1: [5c3956af-60d3-411f-8c98-c7ed3576de5c:192.168.34.38:33787, efb933de-cdd8-4d8d-88d2-4c7ffe0dec1a:192.168.34.38:42459, 9d88716d-5d6b-4fd8-b832-a110dc45ee66:192.168.34.38:38211], old=null
2019-10-16 21:53:00,188 [5c3956af-60d3-411f-8c98-c7ed3576de5c@group-EE856C9543A1-LeaderElection78] INFO  impl.RaftServerImpl (RaftServerImpl.java:setRole(184)) - 5c3956af-60d3-411f-8c98-c7ed3576de5c@group-EE856C9543A1: changes role from CANDIDATE to FOLLOWER at term 77 for DISCOVERED_A_NEW_TERM
2019-10-16 21:53:00,188 [5c3956af-60d3-411f-8c98-c7ed3576de5c@group-EE856C9543A1-LeaderElection78] INFO  impl.RoleInfo (RoleInfo.java:shutdownLeaderElection(134)) - 5c3956af-60d3-411f-8c98-c7ed3576de5c: shutdown LeaderElection
2019-10-16 21:53:00,188 [5c3956af-60d3-411f-8c98-c7ed3576de5c@group-EE856C9543A1-LeaderElection78] INFO  impl.RoleInfo (RoleInfo.java:updateAndGet(143)) - 5c3956af-60d3-411f-8c98-c7ed3576de5c: start FollowerState
2019-10-16 21:53:00,200 [Thread-771] INFO  impl.FollowerState (FollowerState.java:run(108)) - 5c3956af-60d3-411f-8c98-c7ed3576de5c@group-EE856C9543A1-FollowerState: change to CANDIDATE, lastRpcTime:12ms, electionTimeout:12ms
2019-10-16 21:53:00,200 [Thread-771] INFO  impl.RoleInfo (RoleInfo.java:shutdownFollowerState(121)) - 5c3956af-60d3-411f-8c98-c7ed3576de5c: shutdown FollowerState
2019-10-16 21:53:00,200 [Thread-771] INFO  impl.RaftServerImpl (RaftServerImpl.java:setRole(184)) - 5c3956af-60d3-411f-8c98-c7ed3576de5c@group-EE856C9543A1: changes role from  FOLLOWER to CANDIDATE at term 77 for changeToCandidate
2019-10-16 21:53:00,200 [Thread-771] INFO  impl.RoleInfo (RoleInfo.java:updateAndGet(143)) - 5c3956af-60d3-411f-8c98-c7ed3576de5c: start LeaderElection
2019-10-16 21:53:00,214 [5c3956af-60d3-411f-8c98-c7ed3576de5c@group-EE856C9543A1-LeaderElection79] INFO  impl.LeaderElection (LeaderElection.java:askForVotes(178)) - 5c3956af-60d3-411f-8c98-c7ed3576de5c@group-EE856C9543A1-LeaderElection79: begin an election at term 78 for -1: [5c3956af-60d3-411f-8c98-c7ed3576de5c:192.168.34.38:33787, efb933de-cdd8-4d8d-88d2-4c7ffe0dec1a:192.168.34.38:42459, 9d88716d-5d6b-4fd8-b832-a110dc45ee66:192.168.34.38:38211], old=null
2019-10-16 21:53:00,217 [grpc-default-executor-1] INFO  impl.RaftServerImpl (RaftServerImpl.java:setRole(184)) - efb933de-cdd8-4d8d-88d2-4c7ffe0dec1a@group-EE856C9543A1: changes role from  FOLLOWER to FOLLOWER at term 78 for recognizeCandidate:5c3956af-60d3-411f-8c98-c7ed3576de5c
2019-10-16 21:53:00,217 [grpc-default-executor-0] INFO  impl.RaftServerImpl (RaftServerImpl.java:setRole(184)) - 9d88716d-5d6b-4fd8-b832-a110dc45ee66@group-EE856C9543A1: changes role from  FOLLOWER to FOLLOWER at term 78 for recognizeCandidate:5c3956af-60d3-411f-8c98-c7ed3576de5c
2019-10-16 21:53:00,218 [grpc-default-executor-0] INFO  impl.RoleInfo (RoleInfo.java:shutdownFollowerState(121)) - 9d88716d-5d6b-4fd8-b832-a110dc45ee66: shutdown FollowerState
2019-10-16 21:53:00,217 [grpc-default-executor-1] INFO  impl.RoleInfo (RoleInfo.java:shutdownFollowerState(121)) - efb933de-cdd8-4d8d-88d2-4c7ffe0dec1a: shutdown FollowerState
2019-10-16 21:53:00,218 [Thread-770] INFO  impl.FollowerState (FollowerState.java:run(117)) - 9d88716d-5d6b-4fd8-b832-a110dc45ee66@group-EE856C9543A1-FollowerState was interrupted: java.lang.InterruptedException: sleep interrupted
2019-10-16 21:53:00,218 [grpc-default-executor-0] INFO  impl.RoleInfo (RoleInfo.java:updateAndGet(143)) - 9d88716d-5d6b-4fd8-b832-a110dc45ee66: start FollowerState
2019-10-16 21:53:00,218 [Thread-769] INFO  impl.FollowerState (FollowerState.java:run(117)) - efb933de-cdd8-4d8d-88d2-4c7ffe0dec1a@group-EE856C9543A1-FollowerState was interrupted: java.lang.InterruptedException: sleep interrupted
2019-10-16 21:53:00,218 [grpc-default-executor-1] INFO  impl.RoleInfo (RoleInfo.java:updateAndGet(143)) - efb933de-cdd8-4d8d-88d2-4c7ffe0dec1a: start FollowerState
2019-10-16 21:53:00,234 [5c3956af-60d3-411f-8c98-c7ed3576de5c@group-EE856C9543A1-LeaderElection79] INFO  impl.LeaderElection (LeaderElection.java:logAndReturn(56)) - 5c3956af-60d3-411f-8c98-c7ed3576de5c@group-EE856C9543A1-LeaderElection79: Election REJECTED; received 2 response(s) [5c3956af-60d3-411f-8c98-c7ed3576de5c<-efb933de-cdd8-4d8d-88d2-4c7ffe0dec1a#0:FAIL-t78, 5c3956af-60d3-411f-8c98-c7ed3576de5c<-9d88716d-5d6b-4fd8-b832-a110dc45ee66#0:FAIL-t78] and 0 exception(s); 5c3956af-60d3-411f-8c98-c7ed3576de5c@group-EE856C9543A1:t78, leader=null, voted=5c3956af-60d3-411f-8c98-c7ed3576de5c, raftlog=5c3956af-60d3-411f-8c98-c7ed3576de5c@group-EE856C9543A1-SegmentedRaftLog:OPENED:c-1,f-1,i0, conf=-1: [5c3956af-60d3-411f-8c98-c7ed3576de5c:192.168.34.38:33787, efb933de-cdd8-4d8d-88d2-4c7ffe0dec1a:192.168.34.38:42459, 9d88716d-5d6b-4fd8-b832-a110dc45ee66:192.168.34.38:38211], old=null
2019-10-16 21:53:00,234 [5c3956af-60d3-411f-8c98-c7ed3576de5c@group-EE856C9543A1-LeaderElection79] INFO  impl.RaftServerImpl (RaftServerImpl.java:setRole(184)) - 5c3956af-60d3-411f-8c98-c7ed3576de5c@group-EE856C9543A1: changes role from CANDIDATE to FOLLOWER at term 78 for DISCOVERED_A_NEW_TERM
2019-10-16 21:53:00,234 [5c3956af-60d3-411f-8c98-c7ed3576de5c@group-EE856C9543A1-LeaderElection79] INFO  impl.RoleInfo (RoleInfo.java:shutdownLeaderElection(134)) - 5c3956af-60d3-411f-8c98-c7ed3576de5c: shutdown LeaderElection
2019-10-16 21:53:00,235 [5c3956af-60d3-411f-8c98-c7ed3576de5c@group-EE856C9543A1-LeaderElection79] INFO  impl.RoleInfo (RoleInfo.java:updateAndGet(143)) - 5c3956af-60d3-411f-8c98-c7ed3576de5c: start FollowerState
2019-10-16 21:53:00,391 [Thread-777] INFO  impl.FollowerState (FollowerState.java:run(108)) - 5c3956af-60d3-411f-8c98-c7ed3576de5c@group-EE856C9543A1-FollowerState: change to CANDIDATE, lastRpcTime:156ms, electionTimeout:156ms
2019-10-16 21:53:00,391 [Thread-777] INFO  impl.RoleInfo (RoleInfo.java:shutdownFollowerState(121)) - 5c3956af-60d3-411f-8c98-c7ed3576de5c: shutdown FollowerState
2019-10-16 21:53:00,391 [Thread-777] INFO  impl.RaftServerImpl (RaftServerImpl.java:setRole(184)) - 5c3956af-60d3-411f-8c98-c7ed3576de5c@group-EE856C9543A1: changes role from  FOLLOWER to CANDIDATE at term 78 for changeToCandidate
2019-10-16 21:53:00,392 [Thread-777] INFO  impl.RoleInfo (RoleInfo.java:updateAndGet(143)) - 5c3956af-60d3-411f-8c98-c7ed3576de5c: start LeaderElection
2019-10-16 21:53:00,396 [JUnit] INFO  ozone.MiniOzoneClusterImpl (MiniOzoneClusterImpl.java:lambda$waitForClusterToBeReady$2(164)) - Waiting for 1 number of pipelines out of 6, to report a leader.
2019-10-16 21:53:00,406 [5c3956af-60d3-411f-8c98-c7ed3576de5c@group-EE856C9543A1-LeaderElection80] INFO  impl.LeaderElection (LeaderElection.java:askForVotes(178)) - 5c3956af-60d3-411f-8c98-c7ed3576de5c@group-EE856C9543A1-LeaderElection80: begin an election at term 79 for -1: [5c3956af-60d3-411f-8c98-c7ed3576de5c:192.168.34.38:33787, efb933de-cdd8-4d8d-88d2-4c7ffe0dec1a:192.168.34.38:42459, 9d88716d-5d6b-4fd8-b832-a110dc45ee66:192.168.34.38:38211], old=null
2019-10-16 21:53:00,409 [grpc-default-executor-1] INFO  impl.RaftServerImpl (RaftServerImpl.java:setRole(184)) - efb933de-cdd8-4d8d-88d2-4c7ffe0dec1a@group-EE856C9543A1: changes role from  FOLLOWER to FOLLOWER at term 79 for recognizeCandidate:5c3956af-60d3-411f-8c98-c7ed3576de5c
2019-10-16 21:53:00,409 [grpc-default-executor-0] INFO  impl.RaftServerImpl (RaftServerImpl.java:setRole(184)) - 9d88716d-5d6b-4fd8-b832-a110dc45ee66@group-EE856C9543A1: changes role from  FOLLOWER to FOLLOWER at term 79 for recognizeCandidate:5c3956af-60d3-411f-8c98-c7ed3576de5c
2019-10-16 21:53:00,410 [grpc-default-executor-1] INFO  impl.RoleInfo (RoleInfo.java:shutdownFollowerState(121)) - efb933de-cdd8-4d8d-88d2-4c7ffe0dec1a: shutdown FollowerState
2019-10-16 21:53:00,410 [grpc-default-executor-0] INFO  impl.RoleInfo (RoleInfo.java:shutdownFollowerState(121)) - 9d88716d-5d6b-4fd8-b832-a110dc45ee66: shutdown FollowerState
2019-10-16 21:53:00,410 [Thread-776] INFO  impl.FollowerState (FollowerState.java:run(117)) - efb933de-cdd8-4d8d-88d2-4c7ffe0dec1a@group-EE856C9543A1-FollowerState was interrupted: java.lang.InterruptedException: sleep interrupted
2019-10-16 21:53:00,410 [grpc-default-executor-1] INFO  impl.RoleInfo (RoleInfo.java:updateAndGet(143)) - efb933de-cdd8-4d8d-88d2-4c7ffe0dec1a: start FollowerState
2019-10-16 21:53:00,410 [Thread-775] INFO  impl.FollowerState (FollowerState.java:run(117)) - 9d88716d-5d6b-4fd8-b832-a110dc45ee66@group-EE856C9543A1-FollowerState was interrupted: java.lang.InterruptedException: sleep interrupted
2019-10-16 21:53:00,410 [grpc-default-executor-0] INFO  impl.RoleInfo (RoleInfo.java:updateAndGet(143)) - 9d88716d-5d6b-4fd8-b832-a110dc45ee66: start FollowerState
2019-10-16 21:53:00,426 [5c3956af-60d3-411f-8c98-c7ed3576de5c@group-EE856C9543A1-LeaderElection80] INFO  impl.LeaderElection (LeaderElection.java:logAndReturn(56)) - 5c3956af-60d3-411f-8c98-c7ed3576de5c@group-EE856C9543A1-LeaderElection80: Election REJECTED; received 2 response(s) [5c3956af-60d3-411f-8c98-c7ed3576de5c<-efb933de-cdd8-4d8d-88d2-4c7ffe0dec1a#0:FAIL-t79, 5c3956af-60d3-411f-8c98-c7ed3576de5c<-9d88716d-5d6b-4fd8-b832-a110dc45ee66#0:FAIL-t79] and 0 exception(s); 5c3956af-60d3-411f-8c98-c7ed3576de5c@group-EE856C9543A1:t79, leader=null, voted=5c3956af-60d3-411f-8c98-c7ed3576de5c, raftlog=5c3956af-60d3-411f-8c98-c7ed3576de5c@group-EE856C9543A1-SegmentedRaftLog:OPENED:c-1,f-1,i0, conf=-1: [5c3956af-60d3-411f-8c98-c7ed3576de5c:192.168.34.38:33787, efb933de-cdd8-4d8d-88d2-4c7ffe0dec1a:192.168.34.38:42459, 9d88716d-5d6b-4fd8-b832-a110dc45ee66:192.168.34.38:38211], old=null
2019-10-16 21:53:00,426 [5c3956af-60d3-411f-8c98-c7ed3576de5c@group-EE856C9543A1-LeaderElection80] INFO  impl.RaftServerImpl (RaftServerImpl.java:setRole(184)) - 5c3956af-60d3-411f-8c98-c7ed3576de5c@group-EE856C9543A1: changes role from CANDIDATE to FOLLOWER at term 79 for DISCOVERED_A_NEW_TERM
2019-10-16 21:53:00,426 [5c3956af-60d3-411f-8c98-c7ed3576de5c@group-EE856C9543A1-LeaderElection80] INFO  impl.RoleInfo (RoleInfo.java:shutdownLeaderElection(134)) - 5c3956af-60d3-411f-8c98-c7ed3576de5c: shutdown LeaderElection
2019-10-16 21:53:00,427 [5c3956af-60d3-411f-8c98-c7ed3576de5c@group-EE856C9543A1-LeaderElection80] INFO  impl.RoleInfo (RoleInfo.java:updateAndGet(143)) - 5c3956af-60d3-411f-8c98-c7ed3576de5c: start FollowerState
2019-10-16 21:53:00,555 [Thread-783] INFO  impl.FollowerState (FollowerState.java:run(108)) - 5c3956af-60d3-411f-8c98-c7ed3576de5c@group-EE856C9543A1-FollowerState: change to CANDIDATE, lastRpcTime:128ms, electionTimeout:128ms
2019-10-16 21:53:00,555 [Thread-783] INFO  impl.RoleInfo (RoleInfo.java:shutdownFollowerState(121)) - 5c3956af-60d3-411f-8c98-c7ed3576de5c: shutdown FollowerState
2019-10-16 21:53:00,555 [Thread-783] INFO  impl.RaftServerImpl (RaftServerImpl.java:setRole(184)) - 5c3956af-60d3-411f-8c98-c7ed3576de5c@group-EE856C9543A1: changes role from  FOLLOWER to CANDIDATE at term 79 for changeToCandidate
2019-10-16 21:53:00,556 [Thread-783] INFO  impl.RoleInfo (RoleInfo.java:updateAndGet(143)) - 5c3956af-60d3-411f-8c98-c7ed3576de5c: start LeaderElection
2019-10-16 21:53:00,570 [5c3956af-60d3-411f-8c98-c7ed3576de5c@group-EE856C9543A1-LeaderElection81] INFO  impl.LeaderElection (LeaderElection.java:askForVotes(178)) - 5c3956af-60d3-411f-8c98-c7ed3576de5c@group-EE856C9543A1-LeaderElection81: begin an election at term 80 for -1: [5c3956af-60d3-411f-8c98-c7ed3576de5c:192.168.34.38:33787, efb933de-cdd8-4d8d-88d2-4c7ffe0dec1a:192.168.34.38:42459, 9d88716d-5d6b-4fd8-b832-a110dc45ee66:192.168.34.38:38211], old=null
2019-10-16 21:53:00,573 [grpc-default-executor-0] INFO  impl.RaftServerImpl (RaftServerImpl.java:setRole(184)) - efb933de-cdd8-4d8d-88d2-4c7ffe0dec1a@group-EE856C9543A1: changes role from  FOLLOWER to FOLLOWER at term 80 for recognizeCandidate:5c3956af-60d3-411f-8c98-c7ed3576de5c
2019-10-16 21:53:00,573 [grpc-default-executor-1] INFO  impl.RaftServerImpl (RaftServerImpl.java:setRole(184)) - 9d88716d-5d6b-4fd8-b832-a110dc45ee66@group-EE856C9543A1: changes role from  FOLLOWER to FOLLOWER at term 80 for recognizeCandidate:5c3956af-60d3-411f-8c98-c7ed3576de5c
2019-10-16 21:53:00,573 [grpc-default-executor-0] INFO  impl.RoleInfo (RoleInfo.java:shutdownFollowerState(121)) - efb933de-cdd8-4d8d-88d2-4c7ffe0dec1a: shutdown FollowerState
2019-10-16 21:53:00,573 [grpc-default-executor-1] INFO  impl.RoleInfo (RoleInfo.java:shutdownFollowerState(121)) - 9d88716d-5d6b-4fd8-b832-a110dc45ee66: shutdown FollowerState
2019-10-16 21:53:00,574 [Thread-781] INFO  impl.FollowerState (FollowerState.java:run(117)) - efb933de-cdd8-4d8d-88d2-4c7ffe0dec1a@group-EE856C9543A1-FollowerState was interrupted: java.lang.InterruptedException: sleep interrupted
2019-10-16 21:53:00,574 [grpc-default-executor-0] INFO  impl.RoleInfo (RoleInfo.java:updateAndGet(143)) - efb933de-cdd8-4d8d-88d2-4c7ffe0dec1a: start FollowerState
2019-10-16 21:53:00,574 [Thread-782] INFO  impl.FollowerState (FollowerState.java:run(117)) - 9d88716d-5d6b-4fd8-b832-a110dc45ee66@group-EE856C9543A1-FollowerState was interrupted: java.lang.InterruptedException: sleep interrupted
2019-10-16 21:53:00,574 [grpc-default-executor-1] INFO  impl.RoleInfo (RoleInfo.java:updateAndGet(143)) - 9d88716d-5d6b-4fd8-b832-a110dc45ee66: start FollowerState
2019-10-16 21:53:00,589 [5c3956af-60d3-411f-8c98-c7ed3576de5c@group-EE856C9543A1-LeaderElection81] INFO  impl.LeaderElection (LeaderElection.java:logAndReturn(56)) - 5c3956af-60d3-411f-8c98-c7ed3576de5c@group-EE856C9543A1-LeaderElection81: Election REJECTED; received 2 response(s) [5c3956af-60d3-411f-8c98-c7ed3576de5c<-efb933de-cdd8-4d8d-88d2-4c7ffe0dec1a#0:FAIL-t80, 5c3956af-60d3-411f-8c98-c7ed3576de5c<-9d88716d-5d6b-4fd8-b832-a110dc45ee66#0:FAIL-t80] and 0 exception(s); 5c3956af-60d3-411f-8c98-c7ed3576de5c@group-EE856C9543A1:t80, leader=null, voted=5c3956af-60d3-411f-8c98-c7ed3576de5c, raftlog=5c3956af-60d3-411f-8c98-c7ed3576de5c@group-EE856C9543A1-SegmentedRaftLog:OPENED:c-1,f-1,i0, conf=-1: [5c3956af-60d3-411f-8c98-c7ed3576de5c:192.168.34.38:33787, efb933de-cdd8-4d8d-88d2-4c7ffe0dec1a:192.168.34.38:42459, 9d88716d-5d6b-4fd8-b832-a110dc45ee66:192.168.34.38:38211], old=null
2019-10-16 21:53:00,589 [5c3956af-60d3-411f-8c98-c7ed3576de5c@group-EE856C9543A1-LeaderElection81] INFO  impl.RaftServerImpl (RaftServerImpl.java:setRole(184)) - 5c3956af-60d3-411f-8c98-c7ed3576de5c@group-EE856C9543A1: changes role from CANDIDATE to FOLLOWER at term 80 for DISCOVERED_A_NEW_TERM
2019-10-16 21:53:00,589 [5c3956af-60d3-411f-8c98-c7ed3576de5c@group-EE856C9543A1-LeaderElection81] INFO  impl.RoleInfo (RoleInfo.java:shutdownLeaderElection(134)) - 5c3956af-60d3-411f-8c98-c7ed3576de5c: shutdown LeaderElection
2019-10-16 21:53:00,590 [5c3956af-60d3-411f-8c98-c7ed3576de5c@group-EE856C9543A1-LeaderElection81] INFO  impl.RoleInfo (RoleInfo.java:updateAndGet(143)) - 5c3956af-60d3-411f-8c98-c7ed3576de5c: start FollowerState
2019-10-16 21:53:00,721 [Thread-789] INFO  impl.FollowerState (FollowerState.java:run(108)) - 5c3956af-60d3-411f-8c98-c7ed3576de5c@group-EE856C9543A1-FollowerState: change to CANDIDATE, lastRpcTime:131ms, electionTimeout:131ms
2019-10-16 21:53:00,721 [Thread-789] INFO  impl.RoleInfo (RoleInfo.java:shutdownFollowerState(121)) - 5c3956af-60d3-411f-8c98-c7ed3576de5c: shutdown FollowerState
2019-10-16 21:53:00,721 [Thread-789] INFO  impl.RaftServerImpl (RaftServerImpl.java:setRole(184)) - 5c3956af-60d3-411f-8c98-c7ed3576de5c@group-EE856C9543A1: changes role from  FOLLOWER to CANDIDATE at term 80 for changeToCandidate
2019-10-16 21:53:00,722 [Thread-789] INFO  impl.RoleInfo (RoleInfo.java:updateAndGet(143)) - 5c3956af-60d3-411f-8c98-c7ed3576de5c: start LeaderElection
2019-10-16 21:53:00,735 [5c3956af-60d3-411f-8c98-c7ed3576de5c@group-EE856C9543A1-LeaderElection82] INFO  impl.LeaderElection (LeaderElection.java:askForVotes(178)) - 5c3956af-60d3-411f-8c98-c7ed3576de5c@group-EE856C9543A1-LeaderElection82: begin an election at term 81 for -1: [5c3956af-60d3-411f-8c98-c7ed3576de5c:192.168.34.38:33787, efb933de-cdd8-4d8d-88d2-4c7ffe0dec1a:192.168.34.38:42459, 9d88716d-5d6b-4fd8-b832-a110dc45ee66:192.168.34.38:38211], old=null
2019-10-16 21:53:00,739 [grpc-default-executor-0] INFO  impl.RaftServerImpl (RaftServerImpl.java:setRole(184)) - 9d88716d-5d6b-4fd8-b832-a110dc45ee66@group-EE856C9543A1: changes role from  FOLLOWER to FOLLOWER at term 81 for recognizeCandidate:5c3956af-60d3-411f-8c98-c7ed3576de5c
2019-10-16 21:53:00,739 [grpc-default-executor-1] INFO  impl.RaftServerImpl (RaftServerImpl.java:setRole(184)) - efb933de-cdd8-4d8d-88d2-4c7ffe0dec1a@group-EE856C9543A1: changes role from  FOLLOWER to FOLLOWER at term 81 for recognizeCandidate:5c3956af-60d3-411f-8c98-c7ed3576de5c
2019-10-16 21:53:00,739 [grpc-default-executor-0] INFO  impl.RoleInfo (RoleInfo.java:shutdownFollowerState(121)) - 9d88716d-5d6b-4fd8-b832-a110dc45ee66: shutdown FollowerState
2019-10-16 21:53:00,739 [grpc-default-executor-1] INFO  impl.RoleInfo (RoleInfo.java:shutdownFollowerState(121)) - efb933de-cdd8-4d8d-88d2-4c7ffe0dec1a: shutdown FollowerState
2019-10-16 21:53:00,739 [Thread-788] INFO  impl.FollowerState (FollowerState.java:run(117)) - 9d88716d-5d6b-4fd8-b832-a110dc45ee66@group-EE856C9543A1-FollowerState was interrupted: java.lang.InterruptedException: sleep interrupted
2019-10-16 21:53:00,739 [grpc-default-executor-0] INFO  impl.RoleInfo (RoleInfo.java:updateAndGet(143)) - 9d88716d-5d6b-4fd8-b832-a110dc45ee66: start FollowerState
2019-10-16 21:53:00,739 [Thread-787] INFO  impl.FollowerState (FollowerState.java:run(117)) - efb933de-cdd8-4d8d-88d2-4c7ffe0dec1a@group-EE856C9543A1-FollowerState was interrupted: java.lang.InterruptedException: sleep interrupted
2019-10-16 21:53:00,739 [grpc-default-executor-1] INFO  impl.RoleInfo (RoleInfo.java:updateAndGet(143)) - efb933de-cdd8-4d8d-88d2-4c7ffe0dec1a: start FollowerState
2019-10-16 21:53:00,754 [5c3956af-60d3-411f-8c98-c7ed3576de5c@group-EE856C9543A1-LeaderElection82] INFO  impl.LeaderElection (LeaderElection.java:logAndReturn(56)) - 5c3956af-60d3-411f-8c98-c7ed3576de5c@group-EE856C9543A1-LeaderElection82: Election REJECTED; received 2 response(s) [5c3956af-60d3-411f-8c98-c7ed3576de5c<-efb933de-cdd8-4d8d-88d2-4c7ffe0dec1a#0:FAIL-t81, 5c3956af-60d3-411f-8c98-c7ed3576de5c<-9d88716d-5d6b-4fd8-b832-a110dc45ee66#0:FAIL-t81] and 0 exception(s); 5c3956af-60d3-411f-8c98-c7ed3576de5c@group-EE856C9543A1:t81, leader=null, voted=5c3956af-60d3-411f-8c98-c7ed3576de5c, raftlog=5c3956af-60d3-411f-8c98-c7ed3576de5c@group-EE856C9543A1-SegmentedRaftLog:OPENED:c-1,f-1,i0, conf=-1: [5c3956af-60d3-411f-8c98-c7ed3576de5c:192.168.34.38:33787, efb933de-cdd8-4d8d-88d2-4c7ffe0dec1a:192.168.34.38:42459, 9d88716d-5d6b-4fd8-b832-a110dc45ee66:192.168.34.38:38211], old=null
2019-10-16 21:53:00,754 [5c3956af-60d3-411f-8c98-c7ed3576de5c@group-EE856C9543A1-LeaderElection82] INFO  impl.RaftServerImpl (RaftServerImpl.java:setRole(184)) - 5c3956af-60d3-411f-8c98-c7ed3576de5c@group-EE856C9543A1: changes role from CANDIDATE to FOLLOWER at term 81 for DISCOVERED_A_NEW_TERM
2019-10-16 21:53:00,754 [5c3956af-60d3-411f-8c98-c7ed3576de5c@group-EE856C9543A1-LeaderElection82] INFO  impl.RoleInfo (RoleInfo.java:shutdownLeaderElection(134)) - 5c3956af-60d3-411f-8c98-c7ed3576de5c: shutdown LeaderElection
2019-10-16 21:53:00,754 [5c3956af-60d3-411f-8c98-c7ed3576de5c@group-EE856C9543A1-LeaderElection82] INFO  impl.RoleInfo (RoleInfo.java:updateAndGet(143)) - 5c3956af-60d3-411f-8c98-c7ed3576de5c: start FollowerState
2019-10-16 21:53:00,816 [Thread-795] INFO  impl.FollowerState (FollowerState.java:run(108)) - 5c3956af-60d3-411f-8c98-c7ed3576de5c@group-EE856C9543A1-FollowerState: change to CANDIDATE, lastRpcTime:61ms, electionTimeout:61ms
2019-10-16 21:53:00,816 [Thread-795] INFO  impl.RoleInfo (RoleInfo.java:shutdownFollowerState(121)) - 5c3956af-60d3-411f-8c98-c7ed3576de5c: shutdown FollowerState
2019-10-16 21:53:00,816 [Thread-795] INFO  impl.RaftServerImpl (RaftServerImpl.java:setRole(184)) - 5c3956af-60d3-411f-8c98-c7ed3576de5c@group-EE856C9543A1: changes role from  FOLLOWER to CANDIDATE at term 81 for changeToCandidate
2019-10-16 21:53:00,816 [Thread-795] INFO  impl.RoleInfo (RoleInfo.java:updateAndGet(143)) - 5c3956af-60d3-411f-8c98-c7ed3576de5c: start LeaderElection
2019-10-16 21:53:00,831 [5c3956af-60d3-411f-8c98-c7ed3576de5c@group-EE856C9543A1-LeaderElection83] INFO  impl.LeaderElection (LeaderElection.java:askForVotes(178)) - 5c3956af-60d3-411f-8c98-c7ed3576de5c@group-EE856C9543A1-LeaderElection83: begin an election at term 82 for -1: [5c3956af-60d3-411f-8c98-c7ed3576de5c:192.168.34.38:33787, efb933de-cdd8-4d8d-88d2-4c7ffe0dec1a:192.168.34.38:42459, 9d88716d-5d6b-4fd8-b832-a110dc45ee66:192.168.34.38:38211], old=null
2019-10-16 21:53:00,834 [grpc-default-executor-1] INFO  impl.RaftServerImpl (RaftServerImpl.java:setRole(184)) - efb933de-cdd8-4d8d-88d2-4c7ffe0dec1a@group-EE856C9543A1: changes role from  FOLLOWER to FOLLOWER at term 82 for recognizeCandidate:5c3956af-60d3-411f-8c98-c7ed3576de5c
2019-10-16 21:53:00,834 [grpc-default-executor-0] INFO  impl.RaftServerImpl (RaftServerImpl.java:setRole(184)) - 9d88716d-5d6b-4fd8-b832-a110dc45ee66@group-EE856C9543A1: changes role from  FOLLOWER to FOLLOWER at term 82 for recognizeCandidate:5c3956af-60d3-411f-8c98-c7ed3576de5c
2019-10-16 21:53:00,834 [grpc-default-executor-1] INFO  impl.RoleInfo (RoleInfo.java:shutdownFollowerState(121)) - efb933de-cdd8-4d8d-88d2-4c7ffe0dec1a: shutdown FollowerState
2019-10-16 21:53:00,834 [grpc-default-executor-0] INFO  impl.RoleInfo (RoleInfo.java:shutdownFollowerState(121)) - 9d88716d-5d6b-4fd8-b832-a110dc45ee66: shutdown FollowerState
2019-10-16 21:53:00,834 [grpc-default-executor-1] INFO  impl.RoleInfo (RoleInfo.java:updateAndGet(143)) - efb933de-cdd8-4d8d-88d2-4c7ffe0dec1a: start FollowerState
2019-10-16 21:53:00,834 [Thread-794] INFO  impl.FollowerState (FollowerState.java:run(117)) - efb933de-cdd8-4d8d-88d2-4c7ffe0dec1a@group-EE856C9543A1-FollowerState was interrupted: java.lang.InterruptedException: sleep interrupted
2019-10-16 21:53:00,834 [grpc-default-executor-0] INFO  impl.RoleInfo (RoleInfo.java:updateAndGet(143)) - 9d88716d-5d6b-4fd8-b832-a110dc45ee66: start FollowerState
2019-10-16 21:53:00,834 [Thread-793] INFO  impl.FollowerState (FollowerState.java:run(117)) - 9d88716d-5d6b-4fd8-b832-a110dc45ee66@group-EE856C9543A1-FollowerState was interrupted: java.lang.InterruptedException: sleep interrupted
2019-10-16 21:53:00,850 [5c3956af-60d3-411f-8c98-c7ed3576de5c@group-EE856C9543A1-LeaderElection83] INFO  impl.LeaderElection (LeaderElection.java:logAndReturn(56)) - 5c3956af-60d3-411f-8c98-c7ed3576de5c@group-EE856C9543A1-LeaderElection83: Election REJECTED; received 2 response(s) [5c3956af-60d3-411f-8c98-c7ed3576de5c<-efb933de-cdd8-4d8d-88d2-4c7ffe0dec1a#0:FAIL-t82, 5c3956af-60d3-411f-8c98-c7ed3576de5c<-9d88716d-5d6b-4fd8-b832-a110dc45ee66#0:FAIL-t82] and 0 exception(s); 5c3956af-60d3-411f-8c98-c7ed3576de5c@group-EE856C9543A1:t82, leader=null, voted=5c3956af-60d3-411f-8c98-c7ed3576de5c, raftlog=5c3956af-60d3-411f-8c98-c7ed3576de5c@group-EE856C9543A1-SegmentedRaftLog:OPENED:c-1,f-1,i0, conf=-1: [5c3956af-60d3-411f-8c98-c7ed3576de5c:192.168.34.38:33787, efb933de-cdd8-4d8d-88d2-4c7ffe0dec1a:192.168.34.38:42459, 9d88716d-5d6b-4fd8-b832-a110dc45ee66:192.168.34.38:38211], old=null
2019-10-16 21:53:00,850 [5c3956af-60d3-411f-8c98-c7ed3576de5c@group-EE856C9543A1-LeaderElection83] INFO  impl.RaftServerImpl (RaftServerImpl.java:setRole(184)) - 5c3956af-60d3-411f-8c98-c7ed3576de5c@group-EE856C9543A1: changes role from CANDIDATE to FOLLOWER at term 82 for DISCOVERED_A_NEW_TERM
2019-10-16 21:53:00,850 [5c3956af-60d3-411f-8c98-c7ed3576de5c@group-EE856C9543A1-LeaderElection83] INFO  impl.RoleInfo (RoleInfo.java:shutdownLeaderElection(134)) - 5c3956af-60d3-411f-8c98-c7ed3576de5c: shutdown LeaderElection
2019-10-16 21:53:00,851 [5c3956af-60d3-411f-8c98-c7ed3576de5c@group-EE856C9543A1-LeaderElection83] INFO  impl.RoleInfo (RoleInfo.java:updateAndGet(143)) - 5c3956af-60d3-411f-8c98-c7ed3576de5c: start FollowerState
2019-10-16 21:53:00,909 [Thread-801] INFO  impl.FollowerState (FollowerState.java:run(108)) - 5c3956af-60d3-411f-8c98-c7ed3576de5c@group-EE856C9543A1-FollowerState: change to CANDIDATE, lastRpcTime:58ms, electionTimeout:58ms
2019-10-16 21:53:00,909 [Thread-801] INFO  impl.RoleInfo (RoleInfo.java:shutdownFollowerState(121)) - 5c3956af-60d3-411f-8c98-c7ed3576de5c: shutdown FollowerState
2019-10-16 21:53:00,909 [Thread-801] INFO  impl.RaftServerImpl (RaftServerImpl.java:setRole(184)) - 5c3956af-60d3-411f-8c98-c7ed3576de5c@group-EE856C9543A1: changes role from  FOLLOWER to CANDIDATE at term 82 for changeToCandidate
2019-10-16 21:53:00,909 [Thread-801] INFO  impl.RoleInfo (RoleInfo.java:updateAndGet(143)) - 5c3956af-60d3-411f-8c98-c7ed3576de5c: start LeaderElection
2019-10-16 21:53:01,160 [5c3956af-60d3-411f-8c98-c7ed3576de5c@group-EE856C9543A1-LeaderElection84] INFO  impl.LeaderElection (LeaderElection.java:askForVotes(178)) - 5c3956af-60d3-411f-8c98-c7ed3576de5c@group-EE856C9543A1-LeaderElection84: begin an election at term 83 for -1: [5c3956af-60d3-411f-8c98-c7ed3576de5c:192.168.34.38:33787, efb933de-cdd8-4d8d-88d2-4c7ffe0dec1a:192.168.34.38:42459, 9d88716d-5d6b-4fd8-b832-a110dc45ee66:192.168.34.38:38211], old=null
2019-10-16 21:53:01,163 [grpc-default-executor-0] INFO  impl.RaftServerImpl (RaftServerImpl.java:setRole(184)) - efb933de-cdd8-4d8d-88d2-4c7ffe0dec1a@group-EE856C9543A1: changes role from  FOLLOWER to FOLLOWER at term 83 for recognizeCandidate:5c3956af-60d3-411f-8c98-c7ed3576de5c
2019-10-16 21:53:01,163 [grpc-default-executor-1] INFO  impl.RaftServerImpl (RaftServerImpl.java:setRole(184)) - 9d88716d-5d6b-4fd8-b832-a110dc45ee66@group-EE856C9543A1: changes role from  FOLLOWER to FOLLOWER at term 83 for recognizeCandidate:5c3956af-60d3-411f-8c98-c7ed3576de5c
2019-10-16 21:53:01,163 [grpc-default-executor-0] INFO  impl.RoleInfo (RoleInfo.java:shutdownFollowerState(121)) - efb933de-cdd8-4d8d-88d2-4c7ffe0dec1a: shutdown FollowerState
2019-10-16 21:53:01,163 [grpc-default-executor-1] INFO  impl.RoleInfo (RoleInfo.java:shutdownFollowerState(121)) - 9d88716d-5d6b-4fd8-b832-a110dc45ee66: shutdown FollowerState
2019-10-16 21:53:01,163 [Thread-799] INFO  impl.FollowerState (FollowerState.java:run(117)) - efb933de-cdd8-4d8d-88d2-4c7ffe0dec1a@group-EE856C9543A1-FollowerState was interrupted: java.lang.InterruptedException: sleep interrupted
2019-10-16 21:53:01,163 [grpc-default-executor-0] INFO  impl.RoleInfo (RoleInfo.java:updateAndGet(143)) - efb933de-cdd8-4d8d-88d2-4c7ffe0dec1a: start FollowerState
2019-10-16 21:53:01,164 [Thread-800] INFO  impl.FollowerState (FollowerState.java:run(117)) - 9d88716d-5d6b-4fd8-b832-a110dc45ee66@group-EE856C9543A1-FollowerState was interrupted: java.lang.InterruptedException: sleep interrupted
2019-10-16 21:53:01,164 [5c3956af-60d3-411f-8c98-c7ed3576de5c@group-EE856C9543A1-LeaderElection84] INFO  impl.LeaderElection (LeaderElection.java:logAndReturn(56)) - 5c3956af-60d3-411f-8c98-c7ed3576de5c@group-EE856C9543A1-LeaderElection84: Election TIMEOUT; received 0 response(s) [] and 0 exception(s); 5c3956af-60d3-411f-8c98-c7ed3576de5c@group-EE856C9543A1:t83, leader=null, voted=5c3956af-60d3-411f-8c98-c7ed3576de5c, raftlog=5c3956af-60d3-411f-8c98-c7ed3576de5c@group-EE856C9543A1-SegmentedRaftLog:OPENED:c-1,f-1,i0, conf=-1: [5c3956af-60d3-411f-8c98-c7ed3576de5c:192.168.34.38:33787, efb933de-cdd8-4d8d-88d2-4c7ffe0dec1a:192.168.34.38:42459, 9d88716d-5d6b-4fd8-b832-a110dc45ee66:192.168.34.38:38211], old=null
2019-10-16 21:53:01,163 [grpc-default-executor-1] INFO  impl.RoleInfo (RoleInfo.java:updateAndGet(143)) - 9d88716d-5d6b-4fd8-b832-a110dc45ee66: start FollowerState
2019-10-16 21:53:01,173 [5c3956af-60d3-411f-8c98-c7ed3576de5c@group-EE856C9543A1-LeaderElection84] INFO  impl.LeaderElection (LeaderElection.java:askForVotes(178)) - 5c3956af-60d3-411f-8c98-c7ed3576de5c@group-EE856C9543A1-LeaderElection84: begin an election at term 84 for -1: [5c3956af-60d3-411f-8c98-c7ed3576de5c:192.168.34.38:33787, efb933de-cdd8-4d8d-88d2-4c7ffe0dec1a:192.168.34.38:42459, 9d88716d-5d6b-4fd8-b832-a110dc45ee66:192.168.34.38:38211], old=null
2019-10-16 21:53:01,174 [grpc-default-executor-0] INFO  impl.RaftServerImpl (RaftServerImpl.java:setRole(184)) - 9d88716d-5d6b-4fd8-b832-a110dc45ee66@group-EE856C9543A1: changes role from  FOLLOWER to FOLLOWER at term 84 for recognizeCandidate:5c3956af-60d3-411f-8c98-c7ed3576de5c
2019-10-16 21:53:01,175 [grpc-default-executor-1] INFO  impl.RaftServerImpl (RaftServerImpl.java:setRole(184)) - efb933de-cdd8-4d8d-88d2-4c7ffe0dec1a@group-EE856C9543A1: changes role from  FOLLOWER to FOLLOWER at term 84 for recognizeCandidate:5c3956af-60d3-411f-8c98-c7ed3576de5c
2019-10-16 21:53:01,175 [grpc-default-executor-0] INFO  impl.RoleInfo (RoleInfo.java:shutdownFollowerState(121)) - 9d88716d-5d6b-4fd8-b832-a110dc45ee66: shutdown FollowerState
2019-10-16 21:53:01,175 [grpc-default-executor-1] INFO  impl.RoleInfo (RoleInfo.java:shutdownFollowerState(121)) - efb933de-cdd8-4d8d-88d2-4c7ffe0dec1a: shutdown FollowerState
2019-10-16 21:53:01,175 [Thread-806] INFO  impl.FollowerState (FollowerState.java:run(117)) - 9d88716d-5d6b-4fd8-b832-a110dc45ee66@group-EE856C9543A1-FollowerState was interrupted: java.lang.InterruptedException: sleep interrupted
2019-10-16 21:53:01,175 [grpc-default-executor-0] INFO  impl.RoleInfo (RoleInfo.java:updateAndGet(143)) - 9d88716d-5d6b-4fd8-b832-a110dc45ee66: start FollowerState
2019-10-16 21:53:01,175 [Thread-805] INFO  impl.FollowerState (FollowerState.java:run(117)) - efb933de-cdd8-4d8d-88d2-4c7ffe0dec1a@group-EE856C9543A1-FollowerState was interrupted: java.lang.InterruptedException: sleep interrupted
2019-10-16 21:53:01,175 [grpc-default-executor-1] INFO  impl.RoleInfo (RoleInfo.java:updateAndGet(143)) - efb933de-cdd8-4d8d-88d2-4c7ffe0dec1a: start FollowerState
2019-10-16 21:53:01,186 [5c3956af-60d3-411f-8c98-c7ed3576de5c@group-EE856C9543A1-LeaderElection84] INFO  impl.LeaderElection (LeaderElection.java:logAndReturn(56)) - 5c3956af-60d3-411f-8c98-c7ed3576de5c@group-EE856C9543A1-LeaderElection84: Election REJECTED; received 2 response(s) [5c3956af-60d3-411f-8c98-c7ed3576de5c<-efb933de-cdd8-4d8d-88d2-4c7ffe0dec1a#0:FAIL-t84, 5c3956af-60d3-411f-8c98-c7ed3576de5c<-9d88716d-5d6b-4fd8-b832-a110dc45ee66#0:FAIL-t84] and 0 exception(s); 5c3956af-60d3-411f-8c98-c7ed3576de5c@group-EE856C9543A1:t84, leader=null, voted=5c3956af-60d3-411f-8c98-c7ed3576de5c, raftlog=5c3956af-60d3-411f-8c98-c7ed3576de5c@group-EE856C9543A1-SegmentedRaftLog:OPENED:c-1,f-1,i0, conf=-1: [5c3956af-60d3-411f-8c98-c7ed3576de5c:192.168.34.38:33787, efb933de-cdd8-4d8d-88d2-4c7ffe0dec1a:192.168.34.38:42459, 9d88716d-5d6b-4fd8-b832-a110dc45ee66:192.168.34.38:38211], old=null
2019-10-16 21:53:01,186 [5c3956af-60d3-411f-8c98-c7ed3576de5c@group-EE856C9543A1-LeaderElection84] INFO  impl.RaftServerImpl (RaftServerImpl.java:setRole(184)) - 5c3956af-60d3-411f-8c98-c7ed3576de5c@group-EE856C9543A1: changes role from CANDIDATE to FOLLOWER at term 84 for DISCOVERED_A_NEW_TERM
2019-10-16 21:53:01,186 [5c3956af-60d3-411f-8c98-c7ed3576de5c@group-EE856C9543A1-LeaderElection84] INFO  impl.RoleInfo (RoleInfo.java:shutdownLeaderElection(134)) - 5c3956af-60d3-411f-8c98-c7ed3576de5c: shutdown LeaderElection
2019-10-16 21:53:01,186 [5c3956af-60d3-411f-8c98-c7ed3576de5c@group-EE856C9543A1-LeaderElection84] INFO  impl.RoleInfo (RoleInfo.java:updateAndGet(143)) - 5c3956af-60d3-411f-8c98-c7ed3576de5c: start FollowerState
2019-10-16 21:53:01,225 [Thread-811] INFO  impl.FollowerState (FollowerState.java:run(108)) - 5c3956af-60d3-411f-8c98-c7ed3576de5c@group-EE856C9543A1-FollowerState: change to CANDIDATE, lastRpcTime:39ms, electionTimeout:39ms
2019-10-16 21:53:01,226 [Thread-811] INFO  impl.RoleInfo (RoleInfo.java:shutdownFollowerState(121)) - 5c3956af-60d3-411f-8c98-c7ed3576de5c: shutdown FollowerState
2019-10-16 21:53:01,226 [Thread-811] INFO  impl.RaftServerImpl (RaftServerImpl.java:setRole(184)) - 5c3956af-60d3-411f-8c98-c7ed3576de5c@group-EE856C9543A1: changes role from  FOLLOWER to CANDIDATE at term 84 for changeToCandidate
2019-10-16 21:53:01,226 [Thread-811] INFO  impl.RoleInfo (RoleInfo.java:updateAndGet(143)) - 5c3956af-60d3-411f-8c98-c7ed3576de5c: start LeaderElection
2019-10-16 21:53:01,237 [5c3956af-60d3-411f-8c98-c7ed3576de5c@group-EE856C9543A1-LeaderElection85] INFO  impl.LeaderElection (LeaderElection.java:askForVotes(178)) - 5c3956af-60d3-411f-8c98-c7ed3576de5c@group-EE856C9543A1-LeaderElection85: begin an election at term 85 for -1: [5c3956af-60d3-411f-8c98-c7ed3576de5c:192.168.34.38:33787, efb933de-cdd8-4d8d-88d2-4c7ffe0dec1a:192.168.34.38:42459, 9d88716d-5d6b-4fd8-b832-a110dc45ee66:192.168.34.38:38211], old=null
2019-10-16 21:53:01,240 [grpc-default-executor-1] INFO  impl.RaftServerImpl (RaftServerImpl.java:setRole(184)) - 9d88716d-5d6b-4fd8-b832-a110dc45ee66@group-EE856C9543A1: changes role from  FOLLOWER to FOLLOWER at term 85 for recognizeCandidate:5c3956af-60d3-411f-8c98-c7ed3576de5c
2019-10-16 21:53:01,240 [grpc-default-executor-1] INFO  impl.RoleInfo (RoleInfo.java:shutdownFollowerState(121)) - 9d88716d-5d6b-4fd8-b832-a110dc45ee66: shutdown FollowerState
2019-10-16 21:53:01,240 [grpc-default-executor-1] INFO  impl.RoleInfo (RoleInfo.java:updateAndGet(143)) - 9d88716d-5d6b-4fd8-b832-a110dc45ee66: start FollowerState
2019-10-16 21:53:01,240 [Thread-809] INFO  impl.FollowerState (FollowerState.java:run(117)) - 9d88716d-5d6b-4fd8-b832-a110dc45ee66@group-EE856C9543A1-FollowerState was interrupted: java.lang.InterruptedException: sleep interrupted
2019-10-16 21:53:01,240 [grpc-default-executor-0] INFO  impl.RaftServerImpl (RaftServerImpl.java:setRole(184)) - efb933de-cdd8-4d8d-88d2-4c7ffe0dec1a@group-EE856C9543A1: changes role from  FOLLOWER to FOLLOWER at term 85 for recognizeCandidate:5c3956af-60d3-411f-8c98-c7ed3576de5c
2019-10-16 21:53:01,240 [grpc-default-executor-0] INFO  impl.RoleInfo (RoleInfo.java:shutdownFollowerState(121)) - efb933de-cdd8-4d8d-88d2-4c7ffe0dec1a: shutdown FollowerState
2019-10-16 21:53:01,240 [Thread-810] INFO  impl.FollowerState (FollowerState.java:run(117)) - efb933de-cdd8-4d8d-88d2-4c7ffe0dec1a@group-EE856C9543A1-FollowerState was interrupted: java.lang.InterruptedException: sleep interrupted
2019-10-16 21:53:01,240 [grpc-default-executor-0] INFO  impl.RoleInfo (RoleInfo.java:updateAndGet(143)) - efb933de-cdd8-4d8d-88d2-4c7ffe0dec1a: start FollowerState
2019-10-16 21:53:01,244 [5c3956af-60d3-411f-8c98-c7ed3576de5c@group-EE856C9543A1-LeaderElection85] INFO  impl.LeaderElection (LeaderElection.java:logAndReturn(56)) - 5c3956af-60d3-411f-8c98-c7ed3576de5c@group-EE856C9543A1-LeaderElection85: Election TIMEOUT; received 0 response(s) [] and 0 exception(s); 5c3956af-60d3-411f-8c98-c7ed3576de5c@group-EE856C9543A1:t85, leader=null, voted=5c3956af-60d3-411f-8c98-c7ed3576de5c, raftlog=5c3956af-60d3-411f-8c98-c7ed3576de5c@group-EE856C9543A1-SegmentedRaftLog:OPENED:c-1,f-1,i0, conf=-1: [5c3956af-60d3-411f-8c98-c7ed3576de5c:192.168.34.38:33787, efb933de-cdd8-4d8d-88d2-4c7ffe0dec1a:192.168.34.38:42459, 9d88716d-5d6b-4fd8-b832-a110dc45ee66:192.168.34.38:38211], old=null
2019-10-16 21:53:01,248 [5c3956af-60d3-411f-8c98-c7ed3576de5c@group-EE856C9543A1-LeaderElection85] INFO  impl.LeaderElection (LeaderElection.java:askForVotes(178)) - 5c3956af-60d3-411f-8c98-c7ed3576de5c@group-EE856C9543A1-LeaderElection85: begin an election at term 86 for -1: [5c3956af-60d3-411f-8c98-c7ed3576de5c:192.168.34.38:33787, efb933de-cdd8-4d8d-88d2-4c7ffe0dec1a:192.168.34.38:42459, 9d88716d-5d6b-4fd8-b832-a110dc45ee66:192.168.34.38:38211], old=null
2019-10-16 21:53:01,251 [grpc-default-executor-0] INFO  impl.RaftServerImpl (RaftServerImpl.java:setRole(184)) - efb933de-cdd8-4d8d-88d2-4c7ffe0dec1a@group-EE856C9543A1: changes role from  FOLLOWER to FOLLOWER at term 86 for recognizeCandidate:5c3956af-60d3-411f-8c98-c7ed3576de5c
2019-10-16 21:53:01,251 [grpc-default-executor-0] INFO  impl.RoleInfo (RoleInfo.java:shutdownFollowerState(121)) - efb933de-cdd8-4d8d-88d2-4c7ffe0dec1a: shutdown FollowerState
2019-10-16 21:53:01,251 [grpc-default-executor-0] INFO  impl.RoleInfo (RoleInfo.java:updateAndGet(143)) - efb933de-cdd8-4d8d-88d2-4c7ffe0dec1a: start FollowerState
2019-10-16 21:53:01,251 [grpc-default-executor-1] INFO  impl.RaftServerImpl (RaftServerImpl.java:setRole(184)) - 9d88716d-5d6b-4fd8-b832-a110dc45ee66@group-EE856C9543A1: changes role from  FOLLOWER to FOLLOWER at term 86 for recognizeCandidate:5c3956af-60d3-411f-8c98-c7ed3576de5c
2019-10-16 21:53:01,251 [Thread-816] INFO  impl.FollowerState (FollowerState.java:run(117)) - efb933de-cdd8-4d8d-88d2-4c7ffe0dec1a@group-EE856C9543A1-FollowerState was interrupted: java.lang.InterruptedException: sleep interrupted
2019-10-16 21:53:01,251 [grpc-default-executor-1] INFO  impl.RoleInfo (RoleInfo.java:shutdownFollowerState(121)) - 9d88716d-5d6b-4fd8-b832-a110dc45ee66: shutdown FollowerState
2019-10-16 21:53:01,251 [grpc-default-executor-1] INFO  impl.RoleInfo (RoleInfo.java:updateAndGet(143)) - 9d88716d-5d6b-4fd8-b832-a110dc45ee66: start FollowerState
2019-10-16 21:53:01,251 [Thread-815] INFO  impl.FollowerState (FollowerState.java:run(117)) - 9d88716d-5d6b-4fd8-b832-a110dc45ee66@group-EE856C9543A1-FollowerState was interrupted: java.lang.InterruptedException: sleep interrupted
2019-10-16 21:53:01,258 [5c3956af-60d3-411f-8c98-c7ed3576de5c@group-EE856C9543A1-LeaderElection85] INFO  impl.LeaderElection (LeaderElection.java:logAndReturn(56)) - 5c3956af-60d3-411f-8c98-c7ed3576de5c@group-EE856C9543A1-LeaderElection85: Election REJECTED; received 2 response(s) [5c3956af-60d3-411f-8c98-c7ed3576de5c<-efb933de-cdd8-4d8d-88d2-4c7ffe0dec1a#0:FAIL-t86, 5c3956af-60d3-411f-8c98-c7ed3576de5c<-9d88716d-5d6b-4fd8-b832-a110dc45ee66#0:FAIL-t86] and 0 exception(s); 5c3956af-60d3-411f-8c98-c7ed3576de5c@group-EE856C9543A1:t86, leader=null, voted=5c3956af-60d3-411f-8c98-c7ed3576de5c, raftlog=5c3956af-60d3-411f-8c98-c7ed3576de5c@group-EE856C9543A1-SegmentedRaftLog:OPENED:c-1,f-1,i0, conf=-1: [5c3956af-60d3-411f-8c98-c7ed3576de5c:192.168.34.38:33787, efb933de-cdd8-4d8d-88d2-4c7ffe0dec1a:192.168.34.38:42459, 9d88716d-5d6b-4fd8-b832-a110dc45ee66:192.168.34.38:38211], old=null
2019-10-16 21:53:01,259 [5c3956af-60d3-411f-8c98-c7ed3576de5c@group-EE856C9543A1-LeaderElection85] INFO  impl.RaftServerImpl (RaftServerImpl.java:setRole(184)) - 5c3956af-60d3-411f-8c98-c7ed3576de5c@group-EE856C9543A1: changes role from CANDIDATE to FOLLOWER at term 86 for DISCOVERED_A_NEW_TERM
2019-10-16 21:53:01,259 [5c3956af-60d3-411f-8c98-c7ed3576de5c@group-EE856C9543A1-LeaderElection85] INFO  impl.RoleInfo (RoleInfo.java:shutdownLeaderElection(134)) - 5c3956af-60d3-411f-8c98-c7ed3576de5c: shutdown LeaderElection
2019-10-16 21:53:01,259 [5c3956af-60d3-411f-8c98-c7ed3576de5c@group-EE856C9543A1-LeaderElection85] INFO  impl.RoleInfo (RoleInfo.java:updateAndGet(143)) - 5c3956af-60d3-411f-8c98-c7ed3576de5c: start FollowerState
2019-10-16 21:53:01,367 [Thread-821] INFO  impl.FollowerState (FollowerState.java:run(108)) - 5c3956af-60d3-411f-8c98-c7ed3576de5c@group-EE856C9543A1-FollowerState: change to CANDIDATE, lastRpcTime:108ms, electionTimeout:108ms
2019-10-16 21:53:01,367 [Thread-821] INFO  impl.RoleInfo (RoleInfo.java:shutdownFollowerState(121)) - 5c3956af-60d3-411f-8c98-c7ed3576de5c: shutdown FollowerState
2019-10-16 21:53:01,368 [Thread-821] INFO  impl.RaftServerImpl (RaftServerImpl.java:setRole(184)) - 5c3956af-60d3-411f-8c98-c7ed3576de5c@group-EE856C9543A1: changes role from  FOLLOWER to CANDIDATE at term 86 for changeToCandidate
2019-10-16 21:53:01,368 [Thread-821] INFO  impl.RoleInfo (RoleInfo.java:updateAndGet(143)) - 5c3956af-60d3-411f-8c98-c7ed3576de5c: start LeaderElection
2019-10-16 21:53:01,381 [5c3956af-60d3-411f-8c98-c7ed3576de5c@group-EE856C9543A1-LeaderElection86] INFO  impl.LeaderElection (LeaderElection.java:askForVotes(178)) - 5c3956af-60d3-411f-8c98-c7ed3576de5c@group-EE856C9543A1-LeaderElection86: begin an election at term 87 for -1: [5c3956af-60d3-411f-8c98-c7ed3576de5c:192.168.34.38:33787, efb933de-cdd8-4d8d-88d2-4c7ffe0dec1a:192.168.34.38:42459, 9d88716d-5d6b-4fd8-b832-a110dc45ee66:192.168.34.38:38211], old=null
2019-10-16 21:53:01,384 [grpc-default-executor-1] INFO  impl.RaftServerImpl (RaftServerImpl.java:setRole(184)) - 9d88716d-5d6b-4fd8-b832-a110dc45ee66@group-EE856C9543A1: changes role from  FOLLOWER to FOLLOWER at term 87 for recognizeCandidate:5c3956af-60d3-411f-8c98-c7ed3576de5c
2019-10-16 21:53:01,384 [grpc-default-executor-0] INFO  impl.RaftServerImpl (RaftServerImpl.java:setRole(184)) - efb933de-cdd8-4d8d-88d2-4c7ffe0dec1a@group-EE856C9543A1: changes role from  FOLLOWER to FOLLOWER at term 87 for recognizeCandidate:5c3956af-60d3-411f-8c98-c7ed3576de5c
2019-10-16 21:53:01,384 [grpc-default-executor-1] INFO  impl.RoleInfo (RoleInfo.java:shutdownFollowerState(121)) - 9d88716d-5d6b-4fd8-b832-a110dc45ee66: shutdown FollowerState
2019-10-16 21:53:01,384 [grpc-default-executor-0] INFO  impl.RoleInfo (RoleInfo.java:shutdownFollowerState(121)) - efb933de-cdd8-4d8d-88d2-4c7ffe0dec1a: shutdown FollowerState
2019-10-16 21:53:01,385 [Thread-820] INFO  impl.FollowerState (FollowerState.java:run(117)) - 9d88716d-5d6b-4fd8-b832-a110dc45ee66@group-EE856C9543A1-FollowerState was interrupted: java.lang.InterruptedException: sleep interrupted
2019-10-16 21:53:01,385 [grpc-default-executor-1] INFO  impl.RoleInfo (RoleInfo.java:updateAndGet(143)) - 9d88716d-5d6b-4fd8-b832-a110dc45ee66: start FollowerState
2019-10-16 21:53:01,385 [Thread-819] INFO  impl.FollowerState (FollowerState.java:run(117)) - efb933de-cdd8-4d8d-88d2-4c7ffe0dec1a@group-EE856C9543A1-FollowerState was interrupted: java.lang.InterruptedException: sleep interrupted
2019-10-16 21:53:01,385 [grpc-default-executor-0] INFO  impl.RoleInfo (RoleInfo.java:updateAndGet(143)) - efb933de-cdd8-4d8d-88d2-4c7ffe0dec1a: start FollowerState
2019-10-16 21:53:01,396 [JUnit] INFO  ozone.MiniOzoneClusterImpl (MiniOzoneClusterImpl.java:lambda$waitForClusterToBeReady$2(164)) - Waiting for 1 number of pipelines out of 6, to report a leader.
2019-10-16 21:53:01,396 [5c3956af-60d3-411f-8c98-c7ed3576de5c@group-EE856C9543A1-LeaderElection86] INFO  impl.LeaderElection (LeaderElection.java:logAndReturn(56)) - 5c3956af-60d3-411f-8c98-c7ed3576de5c@group-EE856C9543A1-LeaderElection86: Election REJECTED; received 2 response(s) [5c3956af-60d3-411f-8c98-c7ed3576de5c<-efb933de-cdd8-4d8d-88d2-4c7ffe0dec1a#0:FAIL-t87, 5c3956af-60d3-411f-8c98-c7ed3576de5c<-9d88716d-5d6b-4fd8-b832-a110dc45ee66#0:FAIL-t87] and 0 exception(s); 5c3956af-60d3-411f-8c98-c7ed3576de5c@group-EE856C9543A1:t87, leader=null, voted=5c3956af-60d3-411f-8c98-c7ed3576de5c, raftlog=5c3956af-60d3-411f-8c98-c7ed3576de5c@group-EE856C9543A1-SegmentedRaftLog:OPENED:c-1,f-1,i0, conf=-1: [5c3956af-60d3-411f-8c98-c7ed3576de5c:192.168.34.38:33787, efb933de-cdd8-4d8d-88d2-4c7ffe0dec1a:192.168.34.38:42459, 9d88716d-5d6b-4fd8-b832-a110dc45ee66:192.168.34.38:38211], old=null
2019-10-16 21:53:01,397 [5c3956af-60d3-411f-8c98-c7ed3576de5c@group-EE856C9543A1-LeaderElection86] INFO  impl.RaftServerImpl (RaftServerImpl.java:setRole(184)) - 5c3956af-60d3-411f-8c98-c7ed3576de5c@group-EE856C9543A1: changes role from CANDIDATE to FOLLOWER at term 87 for DISCOVERED_A_NEW_TERM
2019-10-16 21:53:01,397 [5c3956af-60d3-411f-8c98-c7ed3576de5c@group-EE856C9543A1-LeaderElection86] INFO  impl.RoleInfo (RoleInfo.java:shutdownLeaderElection(134)) - 5c3956af-60d3-411f-8c98-c7ed3576de5c: shutdown LeaderElection
2019-10-16 21:53:01,397 [5c3956af-60d3-411f-8c98-c7ed3576de5c@group-EE856C9543A1-LeaderElection86] INFO  impl.RoleInfo (RoleInfo.java:updateAndGet(143)) - 5c3956af-60d3-411f-8c98-c7ed3576de5c: start FollowerState
2019-10-16 21:53:01,535 [Thread-827] INFO  impl.FollowerState (FollowerState.java:run(108)) - 5c3956af-60d3-411f-8c98-c7ed3576de5c@group-EE856C9543A1-FollowerState: change to CANDIDATE, lastRpcTime:137ms, electionTimeout:137ms
2019-10-16 21:53:01,535 [Thread-827] INFO  impl.RoleInfo (RoleInfo.java:shutdownFollowerState(121)) - 5c3956af-60d3-411f-8c98-c7ed3576de5c: shutdown FollowerState
2019-10-16 21:53:01,535 [Thread-827] INFO  impl.RaftServerImpl (RaftServerImpl.java:setRole(184)) - 5c3956af-60d3-411f-8c98-c7ed3576de5c@group-EE856C9543A1: changes role from  FOLLOWER to CANDIDATE at term 87 for changeToCandidate
2019-10-16 21:53:01,535 [Thread-827] INFO  impl.RoleInfo (RoleInfo.java:updateAndGet(143)) - 5c3956af-60d3-411f-8c98-c7ed3576de5c: start LeaderElection
2019-10-16 21:53:01,549 [5c3956af-60d3-411f-8c98-c7ed3576de5c@group-EE856C9543A1-LeaderElection87] INFO  impl.LeaderElection (LeaderElection.java:askForVotes(178)) - 5c3956af-60d3-411f-8c98-c7ed3576de5c@group-EE856C9543A1-LeaderElection87: begin an election at term 88 for -1: [5c3956af-60d3-411f-8c98-c7ed3576de5c:192.168.34.38:33787, efb933de-cdd8-4d8d-88d2-4c7ffe0dec1a:192.168.34.38:42459, 9d88716d-5d6b-4fd8-b832-a110dc45ee66:192.168.34.38:38211], old=null
2019-10-16 21:53:01,551 [grpc-default-executor-1] INFO  impl.RaftServerImpl (RaftServerImpl.java:setRole(184)) - 9d88716d-5d6b-4fd8-b832-a110dc45ee66@group-EE856C9543A1: changes role from  FOLLOWER to FOLLOWER at term 88 for recognizeCandidate:5c3956af-60d3-411f-8c98-c7ed3576de5c
2019-10-16 21:53:01,552 [grpc-default-executor-1] INFO  impl.RoleInfo (RoleInfo.java:shutdownFollowerState(121)) - 9d88716d-5d6b-4fd8-b832-a110dc45ee66: shutdown FollowerState
2019-10-16 21:53:01,552 [grpc-default-executor-0] INFO  impl.RaftServerImpl (RaftServerImpl.java:setRole(184)) - efb933de-cdd8-4d8d-88d2-4c7ffe0dec1a@group-EE856C9543A1: changes role from  FOLLOWER to FOLLOWER at term 88 for recognizeCandidate:5c3956af-60d3-411f-8c98-c7ed3576de5c
2019-10-16 21:53:01,552 [Thread-825] INFO  impl.FollowerState (FollowerState.java:run(117)) - 9d88716d-5d6b-4fd8-b832-a110dc45ee66@group-EE856C9543A1-FollowerState was interrupted: java.lang.InterruptedException: sleep interrupted
2019-10-16 21:53:01,552 [grpc-default-executor-1] INFO  impl.RoleInfo (RoleInfo.java:updateAndGet(143)) - 9d88716d-5d6b-4fd8-b832-a110dc45ee66: start FollowerState
2019-10-16 21:53:01,552 [grpc-default-executor-0] INFO  impl.RoleInfo (RoleInfo.java:shutdownFollowerState(121)) - efb933de-cdd8-4d8d-88d2-4c7ffe0dec1a: shutdown FollowerState
2019-10-16 21:53:01,552 [Thread-826] INFO  impl.FollowerState (FollowerState.java:run(117)) - efb933de-cdd8-4d8d-88d2-4c7ffe0dec1a@group-EE856C9543A1-FollowerState was interrupted: java.lang.InterruptedException: sleep interrupted
2019-10-16 21:53:01,552 [grpc-default-executor-0] INFO  impl.RoleInfo (RoleInfo.java:updateAndGet(143)) - efb933de-cdd8-4d8d-88d2-4c7ffe0dec1a: start FollowerState
2019-10-16 21:53:01,567 [5c3956af-60d3-411f-8c98-c7ed3576de5c@group-EE856C9543A1-LeaderElection87] INFO  impl.LeaderElection (LeaderElection.java:logAndReturn(56)) - 5c3956af-60d3-411f-8c98-c7ed3576de5c@group-EE856C9543A1-LeaderElection87: Election REJECTED; received 2 response(s) [5c3956af-60d3-411f-8c98-c7ed3576de5c<-efb933de-cdd8-4d8d-88d2-4c7ffe0dec1a#0:FAIL-t88, 5c3956af-60d3-411f-8c98-c7ed3576de5c<-9d88716d-5d6b-4fd8-b832-a110dc45ee66#0:FAIL-t88] and 0 exception(s); 5c3956af-60d3-411f-8c98-c7ed3576de5c@group-EE856C9543A1:t88, leader=null, voted=5c3956af-60d3-411f-8c98-c7ed3576de5c, raftlog=5c3956af-60d3-411f-8c98-c7ed3576de5c@group-EE856C9543A1-SegmentedRaftLog:OPENED:c-1,f-1,i0, conf=-1: [5c3956af-60d3-411f-8c98-c7ed3576de5c:192.168.34.38:33787, efb933de-cdd8-4d8d-88d2-4c7ffe0dec1a:192.168.34.38:42459, 9d88716d-5d6b-4fd8-b832-a110dc45ee66:192.168.34.38:38211], old=null
2019-10-16 21:53:01,567 [5c3956af-60d3-411f-8c98-c7ed3576de5c@group-EE856C9543A1-LeaderElection87] INFO  impl.RaftServerImpl (RaftServerImpl.java:setRole(184)) - 5c3956af-60d3-411f-8c98-c7ed3576de5c@group-EE856C9543A1: changes role from CANDIDATE to FOLLOWER at term 88 for DISCOVERED_A_NEW_TERM
2019-10-16 21:53:01,567 [5c3956af-60d3-411f-8c98-c7ed3576de5c@group-EE856C9543A1-LeaderElection87] INFO  impl.RoleInfo (RoleInfo.java:shutdownLeaderElection(134)) - 5c3956af-60d3-411f-8c98-c7ed3576de5c: shutdown LeaderElection
2019-10-16 21:53:01,567 [5c3956af-60d3-411f-8c98-c7ed3576de5c@group-EE856C9543A1-LeaderElection87] INFO  impl.RoleInfo (RoleInfo.java:updateAndGet(143)) - 5c3956af-60d3-411f-8c98-c7ed3576de5c: start FollowerState
2019-10-16 21:53:01,676 [Thread-833] INFO  impl.FollowerState (FollowerState.java:run(108)) - 5c3956af-60d3-411f-8c98-c7ed3576de5c@group-EE856C9543A1-FollowerState: change to CANDIDATE, lastRpcTime:108ms, electionTimeout:108ms
2019-10-16 21:53:01,676 [Thread-833] INFO  impl.RoleInfo (RoleInfo.java:shutdownFollowerState(121)) - 5c3956af-60d3-411f-8c98-c7ed3576de5c: shutdown FollowerState
2019-10-16 21:53:01,676 [Thread-833] INFO  impl.RaftServerImpl (RaftServerImpl.java:setRole(184)) - 5c3956af-60d3-411f-8c98-c7ed3576de5c@group-EE856C9543A1: changes role from  FOLLOWER to CANDIDATE at term 88 for changeToCandidate
2019-10-16 21:53:01,676 [Thread-833] INFO  impl.RoleInfo (RoleInfo.java:updateAndGet(143)) - 5c3956af-60d3-411f-8c98-c7ed3576de5c: start LeaderElection
2019-10-16 21:53:01,690 [5c3956af-60d3-411f-8c98-c7ed3576de5c@group-EE856C9543A1-LeaderElection88] INFO  impl.LeaderElection (LeaderElection.java:askForVotes(178)) - 5c3956af-60d3-411f-8c98-c7ed3576de5c@group-EE856C9543A1-LeaderElection88: begin an election at term 89 for -1: [5c3956af-60d3-411f-8c98-c7ed3576de5c:192.168.34.38:33787, efb933de-cdd8-4d8d-88d2-4c7ffe0dec1a:192.168.34.38:42459, 9d88716d-5d6b-4fd8-b832-a110dc45ee66:192.168.34.38:38211], old=null
2019-10-16 21:53:01,693 [grpc-default-executor-1] INFO  impl.RaftServerImpl (RaftServerImpl.java:setRole(184)) - 9d88716d-5d6b-4fd8-b832-a110dc45ee66@group-EE856C9543A1: changes role from  FOLLOWER to FOLLOWER at term 89 for recognizeCandidate:5c3956af-60d3-411f-8c98-c7ed3576de5c
2019-10-16 21:53:01,693 [grpc-default-executor-1] INFO  impl.RoleInfo (RoleInfo.java:shutdownFollowerState(121)) - 9d88716d-5d6b-4fd8-b832-a110dc45ee66: shutdown FollowerState
2019-10-16 21:53:01,693 [grpc-default-executor-1] INFO  impl.RoleInfo (RoleInfo.java:updateAndGet(143)) - 9d88716d-5d6b-4fd8-b832-a110dc45ee66: start FollowerState
2019-10-16 21:53:01,693 [grpc-default-executor-0] INFO  impl.RaftServerImpl (RaftServerImpl.java:setRole(184)) - efb933de-cdd8-4d8d-88d2-4c7ffe0dec1a@group-EE856C9543A1: changes role from  FOLLOWER to FOLLOWER at term 89 for recognizeCandidate:5c3956af-60d3-411f-8c98-c7ed3576de5c
2019-10-16 21:53:01,694 [grpc-default-executor-0] INFO  impl.RoleInfo (RoleInfo.java:shutdownFollowerState(121)) - efb933de-cdd8-4d8d-88d2-4c7ffe0dec1a: shutdown FollowerState
2019-10-16 21:53:01,693 [Thread-831] INFO  impl.FollowerState (FollowerState.java:run(117)) - 9d88716d-5d6b-4fd8-b832-a110dc45ee66@group-EE856C9543A1-FollowerState was interrupted: java.lang.InterruptedException: sleep interrupted
2019-10-16 21:53:01,694 [Thread-832] INFO  impl.FollowerState (FollowerState.java:run(117)) - efb933de-cdd8-4d8d-88d2-4c7ffe0dec1a@group-EE856C9543A1-FollowerState was interrupted: java.lang.InterruptedException: sleep interrupted
2019-10-16 21:53:01,694 [grpc-default-executor-0] INFO  impl.RoleInfo (RoleInfo.java:updateAndGet(143)) - efb933de-cdd8-4d8d-88d2-4c7ffe0dec1a: start FollowerState
2019-10-16 21:53:01,709 [5c3956af-60d3-411f-8c98-c7ed3576de5c@group-EE856C9543A1-LeaderElection88] INFO  impl.LeaderElection (LeaderElection.java:logAndReturn(56)) - 5c3956af-60d3-411f-8c98-c7ed3576de5c@group-EE856C9543A1-LeaderElection88: Election REJECTED; received 2 response(s) [5c3956af-60d3-411f-8c98-c7ed3576de5c<-efb933de-cdd8-4d8d-88d2-4c7ffe0dec1a#0:FAIL-t89, 5c3956af-60d3-411f-8c98-c7ed3576de5c<-9d88716d-5d6b-4fd8-b832-a110dc45ee66#0:FAIL-t89] and 0 exception(s); 5c3956af-60d3-411f-8c98-c7ed3576de5c@group-EE856C9543A1:t89, leader=null, voted=5c3956af-60d3-411f-8c98-c7ed3576de5c, raftlog=5c3956af-60d3-411f-8c98-c7ed3576de5c@group-EE856C9543A1-SegmentedRaftLog:OPENED:c-1,f-1,i0, conf=-1: [5c3956af-60d3-411f-8c98-c7ed3576de5c:192.168.34.38:33787, efb933de-cdd8-4d8d-88d2-4c7ffe0dec1a:192.168.34.38:42459, 9d88716d-5d6b-4fd8-b832-a110dc45ee66:192.168.34.38:38211], old=null
2019-10-16 21:53:01,709 [5c3956af-60d3-411f-8c98-c7ed3576de5c@group-EE856C9543A1-LeaderElection88] INFO  impl.RaftServerImpl (RaftServerImpl.java:setRole(184)) - 5c3956af-60d3-411f-8c98-c7ed3576de5c@group-EE856C9543A1: changes role from CANDIDATE to FOLLOWER at term 89 for DISCOVERED_A_NEW_TERM
2019-10-16 21:53:01,709 [5c3956af-60d3-411f-8c98-c7ed3576de5c@group-EE856C9543A1-LeaderElection88] INFO  impl.RoleInfo (RoleInfo.java:shutdownLeaderElection(134)) - 5c3956af-60d3-411f-8c98-c7ed3576de5c: shutdown LeaderElection
2019-10-16 21:53:01,709 [5c3956af-60d3-411f-8c98-c7ed3576de5c@group-EE856C9543A1-LeaderElection88] INFO  impl.RoleInfo (RoleInfo.java:updateAndGet(143)) - 5c3956af-60d3-411f-8c98-c7ed3576de5c: start FollowerState
2019-10-16 21:53:01,813 [Thread-839] INFO  impl.FollowerState (FollowerState.java:run(108)) - 5c3956af-60d3-411f-8c98-c7ed3576de5c@group-EE856C9543A1-FollowerState: change to CANDIDATE, lastRpcTime:103ms, electionTimeout:103ms
2019-10-16 21:53:01,813 [Thread-839] INFO  impl.RoleInfo (RoleInfo.java:shutdownFollowerState(121)) - 5c3956af-60d3-411f-8c98-c7ed3576de5c: shutdown FollowerState
2019-10-16 21:53:01,813 [Thread-839] INFO  impl.RaftServerImpl (RaftServerImpl.java:setRole(184)) - 5c3956af-60d3-411f-8c98-c7ed3576de5c@group-EE856C9543A1: changes role from  FOLLOWER to CANDIDATE at term 89 for changeToCandidate
2019-10-16 21:53:01,813 [Thread-839] INFO  impl.RoleInfo (RoleInfo.java:updateAndGet(143)) - 5c3956af-60d3-411f-8c98-c7ed3576de5c: start LeaderElection
2019-10-16 21:53:01,831 [5c3956af-60d3-411f-8c98-c7ed3576de5c@group-EE856C9543A1-LeaderElection89] INFO  impl.LeaderElection (LeaderElection.java:askForVotes(178)) - 5c3956af-60d3-411f-8c98-c7ed3576de5c@group-EE856C9543A1-LeaderElection89: begin an election at term 90 for -1: [5c3956af-60d3-411f-8c98-c7ed3576de5c:192.168.34.38:33787, efb933de-cdd8-4d8d-88d2-4c7ffe0dec1a:192.168.34.38:42459, 9d88716d-5d6b-4fd8-b832-a110dc45ee66:192.168.34.38:38211], old=null
2019-10-16 21:53:01,833 [grpc-default-executor-0] INFO  impl.RaftServerImpl (RaftServerImpl.java:setRole(184)) - efb933de-cdd8-4d8d-88d2-4c7ffe0dec1a@group-EE856C9543A1: changes role from  FOLLOWER to FOLLOWER at term 90 for recognizeCandidate:5c3956af-60d3-411f-8c98-c7ed3576de5c
2019-10-16 21:53:01,834 [grpc-default-executor-1] INFO  impl.RaftServerImpl (RaftServerImpl.java:setRole(184)) - 9d88716d-5d6b-4fd8-b832-a110dc45ee66@group-EE856C9543A1: changes role from  FOLLOWER to FOLLOWER at term 90 for recognizeCandidate:5c3956af-60d3-411f-8c98-c7ed3576de5c
2019-10-16 21:53:01,834 [grpc-default-executor-0] INFO  impl.RoleInfo (RoleInfo.java:shutdownFollowerState(121)) - efb933de-cdd8-4d8d-88d2-4c7ffe0dec1a: shutdown FollowerState
2019-10-16 21:53:01,834 [grpc-default-executor-1] INFO  impl.RoleInfo (RoleInfo.java:shutdownFollowerState(121)) - 9d88716d-5d6b-4fd8-b832-a110dc45ee66: shutdown FollowerState
2019-10-16 21:53:01,841 [grpc-default-executor-1] INFO  impl.RoleInfo (RoleInfo.java:updateAndGet(143)) - 9d88716d-5d6b-4fd8-b832-a110dc45ee66: start FollowerState
2019-10-16 21:53:01,841 [grpc-default-executor-0] INFO  impl.RoleInfo (RoleInfo.java:updateAndGet(143)) - efb933de-cdd8-4d8d-88d2-4c7ffe0dec1a: start FollowerState
2019-10-16 21:53:01,841 [Thread-838] INFO  impl.FollowerState (FollowerState.java:run(117)) - efb933de-cdd8-4d8d-88d2-4c7ffe0dec1a@group-EE856C9543A1-FollowerState was interrupted: java.lang.InterruptedException: sleep interrupted
2019-10-16 21:53:01,841 [Thread-837] INFO  impl.FollowerState (FollowerState.java:run(117)) - 9d88716d-5d6b-4fd8-b832-a110dc45ee66@group-EE856C9543A1-FollowerState was interrupted: java.lang.InterruptedException: sleep interrupted
2019-10-16 21:53:01,860 [5c3956af-60d3-411f-8c98-c7ed3576de5c@group-EE856C9543A1-LeaderElection89] INFO  impl.LeaderElection (LeaderElection.java:logAndReturn(56)) - 5c3956af-60d3-411f-8c98-c7ed3576de5c@group-EE856C9543A1-LeaderElection89: Election REJECTED; received 2 response(s) [5c3956af-60d3-411f-8c98-c7ed3576de5c<-efb933de-cdd8-4d8d-88d2-4c7ffe0dec1a#0:FAIL-t90, 5c3956af-60d3-411f-8c98-c7ed3576de5c<-9d88716d-5d6b-4fd8-b832-a110dc45ee66#0:FAIL-t90] and 0 exception(s); 5c3956af-60d3-411f-8c98-c7ed3576de5c@group-EE856C9543A1:t90, leader=null, voted=5c3956af-60d3-411f-8c98-c7ed3576de5c, raftlog=5c3956af-60d3-411f-8c98-c7ed3576de5c@group-EE856C9543A1-SegmentedRaftLog:OPENED:c-1,f-1,i0, conf=-1: [5c3956af-60d3-411f-8c98-c7ed3576de5c:192.168.34.38:33787, efb933de-cdd8-4d8d-88d2-4c7ffe0dec1a:192.168.34.38:42459, 9d88716d-5d6b-4fd8-b832-a110dc45ee66:192.168.34.38:38211], old=null
2019-10-16 21:53:01,860 [5c3956af-60d3-411f-8c98-c7ed3576de5c@group-EE856C9543A1-LeaderElection89] INFO  impl.RaftServerImpl (RaftServerImpl.java:setRole(184)) - 5c3956af-60d3-411f-8c98-c7ed3576de5c@group-EE856C9543A1: changes role from CANDIDATE to FOLLOWER at term 90 for DISCOVERED_A_NEW_TERM
2019-10-16 21:53:01,861 [5c3956af-60d3-411f-8c98-c7ed3576de5c@group-EE856C9543A1-LeaderElection89] INFO  impl.RoleInfo (RoleInfo.java:shutdownLeaderElection(134)) - 5c3956af-60d3-411f-8c98-c7ed3576de5c: shutdown LeaderElection
2019-10-16 21:53:01,861 [5c3956af-60d3-411f-8c98-c7ed3576de5c@group-EE856C9543A1-LeaderElection89] INFO  impl.RoleInfo (RoleInfo.java:updateAndGet(143)) - 5c3956af-60d3-411f-8c98-c7ed3576de5c: start FollowerState
2019-10-16 21:53:02,042 [Thread-845] INFO  impl.FollowerState (FollowerState.java:run(108)) - 5c3956af-60d3-411f-8c98-c7ed3576de5c@group-EE856C9543A1-FollowerState: change to CANDIDATE, lastRpcTime:181ms, electionTimeout:181ms
2019-10-16 21:53:02,042 [Thread-845] INFO  impl.RoleInfo (RoleInfo.java:shutdownFollowerState(121)) - 5c3956af-60d3-411f-8c98-c7ed3576de5c: shutdown FollowerState
2019-10-16 21:53:02,042 [Thread-845] INFO  impl.RaftServerImpl (RaftServerImpl.java:setRole(184)) - 5c3956af-60d3-411f-8c98-c7ed3576de5c@group-EE856C9543A1: changes role from  FOLLOWER to CANDIDATE at term 90 for changeToCandidate
2019-10-16 21:53:02,043 [Thread-845] INFO  impl.RoleInfo (RoleInfo.java:updateAndGet(143)) - 5c3956af-60d3-411f-8c98-c7ed3576de5c: start LeaderElection
2019-10-16 21:53:02,057 [5c3956af-60d3-411f-8c98-c7ed3576de5c@group-EE856C9543A1-LeaderElection90] INFO  impl.LeaderElection (LeaderElection.java:askForVotes(178)) - 5c3956af-60d3-411f-8c98-c7ed3576de5c@group-EE856C9543A1-LeaderElection90: begin an election at term 91 for -1: [5c3956af-60d3-411f-8c98-c7ed3576de5c:192.168.34.38:33787, efb933de-cdd8-4d8d-88d2-4c7ffe0dec1a:192.168.34.38:42459, 9d88716d-5d6b-4fd8-b832-a110dc45ee66:192.168.34.38:38211], old=null
2019-10-16 21:53:02,059 [grpc-default-executor-0] INFO  impl.RaftServerImpl (RaftServerImpl.java:setRole(184)) - 9d88716d-5d6b-4fd8-b832-a110dc45ee66@group-EE856C9543A1: changes role from  FOLLOWER to FOLLOWER at term 91 for recognizeCandidate:5c3956af-60d3-411f-8c98-c7ed3576de5c
2019-10-16 21:53:02,059 [grpc-default-executor-1] INFO  impl.RaftServerImpl (RaftServerImpl.java:setRole(184)) - efb933de-cdd8-4d8d-88d2-4c7ffe0dec1a@group-EE856C9543A1: changes role from  FOLLOWER to FOLLOWER at term 91 for recognizeCandidate:5c3956af-60d3-411f-8c98-c7ed3576de5c
2019-10-16 21:53:02,059 [grpc-default-executor-0] INFO  impl.RoleInfo (RoleInfo.java:shutdownFollowerState(121)) - 9d88716d-5d6b-4fd8-b832-a110dc45ee66: shutdown FollowerState
2019-10-16 21:53:02,060 [grpc-default-executor-1] INFO  impl.RoleInfo (RoleInfo.java:shutdownFollowerState(121)) - efb933de-cdd8-4d8d-88d2-4c7ffe0dec1a: shutdown FollowerState
2019-10-16 21:53:02,060 [Thread-843] INFO  impl.FollowerState (FollowerState.java:run(117)) - 9d88716d-5d6b-4fd8-b832-a110dc45ee66@group-EE856C9543A1-FollowerState was interrupted: java.lang.InterruptedException: sleep interrupted
2019-10-16 21:53:02,060 [grpc-default-executor-0] INFO  impl.RoleInfo (RoleInfo.java:updateAndGet(143)) - 9d88716d-5d6b-4fd8-b832-a110dc45ee66: start FollowerState
2019-10-16 21:53:02,060 [Thread-844] INFO  impl.FollowerState (FollowerState.java:run(117)) - efb933de-cdd8-4d8d-88d2-4c7ffe0dec1a@group-EE856C9543A1-FollowerState was interrupted: java.lang.InterruptedException: sleep interrupted
2019-10-16 21:53:02,060 [grpc-default-executor-1] INFO  impl.RoleInfo (RoleInfo.java:updateAndGet(143)) - efb933de-cdd8-4d8d-88d2-4c7ffe0dec1a: start FollowerState
2019-10-16 21:53:02,075 [5c3956af-60d3-411f-8c98-c7ed3576de5c@group-EE856C9543A1-LeaderElection90] INFO  impl.LeaderElection (LeaderElection.java:logAndReturn(56)) - 5c3956af-60d3-411f-8c98-c7ed3576de5c@group-EE856C9543A1-LeaderElection90: Election REJECTED; received 2 response(s) [5c3956af-60d3-411f-8c98-c7ed3576de5c<-efb933de-cdd8-4d8d-88d2-4c7ffe0dec1a#0:FAIL-t91, 5c3956af-60d3-411f-8c98-c7ed3576de5c<-9d88716d-5d6b-4fd8-b832-a110dc45ee66#0:FAIL-t91] and 0 exception(s); 5c3956af-60d3-411f-8c98-c7ed3576de5c@group-EE856C9543A1:t91, leader=null, voted=5c3956af-60d3-411f-8c98-c7ed3576de5c, raftlog=5c3956af-60d3-411f-8c98-c7ed3576de5c@group-EE856C9543A1-SegmentedRaftLog:OPENED:c-1,f-1,i0, conf=-1: [5c3956af-60d3-411f-8c98-c7ed3576de5c:192.168.34.38:33787, efb933de-cdd8-4d8d-88d2-4c7ffe0dec1a:192.168.34.38:42459, 9d88716d-5d6b-4fd8-b832-a110dc45ee66:192.168.34.38:38211], old=null
2019-10-16 21:53:02,076 [5c3956af-60d3-411f-8c98-c7ed3576de5c@group-EE856C9543A1-LeaderElection90] INFO  impl.RaftServerImpl (RaftServerImpl.java:setRole(184)) - 5c3956af-60d3-411f-8c98-c7ed3576de5c@group-EE856C9543A1: changes role from CANDIDATE to FOLLOWER at term 91 for DISCOVERED_A_NEW_TERM
2019-10-16 21:53:02,076 [5c3956af-60d3-411f-8c98-c7ed3576de5c@group-EE856C9543A1-LeaderElection90] INFO  impl.RoleInfo (RoleInfo.java:shutdownLeaderElection(134)) - 5c3956af-60d3-411f-8c98-c7ed3576de5c: shutdown LeaderElection
2019-10-16 21:53:02,076 [5c3956af-60d3-411f-8c98-c7ed3576de5c@group-EE856C9543A1-LeaderElection90] INFO  impl.RoleInfo (RoleInfo.java:updateAndGet(143)) - 5c3956af-60d3-411f-8c98-c7ed3576de5c: start FollowerState
2019-10-16 21:53:02,167 [Thread-851] INFO  impl.FollowerState (FollowerState.java:run(108)) - 5c3956af-60d3-411f-8c98-c7ed3576de5c@group-EE856C9543A1-FollowerState: change to CANDIDATE, lastRpcTime:91ms, electionTimeout:91ms
2019-10-16 21:53:02,167 [Thread-851] INFO  impl.RoleInfo (RoleInfo.java:shutdownFollowerState(121)) - 5c3956af-60d3-411f-8c98-c7ed3576de5c: shutdown FollowerState
2019-10-16 21:53:02,168 [Thread-851] INFO  impl.RaftServerImpl (RaftServerImpl.java:setRole(184)) - 5c3956af-60d3-411f-8c98-c7ed3576de5c@group-EE856C9543A1: changes role from  FOLLOWER to CANDIDATE at term 91 for changeToCandidate
2019-10-16 21:53:02,168 [Thread-851] INFO  impl.RoleInfo (RoleInfo.java:updateAndGet(143)) - 5c3956af-60d3-411f-8c98-c7ed3576de5c: start LeaderElection
2019-10-16 21:53:02,181 [5c3956af-60d3-411f-8c98-c7ed3576de5c@group-EE856C9543A1-LeaderElection91] INFO  impl.LeaderElection (LeaderElection.java:askForVotes(178)) - 5c3956af-60d3-411f-8c98-c7ed3576de5c@group-EE856C9543A1-LeaderElection91: begin an election at term 92 for -1: [5c3956af-60d3-411f-8c98-c7ed3576de5c:192.168.34.38:33787, efb933de-cdd8-4d8d-88d2-4c7ffe0dec1a:192.168.34.38:42459, 9d88716d-5d6b-4fd8-b832-a110dc45ee66:192.168.34.38:38211], old=null
2019-10-16 21:53:02,184 [grpc-default-executor-1] INFO  impl.RaftServerImpl (RaftServerImpl.java:setRole(184)) - efb933de-cdd8-4d8d-88d2-4c7ffe0dec1a@group-EE856C9543A1: changes role from  FOLLOWER to FOLLOWER at term 92 for recognizeCandidate:5c3956af-60d3-411f-8c98-c7ed3576de5c
2019-10-16 21:53:02,184 [grpc-default-executor-0] INFO  impl.RaftServerImpl (RaftServerImpl.java:setRole(184)) - 9d88716d-5d6b-4fd8-b832-a110dc45ee66@group-EE856C9543A1: changes role from  FOLLOWER to FOLLOWER at term 92 for recognizeCandidate:5c3956af-60d3-411f-8c98-c7ed3576de5c
2019-10-16 21:53:02,184 [grpc-default-executor-1] INFO  impl.RoleInfo (RoleInfo.java:shutdownFollowerState(121)) - efb933de-cdd8-4d8d-88d2-4c7ffe0dec1a: shutdown FollowerState
2019-10-16 21:53:02,184 [grpc-default-executor-0] INFO  impl.RoleInfo (RoleInfo.java:shutdownFollowerState(121)) - 9d88716d-5d6b-4fd8-b832-a110dc45ee66: shutdown FollowerState
2019-10-16 21:53:02,184 [Thread-850] INFO  impl.FollowerState (FollowerState.java:run(117)) - efb933de-cdd8-4d8d-88d2-4c7ffe0dec1a@group-EE856C9543A1-FollowerState was interrupted: java.lang.InterruptedException: sleep interrupted
2019-10-16 21:53:02,184 [grpc-default-executor-1] INFO  impl.RoleInfo (RoleInfo.java:updateAndGet(143)) - efb933de-cdd8-4d8d-88d2-4c7ffe0dec1a: start FollowerState
2019-10-16 21:53:02,185 [Thread-849] INFO  impl.FollowerState (FollowerState.java:run(117)) - 9d88716d-5d6b-4fd8-b832-a110dc45ee66@group-EE856C9543A1-FollowerState was interrupted: java.lang.InterruptedException: sleep interrupted
2019-10-16 21:53:02,185 [grpc-default-executor-0] INFO  impl.RoleInfo (RoleInfo.java:updateAndGet(143)) - 9d88716d-5d6b-4fd8-b832-a110dc45ee66: start FollowerState
2019-10-16 21:53:02,200 [5c3956af-60d3-411f-8c98-c7ed3576de5c@group-EE856C9543A1-LeaderElection91] INFO  impl.LeaderElection (LeaderElection.java:logAndReturn(56)) - 5c3956af-60d3-411f-8c98-c7ed3576de5c@group-EE856C9543A1-LeaderElection91: Election REJECTED; received 2 response(s) [5c3956af-60d3-411f-8c98-c7ed3576de5c<-efb933de-cdd8-4d8d-88d2-4c7ffe0dec1a#0:FAIL-t92, 5c3956af-60d3-411f-8c98-c7ed3576de5c<-9d88716d-5d6b-4fd8-b832-a110dc45ee66#0:FAIL-t92] and 0 exception(s); 5c3956af-60d3-411f-8c98-c7ed3576de5c@group-EE856C9543A1:t92, leader=null, voted=5c3956af-60d3-411f-8c98-c7ed3576de5c, raftlog=5c3956af-60d3-411f-8c98-c7ed3576de5c@group-EE856C9543A1-SegmentedRaftLog:OPENED:c-1,f-1,i0, conf=-1: [5c3956af-60d3-411f-8c98-c7ed3576de5c:192.168.34.38:33787, efb933de-cdd8-4d8d-88d2-4c7ffe0dec1a:192.168.34.38:42459, 9d88716d-5d6b-4fd8-b832-a110dc45ee66:192.168.34.38:38211], old=null
2019-10-16 21:53:02,200 [5c3956af-60d3-411f-8c98-c7ed3576de5c@group-EE856C9543A1-LeaderElection91] INFO  impl.RaftServerImpl (RaftServerImpl.java:setRole(184)) - 5c3956af-60d3-411f-8c98-c7ed3576de5c@group-EE856C9543A1: changes role from CANDIDATE to FOLLOWER at term 92 for DISCOVERED_A_NEW_TERM
2019-10-16 21:53:02,200 [5c3956af-60d3-411f-8c98-c7ed3576de5c@group-EE856C9543A1-LeaderElection91] INFO  impl.RoleInfo (RoleInfo.java:shutdownLeaderElection(134)) - 5c3956af-60d3-411f-8c98-c7ed3576de5c: shutdown LeaderElection
2019-10-16 21:53:02,201 [5c3956af-60d3-411f-8c98-c7ed3576de5c@group-EE856C9543A1-LeaderElection91] INFO  impl.RoleInfo (RoleInfo.java:updateAndGet(143)) - 5c3956af-60d3-411f-8c98-c7ed3576de5c: start FollowerState
2019-10-16 21:53:02,334 [Thread-857] INFO  impl.FollowerState (FollowerState.java:run(108)) - 5c3956af-60d3-411f-8c98-c7ed3576de5c@group-EE856C9543A1-FollowerState: change to CANDIDATE, lastRpcTime:133ms, electionTimeout:133ms
2019-10-16 21:53:02,334 [Thread-857] INFO  impl.RoleInfo (RoleInfo.java:shutdownFollowerState(121)) - 5c3956af-60d3-411f-8c98-c7ed3576de5c: shutdown FollowerState
2019-10-16 21:53:02,334 [Thread-857] INFO  impl.RaftServerImpl (RaftServerImpl.java:setRole(184)) - 5c3956af-60d3-411f-8c98-c7ed3576de5c@group-EE856C9543A1: changes role from  FOLLOWER to CANDIDATE at term 92 for changeToCandidate
2019-10-16 21:53:02,335 [Thread-857] INFO  impl.RoleInfo (RoleInfo.java:updateAndGet(143)) - 5c3956af-60d3-411f-8c98-c7ed3576de5c: start LeaderElection
2019-10-16 21:53:02,348 [5c3956af-60d3-411f-8c98-c7ed3576de5c@group-EE856C9543A1-LeaderElection92] INFO  impl.LeaderElection (LeaderElection.java:askForVotes(178)) - 5c3956af-60d3-411f-8c98-c7ed3576de5c@group-EE856C9543A1-LeaderElection92: begin an election at term 93 for -1: [5c3956af-60d3-411f-8c98-c7ed3576de5c:192.168.34.38:33787, efb933de-cdd8-4d8d-88d2-4c7ffe0dec1a:192.168.34.38:42459, 9d88716d-5d6b-4fd8-b832-a110dc45ee66:192.168.34.38:38211], old=null
2019-10-16 21:53:02,350 [grpc-default-executor-1] INFO  impl.RaftServerImpl (RaftServerImpl.java:setRole(184)) - 9d88716d-5d6b-4fd8-b832-a110dc45ee66@group-EE856C9543A1: changes role from  FOLLOWER to FOLLOWER at term 93 for recognizeCandidate:5c3956af-60d3-411f-8c98-c7ed3576de5c
2019-10-16 21:53:02,350 [grpc-default-executor-1] INFO  impl.RoleInfo (RoleInfo.java:shutdownFollowerState(121)) - 9d88716d-5d6b-4fd8-b832-a110dc45ee66: shutdown FollowerState
2019-10-16 21:53:02,350 [grpc-default-executor-1] INFO  impl.RoleInfo (RoleInfo.java:updateAndGet(143)) - 9d88716d-5d6b-4fd8-b832-a110dc45ee66: start FollowerState
2019-10-16 21:53:02,350 [Thread-856] INFO  impl.FollowerState (FollowerState.java:run(117)) - 9d88716d-5d6b-4fd8-b832-a110dc45ee66@group-EE856C9543A1-FollowerState was interrupted: java.lang.InterruptedException: sleep interrupted
2019-10-16 21:53:02,355 [grpc-default-executor-0] INFO  impl.RaftServerImpl (RaftServerImpl.java:setRole(184)) - efb933de-cdd8-4d8d-88d2-4c7ffe0dec1a@group-EE856C9543A1: changes role from  FOLLOWER to FOLLOWER at term 93 for recognizeCandidate:5c3956af-60d3-411f-8c98-c7ed3576de5c
2019-10-16 21:53:02,355 [grpc-default-executor-0] INFO  impl.RoleInfo (RoleInfo.java:shutdownFollowerState(121)) - efb933de-cdd8-4d8d-88d2-4c7ffe0dec1a: shutdown FollowerState
2019-10-16 21:53:02,355 [grpc-default-executor-0] INFO  impl.RoleInfo (RoleInfo.java:updateAndGet(143)) - efb933de-cdd8-4d8d-88d2-4c7ffe0dec1a: start FollowerState
2019-10-16 21:53:02,355 [Thread-855] INFO  impl.FollowerState (FollowerState.java:run(117)) - efb933de-cdd8-4d8d-88d2-4c7ffe0dec1a@group-EE856C9543A1-FollowerState was interrupted: java.lang.InterruptedException: sleep interrupted
2019-10-16 21:53:02,368 [5c3956af-60d3-411f-8c98-c7ed3576de5c@group-EE856C9543A1-LeaderElection92] INFO  impl.LeaderElection (LeaderElection.java:logAndReturn(56)) - 5c3956af-60d3-411f-8c98-c7ed3576de5c@group-EE856C9543A1-LeaderElection92: Election REJECTED; received 2 response(s) [5c3956af-60d3-411f-8c98-c7ed3576de5c<-efb933de-cdd8-4d8d-88d2-4c7ffe0dec1a#0:FAIL-t93, 5c3956af-60d3-411f-8c98-c7ed3576de5c<-9d88716d-5d6b-4fd8-b832-a110dc45ee66#0:FAIL-t93] and 0 exception(s); 5c3956af-60d3-411f-8c98-c7ed3576de5c@group-EE856C9543A1:t93, leader=null, voted=5c3956af-60d3-411f-8c98-c7ed3576de5c, raftlog=5c3956af-60d3-411f-8c98-c7ed3576de5c@group-EE856C9543A1-SegmentedRaftLog:OPENED:c-1,f-1,i0, conf=-1: [5c3956af-60d3-411f-8c98-c7ed3576de5c:192.168.34.38:33787, efb933de-cdd8-4d8d-88d2-4c7ffe0dec1a:192.168.34.38:42459, 9d88716d-5d6b-4fd8-b832-a110dc45ee66:192.168.34.38:38211], old=null
2019-10-16 21:53:02,368 [5c3956af-60d3-411f-8c98-c7ed3576de5c@group-EE856C9543A1-LeaderElection92] INFO  impl.RaftServerImpl (RaftServerImpl.java:setRole(184)) - 5c3956af-60d3-411f-8c98-c7ed3576de5c@group-EE856C9543A1: changes role from CANDIDATE to FOLLOWER at term 93 for DISCOVERED_A_NEW_TERM
2019-10-16 21:53:02,368 [5c3956af-60d3-411f-8c98-c7ed3576de5c@group-EE856C9543A1-LeaderElection92] INFO  impl.RoleInfo (RoleInfo.java:shutdownLeaderElection(134)) - 5c3956af-60d3-411f-8c98-c7ed3576de5c: shutdown LeaderElection
2019-10-16 21:53:02,369 [5c3956af-60d3-411f-8c98-c7ed3576de5c@group-EE856C9543A1-LeaderElection92] INFO  impl.RoleInfo (RoleInfo.java:updateAndGet(143)) - 5c3956af-60d3-411f-8c98-c7ed3576de5c: start FollowerState
2019-10-16 21:53:02,397 [JUnit] INFO  ozone.MiniOzoneClusterImpl (MiniOzoneClusterImpl.java:lambda$waitForClusterToBeReady$2(164)) - Waiting for 1 number of pipelines out of 6, to report a leader.
2019-10-16 21:53:02,548 [Thread-863] INFO  impl.FollowerState (FollowerState.java:run(108)) - 5c3956af-60d3-411f-8c98-c7ed3576de5c@group-EE856C9543A1-FollowerState: change to CANDIDATE, lastRpcTime:179ms, electionTimeout:179ms
2019-10-16 21:53:02,548 [Thread-863] INFO  impl.RoleInfo (RoleInfo.java:shutdownFollowerState(121)) - 5c3956af-60d3-411f-8c98-c7ed3576de5c: shutdown FollowerState
2019-10-16 21:53:02,548 [Thread-863] INFO  impl.RaftServerImpl (RaftServerImpl.java:setRole(184)) - 5c3956af-60d3-411f-8c98-c7ed3576de5c@group-EE856C9543A1: changes role from  FOLLOWER to CANDIDATE at term 93 for changeToCandidate
2019-10-16 21:53:02,549 [Thread-863] INFO  impl.RoleInfo (RoleInfo.java:updateAndGet(143)) - 5c3956af-60d3-411f-8c98-c7ed3576de5c: start LeaderElection
2019-10-16 21:53:02,562 [5c3956af-60d3-411f-8c98-c7ed3576de5c@group-EE856C9543A1-LeaderElection93] INFO  impl.LeaderElection (LeaderElection.java:askForVotes(178)) - 5c3956af-60d3-411f-8c98-c7ed3576de5c@group-EE856C9543A1-LeaderElection93: begin an election at term 94 for -1: [5c3956af-60d3-411f-8c98-c7ed3576de5c:192.168.34.38:33787, efb933de-cdd8-4d8d-88d2-4c7ffe0dec1a:192.168.34.38:42459, 9d88716d-5d6b-4fd8-b832-a110dc45ee66:192.168.34.38:38211], old=null
2019-10-16 21:53:02,565 [grpc-default-executor-1] INFO  impl.RaftServerImpl (RaftServerImpl.java:setRole(184)) - 9d88716d-5d6b-4fd8-b832-a110dc45ee66@group-EE856C9543A1: changes role from  FOLLOWER to FOLLOWER at term 94 for recognizeCandidate:5c3956af-60d3-411f-8c98-c7ed3576de5c
2019-10-16 21:53:02,565 [grpc-default-executor-0] INFO  impl.RaftServerImpl (RaftServerImpl.java:setRole(184)) - efb933de-cdd8-4d8d-88d2-4c7ffe0dec1a@group-EE856C9543A1: changes role from  FOLLOWER to FOLLOWER at term 94 for recognizeCandidate:5c3956af-60d3-411f-8c98-c7ed3576de5c
2019-10-16 21:53:02,565 [grpc-default-executor-1] INFO  impl.RoleInfo (RoleInfo.java:shutdownFollowerState(121)) - 9d88716d-5d6b-4fd8-b832-a110dc45ee66: shutdown FollowerState
2019-10-16 21:53:02,566 [grpc-default-executor-0] INFO  impl.RoleInfo (RoleInfo.java:shutdownFollowerState(121)) - efb933de-cdd8-4d8d-88d2-4c7ffe0dec1a: shutdown FollowerState
2019-10-16 21:53:02,566 [Thread-861] INFO  impl.FollowerState (FollowerState.java:run(117)) - 9d88716d-5d6b-4fd8-b832-a110dc45ee66@group-EE856C9543A1-FollowerState was interrupted: java.lang.InterruptedException: sleep interrupted
2019-10-16 21:53:02,566 [grpc-default-executor-0] INFO  impl.RoleInfo (RoleInfo.java:updateAndGet(143)) - efb933de-cdd8-4d8d-88d2-4c7ffe0dec1a: start FollowerState
2019-10-16 21:53:02,566 [grpc-default-executor-1] INFO  impl.RoleInfo (RoleInfo.java:updateAndGet(143)) - 9d88716d-5d6b-4fd8-b832-a110dc45ee66: start FollowerState
2019-10-16 21:53:02,566 [Thread-862] INFO  impl.FollowerState (FollowerState.java:run(117)) - efb933de-cdd8-4d8d-88d2-4c7ffe0dec1a@group-EE856C9543A1-FollowerState was interrupted: java.lang.InterruptedException: sleep interrupted
2019-10-16 21:53:02,581 [5c3956af-60d3-411f-8c98-c7ed3576de5c@group-EE856C9543A1-LeaderElection93] INFO  impl.LeaderElection (LeaderElection.java:logAndReturn(56)) - 5c3956af-60d3-411f-8c98-c7ed3576de5c@group-EE856C9543A1-LeaderElection93: Election REJECTED; received 2 response(s) [5c3956af-60d3-411f-8c98-c7ed3576de5c<-efb933de-cdd8-4d8d-88d2-4c7ffe0dec1a#0:FAIL-t94, 5c3956af-60d3-411f-8c98-c7ed3576de5c<-9d88716d-5d6b-4fd8-b832-a110dc45ee66#0:FAIL-t94] and 0 exception(s); 5c3956af-60d3-411f-8c98-c7ed3576de5c@group-EE856C9543A1:t94, leader=null, voted=5c3956af-60d3-411f-8c98-c7ed3576de5c, raftlog=5c3956af-60d3-411f-8c98-c7ed3576de5c@group-EE856C9543A1-SegmentedRaftLog:OPENED:c-1,f-1,i0, conf=-1: [5c3956af-60d3-411f-8c98-c7ed3576de5c:192.168.34.38:33787, efb933de-cdd8-4d8d-88d2-4c7ffe0dec1a:192.168.34.38:42459, 9d88716d-5d6b-4fd8-b832-a110dc45ee66:192.168.34.38:38211], old=null
2019-10-16 21:53:02,581 [5c3956af-60d3-411f-8c98-c7ed3576de5c@group-EE856C9543A1-LeaderElection93] INFO  impl.RaftServerImpl (RaftServerImpl.java:setRole(184)) - 5c3956af-60d3-411f-8c98-c7ed3576de5c@group-EE856C9543A1: changes role from CANDIDATE to FOLLOWER at term 94 for DISCOVERED_A_NEW_TERM
2019-10-16 21:53:02,581 [5c3956af-60d3-411f-8c98-c7ed3576de5c@group-EE856C9543A1-LeaderElection93] INFO  impl.RoleInfo (RoleInfo.java:shutdownLeaderElection(134)) - 5c3956af-60d3-411f-8c98-c7ed3576de5c: shutdown LeaderElection
2019-10-16 21:53:02,581 [5c3956af-60d3-411f-8c98-c7ed3576de5c@group-EE856C9543A1-LeaderElection93] INFO  impl.RoleInfo (RoleInfo.java:updateAndGet(143)) - 5c3956af-60d3-411f-8c98-c7ed3576de5c: start FollowerState
2019-10-16 21:53:02,748 [Thread-869] INFO  impl.FollowerState (FollowerState.java:run(108)) - 5c3956af-60d3-411f-8c98-c7ed3576de5c@group-EE856C9543A1-FollowerState: change to CANDIDATE, lastRpcTime:167ms, electionTimeout:167ms
2019-10-16 21:53:02,749 [Thread-869] INFO  impl.RoleInfo (RoleInfo.java:shutdownFollowerState(121)) - 5c3956af-60d3-411f-8c98-c7ed3576de5c: shutdown FollowerState
2019-10-16 21:53:02,749 [Thread-869] INFO  impl.RaftServerImpl (RaftServerImpl.java:setRole(184)) - 5c3956af-60d3-411f-8c98-c7ed3576de5c@group-EE856C9543A1: changes role from  FOLLOWER to CANDIDATE at term 94 for changeToCandidate
2019-10-16 21:53:02,749 [Thread-869] INFO  impl.RoleInfo (RoleInfo.java:updateAndGet(143)) - 5c3956af-60d3-411f-8c98-c7ed3576de5c: start LeaderElection
2019-10-16 21:53:02,770 [5c3956af-60d3-411f-8c98-c7ed3576de5c@group-EE856C9543A1-LeaderElection94] INFO  impl.LeaderElection (LeaderElection.java:askForVotes(178)) - 5c3956af-60d3-411f-8c98-c7ed3576de5c@group-EE856C9543A1-LeaderElection94: begin an election at term 95 for -1: [5c3956af-60d3-411f-8c98-c7ed3576de5c:192.168.34.38:33787, efb933de-cdd8-4d8d-88d2-4c7ffe0dec1a:192.168.34.38:42459, 9d88716d-5d6b-4fd8-b832-a110dc45ee66:192.168.34.38:38211], old=null
2019-10-16 21:53:02,773 [grpc-default-executor-1] INFO  impl.RaftServerImpl (RaftServerImpl.java:setRole(184)) - efb933de-cdd8-4d8d-88d2-4c7ffe0dec1a@group-EE856C9543A1: changes role from  FOLLOWER to FOLLOWER at term 95 for recognizeCandidate:5c3956af-60d3-411f-8c98-c7ed3576de5c
2019-10-16 21:53:02,774 [grpc-default-executor-1] INFO  impl.RoleInfo (RoleInfo.java:shutdownFollowerState(121)) - efb933de-cdd8-4d8d-88d2-4c7ffe0dec1a: shutdown FollowerState
2019-10-16 21:53:02,774 [Thread-868] INFO  impl.FollowerState (FollowerState.java:run(117)) - efb933de-cdd8-4d8d-88d2-4c7ffe0dec1a@group-EE856C9543A1-FollowerState was interrupted: java.lang.InterruptedException: sleep interrupted
2019-10-16 21:53:02,774 [grpc-default-executor-1] INFO  impl.RoleInfo (RoleInfo.java:updateAndGet(143)) - efb933de-cdd8-4d8d-88d2-4c7ffe0dec1a: start FollowerState
2019-10-16 21:53:02,775 [grpc-default-executor-0] INFO  impl.RaftServerImpl (RaftServerImpl.java:setRole(184)) - 9d88716d-5d6b-4fd8-b832-a110dc45ee66@group-EE856C9543A1: changes role from  FOLLOWER to FOLLOWER at term 95 for recognizeCandidate:5c3956af-60d3-411f-8c98-c7ed3576de5c
2019-10-16 21:53:02,775 [grpc-default-executor-0] INFO  impl.RoleInfo (RoleInfo.java:shutdownFollowerState(121)) - 9d88716d-5d6b-4fd8-b832-a110dc45ee66: shutdown FollowerState
2019-10-16 21:53:02,775 [grpc-default-executor-0] INFO  impl.RoleInfo (RoleInfo.java:updateAndGet(143)) - 9d88716d-5d6b-4fd8-b832-a110dc45ee66: start FollowerState
2019-10-16 21:53:02,776 [Thread-867] INFO  impl.FollowerState (FollowerState.java:run(117)) - 9d88716d-5d6b-4fd8-b832-a110dc45ee66@group-EE856C9543A1-FollowerState was interrupted: java.lang.InterruptedException: sleep interrupted
2019-10-16 21:53:02,781 [5c3956af-60d3-411f-8c98-c7ed3576de5c@group-EE856C9543A1-LeaderElection94] INFO  impl.LeaderElection (LeaderElection.java:logAndReturn(56)) - 5c3956af-60d3-411f-8c98-c7ed3576de5c@group-EE856C9543A1-LeaderElection94: Election REJECTED; received 2 response(s) [5c3956af-60d3-411f-8c98-c7ed3576de5c<-efb933de-cdd8-4d8d-88d2-4c7ffe0dec1a#0:FAIL-t95, 5c3956af-60d3-411f-8c98-c7ed3576de5c<-9d88716d-5d6b-4fd8-b832-a110dc45ee66#0:FAIL-t95] and 0 exception(s); 5c3956af-60d3-411f-8c98-c7ed3576de5c@group-EE856C9543A1:t95, leader=null, voted=5c3956af-60d3-411f-8c98-c7ed3576de5c, raftlog=5c3956af-60d3-411f-8c98-c7ed3576de5c@group-EE856C9543A1-SegmentedRaftLog:OPENED:c-1,f-1,i0, conf=-1: [5c3956af-60d3-411f-8c98-c7ed3576de5c:192.168.34.38:33787, efb933de-cdd8-4d8d-88d2-4c7ffe0dec1a:192.168.34.38:42459, 9d88716d-5d6b-4fd8-b832-a110dc45ee66:192.168.34.38:38211], old=null
2019-10-16 21:53:02,781 [5c3956af-60d3-411f-8c98-c7ed3576de5c@group-EE856C9543A1-LeaderElection94] INFO  impl.RaftServerImpl (RaftServerImpl.java:setRole(184)) - 5c3956af-60d3-411f-8c98-c7ed3576de5c@group-EE856C9543A1: changes role from CANDIDATE to FOLLOWER at term 95 for DISCOVERED_A_NEW_TERM
2019-10-16 21:53:02,781 [5c3956af-60d3-411f-8c98-c7ed3576de5c@group-EE856C9543A1-LeaderElection94] INFO  impl.RoleInfo (RoleInfo.java:shutdownLeaderElection(134)) - 5c3956af-60d3-411f-8c98-c7ed3576de5c: shutdown LeaderElection
2019-10-16 21:53:02,781 [5c3956af-60d3-411f-8c98-c7ed3576de5c@group-EE856C9543A1-LeaderElection94] INFO  impl.RoleInfo (RoleInfo.java:updateAndGet(143)) - 5c3956af-60d3-411f-8c98-c7ed3576de5c: start FollowerState
2019-10-16 21:53:02,924 [Thread-875] INFO  impl.FollowerState (FollowerState.java:run(108)) - 5c3956af-60d3-411f-8c98-c7ed3576de5c@group-EE856C9543A1-FollowerState: change to CANDIDATE, lastRpcTime:143ms, electionTimeout:143ms
2019-10-16 21:53:02,925 [Thread-875] INFO  impl.RoleInfo (RoleInfo.java:shutdownFollowerState(121)) - 5c3956af-60d3-411f-8c98-c7ed3576de5c: shutdown FollowerState
2019-10-16 21:53:02,925 [Thread-875] INFO  impl.RaftServerImpl (RaftServerImpl.java:setRole(184)) - 5c3956af-60d3-411f-8c98-c7ed3576de5c@group-EE856C9543A1: changes role from  FOLLOWER to CANDIDATE at term 95 for changeToCandidate
2019-10-16 21:53:02,925 [Thread-875] INFO  impl.RoleInfo (RoleInfo.java:updateAndGet(143)) - 5c3956af-60d3-411f-8c98-c7ed3576de5c: start LeaderElection
2019-10-16 21:53:02,939 [5c3956af-60d3-411f-8c98-c7ed3576de5c@group-EE856C9543A1-LeaderElection95] INFO  impl.LeaderElection (LeaderElection.java:askForVotes(178)) - 5c3956af-60d3-411f-8c98-c7ed3576de5c@group-EE856C9543A1-LeaderElection95: begin an election at term 96 for -1: [5c3956af-60d3-411f-8c98-c7ed3576de5c:192.168.34.38:33787, efb933de-cdd8-4d8d-88d2-4c7ffe0dec1a:192.168.34.38:42459, 9d88716d-5d6b-4fd8-b832-a110dc45ee66:192.168.34.38:38211], old=null
2019-10-16 21:53:02,943 [grpc-default-executor-1] INFO  impl.RaftServerImpl (RaftServerImpl.java:setRole(184)) - 9d88716d-5d6b-4fd8-b832-a110dc45ee66@group-EE856C9543A1: changes role from  FOLLOWER to FOLLOWER at term 96 for recognizeCandidate:5c3956af-60d3-411f-8c98-c7ed3576de5c
2019-10-16 21:53:02,943 [grpc-default-executor-0] INFO  impl.RaftServerImpl (RaftServerImpl.java:setRole(184)) - efb933de-cdd8-4d8d-88d2-4c7ffe0dec1a@group-EE856C9543A1: changes role from  FOLLOWER to FOLLOWER at term 96 for recognizeCandidate:5c3956af-60d3-411f-8c98-c7ed3576de5c
2019-10-16 21:53:02,943 [grpc-default-executor-1] INFO  impl.RoleInfo (RoleInfo.java:shutdownFollowerState(121)) - 9d88716d-5d6b-4fd8-b832-a110dc45ee66: shutdown FollowerState
2019-10-16 21:53:02,943 [grpc-default-executor-0] INFO  impl.RoleInfo (RoleInfo.java:shutdownFollowerState(121)) - efb933de-cdd8-4d8d-88d2-4c7ffe0dec1a: shutdown FollowerState
2019-10-16 21:53:02,943 [Thread-874] INFO  impl.FollowerState (FollowerState.java:run(117)) - 9d88716d-5d6b-4fd8-b832-a110dc45ee66@group-EE856C9543A1-FollowerState was interrupted: java.lang.InterruptedException: sleep interrupted
2019-10-16 21:53:02,943 [grpc-default-executor-1] INFO  impl.RoleInfo (RoleInfo.java:updateAndGet(143)) - 9d88716d-5d6b-4fd8-b832-a110dc45ee66: start FollowerState
2019-10-16 21:53:02,943 [Thread-873] INFO  impl.FollowerState (FollowerState.java:run(117)) - efb933de-cdd8-4d8d-88d2-4c7ffe0dec1a@group-EE856C9543A1-FollowerState was interrupted: java.lang.InterruptedException: sleep interrupted
2019-10-16 21:53:02,943 [grpc-default-executor-0] INFO  impl.RoleInfo (RoleInfo.java:updateAndGet(143)) - efb933de-cdd8-4d8d-88d2-4c7ffe0dec1a: start FollowerState
2019-10-16 21:53:02,959 [5c3956af-60d3-411f-8c98-c7ed3576de5c@group-EE856C9543A1-LeaderElection95] INFO  impl.LeaderElection (LeaderElection.java:logAndReturn(56)) - 5c3956af-60d3-411f-8c98-c7ed3576de5c@group-EE856C9543A1-LeaderElection95: Election REJECTED; received 2 response(s) [5c3956af-60d3-411f-8c98-c7ed3576de5c<-efb933de-cdd8-4d8d-88d2-4c7ffe0dec1a#0:FAIL-t96, 5c3956af-60d3-411f-8c98-c7ed3576de5c<-9d88716d-5d6b-4fd8-b832-a110dc45ee66#0:FAIL-t96] and 0 exception(s); 5c3956af-60d3-411f-8c98-c7ed3576de5c@group-EE856C9543A1:t96, leader=null, voted=5c3956af-60d3-411f-8c98-c7ed3576de5c, raftlog=5c3956af-60d3-411f-8c98-c7ed3576de5c@group-EE856C9543A1-SegmentedRaftLog:OPENED:c-1,f-1,i0, conf=-1: [5c3956af-60d3-411f-8c98-c7ed3576de5c:192.168.34.38:33787, efb933de-cdd8-4d8d-88d2-4c7ffe0dec1a:192.168.34.38:42459, 9d88716d-5d6b-4fd8-b832-a110dc45ee66:192.168.34.38:38211], old=null
2019-10-16 21:53:02,960 [5c3956af-60d3-411f-8c98-c7ed3576de5c@group-EE856C9543A1-LeaderElection95] INFO  impl.RaftServerImpl (RaftServerImpl.java:setRole(184)) - 5c3956af-60d3-411f-8c98-c7ed3576de5c@group-EE856C9543A1: changes role from CANDIDATE to FOLLOWER at term 96 for DISCOVERED_A_NEW_TERM
2019-10-16 21:53:02,960 [5c3956af-60d3-411f-8c98-c7ed3576de5c@group-EE856C9543A1-LeaderElection95] INFO  impl.RoleInfo (RoleInfo.java:shutdownLeaderElection(134)) - 5c3956af-60d3-411f-8c98-c7ed3576de5c: shutdown LeaderElection
2019-10-16 21:53:02,960 [5c3956af-60d3-411f-8c98-c7ed3576de5c@group-EE856C9543A1-LeaderElection95] INFO  impl.RoleInfo (RoleInfo.java:updateAndGet(143)) - 5c3956af-60d3-411f-8c98-c7ed3576de5c: start FollowerState
2019-10-16 21:53:02,981 [Thread-881] INFO  impl.FollowerState (FollowerState.java:run(108)) - 5c3956af-60d3-411f-8c98-c7ed3576de5c@group-EE856C9543A1-FollowerState: change to CANDIDATE, lastRpcTime:21ms, electionTimeout:21ms
2019-10-16 21:53:02,982 [Thread-881] INFO  impl.RoleInfo (RoleInfo.java:shutdownFollowerState(121)) - 5c3956af-60d3-411f-8c98-c7ed3576de5c: shutdown FollowerState
2019-10-16 21:53:02,982 [Thread-881] INFO  impl.RaftServerImpl (RaftServerImpl.java:setRole(184)) - 5c3956af-60d3-411f-8c98-c7ed3576de5c@group-EE856C9543A1: changes role from  FOLLOWER to CANDIDATE at term 96 for changeToCandidate
2019-10-16 21:53:02,982 [Thread-881] INFO  impl.RoleInfo (RoleInfo.java:updateAndGet(143)) - 5c3956af-60d3-411f-8c98-c7ed3576de5c: start LeaderElection
2019-10-16 21:53:02,995 [5c3956af-60d3-411f-8c98-c7ed3576de5c@group-EE856C9543A1-LeaderElection96] INFO  impl.LeaderElection (LeaderElection.java:askForVotes(178)) - 5c3956af-60d3-411f-8c98-c7ed3576de5c@group-EE856C9543A1-LeaderElection96: begin an election at term 97 for -1: [5c3956af-60d3-411f-8c98-c7ed3576de5c:192.168.34.38:33787, efb933de-cdd8-4d8d-88d2-4c7ffe0dec1a:192.168.34.38:42459, 9d88716d-5d6b-4fd8-b832-a110dc45ee66:192.168.34.38:38211], old=null
2019-10-16 21:53:02,998 [grpc-default-executor-0] INFO  impl.RaftServerImpl (RaftServerImpl.java:setRole(184)) - 9d88716d-5d6b-4fd8-b832-a110dc45ee66@group-EE856C9543A1: changes role from  FOLLOWER to FOLLOWER at term 97 for recognizeCandidate:5c3956af-60d3-411f-8c98-c7ed3576de5c
2019-10-16 21:53:02,998 [grpc-default-executor-1] INFO  impl.RaftServerImpl (RaftServerImpl.java:setRole(184)) - efb933de-cdd8-4d8d-88d2-4c7ffe0dec1a@group-EE856C9543A1: changes role from  FOLLOWER to FOLLOWER at term 97 for recognizeCandidate:5c3956af-60d3-411f-8c98-c7ed3576de5c
2019-10-16 21:53:02,998 [grpc-default-executor-0] INFO  impl.RoleInfo (RoleInfo.java:shutdownFollowerState(121)) - 9d88716d-5d6b-4fd8-b832-a110dc45ee66: shutdown FollowerState
2019-10-16 21:53:02,998 [grpc-default-executor-1] INFO  impl.RoleInfo (RoleInfo.java:shutdownFollowerState(121)) - efb933de-cdd8-4d8d-88d2-4c7ffe0dec1a: shutdown FollowerState
2019-10-16 21:53:02,998 [grpc-default-executor-0] INFO  impl.RoleInfo (RoleInfo.java:updateAndGet(143)) - 9d88716d-5d6b-4fd8-b832-a110dc45ee66: start FollowerState
2019-10-16 21:53:02,998 [Thread-880] INFO  impl.FollowerState (FollowerState.java:run(117)) - efb933de-cdd8-4d8d-88d2-4c7ffe0dec1a@group-EE856C9543A1-FollowerState was interrupted: java.lang.InterruptedException: sleep interrupted
2019-10-16 21:53:02,998 [grpc-default-executor-1] INFO  impl.RoleInfo (RoleInfo.java:updateAndGet(143)) - efb933de-cdd8-4d8d-88d2-4c7ffe0dec1a: start FollowerState
2019-10-16 21:53:02,998 [Thread-879] INFO  impl.FollowerState (FollowerState.java:run(117)) - 9d88716d-5d6b-4fd8-b832-a110dc45ee66@group-EE856C9543A1-FollowerState was interrupted: java.lang.InterruptedException: sleep interrupted
2019-10-16 21:53:03,018 [5c3956af-60d3-411f-8c98-c7ed3576de5c@group-EE856C9543A1-LeaderElection96] INFO  impl.LeaderElection (LeaderElection.java:logAndReturn(56)) - 5c3956af-60d3-411f-8c98-c7ed3576de5c@group-EE856C9543A1-LeaderElection96: Election REJECTED; received 2 response(s) [5c3956af-60d3-411f-8c98-c7ed3576de5c<-efb933de-cdd8-4d8d-88d2-4c7ffe0dec1a#0:FAIL-t97, 5c3956af-60d3-411f-8c98-c7ed3576de5c<-9d88716d-5d6b-4fd8-b832-a110dc45ee66#0:FAIL-t97] and 0 exception(s); 5c3956af-60d3-411f-8c98-c7ed3576de5c@group-EE856C9543A1:t97, leader=null, voted=5c3956af-60d3-411f-8c98-c7ed3576de5c, raftlog=5c3956af-60d3-411f-8c98-c7ed3576de5c@group-EE856C9543A1-SegmentedRaftLog:OPENED:c-1,f-1,i0, conf=-1: [5c3956af-60d3-411f-8c98-c7ed3576de5c:192.168.34.38:33787, efb933de-cdd8-4d8d-88d2-4c7ffe0dec1a:192.168.34.38:42459, 9d88716d-5d6b-4fd8-b832-a110dc45ee66:192.168.34.38:38211], old=null
2019-10-16 21:53:03,018 [5c3956af-60d3-411f-8c98-c7ed3576de5c@group-EE856C9543A1-LeaderElection96] INFO  impl.RaftServerImpl (RaftServerImpl.java:setRole(184)) - 5c3956af-60d3-411f-8c98-c7ed3576de5c@group-EE856C9543A1: changes role from CANDIDATE to FOLLOWER at term 97 for DISCOVERED_A_NEW_TERM
2019-10-16 21:53:03,018 [5c3956af-60d3-411f-8c98-c7ed3576de5c@group-EE856C9543A1-LeaderElection96] INFO  impl.RoleInfo (RoleInfo.java:shutdownLeaderElection(134)) - 5c3956af-60d3-411f-8c98-c7ed3576de5c: shutdown LeaderElection
2019-10-16 21:53:03,019 [5c3956af-60d3-411f-8c98-c7ed3576de5c@group-EE856C9543A1-LeaderElection96] INFO  impl.RoleInfo (RoleInfo.java:updateAndGet(143)) - 5c3956af-60d3-411f-8c98-c7ed3576de5c: start FollowerState
2019-10-16 21:53:03,116 [Thread-887] INFO  impl.FollowerState (FollowerState.java:run(108)) - 5c3956af-60d3-411f-8c98-c7ed3576de5c@group-EE856C9543A1-FollowerState: change to CANDIDATE, lastRpcTime:97ms, electionTimeout:97ms
2019-10-16 21:53:03,116 [Thread-887] INFO  impl.RoleInfo (RoleInfo.java:shutdownFollowerState(121)) - 5c3956af-60d3-411f-8c98-c7ed3576de5c: shutdown FollowerState
2019-10-16 21:53:03,116 [Thread-887] INFO  impl.RaftServerImpl (RaftServerImpl.java:setRole(184)) - 5c3956af-60d3-411f-8c98-c7ed3576de5c@group-EE856C9543A1: changes role from  FOLLOWER to CANDIDATE at term 97 for changeToCandidate
2019-10-16 21:53:03,117 [Thread-887] INFO  impl.RoleInfo (RoleInfo.java:updateAndGet(143)) - 5c3956af-60d3-411f-8c98-c7ed3576de5c: start LeaderElection
2019-10-16 21:53:03,130 [5c3956af-60d3-411f-8c98-c7ed3576de5c@group-EE856C9543A1-LeaderElection97] INFO  impl.LeaderElection (LeaderElection.java:askForVotes(178)) - 5c3956af-60d3-411f-8c98-c7ed3576de5c@group-EE856C9543A1-LeaderElection97: begin an election at term 98 for -1: [5c3956af-60d3-411f-8c98-c7ed3576de5c:192.168.34.38:33787, efb933de-cdd8-4d8d-88d2-4c7ffe0dec1a:192.168.34.38:42459, 9d88716d-5d6b-4fd8-b832-a110dc45ee66:192.168.34.38:38211], old=null
2019-10-16 21:53:03,133 [grpc-default-executor-1] INFO  impl.RaftServerImpl (RaftServerImpl.java:setRole(184)) - 9d88716d-5d6b-4fd8-b832-a110dc45ee66@group-EE856C9543A1: changes role from  FOLLOWER to FOLLOWER at term 98 for recognizeCandidate:5c3956af-60d3-411f-8c98-c7ed3576de5c
2019-10-16 21:53:03,133 [grpc-default-executor-0] INFO  impl.RaftServerImpl (RaftServerImpl.java:setRole(184)) - efb933de-cdd8-4d8d-88d2-4c7ffe0dec1a@group-EE856C9543A1: changes role from  FOLLOWER to FOLLOWER at term 98 for recognizeCandidate:5c3956af-60d3-411f-8c98-c7ed3576de5c
2019-10-16 21:53:03,133 [grpc-default-executor-1] INFO  impl.RoleInfo (RoleInfo.java:shutdownFollowerState(121)) - 9d88716d-5d6b-4fd8-b832-a110dc45ee66: shutdown FollowerState
2019-10-16 21:53:03,133 [grpc-default-executor-0] INFO  impl.RoleInfo (RoleInfo.java:shutdownFollowerState(121)) - efb933de-cdd8-4d8d-88d2-4c7ffe0dec1a: shutdown FollowerState
2019-10-16 21:53:03,133 [Thread-885] INFO  impl.FollowerState (FollowerState.java:run(117)) - 9d88716d-5d6b-4fd8-b832-a110dc45ee66@group-EE856C9543A1-FollowerState was interrupted: java.lang.InterruptedException: sleep interrupted
2019-10-16 21:53:03,133 [grpc-default-executor-1] INFO  impl.RoleInfo (RoleInfo.java:updateAndGet(143)) - 9d88716d-5d6b-4fd8-b832-a110dc45ee66: start FollowerState
2019-10-16 21:53:03,133 [Thread-886] INFO  impl.FollowerState (FollowerState.java:run(117)) - efb933de-cdd8-4d8d-88d2-4c7ffe0dec1a@group-EE856C9543A1-FollowerState was interrupted: java.lang.InterruptedException: sleep interrupted
2019-10-16 21:53:03,133 [grpc-default-executor-0] INFO  impl.RoleInfo (RoleInfo.java:updateAndGet(143)) - efb933de-cdd8-4d8d-88d2-4c7ffe0dec1a: start FollowerState
2019-10-16 21:53:03,156 [5c3956af-60d3-411f-8c98-c7ed3576de5c@group-EE856C9543A1-LeaderElection97] INFO  impl.LeaderElection (LeaderElection.java:logAndReturn(56)) - 5c3956af-60d3-411f-8c98-c7ed3576de5c@group-EE856C9543A1-LeaderElection97: Election REJECTED; received 2 response(s) [5c3956af-60d3-411f-8c98-c7ed3576de5c<-efb933de-cdd8-4d8d-88d2-4c7ffe0dec1a#0:FAIL-t98, 5c3956af-60d3-411f-8c98-c7ed3576de5c<-9d88716d-5d6b-4fd8-b832-a110dc45ee66#0:FAIL-t98] and 0 exception(s); 5c3956af-60d3-411f-8c98-c7ed3576de5c@group-EE856C9543A1:t98, leader=null, voted=5c3956af-60d3-411f-8c98-c7ed3576de5c, raftlog=5c3956af-60d3-411f-8c98-c7ed3576de5c@group-EE856C9543A1-SegmentedRaftLog:OPENED:c-1,f-1,i0, conf=-1: [5c3956af-60d3-411f-8c98-c7ed3576de5c:192.168.34.38:33787, efb933de-cdd8-4d8d-88d2-4c7ffe0dec1a:192.168.34.38:42459, 9d88716d-5d6b-4fd8-b832-a110dc45ee66:192.168.34.38:38211], old=null
2019-10-16 21:53:03,157 [5c3956af-60d3-411f-8c98-c7ed3576de5c@group-EE856C9543A1-LeaderElection97] INFO  impl.RaftServerImpl (RaftServerImpl.java:setRole(184)) - 5c3956af-60d3-411f-8c98-c7ed3576de5c@group-EE856C9543A1: changes role from CANDIDATE to FOLLOWER at term 98 for DISCOVERED_A_NEW_TERM
2019-10-16 21:53:03,157 [5c3956af-60d3-411f-8c98-c7ed3576de5c@group-EE856C9543A1-LeaderElection97] INFO  impl.RoleInfo (RoleInfo.java:shutdownLeaderElection(134)) - 5c3956af-60d3-411f-8c98-c7ed3576de5c: shutdown LeaderElection
2019-10-16 21:53:03,157 [5c3956af-60d3-411f-8c98-c7ed3576de5c@group-EE856C9543A1-LeaderElection97] INFO  impl.RoleInfo (RoleInfo.java:updateAndGet(143)) - 5c3956af-60d3-411f-8c98-c7ed3576de5c: start FollowerState
2019-10-16 21:53:03,345 [Thread-893] INFO  impl.FollowerState (FollowerState.java:run(108)) - 5c3956af-60d3-411f-8c98-c7ed3576de5c@group-EE856C9543A1-FollowerState: change to CANDIDATE, lastRpcTime:188ms, electionTimeout:188ms
2019-10-16 21:53:03,345 [Thread-893] INFO  impl.RoleInfo (RoleInfo.java:shutdownFollowerState(121)) - 5c3956af-60d3-411f-8c98-c7ed3576de5c: shutdown FollowerState
2019-10-16 21:53:03,345 [Thread-893] INFO  impl.RaftServerImpl (RaftServerImpl.java:setRole(184)) - 5c3956af-60d3-411f-8c98-c7ed3576de5c@group-EE856C9543A1: changes role from  FOLLOWER to CANDIDATE at term 98 for changeToCandidate
2019-10-16 21:53:03,346 [Thread-893] INFO  impl.RoleInfo (RoleInfo.java:updateAndGet(143)) - 5c3956af-60d3-411f-8c98-c7ed3576de5c: start LeaderElection
2019-10-16 21:53:03,360 [5c3956af-60d3-411f-8c98-c7ed3576de5c@group-EE856C9543A1-LeaderElection98] INFO  impl.LeaderElection (LeaderElection.java:askForVotes(178)) - 5c3956af-60d3-411f-8c98-c7ed3576de5c@group-EE856C9543A1-LeaderElection98: begin an election at term 99 for -1: [5c3956af-60d3-411f-8c98-c7ed3576de5c:192.168.34.38:33787, efb933de-cdd8-4d8d-88d2-4c7ffe0dec1a:192.168.34.38:42459, 9d88716d-5d6b-4fd8-b832-a110dc45ee66:192.168.34.38:38211], old=null
2019-10-16 21:53:03,363 [grpc-default-executor-1] INFO  impl.RaftServerImpl (RaftServerImpl.java:setRole(184)) - 9d88716d-5d6b-4fd8-b832-a110dc45ee66@group-EE856C9543A1: changes role from  FOLLOWER to FOLLOWER at term 99 for recognizeCandidate:5c3956af-60d3-411f-8c98-c7ed3576de5c
2019-10-16 21:53:03,363 [grpc-default-executor-0] INFO  impl.RaftServerImpl (RaftServerImpl.java:setRole(184)) - efb933de-cdd8-4d8d-88d2-4c7ffe0dec1a@group-EE856C9543A1: changes role from  FOLLOWER to FOLLOWER at term 99 for recognizeCandidate:5c3956af-60d3-411f-8c98-c7ed3576de5c
2019-10-16 21:53:03,363 [grpc-default-executor-1] INFO  impl.RoleInfo (RoleInfo.java:shutdownFollowerState(121)) - 9d88716d-5d6b-4fd8-b832-a110dc45ee66: shutdown FollowerState
2019-10-16 21:53:03,363 [grpc-default-executor-0] INFO  impl.RoleInfo (RoleInfo.java:shutdownFollowerState(121)) - efb933de-cdd8-4d8d-88d2-4c7ffe0dec1a: shutdown FollowerState
2019-10-16 21:53:03,363 [Thread-891] INFO  impl.FollowerState (FollowerState.java:run(117)) - 9d88716d-5d6b-4fd8-b832-a110dc45ee66@group-EE856C9543A1-FollowerState was interrupted: java.lang.InterruptedException: sleep interrupted
2019-10-16 21:53:03,363 [grpc-default-executor-1] INFO  impl.RoleInfo (RoleInfo.java:updateAndGet(143)) - 9d88716d-5d6b-4fd8-b832-a110dc45ee66: start FollowerState
2019-10-16 21:53:03,363 [Thread-892] INFO  impl.FollowerState (FollowerState.java:run(117)) - efb933de-cdd8-4d8d-88d2-4c7ffe0dec1a@group-EE856C9543A1-FollowerState was interrupted: java.lang.InterruptedException: sleep interrupted
2019-10-16 21:53:03,363 [grpc-default-executor-0] INFO  impl.RoleInfo (RoleInfo.java:updateAndGet(143)) - efb933de-cdd8-4d8d-88d2-4c7ffe0dec1a: start FollowerState
2019-10-16 21:53:03,378 [5c3956af-60d3-411f-8c98-c7ed3576de5c@group-EE856C9543A1-LeaderElection98] INFO  impl.LeaderElection (LeaderElection.java:logAndReturn(56)) - 5c3956af-60d3-411f-8c98-c7ed3576de5c@group-EE856C9543A1-LeaderElection98: Election REJECTED; received 2 response(s) [5c3956af-60d3-411f-8c98-c7ed3576de5c<-efb933de-cdd8-4d8d-88d2-4c7ffe0dec1a#0:FAIL-t99, 5c3956af-60d3-411f-8c98-c7ed3576de5c<-9d88716d-5d6b-4fd8-b832-a110dc45ee66#0:FAIL-t99] and 0 exception(s); 5c3956af-60d3-411f-8c98-c7ed3576de5c@group-EE856C9543A1:t99, leader=null, voted=5c3956af-60d3-411f-8c98-c7ed3576de5c, raftlog=5c3956af-60d3-411f-8c98-c7ed3576de5c@group-EE856C9543A1-SegmentedRaftLog:OPENED:c-1,f-1,i0, conf=-1: [5c3956af-60d3-411f-8c98-c7ed3576de5c:192.168.34.38:33787, efb933de-cdd8-4d8d-88d2-4c7ffe0dec1a:192.168.34.38:42459, 9d88716d-5d6b-4fd8-b832-a110dc45ee66:192.168.34.38:38211], old=null
2019-10-16 21:53:03,378 [5c3956af-60d3-411f-8c98-c7ed3576de5c@group-EE856C9543A1-LeaderElection98] INFO  impl.RaftServerImpl (RaftServerImpl.java:setRole(184)) - 5c3956af-60d3-411f-8c98-c7ed3576de5c@group-EE856C9543A1: changes role from CANDIDATE to FOLLOWER at term 99 for DISCOVERED_A_NEW_TERM
2019-10-16 21:53:03,378 [5c3956af-60d3-411f-8c98-c7ed3576de5c@group-EE856C9543A1-LeaderElection98] INFO  impl.RoleInfo (RoleInfo.java:shutdownLeaderElection(134)) - 5c3956af-60d3-411f-8c98-c7ed3576de5c: shutdown LeaderElection
2019-10-16 21:53:03,378 [5c3956af-60d3-411f-8c98-c7ed3576de5c@group-EE856C9543A1-LeaderElection98] INFO  impl.RoleInfo (RoleInfo.java:updateAndGet(143)) - 5c3956af-60d3-411f-8c98-c7ed3576de5c: start FollowerState
2019-10-16 21:53:03,397 [JUnit] INFO  ozone.MiniOzoneClusterImpl (MiniOzoneClusterImpl.java:lambda$waitForClusterToBeReady$2(164)) - Waiting for 1 number of pipelines out of 6, to report a leader.
2019-10-16 21:53:03,449 [Thread-899] INFO  impl.FollowerState (FollowerState.java:run(108)) - 5c3956af-60d3-411f-8c98-c7ed3576de5c@group-EE856C9543A1-FollowerState: change to CANDIDATE, lastRpcTime:70ms, electionTimeout:70ms
2019-10-16 21:53:03,449 [Thread-899] INFO  impl.RoleInfo (RoleInfo.java:shutdownFollowerState(121)) - 5c3956af-60d3-411f-8c98-c7ed3576de5c: shutdown FollowerState
2019-10-16 21:53:03,449 [Thread-899] INFO  impl.RaftServerImpl (RaftServerImpl.java:setRole(184)) - 5c3956af-60d3-411f-8c98-c7ed3576de5c@group-EE856C9543A1: changes role from  FOLLOWER to CANDIDATE at term 99 for changeToCandidate
2019-10-16 21:53:03,449 [Thread-899] INFO  impl.RoleInfo (RoleInfo.java:updateAndGet(143)) - 5c3956af-60d3-411f-8c98-c7ed3576de5c: start LeaderElection
2019-10-16 21:53:03,463 [5c3956af-60d3-411f-8c98-c7ed3576de5c@group-EE856C9543A1-LeaderElection99] INFO  impl.LeaderElection (LeaderElection.java:askForVotes(178)) - 5c3956af-60d3-411f-8c98-c7ed3576de5c@group-EE856C9543A1-LeaderElection99: begin an election at term 100 for -1: [5c3956af-60d3-411f-8c98-c7ed3576de5c:192.168.34.38:33787, efb933de-cdd8-4d8d-88d2-4c7ffe0dec1a:192.168.34.38:42459, 9d88716d-5d6b-4fd8-b832-a110dc45ee66:192.168.34.38:38211], old=null
2019-10-16 21:53:03,466 [grpc-default-executor-0] INFO  impl.RaftServerImpl (RaftServerImpl.java:setRole(184)) - 9d88716d-5d6b-4fd8-b832-a110dc45ee66@group-EE856C9543A1: changes role from  FOLLOWER to FOLLOWER at term 100 for recognizeCandidate:5c3956af-60d3-411f-8c98-c7ed3576de5c
2019-10-16 21:53:03,466 [grpc-default-executor-1] INFO  impl.RaftServerImpl (RaftServerImpl.java:setRole(184)) - efb933de-cdd8-4d8d-88d2-4c7ffe0dec1a@group-EE856C9543A1: changes role from  FOLLOWER to FOLLOWER at term 100 for recognizeCandidate:5c3956af-60d3-411f-8c98-c7ed3576de5c
2019-10-16 21:53:03,466 [grpc-default-executor-0] INFO  impl.RoleInfo (RoleInfo.java:shutdownFollowerState(121)) - 9d88716d-5d6b-4fd8-b832-a110dc45ee66: shutdown FollowerState
2019-10-16 21:53:03,466 [grpc-default-executor-1] INFO  impl.RoleInfo (RoleInfo.java:shutdownFollowerState(121)) - efb933de-cdd8-4d8d-88d2-4c7ffe0dec1a: shutdown FollowerState
2019-10-16 21:53:03,466 [Thread-897] INFO  impl.FollowerState (FollowerState.java:run(117)) - 9d88716d-5d6b-4fd8-b832-a110dc45ee66@group-EE856C9543A1-FollowerState was interrupted: java.lang.InterruptedException: sleep interrupted
2019-10-16 21:53:03,466 [grpc-default-executor-0] INFO  impl.RoleInfo (RoleInfo.java:updateAndGet(143)) - 9d88716d-5d6b-4fd8-b832-a110dc45ee66: start FollowerState
2019-10-16 21:53:03,466 [Thread-898] INFO  impl.FollowerState (FollowerState.java:run(117)) - efb933de-cdd8-4d8d-88d2-4c7ffe0dec1a@group-EE856C9543A1-FollowerState was interrupted: java.lang.InterruptedException: sleep interrupted
2019-10-16 21:53:03,466 [grpc-default-executor-1] INFO  impl.RoleInfo (RoleInfo.java:updateAndGet(143)) - efb933de-cdd8-4d8d-88d2-4c7ffe0dec1a: start FollowerState
2019-10-16 21:53:03,480 [5c3956af-60d3-411f-8c98-c7ed3576de5c@group-EE856C9543A1-LeaderElection99] INFO  impl.LeaderElection (LeaderElection.java:logAndReturn(56)) - 5c3956af-60d3-411f-8c98-c7ed3576de5c@group-EE856C9543A1-LeaderElection99: Election REJECTED; received 2 response(s) [5c3956af-60d3-411f-8c98-c7ed3576de5c<-efb933de-cdd8-4d8d-88d2-4c7ffe0dec1a#0:FAIL-t100, 5c3956af-60d3-411f-8c98-c7ed3576de5c<-9d88716d-5d6b-4fd8-b832-a110dc45ee66#0:FAIL-t100] and 0 exception(s); 5c3956af-60d3-411f-8c98-c7ed3576de5c@group-EE856C9543A1:t100, leader=null, voted=5c3956af-60d3-411f-8c98-c7ed3576de5c, raftlog=5c3956af-60d3-411f-8c98-c7ed3576de5c@group-EE856C9543A1-SegmentedRaftLog:OPENED:c-1,f-1,i0, conf=-1: [5c3956af-60d3-411f-8c98-c7ed3576de5c:192.168.34.38:33787, efb933de-cdd8-4d8d-88d2-4c7ffe0dec1a:192.168.34.38:42459, 9d88716d-5d6b-4fd8-b832-a110dc45ee66:192.168.34.38:38211], old=null
2019-10-16 21:53:03,481 [5c3956af-60d3-411f-8c98-c7ed3576de5c@group-EE856C9543A1-LeaderElection99] INFO  impl.RaftServerImpl (RaftServerImpl.java:setRole(184)) - 5c3956af-60d3-411f-8c98-c7ed3576de5c@group-EE856C9543A1: changes role from CANDIDATE to FOLLOWER at term 100 for DISCOVERED_A_NEW_TERM
2019-10-16 21:53:03,481 [5c3956af-60d3-411f-8c98-c7ed3576de5c@group-EE856C9543A1-LeaderElection99] INFO  impl.RoleInfo (RoleInfo.java:shutdownLeaderElection(134)) - 5c3956af-60d3-411f-8c98-c7ed3576de5c: shutdown LeaderElection
2019-10-16 21:53:03,481 [5c3956af-60d3-411f-8c98-c7ed3576de5c@group-EE856C9543A1-LeaderElection99] INFO  impl.RoleInfo (RoleInfo.java:updateAndGet(143)) - 5c3956af-60d3-411f-8c98-c7ed3576de5c: start FollowerState
2019-10-16 21:53:03,608 [Thread-905] INFO  impl.FollowerState (FollowerState.java:run(108)) - 5c3956af-60d3-411f-8c98-c7ed3576de5c@group-EE856C9543A1-FollowerState: change to CANDIDATE, lastRpcTime:127ms, electionTimeout:127ms
2019-10-16 21:53:03,608 [Thread-905] INFO  impl.RoleInfo (RoleInfo.java:shutdownFollowerState(121)) - 5c3956af-60d3-411f-8c98-c7ed3576de5c: shutdown FollowerState
2019-10-16 21:53:03,609 [Thread-905] INFO  impl.RaftServerImpl (RaftServerImpl.java:setRole(184)) - 5c3956af-60d3-411f-8c98-c7ed3576de5c@group-EE856C9543A1: changes role from  FOLLOWER to CANDIDATE at term 100 for changeToCandidate
2019-10-16 21:53:03,609 [Thread-905] INFO  impl.RoleInfo (RoleInfo.java:updateAndGet(143)) - 5c3956af-60d3-411f-8c98-c7ed3576de5c: start LeaderElection
2019-10-16 21:53:03,622 [5c3956af-60d3-411f-8c98-c7ed3576de5c@group-EE856C9543A1-LeaderElection100] INFO  impl.LeaderElection (LeaderElection.java:askForVotes(178)) - 5c3956af-60d3-411f-8c98-c7ed3576de5c@group-EE856C9543A1-LeaderElection100: begin an election at term 101 for -1: [5c3956af-60d3-411f-8c98-c7ed3576de5c:192.168.34.38:33787, efb933de-cdd8-4d8d-88d2-4c7ffe0dec1a:192.168.34.38:42459, 9d88716d-5d6b-4fd8-b832-a110dc45ee66:192.168.34.38:38211], old=null
2019-10-16 21:53:03,624 [grpc-default-executor-0] INFO  impl.RaftServerImpl (RaftServerImpl.java:setRole(184)) - 9d88716d-5d6b-4fd8-b832-a110dc45ee66@group-EE856C9543A1: changes role from  FOLLOWER to FOLLOWER at term 101 for recognizeCandidate:5c3956af-60d3-411f-8c98-c7ed3576de5c
2019-10-16 21:53:03,624 [grpc-default-executor-1] INFO  impl.RaftServerImpl (RaftServerImpl.java:setRole(184)) - efb933de-cdd8-4d8d-88d2-4c7ffe0dec1a@group-EE856C9543A1: changes role from  FOLLOWER to FOLLOWER at term 101 for recognizeCandidate:5c3956af-60d3-411f-8c98-c7ed3576de5c
2019-10-16 21:53:03,624 [grpc-default-executor-0] INFO  impl.RoleInfo (RoleInfo.java:shutdownFollowerState(121)) - 9d88716d-5d6b-4fd8-b832-a110dc45ee66: shutdown FollowerState
2019-10-16 21:53:03,624 [grpc-default-executor-1] INFO  impl.RoleInfo (RoleInfo.java:shutdownFollowerState(121)) - efb933de-cdd8-4d8d-88d2-4c7ffe0dec1a: shutdown FollowerState
2019-10-16 21:53:03,624 [grpc-default-executor-0] INFO  impl.RoleInfo (RoleInfo.java:updateAndGet(143)) - 9d88716d-5d6b-4fd8-b832-a110dc45ee66: start FollowerState
2019-10-16 21:53:03,624 [Thread-903] INFO  impl.FollowerState (FollowerState.java:run(117)) - 9d88716d-5d6b-4fd8-b832-a110dc45ee66@group-EE856C9543A1-FollowerState was interrupted: java.lang.InterruptedException: sleep interrupted
2019-10-16 21:53:03,624 [grpc-default-executor-1] INFO  impl.RoleInfo (RoleInfo.java:updateAndGet(143)) - efb933de-cdd8-4d8d-88d2-4c7ffe0dec1a: start FollowerState
2019-10-16 21:53:03,624 [Thread-904] INFO  impl.FollowerState (FollowerState.java:run(117)) - efb933de-cdd8-4d8d-88d2-4c7ffe0dec1a@group-EE856C9543A1-FollowerState was interrupted: java.lang.InterruptedException: sleep interrupted
2019-10-16 21:53:03,644 [5c3956af-60d3-411f-8c98-c7ed3576de5c@group-EE856C9543A1-LeaderElection100] INFO  impl.LeaderElection (LeaderElection.java:logAndReturn(56)) - 5c3956af-60d3-411f-8c98-c7ed3576de5c@group-EE856C9543A1-LeaderElection100: Election REJECTED; received 2 response(s) [5c3956af-60d3-411f-8c98-c7ed3576de5c<-efb933de-cdd8-4d8d-88d2-4c7ffe0dec1a#0:FAIL-t101, 5c3956af-60d3-411f-8c98-c7ed3576de5c<-9d88716d-5d6b-4fd8-b832-a110dc45ee66#0:FAIL-t101] and 0 exception(s); 5c3956af-60d3-411f-8c98-c7ed3576de5c@group-EE856C9543A1:t101, leader=null, voted=5c3956af-60d3-411f-8c98-c7ed3576de5c, raftlog=5c3956af-60d3-411f-8c98-c7ed3576de5c@group-EE856C9543A1-SegmentedRaftLog:OPENED:c-1,f-1,i0, conf=-1: [5c3956af-60d3-411f-8c98-c7ed3576de5c:192.168.34.38:33787, efb933de-cdd8-4d8d-88d2-4c7ffe0dec1a:192.168.34.38:42459, 9d88716d-5d6b-4fd8-b832-a110dc45ee66:192.168.34.38:38211], old=null
2019-10-16 21:53:03,644 [5c3956af-60d3-411f-8c98-c7ed3576de5c@group-EE856C9543A1-LeaderElection100] INFO  impl.RaftServerImpl (RaftServerImpl.java:setRole(184)) - 5c3956af-60d3-411f-8c98-c7ed3576de5c@group-EE856C9543A1: changes role from CANDIDATE to FOLLOWER at term 101 for DISCOVERED_A_NEW_TERM
2019-10-16 21:53:03,644 [5c3956af-60d3-411f-8c98-c7ed3576de5c@group-EE856C9543A1-LeaderElection100] INFO  impl.RoleInfo (RoleInfo.java:shutdownLeaderElection(134)) - 5c3956af-60d3-411f-8c98-c7ed3576de5c: shutdown LeaderElection
2019-10-16 21:53:03,644 [5c3956af-60d3-411f-8c98-c7ed3576de5c@group-EE856C9543A1-LeaderElection100] INFO  impl.RoleInfo (RoleInfo.java:updateAndGet(143)) - 5c3956af-60d3-411f-8c98-c7ed3576de5c: start FollowerState
2019-10-16 21:53:03,816 [Thread-911] INFO  impl.FollowerState (FollowerState.java:run(108)) - 5c3956af-60d3-411f-8c98-c7ed3576de5c@group-EE856C9543A1-FollowerState: change to CANDIDATE, lastRpcTime:171ms, electionTimeout:171ms
2019-10-16 21:53:03,816 [Thread-911] INFO  impl.RoleInfo (RoleInfo.java:shutdownFollowerState(121)) - 5c3956af-60d3-411f-8c98-c7ed3576de5c: shutdown FollowerState
2019-10-16 21:53:03,816 [Thread-911] INFO  impl.RaftServerImpl (RaftServerImpl.java:setRole(184)) - 5c3956af-60d3-411f-8c98-c7ed3576de5c@group-EE856C9543A1: changes role from  FOLLOWER to CANDIDATE at term 101 for changeToCandidate
2019-10-16 21:53:03,816 [Thread-911] INFO  impl.RoleInfo (RoleInfo.java:updateAndGet(143)) - 5c3956af-60d3-411f-8c98-c7ed3576de5c: start LeaderElection
2019-10-16 21:53:03,843 [5c3956af-60d3-411f-8c98-c7ed3576de5c@group-EE856C9543A1-LeaderElection101] INFO  impl.LeaderElection (LeaderElection.java:askForVotes(178)) - 5c3956af-60d3-411f-8c98-c7ed3576de5c@group-EE856C9543A1-LeaderElection101: begin an election at term 102 for -1: [5c3956af-60d3-411f-8c98-c7ed3576de5c:192.168.34.38:33787, efb933de-cdd8-4d8d-88d2-4c7ffe0dec1a:192.168.34.38:42459, 9d88716d-5d6b-4fd8-b832-a110dc45ee66:192.168.34.38:38211], old=null
2019-10-16 21:53:03,849 [grpc-default-executor-1] INFO  impl.RaftServerImpl (RaftServerImpl.java:setRole(184)) - 9d88716d-5d6b-4fd8-b832-a110dc45ee66@group-EE856C9543A1: changes role from  FOLLOWER to FOLLOWER at term 102 for recognizeCandidate:5c3956af-60d3-411f-8c98-c7ed3576de5c
2019-10-16 21:53:03,849 [grpc-default-executor-0] INFO  impl.RaftServerImpl (RaftServerImpl.java:setRole(184)) - efb933de-cdd8-4d8d-88d2-4c7ffe0dec1a@group-EE856C9543A1: changes role from  FOLLOWER to FOLLOWER at term 102 for recognizeCandidate:5c3956af-60d3-411f-8c98-c7ed3576de5c
2019-10-16 21:53:03,849 [grpc-default-executor-1] INFO  impl.RoleInfo (RoleInfo.java:shutdownFollowerState(121)) - 9d88716d-5d6b-4fd8-b832-a110dc45ee66: shutdown FollowerState
2019-10-16 21:53:03,850 [grpc-default-executor-0] INFO  impl.RoleInfo (RoleInfo.java:shutdownFollowerState(121)) - efb933de-cdd8-4d8d-88d2-4c7ffe0dec1a: shutdown FollowerState
2019-10-16 21:53:03,850 [grpc-default-executor-1] INFO  impl.RoleInfo (RoleInfo.java:updateAndGet(143)) - 9d88716d-5d6b-4fd8-b832-a110dc45ee66: start FollowerState
2019-10-16 21:53:03,850 [Thread-909] INFO  impl.FollowerState (FollowerState.java:run(117)) - 9d88716d-5d6b-4fd8-b832-a110dc45ee66@group-EE856C9543A1-FollowerState was interrupted: java.lang.InterruptedException: sleep interrupted
2019-10-16 21:53:03,850 [grpc-default-executor-0] INFO  impl.RoleInfo (RoleInfo.java:updateAndGet(143)) - efb933de-cdd8-4d8d-88d2-4c7ffe0dec1a: start FollowerState
2019-10-16 21:53:03,850 [Thread-910] INFO  impl.FollowerState (FollowerState.java:run(117)) - efb933de-cdd8-4d8d-88d2-4c7ffe0dec1a@group-EE856C9543A1-FollowerState was interrupted: java.lang.InterruptedException: sleep interrupted
2019-10-16 21:53:03,869 [5c3956af-60d3-411f-8c98-c7ed3576de5c@group-EE856C9543A1-LeaderElection101] INFO  impl.LeaderElection (LeaderElection.java:logAndReturn(56)) - 5c3956af-60d3-411f-8c98-c7ed3576de5c@group-EE856C9543A1-LeaderElection101: Election TIMEOUT; received 0 response(s) [] and 0 exception(s); 5c3956af-60d3-411f-8c98-c7ed3576de5c@group-EE856C9543A1:t102, leader=null, voted=5c3956af-60d3-411f-8c98-c7ed3576de5c, raftlog=5c3956af-60d3-411f-8c98-c7ed3576de5c@group-EE856C9543A1-SegmentedRaftLog:OPENED:c-1,f-1,i0, conf=-1: [5c3956af-60d3-411f-8c98-c7ed3576de5c:192.168.34.38:33787, efb933de-cdd8-4d8d-88d2-4c7ffe0dec1a:192.168.34.38:42459, 9d88716d-5d6b-4fd8-b832-a110dc45ee66:192.168.34.38:38211], old=null
2019-10-16 21:53:03,882 [5c3956af-60d3-411f-8c98-c7ed3576de5c@group-EE856C9543A1-LeaderElection101] INFO  impl.LeaderElection (LeaderElection.java:askForVotes(178)) - 5c3956af-60d3-411f-8c98-c7ed3576de5c@group-EE856C9543A1-LeaderElection101: begin an election at term 103 for -1: [5c3956af-60d3-411f-8c98-c7ed3576de5c:192.168.34.38:33787, efb933de-cdd8-4d8d-88d2-4c7ffe0dec1a:192.168.34.38:42459, 9d88716d-5d6b-4fd8-b832-a110dc45ee66:192.168.34.38:38211], old=null
2019-10-16 21:53:03,885 [grpc-default-executor-0] INFO  impl.RaftServerImpl (RaftServerImpl.java:setRole(184)) - 9d88716d-5d6b-4fd8-b832-a110dc45ee66@group-EE856C9543A1: changes role from  FOLLOWER to FOLLOWER at term 103 for recognizeCandidate:5c3956af-60d3-411f-8c98-c7ed3576de5c
2019-10-16 21:53:03,885 [grpc-default-executor-1] INFO  impl.RaftServerImpl (RaftServerImpl.java:setRole(184)) - efb933de-cdd8-4d8d-88d2-4c7ffe0dec1a@group-EE856C9543A1: changes role from  FOLLOWER to FOLLOWER at term 103 for recognizeCandidate:5c3956af-60d3-411f-8c98-c7ed3576de5c
2019-10-16 21:53:03,885 [grpc-default-executor-0] INFO  impl.RoleInfo (RoleInfo.java:shutdownFollowerState(121)) - 9d88716d-5d6b-4fd8-b832-a110dc45ee66: shutdown FollowerState
2019-10-16 21:53:03,885 [grpc-default-executor-1] INFO  impl.RoleInfo (RoleInfo.java:shutdownFollowerState(121)) - efb933de-cdd8-4d8d-88d2-4c7ffe0dec1a: shutdown FollowerState
2019-10-16 21:53:03,885 [Thread-915] INFO  impl.FollowerState (FollowerState.java:run(117)) - 9d88716d-5d6b-4fd8-b832-a110dc45ee66@group-EE856C9543A1-FollowerState was interrupted: java.lang.InterruptedException: sleep interrupted
2019-10-16 21:53:03,885 [grpc-default-executor-0] INFO  impl.RoleInfo (RoleInfo.java:updateAndGet(143)) - 9d88716d-5d6b-4fd8-b832-a110dc45ee66: start FollowerState
2019-10-16 21:53:03,885 [Thread-916] INFO  impl.FollowerState (FollowerState.java:run(117)) - efb933de-cdd8-4d8d-88d2-4c7ffe0dec1a@group-EE856C9543A1-FollowerState was interrupted: java.lang.InterruptedException: sleep interrupted
2019-10-16 21:53:03,885 [grpc-default-executor-1] INFO  impl.RoleInfo (RoleInfo.java:updateAndGet(143)) - efb933de-cdd8-4d8d-88d2-4c7ffe0dec1a: start FollowerState
2019-10-16 21:53:03,913 [5c3956af-60d3-411f-8c98-c7ed3576de5c@group-EE856C9543A1-LeaderElection101] INFO  impl.LeaderElection (LeaderElection.java:logAndReturn(56)) - 5c3956af-60d3-411f-8c98-c7ed3576de5c@group-EE856C9543A1-LeaderElection101: Election REJECTED; received 2 response(s) [5c3956af-60d3-411f-8c98-c7ed3576de5c<-efb933de-cdd8-4d8d-88d2-4c7ffe0dec1a#0:FAIL-t103, 5c3956af-60d3-411f-8c98-c7ed3576de5c<-9d88716d-5d6b-4fd8-b832-a110dc45ee66#0:FAIL-t103] and 0 exception(s); 5c3956af-60d3-411f-8c98-c7ed3576de5c@group-EE856C9543A1:t103, leader=null, voted=5c3956af-60d3-411f-8c98-c7ed3576de5c, raftlog=5c3956af-60d3-411f-8c98-c7ed3576de5c@group-EE856C9543A1-SegmentedRaftLog:OPENED:c-1,f-1,i0, conf=-1: [5c3956af-60d3-411f-8c98-c7ed3576de5c:192.168.34.38:33787, efb933de-cdd8-4d8d-88d2-4c7ffe0dec1a:192.168.34.38:42459, 9d88716d-5d6b-4fd8-b832-a110dc45ee66:192.168.34.38:38211], old=null
2019-10-16 21:53:03,913 [5c3956af-60d3-411f-8c98-c7ed3576de5c@group-EE856C9543A1-LeaderElection101] INFO  impl.RaftServerImpl (RaftServerImpl.java:setRole(184)) - 5c3956af-60d3-411f-8c98-c7ed3576de5c@group-EE856C9543A1: changes role from CANDIDATE to FOLLOWER at term 103 for DISCOVERED_A_NEW_TERM
2019-10-16 21:53:03,913 [5c3956af-60d3-411f-8c98-c7ed3576de5c@group-EE856C9543A1-LeaderElection101] INFO  impl.RoleInfo (RoleInfo.java:shutdownLeaderElection(134)) - 5c3956af-60d3-411f-8c98-c7ed3576de5c: shutdown LeaderElection
2019-10-16 21:53:03,913 [5c3956af-60d3-411f-8c98-c7ed3576de5c@group-EE856C9543A1-LeaderElection101] INFO  impl.RoleInfo (RoleInfo.java:updateAndGet(143)) - 5c3956af-60d3-411f-8c98-c7ed3576de5c: start FollowerState
2019-10-16 21:53:04,090 [Thread-921] INFO  impl.FollowerState (FollowerState.java:run(108)) - 5c3956af-60d3-411f-8c98-c7ed3576de5c@group-EE856C9543A1-FollowerState: change to CANDIDATE, lastRpcTime:177ms, electionTimeout:177ms
2019-10-16 21:53:04,091 [Thread-921] INFO  impl.RoleInfo (RoleInfo.java:shutdownFollowerState(121)) - 5c3956af-60d3-411f-8c98-c7ed3576de5c: shutdown FollowerState
2019-10-16 21:53:04,091 [Thread-921] INFO  impl.RaftServerImpl (RaftServerImpl.java:setRole(184)) - 5c3956af-60d3-411f-8c98-c7ed3576de5c@group-EE856C9543A1: changes role from  FOLLOWER to CANDIDATE at term 103 for changeToCandidate
2019-10-16 21:53:04,091 [Thread-921] INFO  impl.RoleInfo (RoleInfo.java:updateAndGet(143)) - 5c3956af-60d3-411f-8c98-c7ed3576de5c: start LeaderElection
2019-10-16 21:53:04,112 [5c3956af-60d3-411f-8c98-c7ed3576de5c@group-EE856C9543A1-LeaderElection102] INFO  impl.LeaderElection (LeaderElection.java:askForVotes(178)) - 5c3956af-60d3-411f-8c98-c7ed3576de5c@group-EE856C9543A1-LeaderElection102: begin an election at term 104 for -1: [5c3956af-60d3-411f-8c98-c7ed3576de5c:192.168.34.38:33787, efb933de-cdd8-4d8d-88d2-4c7ffe0dec1a:192.168.34.38:42459, 9d88716d-5d6b-4fd8-b832-a110dc45ee66:192.168.34.38:38211], old=null
2019-10-16 21:53:04,115 [grpc-default-executor-0] INFO  impl.RaftServerImpl (RaftServerImpl.java:setRole(184)) - 9d88716d-5d6b-4fd8-b832-a110dc45ee66@group-EE856C9543A1: changes role from  FOLLOWER to FOLLOWER at term 104 for recognizeCandidate:5c3956af-60d3-411f-8c98-c7ed3576de5c
2019-10-16 21:53:04,115 [grpc-default-executor-1] INFO  impl.RaftServerImpl (RaftServerImpl.java:setRole(184)) - efb933de-cdd8-4d8d-88d2-4c7ffe0dec1a@group-EE856C9543A1: changes role from  FOLLOWER to FOLLOWER at term 104 for recognizeCandidate:5c3956af-60d3-411f-8c98-c7ed3576de5c
2019-10-16 21:53:04,115 [grpc-default-executor-0] INFO  impl.RoleInfo (RoleInfo.java:shutdownFollowerState(121)) - 9d88716d-5d6b-4fd8-b832-a110dc45ee66: shutdown FollowerState
2019-10-16 21:53:04,115 [grpc-default-executor-1] INFO  impl.RoleInfo (RoleInfo.java:shutdownFollowerState(121)) - efb933de-cdd8-4d8d-88d2-4c7ffe0dec1a: shutdown FollowerState
2019-10-16 21:53:04,116 [Thread-919] INFO  impl.FollowerState (FollowerState.java:run(117)) - 9d88716d-5d6b-4fd8-b832-a110dc45ee66@group-EE856C9543A1-FollowerState was interrupted: java.lang.InterruptedException: sleep interrupted
2019-10-16 21:53:04,116 [Thread-920] INFO  impl.FollowerState (FollowerState.java:run(117)) - efb933de-cdd8-4d8d-88d2-4c7ffe0dec1a@group-EE856C9543A1-FollowerState was interrupted: java.lang.InterruptedException: sleep interrupted
2019-10-16 21:53:04,116 [grpc-default-executor-0] INFO  impl.RoleInfo (RoleInfo.java:updateAndGet(143)) - 9d88716d-5d6b-4fd8-b832-a110dc45ee66: start FollowerState
2019-10-16 21:53:04,116 [grpc-default-executor-1] INFO  impl.RoleInfo (RoleInfo.java:updateAndGet(143)) - efb933de-cdd8-4d8d-88d2-4c7ffe0dec1a: start FollowerState
2019-10-16 21:53:04,131 [5c3956af-60d3-411f-8c98-c7ed3576de5c@group-EE856C9543A1-LeaderElection102] INFO  impl.LeaderElection (LeaderElection.java:logAndReturn(56)) - 5c3956af-60d3-411f-8c98-c7ed3576de5c@group-EE856C9543A1-LeaderElection102: Election REJECTED; received 2 response(s) [5c3956af-60d3-411f-8c98-c7ed3576de5c<-efb933de-cdd8-4d8d-88d2-4c7ffe0dec1a#0:FAIL-t104, 5c3956af-60d3-411f-8c98-c7ed3576de5c<-9d88716d-5d6b-4fd8-b832-a110dc45ee66#0:FAIL-t104] and 0 exception(s); 5c3956af-60d3-411f-8c98-c7ed3576de5c@group-EE856C9543A1:t104, leader=null, voted=5c3956af-60d3-411f-8c98-c7ed3576de5c, raftlog=5c3956af-60d3-411f-8c98-c7ed3576de5c@group-EE856C9543A1-SegmentedRaftLog:OPENED:c-1,f-1,i0, conf=-1: [5c3956af-60d3-411f-8c98-c7ed3576de5c:192.168.34.38:33787, efb933de-cdd8-4d8d-88d2-4c7ffe0dec1a:192.168.34.38:42459, 9d88716d-5d6b-4fd8-b832-a110dc45ee66:192.168.34.38:38211], old=null
2019-10-16 21:53:04,131 [5c3956af-60d3-411f-8c98-c7ed3576de5c@group-EE856C9543A1-LeaderElection102] INFO  impl.RaftServerImpl (RaftServerImpl.java:setRole(184)) - 5c3956af-60d3-411f-8c98-c7ed3576de5c@group-EE856C9543A1: changes role from CANDIDATE to FOLLOWER at term 104 for DISCOVERED_A_NEW_TERM
2019-10-16 21:53:04,131 [5c3956af-60d3-411f-8c98-c7ed3576de5c@group-EE856C9543A1-LeaderElection102] INFO  impl.RoleInfo (RoleInfo.java:shutdownLeaderElection(134)) - 5c3956af-60d3-411f-8c98-c7ed3576de5c: shutdown LeaderElection
2019-10-16 21:53:04,131 [5c3956af-60d3-411f-8c98-c7ed3576de5c@group-EE856C9543A1-LeaderElection102] INFO  impl.RoleInfo (RoleInfo.java:updateAndGet(143)) - 5c3956af-60d3-411f-8c98-c7ed3576de5c: start FollowerState
2019-10-16 21:53:04,175 [Thread-927] INFO  impl.FollowerState (FollowerState.java:run(108)) - 5c3956af-60d3-411f-8c98-c7ed3576de5c@group-EE856C9543A1-FollowerState: change to CANDIDATE, lastRpcTime:43ms, electionTimeout:43ms
2019-10-16 21:53:04,175 [Thread-927] INFO  impl.RoleInfo (RoleInfo.java:shutdownFollowerState(121)) - 5c3956af-60d3-411f-8c98-c7ed3576de5c: shutdown FollowerState
2019-10-16 21:53:04,175 [Thread-927] INFO  impl.RaftServerImpl (RaftServerImpl.java:setRole(184)) - 5c3956af-60d3-411f-8c98-c7ed3576de5c@group-EE856C9543A1: changes role from  FOLLOWER to CANDIDATE at term 104 for changeToCandidate
2019-10-16 21:53:04,175 [Thread-927] INFO  impl.RoleInfo (RoleInfo.java:updateAndGet(143)) - 5c3956af-60d3-411f-8c98-c7ed3576de5c: start LeaderElection
2019-10-16 21:53:04,195 [5c3956af-60d3-411f-8c98-c7ed3576de5c@group-EE856C9543A1-LeaderElection103] INFO  impl.LeaderElection (LeaderElection.java:askForVotes(178)) - 5c3956af-60d3-411f-8c98-c7ed3576de5c@group-EE856C9543A1-LeaderElection103: begin an election at term 105 for -1: [5c3956af-60d3-411f-8c98-c7ed3576de5c:192.168.34.38:33787, efb933de-cdd8-4d8d-88d2-4c7ffe0dec1a:192.168.34.38:42459, 9d88716d-5d6b-4fd8-b832-a110dc45ee66:192.168.34.38:38211], old=null
2019-10-16 21:53:04,198 [grpc-default-executor-1] INFO  impl.RaftServerImpl (RaftServerImpl.java:setRole(184)) - 9d88716d-5d6b-4fd8-b832-a110dc45ee66@group-EE856C9543A1: changes role from  FOLLOWER to FOLLOWER at term 105 for recognizeCandidate:5c3956af-60d3-411f-8c98-c7ed3576de5c
2019-10-16 21:53:04,198 [grpc-default-executor-0] INFO  impl.RaftServerImpl (RaftServerImpl.java:setRole(184)) - efb933de-cdd8-4d8d-88d2-4c7ffe0dec1a@group-EE856C9543A1: changes role from  FOLLOWER to FOLLOWER at term 105 for recognizeCandidate:5c3956af-60d3-411f-8c98-c7ed3576de5c
2019-10-16 21:53:04,198 [grpc-default-executor-1] INFO  impl.RoleInfo (RoleInfo.java:shutdownFollowerState(121)) - 9d88716d-5d6b-4fd8-b832-a110dc45ee66: shutdown FollowerState
2019-10-16 21:53:04,199 [grpc-default-executor-0] INFO  impl.RoleInfo (RoleInfo.java:shutdownFollowerState(121)) - efb933de-cdd8-4d8d-88d2-4c7ffe0dec1a: shutdown FollowerState
2019-10-16 21:53:04,199 [Thread-925] INFO  impl.FollowerState (FollowerState.java:run(117)) - 9d88716d-5d6b-4fd8-b832-a110dc45ee66@group-EE856C9543A1-FollowerState was interrupted: java.lang.InterruptedException: sleep interrupted
2019-10-16 21:53:04,199 [grpc-default-executor-1] INFO  impl.RoleInfo (RoleInfo.java:updateAndGet(143)) - 9d88716d-5d6b-4fd8-b832-a110dc45ee66: start FollowerState
2019-10-16 21:53:04,199 [grpc-default-executor-0] INFO  impl.RoleInfo (RoleInfo.java:updateAndGet(143)) - efb933de-cdd8-4d8d-88d2-4c7ffe0dec1a: start FollowerState
2019-10-16 21:53:04,199 [Thread-926] INFO  impl.FollowerState (FollowerState.java:run(117)) - efb933de-cdd8-4d8d-88d2-4c7ffe0dec1a@group-EE856C9543A1-FollowerState was interrupted: java.lang.InterruptedException: sleep interrupted
2019-10-16 21:53:04,214 [5c3956af-60d3-411f-8c98-c7ed3576de5c@group-EE856C9543A1-LeaderElection103] INFO  impl.LeaderElection (LeaderElection.java:logAndReturn(56)) - 5c3956af-60d3-411f-8c98-c7ed3576de5c@group-EE856C9543A1-LeaderElection103: Election REJECTED; received 2 response(s) [5c3956af-60d3-411f-8c98-c7ed3576de5c<-efb933de-cdd8-4d8d-88d2-4c7ffe0dec1a#0:FAIL-t105, 5c3956af-60d3-411f-8c98-c7ed3576de5c<-9d88716d-5d6b-4fd8-b832-a110dc45ee66#0:FAIL-t105] and 0 exception(s); 5c3956af-60d3-411f-8c98-c7ed3576de5c@group-EE856C9543A1:t105, leader=null, voted=5c3956af-60d3-411f-8c98-c7ed3576de5c, raftlog=5c3956af-60d3-411f-8c98-c7ed3576de5c@group-EE856C9543A1-SegmentedRaftLog:OPENED:c-1,f-1,i0, conf=-1: [5c3956af-60d3-411f-8c98-c7ed3576de5c:192.168.34.38:33787, efb933de-cdd8-4d8d-88d2-4c7ffe0dec1a:192.168.34.38:42459, 9d88716d-5d6b-4fd8-b832-a110dc45ee66:192.168.34.38:38211], old=null
2019-10-16 21:53:04,214 [5c3956af-60d3-411f-8c98-c7ed3576de5c@group-EE856C9543A1-LeaderElection103] INFO  impl.RaftServerImpl (RaftServerImpl.java:setRole(184)) - 5c3956af-60d3-411f-8c98-c7ed3576de5c@group-EE856C9543A1: changes role from CANDIDATE to FOLLOWER at term 105 for DISCOVERED_A_NEW_TERM
2019-10-16 21:53:04,214 [5c3956af-60d3-411f-8c98-c7ed3576de5c@group-EE856C9543A1-LeaderElection103] INFO  impl.RoleInfo (RoleInfo.java:shutdownLeaderElection(134)) - 5c3956af-60d3-411f-8c98-c7ed3576de5c: shutdown LeaderElection
2019-10-16 21:53:04,215 [5c3956af-60d3-411f-8c98-c7ed3576de5c@group-EE856C9543A1-LeaderElection103] INFO  impl.RoleInfo (RoleInfo.java:updateAndGet(143)) - 5c3956af-60d3-411f-8c98-c7ed3576de5c: start FollowerState
2019-10-16 21:53:04,321 [Thread-933] INFO  impl.FollowerState (FollowerState.java:run(108)) - 5c3956af-60d3-411f-8c98-c7ed3576de5c@group-EE856C9543A1-FollowerState: change to CANDIDATE, lastRpcTime:106ms, electionTimeout:106ms
2019-10-16 21:53:04,321 [Thread-933] INFO  impl.RoleInfo (RoleInfo.java:shutdownFollowerState(121)) - 5c3956af-60d3-411f-8c98-c7ed3576de5c: shutdown FollowerState
2019-10-16 21:53:04,321 [Thread-933] INFO  impl.RaftServerImpl (RaftServerImpl.java:setRole(184)) - 5c3956af-60d3-411f-8c98-c7ed3576de5c@group-EE856C9543A1: changes role from  FOLLOWER to CANDIDATE at term 105 for changeToCandidate
2019-10-16 21:53:04,322 [Thread-933] INFO  impl.RoleInfo (RoleInfo.java:updateAndGet(143)) - 5c3956af-60d3-411f-8c98-c7ed3576de5c: start LeaderElection
2019-10-16 21:53:04,335 [5c3956af-60d3-411f-8c98-c7ed3576de5c@group-EE856C9543A1-LeaderElection104] INFO  impl.LeaderElection (LeaderElection.java:askForVotes(178)) - 5c3956af-60d3-411f-8c98-c7ed3576de5c@group-EE856C9543A1-LeaderElection104: begin an election at term 106 for -1: [5c3956af-60d3-411f-8c98-c7ed3576de5c:192.168.34.38:33787, efb933de-cdd8-4d8d-88d2-4c7ffe0dec1a:192.168.34.38:42459, 9d88716d-5d6b-4fd8-b832-a110dc45ee66:192.168.34.38:38211], old=null
2019-10-16 21:53:04,338 [grpc-default-executor-1] INFO  impl.RaftServerImpl (RaftServerImpl.java:setRole(184)) - 9d88716d-5d6b-4fd8-b832-a110dc45ee66@group-EE856C9543A1: changes role from  FOLLOWER to FOLLOWER at term 106 for recognizeCandidate:5c3956af-60d3-411f-8c98-c7ed3576de5c
2019-10-16 21:53:04,339 [grpc-default-executor-1] INFO  impl.RoleInfo (RoleInfo.java:shutdownFollowerState(121)) - 9d88716d-5d6b-4fd8-b832-a110dc45ee66: shutdown FollowerState
2019-10-16 21:53:04,339 [grpc-default-executor-0] INFO  impl.RaftServerImpl (RaftServerImpl.java:setRole(184)) - efb933de-cdd8-4d8d-88d2-4c7ffe0dec1a@group-EE856C9543A1: changes role from  FOLLOWER to FOLLOWER at term 106 for recognizeCandidate:5c3956af-60d3-411f-8c98-c7ed3576de5c
2019-10-16 21:53:04,339 [Thread-931] INFO  impl.FollowerState (FollowerState.java:run(117)) - 9d88716d-5d6b-4fd8-b832-a110dc45ee66@group-EE856C9543A1-FollowerState was interrupted: java.lang.InterruptedException: sleep interrupted
2019-10-16 21:53:04,339 [grpc-default-executor-1] INFO  impl.RoleInfo (RoleInfo.java:updateAndGet(143)) - 9d88716d-5d6b-4fd8-b832-a110dc45ee66: start FollowerState
2019-10-16 21:53:04,339 [grpc-default-executor-0] INFO  impl.RoleInfo (RoleInfo.java:shutdownFollowerState(121)) - efb933de-cdd8-4d8d-88d2-4c7ffe0dec1a: shutdown FollowerState
2019-10-16 21:53:04,339 [grpc-default-executor-0] INFO  impl.RoleInfo (RoleInfo.java:updateAndGet(143)) - efb933de-cdd8-4d8d-88d2-4c7ffe0dec1a: start FollowerState
2019-10-16 21:53:04,339 [Thread-932] INFO  impl.FollowerState (FollowerState.java:run(117)) - efb933de-cdd8-4d8d-88d2-4c7ffe0dec1a@group-EE856C9543A1-FollowerState was interrupted: java.lang.InterruptedException: sleep interrupted
2019-10-16 21:53:04,354 [5c3956af-60d3-411f-8c98-c7ed3576de5c@group-EE856C9543A1-LeaderElection104] INFO  impl.LeaderElection (LeaderElection.java:logAndReturn(56)) - 5c3956af-60d3-411f-8c98-c7ed3576de5c@group-EE856C9543A1-LeaderElection104: Election REJECTED; received 2 response(s) [5c3956af-60d3-411f-8c98-c7ed3576de5c<-efb933de-cdd8-4d8d-88d2-4c7ffe0dec1a#0:FAIL-t106, 5c3956af-60d3-411f-8c98-c7ed3576de5c<-9d88716d-5d6b-4fd8-b832-a110dc45ee66#0:FAIL-t106] and 0 exception(s); 5c3956af-60d3-411f-8c98-c7ed3576de5c@group-EE856C9543A1:t106, leader=null, voted=5c3956af-60d3-411f-8c98-c7ed3576de5c, raftlog=5c3956af-60d3-411f-8c98-c7ed3576de5c@group-EE856C9543A1-SegmentedRaftLog:OPENED:c-1,f-1,i0, conf=-1: [5c3956af-60d3-411f-8c98-c7ed3576de5c:192.168.34.38:33787, efb933de-cdd8-4d8d-88d2-4c7ffe0dec1a:192.168.34.38:42459, 9d88716d-5d6b-4fd8-b832-a110dc45ee66:192.168.34.38:38211], old=null
2019-10-16 21:53:04,354 [5c3956af-60d3-411f-8c98-c7ed3576de5c@group-EE856C9543A1-LeaderElection104] INFO  impl.RaftServerImpl (RaftServerImpl.java:setRole(184)) - 5c3956af-60d3-411f-8c98-c7ed3576de5c@group-EE856C9543A1: changes role from CANDIDATE to FOLLOWER at term 106 for DISCOVERED_A_NEW_TERM
2019-10-16 21:53:04,354 [5c3956af-60d3-411f-8c98-c7ed3576de5c@group-EE856C9543A1-LeaderElection104] INFO  impl.RoleInfo (RoleInfo.java:shutdownLeaderElection(134)) - 5c3956af-60d3-411f-8c98-c7ed3576de5c: shutdown LeaderElection
2019-10-16 21:53:04,354 [5c3956af-60d3-411f-8c98-c7ed3576de5c@group-EE856C9543A1-LeaderElection104] INFO  impl.RoleInfo (RoleInfo.java:updateAndGet(143)) - 5c3956af-60d3-411f-8c98-c7ed3576de5c: start FollowerState
2019-10-16 21:53:04,401 [JUnit] INFO  ozone.MiniOzoneClusterImpl (MiniOzoneClusterImpl.java:lambda$waitForClusterToBeReady$2(164)) - Waiting for 1 number of pipelines out of 6, to report a leader.
2019-10-16 21:53:04,435 [Thread-939] INFO  impl.FollowerState (FollowerState.java:run(108)) - 5c3956af-60d3-411f-8c98-c7ed3576de5c@group-EE856C9543A1-FollowerState: change to CANDIDATE, lastRpcTime:81ms, electionTimeout:81ms
2019-10-16 21:53:04,436 [Thread-939] INFO  impl.RoleInfo (RoleInfo.java:shutdownFollowerState(121)) - 5c3956af-60d3-411f-8c98-c7ed3576de5c: shutdown FollowerState
2019-10-16 21:53:04,436 [Thread-939] INFO  impl.RaftServerImpl (RaftServerImpl.java:setRole(184)) - 5c3956af-60d3-411f-8c98-c7ed3576de5c@group-EE856C9543A1: changes role from  FOLLOWER to CANDIDATE at term 106 for changeToCandidate
2019-10-16 21:53:04,436 [Thread-939] INFO  impl.RoleInfo (RoleInfo.java:updateAndGet(143)) - 5c3956af-60d3-411f-8c98-c7ed3576de5c: start LeaderElection
2019-10-16 21:53:04,449 [5c3956af-60d3-411f-8c98-c7ed3576de5c@group-EE856C9543A1-LeaderElection105] INFO  impl.LeaderElection (LeaderElection.java:askForVotes(178)) - 5c3956af-60d3-411f-8c98-c7ed3576de5c@group-EE856C9543A1-LeaderElection105: begin an election at term 107 for -1: [5c3956af-60d3-411f-8c98-c7ed3576de5c:192.168.34.38:33787, efb933de-cdd8-4d8d-88d2-4c7ffe0dec1a:192.168.34.38:42459, 9d88716d-5d6b-4fd8-b832-a110dc45ee66:192.168.34.38:38211], old=null
2019-10-16 21:53:04,452 [grpc-default-executor-1] INFO  impl.RaftServerImpl (RaftServerImpl.java:setRole(184)) - efb933de-cdd8-4d8d-88d2-4c7ffe0dec1a@group-EE856C9543A1: changes role from  FOLLOWER to FOLLOWER at term 107 for recognizeCandidate:5c3956af-60d3-411f-8c98-c7ed3576de5c
2019-10-16 21:53:04,452 [grpc-default-executor-1] INFO  impl.RoleInfo (RoleInfo.java:shutdownFollowerState(121)) - efb933de-cdd8-4d8d-88d2-4c7ffe0dec1a: shutdown FollowerState
2019-10-16 21:53:04,452 [grpc-default-executor-0] INFO  impl.RaftServerImpl (RaftServerImpl.java:setRole(184)) - 9d88716d-5d6b-4fd8-b832-a110dc45ee66@group-EE856C9543A1: changes role from  FOLLOWER to FOLLOWER at term 107 for recognizeCandidate:5c3956af-60d3-411f-8c98-c7ed3576de5c
2019-10-16 21:53:04,452 [Thread-938] INFO  impl.FollowerState (FollowerState.java:run(117)) - efb933de-cdd8-4d8d-88d2-4c7ffe0dec1a@group-EE856C9543A1-FollowerState was interrupted: java.lang.InterruptedException: sleep interrupted
2019-10-16 21:53:04,452 [grpc-default-executor-1] INFO  impl.RoleInfo (RoleInfo.java:updateAndGet(143)) - efb933de-cdd8-4d8d-88d2-4c7ffe0dec1a: start FollowerState
2019-10-16 21:53:04,453 [grpc-default-executor-0] INFO  impl.RoleInfo (RoleInfo.java:shutdownFollowerState(121)) - 9d88716d-5d6b-4fd8-b832-a110dc45ee66: shutdown FollowerState
2019-10-16 21:53:04,453 [grpc-default-executor-0] INFO  impl.RoleInfo (RoleInfo.java:updateAndGet(143)) - 9d88716d-5d6b-4fd8-b832-a110dc45ee66: start FollowerState
2019-10-16 21:53:04,453 [Thread-937] INFO  impl.FollowerState (FollowerState.java:run(117)) - 9d88716d-5d6b-4fd8-b832-a110dc45ee66@group-EE856C9543A1-FollowerState was interrupted: java.lang.InterruptedException: sleep interrupted
2019-10-16 21:53:04,473 [5c3956af-60d3-411f-8c98-c7ed3576de5c@group-EE856C9543A1-LeaderElection105] INFO  impl.LeaderElection (LeaderElection.java:logAndReturn(56)) - 5c3956af-60d3-411f-8c98-c7ed3576de5c@group-EE856C9543A1-LeaderElection105: Election REJECTED; received 2 response(s) [5c3956af-60d3-411f-8c98-c7ed3576de5c<-efb933de-cdd8-4d8d-88d2-4c7ffe0dec1a#0:FAIL-t107, 5c3956af-60d3-411f-8c98-c7ed3576de5c<-9d88716d-5d6b-4fd8-b832-a110dc45ee66#0:FAIL-t107] and 0 exception(s); 5c3956af-60d3-411f-8c98-c7ed3576de5c@group-EE856C9543A1:t107, leader=null, voted=5c3956af-60d3-411f-8c98-c7ed3576de5c, raftlog=5c3956af-60d3-411f-8c98-c7ed3576de5c@group-EE856C9543A1-SegmentedRaftLog:OPENED:c-1,f-1,i0, conf=-1: [5c3956af-60d3-411f-8c98-c7ed3576de5c:192.168.34.38:33787, efb933de-cdd8-4d8d-88d2-4c7ffe0dec1a:192.168.34.38:42459, 9d88716d-5d6b-4fd8-b832-a110dc45ee66:192.168.34.38:38211], old=null
2019-10-16 21:53:04,473 [5c3956af-60d3-411f-8c98-c7ed3576de5c@group-EE856C9543A1-LeaderElection105] INFO  impl.RaftServerImpl (RaftServerImpl.java:setRole(184)) - 5c3956af-60d3-411f-8c98-c7ed3576de5c@group-EE856C9543A1: changes role from CANDIDATE to FOLLOWER at term 107 for DISCOVERED_A_NEW_TERM
2019-10-16 21:53:04,473 [5c3956af-60d3-411f-8c98-c7ed3576de5c@group-EE856C9543A1-LeaderElection105] INFO  impl.RoleInfo (RoleInfo.java:shutdownLeaderElection(134)) - 5c3956af-60d3-411f-8c98-c7ed3576de5c: shutdown LeaderElection
2019-10-16 21:53:04,473 [5c3956af-60d3-411f-8c98-c7ed3576de5c@group-EE856C9543A1-LeaderElection105] INFO  impl.RoleInfo (RoleInfo.java:updateAndGet(143)) - 5c3956af-60d3-411f-8c98-c7ed3576de5c: start FollowerState
2019-10-16 21:53:04,496 [Thread-945] INFO  impl.FollowerState (FollowerState.java:run(108)) - 5c3956af-60d3-411f-8c98-c7ed3576de5c@group-EE856C9543A1-FollowerState: change to CANDIDATE, lastRpcTime:23ms, electionTimeout:23ms
2019-10-16 21:53:04,497 [Thread-945] INFO  impl.RoleInfo (RoleInfo.java:shutdownFollowerState(121)) - 5c3956af-60d3-411f-8c98-c7ed3576de5c: shutdown FollowerState
2019-10-16 21:53:04,497 [Thread-945] INFO  impl.RaftServerImpl (RaftServerImpl.java:setRole(184)) - 5c3956af-60d3-411f-8c98-c7ed3576de5c@group-EE856C9543A1: changes role from  FOLLOWER to CANDIDATE at term 107 for changeToCandidate
2019-10-16 21:53:04,497 [Thread-945] INFO  impl.RoleInfo (RoleInfo.java:updateAndGet(143)) - 5c3956af-60d3-411f-8c98-c7ed3576de5c: start LeaderElection
2019-10-16 21:53:04,510 [5c3956af-60d3-411f-8c98-c7ed3576de5c@group-EE856C9543A1-LeaderElection106] INFO  impl.LeaderElection (LeaderElection.java:askForVotes(178)) - 5c3956af-60d3-411f-8c98-c7ed3576de5c@group-EE856C9543A1-LeaderElection106: begin an election at term 108 for -1: [5c3956af-60d3-411f-8c98-c7ed3576de5c:192.168.34.38:33787, efb933de-cdd8-4d8d-88d2-4c7ffe0dec1a:192.168.34.38:42459, 9d88716d-5d6b-4fd8-b832-a110dc45ee66:192.168.34.38:38211], old=null
2019-10-16 21:53:04,513 [grpc-default-executor-0] INFO  impl.RaftServerImpl (RaftServerImpl.java:setRole(184)) - efb933de-cdd8-4d8d-88d2-4c7ffe0dec1a@group-EE856C9543A1: changes role from  FOLLOWER to FOLLOWER at term 108 for recognizeCandidate:5c3956af-60d3-411f-8c98-c7ed3576de5c
2019-10-16 21:53:04,513 [grpc-default-executor-1] INFO  impl.RaftServerImpl (RaftServerImpl.java:setRole(184)) - 9d88716d-5d6b-4fd8-b832-a110dc45ee66@group-EE856C9543A1: changes role from  FOLLOWER to FOLLOWER at term 108 for recognizeCandidate:5c3956af-60d3-411f-8c98-c7ed3576de5c
2019-10-16 21:53:04,513 [grpc-default-executor-0] INFO  impl.RoleInfo (RoleInfo.java:shutdownFollowerState(121)) - efb933de-cdd8-4d8d-88d2-4c7ffe0dec1a: shutdown FollowerState
2019-10-16 21:53:04,513 [grpc-default-executor-1] INFO  impl.RoleInfo (RoleInfo.java:shutdownFollowerState(121)) - 9d88716d-5d6b-4fd8-b832-a110dc45ee66: shutdown FollowerState
2019-10-16 21:53:04,514 [Thread-943] INFO  impl.FollowerState (FollowerState.java:run(117)) - efb933de-cdd8-4d8d-88d2-4c7ffe0dec1a@group-EE856C9543A1-FollowerState was interrupted: java.lang.InterruptedException: sleep interrupted
2019-10-16 21:53:04,514 [grpc-default-executor-0] INFO  impl.RoleInfo (RoleInfo.java:updateAndGet(143)) - efb933de-cdd8-4d8d-88d2-4c7ffe0dec1a: start FollowerState
2019-10-16 21:53:04,514 [Thread-944] INFO  impl.FollowerState (FollowerState.java:run(117)) - 9d88716d-5d6b-4fd8-b832-a110dc45ee66@group-EE856C9543A1-FollowerState was interrupted: java.lang.InterruptedException: sleep interrupted
2019-10-16 21:53:04,514 [grpc-default-executor-1] INFO  impl.RoleInfo (RoleInfo.java:updateAndGet(143)) - 9d88716d-5d6b-4fd8-b832-a110dc45ee66: start FollowerState
2019-10-16 21:53:04,530 [5c3956af-60d3-411f-8c98-c7ed3576de5c@group-EE856C9543A1-LeaderElection106] INFO  impl.LeaderElection (LeaderElection.java:logAndReturn(56)) - 5c3956af-60d3-411f-8c98-c7ed3576de5c@group-EE856C9543A1-LeaderElection106: Election REJECTED; received 2 response(s) [5c3956af-60d3-411f-8c98-c7ed3576de5c<-efb933de-cdd8-4d8d-88d2-4c7ffe0dec1a#0:FAIL-t108, 5c3956af-60d3-411f-8c98-c7ed3576de5c<-9d88716d-5d6b-4fd8-b832-a110dc45ee66#0:FAIL-t108] and 0 exception(s); 5c3956af-60d3-411f-8c98-c7ed3576de5c@group-EE856C9543A1:t108, leader=null, voted=5c3956af-60d3-411f-8c98-c7ed3576de5c, raftlog=5c3956af-60d3-411f-8c98-c7ed3576de5c@group-EE856C9543A1-SegmentedRaftLog:OPENED:c-1,f-1,i0, conf=-1: [5c3956af-60d3-411f-8c98-c7ed3576de5c:192.168.34.38:33787, efb933de-cdd8-4d8d-88d2-4c7ffe0dec1a:192.168.34.38:42459, 9d88716d-5d6b-4fd8-b832-a110dc45ee66:192.168.34.38:38211], old=null
2019-10-16 21:53:04,530 [5c3956af-60d3-411f-8c98-c7ed3576de5c@group-EE856C9543A1-LeaderElection106] INFO  impl.RaftServerImpl (RaftServerImpl.java:setRole(184)) - 5c3956af-60d3-411f-8c98-c7ed3576de5c@group-EE856C9543A1: changes role from CANDIDATE to FOLLOWER at term 108 for DISCOVERED_A_NEW_TERM
2019-10-16 21:53:04,530 [5c3956af-60d3-411f-8c98-c7ed3576de5c@group-EE856C9543A1-LeaderElection106] INFO  impl.RoleInfo (RoleInfo.java:shutdownLeaderElection(134)) - 5c3956af-60d3-411f-8c98-c7ed3576de5c: shutdown LeaderElection
2019-10-16 21:53:04,530 [5c3956af-60d3-411f-8c98-c7ed3576de5c@group-EE856C9543A1-LeaderElection106] INFO  impl.RoleInfo (RoleInfo.java:updateAndGet(143)) - 5c3956af-60d3-411f-8c98-c7ed3576de5c: start FollowerState
2019-10-16 21:53:04,729 [Thread-951] INFO  impl.FollowerState (FollowerState.java:run(108)) - 5c3956af-60d3-411f-8c98-c7ed3576de5c@group-EE856C9543A1-FollowerState: change to CANDIDATE, lastRpcTime:198ms, electionTimeout:198ms
2019-10-16 21:53:04,729 [Thread-951] INFO  impl.RoleInfo (RoleInfo.java:shutdownFollowerState(121)) - 5c3956af-60d3-411f-8c98-c7ed3576de5c: shutdown FollowerState
2019-10-16 21:53:04,729 [Thread-951] INFO  impl.RaftServerImpl (RaftServerImpl.java:setRole(184)) - 5c3956af-60d3-411f-8c98-c7ed3576de5c@group-EE856C9543A1: changes role from  FOLLOWER to CANDIDATE at term 108 for changeToCandidate
2019-10-16 21:53:04,729 [Thread-951] INFO  impl.RoleInfo (RoleInfo.java:updateAndGet(143)) - 5c3956af-60d3-411f-8c98-c7ed3576de5c: start LeaderElection
2019-10-16 21:53:04,741 [5c3956af-60d3-411f-8c98-c7ed3576de5c@group-EE856C9543A1-LeaderElection107] INFO  impl.LeaderElection (LeaderElection.java:askForVotes(178)) - 5c3956af-60d3-411f-8c98-c7ed3576de5c@group-EE856C9543A1-LeaderElection107: begin an election at term 109 for -1: [5c3956af-60d3-411f-8c98-c7ed3576de5c:192.168.34.38:33787, efb933de-cdd8-4d8d-88d2-4c7ffe0dec1a:192.168.34.38:42459, 9d88716d-5d6b-4fd8-b832-a110dc45ee66:192.168.34.38:38211], old=null
2019-10-16 21:53:04,745 [grpc-default-executor-1] INFO  impl.RaftServerImpl (RaftServerImpl.java:setRole(184)) - 9d88716d-5d6b-4fd8-b832-a110dc45ee66@group-EE856C9543A1: changes role from  FOLLOWER to FOLLOWER at term 109 for recognizeCandidate:5c3956af-60d3-411f-8c98-c7ed3576de5c
2019-10-16 21:53:04,745 [grpc-default-executor-1] INFO  impl.RoleInfo (RoleInfo.java:shutdownFollowerState(121)) - 9d88716d-5d6b-4fd8-b832-a110dc45ee66: shutdown FollowerState
2019-10-16 21:53:04,745 [grpc-default-executor-0] INFO  impl.RaftServerImpl (RaftServerImpl.java:setRole(184)) - efb933de-cdd8-4d8d-88d2-4c7ffe0dec1a@group-EE856C9543A1: changes role from  FOLLOWER to FOLLOWER at term 109 for recognizeCandidate:5c3956af-60d3-411f-8c98-c7ed3576de5c
2019-10-16 21:53:04,745 [grpc-default-executor-0] INFO  impl.RoleInfo (RoleInfo.java:shutdownFollowerState(121)) - efb933de-cdd8-4d8d-88d2-4c7ffe0dec1a: shutdown FollowerState
2019-10-16 21:53:04,745 [Thread-950] INFO  impl.FollowerState (FollowerState.java:run(117)) - 9d88716d-5d6b-4fd8-b832-a110dc45ee66@group-EE856C9543A1-FollowerState was interrupted: java.lang.InterruptedException: sleep interrupted
2019-10-16 21:53:04,745 [grpc-default-executor-1] INFO  impl.RoleInfo (RoleInfo.java:updateAndGet(143)) - 9d88716d-5d6b-4fd8-b832-a110dc45ee66: start FollowerState
2019-10-16 21:53:04,745 [Thread-949] INFO  impl.FollowerState (FollowerState.java:run(117)) - efb933de-cdd8-4d8d-88d2-4c7ffe0dec1a@group-EE856C9543A1-FollowerState was interrupted: java.lang.InterruptedException: sleep interrupted
2019-10-16 21:53:04,745 [grpc-default-executor-0] INFO  impl.RoleInfo (RoleInfo.java:updateAndGet(143)) - efb933de-cdd8-4d8d-88d2-4c7ffe0dec1a: start FollowerState
2019-10-16 21:53:04,761 [5c3956af-60d3-411f-8c98-c7ed3576de5c@group-EE856C9543A1-LeaderElection107] INFO  impl.LeaderElection (LeaderElection.java:logAndReturn(56)) - 5c3956af-60d3-411f-8c98-c7ed3576de5c@group-EE856C9543A1-LeaderElection107: Election REJECTED; received 2 response(s) [5c3956af-60d3-411f-8c98-c7ed3576de5c<-efb933de-cdd8-4d8d-88d2-4c7ffe0dec1a#0:FAIL-t109, 5c3956af-60d3-411f-8c98-c7ed3576de5c<-9d88716d-5d6b-4fd8-b832-a110dc45ee66#0:FAIL-t109] and 0 exception(s); 5c3956af-60d3-411f-8c98-c7ed3576de5c@group-EE856C9543A1:t109, leader=null, voted=5c3956af-60d3-411f-8c98-c7ed3576de5c, raftlog=5c3956af-60d3-411f-8c98-c7ed3576de5c@group-EE856C9543A1-SegmentedRaftLog:OPENED:c-1,f-1,i0, conf=-1: [5c3956af-60d3-411f-8c98-c7ed3576de5c:192.168.34.38:33787, efb933de-cdd8-4d8d-88d2-4c7ffe0dec1a:192.168.34.38:42459, 9d88716d-5d6b-4fd8-b832-a110dc45ee66:192.168.34.38:38211], old=null
2019-10-16 21:53:04,761 [5c3956af-60d3-411f-8c98-c7ed3576de5c@group-EE856C9543A1-LeaderElection107] INFO  impl.RaftServerImpl (RaftServerImpl.java:setRole(184)) - 5c3956af-60d3-411f-8c98-c7ed3576de5c@group-EE856C9543A1: changes role from CANDIDATE to FOLLOWER at term 109 for DISCOVERED_A_NEW_TERM
2019-10-16 21:53:04,761 [5c3956af-60d3-411f-8c98-c7ed3576de5c@group-EE856C9543A1-LeaderElection107] INFO  impl.RoleInfo (RoleInfo.java:shutdownLeaderElection(134)) - 5c3956af-60d3-411f-8c98-c7ed3576de5c: shutdown LeaderElection
2019-10-16 21:53:04,761 [5c3956af-60d3-411f-8c98-c7ed3576de5c@group-EE856C9543A1-LeaderElection107] INFO  impl.RoleInfo (RoleInfo.java:updateAndGet(143)) - 5c3956af-60d3-411f-8c98-c7ed3576de5c: start FollowerState
2019-10-16 21:53:04,800 [Thread-957] INFO  impl.FollowerState (FollowerState.java:run(108)) - 5c3956af-60d3-411f-8c98-c7ed3576de5c@group-EE856C9543A1-FollowerState: change to CANDIDATE, lastRpcTime:38ms, electionTimeout:37ms
2019-10-16 21:53:04,800 [Thread-957] INFO  impl.RoleInfo (RoleInfo.java:shutdownFollowerState(121)) - 5c3956af-60d3-411f-8c98-c7ed3576de5c: shutdown FollowerState
2019-10-16 21:53:04,800 [Thread-957] INFO  impl.RaftServerImpl (RaftServerImpl.java:setRole(184)) - 5c3956af-60d3-411f-8c98-c7ed3576de5c@group-EE856C9543A1: changes role from  FOLLOWER to CANDIDATE at term 109 for changeToCandidate
2019-10-16 21:53:04,801 [Thread-957] INFO  impl.RoleInfo (RoleInfo.java:updateAndGet(143)) - 5c3956af-60d3-411f-8c98-c7ed3576de5c: start LeaderElection
2019-10-16 21:53:04,814 [5c3956af-60d3-411f-8c98-c7ed3576de5c@group-EE856C9543A1-LeaderElection108] INFO  impl.LeaderElection (LeaderElection.java:askForVotes(178)) - 5c3956af-60d3-411f-8c98-c7ed3576de5c@group-EE856C9543A1-LeaderElection108: begin an election at term 110 for -1: [5c3956af-60d3-411f-8c98-c7ed3576de5c:192.168.34.38:33787, efb933de-cdd8-4d8d-88d2-4c7ffe0dec1a:192.168.34.38:42459, 9d88716d-5d6b-4fd8-b832-a110dc45ee66:192.168.34.38:38211], old=null
2019-10-16 21:53:04,817 [grpc-default-executor-0] INFO  impl.RaftServerImpl (RaftServerImpl.java:setRole(184)) - efb933de-cdd8-4d8d-88d2-4c7ffe0dec1a@group-EE856C9543A1: changes role from  FOLLOWER to FOLLOWER at term 110 for recognizeCandidate:5c3956af-60d3-411f-8c98-c7ed3576de5c
2019-10-16 21:53:04,817 [grpc-default-executor-1] INFO  impl.RaftServerImpl (RaftServerImpl.java:setRole(184)) - 9d88716d-5d6b-4fd8-b832-a110dc45ee66@group-EE856C9543A1: changes role from  FOLLOWER to FOLLOWER at term 110 for recognizeCandidate:5c3956af-60d3-411f-8c98-c7ed3576de5c
2019-10-16 21:53:04,818 [grpc-default-executor-0] INFO  impl.RoleInfo (RoleInfo.java:shutdownFollowerState(121)) - efb933de-cdd8-4d8d-88d2-4c7ffe0dec1a: shutdown FollowerState
2019-10-16 21:53:04,818 [grpc-default-executor-1] INFO  impl.RoleInfo (RoleInfo.java:shutdownFollowerState(121)) - 9d88716d-5d6b-4fd8-b832-a110dc45ee66: shutdown FollowerState
2019-10-16 21:53:04,818 [grpc-default-executor-0] INFO  impl.RoleInfo (RoleInfo.java:updateAndGet(143)) - efb933de-cdd8-4d8d-88d2-4c7ffe0dec1a: start FollowerState
2019-10-16 21:53:04,818 [Thread-956] INFO  impl.FollowerState (FollowerState.java:run(117)) - efb933de-cdd8-4d8d-88d2-4c7ffe0dec1a@group-EE856C9543A1-FollowerState was interrupted: java.lang.InterruptedException: sleep interrupted
2019-10-16 21:53:04,818 [Thread-955] INFO  impl.FollowerState (FollowerState.java:run(117)) - 9d88716d-5d6b-4fd8-b832-a110dc45ee66@group-EE856C9543A1-FollowerState was interrupted: java.lang.InterruptedException: sleep interrupted
2019-10-16 21:53:04,818 [grpc-default-executor-1] INFO  impl.RoleInfo (RoleInfo.java:updateAndGet(143)) - 9d88716d-5d6b-4fd8-b832-a110dc45ee66: start FollowerState
2019-10-16 21:53:04,832 [5c3956af-60d3-411f-8c98-c7ed3576de5c@group-EE856C9543A1-LeaderElection108] INFO  impl.LeaderElection (LeaderElection.java:logAndReturn(56)) - 5c3956af-60d3-411f-8c98-c7ed3576de5c@group-EE856C9543A1-LeaderElection108: Election REJECTED; received 2 response(s) [5c3956af-60d3-411f-8c98-c7ed3576de5c<-efb933de-cdd8-4d8d-88d2-4c7ffe0dec1a#0:FAIL-t110, 5c3956af-60d3-411f-8c98-c7ed3576de5c<-9d88716d-5d6b-4fd8-b832-a110dc45ee66#0:FAIL-t110] and 0 exception(s); 5c3956af-60d3-411f-8c98-c7ed3576de5c@group-EE856C9543A1:t110, leader=null, voted=5c3956af-60d3-411f-8c98-c7ed3576de5c, raftlog=5c3956af-60d3-411f-8c98-c7ed3576de5c@group-EE856C9543A1-SegmentedRaftLog:OPENED:c-1,f-1,i0, conf=-1: [5c3956af-60d3-411f-8c98-c7ed3576de5c:192.168.34.38:33787, efb933de-cdd8-4d8d-88d2-4c7ffe0dec1a:192.168.34.38:42459, 9d88716d-5d6b-4fd8-b832-a110dc45ee66:192.168.34.38:38211], old=null
2019-10-16 21:53:04,833 [5c3956af-60d3-411f-8c98-c7ed3576de5c@group-EE856C9543A1-LeaderElection108] INFO  impl.RaftServerImpl (RaftServerImpl.java:setRole(184)) - 5c3956af-60d3-411f-8c98-c7ed3576de5c@group-EE856C9543A1: changes role from CANDIDATE to FOLLOWER at term 110 for DISCOVERED_A_NEW_TERM
2019-10-16 21:53:04,833 [5c3956af-60d3-411f-8c98-c7ed3576de5c@group-EE856C9543A1-LeaderElection108] INFO  impl.RoleInfo (RoleInfo.java:shutdownLeaderElection(134)) - 5c3956af-60d3-411f-8c98-c7ed3576de5c: shutdown LeaderElection
2019-10-16 21:53:04,833 [5c3956af-60d3-411f-8c98-c7ed3576de5c@group-EE856C9543A1-LeaderElection108] INFO  impl.RoleInfo (RoleInfo.java:updateAndGet(143)) - 5c3956af-60d3-411f-8c98-c7ed3576de5c: start FollowerState
2019-10-16 21:53:05,030 [Thread-963] INFO  impl.FollowerState (FollowerState.java:run(108)) - 5c3956af-60d3-411f-8c98-c7ed3576de5c@group-EE856C9543A1-FollowerState: change to CANDIDATE, lastRpcTime:196ms, electionTimeout:196ms
2019-10-16 21:53:05,030 [Thread-963] INFO  impl.RoleInfo (RoleInfo.java:shutdownFollowerState(121)) - 5c3956af-60d3-411f-8c98-c7ed3576de5c: shutdown FollowerState
2019-10-16 21:53:05,030 [Thread-963] INFO  impl.RaftServerImpl (RaftServerImpl.java:setRole(184)) - 5c3956af-60d3-411f-8c98-c7ed3576de5c@group-EE856C9543A1: changes role from  FOLLOWER to CANDIDATE at term 110 for changeToCandidate
2019-10-16 21:53:05,030 [Thread-963] INFO  impl.RoleInfo (RoleInfo.java:updateAndGet(143)) - 5c3956af-60d3-411f-8c98-c7ed3576de5c: start LeaderElection
2019-10-16 21:53:05,042 [5c3956af-60d3-411f-8c98-c7ed3576de5c@group-EE856C9543A1-LeaderElection109] INFO  impl.LeaderElection (LeaderElection.java:askForVotes(178)) - 5c3956af-60d3-411f-8c98-c7ed3576de5c@group-EE856C9543A1-LeaderElection109: begin an election at term 111 for -1: [5c3956af-60d3-411f-8c98-c7ed3576de5c:192.168.34.38:33787, efb933de-cdd8-4d8d-88d2-4c7ffe0dec1a:192.168.34.38:42459, 9d88716d-5d6b-4fd8-b832-a110dc45ee66:192.168.34.38:38211], old=null
2019-10-16 21:53:05,045 [grpc-default-executor-0] INFO  impl.RaftServerImpl (RaftServerImpl.java:setRole(184)) - 9d88716d-5d6b-4fd8-b832-a110dc45ee66@group-EE856C9543A1: changes role from  FOLLOWER to FOLLOWER at term 111 for recognizeCandidate:5c3956af-60d3-411f-8c98-c7ed3576de5c
2019-10-16 21:53:05,045 [grpc-default-executor-1] INFO  impl.RaftServerImpl (RaftServerImpl.java:setRole(184)) - efb933de-cdd8-4d8d-88d2-4c7ffe0dec1a@group-EE856C9543A1: changes role from  FOLLOWER to FOLLOWER at term 111 for recognizeCandidate:5c3956af-60d3-411f-8c98-c7ed3576de5c
2019-10-16 21:53:05,045 [grpc-default-executor-0] INFO  impl.RoleInfo (RoleInfo.java:shutdownFollowerState(121)) - 9d88716d-5d6b-4fd8-b832-a110dc45ee66: shutdown FollowerState
2019-10-16 21:53:05,045 [grpc-default-executor-1] INFO  impl.RoleInfo (RoleInfo.java:shutdownFollowerState(121)) - efb933de-cdd8-4d8d-88d2-4c7ffe0dec1a: shutdown FollowerState
2019-10-16 21:53:05,052 [grpc-default-executor-0] INFO  impl.RoleInfo (RoleInfo.java:updateAndGet(143)) - 9d88716d-5d6b-4fd8-b832-a110dc45ee66: start FollowerState
2019-10-16 21:53:05,052 [Thread-962] INFO  impl.FollowerState (FollowerState.java:run(117)) - 9d88716d-5d6b-4fd8-b832-a110dc45ee66@group-EE856C9543A1-FollowerState was interrupted: java.lang.InterruptedException: sleep interrupted
2019-10-16 21:53:05,052 [Thread-961] INFO  impl.FollowerState (FollowerState.java:run(117)) - efb933de-cdd8-4d8d-88d2-4c7ffe0dec1a@group-EE856C9543A1-FollowerState was interrupted: java.lang.InterruptedException: sleep interrupted
2019-10-16 21:53:05,052 [grpc-default-executor-1] INFO  impl.RoleInfo (RoleInfo.java:updateAndGet(143)) - efb933de-cdd8-4d8d-88d2-4c7ffe0dec1a: start FollowerState
2019-10-16 21:53:05,070 [5c3956af-60d3-411f-8c98-c7ed3576de5c@group-EE856C9543A1-LeaderElection109] INFO  impl.LeaderElection (LeaderElection.java:logAndReturn(56)) - 5c3956af-60d3-411f-8c98-c7ed3576de5c@group-EE856C9543A1-LeaderElection109: Election REJECTED; received 2 response(s) [5c3956af-60d3-411f-8c98-c7ed3576de5c<-efb933de-cdd8-4d8d-88d2-4c7ffe0dec1a#0:FAIL-t111, 5c3956af-60d3-411f-8c98-c7ed3576de5c<-9d88716d-5d6b-4fd8-b832-a110dc45ee66#0:FAIL-t111] and 0 exception(s); 5c3956af-60d3-411f-8c98-c7ed3576de5c@group-EE856C9543A1:t111, leader=null, voted=5c3956af-60d3-411f-8c98-c7ed3576de5c, raftlog=5c3956af-60d3-411f-8c98-c7ed3576de5c@group-EE856C9543A1-SegmentedRaftLog:OPENED:c-1,f-1,i0, conf=-1: [5c3956af-60d3-411f-8c98-c7ed3576de5c:192.168.34.38:33787, efb933de-cdd8-4d8d-88d2-4c7ffe0dec1a:192.168.34.38:42459, 9d88716d-5d6b-4fd8-b832-a110dc45ee66:192.168.34.38:38211], old=null
2019-10-16 21:53:05,070 [5c3956af-60d3-411f-8c98-c7ed3576de5c@group-EE856C9543A1-LeaderElection109] INFO  impl.RaftServerImpl (RaftServerImpl.java:setRole(184)) - 5c3956af-60d3-411f-8c98-c7ed3576de5c@group-EE856C9543A1: changes role from CANDIDATE to FOLLOWER at term 111 for DISCOVERED_A_NEW_TERM
2019-10-16 21:53:05,070 [5c3956af-60d3-411f-8c98-c7ed3576de5c@group-EE856C9543A1-LeaderElection109] INFO  impl.RoleInfo (RoleInfo.java:shutdownLeaderElection(134)) - 5c3956af-60d3-411f-8c98-c7ed3576de5c: shutdown LeaderElection
2019-10-16 21:53:05,070 [5c3956af-60d3-411f-8c98-c7ed3576de5c@group-EE856C9543A1-LeaderElection109] INFO  impl.RoleInfo (RoleInfo.java:updateAndGet(143)) - 5c3956af-60d3-411f-8c98-c7ed3576de5c: start FollowerState
2019-10-16 21:53:05,155 [Thread-969] INFO  impl.FollowerState (FollowerState.java:run(108)) - 5c3956af-60d3-411f-8c98-c7ed3576de5c@group-EE856C9543A1-FollowerState: change to CANDIDATE, lastRpcTime:84ms, electionTimeout:84ms
2019-10-16 21:53:05,155 [Thread-969] INFO  impl.RoleInfo (RoleInfo.java:shutdownFollowerState(121)) - 5c3956af-60d3-411f-8c98-c7ed3576de5c: shutdown FollowerState
2019-10-16 21:53:05,155 [Thread-969] INFO  impl.RaftServerImpl (RaftServerImpl.java:setRole(184)) - 5c3956af-60d3-411f-8c98-c7ed3576de5c@group-EE856C9543A1: changes role from  FOLLOWER to CANDIDATE at term 111 for changeToCandidate
2019-10-16 21:53:05,155 [Thread-969] INFO  impl.RoleInfo (RoleInfo.java:updateAndGet(143)) - 5c3956af-60d3-411f-8c98-c7ed3576de5c: start LeaderElection
2019-10-16 21:53:05,169 [5c3956af-60d3-411f-8c98-c7ed3576de5c@group-EE856C9543A1-LeaderElection110] INFO  impl.LeaderElection (LeaderElection.java:askForVotes(178)) - 5c3956af-60d3-411f-8c98-c7ed3576de5c@group-EE856C9543A1-LeaderElection110: begin an election at term 112 for -1: [5c3956af-60d3-411f-8c98-c7ed3576de5c:192.168.34.38:33787, efb933de-cdd8-4d8d-88d2-4c7ffe0dec1a:192.168.34.38:42459, 9d88716d-5d6b-4fd8-b832-a110dc45ee66:192.168.34.38:38211], old=null
2019-10-16 21:53:05,173 [grpc-default-executor-0] INFO  impl.RaftServerImpl (RaftServerImpl.java:setRole(184)) - 9d88716d-5d6b-4fd8-b832-a110dc45ee66@group-EE856C9543A1: changes role from  FOLLOWER to FOLLOWER at term 112 for recognizeCandidate:5c3956af-60d3-411f-8c98-c7ed3576de5c
2019-10-16 21:53:05,173 [grpc-default-executor-1] INFO  impl.RaftServerImpl (RaftServerImpl.java:setRole(184)) - efb933de-cdd8-4d8d-88d2-4c7ffe0dec1a@group-EE856C9543A1: changes role from  FOLLOWER to FOLLOWER at term 112 for recognizeCandidate:5c3956af-60d3-411f-8c98-c7ed3576de5c
2019-10-16 21:53:05,173 [grpc-default-executor-0] INFO  impl.RoleInfo (RoleInfo.java:shutdownFollowerState(121)) - 9d88716d-5d6b-4fd8-b832-a110dc45ee66: shutdown FollowerState
2019-10-16 21:53:05,173 [grpc-default-executor-1] INFO  impl.RoleInfo (RoleInfo.java:shutdownFollowerState(121)) - efb933de-cdd8-4d8d-88d2-4c7ffe0dec1a: shutdown FollowerState
2019-10-16 21:53:05,173 [Thread-967] INFO  impl.FollowerState (FollowerState.java:run(117)) - 9d88716d-5d6b-4fd8-b832-a110dc45ee66@group-EE856C9543A1-FollowerState was interrupted: java.lang.InterruptedException: sleep interrupted
2019-10-16 21:53:05,173 [grpc-default-executor-0] INFO  impl.RoleInfo (RoleInfo.java:updateAndGet(143)) - 9d88716d-5d6b-4fd8-b832-a110dc45ee66: start FollowerState
2019-10-16 21:53:05,174 [Thread-968] INFO  impl.FollowerState (FollowerState.java:run(117)) - efb933de-cdd8-4d8d-88d2-4c7ffe0dec1a@group-EE856C9543A1-FollowerState was interrupted: java.lang.InterruptedException: sleep interrupted
2019-10-16 21:53:05,173 [grpc-default-executor-1] INFO  impl.RoleInfo (RoleInfo.java:updateAndGet(143)) - efb933de-cdd8-4d8d-88d2-4c7ffe0dec1a: start FollowerState
2019-10-16 21:53:05,188 [5c3956af-60d3-411f-8c98-c7ed3576de5c@group-EE856C9543A1-LeaderElection110] INFO  impl.LeaderElection (LeaderElection.java:logAndReturn(56)) - 5c3956af-60d3-411f-8c98-c7ed3576de5c@group-EE856C9543A1-LeaderElection110: Election REJECTED; received 2 response(s) [5c3956af-60d3-411f-8c98-c7ed3576de5c<-efb933de-cdd8-4d8d-88d2-4c7ffe0dec1a#0:FAIL-t112, 5c3956af-60d3-411f-8c98-c7ed3576de5c<-9d88716d-5d6b-4fd8-b832-a110dc45ee66#0:FAIL-t112] and 0 exception(s); 5c3956af-60d3-411f-8c98-c7ed3576de5c@group-EE856C9543A1:t112, leader=null, voted=5c3956af-60d3-411f-8c98-c7ed3576de5c, raftlog=5c3956af-60d3-411f-8c98-c7ed3576de5c@group-EE856C9543A1-SegmentedRaftLog:OPENED:c-1,f-1,i0, conf=-1: [5c3956af-60d3-411f-8c98-c7ed3576de5c:192.168.34.38:33787, efb933de-cdd8-4d8d-88d2-4c7ffe0dec1a:192.168.34.38:42459, 9d88716d-5d6b-4fd8-b832-a110dc45ee66:192.168.34.38:38211], old=null
2019-10-16 21:53:05,188 [5c3956af-60d3-411f-8c98-c7ed3576de5c@group-EE856C9543A1-LeaderElection110] INFO  impl.RaftServerImpl (RaftServerImpl.java:setRole(184)) - 5c3956af-60d3-411f-8c98-c7ed3576de5c@group-EE856C9543A1: changes role from CANDIDATE to FOLLOWER at term 112 for DISCOVERED_A_NEW_TERM
2019-10-16 21:53:05,188 [5c3956af-60d3-411f-8c98-c7ed3576de5c@group-EE856C9543A1-LeaderElection110] INFO  impl.RoleInfo (RoleInfo.java:shutdownLeaderElection(134)) - 5c3956af-60d3-411f-8c98-c7ed3576de5c: shutdown LeaderElection
2019-10-16 21:53:05,189 [5c3956af-60d3-411f-8c98-c7ed3576de5c@group-EE856C9543A1-LeaderElection110] INFO  impl.RoleInfo (RoleInfo.java:updateAndGet(143)) - 5c3956af-60d3-411f-8c98-c7ed3576de5c: start FollowerState
2019-10-16 21:53:05,190 [Thread-975] INFO  impl.FollowerState (FollowerState.java:run(108)) - 5c3956af-60d3-411f-8c98-c7ed3576de5c@group-EE856C9543A1-FollowerState: change to CANDIDATE, lastRpcTime:1ms, electionTimeout:1ms
2019-10-16 21:53:05,190 [Thread-975] INFO  impl.RoleInfo (RoleInfo.java:shutdownFollowerState(121)) - 5c3956af-60d3-411f-8c98-c7ed3576de5c: shutdown FollowerState
2019-10-16 21:53:05,190 [Thread-975] INFO  impl.RaftServerImpl (RaftServerImpl.java:setRole(184)) - 5c3956af-60d3-411f-8c98-c7ed3576de5c@group-EE856C9543A1: changes role from  FOLLOWER to CANDIDATE at term 112 for changeToCandidate
2019-10-16 21:53:05,190 [Thread-975] INFO  impl.RoleInfo (RoleInfo.java:updateAndGet(143)) - 5c3956af-60d3-411f-8c98-c7ed3576de5c: start LeaderElection
2019-10-16 21:53:05,204 [5c3956af-60d3-411f-8c98-c7ed3576de5c@group-EE856C9543A1-LeaderElection111] INFO  impl.LeaderElection (LeaderElection.java:askForVotes(178)) - 5c3956af-60d3-411f-8c98-c7ed3576de5c@group-EE856C9543A1-LeaderElection111: begin an election at term 113 for -1: [5c3956af-60d3-411f-8c98-c7ed3576de5c:192.168.34.38:33787, efb933de-cdd8-4d8d-88d2-4c7ffe0dec1a:192.168.34.38:42459, 9d88716d-5d6b-4fd8-b832-a110dc45ee66:192.168.34.38:38211], old=null
2019-10-16 21:53:05,206 [grpc-default-executor-1] INFO  impl.RaftServerImpl (RaftServerImpl.java:setRole(184)) - efb933de-cdd8-4d8d-88d2-4c7ffe0dec1a@group-EE856C9543A1: changes role from  FOLLOWER to FOLLOWER at term 113 for recognizeCandidate:5c3956af-60d3-411f-8c98-c7ed3576de5c
2019-10-16 21:53:05,206 [grpc-default-executor-0] INFO  impl.RaftServerImpl (RaftServerImpl.java:setRole(184)) - 9d88716d-5d6b-4fd8-b832-a110dc45ee66@group-EE856C9543A1: changes role from  FOLLOWER to FOLLOWER at term 113 for recognizeCandidate:5c3956af-60d3-411f-8c98-c7ed3576de5c
2019-10-16 21:53:05,206 [grpc-default-executor-1] INFO  impl.RoleInfo (RoleInfo.java:shutdownFollowerState(121)) - efb933de-cdd8-4d8d-88d2-4c7ffe0dec1a: shutdown FollowerState
2019-10-16 21:53:05,206 [grpc-default-executor-0] INFO  impl.RoleInfo (RoleInfo.java:shutdownFollowerState(121)) - 9d88716d-5d6b-4fd8-b832-a110dc45ee66: shutdown FollowerState
2019-10-16 21:53:05,206 [Thread-974] INFO  impl.FollowerState (FollowerState.java:run(117)) - efb933de-cdd8-4d8d-88d2-4c7ffe0dec1a@group-EE856C9543A1-FollowerState was interrupted: java.lang.InterruptedException: sleep interrupted
2019-10-16 21:53:05,206 [grpc-default-executor-1] INFO  impl.RoleInfo (RoleInfo.java:updateAndGet(143)) - efb933de-cdd8-4d8d-88d2-4c7ffe0dec1a: start FollowerState
2019-10-16 21:53:05,207 [Thread-973] INFO  impl.FollowerState (FollowerState.java:run(117)) - 9d88716d-5d6b-4fd8-b832-a110dc45ee66@group-EE856C9543A1-FollowerState was interrupted: java.lang.InterruptedException: sleep interrupted
2019-10-16 21:53:05,207 [grpc-default-executor-0] INFO  impl.RoleInfo (RoleInfo.java:updateAndGet(143)) - 9d88716d-5d6b-4fd8-b832-a110dc45ee66: start FollowerState
2019-10-16 21:53:05,222 [5c3956af-60d3-411f-8c98-c7ed3576de5c@group-EE856C9543A1-LeaderElection111] INFO  impl.LeaderElection (LeaderElection.java:logAndReturn(56)) - 5c3956af-60d3-411f-8c98-c7ed3576de5c@group-EE856C9543A1-LeaderElection111: Election REJECTED; received 2 response(s) [5c3956af-60d3-411f-8c98-c7ed3576de5c<-efb933de-cdd8-4d8d-88d2-4c7ffe0dec1a#0:FAIL-t113, 5c3956af-60d3-411f-8c98-c7ed3576de5c<-9d88716d-5d6b-4fd8-b832-a110dc45ee66#0:FAIL-t113] and 0 exception(s); 5c3956af-60d3-411f-8c98-c7ed3576de5c@group-EE856C9543A1:t113, leader=null, voted=5c3956af-60d3-411f-8c98-c7ed3576de5c, raftlog=5c3956af-60d3-411f-8c98-c7ed3576de5c@group-EE856C9543A1-SegmentedRaftLog:OPENED:c-1,f-1,i0, conf=-1: [5c3956af-60d3-411f-8c98-c7ed3576de5c:192.168.34.38:33787, efb933de-cdd8-4d8d-88d2-4c7ffe0dec1a:192.168.34.38:42459, 9d88716d-5d6b-4fd8-b832-a110dc45ee66:192.168.34.38:38211], old=null
2019-10-16 21:53:05,222 [5c3956af-60d3-411f-8c98-c7ed3576de5c@group-EE856C9543A1-LeaderElection111] INFO  impl.RaftServerImpl (RaftServerImpl.java:setRole(184)) - 5c3956af-60d3-411f-8c98-c7ed3576de5c@group-EE856C9543A1: changes role from CANDIDATE to FOLLOWER at term 113 for DISCOVERED_A_NEW_TERM
2019-10-16 21:53:05,222 [5c3956af-60d3-411f-8c98-c7ed3576de5c@group-EE856C9543A1-LeaderElection111] INFO  impl.RoleInfo (RoleInfo.java:shutdownLeaderElection(134)) - 5c3956af-60d3-411f-8c98-c7ed3576de5c: shutdown LeaderElection
2019-10-16 21:53:05,222 [5c3956af-60d3-411f-8c98-c7ed3576de5c@group-EE856C9543A1-LeaderElection111] INFO  impl.RoleInfo (RoleInfo.java:updateAndGet(143)) - 5c3956af-60d3-411f-8c98-c7ed3576de5c: start FollowerState
2019-10-16 21:53:05,278 [Thread-981] INFO  impl.FollowerState (FollowerState.java:run(108)) - 5c3956af-60d3-411f-8c98-c7ed3576de5c@group-EE856C9543A1-FollowerState: change to CANDIDATE, lastRpcTime:56ms, electionTimeout:56ms
2019-10-16 21:53:05,278 [Thread-981] INFO  impl.RoleInfo (RoleInfo.java:shutdownFollowerState(121)) - 5c3956af-60d3-411f-8c98-c7ed3576de5c: shutdown FollowerState
2019-10-16 21:53:05,279 [Thread-981] INFO  impl.RaftServerImpl (RaftServerImpl.java:setRole(184)) - 5c3956af-60d3-411f-8c98-c7ed3576de5c@group-EE856C9543A1: changes role from  FOLLOWER to CANDIDATE at term 113 for changeToCandidate
2019-10-16 21:53:05,279 [Thread-981] INFO  impl.RoleInfo (RoleInfo.java:updateAndGet(143)) - 5c3956af-60d3-411f-8c98-c7ed3576de5c: start LeaderElection
2019-10-16 21:53:05,292 [5c3956af-60d3-411f-8c98-c7ed3576de5c@group-EE856C9543A1-LeaderElection112] INFO  impl.LeaderElection (LeaderElection.java:askForVotes(178)) - 5c3956af-60d3-411f-8c98-c7ed3576de5c@group-EE856C9543A1-LeaderElection112: begin an election at term 114 for -1: [5c3956af-60d3-411f-8c98-c7ed3576de5c:192.168.34.38:33787, efb933de-cdd8-4d8d-88d2-4c7ffe0dec1a:192.168.34.38:42459, 9d88716d-5d6b-4fd8-b832-a110dc45ee66:192.168.34.38:38211], old=null
2019-10-16 21:53:05,295 [grpc-default-executor-1] INFO  impl.RaftServerImpl (RaftServerImpl.java:setRole(184)) - efb933de-cdd8-4d8d-88d2-4c7ffe0dec1a@group-EE856C9543A1: changes role from  FOLLOWER to FOLLOWER at term 114 for recognizeCandidate:5c3956af-60d3-411f-8c98-c7ed3576de5c
2019-10-16 21:53:05,295 [grpc-default-executor-0] INFO  impl.RaftServerImpl (RaftServerImpl.java:setRole(184)) - 9d88716d-5d6b-4fd8-b832-a110dc45ee66@group-EE856C9543A1: changes role from  FOLLOWER to FOLLOWER at term 114 for recognizeCandidate:5c3956af-60d3-411f-8c98-c7ed3576de5c
2019-10-16 21:53:05,295 [grpc-default-executor-1] INFO  impl.RoleInfo (RoleInfo.java:shutdownFollowerState(121)) - efb933de-cdd8-4d8d-88d2-4c7ffe0dec1a: shutdown FollowerState
2019-10-16 21:53:05,295 [grpc-default-executor-0] INFO  impl.RoleInfo (RoleInfo.java:shutdownFollowerState(121)) - 9d88716d-5d6b-4fd8-b832-a110dc45ee66: shutdown FollowerState
2019-10-16 21:53:05,295 [grpc-default-executor-1] INFO  impl.RoleInfo (RoleInfo.java:updateAndGet(143)) - efb933de-cdd8-4d8d-88d2-4c7ffe0dec1a: start FollowerState
2019-10-16 21:53:05,295 [grpc-default-executor-0] INFO  impl.RoleInfo (RoleInfo.java:updateAndGet(143)) - 9d88716d-5d6b-4fd8-b832-a110dc45ee66: start FollowerState
2019-10-16 21:53:05,295 [Thread-979] INFO  impl.FollowerState (FollowerState.java:run(117)) - efb933de-cdd8-4d8d-88d2-4c7ffe0dec1a@group-EE856C9543A1-FollowerState was interrupted: java.lang.InterruptedException: sleep interrupted
2019-10-16 21:53:05,295 [Thread-980] INFO  impl.FollowerState (FollowerState.java:run(117)) - 9d88716d-5d6b-4fd8-b832-a110dc45ee66@group-EE856C9543A1-FollowerState was interrupted: java.lang.InterruptedException: sleep interrupted
2019-10-16 21:53:05,313 [5c3956af-60d3-411f-8c98-c7ed3576de5c@group-EE856C9543A1-LeaderElection112] INFO  impl.LeaderElection (LeaderElection.java:logAndReturn(56)) - 5c3956af-60d3-411f-8c98-c7ed3576de5c@group-EE856C9543A1-LeaderElection112: Election REJECTED; received 2 response(s) [5c3956af-60d3-411f-8c98-c7ed3576de5c<-efb933de-cdd8-4d8d-88d2-4c7ffe0dec1a#0:FAIL-t114, 5c3956af-60d3-411f-8c98-c7ed3576de5c<-9d88716d-5d6b-4fd8-b832-a110dc45ee66#0:FAIL-t114] and 0 exception(s); 5c3956af-60d3-411f-8c98-c7ed3576de5c@group-EE856C9543A1:t114, leader=null, voted=5c3956af-60d3-411f-8c98-c7ed3576de5c, raftlog=5c3956af-60d3-411f-8c98-c7ed3576de5c@group-EE856C9543A1-SegmentedRaftLog:OPENED:c-1,f-1,i0, conf=-1: [5c3956af-60d3-411f-8c98-c7ed3576de5c:192.168.34.38:33787, efb933de-cdd8-4d8d-88d2-4c7ffe0dec1a:192.168.34.38:42459, 9d88716d-5d6b-4fd8-b832-a110dc45ee66:192.168.34.38:38211], old=null
2019-10-16 21:53:05,313 [5c3956af-60d3-411f-8c98-c7ed3576de5c@group-EE856C9543A1-LeaderElection112] INFO  impl.RaftServerImpl (RaftServerImpl.java:setRole(184)) - 5c3956af-60d3-411f-8c98-c7ed3576de5c@group-EE856C9543A1: changes role from CANDIDATE to FOLLOWER at term 114 for DISCOVERED_A_NEW_TERM
2019-10-16 21:53:05,313 [5c3956af-60d3-411f-8c98-c7ed3576de5c@group-EE856C9543A1-LeaderElection112] INFO  impl.RoleInfo (RoleInfo.java:shutdownLeaderElection(134)) - 5c3956af-60d3-411f-8c98-c7ed3576de5c: shutdown LeaderElection
2019-10-16 21:53:05,313 [5c3956af-60d3-411f-8c98-c7ed3576de5c@group-EE856C9543A1-LeaderElection112] INFO  impl.RoleInfo (RoleInfo.java:updateAndGet(143)) - 5c3956af-60d3-411f-8c98-c7ed3576de5c: start FollowerState
2019-10-16 21:53:05,401 [JUnit] INFO  ozone.MiniOzoneClusterImpl (MiniOzoneClusterImpl.java:lambda$waitForClusterToBeReady$2(164)) - Waiting for 1 number of pipelines out of 6, to report a leader.
2019-10-16 21:53:05,420 [Thread-987] INFO  impl.FollowerState (FollowerState.java:run(108)) - 5c3956af-60d3-411f-8c98-c7ed3576de5c@group-EE856C9543A1-FollowerState: change to CANDIDATE, lastRpcTime:107ms, electionTimeout:107ms
2019-10-16 21:53:05,421 [Thread-987] INFO  impl.RoleInfo (RoleInfo.java:shutdownFollowerState(121)) - 5c3956af-60d3-411f-8c98-c7ed3576de5c: shutdown FollowerState
2019-10-16 21:53:05,421 [Thread-987] INFO  impl.RaftServerImpl (RaftServerImpl.java:setRole(184)) - 5c3956af-60d3-411f-8c98-c7ed3576de5c@group-EE856C9543A1: changes role from  FOLLOWER to CANDIDATE at term 114 for changeToCandidate
2019-10-16 21:53:05,421 [Thread-987] INFO  impl.RoleInfo (RoleInfo.java:updateAndGet(143)) - 5c3956af-60d3-411f-8c98-c7ed3576de5c: start LeaderElection
2019-10-16 21:53:05,435 [5c3956af-60d3-411f-8c98-c7ed3576de5c@group-EE856C9543A1-LeaderElection113] INFO  impl.LeaderElection (LeaderElection.java:askForVotes(178)) - 5c3956af-60d3-411f-8c98-c7ed3576de5c@group-EE856C9543A1-LeaderElection113: begin an election at term 115 for -1: [5c3956af-60d3-411f-8c98-c7ed3576de5c:192.168.34.38:33787, efb933de-cdd8-4d8d-88d2-4c7ffe0dec1a:192.168.34.38:42459, 9d88716d-5d6b-4fd8-b832-a110dc45ee66:192.168.34.38:38211], old=null
2019-10-16 21:53:05,438 [grpc-default-executor-1] INFO  impl.RaftServerImpl (RaftServerImpl.java:setRole(184)) - efb933de-cdd8-4d8d-88d2-4c7ffe0dec1a@group-EE856C9543A1: changes role from  FOLLOWER to FOLLOWER at term 115 for recognizeCandidate:5c3956af-60d3-411f-8c98-c7ed3576de5c
2019-10-16 21:53:05,438 [grpc-default-executor-1] INFO  impl.RoleInfo (RoleInfo.java:shutdownFollowerState(121)) - efb933de-cdd8-4d8d-88d2-4c7ffe0dec1a: shutdown FollowerState
2019-10-16 21:53:05,438 [grpc-default-executor-1] INFO  impl.RoleInfo (RoleInfo.java:updateAndGet(143)) - efb933de-cdd8-4d8d-88d2-4c7ffe0dec1a: start FollowerState
2019-10-16 21:53:05,438 [grpc-default-executor-0] INFO  impl.RaftServerImpl (RaftServerImpl.java:setRole(184)) - 9d88716d-5d6b-4fd8-b832-a110dc45ee66@group-EE856C9543A1: changes role from  FOLLOWER to FOLLOWER at term 115 for recognizeCandidate:5c3956af-60d3-411f-8c98-c7ed3576de5c
2019-10-16 21:53:05,438 [Thread-985] INFO  impl.FollowerState (FollowerState.java:run(117)) - efb933de-cdd8-4d8d-88d2-4c7ffe0dec1a@group-EE856C9543A1-FollowerState was interrupted: java.lang.InterruptedException: sleep interrupted
2019-10-16 21:53:05,438 [grpc-default-executor-0] INFO  impl.RoleInfo (RoleInfo.java:shutdownFollowerState(121)) - 9d88716d-5d6b-4fd8-b832-a110dc45ee66: shutdown FollowerState
2019-10-16 21:53:05,439 [grpc-default-executor-0] INFO  impl.RoleInfo (RoleInfo.java:updateAndGet(143)) - 9d88716d-5d6b-4fd8-b832-a110dc45ee66: start FollowerState
2019-10-16 21:53:05,439 [Thread-986] INFO  impl.FollowerState (FollowerState.java:run(117)) - 9d88716d-5d6b-4fd8-b832-a110dc45ee66@group-EE856C9543A1-FollowerState was interrupted: java.lang.InterruptedException: sleep interrupted
2019-10-16 21:53:05,453 [5c3956af-60d3-411f-8c98-c7ed3576de5c@group-EE856C9543A1-LeaderElection113] INFO  impl.LeaderElection (LeaderElection.java:logAndReturn(56)) - 5c3956af-60d3-411f-8c98-c7ed3576de5c@group-EE856C9543A1-LeaderElection113: Election REJECTED; received 2 response(s) [5c3956af-60d3-411f-8c98-c7ed3576de5c<-efb933de-cdd8-4d8d-88d2-4c7ffe0dec1a#0:FAIL-t115, 5c3956af-60d3-411f-8c98-c7ed3576de5c<-9d88716d-5d6b-4fd8-b832-a110dc45ee66#0:FAIL-t115] and 0 exception(s); 5c3956af-60d3-411f-8c98-c7ed3576de5c@group-EE856C9543A1:t115, leader=null, voted=5c3956af-60d3-411f-8c98-c7ed3576de5c, raftlog=5c3956af-60d3-411f-8c98-c7ed3576de5c@group-EE856C9543A1-SegmentedRaftLog:OPENED:c-1,f-1,i0, conf=-1: [5c3956af-60d3-411f-8c98-c7ed3576de5c:192.168.34.38:33787, efb933de-cdd8-4d8d-88d2-4c7ffe0dec1a:192.168.34.38:42459, 9d88716d-5d6b-4fd8-b832-a110dc45ee66:192.168.34.38:38211], old=null
2019-10-16 21:53:05,453 [5c3956af-60d3-411f-8c98-c7ed3576de5c@group-EE856C9543A1-LeaderElection113] INFO  impl.RaftServerImpl (RaftServerImpl.java:setRole(184)) - 5c3956af-60d3-411f-8c98-c7ed3576de5c@group-EE856C9543A1: changes role from CANDIDATE to FOLLOWER at term 115 for DISCOVERED_A_NEW_TERM
2019-10-16 21:53:05,453 [5c3956af-60d3-411f-8c98-c7ed3576de5c@group-EE856C9543A1-LeaderElection113] INFO  impl.RoleInfo (RoleInfo.java:shutdownLeaderElection(134)) - 5c3956af-60d3-411f-8c98-c7ed3576de5c: shutdown LeaderElection
2019-10-16 21:53:05,453 [5c3956af-60d3-411f-8c98-c7ed3576de5c@group-EE856C9543A1-LeaderElection113] INFO  impl.RoleInfo (RoleInfo.java:updateAndGet(143)) - 5c3956af-60d3-411f-8c98-c7ed3576de5c: start FollowerState
2019-10-16 21:53:05,650 [Thread-993] INFO  impl.FollowerState (FollowerState.java:run(108)) - 5c3956af-60d3-411f-8c98-c7ed3576de5c@group-EE856C9543A1-FollowerState: change to CANDIDATE, lastRpcTime:196ms, electionTimeout:196ms
2019-10-16 21:53:05,650 [Thread-993] INFO  impl.RoleInfo (RoleInfo.java:shutdownFollowerState(121)) - 5c3956af-60d3-411f-8c98-c7ed3576de5c: shutdown FollowerState
2019-10-16 21:53:05,650 [Thread-993] INFO  impl.RaftServerImpl (RaftServerImpl.java:setRole(184)) - 5c3956af-60d3-411f-8c98-c7ed3576de5c@group-EE856C9543A1: changes role from  FOLLOWER to CANDIDATE at term 115 for changeToCandidate
2019-10-16 21:53:05,650 [Thread-993] INFO  impl.RoleInfo (RoleInfo.java:updateAndGet(143)) - 5c3956af-60d3-411f-8c98-c7ed3576de5c: start LeaderElection
2019-10-16 21:53:05,665 [5c3956af-60d3-411f-8c98-c7ed3576de5c@group-EE856C9543A1-LeaderElection114] INFO  impl.LeaderElection (LeaderElection.java:askForVotes(178)) - 5c3956af-60d3-411f-8c98-c7ed3576de5c@group-EE856C9543A1-LeaderElection114: begin an election at term 116 for -1: [5c3956af-60d3-411f-8c98-c7ed3576de5c:192.168.34.38:33787, efb933de-cdd8-4d8d-88d2-4c7ffe0dec1a:192.168.34.38:42459, 9d88716d-5d6b-4fd8-b832-a110dc45ee66:192.168.34.38:38211], old=null
2019-10-16 21:53:05,668 [grpc-default-executor-1] INFO  impl.RaftServerImpl (RaftServerImpl.java:setRole(184)) - 9d88716d-5d6b-4fd8-b832-a110dc45ee66@group-EE856C9543A1: changes role from  FOLLOWER to FOLLOWER at term 116 for recognizeCandidate:5c3956af-60d3-411f-8c98-c7ed3576de5c
2019-10-16 21:53:05,668 [grpc-default-executor-0] INFO  impl.RaftServerImpl (RaftServerImpl.java:setRole(184)) - efb933de-cdd8-4d8d-88d2-4c7ffe0dec1a@group-EE856C9543A1: changes role from  FOLLOWER to FOLLOWER at term 116 for recognizeCandidate:5c3956af-60d3-411f-8c98-c7ed3576de5c
2019-10-16 21:53:05,668 [grpc-default-executor-1] INFO  impl.RoleInfo (RoleInfo.java:shutdownFollowerState(121)) - 9d88716d-5d6b-4fd8-b832-a110dc45ee66: shutdown FollowerState
2019-10-16 21:53:05,668 [grpc-default-executor-0] INFO  impl.RoleInfo (RoleInfo.java:shutdownFollowerState(121)) - efb933de-cdd8-4d8d-88d2-4c7ffe0dec1a: shutdown FollowerState
2019-10-16 21:53:05,668 [grpc-default-executor-0] INFO  impl.RoleInfo (RoleInfo.java:updateAndGet(143)) - efb933de-cdd8-4d8d-88d2-4c7ffe0dec1a: start FollowerState
2019-10-16 21:53:05,668 [Thread-992] INFO  impl.FollowerState (FollowerState.java:run(117)) - 9d88716d-5d6b-4fd8-b832-a110dc45ee66@group-EE856C9543A1-FollowerState was interrupted: java.lang.InterruptedException: sleep interrupted
2019-10-16 21:53:05,668 [grpc-default-executor-1] INFO  impl.RoleInfo (RoleInfo.java:updateAndGet(143)) - 9d88716d-5d6b-4fd8-b832-a110dc45ee66: start FollowerState
2019-10-16 21:53:05,668 [Thread-991] INFO  impl.FollowerState (FollowerState.java:run(117)) - efb933de-cdd8-4d8d-88d2-4c7ffe0dec1a@group-EE856C9543A1-FollowerState was interrupted: java.lang.InterruptedException: sleep interrupted
2019-10-16 21:53:05,683 [5c3956af-60d3-411f-8c98-c7ed3576de5c@group-EE856C9543A1-LeaderElection114] INFO  impl.LeaderElection (LeaderElection.java:logAndReturn(56)) - 5c3956af-60d3-411f-8c98-c7ed3576de5c@group-EE856C9543A1-LeaderElection114: Election REJECTED; received 2 response(s) [5c3956af-60d3-411f-8c98-c7ed3576de5c<-efb933de-cdd8-4d8d-88d2-4c7ffe0dec1a#0:FAIL-t116, 5c3956af-60d3-411f-8c98-c7ed3576de5c<-9d88716d-5d6b-4fd8-b832-a110dc45ee66#0:FAIL-t116] and 0 exception(s); 5c3956af-60d3-411f-8c98-c7ed3576de5c@group-EE856C9543A1:t116, leader=null, voted=5c3956af-60d3-411f-8c98-c7ed3576de5c, raftlog=5c3956af-60d3-411f-8c98-c7ed3576de5c@group-EE856C9543A1-SegmentedRaftLog:OPENED:c-1,f-1,i0, conf=-1: [5c3956af-60d3-411f-8c98-c7ed3576de5c:192.168.34.38:33787, efb933de-cdd8-4d8d-88d2-4c7ffe0dec1a:192.168.34.38:42459, 9d88716d-5d6b-4fd8-b832-a110dc45ee66:192.168.34.38:38211], old=null
2019-10-16 21:53:05,684 [5c3956af-60d3-411f-8c98-c7ed3576de5c@group-EE856C9543A1-LeaderElection114] INFO  impl.RaftServerImpl (RaftServerImpl.java:setRole(184)) - 5c3956af-60d3-411f-8c98-c7ed3576de5c@group-EE856C9543A1: changes role from CANDIDATE to FOLLOWER at term 116 for DISCOVERED_A_NEW_TERM
2019-10-16 21:53:05,684 [5c3956af-60d3-411f-8c98-c7ed3576de5c@group-EE856C9543A1-LeaderElection114] INFO  impl.RoleInfo (RoleInfo.java:shutdownLeaderElection(134)) - 5c3956af-60d3-411f-8c98-c7ed3576de5c: shutdown LeaderElection
2019-10-16 21:53:05,684 [5c3956af-60d3-411f-8c98-c7ed3576de5c@group-EE856C9543A1-LeaderElection114] INFO  impl.RoleInfo (RoleInfo.java:updateAndGet(143)) - 5c3956af-60d3-411f-8c98-c7ed3576de5c: start FollowerState
2019-10-16 21:53:05,858 [Thread-999] INFO  impl.FollowerState (FollowerState.java:run(108)) - 5c3956af-60d3-411f-8c98-c7ed3576de5c@group-EE856C9543A1-FollowerState: change to CANDIDATE, lastRpcTime:173ms, electionTimeout:173ms
2019-10-16 21:53:05,858 [Thread-999] INFO  impl.RoleInfo (RoleInfo.java:shutdownFollowerState(121)) - 5c3956af-60d3-411f-8c98-c7ed3576de5c: shutdown FollowerState
2019-10-16 21:53:05,858 [Thread-999] INFO  impl.RaftServerImpl (RaftServerImpl.java:setRole(184)) - 5c3956af-60d3-411f-8c98-c7ed3576de5c@group-EE856C9543A1: changes role from  FOLLOWER to CANDIDATE at term 116 for changeToCandidate
2019-10-16 21:53:05,858 [Thread-999] INFO  impl.RoleInfo (RoleInfo.java:updateAndGet(143)) - 5c3956af-60d3-411f-8c98-c7ed3576de5c: start LeaderElection
2019-10-16 21:53:05,872 [5c3956af-60d3-411f-8c98-c7ed3576de5c@group-EE856C9543A1-LeaderElection115] INFO  impl.LeaderElection (LeaderElection.java:askForVotes(178)) - 5c3956af-60d3-411f-8c98-c7ed3576de5c@group-EE856C9543A1-LeaderElection115: begin an election at term 117 for -1: [5c3956af-60d3-411f-8c98-c7ed3576de5c:192.168.34.38:33787, efb933de-cdd8-4d8d-88d2-4c7ffe0dec1a:192.168.34.38:42459, 9d88716d-5d6b-4fd8-b832-a110dc45ee66:192.168.34.38:38211], old=null
2019-10-16 21:53:05,875 [grpc-default-executor-1] INFO  impl.RaftServerImpl (RaftServerImpl.java:setRole(184)) - 9d88716d-5d6b-4fd8-b832-a110dc45ee66@group-EE856C9543A1: changes role from  FOLLOWER to FOLLOWER at term 117 for recognizeCandidate:5c3956af-60d3-411f-8c98-c7ed3576de5c
2019-10-16 21:53:05,875 [grpc-default-executor-0] INFO  impl.RaftServerImpl (RaftServerImpl.java:setRole(184)) - efb933de-cdd8-4d8d-88d2-4c7ffe0dec1a@group-EE856C9543A1: changes role from  FOLLOWER to FOLLOWER at term 117 for recognizeCandidate:5c3956af-60d3-411f-8c98-c7ed3576de5c
2019-10-16 21:53:05,876 [grpc-default-executor-1] INFO  impl.RoleInfo (RoleInfo.java:shutdownFollowerState(121)) - 9d88716d-5d6b-4fd8-b832-a110dc45ee66: shutdown FollowerState
2019-10-16 21:53:05,876 [grpc-default-executor-0] INFO  impl.RoleInfo (RoleInfo.java:shutdownFollowerState(121)) - efb933de-cdd8-4d8d-88d2-4c7ffe0dec1a: shutdown FollowerState
2019-10-16 21:53:05,876 [Thread-997] INFO  impl.FollowerState (FollowerState.java:run(117)) - 9d88716d-5d6b-4fd8-b832-a110dc45ee66@group-EE856C9543A1-FollowerState was interrupted: java.lang.InterruptedException: sleep interrupted
2019-10-16 21:53:05,876 [grpc-default-executor-1] INFO  impl.RoleInfo (RoleInfo.java:updateAndGet(143)) - 9d88716d-5d6b-4fd8-b832-a110dc45ee66: start FollowerState
2019-10-16 21:53:05,876 [Thread-998] INFO  impl.FollowerState (FollowerState.java:run(117)) - efb933de-cdd8-4d8d-88d2-4c7ffe0dec1a@group-EE856C9543A1-FollowerState was interrupted: java.lang.InterruptedException: sleep interrupted
2019-10-16 21:53:05,876 [grpc-default-executor-0] INFO  impl.RoleInfo (RoleInfo.java:updateAndGet(143)) - efb933de-cdd8-4d8d-88d2-4c7ffe0dec1a: start FollowerState
2019-10-16 21:53:05,885 [5c3956af-60d3-411f-8c98-c7ed3576de5c@group-EE856C9543A1-LeaderElection115] INFO  impl.LeaderElection (LeaderElection.java:logAndReturn(56)) - 5c3956af-60d3-411f-8c98-c7ed3576de5c@group-EE856C9543A1-LeaderElection115: Election REJECTED; received 2 response(s) [5c3956af-60d3-411f-8c98-c7ed3576de5c<-efb933de-cdd8-4d8d-88d2-4c7ffe0dec1a#0:FAIL-t117, 5c3956af-60d3-411f-8c98-c7ed3576de5c<-9d88716d-5d6b-4fd8-b832-a110dc45ee66#0:FAIL-t117] and 0 exception(s); 5c3956af-60d3-411f-8c98-c7ed3576de5c@group-EE856C9543A1:t117, leader=null, voted=5c3956af-60d3-411f-8c98-c7ed3576de5c, raftlog=5c3956af-60d3-411f-8c98-c7ed3576de5c@group-EE856C9543A1-SegmentedRaftLog:OPENED:c-1,f-1,i0, conf=-1: [5c3956af-60d3-411f-8c98-c7ed3576de5c:192.168.34.38:33787, efb933de-cdd8-4d8d-88d2-4c7ffe0dec1a:192.168.34.38:42459, 9d88716d-5d6b-4fd8-b832-a110dc45ee66:192.168.34.38:38211], old=null
2019-10-16 21:53:05,885 [5c3956af-60d3-411f-8c98-c7ed3576de5c@group-EE856C9543A1-LeaderElection115] INFO  impl.RaftServerImpl (RaftServerImpl.java:setRole(184)) - 5c3956af-60d3-411f-8c98-c7ed3576de5c@group-EE856C9543A1: changes role from CANDIDATE to FOLLOWER at term 117 for DISCOVERED_A_NEW_TERM
2019-10-16 21:53:05,886 [5c3956af-60d3-411f-8c98-c7ed3576de5c@group-EE856C9543A1-LeaderElection115] INFO  impl.RoleInfo (RoleInfo.java:shutdownLeaderElection(134)) - 5c3956af-60d3-411f-8c98-c7ed3576de5c: shutdown LeaderElection
2019-10-16 21:53:05,886 [5c3956af-60d3-411f-8c98-c7ed3576de5c@group-EE856C9543A1-LeaderElection115] INFO  impl.RoleInfo (RoleInfo.java:updateAndGet(143)) - 5c3956af-60d3-411f-8c98-c7ed3576de5c: start FollowerState
2019-10-16 21:53:06,072 [Thread-1005] INFO  impl.FollowerState (FollowerState.java:run(108)) - 5c3956af-60d3-411f-8c98-c7ed3576de5c@group-EE856C9543A1-FollowerState: change to CANDIDATE, lastRpcTime:186ms, electionTimeout:186ms
2019-10-16 21:53:06,073 [Thread-1005] INFO  impl.RoleInfo (RoleInfo.java:shutdownFollowerState(121)) - 5c3956af-60d3-411f-8c98-c7ed3576de5c: shutdown FollowerState
2019-10-16 21:53:06,073 [Thread-1005] INFO  impl.RaftServerImpl (RaftServerImpl.java:setRole(184)) - 5c3956af-60d3-411f-8c98-c7ed3576de5c@group-EE856C9543A1: changes role from  FOLLOWER to CANDIDATE at term 117 for changeToCandidate
2019-10-16 21:53:06,073 [Thread-1005] INFO  impl.RoleInfo (RoleInfo.java:updateAndGet(143)) - 5c3956af-60d3-411f-8c98-c7ed3576de5c: start LeaderElection
2019-10-16 21:53:06,098 [5c3956af-60d3-411f-8c98-c7ed3576de5c@group-EE856C9543A1-LeaderElection116] INFO  impl.LeaderElection (LeaderElection.java:askForVotes(178)) - 5c3956af-60d3-411f-8c98-c7ed3576de5c@group-EE856C9543A1-LeaderElection116: begin an election at term 118 for -1: [5c3956af-60d3-411f-8c98-c7ed3576de5c:192.168.34.38:33787, efb933de-cdd8-4d8d-88d2-4c7ffe0dec1a:192.168.34.38:42459, 9d88716d-5d6b-4fd8-b832-a110dc45ee66:192.168.34.38:38211], old=null
2019-10-16 21:53:06,101 [grpc-default-executor-0] INFO  impl.RaftServerImpl (RaftServerImpl.java:setRole(184)) - efb933de-cdd8-4d8d-88d2-4c7ffe0dec1a@group-EE856C9543A1: changes role from  FOLLOWER to FOLLOWER at term 118 for recognizeCandidate:5c3956af-60d3-411f-8c98-c7ed3576de5c
2019-10-16 21:53:06,101 [grpc-default-executor-1] INFO  impl.RaftServerImpl (RaftServerImpl.java:setRole(184)) - 9d88716d-5d6b-4fd8-b832-a110dc45ee66@group-EE856C9543A1: changes role from  FOLLOWER to FOLLOWER at term 118 for recognizeCandidate:5c3956af-60d3-411f-8c98-c7ed3576de5c
2019-10-16 21:53:06,101 [grpc-default-executor-0] INFO  impl.RoleInfo (RoleInfo.java:shutdownFollowerState(121)) - efb933de-cdd8-4d8d-88d2-4c7ffe0dec1a: shutdown FollowerState
2019-10-16 21:53:06,101 [grpc-default-executor-1] INFO  impl.RoleInfo (RoleInfo.java:shutdownFollowerState(121)) - 9d88716d-5d6b-4fd8-b832-a110dc45ee66: shutdown FollowerState
2019-10-16 21:53:06,101 [Thread-1004] INFO  impl.FollowerState (FollowerState.java:run(117)) - efb933de-cdd8-4d8d-88d2-4c7ffe0dec1a@group-EE856C9543A1-FollowerState was interrupted: java.lang.InterruptedException: sleep interrupted
2019-10-16 21:53:06,101 [grpc-default-executor-0] INFO  impl.RoleInfo (RoleInfo.java:updateAndGet(143)) - efb933de-cdd8-4d8d-88d2-4c7ffe0dec1a: start FollowerState
2019-10-16 21:53:06,101 [Thread-1003] INFO  impl.FollowerState (FollowerState.java:run(117)) - 9d88716d-5d6b-4fd8-b832-a110dc45ee66@group-EE856C9543A1-FollowerState was interrupted: java.lang.InterruptedException: sleep interrupted
2019-10-16 21:53:06,101 [grpc-default-executor-1] INFO  impl.RoleInfo (RoleInfo.java:updateAndGet(143)) - 9d88716d-5d6b-4fd8-b832-a110dc45ee66: start FollowerState
2019-10-16 21:53:06,116 [5c3956af-60d3-411f-8c98-c7ed3576de5c@group-EE856C9543A1-LeaderElection116] INFO  impl.LeaderElection (LeaderElection.java:logAndReturn(56)) - 5c3956af-60d3-411f-8c98-c7ed3576de5c@group-EE856C9543A1-LeaderElection116: Election REJECTED; received 2 response(s) [5c3956af-60d3-411f-8c98-c7ed3576de5c<-efb933de-cdd8-4d8d-88d2-4c7ffe0dec1a#0:FAIL-t118, 5c3956af-60d3-411f-8c98-c7ed3576de5c<-9d88716d-5d6b-4fd8-b832-a110dc45ee66#0:FAIL-t118] and 0 exception(s); 5c3956af-60d3-411f-8c98-c7ed3576de5c@group-EE856C9543A1:t118, leader=null, voted=5c3956af-60d3-411f-8c98-c7ed3576de5c, raftlog=5c3956af-60d3-411f-8c98-c7ed3576de5c@group-EE856C9543A1-SegmentedRaftLog:OPENED:c-1,f-1,i0, conf=-1: [5c3956af-60d3-411f-8c98-c7ed3576de5c:192.168.34.38:33787, efb933de-cdd8-4d8d-88d2-4c7ffe0dec1a:192.168.34.38:42459, 9d88716d-5d6b-4fd8-b832-a110dc45ee66:192.168.34.38:38211], old=null
2019-10-16 21:53:06,117 [5c3956af-60d3-411f-8c98-c7ed3576de5c@group-EE856C9543A1-LeaderElection116] INFO  impl.RaftServerImpl (RaftServerImpl.java:setRole(184)) - 5c3956af-60d3-411f-8c98-c7ed3576de5c@group-EE856C9543A1: changes role from CANDIDATE to FOLLOWER at term 118 for DISCOVERED_A_NEW_TERM
2019-10-16 21:53:06,117 [5c3956af-60d3-411f-8c98-c7ed3576de5c@group-EE856C9543A1-LeaderElection116] INFO  impl.RoleInfo (RoleInfo.java:shutdownLeaderElection(134)) - 5c3956af-60d3-411f-8c98-c7ed3576de5c: shutdown LeaderElection
2019-10-16 21:53:06,117 [5c3956af-60d3-411f-8c98-c7ed3576de5c@group-EE856C9543A1-LeaderElection116] INFO  impl.RoleInfo (RoleInfo.java:updateAndGet(143)) - 5c3956af-60d3-411f-8c98-c7ed3576de5c: start FollowerState
2019-10-16 21:53:06,290 [Thread-1011] INFO  impl.FollowerState (FollowerState.java:run(108)) - 5c3956af-60d3-411f-8c98-c7ed3576de5c@group-EE856C9543A1-FollowerState: change to CANDIDATE, lastRpcTime:173ms, electionTimeout:173ms
2019-10-16 21:53:06,291 [Thread-1011] INFO  impl.RoleInfo (RoleInfo.java:shutdownFollowerState(121)) - 5c3956af-60d3-411f-8c98-c7ed3576de5c: shutdown FollowerState
2019-10-16 21:53:06,291 [Thread-1011] INFO  impl.RaftServerImpl (RaftServerImpl.java:setRole(184)) - 5c3956af-60d3-411f-8c98-c7ed3576de5c@group-EE856C9543A1: changes role from  FOLLOWER to CANDIDATE at term 118 for changeToCandidate
2019-10-16 21:53:06,291 [Thread-1011] INFO  impl.RoleInfo (RoleInfo.java:updateAndGet(143)) - 5c3956af-60d3-411f-8c98-c7ed3576de5c: start LeaderElection
2019-10-16 21:53:06,305 [5c3956af-60d3-411f-8c98-c7ed3576de5c@group-EE856C9543A1-LeaderElection117] INFO  impl.LeaderElection (LeaderElection.java:askForVotes(178)) - 5c3956af-60d3-411f-8c98-c7ed3576de5c@group-EE856C9543A1-LeaderElection117: begin an election at term 119 for -1: [5c3956af-60d3-411f-8c98-c7ed3576de5c:192.168.34.38:33787, efb933de-cdd8-4d8d-88d2-4c7ffe0dec1a:192.168.34.38:42459, 9d88716d-5d6b-4fd8-b832-a110dc45ee66:192.168.34.38:38211], old=null
2019-10-16 21:53:06,308 [grpc-default-executor-0] INFO  impl.RaftServerImpl (RaftServerImpl.java:setRole(184)) - 9d88716d-5d6b-4fd8-b832-a110dc45ee66@group-EE856C9543A1: changes role from  FOLLOWER to FOLLOWER at term 119 for recognizeCandidate:5c3956af-60d3-411f-8c98-c7ed3576de5c
2019-10-16 21:53:06,308 [grpc-default-executor-1] INFO  impl.RaftServerImpl (RaftServerImpl.java:setRole(184)) - efb933de-cdd8-4d8d-88d2-4c7ffe0dec1a@group-EE856C9543A1: changes role from  FOLLOWER to FOLLOWER at term 119 for recognizeCandidate:5c3956af-60d3-411f-8c98-c7ed3576de5c
2019-10-16 21:53:06,308 [grpc-default-executor-0] INFO  impl.RoleInfo (RoleInfo.java:shutdownFollowerState(121)) - 9d88716d-5d6b-4fd8-b832-a110dc45ee66: shutdown FollowerState
2019-10-16 21:53:06,308 [grpc-default-executor-1] INFO  impl.RoleInfo (RoleInfo.java:shutdownFollowerState(121)) - efb933de-cdd8-4d8d-88d2-4c7ffe0dec1a: shutdown FollowerState
2019-10-16 21:53:06,308 [Thread-1010] INFO  impl.FollowerState (FollowerState.java:run(117)) - 9d88716d-5d6b-4fd8-b832-a110dc45ee66@group-EE856C9543A1-FollowerState was interrupted: java.lang.InterruptedException: sleep interrupted
2019-10-16 21:53:06,308 [grpc-default-executor-1] INFO  impl.RoleInfo (RoleInfo.java:updateAndGet(143)) - efb933de-cdd8-4d8d-88d2-4c7ffe0dec1a: start FollowerState
2019-10-16 21:53:06,309 [Thread-1009] INFO  impl.FollowerState (FollowerState.java:run(117)) - efb933de-cdd8-4d8d-88d2-4c7ffe0dec1a@group-EE856C9543A1-FollowerState was interrupted: java.lang.InterruptedException: sleep interrupted
2019-10-16 21:53:06,308 [grpc-default-executor-0] INFO  impl.RoleInfo (RoleInfo.java:updateAndGet(143)) - 9d88716d-5d6b-4fd8-b832-a110dc45ee66: start FollowerState
2019-10-16 21:53:06,323 [5c3956af-60d3-411f-8c98-c7ed3576de5c@group-EE856C9543A1-LeaderElection117] INFO  impl.LeaderElection (LeaderElection.java:logAndReturn(56)) - 5c3956af-60d3-411f-8c98-c7ed3576de5c@group-EE856C9543A1-LeaderElection117: Election REJECTED; received 2 response(s) [5c3956af-60d3-411f-8c98-c7ed3576de5c<-efb933de-cdd8-4d8d-88d2-4c7ffe0dec1a#0:FAIL-t119, 5c3956af-60d3-411f-8c98-c7ed3576de5c<-9d88716d-5d6b-4fd8-b832-a110dc45ee66#0:FAIL-t119] and 0 exception(s); 5c3956af-60d3-411f-8c98-c7ed3576de5c@group-EE856C9543A1:t119, leader=null, voted=5c3956af-60d3-411f-8c98-c7ed3576de5c, raftlog=5c3956af-60d3-411f-8c98-c7ed3576de5c@group-EE856C9543A1-SegmentedRaftLog:OPENED:c-1,f-1,i0, conf=-1: [5c3956af-60d3-411f-8c98-c7ed3576de5c:192.168.34.38:33787, efb933de-cdd8-4d8d-88d2-4c7ffe0dec1a:192.168.34.38:42459, 9d88716d-5d6b-4fd8-b832-a110dc45ee66:192.168.34.38:38211], old=null
2019-10-16 21:53:06,323 [5c3956af-60d3-411f-8c98-c7ed3576de5c@group-EE856C9543A1-LeaderElection117] INFO  impl.RaftServerImpl (RaftServerImpl.java:setRole(184)) - 5c3956af-60d3-411f-8c98-c7ed3576de5c@group-EE856C9543A1: changes role from CANDIDATE to FOLLOWER at term 119 for DISCOVERED_A_NEW_TERM
2019-10-16 21:53:06,323 [5c3956af-60d3-411f-8c98-c7ed3576de5c@group-EE856C9543A1-LeaderElection117] INFO  impl.RoleInfo (RoleInfo.java:shutdownLeaderElection(134)) - 5c3956af-60d3-411f-8c98-c7ed3576de5c: shutdown LeaderElection
2019-10-16 21:53:06,324 [5c3956af-60d3-411f-8c98-c7ed3576de5c@group-EE856C9543A1-LeaderElection117] INFO  impl.RoleInfo (RoleInfo.java:updateAndGet(143)) - 5c3956af-60d3-411f-8c98-c7ed3576de5c: start FollowerState
2019-10-16 21:53:06,332 [Thread-1017] INFO  impl.FollowerState (FollowerState.java:run(108)) - 5c3956af-60d3-411f-8c98-c7ed3576de5c@group-EE856C9543A1-FollowerState: change to CANDIDATE, lastRpcTime:8ms, electionTimeout:8ms
2019-10-16 21:53:06,332 [Thread-1017] INFO  impl.RoleInfo (RoleInfo.java:shutdownFollowerState(121)) - 5c3956af-60d3-411f-8c98-c7ed3576de5c: shutdown FollowerState
2019-10-16 21:53:06,332 [Thread-1017] INFO  impl.RaftServerImpl (RaftServerImpl.java:setRole(184)) - 5c3956af-60d3-411f-8c98-c7ed3576de5c@group-EE856C9543A1: changes role from  FOLLOWER to CANDIDATE at term 119 for changeToCandidate
2019-10-16 21:53:06,333 [Thread-1017] INFO  impl.RoleInfo (RoleInfo.java:updateAndGet(143)) - 5c3956af-60d3-411f-8c98-c7ed3576de5c: start LeaderElection
2019-10-16 21:53:06,346 [5c3956af-60d3-411f-8c98-c7ed3576de5c@group-EE856C9543A1-LeaderElection118] INFO  impl.LeaderElection (LeaderElection.java:askForVotes(178)) - 5c3956af-60d3-411f-8c98-c7ed3576de5c@group-EE856C9543A1-LeaderElection118: begin an election at term 120 for -1: [5c3956af-60d3-411f-8c98-c7ed3576de5c:192.168.34.38:33787, efb933de-cdd8-4d8d-88d2-4c7ffe0dec1a:192.168.34.38:42459, 9d88716d-5d6b-4fd8-b832-a110dc45ee66:192.168.34.38:38211], old=null
2019-10-16 21:53:06,348 [grpc-default-executor-1] INFO  impl.RaftServerImpl (RaftServerImpl.java:setRole(184)) - 9d88716d-5d6b-4fd8-b832-a110dc45ee66@group-EE856C9543A1: changes role from  FOLLOWER to FOLLOWER at term 120 for recognizeCandidate:5c3956af-60d3-411f-8c98-c7ed3576de5c
2019-10-16 21:53:06,348 [grpc-default-executor-0] INFO  impl.RaftServerImpl (RaftServerImpl.java:setRole(184)) - efb933de-cdd8-4d8d-88d2-4c7ffe0dec1a@group-EE856C9543A1: changes role from  FOLLOWER to FOLLOWER at term 120 for recognizeCandidate:5c3956af-60d3-411f-8c98-c7ed3576de5c
2019-10-16 21:53:06,348 [grpc-default-executor-1] INFO  impl.RoleInfo (RoleInfo.java:shutdownFollowerState(121)) - 9d88716d-5d6b-4fd8-b832-a110dc45ee66: shutdown FollowerState
2019-10-16 21:53:06,348 [grpc-default-executor-0] INFO  impl.RoleInfo (RoleInfo.java:shutdownFollowerState(121)) - efb933de-cdd8-4d8d-88d2-4c7ffe0dec1a: shutdown FollowerState
2019-10-16 21:53:06,349 [Thread-1015] INFO  impl.FollowerState (FollowerState.java:run(117)) - 9d88716d-5d6b-4fd8-b832-a110dc45ee66@group-EE856C9543A1-FollowerState was interrupted: java.lang.InterruptedException: sleep interrupted
2019-10-16 21:53:06,349 [grpc-default-executor-1] INFO  impl.RoleInfo (RoleInfo.java:updateAndGet(143)) - 9d88716d-5d6b-4fd8-b832-a110dc45ee66: start FollowerState
2019-10-16 21:53:06,349 [Thread-1016] INFO  impl.FollowerState (FollowerState.java:run(117)) - efb933de-cdd8-4d8d-88d2-4c7ffe0dec1a@group-EE856C9543A1-FollowerState was interrupted: java.lang.InterruptedException: sleep interrupted
2019-10-16 21:53:06,349 [grpc-default-executor-0] INFO  impl.RoleInfo (RoleInfo.java:updateAndGet(143)) - efb933de-cdd8-4d8d-88d2-4c7ffe0dec1a: start FollowerState
2019-10-16 21:53:06,363 [5c3956af-60d3-411f-8c98-c7ed3576de5c@group-EE856C9543A1-LeaderElection118] INFO  impl.LeaderElection (LeaderElection.java:logAndReturn(56)) - 5c3956af-60d3-411f-8c98-c7ed3576de5c@group-EE856C9543A1-LeaderElection118: Election REJECTED; received 2 response(s) [5c3956af-60d3-411f-8c98-c7ed3576de5c<-efb933de-cdd8-4d8d-88d2-4c7ffe0dec1a#0:FAIL-t120, 5c3956af-60d3-411f-8c98-c7ed3576de5c<-9d88716d-5d6b-4fd8-b832-a110dc45ee66#0:FAIL-t120] and 0 exception(s); 5c3956af-60d3-411f-8c98-c7ed3576de5c@group-EE856C9543A1:t120, leader=null, voted=5c3956af-60d3-411f-8c98-c7ed3576de5c, raftlog=5c3956af-60d3-411f-8c98-c7ed3576de5c@group-EE856C9543A1-SegmentedRaftLog:OPENED:c-1,f-1,i0, conf=-1: [5c3956af-60d3-411f-8c98-c7ed3576de5c:192.168.34.38:33787, efb933de-cdd8-4d8d-88d2-4c7ffe0dec1a:192.168.34.38:42459, 9d88716d-5d6b-4fd8-b832-a110dc45ee66:192.168.34.38:38211], old=null
2019-10-16 21:53:06,363 [5c3956af-60d3-411f-8c98-c7ed3576de5c@group-EE856C9543A1-LeaderElection118] INFO  impl.RaftServerImpl (RaftServerImpl.java:setRole(184)) - 5c3956af-60d3-411f-8c98-c7ed3576de5c@group-EE856C9543A1: changes role from CANDIDATE to FOLLOWER at term 120 for DISCOVERED_A_NEW_TERM
2019-10-16 21:53:06,364 [5c3956af-60d3-411f-8c98-c7ed3576de5c@group-EE856C9543A1-LeaderElection118] INFO  impl.RoleInfo (RoleInfo.java:shutdownLeaderElection(134)) - 5c3956af-60d3-411f-8c98-c7ed3576de5c: shutdown LeaderElection
2019-10-16 21:53:06,364 [5c3956af-60d3-411f-8c98-c7ed3576de5c@group-EE856C9543A1-LeaderElection118] INFO  impl.RoleInfo (RoleInfo.java:updateAndGet(143)) - 5c3956af-60d3-411f-8c98-c7ed3576de5c: start FollowerState
2019-10-16 21:53:06,402 [JUnit] INFO  ozone.MiniOzoneClusterImpl (MiniOzoneClusterImpl.java:lambda$waitForClusterToBeReady$2(164)) - Waiting for 1 number of pipelines out of 6, to report a leader.
2019-10-16 21:53:06,470 [Thread-1023] INFO  impl.FollowerState (FollowerState.java:run(108)) - 5c3956af-60d3-411f-8c98-c7ed3576de5c@group-EE856C9543A1-FollowerState: change to CANDIDATE, lastRpcTime:106ms, electionTimeout:106ms
2019-10-16 21:53:06,470 [Thread-1023] INFO  impl.RoleInfo (RoleInfo.java:shutdownFollowerState(121)) - 5c3956af-60d3-411f-8c98-c7ed3576de5c: shutdown FollowerState
2019-10-16 21:53:06,471 [Thread-1023] INFO  impl.RaftServerImpl (RaftServerImpl.java:setRole(184)) - 5c3956af-60d3-411f-8c98-c7ed3576de5c@group-EE856C9543A1: changes role from  FOLLOWER to CANDIDATE at term 120 for changeToCandidate
2019-10-16 21:53:06,471 [Thread-1023] INFO  impl.RoleInfo (RoleInfo.java:updateAndGet(143)) - 5c3956af-60d3-411f-8c98-c7ed3576de5c: start LeaderElection
2019-10-16 21:53:06,485 [5c3956af-60d3-411f-8c98-c7ed3576de5c@group-EE856C9543A1-LeaderElection119] INFO  impl.LeaderElection (LeaderElection.java:askForVotes(178)) - 5c3956af-60d3-411f-8c98-c7ed3576de5c@group-EE856C9543A1-LeaderElection119: begin an election at term 121 for -1: [5c3956af-60d3-411f-8c98-c7ed3576de5c:192.168.34.38:33787, efb933de-cdd8-4d8d-88d2-4c7ffe0dec1a:192.168.34.38:42459, 9d88716d-5d6b-4fd8-b832-a110dc45ee66:192.168.34.38:38211], old=null
2019-10-16 21:53:06,487 [grpc-default-executor-0] INFO  impl.RaftServerImpl (RaftServerImpl.java:setRole(184)) - efb933de-cdd8-4d8d-88d2-4c7ffe0dec1a@group-EE856C9543A1: changes role from  FOLLOWER to FOLLOWER at term 121 for recognizeCandidate:5c3956af-60d3-411f-8c98-c7ed3576de5c
2019-10-16 21:53:06,487 [grpc-default-executor-1] INFO  impl.RaftServerImpl (RaftServerImpl.java:setRole(184)) - 9d88716d-5d6b-4fd8-b832-a110dc45ee66@group-EE856C9543A1: changes role from  FOLLOWER to FOLLOWER at term 121 for recognizeCandidate:5c3956af-60d3-411f-8c98-c7ed3576de5c
2019-10-16 21:53:06,488 [grpc-default-executor-0] INFO  impl.RoleInfo (RoleInfo.java:shutdownFollowerState(121)) - efb933de-cdd8-4d8d-88d2-4c7ffe0dec1a: shutdown FollowerState
2019-10-16 21:53:06,488 [grpc-default-executor-1] INFO  impl.RoleInfo (RoleInfo.java:shutdownFollowerState(121)) - 9d88716d-5d6b-4fd8-b832-a110dc45ee66: shutdown FollowerState
2019-10-16 21:53:06,488 [grpc-default-executor-0] INFO  impl.RoleInfo (RoleInfo.java:updateAndGet(143)) - efb933de-cdd8-4d8d-88d2-4c7ffe0dec1a: start FollowerState
2019-10-16 21:53:06,488 [Thread-1021] INFO  impl.FollowerState (FollowerState.java:run(117)) - 9d88716d-5d6b-4fd8-b832-a110dc45ee66@group-EE856C9543A1-FollowerState was interrupted: java.lang.InterruptedException: sleep interrupted
2019-10-16 21:53:06,488 [Thread-1022] INFO  impl.FollowerState (FollowerState.java:run(117)) - efb933de-cdd8-4d8d-88d2-4c7ffe0dec1a@group-EE856C9543A1-FollowerState was interrupted: java.lang.InterruptedException: sleep interrupted
2019-10-16 21:53:06,488 [grpc-default-executor-1] INFO  impl.RoleInfo (RoleInfo.java:updateAndGet(143)) - 9d88716d-5d6b-4fd8-b832-a110dc45ee66: start FollowerState
2019-10-16 21:53:06,502 [5c3956af-60d3-411f-8c98-c7ed3576de5c@group-EE856C9543A1-LeaderElection119] INFO  impl.LeaderElection (LeaderElection.java:logAndReturn(56)) - 5c3956af-60d3-411f-8c98-c7ed3576de5c@group-EE856C9543A1-LeaderElection119: Election REJECTED; received 2 response(s) [5c3956af-60d3-411f-8c98-c7ed3576de5c<-efb933de-cdd8-4d8d-88d2-4c7ffe0dec1a#0:FAIL-t121, 5c3956af-60d3-411f-8c98-c7ed3576de5c<-9d88716d-5d6b-4fd8-b832-a110dc45ee66#0:FAIL-t121] and 0 exception(s); 5c3956af-60d3-411f-8c98-c7ed3576de5c@group-EE856C9543A1:t121, leader=null, voted=5c3956af-60d3-411f-8c98-c7ed3576de5c, raftlog=5c3956af-60d3-411f-8c98-c7ed3576de5c@group-EE856C9543A1-SegmentedRaftLog:OPENED:c-1,f-1,i0, conf=-1: [5c3956af-60d3-411f-8c98-c7ed3576de5c:192.168.34.38:33787, efb933de-cdd8-4d8d-88d2-4c7ffe0dec1a:192.168.34.38:42459, 9d88716d-5d6b-4fd8-b832-a110dc45ee66:192.168.34.38:38211], old=null
2019-10-16 21:53:06,502 [5c3956af-60d3-411f-8c98-c7ed3576de5c@group-EE856C9543A1-LeaderElection119] INFO  impl.RaftServerImpl (RaftServerImpl.java:setRole(184)) - 5c3956af-60d3-411f-8c98-c7ed3576de5c@group-EE856C9543A1: changes role from CANDIDATE to FOLLOWER at term 121 for DISCOVERED_A_NEW_TERM
2019-10-16 21:53:06,503 [5c3956af-60d3-411f-8c98-c7ed3576de5c@group-EE856C9543A1-LeaderElection119] INFO  impl.RoleInfo (RoleInfo.java:shutdownLeaderElection(134)) - 5c3956af-60d3-411f-8c98-c7ed3576de5c: shutdown LeaderElection
2019-10-16 21:53:06,503 [5c3956af-60d3-411f-8c98-c7ed3576de5c@group-EE856C9543A1-LeaderElection119] INFO  impl.RoleInfo (RoleInfo.java:updateAndGet(143)) - 5c3956af-60d3-411f-8c98-c7ed3576de5c: start FollowerState
2019-10-16 21:53:06,561 [Thread-1029] INFO  impl.FollowerState (FollowerState.java:run(108)) - 5c3956af-60d3-411f-8c98-c7ed3576de5c@group-EE856C9543A1-FollowerState: change to CANDIDATE, lastRpcTime:58ms, electionTimeout:58ms
2019-10-16 21:53:06,561 [Thread-1029] INFO  impl.RoleInfo (RoleInfo.java:shutdownFollowerState(121)) - 5c3956af-60d3-411f-8c98-c7ed3576de5c: shutdown FollowerState
2019-10-16 21:53:06,561 [Thread-1029] INFO  impl.RaftServerImpl (RaftServerImpl.java:setRole(184)) - 5c3956af-60d3-411f-8c98-c7ed3576de5c@group-EE856C9543A1: changes role from  FOLLOWER to CANDIDATE at term 121 for changeToCandidate
2019-10-16 21:53:06,561 [Thread-1029] INFO  impl.RoleInfo (RoleInfo.java:updateAndGet(143)) - 5c3956af-60d3-411f-8c98-c7ed3576de5c: start LeaderElection
2019-10-16 21:53:06,587 [5c3956af-60d3-411f-8c98-c7ed3576de5c@group-EE856C9543A1-LeaderElection120] INFO  impl.LeaderElection (LeaderElection.java:askForVotes(178)) - 5c3956af-60d3-411f-8c98-c7ed3576de5c@group-EE856C9543A1-LeaderElection120: begin an election at term 122 for -1: [5c3956af-60d3-411f-8c98-c7ed3576de5c:192.168.34.38:33787, efb933de-cdd8-4d8d-88d2-4c7ffe0dec1a:192.168.34.38:42459, 9d88716d-5d6b-4fd8-b832-a110dc45ee66:192.168.34.38:38211], old=null
2019-10-16 21:53:06,589 [grpc-default-executor-1] INFO  impl.RaftServerImpl (RaftServerImpl.java:setRole(184)) - efb933de-cdd8-4d8d-88d2-4c7ffe0dec1a@group-EE856C9543A1: changes role from  FOLLOWER to FOLLOWER at term 122 for recognizeCandidate:5c3956af-60d3-411f-8c98-c7ed3576de5c
2019-10-16 21:53:06,589 [grpc-default-executor-0] INFO  impl.RaftServerImpl (RaftServerImpl.java:setRole(184)) - 9d88716d-5d6b-4fd8-b832-a110dc45ee66@group-EE856C9543A1: changes role from  FOLLOWER to FOLLOWER at term 122 for recognizeCandidate:5c3956af-60d3-411f-8c98-c7ed3576de5c
2019-10-16 21:53:06,590 [grpc-default-executor-1] INFO  impl.RoleInfo (RoleInfo.java:shutdownFollowerState(121)) - efb933de-cdd8-4d8d-88d2-4c7ffe0dec1a: shutdown FollowerState
2019-10-16 21:53:06,590 [grpc-default-executor-0] INFO  impl.RoleInfo (RoleInfo.java:shutdownFollowerState(121)) - 9d88716d-5d6b-4fd8-b832-a110dc45ee66: shutdown FollowerState
2019-10-16 21:53:06,590 [grpc-default-executor-1] INFO  impl.RoleInfo (RoleInfo.java:updateAndGet(143)) - efb933de-cdd8-4d8d-88d2-4c7ffe0dec1a: start FollowerState
2019-10-16 21:53:06,590 [grpc-default-executor-0] INFO  impl.RoleInfo (RoleInfo.java:updateAndGet(143)) - 9d88716d-5d6b-4fd8-b832-a110dc45ee66: start FollowerState
2019-10-16 21:53:06,590 [Thread-1027] INFO  impl.FollowerState (FollowerState.java:run(117)) - efb933de-cdd8-4d8d-88d2-4c7ffe0dec1a@group-EE856C9543A1-FollowerState was interrupted: java.lang.InterruptedException: sleep interrupted
2019-10-16 21:53:06,590 [Thread-1028] INFO  impl.FollowerState (FollowerState.java:run(117)) - 9d88716d-5d6b-4fd8-b832-a110dc45ee66@group-EE856C9543A1-FollowerState was interrupted: java.lang.InterruptedException: sleep interrupted
2019-10-16 21:53:06,605 [5c3956af-60d3-411f-8c98-c7ed3576de5c@group-EE856C9543A1-LeaderElection120] INFO  impl.LeaderElection (LeaderElection.java:logAndReturn(56)) - 5c3956af-60d3-411f-8c98-c7ed3576de5c@group-EE856C9543A1-LeaderElection120: Election REJECTED; received 2 response(s) [5c3956af-60d3-411f-8c98-c7ed3576de5c<-efb933de-cdd8-4d8d-88d2-4c7ffe0dec1a#0:FAIL-t122, 5c3956af-60d3-411f-8c98-c7ed3576de5c<-9d88716d-5d6b-4fd8-b832-a110dc45ee66#0:FAIL-t122] and 0 exception(s); 5c3956af-60d3-411f-8c98-c7ed3576de5c@group-EE856C9543A1:t122, leader=null, voted=5c3956af-60d3-411f-8c98-c7ed3576de5c, raftlog=5c3956af-60d3-411f-8c98-c7ed3576de5c@group-EE856C9543A1-SegmentedRaftLog:OPENED:c-1,f-1,i0, conf=-1: [5c3956af-60d3-411f-8c98-c7ed3576de5c:192.168.34.38:33787, efb933de-cdd8-4d8d-88d2-4c7ffe0dec1a:192.168.34.38:42459, 9d88716d-5d6b-4fd8-b832-a110dc45ee66:192.168.34.38:38211], old=null
2019-10-16 21:53:06,605 [5c3956af-60d3-411f-8c98-c7ed3576de5c@group-EE856C9543A1-LeaderElection120] INFO  impl.RaftServerImpl (RaftServerImpl.java:setRole(184)) - 5c3956af-60d3-411f-8c98-c7ed3576de5c@group-EE856C9543A1: changes role from CANDIDATE to FOLLOWER at term 122 for DISCOVERED_A_NEW_TERM
2019-10-16 21:53:06,605 [5c3956af-60d3-411f-8c98-c7ed3576de5c@group-EE856C9543A1-LeaderElection120] INFO  impl.RoleInfo (RoleInfo.java:shutdownLeaderElection(134)) - 5c3956af-60d3-411f-8c98-c7ed3576de5c: shutdown LeaderElection
2019-10-16 21:53:06,605 [5c3956af-60d3-411f-8c98-c7ed3576de5c@group-EE856C9543A1-LeaderElection120] INFO  impl.RoleInfo (RoleInfo.java:updateAndGet(143)) - 5c3956af-60d3-411f-8c98-c7ed3576de5c: start FollowerState
2019-10-16 21:53:06,684 [Thread-1035] INFO  impl.FollowerState (FollowerState.java:run(108)) - 5c3956af-60d3-411f-8c98-c7ed3576de5c@group-EE856C9543A1-FollowerState: change to CANDIDATE, lastRpcTime:79ms, electionTimeout:79ms
2019-10-16 21:53:06,685 [Thread-1035] INFO  impl.RoleInfo (RoleInfo.java:shutdownFollowerState(121)) - 5c3956af-60d3-411f-8c98-c7ed3576de5c: shutdown FollowerState
2019-10-16 21:53:06,685 [Thread-1035] INFO  impl.RaftServerImpl (RaftServerImpl.java:setRole(184)) - 5c3956af-60d3-411f-8c98-c7ed3576de5c@group-EE856C9543A1: changes role from  FOLLOWER to CANDIDATE at term 122 for changeToCandidate
2019-10-16 21:53:06,685 [Thread-1035] INFO  impl.RoleInfo (RoleInfo.java:updateAndGet(143)) - 5c3956af-60d3-411f-8c98-c7ed3576de5c: start LeaderElection
2019-10-16 21:53:06,713 [5c3956af-60d3-411f-8c98-c7ed3576de5c@group-EE856C9543A1-LeaderElection121] INFO  impl.LeaderElection (LeaderElection.java:askForVotes(178)) - 5c3956af-60d3-411f-8c98-c7ed3576de5c@group-EE856C9543A1-LeaderElection121: begin an election at term 123 for -1: [5c3956af-60d3-411f-8c98-c7ed3576de5c:192.168.34.38:33787, efb933de-cdd8-4d8d-88d2-4c7ffe0dec1a:192.168.34.38:42459, 9d88716d-5d6b-4fd8-b832-a110dc45ee66:192.168.34.38:38211], old=null
2019-10-16 21:53:06,716 [grpc-default-executor-0] INFO  impl.RaftServerImpl (RaftServerImpl.java:setRole(184)) - 9d88716d-5d6b-4fd8-b832-a110dc45ee66@group-EE856C9543A1: changes role from  FOLLOWER to FOLLOWER at term 123 for recognizeCandidate:5c3956af-60d3-411f-8c98-c7ed3576de5c
2019-10-16 21:53:06,716 [grpc-default-executor-1] INFO  impl.RaftServerImpl (RaftServerImpl.java:setRole(184)) - efb933de-cdd8-4d8d-88d2-4c7ffe0dec1a@group-EE856C9543A1: changes role from  FOLLOWER to FOLLOWER at term 123 for recognizeCandidate:5c3956af-60d3-411f-8c98-c7ed3576de5c
2019-10-16 21:53:06,716 [grpc-default-executor-1] INFO  impl.RoleInfo (RoleInfo.java:shutdownFollowerState(121)) - efb933de-cdd8-4d8d-88d2-4c7ffe0dec1a: shutdown FollowerState
2019-10-16 21:53:06,716 [grpc-default-executor-0] INFO  impl.RoleInfo (RoleInfo.java:shutdownFollowerState(121)) - 9d88716d-5d6b-4fd8-b832-a110dc45ee66: shutdown FollowerState
2019-10-16 21:53:06,716 [grpc-default-executor-1] INFO  impl.RoleInfo (RoleInfo.java:updateAndGet(143)) - efb933de-cdd8-4d8d-88d2-4c7ffe0dec1a: start FollowerState
2019-10-16 21:53:06,717 [Thread-1033] INFO  impl.FollowerState (FollowerState.java:run(117)) - efb933de-cdd8-4d8d-88d2-4c7ffe0dec1a@group-EE856C9543A1-FollowerState was interrupted: java.lang.InterruptedException: sleep interrupted
2019-10-16 21:53:06,717 [grpc-default-executor-0] INFO  impl.RoleInfo (RoleInfo.java:updateAndGet(143)) - 9d88716d-5d6b-4fd8-b832-a110dc45ee66: start FollowerState
2019-10-16 21:53:06,717 [Thread-1034] INFO  impl.FollowerState (FollowerState.java:run(117)) - 9d88716d-5d6b-4fd8-b832-a110dc45ee66@group-EE856C9543A1-FollowerState was interrupted: java.lang.InterruptedException: sleep interrupted
2019-10-16 21:53:06,731 [5c3956af-60d3-411f-8c98-c7ed3576de5c@group-EE856C9543A1-LeaderElection121] INFO  impl.LeaderElection (LeaderElection.java:logAndReturn(56)) - 5c3956af-60d3-411f-8c98-c7ed3576de5c@group-EE856C9543A1-LeaderElection121: Election REJECTED; received 2 response(s) [5c3956af-60d3-411f-8c98-c7ed3576de5c<-efb933de-cdd8-4d8d-88d2-4c7ffe0dec1a#0:FAIL-t123, 5c3956af-60d3-411f-8c98-c7ed3576de5c<-9d88716d-5d6b-4fd8-b832-a110dc45ee66#0:FAIL-t123] and 0 exception(s); 5c3956af-60d3-411f-8c98-c7ed3576de5c@group-EE856C9543A1:t123, leader=null, voted=5c3956af-60d3-411f-8c98-c7ed3576de5c, raftlog=5c3956af-60d3-411f-8c98-c7ed3576de5c@group-EE856C9543A1-SegmentedRaftLog:OPENED:c-1,f-1,i0, conf=-1: [5c3956af-60d3-411f-8c98-c7ed3576de5c:192.168.34.38:33787, efb933de-cdd8-4d8d-88d2-4c7ffe0dec1a:192.168.34.38:42459, 9d88716d-5d6b-4fd8-b832-a110dc45ee66:192.168.34.38:38211], old=null
2019-10-16 21:53:06,732 [5c3956af-60d3-411f-8c98-c7ed3576de5c@group-EE856C9543A1-LeaderElection121] INFO  impl.RaftServerImpl (RaftServerImpl.java:setRole(184)) - 5c3956af-60d3-411f-8c98-c7ed3576de5c@group-EE856C9543A1: changes role from CANDIDATE to FOLLOWER at term 123 for DISCOVERED_A_NEW_TERM
2019-10-16 21:53:06,732 [5c3956af-60d3-411f-8c98-c7ed3576de5c@group-EE856C9543A1-LeaderElection121] INFO  impl.RoleInfo (RoleInfo.java:shutdownLeaderElection(134)) - 5c3956af-60d3-411f-8c98-c7ed3576de5c: shutdown LeaderElection
2019-10-16 21:53:06,732 [5c3956af-60d3-411f-8c98-c7ed3576de5c@group-EE856C9543A1-LeaderElection121] INFO  impl.RoleInfo (RoleInfo.java:updateAndGet(143)) - 5c3956af-60d3-411f-8c98-c7ed3576de5c: start FollowerState
2019-10-16 21:53:06,788 [Thread-1041] INFO  impl.FollowerState (FollowerState.java:run(108)) - 5c3956af-60d3-411f-8c98-c7ed3576de5c@group-EE856C9543A1-FollowerState: change to CANDIDATE, lastRpcTime:56ms, electionTimeout:56ms
2019-10-16 21:53:06,789 [Thread-1041] INFO  impl.RoleInfo (RoleInfo.java:shutdownFollowerState(121)) - 5c3956af-60d3-411f-8c98-c7ed3576de5c: shutdown FollowerState
2019-10-16 21:53:06,789 [Thread-1041] INFO  impl.RaftServerImpl (RaftServerImpl.java:setRole(184)) - 5c3956af-60d3-411f-8c98-c7ed3576de5c@group-EE856C9543A1: changes role from  FOLLOWER to CANDIDATE at term 123 for changeToCandidate
2019-10-16 21:53:06,789 [Thread-1041] INFO  impl.RoleInfo (RoleInfo.java:updateAndGet(143)) - 5c3956af-60d3-411f-8c98-c7ed3576de5c: start LeaderElection
2019-10-16 21:53:06,803 [5c3956af-60d3-411f-8c98-c7ed3576de5c@group-EE856C9543A1-LeaderElection122] INFO  impl.LeaderElection (LeaderElection.java:askForVotes(178)) - 5c3956af-60d3-411f-8c98-c7ed3576de5c@group-EE856C9543A1-LeaderElection122: begin an election at term 124 for -1: [5c3956af-60d3-411f-8c98-c7ed3576de5c:192.168.34.38:33787, efb933de-cdd8-4d8d-88d2-4c7ffe0dec1a:192.168.34.38:42459, 9d88716d-5d6b-4fd8-b832-a110dc45ee66:192.168.34.38:38211], old=null
2019-10-16 21:53:06,805 [grpc-default-executor-1] INFO  impl.RaftServerImpl (RaftServerImpl.java:setRole(184)) - 9d88716d-5d6b-4fd8-b832-a110dc45ee66@group-EE856C9543A1: changes role from  FOLLOWER to FOLLOWER at term 124 for recognizeCandidate:5c3956af-60d3-411f-8c98-c7ed3576de5c
2019-10-16 21:53:06,805 [grpc-default-executor-0] INFO  impl.RaftServerImpl (RaftServerImpl.java:setRole(184)) - efb933de-cdd8-4d8d-88d2-4c7ffe0dec1a@group-EE856C9543A1: changes role from  FOLLOWER to FOLLOWER at term 124 for recognizeCandidate:5c3956af-60d3-411f-8c98-c7ed3576de5c
2019-10-16 21:53:06,805 [grpc-default-executor-1] INFO  impl.RoleInfo (RoleInfo.java:shutdownFollowerState(121)) - 9d88716d-5d6b-4fd8-b832-a110dc45ee66: shutdown FollowerState
2019-10-16 21:53:06,805 [grpc-default-executor-0] INFO  impl.RoleInfo (RoleInfo.java:shutdownFollowerState(121)) - efb933de-cdd8-4d8d-88d2-4c7ffe0dec1a: shutdown FollowerState
2019-10-16 21:53:06,805 [grpc-default-executor-1] INFO  impl.RoleInfo (RoleInfo.java:updateAndGet(143)) - 9d88716d-5d6b-4fd8-b832-a110dc45ee66: start FollowerState
2019-10-16 21:53:06,805 [Thread-1040] INFO  impl.FollowerState (FollowerState.java:run(117)) - 9d88716d-5d6b-4fd8-b832-a110dc45ee66@group-EE856C9543A1-FollowerState was interrupted: java.lang.InterruptedException: sleep interrupted
2019-10-16 21:53:06,805 [grpc-default-executor-0] INFO  impl.RoleInfo (RoleInfo.java:updateAndGet(143)) - efb933de-cdd8-4d8d-88d2-4c7ffe0dec1a: start FollowerState
2019-10-16 21:53:06,806 [Thread-1039] INFO  impl.FollowerState (FollowerState.java:run(117)) - efb933de-cdd8-4d8d-88d2-4c7ffe0dec1a@group-EE856C9543A1-FollowerState was interrupted: java.lang.InterruptedException: sleep interrupted
2019-10-16 21:53:06,820 [5c3956af-60d3-411f-8c98-c7ed3576de5c@group-EE856C9543A1-LeaderElection122] INFO  impl.LeaderElection (LeaderElection.java:logAndReturn(56)) - 5c3956af-60d3-411f-8c98-c7ed3576de5c@group-EE856C9543A1-LeaderElection122: Election REJECTED; received 2 response(s) [5c3956af-60d3-411f-8c98-c7ed3576de5c<-efb933de-cdd8-4d8d-88d2-4c7ffe0dec1a#0:FAIL-t124, 5c3956af-60d3-411f-8c98-c7ed3576de5c<-9d88716d-5d6b-4fd8-b832-a110dc45ee66#0:FAIL-t124] and 0 exception(s); 5c3956af-60d3-411f-8c98-c7ed3576de5c@group-EE856C9543A1:t124, leader=null, voted=5c3956af-60d3-411f-8c98-c7ed3576de5c, raftlog=5c3956af-60d3-411f-8c98-c7ed3576de5c@group-EE856C9543A1-SegmentedRaftLog:OPENED:c-1,f-1,i0, conf=-1: [5c3956af-60d3-411f-8c98-c7ed3576de5c:192.168.34.38:33787, efb933de-cdd8-4d8d-88d2-4c7ffe0dec1a:192.168.34.38:42459, 9d88716d-5d6b-4fd8-b832-a110dc45ee66:192.168.34.38:38211], old=null
2019-10-16 21:53:06,820 [5c3956af-60d3-411f-8c98-c7ed3576de5c@group-EE856C9543A1-LeaderElection122] INFO  impl.RaftServerImpl (RaftServerImpl.java:setRole(184)) - 5c3956af-60d3-411f-8c98-c7ed3576de5c@group-EE856C9543A1: changes role from CANDIDATE to FOLLOWER at term 124 for DISCOVERED_A_NEW_TERM
2019-10-16 21:53:06,820 [5c3956af-60d3-411f-8c98-c7ed3576de5c@group-EE856C9543A1-LeaderElection122] INFO  impl.RoleInfo (RoleInfo.java:shutdownLeaderElection(134)) - 5c3956af-60d3-411f-8c98-c7ed3576de5c: shutdown LeaderElection
2019-10-16 21:53:06,820 [5c3956af-60d3-411f-8c98-c7ed3576de5c@group-EE856C9543A1-LeaderElection122] INFO  impl.RoleInfo (RoleInfo.java:updateAndGet(143)) - 5c3956af-60d3-411f-8c98-c7ed3576de5c: start FollowerState
2019-10-16 21:53:07,001 [Thread-1047] INFO  impl.FollowerState (FollowerState.java:run(108)) - 5c3956af-60d3-411f-8c98-c7ed3576de5c@group-EE856C9543A1-FollowerState: change to CANDIDATE, lastRpcTime:180ms, electionTimeout:180ms
2019-10-16 21:53:07,001 [Thread-1047] INFO  impl.RoleInfo (RoleInfo.java:shutdownFollowerState(121)) - 5c3956af-60d3-411f-8c98-c7ed3576de5c: shutdown FollowerState
2019-10-16 21:53:07,001 [Thread-1047] INFO  impl.RaftServerImpl (RaftServerImpl.java:setRole(184)) - 5c3956af-60d3-411f-8c98-c7ed3576de5c@group-EE856C9543A1: changes role from  FOLLOWER to CANDIDATE at term 124 for changeToCandidate
2019-10-16 21:53:07,001 [Thread-1047] INFO  impl.RoleInfo (RoleInfo.java:updateAndGet(143)) - 5c3956af-60d3-411f-8c98-c7ed3576de5c: start LeaderElection
2019-10-16 21:53:07,015 [5c3956af-60d3-411f-8c98-c7ed3576de5c@group-EE856C9543A1-LeaderElection123] INFO  impl.LeaderElection (LeaderElection.java:askForVotes(178)) - 5c3956af-60d3-411f-8c98-c7ed3576de5c@group-EE856C9543A1-LeaderElection123: begin an election at term 125 for -1: [5c3956af-60d3-411f-8c98-c7ed3576de5c:192.168.34.38:33787, efb933de-cdd8-4d8d-88d2-4c7ffe0dec1a:192.168.34.38:42459, 9d88716d-5d6b-4fd8-b832-a110dc45ee66:192.168.34.38:38211], old=null
2019-10-16 21:53:07,017 [grpc-default-executor-1] INFO  impl.RaftServerImpl (RaftServerImpl.java:setRole(184)) - efb933de-cdd8-4d8d-88d2-4c7ffe0dec1a@group-EE856C9543A1: changes role from  FOLLOWER to FOLLOWER at term 125 for recognizeCandidate:5c3956af-60d3-411f-8c98-c7ed3576de5c
2019-10-16 21:53:07,018 [grpc-default-executor-1] INFO  impl.RoleInfo (RoleInfo.java:shutdownFollowerState(121)) - efb933de-cdd8-4d8d-88d2-4c7ffe0dec1a: shutdown FollowerState
2019-10-16 21:53:07,018 [grpc-default-executor-0] INFO  impl.RaftServerImpl (RaftServerImpl.java:setRole(184)) - 9d88716d-5d6b-4fd8-b832-a110dc45ee66@group-EE856C9543A1: changes role from  FOLLOWER to FOLLOWER at term 125 for recognizeCandidate:5c3956af-60d3-411f-8c98-c7ed3576de5c
2019-10-16 21:53:07,018 [grpc-default-executor-0] INFO  impl.RoleInfo (RoleInfo.java:shutdownFollowerState(121)) - 9d88716d-5d6b-4fd8-b832-a110dc45ee66: shutdown FollowerState
2019-10-16 21:53:07,018 [Thread-1046] INFO  impl.FollowerState (FollowerState.java:run(117)) - efb933de-cdd8-4d8d-88d2-4c7ffe0dec1a@group-EE856C9543A1-FollowerState was interrupted: java.lang.InterruptedException: sleep interrupted
2019-10-16 21:53:07,018 [grpc-default-executor-1] INFO  impl.RoleInfo (RoleInfo.java:updateAndGet(143)) - efb933de-cdd8-4d8d-88d2-4c7ffe0dec1a: start FollowerState
2019-10-16 21:53:07,018 [Thread-1045] INFO  impl.FollowerState (FollowerState.java:run(117)) - 9d88716d-5d6b-4fd8-b832-a110dc45ee66@group-EE856C9543A1-FollowerState was interrupted: java.lang.InterruptedException: sleep interrupted
2019-10-16 21:53:07,018 [grpc-default-executor-0] INFO  impl.RoleInfo (RoleInfo.java:updateAndGet(143)) - 9d88716d-5d6b-4fd8-b832-a110dc45ee66: start FollowerState
2019-10-16 21:53:07,033 [5c3956af-60d3-411f-8c98-c7ed3576de5c@group-EE856C9543A1-LeaderElection123] INFO  impl.LeaderElection (LeaderElection.java:logAndReturn(56)) - 5c3956af-60d3-411f-8c98-c7ed3576de5c@group-EE856C9543A1-LeaderElection123: Election REJECTED; received 2 response(s) [5c3956af-60d3-411f-8c98-c7ed3576de5c<-efb933de-cdd8-4d8d-88d2-4c7ffe0dec1a#0:FAIL-t125, 5c3956af-60d3-411f-8c98-c7ed3576de5c<-9d88716d-5d6b-4fd8-b832-a110dc45ee66#0:FAIL-t125] and 0 exception(s); 5c3956af-60d3-411f-8c98-c7ed3576de5c@group-EE856C9543A1:t125, leader=null, voted=5c3956af-60d3-411f-8c98-c7ed3576de5c, raftlog=5c3956af-60d3-411f-8c98-c7ed3576de5c@group-EE856C9543A1-SegmentedRaftLog:OPENED:c-1,f-1,i0, conf=-1: [5c3956af-60d3-411f-8c98-c7ed3576de5c:192.168.34.38:33787, efb933de-cdd8-4d8d-88d2-4c7ffe0dec1a:192.168.34.38:42459, 9d88716d-5d6b-4fd8-b832-a110dc45ee66:192.168.34.38:38211], old=null
2019-10-16 21:53:07,033 [5c3956af-60d3-411f-8c98-c7ed3576de5c@group-EE856C9543A1-LeaderElection123] INFO  impl.RaftServerImpl (RaftServerImpl.java:setRole(184)) - 5c3956af-60d3-411f-8c98-c7ed3576de5c@group-EE856C9543A1: changes role from CANDIDATE to FOLLOWER at term 125 for DISCOVERED_A_NEW_TERM
2019-10-16 21:53:07,034 [5c3956af-60d3-411f-8c98-c7ed3576de5c@group-EE856C9543A1-LeaderElection123] INFO  impl.RoleInfo (RoleInfo.java:shutdownLeaderElection(134)) - 5c3956af-60d3-411f-8c98-c7ed3576de5c: shutdown LeaderElection
2019-10-16 21:53:07,034 [5c3956af-60d3-411f-8c98-c7ed3576de5c@group-EE856C9543A1-LeaderElection123] INFO  impl.RoleInfo (RoleInfo.java:updateAndGet(143)) - 5c3956af-60d3-411f-8c98-c7ed3576de5c: start FollowerState
2019-10-16 21:53:07,081 [Thread-1053] INFO  impl.FollowerState (FollowerState.java:run(108)) - 5c3956af-60d3-411f-8c98-c7ed3576de5c@group-EE856C9543A1-FollowerState: change to CANDIDATE, lastRpcTime:47ms, electionTimeout:47ms
2019-10-16 21:53:07,081 [Thread-1053] INFO  impl.RoleInfo (RoleInfo.java:shutdownFollowerState(121)) - 5c3956af-60d3-411f-8c98-c7ed3576de5c: shutdown FollowerState
2019-10-16 21:53:07,081 [Thread-1053] INFO  impl.RaftServerImpl (RaftServerImpl.java:setRole(184)) - 5c3956af-60d3-411f-8c98-c7ed3576de5c@group-EE856C9543A1: changes role from  FOLLOWER to CANDIDATE at term 125 for changeToCandidate
2019-10-16 21:53:07,082 [Thread-1053] INFO  impl.RoleInfo (RoleInfo.java:updateAndGet(143)) - 5c3956af-60d3-411f-8c98-c7ed3576de5c: start LeaderElection
2019-10-16 21:53:07,095 [5c3956af-60d3-411f-8c98-c7ed3576de5c@group-EE856C9543A1-LeaderElection124] INFO  impl.LeaderElection (LeaderElection.java:askForVotes(178)) - 5c3956af-60d3-411f-8c98-c7ed3576de5c@group-EE856C9543A1-LeaderElection124: begin an election at term 126 for -1: [5c3956af-60d3-411f-8c98-c7ed3576de5c:192.168.34.38:33787, efb933de-cdd8-4d8d-88d2-4c7ffe0dec1a:192.168.34.38:42459, 9d88716d-5d6b-4fd8-b832-a110dc45ee66:192.168.34.38:38211], old=null
2019-10-16 21:53:07,098 [grpc-default-executor-0] INFO  impl.RaftServerImpl (RaftServerImpl.java:setRole(184)) - 9d88716d-5d6b-4fd8-b832-a110dc45ee66@group-EE856C9543A1: changes role from  FOLLOWER to FOLLOWER at term 126 for recognizeCandidate:5c3956af-60d3-411f-8c98-c7ed3576de5c
2019-10-16 21:53:07,098 [grpc-default-executor-1] INFO  impl.RaftServerImpl (RaftServerImpl.java:setRole(184)) - efb933de-cdd8-4d8d-88d2-4c7ffe0dec1a@group-EE856C9543A1: changes role from  FOLLOWER to FOLLOWER at term 126 for recognizeCandidate:5c3956af-60d3-411f-8c98-c7ed3576de5c
2019-10-16 21:53:07,098 [grpc-default-executor-0] INFO  impl.RoleInfo (RoleInfo.java:shutdownFollowerState(121)) - 9d88716d-5d6b-4fd8-b832-a110dc45ee66: shutdown FollowerState
2019-10-16 21:53:07,098 [grpc-default-executor-1] INFO  impl.RoleInfo (RoleInfo.java:shutdownFollowerState(121)) - efb933de-cdd8-4d8d-88d2-4c7ffe0dec1a: shutdown FollowerState
2019-10-16 21:53:07,098 [Thread-1052] INFO  impl.FollowerState (FollowerState.java:run(117)) - 9d88716d-5d6b-4fd8-b832-a110dc45ee66@group-EE856C9543A1-FollowerState was interrupted: java.lang.InterruptedException: sleep interrupted
2019-10-16 21:53:07,098 [grpc-default-executor-0] INFO  impl.RoleInfo (RoleInfo.java:updateAndGet(143)) - 9d88716d-5d6b-4fd8-b832-a110dc45ee66: start FollowerState
2019-10-16 21:53:07,099 [Thread-1051] INFO  impl.FollowerState (FollowerState.java:run(117)) - efb933de-cdd8-4d8d-88d2-4c7ffe0dec1a@group-EE856C9543A1-FollowerState was interrupted: java.lang.InterruptedException: sleep interrupted
2019-10-16 21:53:07,098 [grpc-default-executor-1] INFO  impl.RoleInfo (RoleInfo.java:updateAndGet(143)) - efb933de-cdd8-4d8d-88d2-4c7ffe0dec1a: start FollowerState
2019-10-16 21:53:07,116 [5c3956af-60d3-411f-8c98-c7ed3576de5c@group-EE856C9543A1-LeaderElection124] INFO  impl.LeaderElection (LeaderElection.java:logAndReturn(56)) - 5c3956af-60d3-411f-8c98-c7ed3576de5c@group-EE856C9543A1-LeaderElection124: Election REJECTED; received 2 response(s) [5c3956af-60d3-411f-8c98-c7ed3576de5c<-efb933de-cdd8-4d8d-88d2-4c7ffe0dec1a#0:FAIL-t126, 5c3956af-60d3-411f-8c98-c7ed3576de5c<-9d88716d-5d6b-4fd8-b832-a110dc45ee66#0:FAIL-t126] and 0 exception(s); 5c3956af-60d3-411f-8c98-c7ed3576de5c@group-EE856C9543A1:t126, leader=null, voted=5c3956af-60d3-411f-8c98-c7ed3576de5c, raftlog=5c3956af-60d3-411f-8c98-c7ed3576de5c@group-EE856C9543A1-SegmentedRaftLog:OPENED:c-1,f-1,i0, conf=-1: [5c3956af-60d3-411f-8c98-c7ed3576de5c:192.168.34.38:33787, efb933de-cdd8-4d8d-88d2-4c7ffe0dec1a:192.168.34.38:42459, 9d88716d-5d6b-4fd8-b832-a110dc45ee66:192.168.34.38:38211], old=null
2019-10-16 21:53:07,116 [5c3956af-60d3-411f-8c98-c7ed3576de5c@group-EE856C9543A1-LeaderElection124] INFO  impl.RaftServerImpl (RaftServerImpl.java:setRole(184)) - 5c3956af-60d3-411f-8c98-c7ed3576de5c@group-EE856C9543A1: changes role from CANDIDATE to FOLLOWER at term 126 for DISCOVERED_A_NEW_TERM
2019-10-16 21:53:07,117 [5c3956af-60d3-411f-8c98-c7ed3576de5c@group-EE856C9543A1-LeaderElection124] INFO  impl.RoleInfo (RoleInfo.java:shutdownLeaderElection(134)) - 5c3956af-60d3-411f-8c98-c7ed3576de5c: shutdown LeaderElection
2019-10-16 21:53:07,117 [5c3956af-60d3-411f-8c98-c7ed3576de5c@group-EE856C9543A1-LeaderElection124] INFO  impl.RoleInfo (RoleInfo.java:updateAndGet(143)) - 5c3956af-60d3-411f-8c98-c7ed3576de5c: start FollowerState
2019-10-16 21:53:07,176 [Thread-1059] INFO  impl.FollowerState (FollowerState.java:run(108)) - 5c3956af-60d3-411f-8c98-c7ed3576de5c@group-EE856C9543A1-FollowerState: change to CANDIDATE, lastRpcTime:59ms, electionTimeout:59ms
2019-10-16 21:53:07,176 [Thread-1059] INFO  impl.RoleInfo (RoleInfo.java:shutdownFollowerState(121)) - 5c3956af-60d3-411f-8c98-c7ed3576de5c: shutdown FollowerState
2019-10-16 21:53:07,176 [Thread-1059] INFO  impl.RaftServerImpl (RaftServerImpl.java:setRole(184)) - 5c3956af-60d3-411f-8c98-c7ed3576de5c@group-EE856C9543A1: changes role from  FOLLOWER to CANDIDATE at term 126 for changeToCandidate
2019-10-16 21:53:07,177 [Thread-1059] INFO  impl.RoleInfo (RoleInfo.java:updateAndGet(143)) - 5c3956af-60d3-411f-8c98-c7ed3576de5c: start LeaderElection
2019-10-16 21:53:07,190 [5c3956af-60d3-411f-8c98-c7ed3576de5c@group-EE856C9543A1-LeaderElection125] INFO  impl.LeaderElection (LeaderElection.java:askForVotes(178)) - 5c3956af-60d3-411f-8c98-c7ed3576de5c@group-EE856C9543A1-LeaderElection125: begin an election at term 127 for -1: [5c3956af-60d3-411f-8c98-c7ed3576de5c:192.168.34.38:33787, efb933de-cdd8-4d8d-88d2-4c7ffe0dec1a:192.168.34.38:42459, 9d88716d-5d6b-4fd8-b832-a110dc45ee66:192.168.34.38:38211], old=null
2019-10-16 21:53:07,193 [grpc-default-executor-1] INFO  impl.RaftServerImpl (RaftServerImpl.java:setRole(184)) - 9d88716d-5d6b-4fd8-b832-a110dc45ee66@group-EE856C9543A1: changes role from  FOLLOWER to FOLLOWER at term 127 for recognizeCandidate:5c3956af-60d3-411f-8c98-c7ed3576de5c
2019-10-16 21:53:07,193 [grpc-default-executor-0] INFO  impl.RaftServerImpl (RaftServerImpl.java:setRole(184)) - efb933de-cdd8-4d8d-88d2-4c7ffe0dec1a@group-EE856C9543A1: changes role from  FOLLOWER to FOLLOWER at term 127 for recognizeCandidate:5c3956af-60d3-411f-8c98-c7ed3576de5c
2019-10-16 21:53:07,193 [grpc-default-executor-1] INFO  impl.RoleInfo (RoleInfo.java:shutdownFollowerState(121)) - 9d88716d-5d6b-4fd8-b832-a110dc45ee66: shutdown FollowerState
2019-10-16 21:53:07,193 [grpc-default-executor-0] INFO  impl.RoleInfo (RoleInfo.java:shutdownFollowerState(121)) - efb933de-cdd8-4d8d-88d2-4c7ffe0dec1a: shutdown FollowerState
2019-10-16 21:53:07,193 [grpc-default-executor-1] INFO  impl.RoleInfo (RoleInfo.java:updateAndGet(143)) - 9d88716d-5d6b-4fd8-b832-a110dc45ee66: start FollowerState
2019-10-16 21:53:07,193 [Thread-1058] INFO  impl.FollowerState (FollowerState.java:run(117)) - efb933de-cdd8-4d8d-88d2-4c7ffe0dec1a@group-EE856C9543A1-FollowerState was interrupted: java.lang.InterruptedException: sleep interrupted
2019-10-16 21:53:07,193 [grpc-default-executor-0] INFO  impl.RoleInfo (RoleInfo.java:updateAndGet(143)) - efb933de-cdd8-4d8d-88d2-4c7ffe0dec1a: start FollowerState
2019-10-16 21:53:07,193 [Thread-1057] INFO  impl.FollowerState (FollowerState.java:run(117)) - 9d88716d-5d6b-4fd8-b832-a110dc45ee66@group-EE856C9543A1-FollowerState was interrupted: java.lang.InterruptedException: sleep interrupted
2019-10-16 21:53:07,208 [5c3956af-60d3-411f-8c98-c7ed3576de5c@group-EE856C9543A1-LeaderElection125] INFO  impl.LeaderElection (LeaderElection.java:logAndReturn(56)) - 5c3956af-60d3-411f-8c98-c7ed3576de5c@group-EE856C9543A1-LeaderElection125: Election REJECTED; received 2 response(s) [5c3956af-60d3-411f-8c98-c7ed3576de5c<-efb933de-cdd8-4d8d-88d2-4c7ffe0dec1a#0:FAIL-t127, 5c3956af-60d3-411f-8c98-c7ed3576de5c<-9d88716d-5d6b-4fd8-b832-a110dc45ee66#0:FAIL-t127] and 0 exception(s); 5c3956af-60d3-411f-8c98-c7ed3576de5c@group-EE856C9543A1:t127, leader=null, voted=5c3956af-60d3-411f-8c98-c7ed3576de5c, raftlog=5c3956af-60d3-411f-8c98-c7ed3576de5c@group-EE856C9543A1-SegmentedRaftLog:OPENED:c-1,f-1,i0, conf=-1: [5c3956af-60d3-411f-8c98-c7ed3576de5c:192.168.34.38:33787, efb933de-cdd8-4d8d-88d2-4c7ffe0dec1a:192.168.34.38:42459, 9d88716d-5d6b-4fd8-b832-a110dc45ee66:192.168.34.38:38211], old=null
2019-10-16 21:53:07,208 [5c3956af-60d3-411f-8c98-c7ed3576de5c@group-EE856C9543A1-LeaderElection125] INFO  impl.RaftServerImpl (RaftServerImpl.java:setRole(184)) - 5c3956af-60d3-411f-8c98-c7ed3576de5c@group-EE856C9543A1: changes role from CANDIDATE to FOLLOWER at term 127 for DISCOVERED_A_NEW_TERM
2019-10-16 21:53:07,208 [5c3956af-60d3-411f-8c98-c7ed3576de5c@group-EE856C9543A1-LeaderElection125] INFO  impl.RoleInfo (RoleInfo.java:shutdownLeaderElection(134)) - 5c3956af-60d3-411f-8c98-c7ed3576de5c: shutdown LeaderElection
2019-10-16 21:53:07,209 [5c3956af-60d3-411f-8c98-c7ed3576de5c@group-EE856C9543A1-LeaderElection125] INFO  impl.RoleInfo (RoleInfo.java:updateAndGet(143)) - 5c3956af-60d3-411f-8c98-c7ed3576de5c: start FollowerState
2019-10-16 21:53:07,273 [Thread-1065] INFO  impl.FollowerState (FollowerState.java:run(108)) - 5c3956af-60d3-411f-8c98-c7ed3576de5c@group-EE856C9543A1-FollowerState: change to CANDIDATE, lastRpcTime:64ms, electionTimeout:64ms
2019-10-16 21:53:07,273 [Thread-1065] INFO  impl.RoleInfo (RoleInfo.java:shutdownFollowerState(121)) - 5c3956af-60d3-411f-8c98-c7ed3576de5c: shutdown FollowerState
2019-10-16 21:53:07,273 [Thread-1065] INFO  impl.RaftServerImpl (RaftServerImpl.java:setRole(184)) - 5c3956af-60d3-411f-8c98-c7ed3576de5c@group-EE856C9543A1: changes role from  FOLLOWER to CANDIDATE at term 127 for changeToCandidate
2019-10-16 21:53:07,274 [Thread-1065] INFO  impl.RoleInfo (RoleInfo.java:updateAndGet(143)) - 5c3956af-60d3-411f-8c98-c7ed3576de5c: start LeaderElection
2019-10-16 21:53:07,297 [5c3956af-60d3-411f-8c98-c7ed3576de5c@group-EE856C9543A1-LeaderElection126] INFO  impl.LeaderElection (LeaderElection.java:askForVotes(178)) - 5c3956af-60d3-411f-8c98-c7ed3576de5c@group-EE856C9543A1-LeaderElection126: begin an election at term 128 for -1: [5c3956af-60d3-411f-8c98-c7ed3576de5c:192.168.34.38:33787, efb933de-cdd8-4d8d-88d2-4c7ffe0dec1a:192.168.34.38:42459, 9d88716d-5d6b-4fd8-b832-a110dc45ee66:192.168.34.38:38211], old=null
2019-10-16 21:53:07,300 [grpc-default-executor-1] INFO  impl.RaftServerImpl (RaftServerImpl.java:setRole(184)) - 9d88716d-5d6b-4fd8-b832-a110dc45ee66@group-EE856C9543A1: changes role from  FOLLOWER to FOLLOWER at term 128 for recognizeCandidate:5c3956af-60d3-411f-8c98-c7ed3576de5c
2019-10-16 21:53:07,300 [grpc-default-executor-0] INFO  impl.RaftServerImpl (RaftServerImpl.java:setRole(184)) - efb933de-cdd8-4d8d-88d2-4c7ffe0dec1a@group-EE856C9543A1: changes role from  FOLLOWER to FOLLOWER at term 128 for recognizeCandidate:5c3956af-60d3-411f-8c98-c7ed3576de5c
2019-10-16 21:53:07,300 [grpc-default-executor-1] INFO  impl.RoleInfo (RoleInfo.java:shutdownFollowerState(121)) - 9d88716d-5d6b-4fd8-b832-a110dc45ee66: shutdown FollowerState
2019-10-16 21:53:07,301 [grpc-default-executor-0] INFO  impl.RoleInfo (RoleInfo.java:shutdownFollowerState(121)) - efb933de-cdd8-4d8d-88d2-4c7ffe0dec1a: shutdown FollowerState
2019-10-16 21:53:07,301 [Thread-1063] INFO  impl.FollowerState (FollowerState.java:run(117)) - 9d88716d-5d6b-4fd8-b832-a110dc45ee66@group-EE856C9543A1-FollowerState was interrupted: java.lang.InterruptedException: sleep interrupted
2019-10-16 21:53:07,301 [grpc-default-executor-1] INFO  impl.RoleInfo (RoleInfo.java:updateAndGet(143)) - 9d88716d-5d6b-4fd8-b832-a110dc45ee66: start FollowerState
2019-10-16 21:53:07,301 [Thread-1064] INFO  impl.FollowerState (FollowerState.java:run(117)) - efb933de-cdd8-4d8d-88d2-4c7ffe0dec1a@group-EE856C9543A1-FollowerState was interrupted: java.lang.InterruptedException: sleep interrupted
2019-10-16 21:53:07,301 [grpc-default-executor-0] INFO  impl.RoleInfo (RoleInfo.java:updateAndGet(143)) - efb933de-cdd8-4d8d-88d2-4c7ffe0dec1a: start FollowerState
2019-10-16 21:53:07,316 [5c3956af-60d3-411f-8c98-c7ed3576de5c@group-EE856C9543A1-LeaderElection126] INFO  impl.LeaderElection (LeaderElection.java:logAndReturn(56)) - 5c3956af-60d3-411f-8c98-c7ed3576de5c@group-EE856C9543A1-LeaderElection126: Election REJECTED; received 2 response(s) [5c3956af-60d3-411f-8c98-c7ed3576de5c<-efb933de-cdd8-4d8d-88d2-4c7ffe0dec1a#0:FAIL-t128, 5c3956af-60d3-411f-8c98-c7ed3576de5c<-9d88716d-5d6b-4fd8-b832-a110dc45ee66#0:FAIL-t128] and 0 exception(s); 5c3956af-60d3-411f-8c98-c7ed3576de5c@group-EE856C9543A1:t128, leader=null, voted=5c3956af-60d3-411f-8c98-c7ed3576de5c, raftlog=5c3956af-60d3-411f-8c98-c7ed3576de5c@group-EE856C9543A1-SegmentedRaftLog:OPENED:c-1,f-1,i0, conf=-1: [5c3956af-60d3-411f-8c98-c7ed3576de5c:192.168.34.38:33787, efb933de-cdd8-4d8d-88d2-4c7ffe0dec1a:192.168.34.38:42459, 9d88716d-5d6b-4fd8-b832-a110dc45ee66:192.168.34.38:38211], old=null
2019-10-16 21:53:07,316 [5c3956af-60d3-411f-8c98-c7ed3576de5c@group-EE856C9543A1-LeaderElection126] INFO  impl.RaftServerImpl (RaftServerImpl.java:setRole(184)) - 5c3956af-60d3-411f-8c98-c7ed3576de5c@group-EE856C9543A1: changes role from CANDIDATE to FOLLOWER at term 128 for DISCOVERED_A_NEW_TERM
2019-10-16 21:53:07,316 [5c3956af-60d3-411f-8c98-c7ed3576de5c@group-EE856C9543A1-LeaderElection126] INFO  impl.RoleInfo (RoleInfo.java:shutdownLeaderElection(134)) - 5c3956af-60d3-411f-8c98-c7ed3576de5c: shutdown LeaderElection
2019-10-16 21:53:07,316 [5c3956af-60d3-411f-8c98-c7ed3576de5c@group-EE856C9543A1-LeaderElection126] INFO  impl.RoleInfo (RoleInfo.java:updateAndGet(143)) - 5c3956af-60d3-411f-8c98-c7ed3576de5c: start FollowerState
2019-10-16 21:53:07,402 [JUnit] INFO  ozone.MiniOzoneClusterImpl (MiniOzoneClusterImpl.java:lambda$waitForClusterToBeReady$2(164)) - Waiting for 1 number of pipelines out of 6, to report a leader.
2019-10-16 21:53:07,477 [Thread-1071] INFO  impl.FollowerState (FollowerState.java:run(108)) - 5c3956af-60d3-411f-8c98-c7ed3576de5c@group-EE856C9543A1-FollowerState: change to CANDIDATE, lastRpcTime:160ms, electionTimeout:160ms
2019-10-16 21:53:07,477 [Thread-1071] INFO  impl.RoleInfo (RoleInfo.java:shutdownFollowerState(121)) - 5c3956af-60d3-411f-8c98-c7ed3576de5c: shutdown FollowerState
2019-10-16 21:53:07,477 [Thread-1071] INFO  impl.RaftServerImpl (RaftServerImpl.java:setRole(184)) - 5c3956af-60d3-411f-8c98-c7ed3576de5c@group-EE856C9543A1: changes role from  FOLLOWER to CANDIDATE at term 128 for changeToCandidate
2019-10-16 21:53:07,477 [Thread-1071] INFO  impl.RoleInfo (RoleInfo.java:updateAndGet(143)) - 5c3956af-60d3-411f-8c98-c7ed3576de5c: start LeaderElection
2019-10-16 21:53:07,491 [5c3956af-60d3-411f-8c98-c7ed3576de5c@group-EE856C9543A1-LeaderElection127] INFO  impl.LeaderElection (LeaderElection.java:askForVotes(178)) - 5c3956af-60d3-411f-8c98-c7ed3576de5c@group-EE856C9543A1-LeaderElection127: begin an election at term 129 for -1: [5c3956af-60d3-411f-8c98-c7ed3576de5c:192.168.34.38:33787, efb933de-cdd8-4d8d-88d2-4c7ffe0dec1a:192.168.34.38:42459, 9d88716d-5d6b-4fd8-b832-a110dc45ee66:192.168.34.38:38211], old=null
2019-10-16 21:53:07,493 [grpc-default-executor-1] INFO  impl.RaftServerImpl (RaftServerImpl.java:setRole(184)) - efb933de-cdd8-4d8d-88d2-4c7ffe0dec1a@group-EE856C9543A1: changes role from  FOLLOWER to FOLLOWER at term 129 for recognizeCandidate:5c3956af-60d3-411f-8c98-c7ed3576de5c
2019-10-16 21:53:07,493 [grpc-default-executor-0] INFO  impl.RaftServerImpl (RaftServerImpl.java:setRole(184)) - 9d88716d-5d6b-4fd8-b832-a110dc45ee66@group-EE856C9543A1: changes role from  FOLLOWER to FOLLOWER at term 129 for recognizeCandidate:5c3956af-60d3-411f-8c98-c7ed3576de5c
2019-10-16 21:53:07,494 [grpc-default-executor-1] INFO  impl.RoleInfo (RoleInfo.java:shutdownFollowerState(121)) - efb933de-cdd8-4d8d-88d2-4c7ffe0dec1a: shutdown FollowerState
2019-10-16 21:53:07,494 [grpc-default-executor-0] INFO  impl.RoleInfo (RoleInfo.java:shutdownFollowerState(121)) - 9d88716d-5d6b-4fd8-b832-a110dc45ee66: shutdown FollowerState
2019-10-16 21:53:07,494 [Thread-1070] INFO  impl.FollowerState (FollowerState.java:run(117)) - efb933de-cdd8-4d8d-88d2-4c7ffe0dec1a@group-EE856C9543A1-FollowerState was interrupted: java.lang.InterruptedException: sleep interrupted
2019-10-16 21:53:07,494 [grpc-default-executor-0] INFO  impl.RoleInfo (RoleInfo.java:updateAndGet(143)) - 9d88716d-5d6b-4fd8-b832-a110dc45ee66: start FollowerState
2019-10-16 21:53:07,494 [grpc-default-executor-1] INFO  impl.RoleInfo (RoleInfo.java:updateAndGet(143)) - efb933de-cdd8-4d8d-88d2-4c7ffe0dec1a: start FollowerState
2019-10-16 21:53:07,494 [Thread-1069] INFO  impl.FollowerState (FollowerState.java:run(117)) - 9d88716d-5d6b-4fd8-b832-a110dc45ee66@group-EE856C9543A1-FollowerState was interrupted: java.lang.InterruptedException: sleep interrupted
2019-10-16 21:53:07,521 [5c3956af-60d3-411f-8c98-c7ed3576de5c@group-EE856C9543A1-LeaderElection127] INFO  impl.LeaderElection (LeaderElection.java:logAndReturn(56)) - 5c3956af-60d3-411f-8c98-c7ed3576de5c@group-EE856C9543A1-LeaderElection127: Election REJECTED; received 2 response(s) [5c3956af-60d3-411f-8c98-c7ed3576de5c<-efb933de-cdd8-4d8d-88d2-4c7ffe0dec1a#0:FAIL-t129, 5c3956af-60d3-411f-8c98-c7ed3576de5c<-9d88716d-5d6b-4fd8-b832-a110dc45ee66#0:FAIL-t129] and 0 exception(s); 5c3956af-60d3-411f-8c98-c7ed3576de5c@group-EE856C9543A1:t129, leader=null, voted=5c3956af-60d3-411f-8c98-c7ed3576de5c, raftlog=5c3956af-60d3-411f-8c98-c7ed3576de5c@group-EE856C9543A1-SegmentedRaftLog:OPENED:c-1,f-1,i0, conf=-1: [5c3956af-60d3-411f-8c98-c7ed3576de5c:192.168.34.38:33787, efb933de-cdd8-4d8d-88d2-4c7ffe0dec1a:192.168.34.38:42459, 9d88716d-5d6b-4fd8-b832-a110dc45ee66:192.168.34.38:38211], old=null
2019-10-16 21:53:07,521 [5c3956af-60d3-411f-8c98-c7ed3576de5c@group-EE856C9543A1-LeaderElection127] INFO  impl.RaftServerImpl (RaftServerImpl.java:setRole(184)) - 5c3956af-60d3-411f-8c98-c7ed3576de5c@group-EE856C9543A1: changes role from CANDIDATE to FOLLOWER at term 129 for DISCOVERED_A_NEW_TERM
2019-10-16 21:53:07,521 [5c3956af-60d3-411f-8c98-c7ed3576de5c@group-EE856C9543A1-LeaderElection127] INFO  impl.RoleInfo (RoleInfo.java:shutdownLeaderElection(134)) - 5c3956af-60d3-411f-8c98-c7ed3576de5c: shutdown LeaderElection
2019-10-16 21:53:07,521 [5c3956af-60d3-411f-8c98-c7ed3576de5c@group-EE856C9543A1-LeaderElection127] INFO  impl.RoleInfo (RoleInfo.java:updateAndGet(143)) - 5c3956af-60d3-411f-8c98-c7ed3576de5c: start FollowerState
2019-10-16 21:53:07,675 [Thread-1077] INFO  impl.FollowerState (FollowerState.java:run(108)) - 5c3956af-60d3-411f-8c98-c7ed3576de5c@group-EE856C9543A1-FollowerState: change to CANDIDATE, lastRpcTime:153ms, electionTimeout:153ms
2019-10-16 21:53:07,675 [Thread-1077] INFO  impl.RoleInfo (RoleInfo.java:shutdownFollowerState(121)) - 5c3956af-60d3-411f-8c98-c7ed3576de5c: shutdown FollowerState
2019-10-16 21:53:07,675 [Thread-1077] INFO  impl.RaftServerImpl (RaftServerImpl.java:setRole(184)) - 5c3956af-60d3-411f-8c98-c7ed3576de5c@group-EE856C9543A1: changes role from  FOLLOWER to CANDIDATE at term 129 for changeToCandidate
2019-10-16 21:53:07,675 [Thread-1077] INFO  impl.RoleInfo (RoleInfo.java:updateAndGet(143)) - 5c3956af-60d3-411f-8c98-c7ed3576de5c: start LeaderElection
2019-10-16 21:53:07,702 [5c3956af-60d3-411f-8c98-c7ed3576de5c@group-EE856C9543A1-LeaderElection128] INFO  impl.LeaderElection (LeaderElection.java:askForVotes(178)) - 5c3956af-60d3-411f-8c98-c7ed3576de5c@group-EE856C9543A1-LeaderElection128: begin an election at term 130 for -1: [5c3956af-60d3-411f-8c98-c7ed3576de5c:192.168.34.38:33787, efb933de-cdd8-4d8d-88d2-4c7ffe0dec1a:192.168.34.38:42459, 9d88716d-5d6b-4fd8-b832-a110dc45ee66:192.168.34.38:38211], old=null
2019-10-16 21:53:07,704 [grpc-default-executor-1] INFO  impl.RaftServerImpl (RaftServerImpl.java:setRole(184)) - 9d88716d-5d6b-4fd8-b832-a110dc45ee66@group-EE856C9543A1: changes role from  FOLLOWER to FOLLOWER at term 130 for recognizeCandidate:5c3956af-60d3-411f-8c98-c7ed3576de5c
2019-10-16 21:53:07,704 [grpc-default-executor-0] INFO  impl.RaftServerImpl (RaftServerImpl.java:setRole(184)) - efb933de-cdd8-4d8d-88d2-4c7ffe0dec1a@group-EE856C9543A1: changes role from  FOLLOWER to FOLLOWER at term 130 for recognizeCandidate:5c3956af-60d3-411f-8c98-c7ed3576de5c
2019-10-16 21:53:07,705 [grpc-default-executor-1] INFO  impl.RoleInfo (RoleInfo.java:shutdownFollowerState(121)) - 9d88716d-5d6b-4fd8-b832-a110dc45ee66: shutdown FollowerState
2019-10-16 21:53:07,705 [grpc-default-executor-0] INFO  impl.RoleInfo (RoleInfo.java:shutdownFollowerState(121)) - efb933de-cdd8-4d8d-88d2-4c7ffe0dec1a: shutdown FollowerState
2019-10-16 21:53:07,705 [grpc-default-executor-1] INFO  impl.RoleInfo (RoleInfo.java:updateAndGet(143)) - 9d88716d-5d6b-4fd8-b832-a110dc45ee66: start FollowerState
2019-10-16 21:53:07,705 [Thread-1076] INFO  impl.FollowerState (FollowerState.java:run(117)) - 9d88716d-5d6b-4fd8-b832-a110dc45ee66@group-EE856C9543A1-FollowerState was interrupted: java.lang.InterruptedException: sleep interrupted
2019-10-16 21:53:07,705 [grpc-default-executor-0] INFO  impl.RoleInfo (RoleInfo.java:updateAndGet(143)) - efb933de-cdd8-4d8d-88d2-4c7ffe0dec1a: start FollowerState
2019-10-16 21:53:07,705 [Thread-1075] INFO  impl.FollowerState (FollowerState.java:run(117)) - efb933de-cdd8-4d8d-88d2-4c7ffe0dec1a@group-EE856C9543A1-FollowerState was interrupted: java.lang.InterruptedException: sleep interrupted
2019-10-16 21:53:07,720 [5c3956af-60d3-411f-8c98-c7ed3576de5c@group-EE856C9543A1-LeaderElection128] INFO  impl.LeaderElection (LeaderElection.java:logAndReturn(56)) - 5c3956af-60d3-411f-8c98-c7ed3576de5c@group-EE856C9543A1-LeaderElection128: Election REJECTED; received 2 response(s) [5c3956af-60d3-411f-8c98-c7ed3576de5c<-efb933de-cdd8-4d8d-88d2-4c7ffe0dec1a#0:FAIL-t130, 5c3956af-60d3-411f-8c98-c7ed3576de5c<-9d88716d-5d6b-4fd8-b832-a110dc45ee66#0:FAIL-t130] and 0 exception(s); 5c3956af-60d3-411f-8c98-c7ed3576de5c@group-EE856C9543A1:t130, leader=null, voted=5c3956af-60d3-411f-8c98-c7ed3576de5c, raftlog=5c3956af-60d3-411f-8c98-c7ed3576de5c@group-EE856C9543A1-SegmentedRaftLog:OPENED:c-1,f-1,i0, conf=-1: [5c3956af-60d3-411f-8c98-c7ed3576de5c:192.168.34.38:33787, efb933de-cdd8-4d8d-88d2-4c7ffe0dec1a:192.168.34.38:42459, 9d88716d-5d6b-4fd8-b832-a110dc45ee66:192.168.34.38:38211], old=null
2019-10-16 21:53:07,720 [5c3956af-60d3-411f-8c98-c7ed3576de5c@group-EE856C9543A1-LeaderElection128] INFO  impl.RaftServerImpl (RaftServerImpl.java:setRole(184)) - 5c3956af-60d3-411f-8c98-c7ed3576de5c@group-EE856C9543A1: changes role from CANDIDATE to FOLLOWER at term 130 for DISCOVERED_A_NEW_TERM
2019-10-16 21:53:07,720 [5c3956af-60d3-411f-8c98-c7ed3576de5c@group-EE856C9543A1-LeaderElection128] INFO  impl.RoleInfo (RoleInfo.java:shutdownLeaderElection(134)) - 5c3956af-60d3-411f-8c98-c7ed3576de5c: shutdown LeaderElection
2019-10-16 21:53:07,720 [5c3956af-60d3-411f-8c98-c7ed3576de5c@group-EE856C9543A1-LeaderElection128] INFO  impl.RoleInfo (RoleInfo.java:updateAndGet(143)) - 5c3956af-60d3-411f-8c98-c7ed3576de5c: start FollowerState
2019-10-16 21:53:07,834 [Thread-1083] INFO  impl.FollowerState (FollowerState.java:run(108)) - 5c3956af-60d3-411f-8c98-c7ed3576de5c@group-EE856C9543A1-FollowerState: change to CANDIDATE, lastRpcTime:113ms, electionTimeout:113ms
2019-10-16 21:53:07,834 [Thread-1083] INFO  impl.RoleInfo (RoleInfo.java:shutdownFollowerState(121)) - 5c3956af-60d3-411f-8c98-c7ed3576de5c: shutdown FollowerState
2019-10-16 21:53:07,834 [Thread-1083] INFO  impl.RaftServerImpl (RaftServerImpl.java:setRole(184)) - 5c3956af-60d3-411f-8c98-c7ed3576de5c@group-EE856C9543A1: changes role from  FOLLOWER to CANDIDATE at term 130 for changeToCandidate
2019-10-16 21:53:07,834 [Thread-1083] INFO  impl.RoleInfo (RoleInfo.java:updateAndGet(143)) - 5c3956af-60d3-411f-8c98-c7ed3576de5c: start LeaderElection
2019-10-16 21:53:07,858 [5c3956af-60d3-411f-8c98-c7ed3576de5c@group-EE856C9543A1-LeaderElection129] INFO  impl.LeaderElection (LeaderElection.java:askForVotes(178)) - 5c3956af-60d3-411f-8c98-c7ed3576de5c@group-EE856C9543A1-LeaderElection129: begin an election at term 131 for -1: [5c3956af-60d3-411f-8c98-c7ed3576de5c:192.168.34.38:33787, efb933de-cdd8-4d8d-88d2-4c7ffe0dec1a:192.168.34.38:42459, 9d88716d-5d6b-4fd8-b832-a110dc45ee66:192.168.34.38:38211], old=null
2019-10-16 21:53:07,861 [grpc-default-executor-1] INFO  impl.RaftServerImpl (RaftServerImpl.java:setRole(184)) - 9d88716d-5d6b-4fd8-b832-a110dc45ee66@group-EE856C9543A1: changes role from  FOLLOWER to FOLLOWER at term 131 for recognizeCandidate:5c3956af-60d3-411f-8c98-c7ed3576de5c
2019-10-16 21:53:07,861 [grpc-default-executor-0] INFO  impl.RaftServerImpl (RaftServerImpl.java:setRole(184)) - efb933de-cdd8-4d8d-88d2-4c7ffe0dec1a@group-EE856C9543A1: changes role from  FOLLOWER to FOLLOWER at term 131 for recognizeCandidate:5c3956af-60d3-411f-8c98-c7ed3576de5c
2019-10-16 21:53:07,862 [grpc-default-executor-0] INFO  impl.RoleInfo (RoleInfo.java:shutdownFollowerState(121)) - efb933de-cdd8-4d8d-88d2-4c7ffe0dec1a: shutdown FollowerState
2019-10-16 21:53:07,862 [grpc-default-executor-1] INFO  impl.RoleInfo (RoleInfo.java:shutdownFollowerState(121)) - 9d88716d-5d6b-4fd8-b832-a110dc45ee66: shutdown FollowerState
2019-10-16 21:53:07,862 [grpc-default-executor-0] INFO  impl.RoleInfo (RoleInfo.java:updateAndGet(143)) - efb933de-cdd8-4d8d-88d2-4c7ffe0dec1a: start FollowerState
2019-10-16 21:53:07,862 [grpc-default-executor-1] INFO  impl.RoleInfo (RoleInfo.java:updateAndGet(143)) - 9d88716d-5d6b-4fd8-b832-a110dc45ee66: start FollowerState
2019-10-16 21:53:07,862 [Thread-1082] INFO  impl.FollowerState (FollowerState.java:run(117)) - efb933de-cdd8-4d8d-88d2-4c7ffe0dec1a@group-EE856C9543A1-FollowerState was interrupted: java.lang.InterruptedException: sleep interrupted
2019-10-16 21:53:07,862 [Thread-1081] INFO  impl.FollowerState (FollowerState.java:run(117)) - 9d88716d-5d6b-4fd8-b832-a110dc45ee66@group-EE856C9543A1-FollowerState was interrupted: java.lang.InterruptedException: sleep interrupted
2019-10-16 21:53:07,877 [5c3956af-60d3-411f-8c98-c7ed3576de5c@group-EE856C9543A1-LeaderElection129] INFO  impl.LeaderElection (LeaderElection.java:logAndReturn(56)) - 5c3956af-60d3-411f-8c98-c7ed3576de5c@group-EE856C9543A1-LeaderElection129: Election REJECTED; received 2 response(s) [5c3956af-60d3-411f-8c98-c7ed3576de5c<-efb933de-cdd8-4d8d-88d2-4c7ffe0dec1a#0:FAIL-t131, 5c3956af-60d3-411f-8c98-c7ed3576de5c<-9d88716d-5d6b-4fd8-b832-a110dc45ee66#0:FAIL-t131] and 0 exception(s); 5c3956af-60d3-411f-8c98-c7ed3576de5c@group-EE856C9543A1:t131, leader=null, voted=5c3956af-60d3-411f-8c98-c7ed3576de5c, raftlog=5c3956af-60d3-411f-8c98-c7ed3576de5c@group-EE856C9543A1-SegmentedRaftLog:OPENED:c-1,f-1,i0, conf=-1: [5c3956af-60d3-411f-8c98-c7ed3576de5c:192.168.34.38:33787, efb933de-cdd8-4d8d-88d2-4c7ffe0dec1a:192.168.34.38:42459, 9d88716d-5d6b-4fd8-b832-a110dc45ee66:192.168.34.38:38211], old=null
2019-10-16 21:53:07,877 [5c3956af-60d3-411f-8c98-c7ed3576de5c@group-EE856C9543A1-LeaderElection129] INFO  impl.RaftServerImpl (RaftServerImpl.java:setRole(184)) - 5c3956af-60d3-411f-8c98-c7ed3576de5c@group-EE856C9543A1: changes role from CANDIDATE to FOLLOWER at term 131 for DISCOVERED_A_NEW_TERM
2019-10-16 21:53:07,877 [5c3956af-60d3-411f-8c98-c7ed3576de5c@group-EE856C9543A1-LeaderElection129] INFO  impl.RoleInfo (RoleInfo.java:shutdownLeaderElection(134)) - 5c3956af-60d3-411f-8c98-c7ed3576de5c: shutdown LeaderElection
2019-10-16 21:53:07,877 [5c3956af-60d3-411f-8c98-c7ed3576de5c@group-EE856C9543A1-LeaderElection129] INFO  impl.RoleInfo (RoleInfo.java:updateAndGet(143)) - 5c3956af-60d3-411f-8c98-c7ed3576de5c: start FollowerState
2019-10-16 21:53:07,893 [Thread-1089] INFO  impl.FollowerState (FollowerState.java:run(108)) - 5c3956af-60d3-411f-8c98-c7ed3576de5c@group-EE856C9543A1-FollowerState: change to CANDIDATE, lastRpcTime:15ms, electionTimeout:15ms
2019-10-16 21:53:07,893 [Thread-1089] INFO  impl.RoleInfo (RoleInfo.java:shutdownFollowerState(121)) - 5c3956af-60d3-411f-8c98-c7ed3576de5c: shutdown FollowerState
2019-10-16 21:53:07,893 [Thread-1089] INFO  impl.RaftServerImpl (RaftServerImpl.java:setRole(184)) - 5c3956af-60d3-411f-8c98-c7ed3576de5c@group-EE856C9543A1: changes role from  FOLLOWER to CANDIDATE at term 131 for changeToCandidate
2019-10-16 21:53:07,893 [Thread-1089] INFO  impl.RoleInfo (RoleInfo.java:updateAndGet(143)) - 5c3956af-60d3-411f-8c98-c7ed3576de5c: start LeaderElection
2019-10-16 21:53:07,907 [5c3956af-60d3-411f-8c98-c7ed3576de5c@group-EE856C9543A1-LeaderElection130] INFO  impl.LeaderElection (LeaderElection.java:askForVotes(178)) - 5c3956af-60d3-411f-8c98-c7ed3576de5c@group-EE856C9543A1-LeaderElection130: begin an election at term 132 for -1: [5c3956af-60d3-411f-8c98-c7ed3576de5c:192.168.34.38:33787, efb933de-cdd8-4d8d-88d2-4c7ffe0dec1a:192.168.34.38:42459, 9d88716d-5d6b-4fd8-b832-a110dc45ee66:192.168.34.38:38211], old=null
2019-10-16 21:53:07,909 [grpc-default-executor-1] INFO  impl.RaftServerImpl (RaftServerImpl.java:setRole(184)) - efb933de-cdd8-4d8d-88d2-4c7ffe0dec1a@group-EE856C9543A1: changes role from  FOLLOWER to FOLLOWER at term 132 for recognizeCandidate:5c3956af-60d3-411f-8c98-c7ed3576de5c
2019-10-16 21:53:07,909 [grpc-default-executor-0] INFO  impl.RaftServerImpl (RaftServerImpl.java:setRole(184)) - 9d88716d-5d6b-4fd8-b832-a110dc45ee66@group-EE856C9543A1: changes role from  FOLLOWER to FOLLOWER at term 132 for recognizeCandidate:5c3956af-60d3-411f-8c98-c7ed3576de5c
2019-10-16 21:53:07,910 [grpc-default-executor-1] INFO  impl.RoleInfo (RoleInfo.java:shutdownFollowerState(121)) - efb933de-cdd8-4d8d-88d2-4c7ffe0dec1a: shutdown FollowerState
2019-10-16 21:53:07,910 [grpc-default-executor-0] INFO  impl.RoleInfo (RoleInfo.java:shutdownFollowerState(121)) - 9d88716d-5d6b-4fd8-b832-a110dc45ee66: shutdown FollowerState
2019-10-16 21:53:07,910 [grpc-default-executor-1] INFO  impl.RoleInfo (RoleInfo.java:updateAndGet(143)) - efb933de-cdd8-4d8d-88d2-4c7ffe0dec1a: start FollowerState
2019-10-16 21:53:07,910 [Thread-1088] INFO  impl.FollowerState (FollowerState.java:run(117)) - 9d88716d-5d6b-4fd8-b832-a110dc45ee66@group-EE856C9543A1-FollowerState was interrupted: java.lang.InterruptedException: sleep interrupted
2019-10-16 21:53:07,910 [grpc-default-executor-0] INFO  impl.RoleInfo (RoleInfo.java:updateAndGet(143)) - 9d88716d-5d6b-4fd8-b832-a110dc45ee66: start FollowerState
2019-10-16 21:53:07,910 [Thread-1087] INFO  impl.FollowerState (FollowerState.java:run(117)) - efb933de-cdd8-4d8d-88d2-4c7ffe0dec1a@group-EE856C9543A1-FollowerState was interrupted: java.lang.InterruptedException: sleep interrupted
2019-10-16 21:53:07,925 [5c3956af-60d3-411f-8c98-c7ed3576de5c@group-EE856C9543A1-LeaderElection130] INFO  impl.LeaderElection (LeaderElection.java:logAndReturn(56)) - 5c3956af-60d3-411f-8c98-c7ed3576de5c@group-EE856C9543A1-LeaderElection130: Election REJECTED; received 2 response(s) [5c3956af-60d3-411f-8c98-c7ed3576de5c<-efb933de-cdd8-4d8d-88d2-4c7ffe0dec1a#0:FAIL-t132, 5c3956af-60d3-411f-8c98-c7ed3576de5c<-9d88716d-5d6b-4fd8-b832-a110dc45ee66#0:FAIL-t132] and 0 exception(s); 5c3956af-60d3-411f-8c98-c7ed3576de5c@group-EE856C9543A1:t132, leader=null, voted=5c3956af-60d3-411f-8c98-c7ed3576de5c, raftlog=5c3956af-60d3-411f-8c98-c7ed3576de5c@group-EE856C9543A1-SegmentedRaftLog:OPENED:c-1,f-1,i0, conf=-1: [5c3956af-60d3-411f-8c98-c7ed3576de5c:192.168.34.38:33787, efb933de-cdd8-4d8d-88d2-4c7ffe0dec1a:192.168.34.38:42459, 9d88716d-5d6b-4fd8-b832-a110dc45ee66:192.168.34.38:38211], old=null
2019-10-16 21:53:07,925 [5c3956af-60d3-411f-8c98-c7ed3576de5c@group-EE856C9543A1-LeaderElection130] INFO  impl.RaftServerImpl (RaftServerImpl.java:setRole(184)) - 5c3956af-60d3-411f-8c98-c7ed3576de5c@group-EE856C9543A1: changes role from CANDIDATE to FOLLOWER at term 132 for DISCOVERED_A_NEW_TERM
2019-10-16 21:53:07,925 [5c3956af-60d3-411f-8c98-c7ed3576de5c@group-EE856C9543A1-LeaderElection130] INFO  impl.RoleInfo (RoleInfo.java:shutdownLeaderElection(134)) - 5c3956af-60d3-411f-8c98-c7ed3576de5c: shutdown LeaderElection
2019-10-16 21:53:07,925 [5c3956af-60d3-411f-8c98-c7ed3576de5c@group-EE856C9543A1-LeaderElection130] INFO  impl.RoleInfo (RoleInfo.java:updateAndGet(143)) - 5c3956af-60d3-411f-8c98-c7ed3576de5c: start FollowerState
2019-10-16 21:53:07,991 [Thread-1095] INFO  impl.FollowerState (FollowerState.java:run(108)) - 5c3956af-60d3-411f-8c98-c7ed3576de5c@group-EE856C9543A1-FollowerState: change to CANDIDATE, lastRpcTime:65ms, electionTimeout:65ms
2019-10-16 21:53:07,991 [Thread-1095] INFO  impl.RoleInfo (RoleInfo.java:shutdownFollowerState(121)) - 5c3956af-60d3-411f-8c98-c7ed3576de5c: shutdown FollowerState
2019-10-16 21:53:07,991 [Thread-1095] INFO  impl.RaftServerImpl (RaftServerImpl.java:setRole(184)) - 5c3956af-60d3-411f-8c98-c7ed3576de5c@group-EE856C9543A1: changes role from  FOLLOWER to CANDIDATE at term 132 for changeToCandidate
2019-10-16 21:53:07,991 [Thread-1095] INFO  impl.RoleInfo (RoleInfo.java:updateAndGet(143)) - 5c3956af-60d3-411f-8c98-c7ed3576de5c: start LeaderElection
2019-10-16 21:53:08,005 [5c3956af-60d3-411f-8c98-c7ed3576de5c@group-EE856C9543A1-LeaderElection131] INFO  impl.LeaderElection (LeaderElection.java:askForVotes(178)) - 5c3956af-60d3-411f-8c98-c7ed3576de5c@group-EE856C9543A1-LeaderElection131: begin an election at term 133 for -1: [5c3956af-60d3-411f-8c98-c7ed3576de5c:192.168.34.38:33787, efb933de-cdd8-4d8d-88d2-4c7ffe0dec1a:192.168.34.38:42459, 9d88716d-5d6b-4fd8-b832-a110dc45ee66:192.168.34.38:38211], old=null
2019-10-16 21:53:08,007 [grpc-default-executor-0] INFO  impl.RaftServerImpl (RaftServerImpl.java:setRole(184)) - efb933de-cdd8-4d8d-88d2-4c7ffe0dec1a@group-EE856C9543A1: changes role from  FOLLOWER to FOLLOWER at term 133 for recognizeCandidate:5c3956af-60d3-411f-8c98-c7ed3576de5c
2019-10-16 21:53:08,007 [grpc-default-executor-1] INFO  impl.RaftServerImpl (RaftServerImpl.java:setRole(184)) - 9d88716d-5d6b-4fd8-b832-a110dc45ee66@group-EE856C9543A1: changes role from  FOLLOWER to FOLLOWER at term 133 for recognizeCandidate:5c3956af-60d3-411f-8c98-c7ed3576de5c
2019-10-16 21:53:08,007 [grpc-default-executor-0] INFO  impl.RoleInfo (RoleInfo.java:shutdownFollowerState(121)) - efb933de-cdd8-4d8d-88d2-4c7ffe0dec1a: shutdown FollowerState
2019-10-16 21:53:08,008 [grpc-default-executor-1] INFO  impl.RoleInfo (RoleInfo.java:shutdownFollowerState(121)) - 9d88716d-5d6b-4fd8-b832-a110dc45ee66: shutdown FollowerState
2019-10-16 21:53:08,008 [Thread-1093] INFO  impl.FollowerState (FollowerState.java:run(117)) - efb933de-cdd8-4d8d-88d2-4c7ffe0dec1a@group-EE856C9543A1-FollowerState was interrupted: java.lang.InterruptedException: sleep interrupted
2019-10-16 21:53:08,008 [grpc-default-executor-0] INFO  impl.RoleInfo (RoleInfo.java:updateAndGet(143)) - efb933de-cdd8-4d8d-88d2-4c7ffe0dec1a: start FollowerState
2019-10-16 21:53:08,008 [Thread-1094] INFO  impl.FollowerState (FollowerState.java:run(117)) - 9d88716d-5d6b-4fd8-b832-a110dc45ee66@group-EE856C9543A1-FollowerState was interrupted: java.lang.InterruptedException: sleep interrupted
2019-10-16 21:53:08,008 [grpc-default-executor-1] INFO  impl.RoleInfo (RoleInfo.java:updateAndGet(143)) - 9d88716d-5d6b-4fd8-b832-a110dc45ee66: start FollowerState
2019-10-16 21:53:08,023 [5c3956af-60d3-411f-8c98-c7ed3576de5c@group-EE856C9543A1-LeaderElection131] INFO  impl.LeaderElection (LeaderElection.java:logAndReturn(56)) - 5c3956af-60d3-411f-8c98-c7ed3576de5c@group-EE856C9543A1-LeaderElection131: Election REJECTED; received 2 response(s) [5c3956af-60d3-411f-8c98-c7ed3576de5c<-efb933de-cdd8-4d8d-88d2-4c7ffe0dec1a#0:FAIL-t133, 5c3956af-60d3-411f-8c98-c7ed3576de5c<-9d88716d-5d6b-4fd8-b832-a110dc45ee66#0:FAIL-t133] and 0 exception(s); 5c3956af-60d3-411f-8c98-c7ed3576de5c@group-EE856C9543A1:t133, leader=null, voted=5c3956af-60d3-411f-8c98-c7ed3576de5c, raftlog=5c3956af-60d3-411f-8c98-c7ed3576de5c@group-EE856C9543A1-SegmentedRaftLog:OPENED:c-1,f-1,i0, conf=-1: [5c3956af-60d3-411f-8c98-c7ed3576de5c:192.168.34.38:33787, efb933de-cdd8-4d8d-88d2-4c7ffe0dec1a:192.168.34.38:42459, 9d88716d-5d6b-4fd8-b832-a110dc45ee66:192.168.34.38:38211], old=null
2019-10-16 21:53:08,023 [5c3956af-60d3-411f-8c98-c7ed3576de5c@group-EE856C9543A1-LeaderElection131] INFO  impl.RaftServerImpl (RaftServerImpl.java:setRole(184)) - 5c3956af-60d3-411f-8c98-c7ed3576de5c@group-EE856C9543A1: changes role from CANDIDATE to FOLLOWER at term 133 for DISCOVERED_A_NEW_TERM
2019-10-16 21:53:08,023 [5c3956af-60d3-411f-8c98-c7ed3576de5c@group-EE856C9543A1-LeaderElection131] INFO  impl.RoleInfo (RoleInfo.java:shutdownLeaderElection(134)) - 5c3956af-60d3-411f-8c98-c7ed3576de5c: shutdown LeaderElection
2019-10-16 21:53:08,023 [5c3956af-60d3-411f-8c98-c7ed3576de5c@group-EE856C9543A1-LeaderElection131] INFO  impl.RoleInfo (RoleInfo.java:updateAndGet(143)) - 5c3956af-60d3-411f-8c98-c7ed3576de5c: start FollowerState
2019-10-16 21:53:08,148 [Thread-1101] INFO  impl.FollowerState (FollowerState.java:run(108)) - 5c3956af-60d3-411f-8c98-c7ed3576de5c@group-EE856C9543A1-FollowerState: change to CANDIDATE, lastRpcTime:125ms, electionTimeout:125ms
2019-10-16 21:53:08,148 [Thread-1101] INFO  impl.RoleInfo (RoleInfo.java:shutdownFollowerState(121)) - 5c3956af-60d3-411f-8c98-c7ed3576de5c: shutdown FollowerState
2019-10-16 21:53:08,149 [Thread-1101] INFO  impl.RaftServerImpl (RaftServerImpl.java:setRole(184)) - 5c3956af-60d3-411f-8c98-c7ed3576de5c@group-EE856C9543A1: changes role from  FOLLOWER to CANDIDATE at term 133 for changeToCandidate
2019-10-16 21:53:08,149 [Thread-1101] INFO  impl.RoleInfo (RoleInfo.java:updateAndGet(143)) - 5c3956af-60d3-411f-8c98-c7ed3576de5c: start LeaderElection
2019-10-16 21:53:08,163 [5c3956af-60d3-411f-8c98-c7ed3576de5c@group-EE856C9543A1-LeaderElection132] INFO  impl.LeaderElection (LeaderElection.java:askForVotes(178)) - 5c3956af-60d3-411f-8c98-c7ed3576de5c@group-EE856C9543A1-LeaderElection132: begin an election at term 134 for -1: [5c3956af-60d3-411f-8c98-c7ed3576de5c:192.168.34.38:33787, efb933de-cdd8-4d8d-88d2-4c7ffe0dec1a:192.168.34.38:42459, 9d88716d-5d6b-4fd8-b832-a110dc45ee66:192.168.34.38:38211], old=null
2019-10-16 21:53:08,166 [grpc-default-executor-0] INFO  impl.RaftServerImpl (RaftServerImpl.java:setRole(184)) - efb933de-cdd8-4d8d-88d2-4c7ffe0dec1a@group-EE856C9543A1: changes role from  FOLLOWER to FOLLOWER at term 134 for recognizeCandidate:5c3956af-60d3-411f-8c98-c7ed3576de5c
2019-10-16 21:53:08,166 [grpc-default-executor-1] INFO  impl.RaftServerImpl (RaftServerImpl.java:setRole(184)) - 9d88716d-5d6b-4fd8-b832-a110dc45ee66@group-EE856C9543A1: changes role from  FOLLOWER to FOLLOWER at term 134 for recognizeCandidate:5c3956af-60d3-411f-8c98-c7ed3576de5c
2019-10-16 21:53:08,166 [grpc-default-executor-0] INFO  impl.RoleInfo (RoleInfo.java:shutdownFollowerState(121)) - efb933de-cdd8-4d8d-88d2-4c7ffe0dec1a: shutdown FollowerState
2019-10-16 21:53:08,166 [grpc-default-executor-1] INFO  impl.RoleInfo (RoleInfo.java:shutdownFollowerState(121)) - 9d88716d-5d6b-4fd8-b832-a110dc45ee66: shutdown FollowerState
2019-10-16 21:53:08,166 [grpc-default-executor-0] INFO  impl.RoleInfo (RoleInfo.java:updateAndGet(143)) - efb933de-cdd8-4d8d-88d2-4c7ffe0dec1a: start FollowerState
2019-10-16 21:53:08,166 [Thread-1100] INFO  impl.FollowerState (FollowerState.java:run(117)) - 9d88716d-5d6b-4fd8-b832-a110dc45ee66@group-EE856C9543A1-FollowerState was interrupted: java.lang.InterruptedException: sleep interrupted
2019-10-16 21:53:08,166 [grpc-default-executor-1] INFO  impl.RoleInfo (RoleInfo.java:updateAndGet(143)) - 9d88716d-5d6b-4fd8-b832-a110dc45ee66: start FollowerState
2019-10-16 21:53:08,166 [Thread-1099] INFO  impl.FollowerState (FollowerState.java:run(117)) - efb933de-cdd8-4d8d-88d2-4c7ffe0dec1a@group-EE856C9543A1-FollowerState was interrupted: java.lang.InterruptedException: sleep interrupted
2019-10-16 21:53:08,182 [5c3956af-60d3-411f-8c98-c7ed3576de5c@group-EE856C9543A1-LeaderElection132] INFO  impl.LeaderElection (LeaderElection.java:logAndReturn(56)) - 5c3956af-60d3-411f-8c98-c7ed3576de5c@group-EE856C9543A1-LeaderElection132: Election REJECTED; received 2 response(s) [5c3956af-60d3-411f-8c98-c7ed3576de5c<-efb933de-cdd8-4d8d-88d2-4c7ffe0dec1a#0:FAIL-t134, 5c3956af-60d3-411f-8c98-c7ed3576de5c<-9d88716d-5d6b-4fd8-b832-a110dc45ee66#0:FAIL-t134] and 0 exception(s); 5c3956af-60d3-411f-8c98-c7ed3576de5c@group-EE856C9543A1:t134, leader=null, voted=5c3956af-60d3-411f-8c98-c7ed3576de5c, raftlog=5c3956af-60d3-411f-8c98-c7ed3576de5c@group-EE856C9543A1-SegmentedRaftLog:OPENED:c-1,f-1,i0, conf=-1: [5c3956af-60d3-411f-8c98-c7ed3576de5c:192.168.34.38:33787, efb933de-cdd8-4d8d-88d2-4c7ffe0dec1a:192.168.34.38:42459, 9d88716d-5d6b-4fd8-b832-a110dc45ee66:192.168.34.38:38211], old=null
2019-10-16 21:53:08,182 [5c3956af-60d3-411f-8c98-c7ed3576de5c@group-EE856C9543A1-LeaderElection132] INFO  impl.RaftServerImpl (RaftServerImpl.java:setRole(184)) - 5c3956af-60d3-411f-8c98-c7ed3576de5c@group-EE856C9543A1: changes role from CANDIDATE to FOLLOWER at term 134 for DISCOVERED_A_NEW_TERM
2019-10-16 21:53:08,182 [5c3956af-60d3-411f-8c98-c7ed3576de5c@group-EE856C9543A1-LeaderElection132] INFO  impl.RoleInfo (RoleInfo.java:shutdownLeaderElection(134)) - 5c3956af-60d3-411f-8c98-c7ed3576de5c: shutdown LeaderElection
2019-10-16 21:53:08,182 [5c3956af-60d3-411f-8c98-c7ed3576de5c@group-EE856C9543A1-LeaderElection132] INFO  impl.RoleInfo (RoleInfo.java:updateAndGet(143)) - 5c3956af-60d3-411f-8c98-c7ed3576de5c: start FollowerState
2019-10-16 21:53:08,364 [Thread-1107] INFO  impl.FollowerState (FollowerState.java:run(108)) - 5c3956af-60d3-411f-8c98-c7ed3576de5c@group-EE856C9543A1-FollowerState: change to CANDIDATE, lastRpcTime:181ms, electionTimeout:181ms
2019-10-16 21:53:08,364 [Thread-1107] INFO  impl.RoleInfo (RoleInfo.java:shutdownFollowerState(121)) - 5c3956af-60d3-411f-8c98-c7ed3576de5c: shutdown FollowerState
2019-10-16 21:53:08,364 [Thread-1107] INFO  impl.RaftServerImpl (RaftServerImpl.java:setRole(184)) - 5c3956af-60d3-411f-8c98-c7ed3576de5c@group-EE856C9543A1: changes role from  FOLLOWER to CANDIDATE at term 134 for changeToCandidate
2019-10-16 21:53:08,364 [Thread-1107] INFO  impl.RoleInfo (RoleInfo.java:updateAndGet(143)) - 5c3956af-60d3-411f-8c98-c7ed3576de5c: start LeaderElection
2019-10-16 21:53:08,390 [5c3956af-60d3-411f-8c98-c7ed3576de5c@group-EE856C9543A1-LeaderElection133] INFO  impl.LeaderElection (LeaderElection.java:askForVotes(178)) - 5c3956af-60d3-411f-8c98-c7ed3576de5c@group-EE856C9543A1-LeaderElection133: begin an election at term 135 for -1: [5c3956af-60d3-411f-8c98-c7ed3576de5c:192.168.34.38:33787, efb933de-cdd8-4d8d-88d2-4c7ffe0dec1a:192.168.34.38:42459, 9d88716d-5d6b-4fd8-b832-a110dc45ee66:192.168.34.38:38211], old=null
2019-10-16 21:53:08,392 [grpc-default-executor-1] INFO  impl.RaftServerImpl (RaftServerImpl.java:setRole(184)) - efb933de-cdd8-4d8d-88d2-4c7ffe0dec1a@group-EE856C9543A1: changes role from  FOLLOWER to FOLLOWER at term 135 for recognizeCandidate:5c3956af-60d3-411f-8c98-c7ed3576de5c
2019-10-16 21:53:08,393 [grpc-default-executor-0] INFO  impl.RaftServerImpl (RaftServerImpl.java:setRole(184)) - 9d88716d-5d6b-4fd8-b832-a110dc45ee66@group-EE856C9543A1: changes role from  FOLLOWER to FOLLOWER at term 135 for recognizeCandidate:5c3956af-60d3-411f-8c98-c7ed3576de5c
2019-10-16 21:53:08,393 [grpc-default-executor-1] INFO  impl.RoleInfo (RoleInfo.java:shutdownFollowerState(121)) - efb933de-cdd8-4d8d-88d2-4c7ffe0dec1a: shutdown FollowerState
2019-10-16 21:53:08,393 [grpc-default-executor-0] INFO  impl.RoleInfo (RoleInfo.java:shutdownFollowerState(121)) - 9d88716d-5d6b-4fd8-b832-a110dc45ee66: shutdown FollowerState
2019-10-16 21:53:08,393 [Thread-1105] INFO  impl.FollowerState (FollowerState.java:run(117)) - efb933de-cdd8-4d8d-88d2-4c7ffe0dec1a@group-EE856C9543A1-FollowerState was interrupted: java.lang.InterruptedException: sleep interrupted
2019-10-16 21:53:08,393 [grpc-default-executor-1] INFO  impl.RoleInfo (RoleInfo.java:updateAndGet(143)) - efb933de-cdd8-4d8d-88d2-4c7ffe0dec1a: start FollowerState
2019-10-16 21:53:08,393 [Thread-1106] INFO  impl.FollowerState (FollowerState.java:run(117)) - 9d88716d-5d6b-4fd8-b832-a110dc45ee66@group-EE856C9543A1-FollowerState was interrupted: java.lang.InterruptedException: sleep interrupted
2019-10-16 21:53:08,393 [grpc-default-executor-0] INFO  impl.RoleInfo (RoleInfo.java:updateAndGet(143)) - 9d88716d-5d6b-4fd8-b832-a110dc45ee66: start FollowerState
2019-10-16 21:53:08,403 [JUnit] INFO  ozone.MiniOzoneClusterImpl (MiniOzoneClusterImpl.java:lambda$waitForClusterToBeReady$2(164)) - Waiting for 1 number of pipelines out of 6, to report a leader.
2019-10-16 21:53:08,409 [5c3956af-60d3-411f-8c98-c7ed3576de5c@group-EE856C9543A1-LeaderElection133] INFO  impl.LeaderElection (LeaderElection.java:logAndReturn(56)) - 5c3956af-60d3-411f-8c98-c7ed3576de5c@group-EE856C9543A1-LeaderElection133: Election REJECTED; received 2 response(s) [5c3956af-60d3-411f-8c98-c7ed3576de5c<-efb933de-cdd8-4d8d-88d2-4c7ffe0dec1a#0:FAIL-t135, 5c3956af-60d3-411f-8c98-c7ed3576de5c<-9d88716d-5d6b-4fd8-b832-a110dc45ee66#0:FAIL-t135] and 0 exception(s); 5c3956af-60d3-411f-8c98-c7ed3576de5c@group-EE856C9543A1:t135, leader=null, voted=5c3956af-60d3-411f-8c98-c7ed3576de5c, raftlog=5c3956af-60d3-411f-8c98-c7ed3576de5c@group-EE856C9543A1-SegmentedRaftLog:OPENED:c-1,f-1,i0, conf=-1: [5c3956af-60d3-411f-8c98-c7ed3576de5c:192.168.34.38:33787, efb933de-cdd8-4d8d-88d2-4c7ffe0dec1a:192.168.34.38:42459, 9d88716d-5d6b-4fd8-b832-a110dc45ee66:192.168.34.38:38211], old=null
2019-10-16 21:53:08,409 [5c3956af-60d3-411f-8c98-c7ed3576de5c@group-EE856C9543A1-LeaderElection133] INFO  impl.RaftServerImpl (RaftServerImpl.java:setRole(184)) - 5c3956af-60d3-411f-8c98-c7ed3576de5c@group-EE856C9543A1: changes role from CANDIDATE to FOLLOWER at term 135 for DISCOVERED_A_NEW_TERM
2019-10-16 21:53:08,410 [5c3956af-60d3-411f-8c98-c7ed3576de5c@group-EE856C9543A1-LeaderElection133] INFO  impl.RoleInfo (RoleInfo.java:shutdownLeaderElection(134)) - 5c3956af-60d3-411f-8c98-c7ed3576de5c: shutdown LeaderElection
2019-10-16 21:53:08,410 [5c3956af-60d3-411f-8c98-c7ed3576de5c@group-EE856C9543A1-LeaderElection133] INFO  impl.RoleInfo (RoleInfo.java:updateAndGet(143)) - 5c3956af-60d3-411f-8c98-c7ed3576de5c: start FollowerState
2019-10-16 21:53:08,543 [Thread-1113] INFO  impl.FollowerState (FollowerState.java:run(108)) - 5c3956af-60d3-411f-8c98-c7ed3576de5c@group-EE856C9543A1-FollowerState: change to CANDIDATE, lastRpcTime:133ms, electionTimeout:133ms
2019-10-16 21:53:08,543 [Thread-1113] INFO  impl.RoleInfo (RoleInfo.java:shutdownFollowerState(121)) - 5c3956af-60d3-411f-8c98-c7ed3576de5c: shutdown FollowerState
2019-10-16 21:53:08,543 [Thread-1113] INFO  impl.RaftServerImpl (RaftServerImpl.java:setRole(184)) - 5c3956af-60d3-411f-8c98-c7ed3576de5c@group-EE856C9543A1: changes role from  FOLLOWER to CANDIDATE at term 135 for changeToCandidate
2019-10-16 21:53:08,544 [Thread-1113] INFO  impl.RoleInfo (RoleInfo.java:updateAndGet(143)) - 5c3956af-60d3-411f-8c98-c7ed3576de5c: start LeaderElection
2019-10-16 21:53:08,557 [5c3956af-60d3-411f-8c98-c7ed3576de5c@group-EE856C9543A1-LeaderElection134] INFO  impl.LeaderElection (LeaderElection.java:askForVotes(178)) - 5c3956af-60d3-411f-8c98-c7ed3576de5c@group-EE856C9543A1-LeaderElection134: begin an election at term 136 for -1: [5c3956af-60d3-411f-8c98-c7ed3576de5c:192.168.34.38:33787, efb933de-cdd8-4d8d-88d2-4c7ffe0dec1a:192.168.34.38:42459, 9d88716d-5d6b-4fd8-b832-a110dc45ee66:192.168.34.38:38211], old=null
2019-10-16 21:53:08,560 [grpc-default-executor-0] INFO  impl.RaftServerImpl (RaftServerImpl.java:setRole(184)) - 9d88716d-5d6b-4fd8-b832-a110dc45ee66@group-EE856C9543A1: changes role from  FOLLOWER to FOLLOWER at term 136 for recognizeCandidate:5c3956af-60d3-411f-8c98-c7ed3576de5c
2019-10-16 21:53:08,560 [grpc-default-executor-1] INFO  impl.RaftServerImpl (RaftServerImpl.java:setRole(184)) - efb933de-cdd8-4d8d-88d2-4c7ffe0dec1a@group-EE856C9543A1: changes role from  FOLLOWER to FOLLOWER at term 136 for recognizeCandidate:5c3956af-60d3-411f-8c98-c7ed3576de5c
2019-10-16 21:53:08,560 [grpc-default-executor-0] INFO  impl.RoleInfo (RoleInfo.java:shutdownFollowerState(121)) - 9d88716d-5d6b-4fd8-b832-a110dc45ee66: shutdown FollowerState
2019-10-16 21:53:08,560 [grpc-default-executor-1] INFO  impl.RoleInfo (RoleInfo.java:shutdownFollowerState(121)) - efb933de-cdd8-4d8d-88d2-4c7ffe0dec1a: shutdown FollowerState
2019-10-16 21:53:08,560 [grpc-default-executor-0] INFO  impl.RoleInfo (RoleInfo.java:updateAndGet(143)) - 9d88716d-5d6b-4fd8-b832-a110dc45ee66: start FollowerState
2019-10-16 21:53:08,561 [grpc-default-executor-1] INFO  impl.RoleInfo (RoleInfo.java:updateAndGet(143)) - efb933de-cdd8-4d8d-88d2-4c7ffe0dec1a: start FollowerState
2019-10-16 21:53:08,561 [Thread-1112] INFO  impl.FollowerState (FollowerState.java:run(117)) - 9d88716d-5d6b-4fd8-b832-a110dc45ee66@group-EE856C9543A1-FollowerState was interrupted: java.lang.InterruptedException: sleep interrupted
2019-10-16 21:53:08,561 [Thread-1111] INFO  impl.FollowerState (FollowerState.java:run(117)) - efb933de-cdd8-4d8d-88d2-4c7ffe0dec1a@group-EE856C9543A1-FollowerState was interrupted: java.lang.InterruptedException: sleep interrupted
2019-10-16 21:53:08,576 [5c3956af-60d3-411f-8c98-c7ed3576de5c@group-EE856C9543A1-LeaderElection134] INFO  impl.LeaderElection (LeaderElection.java:logAndReturn(56)) - 5c3956af-60d3-411f-8c98-c7ed3576de5c@group-EE856C9543A1-LeaderElection134: Election REJECTED; received 2 response(s) [5c3956af-60d3-411f-8c98-c7ed3576de5c<-efb933de-cdd8-4d8d-88d2-4c7ffe0dec1a#0:FAIL-t136, 5c3956af-60d3-411f-8c98-c7ed3576de5c<-9d88716d-5d6b-4fd8-b832-a110dc45ee66#0:FAIL-t136] and 0 exception(s); 5c3956af-60d3-411f-8c98-c7ed3576de5c@group-EE856C9543A1:t136, leader=null, voted=5c3956af-60d3-411f-8c98-c7ed3576de5c, raftlog=5c3956af-60d3-411f-8c98-c7ed3576de5c@group-EE856C9543A1-SegmentedRaftLog:OPENED:c-1,f-1,i0, conf=-1: [5c3956af-60d3-411f-8c98-c7ed3576de5c:192.168.34.38:33787, efb933de-cdd8-4d8d-88d2-4c7ffe0dec1a:192.168.34.38:42459, 9d88716d-5d6b-4fd8-b832-a110dc45ee66:192.168.34.38:38211], old=null
2019-10-16 21:53:08,576 [5c3956af-60d3-411f-8c98-c7ed3576de5c@group-EE856C9543A1-LeaderElection134] INFO  impl.RaftServerImpl (RaftServerImpl.java:setRole(184)) - 5c3956af-60d3-411f-8c98-c7ed3576de5c@group-EE856C9543A1: changes role from CANDIDATE to FOLLOWER at term 136 for DISCOVERED_A_NEW_TERM
2019-10-16 21:53:08,576 [5c3956af-60d3-411f-8c98-c7ed3576de5c@group-EE856C9543A1-LeaderElection134] INFO  impl.RoleInfo (RoleInfo.java:shutdownLeaderElection(134)) - 5c3956af-60d3-411f-8c98-c7ed3576de5c: shutdown LeaderElection
2019-10-16 21:53:08,576 [5c3956af-60d3-411f-8c98-c7ed3576de5c@group-EE856C9543A1-LeaderElection134] INFO  impl.RoleInfo (RoleInfo.java:updateAndGet(143)) - 5c3956af-60d3-411f-8c98-c7ed3576de5c: start FollowerState
2019-10-16 21:53:08,699 [Thread-1119] INFO  impl.FollowerState (FollowerState.java:run(108)) - 5c3956af-60d3-411f-8c98-c7ed3576de5c@group-EE856C9543A1-FollowerState: change to CANDIDATE, lastRpcTime:122ms, electionTimeout:122ms
2019-10-16 21:53:08,699 [Thread-1119] INFO  impl.RoleInfo (RoleInfo.java:shutdownFollowerState(121)) - 5c3956af-60d3-411f-8c98-c7ed3576de5c: shutdown FollowerState
2019-10-16 21:53:08,699 [Thread-1119] INFO  impl.RaftServerImpl (RaftServerImpl.java:setRole(184)) - 5c3956af-60d3-411f-8c98-c7ed3576de5c@group-EE856C9543A1: changes role from  FOLLOWER to CANDIDATE at term 136 for changeToCandidate
2019-10-16 21:53:08,699 [Thread-1119] INFO  impl.RoleInfo (RoleInfo.java:updateAndGet(143)) - 5c3956af-60d3-411f-8c98-c7ed3576de5c: start LeaderElection
2019-10-16 21:53:08,725 [5c3956af-60d3-411f-8c98-c7ed3576de5c@group-EE856C9543A1-LeaderElection135] INFO  impl.LeaderElection (LeaderElection.java:askForVotes(178)) - 5c3956af-60d3-411f-8c98-c7ed3576de5c@group-EE856C9543A1-LeaderElection135: begin an election at term 137 for -1: [5c3956af-60d3-411f-8c98-c7ed3576de5c:192.168.34.38:33787, efb933de-cdd8-4d8d-88d2-4c7ffe0dec1a:192.168.34.38:42459, 9d88716d-5d6b-4fd8-b832-a110dc45ee66:192.168.34.38:38211], old=null
2019-10-16 21:53:08,729 [grpc-default-executor-1] INFO  impl.RaftServerImpl (RaftServerImpl.java:setRole(184)) - efb933de-cdd8-4d8d-88d2-4c7ffe0dec1a@group-EE856C9543A1: changes role from  FOLLOWER to FOLLOWER at term 137 for recognizeCandidate:5c3956af-60d3-411f-8c98-c7ed3576de5c
2019-10-16 21:53:08,729 [grpc-default-executor-0] INFO  impl.RaftServerImpl (RaftServerImpl.java:setRole(184)) - 9d88716d-5d6b-4fd8-b832-a110dc45ee66@group-EE856C9543A1: changes role from  FOLLOWER to FOLLOWER at term 137 for recognizeCandidate:5c3956af-60d3-411f-8c98-c7ed3576de5c
2019-10-16 21:53:08,729 [grpc-default-executor-1] INFO  impl.RoleInfo (RoleInfo.java:shutdownFollowerState(121)) - efb933de-cdd8-4d8d-88d2-4c7ffe0dec1a: shutdown FollowerState
2019-10-16 21:53:08,729 [grpc-default-executor-0] INFO  impl.RoleInfo (RoleInfo.java:shutdownFollowerState(121)) - 9d88716d-5d6b-4fd8-b832-a110dc45ee66: shutdown FollowerState
2019-10-16 21:53:08,730 [Thread-1118] INFO  impl.FollowerState (FollowerState.java:run(117)) - efb933de-cdd8-4d8d-88d2-4c7ffe0dec1a@group-EE856C9543A1-FollowerState was interrupted: java.lang.InterruptedException: sleep interrupted
2019-10-16 21:53:08,730 [grpc-default-executor-1] INFO  impl.RoleInfo (RoleInfo.java:updateAndGet(143)) - efb933de-cdd8-4d8d-88d2-4c7ffe0dec1a: start FollowerState
2019-10-16 21:53:08,730 [Thread-1117] INFO  impl.FollowerState (FollowerState.java:run(117)) - 9d88716d-5d6b-4fd8-b832-a110dc45ee66@group-EE856C9543A1-FollowerState was interrupted: java.lang.InterruptedException: sleep interrupted
2019-10-16 21:53:08,730 [grpc-default-executor-0] INFO  impl.RoleInfo (RoleInfo.java:updateAndGet(143)) - 9d88716d-5d6b-4fd8-b832-a110dc45ee66: start FollowerState
2019-10-16 21:53:08,745 [5c3956af-60d3-411f-8c98-c7ed3576de5c@group-EE856C9543A1-LeaderElection135] INFO  impl.LeaderElection (LeaderElection.java:logAndReturn(56)) - 5c3956af-60d3-411f-8c98-c7ed3576de5c@group-EE856C9543A1-LeaderElection135: Election REJECTED; received 2 response(s) [5c3956af-60d3-411f-8c98-c7ed3576de5c<-efb933de-cdd8-4d8d-88d2-4c7ffe0dec1a#0:FAIL-t137, 5c3956af-60d3-411f-8c98-c7ed3576de5c<-9d88716d-5d6b-4fd8-b832-a110dc45ee66#0:FAIL-t137] and 0 exception(s); 5c3956af-60d3-411f-8c98-c7ed3576de5c@group-EE856C9543A1:t137, leader=null, voted=5c3956af-60d3-411f-8c98-c7ed3576de5c, raftlog=5c3956af-60d3-411f-8c98-c7ed3576de5c@group-EE856C9543A1-SegmentedRaftLog:OPENED:c-1,f-1,i0, conf=-1: [5c3956af-60d3-411f-8c98-c7ed3576de5c:192.168.34.38:33787, efb933de-cdd8-4d8d-88d2-4c7ffe0dec1a:192.168.34.38:42459, 9d88716d-5d6b-4fd8-b832-a110dc45ee66:192.168.34.38:38211], old=null
2019-10-16 21:53:08,745 [5c3956af-60d3-411f-8c98-c7ed3576de5c@group-EE856C9543A1-LeaderElection135] INFO  impl.RaftServerImpl (RaftServerImpl.java:setRole(184)) - 5c3956af-60d3-411f-8c98-c7ed3576de5c@group-EE856C9543A1: changes role from CANDIDATE to FOLLOWER at term 137 for DISCOVERED_A_NEW_TERM
2019-10-16 21:53:08,745 [5c3956af-60d3-411f-8c98-c7ed3576de5c@group-EE856C9543A1-LeaderElection135] INFO  impl.RoleInfo (RoleInfo.java:shutdownLeaderElection(134)) - 5c3956af-60d3-411f-8c98-c7ed3576de5c: shutdown LeaderElection
2019-10-16 21:53:08,746 [5c3956af-60d3-411f-8c98-c7ed3576de5c@group-EE856C9543A1-LeaderElection135] INFO  impl.RoleInfo (RoleInfo.java:updateAndGet(143)) - 5c3956af-60d3-411f-8c98-c7ed3576de5c: start FollowerState
2019-10-16 21:53:08,757 [Thread-1125] INFO  impl.FollowerState (FollowerState.java:run(108)) - 5c3956af-60d3-411f-8c98-c7ed3576de5c@group-EE856C9543A1-FollowerState: change to CANDIDATE, lastRpcTime:11ms, electionTimeout:11ms
2019-10-16 21:53:08,757 [Thread-1125] INFO  impl.RoleInfo (RoleInfo.java:shutdownFollowerState(121)) - 5c3956af-60d3-411f-8c98-c7ed3576de5c: shutdown FollowerState
2019-10-16 21:53:08,757 [Thread-1125] INFO  impl.RaftServerImpl (RaftServerImpl.java:setRole(184)) - 5c3956af-60d3-411f-8c98-c7ed3576de5c@group-EE856C9543A1: changes role from  FOLLOWER to CANDIDATE at term 137 for changeToCandidate
2019-10-16 21:53:08,757 [Thread-1125] INFO  impl.RoleInfo (RoleInfo.java:updateAndGet(143)) - 5c3956af-60d3-411f-8c98-c7ed3576de5c: start LeaderElection
2019-10-16 21:53:08,771 [5c3956af-60d3-411f-8c98-c7ed3576de5c@group-EE856C9543A1-LeaderElection136] INFO  impl.LeaderElection (LeaderElection.java:askForVotes(178)) - 5c3956af-60d3-411f-8c98-c7ed3576de5c@group-EE856C9543A1-LeaderElection136: begin an election at term 138 for -1: [5c3956af-60d3-411f-8c98-c7ed3576de5c:192.168.34.38:33787, efb933de-cdd8-4d8d-88d2-4c7ffe0dec1a:192.168.34.38:42459, 9d88716d-5d6b-4fd8-b832-a110dc45ee66:192.168.34.38:38211], old=null
2019-10-16 21:53:08,774 [grpc-default-executor-0] INFO  impl.RaftServerImpl (RaftServerImpl.java:setRole(184)) - efb933de-cdd8-4d8d-88d2-4c7ffe0dec1a@group-EE856C9543A1: changes role from  FOLLOWER to FOLLOWER at term 138 for recognizeCandidate:5c3956af-60d3-411f-8c98-c7ed3576de5c
2019-10-16 21:53:08,774 [grpc-default-executor-0] INFO  impl.RoleInfo (RoleInfo.java:shutdownFollowerState(121)) - efb933de-cdd8-4d8d-88d2-4c7ffe0dec1a: shutdown FollowerState
2019-10-16 21:53:08,774 [grpc-default-executor-1] INFO  impl.RaftServerImpl (RaftServerImpl.java:setRole(184)) - 9d88716d-5d6b-4fd8-b832-a110dc45ee66@group-EE856C9543A1: changes role from  FOLLOWER to FOLLOWER at term 138 for recognizeCandidate:5c3956af-60d3-411f-8c98-c7ed3576de5c
2019-10-16 21:53:08,775 [Thread-1123] INFO  impl.FollowerState (FollowerState.java:run(117)) - efb933de-cdd8-4d8d-88d2-4c7ffe0dec1a@group-EE856C9543A1-FollowerState was interrupted: java.lang.InterruptedException: sleep interrupted
2019-10-16 21:53:08,775 [grpc-default-executor-1] INFO  impl.RoleInfo (RoleInfo.java:shutdownFollowerState(121)) - 9d88716d-5d6b-4fd8-b832-a110dc45ee66: shutdown FollowerState
2019-10-16 21:53:08,774 [grpc-default-executor-0] INFO  impl.RoleInfo (RoleInfo.java:updateAndGet(143)) - efb933de-cdd8-4d8d-88d2-4c7ffe0dec1a: start FollowerState
2019-10-16 21:53:08,775 [grpc-default-executor-1] INFO  impl.RoleInfo (RoleInfo.java:updateAndGet(143)) - 9d88716d-5d6b-4fd8-b832-a110dc45ee66: start FollowerState
2019-10-16 21:53:08,775 [Thread-1124] INFO  impl.FollowerState (FollowerState.java:run(117)) - 9d88716d-5d6b-4fd8-b832-a110dc45ee66@group-EE856C9543A1-FollowerState was interrupted: java.lang.InterruptedException: sleep interrupted
2019-10-16 21:53:08,789 [5c3956af-60d3-411f-8c98-c7ed3576de5c@group-EE856C9543A1-LeaderElection136] INFO  impl.LeaderElection (LeaderElection.java:logAndReturn(56)) - 5c3956af-60d3-411f-8c98-c7ed3576de5c@group-EE856C9543A1-LeaderElection136: Election REJECTED; received 2 response(s) [5c3956af-60d3-411f-8c98-c7ed3576de5c<-efb933de-cdd8-4d8d-88d2-4c7ffe0dec1a#0:FAIL-t138, 5c3956af-60d3-411f-8c98-c7ed3576de5c<-9d88716d-5d6b-4fd8-b832-a110dc45ee66#0:FAIL-t138] and 0 exception(s); 5c3956af-60d3-411f-8c98-c7ed3576de5c@group-EE856C9543A1:t138, leader=null, voted=5c3956af-60d3-411f-8c98-c7ed3576de5c, raftlog=5c3956af-60d3-411f-8c98-c7ed3576de5c@group-EE856C9543A1-SegmentedRaftLog:OPENED:c-1,f-1,i0, conf=-1: [5c3956af-60d3-411f-8c98-c7ed3576de5c:192.168.34.38:33787, efb933de-cdd8-4d8d-88d2-4c7ffe0dec1a:192.168.34.38:42459, 9d88716d-5d6b-4fd8-b832-a110dc45ee66:192.168.34.38:38211], old=null
2019-10-16 21:53:08,790 [5c3956af-60d3-411f-8c98-c7ed3576de5c@group-EE856C9543A1-LeaderElection136] INFO  impl.RaftServerImpl (RaftServerImpl.java:setRole(184)) - 5c3956af-60d3-411f-8c98-c7ed3576de5c@group-EE856C9543A1: changes role from CANDIDATE to FOLLOWER at term 138 for DISCOVERED_A_NEW_TERM
2019-10-16 21:53:08,790 [5c3956af-60d3-411f-8c98-c7ed3576de5c@group-EE856C9543A1-LeaderElection136] INFO  impl.RoleInfo (RoleInfo.java:shutdownLeaderElection(134)) - 5c3956af-60d3-411f-8c98-c7ed3576de5c: shutdown LeaderElection
2019-10-16 21:53:08,790 [5c3956af-60d3-411f-8c98-c7ed3576de5c@group-EE856C9543A1-LeaderElection136] INFO  impl.RoleInfo (RoleInfo.java:updateAndGet(143)) - 5c3956af-60d3-411f-8c98-c7ed3576de5c: start FollowerState
2019-10-16 21:53:08,916 [Thread-1131] INFO  impl.FollowerState (FollowerState.java:run(108)) - 5c3956af-60d3-411f-8c98-c7ed3576de5c@group-EE856C9543A1-FollowerState: change to CANDIDATE, lastRpcTime:126ms, electionTimeout:126ms
2019-10-16 21:53:08,917 [Thread-1131] INFO  impl.RoleInfo (RoleInfo.java:shutdownFollowerState(121)) - 5c3956af-60d3-411f-8c98-c7ed3576de5c: shutdown FollowerState
2019-10-16 21:53:08,917 [Thread-1131] INFO  impl.RaftServerImpl (RaftServerImpl.java:setRole(184)) - 5c3956af-60d3-411f-8c98-c7ed3576de5c@group-EE856C9543A1: changes role from  FOLLOWER to CANDIDATE at term 138 for changeToCandidate
2019-10-16 21:53:08,917 [Thread-1131] INFO  impl.RoleInfo (RoleInfo.java:updateAndGet(143)) - 5c3956af-60d3-411f-8c98-c7ed3576de5c: start LeaderElection
2019-10-16 21:53:08,931 [5c3956af-60d3-411f-8c98-c7ed3576de5c@group-EE856C9543A1-LeaderElection137] INFO  impl.LeaderElection (LeaderElection.java:askForVotes(178)) - 5c3956af-60d3-411f-8c98-c7ed3576de5c@group-EE856C9543A1-LeaderElection137: begin an election at term 139 for -1: [5c3956af-60d3-411f-8c98-c7ed3576de5c:192.168.34.38:33787, efb933de-cdd8-4d8d-88d2-4c7ffe0dec1a:192.168.34.38:42459, 9d88716d-5d6b-4fd8-b832-a110dc45ee66:192.168.34.38:38211], old=null
2019-10-16 21:53:08,933 [grpc-default-executor-0] INFO  impl.RaftServerImpl (RaftServerImpl.java:setRole(184)) - 9d88716d-5d6b-4fd8-b832-a110dc45ee66@group-EE856C9543A1: changes role from  FOLLOWER to FOLLOWER at term 139 for recognizeCandidate:5c3956af-60d3-411f-8c98-c7ed3576de5c
2019-10-16 21:53:08,933 [grpc-default-executor-0] INFO  impl.RoleInfo (RoleInfo.java:shutdownFollowerState(121)) - 9d88716d-5d6b-4fd8-b832-a110dc45ee66: shutdown FollowerState
2019-10-16 21:53:08,933 [grpc-default-executor-1] INFO  impl.RaftServerImpl (RaftServerImpl.java:setRole(184)) - efb933de-cdd8-4d8d-88d2-4c7ffe0dec1a@group-EE856C9543A1: changes role from  FOLLOWER to FOLLOWER at term 139 for recognizeCandidate:5c3956af-60d3-411f-8c98-c7ed3576de5c
2019-10-16 21:53:08,934 [Thread-1130] INFO  impl.FollowerState (FollowerState.java:run(117)) - 9d88716d-5d6b-4fd8-b832-a110dc45ee66@group-EE856C9543A1-FollowerState was interrupted: java.lang.InterruptedException: sleep interrupted
2019-10-16 21:53:08,934 [grpc-default-executor-0] INFO  impl.RoleInfo (RoleInfo.java:updateAndGet(143)) - 9d88716d-5d6b-4fd8-b832-a110dc45ee66: start FollowerState
2019-10-16 21:53:08,934 [grpc-default-executor-1] INFO  impl.RoleInfo (RoleInfo.java:shutdownFollowerState(121)) - efb933de-cdd8-4d8d-88d2-4c7ffe0dec1a: shutdown FollowerState
2019-10-16 21:53:08,934 [grpc-default-executor-1] INFO  impl.RoleInfo (RoleInfo.java:updateAndGet(143)) - efb933de-cdd8-4d8d-88d2-4c7ffe0dec1a: start FollowerState
2019-10-16 21:53:08,934 [Thread-1129] INFO  impl.FollowerState (FollowerState.java:run(117)) - efb933de-cdd8-4d8d-88d2-4c7ffe0dec1a@group-EE856C9543A1-FollowerState was interrupted: java.lang.InterruptedException: sleep interrupted
2019-10-16 21:53:08,955 [5c3956af-60d3-411f-8c98-c7ed3576de5c@group-EE856C9543A1-LeaderElection137] INFO  impl.LeaderElection (LeaderElection.java:logAndReturn(56)) - 5c3956af-60d3-411f-8c98-c7ed3576de5c@group-EE856C9543A1-LeaderElection137: Election REJECTED; received 2 response(s) [5c3956af-60d3-411f-8c98-c7ed3576de5c<-efb933de-cdd8-4d8d-88d2-4c7ffe0dec1a#0:FAIL-t139, 5c3956af-60d3-411f-8c98-c7ed3576de5c<-9d88716d-5d6b-4fd8-b832-a110dc45ee66#0:FAIL-t139] and 0 exception(s); 5c3956af-60d3-411f-8c98-c7ed3576de5c@group-EE856C9543A1:t139, leader=null, voted=5c3956af-60d3-411f-8c98-c7ed3576de5c, raftlog=5c3956af-60d3-411f-8c98-c7ed3576de5c@group-EE856C9543A1-SegmentedRaftLog:OPENED:c-1,f-1,i0, conf=-1: [5c3956af-60d3-411f-8c98-c7ed3576de5c:192.168.34.38:33787, efb933de-cdd8-4d8d-88d2-4c7ffe0dec1a:192.168.34.38:42459, 9d88716d-5d6b-4fd8-b832-a110dc45ee66:192.168.34.38:38211], old=null
2019-10-16 21:53:08,956 [5c3956af-60d3-411f-8c98-c7ed3576de5c@group-EE856C9543A1-LeaderElection137] INFO  impl.RaftServerImpl (RaftServerImpl.java:setRole(184)) - 5c3956af-60d3-411f-8c98-c7ed3576de5c@group-EE856C9543A1: changes role from CANDIDATE to FOLLOWER at term 139 for DISCOVERED_A_NEW_TERM
2019-10-16 21:53:08,956 [5c3956af-60d3-411f-8c98-c7ed3576de5c@group-EE856C9543A1-LeaderElection137] INFO  impl.RoleInfo (RoleInfo.java:shutdownLeaderElection(134)) - 5c3956af-60d3-411f-8c98-c7ed3576de5c: shutdown LeaderElection
2019-10-16 21:53:08,956 [5c3956af-60d3-411f-8c98-c7ed3576de5c@group-EE856C9543A1-LeaderElection137] INFO  impl.RoleInfo (RoleInfo.java:updateAndGet(143)) - 5c3956af-60d3-411f-8c98-c7ed3576de5c: start FollowerState
2019-10-16 21:53:09,138 [Thread-1137] INFO  impl.FollowerState (FollowerState.java:run(108)) - 5c3956af-60d3-411f-8c98-c7ed3576de5c@group-EE856C9543A1-FollowerState: change to CANDIDATE, lastRpcTime:182ms, electionTimeout:182ms
2019-10-16 21:53:09,139 [Thread-1137] INFO  impl.RoleInfo (RoleInfo.java:shutdownFollowerState(121)) - 5c3956af-60d3-411f-8c98-c7ed3576de5c: shutdown FollowerState
2019-10-16 21:53:09,139 [Thread-1137] INFO  impl.RaftServerImpl (RaftServerImpl.java:setRole(184)) - 5c3956af-60d3-411f-8c98-c7ed3576de5c@group-EE856C9543A1: changes role from  FOLLOWER to CANDIDATE at term 139 for changeToCandidate
2019-10-16 21:53:09,139 [Thread-1137] INFO  impl.RoleInfo (RoleInfo.java:updateAndGet(143)) - 5c3956af-60d3-411f-8c98-c7ed3576de5c: start LeaderElection
2019-10-16 21:53:09,153 [5c3956af-60d3-411f-8c98-c7ed3576de5c@group-EE856C9543A1-LeaderElection138] INFO  impl.LeaderElection (LeaderElection.java:askForVotes(178)) - 5c3956af-60d3-411f-8c98-c7ed3576de5c@group-EE856C9543A1-LeaderElection138: begin an election at term 140 for -1: [5c3956af-60d3-411f-8c98-c7ed3576de5c:192.168.34.38:33787, efb933de-cdd8-4d8d-88d2-4c7ffe0dec1a:192.168.34.38:42459, 9d88716d-5d6b-4fd8-b832-a110dc45ee66:192.168.34.38:38211], old=null
2019-10-16 21:53:09,156 [grpc-default-executor-1] INFO  impl.RaftServerImpl (RaftServerImpl.java:setRole(184)) - 9d88716d-5d6b-4fd8-b832-a110dc45ee66@group-EE856C9543A1: changes role from  FOLLOWER to FOLLOWER at term 140 for recognizeCandidate:5c3956af-60d3-411f-8c98-c7ed3576de5c
2019-10-16 21:53:09,156 [grpc-default-executor-1] INFO  impl.RoleInfo (RoleInfo.java:shutdownFollowerState(121)) - 9d88716d-5d6b-4fd8-b832-a110dc45ee66: shutdown FollowerState
2019-10-16 21:53:09,156 [grpc-default-executor-0] INFO  impl.RaftServerImpl (RaftServerImpl.java:setRole(184)) - efb933de-cdd8-4d8d-88d2-4c7ffe0dec1a@group-EE856C9543A1: changes role from  FOLLOWER to FOLLOWER at term 140 for recognizeCandidate:5c3956af-60d3-411f-8c98-c7ed3576de5c
2019-10-16 21:53:09,156 [Thread-1135] INFO  impl.FollowerState (FollowerState.java:run(117)) - 9d88716d-5d6b-4fd8-b832-a110dc45ee66@group-EE856C9543A1-FollowerState was interrupted: java.lang.InterruptedException: sleep interrupted
2019-10-16 21:53:09,156 [grpc-default-executor-1] INFO  impl.RoleInfo (RoleInfo.java:updateAndGet(143)) - 9d88716d-5d6b-4fd8-b832-a110dc45ee66: start FollowerState
2019-10-16 21:53:09,156 [grpc-default-executor-0] INFO  impl.RoleInfo (RoleInfo.java:shutdownFollowerState(121)) - efb933de-cdd8-4d8d-88d2-4c7ffe0dec1a: shutdown FollowerState
2019-10-16 21:53:09,157 [grpc-default-executor-0] INFO  impl.RoleInfo (RoleInfo.java:updateAndGet(143)) - efb933de-cdd8-4d8d-88d2-4c7ffe0dec1a: start FollowerState
2019-10-16 21:53:09,157 [Thread-1136] INFO  impl.FollowerState (FollowerState.java:run(117)) - efb933de-cdd8-4d8d-88d2-4c7ffe0dec1a@group-EE856C9543A1-FollowerState was interrupted: java.lang.InterruptedException: sleep interrupted
2019-10-16 21:53:09,172 [5c3956af-60d3-411f-8c98-c7ed3576de5c@group-EE856C9543A1-LeaderElection138] INFO  impl.LeaderElection (LeaderElection.java:logAndReturn(56)) - 5c3956af-60d3-411f-8c98-c7ed3576de5c@group-EE856C9543A1-LeaderElection138: Election REJECTED; received 2 response(s) [5c3956af-60d3-411f-8c98-c7ed3576de5c<-efb933de-cdd8-4d8d-88d2-4c7ffe0dec1a#0:FAIL-t140, 5c3956af-60d3-411f-8c98-c7ed3576de5c<-9d88716d-5d6b-4fd8-b832-a110dc45ee66#0:FAIL-t140] and 0 exception(s); 5c3956af-60d3-411f-8c98-c7ed3576de5c@group-EE856C9543A1:t140, leader=null, voted=5c3956af-60d3-411f-8c98-c7ed3576de5c, raftlog=5c3956af-60d3-411f-8c98-c7ed3576de5c@group-EE856C9543A1-SegmentedRaftLog:OPENED:c-1,f-1,i0, conf=-1: [5c3956af-60d3-411f-8c98-c7ed3576de5c:192.168.34.38:33787, efb933de-cdd8-4d8d-88d2-4c7ffe0dec1a:192.168.34.38:42459, 9d88716d-5d6b-4fd8-b832-a110dc45ee66:192.168.34.38:38211], old=null
2019-10-16 21:53:09,172 [5c3956af-60d3-411f-8c98-c7ed3576de5c@group-EE856C9543A1-LeaderElection138] INFO  impl.RaftServerImpl (RaftServerImpl.java:setRole(184)) - 5c3956af-60d3-411f-8c98-c7ed3576de5c@group-EE856C9543A1: changes role from CANDIDATE to FOLLOWER at term 140 for DISCOVERED_A_NEW_TERM
2019-10-16 21:53:09,172 [5c3956af-60d3-411f-8c98-c7ed3576de5c@group-EE856C9543A1-LeaderElection138] INFO  impl.RoleInfo (RoleInfo.java:shutdownLeaderElection(134)) - 5c3956af-60d3-411f-8c98-c7ed3576de5c: shutdown LeaderElection
2019-10-16 21:53:09,172 [5c3956af-60d3-411f-8c98-c7ed3576de5c@group-EE856C9543A1-LeaderElection138] INFO  impl.RoleInfo (RoleInfo.java:updateAndGet(143)) - 5c3956af-60d3-411f-8c98-c7ed3576de5c: start FollowerState
2019-10-16 21:53:09,286 [Thread-1143] INFO  impl.FollowerState (FollowerState.java:run(108)) - 5c3956af-60d3-411f-8c98-c7ed3576de5c@group-EE856C9543A1-FollowerState: change to CANDIDATE, lastRpcTime:114ms, electionTimeout:114ms
2019-10-16 21:53:09,287 [Thread-1143] INFO  impl.RoleInfo (RoleInfo.java:shutdownFollowerState(121)) - 5c3956af-60d3-411f-8c98-c7ed3576de5c: shutdown FollowerState
2019-10-16 21:53:09,287 [Thread-1143] INFO  impl.RaftServerImpl (RaftServerImpl.java:setRole(184)) - 5c3956af-60d3-411f-8c98-c7ed3576de5c@group-EE856C9543A1: changes role from  FOLLOWER to CANDIDATE at term 140 for changeToCandidate
2019-10-16 21:53:09,287 [Thread-1143] INFO  impl.RoleInfo (RoleInfo.java:updateAndGet(143)) - 5c3956af-60d3-411f-8c98-c7ed3576de5c: start LeaderElection
2019-10-16 21:53:09,301 [5c3956af-60d3-411f-8c98-c7ed3576de5c@group-EE856C9543A1-LeaderElection139] INFO  impl.LeaderElection (LeaderElection.java:askForVotes(178)) - 5c3956af-60d3-411f-8c98-c7ed3576de5c@group-EE856C9543A1-LeaderElection139: begin an election at term 141 for -1: [5c3956af-60d3-411f-8c98-c7ed3576de5c:192.168.34.38:33787, efb933de-cdd8-4d8d-88d2-4c7ffe0dec1a:192.168.34.38:42459, 9d88716d-5d6b-4fd8-b832-a110dc45ee66:192.168.34.38:38211], old=null
2019-10-16 21:53:09,304 [grpc-default-executor-0] INFO  impl.RaftServerImpl (RaftServerImpl.java:setRole(184)) - efb933de-cdd8-4d8d-88d2-4c7ffe0dec1a@group-EE856C9543A1: changes role from  FOLLOWER to FOLLOWER at term 141 for recognizeCandidate:5c3956af-60d3-411f-8c98-c7ed3576de5c
2019-10-16 21:53:09,304 [grpc-default-executor-1] INFO  impl.RaftServerImpl (RaftServerImpl.java:setRole(184)) - 9d88716d-5d6b-4fd8-b832-a110dc45ee66@group-EE856C9543A1: changes role from  FOLLOWER to FOLLOWER at term 141 for recognizeCandidate:5c3956af-60d3-411f-8c98-c7ed3576de5c
2019-10-16 21:53:09,305 [grpc-default-executor-0] INFO  impl.RoleInfo (RoleInfo.java:shutdownFollowerState(121)) - efb933de-cdd8-4d8d-88d2-4c7ffe0dec1a: shutdown FollowerState
2019-10-16 21:53:09,305 [grpc-default-executor-1] INFO  impl.RoleInfo (RoleInfo.java:shutdownFollowerState(121)) - 9d88716d-5d6b-4fd8-b832-a110dc45ee66: shutdown FollowerState
2019-10-16 21:53:09,305 [Thread-1142] INFO  impl.FollowerState (FollowerState.java:run(117)) - efb933de-cdd8-4d8d-88d2-4c7ffe0dec1a@group-EE856C9543A1-FollowerState was interrupted: java.lang.InterruptedException: sleep interrupted
2019-10-16 21:53:09,305 [grpc-default-executor-0] INFO  impl.RoleInfo (RoleInfo.java:updateAndGet(143)) - efb933de-cdd8-4d8d-88d2-4c7ffe0dec1a: start FollowerState
2019-10-16 21:53:09,305 [Thread-1141] INFO  impl.FollowerState (FollowerState.java:run(117)) - 9d88716d-5d6b-4fd8-b832-a110dc45ee66@group-EE856C9543A1-FollowerState was interrupted: java.lang.InterruptedException: sleep interrupted
2019-10-16 21:53:09,305 [grpc-default-executor-1] INFO  impl.RoleInfo (RoleInfo.java:updateAndGet(143)) - 9d88716d-5d6b-4fd8-b832-a110dc45ee66: start FollowerState
2019-10-16 21:53:09,321 [5c3956af-60d3-411f-8c98-c7ed3576de5c@group-EE856C9543A1-LeaderElection139] INFO  impl.LeaderElection (LeaderElection.java:logAndReturn(56)) - 5c3956af-60d3-411f-8c98-c7ed3576de5c@group-EE856C9543A1-LeaderElection139: Election REJECTED; received 2 response(s) [5c3956af-60d3-411f-8c98-c7ed3576de5c<-efb933de-cdd8-4d8d-88d2-4c7ffe0dec1a#0:FAIL-t141, 5c3956af-60d3-411f-8c98-c7ed3576de5c<-9d88716d-5d6b-4fd8-b832-a110dc45ee66#0:FAIL-t141] and 0 exception(s); 5c3956af-60d3-411f-8c98-c7ed3576de5c@group-EE856C9543A1:t141, leader=null, voted=5c3956af-60d3-411f-8c98-c7ed3576de5c, raftlog=5c3956af-60d3-411f-8c98-c7ed3576de5c@group-EE856C9543A1-SegmentedRaftLog:OPENED:c-1,f-1,i0, conf=-1: [5c3956af-60d3-411f-8c98-c7ed3576de5c:192.168.34.38:33787, efb933de-cdd8-4d8d-88d2-4c7ffe0dec1a:192.168.34.38:42459, 9d88716d-5d6b-4fd8-b832-a110dc45ee66:192.168.34.38:38211], old=null
2019-10-16 21:53:09,321 [5c3956af-60d3-411f-8c98-c7ed3576de5c@group-EE856C9543A1-LeaderElection139] INFO  impl.RaftServerImpl (RaftServerImpl.java:setRole(184)) - 5c3956af-60d3-411f-8c98-c7ed3576de5c@group-EE856C9543A1: changes role from CANDIDATE to FOLLOWER at term 141 for DISCOVERED_A_NEW_TERM
2019-10-16 21:53:09,321 [5c3956af-60d3-411f-8c98-c7ed3576de5c@group-EE856C9543A1-LeaderElection139] INFO  impl.RoleInfo (RoleInfo.java:shutdownLeaderElection(134)) - 5c3956af-60d3-411f-8c98-c7ed3576de5c: shutdown LeaderElection
2019-10-16 21:53:09,321 [5c3956af-60d3-411f-8c98-c7ed3576de5c@group-EE856C9543A1-LeaderElection139] INFO  impl.RoleInfo (RoleInfo.java:updateAndGet(143)) - 5c3956af-60d3-411f-8c98-c7ed3576de5c: start FollowerState
2019-10-16 21:53:09,403 [JUnit] INFO  ozone.MiniOzoneClusterImpl (MiniOzoneClusterImpl.java:lambda$waitForClusterToBeReady$2(164)) - Waiting for 1 number of pipelines out of 6, to report a leader.
2019-10-16 21:53:09,509 [Thread-1149] INFO  impl.FollowerState (FollowerState.java:run(108)) - 5c3956af-60d3-411f-8c98-c7ed3576de5c@group-EE856C9543A1-FollowerState: change to CANDIDATE, lastRpcTime:187ms, electionTimeout:187ms
2019-10-16 21:53:09,509 [Thread-1149] INFO  impl.RoleInfo (RoleInfo.java:shutdownFollowerState(121)) - 5c3956af-60d3-411f-8c98-c7ed3576de5c: shutdown FollowerState
2019-10-16 21:53:09,509 [Thread-1149] INFO  impl.RaftServerImpl (RaftServerImpl.java:setRole(184)) - 5c3956af-60d3-411f-8c98-c7ed3576de5c@group-EE856C9543A1: changes role from  FOLLOWER to CANDIDATE at term 141 for changeToCandidate
2019-10-16 21:53:09,509 [Thread-1149] INFO  impl.RoleInfo (RoleInfo.java:updateAndGet(143)) - 5c3956af-60d3-411f-8c98-c7ed3576de5c: start LeaderElection
2019-10-16 21:53:09,523 [5c3956af-60d3-411f-8c98-c7ed3576de5c@group-EE856C9543A1-LeaderElection140] INFO  impl.LeaderElection (LeaderElection.java:askForVotes(178)) - 5c3956af-60d3-411f-8c98-c7ed3576de5c@group-EE856C9543A1-LeaderElection140: begin an election at term 142 for -1: [5c3956af-60d3-411f-8c98-c7ed3576de5c:192.168.34.38:33787, efb933de-cdd8-4d8d-88d2-4c7ffe0dec1a:192.168.34.38:42459, 9d88716d-5d6b-4fd8-b832-a110dc45ee66:192.168.34.38:38211], old=null
2019-10-16 21:53:09,526 [grpc-default-executor-1] INFO  impl.RaftServerImpl (RaftServerImpl.java:setRole(184)) - efb933de-cdd8-4d8d-88d2-4c7ffe0dec1a@group-EE856C9543A1: changes role from  FOLLOWER to FOLLOWER at term 142 for recognizeCandidate:5c3956af-60d3-411f-8c98-c7ed3576de5c
2019-10-16 21:53:09,526 [grpc-default-executor-1] INFO  impl.RoleInfo (RoleInfo.java:shutdownFollowerState(121)) - efb933de-cdd8-4d8d-88d2-4c7ffe0dec1a: shutdown FollowerState
2019-10-16 21:53:09,526 [grpc-default-executor-1] INFO  impl.RoleInfo (RoleInfo.java:updateAndGet(143)) - efb933de-cdd8-4d8d-88d2-4c7ffe0dec1a: start FollowerState
2019-10-16 21:53:09,526 [Thread-1147] INFO  impl.FollowerState (FollowerState.java:run(117)) - efb933de-cdd8-4d8d-88d2-4c7ffe0dec1a@group-EE856C9543A1-FollowerState was interrupted: java.lang.InterruptedException: sleep interrupted
2019-10-16 21:53:09,526 [grpc-default-executor-0] INFO  impl.RaftServerImpl (RaftServerImpl.java:setRole(184)) - 9d88716d-5d6b-4fd8-b832-a110dc45ee66@group-EE856C9543A1: changes role from  FOLLOWER to FOLLOWER at term 142 for recognizeCandidate:5c3956af-60d3-411f-8c98-c7ed3576de5c
2019-10-16 21:53:09,526 [grpc-default-executor-0] INFO  impl.RoleInfo (RoleInfo.java:shutdownFollowerState(121)) - 9d88716d-5d6b-4fd8-b832-a110dc45ee66: shutdown FollowerState
2019-10-16 21:53:09,527 [grpc-default-executor-0] INFO  impl.RoleInfo (RoleInfo.java:updateAndGet(143)) - 9d88716d-5d6b-4fd8-b832-a110dc45ee66: start FollowerState
2019-10-16 21:53:09,527 [Thread-1148] INFO  impl.FollowerState (FollowerState.java:run(117)) - 9d88716d-5d6b-4fd8-b832-a110dc45ee66@group-EE856C9543A1-FollowerState was interrupted: java.lang.InterruptedException: sleep interrupted
2019-10-16 21:53:09,540 [5c3956af-60d3-411f-8c98-c7ed3576de5c@group-EE856C9543A1-LeaderElection140] INFO  impl.LeaderElection (LeaderElection.java:logAndReturn(56)) - 5c3956af-60d3-411f-8c98-c7ed3576de5c@group-EE856C9543A1-LeaderElection140: Election REJECTED; received 2 response(s) [5c3956af-60d3-411f-8c98-c7ed3576de5c<-efb933de-cdd8-4d8d-88d2-4c7ffe0dec1a#0:FAIL-t142, 5c3956af-60d3-411f-8c98-c7ed3576de5c<-9d88716d-5d6b-4fd8-b832-a110dc45ee66#0:FAIL-t142] and 0 exception(s); 5c3956af-60d3-411f-8c98-c7ed3576de5c@group-EE856C9543A1:t142, leader=null, voted=5c3956af-60d3-411f-8c98-c7ed3576de5c, raftlog=5c3956af-60d3-411f-8c98-c7ed3576de5c@group-EE856C9543A1-SegmentedRaftLog:OPENED:c-1,f-1,i0, conf=-1: [5c3956af-60d3-411f-8c98-c7ed3576de5c:192.168.34.38:33787, efb933de-cdd8-4d8d-88d2-4c7ffe0dec1a:192.168.34.38:42459, 9d88716d-5d6b-4fd8-b832-a110dc45ee66:192.168.34.38:38211], old=null
2019-10-16 21:53:09,541 [5c3956af-60d3-411f-8c98-c7ed3576de5c@group-EE856C9543A1-LeaderElection140] INFO  impl.RaftServerImpl (RaftServerImpl.java:setRole(184)) - 5c3956af-60d3-411f-8c98-c7ed3576de5c@group-EE856C9543A1: changes role from CANDIDATE to FOLLOWER at term 142 for DISCOVERED_A_NEW_TERM
2019-10-16 21:53:09,541 [5c3956af-60d3-411f-8c98-c7ed3576de5c@group-EE856C9543A1-LeaderElection140] INFO  impl.RoleInfo (RoleInfo.java:shutdownLeaderElection(134)) - 5c3956af-60d3-411f-8c98-c7ed3576de5c: shutdown LeaderElection
2019-10-16 21:53:09,541 [5c3956af-60d3-411f-8c98-c7ed3576de5c@group-EE856C9543A1-LeaderElection140] INFO  impl.RoleInfo (RoleInfo.java:updateAndGet(143)) - 5c3956af-60d3-411f-8c98-c7ed3576de5c: start FollowerState
2019-10-16 21:53:09,723 [Thread-1155] INFO  impl.FollowerState (FollowerState.java:run(108)) - 5c3956af-60d3-411f-8c98-c7ed3576de5c@group-EE856C9543A1-FollowerState: change to CANDIDATE, lastRpcTime:182ms, electionTimeout:182ms
2019-10-16 21:53:09,724 [Thread-1155] INFO  impl.RoleInfo (RoleInfo.java:shutdownFollowerState(121)) - 5c3956af-60d3-411f-8c98-c7ed3576de5c: shutdown FollowerState
2019-10-16 21:53:09,724 [Thread-1155] INFO  impl.RaftServerImpl (RaftServerImpl.java:setRole(184)) - 5c3956af-60d3-411f-8c98-c7ed3576de5c@group-EE856C9543A1: changes role from  FOLLOWER to CANDIDATE at term 142 for changeToCandidate
2019-10-16 21:53:09,724 [Thread-1155] INFO  impl.RoleInfo (RoleInfo.java:updateAndGet(143)) - 5c3956af-60d3-411f-8c98-c7ed3576de5c: start LeaderElection
2019-10-16 21:53:09,737 [5c3956af-60d3-411f-8c98-c7ed3576de5c@group-EE856C9543A1-LeaderElection141] INFO  impl.LeaderElection (LeaderElection.java:askForVotes(178)) - 5c3956af-60d3-411f-8c98-c7ed3576de5c@group-EE856C9543A1-LeaderElection141: begin an election at term 143 for -1: [5c3956af-60d3-411f-8c98-c7ed3576de5c:192.168.34.38:33787, efb933de-cdd8-4d8d-88d2-4c7ffe0dec1a:192.168.34.38:42459, 9d88716d-5d6b-4fd8-b832-a110dc45ee66:192.168.34.38:38211], old=null
2019-10-16 21:53:09,740 [grpc-default-executor-0] INFO  impl.RaftServerImpl (RaftServerImpl.java:setRole(184)) - efb933de-cdd8-4d8d-88d2-4c7ffe0dec1a@group-EE856C9543A1: changes role from  FOLLOWER to FOLLOWER at term 143 for recognizeCandidate:5c3956af-60d3-411f-8c98-c7ed3576de5c
2019-10-16 21:53:09,740 [grpc-default-executor-0] INFO  impl.RoleInfo (RoleInfo.java:shutdownFollowerState(121)) - efb933de-cdd8-4d8d-88d2-4c7ffe0dec1a: shutdown FollowerState
2019-10-16 21:53:09,740 [grpc-default-executor-1] INFO  impl.RaftServerImpl (RaftServerImpl.java:setRole(184)) - 9d88716d-5d6b-4fd8-b832-a110dc45ee66@group-EE856C9543A1: changes role from  FOLLOWER to FOLLOWER at term 143 for recognizeCandidate:5c3956af-60d3-411f-8c98-c7ed3576de5c
2019-10-16 21:53:09,741 [Thread-1153] INFO  impl.FollowerState (FollowerState.java:run(117)) - efb933de-cdd8-4d8d-88d2-4c7ffe0dec1a@group-EE856C9543A1-FollowerState was interrupted: java.lang.InterruptedException: sleep interrupted
2019-10-16 21:53:09,740 [grpc-default-executor-0] INFO  impl.RoleInfo (RoleInfo.java:updateAndGet(143)) - efb933de-cdd8-4d8d-88d2-4c7ffe0dec1a: start FollowerState
2019-10-16 21:53:09,741 [grpc-default-executor-1] INFO  impl.RoleInfo (RoleInfo.java:shutdownFollowerState(121)) - 9d88716d-5d6b-4fd8-b832-a110dc45ee66: shutdown FollowerState
2019-10-16 21:53:09,741 [grpc-default-executor-1] INFO  impl.RoleInfo (RoleInfo.java:updateAndGet(143)) - 9d88716d-5d6b-4fd8-b832-a110dc45ee66: start FollowerState
2019-10-16 21:53:09,741 [Thread-1154] INFO  impl.FollowerState (FollowerState.java:run(117)) - 9d88716d-5d6b-4fd8-b832-a110dc45ee66@group-EE856C9543A1-FollowerState was interrupted: java.lang.InterruptedException: sleep interrupted
2019-10-16 21:53:09,757 [5c3956af-60d3-411f-8c98-c7ed3576de5c@group-EE856C9543A1-LeaderElection141] INFO  impl.LeaderElection (LeaderElection.java:logAndReturn(56)) - 5c3956af-60d3-411f-8c98-c7ed3576de5c@group-EE856C9543A1-LeaderElection141: Election REJECTED; received 2 response(s) [5c3956af-60d3-411f-8c98-c7ed3576de5c<-efb933de-cdd8-4d8d-88d2-4c7ffe0dec1a#0:FAIL-t143, 5c3956af-60d3-411f-8c98-c7ed3576de5c<-9d88716d-5d6b-4fd8-b832-a110dc45ee66#0:FAIL-t143] and 0 exception(s); 5c3956af-60d3-411f-8c98-c7ed3576de5c@group-EE856C9543A1:t143, leader=null, voted=5c3956af-60d3-411f-8c98-c7ed3576de5c, raftlog=5c3956af-60d3-411f-8c98-c7ed3576de5c@group-EE856C9543A1-SegmentedRaftLog:OPENED:c-1,f-1,i0, conf=-1: [5c3956af-60d3-411f-8c98-c7ed3576de5c:192.168.34.38:33787, efb933de-cdd8-4d8d-88d2-4c7ffe0dec1a:192.168.34.38:42459, 9d88716d-5d6b-4fd8-b832-a110dc45ee66:192.168.34.38:38211], old=null
2019-10-16 21:53:09,757 [5c3956af-60d3-411f-8c98-c7ed3576de5c@group-EE856C9543A1-LeaderElection141] INFO  impl.RaftServerImpl (RaftServerImpl.java:setRole(184)) - 5c3956af-60d3-411f-8c98-c7ed3576de5c@group-EE856C9543A1: changes role from CANDIDATE to FOLLOWER at term 143 for DISCOVERED_A_NEW_TERM
2019-10-16 21:53:09,757 [5c3956af-60d3-411f-8c98-c7ed3576de5c@group-EE856C9543A1-LeaderElection141] INFO  impl.RoleInfo (RoleInfo.java:shutdownLeaderElection(134)) - 5c3956af-60d3-411f-8c98-c7ed3576de5c: shutdown LeaderElection
2019-10-16 21:53:09,757 [5c3956af-60d3-411f-8c98-c7ed3576de5c@group-EE856C9543A1-LeaderElection141] INFO  impl.RoleInfo (RoleInfo.java:updateAndGet(143)) - 5c3956af-60d3-411f-8c98-c7ed3576de5c: start FollowerState
2019-10-16 21:53:09,932 [Thread-1161] INFO  impl.FollowerState (FollowerState.java:run(108)) - 5c3956af-60d3-411f-8c98-c7ed3576de5c@group-EE856C9543A1-FollowerState: change to CANDIDATE, lastRpcTime:174ms, electionTimeout:174ms
2019-10-16 21:53:09,932 [Thread-1161] INFO  impl.RoleInfo (RoleInfo.java:shutdownFollowerState(121)) - 5c3956af-60d3-411f-8c98-c7ed3576de5c: shutdown FollowerState
2019-10-16 21:53:09,932 [Thread-1161] INFO  impl.RaftServerImpl (RaftServerImpl.java:setRole(184)) - 5c3956af-60d3-411f-8c98-c7ed3576de5c@group-EE856C9543A1: changes role from  FOLLOWER to CANDIDATE at term 143 for changeToCandidate
2019-10-16 21:53:09,932 [Thread-1161] INFO  impl.RoleInfo (RoleInfo.java:updateAndGet(143)) - 5c3956af-60d3-411f-8c98-c7ed3576de5c: start LeaderElection
2019-10-16 21:53:09,946 [5c3956af-60d3-411f-8c98-c7ed3576de5c@group-EE856C9543A1-LeaderElection142] INFO  impl.LeaderElection (LeaderElection.java:askForVotes(178)) - 5c3956af-60d3-411f-8c98-c7ed3576de5c@group-EE856C9543A1-LeaderElection142: begin an election at term 144 for -1: [5c3956af-60d3-411f-8c98-c7ed3576de5c:192.168.34.38:33787, efb933de-cdd8-4d8d-88d2-4c7ffe0dec1a:192.168.34.38:42459, 9d88716d-5d6b-4fd8-b832-a110dc45ee66:192.168.34.38:38211], old=null
2019-10-16 21:53:09,949 [grpc-default-executor-0] INFO  impl.RaftServerImpl (RaftServerImpl.java:setRole(184)) - efb933de-cdd8-4d8d-88d2-4c7ffe0dec1a@group-EE856C9543A1: changes role from  FOLLOWER to FOLLOWER at term 144 for recognizeCandidate:5c3956af-60d3-411f-8c98-c7ed3576de5c
2019-10-16 21:53:09,949 [grpc-default-executor-1] INFO  impl.RaftServerImpl (RaftServerImpl.java:setRole(184)) - 9d88716d-5d6b-4fd8-b832-a110dc45ee66@group-EE856C9543A1: changes role from  FOLLOWER to FOLLOWER at term 144 for recognizeCandidate:5c3956af-60d3-411f-8c98-c7ed3576de5c
2019-10-16 21:53:09,949 [grpc-default-executor-0] INFO  impl.RoleInfo (RoleInfo.java:shutdownFollowerState(121)) - efb933de-cdd8-4d8d-88d2-4c7ffe0dec1a: shutdown FollowerState
2019-10-16 21:53:09,950 [grpc-default-executor-1] INFO  impl.RoleInfo (RoleInfo.java:shutdownFollowerState(121)) - 9d88716d-5d6b-4fd8-b832-a110dc45ee66: shutdown FollowerState
2019-10-16 21:53:09,950 [grpc-default-executor-0] INFO  impl.RoleInfo (RoleInfo.java:updateAndGet(143)) - efb933de-cdd8-4d8d-88d2-4c7ffe0dec1a: start FollowerState
2019-10-16 21:53:09,950 [Thread-1159] INFO  impl.FollowerState (FollowerState.java:run(117)) - efb933de-cdd8-4d8d-88d2-4c7ffe0dec1a@group-EE856C9543A1-FollowerState was interrupted: java.lang.InterruptedException: sleep interrupted
2019-10-16 21:53:09,950 [grpc-default-executor-1] INFO  impl.RoleInfo (RoleInfo.java:updateAndGet(143)) - 9d88716d-5d6b-4fd8-b832-a110dc45ee66: start FollowerState
2019-10-16 21:53:09,950 [Thread-1160] INFO  impl.FollowerState (FollowerState.java:run(117)) - 9d88716d-5d6b-4fd8-b832-a110dc45ee66@group-EE856C9543A1-FollowerState was interrupted: java.lang.InterruptedException: sleep interrupted
2019-10-16 21:53:09,965 [5c3956af-60d3-411f-8c98-c7ed3576de5c@group-EE856C9543A1-LeaderElection142] INFO  impl.LeaderElection (LeaderElection.java:logAndReturn(56)) - 5c3956af-60d3-411f-8c98-c7ed3576de5c@group-EE856C9543A1-LeaderElection142: Election REJECTED; received 2 response(s) [5c3956af-60d3-411f-8c98-c7ed3576de5c<-efb933de-cdd8-4d8d-88d2-4c7ffe0dec1a#0:FAIL-t144, 5c3956af-60d3-411f-8c98-c7ed3576de5c<-9d88716d-5d6b-4fd8-b832-a110dc45ee66#0:FAIL-t144] and 0 exception(s); 5c3956af-60d3-411f-8c98-c7ed3576de5c@group-EE856C9543A1:t144, leader=null, voted=5c3956af-60d3-411f-8c98-c7ed3576de5c, raftlog=5c3956af-60d3-411f-8c98-c7ed3576de5c@group-EE856C9543A1-SegmentedRaftLog:OPENED:c-1,f-1,i0, conf=-1: [5c3956af-60d3-411f-8c98-c7ed3576de5c:192.168.34.38:33787, efb933de-cdd8-4d8d-88d2-4c7ffe0dec1a:192.168.34.38:42459, 9d88716d-5d6b-4fd8-b832-a110dc45ee66:192.168.34.38:38211], old=null
2019-10-16 21:53:09,965 [5c3956af-60d3-411f-8c98-c7ed3576de5c@group-EE856C9543A1-LeaderElection142] INFO  impl.RaftServerImpl (RaftServerImpl.java:setRole(184)) - 5c3956af-60d3-411f-8c98-c7ed3576de5c@group-EE856C9543A1: changes role from CANDIDATE to FOLLOWER at term 144 for DISCOVERED_A_NEW_TERM
2019-10-16 21:53:09,965 [5c3956af-60d3-411f-8c98-c7ed3576de5c@group-EE856C9543A1-LeaderElection142] INFO  impl.RoleInfo (RoleInfo.java:shutdownLeaderElection(134)) - 5c3956af-60d3-411f-8c98-c7ed3576de5c: shutdown LeaderElection
2019-10-16 21:53:09,965 [5c3956af-60d3-411f-8c98-c7ed3576de5c@group-EE856C9543A1-LeaderElection142] INFO  impl.RoleInfo (RoleInfo.java:updateAndGet(143)) - 5c3956af-60d3-411f-8c98-c7ed3576de5c: start FollowerState
2019-10-16 21:53:10,056 [Thread-1167] INFO  impl.FollowerState (FollowerState.java:run(108)) - 5c3956af-60d3-411f-8c98-c7ed3576de5c@group-EE856C9543A1-FollowerState: change to CANDIDATE, lastRpcTime:91ms, electionTimeout:91ms
2019-10-16 21:53:10,057 [Thread-1167] INFO  impl.RoleInfo (RoleInfo.java:shutdownFollowerState(121)) - 5c3956af-60d3-411f-8c98-c7ed3576de5c: shutdown FollowerState
2019-10-16 21:53:10,057 [Thread-1167] INFO  impl.RaftServerImpl (RaftServerImpl.java:setRole(184)) - 5c3956af-60d3-411f-8c98-c7ed3576de5c@group-EE856C9543A1: changes role from  FOLLOWER to CANDIDATE at term 144 for changeToCandidate
2019-10-16 21:53:10,057 [Thread-1167] INFO  impl.RoleInfo (RoleInfo.java:updateAndGet(143)) - 5c3956af-60d3-411f-8c98-c7ed3576de5c: start LeaderElection
2019-10-16 21:53:10,279 [5c3956af-60d3-411f-8c98-c7ed3576de5c@group-EE856C9543A1-LeaderElection143] INFO  impl.LeaderElection (LeaderElection.java:askForVotes(178)) - 5c3956af-60d3-411f-8c98-c7ed3576de5c@group-EE856C9543A1-LeaderElection143: begin an election at term 145 for -1: [5c3956af-60d3-411f-8c98-c7ed3576de5c:192.168.34.38:33787, efb933de-cdd8-4d8d-88d2-4c7ffe0dec1a:192.168.34.38:42459, 9d88716d-5d6b-4fd8-b832-a110dc45ee66:192.168.34.38:38211], old=null
2019-10-16 21:53:10,281 [grpc-default-executor-0] INFO  impl.RaftServerImpl (RaftServerImpl.java:setRole(184)) - 9d88716d-5d6b-4fd8-b832-a110dc45ee66@group-EE856C9543A1: changes role from  FOLLOWER to FOLLOWER at term 145 for recognizeCandidate:5c3956af-60d3-411f-8c98-c7ed3576de5c
2019-10-16 21:53:10,281 [grpc-default-executor-1] INFO  impl.RaftServerImpl (RaftServerImpl.java:setRole(184)) - efb933de-cdd8-4d8d-88d2-4c7ffe0dec1a@group-EE856C9543A1: changes role from  FOLLOWER to FOLLOWER at term 145 for recognizeCandidate:5c3956af-60d3-411f-8c98-c7ed3576de5c
2019-10-16 21:53:10,282 [grpc-default-executor-0] INFO  impl.RoleInfo (RoleInfo.java:shutdownFollowerState(121)) - 9d88716d-5d6b-4fd8-b832-a110dc45ee66: shutdown FollowerState
2019-10-16 21:53:10,282 [grpc-default-executor-1] INFO  impl.RoleInfo (RoleInfo.java:shutdownFollowerState(121)) - efb933de-cdd8-4d8d-88d2-4c7ffe0dec1a: shutdown FollowerState
2019-10-16 21:53:10,282 [grpc-default-executor-0] INFO  impl.RoleInfo (RoleInfo.java:updateAndGet(143)) - 9d88716d-5d6b-4fd8-b832-a110dc45ee66: start FollowerState
2019-10-16 21:53:10,282 [Thread-1165] INFO  impl.FollowerState (FollowerState.java:run(117)) - efb933de-cdd8-4d8d-88d2-4c7ffe0dec1a@group-EE856C9543A1-FollowerState was interrupted: java.lang.InterruptedException: sleep interrupted
2019-10-16 21:53:10,282 [Thread-1166] INFO  impl.FollowerState (FollowerState.java:run(117)) - 9d88716d-5d6b-4fd8-b832-a110dc45ee66@group-EE856C9543A1-FollowerState was interrupted: java.lang.InterruptedException: sleep interrupted
2019-10-16 21:53:10,282 [grpc-default-executor-1] INFO  impl.RoleInfo (RoleInfo.java:updateAndGet(143)) - efb933de-cdd8-4d8d-88d2-4c7ffe0dec1a: start FollowerState
2019-10-16 21:53:10,289 [5c3956af-60d3-411f-8c98-c7ed3576de5c@group-EE856C9543A1-LeaderElection143] INFO  impl.LeaderElection (LeaderElection.java:logAndReturn(56)) - 5c3956af-60d3-411f-8c98-c7ed3576de5c@group-EE856C9543A1-LeaderElection143: Election REJECTED; received 2 response(s) [5c3956af-60d3-411f-8c98-c7ed3576de5c<-efb933de-cdd8-4d8d-88d2-4c7ffe0dec1a#0:FAIL-t145, 5c3956af-60d3-411f-8c98-c7ed3576de5c<-9d88716d-5d6b-4fd8-b832-a110dc45ee66#0:FAIL-t145] and 0 exception(s); 5c3956af-60d3-411f-8c98-c7ed3576de5c@group-EE856C9543A1:t145, leader=null, voted=5c3956af-60d3-411f-8c98-c7ed3576de5c, raftlog=5c3956af-60d3-411f-8c98-c7ed3576de5c@group-EE856C9543A1-SegmentedRaftLog:OPENED:c-1,f-1,i0, conf=-1: [5c3956af-60d3-411f-8c98-c7ed3576de5c:192.168.34.38:33787, efb933de-cdd8-4d8d-88d2-4c7ffe0dec1a:192.168.34.38:42459, 9d88716d-5d6b-4fd8-b832-a110dc45ee66:192.168.34.38:38211], old=null
2019-10-16 21:53:10,289 [5c3956af-60d3-411f-8c98-c7ed3576de5c@group-EE856C9543A1-LeaderElection143] INFO  impl.RaftServerImpl (RaftServerImpl.java:setRole(184)) - 5c3956af-60d3-411f-8c98-c7ed3576de5c@group-EE856C9543A1: changes role from CANDIDATE to FOLLOWER at term 145 for DISCOVERED_A_NEW_TERM
2019-10-16 21:53:10,289 [5c3956af-60d3-411f-8c98-c7ed3576de5c@group-EE856C9543A1-LeaderElection143] INFO  impl.RoleInfo (RoleInfo.java:shutdownLeaderElection(134)) - 5c3956af-60d3-411f-8c98-c7ed3576de5c: shutdown LeaderElection
2019-10-16 21:53:10,290 [5c3956af-60d3-411f-8c98-c7ed3576de5c@group-EE856C9543A1-LeaderElection143] INFO  impl.RoleInfo (RoleInfo.java:updateAndGet(143)) - 5c3956af-60d3-411f-8c98-c7ed3576de5c: start FollowerState
2019-10-16 21:53:10,393 [Thread-1173] INFO  impl.FollowerState (FollowerState.java:run(108)) - 5c3956af-60d3-411f-8c98-c7ed3576de5c@group-EE856C9543A1-FollowerState: change to CANDIDATE, lastRpcTime:103ms, electionTimeout:103ms
2019-10-16 21:53:10,393 [Thread-1173] INFO  impl.RoleInfo (RoleInfo.java:shutdownFollowerState(121)) - 5c3956af-60d3-411f-8c98-c7ed3576de5c: shutdown FollowerState
2019-10-16 21:53:10,393 [Thread-1173] INFO  impl.RaftServerImpl (RaftServerImpl.java:setRole(184)) - 5c3956af-60d3-411f-8c98-c7ed3576de5c@group-EE856C9543A1: changes role from  FOLLOWER to CANDIDATE at term 145 for changeToCandidate
2019-10-16 21:53:10,394 [Thread-1173] INFO  impl.RoleInfo (RoleInfo.java:updateAndGet(143)) - 5c3956af-60d3-411f-8c98-c7ed3576de5c: start LeaderElection
2019-10-16 21:53:10,404 [JUnit] INFO  ozone.MiniOzoneClusterImpl (MiniOzoneClusterImpl.java:lambda$waitForClusterToBeReady$2(164)) - Waiting for 1 number of pipelines out of 6, to report a leader.
2019-10-16 21:53:10,411 [5c3956af-60d3-411f-8c98-c7ed3576de5c@group-EE856C9543A1-LeaderElection144] INFO  impl.LeaderElection (LeaderElection.java:askForVotes(178)) - 5c3956af-60d3-411f-8c98-c7ed3576de5c@group-EE856C9543A1-LeaderElection144: begin an election at term 146 for -1: [5c3956af-60d3-411f-8c98-c7ed3576de5c:192.168.34.38:33787, efb933de-cdd8-4d8d-88d2-4c7ffe0dec1a:192.168.34.38:42459, 9d88716d-5d6b-4fd8-b832-a110dc45ee66:192.168.34.38:38211], old=null
2019-10-16 21:53:10,414 [grpc-default-executor-0] INFO  impl.RaftServerImpl (RaftServerImpl.java:setRole(184)) - 9d88716d-5d6b-4fd8-b832-a110dc45ee66@group-EE856C9543A1: changes role from  FOLLOWER to FOLLOWER at term 146 for recognizeCandidate:5c3956af-60d3-411f-8c98-c7ed3576de5c
2019-10-16 21:53:10,414 [grpc-default-executor-0] INFO  impl.RoleInfo (RoleInfo.java:shutdownFollowerState(121)) - 9d88716d-5d6b-4fd8-b832-a110dc45ee66: shutdown FollowerState
2019-10-16 21:53:10,414 [grpc-default-executor-1] INFO  impl.RaftServerImpl (RaftServerImpl.java:setRole(184)) - efb933de-cdd8-4d8d-88d2-4c7ffe0dec1a@group-EE856C9543A1: changes role from  FOLLOWER to FOLLOWER at term 146 for recognizeCandidate:5c3956af-60d3-411f-8c98-c7ed3576de5c
2019-10-16 21:53:10,415 [Thread-1171] INFO  impl.FollowerState (FollowerState.java:run(117)) - 9d88716d-5d6b-4fd8-b832-a110dc45ee66@group-EE856C9543A1-FollowerState was interrupted: java.lang.InterruptedException: sleep interrupted
2019-10-16 21:53:10,415 [grpc-default-executor-0] INFO  impl.RoleInfo (RoleInfo.java:updateAndGet(143)) - 9d88716d-5d6b-4fd8-b832-a110dc45ee66: start FollowerState
2019-10-16 21:53:10,415 [grpc-default-executor-1] INFO  impl.RoleInfo (RoleInfo.java:shutdownFollowerState(121)) - efb933de-cdd8-4d8d-88d2-4c7ffe0dec1a: shutdown FollowerState
2019-10-16 21:53:10,415 [grpc-default-executor-1] INFO  impl.RoleInfo (RoleInfo.java:updateAndGet(143)) - efb933de-cdd8-4d8d-88d2-4c7ffe0dec1a: start FollowerState
2019-10-16 21:53:10,415 [Thread-1172] INFO  impl.FollowerState (FollowerState.java:run(117)) - efb933de-cdd8-4d8d-88d2-4c7ffe0dec1a@group-EE856C9543A1-FollowerState was interrupted: java.lang.InterruptedException: sleep interrupted
2019-10-16 21:53:10,425 [5c3956af-60d3-411f-8c98-c7ed3576de5c@group-EE856C9543A1-LeaderElection144] INFO  impl.LeaderElection (LeaderElection.java:logAndReturn(56)) - 5c3956af-60d3-411f-8c98-c7ed3576de5c@group-EE856C9543A1-LeaderElection144: Election REJECTED; received 2 response(s) [5c3956af-60d3-411f-8c98-c7ed3576de5c<-efb933de-cdd8-4d8d-88d2-4c7ffe0dec1a#0:FAIL-t146, 5c3956af-60d3-411f-8c98-c7ed3576de5c<-9d88716d-5d6b-4fd8-b832-a110dc45ee66#0:FAIL-t146] and 0 exception(s); 5c3956af-60d3-411f-8c98-c7ed3576de5c@group-EE856C9543A1:t146, leader=null, voted=5c3956af-60d3-411f-8c98-c7ed3576de5c, raftlog=5c3956af-60d3-411f-8c98-c7ed3576de5c@group-EE856C9543A1-SegmentedRaftLog:OPENED:c-1,f-1,i0, conf=-1: [5c3956af-60d3-411f-8c98-c7ed3576de5c:192.168.34.38:33787, efb933de-cdd8-4d8d-88d2-4c7ffe0dec1a:192.168.34.38:42459, 9d88716d-5d6b-4fd8-b832-a110dc45ee66:192.168.34.38:38211], old=null
2019-10-16 21:53:10,425 [5c3956af-60d3-411f-8c98-c7ed3576de5c@group-EE856C9543A1-LeaderElection144] INFO  impl.RaftServerImpl (RaftServerImpl.java:setRole(184)) - 5c3956af-60d3-411f-8c98-c7ed3576de5c@group-EE856C9543A1: changes role from CANDIDATE to FOLLOWER at term 146 for DISCOVERED_A_NEW_TERM
2019-10-16 21:53:10,425 [5c3956af-60d3-411f-8c98-c7ed3576de5c@group-EE856C9543A1-LeaderElection144] INFO  impl.RoleInfo (RoleInfo.java:shutdownLeaderElection(134)) - 5c3956af-60d3-411f-8c98-c7ed3576de5c: shutdown LeaderElection
2019-10-16 21:53:10,425 [5c3956af-60d3-411f-8c98-c7ed3576de5c@group-EE856C9543A1-LeaderElection144] INFO  impl.RoleInfo (RoleInfo.java:updateAndGet(143)) - 5c3956af-60d3-411f-8c98-c7ed3576de5c: start FollowerState
2019-10-16 21:53:10,498 [Thread-1179] INFO  impl.FollowerState (FollowerState.java:run(108)) - 5c3956af-60d3-411f-8c98-c7ed3576de5c@group-EE856C9543A1-FollowerState: change to CANDIDATE, lastRpcTime:73ms, electionTimeout:73ms
2019-10-16 21:53:10,499 [Thread-1179] INFO  impl.RoleInfo (RoleInfo.java:shutdownFollowerState(121)) - 5c3956af-60d3-411f-8c98-c7ed3576de5c: shutdown FollowerState
2019-10-16 21:53:10,499 [Thread-1179] INFO  impl.RaftServerImpl (RaftServerImpl.java:setRole(184)) - 5c3956af-60d3-411f-8c98-c7ed3576de5c@group-EE856C9543A1: changes role from  FOLLOWER to CANDIDATE at term 146 for changeToCandidate
2019-10-16 21:53:10,499 [Thread-1179] INFO  impl.RoleInfo (RoleInfo.java:updateAndGet(143)) - 5c3956af-60d3-411f-8c98-c7ed3576de5c: start LeaderElection
2019-10-16 21:53:10,521 [5c3956af-60d3-411f-8c98-c7ed3576de5c@group-EE856C9543A1-LeaderElection145] INFO  impl.LeaderElection (LeaderElection.java:askForVotes(178)) - 5c3956af-60d3-411f-8c98-c7ed3576de5c@group-EE856C9543A1-LeaderElection145: begin an election at term 147 for -1: [5c3956af-60d3-411f-8c98-c7ed3576de5c:192.168.34.38:33787, efb933de-cdd8-4d8d-88d2-4c7ffe0dec1a:192.168.34.38:42459, 9d88716d-5d6b-4fd8-b832-a110dc45ee66:192.168.34.38:38211], old=null
2019-10-16 21:53:10,524 [grpc-default-executor-0] INFO  impl.RaftServerImpl (RaftServerImpl.java:setRole(184)) - efb933de-cdd8-4d8d-88d2-4c7ffe0dec1a@group-EE856C9543A1: changes role from  FOLLOWER to FOLLOWER at term 147 for recognizeCandidate:5c3956af-60d3-411f-8c98-c7ed3576de5c
2019-10-16 21:53:10,524 [grpc-default-executor-1] INFO  impl.RaftServerImpl (RaftServerImpl.java:setRole(184)) - 9d88716d-5d6b-4fd8-b832-a110dc45ee66@group-EE856C9543A1: changes role from  FOLLOWER to FOLLOWER at term 147 for recognizeCandidate:5c3956af-60d3-411f-8c98-c7ed3576de5c
2019-10-16 21:53:10,524 [grpc-default-executor-0] INFO  impl.RoleInfo (RoleInfo.java:shutdownFollowerState(121)) - efb933de-cdd8-4d8d-88d2-4c7ffe0dec1a: shutdown FollowerState
2019-10-16 21:53:10,524 [grpc-default-executor-1] INFO  impl.RoleInfo (RoleInfo.java:shutdownFollowerState(121)) - 9d88716d-5d6b-4fd8-b832-a110dc45ee66: shutdown FollowerState
2019-10-16 21:53:10,525 [Thread-1178] INFO  impl.FollowerState (FollowerState.java:run(117)) - efb933de-cdd8-4d8d-88d2-4c7ffe0dec1a@group-EE856C9543A1-FollowerState was interrupted: java.lang.InterruptedException: sleep interrupted
2019-10-16 21:53:10,525 [grpc-default-executor-1] INFO  impl.RoleInfo (RoleInfo.java:updateAndGet(143)) - 9d88716d-5d6b-4fd8-b832-a110dc45ee66: start FollowerState
2019-10-16 21:53:10,525 [grpc-default-executor-0] INFO  impl.RoleInfo (RoleInfo.java:updateAndGet(143)) - efb933de-cdd8-4d8d-88d2-4c7ffe0dec1a: start FollowerState
2019-10-16 21:53:10,525 [Thread-1177] INFO  impl.FollowerState (FollowerState.java:run(117)) - 9d88716d-5d6b-4fd8-b832-a110dc45ee66@group-EE856C9543A1-FollowerState was interrupted: java.lang.InterruptedException: sleep interrupted
2019-10-16 21:53:10,536 [5c3956af-60d3-411f-8c98-c7ed3576de5c@group-EE856C9543A1-LeaderElection145] INFO  impl.LeaderElection (LeaderElection.java:logAndReturn(56)) - 5c3956af-60d3-411f-8c98-c7ed3576de5c@group-EE856C9543A1-LeaderElection145: Election REJECTED; received 2 response(s) [5c3956af-60d3-411f-8c98-c7ed3576de5c<-efb933de-cdd8-4d8d-88d2-4c7ffe0dec1a#0:FAIL-t147, 5c3956af-60d3-411f-8c98-c7ed3576de5c<-9d88716d-5d6b-4fd8-b832-a110dc45ee66#0:FAIL-t147] and 0 exception(s); 5c3956af-60d3-411f-8c98-c7ed3576de5c@group-EE856C9543A1:t147, leader=null, voted=5c3956af-60d3-411f-8c98-c7ed3576de5c, raftlog=5c3956af-60d3-411f-8c98-c7ed3576de5c@group-EE856C9543A1-SegmentedRaftLog:OPENED:c-1,f-1,i0, conf=-1: [5c3956af-60d3-411f-8c98-c7ed3576de5c:192.168.34.38:33787, efb933de-cdd8-4d8d-88d2-4c7ffe0dec1a:192.168.34.38:42459, 9d88716d-5d6b-4fd8-b832-a110dc45ee66:192.168.34.38:38211], old=null
2019-10-16 21:53:10,537 [5c3956af-60d3-411f-8c98-c7ed3576de5c@group-EE856C9543A1-LeaderElection145] INFO  impl.RaftServerImpl (RaftServerImpl.java:setRole(184)) - 5c3956af-60d3-411f-8c98-c7ed3576de5c@group-EE856C9543A1: changes role from CANDIDATE to FOLLOWER at term 147 for DISCOVERED_A_NEW_TERM
2019-10-16 21:53:10,537 [5c3956af-60d3-411f-8c98-c7ed3576de5c@group-EE856C9543A1-LeaderElection145] INFO  impl.RoleInfo (RoleInfo.java:shutdownLeaderElection(134)) - 5c3956af-60d3-411f-8c98-c7ed3576de5c: shutdown LeaderElection
2019-10-16 21:53:10,537 [5c3956af-60d3-411f-8c98-c7ed3576de5c@group-EE856C9543A1-LeaderElection145] INFO  impl.RoleInfo (RoleInfo.java:updateAndGet(143)) - 5c3956af-60d3-411f-8c98-c7ed3576de5c: start FollowerState
2019-10-16 21:53:10,570 [Thread-1185] INFO  impl.FollowerState (FollowerState.java:run(108)) - 5c3956af-60d3-411f-8c98-c7ed3576de5c@group-EE856C9543A1-FollowerState: change to CANDIDATE, lastRpcTime:33ms, electionTimeout:33ms
2019-10-16 21:53:10,570 [Thread-1185] INFO  impl.RoleInfo (RoleInfo.java:shutdownFollowerState(121)) - 5c3956af-60d3-411f-8c98-c7ed3576de5c: shutdown FollowerState
2019-10-16 21:53:10,571 [Thread-1185] INFO  impl.RaftServerImpl (RaftServerImpl.java:setRole(184)) - 5c3956af-60d3-411f-8c98-c7ed3576de5c@group-EE856C9543A1: changes role from  FOLLOWER to CANDIDATE at term 147 for changeToCandidate
2019-10-16 21:53:10,571 [Thread-1185] INFO  impl.RoleInfo (RoleInfo.java:updateAndGet(143)) - 5c3956af-60d3-411f-8c98-c7ed3576de5c: start LeaderElection
2019-10-16 21:53:10,585 [5c3956af-60d3-411f-8c98-c7ed3576de5c@group-EE856C9543A1-LeaderElection146] INFO  impl.LeaderElection (LeaderElection.java:askForVotes(178)) - 5c3956af-60d3-411f-8c98-c7ed3576de5c@group-EE856C9543A1-LeaderElection146: begin an election at term 148 for -1: [5c3956af-60d3-411f-8c98-c7ed3576de5c:192.168.34.38:33787, efb933de-cdd8-4d8d-88d2-4c7ffe0dec1a:192.168.34.38:42459, 9d88716d-5d6b-4fd8-b832-a110dc45ee66:192.168.34.38:38211], old=null
2019-10-16 21:53:10,588 [grpc-default-executor-1] INFO  impl.RaftServerImpl (RaftServerImpl.java:setRole(184)) - 9d88716d-5d6b-4fd8-b832-a110dc45ee66@group-EE856C9543A1: changes role from  FOLLOWER to FOLLOWER at term 148 for recognizeCandidate:5c3956af-60d3-411f-8c98-c7ed3576de5c
2019-10-16 21:53:10,588 [grpc-default-executor-0] INFO  impl.RaftServerImpl (RaftServerImpl.java:setRole(184)) - efb933de-cdd8-4d8d-88d2-4c7ffe0dec1a@group-EE856C9543A1: changes role from  FOLLOWER to FOLLOWER at term 148 for recognizeCandidate:5c3956af-60d3-411f-8c98-c7ed3576de5c
2019-10-16 21:53:10,588 [grpc-default-executor-1] INFO  impl.RoleInfo (RoleInfo.java:shutdownFollowerState(121)) - 9d88716d-5d6b-4fd8-b832-a110dc45ee66: shutdown FollowerState
2019-10-16 21:53:10,588 [grpc-default-executor-0] INFO  impl.RoleInfo (RoleInfo.java:shutdownFollowerState(121)) - efb933de-cdd8-4d8d-88d2-4c7ffe0dec1a: shutdown FollowerState
2019-10-16 21:53:10,588 [Thread-1184] INFO  impl.FollowerState (FollowerState.java:run(117)) - 9d88716d-5d6b-4fd8-b832-a110dc45ee66@group-EE856C9543A1-FollowerState was interrupted: java.lang.InterruptedException: sleep interrupted
2019-10-16 21:53:10,588 [grpc-default-executor-1] INFO  impl.RoleInfo (RoleInfo.java:updateAndGet(143)) - 9d88716d-5d6b-4fd8-b832-a110dc45ee66: start FollowerState
2019-10-16 21:53:10,589 [Thread-1183] INFO  impl.FollowerState (FollowerState.java:run(117)) - efb933de-cdd8-4d8d-88d2-4c7ffe0dec1a@group-EE856C9543A1-FollowerState was interrupted: java.lang.InterruptedException: sleep interrupted
2019-10-16 21:53:10,588 [grpc-default-executor-0] INFO  impl.RoleInfo (RoleInfo.java:updateAndGet(143)) - efb933de-cdd8-4d8d-88d2-4c7ffe0dec1a: start FollowerState
2019-10-16 21:53:10,597 [5c3956af-60d3-411f-8c98-c7ed3576de5c@group-EE856C9543A1-LeaderElection146] INFO  impl.LeaderElection (LeaderElection.java:logAndReturn(56)) - 5c3956af-60d3-411f-8c98-c7ed3576de5c@group-EE856C9543A1-LeaderElection146: Election REJECTED; received 2 response(s) [5c3956af-60d3-411f-8c98-c7ed3576de5c<-efb933de-cdd8-4d8d-88d2-4c7ffe0dec1a#0:FAIL-t148, 5c3956af-60d3-411f-8c98-c7ed3576de5c<-9d88716d-5d6b-4fd8-b832-a110dc45ee66#0:FAIL-t148] and 0 exception(s); 5c3956af-60d3-411f-8c98-c7ed3576de5c@group-EE856C9543A1:t148, leader=null, voted=5c3956af-60d3-411f-8c98-c7ed3576de5c, raftlog=5c3956af-60d3-411f-8c98-c7ed3576de5c@group-EE856C9543A1-SegmentedRaftLog:OPENED:c-1,f-1,i0, conf=-1: [5c3956af-60d3-411f-8c98-c7ed3576de5c:192.168.34.38:33787, efb933de-cdd8-4d8d-88d2-4c7ffe0dec1a:192.168.34.38:42459, 9d88716d-5d6b-4fd8-b832-a110dc45ee66:192.168.34.38:38211], old=null
2019-10-16 21:53:10,597 [5c3956af-60d3-411f-8c98-c7ed3576de5c@group-EE856C9543A1-LeaderElection146] INFO  impl.RaftServerImpl (RaftServerImpl.java:setRole(184)) - 5c3956af-60d3-411f-8c98-c7ed3576de5c@group-EE856C9543A1: changes role from CANDIDATE to FOLLOWER at term 148 for DISCOVERED_A_NEW_TERM
2019-10-16 21:53:10,597 [5c3956af-60d3-411f-8c98-c7ed3576de5c@group-EE856C9543A1-LeaderElection146] INFO  impl.RoleInfo (RoleInfo.java:shutdownLeaderElection(134)) - 5c3956af-60d3-411f-8c98-c7ed3576de5c: shutdown LeaderElection
2019-10-16 21:53:10,597 [5c3956af-60d3-411f-8c98-c7ed3576de5c@group-EE856C9543A1-LeaderElection146] INFO  impl.RoleInfo (RoleInfo.java:updateAndGet(143)) - 5c3956af-60d3-411f-8c98-c7ed3576de5c: start FollowerState
2019-10-16 21:53:10,649 [Thread-1191] INFO  impl.FollowerState (FollowerState.java:run(108)) - 5c3956af-60d3-411f-8c98-c7ed3576de5c@group-EE856C9543A1-FollowerState: change to CANDIDATE, lastRpcTime:51ms, electionTimeout:51ms
2019-10-16 21:53:10,649 [Thread-1191] INFO  impl.RoleInfo (RoleInfo.java:shutdownFollowerState(121)) - 5c3956af-60d3-411f-8c98-c7ed3576de5c: shutdown FollowerState
2019-10-16 21:53:10,649 [Thread-1191] INFO  impl.RaftServerImpl (RaftServerImpl.java:setRole(184)) - 5c3956af-60d3-411f-8c98-c7ed3576de5c@group-EE856C9543A1: changes role from  FOLLOWER to CANDIDATE at term 148 for changeToCandidate
2019-10-16 21:53:10,649 [Thread-1191] INFO  impl.RoleInfo (RoleInfo.java:updateAndGet(143)) - 5c3956af-60d3-411f-8c98-c7ed3576de5c: start LeaderElection
2019-10-16 21:53:10,672 [5c3956af-60d3-411f-8c98-c7ed3576de5c@group-EE856C9543A1-LeaderElection147] INFO  impl.LeaderElection (LeaderElection.java:askForVotes(178)) - 5c3956af-60d3-411f-8c98-c7ed3576de5c@group-EE856C9543A1-LeaderElection147: begin an election at term 149 for -1: [5c3956af-60d3-411f-8c98-c7ed3576de5c:192.168.34.38:33787, efb933de-cdd8-4d8d-88d2-4c7ffe0dec1a:192.168.34.38:42459, 9d88716d-5d6b-4fd8-b832-a110dc45ee66:192.168.34.38:38211], old=null
2019-10-16 21:53:10,675 [grpc-default-executor-1] INFO  impl.RaftServerImpl (RaftServerImpl.java:setRole(184)) - 9d88716d-5d6b-4fd8-b832-a110dc45ee66@group-EE856C9543A1: changes role from  FOLLOWER to FOLLOWER at term 149 for recognizeCandidate:5c3956af-60d3-411f-8c98-c7ed3576de5c
2019-10-16 21:53:10,675 [grpc-default-executor-0] INFO  impl.RaftServerImpl (RaftServerImpl.java:setRole(184)) - efb933de-cdd8-4d8d-88d2-4c7ffe0dec1a@group-EE856C9543A1: changes role from  FOLLOWER to FOLLOWER at term 149 for recognizeCandidate:5c3956af-60d3-411f-8c98-c7ed3576de5c
2019-10-16 21:53:10,676 [grpc-default-executor-1] INFO  impl.RoleInfo (RoleInfo.java:shutdownFollowerState(121)) - 9d88716d-5d6b-4fd8-b832-a110dc45ee66: shutdown FollowerState
2019-10-16 21:53:10,676 [grpc-default-executor-0] INFO  impl.RoleInfo (RoleInfo.java:shutdownFollowerState(121)) - efb933de-cdd8-4d8d-88d2-4c7ffe0dec1a: shutdown FollowerState
2019-10-16 21:53:10,676 [Thread-1189] INFO  impl.FollowerState (FollowerState.java:run(117)) - 9d88716d-5d6b-4fd8-b832-a110dc45ee66@group-EE856C9543A1-FollowerState was interrupted: java.lang.InterruptedException: sleep interrupted
2019-10-16 21:53:10,676 [grpc-default-executor-1] INFO  impl.RoleInfo (RoleInfo.java:updateAndGet(143)) - 9d88716d-5d6b-4fd8-b832-a110dc45ee66: start FollowerState
2019-10-16 21:53:10,676 [Thread-1190] INFO  impl.FollowerState (FollowerState.java:run(117)) - efb933de-cdd8-4d8d-88d2-4c7ffe0dec1a@group-EE856C9543A1-FollowerState was interrupted: java.lang.InterruptedException: sleep interrupted
2019-10-16 21:53:10,676 [grpc-default-executor-0] INFO  impl.RoleInfo (RoleInfo.java:updateAndGet(143)) - efb933de-cdd8-4d8d-88d2-4c7ffe0dec1a: start FollowerState
2019-10-16 21:53:10,691 [5c3956af-60d3-411f-8c98-c7ed3576de5c@group-EE856C9543A1-LeaderElection147] INFO  impl.LeaderElection (LeaderElection.java:logAndReturn(56)) - 5c3956af-60d3-411f-8c98-c7ed3576de5c@group-EE856C9543A1-LeaderElection147: Election REJECTED; received 2 response(s) [5c3956af-60d3-411f-8c98-c7ed3576de5c<-efb933de-cdd8-4d8d-88d2-4c7ffe0dec1a#0:FAIL-t149, 5c3956af-60d3-411f-8c98-c7ed3576de5c<-9d88716d-5d6b-4fd8-b832-a110dc45ee66#0:FAIL-t149] and 0 exception(s); 5c3956af-60d3-411f-8c98-c7ed3576de5c@group-EE856C9543A1:t149, leader=null, voted=5c3956af-60d3-411f-8c98-c7ed3576de5c, raftlog=5c3956af-60d3-411f-8c98-c7ed3576de5c@group-EE856C9543A1-SegmentedRaftLog:OPENED:c-1,f-1,i0, conf=-1: [5c3956af-60d3-411f-8c98-c7ed3576de5c:192.168.34.38:33787, efb933de-cdd8-4d8d-88d2-4c7ffe0dec1a:192.168.34.38:42459, 9d88716d-5d6b-4fd8-b832-a110dc45ee66:192.168.34.38:38211], old=null
2019-10-16 21:53:10,692 [5c3956af-60d3-411f-8c98-c7ed3576de5c@group-EE856C9543A1-LeaderElection147] INFO  impl.RaftServerImpl (RaftServerImpl.java:setRole(184)) - 5c3956af-60d3-411f-8c98-c7ed3576de5c@group-EE856C9543A1: changes role from CANDIDATE to FOLLOWER at term 149 for DISCOVERED_A_NEW_TERM
2019-10-16 21:53:10,692 [5c3956af-60d3-411f-8c98-c7ed3576de5c@group-EE856C9543A1-LeaderElection147] INFO  impl.RoleInfo (RoleInfo.java:shutdownLeaderElection(134)) - 5c3956af-60d3-411f-8c98-c7ed3576de5c: shutdown LeaderElection
2019-10-16 21:53:10,692 [5c3956af-60d3-411f-8c98-c7ed3576de5c@group-EE856C9543A1-LeaderElection147] INFO  impl.RoleInfo (RoleInfo.java:updateAndGet(143)) - 5c3956af-60d3-411f-8c98-c7ed3576de5c: start FollowerState
2019-10-16 21:53:10,809 [Thread-1197] INFO  impl.FollowerState (FollowerState.java:run(108)) - 5c3956af-60d3-411f-8c98-c7ed3576de5c@group-EE856C9543A1-FollowerState: change to CANDIDATE, lastRpcTime:117ms, electionTimeout:117ms
2019-10-16 21:53:10,810 [Thread-1197] INFO  impl.RoleInfo (RoleInfo.java:shutdownFollowerState(121)) - 5c3956af-60d3-411f-8c98-c7ed3576de5c: shutdown FollowerState
2019-10-16 21:53:10,810 [Thread-1197] INFO  impl.RaftServerImpl (RaftServerImpl.java:setRole(184)) - 5c3956af-60d3-411f-8c98-c7ed3576de5c@group-EE856C9543A1: changes role from  FOLLOWER to CANDIDATE at term 149 for changeToCandidate
2019-10-16 21:53:10,810 [Thread-1197] INFO  impl.RoleInfo (RoleInfo.java:updateAndGet(143)) - 5c3956af-60d3-411f-8c98-c7ed3576de5c: start LeaderElection
2019-10-16 21:53:10,824 [5c3956af-60d3-411f-8c98-c7ed3576de5c@group-EE856C9543A1-LeaderElection148] INFO  impl.LeaderElection (LeaderElection.java:askForVotes(178)) - 5c3956af-60d3-411f-8c98-c7ed3576de5c@group-EE856C9543A1-LeaderElection148: begin an election at term 150 for -1: [5c3956af-60d3-411f-8c98-c7ed3576de5c:192.168.34.38:33787, efb933de-cdd8-4d8d-88d2-4c7ffe0dec1a:192.168.34.38:42459, 9d88716d-5d6b-4fd8-b832-a110dc45ee66:192.168.34.38:38211], old=null
2019-10-16 21:53:10,827 [grpc-default-executor-0] INFO  impl.RaftServerImpl (RaftServerImpl.java:setRole(184)) - efb933de-cdd8-4d8d-88d2-4c7ffe0dec1a@group-EE856C9543A1: changes role from  FOLLOWER to FOLLOWER at term 150 for recognizeCandidate:5c3956af-60d3-411f-8c98-c7ed3576de5c
2019-10-16 21:53:10,828 [grpc-default-executor-1] INFO  impl.RaftServerImpl (RaftServerImpl.java:setRole(184)) - 9d88716d-5d6b-4fd8-b832-a110dc45ee66@group-EE856C9543A1: changes role from  FOLLOWER to FOLLOWER at term 150 for recognizeCandidate:5c3956af-60d3-411f-8c98-c7ed3576de5c
2019-10-16 21:53:10,828 [grpc-default-executor-1] INFO  impl.RoleInfo (RoleInfo.java:shutdownFollowerState(121)) - 9d88716d-5d6b-4fd8-b832-a110dc45ee66: shutdown FollowerState
2019-10-16 21:53:10,828 [grpc-default-executor-0] INFO  impl.RoleInfo (RoleInfo.java:shutdownFollowerState(121)) - efb933de-cdd8-4d8d-88d2-4c7ffe0dec1a: shutdown FollowerState
2019-10-16 21:53:10,828 [grpc-default-executor-1] INFO  impl.RoleInfo (RoleInfo.java:updateAndGet(143)) - 9d88716d-5d6b-4fd8-b832-a110dc45ee66: start FollowerState
2019-10-16 21:53:10,828 [Thread-1196] INFO  impl.FollowerState (FollowerState.java:run(117)) - efb933de-cdd8-4d8d-88d2-4c7ffe0dec1a@group-EE856C9543A1-FollowerState was interrupted: java.lang.InterruptedException: sleep interrupted
2019-10-16 21:53:10,828 [grpc-default-executor-0] INFO  impl.RoleInfo (RoleInfo.java:updateAndGet(143)) - efb933de-cdd8-4d8d-88d2-4c7ffe0dec1a: start FollowerState
2019-10-16 21:53:10,828 [Thread-1195] INFO  impl.FollowerState (FollowerState.java:run(117)) - 9d88716d-5d6b-4fd8-b832-a110dc45ee66@group-EE856C9543A1-FollowerState was interrupted: java.lang.InterruptedException: sleep interrupted
2019-10-16 21:53:10,843 [5c3956af-60d3-411f-8c98-c7ed3576de5c@group-EE856C9543A1-LeaderElection148] INFO  impl.LeaderElection (LeaderElection.java:logAndReturn(56)) - 5c3956af-60d3-411f-8c98-c7ed3576de5c@group-EE856C9543A1-LeaderElection148: Election REJECTED; received 2 response(s) [5c3956af-60d3-411f-8c98-c7ed3576de5c<-efb933de-cdd8-4d8d-88d2-4c7ffe0dec1a#0:FAIL-t150, 5c3956af-60d3-411f-8c98-c7ed3576de5c<-9d88716d-5d6b-4fd8-b832-a110dc45ee66#0:FAIL-t150] and 0 exception(s); 5c3956af-60d3-411f-8c98-c7ed3576de5c@group-EE856C9543A1:t150, leader=null, voted=5c3956af-60d3-411f-8c98-c7ed3576de5c, raftlog=5c3956af-60d3-411f-8c98-c7ed3576de5c@group-EE856C9543A1-SegmentedRaftLog:OPENED:c-1,f-1,i0, conf=-1: [5c3956af-60d3-411f-8c98-c7ed3576de5c:192.168.34.38:33787, efb933de-cdd8-4d8d-88d2-4c7ffe0dec1a:192.168.34.38:42459, 9d88716d-5d6b-4fd8-b832-a110dc45ee66:192.168.34.38:38211], old=null
2019-10-16 21:53:10,843 [5c3956af-60d3-411f-8c98-c7ed3576de5c@group-EE856C9543A1-LeaderElection148] INFO  impl.RaftServerImpl (RaftServerImpl.java:setRole(184)) - 5c3956af-60d3-411f-8c98-c7ed3576de5c@group-EE856C9543A1: changes role from CANDIDATE to FOLLOWER at term 150 for DISCOVERED_A_NEW_TERM
2019-10-16 21:53:10,843 [5c3956af-60d3-411f-8c98-c7ed3576de5c@group-EE856C9543A1-LeaderElection148] INFO  impl.RoleInfo (RoleInfo.java:shutdownLeaderElection(134)) - 5c3956af-60d3-411f-8c98-c7ed3576de5c: shutdown LeaderElection
2019-10-16 21:53:10,843 [5c3956af-60d3-411f-8c98-c7ed3576de5c@group-EE856C9543A1-LeaderElection148] INFO  impl.RoleInfo (RoleInfo.java:updateAndGet(143)) - 5c3956af-60d3-411f-8c98-c7ed3576de5c: start FollowerState
2019-10-16 21:53:10,881 [Thread-1203] INFO  impl.FollowerState (FollowerState.java:run(108)) - 5c3956af-60d3-411f-8c98-c7ed3576de5c@group-EE856C9543A1-FollowerState: change to CANDIDATE, lastRpcTime:37ms, electionTimeout:37ms
2019-10-16 21:53:10,881 [Thread-1203] INFO  impl.RoleInfo (RoleInfo.java:shutdownFollowerState(121)) - 5c3956af-60d3-411f-8c98-c7ed3576de5c: shutdown FollowerState
2019-10-16 21:53:10,881 [Thread-1203] INFO  impl.RaftServerImpl (RaftServerImpl.java:setRole(184)) - 5c3956af-60d3-411f-8c98-c7ed3576de5c@group-EE856C9543A1: changes role from  FOLLOWER to CANDIDATE at term 150 for changeToCandidate
2019-10-16 21:53:10,881 [Thread-1203] INFO  impl.RoleInfo (RoleInfo.java:updateAndGet(143)) - 5c3956af-60d3-411f-8c98-c7ed3576de5c: start LeaderElection
2019-10-16 21:53:10,895 [5c3956af-60d3-411f-8c98-c7ed3576de5c@group-EE856C9543A1-LeaderElection149] INFO  impl.LeaderElection (LeaderElection.java:askForVotes(178)) - 5c3956af-60d3-411f-8c98-c7ed3576de5c@group-EE856C9543A1-LeaderElection149: begin an election at term 151 for -1: [5c3956af-60d3-411f-8c98-c7ed3576de5c:192.168.34.38:33787, efb933de-cdd8-4d8d-88d2-4c7ffe0dec1a:192.168.34.38:42459, 9d88716d-5d6b-4fd8-b832-a110dc45ee66:192.168.34.38:38211], old=null
2019-10-16 21:53:10,898 [grpc-default-executor-1] INFO  impl.RaftServerImpl (RaftServerImpl.java:setRole(184)) - efb933de-cdd8-4d8d-88d2-4c7ffe0dec1a@group-EE856C9543A1: changes role from  FOLLOWER to FOLLOWER at term 151 for recognizeCandidate:5c3956af-60d3-411f-8c98-c7ed3576de5c
2019-10-16 21:53:10,898 [grpc-default-executor-0] INFO  impl.RaftServerImpl (RaftServerImpl.java:setRole(184)) - 9d88716d-5d6b-4fd8-b832-a110dc45ee66@group-EE856C9543A1: changes role from  FOLLOWER to FOLLOWER at term 151 for recognizeCandidate:5c3956af-60d3-411f-8c98-c7ed3576de5c
2019-10-16 21:53:10,898 [grpc-default-executor-1] INFO  impl.RoleInfo (RoleInfo.java:shutdownFollowerState(121)) - efb933de-cdd8-4d8d-88d2-4c7ffe0dec1a: shutdown FollowerState
2019-10-16 21:53:10,898 [grpc-default-executor-0] INFO  impl.RoleInfo (RoleInfo.java:shutdownFollowerState(121)) - 9d88716d-5d6b-4fd8-b832-a110dc45ee66: shutdown FollowerState
2019-10-16 21:53:10,898 [Thread-1202] INFO  impl.FollowerState (FollowerState.java:run(117)) - efb933de-cdd8-4d8d-88d2-4c7ffe0dec1a@group-EE856C9543A1-FollowerState was interrupted: java.lang.InterruptedException: sleep interrupted
2019-10-16 21:53:10,898 [grpc-default-executor-1] INFO  impl.RoleInfo (RoleInfo.java:updateAndGet(143)) - efb933de-cdd8-4d8d-88d2-4c7ffe0dec1a: start FollowerState
2019-10-16 21:53:10,899 [Thread-1201] INFO  impl.FollowerState (FollowerState.java:run(117)) - 9d88716d-5d6b-4fd8-b832-a110dc45ee66@group-EE856C9543A1-FollowerState was interrupted: java.lang.InterruptedException: sleep interrupted
2019-10-16 21:53:10,898 [grpc-default-executor-0] INFO  impl.RoleInfo (RoleInfo.java:updateAndGet(143)) - 9d88716d-5d6b-4fd8-b832-a110dc45ee66: start FollowerState
2019-10-16 21:53:10,905 [5c3956af-60d3-411f-8c98-c7ed3576de5c@group-EE856C9543A1-LeaderElection149] INFO  impl.LeaderElection (LeaderElection.java:logAndReturn(56)) - 5c3956af-60d3-411f-8c98-c7ed3576de5c@group-EE856C9543A1-LeaderElection149: Election TIMEOUT; received 0 response(s) [] and 0 exception(s); 5c3956af-60d3-411f-8c98-c7ed3576de5c@group-EE856C9543A1:t151, leader=null, voted=5c3956af-60d3-411f-8c98-c7ed3576de5c, raftlog=5c3956af-60d3-411f-8c98-c7ed3576de5c@group-EE856C9543A1-SegmentedRaftLog:OPENED:c-1,f-1,i0, conf=-1: [5c3956af-60d3-411f-8c98-c7ed3576de5c:192.168.34.38:33787, efb933de-cdd8-4d8d-88d2-4c7ffe0dec1a:192.168.34.38:42459, 9d88716d-5d6b-4fd8-b832-a110dc45ee66:192.168.34.38:38211], old=null
2019-10-16 21:53:10,912 [5c3956af-60d3-411f-8c98-c7ed3576de5c@group-EE856C9543A1-LeaderElection149] INFO  impl.LeaderElection (LeaderElection.java:askForVotes(178)) - 5c3956af-60d3-411f-8c98-c7ed3576de5c@group-EE856C9543A1-LeaderElection149: begin an election at term 152 for -1: [5c3956af-60d3-411f-8c98-c7ed3576de5c:192.168.34.38:33787, efb933de-cdd8-4d8d-88d2-4c7ffe0dec1a:192.168.34.38:42459, 9d88716d-5d6b-4fd8-b832-a110dc45ee66:192.168.34.38:38211], old=null
2019-10-16 21:53:10,914 [grpc-default-executor-0] INFO  impl.RaftServerImpl (RaftServerImpl.java:setRole(184)) - efb933de-cdd8-4d8d-88d2-4c7ffe0dec1a@group-EE856C9543A1: changes role from  FOLLOWER to FOLLOWER at term 152 for recognizeCandidate:5c3956af-60d3-411f-8c98-c7ed3576de5c
2019-10-16 21:53:10,914 [grpc-default-executor-0] INFO  impl.RoleInfo (RoleInfo.java:shutdownFollowerState(121)) - efb933de-cdd8-4d8d-88d2-4c7ffe0dec1a: shutdown FollowerState
2019-10-16 21:53:10,915 [grpc-default-executor-0] INFO  impl.RoleInfo (RoleInfo.java:updateAndGet(143)) - efb933de-cdd8-4d8d-88d2-4c7ffe0dec1a: start FollowerState
2019-10-16 21:53:10,915 [Thread-1207] INFO  impl.FollowerState (FollowerState.java:run(117)) - efb933de-cdd8-4d8d-88d2-4c7ffe0dec1a@group-EE856C9543A1-FollowerState was interrupted: java.lang.InterruptedException: sleep interrupted
2019-10-16 21:53:10,915 [grpc-default-executor-1] INFO  impl.RaftServerImpl (RaftServerImpl.java:setRole(184)) - 9d88716d-5d6b-4fd8-b832-a110dc45ee66@group-EE856C9543A1: changes role from  FOLLOWER to FOLLOWER at term 152 for recognizeCandidate:5c3956af-60d3-411f-8c98-c7ed3576de5c
2019-10-16 21:53:10,915 [grpc-default-executor-1] INFO  impl.RoleInfo (RoleInfo.java:shutdownFollowerState(121)) - 9d88716d-5d6b-4fd8-b832-a110dc45ee66: shutdown FollowerState
2019-10-16 21:53:10,915 [grpc-default-executor-1] INFO  impl.RoleInfo (RoleInfo.java:updateAndGet(143)) - 9d88716d-5d6b-4fd8-b832-a110dc45ee66: start FollowerState
2019-10-16 21:53:10,915 [Thread-1208] INFO  impl.FollowerState (FollowerState.java:run(117)) - 9d88716d-5d6b-4fd8-b832-a110dc45ee66@group-EE856C9543A1-FollowerState was interrupted: java.lang.InterruptedException: sleep interrupted
2019-10-16 21:53:10,929 [5c3956af-60d3-411f-8c98-c7ed3576de5c@group-EE856C9543A1-LeaderElection149] INFO  impl.LeaderElection (LeaderElection.java:logAndReturn(56)) - 5c3956af-60d3-411f-8c98-c7ed3576de5c@group-EE856C9543A1-LeaderElection149: Election REJECTED; received 2 response(s) [5c3956af-60d3-411f-8c98-c7ed3576de5c<-efb933de-cdd8-4d8d-88d2-4c7ffe0dec1a#0:FAIL-t152, 5c3956af-60d3-411f-8c98-c7ed3576de5c<-9d88716d-5d6b-4fd8-b832-a110dc45ee66#0:FAIL-t152] and 0 exception(s); 5c3956af-60d3-411f-8c98-c7ed3576de5c@group-EE856C9543A1:t152, leader=null, voted=5c3956af-60d3-411f-8c98-c7ed3576de5c, raftlog=5c3956af-60d3-411f-8c98-c7ed3576de5c@group-EE856C9543A1-SegmentedRaftLog:OPENED:c-1,f-1,i0, conf=-1: [5c3956af-60d3-411f-8c98-c7ed3576de5c:192.168.34.38:33787, efb933de-cdd8-4d8d-88d2-4c7ffe0dec1a:192.168.34.38:42459, 9d88716d-5d6b-4fd8-b832-a110dc45ee66:192.168.34.38:38211], old=null
2019-10-16 21:53:10,930 [5c3956af-60d3-411f-8c98-c7ed3576de5c@group-EE856C9543A1-LeaderElection149] INFO  impl.RaftServerImpl (RaftServerImpl.java:setRole(184)) - 5c3956af-60d3-411f-8c98-c7ed3576de5c@group-EE856C9543A1: changes role from CANDIDATE to FOLLOWER at term 152 for DISCOVERED_A_NEW_TERM
2019-10-16 21:53:10,930 [5c3956af-60d3-411f-8c98-c7ed3576de5c@group-EE856C9543A1-LeaderElection149] INFO  impl.RoleInfo (RoleInfo.java:shutdownLeaderElection(134)) - 5c3956af-60d3-411f-8c98-c7ed3576de5c: shutdown LeaderElection
2019-10-16 21:53:10,930 [5c3956af-60d3-411f-8c98-c7ed3576de5c@group-EE856C9543A1-LeaderElection149] INFO  impl.RoleInfo (RoleInfo.java:updateAndGet(143)) - 5c3956af-60d3-411f-8c98-c7ed3576de5c: start FollowerState
2019-10-16 21:53:10,992 [Thread-1213] INFO  impl.FollowerState (FollowerState.java:run(108)) - 5c3956af-60d3-411f-8c98-c7ed3576de5c@group-EE856C9543A1-FollowerState: change to CANDIDATE, lastRpcTime:62ms, electionTimeout:62ms
2019-10-16 21:53:10,992 [Thread-1213] INFO  impl.RoleInfo (RoleInfo.java:shutdownFollowerState(121)) - 5c3956af-60d3-411f-8c98-c7ed3576de5c: shutdown FollowerState
2019-10-16 21:53:10,993 [Thread-1213] INFO  impl.RaftServerImpl (RaftServerImpl.java:setRole(184)) - 5c3956af-60d3-411f-8c98-c7ed3576de5c@group-EE856C9543A1: changes role from  FOLLOWER to CANDIDATE at term 152 for changeToCandidate
2019-10-16 21:53:10,993 [Thread-1213] INFO  impl.RoleInfo (RoleInfo.java:updateAndGet(143)) - 5c3956af-60d3-411f-8c98-c7ed3576de5c: start LeaderElection
2019-10-16 21:53:11,006 [5c3956af-60d3-411f-8c98-c7ed3576de5c@group-EE856C9543A1-LeaderElection150] INFO  impl.LeaderElection (LeaderElection.java:askForVotes(178)) - 5c3956af-60d3-411f-8c98-c7ed3576de5c@group-EE856C9543A1-LeaderElection150: begin an election at term 153 for -1: [5c3956af-60d3-411f-8c98-c7ed3576de5c:192.168.34.38:33787, efb933de-cdd8-4d8d-88d2-4c7ffe0dec1a:192.168.34.38:42459, 9d88716d-5d6b-4fd8-b832-a110dc45ee66:192.168.34.38:38211], old=null
2019-10-16 21:53:11,009 [grpc-default-executor-0] INFO  impl.RaftServerImpl (RaftServerImpl.java:setRole(184)) - 9d88716d-5d6b-4fd8-b832-a110dc45ee66@group-EE856C9543A1: changes role from  FOLLOWER to FOLLOWER at term 153 for recognizeCandidate:5c3956af-60d3-411f-8c98-c7ed3576de5c
2019-10-16 21:53:11,009 [grpc-default-executor-0] INFO  impl.RoleInfo (RoleInfo.java:shutdownFollowerState(121)) - 9d88716d-5d6b-4fd8-b832-a110dc45ee66: shutdown FollowerState
2019-10-16 21:53:11,009 [grpc-default-executor-1] INFO  impl.RaftServerImpl (RaftServerImpl.java:setRole(184)) - efb933de-cdd8-4d8d-88d2-4c7ffe0dec1a@group-EE856C9543A1: changes role from  FOLLOWER to FOLLOWER at term 153 for recognizeCandidate:5c3956af-60d3-411f-8c98-c7ed3576de5c
2019-10-16 21:53:11,009 [Thread-1212] INFO  impl.FollowerState (FollowerState.java:run(117)) - 9d88716d-5d6b-4fd8-b832-a110dc45ee66@group-EE856C9543A1-FollowerState was interrupted: java.lang.InterruptedException: sleep interrupted
2019-10-16 21:53:11,009 [grpc-default-executor-0] INFO  impl.RoleInfo (RoleInfo.java:updateAndGet(143)) - 9d88716d-5d6b-4fd8-b832-a110dc45ee66: start FollowerState
2019-10-16 21:53:11,009 [grpc-default-executor-1] INFO  impl.RoleInfo (RoleInfo.java:shutdownFollowerState(121)) - efb933de-cdd8-4d8d-88d2-4c7ffe0dec1a: shutdown FollowerState
2019-10-16 21:53:11,010 [grpc-default-executor-1] INFO  impl.RoleInfo (RoleInfo.java:updateAndGet(143)) - efb933de-cdd8-4d8d-88d2-4c7ffe0dec1a: start FollowerState
2019-10-16 21:53:11,010 [Thread-1211] INFO  impl.FollowerState (FollowerState.java:run(117)) - efb933de-cdd8-4d8d-88d2-4c7ffe0dec1a@group-EE856C9543A1-FollowerState was interrupted: java.lang.InterruptedException: sleep interrupted
2019-10-16 21:53:11,024 [5c3956af-60d3-411f-8c98-c7ed3576de5c@group-EE856C9543A1-LeaderElection150] INFO  impl.LeaderElection (LeaderElection.java:logAndReturn(56)) - 5c3956af-60d3-411f-8c98-c7ed3576de5c@group-EE856C9543A1-LeaderElection150: Election REJECTED; received 2 response(s) [5c3956af-60d3-411f-8c98-c7ed3576de5c<-efb933de-cdd8-4d8d-88d2-4c7ffe0dec1a#0:FAIL-t153, 5c3956af-60d3-411f-8c98-c7ed3576de5c<-9d88716d-5d6b-4fd8-b832-a110dc45ee66#0:FAIL-t153] and 0 exception(s); 5c3956af-60d3-411f-8c98-c7ed3576de5c@group-EE856C9543A1:t153, leader=null, voted=5c3956af-60d3-411f-8c98-c7ed3576de5c, raftlog=5c3956af-60d3-411f-8c98-c7ed3576de5c@group-EE856C9543A1-SegmentedRaftLog:OPENED:c-1,f-1,i0, conf=-1: [5c3956af-60d3-411f-8c98-c7ed3576de5c:192.168.34.38:33787, efb933de-cdd8-4d8d-88d2-4c7ffe0dec1a:192.168.34.38:42459, 9d88716d-5d6b-4fd8-b832-a110dc45ee66:192.168.34.38:38211], old=null
2019-10-16 21:53:11,024 [5c3956af-60d3-411f-8c98-c7ed3576de5c@group-EE856C9543A1-LeaderElection150] INFO  impl.RaftServerImpl (RaftServerImpl.java:setRole(184)) - 5c3956af-60d3-411f-8c98-c7ed3576de5c@group-EE856C9543A1: changes role from CANDIDATE to FOLLOWER at term 153 for DISCOVERED_A_NEW_TERM
2019-10-16 21:53:11,024 [5c3956af-60d3-411f-8c98-c7ed3576de5c@group-EE856C9543A1-LeaderElection150] INFO  impl.RoleInfo (RoleInfo.java:shutdownLeaderElection(134)) - 5c3956af-60d3-411f-8c98-c7ed3576de5c: shutdown LeaderElection
2019-10-16 21:53:11,024 [5c3956af-60d3-411f-8c98-c7ed3576de5c@group-EE856C9543A1-LeaderElection150] INFO  impl.RoleInfo (RoleInfo.java:updateAndGet(143)) - 5c3956af-60d3-411f-8c98-c7ed3576de5c: start FollowerState
2019-10-16 21:53:11,064 [Thread-1219] INFO  impl.FollowerState (FollowerState.java:run(108)) - 5c3956af-60d3-411f-8c98-c7ed3576de5c@group-EE856C9543A1-FollowerState: change to CANDIDATE, lastRpcTime:39ms, electionTimeout:39ms
2019-10-16 21:53:11,064 [Thread-1219] INFO  impl.RoleInfo (RoleInfo.java:shutdownFollowerState(121)) - 5c3956af-60d3-411f-8c98-c7ed3576de5c: shutdown FollowerState
2019-10-16 21:53:11,064 [Thread-1219] INFO  impl.RaftServerImpl (RaftServerImpl.java:setRole(184)) - 5c3956af-60d3-411f-8c98-c7ed3576de5c@group-EE856C9543A1: changes role from  FOLLOWER to CANDIDATE at term 153 for changeToCandidate
2019-10-16 21:53:11,064 [Thread-1219] INFO  impl.RoleInfo (RoleInfo.java:updateAndGet(143)) - 5c3956af-60d3-411f-8c98-c7ed3576de5c: start LeaderElection
2019-10-16 21:53:11,078 [5c3956af-60d3-411f-8c98-c7ed3576de5c@group-EE856C9543A1-LeaderElection151] INFO  impl.LeaderElection (LeaderElection.java:askForVotes(178)) - 5c3956af-60d3-411f-8c98-c7ed3576de5c@group-EE856C9543A1-LeaderElection151: begin an election at term 154 for -1: [5c3956af-60d3-411f-8c98-c7ed3576de5c:192.168.34.38:33787, efb933de-cdd8-4d8d-88d2-4c7ffe0dec1a:192.168.34.38:42459, 9d88716d-5d6b-4fd8-b832-a110dc45ee66:192.168.34.38:38211], old=null
2019-10-16 21:53:11,080 [grpc-default-executor-1] INFO  impl.RaftServerImpl (RaftServerImpl.java:setRole(184)) - 9d88716d-5d6b-4fd8-b832-a110dc45ee66@group-EE856C9543A1: changes role from  FOLLOWER to FOLLOWER at term 154 for recognizeCandidate:5c3956af-60d3-411f-8c98-c7ed3576de5c
2019-10-16 21:53:11,080 [grpc-default-executor-0] INFO  impl.RaftServerImpl (RaftServerImpl.java:setRole(184)) - efb933de-cdd8-4d8d-88d2-4c7ffe0dec1a@group-EE856C9543A1: changes role from  FOLLOWER to FOLLOWER at term 154 for recognizeCandidate:5c3956af-60d3-411f-8c98-c7ed3576de5c
2019-10-16 21:53:11,080 [grpc-default-executor-1] INFO  impl.RoleInfo (RoleInfo.java:shutdownFollowerState(121)) - 9d88716d-5d6b-4fd8-b832-a110dc45ee66: shutdown FollowerState
2019-10-16 21:53:11,080 [grpc-default-executor-0] INFO  impl.RoleInfo (RoleInfo.java:shutdownFollowerState(121)) - efb933de-cdd8-4d8d-88d2-4c7ffe0dec1a: shutdown FollowerState
2019-10-16 21:53:11,081 [Thread-1217] INFO  impl.FollowerState (FollowerState.java:run(117)) - 9d88716d-5d6b-4fd8-b832-a110dc45ee66@group-EE856C9543A1-FollowerState was interrupted: java.lang.InterruptedException: sleep interrupted
2019-10-16 21:53:11,081 [grpc-default-executor-0] INFO  impl.RoleInfo (RoleInfo.java:updateAndGet(143)) - efb933de-cdd8-4d8d-88d2-4c7ffe0dec1a: start FollowerState
2019-10-16 21:53:11,081 [grpc-default-executor-1] INFO  impl.RoleInfo (RoleInfo.java:updateAndGet(143)) - 9d88716d-5d6b-4fd8-b832-a110dc45ee66: start FollowerState
2019-10-16 21:53:11,081 [Thread-1218] INFO  impl.FollowerState (FollowerState.java:run(117)) - efb933de-cdd8-4d8d-88d2-4c7ffe0dec1a@group-EE856C9543A1-FollowerState was interrupted: java.lang.InterruptedException: sleep interrupted
2019-10-16 21:53:11,096 [5c3956af-60d3-411f-8c98-c7ed3576de5c@group-EE856C9543A1-LeaderElection151] INFO  impl.LeaderElection (LeaderElection.java:logAndReturn(56)) - 5c3956af-60d3-411f-8c98-c7ed3576de5c@group-EE856C9543A1-LeaderElection151: Election REJECTED; received 2 response(s) [5c3956af-60d3-411f-8c98-c7ed3576de5c<-efb933de-cdd8-4d8d-88d2-4c7ffe0dec1a#0:FAIL-t154, 5c3956af-60d3-411f-8c98-c7ed3576de5c<-9d88716d-5d6b-4fd8-b832-a110dc45ee66#0:FAIL-t154] and 0 exception(s); 5c3956af-60d3-411f-8c98-c7ed3576de5c@group-EE856C9543A1:t154, leader=null, voted=5c3956af-60d3-411f-8c98-c7ed3576de5c, raftlog=5c3956af-60d3-411f-8c98-c7ed3576de5c@group-EE856C9543A1-SegmentedRaftLog:OPENED:c-1,f-1,i0, conf=-1: [5c3956af-60d3-411f-8c98-c7ed3576de5c:192.168.34.38:33787, efb933de-cdd8-4d8d-88d2-4c7ffe0dec1a:192.168.34.38:42459, 9d88716d-5d6b-4fd8-b832-a110dc45ee66:192.168.34.38:38211], old=null
2019-10-16 21:53:11,096 [5c3956af-60d3-411f-8c98-c7ed3576de5c@group-EE856C9543A1-LeaderElection151] INFO  impl.RaftServerImpl (RaftServerImpl.java:setRole(184)) - 5c3956af-60d3-411f-8c98-c7ed3576de5c@group-EE856C9543A1: changes role from CANDIDATE to FOLLOWER at term 154 for DISCOVERED_A_NEW_TERM
2019-10-16 21:53:11,096 [5c3956af-60d3-411f-8c98-c7ed3576de5c@group-EE856C9543A1-LeaderElection151] INFO  impl.RoleInfo (RoleInfo.java:shutdownLeaderElection(134)) - 5c3956af-60d3-411f-8c98-c7ed3576de5c: shutdown LeaderElection
2019-10-16 21:53:11,096 [5c3956af-60d3-411f-8c98-c7ed3576de5c@group-EE856C9543A1-LeaderElection151] INFO  impl.RoleInfo (RoleInfo.java:updateAndGet(143)) - 5c3956af-60d3-411f-8c98-c7ed3576de5c: start FollowerState
2019-10-16 21:53:11,219 [Thread-1225] INFO  impl.FollowerState (FollowerState.java:run(108)) - 5c3956af-60d3-411f-8c98-c7ed3576de5c@group-EE856C9543A1-FollowerState: change to CANDIDATE, lastRpcTime:122ms, electionTimeout:122ms
2019-10-16 21:53:11,219 [Thread-1225] INFO  impl.RoleInfo (RoleInfo.java:shutdownFollowerState(121)) - 5c3956af-60d3-411f-8c98-c7ed3576de5c: shutdown FollowerState
2019-10-16 21:53:11,219 [Thread-1225] INFO  impl.RaftServerImpl (RaftServerImpl.java:setRole(184)) - 5c3956af-60d3-411f-8c98-c7ed3576de5c@group-EE856C9543A1: changes role from  FOLLOWER to CANDIDATE at term 154 for changeToCandidate
2019-10-16 21:53:11,219 [Thread-1225] INFO  impl.RoleInfo (RoleInfo.java:updateAndGet(143)) - 5c3956af-60d3-411f-8c98-c7ed3576de5c: start LeaderElection
2019-10-16 21:53:11,236 [5c3956af-60d3-411f-8c98-c7ed3576de5c@group-EE856C9543A1-LeaderElection152] INFO  impl.LeaderElection (LeaderElection.java:askForVotes(178)) - 5c3956af-60d3-411f-8c98-c7ed3576de5c@group-EE856C9543A1-LeaderElection152: begin an election at term 155 for -1: [5c3956af-60d3-411f-8c98-c7ed3576de5c:192.168.34.38:33787, efb933de-cdd8-4d8d-88d2-4c7ffe0dec1a:192.168.34.38:42459, 9d88716d-5d6b-4fd8-b832-a110dc45ee66:192.168.34.38:38211], old=null
2019-10-16 21:53:11,238 [grpc-default-executor-0] INFO  impl.RaftServerImpl (RaftServerImpl.java:setRole(184)) - efb933de-cdd8-4d8d-88d2-4c7ffe0dec1a@group-EE856C9543A1: changes role from  FOLLOWER to FOLLOWER at term 155 for recognizeCandidate:5c3956af-60d3-411f-8c98-c7ed3576de5c
2019-10-16 21:53:11,238 [grpc-default-executor-1] INFO  impl.RaftServerImpl (RaftServerImpl.java:setRole(184)) - 9d88716d-5d6b-4fd8-b832-a110dc45ee66@group-EE856C9543A1: changes role from  FOLLOWER to FOLLOWER at term 155 for recognizeCandidate:5c3956af-60d3-411f-8c98-c7ed3576de5c
2019-10-16 21:53:11,238 [grpc-default-executor-0] INFO  impl.RoleInfo (RoleInfo.java:shutdownFollowerState(121)) - efb933de-cdd8-4d8d-88d2-4c7ffe0dec1a: shutdown FollowerState
2019-10-16 21:53:11,238 [grpc-default-executor-1] INFO  impl.RoleInfo (RoleInfo.java:shutdownFollowerState(121)) - 9d88716d-5d6b-4fd8-b832-a110dc45ee66: shutdown FollowerState
2019-10-16 21:53:11,239 [grpc-default-executor-0] INFO  impl.RoleInfo (RoleInfo.java:updateAndGet(143)) - efb933de-cdd8-4d8d-88d2-4c7ffe0dec1a: start FollowerState
2019-10-16 21:53:11,239 [Thread-1223] INFO  impl.FollowerState (FollowerState.java:run(117)) - 9d88716d-5d6b-4fd8-b832-a110dc45ee66@group-EE856C9543A1-FollowerState was interrupted: java.lang.InterruptedException: sleep interrupted
2019-10-16 21:53:11,239 [grpc-default-executor-1] INFO  impl.RoleInfo (RoleInfo.java:updateAndGet(143)) - 9d88716d-5d6b-4fd8-b832-a110dc45ee66: start FollowerState
2019-10-16 21:53:11,239 [Thread-1224] INFO  impl.FollowerState (FollowerState.java:run(117)) - efb933de-cdd8-4d8d-88d2-4c7ffe0dec1a@group-EE856C9543A1-FollowerState was interrupted: java.lang.InterruptedException: sleep interrupted
2019-10-16 21:53:11,253 [5c3956af-60d3-411f-8c98-c7ed3576de5c@group-EE856C9543A1-LeaderElection152] INFO  impl.LeaderElection (LeaderElection.java:logAndReturn(56)) - 5c3956af-60d3-411f-8c98-c7ed3576de5c@group-EE856C9543A1-LeaderElection152: Election REJECTED; received 2 response(s) [5c3956af-60d3-411f-8c98-c7ed3576de5c<-efb933de-cdd8-4d8d-88d2-4c7ffe0dec1a#0:FAIL-t155, 5c3956af-60d3-411f-8c98-c7ed3576de5c<-9d88716d-5d6b-4fd8-b832-a110dc45ee66#0:FAIL-t155] and 0 exception(s); 5c3956af-60d3-411f-8c98-c7ed3576de5c@group-EE856C9543A1:t155, leader=null, voted=5c3956af-60d3-411f-8c98-c7ed3576de5c, raftlog=5c3956af-60d3-411f-8c98-c7ed3576de5c@group-EE856C9543A1-SegmentedRaftLog:OPENED:c-1,f-1,i0, conf=-1: [5c3956af-60d3-411f-8c98-c7ed3576de5c:192.168.34.38:33787, efb933de-cdd8-4d8d-88d2-4c7ffe0dec1a:192.168.34.38:42459, 9d88716d-5d6b-4fd8-b832-a110dc45ee66:192.168.34.38:38211], old=null
2019-10-16 21:53:11,253 [5c3956af-60d3-411f-8c98-c7ed3576de5c@group-EE856C9543A1-LeaderElection152] INFO  impl.RaftServerImpl (RaftServerImpl.java:setRole(184)) - 5c3956af-60d3-411f-8c98-c7ed3576de5c@group-EE856C9543A1: changes role from CANDIDATE to FOLLOWER at term 155 for DISCOVERED_A_NEW_TERM
2019-10-16 21:53:11,253 [5c3956af-60d3-411f-8c98-c7ed3576de5c@group-EE856C9543A1-LeaderElection152] INFO  impl.RoleInfo (RoleInfo.java:shutdownLeaderElection(134)) - 5c3956af-60d3-411f-8c98-c7ed3576de5c: shutdown LeaderElection
2019-10-16 21:53:11,253 [5c3956af-60d3-411f-8c98-c7ed3576de5c@group-EE856C9543A1-LeaderElection152] INFO  impl.RoleInfo (RoleInfo.java:updateAndGet(143)) - 5c3956af-60d3-411f-8c98-c7ed3576de5c: start FollowerState
2019-10-16 21:53:11,269 [Thread-1231] INFO  impl.FollowerState (FollowerState.java:run(108)) - 5c3956af-60d3-411f-8c98-c7ed3576de5c@group-EE856C9543A1-FollowerState: change to CANDIDATE, lastRpcTime:15ms, electionTimeout:15ms
2019-10-16 21:53:11,269 [Thread-1231] INFO  impl.RoleInfo (RoleInfo.java:shutdownFollowerState(121)) - 5c3956af-60d3-411f-8c98-c7ed3576de5c: shutdown FollowerState
2019-10-16 21:53:11,269 [Thread-1231] INFO  impl.RaftServerImpl (RaftServerImpl.java:setRole(184)) - 5c3956af-60d3-411f-8c98-c7ed3576de5c@group-EE856C9543A1: changes role from  FOLLOWER to CANDIDATE at term 155 for changeToCandidate
2019-10-16 21:53:11,269 [Thread-1231] INFO  impl.RoleInfo (RoleInfo.java:updateAndGet(143)) - 5c3956af-60d3-411f-8c98-c7ed3576de5c: start LeaderElection
2019-10-16 21:53:11,282 [5c3956af-60d3-411f-8c98-c7ed3576de5c@group-EE856C9543A1-LeaderElection153] INFO  impl.LeaderElection (LeaderElection.java:askForVotes(178)) - 5c3956af-60d3-411f-8c98-c7ed3576de5c@group-EE856C9543A1-LeaderElection153: begin an election at term 156 for -1: [5c3956af-60d3-411f-8c98-c7ed3576de5c:192.168.34.38:33787, efb933de-cdd8-4d8d-88d2-4c7ffe0dec1a:192.168.34.38:42459, 9d88716d-5d6b-4fd8-b832-a110dc45ee66:192.168.34.38:38211], old=null
2019-10-16 21:53:11,284 [grpc-default-executor-1] INFO  impl.RaftServerImpl (RaftServerImpl.java:setRole(184)) - efb933de-cdd8-4d8d-88d2-4c7ffe0dec1a@group-EE856C9543A1: changes role from  FOLLOWER to FOLLOWER at term 156 for recognizeCandidate:5c3956af-60d3-411f-8c98-c7ed3576de5c
2019-10-16 21:53:11,284 [grpc-default-executor-0] INFO  impl.RaftServerImpl (RaftServerImpl.java:setRole(184)) - 9d88716d-5d6b-4fd8-b832-a110dc45ee66@group-EE856C9543A1: changes role from  FOLLOWER to FOLLOWER at term 156 for recognizeCandidate:5c3956af-60d3-411f-8c98-c7ed3576de5c
2019-10-16 21:53:11,285 [grpc-default-executor-1] INFO  impl.RoleInfo (RoleInfo.java:shutdownFollowerState(121)) - efb933de-cdd8-4d8d-88d2-4c7ffe0dec1a: shutdown FollowerState
2019-10-16 21:53:11,285 [grpc-default-executor-0] INFO  impl.RoleInfo (RoleInfo.java:shutdownFollowerState(121)) - 9d88716d-5d6b-4fd8-b832-a110dc45ee66: shutdown FollowerState
2019-10-16 21:53:11,285 [Thread-1229] INFO  impl.FollowerState (FollowerState.java:run(117)) - efb933de-cdd8-4d8d-88d2-4c7ffe0dec1a@group-EE856C9543A1-FollowerState was interrupted: java.lang.InterruptedException: sleep interrupted
2019-10-16 21:53:11,285 [grpc-default-executor-1] INFO  impl.RoleInfo (RoleInfo.java:updateAndGet(143)) - efb933de-cdd8-4d8d-88d2-4c7ffe0dec1a: start FollowerState
2019-10-16 21:53:11,285 [Thread-1230] INFO  impl.FollowerState (FollowerState.java:run(117)) - 9d88716d-5d6b-4fd8-b832-a110dc45ee66@group-EE856C9543A1-FollowerState was interrupted: java.lang.InterruptedException: sleep interrupted
2019-10-16 21:53:11,285 [grpc-default-executor-0] INFO  impl.RoleInfo (RoleInfo.java:updateAndGet(143)) - 9d88716d-5d6b-4fd8-b832-a110dc45ee66: start FollowerState
2019-10-16 21:53:11,299 [5c3956af-60d3-411f-8c98-c7ed3576de5c@group-EE856C9543A1-LeaderElection153] INFO  impl.LeaderElection (LeaderElection.java:logAndReturn(56)) - 5c3956af-60d3-411f-8c98-c7ed3576de5c@group-EE856C9543A1-LeaderElection153: Election REJECTED; received 2 response(s) [5c3956af-60d3-411f-8c98-c7ed3576de5c<-efb933de-cdd8-4d8d-88d2-4c7ffe0dec1a#0:FAIL-t156, 5c3956af-60d3-411f-8c98-c7ed3576de5c<-9d88716d-5d6b-4fd8-b832-a110dc45ee66#0:FAIL-t156] and 0 exception(s); 5c3956af-60d3-411f-8c98-c7ed3576de5c@group-EE856C9543A1:t156, leader=null, voted=5c3956af-60d3-411f-8c98-c7ed3576de5c, raftlog=5c3956af-60d3-411f-8c98-c7ed3576de5c@group-EE856C9543A1-SegmentedRaftLog:OPENED:c-1,f-1,i0, conf=-1: [5c3956af-60d3-411f-8c98-c7ed3576de5c:192.168.34.38:33787, efb933de-cdd8-4d8d-88d2-4c7ffe0dec1a:192.168.34.38:42459, 9d88716d-5d6b-4fd8-b832-a110dc45ee66:192.168.34.38:38211], old=null
2019-10-16 21:53:11,299 [5c3956af-60d3-411f-8c98-c7ed3576de5c@group-EE856C9543A1-LeaderElection153] INFO  impl.RaftServerImpl (RaftServerImpl.java:setRole(184)) - 5c3956af-60d3-411f-8c98-c7ed3576de5c@group-EE856C9543A1: changes role from CANDIDATE to FOLLOWER at term 156 for DISCOVERED_A_NEW_TERM
2019-10-16 21:53:11,300 [5c3956af-60d3-411f-8c98-c7ed3576de5c@group-EE856C9543A1-LeaderElection153] INFO  impl.RoleInfo (RoleInfo.java:shutdownLeaderElection(134)) - 5c3956af-60d3-411f-8c98-c7ed3576de5c: shutdown LeaderElection
2019-10-16 21:53:11,300 [5c3956af-60d3-411f-8c98-c7ed3576de5c@group-EE856C9543A1-LeaderElection153] INFO  impl.RoleInfo (RoleInfo.java:updateAndGet(143)) - 5c3956af-60d3-411f-8c98-c7ed3576de5c: start FollowerState
2019-10-16 21:53:11,404 [JUnit] INFO  ozone.MiniOzoneClusterImpl (MiniOzoneClusterImpl.java:lambda$waitForClusterToBeReady$2(164)) - Waiting for 1 number of pipelines out of 6, to report a leader.
2019-10-16 21:53:11,464 [Thread-1237] INFO  impl.FollowerState (FollowerState.java:run(108)) - 5c3956af-60d3-411f-8c98-c7ed3576de5c@group-EE856C9543A1-FollowerState: change to CANDIDATE, lastRpcTime:164ms, electionTimeout:164ms
2019-10-16 21:53:11,464 [Thread-1237] INFO  impl.RoleInfo (RoleInfo.java:shutdownFollowerState(121)) - 5c3956af-60d3-411f-8c98-c7ed3576de5c: shutdown FollowerState
2019-10-16 21:53:11,464 [Thread-1237] INFO  impl.RaftServerImpl (RaftServerImpl.java:setRole(184)) - 5c3956af-60d3-411f-8c98-c7ed3576de5c@group-EE856C9543A1: changes role from  FOLLOWER to CANDIDATE at term 156 for changeToCandidate
2019-10-16 21:53:11,465 [Thread-1237] INFO  impl.RoleInfo (RoleInfo.java:updateAndGet(143)) - 5c3956af-60d3-411f-8c98-c7ed3576de5c: start LeaderElection
2019-10-16 21:53:11,478 [5c3956af-60d3-411f-8c98-c7ed3576de5c@group-EE856C9543A1-LeaderElection154] INFO  impl.LeaderElection (LeaderElection.java:askForVotes(178)) - 5c3956af-60d3-411f-8c98-c7ed3576de5c@group-EE856C9543A1-LeaderElection154: begin an election at term 157 for -1: [5c3956af-60d3-411f-8c98-c7ed3576de5c:192.168.34.38:33787, efb933de-cdd8-4d8d-88d2-4c7ffe0dec1a:192.168.34.38:42459, 9d88716d-5d6b-4fd8-b832-a110dc45ee66:192.168.34.38:38211], old=null
2019-10-16 21:53:11,480 [grpc-default-executor-0] INFO  impl.RaftServerImpl (RaftServerImpl.java:setRole(184)) - efb933de-cdd8-4d8d-88d2-4c7ffe0dec1a@group-EE856C9543A1: changes role from  FOLLOWER to FOLLOWER at term 157 for recognizeCandidate:5c3956af-60d3-411f-8c98-c7ed3576de5c
2019-10-16 21:53:11,480 [grpc-default-executor-0] INFO  impl.RoleInfo (RoleInfo.java:shutdownFollowerState(121)) - efb933de-cdd8-4d8d-88d2-4c7ffe0dec1a: shutdown FollowerState
2019-10-16 21:53:11,480 [grpc-default-executor-1] INFO  impl.RaftServerImpl (RaftServerImpl.java:setRole(184)) - 9d88716d-5d6b-4fd8-b832-a110dc45ee66@group-EE856C9543A1: changes role from  FOLLOWER to FOLLOWER at term 157 for recognizeCandidate:5c3956af-60d3-411f-8c98-c7ed3576de5c
2019-10-16 21:53:11,481 [Thread-1235] INFO  impl.FollowerState (FollowerState.java:run(117)) - efb933de-cdd8-4d8d-88d2-4c7ffe0dec1a@group-EE856C9543A1-FollowerState was interrupted: java.lang.InterruptedException: sleep interrupted
2019-10-16 21:53:11,481 [grpc-default-executor-0] INFO  impl.RoleInfo (RoleInfo.java:updateAndGet(143)) - efb933de-cdd8-4d8d-88d2-4c7ffe0dec1a: start FollowerState
2019-10-16 21:53:11,481 [grpc-default-executor-1] INFO  impl.RoleInfo (RoleInfo.java:shutdownFollowerState(121)) - 9d88716d-5d6b-4fd8-b832-a110dc45ee66: shutdown FollowerState
2019-10-16 21:53:11,481 [grpc-default-executor-1] INFO  impl.RoleInfo (RoleInfo.java:updateAndGet(143)) - 9d88716d-5d6b-4fd8-b832-a110dc45ee66: start FollowerState
2019-10-16 21:53:11,481 [Thread-1236] INFO  impl.FollowerState (FollowerState.java:run(117)) - 9d88716d-5d6b-4fd8-b832-a110dc45ee66@group-EE856C9543A1-FollowerState was interrupted: java.lang.InterruptedException: sleep interrupted
2019-10-16 21:53:11,499 [5c3956af-60d3-411f-8c98-c7ed3576de5c@group-EE856C9543A1-LeaderElection154] INFO  impl.LeaderElection (LeaderElection.java:logAndReturn(56)) - 5c3956af-60d3-411f-8c98-c7ed3576de5c@group-EE856C9543A1-LeaderElection154: Election REJECTED; received 2 response(s) [5c3956af-60d3-411f-8c98-c7ed3576de5c<-efb933de-cdd8-4d8d-88d2-4c7ffe0dec1a#0:FAIL-t157, 5c3956af-60d3-411f-8c98-c7ed3576de5c<-9d88716d-5d6b-4fd8-b832-a110dc45ee66#0:FAIL-t157] and 0 exception(s); 5c3956af-60d3-411f-8c98-c7ed3576de5c@group-EE856C9543A1:t157, leader=null, voted=5c3956af-60d3-411f-8c98-c7ed3576de5c, raftlog=5c3956af-60d3-411f-8c98-c7ed3576de5c@group-EE856C9543A1-SegmentedRaftLog:OPENED:c-1,f-1,i0, conf=-1: [5c3956af-60d3-411f-8c98-c7ed3576de5c:192.168.34.38:33787, efb933de-cdd8-4d8d-88d2-4c7ffe0dec1a:192.168.34.38:42459, 9d88716d-5d6b-4fd8-b832-a110dc45ee66:192.168.34.38:38211], old=null
2019-10-16 21:53:11,499 [5c3956af-60d3-411f-8c98-c7ed3576de5c@group-EE856C9543A1-LeaderElection154] INFO  impl.RaftServerImpl (RaftServerImpl.java:setRole(184)) - 5c3956af-60d3-411f-8c98-c7ed3576de5c@group-EE856C9543A1: changes role from CANDIDATE to FOLLOWER at term 157 for DISCOVERED_A_NEW_TERM
2019-10-16 21:53:11,499 [5c3956af-60d3-411f-8c98-c7ed3576de5c@group-EE856C9543A1-LeaderElection154] INFO  impl.RoleInfo (RoleInfo.java:shutdownLeaderElection(134)) - 5c3956af-60d3-411f-8c98-c7ed3576de5c: shutdown LeaderElection
2019-10-16 21:53:11,499 [5c3956af-60d3-411f-8c98-c7ed3576de5c@group-EE856C9543A1-LeaderElection154] INFO  impl.RoleInfo (RoleInfo.java:updateAndGet(143)) - 5c3956af-60d3-411f-8c98-c7ed3576de5c: start FollowerState
2019-10-16 21:53:11,697 [Thread-1243] INFO  impl.FollowerState (FollowerState.java:run(108)) - 5c3956af-60d3-411f-8c98-c7ed3576de5c@group-EE856C9543A1-FollowerState: change to CANDIDATE, lastRpcTime:197ms, electionTimeout:197ms
2019-10-16 21:53:11,697 [Thread-1243] INFO  impl.RoleInfo (RoleInfo.java:shutdownFollowerState(121)) - 5c3956af-60d3-411f-8c98-c7ed3576de5c: shutdown FollowerState
2019-10-16 21:53:11,697 [Thread-1243] INFO  impl.RaftServerImpl (RaftServerImpl.java:setRole(184)) - 5c3956af-60d3-411f-8c98-c7ed3576de5c@group-EE856C9543A1: changes role from  FOLLOWER to CANDIDATE at term 157 for changeToCandidate
2019-10-16 21:53:11,697 [Thread-1243] INFO  impl.RoleInfo (RoleInfo.java:updateAndGet(143)) - 5c3956af-60d3-411f-8c98-c7ed3576de5c: start LeaderElection
2019-10-16 21:53:11,710 [5c3956af-60d3-411f-8c98-c7ed3576de5c@group-EE856C9543A1-LeaderElection155] INFO  impl.LeaderElection (LeaderElection.java:askForVotes(178)) - 5c3956af-60d3-411f-8c98-c7ed3576de5c@group-EE856C9543A1-LeaderElection155: begin an election at term 158 for -1: [5c3956af-60d3-411f-8c98-c7ed3576de5c:192.168.34.38:33787, efb933de-cdd8-4d8d-88d2-4c7ffe0dec1a:192.168.34.38:42459, 9d88716d-5d6b-4fd8-b832-a110dc45ee66:192.168.34.38:38211], old=null
2019-10-16 21:53:11,713 [grpc-default-executor-1] INFO  impl.RaftServerImpl (RaftServerImpl.java:setRole(184)) - efb933de-cdd8-4d8d-88d2-4c7ffe0dec1a@group-EE856C9543A1: changes role from  FOLLOWER to FOLLOWER at term 158 for recognizeCandidate:5c3956af-60d3-411f-8c98-c7ed3576de5c
2019-10-16 21:53:11,713 [grpc-default-executor-0] INFO  impl.RaftServerImpl (RaftServerImpl.java:setRole(184)) - 9d88716d-5d6b-4fd8-b832-a110dc45ee66@group-EE856C9543A1: changes role from  FOLLOWER to FOLLOWER at term 158 for recognizeCandidate:5c3956af-60d3-411f-8c98-c7ed3576de5c
2019-10-16 21:53:11,713 [grpc-default-executor-1] INFO  impl.RoleInfo (RoleInfo.java:shutdownFollowerState(121)) - efb933de-cdd8-4d8d-88d2-4c7ffe0dec1a: shutdown FollowerState
2019-10-16 21:53:11,713 [grpc-default-executor-0] INFO  impl.RoleInfo (RoleInfo.java:shutdownFollowerState(121)) - 9d88716d-5d6b-4fd8-b832-a110dc45ee66: shutdown FollowerState
2019-10-16 21:53:11,713 [Thread-1241] INFO  impl.FollowerState (FollowerState.java:run(117)) - efb933de-cdd8-4d8d-88d2-4c7ffe0dec1a@group-EE856C9543A1-FollowerState was interrupted: java.lang.InterruptedException: sleep interrupted
2019-10-16 21:53:11,713 [grpc-default-executor-1] INFO  impl.RoleInfo (RoleInfo.java:updateAndGet(143)) - efb933de-cdd8-4d8d-88d2-4c7ffe0dec1a: start FollowerState
2019-10-16 21:53:11,714 [Thread-1242] INFO  impl.FollowerState (FollowerState.java:run(117)) - 9d88716d-5d6b-4fd8-b832-a110dc45ee66@group-EE856C9543A1-FollowerState was interrupted: java.lang.InterruptedException: sleep interrupted
2019-10-16 21:53:11,713 [grpc-default-executor-0] INFO  impl.RoleInfo (RoleInfo.java:updateAndGet(143)) - 9d88716d-5d6b-4fd8-b832-a110dc45ee66: start FollowerState
2019-10-16 21:53:11,728 [5c3956af-60d3-411f-8c98-c7ed3576de5c@group-EE856C9543A1-LeaderElection155] INFO  impl.LeaderElection (LeaderElection.java:logAndReturn(56)) - 5c3956af-60d3-411f-8c98-c7ed3576de5c@group-EE856C9543A1-LeaderElection155: Election REJECTED; received 2 response(s) [5c3956af-60d3-411f-8c98-c7ed3576de5c<-efb933de-cdd8-4d8d-88d2-4c7ffe0dec1a#0:FAIL-t158, 5c3956af-60d3-411f-8c98-c7ed3576de5c<-9d88716d-5d6b-4fd8-b832-a110dc45ee66#0:FAIL-t158] and 0 exception(s); 5c3956af-60d3-411f-8c98-c7ed3576de5c@group-EE856C9543A1:t158, leader=null, voted=5c3956af-60d3-411f-8c98-c7ed3576de5c, raftlog=5c3956af-60d3-411f-8c98-c7ed3576de5c@group-EE856C9543A1-SegmentedRaftLog:OPENED:c-1,f-1,i0, conf=-1: [5c3956af-60d3-411f-8c98-c7ed3576de5c:192.168.34.38:33787, efb933de-cdd8-4d8d-88d2-4c7ffe0dec1a:192.168.34.38:42459, 9d88716d-5d6b-4fd8-b832-a110dc45ee66:192.168.34.38:38211], old=null
2019-10-16 21:53:11,728 [5c3956af-60d3-411f-8c98-c7ed3576de5c@group-EE856C9543A1-LeaderElection155] INFO  impl.RaftServerImpl (RaftServerImpl.java:setRole(184)) - 5c3956af-60d3-411f-8c98-c7ed3576de5c@group-EE856C9543A1: changes role from CANDIDATE to FOLLOWER at term 158 for DISCOVERED_A_NEW_TERM
2019-10-16 21:53:11,728 [5c3956af-60d3-411f-8c98-c7ed3576de5c@group-EE856C9543A1-LeaderElection155] INFO  impl.RoleInfo (RoleInfo.java:shutdownLeaderElection(134)) - 5c3956af-60d3-411f-8c98-c7ed3576de5c: shutdown LeaderElection
2019-10-16 21:53:11,728 [5c3956af-60d3-411f-8c98-c7ed3576de5c@group-EE856C9543A1-LeaderElection155] INFO  impl.RoleInfo (RoleInfo.java:updateAndGet(143)) - 5c3956af-60d3-411f-8c98-c7ed3576de5c: start FollowerState
2019-10-16 21:53:11,856 [Thread-1249] INFO  impl.FollowerState (FollowerState.java:run(108)) - 5c3956af-60d3-411f-8c98-c7ed3576de5c@group-EE856C9543A1-FollowerState: change to CANDIDATE, lastRpcTime:128ms, electionTimeout:128ms
2019-10-16 21:53:11,857 [Thread-1249] INFO  impl.RoleInfo (RoleInfo.java:shutdownFollowerState(121)) - 5c3956af-60d3-411f-8c98-c7ed3576de5c: shutdown FollowerState
2019-10-16 21:53:11,857 [Thread-1249] INFO  impl.RaftServerImpl (RaftServerImpl.java:setRole(184)) - 5c3956af-60d3-411f-8c98-c7ed3576de5c@group-EE856C9543A1: changes role from  FOLLOWER to CANDIDATE at term 158 for changeToCandidate
2019-10-16 21:53:11,858 [Thread-1249] INFO  impl.RoleInfo (RoleInfo.java:updateAndGet(143)) - 5c3956af-60d3-411f-8c98-c7ed3576de5c: start LeaderElection
2019-10-16 21:53:11,884 [5c3956af-60d3-411f-8c98-c7ed3576de5c@group-EE856C9543A1-LeaderElection156] INFO  impl.LeaderElection (LeaderElection.java:askForVotes(178)) - 5c3956af-60d3-411f-8c98-c7ed3576de5c@group-EE856C9543A1-LeaderElection156: begin an election at term 159 for -1: [5c3956af-60d3-411f-8c98-c7ed3576de5c:192.168.34.38:33787, efb933de-cdd8-4d8d-88d2-4c7ffe0dec1a:192.168.34.38:42459, 9d88716d-5d6b-4fd8-b832-a110dc45ee66:192.168.34.38:38211], old=null
2019-10-16 21:53:11,887 [grpc-default-executor-0] INFO  impl.RaftServerImpl (RaftServerImpl.java:setRole(184)) - efb933de-cdd8-4d8d-88d2-4c7ffe0dec1a@group-EE856C9543A1: changes role from  FOLLOWER to FOLLOWER at term 159 for recognizeCandidate:5c3956af-60d3-411f-8c98-c7ed3576de5c
2019-10-16 21:53:11,887 [grpc-default-executor-1] INFO  impl.RaftServerImpl (RaftServerImpl.java:setRole(184)) - 9d88716d-5d6b-4fd8-b832-a110dc45ee66@group-EE856C9543A1: changes role from  FOLLOWER to FOLLOWER at term 159 for recognizeCandidate:5c3956af-60d3-411f-8c98-c7ed3576de5c
2019-10-16 21:53:11,887 [grpc-default-executor-0] INFO  impl.RoleInfo (RoleInfo.java:shutdownFollowerState(121)) - efb933de-cdd8-4d8d-88d2-4c7ffe0dec1a: shutdown FollowerState
2019-10-16 21:53:11,888 [grpc-default-executor-1] INFO  impl.RoleInfo (RoleInfo.java:shutdownFollowerState(121)) - 9d88716d-5d6b-4fd8-b832-a110dc45ee66: shutdown FollowerState
2019-10-16 21:53:11,888 [grpc-default-executor-0] INFO  impl.RoleInfo (RoleInfo.java:updateAndGet(143)) - efb933de-cdd8-4d8d-88d2-4c7ffe0dec1a: start FollowerState
2019-10-16 21:53:11,888 [Thread-1248] INFO  impl.FollowerState (FollowerState.java:run(117)) - 9d88716d-5d6b-4fd8-b832-a110dc45ee66@group-EE856C9543A1-FollowerState was interrupted: java.lang.InterruptedException: sleep interrupted
2019-10-16 21:53:11,888 [Thread-1247] INFO  impl.FollowerState (FollowerState.java:run(117)) - efb933de-cdd8-4d8d-88d2-4c7ffe0dec1a@group-EE856C9543A1-FollowerState was interrupted: java.lang.InterruptedException: sleep interrupted
2019-10-16 21:53:11,888 [grpc-default-executor-1] INFO  impl.RoleInfo (RoleInfo.java:updateAndGet(143)) - 9d88716d-5d6b-4fd8-b832-a110dc45ee66: start FollowerState
2019-10-16 21:53:11,903 [5c3956af-60d3-411f-8c98-c7ed3576de5c@group-EE856C9543A1-LeaderElection156] INFO  impl.LeaderElection (LeaderElection.java:logAndReturn(56)) - 5c3956af-60d3-411f-8c98-c7ed3576de5c@group-EE856C9543A1-LeaderElection156: Election REJECTED; received 2 response(s) [5c3956af-60d3-411f-8c98-c7ed3576de5c<-efb933de-cdd8-4d8d-88d2-4c7ffe0dec1a#0:FAIL-t159, 5c3956af-60d3-411f-8c98-c7ed3576de5c<-9d88716d-5d6b-4fd8-b832-a110dc45ee66#0:FAIL-t159] and 0 exception(s); 5c3956af-60d3-411f-8c98-c7ed3576de5c@group-EE856C9543A1:t159, leader=null, voted=5c3956af-60d3-411f-8c98-c7ed3576de5c, raftlog=5c3956af-60d3-411f-8c98-c7ed3576de5c@group-EE856C9543A1-SegmentedRaftLog:OPENED:c-1,f-1,i0, conf=-1: [5c3956af-60d3-411f-8c98-c7ed3576de5c:192.168.34.38:33787, efb933de-cdd8-4d8d-88d2-4c7ffe0dec1a:192.168.34.38:42459, 9d88716d-5d6b-4fd8-b832-a110dc45ee66:192.168.34.38:38211], old=null
2019-10-16 21:53:11,903 [5c3956af-60d3-411f-8c98-c7ed3576de5c@group-EE856C9543A1-LeaderElection156] INFO  impl.RaftServerImpl (RaftServerImpl.java:setRole(184)) - 5c3956af-60d3-411f-8c98-c7ed3576de5c@group-EE856C9543A1: changes role from CANDIDATE to FOLLOWER at term 159 for DISCOVERED_A_NEW_TERM
2019-10-16 21:53:11,903 [5c3956af-60d3-411f-8c98-c7ed3576de5c@group-EE856C9543A1-LeaderElection156] INFO  impl.RoleInfo (RoleInfo.java:shutdownLeaderElection(134)) - 5c3956af-60d3-411f-8c98-c7ed3576de5c: shutdown LeaderElection
2019-10-16 21:53:11,903 [5c3956af-60d3-411f-8c98-c7ed3576de5c@group-EE856C9543A1-LeaderElection156] INFO  impl.RoleInfo (RoleInfo.java:updateAndGet(143)) - 5c3956af-60d3-411f-8c98-c7ed3576de5c: start FollowerState
2019-10-16 21:53:11,921 [Thread-1255] INFO  impl.FollowerState (FollowerState.java:run(108)) - 5c3956af-60d3-411f-8c98-c7ed3576de5c@group-EE856C9543A1-FollowerState: change to CANDIDATE, lastRpcTime:17ms, electionTimeout:17ms
2019-10-16 21:53:11,921 [Thread-1255] INFO  impl.RoleInfo (RoleInfo.java:shutdownFollowerState(121)) - 5c3956af-60d3-411f-8c98-c7ed3576de5c: shutdown FollowerState
2019-10-16 21:53:11,921 [Thread-1255] INFO  impl.RaftServerImpl (RaftServerImpl.java:setRole(184)) - 5c3956af-60d3-411f-8c98-c7ed3576de5c@group-EE856C9543A1: changes role from  FOLLOWER to CANDIDATE at term 159 for changeToCandidate
2019-10-16 21:53:11,921 [Thread-1255] INFO  impl.RoleInfo (RoleInfo.java:updateAndGet(143)) - 5c3956af-60d3-411f-8c98-c7ed3576de5c: start LeaderElection
2019-10-16 21:53:11,934 [5c3956af-60d3-411f-8c98-c7ed3576de5c@group-EE856C9543A1-LeaderElection157] INFO  impl.LeaderElection (LeaderElection.java:askForVotes(178)) - 5c3956af-60d3-411f-8c98-c7ed3576de5c@group-EE856C9543A1-LeaderElection157: begin an election at term 160 for -1: [5c3956af-60d3-411f-8c98-c7ed3576de5c:192.168.34.38:33787, efb933de-cdd8-4d8d-88d2-4c7ffe0dec1a:192.168.34.38:42459, 9d88716d-5d6b-4fd8-b832-a110dc45ee66:192.168.34.38:38211], old=null
2019-10-16 21:53:11,937 [grpc-default-executor-0] INFO  impl.RaftServerImpl (RaftServerImpl.java:setRole(184)) - efb933de-cdd8-4d8d-88d2-4c7ffe0dec1a@group-EE856C9543A1: changes role from  FOLLOWER to FOLLOWER at term 160 for recognizeCandidate:5c3956af-60d3-411f-8c98-c7ed3576de5c
2019-10-16 21:53:11,938 [grpc-default-executor-1] INFO  impl.RaftServerImpl (RaftServerImpl.java:setRole(184)) - 9d88716d-5d6b-4fd8-b832-a110dc45ee66@group-EE856C9543A1: changes role from  FOLLOWER to FOLLOWER at term 160 for recognizeCandidate:5c3956af-60d3-411f-8c98-c7ed3576de5c
2019-10-16 21:53:11,938 [grpc-default-executor-0] INFO  impl.RoleInfo (RoleInfo.java:shutdownFollowerState(121)) - efb933de-cdd8-4d8d-88d2-4c7ffe0dec1a: shutdown FollowerState
2019-10-16 21:53:11,938 [grpc-default-executor-1] INFO  impl.RoleInfo (RoleInfo.java:shutdownFollowerState(121)) - 9d88716d-5d6b-4fd8-b832-a110dc45ee66: shutdown FollowerState
2019-10-16 21:53:11,938 [Thread-1253] INFO  impl.FollowerState (FollowerState.java:run(117)) - efb933de-cdd8-4d8d-88d2-4c7ffe0dec1a@group-EE856C9543A1-FollowerState was interrupted: java.lang.InterruptedException: sleep interrupted
2019-10-16 21:53:11,938 [grpc-default-executor-0] INFO  impl.RoleInfo (RoleInfo.java:updateAndGet(143)) - efb933de-cdd8-4d8d-88d2-4c7ffe0dec1a: start FollowerState
2019-10-16 21:53:11,938 [Thread-1254] INFO  impl.FollowerState (FollowerState.java:run(117)) - 9d88716d-5d6b-4fd8-b832-a110dc45ee66@group-EE856C9543A1-FollowerState was interrupted: java.lang.InterruptedException: sleep interrupted
2019-10-16 21:53:11,938 [grpc-default-executor-1] INFO  impl.RoleInfo (RoleInfo.java:updateAndGet(143)) - 9d88716d-5d6b-4fd8-b832-a110dc45ee66: start FollowerState
2019-10-16 21:53:11,953 [5c3956af-60d3-411f-8c98-c7ed3576de5c@group-EE856C9543A1-LeaderElection157] INFO  impl.LeaderElection (LeaderElection.java:logAndReturn(56)) - 5c3956af-60d3-411f-8c98-c7ed3576de5c@group-EE856C9543A1-LeaderElection157: Election REJECTED; received 2 response(s) [5c3956af-60d3-411f-8c98-c7ed3576de5c<-efb933de-cdd8-4d8d-88d2-4c7ffe0dec1a#0:FAIL-t160, 5c3956af-60d3-411f-8c98-c7ed3576de5c<-9d88716d-5d6b-4fd8-b832-a110dc45ee66#0:FAIL-t160] and 0 exception(s); 5c3956af-60d3-411f-8c98-c7ed3576de5c@group-EE856C9543A1:t160, leader=null, voted=5c3956af-60d3-411f-8c98-c7ed3576de5c, raftlog=5c3956af-60d3-411f-8c98-c7ed3576de5c@group-EE856C9543A1-SegmentedRaftLog:OPENED:c-1,f-1,i0, conf=-1: [5c3956af-60d3-411f-8c98-c7ed3576de5c:192.168.34.38:33787, efb933de-cdd8-4d8d-88d2-4c7ffe0dec1a:192.168.34.38:42459, 9d88716d-5d6b-4fd8-b832-a110dc45ee66:192.168.34.38:38211], old=null
2019-10-16 21:53:11,953 [5c3956af-60d3-411f-8c98-c7ed3576de5c@group-EE856C9543A1-LeaderElection157] INFO  impl.RaftServerImpl (RaftServerImpl.java:setRole(184)) - 5c3956af-60d3-411f-8c98-c7ed3576de5c@group-EE856C9543A1: changes role from CANDIDATE to FOLLOWER at term 160 for DISCOVERED_A_NEW_TERM
2019-10-16 21:53:11,953 [5c3956af-60d3-411f-8c98-c7ed3576de5c@group-EE856C9543A1-LeaderElection157] INFO  impl.RoleInfo (RoleInfo.java:shutdownLeaderElection(134)) - 5c3956af-60d3-411f-8c98-c7ed3576de5c: shutdown LeaderElection
2019-10-16 21:53:11,953 [5c3956af-60d3-411f-8c98-c7ed3576de5c@group-EE856C9543A1-LeaderElection157] INFO  impl.RoleInfo (RoleInfo.java:updateAndGet(143)) - 5c3956af-60d3-411f-8c98-c7ed3576de5c: start FollowerState
2019-10-16 21:53:12,023 [Thread-1261] INFO  impl.FollowerState (FollowerState.java:run(108)) - 5c3956af-60d3-411f-8c98-c7ed3576de5c@group-EE856C9543A1-FollowerState: change to CANDIDATE, lastRpcTime:70ms, electionTimeout:70ms
2019-10-16 21:53:12,024 [Thread-1261] INFO  impl.RoleInfo (RoleInfo.java:shutdownFollowerState(121)) - 5c3956af-60d3-411f-8c98-c7ed3576de5c: shutdown FollowerState
2019-10-16 21:53:12,024 [Thread-1261] INFO  impl.RaftServerImpl (RaftServerImpl.java:setRole(184)) - 5c3956af-60d3-411f-8c98-c7ed3576de5c@group-EE856C9543A1: changes role from  FOLLOWER to CANDIDATE at term 160 for changeToCandidate
2019-10-16 21:53:12,024 [Thread-1261] INFO  impl.RoleInfo (RoleInfo.java:updateAndGet(143)) - 5c3956af-60d3-411f-8c98-c7ed3576de5c: start LeaderElection
2019-10-16 21:53:12,037 [5c3956af-60d3-411f-8c98-c7ed3576de5c@group-EE856C9543A1-LeaderElection158] INFO  impl.LeaderElection (LeaderElection.java:askForVotes(178)) - 5c3956af-60d3-411f-8c98-c7ed3576de5c@group-EE856C9543A1-LeaderElection158: begin an election at term 161 for -1: [5c3956af-60d3-411f-8c98-c7ed3576de5c:192.168.34.38:33787, efb933de-cdd8-4d8d-88d2-4c7ffe0dec1a:192.168.34.38:42459, 9d88716d-5d6b-4fd8-b832-a110dc45ee66:192.168.34.38:38211], old=null
2019-10-16 21:53:12,041 [grpc-default-executor-1] INFO  impl.RaftServerImpl (RaftServerImpl.java:setRole(184)) - efb933de-cdd8-4d8d-88d2-4c7ffe0dec1a@group-EE856C9543A1: changes role from  FOLLOWER to FOLLOWER at term 161 for recognizeCandidate:5c3956af-60d3-411f-8c98-c7ed3576de5c
2019-10-16 21:53:12,041 [grpc-default-executor-0] INFO  impl.RaftServerImpl (RaftServerImpl.java:setRole(184)) - 9d88716d-5d6b-4fd8-b832-a110dc45ee66@group-EE856C9543A1: changes role from  FOLLOWER to FOLLOWER at term 161 for recognizeCandidate:5c3956af-60d3-411f-8c98-c7ed3576de5c
2019-10-16 21:53:12,041 [grpc-default-executor-1] INFO  impl.RoleInfo (RoleInfo.java:shutdownFollowerState(121)) - efb933de-cdd8-4d8d-88d2-4c7ffe0dec1a: shutdown FollowerState
2019-10-16 21:53:12,041 [grpc-default-executor-0] INFO  impl.RoleInfo (RoleInfo.java:shutdownFollowerState(121)) - 9d88716d-5d6b-4fd8-b832-a110dc45ee66: shutdown FollowerState
2019-10-16 21:53:12,041 [Thread-1259] INFO  impl.FollowerState (FollowerState.java:run(117)) - efb933de-cdd8-4d8d-88d2-4c7ffe0dec1a@group-EE856C9543A1-FollowerState was interrupted: java.lang.InterruptedException: sleep interrupted
2019-10-16 21:53:12,041 [grpc-default-executor-1] INFO  impl.RoleInfo (RoleInfo.java:updateAndGet(143)) - efb933de-cdd8-4d8d-88d2-4c7ffe0dec1a: start FollowerState
2019-10-16 21:53:12,041 [Thread-1260] INFO  impl.FollowerState (FollowerState.java:run(117)) - 9d88716d-5d6b-4fd8-b832-a110dc45ee66@group-EE856C9543A1-FollowerState was interrupted: java.lang.InterruptedException: sleep interrupted
2019-10-16 21:53:12,041 [grpc-default-executor-0] INFO  impl.RoleInfo (RoleInfo.java:updateAndGet(143)) - 9d88716d-5d6b-4fd8-b832-a110dc45ee66: start FollowerState
2019-10-16 21:53:12,050 [5c3956af-60d3-411f-8c98-c7ed3576de5c@group-EE856C9543A1-LeaderElection158] INFO  impl.LeaderElection (LeaderElection.java:logAndReturn(56)) - 5c3956af-60d3-411f-8c98-c7ed3576de5c@group-EE856C9543A1-LeaderElection158: Election REJECTED; received 2 response(s) [5c3956af-60d3-411f-8c98-c7ed3576de5c<-efb933de-cdd8-4d8d-88d2-4c7ffe0dec1a#0:FAIL-t161, 5c3956af-60d3-411f-8c98-c7ed3576de5c<-9d88716d-5d6b-4fd8-b832-a110dc45ee66#0:FAIL-t161] and 0 exception(s); 5c3956af-60d3-411f-8c98-c7ed3576de5c@group-EE856C9543A1:t161, leader=null, voted=5c3956af-60d3-411f-8c98-c7ed3576de5c, raftlog=5c3956af-60d3-411f-8c98-c7ed3576de5c@group-EE856C9543A1-SegmentedRaftLog:OPENED:c-1,f-1,i0, conf=-1: [5c3956af-60d3-411f-8c98-c7ed3576de5c:192.168.34.38:33787, efb933de-cdd8-4d8d-88d2-4c7ffe0dec1a:192.168.34.38:42459, 9d88716d-5d6b-4fd8-b832-a110dc45ee66:192.168.34.38:38211], old=null
2019-10-16 21:53:12,050 [5c3956af-60d3-411f-8c98-c7ed3576de5c@group-EE856C9543A1-LeaderElection158] INFO  impl.RaftServerImpl (RaftServerImpl.java:setRole(184)) - 5c3956af-60d3-411f-8c98-c7ed3576de5c@group-EE856C9543A1: changes role from CANDIDATE to FOLLOWER at term 161 for DISCOVERED_A_NEW_TERM
2019-10-16 21:53:12,050 [5c3956af-60d3-411f-8c98-c7ed3576de5c@group-EE856C9543A1-LeaderElection158] INFO  impl.RoleInfo (RoleInfo.java:shutdownLeaderElection(134)) - 5c3956af-60d3-411f-8c98-c7ed3576de5c: shutdown LeaderElection
2019-10-16 21:53:12,050 [5c3956af-60d3-411f-8c98-c7ed3576de5c@group-EE856C9543A1-LeaderElection158] INFO  impl.RoleInfo (RoleInfo.java:updateAndGet(143)) - 5c3956af-60d3-411f-8c98-c7ed3576de5c: start FollowerState
2019-10-16 21:53:12,138 [Thread-1267] INFO  impl.FollowerState (FollowerState.java:run(108)) - 5c3956af-60d3-411f-8c98-c7ed3576de5c@group-EE856C9543A1-FollowerState: change to CANDIDATE, lastRpcTime:88ms, electionTimeout:88ms
2019-10-16 21:53:12,139 [Thread-1267] INFO  impl.RoleInfo (RoleInfo.java:shutdownFollowerState(121)) - 5c3956af-60d3-411f-8c98-c7ed3576de5c: shutdown FollowerState
2019-10-16 21:53:12,139 [Thread-1267] INFO  impl.RaftServerImpl (RaftServerImpl.java:setRole(184)) - 5c3956af-60d3-411f-8c98-c7ed3576de5c@group-EE856C9543A1: changes role from  FOLLOWER to CANDIDATE at term 161 for changeToCandidate
2019-10-16 21:53:12,139 [Thread-1267] INFO  impl.RoleInfo (RoleInfo.java:updateAndGet(143)) - 5c3956af-60d3-411f-8c98-c7ed3576de5c: start LeaderElection
2019-10-16 21:53:12,152 [5c3956af-60d3-411f-8c98-c7ed3576de5c@group-EE856C9543A1-LeaderElection159] INFO  impl.LeaderElection (LeaderElection.java:askForVotes(178)) - 5c3956af-60d3-411f-8c98-c7ed3576de5c@group-EE856C9543A1-LeaderElection159: begin an election at term 162 for -1: [5c3956af-60d3-411f-8c98-c7ed3576de5c:192.168.34.38:33787, efb933de-cdd8-4d8d-88d2-4c7ffe0dec1a:192.168.34.38:42459, 9d88716d-5d6b-4fd8-b832-a110dc45ee66:192.168.34.38:38211], old=null
2019-10-16 21:53:12,155 [grpc-default-executor-1] INFO  impl.RaftServerImpl (RaftServerImpl.java:setRole(184)) - efb933de-cdd8-4d8d-88d2-4c7ffe0dec1a@group-EE856C9543A1: changes role from  FOLLOWER to FOLLOWER at term 162 for recognizeCandidate:5c3956af-60d3-411f-8c98-c7ed3576de5c
2019-10-16 21:53:12,155 [grpc-default-executor-1] INFO  impl.RoleInfo (RoleInfo.java:shutdownFollowerState(121)) - efb933de-cdd8-4d8d-88d2-4c7ffe0dec1a: shutdown FollowerState
2019-10-16 21:53:12,156 [grpc-default-executor-1] INFO  impl.RoleInfo (RoleInfo.java:updateAndGet(143)) - efb933de-cdd8-4d8d-88d2-4c7ffe0dec1a: start FollowerState
2019-10-16 21:53:12,156 [Thread-1265] INFO  impl.FollowerState (FollowerState.java:run(117)) - efb933de-cdd8-4d8d-88d2-4c7ffe0dec1a@group-EE856C9543A1-FollowerState was interrupted: java.lang.InterruptedException: sleep interrupted
2019-10-16 21:53:12,156 [grpc-default-executor-0] INFO  impl.RaftServerImpl (RaftServerImpl.java:setRole(184)) - 9d88716d-5d6b-4fd8-b832-a110dc45ee66@group-EE856C9543A1: changes role from  FOLLOWER to FOLLOWER at term 162 for recognizeCandidate:5c3956af-60d3-411f-8c98-c7ed3576de5c
2019-10-16 21:53:12,156 [grpc-default-executor-0] INFO  impl.RoleInfo (RoleInfo.java:shutdownFollowerState(121)) - 9d88716d-5d6b-4fd8-b832-a110dc45ee66: shutdown FollowerState
2019-10-16 21:53:12,156 [grpc-default-executor-0] INFO  impl.RoleInfo (RoleInfo.java:updateAndGet(143)) - 9d88716d-5d6b-4fd8-b832-a110dc45ee66: start FollowerState
2019-10-16 21:53:12,156 [Thread-1266] INFO  impl.FollowerState (FollowerState.java:run(117)) - 9d88716d-5d6b-4fd8-b832-a110dc45ee66@group-EE856C9543A1-FollowerState was interrupted: java.lang.InterruptedException: sleep interrupted
2019-10-16 21:53:12,159 [5c3956af-60d3-411f-8c98-c7ed3576de5c@group-EE856C9543A1-LeaderElection159] INFO  impl.LeaderElection (LeaderElection.java:logAndReturn(56)) - 5c3956af-60d3-411f-8c98-c7ed3576de5c@group-EE856C9543A1-LeaderElection159: Election TIMEOUT; received 0 response(s) [] and 0 exception(s); 5c3956af-60d3-411f-8c98-c7ed3576de5c@group-EE856C9543A1:t162, leader=null, voted=5c3956af-60d3-411f-8c98-c7ed3576de5c, raftlog=5c3956af-60d3-411f-8c98-c7ed3576de5c@group-EE856C9543A1-SegmentedRaftLog:OPENED:c-1,f-1,i0, conf=-1: [5c3956af-60d3-411f-8c98-c7ed3576de5c:192.168.34.38:33787, efb933de-cdd8-4d8d-88d2-4c7ffe0dec1a:192.168.34.38:42459, 9d88716d-5d6b-4fd8-b832-a110dc45ee66:192.168.34.38:38211], old=null
2019-10-16 21:53:12,169 [5c3956af-60d3-411f-8c98-c7ed3576de5c@group-EE856C9543A1-LeaderElection159] INFO  impl.LeaderElection (LeaderElection.java:askForVotes(178)) - 5c3956af-60d3-411f-8c98-c7ed3576de5c@group-EE856C9543A1-LeaderElection159: begin an election at term 163 for -1: [5c3956af-60d3-411f-8c98-c7ed3576de5c:192.168.34.38:33787, efb933de-cdd8-4d8d-88d2-4c7ffe0dec1a:192.168.34.38:42459, 9d88716d-5d6b-4fd8-b832-a110dc45ee66:192.168.34.38:38211], old=null
2019-10-16 21:53:12,171 [grpc-default-executor-1] INFO  impl.RaftServerImpl (RaftServerImpl.java:setRole(184)) - efb933de-cdd8-4d8d-88d2-4c7ffe0dec1a@group-EE856C9543A1: changes role from  FOLLOWER to FOLLOWER at term 163 for recognizeCandidate:5c3956af-60d3-411f-8c98-c7ed3576de5c
2019-10-16 21:53:12,171 [grpc-default-executor-1] INFO  impl.RoleInfo (RoleInfo.java:shutdownFollowerState(121)) - efb933de-cdd8-4d8d-88d2-4c7ffe0dec1a: shutdown FollowerState
2019-10-16 21:53:12,172 [grpc-default-executor-1] INFO  impl.RoleInfo (RoleInfo.java:updateAndGet(143)) - efb933de-cdd8-4d8d-88d2-4c7ffe0dec1a: start FollowerState
2019-10-16 21:53:12,172 [Thread-1271] INFO  impl.FollowerState (FollowerState.java:run(117)) - efb933de-cdd8-4d8d-88d2-4c7ffe0dec1a@group-EE856C9543A1-FollowerState was interrupted: java.lang.InterruptedException: sleep interrupted
2019-10-16 21:53:12,172 [grpc-default-executor-0] INFO  impl.RaftServerImpl (RaftServerImpl.java:setRole(184)) - 9d88716d-5d6b-4fd8-b832-a110dc45ee66@group-EE856C9543A1: changes role from  FOLLOWER to FOLLOWER at term 163 for recognizeCandidate:5c3956af-60d3-411f-8c98-c7ed3576de5c
2019-10-16 21:53:12,172 [grpc-default-executor-0] INFO  impl.RoleInfo (RoleInfo.java:shutdownFollowerState(121)) - 9d88716d-5d6b-4fd8-b832-a110dc45ee66: shutdown FollowerState
2019-10-16 21:53:12,172 [grpc-default-executor-0] INFO  impl.RoleInfo (RoleInfo.java:updateAndGet(143)) - 9d88716d-5d6b-4fd8-b832-a110dc45ee66: start FollowerState
2019-10-16 21:53:12,172 [Thread-1272] INFO  impl.FollowerState (FollowerState.java:run(117)) - 9d88716d-5d6b-4fd8-b832-a110dc45ee66@group-EE856C9543A1-FollowerState was interrupted: java.lang.InterruptedException: sleep interrupted
2019-10-16 21:53:12,187 [5c3956af-60d3-411f-8c98-c7ed3576de5c@group-EE856C9543A1-LeaderElection159] INFO  impl.LeaderElection (LeaderElection.java:logAndReturn(56)) - 5c3956af-60d3-411f-8c98-c7ed3576de5c@group-EE856C9543A1-LeaderElection159: Election REJECTED; received 2 response(s) [5c3956af-60d3-411f-8c98-c7ed3576de5c<-efb933de-cdd8-4d8d-88d2-4c7ffe0dec1a#0:FAIL-t163, 5c3956af-60d3-411f-8c98-c7ed3576de5c<-9d88716d-5d6b-4fd8-b832-a110dc45ee66#0:FAIL-t163] and 0 exception(s); 5c3956af-60d3-411f-8c98-c7ed3576de5c@group-EE856C9543A1:t163, leader=null, voted=5c3956af-60d3-411f-8c98-c7ed3576de5c, raftlog=5c3956af-60d3-411f-8c98-c7ed3576de5c@group-EE856C9543A1-SegmentedRaftLog:OPENED:c-1,f-1,i0, conf=-1: [5c3956af-60d3-411f-8c98-c7ed3576de5c:192.168.34.38:33787, efb933de-cdd8-4d8d-88d2-4c7ffe0dec1a:192.168.34.38:42459, 9d88716d-5d6b-4fd8-b832-a110dc45ee66:192.168.34.38:38211], old=null
2019-10-16 21:53:12,187 [5c3956af-60d3-411f-8c98-c7ed3576de5c@group-EE856C9543A1-LeaderElection159] INFO  impl.RaftServerImpl (RaftServerImpl.java:setRole(184)) - 5c3956af-60d3-411f-8c98-c7ed3576de5c@group-EE856C9543A1: changes role from CANDIDATE to FOLLOWER at term 163 for DISCOVERED_A_NEW_TERM
2019-10-16 21:53:12,187 [5c3956af-60d3-411f-8c98-c7ed3576de5c@group-EE856C9543A1-LeaderElection159] INFO  impl.RoleInfo (RoleInfo.java:shutdownLeaderElection(134)) - 5c3956af-60d3-411f-8c98-c7ed3576de5c: shutdown LeaderElection
2019-10-16 21:53:12,187 [5c3956af-60d3-411f-8c98-c7ed3576de5c@group-EE856C9543A1-LeaderElection159] INFO  impl.RoleInfo (RoleInfo.java:updateAndGet(143)) - 5c3956af-60d3-411f-8c98-c7ed3576de5c: start FollowerState
2019-10-16 21:53:12,370 [Thread-1277] INFO  impl.FollowerState (FollowerState.java:run(108)) - 5c3956af-60d3-411f-8c98-c7ed3576de5c@group-EE856C9543A1-FollowerState: change to CANDIDATE, lastRpcTime:182ms, electionTimeout:182ms
2019-10-16 21:53:12,370 [Thread-1277] INFO  impl.RoleInfo (RoleInfo.java:shutdownFollowerState(121)) - 5c3956af-60d3-411f-8c98-c7ed3576de5c: shutdown FollowerState
2019-10-16 21:53:12,370 [Thread-1277] INFO  impl.RaftServerImpl (RaftServerImpl.java:setRole(184)) - 5c3956af-60d3-411f-8c98-c7ed3576de5c@group-EE856C9543A1: changes role from  FOLLOWER to CANDIDATE at term 163 for changeToCandidate
2019-10-16 21:53:12,370 [Thread-1277] INFO  impl.RoleInfo (RoleInfo.java:updateAndGet(143)) - 5c3956af-60d3-411f-8c98-c7ed3576de5c: start LeaderElection
2019-10-16 21:53:12,396 [5c3956af-60d3-411f-8c98-c7ed3576de5c@group-EE856C9543A1-LeaderElection160] INFO  impl.LeaderElection (LeaderElection.java:askForVotes(178)) - 5c3956af-60d3-411f-8c98-c7ed3576de5c@group-EE856C9543A1-LeaderElection160: begin an election at term 164 for -1: [5c3956af-60d3-411f-8c98-c7ed3576de5c:192.168.34.38:33787, efb933de-cdd8-4d8d-88d2-4c7ffe0dec1a:192.168.34.38:42459, 9d88716d-5d6b-4fd8-b832-a110dc45ee66:192.168.34.38:38211], old=null
2019-10-16 21:53:12,399 [grpc-default-executor-0] INFO  impl.RaftServerImpl (RaftServerImpl.java:setRole(184)) - 9d88716d-5d6b-4fd8-b832-a110dc45ee66@group-EE856C9543A1: changes role from  FOLLOWER to FOLLOWER at term 164 for recognizeCandidate:5c3956af-60d3-411f-8c98-c7ed3576de5c
2019-10-16 21:53:12,399 [grpc-default-executor-0] INFO  impl.RoleInfo (RoleInfo.java:shutdownFollowerState(121)) - 9d88716d-5d6b-4fd8-b832-a110dc45ee66: shutdown FollowerState
2019-10-16 21:53:12,399 [grpc-default-executor-0] INFO  impl.RoleInfo (RoleInfo.java:updateAndGet(143)) - 9d88716d-5d6b-4fd8-b832-a110dc45ee66: start FollowerState
2019-10-16 21:53:12,399 [Thread-1276] INFO  impl.FollowerState (FollowerState.java:run(117)) - 9d88716d-5d6b-4fd8-b832-a110dc45ee66@group-EE856C9543A1-FollowerState was interrupted: java.lang.InterruptedException: sleep interrupted
2019-10-16 21:53:12,399 [grpc-default-executor-1] INFO  impl.RaftServerImpl (RaftServerImpl.java:setRole(184)) - efb933de-cdd8-4d8d-88d2-4c7ffe0dec1a@group-EE856C9543A1: changes role from  FOLLOWER to FOLLOWER at term 164 for recognizeCandidate:5c3956af-60d3-411f-8c98-c7ed3576de5c
2019-10-16 21:53:12,399 [grpc-default-executor-1] INFO  impl.RoleInfo (RoleInfo.java:shutdownFollowerState(121)) - efb933de-cdd8-4d8d-88d2-4c7ffe0dec1a: shutdown FollowerState
2019-10-16 21:53:12,400 [grpc-default-executor-1] INFO  impl.RoleInfo (RoleInfo.java:updateAndGet(143)) - efb933de-cdd8-4d8d-88d2-4c7ffe0dec1a: start FollowerState
2019-10-16 21:53:12,400 [Thread-1275] INFO  impl.FollowerState (FollowerState.java:run(117)) - efb933de-cdd8-4d8d-88d2-4c7ffe0dec1a@group-EE856C9543A1-FollowerState was interrupted: java.lang.InterruptedException: sleep interrupted
2019-10-16 21:53:12,405 [JUnit] INFO  ozone.MiniOzoneClusterImpl (MiniOzoneClusterImpl.java:lambda$waitForClusterToBeReady$2(164)) - Waiting for 1 number of pipelines out of 6, to report a leader.
2019-10-16 21:53:12,413 [5c3956af-60d3-411f-8c98-c7ed3576de5c@group-EE856C9543A1-LeaderElection160] INFO  impl.LeaderElection (LeaderElection.java:logAndReturn(56)) - 5c3956af-60d3-411f-8c98-c7ed3576de5c@group-EE856C9543A1-LeaderElection160: Election REJECTED; received 2 response(s) [5c3956af-60d3-411f-8c98-c7ed3576de5c<-efb933de-cdd8-4d8d-88d2-4c7ffe0dec1a#0:FAIL-t164, 5c3956af-60d3-411f-8c98-c7ed3576de5c<-9d88716d-5d6b-4fd8-b832-a110dc45ee66#0:FAIL-t164] and 0 exception(s); 5c3956af-60d3-411f-8c98-c7ed3576de5c@group-EE856C9543A1:t164, leader=null, voted=5c3956af-60d3-411f-8c98-c7ed3576de5c, raftlog=5c3956af-60d3-411f-8c98-c7ed3576de5c@group-EE856C9543A1-SegmentedRaftLog:OPENED:c-1,f-1,i0, conf=-1: [5c3956af-60d3-411f-8c98-c7ed3576de5c:192.168.34.38:33787, efb933de-cdd8-4d8d-88d2-4c7ffe0dec1a:192.168.34.38:42459, 9d88716d-5d6b-4fd8-b832-a110dc45ee66:192.168.34.38:38211], old=null
2019-10-16 21:53:12,413 [5c3956af-60d3-411f-8c98-c7ed3576de5c@group-EE856C9543A1-LeaderElection160] INFO  impl.RaftServerImpl (RaftServerImpl.java:setRole(184)) - 5c3956af-60d3-411f-8c98-c7ed3576de5c@group-EE856C9543A1: changes role from CANDIDATE to FOLLOWER at term 164 for DISCOVERED_A_NEW_TERM
2019-10-16 21:53:12,413 [5c3956af-60d3-411f-8c98-c7ed3576de5c@group-EE856C9543A1-LeaderElection160] INFO  impl.RoleInfo (RoleInfo.java:shutdownLeaderElection(134)) - 5c3956af-60d3-411f-8c98-c7ed3576de5c: shutdown LeaderElection
2019-10-16 21:53:12,413 [5c3956af-60d3-411f-8c98-c7ed3576de5c@group-EE856C9543A1-LeaderElection160] INFO  impl.RoleInfo (RoleInfo.java:updateAndGet(143)) - 5c3956af-60d3-411f-8c98-c7ed3576de5c: start FollowerState
2019-10-16 21:53:12,534 [Thread-1283] INFO  impl.FollowerState (FollowerState.java:run(108)) - 5c3956af-60d3-411f-8c98-c7ed3576de5c@group-EE856C9543A1-FollowerState: change to CANDIDATE, lastRpcTime:120ms, electionTimeout:120ms
2019-10-16 21:53:12,534 [Thread-1283] INFO  impl.RoleInfo (RoleInfo.java:shutdownFollowerState(121)) - 5c3956af-60d3-411f-8c98-c7ed3576de5c: shutdown FollowerState
2019-10-16 21:53:12,534 [Thread-1283] INFO  impl.RaftServerImpl (RaftServerImpl.java:setRole(184)) - 5c3956af-60d3-411f-8c98-c7ed3576de5c@group-EE856C9543A1: changes role from  FOLLOWER to CANDIDATE at term 164 for changeToCandidate
2019-10-16 21:53:12,535 [Thread-1283] INFO  impl.RoleInfo (RoleInfo.java:updateAndGet(143)) - 5c3956af-60d3-411f-8c98-c7ed3576de5c: start LeaderElection
2019-10-16 21:53:12,547 [5c3956af-60d3-411f-8c98-c7ed3576de5c@group-EE856C9543A1-LeaderElection161] INFO  impl.LeaderElection (LeaderElection.java:askForVotes(178)) - 5c3956af-60d3-411f-8c98-c7ed3576de5c@group-EE856C9543A1-LeaderElection161: begin an election at term 165 for -1: [5c3956af-60d3-411f-8c98-c7ed3576de5c:192.168.34.38:33787, efb933de-cdd8-4d8d-88d2-4c7ffe0dec1a:192.168.34.38:42459, 9d88716d-5d6b-4fd8-b832-a110dc45ee66:192.168.34.38:38211], old=null
2019-10-16 21:53:12,550 [grpc-default-executor-1] INFO  impl.RaftServerImpl (RaftServerImpl.java:setRole(184)) - efb933de-cdd8-4d8d-88d2-4c7ffe0dec1a@group-EE856C9543A1: changes role from  FOLLOWER to FOLLOWER at term 165 for recognizeCandidate:5c3956af-60d3-411f-8c98-c7ed3576de5c
2019-10-16 21:53:12,550 [grpc-default-executor-1] INFO  impl.RoleInfo (RoleInfo.java:shutdownFollowerState(121)) - efb933de-cdd8-4d8d-88d2-4c7ffe0dec1a: shutdown FollowerState
2019-10-16 21:53:12,550 [grpc-default-executor-1] INFO  impl.RoleInfo (RoleInfo.java:updateAndGet(143)) - efb933de-cdd8-4d8d-88d2-4c7ffe0dec1a: start FollowerState
2019-10-16 21:53:12,550 [Thread-1282] INFO  impl.FollowerState (FollowerState.java:run(117)) - efb933de-cdd8-4d8d-88d2-4c7ffe0dec1a@group-EE856C9543A1-FollowerState was interrupted: java.lang.InterruptedException: sleep interrupted
2019-10-16 21:53:12,550 [grpc-default-executor-0] INFO  impl.RaftServerImpl (RaftServerImpl.java:setRole(184)) - 9d88716d-5d6b-4fd8-b832-a110dc45ee66@group-EE856C9543A1: changes role from  FOLLOWER to FOLLOWER at term 165 for recognizeCandidate:5c3956af-60d3-411f-8c98-c7ed3576de5c
2019-10-16 21:53:12,551 [grpc-default-executor-0] INFO  impl.RoleInfo (RoleInfo.java:shutdownFollowerState(121)) - 9d88716d-5d6b-4fd8-b832-a110dc45ee66: shutdown FollowerState
2019-10-16 21:53:12,551 [grpc-default-executor-0] INFO  impl.RoleInfo (RoleInfo.java:updateAndGet(143)) - 9d88716d-5d6b-4fd8-b832-a110dc45ee66: start FollowerState
2019-10-16 21:53:12,551 [Thread-1281] INFO  impl.FollowerState (FollowerState.java:run(117)) - 9d88716d-5d6b-4fd8-b832-a110dc45ee66@group-EE856C9543A1-FollowerState was interrupted: java.lang.InterruptedException: sleep interrupted
2019-10-16 21:53:12,564 [5c3956af-60d3-411f-8c98-c7ed3576de5c@group-EE856C9543A1-LeaderElection161] INFO  impl.LeaderElection (LeaderElection.java:logAndReturn(56)) - 5c3956af-60d3-411f-8c98-c7ed3576de5c@group-EE856C9543A1-LeaderElection161: Election REJECTED; received 2 response(s) [5c3956af-60d3-411f-8c98-c7ed3576de5c<-efb933de-cdd8-4d8d-88d2-4c7ffe0dec1a#0:FAIL-t165, 5c3956af-60d3-411f-8c98-c7ed3576de5c<-9d88716d-5d6b-4fd8-b832-a110dc45ee66#0:FAIL-t165] and 0 exception(s); 5c3956af-60d3-411f-8c98-c7ed3576de5c@group-EE856C9543A1:t165, leader=null, voted=5c3956af-60d3-411f-8c98-c7ed3576de5c, raftlog=5c3956af-60d3-411f-8c98-c7ed3576de5c@group-EE856C9543A1-SegmentedRaftLog:OPENED:c-1,f-1,i0, conf=-1: [5c3956af-60d3-411f-8c98-c7ed3576de5c:192.168.34.38:33787, efb933de-cdd8-4d8d-88d2-4c7ffe0dec1a:192.168.34.38:42459, 9d88716d-5d6b-4fd8-b832-a110dc45ee66:192.168.34.38:38211], old=null
2019-10-16 21:53:12,564 [5c3956af-60d3-411f-8c98-c7ed3576de5c@group-EE856C9543A1-LeaderElection161] INFO  impl.RaftServerImpl (RaftServerImpl.java:setRole(184)) - 5c3956af-60d3-411f-8c98-c7ed3576de5c@group-EE856C9543A1: changes role from CANDIDATE to FOLLOWER at term 165 for DISCOVERED_A_NEW_TERM
2019-10-16 21:53:12,564 [5c3956af-60d3-411f-8c98-c7ed3576de5c@group-EE856C9543A1-LeaderElection161] INFO  impl.RoleInfo (RoleInfo.java:shutdownLeaderElection(134)) - 5c3956af-60d3-411f-8c98-c7ed3576de5c: shutdown LeaderElection
2019-10-16 21:53:12,564 [5c3956af-60d3-411f-8c98-c7ed3576de5c@group-EE856C9543A1-LeaderElection161] INFO  impl.RoleInfo (RoleInfo.java:updateAndGet(143)) - 5c3956af-60d3-411f-8c98-c7ed3576de5c: start FollowerState
2019-10-16 21:53:12,615 [Thread-1289] INFO  impl.FollowerState (FollowerState.java:run(108)) - 5c3956af-60d3-411f-8c98-c7ed3576de5c@group-EE856C9543A1-FollowerState: change to CANDIDATE, lastRpcTime:51ms, electionTimeout:51ms
2019-10-16 21:53:12,616 [Thread-1289] INFO  impl.RoleInfo (RoleInfo.java:shutdownFollowerState(121)) - 5c3956af-60d3-411f-8c98-c7ed3576de5c: shutdown FollowerState
2019-10-16 21:53:12,616 [Thread-1289] INFO  impl.RaftServerImpl (RaftServerImpl.java:setRole(184)) - 5c3956af-60d3-411f-8c98-c7ed3576de5c@group-EE856C9543A1: changes role from  FOLLOWER to CANDIDATE at term 165 for changeToCandidate
2019-10-16 21:53:12,616 [Thread-1289] INFO  impl.RoleInfo (RoleInfo.java:updateAndGet(143)) - 5c3956af-60d3-411f-8c98-c7ed3576de5c: start LeaderElection
2019-10-16 21:53:12,629 [5c3956af-60d3-411f-8c98-c7ed3576de5c@group-EE856C9543A1-LeaderElection162] INFO  impl.LeaderElection (LeaderElection.java:askForVotes(178)) - 5c3956af-60d3-411f-8c98-c7ed3576de5c@group-EE856C9543A1-LeaderElection162: begin an election at term 166 for -1: [5c3956af-60d3-411f-8c98-c7ed3576de5c:192.168.34.38:33787, efb933de-cdd8-4d8d-88d2-4c7ffe0dec1a:192.168.34.38:42459, 9d88716d-5d6b-4fd8-b832-a110dc45ee66:192.168.34.38:38211], old=null
2019-10-16 21:53:12,631 [grpc-default-executor-1] INFO  impl.RaftServerImpl (RaftServerImpl.java:setRole(184)) - efb933de-cdd8-4d8d-88d2-4c7ffe0dec1a@group-EE856C9543A1: changes role from  FOLLOWER to FOLLOWER at term 166 for recognizeCandidate:5c3956af-60d3-411f-8c98-c7ed3576de5c
2019-10-16 21:53:12,631 [grpc-default-executor-0] INFO  impl.RaftServerImpl (RaftServerImpl.java:setRole(184)) - 9d88716d-5d6b-4fd8-b832-a110dc45ee66@group-EE856C9543A1: changes role from  FOLLOWER to FOLLOWER at term 166 for recognizeCandidate:5c3956af-60d3-411f-8c98-c7ed3576de5c
2019-10-16 21:53:12,631 [grpc-default-executor-1] INFO  impl.RoleInfo (RoleInfo.java:shutdownFollowerState(121)) - efb933de-cdd8-4d8d-88d2-4c7ffe0dec1a: shutdown FollowerState
2019-10-16 21:53:12,631 [grpc-default-executor-0] INFO  impl.RoleInfo (RoleInfo.java:shutdownFollowerState(121)) - 9d88716d-5d6b-4fd8-b832-a110dc45ee66: shutdown FollowerState
2019-10-16 21:53:12,631 [grpc-default-executor-1] INFO  impl.RoleInfo (RoleInfo.java:updateAndGet(143)) - efb933de-cdd8-4d8d-88d2-4c7ffe0dec1a: start FollowerState
2019-10-16 21:53:12,632 [Thread-1288] INFO  impl.FollowerState (FollowerState.java:run(117)) - 9d88716d-5d6b-4fd8-b832-a110dc45ee66@group-EE856C9543A1-FollowerState was interrupted: java.lang.InterruptedException: sleep interrupted
2019-10-16 21:53:12,632 [Thread-1287] INFO  impl.FollowerState (FollowerState.java:run(117)) - efb933de-cdd8-4d8d-88d2-4c7ffe0dec1a@group-EE856C9543A1-FollowerState was interrupted: java.lang.InterruptedException: sleep interrupted
2019-10-16 21:53:12,631 [grpc-default-executor-0] INFO  impl.RoleInfo (RoleInfo.java:updateAndGet(143)) - 9d88716d-5d6b-4fd8-b832-a110dc45ee66: start FollowerState
2019-10-16 21:53:12,651 [5c3956af-60d3-411f-8c98-c7ed3576de5c@group-EE856C9543A1-LeaderElection162] INFO  impl.LeaderElection (LeaderElection.java:logAndReturn(56)) - 5c3956af-60d3-411f-8c98-c7ed3576de5c@group-EE856C9543A1-LeaderElection162: Election REJECTED; received 2 response(s) [5c3956af-60d3-411f-8c98-c7ed3576de5c<-efb933de-cdd8-4d8d-88d2-4c7ffe0dec1a#0:FAIL-t166, 5c3956af-60d3-411f-8c98-c7ed3576de5c<-9d88716d-5d6b-4fd8-b832-a110dc45ee66#0:FAIL-t166] and 0 exception(s); 5c3956af-60d3-411f-8c98-c7ed3576de5c@group-EE856C9543A1:t166, leader=null, voted=5c3956af-60d3-411f-8c98-c7ed3576de5c, raftlog=5c3956af-60d3-411f-8c98-c7ed3576de5c@group-EE856C9543A1-SegmentedRaftLog:OPENED:c-1,f-1,i0, conf=-1: [5c3956af-60d3-411f-8c98-c7ed3576de5c:192.168.34.38:33787, efb933de-cdd8-4d8d-88d2-4c7ffe0dec1a:192.168.34.38:42459, 9d88716d-5d6b-4fd8-b832-a110dc45ee66:192.168.34.38:38211], old=null
2019-10-16 21:53:12,651 [5c3956af-60d3-411f-8c98-c7ed3576de5c@group-EE856C9543A1-LeaderElection162] INFO  impl.RaftServerImpl (RaftServerImpl.java:setRole(184)) - 5c3956af-60d3-411f-8c98-c7ed3576de5c@group-EE856C9543A1: changes role from CANDIDATE to FOLLOWER at term 166 for DISCOVERED_A_NEW_TERM
2019-10-16 21:53:12,651 [5c3956af-60d3-411f-8c98-c7ed3576de5c@group-EE856C9543A1-LeaderElection162] INFO  impl.RoleInfo (RoleInfo.java:shutdownLeaderElection(134)) - 5c3956af-60d3-411f-8c98-c7ed3576de5c: shutdown LeaderElection
2019-10-16 21:53:12,651 [5c3956af-60d3-411f-8c98-c7ed3576de5c@group-EE856C9543A1-LeaderElection162] INFO  impl.RoleInfo (RoleInfo.java:updateAndGet(143)) - 5c3956af-60d3-411f-8c98-c7ed3576de5c: start FollowerState
2019-10-16 21:53:12,722 [Thread-1295] INFO  impl.FollowerState (FollowerState.java:run(108)) - 5c3956af-60d3-411f-8c98-c7ed3576de5c@group-EE856C9543A1-FollowerState: change to CANDIDATE, lastRpcTime:71ms, electionTimeout:71ms
2019-10-16 21:53:12,723 [Thread-1295] INFO  impl.RoleInfo (RoleInfo.java:shutdownFollowerState(121)) - 5c3956af-60d3-411f-8c98-c7ed3576de5c: shutdown FollowerState
2019-10-16 21:53:12,723 [Thread-1295] INFO  impl.RaftServerImpl (RaftServerImpl.java:setRole(184)) - 5c3956af-60d3-411f-8c98-c7ed3576de5c@group-EE856C9543A1: changes role from  FOLLOWER to CANDIDATE at term 166 for changeToCandidate
2019-10-16 21:53:12,723 [Thread-1295] INFO  impl.RoleInfo (RoleInfo.java:updateAndGet(143)) - 5c3956af-60d3-411f-8c98-c7ed3576de5c: start LeaderElection
2019-10-16 21:53:12,745 [5c3956af-60d3-411f-8c98-c7ed3576de5c@group-EE856C9543A1-LeaderElection163] INFO  impl.LeaderElection (LeaderElection.java:askForVotes(178)) - 5c3956af-60d3-411f-8c98-c7ed3576de5c@group-EE856C9543A1-LeaderElection163: begin an election at term 167 for -1: [5c3956af-60d3-411f-8c98-c7ed3576de5c:192.168.34.38:33787, efb933de-cdd8-4d8d-88d2-4c7ffe0dec1a:192.168.34.38:42459, 9d88716d-5d6b-4fd8-b832-a110dc45ee66:192.168.34.38:38211], old=null
2019-10-16 21:53:12,748 [grpc-default-executor-0] INFO  impl.RaftServerImpl (RaftServerImpl.java:setRole(184)) - efb933de-cdd8-4d8d-88d2-4c7ffe0dec1a@group-EE856C9543A1: changes role from  FOLLOWER to FOLLOWER at term 167 for recognizeCandidate:5c3956af-60d3-411f-8c98-c7ed3576de5c
2019-10-16 21:53:12,748 [grpc-default-executor-1] INFO  impl.RaftServerImpl (RaftServerImpl.java:setRole(184)) - 9d88716d-5d6b-4fd8-b832-a110dc45ee66@group-EE856C9543A1: changes role from  FOLLOWER to FOLLOWER at term 167 for recognizeCandidate:5c3956af-60d3-411f-8c98-c7ed3576de5c
2019-10-16 21:53:12,749 [grpc-default-executor-1] INFO  impl.RoleInfo (RoleInfo.java:shutdownFollowerState(121)) - 9d88716d-5d6b-4fd8-b832-a110dc45ee66: shutdown FollowerState
2019-10-16 21:53:12,748 [grpc-default-executor-0] INFO  impl.RoleInfo (RoleInfo.java:shutdownFollowerState(121)) - efb933de-cdd8-4d8d-88d2-4c7ffe0dec1a: shutdown FollowerState
2019-10-16 21:53:12,749 [grpc-default-executor-1] INFO  impl.RoleInfo (RoleInfo.java:updateAndGet(143)) - 9d88716d-5d6b-4fd8-b832-a110dc45ee66: start FollowerState
2019-10-16 21:53:12,749 [Thread-1294] INFO  impl.FollowerState (FollowerState.java:run(117)) - 9d88716d-5d6b-4fd8-b832-a110dc45ee66@group-EE856C9543A1-FollowerState was interrupted: java.lang.InterruptedException: sleep interrupted
2019-10-16 21:53:12,749 [grpc-default-executor-0] INFO  impl.RoleInfo (RoleInfo.java:updateAndGet(143)) - efb933de-cdd8-4d8d-88d2-4c7ffe0dec1a: start FollowerState
2019-10-16 21:53:12,749 [Thread-1293] INFO  impl.FollowerState (FollowerState.java:run(117)) - efb933de-cdd8-4d8d-88d2-4c7ffe0dec1a@group-EE856C9543A1-FollowerState was interrupted: java.lang.InterruptedException: sleep interrupted
2019-10-16 21:53:12,759 [5c3956af-60d3-411f-8c98-c7ed3576de5c@group-EE856C9543A1-LeaderElection163] INFO  impl.LeaderElection (LeaderElection.java:logAndReturn(56)) - 5c3956af-60d3-411f-8c98-c7ed3576de5c@group-EE856C9543A1-LeaderElection163: Election TIMEOUT; received 0 response(s) [] and 0 exception(s); 5c3956af-60d3-411f-8c98-c7ed3576de5c@group-EE856C9543A1:t167, leader=null, voted=5c3956af-60d3-411f-8c98-c7ed3576de5c, raftlog=5c3956af-60d3-411f-8c98-c7ed3576de5c@group-EE856C9543A1-SegmentedRaftLog:OPENED:c-1,f-1,i0, conf=-1: [5c3956af-60d3-411f-8c98-c7ed3576de5c:192.168.34.38:33787, efb933de-cdd8-4d8d-88d2-4c7ffe0dec1a:192.168.34.38:42459, 9d88716d-5d6b-4fd8-b832-a110dc45ee66:192.168.34.38:38211], old=null
2019-10-16 21:53:12,763 [5c3956af-60d3-411f-8c98-c7ed3576de5c@group-EE856C9543A1-LeaderElection163] INFO  impl.LeaderElection (LeaderElection.java:askForVotes(178)) - 5c3956af-60d3-411f-8c98-c7ed3576de5c@group-EE856C9543A1-LeaderElection163: begin an election at term 168 for -1: [5c3956af-60d3-411f-8c98-c7ed3576de5c:192.168.34.38:33787, efb933de-cdd8-4d8d-88d2-4c7ffe0dec1a:192.168.34.38:42459, 9d88716d-5d6b-4fd8-b832-a110dc45ee66:192.168.34.38:38211], old=null
2019-10-16 21:53:12,765 [grpc-default-executor-1] INFO  impl.RaftServerImpl (RaftServerImpl.java:setRole(184)) - efb933de-cdd8-4d8d-88d2-4c7ffe0dec1a@group-EE856C9543A1: changes role from  FOLLOWER to FOLLOWER at term 168 for recognizeCandidate:5c3956af-60d3-411f-8c98-c7ed3576de5c
2019-10-16 21:53:12,765 [grpc-default-executor-0] INFO  impl.RaftServerImpl (RaftServerImpl.java:setRole(184)) - 9d88716d-5d6b-4fd8-b832-a110dc45ee66@group-EE856C9543A1: changes role from  FOLLOWER to FOLLOWER at term 168 for recognizeCandidate:5c3956af-60d3-411f-8c98-c7ed3576de5c
2019-10-16 21:53:12,765 [grpc-default-executor-1] INFO  impl.RoleInfo (RoleInfo.java:shutdownFollowerState(121)) - efb933de-cdd8-4d8d-88d2-4c7ffe0dec1a: shutdown FollowerState
2019-10-16 21:53:12,765 [grpc-default-executor-0] INFO  impl.RoleInfo (RoleInfo.java:shutdownFollowerState(121)) - 9d88716d-5d6b-4fd8-b832-a110dc45ee66: shutdown FollowerState
2019-10-16 21:53:12,765 [Thread-1300] INFO  impl.FollowerState (FollowerState.java:run(117)) - efb933de-cdd8-4d8d-88d2-4c7ffe0dec1a@group-EE856C9543A1-FollowerState was interrupted: java.lang.InterruptedException: sleep interrupted
2019-10-16 21:53:12,765 [grpc-default-executor-1] INFO  impl.RoleInfo (RoleInfo.java:updateAndGet(143)) - efb933de-cdd8-4d8d-88d2-4c7ffe0dec1a: start FollowerState
2019-10-16 21:53:12,765 [Thread-1299] INFO  impl.FollowerState (FollowerState.java:run(117)) - 9d88716d-5d6b-4fd8-b832-a110dc45ee66@group-EE856C9543A1-FollowerState was interrupted: java.lang.InterruptedException: sleep interrupted
2019-10-16 21:53:12,765 [grpc-default-executor-0] INFO  impl.RoleInfo (RoleInfo.java:updateAndGet(143)) - 9d88716d-5d6b-4fd8-b832-a110dc45ee66: start FollowerState
2019-10-16 21:53:12,780 [5c3956af-60d3-411f-8c98-c7ed3576de5c@group-EE856C9543A1-LeaderElection163] INFO  impl.LeaderElection (LeaderElection.java:logAndReturn(56)) - 5c3956af-60d3-411f-8c98-c7ed3576de5c@group-EE856C9543A1-LeaderElection163: Election REJECTED; received 2 response(s) [5c3956af-60d3-411f-8c98-c7ed3576de5c<-efb933de-cdd8-4d8d-88d2-4c7ffe0dec1a#0:FAIL-t168, 5c3956af-60d3-411f-8c98-c7ed3576de5c<-9d88716d-5d6b-4fd8-b832-a110dc45ee66#0:FAIL-t168] and 0 exception(s); 5c3956af-60d3-411f-8c98-c7ed3576de5c@group-EE856C9543A1:t168, leader=null, voted=5c3956af-60d3-411f-8c98-c7ed3576de5c, raftlog=5c3956af-60d3-411f-8c98-c7ed3576de5c@group-EE856C9543A1-SegmentedRaftLog:OPENED:c-1,f-1,i0, conf=-1: [5c3956af-60d3-411f-8c98-c7ed3576de5c:192.168.34.38:33787, efb933de-cdd8-4d8d-88d2-4c7ffe0dec1a:192.168.34.38:42459, 9d88716d-5d6b-4fd8-b832-a110dc45ee66:192.168.34.38:38211], old=null
2019-10-16 21:53:12,780 [5c3956af-60d3-411f-8c98-c7ed3576de5c@group-EE856C9543A1-LeaderElection163] INFO  impl.RaftServerImpl (RaftServerImpl.java:setRole(184)) - 5c3956af-60d3-411f-8c98-c7ed3576de5c@group-EE856C9543A1: changes role from CANDIDATE to FOLLOWER at term 168 for DISCOVERED_A_NEW_TERM
2019-10-16 21:53:12,780 [5c3956af-60d3-411f-8c98-c7ed3576de5c@group-EE856C9543A1-LeaderElection163] INFO  impl.RoleInfo (RoleInfo.java:shutdownLeaderElection(134)) - 5c3956af-60d3-411f-8c98-c7ed3576de5c: shutdown LeaderElection
2019-10-16 21:53:12,780 [5c3956af-60d3-411f-8c98-c7ed3576de5c@group-EE856C9543A1-LeaderElection163] INFO  impl.RoleInfo (RoleInfo.java:updateAndGet(143)) - 5c3956af-60d3-411f-8c98-c7ed3576de5c: start FollowerState
2019-10-16 21:53:12,943 [Thread-1305] INFO  impl.FollowerState (FollowerState.java:run(108)) - 5c3956af-60d3-411f-8c98-c7ed3576de5c@group-EE856C9543A1-FollowerState: change to CANDIDATE, lastRpcTime:162ms, electionTimeout:162ms
2019-10-16 21:53:12,943 [Thread-1305] INFO  impl.RoleInfo (RoleInfo.java:shutdownFollowerState(121)) - 5c3956af-60d3-411f-8c98-c7ed3576de5c: shutdown FollowerState
2019-10-16 21:53:12,943 [Thread-1305] INFO  impl.RaftServerImpl (RaftServerImpl.java:setRole(184)) - 5c3956af-60d3-411f-8c98-c7ed3576de5c@group-EE856C9543A1: changes role from  FOLLOWER to CANDIDATE at term 168 for changeToCandidate
2019-10-16 21:53:12,943 [Thread-1305] INFO  impl.RoleInfo (RoleInfo.java:updateAndGet(143)) - 5c3956af-60d3-411f-8c98-c7ed3576de5c: start LeaderElection
2019-10-16 21:53:13,007 [5c3956af-60d3-411f-8c98-c7ed3576de5c@group-EE856C9543A1-LeaderElection164] INFO  impl.LeaderElection (LeaderElection.java:askForVotes(178)) - 5c3956af-60d3-411f-8c98-c7ed3576de5c@group-EE856C9543A1-LeaderElection164: begin an election at term 169 for -1: [5c3956af-60d3-411f-8c98-c7ed3576de5c:192.168.34.38:33787, efb933de-cdd8-4d8d-88d2-4c7ffe0dec1a:192.168.34.38:42459, 9d88716d-5d6b-4fd8-b832-a110dc45ee66:192.168.34.38:38211], old=null
2019-10-16 21:53:13,010 [grpc-default-executor-0] INFO  impl.RaftServerImpl (RaftServerImpl.java:setRole(184)) - efb933de-cdd8-4d8d-88d2-4c7ffe0dec1a@group-EE856C9543A1: changes role from  FOLLOWER to FOLLOWER at term 169 for recognizeCandidate:5c3956af-60d3-411f-8c98-c7ed3576de5c
2019-10-16 21:53:13,010 [grpc-default-executor-0] INFO  impl.RoleInfo (RoleInfo.java:shutdownFollowerState(121)) - efb933de-cdd8-4d8d-88d2-4c7ffe0dec1a: shutdown FollowerState
2019-10-16 21:53:13,010 [grpc-default-executor-1] INFO  impl.RaftServerImpl (RaftServerImpl.java:setRole(184)) - 9d88716d-5d6b-4fd8-b832-a110dc45ee66@group-EE856C9543A1: changes role from  FOLLOWER to FOLLOWER at term 169 for recognizeCandidate:5c3956af-60d3-411f-8c98-c7ed3576de5c
2019-10-16 21:53:13,010 [grpc-default-executor-1] INFO  impl.RoleInfo (RoleInfo.java:shutdownFollowerState(121)) - 9d88716d-5d6b-4fd8-b832-a110dc45ee66: shutdown FollowerState
2019-10-16 21:53:13,010 [Thread-1303] INFO  impl.FollowerState (FollowerState.java:run(117)) - efb933de-cdd8-4d8d-88d2-4c7ffe0dec1a@group-EE856C9543A1-FollowerState was interrupted: java.lang.InterruptedException: sleep interrupted
2019-10-16 21:53:13,010 [grpc-default-executor-0] INFO  impl.RoleInfo (RoleInfo.java:updateAndGet(143)) - efb933de-cdd8-4d8d-88d2-4c7ffe0dec1a: start FollowerState
2019-10-16 21:53:13,011 [Thread-1304] INFO  impl.FollowerState (FollowerState.java:run(117)) - 9d88716d-5d6b-4fd8-b832-a110dc45ee66@group-EE856C9543A1-FollowerState was interrupted: java.lang.InterruptedException: sleep interrupted
2019-10-16 21:53:13,010 [grpc-default-executor-1] INFO  impl.RoleInfo (RoleInfo.java:updateAndGet(143)) - 9d88716d-5d6b-4fd8-b832-a110dc45ee66: start FollowerState
2019-10-16 21:53:13,038 [5c3956af-60d3-411f-8c98-c7ed3576de5c@group-EE856C9543A1-LeaderElection164] INFO  impl.LeaderElection (LeaderElection.java:logAndReturn(56)) - 5c3956af-60d3-411f-8c98-c7ed3576de5c@group-EE856C9543A1-LeaderElection164: Election REJECTED; received 2 response(s) [5c3956af-60d3-411f-8c98-c7ed3576de5c<-efb933de-cdd8-4d8d-88d2-4c7ffe0dec1a#0:FAIL-t169, 5c3956af-60d3-411f-8c98-c7ed3576de5c<-9d88716d-5d6b-4fd8-b832-a110dc45ee66#0:FAIL-t169] and 0 exception(s); 5c3956af-60d3-411f-8c98-c7ed3576de5c@group-EE856C9543A1:t169, leader=null, voted=5c3956af-60d3-411f-8c98-c7ed3576de5c, raftlog=5c3956af-60d3-411f-8c98-c7ed3576de5c@group-EE856C9543A1-SegmentedRaftLog:OPENED:c-1,f-1,i0, conf=-1: [5c3956af-60d3-411f-8c98-c7ed3576de5c:192.168.34.38:33787, efb933de-cdd8-4d8d-88d2-4c7ffe0dec1a:192.168.34.38:42459, 9d88716d-5d6b-4fd8-b832-a110dc45ee66:192.168.34.38:38211], old=null
2019-10-16 21:53:13,038 [5c3956af-60d3-411f-8c98-c7ed3576de5c@group-EE856C9543A1-LeaderElection164] INFO  impl.RaftServerImpl (RaftServerImpl.java:setRole(184)) - 5c3956af-60d3-411f-8c98-c7ed3576de5c@group-EE856C9543A1: changes role from CANDIDATE to FOLLOWER at term 169 for DISCOVERED_A_NEW_TERM
2019-10-16 21:53:13,038 [5c3956af-60d3-411f-8c98-c7ed3576de5c@group-EE856C9543A1-LeaderElection164] INFO  impl.RoleInfo (RoleInfo.java:shutdownLeaderElection(134)) - 5c3956af-60d3-411f-8c98-c7ed3576de5c: shutdown LeaderElection
2019-10-16 21:53:13,039 [5c3956af-60d3-411f-8c98-c7ed3576de5c@group-EE856C9543A1-LeaderElection164] INFO  impl.RoleInfo (RoleInfo.java:updateAndGet(143)) - 5c3956af-60d3-411f-8c98-c7ed3576de5c: start FollowerState
2019-10-16 21:53:13,153 [Thread-1311] INFO  impl.FollowerState (FollowerState.java:run(108)) - 5c3956af-60d3-411f-8c98-c7ed3576de5c@group-EE856C9543A1-FollowerState: change to CANDIDATE, lastRpcTime:114ms, electionTimeout:114ms
2019-10-16 21:53:13,153 [Thread-1311] INFO  impl.RoleInfo (RoleInfo.java:shutdownFollowerState(121)) - 5c3956af-60d3-411f-8c98-c7ed3576de5c: shutdown FollowerState
2019-10-16 21:53:13,153 [Thread-1311] INFO  impl.RaftServerImpl (RaftServerImpl.java:setRole(184)) - 5c3956af-60d3-411f-8c98-c7ed3576de5c@group-EE856C9543A1: changes role from  FOLLOWER to CANDIDATE at term 169 for changeToCandidate
2019-10-16 21:53:13,154 [Thread-1311] INFO  impl.RoleInfo (RoleInfo.java:updateAndGet(143)) - 5c3956af-60d3-411f-8c98-c7ed3576de5c: start LeaderElection
2019-10-16 21:53:13,167 [5c3956af-60d3-411f-8c98-c7ed3576de5c@group-EE856C9543A1-LeaderElection165] INFO  impl.LeaderElection (LeaderElection.java:askForVotes(178)) - 5c3956af-60d3-411f-8c98-c7ed3576de5c@group-EE856C9543A1-LeaderElection165: begin an election at term 170 for -1: [5c3956af-60d3-411f-8c98-c7ed3576de5c:192.168.34.38:33787, efb933de-cdd8-4d8d-88d2-4c7ffe0dec1a:192.168.34.38:42459, 9d88716d-5d6b-4fd8-b832-a110dc45ee66:192.168.34.38:38211], old=null
2019-10-16 21:53:13,170 [grpc-default-executor-1] INFO  impl.RaftServerImpl (RaftServerImpl.java:setRole(184)) - 9d88716d-5d6b-4fd8-b832-a110dc45ee66@group-EE856C9543A1: changes role from  FOLLOWER to FOLLOWER at term 170 for recognizeCandidate:5c3956af-60d3-411f-8c98-c7ed3576de5c
2019-10-16 21:53:13,170 [grpc-default-executor-1] INFO  impl.RoleInfo (RoleInfo.java:shutdownFollowerState(121)) - 9d88716d-5d6b-4fd8-b832-a110dc45ee66: shutdown FollowerState
2019-10-16 21:53:13,170 [grpc-default-executor-0] INFO  impl.RaftServerImpl (RaftServerImpl.java:setRole(184)) - efb933de-cdd8-4d8d-88d2-4c7ffe0dec1a@group-EE856C9543A1: changes role from  FOLLOWER to FOLLOWER at term 170 for recognizeCandidate:5c3956af-60d3-411f-8c98-c7ed3576de5c
2019-10-16 21:53:13,170 [Thread-1310] INFO  impl.FollowerState (FollowerState.java:run(117)) - 9d88716d-5d6b-4fd8-b832-a110dc45ee66@group-EE856C9543A1-FollowerState was interrupted: java.lang.InterruptedException: sleep interrupted
2019-10-16 21:53:13,170 [grpc-default-executor-1] INFO  impl.RoleInfo (RoleInfo.java:updateAndGet(143)) - 9d88716d-5d6b-4fd8-b832-a110dc45ee66: start FollowerState
2019-10-16 21:53:13,170 [grpc-default-executor-0] INFO  impl.RoleInfo (RoleInfo.java:shutdownFollowerState(121)) - efb933de-cdd8-4d8d-88d2-4c7ffe0dec1a: shutdown FollowerState
2019-10-16 21:53:13,171 [grpc-default-executor-0] INFO  impl.RoleInfo (RoleInfo.java:updateAndGet(143)) - efb933de-cdd8-4d8d-88d2-4c7ffe0dec1a: start FollowerState
2019-10-16 21:53:13,171 [Thread-1309] INFO  impl.FollowerState (FollowerState.java:run(117)) - efb933de-cdd8-4d8d-88d2-4c7ffe0dec1a@group-EE856C9543A1-FollowerState was interrupted: java.lang.InterruptedException: sleep interrupted
2019-10-16 21:53:13,188 [5c3956af-60d3-411f-8c98-c7ed3576de5c@group-EE856C9543A1-LeaderElection165] INFO  impl.LeaderElection (LeaderElection.java:logAndReturn(56)) - 5c3956af-60d3-411f-8c98-c7ed3576de5c@group-EE856C9543A1-LeaderElection165: Election REJECTED; received 2 response(s) [5c3956af-60d3-411f-8c98-c7ed3576de5c<-efb933de-cdd8-4d8d-88d2-4c7ffe0dec1a#0:FAIL-t170, 5c3956af-60d3-411f-8c98-c7ed3576de5c<-9d88716d-5d6b-4fd8-b832-a110dc45ee66#0:FAIL-t170] and 0 exception(s); 5c3956af-60d3-411f-8c98-c7ed3576de5c@group-EE856C9543A1:t170, leader=null, voted=5c3956af-60d3-411f-8c98-c7ed3576de5c, raftlog=5c3956af-60d3-411f-8c98-c7ed3576de5c@group-EE856C9543A1-SegmentedRaftLog:OPENED:c-1,f-1,i0, conf=-1: [5c3956af-60d3-411f-8c98-c7ed3576de5c:192.168.34.38:33787, efb933de-cdd8-4d8d-88d2-4c7ffe0dec1a:192.168.34.38:42459, 9d88716d-5d6b-4fd8-b832-a110dc45ee66:192.168.34.38:38211], old=null
2019-10-16 21:53:13,188 [5c3956af-60d3-411f-8c98-c7ed3576de5c@group-EE856C9543A1-LeaderElection165] INFO  impl.RaftServerImpl (RaftServerImpl.java:setRole(184)) - 5c3956af-60d3-411f-8c98-c7ed3576de5c@group-EE856C9543A1: changes role from CANDIDATE to FOLLOWER at term 170 for DISCOVERED_A_NEW_TERM
2019-10-16 21:53:13,188 [5c3956af-60d3-411f-8c98-c7ed3576de5c@group-EE856C9543A1-LeaderElection165] INFO  impl.RoleInfo (RoleInfo.java:shutdownLeaderElection(134)) - 5c3956af-60d3-411f-8c98-c7ed3576de5c: shutdown LeaderElection
2019-10-16 21:53:13,189 [5c3956af-60d3-411f-8c98-c7ed3576de5c@group-EE856C9543A1-LeaderElection165] INFO  impl.RoleInfo (RoleInfo.java:updateAndGet(143)) - 5c3956af-60d3-411f-8c98-c7ed3576de5c: start FollowerState
2019-10-16 21:53:13,265 [Thread-1317] INFO  impl.FollowerState (FollowerState.java:run(108)) - 5c3956af-60d3-411f-8c98-c7ed3576de5c@group-EE856C9543A1-FollowerState: change to CANDIDATE, lastRpcTime:76ms, electionTimeout:76ms
2019-10-16 21:53:13,265 [Thread-1317] INFO  impl.RoleInfo (RoleInfo.java:shutdownFollowerState(121)) - 5c3956af-60d3-411f-8c98-c7ed3576de5c: shutdown FollowerState
2019-10-16 21:53:13,265 [Thread-1317] INFO  impl.RaftServerImpl (RaftServerImpl.java:setRole(184)) - 5c3956af-60d3-411f-8c98-c7ed3576de5c@group-EE856C9543A1: changes role from  FOLLOWER to CANDIDATE at term 170 for changeToCandidate
2019-10-16 21:53:13,265 [Thread-1317] INFO  impl.RoleInfo (RoleInfo.java:updateAndGet(143)) - 5c3956af-60d3-411f-8c98-c7ed3576de5c: start LeaderElection
2019-10-16 21:53:13,279 [5c3956af-60d3-411f-8c98-c7ed3576de5c@group-EE856C9543A1-LeaderElection166] INFO  impl.LeaderElection (LeaderElection.java:askForVotes(178)) - 5c3956af-60d3-411f-8c98-c7ed3576de5c@group-EE856C9543A1-LeaderElection166: begin an election at term 171 for -1: [5c3956af-60d3-411f-8c98-c7ed3576de5c:192.168.34.38:33787, efb933de-cdd8-4d8d-88d2-4c7ffe0dec1a:192.168.34.38:42459, 9d88716d-5d6b-4fd8-b832-a110dc45ee66:192.168.34.38:38211], old=null
2019-10-16 21:53:13,281 [grpc-default-executor-1] INFO  impl.RaftServerImpl (RaftServerImpl.java:setRole(184)) - 9d88716d-5d6b-4fd8-b832-a110dc45ee66@group-EE856C9543A1: changes role from  FOLLOWER to FOLLOWER at term 171 for recognizeCandidate:5c3956af-60d3-411f-8c98-c7ed3576de5c
2019-10-16 21:53:13,281 [grpc-default-executor-0] INFO  impl.RaftServerImpl (RaftServerImpl.java:setRole(184)) - efb933de-cdd8-4d8d-88d2-4c7ffe0dec1a@group-EE856C9543A1: changes role from  FOLLOWER to FOLLOWER at term 171 for recognizeCandidate:5c3956af-60d3-411f-8c98-c7ed3576de5c
2019-10-16 21:53:13,281 [grpc-default-executor-1] INFO  impl.RoleInfo (RoleInfo.java:shutdownFollowerState(121)) - 9d88716d-5d6b-4fd8-b832-a110dc45ee66: shutdown FollowerState
2019-10-16 21:53:13,282 [grpc-default-executor-0] INFO  impl.RoleInfo (RoleInfo.java:shutdownFollowerState(121)) - efb933de-cdd8-4d8d-88d2-4c7ffe0dec1a: shutdown FollowerState
2019-10-16 21:53:13,282 [Thread-1315] INFO  impl.FollowerState (FollowerState.java:run(117)) - 9d88716d-5d6b-4fd8-b832-a110dc45ee66@group-EE856C9543A1-FollowerState was interrupted: java.lang.InterruptedException: sleep interrupted
2019-10-16 21:53:13,282 [grpc-default-executor-1] INFO  impl.RoleInfo (RoleInfo.java:updateAndGet(143)) - 9d88716d-5d6b-4fd8-b832-a110dc45ee66: start FollowerState
2019-10-16 21:53:13,282 [Thread-1316] INFO  impl.FollowerState (FollowerState.java:run(117)) - efb933de-cdd8-4d8d-88d2-4c7ffe0dec1a@group-EE856C9543A1-FollowerState was interrupted: java.lang.InterruptedException: sleep interrupted
2019-10-16 21:53:13,282 [grpc-default-executor-0] INFO  impl.RoleInfo (RoleInfo.java:updateAndGet(143)) - efb933de-cdd8-4d8d-88d2-4c7ffe0dec1a: start FollowerState
2019-10-16 21:53:13,297 [5c3956af-60d3-411f-8c98-c7ed3576de5c@group-EE856C9543A1-LeaderElection166] INFO  impl.LeaderElection (LeaderElection.java:logAndReturn(56)) - 5c3956af-60d3-411f-8c98-c7ed3576de5c@group-EE856C9543A1-LeaderElection166: Election REJECTED; received 2 response(s) [5c3956af-60d3-411f-8c98-c7ed3576de5c<-efb933de-cdd8-4d8d-88d2-4c7ffe0dec1a#0:FAIL-t171, 5c3956af-60d3-411f-8c98-c7ed3576de5c<-9d88716d-5d6b-4fd8-b832-a110dc45ee66#0:FAIL-t171] and 0 exception(s); 5c3956af-60d3-411f-8c98-c7ed3576de5c@group-EE856C9543A1:t171, leader=null, voted=5c3956af-60d3-411f-8c98-c7ed3576de5c, raftlog=5c3956af-60d3-411f-8c98-c7ed3576de5c@group-EE856C9543A1-SegmentedRaftLog:OPENED:c-1,f-1,i0, conf=-1: [5c3956af-60d3-411f-8c98-c7ed3576de5c:192.168.34.38:33787, efb933de-cdd8-4d8d-88d2-4c7ffe0dec1a:192.168.34.38:42459, 9d88716d-5d6b-4fd8-b832-a110dc45ee66:192.168.34.38:38211], old=null
2019-10-16 21:53:13,297 [5c3956af-60d3-411f-8c98-c7ed3576de5c@group-EE856C9543A1-LeaderElection166] INFO  impl.RaftServerImpl (RaftServerImpl.java:setRole(184)) - 5c3956af-60d3-411f-8c98-c7ed3576de5c@group-EE856C9543A1: changes role from CANDIDATE to FOLLOWER at term 171 for DISCOVERED_A_NEW_TERM
2019-10-16 21:53:13,297 [5c3956af-60d3-411f-8c98-c7ed3576de5c@group-EE856C9543A1-LeaderElection166] INFO  impl.RoleInfo (RoleInfo.java:shutdownLeaderElection(134)) - 5c3956af-60d3-411f-8c98-c7ed3576de5c: shutdown LeaderElection
2019-10-16 21:53:13,297 [5c3956af-60d3-411f-8c98-c7ed3576de5c@group-EE856C9543A1-LeaderElection166] INFO  impl.RoleInfo (RoleInfo.java:updateAndGet(143)) - 5c3956af-60d3-411f-8c98-c7ed3576de5c: start FollowerState
2019-10-16 21:53:13,314 [Thread-1323] INFO  impl.FollowerState (FollowerState.java:run(108)) - 5c3956af-60d3-411f-8c98-c7ed3576de5c@group-EE856C9543A1-FollowerState: change to CANDIDATE, lastRpcTime:16ms, electionTimeout:16ms
2019-10-16 21:53:13,314 [Thread-1323] INFO  impl.RoleInfo (RoleInfo.java:shutdownFollowerState(121)) - 5c3956af-60d3-411f-8c98-c7ed3576de5c: shutdown FollowerState
2019-10-16 21:53:13,314 [Thread-1323] INFO  impl.RaftServerImpl (RaftServerImpl.java:setRole(184)) - 5c3956af-60d3-411f-8c98-c7ed3576de5c@group-EE856C9543A1: changes role from  FOLLOWER to CANDIDATE at term 171 for changeToCandidate
2019-10-16 21:53:13,314 [Thread-1323] INFO  impl.RoleInfo (RoleInfo.java:updateAndGet(143)) - 5c3956af-60d3-411f-8c98-c7ed3576de5c: start LeaderElection
2019-10-16 21:53:13,327 [5c3956af-60d3-411f-8c98-c7ed3576de5c@group-EE856C9543A1-LeaderElection167] INFO  impl.LeaderElection (LeaderElection.java:askForVotes(178)) - 5c3956af-60d3-411f-8c98-c7ed3576de5c@group-EE856C9543A1-LeaderElection167: begin an election at term 172 for -1: [5c3956af-60d3-411f-8c98-c7ed3576de5c:192.168.34.38:33787, efb933de-cdd8-4d8d-88d2-4c7ffe0dec1a:192.168.34.38:42459, 9d88716d-5d6b-4fd8-b832-a110dc45ee66:192.168.34.38:38211], old=null
2019-10-16 21:53:13,329 [grpc-default-executor-1] INFO  impl.RaftServerImpl (RaftServerImpl.java:setRole(184)) - 9d88716d-5d6b-4fd8-b832-a110dc45ee66@group-EE856C9543A1: changes role from  FOLLOWER to FOLLOWER at term 172 for recognizeCandidate:5c3956af-60d3-411f-8c98-c7ed3576de5c
2019-10-16 21:53:13,330 [grpc-default-executor-1] INFO  impl.RoleInfo (RoleInfo.java:shutdownFollowerState(121)) - 9d88716d-5d6b-4fd8-b832-a110dc45ee66: shutdown FollowerState
2019-10-16 21:53:13,330 [grpc-default-executor-1] INFO  impl.RoleInfo (RoleInfo.java:updateAndGet(143)) - 9d88716d-5d6b-4fd8-b832-a110dc45ee66: start FollowerState
2019-10-16 21:53:13,330 [Thread-1321] INFO  impl.FollowerState (FollowerState.java:run(117)) - 9d88716d-5d6b-4fd8-b832-a110dc45ee66@group-EE856C9543A1-FollowerState was interrupted: java.lang.InterruptedException: sleep interrupted
2019-10-16 21:53:13,330 [grpc-default-executor-0] INFO  impl.RaftServerImpl (RaftServerImpl.java:setRole(184)) - efb933de-cdd8-4d8d-88d2-4c7ffe0dec1a@group-EE856C9543A1: changes role from  FOLLOWER to FOLLOWER at term 172 for recognizeCandidate:5c3956af-60d3-411f-8c98-c7ed3576de5c
2019-10-16 21:53:13,330 [grpc-default-executor-0] INFO  impl.RoleInfo (RoleInfo.java:shutdownFollowerState(121)) - efb933de-cdd8-4d8d-88d2-4c7ffe0dec1a: shutdown FollowerState
2019-10-16 21:53:13,330 [grpc-default-executor-0] INFO  impl.RoleInfo (RoleInfo.java:updateAndGet(143)) - efb933de-cdd8-4d8d-88d2-4c7ffe0dec1a: start FollowerState
2019-10-16 21:53:13,331 [Thread-1322] INFO  impl.FollowerState (FollowerState.java:run(117)) - efb933de-cdd8-4d8d-88d2-4c7ffe0dec1a@group-EE856C9543A1-FollowerState was interrupted: java.lang.InterruptedException: sleep interrupted
2019-10-16 21:53:13,345 [5c3956af-60d3-411f-8c98-c7ed3576de5c@group-EE856C9543A1-LeaderElection167] INFO  impl.LeaderElection (LeaderElection.java:logAndReturn(56)) - 5c3956af-60d3-411f-8c98-c7ed3576de5c@group-EE856C9543A1-LeaderElection167: Election REJECTED; received 2 response(s) [5c3956af-60d3-411f-8c98-c7ed3576de5c<-efb933de-cdd8-4d8d-88d2-4c7ffe0dec1a#0:FAIL-t172, 5c3956af-60d3-411f-8c98-c7ed3576de5c<-9d88716d-5d6b-4fd8-b832-a110dc45ee66#0:FAIL-t172] and 0 exception(s); 5c3956af-60d3-411f-8c98-c7ed3576de5c@group-EE856C9543A1:t172, leader=null, voted=5c3956af-60d3-411f-8c98-c7ed3576de5c, raftlog=5c3956af-60d3-411f-8c98-c7ed3576de5c@group-EE856C9543A1-SegmentedRaftLog:OPENED:c-1,f-1,i0, conf=-1: [5c3956af-60d3-411f-8c98-c7ed3576de5c:192.168.34.38:33787, efb933de-cdd8-4d8d-88d2-4c7ffe0dec1a:192.168.34.38:42459, 9d88716d-5d6b-4fd8-b832-a110dc45ee66:192.168.34.38:38211], old=null
2019-10-16 21:53:13,345 [5c3956af-60d3-411f-8c98-c7ed3576de5c@group-EE856C9543A1-LeaderElection167] INFO  impl.RaftServerImpl (RaftServerImpl.java:setRole(184)) - 5c3956af-60d3-411f-8c98-c7ed3576de5c@group-EE856C9543A1: changes role from CANDIDATE to FOLLOWER at term 172 for DISCOVERED_A_NEW_TERM
2019-10-16 21:53:13,345 [5c3956af-60d3-411f-8c98-c7ed3576de5c@group-EE856C9543A1-LeaderElection167] INFO  impl.RoleInfo (RoleInfo.java:shutdownLeaderElection(134)) - 5c3956af-60d3-411f-8c98-c7ed3576de5c: shutdown LeaderElection
2019-10-16 21:53:13,345 [5c3956af-60d3-411f-8c98-c7ed3576de5c@group-EE856C9543A1-LeaderElection167] INFO  impl.RoleInfo (RoleInfo.java:updateAndGet(143)) - 5c3956af-60d3-411f-8c98-c7ed3576de5c: start FollowerState
2019-10-16 21:53:13,405 [JUnit] INFO  ozone.MiniOzoneClusterImpl (MiniOzoneClusterImpl.java:lambda$waitForClusterToBeReady$2(164)) - Waiting for 1 number of pipelines out of 6, to report a leader.
2019-10-16 21:53:13,445 [Thread-1329] INFO  impl.FollowerState (FollowerState.java:run(108)) - 5c3956af-60d3-411f-8c98-c7ed3576de5c@group-EE856C9543A1-FollowerState: change to CANDIDATE, lastRpcTime:100ms, electionTimeout:100ms
2019-10-16 21:53:13,445 [Thread-1329] INFO  impl.RoleInfo (RoleInfo.java:shutdownFollowerState(121)) - 5c3956af-60d3-411f-8c98-c7ed3576de5c: shutdown FollowerState
2019-10-16 21:53:13,446 [Thread-1329] INFO  impl.RaftServerImpl (RaftServerImpl.java:setRole(184)) - 5c3956af-60d3-411f-8c98-c7ed3576de5c@group-EE856C9543A1: changes role from  FOLLOWER to CANDIDATE at term 172 for changeToCandidate
2019-10-16 21:53:13,446 [Thread-1329] INFO  impl.RoleInfo (RoleInfo.java:updateAndGet(143)) - 5c3956af-60d3-411f-8c98-c7ed3576de5c: start LeaderElection
2019-10-16 21:53:13,459 [5c3956af-60d3-411f-8c98-c7ed3576de5c@group-EE856C9543A1-LeaderElection168] INFO  impl.LeaderElection (LeaderElection.java:askForVotes(178)) - 5c3956af-60d3-411f-8c98-c7ed3576de5c@group-EE856C9543A1-LeaderElection168: begin an election at term 173 for -1: [5c3956af-60d3-411f-8c98-c7ed3576de5c:192.168.34.38:33787, efb933de-cdd8-4d8d-88d2-4c7ffe0dec1a:192.168.34.38:42459, 9d88716d-5d6b-4fd8-b832-a110dc45ee66:192.168.34.38:38211], old=null
2019-10-16 21:53:13,461 [grpc-default-executor-1] INFO  impl.RaftServerImpl (RaftServerImpl.java:setRole(184)) - 9d88716d-5d6b-4fd8-b832-a110dc45ee66@group-EE856C9543A1: changes role from  FOLLOWER to FOLLOWER at term 173 for recognizeCandidate:5c3956af-60d3-411f-8c98-c7ed3576de5c
2019-10-16 21:53:13,462 [grpc-default-executor-1] INFO  impl.RoleInfo (RoleInfo.java:shutdownFollowerState(121)) - 9d88716d-5d6b-4fd8-b832-a110dc45ee66: shutdown FollowerState
2019-10-16 21:53:13,462 [grpc-default-executor-0] INFO  impl.RaftServerImpl (RaftServerImpl.java:setRole(184)) - efb933de-cdd8-4d8d-88d2-4c7ffe0dec1a@group-EE856C9543A1: changes role from  FOLLOWER to FOLLOWER at term 173 for recognizeCandidate:5c3956af-60d3-411f-8c98-c7ed3576de5c
2019-10-16 21:53:13,462 [Thread-1327] INFO  impl.FollowerState (FollowerState.java:run(117)) - 9d88716d-5d6b-4fd8-b832-a110dc45ee66@group-EE856C9543A1-FollowerState was interrupted: java.lang.InterruptedException: sleep interrupted
2019-10-16 21:53:13,462 [grpc-default-executor-1] INFO  impl.RoleInfo (RoleInfo.java:updateAndGet(143)) - 9d88716d-5d6b-4fd8-b832-a110dc45ee66: start FollowerState
2019-10-16 21:53:13,462 [grpc-default-executor-0] INFO  impl.RoleInfo (RoleInfo.java:shutdownFollowerState(121)) - efb933de-cdd8-4d8d-88d2-4c7ffe0dec1a: shutdown FollowerState
2019-10-16 21:53:13,462 [grpc-default-executor-0] INFO  impl.RoleInfo (RoleInfo.java:updateAndGet(143)) - efb933de-cdd8-4d8d-88d2-4c7ffe0dec1a: start FollowerState
2019-10-16 21:53:13,463 [Thread-1328] INFO  impl.FollowerState (FollowerState.java:run(117)) - efb933de-cdd8-4d8d-88d2-4c7ffe0dec1a@group-EE856C9543A1-FollowerState was interrupted: java.lang.InterruptedException: sleep interrupted
2019-10-16 21:53:13,477 [5c3956af-60d3-411f-8c98-c7ed3576de5c@group-EE856C9543A1-LeaderElection168] INFO  impl.LeaderElection (LeaderElection.java:logAndReturn(56)) - 5c3956af-60d3-411f-8c98-c7ed3576de5c@group-EE856C9543A1-LeaderElection168: Election REJECTED; received 2 response(s) [5c3956af-60d3-411f-8c98-c7ed3576de5c<-efb933de-cdd8-4d8d-88d2-4c7ffe0dec1a#0:FAIL-t173, 5c3956af-60d3-411f-8c98-c7ed3576de5c<-9d88716d-5d6b-4fd8-b832-a110dc45ee66#0:FAIL-t173] and 0 exception(s); 5c3956af-60d3-411f-8c98-c7ed3576de5c@group-EE856C9543A1:t173, leader=null, voted=5c3956af-60d3-411f-8c98-c7ed3576de5c, raftlog=5c3956af-60d3-411f-8c98-c7ed3576de5c@group-EE856C9543A1-SegmentedRaftLog:OPENED:c-1,f-1,i0, conf=-1: [5c3956af-60d3-411f-8c98-c7ed3576de5c:192.168.34.38:33787, efb933de-cdd8-4d8d-88d2-4c7ffe0dec1a:192.168.34.38:42459, 9d88716d-5d6b-4fd8-b832-a110dc45ee66:192.168.34.38:38211], old=null
2019-10-16 21:53:13,477 [5c3956af-60d3-411f-8c98-c7ed3576de5c@group-EE856C9543A1-LeaderElection168] INFO  impl.RaftServerImpl (RaftServerImpl.java:setRole(184)) - 5c3956af-60d3-411f-8c98-c7ed3576de5c@group-EE856C9543A1: changes role from CANDIDATE to FOLLOWER at term 173 for DISCOVERED_A_NEW_TERM
2019-10-16 21:53:13,478 [5c3956af-60d3-411f-8c98-c7ed3576de5c@group-EE856C9543A1-LeaderElection168] INFO  impl.RoleInfo (RoleInfo.java:shutdownLeaderElection(134)) - 5c3956af-60d3-411f-8c98-c7ed3576de5c: shutdown LeaderElection
2019-10-16 21:53:13,478 [5c3956af-60d3-411f-8c98-c7ed3576de5c@group-EE856C9543A1-LeaderElection168] INFO  impl.RoleInfo (RoleInfo.java:updateAndGet(143)) - 5c3956af-60d3-411f-8c98-c7ed3576de5c: start FollowerState
2019-10-16 21:53:13,575 [Thread-1335] INFO  impl.FollowerState (FollowerState.java:run(108)) - 5c3956af-60d3-411f-8c98-c7ed3576de5c@group-EE856C9543A1-FollowerState: change to CANDIDATE, lastRpcTime:97ms, electionTimeout:97ms
2019-10-16 21:53:13,575 [Thread-1335] INFO  impl.RoleInfo (RoleInfo.java:shutdownFollowerState(121)) - 5c3956af-60d3-411f-8c98-c7ed3576de5c: shutdown FollowerState
2019-10-16 21:53:13,575 [Thread-1335] INFO  impl.RaftServerImpl (RaftServerImpl.java:setRole(184)) - 5c3956af-60d3-411f-8c98-c7ed3576de5c@group-EE856C9543A1: changes role from  FOLLOWER to CANDIDATE at term 173 for changeToCandidate
2019-10-16 21:53:13,576 [Thread-1335] INFO  impl.RoleInfo (RoleInfo.java:updateAndGet(143)) - 5c3956af-60d3-411f-8c98-c7ed3576de5c: start LeaderElection
2019-10-16 21:53:13,590 [5c3956af-60d3-411f-8c98-c7ed3576de5c@group-EE856C9543A1-LeaderElection169] INFO  impl.LeaderElection (LeaderElection.java:askForVotes(178)) - 5c3956af-60d3-411f-8c98-c7ed3576de5c@group-EE856C9543A1-LeaderElection169: begin an election at term 174 for -1: [5c3956af-60d3-411f-8c98-c7ed3576de5c:192.168.34.38:33787, efb933de-cdd8-4d8d-88d2-4c7ffe0dec1a:192.168.34.38:42459, 9d88716d-5d6b-4fd8-b832-a110dc45ee66:192.168.34.38:38211], old=null
2019-10-16 21:53:13,593 [grpc-default-executor-1] INFO  impl.RaftServerImpl (RaftServerImpl.java:setRole(184)) - 9d88716d-5d6b-4fd8-b832-a110dc45ee66@group-EE856C9543A1: changes role from  FOLLOWER to FOLLOWER at term 174 for recognizeCandidate:5c3956af-60d3-411f-8c98-c7ed3576de5c
2019-10-16 21:53:13,593 [grpc-default-executor-1] INFO  impl.RoleInfo (RoleInfo.java:shutdownFollowerState(121)) - 9d88716d-5d6b-4fd8-b832-a110dc45ee66: shutdown FollowerState
2019-10-16 21:53:13,593 [grpc-default-executor-0] INFO  impl.RaftServerImpl (RaftServerImpl.java:setRole(184)) - efb933de-cdd8-4d8d-88d2-4c7ffe0dec1a@group-EE856C9543A1: changes role from  FOLLOWER to FOLLOWER at term 174 for recognizeCandidate:5c3956af-60d3-411f-8c98-c7ed3576de5c
2019-10-16 21:53:13,593 [Thread-1333] INFO  impl.FollowerState (FollowerState.java:run(117)) - 9d88716d-5d6b-4fd8-b832-a110dc45ee66@group-EE856C9543A1-FollowerState was interrupted: java.lang.InterruptedException: sleep interrupted
2019-10-16 21:53:13,593 [grpc-default-executor-1] INFO  impl.RoleInfo (RoleInfo.java:updateAndGet(143)) - 9d88716d-5d6b-4fd8-b832-a110dc45ee66: start FollowerState
2019-10-16 21:53:13,593 [grpc-default-executor-0] INFO  impl.RoleInfo (RoleInfo.java:shutdownFollowerState(121)) - efb933de-cdd8-4d8d-88d2-4c7ffe0dec1a: shutdown FollowerState
2019-10-16 21:53:13,593 [grpc-default-executor-0] INFO  impl.RoleInfo (RoleInfo.java:updateAndGet(143)) - efb933de-cdd8-4d8d-88d2-4c7ffe0dec1a: start FollowerState
2019-10-16 21:53:13,593 [Thread-1334] INFO  impl.FollowerState (FollowerState.java:run(117)) - efb933de-cdd8-4d8d-88d2-4c7ffe0dec1a@group-EE856C9543A1-FollowerState was interrupted: java.lang.InterruptedException: sleep interrupted
2019-10-16 21:53:13,604 [5c3956af-60d3-411f-8c98-c7ed3576de5c@group-EE856C9543A1-LeaderElection169] INFO  impl.LeaderElection (LeaderElection.java:logAndReturn(56)) - 5c3956af-60d3-411f-8c98-c7ed3576de5c@group-EE856C9543A1-LeaderElection169: Election REJECTED; received 2 response(s) [5c3956af-60d3-411f-8c98-c7ed3576de5c<-efb933de-cdd8-4d8d-88d2-4c7ffe0dec1a#0:FAIL-t174, 5c3956af-60d3-411f-8c98-c7ed3576de5c<-9d88716d-5d6b-4fd8-b832-a110dc45ee66#0:FAIL-t174] and 0 exception(s); 5c3956af-60d3-411f-8c98-c7ed3576de5c@group-EE856C9543A1:t174, leader=null, voted=5c3956af-60d3-411f-8c98-c7ed3576de5c, raftlog=5c3956af-60d3-411f-8c98-c7ed3576de5c@group-EE856C9543A1-SegmentedRaftLog:OPENED:c-1,f-1,i0, conf=-1: [5c3956af-60d3-411f-8c98-c7ed3576de5c:192.168.34.38:33787, efb933de-cdd8-4d8d-88d2-4c7ffe0dec1a:192.168.34.38:42459, 9d88716d-5d6b-4fd8-b832-a110dc45ee66:192.168.34.38:38211], old=null
2019-10-16 21:53:13,605 [5c3956af-60d3-411f-8c98-c7ed3576de5c@group-EE856C9543A1-LeaderElection169] INFO  impl.RaftServerImpl (RaftServerImpl.java:setRole(184)) - 5c3956af-60d3-411f-8c98-c7ed3576de5c@group-EE856C9543A1: changes role from CANDIDATE to FOLLOWER at term 174 for DISCOVERED_A_NEW_TERM
2019-10-16 21:53:13,605 [5c3956af-60d3-411f-8c98-c7ed3576de5c@group-EE856C9543A1-LeaderElection169] INFO  impl.RoleInfo (RoleInfo.java:shutdownLeaderElection(134)) - 5c3956af-60d3-411f-8c98-c7ed3576de5c: shutdown LeaderElection
2019-10-16 21:53:13,605 [5c3956af-60d3-411f-8c98-c7ed3576de5c@group-EE856C9543A1-LeaderElection169] INFO  impl.RoleInfo (RoleInfo.java:updateAndGet(143)) - 5c3956af-60d3-411f-8c98-c7ed3576de5c: start FollowerState
2019-10-16 21:53:13,722 [Thread-1341] INFO  impl.FollowerState (FollowerState.java:run(108)) - 5c3956af-60d3-411f-8c98-c7ed3576de5c@group-EE856C9543A1-FollowerState: change to CANDIDATE, lastRpcTime:117ms, electionTimeout:117ms
2019-10-16 21:53:13,722 [Thread-1341] INFO  impl.RoleInfo (RoleInfo.java:shutdownFollowerState(121)) - 5c3956af-60d3-411f-8c98-c7ed3576de5c: shutdown FollowerState
2019-10-16 21:53:13,723 [Thread-1341] INFO  impl.RaftServerImpl (RaftServerImpl.java:setRole(184)) - 5c3956af-60d3-411f-8c98-c7ed3576de5c@group-EE856C9543A1: changes role from  FOLLOWER to CANDIDATE at term 174 for changeToCandidate
2019-10-16 21:53:13,723 [Thread-1341] INFO  impl.RoleInfo (RoleInfo.java:updateAndGet(143)) - 5c3956af-60d3-411f-8c98-c7ed3576de5c: start LeaderElection
2019-10-16 21:53:13,750 [5c3956af-60d3-411f-8c98-c7ed3576de5c@group-EE856C9543A1-LeaderElection170] INFO  impl.LeaderElection (LeaderElection.java:askForVotes(178)) - 5c3956af-60d3-411f-8c98-c7ed3576de5c@group-EE856C9543A1-LeaderElection170: begin an election at term 175 for -1: [5c3956af-60d3-411f-8c98-c7ed3576de5c:192.168.34.38:33787, efb933de-cdd8-4d8d-88d2-4c7ffe0dec1a:192.168.34.38:42459, 9d88716d-5d6b-4fd8-b832-a110dc45ee66:192.168.34.38:38211], old=null
2019-10-16 21:53:13,753 [grpc-default-executor-1] INFO  impl.RaftServerImpl (RaftServerImpl.java:setRole(184)) - efb933de-cdd8-4d8d-88d2-4c7ffe0dec1a@group-EE856C9543A1: changes role from  FOLLOWER to FOLLOWER at term 175 for recognizeCandidate:5c3956af-60d3-411f-8c98-c7ed3576de5c
2019-10-16 21:53:13,753 [grpc-default-executor-0] INFO  impl.RaftServerImpl (RaftServerImpl.java:setRole(184)) - 9d88716d-5d6b-4fd8-b832-a110dc45ee66@group-EE856C9543A1: changes role from  FOLLOWER to FOLLOWER at term 175 for recognizeCandidate:5c3956af-60d3-411f-8c98-c7ed3576de5c
2019-10-16 21:53:13,753 [grpc-default-executor-1] INFO  impl.RoleInfo (RoleInfo.java:shutdownFollowerState(121)) - efb933de-cdd8-4d8d-88d2-4c7ffe0dec1a: shutdown FollowerState
2019-10-16 21:53:13,753 [grpc-default-executor-0] INFO  impl.RoleInfo (RoleInfo.java:shutdownFollowerState(121)) - 9d88716d-5d6b-4fd8-b832-a110dc45ee66: shutdown FollowerState
2019-10-16 21:53:13,753 [grpc-default-executor-1] INFO  impl.RoleInfo (RoleInfo.java:updateAndGet(143)) - efb933de-cdd8-4d8d-88d2-4c7ffe0dec1a: start FollowerState
2019-10-16 21:53:13,754 [grpc-default-executor-0] INFO  impl.RoleInfo (RoleInfo.java:updateAndGet(143)) - 9d88716d-5d6b-4fd8-b832-a110dc45ee66: start FollowerState
2019-10-16 21:53:13,754 [Thread-1340] INFO  impl.FollowerState (FollowerState.java:run(117)) - efb933de-cdd8-4d8d-88d2-4c7ffe0dec1a@group-EE856C9543A1-FollowerState was interrupted: java.lang.InterruptedException: sleep interrupted
2019-10-16 21:53:13,754 [Thread-1339] INFO  impl.FollowerState (FollowerState.java:run(117)) - 9d88716d-5d6b-4fd8-b832-a110dc45ee66@group-EE856C9543A1-FollowerState was interrupted: java.lang.InterruptedException: sleep interrupted
2019-10-16 21:53:13,782 [5c3956af-60d3-411f-8c98-c7ed3576de5c@group-EE856C9543A1-LeaderElection170] INFO  impl.LeaderElection (LeaderElection.java:logAndReturn(56)) - 5c3956af-60d3-411f-8c98-c7ed3576de5c@group-EE856C9543A1-LeaderElection170: Election REJECTED; received 2 response(s) [5c3956af-60d3-411f-8c98-c7ed3576de5c<-efb933de-cdd8-4d8d-88d2-4c7ffe0dec1a#0:FAIL-t175, 5c3956af-60d3-411f-8c98-c7ed3576de5c<-9d88716d-5d6b-4fd8-b832-a110dc45ee66#0:FAIL-t175] and 0 exception(s); 5c3956af-60d3-411f-8c98-c7ed3576de5c@group-EE856C9543A1:t175, leader=null, voted=5c3956af-60d3-411f-8c98-c7ed3576de5c, raftlog=5c3956af-60d3-411f-8c98-c7ed3576de5c@group-EE856C9543A1-SegmentedRaftLog:OPENED:c-1,f-1,i0, conf=-1: [5c3956af-60d3-411f-8c98-c7ed3576de5c:192.168.34.38:33787, efb933de-cdd8-4d8d-88d2-4c7ffe0dec1a:192.168.34.38:42459, 9d88716d-5d6b-4fd8-b832-a110dc45ee66:192.168.34.38:38211], old=null
2019-10-16 21:53:13,782 [5c3956af-60d3-411f-8c98-c7ed3576de5c@group-EE856C9543A1-LeaderElection170] INFO  impl.RaftServerImpl (RaftServerImpl.java:setRole(184)) - 5c3956af-60d3-411f-8c98-c7ed3576de5c@group-EE856C9543A1: changes role from CANDIDATE to FOLLOWER at term 175 for DISCOVERED_A_NEW_TERM
2019-10-16 21:53:13,782 [5c3956af-60d3-411f-8c98-c7ed3576de5c@group-EE856C9543A1-LeaderElection170] INFO  impl.RoleInfo (RoleInfo.java:shutdownLeaderElection(134)) - 5c3956af-60d3-411f-8c98-c7ed3576de5c: shutdown LeaderElection
2019-10-16 21:53:13,783 [5c3956af-60d3-411f-8c98-c7ed3576de5c@group-EE856C9543A1-LeaderElection170] INFO  impl.RoleInfo (RoleInfo.java:updateAndGet(143)) - 5c3956af-60d3-411f-8c98-c7ed3576de5c: start FollowerState
2019-10-16 21:53:13,887 [Thread-1347] INFO  impl.FollowerState (FollowerState.java:run(108)) - 5c3956af-60d3-411f-8c98-c7ed3576de5c@group-EE856C9543A1-FollowerState: change to CANDIDATE, lastRpcTime:104ms, electionTimeout:104ms
2019-10-16 21:53:13,887 [Thread-1347] INFO  impl.RoleInfo (RoleInfo.java:shutdownFollowerState(121)) - 5c3956af-60d3-411f-8c98-c7ed3576de5c: shutdown FollowerState
2019-10-16 21:53:13,887 [Thread-1347] INFO  impl.RaftServerImpl (RaftServerImpl.java:setRole(184)) - 5c3956af-60d3-411f-8c98-c7ed3576de5c@group-EE856C9543A1: changes role from  FOLLOWER to CANDIDATE at term 175 for changeToCandidate
2019-10-16 21:53:13,888 [Thread-1347] INFO  impl.RoleInfo (RoleInfo.java:updateAndGet(143)) - 5c3956af-60d3-411f-8c98-c7ed3576de5c: start LeaderElection
2019-10-16 21:53:13,901 [5c3956af-60d3-411f-8c98-c7ed3576de5c@group-EE856C9543A1-LeaderElection171] INFO  impl.LeaderElection (LeaderElection.java:askForVotes(178)) - 5c3956af-60d3-411f-8c98-c7ed3576de5c@group-EE856C9543A1-LeaderElection171: begin an election at term 176 for -1: [5c3956af-60d3-411f-8c98-c7ed3576de5c:192.168.34.38:33787, efb933de-cdd8-4d8d-88d2-4c7ffe0dec1a:192.168.34.38:42459, 9d88716d-5d6b-4fd8-b832-a110dc45ee66:192.168.34.38:38211], old=null
2019-10-16 21:53:13,904 [grpc-default-executor-0] INFO  impl.RaftServerImpl (RaftServerImpl.java:setRole(184)) - 9d88716d-5d6b-4fd8-b832-a110dc45ee66@group-EE856C9543A1: changes role from  FOLLOWER to FOLLOWER at term 176 for recognizeCandidate:5c3956af-60d3-411f-8c98-c7ed3576de5c
2019-10-16 21:53:13,904 [grpc-default-executor-1] INFO  impl.RaftServerImpl (RaftServerImpl.java:setRole(184)) - efb933de-cdd8-4d8d-88d2-4c7ffe0dec1a@group-EE856C9543A1: changes role from  FOLLOWER to FOLLOWER at term 176 for recognizeCandidate:5c3956af-60d3-411f-8c98-c7ed3576de5c
2019-10-16 21:53:13,904 [grpc-default-executor-0] INFO  impl.RoleInfo (RoleInfo.java:shutdownFollowerState(121)) - 9d88716d-5d6b-4fd8-b832-a110dc45ee66: shutdown FollowerState
2019-10-16 21:53:13,904 [grpc-default-executor-1] INFO  impl.RoleInfo (RoleInfo.java:shutdownFollowerState(121)) - efb933de-cdd8-4d8d-88d2-4c7ffe0dec1a: shutdown FollowerState
2019-10-16 21:53:13,904 [Thread-1346] INFO  impl.FollowerState (FollowerState.java:run(117)) - 9d88716d-5d6b-4fd8-b832-a110dc45ee66@group-EE856C9543A1-FollowerState was interrupted: java.lang.InterruptedException: sleep interrupted
2019-10-16 21:53:13,904 [grpc-default-executor-0] INFO  impl.RoleInfo (RoleInfo.java:updateAndGet(143)) - 9d88716d-5d6b-4fd8-b832-a110dc45ee66: start FollowerState
2019-10-16 21:53:13,905 [Thread-1345] INFO  impl.FollowerState (FollowerState.java:run(117)) - efb933de-cdd8-4d8d-88d2-4c7ffe0dec1a@group-EE856C9543A1-FollowerState was interrupted: java.lang.InterruptedException: sleep interrupted
2019-10-16 21:53:13,904 [grpc-default-executor-1] INFO  impl.RoleInfo (RoleInfo.java:updateAndGet(143)) - efb933de-cdd8-4d8d-88d2-4c7ffe0dec1a: start FollowerState
2019-10-16 21:53:13,919 [5c3956af-60d3-411f-8c98-c7ed3576de5c@group-EE856C9543A1-LeaderElection171] INFO  impl.LeaderElection (LeaderElection.java:logAndReturn(56)) - 5c3956af-60d3-411f-8c98-c7ed3576de5c@group-EE856C9543A1-LeaderElection171: Election REJECTED; received 2 response(s) [5c3956af-60d3-411f-8c98-c7ed3576de5c<-efb933de-cdd8-4d8d-88d2-4c7ffe0dec1a#0:FAIL-t176, 5c3956af-60d3-411f-8c98-c7ed3576de5c<-9d88716d-5d6b-4fd8-b832-a110dc45ee66#0:FAIL-t176] and 0 exception(s); 5c3956af-60d3-411f-8c98-c7ed3576de5c@group-EE856C9543A1:t176, leader=null, voted=5c3956af-60d3-411f-8c98-c7ed3576de5c, raftlog=5c3956af-60d3-411f-8c98-c7ed3576de5c@group-EE856C9543A1-SegmentedRaftLog:OPENED:c-1,f-1,i0, conf=-1: [5c3956af-60d3-411f-8c98-c7ed3576de5c:192.168.34.38:33787, efb933de-cdd8-4d8d-88d2-4c7ffe0dec1a:192.168.34.38:42459, 9d88716d-5d6b-4fd8-b832-a110dc45ee66:192.168.34.38:38211], old=null
2019-10-16 21:53:13,919 [5c3956af-60d3-411f-8c98-c7ed3576de5c@group-EE856C9543A1-LeaderElection171] INFO  impl.RaftServerImpl (RaftServerImpl.java:setRole(184)) - 5c3956af-60d3-411f-8c98-c7ed3576de5c@group-EE856C9543A1: changes role from CANDIDATE to FOLLOWER at term 176 for DISCOVERED_A_NEW_TERM
2019-10-16 21:53:13,920 [5c3956af-60d3-411f-8c98-c7ed3576de5c@group-EE856C9543A1-LeaderElection171] INFO  impl.RoleInfo (RoleInfo.java:shutdownLeaderElection(134)) - 5c3956af-60d3-411f-8c98-c7ed3576de5c: shutdown LeaderElection
2019-10-16 21:53:13,920 [5c3956af-60d3-411f-8c98-c7ed3576de5c@group-EE856C9543A1-LeaderElection171] INFO  impl.RoleInfo (RoleInfo.java:updateAndGet(143)) - 5c3956af-60d3-411f-8c98-c7ed3576de5c: start FollowerState
2019-10-16 21:53:13,938 [Thread-1353] INFO  impl.FollowerState (FollowerState.java:run(108)) - 5c3956af-60d3-411f-8c98-c7ed3576de5c@group-EE856C9543A1-FollowerState: change to CANDIDATE, lastRpcTime:18ms, electionTimeout:18ms
2019-10-16 21:53:13,938 [Thread-1353] INFO  impl.RoleInfo (RoleInfo.java:shutdownFollowerState(121)) - 5c3956af-60d3-411f-8c98-c7ed3576de5c: shutdown FollowerState
2019-10-16 21:53:13,938 [Thread-1353] INFO  impl.RaftServerImpl (RaftServerImpl.java:setRole(184)) - 5c3956af-60d3-411f-8c98-c7ed3576de5c@group-EE856C9543A1: changes role from  FOLLOWER to CANDIDATE at term 176 for changeToCandidate
2019-10-16 21:53:13,938 [Thread-1353] INFO  impl.RoleInfo (RoleInfo.java:updateAndGet(143)) - 5c3956af-60d3-411f-8c98-c7ed3576de5c: start LeaderElection
2019-10-16 21:53:13,952 [5c3956af-60d3-411f-8c98-c7ed3576de5c@group-EE856C9543A1-LeaderElection172] INFO  impl.LeaderElection (LeaderElection.java:askForVotes(178)) - 5c3956af-60d3-411f-8c98-c7ed3576de5c@group-EE856C9543A1-LeaderElection172: begin an election at term 177 for -1: [5c3956af-60d3-411f-8c98-c7ed3576de5c:192.168.34.38:33787, efb933de-cdd8-4d8d-88d2-4c7ffe0dec1a:192.168.34.38:42459, 9d88716d-5d6b-4fd8-b832-a110dc45ee66:192.168.34.38:38211], old=null
2019-10-16 21:53:13,954 [grpc-default-executor-0] INFO  impl.RaftServerImpl (RaftServerImpl.java:setRole(184)) - 9d88716d-5d6b-4fd8-b832-a110dc45ee66@group-EE856C9543A1: changes role from  FOLLOWER to FOLLOWER at term 177 for recognizeCandidate:5c3956af-60d3-411f-8c98-c7ed3576de5c
2019-10-16 21:53:13,954 [grpc-default-executor-0] INFO  impl.RoleInfo (RoleInfo.java:shutdownFollowerState(121)) - 9d88716d-5d6b-4fd8-b832-a110dc45ee66: shutdown FollowerState
2019-10-16 21:53:13,954 [grpc-default-executor-1] INFO  impl.RaftServerImpl (RaftServerImpl.java:setRole(184)) - efb933de-cdd8-4d8d-88d2-4c7ffe0dec1a@group-EE856C9543A1: changes role from  FOLLOWER to FOLLOWER at term 177 for recognizeCandidate:5c3956af-60d3-411f-8c98-c7ed3576de5c
2019-10-16 21:53:13,955 [grpc-default-executor-1] INFO  impl.RoleInfo (RoleInfo.java:shutdownFollowerState(121)) - efb933de-cdd8-4d8d-88d2-4c7ffe0dec1a: shutdown FollowerState
2019-10-16 21:53:13,955 [Thread-1351] INFO  impl.FollowerState (FollowerState.java:run(117)) - 9d88716d-5d6b-4fd8-b832-a110dc45ee66@group-EE856C9543A1-FollowerState was interrupted: java.lang.InterruptedException: sleep interrupted
2019-10-16 21:53:13,955 [grpc-default-executor-0] INFO  impl.RoleInfo (RoleInfo.java:updateAndGet(143)) - 9d88716d-5d6b-4fd8-b832-a110dc45ee66: start FollowerState
2019-10-16 21:53:13,955 [Thread-1352] INFO  impl.FollowerState (FollowerState.java:run(117)) - efb933de-cdd8-4d8d-88d2-4c7ffe0dec1a@group-EE856C9543A1-FollowerState was interrupted: java.lang.InterruptedException: sleep interrupted
2019-10-16 21:53:13,955 [grpc-default-executor-1] INFO  impl.RoleInfo (RoleInfo.java:updateAndGet(143)) - efb933de-cdd8-4d8d-88d2-4c7ffe0dec1a: start FollowerState
2019-10-16 21:53:13,970 [5c3956af-60d3-411f-8c98-c7ed3576de5c@group-EE856C9543A1-LeaderElection172] INFO  impl.LeaderElection (LeaderElection.java:logAndReturn(56)) - 5c3956af-60d3-411f-8c98-c7ed3576de5c@group-EE856C9543A1-LeaderElection172: Election REJECTED; received 2 response(s) [5c3956af-60d3-411f-8c98-c7ed3576de5c<-efb933de-cdd8-4d8d-88d2-4c7ffe0dec1a#0:FAIL-t177, 5c3956af-60d3-411f-8c98-c7ed3576de5c<-9d88716d-5d6b-4fd8-b832-a110dc45ee66#0:FAIL-t177] and 0 exception(s); 5c3956af-60d3-411f-8c98-c7ed3576de5c@group-EE856C9543A1:t177, leader=null, voted=5c3956af-60d3-411f-8c98-c7ed3576de5c, raftlog=5c3956af-60d3-411f-8c98-c7ed3576de5c@group-EE856C9543A1-SegmentedRaftLog:OPENED:c-1,f-1,i0, conf=-1: [5c3956af-60d3-411f-8c98-c7ed3576de5c:192.168.34.38:33787, efb933de-cdd8-4d8d-88d2-4c7ffe0dec1a:192.168.34.38:42459, 9d88716d-5d6b-4fd8-b832-a110dc45ee66:192.168.34.38:38211], old=null
2019-10-16 21:53:13,970 [5c3956af-60d3-411f-8c98-c7ed3576de5c@group-EE856C9543A1-LeaderElection172] INFO  impl.RaftServerImpl (RaftServerImpl.java:setRole(184)) - 5c3956af-60d3-411f-8c98-c7ed3576de5c@group-EE856C9543A1: changes role from CANDIDATE to FOLLOWER at term 177 for DISCOVERED_A_NEW_TERM
2019-10-16 21:53:13,970 [5c3956af-60d3-411f-8c98-c7ed3576de5c@group-EE856C9543A1-LeaderElection172] INFO  impl.RoleInfo (RoleInfo.java:shutdownLeaderElection(134)) - 5c3956af-60d3-411f-8c98-c7ed3576de5c: shutdown LeaderElection
2019-10-16 21:53:13,970 [5c3956af-60d3-411f-8c98-c7ed3576de5c@group-EE856C9543A1-LeaderElection172] INFO  impl.RoleInfo (RoleInfo.java:updateAndGet(143)) - 5c3956af-60d3-411f-8c98-c7ed3576de5c: start FollowerState
2019-10-16 21:53:14,097 [Thread-1359] INFO  impl.FollowerState (FollowerState.java:run(108)) - 5c3956af-60d3-411f-8c98-c7ed3576de5c@group-EE856C9543A1-FollowerState: change to CANDIDATE, lastRpcTime:127ms, electionTimeout:127ms
2019-10-16 21:53:14,097 [Thread-1359] INFO  impl.RoleInfo (RoleInfo.java:shutdownFollowerState(121)) - 5c3956af-60d3-411f-8c98-c7ed3576de5c: shutdown FollowerState
2019-10-16 21:53:14,098 [Thread-1359] INFO  impl.RaftServerImpl (RaftServerImpl.java:setRole(184)) - 5c3956af-60d3-411f-8c98-c7ed3576de5c@group-EE856C9543A1: changes role from  FOLLOWER to CANDIDATE at term 177 for changeToCandidate
2019-10-16 21:53:14,098 [Thread-1359] INFO  impl.RoleInfo (RoleInfo.java:updateAndGet(143)) - 5c3956af-60d3-411f-8c98-c7ed3576de5c: start LeaderElection
2019-10-16 21:53:14,112 [5c3956af-60d3-411f-8c98-c7ed3576de5c@group-EE856C9543A1-LeaderElection173] INFO  impl.LeaderElection (LeaderElection.java:askForVotes(178)) - 5c3956af-60d3-411f-8c98-c7ed3576de5c@group-EE856C9543A1-LeaderElection173: begin an election at term 178 for -1: [5c3956af-60d3-411f-8c98-c7ed3576de5c:192.168.34.38:33787, efb933de-cdd8-4d8d-88d2-4c7ffe0dec1a:192.168.34.38:42459, 9d88716d-5d6b-4fd8-b832-a110dc45ee66:192.168.34.38:38211], old=null
2019-10-16 21:53:14,115 [grpc-default-executor-0] INFO  impl.RaftServerImpl (RaftServerImpl.java:setRole(184)) - 9d88716d-5d6b-4fd8-b832-a110dc45ee66@group-EE856C9543A1: changes role from  FOLLOWER to FOLLOWER at term 178 for recognizeCandidate:5c3956af-60d3-411f-8c98-c7ed3576de5c
2019-10-16 21:53:14,115 [grpc-default-executor-0] INFO  impl.RoleInfo (RoleInfo.java:shutdownFollowerState(121)) - 9d88716d-5d6b-4fd8-b832-a110dc45ee66: shutdown FollowerState
2019-10-16 21:53:14,115 [grpc-default-executor-1] INFO  impl.RaftServerImpl (RaftServerImpl.java:setRole(184)) - efb933de-cdd8-4d8d-88d2-4c7ffe0dec1a@group-EE856C9543A1: changes role from  FOLLOWER to FOLLOWER at term 178 for recognizeCandidate:5c3956af-60d3-411f-8c98-c7ed3576de5c
2019-10-16 21:53:14,115 [Thread-1357] INFO  impl.FollowerState (FollowerState.java:run(117)) - 9d88716d-5d6b-4fd8-b832-a110dc45ee66@group-EE856C9543A1-FollowerState was interrupted: java.lang.InterruptedException: sleep interrupted
2019-10-16 21:53:14,115 [grpc-default-executor-0] INFO  impl.RoleInfo (RoleInfo.java:updateAndGet(143)) - 9d88716d-5d6b-4fd8-b832-a110dc45ee66: start FollowerState
2019-10-16 21:53:14,115 [grpc-default-executor-1] INFO  impl.RoleInfo (RoleInfo.java:shutdownFollowerState(121)) - efb933de-cdd8-4d8d-88d2-4c7ffe0dec1a: shutdown FollowerState
2019-10-16 21:53:14,116 [grpc-default-executor-1] INFO  impl.RoleInfo (RoleInfo.java:updateAndGet(143)) - efb933de-cdd8-4d8d-88d2-4c7ffe0dec1a: start FollowerState
2019-10-16 21:53:14,116 [Thread-1358] INFO  impl.FollowerState (FollowerState.java:run(117)) - efb933de-cdd8-4d8d-88d2-4c7ffe0dec1a@group-EE856C9543A1-FollowerState was interrupted: java.lang.InterruptedException: sleep interrupted
2019-10-16 21:53:14,131 [5c3956af-60d3-411f-8c98-c7ed3576de5c@group-EE856C9543A1-LeaderElection173] INFO  impl.LeaderElection (LeaderElection.java:logAndReturn(56)) - 5c3956af-60d3-411f-8c98-c7ed3576de5c@group-EE856C9543A1-LeaderElection173: Election REJECTED; received 2 response(s) [5c3956af-60d3-411f-8c98-c7ed3576de5c<-efb933de-cdd8-4d8d-88d2-4c7ffe0dec1a#0:FAIL-t178, 5c3956af-60d3-411f-8c98-c7ed3576de5c<-9d88716d-5d6b-4fd8-b832-a110dc45ee66#0:FAIL-t178] and 0 exception(s); 5c3956af-60d3-411f-8c98-c7ed3576de5c@group-EE856C9543A1:t178, leader=null, voted=5c3956af-60d3-411f-8c98-c7ed3576de5c, raftlog=5c3956af-60d3-411f-8c98-c7ed3576de5c@group-EE856C9543A1-SegmentedRaftLog:OPENED:c-1,f-1,i0, conf=-1: [5c3956af-60d3-411f-8c98-c7ed3576de5c:192.168.34.38:33787, efb933de-cdd8-4d8d-88d2-4c7ffe0dec1a:192.168.34.38:42459, 9d88716d-5d6b-4fd8-b832-a110dc45ee66:192.168.34.38:38211], old=null
2019-10-16 21:53:14,131 [5c3956af-60d3-411f-8c98-c7ed3576de5c@group-EE856C9543A1-LeaderElection173] INFO  impl.RaftServerImpl (RaftServerImpl.java:setRole(184)) - 5c3956af-60d3-411f-8c98-c7ed3576de5c@group-EE856C9543A1: changes role from CANDIDATE to FOLLOWER at term 178 for DISCOVERED_A_NEW_TERM
2019-10-16 21:53:14,131 [5c3956af-60d3-411f-8c98-c7ed3576de5c@group-EE856C9543A1-LeaderElection173] INFO  impl.RoleInfo (RoleInfo.java:shutdownLeaderElection(134)) - 5c3956af-60d3-411f-8c98-c7ed3576de5c: shutdown LeaderElection
2019-10-16 21:53:14,131 [5c3956af-60d3-411f-8c98-c7ed3576de5c@group-EE856C9543A1-LeaderElection173] INFO  impl.RoleInfo (RoleInfo.java:updateAndGet(143)) - 5c3956af-60d3-411f-8c98-c7ed3576de5c: start FollowerState
2019-10-16 21:53:14,244 [Thread-1365] INFO  impl.FollowerState (FollowerState.java:run(108)) - 5c3956af-60d3-411f-8c98-c7ed3576de5c@group-EE856C9543A1-FollowerState: change to CANDIDATE, lastRpcTime:112ms, electionTimeout:112ms
2019-10-16 21:53:14,244 [Thread-1365] INFO  impl.RoleInfo (RoleInfo.java:shutdownFollowerState(121)) - 5c3956af-60d3-411f-8c98-c7ed3576de5c: shutdown FollowerState
2019-10-16 21:53:14,244 [Thread-1365] INFO  impl.RaftServerImpl (RaftServerImpl.java:setRole(184)) - 5c3956af-60d3-411f-8c98-c7ed3576de5c@group-EE856C9543A1: changes role from  FOLLOWER to CANDIDATE at term 178 for changeToCandidate
2019-10-16 21:53:14,244 [Thread-1365] INFO  impl.RoleInfo (RoleInfo.java:updateAndGet(143)) - 5c3956af-60d3-411f-8c98-c7ed3576de5c: start LeaderElection
2019-10-16 21:53:14,259 [5c3956af-60d3-411f-8c98-c7ed3576de5c@group-EE856C9543A1-LeaderElection174] INFO  impl.LeaderElection (LeaderElection.java:askForVotes(178)) - 5c3956af-60d3-411f-8c98-c7ed3576de5c@group-EE856C9543A1-LeaderElection174: begin an election at term 179 for -1: [5c3956af-60d3-411f-8c98-c7ed3576de5c:192.168.34.38:33787, efb933de-cdd8-4d8d-88d2-4c7ffe0dec1a:192.168.34.38:42459, 9d88716d-5d6b-4fd8-b832-a110dc45ee66:192.168.34.38:38211], old=null
2019-10-16 21:53:14,262 [grpc-default-executor-1] INFO  impl.RaftServerImpl (RaftServerImpl.java:setRole(184)) - 9d88716d-5d6b-4fd8-b832-a110dc45ee66@group-EE856C9543A1: changes role from  FOLLOWER to FOLLOWER at term 179 for recognizeCandidate:5c3956af-60d3-411f-8c98-c7ed3576de5c
2019-10-16 21:53:14,262 [grpc-default-executor-1] INFO  impl.RoleInfo (RoleInfo.java:shutdownFollowerState(121)) - 9d88716d-5d6b-4fd8-b832-a110dc45ee66: shutdown FollowerState
2019-10-16 21:53:14,262 [grpc-default-executor-1] INFO  impl.RoleInfo (RoleInfo.java:updateAndGet(143)) - 9d88716d-5d6b-4fd8-b832-a110dc45ee66: start FollowerState
2019-10-16 21:53:14,262 [Thread-1363] INFO  impl.FollowerState (FollowerState.java:run(117)) - 9d88716d-5d6b-4fd8-b832-a110dc45ee66@group-EE856C9543A1-FollowerState was interrupted: java.lang.InterruptedException: sleep interrupted
2019-10-16 21:53:14,262 [grpc-default-executor-0] INFO  impl.RaftServerImpl (RaftServerImpl.java:setRole(184)) - efb933de-cdd8-4d8d-88d2-4c7ffe0dec1a@group-EE856C9543A1: changes role from  FOLLOWER to FOLLOWER at term 179 for recognizeCandidate:5c3956af-60d3-411f-8c98-c7ed3576de5c
2019-10-16 21:53:14,262 [grpc-default-executor-0] INFO  impl.RoleInfo (RoleInfo.java:shutdownFollowerState(121)) - efb933de-cdd8-4d8d-88d2-4c7ffe0dec1a: shutdown FollowerState
2019-10-16 21:53:14,262 [grpc-default-executor-0] INFO  impl.RoleInfo (RoleInfo.java:updateAndGet(143)) - efb933de-cdd8-4d8d-88d2-4c7ffe0dec1a: start FollowerState
2019-10-16 21:53:14,262 [Thread-1364] INFO  impl.FollowerState (FollowerState.java:run(117)) - efb933de-cdd8-4d8d-88d2-4c7ffe0dec1a@group-EE856C9543A1-FollowerState was interrupted: java.lang.InterruptedException: sleep interrupted
2019-10-16 21:53:14,268 [5c3956af-60d3-411f-8c98-c7ed3576de5c@group-EE856C9543A1-LeaderElection174] INFO  impl.LeaderElection (LeaderElection.java:logAndReturn(56)) - 5c3956af-60d3-411f-8c98-c7ed3576de5c@group-EE856C9543A1-LeaderElection174: Election TIMEOUT; received 0 response(s) [] and 0 exception(s); 5c3956af-60d3-411f-8c98-c7ed3576de5c@group-EE856C9543A1:t179, leader=null, voted=5c3956af-60d3-411f-8c98-c7ed3576de5c, raftlog=5c3956af-60d3-411f-8c98-c7ed3576de5c@group-EE856C9543A1-SegmentedRaftLog:OPENED:c-1,f-1,i0, conf=-1: [5c3956af-60d3-411f-8c98-c7ed3576de5c:192.168.34.38:33787, efb933de-cdd8-4d8d-88d2-4c7ffe0dec1a:192.168.34.38:42459, 9d88716d-5d6b-4fd8-b832-a110dc45ee66:192.168.34.38:38211], old=null
2019-10-16 21:53:14,275 [5c3956af-60d3-411f-8c98-c7ed3576de5c@group-EE856C9543A1-LeaderElection174] INFO  impl.LeaderElection (LeaderElection.java:askForVotes(178)) - 5c3956af-60d3-411f-8c98-c7ed3576de5c@group-EE856C9543A1-LeaderElection174: begin an election at term 180 for -1: [5c3956af-60d3-411f-8c98-c7ed3576de5c:192.168.34.38:33787, efb933de-cdd8-4d8d-88d2-4c7ffe0dec1a:192.168.34.38:42459, 9d88716d-5d6b-4fd8-b832-a110dc45ee66:192.168.34.38:38211], old=null
2019-10-16 21:53:14,277 [grpc-default-executor-1] INFO  impl.RaftServerImpl (RaftServerImpl.java:setRole(184)) - efb933de-cdd8-4d8d-88d2-4c7ffe0dec1a@group-EE856C9543A1: changes role from  FOLLOWER to FOLLOWER at term 180 for recognizeCandidate:5c3956af-60d3-411f-8c98-c7ed3576de5c
2019-10-16 21:53:14,277 [grpc-default-executor-1] INFO  impl.RoleInfo (RoleInfo.java:shutdownFollowerState(121)) - efb933de-cdd8-4d8d-88d2-4c7ffe0dec1a: shutdown FollowerState
2019-10-16 21:53:14,277 [grpc-default-executor-1] INFO  impl.RoleInfo (RoleInfo.java:updateAndGet(143)) - efb933de-cdd8-4d8d-88d2-4c7ffe0dec1a: start FollowerState
2019-10-16 21:53:14,277 [Thread-1370] INFO  impl.FollowerState (FollowerState.java:run(117)) - efb933de-cdd8-4d8d-88d2-4c7ffe0dec1a@group-EE856C9543A1-FollowerState was interrupted: java.lang.InterruptedException: sleep interrupted
2019-10-16 21:53:14,278 [grpc-default-executor-0] INFO  impl.RaftServerImpl (RaftServerImpl.java:setRole(184)) - 9d88716d-5d6b-4fd8-b832-a110dc45ee66@group-EE856C9543A1: changes role from  FOLLOWER to FOLLOWER at term 180 for recognizeCandidate:5c3956af-60d3-411f-8c98-c7ed3576de5c
2019-10-16 21:53:14,278 [grpc-default-executor-0] INFO  impl.RoleInfo (RoleInfo.java:shutdownFollowerState(121)) - 9d88716d-5d6b-4fd8-b832-a110dc45ee66: shutdown FollowerState
2019-10-16 21:53:14,278 [grpc-default-executor-0] INFO  impl.RoleInfo (RoleInfo.java:updateAndGet(143)) - 9d88716d-5d6b-4fd8-b832-a110dc45ee66: start FollowerState
2019-10-16 21:53:14,278 [Thread-1369] INFO  impl.FollowerState (FollowerState.java:run(117)) - 9d88716d-5d6b-4fd8-b832-a110dc45ee66@group-EE856C9543A1-FollowerState was interrupted: java.lang.InterruptedException: sleep interrupted
2019-10-16 21:53:14,291 [5c3956af-60d3-411f-8c98-c7ed3576de5c@group-EE856C9543A1-LeaderElection174] INFO  impl.LeaderElection (LeaderElection.java:logAndReturn(56)) - 5c3956af-60d3-411f-8c98-c7ed3576de5c@group-EE856C9543A1-LeaderElection174: Election REJECTED; received 2 response(s) [5c3956af-60d3-411f-8c98-c7ed3576de5c<-efb933de-cdd8-4d8d-88d2-4c7ffe0dec1a#0:FAIL-t180, 5c3956af-60d3-411f-8c98-c7ed3576de5c<-9d88716d-5d6b-4fd8-b832-a110dc45ee66#0:FAIL-t180] and 0 exception(s); 5c3956af-60d3-411f-8c98-c7ed3576de5c@group-EE856C9543A1:t180, leader=null, voted=5c3956af-60d3-411f-8c98-c7ed3576de5c, raftlog=5c3956af-60d3-411f-8c98-c7ed3576de5c@group-EE856C9543A1-SegmentedRaftLog:OPENED:c-1,f-1,i0, conf=-1: [5c3956af-60d3-411f-8c98-c7ed3576de5c:192.168.34.38:33787, efb933de-cdd8-4d8d-88d2-4c7ffe0dec1a:192.168.34.38:42459, 9d88716d-5d6b-4fd8-b832-a110dc45ee66:192.168.34.38:38211], old=null
2019-10-16 21:53:14,292 [5c3956af-60d3-411f-8c98-c7ed3576de5c@group-EE856C9543A1-LeaderElection174] INFO  impl.RaftServerImpl (RaftServerImpl.java:setRole(184)) - 5c3956af-60d3-411f-8c98-c7ed3576de5c@group-EE856C9543A1: changes role from CANDIDATE to FOLLOWER at term 180 for DISCOVERED_A_NEW_TERM
2019-10-16 21:53:14,292 [5c3956af-60d3-411f-8c98-c7ed3576de5c@group-EE856C9543A1-LeaderElection174] INFO  impl.RoleInfo (RoleInfo.java:shutdownLeaderElection(134)) - 5c3956af-60d3-411f-8c98-c7ed3576de5c: shutdown LeaderElection
2019-10-16 21:53:14,292 [5c3956af-60d3-411f-8c98-c7ed3576de5c@group-EE856C9543A1-LeaderElection174] INFO  impl.RoleInfo (RoleInfo.java:updateAndGet(143)) - 5c3956af-60d3-411f-8c98-c7ed3576de5c: start FollowerState
2019-10-16 21:53:14,406 [JUnit] INFO  ozone.MiniOzoneClusterImpl (MiniOzoneClusterImpl.java:lambda$waitForClusterToBeReady$2(164)) - Waiting for 1 number of pipelines out of 6, to report a leader.
2019-10-16 21:53:14,408 [Thread-1375] INFO  impl.FollowerState (FollowerState.java:run(108)) - 5c3956af-60d3-411f-8c98-c7ed3576de5c@group-EE856C9543A1-FollowerState: change to CANDIDATE, lastRpcTime:116ms, electionTimeout:116ms
2019-10-16 21:53:14,408 [Thread-1375] INFO  impl.RoleInfo (RoleInfo.java:shutdownFollowerState(121)) - 5c3956af-60d3-411f-8c98-c7ed3576de5c: shutdown FollowerState
2019-10-16 21:53:14,408 [Thread-1375] INFO  impl.RaftServerImpl (RaftServerImpl.java:setRole(184)) - 5c3956af-60d3-411f-8c98-c7ed3576de5c@group-EE856C9543A1: changes role from  FOLLOWER to CANDIDATE at term 180 for changeToCandidate
2019-10-16 21:53:14,409 [Thread-1375] INFO  impl.RoleInfo (RoleInfo.java:updateAndGet(143)) - 5c3956af-60d3-411f-8c98-c7ed3576de5c: start LeaderElection
2019-10-16 21:53:14,422 [5c3956af-60d3-411f-8c98-c7ed3576de5c@group-EE856C9543A1-LeaderElection175] INFO  impl.LeaderElection (LeaderElection.java:askForVotes(178)) - 5c3956af-60d3-411f-8c98-c7ed3576de5c@group-EE856C9543A1-LeaderElection175: begin an election at term 181 for -1: [5c3956af-60d3-411f-8c98-c7ed3576de5c:192.168.34.38:33787, efb933de-cdd8-4d8d-88d2-4c7ffe0dec1a:192.168.34.38:42459, 9d88716d-5d6b-4fd8-b832-a110dc45ee66:192.168.34.38:38211], old=null
2019-10-16 21:53:14,425 [grpc-default-executor-1] INFO  impl.RaftServerImpl (RaftServerImpl.java:setRole(184)) - 9d88716d-5d6b-4fd8-b832-a110dc45ee66@group-EE856C9543A1: changes role from  FOLLOWER to FOLLOWER at term 181 for recognizeCandidate:5c3956af-60d3-411f-8c98-c7ed3576de5c
2019-10-16 21:53:14,425 [grpc-default-executor-1] INFO  impl.RoleInfo (RoleInfo.java:shutdownFollowerState(121)) - 9d88716d-5d6b-4fd8-b832-a110dc45ee66: shutdown FollowerState
2019-10-16 21:53:14,425 [grpc-default-executor-0] INFO  impl.RaftServerImpl (RaftServerImpl.java:setRole(184)) - efb933de-cdd8-4d8d-88d2-4c7ffe0dec1a@group-EE856C9543A1: changes role from  FOLLOWER to FOLLOWER at term 181 for recognizeCandidate:5c3956af-60d3-411f-8c98-c7ed3576de5c
2019-10-16 21:53:14,425 [grpc-default-executor-1] INFO  impl.RoleInfo (RoleInfo.java:updateAndGet(143)) - 9d88716d-5d6b-4fd8-b832-a110dc45ee66: start FollowerState
2019-10-16 21:53:14,425 [Thread-1374] INFO  impl.FollowerState (FollowerState.java:run(117)) - 9d88716d-5d6b-4fd8-b832-a110dc45ee66@group-EE856C9543A1-FollowerState was interrupted: java.lang.InterruptedException: sleep interrupted
2019-10-16 21:53:14,425 [grpc-default-executor-0] INFO  impl.RoleInfo (RoleInfo.java:shutdownFollowerState(121)) - efb933de-cdd8-4d8d-88d2-4c7ffe0dec1a: shutdown FollowerState
2019-10-16 21:53:14,426 [grpc-default-executor-0] INFO  impl.RoleInfo (RoleInfo.java:updateAndGet(143)) - efb933de-cdd8-4d8d-88d2-4c7ffe0dec1a: start FollowerState
2019-10-16 21:53:14,426 [Thread-1373] INFO  impl.FollowerState (FollowerState.java:run(117)) - efb933de-cdd8-4d8d-88d2-4c7ffe0dec1a@group-EE856C9543A1-FollowerState was interrupted: java.lang.InterruptedException: sleep interrupted
2019-10-16 21:53:14,448 [5c3956af-60d3-411f-8c98-c7ed3576de5c@group-EE856C9543A1-LeaderElection175] INFO  impl.LeaderElection (LeaderElection.java:logAndReturn(56)) - 5c3956af-60d3-411f-8c98-c7ed3576de5c@group-EE856C9543A1-LeaderElection175: Election REJECTED; received 2 response(s) [5c3956af-60d3-411f-8c98-c7ed3576de5c<-efb933de-cdd8-4d8d-88d2-4c7ffe0dec1a#0:FAIL-t181, 5c3956af-60d3-411f-8c98-c7ed3576de5c<-9d88716d-5d6b-4fd8-b832-a110dc45ee66#0:FAIL-t181] and 0 exception(s); 5c3956af-60d3-411f-8c98-c7ed3576de5c@group-EE856C9543A1:t181, leader=null, voted=5c3956af-60d3-411f-8c98-c7ed3576de5c, raftlog=5c3956af-60d3-411f-8c98-c7ed3576de5c@group-EE856C9543A1-SegmentedRaftLog:OPENED:c-1,f-1,i0, conf=-1: [5c3956af-60d3-411f-8c98-c7ed3576de5c:192.168.34.38:33787, efb933de-cdd8-4d8d-88d2-4c7ffe0dec1a:192.168.34.38:42459, 9d88716d-5d6b-4fd8-b832-a110dc45ee66:192.168.34.38:38211], old=null
2019-10-16 21:53:14,448 [5c3956af-60d3-411f-8c98-c7ed3576de5c@group-EE856C9543A1-LeaderElection175] INFO  impl.RaftServerImpl (RaftServerImpl.java:setRole(184)) - 5c3956af-60d3-411f-8c98-c7ed3576de5c@group-EE856C9543A1: changes role from CANDIDATE to FOLLOWER at term 181 for DISCOVERED_A_NEW_TERM
2019-10-16 21:53:14,448 [5c3956af-60d3-411f-8c98-c7ed3576de5c@group-EE856C9543A1-LeaderElection175] INFO  impl.RoleInfo (RoleInfo.java:shutdownLeaderElection(134)) - 5c3956af-60d3-411f-8c98-c7ed3576de5c: shutdown LeaderElection
2019-10-16 21:53:14,449 [5c3956af-60d3-411f-8c98-c7ed3576de5c@group-EE856C9543A1-LeaderElection175] INFO  impl.RoleInfo (RoleInfo.java:updateAndGet(143)) - 5c3956af-60d3-411f-8c98-c7ed3576de5c: start FollowerState
2019-10-16 21:53:14,517 [Thread-1381] INFO  impl.FollowerState (FollowerState.java:run(108)) - 5c3956af-60d3-411f-8c98-c7ed3576de5c@group-EE856C9543A1-FollowerState: change to CANDIDATE, lastRpcTime:68ms, electionTimeout:68ms
2019-10-16 21:53:14,517 [Thread-1381] INFO  impl.RoleInfo (RoleInfo.java:shutdownFollowerState(121)) - 5c3956af-60d3-411f-8c98-c7ed3576de5c: shutdown FollowerState
2019-10-16 21:53:14,517 [Thread-1381] INFO  impl.RaftServerImpl (RaftServerImpl.java:setRole(184)) - 5c3956af-60d3-411f-8c98-c7ed3576de5c@group-EE856C9543A1: changes role from  FOLLOWER to CANDIDATE at term 181 for changeToCandidate
2019-10-16 21:53:14,517 [Thread-1381] INFO  impl.RoleInfo (RoleInfo.java:updateAndGet(143)) - 5c3956af-60d3-411f-8c98-c7ed3576de5c: start LeaderElection
2019-10-16 21:53:14,531 [5c3956af-60d3-411f-8c98-c7ed3576de5c@group-EE856C9543A1-LeaderElection176] INFO  impl.LeaderElection (LeaderElection.java:askForVotes(178)) - 5c3956af-60d3-411f-8c98-c7ed3576de5c@group-EE856C9543A1-LeaderElection176: begin an election at term 182 for -1: [5c3956af-60d3-411f-8c98-c7ed3576de5c:192.168.34.38:33787, efb933de-cdd8-4d8d-88d2-4c7ffe0dec1a:192.168.34.38:42459, 9d88716d-5d6b-4fd8-b832-a110dc45ee66:192.168.34.38:38211], old=null
2019-10-16 21:53:14,534 [grpc-default-executor-1] INFO  impl.RaftServerImpl (RaftServerImpl.java:setRole(184)) - efb933de-cdd8-4d8d-88d2-4c7ffe0dec1a@group-EE856C9543A1: changes role from  FOLLOWER to FOLLOWER at term 182 for recognizeCandidate:5c3956af-60d3-411f-8c98-c7ed3576de5c
2019-10-16 21:53:14,534 [grpc-default-executor-1] INFO  impl.RoleInfo (RoleInfo.java:shutdownFollowerState(121)) - efb933de-cdd8-4d8d-88d2-4c7ffe0dec1a: shutdown FollowerState
2019-10-16 21:53:14,534 [grpc-default-executor-0] INFO  impl.RaftServerImpl (RaftServerImpl.java:setRole(184)) - 9d88716d-5d6b-4fd8-b832-a110dc45ee66@group-EE856C9543A1: changes role from  FOLLOWER to FOLLOWER at term 182 for recognizeCandidate:5c3956af-60d3-411f-8c98-c7ed3576de5c
2019-10-16 21:53:14,534 [Thread-1380] INFO  impl.FollowerState (FollowerState.java:run(117)) - efb933de-cdd8-4d8d-88d2-4c7ffe0dec1a@group-EE856C9543A1-FollowerState was interrupted: java.lang.InterruptedException: sleep interrupted
2019-10-16 21:53:14,534 [grpc-default-executor-1] INFO  impl.RoleInfo (RoleInfo.java:updateAndGet(143)) - efb933de-cdd8-4d8d-88d2-4c7ffe0dec1a: start FollowerState
2019-10-16 21:53:14,534 [grpc-default-executor-0] INFO  impl.RoleInfo (RoleInfo.java:shutdownFollowerState(121)) - 9d88716d-5d6b-4fd8-b832-a110dc45ee66: shutdown FollowerState
2019-10-16 21:53:14,535 [grpc-default-executor-0] INFO  impl.RoleInfo (RoleInfo.java:updateAndGet(143)) - 9d88716d-5d6b-4fd8-b832-a110dc45ee66: start FollowerState
2019-10-16 21:53:14,535 [Thread-1379] INFO  impl.FollowerState (FollowerState.java:run(117)) - 9d88716d-5d6b-4fd8-b832-a110dc45ee66@group-EE856C9543A1-FollowerState was interrupted: java.lang.InterruptedException: sleep interrupted
2019-10-16 21:53:14,549 [5c3956af-60d3-411f-8c98-c7ed3576de5c@group-EE856C9543A1-LeaderElection176] INFO  impl.LeaderElection (LeaderElection.java:logAndReturn(56)) - 5c3956af-60d3-411f-8c98-c7ed3576de5c@group-EE856C9543A1-LeaderElection176: Election REJECTED; received 2 response(s) [5c3956af-60d3-411f-8c98-c7ed3576de5c<-efb933de-cdd8-4d8d-88d2-4c7ffe0dec1a#0:FAIL-t182, 5c3956af-60d3-411f-8c98-c7ed3576de5c<-9d88716d-5d6b-4fd8-b832-a110dc45ee66#0:FAIL-t182] and 0 exception(s); 5c3956af-60d3-411f-8c98-c7ed3576de5c@group-EE856C9543A1:t182, leader=null, voted=5c3956af-60d3-411f-8c98-c7ed3576de5c, raftlog=5c3956af-60d3-411f-8c98-c7ed3576de5c@group-EE856C9543A1-SegmentedRaftLog:OPENED:c-1,f-1,i0, conf=-1: [5c3956af-60d3-411f-8c98-c7ed3576de5c:192.168.34.38:33787, efb933de-cdd8-4d8d-88d2-4c7ffe0dec1a:192.168.34.38:42459, 9d88716d-5d6b-4fd8-b832-a110dc45ee66:192.168.34.38:38211], old=null
2019-10-16 21:53:14,549 [5c3956af-60d3-411f-8c98-c7ed3576de5c@group-EE856C9543A1-LeaderElection176] INFO  impl.RaftServerImpl (RaftServerImpl.java:setRole(184)) - 5c3956af-60d3-411f-8c98-c7ed3576de5c@group-EE856C9543A1: changes role from CANDIDATE to FOLLOWER at term 182 for DISCOVERED_A_NEW_TERM
2019-10-16 21:53:14,549 [5c3956af-60d3-411f-8c98-c7ed3576de5c@group-EE856C9543A1-LeaderElection176] INFO  impl.RoleInfo (RoleInfo.java:shutdownLeaderElection(134)) - 5c3956af-60d3-411f-8c98-c7ed3576de5c: shutdown LeaderElection
2019-10-16 21:53:14,549 [5c3956af-60d3-411f-8c98-c7ed3576de5c@group-EE856C9543A1-LeaderElection176] INFO  impl.RoleInfo (RoleInfo.java:updateAndGet(143)) - 5c3956af-60d3-411f-8c98-c7ed3576de5c: start FollowerState
2019-10-16 21:53:14,617 [Thread-1387] INFO  impl.FollowerState (FollowerState.java:run(108)) - 5c3956af-60d3-411f-8c98-c7ed3576de5c@group-EE856C9543A1-FollowerState: change to CANDIDATE, lastRpcTime:67ms, electionTimeout:67ms
2019-10-16 21:53:14,617 [Thread-1387] INFO  impl.RoleInfo (RoleInfo.java:shutdownFollowerState(121)) - 5c3956af-60d3-411f-8c98-c7ed3576de5c: shutdown FollowerState
2019-10-16 21:53:14,617 [Thread-1387] INFO  impl.RaftServerImpl (RaftServerImpl.java:setRole(184)) - 5c3956af-60d3-411f-8c98-c7ed3576de5c@group-EE856C9543A1: changes role from  FOLLOWER to CANDIDATE at term 182 for changeToCandidate
2019-10-16 21:53:14,617 [Thread-1387] INFO  impl.RoleInfo (RoleInfo.java:updateAndGet(143)) - 5c3956af-60d3-411f-8c98-c7ed3576de5c: start LeaderElection
2019-10-16 21:53:14,631 [5c3956af-60d3-411f-8c98-c7ed3576de5c@group-EE856C9543A1-LeaderElection177] INFO  impl.LeaderElection (LeaderElection.java:askForVotes(178)) - 5c3956af-60d3-411f-8c98-c7ed3576de5c@group-EE856C9543A1-LeaderElection177: begin an election at term 183 for -1: [5c3956af-60d3-411f-8c98-c7ed3576de5c:192.168.34.38:33787, efb933de-cdd8-4d8d-88d2-4c7ffe0dec1a:192.168.34.38:42459, 9d88716d-5d6b-4fd8-b832-a110dc45ee66:192.168.34.38:38211], old=null
2019-10-16 21:53:14,634 [grpc-default-executor-1] INFO  impl.RaftServerImpl (RaftServerImpl.java:setRole(184)) - efb933de-cdd8-4d8d-88d2-4c7ffe0dec1a@group-EE856C9543A1: changes role from  FOLLOWER to FOLLOWER at term 183 for recognizeCandidate:5c3956af-60d3-411f-8c98-c7ed3576de5c
2019-10-16 21:53:14,634 [grpc-default-executor-1] INFO  impl.RoleInfo (RoleInfo.java:shutdownFollowerState(121)) - efb933de-cdd8-4d8d-88d2-4c7ffe0dec1a: shutdown FollowerState
2019-10-16 21:53:14,634 [grpc-default-executor-0] INFO  impl.RaftServerImpl (RaftServerImpl.java:setRole(184)) - 9d88716d-5d6b-4fd8-b832-a110dc45ee66@group-EE856C9543A1: changes role from  FOLLOWER to FOLLOWER at term 183 for recognizeCandidate:5c3956af-60d3-411f-8c98-c7ed3576de5c
2019-10-16 21:53:14,634 [grpc-default-executor-0] INFO  impl.RoleInfo (RoleInfo.java:shutdownFollowerState(121)) - 9d88716d-5d6b-4fd8-b832-a110dc45ee66: shutdown FollowerState
2019-10-16 21:53:14,634 [Thread-1385] INFO  impl.FollowerState (FollowerState.java:run(117)) - efb933de-cdd8-4d8d-88d2-4c7ffe0dec1a@group-EE856C9543A1-FollowerState was interrupted: java.lang.InterruptedException: sleep interrupted
2019-10-16 21:53:14,634 [grpc-default-executor-1] INFO  impl.RoleInfo (RoleInfo.java:updateAndGet(143)) - efb933de-cdd8-4d8d-88d2-4c7ffe0dec1a: start FollowerState
2019-10-16 21:53:14,635 [grpc-default-executor-0] INFO  impl.RoleInfo (RoleInfo.java:updateAndGet(143)) - 9d88716d-5d6b-4fd8-b832-a110dc45ee66: start FollowerState
2019-10-16 21:53:14,635 [Thread-1386] INFO  impl.FollowerState (FollowerState.java:run(117)) - 9d88716d-5d6b-4fd8-b832-a110dc45ee66@group-EE856C9543A1-FollowerState was interrupted: java.lang.InterruptedException: sleep interrupted
2019-10-16 21:53:14,649 [5c3956af-60d3-411f-8c98-c7ed3576de5c@group-EE856C9543A1-LeaderElection177] INFO  impl.LeaderElection (LeaderElection.java:logAndReturn(56)) - 5c3956af-60d3-411f-8c98-c7ed3576de5c@group-EE856C9543A1-LeaderElection177: Election REJECTED; received 2 response(s) [5c3956af-60d3-411f-8c98-c7ed3576de5c<-efb933de-cdd8-4d8d-88d2-4c7ffe0dec1a#0:FAIL-t183, 5c3956af-60d3-411f-8c98-c7ed3576de5c<-9d88716d-5d6b-4fd8-b832-a110dc45ee66#0:FAIL-t183] and 0 exception(s); 5c3956af-60d3-411f-8c98-c7ed3576de5c@group-EE856C9543A1:t183, leader=null, voted=5c3956af-60d3-411f-8c98-c7ed3576de5c, raftlog=5c3956af-60d3-411f-8c98-c7ed3576de5c@group-EE856C9543A1-SegmentedRaftLog:OPENED:c-1,f-1,i0, conf=-1: [5c3956af-60d3-411f-8c98-c7ed3576de5c:192.168.34.38:33787, efb933de-cdd8-4d8d-88d2-4c7ffe0dec1a:192.168.34.38:42459, 9d88716d-5d6b-4fd8-b832-a110dc45ee66:192.168.34.38:38211], old=null
2019-10-16 21:53:14,649 [5c3956af-60d3-411f-8c98-c7ed3576de5c@group-EE856C9543A1-LeaderElection177] INFO  impl.RaftServerImpl (RaftServerImpl.java:setRole(184)) - 5c3956af-60d3-411f-8c98-c7ed3576de5c@group-EE856C9543A1: changes role from CANDIDATE to FOLLOWER at term 183 for DISCOVERED_A_NEW_TERM
2019-10-16 21:53:14,650 [5c3956af-60d3-411f-8c98-c7ed3576de5c@group-EE856C9543A1-LeaderElection177] INFO  impl.RoleInfo (RoleInfo.java:shutdownLeaderElection(134)) - 5c3956af-60d3-411f-8c98-c7ed3576de5c: shutdown LeaderElection
2019-10-16 21:53:14,650 [5c3956af-60d3-411f-8c98-c7ed3576de5c@group-EE856C9543A1-LeaderElection177] INFO  impl.RoleInfo (RoleInfo.java:updateAndGet(143)) - 5c3956af-60d3-411f-8c98-c7ed3576de5c: start FollowerState
2019-10-16 21:53:14,758 [Thread-1393] INFO  impl.FollowerState (FollowerState.java:run(108)) - 5c3956af-60d3-411f-8c98-c7ed3576de5c@group-EE856C9543A1-FollowerState: change to CANDIDATE, lastRpcTime:108ms, electionTimeout:108ms
2019-10-16 21:53:14,758 [Thread-1393] INFO  impl.RoleInfo (RoleInfo.java:shutdownFollowerState(121)) - 5c3956af-60d3-411f-8c98-c7ed3576de5c: shutdown FollowerState
2019-10-16 21:53:14,758 [Thread-1393] INFO  impl.RaftServerImpl (RaftServerImpl.java:setRole(184)) - 5c3956af-60d3-411f-8c98-c7ed3576de5c@group-EE856C9543A1: changes role from  FOLLOWER to CANDIDATE at term 183 for changeToCandidate
2019-10-16 21:53:14,759 [Thread-1393] INFO  impl.RoleInfo (RoleInfo.java:updateAndGet(143)) - 5c3956af-60d3-411f-8c98-c7ed3576de5c: start LeaderElection
2019-10-16 21:53:14,772 [5c3956af-60d3-411f-8c98-c7ed3576de5c@group-EE856C9543A1-LeaderElection178] INFO  impl.LeaderElection (LeaderElection.java:askForVotes(178)) - 5c3956af-60d3-411f-8c98-c7ed3576de5c@group-EE856C9543A1-LeaderElection178: begin an election at term 184 for -1: [5c3956af-60d3-411f-8c98-c7ed3576de5c:192.168.34.38:33787, efb933de-cdd8-4d8d-88d2-4c7ffe0dec1a:192.168.34.38:42459, 9d88716d-5d6b-4fd8-b832-a110dc45ee66:192.168.34.38:38211], old=null
2019-10-16 21:53:14,774 [grpc-default-executor-0] INFO  impl.RaftServerImpl (RaftServerImpl.java:setRole(184)) - efb933de-cdd8-4d8d-88d2-4c7ffe0dec1a@group-EE856C9543A1: changes role from  FOLLOWER to FOLLOWER at term 184 for recognizeCandidate:5c3956af-60d3-411f-8c98-c7ed3576de5c
2019-10-16 21:53:14,774 [grpc-default-executor-0] INFO  impl.RoleInfo (RoleInfo.java:shutdownFollowerState(121)) - efb933de-cdd8-4d8d-88d2-4c7ffe0dec1a: shutdown FollowerState
2019-10-16 21:53:14,774 [grpc-default-executor-1] INFO  impl.RaftServerImpl (RaftServerImpl.java:setRole(184)) - 9d88716d-5d6b-4fd8-b832-a110dc45ee66@group-EE856C9543A1: changes role from  FOLLOWER to FOLLOWER at term 184 for recognizeCandidate:5c3956af-60d3-411f-8c98-c7ed3576de5c
2019-10-16 21:53:14,775 [grpc-default-executor-1] INFO  impl.RoleInfo (RoleInfo.java:shutdownFollowerState(121)) - 9d88716d-5d6b-4fd8-b832-a110dc45ee66: shutdown FollowerState
2019-10-16 21:53:14,775 [Thread-1391] INFO  impl.FollowerState (FollowerState.java:run(117)) - efb933de-cdd8-4d8d-88d2-4c7ffe0dec1a@group-EE856C9543A1-FollowerState was interrupted: java.lang.InterruptedException: sleep interrupted
2019-10-16 21:53:14,775 [grpc-default-executor-0] INFO  impl.RoleInfo (RoleInfo.java:updateAndGet(143)) - efb933de-cdd8-4d8d-88d2-4c7ffe0dec1a: start FollowerState
2019-10-16 21:53:14,775 [grpc-default-executor-1] INFO  impl.RoleInfo (RoleInfo.java:updateAndGet(143)) - 9d88716d-5d6b-4fd8-b832-a110dc45ee66: start FollowerState
2019-10-16 21:53:14,775 [Thread-1392] INFO  impl.FollowerState (FollowerState.java:run(117)) - 9d88716d-5d6b-4fd8-b832-a110dc45ee66@group-EE856C9543A1-FollowerState was interrupted: java.lang.InterruptedException: sleep interrupted
2019-10-16 21:53:14,791 [5c3956af-60d3-411f-8c98-c7ed3576de5c@group-EE856C9543A1-LeaderElection178] INFO  impl.LeaderElection (LeaderElection.java:logAndReturn(56)) - 5c3956af-60d3-411f-8c98-c7ed3576de5c@group-EE856C9543A1-LeaderElection178: Election REJECTED; received 2 response(s) [5c3956af-60d3-411f-8c98-c7ed3576de5c<-efb933de-cdd8-4d8d-88d2-4c7ffe0dec1a#0:FAIL-t184, 5c3956af-60d3-411f-8c98-c7ed3576de5c<-9d88716d-5d6b-4fd8-b832-a110dc45ee66#0:FAIL-t184] and 0 exception(s); 5c3956af-60d3-411f-8c98-c7ed3576de5c@group-EE856C9543A1:t184, leader=null, voted=5c3956af-60d3-411f-8c98-c7ed3576de5c, raftlog=5c3956af-60d3-411f-8c98-c7ed3576de5c@group-EE856C9543A1-SegmentedRaftLog:OPENED:c-1,f-1,i0, conf=-1: [5c3956af-60d3-411f-8c98-c7ed3576de5c:192.168.34.38:33787, efb933de-cdd8-4d8d-88d2-4c7ffe0dec1a:192.168.34.38:42459, 9d88716d-5d6b-4fd8-b832-a110dc45ee66:192.168.34.38:38211], old=null
2019-10-16 21:53:14,791 [5c3956af-60d3-411f-8c98-c7ed3576de5c@group-EE856C9543A1-LeaderElection178] INFO  impl.RaftServerImpl (RaftServerImpl.java:setRole(184)) - 5c3956af-60d3-411f-8c98-c7ed3576de5c@group-EE856C9543A1: changes role from CANDIDATE to FOLLOWER at term 184 for DISCOVERED_A_NEW_TERM
2019-10-16 21:53:14,791 [5c3956af-60d3-411f-8c98-c7ed3576de5c@group-EE856C9543A1-LeaderElection178] INFO  impl.RoleInfo (RoleInfo.java:shutdownLeaderElection(134)) - 5c3956af-60d3-411f-8c98-c7ed3576de5c: shutdown LeaderElection
2019-10-16 21:53:14,791 [5c3956af-60d3-411f-8c98-c7ed3576de5c@group-EE856C9543A1-LeaderElection178] INFO  impl.RoleInfo (RoleInfo.java:updateAndGet(143)) - 5c3956af-60d3-411f-8c98-c7ed3576de5c: start FollowerState
2019-10-16 21:53:14,954 [Thread-1399] INFO  impl.FollowerState (FollowerState.java:run(108)) - 5c3956af-60d3-411f-8c98-c7ed3576de5c@group-EE856C9543A1-FollowerState: change to CANDIDATE, lastRpcTime:162ms, electionTimeout:162ms
2019-10-16 21:53:14,954 [Thread-1399] INFO  impl.RoleInfo (RoleInfo.java:shutdownFollowerState(121)) - 5c3956af-60d3-411f-8c98-c7ed3576de5c: shutdown FollowerState
2019-10-16 21:53:14,954 [Thread-1399] INFO  impl.RaftServerImpl (RaftServerImpl.java:setRole(184)) - 5c3956af-60d3-411f-8c98-c7ed3576de5c@group-EE856C9543A1: changes role from  FOLLOWER to CANDIDATE at term 184 for changeToCandidate
2019-10-16 21:53:14,954 [Thread-1399] INFO  impl.RoleInfo (RoleInfo.java:updateAndGet(143)) - 5c3956af-60d3-411f-8c98-c7ed3576de5c: start LeaderElection
2019-10-16 21:53:14,968 [5c3956af-60d3-411f-8c98-c7ed3576de5c@group-EE856C9543A1-LeaderElection179] INFO  impl.LeaderElection (LeaderElection.java:askForVotes(178)) - 5c3956af-60d3-411f-8c98-c7ed3576de5c@group-EE856C9543A1-LeaderElection179: begin an election at term 185 for -1: [5c3956af-60d3-411f-8c98-c7ed3576de5c:192.168.34.38:33787, efb933de-cdd8-4d8d-88d2-4c7ffe0dec1a:192.168.34.38:42459, 9d88716d-5d6b-4fd8-b832-a110dc45ee66:192.168.34.38:38211], old=null
2019-10-16 21:53:14,971 [grpc-default-executor-1] INFO  impl.RaftServerImpl (RaftServerImpl.java:setRole(184)) - 9d88716d-5d6b-4fd8-b832-a110dc45ee66@group-EE856C9543A1: changes role from  FOLLOWER to FOLLOWER at term 185 for recognizeCandidate:5c3956af-60d3-411f-8c98-c7ed3576de5c
2019-10-16 21:53:14,972 [grpc-default-executor-1] INFO  impl.RoleInfo (RoleInfo.java:shutdownFollowerState(121)) - 9d88716d-5d6b-4fd8-b832-a110dc45ee66: shutdown FollowerState
2019-10-16 21:53:14,972 [grpc-default-executor-1] INFO  impl.RoleInfo (RoleInfo.java:updateAndGet(143)) - 9d88716d-5d6b-4fd8-b832-a110dc45ee66: start FollowerState
2019-10-16 21:53:14,972 [grpc-default-executor-0] INFO  impl.RaftServerImpl (RaftServerImpl.java:setRole(184)) - efb933de-cdd8-4d8d-88d2-4c7ffe0dec1a@group-EE856C9543A1: changes role from  FOLLOWER to FOLLOWER at term 185 for recognizeCandidate:5c3956af-60d3-411f-8c98-c7ed3576de5c
2019-10-16 21:53:14,972 [Thread-1398] INFO  impl.FollowerState (FollowerState.java:run(117)) - 9d88716d-5d6b-4fd8-b832-a110dc45ee66@group-EE856C9543A1-FollowerState was interrupted: java.lang.InterruptedException: sleep interrupted
2019-10-16 21:53:14,972 [grpc-default-executor-0] INFO  impl.RoleInfo (RoleInfo.java:shutdownFollowerState(121)) - efb933de-cdd8-4d8d-88d2-4c7ffe0dec1a: shutdown FollowerState
2019-10-16 21:53:14,972 [grpc-default-executor-0] INFO  impl.RoleInfo (RoleInfo.java:updateAndGet(143)) - efb933de-cdd8-4d8d-88d2-4c7ffe0dec1a: start FollowerState
2019-10-16 21:53:14,972 [Thread-1397] INFO  impl.FollowerState (FollowerState.java:run(117)) - efb933de-cdd8-4d8d-88d2-4c7ffe0dec1a@group-EE856C9543A1-FollowerState was interrupted: java.lang.InterruptedException: sleep interrupted
2019-10-16 21:53:14,983 [5c3956af-60d3-411f-8c98-c7ed3576de5c@group-EE856C9543A1-LeaderElection179] INFO  impl.LeaderElection (LeaderElection.java:logAndReturn(56)) - 5c3956af-60d3-411f-8c98-c7ed3576de5c@group-EE856C9543A1-LeaderElection179: Election TIMEOUT; received 0 response(s) [] and 0 exception(s); 5c3956af-60d3-411f-8c98-c7ed3576de5c@group-EE856C9543A1:t185, leader=null, voted=5c3956af-60d3-411f-8c98-c7ed3576de5c, raftlog=5c3956af-60d3-411f-8c98-c7ed3576de5c@group-EE856C9543A1-SegmentedRaftLog:OPENED:c-1,f-1,i0, conf=-1: [5c3956af-60d3-411f-8c98-c7ed3576de5c:192.168.34.38:33787, efb933de-cdd8-4d8d-88d2-4c7ffe0dec1a:192.168.34.38:42459, 9d88716d-5d6b-4fd8-b832-a110dc45ee66:192.168.34.38:38211], old=null
2019-10-16 21:53:14,988 [5c3956af-60d3-411f-8c98-c7ed3576de5c@group-EE856C9543A1-LeaderElection179] INFO  impl.LeaderElection (LeaderElection.java:askForVotes(178)) - 5c3956af-60d3-411f-8c98-c7ed3576de5c@group-EE856C9543A1-LeaderElection179: begin an election at term 186 for -1: [5c3956af-60d3-411f-8c98-c7ed3576de5c:192.168.34.38:33787, efb933de-cdd8-4d8d-88d2-4c7ffe0dec1a:192.168.34.38:42459, 9d88716d-5d6b-4fd8-b832-a110dc45ee66:192.168.34.38:38211], old=null
2019-10-16 21:53:14,990 [grpc-default-executor-0] INFO  impl.RaftServerImpl (RaftServerImpl.java:setRole(184)) - 9d88716d-5d6b-4fd8-b832-a110dc45ee66@group-EE856C9543A1: changes role from  FOLLOWER to FOLLOWER at term 186 for recognizeCandidate:5c3956af-60d3-411f-8c98-c7ed3576de5c
2019-10-16 21:53:14,990 [grpc-default-executor-0] INFO  impl.RoleInfo (RoleInfo.java:shutdownFollowerState(121)) - 9d88716d-5d6b-4fd8-b832-a110dc45ee66: shutdown FollowerState
2019-10-16 21:53:14,990 [Thread-1403] INFO  impl.FollowerState (FollowerState.java:run(117)) - 9d88716d-5d6b-4fd8-b832-a110dc45ee66@group-EE856C9543A1-FollowerState was interrupted: java.lang.InterruptedException: sleep interrupted
2019-10-16 21:53:14,990 [grpc-default-executor-1] INFO  impl.RaftServerImpl (RaftServerImpl.java:setRole(184)) - efb933de-cdd8-4d8d-88d2-4c7ffe0dec1a@group-EE856C9543A1: changes role from  FOLLOWER to FOLLOWER at term 186 for recognizeCandidate:5c3956af-60d3-411f-8c98-c7ed3576de5c
2019-10-16 21:53:14,991 [grpc-default-executor-1] INFO  impl.RoleInfo (RoleInfo.java:shutdownFollowerState(121)) - efb933de-cdd8-4d8d-88d2-4c7ffe0dec1a: shutdown FollowerState
2019-10-16 21:53:14,990 [grpc-default-executor-0] INFO  impl.RoleInfo (RoleInfo.java:updateAndGet(143)) - 9d88716d-5d6b-4fd8-b832-a110dc45ee66: start FollowerState
2019-10-16 21:53:14,991 [Thread-1404] INFO  impl.FollowerState (FollowerState.java:run(117)) - efb933de-cdd8-4d8d-88d2-4c7ffe0dec1a@group-EE856C9543A1-FollowerState was interrupted: java.lang.InterruptedException: sleep interrupted
2019-10-16 21:53:14,991 [grpc-default-executor-1] INFO  impl.RoleInfo (RoleInfo.java:updateAndGet(143)) - efb933de-cdd8-4d8d-88d2-4c7ffe0dec1a: start FollowerState
2019-10-16 21:53:15,013 [5c3956af-60d3-411f-8c98-c7ed3576de5c@group-EE856C9543A1-LeaderElection179] INFO  impl.LeaderElection (LeaderElection.java:logAndReturn(56)) - 5c3956af-60d3-411f-8c98-c7ed3576de5c@group-EE856C9543A1-LeaderElection179: Election REJECTED; received 2 response(s) [5c3956af-60d3-411f-8c98-c7ed3576de5c<-efb933de-cdd8-4d8d-88d2-4c7ffe0dec1a#0:FAIL-t186, 5c3956af-60d3-411f-8c98-c7ed3576de5c<-9d88716d-5d6b-4fd8-b832-a110dc45ee66#0:FAIL-t186] and 0 exception(s); 5c3956af-60d3-411f-8c98-c7ed3576de5c@group-EE856C9543A1:t186, leader=null, voted=5c3956af-60d3-411f-8c98-c7ed3576de5c, raftlog=5c3956af-60d3-411f-8c98-c7ed3576de5c@group-EE856C9543A1-SegmentedRaftLog:OPENED:c-1,f-1,i0, conf=-1: [5c3956af-60d3-411f-8c98-c7ed3576de5c:192.168.34.38:33787, efb933de-cdd8-4d8d-88d2-4c7ffe0dec1a:192.168.34.38:42459, 9d88716d-5d6b-4fd8-b832-a110dc45ee66:192.168.34.38:38211], old=null
2019-10-16 21:53:15,013 [5c3956af-60d3-411f-8c98-c7ed3576de5c@group-EE856C9543A1-LeaderElection179] INFO  impl.RaftServerImpl (RaftServerImpl.java:setRole(184)) - 5c3956af-60d3-411f-8c98-c7ed3576de5c@group-EE856C9543A1: changes role from CANDIDATE to FOLLOWER at term 186 for DISCOVERED_A_NEW_TERM
2019-10-16 21:53:15,013 [5c3956af-60d3-411f-8c98-c7ed3576de5c@group-EE856C9543A1-LeaderElection179] INFO  impl.RoleInfo (RoleInfo.java:shutdownLeaderElection(134)) - 5c3956af-60d3-411f-8c98-c7ed3576de5c: shutdown LeaderElection
2019-10-16 21:53:15,013 [5c3956af-60d3-411f-8c98-c7ed3576de5c@group-EE856C9543A1-LeaderElection179] INFO  impl.RoleInfo (RoleInfo.java:updateAndGet(143)) - 5c3956af-60d3-411f-8c98-c7ed3576de5c: start FollowerState
2019-10-16 21:53:15,020 [Thread-1409] INFO  impl.FollowerState (FollowerState.java:run(108)) - 5c3956af-60d3-411f-8c98-c7ed3576de5c@group-EE856C9543A1-FollowerState: change to CANDIDATE, lastRpcTime:6ms, electionTimeout:6ms
2019-10-16 21:53:15,020 [Thread-1409] INFO  impl.RoleInfo (RoleInfo.java:shutdownFollowerState(121)) - 5c3956af-60d3-411f-8c98-c7ed3576de5c: shutdown FollowerState
2019-10-16 21:53:15,020 [Thread-1409] INFO  impl.RaftServerImpl (RaftServerImpl.java:setRole(184)) - 5c3956af-60d3-411f-8c98-c7ed3576de5c@group-EE856C9543A1: changes role from  FOLLOWER to CANDIDATE at term 186 for changeToCandidate
2019-10-16 21:53:15,020 [Thread-1409] INFO  impl.RoleInfo (RoleInfo.java:updateAndGet(143)) - 5c3956af-60d3-411f-8c98-c7ed3576de5c: start LeaderElection
2019-10-16 21:53:15,036 [5c3956af-60d3-411f-8c98-c7ed3576de5c@group-EE856C9543A1-LeaderElection180] INFO  impl.LeaderElection (LeaderElection.java:askForVotes(178)) - 5c3956af-60d3-411f-8c98-c7ed3576de5c@group-EE856C9543A1-LeaderElection180: begin an election at term 187 for -1: [5c3956af-60d3-411f-8c98-c7ed3576de5c:192.168.34.38:33787, efb933de-cdd8-4d8d-88d2-4c7ffe0dec1a:192.168.34.38:42459, 9d88716d-5d6b-4fd8-b832-a110dc45ee66:192.168.34.38:38211], old=null
2019-10-16 21:53:15,039 [grpc-default-executor-1] INFO  impl.RaftServerImpl (RaftServerImpl.java:setRole(184)) - efb933de-cdd8-4d8d-88d2-4c7ffe0dec1a@group-EE856C9543A1: changes role from  FOLLOWER to FOLLOWER at term 187 for recognizeCandidate:5c3956af-60d3-411f-8c98-c7ed3576de5c
2019-10-16 21:53:15,039 [grpc-default-executor-1] INFO  impl.RoleInfo (RoleInfo.java:shutdownFollowerState(121)) - efb933de-cdd8-4d8d-88d2-4c7ffe0dec1a: shutdown FollowerState
2019-10-16 21:53:15,039 [grpc-default-executor-0] INFO  impl.RaftServerImpl (RaftServerImpl.java:setRole(184)) - 9d88716d-5d6b-4fd8-b832-a110dc45ee66@group-EE856C9543A1: changes role from  FOLLOWER to FOLLOWER at term 187 for recognizeCandidate:5c3956af-60d3-411f-8c98-c7ed3576de5c
2019-10-16 21:53:15,039 [Thread-1408] INFO  impl.FollowerState (FollowerState.java:run(117)) - efb933de-cdd8-4d8d-88d2-4c7ffe0dec1a@group-EE856C9543A1-FollowerState was interrupted: java.lang.InterruptedException: sleep interrupted
2019-10-16 21:53:15,039 [grpc-default-executor-1] INFO  impl.RoleInfo (RoleInfo.java:updateAndGet(143)) - efb933de-cdd8-4d8d-88d2-4c7ffe0dec1a: start FollowerState
2019-10-16 21:53:15,039 [grpc-default-executor-0] INFO  impl.RoleInfo (RoleInfo.java:shutdownFollowerState(121)) - 9d88716d-5d6b-4fd8-b832-a110dc45ee66: shutdown FollowerState
2019-10-16 21:53:15,040 [grpc-default-executor-0] INFO  impl.RoleInfo (RoleInfo.java:updateAndGet(143)) - 9d88716d-5d6b-4fd8-b832-a110dc45ee66: start FollowerState
2019-10-16 21:53:15,040 [Thread-1407] INFO  impl.FollowerState (FollowerState.java:run(117)) - 9d88716d-5d6b-4fd8-b832-a110dc45ee66@group-EE856C9543A1-FollowerState was interrupted: java.lang.InterruptedException: sleep interrupted
2019-10-16 21:53:15,042 [5c3956af-60d3-411f-8c98-c7ed3576de5c@group-EE856C9543A1-LeaderElection180] INFO  impl.LeaderElection (LeaderElection.java:logAndReturn(56)) - 5c3956af-60d3-411f-8c98-c7ed3576de5c@group-EE856C9543A1-LeaderElection180: Election TIMEOUT; received 0 response(s) [] and 0 exception(s); 5c3956af-60d3-411f-8c98-c7ed3576de5c@group-EE856C9543A1:t187, leader=null, voted=5c3956af-60d3-411f-8c98-c7ed3576de5c, raftlog=5c3956af-60d3-411f-8c98-c7ed3576de5c@group-EE856C9543A1-SegmentedRaftLog:OPENED:c-1,f-1,i0, conf=-1: [5c3956af-60d3-411f-8c98-c7ed3576de5c:192.168.34.38:33787, efb933de-cdd8-4d8d-88d2-4c7ffe0dec1a:192.168.34.38:42459, 9d88716d-5d6b-4fd8-b832-a110dc45ee66:192.168.34.38:38211], old=null
2019-10-16 21:53:15,053 [5c3956af-60d3-411f-8c98-c7ed3576de5c@group-EE856C9543A1-LeaderElection180] INFO  impl.LeaderElection (LeaderElection.java:askForVotes(178)) - 5c3956af-60d3-411f-8c98-c7ed3576de5c@group-EE856C9543A1-LeaderElection180: begin an election at term 188 for -1: [5c3956af-60d3-411f-8c98-c7ed3576de5c:192.168.34.38:33787, efb933de-cdd8-4d8d-88d2-4c7ffe0dec1a:192.168.34.38:42459, 9d88716d-5d6b-4fd8-b832-a110dc45ee66:192.168.34.38:38211], old=null
2019-10-16 21:53:15,054 [grpc-default-executor-1] INFO  impl.RaftServerImpl (RaftServerImpl.java:setRole(184)) - efb933de-cdd8-4d8d-88d2-4c7ffe0dec1a@group-EE856C9543A1: changes role from  FOLLOWER to FOLLOWER at term 188 for recognizeCandidate:5c3956af-60d3-411f-8c98-c7ed3576de5c
2019-10-16 21:53:15,054 [grpc-default-executor-1] INFO  impl.RoleInfo (RoleInfo.java:shutdownFollowerState(121)) - efb933de-cdd8-4d8d-88d2-4c7ffe0dec1a: shutdown FollowerState
2019-10-16 21:53:15,054 [grpc-default-executor-1] INFO  impl.RoleInfo (RoleInfo.java:updateAndGet(143)) - efb933de-cdd8-4d8d-88d2-4c7ffe0dec1a: start FollowerState
2019-10-16 21:53:15,054 [Thread-1413] INFO  impl.FollowerState (FollowerState.java:run(117)) - efb933de-cdd8-4d8d-88d2-4c7ffe0dec1a@group-EE856C9543A1-FollowerState was interrupted: java.lang.InterruptedException: sleep interrupted
2019-10-16 21:53:15,055 [grpc-default-executor-0] INFO  impl.RaftServerImpl (RaftServerImpl.java:setRole(184)) - 9d88716d-5d6b-4fd8-b832-a110dc45ee66@group-EE856C9543A1: changes role from  FOLLOWER to FOLLOWER at term 188 for recognizeCandidate:5c3956af-60d3-411f-8c98-c7ed3576de5c
2019-10-16 21:53:15,055 [grpc-default-executor-0] INFO  impl.RoleInfo (RoleInfo.java:shutdownFollowerState(121)) - 9d88716d-5d6b-4fd8-b832-a110dc45ee66: shutdown FollowerState
2019-10-16 21:53:15,055 [grpc-default-executor-0] INFO  impl.RoleInfo (RoleInfo.java:updateAndGet(143)) - 9d88716d-5d6b-4fd8-b832-a110dc45ee66: start FollowerState
2019-10-16 21:53:15,055 [Thread-1414] INFO  impl.FollowerState (FollowerState.java:run(117)) - 9d88716d-5d6b-4fd8-b832-a110dc45ee66@group-EE856C9543A1-FollowerState was interrupted: java.lang.InterruptedException: sleep interrupted
2019-10-16 21:53:15,069 [5c3956af-60d3-411f-8c98-c7ed3576de5c@group-EE856C9543A1-LeaderElection180] INFO  impl.LeaderElection (LeaderElection.java:logAndReturn(56)) - 5c3956af-60d3-411f-8c98-c7ed3576de5c@group-EE856C9543A1-LeaderElection180: Election REJECTED; received 2 response(s) [5c3956af-60d3-411f-8c98-c7ed3576de5c<-efb933de-cdd8-4d8d-88d2-4c7ffe0dec1a#0:FAIL-t188, 5c3956af-60d3-411f-8c98-c7ed3576de5c<-9d88716d-5d6b-4fd8-b832-a110dc45ee66#0:FAIL-t188] and 0 exception(s); 5c3956af-60d3-411f-8c98-c7ed3576de5c@group-EE856C9543A1:t188, leader=null, voted=5c3956af-60d3-411f-8c98-c7ed3576de5c, raftlog=5c3956af-60d3-411f-8c98-c7ed3576de5c@group-EE856C9543A1-SegmentedRaftLog:OPENED:c-1,f-1,i0, conf=-1: [5c3956af-60d3-411f-8c98-c7ed3576de5c:192.168.34.38:33787, efb933de-cdd8-4d8d-88d2-4c7ffe0dec1a:192.168.34.38:42459, 9d88716d-5d6b-4fd8-b832-a110dc45ee66:192.168.34.38:38211], old=null
2019-10-16 21:53:15,069 [5c3956af-60d3-411f-8c98-c7ed3576de5c@group-EE856C9543A1-LeaderElection180] INFO  impl.RaftServerImpl (RaftServerImpl.java:setRole(184)) - 5c3956af-60d3-411f-8c98-c7ed3576de5c@group-EE856C9543A1: changes role from CANDIDATE to FOLLOWER at term 188 for DISCOVERED_A_NEW_TERM
2019-10-16 21:53:15,069 [5c3956af-60d3-411f-8c98-c7ed3576de5c@group-EE856C9543A1-LeaderElection180] INFO  impl.RoleInfo (RoleInfo.java:shutdownLeaderElection(134)) - 5c3956af-60d3-411f-8c98-c7ed3576de5c: shutdown LeaderElection
2019-10-16 21:53:15,070 [5c3956af-60d3-411f-8c98-c7ed3576de5c@group-EE856C9543A1-LeaderElection180] INFO  impl.RoleInfo (RoleInfo.java:updateAndGet(143)) - 5c3956af-60d3-411f-8c98-c7ed3576de5c: start FollowerState
2019-10-16 21:53:15,123 [Thread-1419] INFO  impl.FollowerState (FollowerState.java:run(108)) - 5c3956af-60d3-411f-8c98-c7ed3576de5c@group-EE856C9543A1-FollowerState: change to CANDIDATE, lastRpcTime:53ms, electionTimeout:53ms
2019-10-16 21:53:15,123 [Thread-1419] INFO  impl.RoleInfo (RoleInfo.java:shutdownFollowerState(121)) - 5c3956af-60d3-411f-8c98-c7ed3576de5c: shutdown FollowerState
2019-10-16 21:53:15,123 [Thread-1419] INFO  impl.RaftServerImpl (RaftServerImpl.java:setRole(184)) - 5c3956af-60d3-411f-8c98-c7ed3576de5c@group-EE856C9543A1: changes role from  FOLLOWER to CANDIDATE at term 188 for changeToCandidate
2019-10-16 21:53:15,123 [Thread-1419] INFO  impl.RoleInfo (RoleInfo.java:updateAndGet(143)) - 5c3956af-60d3-411f-8c98-c7ed3576de5c: start LeaderElection
2019-10-16 21:53:15,137 [5c3956af-60d3-411f-8c98-c7ed3576de5c@group-EE856C9543A1-LeaderElection181] INFO  impl.LeaderElection (LeaderElection.java:askForVotes(178)) - 5c3956af-60d3-411f-8c98-c7ed3576de5c@group-EE856C9543A1-LeaderElection181: begin an election at term 189 for -1: [5c3956af-60d3-411f-8c98-c7ed3576de5c:192.168.34.38:33787, efb933de-cdd8-4d8d-88d2-4c7ffe0dec1a:192.168.34.38:42459, 9d88716d-5d6b-4fd8-b832-a110dc45ee66:192.168.34.38:38211], old=null
2019-10-16 21:53:15,139 [grpc-default-executor-1] INFO  impl.RaftServerImpl (RaftServerImpl.java:setRole(184)) - efb933de-cdd8-4d8d-88d2-4c7ffe0dec1a@group-EE856C9543A1: changes role from  FOLLOWER to FOLLOWER at term 189 for recognizeCandidate:5c3956af-60d3-411f-8c98-c7ed3576de5c
2019-10-16 21:53:15,139 [grpc-default-executor-0] INFO  impl.RaftServerImpl (RaftServerImpl.java:setRole(184)) - 9d88716d-5d6b-4fd8-b832-a110dc45ee66@group-EE856C9543A1: changes role from  FOLLOWER to FOLLOWER at term 189 for recognizeCandidate:5c3956af-60d3-411f-8c98-c7ed3576de5c
2019-10-16 21:53:15,140 [grpc-default-executor-1] INFO  impl.RoleInfo (RoleInfo.java:shutdownFollowerState(121)) - efb933de-cdd8-4d8d-88d2-4c7ffe0dec1a: shutdown FollowerState
2019-10-16 21:53:15,140 [grpc-default-executor-0] INFO  impl.RoleInfo (RoleInfo.java:shutdownFollowerState(121)) - 9d88716d-5d6b-4fd8-b832-a110dc45ee66: shutdown FollowerState
2019-10-16 21:53:15,140 [Thread-1417] INFO  impl.FollowerState (FollowerState.java:run(117)) - efb933de-cdd8-4d8d-88d2-4c7ffe0dec1a@group-EE856C9543A1-FollowerState was interrupted: java.lang.InterruptedException: sleep interrupted
2019-10-16 21:53:15,140 [grpc-default-executor-1] INFO  impl.RoleInfo (RoleInfo.java:updateAndGet(143)) - efb933de-cdd8-4d8d-88d2-4c7ffe0dec1a: start FollowerState
2019-10-16 21:53:15,140 [grpc-default-executor-0] INFO  impl.RoleInfo (RoleInfo.java:updateAndGet(143)) - 9d88716d-5d6b-4fd8-b832-a110dc45ee66: start FollowerState
2019-10-16 21:53:15,140 [Thread-1418] INFO  impl.FollowerState (FollowerState.java:run(117)) - 9d88716d-5d6b-4fd8-b832-a110dc45ee66@group-EE856C9543A1-FollowerState was interrupted: java.lang.InterruptedException: sleep interrupted
2019-10-16 21:53:15,145 [5c3956af-60d3-411f-8c98-c7ed3576de5c@group-EE856C9543A1-LeaderElection181] INFO  impl.LeaderElection (LeaderElection.java:logAndReturn(56)) - 5c3956af-60d3-411f-8c98-c7ed3576de5c@group-EE856C9543A1-LeaderElection181: Election REJECTED; received 2 response(s) [5c3956af-60d3-411f-8c98-c7ed3576de5c<-efb933de-cdd8-4d8d-88d2-4c7ffe0dec1a#0:FAIL-t189, 5c3956af-60d3-411f-8c98-c7ed3576de5c<-9d88716d-5d6b-4fd8-b832-a110dc45ee66#0:FAIL-t189] and 0 exception(s); 5c3956af-60d3-411f-8c98-c7ed3576de5c@group-EE856C9543A1:t189, leader=null, voted=5c3956af-60d3-411f-8c98-c7ed3576de5c, raftlog=5c3956af-60d3-411f-8c98-c7ed3576de5c@group-EE856C9543A1-SegmentedRaftLog:OPENED:c-1,f-1,i0, conf=-1: [5c3956af-60d3-411f-8c98-c7ed3576de5c:192.168.34.38:33787, efb933de-cdd8-4d8d-88d2-4c7ffe0dec1a:192.168.34.38:42459, 9d88716d-5d6b-4fd8-b832-a110dc45ee66:192.168.34.38:38211], old=null
2019-10-16 21:53:15,145 [5c3956af-60d3-411f-8c98-c7ed3576de5c@group-EE856C9543A1-LeaderElection181] INFO  impl.RaftServerImpl (RaftServerImpl.java:setRole(184)) - 5c3956af-60d3-411f-8c98-c7ed3576de5c@group-EE856C9543A1: changes role from CANDIDATE to FOLLOWER at term 189 for DISCOVERED_A_NEW_TERM
2019-10-16 21:53:15,145 [5c3956af-60d3-411f-8c98-c7ed3576de5c@group-EE856C9543A1-LeaderElection181] INFO  impl.RoleInfo (RoleInfo.java:shutdownLeaderElection(134)) - 5c3956af-60d3-411f-8c98-c7ed3576de5c: shutdown LeaderElection
2019-10-16 21:53:15,145 [5c3956af-60d3-411f-8c98-c7ed3576de5c@group-EE856C9543A1-LeaderElection181] INFO  impl.RoleInfo (RoleInfo.java:updateAndGet(143)) - 5c3956af-60d3-411f-8c98-c7ed3576de5c: start FollowerState
2019-10-16 21:53:15,238 [Thread-1425] INFO  impl.FollowerState (FollowerState.java:run(108)) - 5c3956af-60d3-411f-8c98-c7ed3576de5c@group-EE856C9543A1-FollowerState: change to CANDIDATE, lastRpcTime:93ms, electionTimeout:93ms
2019-10-16 21:53:15,238 [Thread-1425] INFO  impl.RoleInfo (RoleInfo.java:shutdownFollowerState(121)) - 5c3956af-60d3-411f-8c98-c7ed3576de5c: shutdown FollowerState
2019-10-16 21:53:15,239 [Thread-1425] INFO  impl.RaftServerImpl (RaftServerImpl.java:setRole(184)) - 5c3956af-60d3-411f-8c98-c7ed3576de5c@group-EE856C9543A1: changes role from  FOLLOWER to CANDIDATE at term 189 for changeToCandidate
2019-10-16 21:53:15,239 [Thread-1425] INFO  impl.RoleInfo (RoleInfo.java:updateAndGet(143)) - 5c3956af-60d3-411f-8c98-c7ed3576de5c: start LeaderElection
2019-10-16 21:53:15,406 [JUnit] INFO  ozone.MiniOzoneClusterImpl (MiniOzoneClusterImpl.java:lambda$waitForClusterToBeReady$2(164)) - Waiting for 1 number of pipelines out of 6, to report a leader.
2019-10-16 21:53:15,863 [5c3956af-60d3-411f-8c98-c7ed3576de5c@group-EE856C9543A1-LeaderElection182] INFO  impl.LeaderElection (LeaderElection.java:askForVotes(178)) - 5c3956af-60d3-411f-8c98-c7ed3576de5c@group-EE856C9543A1-LeaderElection182: begin an election at term 190 for -1: [5c3956af-60d3-411f-8c98-c7ed3576de5c:192.168.34.38:33787, efb933de-cdd8-4d8d-88d2-4c7ffe0dec1a:192.168.34.38:42459, 9d88716d-5d6b-4fd8-b832-a110dc45ee66:192.168.34.38:38211], old=null
2019-10-16 21:53:15,866 [grpc-default-executor-1] INFO  impl.RaftServerImpl (RaftServerImpl.java:setRole(184)) - 9d88716d-5d6b-4fd8-b832-a110dc45ee66@group-EE856C9543A1: changes role from  FOLLOWER to FOLLOWER at term 190 for recognizeCandidate:5c3956af-60d3-411f-8c98-c7ed3576de5c
2019-10-16 21:53:15,866 [grpc-default-executor-0] INFO  impl.RaftServerImpl (RaftServerImpl.java:setRole(184)) - efb933de-cdd8-4d8d-88d2-4c7ffe0dec1a@group-EE856C9543A1: changes role from  FOLLOWER to FOLLOWER at term 190 for recognizeCandidate:5c3956af-60d3-411f-8c98-c7ed3576de5c
2019-10-16 21:53:15,866 [grpc-default-executor-1] INFO  impl.RoleInfo (RoleInfo.java:shutdownFollowerState(121)) - 9d88716d-5d6b-4fd8-b832-a110dc45ee66: shutdown FollowerState
2019-10-16 21:53:15,866 [grpc-default-executor-0] INFO  impl.RoleInfo (RoleInfo.java:shutdownFollowerState(121)) - efb933de-cdd8-4d8d-88d2-4c7ffe0dec1a: shutdown FollowerState
2019-10-16 21:53:15,867 [Thread-1424] INFO  impl.FollowerState (FollowerState.java:run(117)) - 9d88716d-5d6b-4fd8-b832-a110dc45ee66@group-EE856C9543A1-FollowerState was interrupted: java.lang.InterruptedException: sleep interrupted
2019-10-16 21:53:15,867 [grpc-default-executor-1] INFO  impl.RoleInfo (RoleInfo.java:updateAndGet(143)) - 9d88716d-5d6b-4fd8-b832-a110dc45ee66: start FollowerState
2019-10-16 21:53:15,867 [Thread-1423] INFO  impl.FollowerState (FollowerState.java:run(117)) - efb933de-cdd8-4d8d-88d2-4c7ffe0dec1a@group-EE856C9543A1-FollowerState was interrupted: java.lang.InterruptedException: sleep interrupted
2019-10-16 21:53:15,867 [grpc-default-executor-0] INFO  impl.RoleInfo (RoleInfo.java:updateAndGet(143)) - efb933de-cdd8-4d8d-88d2-4c7ffe0dec1a: start FollowerState
2019-10-16 21:53:15,874 [5c3956af-60d3-411f-8c98-c7ed3576de5c@group-EE856C9543A1-LeaderElection182] INFO  impl.LeaderElection (LeaderElection.java:logAndReturn(56)) - 5c3956af-60d3-411f-8c98-c7ed3576de5c@group-EE856C9543A1-LeaderElection182: Election REJECTED; received 2 response(s) [5c3956af-60d3-411f-8c98-c7ed3576de5c<-efb933de-cdd8-4d8d-88d2-4c7ffe0dec1a#0:FAIL-t190, 5c3956af-60d3-411f-8c98-c7ed3576de5c<-9d88716d-5d6b-4fd8-b832-a110dc45ee66#0:FAIL-t190] and 0 exception(s); 5c3956af-60d3-411f-8c98-c7ed3576de5c@group-EE856C9543A1:t190, leader=null, voted=5c3956af-60d3-411f-8c98-c7ed3576de5c, raftlog=5c3956af-60d3-411f-8c98-c7ed3576de5c@group-EE856C9543A1-SegmentedRaftLog:OPENED:c-1,f-1,i0, conf=-1: [5c3956af-60d3-411f-8c98-c7ed3576de5c:192.168.34.38:33787, efb933de-cdd8-4d8d-88d2-4c7ffe0dec1a:192.168.34.38:42459, 9d88716d-5d6b-4fd8-b832-a110dc45ee66:192.168.34.38:38211], old=null
2019-10-16 21:53:15,874 [5c3956af-60d3-411f-8c98-c7ed3576de5c@group-EE856C9543A1-LeaderElection182] INFO  impl.RaftServerImpl (RaftServerImpl.java:setRole(184)) - 5c3956af-60d3-411f-8c98-c7ed3576de5c@group-EE856C9543A1: changes role from CANDIDATE to FOLLOWER at term 190 for DISCOVERED_A_NEW_TERM
2019-10-16 21:53:15,874 [5c3956af-60d3-411f-8c98-c7ed3576de5c@group-EE856C9543A1-LeaderElection182] INFO  impl.RoleInfo (RoleInfo.java:shutdownLeaderElection(134)) - 5c3956af-60d3-411f-8c98-c7ed3576de5c: shutdown LeaderElection
2019-10-16 21:53:15,875 [5c3956af-60d3-411f-8c98-c7ed3576de5c@group-EE856C9543A1-LeaderElection182] INFO  impl.RoleInfo (RoleInfo.java:updateAndGet(143)) - 5c3956af-60d3-411f-8c98-c7ed3576de5c: start FollowerState
2019-10-16 21:53:15,926 [Thread-1431] INFO  impl.FollowerState (FollowerState.java:run(108)) - 5c3956af-60d3-411f-8c98-c7ed3576de5c@group-EE856C9543A1-FollowerState: change to CANDIDATE, lastRpcTime:51ms, electionTimeout:51ms
2019-10-16 21:53:15,926 [Thread-1431] INFO  impl.RoleInfo (RoleInfo.java:shutdownFollowerState(121)) - 5c3956af-60d3-411f-8c98-c7ed3576de5c: shutdown FollowerState
2019-10-16 21:53:15,926 [Thread-1431] INFO  impl.RaftServerImpl (RaftServerImpl.java:setRole(184)) - 5c3956af-60d3-411f-8c98-c7ed3576de5c@group-EE856C9543A1: changes role from  FOLLOWER to CANDIDATE at term 190 for changeToCandidate
2019-10-16 21:53:15,927 [Thread-1431] INFO  impl.RoleInfo (RoleInfo.java:updateAndGet(143)) - 5c3956af-60d3-411f-8c98-c7ed3576de5c: start LeaderElection
2019-10-16 21:53:16,020 [5c3956af-60d3-411f-8c98-c7ed3576de5c@group-EE856C9543A1-LeaderElection183] INFO  impl.LeaderElection (LeaderElection.java:askForVotes(178)) - 5c3956af-60d3-411f-8c98-c7ed3576de5c@group-EE856C9543A1-LeaderElection183: begin an election at term 191 for -1: [5c3956af-60d3-411f-8c98-c7ed3576de5c:192.168.34.38:33787, efb933de-cdd8-4d8d-88d2-4c7ffe0dec1a:192.168.34.38:42459, 9d88716d-5d6b-4fd8-b832-a110dc45ee66:192.168.34.38:38211], old=null
2019-10-16 21:53:16,023 [grpc-default-executor-0] INFO  impl.RaftServerImpl (RaftServerImpl.java:setRole(184)) - efb933de-cdd8-4d8d-88d2-4c7ffe0dec1a@group-EE856C9543A1: changes role from  FOLLOWER to FOLLOWER at term 191 for recognizeCandidate:5c3956af-60d3-411f-8c98-c7ed3576de5c
2019-10-16 21:53:16,023 [grpc-default-executor-1] INFO  impl.RaftServerImpl (RaftServerImpl.java:setRole(184)) - 9d88716d-5d6b-4fd8-b832-a110dc45ee66@group-EE856C9543A1: changes role from  FOLLOWER to FOLLOWER at term 191 for recognizeCandidate:5c3956af-60d3-411f-8c98-c7ed3576de5c
2019-10-16 21:53:16,023 [grpc-default-executor-0] INFO  impl.RoleInfo (RoleInfo.java:shutdownFollowerState(121)) - efb933de-cdd8-4d8d-88d2-4c7ffe0dec1a: shutdown FollowerState
2019-10-16 21:53:16,023 [grpc-default-executor-1] INFO  impl.RoleInfo (RoleInfo.java:shutdownFollowerState(121)) - 9d88716d-5d6b-4fd8-b832-a110dc45ee66: shutdown FollowerState
2019-10-16 21:53:16,023 [Thread-1430] INFO  impl.FollowerState (FollowerState.java:run(117)) - efb933de-cdd8-4d8d-88d2-4c7ffe0dec1a@group-EE856C9543A1-FollowerState was interrupted: java.lang.InterruptedException: sleep interrupted
2019-10-16 21:53:16,023 [grpc-default-executor-0] INFO  impl.RoleInfo (RoleInfo.java:updateAndGet(143)) - efb933de-cdd8-4d8d-88d2-4c7ffe0dec1a: start FollowerState
2019-10-16 21:53:16,024 [Thread-1429] INFO  impl.FollowerState (FollowerState.java:run(117)) - 9d88716d-5d6b-4fd8-b832-a110dc45ee66@group-EE856C9543A1-FollowerState was interrupted: java.lang.InterruptedException: sleep interrupted
2019-10-16 21:53:16,023 [grpc-default-executor-1] INFO  impl.RoleInfo (RoleInfo.java:updateAndGet(143)) - 9d88716d-5d6b-4fd8-b832-a110dc45ee66: start FollowerState
2019-10-16 21:53:16,051 [5c3956af-60d3-411f-8c98-c7ed3576de5c@group-EE856C9543A1-LeaderElection183] INFO  impl.LeaderElection (LeaderElection.java:logAndReturn(56)) - 5c3956af-60d3-411f-8c98-c7ed3576de5c@group-EE856C9543A1-LeaderElection183: Election TIMEOUT; received 0 response(s) [] and 0 exception(s); 5c3956af-60d3-411f-8c98-c7ed3576de5c@group-EE856C9543A1:t191, leader=null, voted=5c3956af-60d3-411f-8c98-c7ed3576de5c, raftlog=5c3956af-60d3-411f-8c98-c7ed3576de5c@group-EE856C9543A1-SegmentedRaftLog:OPENED:c-1,f-1,i0, conf=-1: [5c3956af-60d3-411f-8c98-c7ed3576de5c:192.168.34.38:33787, efb933de-cdd8-4d8d-88d2-4c7ffe0dec1a:192.168.34.38:42459, 9d88716d-5d6b-4fd8-b832-a110dc45ee66:192.168.34.38:38211], old=null
2019-10-16 21:53:16,071 [5c3956af-60d3-411f-8c98-c7ed3576de5c@group-EE856C9543A1-LeaderElection183] INFO  impl.LeaderElection (LeaderElection.java:askForVotes(178)) - 5c3956af-60d3-411f-8c98-c7ed3576de5c@group-EE856C9543A1-LeaderElection183: begin an election at term 192 for -1: [5c3956af-60d3-411f-8c98-c7ed3576de5c:192.168.34.38:33787, efb933de-cdd8-4d8d-88d2-4c7ffe0dec1a:192.168.34.38:42459, 9d88716d-5d6b-4fd8-b832-a110dc45ee66:192.168.34.38:38211], old=null
2019-10-16 21:53:16,074 [grpc-default-executor-0] INFO  impl.RaftServerImpl (RaftServerImpl.java:setRole(184)) - efb933de-cdd8-4d8d-88d2-4c7ffe0dec1a@group-EE856C9543A1: changes role from  FOLLOWER to FOLLOWER at term 192 for recognizeCandidate:5c3956af-60d3-411f-8c98-c7ed3576de5c
2019-10-16 21:53:16,074 [grpc-default-executor-0] INFO  impl.RoleInfo (RoleInfo.java:shutdownFollowerState(121)) - efb933de-cdd8-4d8d-88d2-4c7ffe0dec1a: shutdown FollowerState
2019-10-16 21:53:16,074 [grpc-default-executor-1] INFO  impl.RaftServerImpl (RaftServerImpl.java:setRole(184)) - 9d88716d-5d6b-4fd8-b832-a110dc45ee66@group-EE856C9543A1: changes role from  FOLLOWER to FOLLOWER at term 192 for recognizeCandidate:5c3956af-60d3-411f-8c98-c7ed3576de5c
2019-10-16 21:53:16,074 [Thread-1435] INFO  impl.FollowerState (FollowerState.java:run(117)) - efb933de-cdd8-4d8d-88d2-4c7ffe0dec1a@group-EE856C9543A1-FollowerState was interrupted: java.lang.InterruptedException: sleep interrupted
2019-10-16 21:53:16,074 [grpc-default-executor-0] INFO  impl.RoleInfo (RoleInfo.java:updateAndGet(143)) - efb933de-cdd8-4d8d-88d2-4c7ffe0dec1a: start FollowerState
2019-10-16 21:53:16,074 [grpc-default-executor-1] INFO  impl.RoleInfo (RoleInfo.java:shutdownFollowerState(121)) - 9d88716d-5d6b-4fd8-b832-a110dc45ee66: shutdown FollowerState
2019-10-16 21:53:16,075 [grpc-default-executor-1] INFO  impl.RoleInfo (RoleInfo.java:updateAndGet(143)) - 9d88716d-5d6b-4fd8-b832-a110dc45ee66: start FollowerState
2019-10-16 21:53:16,075 [Thread-1436] INFO  impl.FollowerState (FollowerState.java:run(117)) - 9d88716d-5d6b-4fd8-b832-a110dc45ee66@group-EE856C9543A1-FollowerState was interrupted: java.lang.InterruptedException: sleep interrupted
2019-10-16 21:53:16,082 [5c3956af-60d3-411f-8c98-c7ed3576de5c@group-EE856C9543A1-LeaderElection183] INFO  impl.LeaderElection (LeaderElection.java:logAndReturn(56)) - 5c3956af-60d3-411f-8c98-c7ed3576de5c@group-EE856C9543A1-LeaderElection183: Election REJECTED; received 2 response(s) [5c3956af-60d3-411f-8c98-c7ed3576de5c<-efb933de-cdd8-4d8d-88d2-4c7ffe0dec1a#0:FAIL-t192, 5c3956af-60d3-411f-8c98-c7ed3576de5c<-9d88716d-5d6b-4fd8-b832-a110dc45ee66#0:FAIL-t192] and 0 exception(s); 5c3956af-60d3-411f-8c98-c7ed3576de5c@group-EE856C9543A1:t192, leader=null, voted=5c3956af-60d3-411f-8c98-c7ed3576de5c, raftlog=5c3956af-60d3-411f-8c98-c7ed3576de5c@group-EE856C9543A1-SegmentedRaftLog:OPENED:c-1,f-1,i0, conf=-1: [5c3956af-60d3-411f-8c98-c7ed3576de5c:192.168.34.38:33787, efb933de-cdd8-4d8d-88d2-4c7ffe0dec1a:192.168.34.38:42459, 9d88716d-5d6b-4fd8-b832-a110dc45ee66:192.168.34.38:38211], old=null
2019-10-16 21:53:16,082 [5c3956af-60d3-411f-8c98-c7ed3576de5c@group-EE856C9543A1-LeaderElection183] INFO  impl.RaftServerImpl (RaftServerImpl.java:setRole(184)) - 5c3956af-60d3-411f-8c98-c7ed3576de5c@group-EE856C9543A1: changes role from CANDIDATE to FOLLOWER at term 192 for DISCOVERED_A_NEW_TERM
2019-10-16 21:53:16,083 [5c3956af-60d3-411f-8c98-c7ed3576de5c@group-EE856C9543A1-LeaderElection183] INFO  impl.RoleInfo (RoleInfo.java:shutdownLeaderElection(134)) - 5c3956af-60d3-411f-8c98-c7ed3576de5c: shutdown LeaderElection
2019-10-16 21:53:16,083 [5c3956af-60d3-411f-8c98-c7ed3576de5c@group-EE856C9543A1-LeaderElection183] INFO  impl.RoleInfo (RoleInfo.java:updateAndGet(143)) - 5c3956af-60d3-411f-8c98-c7ed3576de5c: start FollowerState
2019-10-16 21:53:16,094 [Thread-1441] INFO  impl.FollowerState (FollowerState.java:run(108)) - 5c3956af-60d3-411f-8c98-c7ed3576de5c@group-EE856C9543A1-FollowerState: change to CANDIDATE, lastRpcTime:11ms, electionTimeout:11ms
2019-10-16 21:53:16,094 [Thread-1441] INFO  impl.RoleInfo (RoleInfo.java:shutdownFollowerState(121)) - 5c3956af-60d3-411f-8c98-c7ed3576de5c: shutdown FollowerState
2019-10-16 21:53:16,094 [Thread-1441] INFO  impl.RaftServerImpl (RaftServerImpl.java:setRole(184)) - 5c3956af-60d3-411f-8c98-c7ed3576de5c@group-EE856C9543A1: changes role from  FOLLOWER to CANDIDATE at term 192 for changeToCandidate
2019-10-16 21:53:16,095 [Thread-1441] INFO  impl.RoleInfo (RoleInfo.java:updateAndGet(143)) - 5c3956af-60d3-411f-8c98-c7ed3576de5c: start LeaderElection
2019-10-16 21:53:16,105 [5c3956af-60d3-411f-8c98-c7ed3576de5c@group-EE856C9543A1-LeaderElection184] INFO  impl.LeaderElection (LeaderElection.java:askForVotes(178)) - 5c3956af-60d3-411f-8c98-c7ed3576de5c@group-EE856C9543A1-LeaderElection184: begin an election at term 193 for -1: [5c3956af-60d3-411f-8c98-c7ed3576de5c:192.168.34.38:33787, efb933de-cdd8-4d8d-88d2-4c7ffe0dec1a:192.168.34.38:42459, 9d88716d-5d6b-4fd8-b832-a110dc45ee66:192.168.34.38:38211], old=null
2019-10-16 21:53:16,108 [grpc-default-executor-1] INFO  impl.RaftServerImpl (RaftServerImpl.java:setRole(184)) - efb933de-cdd8-4d8d-88d2-4c7ffe0dec1a@group-EE856C9543A1: changes role from  FOLLOWER to FOLLOWER at term 193 for recognizeCandidate:5c3956af-60d3-411f-8c98-c7ed3576de5c
2019-10-16 21:53:16,108 [grpc-default-executor-1] INFO  impl.RoleInfo (RoleInfo.java:shutdownFollowerState(121)) - efb933de-cdd8-4d8d-88d2-4c7ffe0dec1a: shutdown FollowerState
2019-10-16 21:53:16,108 [grpc-default-executor-1] INFO  impl.RoleInfo (RoleInfo.java:updateAndGet(143)) - efb933de-cdd8-4d8d-88d2-4c7ffe0dec1a: start FollowerState
2019-10-16 21:53:16,108 [Thread-1439] INFO  impl.FollowerState (FollowerState.java:run(117)) - efb933de-cdd8-4d8d-88d2-4c7ffe0dec1a@group-EE856C9543A1-FollowerState was interrupted: java.lang.InterruptedException: sleep interrupted
2019-10-16 21:53:16,108 [grpc-default-executor-0] INFO  impl.RaftServerImpl (RaftServerImpl.java:setRole(184)) - 9d88716d-5d6b-4fd8-b832-a110dc45ee66@group-EE856C9543A1: changes role from  FOLLOWER to FOLLOWER at term 193 for recognizeCandidate:5c3956af-60d3-411f-8c98-c7ed3576de5c
2019-10-16 21:53:16,109 [grpc-default-executor-0] INFO  impl.RoleInfo (RoleInfo.java:shutdownFollowerState(121)) - 9d88716d-5d6b-4fd8-b832-a110dc45ee66: shutdown FollowerState
2019-10-16 21:53:16,109 [grpc-default-executor-0] INFO  impl.RoleInfo (RoleInfo.java:updateAndGet(143)) - 9d88716d-5d6b-4fd8-b832-a110dc45ee66: start FollowerState
2019-10-16 21:53:16,109 [Thread-1440] INFO  impl.FollowerState (FollowerState.java:run(117)) - 9d88716d-5d6b-4fd8-b832-a110dc45ee66@group-EE856C9543A1-FollowerState was interrupted: java.lang.InterruptedException: sleep interrupted
2019-10-16 21:53:16,138 [5c3956af-60d3-411f-8c98-c7ed3576de5c@group-EE856C9543A1-LeaderElection184] INFO  impl.LeaderElection (LeaderElection.java:logAndReturn(56)) - 5c3956af-60d3-411f-8c98-c7ed3576de5c@group-EE856C9543A1-LeaderElection184: Election REJECTED; received 2 response(s) [5c3956af-60d3-411f-8c98-c7ed3576de5c<-efb933de-cdd8-4d8d-88d2-4c7ffe0dec1a#0:FAIL-t193, 5c3956af-60d3-411f-8c98-c7ed3576de5c<-9d88716d-5d6b-4fd8-b832-a110dc45ee66#0:FAIL-t193] and 0 exception(s); 5c3956af-60d3-411f-8c98-c7ed3576de5c@group-EE856C9543A1:t193, leader=null, voted=5c3956af-60d3-411f-8c98-c7ed3576de5c, raftlog=5c3956af-60d3-411f-8c98-c7ed3576de5c@group-EE856C9543A1-SegmentedRaftLog:OPENED:c-1,f-1,i0, conf=-1: [5c3956af-60d3-411f-8c98-c7ed3576de5c:192.168.34.38:33787, efb933de-cdd8-4d8d-88d2-4c7ffe0dec1a:192.168.34.38:42459, 9d88716d-5d6b-4fd8-b832-a110dc45ee66:192.168.34.38:38211], old=null
2019-10-16 21:53:16,139 [5c3956af-60d3-411f-8c98-c7ed3576de5c@group-EE856C9543A1-LeaderElection184] INFO  impl.RaftServerImpl (RaftServerImpl.java:setRole(184)) - 5c3956af-60d3-411f-8c98-c7ed3576de5c@group-EE856C9543A1: changes role from CANDIDATE to FOLLOWER at term 193 for DISCOVERED_A_NEW_TERM
2019-10-16 21:53:16,139 [5c3956af-60d3-411f-8c98-c7ed3576de5c@group-EE856C9543A1-LeaderElection184] INFO  impl.RoleInfo (RoleInfo.java:shutdownLeaderElection(134)) - 5c3956af-60d3-411f-8c98-c7ed3576de5c: shutdown LeaderElection
2019-10-16 21:53:16,139 [5c3956af-60d3-411f-8c98-c7ed3576de5c@group-EE856C9543A1-LeaderElection184] INFO  impl.RoleInfo (RoleInfo.java:updateAndGet(143)) - 5c3956af-60d3-411f-8c98-c7ed3576de5c: start FollowerState
2019-10-16 21:53:16,139 [Thread-1447] INFO  impl.FollowerState (FollowerState.java:run(108)) - 5c3956af-60d3-411f-8c98-c7ed3576de5c@group-EE856C9543A1-FollowerState: change to CANDIDATE, lastRpcTime:0ms, electionTimeout:0ms
2019-10-16 21:53:16,139 [Thread-1447] INFO  impl.RoleInfo (RoleInfo.java:shutdownFollowerState(121)) - 5c3956af-60d3-411f-8c98-c7ed3576de5c: shutdown FollowerState
2019-10-16 21:53:16,139 [Thread-1447] INFO  impl.RaftServerImpl (RaftServerImpl.java:setRole(184)) - 5c3956af-60d3-411f-8c98-c7ed3576de5c@group-EE856C9543A1: changes role from  FOLLOWER to CANDIDATE at term 193 for changeToCandidate
2019-10-16 21:53:16,140 [Thread-1447] INFO  impl.RoleInfo (RoleInfo.java:updateAndGet(143)) - 5c3956af-60d3-411f-8c98-c7ed3576de5c: start LeaderElection
2019-10-16 21:53:16,150 [5c3956af-60d3-411f-8c98-c7ed3576de5c@group-EE856C9543A1-LeaderElection185] INFO  impl.LeaderElection (LeaderElection.java:askForVotes(178)) - 5c3956af-60d3-411f-8c98-c7ed3576de5c@group-EE856C9543A1-LeaderElection185: begin an election at term 194 for -1: [5c3956af-60d3-411f-8c98-c7ed3576de5c:192.168.34.38:33787, efb933de-cdd8-4d8d-88d2-4c7ffe0dec1a:192.168.34.38:42459, 9d88716d-5d6b-4fd8-b832-a110dc45ee66:192.168.34.38:38211], old=null
2019-10-16 21:53:16,152 [grpc-default-executor-0] INFO  impl.RaftServerImpl (RaftServerImpl.java:setRole(184)) - efb933de-cdd8-4d8d-88d2-4c7ffe0dec1a@group-EE856C9543A1: changes role from  FOLLOWER to FOLLOWER at term 194 for recognizeCandidate:5c3956af-60d3-411f-8c98-c7ed3576de5c
2019-10-16 21:53:16,152 [grpc-default-executor-0] INFO  impl.RoleInfo (RoleInfo.java:shutdownFollowerState(121)) - efb933de-cdd8-4d8d-88d2-4c7ffe0dec1a: shutdown FollowerState
2019-10-16 21:53:16,152 [grpc-default-executor-1] INFO  impl.RaftServerImpl (RaftServerImpl.java:setRole(184)) - 9d88716d-5d6b-4fd8-b832-a110dc45ee66@group-EE856C9543A1: changes role from  FOLLOWER to FOLLOWER at term 194 for recognizeCandidate:5c3956af-60d3-411f-8c98-c7ed3576de5c
2019-10-16 21:53:16,152 [Thread-1445] INFO  impl.FollowerState (FollowerState.java:run(117)) - efb933de-cdd8-4d8d-88d2-4c7ffe0dec1a@group-EE856C9543A1-FollowerState was interrupted: java.lang.InterruptedException: sleep interrupted
2019-10-16 21:53:16,152 [grpc-default-executor-0] INFO  impl.RoleInfo (RoleInfo.java:updateAndGet(143)) - efb933de-cdd8-4d8d-88d2-4c7ffe0dec1a: start FollowerState
2019-10-16 21:53:16,152 [grpc-default-executor-1] INFO  impl.RoleInfo (RoleInfo.java:shutdownFollowerState(121)) - 9d88716d-5d6b-4fd8-b832-a110dc45ee66: shutdown FollowerState
2019-10-16 21:53:16,153 [grpc-default-executor-1] INFO  impl.RoleInfo (RoleInfo.java:updateAndGet(143)) - 9d88716d-5d6b-4fd8-b832-a110dc45ee66: start FollowerState
2019-10-16 21:53:16,153 [Thread-1446] INFO  impl.FollowerState (FollowerState.java:run(117)) - 9d88716d-5d6b-4fd8-b832-a110dc45ee66@group-EE856C9543A1-FollowerState was interrupted: java.lang.InterruptedException: sleep interrupted
2019-10-16 21:53:16,170 [5c3956af-60d3-411f-8c98-c7ed3576de5c@group-EE856C9543A1-LeaderElection185] INFO  impl.LeaderElection (LeaderElection.java:logAndReturn(56)) - 5c3956af-60d3-411f-8c98-c7ed3576de5c@group-EE856C9543A1-LeaderElection185: Election TIMEOUT; received 0 response(s) [] and 0 exception(s); 5c3956af-60d3-411f-8c98-c7ed3576de5c@group-EE856C9543A1:t194, leader=null, voted=5c3956af-60d3-411f-8c98-c7ed3576de5c, raftlog=5c3956af-60d3-411f-8c98-c7ed3576de5c@group-EE856C9543A1-SegmentedRaftLog:OPENED:c-1,f-1,i0, conf=-1: [5c3956af-60d3-411f-8c98-c7ed3576de5c:192.168.34.38:33787, efb933de-cdd8-4d8d-88d2-4c7ffe0dec1a:192.168.34.38:42459, 9d88716d-5d6b-4fd8-b832-a110dc45ee66:192.168.34.38:38211], old=null
2019-10-16 21:53:16,182 [5c3956af-60d3-411f-8c98-c7ed3576de5c@group-EE856C9543A1-LeaderElection185] INFO  impl.LeaderElection (LeaderElection.java:askForVotes(178)) - 5c3956af-60d3-411f-8c98-c7ed3576de5c@group-EE856C9543A1-LeaderElection185: begin an election at term 195 for -1: [5c3956af-60d3-411f-8c98-c7ed3576de5c:192.168.34.38:33787, efb933de-cdd8-4d8d-88d2-4c7ffe0dec1a:192.168.34.38:42459, 9d88716d-5d6b-4fd8-b832-a110dc45ee66:192.168.34.38:38211], old=null
2019-10-16 21:53:16,185 [grpc-default-executor-1] INFO  impl.RaftServerImpl (RaftServerImpl.java:setRole(184)) - efb933de-cdd8-4d8d-88d2-4c7ffe0dec1a@group-EE856C9543A1: changes role from  FOLLOWER to FOLLOWER at term 195 for recognizeCandidate:5c3956af-60d3-411f-8c98-c7ed3576de5c
2019-10-16 21:53:16,185 [grpc-default-executor-0] INFO  impl.RaftServerImpl (RaftServerImpl.java:setRole(184)) - 9d88716d-5d6b-4fd8-b832-a110dc45ee66@group-EE856C9543A1: changes role from  FOLLOWER to FOLLOWER at term 195 for recognizeCandidate:5c3956af-60d3-411f-8c98-c7ed3576de5c
2019-10-16 21:53:16,185 [grpc-default-executor-1] INFO  impl.RoleInfo (RoleInfo.java:shutdownFollowerState(121)) - efb933de-cdd8-4d8d-88d2-4c7ffe0dec1a: shutdown FollowerState
2019-10-16 21:53:16,185 [grpc-default-executor-0] INFO  impl.RoleInfo (RoleInfo.java:shutdownFollowerState(121)) - 9d88716d-5d6b-4fd8-b832-a110dc45ee66: shutdown FollowerState
2019-10-16 21:53:16,185 [Thread-1451] INFO  impl.FollowerState (FollowerState.java:run(117)) - efb933de-cdd8-4d8d-88d2-4c7ffe0dec1a@group-EE856C9543A1-FollowerState was interrupted: java.lang.InterruptedException: sleep interrupted
2019-10-16 21:53:16,185 [grpc-default-executor-1] INFO  impl.RoleInfo (RoleInfo.java:updateAndGet(143)) - efb933de-cdd8-4d8d-88d2-4c7ffe0dec1a: start FollowerState
2019-10-16 21:53:16,185 [Thread-1452] INFO  impl.FollowerState (FollowerState.java:run(117)) - 9d88716d-5d6b-4fd8-b832-a110dc45ee66@group-EE856C9543A1-FollowerState was interrupted: java.lang.InterruptedException: sleep interrupted
2019-10-16 21:53:16,185 [grpc-default-executor-0] INFO  impl.RoleInfo (RoleInfo.java:updateAndGet(143)) - 9d88716d-5d6b-4fd8-b832-a110dc45ee66: start FollowerState
2019-10-16 21:53:16,192 [5c3956af-60d3-411f-8c98-c7ed3576de5c@group-EE856C9543A1-LeaderElection185] INFO  impl.LeaderElection (LeaderElection.java:logAndReturn(56)) - 5c3956af-60d3-411f-8c98-c7ed3576de5c@group-EE856C9543A1-LeaderElection185: Election REJECTED; received 2 response(s) [5c3956af-60d3-411f-8c98-c7ed3576de5c<-efb933de-cdd8-4d8d-88d2-4c7ffe0dec1a#0:FAIL-t195, 5c3956af-60d3-411f-8c98-c7ed3576de5c<-9d88716d-5d6b-4fd8-b832-a110dc45ee66#0:FAIL-t195] and 0 exception(s); 5c3956af-60d3-411f-8c98-c7ed3576de5c@group-EE856C9543A1:t195, leader=null, voted=5c3956af-60d3-411f-8c98-c7ed3576de5c, raftlog=5c3956af-60d3-411f-8c98-c7ed3576de5c@group-EE856C9543A1-SegmentedRaftLog:OPENED:c-1,f-1,i0, conf=-1: [5c3956af-60d3-411f-8c98-c7ed3576de5c:192.168.34.38:33787, efb933de-cdd8-4d8d-88d2-4c7ffe0dec1a:192.168.34.38:42459, 9d88716d-5d6b-4fd8-b832-a110dc45ee66:192.168.34.38:38211], old=null
2019-10-16 21:53:16,192 [5c3956af-60d3-411f-8c98-c7ed3576de5c@group-EE856C9543A1-LeaderElection185] INFO  impl.RaftServerImpl (RaftServerImpl.java:setRole(184)) - 5c3956af-60d3-411f-8c98-c7ed3576de5c@group-EE856C9543A1: changes role from CANDIDATE to FOLLOWER at term 195 for DISCOVERED_A_NEW_TERM
2019-10-16 21:53:16,192 [5c3956af-60d3-411f-8c98-c7ed3576de5c@group-EE856C9543A1-LeaderElection185] INFO  impl.RoleInfo (RoleInfo.java:shutdownLeaderElection(134)) - 5c3956af-60d3-411f-8c98-c7ed3576de5c: shutdown LeaderElection
2019-10-16 21:53:16,193 [5c3956af-60d3-411f-8c98-c7ed3576de5c@group-EE856C9543A1-LeaderElection185] INFO  impl.RoleInfo (RoleInfo.java:updateAndGet(143)) - 5c3956af-60d3-411f-8c98-c7ed3576de5c: start FollowerState
2019-10-16 21:53:16,347 [Thread-1457] INFO  impl.FollowerState (FollowerState.java:run(108)) - 5c3956af-60d3-411f-8c98-c7ed3576de5c@group-EE856C9543A1-FollowerState: change to CANDIDATE, lastRpcTime:154ms, electionTimeout:154ms
2019-10-16 21:53:16,347 [Thread-1457] INFO  impl.RoleInfo (RoleInfo.java:shutdownFollowerState(121)) - 5c3956af-60d3-411f-8c98-c7ed3576de5c: shutdown FollowerState
2019-10-16 21:53:16,347 [Thread-1457] INFO  impl.RaftServerImpl (RaftServerImpl.java:setRole(184)) - 5c3956af-60d3-411f-8c98-c7ed3576de5c@group-EE856C9543A1: changes role from  FOLLOWER to CANDIDATE at term 195 for changeToCandidate
2019-10-16 21:53:16,348 [Thread-1457] INFO  impl.RoleInfo (RoleInfo.java:updateAndGet(143)) - 5c3956af-60d3-411f-8c98-c7ed3576de5c: start LeaderElection
2019-10-16 21:53:16,372 [5c3956af-60d3-411f-8c98-c7ed3576de5c@group-EE856C9543A1-LeaderElection186] INFO  impl.LeaderElection (LeaderElection.java:askForVotes(178)) - 5c3956af-60d3-411f-8c98-c7ed3576de5c@group-EE856C9543A1-LeaderElection186: begin an election at term 196 for -1: [5c3956af-60d3-411f-8c98-c7ed3576de5c:192.168.34.38:33787, efb933de-cdd8-4d8d-88d2-4c7ffe0dec1a:192.168.34.38:42459, 9d88716d-5d6b-4fd8-b832-a110dc45ee66:192.168.34.38:38211], old=null
2019-10-16 21:53:16,374 [grpc-default-executor-1] INFO  impl.RaftServerImpl (RaftServerImpl.java:setRole(184)) - 9d88716d-5d6b-4fd8-b832-a110dc45ee66@group-EE856C9543A1: changes role from  FOLLOWER to FOLLOWER at term 196 for recognizeCandidate:5c3956af-60d3-411f-8c98-c7ed3576de5c
2019-10-16 21:53:16,375 [grpc-default-executor-1] INFO  impl.RoleInfo (RoleInfo.java:shutdownFollowerState(121)) - 9d88716d-5d6b-4fd8-b832-a110dc45ee66: shutdown FollowerState
2019-10-16 21:53:16,375 [grpc-default-executor-0] INFO  impl.RaftServerImpl (RaftServerImpl.java:setRole(184)) - efb933de-cdd8-4d8d-88d2-4c7ffe0dec1a@group-EE856C9543A1: changes role from  FOLLOWER to FOLLOWER at term 196 for recognizeCandidate:5c3956af-60d3-411f-8c98-c7ed3576de5c
2019-10-16 21:53:16,375 [Thread-1456] INFO  impl.FollowerState (FollowerState.java:run(117)) - 9d88716d-5d6b-4fd8-b832-a110dc45ee66@group-EE856C9543A1-FollowerState was interrupted: java.lang.InterruptedException: sleep interrupted
2019-10-16 21:53:16,375 [grpc-default-executor-0] INFO  impl.RoleInfo (RoleInfo.java:shutdownFollowerState(121)) - efb933de-cdd8-4d8d-88d2-4c7ffe0dec1a: shutdown FollowerState
2019-10-16 21:53:16,375 [grpc-default-executor-1] INFO  impl.RoleInfo (RoleInfo.java:updateAndGet(143)) - 9d88716d-5d6b-4fd8-b832-a110dc45ee66: start FollowerState
2019-10-16 21:53:16,375 [Thread-1455] INFO  impl.FollowerState (FollowerState.java:run(117)) - efb933de-cdd8-4d8d-88d2-4c7ffe0dec1a@group-EE856C9543A1-FollowerState was interrupted: java.lang.InterruptedException: sleep interrupted
2019-10-16 21:53:16,375 [grpc-default-executor-0] INFO  impl.RoleInfo (RoleInfo.java:updateAndGet(143)) - efb933de-cdd8-4d8d-88d2-4c7ffe0dec1a: start FollowerState
2019-10-16 21:53:16,390 [5c3956af-60d3-411f-8c98-c7ed3576de5c@group-EE856C9543A1-LeaderElection186] INFO  impl.LeaderElection (LeaderElection.java:logAndReturn(56)) - 5c3956af-60d3-411f-8c98-c7ed3576de5c@group-EE856C9543A1-LeaderElection186: Election REJECTED; received 2 response(s) [5c3956af-60d3-411f-8c98-c7ed3576de5c<-efb933de-cdd8-4d8d-88d2-4c7ffe0dec1a#0:FAIL-t196, 5c3956af-60d3-411f-8c98-c7ed3576de5c<-9d88716d-5d6b-4fd8-b832-a110dc45ee66#0:FAIL-t196] and 0 exception(s); 5c3956af-60d3-411f-8c98-c7ed3576de5c@group-EE856C9543A1:t196, leader=null, voted=5c3956af-60d3-411f-8c98-c7ed3576de5c, raftlog=5c3956af-60d3-411f-8c98-c7ed3576de5c@group-EE856C9543A1-SegmentedRaftLog:OPENED:c-1,f-1,i0, conf=-1: [5c3956af-60d3-411f-8c98-c7ed3576de5c:192.168.34.38:33787, efb933de-cdd8-4d8d-88d2-4c7ffe0dec1a:192.168.34.38:42459, 9d88716d-5d6b-4fd8-b832-a110dc45ee66:192.168.34.38:38211], old=null
2019-10-16 21:53:16,391 [5c3956af-60d3-411f-8c98-c7ed3576de5c@group-EE856C9543A1-LeaderElection186] INFO  impl.RaftServerImpl (RaftServerImpl.java:setRole(184)) - 5c3956af-60d3-411f-8c98-c7ed3576de5c@group-EE856C9543A1: changes role from CANDIDATE to FOLLOWER at term 196 for DISCOVERED_A_NEW_TERM
2019-10-16 21:53:16,391 [5c3956af-60d3-411f-8c98-c7ed3576de5c@group-EE856C9543A1-LeaderElection186] INFO  impl.RoleInfo (RoleInfo.java:shutdownLeaderElection(134)) - 5c3956af-60d3-411f-8c98-c7ed3576de5c: shutdown LeaderElection
2019-10-16 21:53:16,391 [5c3956af-60d3-411f-8c98-c7ed3576de5c@group-EE856C9543A1-LeaderElection186] INFO  impl.RoleInfo (RoleInfo.java:updateAndGet(143)) - 5c3956af-60d3-411f-8c98-c7ed3576de5c: start FollowerState
2019-10-16 21:53:16,407 [JUnit] INFO  ozone.MiniOzoneClusterImpl (MiniOzoneClusterImpl.java:lambda$waitForClusterToBeReady$2(164)) - Waiting for 1 number of pipelines out of 6, to report a leader.
2019-10-16 21:53:16,513 [Thread-1463] INFO  impl.FollowerState (FollowerState.java:run(108)) - 5c3956af-60d3-411f-8c98-c7ed3576de5c@group-EE856C9543A1-FollowerState: change to CANDIDATE, lastRpcTime:122ms, electionTimeout:122ms
2019-10-16 21:53:16,514 [Thread-1463] INFO  impl.RoleInfo (RoleInfo.java:shutdownFollowerState(121)) - 5c3956af-60d3-411f-8c98-c7ed3576de5c: shutdown FollowerState
2019-10-16 21:53:16,514 [Thread-1463] INFO  impl.RaftServerImpl (RaftServerImpl.java:setRole(184)) - 5c3956af-60d3-411f-8c98-c7ed3576de5c@group-EE856C9543A1: changes role from  FOLLOWER to CANDIDATE at term 196 for changeToCandidate
2019-10-16 21:53:16,514 [Thread-1463] INFO  impl.RoleInfo (RoleInfo.java:updateAndGet(143)) - 5c3956af-60d3-411f-8c98-c7ed3576de5c: start LeaderElection
2019-10-16 21:53:16,528 [5c3956af-60d3-411f-8c98-c7ed3576de5c@group-EE856C9543A1-LeaderElection187] INFO  impl.LeaderElection (LeaderElection.java:askForVotes(178)) - 5c3956af-60d3-411f-8c98-c7ed3576de5c@group-EE856C9543A1-LeaderElection187: begin an election at term 197 for -1: [5c3956af-60d3-411f-8c98-c7ed3576de5c:192.168.34.38:33787, efb933de-cdd8-4d8d-88d2-4c7ffe0dec1a:192.168.34.38:42459, 9d88716d-5d6b-4fd8-b832-a110dc45ee66:192.168.34.38:38211], old=null
2019-10-16 21:53:16,543 [grpc-default-executor-1] INFO  impl.RaftServerImpl (RaftServerImpl.java:setRole(184)) - efb933de-cdd8-4d8d-88d2-4c7ffe0dec1a@group-EE856C9543A1: changes role from  FOLLOWER to FOLLOWER at term 197 for recognizeCandidate:5c3956af-60d3-411f-8c98-c7ed3576de5c
2019-10-16 21:53:16,543 [grpc-default-executor-0] INFO  impl.RaftServerImpl (RaftServerImpl.java:setRole(184)) - 9d88716d-5d6b-4fd8-b832-a110dc45ee66@group-EE856C9543A1: changes role from  FOLLOWER to FOLLOWER at term 197 for recognizeCandidate:5c3956af-60d3-411f-8c98-c7ed3576de5c
2019-10-16 21:53:16,543 [grpc-default-executor-1] INFO  impl.RoleInfo (RoleInfo.java:shutdownFollowerState(121)) - efb933de-cdd8-4d8d-88d2-4c7ffe0dec1a: shutdown FollowerState
2019-10-16 21:53:16,543 [grpc-default-executor-0] INFO  impl.RoleInfo (RoleInfo.java:shutdownFollowerState(121)) - 9d88716d-5d6b-4fd8-b832-a110dc45ee66: shutdown FollowerState
2019-10-16 21:53:16,544 [grpc-default-executor-1] INFO  impl.RoleInfo (RoleInfo.java:updateAndGet(143)) - efb933de-cdd8-4d8d-88d2-4c7ffe0dec1a: start FollowerState
2019-10-16 21:53:16,544 [Thread-1462] INFO  impl.FollowerState (FollowerState.java:run(117)) - efb933de-cdd8-4d8d-88d2-4c7ffe0dec1a@group-EE856C9543A1-FollowerState was interrupted: java.lang.InterruptedException: sleep interrupted
2019-10-16 21:53:16,544 [Thread-1461] INFO  impl.FollowerState (FollowerState.java:run(117)) - 9d88716d-5d6b-4fd8-b832-a110dc45ee66@group-EE856C9543A1-FollowerState was interrupted: java.lang.InterruptedException: sleep interrupted
2019-10-16 21:53:16,544 [grpc-default-executor-0] INFO  impl.RoleInfo (RoleInfo.java:updateAndGet(143)) - 9d88716d-5d6b-4fd8-b832-a110dc45ee66: start FollowerState
2019-10-16 21:53:16,589 [5c3956af-60d3-411f-8c98-c7ed3576de5c@group-EE856C9543A1-LeaderElection187] INFO  impl.LeaderElection (LeaderElection.java:logAndReturn(56)) - 5c3956af-60d3-411f-8c98-c7ed3576de5c@group-EE856C9543A1-LeaderElection187: Election REJECTED; received 2 response(s) [5c3956af-60d3-411f-8c98-c7ed3576de5c<-efb933de-cdd8-4d8d-88d2-4c7ffe0dec1a#0:FAIL-t197, 5c3956af-60d3-411f-8c98-c7ed3576de5c<-9d88716d-5d6b-4fd8-b832-a110dc45ee66#0:FAIL-t197] and 0 exception(s); 5c3956af-60d3-411f-8c98-c7ed3576de5c@group-EE856C9543A1:t197, leader=null, voted=5c3956af-60d3-411f-8c98-c7ed3576de5c, raftlog=5c3956af-60d3-411f-8c98-c7ed3576de5c@group-EE856C9543A1-SegmentedRaftLog:OPENED:c-1,f-1,i0, conf=-1: [5c3956af-60d3-411f-8c98-c7ed3576de5c:192.168.34.38:33787, efb933de-cdd8-4d8d-88d2-4c7ffe0dec1a:192.168.34.38:42459, 9d88716d-5d6b-4fd8-b832-a110dc45ee66:192.168.34.38:38211], old=null
2019-10-16 21:53:16,590 [5c3956af-60d3-411f-8c98-c7ed3576de5c@group-EE856C9543A1-LeaderElection187] INFO  impl.RaftServerImpl (RaftServerImpl.java:setRole(184)) - 5c3956af-60d3-411f-8c98-c7ed3576de5c@group-EE856C9543A1: changes role from CANDIDATE to FOLLOWER at term 197 for DISCOVERED_A_NEW_TERM
2019-10-16 21:53:16,590 [5c3956af-60d3-411f-8c98-c7ed3576de5c@group-EE856C9543A1-LeaderElection187] INFO  impl.RoleInfo (RoleInfo.java:shutdownLeaderElection(134)) - 5c3956af-60d3-411f-8c98-c7ed3576de5c: shutdown LeaderElection
2019-10-16 21:53:16,590 [5c3956af-60d3-411f-8c98-c7ed3576de5c@group-EE856C9543A1-LeaderElection187] INFO  impl.RoleInfo (RoleInfo.java:updateAndGet(143)) - 5c3956af-60d3-411f-8c98-c7ed3576de5c: start FollowerState
2019-10-16 21:53:16,735 [Thread-1469] INFO  impl.FollowerState (FollowerState.java:run(108)) - 5c3956af-60d3-411f-8c98-c7ed3576de5c@group-EE856C9543A1-FollowerState: change to CANDIDATE, lastRpcTime:145ms, electionTimeout:145ms
2019-10-16 21:53:16,736 [Thread-1469] INFO  impl.RoleInfo (RoleInfo.java:shutdownFollowerState(121)) - 5c3956af-60d3-411f-8c98-c7ed3576de5c: shutdown FollowerState
2019-10-16 21:53:16,736 [Thread-1469] INFO  impl.RaftServerImpl (RaftServerImpl.java:setRole(184)) - 5c3956af-60d3-411f-8c98-c7ed3576de5c@group-EE856C9543A1: changes role from  FOLLOWER to CANDIDATE at term 197 for changeToCandidate
2019-10-16 21:53:16,736 [Thread-1469] INFO  impl.RoleInfo (RoleInfo.java:updateAndGet(143)) - 5c3956af-60d3-411f-8c98-c7ed3576de5c: start LeaderElection
2019-10-16 21:53:16,749 [5c3956af-60d3-411f-8c98-c7ed3576de5c@group-EE856C9543A1-LeaderElection188] INFO  impl.LeaderElection (LeaderElection.java:askForVotes(178)) - 5c3956af-60d3-411f-8c98-c7ed3576de5c@group-EE856C9543A1-LeaderElection188: begin an election at term 198 for -1: [5c3956af-60d3-411f-8c98-c7ed3576de5c:192.168.34.38:33787, efb933de-cdd8-4d8d-88d2-4c7ffe0dec1a:192.168.34.38:42459, 9d88716d-5d6b-4fd8-b832-a110dc45ee66:192.168.34.38:38211], old=null
2019-10-16 21:53:16,752 [grpc-default-executor-0] INFO  impl.RaftServerImpl (RaftServerImpl.java:setRole(184)) - efb933de-cdd8-4d8d-88d2-4c7ffe0dec1a@group-EE856C9543A1: changes role from  FOLLOWER to FOLLOWER at term 198 for recognizeCandidate:5c3956af-60d3-411f-8c98-c7ed3576de5c
2019-10-16 21:53:16,752 [grpc-default-executor-0] INFO  impl.RoleInfo (RoleInfo.java:shutdownFollowerState(121)) - efb933de-cdd8-4d8d-88d2-4c7ffe0dec1a: shutdown FollowerState
2019-10-16 21:53:16,753 [grpc-default-executor-1] INFO  impl.RaftServerImpl (RaftServerImpl.java:setRole(184)) - 9d88716d-5d6b-4fd8-b832-a110dc45ee66@group-EE856C9543A1: changes role from  FOLLOWER to FOLLOWER at term 198 for recognizeCandidate:5c3956af-60d3-411f-8c98-c7ed3576de5c
2019-10-16 21:53:16,753 [Thread-1467] INFO  impl.FollowerState (FollowerState.java:run(117)) - efb933de-cdd8-4d8d-88d2-4c7ffe0dec1a@group-EE856C9543A1-FollowerState was interrupted: java.lang.InterruptedException: sleep interrupted
2019-10-16 21:53:16,753 [grpc-default-executor-0] INFO  impl.RoleInfo (RoleInfo.java:updateAndGet(143)) - efb933de-cdd8-4d8d-88d2-4c7ffe0dec1a: start FollowerState
2019-10-16 21:53:16,753 [grpc-default-executor-1] INFO  impl.RoleInfo (RoleInfo.java:shutdownFollowerState(121)) - 9d88716d-5d6b-4fd8-b832-a110dc45ee66: shutdown FollowerState
2019-10-16 21:53:16,753 [grpc-default-executor-1] INFO  impl.RoleInfo (RoleInfo.java:updateAndGet(143)) - 9d88716d-5d6b-4fd8-b832-a110dc45ee66: start FollowerState
2019-10-16 21:53:16,753 [Thread-1468] INFO  impl.FollowerState (FollowerState.java:run(117)) - 9d88716d-5d6b-4fd8-b832-a110dc45ee66@group-EE856C9543A1-FollowerState was interrupted: java.lang.InterruptedException: sleep interrupted
2019-10-16 21:53:16,767 [5c3956af-60d3-411f-8c98-c7ed3576de5c@group-EE856C9543A1-LeaderElection188] INFO  impl.LeaderElection (LeaderElection.java:logAndReturn(56)) - 5c3956af-60d3-411f-8c98-c7ed3576de5c@group-EE856C9543A1-LeaderElection188: Election REJECTED; received 2 response(s) [5c3956af-60d3-411f-8c98-c7ed3576de5c<-efb933de-cdd8-4d8d-88d2-4c7ffe0dec1a#0:FAIL-t198, 5c3956af-60d3-411f-8c98-c7ed3576de5c<-9d88716d-5d6b-4fd8-b832-a110dc45ee66#0:FAIL-t198] and 0 exception(s); 5c3956af-60d3-411f-8c98-c7ed3576de5c@group-EE856C9543A1:t198, leader=null, voted=5c3956af-60d3-411f-8c98-c7ed3576de5c, raftlog=5c3956af-60d3-411f-8c98-c7ed3576de5c@group-EE856C9543A1-SegmentedRaftLog:OPENED:c-1,f-1,i0, conf=-1: [5c3956af-60d3-411f-8c98-c7ed3576de5c:192.168.34.38:33787, efb933de-cdd8-4d8d-88d2-4c7ffe0dec1a:192.168.34.38:42459, 9d88716d-5d6b-4fd8-b832-a110dc45ee66:192.168.34.38:38211], old=null
2019-10-16 21:53:16,768 [5c3956af-60d3-411f-8c98-c7ed3576de5c@group-EE856C9543A1-LeaderElection188] INFO  impl.RaftServerImpl (RaftServerImpl.java:setRole(184)) - 5c3956af-60d3-411f-8c98-c7ed3576de5c@group-EE856C9543A1: changes role from CANDIDATE to FOLLOWER at term 198 for DISCOVERED_A_NEW_TERM
2019-10-16 21:53:16,768 [5c3956af-60d3-411f-8c98-c7ed3576de5c@group-EE856C9543A1-LeaderElection188] INFO  impl.RoleInfo (RoleInfo.java:shutdownLeaderElection(134)) - 5c3956af-60d3-411f-8c98-c7ed3576de5c: shutdown LeaderElection
2019-10-16 21:53:16,768 [5c3956af-60d3-411f-8c98-c7ed3576de5c@group-EE856C9543A1-LeaderElection188] INFO  impl.RoleInfo (RoleInfo.java:updateAndGet(143)) - 5c3956af-60d3-411f-8c98-c7ed3576de5c: start FollowerState
2019-10-16 21:53:16,830 [Thread-1475] INFO  impl.FollowerState (FollowerState.java:run(108)) - 5c3956af-60d3-411f-8c98-c7ed3576de5c@group-EE856C9543A1-FollowerState: change to CANDIDATE, lastRpcTime:62ms, electionTimeout:62ms
2019-10-16 21:53:16,830 [Thread-1475] INFO  impl.RoleInfo (RoleInfo.java:shutdownFollowerState(121)) - 5c3956af-60d3-411f-8c98-c7ed3576de5c: shutdown FollowerState
2019-10-16 21:53:16,830 [Thread-1475] INFO  impl.RaftServerImpl (RaftServerImpl.java:setRole(184)) - 5c3956af-60d3-411f-8c98-c7ed3576de5c@group-EE856C9543A1: changes role from  FOLLOWER to CANDIDATE at term 198 for changeToCandidate
2019-10-16 21:53:16,831 [Thread-1475] INFO  impl.RoleInfo (RoleInfo.java:updateAndGet(143)) - 5c3956af-60d3-411f-8c98-c7ed3576de5c: start LeaderElection
2019-10-16 21:53:16,858 [5c3956af-60d3-411f-8c98-c7ed3576de5c@group-EE856C9543A1-LeaderElection189] INFO  impl.LeaderElection (LeaderElection.java:askForVotes(178)) - 5c3956af-60d3-411f-8c98-c7ed3576de5c@group-EE856C9543A1-LeaderElection189: begin an election at term 199 for -1: [5c3956af-60d3-411f-8c98-c7ed3576de5c:192.168.34.38:33787, efb933de-cdd8-4d8d-88d2-4c7ffe0dec1a:192.168.34.38:42459, 9d88716d-5d6b-4fd8-b832-a110dc45ee66:192.168.34.38:38211], old=null
2019-10-16 21:53:16,861 [grpc-default-executor-1] INFO  impl.RaftServerImpl (RaftServerImpl.java:setRole(184)) - efb933de-cdd8-4d8d-88d2-4c7ffe0dec1a@group-EE856C9543A1: changes role from  FOLLOWER to FOLLOWER at term 199 for recognizeCandidate:5c3956af-60d3-411f-8c98-c7ed3576de5c
2019-10-16 21:53:16,861 [grpc-default-executor-1] INFO  impl.RoleInfo (RoleInfo.java:shutdownFollowerState(121)) - efb933de-cdd8-4d8d-88d2-4c7ffe0dec1a: shutdown FollowerState
2019-10-16 21:53:16,862 [grpc-default-executor-1] INFO  impl.RoleInfo (RoleInfo.java:updateAndGet(143)) - efb933de-cdd8-4d8d-88d2-4c7ffe0dec1a: start FollowerState
2019-10-16 21:53:16,862 [grpc-default-executor-0] INFO  impl.RaftServerImpl (RaftServerImpl.java:setRole(184)) - 9d88716d-5d6b-4fd8-b832-a110dc45ee66@group-EE856C9543A1: changes role from  FOLLOWER to FOLLOWER at term 199 for recognizeCandidate:5c3956af-60d3-411f-8c98-c7ed3576de5c
2019-10-16 21:53:16,862 [grpc-default-executor-0] INFO  impl.RoleInfo (RoleInfo.java:shutdownFollowerState(121)) - 9d88716d-5d6b-4fd8-b832-a110dc45ee66: shutdown FollowerState
2019-10-16 21:53:16,862 [Thread-1473] INFO  impl.FollowerState (FollowerState.java:run(117)) - efb933de-cdd8-4d8d-88d2-4c7ffe0dec1a@group-EE856C9543A1-FollowerState was interrupted: java.lang.InterruptedException: sleep interrupted
2019-10-16 21:53:16,862 [Thread-1474] INFO  impl.FollowerState (FollowerState.java:run(117)) - 9d88716d-5d6b-4fd8-b832-a110dc45ee66@group-EE856C9543A1-FollowerState was interrupted: java.lang.InterruptedException: sleep interrupted
2019-10-16 21:53:16,862 [grpc-default-executor-0] INFO  impl.RoleInfo (RoleInfo.java:updateAndGet(143)) - 9d88716d-5d6b-4fd8-b832-a110dc45ee66: start FollowerState
2019-10-16 21:53:16,877 [5c3956af-60d3-411f-8c98-c7ed3576de5c@group-EE856C9543A1-LeaderElection189] INFO  impl.LeaderElection (LeaderElection.java:logAndReturn(56)) - 5c3956af-60d3-411f-8c98-c7ed3576de5c@group-EE856C9543A1-LeaderElection189: Election REJECTED; received 2 response(s) [5c3956af-60d3-411f-8c98-c7ed3576de5c<-efb933de-cdd8-4d8d-88d2-4c7ffe0dec1a#0:FAIL-t199, 5c3956af-60d3-411f-8c98-c7ed3576de5c<-9d88716d-5d6b-4fd8-b832-a110dc45ee66#0:FAIL-t199] and 0 exception(s); 5c3956af-60d3-411f-8c98-c7ed3576de5c@group-EE856C9543A1:t199, leader=null, voted=5c3956af-60d3-411f-8c98-c7ed3576de5c, raftlog=5c3956af-60d3-411f-8c98-c7ed3576de5c@group-EE856C9543A1-SegmentedRaftLog:OPENED:c-1,f-1,i0, conf=-1: [5c3956af-60d3-411f-8c98-c7ed3576de5c:192.168.34.38:33787, efb933de-cdd8-4d8d-88d2-4c7ffe0dec1a:192.168.34.38:42459, 9d88716d-5d6b-4fd8-b832-a110dc45ee66:192.168.34.38:38211], old=null
2019-10-16 21:53:16,877 [5c3956af-60d3-411f-8c98-c7ed3576de5c@group-EE856C9543A1-LeaderElection189] INFO  impl.RaftServerImpl (RaftServerImpl.java:setRole(184)) - 5c3956af-60d3-411f-8c98-c7ed3576de5c@group-EE856C9543A1: changes role from CANDIDATE to FOLLOWER at term 199 for DISCOVERED_A_NEW_TERM
2019-10-16 21:53:16,877 [5c3956af-60d3-411f-8c98-c7ed3576de5c@group-EE856C9543A1-LeaderElection189] INFO  impl.RoleInfo (RoleInfo.java:shutdownLeaderElection(134)) - 5c3956af-60d3-411f-8c98-c7ed3576de5c: shutdown LeaderElection
2019-10-16 21:53:16,877 [5c3956af-60d3-411f-8c98-c7ed3576de5c@group-EE856C9543A1-LeaderElection189] INFO  impl.RoleInfo (RoleInfo.java:updateAndGet(143)) - 5c3956af-60d3-411f-8c98-c7ed3576de5c: start FollowerState
2019-10-16 21:53:16,913 [Thread-1481] INFO  impl.FollowerState (FollowerState.java:run(108)) - 5c3956af-60d3-411f-8c98-c7ed3576de5c@group-EE856C9543A1-FollowerState: change to CANDIDATE, lastRpcTime:35ms, electionTimeout:35ms
2019-10-16 21:53:16,913 [Thread-1481] INFO  impl.RoleInfo (RoleInfo.java:shutdownFollowerState(121)) - 5c3956af-60d3-411f-8c98-c7ed3576de5c: shutdown FollowerState
2019-10-16 21:53:16,913 [Thread-1481] INFO  impl.RaftServerImpl (RaftServerImpl.java:setRole(184)) - 5c3956af-60d3-411f-8c98-c7ed3576de5c@group-EE856C9543A1: changes role from  FOLLOWER to CANDIDATE at term 199 for changeToCandidate
2019-10-16 21:53:16,913 [Thread-1481] INFO  impl.RoleInfo (RoleInfo.java:updateAndGet(143)) - 5c3956af-60d3-411f-8c98-c7ed3576de5c: start LeaderElection
2019-10-16 21:53:16,928 [5c3956af-60d3-411f-8c98-c7ed3576de5c@group-EE856C9543A1-LeaderElection190] INFO  impl.LeaderElection (LeaderElection.java:askForVotes(178)) - 5c3956af-60d3-411f-8c98-c7ed3576de5c@group-EE856C9543A1-LeaderElection190: begin an election at term 200 for -1: [5c3956af-60d3-411f-8c98-c7ed3576de5c:192.168.34.38:33787, efb933de-cdd8-4d8d-88d2-4c7ffe0dec1a:192.168.34.38:42459, 9d88716d-5d6b-4fd8-b832-a110dc45ee66:192.168.34.38:38211], old=null
2019-10-16 21:53:16,931 [grpc-default-executor-0] INFO  impl.RaftServerImpl (RaftServerImpl.java:setRole(184)) - 9d88716d-5d6b-4fd8-b832-a110dc45ee66@group-EE856C9543A1: changes role from  FOLLOWER to FOLLOWER at term 200 for recognizeCandidate:5c3956af-60d3-411f-8c98-c7ed3576de5c
2019-10-16 21:53:16,931 [grpc-default-executor-0] INFO  impl.RoleInfo (RoleInfo.java:shutdownFollowerState(121)) - 9d88716d-5d6b-4fd8-b832-a110dc45ee66: shutdown FollowerState
2019-10-16 21:53:16,931 [grpc-default-executor-1] INFO  impl.RaftServerImpl (RaftServerImpl.java:setRole(184)) - efb933de-cdd8-4d8d-88d2-4c7ffe0dec1a@group-EE856C9543A1: changes role from  FOLLOWER to FOLLOWER at term 200 for recognizeCandidate:5c3956af-60d3-411f-8c98-c7ed3576de5c
2019-10-16 21:53:16,932 [grpc-default-executor-1] INFO  impl.RoleInfo (RoleInfo.java:shutdownFollowerState(121)) - efb933de-cdd8-4d8d-88d2-4c7ffe0dec1a: shutdown FollowerState
2019-10-16 21:53:16,932 [Thread-1480] INFO  impl.FollowerState (FollowerState.java:run(117)) - 9d88716d-5d6b-4fd8-b832-a110dc45ee66@group-EE856C9543A1-FollowerState was interrupted: java.lang.InterruptedException: sleep interrupted
2019-10-16 21:53:16,932 [grpc-default-executor-0] INFO  impl.RoleInfo (RoleInfo.java:updateAndGet(143)) - 9d88716d-5d6b-4fd8-b832-a110dc45ee66: start FollowerState
2019-10-16 21:53:16,932 [Thread-1479] INFO  impl.FollowerState (FollowerState.java:run(117)) - efb933de-cdd8-4d8d-88d2-4c7ffe0dec1a@group-EE856C9543A1-FollowerState was interrupted: java.lang.InterruptedException: sleep interrupted
2019-10-16 21:53:16,932 [grpc-default-executor-1] INFO  impl.RoleInfo (RoleInfo.java:updateAndGet(143)) - efb933de-cdd8-4d8d-88d2-4c7ffe0dec1a: start FollowerState
2019-10-16 21:53:16,966 [5c3956af-60d3-411f-8c98-c7ed3576de5c@group-EE856C9543A1-LeaderElection190] INFO  impl.LeaderElection (LeaderElection.java:logAndReturn(56)) - 5c3956af-60d3-411f-8c98-c7ed3576de5c@group-EE856C9543A1-LeaderElection190: Election REJECTED; received 2 response(s) [5c3956af-60d3-411f-8c98-c7ed3576de5c<-efb933de-cdd8-4d8d-88d2-4c7ffe0dec1a#0:FAIL-t200, 5c3956af-60d3-411f-8c98-c7ed3576de5c<-9d88716d-5d6b-4fd8-b832-a110dc45ee66#0:FAIL-t200] and 0 exception(s); 5c3956af-60d3-411f-8c98-c7ed3576de5c@group-EE856C9543A1:t200, leader=null, voted=5c3956af-60d3-411f-8c98-c7ed3576de5c, raftlog=5c3956af-60d3-411f-8c98-c7ed3576de5c@group-EE856C9543A1-SegmentedRaftLog:OPENED:c-1,f-1,i0, conf=-1: [5c3956af-60d3-411f-8c98-c7ed3576de5c:192.168.34.38:33787, efb933de-cdd8-4d8d-88d2-4c7ffe0dec1a:192.168.34.38:42459, 9d88716d-5d6b-4fd8-b832-a110dc45ee66:192.168.34.38:38211], old=null
2019-10-16 21:53:16,966 [5c3956af-60d3-411f-8c98-c7ed3576de5c@group-EE856C9543A1-LeaderElection190] INFO  impl.RaftServerImpl (RaftServerImpl.java:setRole(184)) - 5c3956af-60d3-411f-8c98-c7ed3576de5c@group-EE856C9543A1: changes role from CANDIDATE to FOLLOWER at term 200 for DISCOVERED_A_NEW_TERM
2019-10-16 21:53:16,966 [5c3956af-60d3-411f-8c98-c7ed3576de5c@group-EE856C9543A1-LeaderElection190] INFO  impl.RoleInfo (RoleInfo.java:shutdownLeaderElection(134)) - 5c3956af-60d3-411f-8c98-c7ed3576de5c: shutdown LeaderElection
2019-10-16 21:53:16,967 [5c3956af-60d3-411f-8c98-c7ed3576de5c@group-EE856C9543A1-LeaderElection190] INFO  impl.RoleInfo (RoleInfo.java:updateAndGet(143)) - 5c3956af-60d3-411f-8c98-c7ed3576de5c: start FollowerState
2019-10-16 21:53:17,101 [Thread-1487] INFO  impl.FollowerState (FollowerState.java:run(108)) - 5c3956af-60d3-411f-8c98-c7ed3576de5c@group-EE856C9543A1-FollowerState: change to CANDIDATE, lastRpcTime:134ms, electionTimeout:134ms
2019-10-16 21:53:17,101 [Thread-1487] INFO  impl.RoleInfo (RoleInfo.java:shutdownFollowerState(121)) - 5c3956af-60d3-411f-8c98-c7ed3576de5c: shutdown FollowerState
2019-10-16 21:53:17,101 [Thread-1487] INFO  impl.RaftServerImpl (RaftServerImpl.java:setRole(184)) - 5c3956af-60d3-411f-8c98-c7ed3576de5c@group-EE856C9543A1: changes role from  FOLLOWER to CANDIDATE at term 200 for changeToCandidate
2019-10-16 21:53:17,101 [Thread-1487] INFO  impl.RoleInfo (RoleInfo.java:updateAndGet(143)) - 5c3956af-60d3-411f-8c98-c7ed3576de5c: start LeaderElection
2019-10-16 21:53:17,115 [5c3956af-60d3-411f-8c98-c7ed3576de5c@group-EE856C9543A1-LeaderElection191] INFO  impl.LeaderElection (LeaderElection.java:askForVotes(178)) - 5c3956af-60d3-411f-8c98-c7ed3576de5c@group-EE856C9543A1-LeaderElection191: begin an election at term 201 for -1: [5c3956af-60d3-411f-8c98-c7ed3576de5c:192.168.34.38:33787, efb933de-cdd8-4d8d-88d2-4c7ffe0dec1a:192.168.34.38:42459, 9d88716d-5d6b-4fd8-b832-a110dc45ee66:192.168.34.38:38211], old=null
2019-10-16 21:53:17,118 [grpc-default-executor-1] INFO  impl.RaftServerImpl (RaftServerImpl.java:setRole(184)) - efb933de-cdd8-4d8d-88d2-4c7ffe0dec1a@group-EE856C9543A1: changes role from  FOLLOWER to FOLLOWER at term 201 for recognizeCandidate:5c3956af-60d3-411f-8c98-c7ed3576de5c
2019-10-16 21:53:17,118 [grpc-default-executor-1] INFO  impl.RoleInfo (RoleInfo.java:shutdownFollowerState(121)) - efb933de-cdd8-4d8d-88d2-4c7ffe0dec1a: shutdown FollowerState
2019-10-16 21:53:17,118 [grpc-default-executor-0] INFO  impl.RaftServerImpl (RaftServerImpl.java:setRole(184)) - 9d88716d-5d6b-4fd8-b832-a110dc45ee66@group-EE856C9543A1: changes role from  FOLLOWER to FOLLOWER at term 201 for recognizeCandidate:5c3956af-60d3-411f-8c98-c7ed3576de5c
2019-10-16 21:53:17,118 [Thread-1486] INFO  impl.FollowerState (FollowerState.java:run(117)) - efb933de-cdd8-4d8d-88d2-4c7ffe0dec1a@group-EE856C9543A1-FollowerState was interrupted: java.lang.InterruptedException: sleep interrupted
2019-10-16 21:53:17,118 [grpc-default-executor-1] INFO  impl.RoleInfo (RoleInfo.java:updateAndGet(143)) - efb933de-cdd8-4d8d-88d2-4c7ffe0dec1a: start FollowerState
2019-10-16 21:53:17,118 [grpc-default-executor-0] INFO  impl.RoleInfo (RoleInfo.java:shutdownFollowerState(121)) - 9d88716d-5d6b-4fd8-b832-a110dc45ee66: shutdown FollowerState
2019-10-16 21:53:17,119 [grpc-default-executor-0] INFO  impl.RoleInfo (RoleInfo.java:updateAndGet(143)) - 9d88716d-5d6b-4fd8-b832-a110dc45ee66: start FollowerState
2019-10-16 21:53:17,119 [Thread-1485] INFO  impl.FollowerState (FollowerState.java:run(117)) - 9d88716d-5d6b-4fd8-b832-a110dc45ee66@group-EE856C9543A1-FollowerState was interrupted: java.lang.InterruptedException: sleep interrupted
2019-10-16 21:53:17,138 [5c3956af-60d3-411f-8c98-c7ed3576de5c@group-EE856C9543A1-LeaderElection191] INFO  impl.LeaderElection (LeaderElection.java:logAndReturn(56)) - 5c3956af-60d3-411f-8c98-c7ed3576de5c@group-EE856C9543A1-LeaderElection191: Election TIMEOUT; received 0 response(s) [] and 0 exception(s); 5c3956af-60d3-411f-8c98-c7ed3576de5c@group-EE856C9543A1:t201, leader=null, voted=5c3956af-60d3-411f-8c98-c7ed3576de5c, raftlog=5c3956af-60d3-411f-8c98-c7ed3576de5c@group-EE856C9543A1-SegmentedRaftLog:OPENED:c-1,f-1,i0, conf=-1: [5c3956af-60d3-411f-8c98-c7ed3576de5c:192.168.34.38:33787, efb933de-cdd8-4d8d-88d2-4c7ffe0dec1a:192.168.34.38:42459, 9d88716d-5d6b-4fd8-b832-a110dc45ee66:192.168.34.38:38211], old=null
2019-10-16 21:53:17,174 [5c3956af-60d3-411f-8c98-c7ed3576de5c@group-EE856C9543A1-LeaderElection191] INFO  impl.LeaderElection (LeaderElection.java:askForVotes(178)) - 5c3956af-60d3-411f-8c98-c7ed3576de5c@group-EE856C9543A1-LeaderElection191: begin an election at term 202 for -1: [5c3956af-60d3-411f-8c98-c7ed3576de5c:192.168.34.38:33787, efb933de-cdd8-4d8d-88d2-4c7ffe0dec1a:192.168.34.38:42459, 9d88716d-5d6b-4fd8-b832-a110dc45ee66:192.168.34.38:38211], old=null
2019-10-16 21:53:17,176 [grpc-default-executor-0] INFO  impl.RaftServerImpl (RaftServerImpl.java:setRole(184)) - efb933de-cdd8-4d8d-88d2-4c7ffe0dec1a@group-EE856C9543A1: changes role from  FOLLOWER to FOLLOWER at term 202 for recognizeCandidate:5c3956af-60d3-411f-8c98-c7ed3576de5c
2019-10-16 21:53:17,176 [grpc-default-executor-0] INFO  impl.RoleInfo (RoleInfo.java:shutdownFollowerState(121)) - efb933de-cdd8-4d8d-88d2-4c7ffe0dec1a: shutdown FollowerState
2019-10-16 21:53:17,177 [grpc-default-executor-0] INFO  impl.RoleInfo (RoleInfo.java:updateAndGet(143)) - efb933de-cdd8-4d8d-88d2-4c7ffe0dec1a: start FollowerState
2019-10-16 21:53:17,177 [grpc-default-executor-1] INFO  impl.RaftServerImpl (RaftServerImpl.java:setRole(184)) - 9d88716d-5d6b-4fd8-b832-a110dc45ee66@group-EE856C9543A1: changes role from  FOLLOWER to FOLLOWER at term 202 for recognizeCandidate:5c3956af-60d3-411f-8c98-c7ed3576de5c
2019-10-16 21:53:17,177 [grpc-default-executor-1] INFO  impl.RoleInfo (RoleInfo.java:shutdownFollowerState(121)) - 9d88716d-5d6b-4fd8-b832-a110dc45ee66: shutdown FollowerState
2019-10-16 21:53:17,177 [Thread-1491] INFO  impl.FollowerState (FollowerState.java:run(117)) - efb933de-cdd8-4d8d-88d2-4c7ffe0dec1a@group-EE856C9543A1-FollowerState was interrupted: java.lang.InterruptedException: sleep interrupted
2019-10-16 21:53:17,177 [Thread-1492] INFO  impl.FollowerState (FollowerState.java:run(117)) - 9d88716d-5d6b-4fd8-b832-a110dc45ee66@group-EE856C9543A1-FollowerState was interrupted: java.lang.InterruptedException: sleep interrupted
2019-10-16 21:53:17,177 [grpc-default-executor-1] INFO  impl.RoleInfo (RoleInfo.java:updateAndGet(143)) - 9d88716d-5d6b-4fd8-b832-a110dc45ee66: start FollowerState
2019-10-16 21:53:17,199 [5c3956af-60d3-411f-8c98-c7ed3576de5c@group-EE856C9543A1-LeaderElection191] INFO  impl.LeaderElection (LeaderElection.java:logAndReturn(56)) - 5c3956af-60d3-411f-8c98-c7ed3576de5c@group-EE856C9543A1-LeaderElection191: Election REJECTED; received 2 response(s) [5c3956af-60d3-411f-8c98-c7ed3576de5c<-efb933de-cdd8-4d8d-88d2-4c7ffe0dec1a#0:FAIL-t202, 5c3956af-60d3-411f-8c98-c7ed3576de5c<-9d88716d-5d6b-4fd8-b832-a110dc45ee66#0:FAIL-t202] and 0 exception(s); 5c3956af-60d3-411f-8c98-c7ed3576de5c@group-EE856C9543A1:t202, leader=null, voted=5c3956af-60d3-411f-8c98-c7ed3576de5c, raftlog=5c3956af-60d3-411f-8c98-c7ed3576de5c@group-EE856C9543A1-SegmentedRaftLog:OPENED:c-1,f-1,i0, conf=-1: [5c3956af-60d3-411f-8c98-c7ed3576de5c:192.168.34.38:33787, efb933de-cdd8-4d8d-88d2-4c7ffe0dec1a:192.168.34.38:42459, 9d88716d-5d6b-4fd8-b832-a110dc45ee66:192.168.34.38:38211], old=null
2019-10-16 21:53:17,199 [5c3956af-60d3-411f-8c98-c7ed3576de5c@group-EE856C9543A1-LeaderElection191] INFO  impl.RaftServerImpl (RaftServerImpl.java:setRole(184)) - 5c3956af-60d3-411f-8c98-c7ed3576de5c@group-EE856C9543A1: changes role from CANDIDATE to FOLLOWER at term 202 for DISCOVERED_A_NEW_TERM
2019-10-16 21:53:17,199 [5c3956af-60d3-411f-8c98-c7ed3576de5c@group-EE856C9543A1-LeaderElection191] INFO  impl.RoleInfo (RoleInfo.java:shutdownLeaderElection(134)) - 5c3956af-60d3-411f-8c98-c7ed3576de5c: shutdown LeaderElection
2019-10-16 21:53:17,199 [5c3956af-60d3-411f-8c98-c7ed3576de5c@group-EE856C9543A1-LeaderElection191] INFO  impl.RoleInfo (RoleInfo.java:updateAndGet(143)) - 5c3956af-60d3-411f-8c98-c7ed3576de5c: start FollowerState
2019-10-16 21:53:17,302 [Thread-1497] INFO  impl.FollowerState (FollowerState.java:run(108)) - 5c3956af-60d3-411f-8c98-c7ed3576de5c@group-EE856C9543A1-FollowerState: change to CANDIDATE, lastRpcTime:102ms, electionTimeout:102ms
2019-10-16 21:53:17,302 [Thread-1497] INFO  impl.RoleInfo (RoleInfo.java:shutdownFollowerState(121)) - 5c3956af-60d3-411f-8c98-c7ed3576de5c: shutdown FollowerState
2019-10-16 21:53:17,302 [Thread-1497] INFO  impl.RaftServerImpl (RaftServerImpl.java:setRole(184)) - 5c3956af-60d3-411f-8c98-c7ed3576de5c@group-EE856C9543A1: changes role from  FOLLOWER to CANDIDATE at term 202 for changeToCandidate
2019-10-16 21:53:17,303 [Thread-1497] INFO  impl.RoleInfo (RoleInfo.java:updateAndGet(143)) - 5c3956af-60d3-411f-8c98-c7ed3576de5c: start LeaderElection
2019-10-16 21:53:17,317 [5c3956af-60d3-411f-8c98-c7ed3576de5c@group-EE856C9543A1-LeaderElection192] INFO  impl.LeaderElection (LeaderElection.java:askForVotes(178)) - 5c3956af-60d3-411f-8c98-c7ed3576de5c@group-EE856C9543A1-LeaderElection192: begin an election at term 203 for -1: [5c3956af-60d3-411f-8c98-c7ed3576de5c:192.168.34.38:33787, efb933de-cdd8-4d8d-88d2-4c7ffe0dec1a:192.168.34.38:42459, 9d88716d-5d6b-4fd8-b832-a110dc45ee66:192.168.34.38:38211], old=null
2019-10-16 21:53:17,319 [grpc-default-executor-1] INFO  impl.RaftServerImpl (RaftServerImpl.java:setRole(184)) - efb933de-cdd8-4d8d-88d2-4c7ffe0dec1a@group-EE856C9543A1: changes role from  FOLLOWER to FOLLOWER at term 203 for recognizeCandidate:5c3956af-60d3-411f-8c98-c7ed3576de5c
2019-10-16 21:53:17,320 [grpc-default-executor-1] INFO  impl.RoleInfo (RoleInfo.java:shutdownFollowerState(121)) - efb933de-cdd8-4d8d-88d2-4c7ffe0dec1a: shutdown FollowerState
2019-10-16 21:53:17,320 [grpc-default-executor-0] INFO  impl.RaftServerImpl (RaftServerImpl.java:setRole(184)) - 9d88716d-5d6b-4fd8-b832-a110dc45ee66@group-EE856C9543A1: changes role from  FOLLOWER to FOLLOWER at term 203 for recognizeCandidate:5c3956af-60d3-411f-8c98-c7ed3576de5c
2019-10-16 21:53:17,320 [Thread-1495] INFO  impl.FollowerState (FollowerState.java:run(117)) - efb933de-cdd8-4d8d-88d2-4c7ffe0dec1a@group-EE856C9543A1-FollowerState was interrupted: java.lang.InterruptedException: sleep interrupted
2019-10-16 21:53:17,320 [grpc-default-executor-0] INFO  impl.RoleInfo (RoleInfo.java:shutdownFollowerState(121)) - 9d88716d-5d6b-4fd8-b832-a110dc45ee66: shutdown FollowerState
2019-10-16 21:53:17,320 [grpc-default-executor-1] INFO  impl.RoleInfo (RoleInfo.java:updateAndGet(143)) - efb933de-cdd8-4d8d-88d2-4c7ffe0dec1a: start FollowerState
2019-10-16 21:53:17,321 [Thread-1496] INFO  impl.FollowerState (FollowerState.java:run(117)) - 9d88716d-5d6b-4fd8-b832-a110dc45ee66@group-EE856C9543A1-FollowerState was interrupted: java.lang.InterruptedException: sleep interrupted
2019-10-16 21:53:17,321 [grpc-default-executor-0] INFO  impl.RoleInfo (RoleInfo.java:updateAndGet(143)) - 9d88716d-5d6b-4fd8-b832-a110dc45ee66: start FollowerState
2019-10-16 21:53:17,336 [5c3956af-60d3-411f-8c98-c7ed3576de5c@group-EE856C9543A1-LeaderElection192] INFO  impl.LeaderElection (LeaderElection.java:logAndReturn(56)) - 5c3956af-60d3-411f-8c98-c7ed3576de5c@group-EE856C9543A1-LeaderElection192: Election REJECTED; received 2 response(s) [5c3956af-60d3-411f-8c98-c7ed3576de5c<-efb933de-cdd8-4d8d-88d2-4c7ffe0dec1a#0:FAIL-t203, 5c3956af-60d3-411f-8c98-c7ed3576de5c<-9d88716d-5d6b-4fd8-b832-a110dc45ee66#0:FAIL-t203] and 0 exception(s); 5c3956af-60d3-411f-8c98-c7ed3576de5c@group-EE856C9543A1:t203, leader=null, voted=5c3956af-60d3-411f-8c98-c7ed3576de5c, raftlog=5c3956af-60d3-411f-8c98-c7ed3576de5c@group-EE856C9543A1-SegmentedRaftLog:OPENED:c-1,f-1,i0, conf=-1: [5c3956af-60d3-411f-8c98-c7ed3576de5c:192.168.34.38:33787, efb933de-cdd8-4d8d-88d2-4c7ffe0dec1a:192.168.34.38:42459, 9d88716d-5d6b-4fd8-b832-a110dc45ee66:192.168.34.38:38211], old=null
2019-10-16 21:53:17,336 [5c3956af-60d3-411f-8c98-c7ed3576de5c@group-EE856C9543A1-LeaderElection192] INFO  impl.RaftServerImpl (RaftServerImpl.java:setRole(184)) - 5c3956af-60d3-411f-8c98-c7ed3576de5c@group-EE856C9543A1: changes role from CANDIDATE to FOLLOWER at term 203 for DISCOVERED_A_NEW_TERM
2019-10-16 21:53:17,336 [5c3956af-60d3-411f-8c98-c7ed3576de5c@group-EE856C9543A1-LeaderElection192] INFO  impl.RoleInfo (RoleInfo.java:shutdownLeaderElection(134)) - 5c3956af-60d3-411f-8c98-c7ed3576de5c: shutdown LeaderElection
2019-10-16 21:53:17,337 [5c3956af-60d3-411f-8c98-c7ed3576de5c@group-EE856C9543A1-LeaderElection192] INFO  impl.RoleInfo (RoleInfo.java:updateAndGet(143)) - 5c3956af-60d3-411f-8c98-c7ed3576de5c: start FollowerState
2019-10-16 21:53:17,407 [JUnit] INFO  ozone.MiniOzoneClusterImpl (MiniOzoneClusterImpl.java:lambda$waitForClusterToBeReady$2(164)) - Waiting for 1 number of pipelines out of 6, to report a leader.
2019-10-16 21:53:17,504 [Thread-1503] INFO  impl.FollowerState (FollowerState.java:run(108)) - 5c3956af-60d3-411f-8c98-c7ed3576de5c@group-EE856C9543A1-FollowerState: change to CANDIDATE, lastRpcTime:167ms, electionTimeout:167ms
2019-10-16 21:53:17,504 [Thread-1503] INFO  impl.RoleInfo (RoleInfo.java:shutdownFollowerState(121)) - 5c3956af-60d3-411f-8c98-c7ed3576de5c: shutdown FollowerState
2019-10-16 21:53:17,504 [Thread-1503] INFO  impl.RaftServerImpl (RaftServerImpl.java:setRole(184)) - 5c3956af-60d3-411f-8c98-c7ed3576de5c@group-EE856C9543A1: changes role from  FOLLOWER to CANDIDATE at term 203 for changeToCandidate
2019-10-16 21:53:17,505 [Thread-1503] INFO  impl.RoleInfo (RoleInfo.java:updateAndGet(143)) - 5c3956af-60d3-411f-8c98-c7ed3576de5c: start LeaderElection
2019-10-16 21:53:17,518 [5c3956af-60d3-411f-8c98-c7ed3576de5c@group-EE856C9543A1-LeaderElection193] INFO  impl.LeaderElection (LeaderElection.java:askForVotes(178)) - 5c3956af-60d3-411f-8c98-c7ed3576de5c@group-EE856C9543A1-LeaderElection193: begin an election at term 204 for -1: [5c3956af-60d3-411f-8c98-c7ed3576de5c:192.168.34.38:33787, efb933de-cdd8-4d8d-88d2-4c7ffe0dec1a:192.168.34.38:42459, 9d88716d-5d6b-4fd8-b832-a110dc45ee66:192.168.34.38:38211], old=null
2019-10-16 21:53:17,521 [grpc-default-executor-1] INFO  impl.RaftServerImpl (RaftServerImpl.java:setRole(184)) - 9d88716d-5d6b-4fd8-b832-a110dc45ee66@group-EE856C9543A1: changes role from  FOLLOWER to FOLLOWER at term 204 for recognizeCandidate:5c3956af-60d3-411f-8c98-c7ed3576de5c
2019-10-16 21:53:17,521 [grpc-default-executor-0] INFO  impl.RaftServerImpl (RaftServerImpl.java:setRole(184)) - efb933de-cdd8-4d8d-88d2-4c7ffe0dec1a@group-EE856C9543A1: changes role from  FOLLOWER to FOLLOWER at term 204 for recognizeCandidate:5c3956af-60d3-411f-8c98-c7ed3576de5c
2019-10-16 21:53:17,521 [grpc-default-executor-1] INFO  impl.RoleInfo (RoleInfo.java:shutdownFollowerState(121)) - 9d88716d-5d6b-4fd8-b832-a110dc45ee66: shutdown FollowerState
2019-10-16 21:53:17,521 [grpc-default-executor-0] INFO  impl.RoleInfo (RoleInfo.java:shutdownFollowerState(121)) - efb933de-cdd8-4d8d-88d2-4c7ffe0dec1a: shutdown FollowerState
2019-10-16 21:53:17,521 [Thread-1502] INFO  impl.FollowerState (FollowerState.java:run(117)) - 9d88716d-5d6b-4fd8-b832-a110dc45ee66@group-EE856C9543A1-FollowerState was interrupted: java.lang.InterruptedException: sleep interrupted
2019-10-16 21:53:17,521 [grpc-default-executor-1] INFO  impl.RoleInfo (RoleInfo.java:updateAndGet(143)) - 9d88716d-5d6b-4fd8-b832-a110dc45ee66: start FollowerState
2019-10-16 21:53:17,521 [Thread-1501] INFO  impl.FollowerState (FollowerState.java:run(117)) - efb933de-cdd8-4d8d-88d2-4c7ffe0dec1a@group-EE856C9543A1-FollowerState was interrupted: java.lang.InterruptedException: sleep interrupted
2019-10-16 21:53:17,521 [grpc-default-executor-0] INFO  impl.RoleInfo (RoleInfo.java:updateAndGet(143)) - efb933de-cdd8-4d8d-88d2-4c7ffe0dec1a: start FollowerState
2019-10-16 21:53:17,536 [5c3956af-60d3-411f-8c98-c7ed3576de5c@group-EE856C9543A1-LeaderElection193] INFO  impl.LeaderElection (LeaderElection.java:logAndReturn(56)) - 5c3956af-60d3-411f-8c98-c7ed3576de5c@group-EE856C9543A1-LeaderElection193: Election REJECTED; received 2 response(s) [5c3956af-60d3-411f-8c98-c7ed3576de5c<-efb933de-cdd8-4d8d-88d2-4c7ffe0dec1a#0:FAIL-t204, 5c3956af-60d3-411f-8c98-c7ed3576de5c<-9d88716d-5d6b-4fd8-b832-a110dc45ee66#0:FAIL-t204] and 0 exception(s); 5c3956af-60d3-411f-8c98-c7ed3576de5c@group-EE856C9543A1:t204, leader=null, voted=5c3956af-60d3-411f-8c98-c7ed3576de5c, raftlog=5c3956af-60d3-411f-8c98-c7ed3576de5c@group-EE856C9543A1-SegmentedRaftLog:OPENED:c-1,f-1,i0, conf=-1: [5c3956af-60d3-411f-8c98-c7ed3576de5c:192.168.34.38:33787, efb933de-cdd8-4d8d-88d2-4c7ffe0dec1a:192.168.34.38:42459, 9d88716d-5d6b-4fd8-b832-a110dc45ee66:192.168.34.38:38211], old=null
2019-10-16 21:53:17,536 [5c3956af-60d3-411f-8c98-c7ed3576de5c@group-EE856C9543A1-LeaderElection193] INFO  impl.RaftServerImpl (RaftServerImpl.java:setRole(184)) - 5c3956af-60d3-411f-8c98-c7ed3576de5c@group-EE856C9543A1: changes role from CANDIDATE to FOLLOWER at term 204 for DISCOVERED_A_NEW_TERM
2019-10-16 21:53:17,536 [5c3956af-60d3-411f-8c98-c7ed3576de5c@group-EE856C9543A1-LeaderElection193] INFO  impl.RoleInfo (RoleInfo.java:shutdownLeaderElection(134)) - 5c3956af-60d3-411f-8c98-c7ed3576de5c: shutdown LeaderElection
2019-10-16 21:53:17,536 [5c3956af-60d3-411f-8c98-c7ed3576de5c@group-EE856C9543A1-LeaderElection193] INFO  impl.RoleInfo (RoleInfo.java:updateAndGet(143)) - 5c3956af-60d3-411f-8c98-c7ed3576de5c: start FollowerState
2019-10-16 21:53:17,571 [Thread-1509] INFO  impl.FollowerState (FollowerState.java:run(108)) - 5c3956af-60d3-411f-8c98-c7ed3576de5c@group-EE856C9543A1-FollowerState: change to CANDIDATE, lastRpcTime:34ms, electionTimeout:34ms
2019-10-16 21:53:17,571 [Thread-1509] INFO  impl.RoleInfo (RoleInfo.java:shutdownFollowerState(121)) - 5c3956af-60d3-411f-8c98-c7ed3576de5c: shutdown FollowerState
2019-10-16 21:53:17,571 [Thread-1509] INFO  impl.RaftServerImpl (RaftServerImpl.java:setRole(184)) - 5c3956af-60d3-411f-8c98-c7ed3576de5c@group-EE856C9543A1: changes role from  FOLLOWER to CANDIDATE at term 204 for changeToCandidate
2019-10-16 21:53:17,571 [Thread-1509] INFO  impl.RoleInfo (RoleInfo.java:updateAndGet(143)) - 5c3956af-60d3-411f-8c98-c7ed3576de5c: start LeaderElection
2019-10-16 21:53:17,584 [5c3956af-60d3-411f-8c98-c7ed3576de5c@group-EE856C9543A1-LeaderElection194] INFO  impl.LeaderElection (LeaderElection.java:askForVotes(178)) - 5c3956af-60d3-411f-8c98-c7ed3576de5c@group-EE856C9543A1-LeaderElection194: begin an election at term 205 for -1: [5c3956af-60d3-411f-8c98-c7ed3576de5c:192.168.34.38:33787, efb933de-cdd8-4d8d-88d2-4c7ffe0dec1a:192.168.34.38:42459, 9d88716d-5d6b-4fd8-b832-a110dc45ee66:192.168.34.38:38211], old=null
2019-10-16 21:53:17,587 [grpc-default-executor-1] INFO  impl.RaftServerImpl (RaftServerImpl.java:setRole(184)) - efb933de-cdd8-4d8d-88d2-4c7ffe0dec1a@group-EE856C9543A1: changes role from  FOLLOWER to FOLLOWER at term 205 for recognizeCandidate:5c3956af-60d3-411f-8c98-c7ed3576de5c
2019-10-16 21:53:17,587 [grpc-default-executor-1] INFO  impl.RoleInfo (RoleInfo.java:shutdownFollowerState(121)) - efb933de-cdd8-4d8d-88d2-4c7ffe0dec1a: shutdown FollowerState
2019-10-16 21:53:17,587 [grpc-default-executor-1] INFO  impl.RoleInfo (RoleInfo.java:updateAndGet(143)) - efb933de-cdd8-4d8d-88d2-4c7ffe0dec1a: start FollowerState
2019-10-16 21:53:17,587 [Thread-1508] INFO  impl.FollowerState (FollowerState.java:run(117)) - efb933de-cdd8-4d8d-88d2-4c7ffe0dec1a@group-EE856C9543A1-FollowerState was interrupted: java.lang.InterruptedException: sleep interrupted
2019-10-16 21:53:17,588 [grpc-default-executor-0] INFO  impl.RaftServerImpl (RaftServerImpl.java:setRole(184)) - 9d88716d-5d6b-4fd8-b832-a110dc45ee66@group-EE856C9543A1: changes role from  FOLLOWER to FOLLOWER at term 205 for recognizeCandidate:5c3956af-60d3-411f-8c98-c7ed3576de5c
2019-10-16 21:53:17,588 [grpc-default-executor-0] INFO  impl.RoleInfo (RoleInfo.java:shutdownFollowerState(121)) - 9d88716d-5d6b-4fd8-b832-a110dc45ee66: shutdown FollowerState
2019-10-16 21:53:17,588 [grpc-default-executor-0] INFO  impl.RoleInfo (RoleInfo.java:updateAndGet(143)) - 9d88716d-5d6b-4fd8-b832-a110dc45ee66: start FollowerState
2019-10-16 21:53:17,588 [Thread-1507] INFO  impl.FollowerState (FollowerState.java:run(117)) - 9d88716d-5d6b-4fd8-b832-a110dc45ee66@group-EE856C9543A1-FollowerState was interrupted: java.lang.InterruptedException: sleep interrupted
2019-10-16 21:53:17,602 [5c3956af-60d3-411f-8c98-c7ed3576de5c@group-EE856C9543A1-LeaderElection194] INFO  impl.LeaderElection (LeaderElection.java:logAndReturn(56)) - 5c3956af-60d3-411f-8c98-c7ed3576de5c@group-EE856C9543A1-LeaderElection194: Election REJECTED; received 2 response(s) [5c3956af-60d3-411f-8c98-c7ed3576de5c<-efb933de-cdd8-4d8d-88d2-4c7ffe0dec1a#0:FAIL-t205, 5c3956af-60d3-411f-8c98-c7ed3576de5c<-9d88716d-5d6b-4fd8-b832-a110dc45ee66#0:FAIL-t205] and 0 exception(s); 5c3956af-60d3-411f-8c98-c7ed3576de5c@group-EE856C9543A1:t205, leader=null, voted=5c3956af-60d3-411f-8c98-c7ed3576de5c, raftlog=5c3956af-60d3-411f-8c98-c7ed3576de5c@group-EE856C9543A1-SegmentedRaftLog:OPENED:c-1,f-1,i0, conf=-1: [5c3956af-60d3-411f-8c98-c7ed3576de5c:192.168.34.38:33787, efb933de-cdd8-4d8d-88d2-4c7ffe0dec1a:192.168.34.38:42459, 9d88716d-5d6b-4fd8-b832-a110dc45ee66:192.168.34.38:38211], old=null
2019-10-16 21:53:17,602 [5c3956af-60d3-411f-8c98-c7ed3576de5c@group-EE856C9543A1-LeaderElection194] INFO  impl.RaftServerImpl (RaftServerImpl.java:setRole(184)) - 5c3956af-60d3-411f-8c98-c7ed3576de5c@group-EE856C9543A1: changes role from CANDIDATE to FOLLOWER at term 205 for DISCOVERED_A_NEW_TERM
2019-10-16 21:53:17,602 [5c3956af-60d3-411f-8c98-c7ed3576de5c@group-EE856C9543A1-LeaderElection194] INFO  impl.RoleInfo (RoleInfo.java:shutdownLeaderElection(134)) - 5c3956af-60d3-411f-8c98-c7ed3576de5c: shutdown LeaderElection
2019-10-16 21:53:17,602 [5c3956af-60d3-411f-8c98-c7ed3576de5c@group-EE856C9543A1-LeaderElection194] INFO  impl.RoleInfo (RoleInfo.java:updateAndGet(143)) - 5c3956af-60d3-411f-8c98-c7ed3576de5c: start FollowerState
2019-10-16 21:53:17,755 [Thread-1515] INFO  impl.FollowerState (FollowerState.java:run(108)) - 5c3956af-60d3-411f-8c98-c7ed3576de5c@group-EE856C9543A1-FollowerState: change to CANDIDATE, lastRpcTime:152ms, electionTimeout:152ms
2019-10-16 21:53:17,755 [Thread-1515] INFO  impl.RoleInfo (RoleInfo.java:shutdownFollowerState(121)) - 5c3956af-60d3-411f-8c98-c7ed3576de5c: shutdown FollowerState
2019-10-16 21:53:17,755 [Thread-1515] INFO  impl.RaftServerImpl (RaftServerImpl.java:setRole(184)) - 5c3956af-60d3-411f-8c98-c7ed3576de5c@group-EE856C9543A1: changes role from  FOLLOWER to CANDIDATE at term 205 for changeToCandidate
2019-10-16 21:53:17,755 [Thread-1515] INFO  impl.RoleInfo (RoleInfo.java:updateAndGet(143)) - 5c3956af-60d3-411f-8c98-c7ed3576de5c: start LeaderElection
2019-10-16 21:53:17,770 [5c3956af-60d3-411f-8c98-c7ed3576de5c@group-EE856C9543A1-LeaderElection195] INFO  impl.LeaderElection (LeaderElection.java:askForVotes(178)) - 5c3956af-60d3-411f-8c98-c7ed3576de5c@group-EE856C9543A1-LeaderElection195: begin an election at term 206 for -1: [5c3956af-60d3-411f-8c98-c7ed3576de5c:192.168.34.38:33787, efb933de-cdd8-4d8d-88d2-4c7ffe0dec1a:192.168.34.38:42459, 9d88716d-5d6b-4fd8-b832-a110dc45ee66:192.168.34.38:38211], old=null
2019-10-16 21:53:17,774 [grpc-default-executor-0] INFO  impl.RaftServerImpl (RaftServerImpl.java:setRole(184)) - 9d88716d-5d6b-4fd8-b832-a110dc45ee66@group-EE856C9543A1: changes role from  FOLLOWER to FOLLOWER at term 206 for recognizeCandidate:5c3956af-60d3-411f-8c98-c7ed3576de5c
2019-10-16 21:53:17,774 [grpc-default-executor-0] INFO  impl.RoleInfo (RoleInfo.java:shutdownFollowerState(121)) - 9d88716d-5d6b-4fd8-b832-a110dc45ee66: shutdown FollowerState
2019-10-16 21:53:17,774 [grpc-default-executor-1] INFO  impl.RaftServerImpl (RaftServerImpl.java:setRole(184)) - efb933de-cdd8-4d8d-88d2-4c7ffe0dec1a@group-EE856C9543A1: changes role from  FOLLOWER to FOLLOWER at term 206 for recognizeCandidate:5c3956af-60d3-411f-8c98-c7ed3576de5c
2019-10-16 21:53:17,775 [grpc-default-executor-0] INFO  impl.RoleInfo (RoleInfo.java:updateAndGet(143)) - 9d88716d-5d6b-4fd8-b832-a110dc45ee66: start FollowerState
2019-10-16 21:53:17,775 [Thread-1514] INFO  impl.FollowerState (FollowerState.java:run(117)) - 9d88716d-5d6b-4fd8-b832-a110dc45ee66@group-EE856C9543A1-FollowerState was interrupted: java.lang.InterruptedException: sleep interrupted
2019-10-16 21:53:17,775 [grpc-default-executor-1] INFO  impl.RoleInfo (RoleInfo.java:shutdownFollowerState(121)) - efb933de-cdd8-4d8d-88d2-4c7ffe0dec1a: shutdown FollowerState
2019-10-16 21:53:17,775 [grpc-default-executor-1] INFO  impl.RoleInfo (RoleInfo.java:updateAndGet(143)) - efb933de-cdd8-4d8d-88d2-4c7ffe0dec1a: start FollowerState
2019-10-16 21:53:17,775 [Thread-1513] INFO  impl.FollowerState (FollowerState.java:run(117)) - efb933de-cdd8-4d8d-88d2-4c7ffe0dec1a@group-EE856C9543A1-FollowerState was interrupted: java.lang.InterruptedException: sleep interrupted
2019-10-16 21:53:17,790 [5c3956af-60d3-411f-8c98-c7ed3576de5c@group-EE856C9543A1-LeaderElection195] INFO  impl.LeaderElection (LeaderElection.java:logAndReturn(56)) - 5c3956af-60d3-411f-8c98-c7ed3576de5c@group-EE856C9543A1-LeaderElection195: Election REJECTED; received 2 response(s) [5c3956af-60d3-411f-8c98-c7ed3576de5c<-efb933de-cdd8-4d8d-88d2-4c7ffe0dec1a#0:FAIL-t206, 5c3956af-60d3-411f-8c98-c7ed3576de5c<-9d88716d-5d6b-4fd8-b832-a110dc45ee66#0:FAIL-t206] and 0 exception(s); 5c3956af-60d3-411f-8c98-c7ed3576de5c@group-EE856C9543A1:t206, leader=null, voted=5c3956af-60d3-411f-8c98-c7ed3576de5c, raftlog=5c3956af-60d3-411f-8c98-c7ed3576de5c@group-EE856C9543A1-SegmentedRaftLog:OPENED:c-1,f-1,i0, conf=-1: [5c3956af-60d3-411f-8c98-c7ed3576de5c:192.168.34.38:33787, efb933de-cdd8-4d8d-88d2-4c7ffe0dec1a:192.168.34.38:42459, 9d88716d-5d6b-4fd8-b832-a110dc45ee66:192.168.34.38:38211], old=null
2019-10-16 21:53:17,791 [5c3956af-60d3-411f-8c98-c7ed3576de5c@group-EE856C9543A1-LeaderElection195] INFO  impl.RaftServerImpl (RaftServerImpl.java:setRole(184)) - 5c3956af-60d3-411f-8c98-c7ed3576de5c@group-EE856C9543A1: changes role from CANDIDATE to FOLLOWER at term 206 for DISCOVERED_A_NEW_TERM
2019-10-16 21:53:17,791 [5c3956af-60d3-411f-8c98-c7ed3576de5c@group-EE856C9543A1-LeaderElection195] INFO  impl.RoleInfo (RoleInfo.java:shutdownLeaderElection(134)) - 5c3956af-60d3-411f-8c98-c7ed3576de5c: shutdown LeaderElection
2019-10-16 21:53:17,791 [5c3956af-60d3-411f-8c98-c7ed3576de5c@group-EE856C9543A1-LeaderElection195] INFO  impl.RoleInfo (RoleInfo.java:updateAndGet(143)) - 5c3956af-60d3-411f-8c98-c7ed3576de5c: start FollowerState
2019-10-16 21:53:17,901 [Thread-1521] INFO  impl.FollowerState (FollowerState.java:run(108)) - 5c3956af-60d3-411f-8c98-c7ed3576de5c@group-EE856C9543A1-FollowerState: change to CANDIDATE, lastRpcTime:110ms, electionTimeout:110ms
2019-10-16 21:53:17,902 [Thread-1521] INFO  impl.RoleInfo (RoleInfo.java:shutdownFollowerState(121)) - 5c3956af-60d3-411f-8c98-c7ed3576de5c: shutdown FollowerState
2019-10-16 21:53:17,902 [Thread-1521] INFO  impl.RaftServerImpl (RaftServerImpl.java:setRole(184)) - 5c3956af-60d3-411f-8c98-c7ed3576de5c@group-EE856C9543A1: changes role from  FOLLOWER to CANDIDATE at term 206 for changeToCandidate
2019-10-16 21:53:17,902 [Thread-1521] INFO  impl.RoleInfo (RoleInfo.java:updateAndGet(143)) - 5c3956af-60d3-411f-8c98-c7ed3576de5c: start LeaderElection
2019-10-16 21:53:17,916 [5c3956af-60d3-411f-8c98-c7ed3576de5c@group-EE856C9543A1-LeaderElection196] INFO  impl.LeaderElection (LeaderElection.java:askForVotes(178)) - 5c3956af-60d3-411f-8c98-c7ed3576de5c@group-EE856C9543A1-LeaderElection196: begin an election at term 207 for -1: [5c3956af-60d3-411f-8c98-c7ed3576de5c:192.168.34.38:33787, efb933de-cdd8-4d8d-88d2-4c7ffe0dec1a:192.168.34.38:42459, 9d88716d-5d6b-4fd8-b832-a110dc45ee66:192.168.34.38:38211], old=null
2019-10-16 21:53:17,918 [grpc-default-executor-1] INFO  impl.RaftServerImpl (RaftServerImpl.java:setRole(184)) - efb933de-cdd8-4d8d-88d2-4c7ffe0dec1a@group-EE856C9543A1: changes role from  FOLLOWER to FOLLOWER at term 207 for recognizeCandidate:5c3956af-60d3-411f-8c98-c7ed3576de5c
2019-10-16 21:53:17,918 [grpc-default-executor-1] INFO  impl.RoleInfo (RoleInfo.java:shutdownFollowerState(121)) - efb933de-cdd8-4d8d-88d2-4c7ffe0dec1a: shutdown FollowerState
2019-10-16 21:53:17,919 [grpc-default-executor-1] INFO  impl.RoleInfo (RoleInfo.java:updateAndGet(143)) - efb933de-cdd8-4d8d-88d2-4c7ffe0dec1a: start FollowerState
2019-10-16 21:53:17,919 [Thread-1520] INFO  impl.FollowerState (FollowerState.java:run(117)) - efb933de-cdd8-4d8d-88d2-4c7ffe0dec1a@group-EE856C9543A1-FollowerState was interrupted: java.lang.InterruptedException: sleep interrupted
2019-10-16 21:53:17,919 [grpc-default-executor-0] INFO  impl.RaftServerImpl (RaftServerImpl.java:setRole(184)) - 9d88716d-5d6b-4fd8-b832-a110dc45ee66@group-EE856C9543A1: changes role from  FOLLOWER to FOLLOWER at term 207 for recognizeCandidate:5c3956af-60d3-411f-8c98-c7ed3576de5c
2019-10-16 21:53:17,919 [grpc-default-executor-0] INFO  impl.RoleInfo (RoleInfo.java:shutdownFollowerState(121)) - 9d88716d-5d6b-4fd8-b832-a110dc45ee66: shutdown FollowerState
2019-10-16 21:53:17,919 [grpc-default-executor-0] INFO  impl.RoleInfo (RoleInfo.java:updateAndGet(143)) - 9d88716d-5d6b-4fd8-b832-a110dc45ee66: start FollowerState
2019-10-16 21:53:17,919 [Thread-1519] INFO  impl.FollowerState (FollowerState.java:run(117)) - 9d88716d-5d6b-4fd8-b832-a110dc45ee66@group-EE856C9543A1-FollowerState was interrupted: java.lang.InterruptedException: sleep interrupted
2019-10-16 21:53:17,933 [5c3956af-60d3-411f-8c98-c7ed3576de5c@group-EE856C9543A1-LeaderElection196] INFO  impl.LeaderElection (LeaderElection.java:logAndReturn(56)) - 5c3956af-60d3-411f-8c98-c7ed3576de5c@group-EE856C9543A1-LeaderElection196: Election REJECTED; received 2 response(s) [5c3956af-60d3-411f-8c98-c7ed3576de5c<-efb933de-cdd8-4d8d-88d2-4c7ffe0dec1a#0:FAIL-t207, 5c3956af-60d3-411f-8c98-c7ed3576de5c<-9d88716d-5d6b-4fd8-b832-a110dc45ee66#0:FAIL-t207] and 0 exception(s); 5c3956af-60d3-411f-8c98-c7ed3576de5c@group-EE856C9543A1:t207, leader=null, voted=5c3956af-60d3-411f-8c98-c7ed3576de5c, raftlog=5c3956af-60d3-411f-8c98-c7ed3576de5c@group-EE856C9543A1-SegmentedRaftLog:OPENED:c-1,f-1,i0, conf=-1: [5c3956af-60d3-411f-8c98-c7ed3576de5c:192.168.34.38:33787, efb933de-cdd8-4d8d-88d2-4c7ffe0dec1a:192.168.34.38:42459, 9d88716d-5d6b-4fd8-b832-a110dc45ee66:192.168.34.38:38211], old=null
2019-10-16 21:53:17,934 [5c3956af-60d3-411f-8c98-c7ed3576de5c@group-EE856C9543A1-LeaderElection196] INFO  impl.RaftServerImpl (RaftServerImpl.java:setRole(184)) - 5c3956af-60d3-411f-8c98-c7ed3576de5c@group-EE856C9543A1: changes role from CANDIDATE to FOLLOWER at term 207 for DISCOVERED_A_NEW_TERM
2019-10-16 21:53:17,934 [5c3956af-60d3-411f-8c98-c7ed3576de5c@group-EE856C9543A1-LeaderElection196] INFO  impl.RoleInfo (RoleInfo.java:shutdownLeaderElection(134)) - 5c3956af-60d3-411f-8c98-c7ed3576de5c: shutdown LeaderElection
2019-10-16 21:53:17,934 [5c3956af-60d3-411f-8c98-c7ed3576de5c@group-EE856C9543A1-LeaderElection196] INFO  impl.RoleInfo (RoleInfo.java:updateAndGet(143)) - 5c3956af-60d3-411f-8c98-c7ed3576de5c: start FollowerState
2019-10-16 21:53:18,110 [Thread-1527] INFO  impl.FollowerState (FollowerState.java:run(108)) - 5c3956af-60d3-411f-8c98-c7ed3576de5c@group-EE856C9543A1-FollowerState: change to CANDIDATE, lastRpcTime:176ms, electionTimeout:176ms
2019-10-16 21:53:18,111 [Thread-1527] INFO  impl.RoleInfo (RoleInfo.java:shutdownFollowerState(121)) - 5c3956af-60d3-411f-8c98-c7ed3576de5c: shutdown FollowerState
2019-10-16 21:53:18,111 [Thread-1527] INFO  impl.RaftServerImpl (RaftServerImpl.java:setRole(184)) - 5c3956af-60d3-411f-8c98-c7ed3576de5c@group-EE856C9543A1: changes role from  FOLLOWER to CANDIDATE at term 207 for changeToCandidate
2019-10-16 21:53:18,111 [Thread-1527] INFO  impl.RoleInfo (RoleInfo.java:updateAndGet(143)) - 5c3956af-60d3-411f-8c98-c7ed3576de5c: start LeaderElection
2019-10-16 21:53:18,125 [5c3956af-60d3-411f-8c98-c7ed3576de5c@group-EE856C9543A1-LeaderElection197] INFO  impl.LeaderElection (LeaderElection.java:askForVotes(178)) - 5c3956af-60d3-411f-8c98-c7ed3576de5c@group-EE856C9543A1-LeaderElection197: begin an election at term 208 for -1: [5c3956af-60d3-411f-8c98-c7ed3576de5c:192.168.34.38:33787, efb933de-cdd8-4d8d-88d2-4c7ffe0dec1a:192.168.34.38:42459, 9d88716d-5d6b-4fd8-b832-a110dc45ee66:192.168.34.38:38211], old=null
2019-10-16 21:53:18,128 [grpc-default-executor-0] INFO  impl.RaftServerImpl (RaftServerImpl.java:setRole(184)) - efb933de-cdd8-4d8d-88d2-4c7ffe0dec1a@group-EE856C9543A1: changes role from  FOLLOWER to FOLLOWER at term 208 for recognizeCandidate:5c3956af-60d3-411f-8c98-c7ed3576de5c
2019-10-16 21:53:18,128 [grpc-default-executor-0] INFO  impl.RoleInfo (RoleInfo.java:shutdownFollowerState(121)) - efb933de-cdd8-4d8d-88d2-4c7ffe0dec1a: shutdown FollowerState
2019-10-16 21:53:18,129 [grpc-default-executor-1] INFO  impl.RaftServerImpl (RaftServerImpl.java:setRole(184)) - 9d88716d-5d6b-4fd8-b832-a110dc45ee66@group-EE856C9543A1: changes role from  FOLLOWER to FOLLOWER at term 208 for recognizeCandidate:5c3956af-60d3-411f-8c98-c7ed3576de5c
2019-10-16 21:53:18,129 [Thread-1525] INFO  impl.FollowerState (FollowerState.java:run(117)) - efb933de-cdd8-4d8d-88d2-4c7ffe0dec1a@group-EE856C9543A1-FollowerState was interrupted: java.lang.InterruptedException: sleep interrupted
2019-10-16 21:53:18,129 [grpc-default-executor-0] INFO  impl.RoleInfo (RoleInfo.java:updateAndGet(143)) - efb933de-cdd8-4d8d-88d2-4c7ffe0dec1a: start FollowerState
2019-10-16 21:53:18,129 [grpc-default-executor-1] INFO  impl.RoleInfo (RoleInfo.java:shutdownFollowerState(121)) - 9d88716d-5d6b-4fd8-b832-a110dc45ee66: shutdown FollowerState
2019-10-16 21:53:18,129 [grpc-default-executor-1] INFO  impl.RoleInfo (RoleInfo.java:updateAndGet(143)) - 9d88716d-5d6b-4fd8-b832-a110dc45ee66: start FollowerState
2019-10-16 21:53:18,129 [Thread-1526] INFO  impl.FollowerState (FollowerState.java:run(117)) - 9d88716d-5d6b-4fd8-b832-a110dc45ee66@group-EE856C9543A1-FollowerState was interrupted: java.lang.InterruptedException: sleep interrupted
2019-10-16 21:53:18,144 [5c3956af-60d3-411f-8c98-c7ed3576de5c@group-EE856C9543A1-LeaderElection197] INFO  impl.LeaderElection (LeaderElection.java:logAndReturn(56)) - 5c3956af-60d3-411f-8c98-c7ed3576de5c@group-EE856C9543A1-LeaderElection197: Election REJECTED; received 2 response(s) [5c3956af-60d3-411f-8c98-c7ed3576de5c<-efb933de-cdd8-4d8d-88d2-4c7ffe0dec1a#0:FAIL-t208, 5c3956af-60d3-411f-8c98-c7ed3576de5c<-9d88716d-5d6b-4fd8-b832-a110dc45ee66#0:FAIL-t208] and 0 exception(s); 5c3956af-60d3-411f-8c98-c7ed3576de5c@group-EE856C9543A1:t208, leader=null, voted=5c3956af-60d3-411f-8c98-c7ed3576de5c, raftlog=5c3956af-60d3-411f-8c98-c7ed3576de5c@group-EE856C9543A1-SegmentedRaftLog:OPENED:c-1,f-1,i0, conf=-1: [5c3956af-60d3-411f-8c98-c7ed3576de5c:192.168.34.38:33787, efb933de-cdd8-4d8d-88d2-4c7ffe0dec1a:192.168.34.38:42459, 9d88716d-5d6b-4fd8-b832-a110dc45ee66:192.168.34.38:38211], old=null
2019-10-16 21:53:18,144 [5c3956af-60d3-411f-8c98-c7ed3576de5c@group-EE856C9543A1-LeaderElection197] INFO  impl.RaftServerImpl (RaftServerImpl.java:setRole(184)) - 5c3956af-60d3-411f-8c98-c7ed3576de5c@group-EE856C9543A1: changes role from CANDIDATE to FOLLOWER at term 208 for DISCOVERED_A_NEW_TERM
2019-10-16 21:53:18,144 [5c3956af-60d3-411f-8c98-c7ed3576de5c@group-EE856C9543A1-LeaderElection197] INFO  impl.RoleInfo (RoleInfo.java:shutdownLeaderElection(134)) - 5c3956af-60d3-411f-8c98-c7ed3576de5c: shutdown LeaderElection
2019-10-16 21:53:18,144 [5c3956af-60d3-411f-8c98-c7ed3576de5c@group-EE856C9543A1-LeaderElection197] INFO  impl.RoleInfo (RoleInfo.java:updateAndGet(143)) - 5c3956af-60d3-411f-8c98-c7ed3576de5c: start FollowerState
2019-10-16 21:53:18,152 [Thread-1533] INFO  impl.FollowerState (FollowerState.java:run(108)) - 5c3956af-60d3-411f-8c98-c7ed3576de5c@group-EE856C9543A1-FollowerState: change to CANDIDATE, lastRpcTime:7ms, electionTimeout:7ms
2019-10-16 21:53:18,152 [Thread-1533] INFO  impl.RoleInfo (RoleInfo.java:shutdownFollowerState(121)) - 5c3956af-60d3-411f-8c98-c7ed3576de5c: shutdown FollowerState
2019-10-16 21:53:18,152 [Thread-1533] INFO  impl.RaftServerImpl (RaftServerImpl.java:setRole(184)) - 5c3956af-60d3-411f-8c98-c7ed3576de5c@group-EE856C9543A1: changes role from  FOLLOWER to CANDIDATE at term 208 for changeToCandidate
2019-10-16 21:53:18,152 [Thread-1533] INFO  impl.RoleInfo (RoleInfo.java:updateAndGet(143)) - 5c3956af-60d3-411f-8c98-c7ed3576de5c: start LeaderElection
2019-10-16 21:53:18,165 [5c3956af-60d3-411f-8c98-c7ed3576de5c@group-EE856C9543A1-LeaderElection198] INFO  impl.LeaderElection (LeaderElection.java:askForVotes(178)) - 5c3956af-60d3-411f-8c98-c7ed3576de5c@group-EE856C9543A1-LeaderElection198: begin an election at term 209 for -1: [5c3956af-60d3-411f-8c98-c7ed3576de5c:192.168.34.38:33787, efb933de-cdd8-4d8d-88d2-4c7ffe0dec1a:192.168.34.38:42459, 9d88716d-5d6b-4fd8-b832-a110dc45ee66:192.168.34.38:38211], old=null
2019-10-16 21:53:18,167 [grpc-default-executor-1] INFO  impl.RaftServerImpl (RaftServerImpl.java:setRole(184)) - efb933de-cdd8-4d8d-88d2-4c7ffe0dec1a@group-EE856C9543A1: changes role from  FOLLOWER to FOLLOWER at term 209 for recognizeCandidate:5c3956af-60d3-411f-8c98-c7ed3576de5c
2019-10-16 21:53:18,167 [grpc-default-executor-1] INFO  impl.RoleInfo (RoleInfo.java:shutdownFollowerState(121)) - efb933de-cdd8-4d8d-88d2-4c7ffe0dec1a: shutdown FollowerState
2019-10-16 21:53:18,168 [grpc-default-executor-1] INFO  impl.RoleInfo (RoleInfo.java:updateAndGet(143)) - efb933de-cdd8-4d8d-88d2-4c7ffe0dec1a: start FollowerState
2019-10-16 21:53:18,168 [Thread-1531] INFO  impl.FollowerState (FollowerState.java:run(117)) - efb933de-cdd8-4d8d-88d2-4c7ffe0dec1a@group-EE856C9543A1-FollowerState was interrupted: java.lang.InterruptedException: sleep interrupted
2019-10-16 21:53:18,168 [grpc-default-executor-0] INFO  impl.RaftServerImpl (RaftServerImpl.java:setRole(184)) - 9d88716d-5d6b-4fd8-b832-a110dc45ee66@group-EE856C9543A1: changes role from  FOLLOWER to FOLLOWER at term 209 for recognizeCandidate:5c3956af-60d3-411f-8c98-c7ed3576de5c
2019-10-16 21:53:18,168 [grpc-default-executor-0] INFO  impl.RoleInfo (RoleInfo.java:shutdownFollowerState(121)) - 9d88716d-5d6b-4fd8-b832-a110dc45ee66: shutdown FollowerState
2019-10-16 21:53:18,169 [grpc-default-executor-0] INFO  impl.RoleInfo (RoleInfo.java:updateAndGet(143)) - 9d88716d-5d6b-4fd8-b832-a110dc45ee66: start FollowerState
2019-10-16 21:53:18,169 [Thread-1532] INFO  impl.FollowerState (FollowerState.java:run(117)) - 9d88716d-5d6b-4fd8-b832-a110dc45ee66@group-EE856C9543A1-FollowerState was interrupted: java.lang.InterruptedException: sleep interrupted
2019-10-16 21:53:18,183 [5c3956af-60d3-411f-8c98-c7ed3576de5c@group-EE856C9543A1-LeaderElection198] INFO  impl.LeaderElection (LeaderElection.java:logAndReturn(56)) - 5c3956af-60d3-411f-8c98-c7ed3576de5c@group-EE856C9543A1-LeaderElection198: Election REJECTED; received 2 response(s) [5c3956af-60d3-411f-8c98-c7ed3576de5c<-efb933de-cdd8-4d8d-88d2-4c7ffe0dec1a#0:FAIL-t209, 5c3956af-60d3-411f-8c98-c7ed3576de5c<-9d88716d-5d6b-4fd8-b832-a110dc45ee66#0:FAIL-t209] and 0 exception(s); 5c3956af-60d3-411f-8c98-c7ed3576de5c@group-EE856C9543A1:t209, leader=null, voted=5c3956af-60d3-411f-8c98-c7ed3576de5c, raftlog=5c3956af-60d3-411f-8c98-c7ed3576de5c@group-EE856C9543A1-SegmentedRaftLog:OPENED:c-1,f-1,i0, conf=-1: [5c3956af-60d3-411f-8c98-c7ed3576de5c:192.168.34.38:33787, efb933de-cdd8-4d8d-88d2-4c7ffe0dec1a:192.168.34.38:42459, 9d88716d-5d6b-4fd8-b832-a110dc45ee66:192.168.34.38:38211], old=null
2019-10-16 21:53:18,183 [5c3956af-60d3-411f-8c98-c7ed3576de5c@group-EE856C9543A1-LeaderElection198] INFO  impl.RaftServerImpl (RaftServerImpl.java:setRole(184)) - 5c3956af-60d3-411f-8c98-c7ed3576de5c@group-EE856C9543A1: changes role from CANDIDATE to FOLLOWER at term 209 for DISCOVERED_A_NEW_TERM
2019-10-16 21:53:18,183 [5c3956af-60d3-411f-8c98-c7ed3576de5c@group-EE856C9543A1-LeaderElection198] INFO  impl.RoleInfo (RoleInfo.java:shutdownLeaderElection(134)) - 5c3956af-60d3-411f-8c98-c7ed3576de5c: shutdown LeaderElection
2019-10-16 21:53:18,183 [5c3956af-60d3-411f-8c98-c7ed3576de5c@group-EE856C9543A1-LeaderElection198] INFO  impl.RoleInfo (RoleInfo.java:updateAndGet(143)) - 5c3956af-60d3-411f-8c98-c7ed3576de5c: start FollowerState
2019-10-16 21:53:18,303 [Thread-1539] INFO  impl.FollowerState (FollowerState.java:run(108)) - 5c3956af-60d3-411f-8c98-c7ed3576de5c@group-EE856C9543A1-FollowerState: change to CANDIDATE, lastRpcTime:119ms, electionTimeout:119ms
2019-10-16 21:53:18,303 [Thread-1539] INFO  impl.RoleInfo (RoleInfo.java:shutdownFollowerState(121)) - 5c3956af-60d3-411f-8c98-c7ed3576de5c: shutdown FollowerState
2019-10-16 21:53:18,303 [Thread-1539] INFO  impl.RaftServerImpl (RaftServerImpl.java:setRole(184)) - 5c3956af-60d3-411f-8c98-c7ed3576de5c@group-EE856C9543A1: changes role from  FOLLOWER to CANDIDATE at term 209 for changeToCandidate
2019-10-16 21:53:18,303 [Thread-1539] INFO  impl.RoleInfo (RoleInfo.java:updateAndGet(143)) - 5c3956af-60d3-411f-8c98-c7ed3576de5c: start LeaderElection
2019-10-16 21:53:18,318 [5c3956af-60d3-411f-8c98-c7ed3576de5c@group-EE856C9543A1-LeaderElection199] INFO  impl.LeaderElection (LeaderElection.java:askForVotes(178)) - 5c3956af-60d3-411f-8c98-c7ed3576de5c@group-EE856C9543A1-LeaderElection199: begin an election at term 210 for -1: [5c3956af-60d3-411f-8c98-c7ed3576de5c:192.168.34.38:33787, efb933de-cdd8-4d8d-88d2-4c7ffe0dec1a:192.168.34.38:42459, 9d88716d-5d6b-4fd8-b832-a110dc45ee66:192.168.34.38:38211], old=null
2019-10-16 21:53:18,320 [grpc-default-executor-0] INFO  impl.RaftServerImpl (RaftServerImpl.java:setRole(184)) - efb933de-cdd8-4d8d-88d2-4c7ffe0dec1a@group-EE856C9543A1: changes role from  FOLLOWER to FOLLOWER at term 210 for recognizeCandidate:5c3956af-60d3-411f-8c98-c7ed3576de5c
2019-10-16 21:53:18,320 [grpc-default-executor-0] INFO  impl.RoleInfo (RoleInfo.java:shutdownFollowerState(121)) - efb933de-cdd8-4d8d-88d2-4c7ffe0dec1a: shutdown FollowerState
2019-10-16 21:53:18,321 [grpc-default-executor-0] INFO  impl.RoleInfo (RoleInfo.java:updateAndGet(143)) - efb933de-cdd8-4d8d-88d2-4c7ffe0dec1a: start FollowerState
2019-10-16 21:53:18,321 [Thread-1537] INFO  impl.FollowerState (FollowerState.java:run(117)) - efb933de-cdd8-4d8d-88d2-4c7ffe0dec1a@group-EE856C9543A1-FollowerState was interrupted: java.lang.InterruptedException: sleep interrupted
2019-10-16 21:53:18,321 [grpc-default-executor-1] INFO  impl.RaftServerImpl (RaftServerImpl.java:setRole(184)) - 9d88716d-5d6b-4fd8-b832-a110dc45ee66@group-EE856C9543A1: changes role from  FOLLOWER to FOLLOWER at term 210 for recognizeCandidate:5c3956af-60d3-411f-8c98-c7ed3576de5c
2019-10-16 21:53:18,321 [grpc-default-executor-1] INFO  impl.RoleInfo (RoleInfo.java:shutdownFollowerState(121)) - 9d88716d-5d6b-4fd8-b832-a110dc45ee66: shutdown FollowerState
2019-10-16 21:53:18,321 [grpc-default-executor-1] INFO  impl.RoleInfo (RoleInfo.java:updateAndGet(143)) - 9d88716d-5d6b-4fd8-b832-a110dc45ee66: start FollowerState
2019-10-16 21:53:18,321 [Thread-1538] INFO  impl.FollowerState (FollowerState.java:run(117)) - 9d88716d-5d6b-4fd8-b832-a110dc45ee66@group-EE856C9543A1-FollowerState was interrupted: java.lang.InterruptedException: sleep interrupted
2019-10-16 21:53:18,336 [5c3956af-60d3-411f-8c98-c7ed3576de5c@group-EE856C9543A1-LeaderElection199] INFO  impl.LeaderElection (LeaderElection.java:logAndReturn(56)) - 5c3956af-60d3-411f-8c98-c7ed3576de5c@group-EE856C9543A1-LeaderElection199: Election REJECTED; received 2 response(s) [5c3956af-60d3-411f-8c98-c7ed3576de5c<-efb933de-cdd8-4d8d-88d2-4c7ffe0dec1a#0:FAIL-t210, 5c3956af-60d3-411f-8c98-c7ed3576de5c<-9d88716d-5d6b-4fd8-b832-a110dc45ee66#0:FAIL-t210] and 0 exception(s); 5c3956af-60d3-411f-8c98-c7ed3576de5c@group-EE856C9543A1:t210, leader=null, voted=5c3956af-60d3-411f-8c98-c7ed3576de5c, raftlog=5c3956af-60d3-411f-8c98-c7ed3576de5c@group-EE856C9543A1-SegmentedRaftLog:OPENED:c-1,f-1,i0, conf=-1: [5c3956af-60d3-411f-8c98-c7ed3576de5c:192.168.34.38:33787, efb933de-cdd8-4d8d-88d2-4c7ffe0dec1a:192.168.34.38:42459, 9d88716d-5d6b-4fd8-b832-a110dc45ee66:192.168.34.38:38211], old=null
2019-10-16 21:53:18,336 [5c3956af-60d3-411f-8c98-c7ed3576de5c@group-EE856C9543A1-LeaderElection199] INFO  impl.RaftServerImpl (RaftServerImpl.java:setRole(184)) - 5c3956af-60d3-411f-8c98-c7ed3576de5c@group-EE856C9543A1: changes role from CANDIDATE to FOLLOWER at term 210 for DISCOVERED_A_NEW_TERM
2019-10-16 21:53:18,336 [5c3956af-60d3-411f-8c98-c7ed3576de5c@group-EE856C9543A1-LeaderElection199] INFO  impl.RoleInfo (RoleInfo.java:shutdownLeaderElection(134)) - 5c3956af-60d3-411f-8c98-c7ed3576de5c: shutdown LeaderElection
2019-10-16 21:53:18,336 [5c3956af-60d3-411f-8c98-c7ed3576de5c@group-EE856C9543A1-LeaderElection199] INFO  impl.RoleInfo (RoleInfo.java:updateAndGet(143)) - 5c3956af-60d3-411f-8c98-c7ed3576de5c: start FollowerState
2019-10-16 21:53:18,337 [Thread-1545] INFO  impl.FollowerState (FollowerState.java:run(108)) - 5c3956af-60d3-411f-8c98-c7ed3576de5c@group-EE856C9543A1-FollowerState: change to CANDIDATE, lastRpcTime:0ms, electionTimeout:0ms
2019-10-16 21:53:18,337 [Thread-1545] INFO  impl.RoleInfo (RoleInfo.java:shutdownFollowerState(121)) - 5c3956af-60d3-411f-8c98-c7ed3576de5c: shutdown FollowerState
2019-10-16 21:53:18,337 [Thread-1545] INFO  impl.RaftServerImpl (RaftServerImpl.java:setRole(184)) - 5c3956af-60d3-411f-8c98-c7ed3576de5c@group-EE856C9543A1: changes role from  FOLLOWER to CANDIDATE at term 210 for changeToCandidate
2019-10-16 21:53:18,337 [Thread-1545] INFO  impl.RoleInfo (RoleInfo.java:updateAndGet(143)) - 5c3956af-60d3-411f-8c98-c7ed3576de5c: start LeaderElection
2019-10-16 21:53:18,351 [5c3956af-60d3-411f-8c98-c7ed3576de5c@group-EE856C9543A1-LeaderElection200] INFO  impl.LeaderElection (LeaderElection.java:askForVotes(178)) - 5c3956af-60d3-411f-8c98-c7ed3576de5c@group-EE856C9543A1-LeaderElection200: begin an election at term 211 for -1: [5c3956af-60d3-411f-8c98-c7ed3576de5c:192.168.34.38:33787, efb933de-cdd8-4d8d-88d2-4c7ffe0dec1a:192.168.34.38:42459, 9d88716d-5d6b-4fd8-b832-a110dc45ee66:192.168.34.38:38211], old=null
2019-10-16 21:53:18,353 [grpc-default-executor-1] INFO  impl.RaftServerImpl (RaftServerImpl.java:setRole(184)) - 9d88716d-5d6b-4fd8-b832-a110dc45ee66@group-EE856C9543A1: changes role from  FOLLOWER to FOLLOWER at term 211 for recognizeCandidate:5c3956af-60d3-411f-8c98-c7ed3576de5c
2019-10-16 21:53:18,353 [grpc-default-executor-1] INFO  impl.RoleInfo (RoleInfo.java:shutdownFollowerState(121)) - 9d88716d-5d6b-4fd8-b832-a110dc45ee66: shutdown FollowerState
2019-10-16 21:53:18,353 [grpc-default-executor-0] INFO  impl.RaftServerImpl (RaftServerImpl.java:setRole(184)) - efb933de-cdd8-4d8d-88d2-4c7ffe0dec1a@group-EE856C9543A1: changes role from  FOLLOWER to FOLLOWER at term 211 for recognizeCandidate:5c3956af-60d3-411f-8c98-c7ed3576de5c
2019-10-16 21:53:18,353 [Thread-1544] INFO  impl.FollowerState (FollowerState.java:run(117)) - 9d88716d-5d6b-4fd8-b832-a110dc45ee66@group-EE856C9543A1-FollowerState was interrupted: java.lang.InterruptedException: sleep interrupted
2019-10-16 21:53:18,353 [grpc-default-executor-1] INFO  impl.RoleInfo (RoleInfo.java:updateAndGet(143)) - 9d88716d-5d6b-4fd8-b832-a110dc45ee66: start FollowerState
2019-10-16 21:53:18,353 [grpc-default-executor-0] INFO  impl.RoleInfo (RoleInfo.java:shutdownFollowerState(121)) - efb933de-cdd8-4d8d-88d2-4c7ffe0dec1a: shutdown FollowerState
2019-10-16 21:53:18,354 [grpc-default-executor-0] INFO  impl.RoleInfo (RoleInfo.java:updateAndGet(143)) - efb933de-cdd8-4d8d-88d2-4c7ffe0dec1a: start FollowerState
2019-10-16 21:53:18,354 [Thread-1543] INFO  impl.FollowerState (FollowerState.java:run(117)) - efb933de-cdd8-4d8d-88d2-4c7ffe0dec1a@group-EE856C9543A1-FollowerState was interrupted: java.lang.InterruptedException: sleep interrupted
2019-10-16 21:53:18,368 [5c3956af-60d3-411f-8c98-c7ed3576de5c@group-EE856C9543A1-LeaderElection200] INFO  impl.LeaderElection (LeaderElection.java:logAndReturn(56)) - 5c3956af-60d3-411f-8c98-c7ed3576de5c@group-EE856C9543A1-LeaderElection200: Election REJECTED; received 2 response(s) [5c3956af-60d3-411f-8c98-c7ed3576de5c<-efb933de-cdd8-4d8d-88d2-4c7ffe0dec1a#0:FAIL-t211, 5c3956af-60d3-411f-8c98-c7ed3576de5c<-9d88716d-5d6b-4fd8-b832-a110dc45ee66#0:FAIL-t211] and 0 exception(s); 5c3956af-60d3-411f-8c98-c7ed3576de5c@group-EE856C9543A1:t211, leader=null, voted=5c3956af-60d3-411f-8c98-c7ed3576de5c, raftlog=5c3956af-60d3-411f-8c98-c7ed3576de5c@group-EE856C9543A1-SegmentedRaftLog:OPENED:c-1,f-1,i0, conf=-1: [5c3956af-60d3-411f-8c98-c7ed3576de5c:192.168.34.38:33787, efb933de-cdd8-4d8d-88d2-4c7ffe0dec1a:192.168.34.38:42459, 9d88716d-5d6b-4fd8-b832-a110dc45ee66:192.168.34.38:38211], old=null
2019-10-16 21:53:18,369 [5c3956af-60d3-411f-8c98-c7ed3576de5c@group-EE856C9543A1-LeaderElection200] INFO  impl.RaftServerImpl (RaftServerImpl.java:setRole(184)) - 5c3956af-60d3-411f-8c98-c7ed3576de5c@group-EE856C9543A1: changes role from CANDIDATE to FOLLOWER at term 211 for DISCOVERED_A_NEW_TERM
2019-10-16 21:53:18,369 [5c3956af-60d3-411f-8c98-c7ed3576de5c@group-EE856C9543A1-LeaderElection200] INFO  impl.RoleInfo (RoleInfo.java:shutdownLeaderElection(134)) - 5c3956af-60d3-411f-8c98-c7ed3576de5c: shutdown LeaderElection
2019-10-16 21:53:18,369 [5c3956af-60d3-411f-8c98-c7ed3576de5c@group-EE856C9543A1-LeaderElection200] INFO  impl.RoleInfo (RoleInfo.java:updateAndGet(143)) - 5c3956af-60d3-411f-8c98-c7ed3576de5c: start FollowerState
2019-10-16 21:53:18,408 [JUnit] INFO  ozone.MiniOzoneClusterImpl (MiniOzoneClusterImpl.java:lambda$waitForClusterToBeReady$2(164)) - Waiting for 1 number of pipelines out of 6, to report a leader.
2019-10-16 21:53:18,462 [Thread-1551] INFO  impl.FollowerState (FollowerState.java:run(108)) - 5c3956af-60d3-411f-8c98-c7ed3576de5c@group-EE856C9543A1-FollowerState: change to CANDIDATE, lastRpcTime:93ms, electionTimeout:93ms
2019-10-16 21:53:18,462 [Thread-1551] INFO  impl.RoleInfo (RoleInfo.java:shutdownFollowerState(121)) - 5c3956af-60d3-411f-8c98-c7ed3576de5c: shutdown FollowerState
2019-10-16 21:53:18,463 [Thread-1551] INFO  impl.RaftServerImpl (RaftServerImpl.java:setRole(184)) - 5c3956af-60d3-411f-8c98-c7ed3576de5c@group-EE856C9543A1: changes role from  FOLLOWER to CANDIDATE at term 211 for changeToCandidate
2019-10-16 21:53:18,463 [Thread-1551] INFO  impl.RoleInfo (RoleInfo.java:updateAndGet(143)) - 5c3956af-60d3-411f-8c98-c7ed3576de5c: start LeaderElection
2019-10-16 21:53:18,475 [5c3956af-60d3-411f-8c98-c7ed3576de5c@group-EE856C9543A1-LeaderElection201] INFO  impl.LeaderElection (LeaderElection.java:askForVotes(178)) - 5c3956af-60d3-411f-8c98-c7ed3576de5c@group-EE856C9543A1-LeaderElection201: begin an election at term 212 for -1: [5c3956af-60d3-411f-8c98-c7ed3576de5c:192.168.34.38:33787, efb933de-cdd8-4d8d-88d2-4c7ffe0dec1a:192.168.34.38:42459, 9d88716d-5d6b-4fd8-b832-a110dc45ee66:192.168.34.38:38211], old=null
2019-10-16 21:53:18,478 [grpc-default-executor-0] INFO  impl.RaftServerImpl (RaftServerImpl.java:setRole(184)) - 9d88716d-5d6b-4fd8-b832-a110dc45ee66@group-EE856C9543A1: changes role from  FOLLOWER to FOLLOWER at term 212 for recognizeCandidate:5c3956af-60d3-411f-8c98-c7ed3576de5c
2019-10-16 21:53:18,478 [grpc-default-executor-1] INFO  impl.RaftServerImpl (RaftServerImpl.java:setRole(184)) - efb933de-cdd8-4d8d-88d2-4c7ffe0dec1a@group-EE856C9543A1: changes role from  FOLLOWER to FOLLOWER at term 212 for recognizeCandidate:5c3956af-60d3-411f-8c98-c7ed3576de5c
2019-10-16 21:53:18,478 [grpc-default-executor-0] INFO  impl.RoleInfo (RoleInfo.java:shutdownFollowerState(121)) - 9d88716d-5d6b-4fd8-b832-a110dc45ee66: shutdown FollowerState
2019-10-16 21:53:18,478 [grpc-default-executor-1] INFO  impl.RoleInfo (RoleInfo.java:shutdownFollowerState(121)) - efb933de-cdd8-4d8d-88d2-4c7ffe0dec1a: shutdown FollowerState
2019-10-16 21:53:18,478 [Thread-1549] INFO  impl.FollowerState (FollowerState.java:run(117)) - 9d88716d-5d6b-4fd8-b832-a110dc45ee66@group-EE856C9543A1-FollowerState was interrupted: java.lang.InterruptedException: sleep interrupted
2019-10-16 21:53:18,478 [grpc-default-executor-0] INFO  impl.RoleInfo (RoleInfo.java:updateAndGet(143)) - 9d88716d-5d6b-4fd8-b832-a110dc45ee66: start FollowerState
2019-10-16 21:53:18,479 [Thread-1550] INFO  impl.FollowerState (FollowerState.java:run(117)) - efb933de-cdd8-4d8d-88d2-4c7ffe0dec1a@group-EE856C9543A1-FollowerState was interrupted: java.lang.InterruptedException: sleep interrupted
2019-10-16 21:53:18,479 [grpc-default-executor-1] INFO  impl.RoleInfo (RoleInfo.java:updateAndGet(143)) - efb933de-cdd8-4d8d-88d2-4c7ffe0dec1a: start FollowerState
2019-10-16 21:53:18,517 [5c3956af-60d3-411f-8c98-c7ed3576de5c@group-EE856C9543A1-LeaderElection201] INFO  impl.LeaderElection (LeaderElection.java:logAndReturn(56)) - 5c3956af-60d3-411f-8c98-c7ed3576de5c@group-EE856C9543A1-LeaderElection201: Election REJECTED; received 2 response(s) [5c3956af-60d3-411f-8c98-c7ed3576de5c<-efb933de-cdd8-4d8d-88d2-4c7ffe0dec1a#0:FAIL-t212, 5c3956af-60d3-411f-8c98-c7ed3576de5c<-9d88716d-5d6b-4fd8-b832-a110dc45ee66#0:FAIL-t212] and 0 exception(s); 5c3956af-60d3-411f-8c98-c7ed3576de5c@group-EE856C9543A1:t212, leader=null, voted=5c3956af-60d3-411f-8c98-c7ed3576de5c, raftlog=5c3956af-60d3-411f-8c98-c7ed3576de5c@group-EE856C9543A1-SegmentedRaftLog:OPENED:c-1,f-1,i0, conf=-1: [5c3956af-60d3-411f-8c98-c7ed3576de5c:192.168.34.38:33787, efb933de-cdd8-4d8d-88d2-4c7ffe0dec1a:192.168.34.38:42459, 9d88716d-5d6b-4fd8-b832-a110dc45ee66:192.168.34.38:38211], old=null
2019-10-16 21:53:18,517 [5c3956af-60d3-411f-8c98-c7ed3576de5c@group-EE856C9543A1-LeaderElection201] INFO  impl.RaftServerImpl (RaftServerImpl.java:setRole(184)) - 5c3956af-60d3-411f-8c98-c7ed3576de5c@group-EE856C9543A1: changes role from CANDIDATE to FOLLOWER at term 212 for DISCOVERED_A_NEW_TERM
2019-10-16 21:53:18,517 [5c3956af-60d3-411f-8c98-c7ed3576de5c@group-EE856C9543A1-LeaderElection201] INFO  impl.RoleInfo (RoleInfo.java:shutdownLeaderElection(134)) - 5c3956af-60d3-411f-8c98-c7ed3576de5c: shutdown LeaderElection
2019-10-16 21:53:18,517 [5c3956af-60d3-411f-8c98-c7ed3576de5c@group-EE856C9543A1-LeaderElection201] INFO  impl.RoleInfo (RoleInfo.java:updateAndGet(143)) - 5c3956af-60d3-411f-8c98-c7ed3576de5c: start FollowerState
2019-10-16 21:53:18,613 [Thread-1557] INFO  impl.FollowerState (FollowerState.java:run(108)) - 5c3956af-60d3-411f-8c98-c7ed3576de5c@group-EE856C9543A1-FollowerState: change to CANDIDATE, lastRpcTime:96ms, electionTimeout:96ms
2019-10-16 21:53:18,613 [Thread-1557] INFO  impl.RoleInfo (RoleInfo.java:shutdownFollowerState(121)) - 5c3956af-60d3-411f-8c98-c7ed3576de5c: shutdown FollowerState
2019-10-16 21:53:18,613 [Thread-1557] INFO  impl.RaftServerImpl (RaftServerImpl.java:setRole(184)) - 5c3956af-60d3-411f-8c98-c7ed3576de5c@group-EE856C9543A1: changes role from  FOLLOWER to CANDIDATE at term 212 for changeToCandidate
2019-10-16 21:53:18,614 [Thread-1557] INFO  impl.RoleInfo (RoleInfo.java:updateAndGet(143)) - 5c3956af-60d3-411f-8c98-c7ed3576de5c: start LeaderElection
2019-10-16 21:53:18,627 [5c3956af-60d3-411f-8c98-c7ed3576de5c@group-EE856C9543A1-LeaderElection202] INFO  impl.LeaderElection (LeaderElection.java:askForVotes(178)) - 5c3956af-60d3-411f-8c98-c7ed3576de5c@group-EE856C9543A1-LeaderElection202: begin an election at term 213 for -1: [5c3956af-60d3-411f-8c98-c7ed3576de5c:192.168.34.38:33787, efb933de-cdd8-4d8d-88d2-4c7ffe0dec1a:192.168.34.38:42459, 9d88716d-5d6b-4fd8-b832-a110dc45ee66:192.168.34.38:38211], old=null
2019-10-16 21:53:18,630 [grpc-default-executor-1] INFO  impl.RaftServerImpl (RaftServerImpl.java:setRole(184)) - efb933de-cdd8-4d8d-88d2-4c7ffe0dec1a@group-EE856C9543A1: changes role from  FOLLOWER to FOLLOWER at term 213 for recognizeCandidate:5c3956af-60d3-411f-8c98-c7ed3576de5c
2019-10-16 21:53:18,630 [grpc-default-executor-1] INFO  impl.RoleInfo (RoleInfo.java:shutdownFollowerState(121)) - efb933de-cdd8-4d8d-88d2-4c7ffe0dec1a: shutdown FollowerState
2019-10-16 21:53:18,630 [grpc-default-executor-0] INFO  impl.RaftServerImpl (RaftServerImpl.java:setRole(184)) - 9d88716d-5d6b-4fd8-b832-a110dc45ee66@group-EE856C9543A1: changes role from  FOLLOWER to FOLLOWER at term 213 for recognizeCandidate:5c3956af-60d3-411f-8c98-c7ed3576de5c
2019-10-16 21:53:18,630 [Thread-1556] INFO  impl.FollowerState (FollowerState.java:run(117)) - efb933de-cdd8-4d8d-88d2-4c7ffe0dec1a@group-EE856C9543A1-FollowerState was interrupted: java.lang.InterruptedException: sleep interrupted
2019-10-16 21:53:18,630 [grpc-default-executor-1] INFO  impl.RoleInfo (RoleInfo.java:updateAndGet(143)) - efb933de-cdd8-4d8d-88d2-4c7ffe0dec1a: start FollowerState
2019-10-16 21:53:18,630 [grpc-default-executor-0] INFO  impl.RoleInfo (RoleInfo.java:shutdownFollowerState(121)) - 9d88716d-5d6b-4fd8-b832-a110dc45ee66: shutdown FollowerState
2019-10-16 21:53:18,631 [grpc-default-executor-0] INFO  impl.RoleInfo (RoleInfo.java:updateAndGet(143)) - 9d88716d-5d6b-4fd8-b832-a110dc45ee66: start FollowerState
2019-10-16 21:53:18,631 [Thread-1555] INFO  impl.FollowerState (FollowerState.java:run(117)) - 9d88716d-5d6b-4fd8-b832-a110dc45ee66@group-EE856C9543A1-FollowerState was interrupted: java.lang.InterruptedException: sleep interrupted
2019-10-16 21:53:18,645 [5c3956af-60d3-411f-8c98-c7ed3576de5c@group-EE856C9543A1-LeaderElection202] INFO  impl.LeaderElection (LeaderElection.java:logAndReturn(56)) - 5c3956af-60d3-411f-8c98-c7ed3576de5c@group-EE856C9543A1-LeaderElection202: Election REJECTED; received 2 response(s) [5c3956af-60d3-411f-8c98-c7ed3576de5c<-efb933de-cdd8-4d8d-88d2-4c7ffe0dec1a#0:FAIL-t213, 5c3956af-60d3-411f-8c98-c7ed3576de5c<-9d88716d-5d6b-4fd8-b832-a110dc45ee66#0:FAIL-t213] and 0 exception(s); 5c3956af-60d3-411f-8c98-c7ed3576de5c@group-EE856C9543A1:t213, leader=null, voted=5c3956af-60d3-411f-8c98-c7ed3576de5c, raftlog=5c3956af-60d3-411f-8c98-c7ed3576de5c@group-EE856C9543A1-SegmentedRaftLog:OPENED:c-1,f-1,i0, conf=-1: [5c3956af-60d3-411f-8c98-c7ed3576de5c:192.168.34.38:33787, efb933de-cdd8-4d8d-88d2-4c7ffe0dec1a:192.168.34.38:42459, 9d88716d-5d6b-4fd8-b832-a110dc45ee66:192.168.34.38:38211], old=null
2019-10-16 21:53:18,645 [5c3956af-60d3-411f-8c98-c7ed3576de5c@group-EE856C9543A1-LeaderElection202] INFO  impl.RaftServerImpl (RaftServerImpl.java:setRole(184)) - 5c3956af-60d3-411f-8c98-c7ed3576de5c@group-EE856C9543A1: changes role from CANDIDATE to FOLLOWER at term 213 for DISCOVERED_A_NEW_TERM
2019-10-16 21:53:18,645 [5c3956af-60d3-411f-8c98-c7ed3576de5c@group-EE856C9543A1-LeaderElection202] INFO  impl.RoleInfo (RoleInfo.java:shutdownLeaderElection(134)) - 5c3956af-60d3-411f-8c98-c7ed3576de5c: shutdown LeaderElection
2019-10-16 21:53:18,645 [5c3956af-60d3-411f-8c98-c7ed3576de5c@group-EE856C9543A1-LeaderElection202] INFO  impl.RoleInfo (RoleInfo.java:updateAndGet(143)) - 5c3956af-60d3-411f-8c98-c7ed3576de5c: start FollowerState
2019-10-16 21:53:18,746 [Thread-1563] INFO  impl.FollowerState (FollowerState.java:run(108)) - 5c3956af-60d3-411f-8c98-c7ed3576de5c@group-EE856C9543A1-FollowerState: change to CANDIDATE, lastRpcTime:101ms, electionTimeout:101ms
2019-10-16 21:53:18,747 [Thread-1563] INFO  impl.RoleInfo (RoleInfo.java:shutdownFollowerState(121)) - 5c3956af-60d3-411f-8c98-c7ed3576de5c: shutdown FollowerState
2019-10-16 21:53:18,747 [Thread-1563] INFO  impl.RaftServerImpl (RaftServerImpl.java:setRole(184)) - 5c3956af-60d3-411f-8c98-c7ed3576de5c@group-EE856C9543A1: changes role from  FOLLOWER to CANDIDATE at term 213 for changeToCandidate
2019-10-16 21:53:18,747 [Thread-1563] INFO  impl.RoleInfo (RoleInfo.java:updateAndGet(143)) - 5c3956af-60d3-411f-8c98-c7ed3576de5c: start LeaderElection
2019-10-16 21:53:18,761 [5c3956af-60d3-411f-8c98-c7ed3576de5c@group-EE856C9543A1-LeaderElection203] INFO  impl.LeaderElection (LeaderElection.java:askForVotes(178)) - 5c3956af-60d3-411f-8c98-c7ed3576de5c@group-EE856C9543A1-LeaderElection203: begin an election at term 214 for -1: [5c3956af-60d3-411f-8c98-c7ed3576de5c:192.168.34.38:33787, efb933de-cdd8-4d8d-88d2-4c7ffe0dec1a:192.168.34.38:42459, 9d88716d-5d6b-4fd8-b832-a110dc45ee66:192.168.34.38:38211], old=null
2019-10-16 21:53:18,765 [grpc-default-executor-1] INFO  impl.RaftServerImpl (RaftServerImpl.java:setRole(184)) - efb933de-cdd8-4d8d-88d2-4c7ffe0dec1a@group-EE856C9543A1: changes role from  FOLLOWER to FOLLOWER at term 214 for recognizeCandidate:5c3956af-60d3-411f-8c98-c7ed3576de5c
2019-10-16 21:53:18,765 [grpc-default-executor-1] INFO  impl.RoleInfo (RoleInfo.java:shutdownFollowerState(121)) - efb933de-cdd8-4d8d-88d2-4c7ffe0dec1a: shutdown FollowerState
2019-10-16 21:53:18,765 [grpc-default-executor-0] INFO  impl.RaftServerImpl (RaftServerImpl.java:setRole(184)) - 9d88716d-5d6b-4fd8-b832-a110dc45ee66@group-EE856C9543A1: changes role from  FOLLOWER to FOLLOWER at term 214 for recognizeCandidate:5c3956af-60d3-411f-8c98-c7ed3576de5c
2019-10-16 21:53:18,765 [grpc-default-executor-0] INFO  impl.RoleInfo (RoleInfo.java:shutdownFollowerState(121)) - 9d88716d-5d6b-4fd8-b832-a110dc45ee66: shutdown FollowerState
2019-10-16 21:53:18,765 [Thread-1561] INFO  impl.FollowerState (FollowerState.java:run(117)) - efb933de-cdd8-4d8d-88d2-4c7ffe0dec1a@group-EE856C9543A1-FollowerState was interrupted: java.lang.InterruptedException: sleep interrupted
2019-10-16 21:53:18,765 [grpc-default-executor-1] INFO  impl.RoleInfo (RoleInfo.java:updateAndGet(143)) - efb933de-cdd8-4d8d-88d2-4c7ffe0dec1a: start FollowerState
2019-10-16 21:53:18,766 [Thread-1562] INFO  impl.FollowerState (FollowerState.java:run(117)) - 9d88716d-5d6b-4fd8-b832-a110dc45ee66@group-EE856C9543A1-FollowerState was interrupted: java.lang.InterruptedException: sleep interrupted
2019-10-16 21:53:18,766 [grpc-default-executor-0] INFO  impl.RoleInfo (RoleInfo.java:updateAndGet(143)) - 9d88716d-5d6b-4fd8-b832-a110dc45ee66: start FollowerState
2019-10-16 21:53:18,781 [5c3956af-60d3-411f-8c98-c7ed3576de5c@group-EE856C9543A1-LeaderElection203] INFO  impl.LeaderElection (LeaderElection.java:logAndReturn(56)) - 5c3956af-60d3-411f-8c98-c7ed3576de5c@group-EE856C9543A1-LeaderElection203: Election REJECTED; received 2 response(s) [5c3956af-60d3-411f-8c98-c7ed3576de5c<-efb933de-cdd8-4d8d-88d2-4c7ffe0dec1a#0:FAIL-t214, 5c3956af-60d3-411f-8c98-c7ed3576de5c<-9d88716d-5d6b-4fd8-b832-a110dc45ee66#0:FAIL-t214] and 0 exception(s); 5c3956af-60d3-411f-8c98-c7ed3576de5c@group-EE856C9543A1:t214, leader=null, voted=5c3956af-60d3-411f-8c98-c7ed3576de5c, raftlog=5c3956af-60d3-411f-8c98-c7ed3576de5c@group-EE856C9543A1-SegmentedRaftLog:OPENED:c-1,f-1,i0, conf=-1: [5c3956af-60d3-411f-8c98-c7ed3576de5c:192.168.34.38:33787, efb933de-cdd8-4d8d-88d2-4c7ffe0dec1a:192.168.34.38:42459, 9d88716d-5d6b-4fd8-b832-a110dc45ee66:192.168.34.38:38211], old=null
2019-10-16 21:53:18,781 [5c3956af-60d3-411f-8c98-c7ed3576de5c@group-EE856C9543A1-LeaderElection203] INFO  impl.RaftServerImpl (RaftServerImpl.java:setRole(184)) - 5c3956af-60d3-411f-8c98-c7ed3576de5c@group-EE856C9543A1: changes role from CANDIDATE to FOLLOWER at term 214 for DISCOVERED_A_NEW_TERM
2019-10-16 21:53:18,781 [5c3956af-60d3-411f-8c98-c7ed3576de5c@group-EE856C9543A1-LeaderElection203] INFO  impl.RoleInfo (RoleInfo.java:shutdownLeaderElection(134)) - 5c3956af-60d3-411f-8c98-c7ed3576de5c: shutdown LeaderElection
2019-10-16 21:53:18,782 [5c3956af-60d3-411f-8c98-c7ed3576de5c@group-EE856C9543A1-LeaderElection203] INFO  impl.RoleInfo (RoleInfo.java:updateAndGet(143)) - 5c3956af-60d3-411f-8c98-c7ed3576de5c: start FollowerState
2019-10-16 21:53:18,899 [Thread-1569] INFO  impl.FollowerState (FollowerState.java:run(108)) - 5c3956af-60d3-411f-8c98-c7ed3576de5c@group-EE856C9543A1-FollowerState: change to CANDIDATE, lastRpcTime:117ms, electionTimeout:117ms
2019-10-16 21:53:18,899 [Thread-1569] INFO  impl.RoleInfo (RoleInfo.java:shutdownFollowerState(121)) - 5c3956af-60d3-411f-8c98-c7ed3576de5c: shutdown FollowerState
2019-10-16 21:53:18,900 [Thread-1569] INFO  impl.RaftServerImpl (RaftServerImpl.java:setRole(184)) - 5c3956af-60d3-411f-8c98-c7ed3576de5c@group-EE856C9543A1: changes role from  FOLLOWER to CANDIDATE at term 214 for changeToCandidate
2019-10-16 21:53:18,900 [Thread-1569] INFO  impl.RoleInfo (RoleInfo.java:updateAndGet(143)) - 5c3956af-60d3-411f-8c98-c7ed3576de5c: start LeaderElection
2019-10-16 21:53:18,913 [5c3956af-60d3-411f-8c98-c7ed3576de5c@group-EE856C9543A1-LeaderElection204] INFO  impl.LeaderElection (LeaderElection.java:askForVotes(178)) - 5c3956af-60d3-411f-8c98-c7ed3576de5c@group-EE856C9543A1-LeaderElection204: begin an election at term 215 for -1: [5c3956af-60d3-411f-8c98-c7ed3576de5c:192.168.34.38:33787, efb933de-cdd8-4d8d-88d2-4c7ffe0dec1a:192.168.34.38:42459, 9d88716d-5d6b-4fd8-b832-a110dc45ee66:192.168.34.38:38211], old=null
2019-10-16 21:53:18,916 [grpc-default-executor-1] INFO  impl.RaftServerImpl (RaftServerImpl.java:setRole(184)) - efb933de-cdd8-4d8d-88d2-4c7ffe0dec1a@group-EE856C9543A1: changes role from  FOLLOWER to FOLLOWER at term 215 for recognizeCandidate:5c3956af-60d3-411f-8c98-c7ed3576de5c
2019-10-16 21:53:18,916 [grpc-default-executor-1] INFO  impl.RoleInfo (RoleInfo.java:shutdownFollowerState(121)) - efb933de-cdd8-4d8d-88d2-4c7ffe0dec1a: shutdown FollowerState
2019-10-16 21:53:18,916 [grpc-default-executor-1] INFO  impl.RoleInfo (RoleInfo.java:updateAndGet(143)) - efb933de-cdd8-4d8d-88d2-4c7ffe0dec1a: start FollowerState
2019-10-16 21:53:18,916 [Thread-1567] INFO  impl.FollowerState (FollowerState.java:run(117)) - efb933de-cdd8-4d8d-88d2-4c7ffe0dec1a@group-EE856C9543A1-FollowerState was interrupted: java.lang.InterruptedException: sleep interrupted
2019-10-16 21:53:18,917 [grpc-default-executor-0] INFO  impl.RaftServerImpl (RaftServerImpl.java:setRole(184)) - 9d88716d-5d6b-4fd8-b832-a110dc45ee66@group-EE856C9543A1: changes role from  FOLLOWER to FOLLOWER at term 215 for recognizeCandidate:5c3956af-60d3-411f-8c98-c7ed3576de5c
2019-10-16 21:53:18,917 [grpc-default-executor-0] INFO  impl.RoleInfo (RoleInfo.java:shutdownFollowerState(121)) - 9d88716d-5d6b-4fd8-b832-a110dc45ee66: shutdown FollowerState
2019-10-16 21:53:18,917 [grpc-default-executor-0] INFO  impl.RoleInfo (RoleInfo.java:updateAndGet(143)) - 9d88716d-5d6b-4fd8-b832-a110dc45ee66: start FollowerState
2019-10-16 21:53:18,917 [Thread-1568] INFO  impl.FollowerState (FollowerState.java:run(117)) - 9d88716d-5d6b-4fd8-b832-a110dc45ee66@group-EE856C9543A1-FollowerState was interrupted: java.lang.InterruptedException: sleep interrupted
2019-10-16 21:53:18,930 [5c3956af-60d3-411f-8c98-c7ed3576de5c@group-EE856C9543A1-LeaderElection204] INFO  impl.LeaderElection (LeaderElection.java:logAndReturn(56)) - 5c3956af-60d3-411f-8c98-c7ed3576de5c@group-EE856C9543A1-LeaderElection204: Election REJECTED; received 2 response(s) [5c3956af-60d3-411f-8c98-c7ed3576de5c<-efb933de-cdd8-4d8d-88d2-4c7ffe0dec1a#0:FAIL-t215, 5c3956af-60d3-411f-8c98-c7ed3576de5c<-9d88716d-5d6b-4fd8-b832-a110dc45ee66#0:FAIL-t215] and 0 exception(s); 5c3956af-60d3-411f-8c98-c7ed3576de5c@group-EE856C9543A1:t215, leader=null, voted=5c3956af-60d3-411f-8c98-c7ed3576de5c, raftlog=5c3956af-60d3-411f-8c98-c7ed3576de5c@group-EE856C9543A1-SegmentedRaftLog:OPENED:c-1,f-1,i0, conf=-1: [5c3956af-60d3-411f-8c98-c7ed3576de5c:192.168.34.38:33787, efb933de-cdd8-4d8d-88d2-4c7ffe0dec1a:192.168.34.38:42459, 9d88716d-5d6b-4fd8-b832-a110dc45ee66:192.168.34.38:38211], old=null
2019-10-16 21:53:18,931 [5c3956af-60d3-411f-8c98-c7ed3576de5c@group-EE856C9543A1-LeaderElection204] INFO  impl.RaftServerImpl (RaftServerImpl.java:setRole(184)) - 5c3956af-60d3-411f-8c98-c7ed3576de5c@group-EE856C9543A1: changes role from CANDIDATE to FOLLOWER at term 215 for DISCOVERED_A_NEW_TERM
2019-10-16 21:53:18,931 [5c3956af-60d3-411f-8c98-c7ed3576de5c@group-EE856C9543A1-LeaderElection204] INFO  impl.RoleInfo (RoleInfo.java:shutdownLeaderElection(134)) - 5c3956af-60d3-411f-8c98-c7ed3576de5c: shutdown LeaderElection
2019-10-16 21:53:18,931 [5c3956af-60d3-411f-8c98-c7ed3576de5c@group-EE856C9543A1-LeaderElection204] INFO  impl.RoleInfo (RoleInfo.java:updateAndGet(143)) - 5c3956af-60d3-411f-8c98-c7ed3576de5c: start FollowerState
2019-10-16 21:53:18,971 [Thread-1575] INFO  impl.FollowerState (FollowerState.java:run(108)) - 5c3956af-60d3-411f-8c98-c7ed3576de5c@group-EE856C9543A1-FollowerState: change to CANDIDATE, lastRpcTime:40ms, electionTimeout:40ms
2019-10-16 21:53:18,972 [Thread-1575] INFO  impl.RoleInfo (RoleInfo.java:shutdownFollowerState(121)) - 5c3956af-60d3-411f-8c98-c7ed3576de5c: shutdown FollowerState
2019-10-16 21:53:18,972 [Thread-1575] INFO  impl.RaftServerImpl (RaftServerImpl.java:setRole(184)) - 5c3956af-60d3-411f-8c98-c7ed3576de5c@group-EE856C9543A1: changes role from  FOLLOWER to CANDIDATE at term 215 for changeToCandidate
2019-10-16 21:53:18,972 [Thread-1575] INFO  impl.RoleInfo (RoleInfo.java:updateAndGet(143)) - 5c3956af-60d3-411f-8c98-c7ed3576de5c: start LeaderElection
2019-10-16 21:53:18,986 [5c3956af-60d3-411f-8c98-c7ed3576de5c@group-EE856C9543A1-LeaderElection205] INFO  impl.LeaderElection (LeaderElection.java:askForVotes(178)) - 5c3956af-60d3-411f-8c98-c7ed3576de5c@group-EE856C9543A1-LeaderElection205: begin an election at term 216 for -1: [5c3956af-60d3-411f-8c98-c7ed3576de5c:192.168.34.38:33787, efb933de-cdd8-4d8d-88d2-4c7ffe0dec1a:192.168.34.38:42459, 9d88716d-5d6b-4fd8-b832-a110dc45ee66:192.168.34.38:38211], old=null
2019-10-16 21:53:18,988 [grpc-default-executor-1] INFO  impl.RaftServerImpl (RaftServerImpl.java:setRole(184)) - 9d88716d-5d6b-4fd8-b832-a110dc45ee66@group-EE856C9543A1: changes role from  FOLLOWER to FOLLOWER at term 216 for recognizeCandidate:5c3956af-60d3-411f-8c98-c7ed3576de5c
2019-10-16 21:53:18,988 [grpc-default-executor-0] INFO  impl.RaftServerImpl (RaftServerImpl.java:setRole(184)) - efb933de-cdd8-4d8d-88d2-4c7ffe0dec1a@group-EE856C9543A1: changes role from  FOLLOWER to FOLLOWER at term 216 for recognizeCandidate:5c3956af-60d3-411f-8c98-c7ed3576de5c
2019-10-16 21:53:18,988 [grpc-default-executor-1] INFO  impl.RoleInfo (RoleInfo.java:shutdownFollowerState(121)) - 9d88716d-5d6b-4fd8-b832-a110dc45ee66: shutdown FollowerState
2019-10-16 21:53:18,988 [grpc-default-executor-0] INFO  impl.RoleInfo (RoleInfo.java:shutdownFollowerState(121)) - efb933de-cdd8-4d8d-88d2-4c7ffe0dec1a: shutdown FollowerState
2019-10-16 21:53:18,989 [Thread-1574] INFO  impl.FollowerState (FollowerState.java:run(117)) - 9d88716d-5d6b-4fd8-b832-a110dc45ee66@group-EE856C9543A1-FollowerState was interrupted: java.lang.InterruptedException: sleep interrupted
2019-10-16 21:53:18,989 [grpc-default-executor-0] INFO  impl.RoleInfo (RoleInfo.java:updateAndGet(143)) - efb933de-cdd8-4d8d-88d2-4c7ffe0dec1a: start FollowerState
2019-10-16 21:53:18,989 [grpc-default-executor-1] INFO  impl.RoleInfo (RoleInfo.java:updateAndGet(143)) - 9d88716d-5d6b-4fd8-b832-a110dc45ee66: start FollowerState
2019-10-16 21:53:18,989 [Thread-1573] INFO  impl.FollowerState (FollowerState.java:run(117)) - efb933de-cdd8-4d8d-88d2-4c7ffe0dec1a@group-EE856C9543A1-FollowerState was interrupted: java.lang.InterruptedException: sleep interrupted
2019-10-16 21:53:19,008 [5c3956af-60d3-411f-8c98-c7ed3576de5c@group-EE856C9543A1-LeaderElection205] INFO  impl.LeaderElection (LeaderElection.java:logAndReturn(56)) - 5c3956af-60d3-411f-8c98-c7ed3576de5c@group-EE856C9543A1-LeaderElection205: Election REJECTED; received 2 response(s) [5c3956af-60d3-411f-8c98-c7ed3576de5c<-efb933de-cdd8-4d8d-88d2-4c7ffe0dec1a#0:FAIL-t216, 5c3956af-60d3-411f-8c98-c7ed3576de5c<-9d88716d-5d6b-4fd8-b832-a110dc45ee66#0:FAIL-t216] and 0 exception(s); 5c3956af-60d3-411f-8c98-c7ed3576de5c@group-EE856C9543A1:t216, leader=null, voted=5c3956af-60d3-411f-8c98-c7ed3576de5c, raftlog=5c3956af-60d3-411f-8c98-c7ed3576de5c@group-EE856C9543A1-SegmentedRaftLog:OPENED:c-1,f-1,i0, conf=-1: [5c3956af-60d3-411f-8c98-c7ed3576de5c:192.168.34.38:33787, efb933de-cdd8-4d8d-88d2-4c7ffe0dec1a:192.168.34.38:42459, 9d88716d-5d6b-4fd8-b832-a110dc45ee66:192.168.34.38:38211], old=null
2019-10-16 21:53:19,008 [5c3956af-60d3-411f-8c98-c7ed3576de5c@group-EE856C9543A1-LeaderElection205] INFO  impl.RaftServerImpl (RaftServerImpl.java:setRole(184)) - 5c3956af-60d3-411f-8c98-c7ed3576de5c@group-EE856C9543A1: changes role from CANDIDATE to FOLLOWER at term 216 for DISCOVERED_A_NEW_TERM
2019-10-16 21:53:19,009 [5c3956af-60d3-411f-8c98-c7ed3576de5c@group-EE856C9543A1-LeaderElection205] INFO  impl.RoleInfo (RoleInfo.java:shutdownLeaderElection(134)) - 5c3956af-60d3-411f-8c98-c7ed3576de5c: shutdown LeaderElection
2019-10-16 21:53:19,009 [5c3956af-60d3-411f-8c98-c7ed3576de5c@group-EE856C9543A1-LeaderElection205] INFO  impl.RoleInfo (RoleInfo.java:updateAndGet(143)) - 5c3956af-60d3-411f-8c98-c7ed3576de5c: start FollowerState
2019-10-16 21:53:19,086 [Thread-1581] INFO  impl.FollowerState (FollowerState.java:run(108)) - 5c3956af-60d3-411f-8c98-c7ed3576de5c@group-EE856C9543A1-FollowerState: change to CANDIDATE, lastRpcTime:77ms, electionTimeout:77ms
2019-10-16 21:53:19,086 [Thread-1581] INFO  impl.RoleInfo (RoleInfo.java:shutdownFollowerState(121)) - 5c3956af-60d3-411f-8c98-c7ed3576de5c: shutdown FollowerState
2019-10-16 21:53:19,087 [Thread-1581] INFO  impl.RaftServerImpl (RaftServerImpl.java:setRole(184)) - 5c3956af-60d3-411f-8c98-c7ed3576de5c@group-EE856C9543A1: changes role from  FOLLOWER to CANDIDATE at term 216 for changeToCandidate
2019-10-16 21:53:19,087 [Thread-1581] INFO  impl.RoleInfo (RoleInfo.java:updateAndGet(143)) - 5c3956af-60d3-411f-8c98-c7ed3576de5c: start LeaderElection
2019-10-16 21:53:19,100 [5c3956af-60d3-411f-8c98-c7ed3576de5c@group-EE856C9543A1-LeaderElection206] INFO  impl.LeaderElection (LeaderElection.java:askForVotes(178)) - 5c3956af-60d3-411f-8c98-c7ed3576de5c@group-EE856C9543A1-LeaderElection206: begin an election at term 217 for -1: [5c3956af-60d3-411f-8c98-c7ed3576de5c:192.168.34.38:33787, efb933de-cdd8-4d8d-88d2-4c7ffe0dec1a:192.168.34.38:42459, 9d88716d-5d6b-4fd8-b832-a110dc45ee66:192.168.34.38:38211], old=null
2019-10-16 21:53:19,103 [grpc-default-executor-1] INFO  impl.RaftServerImpl (RaftServerImpl.java:setRole(184)) - efb933de-cdd8-4d8d-88d2-4c7ffe0dec1a@group-EE856C9543A1: changes role from  FOLLOWER to FOLLOWER at term 217 for recognizeCandidate:5c3956af-60d3-411f-8c98-c7ed3576de5c
2019-10-16 21:53:19,103 [grpc-default-executor-0] INFO  impl.RaftServerImpl (RaftServerImpl.java:setRole(184)) - 9d88716d-5d6b-4fd8-b832-a110dc45ee66@group-EE856C9543A1: changes role from  FOLLOWER to FOLLOWER at term 217 for recognizeCandidate:5c3956af-60d3-411f-8c98-c7ed3576de5c
2019-10-16 21:53:19,104 [grpc-default-executor-1] INFO  impl.RoleInfo (RoleInfo.java:shutdownFollowerState(121)) - efb933de-cdd8-4d8d-88d2-4c7ffe0dec1a: shutdown FollowerState
2019-10-16 21:53:19,104 [grpc-default-executor-0] INFO  impl.RoleInfo (RoleInfo.java:shutdownFollowerState(121)) - 9d88716d-5d6b-4fd8-b832-a110dc45ee66: shutdown FollowerState
2019-10-16 21:53:19,104 [grpc-default-executor-1] INFO  impl.RoleInfo (RoleInfo.java:updateAndGet(143)) - efb933de-cdd8-4d8d-88d2-4c7ffe0dec1a: start FollowerState
2019-10-16 21:53:19,104 [Thread-1580] INFO  impl.FollowerState (FollowerState.java:run(117)) - efb933de-cdd8-4d8d-88d2-4c7ffe0dec1a@group-EE856C9543A1-FollowerState was interrupted: java.lang.InterruptedException: sleep interrupted
2019-10-16 21:53:19,104 [Thread-1579] INFO  impl.FollowerState (FollowerState.java:run(117)) - 9d88716d-5d6b-4fd8-b832-a110dc45ee66@group-EE856C9543A1-FollowerState was interrupted: java.lang.InterruptedException: sleep interrupted
2019-10-16 21:53:19,104 [grpc-default-executor-0] INFO  impl.RoleInfo (RoleInfo.java:updateAndGet(143)) - 9d88716d-5d6b-4fd8-b832-a110dc45ee66: start FollowerState
2019-10-16 21:53:19,119 [5c3956af-60d3-411f-8c98-c7ed3576de5c@group-EE856C9543A1-LeaderElection206] INFO  impl.LeaderElection (LeaderElection.java:logAndReturn(56)) - 5c3956af-60d3-411f-8c98-c7ed3576de5c@group-EE856C9543A1-LeaderElection206: Election REJECTED; received 2 response(s) [5c3956af-60d3-411f-8c98-c7ed3576de5c<-efb933de-cdd8-4d8d-88d2-4c7ffe0dec1a#0:FAIL-t217, 5c3956af-60d3-411f-8c98-c7ed3576de5c<-9d88716d-5d6b-4fd8-b832-a110dc45ee66#0:FAIL-t217] and 0 exception(s); 5c3956af-60d3-411f-8c98-c7ed3576de5c@group-EE856C9543A1:t217, leader=null, voted=5c3956af-60d3-411f-8c98-c7ed3576de5c, raftlog=5c3956af-60d3-411f-8c98-c7ed3576de5c@group-EE856C9543A1-SegmentedRaftLog:OPENED:c-1,f-1,i0, conf=-1: [5c3956af-60d3-411f-8c98-c7ed3576de5c:192.168.34.38:33787, efb933de-cdd8-4d8d-88d2-4c7ffe0dec1a:192.168.34.38:42459, 9d88716d-5d6b-4fd8-b832-a110dc45ee66:192.168.34.38:38211], old=null
2019-10-16 21:53:19,119 [5c3956af-60d3-411f-8c98-c7ed3576de5c@group-EE856C9543A1-LeaderElection206] INFO  impl.RaftServerImpl (RaftServerImpl.java:setRole(184)) - 5c3956af-60d3-411f-8c98-c7ed3576de5c@group-EE856C9543A1: changes role from CANDIDATE to FOLLOWER at term 217 for DISCOVERED_A_NEW_TERM
2019-10-16 21:53:19,119 [5c3956af-60d3-411f-8c98-c7ed3576de5c@group-EE856C9543A1-LeaderElection206] INFO  impl.RoleInfo (RoleInfo.java:shutdownLeaderElection(134)) - 5c3956af-60d3-411f-8c98-c7ed3576de5c: shutdown LeaderElection
2019-10-16 21:53:19,119 [5c3956af-60d3-411f-8c98-c7ed3576de5c@group-EE856C9543A1-LeaderElection206] INFO  impl.RoleInfo (RoleInfo.java:updateAndGet(143)) - 5c3956af-60d3-411f-8c98-c7ed3576de5c: start FollowerState
2019-10-16 21:53:19,164 [Thread-1587] INFO  impl.FollowerState (FollowerState.java:run(108)) - 5c3956af-60d3-411f-8c98-c7ed3576de5c@group-EE856C9543A1-FollowerState: change to CANDIDATE, lastRpcTime:44ms, electionTimeout:44ms
2019-10-16 21:53:19,164 [Thread-1587] INFO  impl.RoleInfo (RoleInfo.java:shutdownFollowerState(121)) - 5c3956af-60d3-411f-8c98-c7ed3576de5c: shutdown FollowerState
2019-10-16 21:53:19,164 [Thread-1587] INFO  impl.RaftServerImpl (RaftServerImpl.java:setRole(184)) - 5c3956af-60d3-411f-8c98-c7ed3576de5c@group-EE856C9543A1: changes role from  FOLLOWER to CANDIDATE at term 217 for changeToCandidate
2019-10-16 21:53:19,164 [Thread-1587] INFO  impl.RoleInfo (RoleInfo.java:updateAndGet(143)) - 5c3956af-60d3-411f-8c98-c7ed3576de5c: start LeaderElection
2019-10-16 21:53:19,178 [5c3956af-60d3-411f-8c98-c7ed3576de5c@group-EE856C9543A1-LeaderElection207] INFO  impl.LeaderElection (LeaderElection.java:askForVotes(178)) - 5c3956af-60d3-411f-8c98-c7ed3576de5c@group-EE856C9543A1-LeaderElection207: begin an election at term 218 for -1: [5c3956af-60d3-411f-8c98-c7ed3576de5c:192.168.34.38:33787, efb933de-cdd8-4d8d-88d2-4c7ffe0dec1a:192.168.34.38:42459, 9d88716d-5d6b-4fd8-b832-a110dc45ee66:192.168.34.38:38211], old=null
2019-10-16 21:53:19,181 [grpc-default-executor-1] INFO  impl.RaftServerImpl (RaftServerImpl.java:setRole(184)) - efb933de-cdd8-4d8d-88d2-4c7ffe0dec1a@group-EE856C9543A1: changes role from  FOLLOWER to FOLLOWER at term 218 for recognizeCandidate:5c3956af-60d3-411f-8c98-c7ed3576de5c
2019-10-16 21:53:19,181 [grpc-default-executor-1] INFO  impl.RoleInfo (RoleInfo.java:shutdownFollowerState(121)) - efb933de-cdd8-4d8d-88d2-4c7ffe0dec1a: shutdown FollowerState
2019-10-16 21:53:19,181 [grpc-default-executor-0] INFO  impl.RaftServerImpl (RaftServerImpl.java:setRole(184)) - 9d88716d-5d6b-4fd8-b832-a110dc45ee66@group-EE856C9543A1: changes role from  FOLLOWER to FOLLOWER at term 218 for recognizeCandidate:5c3956af-60d3-411f-8c98-c7ed3576de5c
2019-10-16 21:53:19,181 [grpc-default-executor-0] INFO  impl.RoleInfo (RoleInfo.java:shutdownFollowerState(121)) - 9d88716d-5d6b-4fd8-b832-a110dc45ee66: shutdown FollowerState
2019-10-16 21:53:19,181 [Thread-1585] INFO  impl.FollowerState (FollowerState.java:run(117)) - efb933de-cdd8-4d8d-88d2-4c7ffe0dec1a@group-EE856C9543A1-FollowerState was interrupted: java.lang.InterruptedException: sleep interrupted
2019-10-16 21:53:19,181 [grpc-default-executor-1] INFO  impl.RoleInfo (RoleInfo.java:updateAndGet(143)) - efb933de-cdd8-4d8d-88d2-4c7ffe0dec1a: start FollowerState
2019-10-16 21:53:19,181 [Thread-1586] INFO  impl.FollowerState (FollowerState.java:run(117)) - 9d88716d-5d6b-4fd8-b832-a110dc45ee66@group-EE856C9543A1-FollowerState was interrupted: java.lang.InterruptedException: sleep interrupted
2019-10-16 21:53:19,181 [grpc-default-executor-0] INFO  impl.RoleInfo (RoleInfo.java:updateAndGet(143)) - 9d88716d-5d6b-4fd8-b832-a110dc45ee66: start FollowerState
2019-10-16 21:53:19,190 [5c3956af-60d3-411f-8c98-c7ed3576de5c@group-EE856C9543A1-LeaderElection207] INFO  impl.LeaderElection (LeaderElection.java:logAndReturn(56)) - 5c3956af-60d3-411f-8c98-c7ed3576de5c@group-EE856C9543A1-LeaderElection207: Election TIMEOUT; received 0 response(s) [] and 0 exception(s); 5c3956af-60d3-411f-8c98-c7ed3576de5c@group-EE856C9543A1:t218, leader=null, voted=5c3956af-60d3-411f-8c98-c7ed3576de5c, raftlog=5c3956af-60d3-411f-8c98-c7ed3576de5c@group-EE856C9543A1-SegmentedRaftLog:OPENED:c-1,f-1,i0, conf=-1: [5c3956af-60d3-411f-8c98-c7ed3576de5c:192.168.34.38:33787, efb933de-cdd8-4d8d-88d2-4c7ffe0dec1a:192.168.34.38:42459, 9d88716d-5d6b-4fd8-b832-a110dc45ee66:192.168.34.38:38211], old=null
2019-10-16 21:53:19,196 [5c3956af-60d3-411f-8c98-c7ed3576de5c@group-EE856C9543A1-LeaderElection207] INFO  impl.LeaderElection (LeaderElection.java:askForVotes(178)) - 5c3956af-60d3-411f-8c98-c7ed3576de5c@group-EE856C9543A1-LeaderElection207: begin an election at term 219 for -1: [5c3956af-60d3-411f-8c98-c7ed3576de5c:192.168.34.38:33787, efb933de-cdd8-4d8d-88d2-4c7ffe0dec1a:192.168.34.38:42459, 9d88716d-5d6b-4fd8-b832-a110dc45ee66:192.168.34.38:38211], old=null
2019-10-16 21:53:19,197 [grpc-default-executor-0] INFO  impl.RaftServerImpl (RaftServerImpl.java:setRole(184)) - efb933de-cdd8-4d8d-88d2-4c7ffe0dec1a@group-EE856C9543A1: changes role from  FOLLOWER to FOLLOWER at term 219 for recognizeCandidate:5c3956af-60d3-411f-8c98-c7ed3576de5c
2019-10-16 21:53:19,198 [grpc-default-executor-0] INFO  impl.RoleInfo (RoleInfo.java:shutdownFollowerState(121)) - efb933de-cdd8-4d8d-88d2-4c7ffe0dec1a: shutdown FollowerState
2019-10-16 21:53:19,198 [grpc-default-executor-0] INFO  impl.RoleInfo (RoleInfo.java:updateAndGet(143)) - efb933de-cdd8-4d8d-88d2-4c7ffe0dec1a: start FollowerState
2019-10-16 21:53:19,198 [Thread-1591] INFO  impl.FollowerState (FollowerState.java:run(117)) - efb933de-cdd8-4d8d-88d2-4c7ffe0dec1a@group-EE856C9543A1-FollowerState was interrupted: java.lang.InterruptedException: sleep interrupted
2019-10-16 21:53:19,199 [grpc-default-executor-1] INFO  impl.RaftServerImpl (RaftServerImpl.java:setRole(184)) - 9d88716d-5d6b-4fd8-b832-a110dc45ee66@group-EE856C9543A1: changes role from  FOLLOWER to FOLLOWER at term 219 for recognizeCandidate:5c3956af-60d3-411f-8c98-c7ed3576de5c
2019-10-16 21:53:19,199 [grpc-default-executor-1] INFO  impl.RoleInfo (RoleInfo.java:shutdownFollowerState(121)) - 9d88716d-5d6b-4fd8-b832-a110dc45ee66: shutdown FollowerState
2019-10-16 21:53:19,199 [grpc-default-executor-1] INFO  impl.RoleInfo (RoleInfo.java:updateAndGet(143)) - 9d88716d-5d6b-4fd8-b832-a110dc45ee66: start FollowerState
2019-10-16 21:53:19,199 [Thread-1592] INFO  impl.FollowerState (FollowerState.java:run(117)) - 9d88716d-5d6b-4fd8-b832-a110dc45ee66@group-EE856C9543A1-FollowerState was interrupted: java.lang.InterruptedException: sleep interrupted
2019-10-16 21:53:19,213 [5c3956af-60d3-411f-8c98-c7ed3576de5c@group-EE856C9543A1-LeaderElection207] INFO  impl.LeaderElection (LeaderElection.java:logAndReturn(56)) - 5c3956af-60d3-411f-8c98-c7ed3576de5c@group-EE856C9543A1-LeaderElection207: Election REJECTED; received 2 response(s) [5c3956af-60d3-411f-8c98-c7ed3576de5c<-efb933de-cdd8-4d8d-88d2-4c7ffe0dec1a#0:FAIL-t219, 5c3956af-60d3-411f-8c98-c7ed3576de5c<-9d88716d-5d6b-4fd8-b832-a110dc45ee66#0:FAIL-t219] and 0 exception(s); 5c3956af-60d3-411f-8c98-c7ed3576de5c@group-EE856C9543A1:t219, leader=null, voted=5c3956af-60d3-411f-8c98-c7ed3576de5c, raftlog=5c3956af-60d3-411f-8c98-c7ed3576de5c@group-EE856C9543A1-SegmentedRaftLog:OPENED:c-1,f-1,i0, conf=-1: [5c3956af-60d3-411f-8c98-c7ed3576de5c:192.168.34.38:33787, efb933de-cdd8-4d8d-88d2-4c7ffe0dec1a:192.168.34.38:42459, 9d88716d-5d6b-4fd8-b832-a110dc45ee66:192.168.34.38:38211], old=null
2019-10-16 21:53:19,214 [5c3956af-60d3-411f-8c98-c7ed3576de5c@group-EE856C9543A1-LeaderElection207] INFO  impl.RaftServerImpl (RaftServerImpl.java:setRole(184)) - 5c3956af-60d3-411f-8c98-c7ed3576de5c@group-EE856C9543A1: changes role from CANDIDATE to FOLLOWER at term 219 for DISCOVERED_A_NEW_TERM
2019-10-16 21:53:19,214 [5c3956af-60d3-411f-8c98-c7ed3576de5c@group-EE856C9543A1-LeaderElection207] INFO  impl.RoleInfo (RoleInfo.java:shutdownLeaderElection(134)) - 5c3956af-60d3-411f-8c98-c7ed3576de5c: shutdown LeaderElection
2019-10-16 21:53:19,214 [5c3956af-60d3-411f-8c98-c7ed3576de5c@group-EE856C9543A1-LeaderElection207] INFO  impl.RoleInfo (RoleInfo.java:updateAndGet(143)) - 5c3956af-60d3-411f-8c98-c7ed3576de5c: start FollowerState
2019-10-16 21:53:19,331 [Thread-1597] INFO  impl.FollowerState (FollowerState.java:run(108)) - 5c3956af-60d3-411f-8c98-c7ed3576de5c@group-EE856C9543A1-FollowerState: change to CANDIDATE, lastRpcTime:117ms, electionTimeout:117ms
2019-10-16 21:53:19,331 [Thread-1597] INFO  impl.RoleInfo (RoleInfo.java:shutdownFollowerState(121)) - 5c3956af-60d3-411f-8c98-c7ed3576de5c: shutdown FollowerState
2019-10-16 21:53:19,332 [Thread-1597] INFO  impl.RaftServerImpl (RaftServerImpl.java:setRole(184)) - 5c3956af-60d3-411f-8c98-c7ed3576de5c@group-EE856C9543A1: changes role from  FOLLOWER to CANDIDATE at term 219 for changeToCandidate
2019-10-16 21:53:19,332 [Thread-1597] INFO  impl.RoleInfo (RoleInfo.java:updateAndGet(143)) - 5c3956af-60d3-411f-8c98-c7ed3576de5c: start LeaderElection
2019-10-16 21:53:19,345 [5c3956af-60d3-411f-8c98-c7ed3576de5c@group-EE856C9543A1-LeaderElection208] INFO  impl.LeaderElection (LeaderElection.java:askForVotes(178)) - 5c3956af-60d3-411f-8c98-c7ed3576de5c@group-EE856C9543A1-LeaderElection208: begin an election at term 220 for -1: [5c3956af-60d3-411f-8c98-c7ed3576de5c:192.168.34.38:33787, efb933de-cdd8-4d8d-88d2-4c7ffe0dec1a:192.168.34.38:42459, 9d88716d-5d6b-4fd8-b832-a110dc45ee66:192.168.34.38:38211], old=null
2019-10-16 21:53:19,348 [grpc-default-executor-0] INFO  impl.RaftServerImpl (RaftServerImpl.java:setRole(184)) - efb933de-cdd8-4d8d-88d2-4c7ffe0dec1a@group-EE856C9543A1: changes role from  FOLLOWER to FOLLOWER at term 220 for recognizeCandidate:5c3956af-60d3-411f-8c98-c7ed3576de5c
2019-10-16 21:53:19,348 [grpc-default-executor-1] INFO  impl.RaftServerImpl (RaftServerImpl.java:setRole(184)) - 9d88716d-5d6b-4fd8-b832-a110dc45ee66@group-EE856C9543A1: changes role from  FOLLOWER to FOLLOWER at term 220 for recognizeCandidate:5c3956af-60d3-411f-8c98-c7ed3576de5c
2019-10-16 21:53:19,348 [grpc-default-executor-0] INFO  impl.RoleInfo (RoleInfo.java:shutdownFollowerState(121)) - efb933de-cdd8-4d8d-88d2-4c7ffe0dec1a: shutdown FollowerState
2019-10-16 21:53:19,349 [grpc-default-executor-1] INFO  impl.RoleInfo (RoleInfo.java:shutdownFollowerState(121)) - 9d88716d-5d6b-4fd8-b832-a110dc45ee66: shutdown FollowerState
2019-10-16 21:53:19,349 [Thread-1595] INFO  impl.FollowerState (FollowerState.java:run(117)) - efb933de-cdd8-4d8d-88d2-4c7ffe0dec1a@group-EE856C9543A1-FollowerState was interrupted: java.lang.InterruptedException: sleep interrupted
2019-10-16 21:53:19,349 [grpc-default-executor-0] INFO  impl.RoleInfo (RoleInfo.java:updateAndGet(143)) - efb933de-cdd8-4d8d-88d2-4c7ffe0dec1a: start FollowerState
2019-10-16 21:53:19,349 [grpc-default-executor-1] INFO  impl.RoleInfo (RoleInfo.java:updateAndGet(143)) - 9d88716d-5d6b-4fd8-b832-a110dc45ee66: start FollowerState
2019-10-16 21:53:19,349 [Thread-1596] INFO  impl.FollowerState (FollowerState.java:run(117)) - 9d88716d-5d6b-4fd8-b832-a110dc45ee66@group-EE856C9543A1-FollowerState was interrupted: java.lang.InterruptedException: sleep interrupted
2019-10-16 21:53:19,364 [5c3956af-60d3-411f-8c98-c7ed3576de5c@group-EE856C9543A1-LeaderElection208] INFO  impl.LeaderElection (LeaderElection.java:logAndReturn(56)) - 5c3956af-60d3-411f-8c98-c7ed3576de5c@group-EE856C9543A1-LeaderElection208: Election REJECTED; received 2 response(s) [5c3956af-60d3-411f-8c98-c7ed3576de5c<-efb933de-cdd8-4d8d-88d2-4c7ffe0dec1a#0:FAIL-t220, 5c3956af-60d3-411f-8c98-c7ed3576de5c<-9d88716d-5d6b-4fd8-b832-a110dc45ee66#0:FAIL-t220] and 0 exception(s); 5c3956af-60d3-411f-8c98-c7ed3576de5c@group-EE856C9543A1:t220, leader=null, voted=5c3956af-60d3-411f-8c98-c7ed3576de5c, raftlog=5c3956af-60d3-411f-8c98-c7ed3576de5c@group-EE856C9543A1-SegmentedRaftLog:OPENED:c-1,f-1,i0, conf=-1: [5c3956af-60d3-411f-8c98-c7ed3576de5c:192.168.34.38:33787, efb933de-cdd8-4d8d-88d2-4c7ffe0dec1a:192.168.34.38:42459, 9d88716d-5d6b-4fd8-b832-a110dc45ee66:192.168.34.38:38211], old=null
2019-10-16 21:53:19,364 [5c3956af-60d3-411f-8c98-c7ed3576de5c@group-EE856C9543A1-LeaderElection208] INFO  impl.RaftServerImpl (RaftServerImpl.java:setRole(184)) - 5c3956af-60d3-411f-8c98-c7ed3576de5c@group-EE856C9543A1: changes role from CANDIDATE to FOLLOWER at term 220 for DISCOVERED_A_NEW_TERM
2019-10-16 21:53:19,364 [5c3956af-60d3-411f-8c98-c7ed3576de5c@group-EE856C9543A1-LeaderElection208] INFO  impl.RoleInfo (RoleInfo.java:shutdownLeaderElection(134)) - 5c3956af-60d3-411f-8c98-c7ed3576de5c: shutdown LeaderElection
2019-10-16 21:53:19,364 [5c3956af-60d3-411f-8c98-c7ed3576de5c@group-EE856C9543A1-LeaderElection208] INFO  impl.RoleInfo (RoleInfo.java:updateAndGet(143)) - 5c3956af-60d3-411f-8c98-c7ed3576de5c: start FollowerState
2019-10-16 21:53:19,408 [JUnit] INFO  ozone.MiniOzoneClusterImpl (MiniOzoneClusterImpl.java:lambda$waitForClusterToBeReady$2(164)) - Waiting for 1 number of pipelines out of 6, to report a leader.
2019-10-16 21:53:19,483 [Thread-1603] INFO  impl.FollowerState (FollowerState.java:run(108)) - 5c3956af-60d3-411f-8c98-c7ed3576de5c@group-EE856C9543A1-FollowerState: change to CANDIDATE, lastRpcTime:118ms, electionTimeout:118ms
2019-10-16 21:53:19,483 [Thread-1603] INFO  impl.RoleInfo (RoleInfo.java:shutdownFollowerState(121)) - 5c3956af-60d3-411f-8c98-c7ed3576de5c: shutdown FollowerState
2019-10-16 21:53:19,483 [Thread-1603] INFO  impl.RaftServerImpl (RaftServerImpl.java:setRole(184)) - 5c3956af-60d3-411f-8c98-c7ed3576de5c@group-EE856C9543A1: changes role from  FOLLOWER to CANDIDATE at term 220 for changeToCandidate
2019-10-16 21:53:19,483 [Thread-1603] INFO  impl.RoleInfo (RoleInfo.java:updateAndGet(143)) - 5c3956af-60d3-411f-8c98-c7ed3576de5c: start LeaderElection
2019-10-16 21:53:19,498 [5c3956af-60d3-411f-8c98-c7ed3576de5c@group-EE856C9543A1-LeaderElection209] INFO  impl.LeaderElection (LeaderElection.java:askForVotes(178)) - 5c3956af-60d3-411f-8c98-c7ed3576de5c@group-EE856C9543A1-LeaderElection209: begin an election at term 221 for -1: [5c3956af-60d3-411f-8c98-c7ed3576de5c:192.168.34.38:33787, efb933de-cdd8-4d8d-88d2-4c7ffe0dec1a:192.168.34.38:42459, 9d88716d-5d6b-4fd8-b832-a110dc45ee66:192.168.34.38:38211], old=null
2019-10-16 21:53:19,501 [grpc-default-executor-1] INFO  impl.RaftServerImpl (RaftServerImpl.java:setRole(184)) - efb933de-cdd8-4d8d-88d2-4c7ffe0dec1a@group-EE856C9543A1: changes role from  FOLLOWER to FOLLOWER at term 221 for recognizeCandidate:5c3956af-60d3-411f-8c98-c7ed3576de5c
2019-10-16 21:53:19,501 [grpc-default-executor-1] INFO  impl.RoleInfo (RoleInfo.java:shutdownFollowerState(121)) - efb933de-cdd8-4d8d-88d2-4c7ffe0dec1a: shutdown FollowerState
2019-10-16 21:53:19,501 [grpc-default-executor-1] INFO  impl.RoleInfo (RoleInfo.java:updateAndGet(143)) - efb933de-cdd8-4d8d-88d2-4c7ffe0dec1a: start FollowerState
2019-10-16 21:53:19,501 [grpc-default-executor-0] INFO  impl.RaftServerImpl (RaftServerImpl.java:setRole(184)) - 9d88716d-5d6b-4fd8-b832-a110dc45ee66@group-EE856C9543A1: changes role from  FOLLOWER to FOLLOWER at term 221 for recognizeCandidate:5c3956af-60d3-411f-8c98-c7ed3576de5c
2019-10-16 21:53:19,501 [Thread-1601] INFO  impl.FollowerState (FollowerState.java:run(117)) - efb933de-cdd8-4d8d-88d2-4c7ffe0dec1a@group-EE856C9543A1-FollowerState was interrupted: java.lang.InterruptedException: sleep interrupted
2019-10-16 21:53:19,501 [grpc-default-executor-0] INFO  impl.RoleInfo (RoleInfo.java:shutdownFollowerState(121)) - 9d88716d-5d6b-4fd8-b832-a110dc45ee66: shutdown FollowerState
2019-10-16 21:53:19,502 [Thread-1602] INFO  impl.FollowerState (FollowerState.java:run(117)) - 9d88716d-5d6b-4fd8-b832-a110dc45ee66@group-EE856C9543A1-FollowerState was interrupted: java.lang.InterruptedException: sleep interrupted
2019-10-16 21:53:19,502 [grpc-default-executor-0] INFO  impl.RoleInfo (RoleInfo.java:updateAndGet(143)) - 9d88716d-5d6b-4fd8-b832-a110dc45ee66: start FollowerState
2019-10-16 21:53:19,516 [5c3956af-60d3-411f-8c98-c7ed3576de5c@group-EE856C9543A1-LeaderElection209] INFO  impl.LeaderElection (LeaderElection.java:logAndReturn(56)) - 5c3956af-60d3-411f-8c98-c7ed3576de5c@group-EE856C9543A1-LeaderElection209: Election REJECTED; received 2 response(s) [5c3956af-60d3-411f-8c98-c7ed3576de5c<-efb933de-cdd8-4d8d-88d2-4c7ffe0dec1a#0:FAIL-t221, 5c3956af-60d3-411f-8c98-c7ed3576de5c<-9d88716d-5d6b-4fd8-b832-a110dc45ee66#0:FAIL-t221] and 0 exception(s); 5c3956af-60d3-411f-8c98-c7ed3576de5c@group-EE856C9543A1:t221, leader=null, voted=5c3956af-60d3-411f-8c98-c7ed3576de5c, raftlog=5c3956af-60d3-411f-8c98-c7ed3576de5c@group-EE856C9543A1-SegmentedRaftLog:OPENED:c-1,f-1,i0, conf=-1: [5c3956af-60d3-411f-8c98-c7ed3576de5c:192.168.34.38:33787, efb933de-cdd8-4d8d-88d2-4c7ffe0dec1a:192.168.34.38:42459, 9d88716d-5d6b-4fd8-b832-a110dc45ee66:192.168.34.38:38211], old=null
2019-10-16 21:53:19,516 [5c3956af-60d3-411f-8c98-c7ed3576de5c@group-EE856C9543A1-LeaderElection209] INFO  impl.RaftServerImpl (RaftServerImpl.java:setRole(184)) - 5c3956af-60d3-411f-8c98-c7ed3576de5c@group-EE856C9543A1: changes role from CANDIDATE to FOLLOWER at term 221 for DISCOVERED_A_NEW_TERM
2019-10-16 21:53:19,516 [5c3956af-60d3-411f-8c98-c7ed3576de5c@group-EE856C9543A1-LeaderElection209] INFO  impl.RoleInfo (RoleInfo.java:shutdownLeaderElection(134)) - 5c3956af-60d3-411f-8c98-c7ed3576de5c: shutdown LeaderElection
2019-10-16 21:53:19,517 [5c3956af-60d3-411f-8c98-c7ed3576de5c@group-EE856C9543A1-LeaderElection209] INFO  impl.RoleInfo (RoleInfo.java:updateAndGet(143)) - 5c3956af-60d3-411f-8c98-c7ed3576de5c: start FollowerState
2019-10-16 21:53:19,676 [Thread-1609] INFO  impl.FollowerState (FollowerState.java:run(108)) - 5c3956af-60d3-411f-8c98-c7ed3576de5c@group-EE856C9543A1-FollowerState: change to CANDIDATE, lastRpcTime:159ms, electionTimeout:159ms
2019-10-16 21:53:19,676 [Thread-1609] INFO  impl.RoleInfo (RoleInfo.java:shutdownFollowerState(121)) - 5c3956af-60d3-411f-8c98-c7ed3576de5c: shutdown FollowerState
2019-10-16 21:53:19,677 [Thread-1609] INFO  impl.RaftServerImpl (RaftServerImpl.java:setRole(184)) - 5c3956af-60d3-411f-8c98-c7ed3576de5c@group-EE856C9543A1: changes role from  FOLLOWER to CANDIDATE at term 221 for changeToCandidate
2019-10-16 21:53:19,677 [Thread-1609] INFO  impl.RoleInfo (RoleInfo.java:updateAndGet(143)) - 5c3956af-60d3-411f-8c98-c7ed3576de5c: start LeaderElection
2019-10-16 21:53:19,691 [5c3956af-60d3-411f-8c98-c7ed3576de5c@group-EE856C9543A1-LeaderElection210] INFO  impl.LeaderElection (LeaderElection.java:askForVotes(178)) - 5c3956af-60d3-411f-8c98-c7ed3576de5c@group-EE856C9543A1-LeaderElection210: begin an election at term 222 for -1: [5c3956af-60d3-411f-8c98-c7ed3576de5c:192.168.34.38:33787, efb933de-cdd8-4d8d-88d2-4c7ffe0dec1a:192.168.34.38:42459, 9d88716d-5d6b-4fd8-b832-a110dc45ee66:192.168.34.38:38211], old=null
2019-10-16 21:53:19,694 [grpc-default-executor-0] INFO  impl.RaftServerImpl (RaftServerImpl.java:setRole(184)) - efb933de-cdd8-4d8d-88d2-4c7ffe0dec1a@group-EE856C9543A1: changes role from  FOLLOWER to FOLLOWER at term 222 for recognizeCandidate:5c3956af-60d3-411f-8c98-c7ed3576de5c
2019-10-16 21:53:19,694 [grpc-default-executor-1] INFO  impl.RaftServerImpl (RaftServerImpl.java:setRole(184)) - 9d88716d-5d6b-4fd8-b832-a110dc45ee66@group-EE856C9543A1: changes role from  FOLLOWER to FOLLOWER at term 222 for recognizeCandidate:5c3956af-60d3-411f-8c98-c7ed3576de5c
2019-10-16 21:53:19,694 [grpc-default-executor-1] INFO  impl.RoleInfo (RoleInfo.java:shutdownFollowerState(121)) - 9d88716d-5d6b-4fd8-b832-a110dc45ee66: shutdown FollowerState
2019-10-16 21:53:19,694 [grpc-default-executor-0] INFO  impl.RoleInfo (RoleInfo.java:shutdownFollowerState(121)) - efb933de-cdd8-4d8d-88d2-4c7ffe0dec1a: shutdown FollowerState
2019-10-16 21:53:19,695 [Thread-1608] INFO  impl.FollowerState (FollowerState.java:run(117)) - 9d88716d-5d6b-4fd8-b832-a110dc45ee66@group-EE856C9543A1-FollowerState was interrupted: java.lang.InterruptedException: sleep interrupted
2019-10-16 21:53:19,695 [Thread-1607] INFO  impl.FollowerState (FollowerState.java:run(117)) - efb933de-cdd8-4d8d-88d2-4c7ffe0dec1a@group-EE856C9543A1-FollowerState was interrupted: java.lang.InterruptedException: sleep interrupted
2019-10-16 21:53:19,695 [grpc-default-executor-1] INFO  impl.RoleInfo (RoleInfo.java:updateAndGet(143)) - 9d88716d-5d6b-4fd8-b832-a110dc45ee66: start FollowerState
2019-10-16 21:53:19,695 [grpc-default-executor-0] INFO  impl.RoleInfo (RoleInfo.java:updateAndGet(143)) - efb933de-cdd8-4d8d-88d2-4c7ffe0dec1a: start FollowerState
2019-10-16 21:53:19,709 [5c3956af-60d3-411f-8c98-c7ed3576de5c@group-EE856C9543A1-LeaderElection210] INFO  impl.LeaderElection (LeaderElection.java:logAndReturn(56)) - 5c3956af-60d3-411f-8c98-c7ed3576de5c@group-EE856C9543A1-LeaderElection210: Election REJECTED; received 2 response(s) [5c3956af-60d3-411f-8c98-c7ed3576de5c<-efb933de-cdd8-4d8d-88d2-4c7ffe0dec1a#0:FAIL-t222, 5c3956af-60d3-411f-8c98-c7ed3576de5c<-9d88716d-5d6b-4fd8-b832-a110dc45ee66#0:FAIL-t222] and 0 exception(s); 5c3956af-60d3-411f-8c98-c7ed3576de5c@group-EE856C9543A1:t222, leader=null, voted=5c3956af-60d3-411f-8c98-c7ed3576de5c, raftlog=5c3956af-60d3-411f-8c98-c7ed3576de5c@group-EE856C9543A1-SegmentedRaftLog:OPENED:c-1,f-1,i0, conf=-1: [5c3956af-60d3-411f-8c98-c7ed3576de5c:192.168.34.38:33787, efb933de-cdd8-4d8d-88d2-4c7ffe0dec1a:192.168.34.38:42459, 9d88716d-5d6b-4fd8-b832-a110dc45ee66:192.168.34.38:38211], old=null
2019-10-16 21:53:19,709 [5c3956af-60d3-411f-8c98-c7ed3576de5c@group-EE856C9543A1-LeaderElection210] INFO  impl.RaftServerImpl (RaftServerImpl.java:setRole(184)) - 5c3956af-60d3-411f-8c98-c7ed3576de5c@group-EE856C9543A1: changes role from CANDIDATE to FOLLOWER at term 222 for DISCOVERED_A_NEW_TERM
2019-10-16 21:53:19,709 [5c3956af-60d3-411f-8c98-c7ed3576de5c@group-EE856C9543A1-LeaderElection210] INFO  impl.RoleInfo (RoleInfo.java:shutdownLeaderElection(134)) - 5c3956af-60d3-411f-8c98-c7ed3576de5c: shutdown LeaderElection
2019-10-16 21:53:19,709 [5c3956af-60d3-411f-8c98-c7ed3576de5c@group-EE856C9543A1-LeaderElection210] INFO  impl.RoleInfo (RoleInfo.java:updateAndGet(143)) - 5c3956af-60d3-411f-8c98-c7ed3576de5c: start FollowerState
2019-10-16 21:53:19,740 [Thread-1615] INFO  impl.FollowerState (FollowerState.java:run(108)) - 5c3956af-60d3-411f-8c98-c7ed3576de5c@group-EE856C9543A1-FollowerState: change to CANDIDATE, lastRpcTime:30ms, electionTimeout:30ms
2019-10-16 21:53:19,740 [Thread-1615] INFO  impl.RoleInfo (RoleInfo.java:shutdownFollowerState(121)) - 5c3956af-60d3-411f-8c98-c7ed3576de5c: shutdown FollowerState
2019-10-16 21:53:19,740 [Thread-1615] INFO  impl.RaftServerImpl (RaftServerImpl.java:setRole(184)) - 5c3956af-60d3-411f-8c98-c7ed3576de5c@group-EE856C9543A1: changes role from  FOLLOWER to CANDIDATE at term 222 for changeToCandidate
2019-10-16 21:53:19,740 [Thread-1615] INFO  impl.RoleInfo (RoleInfo.java:updateAndGet(143)) - 5c3956af-60d3-411f-8c98-c7ed3576de5c: start LeaderElection
2019-10-16 21:53:19,753 [5c3956af-60d3-411f-8c98-c7ed3576de5c@group-EE856C9543A1-LeaderElection211] INFO  impl.LeaderElection (LeaderElection.java:askForVotes(178)) - 5c3956af-60d3-411f-8c98-c7ed3576de5c@group-EE856C9543A1-LeaderElection211: begin an election at term 223 for -1: [5c3956af-60d3-411f-8c98-c7ed3576de5c:192.168.34.38:33787, efb933de-cdd8-4d8d-88d2-4c7ffe0dec1a:192.168.34.38:42459, 9d88716d-5d6b-4fd8-b832-a110dc45ee66:192.168.34.38:38211], old=null
2019-10-16 21:53:19,756 [grpc-default-executor-1] INFO  impl.RaftServerImpl (RaftServerImpl.java:setRole(184)) - efb933de-cdd8-4d8d-88d2-4c7ffe0dec1a@group-EE856C9543A1: changes role from  FOLLOWER to FOLLOWER at term 223 for recognizeCandidate:5c3956af-60d3-411f-8c98-c7ed3576de5c
2019-10-16 21:53:19,756 [grpc-default-executor-1] INFO  impl.RoleInfo (RoleInfo.java:shutdownFollowerState(121)) - efb933de-cdd8-4d8d-88d2-4c7ffe0dec1a: shutdown FollowerState
2019-10-16 21:53:19,756 [grpc-default-executor-1] INFO  impl.RoleInfo (RoleInfo.java:updateAndGet(143)) - efb933de-cdd8-4d8d-88d2-4c7ffe0dec1a: start FollowerState
2019-10-16 21:53:19,756 [Thread-1614] INFO  impl.FollowerState (FollowerState.java:run(117)) - efb933de-cdd8-4d8d-88d2-4c7ffe0dec1a@group-EE856C9543A1-FollowerState was interrupted: java.lang.InterruptedException: sleep interrupted
2019-10-16 21:53:19,756 [grpc-default-executor-0] INFO  impl.RaftServerImpl (RaftServerImpl.java:setRole(184)) - 9d88716d-5d6b-4fd8-b832-a110dc45ee66@group-EE856C9543A1: changes role from  FOLLOWER to FOLLOWER at term 223 for recognizeCandidate:5c3956af-60d3-411f-8c98-c7ed3576de5c
2019-10-16 21:53:19,757 [grpc-default-executor-0] INFO  impl.RoleInfo (RoleInfo.java:shutdownFollowerState(121)) - 9d88716d-5d6b-4fd8-b832-a110dc45ee66: shutdown FollowerState
2019-10-16 21:53:19,757 [grpc-default-executor-0] INFO  impl.RoleInfo (RoleInfo.java:updateAndGet(143)) - 9d88716d-5d6b-4fd8-b832-a110dc45ee66: start FollowerState
2019-10-16 21:53:19,757 [Thread-1613] INFO  impl.FollowerState (FollowerState.java:run(117)) - 9d88716d-5d6b-4fd8-b832-a110dc45ee66@group-EE856C9543A1-FollowerState was interrupted: java.lang.InterruptedException: sleep interrupted
2019-10-16 21:53:19,770 [5c3956af-60d3-411f-8c98-c7ed3576de5c@group-EE856C9543A1-LeaderElection211] INFO  impl.LeaderElection (LeaderElection.java:logAndReturn(56)) - 5c3956af-60d3-411f-8c98-c7ed3576de5c@group-EE856C9543A1-LeaderElection211: Election REJECTED; received 2 response(s) [5c3956af-60d3-411f-8c98-c7ed3576de5c<-efb933de-cdd8-4d8d-88d2-4c7ffe0dec1a#0:FAIL-t223, 5c3956af-60d3-411f-8c98-c7ed3576de5c<-9d88716d-5d6b-4fd8-b832-a110dc45ee66#0:FAIL-t223] and 0 exception(s); 5c3956af-60d3-411f-8c98-c7ed3576de5c@group-EE856C9543A1:t223, leader=null, voted=5c3956af-60d3-411f-8c98-c7ed3576de5c, raftlog=5c3956af-60d3-411f-8c98-c7ed3576de5c@group-EE856C9543A1-SegmentedRaftLog:OPENED:c-1,f-1,i0, conf=-1: [5c3956af-60d3-411f-8c98-c7ed3576de5c:192.168.34.38:33787, efb933de-cdd8-4d8d-88d2-4c7ffe0dec1a:192.168.34.38:42459, 9d88716d-5d6b-4fd8-b832-a110dc45ee66:192.168.34.38:38211], old=null
2019-10-16 21:53:19,771 [5c3956af-60d3-411f-8c98-c7ed3576de5c@group-EE856C9543A1-LeaderElection211] INFO  impl.RaftServerImpl (RaftServerImpl.java:setRole(184)) - 5c3956af-60d3-411f-8c98-c7ed3576de5c@group-EE856C9543A1: changes role from CANDIDATE to FOLLOWER at term 223 for DISCOVERED_A_NEW_TERM
2019-10-16 21:53:19,771 [5c3956af-60d3-411f-8c98-c7ed3576de5c@group-EE856C9543A1-LeaderElection211] INFO  impl.RoleInfo (RoleInfo.java:shutdownLeaderElection(134)) - 5c3956af-60d3-411f-8c98-c7ed3576de5c: shutdown LeaderElection
2019-10-16 21:53:19,771 [5c3956af-60d3-411f-8c98-c7ed3576de5c@group-EE856C9543A1-LeaderElection211] INFO  impl.RoleInfo (RoleInfo.java:updateAndGet(143)) - 5c3956af-60d3-411f-8c98-c7ed3576de5c: start FollowerState
2019-10-16 21:53:19,860 [Thread-1621] INFO  impl.FollowerState (FollowerState.java:run(108)) - 5c3956af-60d3-411f-8c98-c7ed3576de5c@group-EE856C9543A1-FollowerState: change to CANDIDATE, lastRpcTime:89ms, electionTimeout:89ms
2019-10-16 21:53:19,860 [Thread-1621] INFO  impl.RoleInfo (RoleInfo.java:shutdownFollowerState(121)) - 5c3956af-60d3-411f-8c98-c7ed3576de5c: shutdown FollowerState
2019-10-16 21:53:19,861 [Thread-1621] INFO  impl.RaftServerImpl (RaftServerImpl.java:setRole(184)) - 5c3956af-60d3-411f-8c98-c7ed3576de5c@group-EE856C9543A1: changes role from  FOLLOWER to CANDIDATE at term 223 for changeToCandidate
2019-10-16 21:53:19,861 [Thread-1621] INFO  impl.RoleInfo (RoleInfo.java:updateAndGet(143)) - 5c3956af-60d3-411f-8c98-c7ed3576de5c: start LeaderElection
2019-10-16 21:53:19,874 [5c3956af-60d3-411f-8c98-c7ed3576de5c@group-EE856C9543A1-LeaderElection212] INFO  impl.LeaderElection (LeaderElection.java:askForVotes(178)) - 5c3956af-60d3-411f-8c98-c7ed3576de5c@group-EE856C9543A1-LeaderElection212: begin an election at term 224 for -1: [5c3956af-60d3-411f-8c98-c7ed3576de5c:192.168.34.38:33787, efb933de-cdd8-4d8d-88d2-4c7ffe0dec1a:192.168.34.38:42459, 9d88716d-5d6b-4fd8-b832-a110dc45ee66:192.168.34.38:38211], old=null
2019-10-16 21:53:19,877 [grpc-default-executor-1] INFO  impl.RaftServerImpl (RaftServerImpl.java:setRole(184)) - efb933de-cdd8-4d8d-88d2-4c7ffe0dec1a@group-EE856C9543A1: changes role from  FOLLOWER to FOLLOWER at term 224 for recognizeCandidate:5c3956af-60d3-411f-8c98-c7ed3576de5c
2019-10-16 21:53:19,877 [grpc-default-executor-1] INFO  impl.RoleInfo (RoleInfo.java:shutdownFollowerState(121)) - efb933de-cdd8-4d8d-88d2-4c7ffe0dec1a: shutdown FollowerState
2019-10-16 21:53:19,878 [grpc-default-executor-1] INFO  impl.RoleInfo (RoleInfo.java:updateAndGet(143)) - efb933de-cdd8-4d8d-88d2-4c7ffe0dec1a: start FollowerState
2019-10-16 21:53:19,878 [grpc-default-executor-0] INFO  impl.RaftServerImpl (RaftServerImpl.java:setRole(184)) - 9d88716d-5d6b-4fd8-b832-a110dc45ee66@group-EE856C9543A1: changes role from  FOLLOWER to FOLLOWER at term 224 for recognizeCandidate:5c3956af-60d3-411f-8c98-c7ed3576de5c
2019-10-16 21:53:19,878 [Thread-1619] INFO  impl.FollowerState (FollowerState.java:run(117)) - efb933de-cdd8-4d8d-88d2-4c7ffe0dec1a@group-EE856C9543A1-FollowerState was interrupted: java.lang.InterruptedException: sleep interrupted
2019-10-16 21:53:19,878 [grpc-default-executor-0] INFO  impl.RoleInfo (RoleInfo.java:shutdownFollowerState(121)) - 9d88716d-5d6b-4fd8-b832-a110dc45ee66: shutdown FollowerState
2019-10-16 21:53:19,878 [grpc-default-executor-0] INFO  impl.RoleInfo (RoleInfo.java:updateAndGet(143)) - 9d88716d-5d6b-4fd8-b832-a110dc45ee66: start FollowerState
2019-10-16 21:53:19,878 [Thread-1620] INFO  impl.FollowerState (FollowerState.java:run(117)) - 9d88716d-5d6b-4fd8-b832-a110dc45ee66@group-EE856C9543A1-FollowerState was interrupted: java.lang.InterruptedException: sleep interrupted
2019-10-16 21:53:19,901 [5c3956af-60d3-411f-8c98-c7ed3576de5c@group-EE856C9543A1-LeaderElection212] INFO  impl.LeaderElection (LeaderElection.java:logAndReturn(56)) - 5c3956af-60d3-411f-8c98-c7ed3576de5c@group-EE856C9543A1-LeaderElection212: Election REJECTED; received 2 response(s) [5c3956af-60d3-411f-8c98-c7ed3576de5c<-efb933de-cdd8-4d8d-88d2-4c7ffe0dec1a#0:FAIL-t224, 5c3956af-60d3-411f-8c98-c7ed3576de5c<-9d88716d-5d6b-4fd8-b832-a110dc45ee66#0:FAIL-t224] and 0 exception(s); 5c3956af-60d3-411f-8c98-c7ed3576de5c@group-EE856C9543A1:t224, leader=null, voted=5c3956af-60d3-411f-8c98-c7ed3576de5c, raftlog=5c3956af-60d3-411f-8c98-c7ed3576de5c@group-EE856C9543A1-SegmentedRaftLog:OPENED:c-1,f-1,i0, conf=-1: [5c3956af-60d3-411f-8c98-c7ed3576de5c:192.168.34.38:33787, efb933de-cdd8-4d8d-88d2-4c7ffe0dec1a:192.168.34.38:42459, 9d88716d-5d6b-4fd8-b832-a110dc45ee66:192.168.34.38:38211], old=null
2019-10-16 21:53:19,901 [5c3956af-60d3-411f-8c98-c7ed3576de5c@group-EE856C9543A1-LeaderElection212] INFO  impl.RaftServerImpl (RaftServerImpl.java:setRole(184)) - 5c3956af-60d3-411f-8c98-c7ed3576de5c@group-EE856C9543A1: changes role from CANDIDATE to FOLLOWER at term 224 for DISCOVERED_A_NEW_TERM
2019-10-16 21:53:19,901 [5c3956af-60d3-411f-8c98-c7ed3576de5c@group-EE856C9543A1-LeaderElection212] INFO  impl.RoleInfo (RoleInfo.java:shutdownLeaderElection(134)) - 5c3956af-60d3-411f-8c98-c7ed3576de5c: shutdown LeaderElection
2019-10-16 21:53:19,901 [5c3956af-60d3-411f-8c98-c7ed3576de5c@group-EE856C9543A1-LeaderElection212] INFO  impl.RoleInfo (RoleInfo.java:updateAndGet(143)) - 5c3956af-60d3-411f-8c98-c7ed3576de5c: start FollowerState
2019-10-16 21:53:20,049 [Thread-1627] INFO  impl.FollowerState (FollowerState.java:run(108)) - 5c3956af-60d3-411f-8c98-c7ed3576de5c@group-EE856C9543A1-FollowerState: change to CANDIDATE, lastRpcTime:147ms, electionTimeout:147ms
2019-10-16 21:53:20,049 [Thread-1627] INFO  impl.RoleInfo (RoleInfo.java:shutdownFollowerState(121)) - 5c3956af-60d3-411f-8c98-c7ed3576de5c: shutdown FollowerState
2019-10-16 21:53:20,050 [Thread-1627] INFO  impl.RaftServerImpl (RaftServerImpl.java:setRole(184)) - 5c3956af-60d3-411f-8c98-c7ed3576de5c@group-EE856C9543A1: changes role from  FOLLOWER to CANDIDATE at term 224 for changeToCandidate
2019-10-16 21:53:20,050 [Thread-1627] INFO  impl.RoleInfo (RoleInfo.java:updateAndGet(143)) - 5c3956af-60d3-411f-8c98-c7ed3576de5c: start LeaderElection
2019-10-16 21:53:20,064 [5c3956af-60d3-411f-8c98-c7ed3576de5c@group-EE856C9543A1-LeaderElection213] INFO  impl.LeaderElection (LeaderElection.java:askForVotes(178)) - 5c3956af-60d3-411f-8c98-c7ed3576de5c@group-EE856C9543A1-LeaderElection213: begin an election at term 225 for -1: [5c3956af-60d3-411f-8c98-c7ed3576de5c:192.168.34.38:33787, efb933de-cdd8-4d8d-88d2-4c7ffe0dec1a:192.168.34.38:42459, 9d88716d-5d6b-4fd8-b832-a110dc45ee66:192.168.34.38:38211], old=null
2019-10-16 21:53:20,067 [grpc-default-executor-1] INFO  impl.RaftServerImpl (RaftServerImpl.java:setRole(184)) - 9d88716d-5d6b-4fd8-b832-a110dc45ee66@group-EE856C9543A1: changes role from  FOLLOWER to FOLLOWER at term 225 for recognizeCandidate:5c3956af-60d3-411f-8c98-c7ed3576de5c
2019-10-16 21:53:20,067 [grpc-default-executor-0] INFO  impl.RaftServerImpl (RaftServerImpl.java:setRole(184)) - efb933de-cdd8-4d8d-88d2-4c7ffe0dec1a@group-EE856C9543A1: changes role from  FOLLOWER to FOLLOWER at term 225 for recognizeCandidate:5c3956af-60d3-411f-8c98-c7ed3576de5c
2019-10-16 21:53:20,067 [grpc-default-executor-0] INFO  impl.RoleInfo (RoleInfo.java:shutdownFollowerState(121)) - efb933de-cdd8-4d8d-88d2-4c7ffe0dec1a: shutdown FollowerState
2019-10-16 21:53:20,067 [grpc-default-executor-1] INFO  impl.RoleInfo (RoleInfo.java:shutdownFollowerState(121)) - 9d88716d-5d6b-4fd8-b832-a110dc45ee66: shutdown FollowerState
2019-10-16 21:53:20,068 [Thread-1625] INFO  impl.FollowerState (FollowerState.java:run(117)) - efb933de-cdd8-4d8d-88d2-4c7ffe0dec1a@group-EE856C9543A1-FollowerState was interrupted: java.lang.InterruptedException: sleep interrupted
2019-10-16 21:53:20,068 [grpc-default-executor-0] INFO  impl.RoleInfo (RoleInfo.java:updateAndGet(143)) - efb933de-cdd8-4d8d-88d2-4c7ffe0dec1a: start FollowerState
2019-10-16 21:53:20,068 [Thread-1626] INFO  impl.FollowerState (FollowerState.java:run(117)) - 9d88716d-5d6b-4fd8-b832-a110dc45ee66@group-EE856C9543A1-FollowerState was interrupted: java.lang.InterruptedException: sleep interrupted
2019-10-16 21:53:20,068 [grpc-default-executor-1] INFO  impl.RoleInfo (RoleInfo.java:updateAndGet(143)) - 9d88716d-5d6b-4fd8-b832-a110dc45ee66: start FollowerState
2019-10-16 21:53:20,083 [5c3956af-60d3-411f-8c98-c7ed3576de5c@group-EE856C9543A1-LeaderElection213] INFO  impl.LeaderElection (LeaderElection.java:logAndReturn(56)) - 5c3956af-60d3-411f-8c98-c7ed3576de5c@group-EE856C9543A1-LeaderElection213: Election REJECTED; received 2 response(s) [5c3956af-60d3-411f-8c98-c7ed3576de5c<-efb933de-cdd8-4d8d-88d2-4c7ffe0dec1a#0:FAIL-t225, 5c3956af-60d3-411f-8c98-c7ed3576de5c<-9d88716d-5d6b-4fd8-b832-a110dc45ee66#0:FAIL-t225] and 0 exception(s); 5c3956af-60d3-411f-8c98-c7ed3576de5c@group-EE856C9543A1:t225, leader=null, voted=5c3956af-60d3-411f-8c98-c7ed3576de5c, raftlog=5c3956af-60d3-411f-8c98-c7ed3576de5c@group-EE856C9543A1-SegmentedRaftLog:OPENED:c-1,f-1,i0, conf=-1: [5c3956af-60d3-411f-8c98-c7ed3576de5c:192.168.34.38:33787, efb933de-cdd8-4d8d-88d2-4c7ffe0dec1a:192.168.34.38:42459, 9d88716d-5d6b-4fd8-b832-a110dc45ee66:192.168.34.38:38211], old=null
2019-10-16 21:53:20,083 [5c3956af-60d3-411f-8c98-c7ed3576de5c@group-EE856C9543A1-LeaderElection213] INFO  impl.RaftServerImpl (RaftServerImpl.java:setRole(184)) - 5c3956af-60d3-411f-8c98-c7ed3576de5c@group-EE856C9543A1: changes role from CANDIDATE to FOLLOWER at term 225 for DISCOVERED_A_NEW_TERM
2019-10-16 21:53:20,084 [5c3956af-60d3-411f-8c98-c7ed3576de5c@group-EE856C9543A1-LeaderElection213] INFO  impl.RoleInfo (RoleInfo.java:shutdownLeaderElection(134)) - 5c3956af-60d3-411f-8c98-c7ed3576de5c: shutdown LeaderElection
2019-10-16 21:53:20,084 [5c3956af-60d3-411f-8c98-c7ed3576de5c@group-EE856C9543A1-LeaderElection213] INFO  impl.RoleInfo (RoleInfo.java:updateAndGet(143)) - 5c3956af-60d3-411f-8c98-c7ed3576de5c: start FollowerState
2019-10-16 21:53:20,116 [Thread-1633] INFO  impl.FollowerState (FollowerState.java:run(108)) - 5c3956af-60d3-411f-8c98-c7ed3576de5c@group-EE856C9543A1-FollowerState: change to CANDIDATE, lastRpcTime:32ms, electionTimeout:32ms
2019-10-16 21:53:20,116 [Thread-1633] INFO  impl.RoleInfo (RoleInfo.java:shutdownFollowerState(121)) - 5c3956af-60d3-411f-8c98-c7ed3576de5c: shutdown FollowerState
2019-10-16 21:53:20,116 [Thread-1633] INFO  impl.RaftServerImpl (RaftServerImpl.java:setRole(184)) - 5c3956af-60d3-411f-8c98-c7ed3576de5c@group-EE856C9543A1: changes role from  FOLLOWER to CANDIDATE at term 225 for changeToCandidate
2019-10-16 21:53:20,117 [Thread-1633] INFO  impl.RoleInfo (RoleInfo.java:updateAndGet(143)) - 5c3956af-60d3-411f-8c98-c7ed3576de5c: start LeaderElection
2019-10-16 21:53:20,131 [5c3956af-60d3-411f-8c98-c7ed3576de5c@group-EE856C9543A1-LeaderElection214] INFO  impl.LeaderElection (LeaderElection.java:askForVotes(178)) - 5c3956af-60d3-411f-8c98-c7ed3576de5c@group-EE856C9543A1-LeaderElection214: begin an election at term 226 for -1: [5c3956af-60d3-411f-8c98-c7ed3576de5c:192.168.34.38:33787, efb933de-cdd8-4d8d-88d2-4c7ffe0dec1a:192.168.34.38:42459, 9d88716d-5d6b-4fd8-b832-a110dc45ee66:192.168.34.38:38211], old=null
2019-10-16 21:53:20,134 [grpc-default-executor-0] INFO  impl.RaftServerImpl (RaftServerImpl.java:setRole(184)) - efb933de-cdd8-4d8d-88d2-4c7ffe0dec1a@group-EE856C9543A1: changes role from  FOLLOWER to FOLLOWER at term 226 for recognizeCandidate:5c3956af-60d3-411f-8c98-c7ed3576de5c
2019-10-16 21:53:20,134 [grpc-default-executor-1] INFO  impl.RaftServerImpl (RaftServerImpl.java:setRole(184)) - 9d88716d-5d6b-4fd8-b832-a110dc45ee66@group-EE856C9543A1: changes role from  FOLLOWER to FOLLOWER at term 226 for recognizeCandidate:5c3956af-60d3-411f-8c98-c7ed3576de5c
2019-10-16 21:53:20,134 [grpc-default-executor-0] INFO  impl.RoleInfo (RoleInfo.java:shutdownFollowerState(121)) - efb933de-cdd8-4d8d-88d2-4c7ffe0dec1a: shutdown FollowerState
2019-10-16 21:53:20,134 [grpc-default-executor-1] INFO  impl.RoleInfo (RoleInfo.java:shutdownFollowerState(121)) - 9d88716d-5d6b-4fd8-b832-a110dc45ee66: shutdown FollowerState
2019-10-16 21:53:20,134 [grpc-default-executor-0] INFO  impl.RoleInfo (RoleInfo.java:updateAndGet(143)) - efb933de-cdd8-4d8d-88d2-4c7ffe0dec1a: start FollowerState
2019-10-16 21:53:20,134 [Thread-1631] INFO  impl.FollowerState (FollowerState.java:run(117)) - efb933de-cdd8-4d8d-88d2-4c7ffe0dec1a@group-EE856C9543A1-FollowerState was interrupted: java.lang.InterruptedException: sleep interrupted
2019-10-16 21:53:20,135 [Thread-1632] INFO  impl.FollowerState (FollowerState.java:run(117)) - 9d88716d-5d6b-4fd8-b832-a110dc45ee66@group-EE856C9543A1-FollowerState was interrupted: java.lang.InterruptedException: sleep interrupted
2019-10-16 21:53:20,134 [grpc-default-executor-1] INFO  impl.RoleInfo (RoleInfo.java:updateAndGet(143)) - 9d88716d-5d6b-4fd8-b832-a110dc45ee66: start FollowerState
2019-10-16 21:53:20,147 [5c3956af-60d3-411f-8c98-c7ed3576de5c@group-EE856C9543A1-LeaderElection214] INFO  impl.LeaderElection (LeaderElection.java:logAndReturn(56)) - 5c3956af-60d3-411f-8c98-c7ed3576de5c@group-EE856C9543A1-LeaderElection214: Election REJECTED; received 2 response(s) [5c3956af-60d3-411f-8c98-c7ed3576de5c<-efb933de-cdd8-4d8d-88d2-4c7ffe0dec1a#0:FAIL-t226, 5c3956af-60d3-411f-8c98-c7ed3576de5c<-9d88716d-5d6b-4fd8-b832-a110dc45ee66#0:FAIL-t226] and 0 exception(s); 5c3956af-60d3-411f-8c98-c7ed3576de5c@group-EE856C9543A1:t226, leader=null, voted=5c3956af-60d3-411f-8c98-c7ed3576de5c, raftlog=5c3956af-60d3-411f-8c98-c7ed3576de5c@group-EE856C9543A1-SegmentedRaftLog:OPENED:c-1,f-1,i0, conf=-1: [5c3956af-60d3-411f-8c98-c7ed3576de5c:192.168.34.38:33787, efb933de-cdd8-4d8d-88d2-4c7ffe0dec1a:192.168.34.38:42459, 9d88716d-5d6b-4fd8-b832-a110dc45ee66:192.168.34.38:38211], old=null
2019-10-16 21:53:20,147 [5c3956af-60d3-411f-8c98-c7ed3576de5c@group-EE856C9543A1-LeaderElection214] INFO  impl.RaftServerImpl (RaftServerImpl.java:setRole(184)) - 5c3956af-60d3-411f-8c98-c7ed3576de5c@group-EE856C9543A1: changes role from CANDIDATE to FOLLOWER at term 226 for DISCOVERED_A_NEW_TERM
2019-10-16 21:53:20,147 [5c3956af-60d3-411f-8c98-c7ed3576de5c@group-EE856C9543A1-LeaderElection214] INFO  impl.RoleInfo (RoleInfo.java:shutdownLeaderElection(134)) - 5c3956af-60d3-411f-8c98-c7ed3576de5c: shutdown LeaderElection
2019-10-16 21:53:20,147 [5c3956af-60d3-411f-8c98-c7ed3576de5c@group-EE856C9543A1-LeaderElection214] INFO  impl.RoleInfo (RoleInfo.java:updateAndGet(143)) - 5c3956af-60d3-411f-8c98-c7ed3576de5c: start FollowerState
2019-10-16 21:53:20,191 [Thread-1639] INFO  impl.FollowerState (FollowerState.java:run(108)) - 5c3956af-60d3-411f-8c98-c7ed3576de5c@group-EE856C9543A1-FollowerState: change to CANDIDATE, lastRpcTime:43ms, electionTimeout:43ms
2019-10-16 21:53:20,191 [Thread-1639] INFO  impl.RoleInfo (RoleInfo.java:shutdownFollowerState(121)) - 5c3956af-60d3-411f-8c98-c7ed3576de5c: shutdown FollowerState
2019-10-16 21:53:20,191 [Thread-1639] INFO  impl.RaftServerImpl (RaftServerImpl.java:setRole(184)) - 5c3956af-60d3-411f-8c98-c7ed3576de5c@group-EE856C9543A1: changes role from  FOLLOWER to CANDIDATE at term 226 for changeToCandidate
2019-10-16 21:53:20,191 [Thread-1639] INFO  impl.RoleInfo (RoleInfo.java:updateAndGet(143)) - 5c3956af-60d3-411f-8c98-c7ed3576de5c: start LeaderElection
2019-10-16 21:53:20,205 [5c3956af-60d3-411f-8c98-c7ed3576de5c@group-EE856C9543A1-LeaderElection215] INFO  impl.LeaderElection (LeaderElection.java:askForVotes(178)) - 5c3956af-60d3-411f-8c98-c7ed3576de5c@group-EE856C9543A1-LeaderElection215: begin an election at term 227 for -1: [5c3956af-60d3-411f-8c98-c7ed3576de5c:192.168.34.38:33787, efb933de-cdd8-4d8d-88d2-4c7ffe0dec1a:192.168.34.38:42459, 9d88716d-5d6b-4fd8-b832-a110dc45ee66:192.168.34.38:38211], old=null
2019-10-16 21:53:20,207 [grpc-default-executor-0] INFO  impl.RaftServerImpl (RaftServerImpl.java:setRole(184)) - efb933de-cdd8-4d8d-88d2-4c7ffe0dec1a@group-EE856C9543A1: changes role from  FOLLOWER to FOLLOWER at term 227 for recognizeCandidate:5c3956af-60d3-411f-8c98-c7ed3576de5c
2019-10-16 21:53:20,207 [grpc-default-executor-1] INFO  impl.RaftServerImpl (RaftServerImpl.java:setRole(184)) - 9d88716d-5d6b-4fd8-b832-a110dc45ee66@group-EE856C9543A1: changes role from  FOLLOWER to FOLLOWER at term 227 for recognizeCandidate:5c3956af-60d3-411f-8c98-c7ed3576de5c
2019-10-16 21:53:20,207 [grpc-default-executor-0] INFO  impl.RoleInfo (RoleInfo.java:shutdownFollowerState(121)) - efb933de-cdd8-4d8d-88d2-4c7ffe0dec1a: shutdown FollowerState
2019-10-16 21:53:20,208 [grpc-default-executor-1] INFO  impl.RoleInfo (RoleInfo.java:shutdownFollowerState(121)) - 9d88716d-5d6b-4fd8-b832-a110dc45ee66: shutdown FollowerState
2019-10-16 21:53:20,208 [grpc-default-executor-0] INFO  impl.RoleInfo (RoleInfo.java:updateAndGet(143)) - efb933de-cdd8-4d8d-88d2-4c7ffe0dec1a: start FollowerState
2019-10-16 21:53:20,208 [Thread-1637] INFO  impl.FollowerState (FollowerState.java:run(117)) - efb933de-cdd8-4d8d-88d2-4c7ffe0dec1a@group-EE856C9543A1-FollowerState was interrupted: java.lang.InterruptedException: sleep interrupted
2019-10-16 21:53:20,208 [Thread-1638] INFO  impl.FollowerState (FollowerState.java:run(117)) - 9d88716d-5d6b-4fd8-b832-a110dc45ee66@group-EE856C9543A1-FollowerState was interrupted: java.lang.InterruptedException: sleep interrupted
2019-10-16 21:53:20,208 [grpc-default-executor-1] INFO  impl.RoleInfo (RoleInfo.java:updateAndGet(143)) - 9d88716d-5d6b-4fd8-b832-a110dc45ee66: start FollowerState
2019-10-16 21:53:20,222 [5c3956af-60d3-411f-8c98-c7ed3576de5c@group-EE856C9543A1-LeaderElection215] INFO  impl.LeaderElection (LeaderElection.java:logAndReturn(56)) - 5c3956af-60d3-411f-8c98-c7ed3576de5c@group-EE856C9543A1-LeaderElection215: Election REJECTED; received 2 response(s) [5c3956af-60d3-411f-8c98-c7ed3576de5c<-efb933de-cdd8-4d8d-88d2-4c7ffe0dec1a#0:FAIL-t227, 5c3956af-60d3-411f-8c98-c7ed3576de5c<-9d88716d-5d6b-4fd8-b832-a110dc45ee66#0:FAIL-t227] and 0 exception(s); 5c3956af-60d3-411f-8c98-c7ed3576de5c@group-EE856C9543A1:t227, leader=null, voted=5c3956af-60d3-411f-8c98-c7ed3576de5c, raftlog=5c3956af-60d3-411f-8c98-c7ed3576de5c@group-EE856C9543A1-SegmentedRaftLog:OPENED:c-1,f-1,i0, conf=-1: [5c3956af-60d3-411f-8c98-c7ed3576de5c:192.168.34.38:33787, efb933de-cdd8-4d8d-88d2-4c7ffe0dec1a:192.168.34.38:42459, 9d88716d-5d6b-4fd8-b832-a110dc45ee66:192.168.34.38:38211], old=null
2019-10-16 21:53:20,223 [5c3956af-60d3-411f-8c98-c7ed3576de5c@group-EE856C9543A1-LeaderElection215] INFO  impl.RaftServerImpl (RaftServerImpl.java:setRole(184)) - 5c3956af-60d3-411f-8c98-c7ed3576de5c@group-EE856C9543A1: changes role from CANDIDATE to FOLLOWER at term 227 for DISCOVERED_A_NEW_TERM
2019-10-16 21:53:20,223 [5c3956af-60d3-411f-8c98-c7ed3576de5c@group-EE856C9543A1-LeaderElection215] INFO  impl.RoleInfo (RoleInfo.java:shutdownLeaderElection(134)) - 5c3956af-60d3-411f-8c98-c7ed3576de5c: shutdown LeaderElection
2019-10-16 21:53:20,223 [5c3956af-60d3-411f-8c98-c7ed3576de5c@group-EE856C9543A1-LeaderElection215] INFO  impl.RoleInfo (RoleInfo.java:updateAndGet(143)) - 5c3956af-60d3-411f-8c98-c7ed3576de5c: start FollowerState
2019-10-16 21:53:20,331 [Thread-1645] INFO  impl.FollowerState (FollowerState.java:run(108)) - 5c3956af-60d3-411f-8c98-c7ed3576de5c@group-EE856C9543A1-FollowerState: change to CANDIDATE, lastRpcTime:108ms, electionTimeout:108ms
2019-10-16 21:53:20,332 [Thread-1645] INFO  impl.RoleInfo (RoleInfo.java:shutdownFollowerState(121)) - 5c3956af-60d3-411f-8c98-c7ed3576de5c: shutdown FollowerState
2019-10-16 21:53:20,332 [Thread-1645] INFO  impl.RaftServerImpl (RaftServerImpl.java:setRole(184)) - 5c3956af-60d3-411f-8c98-c7ed3576de5c@group-EE856C9543A1: changes role from  FOLLOWER to CANDIDATE at term 227 for changeToCandidate
2019-10-16 21:53:20,332 [Thread-1645] INFO  impl.RoleInfo (RoleInfo.java:updateAndGet(143)) - 5c3956af-60d3-411f-8c98-c7ed3576de5c: start LeaderElection
2019-10-16 21:53:20,346 [5c3956af-60d3-411f-8c98-c7ed3576de5c@group-EE856C9543A1-LeaderElection216] INFO  impl.LeaderElection (LeaderElection.java:askForVotes(178)) - 5c3956af-60d3-411f-8c98-c7ed3576de5c@group-EE856C9543A1-LeaderElection216: begin an election at term 228 for -1: [5c3956af-60d3-411f-8c98-c7ed3576de5c:192.168.34.38:33787, efb933de-cdd8-4d8d-88d2-4c7ffe0dec1a:192.168.34.38:42459, 9d88716d-5d6b-4fd8-b832-a110dc45ee66:192.168.34.38:38211], old=null
2019-10-16 21:53:20,349 [grpc-default-executor-1] INFO  impl.RaftServerImpl (RaftServerImpl.java:setRole(184)) - 9d88716d-5d6b-4fd8-b832-a110dc45ee66@group-EE856C9543A1: changes role from  FOLLOWER to FOLLOWER at term 228 for recognizeCandidate:5c3956af-60d3-411f-8c98-c7ed3576de5c
2019-10-16 21:53:20,349 [grpc-default-executor-1] INFO  impl.RoleInfo (RoleInfo.java:shutdownFollowerState(121)) - 9d88716d-5d6b-4fd8-b832-a110dc45ee66: shutdown FollowerState
2019-10-16 21:53:20,349 [grpc-default-executor-0] INFO  impl.RaftServerImpl (RaftServerImpl.java:setRole(184)) - efb933de-cdd8-4d8d-88d2-4c7ffe0dec1a@group-EE856C9543A1: changes role from  FOLLOWER to FOLLOWER at term 228 for recognizeCandidate:5c3956af-60d3-411f-8c98-c7ed3576de5c
2019-10-16 21:53:20,349 [Thread-1644] INFO  impl.FollowerState (FollowerState.java:run(117)) - 9d88716d-5d6b-4fd8-b832-a110dc45ee66@group-EE856C9543A1-FollowerState was interrupted: java.lang.InterruptedException: sleep interrupted
2019-10-16 21:53:20,349 [grpc-default-executor-1] INFO  impl.RoleInfo (RoleInfo.java:updateAndGet(143)) - 9d88716d-5d6b-4fd8-b832-a110dc45ee66: start FollowerState
2019-10-16 21:53:20,350 [grpc-default-executor-0] INFO  impl.RoleInfo (RoleInfo.java:shutdownFollowerState(121)) - efb933de-cdd8-4d8d-88d2-4c7ffe0dec1a: shutdown FollowerState
2019-10-16 21:53:20,350 [grpc-default-executor-0] INFO  impl.RoleInfo (RoleInfo.java:updateAndGet(143)) - efb933de-cdd8-4d8d-88d2-4c7ffe0dec1a: start FollowerState
2019-10-16 21:53:20,350 [Thread-1643] INFO  impl.FollowerState (FollowerState.java:run(117)) - efb933de-cdd8-4d8d-88d2-4c7ffe0dec1a@group-EE856C9543A1-FollowerState was interrupted: java.lang.InterruptedException: sleep interrupted
2019-10-16 21:53:20,365 [5c3956af-60d3-411f-8c98-c7ed3576de5c@group-EE856C9543A1-LeaderElection216] INFO  impl.LeaderElection (LeaderElection.java:logAndReturn(56)) - 5c3956af-60d3-411f-8c98-c7ed3576de5c@group-EE856C9543A1-LeaderElection216: Election REJECTED; received 2 response(s) [5c3956af-60d3-411f-8c98-c7ed3576de5c<-efb933de-cdd8-4d8d-88d2-4c7ffe0dec1a#0:FAIL-t228, 5c3956af-60d3-411f-8c98-c7ed3576de5c<-9d88716d-5d6b-4fd8-b832-a110dc45ee66#0:FAIL-t228] and 0 exception(s); 5c3956af-60d3-411f-8c98-c7ed3576de5c@group-EE856C9543A1:t228, leader=null, voted=5c3956af-60d3-411f-8c98-c7ed3576de5c, raftlog=5c3956af-60d3-411f-8c98-c7ed3576de5c@group-EE856C9543A1-SegmentedRaftLog:OPENED:c-1,f-1,i0, conf=-1: [5c3956af-60d3-411f-8c98-c7ed3576de5c:192.168.34.38:33787, efb933de-cdd8-4d8d-88d2-4c7ffe0dec1a:192.168.34.38:42459, 9d88716d-5d6b-4fd8-b832-a110dc45ee66:192.168.34.38:38211], old=null
2019-10-16 21:53:20,365 [5c3956af-60d3-411f-8c98-c7ed3576de5c@group-EE856C9543A1-LeaderElection216] INFO  impl.RaftServerImpl (RaftServerImpl.java:setRole(184)) - 5c3956af-60d3-411f-8c98-c7ed3576de5c@group-EE856C9543A1: changes role from CANDIDATE to FOLLOWER at term 228 for DISCOVERED_A_NEW_TERM
2019-10-16 21:53:20,365 [5c3956af-60d3-411f-8c98-c7ed3576de5c@group-EE856C9543A1-LeaderElection216] INFO  impl.RoleInfo (RoleInfo.java:shutdownLeaderElection(134)) - 5c3956af-60d3-411f-8c98-c7ed3576de5c: shutdown LeaderElection
2019-10-16 21:53:20,365 [5c3956af-60d3-411f-8c98-c7ed3576de5c@group-EE856C9543A1-LeaderElection216] INFO  impl.RoleInfo (RoleInfo.java:updateAndGet(143)) - 5c3956af-60d3-411f-8c98-c7ed3576de5c: start FollowerState
2019-10-16 21:53:20,408 [JUnit] INFO  ozone.MiniOzoneClusterImpl (MiniOzoneClusterImpl.java:lambda$waitForClusterToBeReady$2(164)) - Waiting for 1 number of pipelines out of 6, to report a leader.
2019-10-16 21:53:20,471 [Thread-1651] INFO  impl.FollowerState (FollowerState.java:run(108)) - 5c3956af-60d3-411f-8c98-c7ed3576de5c@group-EE856C9543A1-FollowerState: change to CANDIDATE, lastRpcTime:105ms, electionTimeout:105ms
2019-10-16 21:53:20,471 [Thread-1651] INFO  impl.RoleInfo (RoleInfo.java:shutdownFollowerState(121)) - 5c3956af-60d3-411f-8c98-c7ed3576de5c: shutdown FollowerState
2019-10-16 21:53:20,471 [Thread-1651] INFO  impl.RaftServerImpl (RaftServerImpl.java:setRole(184)) - 5c3956af-60d3-411f-8c98-c7ed3576de5c@group-EE856C9543A1: changes role from  FOLLOWER to CANDIDATE at term 228 for changeToCandidate
2019-10-16 21:53:20,471 [Thread-1651] INFO  impl.RoleInfo (RoleInfo.java:updateAndGet(143)) - 5c3956af-60d3-411f-8c98-c7ed3576de5c: start LeaderElection
2019-10-16 21:53:20,485 [5c3956af-60d3-411f-8c98-c7ed3576de5c@group-EE856C9543A1-LeaderElection217] INFO  impl.LeaderElection (LeaderElection.java:askForVotes(178)) - 5c3956af-60d3-411f-8c98-c7ed3576de5c@group-EE856C9543A1-LeaderElection217: begin an election at term 229 for -1: [5c3956af-60d3-411f-8c98-c7ed3576de5c:192.168.34.38:33787, efb933de-cdd8-4d8d-88d2-4c7ffe0dec1a:192.168.34.38:42459, 9d88716d-5d6b-4fd8-b832-a110dc45ee66:192.168.34.38:38211], old=null
2019-10-16 21:53:20,488 [grpc-default-executor-1] INFO  impl.RaftServerImpl (RaftServerImpl.java:setRole(184)) - efb933de-cdd8-4d8d-88d2-4c7ffe0dec1a@group-EE856C9543A1: changes role from  FOLLOWER to FOLLOWER at term 229 for recognizeCandidate:5c3956af-60d3-411f-8c98-c7ed3576de5c
2019-10-16 21:53:20,488 [grpc-default-executor-1] INFO  impl.RoleInfo (RoleInfo.java:shutdownFollowerState(121)) - efb933de-cdd8-4d8d-88d2-4c7ffe0dec1a: shutdown FollowerState
2019-10-16 21:53:20,488 [grpc-default-executor-0] INFO  impl.RaftServerImpl (RaftServerImpl.java:setRole(184)) - 9d88716d-5d6b-4fd8-b832-a110dc45ee66@group-EE856C9543A1: changes role from  FOLLOWER to FOLLOWER at term 229 for recognizeCandidate:5c3956af-60d3-411f-8c98-c7ed3576de5c
2019-10-16 21:53:20,489 [Thread-1650] INFO  impl.FollowerState (FollowerState.java:run(117)) - efb933de-cdd8-4d8d-88d2-4c7ffe0dec1a@group-EE856C9543A1-FollowerState was interrupted: java.lang.InterruptedException: sleep interrupted
2019-10-16 21:53:20,489 [grpc-default-executor-1] INFO  impl.RoleInfo (RoleInfo.java:updateAndGet(143)) - efb933de-cdd8-4d8d-88d2-4c7ffe0dec1a: start FollowerState
2019-10-16 21:53:20,489 [grpc-default-executor-0] INFO  impl.RoleInfo (RoleInfo.java:shutdownFollowerState(121)) - 9d88716d-5d6b-4fd8-b832-a110dc45ee66: shutdown FollowerState
2019-10-16 21:53:20,489 [Thread-1649] INFO  impl.FollowerState (FollowerState.java:run(117)) - 9d88716d-5d6b-4fd8-b832-a110dc45ee66@group-EE856C9543A1-FollowerState was interrupted: java.lang.InterruptedException: sleep interrupted
2019-10-16 21:53:20,489 [grpc-default-executor-0] INFO  impl.RoleInfo (RoleInfo.java:updateAndGet(143)) - 9d88716d-5d6b-4fd8-b832-a110dc45ee66: start FollowerState
2019-10-16 21:53:20,504 [5c3956af-60d3-411f-8c98-c7ed3576de5c@group-EE856C9543A1-LeaderElection217] INFO  impl.LeaderElection (LeaderElection.java:logAndReturn(56)) - 5c3956af-60d3-411f-8c98-c7ed3576de5c@group-EE856C9543A1-LeaderElection217: Election REJECTED; received 2 response(s) [5c3956af-60d3-411f-8c98-c7ed3576de5c<-efb933de-cdd8-4d8d-88d2-4c7ffe0dec1a#0:FAIL-t229, 5c3956af-60d3-411f-8c98-c7ed3576de5c<-9d88716d-5d6b-4fd8-b832-a110dc45ee66#0:FAIL-t229] and 0 exception(s); 5c3956af-60d3-411f-8c98-c7ed3576de5c@group-EE856C9543A1:t229, leader=null, voted=5c3956af-60d3-411f-8c98-c7ed3576de5c, raftlog=5c3956af-60d3-411f-8c98-c7ed3576de5c@group-EE856C9543A1-SegmentedRaftLog:OPENED:c-1,f-1,i0, conf=-1: [5c3956af-60d3-411f-8c98-c7ed3576de5c:192.168.34.38:33787, efb933de-cdd8-4d8d-88d2-4c7ffe0dec1a:192.168.34.38:42459, 9d88716d-5d6b-4fd8-b832-a110dc45ee66:192.168.34.38:38211], old=null
2019-10-16 21:53:20,504 [5c3956af-60d3-411f-8c98-c7ed3576de5c@group-EE856C9543A1-LeaderElection217] INFO  impl.RaftServerImpl (RaftServerImpl.java:setRole(184)) - 5c3956af-60d3-411f-8c98-c7ed3576de5c@group-EE856C9543A1: changes role from CANDIDATE to FOLLOWER at term 229 for DISCOVERED_A_NEW_TERM
2019-10-16 21:53:20,504 [5c3956af-60d3-411f-8c98-c7ed3576de5c@group-EE856C9543A1-LeaderElection217] INFO  impl.RoleInfo (RoleInfo.java:shutdownLeaderElection(134)) - 5c3956af-60d3-411f-8c98-c7ed3576de5c: shutdown LeaderElection
2019-10-16 21:53:20,504 [5c3956af-60d3-411f-8c98-c7ed3576de5c@group-EE856C9543A1-LeaderElection217] INFO  impl.RoleInfo (RoleInfo.java:updateAndGet(143)) - 5c3956af-60d3-411f-8c98-c7ed3576de5c: start FollowerState
2019-10-16 21:53:20,595 [Thread-1657] INFO  impl.FollowerState (FollowerState.java:run(108)) - 5c3956af-60d3-411f-8c98-c7ed3576de5c@group-EE856C9543A1-FollowerState: change to CANDIDATE, lastRpcTime:90ms, electionTimeout:90ms
2019-10-16 21:53:20,595 [Thread-1657] INFO  impl.RoleInfo (RoleInfo.java:shutdownFollowerState(121)) - 5c3956af-60d3-411f-8c98-c7ed3576de5c: shutdown FollowerState
2019-10-16 21:53:20,595 [Thread-1657] INFO  impl.RaftServerImpl (RaftServerImpl.java:setRole(184)) - 5c3956af-60d3-411f-8c98-c7ed3576de5c@group-EE856C9543A1: changes role from  FOLLOWER to CANDIDATE at term 229 for changeToCandidate
2019-10-16 21:53:20,595 [Thread-1657] INFO  impl.RoleInfo (RoleInfo.java:updateAndGet(143)) - 5c3956af-60d3-411f-8c98-c7ed3576de5c: start LeaderElection
2019-10-16 21:53:20,609 [5c3956af-60d3-411f-8c98-c7ed3576de5c@group-EE856C9543A1-LeaderElection218] INFO  impl.LeaderElection (LeaderElection.java:askForVotes(178)) - 5c3956af-60d3-411f-8c98-c7ed3576de5c@group-EE856C9543A1-LeaderElection218: begin an election at term 230 for -1: [5c3956af-60d3-411f-8c98-c7ed3576de5c:192.168.34.38:33787, efb933de-cdd8-4d8d-88d2-4c7ffe0dec1a:192.168.34.38:42459, 9d88716d-5d6b-4fd8-b832-a110dc45ee66:192.168.34.38:38211], old=null
2019-10-16 21:53:20,612 [grpc-default-executor-1] INFO  impl.RaftServerImpl (RaftServerImpl.java:setRole(184)) - 9d88716d-5d6b-4fd8-b832-a110dc45ee66@group-EE856C9543A1: changes role from  FOLLOWER to FOLLOWER at term 230 for recognizeCandidate:5c3956af-60d3-411f-8c98-c7ed3576de5c
2019-10-16 21:53:20,612 [grpc-default-executor-1] INFO  impl.RoleInfo (RoleInfo.java:shutdownFollowerState(121)) - 9d88716d-5d6b-4fd8-b832-a110dc45ee66: shutdown FollowerState
2019-10-16 21:53:20,612 [grpc-default-executor-1] INFO  impl.RoleInfo (RoleInfo.java:updateAndGet(143)) - 9d88716d-5d6b-4fd8-b832-a110dc45ee66: start FollowerState
2019-10-16 21:53:20,612 [Thread-1656] INFO  impl.FollowerState (FollowerState.java:run(117)) - 9d88716d-5d6b-4fd8-b832-a110dc45ee66@group-EE856C9543A1-FollowerState was interrupted: java.lang.InterruptedException: sleep interrupted
2019-10-16 21:53:20,613 [grpc-default-executor-0] INFO  impl.RaftServerImpl (RaftServerImpl.java:setRole(184)) - efb933de-cdd8-4d8d-88d2-4c7ffe0dec1a@group-EE856C9543A1: changes role from  FOLLOWER to FOLLOWER at term 230 for recognizeCandidate:5c3956af-60d3-411f-8c98-c7ed3576de5c
2019-10-16 21:53:20,613 [grpc-default-executor-0] INFO  impl.RoleInfo (RoleInfo.java:shutdownFollowerState(121)) - efb933de-cdd8-4d8d-88d2-4c7ffe0dec1a: shutdown FollowerState
2019-10-16 21:53:20,613 [grpc-default-executor-0] INFO  impl.RoleInfo (RoleInfo.java:updateAndGet(143)) - efb933de-cdd8-4d8d-88d2-4c7ffe0dec1a: start FollowerState
2019-10-16 21:53:20,613 [Thread-1655] INFO  impl.FollowerState (FollowerState.java:run(117)) - efb933de-cdd8-4d8d-88d2-4c7ffe0dec1a@group-EE856C9543A1-FollowerState was interrupted: java.lang.InterruptedException: sleep interrupted
2019-10-16 21:53:20,627 [5c3956af-60d3-411f-8c98-c7ed3576de5c@group-EE856C9543A1-LeaderElection218] INFO  impl.LeaderElection (LeaderElection.java:logAndReturn(56)) - 5c3956af-60d3-411f-8c98-c7ed3576de5c@group-EE856C9543A1-LeaderElection218: Election REJECTED; received 2 response(s) [5c3956af-60d3-411f-8c98-c7ed3576de5c<-efb933de-cdd8-4d8d-88d2-4c7ffe0dec1a#0:FAIL-t230, 5c3956af-60d3-411f-8c98-c7ed3576de5c<-9d88716d-5d6b-4fd8-b832-a110dc45ee66#0:FAIL-t230] and 0 exception(s); 5c3956af-60d3-411f-8c98-c7ed3576de5c@group-EE856C9543A1:t230, leader=null, voted=5c3956af-60d3-411f-8c98-c7ed3576de5c, raftlog=5c3956af-60d3-411f-8c98-c7ed3576de5c@group-EE856C9543A1-SegmentedRaftLog:OPENED:c-1,f-1,i0, conf=-1: [5c3956af-60d3-411f-8c98-c7ed3576de5c:192.168.34.38:33787, efb933de-cdd8-4d8d-88d2-4c7ffe0dec1a:192.168.34.38:42459, 9d88716d-5d6b-4fd8-b832-a110dc45ee66:192.168.34.38:38211], old=null
2019-10-16 21:53:20,627 [5c3956af-60d3-411f-8c98-c7ed3576de5c@group-EE856C9543A1-LeaderElection218] INFO  impl.RaftServerImpl (RaftServerImpl.java:setRole(184)) - 5c3956af-60d3-411f-8c98-c7ed3576de5c@group-EE856C9543A1: changes role from CANDIDATE to FOLLOWER at term 230 for DISCOVERED_A_NEW_TERM
2019-10-16 21:53:20,627 [5c3956af-60d3-411f-8c98-c7ed3576de5c@group-EE856C9543A1-LeaderElection218] INFO  impl.RoleInfo (RoleInfo.java:shutdownLeaderElection(134)) - 5c3956af-60d3-411f-8c98-c7ed3576de5c: shutdown LeaderElection
2019-10-16 21:53:20,627 [5c3956af-60d3-411f-8c98-c7ed3576de5c@group-EE856C9543A1-LeaderElection218] INFO  impl.RoleInfo (RoleInfo.java:updateAndGet(143)) - 5c3956af-60d3-411f-8c98-c7ed3576de5c: start FollowerState
2019-10-16 21:53:20,720 [Thread-1663] INFO  impl.FollowerState (FollowerState.java:run(108)) - 5c3956af-60d3-411f-8c98-c7ed3576de5c@group-EE856C9543A1-FollowerState: change to CANDIDATE, lastRpcTime:92ms, electionTimeout:92ms
2019-10-16 21:53:20,720 [Thread-1663] INFO  impl.RoleInfo (RoleInfo.java:shutdownFollowerState(121)) - 5c3956af-60d3-411f-8c98-c7ed3576de5c: shutdown FollowerState
2019-10-16 21:53:20,720 [Thread-1663] INFO  impl.RaftServerImpl (RaftServerImpl.java:setRole(184)) - 5c3956af-60d3-411f-8c98-c7ed3576de5c@group-EE856C9543A1: changes role from  FOLLOWER to CANDIDATE at term 230 for changeToCandidate
2019-10-16 21:53:20,720 [Thread-1663] INFO  impl.RoleInfo (RoleInfo.java:updateAndGet(143)) - 5c3956af-60d3-411f-8c98-c7ed3576de5c: start LeaderElection
2019-10-16 21:53:20,734 [5c3956af-60d3-411f-8c98-c7ed3576de5c@group-EE856C9543A1-LeaderElection219] INFO  impl.LeaderElection (LeaderElection.java:askForVotes(178)) - 5c3956af-60d3-411f-8c98-c7ed3576de5c@group-EE856C9543A1-LeaderElection219: begin an election at term 231 for -1: [5c3956af-60d3-411f-8c98-c7ed3576de5c:192.168.34.38:33787, efb933de-cdd8-4d8d-88d2-4c7ffe0dec1a:192.168.34.38:42459, 9d88716d-5d6b-4fd8-b832-a110dc45ee66:192.168.34.38:38211], old=null
2019-10-16 21:53:20,737 [5c3956af-60d3-411f-8c98-c7ed3576de5c@group-EE856C9543A1-LeaderElection219] INFO  impl.LeaderElection (LeaderElection.java:logAndReturn(56)) - 5c3956af-60d3-411f-8c98-c7ed3576de5c@group-EE856C9543A1-LeaderElection219: Election TIMEOUT; received 0 response(s) [] and 0 exception(s); 5c3956af-60d3-411f-8c98-c7ed3576de5c@group-EE856C9543A1:t231, leader=null, voted=5c3956af-60d3-411f-8c98-c7ed3576de5c, raftlog=5c3956af-60d3-411f-8c98-c7ed3576de5c@group-EE856C9543A1-SegmentedRaftLog:OPENED:c-1,f-1,i0, conf=-1: [5c3956af-60d3-411f-8c98-c7ed3576de5c:192.168.34.38:33787, efb933de-cdd8-4d8d-88d2-4c7ffe0dec1a:192.168.34.38:42459, 9d88716d-5d6b-4fd8-b832-a110dc45ee66:192.168.34.38:38211], old=null
2019-10-16 21:53:20,737 [grpc-default-executor-1] INFO  impl.RaftServerImpl (RaftServerImpl.java:setRole(184)) - 9d88716d-5d6b-4fd8-b832-a110dc45ee66@group-EE856C9543A1: changes role from  FOLLOWER to FOLLOWER at term 231 for recognizeCandidate:5c3956af-60d3-411f-8c98-c7ed3576de5c
2019-10-16 21:53:20,737 [grpc-default-executor-1] INFO  impl.RoleInfo (RoleInfo.java:shutdownFollowerState(121)) - 9d88716d-5d6b-4fd8-b832-a110dc45ee66: shutdown FollowerState
2019-10-16 21:53:20,737 [grpc-default-executor-0] INFO  impl.RaftServerImpl (RaftServerImpl.java:setRole(184)) - efb933de-cdd8-4d8d-88d2-4c7ffe0dec1a@group-EE856C9543A1: changes role from  FOLLOWER to FOLLOWER at term 231 for recognizeCandidate:5c3956af-60d3-411f-8c98-c7ed3576de5c
2019-10-16 21:53:20,738 [grpc-default-executor-0] INFO  impl.RoleInfo (RoleInfo.java:shutdownFollowerState(121)) - efb933de-cdd8-4d8d-88d2-4c7ffe0dec1a: shutdown FollowerState
2019-10-16 21:53:20,738 [Thread-1661] INFO  impl.FollowerState (FollowerState.java:run(117)) - 9d88716d-5d6b-4fd8-b832-a110dc45ee66@group-EE856C9543A1-FollowerState was interrupted: java.lang.InterruptedException: sleep interrupted
2019-10-16 21:53:20,738 [grpc-default-executor-1] INFO  impl.RoleInfo (RoleInfo.java:updateAndGet(143)) - 9d88716d-5d6b-4fd8-b832-a110dc45ee66: start FollowerState
2019-10-16 21:53:20,738 [Thread-1662] INFO  impl.FollowerState (FollowerState.java:run(117)) - efb933de-cdd8-4d8d-88d2-4c7ffe0dec1a@group-EE856C9543A1-FollowerState was interrupted: java.lang.InterruptedException: sleep interrupted
2019-10-16 21:53:20,738 [grpc-default-executor-0] INFO  impl.RoleInfo (RoleInfo.java:updateAndGet(143)) - efb933de-cdd8-4d8d-88d2-4c7ffe0dec1a: start FollowerState
2019-10-16 21:53:20,751 [5c3956af-60d3-411f-8c98-c7ed3576de5c@group-EE856C9543A1-LeaderElection219] INFO  impl.LeaderElection (LeaderElection.java:askForVotes(178)) - 5c3956af-60d3-411f-8c98-c7ed3576de5c@group-EE856C9543A1-LeaderElection219: begin an election at term 232 for -1: [5c3956af-60d3-411f-8c98-c7ed3576de5c:192.168.34.38:33787, efb933de-cdd8-4d8d-88d2-4c7ffe0dec1a:192.168.34.38:42459, 9d88716d-5d6b-4fd8-b832-a110dc45ee66:192.168.34.38:38211], old=null
2019-10-16 21:53:20,753 [grpc-default-executor-0] INFO  impl.RaftServerImpl (RaftServerImpl.java:setRole(184)) - 9d88716d-5d6b-4fd8-b832-a110dc45ee66@group-EE856C9543A1: changes role from  FOLLOWER to FOLLOWER at term 232 for recognizeCandidate:5c3956af-60d3-411f-8c98-c7ed3576de5c
2019-10-16 21:53:20,753 [grpc-default-executor-0] INFO  impl.RoleInfo (RoleInfo.java:shutdownFollowerState(121)) - 9d88716d-5d6b-4fd8-b832-a110dc45ee66: shutdown FollowerState
2019-10-16 21:53:20,753 [grpc-default-executor-0] INFO  impl.RoleInfo (RoleInfo.java:updateAndGet(143)) - 9d88716d-5d6b-4fd8-b832-a110dc45ee66: start FollowerState
2019-10-16 21:53:20,753 [Thread-1667] INFO  impl.FollowerState (FollowerState.java:run(117)) - 9d88716d-5d6b-4fd8-b832-a110dc45ee66@group-EE856C9543A1-FollowerState was interrupted: java.lang.InterruptedException: sleep interrupted
2019-10-16 21:53:20,753 [grpc-default-executor-1] INFO  impl.RaftServerImpl (RaftServerImpl.java:setRole(184)) - efb933de-cdd8-4d8d-88d2-4c7ffe0dec1a@group-EE856C9543A1: changes role from  FOLLOWER to FOLLOWER at term 232 for recognizeCandidate:5c3956af-60d3-411f-8c98-c7ed3576de5c
2019-10-16 21:53:20,754 [grpc-default-executor-1] INFO  impl.RoleInfo (RoleInfo.java:shutdownFollowerState(121)) - efb933de-cdd8-4d8d-88d2-4c7ffe0dec1a: shutdown FollowerState
2019-10-16 21:53:20,754 [grpc-default-executor-1] INFO  impl.RoleInfo (RoleInfo.java:updateAndGet(143)) - efb933de-cdd8-4d8d-88d2-4c7ffe0dec1a: start FollowerState
2019-10-16 21:53:20,754 [Thread-1668] INFO  impl.FollowerState (FollowerState.java:run(117)) - efb933de-cdd8-4d8d-88d2-4c7ffe0dec1a@group-EE856C9543A1-FollowerState was interrupted: java.lang.InterruptedException: sleep interrupted
2019-10-16 21:53:20,767 [5c3956af-60d3-411f-8c98-c7ed3576de5c@group-EE856C9543A1-LeaderElection219] INFO  impl.LeaderElection (LeaderElection.java:logAndReturn(56)) - 5c3956af-60d3-411f-8c98-c7ed3576de5c@group-EE856C9543A1-LeaderElection219: Election REJECTED; received 2 response(s) [5c3956af-60d3-411f-8c98-c7ed3576de5c<-efb933de-cdd8-4d8d-88d2-4c7ffe0dec1a#0:FAIL-t232, 5c3956af-60d3-411f-8c98-c7ed3576de5c<-9d88716d-5d6b-4fd8-b832-a110dc45ee66#0:FAIL-t232] and 0 exception(s); 5c3956af-60d3-411f-8c98-c7ed3576de5c@group-EE856C9543A1:t232, leader=null, voted=5c3956af-60d3-411f-8c98-c7ed3576de5c, raftlog=5c3956af-60d3-411f-8c98-c7ed3576de5c@group-EE856C9543A1-SegmentedRaftLog:OPENED:c-1,f-1,i0, conf=-1: [5c3956af-60d3-411f-8c98-c7ed3576de5c:192.168.34.38:33787, efb933de-cdd8-4d8d-88d2-4c7ffe0dec1a:192.168.34.38:42459, 9d88716d-5d6b-4fd8-b832-a110dc45ee66:192.168.34.38:38211], old=null
2019-10-16 21:53:20,767 [5c3956af-60d3-411f-8c98-c7ed3576de5c@group-EE856C9543A1-LeaderElection219] INFO  impl.RaftServerImpl (RaftServerImpl.java:setRole(184)) - 5c3956af-60d3-411f-8c98-c7ed3576de5c@group-EE856C9543A1: changes role from CANDIDATE to FOLLOWER at term 232 for DISCOVERED_A_NEW_TERM
2019-10-16 21:53:20,767 [5c3956af-60d3-411f-8c98-c7ed3576de5c@group-EE856C9543A1-LeaderElection219] INFO  impl.RoleInfo (RoleInfo.java:shutdownLeaderElection(134)) - 5c3956af-60d3-411f-8c98-c7ed3576de5c: shutdown LeaderElection
2019-10-16 21:53:20,767 [5c3956af-60d3-411f-8c98-c7ed3576de5c@group-EE856C9543A1-LeaderElection219] INFO  impl.RoleInfo (RoleInfo.java:updateAndGet(143)) - 5c3956af-60d3-411f-8c98-c7ed3576de5c: start FollowerState
2019-10-16 21:53:20,824 [Thread-1673] INFO  impl.FollowerState (FollowerState.java:run(108)) - 5c3956af-60d3-411f-8c98-c7ed3576de5c@group-EE856C9543A1-FollowerState: change to CANDIDATE, lastRpcTime:56ms, electionTimeout:56ms
2019-10-16 21:53:20,824 [Thread-1673] INFO  impl.RoleInfo (RoleInfo.java:shutdownFollowerState(121)) - 5c3956af-60d3-411f-8c98-c7ed3576de5c: shutdown FollowerState
2019-10-16 21:53:20,824 [Thread-1673] INFO  impl.RaftServerImpl (RaftServerImpl.java:setRole(184)) - 5c3956af-60d3-411f-8c98-c7ed3576de5c@group-EE856C9543A1: changes role from  FOLLOWER to CANDIDATE at term 232 for changeToCandidate
2019-10-16 21:53:20,824 [Thread-1673] INFO  impl.RoleInfo (RoleInfo.java:updateAndGet(143)) - 5c3956af-60d3-411f-8c98-c7ed3576de5c: start LeaderElection
2019-10-16 21:53:20,838 [5c3956af-60d3-411f-8c98-c7ed3576de5c@group-EE856C9543A1-LeaderElection220] INFO  impl.LeaderElection (LeaderElection.java:askForVotes(178)) - 5c3956af-60d3-411f-8c98-c7ed3576de5c@group-EE856C9543A1-LeaderElection220: begin an election at term 233 for -1: [5c3956af-60d3-411f-8c98-c7ed3576de5c:192.168.34.38:33787, efb933de-cdd8-4d8d-88d2-4c7ffe0dec1a:192.168.34.38:42459, 9d88716d-5d6b-4fd8-b832-a110dc45ee66:192.168.34.38:38211], old=null
2019-10-16 21:53:20,840 [grpc-default-executor-0] INFO  impl.RaftServerImpl (RaftServerImpl.java:setRole(184)) - efb933de-cdd8-4d8d-88d2-4c7ffe0dec1a@group-EE856C9543A1: changes role from  FOLLOWER to FOLLOWER at term 233 for recognizeCandidate:5c3956af-60d3-411f-8c98-c7ed3576de5c
2019-10-16 21:53:20,840 [grpc-default-executor-0] INFO  impl.RoleInfo (RoleInfo.java:shutdownFollowerState(121)) - efb933de-cdd8-4d8d-88d2-4c7ffe0dec1a: shutdown FollowerState
2019-10-16 21:53:20,840 [grpc-default-executor-1] INFO  impl.RaftServerImpl (RaftServerImpl.java:setRole(184)) - 9d88716d-5d6b-4fd8-b832-a110dc45ee66@group-EE856C9543A1: changes role from  FOLLOWER to FOLLOWER at term 233 for recognizeCandidate:5c3956af-60d3-411f-8c98-c7ed3576de5c
2019-10-16 21:53:20,841 [grpc-default-executor-1] INFO  impl.RoleInfo (RoleInfo.java:shutdownFollowerState(121)) - 9d88716d-5d6b-4fd8-b832-a110dc45ee66: shutdown FollowerState
2019-10-16 21:53:20,841 [grpc-default-executor-0] INFO  impl.RoleInfo (RoleInfo.java:updateAndGet(143)) - efb933de-cdd8-4d8d-88d2-4c7ffe0dec1a: start FollowerState
2019-10-16 21:53:20,841 [Thread-1672] INFO  impl.FollowerState (FollowerState.java:run(117)) - efb933de-cdd8-4d8d-88d2-4c7ffe0dec1a@group-EE856C9543A1-FollowerState was interrupted: java.lang.InterruptedException: sleep interrupted
2019-10-16 21:53:20,841 [Thread-1671] INFO  impl.FollowerState (FollowerState.java:run(117)) - 9d88716d-5d6b-4fd8-b832-a110dc45ee66@group-EE856C9543A1-FollowerState was interrupted: java.lang.InterruptedException: sleep interrupted
2019-10-16 21:53:20,841 [grpc-default-executor-1] INFO  impl.RoleInfo (RoleInfo.java:updateAndGet(143)) - 9d88716d-5d6b-4fd8-b832-a110dc45ee66: start FollowerState
2019-10-16 21:53:20,856 [5c3956af-60d3-411f-8c98-c7ed3576de5c@group-EE856C9543A1-LeaderElection220] INFO  impl.LeaderElection (LeaderElection.java:logAndReturn(56)) - 5c3956af-60d3-411f-8c98-c7ed3576de5c@group-EE856C9543A1-LeaderElection220: Election REJECTED; received 2 response(s) [5c3956af-60d3-411f-8c98-c7ed3576de5c<-efb933de-cdd8-4d8d-88d2-4c7ffe0dec1a#0:FAIL-t233, 5c3956af-60d3-411f-8c98-c7ed3576de5c<-9d88716d-5d6b-4fd8-b832-a110dc45ee66#0:FAIL-t233] and 0 exception(s); 5c3956af-60d3-411f-8c98-c7ed3576de5c@group-EE856C9543A1:t233, leader=null, voted=5c3956af-60d3-411f-8c98-c7ed3576de5c, raftlog=5c3956af-60d3-411f-8c98-c7ed3576de5c@group-EE856C9543A1-SegmentedRaftLog:OPENED:c-1,f-1,i0, conf=-1: [5c3956af-60d3-411f-8c98-c7ed3576de5c:192.168.34.38:33787, efb933de-cdd8-4d8d-88d2-4c7ffe0dec1a:192.168.34.38:42459, 9d88716d-5d6b-4fd8-b832-a110dc45ee66:192.168.34.38:38211], old=null
2019-10-16 21:53:20,856 [5c3956af-60d3-411f-8c98-c7ed3576de5c@group-EE856C9543A1-LeaderElection220] INFO  impl.RaftServerImpl (RaftServerImpl.java:setRole(184)) - 5c3956af-60d3-411f-8c98-c7ed3576de5c@group-EE856C9543A1: changes role from CANDIDATE to FOLLOWER at term 233 for DISCOVERED_A_NEW_TERM
2019-10-16 21:53:20,856 [5c3956af-60d3-411f-8c98-c7ed3576de5c@group-EE856C9543A1-LeaderElection220] INFO  impl.RoleInfo (RoleInfo.java:shutdownLeaderElection(134)) - 5c3956af-60d3-411f-8c98-c7ed3576de5c: shutdown LeaderElection
2019-10-16 21:53:20,857 [5c3956af-60d3-411f-8c98-c7ed3576de5c@group-EE856C9543A1-LeaderElection220] INFO  impl.RoleInfo (RoleInfo.java:updateAndGet(143)) - 5c3956af-60d3-411f-8c98-c7ed3576de5c: start FollowerState
2019-10-16 21:53:20,956 [Thread-1679] INFO  impl.FollowerState (FollowerState.java:run(108)) - 5c3956af-60d3-411f-8c98-c7ed3576de5c@group-EE856C9543A1-FollowerState: change to CANDIDATE, lastRpcTime:99ms, electionTimeout:99ms
2019-10-16 21:53:20,956 [Thread-1679] INFO  impl.RoleInfo (RoleInfo.java:shutdownFollowerState(121)) - 5c3956af-60d3-411f-8c98-c7ed3576de5c: shutdown FollowerState
2019-10-16 21:53:20,956 [Thread-1679] INFO  impl.RaftServerImpl (RaftServerImpl.java:setRole(184)) - 5c3956af-60d3-411f-8c98-c7ed3576de5c@group-EE856C9543A1: changes role from  FOLLOWER to CANDIDATE at term 233 for changeToCandidate
2019-10-16 21:53:20,956 [Thread-1679] INFO  impl.RoleInfo (RoleInfo.java:updateAndGet(143)) - 5c3956af-60d3-411f-8c98-c7ed3576de5c: start LeaderElection
2019-10-16 21:53:20,970 [5c3956af-60d3-411f-8c98-c7ed3576de5c@group-EE856C9543A1-LeaderElection221] INFO  impl.LeaderElection (LeaderElection.java:askForVotes(178)) - 5c3956af-60d3-411f-8c98-c7ed3576de5c@group-EE856C9543A1-LeaderElection221: begin an election at term 234 for -1: [5c3956af-60d3-411f-8c98-c7ed3576de5c:192.168.34.38:33787, efb933de-cdd8-4d8d-88d2-4c7ffe0dec1a:192.168.34.38:42459, 9d88716d-5d6b-4fd8-b832-a110dc45ee66:192.168.34.38:38211], old=null
2019-10-16 21:53:20,974 [grpc-default-executor-0] INFO  impl.RaftServerImpl (RaftServerImpl.java:setRole(184)) - efb933de-cdd8-4d8d-88d2-4c7ffe0dec1a@group-EE856C9543A1: changes role from  FOLLOWER to FOLLOWER at term 234 for recognizeCandidate:5c3956af-60d3-411f-8c98-c7ed3576de5c
2019-10-16 21:53:20,974 [grpc-default-executor-1] INFO  impl.RaftServerImpl (RaftServerImpl.java:setRole(184)) - 9d88716d-5d6b-4fd8-b832-a110dc45ee66@group-EE856C9543A1: changes role from  FOLLOWER to FOLLOWER at term 234 for recognizeCandidate:5c3956af-60d3-411f-8c98-c7ed3576de5c
2019-10-16 21:53:20,974 [grpc-default-executor-0] INFO  impl.RoleInfo (RoleInfo.java:shutdownFollowerState(121)) - efb933de-cdd8-4d8d-88d2-4c7ffe0dec1a: shutdown FollowerState
2019-10-16 21:53:20,974 [grpc-default-executor-1] INFO  impl.RoleInfo (RoleInfo.java:shutdownFollowerState(121)) - 9d88716d-5d6b-4fd8-b832-a110dc45ee66: shutdown FollowerState
2019-10-16 21:53:20,974 [Thread-1677] INFO  impl.FollowerState (FollowerState.java:run(117)) - efb933de-cdd8-4d8d-88d2-4c7ffe0dec1a@group-EE856C9543A1-FollowerState was interrupted: java.lang.InterruptedException: sleep interrupted
2019-10-16 21:53:20,974 [grpc-default-executor-0] INFO  impl.RoleInfo (RoleInfo.java:updateAndGet(143)) - efb933de-cdd8-4d8d-88d2-4c7ffe0dec1a: start FollowerState
2019-10-16 21:53:20,975 [Thread-1678] INFO  impl.FollowerState (FollowerState.java:run(117)) - 9d88716d-5d6b-4fd8-b832-a110dc45ee66@group-EE856C9543A1-FollowerState was interrupted: java.lang.InterruptedException: sleep interrupted
2019-10-16 21:53:20,975 [grpc-default-executor-1] INFO  impl.RoleInfo (RoleInfo.java:updateAndGet(143)) - 9d88716d-5d6b-4fd8-b832-a110dc45ee66: start FollowerState
2019-10-16 21:53:20,989 [5c3956af-60d3-411f-8c98-c7ed3576de5c@group-EE856C9543A1-LeaderElection221] INFO  impl.LeaderElection (LeaderElection.java:logAndReturn(56)) - 5c3956af-60d3-411f-8c98-c7ed3576de5c@group-EE856C9543A1-LeaderElection221: Election REJECTED; received 2 response(s) [5c3956af-60d3-411f-8c98-c7ed3576de5c<-efb933de-cdd8-4d8d-88d2-4c7ffe0dec1a#0:FAIL-t234, 5c3956af-60d3-411f-8c98-c7ed3576de5c<-9d88716d-5d6b-4fd8-b832-a110dc45ee66#0:FAIL-t234] and 0 exception(s); 5c3956af-60d3-411f-8c98-c7ed3576de5c@group-EE856C9543A1:t234, leader=null, voted=5c3956af-60d3-411f-8c98-c7ed3576de5c, raftlog=5c3956af-60d3-411f-8c98-c7ed3576de5c@group-EE856C9543A1-SegmentedRaftLog:OPENED:c-1,f-1,i0, conf=-1: [5c3956af-60d3-411f-8c98-c7ed3576de5c:192.168.34.38:33787, efb933de-cdd8-4d8d-88d2-4c7ffe0dec1a:192.168.34.38:42459, 9d88716d-5d6b-4fd8-b832-a110dc45ee66:192.168.34.38:38211], old=null
2019-10-16 21:53:20,990 [5c3956af-60d3-411f-8c98-c7ed3576de5c@group-EE856C9543A1-LeaderElection221] INFO  impl.RaftServerImpl (RaftServerImpl.java:setRole(184)) - 5c3956af-60d3-411f-8c98-c7ed3576de5c@group-EE856C9543A1: changes role from CANDIDATE to FOLLOWER at term 234 for DISCOVERED_A_NEW_TERM
2019-10-16 21:53:20,990 [5c3956af-60d3-411f-8c98-c7ed3576de5c@group-EE856C9543A1-LeaderElection221] INFO  impl.RoleInfo (RoleInfo.java:shutdownLeaderElection(134)) - 5c3956af-60d3-411f-8c98-c7ed3576de5c: shutdown LeaderElection
2019-10-16 21:53:20,990 [5c3956af-60d3-411f-8c98-c7ed3576de5c@group-EE856C9543A1-LeaderElection221] INFO  impl.RoleInfo (RoleInfo.java:updateAndGet(143)) - 5c3956af-60d3-411f-8c98-c7ed3576de5c: start FollowerState
2019-10-16 21:53:21,134 [Thread-1685] INFO  impl.FollowerState (FollowerState.java:run(108)) - 5c3956af-60d3-411f-8c98-c7ed3576de5c@group-EE856C9543A1-FollowerState: change to CANDIDATE, lastRpcTime:144ms, electionTimeout:144ms
2019-10-16 21:53:21,135 [Thread-1685] INFO  impl.RoleInfo (RoleInfo.java:shutdownFollowerState(121)) - 5c3956af-60d3-411f-8c98-c7ed3576de5c: shutdown FollowerState
2019-10-16 21:53:21,135 [Thread-1685] INFO  impl.RaftServerImpl (RaftServerImpl.java:setRole(184)) - 5c3956af-60d3-411f-8c98-c7ed3576de5c@group-EE856C9543A1: changes role from  FOLLOWER to CANDIDATE at term 234 for changeToCandidate
2019-10-16 21:53:21,135 [Thread-1685] INFO  impl.RoleInfo (RoleInfo.java:updateAndGet(143)) - 5c3956af-60d3-411f-8c98-c7ed3576de5c: start LeaderElection
2019-10-16 21:53:21,149 [5c3956af-60d3-411f-8c98-c7ed3576de5c@group-EE856C9543A1-LeaderElection222] INFO  impl.LeaderElection (LeaderElection.java:askForVotes(178)) - 5c3956af-60d3-411f-8c98-c7ed3576de5c@group-EE856C9543A1-LeaderElection222: begin an election at term 235 for -1: [5c3956af-60d3-411f-8c98-c7ed3576de5c:192.168.34.38:33787, efb933de-cdd8-4d8d-88d2-4c7ffe0dec1a:192.168.34.38:42459, 9d88716d-5d6b-4fd8-b832-a110dc45ee66:192.168.34.38:38211], old=null
2019-10-16 21:53:21,153 [grpc-default-executor-1] INFO  impl.RaftServerImpl (RaftServerImpl.java:setRole(184)) - efb933de-cdd8-4d8d-88d2-4c7ffe0dec1a@group-EE856C9543A1: changes role from  FOLLOWER to FOLLOWER at term 235 for recognizeCandidate:5c3956af-60d3-411f-8c98-c7ed3576de5c
2019-10-16 21:53:21,153 [grpc-default-executor-0] INFO  impl.RaftServerImpl (RaftServerImpl.java:setRole(184)) - 9d88716d-5d6b-4fd8-b832-a110dc45ee66@group-EE856C9543A1: changes role from  FOLLOWER to FOLLOWER at term 235 for recognizeCandidate:5c3956af-60d3-411f-8c98-c7ed3576de5c
2019-10-16 21:53:21,153 [grpc-default-executor-1] INFO  impl.RoleInfo (RoleInfo.java:shutdownFollowerState(121)) - efb933de-cdd8-4d8d-88d2-4c7ffe0dec1a: shutdown FollowerState
2019-10-16 21:53:21,153 [grpc-default-executor-0] INFO  impl.RoleInfo (RoleInfo.java:shutdownFollowerState(121)) - 9d88716d-5d6b-4fd8-b832-a110dc45ee66: shutdown FollowerState
2019-10-16 21:53:21,154 [Thread-1683] INFO  impl.FollowerState (FollowerState.java:run(117)) - efb933de-cdd8-4d8d-88d2-4c7ffe0dec1a@group-EE856C9543A1-FollowerState was interrupted: java.lang.InterruptedException: sleep interrupted
2019-10-16 21:53:21,154 [grpc-default-executor-1] INFO  impl.RoleInfo (RoleInfo.java:updateAndGet(143)) - efb933de-cdd8-4d8d-88d2-4c7ffe0dec1a: start FollowerState
2019-10-16 21:53:21,154 [Thread-1684] INFO  impl.FollowerState (FollowerState.java:run(117)) - 9d88716d-5d6b-4fd8-b832-a110dc45ee66@group-EE856C9543A1-FollowerState was interrupted: java.lang.InterruptedException: sleep interrupted
2019-10-16 21:53:21,154 [grpc-default-executor-0] INFO  impl.RoleInfo (RoleInfo.java:updateAndGet(143)) - 9d88716d-5d6b-4fd8-b832-a110dc45ee66: start FollowerState
2019-10-16 21:53:21,169 [5c3956af-60d3-411f-8c98-c7ed3576de5c@group-EE856C9543A1-LeaderElection222] INFO  impl.LeaderElection (LeaderElection.java:logAndReturn(56)) - 5c3956af-60d3-411f-8c98-c7ed3576de5c@group-EE856C9543A1-LeaderElection222: Election REJECTED; received 2 response(s) [5c3956af-60d3-411f-8c98-c7ed3576de5c<-efb933de-cdd8-4d8d-88d2-4c7ffe0dec1a#0:FAIL-t235, 5c3956af-60d3-411f-8c98-c7ed3576de5c<-9d88716d-5d6b-4fd8-b832-a110dc45ee66#0:FAIL-t235] and 0 exception(s); 5c3956af-60d3-411f-8c98-c7ed3576de5c@group-EE856C9543A1:t235, leader=null, voted=5c3956af-60d3-411f-8c98-c7ed3576de5c, raftlog=5c3956af-60d3-411f-8c98-c7ed3576de5c@group-EE856C9543A1-SegmentedRaftLog:OPENED:c-1,f-1,i0, conf=-1: [5c3956af-60d3-411f-8c98-c7ed3576de5c:192.168.34.38:33787, efb933de-cdd8-4d8d-88d2-4c7ffe0dec1a:192.168.34.38:42459, 9d88716d-5d6b-4fd8-b832-a110dc45ee66:192.168.34.38:38211], old=null
2019-10-16 21:53:21,169 [5c3956af-60d3-411f-8c98-c7ed3576de5c@group-EE856C9543A1-LeaderElection222] INFO  impl.RaftServerImpl (RaftServerImpl.java:setRole(184)) - 5c3956af-60d3-411f-8c98-c7ed3576de5c@group-EE856C9543A1: changes role from CANDIDATE to FOLLOWER at term 235 for DISCOVERED_A_NEW_TERM
2019-10-16 21:53:21,170 [5c3956af-60d3-411f-8c98-c7ed3576de5c@group-EE856C9543A1-LeaderElection222] INFO  impl.RoleInfo (RoleInfo.java:shutdownLeaderElection(134)) - 5c3956af-60d3-411f-8c98-c7ed3576de5c: shutdown LeaderElection
2019-10-16 21:53:21,170 [5c3956af-60d3-411f-8c98-c7ed3576de5c@group-EE856C9543A1-LeaderElection222] INFO  impl.RoleInfo (RoleInfo.java:updateAndGet(143)) - 5c3956af-60d3-411f-8c98-c7ed3576de5c: start FollowerState
2019-10-16 21:53:21,237 [Thread-1691] INFO  impl.FollowerState (FollowerState.java:run(108)) - 5c3956af-60d3-411f-8c98-c7ed3576de5c@group-EE856C9543A1-FollowerState: change to CANDIDATE, lastRpcTime:67ms, electionTimeout:67ms
2019-10-16 21:53:21,237 [Thread-1691] INFO  impl.RoleInfo (RoleInfo.java:shutdownFollowerState(121)) - 5c3956af-60d3-411f-8c98-c7ed3576de5c: shutdown FollowerState
2019-10-16 21:53:21,237 [Thread-1691] INFO  impl.RaftServerImpl (RaftServerImpl.java:setRole(184)) - 5c3956af-60d3-411f-8c98-c7ed3576de5c@group-EE856C9543A1: changes role from  FOLLOWER to CANDIDATE at term 235 for changeToCandidate
2019-10-16 21:53:21,238 [Thread-1691] INFO  impl.RoleInfo (RoleInfo.java:updateAndGet(143)) - 5c3956af-60d3-411f-8c98-c7ed3576de5c: start LeaderElection
2019-10-16 21:53:21,251 [5c3956af-60d3-411f-8c98-c7ed3576de5c@group-EE856C9543A1-LeaderElection223] INFO  impl.LeaderElection (LeaderElection.java:askForVotes(178)) - 5c3956af-60d3-411f-8c98-c7ed3576de5c@group-EE856C9543A1-LeaderElection223: begin an election at term 236 for -1: [5c3956af-60d3-411f-8c98-c7ed3576de5c:192.168.34.38:33787, efb933de-cdd8-4d8d-88d2-4c7ffe0dec1a:192.168.34.38:42459, 9d88716d-5d6b-4fd8-b832-a110dc45ee66:192.168.34.38:38211], old=null
2019-10-16 21:53:21,254 [grpc-default-executor-0] INFO  impl.RaftServerImpl (RaftServerImpl.java:setRole(184)) - efb933de-cdd8-4d8d-88d2-4c7ffe0dec1a@group-EE856C9543A1: changes role from  FOLLOWER to FOLLOWER at term 236 for recognizeCandidate:5c3956af-60d3-411f-8c98-c7ed3576de5c
2019-10-16 21:53:21,254 [grpc-default-executor-1] INFO  impl.RaftServerImpl (RaftServerImpl.java:setRole(184)) - 9d88716d-5d6b-4fd8-b832-a110dc45ee66@group-EE856C9543A1: changes role from  FOLLOWER to FOLLOWER at term 236 for recognizeCandidate:5c3956af-60d3-411f-8c98-c7ed3576de5c
2019-10-16 21:53:21,254 [grpc-default-executor-0] INFO  impl.RoleInfo (RoleInfo.java:shutdownFollowerState(121)) - efb933de-cdd8-4d8d-88d2-4c7ffe0dec1a: shutdown FollowerState
2019-10-16 21:53:21,255 [grpc-default-executor-1] INFO  impl.RoleInfo (RoleInfo.java:shutdownFollowerState(121)) - 9d88716d-5d6b-4fd8-b832-a110dc45ee66: shutdown FollowerState
2019-10-16 21:53:21,255 [Thread-1689] INFO  impl.FollowerState (FollowerState.java:run(117)) - efb933de-cdd8-4d8d-88d2-4c7ffe0dec1a@group-EE856C9543A1-FollowerState was interrupted: java.lang.InterruptedException: sleep interrupted
2019-10-16 21:53:21,255 [grpc-default-executor-0] INFO  impl.RoleInfo (RoleInfo.java:updateAndGet(143)) - efb933de-cdd8-4d8d-88d2-4c7ffe0dec1a: start FollowerState
2019-10-16 21:53:21,255 [Thread-1690] INFO  impl.FollowerState (FollowerState.java:run(117)) - 9d88716d-5d6b-4fd8-b832-a110dc45ee66@group-EE856C9543A1-FollowerState was interrupted: java.lang.InterruptedException: sleep interrupted
2019-10-16 21:53:21,255 [grpc-default-executor-1] INFO  impl.RoleInfo (RoleInfo.java:updateAndGet(143)) - 9d88716d-5d6b-4fd8-b832-a110dc45ee66: start FollowerState
2019-10-16 21:53:21,271 [5c3956af-60d3-411f-8c98-c7ed3576de5c@group-EE856C9543A1-LeaderElection223] INFO  impl.LeaderElection (LeaderElection.java:logAndReturn(56)) - 5c3956af-60d3-411f-8c98-c7ed3576de5c@group-EE856C9543A1-LeaderElection223: Election REJECTED; received 2 response(s) [5c3956af-60d3-411f-8c98-c7ed3576de5c<-efb933de-cdd8-4d8d-88d2-4c7ffe0dec1a#0:FAIL-t236, 5c3956af-60d3-411f-8c98-c7ed3576de5c<-9d88716d-5d6b-4fd8-b832-a110dc45ee66#0:FAIL-t236] and 0 exception(s); 5c3956af-60d3-411f-8c98-c7ed3576de5c@group-EE856C9543A1:t236, leader=null, voted=5c3956af-60d3-411f-8c98-c7ed3576de5c, raftlog=5c3956af-60d3-411f-8c98-c7ed3576de5c@group-EE856C9543A1-SegmentedRaftLog:OPENED:c-1,f-1,i0, conf=-1: [5c3956af-60d3-411f-8c98-c7ed3576de5c:192.168.34.38:33787, efb933de-cdd8-4d8d-88d2-4c7ffe0dec1a:192.168.34.38:42459, 9d88716d-5d6b-4fd8-b832-a110dc45ee66:192.168.34.38:38211], old=null
2019-10-16 21:53:21,271 [5c3956af-60d3-411f-8c98-c7ed3576de5c@group-EE856C9543A1-LeaderElection223] INFO  impl.RaftServerImpl (RaftServerImpl.java:setRole(184)) - 5c3956af-60d3-411f-8c98-c7ed3576de5c@group-EE856C9543A1: changes role from CANDIDATE to FOLLOWER at term 236 for DISCOVERED_A_NEW_TERM
2019-10-16 21:53:21,271 [5c3956af-60d3-411f-8c98-c7ed3576de5c@group-EE856C9543A1-LeaderElection223] INFO  impl.RoleInfo (RoleInfo.java:shutdownLeaderElection(134)) - 5c3956af-60d3-411f-8c98-c7ed3576de5c: shutdown LeaderElection
2019-10-16 21:53:21,271 [5c3956af-60d3-411f-8c98-c7ed3576de5c@group-EE856C9543A1-LeaderElection223] INFO  impl.RoleInfo (RoleInfo.java:updateAndGet(143)) - 5c3956af-60d3-411f-8c98-c7ed3576de5c: start FollowerState
2019-10-16 21:53:21,280 [Thread-1697] INFO  impl.FollowerState (FollowerState.java:run(108)) - 5c3956af-60d3-411f-8c98-c7ed3576de5c@group-EE856C9543A1-FollowerState: change to CANDIDATE, lastRpcTime:9ms, electionTimeout:9ms
2019-10-16 21:53:21,281 [Thread-1697] INFO  impl.RoleInfo (RoleInfo.java:shutdownFollowerState(121)) - 5c3956af-60d3-411f-8c98-c7ed3576de5c: shutdown FollowerState
2019-10-16 21:53:21,281 [Thread-1697] INFO  impl.RaftServerImpl (RaftServerImpl.java:setRole(184)) - 5c3956af-60d3-411f-8c98-c7ed3576de5c@group-EE856C9543A1: changes role from  FOLLOWER to CANDIDATE at term 236 for changeToCandidate
2019-10-16 21:53:21,281 [Thread-1697] INFO  impl.RoleInfo (RoleInfo.java:updateAndGet(143)) - 5c3956af-60d3-411f-8c98-c7ed3576de5c: start LeaderElection
2019-10-16 21:53:21,295 [5c3956af-60d3-411f-8c98-c7ed3576de5c@group-EE856C9543A1-LeaderElection224] INFO  impl.LeaderElection (LeaderElection.java:askForVotes(178)) - 5c3956af-60d3-411f-8c98-c7ed3576de5c@group-EE856C9543A1-LeaderElection224: begin an election at term 237 for -1: [5c3956af-60d3-411f-8c98-c7ed3576de5c:192.168.34.38:33787, efb933de-cdd8-4d8d-88d2-4c7ffe0dec1a:192.168.34.38:42459, 9d88716d-5d6b-4fd8-b832-a110dc45ee66:192.168.34.38:38211], old=null
2019-10-16 21:53:21,298 [grpc-default-executor-1] INFO  impl.RaftServerImpl (RaftServerImpl.java:setRole(184)) - efb933de-cdd8-4d8d-88d2-4c7ffe0dec1a@group-EE856C9543A1: changes role from  FOLLOWER to FOLLOWER at term 237 for recognizeCandidate:5c3956af-60d3-411f-8c98-c7ed3576de5c
2019-10-16 21:53:21,298 [grpc-default-executor-0] INFO  impl.RaftServerImpl (RaftServerImpl.java:setRole(184)) - 9d88716d-5d6b-4fd8-b832-a110dc45ee66@group-EE856C9543A1: changes role from  FOLLOWER to FOLLOWER at term 237 for recognizeCandidate:5c3956af-60d3-411f-8c98-c7ed3576de5c
2019-10-16 21:53:21,298 [grpc-default-executor-1] INFO  impl.RoleInfo (RoleInfo.java:shutdownFollowerState(121)) - efb933de-cdd8-4d8d-88d2-4c7ffe0dec1a: shutdown FollowerState
2019-10-16 21:53:21,299 [grpc-default-executor-0] INFO  impl.RoleInfo (RoleInfo.java:shutdownFollowerState(121)) - 9d88716d-5d6b-4fd8-b832-a110dc45ee66: shutdown FollowerState
2019-10-16 21:53:21,299 [Thread-1695] INFO  impl.FollowerState (FollowerState.java:run(117)) - efb933de-cdd8-4d8d-88d2-4c7ffe0dec1a@group-EE856C9543A1-FollowerState was interrupted: java.lang.InterruptedException: sleep interrupted
2019-10-16 21:53:21,299 [grpc-default-executor-1] INFO  impl.RoleInfo (RoleInfo.java:updateAndGet(143)) - efb933de-cdd8-4d8d-88d2-4c7ffe0dec1a: start FollowerState
2019-10-16 21:53:21,299 [grpc-default-executor-0] INFO  impl.RoleInfo (RoleInfo.java:updateAndGet(143)) - 9d88716d-5d6b-4fd8-b832-a110dc45ee66: start FollowerState
2019-10-16 21:53:21,299 [Thread-1696] INFO  impl.FollowerState (FollowerState.java:run(117)) - 9d88716d-5d6b-4fd8-b832-a110dc45ee66@group-EE856C9543A1-FollowerState was interrupted: java.lang.InterruptedException: sleep interrupted
2019-10-16 21:53:21,313 [5c3956af-60d3-411f-8c98-c7ed3576de5c@group-EE856C9543A1-LeaderElection224] INFO  impl.LeaderElection (LeaderElection.java:logAndReturn(56)) - 5c3956af-60d3-411f-8c98-c7ed3576de5c@group-EE856C9543A1-LeaderElection224: Election REJECTED; received 2 response(s) [5c3956af-60d3-411f-8c98-c7ed3576de5c<-efb933de-cdd8-4d8d-88d2-4c7ffe0dec1a#0:FAIL-t237, 5c3956af-60d3-411f-8c98-c7ed3576de5c<-9d88716d-5d6b-4fd8-b832-a110dc45ee66#0:FAIL-t237] and 0 exception(s); 5c3956af-60d3-411f-8c98-c7ed3576de5c@group-EE856C9543A1:t237, leader=null, voted=5c3956af-60d3-411f-8c98-c7ed3576de5c, raftlog=5c3956af-60d3-411f-8c98-c7ed3576de5c@group-EE856C9543A1-SegmentedRaftLog:OPENED:c-1,f-1,i0, conf=-1: [5c3956af-60d3-411f-8c98-c7ed3576de5c:192.168.34.38:33787, efb933de-cdd8-4d8d-88d2-4c7ffe0dec1a:192.168.34.38:42459, 9d88716d-5d6b-4fd8-b832-a110dc45ee66:192.168.34.38:38211], old=null
2019-10-16 21:53:21,314 [5c3956af-60d3-411f-8c98-c7ed3576de5c@group-EE856C9543A1-LeaderElection224] INFO  impl.RaftServerImpl (RaftServerImpl.java:setRole(184)) - 5c3956af-60d3-411f-8c98-c7ed3576de5c@group-EE856C9543A1: changes role from CANDIDATE to FOLLOWER at term 237 for DISCOVERED_A_NEW_TERM
2019-10-16 21:53:21,314 [5c3956af-60d3-411f-8c98-c7ed3576de5c@group-EE856C9543A1-LeaderElection224] INFO  impl.RoleInfo (RoleInfo.java:shutdownLeaderElection(134)) - 5c3956af-60d3-411f-8c98-c7ed3576de5c: shutdown LeaderElection
2019-10-16 21:53:21,314 [5c3956af-60d3-411f-8c98-c7ed3576de5c@group-EE856C9543A1-LeaderElection224] INFO  impl.RoleInfo (RoleInfo.java:updateAndGet(143)) - 5c3956af-60d3-411f-8c98-c7ed3576de5c: start FollowerState
2019-10-16 21:53:21,409 [JUnit] INFO  ozone.MiniOzoneClusterImpl (MiniOzoneClusterImpl.java:lambda$waitForClusterToBeReady$2(164)) - Waiting for 1 number of pipelines out of 6, to report a leader.
2019-10-16 21:53:21,486 [Thread-1703] INFO  impl.FollowerState (FollowerState.java:run(108)) - 5c3956af-60d3-411f-8c98-c7ed3576de5c@group-EE856C9543A1-FollowerState: change to CANDIDATE, lastRpcTime:172ms, electionTimeout:172ms
2019-10-16 21:53:21,487 [Thread-1703] INFO  impl.RoleInfo (RoleInfo.java:shutdownFollowerState(121)) - 5c3956af-60d3-411f-8c98-c7ed3576de5c: shutdown FollowerState
2019-10-16 21:53:21,487 [Thread-1703] INFO  impl.RaftServerImpl (RaftServerImpl.java:setRole(184)) - 5c3956af-60d3-411f-8c98-c7ed3576de5c@group-EE856C9543A1: changes role from  FOLLOWER to CANDIDATE at term 237 for changeToCandidate
2019-10-16 21:53:21,487 [Thread-1703] INFO  impl.RoleInfo (RoleInfo.java:updateAndGet(143)) - 5c3956af-60d3-411f-8c98-c7ed3576de5c: start LeaderElection
2019-10-16 21:53:21,502 [5c3956af-60d3-411f-8c98-c7ed3576de5c@group-EE856C9543A1-LeaderElection225] INFO  impl.LeaderElection (LeaderElection.java:askForVotes(178)) - 5c3956af-60d3-411f-8c98-c7ed3576de5c@group-EE856C9543A1-LeaderElection225: begin an election at term 238 for -1: [5c3956af-60d3-411f-8c98-c7ed3576de5c:192.168.34.38:33787, efb933de-cdd8-4d8d-88d2-4c7ffe0dec1a:192.168.34.38:42459, 9d88716d-5d6b-4fd8-b832-a110dc45ee66:192.168.34.38:38211], old=null
2019-10-16 21:53:21,505 [grpc-default-executor-0] INFO  impl.RaftServerImpl (RaftServerImpl.java:setRole(184)) - efb933de-cdd8-4d8d-88d2-4c7ffe0dec1a@group-EE856C9543A1: changes role from  FOLLOWER to FOLLOWER at term 238 for recognizeCandidate:5c3956af-60d3-411f-8c98-c7ed3576de5c
2019-10-16 21:53:21,505 [grpc-default-executor-0] INFO  impl.RoleInfo (RoleInfo.java:shutdownFollowerState(121)) - efb933de-cdd8-4d8d-88d2-4c7ffe0dec1a: shutdown FollowerState
2019-10-16 21:53:21,505 [grpc-default-executor-1] INFO  impl.RaftServerImpl (RaftServerImpl.java:setRole(184)) - 9d88716d-5d6b-4fd8-b832-a110dc45ee66@group-EE856C9543A1: changes role from  FOLLOWER to FOLLOWER at term 238 for recognizeCandidate:5c3956af-60d3-411f-8c98-c7ed3576de5c
2019-10-16 21:53:21,505 [Thread-1701] INFO  impl.FollowerState (FollowerState.java:run(117)) - efb933de-cdd8-4d8d-88d2-4c7ffe0dec1a@group-EE856C9543A1-FollowerState was interrupted: java.lang.InterruptedException: sleep interrupted
2019-10-16 21:53:21,505 [grpc-default-executor-0] INFO  impl.RoleInfo (RoleInfo.java:updateAndGet(143)) - efb933de-cdd8-4d8d-88d2-4c7ffe0dec1a: start FollowerState
2019-10-16 21:53:21,506 [grpc-default-executor-1] INFO  impl.RoleInfo (RoleInfo.java:shutdownFollowerState(121)) - 9d88716d-5d6b-4fd8-b832-a110dc45ee66: shutdown FollowerState
2019-10-16 21:53:21,506 [grpc-default-executor-1] INFO  impl.RoleInfo (RoleInfo.java:updateAndGet(143)) - 9d88716d-5d6b-4fd8-b832-a110dc45ee66: start FollowerState
2019-10-16 21:53:21,506 [Thread-1702] INFO  impl.FollowerState (FollowerState.java:run(117)) - 9d88716d-5d6b-4fd8-b832-a110dc45ee66@group-EE856C9543A1-FollowerState was interrupted: java.lang.InterruptedException: sleep interrupted
2019-10-16 21:53:21,525 [5c3956af-60d3-411f-8c98-c7ed3576de5c@group-EE856C9543A1-LeaderElection225] INFO  impl.LeaderElection (LeaderElection.java:logAndReturn(56)) - 5c3956af-60d3-411f-8c98-c7ed3576de5c@group-EE856C9543A1-LeaderElection225: Election REJECTED; received 2 response(s) [5c3956af-60d3-411f-8c98-c7ed3576de5c<-efb933de-cdd8-4d8d-88d2-4c7ffe0dec1a#0:FAIL-t238, 5c3956af-60d3-411f-8c98-c7ed3576de5c<-9d88716d-5d6b-4fd8-b832-a110dc45ee66#0:FAIL-t238] and 0 exception(s); 5c3956af-60d3-411f-8c98-c7ed3576de5c@group-EE856C9543A1:t238, leader=null, voted=5c3956af-60d3-411f-8c98-c7ed3576de5c, raftlog=5c3956af-60d3-411f-8c98-c7ed3576de5c@group-EE856C9543A1-SegmentedRaftLog:OPENED:c-1,f-1,i0, conf=-1: [5c3956af-60d3-411f-8c98-c7ed3576de5c:192.168.34.38:33787, efb933de-cdd8-4d8d-88d2-4c7ffe0dec1a:192.168.34.38:42459, 9d88716d-5d6b-4fd8-b832-a110dc45ee66:192.168.34.38:38211], old=null
2019-10-16 21:53:21,526 [5c3956af-60d3-411f-8c98-c7ed3576de5c@group-EE856C9543A1-LeaderElection225] INFO  impl.RaftServerImpl (RaftServerImpl.java:setRole(184)) - 5c3956af-60d3-411f-8c98-c7ed3576de5c@group-EE856C9543A1: changes role from CANDIDATE to FOLLOWER at term 238 for DISCOVERED_A_NEW_TERM
2019-10-16 21:53:21,526 [5c3956af-60d3-411f-8c98-c7ed3576de5c@group-EE856C9543A1-LeaderElection225] INFO  impl.RoleInfo (RoleInfo.java:shutdownLeaderElection(134)) - 5c3956af-60d3-411f-8c98-c7ed3576de5c: shutdown LeaderElection
2019-10-16 21:53:21,526 [5c3956af-60d3-411f-8c98-c7ed3576de5c@group-EE856C9543A1-LeaderElection225] INFO  impl.RoleInfo (RoleInfo.java:updateAndGet(143)) - 5c3956af-60d3-411f-8c98-c7ed3576de5c: start FollowerState
2019-10-16 21:53:21,568 [Thread-1709] INFO  impl.FollowerState (FollowerState.java:run(108)) - 5c3956af-60d3-411f-8c98-c7ed3576de5c@group-EE856C9543A1-FollowerState: change to CANDIDATE, lastRpcTime:42ms, electionTimeout:42ms
2019-10-16 21:53:21,569 [Thread-1709] INFO  impl.RoleInfo (RoleInfo.java:shutdownFollowerState(121)) - 5c3956af-60d3-411f-8c98-c7ed3576de5c: shutdown FollowerState
2019-10-16 21:53:21,569 [Thread-1709] INFO  impl.RaftServerImpl (RaftServerImpl.java:setRole(184)) - 5c3956af-60d3-411f-8c98-c7ed3576de5c@group-EE856C9543A1: changes role from  FOLLOWER to CANDIDATE at term 238 for changeToCandidate
2019-10-16 21:53:21,569 [Thread-1709] INFO  impl.RoleInfo (RoleInfo.java:updateAndGet(143)) - 5c3956af-60d3-411f-8c98-c7ed3576de5c: start LeaderElection
2019-10-16 21:53:21,583 [5c3956af-60d3-411f-8c98-c7ed3576de5c@group-EE856C9543A1-LeaderElection226] INFO  impl.LeaderElection (LeaderElection.java:askForVotes(178)) - 5c3956af-60d3-411f-8c98-c7ed3576de5c@group-EE856C9543A1-LeaderElection226: begin an election at term 239 for -1: [5c3956af-60d3-411f-8c98-c7ed3576de5c:192.168.34.38:33787, efb933de-cdd8-4d8d-88d2-4c7ffe0dec1a:192.168.34.38:42459, 9d88716d-5d6b-4fd8-b832-a110dc45ee66:192.168.34.38:38211], old=null
2019-10-16 21:53:21,585 [grpc-default-executor-0] INFO  impl.RaftServerImpl (RaftServerImpl.java:setRole(184)) - 9d88716d-5d6b-4fd8-b832-a110dc45ee66@group-EE856C9543A1: changes role from  FOLLOWER to FOLLOWER at term 239 for recognizeCandidate:5c3956af-60d3-411f-8c98-c7ed3576de5c
2019-10-16 21:53:21,586 [grpc-default-executor-0] INFO  impl.RoleInfo (RoleInfo.java:shutdownFollowerState(121)) - 9d88716d-5d6b-4fd8-b832-a110dc45ee66: shutdown FollowerState
2019-10-16 21:53:21,586 [grpc-default-executor-0] INFO  impl.RoleInfo (RoleInfo.java:updateAndGet(143)) - 9d88716d-5d6b-4fd8-b832-a110dc45ee66: start FollowerState
2019-10-16 21:53:21,586 [Thread-1708] INFO  impl.FollowerState (FollowerState.java:run(117)) - 9d88716d-5d6b-4fd8-b832-a110dc45ee66@group-EE856C9543A1-FollowerState was interrupted: java.lang.InterruptedException: sleep interrupted
2019-10-16 21:53:21,586 [grpc-default-executor-1] INFO  impl.RaftServerImpl (RaftServerImpl.java:setRole(184)) - efb933de-cdd8-4d8d-88d2-4c7ffe0dec1a@group-EE856C9543A1: changes role from  FOLLOWER to FOLLOWER at term 239 for recognizeCandidate:5c3956af-60d3-411f-8c98-c7ed3576de5c
2019-10-16 21:53:21,586 [grpc-default-executor-1] INFO  impl.RoleInfo (RoleInfo.java:shutdownFollowerState(121)) - efb933de-cdd8-4d8d-88d2-4c7ffe0dec1a: shutdown FollowerState
2019-10-16 21:53:21,586 [grpc-default-executor-1] INFO  impl.RoleInfo (RoleInfo.java:updateAndGet(143)) - efb933de-cdd8-4d8d-88d2-4c7ffe0dec1a: start FollowerState
2019-10-16 21:53:21,586 [Thread-1707] INFO  impl.FollowerState (FollowerState.java:run(117)) - efb933de-cdd8-4d8d-88d2-4c7ffe0dec1a@group-EE856C9543A1-FollowerState was interrupted: java.lang.InterruptedException: sleep interrupted
2019-10-16 21:53:21,601 [5c3956af-60d3-411f-8c98-c7ed3576de5c@group-EE856C9543A1-LeaderElection226] INFO  impl.LeaderElection (LeaderElection.java:logAndReturn(56)) - 5c3956af-60d3-411f-8c98-c7ed3576de5c@group-EE856C9543A1-LeaderElection226: Election REJECTED; received 2 response(s) [5c3956af-60d3-411f-8c98-c7ed3576de5c<-efb933de-cdd8-4d8d-88d2-4c7ffe0dec1a#0:FAIL-t239, 5c3956af-60d3-411f-8c98-c7ed3576de5c<-9d88716d-5d6b-4fd8-b832-a110dc45ee66#0:FAIL-t239] and 0 exception(s); 5c3956af-60d3-411f-8c98-c7ed3576de5c@group-EE856C9543A1:t239, leader=null, voted=5c3956af-60d3-411f-8c98-c7ed3576de5c, raftlog=5c3956af-60d3-411f-8c98-c7ed3576de5c@group-EE856C9543A1-SegmentedRaftLog:OPENED:c-1,f-1,i0, conf=-1: [5c3956af-60d3-411f-8c98-c7ed3576de5c:192.168.34.38:33787, efb933de-cdd8-4d8d-88d2-4c7ffe0dec1a:192.168.34.38:42459, 9d88716d-5d6b-4fd8-b832-a110dc45ee66:192.168.34.38:38211], old=null
2019-10-16 21:53:21,601 [5c3956af-60d3-411f-8c98-c7ed3576de5c@group-EE856C9543A1-LeaderElection226] INFO  impl.RaftServerImpl (RaftServerImpl.java:setRole(184)) - 5c3956af-60d3-411f-8c98-c7ed3576de5c@group-EE856C9543A1: changes role from CANDIDATE to FOLLOWER at term 239 for DISCOVERED_A_NEW_TERM
2019-10-16 21:53:21,601 [5c3956af-60d3-411f-8c98-c7ed3576de5c@group-EE856C9543A1-LeaderElection226] INFO  impl.RoleInfo (RoleInfo.java:shutdownLeaderElection(134)) - 5c3956af-60d3-411f-8c98-c7ed3576de5c: shutdown LeaderElection
2019-10-16 21:53:21,601 [5c3956af-60d3-411f-8c98-c7ed3576de5c@group-EE856C9543A1-LeaderElection226] INFO  impl.RoleInfo (RoleInfo.java:updateAndGet(143)) - 5c3956af-60d3-411f-8c98-c7ed3576de5c: start FollowerState
2019-10-16 21:53:21,697 [Thread-1715] INFO  impl.FollowerState (FollowerState.java:run(108)) - 5c3956af-60d3-411f-8c98-c7ed3576de5c@group-EE856C9543A1-FollowerState: change to CANDIDATE, lastRpcTime:96ms, electionTimeout:96ms
2019-10-16 21:53:21,698 [Thread-1715] INFO  impl.RoleInfo (RoleInfo.java:shutdownFollowerState(121)) - 5c3956af-60d3-411f-8c98-c7ed3576de5c: shutdown FollowerState
2019-10-16 21:53:21,698 [Thread-1715] INFO  impl.RaftServerImpl (RaftServerImpl.java:setRole(184)) - 5c3956af-60d3-411f-8c98-c7ed3576de5c@group-EE856C9543A1: changes role from  FOLLOWER to CANDIDATE at term 239 for changeToCandidate
2019-10-16 21:53:21,698 [Thread-1715] INFO  impl.RoleInfo (RoleInfo.java:updateAndGet(143)) - 5c3956af-60d3-411f-8c98-c7ed3576de5c: start LeaderElection
2019-10-16 21:53:21,710 [5c3956af-60d3-411f-8c98-c7ed3576de5c@group-EE856C9543A1-LeaderElection227] INFO  impl.LeaderElection (LeaderElection.java:askForVotes(178)) - 5c3956af-60d3-411f-8c98-c7ed3576de5c@group-EE856C9543A1-LeaderElection227: begin an election at term 240 for -1: [5c3956af-60d3-411f-8c98-c7ed3576de5c:192.168.34.38:33787, efb933de-cdd8-4d8d-88d2-4c7ffe0dec1a:192.168.34.38:42459, 9d88716d-5d6b-4fd8-b832-a110dc45ee66:192.168.34.38:38211], old=null
2019-10-16 21:53:21,713 [grpc-default-executor-0] INFO  impl.RaftServerImpl (RaftServerImpl.java:setRole(184)) - 9d88716d-5d6b-4fd8-b832-a110dc45ee66@group-EE856C9543A1: changes role from  FOLLOWER to FOLLOWER at term 240 for recognizeCandidate:5c3956af-60d3-411f-8c98-c7ed3576de5c
2019-10-16 21:53:21,713 [grpc-default-executor-1] INFO  impl.RaftServerImpl (RaftServerImpl.java:setRole(184)) - efb933de-cdd8-4d8d-88d2-4c7ffe0dec1a@group-EE856C9543A1: changes role from  FOLLOWER to FOLLOWER at term 240 for recognizeCandidate:5c3956af-60d3-411f-8c98-c7ed3576de5c
2019-10-16 21:53:21,713 [grpc-default-executor-1] INFO  impl.RoleInfo (RoleInfo.java:shutdownFollowerState(121)) - efb933de-cdd8-4d8d-88d2-4c7ffe0dec1a: shutdown FollowerState
2019-10-16 21:53:21,713 [grpc-default-executor-0] INFO  impl.RoleInfo (RoleInfo.java:shutdownFollowerState(121)) - 9d88716d-5d6b-4fd8-b832-a110dc45ee66: shutdown FollowerState
2019-10-16 21:53:21,713 [Thread-1714] INFO  impl.FollowerState (FollowerState.java:run(117)) - efb933de-cdd8-4d8d-88d2-4c7ffe0dec1a@group-EE856C9543A1-FollowerState was interrupted: java.lang.InterruptedException: sleep interrupted
2019-10-16 21:53:21,713 [grpc-default-executor-1] INFO  impl.RoleInfo (RoleInfo.java:updateAndGet(143)) - efb933de-cdd8-4d8d-88d2-4c7ffe0dec1a: start FollowerState
2019-10-16 21:53:21,714 [grpc-default-executor-0] INFO  impl.RoleInfo (RoleInfo.java:updateAndGet(143)) - 9d88716d-5d6b-4fd8-b832-a110dc45ee66: start FollowerState
2019-10-16 21:53:21,714 [Thread-1713] INFO  impl.FollowerState (FollowerState.java:run(117)) - 9d88716d-5d6b-4fd8-b832-a110dc45ee66@group-EE856C9543A1-FollowerState was interrupted: java.lang.InterruptedException: sleep interrupted
2019-10-16 21:53:21,728 [5c3956af-60d3-411f-8c98-c7ed3576de5c@group-EE856C9543A1-LeaderElection227] INFO  impl.LeaderElection (LeaderElection.java:logAndReturn(56)) - 5c3956af-60d3-411f-8c98-c7ed3576de5c@group-EE856C9543A1-LeaderElection227: Election REJECTED; received 2 response(s) [5c3956af-60d3-411f-8c98-c7ed3576de5c<-efb933de-cdd8-4d8d-88d2-4c7ffe0dec1a#0:FAIL-t240, 5c3956af-60d3-411f-8c98-c7ed3576de5c<-9d88716d-5d6b-4fd8-b832-a110dc45ee66#0:FAIL-t240] and 0 exception(s); 5c3956af-60d3-411f-8c98-c7ed3576de5c@group-EE856C9543A1:t240, leader=null, voted=5c3956af-60d3-411f-8c98-c7ed3576de5c, raftlog=5c3956af-60d3-411f-8c98-c7ed3576de5c@group-EE856C9543A1-SegmentedRaftLog:OPENED:c-1,f-1,i0, conf=-1: [5c3956af-60d3-411f-8c98-c7ed3576de5c:192.168.34.38:33787, efb933de-cdd8-4d8d-88d2-4c7ffe0dec1a:192.168.34.38:42459, 9d88716d-5d6b-4fd8-b832-a110dc45ee66:192.168.34.38:38211], old=null
2019-10-16 21:53:21,728 [5c3956af-60d3-411f-8c98-c7ed3576de5c@group-EE856C9543A1-LeaderElection227] INFO  impl.RaftServerImpl (RaftServerImpl.java:setRole(184)) - 5c3956af-60d3-411f-8c98-c7ed3576de5c@group-EE856C9543A1: changes role from CANDIDATE to FOLLOWER at term 240 for DISCOVERED_A_NEW_TERM
2019-10-16 21:53:21,729 [5c3956af-60d3-411f-8c98-c7ed3576de5c@group-EE856C9543A1-LeaderElection227] INFO  impl.RoleInfo (RoleInfo.java:shutdownLeaderElection(134)) - 5c3956af-60d3-411f-8c98-c7ed3576de5c: shutdown LeaderElection
2019-10-16 21:53:21,729 [5c3956af-60d3-411f-8c98-c7ed3576de5c@group-EE856C9543A1-LeaderElection227] INFO  impl.RoleInfo (RoleInfo.java:updateAndGet(143)) - 5c3956af-60d3-411f-8c98-c7ed3576de5c: start FollowerState
2019-10-16 21:53:21,887 [Thread-1721] INFO  impl.FollowerState (FollowerState.java:run(108)) - 5c3956af-60d3-411f-8c98-c7ed3576de5c@group-EE856C9543A1-FollowerState: change to CANDIDATE, lastRpcTime:158ms, electionTimeout:158ms
2019-10-16 21:53:21,887 [Thread-1721] INFO  impl.RoleInfo (RoleInfo.java:shutdownFollowerState(121)) - 5c3956af-60d3-411f-8c98-c7ed3576de5c: shutdown FollowerState
2019-10-16 21:53:21,888 [Thread-1721] INFO  impl.RaftServerImpl (RaftServerImpl.java:setRole(184)) - 5c3956af-60d3-411f-8c98-c7ed3576de5c@group-EE856C9543A1: changes role from  FOLLOWER to CANDIDATE at term 240 for changeToCandidate
2019-10-16 21:53:21,888 [Thread-1721] INFO  impl.RoleInfo (RoleInfo.java:updateAndGet(143)) - 5c3956af-60d3-411f-8c98-c7ed3576de5c: start LeaderElection
2019-10-16 21:53:21,954 [5c3956af-60d3-411f-8c98-c7ed3576de5c@group-EE856C9543A1-LeaderElection228] INFO  impl.LeaderElection (LeaderElection.java:askForVotes(178)) - 5c3956af-60d3-411f-8c98-c7ed3576de5c@group-EE856C9543A1-LeaderElection228: begin an election at term 241 for -1: [5c3956af-60d3-411f-8c98-c7ed3576de5c:192.168.34.38:33787, efb933de-cdd8-4d8d-88d2-4c7ffe0dec1a:192.168.34.38:42459, 9d88716d-5d6b-4fd8-b832-a110dc45ee66:192.168.34.38:38211], old=null
2019-10-16 21:53:21,957 [grpc-default-executor-0] INFO  impl.RaftServerImpl (RaftServerImpl.java:setRole(184)) - efb933de-cdd8-4d8d-88d2-4c7ffe0dec1a@group-EE856C9543A1: changes role from  FOLLOWER to FOLLOWER at term 241 for recognizeCandidate:5c3956af-60d3-411f-8c98-c7ed3576de5c
2019-10-16 21:53:21,957 [grpc-default-executor-1] INFO  impl.RaftServerImpl (RaftServerImpl.java:setRole(184)) - 9d88716d-5d6b-4fd8-b832-a110dc45ee66@group-EE856C9543A1: changes role from  FOLLOWER to FOLLOWER at term 241 for recognizeCandidate:5c3956af-60d3-411f-8c98-c7ed3576de5c
2019-10-16 21:53:21,958 [grpc-default-executor-1] INFO  impl.RoleInfo (RoleInfo.java:shutdownFollowerState(121)) - 9d88716d-5d6b-4fd8-b832-a110dc45ee66: shutdown FollowerState
2019-10-16 21:53:21,957 [grpc-default-executor-0] INFO  impl.RoleInfo (RoleInfo.java:shutdownFollowerState(121)) - efb933de-cdd8-4d8d-88d2-4c7ffe0dec1a: shutdown FollowerState
2019-10-16 21:53:21,958 [Thread-1720] INFO  impl.FollowerState (FollowerState.java:run(117)) - 9d88716d-5d6b-4fd8-b832-a110dc45ee66@group-EE856C9543A1-FollowerState was interrupted: java.lang.InterruptedException: sleep interrupted
2019-10-16 21:53:21,958 [grpc-default-executor-1] INFO  impl.RoleInfo (RoleInfo.java:updateAndGet(143)) - 9d88716d-5d6b-4fd8-b832-a110dc45ee66: start FollowerState
2019-10-16 21:53:21,958 [Thread-1719] INFO  impl.FollowerState (FollowerState.java:run(117)) - efb933de-cdd8-4d8d-88d2-4c7ffe0dec1a@group-EE856C9543A1-FollowerState was interrupted: java.lang.InterruptedException: sleep interrupted
2019-10-16 21:53:21,958 [grpc-default-executor-0] INFO  impl.RoleInfo (RoleInfo.java:updateAndGet(143)) - efb933de-cdd8-4d8d-88d2-4c7ffe0dec1a: start FollowerState
2019-10-16 21:53:21,995 [5c3956af-60d3-411f-8c98-c7ed3576de5c@group-EE856C9543A1-LeaderElection228] INFO  impl.LeaderElection (LeaderElection.java:logAndReturn(56)) - 5c3956af-60d3-411f-8c98-c7ed3576de5c@group-EE856C9543A1-LeaderElection228: Election REJECTED; received 2 response(s) [5c3956af-60d3-411f-8c98-c7ed3576de5c<-efb933de-cdd8-4d8d-88d2-4c7ffe0dec1a#0:FAIL-t241, 5c3956af-60d3-411f-8c98-c7ed3576de5c<-9d88716d-5d6b-4fd8-b832-a110dc45ee66#0:FAIL-t241] and 0 exception(s); 5c3956af-60d3-411f-8c98-c7ed3576de5c@group-EE856C9543A1:t241, leader=null, voted=5c3956af-60d3-411f-8c98-c7ed3576de5c, raftlog=5c3956af-60d3-411f-8c98-c7ed3576de5c@group-EE856C9543A1-SegmentedRaftLog:OPENED:c-1,f-1,i0, conf=-1: [5c3956af-60d3-411f-8c98-c7ed3576de5c:192.168.34.38:33787, efb933de-cdd8-4d8d-88d2-4c7ffe0dec1a:192.168.34.38:42459, 9d88716d-5d6b-4fd8-b832-a110dc45ee66:192.168.34.38:38211], old=null
2019-10-16 21:53:21,995 [5c3956af-60d3-411f-8c98-c7ed3576de5c@group-EE856C9543A1-LeaderElection228] INFO  impl.RaftServerImpl (RaftServerImpl.java:setRole(184)) - 5c3956af-60d3-411f-8c98-c7ed3576de5c@group-EE856C9543A1: changes role from CANDIDATE to FOLLOWER at term 241 for DISCOVERED_A_NEW_TERM
2019-10-16 21:53:21,996 [5c3956af-60d3-411f-8c98-c7ed3576de5c@group-EE856C9543A1-LeaderElection228] INFO  impl.RoleInfo (RoleInfo.java:shutdownLeaderElection(134)) - 5c3956af-60d3-411f-8c98-c7ed3576de5c: shutdown LeaderElection
2019-10-16 21:53:21,996 [5c3956af-60d3-411f-8c98-c7ed3576de5c@group-EE856C9543A1-LeaderElection228] INFO  impl.RoleInfo (RoleInfo.java:updateAndGet(143)) - 5c3956af-60d3-411f-8c98-c7ed3576de5c: start FollowerState
2019-10-16 21:53:22,154 [Thread-1727] INFO  impl.FollowerState (FollowerState.java:run(108)) - 5c3956af-60d3-411f-8c98-c7ed3576de5c@group-EE856C9543A1-FollowerState: change to CANDIDATE, lastRpcTime:158ms, electionTimeout:158ms
2019-10-16 21:53:22,154 [Thread-1727] INFO  impl.RoleInfo (RoleInfo.java:shutdownFollowerState(121)) - 5c3956af-60d3-411f-8c98-c7ed3576de5c: shutdown FollowerState
2019-10-16 21:53:22,155 [Thread-1727] INFO  impl.RaftServerImpl (RaftServerImpl.java:setRole(184)) - 5c3956af-60d3-411f-8c98-c7ed3576de5c@group-EE856C9543A1: changes role from  FOLLOWER to CANDIDATE at term 241 for changeToCandidate
2019-10-16 21:53:22,155 [Thread-1727] INFO  impl.RoleInfo (RoleInfo.java:updateAndGet(143)) - 5c3956af-60d3-411f-8c98-c7ed3576de5c: start LeaderElection
2019-10-16 21:53:22,180 [5c3956af-60d3-411f-8c98-c7ed3576de5c@group-EE856C9543A1-LeaderElection229] INFO  impl.LeaderElection (LeaderElection.java:askForVotes(178)) - 5c3956af-60d3-411f-8c98-c7ed3576de5c@group-EE856C9543A1-LeaderElection229: begin an election at term 242 for -1: [5c3956af-60d3-411f-8c98-c7ed3576de5c:192.168.34.38:33787, efb933de-cdd8-4d8d-88d2-4c7ffe0dec1a:192.168.34.38:42459, 9d88716d-5d6b-4fd8-b832-a110dc45ee66:192.168.34.38:38211], old=null
2019-10-16 21:53:22,183 [grpc-default-executor-1] INFO  impl.RaftServerImpl (RaftServerImpl.java:setRole(184)) - efb933de-cdd8-4d8d-88d2-4c7ffe0dec1a@group-EE856C9543A1: changes role from  FOLLOWER to FOLLOWER at term 242 for recognizeCandidate:5c3956af-60d3-411f-8c98-c7ed3576de5c
2019-10-16 21:53:22,183 [grpc-default-executor-0] INFO  impl.RaftServerImpl (RaftServerImpl.java:setRole(184)) - 9d88716d-5d6b-4fd8-b832-a110dc45ee66@group-EE856C9543A1: changes role from  FOLLOWER to FOLLOWER at term 242 for recognizeCandidate:5c3956af-60d3-411f-8c98-c7ed3576de5c
2019-10-16 21:53:22,183 [grpc-default-executor-1] INFO  impl.RoleInfo (RoleInfo.java:shutdownFollowerState(121)) - efb933de-cdd8-4d8d-88d2-4c7ffe0dec1a: shutdown FollowerState
2019-10-16 21:53:22,184 [grpc-default-executor-0] INFO  impl.RoleInfo (RoleInfo.java:shutdownFollowerState(121)) - 9d88716d-5d6b-4fd8-b832-a110dc45ee66: shutdown FollowerState
2019-10-16 21:53:22,184 [Thread-1726] INFO  impl.FollowerState (FollowerState.java:run(117)) - efb933de-cdd8-4d8d-88d2-4c7ffe0dec1a@group-EE856C9543A1-FollowerState was interrupted: java.lang.InterruptedException: sleep interrupted
2019-10-16 21:53:22,184 [grpc-default-executor-1] INFO  impl.RoleInfo (RoleInfo.java:updateAndGet(143)) - efb933de-cdd8-4d8d-88d2-4c7ffe0dec1a: start FollowerState
2019-10-16 21:53:22,184 [Thread-1725] INFO  impl.FollowerState (FollowerState.java:run(117)) - 9d88716d-5d6b-4fd8-b832-a110dc45ee66@group-EE856C9543A1-FollowerState was interrupted: java.lang.InterruptedException: sleep interrupted
2019-10-16 21:53:22,184 [grpc-default-executor-0] INFO  impl.RoleInfo (RoleInfo.java:updateAndGet(143)) - 9d88716d-5d6b-4fd8-b832-a110dc45ee66: start FollowerState
2019-10-16 21:53:22,198 [5c3956af-60d3-411f-8c98-c7ed3576de5c@group-EE856C9543A1-LeaderElection229] INFO  impl.LeaderElection (LeaderElection.java:logAndReturn(56)) - 5c3956af-60d3-411f-8c98-c7ed3576de5c@group-EE856C9543A1-LeaderElection229: Election REJECTED; received 2 response(s) [5c3956af-60d3-411f-8c98-c7ed3576de5c<-efb933de-cdd8-4d8d-88d2-4c7ffe0dec1a#0:FAIL-t242, 5c3956af-60d3-411f-8c98-c7ed3576de5c<-9d88716d-5d6b-4fd8-b832-a110dc45ee66#0:FAIL-t242] and 0 exception(s); 5c3956af-60d3-411f-8c98-c7ed3576de5c@group-EE856C9543A1:t242, leader=null, voted=5c3956af-60d3-411f-8c98-c7ed3576de5c, raftlog=5c3956af-60d3-411f-8c98-c7ed3576de5c@group-EE856C9543A1-SegmentedRaftLog:OPENED:c-1,f-1,i0, conf=-1: [5c3956af-60d3-411f-8c98-c7ed3576de5c:192.168.34.38:33787, efb933de-cdd8-4d8d-88d2-4c7ffe0dec1a:192.168.34.38:42459, 9d88716d-5d6b-4fd8-b832-a110dc45ee66:192.168.34.38:38211], old=null
2019-10-16 21:53:22,198 [5c3956af-60d3-411f-8c98-c7ed3576de5c@group-EE856C9543A1-LeaderElection229] INFO  impl.RaftServerImpl (RaftServerImpl.java:setRole(184)) - 5c3956af-60d3-411f-8c98-c7ed3576de5c@group-EE856C9543A1: changes role from CANDIDATE to FOLLOWER at term 242 for DISCOVERED_A_NEW_TERM
2019-10-16 21:53:22,198 [5c3956af-60d3-411f-8c98-c7ed3576de5c@group-EE856C9543A1-LeaderElection229] INFO  impl.RoleInfo (RoleInfo.java:shutdownLeaderElection(134)) - 5c3956af-60d3-411f-8c98-c7ed3576de5c: shutdown LeaderElection
2019-10-16 21:53:22,199 [5c3956af-60d3-411f-8c98-c7ed3576de5c@group-EE856C9543A1-LeaderElection229] INFO  impl.RoleInfo (RoleInfo.java:updateAndGet(143)) - 5c3956af-60d3-411f-8c98-c7ed3576de5c: start FollowerState
2019-10-16 21:53:22,389 [Thread-1733] INFO  impl.FollowerState (FollowerState.java:run(108)) - 5c3956af-60d3-411f-8c98-c7ed3576de5c@group-EE856C9543A1-FollowerState: change to CANDIDATE, lastRpcTime:190ms, electionTimeout:190ms
2019-10-16 21:53:22,389 [Thread-1733] INFO  impl.RoleInfo (RoleInfo.java:shutdownFollowerState(121)) - 5c3956af-60d3-411f-8c98-c7ed3576de5c: shutdown FollowerState
2019-10-16 21:53:22,389 [Thread-1733] INFO  impl.RaftServerImpl (RaftServerImpl.java:setRole(184)) - 5c3956af-60d3-411f-8c98-c7ed3576de5c@group-EE856C9543A1: changes role from  FOLLOWER to CANDIDATE at term 242 for changeToCandidate
2019-10-16 21:53:22,389 [Thread-1733] INFO  impl.RoleInfo (RoleInfo.java:updateAndGet(143)) - 5c3956af-60d3-411f-8c98-c7ed3576de5c: start LeaderElection
2019-10-16 21:53:22,404 [5c3956af-60d3-411f-8c98-c7ed3576de5c@group-EE856C9543A1-LeaderElection230] INFO  impl.LeaderElection (LeaderElection.java:askForVotes(178)) - 5c3956af-60d3-411f-8c98-c7ed3576de5c@group-EE856C9543A1-LeaderElection230: begin an election at term 243 for -1: [5c3956af-60d3-411f-8c98-c7ed3576de5c:192.168.34.38:33787, efb933de-cdd8-4d8d-88d2-4c7ffe0dec1a:192.168.34.38:42459, 9d88716d-5d6b-4fd8-b832-a110dc45ee66:192.168.34.38:38211], old=null
2019-10-16 21:53:22,407 [grpc-default-executor-0] INFO  impl.RaftServerImpl (RaftServerImpl.java:setRole(184)) - 9d88716d-5d6b-4fd8-b832-a110dc45ee66@group-EE856C9543A1: changes role from  FOLLOWER to FOLLOWER at term 243 for recognizeCandidate:5c3956af-60d3-411f-8c98-c7ed3576de5c
2019-10-16 21:53:22,407 [grpc-default-executor-0] INFO  impl.RoleInfo (RoleInfo.java:shutdownFollowerState(121)) - 9d88716d-5d6b-4fd8-b832-a110dc45ee66: shutdown FollowerState
2019-10-16 21:53:22,407 [grpc-default-executor-0] INFO  impl.RoleInfo (RoleInfo.java:updateAndGet(143)) - 9d88716d-5d6b-4fd8-b832-a110dc45ee66: start FollowerState
2019-10-16 21:53:22,407 [Thread-1732] INFO  impl.FollowerState (FollowerState.java:run(117)) - 9d88716d-5d6b-4fd8-b832-a110dc45ee66@group-EE856C9543A1-FollowerState was interrupted: java.lang.InterruptedException: sleep interrupted
2019-10-16 21:53:22,411 [JUnit] INFO  ozone.MiniOzoneClusterImpl (MiniOzoneClusterImpl.java:lambda$waitForClusterToBeReady$2(164)) - Waiting for 1 number of pipelines out of 6, to report a leader.
2019-10-16 21:53:22,412 [grpc-default-executor-1] INFO  impl.RaftServerImpl (RaftServerImpl.java:setRole(184)) - efb933de-cdd8-4d8d-88d2-4c7ffe0dec1a@group-EE856C9543A1: changes role from  FOLLOWER to FOLLOWER at term 243 for recognizeCandidate:5c3956af-60d3-411f-8c98-c7ed3576de5c
2019-10-16 21:53:22,412 [grpc-default-executor-1] INFO  impl.RoleInfo (RoleInfo.java:shutdownFollowerState(121)) - efb933de-cdd8-4d8d-88d2-4c7ffe0dec1a: shutdown FollowerState
2019-10-16 21:53:22,412 [grpc-default-executor-1] INFO  impl.RoleInfo (RoleInfo.java:updateAndGet(143)) - efb933de-cdd8-4d8d-88d2-4c7ffe0dec1a: start FollowerState
2019-10-16 21:53:22,412 [Thread-1731] INFO  impl.FollowerState (FollowerState.java:run(117)) - efb933de-cdd8-4d8d-88d2-4c7ffe0dec1a@group-EE856C9543A1-FollowerState was interrupted: java.lang.InterruptedException: sleep interrupted
2019-10-16 21:53:22,426 [5c3956af-60d3-411f-8c98-c7ed3576de5c@group-EE856C9543A1-LeaderElection230] INFO  impl.LeaderElection (LeaderElection.java:logAndReturn(56)) - 5c3956af-60d3-411f-8c98-c7ed3576de5c@group-EE856C9543A1-LeaderElection230: Election REJECTED; received 2 response(s) [5c3956af-60d3-411f-8c98-c7ed3576de5c<-efb933de-cdd8-4d8d-88d2-4c7ffe0dec1a#0:FAIL-t243, 5c3956af-60d3-411f-8c98-c7ed3576de5c<-9d88716d-5d6b-4fd8-b832-a110dc45ee66#0:FAIL-t243] and 0 exception(s); 5c3956af-60d3-411f-8c98-c7ed3576de5c@group-EE856C9543A1:t243, leader=null, voted=5c3956af-60d3-411f-8c98-c7ed3576de5c, raftlog=5c3956af-60d3-411f-8c98-c7ed3576de5c@group-EE856C9543A1-SegmentedRaftLog:OPENED:c-1,f-1,i0, conf=-1: [5c3956af-60d3-411f-8c98-c7ed3576de5c:192.168.34.38:33787, efb933de-cdd8-4d8d-88d2-4c7ffe0dec1a:192.168.34.38:42459, 9d88716d-5d6b-4fd8-b832-a110dc45ee66:192.168.34.38:38211], old=null
2019-10-16 21:53:22,426 [5c3956af-60d3-411f-8c98-c7ed3576de5c@group-EE856C9543A1-LeaderElection230] INFO  impl.RaftServerImpl (RaftServerImpl.java:setRole(184)) - 5c3956af-60d3-411f-8c98-c7ed3576de5c@group-EE856C9543A1: changes role from CANDIDATE to FOLLOWER at term 243 for DISCOVERED_A_NEW_TERM
2019-10-16 21:53:22,426 [5c3956af-60d3-411f-8c98-c7ed3576de5c@group-EE856C9543A1-LeaderElection230] INFO  impl.RoleInfo (RoleInfo.java:shutdownLeaderElection(134)) - 5c3956af-60d3-411f-8c98-c7ed3576de5c: shutdown LeaderElection
2019-10-16 21:53:22,426 [5c3956af-60d3-411f-8c98-c7ed3576de5c@group-EE856C9543A1-LeaderElection230] INFO  impl.RoleInfo (RoleInfo.java:updateAndGet(143)) - 5c3956af-60d3-411f-8c98-c7ed3576de5c: start FollowerState
2019-10-16 21:53:22,447 [Thread-1739] INFO  impl.FollowerState (FollowerState.java:run(108)) - 5c3956af-60d3-411f-8c98-c7ed3576de5c@group-EE856C9543A1-FollowerState: change to CANDIDATE, lastRpcTime:20ms, electionTimeout:20ms
2019-10-16 21:53:22,447 [Thread-1739] INFO  impl.RoleInfo (RoleInfo.java:shutdownFollowerState(121)) - 5c3956af-60d3-411f-8c98-c7ed3576de5c: shutdown FollowerState
2019-10-16 21:53:22,447 [Thread-1739] INFO  impl.RaftServerImpl (RaftServerImpl.java:setRole(184)) - 5c3956af-60d3-411f-8c98-c7ed3576de5c@group-EE856C9543A1: changes role from  FOLLOWER to CANDIDATE at term 243 for changeToCandidate
2019-10-16 21:53:22,447 [Thread-1739] INFO  impl.RoleInfo (RoleInfo.java:updateAndGet(143)) - 5c3956af-60d3-411f-8c98-c7ed3576de5c: start LeaderElection
2019-10-16 21:53:22,460 [5c3956af-60d3-411f-8c98-c7ed3576de5c@group-EE856C9543A1-LeaderElection231] INFO  impl.LeaderElection (LeaderElection.java:askForVotes(178)) - 5c3956af-60d3-411f-8c98-c7ed3576de5c@group-EE856C9543A1-LeaderElection231: begin an election at term 244 for -1: [5c3956af-60d3-411f-8c98-c7ed3576de5c:192.168.34.38:33787, efb933de-cdd8-4d8d-88d2-4c7ffe0dec1a:192.168.34.38:42459, 9d88716d-5d6b-4fd8-b832-a110dc45ee66:192.168.34.38:38211], old=null
2019-10-16 21:53:22,463 [grpc-default-executor-1] INFO  impl.RaftServerImpl (RaftServerImpl.java:setRole(184)) - 9d88716d-5d6b-4fd8-b832-a110dc45ee66@group-EE856C9543A1: changes role from  FOLLOWER to FOLLOWER at term 244 for recognizeCandidate:5c3956af-60d3-411f-8c98-c7ed3576de5c
2019-10-16 21:53:22,463 [grpc-default-executor-1] INFO  impl.RoleInfo (RoleInfo.java:shutdownFollowerState(121)) - 9d88716d-5d6b-4fd8-b832-a110dc45ee66: shutdown FollowerState
2019-10-16 21:53:22,463 [grpc-default-executor-0] INFO  impl.RaftServerImpl (RaftServerImpl.java:setRole(184)) - efb933de-cdd8-4d8d-88d2-4c7ffe0dec1a@group-EE856C9543A1: changes role from  FOLLOWER to FOLLOWER at term 244 for recognizeCandidate:5c3956af-60d3-411f-8c98-c7ed3576de5c
2019-10-16 21:53:22,463 [Thread-1737] INFO  impl.FollowerState (FollowerState.java:run(117)) - 9d88716d-5d6b-4fd8-b832-a110dc45ee66@group-EE856C9543A1-FollowerState was interrupted: java.lang.InterruptedException: sleep interrupted
2019-10-16 21:53:22,463 [grpc-default-executor-1] INFO  impl.RoleInfo (RoleInfo.java:updateAndGet(143)) - 9d88716d-5d6b-4fd8-b832-a110dc45ee66: start FollowerState
2019-10-16 21:53:22,463 [grpc-default-executor-0] INFO  impl.RoleInfo (RoleInfo.java:shutdownFollowerState(121)) - efb933de-cdd8-4d8d-88d2-4c7ffe0dec1a: shutdown FollowerState
2019-10-16 21:53:22,464 [grpc-default-executor-0] INFO  impl.RoleInfo (RoleInfo.java:updateAndGet(143)) - efb933de-cdd8-4d8d-88d2-4c7ffe0dec1a: start FollowerState
2019-10-16 21:53:22,464 [Thread-1738] INFO  impl.FollowerState (FollowerState.java:run(117)) - efb933de-cdd8-4d8d-88d2-4c7ffe0dec1a@group-EE856C9543A1-FollowerState was interrupted: java.lang.InterruptedException: sleep interrupted
2019-10-16 21:53:22,478 [5c3956af-60d3-411f-8c98-c7ed3576de5c@group-EE856C9543A1-LeaderElection231] INFO  impl.LeaderElection (LeaderElection.java:logAndReturn(56)) - 5c3956af-60d3-411f-8c98-c7ed3576de5c@group-EE856C9543A1-LeaderElection231: Election REJECTED; received 2 response(s) [5c3956af-60d3-411f-8c98-c7ed3576de5c<-efb933de-cdd8-4d8d-88d2-4c7ffe0dec1a#0:FAIL-t244, 5c3956af-60d3-411f-8c98-c7ed3576de5c<-9d88716d-5d6b-4fd8-b832-a110dc45ee66#0:FAIL-t244] and 0 exception(s); 5c3956af-60d3-411f-8c98-c7ed3576de5c@group-EE856C9543A1:t244, leader=null, voted=5c3956af-60d3-411f-8c98-c7ed3576de5c, raftlog=5c3956af-60d3-411f-8c98-c7ed3576de5c@group-EE856C9543A1-SegmentedRaftLog:OPENED:c-1,f-1,i0, conf=-1: [5c3956af-60d3-411f-8c98-c7ed3576de5c:192.168.34.38:33787, efb933de-cdd8-4d8d-88d2-4c7ffe0dec1a:192.168.34.38:42459, 9d88716d-5d6b-4fd8-b832-a110dc45ee66:192.168.34.38:38211], old=null
2019-10-16 21:53:22,478 [5c3956af-60d3-411f-8c98-c7ed3576de5c@group-EE856C9543A1-LeaderElection231] INFO  impl.RaftServerImpl (RaftServerImpl.java:setRole(184)) - 5c3956af-60d3-411f-8c98-c7ed3576de5c@group-EE856C9543A1: changes role from CANDIDATE to FOLLOWER at term 244 for DISCOVERED_A_NEW_TERM
2019-10-16 21:53:22,478 [5c3956af-60d3-411f-8c98-c7ed3576de5c@group-EE856C9543A1-LeaderElection231] INFO  impl.RoleInfo (RoleInfo.java:shutdownLeaderElection(134)) - 5c3956af-60d3-411f-8c98-c7ed3576de5c: shutdown LeaderElection
2019-10-16 21:53:22,478 [5c3956af-60d3-411f-8c98-c7ed3576de5c@group-EE856C9543A1-LeaderElection231] INFO  impl.RoleInfo (RoleInfo.java:updateAndGet(143)) - 5c3956af-60d3-411f-8c98-c7ed3576de5c: start FollowerState
2019-10-16 21:53:22,617 [Thread-1745] INFO  impl.FollowerState (FollowerState.java:run(108)) - 5c3956af-60d3-411f-8c98-c7ed3576de5c@group-EE856C9543A1-FollowerState: change to CANDIDATE, lastRpcTime:138ms, electionTimeout:138ms
2019-10-16 21:53:22,617 [Thread-1745] INFO  impl.RoleInfo (RoleInfo.java:shutdownFollowerState(121)) - 5c3956af-60d3-411f-8c98-c7ed3576de5c: shutdown FollowerState
2019-10-16 21:53:22,617 [Thread-1745] INFO  impl.RaftServerImpl (RaftServerImpl.java:setRole(184)) - 5c3956af-60d3-411f-8c98-c7ed3576de5c@group-EE856C9543A1: changes role from  FOLLOWER to CANDIDATE at term 244 for changeToCandidate
2019-10-16 21:53:22,617 [Thread-1745] INFO  impl.RoleInfo (RoleInfo.java:updateAndGet(143)) - 5c3956af-60d3-411f-8c98-c7ed3576de5c: start LeaderElection
2019-10-16 21:53:22,631 [5c3956af-60d3-411f-8c98-c7ed3576de5c@group-EE856C9543A1-LeaderElection232] INFO  impl.LeaderElection (LeaderElection.java:askForVotes(178)) - 5c3956af-60d3-411f-8c98-c7ed3576de5c@group-EE856C9543A1-LeaderElection232: begin an election at term 245 for -1: [5c3956af-60d3-411f-8c98-c7ed3576de5c:192.168.34.38:33787, efb933de-cdd8-4d8d-88d2-4c7ffe0dec1a:192.168.34.38:42459, 9d88716d-5d6b-4fd8-b832-a110dc45ee66:192.168.34.38:38211], old=null
2019-10-16 21:53:22,634 [grpc-default-executor-1] INFO  impl.RaftServerImpl (RaftServerImpl.java:setRole(184)) - 9d88716d-5d6b-4fd8-b832-a110dc45ee66@group-EE856C9543A1: changes role from  FOLLOWER to FOLLOWER at term 245 for recognizeCandidate:5c3956af-60d3-411f-8c98-c7ed3576de5c
2019-10-16 21:53:22,635 [grpc-default-executor-1] INFO  impl.RoleInfo (RoleInfo.java:shutdownFollowerState(121)) - 9d88716d-5d6b-4fd8-b832-a110dc45ee66: shutdown FollowerState
2019-10-16 21:53:22,634 [grpc-default-executor-0] INFO  impl.RaftServerImpl (RaftServerImpl.java:setRole(184)) - efb933de-cdd8-4d8d-88d2-4c7ffe0dec1a@group-EE856C9543A1: changes role from  FOLLOWER to FOLLOWER at term 245 for recognizeCandidate:5c3956af-60d3-411f-8c98-c7ed3576de5c
2019-10-16 21:53:22,635 [grpc-default-executor-0] INFO  impl.RoleInfo (RoleInfo.java:shutdownFollowerState(121)) - efb933de-cdd8-4d8d-88d2-4c7ffe0dec1a: shutdown FollowerState
2019-10-16 21:53:22,635 [Thread-1743] INFO  impl.FollowerState (FollowerState.java:run(117)) - 9d88716d-5d6b-4fd8-b832-a110dc45ee66@group-EE856C9543A1-FollowerState was interrupted: java.lang.InterruptedException: sleep interrupted
2019-10-16 21:53:22,635 [grpc-default-executor-1] INFO  impl.RoleInfo (RoleInfo.java:updateAndGet(143)) - 9d88716d-5d6b-4fd8-b832-a110dc45ee66: start FollowerState
2019-10-16 21:53:22,635 [grpc-default-executor-0] INFO  impl.RoleInfo (RoleInfo.java:updateAndGet(143)) - efb933de-cdd8-4d8d-88d2-4c7ffe0dec1a: start FollowerState
2019-10-16 21:53:22,635 [Thread-1744] INFO  impl.FollowerState (FollowerState.java:run(117)) - efb933de-cdd8-4d8d-88d2-4c7ffe0dec1a@group-EE856C9543A1-FollowerState was interrupted: java.lang.InterruptedException: sleep interrupted
2019-10-16 21:53:22,650 [5c3956af-60d3-411f-8c98-c7ed3576de5c@group-EE856C9543A1-LeaderElection232] INFO  impl.LeaderElection (LeaderElection.java:logAndReturn(56)) - 5c3956af-60d3-411f-8c98-c7ed3576de5c@group-EE856C9543A1-LeaderElection232: Election REJECTED; received 2 response(s) [5c3956af-60d3-411f-8c98-c7ed3576de5c<-efb933de-cdd8-4d8d-88d2-4c7ffe0dec1a#0:FAIL-t245, 5c3956af-60d3-411f-8c98-c7ed3576de5c<-9d88716d-5d6b-4fd8-b832-a110dc45ee66#0:FAIL-t245] and 0 exception(s); 5c3956af-60d3-411f-8c98-c7ed3576de5c@group-EE856C9543A1:t245, leader=null, voted=5c3956af-60d3-411f-8c98-c7ed3576de5c, raftlog=5c3956af-60d3-411f-8c98-c7ed3576de5c@group-EE856C9543A1-SegmentedRaftLog:OPENED:c-1,f-1,i0, conf=-1: [5c3956af-60d3-411f-8c98-c7ed3576de5c:192.168.34.38:33787, efb933de-cdd8-4d8d-88d2-4c7ffe0dec1a:192.168.34.38:42459, 9d88716d-5d6b-4fd8-b832-a110dc45ee66:192.168.34.38:38211], old=null
2019-10-16 21:53:22,651 [5c3956af-60d3-411f-8c98-c7ed3576de5c@group-EE856C9543A1-LeaderElection232] INFO  impl.RaftServerImpl (RaftServerImpl.java:setRole(184)) - 5c3956af-60d3-411f-8c98-c7ed3576de5c@group-EE856C9543A1: changes role from CANDIDATE to FOLLOWER at term 245 for DISCOVERED_A_NEW_TERM
2019-10-16 21:53:22,651 [5c3956af-60d3-411f-8c98-c7ed3576de5c@group-EE856C9543A1-LeaderElection232] INFO  impl.RoleInfo (RoleInfo.java:shutdownLeaderElection(134)) - 5c3956af-60d3-411f-8c98-c7ed3576de5c: shutdown LeaderElection
2019-10-16 21:53:22,651 [5c3956af-60d3-411f-8c98-c7ed3576de5c@group-EE856C9543A1-LeaderElection232] INFO  impl.RoleInfo (RoleInfo.java:updateAndGet(143)) - 5c3956af-60d3-411f-8c98-c7ed3576de5c: start FollowerState
2019-10-16 21:53:22,684 [Thread-1751] INFO  impl.FollowerState (FollowerState.java:run(108)) - 5c3956af-60d3-411f-8c98-c7ed3576de5c@group-EE856C9543A1-FollowerState: change to CANDIDATE, lastRpcTime:33ms, electionTimeout:33ms
2019-10-16 21:53:22,685 [Thread-1751] INFO  impl.RoleInfo (RoleInfo.java:shutdownFollowerState(121)) - 5c3956af-60d3-411f-8c98-c7ed3576de5c: shutdown FollowerState
2019-10-16 21:53:22,685 [Thread-1751] INFO  impl.RaftServerImpl (RaftServerImpl.java:setRole(184)) - 5c3956af-60d3-411f-8c98-c7ed3576de5c@group-EE856C9543A1: changes role from  FOLLOWER to CANDIDATE at term 245 for changeToCandidate
2019-10-16 21:53:22,685 [Thread-1751] INFO  impl.RoleInfo (RoleInfo.java:updateAndGet(143)) - 5c3956af-60d3-411f-8c98-c7ed3576de5c: start LeaderElection
2019-10-16 21:53:22,699 [5c3956af-60d3-411f-8c98-c7ed3576de5c@group-EE856C9543A1-LeaderElection233] INFO  impl.LeaderElection (LeaderElection.java:askForVotes(178)) - 5c3956af-60d3-411f-8c98-c7ed3576de5c@group-EE856C9543A1-LeaderElection233: begin an election at term 246 for -1: [5c3956af-60d3-411f-8c98-c7ed3576de5c:192.168.34.38:33787, efb933de-cdd8-4d8d-88d2-4c7ffe0dec1a:192.168.34.38:42459, 9d88716d-5d6b-4fd8-b832-a110dc45ee66:192.168.34.38:38211], old=null
2019-10-16 21:53:22,702 [grpc-default-executor-0] INFO  impl.RaftServerImpl (RaftServerImpl.java:setRole(184)) - efb933de-cdd8-4d8d-88d2-4c7ffe0dec1a@group-EE856C9543A1: changes role from  FOLLOWER to FOLLOWER at term 246 for recognizeCandidate:5c3956af-60d3-411f-8c98-c7ed3576de5c
2019-10-16 21:53:22,702 [grpc-default-executor-0] INFO  impl.RoleInfo (RoleInfo.java:shutdownFollowerState(121)) - efb933de-cdd8-4d8d-88d2-4c7ffe0dec1a: shutdown FollowerState
2019-10-16 21:53:22,702 [grpc-default-executor-1] INFO  impl.RaftServerImpl (RaftServerImpl.java:setRole(184)) - 9d88716d-5d6b-4fd8-b832-a110dc45ee66@group-EE856C9543A1: changes role from  FOLLOWER to FOLLOWER at term 246 for recognizeCandidate:5c3956af-60d3-411f-8c98-c7ed3576de5c
2019-10-16 21:53:22,702 [Thread-1750] INFO  impl.FollowerState (FollowerState.java:run(117)) - efb933de-cdd8-4d8d-88d2-4c7ffe0dec1a@group-EE856C9543A1-FollowerState was interrupted: java.lang.InterruptedException: sleep interrupted
2019-10-16 21:53:22,702 [grpc-default-executor-0] INFO  impl.RoleInfo (RoleInfo.java:updateAndGet(143)) - efb933de-cdd8-4d8d-88d2-4c7ffe0dec1a: start FollowerState
2019-10-16 21:53:22,702 [grpc-default-executor-1] INFO  impl.RoleInfo (RoleInfo.java:shutdownFollowerState(121)) - 9d88716d-5d6b-4fd8-b832-a110dc45ee66: shutdown FollowerState
2019-10-16 21:53:22,703 [grpc-default-executor-1] INFO  impl.RoleInfo (RoleInfo.java:updateAndGet(143)) - 9d88716d-5d6b-4fd8-b832-a110dc45ee66: start FollowerState
2019-10-16 21:53:22,703 [Thread-1749] INFO  impl.FollowerState (FollowerState.java:run(117)) - 9d88716d-5d6b-4fd8-b832-a110dc45ee66@group-EE856C9543A1-FollowerState was interrupted: java.lang.InterruptedException: sleep interrupted
2019-10-16 21:53:22,717 [5c3956af-60d3-411f-8c98-c7ed3576de5c@group-EE856C9543A1-LeaderElection233] INFO  impl.LeaderElection (LeaderElection.java:logAndReturn(56)) - 5c3956af-60d3-411f-8c98-c7ed3576de5c@group-EE856C9543A1-LeaderElection233: Election REJECTED; received 2 response(s) [5c3956af-60d3-411f-8c98-c7ed3576de5c<-efb933de-cdd8-4d8d-88d2-4c7ffe0dec1a#0:FAIL-t246, 5c3956af-60d3-411f-8c98-c7ed3576de5c<-9d88716d-5d6b-4fd8-b832-a110dc45ee66#0:FAIL-t246] and 0 exception(s); 5c3956af-60d3-411f-8c98-c7ed3576de5c@group-EE856C9543A1:t246, leader=null, voted=5c3956af-60d3-411f-8c98-c7ed3576de5c, raftlog=5c3956af-60d3-411f-8c98-c7ed3576de5c@group-EE856C9543A1-SegmentedRaftLog:OPENED:c-1,f-1,i0, conf=-1: [5c3956af-60d3-411f-8c98-c7ed3576de5c:192.168.34.38:33787, efb933de-cdd8-4d8d-88d2-4c7ffe0dec1a:192.168.34.38:42459, 9d88716d-5d6b-4fd8-b832-a110dc45ee66:192.168.34.38:38211], old=null
2019-10-16 21:53:22,717 [5c3956af-60d3-411f-8c98-c7ed3576de5c@group-EE856C9543A1-LeaderElection233] INFO  impl.RaftServerImpl (RaftServerImpl.java:setRole(184)) - 5c3956af-60d3-411f-8c98-c7ed3576de5c@group-EE856C9543A1: changes role from CANDIDATE to FOLLOWER at term 246 for DISCOVERED_A_NEW_TERM
2019-10-16 21:53:22,717 [5c3956af-60d3-411f-8c98-c7ed3576de5c@group-EE856C9543A1-LeaderElection233] INFO  impl.RoleInfo (RoleInfo.java:shutdownLeaderElection(134)) - 5c3956af-60d3-411f-8c98-c7ed3576de5c: shutdown LeaderElection
2019-10-16 21:53:22,717 [5c3956af-60d3-411f-8c98-c7ed3576de5c@group-EE856C9543A1-LeaderElection233] INFO  impl.RoleInfo (RoleInfo.java:updateAndGet(143)) - 5c3956af-60d3-411f-8c98-c7ed3576de5c: start FollowerState
2019-10-16 21:53:22,792 [Thread-1757] INFO  impl.FollowerState (FollowerState.java:run(108)) - 5c3956af-60d3-411f-8c98-c7ed3576de5c@group-EE856C9543A1-FollowerState: change to CANDIDATE, lastRpcTime:74ms, electionTimeout:74ms
2019-10-16 21:53:22,792 [Thread-1757] INFO  impl.RoleInfo (RoleInfo.java:shutdownFollowerState(121)) - 5c3956af-60d3-411f-8c98-c7ed3576de5c: shutdown FollowerState
2019-10-16 21:53:22,792 [Thread-1757] INFO  impl.RaftServerImpl (RaftServerImpl.java:setRole(184)) - 5c3956af-60d3-411f-8c98-c7ed3576de5c@group-EE856C9543A1: changes role from  FOLLOWER to CANDIDATE at term 246 for changeToCandidate
2019-10-16 21:53:22,792 [Thread-1757] INFO  impl.RoleInfo (RoleInfo.java:updateAndGet(143)) - 5c3956af-60d3-411f-8c98-c7ed3576de5c: start LeaderElection
2019-10-16 21:53:22,806 [5c3956af-60d3-411f-8c98-c7ed3576de5c@group-EE856C9543A1-LeaderElection234] INFO  impl.LeaderElection (LeaderElection.java:askForVotes(178)) - 5c3956af-60d3-411f-8c98-c7ed3576de5c@group-EE856C9543A1-LeaderElection234: begin an election at term 247 for -1: [5c3956af-60d3-411f-8c98-c7ed3576de5c:192.168.34.38:33787, efb933de-cdd8-4d8d-88d2-4c7ffe0dec1a:192.168.34.38:42459, 9d88716d-5d6b-4fd8-b832-a110dc45ee66:192.168.34.38:38211], old=null
2019-10-16 21:53:22,809 [grpc-default-executor-1] INFO  impl.RaftServerImpl (RaftServerImpl.java:setRole(184)) - efb933de-cdd8-4d8d-88d2-4c7ffe0dec1a@group-EE856C9543A1: changes role from  FOLLOWER to FOLLOWER at term 247 for recognizeCandidate:5c3956af-60d3-411f-8c98-c7ed3576de5c
2019-10-16 21:53:22,809 [grpc-default-executor-1] INFO  impl.RoleInfo (RoleInfo.java:shutdownFollowerState(121)) - efb933de-cdd8-4d8d-88d2-4c7ffe0dec1a: shutdown FollowerState
2019-10-16 21:53:22,809 [grpc-default-executor-0] INFO  impl.RaftServerImpl (RaftServerImpl.java:setRole(184)) - 9d88716d-5d6b-4fd8-b832-a110dc45ee66@group-EE856C9543A1: changes role from  FOLLOWER to FOLLOWER at term 247 for recognizeCandidate:5c3956af-60d3-411f-8c98-c7ed3576de5c
2019-10-16 21:53:22,810 [Thread-1755] INFO  impl.FollowerState (FollowerState.java:run(117)) - efb933de-cdd8-4d8d-88d2-4c7ffe0dec1a@group-EE856C9543A1-FollowerState was interrupted: java.lang.InterruptedException: sleep interrupted
2019-10-16 21:53:22,810 [grpc-default-executor-1] INFO  impl.RoleInfo (RoleInfo.java:updateAndGet(143)) - efb933de-cdd8-4d8d-88d2-4c7ffe0dec1a: start FollowerState
2019-10-16 21:53:22,810 [grpc-default-executor-0] INFO  impl.RoleInfo (RoleInfo.java:shutdownFollowerState(121)) - 9d88716d-5d6b-4fd8-b832-a110dc45ee66: shutdown FollowerState
2019-10-16 21:53:22,810 [grpc-default-executor-0] INFO  impl.RoleInfo (RoleInfo.java:updateAndGet(143)) - 9d88716d-5d6b-4fd8-b832-a110dc45ee66: start FollowerState
2019-10-16 21:53:22,810 [Thread-1756] INFO  impl.FollowerState (FollowerState.java:run(117)) - 9d88716d-5d6b-4fd8-b832-a110dc45ee66@group-EE856C9543A1-FollowerState was interrupted: java.lang.InterruptedException: sleep interrupted
2019-10-16 21:53:22,826 [5c3956af-60d3-411f-8c98-c7ed3576de5c@group-EE856C9543A1-LeaderElection234] INFO  impl.LeaderElection (LeaderElection.java:logAndReturn(56)) - 5c3956af-60d3-411f-8c98-c7ed3576de5c@group-EE856C9543A1-LeaderElection234: Election REJECTED; received 2 response(s) [5c3956af-60d3-411f-8c98-c7ed3576de5c<-efb933de-cdd8-4d8d-88d2-4c7ffe0dec1a#0:FAIL-t247, 5c3956af-60d3-411f-8c98-c7ed3576de5c<-9d88716d-5d6b-4fd8-b832-a110dc45ee66#0:FAIL-t247] and 0 exception(s); 5c3956af-60d3-411f-8c98-c7ed3576de5c@group-EE856C9543A1:t247, leader=null, voted=5c3956af-60d3-411f-8c98-c7ed3576de5c, raftlog=5c3956af-60d3-411f-8c98-c7ed3576de5c@group-EE856C9543A1-SegmentedRaftLog:OPENED:c-1,f-1,i0, conf=-1: [5c3956af-60d3-411f-8c98-c7ed3576de5c:192.168.34.38:33787, efb933de-cdd8-4d8d-88d2-4c7ffe0dec1a:192.168.34.38:42459, 9d88716d-5d6b-4fd8-b832-a110dc45ee66:192.168.34.38:38211], old=null
2019-10-16 21:53:22,827 [5c3956af-60d3-411f-8c98-c7ed3576de5c@group-EE856C9543A1-LeaderElection234] INFO  impl.RaftServerImpl (RaftServerImpl.java:setRole(184)) - 5c3956af-60d3-411f-8c98-c7ed3576de5c@group-EE856C9543A1: changes role from CANDIDATE to FOLLOWER at term 247 for DISCOVERED_A_NEW_TERM
2019-10-16 21:53:22,827 [5c3956af-60d3-411f-8c98-c7ed3576de5c@group-EE856C9543A1-LeaderElection234] INFO  impl.RoleInfo (RoleInfo.java:shutdownLeaderElection(134)) - 5c3956af-60d3-411f-8c98-c7ed3576de5c: shutdown LeaderElection
2019-10-16 21:53:22,827 [5c3956af-60d3-411f-8c98-c7ed3576de5c@group-EE856C9543A1-LeaderElection234] INFO  impl.RoleInfo (RoleInfo.java:updateAndGet(143)) - 5c3956af-60d3-411f-8c98-c7ed3576de5c: start FollowerState
2019-10-16 21:53:22,974 [Thread-1763] INFO  impl.FollowerState (FollowerState.java:run(108)) - 5c3956af-60d3-411f-8c98-c7ed3576de5c@group-EE856C9543A1-FollowerState: change to CANDIDATE, lastRpcTime:147ms, electionTimeout:147ms
2019-10-16 21:53:22,975 [Thread-1763] INFO  impl.RoleInfo (RoleInfo.java:shutdownFollowerState(121)) - 5c3956af-60d3-411f-8c98-c7ed3576de5c: shutdown FollowerState
2019-10-16 21:53:22,975 [Thread-1763] INFO  impl.RaftServerImpl (RaftServerImpl.java:setRole(184)) - 5c3956af-60d3-411f-8c98-c7ed3576de5c@group-EE856C9543A1: changes role from  FOLLOWER to CANDIDATE at term 247 for changeToCandidate
2019-10-16 21:53:22,975 [Thread-1763] INFO  impl.RoleInfo (RoleInfo.java:updateAndGet(143)) - 5c3956af-60d3-411f-8c98-c7ed3576de5c: start LeaderElection
2019-10-16 21:53:22,989 [5c3956af-60d3-411f-8c98-c7ed3576de5c@group-EE856C9543A1-LeaderElection235] INFO  impl.LeaderElection (LeaderElection.java:askForVotes(178)) - 5c3956af-60d3-411f-8c98-c7ed3576de5c@group-EE856C9543A1-LeaderElection235: begin an election at term 248 for -1: [5c3956af-60d3-411f-8c98-c7ed3576de5c:192.168.34.38:33787, efb933de-cdd8-4d8d-88d2-4c7ffe0dec1a:192.168.34.38:42459, 9d88716d-5d6b-4fd8-b832-a110dc45ee66:192.168.34.38:38211], old=null
2019-10-16 21:53:22,991 [grpc-default-executor-1] INFO  impl.RaftServerImpl (RaftServerImpl.java:setRole(184)) - efb933de-cdd8-4d8d-88d2-4c7ffe0dec1a@group-EE856C9543A1: changes role from  FOLLOWER to FOLLOWER at term 248 for recognizeCandidate:5c3956af-60d3-411f-8c98-c7ed3576de5c
2019-10-16 21:53:22,991 [grpc-default-executor-0] INFO  impl.RaftServerImpl (RaftServerImpl.java:setRole(184)) - 9d88716d-5d6b-4fd8-b832-a110dc45ee66@group-EE856C9543A1: changes role from  FOLLOWER to FOLLOWER at term 248 for recognizeCandidate:5c3956af-60d3-411f-8c98-c7ed3576de5c
2019-10-16 21:53:22,991 [grpc-default-executor-1] INFO  impl.RoleInfo (RoleInfo.java:shutdownFollowerState(121)) - efb933de-cdd8-4d8d-88d2-4c7ffe0dec1a: shutdown FollowerState
2019-10-16 21:53:22,992 [grpc-default-executor-0] INFO  impl.RoleInfo (RoleInfo.java:shutdownFollowerState(121)) - 9d88716d-5d6b-4fd8-b832-a110dc45ee66: shutdown FollowerState
2019-10-16 21:53:22,992 [Thread-1761] INFO  impl.FollowerState (FollowerState.java:run(117)) - efb933de-cdd8-4d8d-88d2-4c7ffe0dec1a@group-EE856C9543A1-FollowerState was interrupted: java.lang.InterruptedException: sleep interrupted
2019-10-16 21:53:22,992 [grpc-default-executor-1] INFO  impl.RoleInfo (RoleInfo.java:updateAndGet(143)) - efb933de-cdd8-4d8d-88d2-4c7ffe0dec1a: start FollowerState
2019-10-16 21:53:22,992 [Thread-1762] INFO  impl.FollowerState (FollowerState.java:run(117)) - 9d88716d-5d6b-4fd8-b832-a110dc45ee66@group-EE856C9543A1-FollowerState was interrupted: java.lang.InterruptedException: sleep interrupted
2019-10-16 21:53:22,992 [grpc-default-executor-0] INFO  impl.RoleInfo (RoleInfo.java:updateAndGet(143)) - 9d88716d-5d6b-4fd8-b832-a110dc45ee66: start FollowerState
2019-10-16 21:53:23,007 [5c3956af-60d3-411f-8c98-c7ed3576de5c@group-EE856C9543A1-LeaderElection235] INFO  impl.LeaderElection (LeaderElection.java:logAndReturn(56)) - 5c3956af-60d3-411f-8c98-c7ed3576de5c@group-EE856C9543A1-LeaderElection235: Election REJECTED; received 2 response(s) [5c3956af-60d3-411f-8c98-c7ed3576de5c<-efb933de-cdd8-4d8d-88d2-4c7ffe0dec1a#0:FAIL-t248, 5c3956af-60d3-411f-8c98-c7ed3576de5c<-9d88716d-5d6b-4fd8-b832-a110dc45ee66#0:FAIL-t248] and 0 exception(s); 5c3956af-60d3-411f-8c98-c7ed3576de5c@group-EE856C9543A1:t248, leader=null, voted=5c3956af-60d3-411f-8c98-c7ed3576de5c, raftlog=5c3956af-60d3-411f-8c98-c7ed3576de5c@group-EE856C9543A1-SegmentedRaftLog:OPENED:c-1,f-1,i0, conf=-1: [5c3956af-60d3-411f-8c98-c7ed3576de5c:192.168.34.38:33787, efb933de-cdd8-4d8d-88d2-4c7ffe0dec1a:192.168.34.38:42459, 9d88716d-5d6b-4fd8-b832-a110dc45ee66:192.168.34.38:38211], old=null
2019-10-16 21:53:23,007 [5c3956af-60d3-411f-8c98-c7ed3576de5c@group-EE856C9543A1-LeaderElection235] INFO  impl.RaftServerImpl (RaftServerImpl.java:setRole(184)) - 5c3956af-60d3-411f-8c98-c7ed3576de5c@group-EE856C9543A1: changes role from CANDIDATE to FOLLOWER at term 248 for DISCOVERED_A_NEW_TERM
2019-10-16 21:53:23,007 [5c3956af-60d3-411f-8c98-c7ed3576de5c@group-EE856C9543A1-LeaderElection235] INFO  impl.RoleInfo (RoleInfo.java:shutdownLeaderElection(134)) - 5c3956af-60d3-411f-8c98-c7ed3576de5c: shutdown LeaderElection
2019-10-16 21:53:23,008 [5c3956af-60d3-411f-8c98-c7ed3576de5c@group-EE856C9543A1-LeaderElection235] INFO  impl.RoleInfo (RoleInfo.java:updateAndGet(143)) - 5c3956af-60d3-411f-8c98-c7ed3576de5c: start FollowerState
2019-10-16 21:53:23,182 [Thread-1769] INFO  impl.FollowerState (FollowerState.java:run(108)) - 5c3956af-60d3-411f-8c98-c7ed3576de5c@group-EE856C9543A1-FollowerState: change to CANDIDATE, lastRpcTime:174ms, electionTimeout:174ms
2019-10-16 21:53:23,182 [Thread-1769] INFO  impl.RoleInfo (RoleInfo.java:shutdownFollowerState(121)) - 5c3956af-60d3-411f-8c98-c7ed3576de5c: shutdown FollowerState
2019-10-16 21:53:23,183 [Thread-1769] INFO  impl.RaftServerImpl (RaftServerImpl.java:setRole(184)) - 5c3956af-60d3-411f-8c98-c7ed3576de5c@group-EE856C9543A1: changes role from  FOLLOWER to CANDIDATE at term 248 for changeToCandidate
2019-10-16 21:53:23,183 [Thread-1769] INFO  impl.RoleInfo (RoleInfo.java:updateAndGet(143)) - 5c3956af-60d3-411f-8c98-c7ed3576de5c: start LeaderElection
2019-10-16 21:53:23,197 [5c3956af-60d3-411f-8c98-c7ed3576de5c@group-EE856C9543A1-LeaderElection236] INFO  impl.LeaderElection (LeaderElection.java:askForVotes(178)) - 5c3956af-60d3-411f-8c98-c7ed3576de5c@group-EE856C9543A1-LeaderElection236: begin an election at term 249 for -1: [5c3956af-60d3-411f-8c98-c7ed3576de5c:192.168.34.38:33787, efb933de-cdd8-4d8d-88d2-4c7ffe0dec1a:192.168.34.38:42459, 9d88716d-5d6b-4fd8-b832-a110dc45ee66:192.168.34.38:38211], old=null
2019-10-16 21:53:23,200 [grpc-default-executor-1] INFO  impl.RaftServerImpl (RaftServerImpl.java:setRole(184)) - efb933de-cdd8-4d8d-88d2-4c7ffe0dec1a@group-EE856C9543A1: changes role from  FOLLOWER to FOLLOWER at term 249 for recognizeCandidate:5c3956af-60d3-411f-8c98-c7ed3576de5c
2019-10-16 21:53:23,201 [grpc-default-executor-1] INFO  impl.RoleInfo (RoleInfo.java:shutdownFollowerState(121)) - efb933de-cdd8-4d8d-88d2-4c7ffe0dec1a: shutdown FollowerState
2019-10-16 21:53:23,201 [grpc-default-executor-0] INFO  impl.RaftServerImpl (RaftServerImpl.java:setRole(184)) - 9d88716d-5d6b-4fd8-b832-a110dc45ee66@group-EE856C9543A1: changes role from  FOLLOWER to FOLLOWER at term 249 for recognizeCandidate:5c3956af-60d3-411f-8c98-c7ed3576de5c
2019-10-16 21:53:23,201 [grpc-default-executor-0] INFO  impl.RoleInfo (RoleInfo.java:shutdownFollowerState(121)) - 9d88716d-5d6b-4fd8-b832-a110dc45ee66: shutdown FollowerState
2019-10-16 21:53:23,201 [Thread-1767] INFO  impl.FollowerState (FollowerState.java:run(117)) - efb933de-cdd8-4d8d-88d2-4c7ffe0dec1a@group-EE856C9543A1-FollowerState was interrupted: java.lang.InterruptedException: sleep interrupted
2019-10-16 21:53:23,201 [grpc-default-executor-1] INFO  impl.RoleInfo (RoleInfo.java:updateAndGet(143)) - efb933de-cdd8-4d8d-88d2-4c7ffe0dec1a: start FollowerState
2019-10-16 21:53:23,201 [grpc-default-executor-0] INFO  impl.RoleInfo (RoleInfo.java:updateAndGet(143)) - 9d88716d-5d6b-4fd8-b832-a110dc45ee66: start FollowerState
2019-10-16 21:53:23,201 [Thread-1768] INFO  impl.FollowerState (FollowerState.java:run(117)) - 9d88716d-5d6b-4fd8-b832-a110dc45ee66@group-EE856C9543A1-FollowerState was interrupted: java.lang.InterruptedException: sleep interrupted
2019-10-16 21:53:23,217 [5c3956af-60d3-411f-8c98-c7ed3576de5c@group-EE856C9543A1-LeaderElection236] INFO  impl.LeaderElection (LeaderElection.java:logAndReturn(56)) - 5c3956af-60d3-411f-8c98-c7ed3576de5c@group-EE856C9543A1-LeaderElection236: Election REJECTED; received 2 response(s) [5c3956af-60d3-411f-8c98-c7ed3576de5c<-efb933de-cdd8-4d8d-88d2-4c7ffe0dec1a#0:FAIL-t249, 5c3956af-60d3-411f-8c98-c7ed3576de5c<-9d88716d-5d6b-4fd8-b832-a110dc45ee66#0:FAIL-t249] and 0 exception(s); 5c3956af-60d3-411f-8c98-c7ed3576de5c@group-EE856C9543A1:t249, leader=null, voted=5c3956af-60d3-411f-8c98-c7ed3576de5c, raftlog=5c3956af-60d3-411f-8c98-c7ed3576de5c@group-EE856C9543A1-SegmentedRaftLog:OPENED:c-1,f-1,i0, conf=-1: [5c3956af-60d3-411f-8c98-c7ed3576de5c:192.168.34.38:33787, efb933de-cdd8-4d8d-88d2-4c7ffe0dec1a:192.168.34.38:42459, 9d88716d-5d6b-4fd8-b832-a110dc45ee66:192.168.34.38:38211], old=null
2019-10-16 21:53:23,217 [5c3956af-60d3-411f-8c98-c7ed3576de5c@group-EE856C9543A1-LeaderElection236] INFO  impl.RaftServerImpl (RaftServerImpl.java:setRole(184)) - 5c3956af-60d3-411f-8c98-c7ed3576de5c@group-EE856C9543A1: changes role from CANDIDATE to FOLLOWER at term 249 for DISCOVERED_A_NEW_TERM
2019-10-16 21:53:23,217 [5c3956af-60d3-411f-8c98-c7ed3576de5c@group-EE856C9543A1-LeaderElection236] INFO  impl.RoleInfo (RoleInfo.java:shutdownLeaderElection(134)) - 5c3956af-60d3-411f-8c98-c7ed3576de5c: shutdown LeaderElection
2019-10-16 21:53:23,217 [5c3956af-60d3-411f-8c98-c7ed3576de5c@group-EE856C9543A1-LeaderElection236] INFO  impl.RoleInfo (RoleInfo.java:updateAndGet(143)) - 5c3956af-60d3-411f-8c98-c7ed3576de5c: start FollowerState
2019-10-16 21:53:23,297 [Thread-1775] INFO  impl.FollowerState (FollowerState.java:run(108)) - 5c3956af-60d3-411f-8c98-c7ed3576de5c@group-EE856C9543A1-FollowerState: change to CANDIDATE, lastRpcTime:79ms, electionTimeout:79ms
2019-10-16 21:53:23,297 [Thread-1775] INFO  impl.RoleInfo (RoleInfo.java:shutdownFollowerState(121)) - 5c3956af-60d3-411f-8c98-c7ed3576de5c: shutdown FollowerState
2019-10-16 21:53:23,297 [Thread-1775] INFO  impl.RaftServerImpl (RaftServerImpl.java:setRole(184)) - 5c3956af-60d3-411f-8c98-c7ed3576de5c@group-EE856C9543A1: changes role from  FOLLOWER to CANDIDATE at term 249 for changeToCandidate
2019-10-16 21:53:23,297 [Thread-1775] INFO  impl.RoleInfo (RoleInfo.java:updateAndGet(143)) - 5c3956af-60d3-411f-8c98-c7ed3576de5c: start LeaderElection
2019-10-16 21:53:23,312 [5c3956af-60d3-411f-8c98-c7ed3576de5c@group-EE856C9543A1-LeaderElection237] INFO  impl.LeaderElection (LeaderElection.java:askForVotes(178)) - 5c3956af-60d3-411f-8c98-c7ed3576de5c@group-EE856C9543A1-LeaderElection237: begin an election at term 250 for -1: [5c3956af-60d3-411f-8c98-c7ed3576de5c:192.168.34.38:33787, efb933de-cdd8-4d8d-88d2-4c7ffe0dec1a:192.168.34.38:42459, 9d88716d-5d6b-4fd8-b832-a110dc45ee66:192.168.34.38:38211], old=null
2019-10-16 21:53:23,315 [grpc-default-executor-1] INFO  impl.RaftServerImpl (RaftServerImpl.java:setRole(184)) - efb933de-cdd8-4d8d-88d2-4c7ffe0dec1a@group-EE856C9543A1: changes role from  FOLLOWER to FOLLOWER at term 250 for recognizeCandidate:5c3956af-60d3-411f-8c98-c7ed3576de5c
2019-10-16 21:53:23,315 [grpc-default-executor-1] INFO  impl.RoleInfo (RoleInfo.java:shutdownFollowerState(121)) - efb933de-cdd8-4d8d-88d2-4c7ffe0dec1a: shutdown FollowerState
2019-10-16 21:53:23,315 [grpc-default-executor-1] INFO  impl.RoleInfo (RoleInfo.java:updateAndGet(143)) - efb933de-cdd8-4d8d-88d2-4c7ffe0dec1a: start FollowerState
2019-10-16 21:53:23,315 [grpc-default-executor-0] INFO  impl.RaftServerImpl (RaftServerImpl.java:setRole(184)) - 9d88716d-5d6b-4fd8-b832-a110dc45ee66@group-EE856C9543A1: changes role from  FOLLOWER to FOLLOWER at term 250 for recognizeCandidate:5c3956af-60d3-411f-8c98-c7ed3576de5c
2019-10-16 21:53:23,316 [grpc-default-executor-0] INFO  impl.RoleInfo (RoleInfo.java:shutdownFollowerState(121)) - 9d88716d-5d6b-4fd8-b832-a110dc45ee66: shutdown FollowerState
2019-10-16 21:53:23,315 [Thread-1773] INFO  impl.FollowerState (FollowerState.java:run(117)) - efb933de-cdd8-4d8d-88d2-4c7ffe0dec1a@group-EE856C9543A1-FollowerState was interrupted: java.lang.InterruptedException: sleep interrupted
2019-10-16 21:53:23,316 [Thread-1774] INFO  impl.FollowerState (FollowerState.java:run(117)) - 9d88716d-5d6b-4fd8-b832-a110dc45ee66@group-EE856C9543A1-FollowerState was interrupted: java.lang.InterruptedException: sleep interrupted
2019-10-16 21:53:23,316 [grpc-default-executor-0] INFO  impl.RoleInfo (RoleInfo.java:updateAndGet(143)) - 9d88716d-5d6b-4fd8-b832-a110dc45ee66: start FollowerState
2019-10-16 21:53:23,330 [5c3956af-60d3-411f-8c98-c7ed3576de5c@group-EE856C9543A1-LeaderElection237] INFO  impl.LeaderElection (LeaderElection.java:logAndReturn(56)) - 5c3956af-60d3-411f-8c98-c7ed3576de5c@group-EE856C9543A1-LeaderElection237: Election REJECTED; received 2 response(s) [5c3956af-60d3-411f-8c98-c7ed3576de5c<-efb933de-cdd8-4d8d-88d2-4c7ffe0dec1a#0:FAIL-t250, 5c3956af-60d3-411f-8c98-c7ed3576de5c<-9d88716d-5d6b-4fd8-b832-a110dc45ee66#0:FAIL-t250] and 0 exception(s); 5c3956af-60d3-411f-8c98-c7ed3576de5c@group-EE856C9543A1:t250, leader=null, voted=5c3956af-60d3-411f-8c98-c7ed3576de5c, raftlog=5c3956af-60d3-411f-8c98-c7ed3576de5c@group-EE856C9543A1-SegmentedRaftLog:OPENED:c-1,f-1,i0, conf=-1: [5c3956af-60d3-411f-8c98-c7ed3576de5c:192.168.34.38:33787, efb933de-cdd8-4d8d-88d2-4c7ffe0dec1a:192.168.34.38:42459, 9d88716d-5d6b-4fd8-b832-a110dc45ee66:192.168.34.38:38211], old=null
2019-10-16 21:53:23,331 [5c3956af-60d3-411f-8c98-c7ed3576de5c@group-EE856C9543A1-LeaderElection237] INFO  impl.RaftServerImpl (RaftServerImpl.java:setRole(184)) - 5c3956af-60d3-411f-8c98-c7ed3576de5c@group-EE856C9543A1: changes role from CANDIDATE to FOLLOWER at term 250 for DISCOVERED_A_NEW_TERM
2019-10-16 21:53:23,331 [5c3956af-60d3-411f-8c98-c7ed3576de5c@group-EE856C9543A1-LeaderElection237] INFO  impl.RoleInfo (RoleInfo.java:shutdownLeaderElection(134)) - 5c3956af-60d3-411f-8c98-c7ed3576de5c: shutdown LeaderElection
2019-10-16 21:53:23,331 [5c3956af-60d3-411f-8c98-c7ed3576de5c@group-EE856C9543A1-LeaderElection237] INFO  impl.RoleInfo (RoleInfo.java:updateAndGet(143)) - 5c3956af-60d3-411f-8c98-c7ed3576de5c: start FollowerState
2019-10-16 21:53:23,354 [Thread-1781] INFO  impl.FollowerState (FollowerState.java:run(108)) - 5c3956af-60d3-411f-8c98-c7ed3576de5c@group-EE856C9543A1-FollowerState: change to CANDIDATE, lastRpcTime:23ms, electionTimeout:23ms
2019-10-16 21:53:23,354 [Thread-1781] INFO  impl.RoleInfo (RoleInfo.java:shutdownFollowerState(121)) - 5c3956af-60d3-411f-8c98-c7ed3576de5c: shutdown FollowerState
2019-10-16 21:53:23,354 [Thread-1781] INFO  impl.RaftServerImpl (RaftServerImpl.java:setRole(184)) - 5c3956af-60d3-411f-8c98-c7ed3576de5c@group-EE856C9543A1: changes role from  FOLLOWER to CANDIDATE at term 250 for changeToCandidate
2019-10-16 21:53:23,355 [Thread-1781] INFO  impl.RoleInfo (RoleInfo.java:updateAndGet(143)) - 5c3956af-60d3-411f-8c98-c7ed3576de5c: start LeaderElection
2019-10-16 21:53:23,379 [5c3956af-60d3-411f-8c98-c7ed3576de5c@group-EE856C9543A1-LeaderElection238] INFO  impl.LeaderElection (LeaderElection.java:askForVotes(178)) - 5c3956af-60d3-411f-8c98-c7ed3576de5c@group-EE856C9543A1-LeaderElection238: begin an election at term 251 for -1: [5c3956af-60d3-411f-8c98-c7ed3576de5c:192.168.34.38:33787, efb933de-cdd8-4d8d-88d2-4c7ffe0dec1a:192.168.34.38:42459, 9d88716d-5d6b-4fd8-b832-a110dc45ee66:192.168.34.38:38211], old=null
2019-10-16 21:53:23,382 [grpc-default-executor-1] INFO  impl.RaftServerImpl (RaftServerImpl.java:setRole(184)) - efb933de-cdd8-4d8d-88d2-4c7ffe0dec1a@group-EE856C9543A1: changes role from  FOLLOWER to FOLLOWER at term 251 for recognizeCandidate:5c3956af-60d3-411f-8c98-c7ed3576de5c
2019-10-16 21:53:23,382 [grpc-default-executor-0] INFO  impl.RaftServerImpl (RaftServerImpl.java:setRole(184)) - 9d88716d-5d6b-4fd8-b832-a110dc45ee66@group-EE856C9543A1: changes role from  FOLLOWER to FOLLOWER at term 251 for recognizeCandidate:5c3956af-60d3-411f-8c98-c7ed3576de5c
2019-10-16 21:53:23,382 [grpc-default-executor-1] INFO  impl.RoleInfo (RoleInfo.java:shutdownFollowerState(121)) - efb933de-cdd8-4d8d-88d2-4c7ffe0dec1a: shutdown FollowerState
2019-10-16 21:53:23,382 [grpc-default-executor-0] INFO  impl.RoleInfo (RoleInfo.java:shutdownFollowerState(121)) - 9d88716d-5d6b-4fd8-b832-a110dc45ee66: shutdown FollowerState
2019-10-16 21:53:23,383 [Thread-1779] INFO  impl.FollowerState (FollowerState.java:run(117)) - efb933de-cdd8-4d8d-88d2-4c7ffe0dec1a@group-EE856C9543A1-FollowerState was interrupted: java.lang.InterruptedException: sleep interrupted
2019-10-16 21:53:23,383 [grpc-default-executor-1] INFO  impl.RoleInfo (RoleInfo.java:updateAndGet(143)) - efb933de-cdd8-4d8d-88d2-4c7ffe0dec1a: start FollowerState
2019-10-16 21:53:23,383 [Thread-1780] INFO  impl.FollowerState (FollowerState.java:run(117)) - 9d88716d-5d6b-4fd8-b832-a110dc45ee66@group-EE856C9543A1-FollowerState was interrupted: java.lang.InterruptedException: sleep interrupted
2019-10-16 21:53:23,383 [grpc-default-executor-0] INFO  impl.RoleInfo (RoleInfo.java:updateAndGet(143)) - 9d88716d-5d6b-4fd8-b832-a110dc45ee66: start FollowerState
2019-10-16 21:53:23,397 [5c3956af-60d3-411f-8c98-c7ed3576de5c@group-EE856C9543A1-LeaderElection238] INFO  impl.LeaderElection (LeaderElection.java:logAndReturn(56)) - 5c3956af-60d3-411f-8c98-c7ed3576de5c@group-EE856C9543A1-LeaderElection238: Election REJECTED; received 2 response(s) [5c3956af-60d3-411f-8c98-c7ed3576de5c<-efb933de-cdd8-4d8d-88d2-4c7ffe0dec1a#0:FAIL-t251, 5c3956af-60d3-411f-8c98-c7ed3576de5c<-9d88716d-5d6b-4fd8-b832-a110dc45ee66#0:FAIL-t251] and 0 exception(s); 5c3956af-60d3-411f-8c98-c7ed3576de5c@group-EE856C9543A1:t251, leader=null, voted=5c3956af-60d3-411f-8c98-c7ed3576de5c, raftlog=5c3956af-60d3-411f-8c98-c7ed3576de5c@group-EE856C9543A1-SegmentedRaftLog:OPENED:c-1,f-1,i0, conf=-1: [5c3956af-60d3-411f-8c98-c7ed3576de5c:192.168.34.38:33787, efb933de-cdd8-4d8d-88d2-4c7ffe0dec1a:192.168.34.38:42459, 9d88716d-5d6b-4fd8-b832-a110dc45ee66:192.168.34.38:38211], old=null
2019-10-16 21:53:23,397 [5c3956af-60d3-411f-8c98-c7ed3576de5c@group-EE856C9543A1-LeaderElection238] INFO  impl.RaftServerImpl (RaftServerImpl.java:setRole(184)) - 5c3956af-60d3-411f-8c98-c7ed3576de5c@group-EE856C9543A1: changes role from CANDIDATE to FOLLOWER at term 251 for DISCOVERED_A_NEW_TERM
2019-10-16 21:53:23,397 [5c3956af-60d3-411f-8c98-c7ed3576de5c@group-EE856C9543A1-LeaderElection238] INFO  impl.RoleInfo (RoleInfo.java:shutdownLeaderElection(134)) - 5c3956af-60d3-411f-8c98-c7ed3576de5c: shutdown LeaderElection
2019-10-16 21:53:23,397 [5c3956af-60d3-411f-8c98-c7ed3576de5c@group-EE856C9543A1-LeaderElection238] INFO  impl.RoleInfo (RoleInfo.java:updateAndGet(143)) - 5c3956af-60d3-411f-8c98-c7ed3576de5c: start FollowerState
2019-10-16 21:53:23,412 [JUnit] INFO  ozone.MiniOzoneClusterImpl (MiniOzoneClusterImpl.java:lambda$waitForClusterToBeReady$2(164)) - Waiting for 1 number of pipelines out of 6, to report a leader.
2019-10-16 21:53:23,432 [Thread-1787] INFO  impl.FollowerState (FollowerState.java:run(108)) - 5c3956af-60d3-411f-8c98-c7ed3576de5c@group-EE856C9543A1-FollowerState: change to CANDIDATE, lastRpcTime:34ms, electionTimeout:34ms
2019-10-16 21:53:23,432 [Thread-1787] INFO  impl.RoleInfo (RoleInfo.java:shutdownFollowerState(121)) - 5c3956af-60d3-411f-8c98-c7ed3576de5c: shutdown FollowerState
2019-10-16 21:53:23,432 [Thread-1787] INFO  impl.RaftServerImpl (RaftServerImpl.java:setRole(184)) - 5c3956af-60d3-411f-8c98-c7ed3576de5c@group-EE856C9543A1: changes role from  FOLLOWER to CANDIDATE at term 251 for changeToCandidate
2019-10-16 21:53:23,432 [Thread-1787] INFO  impl.RoleInfo (RoleInfo.java:updateAndGet(143)) - 5c3956af-60d3-411f-8c98-c7ed3576de5c: start LeaderElection
2019-10-16 21:53:23,445 [5c3956af-60d3-411f-8c98-c7ed3576de5c@group-EE856C9543A1-LeaderElection239] INFO  impl.LeaderElection (LeaderElection.java:askForVotes(178)) - 5c3956af-60d3-411f-8c98-c7ed3576de5c@group-EE856C9543A1-LeaderElection239: begin an election at term 252 for -1: [5c3956af-60d3-411f-8c98-c7ed3576de5c:192.168.34.38:33787, efb933de-cdd8-4d8d-88d2-4c7ffe0dec1a:192.168.34.38:42459, 9d88716d-5d6b-4fd8-b832-a110dc45ee66:192.168.34.38:38211], old=null
2019-10-16 21:53:23,447 [grpc-default-executor-1] INFO  impl.RaftServerImpl (RaftServerImpl.java:setRole(184)) - efb933de-cdd8-4d8d-88d2-4c7ffe0dec1a@group-EE856C9543A1: changes role from  FOLLOWER to FOLLOWER at term 252 for recognizeCandidate:5c3956af-60d3-411f-8c98-c7ed3576de5c
2019-10-16 21:53:23,448 [grpc-default-executor-1] INFO  impl.RoleInfo (RoleInfo.java:shutdownFollowerState(121)) - efb933de-cdd8-4d8d-88d2-4c7ffe0dec1a: shutdown FollowerState
2019-10-16 21:53:23,448 [grpc-default-executor-0] INFO  impl.RaftServerImpl (RaftServerImpl.java:setRole(184)) - 9d88716d-5d6b-4fd8-b832-a110dc45ee66@group-EE856C9543A1: changes role from  FOLLOWER to FOLLOWER at term 252 for recognizeCandidate:5c3956af-60d3-411f-8c98-c7ed3576de5c
2019-10-16 21:53:23,448 [grpc-default-executor-0] INFO  impl.RoleInfo (RoleInfo.java:shutdownFollowerState(121)) - 9d88716d-5d6b-4fd8-b832-a110dc45ee66: shutdown FollowerState
2019-10-16 21:53:23,448 [Thread-1785] INFO  impl.FollowerState (FollowerState.java:run(117)) - efb933de-cdd8-4d8d-88d2-4c7ffe0dec1a@group-EE856C9543A1-FollowerState was interrupted: java.lang.InterruptedException: sleep interrupted
2019-10-16 21:53:23,448 [grpc-default-executor-1] INFO  impl.RoleInfo (RoleInfo.java:updateAndGet(143)) - efb933de-cdd8-4d8d-88d2-4c7ffe0dec1a: start FollowerState
2019-10-16 21:53:23,448 [Thread-1786] INFO  impl.FollowerState (FollowerState.java:run(117)) - 9d88716d-5d6b-4fd8-b832-a110dc45ee66@group-EE856C9543A1-FollowerState was interrupted: java.lang.InterruptedException: sleep interrupted
2019-10-16 21:53:23,448 [grpc-default-executor-0] INFO  impl.RoleInfo (RoleInfo.java:updateAndGet(143)) - 9d88716d-5d6b-4fd8-b832-a110dc45ee66: start FollowerState
2019-10-16 21:53:23,463 [5c3956af-60d3-411f-8c98-c7ed3576de5c@group-EE856C9543A1-LeaderElection239] INFO  impl.LeaderElection (LeaderElection.java:logAndReturn(56)) - 5c3956af-60d3-411f-8c98-c7ed3576de5c@group-EE856C9543A1-LeaderElection239: Election REJECTED; received 2 response(s) [5c3956af-60d3-411f-8c98-c7ed3576de5c<-efb933de-cdd8-4d8d-88d2-4c7ffe0dec1a#0:FAIL-t252, 5c3956af-60d3-411f-8c98-c7ed3576de5c<-9d88716d-5d6b-4fd8-b832-a110dc45ee66#0:FAIL-t252] and 0 exception(s); 5c3956af-60d3-411f-8c98-c7ed3576de5c@group-EE856C9543A1:t252, leader=null, voted=5c3956af-60d3-411f-8c98-c7ed3576de5c, raftlog=5c3956af-60d3-411f-8c98-c7ed3576de5c@group-EE856C9543A1-SegmentedRaftLog:OPENED:c-1,f-1,i0, conf=-1: [5c3956af-60d3-411f-8c98-c7ed3576de5c:192.168.34.38:33787, efb933de-cdd8-4d8d-88d2-4c7ffe0dec1a:192.168.34.38:42459, 9d88716d-5d6b-4fd8-b832-a110dc45ee66:192.168.34.38:38211], old=null
2019-10-16 21:53:23,463 [5c3956af-60d3-411f-8c98-c7ed3576de5c@group-EE856C9543A1-LeaderElection239] INFO  impl.RaftServerImpl (RaftServerImpl.java:setRole(184)) - 5c3956af-60d3-411f-8c98-c7ed3576de5c@group-EE856C9543A1: changes role from CANDIDATE to FOLLOWER at term 252 for DISCOVERED_A_NEW_TERM
2019-10-16 21:53:23,463 [5c3956af-60d3-411f-8c98-c7ed3576de5c@group-EE856C9543A1-LeaderElection239] INFO  impl.RoleInfo (RoleInfo.java:shutdownLeaderElection(134)) - 5c3956af-60d3-411f-8c98-c7ed3576de5c: shutdown LeaderElection
2019-10-16 21:53:23,463 [5c3956af-60d3-411f-8c98-c7ed3576de5c@group-EE856C9543A1-LeaderElection239] INFO  impl.RoleInfo (RoleInfo.java:updateAndGet(143)) - 5c3956af-60d3-411f-8c98-c7ed3576de5c: start FollowerState
2019-10-16 21:53:23,553 [Thread-1793] INFO  impl.FollowerState (FollowerState.java:run(108)) - 5c3956af-60d3-411f-8c98-c7ed3576de5c@group-EE856C9543A1-FollowerState: change to CANDIDATE, lastRpcTime:90ms, electionTimeout:90ms
2019-10-16 21:53:23,554 [Thread-1793] INFO  impl.RoleInfo (RoleInfo.java:shutdownFollowerState(121)) - 5c3956af-60d3-411f-8c98-c7ed3576de5c: shutdown FollowerState
2019-10-16 21:53:23,554 [Thread-1793] INFO  impl.RaftServerImpl (RaftServerImpl.java:setRole(184)) - 5c3956af-60d3-411f-8c98-c7ed3576de5c@group-EE856C9543A1: changes role from  FOLLOWER to CANDIDATE at term 252 for changeToCandidate
2019-10-16 21:53:23,554 [Thread-1793] INFO  impl.RoleInfo (RoleInfo.java:updateAndGet(143)) - 5c3956af-60d3-411f-8c98-c7ed3576de5c: start LeaderElection
2019-10-16 21:53:23,568 [5c3956af-60d3-411f-8c98-c7ed3576de5c@group-EE856C9543A1-LeaderElection240] INFO  impl.LeaderElection (LeaderElection.java:askForVotes(178)) - 5c3956af-60d3-411f-8c98-c7ed3576de5c@group-EE856C9543A1-LeaderElection240: begin an election at term 253 for -1: [5c3956af-60d3-411f-8c98-c7ed3576de5c:192.168.34.38:33787, efb933de-cdd8-4d8d-88d2-4c7ffe0dec1a:192.168.34.38:42459, 9d88716d-5d6b-4fd8-b832-a110dc45ee66:192.168.34.38:38211], old=null
2019-10-16 21:53:23,569 [grpc-default-executor-1] INFO  impl.RaftServerImpl (RaftServerImpl.java:setRole(184)) - efb933de-cdd8-4d8d-88d2-4c7ffe0dec1a@group-EE856C9543A1: changes role from  FOLLOWER to FOLLOWER at term 253 for recognizeCandidate:5c3956af-60d3-411f-8c98-c7ed3576de5c
2019-10-16 21:53:23,570 [grpc-default-executor-1] INFO  impl.RoleInfo (RoleInfo.java:shutdownFollowerState(121)) - efb933de-cdd8-4d8d-88d2-4c7ffe0dec1a: shutdown FollowerState
2019-10-16 21:53:23,570 [grpc-default-executor-0] INFO  impl.RaftServerImpl (RaftServerImpl.java:setRole(184)) - 9d88716d-5d6b-4fd8-b832-a110dc45ee66@group-EE856C9543A1: changes role from  FOLLOWER to FOLLOWER at term 253 for recognizeCandidate:5c3956af-60d3-411f-8c98-c7ed3576de5c
2019-10-16 21:53:23,570 [grpc-default-executor-0] INFO  impl.RoleInfo (RoleInfo.java:shutdownFollowerState(121)) - 9d88716d-5d6b-4fd8-b832-a110dc45ee66: shutdown FollowerState
2019-10-16 21:53:23,570 [grpc-default-executor-1] INFO  impl.RoleInfo (RoleInfo.java:updateAndGet(143)) - efb933de-cdd8-4d8d-88d2-4c7ffe0dec1a: start FollowerState
2019-10-16 21:53:23,570 [Thread-1791] INFO  impl.FollowerState (FollowerState.java:run(117)) - efb933de-cdd8-4d8d-88d2-4c7ffe0dec1a@group-EE856C9543A1-FollowerState was interrupted: java.lang.InterruptedException: sleep interrupted
2019-10-16 21:53:23,570 [grpc-default-executor-0] INFO  impl.RoleInfo (RoleInfo.java:updateAndGet(143)) - 9d88716d-5d6b-4fd8-b832-a110dc45ee66: start FollowerState
2019-10-16 21:53:23,570 [Thread-1792] INFO  impl.FollowerState (FollowerState.java:run(117)) - 9d88716d-5d6b-4fd8-b832-a110dc45ee66@group-EE856C9543A1-FollowerState was interrupted: java.lang.InterruptedException: sleep interrupted
2019-10-16 21:53:23,584 [5c3956af-60d3-411f-8c98-c7ed3576de5c@group-EE856C9543A1-LeaderElection240] INFO  impl.LeaderElection (LeaderElection.java:logAndReturn(56)) - 5c3956af-60d3-411f-8c98-c7ed3576de5c@group-EE856C9543A1-LeaderElection240: Election REJECTED; received 2 response(s) [5c3956af-60d3-411f-8c98-c7ed3576de5c<-efb933de-cdd8-4d8d-88d2-4c7ffe0dec1a#0:FAIL-t253, 5c3956af-60d3-411f-8c98-c7ed3576de5c<-9d88716d-5d6b-4fd8-b832-a110dc45ee66#0:FAIL-t253] and 0 exception(s); 5c3956af-60d3-411f-8c98-c7ed3576de5c@group-EE856C9543A1:t253, leader=null, voted=5c3956af-60d3-411f-8c98-c7ed3576de5c, raftlog=5c3956af-60d3-411f-8c98-c7ed3576de5c@group-EE856C9543A1-SegmentedRaftLog:OPENED:c-1,f-1,i0, conf=-1: [5c3956af-60d3-411f-8c98-c7ed3576de5c:192.168.34.38:33787, efb933de-cdd8-4d8d-88d2-4c7ffe0dec1a:192.168.34.38:42459, 9d88716d-5d6b-4fd8-b832-a110dc45ee66:192.168.34.38:38211], old=null
2019-10-16 21:53:23,585 [5c3956af-60d3-411f-8c98-c7ed3576de5c@group-EE856C9543A1-LeaderElection240] INFO  impl.RaftServerImpl (RaftServerImpl.java:setRole(184)) - 5c3956af-60d3-411f-8c98-c7ed3576de5c@group-EE856C9543A1: changes role from CANDIDATE to FOLLOWER at term 253 for DISCOVERED_A_NEW_TERM
2019-10-16 21:53:23,585 [5c3956af-60d3-411f-8c98-c7ed3576de5c@group-EE856C9543A1-LeaderElection240] INFO  impl.RoleInfo (RoleInfo.java:shutdownLeaderElection(134)) - 5c3956af-60d3-411f-8c98-c7ed3576de5c: shutdown LeaderElection
2019-10-16 21:53:23,585 [5c3956af-60d3-411f-8c98-c7ed3576de5c@group-EE856C9543A1-LeaderElection240] INFO  impl.RoleInfo (RoleInfo.java:updateAndGet(143)) - 5c3956af-60d3-411f-8c98-c7ed3576de5c: start FollowerState
2019-10-16 21:53:23,619 [Thread-1799] INFO  impl.FollowerState (FollowerState.java:run(108)) - 5c3956af-60d3-411f-8c98-c7ed3576de5c@group-EE856C9543A1-FollowerState: change to CANDIDATE, lastRpcTime:34ms, electionTimeout:34ms
2019-10-16 21:53:23,619 [Thread-1799] INFO  impl.RoleInfo (RoleInfo.java:shutdownFollowerState(121)) - 5c3956af-60d3-411f-8c98-c7ed3576de5c: shutdown FollowerState
2019-10-16 21:53:23,619 [Thread-1799] INFO  impl.RaftServerImpl (RaftServerImpl.java:setRole(184)) - 5c3956af-60d3-411f-8c98-c7ed3576de5c@group-EE856C9543A1: changes role from  FOLLOWER to CANDIDATE at term 253 for changeToCandidate
2019-10-16 21:53:23,619 [Thread-1799] INFO  impl.RoleInfo (RoleInfo.java:updateAndGet(143)) - 5c3956af-60d3-411f-8c98-c7ed3576de5c: start LeaderElection
2019-10-16 21:53:23,633 [5c3956af-60d3-411f-8c98-c7ed3576de5c@group-EE856C9543A1-LeaderElection241] INFO  impl.LeaderElection (LeaderElection.java:askForVotes(178)) - 5c3956af-60d3-411f-8c98-c7ed3576de5c@group-EE856C9543A1-LeaderElection241: begin an election at term 254 for -1: [5c3956af-60d3-411f-8c98-c7ed3576de5c:192.168.34.38:33787, efb933de-cdd8-4d8d-88d2-4c7ffe0dec1a:192.168.34.38:42459, 9d88716d-5d6b-4fd8-b832-a110dc45ee66:192.168.34.38:38211], old=null
2019-10-16 21:53:23,635 [grpc-default-executor-1] INFO  impl.RaftServerImpl (RaftServerImpl.java:setRole(184)) - 9d88716d-5d6b-4fd8-b832-a110dc45ee66@group-EE856C9543A1: changes role from  FOLLOWER to FOLLOWER at term 254 for recognizeCandidate:5c3956af-60d3-411f-8c98-c7ed3576de5c
2019-10-16 21:53:23,636 [grpc-default-executor-0] INFO  impl.RaftServerImpl (RaftServerImpl.java:setRole(184)) - efb933de-cdd8-4d8d-88d2-4c7ffe0dec1a@group-EE856C9543A1: changes role from  FOLLOWER to FOLLOWER at term 254 for recognizeCandidate:5c3956af-60d3-411f-8c98-c7ed3576de5c
2019-10-16 21:53:23,636 [grpc-default-executor-0] INFO  impl.RoleInfo (RoleInfo.java:shutdownFollowerState(121)) - efb933de-cdd8-4d8d-88d2-4c7ffe0dec1a: shutdown FollowerState
2019-10-16 21:53:23,636 [grpc-default-executor-1] INFO  impl.RoleInfo (RoleInfo.java:shutdownFollowerState(121)) - 9d88716d-5d6b-4fd8-b832-a110dc45ee66: shutdown FollowerState
2019-10-16 21:53:23,636 [Thread-1797] INFO  impl.FollowerState (FollowerState.java:run(117)) - efb933de-cdd8-4d8d-88d2-4c7ffe0dec1a@group-EE856C9543A1-FollowerState was interrupted: java.lang.InterruptedException: sleep interrupted
2019-10-16 21:53:23,636 [grpc-default-executor-0] INFO  impl.RoleInfo (RoleInfo.java:updateAndGet(143)) - efb933de-cdd8-4d8d-88d2-4c7ffe0dec1a: start FollowerState
2019-10-16 21:53:23,639 [grpc-default-executor-1] INFO  impl.RoleInfo (RoleInfo.java:updateAndGet(143)) - 9d88716d-5d6b-4fd8-b832-a110dc45ee66: start FollowerState
2019-10-16 21:53:23,639 [Thread-1798] INFO  impl.FollowerState (FollowerState.java:run(117)) - 9d88716d-5d6b-4fd8-b832-a110dc45ee66@group-EE856C9543A1-FollowerState was interrupted: java.lang.InterruptedException: sleep interrupted
2019-10-16 21:53:23,654 [5c3956af-60d3-411f-8c98-c7ed3576de5c@group-EE856C9543A1-LeaderElection241] INFO  impl.LeaderElection (LeaderElection.java:logAndReturn(56)) - 5c3956af-60d3-411f-8c98-c7ed3576de5c@group-EE856C9543A1-LeaderElection241: Election REJECTED; received 2 response(s) [5c3956af-60d3-411f-8c98-c7ed3576de5c<-efb933de-cdd8-4d8d-88d2-4c7ffe0dec1a#0:FAIL-t254, 5c3956af-60d3-411f-8c98-c7ed3576de5c<-9d88716d-5d6b-4fd8-b832-a110dc45ee66#0:FAIL-t254] and 0 exception(s); 5c3956af-60d3-411f-8c98-c7ed3576de5c@group-EE856C9543A1:t254, leader=null, voted=5c3956af-60d3-411f-8c98-c7ed3576de5c, raftlog=5c3956af-60d3-411f-8c98-c7ed3576de5c@group-EE856C9543A1-SegmentedRaftLog:OPENED:c-1,f-1,i0, conf=-1: [5c3956af-60d3-411f-8c98-c7ed3576de5c:192.168.34.38:33787, efb933de-cdd8-4d8d-88d2-4c7ffe0dec1a:192.168.34.38:42459, 9d88716d-5d6b-4fd8-b832-a110dc45ee66:192.168.34.38:38211], old=null
2019-10-16 21:53:23,654 [5c3956af-60d3-411f-8c98-c7ed3576de5c@group-EE856C9543A1-LeaderElection241] INFO  impl.RaftServerImpl (RaftServerImpl.java:setRole(184)) - 5c3956af-60d3-411f-8c98-c7ed3576de5c@group-EE856C9543A1: changes role from CANDIDATE to FOLLOWER at term 254 for DISCOVERED_A_NEW_TERM
2019-10-16 21:53:23,654 [5c3956af-60d3-411f-8c98-c7ed3576de5c@group-EE856C9543A1-LeaderElection241] INFO  impl.RoleInfo (RoleInfo.java:shutdownLeaderElection(134)) - 5c3956af-60d3-411f-8c98-c7ed3576de5c: shutdown LeaderElection
2019-10-16 21:53:23,654 [5c3956af-60d3-411f-8c98-c7ed3576de5c@group-EE856C9543A1-LeaderElection241] INFO  impl.RoleInfo (RoleInfo.java:updateAndGet(143)) - 5c3956af-60d3-411f-8c98-c7ed3576de5c: start FollowerState
2019-10-16 21:53:23,659 [Thread-1805] INFO  impl.FollowerState (FollowerState.java:run(108)) - 5c3956af-60d3-411f-8c98-c7ed3576de5c@group-EE856C9543A1-FollowerState: change to CANDIDATE, lastRpcTime:4ms, electionTimeout:4ms
2019-10-16 21:53:23,659 [Thread-1805] INFO  impl.RoleInfo (RoleInfo.java:shutdownFollowerState(121)) - 5c3956af-60d3-411f-8c98-c7ed3576de5c: shutdown FollowerState
2019-10-16 21:53:23,659 [Thread-1805] INFO  impl.RaftServerImpl (RaftServerImpl.java:setRole(184)) - 5c3956af-60d3-411f-8c98-c7ed3576de5c@group-EE856C9543A1: changes role from  FOLLOWER to CANDIDATE at term 254 for changeToCandidate
2019-10-16 21:53:23,659 [Thread-1805] INFO  impl.RoleInfo (RoleInfo.java:updateAndGet(143)) - 5c3956af-60d3-411f-8c98-c7ed3576de5c: start LeaderElection
2019-10-16 21:53:23,672 [5c3956af-60d3-411f-8c98-c7ed3576de5c@group-EE856C9543A1-LeaderElection242] INFO  impl.LeaderElection (LeaderElection.java:askForVotes(178)) - 5c3956af-60d3-411f-8c98-c7ed3576de5c@group-EE856C9543A1-LeaderElection242: begin an election at term 255 for -1: [5c3956af-60d3-411f-8c98-c7ed3576de5c:192.168.34.38:33787, efb933de-cdd8-4d8d-88d2-4c7ffe0dec1a:192.168.34.38:42459, 9d88716d-5d6b-4fd8-b832-a110dc45ee66:192.168.34.38:38211], old=null
2019-10-16 21:53:23,673 [5c3956af-60d3-411f-8c98-c7ed3576de5c@group-EE856C9543A1-LeaderElection242] INFO  impl.LeaderElection (LeaderElection.java:logAndReturn(56)) - 5c3956af-60d3-411f-8c98-c7ed3576de5c@group-EE856C9543A1-LeaderElection242: Election TIMEOUT; received 0 response(s) [] and 0 exception(s); 5c3956af-60d3-411f-8c98-c7ed3576de5c@group-EE856C9543A1:t255, leader=null, voted=5c3956af-60d3-411f-8c98-c7ed3576de5c, raftlog=5c3956af-60d3-411f-8c98-c7ed3576de5c@group-EE856C9543A1-SegmentedRaftLog:OPENED:c-1,f-1,i0, conf=-1: [5c3956af-60d3-411f-8c98-c7ed3576de5c:192.168.34.38:33787, efb933de-cdd8-4d8d-88d2-4c7ffe0dec1a:192.168.34.38:42459, 9d88716d-5d6b-4fd8-b832-a110dc45ee66:192.168.34.38:38211], old=null
2019-10-16 21:53:23,674 [grpc-default-executor-1] INFO  impl.RaftServerImpl (RaftServerImpl.java:setRole(184)) - efb933de-cdd8-4d8d-88d2-4c7ffe0dec1a@group-EE856C9543A1: changes role from  FOLLOWER to FOLLOWER at term 255 for recognizeCandidate:5c3956af-60d3-411f-8c98-c7ed3576de5c
2019-10-16 21:53:23,675 [grpc-default-executor-1] INFO  impl.RoleInfo (RoleInfo.java:shutdownFollowerState(121)) - efb933de-cdd8-4d8d-88d2-4c7ffe0dec1a: shutdown FollowerState
2019-10-16 21:53:23,675 [grpc-default-executor-1] INFO  impl.RoleInfo (RoleInfo.java:updateAndGet(143)) - efb933de-cdd8-4d8d-88d2-4c7ffe0dec1a: start FollowerState
2019-10-16 21:53:23,675 [grpc-default-executor-0] INFO  impl.RaftServerImpl (RaftServerImpl.java:setRole(184)) - 9d88716d-5d6b-4fd8-b832-a110dc45ee66@group-EE856C9543A1: changes role from  FOLLOWER to FOLLOWER at term 255 for recognizeCandidate:5c3956af-60d3-411f-8c98-c7ed3576de5c
2019-10-16 21:53:23,675 [Thread-1803] INFO  impl.FollowerState (FollowerState.java:run(117)) - efb933de-cdd8-4d8d-88d2-4c7ffe0dec1a@group-EE856C9543A1-FollowerState was interrupted: java.lang.InterruptedException: sleep interrupted
2019-10-16 21:53:23,675 [grpc-default-executor-0] INFO  impl.RoleInfo (RoleInfo.java:shutdownFollowerState(121)) - 9d88716d-5d6b-4fd8-b832-a110dc45ee66: shutdown FollowerState
2019-10-16 21:53:23,675 [grpc-default-executor-0] INFO  impl.RoleInfo (RoleInfo.java:updateAndGet(143)) - 9d88716d-5d6b-4fd8-b832-a110dc45ee66: start FollowerState
2019-10-16 21:53:23,675 [Thread-1804] INFO  impl.FollowerState (FollowerState.java:run(117)) - 9d88716d-5d6b-4fd8-b832-a110dc45ee66@group-EE856C9543A1-FollowerState was interrupted: java.lang.InterruptedException: sleep interrupted
2019-10-16 21:53:23,687 [5c3956af-60d3-411f-8c98-c7ed3576de5c@group-EE856C9543A1-LeaderElection242] INFO  impl.LeaderElection (LeaderElection.java:askForVotes(178)) - 5c3956af-60d3-411f-8c98-c7ed3576de5c@group-EE856C9543A1-LeaderElection242: begin an election at term 256 for -1: [5c3956af-60d3-411f-8c98-c7ed3576de5c:192.168.34.38:33787, efb933de-cdd8-4d8d-88d2-4c7ffe0dec1a:192.168.34.38:42459, 9d88716d-5d6b-4fd8-b832-a110dc45ee66:192.168.34.38:38211], old=null
2019-10-16 21:53:23,689 [grpc-default-executor-0] INFO  impl.RaftServerImpl (RaftServerImpl.java:setRole(184)) - efb933de-cdd8-4d8d-88d2-4c7ffe0dec1a@group-EE856C9543A1: changes role from  FOLLOWER to FOLLOWER at term 256 for recognizeCandidate:5c3956af-60d3-411f-8c98-c7ed3576de5c
2019-10-16 21:53:23,689 [grpc-default-executor-1] INFO  impl.RaftServerImpl (RaftServerImpl.java:setRole(184)) - 9d88716d-5d6b-4fd8-b832-a110dc45ee66@group-EE856C9543A1: changes role from  FOLLOWER to FOLLOWER at term 256 for recognizeCandidate:5c3956af-60d3-411f-8c98-c7ed3576de5c
2019-10-16 21:53:23,689 [grpc-default-executor-0] INFO  impl.RoleInfo (RoleInfo.java:shutdownFollowerState(121)) - efb933de-cdd8-4d8d-88d2-4c7ffe0dec1a: shutdown FollowerState
2019-10-16 21:53:23,690 [grpc-default-executor-1] INFO  impl.RoleInfo (RoleInfo.java:shutdownFollowerState(121)) - 9d88716d-5d6b-4fd8-b832-a110dc45ee66: shutdown FollowerState
2019-10-16 21:53:23,690 [Thread-1809] INFO  impl.FollowerState (FollowerState.java:run(117)) - efb933de-cdd8-4d8d-88d2-4c7ffe0dec1a@group-EE856C9543A1-FollowerState was interrupted: java.lang.InterruptedException: sleep interrupted
2019-10-16 21:53:23,690 [grpc-default-executor-0] INFO  impl.RoleInfo (RoleInfo.java:updateAndGet(143)) - efb933de-cdd8-4d8d-88d2-4c7ffe0dec1a: start FollowerState
2019-10-16 21:53:23,690 [Thread-1810] INFO  impl.FollowerState (FollowerState.java:run(117)) - 9d88716d-5d6b-4fd8-b832-a110dc45ee66@group-EE856C9543A1-FollowerState was interrupted: java.lang.InterruptedException: sleep interrupted
2019-10-16 21:53:23,690 [grpc-default-executor-1] INFO  impl.RoleInfo (RoleInfo.java:updateAndGet(143)) - 9d88716d-5d6b-4fd8-b832-a110dc45ee66: start FollowerState
2019-10-16 21:53:23,705 [5c3956af-60d3-411f-8c98-c7ed3576de5c@group-EE856C9543A1-LeaderElection242] INFO  impl.LeaderElection (LeaderElection.java:logAndReturn(56)) - 5c3956af-60d3-411f-8c98-c7ed3576de5c@group-EE856C9543A1-LeaderElection242: Election REJECTED; received 2 response(s) [5c3956af-60d3-411f-8c98-c7ed3576de5c<-efb933de-cdd8-4d8d-88d2-4c7ffe0dec1a#0:FAIL-t256, 5c3956af-60d3-411f-8c98-c7ed3576de5c<-9d88716d-5d6b-4fd8-b832-a110dc45ee66#0:FAIL-t256] and 0 exception(s); 5c3956af-60d3-411f-8c98-c7ed3576de5c@group-EE856C9543A1:t256, leader=null, voted=5c3956af-60d3-411f-8c98-c7ed3576de5c, raftlog=5c3956af-60d3-411f-8c98-c7ed3576de5c@group-EE856C9543A1-SegmentedRaftLog:OPENED:c-1,f-1,i0, conf=-1: [5c3956af-60d3-411f-8c98-c7ed3576de5c:192.168.34.38:33787, efb933de-cdd8-4d8d-88d2-4c7ffe0dec1a:192.168.34.38:42459, 9d88716d-5d6b-4fd8-b832-a110dc45ee66:192.168.34.38:38211], old=null
2019-10-16 21:53:23,705 [5c3956af-60d3-411f-8c98-c7ed3576de5c@group-EE856C9543A1-LeaderElection242] INFO  impl.RaftServerImpl (RaftServerImpl.java:setRole(184)) - 5c3956af-60d3-411f-8c98-c7ed3576de5c@group-EE856C9543A1: changes role from CANDIDATE to FOLLOWER at term 256 for DISCOVERED_A_NEW_TERM
2019-10-16 21:53:23,705 [5c3956af-60d3-411f-8c98-c7ed3576de5c@group-EE856C9543A1-LeaderElection242] INFO  impl.RoleInfo (RoleInfo.java:shutdownLeaderElection(134)) - 5c3956af-60d3-411f-8c98-c7ed3576de5c: shutdown LeaderElection
2019-10-16 21:53:23,705 [5c3956af-60d3-411f-8c98-c7ed3576de5c@group-EE856C9543A1-LeaderElection242] INFO  impl.RoleInfo (RoleInfo.java:updateAndGet(143)) - 5c3956af-60d3-411f-8c98-c7ed3576de5c: start FollowerState
2019-10-16 21:53:23,722 [Thread-1815] INFO  impl.FollowerState (FollowerState.java:run(108)) - 5c3956af-60d3-411f-8c98-c7ed3576de5c@group-EE856C9543A1-FollowerState: change to CANDIDATE, lastRpcTime:16ms, electionTimeout:16ms
2019-10-16 21:53:23,722 [Thread-1815] INFO  impl.RoleInfo (RoleInfo.java:shutdownFollowerState(121)) - 5c3956af-60d3-411f-8c98-c7ed3576de5c: shutdown FollowerState
2019-10-16 21:53:23,722 [Thread-1815] INFO  impl.RaftServerImpl (RaftServerImpl.java:setRole(184)) - 5c3956af-60d3-411f-8c98-c7ed3576de5c@group-EE856C9543A1: changes role from  FOLLOWER to CANDIDATE at term 256 for changeToCandidate
2019-10-16 21:53:23,722 [Thread-1815] INFO  impl.RoleInfo (RoleInfo.java:updateAndGet(143)) - 5c3956af-60d3-411f-8c98-c7ed3576de5c: start LeaderElection
2019-10-16 21:53:23,736 [5c3956af-60d3-411f-8c98-c7ed3576de5c@group-EE856C9543A1-LeaderElection243] INFO  impl.LeaderElection (LeaderElection.java:askForVotes(178)) - 5c3956af-60d3-411f-8c98-c7ed3576de5c@group-EE856C9543A1-LeaderElection243: begin an election at term 257 for -1: [5c3956af-60d3-411f-8c98-c7ed3576de5c:192.168.34.38:33787, efb933de-cdd8-4d8d-88d2-4c7ffe0dec1a:192.168.34.38:42459, 9d88716d-5d6b-4fd8-b832-a110dc45ee66:192.168.34.38:38211], old=null
2019-10-16 21:53:23,738 [grpc-default-executor-0] INFO  impl.RaftServerImpl (RaftServerImpl.java:setRole(184)) - 9d88716d-5d6b-4fd8-b832-a110dc45ee66@group-EE856C9543A1: changes role from  FOLLOWER to FOLLOWER at term 257 for recognizeCandidate:5c3956af-60d3-411f-8c98-c7ed3576de5c
2019-10-16 21:53:23,738 [grpc-default-executor-1] INFO  impl.RaftServerImpl (RaftServerImpl.java:setRole(184)) - efb933de-cdd8-4d8d-88d2-4c7ffe0dec1a@group-EE856C9543A1: changes role from  FOLLOWER to FOLLOWER at term 257 for recognizeCandidate:5c3956af-60d3-411f-8c98-c7ed3576de5c
2019-10-16 21:53:23,738 [grpc-default-executor-0] INFO  impl.RoleInfo (RoleInfo.java:shutdownFollowerState(121)) - 9d88716d-5d6b-4fd8-b832-a110dc45ee66: shutdown FollowerState
2019-10-16 21:53:23,738 [grpc-default-executor-1] INFO  impl.RoleInfo (RoleInfo.java:shutdownFollowerState(121)) - efb933de-cdd8-4d8d-88d2-4c7ffe0dec1a: shutdown FollowerState
2019-10-16 21:53:23,738 [Thread-1814] INFO  impl.FollowerState (FollowerState.java:run(117)) - 9d88716d-5d6b-4fd8-b832-a110dc45ee66@group-EE856C9543A1-FollowerState was interrupted: java.lang.InterruptedException: sleep interrupted
2019-10-16 21:53:23,738 [grpc-default-executor-0] INFO  impl.RoleInfo (RoleInfo.java:updateAndGet(143)) - 9d88716d-5d6b-4fd8-b832-a110dc45ee66: start FollowerState
2019-10-16 21:53:23,739 [Thread-1813] INFO  impl.FollowerState (FollowerState.java:run(117)) - efb933de-cdd8-4d8d-88d2-4c7ffe0dec1a@group-EE856C9543A1-FollowerState was interrupted: java.lang.InterruptedException: sleep interrupted
2019-10-16 21:53:23,739 [grpc-default-executor-1] INFO  impl.RoleInfo (RoleInfo.java:updateAndGet(143)) - efb933de-cdd8-4d8d-88d2-4c7ffe0dec1a: start FollowerState
2019-10-16 21:53:23,746 [5c3956af-60d3-411f-8c98-c7ed3576de5c@group-EE856C9543A1-LeaderElection243] INFO  impl.LeaderElection (LeaderElection.java:logAndReturn(56)) - 5c3956af-60d3-411f-8c98-c7ed3576de5c@group-EE856C9543A1-LeaderElection243: Election TIMEOUT; received 0 response(s) [] and 0 exception(s); 5c3956af-60d3-411f-8c98-c7ed3576de5c@group-EE856C9543A1:t257, leader=null, voted=5c3956af-60d3-411f-8c98-c7ed3576de5c, raftlog=5c3956af-60d3-411f-8c98-c7ed3576de5c@group-EE856C9543A1-SegmentedRaftLog:OPENED:c-1,f-1,i0, conf=-1: [5c3956af-60d3-411f-8c98-c7ed3576de5c:192.168.34.38:33787, efb933de-cdd8-4d8d-88d2-4c7ffe0dec1a:192.168.34.38:42459, 9d88716d-5d6b-4fd8-b832-a110dc45ee66:192.168.34.38:38211], old=null
2019-10-16 21:53:23,752 [5c3956af-60d3-411f-8c98-c7ed3576de5c@group-EE856C9543A1-LeaderElection243] INFO  impl.LeaderElection (LeaderElection.java:askForVotes(178)) - 5c3956af-60d3-411f-8c98-c7ed3576de5c@group-EE856C9543A1-LeaderElection243: begin an election at term 258 for -1: [5c3956af-60d3-411f-8c98-c7ed3576de5c:192.168.34.38:33787, efb933de-cdd8-4d8d-88d2-4c7ffe0dec1a:192.168.34.38:42459, 9d88716d-5d6b-4fd8-b832-a110dc45ee66:192.168.34.38:38211], old=null
2019-10-16 21:53:23,754 [grpc-default-executor-0] INFO  impl.RaftServerImpl (RaftServerImpl.java:setRole(184)) - 9d88716d-5d6b-4fd8-b832-a110dc45ee66@group-EE856C9543A1: changes role from  FOLLOWER to FOLLOWER at term 258 for recognizeCandidate:5c3956af-60d3-411f-8c98-c7ed3576de5c
2019-10-16 21:53:23,754 [grpc-default-executor-0] INFO  impl.RoleInfo (RoleInfo.java:shutdownFollowerState(121)) - 9d88716d-5d6b-4fd8-b832-a110dc45ee66: shutdown FollowerState
2019-10-16 21:53:23,754 [grpc-default-executor-0] INFO  impl.RoleInfo (RoleInfo.java:updateAndGet(143)) - 9d88716d-5d6b-4fd8-b832-a110dc45ee66: start FollowerState
2019-10-16 21:53:23,754 [Thread-1819] INFO  impl.FollowerState (FollowerState.java:run(117)) - 9d88716d-5d6b-4fd8-b832-a110dc45ee66@group-EE856C9543A1-FollowerState was interrupted: java.lang.InterruptedException: sleep interrupted
2019-10-16 21:53:23,754 [grpc-default-executor-1] INFO  impl.RaftServerImpl (RaftServerImpl.java:setRole(184)) - efb933de-cdd8-4d8d-88d2-4c7ffe0dec1a@group-EE856C9543A1: changes role from  FOLLOWER to FOLLOWER at term 258 for recognizeCandidate:5c3956af-60d3-411f-8c98-c7ed3576de5c
2019-10-16 21:53:23,755 [grpc-default-executor-1] INFO  impl.RoleInfo (RoleInfo.java:shutdownFollowerState(121)) - efb933de-cdd8-4d8d-88d2-4c7ffe0dec1a: shutdown FollowerState
2019-10-16 21:53:23,755 [grpc-default-executor-1] INFO  impl.RoleInfo (RoleInfo.java:updateAndGet(143)) - efb933de-cdd8-4d8d-88d2-4c7ffe0dec1a: start FollowerState
2019-10-16 21:53:23,755 [Thread-1820] INFO  impl.FollowerState (FollowerState.java:run(117)) - efb933de-cdd8-4d8d-88d2-4c7ffe0dec1a@group-EE856C9543A1-FollowerState was interrupted: java.lang.InterruptedException: sleep interrupted
2019-10-16 21:53:23,769 [5c3956af-60d3-411f-8c98-c7ed3576de5c@group-EE856C9543A1-LeaderElection243] INFO  impl.LeaderElection (LeaderElection.java:logAndReturn(56)) - 5c3956af-60d3-411f-8c98-c7ed3576de5c@group-EE856C9543A1-LeaderElection243: Election REJECTED; received 2 response(s) [5c3956af-60d3-411f-8c98-c7ed3576de5c<-efb933de-cdd8-4d8d-88d2-4c7ffe0dec1a#0:FAIL-t258, 5c3956af-60d3-411f-8c98-c7ed3576de5c<-9d88716d-5d6b-4fd8-b832-a110dc45ee66#0:FAIL-t258] and 0 exception(s); 5c3956af-60d3-411f-8c98-c7ed3576de5c@group-EE856C9543A1:t258, leader=null, voted=5c3956af-60d3-411f-8c98-c7ed3576de5c, raftlog=5c3956af-60d3-411f-8c98-c7ed3576de5c@group-EE856C9543A1-SegmentedRaftLog:OPENED:c-1,f-1,i0, conf=-1: [5c3956af-60d3-411f-8c98-c7ed3576de5c:192.168.34.38:33787, efb933de-cdd8-4d8d-88d2-4c7ffe0dec1a:192.168.34.38:42459, 9d88716d-5d6b-4fd8-b832-a110dc45ee66:192.168.34.38:38211], old=null
2019-10-16 21:53:23,769 [5c3956af-60d3-411f-8c98-c7ed3576de5c@group-EE856C9543A1-LeaderElection243] INFO  impl.RaftServerImpl (RaftServerImpl.java:setRole(184)) - 5c3956af-60d3-411f-8c98-c7ed3576de5c@group-EE856C9543A1: changes role from CANDIDATE to FOLLOWER at term 258 for DISCOVERED_A_NEW_TERM
2019-10-16 21:53:23,769 [5c3956af-60d3-411f-8c98-c7ed3576de5c@group-EE856C9543A1-LeaderElection243] INFO  impl.RoleInfo (RoleInfo.java:shutdownLeaderElection(134)) - 5c3956af-60d3-411f-8c98-c7ed3576de5c: shutdown LeaderElection
2019-10-16 21:53:23,769 [5c3956af-60d3-411f-8c98-c7ed3576de5c@group-EE856C9543A1-LeaderElection243] INFO  impl.RoleInfo (RoleInfo.java:updateAndGet(143)) - 5c3956af-60d3-411f-8c98-c7ed3576de5c: start FollowerState
2019-10-16 21:53:23,958 [Thread-1825] INFO  impl.FollowerState (FollowerState.java:run(108)) - 5c3956af-60d3-411f-8c98-c7ed3576de5c@group-EE856C9543A1-FollowerState: change to CANDIDATE, lastRpcTime:188ms, electionTimeout:188ms
2019-10-16 21:53:23,958 [Thread-1825] INFO  impl.RoleInfo (RoleInfo.java:shutdownFollowerState(121)) - 5c3956af-60d3-411f-8c98-c7ed3576de5c: shutdown FollowerState
2019-10-16 21:53:23,958 [Thread-1825] INFO  impl.RaftServerImpl (RaftServerImpl.java:setRole(184)) - 5c3956af-60d3-411f-8c98-c7ed3576de5c@group-EE856C9543A1: changes role from  FOLLOWER to CANDIDATE at term 258 for changeToCandidate
2019-10-16 21:53:23,958 [Thread-1825] INFO  impl.RoleInfo (RoleInfo.java:updateAndGet(143)) - 5c3956af-60d3-411f-8c98-c7ed3576de5c: start LeaderElection
2019-10-16 21:53:23,971 [5c3956af-60d3-411f-8c98-c7ed3576de5c@group-EE856C9543A1-LeaderElection244] INFO  impl.LeaderElection (LeaderElection.java:askForVotes(178)) - 5c3956af-60d3-411f-8c98-c7ed3576de5c@group-EE856C9543A1-LeaderElection244: begin an election at term 259 for -1: [5c3956af-60d3-411f-8c98-c7ed3576de5c:192.168.34.38:33787, efb933de-cdd8-4d8d-88d2-4c7ffe0dec1a:192.168.34.38:42459, 9d88716d-5d6b-4fd8-b832-a110dc45ee66:192.168.34.38:38211], old=null
2019-10-16 21:53:23,973 [grpc-default-executor-0] INFO  impl.RaftServerImpl (RaftServerImpl.java:setRole(184)) - efb933de-cdd8-4d8d-88d2-4c7ffe0dec1a@group-EE856C9543A1: changes role from  FOLLOWER to FOLLOWER at term 259 for recognizeCandidate:5c3956af-60d3-411f-8c98-c7ed3576de5c
2019-10-16 21:53:23,973 [grpc-default-executor-1] INFO  impl.RaftServerImpl (RaftServerImpl.java:setRole(184)) - 9d88716d-5d6b-4fd8-b832-a110dc45ee66@group-EE856C9543A1: changes role from  FOLLOWER to FOLLOWER at term 259 for recognizeCandidate:5c3956af-60d3-411f-8c98-c7ed3576de5c
2019-10-16 21:53:23,973 [grpc-default-executor-0] INFO  impl.RoleInfo (RoleInfo.java:shutdownFollowerState(121)) - efb933de-cdd8-4d8d-88d2-4c7ffe0dec1a: shutdown FollowerState
2019-10-16 21:53:23,974 [grpc-default-executor-1] INFO  impl.RoleInfo (RoleInfo.java:shutdownFollowerState(121)) - 9d88716d-5d6b-4fd8-b832-a110dc45ee66: shutdown FollowerState
2019-10-16 21:53:23,974 [Thread-1824] INFO  impl.FollowerState (FollowerState.java:run(117)) - efb933de-cdd8-4d8d-88d2-4c7ffe0dec1a@group-EE856C9543A1-FollowerState was interrupted: java.lang.InterruptedException: sleep interrupted
2019-10-16 21:53:23,974 [grpc-default-executor-0] INFO  impl.RoleInfo (RoleInfo.java:updateAndGet(143)) - efb933de-cdd8-4d8d-88d2-4c7ffe0dec1a: start FollowerState
2019-10-16 21:53:23,974 [Thread-1823] INFO  impl.FollowerState (FollowerState.java:run(117)) - 9d88716d-5d6b-4fd8-b832-a110dc45ee66@group-EE856C9543A1-FollowerState was interrupted: java.lang.InterruptedException: sleep interrupted
2019-10-16 21:53:23,974 [grpc-default-executor-1] INFO  impl.RoleInfo (RoleInfo.java:updateAndGet(143)) - 9d88716d-5d6b-4fd8-b832-a110dc45ee66: start FollowerState
2019-10-16 21:53:23,988 [5c3956af-60d3-411f-8c98-c7ed3576de5c@group-EE856C9543A1-LeaderElection244] INFO  impl.LeaderElection (LeaderElection.java:logAndReturn(56)) - 5c3956af-60d3-411f-8c98-c7ed3576de5c@group-EE856C9543A1-LeaderElection244: Election REJECTED; received 2 response(s) [5c3956af-60d3-411f-8c98-c7ed3576de5c<-efb933de-cdd8-4d8d-88d2-4c7ffe0dec1a#0:FAIL-t259, 5c3956af-60d3-411f-8c98-c7ed3576de5c<-9d88716d-5d6b-4fd8-b832-a110dc45ee66#0:FAIL-t259] and 0 exception(s); 5c3956af-60d3-411f-8c98-c7ed3576de5c@group-EE856C9543A1:t259, leader=null, voted=5c3956af-60d3-411f-8c98-c7ed3576de5c, raftlog=5c3956af-60d3-411f-8c98-c7ed3576de5c@group-EE856C9543A1-SegmentedRaftLog:OPENED:c-1,f-1,i0, conf=-1: [5c3956af-60d3-411f-8c98-c7ed3576de5c:192.168.34.38:33787, efb933de-cdd8-4d8d-88d2-4c7ffe0dec1a:192.168.34.38:42459, 9d88716d-5d6b-4fd8-b832-a110dc45ee66:192.168.34.38:38211], old=null
2019-10-16 21:53:23,988 [5c3956af-60d3-411f-8c98-c7ed3576de5c@group-EE856C9543A1-LeaderElection244] INFO  impl.RaftServerImpl (RaftServerImpl.java:setRole(184)) - 5c3956af-60d3-411f-8c98-c7ed3576de5c@group-EE856C9543A1: changes role from CANDIDATE to FOLLOWER at term 259 for DISCOVERED_A_NEW_TERM
2019-10-16 21:53:23,988 [5c3956af-60d3-411f-8c98-c7ed3576de5c@group-EE856C9543A1-LeaderElection244] INFO  impl.RoleInfo (RoleInfo.java:shutdownLeaderElection(134)) - 5c3956af-60d3-411f-8c98-c7ed3576de5c: shutdown LeaderElection
2019-10-16 21:53:23,988 [5c3956af-60d3-411f-8c98-c7ed3576de5c@group-EE856C9543A1-LeaderElection244] INFO  impl.RoleInfo (RoleInfo.java:updateAndGet(143)) - 5c3956af-60d3-411f-8c98-c7ed3576de5c: start FollowerState
2019-10-16 21:53:24,174 [Thread-1831] INFO  impl.FollowerState (FollowerState.java:run(108)) - 5c3956af-60d3-411f-8c98-c7ed3576de5c@group-EE856C9543A1-FollowerState: change to CANDIDATE, lastRpcTime:185ms, electionTimeout:185ms
2019-10-16 21:53:24,174 [Thread-1831] INFO  impl.RoleInfo (RoleInfo.java:shutdownFollowerState(121)) - 5c3956af-60d3-411f-8c98-c7ed3576de5c: shutdown FollowerState
2019-10-16 21:53:24,174 [Thread-1831] INFO  impl.RaftServerImpl (RaftServerImpl.java:setRole(184)) - 5c3956af-60d3-411f-8c98-c7ed3576de5c@group-EE856C9543A1: changes role from  FOLLOWER to CANDIDATE at term 259 for changeToCandidate
2019-10-16 21:53:24,174 [Thread-1831] INFO  impl.RoleInfo (RoleInfo.java:updateAndGet(143)) - 5c3956af-60d3-411f-8c98-c7ed3576de5c: start LeaderElection
2019-10-16 21:53:24,185 [5c3956af-60d3-411f-8c98-c7ed3576de5c@group-EE856C9543A1-LeaderElection245] INFO  impl.LeaderElection (LeaderElection.java:askForVotes(178)) - 5c3956af-60d3-411f-8c98-c7ed3576de5c@group-EE856C9543A1-LeaderElection245: begin an election at term 260 for -1: [5c3956af-60d3-411f-8c98-c7ed3576de5c:192.168.34.38:33787, efb933de-cdd8-4d8d-88d2-4c7ffe0dec1a:192.168.34.38:42459, 9d88716d-5d6b-4fd8-b832-a110dc45ee66:192.168.34.38:38211], old=null
2019-10-16 21:53:24,188 [grpc-default-executor-0] INFO  impl.RaftServerImpl (RaftServerImpl.java:setRole(184)) - 9d88716d-5d6b-4fd8-b832-a110dc45ee66@group-EE856C9543A1: changes role from  FOLLOWER to FOLLOWER at term 260 for recognizeCandidate:5c3956af-60d3-411f-8c98-c7ed3576de5c
2019-10-16 21:53:24,188 [grpc-default-executor-1] INFO  impl.RaftServerImpl (RaftServerImpl.java:setRole(184)) - efb933de-cdd8-4d8d-88d2-4c7ffe0dec1a@group-EE856C9543A1: changes role from  FOLLOWER to FOLLOWER at term 260 for recognizeCandidate:5c3956af-60d3-411f-8c98-c7ed3576de5c
2019-10-16 21:53:24,188 [grpc-default-executor-0] INFO  impl.RoleInfo (RoleInfo.java:shutdownFollowerState(121)) - 9d88716d-5d6b-4fd8-b832-a110dc45ee66: shutdown FollowerState
2019-10-16 21:53:24,188 [grpc-default-executor-1] INFO  impl.RoleInfo (RoleInfo.java:shutdownFollowerState(121)) - efb933de-cdd8-4d8d-88d2-4c7ffe0dec1a: shutdown FollowerState
2019-10-16 21:53:24,188 [Thread-1830] INFO  impl.FollowerState (FollowerState.java:run(117)) - 9d88716d-5d6b-4fd8-b832-a110dc45ee66@group-EE856C9543A1-FollowerState was interrupted: java.lang.InterruptedException: sleep interrupted
2019-10-16 21:53:24,188 [grpc-default-executor-0] INFO  impl.RoleInfo (RoleInfo.java:updateAndGet(143)) - 9d88716d-5d6b-4fd8-b832-a110dc45ee66: start FollowerState
2019-10-16 21:53:24,188 [Thread-1829] INFO  impl.FollowerState (FollowerState.java:run(117)) - efb933de-cdd8-4d8d-88d2-4c7ffe0dec1a@group-EE856C9543A1-FollowerState was interrupted: java.lang.InterruptedException: sleep interrupted
2019-10-16 21:53:24,188 [grpc-default-executor-1] INFO  impl.RoleInfo (RoleInfo.java:updateAndGet(143)) - efb933de-cdd8-4d8d-88d2-4c7ffe0dec1a: start FollowerState
2019-10-16 21:53:24,200 [5c3956af-60d3-411f-8c98-c7ed3576de5c@group-EE856C9543A1-LeaderElection245] INFO  impl.LeaderElection (LeaderElection.java:logAndReturn(56)) - 5c3956af-60d3-411f-8c98-c7ed3576de5c@group-EE856C9543A1-LeaderElection245: Election TIMEOUT; received 0 response(s) [] and 0 exception(s); 5c3956af-60d3-411f-8c98-c7ed3576de5c@group-EE856C9543A1:t260, leader=null, voted=5c3956af-60d3-411f-8c98-c7ed3576de5c, raftlog=5c3956af-60d3-411f-8c98-c7ed3576de5c@group-EE856C9543A1-SegmentedRaftLog:OPENED:c-1,f-1,i0, conf=-1: [5c3956af-60d3-411f-8c98-c7ed3576de5c:192.168.34.38:33787, efb933de-cdd8-4d8d-88d2-4c7ffe0dec1a:192.168.34.38:42459, 9d88716d-5d6b-4fd8-b832-a110dc45ee66:192.168.34.38:38211], old=null
2019-10-16 21:53:24,205 [5c3956af-60d3-411f-8c98-c7ed3576de5c@group-EE856C9543A1-LeaderElection245] INFO  impl.LeaderElection (LeaderElection.java:askForVotes(178)) - 5c3956af-60d3-411f-8c98-c7ed3576de5c@group-EE856C9543A1-LeaderElection245: begin an election at term 261 for -1: [5c3956af-60d3-411f-8c98-c7ed3576de5c:192.168.34.38:33787, efb933de-cdd8-4d8d-88d2-4c7ffe0dec1a:192.168.34.38:42459, 9d88716d-5d6b-4fd8-b832-a110dc45ee66:192.168.34.38:38211], old=null
2019-10-16 21:53:24,206 [grpc-default-executor-1] INFO  impl.RaftServerImpl (RaftServerImpl.java:setRole(184)) - efb933de-cdd8-4d8d-88d2-4c7ffe0dec1a@group-EE856C9543A1: changes role from  FOLLOWER to FOLLOWER at term 261 for recognizeCandidate:5c3956af-60d3-411f-8c98-c7ed3576de5c
2019-10-16 21:53:24,207 [grpc-default-executor-1] INFO  impl.RoleInfo (RoleInfo.java:shutdownFollowerState(121)) - efb933de-cdd8-4d8d-88d2-4c7ffe0dec1a: shutdown FollowerState
2019-10-16 21:53:24,207 [grpc-default-executor-0] INFO  impl.RaftServerImpl (RaftServerImpl.java:setRole(184)) - 9d88716d-5d6b-4fd8-b832-a110dc45ee66@group-EE856C9543A1: changes role from  FOLLOWER to FOLLOWER at term 261 for recognizeCandidate:5c3956af-60d3-411f-8c98-c7ed3576de5c
2019-10-16 21:53:24,207 [Thread-1836] INFO  impl.FollowerState (FollowerState.java:run(117)) - efb933de-cdd8-4d8d-88d2-4c7ffe0dec1a@group-EE856C9543A1-FollowerState was interrupted: java.lang.InterruptedException: sleep interrupted
2019-10-16 21:53:24,207 [grpc-default-executor-1] INFO  impl.RoleInfo (RoleInfo.java:updateAndGet(143)) - efb933de-cdd8-4d8d-88d2-4c7ffe0dec1a: start FollowerState
2019-10-16 21:53:24,207 [grpc-default-executor-0] INFO  impl.RoleInfo (RoleInfo.java:shutdownFollowerState(121)) - 9d88716d-5d6b-4fd8-b832-a110dc45ee66: shutdown FollowerState
2019-10-16 21:53:24,207 [grpc-default-executor-0] INFO  impl.RoleInfo (RoleInfo.java:updateAndGet(143)) - 9d88716d-5d6b-4fd8-b832-a110dc45ee66: start FollowerState
2019-10-16 21:53:24,207 [Thread-1835] INFO  impl.FollowerState (FollowerState.java:run(117)) - 9d88716d-5d6b-4fd8-b832-a110dc45ee66@group-EE856C9543A1-FollowerState was interrupted: java.lang.InterruptedException: sleep interrupted
2019-10-16 21:53:24,223 [5c3956af-60d3-411f-8c98-c7ed3576de5c@group-EE856C9543A1-LeaderElection245] INFO  impl.LeaderElection (LeaderElection.java:logAndReturn(56)) - 5c3956af-60d3-411f-8c98-c7ed3576de5c@group-EE856C9543A1-LeaderElection245: Election REJECTED; received 2 response(s) [5c3956af-60d3-411f-8c98-c7ed3576de5c<-efb933de-cdd8-4d8d-88d2-4c7ffe0dec1a#0:FAIL-t261, 5c3956af-60d3-411f-8c98-c7ed3576de5c<-9d88716d-5d6b-4fd8-b832-a110dc45ee66#0:FAIL-t261] and 0 exception(s); 5c3956af-60d3-411f-8c98-c7ed3576de5c@group-EE856C9543A1:t261, leader=null, voted=5c3956af-60d3-411f-8c98-c7ed3576de5c, raftlog=5c3956af-60d3-411f-8c98-c7ed3576de5c@group-EE856C9543A1-SegmentedRaftLog:OPENED:c-1,f-1,i0, conf=-1: [5c3956af-60d3-411f-8c98-c7ed3576de5c:192.168.34.38:33787, efb933de-cdd8-4d8d-88d2-4c7ffe0dec1a:192.168.34.38:42459, 9d88716d-5d6b-4fd8-b832-a110dc45ee66:192.168.34.38:38211], old=null
2019-10-16 21:53:24,223 [5c3956af-60d3-411f-8c98-c7ed3576de5c@group-EE856C9543A1-LeaderElection245] INFO  impl.RaftServerImpl (RaftServerImpl.java:setRole(184)) - 5c3956af-60d3-411f-8c98-c7ed3576de5c@group-EE856C9543A1: changes role from CANDIDATE to FOLLOWER at term 261 for DISCOVERED_A_NEW_TERM
2019-10-16 21:53:24,223 [5c3956af-60d3-411f-8c98-c7ed3576de5c@group-EE856C9543A1-LeaderElection245] INFO  impl.RoleInfo (RoleInfo.java:shutdownLeaderElection(134)) - 5c3956af-60d3-411f-8c98-c7ed3576de5c: shutdown LeaderElection
2019-10-16 21:53:24,223 [5c3956af-60d3-411f-8c98-c7ed3576de5c@group-EE856C9543A1-LeaderElection245] INFO  impl.RoleInfo (RoleInfo.java:updateAndGet(143)) - 5c3956af-60d3-411f-8c98-c7ed3576de5c: start FollowerState
2019-10-16 21:53:24,411 [Thread-1841] INFO  impl.FollowerState (FollowerState.java:run(108)) - 5c3956af-60d3-411f-8c98-c7ed3576de5c@group-EE856C9543A1-FollowerState: change to CANDIDATE, lastRpcTime:187ms, electionTimeout:187ms
2019-10-16 21:53:24,411 [Thread-1841] INFO  impl.RoleInfo (RoleInfo.java:shutdownFollowerState(121)) - 5c3956af-60d3-411f-8c98-c7ed3576de5c: shutdown FollowerState
2019-10-16 21:53:24,411 [Thread-1841] INFO  impl.RaftServerImpl (RaftServerImpl.java:setRole(184)) - 5c3956af-60d3-411f-8c98-c7ed3576de5c@group-EE856C9543A1: changes role from  FOLLOWER to CANDIDATE at term 261 for changeToCandidate
2019-10-16 21:53:24,412 [Thread-1841] INFO  impl.RoleInfo (RoleInfo.java:updateAndGet(143)) - 5c3956af-60d3-411f-8c98-c7ed3576de5c: start LeaderElection
2019-10-16 21:53:24,412 [JUnit] INFO  ozone.MiniOzoneClusterImpl (MiniOzoneClusterImpl.java:lambda$waitForClusterToBeReady$2(164)) - Waiting for 1 number of pipelines out of 6, to report a leader.
2019-10-16 21:53:24,425 [5c3956af-60d3-411f-8c98-c7ed3576de5c@group-EE856C9543A1-LeaderElection246] INFO  impl.LeaderElection (LeaderElection.java:askForVotes(178)) - 5c3956af-60d3-411f-8c98-c7ed3576de5c@group-EE856C9543A1-LeaderElection246: begin an election at term 262 for -1: [5c3956af-60d3-411f-8c98-c7ed3576de5c:192.168.34.38:33787, efb933de-cdd8-4d8d-88d2-4c7ffe0dec1a:192.168.34.38:42459, 9d88716d-5d6b-4fd8-b832-a110dc45ee66:192.168.34.38:38211], old=null
2019-10-16 21:53:24,428 [grpc-default-executor-0] INFO  impl.RaftServerImpl (RaftServerImpl.java:setRole(184)) - efb933de-cdd8-4d8d-88d2-4c7ffe0dec1a@group-EE856C9543A1: changes role from  FOLLOWER to FOLLOWER at term 262 for recognizeCandidate:5c3956af-60d3-411f-8c98-c7ed3576de5c
2019-10-16 21:53:24,428 [grpc-default-executor-1] INFO  impl.RaftServerImpl (RaftServerImpl.java:setRole(184)) - 9d88716d-5d6b-4fd8-b832-a110dc45ee66@group-EE856C9543A1: changes role from  FOLLOWER to FOLLOWER at term 262 for recognizeCandidate:5c3956af-60d3-411f-8c98-c7ed3576de5c
2019-10-16 21:53:24,428 [grpc-default-executor-0] INFO  impl.RoleInfo (RoleInfo.java:shutdownFollowerState(121)) - efb933de-cdd8-4d8d-88d2-4c7ffe0dec1a: shutdown FollowerState
2019-10-16 21:53:24,429 [grpc-default-executor-1] INFO  impl.RoleInfo (RoleInfo.java:shutdownFollowerState(121)) - 9d88716d-5d6b-4fd8-b832-a110dc45ee66: shutdown FollowerState
2019-10-16 21:53:24,429 [Thread-1839] INFO  impl.FollowerState (FollowerState.java:run(117)) - efb933de-cdd8-4d8d-88d2-4c7ffe0dec1a@group-EE856C9543A1-FollowerState was interrupted: java.lang.InterruptedException: sleep interrupted
2019-10-16 21:53:24,429 [grpc-default-executor-0] INFO  impl.RoleInfo (RoleInfo.java:updateAndGet(143)) - efb933de-cdd8-4d8d-88d2-4c7ffe0dec1a: start FollowerState
2019-10-16 21:53:24,429 [Thread-1840] INFO  impl.FollowerState (FollowerState.java:run(117)) - 9d88716d-5d6b-4fd8-b832-a110dc45ee66@group-EE856C9543A1-FollowerState was interrupted: java.lang.InterruptedException: sleep interrupted
2019-10-16 21:53:24,429 [grpc-default-executor-1] INFO  impl.RoleInfo (RoleInfo.java:updateAndGet(143)) - 9d88716d-5d6b-4fd8-b832-a110dc45ee66: start FollowerState
2019-10-16 21:53:24,452 [5c3956af-60d3-411f-8c98-c7ed3576de5c@group-EE856C9543A1-LeaderElection246] INFO  impl.LeaderElection (LeaderElection.java:logAndReturn(56)) - 5c3956af-60d3-411f-8c98-c7ed3576de5c@group-EE856C9543A1-LeaderElection246: Election REJECTED; received 2 response(s) [5c3956af-60d3-411f-8c98-c7ed3576de5c<-efb933de-cdd8-4d8d-88d2-4c7ffe0dec1a#0:FAIL-t262, 5c3956af-60d3-411f-8c98-c7ed3576de5c<-9d88716d-5d6b-4fd8-b832-a110dc45ee66#0:FAIL-t262] and 0 exception(s); 5c3956af-60d3-411f-8c98-c7ed3576de5c@group-EE856C9543A1:t262, leader=null, voted=5c3956af-60d3-411f-8c98-c7ed3576de5c, raftlog=5c3956af-60d3-411f-8c98-c7ed3576de5c@group-EE856C9543A1-SegmentedRaftLog:OPENED:c-1,f-1,i0, conf=-1: [5c3956af-60d3-411f-8c98-c7ed3576de5c:192.168.34.38:33787, efb933de-cdd8-4d8d-88d2-4c7ffe0dec1a:192.168.34.38:42459, 9d88716d-5d6b-4fd8-b832-a110dc45ee66:192.168.34.38:38211], old=null
2019-10-16 21:53:24,453 [5c3956af-60d3-411f-8c98-c7ed3576de5c@group-EE856C9543A1-LeaderElection246] INFO  impl.RaftServerImpl (RaftServerImpl.java:setRole(184)) - 5c3956af-60d3-411f-8c98-c7ed3576de5c@group-EE856C9543A1: changes role from CANDIDATE to FOLLOWER at term 262 for DISCOVERED_A_NEW_TERM
2019-10-16 21:53:24,453 [5c3956af-60d3-411f-8c98-c7ed3576de5c@group-EE856C9543A1-LeaderElection246] INFO  impl.RoleInfo (RoleInfo.java:shutdownLeaderElection(134)) - 5c3956af-60d3-411f-8c98-c7ed3576de5c: shutdown LeaderElection
2019-10-16 21:53:24,453 [5c3956af-60d3-411f-8c98-c7ed3576de5c@group-EE856C9543A1-LeaderElection246] INFO  impl.RoleInfo (RoleInfo.java:updateAndGet(143)) - 5c3956af-60d3-411f-8c98-c7ed3576de5c: start FollowerState
2019-10-16 21:53:24,462 [Thread-1847] INFO  impl.FollowerState (FollowerState.java:run(108)) - 5c3956af-60d3-411f-8c98-c7ed3576de5c@group-EE856C9543A1-FollowerState: change to CANDIDATE, lastRpcTime:9ms, electionTimeout:9ms
2019-10-16 21:53:24,462 [Thread-1847] INFO  impl.RoleInfo (RoleInfo.java:shutdownFollowerState(121)) - 5c3956af-60d3-411f-8c98-c7ed3576de5c: shutdown FollowerState
2019-10-16 21:53:24,463 [Thread-1847] INFO  impl.RaftServerImpl (RaftServerImpl.java:setRole(184)) - 5c3956af-60d3-411f-8c98-c7ed3576de5c@group-EE856C9543A1: changes role from  FOLLOWER to CANDIDATE at term 262 for changeToCandidate
2019-10-16 21:53:24,463 [Thread-1847] INFO  impl.RoleInfo (RoleInfo.java:updateAndGet(143)) - 5c3956af-60d3-411f-8c98-c7ed3576de5c: start LeaderElection
2019-10-16 21:53:24,480 [5c3956af-60d3-411f-8c98-c7ed3576de5c@group-EE856C9543A1-LeaderElection247] INFO  impl.LeaderElection (LeaderElection.java:askForVotes(178)) - 5c3956af-60d3-411f-8c98-c7ed3576de5c@group-EE856C9543A1-LeaderElection247: begin an election at term 263 for -1: [5c3956af-60d3-411f-8c98-c7ed3576de5c:192.168.34.38:33787, efb933de-cdd8-4d8d-88d2-4c7ffe0dec1a:192.168.34.38:42459, 9d88716d-5d6b-4fd8-b832-a110dc45ee66:192.168.34.38:38211], old=null
2019-10-16 21:53:24,483 [grpc-default-executor-0] INFO  impl.RaftServerImpl (RaftServerImpl.java:setRole(184)) - efb933de-cdd8-4d8d-88d2-4c7ffe0dec1a@group-EE856C9543A1: changes role from  FOLLOWER to FOLLOWER at term 263 for recognizeCandidate:5c3956af-60d3-411f-8c98-c7ed3576de5c
2019-10-16 21:53:24,483 [grpc-default-executor-0] INFO  impl.RoleInfo (RoleInfo.java:shutdownFollowerState(121)) - efb933de-cdd8-4d8d-88d2-4c7ffe0dec1a: shutdown FollowerState
2019-10-16 21:53:24,483 [grpc-default-executor-1] INFO  impl.RaftServerImpl (RaftServerImpl.java:setRole(184)) - 9d88716d-5d6b-4fd8-b832-a110dc45ee66@group-EE856C9543A1: changes role from  FOLLOWER to FOLLOWER at term 263 for recognizeCandidate:5c3956af-60d3-411f-8c98-c7ed3576de5c
2019-10-16 21:53:24,483 [Thread-1845] INFO  impl.FollowerState (FollowerState.java:run(117)) - efb933de-cdd8-4d8d-88d2-4c7ffe0dec1a@group-EE856C9543A1-FollowerState was interrupted: java.lang.InterruptedException: sleep interrupted
2019-10-16 21:53:24,483 [grpc-default-executor-0] INFO  impl.RoleInfo (RoleInfo.java:updateAndGet(143)) - efb933de-cdd8-4d8d-88d2-4c7ffe0dec1a: start FollowerState
2019-10-16 21:53:24,483 [grpc-default-executor-1] INFO  impl.RoleInfo (RoleInfo.java:shutdownFollowerState(121)) - 9d88716d-5d6b-4fd8-b832-a110dc45ee66: shutdown FollowerState
2019-10-16 21:53:24,483 [grpc-default-executor-1] INFO  impl.RoleInfo (RoleInfo.java:updateAndGet(143)) - 9d88716d-5d6b-4fd8-b832-a110dc45ee66: start FollowerState
2019-10-16 21:53:24,484 [Thread-1846] INFO  impl.FollowerState (FollowerState.java:run(117)) - 9d88716d-5d6b-4fd8-b832-a110dc45ee66@group-EE856C9543A1-FollowerState was interrupted: java.lang.InterruptedException: sleep interrupted
2019-10-16 21:53:24,498 [5c3956af-60d3-411f-8c98-c7ed3576de5c@group-EE856C9543A1-LeaderElection247] INFO  impl.LeaderElection (LeaderElection.java:logAndReturn(56)) - 5c3956af-60d3-411f-8c98-c7ed3576de5c@group-EE856C9543A1-LeaderElection247: Election REJECTED; received 2 response(s) [5c3956af-60d3-411f-8c98-c7ed3576de5c<-efb933de-cdd8-4d8d-88d2-4c7ffe0dec1a#0:FAIL-t263, 5c3956af-60d3-411f-8c98-c7ed3576de5c<-9d88716d-5d6b-4fd8-b832-a110dc45ee66#0:FAIL-t263] and 0 exception(s); 5c3956af-60d3-411f-8c98-c7ed3576de5c@group-EE856C9543A1:t263, leader=null, voted=5c3956af-60d3-411f-8c98-c7ed3576de5c, raftlog=5c3956af-60d3-411f-8c98-c7ed3576de5c@group-EE856C9543A1-SegmentedRaftLog:OPENED:c-1,f-1,i0, conf=-1: [5c3956af-60d3-411f-8c98-c7ed3576de5c:192.168.34.38:33787, efb933de-cdd8-4d8d-88d2-4c7ffe0dec1a:192.168.34.38:42459, 9d88716d-5d6b-4fd8-b832-a110dc45ee66:192.168.34.38:38211], old=null
2019-10-16 21:53:24,498 [5c3956af-60d3-411f-8c98-c7ed3576de5c@group-EE856C9543A1-LeaderElection247] INFO  impl.RaftServerImpl (RaftServerImpl.java:setRole(184)) - 5c3956af-60d3-411f-8c98-c7ed3576de5c@group-EE856C9543A1: changes role from CANDIDATE to FOLLOWER at term 263 for DISCOVERED_A_NEW_TERM
2019-10-16 21:53:24,498 [5c3956af-60d3-411f-8c98-c7ed3576de5c@group-EE856C9543A1-LeaderElection247] INFO  impl.RoleInfo (RoleInfo.java:shutdownLeaderElection(134)) - 5c3956af-60d3-411f-8c98-c7ed3576de5c: shutdown LeaderElection
2019-10-16 21:53:24,498 [5c3956af-60d3-411f-8c98-c7ed3576de5c@group-EE856C9543A1-LeaderElection247] INFO  impl.RoleInfo (RoleInfo.java:updateAndGet(143)) - 5c3956af-60d3-411f-8c98-c7ed3576de5c: start FollowerState
2019-10-16 21:53:24,536 [Thread-1853] INFO  impl.FollowerState (FollowerState.java:run(108)) - 5c3956af-60d3-411f-8c98-c7ed3576de5c@group-EE856C9543A1-FollowerState: change to CANDIDATE, lastRpcTime:37ms, electionTimeout:37ms
2019-10-16 21:53:24,536 [Thread-1853] INFO  impl.RoleInfo (RoleInfo.java:shutdownFollowerState(121)) - 5c3956af-60d3-411f-8c98-c7ed3576de5c: shutdown FollowerState
2019-10-16 21:53:24,536 [Thread-1853] INFO  impl.RaftServerImpl (RaftServerImpl.java:setRole(184)) - 5c3956af-60d3-411f-8c98-c7ed3576de5c@group-EE856C9543A1: changes role from  FOLLOWER to CANDIDATE at term 263 for changeToCandidate
2019-10-16 21:53:24,536 [Thread-1853] INFO  impl.RoleInfo (RoleInfo.java:updateAndGet(143)) - 5c3956af-60d3-411f-8c98-c7ed3576de5c: start LeaderElection
2019-10-16 21:53:24,549 [5c3956af-60d3-411f-8c98-c7ed3576de5c@group-EE856C9543A1-LeaderElection248] INFO  impl.LeaderElection (LeaderElection.java:askForVotes(178)) - 5c3956af-60d3-411f-8c98-c7ed3576de5c@group-EE856C9543A1-LeaderElection248: begin an election at term 264 for -1: [5c3956af-60d3-411f-8c98-c7ed3576de5c:192.168.34.38:33787, efb933de-cdd8-4d8d-88d2-4c7ffe0dec1a:192.168.34.38:42459, 9d88716d-5d6b-4fd8-b832-a110dc45ee66:192.168.34.38:38211], old=null
2019-10-16 21:53:24,551 [grpc-default-executor-0] INFO  impl.RaftServerImpl (RaftServerImpl.java:setRole(184)) - 9d88716d-5d6b-4fd8-b832-a110dc45ee66@group-EE856C9543A1: changes role from  FOLLOWER to FOLLOWER at term 264 for recognizeCandidate:5c3956af-60d3-411f-8c98-c7ed3576de5c
2019-10-16 21:53:24,552 [grpc-default-executor-1] INFO  impl.RaftServerImpl (RaftServerImpl.java:setRole(184)) - efb933de-cdd8-4d8d-88d2-4c7ffe0dec1a@group-EE856C9543A1: changes role from  FOLLOWER to FOLLOWER at term 264 for recognizeCandidate:5c3956af-60d3-411f-8c98-c7ed3576de5c
2019-10-16 21:53:24,552 [grpc-default-executor-1] INFO  impl.RoleInfo (RoleInfo.java:shutdownFollowerState(121)) - efb933de-cdd8-4d8d-88d2-4c7ffe0dec1a: shutdown FollowerState
2019-10-16 21:53:24,552 [grpc-default-executor-0] INFO  impl.RoleInfo (RoleInfo.java:shutdownFollowerState(121)) - 9d88716d-5d6b-4fd8-b832-a110dc45ee66: shutdown FollowerState
2019-10-16 21:53:24,552 [Thread-1851] INFO  impl.FollowerState (FollowerState.java:run(117)) - efb933de-cdd8-4d8d-88d2-4c7ffe0dec1a@group-EE856C9543A1-FollowerState was interrupted: java.lang.InterruptedException: sleep interrupted
2019-10-16 21:53:24,552 [grpc-default-executor-1] INFO  impl.RoleInfo (RoleInfo.java:updateAndGet(143)) - efb933de-cdd8-4d8d-88d2-4c7ffe0dec1a: start FollowerState
2019-10-16 21:53:24,552 [Thread-1852] INFO  impl.FollowerState (FollowerState.java:run(117)) - 9d88716d-5d6b-4fd8-b832-a110dc45ee66@group-EE856C9543A1-FollowerState was interrupted: java.lang.InterruptedException: sleep interrupted
2019-10-16 21:53:24,552 [grpc-default-executor-0] INFO  impl.RoleInfo (RoleInfo.java:updateAndGet(143)) - 9d88716d-5d6b-4fd8-b832-a110dc45ee66: start FollowerState
2019-10-16 21:53:24,566 [5c3956af-60d3-411f-8c98-c7ed3576de5c@group-EE856C9543A1-LeaderElection248] INFO  impl.LeaderElection (LeaderElection.java:logAndReturn(56)) - 5c3956af-60d3-411f-8c98-c7ed3576de5c@group-EE856C9543A1-LeaderElection248: Election REJECTED; received 2 response(s) [5c3956af-60d3-411f-8c98-c7ed3576de5c<-efb933de-cdd8-4d8d-88d2-4c7ffe0dec1a#0:FAIL-t264, 5c3956af-60d3-411f-8c98-c7ed3576de5c<-9d88716d-5d6b-4fd8-b832-a110dc45ee66#0:FAIL-t264] and 0 exception(s); 5c3956af-60d3-411f-8c98-c7ed3576de5c@group-EE856C9543A1:t264, leader=null, voted=5c3956af-60d3-411f-8c98-c7ed3576de5c, raftlog=5c3956af-60d3-411f-8c98-c7ed3576de5c@group-EE856C9543A1-SegmentedRaftLog:OPENED:c-1,f-1,i0, conf=-1: [5c3956af-60d3-411f-8c98-c7ed3576de5c:192.168.34.38:33787, efb933de-cdd8-4d8d-88d2-4c7ffe0dec1a:192.168.34.38:42459, 9d88716d-5d6b-4fd8-b832-a110dc45ee66:192.168.34.38:38211], old=null
2019-10-16 21:53:24,567 [5c3956af-60d3-411f-8c98-c7ed3576de5c@group-EE856C9543A1-LeaderElection248] INFO  impl.RaftServerImpl (RaftServerImpl.java:setRole(184)) - 5c3956af-60d3-411f-8c98-c7ed3576de5c@group-EE856C9543A1: changes role from CANDIDATE to FOLLOWER at term 264 for DISCOVERED_A_NEW_TERM
2019-10-16 21:53:24,567 [5c3956af-60d3-411f-8c98-c7ed3576de5c@group-EE856C9543A1-LeaderElection248] INFO  impl.RoleInfo (RoleInfo.java:shutdownLeaderElection(134)) - 5c3956af-60d3-411f-8c98-c7ed3576de5c: shutdown LeaderElection
2019-10-16 21:53:24,567 [5c3956af-60d3-411f-8c98-c7ed3576de5c@group-EE856C9543A1-LeaderElection248] INFO  impl.RoleInfo (RoleInfo.java:updateAndGet(143)) - 5c3956af-60d3-411f-8c98-c7ed3576de5c: start FollowerState
2019-10-16 21:53:24,752 [Thread-1859] INFO  impl.FollowerState (FollowerState.java:run(108)) - 5c3956af-60d3-411f-8c98-c7ed3576de5c@group-EE856C9543A1-FollowerState: change to CANDIDATE, lastRpcTime:185ms, electionTimeout:185ms
2019-10-16 21:53:24,752 [Thread-1859] INFO  impl.RoleInfo (RoleInfo.java:shutdownFollowerState(121)) - 5c3956af-60d3-411f-8c98-c7ed3576de5c: shutdown FollowerState
2019-10-16 21:53:24,752 [Thread-1859] INFO  impl.RaftServerImpl (RaftServerImpl.java:setRole(184)) - 5c3956af-60d3-411f-8c98-c7ed3576de5c@group-EE856C9543A1: changes role from  FOLLOWER to CANDIDATE at term 264 for changeToCandidate
2019-10-16 21:53:24,753 [Thread-1859] INFO  impl.RoleInfo (RoleInfo.java:updateAndGet(143)) - 5c3956af-60d3-411f-8c98-c7ed3576de5c: start LeaderElection
2019-10-16 21:53:24,767 [5c3956af-60d3-411f-8c98-c7ed3576de5c@group-EE856C9543A1-LeaderElection249] INFO  impl.LeaderElection (LeaderElection.java:askForVotes(178)) - 5c3956af-60d3-411f-8c98-c7ed3576de5c@group-EE856C9543A1-LeaderElection249: begin an election at term 265 for -1: [5c3956af-60d3-411f-8c98-c7ed3576de5c:192.168.34.38:33787, efb933de-cdd8-4d8d-88d2-4c7ffe0dec1a:192.168.34.38:42459, 9d88716d-5d6b-4fd8-b832-a110dc45ee66:192.168.34.38:38211], old=null
2019-10-16 21:53:24,769 [grpc-default-executor-1] INFO  impl.RaftServerImpl (RaftServerImpl.java:setRole(184)) - efb933de-cdd8-4d8d-88d2-4c7ffe0dec1a@group-EE856C9543A1: changes role from  FOLLOWER to FOLLOWER at term 265 for recognizeCandidate:5c3956af-60d3-411f-8c98-c7ed3576de5c
2019-10-16 21:53:24,769 [grpc-default-executor-0] INFO  impl.RaftServerImpl (RaftServerImpl.java:setRole(184)) - 9d88716d-5d6b-4fd8-b832-a110dc45ee66@group-EE856C9543A1: changes role from  FOLLOWER to FOLLOWER at term 265 for recognizeCandidate:5c3956af-60d3-411f-8c98-c7ed3576de5c
2019-10-16 21:53:24,769 [grpc-default-executor-0] INFO  impl.RoleInfo (RoleInfo.java:shutdownFollowerState(121)) - 9d88716d-5d6b-4fd8-b832-a110dc45ee66: shutdown FollowerState
2019-10-16 21:53:24,769 [grpc-default-executor-1] INFO  impl.RoleInfo (RoleInfo.java:shutdownFollowerState(121)) - efb933de-cdd8-4d8d-88d2-4c7ffe0dec1a: shutdown FollowerState
2019-10-16 21:53:24,769 [Thread-1858] INFO  impl.FollowerState (FollowerState.java:run(117)) - 9d88716d-5d6b-4fd8-b832-a110dc45ee66@group-EE856C9543A1-FollowerState was interrupted: java.lang.InterruptedException: sleep interrupted
2019-10-16 21:53:24,769 [grpc-default-executor-0] INFO  impl.RoleInfo (RoleInfo.java:updateAndGet(143)) - 9d88716d-5d6b-4fd8-b832-a110dc45ee66: start FollowerState
2019-10-16 21:53:24,769 [Thread-1857] INFO  impl.FollowerState (FollowerState.java:run(117)) - efb933de-cdd8-4d8d-88d2-4c7ffe0dec1a@group-EE856C9543A1-FollowerState was interrupted: java.lang.InterruptedException: sleep interrupted
2019-10-16 21:53:24,769 [grpc-default-executor-1] INFO  impl.RoleInfo (RoleInfo.java:updateAndGet(143)) - efb933de-cdd8-4d8d-88d2-4c7ffe0dec1a: start FollowerState
2019-10-16 21:53:24,784 [5c3956af-60d3-411f-8c98-c7ed3576de5c@group-EE856C9543A1-LeaderElection249] INFO  impl.LeaderElection (LeaderElection.java:logAndReturn(56)) - 5c3956af-60d3-411f-8c98-c7ed3576de5c@group-EE856C9543A1-LeaderElection249: Election REJECTED; received 2 response(s) [5c3956af-60d3-411f-8c98-c7ed3576de5c<-efb933de-cdd8-4d8d-88d2-4c7ffe0dec1a#0:FAIL-t265, 5c3956af-60d3-411f-8c98-c7ed3576de5c<-9d88716d-5d6b-4fd8-b832-a110dc45ee66#0:FAIL-t265] and 0 exception(s); 5c3956af-60d3-411f-8c98-c7ed3576de5c@group-EE856C9543A1:t265, leader=null, voted=5c3956af-60d3-411f-8c98-c7ed3576de5c, raftlog=5c3956af-60d3-411f-8c98-c7ed3576de5c@group-EE856C9543A1-SegmentedRaftLog:OPENED:c-1,f-1,i0, conf=-1: [5c3956af-60d3-411f-8c98-c7ed3576de5c:192.168.34.38:33787, efb933de-cdd8-4d8d-88d2-4c7ffe0dec1a:192.168.34.38:42459, 9d88716d-5d6b-4fd8-b832-a110dc45ee66:192.168.34.38:38211], old=null
2019-10-16 21:53:24,784 [5c3956af-60d3-411f-8c98-c7ed3576de5c@group-EE856C9543A1-LeaderElection249] INFO  impl.RaftServerImpl (RaftServerImpl.java:setRole(184)) - 5c3956af-60d3-411f-8c98-c7ed3576de5c@group-EE856C9543A1: changes role from CANDIDATE to FOLLOWER at term 265 for DISCOVERED_A_NEW_TERM
2019-10-16 21:53:24,785 [5c3956af-60d3-411f-8c98-c7ed3576de5c@group-EE856C9543A1-LeaderElection249] INFO  impl.RoleInfo (RoleInfo.java:shutdownLeaderElection(134)) - 5c3956af-60d3-411f-8c98-c7ed3576de5c: shutdown LeaderElection
2019-10-16 21:53:24,785 [5c3956af-60d3-411f-8c98-c7ed3576de5c@group-EE856C9543A1-LeaderElection249] INFO  impl.RoleInfo (RoleInfo.java:updateAndGet(143)) - 5c3956af-60d3-411f-8c98-c7ed3576de5c: start FollowerState
2019-10-16 21:53:24,794 [Thread-1865] INFO  impl.FollowerState (FollowerState.java:run(108)) - 5c3956af-60d3-411f-8c98-c7ed3576de5c@group-EE856C9543A1-FollowerState: change to CANDIDATE, lastRpcTime:9ms, electionTimeout:9ms
2019-10-16 21:53:24,794 [Thread-1865] INFO  impl.RoleInfo (RoleInfo.java:shutdownFollowerState(121)) - 5c3956af-60d3-411f-8c98-c7ed3576de5c: shutdown FollowerState
2019-10-16 21:53:24,794 [Thread-1865] INFO  impl.RaftServerImpl (RaftServerImpl.java:setRole(184)) - 5c3956af-60d3-411f-8c98-c7ed3576de5c@group-EE856C9543A1: changes role from  FOLLOWER to CANDIDATE at term 265 for changeToCandidate
2019-10-16 21:53:24,795 [Thread-1865] INFO  impl.RoleInfo (RoleInfo.java:updateAndGet(143)) - 5c3956af-60d3-411f-8c98-c7ed3576de5c: start LeaderElection
2019-10-16 21:53:24,808 [5c3956af-60d3-411f-8c98-c7ed3576de5c@group-EE856C9543A1-LeaderElection250] INFO  impl.LeaderElection (LeaderElection.java:askForVotes(178)) - 5c3956af-60d3-411f-8c98-c7ed3576de5c@group-EE856C9543A1-LeaderElection250: begin an election at term 266 for -1: [5c3956af-60d3-411f-8c98-c7ed3576de5c:192.168.34.38:33787, efb933de-cdd8-4d8d-88d2-4c7ffe0dec1a:192.168.34.38:42459, 9d88716d-5d6b-4fd8-b832-a110dc45ee66:192.168.34.38:38211], old=null
2019-10-16 21:53:24,810 [grpc-default-executor-1] INFO  impl.RaftServerImpl (RaftServerImpl.java:setRole(184)) - 9d88716d-5d6b-4fd8-b832-a110dc45ee66@group-EE856C9543A1: changes role from  FOLLOWER to FOLLOWER at term 266 for recognizeCandidate:5c3956af-60d3-411f-8c98-c7ed3576de5c
2019-10-16 21:53:24,810 [grpc-default-executor-1] INFO  impl.RoleInfo (RoleInfo.java:shutdownFollowerState(121)) - 9d88716d-5d6b-4fd8-b832-a110dc45ee66: shutdown FollowerState
2019-10-16 21:53:24,810 [grpc-default-executor-0] INFO  impl.RaftServerImpl (RaftServerImpl.java:setRole(184)) - efb933de-cdd8-4d8d-88d2-4c7ffe0dec1a@group-EE856C9543A1: changes role from  FOLLOWER to FOLLOWER at term 266 for recognizeCandidate:5c3956af-60d3-411f-8c98-c7ed3576de5c
2019-10-16 21:53:24,810 [Thread-1863] INFO  impl.FollowerState (FollowerState.java:run(117)) - 9d88716d-5d6b-4fd8-b832-a110dc45ee66@group-EE856C9543A1-FollowerState was interrupted: java.lang.InterruptedException: sleep interrupted
2019-10-16 21:53:24,810 [grpc-default-executor-1] INFO  impl.RoleInfo (RoleInfo.java:updateAndGet(143)) - 9d88716d-5d6b-4fd8-b832-a110dc45ee66: start FollowerState
2019-10-16 21:53:24,810 [grpc-default-executor-0] INFO  impl.RoleInfo (RoleInfo.java:shutdownFollowerState(121)) - efb933de-cdd8-4d8d-88d2-4c7ffe0dec1a: shutdown FollowerState
2019-10-16 21:53:24,811 [grpc-default-executor-0] INFO  impl.RoleInfo (RoleInfo.java:updateAndGet(143)) - efb933de-cdd8-4d8d-88d2-4c7ffe0dec1a: start FollowerState
2019-10-16 21:53:24,811 [Thread-1864] INFO  impl.FollowerState (FollowerState.java:run(117)) - efb933de-cdd8-4d8d-88d2-4c7ffe0dec1a@group-EE856C9543A1-FollowerState was interrupted: java.lang.InterruptedException: sleep interrupted
2019-10-16 21:53:24,825 [5c3956af-60d3-411f-8c98-c7ed3576de5c@group-EE856C9543A1-LeaderElection250] INFO  impl.LeaderElection (LeaderElection.java:logAndReturn(56)) - 5c3956af-60d3-411f-8c98-c7ed3576de5c@group-EE856C9543A1-LeaderElection250: Election REJECTED; received 2 response(s) [5c3956af-60d3-411f-8c98-c7ed3576de5c<-efb933de-cdd8-4d8d-88d2-4c7ffe0dec1a#0:FAIL-t266, 5c3956af-60d3-411f-8c98-c7ed3576de5c<-9d88716d-5d6b-4fd8-b832-a110dc45ee66#0:FAIL-t266] and 0 exception(s); 5c3956af-60d3-411f-8c98-c7ed3576de5c@group-EE856C9543A1:t266, leader=null, voted=5c3956af-60d3-411f-8c98-c7ed3576de5c, raftlog=5c3956af-60d3-411f-8c98-c7ed3576de5c@group-EE856C9543A1-SegmentedRaftLog:OPENED:c-1,f-1,i0, conf=-1: [5c3956af-60d3-411f-8c98-c7ed3576de5c:192.168.34.38:33787, efb933de-cdd8-4d8d-88d2-4c7ffe0dec1a:192.168.34.38:42459, 9d88716d-5d6b-4fd8-b832-a110dc45ee66:192.168.34.38:38211], old=null
2019-10-16 21:53:24,825 [5c3956af-60d3-411f-8c98-c7ed3576de5c@group-EE856C9543A1-LeaderElection250] INFO  impl.RaftServerImpl (RaftServerImpl.java:setRole(184)) - 5c3956af-60d3-411f-8c98-c7ed3576de5c@group-EE856C9543A1: changes role from CANDIDATE to FOLLOWER at term 266 for DISCOVERED_A_NEW_TERM
2019-10-16 21:53:24,825 [5c3956af-60d3-411f-8c98-c7ed3576de5c@group-EE856C9543A1-LeaderElection250] INFO  impl.RoleInfo (RoleInfo.java:shutdownLeaderElection(134)) - 5c3956af-60d3-411f-8c98-c7ed3576de5c: shutdown LeaderElection
2019-10-16 21:53:24,825 [5c3956af-60d3-411f-8c98-c7ed3576de5c@group-EE856C9543A1-LeaderElection250] INFO  impl.RoleInfo (RoleInfo.java:updateAndGet(143)) - 5c3956af-60d3-411f-8c98-c7ed3576de5c: start FollowerState
2019-10-16 21:53:24,950 [Thread-1871] INFO  impl.FollowerState (FollowerState.java:run(108)) - 5c3956af-60d3-411f-8c98-c7ed3576de5c@group-EE856C9543A1-FollowerState: change to CANDIDATE, lastRpcTime:125ms, electionTimeout:125ms
2019-10-16 21:53:24,951 [Thread-1871] INFO  impl.RoleInfo (RoleInfo.java:shutdownFollowerState(121)) - 5c3956af-60d3-411f-8c98-c7ed3576de5c: shutdown FollowerState
2019-10-16 21:53:24,951 [Thread-1871] INFO  impl.RaftServerImpl (RaftServerImpl.java:setRole(184)) - 5c3956af-60d3-411f-8c98-c7ed3576de5c@group-EE856C9543A1: changes role from  FOLLOWER to CANDIDATE at term 266 for changeToCandidate
2019-10-16 21:53:24,951 [Thread-1871] INFO  impl.RoleInfo (RoleInfo.java:updateAndGet(143)) - 5c3956af-60d3-411f-8c98-c7ed3576de5c: start LeaderElection
2019-10-16 21:53:24,965 [5c3956af-60d3-411f-8c98-c7ed3576de5c@group-EE856C9543A1-LeaderElection251] INFO  impl.LeaderElection (LeaderElection.java:askForVotes(178)) - 5c3956af-60d3-411f-8c98-c7ed3576de5c@group-EE856C9543A1-LeaderElection251: begin an election at term 267 for -1: [5c3956af-60d3-411f-8c98-c7ed3576de5c:192.168.34.38:33787, efb933de-cdd8-4d8d-88d2-4c7ffe0dec1a:192.168.34.38:42459, 9d88716d-5d6b-4fd8-b832-a110dc45ee66:192.168.34.38:38211], old=null
2019-10-16 21:53:24,968 [grpc-default-executor-1] INFO  impl.RaftServerImpl (RaftServerImpl.java:setRole(184)) - efb933de-cdd8-4d8d-88d2-4c7ffe0dec1a@group-EE856C9543A1: changes role from  FOLLOWER to FOLLOWER at term 267 for recognizeCandidate:5c3956af-60d3-411f-8c98-c7ed3576de5c
2019-10-16 21:53:24,968 [grpc-default-executor-0] INFO  impl.RaftServerImpl (RaftServerImpl.java:setRole(184)) - 9d88716d-5d6b-4fd8-b832-a110dc45ee66@group-EE856C9543A1: changes role from  FOLLOWER to FOLLOWER at term 267 for recognizeCandidate:5c3956af-60d3-411f-8c98-c7ed3576de5c
2019-10-16 21:53:24,968 [grpc-default-executor-1] INFO  impl.RoleInfo (RoleInfo.java:shutdownFollowerState(121)) - efb933de-cdd8-4d8d-88d2-4c7ffe0dec1a: shutdown FollowerState
2019-10-16 21:53:24,968 [grpc-default-executor-0] INFO  impl.RoleInfo (RoleInfo.java:shutdownFollowerState(121)) - 9d88716d-5d6b-4fd8-b832-a110dc45ee66: shutdown FollowerState
2019-10-16 21:53:24,968 [Thread-1870] INFO  impl.FollowerState (FollowerState.java:run(117)) - efb933de-cdd8-4d8d-88d2-4c7ffe0dec1a@group-EE856C9543A1-FollowerState was interrupted: java.lang.InterruptedException: sleep interrupted
2019-10-16 21:53:24,968 [grpc-default-executor-1] INFO  impl.RoleInfo (RoleInfo.java:updateAndGet(143)) - efb933de-cdd8-4d8d-88d2-4c7ffe0dec1a: start FollowerState
2019-10-16 21:53:24,968 [Thread-1869] INFO  impl.FollowerState (FollowerState.java:run(117)) - 9d88716d-5d6b-4fd8-b832-a110dc45ee66@group-EE856C9543A1-FollowerState was interrupted: java.lang.InterruptedException: sleep interrupted
2019-10-16 21:53:24,968 [grpc-default-executor-0] INFO  impl.RoleInfo (RoleInfo.java:updateAndGet(143)) - 9d88716d-5d6b-4fd8-b832-a110dc45ee66: start FollowerState
2019-10-16 21:53:24,983 [5c3956af-60d3-411f-8c98-c7ed3576de5c@group-EE856C9543A1-LeaderElection251] INFO  impl.LeaderElection (LeaderElection.java:logAndReturn(56)) - 5c3956af-60d3-411f-8c98-c7ed3576de5c@group-EE856C9543A1-LeaderElection251: Election REJECTED; received 2 response(s) [5c3956af-60d3-411f-8c98-c7ed3576de5c<-efb933de-cdd8-4d8d-88d2-4c7ffe0dec1a#0:FAIL-t267, 5c3956af-60d3-411f-8c98-c7ed3576de5c<-9d88716d-5d6b-4fd8-b832-a110dc45ee66#0:FAIL-t267] and 0 exception(s); 5c3956af-60d3-411f-8c98-c7ed3576de5c@group-EE856C9543A1:t267, leader=null, voted=5c3956af-60d3-411f-8c98-c7ed3576de5c, raftlog=5c3956af-60d3-411f-8c98-c7ed3576de5c@group-EE856C9543A1-SegmentedRaftLog:OPENED:c-1,f-1,i0, conf=-1: [5c3956af-60d3-411f-8c98-c7ed3576de5c:192.168.34.38:33787, efb933de-cdd8-4d8d-88d2-4c7ffe0dec1a:192.168.34.38:42459, 9d88716d-5d6b-4fd8-b832-a110dc45ee66:192.168.34.38:38211], old=null
2019-10-16 21:53:24,984 [5c3956af-60d3-411f-8c98-c7ed3576de5c@group-EE856C9543A1-LeaderElection251] INFO  impl.RaftServerImpl (RaftServerImpl.java:setRole(184)) - 5c3956af-60d3-411f-8c98-c7ed3576de5c@group-EE856C9543A1: changes role from CANDIDATE to FOLLOWER at term 267 for DISCOVERED_A_NEW_TERM
2019-10-16 21:53:24,984 [5c3956af-60d3-411f-8c98-c7ed3576de5c@group-EE856C9543A1-LeaderElection251] INFO  impl.RoleInfo (RoleInfo.java:shutdownLeaderElection(134)) - 5c3956af-60d3-411f-8c98-c7ed3576de5c: shutdown LeaderElection
2019-10-16 21:53:24,984 [5c3956af-60d3-411f-8c98-c7ed3576de5c@group-EE856C9543A1-LeaderElection251] INFO  impl.RoleInfo (RoleInfo.java:updateAndGet(143)) - 5c3956af-60d3-411f-8c98-c7ed3576de5c: start FollowerState
2019-10-16 21:53:25,119 [Thread-1877] INFO  impl.FollowerState (FollowerState.java:run(108)) - 5c3956af-60d3-411f-8c98-c7ed3576de5c@group-EE856C9543A1-FollowerState: change to CANDIDATE, lastRpcTime:134ms, electionTimeout:134ms
2019-10-16 21:53:25,119 [Thread-1877] INFO  impl.RoleInfo (RoleInfo.java:shutdownFollowerState(121)) - 5c3956af-60d3-411f-8c98-c7ed3576de5c: shutdown FollowerState
2019-10-16 21:53:25,119 [Thread-1877] INFO  impl.RaftServerImpl (RaftServerImpl.java:setRole(184)) - 5c3956af-60d3-411f-8c98-c7ed3576de5c@group-EE856C9543A1: changes role from  FOLLOWER to CANDIDATE at term 267 for changeToCandidate
2019-10-16 21:53:25,119 [Thread-1877] INFO  impl.RoleInfo (RoleInfo.java:updateAndGet(143)) - 5c3956af-60d3-411f-8c98-c7ed3576de5c: start LeaderElection
2019-10-16 21:53:25,133 [5c3956af-60d3-411f-8c98-c7ed3576de5c@group-EE856C9543A1-LeaderElection252] INFO  impl.LeaderElection (LeaderElection.java:askForVotes(178)) - 5c3956af-60d3-411f-8c98-c7ed3576de5c@group-EE856C9543A1-LeaderElection252: begin an election at term 268 for -1: [5c3956af-60d3-411f-8c98-c7ed3576de5c:192.168.34.38:33787, efb933de-cdd8-4d8d-88d2-4c7ffe0dec1a:192.168.34.38:42459, 9d88716d-5d6b-4fd8-b832-a110dc45ee66:192.168.34.38:38211], old=null
2019-10-16 21:53:25,135 [grpc-default-executor-1] INFO  impl.RaftServerImpl (RaftServerImpl.java:setRole(184)) - efb933de-cdd8-4d8d-88d2-4c7ffe0dec1a@group-EE856C9543A1: changes role from  FOLLOWER to FOLLOWER at term 268 for recognizeCandidate:5c3956af-60d3-411f-8c98-c7ed3576de5c
2019-10-16 21:53:25,136 [grpc-default-executor-1] INFO  impl.RoleInfo (RoleInfo.java:shutdownFollowerState(121)) - efb933de-cdd8-4d8d-88d2-4c7ffe0dec1a: shutdown FollowerState
2019-10-16 21:53:25,136 [grpc-default-executor-0] INFO  impl.RaftServerImpl (RaftServerImpl.java:setRole(184)) - 9d88716d-5d6b-4fd8-b832-a110dc45ee66@group-EE856C9543A1: changes role from  FOLLOWER to FOLLOWER at term 268 for recognizeCandidate:5c3956af-60d3-411f-8c98-c7ed3576de5c
2019-10-16 21:53:25,136 [Thread-1875] INFO  impl.FollowerState (FollowerState.java:run(117)) - efb933de-cdd8-4d8d-88d2-4c7ffe0dec1a@group-EE856C9543A1-FollowerState was interrupted: java.lang.InterruptedException: sleep interrupted
2019-10-16 21:53:25,136 [grpc-default-executor-1] INFO  impl.RoleInfo (RoleInfo.java:updateAndGet(143)) - efb933de-cdd8-4d8d-88d2-4c7ffe0dec1a: start FollowerState
2019-10-16 21:53:25,136 [grpc-default-executor-0] INFO  impl.RoleInfo (RoleInfo.java:shutdownFollowerState(121)) - 9d88716d-5d6b-4fd8-b832-a110dc45ee66: shutdown FollowerState
2019-10-16 21:53:25,136 [grpc-default-executor-0] INFO  impl.RoleInfo (RoleInfo.java:updateAndGet(143)) - 9d88716d-5d6b-4fd8-b832-a110dc45ee66: start FollowerState
2019-10-16 21:53:25,136 [Thread-1876] INFO  impl.FollowerState (FollowerState.java:run(117)) - 9d88716d-5d6b-4fd8-b832-a110dc45ee66@group-EE856C9543A1-FollowerState was interrupted: java.lang.InterruptedException: sleep interrupted
2019-10-16 21:53:25,145 [5c3956af-60d3-411f-8c98-c7ed3576de5c@group-EE856C9543A1-LeaderElection252] INFO  impl.LeaderElection (LeaderElection.java:logAndReturn(56)) - 5c3956af-60d3-411f-8c98-c7ed3576de5c@group-EE856C9543A1-LeaderElection252: Election TIMEOUT; received 0 response(s) [] and 0 exception(s); 5c3956af-60d3-411f-8c98-c7ed3576de5c@group-EE856C9543A1:t268, leader=null, voted=5c3956af-60d3-411f-8c98-c7ed3576de5c, raftlog=5c3956af-60d3-411f-8c98-c7ed3576de5c@group-EE856C9543A1-SegmentedRaftLog:OPENED:c-1,f-1,i0, conf=-1: [5c3956af-60d3-411f-8c98-c7ed3576de5c:192.168.34.38:33787, efb933de-cdd8-4d8d-88d2-4c7ffe0dec1a:192.168.34.38:42459, 9d88716d-5d6b-4fd8-b832-a110dc45ee66:192.168.34.38:38211], old=null
2019-10-16 21:53:25,150 [5c3956af-60d3-411f-8c98-c7ed3576de5c@group-EE856C9543A1-LeaderElection252] INFO  impl.LeaderElection (LeaderElection.java:askForVotes(178)) - 5c3956af-60d3-411f-8c98-c7ed3576de5c@group-EE856C9543A1-LeaderElection252: begin an election at term 269 for -1: [5c3956af-60d3-411f-8c98-c7ed3576de5c:192.168.34.38:33787, efb933de-cdd8-4d8d-88d2-4c7ffe0dec1a:192.168.34.38:42459, 9d88716d-5d6b-4fd8-b832-a110dc45ee66:192.168.34.38:38211], old=null
2019-10-16 21:53:25,152 [grpc-default-executor-1] INFO  impl.RaftServerImpl (RaftServerImpl.java:setRole(184)) - efb933de-cdd8-4d8d-88d2-4c7ffe0dec1a@group-EE856C9543A1: changes role from  FOLLOWER to FOLLOWER at term 269 for recognizeCandidate:5c3956af-60d3-411f-8c98-c7ed3576de5c
2019-10-16 21:53:25,152 [grpc-default-executor-1] INFO  impl.RoleInfo (RoleInfo.java:shutdownFollowerState(121)) - efb933de-cdd8-4d8d-88d2-4c7ffe0dec1a: shutdown FollowerState
2019-10-16 21:53:25,152 [grpc-default-executor-1] INFO  impl.RoleInfo (RoleInfo.java:updateAndGet(143)) - efb933de-cdd8-4d8d-88d2-4c7ffe0dec1a: start FollowerState
2019-10-16 21:53:25,152 [grpc-default-executor-0] INFO  impl.RaftServerImpl (RaftServerImpl.java:setRole(184)) - 9d88716d-5d6b-4fd8-b832-a110dc45ee66@group-EE856C9543A1: changes role from  FOLLOWER to FOLLOWER at term 269 for recognizeCandidate:5c3956af-60d3-411f-8c98-c7ed3576de5c
2019-10-16 21:53:25,152 [Thread-1881] INFO  impl.FollowerState (FollowerState.java:run(117)) - efb933de-cdd8-4d8d-88d2-4c7ffe0dec1a@group-EE856C9543A1-FollowerState was interrupted: java.lang.InterruptedException: sleep interrupted
2019-10-16 21:53:25,153 [grpc-default-executor-0] INFO  impl.RoleInfo (RoleInfo.java:shutdownFollowerState(121)) - 9d88716d-5d6b-4fd8-b832-a110dc45ee66: shutdown FollowerState
2019-10-16 21:53:25,153 [grpc-default-executor-0] INFO  impl.RoleInfo (RoleInfo.java:updateAndGet(143)) - 9d88716d-5d6b-4fd8-b832-a110dc45ee66: start FollowerState
2019-10-16 21:53:25,153 [Thread-1882] INFO  impl.FollowerState (FollowerState.java:run(117)) - 9d88716d-5d6b-4fd8-b832-a110dc45ee66@group-EE856C9543A1-FollowerState was interrupted: java.lang.InterruptedException: sleep interrupted
2019-10-16 21:53:25,167 [5c3956af-60d3-411f-8c98-c7ed3576de5c@group-EE856C9543A1-LeaderElection252] INFO  impl.LeaderElection (LeaderElection.java:logAndReturn(56)) - 5c3956af-60d3-411f-8c98-c7ed3576de5c@group-EE856C9543A1-LeaderElection252: Election REJECTED; received 2 response(s) [5c3956af-60d3-411f-8c98-c7ed3576de5c<-efb933de-cdd8-4d8d-88d2-4c7ffe0dec1a#0:FAIL-t269, 5c3956af-60d3-411f-8c98-c7ed3576de5c<-9d88716d-5d6b-4fd8-b832-a110dc45ee66#0:FAIL-t269] and 0 exception(s); 5c3956af-60d3-411f-8c98-c7ed3576de5c@group-EE856C9543A1:t269, leader=null, voted=5c3956af-60d3-411f-8c98-c7ed3576de5c, raftlog=5c3956af-60d3-411f-8c98-c7ed3576de5c@group-EE856C9543A1-SegmentedRaftLog:OPENED:c-1,f-1,i0, conf=-1: [5c3956af-60d3-411f-8c98-c7ed3576de5c:192.168.34.38:33787, efb933de-cdd8-4d8d-88d2-4c7ffe0dec1a:192.168.34.38:42459, 9d88716d-5d6b-4fd8-b832-a110dc45ee66:192.168.34.38:38211], old=null
2019-10-16 21:53:25,167 [5c3956af-60d3-411f-8c98-c7ed3576de5c@group-EE856C9543A1-LeaderElection252] INFO  impl.RaftServerImpl (RaftServerImpl.java:setRole(184)) - 5c3956af-60d3-411f-8c98-c7ed3576de5c@group-EE856C9543A1: changes role from CANDIDATE to FOLLOWER at term 269 for DISCOVERED_A_NEW_TERM
2019-10-16 21:53:25,167 [5c3956af-60d3-411f-8c98-c7ed3576de5c@group-EE856C9543A1-LeaderElection252] INFO  impl.RoleInfo (RoleInfo.java:shutdownLeaderElection(134)) - 5c3956af-60d3-411f-8c98-c7ed3576de5c: shutdown LeaderElection
2019-10-16 21:53:25,167 [5c3956af-60d3-411f-8c98-c7ed3576de5c@group-EE856C9543A1-LeaderElection252] INFO  impl.RoleInfo (RoleInfo.java:updateAndGet(143)) - 5c3956af-60d3-411f-8c98-c7ed3576de5c: start FollowerState
2019-10-16 21:53:25,267 [Thread-1887] INFO  impl.FollowerState (FollowerState.java:run(108)) - 5c3956af-60d3-411f-8c98-c7ed3576de5c@group-EE856C9543A1-FollowerState: change to CANDIDATE, lastRpcTime:100ms, electionTimeout:100ms
2019-10-16 21:53:25,268 [Thread-1887] INFO  impl.RoleInfo (RoleInfo.java:shutdownFollowerState(121)) - 5c3956af-60d3-411f-8c98-c7ed3576de5c: shutdown FollowerState
2019-10-16 21:53:25,268 [Thread-1887] INFO  impl.RaftServerImpl (RaftServerImpl.java:setRole(184)) - 5c3956af-60d3-411f-8c98-c7ed3576de5c@group-EE856C9543A1: changes role from  FOLLOWER to CANDIDATE at term 269 for changeToCandidate
2019-10-16 21:53:25,268 [Thread-1887] INFO  impl.RoleInfo (RoleInfo.java:updateAndGet(143)) - 5c3956af-60d3-411f-8c98-c7ed3576de5c: start LeaderElection
2019-10-16 21:53:25,289 [5c3956af-60d3-411f-8c98-c7ed3576de5c@group-EE856C9543A1-LeaderElection253] INFO  impl.LeaderElection (LeaderElection.java:askForVotes(178)) - 5c3956af-60d3-411f-8c98-c7ed3576de5c@group-EE856C9543A1-LeaderElection253: begin an election at term 270 for -1: [5c3956af-60d3-411f-8c98-c7ed3576de5c:192.168.34.38:33787, efb933de-cdd8-4d8d-88d2-4c7ffe0dec1a:192.168.34.38:42459, 9d88716d-5d6b-4fd8-b832-a110dc45ee66:192.168.34.38:38211], old=null
2019-10-16 21:53:25,291 [grpc-default-executor-1] INFO  impl.RaftServerImpl (RaftServerImpl.java:setRole(184)) - efb933de-cdd8-4d8d-88d2-4c7ffe0dec1a@group-EE856C9543A1: changes role from  FOLLOWER to FOLLOWER at term 270 for recognizeCandidate:5c3956af-60d3-411f-8c98-c7ed3576de5c
2019-10-16 21:53:25,291 [grpc-default-executor-0] INFO  impl.RaftServerImpl (RaftServerImpl.java:setRole(184)) - 9d88716d-5d6b-4fd8-b832-a110dc45ee66@group-EE856C9543A1: changes role from  FOLLOWER to FOLLOWER at term 270 for recognizeCandidate:5c3956af-60d3-411f-8c98-c7ed3576de5c
2019-10-16 21:53:25,291 [grpc-default-executor-1] INFO  impl.RoleInfo (RoleInfo.java:shutdownFollowerState(121)) - efb933de-cdd8-4d8d-88d2-4c7ffe0dec1a: shutdown FollowerState
2019-10-16 21:53:25,291 [grpc-default-executor-0] INFO  impl.RoleInfo (RoleInfo.java:shutdownFollowerState(121)) - 9d88716d-5d6b-4fd8-b832-a110dc45ee66: shutdown FollowerState
2019-10-16 21:53:25,292 [Thread-1885] INFO  impl.FollowerState (FollowerState.java:run(117)) - efb933de-cdd8-4d8d-88d2-4c7ffe0dec1a@group-EE856C9543A1-FollowerState was interrupted: java.lang.InterruptedException: sleep interrupted
2019-10-16 21:53:25,292 [Thread-1886] INFO  impl.FollowerState (FollowerState.java:run(117)) - 9d88716d-5d6b-4fd8-b832-a110dc45ee66@group-EE856C9543A1-FollowerState was interrupted: java.lang.InterruptedException: sleep interrupted
2019-10-16 21:53:25,292 [grpc-default-executor-1] INFO  impl.RoleInfo (RoleInfo.java:updateAndGet(143)) - efb933de-cdd8-4d8d-88d2-4c7ffe0dec1a: start FollowerState
2019-10-16 21:53:25,292 [grpc-default-executor-0] INFO  impl.RoleInfo (RoleInfo.java:updateAndGet(143)) - 9d88716d-5d6b-4fd8-b832-a110dc45ee66: start FollowerState
2019-10-16 21:53:25,300 [5c3956af-60d3-411f-8c98-c7ed3576de5c@group-EE856C9543A1-LeaderElection253] INFO  impl.LeaderElection (LeaderElection.java:logAndReturn(56)) - 5c3956af-60d3-411f-8c98-c7ed3576de5c@group-EE856C9543A1-LeaderElection253: Election REJECTED; received 2 response(s) [5c3956af-60d3-411f-8c98-c7ed3576de5c<-efb933de-cdd8-4d8d-88d2-4c7ffe0dec1a#0:FAIL-t270, 5c3956af-60d3-411f-8c98-c7ed3576de5c<-9d88716d-5d6b-4fd8-b832-a110dc45ee66#0:FAIL-t270] and 0 exception(s); 5c3956af-60d3-411f-8c98-c7ed3576de5c@group-EE856C9543A1:t270, leader=null, voted=5c3956af-60d3-411f-8c98-c7ed3576de5c, raftlog=5c3956af-60d3-411f-8c98-c7ed3576de5c@group-EE856C9543A1-SegmentedRaftLog:OPENED:c-1,f-1,i0, conf=-1: [5c3956af-60d3-411f-8c98-c7ed3576de5c:192.168.34.38:33787, efb933de-cdd8-4d8d-88d2-4c7ffe0dec1a:192.168.34.38:42459, 9d88716d-5d6b-4fd8-b832-a110dc45ee66:192.168.34.38:38211], old=null
2019-10-16 21:53:25,300 [5c3956af-60d3-411f-8c98-c7ed3576de5c@group-EE856C9543A1-LeaderElection253] INFO  impl.RaftServerImpl (RaftServerImpl.java:setRole(184)) - 5c3956af-60d3-411f-8c98-c7ed3576de5c@group-EE856C9543A1: changes role from CANDIDATE to FOLLOWER at term 270 for DISCOVERED_A_NEW_TERM
2019-10-16 21:53:25,300 [5c3956af-60d3-411f-8c98-c7ed3576de5c@group-EE856C9543A1-LeaderElection253] INFO  impl.RoleInfo (RoleInfo.java:shutdownLeaderElection(134)) - 5c3956af-60d3-411f-8c98-c7ed3576de5c: shutdown LeaderElection
2019-10-16 21:53:25,300 [5c3956af-60d3-411f-8c98-c7ed3576de5c@group-EE856C9543A1-LeaderElection253] INFO  impl.RoleInfo (RoleInfo.java:updateAndGet(143)) - 5c3956af-60d3-411f-8c98-c7ed3576de5c: start FollowerState
2019-10-16 21:53:25,413 [JUnit] INFO  ozone.MiniOzoneClusterImpl (MiniOzoneClusterImpl.java:lambda$waitForClusterToBeReady$2(164)) - Waiting for 1 number of pipelines out of 6, to report a leader.
2019-10-16 21:53:25,480 [Thread-1893] INFO  impl.FollowerState (FollowerState.java:run(108)) - 5c3956af-60d3-411f-8c98-c7ed3576de5c@group-EE856C9543A1-FollowerState: change to CANDIDATE, lastRpcTime:179ms, electionTimeout:179ms
2019-10-16 21:53:25,480 [Thread-1893] INFO  impl.RoleInfo (RoleInfo.java:shutdownFollowerState(121)) - 5c3956af-60d3-411f-8c98-c7ed3576de5c: shutdown FollowerState
2019-10-16 21:53:25,480 [Thread-1893] INFO  impl.RaftServerImpl (RaftServerImpl.java:setRole(184)) - 5c3956af-60d3-411f-8c98-c7ed3576de5c@group-EE856C9543A1: changes role from  FOLLOWER to CANDIDATE at term 270 for changeToCandidate
2019-10-16 21:53:25,480 [Thread-1893] INFO  impl.RoleInfo (RoleInfo.java:updateAndGet(143)) - 5c3956af-60d3-411f-8c98-c7ed3576de5c: start LeaderElection
2019-10-16 21:53:25,494 [5c3956af-60d3-411f-8c98-c7ed3576de5c@group-EE856C9543A1-LeaderElection254] INFO  impl.LeaderElection (LeaderElection.java:askForVotes(178)) - 5c3956af-60d3-411f-8c98-c7ed3576de5c@group-EE856C9543A1-LeaderElection254: begin an election at term 271 for -1: [5c3956af-60d3-411f-8c98-c7ed3576de5c:192.168.34.38:33787, efb933de-cdd8-4d8d-88d2-4c7ffe0dec1a:192.168.34.38:42459, 9d88716d-5d6b-4fd8-b832-a110dc45ee66:192.168.34.38:38211], old=null
2019-10-16 21:53:25,496 [grpc-default-executor-1] INFO  impl.RaftServerImpl (RaftServerImpl.java:setRole(184)) - efb933de-cdd8-4d8d-88d2-4c7ffe0dec1a@group-EE856C9543A1: changes role from  FOLLOWER to FOLLOWER at term 271 for recognizeCandidate:5c3956af-60d3-411f-8c98-c7ed3576de5c
2019-10-16 21:53:25,496 [grpc-default-executor-1] INFO  impl.RoleInfo (RoleInfo.java:shutdownFollowerState(121)) - efb933de-cdd8-4d8d-88d2-4c7ffe0dec1a: shutdown FollowerState
2019-10-16 21:53:25,496 [grpc-default-executor-0] INFO  impl.RaftServerImpl (RaftServerImpl.java:setRole(184)) - 9d88716d-5d6b-4fd8-b832-a110dc45ee66@group-EE856C9543A1: changes role from  FOLLOWER to FOLLOWER at term 271 for recognizeCandidate:5c3956af-60d3-411f-8c98-c7ed3576de5c
2019-10-16 21:53:25,497 [Thread-1891] INFO  impl.FollowerState (FollowerState.java:run(117)) - efb933de-cdd8-4d8d-88d2-4c7ffe0dec1a@group-EE856C9543A1-FollowerState was interrupted: java.lang.InterruptedException: sleep interrupted
2019-10-16 21:53:25,497 [grpc-default-executor-1] INFO  impl.RoleInfo (RoleInfo.java:updateAndGet(143)) - efb933de-cdd8-4d8d-88d2-4c7ffe0dec1a: start FollowerState
2019-10-16 21:53:25,497 [grpc-default-executor-0] INFO  impl.RoleInfo (RoleInfo.java:shutdownFollowerState(121)) - 9d88716d-5d6b-4fd8-b832-a110dc45ee66: shutdown FollowerState
2019-10-16 21:53:25,497 [grpc-default-executor-0] INFO  impl.RoleInfo (RoleInfo.java:updateAndGet(143)) - 9d88716d-5d6b-4fd8-b832-a110dc45ee66: start FollowerState
2019-10-16 21:53:25,497 [Thread-1892] INFO  impl.FollowerState (FollowerState.java:run(117)) - 9d88716d-5d6b-4fd8-b832-a110dc45ee66@group-EE856C9543A1-FollowerState was interrupted: java.lang.InterruptedException: sleep interrupted
2019-10-16 21:53:25,511 [5c3956af-60d3-411f-8c98-c7ed3576de5c@group-EE856C9543A1-LeaderElection254] INFO  impl.LeaderElection (LeaderElection.java:logAndReturn(56)) - 5c3956af-60d3-411f-8c98-c7ed3576de5c@group-EE856C9543A1-LeaderElection254: Election REJECTED; received 2 response(s) [5c3956af-60d3-411f-8c98-c7ed3576de5c<-efb933de-cdd8-4d8d-88d2-4c7ffe0dec1a#0:FAIL-t271, 5c3956af-60d3-411f-8c98-c7ed3576de5c<-9d88716d-5d6b-4fd8-b832-a110dc45ee66#0:FAIL-t271] and 0 exception(s); 5c3956af-60d3-411f-8c98-c7ed3576de5c@group-EE856C9543A1:t271, leader=null, voted=5c3956af-60d3-411f-8c98-c7ed3576de5c, raftlog=5c3956af-60d3-411f-8c98-c7ed3576de5c@group-EE856C9543A1-SegmentedRaftLog:OPENED:c-1,f-1,i0, conf=-1: [5c3956af-60d3-411f-8c98-c7ed3576de5c:192.168.34.38:33787, efb933de-cdd8-4d8d-88d2-4c7ffe0dec1a:192.168.34.38:42459, 9d88716d-5d6b-4fd8-b832-a110dc45ee66:192.168.34.38:38211], old=null
2019-10-16 21:53:25,511 [5c3956af-60d3-411f-8c98-c7ed3576de5c@group-EE856C9543A1-LeaderElection254] INFO  impl.RaftServerImpl (RaftServerImpl.java:setRole(184)) - 5c3956af-60d3-411f-8c98-c7ed3576de5c@group-EE856C9543A1: changes role from CANDIDATE to FOLLOWER at term 271 for DISCOVERED_A_NEW_TERM
2019-10-16 21:53:25,512 [5c3956af-60d3-411f-8c98-c7ed3576de5c@group-EE856C9543A1-LeaderElection254] INFO  impl.RoleInfo (RoleInfo.java:shutdownLeaderElection(134)) - 5c3956af-60d3-411f-8c98-c7ed3576de5c: shutdown LeaderElection
2019-10-16 21:53:25,512 [5c3956af-60d3-411f-8c98-c7ed3576de5c@group-EE856C9543A1-LeaderElection254] INFO  impl.RoleInfo (RoleInfo.java:updateAndGet(143)) - 5c3956af-60d3-411f-8c98-c7ed3576de5c: start FollowerState
2019-10-16 21:53:25,627 [Thread-1899] INFO  impl.FollowerState (FollowerState.java:run(108)) - 5c3956af-60d3-411f-8c98-c7ed3576de5c@group-EE856C9543A1-FollowerState: change to CANDIDATE, lastRpcTime:115ms, electionTimeout:115ms
2019-10-16 21:53:25,627 [Thread-1899] INFO  impl.RoleInfo (RoleInfo.java:shutdownFollowerState(121)) - 5c3956af-60d3-411f-8c98-c7ed3576de5c: shutdown FollowerState
2019-10-16 21:53:25,627 [Thread-1899] INFO  impl.RaftServerImpl (RaftServerImpl.java:setRole(184)) - 5c3956af-60d3-411f-8c98-c7ed3576de5c@group-EE856C9543A1: changes role from  FOLLOWER to CANDIDATE at term 271 for changeToCandidate
2019-10-16 21:53:25,627 [Thread-1899] INFO  impl.RoleInfo (RoleInfo.java:updateAndGet(143)) - 5c3956af-60d3-411f-8c98-c7ed3576de5c: start LeaderElection
2019-10-16 21:53:25,642 [5c3956af-60d3-411f-8c98-c7ed3576de5c@group-EE856C9543A1-LeaderElection255] INFO  impl.LeaderElection (LeaderElection.java:askForVotes(178)) - 5c3956af-60d3-411f-8c98-c7ed3576de5c@group-EE856C9543A1-LeaderElection255: begin an election at term 272 for -1: [5c3956af-60d3-411f-8c98-c7ed3576de5c:192.168.34.38:33787, efb933de-cdd8-4d8d-88d2-4c7ffe0dec1a:192.168.34.38:42459, 9d88716d-5d6b-4fd8-b832-a110dc45ee66:192.168.34.38:38211], old=null
2019-10-16 21:53:25,644 [grpc-default-executor-1] INFO  impl.RaftServerImpl (RaftServerImpl.java:setRole(184)) - 9d88716d-5d6b-4fd8-b832-a110dc45ee66@group-EE856C9543A1: changes role from  FOLLOWER to FOLLOWER at term 272 for recognizeCandidate:5c3956af-60d3-411f-8c98-c7ed3576de5c
2019-10-16 21:53:25,644 [grpc-default-executor-0] INFO  impl.RaftServerImpl (RaftServerImpl.java:setRole(184)) - efb933de-cdd8-4d8d-88d2-4c7ffe0dec1a@group-EE856C9543A1: changes role from  FOLLOWER to FOLLOWER at term 272 for recognizeCandidate:5c3956af-60d3-411f-8c98-c7ed3576de5c
2019-10-16 21:53:25,644 [grpc-default-executor-1] INFO  impl.RoleInfo (RoleInfo.java:shutdownFollowerState(121)) - 9d88716d-5d6b-4fd8-b832-a110dc45ee66: shutdown FollowerState
2019-10-16 21:53:25,644 [grpc-default-executor-0] INFO  impl.RoleInfo (RoleInfo.java:shutdownFollowerState(121)) - efb933de-cdd8-4d8d-88d2-4c7ffe0dec1a: shutdown FollowerState
2019-10-16 21:53:25,644 [Thread-1898] INFO  impl.FollowerState (FollowerState.java:run(117)) - 9d88716d-5d6b-4fd8-b832-a110dc45ee66@group-EE856C9543A1-FollowerState was interrupted: java.lang.InterruptedException: sleep interrupted
2019-10-16 21:53:25,644 [grpc-default-executor-1] INFO  impl.RoleInfo (RoleInfo.java:updateAndGet(143)) - 9d88716d-5d6b-4fd8-b832-a110dc45ee66: start FollowerState
2019-10-16 21:53:25,645 [Thread-1897] INFO  impl.FollowerState (FollowerState.java:run(117)) - efb933de-cdd8-4d8d-88d2-4c7ffe0dec1a@group-EE856C9543A1-FollowerState was interrupted: java.lang.InterruptedException: sleep interrupted
2019-10-16 21:53:25,645 [grpc-default-executor-0] INFO  impl.RoleInfo (RoleInfo.java:updateAndGet(143)) - efb933de-cdd8-4d8d-88d2-4c7ffe0dec1a: start FollowerState
2019-10-16 21:53:25,659 [5c3956af-60d3-411f-8c98-c7ed3576de5c@group-EE856C9543A1-LeaderElection255] INFO  impl.LeaderElection (LeaderElection.java:logAndReturn(56)) - 5c3956af-60d3-411f-8c98-c7ed3576de5c@group-EE856C9543A1-LeaderElection255: Election REJECTED; received 2 response(s) [5c3956af-60d3-411f-8c98-c7ed3576de5c<-efb933de-cdd8-4d8d-88d2-4c7ffe0dec1a#0:FAIL-t272, 5c3956af-60d3-411f-8c98-c7ed3576de5c<-9d88716d-5d6b-4fd8-b832-a110dc45ee66#0:FAIL-t272] and 0 exception(s); 5c3956af-60d3-411f-8c98-c7ed3576de5c@group-EE856C9543A1:t272, leader=null, voted=5c3956af-60d3-411f-8c98-c7ed3576de5c, raftlog=5c3956af-60d3-411f-8c98-c7ed3576de5c@group-EE856C9543A1-SegmentedRaftLog:OPENED:c-1,f-1,i0, conf=-1: [5c3956af-60d3-411f-8c98-c7ed3576de5c:192.168.34.38:33787, efb933de-cdd8-4d8d-88d2-4c7ffe0dec1a:192.168.34.38:42459, 9d88716d-5d6b-4fd8-b832-a110dc45ee66:192.168.34.38:38211], old=null
2019-10-16 21:53:25,659 [5c3956af-60d3-411f-8c98-c7ed3576de5c@group-EE856C9543A1-LeaderElection255] INFO  impl.RaftServerImpl (RaftServerImpl.java:setRole(184)) - 5c3956af-60d3-411f-8c98-c7ed3576de5c@group-EE856C9543A1: changes role from CANDIDATE to FOLLOWER at term 272 for DISCOVERED_A_NEW_TERM
2019-10-16 21:53:25,659 [5c3956af-60d3-411f-8c98-c7ed3576de5c@group-EE856C9543A1-LeaderElection255] INFO  impl.RoleInfo (RoleInfo.java:shutdownLeaderElection(134)) - 5c3956af-60d3-411f-8c98-c7ed3576de5c: shutdown LeaderElection
2019-10-16 21:53:25,659 [5c3956af-60d3-411f-8c98-c7ed3576de5c@group-EE856C9543A1-LeaderElection255] INFO  impl.RoleInfo (RoleInfo.java:updateAndGet(143)) - 5c3956af-60d3-411f-8c98-c7ed3576de5c: start FollowerState
2019-10-16 21:53:25,717 [Thread-1905] INFO  impl.FollowerState (FollowerState.java:run(108)) - 5c3956af-60d3-411f-8c98-c7ed3576de5c@group-EE856C9543A1-FollowerState: change to CANDIDATE, lastRpcTime:57ms, electionTimeout:57ms
2019-10-16 21:53:25,717 [Thread-1905] INFO  impl.RoleInfo (RoleInfo.java:shutdownFollowerState(121)) - 5c3956af-60d3-411f-8c98-c7ed3576de5c: shutdown FollowerState
2019-10-16 21:53:25,717 [Thread-1905] INFO  impl.RaftServerImpl (RaftServerImpl.java:setRole(184)) - 5c3956af-60d3-411f-8c98-c7ed3576de5c@group-EE856C9543A1: changes role from  FOLLOWER to CANDIDATE at term 272 for changeToCandidate
2019-10-16 21:53:25,717 [Thread-1905] INFO  impl.RoleInfo (RoleInfo.java:updateAndGet(143)) - 5c3956af-60d3-411f-8c98-c7ed3576de5c: start LeaderElection
2019-10-16 21:53:25,731 [5c3956af-60d3-411f-8c98-c7ed3576de5c@group-EE856C9543A1-LeaderElection256] INFO  impl.LeaderElection (LeaderElection.java:askForVotes(178)) - 5c3956af-60d3-411f-8c98-c7ed3576de5c@group-EE856C9543A1-LeaderElection256: begin an election at term 273 for -1: [5c3956af-60d3-411f-8c98-c7ed3576de5c:192.168.34.38:33787, efb933de-cdd8-4d8d-88d2-4c7ffe0dec1a:192.168.34.38:42459, 9d88716d-5d6b-4fd8-b832-a110dc45ee66:192.168.34.38:38211], old=null
2019-10-16 21:53:25,733 [grpc-default-executor-1] INFO  impl.RaftServerImpl (RaftServerImpl.java:setRole(184)) - 9d88716d-5d6b-4fd8-b832-a110dc45ee66@group-EE856C9543A1: changes role from  FOLLOWER to FOLLOWER at term 273 for recognizeCandidate:5c3956af-60d3-411f-8c98-c7ed3576de5c
2019-10-16 21:53:25,734 [grpc-default-executor-1] INFO  impl.RoleInfo (RoleInfo.java:shutdownFollowerState(121)) - 9d88716d-5d6b-4fd8-b832-a110dc45ee66: shutdown FollowerState
2019-10-16 21:53:25,733 [grpc-default-executor-0] INFO  impl.RaftServerImpl (RaftServerImpl.java:setRole(184)) - efb933de-cdd8-4d8d-88d2-4c7ffe0dec1a@group-EE856C9543A1: changes role from  FOLLOWER to FOLLOWER at term 273 for recognizeCandidate:5c3956af-60d3-411f-8c98-c7ed3576de5c
2019-10-16 21:53:25,734 [Thread-1903] INFO  impl.FollowerState (FollowerState.java:run(117)) - 9d88716d-5d6b-4fd8-b832-a110dc45ee66@group-EE856C9543A1-FollowerState was interrupted: java.lang.InterruptedException: sleep interrupted
2019-10-16 21:53:25,734 [grpc-default-executor-1] INFO  impl.RoleInfo (RoleInfo.java:updateAndGet(143)) - 9d88716d-5d6b-4fd8-b832-a110dc45ee66: start FollowerState
2019-10-16 21:53:25,734 [grpc-default-executor-0] INFO  impl.RoleInfo (RoleInfo.java:shutdownFollowerState(121)) - efb933de-cdd8-4d8d-88d2-4c7ffe0dec1a: shutdown FollowerState
2019-10-16 21:53:25,734 [grpc-default-executor-0] INFO  impl.RoleInfo (RoleInfo.java:updateAndGet(143)) - efb933de-cdd8-4d8d-88d2-4c7ffe0dec1a: start FollowerState
2019-10-16 21:53:25,734 [Thread-1904] INFO  impl.FollowerState (FollowerState.java:run(117)) - efb933de-cdd8-4d8d-88d2-4c7ffe0dec1a@group-EE856C9543A1-FollowerState was interrupted: java.lang.InterruptedException: sleep interrupted
2019-10-16 21:53:25,746 [5c3956af-60d3-411f-8c98-c7ed3576de5c@group-EE856C9543A1-LeaderElection256] INFO  impl.LeaderElection (LeaderElection.java:logAndReturn(56)) - 5c3956af-60d3-411f-8c98-c7ed3576de5c@group-EE856C9543A1-LeaderElection256: Election TIMEOUT; received 0 response(s) [] and 0 exception(s); 5c3956af-60d3-411f-8c98-c7ed3576de5c@group-EE856C9543A1:t273, leader=null, voted=5c3956af-60d3-411f-8c98-c7ed3576de5c, raftlog=5c3956af-60d3-411f-8c98-c7ed3576de5c@group-EE856C9543A1-SegmentedRaftLog:OPENED:c-1,f-1,i0, conf=-1: [5c3956af-60d3-411f-8c98-c7ed3576de5c:192.168.34.38:33787, efb933de-cdd8-4d8d-88d2-4c7ffe0dec1a:192.168.34.38:42459, 9d88716d-5d6b-4fd8-b832-a110dc45ee66:192.168.34.38:38211], old=null
2019-10-16 21:53:25,750 [5c3956af-60d3-411f-8c98-c7ed3576de5c@group-EE856C9543A1-LeaderElection256] INFO  impl.LeaderElection (LeaderElection.java:askForVotes(178)) - 5c3956af-60d3-411f-8c98-c7ed3576de5c@group-EE856C9543A1-LeaderElection256: begin an election at term 274 for -1: [5c3956af-60d3-411f-8c98-c7ed3576de5c:192.168.34.38:33787, efb933de-cdd8-4d8d-88d2-4c7ffe0dec1a:192.168.34.38:42459, 9d88716d-5d6b-4fd8-b832-a110dc45ee66:192.168.34.38:38211], old=null
2019-10-16 21:53:25,752 [grpc-default-executor-1] INFO  impl.RaftServerImpl (RaftServerImpl.java:setRole(184)) - efb933de-cdd8-4d8d-88d2-4c7ffe0dec1a@group-EE856C9543A1: changes role from  FOLLOWER to FOLLOWER at term 274 for recognizeCandidate:5c3956af-60d3-411f-8c98-c7ed3576de5c
2019-10-16 21:53:25,752 [grpc-default-executor-1] INFO  impl.RoleInfo (RoleInfo.java:shutdownFollowerState(121)) - efb933de-cdd8-4d8d-88d2-4c7ffe0dec1a: shutdown FollowerState
2019-10-16 21:53:25,752 [grpc-default-executor-0] INFO  impl.RaftServerImpl (RaftServerImpl.java:setRole(184)) - 9d88716d-5d6b-4fd8-b832-a110dc45ee66@group-EE856C9543A1: changes role from  FOLLOWER to FOLLOWER at term 274 for recognizeCandidate:5c3956af-60d3-411f-8c98-c7ed3576de5c
2019-10-16 21:53:25,752 [Thread-1910] INFO  impl.FollowerState (FollowerState.java:run(117)) - efb933de-cdd8-4d8d-88d2-4c7ffe0dec1a@group-EE856C9543A1-FollowerState was interrupted: java.lang.InterruptedException: sleep interrupted
2019-10-16 21:53:25,752 [grpc-default-executor-1] INFO  impl.RoleInfo (RoleInfo.java:updateAndGet(143)) - efb933de-cdd8-4d8d-88d2-4c7ffe0dec1a: start FollowerState
2019-10-16 21:53:25,752 [grpc-default-executor-0] INFO  impl.RoleInfo (RoleInfo.java:shutdownFollowerState(121)) - 9d88716d-5d6b-4fd8-b832-a110dc45ee66: shutdown FollowerState
2019-10-16 21:53:25,753 [grpc-default-executor-0] INFO  impl.RoleInfo (RoleInfo.java:updateAndGet(143)) - 9d88716d-5d6b-4fd8-b832-a110dc45ee66: start FollowerState
2019-10-16 21:53:25,753 [Thread-1909] INFO  impl.FollowerState (FollowerState.java:run(117)) - 9d88716d-5d6b-4fd8-b832-a110dc45ee66@group-EE856C9543A1-FollowerState was interrupted: java.lang.InterruptedException: sleep interrupted
2019-10-16 21:53:25,767 [5c3956af-60d3-411f-8c98-c7ed3576de5c@group-EE856C9543A1-LeaderElection256] INFO  impl.LeaderElection (LeaderElection.java:logAndReturn(56)) - 5c3956af-60d3-411f-8c98-c7ed3576de5c@group-EE856C9543A1-LeaderElection256: Election REJECTED; received 2 response(s) [5c3956af-60d3-411f-8c98-c7ed3576de5c<-efb933de-cdd8-4d8d-88d2-4c7ffe0dec1a#0:FAIL-t274, 5c3956af-60d3-411f-8c98-c7ed3576de5c<-9d88716d-5d6b-4fd8-b832-a110dc45ee66#0:FAIL-t274] and 0 exception(s); 5c3956af-60d3-411f-8c98-c7ed3576de5c@group-EE856C9543A1:t274, leader=null, voted=5c3956af-60d3-411f-8c98-c7ed3576de5c, raftlog=5c3956af-60d3-411f-8c98-c7ed3576de5c@group-EE856C9543A1-SegmentedRaftLog:OPENED:c-1,f-1,i0, conf=-1: [5c3956af-60d3-411f-8c98-c7ed3576de5c:192.168.34.38:33787, efb933de-cdd8-4d8d-88d2-4c7ffe0dec1a:192.168.34.38:42459, 9d88716d-5d6b-4fd8-b832-a110dc45ee66:192.168.34.38:38211], old=null
2019-10-16 21:53:25,768 [5c3956af-60d3-411f-8c98-c7ed3576de5c@group-EE856C9543A1-LeaderElection256] INFO  impl.RaftServerImpl (RaftServerImpl.java:setRole(184)) - 5c3956af-60d3-411f-8c98-c7ed3576de5c@group-EE856C9543A1: changes role from CANDIDATE to FOLLOWER at term 274 for DISCOVERED_A_NEW_TERM
2019-10-16 21:53:25,768 [5c3956af-60d3-411f-8c98-c7ed3576de5c@group-EE856C9543A1-LeaderElection256] INFO  impl.RoleInfo (RoleInfo.java:shutdownLeaderElection(134)) - 5c3956af-60d3-411f-8c98-c7ed3576de5c: shutdown LeaderElection
2019-10-16 21:53:25,768 [5c3956af-60d3-411f-8c98-c7ed3576de5c@group-EE856C9543A1-LeaderElection256] INFO  impl.RoleInfo (RoleInfo.java:updateAndGet(143)) - 5c3956af-60d3-411f-8c98-c7ed3576de5c: start FollowerState
2019-10-16 21:53:25,896 [Thread-1915] INFO  impl.FollowerState (FollowerState.java:run(108)) - 5c3956af-60d3-411f-8c98-c7ed3576de5c@group-EE856C9543A1-FollowerState: change to CANDIDATE, lastRpcTime:128ms, electionTimeout:128ms
2019-10-16 21:53:25,897 [Thread-1915] INFO  impl.RoleInfo (RoleInfo.java:shutdownFollowerState(121)) - 5c3956af-60d3-411f-8c98-c7ed3576de5c: shutdown FollowerState
2019-10-16 21:53:25,897 [Thread-1915] INFO  impl.RaftServerImpl (RaftServerImpl.java:setRole(184)) - 5c3956af-60d3-411f-8c98-c7ed3576de5c@group-EE856C9543A1: changes role from  FOLLOWER to CANDIDATE at term 274 for changeToCandidate
2019-10-16 21:53:25,897 [Thread-1915] INFO  impl.RoleInfo (RoleInfo.java:updateAndGet(143)) - 5c3956af-60d3-411f-8c98-c7ed3576de5c: start LeaderElection
2019-10-16 21:53:25,911 [5c3956af-60d3-411f-8c98-c7ed3576de5c@group-EE856C9543A1-LeaderElection257] INFO  impl.LeaderElection (LeaderElection.java:askForVotes(178)) - 5c3956af-60d3-411f-8c98-c7ed3576de5c@group-EE856C9543A1-LeaderElection257: begin an election at term 275 for -1: [5c3956af-60d3-411f-8c98-c7ed3576de5c:192.168.34.38:33787, efb933de-cdd8-4d8d-88d2-4c7ffe0dec1a:192.168.34.38:42459, 9d88716d-5d6b-4fd8-b832-a110dc45ee66:192.168.34.38:38211], old=null
2019-10-16 21:53:25,913 [grpc-default-executor-0] INFO  impl.RaftServerImpl (RaftServerImpl.java:setRole(184)) - efb933de-cdd8-4d8d-88d2-4c7ffe0dec1a@group-EE856C9543A1: changes role from  FOLLOWER to FOLLOWER at term 275 for recognizeCandidate:5c3956af-60d3-411f-8c98-c7ed3576de5c
2019-10-16 21:53:25,913 [grpc-default-executor-1] INFO  impl.RaftServerImpl (RaftServerImpl.java:setRole(184)) - 9d88716d-5d6b-4fd8-b832-a110dc45ee66@group-EE856C9543A1: changes role from  FOLLOWER to FOLLOWER at term 275 for recognizeCandidate:5c3956af-60d3-411f-8c98-c7ed3576de5c
2019-10-16 21:53:25,913 [grpc-default-executor-1] INFO  impl.RoleInfo (RoleInfo.java:shutdownFollowerState(121)) - 9d88716d-5d6b-4fd8-b832-a110dc45ee66: shutdown FollowerState
2019-10-16 21:53:25,913 [grpc-default-executor-0] INFO  impl.RoleInfo (RoleInfo.java:shutdownFollowerState(121)) - efb933de-cdd8-4d8d-88d2-4c7ffe0dec1a: shutdown FollowerState
2019-10-16 21:53:25,914 [Thread-1914] INFO  impl.FollowerState (FollowerState.java:run(117)) - 9d88716d-5d6b-4fd8-b832-a110dc45ee66@group-EE856C9543A1-FollowerState was interrupted: java.lang.InterruptedException: sleep interrupted
2019-10-16 21:53:25,914 [grpc-default-executor-1] INFO  impl.RoleInfo (RoleInfo.java:updateAndGet(143)) - 9d88716d-5d6b-4fd8-b832-a110dc45ee66: start FollowerState
2019-10-16 21:53:25,914 [Thread-1913] INFO  impl.FollowerState (FollowerState.java:run(117)) - efb933de-cdd8-4d8d-88d2-4c7ffe0dec1a@group-EE856C9543A1-FollowerState was interrupted: java.lang.InterruptedException: sleep interrupted
2019-10-16 21:53:25,914 [grpc-default-executor-0] INFO  impl.RoleInfo (RoleInfo.java:updateAndGet(143)) - efb933de-cdd8-4d8d-88d2-4c7ffe0dec1a: start FollowerState
2019-10-16 21:53:25,929 [5c3956af-60d3-411f-8c98-c7ed3576de5c@group-EE856C9543A1-LeaderElection257] INFO  impl.LeaderElection (LeaderElection.java:logAndReturn(56)) - 5c3956af-60d3-411f-8c98-c7ed3576de5c@group-EE856C9543A1-LeaderElection257: Election REJECTED; received 2 response(s) [5c3956af-60d3-411f-8c98-c7ed3576de5c<-efb933de-cdd8-4d8d-88d2-4c7ffe0dec1a#0:FAIL-t275, 5c3956af-60d3-411f-8c98-c7ed3576de5c<-9d88716d-5d6b-4fd8-b832-a110dc45ee66#0:FAIL-t275] and 0 exception(s); 5c3956af-60d3-411f-8c98-c7ed3576de5c@group-EE856C9543A1:t275, leader=null, voted=5c3956af-60d3-411f-8c98-c7ed3576de5c, raftlog=5c3956af-60d3-411f-8c98-c7ed3576de5c@group-EE856C9543A1-SegmentedRaftLog:OPENED:c-1,f-1,i0, conf=-1: [5c3956af-60d3-411f-8c98-c7ed3576de5c:192.168.34.38:33787, efb933de-cdd8-4d8d-88d2-4c7ffe0dec1a:192.168.34.38:42459, 9d88716d-5d6b-4fd8-b832-a110dc45ee66:192.168.34.38:38211], old=null
2019-10-16 21:53:25,929 [5c3956af-60d3-411f-8c98-c7ed3576de5c@group-EE856C9543A1-LeaderElection257] INFO  impl.RaftServerImpl (RaftServerImpl.java:setRole(184)) - 5c3956af-60d3-411f-8c98-c7ed3576de5c@group-EE856C9543A1: changes role from CANDIDATE to FOLLOWER at term 275 for DISCOVERED_A_NEW_TERM
2019-10-16 21:53:25,929 [5c3956af-60d3-411f-8c98-c7ed3576de5c@group-EE856C9543A1-LeaderElection257] INFO  impl.RoleInfo (RoleInfo.java:shutdownLeaderElection(134)) - 5c3956af-60d3-411f-8c98-c7ed3576de5c: shutdown LeaderElection
2019-10-16 21:53:25,929 [5c3956af-60d3-411f-8c98-c7ed3576de5c@group-EE856C9543A1-LeaderElection257] INFO  impl.RoleInfo (RoleInfo.java:updateAndGet(143)) - 5c3956af-60d3-411f-8c98-c7ed3576de5c: start FollowerState
2019-10-16 21:53:25,990 [Thread-1921] INFO  impl.FollowerState (FollowerState.java:run(108)) - 5c3956af-60d3-411f-8c98-c7ed3576de5c@group-EE856C9543A1-FollowerState: change to CANDIDATE, lastRpcTime:61ms, electionTimeout:61ms
2019-10-16 21:53:25,991 [Thread-1921] INFO  impl.RoleInfo (RoleInfo.java:shutdownFollowerState(121)) - 5c3956af-60d3-411f-8c98-c7ed3576de5c: shutdown FollowerState
2019-10-16 21:53:25,991 [Thread-1921] INFO  impl.RaftServerImpl (RaftServerImpl.java:setRole(184)) - 5c3956af-60d3-411f-8c98-c7ed3576de5c@group-EE856C9543A1: changes role from  FOLLOWER to CANDIDATE at term 275 for changeToCandidate
2019-10-16 21:53:25,991 [Thread-1921] INFO  impl.RoleInfo (RoleInfo.java:updateAndGet(143)) - 5c3956af-60d3-411f-8c98-c7ed3576de5c: start LeaderElection
2019-10-16 21:53:26,004 [5c3956af-60d3-411f-8c98-c7ed3576de5c@group-EE856C9543A1-LeaderElection258] INFO  impl.LeaderElection (LeaderElection.java:askForVotes(178)) - 5c3956af-60d3-411f-8c98-c7ed3576de5c@group-EE856C9543A1-LeaderElection258: begin an election at term 276 for -1: [5c3956af-60d3-411f-8c98-c7ed3576de5c:192.168.34.38:33787, efb933de-cdd8-4d8d-88d2-4c7ffe0dec1a:192.168.34.38:42459, 9d88716d-5d6b-4fd8-b832-a110dc45ee66:192.168.34.38:38211], old=null
2019-10-16 21:53:26,007 [grpc-default-executor-0] INFO  impl.RaftServerImpl (RaftServerImpl.java:setRole(184)) - efb933de-cdd8-4d8d-88d2-4c7ffe0dec1a@group-EE856C9543A1: changes role from  FOLLOWER to FOLLOWER at term 276 for recognizeCandidate:5c3956af-60d3-411f-8c98-c7ed3576de5c
2019-10-16 21:53:26,007 [grpc-default-executor-1] INFO  impl.RaftServerImpl (RaftServerImpl.java:setRole(184)) - 9d88716d-5d6b-4fd8-b832-a110dc45ee66@group-EE856C9543A1: changes role from  FOLLOWER to FOLLOWER at term 276 for recognizeCandidate:5c3956af-60d3-411f-8c98-c7ed3576de5c
2019-10-16 21:53:26,007 [grpc-default-executor-1] INFO  impl.RoleInfo (RoleInfo.java:shutdownFollowerState(121)) - 9d88716d-5d6b-4fd8-b832-a110dc45ee66: shutdown FollowerState
2019-10-16 21:53:26,007 [grpc-default-executor-0] INFO  impl.RoleInfo (RoleInfo.java:shutdownFollowerState(121)) - efb933de-cdd8-4d8d-88d2-4c7ffe0dec1a: shutdown FollowerState
2019-10-16 21:53:26,007 [Thread-1919] INFO  impl.FollowerState (FollowerState.java:run(117)) - 9d88716d-5d6b-4fd8-b832-a110dc45ee66@group-EE856C9543A1-FollowerState was interrupted: java.lang.InterruptedException: sleep interrupted
2019-10-16 21:53:26,007 [grpc-default-executor-1] INFO  impl.RoleInfo (RoleInfo.java:updateAndGet(143)) - 9d88716d-5d6b-4fd8-b832-a110dc45ee66: start FollowerState
2019-10-16 21:53:26,007 [grpc-default-executor-0] INFO  impl.RoleInfo (RoleInfo.java:updateAndGet(143)) - efb933de-cdd8-4d8d-88d2-4c7ffe0dec1a: start FollowerState
2019-10-16 21:53:26,007 [Thread-1920] INFO  impl.FollowerState (FollowerState.java:run(117)) - efb933de-cdd8-4d8d-88d2-4c7ffe0dec1a@group-EE856C9543A1-FollowerState was interrupted: java.lang.InterruptedException: sleep interrupted
2019-10-16 21:53:26,022 [5c3956af-60d3-411f-8c98-c7ed3576de5c@group-EE856C9543A1-LeaderElection258] INFO  impl.LeaderElection (LeaderElection.java:logAndReturn(56)) - 5c3956af-60d3-411f-8c98-c7ed3576de5c@group-EE856C9543A1-LeaderElection258: Election REJECTED; received 2 response(s) [5c3956af-60d3-411f-8c98-c7ed3576de5c<-efb933de-cdd8-4d8d-88d2-4c7ffe0dec1a#0:FAIL-t276, 5c3956af-60d3-411f-8c98-c7ed3576de5c<-9d88716d-5d6b-4fd8-b832-a110dc45ee66#0:FAIL-t276] and 0 exception(s); 5c3956af-60d3-411f-8c98-c7ed3576de5c@group-EE856C9543A1:t276, leader=null, voted=5c3956af-60d3-411f-8c98-c7ed3576de5c, raftlog=5c3956af-60d3-411f-8c98-c7ed3576de5c@group-EE856C9543A1-SegmentedRaftLog:OPENED:c-1,f-1,i0, conf=-1: [5c3956af-60d3-411f-8c98-c7ed3576de5c:192.168.34.38:33787, efb933de-cdd8-4d8d-88d2-4c7ffe0dec1a:192.168.34.38:42459, 9d88716d-5d6b-4fd8-b832-a110dc45ee66:192.168.34.38:38211], old=null
2019-10-16 21:53:26,022 [5c3956af-60d3-411f-8c98-c7ed3576de5c@group-EE856C9543A1-LeaderElection258] INFO  impl.RaftServerImpl (RaftServerImpl.java:setRole(184)) - 5c3956af-60d3-411f-8c98-c7ed3576de5c@group-EE856C9543A1: changes role from CANDIDATE to FOLLOWER at term 276 for DISCOVERED_A_NEW_TERM
2019-10-16 21:53:26,022 [5c3956af-60d3-411f-8c98-c7ed3576de5c@group-EE856C9543A1-LeaderElection258] INFO  impl.RoleInfo (RoleInfo.java:shutdownLeaderElection(134)) - 5c3956af-60d3-411f-8c98-c7ed3576de5c: shutdown LeaderElection
2019-10-16 21:53:26,022 [5c3956af-60d3-411f-8c98-c7ed3576de5c@group-EE856C9543A1-LeaderElection258] INFO  impl.RoleInfo (RoleInfo.java:updateAndGet(143)) - 5c3956af-60d3-411f-8c98-c7ed3576de5c: start FollowerState
2019-10-16 21:53:26,109 [Thread-1927] INFO  impl.FollowerState (FollowerState.java:run(108)) - 5c3956af-60d3-411f-8c98-c7ed3576de5c@group-EE856C9543A1-FollowerState: change to CANDIDATE, lastRpcTime:87ms, electionTimeout:87ms
2019-10-16 21:53:26,109 [Thread-1927] INFO  impl.RoleInfo (RoleInfo.java:shutdownFollowerState(121)) - 5c3956af-60d3-411f-8c98-c7ed3576de5c: shutdown FollowerState
2019-10-16 21:53:26,110 [Thread-1927] INFO  impl.RaftServerImpl (RaftServerImpl.java:setRole(184)) - 5c3956af-60d3-411f-8c98-c7ed3576de5c@group-EE856C9543A1: changes role from  FOLLOWER to CANDIDATE at term 276 for changeToCandidate
2019-10-16 21:53:26,110 [Thread-1927] INFO  impl.RoleInfo (RoleInfo.java:updateAndGet(143)) - 5c3956af-60d3-411f-8c98-c7ed3576de5c: start LeaderElection
2019-10-16 21:53:26,190 [5c3956af-60d3-411f-8c98-c7ed3576de5c@group-EE856C9543A1-LeaderElection259] INFO  impl.LeaderElection (LeaderElection.java:askForVotes(178)) - 5c3956af-60d3-411f-8c98-c7ed3576de5c@group-EE856C9543A1-LeaderElection259: begin an election at term 277 for -1: [5c3956af-60d3-411f-8c98-c7ed3576de5c:192.168.34.38:33787, efb933de-cdd8-4d8d-88d2-4c7ffe0dec1a:192.168.34.38:42459, 9d88716d-5d6b-4fd8-b832-a110dc45ee66:192.168.34.38:38211], old=null
2019-10-16 21:53:26,193 [grpc-default-executor-1] INFO  impl.RaftServerImpl (RaftServerImpl.java:setRole(184)) - efb933de-cdd8-4d8d-88d2-4c7ffe0dec1a@group-EE856C9543A1: changes role from  FOLLOWER to FOLLOWER at term 277 for recognizeCandidate:5c3956af-60d3-411f-8c98-c7ed3576de5c
2019-10-16 21:53:26,193 [grpc-default-executor-1] INFO  impl.RoleInfo (RoleInfo.java:shutdownFollowerState(121)) - efb933de-cdd8-4d8d-88d2-4c7ffe0dec1a: shutdown FollowerState
2019-10-16 21:53:26,193 [grpc-default-executor-1] INFO  impl.RoleInfo (RoleInfo.java:updateAndGet(143)) - efb933de-cdd8-4d8d-88d2-4c7ffe0dec1a: start FollowerState
2019-10-16 21:53:26,193 [grpc-default-executor-0] INFO  impl.RaftServerImpl (RaftServerImpl.java:setRole(184)) - 9d88716d-5d6b-4fd8-b832-a110dc45ee66@group-EE856C9543A1: changes role from  FOLLOWER to FOLLOWER at term 277 for recognizeCandidate:5c3956af-60d3-411f-8c98-c7ed3576de5c
2019-10-16 21:53:26,193 [grpc-default-executor-0] INFO  impl.RoleInfo (RoleInfo.java:shutdownFollowerState(121)) - 9d88716d-5d6b-4fd8-b832-a110dc45ee66: shutdown FollowerState
2019-10-16 21:53:26,193 [Thread-1926] INFO  impl.FollowerState (FollowerState.java:run(117)) - efb933de-cdd8-4d8d-88d2-4c7ffe0dec1a@group-EE856C9543A1-FollowerState was interrupted: java.lang.InterruptedException: sleep interrupted
2019-10-16 21:53:26,194 [Thread-1925] INFO  impl.FollowerState (FollowerState.java:run(117)) - 9d88716d-5d6b-4fd8-b832-a110dc45ee66@group-EE856C9543A1-FollowerState was interrupted: java.lang.InterruptedException: sleep interrupted
2019-10-16 21:53:26,194 [grpc-default-executor-0] INFO  impl.RoleInfo (RoleInfo.java:updateAndGet(143)) - 9d88716d-5d6b-4fd8-b832-a110dc45ee66: start FollowerState
2019-10-16 21:53:26,201 [5c3956af-60d3-411f-8c98-c7ed3576de5c@group-EE856C9543A1-LeaderElection259] INFO  impl.LeaderElection (LeaderElection.java:logAndReturn(56)) - 5c3956af-60d3-411f-8c98-c7ed3576de5c@group-EE856C9543A1-LeaderElection259: Election REJECTED; received 2 response(s) [5c3956af-60d3-411f-8c98-c7ed3576de5c<-efb933de-cdd8-4d8d-88d2-4c7ffe0dec1a#0:FAIL-t277, 5c3956af-60d3-411f-8c98-c7ed3576de5c<-9d88716d-5d6b-4fd8-b832-a110dc45ee66#0:FAIL-t277] and 0 exception(s); 5c3956af-60d3-411f-8c98-c7ed3576de5c@group-EE856C9543A1:t277, leader=null, voted=5c3956af-60d3-411f-8c98-c7ed3576de5c, raftlog=5c3956af-60d3-411f-8c98-c7ed3576de5c@group-EE856C9543A1-SegmentedRaftLog:OPENED:c-1,f-1,i0, conf=-1: [5c3956af-60d3-411f-8c98-c7ed3576de5c:192.168.34.38:33787, efb933de-cdd8-4d8d-88d2-4c7ffe0dec1a:192.168.34.38:42459, 9d88716d-5d6b-4fd8-b832-a110dc45ee66:192.168.34.38:38211], old=null
2019-10-16 21:53:26,201 [5c3956af-60d3-411f-8c98-c7ed3576de5c@group-EE856C9543A1-LeaderElection259] INFO  impl.RaftServerImpl (RaftServerImpl.java:setRole(184)) - 5c3956af-60d3-411f-8c98-c7ed3576de5c@group-EE856C9543A1: changes role from CANDIDATE to FOLLOWER at term 277 for DISCOVERED_A_NEW_TERM
2019-10-16 21:53:26,202 [5c3956af-60d3-411f-8c98-c7ed3576de5c@group-EE856C9543A1-LeaderElection259] INFO  impl.RoleInfo (RoleInfo.java:shutdownLeaderElection(134)) - 5c3956af-60d3-411f-8c98-c7ed3576de5c: shutdown LeaderElection
2019-10-16 21:53:26,202 [5c3956af-60d3-411f-8c98-c7ed3576de5c@group-EE856C9543A1-LeaderElection259] INFO  impl.RoleInfo (RoleInfo.java:updateAndGet(143)) - 5c3956af-60d3-411f-8c98-c7ed3576de5c: start FollowerState
2019-10-16 21:53:26,255 [Thread-1933] INFO  impl.FollowerState (FollowerState.java:run(108)) - 5c3956af-60d3-411f-8c98-c7ed3576de5c@group-EE856C9543A1-FollowerState: change to CANDIDATE, lastRpcTime:53ms, electionTimeout:53ms
2019-10-16 21:53:26,255 [Thread-1933] INFO  impl.RoleInfo (RoleInfo.java:shutdownFollowerState(121)) - 5c3956af-60d3-411f-8c98-c7ed3576de5c: shutdown FollowerState
2019-10-16 21:53:26,255 [Thread-1933] INFO  impl.RaftServerImpl (RaftServerImpl.java:setRole(184)) - 5c3956af-60d3-411f-8c98-c7ed3576de5c@group-EE856C9543A1: changes role from  FOLLOWER to CANDIDATE at term 277 for changeToCandidate
2019-10-16 21:53:26,256 [Thread-1933] INFO  impl.RoleInfo (RoleInfo.java:updateAndGet(143)) - 5c3956af-60d3-411f-8c98-c7ed3576de5c: start LeaderElection
2019-10-16 21:53:26,261 [5c3956af-60d3-411f-8c98-c7ed3576de5c@group-EE856C9543A1-LeaderElection260] INFO  impl.LeaderElection (LeaderElection.java:askForVotes(178)) - 5c3956af-60d3-411f-8c98-c7ed3576de5c@group-EE856C9543A1-LeaderElection260: begin an election at term 278 for -1: [5c3956af-60d3-411f-8c98-c7ed3576de5c:192.168.34.38:33787, efb933de-cdd8-4d8d-88d2-4c7ffe0dec1a:192.168.34.38:42459, 9d88716d-5d6b-4fd8-b832-a110dc45ee66:192.168.34.38:38211], old=null
2019-10-16 21:53:26,263 [grpc-default-executor-1] INFO  impl.RaftServerImpl (RaftServerImpl.java:setRole(184)) - efb933de-cdd8-4d8d-88d2-4c7ffe0dec1a@group-EE856C9543A1: changes role from  FOLLOWER to FOLLOWER at term 278 for recognizeCandidate:5c3956af-60d3-411f-8c98-c7ed3576de5c
2019-10-16 21:53:26,263 [grpc-default-executor-1] INFO  impl.RoleInfo (RoleInfo.java:shutdownFollowerState(121)) - efb933de-cdd8-4d8d-88d2-4c7ffe0dec1a: shutdown FollowerState
2019-10-16 21:53:26,264 [grpc-default-executor-1] INFO  impl.RoleInfo (RoleInfo.java:updateAndGet(143)) - efb933de-cdd8-4d8d-88d2-4c7ffe0dec1a: start FollowerState
2019-10-16 21:53:26,264 [Thread-1931] INFO  impl.FollowerState (FollowerState.java:run(117)) - efb933de-cdd8-4d8d-88d2-4c7ffe0dec1a@group-EE856C9543A1-FollowerState was interrupted: java.lang.InterruptedException: sleep interrupted
2019-10-16 21:53:26,264 [grpc-default-executor-0] INFO  impl.RaftServerImpl (RaftServerImpl.java:setRole(184)) - 9d88716d-5d6b-4fd8-b832-a110dc45ee66@group-EE856C9543A1: changes role from  FOLLOWER to FOLLOWER at term 278 for recognizeCandidate:5c3956af-60d3-411f-8c98-c7ed3576de5c
2019-10-16 21:53:26,264 [grpc-default-executor-0] INFO  impl.RoleInfo (RoleInfo.java:shutdownFollowerState(121)) - 9d88716d-5d6b-4fd8-b832-a110dc45ee66: shutdown FollowerState
2019-10-16 21:53:26,264 [grpc-default-executor-0] INFO  impl.RoleInfo (RoleInfo.java:updateAndGet(143)) - 9d88716d-5d6b-4fd8-b832-a110dc45ee66: start FollowerState
2019-10-16 21:53:26,264 [Thread-1932] INFO  impl.FollowerState (FollowerState.java:run(117)) - 9d88716d-5d6b-4fd8-b832-a110dc45ee66@group-EE856C9543A1-FollowerState was interrupted: java.lang.InterruptedException: sleep interrupted
2019-10-16 21:53:26,273 [5c3956af-60d3-411f-8c98-c7ed3576de5c@group-EE856C9543A1-LeaderElection260] INFO  impl.LeaderElection (LeaderElection.java:logAndReturn(56)) - 5c3956af-60d3-411f-8c98-c7ed3576de5c@group-EE856C9543A1-LeaderElection260: Election REJECTED; received 2 response(s) [5c3956af-60d3-411f-8c98-c7ed3576de5c<-efb933de-cdd8-4d8d-88d2-4c7ffe0dec1a#0:FAIL-t278, 5c3956af-60d3-411f-8c98-c7ed3576de5c<-9d88716d-5d6b-4fd8-b832-a110dc45ee66#0:FAIL-t278] and 0 exception(s); 5c3956af-60d3-411f-8c98-c7ed3576de5c@group-EE856C9543A1:t278, leader=null, voted=5c3956af-60d3-411f-8c98-c7ed3576de5c, raftlog=5c3956af-60d3-411f-8c98-c7ed3576de5c@group-EE856C9543A1-SegmentedRaftLog:OPENED:c-1,f-1,i0, conf=-1: [5c3956af-60d3-411f-8c98-c7ed3576de5c:192.168.34.38:33787, efb933de-cdd8-4d8d-88d2-4c7ffe0dec1a:192.168.34.38:42459, 9d88716d-5d6b-4fd8-b832-a110dc45ee66:192.168.34.38:38211], old=null
2019-10-16 21:53:26,273 [5c3956af-60d3-411f-8c98-c7ed3576de5c@group-EE856C9543A1-LeaderElection260] INFO  impl.RaftServerImpl (RaftServerImpl.java:setRole(184)) - 5c3956af-60d3-411f-8c98-c7ed3576de5c@group-EE856C9543A1: changes role from CANDIDATE to FOLLOWER at term 278 for DISCOVERED_A_NEW_TERM
2019-10-16 21:53:26,273 [5c3956af-60d3-411f-8c98-c7ed3576de5c@group-EE856C9543A1-LeaderElection260] INFO  impl.RoleInfo (RoleInfo.java:shutdownLeaderElection(134)) - 5c3956af-60d3-411f-8c98-c7ed3576de5c: shutdown LeaderElection
2019-10-16 21:53:26,274 [5c3956af-60d3-411f-8c98-c7ed3576de5c@group-EE856C9543A1-LeaderElection260] INFO  impl.RoleInfo (RoleInfo.java:updateAndGet(143)) - 5c3956af-60d3-411f-8c98-c7ed3576de5c: start FollowerState
2019-10-16 21:53:26,382 [Thread-1939] INFO  impl.FollowerState (FollowerState.java:run(108)) - 5c3956af-60d3-411f-8c98-c7ed3576de5c@group-EE856C9543A1-FollowerState: change to CANDIDATE, lastRpcTime:108ms, electionTimeout:108ms
2019-10-16 21:53:26,382 [Thread-1939] INFO  impl.RoleInfo (RoleInfo.java:shutdownFollowerState(121)) - 5c3956af-60d3-411f-8c98-c7ed3576de5c: shutdown FollowerState
2019-10-16 21:53:26,382 [Thread-1939] INFO  impl.RaftServerImpl (RaftServerImpl.java:setRole(184)) - 5c3956af-60d3-411f-8c98-c7ed3576de5c@group-EE856C9543A1: changes role from  FOLLOWER to CANDIDATE at term 278 for changeToCandidate
2019-10-16 21:53:26,383 [Thread-1939] INFO  impl.RoleInfo (RoleInfo.java:updateAndGet(143)) - 5c3956af-60d3-411f-8c98-c7ed3576de5c: start LeaderElection
2019-10-16 21:53:26,391 [5c3956af-60d3-411f-8c98-c7ed3576de5c@group-EE856C9543A1-LeaderElection261] INFO  impl.LeaderElection (LeaderElection.java:askForVotes(178)) - 5c3956af-60d3-411f-8c98-c7ed3576de5c@group-EE856C9543A1-LeaderElection261: begin an election at term 279 for -1: [5c3956af-60d3-411f-8c98-c7ed3576de5c:192.168.34.38:33787, efb933de-cdd8-4d8d-88d2-4c7ffe0dec1a:192.168.34.38:42459, 9d88716d-5d6b-4fd8-b832-a110dc45ee66:192.168.34.38:38211], old=null
2019-10-16 21:53:26,393 [grpc-default-executor-0] INFO  impl.RaftServerImpl (RaftServerImpl.java:setRole(184)) - efb933de-cdd8-4d8d-88d2-4c7ffe0dec1a@group-EE856C9543A1: changes role from  FOLLOWER to FOLLOWER at term 279 for recognizeCandidate:5c3956af-60d3-411f-8c98-c7ed3576de5c
2019-10-16 21:53:26,394 [grpc-default-executor-0] INFO  impl.RoleInfo (RoleInfo.java:shutdownFollowerState(121)) - efb933de-cdd8-4d8d-88d2-4c7ffe0dec1a: shutdown FollowerState
2019-10-16 21:53:26,394 [grpc-default-executor-0] INFO  impl.RoleInfo (RoleInfo.java:updateAndGet(143)) - efb933de-cdd8-4d8d-88d2-4c7ffe0dec1a: start FollowerState
2019-10-16 21:53:26,394 [grpc-default-executor-1] INFO  impl.RaftServerImpl (RaftServerImpl.java:setRole(184)) - 9d88716d-5d6b-4fd8-b832-a110dc45ee66@group-EE856C9543A1: changes role from  FOLLOWER to FOLLOWER at term 279 for recognizeCandidate:5c3956af-60d3-411f-8c98-c7ed3576de5c
2019-10-16 21:53:26,394 [Thread-1937] INFO  impl.FollowerState (FollowerState.java:run(117)) - efb933de-cdd8-4d8d-88d2-4c7ffe0dec1a@group-EE856C9543A1-FollowerState was interrupted: java.lang.InterruptedException: sleep interrupted
2019-10-16 21:53:26,394 [grpc-default-executor-1] INFO  impl.RoleInfo (RoleInfo.java:shutdownFollowerState(121)) - 9d88716d-5d6b-4fd8-b832-a110dc45ee66: shutdown FollowerState
2019-10-16 21:53:26,395 [grpc-default-executor-1] INFO  impl.RoleInfo (RoleInfo.java:updateAndGet(143)) - 9d88716d-5d6b-4fd8-b832-a110dc45ee66: start FollowerState
2019-10-16 21:53:26,395 [Thread-1938] INFO  impl.FollowerState (FollowerState.java:run(117)) - 9d88716d-5d6b-4fd8-b832-a110dc45ee66@group-EE856C9543A1-FollowerState was interrupted: java.lang.InterruptedException: sleep interrupted
2019-10-16 21:53:26,409 [5c3956af-60d3-411f-8c98-c7ed3576de5c@group-EE856C9543A1-LeaderElection261] INFO  impl.LeaderElection (LeaderElection.java:logAndReturn(56)) - 5c3956af-60d3-411f-8c98-c7ed3576de5c@group-EE856C9543A1-LeaderElection261: Election REJECTED; received 2 response(s) [5c3956af-60d3-411f-8c98-c7ed3576de5c<-efb933de-cdd8-4d8d-88d2-4c7ffe0dec1a#0:FAIL-t279, 5c3956af-60d3-411f-8c98-c7ed3576de5c<-9d88716d-5d6b-4fd8-b832-a110dc45ee66#0:FAIL-t279] and 0 exception(s); 5c3956af-60d3-411f-8c98-c7ed3576de5c@group-EE856C9543A1:t279, leader=null, voted=5c3956af-60d3-411f-8c98-c7ed3576de5c, raftlog=5c3956af-60d3-411f-8c98-c7ed3576de5c@group-EE856C9543A1-SegmentedRaftLog:OPENED:c-1,f-1,i0, conf=-1: [5c3956af-60d3-411f-8c98-c7ed3576de5c:192.168.34.38:33787, efb933de-cdd8-4d8d-88d2-4c7ffe0dec1a:192.168.34.38:42459, 9d88716d-5d6b-4fd8-b832-a110dc45ee66:192.168.34.38:38211], old=null
2019-10-16 21:53:26,409 [5c3956af-60d3-411f-8c98-c7ed3576de5c@group-EE856C9543A1-LeaderElection261] INFO  impl.RaftServerImpl (RaftServerImpl.java:setRole(184)) - 5c3956af-60d3-411f-8c98-c7ed3576de5c@group-EE856C9543A1: changes role from CANDIDATE to FOLLOWER at term 279 for DISCOVERED_A_NEW_TERM
2019-10-16 21:53:26,409 [5c3956af-60d3-411f-8c98-c7ed3576de5c@group-EE856C9543A1-LeaderElection261] INFO  impl.RoleInfo (RoleInfo.java:shutdownLeaderElection(134)) - 5c3956af-60d3-411f-8c98-c7ed3576de5c: shutdown LeaderElection
2019-10-16 21:53:26,410 [5c3956af-60d3-411f-8c98-c7ed3576de5c@group-EE856C9543A1-LeaderElection261] INFO  impl.RoleInfo (RoleInfo.java:updateAndGet(143)) - 5c3956af-60d3-411f-8c98-c7ed3576de5c: start FollowerState
2019-10-16 21:53:26,413 [JUnit] INFO  ozone.MiniOzoneClusterImpl (MiniOzoneClusterImpl.java:lambda$waitForClusterToBeReady$2(164)) - Waiting for 1 number of pipelines out of 6, to report a leader.
2019-10-16 21:53:26,573 [Thread-1945] INFO  impl.FollowerState (FollowerState.java:run(108)) - 5c3956af-60d3-411f-8c98-c7ed3576de5c@group-EE856C9543A1-FollowerState: change to CANDIDATE, lastRpcTime:163ms, electionTimeout:163ms
2019-10-16 21:53:26,573 [Thread-1945] INFO  impl.RoleInfo (RoleInfo.java:shutdownFollowerState(121)) - 5c3956af-60d3-411f-8c98-c7ed3576de5c: shutdown FollowerState
2019-10-16 21:53:26,573 [Thread-1945] INFO  impl.RaftServerImpl (RaftServerImpl.java:setRole(184)) - 5c3956af-60d3-411f-8c98-c7ed3576de5c@group-EE856C9543A1: changes role from  FOLLOWER to CANDIDATE at term 279 for changeToCandidate
2019-10-16 21:53:26,574 [Thread-1945] INFO  impl.RoleInfo (RoleInfo.java:updateAndGet(143)) - 5c3956af-60d3-411f-8c98-c7ed3576de5c: start LeaderElection
2019-10-16 21:53:26,588 [5c3956af-60d3-411f-8c98-c7ed3576de5c@group-EE856C9543A1-LeaderElection262] INFO  impl.LeaderElection (LeaderElection.java:askForVotes(178)) - 5c3956af-60d3-411f-8c98-c7ed3576de5c@group-EE856C9543A1-LeaderElection262: begin an election at term 280 for -1: [5c3956af-60d3-411f-8c98-c7ed3576de5c:192.168.34.38:33787, efb933de-cdd8-4d8d-88d2-4c7ffe0dec1a:192.168.34.38:42459, 9d88716d-5d6b-4fd8-b832-a110dc45ee66:192.168.34.38:38211], old=null
2019-10-16 21:53:26,590 [grpc-default-executor-1] INFO  impl.RaftServerImpl (RaftServerImpl.java:setRole(184)) - efb933de-cdd8-4d8d-88d2-4c7ffe0dec1a@group-EE856C9543A1: changes role from  FOLLOWER to FOLLOWER at term 280 for recognizeCandidate:5c3956af-60d3-411f-8c98-c7ed3576de5c
2019-10-16 21:53:26,590 [grpc-default-executor-1] INFO  impl.RoleInfo (RoleInfo.java:shutdownFollowerState(121)) - efb933de-cdd8-4d8d-88d2-4c7ffe0dec1a: shutdown FollowerState
2019-10-16 21:53:26,590 [grpc-default-executor-0] INFO  impl.RaftServerImpl (RaftServerImpl.java:setRole(184)) - 9d88716d-5d6b-4fd8-b832-a110dc45ee66@group-EE856C9543A1: changes role from  FOLLOWER to FOLLOWER at term 280 for recognizeCandidate:5c3956af-60d3-411f-8c98-c7ed3576de5c
2019-10-16 21:53:26,590 [Thread-1943] INFO  impl.FollowerState (FollowerState.java:run(117)) - efb933de-cdd8-4d8d-88d2-4c7ffe0dec1a@group-EE856C9543A1-FollowerState was interrupted: java.lang.InterruptedException: sleep interrupted
2019-10-16 21:53:26,590 [grpc-default-executor-1] INFO  impl.RoleInfo (RoleInfo.java:updateAndGet(143)) - efb933de-cdd8-4d8d-88d2-4c7ffe0dec1a: start FollowerState
2019-10-16 21:53:26,590 [grpc-default-executor-0] INFO  impl.RoleInfo (RoleInfo.java:shutdownFollowerState(121)) - 9d88716d-5d6b-4fd8-b832-a110dc45ee66: shutdown FollowerState
2019-10-16 21:53:26,591 [grpc-default-executor-0] INFO  impl.RoleInfo (RoleInfo.java:updateAndGet(143)) - 9d88716d-5d6b-4fd8-b832-a110dc45ee66: start FollowerState
2019-10-16 21:53:26,591 [Thread-1944] INFO  impl.FollowerState (FollowerState.java:run(117)) - 9d88716d-5d6b-4fd8-b832-a110dc45ee66@group-EE856C9543A1-FollowerState was interrupted: java.lang.InterruptedException: sleep interrupted
2019-10-16 21:53:26,601 [5c3956af-60d3-411f-8c98-c7ed3576de5c@group-EE856C9543A1-LeaderElection262] INFO  impl.LeaderElection (LeaderElection.java:logAndReturn(56)) - 5c3956af-60d3-411f-8c98-c7ed3576de5c@group-EE856C9543A1-LeaderElection262: Election REJECTED; received 2 response(s) [5c3956af-60d3-411f-8c98-c7ed3576de5c<-efb933de-cdd8-4d8d-88d2-4c7ffe0dec1a#0:FAIL-t280, 5c3956af-60d3-411f-8c98-c7ed3576de5c<-9d88716d-5d6b-4fd8-b832-a110dc45ee66#0:FAIL-t280] and 0 exception(s); 5c3956af-60d3-411f-8c98-c7ed3576de5c@group-EE856C9543A1:t280, leader=null, voted=5c3956af-60d3-411f-8c98-c7ed3576de5c, raftlog=5c3956af-60d3-411f-8c98-c7ed3576de5c@group-EE856C9543A1-SegmentedRaftLog:OPENED:c-1,f-1,i0, conf=-1: [5c3956af-60d3-411f-8c98-c7ed3576de5c:192.168.34.38:33787, efb933de-cdd8-4d8d-88d2-4c7ffe0dec1a:192.168.34.38:42459, 9d88716d-5d6b-4fd8-b832-a110dc45ee66:192.168.34.38:38211], old=null
2019-10-16 21:53:26,601 [5c3956af-60d3-411f-8c98-c7ed3576de5c@group-EE856C9543A1-LeaderElection262] INFO  impl.RaftServerImpl (RaftServerImpl.java:setRole(184)) - 5c3956af-60d3-411f-8c98-c7ed3576de5c@group-EE856C9543A1: changes role from CANDIDATE to FOLLOWER at term 280 for DISCOVERED_A_NEW_TERM
2019-10-16 21:53:26,601 [5c3956af-60d3-411f-8c98-c7ed3576de5c@group-EE856C9543A1-LeaderElection262] INFO  impl.RoleInfo (RoleInfo.java:shutdownLeaderElection(134)) - 5c3956af-60d3-411f-8c98-c7ed3576de5c: shutdown LeaderElection
2019-10-16 21:53:26,602 [5c3956af-60d3-411f-8c98-c7ed3576de5c@group-EE856C9543A1-LeaderElection262] INFO  impl.RoleInfo (RoleInfo.java:updateAndGet(143)) - 5c3956af-60d3-411f-8c98-c7ed3576de5c: start FollowerState
2019-10-16 21:53:26,640 [Thread-1951] INFO  impl.FollowerState (FollowerState.java:run(108)) - 5c3956af-60d3-411f-8c98-c7ed3576de5c@group-EE856C9543A1-FollowerState: change to CANDIDATE, lastRpcTime:38ms, electionTimeout:38ms
2019-10-16 21:53:26,640 [Thread-1951] INFO  impl.RoleInfo (RoleInfo.java:shutdownFollowerState(121)) - 5c3956af-60d3-411f-8c98-c7ed3576de5c: shutdown FollowerState
2019-10-16 21:53:26,640 [Thread-1951] INFO  impl.RaftServerImpl (RaftServerImpl.java:setRole(184)) - 5c3956af-60d3-411f-8c98-c7ed3576de5c@group-EE856C9543A1: changes role from  FOLLOWER to CANDIDATE at term 280 for changeToCandidate
2019-10-16 21:53:26,640 [Thread-1951] INFO  impl.RoleInfo (RoleInfo.java:updateAndGet(143)) - 5c3956af-60d3-411f-8c98-c7ed3576de5c: start LeaderElection
2019-10-16 21:53:26,654 [5c3956af-60d3-411f-8c98-c7ed3576de5c@group-EE856C9543A1-LeaderElection263] INFO  impl.LeaderElection (LeaderElection.java:askForVotes(178)) - 5c3956af-60d3-411f-8c98-c7ed3576de5c@group-EE856C9543A1-LeaderElection263: begin an election at term 281 for -1: [5c3956af-60d3-411f-8c98-c7ed3576de5c:192.168.34.38:33787, efb933de-cdd8-4d8d-88d2-4c7ffe0dec1a:192.168.34.38:42459, 9d88716d-5d6b-4fd8-b832-a110dc45ee66:192.168.34.38:38211], old=null
2019-10-16 21:53:26,656 [grpc-default-executor-0] INFO  impl.RaftServerImpl (RaftServerImpl.java:setRole(184)) - efb933de-cdd8-4d8d-88d2-4c7ffe0dec1a@group-EE856C9543A1: changes role from  FOLLOWER to FOLLOWER at term 281 for recognizeCandidate:5c3956af-60d3-411f-8c98-c7ed3576de5c
2019-10-16 21:53:26,656 [grpc-default-executor-0] INFO  impl.RoleInfo (RoleInfo.java:shutdownFollowerState(121)) - efb933de-cdd8-4d8d-88d2-4c7ffe0dec1a: shutdown FollowerState
2019-10-16 21:53:26,656 [grpc-default-executor-0] INFO  impl.RoleInfo (RoleInfo.java:updateAndGet(143)) - efb933de-cdd8-4d8d-88d2-4c7ffe0dec1a: start FollowerState
2019-10-16 21:53:26,656 [grpc-default-executor-1] INFO  impl.RaftServerImpl (RaftServerImpl.java:setRole(184)) - 9d88716d-5d6b-4fd8-b832-a110dc45ee66@group-EE856C9543A1: changes role from  FOLLOWER to FOLLOWER at term 281 for recognizeCandidate:5c3956af-60d3-411f-8c98-c7ed3576de5c
2019-10-16 21:53:26,656 [Thread-1949] INFO  impl.FollowerState (FollowerState.java:run(117)) - efb933de-cdd8-4d8d-88d2-4c7ffe0dec1a@group-EE856C9543A1-FollowerState was interrupted: java.lang.InterruptedException: sleep interrupted
2019-10-16 21:53:26,657 [grpc-default-executor-1] INFO  impl.RoleInfo (RoleInfo.java:shutdownFollowerState(121)) - 9d88716d-5d6b-4fd8-b832-a110dc45ee66: shutdown FollowerState
2019-10-16 21:53:26,657 [grpc-default-executor-1] INFO  impl.RoleInfo (RoleInfo.java:updateAndGet(143)) - 9d88716d-5d6b-4fd8-b832-a110dc45ee66: start FollowerState
2019-10-16 21:53:26,657 [Thread-1950] INFO  impl.FollowerState (FollowerState.java:run(117)) - 9d88716d-5d6b-4fd8-b832-a110dc45ee66@group-EE856C9543A1-FollowerState was interrupted: java.lang.InterruptedException: sleep interrupted
2019-10-16 21:53:26,675 [5c3956af-60d3-411f-8c98-c7ed3576de5c@group-EE856C9543A1-LeaderElection263] INFO  impl.LeaderElection (LeaderElection.java:logAndReturn(56)) - 5c3956af-60d3-411f-8c98-c7ed3576de5c@group-EE856C9543A1-LeaderElection263: Election REJECTED; received 2 response(s) [5c3956af-60d3-411f-8c98-c7ed3576de5c<-efb933de-cdd8-4d8d-88d2-4c7ffe0dec1a#0:FAIL-t281, 5c3956af-60d3-411f-8c98-c7ed3576de5c<-9d88716d-5d6b-4fd8-b832-a110dc45ee66#0:FAIL-t281] and 0 exception(s); 5c3956af-60d3-411f-8c98-c7ed3576de5c@group-EE856C9543A1:t281, leader=null, voted=5c3956af-60d3-411f-8c98-c7ed3576de5c, raftlog=5c3956af-60d3-411f-8c98-c7ed3576de5c@group-EE856C9543A1-SegmentedRaftLog:OPENED:c-1,f-1,i0, conf=-1: [5c3956af-60d3-411f-8c98-c7ed3576de5c:192.168.34.38:33787, efb933de-cdd8-4d8d-88d2-4c7ffe0dec1a:192.168.34.38:42459, 9d88716d-5d6b-4fd8-b832-a110dc45ee66:192.168.34.38:38211], old=null
2019-10-16 21:53:26,675 [5c3956af-60d3-411f-8c98-c7ed3576de5c@group-EE856C9543A1-LeaderElection263] INFO  impl.RaftServerImpl (RaftServerImpl.java:setRole(184)) - 5c3956af-60d3-411f-8c98-c7ed3576de5c@group-EE856C9543A1: changes role from CANDIDATE to FOLLOWER at term 281 for DISCOVERED_A_NEW_TERM
2019-10-16 21:53:26,675 [5c3956af-60d3-411f-8c98-c7ed3576de5c@group-EE856C9543A1-LeaderElection263] INFO  impl.RoleInfo (RoleInfo.java:shutdownLeaderElection(134)) - 5c3956af-60d3-411f-8c98-c7ed3576de5c: shutdown LeaderElection
2019-10-16 21:53:26,675 [5c3956af-60d3-411f-8c98-c7ed3576de5c@group-EE856C9543A1-LeaderElection263] INFO  impl.RoleInfo (RoleInfo.java:updateAndGet(143)) - 5c3956af-60d3-411f-8c98-c7ed3576de5c: start FollowerState
2019-10-16 21:53:26,738 [Thread-1957] INFO  impl.FollowerState (FollowerState.java:run(108)) - 5c3956af-60d3-411f-8c98-c7ed3576de5c@group-EE856C9543A1-FollowerState: change to CANDIDATE, lastRpcTime:62ms, electionTimeout:62ms
2019-10-16 21:53:26,738 [Thread-1957] INFO  impl.RoleInfo (RoleInfo.java:shutdownFollowerState(121)) - 5c3956af-60d3-411f-8c98-c7ed3576de5c: shutdown FollowerState
2019-10-16 21:53:26,738 [Thread-1957] INFO  impl.RaftServerImpl (RaftServerImpl.java:setRole(184)) - 5c3956af-60d3-411f-8c98-c7ed3576de5c@group-EE856C9543A1: changes role from  FOLLOWER to CANDIDATE at term 281 for changeToCandidate
2019-10-16 21:53:26,738 [Thread-1957] INFO  impl.RoleInfo (RoleInfo.java:updateAndGet(143)) - 5c3956af-60d3-411f-8c98-c7ed3576de5c: start LeaderElection
2019-10-16 21:53:26,752 [5c3956af-60d3-411f-8c98-c7ed3576de5c@group-EE856C9543A1-LeaderElection264] INFO  impl.LeaderElection (LeaderElection.java:askForVotes(178)) - 5c3956af-60d3-411f-8c98-c7ed3576de5c@group-EE856C9543A1-LeaderElection264: begin an election at term 282 for -1: [5c3956af-60d3-411f-8c98-c7ed3576de5c:192.168.34.38:33787, efb933de-cdd8-4d8d-88d2-4c7ffe0dec1a:192.168.34.38:42459, 9d88716d-5d6b-4fd8-b832-a110dc45ee66:192.168.34.38:38211], old=null
2019-10-16 21:53:26,754 [grpc-default-executor-1] INFO  impl.RaftServerImpl (RaftServerImpl.java:setRole(184)) - efb933de-cdd8-4d8d-88d2-4c7ffe0dec1a@group-EE856C9543A1: changes role from  FOLLOWER to FOLLOWER at term 282 for recognizeCandidate:5c3956af-60d3-411f-8c98-c7ed3576de5c
2019-10-16 21:53:26,754 [grpc-default-executor-1] INFO  impl.RoleInfo (RoleInfo.java:shutdownFollowerState(121)) - efb933de-cdd8-4d8d-88d2-4c7ffe0dec1a: shutdown FollowerState
2019-10-16 21:53:26,754 [grpc-default-executor-1] INFO  impl.RoleInfo (RoleInfo.java:updateAndGet(143)) - efb933de-cdd8-4d8d-88d2-4c7ffe0dec1a: start FollowerState
2019-10-16 21:53:26,754 [Thread-1955] INFO  impl.FollowerState (FollowerState.java:run(117)) - efb933de-cdd8-4d8d-88d2-4c7ffe0dec1a@group-EE856C9543A1-FollowerState was interrupted: java.lang.InterruptedException: sleep interrupted
2019-10-16 21:53:26,755 [grpc-default-executor-0] INFO  impl.RaftServerImpl (RaftServerImpl.java:setRole(184)) - 9d88716d-5d6b-4fd8-b832-a110dc45ee66@group-EE856C9543A1: changes role from  FOLLOWER to FOLLOWER at term 282 for recognizeCandidate:5c3956af-60d3-411f-8c98-c7ed3576de5c
2019-10-16 21:53:26,755 [grpc-default-executor-0] INFO  impl.RoleInfo (RoleInfo.java:shutdownFollowerState(121)) - 9d88716d-5d6b-4fd8-b832-a110dc45ee66: shutdown FollowerState
2019-10-16 21:53:26,755 [grpc-default-executor-0] INFO  impl.RoleInfo (RoleInfo.java:updateAndGet(143)) - 9d88716d-5d6b-4fd8-b832-a110dc45ee66: start FollowerState
2019-10-16 21:53:26,755 [Thread-1956] INFO  impl.FollowerState (FollowerState.java:run(117)) - 9d88716d-5d6b-4fd8-b832-a110dc45ee66@group-EE856C9543A1-FollowerState was interrupted: java.lang.InterruptedException: sleep interrupted
2019-10-16 21:53:26,774 [5c3956af-60d3-411f-8c98-c7ed3576de5c@group-EE856C9543A1-LeaderElection264] INFO  impl.LeaderElection (LeaderElection.java:logAndReturn(56)) - 5c3956af-60d3-411f-8c98-c7ed3576de5c@group-EE856C9543A1-LeaderElection264: Election REJECTED; received 2 response(s) [5c3956af-60d3-411f-8c98-c7ed3576de5c<-efb933de-cdd8-4d8d-88d2-4c7ffe0dec1a#0:FAIL-t282, 5c3956af-60d3-411f-8c98-c7ed3576de5c<-9d88716d-5d6b-4fd8-b832-a110dc45ee66#0:FAIL-t282] and 0 exception(s); 5c3956af-60d3-411f-8c98-c7ed3576de5c@group-EE856C9543A1:t282, leader=null, voted=5c3956af-60d3-411f-8c98-c7ed3576de5c, raftlog=5c3956af-60d3-411f-8c98-c7ed3576de5c@group-EE856C9543A1-SegmentedRaftLog:OPENED:c-1,f-1,i0, conf=-1: [5c3956af-60d3-411f-8c98-c7ed3576de5c:192.168.34.38:33787, efb933de-cdd8-4d8d-88d2-4c7ffe0dec1a:192.168.34.38:42459, 9d88716d-5d6b-4fd8-b832-a110dc45ee66:192.168.34.38:38211], old=null
2019-10-16 21:53:26,774 [5c3956af-60d3-411f-8c98-c7ed3576de5c@group-EE856C9543A1-LeaderElection264] INFO  impl.RaftServerImpl (RaftServerImpl.java:setRole(184)) - 5c3956af-60d3-411f-8c98-c7ed3576de5c@group-EE856C9543A1: changes role from CANDIDATE to FOLLOWER at term 282 for DISCOVERED_A_NEW_TERM
2019-10-16 21:53:26,774 [5c3956af-60d3-411f-8c98-c7ed3576de5c@group-EE856C9543A1-LeaderElection264] INFO  impl.RoleInfo (RoleInfo.java:shutdownLeaderElection(134)) - 5c3956af-60d3-411f-8c98-c7ed3576de5c: shutdown LeaderElection
2019-10-16 21:53:26,774 [5c3956af-60d3-411f-8c98-c7ed3576de5c@group-EE856C9543A1-LeaderElection264] INFO  impl.RoleInfo (RoleInfo.java:updateAndGet(143)) - 5c3956af-60d3-411f-8c98-c7ed3576de5c: start FollowerState
2019-10-16 21:53:26,858 [Thread-1963] INFO  impl.FollowerState (FollowerState.java:run(108)) - 5c3956af-60d3-411f-8c98-c7ed3576de5c@group-EE856C9543A1-FollowerState: change to CANDIDATE, lastRpcTime:83ms, electionTimeout:83ms
2019-10-16 21:53:26,858 [Thread-1963] INFO  impl.RoleInfo (RoleInfo.java:shutdownFollowerState(121)) - 5c3956af-60d3-411f-8c98-c7ed3576de5c: shutdown FollowerState
2019-10-16 21:53:26,858 [Thread-1963] INFO  impl.RaftServerImpl (RaftServerImpl.java:setRole(184)) - 5c3956af-60d3-411f-8c98-c7ed3576de5c@group-EE856C9543A1: changes role from  FOLLOWER to CANDIDATE at term 282 for changeToCandidate
2019-10-16 21:53:26,858 [Thread-1963] INFO  impl.RoleInfo (RoleInfo.java:updateAndGet(143)) - 5c3956af-60d3-411f-8c98-c7ed3576de5c: start LeaderElection
2019-10-16 21:53:26,872 [5c3956af-60d3-411f-8c98-c7ed3576de5c@group-EE856C9543A1-LeaderElection265] INFO  impl.LeaderElection (LeaderElection.java:askForVotes(178)) - 5c3956af-60d3-411f-8c98-c7ed3576de5c@group-EE856C9543A1-LeaderElection265: begin an election at term 283 for -1: [5c3956af-60d3-411f-8c98-c7ed3576de5c:192.168.34.38:33787, efb933de-cdd8-4d8d-88d2-4c7ffe0dec1a:192.168.34.38:42459, 9d88716d-5d6b-4fd8-b832-a110dc45ee66:192.168.34.38:38211], old=null
2019-10-16 21:53:26,875 [grpc-default-executor-1] INFO  impl.RaftServerImpl (RaftServerImpl.java:setRole(184)) - efb933de-cdd8-4d8d-88d2-4c7ffe0dec1a@group-EE856C9543A1: changes role from  FOLLOWER to FOLLOWER at term 283 for recognizeCandidate:5c3956af-60d3-411f-8c98-c7ed3576de5c
2019-10-16 21:53:26,875 [grpc-default-executor-1] INFO  impl.RoleInfo (RoleInfo.java:shutdownFollowerState(121)) - efb933de-cdd8-4d8d-88d2-4c7ffe0dec1a: shutdown FollowerState
2019-10-16 21:53:26,875 [grpc-default-executor-1] INFO  impl.RoleInfo (RoleInfo.java:updateAndGet(143)) - efb933de-cdd8-4d8d-88d2-4c7ffe0dec1a: start FollowerState
2019-10-16 21:53:26,875 [grpc-default-executor-0] INFO  impl.RaftServerImpl (RaftServerImpl.java:setRole(184)) - 9d88716d-5d6b-4fd8-b832-a110dc45ee66@group-EE856C9543A1: changes role from  FOLLOWER to FOLLOWER at term 283 for recognizeCandidate:5c3956af-60d3-411f-8c98-c7ed3576de5c
2019-10-16 21:53:26,876 [grpc-default-executor-0] INFO  impl.RoleInfo (RoleInfo.java:shutdownFollowerState(121)) - 9d88716d-5d6b-4fd8-b832-a110dc45ee66: shutdown FollowerState
2019-10-16 21:53:26,875 [Thread-1961] INFO  impl.FollowerState (FollowerState.java:run(117)) - efb933de-cdd8-4d8d-88d2-4c7ffe0dec1a@group-EE856C9543A1-FollowerState was interrupted: java.lang.InterruptedException: sleep interrupted
2019-10-16 21:53:26,876 [grpc-default-executor-0] INFO  impl.RoleInfo (RoleInfo.java:updateAndGet(143)) - 9d88716d-5d6b-4fd8-b832-a110dc45ee66: start FollowerState
2019-10-16 21:53:26,876 [Thread-1962] INFO  impl.FollowerState (FollowerState.java:run(117)) - 9d88716d-5d6b-4fd8-b832-a110dc45ee66@group-EE856C9543A1-FollowerState was interrupted: java.lang.InterruptedException: sleep interrupted
2019-10-16 21:53:26,889 [5c3956af-60d3-411f-8c98-c7ed3576de5c@group-EE856C9543A1-LeaderElection265] INFO  impl.LeaderElection (LeaderElection.java:logAndReturn(56)) - 5c3956af-60d3-411f-8c98-c7ed3576de5c@group-EE856C9543A1-LeaderElection265: Election REJECTED; received 2 response(s) [5c3956af-60d3-411f-8c98-c7ed3576de5c<-efb933de-cdd8-4d8d-88d2-4c7ffe0dec1a#0:FAIL-t283, 5c3956af-60d3-411f-8c98-c7ed3576de5c<-9d88716d-5d6b-4fd8-b832-a110dc45ee66#0:FAIL-t283] and 0 exception(s); 5c3956af-60d3-411f-8c98-c7ed3576de5c@group-EE856C9543A1:t283, leader=null, voted=5c3956af-60d3-411f-8c98-c7ed3576de5c, raftlog=5c3956af-60d3-411f-8c98-c7ed3576de5c@group-EE856C9543A1-SegmentedRaftLog:OPENED:c-1,f-1,i0, conf=-1: [5c3956af-60d3-411f-8c98-c7ed3576de5c:192.168.34.38:33787, efb933de-cdd8-4d8d-88d2-4c7ffe0dec1a:192.168.34.38:42459, 9d88716d-5d6b-4fd8-b832-a110dc45ee66:192.168.34.38:38211], old=null
2019-10-16 21:53:26,890 [5c3956af-60d3-411f-8c98-c7ed3576de5c@group-EE856C9543A1-LeaderElection265] INFO  impl.RaftServerImpl (RaftServerImpl.java:setRole(184)) - 5c3956af-60d3-411f-8c98-c7ed3576de5c@group-EE856C9543A1: changes role from CANDIDATE to FOLLOWER at term 283 for DISCOVERED_A_NEW_TERM
2019-10-16 21:53:26,890 [5c3956af-60d3-411f-8c98-c7ed3576de5c@group-EE856C9543A1-LeaderElection265] INFO  impl.RoleInfo (RoleInfo.java:shutdownLeaderElection(134)) - 5c3956af-60d3-411f-8c98-c7ed3576de5c: shutdown LeaderElection
2019-10-16 21:53:26,890 [5c3956af-60d3-411f-8c98-c7ed3576de5c@group-EE856C9543A1-LeaderElection265] INFO  impl.RoleInfo (RoleInfo.java:updateAndGet(143)) - 5c3956af-60d3-411f-8c98-c7ed3576de5c: start FollowerState
2019-10-16 21:53:26,942 [Thread-1969] INFO  impl.FollowerState (FollowerState.java:run(108)) - 5c3956af-60d3-411f-8c98-c7ed3576de5c@group-EE856C9543A1-FollowerState: change to CANDIDATE, lastRpcTime:52ms, electionTimeout:52ms
2019-10-16 21:53:26,942 [Thread-1969] INFO  impl.RoleInfo (RoleInfo.java:shutdownFollowerState(121)) - 5c3956af-60d3-411f-8c98-c7ed3576de5c: shutdown FollowerState
2019-10-16 21:53:26,943 [Thread-1969] INFO  impl.RaftServerImpl (RaftServerImpl.java:setRole(184)) - 5c3956af-60d3-411f-8c98-c7ed3576de5c@group-EE856C9543A1: changes role from  FOLLOWER to CANDIDATE at term 283 for changeToCandidate
2019-10-16 21:53:26,943 [Thread-1969] INFO  impl.RoleInfo (RoleInfo.java:updateAndGet(143)) - 5c3956af-60d3-411f-8c98-c7ed3576de5c: start LeaderElection
2019-10-16 21:53:26,956 [5c3956af-60d3-411f-8c98-c7ed3576de5c@group-EE856C9543A1-LeaderElection266] INFO  impl.LeaderElection (LeaderElection.java:askForVotes(178)) - 5c3956af-60d3-411f-8c98-c7ed3576de5c@group-EE856C9543A1-LeaderElection266: begin an election at term 284 for -1: [5c3956af-60d3-411f-8c98-c7ed3576de5c:192.168.34.38:33787, efb933de-cdd8-4d8d-88d2-4c7ffe0dec1a:192.168.34.38:42459, 9d88716d-5d6b-4fd8-b832-a110dc45ee66:192.168.34.38:38211], old=null
2019-10-16 21:53:26,959 [grpc-default-executor-0] INFO  impl.RaftServerImpl (RaftServerImpl.java:setRole(184)) - 9d88716d-5d6b-4fd8-b832-a110dc45ee66@group-EE856C9543A1: changes role from  FOLLOWER to FOLLOWER at term 284 for recognizeCandidate:5c3956af-60d3-411f-8c98-c7ed3576de5c
2019-10-16 21:53:26,959 [grpc-default-executor-1] INFO  impl.RaftServerImpl (RaftServerImpl.java:setRole(184)) - efb933de-cdd8-4d8d-88d2-4c7ffe0dec1a@group-EE856C9543A1: changes role from  FOLLOWER to FOLLOWER at term 284 for recognizeCandidate:5c3956af-60d3-411f-8c98-c7ed3576de5c
2019-10-16 21:53:26,959 [grpc-default-executor-0] INFO  impl.RoleInfo (RoleInfo.java:shutdownFollowerState(121)) - 9d88716d-5d6b-4fd8-b832-a110dc45ee66: shutdown FollowerState
2019-10-16 21:53:26,959 [grpc-default-executor-1] INFO  impl.RoleInfo (RoleInfo.java:shutdownFollowerState(121)) - efb933de-cdd8-4d8d-88d2-4c7ffe0dec1a: shutdown FollowerState
2019-10-16 21:53:26,960 [Thread-1968] INFO  impl.FollowerState (FollowerState.java:run(117)) - 9d88716d-5d6b-4fd8-b832-a110dc45ee66@group-EE856C9543A1-FollowerState was interrupted: java.lang.InterruptedException: sleep interrupted
2019-10-16 21:53:26,960 [grpc-default-executor-0] INFO  impl.RoleInfo (RoleInfo.java:updateAndGet(143)) - 9d88716d-5d6b-4fd8-b832-a110dc45ee66: start FollowerState
2019-10-16 21:53:26,960 [Thread-1967] INFO  impl.FollowerState (FollowerState.java:run(117)) - efb933de-cdd8-4d8d-88d2-4c7ffe0dec1a@group-EE856C9543A1-FollowerState was interrupted: java.lang.InterruptedException: sleep interrupted
2019-10-16 21:53:26,960 [grpc-default-executor-1] INFO  impl.RoleInfo (RoleInfo.java:updateAndGet(143)) - efb933de-cdd8-4d8d-88d2-4c7ffe0dec1a: start FollowerState
2019-10-16 21:53:26,974 [5c3956af-60d3-411f-8c98-c7ed3576de5c@group-EE856C9543A1-LeaderElection266] INFO  impl.LeaderElection (LeaderElection.java:logAndReturn(56)) - 5c3956af-60d3-411f-8c98-c7ed3576de5c@group-EE856C9543A1-LeaderElection266: Election REJECTED; received 2 response(s) [5c3956af-60d3-411f-8c98-c7ed3576de5c<-efb933de-cdd8-4d8d-88d2-4c7ffe0dec1a#0:FAIL-t284, 5c3956af-60d3-411f-8c98-c7ed3576de5c<-9d88716d-5d6b-4fd8-b832-a110dc45ee66#0:FAIL-t284] and 0 exception(s); 5c3956af-60d3-411f-8c98-c7ed3576de5c@group-EE856C9543A1:t284, leader=null, voted=5c3956af-60d3-411f-8c98-c7ed3576de5c, raftlog=5c3956af-60d3-411f-8c98-c7ed3576de5c@group-EE856C9543A1-SegmentedRaftLog:OPENED:c-1,f-1,i0, conf=-1: [5c3956af-60d3-411f-8c98-c7ed3576de5c:192.168.34.38:33787, efb933de-cdd8-4d8d-88d2-4c7ffe0dec1a:192.168.34.38:42459, 9d88716d-5d6b-4fd8-b832-a110dc45ee66:192.168.34.38:38211], old=null
2019-10-16 21:53:26,975 [5c3956af-60d3-411f-8c98-c7ed3576de5c@group-EE856C9543A1-LeaderElection266] INFO  impl.RaftServerImpl (RaftServerImpl.java:setRole(184)) - 5c3956af-60d3-411f-8c98-c7ed3576de5c@group-EE856C9543A1: changes role from CANDIDATE to FOLLOWER at term 284 for DISCOVERED_A_NEW_TERM
2019-10-16 21:53:26,975 [5c3956af-60d3-411f-8c98-c7ed3576de5c@group-EE856C9543A1-LeaderElection266] INFO  impl.RoleInfo (RoleInfo.java:shutdownLeaderElection(134)) - 5c3956af-60d3-411f-8c98-c7ed3576de5c: shutdown LeaderElection
2019-10-16 21:53:26,975 [5c3956af-60d3-411f-8c98-c7ed3576de5c@group-EE856C9543A1-LeaderElection266] INFO  impl.RoleInfo (RoleInfo.java:updateAndGet(143)) - 5c3956af-60d3-411f-8c98-c7ed3576de5c: start FollowerState
2019-10-16 21:53:27,133 [Thread-1975] INFO  impl.FollowerState (FollowerState.java:run(108)) - 5c3956af-60d3-411f-8c98-c7ed3576de5c@group-EE856C9543A1-FollowerState: change to CANDIDATE, lastRpcTime:158ms, electionTimeout:158ms
2019-10-16 21:53:27,134 [Thread-1975] INFO  impl.RoleInfo (RoleInfo.java:shutdownFollowerState(121)) - 5c3956af-60d3-411f-8c98-c7ed3576de5c: shutdown FollowerState
2019-10-16 21:53:27,134 [Thread-1975] INFO  impl.RaftServerImpl (RaftServerImpl.java:setRole(184)) - 5c3956af-60d3-411f-8c98-c7ed3576de5c@group-EE856C9543A1: changes role from  FOLLOWER to CANDIDATE at term 284 for changeToCandidate
2019-10-16 21:53:27,134 [Thread-1975] INFO  impl.RoleInfo (RoleInfo.java:updateAndGet(143)) - 5c3956af-60d3-411f-8c98-c7ed3576de5c: start LeaderElection
2019-10-16 21:53:27,149 [5c3956af-60d3-411f-8c98-c7ed3576de5c@group-EE856C9543A1-LeaderElection267] INFO  impl.LeaderElection (LeaderElection.java:askForVotes(178)) - 5c3956af-60d3-411f-8c98-c7ed3576de5c@group-EE856C9543A1-LeaderElection267: begin an election at term 285 for -1: [5c3956af-60d3-411f-8c98-c7ed3576de5c:192.168.34.38:33787, efb933de-cdd8-4d8d-88d2-4c7ffe0dec1a:192.168.34.38:42459, 9d88716d-5d6b-4fd8-b832-a110dc45ee66:192.168.34.38:38211], old=null
2019-10-16 21:53:27,152 [grpc-default-executor-0] INFO  impl.RaftServerImpl (RaftServerImpl.java:setRole(184)) - efb933de-cdd8-4d8d-88d2-4c7ffe0dec1a@group-EE856C9543A1: changes role from  FOLLOWER to FOLLOWER at term 285 for recognizeCandidate:5c3956af-60d3-411f-8c98-c7ed3576de5c
2019-10-16 21:53:27,152 [grpc-default-executor-0] INFO  impl.RoleInfo (RoleInfo.java:shutdownFollowerState(121)) - efb933de-cdd8-4d8d-88d2-4c7ffe0dec1a: shutdown FollowerState
2019-10-16 21:53:27,152 [grpc-default-executor-1] INFO  impl.RaftServerImpl (RaftServerImpl.java:setRole(184)) - 9d88716d-5d6b-4fd8-b832-a110dc45ee66@group-EE856C9543A1: changes role from  FOLLOWER to FOLLOWER at term 285 for recognizeCandidate:5c3956af-60d3-411f-8c98-c7ed3576de5c
2019-10-16 21:53:27,152 [Thread-1974] INFO  impl.FollowerState (FollowerState.java:run(117)) - efb933de-cdd8-4d8d-88d2-4c7ffe0dec1a@group-EE856C9543A1-FollowerState was interrupted: java.lang.InterruptedException: sleep interrupted
2019-10-16 21:53:27,152 [grpc-default-executor-0] INFO  impl.RoleInfo (RoleInfo.java:updateAndGet(143)) - efb933de-cdd8-4d8d-88d2-4c7ffe0dec1a: start FollowerState
2019-10-16 21:53:27,152 [grpc-default-executor-1] INFO  impl.RoleInfo (RoleInfo.java:shutdownFollowerState(121)) - 9d88716d-5d6b-4fd8-b832-a110dc45ee66: shutdown FollowerState
2019-10-16 21:53:27,153 [grpc-default-executor-1] INFO  impl.RoleInfo (RoleInfo.java:updateAndGet(143)) - 9d88716d-5d6b-4fd8-b832-a110dc45ee66: start FollowerState
2019-10-16 21:53:27,153 [Thread-1973] INFO  impl.FollowerState (FollowerState.java:run(117)) - 9d88716d-5d6b-4fd8-b832-a110dc45ee66@group-EE856C9543A1-FollowerState was interrupted: java.lang.InterruptedException: sleep interrupted
2019-10-16 21:53:27,167 [5c3956af-60d3-411f-8c98-c7ed3576de5c@group-EE856C9543A1-LeaderElection267] INFO  impl.LeaderElection (LeaderElection.java:logAndReturn(56)) - 5c3956af-60d3-411f-8c98-c7ed3576de5c@group-EE856C9543A1-LeaderElection267: Election REJECTED; received 2 response(s) [5c3956af-60d3-411f-8c98-c7ed3576de5c<-efb933de-cdd8-4d8d-88d2-4c7ffe0dec1a#0:FAIL-t285, 5c3956af-60d3-411f-8c98-c7ed3576de5c<-9d88716d-5d6b-4fd8-b832-a110dc45ee66#0:FAIL-t285] and 0 exception(s); 5c3956af-60d3-411f-8c98-c7ed3576de5c@group-EE856C9543A1:t285, leader=null, voted=5c3956af-60d3-411f-8c98-c7ed3576de5c, raftlog=5c3956af-60d3-411f-8c98-c7ed3576de5c@group-EE856C9543A1-SegmentedRaftLog:OPENED:c-1,f-1,i0, conf=-1: [5c3956af-60d3-411f-8c98-c7ed3576de5c:192.168.34.38:33787, efb933de-cdd8-4d8d-88d2-4c7ffe0dec1a:192.168.34.38:42459, 9d88716d-5d6b-4fd8-b832-a110dc45ee66:192.168.34.38:38211], old=null
2019-10-16 21:53:27,168 [5c3956af-60d3-411f-8c98-c7ed3576de5c@group-EE856C9543A1-LeaderElection267] INFO  impl.RaftServerImpl (RaftServerImpl.java:setRole(184)) - 5c3956af-60d3-411f-8c98-c7ed3576de5c@group-EE856C9543A1: changes role from CANDIDATE to FOLLOWER at term 285 for DISCOVERED_A_NEW_TERM
2019-10-16 21:53:27,168 [5c3956af-60d3-411f-8c98-c7ed3576de5c@group-EE856C9543A1-LeaderElection267] INFO  impl.RoleInfo (RoleInfo.java:shutdownLeaderElection(134)) - 5c3956af-60d3-411f-8c98-c7ed3576de5c: shutdown LeaderElection
2019-10-16 21:53:27,168 [5c3956af-60d3-411f-8c98-c7ed3576de5c@group-EE856C9543A1-LeaderElection267] INFO  impl.RoleInfo (RoleInfo.java:updateAndGet(143)) - 5c3956af-60d3-411f-8c98-c7ed3576de5c: start FollowerState
2019-10-16 21:53:27,360 [Thread-1981] INFO  impl.FollowerState (FollowerState.java:run(108)) - 5c3956af-60d3-411f-8c98-c7ed3576de5c@group-EE856C9543A1-FollowerState: change to CANDIDATE, lastRpcTime:192ms, electionTimeout:192ms
2019-10-16 21:53:27,361 [Thread-1981] INFO  impl.RoleInfo (RoleInfo.java:shutdownFollowerState(121)) - 5c3956af-60d3-411f-8c98-c7ed3576de5c: shutdown FollowerState
2019-10-16 21:53:27,361 [Thread-1981] INFO  impl.RaftServerImpl (RaftServerImpl.java:setRole(184)) - 5c3956af-60d3-411f-8c98-c7ed3576de5c@group-EE856C9543A1: changes role from  FOLLOWER to CANDIDATE at term 285 for changeToCandidate
2019-10-16 21:53:27,361 [Thread-1981] INFO  impl.RoleInfo (RoleInfo.java:updateAndGet(143)) - 5c3956af-60d3-411f-8c98-c7ed3576de5c: start LeaderElection
2019-10-16 21:53:27,375 [5c3956af-60d3-411f-8c98-c7ed3576de5c@group-EE856C9543A1-LeaderElection268] INFO  impl.LeaderElection (LeaderElection.java:askForVotes(178)) - 5c3956af-60d3-411f-8c98-c7ed3576de5c@group-EE856C9543A1-LeaderElection268: begin an election at term 286 for -1: [5c3956af-60d3-411f-8c98-c7ed3576de5c:192.168.34.38:33787, efb933de-cdd8-4d8d-88d2-4c7ffe0dec1a:192.168.34.38:42459, 9d88716d-5d6b-4fd8-b832-a110dc45ee66:192.168.34.38:38211], old=null
2019-10-16 21:53:27,378 [grpc-default-executor-1] INFO  impl.RaftServerImpl (RaftServerImpl.java:setRole(184)) - 9d88716d-5d6b-4fd8-b832-a110dc45ee66@group-EE856C9543A1: changes role from  FOLLOWER to FOLLOWER at term 286 for recognizeCandidate:5c3956af-60d3-411f-8c98-c7ed3576de5c
2019-10-16 21:53:27,379 [grpc-default-executor-1] INFO  impl.RoleInfo (RoleInfo.java:shutdownFollowerState(121)) - 9d88716d-5d6b-4fd8-b832-a110dc45ee66: shutdown FollowerState
2019-10-16 21:53:27,378 [grpc-default-executor-0] INFO  impl.RaftServerImpl (RaftServerImpl.java:setRole(184)) - efb933de-cdd8-4d8d-88d2-4c7ffe0dec1a@group-EE856C9543A1: changes role from  FOLLOWER to FOLLOWER at term 286 for recognizeCandidate:5c3956af-60d3-411f-8c98-c7ed3576de5c
2019-10-16 21:53:27,379 [Thread-1980] INFO  impl.FollowerState (FollowerState.java:run(117)) - 9d88716d-5d6b-4fd8-b832-a110dc45ee66@group-EE856C9543A1-FollowerState was interrupted: java.lang.InterruptedException: sleep interrupted
2019-10-16 21:53:27,379 [grpc-default-executor-1] INFO  impl.RoleInfo (RoleInfo.java:updateAndGet(143)) - 9d88716d-5d6b-4fd8-b832-a110dc45ee66: start FollowerState
2019-10-16 21:53:27,379 [grpc-default-executor-0] INFO  impl.RoleInfo (RoleInfo.java:shutdownFollowerState(121)) - efb933de-cdd8-4d8d-88d2-4c7ffe0dec1a: shutdown FollowerState
2019-10-16 21:53:27,380 [grpc-default-executor-0] INFO  impl.RoleInfo (RoleInfo.java:updateAndGet(143)) - efb933de-cdd8-4d8d-88d2-4c7ffe0dec1a: start FollowerState
2019-10-16 21:53:27,380 [Thread-1979] INFO  impl.FollowerState (FollowerState.java:run(117)) - efb933de-cdd8-4d8d-88d2-4c7ffe0dec1a@group-EE856C9543A1-FollowerState was interrupted: java.lang.InterruptedException: sleep interrupted
2019-10-16 21:53:27,394 [5c3956af-60d3-411f-8c98-c7ed3576de5c@group-EE856C9543A1-LeaderElection268] INFO  impl.LeaderElection (LeaderElection.java:logAndReturn(56)) - 5c3956af-60d3-411f-8c98-c7ed3576de5c@group-EE856C9543A1-LeaderElection268: Election REJECTED; received 2 response(s) [5c3956af-60d3-411f-8c98-c7ed3576de5c<-efb933de-cdd8-4d8d-88d2-4c7ffe0dec1a#0:FAIL-t286, 5c3956af-60d3-411f-8c98-c7ed3576de5c<-9d88716d-5d6b-4fd8-b832-a110dc45ee66#0:FAIL-t286] and 0 exception(s); 5c3956af-60d3-411f-8c98-c7ed3576de5c@group-EE856C9543A1:t286, leader=null, voted=5c3956af-60d3-411f-8c98-c7ed3576de5c, raftlog=5c3956af-60d3-411f-8c98-c7ed3576de5c@group-EE856C9543A1-SegmentedRaftLog:OPENED:c-1,f-1,i0, conf=-1: [5c3956af-60d3-411f-8c98-c7ed3576de5c:192.168.34.38:33787, efb933de-cdd8-4d8d-88d2-4c7ffe0dec1a:192.168.34.38:42459, 9d88716d-5d6b-4fd8-b832-a110dc45ee66:192.168.34.38:38211], old=null
2019-10-16 21:53:27,394 [5c3956af-60d3-411f-8c98-c7ed3576de5c@group-EE856C9543A1-LeaderElection268] INFO  impl.RaftServerImpl (RaftServerImpl.java:setRole(184)) - 5c3956af-60d3-411f-8c98-c7ed3576de5c@group-EE856C9543A1: changes role from CANDIDATE to FOLLOWER at term 286 for DISCOVERED_A_NEW_TERM
2019-10-16 21:53:27,394 [5c3956af-60d3-411f-8c98-c7ed3576de5c@group-EE856C9543A1-LeaderElection268] INFO  impl.RoleInfo (RoleInfo.java:shutdownLeaderElection(134)) - 5c3956af-60d3-411f-8c98-c7ed3576de5c: shutdown LeaderElection
2019-10-16 21:53:27,394 [5c3956af-60d3-411f-8c98-c7ed3576de5c@group-EE856C9543A1-LeaderElection268] INFO  impl.RoleInfo (RoleInfo.java:updateAndGet(143)) - 5c3956af-60d3-411f-8c98-c7ed3576de5c: start FollowerState
2019-10-16 21:53:27,414 [JUnit] INFO  ozone.MiniOzoneClusterImpl (MiniOzoneClusterImpl.java:lambda$waitForClusterToBeReady$2(164)) - Waiting for 1 number of pipelines out of 6, to report a leader.
2019-10-16 21:53:27,450 [Thread-1987] INFO  impl.FollowerState (FollowerState.java:run(108)) - 5c3956af-60d3-411f-8c98-c7ed3576de5c@group-EE856C9543A1-FollowerState: change to CANDIDATE, lastRpcTime:55ms, electionTimeout:55ms
2019-10-16 21:53:27,450 [Thread-1987] INFO  impl.RoleInfo (RoleInfo.java:shutdownFollowerState(121)) - 5c3956af-60d3-411f-8c98-c7ed3576de5c: shutdown FollowerState
2019-10-16 21:53:27,450 [Thread-1987] INFO  impl.RaftServerImpl (RaftServerImpl.java:setRole(184)) - 5c3956af-60d3-411f-8c98-c7ed3576de5c@group-EE856C9543A1: changes role from  FOLLOWER to CANDIDATE at term 286 for changeToCandidate
2019-10-16 21:53:27,450 [Thread-1987] INFO  impl.RoleInfo (RoleInfo.java:updateAndGet(143)) - 5c3956af-60d3-411f-8c98-c7ed3576de5c: start LeaderElection
2019-10-16 21:53:27,464 [5c3956af-60d3-411f-8c98-c7ed3576de5c@group-EE856C9543A1-LeaderElection269] INFO  impl.LeaderElection (LeaderElection.java:askForVotes(178)) - 5c3956af-60d3-411f-8c98-c7ed3576de5c@group-EE856C9543A1-LeaderElection269: begin an election at term 287 for -1: [5c3956af-60d3-411f-8c98-c7ed3576de5c:192.168.34.38:33787, efb933de-cdd8-4d8d-88d2-4c7ffe0dec1a:192.168.34.38:42459, 9d88716d-5d6b-4fd8-b832-a110dc45ee66:192.168.34.38:38211], old=null
2019-10-16 21:53:27,467 [grpc-default-executor-1] INFO  impl.RaftServerImpl (RaftServerImpl.java:setRole(184)) - efb933de-cdd8-4d8d-88d2-4c7ffe0dec1a@group-EE856C9543A1: changes role from  FOLLOWER to FOLLOWER at term 287 for recognizeCandidate:5c3956af-60d3-411f-8c98-c7ed3576de5c
2019-10-16 21:53:27,467 [grpc-default-executor-1] INFO  impl.RoleInfo (RoleInfo.java:shutdownFollowerState(121)) - efb933de-cdd8-4d8d-88d2-4c7ffe0dec1a: shutdown FollowerState
2019-10-16 21:53:27,467 [grpc-default-executor-1] INFO  impl.RoleInfo (RoleInfo.java:updateAndGet(143)) - efb933de-cdd8-4d8d-88d2-4c7ffe0dec1a: start FollowerState
2019-10-16 21:53:27,467 [Thread-1986] INFO  impl.FollowerState (FollowerState.java:run(117)) - efb933de-cdd8-4d8d-88d2-4c7ffe0dec1a@group-EE856C9543A1-FollowerState was interrupted: java.lang.InterruptedException: sleep interrupted
2019-10-16 21:53:27,467 [grpc-default-executor-0] INFO  impl.RaftServerImpl (RaftServerImpl.java:setRole(184)) - 9d88716d-5d6b-4fd8-b832-a110dc45ee66@group-EE856C9543A1: changes role from  FOLLOWER to FOLLOWER at term 287 for recognizeCandidate:5c3956af-60d3-411f-8c98-c7ed3576de5c
2019-10-16 21:53:27,468 [grpc-default-executor-0] INFO  impl.RoleInfo (RoleInfo.java:shutdownFollowerState(121)) - 9d88716d-5d6b-4fd8-b832-a110dc45ee66: shutdown FollowerState
2019-10-16 21:53:27,468 [grpc-default-executor-0] INFO  impl.RoleInfo (RoleInfo.java:updateAndGet(143)) - 9d88716d-5d6b-4fd8-b832-a110dc45ee66: start FollowerState
2019-10-16 21:53:27,468 [Thread-1985] INFO  impl.FollowerState (FollowerState.java:run(117)) - 9d88716d-5d6b-4fd8-b832-a110dc45ee66@group-EE856C9543A1-FollowerState was interrupted: java.lang.InterruptedException: sleep interrupted
2019-10-16 21:53:27,487 [5c3956af-60d3-411f-8c98-c7ed3576de5c@group-EE856C9543A1-LeaderElection269] INFO  impl.LeaderElection (LeaderElection.java:logAndReturn(56)) - 5c3956af-60d3-411f-8c98-c7ed3576de5c@group-EE856C9543A1-LeaderElection269: Election REJECTED; received 2 response(s) [5c3956af-60d3-411f-8c98-c7ed3576de5c<-efb933de-cdd8-4d8d-88d2-4c7ffe0dec1a#0:FAIL-t287, 5c3956af-60d3-411f-8c98-c7ed3576de5c<-9d88716d-5d6b-4fd8-b832-a110dc45ee66#0:FAIL-t287] and 0 exception(s); 5c3956af-60d3-411f-8c98-c7ed3576de5c@group-EE856C9543A1:t287, leader=null, voted=5c3956af-60d3-411f-8c98-c7ed3576de5c, raftlog=5c3956af-60d3-411f-8c98-c7ed3576de5c@group-EE856C9543A1-SegmentedRaftLog:OPENED:c-1,f-1,i0, conf=-1: [5c3956af-60d3-411f-8c98-c7ed3576de5c:192.168.34.38:33787, efb933de-cdd8-4d8d-88d2-4c7ffe0dec1a:192.168.34.38:42459, 9d88716d-5d6b-4fd8-b832-a110dc45ee66:192.168.34.38:38211], old=null
2019-10-16 21:53:27,488 [5c3956af-60d3-411f-8c98-c7ed3576de5c@group-EE856C9543A1-LeaderElection269] INFO  impl.RaftServerImpl (RaftServerImpl.java:setRole(184)) - 5c3956af-60d3-411f-8c98-c7ed3576de5c@group-EE856C9543A1: changes role from CANDIDATE to FOLLOWER at term 287 for DISCOVERED_A_NEW_TERM
2019-10-16 21:53:27,488 [5c3956af-60d3-411f-8c98-c7ed3576de5c@group-EE856C9543A1-LeaderElection269] INFO  impl.RoleInfo (RoleInfo.java:shutdownLeaderElection(134)) - 5c3956af-60d3-411f-8c98-c7ed3576de5c: shutdown LeaderElection
2019-10-16 21:53:27,489 [5c3956af-60d3-411f-8c98-c7ed3576de5c@group-EE856C9543A1-LeaderElection269] INFO  impl.RoleInfo (RoleInfo.java:updateAndGet(143)) - 5c3956af-60d3-411f-8c98-c7ed3576de5c: start FollowerState
2019-10-16 21:53:27,685 [Thread-1993] INFO  impl.FollowerState (FollowerState.java:run(108)) - 5c3956af-60d3-411f-8c98-c7ed3576de5c@group-EE856C9543A1-FollowerState: change to CANDIDATE, lastRpcTime:196ms, electionTimeout:196ms
2019-10-16 21:53:27,685 [Thread-1993] INFO  impl.RoleInfo (RoleInfo.java:shutdownFollowerState(121)) - 5c3956af-60d3-411f-8c98-c7ed3576de5c: shutdown FollowerState
2019-10-16 21:53:27,685 [Thread-1993] INFO  impl.RaftServerImpl (RaftServerImpl.java:setRole(184)) - 5c3956af-60d3-411f-8c98-c7ed3576de5c@group-EE856C9543A1: changes role from  FOLLOWER to CANDIDATE at term 287 for changeToCandidate
2019-10-16 21:53:27,686 [Thread-1993] INFO  impl.RoleInfo (RoleInfo.java:updateAndGet(143)) - 5c3956af-60d3-411f-8c98-c7ed3576de5c: start LeaderElection
2019-10-16 21:53:27,700 [5c3956af-60d3-411f-8c98-c7ed3576de5c@group-EE856C9543A1-LeaderElection270] INFO  impl.LeaderElection (LeaderElection.java:askForVotes(178)) - 5c3956af-60d3-411f-8c98-c7ed3576de5c@group-EE856C9543A1-LeaderElection270: begin an election at term 288 for -1: [5c3956af-60d3-411f-8c98-c7ed3576de5c:192.168.34.38:33787, efb933de-cdd8-4d8d-88d2-4c7ffe0dec1a:192.168.34.38:42459, 9d88716d-5d6b-4fd8-b832-a110dc45ee66:192.168.34.38:38211], old=null
2019-10-16 21:53:27,705 [grpc-default-executor-0] INFO  impl.RaftServerImpl (RaftServerImpl.java:setRole(184)) - 9d88716d-5d6b-4fd8-b832-a110dc45ee66@group-EE856C9543A1: changes role from  FOLLOWER to FOLLOWER at term 288 for recognizeCandidate:5c3956af-60d3-411f-8c98-c7ed3576de5c
2019-10-16 21:53:27,705 [grpc-default-executor-1] INFO  impl.RaftServerImpl (RaftServerImpl.java:setRole(184)) - efb933de-cdd8-4d8d-88d2-4c7ffe0dec1a@group-EE856C9543A1: changes role from  FOLLOWER to FOLLOWER at term 288 for recognizeCandidate:5c3956af-60d3-411f-8c98-c7ed3576de5c
2019-10-16 21:53:27,705 [grpc-default-executor-0] INFO  impl.RoleInfo (RoleInfo.java:shutdownFollowerState(121)) - 9d88716d-5d6b-4fd8-b832-a110dc45ee66: shutdown FollowerState
2019-10-16 21:53:27,705 [grpc-default-executor-1] INFO  impl.RoleInfo (RoleInfo.java:shutdownFollowerState(121)) - efb933de-cdd8-4d8d-88d2-4c7ffe0dec1a: shutdown FollowerState
2019-10-16 21:53:27,706 [Thread-1992] INFO  impl.FollowerState (FollowerState.java:run(117)) - 9d88716d-5d6b-4fd8-b832-a110dc45ee66@group-EE856C9543A1-FollowerState was interrupted: java.lang.InterruptedException: sleep interrupted
2019-10-16 21:53:27,706 [grpc-default-executor-0] INFO  impl.RoleInfo (RoleInfo.java:updateAndGet(143)) - 9d88716d-5d6b-4fd8-b832-a110dc45ee66: start FollowerState
2019-10-16 21:53:27,706 [grpc-default-executor-1] INFO  impl.RoleInfo (RoleInfo.java:updateAndGet(143)) - efb933de-cdd8-4d8d-88d2-4c7ffe0dec1a: start FollowerState
2019-10-16 21:53:27,706 [Thread-1991] INFO  impl.FollowerState (FollowerState.java:run(117)) - efb933de-cdd8-4d8d-88d2-4c7ffe0dec1a@group-EE856C9543A1-FollowerState was interrupted: java.lang.InterruptedException: sleep interrupted
2019-10-16 21:53:27,721 [5c3956af-60d3-411f-8c98-c7ed3576de5c@group-EE856C9543A1-LeaderElection270] INFO  impl.LeaderElection (LeaderElection.java:logAndReturn(56)) - 5c3956af-60d3-411f-8c98-c7ed3576de5c@group-EE856C9543A1-LeaderElection270: Election REJECTED; received 2 response(s) [5c3956af-60d3-411f-8c98-c7ed3576de5c<-efb933de-cdd8-4d8d-88d2-4c7ffe0dec1a#0:FAIL-t288, 5c3956af-60d3-411f-8c98-c7ed3576de5c<-9d88716d-5d6b-4fd8-b832-a110dc45ee66#0:FAIL-t288] and 0 exception(s); 5c3956af-60d3-411f-8c98-c7ed3576de5c@group-EE856C9543A1:t288, leader=null, voted=5c3956af-60d3-411f-8c98-c7ed3576de5c, raftlog=5c3956af-60d3-411f-8c98-c7ed3576de5c@group-EE856C9543A1-SegmentedRaftLog:OPENED:c-1,f-1,i0, conf=-1: [5c3956af-60d3-411f-8c98-c7ed3576de5c:192.168.34.38:33787, efb933de-cdd8-4d8d-88d2-4c7ffe0dec1a:192.168.34.38:42459, 9d88716d-5d6b-4fd8-b832-a110dc45ee66:192.168.34.38:38211], old=null
2019-10-16 21:53:27,721 [5c3956af-60d3-411f-8c98-c7ed3576de5c@group-EE856C9543A1-LeaderElection270] INFO  impl.RaftServerImpl (RaftServerImpl.java:setRole(184)) - 5c3956af-60d3-411f-8c98-c7ed3576de5c@group-EE856C9543A1: changes role from CANDIDATE to FOLLOWER at term 288 for DISCOVERED_A_NEW_TERM
2019-10-16 21:53:27,721 [5c3956af-60d3-411f-8c98-c7ed3576de5c@group-EE856C9543A1-LeaderElection270] INFO  impl.RoleInfo (RoleInfo.java:shutdownLeaderElection(134)) - 5c3956af-60d3-411f-8c98-c7ed3576de5c: shutdown LeaderElection
2019-10-16 21:53:27,721 [5c3956af-60d3-411f-8c98-c7ed3576de5c@group-EE856C9543A1-LeaderElection270] INFO  impl.RoleInfo (RoleInfo.java:updateAndGet(143)) - 5c3956af-60d3-411f-8c98-c7ed3576de5c: start FollowerState
2019-10-16 21:53:27,725 [Thread-1999] INFO  impl.FollowerState (FollowerState.java:run(108)) - 5c3956af-60d3-411f-8c98-c7ed3576de5c@group-EE856C9543A1-FollowerState: change to CANDIDATE, lastRpcTime:4ms, electionTimeout:4ms
2019-10-16 21:53:27,725 [Thread-1999] INFO  impl.RoleInfo (RoleInfo.java:shutdownFollowerState(121)) - 5c3956af-60d3-411f-8c98-c7ed3576de5c: shutdown FollowerState
2019-10-16 21:53:27,726 [Thread-1999] INFO  impl.RaftServerImpl (RaftServerImpl.java:setRole(184)) - 5c3956af-60d3-411f-8c98-c7ed3576de5c@group-EE856C9543A1: changes role from  FOLLOWER to CANDIDATE at term 288 for changeToCandidate
2019-10-16 21:53:27,726 [Thread-1999] INFO  impl.RoleInfo (RoleInfo.java:updateAndGet(143)) - 5c3956af-60d3-411f-8c98-c7ed3576de5c: start LeaderElection
2019-10-16 21:53:27,740 [5c3956af-60d3-411f-8c98-c7ed3576de5c@group-EE856C9543A1-LeaderElection271] INFO  impl.LeaderElection (LeaderElection.java:askForVotes(178)) - 5c3956af-60d3-411f-8c98-c7ed3576de5c@group-EE856C9543A1-LeaderElection271: begin an election at term 289 for -1: [5c3956af-60d3-411f-8c98-c7ed3576de5c:192.168.34.38:33787, efb933de-cdd8-4d8d-88d2-4c7ffe0dec1a:192.168.34.38:42459, 9d88716d-5d6b-4fd8-b832-a110dc45ee66:192.168.34.38:38211], old=null
2019-10-16 21:53:27,742 [grpc-default-executor-1] INFO  impl.RaftServerImpl (RaftServerImpl.java:setRole(184)) - efb933de-cdd8-4d8d-88d2-4c7ffe0dec1a@group-EE856C9543A1: changes role from  FOLLOWER to FOLLOWER at term 289 for recognizeCandidate:5c3956af-60d3-411f-8c98-c7ed3576de5c
2019-10-16 21:53:27,742 [grpc-default-executor-1] INFO  impl.RoleInfo (RoleInfo.java:shutdownFollowerState(121)) - efb933de-cdd8-4d8d-88d2-4c7ffe0dec1a: shutdown FollowerState
2019-10-16 21:53:27,742 [grpc-default-executor-0] INFO  impl.RaftServerImpl (RaftServerImpl.java:setRole(184)) - 9d88716d-5d6b-4fd8-b832-a110dc45ee66@group-EE856C9543A1: changes role from  FOLLOWER to FOLLOWER at term 289 for recognizeCandidate:5c3956af-60d3-411f-8c98-c7ed3576de5c
2019-10-16 21:53:27,742 [grpc-default-executor-0] INFO  impl.RoleInfo (RoleInfo.java:shutdownFollowerState(121)) - 9d88716d-5d6b-4fd8-b832-a110dc45ee66: shutdown FollowerState
2019-10-16 21:53:27,742 [Thread-1998] INFO  impl.FollowerState (FollowerState.java:run(117)) - efb933de-cdd8-4d8d-88d2-4c7ffe0dec1a@group-EE856C9543A1-FollowerState was interrupted: java.lang.InterruptedException: sleep interrupted
2019-10-16 21:53:27,742 [grpc-default-executor-1] INFO  impl.RoleInfo (RoleInfo.java:updateAndGet(143)) - efb933de-cdd8-4d8d-88d2-4c7ffe0dec1a: start FollowerState
2019-10-16 21:53:27,743 [Thread-1997] INFO  impl.FollowerState (FollowerState.java:run(117)) - 9d88716d-5d6b-4fd8-b832-a110dc45ee66@group-EE856C9543A1-FollowerState was interrupted: java.lang.InterruptedException: sleep interrupted
2019-10-16 21:53:27,743 [grpc-default-executor-0] INFO  impl.RoleInfo (RoleInfo.java:updateAndGet(143)) - 9d88716d-5d6b-4fd8-b832-a110dc45ee66: start FollowerState
2019-10-16 21:53:27,754 [5c3956af-60d3-411f-8c98-c7ed3576de5c@group-EE856C9543A1-LeaderElection271] INFO  impl.LeaderElection (LeaderElection.java:logAndReturn(56)) - 5c3956af-60d3-411f-8c98-c7ed3576de5c@group-EE856C9543A1-LeaderElection271: Election TIMEOUT; received 0 response(s) [] and 0 exception(s); 5c3956af-60d3-411f-8c98-c7ed3576de5c@group-EE856C9543A1:t289, leader=null, voted=5c3956af-60d3-411f-8c98-c7ed3576de5c, raftlog=5c3956af-60d3-411f-8c98-c7ed3576de5c@group-EE856C9543A1-SegmentedRaftLog:OPENED:c-1,f-1,i0, conf=-1: [5c3956af-60d3-411f-8c98-c7ed3576de5c:192.168.34.38:33787, efb933de-cdd8-4d8d-88d2-4c7ffe0dec1a:192.168.34.38:42459, 9d88716d-5d6b-4fd8-b832-a110dc45ee66:192.168.34.38:38211], old=null
2019-10-16 21:53:27,758 [5c3956af-60d3-411f-8c98-c7ed3576de5c@group-EE856C9543A1-LeaderElection271] INFO  impl.LeaderElection (LeaderElection.java:askForVotes(178)) - 5c3956af-60d3-411f-8c98-c7ed3576de5c@group-EE856C9543A1-LeaderElection271: begin an election at term 290 for -1: [5c3956af-60d3-411f-8c98-c7ed3576de5c:192.168.34.38:33787, efb933de-cdd8-4d8d-88d2-4c7ffe0dec1a:192.168.34.38:42459, 9d88716d-5d6b-4fd8-b832-a110dc45ee66:192.168.34.38:38211], old=null
2019-10-16 21:53:27,761 [grpc-default-executor-1] INFO  impl.RaftServerImpl (RaftServerImpl.java:setRole(184)) - efb933de-cdd8-4d8d-88d2-4c7ffe0dec1a@group-EE856C9543A1: changes role from  FOLLOWER to FOLLOWER at term 290 for recognizeCandidate:5c3956af-60d3-411f-8c98-c7ed3576de5c
2019-10-16 21:53:27,761 [grpc-default-executor-1] INFO  impl.RoleInfo (RoleInfo.java:shutdownFollowerState(121)) - efb933de-cdd8-4d8d-88d2-4c7ffe0dec1a: shutdown FollowerState
2019-10-16 21:53:27,761 [grpc-default-executor-1] INFO  impl.RoleInfo (RoleInfo.java:updateAndGet(143)) - efb933de-cdd8-4d8d-88d2-4c7ffe0dec1a: start FollowerState
2019-10-16 21:53:27,761 [Thread-2003] INFO  impl.FollowerState (FollowerState.java:run(117)) - efb933de-cdd8-4d8d-88d2-4c7ffe0dec1a@group-EE856C9543A1-FollowerState was interrupted: java.lang.InterruptedException: sleep interrupted
2019-10-16 21:53:27,761 [grpc-default-executor-0] INFO  impl.RaftServerImpl (RaftServerImpl.java:setRole(184)) - 9d88716d-5d6b-4fd8-b832-a110dc45ee66@group-EE856C9543A1: changes role from  FOLLOWER to FOLLOWER at term 290 for recognizeCandidate:5c3956af-60d3-411f-8c98-c7ed3576de5c
2019-10-16 21:53:27,761 [grpc-default-executor-0] INFO  impl.RoleInfo (RoleInfo.java:shutdownFollowerState(121)) - 9d88716d-5d6b-4fd8-b832-a110dc45ee66: shutdown FollowerState
2019-10-16 21:53:27,761 [grpc-default-executor-0] INFO  impl.RoleInfo (RoleInfo.java:updateAndGet(143)) - 9d88716d-5d6b-4fd8-b832-a110dc45ee66: start FollowerState
2019-10-16 21:53:27,761 [Thread-2004] INFO  impl.FollowerState (FollowerState.java:run(117)) - 9d88716d-5d6b-4fd8-b832-a110dc45ee66@group-EE856C9543A1-FollowerState was interrupted: java.lang.InterruptedException: sleep interrupted
2019-10-16 21:53:27,774 [5c3956af-60d3-411f-8c98-c7ed3576de5c@group-EE856C9543A1-LeaderElection271] INFO  impl.LeaderElection (LeaderElection.java:logAndReturn(56)) - 5c3956af-60d3-411f-8c98-c7ed3576de5c@group-EE856C9543A1-LeaderElection271: Election TIMEOUT; received 0 response(s) [] and 0 exception(s); 5c3956af-60d3-411f-8c98-c7ed3576de5c@group-EE856C9543A1:t290, leader=null, voted=5c3956af-60d3-411f-8c98-c7ed3576de5c, raftlog=5c3956af-60d3-411f-8c98-c7ed3576de5c@group-EE856C9543A1-SegmentedRaftLog:OPENED:c-1,f-1,i0, conf=-1: [5c3956af-60d3-411f-8c98-c7ed3576de5c:192.168.34.38:33787, efb933de-cdd8-4d8d-88d2-4c7ffe0dec1a:192.168.34.38:42459, 9d88716d-5d6b-4fd8-b832-a110dc45ee66:192.168.34.38:38211], old=null
2019-10-16 21:53:27,787 [5c3956af-60d3-411f-8c98-c7ed3576de5c@group-EE856C9543A1-LeaderElection271] INFO  impl.LeaderElection (LeaderElection.java:askForVotes(178)) - 5c3956af-60d3-411f-8c98-c7ed3576de5c@group-EE856C9543A1-LeaderElection271: begin an election at term 291 for -1: [5c3956af-60d3-411f-8c98-c7ed3576de5c:192.168.34.38:33787, efb933de-cdd8-4d8d-88d2-4c7ffe0dec1a:192.168.34.38:42459, 9d88716d-5d6b-4fd8-b832-a110dc45ee66:192.168.34.38:38211], old=null
2019-10-16 21:53:27,790 [grpc-default-executor-0] INFO  impl.RaftServerImpl (RaftServerImpl.java:setRole(184)) - efb933de-cdd8-4d8d-88d2-4c7ffe0dec1a@group-EE856C9543A1: changes role from  FOLLOWER to FOLLOWER at term 291 for recognizeCandidate:5c3956af-60d3-411f-8c98-c7ed3576de5c
2019-10-16 21:53:27,790 [grpc-default-executor-0] INFO  impl.RoleInfo (RoleInfo.java:shutdownFollowerState(121)) - efb933de-cdd8-4d8d-88d2-4c7ffe0dec1a: shutdown FollowerState
2019-10-16 21:53:27,790 [grpc-default-executor-1] INFO  impl.RaftServerImpl (RaftServerImpl.java:setRole(184)) - 9d88716d-5d6b-4fd8-b832-a110dc45ee66@group-EE856C9543A1: changes role from  FOLLOWER to FOLLOWER at term 291 for recognizeCandidate:5c3956af-60d3-411f-8c98-c7ed3576de5c
2019-10-16 21:53:27,790 [Thread-2007] INFO  impl.FollowerState (FollowerState.java:run(117)) - efb933de-cdd8-4d8d-88d2-4c7ffe0dec1a@group-EE856C9543A1-FollowerState was interrupted: java.lang.InterruptedException: sleep interrupted
2019-10-16 21:53:27,790 [grpc-default-executor-0] INFO  impl.RoleInfo (RoleInfo.java:updateAndGet(143)) - efb933de-cdd8-4d8d-88d2-4c7ffe0dec1a: start FollowerState
2019-10-16 21:53:27,790 [grpc-default-executor-1] INFO  impl.RoleInfo (RoleInfo.java:shutdownFollowerState(121)) - 9d88716d-5d6b-4fd8-b832-a110dc45ee66: shutdown FollowerState
2019-10-16 21:53:27,791 [Thread-2008] INFO  impl.FollowerState (FollowerState.java:run(117)) - 9d88716d-5d6b-4fd8-b832-a110dc45ee66@group-EE856C9543A1-FollowerState was interrupted: java.lang.InterruptedException: sleep interrupted
2019-10-16 21:53:27,791 [grpc-default-executor-1] INFO  impl.RoleInfo (RoleInfo.java:updateAndGet(143)) - 9d88716d-5d6b-4fd8-b832-a110dc45ee66: start FollowerState
2019-10-16 21:53:27,805 [5c3956af-60d3-411f-8c98-c7ed3576de5c@group-EE856C9543A1-LeaderElection271] INFO  impl.LeaderElection (LeaderElection.java:logAndReturn(56)) - 5c3956af-60d3-411f-8c98-c7ed3576de5c@group-EE856C9543A1-LeaderElection271: Election REJECTED; received 2 response(s) [5c3956af-60d3-411f-8c98-c7ed3576de5c<-efb933de-cdd8-4d8d-88d2-4c7ffe0dec1a#0:FAIL-t291, 5c3956af-60d3-411f-8c98-c7ed3576de5c<-9d88716d-5d6b-4fd8-b832-a110dc45ee66#0:FAIL-t291] and 0 exception(s); 5c3956af-60d3-411f-8c98-c7ed3576de5c@group-EE856C9543A1:t291, leader=null, voted=5c3956af-60d3-411f-8c98-c7ed3576de5c, raftlog=5c3956af-60d3-411f-8c98-c7ed3576de5c@group-EE856C9543A1-SegmentedRaftLog:OPENED:c-1,f-1,i0, conf=-1: [5c3956af-60d3-411f-8c98-c7ed3576de5c:192.168.34.38:33787, efb933de-cdd8-4d8d-88d2-4c7ffe0dec1a:192.168.34.38:42459, 9d88716d-5d6b-4fd8-b832-a110dc45ee66:192.168.34.38:38211], old=null
2019-10-16 21:53:27,805 [5c3956af-60d3-411f-8c98-c7ed3576de5c@group-EE856C9543A1-LeaderElection271] INFO  impl.RaftServerImpl (RaftServerImpl.java:setRole(184)) - 5c3956af-60d3-411f-8c98-c7ed3576de5c@group-EE856C9543A1: changes role from CANDIDATE to FOLLOWER at term 291 for DISCOVERED_A_NEW_TERM
2019-10-16 21:53:27,805 [5c3956af-60d3-411f-8c98-c7ed3576de5c@group-EE856C9543A1-LeaderElection271] INFO  impl.RoleInfo (RoleInfo.java:shutdownLeaderElection(134)) - 5c3956af-60d3-411f-8c98-c7ed3576de5c: shutdown LeaderElection
2019-10-16 21:53:27,805 [5c3956af-60d3-411f-8c98-c7ed3576de5c@group-EE856C9543A1-LeaderElection271] INFO  impl.RoleInfo (RoleInfo.java:updateAndGet(143)) - 5c3956af-60d3-411f-8c98-c7ed3576de5c: start FollowerState
2019-10-16 21:53:27,919 [Thread-2013] INFO  impl.FollowerState (FollowerState.java:run(108)) - 5c3956af-60d3-411f-8c98-c7ed3576de5c@group-EE856C9543A1-FollowerState: change to CANDIDATE, lastRpcTime:113ms, electionTimeout:113ms
2019-10-16 21:53:27,919 [Thread-2013] INFO  impl.RoleInfo (RoleInfo.java:shutdownFollowerState(121)) - 5c3956af-60d3-411f-8c98-c7ed3576de5c: shutdown FollowerState
2019-10-16 21:53:27,919 [Thread-2013] INFO  impl.RaftServerImpl (RaftServerImpl.java:setRole(184)) - 5c3956af-60d3-411f-8c98-c7ed3576de5c@group-EE856C9543A1: changes role from  FOLLOWER to CANDIDATE at term 291 for changeToCandidate
2019-10-16 21:53:27,919 [Thread-2013] INFO  impl.RoleInfo (RoleInfo.java:updateAndGet(143)) - 5c3956af-60d3-411f-8c98-c7ed3576de5c: start LeaderElection
2019-10-16 21:53:27,945 [5c3956af-60d3-411f-8c98-c7ed3576de5c@group-EE856C9543A1-LeaderElection272] INFO  impl.LeaderElection (LeaderElection.java:askForVotes(178)) - 5c3956af-60d3-411f-8c98-c7ed3576de5c@group-EE856C9543A1-LeaderElection272: begin an election at term 292 for -1: [5c3956af-60d3-411f-8c98-c7ed3576de5c:192.168.34.38:33787, efb933de-cdd8-4d8d-88d2-4c7ffe0dec1a:192.168.34.38:42459, 9d88716d-5d6b-4fd8-b832-a110dc45ee66:192.168.34.38:38211], old=null
2019-10-16 21:53:27,947 [grpc-default-executor-1] INFO  impl.RaftServerImpl (RaftServerImpl.java:setRole(184)) - efb933de-cdd8-4d8d-88d2-4c7ffe0dec1a@group-EE856C9543A1: changes role from  FOLLOWER to FOLLOWER at term 292 for recognizeCandidate:5c3956af-60d3-411f-8c98-c7ed3576de5c
2019-10-16 21:53:27,948 [grpc-default-executor-1] INFO  impl.RoleInfo (RoleInfo.java:shutdownFollowerState(121)) - efb933de-cdd8-4d8d-88d2-4c7ffe0dec1a: shutdown FollowerState
2019-10-16 21:53:27,948 [grpc-default-executor-1] INFO  impl.RoleInfo (RoleInfo.java:updateAndGet(143)) - efb933de-cdd8-4d8d-88d2-4c7ffe0dec1a: start FollowerState
2019-10-16 21:53:27,948 [Thread-2011] INFO  impl.FollowerState (FollowerState.java:run(117)) - efb933de-cdd8-4d8d-88d2-4c7ffe0dec1a@group-EE856C9543A1-FollowerState was interrupted: java.lang.InterruptedException: sleep interrupted
2019-10-16 21:53:27,948 [grpc-default-executor-0] INFO  impl.RaftServerImpl (RaftServerImpl.java:setRole(184)) - 9d88716d-5d6b-4fd8-b832-a110dc45ee66@group-EE856C9543A1: changes role from  FOLLOWER to FOLLOWER at term 292 for recognizeCandidate:5c3956af-60d3-411f-8c98-c7ed3576de5c
2019-10-16 21:53:27,948 [grpc-default-executor-0] INFO  impl.RoleInfo (RoleInfo.java:shutdownFollowerState(121)) - 9d88716d-5d6b-4fd8-b832-a110dc45ee66: shutdown FollowerState
2019-10-16 21:53:27,948 [grpc-default-executor-0] INFO  impl.RoleInfo (RoleInfo.java:updateAndGet(143)) - 9d88716d-5d6b-4fd8-b832-a110dc45ee66: start FollowerState
2019-10-16 21:53:27,948 [Thread-2012] INFO  impl.FollowerState (FollowerState.java:run(117)) - 9d88716d-5d6b-4fd8-b832-a110dc45ee66@group-EE856C9543A1-FollowerState was interrupted: java.lang.InterruptedException: sleep interrupted
2019-10-16 21:53:27,963 [5c3956af-60d3-411f-8c98-c7ed3576de5c@group-EE856C9543A1-LeaderElection272] INFO  impl.LeaderElection (LeaderElection.java:logAndReturn(56)) - 5c3956af-60d3-411f-8c98-c7ed3576de5c@group-EE856C9543A1-LeaderElection272: Election REJECTED; received 2 response(s) [5c3956af-60d3-411f-8c98-c7ed3576de5c<-efb933de-cdd8-4d8d-88d2-4c7ffe0dec1a#0:FAIL-t292, 5c3956af-60d3-411f-8c98-c7ed3576de5c<-9d88716d-5d6b-4fd8-b832-a110dc45ee66#0:FAIL-t292] and 0 exception(s); 5c3956af-60d3-411f-8c98-c7ed3576de5c@group-EE856C9543A1:t292, leader=null, voted=5c3956af-60d3-411f-8c98-c7ed3576de5c, raftlog=5c3956af-60d3-411f-8c98-c7ed3576de5c@group-EE856C9543A1-SegmentedRaftLog:OPENED:c-1,f-1,i0, conf=-1: [5c3956af-60d3-411f-8c98-c7ed3576de5c:192.168.34.38:33787, efb933de-cdd8-4d8d-88d2-4c7ffe0dec1a:192.168.34.38:42459, 9d88716d-5d6b-4fd8-b832-a110dc45ee66:192.168.34.38:38211], old=null
2019-10-16 21:53:27,963 [5c3956af-60d3-411f-8c98-c7ed3576de5c@group-EE856C9543A1-LeaderElection272] INFO  impl.RaftServerImpl (RaftServerImpl.java:setRole(184)) - 5c3956af-60d3-411f-8c98-c7ed3576de5c@group-EE856C9543A1: changes role from CANDIDATE to FOLLOWER at term 292 for DISCOVERED_A_NEW_TERM
2019-10-16 21:53:27,963 [5c3956af-60d3-411f-8c98-c7ed3576de5c@group-EE856C9543A1-LeaderElection272] INFO  impl.RoleInfo (RoleInfo.java:shutdownLeaderElection(134)) - 5c3956af-60d3-411f-8c98-c7ed3576de5c: shutdown LeaderElection
2019-10-16 21:53:27,963 [5c3956af-60d3-411f-8c98-c7ed3576de5c@group-EE856C9543A1-LeaderElection272] INFO  impl.RoleInfo (RoleInfo.java:updateAndGet(143)) - 5c3956af-60d3-411f-8c98-c7ed3576de5c: start FollowerState
2019-10-16 21:53:28,072 [Thread-2019] INFO  impl.FollowerState (FollowerState.java:run(108)) - 5c3956af-60d3-411f-8c98-c7ed3576de5c@group-EE856C9543A1-FollowerState: change to CANDIDATE, lastRpcTime:109ms, electionTimeout:109ms
2019-10-16 21:53:28,073 [Thread-2019] INFO  impl.RoleInfo (RoleInfo.java:shutdownFollowerState(121)) - 5c3956af-60d3-411f-8c98-c7ed3576de5c: shutdown FollowerState
2019-10-16 21:53:28,073 [Thread-2019] INFO  impl.RaftServerImpl (RaftServerImpl.java:setRole(184)) - 5c3956af-60d3-411f-8c98-c7ed3576de5c@group-EE856C9543A1: changes role from  FOLLOWER to CANDIDATE at term 292 for changeToCandidate
2019-10-16 21:53:28,073 [Thread-2019] INFO  impl.RoleInfo (RoleInfo.java:updateAndGet(143)) - 5c3956af-60d3-411f-8c98-c7ed3576de5c: start LeaderElection
2019-10-16 21:53:28,087 [5c3956af-60d3-411f-8c98-c7ed3576de5c@group-EE856C9543A1-LeaderElection273] INFO  impl.LeaderElection (LeaderElection.java:askForVotes(178)) - 5c3956af-60d3-411f-8c98-c7ed3576de5c@group-EE856C9543A1-LeaderElection273: begin an election at term 293 for -1: [5c3956af-60d3-411f-8c98-c7ed3576de5c:192.168.34.38:33787, efb933de-cdd8-4d8d-88d2-4c7ffe0dec1a:192.168.34.38:42459, 9d88716d-5d6b-4fd8-b832-a110dc45ee66:192.168.34.38:38211], old=null
2019-10-16 21:53:28,089 [grpc-default-executor-1] INFO  impl.RaftServerImpl (RaftServerImpl.java:setRole(184)) - efb933de-cdd8-4d8d-88d2-4c7ffe0dec1a@group-EE856C9543A1: changes role from  FOLLOWER to FOLLOWER at term 293 for recognizeCandidate:5c3956af-60d3-411f-8c98-c7ed3576de5c
2019-10-16 21:53:28,089 [grpc-default-executor-1] INFO  impl.RoleInfo (RoleInfo.java:shutdownFollowerState(121)) - efb933de-cdd8-4d8d-88d2-4c7ffe0dec1a: shutdown FollowerState
2019-10-16 21:53:28,089 [grpc-default-executor-1] INFO  impl.RoleInfo (RoleInfo.java:updateAndGet(143)) - efb933de-cdd8-4d8d-88d2-4c7ffe0dec1a: start FollowerState
2019-10-16 21:53:28,089 [grpc-default-executor-0] INFO  impl.RaftServerImpl (RaftServerImpl.java:setRole(184)) - 9d88716d-5d6b-4fd8-b832-a110dc45ee66@group-EE856C9543A1: changes role from  FOLLOWER to FOLLOWER at term 293 for recognizeCandidate:5c3956af-60d3-411f-8c98-c7ed3576de5c
2019-10-16 21:53:28,090 [grpc-default-executor-0] INFO  impl.RoleInfo (RoleInfo.java:shutdownFollowerState(121)) - 9d88716d-5d6b-4fd8-b832-a110dc45ee66: shutdown FollowerState
2019-10-16 21:53:28,089 [Thread-2017] INFO  impl.FollowerState (FollowerState.java:run(117)) - efb933de-cdd8-4d8d-88d2-4c7ffe0dec1a@group-EE856C9543A1-FollowerState was interrupted: java.lang.InterruptedException: sleep interrupted
2019-10-16 21:53:28,090 [Thread-2018] INFO  impl.FollowerState (FollowerState.java:run(117)) - 9d88716d-5d6b-4fd8-b832-a110dc45ee66@group-EE856C9543A1-FollowerState was interrupted: java.lang.InterruptedException: sleep interrupted
2019-10-16 21:53:28,090 [grpc-default-executor-0] INFO  impl.RoleInfo (RoleInfo.java:updateAndGet(143)) - 9d88716d-5d6b-4fd8-b832-a110dc45ee66: start FollowerState
2019-10-16 21:53:28,104 [5c3956af-60d3-411f-8c98-c7ed3576de5c@group-EE856C9543A1-LeaderElection273] INFO  impl.LeaderElection (LeaderElection.java:logAndReturn(56)) - 5c3956af-60d3-411f-8c98-c7ed3576de5c@group-EE856C9543A1-LeaderElection273: Election REJECTED; received 2 response(s) [5c3956af-60d3-411f-8c98-c7ed3576de5c<-efb933de-cdd8-4d8d-88d2-4c7ffe0dec1a#0:FAIL-t293, 5c3956af-60d3-411f-8c98-c7ed3576de5c<-9d88716d-5d6b-4fd8-b832-a110dc45ee66#0:FAIL-t293] and 0 exception(s); 5c3956af-60d3-411f-8c98-c7ed3576de5c@group-EE856C9543A1:t293, leader=null, voted=5c3956af-60d3-411f-8c98-c7ed3576de5c, raftlog=5c3956af-60d3-411f-8c98-c7ed3576de5c@group-EE856C9543A1-SegmentedRaftLog:OPENED:c-1,f-1,i0, conf=-1: [5c3956af-60d3-411f-8c98-c7ed3576de5c:192.168.34.38:33787, efb933de-cdd8-4d8d-88d2-4c7ffe0dec1a:192.168.34.38:42459, 9d88716d-5d6b-4fd8-b832-a110dc45ee66:192.168.34.38:38211], old=null
2019-10-16 21:53:28,104 [5c3956af-60d3-411f-8c98-c7ed3576de5c@group-EE856C9543A1-LeaderElection273] INFO  impl.RaftServerImpl (RaftServerImpl.java:setRole(184)) - 5c3956af-60d3-411f-8c98-c7ed3576de5c@group-EE856C9543A1: changes role from CANDIDATE to FOLLOWER at term 293 for DISCOVERED_A_NEW_TERM
2019-10-16 21:53:28,104 [5c3956af-60d3-411f-8c98-c7ed3576de5c@group-EE856C9543A1-LeaderElection273] INFO  impl.RoleInfo (RoleInfo.java:shutdownLeaderElection(134)) - 5c3956af-60d3-411f-8c98-c7ed3576de5c: shutdown LeaderElection
2019-10-16 21:53:28,104 [5c3956af-60d3-411f-8c98-c7ed3576de5c@group-EE856C9543A1-LeaderElection273] INFO  impl.RoleInfo (RoleInfo.java:updateAndGet(143)) - 5c3956af-60d3-411f-8c98-c7ed3576de5c: start FollowerState
2019-10-16 21:53:28,233 [Thread-2025] INFO  impl.FollowerState (FollowerState.java:run(108)) - 5c3956af-60d3-411f-8c98-c7ed3576de5c@group-EE856C9543A1-FollowerState: change to CANDIDATE, lastRpcTime:128ms, electionTimeout:128ms
2019-10-16 21:53:28,233 [Thread-2025] INFO  impl.RoleInfo (RoleInfo.java:shutdownFollowerState(121)) - 5c3956af-60d3-411f-8c98-c7ed3576de5c: shutdown FollowerState
2019-10-16 21:53:28,233 [Thread-2025] INFO  impl.RaftServerImpl (RaftServerImpl.java:setRole(184)) - 5c3956af-60d3-411f-8c98-c7ed3576de5c@group-EE856C9543A1: changes role from  FOLLOWER to CANDIDATE at term 293 for changeToCandidate
2019-10-16 21:53:28,233 [Thread-2025] INFO  impl.RoleInfo (RoleInfo.java:updateAndGet(143)) - 5c3956af-60d3-411f-8c98-c7ed3576de5c: start LeaderElection
2019-10-16 21:53:28,242 [5c3956af-60d3-411f-8c98-c7ed3576de5c@group-EE856C9543A1-LeaderElection274] INFO  impl.LeaderElection (LeaderElection.java:askForVotes(178)) - 5c3956af-60d3-411f-8c98-c7ed3576de5c@group-EE856C9543A1-LeaderElection274: begin an election at term 294 for -1: [5c3956af-60d3-411f-8c98-c7ed3576de5c:192.168.34.38:33787, efb933de-cdd8-4d8d-88d2-4c7ffe0dec1a:192.168.34.38:42459, 9d88716d-5d6b-4fd8-b832-a110dc45ee66:192.168.34.38:38211], old=null
2019-10-16 21:53:28,244 [grpc-default-executor-1] INFO  impl.RaftServerImpl (RaftServerImpl.java:setRole(184)) - efb933de-cdd8-4d8d-88d2-4c7ffe0dec1a@group-EE856C9543A1: changes role from  FOLLOWER to FOLLOWER at term 294 for recognizeCandidate:5c3956af-60d3-411f-8c98-c7ed3576de5c
2019-10-16 21:53:28,245 [grpc-default-executor-0] INFO  impl.RaftServerImpl (RaftServerImpl.java:setRole(184)) - 9d88716d-5d6b-4fd8-b832-a110dc45ee66@group-EE856C9543A1: changes role from  FOLLOWER to FOLLOWER at term 294 for recognizeCandidate:5c3956af-60d3-411f-8c98-c7ed3576de5c
2019-10-16 21:53:28,245 [grpc-default-executor-1] INFO  impl.RoleInfo (RoleInfo.java:shutdownFollowerState(121)) - efb933de-cdd8-4d8d-88d2-4c7ffe0dec1a: shutdown FollowerState
2019-10-16 21:53:28,245 [grpc-default-executor-0] INFO  impl.RoleInfo (RoleInfo.java:shutdownFollowerState(121)) - 9d88716d-5d6b-4fd8-b832-a110dc45ee66: shutdown FollowerState
2019-10-16 21:53:28,245 [Thread-2023] INFO  impl.FollowerState (FollowerState.java:run(117)) - efb933de-cdd8-4d8d-88d2-4c7ffe0dec1a@group-EE856C9543A1-FollowerState was interrupted: java.lang.InterruptedException: sleep interrupted
2019-10-16 21:53:28,245 [grpc-default-executor-1] INFO  impl.RoleInfo (RoleInfo.java:updateAndGet(143)) - efb933de-cdd8-4d8d-88d2-4c7ffe0dec1a: start FollowerState
2019-10-16 21:53:28,245 [Thread-2024] INFO  impl.FollowerState (FollowerState.java:run(117)) - 9d88716d-5d6b-4fd8-b832-a110dc45ee66@group-EE856C9543A1-FollowerState was interrupted: java.lang.InterruptedException: sleep interrupted
2019-10-16 21:53:28,245 [grpc-default-executor-0] INFO  impl.RoleInfo (RoleInfo.java:updateAndGet(143)) - 9d88716d-5d6b-4fd8-b832-a110dc45ee66: start FollowerState
2019-10-16 21:53:28,259 [5c3956af-60d3-411f-8c98-c7ed3576de5c@group-EE856C9543A1-LeaderElection274] INFO  impl.LeaderElection (LeaderElection.java:logAndReturn(56)) - 5c3956af-60d3-411f-8c98-c7ed3576de5c@group-EE856C9543A1-LeaderElection274: Election REJECTED; received 2 response(s) [5c3956af-60d3-411f-8c98-c7ed3576de5c<-efb933de-cdd8-4d8d-88d2-4c7ffe0dec1a#0:FAIL-t294, 5c3956af-60d3-411f-8c98-c7ed3576de5c<-9d88716d-5d6b-4fd8-b832-a110dc45ee66#0:FAIL-t294] and 0 exception(s); 5c3956af-60d3-411f-8c98-c7ed3576de5c@group-EE856C9543A1:t294, leader=null, voted=5c3956af-60d3-411f-8c98-c7ed3576de5c, raftlog=5c3956af-60d3-411f-8c98-c7ed3576de5c@group-EE856C9543A1-SegmentedRaftLog:OPENED:c-1,f-1,i0, conf=-1: [5c3956af-60d3-411f-8c98-c7ed3576de5c:192.168.34.38:33787, efb933de-cdd8-4d8d-88d2-4c7ffe0dec1a:192.168.34.38:42459, 9d88716d-5d6b-4fd8-b832-a110dc45ee66:192.168.34.38:38211], old=null
2019-10-16 21:53:28,260 [5c3956af-60d3-411f-8c98-c7ed3576de5c@group-EE856C9543A1-LeaderElection274] INFO  impl.RaftServerImpl (RaftServerImpl.java:setRole(184)) - 5c3956af-60d3-411f-8c98-c7ed3576de5c@group-EE856C9543A1: changes role from CANDIDATE to FOLLOWER at term 294 for DISCOVERED_A_NEW_TERM
2019-10-16 21:53:28,260 [5c3956af-60d3-411f-8c98-c7ed3576de5c@group-EE856C9543A1-LeaderElection274] INFO  impl.RoleInfo (RoleInfo.java:shutdownLeaderElection(134)) - 5c3956af-60d3-411f-8c98-c7ed3576de5c: shutdown LeaderElection
2019-10-16 21:53:28,260 [5c3956af-60d3-411f-8c98-c7ed3576de5c@group-EE856C9543A1-LeaderElection274] INFO  impl.RoleInfo (RoleInfo.java:updateAndGet(143)) - 5c3956af-60d3-411f-8c98-c7ed3576de5c: start FollowerState
2019-10-16 21:53:28,318 [Thread-2031] INFO  impl.FollowerState (FollowerState.java:run(108)) - 5c3956af-60d3-411f-8c98-c7ed3576de5c@group-EE856C9543A1-FollowerState: change to CANDIDATE, lastRpcTime:58ms, electionTimeout:58ms
2019-10-16 21:53:28,318 [Thread-2031] INFO  impl.RoleInfo (RoleInfo.java:shutdownFollowerState(121)) - 5c3956af-60d3-411f-8c98-c7ed3576de5c: shutdown FollowerState
2019-10-16 21:53:28,318 [Thread-2031] INFO  impl.RaftServerImpl (RaftServerImpl.java:setRole(184)) - 5c3956af-60d3-411f-8c98-c7ed3576de5c@group-EE856C9543A1: changes role from  FOLLOWER to CANDIDATE at term 294 for changeToCandidate
2019-10-16 21:53:28,319 [Thread-2031] INFO  impl.RoleInfo (RoleInfo.java:updateAndGet(143)) - 5c3956af-60d3-411f-8c98-c7ed3576de5c: start LeaderElection
2019-10-16 21:53:28,333 [5c3956af-60d3-411f-8c98-c7ed3576de5c@group-EE856C9543A1-LeaderElection275] INFO  impl.LeaderElection (LeaderElection.java:askForVotes(178)) - 5c3956af-60d3-411f-8c98-c7ed3576de5c@group-EE856C9543A1-LeaderElection275: begin an election at term 295 for -1: [5c3956af-60d3-411f-8c98-c7ed3576de5c:192.168.34.38:33787, efb933de-cdd8-4d8d-88d2-4c7ffe0dec1a:192.168.34.38:42459, 9d88716d-5d6b-4fd8-b832-a110dc45ee66:192.168.34.38:38211], old=null
2019-10-16 21:53:28,335 [grpc-default-executor-0] INFO  impl.RaftServerImpl (RaftServerImpl.java:setRole(184)) - efb933de-cdd8-4d8d-88d2-4c7ffe0dec1a@group-EE856C9543A1: changes role from  FOLLOWER to FOLLOWER at term 295 for recognizeCandidate:5c3956af-60d3-411f-8c98-c7ed3576de5c
2019-10-16 21:53:28,335 [grpc-default-executor-0] INFO  impl.RoleInfo (RoleInfo.java:shutdownFollowerState(121)) - efb933de-cdd8-4d8d-88d2-4c7ffe0dec1a: shutdown FollowerState
2019-10-16 21:53:28,335 [grpc-default-executor-0] INFO  impl.RoleInfo (RoleInfo.java:updateAndGet(143)) - efb933de-cdd8-4d8d-88d2-4c7ffe0dec1a: start FollowerState
2019-10-16 21:53:28,335 [Thread-2029] INFO  impl.FollowerState (FollowerState.java:run(117)) - efb933de-cdd8-4d8d-88d2-4c7ffe0dec1a@group-EE856C9543A1-FollowerState was interrupted: java.lang.InterruptedException: sleep interrupted
2019-10-16 21:53:28,335 [grpc-default-executor-1] INFO  impl.RaftServerImpl (RaftServerImpl.java:setRole(184)) - 9d88716d-5d6b-4fd8-b832-a110dc45ee66@group-EE856C9543A1: changes role from  FOLLOWER to FOLLOWER at term 295 for recognizeCandidate:5c3956af-60d3-411f-8c98-c7ed3576de5c
2019-10-16 21:53:28,336 [grpc-default-executor-1] INFO  impl.RoleInfo (RoleInfo.java:shutdownFollowerState(121)) - 9d88716d-5d6b-4fd8-b832-a110dc45ee66: shutdown FollowerState
2019-10-16 21:53:28,336 [grpc-default-executor-1] INFO  impl.RoleInfo (RoleInfo.java:updateAndGet(143)) - 9d88716d-5d6b-4fd8-b832-a110dc45ee66: start FollowerState
2019-10-16 21:53:28,336 [Thread-2030] INFO  impl.FollowerState (FollowerState.java:run(117)) - 9d88716d-5d6b-4fd8-b832-a110dc45ee66@group-EE856C9543A1-FollowerState was interrupted: java.lang.InterruptedException: sleep interrupted
2019-10-16 21:53:28,349 [5c3956af-60d3-411f-8c98-c7ed3576de5c@group-EE856C9543A1-LeaderElection275] INFO  impl.LeaderElection (LeaderElection.java:logAndReturn(56)) - 5c3956af-60d3-411f-8c98-c7ed3576de5c@group-EE856C9543A1-LeaderElection275: Election REJECTED; received 2 response(s) [5c3956af-60d3-411f-8c98-c7ed3576de5c<-efb933de-cdd8-4d8d-88d2-4c7ffe0dec1a#0:FAIL-t295, 5c3956af-60d3-411f-8c98-c7ed3576de5c<-9d88716d-5d6b-4fd8-b832-a110dc45ee66#0:FAIL-t295] and 0 exception(s); 5c3956af-60d3-411f-8c98-c7ed3576de5c@group-EE856C9543A1:t295, leader=null, voted=5c3956af-60d3-411f-8c98-c7ed3576de5c, raftlog=5c3956af-60d3-411f-8c98-c7ed3576de5c@group-EE856C9543A1-SegmentedRaftLog:OPENED:c-1,f-1,i0, conf=-1: [5c3956af-60d3-411f-8c98-c7ed3576de5c:192.168.34.38:33787, efb933de-cdd8-4d8d-88d2-4c7ffe0dec1a:192.168.34.38:42459, 9d88716d-5d6b-4fd8-b832-a110dc45ee66:192.168.34.38:38211], old=null
2019-10-16 21:53:28,350 [5c3956af-60d3-411f-8c98-c7ed3576de5c@group-EE856C9543A1-LeaderElection275] INFO  impl.RaftServerImpl (RaftServerImpl.java:setRole(184)) - 5c3956af-60d3-411f-8c98-c7ed3576de5c@group-EE856C9543A1: changes role from CANDIDATE to FOLLOWER at term 295 for DISCOVERED_A_NEW_TERM
2019-10-16 21:53:28,350 [5c3956af-60d3-411f-8c98-c7ed3576de5c@group-EE856C9543A1-LeaderElection275] INFO  impl.RoleInfo (RoleInfo.java:shutdownLeaderElection(134)) - 5c3956af-60d3-411f-8c98-c7ed3576de5c: shutdown LeaderElection
2019-10-16 21:53:28,350 [5c3956af-60d3-411f-8c98-c7ed3576de5c@group-EE856C9543A1-LeaderElection275] INFO  impl.RoleInfo (RoleInfo.java:updateAndGet(143)) - 5c3956af-60d3-411f-8c98-c7ed3576de5c: start FollowerState
2019-10-16 21:53:28,415 [JUnit] INFO  ozone.MiniOzoneClusterImpl (MiniOzoneClusterImpl.java:lambda$waitForClusterToBeReady$2(164)) - Waiting for 1 number of pipelines out of 6, to report a leader.
2019-10-16 21:53:28,527 [Thread-2037] INFO  impl.FollowerState (FollowerState.java:run(108)) - 5c3956af-60d3-411f-8c98-c7ed3576de5c@group-EE856C9543A1-FollowerState: change to CANDIDATE, lastRpcTime:177ms, electionTimeout:177ms
2019-10-16 21:53:28,528 [Thread-2037] INFO  impl.RoleInfo (RoleInfo.java:shutdownFollowerState(121)) - 5c3956af-60d3-411f-8c98-c7ed3576de5c: shutdown FollowerState
2019-10-16 21:53:28,528 [Thread-2037] INFO  impl.RaftServerImpl (RaftServerImpl.java:setRole(184)) - 5c3956af-60d3-411f-8c98-c7ed3576de5c@group-EE856C9543A1: changes role from  FOLLOWER to CANDIDATE at term 295 for changeToCandidate
2019-10-16 21:53:28,528 [Thread-2037] INFO  impl.RoleInfo (RoleInfo.java:updateAndGet(143)) - 5c3956af-60d3-411f-8c98-c7ed3576de5c: start LeaderElection
2019-10-16 21:53:28,550 [5c3956af-60d3-411f-8c98-c7ed3576de5c@group-EE856C9543A1-LeaderElection276] INFO  impl.LeaderElection (LeaderElection.java:askForVotes(178)) - 5c3956af-60d3-411f-8c98-c7ed3576de5c@group-EE856C9543A1-LeaderElection276: begin an election at term 296 for -1: [5c3956af-60d3-411f-8c98-c7ed3576de5c:192.168.34.38:33787, efb933de-cdd8-4d8d-88d2-4c7ffe0dec1a:192.168.34.38:42459, 9d88716d-5d6b-4fd8-b832-a110dc45ee66:192.168.34.38:38211], old=null
2019-10-16 21:53:28,553 [grpc-default-executor-0] INFO  impl.RaftServerImpl (RaftServerImpl.java:setRole(184)) - efb933de-cdd8-4d8d-88d2-4c7ffe0dec1a@group-EE856C9543A1: changes role from  FOLLOWER to FOLLOWER at term 296 for recognizeCandidate:5c3956af-60d3-411f-8c98-c7ed3576de5c
2019-10-16 21:53:28,553 [grpc-default-executor-1] INFO  impl.RaftServerImpl (RaftServerImpl.java:setRole(184)) - 9d88716d-5d6b-4fd8-b832-a110dc45ee66@group-EE856C9543A1: changes role from  FOLLOWER to FOLLOWER at term 296 for recognizeCandidate:5c3956af-60d3-411f-8c98-c7ed3576de5c
2019-10-16 21:53:28,553 [grpc-default-executor-0] INFO  impl.RoleInfo (RoleInfo.java:shutdownFollowerState(121)) - efb933de-cdd8-4d8d-88d2-4c7ffe0dec1a: shutdown FollowerState
2019-10-16 21:53:28,553 [grpc-default-executor-1] INFO  impl.RoleInfo (RoleInfo.java:shutdownFollowerState(121)) - 9d88716d-5d6b-4fd8-b832-a110dc45ee66: shutdown FollowerState
2019-10-16 21:53:28,553 [Thread-2035] INFO  impl.FollowerState (FollowerState.java:run(117)) - efb933de-cdd8-4d8d-88d2-4c7ffe0dec1a@group-EE856C9543A1-FollowerState was interrupted: java.lang.InterruptedException: sleep interrupted
2019-10-16 21:53:28,553 [Thread-2036] INFO  impl.FollowerState (FollowerState.java:run(117)) - 9d88716d-5d6b-4fd8-b832-a110dc45ee66@group-EE856C9543A1-FollowerState was interrupted: java.lang.InterruptedException: sleep interrupted
2019-10-16 21:53:28,553 [grpc-default-executor-0] INFO  impl.RoleInfo (RoleInfo.java:updateAndGet(143)) - efb933de-cdd8-4d8d-88d2-4c7ffe0dec1a: start FollowerState
2019-10-16 21:53:28,553 [grpc-default-executor-1] INFO  impl.RoleInfo (RoleInfo.java:updateAndGet(143)) - 9d88716d-5d6b-4fd8-b832-a110dc45ee66: start FollowerState
2019-10-16 21:53:28,569 [5c3956af-60d3-411f-8c98-c7ed3576de5c@group-EE856C9543A1-LeaderElection276] INFO  impl.LeaderElection (LeaderElection.java:logAndReturn(56)) - 5c3956af-60d3-411f-8c98-c7ed3576de5c@group-EE856C9543A1-LeaderElection276: Election REJECTED; received 2 response(s) [5c3956af-60d3-411f-8c98-c7ed3576de5c<-efb933de-cdd8-4d8d-88d2-4c7ffe0dec1a#0:FAIL-t296, 5c3956af-60d3-411f-8c98-c7ed3576de5c<-9d88716d-5d6b-4fd8-b832-a110dc45ee66#0:FAIL-t296] and 0 exception(s); 5c3956af-60d3-411f-8c98-c7ed3576de5c@group-EE856C9543A1:t296, leader=null, voted=5c3956af-60d3-411f-8c98-c7ed3576de5c, raftlog=5c3956af-60d3-411f-8c98-c7ed3576de5c@group-EE856C9543A1-SegmentedRaftLog:OPENED:c-1,f-1,i0, conf=-1: [5c3956af-60d3-411f-8c98-c7ed3576de5c:192.168.34.38:33787, efb933de-cdd8-4d8d-88d2-4c7ffe0dec1a:192.168.34.38:42459, 9d88716d-5d6b-4fd8-b832-a110dc45ee66:192.168.34.38:38211], old=null
2019-10-16 21:53:28,569 [5c3956af-60d3-411f-8c98-c7ed3576de5c@group-EE856C9543A1-LeaderElection276] INFO  impl.RaftServerImpl (RaftServerImpl.java:setRole(184)) - 5c3956af-60d3-411f-8c98-c7ed3576de5c@group-EE856C9543A1: changes role from CANDIDATE to FOLLOWER at term 296 for DISCOVERED_A_NEW_TERM
2019-10-16 21:53:28,569 [5c3956af-60d3-411f-8c98-c7ed3576de5c@group-EE856C9543A1-LeaderElection276] INFO  impl.RoleInfo (RoleInfo.java:shutdownLeaderElection(134)) - 5c3956af-60d3-411f-8c98-c7ed3576de5c: shutdown LeaderElection
2019-10-16 21:53:28,569 [5c3956af-60d3-411f-8c98-c7ed3576de5c@group-EE856C9543A1-LeaderElection276] INFO  impl.RoleInfo (RoleInfo.java:updateAndGet(143)) - 5c3956af-60d3-411f-8c98-c7ed3576de5c: start FollowerState
2019-10-16 21:53:28,730 [Thread-2043] INFO  impl.FollowerState (FollowerState.java:run(108)) - 5c3956af-60d3-411f-8c98-c7ed3576de5c@group-EE856C9543A1-FollowerState: change to CANDIDATE, lastRpcTime:161ms, electionTimeout:161ms
2019-10-16 21:53:28,731 [Thread-2043] INFO  impl.RoleInfo (RoleInfo.java:shutdownFollowerState(121)) - 5c3956af-60d3-411f-8c98-c7ed3576de5c: shutdown FollowerState
2019-10-16 21:53:28,731 [Thread-2043] INFO  impl.RaftServerImpl (RaftServerImpl.java:setRole(184)) - 5c3956af-60d3-411f-8c98-c7ed3576de5c@group-EE856C9543A1: changes role from  FOLLOWER to CANDIDATE at term 296 for changeToCandidate
2019-10-16 21:53:28,731 [Thread-2043] INFO  impl.RoleInfo (RoleInfo.java:updateAndGet(143)) - 5c3956af-60d3-411f-8c98-c7ed3576de5c: start LeaderElection
2019-10-16 21:53:28,744 [5c3956af-60d3-411f-8c98-c7ed3576de5c@group-EE856C9543A1-LeaderElection277] INFO  impl.LeaderElection (LeaderElection.java:askForVotes(178)) - 5c3956af-60d3-411f-8c98-c7ed3576de5c@group-EE856C9543A1-LeaderElection277: begin an election at term 297 for -1: [5c3956af-60d3-411f-8c98-c7ed3576de5c:192.168.34.38:33787, efb933de-cdd8-4d8d-88d2-4c7ffe0dec1a:192.168.34.38:42459, 9d88716d-5d6b-4fd8-b832-a110dc45ee66:192.168.34.38:38211], old=null
2019-10-16 21:53:28,747 [grpc-default-executor-0] INFO  impl.RaftServerImpl (RaftServerImpl.java:setRole(184)) - efb933de-cdd8-4d8d-88d2-4c7ffe0dec1a@group-EE856C9543A1: changes role from  FOLLOWER to FOLLOWER at term 297 for recognizeCandidate:5c3956af-60d3-411f-8c98-c7ed3576de5c
2019-10-16 21:53:28,747 [grpc-default-executor-0] INFO  impl.RoleInfo (RoleInfo.java:shutdownFollowerState(121)) - efb933de-cdd8-4d8d-88d2-4c7ffe0dec1a: shutdown FollowerState
2019-10-16 21:53:28,747 [grpc-default-executor-1] INFO  impl.RaftServerImpl (RaftServerImpl.java:setRole(184)) - 9d88716d-5d6b-4fd8-b832-a110dc45ee66@group-EE856C9543A1: changes role from  FOLLOWER to FOLLOWER at term 297 for recognizeCandidate:5c3956af-60d3-411f-8c98-c7ed3576de5c
2019-10-16 21:53:28,747 [grpc-default-executor-1] INFO  impl.RoleInfo (RoleInfo.java:shutdownFollowerState(121)) - 9d88716d-5d6b-4fd8-b832-a110dc45ee66: shutdown FollowerState
2019-10-16 21:53:28,747 [Thread-2041] INFO  impl.FollowerState (FollowerState.java:run(117)) - efb933de-cdd8-4d8d-88d2-4c7ffe0dec1a@group-EE856C9543A1-FollowerState was interrupted: java.lang.InterruptedException: sleep interrupted
2019-10-16 21:53:28,747 [grpc-default-executor-0] INFO  impl.RoleInfo (RoleInfo.java:updateAndGet(143)) - efb933de-cdd8-4d8d-88d2-4c7ffe0dec1a: start FollowerState
2019-10-16 21:53:28,748 [Thread-2042] INFO  impl.FollowerState (FollowerState.java:run(117)) - 9d88716d-5d6b-4fd8-b832-a110dc45ee66@group-EE856C9543A1-FollowerState was interrupted: java.lang.InterruptedException: sleep interrupted
2019-10-16 21:53:28,748 [grpc-default-executor-1] INFO  impl.RoleInfo (RoleInfo.java:updateAndGet(143)) - 9d88716d-5d6b-4fd8-b832-a110dc45ee66: start FollowerState
2019-10-16 21:53:28,762 [5c3956af-60d3-411f-8c98-c7ed3576de5c@group-EE856C9543A1-LeaderElection277] INFO  impl.LeaderElection (LeaderElection.java:logAndReturn(56)) - 5c3956af-60d3-411f-8c98-c7ed3576de5c@group-EE856C9543A1-LeaderElection277: Election REJECTED; received 2 response(s) [5c3956af-60d3-411f-8c98-c7ed3576de5c<-efb933de-cdd8-4d8d-88d2-4c7ffe0dec1a#0:FAIL-t297, 5c3956af-60d3-411f-8c98-c7ed3576de5c<-9d88716d-5d6b-4fd8-b832-a110dc45ee66#0:FAIL-t297] and 0 exception(s); 5c3956af-60d3-411f-8c98-c7ed3576de5c@group-EE856C9543A1:t297, leader=null, voted=5c3956af-60d3-411f-8c98-c7ed3576de5c, raftlog=5c3956af-60d3-411f-8c98-c7ed3576de5c@group-EE856C9543A1-SegmentedRaftLog:OPENED:c-1,f-1,i0, conf=-1: [5c3956af-60d3-411f-8c98-c7ed3576de5c:192.168.34.38:33787, efb933de-cdd8-4d8d-88d2-4c7ffe0dec1a:192.168.34.38:42459, 9d88716d-5d6b-4fd8-b832-a110dc45ee66:192.168.34.38:38211], old=null
2019-10-16 21:53:28,762 [5c3956af-60d3-411f-8c98-c7ed3576de5c@group-EE856C9543A1-LeaderElection277] INFO  impl.RaftServerImpl (RaftServerImpl.java:setRole(184)) - 5c3956af-60d3-411f-8c98-c7ed3576de5c@group-EE856C9543A1: changes role from CANDIDATE to FOLLOWER at term 297 for DISCOVERED_A_NEW_TERM
2019-10-16 21:53:28,762 [5c3956af-60d3-411f-8c98-c7ed3576de5c@group-EE856C9543A1-LeaderElection277] INFO  impl.RoleInfo (RoleInfo.java:shutdownLeaderElection(134)) - 5c3956af-60d3-411f-8c98-c7ed3576de5c: shutdown LeaderElection
2019-10-16 21:53:28,763 [5c3956af-60d3-411f-8c98-c7ed3576de5c@group-EE856C9543A1-LeaderElection277] INFO  impl.RoleInfo (RoleInfo.java:updateAndGet(143)) - 5c3956af-60d3-411f-8c98-c7ed3576de5c: start FollowerState
2019-10-16 21:53:28,862 [Thread-2049] INFO  impl.FollowerState (FollowerState.java:run(108)) - 5c3956af-60d3-411f-8c98-c7ed3576de5c@group-EE856C9543A1-FollowerState: change to CANDIDATE, lastRpcTime:99ms, electionTimeout:99ms
2019-10-16 21:53:28,862 [Thread-2049] INFO  impl.RoleInfo (RoleInfo.java:shutdownFollowerState(121)) - 5c3956af-60d3-411f-8c98-c7ed3576de5c: shutdown FollowerState
2019-10-16 21:53:28,863 [Thread-2049] INFO  impl.RaftServerImpl (RaftServerImpl.java:setRole(184)) - 5c3956af-60d3-411f-8c98-c7ed3576de5c@group-EE856C9543A1: changes role from  FOLLOWER to CANDIDATE at term 297 for changeToCandidate
2019-10-16 21:53:28,863 [Thread-2049] INFO  impl.RoleInfo (RoleInfo.java:updateAndGet(143)) - 5c3956af-60d3-411f-8c98-c7ed3576de5c: start LeaderElection
2019-10-16 21:53:28,876 [5c3956af-60d3-411f-8c98-c7ed3576de5c@group-EE856C9543A1-LeaderElection278] INFO  impl.LeaderElection (LeaderElection.java:askForVotes(178)) - 5c3956af-60d3-411f-8c98-c7ed3576de5c@group-EE856C9543A1-LeaderElection278: begin an election at term 298 for -1: [5c3956af-60d3-411f-8c98-c7ed3576de5c:192.168.34.38:33787, efb933de-cdd8-4d8d-88d2-4c7ffe0dec1a:192.168.34.38:42459, 9d88716d-5d6b-4fd8-b832-a110dc45ee66:192.168.34.38:38211], old=null
2019-10-16 21:53:28,878 [5c3956af-60d3-411f-8c98-c7ed3576de5c@group-EE856C9543A1-LeaderElection278] INFO  impl.LeaderElection (LeaderElection.java:logAndReturn(56)) - 5c3956af-60d3-411f-8c98-c7ed3576de5c@group-EE856C9543A1-LeaderElection278: Election TIMEOUT; received 0 response(s) [] and 0 exception(s); 5c3956af-60d3-411f-8c98-c7ed3576de5c@group-EE856C9543A1:t298, leader=null, voted=5c3956af-60d3-411f-8c98-c7ed3576de5c, raftlog=5c3956af-60d3-411f-8c98-c7ed3576de5c@group-EE856C9543A1-SegmentedRaftLog:OPENED:c-1,f-1,i0, conf=-1: [5c3956af-60d3-411f-8c98-c7ed3576de5c:192.168.34.38:33787, efb933de-cdd8-4d8d-88d2-4c7ffe0dec1a:192.168.34.38:42459, 9d88716d-5d6b-4fd8-b832-a110dc45ee66:192.168.34.38:38211], old=null
2019-10-16 21:53:28,879 [grpc-default-executor-0] INFO  impl.RaftServerImpl (RaftServerImpl.java:setRole(184)) - 9d88716d-5d6b-4fd8-b832-a110dc45ee66@group-EE856C9543A1: changes role from  FOLLOWER to FOLLOWER at term 298 for recognizeCandidate:5c3956af-60d3-411f-8c98-c7ed3576de5c
2019-10-16 21:53:28,880 [grpc-default-executor-0] INFO  impl.RoleInfo (RoleInfo.java:shutdownFollowerState(121)) - 9d88716d-5d6b-4fd8-b832-a110dc45ee66: shutdown FollowerState
2019-10-16 21:53:28,880 [grpc-default-executor-0] INFO  impl.RoleInfo (RoleInfo.java:updateAndGet(143)) - 9d88716d-5d6b-4fd8-b832-a110dc45ee66: start FollowerState
2019-10-16 21:53:28,880 [Thread-2048] INFO  impl.FollowerState (FollowerState.java:run(117)) - 9d88716d-5d6b-4fd8-b832-a110dc45ee66@group-EE856C9543A1-FollowerState was interrupted: java.lang.InterruptedException: sleep interrupted
2019-10-16 21:53:28,881 [grpc-default-executor-1] INFO  impl.RaftServerImpl (RaftServerImpl.java:setRole(184)) - efb933de-cdd8-4d8d-88d2-4c7ffe0dec1a@group-EE856C9543A1: changes role from  FOLLOWER to FOLLOWER at term 298 for recognizeCandidate:5c3956af-60d3-411f-8c98-c7ed3576de5c
2019-10-16 21:53:28,881 [grpc-default-executor-1] INFO  impl.RoleInfo (RoleInfo.java:shutdownFollowerState(121)) - efb933de-cdd8-4d8d-88d2-4c7ffe0dec1a: shutdown FollowerState
2019-10-16 21:53:28,881 [grpc-default-executor-1] INFO  impl.RoleInfo (RoleInfo.java:updateAndGet(143)) - efb933de-cdd8-4d8d-88d2-4c7ffe0dec1a: start FollowerState
2019-10-16 21:53:28,881 [Thread-2047] INFO  impl.FollowerState (FollowerState.java:run(117)) - efb933de-cdd8-4d8d-88d2-4c7ffe0dec1a@group-EE856C9543A1-FollowerState was interrupted: java.lang.InterruptedException: sleep interrupted
2019-10-16 21:53:28,893 [5c3956af-60d3-411f-8c98-c7ed3576de5c@group-EE856C9543A1-LeaderElection278] INFO  impl.LeaderElection (LeaderElection.java:askForVotes(178)) - 5c3956af-60d3-411f-8c98-c7ed3576de5c@group-EE856C9543A1-LeaderElection278: begin an election at term 299 for -1: [5c3956af-60d3-411f-8c98-c7ed3576de5c:192.168.34.38:33787, efb933de-cdd8-4d8d-88d2-4c7ffe0dec1a:192.168.34.38:42459, 9d88716d-5d6b-4fd8-b832-a110dc45ee66:192.168.34.38:38211], old=null
2019-10-16 21:53:28,896 [grpc-default-executor-0] INFO  impl.RaftServerImpl (RaftServerImpl.java:setRole(184)) - 9d88716d-5d6b-4fd8-b832-a110dc45ee66@group-EE856C9543A1: changes role from  FOLLOWER to FOLLOWER at term 299 for recognizeCandidate:5c3956af-60d3-411f-8c98-c7ed3576de5c
2019-10-16 21:53:28,896 [grpc-default-executor-0] INFO  impl.RoleInfo (RoleInfo.java:shutdownFollowerState(121)) - 9d88716d-5d6b-4fd8-b832-a110dc45ee66: shutdown FollowerState
2019-10-16 21:53:28,896 [grpc-default-executor-0] INFO  impl.RoleInfo (RoleInfo.java:updateAndGet(143)) - 9d88716d-5d6b-4fd8-b832-a110dc45ee66: start FollowerState
2019-10-16 21:53:28,896 [Thread-2053] INFO  impl.FollowerState (FollowerState.java:run(117)) - 9d88716d-5d6b-4fd8-b832-a110dc45ee66@group-EE856C9543A1-FollowerState was interrupted: java.lang.InterruptedException: sleep interrupted
2019-10-16 21:53:28,897 [grpc-default-executor-1] INFO  impl.RaftServerImpl (RaftServerImpl.java:setRole(184)) - efb933de-cdd8-4d8d-88d2-4c7ffe0dec1a@group-EE856C9543A1: changes role from  FOLLOWER to FOLLOWER at term 299 for recognizeCandidate:5c3956af-60d3-411f-8c98-c7ed3576de5c
2019-10-16 21:53:28,897 [grpc-default-executor-1] INFO  impl.RoleInfo (RoleInfo.java:shutdownFollowerState(121)) - efb933de-cdd8-4d8d-88d2-4c7ffe0dec1a: shutdown FollowerState
2019-10-16 21:53:28,897 [grpc-default-executor-1] INFO  impl.RoleInfo (RoleInfo.java:updateAndGet(143)) - efb933de-cdd8-4d8d-88d2-4c7ffe0dec1a: start FollowerState
2019-10-16 21:53:28,897 [Thread-2054] INFO  impl.FollowerState (FollowerState.java:run(117)) - efb933de-cdd8-4d8d-88d2-4c7ffe0dec1a@group-EE856C9543A1-FollowerState was interrupted: java.lang.InterruptedException: sleep interrupted
2019-10-16 21:53:28,911 [5c3956af-60d3-411f-8c98-c7ed3576de5c@group-EE856C9543A1-LeaderElection278] INFO  impl.LeaderElection (LeaderElection.java:logAndReturn(56)) - 5c3956af-60d3-411f-8c98-c7ed3576de5c@group-EE856C9543A1-LeaderElection278: Election REJECTED; received 2 response(s) [5c3956af-60d3-411f-8c98-c7ed3576de5c<-efb933de-cdd8-4d8d-88d2-4c7ffe0dec1a#0:FAIL-t299, 5c3956af-60d3-411f-8c98-c7ed3576de5c<-9d88716d-5d6b-4fd8-b832-a110dc45ee66#0:FAIL-t299] and 0 exception(s); 5c3956af-60d3-411f-8c98-c7ed3576de5c@group-EE856C9543A1:t299, leader=null, voted=5c3956af-60d3-411f-8c98-c7ed3576de5c, raftlog=5c3956af-60d3-411f-8c98-c7ed3576de5c@group-EE856C9543A1-SegmentedRaftLog:OPENED:c-1,f-1,i0, conf=-1: [5c3956af-60d3-411f-8c98-c7ed3576de5c:192.168.34.38:33787, efb933de-cdd8-4d8d-88d2-4c7ffe0dec1a:192.168.34.38:42459, 9d88716d-5d6b-4fd8-b832-a110dc45ee66:192.168.34.38:38211], old=null
2019-10-16 21:53:28,912 [5c3956af-60d3-411f-8c98-c7ed3576de5c@group-EE856C9543A1-LeaderElection278] INFO  impl.RaftServerImpl (RaftServerImpl.java:setRole(184)) - 5c3956af-60d3-411f-8c98-c7ed3576de5c@group-EE856C9543A1: changes role from CANDIDATE to FOLLOWER at term 299 for DISCOVERED_A_NEW_TERM
2019-10-16 21:53:28,912 [5c3956af-60d3-411f-8c98-c7ed3576de5c@group-EE856C9543A1-LeaderElection278] INFO  impl.RoleInfo (RoleInfo.java:shutdownLeaderElection(134)) - 5c3956af-60d3-411f-8c98-c7ed3576de5c: shutdown LeaderElection
2019-10-16 21:53:28,912 [5c3956af-60d3-411f-8c98-c7ed3576de5c@group-EE856C9543A1-LeaderElection278] INFO  impl.RoleInfo (RoleInfo.java:updateAndGet(143)) - 5c3956af-60d3-411f-8c98-c7ed3576de5c: start FollowerState
2019-10-16 21:53:28,991 [Thread-2059] INFO  impl.FollowerState (FollowerState.java:run(108)) - 5c3956af-60d3-411f-8c98-c7ed3576de5c@group-EE856C9543A1-FollowerState: change to CANDIDATE, lastRpcTime:79ms, electionTimeout:79ms
2019-10-16 21:53:28,992 [Thread-2059] INFO  impl.RoleInfo (RoleInfo.java:shutdownFollowerState(121)) - 5c3956af-60d3-411f-8c98-c7ed3576de5c: shutdown FollowerState
2019-10-16 21:53:28,992 [Thread-2059] INFO  impl.RaftServerImpl (RaftServerImpl.java:setRole(184)) - 5c3956af-60d3-411f-8c98-c7ed3576de5c@group-EE856C9543A1: changes role from  FOLLOWER to CANDIDATE at term 299 for changeToCandidate
2019-10-16 21:53:28,992 [Thread-2059] INFO  impl.RoleInfo (RoleInfo.java:updateAndGet(143)) - 5c3956af-60d3-411f-8c98-c7ed3576de5c: start LeaderElection
2019-10-16 21:53:29,006 [5c3956af-60d3-411f-8c98-c7ed3576de5c@group-EE856C9543A1-LeaderElection279] INFO  impl.LeaderElection (LeaderElection.java:askForVotes(178)) - 5c3956af-60d3-411f-8c98-c7ed3576de5c@group-EE856C9543A1-LeaderElection279: begin an election at term 300 for -1: [5c3956af-60d3-411f-8c98-c7ed3576de5c:192.168.34.38:33787, efb933de-cdd8-4d8d-88d2-4c7ffe0dec1a:192.168.34.38:42459, 9d88716d-5d6b-4fd8-b832-a110dc45ee66:192.168.34.38:38211], old=null
2019-10-16 21:53:29,008 [grpc-default-executor-0] INFO  impl.RaftServerImpl (RaftServerImpl.java:setRole(184)) - efb933de-cdd8-4d8d-88d2-4c7ffe0dec1a@group-EE856C9543A1: changes role from  FOLLOWER to FOLLOWER at term 300 for recognizeCandidate:5c3956af-60d3-411f-8c98-c7ed3576de5c
2019-10-16 21:53:29,008 [grpc-default-executor-0] INFO  impl.RoleInfo (RoleInfo.java:shutdownFollowerState(121)) - efb933de-cdd8-4d8d-88d2-4c7ffe0dec1a: shutdown FollowerState
2019-10-16 21:53:29,008 [grpc-default-executor-1] INFO  impl.RaftServerImpl (RaftServerImpl.java:setRole(184)) - 9d88716d-5d6b-4fd8-b832-a110dc45ee66@group-EE856C9543A1: changes role from  FOLLOWER to FOLLOWER at term 300 for recognizeCandidate:5c3956af-60d3-411f-8c98-c7ed3576de5c
2019-10-16 21:53:29,009 [grpc-default-executor-1] INFO  impl.RoleInfo (RoleInfo.java:shutdownFollowerState(121)) - 9d88716d-5d6b-4fd8-b832-a110dc45ee66: shutdown FollowerState
2019-10-16 21:53:29,009 [Thread-2058] INFO  impl.FollowerState (FollowerState.java:run(117)) - efb933de-cdd8-4d8d-88d2-4c7ffe0dec1a@group-EE856C9543A1-FollowerState was interrupted: java.lang.InterruptedException: sleep interrupted
2019-10-16 21:53:29,008 [grpc-default-executor-0] INFO  impl.RoleInfo (RoleInfo.java:updateAndGet(143)) - efb933de-cdd8-4d8d-88d2-4c7ffe0dec1a: start FollowerState
2019-10-16 21:53:29,009 [Thread-2057] INFO  impl.FollowerState (FollowerState.java:run(117)) - 9d88716d-5d6b-4fd8-b832-a110dc45ee66@group-EE856C9543A1-FollowerState was interrupted: java.lang.InterruptedException: sleep interrupted
2019-10-16 21:53:29,009 [grpc-default-executor-1] INFO  impl.RoleInfo (RoleInfo.java:updateAndGet(143)) - 9d88716d-5d6b-4fd8-b832-a110dc45ee66: start FollowerState
2019-10-16 21:53:29,017 [5c3956af-60d3-411f-8c98-c7ed3576de5c@group-EE856C9543A1-LeaderElection279] INFO  impl.LeaderElection (LeaderElection.java:logAndReturn(56)) - 5c3956af-60d3-411f-8c98-c7ed3576de5c@group-EE856C9543A1-LeaderElection279: Election TIMEOUT; received 0 response(s) [] and 0 exception(s); 5c3956af-60d3-411f-8c98-c7ed3576de5c@group-EE856C9543A1:t300, leader=null, voted=5c3956af-60d3-411f-8c98-c7ed3576de5c, raftlog=5c3956af-60d3-411f-8c98-c7ed3576de5c@group-EE856C9543A1-SegmentedRaftLog:OPENED:c-1,f-1,i0, conf=-1: [5c3956af-60d3-411f-8c98-c7ed3576de5c:192.168.34.38:33787, efb933de-cdd8-4d8d-88d2-4c7ffe0dec1a:192.168.34.38:42459, 9d88716d-5d6b-4fd8-b832-a110dc45ee66:192.168.34.38:38211], old=null
2019-10-16 21:53:29,023 [5c3956af-60d3-411f-8c98-c7ed3576de5c@group-EE856C9543A1-LeaderElection279] INFO  impl.LeaderElection (LeaderElection.java:askForVotes(178)) - 5c3956af-60d3-411f-8c98-c7ed3576de5c@group-EE856C9543A1-LeaderElection279: begin an election at term 301 for -1: [5c3956af-60d3-411f-8c98-c7ed3576de5c:192.168.34.38:33787, efb933de-cdd8-4d8d-88d2-4c7ffe0dec1a:192.168.34.38:42459, 9d88716d-5d6b-4fd8-b832-a110dc45ee66:192.168.34.38:38211], old=null
2019-10-16 21:53:29,025 [grpc-default-executor-1] INFO  impl.RaftServerImpl (RaftServerImpl.java:setRole(184)) - efb933de-cdd8-4d8d-88d2-4c7ffe0dec1a@group-EE856C9543A1: changes role from  FOLLOWER to FOLLOWER at term 301 for recognizeCandidate:5c3956af-60d3-411f-8c98-c7ed3576de5c
2019-10-16 21:53:29,025 [grpc-default-executor-1] INFO  impl.RoleInfo (RoleInfo.java:shutdownFollowerState(121)) - efb933de-cdd8-4d8d-88d2-4c7ffe0dec1a: shutdown FollowerState
2019-10-16 21:53:29,025 [grpc-default-executor-0] INFO  impl.RaftServerImpl (RaftServerImpl.java:setRole(184)) - 9d88716d-5d6b-4fd8-b832-a110dc45ee66@group-EE856C9543A1: changes role from  FOLLOWER to FOLLOWER at term 301 for recognizeCandidate:5c3956af-60d3-411f-8c98-c7ed3576de5c
2019-10-16 21:53:29,025 [grpc-default-executor-0] INFO  impl.RoleInfo (RoleInfo.java:shutdownFollowerState(121)) - 9d88716d-5d6b-4fd8-b832-a110dc45ee66: shutdown FollowerState
2019-10-16 21:53:29,025 [Thread-2063] INFO  impl.FollowerState (FollowerState.java:run(117)) - efb933de-cdd8-4d8d-88d2-4c7ffe0dec1a@group-EE856C9543A1-FollowerState was interrupted: java.lang.InterruptedException: sleep interrupted
2019-10-16 21:53:29,025 [grpc-default-executor-1] INFO  impl.RoleInfo (RoleInfo.java:updateAndGet(143)) - efb933de-cdd8-4d8d-88d2-4c7ffe0dec1a: start FollowerState
2019-10-16 21:53:29,025 [Thread-2064] INFO  impl.FollowerState (FollowerState.java:run(117)) - 9d88716d-5d6b-4fd8-b832-a110dc45ee66@group-EE856C9543A1-FollowerState was interrupted: java.lang.InterruptedException: sleep interrupted
2019-10-16 21:53:29,025 [grpc-default-executor-0] INFO  impl.RoleInfo (RoleInfo.java:updateAndGet(143)) - 9d88716d-5d6b-4fd8-b832-a110dc45ee66: start FollowerState
2019-10-16 21:53:29,040 [5c3956af-60d3-411f-8c98-c7ed3576de5c@group-EE856C9543A1-LeaderElection279] INFO  impl.LeaderElection (LeaderElection.java:logAndReturn(56)) - 5c3956af-60d3-411f-8c98-c7ed3576de5c@group-EE856C9543A1-LeaderElection279: Election REJECTED; received 2 response(s) [5c3956af-60d3-411f-8c98-c7ed3576de5c<-efb933de-cdd8-4d8d-88d2-4c7ffe0dec1a#0:FAIL-t301, 5c3956af-60d3-411f-8c98-c7ed3576de5c<-9d88716d-5d6b-4fd8-b832-a110dc45ee66#0:FAIL-t301] and 0 exception(s); 5c3956af-60d3-411f-8c98-c7ed3576de5c@group-EE856C9543A1:t301, leader=null, voted=5c3956af-60d3-411f-8c98-c7ed3576de5c, raftlog=5c3956af-60d3-411f-8c98-c7ed3576de5c@group-EE856C9543A1-SegmentedRaftLog:OPENED:c-1,f-1,i0, conf=-1: [5c3956af-60d3-411f-8c98-c7ed3576de5c:192.168.34.38:33787, efb933de-cdd8-4d8d-88d2-4c7ffe0dec1a:192.168.34.38:42459, 9d88716d-5d6b-4fd8-b832-a110dc45ee66:192.168.34.38:38211], old=null
2019-10-16 21:53:29,040 [5c3956af-60d3-411f-8c98-c7ed3576de5c@group-EE856C9543A1-LeaderElection279] INFO  impl.RaftServerImpl (RaftServerImpl.java:setRole(184)) - 5c3956af-60d3-411f-8c98-c7ed3576de5c@group-EE856C9543A1: changes role from CANDIDATE to FOLLOWER at term 301 for DISCOVERED_A_NEW_TERM
2019-10-16 21:53:29,040 [5c3956af-60d3-411f-8c98-c7ed3576de5c@group-EE856C9543A1-LeaderElection279] INFO  impl.RoleInfo (RoleInfo.java:shutdownLeaderElection(134)) - 5c3956af-60d3-411f-8c98-c7ed3576de5c: shutdown LeaderElection
2019-10-16 21:53:29,040 [5c3956af-60d3-411f-8c98-c7ed3576de5c@group-EE856C9543A1-LeaderElection279] INFO  impl.RoleInfo (RoleInfo.java:updateAndGet(143)) - 5c3956af-60d3-411f-8c98-c7ed3576de5c: start FollowerState
2019-10-16 21:53:29,084 [Thread-2069] INFO  impl.FollowerState (FollowerState.java:run(108)) - 5c3956af-60d3-411f-8c98-c7ed3576de5c@group-EE856C9543A1-FollowerState: change to CANDIDATE, lastRpcTime:44ms, electionTimeout:44ms
2019-10-16 21:53:29,084 [Thread-2069] INFO  impl.RoleInfo (RoleInfo.java:shutdownFollowerState(121)) - 5c3956af-60d3-411f-8c98-c7ed3576de5c: shutdown FollowerState
2019-10-16 21:53:29,085 [Thread-2069] INFO  impl.RaftServerImpl (RaftServerImpl.java:setRole(184)) - 5c3956af-60d3-411f-8c98-c7ed3576de5c@group-EE856C9543A1: changes role from  FOLLOWER to CANDIDATE at term 301 for changeToCandidate
2019-10-16 21:53:29,085 [Thread-2069] INFO  impl.RoleInfo (RoleInfo.java:updateAndGet(143)) - 5c3956af-60d3-411f-8c98-c7ed3576de5c: start LeaderElection
2019-10-16 21:53:29,098 [5c3956af-60d3-411f-8c98-c7ed3576de5c@group-EE856C9543A1-LeaderElection280] INFO  impl.LeaderElection (LeaderElection.java:askForVotes(178)) - 5c3956af-60d3-411f-8c98-c7ed3576de5c@group-EE856C9543A1-LeaderElection280: begin an election at term 302 for -1: [5c3956af-60d3-411f-8c98-c7ed3576de5c:192.168.34.38:33787, efb933de-cdd8-4d8d-88d2-4c7ffe0dec1a:192.168.34.38:42459, 9d88716d-5d6b-4fd8-b832-a110dc45ee66:192.168.34.38:38211], old=null
2019-10-16 21:53:29,101 [grpc-default-executor-0] INFO  impl.RaftServerImpl (RaftServerImpl.java:setRole(184)) - efb933de-cdd8-4d8d-88d2-4c7ffe0dec1a@group-EE856C9543A1: changes role from  FOLLOWER to FOLLOWER at term 302 for recognizeCandidate:5c3956af-60d3-411f-8c98-c7ed3576de5c
2019-10-16 21:53:29,101 [grpc-default-executor-0] INFO  impl.RoleInfo (RoleInfo.java:shutdownFollowerState(121)) - efb933de-cdd8-4d8d-88d2-4c7ffe0dec1a: shutdown FollowerState
2019-10-16 21:53:29,101 [grpc-default-executor-1] INFO  impl.RaftServerImpl (RaftServerImpl.java:setRole(184)) - 9d88716d-5d6b-4fd8-b832-a110dc45ee66@group-EE856C9543A1: changes role from  FOLLOWER to FOLLOWER at term 302 for recognizeCandidate:5c3956af-60d3-411f-8c98-c7ed3576de5c
2019-10-16 21:53:29,102 [Thread-2067] INFO  impl.FollowerState (FollowerState.java:run(117)) - efb933de-cdd8-4d8d-88d2-4c7ffe0dec1a@group-EE856C9543A1-FollowerState was interrupted: java.lang.InterruptedException: sleep interrupted
2019-10-16 21:53:29,102 [grpc-default-executor-0] INFO  impl.RoleInfo (RoleInfo.java:updateAndGet(143)) - efb933de-cdd8-4d8d-88d2-4c7ffe0dec1a: start FollowerState
2019-10-16 21:53:29,102 [grpc-default-executor-1] INFO  impl.RoleInfo (RoleInfo.java:shutdownFollowerState(121)) - 9d88716d-5d6b-4fd8-b832-a110dc45ee66: shutdown FollowerState
2019-10-16 21:53:29,102 [grpc-default-executor-1] INFO  impl.RoleInfo (RoleInfo.java:updateAndGet(143)) - 9d88716d-5d6b-4fd8-b832-a110dc45ee66: start FollowerState
2019-10-16 21:53:29,102 [Thread-2068] INFO  impl.FollowerState (FollowerState.java:run(117)) - 9d88716d-5d6b-4fd8-b832-a110dc45ee66@group-EE856C9543A1-FollowerState was interrupted: java.lang.InterruptedException: sleep interrupted
2019-10-16 21:53:29,110 [5c3956af-60d3-411f-8c98-c7ed3576de5c@group-EE856C9543A1-LeaderElection280] INFO  impl.LeaderElection (LeaderElection.java:logAndReturn(56)) - 5c3956af-60d3-411f-8c98-c7ed3576de5c@group-EE856C9543A1-LeaderElection280: Election TIMEOUT; received 0 response(s) [] and 0 exception(s); 5c3956af-60d3-411f-8c98-c7ed3576de5c@group-EE856C9543A1:t302, leader=null, voted=5c3956af-60d3-411f-8c98-c7ed3576de5c, raftlog=5c3956af-60d3-411f-8c98-c7ed3576de5c@group-EE856C9543A1-SegmentedRaftLog:OPENED:c-1,f-1,i0, conf=-1: [5c3956af-60d3-411f-8c98-c7ed3576de5c:192.168.34.38:33787, efb933de-cdd8-4d8d-88d2-4c7ffe0dec1a:192.168.34.38:42459, 9d88716d-5d6b-4fd8-b832-a110dc45ee66:192.168.34.38:38211], old=null
2019-10-16 21:53:29,120 [5c3956af-60d3-411f-8c98-c7ed3576de5c@group-EE856C9543A1-LeaderElection280] INFO  impl.LeaderElection (LeaderElection.java:askForVotes(178)) - 5c3956af-60d3-411f-8c98-c7ed3576de5c@group-EE856C9543A1-LeaderElection280: begin an election at term 303 for -1: [5c3956af-60d3-411f-8c98-c7ed3576de5c:192.168.34.38:33787, efb933de-cdd8-4d8d-88d2-4c7ffe0dec1a:192.168.34.38:42459, 9d88716d-5d6b-4fd8-b832-a110dc45ee66:192.168.34.38:38211], old=null
2019-10-16 21:53:29,121 [grpc-default-executor-1] INFO  impl.RaftServerImpl (RaftServerImpl.java:setRole(184)) - efb933de-cdd8-4d8d-88d2-4c7ffe0dec1a@group-EE856C9543A1: changes role from  FOLLOWER to FOLLOWER at term 303 for recognizeCandidate:5c3956af-60d3-411f-8c98-c7ed3576de5c
2019-10-16 21:53:29,121 [grpc-default-executor-1] INFO  impl.RoleInfo (RoleInfo.java:shutdownFollowerState(121)) - efb933de-cdd8-4d8d-88d2-4c7ffe0dec1a: shutdown FollowerState
2019-10-16 21:53:29,122 [grpc-default-executor-1] INFO  impl.RoleInfo (RoleInfo.java:updateAndGet(143)) - efb933de-cdd8-4d8d-88d2-4c7ffe0dec1a: start FollowerState
2019-10-16 21:53:29,122 [Thread-2073] INFO  impl.FollowerState (FollowerState.java:run(117)) - efb933de-cdd8-4d8d-88d2-4c7ffe0dec1a@group-EE856C9543A1-FollowerState was interrupted: java.lang.InterruptedException: sleep interrupted
2019-10-16 21:53:29,122 [grpc-default-executor-0] INFO  impl.RaftServerImpl (RaftServerImpl.java:setRole(184)) - 9d88716d-5d6b-4fd8-b832-a110dc45ee66@group-EE856C9543A1: changes role from  FOLLOWER to FOLLOWER at term 303 for recognizeCandidate:5c3956af-60d3-411f-8c98-c7ed3576de5c
2019-10-16 21:53:29,122 [grpc-default-executor-0] INFO  impl.RoleInfo (RoleInfo.java:shutdownFollowerState(121)) - 9d88716d-5d6b-4fd8-b832-a110dc45ee66: shutdown FollowerState
2019-10-16 21:53:29,122 [grpc-default-executor-0] INFO  impl.RoleInfo (RoleInfo.java:updateAndGet(143)) - 9d88716d-5d6b-4fd8-b832-a110dc45ee66: start FollowerState
2019-10-16 21:53:29,122 [Thread-2074] INFO  impl.FollowerState (FollowerState.java:run(117)) - 9d88716d-5d6b-4fd8-b832-a110dc45ee66@group-EE856C9543A1-FollowerState was interrupted: java.lang.InterruptedException: sleep interrupted
2019-10-16 21:53:29,134 [5c3956af-60d3-411f-8c98-c7ed3576de5c@group-EE856C9543A1-LeaderElection280] INFO  impl.LeaderElection (LeaderElection.java:logAndReturn(56)) - 5c3956af-60d3-411f-8c98-c7ed3576de5c@group-EE856C9543A1-LeaderElection280: Election REJECTED; received 2 response(s) [5c3956af-60d3-411f-8c98-c7ed3576de5c<-efb933de-cdd8-4d8d-88d2-4c7ffe0dec1a#0:FAIL-t303, 5c3956af-60d3-411f-8c98-c7ed3576de5c<-9d88716d-5d6b-4fd8-b832-a110dc45ee66#0:FAIL-t303] and 0 exception(s); 5c3956af-60d3-411f-8c98-c7ed3576de5c@group-EE856C9543A1:t303, leader=null, voted=5c3956af-60d3-411f-8c98-c7ed3576de5c, raftlog=5c3956af-60d3-411f-8c98-c7ed3576de5c@group-EE856C9543A1-SegmentedRaftLog:OPENED:c-1,f-1,i0, conf=-1: [5c3956af-60d3-411f-8c98-c7ed3576de5c:192.168.34.38:33787, efb933de-cdd8-4d8d-88d2-4c7ffe0dec1a:192.168.34.38:42459, 9d88716d-5d6b-4fd8-b832-a110dc45ee66:192.168.34.38:38211], old=null
2019-10-16 21:53:29,134 [5c3956af-60d3-411f-8c98-c7ed3576de5c@group-EE856C9543A1-LeaderElection280] INFO  impl.RaftServerImpl (RaftServerImpl.java:setRole(184)) - 5c3956af-60d3-411f-8c98-c7ed3576de5c@group-EE856C9543A1: changes role from CANDIDATE to FOLLOWER at term 303 for DISCOVERED_A_NEW_TERM
2019-10-16 21:53:29,134 [5c3956af-60d3-411f-8c98-c7ed3576de5c@group-EE856C9543A1-LeaderElection280] INFO  impl.RoleInfo (RoleInfo.java:shutdownLeaderElection(134)) - 5c3956af-60d3-411f-8c98-c7ed3576de5c: shutdown LeaderElection
2019-10-16 21:53:29,134 [5c3956af-60d3-411f-8c98-c7ed3576de5c@group-EE856C9543A1-LeaderElection280] INFO  impl.RoleInfo (RoleInfo.java:updateAndGet(143)) - 5c3956af-60d3-411f-8c98-c7ed3576de5c: start FollowerState
2019-10-16 21:53:29,136 [Thread-2079] INFO  impl.FollowerState (FollowerState.java:run(108)) - 5c3956af-60d3-411f-8c98-c7ed3576de5c@group-EE856C9543A1-FollowerState: change to CANDIDATE, lastRpcTime:1ms, electionTimeout:1ms
2019-10-16 21:53:29,136 [Thread-2079] INFO  impl.RoleInfo (RoleInfo.java:shutdownFollowerState(121)) - 5c3956af-60d3-411f-8c98-c7ed3576de5c: shutdown FollowerState
2019-10-16 21:53:29,136 [Thread-2079] INFO  impl.RaftServerImpl (RaftServerImpl.java:setRole(184)) - 5c3956af-60d3-411f-8c98-c7ed3576de5c@group-EE856C9543A1: changes role from  FOLLOWER to CANDIDATE at term 303 for changeToCandidate
2019-10-16 21:53:29,136 [Thread-2079] INFO  impl.RoleInfo (RoleInfo.java:updateAndGet(143)) - 5c3956af-60d3-411f-8c98-c7ed3576de5c: start LeaderElection
2019-10-16 21:53:29,151 [5c3956af-60d3-411f-8c98-c7ed3576de5c@group-EE856C9543A1-LeaderElection281] INFO  impl.LeaderElection (LeaderElection.java:askForVotes(178)) - 5c3956af-60d3-411f-8c98-c7ed3576de5c@group-EE856C9543A1-LeaderElection281: begin an election at term 304 for -1: [5c3956af-60d3-411f-8c98-c7ed3576de5c:192.168.34.38:33787, efb933de-cdd8-4d8d-88d2-4c7ffe0dec1a:192.168.34.38:42459, 9d88716d-5d6b-4fd8-b832-a110dc45ee66:192.168.34.38:38211], old=null
2019-10-16 21:53:29,153 [grpc-default-executor-0] INFO  impl.RaftServerImpl (RaftServerImpl.java:setRole(184)) - 9d88716d-5d6b-4fd8-b832-a110dc45ee66@group-EE856C9543A1: changes role from  FOLLOWER to FOLLOWER at term 304 for recognizeCandidate:5c3956af-60d3-411f-8c98-c7ed3576de5c
2019-10-16 21:53:29,153 [grpc-default-executor-1] INFO  impl.RaftServerImpl (RaftServerImpl.java:setRole(184)) - efb933de-cdd8-4d8d-88d2-4c7ffe0dec1a@group-EE856C9543A1: changes role from  FOLLOWER to FOLLOWER at term 304 for recognizeCandidate:5c3956af-60d3-411f-8c98-c7ed3576de5c
2019-10-16 21:53:29,153 [grpc-default-executor-0] INFO  impl.RoleInfo (RoleInfo.java:shutdownFollowerState(121)) - 9d88716d-5d6b-4fd8-b832-a110dc45ee66: shutdown FollowerState
2019-10-16 21:53:29,153 [grpc-default-executor-1] INFO  impl.RoleInfo (RoleInfo.java:shutdownFollowerState(121)) - efb933de-cdd8-4d8d-88d2-4c7ffe0dec1a: shutdown FollowerState
2019-10-16 21:53:29,154 [Thread-2077] INFO  impl.FollowerState (FollowerState.java:run(117)) - efb933de-cdd8-4d8d-88d2-4c7ffe0dec1a@group-EE856C9543A1-FollowerState was interrupted: java.lang.InterruptedException: sleep interrupted
2019-10-16 21:53:29,153 [Thread-2078] INFO  impl.FollowerState (FollowerState.java:run(117)) - 9d88716d-5d6b-4fd8-b832-a110dc45ee66@group-EE856C9543A1-FollowerState was interrupted: java.lang.InterruptedException: sleep interrupted
2019-10-16 21:53:29,153 [grpc-default-executor-0] INFO  impl.RoleInfo (RoleInfo.java:updateAndGet(143)) - 9d88716d-5d6b-4fd8-b832-a110dc45ee66: start FollowerState
2019-10-16 21:53:29,154 [grpc-default-executor-1] INFO  impl.RoleInfo (RoleInfo.java:updateAndGet(143)) - efb933de-cdd8-4d8d-88d2-4c7ffe0dec1a: start FollowerState
2019-10-16 21:53:29,168 [5c3956af-60d3-411f-8c98-c7ed3576de5c@group-EE856C9543A1-LeaderElection281] INFO  impl.LeaderElection (LeaderElection.java:logAndReturn(56)) - 5c3956af-60d3-411f-8c98-c7ed3576de5c@group-EE856C9543A1-LeaderElection281: Election REJECTED; received 2 response(s) [5c3956af-60d3-411f-8c98-c7ed3576de5c<-efb933de-cdd8-4d8d-88d2-4c7ffe0dec1a#0:FAIL-t304, 5c3956af-60d3-411f-8c98-c7ed3576de5c<-9d88716d-5d6b-4fd8-b832-a110dc45ee66#0:FAIL-t304] and 0 exception(s); 5c3956af-60d3-411f-8c98-c7ed3576de5c@group-EE856C9543A1:t304, leader=null, voted=5c3956af-60d3-411f-8c98-c7ed3576de5c, raftlog=5c3956af-60d3-411f-8c98-c7ed3576de5c@group-EE856C9543A1-SegmentedRaftLog:OPENED:c-1,f-1,i0, conf=-1: [5c3956af-60d3-411f-8c98-c7ed3576de5c:192.168.34.38:33787, efb933de-cdd8-4d8d-88d2-4c7ffe0dec1a:192.168.34.38:42459, 9d88716d-5d6b-4fd8-b832-a110dc45ee66:192.168.34.38:38211], old=null
2019-10-16 21:53:29,168 [5c3956af-60d3-411f-8c98-c7ed3576de5c@group-EE856C9543A1-LeaderElection281] INFO  impl.RaftServerImpl (RaftServerImpl.java:setRole(184)) - 5c3956af-60d3-411f-8c98-c7ed3576de5c@group-EE856C9543A1: changes role from CANDIDATE to FOLLOWER at term 304 for DISCOVERED_A_NEW_TERM
2019-10-16 21:53:29,169 [5c3956af-60d3-411f-8c98-c7ed3576de5c@group-EE856C9543A1-LeaderElection281] INFO  impl.RoleInfo (RoleInfo.java:shutdownLeaderElection(134)) - 5c3956af-60d3-411f-8c98-c7ed3576de5c: shutdown LeaderElection
2019-10-16 21:53:29,169 [5c3956af-60d3-411f-8c98-c7ed3576de5c@group-EE856C9543A1-LeaderElection281] INFO  impl.RoleInfo (RoleInfo.java:updateAndGet(143)) - 5c3956af-60d3-411f-8c98-c7ed3576de5c: start FollowerState
2019-10-16 21:53:29,303 [Thread-2085] INFO  impl.FollowerState (FollowerState.java:run(108)) - 5c3956af-60d3-411f-8c98-c7ed3576de5c@group-EE856C9543A1-FollowerState: change to CANDIDATE, lastRpcTime:134ms, electionTimeout:134ms
2019-10-16 21:53:29,303 [Thread-2085] INFO  impl.RoleInfo (RoleInfo.java:shutdownFollowerState(121)) - 5c3956af-60d3-411f-8c98-c7ed3576de5c: shutdown FollowerState
2019-10-16 21:53:29,303 [Thread-2085] INFO  impl.RaftServerImpl (RaftServerImpl.java:setRole(184)) - 5c3956af-60d3-411f-8c98-c7ed3576de5c@group-EE856C9543A1: changes role from  FOLLOWER to CANDIDATE at term 304 for changeToCandidate
2019-10-16 21:53:29,304 [Thread-2085] INFO  impl.RoleInfo (RoleInfo.java:updateAndGet(143)) - 5c3956af-60d3-411f-8c98-c7ed3576de5c: start LeaderElection
2019-10-16 21:53:29,318 [5c3956af-60d3-411f-8c98-c7ed3576de5c@group-EE856C9543A1-LeaderElection282] INFO  impl.LeaderElection (LeaderElection.java:askForVotes(178)) - 5c3956af-60d3-411f-8c98-c7ed3576de5c@group-EE856C9543A1-LeaderElection282: begin an election at term 305 for -1: [5c3956af-60d3-411f-8c98-c7ed3576de5c:192.168.34.38:33787, efb933de-cdd8-4d8d-88d2-4c7ffe0dec1a:192.168.34.38:42459, 9d88716d-5d6b-4fd8-b832-a110dc45ee66:192.168.34.38:38211], old=null
2019-10-16 21:53:29,630 [JUnit] INFO  ozone.MiniOzoneClusterImpl (MiniOzoneClusterImpl.java:lambda$waitForClusterToBeReady$2(164)) - Waiting for 1 number of pipelines out of 6, to report a leader.
2019-10-16 21:53:29,638 [5c3956af-60d3-411f-8c98-c7ed3576de5c@group-EE856C9543A1-LeaderElection282] INFO  impl.LeaderElection (LeaderElection.java:logAndReturn(56)) - 5c3956af-60d3-411f-8c98-c7ed3576de5c@group-EE856C9543A1-LeaderElection282: Election TIMEOUT; received 0 response(s) [] and 0 exception(s); 5c3956af-60d3-411f-8c98-c7ed3576de5c@group-EE856C9543A1:t305, leader=null, voted=5c3956af-60d3-411f-8c98-c7ed3576de5c, raftlog=5c3956af-60d3-411f-8c98-c7ed3576de5c@group-EE856C9543A1-SegmentedRaftLog:OPENED:c-1,f-1,i0, conf=-1: [5c3956af-60d3-411f-8c98-c7ed3576de5c:192.168.34.38:33787, efb933de-cdd8-4d8d-88d2-4c7ffe0dec1a:192.168.34.38:42459, 9d88716d-5d6b-4fd8-b832-a110dc45ee66:192.168.34.38:38211], old=null
2019-10-16 21:53:29,639 [grpc-default-executor-1] INFO  impl.RaftServerImpl (RaftServerImpl.java:setRole(184)) - efb933de-cdd8-4d8d-88d2-4c7ffe0dec1a@group-EE856C9543A1: changes role from  FOLLOWER to FOLLOWER at term 305 for recognizeCandidate:5c3956af-60d3-411f-8c98-c7ed3576de5c
2019-10-16 21:53:29,639 [grpc-default-executor-0] INFO  impl.RaftServerImpl (RaftServerImpl.java:setRole(184)) - 9d88716d-5d6b-4fd8-b832-a110dc45ee66@group-EE856C9543A1: changes role from  FOLLOWER to FOLLOWER at term 305 for recognizeCandidate:5c3956af-60d3-411f-8c98-c7ed3576de5c
2019-10-16 21:53:29,639 [grpc-default-executor-1] INFO  impl.RoleInfo (RoleInfo.java:shutdownFollowerState(121)) - efb933de-cdd8-4d8d-88d2-4c7ffe0dec1a: shutdown FollowerState
2019-10-16 21:53:29,639 [grpc-default-executor-0] INFO  impl.RoleInfo (RoleInfo.java:shutdownFollowerState(121)) - 9d88716d-5d6b-4fd8-b832-a110dc45ee66: shutdown FollowerState
2019-10-16 21:53:29,639 [Thread-2084] INFO  impl.FollowerState (FollowerState.java:run(117)) - efb933de-cdd8-4d8d-88d2-4c7ffe0dec1a@group-EE856C9543A1-FollowerState was interrupted: java.lang.InterruptedException: sleep interrupted
2019-10-16 21:53:29,639 [grpc-default-executor-1] INFO  impl.RoleInfo (RoleInfo.java:updateAndGet(143)) - efb933de-cdd8-4d8d-88d2-4c7ffe0dec1a: start FollowerState
2019-10-16 21:53:29,640 [Thread-2083] INFO  impl.FollowerState (FollowerState.java:run(117)) - 9d88716d-5d6b-4fd8-b832-a110dc45ee66@group-EE856C9543A1-FollowerState was interrupted: java.lang.InterruptedException: sleep interrupted
2019-10-16 21:53:29,639 [grpc-default-executor-0] INFO  impl.RoleInfo (RoleInfo.java:updateAndGet(143)) - 9d88716d-5d6b-4fd8-b832-a110dc45ee66: start FollowerState
2019-10-16 21:53:29,652 [5c3956af-60d3-411f-8c98-c7ed3576de5c@group-EE856C9543A1-LeaderElection282] INFO  impl.LeaderElection (LeaderElection.java:askForVotes(178)) - 5c3956af-60d3-411f-8c98-c7ed3576de5c@group-EE856C9543A1-LeaderElection282: begin an election at term 306 for -1: [5c3956af-60d3-411f-8c98-c7ed3576de5c:192.168.34.38:33787, efb933de-cdd8-4d8d-88d2-4c7ffe0dec1a:192.168.34.38:42459, 9d88716d-5d6b-4fd8-b832-a110dc45ee66:192.168.34.38:38211], old=null
2019-10-16 21:53:29,653 [grpc-default-executor-1] INFO  impl.RaftServerImpl (RaftServerImpl.java:setRole(184)) - efb933de-cdd8-4d8d-88d2-4c7ffe0dec1a@group-EE856C9543A1: changes role from  FOLLOWER to FOLLOWER at term 306 for recognizeCandidate:5c3956af-60d3-411f-8c98-c7ed3576de5c
2019-10-16 21:53:29,653 [grpc-default-executor-1] INFO  impl.RoleInfo (RoleInfo.java:shutdownFollowerState(121)) - efb933de-cdd8-4d8d-88d2-4c7ffe0dec1a: shutdown FollowerState
2019-10-16 21:53:29,653 [grpc-default-executor-1] INFO  impl.RoleInfo (RoleInfo.java:updateAndGet(143)) - efb933de-cdd8-4d8d-88d2-4c7ffe0dec1a: start FollowerState
2019-10-16 21:53:29,654 [Thread-2089] INFO  impl.FollowerState (FollowerState.java:run(117)) - efb933de-cdd8-4d8d-88d2-4c7ffe0dec1a@group-EE856C9543A1-FollowerState was interrupted: java.lang.InterruptedException: sleep interrupted
2019-10-16 21:53:29,654 [grpc-default-executor-0] INFO  impl.RaftServerImpl (RaftServerImpl.java:setRole(184)) - 9d88716d-5d6b-4fd8-b832-a110dc45ee66@group-EE856C9543A1: changes role from  FOLLOWER to FOLLOWER at term 306 for recognizeCandidate:5c3956af-60d3-411f-8c98-c7ed3576de5c
2019-10-16 21:53:29,654 [grpc-default-executor-0] INFO  impl.RoleInfo (RoleInfo.java:shutdownFollowerState(121)) - 9d88716d-5d6b-4fd8-b832-a110dc45ee66: shutdown FollowerState
2019-10-16 21:53:29,654 [grpc-default-executor-0] INFO  impl.RoleInfo (RoleInfo.java:updateAndGet(143)) - 9d88716d-5d6b-4fd8-b832-a110dc45ee66: start FollowerState
2019-10-16 21:53:29,654 [Thread-2090] INFO  impl.FollowerState (FollowerState.java:run(117)) - 9d88716d-5d6b-4fd8-b832-a110dc45ee66@group-EE856C9543A1-FollowerState was interrupted: java.lang.InterruptedException: sleep interrupted
2019-10-16 21:53:29,677 [5c3956af-60d3-411f-8c98-c7ed3576de5c@group-EE856C9543A1-LeaderElection282] INFO  impl.LeaderElection (LeaderElection.java:logAndReturn(56)) - 5c3956af-60d3-411f-8c98-c7ed3576de5c@group-EE856C9543A1-LeaderElection282: Election REJECTED; received 2 response(s) [5c3956af-60d3-411f-8c98-c7ed3576de5c<-efb933de-cdd8-4d8d-88d2-4c7ffe0dec1a#0:FAIL-t306, 5c3956af-60d3-411f-8c98-c7ed3576de5c<-9d88716d-5d6b-4fd8-b832-a110dc45ee66#0:FAIL-t306] and 0 exception(s); 5c3956af-60d3-411f-8c98-c7ed3576de5c@group-EE856C9543A1:t306, leader=null, voted=5c3956af-60d3-411f-8c98-c7ed3576de5c, raftlog=5c3956af-60d3-411f-8c98-c7ed3576de5c@group-EE856C9543A1-SegmentedRaftLog:OPENED:c-1,f-1,i0, conf=-1: [5c3956af-60d3-411f-8c98-c7ed3576de5c:192.168.34.38:33787, efb933de-cdd8-4d8d-88d2-4c7ffe0dec1a:192.168.34.38:42459, 9d88716d-5d6b-4fd8-b832-a110dc45ee66:192.168.34.38:38211], old=null
2019-10-16 21:53:29,677 [5c3956af-60d3-411f-8c98-c7ed3576de5c@group-EE856C9543A1-LeaderElection282] INFO  impl.RaftServerImpl (RaftServerImpl.java:setRole(184)) - 5c3956af-60d3-411f-8c98-c7ed3576de5c@group-EE856C9543A1: changes role from CANDIDATE to FOLLOWER at term 306 for DISCOVERED_A_NEW_TERM
2019-10-16 21:53:29,677 [5c3956af-60d3-411f-8c98-c7ed3576de5c@group-EE856C9543A1-LeaderElection282] INFO  impl.RoleInfo (RoleInfo.java:shutdownLeaderElection(134)) - 5c3956af-60d3-411f-8c98-c7ed3576de5c: shutdown LeaderElection
2019-10-16 21:53:29,677 [5c3956af-60d3-411f-8c98-c7ed3576de5c@group-EE856C9543A1-LeaderElection282] INFO  impl.RoleInfo (RoleInfo.java:updateAndGet(143)) - 5c3956af-60d3-411f-8c98-c7ed3576de5c: start FollowerState
2019-10-16 21:53:29,876 [Thread-2095] INFO  impl.FollowerState (FollowerState.java:run(108)) - 5c3956af-60d3-411f-8c98-c7ed3576de5c@group-EE856C9543A1-FollowerState: change to CANDIDATE, lastRpcTime:198ms, electionTimeout:198ms
2019-10-16 21:53:29,876 [Thread-2095] INFO  impl.RoleInfo (RoleInfo.java:shutdownFollowerState(121)) - 5c3956af-60d3-411f-8c98-c7ed3576de5c: shutdown FollowerState
2019-10-16 21:53:29,876 [Thread-2095] INFO  impl.RaftServerImpl (RaftServerImpl.java:setRole(184)) - 5c3956af-60d3-411f-8c98-c7ed3576de5c@group-EE856C9543A1: changes role from  FOLLOWER to CANDIDATE at term 306 for changeToCandidate
2019-10-16 21:53:29,876 [Thread-2095] INFO  impl.RoleInfo (RoleInfo.java:updateAndGet(143)) - 5c3956af-60d3-411f-8c98-c7ed3576de5c: start LeaderElection
2019-10-16 21:53:29,890 [5c3956af-60d3-411f-8c98-c7ed3576de5c@group-EE856C9543A1-LeaderElection283] INFO  impl.LeaderElection (LeaderElection.java:askForVotes(178)) - 5c3956af-60d3-411f-8c98-c7ed3576de5c@group-EE856C9543A1-LeaderElection283: begin an election at term 307 for -1: [5c3956af-60d3-411f-8c98-c7ed3576de5c:192.168.34.38:33787, efb933de-cdd8-4d8d-88d2-4c7ffe0dec1a:192.168.34.38:42459, 9d88716d-5d6b-4fd8-b832-a110dc45ee66:192.168.34.38:38211], old=null
2019-10-16 21:53:29,893 [grpc-default-executor-1] INFO  impl.RaftServerImpl (RaftServerImpl.java:setRole(184)) - 9d88716d-5d6b-4fd8-b832-a110dc45ee66@group-EE856C9543A1: changes role from  FOLLOWER to FOLLOWER at term 307 for recognizeCandidate:5c3956af-60d3-411f-8c98-c7ed3576de5c
2019-10-16 21:53:29,893 [grpc-default-executor-0] INFO  impl.RaftServerImpl (RaftServerImpl.java:setRole(184)) - efb933de-cdd8-4d8d-88d2-4c7ffe0dec1a@group-EE856C9543A1: changes role from  FOLLOWER to FOLLOWER at term 307 for recognizeCandidate:5c3956af-60d3-411f-8c98-c7ed3576de5c
2019-10-16 21:53:29,893 [grpc-default-executor-1] INFO  impl.RoleInfo (RoleInfo.java:shutdownFollowerState(121)) - 9d88716d-5d6b-4fd8-b832-a110dc45ee66: shutdown FollowerState
2019-10-16 21:53:29,893 [grpc-default-executor-0] INFO  impl.RoleInfo (RoleInfo.java:shutdownFollowerState(121)) - efb933de-cdd8-4d8d-88d2-4c7ffe0dec1a: shutdown FollowerState
2019-10-16 21:53:29,893 [grpc-default-executor-1] INFO  impl.RoleInfo (RoleInfo.java:updateAndGet(143)) - 9d88716d-5d6b-4fd8-b832-a110dc45ee66: start FollowerState
2019-10-16 21:53:29,893 [Thread-2094] INFO  impl.FollowerState (FollowerState.java:run(117)) - 9d88716d-5d6b-4fd8-b832-a110dc45ee66@group-EE856C9543A1-FollowerState was interrupted: java.lang.InterruptedException: sleep interrupted
2019-10-16 21:53:29,894 [Thread-2093] INFO  impl.FollowerState (FollowerState.java:run(117)) - efb933de-cdd8-4d8d-88d2-4c7ffe0dec1a@group-EE856C9543A1-FollowerState was interrupted: java.lang.InterruptedException: sleep interrupted
2019-10-16 21:53:29,893 [grpc-default-executor-0] INFO  impl.RoleInfo (RoleInfo.java:updateAndGet(143)) - efb933de-cdd8-4d8d-88d2-4c7ffe0dec1a: start FollowerState
2019-10-16 21:53:29,907 [5c3956af-60d3-411f-8c98-c7ed3576de5c@group-EE856C9543A1-LeaderElection283] INFO  impl.LeaderElection (LeaderElection.java:logAndReturn(56)) - 5c3956af-60d3-411f-8c98-c7ed3576de5c@group-EE856C9543A1-LeaderElection283: Election REJECTED; received 2 response(s) [5c3956af-60d3-411f-8c98-c7ed3576de5c<-efb933de-cdd8-4d8d-88d2-4c7ffe0dec1a#0:FAIL-t307, 5c3956af-60d3-411f-8c98-c7ed3576de5c<-9d88716d-5d6b-4fd8-b832-a110dc45ee66#0:FAIL-t307] and 0 exception(s); 5c3956af-60d3-411f-8c98-c7ed3576de5c@group-EE856C9543A1:t307, leader=null, voted=5c3956af-60d3-411f-8c98-c7ed3576de5c, raftlog=5c3956af-60d3-411f-8c98-c7ed3576de5c@group-EE856C9543A1-SegmentedRaftLog:OPENED:c-1,f-1,i0, conf=-1: [5c3956af-60d3-411f-8c98-c7ed3576de5c:192.168.34.38:33787, efb933de-cdd8-4d8d-88d2-4c7ffe0dec1a:192.168.34.38:42459, 9d88716d-5d6b-4fd8-b832-a110dc45ee66:192.168.34.38:38211], old=null
2019-10-16 21:53:29,907 [5c3956af-60d3-411f-8c98-c7ed3576de5c@group-EE856C9543A1-LeaderElection283] INFO  impl.RaftServerImpl (RaftServerImpl.java:setRole(184)) - 5c3956af-60d3-411f-8c98-c7ed3576de5c@group-EE856C9543A1: changes role from CANDIDATE to FOLLOWER at term 307 for DISCOVERED_A_NEW_TERM
2019-10-16 21:53:29,907 [5c3956af-60d3-411f-8c98-c7ed3576de5c@group-EE856C9543A1-LeaderElection283] INFO  impl.RoleInfo (RoleInfo.java:shutdownLeaderElection(134)) - 5c3956af-60d3-411f-8c98-c7ed3576de5c: shutdown LeaderElection
2019-10-16 21:53:29,907 [5c3956af-60d3-411f-8c98-c7ed3576de5c@group-EE856C9543A1-LeaderElection283] INFO  impl.RoleInfo (RoleInfo.java:updateAndGet(143)) - 5c3956af-60d3-411f-8c98-c7ed3576de5c: start FollowerState
2019-10-16 21:53:30,007 [Thread-2101] INFO  impl.FollowerState (FollowerState.java:run(108)) - 5c3956af-60d3-411f-8c98-c7ed3576de5c@group-EE856C9543A1-FollowerState: change to CANDIDATE, lastRpcTime:99ms, electionTimeout:99ms
2019-10-16 21:53:30,007 [Thread-2101] INFO  impl.RoleInfo (RoleInfo.java:shutdownFollowerState(121)) - 5c3956af-60d3-411f-8c98-c7ed3576de5c: shutdown FollowerState
2019-10-16 21:53:30,007 [Thread-2101] INFO  impl.RaftServerImpl (RaftServerImpl.java:setRole(184)) - 5c3956af-60d3-411f-8c98-c7ed3576de5c@group-EE856C9543A1: changes role from  FOLLOWER to CANDIDATE at term 307 for changeToCandidate
2019-10-16 21:53:30,007 [Thread-2101] INFO  impl.RoleInfo (RoleInfo.java:updateAndGet(143)) - 5c3956af-60d3-411f-8c98-c7ed3576de5c: start LeaderElection
2019-10-16 21:53:30,021 [5c3956af-60d3-411f-8c98-c7ed3576de5c@group-EE856C9543A1-LeaderElection284] INFO  impl.LeaderElection (LeaderElection.java:askForVotes(178)) - 5c3956af-60d3-411f-8c98-c7ed3576de5c@group-EE856C9543A1-LeaderElection284: begin an election at term 308 for -1: [5c3956af-60d3-411f-8c98-c7ed3576de5c:192.168.34.38:33787, efb933de-cdd8-4d8d-88d2-4c7ffe0dec1a:192.168.34.38:42459, 9d88716d-5d6b-4fd8-b832-a110dc45ee66:192.168.34.38:38211], old=null
2019-10-16 21:53:30,024 [grpc-default-executor-0] INFO  impl.RaftServerImpl (RaftServerImpl.java:setRole(184)) - 9d88716d-5d6b-4fd8-b832-a110dc45ee66@group-EE856C9543A1: changes role from  FOLLOWER to FOLLOWER at term 308 for recognizeCandidate:5c3956af-60d3-411f-8c98-c7ed3576de5c
2019-10-16 21:53:30,024 [grpc-default-executor-1] INFO  impl.RaftServerImpl (RaftServerImpl.java:setRole(184)) - efb933de-cdd8-4d8d-88d2-4c7ffe0dec1a@group-EE856C9543A1: changes role from  FOLLOWER to FOLLOWER at term 308 for recognizeCandidate:5c3956af-60d3-411f-8c98-c7ed3576de5c
2019-10-16 21:53:30,024 [grpc-default-executor-0] INFO  impl.RoleInfo (RoleInfo.java:shutdownFollowerState(121)) - 9d88716d-5d6b-4fd8-b832-a110dc45ee66: shutdown FollowerState
2019-10-16 21:53:30,024 [grpc-default-executor-1] INFO  impl.RoleInfo (RoleInfo.java:shutdownFollowerState(121)) - efb933de-cdd8-4d8d-88d2-4c7ffe0dec1a: shutdown FollowerState
2019-10-16 21:53:30,024 [Thread-2099] INFO  impl.FollowerState (FollowerState.java:run(117)) - 9d88716d-5d6b-4fd8-b832-a110dc45ee66@group-EE856C9543A1-FollowerState was interrupted: java.lang.InterruptedException: sleep interrupted
2019-10-16 21:53:30,024 [grpc-default-executor-0] INFO  impl.RoleInfo (RoleInfo.java:updateAndGet(143)) - 9d88716d-5d6b-4fd8-b832-a110dc45ee66: start FollowerState
2019-10-16 21:53:30,024 [Thread-2100] INFO  impl.FollowerState (FollowerState.java:run(117)) - efb933de-cdd8-4d8d-88d2-4c7ffe0dec1a@group-EE856C9543A1-FollowerState was interrupted: java.lang.InterruptedException: sleep interrupted
2019-10-16 21:53:30,024 [grpc-default-executor-1] INFO  impl.RoleInfo (RoleInfo.java:updateAndGet(143)) - efb933de-cdd8-4d8d-88d2-4c7ffe0dec1a: start FollowerState
2019-10-16 21:53:30,039 [5c3956af-60d3-411f-8c98-c7ed3576de5c@group-EE856C9543A1-LeaderElection284] INFO  impl.LeaderElection (LeaderElection.java:logAndReturn(56)) - 5c3956af-60d3-411f-8c98-c7ed3576de5c@group-EE856C9543A1-LeaderElection284: Election REJECTED; received 2 response(s) [5c3956af-60d3-411f-8c98-c7ed3576de5c<-efb933de-cdd8-4d8d-88d2-4c7ffe0dec1a#0:FAIL-t308, 5c3956af-60d3-411f-8c98-c7ed3576de5c<-9d88716d-5d6b-4fd8-b832-a110dc45ee66#0:FAIL-t308] and 0 exception(s); 5c3956af-60d3-411f-8c98-c7ed3576de5c@group-EE856C9543A1:t308, leader=null, voted=5c3956af-60d3-411f-8c98-c7ed3576de5c, raftlog=5c3956af-60d3-411f-8c98-c7ed3576de5c@group-EE856C9543A1-SegmentedRaftLog:OPENED:c-1,f-1,i0, conf=-1: [5c3956af-60d3-411f-8c98-c7ed3576de5c:192.168.34.38:33787, efb933de-cdd8-4d8d-88d2-4c7ffe0dec1a:192.168.34.38:42459, 9d88716d-5d6b-4fd8-b832-a110dc45ee66:192.168.34.38:38211], old=null
2019-10-16 21:53:30,039 [5c3956af-60d3-411f-8c98-c7ed3576de5c@group-EE856C9543A1-LeaderElection284] INFO  impl.RaftServerImpl (RaftServerImpl.java:setRole(184)) - 5c3956af-60d3-411f-8c98-c7ed3576de5c@group-EE856C9543A1: changes role from CANDIDATE to FOLLOWER at term 308 for DISCOVERED_A_NEW_TERM
2019-10-16 21:53:30,040 [5c3956af-60d3-411f-8c98-c7ed3576de5c@group-EE856C9543A1-LeaderElection284] INFO  impl.RoleInfo (RoleInfo.java:shutdownLeaderElection(134)) - 5c3956af-60d3-411f-8c98-c7ed3576de5c: shutdown LeaderElection
2019-10-16 21:53:30,040 [5c3956af-60d3-411f-8c98-c7ed3576de5c@group-EE856C9543A1-LeaderElection284] INFO  impl.RoleInfo (RoleInfo.java:updateAndGet(143)) - 5c3956af-60d3-411f-8c98-c7ed3576de5c: start FollowerState
2019-10-16 21:53:30,081 [Thread-2107] INFO  impl.FollowerState (FollowerState.java:run(108)) - 5c3956af-60d3-411f-8c98-c7ed3576de5c@group-EE856C9543A1-FollowerState: change to CANDIDATE, lastRpcTime:41ms, electionTimeout:41ms
2019-10-16 21:53:30,081 [Thread-2107] INFO  impl.RoleInfo (RoleInfo.java:shutdownFollowerState(121)) - 5c3956af-60d3-411f-8c98-c7ed3576de5c: shutdown FollowerState
2019-10-16 21:53:30,082 [Thread-2107] INFO  impl.RaftServerImpl (RaftServerImpl.java:setRole(184)) - 5c3956af-60d3-411f-8c98-c7ed3576de5c@group-EE856C9543A1: changes role from  FOLLOWER to CANDIDATE at term 308 for changeToCandidate
2019-10-16 21:53:30,082 [Thread-2107] INFO  impl.RoleInfo (RoleInfo.java:updateAndGet(143)) - 5c3956af-60d3-411f-8c98-c7ed3576de5c: start LeaderElection
2019-10-16 21:53:30,096 [5c3956af-60d3-411f-8c98-c7ed3576de5c@group-EE856C9543A1-LeaderElection285] INFO  impl.LeaderElection (LeaderElection.java:askForVotes(178)) - 5c3956af-60d3-411f-8c98-c7ed3576de5c@group-EE856C9543A1-LeaderElection285: begin an election at term 309 for -1: [5c3956af-60d3-411f-8c98-c7ed3576de5c:192.168.34.38:33787, efb933de-cdd8-4d8d-88d2-4c7ffe0dec1a:192.168.34.38:42459, 9d88716d-5d6b-4fd8-b832-a110dc45ee66:192.168.34.38:38211], old=null
2019-10-16 21:53:30,098 [grpc-default-executor-1] INFO  impl.RaftServerImpl (RaftServerImpl.java:setRole(184)) - efb933de-cdd8-4d8d-88d2-4c7ffe0dec1a@group-EE856C9543A1: changes role from  FOLLOWER to FOLLOWER at term 309 for recognizeCandidate:5c3956af-60d3-411f-8c98-c7ed3576de5c
2019-10-16 21:53:30,098 [grpc-default-executor-0] INFO  impl.RaftServerImpl (RaftServerImpl.java:setRole(184)) - 9d88716d-5d6b-4fd8-b832-a110dc45ee66@group-EE856C9543A1: changes role from  FOLLOWER to FOLLOWER at term 309 for recognizeCandidate:5c3956af-60d3-411f-8c98-c7ed3576de5c
2019-10-16 21:53:30,098 [grpc-default-executor-1] INFO  impl.RoleInfo (RoleInfo.java:shutdownFollowerState(121)) - efb933de-cdd8-4d8d-88d2-4c7ffe0dec1a: shutdown FollowerState
2019-10-16 21:53:30,098 [grpc-default-executor-0] INFO  impl.RoleInfo (RoleInfo.java:shutdownFollowerState(121)) - 9d88716d-5d6b-4fd8-b832-a110dc45ee66: shutdown FollowerState
2019-10-16 21:53:30,099 [Thread-2106] INFO  impl.FollowerState (FollowerState.java:run(117)) - efb933de-cdd8-4d8d-88d2-4c7ffe0dec1a@group-EE856C9543A1-FollowerState was interrupted: java.lang.InterruptedException: sleep interrupted
2019-10-16 21:53:30,099 [Thread-2105] INFO  impl.FollowerState (FollowerState.java:run(117)) - 9d88716d-5d6b-4fd8-b832-a110dc45ee66@group-EE856C9543A1-FollowerState was interrupted: java.lang.InterruptedException: sleep interrupted
2019-10-16 21:53:30,099 [grpc-default-executor-1] INFO  impl.RoleInfo (RoleInfo.java:updateAndGet(143)) - efb933de-cdd8-4d8d-88d2-4c7ffe0dec1a: start FollowerState
2019-10-16 21:53:30,099 [grpc-default-executor-0] INFO  impl.RoleInfo (RoleInfo.java:updateAndGet(143)) - 9d88716d-5d6b-4fd8-b832-a110dc45ee66: start FollowerState
2019-10-16 21:53:30,113 [5c3956af-60d3-411f-8c98-c7ed3576de5c@group-EE856C9543A1-LeaderElection285] INFO  impl.LeaderElection (LeaderElection.java:logAndReturn(56)) - 5c3956af-60d3-411f-8c98-c7ed3576de5c@group-EE856C9543A1-LeaderElection285: Election REJECTED; received 2 response(s) [5c3956af-60d3-411f-8c98-c7ed3576de5c<-efb933de-cdd8-4d8d-88d2-4c7ffe0dec1a#0:FAIL-t309, 5c3956af-60d3-411f-8c98-c7ed3576de5c<-9d88716d-5d6b-4fd8-b832-a110dc45ee66#0:FAIL-t309] and 0 exception(s); 5c3956af-60d3-411f-8c98-c7ed3576de5c@group-EE856C9543A1:t309, leader=null, voted=5c3956af-60d3-411f-8c98-c7ed3576de5c, raftlog=5c3956af-60d3-411f-8c98-c7ed3576de5c@group-EE856C9543A1-SegmentedRaftLog:OPENED:c-1,f-1,i0, conf=-1: [5c3956af-60d3-411f-8c98-c7ed3576de5c:192.168.34.38:33787, efb933de-cdd8-4d8d-88d2-4c7ffe0dec1a:192.168.34.38:42459, 9d88716d-5d6b-4fd8-b832-a110dc45ee66:192.168.34.38:38211], old=null
2019-10-16 21:53:30,114 [5c3956af-60d3-411f-8c98-c7ed3576de5c@group-EE856C9543A1-LeaderElection285] INFO  impl.RaftServerImpl (RaftServerImpl.java:setRole(184)) - 5c3956af-60d3-411f-8c98-c7ed3576de5c@group-EE856C9543A1: changes role from CANDIDATE to FOLLOWER at term 309 for DISCOVERED_A_NEW_TERM
2019-10-16 21:53:30,114 [5c3956af-60d3-411f-8c98-c7ed3576de5c@group-EE856C9543A1-LeaderElection285] INFO  impl.RoleInfo (RoleInfo.java:shutdownLeaderElection(134)) - 5c3956af-60d3-411f-8c98-c7ed3576de5c: shutdown LeaderElection
2019-10-16 21:53:30,114 [5c3956af-60d3-411f-8c98-c7ed3576de5c@group-EE856C9543A1-LeaderElection285] INFO  impl.RoleInfo (RoleInfo.java:updateAndGet(143)) - 5c3956af-60d3-411f-8c98-c7ed3576de5c: start FollowerState
2019-10-16 21:53:30,142 [Thread-2113] INFO  impl.FollowerState (FollowerState.java:run(108)) - 5c3956af-60d3-411f-8c98-c7ed3576de5c@group-EE856C9543A1-FollowerState: change to CANDIDATE, lastRpcTime:28ms, electionTimeout:28ms
2019-10-16 21:53:30,143 [Thread-2113] INFO  impl.RoleInfo (RoleInfo.java:shutdownFollowerState(121)) - 5c3956af-60d3-411f-8c98-c7ed3576de5c: shutdown FollowerState
2019-10-16 21:53:30,143 [Thread-2113] INFO  impl.RaftServerImpl (RaftServerImpl.java:setRole(184)) - 5c3956af-60d3-411f-8c98-c7ed3576de5c@group-EE856C9543A1: changes role from  FOLLOWER to CANDIDATE at term 309 for changeToCandidate
2019-10-16 21:53:30,143 [Thread-2113] INFO  impl.RoleInfo (RoleInfo.java:updateAndGet(143)) - 5c3956af-60d3-411f-8c98-c7ed3576de5c: start LeaderElection
2019-10-16 21:53:30,156 [5c3956af-60d3-411f-8c98-c7ed3576de5c@group-EE856C9543A1-LeaderElection286] INFO  impl.LeaderElection (LeaderElection.java:askForVotes(178)) - 5c3956af-60d3-411f-8c98-c7ed3576de5c@group-EE856C9543A1-LeaderElection286: begin an election at term 310 for -1: [5c3956af-60d3-411f-8c98-c7ed3576de5c:192.168.34.38:33787, efb933de-cdd8-4d8d-88d2-4c7ffe0dec1a:192.168.34.38:42459, 9d88716d-5d6b-4fd8-b832-a110dc45ee66:192.168.34.38:38211], old=null
2019-10-16 21:53:30,159 [grpc-default-executor-0] INFO  impl.RaftServerImpl (RaftServerImpl.java:setRole(184)) - 9d88716d-5d6b-4fd8-b832-a110dc45ee66@group-EE856C9543A1: changes role from  FOLLOWER to FOLLOWER at term 310 for recognizeCandidate:5c3956af-60d3-411f-8c98-c7ed3576de5c
2019-10-16 21:53:30,159 [grpc-default-executor-0] INFO  impl.RoleInfo (RoleInfo.java:shutdownFollowerState(121)) - 9d88716d-5d6b-4fd8-b832-a110dc45ee66: shutdown FollowerState
2019-10-16 21:53:30,159 [grpc-default-executor-0] INFO  impl.RoleInfo (RoleInfo.java:updateAndGet(143)) - 9d88716d-5d6b-4fd8-b832-a110dc45ee66: start FollowerState
2019-10-16 21:53:30,159 [Thread-2112] INFO  impl.FollowerState (FollowerState.java:run(117)) - 9d88716d-5d6b-4fd8-b832-a110dc45ee66@group-EE856C9543A1-FollowerState was interrupted: java.lang.InterruptedException: sleep interrupted
2019-10-16 21:53:30,159 [grpc-default-executor-1] INFO  impl.RaftServerImpl (RaftServerImpl.java:setRole(184)) - efb933de-cdd8-4d8d-88d2-4c7ffe0dec1a@group-EE856C9543A1: changes role from  FOLLOWER to FOLLOWER at term 310 for recognizeCandidate:5c3956af-60d3-411f-8c98-c7ed3576de5c
2019-10-16 21:53:30,160 [grpc-default-executor-1] INFO  impl.RoleInfo (RoleInfo.java:shutdownFollowerState(121)) - efb933de-cdd8-4d8d-88d2-4c7ffe0dec1a: shutdown FollowerState
2019-10-16 21:53:30,160 [grpc-default-executor-1] INFO  impl.RoleInfo (RoleInfo.java:updateAndGet(143)) - efb933de-cdd8-4d8d-88d2-4c7ffe0dec1a: start FollowerState
2019-10-16 21:53:30,160 [Thread-2111] INFO  impl.FollowerState (FollowerState.java:run(117)) - efb933de-cdd8-4d8d-88d2-4c7ffe0dec1a@group-EE856C9543A1-FollowerState was interrupted: java.lang.InterruptedException: sleep interrupted
2019-10-16 21:53:30,180 [5c3956af-60d3-411f-8c98-c7ed3576de5c@group-EE856C9543A1-LeaderElection286] INFO  impl.LeaderElection (LeaderElection.java:logAndReturn(56)) - 5c3956af-60d3-411f-8c98-c7ed3576de5c@group-EE856C9543A1-LeaderElection286: Election REJECTED; received 2 response(s) [5c3956af-60d3-411f-8c98-c7ed3576de5c<-efb933de-cdd8-4d8d-88d2-4c7ffe0dec1a#0:FAIL-t310, 5c3956af-60d3-411f-8c98-c7ed3576de5c<-9d88716d-5d6b-4fd8-b832-a110dc45ee66#0:FAIL-t310] and 0 exception(s); 5c3956af-60d3-411f-8c98-c7ed3576de5c@group-EE856C9543A1:t310, leader=null, voted=5c3956af-60d3-411f-8c98-c7ed3576de5c, raftlog=5c3956af-60d3-411f-8c98-c7ed3576de5c@group-EE856C9543A1-SegmentedRaftLog:OPENED:c-1,f-1,i0, conf=-1: [5c3956af-60d3-411f-8c98-c7ed3576de5c:192.168.34.38:33787, efb933de-cdd8-4d8d-88d2-4c7ffe0dec1a:192.168.34.38:42459, 9d88716d-5d6b-4fd8-b832-a110dc45ee66:192.168.34.38:38211], old=null
2019-10-16 21:53:30,180 [5c3956af-60d3-411f-8c98-c7ed3576de5c@group-EE856C9543A1-LeaderElection286] INFO  impl.RaftServerImpl (RaftServerImpl.java:setRole(184)) - 5c3956af-60d3-411f-8c98-c7ed3576de5c@group-EE856C9543A1: changes role from CANDIDATE to FOLLOWER at term 310 for DISCOVERED_A_NEW_TERM
2019-10-16 21:53:30,180 [5c3956af-60d3-411f-8c98-c7ed3576de5c@group-EE856C9543A1-LeaderElection286] INFO  impl.RoleInfo (RoleInfo.java:shutdownLeaderElection(134)) - 5c3956af-60d3-411f-8c98-c7ed3576de5c: shutdown LeaderElection
2019-10-16 21:53:30,180 [5c3956af-60d3-411f-8c98-c7ed3576de5c@group-EE856C9543A1-LeaderElection286] INFO  impl.RoleInfo (RoleInfo.java:updateAndGet(143)) - 5c3956af-60d3-411f-8c98-c7ed3576de5c: start FollowerState
2019-10-16 21:53:30,313 [Thread-2119] INFO  impl.FollowerState (FollowerState.java:run(108)) - 5c3956af-60d3-411f-8c98-c7ed3576de5c@group-EE856C9543A1-FollowerState: change to CANDIDATE, lastRpcTime:132ms, electionTimeout:132ms
2019-10-16 21:53:30,313 [Thread-2119] INFO  impl.RoleInfo (RoleInfo.java:shutdownFollowerState(121)) - 5c3956af-60d3-411f-8c98-c7ed3576de5c: shutdown FollowerState
2019-10-16 21:53:30,313 [Thread-2119] INFO  impl.RaftServerImpl (RaftServerImpl.java:setRole(184)) - 5c3956af-60d3-411f-8c98-c7ed3576de5c@group-EE856C9543A1: changes role from  FOLLOWER to CANDIDATE at term 310 for changeToCandidate
2019-10-16 21:53:30,313 [Thread-2119] INFO  impl.RoleInfo (RoleInfo.java:updateAndGet(143)) - 5c3956af-60d3-411f-8c98-c7ed3576de5c: start LeaderElection
2019-10-16 21:53:30,327 [5c3956af-60d3-411f-8c98-c7ed3576de5c@group-EE856C9543A1-LeaderElection287] INFO  impl.LeaderElection (LeaderElection.java:askForVotes(178)) - 5c3956af-60d3-411f-8c98-c7ed3576de5c@group-EE856C9543A1-LeaderElection287: begin an election at term 311 for -1: [5c3956af-60d3-411f-8c98-c7ed3576de5c:192.168.34.38:33787, efb933de-cdd8-4d8d-88d2-4c7ffe0dec1a:192.168.34.38:42459, 9d88716d-5d6b-4fd8-b832-a110dc45ee66:192.168.34.38:38211], old=null
2019-10-16 21:53:30,330 [grpc-default-executor-0] INFO  impl.RaftServerImpl (RaftServerImpl.java:setRole(184)) - efb933de-cdd8-4d8d-88d2-4c7ffe0dec1a@group-EE856C9543A1: changes role from  FOLLOWER to FOLLOWER at term 311 for recognizeCandidate:5c3956af-60d3-411f-8c98-c7ed3576de5c
2019-10-16 21:53:30,330 [grpc-default-executor-1] INFO  impl.RaftServerImpl (RaftServerImpl.java:setRole(184)) - 9d88716d-5d6b-4fd8-b832-a110dc45ee66@group-EE856C9543A1: changes role from  FOLLOWER to FOLLOWER at term 311 for recognizeCandidate:5c3956af-60d3-411f-8c98-c7ed3576de5c
2019-10-16 21:53:30,330 [grpc-default-executor-0] INFO  impl.RoleInfo (RoleInfo.java:shutdownFollowerState(121)) - efb933de-cdd8-4d8d-88d2-4c7ffe0dec1a: shutdown FollowerState
2019-10-16 21:53:30,330 [grpc-default-executor-1] INFO  impl.RoleInfo (RoleInfo.java:shutdownFollowerState(121)) - 9d88716d-5d6b-4fd8-b832-a110dc45ee66: shutdown FollowerState
2019-10-16 21:53:30,330 [grpc-default-executor-0] INFO  impl.RoleInfo (RoleInfo.java:updateAndGet(143)) - efb933de-cdd8-4d8d-88d2-4c7ffe0dec1a: start FollowerState
2019-10-16 21:53:30,330 [Thread-2118] INFO  impl.FollowerState (FollowerState.java:run(117)) - efb933de-cdd8-4d8d-88d2-4c7ffe0dec1a@group-EE856C9543A1-FollowerState was interrupted: java.lang.InterruptedException: sleep interrupted
2019-10-16 21:53:30,330 [Thread-2117] INFO  impl.FollowerState (FollowerState.java:run(117)) - 9d88716d-5d6b-4fd8-b832-a110dc45ee66@group-EE856C9543A1-FollowerState was interrupted: java.lang.InterruptedException: sleep interrupted
2019-10-16 21:53:30,330 [grpc-default-executor-1] INFO  impl.RoleInfo (RoleInfo.java:updateAndGet(143)) - 9d88716d-5d6b-4fd8-b832-a110dc45ee66: start FollowerState
2019-10-16 21:53:30,345 [5c3956af-60d3-411f-8c98-c7ed3576de5c@group-EE856C9543A1-LeaderElection287] INFO  impl.LeaderElection (LeaderElection.java:logAndReturn(56)) - 5c3956af-60d3-411f-8c98-c7ed3576de5c@group-EE856C9543A1-LeaderElection287: Election REJECTED; received 2 response(s) [5c3956af-60d3-411f-8c98-c7ed3576de5c<-efb933de-cdd8-4d8d-88d2-4c7ffe0dec1a#0:FAIL-t311, 5c3956af-60d3-411f-8c98-c7ed3576de5c<-9d88716d-5d6b-4fd8-b832-a110dc45ee66#0:FAIL-t311] and 0 exception(s); 5c3956af-60d3-411f-8c98-c7ed3576de5c@group-EE856C9543A1:t311, leader=null, voted=5c3956af-60d3-411f-8c98-c7ed3576de5c, raftlog=5c3956af-60d3-411f-8c98-c7ed3576de5c@group-EE856C9543A1-SegmentedRaftLog:OPENED:c-1,f-1,i0, conf=-1: [5c3956af-60d3-411f-8c98-c7ed3576de5c:192.168.34.38:33787, efb933de-cdd8-4d8d-88d2-4c7ffe0dec1a:192.168.34.38:42459, 9d88716d-5d6b-4fd8-b832-a110dc45ee66:192.168.34.38:38211], old=null
2019-10-16 21:53:30,345 [5c3956af-60d3-411f-8c98-c7ed3576de5c@group-EE856C9543A1-LeaderElection287] INFO  impl.RaftServerImpl (RaftServerImpl.java:setRole(184)) - 5c3956af-60d3-411f-8c98-c7ed3576de5c@group-EE856C9543A1: changes role from CANDIDATE to FOLLOWER at term 311 for DISCOVERED_A_NEW_TERM
2019-10-16 21:53:30,346 [5c3956af-60d3-411f-8c98-c7ed3576de5c@group-EE856C9543A1-LeaderElection287] INFO  impl.RoleInfo (RoleInfo.java:shutdownLeaderElection(134)) - 5c3956af-60d3-411f-8c98-c7ed3576de5c: shutdown LeaderElection
2019-10-16 21:53:30,346 [5c3956af-60d3-411f-8c98-c7ed3576de5c@group-EE856C9543A1-LeaderElection287] INFO  impl.RoleInfo (RoleInfo.java:updateAndGet(143)) - 5c3956af-60d3-411f-8c98-c7ed3576de5c: start FollowerState
2019-10-16 21:53:30,404 [Thread-2125] INFO  impl.FollowerState (FollowerState.java:run(108)) - 5c3956af-60d3-411f-8c98-c7ed3576de5c@group-EE856C9543A1-FollowerState: change to CANDIDATE, lastRpcTime:58ms, electionTimeout:58ms
2019-10-16 21:53:30,404 [Thread-2125] INFO  impl.RoleInfo (RoleInfo.java:shutdownFollowerState(121)) - 5c3956af-60d3-411f-8c98-c7ed3576de5c: shutdown FollowerState
2019-10-16 21:53:30,404 [Thread-2125] INFO  impl.RaftServerImpl (RaftServerImpl.java:setRole(184)) - 5c3956af-60d3-411f-8c98-c7ed3576de5c@group-EE856C9543A1: changes role from  FOLLOWER to CANDIDATE at term 311 for changeToCandidate
2019-10-16 21:53:30,405 [Thread-2125] INFO  impl.RoleInfo (RoleInfo.java:updateAndGet(143)) - 5c3956af-60d3-411f-8c98-c7ed3576de5c: start LeaderElection
2019-10-16 21:53:30,418 [5c3956af-60d3-411f-8c98-c7ed3576de5c@group-EE856C9543A1-LeaderElection288] INFO  impl.LeaderElection (LeaderElection.java:askForVotes(178)) - 5c3956af-60d3-411f-8c98-c7ed3576de5c@group-EE856C9543A1-LeaderElection288: begin an election at term 312 for -1: [5c3956af-60d3-411f-8c98-c7ed3576de5c:192.168.34.38:33787, efb933de-cdd8-4d8d-88d2-4c7ffe0dec1a:192.168.34.38:42459, 9d88716d-5d6b-4fd8-b832-a110dc45ee66:192.168.34.38:38211], old=null
2019-10-16 21:53:30,420 [grpc-default-executor-1] INFO  impl.RaftServerImpl (RaftServerImpl.java:setRole(184)) - 9d88716d-5d6b-4fd8-b832-a110dc45ee66@group-EE856C9543A1: changes role from  FOLLOWER to FOLLOWER at term 312 for recognizeCandidate:5c3956af-60d3-411f-8c98-c7ed3576de5c
2019-10-16 21:53:30,420 [grpc-default-executor-0] INFO  impl.RaftServerImpl (RaftServerImpl.java:setRole(184)) - efb933de-cdd8-4d8d-88d2-4c7ffe0dec1a@group-EE856C9543A1: changes role from  FOLLOWER to FOLLOWER at term 312 for recognizeCandidate:5c3956af-60d3-411f-8c98-c7ed3576de5c
2019-10-16 21:53:30,421 [grpc-default-executor-1] INFO  impl.RoleInfo (RoleInfo.java:shutdownFollowerState(121)) - 9d88716d-5d6b-4fd8-b832-a110dc45ee66: shutdown FollowerState
2019-10-16 21:53:30,421 [grpc-default-executor-0] INFO  impl.RoleInfo (RoleInfo.java:shutdownFollowerState(121)) - efb933de-cdd8-4d8d-88d2-4c7ffe0dec1a: shutdown FollowerState
2019-10-16 21:53:30,421 [Thread-2124] INFO  impl.FollowerState (FollowerState.java:run(117)) - 9d88716d-5d6b-4fd8-b832-a110dc45ee66@group-EE856C9543A1-FollowerState was interrupted: java.lang.InterruptedException: sleep interrupted
2019-10-16 21:53:30,421 [grpc-default-executor-1] INFO  impl.RoleInfo (RoleInfo.java:updateAndGet(143)) - 9d88716d-5d6b-4fd8-b832-a110dc45ee66: start FollowerState
2019-10-16 21:53:30,421 [Thread-2123] INFO  impl.FollowerState (FollowerState.java:run(117)) - efb933de-cdd8-4d8d-88d2-4c7ffe0dec1a@group-EE856C9543A1-FollowerState was interrupted: java.lang.InterruptedException: sleep interrupted
2019-10-16 21:53:30,421 [grpc-default-executor-0] INFO  impl.RoleInfo (RoleInfo.java:updateAndGet(143)) - efb933de-cdd8-4d8d-88d2-4c7ffe0dec1a: start FollowerState
2019-10-16 21:53:30,430 [5c3956af-60d3-411f-8c98-c7ed3576de5c@group-EE856C9543A1-LeaderElection288] INFO  impl.LeaderElection (LeaderElection.java:logAndReturn(56)) - 5c3956af-60d3-411f-8c98-c7ed3576de5c@group-EE856C9543A1-LeaderElection288: Election TIMEOUT; received 0 response(s) [] and 0 exception(s); 5c3956af-60d3-411f-8c98-c7ed3576de5c@group-EE856C9543A1:t312, leader=null, voted=5c3956af-60d3-411f-8c98-c7ed3576de5c, raftlog=5c3956af-60d3-411f-8c98-c7ed3576de5c@group-EE856C9543A1-SegmentedRaftLog:OPENED:c-1,f-1,i0, conf=-1: [5c3956af-60d3-411f-8c98-c7ed3576de5c:192.168.34.38:33787, efb933de-cdd8-4d8d-88d2-4c7ffe0dec1a:192.168.34.38:42459, 9d88716d-5d6b-4fd8-b832-a110dc45ee66:192.168.34.38:38211], old=null
2019-10-16 21:53:30,434 [5c3956af-60d3-411f-8c98-c7ed3576de5c@group-EE856C9543A1-LeaderElection288] INFO  impl.LeaderElection (LeaderElection.java:askForVotes(178)) - 5c3956af-60d3-411f-8c98-c7ed3576de5c@group-EE856C9543A1-LeaderElection288: begin an election at term 313 for -1: [5c3956af-60d3-411f-8c98-c7ed3576de5c:192.168.34.38:33787, efb933de-cdd8-4d8d-88d2-4c7ffe0dec1a:192.168.34.38:42459, 9d88716d-5d6b-4fd8-b832-a110dc45ee66:192.168.34.38:38211], old=null
2019-10-16 21:53:30,435 [grpc-default-executor-1] INFO  impl.RaftServerImpl (RaftServerImpl.java:setRole(184)) - efb933de-cdd8-4d8d-88d2-4c7ffe0dec1a@group-EE856C9543A1: changes role from  FOLLOWER to FOLLOWER at term 313 for recognizeCandidate:5c3956af-60d3-411f-8c98-c7ed3576de5c
2019-10-16 21:53:30,435 [grpc-default-executor-0] INFO  impl.RaftServerImpl (RaftServerImpl.java:setRole(184)) - 9d88716d-5d6b-4fd8-b832-a110dc45ee66@group-EE856C9543A1: changes role from  FOLLOWER to FOLLOWER at term 313 for recognizeCandidate:5c3956af-60d3-411f-8c98-c7ed3576de5c
2019-10-16 21:53:30,435 [grpc-default-executor-1] INFO  impl.RoleInfo (RoleInfo.java:shutdownFollowerState(121)) - efb933de-cdd8-4d8d-88d2-4c7ffe0dec1a: shutdown FollowerState
2019-10-16 21:53:30,435 [grpc-default-executor-0] INFO  impl.RoleInfo (RoleInfo.java:shutdownFollowerState(121)) - 9d88716d-5d6b-4fd8-b832-a110dc45ee66: shutdown FollowerState
2019-10-16 21:53:30,436 [Thread-2130] INFO  impl.FollowerState (FollowerState.java:run(117)) - efb933de-cdd8-4d8d-88d2-4c7ffe0dec1a@group-EE856C9543A1-FollowerState was interrupted: java.lang.InterruptedException: sleep interrupted
2019-10-16 21:53:30,436 [grpc-default-executor-1] INFO  impl.RoleInfo (RoleInfo.java:updateAndGet(143)) - efb933de-cdd8-4d8d-88d2-4c7ffe0dec1a: start FollowerState
2019-10-16 21:53:30,436 [grpc-default-executor-0] INFO  impl.RoleInfo (RoleInfo.java:updateAndGet(143)) - 9d88716d-5d6b-4fd8-b832-a110dc45ee66: start FollowerState
2019-10-16 21:53:30,436 [Thread-2129] INFO  impl.FollowerState (FollowerState.java:run(117)) - 9d88716d-5d6b-4fd8-b832-a110dc45ee66@group-EE856C9543A1-FollowerState was interrupted: java.lang.InterruptedException: sleep interrupted
2019-10-16 21:53:30,446 [5c3956af-60d3-411f-8c98-c7ed3576de5c@group-EE856C9543A1-LeaderElection288] INFO  impl.LeaderElection (LeaderElection.java:logAndReturn(56)) - 5c3956af-60d3-411f-8c98-c7ed3576de5c@group-EE856C9543A1-LeaderElection288: Election REJECTED; received 2 response(s) [5c3956af-60d3-411f-8c98-c7ed3576de5c<-efb933de-cdd8-4d8d-88d2-4c7ffe0dec1a#0:FAIL-t313, 5c3956af-60d3-411f-8c98-c7ed3576de5c<-9d88716d-5d6b-4fd8-b832-a110dc45ee66#0:FAIL-t313] and 0 exception(s); 5c3956af-60d3-411f-8c98-c7ed3576de5c@group-EE856C9543A1:t313, leader=null, voted=5c3956af-60d3-411f-8c98-c7ed3576de5c, raftlog=5c3956af-60d3-411f-8c98-c7ed3576de5c@group-EE856C9543A1-SegmentedRaftLog:OPENED:c-1,f-1,i0, conf=-1: [5c3956af-60d3-411f-8c98-c7ed3576de5c:192.168.34.38:33787, efb933de-cdd8-4d8d-88d2-4c7ffe0dec1a:192.168.34.38:42459, 9d88716d-5d6b-4fd8-b832-a110dc45ee66:192.168.34.38:38211], old=null
2019-10-16 21:53:30,446 [5c3956af-60d3-411f-8c98-c7ed3576de5c@group-EE856C9543A1-LeaderElection288] INFO  impl.RaftServerImpl (RaftServerImpl.java:setRole(184)) - 5c3956af-60d3-411f-8c98-c7ed3576de5c@group-EE856C9543A1: changes role from CANDIDATE to FOLLOWER at term 313 for DISCOVERED_A_NEW_TERM
2019-10-16 21:53:30,446 [5c3956af-60d3-411f-8c98-c7ed3576de5c@group-EE856C9543A1-LeaderElection288] INFO  impl.RoleInfo (RoleInfo.java:shutdownLeaderElection(134)) - 5c3956af-60d3-411f-8c98-c7ed3576de5c: shutdown LeaderElection
2019-10-16 21:53:30,446 [5c3956af-60d3-411f-8c98-c7ed3576de5c@group-EE856C9543A1-LeaderElection288] INFO  impl.RoleInfo (RoleInfo.java:updateAndGet(143)) - 5c3956af-60d3-411f-8c98-c7ed3576de5c: start FollowerState
2019-10-16 21:53:30,477 [Thread-2135] INFO  impl.FollowerState (FollowerState.java:run(108)) - 5c3956af-60d3-411f-8c98-c7ed3576de5c@group-EE856C9543A1-FollowerState: change to CANDIDATE, lastRpcTime:31ms, electionTimeout:31ms
2019-10-16 21:53:30,478 [Thread-2135] INFO  impl.RoleInfo (RoleInfo.java:shutdownFollowerState(121)) - 5c3956af-60d3-411f-8c98-c7ed3576de5c: shutdown FollowerState
2019-10-16 21:53:30,478 [Thread-2135] INFO  impl.RaftServerImpl (RaftServerImpl.java:setRole(184)) - 5c3956af-60d3-411f-8c98-c7ed3576de5c@group-EE856C9543A1: changes role from  FOLLOWER to CANDIDATE at term 313 for changeToCandidate
2019-10-16 21:53:30,478 [Thread-2135] INFO  impl.RoleInfo (RoleInfo.java:updateAndGet(143)) - 5c3956af-60d3-411f-8c98-c7ed3576de5c: start LeaderElection
2019-10-16 21:53:30,491 [5c3956af-60d3-411f-8c98-c7ed3576de5c@group-EE856C9543A1-LeaderElection289] INFO  impl.LeaderElection (LeaderElection.java:askForVotes(178)) - 5c3956af-60d3-411f-8c98-c7ed3576de5c@group-EE856C9543A1-LeaderElection289: begin an election at term 314 for -1: [5c3956af-60d3-411f-8c98-c7ed3576de5c:192.168.34.38:33787, efb933de-cdd8-4d8d-88d2-4c7ffe0dec1a:192.168.34.38:42459, 9d88716d-5d6b-4fd8-b832-a110dc45ee66:192.168.34.38:38211], old=null
2019-10-16 21:53:30,493 [grpc-default-executor-1] INFO  impl.RaftServerImpl (RaftServerImpl.java:setRole(184)) - efb933de-cdd8-4d8d-88d2-4c7ffe0dec1a@group-EE856C9543A1: changes role from  FOLLOWER to FOLLOWER at term 314 for recognizeCandidate:5c3956af-60d3-411f-8c98-c7ed3576de5c
2019-10-16 21:53:30,493 [grpc-default-executor-0] INFO  impl.RaftServerImpl (RaftServerImpl.java:setRole(184)) - 9d88716d-5d6b-4fd8-b832-a110dc45ee66@group-EE856C9543A1: changes role from  FOLLOWER to FOLLOWER at term 314 for recognizeCandidate:5c3956af-60d3-411f-8c98-c7ed3576de5c
2019-10-16 21:53:30,493 [grpc-default-executor-1] INFO  impl.RoleInfo (RoleInfo.java:shutdownFollowerState(121)) - efb933de-cdd8-4d8d-88d2-4c7ffe0dec1a: shutdown FollowerState
2019-10-16 21:53:30,493 [grpc-default-executor-0] INFO  impl.RoleInfo (RoleInfo.java:shutdownFollowerState(121)) - 9d88716d-5d6b-4fd8-b832-a110dc45ee66: shutdown FollowerState
2019-10-16 21:53:30,493 [grpc-default-executor-1] INFO  impl.RoleInfo (RoleInfo.java:updateAndGet(143)) - efb933de-cdd8-4d8d-88d2-4c7ffe0dec1a: start FollowerState
2019-10-16 21:53:30,494 [Thread-2133] INFO  impl.FollowerState (FollowerState.java:run(117)) - efb933de-cdd8-4d8d-88d2-4c7ffe0dec1a@group-EE856C9543A1-FollowerState was interrupted: java.lang.InterruptedException: sleep interrupted
2019-10-16 21:53:30,494 [grpc-default-executor-0] INFO  impl.RoleInfo (RoleInfo.java:updateAndGet(143)) - 9d88716d-5d6b-4fd8-b832-a110dc45ee66: start FollowerState
2019-10-16 21:53:30,494 [Thread-2134] INFO  impl.FollowerState (FollowerState.java:run(117)) - 9d88716d-5d6b-4fd8-b832-a110dc45ee66@group-EE856C9543A1-FollowerState was interrupted: java.lang.InterruptedException: sleep interrupted
2019-10-16 21:53:30,508 [5c3956af-60d3-411f-8c98-c7ed3576de5c@group-EE856C9543A1-LeaderElection289] INFO  impl.LeaderElection (LeaderElection.java:logAndReturn(56)) - 5c3956af-60d3-411f-8c98-c7ed3576de5c@group-EE856C9543A1-LeaderElection289: Election REJECTED; received 2 response(s) [5c3956af-60d3-411f-8c98-c7ed3576de5c<-efb933de-cdd8-4d8d-88d2-4c7ffe0dec1a#0:FAIL-t314, 5c3956af-60d3-411f-8c98-c7ed3576de5c<-9d88716d-5d6b-4fd8-b832-a110dc45ee66#0:FAIL-t314] and 0 exception(s); 5c3956af-60d3-411f-8c98-c7ed3576de5c@group-EE856C9543A1:t314, leader=null, voted=5c3956af-60d3-411f-8c98-c7ed3576de5c, raftlog=5c3956af-60d3-411f-8c98-c7ed3576de5c@group-EE856C9543A1-SegmentedRaftLog:OPENED:c-1,f-1,i0, conf=-1: [5c3956af-60d3-411f-8c98-c7ed3576de5c:192.168.34.38:33787, efb933de-cdd8-4d8d-88d2-4c7ffe0dec1a:192.168.34.38:42459, 9d88716d-5d6b-4fd8-b832-a110dc45ee66:192.168.34.38:38211], old=null
2019-10-16 21:53:30,508 [5c3956af-60d3-411f-8c98-c7ed3576de5c@group-EE856C9543A1-LeaderElection289] INFO  impl.RaftServerImpl (RaftServerImpl.java:setRole(184)) - 5c3956af-60d3-411f-8c98-c7ed3576de5c@group-EE856C9543A1: changes role from CANDIDATE to FOLLOWER at term 314 for DISCOVERED_A_NEW_TERM
2019-10-16 21:53:30,508 [5c3956af-60d3-411f-8c98-c7ed3576de5c@group-EE856C9543A1-LeaderElection289] INFO  impl.RoleInfo (RoleInfo.java:shutdownLeaderElection(134)) - 5c3956af-60d3-411f-8c98-c7ed3576de5c: shutdown LeaderElection
2019-10-16 21:53:30,508 [5c3956af-60d3-411f-8c98-c7ed3576de5c@group-EE856C9543A1-LeaderElection289] INFO  impl.RoleInfo (RoleInfo.java:updateAndGet(143)) - 5c3956af-60d3-411f-8c98-c7ed3576de5c: start FollowerState
2019-10-16 21:53:30,612 [Thread-2141] INFO  impl.FollowerState (FollowerState.java:run(108)) - 5c3956af-60d3-411f-8c98-c7ed3576de5c@group-EE856C9543A1-FollowerState: change to CANDIDATE, lastRpcTime:103ms, electionTimeout:103ms
2019-10-16 21:53:30,612 [Thread-2141] INFO  impl.RoleInfo (RoleInfo.java:shutdownFollowerState(121)) - 5c3956af-60d3-411f-8c98-c7ed3576de5c: shutdown FollowerState
2019-10-16 21:53:30,612 [Thread-2141] INFO  impl.RaftServerImpl (RaftServerImpl.java:setRole(184)) - 5c3956af-60d3-411f-8c98-c7ed3576de5c@group-EE856C9543A1: changes role from  FOLLOWER to CANDIDATE at term 314 for changeToCandidate
2019-10-16 21:53:30,612 [Thread-2141] INFO  impl.RoleInfo (RoleInfo.java:updateAndGet(143)) - 5c3956af-60d3-411f-8c98-c7ed3576de5c: start LeaderElection
2019-10-16 21:53:30,626 [5c3956af-60d3-411f-8c98-c7ed3576de5c@group-EE856C9543A1-LeaderElection290] INFO  impl.LeaderElection (LeaderElection.java:askForVotes(178)) - 5c3956af-60d3-411f-8c98-c7ed3576de5c@group-EE856C9543A1-LeaderElection290: begin an election at term 315 for -1: [5c3956af-60d3-411f-8c98-c7ed3576de5c:192.168.34.38:33787, efb933de-cdd8-4d8d-88d2-4c7ffe0dec1a:192.168.34.38:42459, 9d88716d-5d6b-4fd8-b832-a110dc45ee66:192.168.34.38:38211], old=null
2019-10-16 21:53:30,628 [grpc-default-executor-1] INFO  impl.RaftServerImpl (RaftServerImpl.java:setRole(184)) - efb933de-cdd8-4d8d-88d2-4c7ffe0dec1a@group-EE856C9543A1: changes role from  FOLLOWER to FOLLOWER at term 315 for recognizeCandidate:5c3956af-60d3-411f-8c98-c7ed3576de5c
2019-10-16 21:53:30,628 [grpc-default-executor-1] INFO  impl.RoleInfo (RoleInfo.java:shutdownFollowerState(121)) - efb933de-cdd8-4d8d-88d2-4c7ffe0dec1a: shutdown FollowerState
2019-10-16 21:53:30,628 [grpc-default-executor-0] INFO  impl.RaftServerImpl (RaftServerImpl.java:setRole(184)) - 9d88716d-5d6b-4fd8-b832-a110dc45ee66@group-EE856C9543A1: changes role from  FOLLOWER to FOLLOWER at term 315 for recognizeCandidate:5c3956af-60d3-411f-8c98-c7ed3576de5c
2019-10-16 21:53:30,629 [grpc-default-executor-0] INFO  impl.RoleInfo (RoleInfo.java:shutdownFollowerState(121)) - 9d88716d-5d6b-4fd8-b832-a110dc45ee66: shutdown FollowerState
2019-10-16 21:53:30,628 [Thread-2139] INFO  impl.FollowerState (FollowerState.java:run(117)) - efb933de-cdd8-4d8d-88d2-4c7ffe0dec1a@group-EE856C9543A1-FollowerState was interrupted: java.lang.InterruptedException: sleep interrupted
2019-10-16 21:53:30,628 [grpc-default-executor-1] INFO  impl.RoleInfo (RoleInfo.java:updateAndGet(143)) - efb933de-cdd8-4d8d-88d2-4c7ffe0dec1a: start FollowerState
2019-10-16 21:53:30,629 [grpc-default-executor-0] INFO  impl.RoleInfo (RoleInfo.java:updateAndGet(143)) - 9d88716d-5d6b-4fd8-b832-a110dc45ee66: start FollowerState
2019-10-16 21:53:30,629 [Thread-2140] INFO  impl.FollowerState (FollowerState.java:run(117)) - 9d88716d-5d6b-4fd8-b832-a110dc45ee66@group-EE856C9543A1-FollowerState was interrupted: java.lang.InterruptedException: sleep interrupted
2019-10-16 21:53:30,640 [JUnit] INFO  ozone.MiniOzoneClusterImpl (MiniOzoneClusterImpl.java:lambda$waitForClusterToBeReady$2(164)) - Waiting for 1 number of pipelines out of 6, to report a leader.
2019-10-16 21:53:30,644 [5c3956af-60d3-411f-8c98-c7ed3576de5c@group-EE856C9543A1-LeaderElection290] INFO  impl.LeaderElection (LeaderElection.java:logAndReturn(56)) - 5c3956af-60d3-411f-8c98-c7ed3576de5c@group-EE856C9543A1-LeaderElection290: Election REJECTED; received 2 response(s) [5c3956af-60d3-411f-8c98-c7ed3576de5c<-efb933de-cdd8-4d8d-88d2-4c7ffe0dec1a#0:FAIL-t315, 5c3956af-60d3-411f-8c98-c7ed3576de5c<-9d88716d-5d6b-4fd8-b832-a110dc45ee66#0:FAIL-t315] and 0 exception(s); 5c3956af-60d3-411f-8c98-c7ed3576de5c@group-EE856C9543A1:t315, leader=null, voted=5c3956af-60d3-411f-8c98-c7ed3576de5c, raftlog=5c3956af-60d3-411f-8c98-c7ed3576de5c@group-EE856C9543A1-SegmentedRaftLog:OPENED:c-1,f-1,i0, conf=-1: [5c3956af-60d3-411f-8c98-c7ed3576de5c:192.168.34.38:33787, efb933de-cdd8-4d8d-88d2-4c7ffe0dec1a:192.168.34.38:42459, 9d88716d-5d6b-4fd8-b832-a110dc45ee66:192.168.34.38:38211], old=null
2019-10-16 21:53:30,644 [5c3956af-60d3-411f-8c98-c7ed3576de5c@group-EE856C9543A1-LeaderElection290] INFO  impl.RaftServerImpl (RaftServerImpl.java:setRole(184)) - 5c3956af-60d3-411f-8c98-c7ed3576de5c@group-EE856C9543A1: changes role from CANDIDATE to FOLLOWER at term 315 for DISCOVERED_A_NEW_TERM
2019-10-16 21:53:30,644 [5c3956af-60d3-411f-8c98-c7ed3576de5c@group-EE856C9543A1-LeaderElection290] INFO  impl.RoleInfo (RoleInfo.java:shutdownLeaderElection(134)) - 5c3956af-60d3-411f-8c98-c7ed3576de5c: shutdown LeaderElection
2019-10-16 21:53:30,644 [5c3956af-60d3-411f-8c98-c7ed3576de5c@group-EE856C9543A1-LeaderElection290] INFO  impl.RoleInfo (RoleInfo.java:updateAndGet(143)) - 5c3956af-60d3-411f-8c98-c7ed3576de5c: start FollowerState
2019-10-16 21:53:30,687 [Thread-2147] INFO  impl.FollowerState (FollowerState.java:run(108)) - 5c3956af-60d3-411f-8c98-c7ed3576de5c@group-EE856C9543A1-FollowerState: change to CANDIDATE, lastRpcTime:42ms, electionTimeout:42ms
2019-10-16 21:53:30,687 [Thread-2147] INFO  impl.RoleInfo (RoleInfo.java:shutdownFollowerState(121)) - 5c3956af-60d3-411f-8c98-c7ed3576de5c: shutdown FollowerState
2019-10-16 21:53:30,687 [Thread-2147] INFO  impl.RaftServerImpl (RaftServerImpl.java:setRole(184)) - 5c3956af-60d3-411f-8c98-c7ed3576de5c@group-EE856C9543A1: changes role from  FOLLOWER to CANDIDATE at term 315 for changeToCandidate
2019-10-16 21:53:30,687 [Thread-2147] INFO  impl.RoleInfo (RoleInfo.java:updateAndGet(143)) - 5c3956af-60d3-411f-8c98-c7ed3576de5c: start LeaderElection
2019-10-16 21:53:30,708 [5c3956af-60d3-411f-8c98-c7ed3576de5c@group-EE856C9543A1-LeaderElection291] INFO  impl.LeaderElection (LeaderElection.java:askForVotes(178)) - 5c3956af-60d3-411f-8c98-c7ed3576de5c@group-EE856C9543A1-LeaderElection291: begin an election at term 316 for -1: [5c3956af-60d3-411f-8c98-c7ed3576de5c:192.168.34.38:33787, efb933de-cdd8-4d8d-88d2-4c7ffe0dec1a:192.168.34.38:42459, 9d88716d-5d6b-4fd8-b832-a110dc45ee66:192.168.34.38:38211], old=null
2019-10-16 21:53:30,710 [grpc-default-executor-1] INFO  impl.RaftServerImpl (RaftServerImpl.java:setRole(184)) - 9d88716d-5d6b-4fd8-b832-a110dc45ee66@group-EE856C9543A1: changes role from  FOLLOWER to FOLLOWER at term 316 for recognizeCandidate:5c3956af-60d3-411f-8c98-c7ed3576de5c
2019-10-16 21:53:30,710 [grpc-default-executor-0] INFO  impl.RaftServerImpl (RaftServerImpl.java:setRole(184)) - efb933de-cdd8-4d8d-88d2-4c7ffe0dec1a@group-EE856C9543A1: changes role from  FOLLOWER to FOLLOWER at term 316 for recognizeCandidate:5c3956af-60d3-411f-8c98-c7ed3576de5c
2019-10-16 21:53:30,710 [grpc-default-executor-1] INFO  impl.RoleInfo (RoleInfo.java:shutdownFollowerState(121)) - 9d88716d-5d6b-4fd8-b832-a110dc45ee66: shutdown FollowerState
2019-10-16 21:53:30,711 [grpc-default-executor-0] INFO  impl.RoleInfo (RoleInfo.java:shutdownFollowerState(121)) - efb933de-cdd8-4d8d-88d2-4c7ffe0dec1a: shutdown FollowerState
2019-10-16 21:53:30,711 [Thread-2146] INFO  impl.FollowerState (FollowerState.java:run(117)) - 9d88716d-5d6b-4fd8-b832-a110dc45ee66@group-EE856C9543A1-FollowerState was interrupted: java.lang.InterruptedException: sleep interrupted
2019-10-16 21:53:30,711 [grpc-default-executor-1] INFO  impl.RoleInfo (RoleInfo.java:updateAndGet(143)) - 9d88716d-5d6b-4fd8-b832-a110dc45ee66: start FollowerState
2019-10-16 21:53:30,711 [Thread-2145] INFO  impl.FollowerState (FollowerState.java:run(117)) - efb933de-cdd8-4d8d-88d2-4c7ffe0dec1a@group-EE856C9543A1-FollowerState was interrupted: java.lang.InterruptedException: sleep interrupted
2019-10-16 21:53:30,711 [grpc-default-executor-0] INFO  impl.RoleInfo (RoleInfo.java:updateAndGet(143)) - efb933de-cdd8-4d8d-88d2-4c7ffe0dec1a: start FollowerState
2019-10-16 21:53:30,729 [5c3956af-60d3-411f-8c98-c7ed3576de5c@group-EE856C9543A1-LeaderElection291] INFO  impl.LeaderElection (LeaderElection.java:logAndReturn(56)) - 5c3956af-60d3-411f-8c98-c7ed3576de5c@group-EE856C9543A1-LeaderElection291: Election REJECTED; received 2 response(s) [5c3956af-60d3-411f-8c98-c7ed3576de5c<-efb933de-cdd8-4d8d-88d2-4c7ffe0dec1a#0:FAIL-t316, 5c3956af-60d3-411f-8c98-c7ed3576de5c<-9d88716d-5d6b-4fd8-b832-a110dc45ee66#0:FAIL-t316] and 0 exception(s); 5c3956af-60d3-411f-8c98-c7ed3576de5c@group-EE856C9543A1:t316, leader=null, voted=5c3956af-60d3-411f-8c98-c7ed3576de5c, raftlog=5c3956af-60d3-411f-8c98-c7ed3576de5c@group-EE856C9543A1-SegmentedRaftLog:OPENED:c-1,f-1,i0, conf=-1: [5c3956af-60d3-411f-8c98-c7ed3576de5c:192.168.34.38:33787, efb933de-cdd8-4d8d-88d2-4c7ffe0dec1a:192.168.34.38:42459, 9d88716d-5d6b-4fd8-b832-a110dc45ee66:192.168.34.38:38211], old=null
2019-10-16 21:53:30,729 [5c3956af-60d3-411f-8c98-c7ed3576de5c@group-EE856C9543A1-LeaderElection291] INFO  impl.RaftServerImpl (RaftServerImpl.java:setRole(184)) - 5c3956af-60d3-411f-8c98-c7ed3576de5c@group-EE856C9543A1: changes role from CANDIDATE to FOLLOWER at term 316 for DISCOVERED_A_NEW_TERM
2019-10-16 21:53:30,729 [5c3956af-60d3-411f-8c98-c7ed3576de5c@group-EE856C9543A1-LeaderElection291] INFO  impl.RoleInfo (RoleInfo.java:shutdownLeaderElection(134)) - 5c3956af-60d3-411f-8c98-c7ed3576de5c: shutdown LeaderElection
2019-10-16 21:53:30,729 [5c3956af-60d3-411f-8c98-c7ed3576de5c@group-EE856C9543A1-LeaderElection291] INFO  impl.RoleInfo (RoleInfo.java:updateAndGet(143)) - 5c3956af-60d3-411f-8c98-c7ed3576de5c: start FollowerState
2019-10-16 21:53:30,763 [Thread-2153] INFO  impl.FollowerState (FollowerState.java:run(108)) - 5c3956af-60d3-411f-8c98-c7ed3576de5c@group-EE856C9543A1-FollowerState: change to CANDIDATE, lastRpcTime:34ms, electionTimeout:34ms
2019-10-16 21:53:30,763 [Thread-2153] INFO  impl.RoleInfo (RoleInfo.java:shutdownFollowerState(121)) - 5c3956af-60d3-411f-8c98-c7ed3576de5c: shutdown FollowerState
2019-10-16 21:53:30,764 [Thread-2153] INFO  impl.RaftServerImpl (RaftServerImpl.java:setRole(184)) - 5c3956af-60d3-411f-8c98-c7ed3576de5c@group-EE856C9543A1: changes role from  FOLLOWER to CANDIDATE at term 316 for changeToCandidate
2019-10-16 21:53:30,764 [Thread-2153] INFO  impl.RoleInfo (RoleInfo.java:updateAndGet(143)) - 5c3956af-60d3-411f-8c98-c7ed3576de5c: start LeaderElection
2019-10-16 21:53:30,778 [5c3956af-60d3-411f-8c98-c7ed3576de5c@group-EE856C9543A1-LeaderElection292] INFO  impl.LeaderElection (LeaderElection.java:askForVotes(178)) - 5c3956af-60d3-411f-8c98-c7ed3576de5c@group-EE856C9543A1-LeaderElection292: begin an election at term 317 for -1: [5c3956af-60d3-411f-8c98-c7ed3576de5c:192.168.34.38:33787, efb933de-cdd8-4d8d-88d2-4c7ffe0dec1a:192.168.34.38:42459, 9d88716d-5d6b-4fd8-b832-a110dc45ee66:192.168.34.38:38211], old=null
2019-10-16 21:53:30,780 [grpc-default-executor-0] INFO  impl.RaftServerImpl (RaftServerImpl.java:setRole(184)) - efb933de-cdd8-4d8d-88d2-4c7ffe0dec1a@group-EE856C9543A1: changes role from  FOLLOWER to FOLLOWER at term 317 for recognizeCandidate:5c3956af-60d3-411f-8c98-c7ed3576de5c
2019-10-16 21:53:30,780 [grpc-default-executor-0] INFO  impl.RoleInfo (RoleInfo.java:shutdownFollowerState(121)) - efb933de-cdd8-4d8d-88d2-4c7ffe0dec1a: shutdown FollowerState
2019-10-16 21:53:30,780 [grpc-default-executor-1] INFO  impl.RaftServerImpl (RaftServerImpl.java:setRole(184)) - 9d88716d-5d6b-4fd8-b832-a110dc45ee66@group-EE856C9543A1: changes role from  FOLLOWER to FOLLOWER at term 317 for recognizeCandidate:5c3956af-60d3-411f-8c98-c7ed3576de5c
2019-10-16 21:53:30,780 [grpc-default-executor-0] INFO  impl.RoleInfo (RoleInfo.java:updateAndGet(143)) - efb933de-cdd8-4d8d-88d2-4c7ffe0dec1a: start FollowerState
2019-10-16 21:53:30,780 [Thread-2152] INFO  impl.FollowerState (FollowerState.java:run(117)) - efb933de-cdd8-4d8d-88d2-4c7ffe0dec1a@group-EE856C9543A1-FollowerState was interrupted: java.lang.InterruptedException: sleep interrupted
2019-10-16 21:53:30,780 [grpc-default-executor-1] INFO  impl.RoleInfo (RoleInfo.java:shutdownFollowerState(121)) - 9d88716d-5d6b-4fd8-b832-a110dc45ee66: shutdown FollowerState
2019-10-16 21:53:30,781 [Thread-2151] INFO  impl.FollowerState (FollowerState.java:run(117)) - 9d88716d-5d6b-4fd8-b832-a110dc45ee66@group-EE856C9543A1-FollowerState was interrupted: java.lang.InterruptedException: sleep interrupted
2019-10-16 21:53:30,781 [grpc-default-executor-1] INFO  impl.RoleInfo (RoleInfo.java:updateAndGet(143)) - 9d88716d-5d6b-4fd8-b832-a110dc45ee66: start FollowerState
2019-10-16 21:53:30,795 [5c3956af-60d3-411f-8c98-c7ed3576de5c@group-EE856C9543A1-LeaderElection292] INFO  impl.LeaderElection (LeaderElection.java:logAndReturn(56)) - 5c3956af-60d3-411f-8c98-c7ed3576de5c@group-EE856C9543A1-LeaderElection292: Election REJECTED; received 2 response(s) [5c3956af-60d3-411f-8c98-c7ed3576de5c<-efb933de-cdd8-4d8d-88d2-4c7ffe0dec1a#0:FAIL-t317, 5c3956af-60d3-411f-8c98-c7ed3576de5c<-9d88716d-5d6b-4fd8-b832-a110dc45ee66#0:FAIL-t317] and 0 exception(s); 5c3956af-60d3-411f-8c98-c7ed3576de5c@group-EE856C9543A1:t317, leader=null, voted=5c3956af-60d3-411f-8c98-c7ed3576de5c, raftlog=5c3956af-60d3-411f-8c98-c7ed3576de5c@group-EE856C9543A1-SegmentedRaftLog:OPENED:c-1,f-1,i0, conf=-1: [5c3956af-60d3-411f-8c98-c7ed3576de5c:192.168.34.38:33787, efb933de-cdd8-4d8d-88d2-4c7ffe0dec1a:192.168.34.38:42459, 9d88716d-5d6b-4fd8-b832-a110dc45ee66:192.168.34.38:38211], old=null
2019-10-16 21:53:30,795 [5c3956af-60d3-411f-8c98-c7ed3576de5c@group-EE856C9543A1-LeaderElection292] INFO  impl.RaftServerImpl (RaftServerImpl.java:setRole(184)) - 5c3956af-60d3-411f-8c98-c7ed3576de5c@group-EE856C9543A1: changes role from CANDIDATE to FOLLOWER at term 317 for DISCOVERED_A_NEW_TERM
2019-10-16 21:53:30,795 [5c3956af-60d3-411f-8c98-c7ed3576de5c@group-EE856C9543A1-LeaderElection292] INFO  impl.RoleInfo (RoleInfo.java:shutdownLeaderElection(134)) - 5c3956af-60d3-411f-8c98-c7ed3576de5c: shutdown LeaderElection
2019-10-16 21:53:30,795 [5c3956af-60d3-411f-8c98-c7ed3576de5c@group-EE856C9543A1-LeaderElection292] INFO  impl.RoleInfo (RoleInfo.java:updateAndGet(143)) - 5c3956af-60d3-411f-8c98-c7ed3576de5c: start FollowerState
2019-10-16 21:53:30,945 [Thread-2159] INFO  impl.FollowerState (FollowerState.java:run(108)) - 5c3956af-60d3-411f-8c98-c7ed3576de5c@group-EE856C9543A1-FollowerState: change to CANDIDATE, lastRpcTime:150ms, electionTimeout:150ms
2019-10-16 21:53:30,946 [Thread-2159] INFO  impl.RoleInfo (RoleInfo.java:shutdownFollowerState(121)) - 5c3956af-60d3-411f-8c98-c7ed3576de5c: shutdown FollowerState
2019-10-16 21:53:30,946 [Thread-2159] INFO  impl.RaftServerImpl (RaftServerImpl.java:setRole(184)) - 5c3956af-60d3-411f-8c98-c7ed3576de5c@group-EE856C9543A1: changes role from  FOLLOWER to CANDIDATE at term 317 for changeToCandidate
2019-10-16 21:53:30,946 [Thread-2159] INFO  impl.RoleInfo (RoleInfo.java:updateAndGet(143)) - 5c3956af-60d3-411f-8c98-c7ed3576de5c: start LeaderElection
2019-10-16 21:53:30,960 [5c3956af-60d3-411f-8c98-c7ed3576de5c@group-EE856C9543A1-LeaderElection293] INFO  impl.LeaderElection (LeaderElection.java:askForVotes(178)) - 5c3956af-60d3-411f-8c98-c7ed3576de5c@group-EE856C9543A1-LeaderElection293: begin an election at term 318 for -1: [5c3956af-60d3-411f-8c98-c7ed3576de5c:192.168.34.38:33787, efb933de-cdd8-4d8d-88d2-4c7ffe0dec1a:192.168.34.38:42459, 9d88716d-5d6b-4fd8-b832-a110dc45ee66:192.168.34.38:38211], old=null
2019-10-16 21:53:30,962 [grpc-default-executor-1] INFO  impl.RaftServerImpl (RaftServerImpl.java:setRole(184)) - 9d88716d-5d6b-4fd8-b832-a110dc45ee66@group-EE856C9543A1: changes role from  FOLLOWER to FOLLOWER at term 318 for recognizeCandidate:5c3956af-60d3-411f-8c98-c7ed3576de5c
2019-10-16 21:53:30,962 [grpc-default-executor-0] INFO  impl.RaftServerImpl (RaftServerImpl.java:setRole(184)) - efb933de-cdd8-4d8d-88d2-4c7ffe0dec1a@group-EE856C9543A1: changes role from  FOLLOWER to FOLLOWER at term 318 for recognizeCandidate:5c3956af-60d3-411f-8c98-c7ed3576de5c
2019-10-16 21:53:30,962 [grpc-default-executor-1] INFO  impl.RoleInfo (RoleInfo.java:shutdownFollowerState(121)) - 9d88716d-5d6b-4fd8-b832-a110dc45ee66: shutdown FollowerState
2019-10-16 21:53:30,962 [grpc-default-executor-0] INFO  impl.RoleInfo (RoleInfo.java:shutdownFollowerState(121)) - efb933de-cdd8-4d8d-88d2-4c7ffe0dec1a: shutdown FollowerState
2019-10-16 21:53:30,963 [Thread-2158] INFO  impl.FollowerState (FollowerState.java:run(117)) - 9d88716d-5d6b-4fd8-b832-a110dc45ee66@group-EE856C9543A1-FollowerState was interrupted: java.lang.InterruptedException: sleep interrupted
2019-10-16 21:53:30,963 [grpc-default-executor-1] INFO  impl.RoleInfo (RoleInfo.java:updateAndGet(143)) - 9d88716d-5d6b-4fd8-b832-a110dc45ee66: start FollowerState
2019-10-16 21:53:30,963 [Thread-2157] INFO  impl.FollowerState (FollowerState.java:run(117)) - efb933de-cdd8-4d8d-88d2-4c7ffe0dec1a@group-EE856C9543A1-FollowerState was interrupted: java.lang.InterruptedException: sleep interrupted
2019-10-16 21:53:30,963 [grpc-default-executor-0] INFO  impl.RoleInfo (RoleInfo.java:updateAndGet(143)) - efb933de-cdd8-4d8d-88d2-4c7ffe0dec1a: start FollowerState
2019-10-16 21:53:30,976 [5c3956af-60d3-411f-8c98-c7ed3576de5c@group-EE856C9543A1-LeaderElection293] INFO  impl.LeaderElection (LeaderElection.java:logAndReturn(56)) - 5c3956af-60d3-411f-8c98-c7ed3576de5c@group-EE856C9543A1-LeaderElection293: Election REJECTED; received 2 response(s) [5c3956af-60d3-411f-8c98-c7ed3576de5c<-efb933de-cdd8-4d8d-88d2-4c7ffe0dec1a#0:FAIL-t318, 5c3956af-60d3-411f-8c98-c7ed3576de5c<-9d88716d-5d6b-4fd8-b832-a110dc45ee66#0:FAIL-t318] and 0 exception(s); 5c3956af-60d3-411f-8c98-c7ed3576de5c@group-EE856C9543A1:t318, leader=null, voted=5c3956af-60d3-411f-8c98-c7ed3576de5c, raftlog=5c3956af-60d3-411f-8c98-c7ed3576de5c@group-EE856C9543A1-SegmentedRaftLog:OPENED:c-1,f-1,i0, conf=-1: [5c3956af-60d3-411f-8c98-c7ed3576de5c:192.168.34.38:33787, efb933de-cdd8-4d8d-88d2-4c7ffe0dec1a:192.168.34.38:42459, 9d88716d-5d6b-4fd8-b832-a110dc45ee66:192.168.34.38:38211], old=null
2019-10-16 21:53:30,977 [5c3956af-60d3-411f-8c98-c7ed3576de5c@group-EE856C9543A1-LeaderElection293] INFO  impl.RaftServerImpl (RaftServerImpl.java:setRole(184)) - 5c3956af-60d3-411f-8c98-c7ed3576de5c@group-EE856C9543A1: changes role from CANDIDATE to FOLLOWER at term 318 for DISCOVERED_A_NEW_TERM
2019-10-16 21:53:30,977 [5c3956af-60d3-411f-8c98-c7ed3576de5c@group-EE856C9543A1-LeaderElection293] INFO  impl.RoleInfo (RoleInfo.java:shutdownLeaderElection(134)) - 5c3956af-60d3-411f-8c98-c7ed3576de5c: shutdown LeaderElection
2019-10-16 21:53:30,977 [5c3956af-60d3-411f-8c98-c7ed3576de5c@group-EE856C9543A1-LeaderElection293] INFO  impl.RoleInfo (RoleInfo.java:updateAndGet(143)) - 5c3956af-60d3-411f-8c98-c7ed3576de5c: start FollowerState
2019-10-16 21:53:31,098 [Thread-2165] INFO  impl.FollowerState (FollowerState.java:run(108)) - 5c3956af-60d3-411f-8c98-c7ed3576de5c@group-EE856C9543A1-FollowerState: change to CANDIDATE, lastRpcTime:121ms, electionTimeout:121ms
2019-10-16 21:53:31,098 [Thread-2165] INFO  impl.RoleInfo (RoleInfo.java:shutdownFollowerState(121)) - 5c3956af-60d3-411f-8c98-c7ed3576de5c: shutdown FollowerState
2019-10-16 21:53:31,099 [Thread-2165] INFO  impl.RaftServerImpl (RaftServerImpl.java:setRole(184)) - 5c3956af-60d3-411f-8c98-c7ed3576de5c@group-EE856C9543A1: changes role from  FOLLOWER to CANDIDATE at term 318 for changeToCandidate
2019-10-16 21:53:31,099 [Thread-2165] INFO  impl.RoleInfo (RoleInfo.java:updateAndGet(143)) - 5c3956af-60d3-411f-8c98-c7ed3576de5c: start LeaderElection
2019-10-16 21:53:31,112 [5c3956af-60d3-411f-8c98-c7ed3576de5c@group-EE856C9543A1-LeaderElection294] INFO  impl.LeaderElection (LeaderElection.java:askForVotes(178)) - 5c3956af-60d3-411f-8c98-c7ed3576de5c@group-EE856C9543A1-LeaderElection294: begin an election at term 319 for -1: [5c3956af-60d3-411f-8c98-c7ed3576de5c:192.168.34.38:33787, efb933de-cdd8-4d8d-88d2-4c7ffe0dec1a:192.168.34.38:42459, 9d88716d-5d6b-4fd8-b832-a110dc45ee66:192.168.34.38:38211], old=null
2019-10-16 21:53:31,115 [grpc-default-executor-0] INFO  impl.RaftServerImpl (RaftServerImpl.java:setRole(184)) - 9d88716d-5d6b-4fd8-b832-a110dc45ee66@group-EE856C9543A1: changes role from  FOLLOWER to FOLLOWER at term 319 for recognizeCandidate:5c3956af-60d3-411f-8c98-c7ed3576de5c
2019-10-16 21:53:31,115 [grpc-default-executor-0] INFO  impl.RoleInfo (RoleInfo.java:shutdownFollowerState(121)) - 9d88716d-5d6b-4fd8-b832-a110dc45ee66: shutdown FollowerState
2019-10-16 21:53:31,115 [grpc-default-executor-1] INFO  impl.RaftServerImpl (RaftServerImpl.java:setRole(184)) - efb933de-cdd8-4d8d-88d2-4c7ffe0dec1a@group-EE856C9543A1: changes role from  FOLLOWER to FOLLOWER at term 319 for recognizeCandidate:5c3956af-60d3-411f-8c98-c7ed3576de5c
2019-10-16 21:53:31,115 [grpc-default-executor-1] INFO  impl.RoleInfo (RoleInfo.java:shutdownFollowerState(121)) - efb933de-cdd8-4d8d-88d2-4c7ffe0dec1a: shutdown FollowerState
2019-10-16 21:53:31,115 [Thread-2163] INFO  impl.FollowerState (FollowerState.java:run(117)) - 9d88716d-5d6b-4fd8-b832-a110dc45ee66@group-EE856C9543A1-FollowerState was interrupted: java.lang.InterruptedException: sleep interrupted
2019-10-16 21:53:31,115 [Thread-2164] INFO  impl.FollowerState (FollowerState.java:run(117)) - efb933de-cdd8-4d8d-88d2-4c7ffe0dec1a@group-EE856C9543A1-FollowerState was interrupted: java.lang.InterruptedException: sleep interrupted
2019-10-16 21:53:31,115 [grpc-default-executor-0] INFO  impl.RoleInfo (RoleInfo.java:updateAndGet(143)) - 9d88716d-5d6b-4fd8-b832-a110dc45ee66: start FollowerState
2019-10-16 21:53:31,115 [grpc-default-executor-1] INFO  impl.RoleInfo (RoleInfo.java:updateAndGet(143)) - efb933de-cdd8-4d8d-88d2-4c7ffe0dec1a: start FollowerState
2019-10-16 21:53:31,121 [5c3956af-60d3-411f-8c98-c7ed3576de5c@group-EE856C9543A1-LeaderElection294] INFO  impl.LeaderElection (LeaderElection.java:logAndReturn(56)) - 5c3956af-60d3-411f-8c98-c7ed3576de5c@group-EE856C9543A1-LeaderElection294: Election TIMEOUT; received 0 response(s) [] and 0 exception(s); 5c3956af-60d3-411f-8c98-c7ed3576de5c@group-EE856C9543A1:t319, leader=null, voted=5c3956af-60d3-411f-8c98-c7ed3576de5c, raftlog=5c3956af-60d3-411f-8c98-c7ed3576de5c@group-EE856C9543A1-SegmentedRaftLog:OPENED:c-1,f-1,i0, conf=-1: [5c3956af-60d3-411f-8c98-c7ed3576de5c:192.168.34.38:33787, efb933de-cdd8-4d8d-88d2-4c7ffe0dec1a:192.168.34.38:42459, 9d88716d-5d6b-4fd8-b832-a110dc45ee66:192.168.34.38:38211], old=null
2019-10-16 21:53:31,130 [5c3956af-60d3-411f-8c98-c7ed3576de5c@group-EE856C9543A1-LeaderElection294] INFO  impl.LeaderElection (LeaderElection.java:askForVotes(178)) - 5c3956af-60d3-411f-8c98-c7ed3576de5c@group-EE856C9543A1-LeaderElection294: begin an election at term 320 for -1: [5c3956af-60d3-411f-8c98-c7ed3576de5c:192.168.34.38:33787, efb933de-cdd8-4d8d-88d2-4c7ffe0dec1a:192.168.34.38:42459, 9d88716d-5d6b-4fd8-b832-a110dc45ee66:192.168.34.38:38211], old=null
2019-10-16 21:53:31,131 [grpc-default-executor-1] INFO  impl.RaftServerImpl (RaftServerImpl.java:setRole(184)) - efb933de-cdd8-4d8d-88d2-4c7ffe0dec1a@group-EE856C9543A1: changes role from  FOLLOWER to FOLLOWER at term 320 for recognizeCandidate:5c3956af-60d3-411f-8c98-c7ed3576de5c
2019-10-16 21:53:31,131 [grpc-default-executor-1] INFO  impl.RoleInfo (RoleInfo.java:shutdownFollowerState(121)) - efb933de-cdd8-4d8d-88d2-4c7ffe0dec1a: shutdown FollowerState
2019-10-16 21:53:31,132 [grpc-default-executor-1] INFO  impl.RoleInfo (RoleInfo.java:updateAndGet(143)) - efb933de-cdd8-4d8d-88d2-4c7ffe0dec1a: start FollowerState
2019-10-16 21:53:31,132 [Thread-2170] INFO  impl.FollowerState (FollowerState.java:run(117)) - efb933de-cdd8-4d8d-88d2-4c7ffe0dec1a@group-EE856C9543A1-FollowerState was interrupted: java.lang.InterruptedException: sleep interrupted
2019-10-16 21:53:31,132 [grpc-default-executor-5] INFO  impl.RaftServerImpl (RaftServerImpl.java:setRole(184)) - 9d88716d-5d6b-4fd8-b832-a110dc45ee66@group-EE856C9543A1: changes role from  FOLLOWER to FOLLOWER at term 320 for recognizeCandidate:5c3956af-60d3-411f-8c98-c7ed3576de5c
2019-10-16 21:53:31,132 [grpc-default-executor-5] INFO  impl.RoleInfo (RoleInfo.java:shutdownFollowerState(121)) - 9d88716d-5d6b-4fd8-b832-a110dc45ee66: shutdown FollowerState
2019-10-16 21:53:31,132 [grpc-default-executor-5] INFO  impl.RoleInfo (RoleInfo.java:updateAndGet(143)) - 9d88716d-5d6b-4fd8-b832-a110dc45ee66: start FollowerState
2019-10-16 21:53:31,132 [Thread-2169] INFO  impl.FollowerState (FollowerState.java:run(117)) - 9d88716d-5d6b-4fd8-b832-a110dc45ee66@group-EE856C9543A1-FollowerState was interrupted: java.lang.InterruptedException: sleep interrupted
2019-10-16 21:53:31,143 [5c3956af-60d3-411f-8c98-c7ed3576de5c@group-EE856C9543A1-LeaderElection294] INFO  impl.LeaderElection (LeaderElection.java:logAndReturn(56)) - 5c3956af-60d3-411f-8c98-c7ed3576de5c@group-EE856C9543A1-LeaderElection294: Election TIMEOUT; received 0 response(s) [] and 0 exception(s); 5c3956af-60d3-411f-8c98-c7ed3576de5c@group-EE856C9543A1:t320, leader=null, voted=5c3956af-60d3-411f-8c98-c7ed3576de5c, raftlog=5c3956af-60d3-411f-8c98-c7ed3576de5c@group-EE856C9543A1-SegmentedRaftLog:OPENED:c-1,f-1,i0, conf=-1: [5c3956af-60d3-411f-8c98-c7ed3576de5c:192.168.34.38:33787, efb933de-cdd8-4d8d-88d2-4c7ffe0dec1a:192.168.34.38:42459, 9d88716d-5d6b-4fd8-b832-a110dc45ee66:192.168.34.38:38211], old=null
2019-10-16 21:53:31,148 [5c3956af-60d3-411f-8c98-c7ed3576de5c@group-EE856C9543A1-LeaderElection294] INFO  impl.LeaderElection (LeaderElection.java:askForVotes(178)) - 5c3956af-60d3-411f-8c98-c7ed3576de5c@group-EE856C9543A1-LeaderElection294: begin an election at term 321 for -1: [5c3956af-60d3-411f-8c98-c7ed3576de5c:192.168.34.38:33787, efb933de-cdd8-4d8d-88d2-4c7ffe0dec1a:192.168.34.38:42459, 9d88716d-5d6b-4fd8-b832-a110dc45ee66:192.168.34.38:38211], old=null
2019-10-16 21:53:31,150 [grpc-default-executor-1] INFO  impl.RaftServerImpl (RaftServerImpl.java:setRole(184)) - efb933de-cdd8-4d8d-88d2-4c7ffe0dec1a@group-EE856C9543A1: changes role from  FOLLOWER to FOLLOWER at term 321 for recognizeCandidate:5c3956af-60d3-411f-8c98-c7ed3576de5c
2019-10-16 21:53:31,150 [grpc-default-executor-1] INFO  impl.RoleInfo (RoleInfo.java:shutdownFollowerState(121)) - efb933de-cdd8-4d8d-88d2-4c7ffe0dec1a: shutdown FollowerState
2019-10-16 21:53:31,150 [grpc-default-executor-5] INFO  impl.RaftServerImpl (RaftServerImpl.java:setRole(184)) - 9d88716d-5d6b-4fd8-b832-a110dc45ee66@group-EE856C9543A1: changes role from  FOLLOWER to FOLLOWER at term 321 for recognizeCandidate:5c3956af-60d3-411f-8c98-c7ed3576de5c
2019-10-16 21:53:31,150 [Thread-2173] INFO  impl.FollowerState (FollowerState.java:run(117)) - efb933de-cdd8-4d8d-88d2-4c7ffe0dec1a@group-EE856C9543A1-FollowerState was interrupted: java.lang.InterruptedException: sleep interrupted
2019-10-16 21:53:31,150 [grpc-default-executor-1] INFO  impl.RoleInfo (RoleInfo.java:updateAndGet(143)) - efb933de-cdd8-4d8d-88d2-4c7ffe0dec1a: start FollowerState
2019-10-16 21:53:31,150 [grpc-default-executor-5] INFO  impl.RoleInfo (RoleInfo.java:shutdownFollowerState(121)) - 9d88716d-5d6b-4fd8-b832-a110dc45ee66: shutdown FollowerState
2019-10-16 21:53:31,150 [grpc-default-executor-5] INFO  impl.RoleInfo (RoleInfo.java:updateAndGet(143)) - 9d88716d-5d6b-4fd8-b832-a110dc45ee66: start FollowerState
2019-10-16 21:53:31,151 [Thread-2174] INFO  impl.FollowerState (FollowerState.java:run(117)) - 9d88716d-5d6b-4fd8-b832-a110dc45ee66@group-EE856C9543A1-FollowerState was interrupted: java.lang.InterruptedException: sleep interrupted
2019-10-16 21:53:31,164 [5c3956af-60d3-411f-8c98-c7ed3576de5c@group-EE856C9543A1-LeaderElection294] INFO  impl.LeaderElection (LeaderElection.java:logAndReturn(56)) - 5c3956af-60d3-411f-8c98-c7ed3576de5c@group-EE856C9543A1-LeaderElection294: Election REJECTED; received 2 response(s) [5c3956af-60d3-411f-8c98-c7ed3576de5c<-efb933de-cdd8-4d8d-88d2-4c7ffe0dec1a#0:FAIL-t321, 5c3956af-60d3-411f-8c98-c7ed3576de5c<-9d88716d-5d6b-4fd8-b832-a110dc45ee66#0:FAIL-t321] and 0 exception(s); 5c3956af-60d3-411f-8c98-c7ed3576de5c@group-EE856C9543A1:t321, leader=null, voted=5c3956af-60d3-411f-8c98-c7ed3576de5c, raftlog=5c3956af-60d3-411f-8c98-c7ed3576de5c@group-EE856C9543A1-SegmentedRaftLog:OPENED:c-1,f-1,i0, conf=-1: [5c3956af-60d3-411f-8c98-c7ed3576de5c:192.168.34.38:33787, efb933de-cdd8-4d8d-88d2-4c7ffe0dec1a:192.168.34.38:42459, 9d88716d-5d6b-4fd8-b832-a110dc45ee66:192.168.34.38:38211], old=null
2019-10-16 21:53:31,165 [5c3956af-60d3-411f-8c98-c7ed3576de5c@group-EE856C9543A1-LeaderElection294] INFO  impl.RaftServerImpl (RaftServerImpl.java:setRole(184)) - 5c3956af-60d3-411f-8c98-c7ed3576de5c@group-EE856C9543A1: changes role from CANDIDATE to FOLLOWER at term 321 for DISCOVERED_A_NEW_TERM
2019-10-16 21:53:31,165 [5c3956af-60d3-411f-8c98-c7ed3576de5c@group-EE856C9543A1-LeaderElection294] INFO  impl.RoleInfo (RoleInfo.java:shutdownLeaderElection(134)) - 5c3956af-60d3-411f-8c98-c7ed3576de5c: shutdown LeaderElection
2019-10-16 21:53:31,165 [5c3956af-60d3-411f-8c98-c7ed3576de5c@group-EE856C9543A1-LeaderElection294] INFO  impl.RoleInfo (RoleInfo.java:updateAndGet(143)) - 5c3956af-60d3-411f-8c98-c7ed3576de5c: start FollowerState
2019-10-16 21:53:31,262 [Thread-2179] INFO  impl.FollowerState (FollowerState.java:run(108)) - 5c3956af-60d3-411f-8c98-c7ed3576de5c@group-EE856C9543A1-FollowerState: change to CANDIDATE, lastRpcTime:97ms, electionTimeout:97ms
2019-10-16 21:53:31,262 [Thread-2179] INFO  impl.RoleInfo (RoleInfo.java:shutdownFollowerState(121)) - 5c3956af-60d3-411f-8c98-c7ed3576de5c: shutdown FollowerState
2019-10-16 21:53:31,263 [Thread-2179] INFO  impl.RaftServerImpl (RaftServerImpl.java:setRole(184)) - 5c3956af-60d3-411f-8c98-c7ed3576de5c@group-EE856C9543A1: changes role from  FOLLOWER to CANDIDATE at term 321 for changeToCandidate
2019-10-16 21:53:31,263 [Thread-2179] INFO  impl.RoleInfo (RoleInfo.java:updateAndGet(143)) - 5c3956af-60d3-411f-8c98-c7ed3576de5c: start LeaderElection
2019-10-16 21:53:31,277 [5c3956af-60d3-411f-8c98-c7ed3576de5c@group-EE856C9543A1-LeaderElection295] INFO  impl.LeaderElection (LeaderElection.java:askForVotes(178)) - 5c3956af-60d3-411f-8c98-c7ed3576de5c@group-EE856C9543A1-LeaderElection295: begin an election at term 322 for -1: [5c3956af-60d3-411f-8c98-c7ed3576de5c:192.168.34.38:33787, efb933de-cdd8-4d8d-88d2-4c7ffe0dec1a:192.168.34.38:42459, 9d88716d-5d6b-4fd8-b832-a110dc45ee66:192.168.34.38:38211], old=null
2019-10-16 21:53:31,279 [grpc-default-executor-5] INFO  impl.RaftServerImpl (RaftServerImpl.java:setRole(184)) - efb933de-cdd8-4d8d-88d2-4c7ffe0dec1a@group-EE856C9543A1: changes role from  FOLLOWER to FOLLOWER at term 322 for recognizeCandidate:5c3956af-60d3-411f-8c98-c7ed3576de5c
2019-10-16 21:53:31,279 [grpc-default-executor-5] INFO  impl.RoleInfo (RoleInfo.java:shutdownFollowerState(121)) - efb933de-cdd8-4d8d-88d2-4c7ffe0dec1a: shutdown FollowerState
2019-10-16 21:53:31,279 [grpc-default-executor-1] INFO  impl.RaftServerImpl (RaftServerImpl.java:setRole(184)) - 9d88716d-5d6b-4fd8-b832-a110dc45ee66@group-EE856C9543A1: changes role from  FOLLOWER to FOLLOWER at term 322 for recognizeCandidate:5c3956af-60d3-411f-8c98-c7ed3576de5c
2019-10-16 21:53:31,279 [Thread-2177] INFO  impl.FollowerState (FollowerState.java:run(117)) - efb933de-cdd8-4d8d-88d2-4c7ffe0dec1a@group-EE856C9543A1-FollowerState was interrupted: java.lang.InterruptedException: sleep interrupted
2019-10-16 21:53:31,279 [grpc-default-executor-5] INFO  impl.RoleInfo (RoleInfo.java:updateAndGet(143)) - efb933de-cdd8-4d8d-88d2-4c7ffe0dec1a: start FollowerState
2019-10-16 21:53:31,279 [grpc-default-executor-1] INFO  impl.RoleInfo (RoleInfo.java:shutdownFollowerState(121)) - 9d88716d-5d6b-4fd8-b832-a110dc45ee66: shutdown FollowerState
2019-10-16 21:53:31,280 [grpc-default-executor-1] INFO  impl.RoleInfo (RoleInfo.java:updateAndGet(143)) - 9d88716d-5d6b-4fd8-b832-a110dc45ee66: start FollowerState
2019-10-16 21:53:31,280 [Thread-2178] INFO  impl.FollowerState (FollowerState.java:run(117)) - 9d88716d-5d6b-4fd8-b832-a110dc45ee66@group-EE856C9543A1-FollowerState was interrupted: java.lang.InterruptedException: sleep interrupted
2019-10-16 21:53:31,288 [5c3956af-60d3-411f-8c98-c7ed3576de5c@group-EE856C9543A1-LeaderElection295] INFO  impl.LeaderElection (LeaderElection.java:logAndReturn(56)) - 5c3956af-60d3-411f-8c98-c7ed3576de5c@group-EE856C9543A1-LeaderElection295: Election TIMEOUT; received 0 response(s) [] and 0 exception(s); 5c3956af-60d3-411f-8c98-c7ed3576de5c@group-EE856C9543A1:t322, leader=null, voted=5c3956af-60d3-411f-8c98-c7ed3576de5c, raftlog=5c3956af-60d3-411f-8c98-c7ed3576de5c@group-EE856C9543A1-SegmentedRaftLog:OPENED:c-1,f-1,i0, conf=-1: [5c3956af-60d3-411f-8c98-c7ed3576de5c:192.168.34.38:33787, efb933de-cdd8-4d8d-88d2-4c7ffe0dec1a:192.168.34.38:42459, 9d88716d-5d6b-4fd8-b832-a110dc45ee66:192.168.34.38:38211], old=null
2019-10-16 21:53:31,294 [5c3956af-60d3-411f-8c98-c7ed3576de5c@group-EE856C9543A1-LeaderElection295] INFO  impl.LeaderElection (LeaderElection.java:askForVotes(178)) - 5c3956af-60d3-411f-8c98-c7ed3576de5c@group-EE856C9543A1-LeaderElection295: begin an election at term 323 for -1: [5c3956af-60d3-411f-8c98-c7ed3576de5c:192.168.34.38:33787, efb933de-cdd8-4d8d-88d2-4c7ffe0dec1a:192.168.34.38:42459, 9d88716d-5d6b-4fd8-b832-a110dc45ee66:192.168.34.38:38211], old=null
2019-10-16 21:53:31,295 [grpc-default-executor-1] INFO  impl.RaftServerImpl (RaftServerImpl.java:setRole(184)) - efb933de-cdd8-4d8d-88d2-4c7ffe0dec1a@group-EE856C9543A1: changes role from  FOLLOWER to FOLLOWER at term 323 for recognizeCandidate:5c3956af-60d3-411f-8c98-c7ed3576de5c
2019-10-16 21:53:31,295 [grpc-default-executor-5] INFO  impl.RaftServerImpl (RaftServerImpl.java:setRole(184)) - 9d88716d-5d6b-4fd8-b832-a110dc45ee66@group-EE856C9543A1: changes role from  FOLLOWER to FOLLOWER at term 323 for recognizeCandidate:5c3956af-60d3-411f-8c98-c7ed3576de5c
2019-10-16 21:53:31,296 [grpc-default-executor-5] INFO  impl.RoleInfo (RoleInfo.java:shutdownFollowerState(121)) - 9d88716d-5d6b-4fd8-b832-a110dc45ee66: shutdown FollowerState
2019-10-16 21:53:31,295 [grpc-default-executor-1] INFO  impl.RoleInfo (RoleInfo.java:shutdownFollowerState(121)) - efb933de-cdd8-4d8d-88d2-4c7ffe0dec1a: shutdown FollowerState
2019-10-16 21:53:31,296 [Thread-2184] INFO  impl.FollowerState (FollowerState.java:run(117)) - 9d88716d-5d6b-4fd8-b832-a110dc45ee66@group-EE856C9543A1-FollowerState was interrupted: java.lang.InterruptedException: sleep interrupted
2019-10-16 21:53:31,296 [grpc-default-executor-5] INFO  impl.RoleInfo (RoleInfo.java:updateAndGet(143)) - 9d88716d-5d6b-4fd8-b832-a110dc45ee66: start FollowerState
2019-10-16 21:53:31,296 [Thread-2183] INFO  impl.FollowerState (FollowerState.java:run(117)) - efb933de-cdd8-4d8d-88d2-4c7ffe0dec1a@group-EE856C9543A1-FollowerState was interrupted: java.lang.InterruptedException: sleep interrupted
2019-10-16 21:53:31,296 [grpc-default-executor-1] INFO  impl.RoleInfo (RoleInfo.java:updateAndGet(143)) - efb933de-cdd8-4d8d-88d2-4c7ffe0dec1a: start FollowerState
2019-10-16 21:53:31,311 [5c3956af-60d3-411f-8c98-c7ed3576de5c@group-EE856C9543A1-LeaderElection295] INFO  impl.LeaderElection (LeaderElection.java:logAndReturn(56)) - 5c3956af-60d3-411f-8c98-c7ed3576de5c@group-EE856C9543A1-LeaderElection295: Election REJECTED; received 2 response(s) [5c3956af-60d3-411f-8c98-c7ed3576de5c<-efb933de-cdd8-4d8d-88d2-4c7ffe0dec1a#0:FAIL-t323, 5c3956af-60d3-411f-8c98-c7ed3576de5c<-9d88716d-5d6b-4fd8-b832-a110dc45ee66#0:FAIL-t323] and 0 exception(s); 5c3956af-60d3-411f-8c98-c7ed3576de5c@group-EE856C9543A1:t323, leader=null, voted=5c3956af-60d3-411f-8c98-c7ed3576de5c, raftlog=5c3956af-60d3-411f-8c98-c7ed3576de5c@group-EE856C9543A1-SegmentedRaftLog:OPENED:c-1,f-1,i0, conf=-1: [5c3956af-60d3-411f-8c98-c7ed3576de5c:192.168.34.38:33787, efb933de-cdd8-4d8d-88d2-4c7ffe0dec1a:192.168.34.38:42459, 9d88716d-5d6b-4fd8-b832-a110dc45ee66:192.168.34.38:38211], old=null
2019-10-16 21:53:31,311 [5c3956af-60d3-411f-8c98-c7ed3576de5c@group-EE856C9543A1-LeaderElection295] INFO  impl.RaftServerImpl (RaftServerImpl.java:setRole(184)) - 5c3956af-60d3-411f-8c98-c7ed3576de5c@group-EE856C9543A1: changes role from CANDIDATE to FOLLOWER at term 323 for DISCOVERED_A_NEW_TERM
2019-10-16 21:53:31,311 [5c3956af-60d3-411f-8c98-c7ed3576de5c@group-EE856C9543A1-LeaderElection295] INFO  impl.RoleInfo (RoleInfo.java:shutdownLeaderElection(134)) - 5c3956af-60d3-411f-8c98-c7ed3576de5c: shutdown LeaderElection
2019-10-16 21:53:31,311 [5c3956af-60d3-411f-8c98-c7ed3576de5c@group-EE856C9543A1-LeaderElection295] INFO  impl.RoleInfo (RoleInfo.java:updateAndGet(143)) - 5c3956af-60d3-411f-8c98-c7ed3576de5c: start FollowerState
2019-10-16 21:53:31,347 [Thread-2189] INFO  impl.FollowerState (FollowerState.java:run(108)) - 5c3956af-60d3-411f-8c98-c7ed3576de5c@group-EE856C9543A1-FollowerState: change to CANDIDATE, lastRpcTime:36ms, electionTimeout:36ms
2019-10-16 21:53:31,347 [Thread-2189] INFO  impl.RoleInfo (RoleInfo.java:shutdownFollowerState(121)) - 5c3956af-60d3-411f-8c98-c7ed3576de5c: shutdown FollowerState
2019-10-16 21:53:31,347 [Thread-2189] INFO  impl.RaftServerImpl (RaftServerImpl.java:setRole(184)) - 5c3956af-60d3-411f-8c98-c7ed3576de5c@group-EE856C9543A1: changes role from  FOLLOWER to CANDIDATE at term 323 for changeToCandidate
2019-10-16 21:53:31,348 [Thread-2189] INFO  impl.RoleInfo (RoleInfo.java:updateAndGet(143)) - 5c3956af-60d3-411f-8c98-c7ed3576de5c: start LeaderElection
2019-10-16 21:53:31,361 [5c3956af-60d3-411f-8c98-c7ed3576de5c@group-EE856C9543A1-LeaderElection296] INFO  impl.LeaderElection (LeaderElection.java:askForVotes(178)) - 5c3956af-60d3-411f-8c98-c7ed3576de5c@group-EE856C9543A1-LeaderElection296: begin an election at term 324 for -1: [5c3956af-60d3-411f-8c98-c7ed3576de5c:192.168.34.38:33787, efb933de-cdd8-4d8d-88d2-4c7ffe0dec1a:192.168.34.38:42459, 9d88716d-5d6b-4fd8-b832-a110dc45ee66:192.168.34.38:38211], old=null
2019-10-16 21:53:31,363 [grpc-default-executor-5] INFO  impl.RaftServerImpl (RaftServerImpl.java:setRole(184)) - efb933de-cdd8-4d8d-88d2-4c7ffe0dec1a@group-EE856C9543A1: changes role from  FOLLOWER to FOLLOWER at term 324 for recognizeCandidate:5c3956af-60d3-411f-8c98-c7ed3576de5c
2019-10-16 21:53:31,363 [grpc-default-executor-5] INFO  impl.RoleInfo (RoleInfo.java:shutdownFollowerState(121)) - efb933de-cdd8-4d8d-88d2-4c7ffe0dec1a: shutdown FollowerState
2019-10-16 21:53:31,363 [grpc-default-executor-1] INFO  impl.RaftServerImpl (RaftServerImpl.java:setRole(184)) - 9d88716d-5d6b-4fd8-b832-a110dc45ee66@group-EE856C9543A1: changes role from  FOLLOWER to FOLLOWER at term 324 for recognizeCandidate:5c3956af-60d3-411f-8c98-c7ed3576de5c
2019-10-16 21:53:31,363 [Thread-2188] INFO  impl.FollowerState (FollowerState.java:run(117)) - efb933de-cdd8-4d8d-88d2-4c7ffe0dec1a@group-EE856C9543A1-FollowerState was interrupted: java.lang.InterruptedException: sleep interrupted
2019-10-16 21:53:31,363 [grpc-default-executor-5] INFO  impl.RoleInfo (RoleInfo.java:updateAndGet(143)) - efb933de-cdd8-4d8d-88d2-4c7ffe0dec1a: start FollowerState
2019-10-16 21:53:31,363 [grpc-default-executor-1] INFO  impl.RoleInfo (RoleInfo.java:shutdownFollowerState(121)) - 9d88716d-5d6b-4fd8-b832-a110dc45ee66: shutdown FollowerState
2019-10-16 21:53:31,364 [grpc-default-executor-1] INFO  impl.RoleInfo (RoleInfo.java:updateAndGet(143)) - 9d88716d-5d6b-4fd8-b832-a110dc45ee66: start FollowerState
2019-10-16 21:53:31,364 [Thread-2187] INFO  impl.FollowerState (FollowerState.java:run(117)) - 9d88716d-5d6b-4fd8-b832-a110dc45ee66@group-EE856C9543A1-FollowerState was interrupted: java.lang.InterruptedException: sleep interrupted
2019-10-16 21:53:31,375 [5c3956af-60d3-411f-8c98-c7ed3576de5c@group-EE856C9543A1-LeaderElection296] INFO  impl.LeaderElection (LeaderElection.java:logAndReturn(56)) - 5c3956af-60d3-411f-8c98-c7ed3576de5c@group-EE856C9543A1-LeaderElection296: Election TIMEOUT; received 0 response(s) [] and 0 exception(s); 5c3956af-60d3-411f-8c98-c7ed3576de5c@group-EE856C9543A1:t324, leader=null, voted=5c3956af-60d3-411f-8c98-c7ed3576de5c, raftlog=5c3956af-60d3-411f-8c98-c7ed3576de5c@group-EE856C9543A1-SegmentedRaftLog:OPENED:c-1,f-1,i0, conf=-1: [5c3956af-60d3-411f-8c98-c7ed3576de5c:192.168.34.38:33787, efb933de-cdd8-4d8d-88d2-4c7ffe0dec1a:192.168.34.38:42459, 9d88716d-5d6b-4fd8-b832-a110dc45ee66:192.168.34.38:38211], old=null
2019-10-16 21:53:31,380 [5c3956af-60d3-411f-8c98-c7ed3576de5c@group-EE856C9543A1-LeaderElection296] INFO  impl.LeaderElection (LeaderElection.java:askForVotes(178)) - 5c3956af-60d3-411f-8c98-c7ed3576de5c@group-EE856C9543A1-LeaderElection296: begin an election at term 325 for -1: [5c3956af-60d3-411f-8c98-c7ed3576de5c:192.168.34.38:33787, efb933de-cdd8-4d8d-88d2-4c7ffe0dec1a:192.168.34.38:42459, 9d88716d-5d6b-4fd8-b832-a110dc45ee66:192.168.34.38:38211], old=null
2019-10-16 21:53:31,382 [grpc-default-executor-5] INFO  impl.RaftServerImpl (RaftServerImpl.java:setRole(184)) - 9d88716d-5d6b-4fd8-b832-a110dc45ee66@group-EE856C9543A1: changes role from  FOLLOWER to FOLLOWER at term 325 for recognizeCandidate:5c3956af-60d3-411f-8c98-c7ed3576de5c
2019-10-16 21:53:31,382 [grpc-default-executor-5] INFO  impl.RoleInfo (RoleInfo.java:shutdownFollowerState(121)) - 9d88716d-5d6b-4fd8-b832-a110dc45ee66: shutdown FollowerState
2019-10-16 21:53:31,382 [grpc-default-executor-1] INFO  impl.RaftServerImpl (RaftServerImpl.java:setRole(184)) - efb933de-cdd8-4d8d-88d2-4c7ffe0dec1a@group-EE856C9543A1: changes role from  FOLLOWER to FOLLOWER at term 325 for recognizeCandidate:5c3956af-60d3-411f-8c98-c7ed3576de5c
2019-10-16 21:53:31,382 [Thread-2194] INFO  impl.FollowerState (FollowerState.java:run(117)) - 9d88716d-5d6b-4fd8-b832-a110dc45ee66@group-EE856C9543A1-FollowerState was interrupted: java.lang.InterruptedException: sleep interrupted
2019-10-16 21:53:31,382 [grpc-default-executor-5] INFO  impl.RoleInfo (RoleInfo.java:updateAndGet(143)) - 9d88716d-5d6b-4fd8-b832-a110dc45ee66: start FollowerState
2019-10-16 21:53:31,382 [grpc-default-executor-1] INFO  impl.RoleInfo (RoleInfo.java:shutdownFollowerState(121)) - efb933de-cdd8-4d8d-88d2-4c7ffe0dec1a: shutdown FollowerState
2019-10-16 21:53:31,383 [grpc-default-executor-1] INFO  impl.RoleInfo (RoleInfo.java:updateAndGet(143)) - efb933de-cdd8-4d8d-88d2-4c7ffe0dec1a: start FollowerState
2019-10-16 21:53:31,383 [Thread-2193] INFO  impl.FollowerState (FollowerState.java:run(117)) - efb933de-cdd8-4d8d-88d2-4c7ffe0dec1a@group-EE856C9543A1-FollowerState was interrupted: java.lang.InterruptedException: sleep interrupted
2019-10-16 21:53:31,397 [5c3956af-60d3-411f-8c98-c7ed3576de5c@group-EE856C9543A1-LeaderElection296] INFO  impl.LeaderElection (LeaderElection.java:logAndReturn(56)) - 5c3956af-60d3-411f-8c98-c7ed3576de5c@group-EE856C9543A1-LeaderElection296: Election REJECTED; received 2 response(s) [5c3956af-60d3-411f-8c98-c7ed3576de5c<-efb933de-cdd8-4d8d-88d2-4c7ffe0dec1a#0:FAIL-t325, 5c3956af-60d3-411f-8c98-c7ed3576de5c<-9d88716d-5d6b-4fd8-b832-a110dc45ee66#0:FAIL-t325] and 0 exception(s); 5c3956af-60d3-411f-8c98-c7ed3576de5c@group-EE856C9543A1:t325, leader=null, voted=5c3956af-60d3-411f-8c98-c7ed3576de5c, raftlog=5c3956af-60d3-411f-8c98-c7ed3576de5c@group-EE856C9543A1-SegmentedRaftLog:OPENED:c-1,f-1,i0, conf=-1: [5c3956af-60d3-411f-8c98-c7ed3576de5c:192.168.34.38:33787, efb933de-cdd8-4d8d-88d2-4c7ffe0dec1a:192.168.34.38:42459, 9d88716d-5d6b-4fd8-b832-a110dc45ee66:192.168.34.38:38211], old=null
2019-10-16 21:53:31,397 [5c3956af-60d3-411f-8c98-c7ed3576de5c@group-EE856C9543A1-LeaderElection296] INFO  impl.RaftServerImpl (RaftServerImpl.java:setRole(184)) - 5c3956af-60d3-411f-8c98-c7ed3576de5c@group-EE856C9543A1: changes role from CANDIDATE to FOLLOWER at term 325 for DISCOVERED_A_NEW_TERM
2019-10-16 21:53:31,397 [5c3956af-60d3-411f-8c98-c7ed3576de5c@group-EE856C9543A1-LeaderElection296] INFO  impl.RoleInfo (RoleInfo.java:shutdownLeaderElection(134)) - 5c3956af-60d3-411f-8c98-c7ed3576de5c: shutdown LeaderElection
2019-10-16 21:53:31,398 [5c3956af-60d3-411f-8c98-c7ed3576de5c@group-EE856C9543A1-LeaderElection296] INFO  impl.RoleInfo (RoleInfo.java:updateAndGet(143)) - 5c3956af-60d3-411f-8c98-c7ed3576de5c: start FollowerState
2019-10-16 21:53:31,486 [Thread-2199] INFO  impl.FollowerState (FollowerState.java:run(108)) - 5c3956af-60d3-411f-8c98-c7ed3576de5c@group-EE856C9543A1-FollowerState: change to CANDIDATE, lastRpcTime:88ms, electionTimeout:88ms
2019-10-16 21:53:31,486 [Thread-2199] INFO  impl.RoleInfo (RoleInfo.java:shutdownFollowerState(121)) - 5c3956af-60d3-411f-8c98-c7ed3576de5c: shutdown FollowerState
2019-10-16 21:53:31,486 [Thread-2199] INFO  impl.RaftServerImpl (RaftServerImpl.java:setRole(184)) - 5c3956af-60d3-411f-8c98-c7ed3576de5c@group-EE856C9543A1: changes role from  FOLLOWER to CANDIDATE at term 325 for changeToCandidate
2019-10-16 21:53:31,486 [Thread-2199] INFO  impl.RoleInfo (RoleInfo.java:updateAndGet(143)) - 5c3956af-60d3-411f-8c98-c7ed3576de5c: start LeaderElection
2019-10-16 21:53:31,500 [5c3956af-60d3-411f-8c98-c7ed3576de5c@group-EE856C9543A1-LeaderElection297] INFO  impl.LeaderElection (LeaderElection.java:askForVotes(178)) - 5c3956af-60d3-411f-8c98-c7ed3576de5c@group-EE856C9543A1-LeaderElection297: begin an election at term 326 for -1: [5c3956af-60d3-411f-8c98-c7ed3576de5c:192.168.34.38:33787, efb933de-cdd8-4d8d-88d2-4c7ffe0dec1a:192.168.34.38:42459, 9d88716d-5d6b-4fd8-b832-a110dc45ee66:192.168.34.38:38211], old=null
2019-10-16 21:53:31,502 [grpc-default-executor-5] INFO  impl.RaftServerImpl (RaftServerImpl.java:setRole(184)) - 9d88716d-5d6b-4fd8-b832-a110dc45ee66@group-EE856C9543A1: changes role from  FOLLOWER to FOLLOWER at term 326 for recognizeCandidate:5c3956af-60d3-411f-8c98-c7ed3576de5c
2019-10-16 21:53:31,502 [grpc-default-executor-5] INFO  impl.RoleInfo (RoleInfo.java:shutdownFollowerState(121)) - 9d88716d-5d6b-4fd8-b832-a110dc45ee66: shutdown FollowerState
2019-10-16 21:53:31,502 [grpc-default-executor-1] INFO  impl.RaftServerImpl (RaftServerImpl.java:setRole(184)) - efb933de-cdd8-4d8d-88d2-4c7ffe0dec1a@group-EE856C9543A1: changes role from  FOLLOWER to FOLLOWER at term 326 for recognizeCandidate:5c3956af-60d3-411f-8c98-c7ed3576de5c
2019-10-16 21:53:31,502 [Thread-2197] INFO  impl.FollowerState (FollowerState.java:run(117)) - 9d88716d-5d6b-4fd8-b832-a110dc45ee66@group-EE856C9543A1-FollowerState was interrupted: java.lang.InterruptedException: sleep interrupted
2019-10-16 21:53:31,502 [grpc-default-executor-5] INFO  impl.RoleInfo (RoleInfo.java:updateAndGet(143)) - 9d88716d-5d6b-4fd8-b832-a110dc45ee66: start FollowerState
2019-10-16 21:53:31,502 [grpc-default-executor-1] INFO  impl.RoleInfo (RoleInfo.java:shutdownFollowerState(121)) - efb933de-cdd8-4d8d-88d2-4c7ffe0dec1a: shutdown FollowerState
2019-10-16 21:53:31,503 [grpc-default-executor-1] INFO  impl.RoleInfo (RoleInfo.java:updateAndGet(143)) - efb933de-cdd8-4d8d-88d2-4c7ffe0dec1a: start FollowerState
2019-10-16 21:53:31,503 [Thread-2198] INFO  impl.FollowerState (FollowerState.java:run(117)) - efb933de-cdd8-4d8d-88d2-4c7ffe0dec1a@group-EE856C9543A1-FollowerState was interrupted: java.lang.InterruptedException: sleep interrupted
2019-10-16 21:53:31,522 [5c3956af-60d3-411f-8c98-c7ed3576de5c@group-EE856C9543A1-LeaderElection297] INFO  impl.LeaderElection (LeaderElection.java:logAndReturn(56)) - 5c3956af-60d3-411f-8c98-c7ed3576de5c@group-EE856C9543A1-LeaderElection297: Election REJECTED; received 2 response(s) [5c3956af-60d3-411f-8c98-c7ed3576de5c<-efb933de-cdd8-4d8d-88d2-4c7ffe0dec1a#0:FAIL-t326, 5c3956af-60d3-411f-8c98-c7ed3576de5c<-9d88716d-5d6b-4fd8-b832-a110dc45ee66#0:FAIL-t326] and 0 exception(s); 5c3956af-60d3-411f-8c98-c7ed3576de5c@group-EE856C9543A1:t326, leader=null, voted=5c3956af-60d3-411f-8c98-c7ed3576de5c, raftlog=5c3956af-60d3-411f-8c98-c7ed3576de5c@group-EE856C9543A1-SegmentedRaftLog:OPENED:c-1,f-1,i0, conf=-1: [5c3956af-60d3-411f-8c98-c7ed3576de5c:192.168.34.38:33787, efb933de-cdd8-4d8d-88d2-4c7ffe0dec1a:192.168.34.38:42459, 9d88716d-5d6b-4fd8-b832-a110dc45ee66:192.168.34.38:38211], old=null
2019-10-16 21:53:31,522 [5c3956af-60d3-411f-8c98-c7ed3576de5c@group-EE856C9543A1-LeaderElection297] INFO  impl.RaftServerImpl (RaftServerImpl.java:setRole(184)) - 5c3956af-60d3-411f-8c98-c7ed3576de5c@group-EE856C9543A1: changes role from CANDIDATE to FOLLOWER at term 326 for DISCOVERED_A_NEW_TERM
2019-10-16 21:53:31,522 [5c3956af-60d3-411f-8c98-c7ed3576de5c@group-EE856C9543A1-LeaderElection297] INFO  impl.RoleInfo (RoleInfo.java:shutdownLeaderElection(134)) - 5c3956af-60d3-411f-8c98-c7ed3576de5c: shutdown LeaderElection
2019-10-16 21:53:31,522 [5c3956af-60d3-411f-8c98-c7ed3576de5c@group-EE856C9543A1-LeaderElection297] INFO  impl.RoleInfo (RoleInfo.java:updateAndGet(143)) - 5c3956af-60d3-411f-8c98-c7ed3576de5c: start FollowerState
2019-10-16 21:53:31,640 [JUnit] INFO  ozone.MiniOzoneClusterImpl (MiniOzoneClusterImpl.java:lambda$waitForClusterToBeReady$2(164)) - Waiting for 1 number of pipelines out of 6, to report a leader.
2019-10-16 21:53:31,652 [Thread-2205] INFO  impl.FollowerState (FollowerState.java:run(108)) - 5c3956af-60d3-411f-8c98-c7ed3576de5c@group-EE856C9543A1-FollowerState: change to CANDIDATE, lastRpcTime:129ms, electionTimeout:129ms
2019-10-16 21:53:31,652 [Thread-2205] INFO  impl.RoleInfo (RoleInfo.java:shutdownFollowerState(121)) - 5c3956af-60d3-411f-8c98-c7ed3576de5c: shutdown FollowerState
2019-10-16 21:53:31,652 [Thread-2205] INFO  impl.RaftServerImpl (RaftServerImpl.java:setRole(184)) - 5c3956af-60d3-411f-8c98-c7ed3576de5c@group-EE856C9543A1: changes role from  FOLLOWER to CANDIDATE at term 326 for changeToCandidate
2019-10-16 21:53:31,652 [Thread-2205] INFO  impl.RoleInfo (RoleInfo.java:updateAndGet(143)) - 5c3956af-60d3-411f-8c98-c7ed3576de5c: start LeaderElection
2019-10-16 21:53:31,666 [5c3956af-60d3-411f-8c98-c7ed3576de5c@group-EE856C9543A1-LeaderElection298] INFO  impl.LeaderElection (LeaderElection.java:askForVotes(178)) - 5c3956af-60d3-411f-8c98-c7ed3576de5c@group-EE856C9543A1-LeaderElection298: begin an election at term 327 for -1: [5c3956af-60d3-411f-8c98-c7ed3576de5c:192.168.34.38:33787, efb933de-cdd8-4d8d-88d2-4c7ffe0dec1a:192.168.34.38:42459, 9d88716d-5d6b-4fd8-b832-a110dc45ee66:192.168.34.38:38211], old=null
2019-10-16 21:53:31,668 [grpc-default-executor-5] INFO  impl.RaftServerImpl (RaftServerImpl.java:setRole(184)) - efb933de-cdd8-4d8d-88d2-4c7ffe0dec1a@group-EE856C9543A1: changes role from  FOLLOWER to FOLLOWER at term 327 for recognizeCandidate:5c3956af-60d3-411f-8c98-c7ed3576de5c
2019-10-16 21:53:31,668 [grpc-default-executor-5] INFO  impl.RoleInfo (RoleInfo.java:shutdownFollowerState(121)) - efb933de-cdd8-4d8d-88d2-4c7ffe0dec1a: shutdown FollowerState
2019-10-16 21:53:31,668 [grpc-default-executor-1] INFO  impl.RaftServerImpl (RaftServerImpl.java:setRole(184)) - 9d88716d-5d6b-4fd8-b832-a110dc45ee66@group-EE856C9543A1: changes role from  FOLLOWER to FOLLOWER at term 327 for recognizeCandidate:5c3956af-60d3-411f-8c98-c7ed3576de5c
2019-10-16 21:53:31,669 [Thread-2204] INFO  impl.FollowerState (FollowerState.java:run(117)) - efb933de-cdd8-4d8d-88d2-4c7ffe0dec1a@group-EE856C9543A1-FollowerState was interrupted: java.lang.InterruptedException: sleep interrupted
2019-10-16 21:53:31,669 [grpc-default-executor-5] INFO  impl.RoleInfo (RoleInfo.java:updateAndGet(143)) - efb933de-cdd8-4d8d-88d2-4c7ffe0dec1a: start FollowerState
2019-10-16 21:53:31,669 [grpc-default-executor-1] INFO  impl.RoleInfo (RoleInfo.java:shutdownFollowerState(121)) - 9d88716d-5d6b-4fd8-b832-a110dc45ee66: shutdown FollowerState
2019-10-16 21:53:31,669 [grpc-default-executor-1] INFO  impl.RoleInfo (RoleInfo.java:updateAndGet(143)) - 9d88716d-5d6b-4fd8-b832-a110dc45ee66: start FollowerState
2019-10-16 21:53:31,669 [Thread-2203] INFO  impl.FollowerState (FollowerState.java:run(117)) - 9d88716d-5d6b-4fd8-b832-a110dc45ee66@group-EE856C9543A1-FollowerState was interrupted: java.lang.InterruptedException: sleep interrupted
2019-10-16 21:53:31,683 [5c3956af-60d3-411f-8c98-c7ed3576de5c@group-EE856C9543A1-LeaderElection298] INFO  impl.LeaderElection (LeaderElection.java:logAndReturn(56)) - 5c3956af-60d3-411f-8c98-c7ed3576de5c@group-EE856C9543A1-LeaderElection298: Election REJECTED; received 2 response(s) [5c3956af-60d3-411f-8c98-c7ed3576de5c<-efb933de-cdd8-4d8d-88d2-4c7ffe0dec1a#0:FAIL-t327, 5c3956af-60d3-411f-8c98-c7ed3576de5c<-9d88716d-5d6b-4fd8-b832-a110dc45ee66#0:FAIL-t327] and 0 exception(s); 5c3956af-60d3-411f-8c98-c7ed3576de5c@group-EE856C9543A1:t327, leader=null, voted=5c3956af-60d3-411f-8c98-c7ed3576de5c, raftlog=5c3956af-60d3-411f-8c98-c7ed3576de5c@group-EE856C9543A1-SegmentedRaftLog:OPENED:c-1,f-1,i0, conf=-1: [5c3956af-60d3-411f-8c98-c7ed3576de5c:192.168.34.38:33787, efb933de-cdd8-4d8d-88d2-4c7ffe0dec1a:192.168.34.38:42459, 9d88716d-5d6b-4fd8-b832-a110dc45ee66:192.168.34.38:38211], old=null
2019-10-16 21:53:31,683 [5c3956af-60d3-411f-8c98-c7ed3576de5c@group-EE856C9543A1-LeaderElection298] INFO  impl.RaftServerImpl (RaftServerImpl.java:setRole(184)) - 5c3956af-60d3-411f-8c98-c7ed3576de5c@group-EE856C9543A1: changes role from CANDIDATE to FOLLOWER at term 327 for DISCOVERED_A_NEW_TERM
2019-10-16 21:53:31,683 [5c3956af-60d3-411f-8c98-c7ed3576de5c@group-EE856C9543A1-LeaderElection298] INFO  impl.RoleInfo (RoleInfo.java:shutdownLeaderElection(134)) - 5c3956af-60d3-411f-8c98-c7ed3576de5c: shutdown LeaderElection
2019-10-16 21:53:31,684 [5c3956af-60d3-411f-8c98-c7ed3576de5c@group-EE856C9543A1-LeaderElection298] INFO  impl.RoleInfo (RoleInfo.java:updateAndGet(143)) - 5c3956af-60d3-411f-8c98-c7ed3576de5c: start FollowerState
2019-10-16 21:53:31,823 [Thread-2211] INFO  impl.FollowerState (FollowerState.java:run(108)) - 5c3956af-60d3-411f-8c98-c7ed3576de5c@group-EE856C9543A1-FollowerState: change to CANDIDATE, lastRpcTime:139ms, electionTimeout:139ms
2019-10-16 21:53:31,823 [Thread-2211] INFO  impl.RoleInfo (RoleInfo.java:shutdownFollowerState(121)) - 5c3956af-60d3-411f-8c98-c7ed3576de5c: shutdown FollowerState
2019-10-16 21:53:31,823 [Thread-2211] INFO  impl.RaftServerImpl (RaftServerImpl.java:setRole(184)) - 5c3956af-60d3-411f-8c98-c7ed3576de5c@group-EE856C9543A1: changes role from  FOLLOWER to CANDIDATE at term 327 for changeToCandidate
2019-10-16 21:53:31,826 [Thread-2211] INFO  impl.RoleInfo (RoleInfo.java:updateAndGet(143)) - 5c3956af-60d3-411f-8c98-c7ed3576de5c: start LeaderElection
2019-10-16 21:53:31,840 [5c3956af-60d3-411f-8c98-c7ed3576de5c@group-EE856C9543A1-LeaderElection299] INFO  impl.LeaderElection (LeaderElection.java:askForVotes(178)) - 5c3956af-60d3-411f-8c98-c7ed3576de5c@group-EE856C9543A1-LeaderElection299: begin an election at term 328 for -1: [5c3956af-60d3-411f-8c98-c7ed3576de5c:192.168.34.38:33787, efb933de-cdd8-4d8d-88d2-4c7ffe0dec1a:192.168.34.38:42459, 9d88716d-5d6b-4fd8-b832-a110dc45ee66:192.168.34.38:38211], old=null
2019-10-16 21:53:31,847 [grpc-default-executor-5] INFO  impl.RaftServerImpl (RaftServerImpl.java:setRole(184)) - efb933de-cdd8-4d8d-88d2-4c7ffe0dec1a@group-EE856C9543A1: changes role from  FOLLOWER to FOLLOWER at term 328 for recognizeCandidate:5c3956af-60d3-411f-8c98-c7ed3576de5c
2019-10-16 21:53:31,847 [grpc-default-executor-1] INFO  impl.RaftServerImpl (RaftServerImpl.java:setRole(184)) - 9d88716d-5d6b-4fd8-b832-a110dc45ee66@group-EE856C9543A1: changes role from  FOLLOWER to FOLLOWER at term 328 for recognizeCandidate:5c3956af-60d3-411f-8c98-c7ed3576de5c
2019-10-16 21:53:31,847 [grpc-default-executor-1] INFO  impl.RoleInfo (RoleInfo.java:shutdownFollowerState(121)) - 9d88716d-5d6b-4fd8-b832-a110dc45ee66: shutdown FollowerState
2019-10-16 21:53:31,847 [grpc-default-executor-5] INFO  impl.RoleInfo (RoleInfo.java:shutdownFollowerState(121)) - efb933de-cdd8-4d8d-88d2-4c7ffe0dec1a: shutdown FollowerState
2019-10-16 21:53:31,854 [grpc-default-executor-5] INFO  impl.RoleInfo (RoleInfo.java:updateAndGet(143)) - efb933de-cdd8-4d8d-88d2-4c7ffe0dec1a: start FollowerState
2019-10-16 21:53:31,854 [Thread-2210] INFO  impl.FollowerState (FollowerState.java:run(117)) - 9d88716d-5d6b-4fd8-b832-a110dc45ee66@group-EE856C9543A1-FollowerState was interrupted: java.lang.InterruptedException: sleep interrupted
2019-10-16 21:53:31,854 [grpc-default-executor-1] INFO  impl.RoleInfo (RoleInfo.java:updateAndGet(143)) - 9d88716d-5d6b-4fd8-b832-a110dc45ee66: start FollowerState
2019-10-16 21:53:31,854 [Thread-2209] INFO  impl.FollowerState (FollowerState.java:run(117)) - efb933de-cdd8-4d8d-88d2-4c7ffe0dec1a@group-EE856C9543A1-FollowerState was interrupted: java.lang.InterruptedException: sleep interrupted
2019-10-16 21:53:31,870 [5c3956af-60d3-411f-8c98-c7ed3576de5c@group-EE856C9543A1-LeaderElection299] INFO  impl.LeaderElection (LeaderElection.java:logAndReturn(56)) - 5c3956af-60d3-411f-8c98-c7ed3576de5c@group-EE856C9543A1-LeaderElection299: Election REJECTED; received 2 response(s) [5c3956af-60d3-411f-8c98-c7ed3576de5c<-efb933de-cdd8-4d8d-88d2-4c7ffe0dec1a#0:FAIL-t328, 5c3956af-60d3-411f-8c98-c7ed3576de5c<-9d88716d-5d6b-4fd8-b832-a110dc45ee66#0:FAIL-t328] and 0 exception(s); 5c3956af-60d3-411f-8c98-c7ed3576de5c@group-EE856C9543A1:t328, leader=null, voted=5c3956af-60d3-411f-8c98-c7ed3576de5c, raftlog=5c3956af-60d3-411f-8c98-c7ed3576de5c@group-EE856C9543A1-SegmentedRaftLog:OPENED:c-1,f-1,i0, conf=-1: [5c3956af-60d3-411f-8c98-c7ed3576de5c:192.168.34.38:33787, efb933de-cdd8-4d8d-88d2-4c7ffe0dec1a:192.168.34.38:42459, 9d88716d-5d6b-4fd8-b832-a110dc45ee66:192.168.34.38:38211], old=null
2019-10-16 21:53:31,870 [5c3956af-60d3-411f-8c98-c7ed3576de5c@group-EE856C9543A1-LeaderElection299] INFO  impl.RaftServerImpl (RaftServerImpl.java:setRole(184)) - 5c3956af-60d3-411f-8c98-c7ed3576de5c@group-EE856C9543A1: changes role from CANDIDATE to FOLLOWER at term 328 for DISCOVERED_A_NEW_TERM
2019-10-16 21:53:31,870 [5c3956af-60d3-411f-8c98-c7ed3576de5c@group-EE856C9543A1-LeaderElection299] INFO  impl.RoleInfo (RoleInfo.java:shutdownLeaderElection(134)) - 5c3956af-60d3-411f-8c98-c7ed3576de5c: shutdown LeaderElection
2019-10-16 21:53:31,870 [5c3956af-60d3-411f-8c98-c7ed3576de5c@group-EE856C9543A1-LeaderElection299] INFO  impl.RoleInfo (RoleInfo.java:updateAndGet(143)) - 5c3956af-60d3-411f-8c98-c7ed3576de5c: start FollowerState
2019-10-16 21:53:31,966 [Thread-2217] INFO  impl.FollowerState (FollowerState.java:run(108)) - 5c3956af-60d3-411f-8c98-c7ed3576de5c@group-EE856C9543A1-FollowerState: change to CANDIDATE, lastRpcTime:95ms, electionTimeout:95ms
2019-10-16 21:53:31,966 [Thread-2217] INFO  impl.RoleInfo (RoleInfo.java:shutdownFollowerState(121)) - 5c3956af-60d3-411f-8c98-c7ed3576de5c: shutdown FollowerState
2019-10-16 21:53:31,966 [Thread-2217] INFO  impl.RaftServerImpl (RaftServerImpl.java:setRole(184)) - 5c3956af-60d3-411f-8c98-c7ed3576de5c@group-EE856C9543A1: changes role from  FOLLOWER to CANDIDATE at term 328 for changeToCandidate
2019-10-16 21:53:31,966 [Thread-2217] INFO  impl.RoleInfo (RoleInfo.java:updateAndGet(143)) - 5c3956af-60d3-411f-8c98-c7ed3576de5c: start LeaderElection
2019-10-16 21:53:31,980 [5c3956af-60d3-411f-8c98-c7ed3576de5c@group-EE856C9543A1-LeaderElection300] INFO  impl.LeaderElection (LeaderElection.java:askForVotes(178)) - 5c3956af-60d3-411f-8c98-c7ed3576de5c@group-EE856C9543A1-LeaderElection300: begin an election at term 329 for -1: [5c3956af-60d3-411f-8c98-c7ed3576de5c:192.168.34.38:33787, efb933de-cdd8-4d8d-88d2-4c7ffe0dec1a:192.168.34.38:42459, 9d88716d-5d6b-4fd8-b832-a110dc45ee66:192.168.34.38:38211], old=null
2019-10-16 21:53:31,982 [grpc-default-executor-1] INFO  impl.RaftServerImpl (RaftServerImpl.java:setRole(184)) - efb933de-cdd8-4d8d-88d2-4c7ffe0dec1a@group-EE856C9543A1: changes role from  FOLLOWER to FOLLOWER at term 329 for recognizeCandidate:5c3956af-60d3-411f-8c98-c7ed3576de5c
2019-10-16 21:53:31,982 [grpc-default-executor-5] INFO  impl.RaftServerImpl (RaftServerImpl.java:setRole(184)) - 9d88716d-5d6b-4fd8-b832-a110dc45ee66@group-EE856C9543A1: changes role from  FOLLOWER to FOLLOWER at term 329 for recognizeCandidate:5c3956af-60d3-411f-8c98-c7ed3576de5c
2019-10-16 21:53:31,983 [grpc-default-executor-5] INFO  impl.RoleInfo (RoleInfo.java:shutdownFollowerState(121)) - 9d88716d-5d6b-4fd8-b832-a110dc45ee66: shutdown FollowerState
2019-10-16 21:53:31,983 [grpc-default-executor-1] INFO  impl.RoleInfo (RoleInfo.java:shutdownFollowerState(121)) - efb933de-cdd8-4d8d-88d2-4c7ffe0dec1a: shutdown FollowerState
2019-10-16 21:53:31,983 [Thread-2216] INFO  impl.FollowerState (FollowerState.java:run(117)) - 9d88716d-5d6b-4fd8-b832-a110dc45ee66@group-EE856C9543A1-FollowerState was interrupted: java.lang.InterruptedException: sleep interrupted
2019-10-16 21:53:31,983 [Thread-2215] INFO  impl.FollowerState (FollowerState.java:run(117)) - efb933de-cdd8-4d8d-88d2-4c7ffe0dec1a@group-EE856C9543A1-FollowerState was interrupted: java.lang.InterruptedException: sleep interrupted
2019-10-16 21:53:31,983 [grpc-default-executor-5] INFO  impl.RoleInfo (RoleInfo.java:updateAndGet(143)) - 9d88716d-5d6b-4fd8-b832-a110dc45ee66: start FollowerState
2019-10-16 21:53:31,983 [grpc-default-executor-1] INFO  impl.RoleInfo (RoleInfo.java:updateAndGet(143)) - efb933de-cdd8-4d8d-88d2-4c7ffe0dec1a: start FollowerState
2019-10-16 21:53:31,999 [5c3956af-60d3-411f-8c98-c7ed3576de5c@group-EE856C9543A1-LeaderElection300] INFO  impl.LeaderElection (LeaderElection.java:logAndReturn(56)) - 5c3956af-60d3-411f-8c98-c7ed3576de5c@group-EE856C9543A1-LeaderElection300: Election REJECTED; received 2 response(s) [5c3956af-60d3-411f-8c98-c7ed3576de5c<-efb933de-cdd8-4d8d-88d2-4c7ffe0dec1a#0:FAIL-t329, 5c3956af-60d3-411f-8c98-c7ed3576de5c<-9d88716d-5d6b-4fd8-b832-a110dc45ee66#0:FAIL-t329] and 0 exception(s); 5c3956af-60d3-411f-8c98-c7ed3576de5c@group-EE856C9543A1:t329, leader=null, voted=5c3956af-60d3-411f-8c98-c7ed3576de5c, raftlog=5c3956af-60d3-411f-8c98-c7ed3576de5c@group-EE856C9543A1-SegmentedRaftLog:OPENED:c-1,f-1,i0, conf=-1: [5c3956af-60d3-411f-8c98-c7ed3576de5c:192.168.34.38:33787, efb933de-cdd8-4d8d-88d2-4c7ffe0dec1a:192.168.34.38:42459, 9d88716d-5d6b-4fd8-b832-a110dc45ee66:192.168.34.38:38211], old=null
2019-10-16 21:53:31,999 [5c3956af-60d3-411f-8c98-c7ed3576de5c@group-EE856C9543A1-LeaderElection300] INFO  impl.RaftServerImpl (RaftServerImpl.java:setRole(184)) - 5c3956af-60d3-411f-8c98-c7ed3576de5c@group-EE856C9543A1: changes role from CANDIDATE to FOLLOWER at term 329 for DISCOVERED_A_NEW_TERM
2019-10-16 21:53:31,999 [5c3956af-60d3-411f-8c98-c7ed3576de5c@group-EE856C9543A1-LeaderElection300] INFO  impl.RoleInfo (RoleInfo.java:shutdownLeaderElection(134)) - 5c3956af-60d3-411f-8c98-c7ed3576de5c: shutdown LeaderElection
2019-10-16 21:53:31,999 [5c3956af-60d3-411f-8c98-c7ed3576de5c@group-EE856C9543A1-LeaderElection300] INFO  impl.RoleInfo (RoleInfo.java:updateAndGet(143)) - 5c3956af-60d3-411f-8c98-c7ed3576de5c: start FollowerState
2019-10-16 21:53:32,051 [Thread-2223] INFO  impl.FollowerState (FollowerState.java:run(108)) - 5c3956af-60d3-411f-8c98-c7ed3576de5c@group-EE856C9543A1-FollowerState: change to CANDIDATE, lastRpcTime:51ms, electionTimeout:51ms
2019-10-16 21:53:32,051 [Thread-2223] INFO  impl.RoleInfo (RoleInfo.java:shutdownFollowerState(121)) - 5c3956af-60d3-411f-8c98-c7ed3576de5c: shutdown FollowerState
2019-10-16 21:53:32,051 [Thread-2223] INFO  impl.RaftServerImpl (RaftServerImpl.java:setRole(184)) - 5c3956af-60d3-411f-8c98-c7ed3576de5c@group-EE856C9543A1: changes role from  FOLLOWER to CANDIDATE at term 329 for changeToCandidate
2019-10-16 21:53:32,052 [Thread-2223] INFO  impl.RoleInfo (RoleInfo.java:updateAndGet(143)) - 5c3956af-60d3-411f-8c98-c7ed3576de5c: start LeaderElection
2019-10-16 21:53:32,065 [5c3956af-60d3-411f-8c98-c7ed3576de5c@group-EE856C9543A1-LeaderElection301] INFO  impl.LeaderElection (LeaderElection.java:askForVotes(178)) - 5c3956af-60d3-411f-8c98-c7ed3576de5c@group-EE856C9543A1-LeaderElection301: begin an election at term 330 for -1: [5c3956af-60d3-411f-8c98-c7ed3576de5c:192.168.34.38:33787, efb933de-cdd8-4d8d-88d2-4c7ffe0dec1a:192.168.34.38:42459, 9d88716d-5d6b-4fd8-b832-a110dc45ee66:192.168.34.38:38211], old=null
2019-10-16 21:53:32,068 [grpc-default-executor-1] INFO  impl.RaftServerImpl (RaftServerImpl.java:setRole(184)) - efb933de-cdd8-4d8d-88d2-4c7ffe0dec1a@group-EE856C9543A1: changes role from  FOLLOWER to FOLLOWER at term 330 for recognizeCandidate:5c3956af-60d3-411f-8c98-c7ed3576de5c
2019-10-16 21:53:32,068 [grpc-default-executor-1] INFO  impl.RoleInfo (RoleInfo.java:shutdownFollowerState(121)) - efb933de-cdd8-4d8d-88d2-4c7ffe0dec1a: shutdown FollowerState
2019-10-16 21:53:32,068 [grpc-default-executor-5] INFO  impl.RaftServerImpl (RaftServerImpl.java:setRole(184)) - 9d88716d-5d6b-4fd8-b832-a110dc45ee66@group-EE856C9543A1: changes role from  FOLLOWER to FOLLOWER at term 330 for recognizeCandidate:5c3956af-60d3-411f-8c98-c7ed3576de5c
2019-10-16 21:53:32,068 [Thread-2222] INFO  impl.FollowerState (FollowerState.java:run(117)) - efb933de-cdd8-4d8d-88d2-4c7ffe0dec1a@group-EE856C9543A1-FollowerState was interrupted: java.lang.InterruptedException: sleep interrupted
2019-10-16 21:53:32,068 [grpc-default-executor-1] INFO  impl.RoleInfo (RoleInfo.java:updateAndGet(143)) - efb933de-cdd8-4d8d-88d2-4c7ffe0dec1a: start FollowerState
2019-10-16 21:53:32,068 [grpc-default-executor-5] INFO  impl.RoleInfo (RoleInfo.java:shutdownFollowerState(121)) - 9d88716d-5d6b-4fd8-b832-a110dc45ee66: shutdown FollowerState
2019-10-16 21:53:32,069 [grpc-default-executor-5] INFO  impl.RoleInfo (RoleInfo.java:updateAndGet(143)) - 9d88716d-5d6b-4fd8-b832-a110dc45ee66: start FollowerState
2019-10-16 21:53:32,069 [Thread-2221] INFO  impl.FollowerState (FollowerState.java:run(117)) - 9d88716d-5d6b-4fd8-b832-a110dc45ee66@group-EE856C9543A1-FollowerState was interrupted: java.lang.InterruptedException: sleep interrupted
2019-10-16 21:53:32,085 [5c3956af-60d3-411f-8c98-c7ed3576de5c@group-EE856C9543A1-LeaderElection301] INFO  impl.LeaderElection (LeaderElection.java:logAndReturn(56)) - 5c3956af-60d3-411f-8c98-c7ed3576de5c@group-EE856C9543A1-LeaderElection301: Election REJECTED; received 2 response(s) [5c3956af-60d3-411f-8c98-c7ed3576de5c<-efb933de-cdd8-4d8d-88d2-4c7ffe0dec1a#0:FAIL-t330, 5c3956af-60d3-411f-8c98-c7ed3576de5c<-9d88716d-5d6b-4fd8-b832-a110dc45ee66#0:FAIL-t330] and 0 exception(s); 5c3956af-60d3-411f-8c98-c7ed3576de5c@group-EE856C9543A1:t330, leader=null, voted=5c3956af-60d3-411f-8c98-c7ed3576de5c, raftlog=5c3956af-60d3-411f-8c98-c7ed3576de5c@group-EE856C9543A1-SegmentedRaftLog:OPENED:c-1,f-1,i0, conf=-1: [5c3956af-60d3-411f-8c98-c7ed3576de5c:192.168.34.38:33787, efb933de-cdd8-4d8d-88d2-4c7ffe0dec1a:192.168.34.38:42459, 9d88716d-5d6b-4fd8-b832-a110dc45ee66:192.168.34.38:38211], old=null
2019-10-16 21:53:32,085 [5c3956af-60d3-411f-8c98-c7ed3576de5c@group-EE856C9543A1-LeaderElection301] INFO  impl.RaftServerImpl (RaftServerImpl.java:setRole(184)) - 5c3956af-60d3-411f-8c98-c7ed3576de5c@group-EE856C9543A1: changes role from CANDIDATE to FOLLOWER at term 330 for DISCOVERED_A_NEW_TERM
2019-10-16 21:53:32,085 [5c3956af-60d3-411f-8c98-c7ed3576de5c@group-EE856C9543A1-LeaderElection301] INFO  impl.RoleInfo (RoleInfo.java:shutdownLeaderElection(134)) - 5c3956af-60d3-411f-8c98-c7ed3576de5c: shutdown LeaderElection
2019-10-16 21:53:32,085 [5c3956af-60d3-411f-8c98-c7ed3576de5c@group-EE856C9543A1-LeaderElection301] INFO  impl.RoleInfo (RoleInfo.java:updateAndGet(143)) - 5c3956af-60d3-411f-8c98-c7ed3576de5c: start FollowerState
2019-10-16 21:53:32,143 [Thread-2229] INFO  impl.FollowerState (FollowerState.java:run(108)) - 5c3956af-60d3-411f-8c98-c7ed3576de5c@group-EE856C9543A1-FollowerState: change to CANDIDATE, lastRpcTime:57ms, electionTimeout:57ms
2019-10-16 21:53:32,143 [Thread-2229] INFO  impl.RoleInfo (RoleInfo.java:shutdownFollowerState(121)) - 5c3956af-60d3-411f-8c98-c7ed3576de5c: shutdown FollowerState
2019-10-16 21:53:32,143 [Thread-2229] INFO  impl.RaftServerImpl (RaftServerImpl.java:setRole(184)) - 5c3956af-60d3-411f-8c98-c7ed3576de5c@group-EE856C9543A1: changes role from  FOLLOWER to CANDIDATE at term 330 for changeToCandidate
2019-10-16 21:53:32,143 [Thread-2229] INFO  impl.RoleInfo (RoleInfo.java:updateAndGet(143)) - 5c3956af-60d3-411f-8c98-c7ed3576de5c: start LeaderElection
2019-10-16 21:53:32,158 [5c3956af-60d3-411f-8c98-c7ed3576de5c@group-EE856C9543A1-LeaderElection302] INFO  impl.LeaderElection (LeaderElection.java:askForVotes(178)) - 5c3956af-60d3-411f-8c98-c7ed3576de5c@group-EE856C9543A1-LeaderElection302: begin an election at term 331 for -1: [5c3956af-60d3-411f-8c98-c7ed3576de5c:192.168.34.38:33787, efb933de-cdd8-4d8d-88d2-4c7ffe0dec1a:192.168.34.38:42459, 9d88716d-5d6b-4fd8-b832-a110dc45ee66:192.168.34.38:38211], old=null
2019-10-16 21:53:32,160 [grpc-default-executor-5] INFO  impl.RaftServerImpl (RaftServerImpl.java:setRole(184)) - efb933de-cdd8-4d8d-88d2-4c7ffe0dec1a@group-EE856C9543A1: changes role from  FOLLOWER to FOLLOWER at term 331 for recognizeCandidate:5c3956af-60d3-411f-8c98-c7ed3576de5c
2019-10-16 21:53:32,160 [grpc-default-executor-5] INFO  impl.RoleInfo (RoleInfo.java:shutdownFollowerState(121)) - efb933de-cdd8-4d8d-88d2-4c7ffe0dec1a: shutdown FollowerState
2019-10-16 21:53:32,160 [grpc-default-executor-1] INFO  impl.RaftServerImpl (RaftServerImpl.java:setRole(184)) - 9d88716d-5d6b-4fd8-b832-a110dc45ee66@group-EE856C9543A1: changes role from  FOLLOWER to FOLLOWER at term 331 for recognizeCandidate:5c3956af-60d3-411f-8c98-c7ed3576de5c
2019-10-16 21:53:32,161 [Thread-2227] INFO  impl.FollowerState (FollowerState.java:run(117)) - efb933de-cdd8-4d8d-88d2-4c7ffe0dec1a@group-EE856C9543A1-FollowerState was interrupted: java.lang.InterruptedException: sleep interrupted
2019-10-16 21:53:32,161 [grpc-default-executor-5] INFO  impl.RoleInfo (RoleInfo.java:updateAndGet(143)) - efb933de-cdd8-4d8d-88d2-4c7ffe0dec1a: start FollowerState
2019-10-16 21:53:32,161 [grpc-default-executor-1] INFO  impl.RoleInfo (RoleInfo.java:shutdownFollowerState(121)) - 9d88716d-5d6b-4fd8-b832-a110dc45ee66: shutdown FollowerState
2019-10-16 21:53:32,161 [grpc-default-executor-1] INFO  impl.RoleInfo (RoleInfo.java:updateAndGet(143)) - 9d88716d-5d6b-4fd8-b832-a110dc45ee66: start FollowerState
2019-10-16 21:53:32,161 [Thread-2228] INFO  impl.FollowerState (FollowerState.java:run(117)) - 9d88716d-5d6b-4fd8-b832-a110dc45ee66@group-EE856C9543A1-FollowerState was interrupted: java.lang.InterruptedException: sleep interrupted
2019-10-16 21:53:32,176 [5c3956af-60d3-411f-8c98-c7ed3576de5c@group-EE856C9543A1-LeaderElection302] INFO  impl.LeaderElection (LeaderElection.java:logAndReturn(56)) - 5c3956af-60d3-411f-8c98-c7ed3576de5c@group-EE856C9543A1-LeaderElection302: Election REJECTED; received 2 response(s) [5c3956af-60d3-411f-8c98-c7ed3576de5c<-efb933de-cdd8-4d8d-88d2-4c7ffe0dec1a#0:FAIL-t331, 5c3956af-60d3-411f-8c98-c7ed3576de5c<-9d88716d-5d6b-4fd8-b832-a110dc45ee66#0:FAIL-t331] and 0 exception(s); 5c3956af-60d3-411f-8c98-c7ed3576de5c@group-EE856C9543A1:t331, leader=null, voted=5c3956af-60d3-411f-8c98-c7ed3576de5c, raftlog=5c3956af-60d3-411f-8c98-c7ed3576de5c@group-EE856C9543A1-SegmentedRaftLog:OPENED:c-1,f-1,i0, conf=-1: [5c3956af-60d3-411f-8c98-c7ed3576de5c:192.168.34.38:33787, efb933de-cdd8-4d8d-88d2-4c7ffe0dec1a:192.168.34.38:42459, 9d88716d-5d6b-4fd8-b832-a110dc45ee66:192.168.34.38:38211], old=null
2019-10-16 21:53:32,176 [5c3956af-60d3-411f-8c98-c7ed3576de5c@group-EE856C9543A1-LeaderElection302] INFO  impl.RaftServerImpl (RaftServerImpl.java:setRole(184)) - 5c3956af-60d3-411f-8c98-c7ed3576de5c@group-EE856C9543A1: changes role from CANDIDATE to FOLLOWER at term 331 for DISCOVERED_A_NEW_TERM
2019-10-16 21:53:32,176 [5c3956af-60d3-411f-8c98-c7ed3576de5c@group-EE856C9543A1-LeaderElection302] INFO  impl.RoleInfo (RoleInfo.java:shutdownLeaderElection(134)) - 5c3956af-60d3-411f-8c98-c7ed3576de5c: shutdown LeaderElection
2019-10-16 21:53:32,176 [5c3956af-60d3-411f-8c98-c7ed3576de5c@group-EE856C9543A1-LeaderElection302] INFO  impl.RoleInfo (RoleInfo.java:updateAndGet(143)) - 5c3956af-60d3-411f-8c98-c7ed3576de5c: start FollowerState
2019-10-16 21:53:32,316 [Thread-2235] INFO  impl.FollowerState (FollowerState.java:run(108)) - 5c3956af-60d3-411f-8c98-c7ed3576de5c@group-EE856C9543A1-FollowerState: change to CANDIDATE, lastRpcTime:139ms, electionTimeout:139ms
2019-10-16 21:53:32,316 [Thread-2235] INFO  impl.RoleInfo (RoleInfo.java:shutdownFollowerState(121)) - 5c3956af-60d3-411f-8c98-c7ed3576de5c: shutdown FollowerState
2019-10-16 21:53:32,316 [Thread-2235] INFO  impl.RaftServerImpl (RaftServerImpl.java:setRole(184)) - 5c3956af-60d3-411f-8c98-c7ed3576de5c@group-EE856C9543A1: changes role from  FOLLOWER to CANDIDATE at term 331 for changeToCandidate
2019-10-16 21:53:32,316 [Thread-2235] INFO  impl.RoleInfo (RoleInfo.java:updateAndGet(143)) - 5c3956af-60d3-411f-8c98-c7ed3576de5c: start LeaderElection
2019-10-16 21:53:32,331 [5c3956af-60d3-411f-8c98-c7ed3576de5c@group-EE856C9543A1-LeaderElection303] INFO  impl.LeaderElection (LeaderElection.java:askForVotes(178)) - 5c3956af-60d3-411f-8c98-c7ed3576de5c@group-EE856C9543A1-LeaderElection303: begin an election at term 332 for -1: [5c3956af-60d3-411f-8c98-c7ed3576de5c:192.168.34.38:33787, efb933de-cdd8-4d8d-88d2-4c7ffe0dec1a:192.168.34.38:42459, 9d88716d-5d6b-4fd8-b832-a110dc45ee66:192.168.34.38:38211], old=null
2019-10-16 21:53:32,333 [grpc-default-executor-5] INFO  impl.RaftServerImpl (RaftServerImpl.java:setRole(184)) - efb933de-cdd8-4d8d-88d2-4c7ffe0dec1a@group-EE856C9543A1: changes role from  FOLLOWER to FOLLOWER at term 332 for recognizeCandidate:5c3956af-60d3-411f-8c98-c7ed3576de5c
2019-10-16 21:53:32,334 [grpc-default-executor-5] INFO  impl.RoleInfo (RoleInfo.java:shutdownFollowerState(121)) - efb933de-cdd8-4d8d-88d2-4c7ffe0dec1a: shutdown FollowerState
2019-10-16 21:53:32,334 [grpc-default-executor-5] INFO  impl.RoleInfo (RoleInfo.java:updateAndGet(143)) - efb933de-cdd8-4d8d-88d2-4c7ffe0dec1a: start FollowerState
2019-10-16 21:53:32,334 [grpc-default-executor-1] INFO  impl.RaftServerImpl (RaftServerImpl.java:setRole(184)) - 9d88716d-5d6b-4fd8-b832-a110dc45ee66@group-EE856C9543A1: changes role from  FOLLOWER to FOLLOWER at term 332 for recognizeCandidate:5c3956af-60d3-411f-8c98-c7ed3576de5c
2019-10-16 21:53:32,334 [grpc-default-executor-1] INFO  impl.RoleInfo (RoleInfo.java:shutdownFollowerState(121)) - 9d88716d-5d6b-4fd8-b832-a110dc45ee66: shutdown FollowerState
2019-10-16 21:53:32,334 [Thread-2233] INFO  impl.FollowerState (FollowerState.java:run(117)) - efb933de-cdd8-4d8d-88d2-4c7ffe0dec1a@group-EE856C9543A1-FollowerState was interrupted: java.lang.InterruptedException: sleep interrupted
2019-10-16 21:53:32,335 [Thread-2234] INFO  impl.FollowerState (FollowerState.java:run(117)) - 9d88716d-5d6b-4fd8-b832-a110dc45ee66@group-EE856C9543A1-FollowerState was interrupted: java.lang.InterruptedException: sleep interrupted
2019-10-16 21:53:32,335 [grpc-default-executor-1] INFO  impl.RoleInfo (RoleInfo.java:updateAndGet(143)) - 9d88716d-5d6b-4fd8-b832-a110dc45ee66: start FollowerState
2019-10-16 21:53:32,348 [5c3956af-60d3-411f-8c98-c7ed3576de5c@group-EE856C9543A1-LeaderElection303] INFO  impl.LeaderElection (LeaderElection.java:logAndReturn(56)) - 5c3956af-60d3-411f-8c98-c7ed3576de5c@group-EE856C9543A1-LeaderElection303: Election REJECTED; received 2 response(s) [5c3956af-60d3-411f-8c98-c7ed3576de5c<-efb933de-cdd8-4d8d-88d2-4c7ffe0dec1a#0:FAIL-t332, 5c3956af-60d3-411f-8c98-c7ed3576de5c<-9d88716d-5d6b-4fd8-b832-a110dc45ee66#0:FAIL-t332] and 0 exception(s); 5c3956af-60d3-411f-8c98-c7ed3576de5c@group-EE856C9543A1:t332, leader=null, voted=5c3956af-60d3-411f-8c98-c7ed3576de5c, raftlog=5c3956af-60d3-411f-8c98-c7ed3576de5c@group-EE856C9543A1-SegmentedRaftLog:OPENED:c-1,f-1,i0, conf=-1: [5c3956af-60d3-411f-8c98-c7ed3576de5c:192.168.34.38:33787, efb933de-cdd8-4d8d-88d2-4c7ffe0dec1a:192.168.34.38:42459, 9d88716d-5d6b-4fd8-b832-a110dc45ee66:192.168.34.38:38211], old=null
2019-10-16 21:53:32,348 [5c3956af-60d3-411f-8c98-c7ed3576de5c@group-EE856C9543A1-LeaderElection303] INFO  impl.RaftServerImpl (RaftServerImpl.java:setRole(184)) - 5c3956af-60d3-411f-8c98-c7ed3576de5c@group-EE856C9543A1: changes role from CANDIDATE to FOLLOWER at term 332 for DISCOVERED_A_NEW_TERM
2019-10-16 21:53:32,348 [5c3956af-60d3-411f-8c98-c7ed3576de5c@group-EE856C9543A1-LeaderElection303] INFO  impl.RoleInfo (RoleInfo.java:shutdownLeaderElection(134)) - 5c3956af-60d3-411f-8c98-c7ed3576de5c: shutdown LeaderElection
2019-10-16 21:53:32,348 [5c3956af-60d3-411f-8c98-c7ed3576de5c@group-EE856C9543A1-LeaderElection303] INFO  impl.RoleInfo (RoleInfo.java:updateAndGet(143)) - 5c3956af-60d3-411f-8c98-c7ed3576de5c: start FollowerState
2019-10-16 21:53:32,382 [Thread-2241] INFO  impl.FollowerState (FollowerState.java:run(108)) - 5c3956af-60d3-411f-8c98-c7ed3576de5c@group-EE856C9543A1-FollowerState: change to CANDIDATE, lastRpcTime:33ms, electionTimeout:33ms
2019-10-16 21:53:32,382 [Thread-2241] INFO  impl.RoleInfo (RoleInfo.java:shutdownFollowerState(121)) - 5c3956af-60d3-411f-8c98-c7ed3576de5c: shutdown FollowerState
2019-10-16 21:53:32,382 [Thread-2241] INFO  impl.RaftServerImpl (RaftServerImpl.java:setRole(184)) - 5c3956af-60d3-411f-8c98-c7ed3576de5c@group-EE856C9543A1: changes role from  FOLLOWER to CANDIDATE at term 332 for changeToCandidate
2019-10-16 21:53:32,382 [Thread-2241] INFO  impl.RoleInfo (RoleInfo.java:updateAndGet(143)) - 5c3956af-60d3-411f-8c98-c7ed3576de5c: start LeaderElection
2019-10-16 21:53:32,396 [5c3956af-60d3-411f-8c98-c7ed3576de5c@group-EE856C9543A1-LeaderElection304] INFO  impl.LeaderElection (LeaderElection.java:askForVotes(178)) - 5c3956af-60d3-411f-8c98-c7ed3576de5c@group-EE856C9543A1-LeaderElection304: begin an election at term 333 for -1: [5c3956af-60d3-411f-8c98-c7ed3576de5c:192.168.34.38:33787, efb933de-cdd8-4d8d-88d2-4c7ffe0dec1a:192.168.34.38:42459, 9d88716d-5d6b-4fd8-b832-a110dc45ee66:192.168.34.38:38211], old=null
2019-10-16 21:53:32,398 [grpc-default-executor-1] INFO  impl.RaftServerImpl (RaftServerImpl.java:setRole(184)) - efb933de-cdd8-4d8d-88d2-4c7ffe0dec1a@group-EE856C9543A1: changes role from  FOLLOWER to FOLLOWER at term 333 for recognizeCandidate:5c3956af-60d3-411f-8c98-c7ed3576de5c
2019-10-16 21:53:32,398 [grpc-default-executor-1] INFO  impl.RoleInfo (RoleInfo.java:shutdownFollowerState(121)) - efb933de-cdd8-4d8d-88d2-4c7ffe0dec1a: shutdown FollowerState
2019-10-16 21:53:32,399 [grpc-default-executor-5] INFO  impl.RaftServerImpl (RaftServerImpl.java:setRole(184)) - 9d88716d-5d6b-4fd8-b832-a110dc45ee66@group-EE856C9543A1: changes role from  FOLLOWER to FOLLOWER at term 333 for recognizeCandidate:5c3956af-60d3-411f-8c98-c7ed3576de5c
2019-10-16 21:53:32,399 [Thread-2239] INFO  impl.FollowerState (FollowerState.java:run(117)) - efb933de-cdd8-4d8d-88d2-4c7ffe0dec1a@group-EE856C9543A1-FollowerState was interrupted: java.lang.InterruptedException: sleep interrupted
2019-10-16 21:53:32,399 [grpc-default-executor-1] INFO  impl.RoleInfo (RoleInfo.java:updateAndGet(143)) - efb933de-cdd8-4d8d-88d2-4c7ffe0dec1a: start FollowerState
2019-10-16 21:53:32,399 [grpc-default-executor-5] INFO  impl.RoleInfo (RoleInfo.java:shutdownFollowerState(121)) - 9d88716d-5d6b-4fd8-b832-a110dc45ee66: shutdown FollowerState
2019-10-16 21:53:32,399 [grpc-default-executor-5] INFO  impl.RoleInfo (RoleInfo.java:updateAndGet(143)) - 9d88716d-5d6b-4fd8-b832-a110dc45ee66: start FollowerState
2019-10-16 21:53:32,399 [Thread-2240] INFO  impl.FollowerState (FollowerState.java:run(117)) - 9d88716d-5d6b-4fd8-b832-a110dc45ee66@group-EE856C9543A1-FollowerState was interrupted: java.lang.InterruptedException: sleep interrupted
2019-10-16 21:53:32,414 [5c3956af-60d3-411f-8c98-c7ed3576de5c@group-EE856C9543A1-LeaderElection304] INFO  impl.LeaderElection (LeaderElection.java:logAndReturn(56)) - 5c3956af-60d3-411f-8c98-c7ed3576de5c@group-EE856C9543A1-LeaderElection304: Election REJECTED; received 2 response(s) [5c3956af-60d3-411f-8c98-c7ed3576de5c<-efb933de-cdd8-4d8d-88d2-4c7ffe0dec1a#0:FAIL-t333, 5c3956af-60d3-411f-8c98-c7ed3576de5c<-9d88716d-5d6b-4fd8-b832-a110dc45ee66#0:FAIL-t333] and 0 exception(s); 5c3956af-60d3-411f-8c98-c7ed3576de5c@group-EE856C9543A1:t333, leader=null, voted=5c3956af-60d3-411f-8c98-c7ed3576de5c, raftlog=5c3956af-60d3-411f-8c98-c7ed3576de5c@group-EE856C9543A1-SegmentedRaftLog:OPENED:c-1,f-1,i0, conf=-1: [5c3956af-60d3-411f-8c98-c7ed3576de5c:192.168.34.38:33787, efb933de-cdd8-4d8d-88d2-4c7ffe0dec1a:192.168.34.38:42459, 9d88716d-5d6b-4fd8-b832-a110dc45ee66:192.168.34.38:38211], old=null
2019-10-16 21:53:32,415 [5c3956af-60d3-411f-8c98-c7ed3576de5c@group-EE856C9543A1-LeaderElection304] INFO  impl.RaftServerImpl (RaftServerImpl.java:setRole(184)) - 5c3956af-60d3-411f-8c98-c7ed3576de5c@group-EE856C9543A1: changes role from CANDIDATE to FOLLOWER at term 333 for DISCOVERED_A_NEW_TERM
2019-10-16 21:53:32,415 [5c3956af-60d3-411f-8c98-c7ed3576de5c@group-EE856C9543A1-LeaderElection304] INFO  impl.RoleInfo (RoleInfo.java:shutdownLeaderElection(134)) - 5c3956af-60d3-411f-8c98-c7ed3576de5c: shutdown LeaderElection
2019-10-16 21:53:32,415 [5c3956af-60d3-411f-8c98-c7ed3576de5c@group-EE856C9543A1-LeaderElection304] INFO  impl.RoleInfo (RoleInfo.java:updateAndGet(143)) - 5c3956af-60d3-411f-8c98-c7ed3576de5c: start FollowerState
2019-10-16 21:53:32,500 [Thread-2247] INFO  impl.FollowerState (FollowerState.java:run(108)) - 5c3956af-60d3-411f-8c98-c7ed3576de5c@group-EE856C9543A1-FollowerState: change to CANDIDATE, lastRpcTime:85ms, electionTimeout:85ms
2019-10-16 21:53:32,501 [Thread-2247] INFO  impl.RoleInfo (RoleInfo.java:shutdownFollowerState(121)) - 5c3956af-60d3-411f-8c98-c7ed3576de5c: shutdown FollowerState
2019-10-16 21:53:32,501 [Thread-2247] INFO  impl.RaftServerImpl (RaftServerImpl.java:setRole(184)) - 5c3956af-60d3-411f-8c98-c7ed3576de5c@group-EE856C9543A1: changes role from  FOLLOWER to CANDIDATE at term 333 for changeToCandidate
2019-10-16 21:53:32,501 [Thread-2247] INFO  impl.RoleInfo (RoleInfo.java:updateAndGet(143)) - 5c3956af-60d3-411f-8c98-c7ed3576de5c: start LeaderElection
2019-10-16 21:53:32,514 [5c3956af-60d3-411f-8c98-c7ed3576de5c@group-EE856C9543A1-LeaderElection305] INFO  impl.LeaderElection (LeaderElection.java:askForVotes(178)) - 5c3956af-60d3-411f-8c98-c7ed3576de5c@group-EE856C9543A1-LeaderElection305: begin an election at term 334 for -1: [5c3956af-60d3-411f-8c98-c7ed3576de5c:192.168.34.38:33787, efb933de-cdd8-4d8d-88d2-4c7ffe0dec1a:192.168.34.38:42459, 9d88716d-5d6b-4fd8-b832-a110dc45ee66:192.168.34.38:38211], old=null
2019-10-16 21:53:32,517 [grpc-default-executor-5] INFO  impl.RaftServerImpl (RaftServerImpl.java:setRole(184)) - efb933de-cdd8-4d8d-88d2-4c7ffe0dec1a@group-EE856C9543A1: changes role from  FOLLOWER to FOLLOWER at term 334 for recognizeCandidate:5c3956af-60d3-411f-8c98-c7ed3576de5c
2019-10-16 21:53:32,517 [grpc-default-executor-5] INFO  impl.RoleInfo (RoleInfo.java:shutdownFollowerState(121)) - efb933de-cdd8-4d8d-88d2-4c7ffe0dec1a: shutdown FollowerState
2019-10-16 21:53:32,517 [grpc-default-executor-1] INFO  impl.RaftServerImpl (RaftServerImpl.java:setRole(184)) - 9d88716d-5d6b-4fd8-b832-a110dc45ee66@group-EE856C9543A1: changes role from  FOLLOWER to FOLLOWER at term 334 for recognizeCandidate:5c3956af-60d3-411f-8c98-c7ed3576de5c
2019-10-16 21:53:32,518 [Thread-2245] INFO  impl.FollowerState (FollowerState.java:run(117)) - efb933de-cdd8-4d8d-88d2-4c7ffe0dec1a@group-EE856C9543A1-FollowerState was interrupted: java.lang.InterruptedException: sleep interrupted
2019-10-16 21:53:32,518 [grpc-default-executor-5] INFO  impl.RoleInfo (RoleInfo.java:updateAndGet(143)) - efb933de-cdd8-4d8d-88d2-4c7ffe0dec1a: start FollowerState
2019-10-16 21:53:32,518 [grpc-default-executor-1] INFO  impl.RoleInfo (RoleInfo.java:shutdownFollowerState(121)) - 9d88716d-5d6b-4fd8-b832-a110dc45ee66: shutdown FollowerState
2019-10-16 21:53:32,518 [grpc-default-executor-1] INFO  impl.RoleInfo (RoleInfo.java:updateAndGet(143)) - 9d88716d-5d6b-4fd8-b832-a110dc45ee66: start FollowerState
2019-10-16 21:53:32,518 [Thread-2246] INFO  impl.FollowerState (FollowerState.java:run(117)) - 9d88716d-5d6b-4fd8-b832-a110dc45ee66@group-EE856C9543A1-FollowerState was interrupted: java.lang.InterruptedException: sleep interrupted
2019-10-16 21:53:32,532 [5c3956af-60d3-411f-8c98-c7ed3576de5c@group-EE856C9543A1-LeaderElection305] INFO  impl.LeaderElection (LeaderElection.java:logAndReturn(56)) - 5c3956af-60d3-411f-8c98-c7ed3576de5c@group-EE856C9543A1-LeaderElection305: Election REJECTED; received 2 response(s) [5c3956af-60d3-411f-8c98-c7ed3576de5c<-efb933de-cdd8-4d8d-88d2-4c7ffe0dec1a#0:FAIL-t334, 5c3956af-60d3-411f-8c98-c7ed3576de5c<-9d88716d-5d6b-4fd8-b832-a110dc45ee66#0:FAIL-t334] and 0 exception(s); 5c3956af-60d3-411f-8c98-c7ed3576de5c@group-EE856C9543A1:t334, leader=null, voted=5c3956af-60d3-411f-8c98-c7ed3576de5c, raftlog=5c3956af-60d3-411f-8c98-c7ed3576de5c@group-EE856C9543A1-SegmentedRaftLog:OPENED:c-1,f-1,i0, conf=-1: [5c3956af-60d3-411f-8c98-c7ed3576de5c:192.168.34.38:33787, efb933de-cdd8-4d8d-88d2-4c7ffe0dec1a:192.168.34.38:42459, 9d88716d-5d6b-4fd8-b832-a110dc45ee66:192.168.34.38:38211], old=null
2019-10-16 21:53:32,532 [5c3956af-60d3-411f-8c98-c7ed3576de5c@group-EE856C9543A1-LeaderElection305] INFO  impl.RaftServerImpl (RaftServerImpl.java:setRole(184)) - 5c3956af-60d3-411f-8c98-c7ed3576de5c@group-EE856C9543A1: changes role from CANDIDATE to FOLLOWER at term 334 for DISCOVERED_A_NEW_TERM
2019-10-16 21:53:32,532 [5c3956af-60d3-411f-8c98-c7ed3576de5c@group-EE856C9543A1-LeaderElection305] INFO  impl.RoleInfo (RoleInfo.java:shutdownLeaderElection(134)) - 5c3956af-60d3-411f-8c98-c7ed3576de5c: shutdown LeaderElection
2019-10-16 21:53:32,533 [5c3956af-60d3-411f-8c98-c7ed3576de5c@group-EE856C9543A1-LeaderElection305] INFO  impl.RoleInfo (RoleInfo.java:updateAndGet(143)) - 5c3956af-60d3-411f-8c98-c7ed3576de5c: start FollowerState
2019-10-16 21:53:32,621 [Thread-2253] INFO  impl.FollowerState (FollowerState.java:run(108)) - 5c3956af-60d3-411f-8c98-c7ed3576de5c@group-EE856C9543A1-FollowerState: change to CANDIDATE, lastRpcTime:88ms, electionTimeout:88ms
2019-10-16 21:53:32,621 [Thread-2253] INFO  impl.RoleInfo (RoleInfo.java:shutdownFollowerState(121)) - 5c3956af-60d3-411f-8c98-c7ed3576de5c: shutdown FollowerState
2019-10-16 21:53:32,622 [Thread-2253] INFO  impl.RaftServerImpl (RaftServerImpl.java:setRole(184)) - 5c3956af-60d3-411f-8c98-c7ed3576de5c@group-EE856C9543A1: changes role from  FOLLOWER to CANDIDATE at term 334 for changeToCandidate
2019-10-16 21:53:32,622 [Thread-2253] INFO  impl.RoleInfo (RoleInfo.java:updateAndGet(143)) - 5c3956af-60d3-411f-8c98-c7ed3576de5c: start LeaderElection
2019-10-16 21:53:32,642 [JUnit] INFO  ozone.MiniOzoneClusterImpl (MiniOzoneClusterImpl.java:lambda$waitForClusterToBeReady$2(164)) - Waiting for 1 number of pipelines out of 6, to report a leader.
2019-10-16 21:53:32,669 [5c3956af-60d3-411f-8c98-c7ed3576de5c@group-EE856C9543A1-LeaderElection306] INFO  impl.LeaderElection (LeaderElection.java:askForVotes(178)) - 5c3956af-60d3-411f-8c98-c7ed3576de5c@group-EE856C9543A1-LeaderElection306: begin an election at term 335 for -1: [5c3956af-60d3-411f-8c98-c7ed3576de5c:192.168.34.38:33787, efb933de-cdd8-4d8d-88d2-4c7ffe0dec1a:192.168.34.38:42459, 9d88716d-5d6b-4fd8-b832-a110dc45ee66:192.168.34.38:38211], old=null
2019-10-16 21:53:32,672 [grpc-default-executor-1] INFO  impl.RaftServerImpl (RaftServerImpl.java:setRole(184)) - efb933de-cdd8-4d8d-88d2-4c7ffe0dec1a@group-EE856C9543A1: changes role from  FOLLOWER to FOLLOWER at term 335 for recognizeCandidate:5c3956af-60d3-411f-8c98-c7ed3576de5c
2019-10-16 21:53:32,672 [grpc-default-executor-1] INFO  impl.RoleInfo (RoleInfo.java:shutdownFollowerState(121)) - efb933de-cdd8-4d8d-88d2-4c7ffe0dec1a: shutdown FollowerState
2019-10-16 21:53:32,672 [grpc-default-executor-5] INFO  impl.RaftServerImpl (RaftServerImpl.java:setRole(184)) - 9d88716d-5d6b-4fd8-b832-a110dc45ee66@group-EE856C9543A1: changes role from  FOLLOWER to FOLLOWER at term 335 for recognizeCandidate:5c3956af-60d3-411f-8c98-c7ed3576de5c
2019-10-16 21:53:32,672 [Thread-2251] INFO  impl.FollowerState (FollowerState.java:run(117)) - efb933de-cdd8-4d8d-88d2-4c7ffe0dec1a@group-EE856C9543A1-FollowerState was interrupted: java.lang.InterruptedException: sleep interrupted
2019-10-16 21:53:32,672 [grpc-default-executor-1] INFO  impl.RoleInfo (RoleInfo.java:updateAndGet(143)) - efb933de-cdd8-4d8d-88d2-4c7ffe0dec1a: start FollowerState
2019-10-16 21:53:32,672 [grpc-default-executor-5] INFO  impl.RoleInfo (RoleInfo.java:shutdownFollowerState(121)) - 9d88716d-5d6b-4fd8-b832-a110dc45ee66: shutdown FollowerState
2019-10-16 21:53:32,673 [grpc-default-executor-5] INFO  impl.RoleInfo (RoleInfo.java:updateAndGet(143)) - 9d88716d-5d6b-4fd8-b832-a110dc45ee66: start FollowerState
2019-10-16 21:53:32,673 [Thread-2252] INFO  impl.FollowerState (FollowerState.java:run(117)) - 9d88716d-5d6b-4fd8-b832-a110dc45ee66@group-EE856C9543A1-FollowerState was interrupted: java.lang.InterruptedException: sleep interrupted
2019-10-16 21:53:32,679 [5c3956af-60d3-411f-8c98-c7ed3576de5c@group-EE856C9543A1-LeaderElection306] INFO  impl.LeaderElection (LeaderElection.java:logAndReturn(56)) - 5c3956af-60d3-411f-8c98-c7ed3576de5c@group-EE856C9543A1-LeaderElection306: Election REJECTED; received 2 response(s) [5c3956af-60d3-411f-8c98-c7ed3576de5c<-efb933de-cdd8-4d8d-88d2-4c7ffe0dec1a#0:FAIL-t335, 5c3956af-60d3-411f-8c98-c7ed3576de5c<-9d88716d-5d6b-4fd8-b832-a110dc45ee66#0:FAIL-t335] and 0 exception(s); 5c3956af-60d3-411f-8c98-c7ed3576de5c@group-EE856C9543A1:t335, leader=null, voted=5c3956af-60d3-411f-8c98-c7ed3576de5c, raftlog=5c3956af-60d3-411f-8c98-c7ed3576de5c@group-EE856C9543A1-SegmentedRaftLog:OPENED:c-1,f-1,i0, conf=-1: [5c3956af-60d3-411f-8c98-c7ed3576de5c:192.168.34.38:33787, efb933de-cdd8-4d8d-88d2-4c7ffe0dec1a:192.168.34.38:42459, 9d88716d-5d6b-4fd8-b832-a110dc45ee66:192.168.34.38:38211], old=null
2019-10-16 21:53:32,679 [5c3956af-60d3-411f-8c98-c7ed3576de5c@group-EE856C9543A1-LeaderElection306] INFO  impl.RaftServerImpl (RaftServerImpl.java:setRole(184)) - 5c3956af-60d3-411f-8c98-c7ed3576de5c@group-EE856C9543A1: changes role from CANDIDATE to FOLLOWER at term 335 for DISCOVERED_A_NEW_TERM
2019-10-16 21:53:32,680 [5c3956af-60d3-411f-8c98-c7ed3576de5c@group-EE856C9543A1-LeaderElection306] INFO  impl.RoleInfo (RoleInfo.java:shutdownLeaderElection(134)) - 5c3956af-60d3-411f-8c98-c7ed3576de5c: shutdown LeaderElection
2019-10-16 21:53:32,680 [5c3956af-60d3-411f-8c98-c7ed3576de5c@group-EE856C9543A1-LeaderElection306] INFO  impl.RoleInfo (RoleInfo.java:updateAndGet(143)) - 5c3956af-60d3-411f-8c98-c7ed3576de5c: start FollowerState
2019-10-16 21:53:32,823 [Thread-2259] INFO  impl.FollowerState (FollowerState.java:run(108)) - 5c3956af-60d3-411f-8c98-c7ed3576de5c@group-EE856C9543A1-FollowerState: change to CANDIDATE, lastRpcTime:143ms, electionTimeout:143ms
2019-10-16 21:53:32,823 [Thread-2259] INFO  impl.RoleInfo (RoleInfo.java:shutdownFollowerState(121)) - 5c3956af-60d3-411f-8c98-c7ed3576de5c: shutdown FollowerState
2019-10-16 21:53:32,823 [Thread-2259] INFO  impl.RaftServerImpl (RaftServerImpl.java:setRole(184)) - 5c3956af-60d3-411f-8c98-c7ed3576de5c@group-EE856C9543A1: changes role from  FOLLOWER to CANDIDATE at term 335 for changeToCandidate
2019-10-16 21:53:32,824 [Thread-2259] INFO  impl.RoleInfo (RoleInfo.java:updateAndGet(143)) - 5c3956af-60d3-411f-8c98-c7ed3576de5c: start LeaderElection
2019-10-16 21:53:32,837 [5c3956af-60d3-411f-8c98-c7ed3576de5c@group-EE856C9543A1-LeaderElection307] INFO  impl.LeaderElection (LeaderElection.java:askForVotes(178)) - 5c3956af-60d3-411f-8c98-c7ed3576de5c@group-EE856C9543A1-LeaderElection307: begin an election at term 336 for -1: [5c3956af-60d3-411f-8c98-c7ed3576de5c:192.168.34.38:33787, efb933de-cdd8-4d8d-88d2-4c7ffe0dec1a:192.168.34.38:42459, 9d88716d-5d6b-4fd8-b832-a110dc45ee66:192.168.34.38:38211], old=null
2019-10-16 21:53:32,840 [grpc-default-executor-5] INFO  impl.RaftServerImpl (RaftServerImpl.java:setRole(184)) - efb933de-cdd8-4d8d-88d2-4c7ffe0dec1a@group-EE856C9543A1: changes role from  FOLLOWER to FOLLOWER at term 336 for recognizeCandidate:5c3956af-60d3-411f-8c98-c7ed3576de5c
2019-10-16 21:53:32,840 [grpc-default-executor-5] INFO  impl.RoleInfo (RoleInfo.java:shutdownFollowerState(121)) - efb933de-cdd8-4d8d-88d2-4c7ffe0dec1a: shutdown FollowerState
2019-10-16 21:53:32,840 [grpc-default-executor-1] INFO  impl.RaftServerImpl (RaftServerImpl.java:setRole(184)) - 9d88716d-5d6b-4fd8-b832-a110dc45ee66@group-EE856C9543A1: changes role from  FOLLOWER to FOLLOWER at term 336 for recognizeCandidate:5c3956af-60d3-411f-8c98-c7ed3576de5c
2019-10-16 21:53:32,840 [Thread-2257] INFO  impl.FollowerState (FollowerState.java:run(117)) - efb933de-cdd8-4d8d-88d2-4c7ffe0dec1a@group-EE856C9543A1-FollowerState was interrupted: java.lang.InterruptedException: sleep interrupted
2019-10-16 21:53:32,840 [grpc-default-executor-5] INFO  impl.RoleInfo (RoleInfo.java:updateAndGet(143)) - efb933de-cdd8-4d8d-88d2-4c7ffe0dec1a: start FollowerState
2019-10-16 21:53:32,840 [grpc-default-executor-1] INFO  impl.RoleInfo (RoleInfo.java:shutdownFollowerState(121)) - 9d88716d-5d6b-4fd8-b832-a110dc45ee66: shutdown FollowerState
2019-10-16 21:53:32,841 [grpc-default-executor-1] INFO  impl.RoleInfo (RoleInfo.java:updateAndGet(143)) - 9d88716d-5d6b-4fd8-b832-a110dc45ee66: start FollowerState
2019-10-16 21:53:32,841 [Thread-2258] INFO  impl.FollowerState (FollowerState.java:run(117)) - 9d88716d-5d6b-4fd8-b832-a110dc45ee66@group-EE856C9543A1-FollowerState was interrupted: java.lang.InterruptedException: sleep interrupted
2019-10-16 21:53:32,859 [5c3956af-60d3-411f-8c98-c7ed3576de5c@group-EE856C9543A1-LeaderElection307] INFO  impl.LeaderElection (LeaderElection.java:logAndReturn(56)) - 5c3956af-60d3-411f-8c98-c7ed3576de5c@group-EE856C9543A1-LeaderElection307: Election REJECTED; received 2 response(s) [5c3956af-60d3-411f-8c98-c7ed3576de5c<-efb933de-cdd8-4d8d-88d2-4c7ffe0dec1a#0:FAIL-t336, 5c3956af-60d3-411f-8c98-c7ed3576de5c<-9d88716d-5d6b-4fd8-b832-a110dc45ee66#0:FAIL-t336] and 0 exception(s); 5c3956af-60d3-411f-8c98-c7ed3576de5c@group-EE856C9543A1:t336, leader=null, voted=5c3956af-60d3-411f-8c98-c7ed3576de5c, raftlog=5c3956af-60d3-411f-8c98-c7ed3576de5c@group-EE856C9543A1-SegmentedRaftLog:OPENED:c-1,f-1,i0, conf=-1: [5c3956af-60d3-411f-8c98-c7ed3576de5c:192.168.34.38:33787, efb933de-cdd8-4d8d-88d2-4c7ffe0dec1a:192.168.34.38:42459, 9d88716d-5d6b-4fd8-b832-a110dc45ee66:192.168.34.38:38211], old=null
2019-10-16 21:53:32,859 [5c3956af-60d3-411f-8c98-c7ed3576de5c@group-EE856C9543A1-LeaderElection307] INFO  impl.RaftServerImpl (RaftServerImpl.java:setRole(184)) - 5c3956af-60d3-411f-8c98-c7ed3576de5c@group-EE856C9543A1: changes role from CANDIDATE to FOLLOWER at term 336 for DISCOVERED_A_NEW_TERM
2019-10-16 21:53:32,859 [5c3956af-60d3-411f-8c98-c7ed3576de5c@group-EE856C9543A1-LeaderElection307] INFO  impl.RoleInfo (RoleInfo.java:shutdownLeaderElection(134)) - 5c3956af-60d3-411f-8c98-c7ed3576de5c: shutdown LeaderElection
2019-10-16 21:53:32,860 [5c3956af-60d3-411f-8c98-c7ed3576de5c@group-EE856C9543A1-LeaderElection307] INFO  impl.RoleInfo (RoleInfo.java:updateAndGet(143)) - 5c3956af-60d3-411f-8c98-c7ed3576de5c: start FollowerState
2019-10-16 21:53:32,916 [Thread-2265] INFO  impl.FollowerState (FollowerState.java:run(108)) - 5c3956af-60d3-411f-8c98-c7ed3576de5c@group-EE856C9543A1-FollowerState: change to CANDIDATE, lastRpcTime:56ms, electionTimeout:56ms
2019-10-16 21:53:32,916 [Thread-2265] INFO  impl.RoleInfo (RoleInfo.java:shutdownFollowerState(121)) - 5c3956af-60d3-411f-8c98-c7ed3576de5c: shutdown FollowerState
2019-10-16 21:53:32,916 [Thread-2265] INFO  impl.RaftServerImpl (RaftServerImpl.java:setRole(184)) - 5c3956af-60d3-411f-8c98-c7ed3576de5c@group-EE856C9543A1: changes role from  FOLLOWER to CANDIDATE at term 336 for changeToCandidate
2019-10-16 21:53:32,916 [Thread-2265] INFO  impl.RoleInfo (RoleInfo.java:updateAndGet(143)) - 5c3956af-60d3-411f-8c98-c7ed3576de5c: start LeaderElection
2019-10-16 21:53:32,930 [5c3956af-60d3-411f-8c98-c7ed3576de5c@group-EE856C9543A1-LeaderElection308] INFO  impl.LeaderElection (LeaderElection.java:askForVotes(178)) - 5c3956af-60d3-411f-8c98-c7ed3576de5c@group-EE856C9543A1-LeaderElection308: begin an election at term 337 for -1: [5c3956af-60d3-411f-8c98-c7ed3576de5c:192.168.34.38:33787, efb933de-cdd8-4d8d-88d2-4c7ffe0dec1a:192.168.34.38:42459, 9d88716d-5d6b-4fd8-b832-a110dc45ee66:192.168.34.38:38211], old=null
2019-10-16 21:53:32,933 [grpc-default-executor-1] INFO  impl.RaftServerImpl (RaftServerImpl.java:setRole(184)) - efb933de-cdd8-4d8d-88d2-4c7ffe0dec1a@group-EE856C9543A1: changes role from  FOLLOWER to FOLLOWER at term 337 for recognizeCandidate:5c3956af-60d3-411f-8c98-c7ed3576de5c
2019-10-16 21:53:32,933 [grpc-default-executor-5] INFO  impl.RaftServerImpl (RaftServerImpl.java:setRole(184)) - 9d88716d-5d6b-4fd8-b832-a110dc45ee66@group-EE856C9543A1: changes role from  FOLLOWER to FOLLOWER at term 337 for recognizeCandidate:5c3956af-60d3-411f-8c98-c7ed3576de5c
2019-10-16 21:53:32,933 [5c3956af-60d3-411f-8c98-c7ed3576de5c@group-EE856C9543A1-LeaderElection308] INFO  impl.LeaderElection (LeaderElection.java:logAndReturn(56)) - 5c3956af-60d3-411f-8c98-c7ed3576de5c@group-EE856C9543A1-LeaderElection308: Election TIMEOUT; received 0 response(s) [] and 0 exception(s); 5c3956af-60d3-411f-8c98-c7ed3576de5c@group-EE856C9543A1:t337, leader=null, voted=5c3956af-60d3-411f-8c98-c7ed3576de5c, raftlog=5c3956af-60d3-411f-8c98-c7ed3576de5c@group-EE856C9543A1-SegmentedRaftLog:OPENED:c-1,f-1,i0, conf=-1: [5c3956af-60d3-411f-8c98-c7ed3576de5c:192.168.34.38:33787, efb933de-cdd8-4d8d-88d2-4c7ffe0dec1a:192.168.34.38:42459, 9d88716d-5d6b-4fd8-b832-a110dc45ee66:192.168.34.38:38211], old=null
2019-10-16 21:53:32,933 [grpc-default-executor-5] INFO  impl.RoleInfo (RoleInfo.java:shutdownFollowerState(121)) - 9d88716d-5d6b-4fd8-b832-a110dc45ee66: shutdown FollowerState
2019-10-16 21:53:32,933 [grpc-default-executor-1] INFO  impl.RoleInfo (RoleInfo.java:shutdownFollowerState(121)) - efb933de-cdd8-4d8d-88d2-4c7ffe0dec1a: shutdown FollowerState
2019-10-16 21:53:32,934 [Thread-2264] INFO  impl.FollowerState (FollowerState.java:run(117)) - 9d88716d-5d6b-4fd8-b832-a110dc45ee66@group-EE856C9543A1-FollowerState was interrupted: java.lang.InterruptedException: sleep interrupted
2019-10-16 21:53:32,934 [grpc-default-executor-5] INFO  impl.RoleInfo (RoleInfo.java:updateAndGet(143)) - 9d88716d-5d6b-4fd8-b832-a110dc45ee66: start FollowerState
2019-10-16 21:53:32,934 [Thread-2263] INFO  impl.FollowerState (FollowerState.java:run(117)) - efb933de-cdd8-4d8d-88d2-4c7ffe0dec1a@group-EE856C9543A1-FollowerState was interrupted: java.lang.InterruptedException: sleep interrupted
2019-10-16 21:53:32,934 [grpc-default-executor-1] INFO  impl.RoleInfo (RoleInfo.java:updateAndGet(143)) - efb933de-cdd8-4d8d-88d2-4c7ffe0dec1a: start FollowerState
2019-10-16 21:53:32,947 [5c3956af-60d3-411f-8c98-c7ed3576de5c@group-EE856C9543A1-LeaderElection308] INFO  impl.LeaderElection (LeaderElection.java:askForVotes(178)) - 5c3956af-60d3-411f-8c98-c7ed3576de5c@group-EE856C9543A1-LeaderElection308: begin an election at term 338 for -1: [5c3956af-60d3-411f-8c98-c7ed3576de5c:192.168.34.38:33787, efb933de-cdd8-4d8d-88d2-4c7ffe0dec1a:192.168.34.38:42459, 9d88716d-5d6b-4fd8-b832-a110dc45ee66:192.168.34.38:38211], old=null
2019-10-16 21:53:32,949 [grpc-default-executor-5] INFO  impl.RaftServerImpl (RaftServerImpl.java:setRole(184)) - efb933de-cdd8-4d8d-88d2-4c7ffe0dec1a@group-EE856C9543A1: changes role from  FOLLOWER to FOLLOWER at term 338 for recognizeCandidate:5c3956af-60d3-411f-8c98-c7ed3576de5c
2019-10-16 21:53:32,949 [grpc-default-executor-5] INFO  impl.RoleInfo (RoleInfo.java:shutdownFollowerState(121)) - efb933de-cdd8-4d8d-88d2-4c7ffe0dec1a: shutdown FollowerState
2019-10-16 21:53:32,950 [grpc-default-executor-5] INFO  impl.RoleInfo (RoleInfo.java:updateAndGet(143)) - efb933de-cdd8-4d8d-88d2-4c7ffe0dec1a: start FollowerState
2019-10-16 21:53:32,950 [Thread-2270] INFO  impl.FollowerState (FollowerState.java:run(117)) - efb933de-cdd8-4d8d-88d2-4c7ffe0dec1a@group-EE856C9543A1-FollowerState was interrupted: java.lang.InterruptedException: sleep interrupted
2019-10-16 21:53:32,950 [grpc-default-executor-1] INFO  impl.RaftServerImpl (RaftServerImpl.java:setRole(184)) - 9d88716d-5d6b-4fd8-b832-a110dc45ee66@group-EE856C9543A1: changes role from  FOLLOWER to FOLLOWER at term 338 for recognizeCandidate:5c3956af-60d3-411f-8c98-c7ed3576de5c
2019-10-16 21:53:32,951 [grpc-default-executor-1] INFO  impl.RoleInfo (RoleInfo.java:shutdownFollowerState(121)) - 9d88716d-5d6b-4fd8-b832-a110dc45ee66: shutdown FollowerState
2019-10-16 21:53:32,951 [grpc-default-executor-1] INFO  impl.RoleInfo (RoleInfo.java:updateAndGet(143)) - 9d88716d-5d6b-4fd8-b832-a110dc45ee66: start FollowerState
2019-10-16 21:53:32,951 [Thread-2269] INFO  impl.FollowerState (FollowerState.java:run(117)) - 9d88716d-5d6b-4fd8-b832-a110dc45ee66@group-EE856C9543A1-FollowerState was interrupted: java.lang.InterruptedException: sleep interrupted
2019-10-16 21:53:32,965 [5c3956af-60d3-411f-8c98-c7ed3576de5c@group-EE856C9543A1-LeaderElection308] INFO  impl.LeaderElection (LeaderElection.java:logAndReturn(56)) - 5c3956af-60d3-411f-8c98-c7ed3576de5c@group-EE856C9543A1-LeaderElection308: Election REJECTED; received 2 response(s) [5c3956af-60d3-411f-8c98-c7ed3576de5c<-efb933de-cdd8-4d8d-88d2-4c7ffe0dec1a#0:FAIL-t338, 5c3956af-60d3-411f-8c98-c7ed3576de5c<-9d88716d-5d6b-4fd8-b832-a110dc45ee66#0:FAIL-t338] and 0 exception(s); 5c3956af-60d3-411f-8c98-c7ed3576de5c@group-EE856C9543A1:t338, leader=null, voted=5c3956af-60d3-411f-8c98-c7ed3576de5c, raftlog=5c3956af-60d3-411f-8c98-c7ed3576de5c@group-EE856C9543A1-SegmentedRaftLog:OPENED:c-1,f-1,i0, conf=-1: [5c3956af-60d3-411f-8c98-c7ed3576de5c:192.168.34.38:33787, efb933de-cdd8-4d8d-88d2-4c7ffe0dec1a:192.168.34.38:42459, 9d88716d-5d6b-4fd8-b832-a110dc45ee66:192.168.34.38:38211], old=null
2019-10-16 21:53:32,965 [5c3956af-60d3-411f-8c98-c7ed3576de5c@group-EE856C9543A1-LeaderElection308] INFO  impl.RaftServerImpl (RaftServerImpl.java:setRole(184)) - 5c3956af-60d3-411f-8c98-c7ed3576de5c@group-EE856C9543A1: changes role from CANDIDATE to FOLLOWER at term 338 for DISCOVERED_A_NEW_TERM
2019-10-16 21:53:32,965 [5c3956af-60d3-411f-8c98-c7ed3576de5c@group-EE856C9543A1-LeaderElection308] INFO  impl.RoleInfo (RoleInfo.java:shutdownLeaderElection(134)) - 5c3956af-60d3-411f-8c98-c7ed3576de5c: shutdown LeaderElection
2019-10-16 21:53:32,966 [5c3956af-60d3-411f-8c98-c7ed3576de5c@group-EE856C9543A1-LeaderElection308] INFO  impl.RoleInfo (RoleInfo.java:updateAndGet(143)) - 5c3956af-60d3-411f-8c98-c7ed3576de5c: start FollowerState
2019-10-16 21:53:33,143 [Thread-2275] INFO  impl.FollowerState (FollowerState.java:run(108)) - 5c3956af-60d3-411f-8c98-c7ed3576de5c@group-EE856C9543A1-FollowerState: change to CANDIDATE, lastRpcTime:177ms, electionTimeout:177ms
2019-10-16 21:53:33,143 [Thread-2275] INFO  impl.RoleInfo (RoleInfo.java:shutdownFollowerState(121)) - 5c3956af-60d3-411f-8c98-c7ed3576de5c: shutdown FollowerState
2019-10-16 21:53:33,144 [Thread-2275] INFO  impl.RaftServerImpl (RaftServerImpl.java:setRole(184)) - 5c3956af-60d3-411f-8c98-c7ed3576de5c@group-EE856C9543A1: changes role from  FOLLOWER to CANDIDATE at term 338 for changeToCandidate
2019-10-16 21:53:33,144 [Thread-2275] INFO  impl.RoleInfo (RoleInfo.java:updateAndGet(143)) - 5c3956af-60d3-411f-8c98-c7ed3576de5c: start LeaderElection
2019-10-16 21:53:33,158 [5c3956af-60d3-411f-8c98-c7ed3576de5c@group-EE856C9543A1-LeaderElection309] INFO  impl.LeaderElection (LeaderElection.java:askForVotes(178)) - 5c3956af-60d3-411f-8c98-c7ed3576de5c@group-EE856C9543A1-LeaderElection309: begin an election at term 339 for -1: [5c3956af-60d3-411f-8c98-c7ed3576de5c:192.168.34.38:33787, efb933de-cdd8-4d8d-88d2-4c7ffe0dec1a:192.168.34.38:42459, 9d88716d-5d6b-4fd8-b832-a110dc45ee66:192.168.34.38:38211], old=null
2019-10-16 21:53:33,161 [grpc-default-executor-1] INFO  impl.RaftServerImpl (RaftServerImpl.java:setRole(184)) - efb933de-cdd8-4d8d-88d2-4c7ffe0dec1a@group-EE856C9543A1: changes role from  FOLLOWER to FOLLOWER at term 339 for recognizeCandidate:5c3956af-60d3-411f-8c98-c7ed3576de5c
2019-10-16 21:53:33,161 [grpc-default-executor-1] INFO  impl.RoleInfo (RoleInfo.java:shutdownFollowerState(121)) - efb933de-cdd8-4d8d-88d2-4c7ffe0dec1a: shutdown FollowerState
2019-10-16 21:53:33,161 [grpc-default-executor-5] INFO  impl.RaftServerImpl (RaftServerImpl.java:setRole(184)) - 9d88716d-5d6b-4fd8-b832-a110dc45ee66@group-EE856C9543A1: changes role from  FOLLOWER to FOLLOWER at term 339 for recognizeCandidate:5c3956af-60d3-411f-8c98-c7ed3576de5c
2019-10-16 21:53:33,161 [Thread-2273] INFO  impl.FollowerState (FollowerState.java:run(117)) - efb933de-cdd8-4d8d-88d2-4c7ffe0dec1a@group-EE856C9543A1-FollowerState was interrupted: java.lang.InterruptedException: sleep interrupted
2019-10-16 21:53:33,161 [grpc-default-executor-1] INFO  impl.RoleInfo (RoleInfo.java:updateAndGet(143)) - efb933de-cdd8-4d8d-88d2-4c7ffe0dec1a: start FollowerState
2019-10-16 21:53:33,162 [grpc-default-executor-5] INFO  impl.RoleInfo (RoleInfo.java:shutdownFollowerState(121)) - 9d88716d-5d6b-4fd8-b832-a110dc45ee66: shutdown FollowerState
2019-10-16 21:53:33,162 [grpc-default-executor-5] INFO  impl.RoleInfo (RoleInfo.java:updateAndGet(143)) - 9d88716d-5d6b-4fd8-b832-a110dc45ee66: start FollowerState
2019-10-16 21:53:33,162 [Thread-2274] INFO  impl.FollowerState (FollowerState.java:run(117)) - 9d88716d-5d6b-4fd8-b832-a110dc45ee66@group-EE856C9543A1-FollowerState was interrupted: java.lang.InterruptedException: sleep interrupted
2019-10-16 21:53:33,184 [5c3956af-60d3-411f-8c98-c7ed3576de5c@group-EE856C9543A1-LeaderElection309] INFO  impl.LeaderElection (LeaderElection.java:logAndReturn(56)) - 5c3956af-60d3-411f-8c98-c7ed3576de5c@group-EE856C9543A1-LeaderElection309: Election REJECTED; received 2 response(s) [5c3956af-60d3-411f-8c98-c7ed3576de5c<-efb933de-cdd8-4d8d-88d2-4c7ffe0dec1a#0:FAIL-t339, 5c3956af-60d3-411f-8c98-c7ed3576de5c<-9d88716d-5d6b-4fd8-b832-a110dc45ee66#0:FAIL-t339] and 0 exception(s); 5c3956af-60d3-411f-8c98-c7ed3576de5c@group-EE856C9543A1:t339, leader=null, voted=5c3956af-60d3-411f-8c98-c7ed3576de5c, raftlog=5c3956af-60d3-411f-8c98-c7ed3576de5c@group-EE856C9543A1-SegmentedRaftLog:OPENED:c-1,f-1,i0, conf=-1: [5c3956af-60d3-411f-8c98-c7ed3576de5c:192.168.34.38:33787, efb933de-cdd8-4d8d-88d2-4c7ffe0dec1a:192.168.34.38:42459, 9d88716d-5d6b-4fd8-b832-a110dc45ee66:192.168.34.38:38211], old=null
2019-10-16 21:53:33,184 [5c3956af-60d3-411f-8c98-c7ed3576de5c@group-EE856C9543A1-LeaderElection309] INFO  impl.RaftServerImpl (RaftServerImpl.java:setRole(184)) - 5c3956af-60d3-411f-8c98-c7ed3576de5c@group-EE856C9543A1: changes role from CANDIDATE to FOLLOWER at term 339 for DISCOVERED_A_NEW_TERM
2019-10-16 21:53:33,184 [5c3956af-60d3-411f-8c98-c7ed3576de5c@group-EE856C9543A1-LeaderElection309] INFO  impl.RoleInfo (RoleInfo.java:shutdownLeaderElection(134)) - 5c3956af-60d3-411f-8c98-c7ed3576de5c: shutdown LeaderElection
2019-10-16 21:53:33,185 [5c3956af-60d3-411f-8c98-c7ed3576de5c@group-EE856C9543A1-LeaderElection309] INFO  impl.RoleInfo (RoleInfo.java:updateAndGet(143)) - 5c3956af-60d3-411f-8c98-c7ed3576de5c: start FollowerState
2019-10-16 21:53:33,309 [Thread-2281] INFO  impl.FollowerState (FollowerState.java:run(108)) - 5c3956af-60d3-411f-8c98-c7ed3576de5c@group-EE856C9543A1-FollowerState: change to CANDIDATE, lastRpcTime:124ms, electionTimeout:124ms
2019-10-16 21:53:33,309 [Thread-2281] INFO  impl.RoleInfo (RoleInfo.java:shutdownFollowerState(121)) - 5c3956af-60d3-411f-8c98-c7ed3576de5c: shutdown FollowerState
2019-10-16 21:53:33,309 [Thread-2281] INFO  impl.RaftServerImpl (RaftServerImpl.java:setRole(184)) - 5c3956af-60d3-411f-8c98-c7ed3576de5c@group-EE856C9543A1: changes role from  FOLLOWER to CANDIDATE at term 339 for changeToCandidate
2019-10-16 21:53:33,310 [Thread-2281] INFO  impl.RoleInfo (RoleInfo.java:updateAndGet(143)) - 5c3956af-60d3-411f-8c98-c7ed3576de5c: start LeaderElection
2019-10-16 21:53:33,324 [5c3956af-60d3-411f-8c98-c7ed3576de5c@group-EE856C9543A1-LeaderElection310] INFO  impl.LeaderElection (LeaderElection.java:askForVotes(178)) - 5c3956af-60d3-411f-8c98-c7ed3576de5c@group-EE856C9543A1-LeaderElection310: begin an election at term 340 for -1: [5c3956af-60d3-411f-8c98-c7ed3576de5c:192.168.34.38:33787, efb933de-cdd8-4d8d-88d2-4c7ffe0dec1a:192.168.34.38:42459, 9d88716d-5d6b-4fd8-b832-a110dc45ee66:192.168.34.38:38211], old=null
2019-10-16 21:53:33,326 [grpc-default-executor-5] INFO  impl.RaftServerImpl (RaftServerImpl.java:setRole(184)) - 9d88716d-5d6b-4fd8-b832-a110dc45ee66@group-EE856C9543A1: changes role from  FOLLOWER to FOLLOWER at term 340 for recognizeCandidate:5c3956af-60d3-411f-8c98-c7ed3576de5c
2019-10-16 21:53:33,327 [grpc-default-executor-5] INFO  impl.RoleInfo (RoleInfo.java:shutdownFollowerState(121)) - 9d88716d-5d6b-4fd8-b832-a110dc45ee66: shutdown FollowerState
2019-10-16 21:53:33,326 [grpc-default-executor-1] INFO  impl.RaftServerImpl (RaftServerImpl.java:setRole(184)) - efb933de-cdd8-4d8d-88d2-4c7ffe0dec1a@group-EE856C9543A1: changes role from  FOLLOWER to FOLLOWER at term 340 for recognizeCandidate:5c3956af-60d3-411f-8c98-c7ed3576de5c
2019-10-16 21:53:33,327 [Thread-2280] INFO  impl.FollowerState (FollowerState.java:run(117)) - 9d88716d-5d6b-4fd8-b832-a110dc45ee66@group-EE856C9543A1-FollowerState was interrupted: java.lang.InterruptedException: sleep interrupted
2019-10-16 21:53:33,327 [grpc-default-executor-5] INFO  impl.RoleInfo (RoleInfo.java:updateAndGet(143)) - 9d88716d-5d6b-4fd8-b832-a110dc45ee66: start FollowerState
2019-10-16 21:53:33,327 [grpc-default-executor-1] INFO  impl.RoleInfo (RoleInfo.java:shutdownFollowerState(121)) - efb933de-cdd8-4d8d-88d2-4c7ffe0dec1a: shutdown FollowerState
2019-10-16 21:53:33,328 [grpc-default-executor-1] INFO  impl.RoleInfo (RoleInfo.java:updateAndGet(143)) - efb933de-cdd8-4d8d-88d2-4c7ffe0dec1a: start FollowerState
2019-10-16 21:53:33,328 [Thread-2279] INFO  impl.FollowerState (FollowerState.java:run(117)) - efb933de-cdd8-4d8d-88d2-4c7ffe0dec1a@group-EE856C9543A1-FollowerState was interrupted: java.lang.InterruptedException: sleep interrupted
2019-10-16 21:53:33,342 [5c3956af-60d3-411f-8c98-c7ed3576de5c@group-EE856C9543A1-LeaderElection310] INFO  impl.LeaderElection (LeaderElection.java:logAndReturn(56)) - 5c3956af-60d3-411f-8c98-c7ed3576de5c@group-EE856C9543A1-LeaderElection310: Election REJECTED; received 2 response(s) [5c3956af-60d3-411f-8c98-c7ed3576de5c<-efb933de-cdd8-4d8d-88d2-4c7ffe0dec1a#0:FAIL-t340, 5c3956af-60d3-411f-8c98-c7ed3576de5c<-9d88716d-5d6b-4fd8-b832-a110dc45ee66#0:FAIL-t340] and 0 exception(s); 5c3956af-60d3-411f-8c98-c7ed3576de5c@group-EE856C9543A1:t340, leader=null, voted=5c3956af-60d3-411f-8c98-c7ed3576de5c, raftlog=5c3956af-60d3-411f-8c98-c7ed3576de5c@group-EE856C9543A1-SegmentedRaftLog:OPENED:c-1,f-1,i0, conf=-1: [5c3956af-60d3-411f-8c98-c7ed3576de5c:192.168.34.38:33787, efb933de-cdd8-4d8d-88d2-4c7ffe0dec1a:192.168.34.38:42459, 9d88716d-5d6b-4fd8-b832-a110dc45ee66:192.168.34.38:38211], old=null
2019-10-16 21:53:33,342 [5c3956af-60d3-411f-8c98-c7ed3576de5c@group-EE856C9543A1-LeaderElection310] INFO  impl.RaftServerImpl (RaftServerImpl.java:setRole(184)) - 5c3956af-60d3-411f-8c98-c7ed3576de5c@group-EE856C9543A1: changes role from CANDIDATE to FOLLOWER at term 340 for DISCOVERED_A_NEW_TERM
2019-10-16 21:53:33,342 [5c3956af-60d3-411f-8c98-c7ed3576de5c@group-EE856C9543A1-LeaderElection310] INFO  impl.RoleInfo (RoleInfo.java:shutdownLeaderElection(134)) - 5c3956af-60d3-411f-8c98-c7ed3576de5c: shutdown LeaderElection
2019-10-16 21:53:33,343 [5c3956af-60d3-411f-8c98-c7ed3576de5c@group-EE856C9543A1-LeaderElection310] INFO  impl.RoleInfo (RoleInfo.java:updateAndGet(143)) - 5c3956af-60d3-411f-8c98-c7ed3576de5c: start FollowerState
2019-10-16 21:53:33,447 [Thread-2287] INFO  impl.FollowerState (FollowerState.java:run(108)) - 5c3956af-60d3-411f-8c98-c7ed3576de5c@group-EE856C9543A1-FollowerState: change to CANDIDATE, lastRpcTime:104ms, electionTimeout:104ms
2019-10-16 21:53:33,447 [Thread-2287] INFO  impl.RoleInfo (RoleInfo.java:shutdownFollowerState(121)) - 5c3956af-60d3-411f-8c98-c7ed3576de5c: shutdown FollowerState
2019-10-16 21:53:33,447 [Thread-2287] INFO  impl.RaftServerImpl (RaftServerImpl.java:setRole(184)) - 5c3956af-60d3-411f-8c98-c7ed3576de5c@group-EE856C9543A1: changes role from  FOLLOWER to CANDIDATE at term 340 for changeToCandidate
2019-10-16 21:53:33,448 [Thread-2287] INFO  impl.RoleInfo (RoleInfo.java:updateAndGet(143)) - 5c3956af-60d3-411f-8c98-c7ed3576de5c: start LeaderElection
2019-10-16 21:53:33,462 [5c3956af-60d3-411f-8c98-c7ed3576de5c@group-EE856C9543A1-LeaderElection311] INFO  impl.LeaderElection (LeaderElection.java:askForVotes(178)) - 5c3956af-60d3-411f-8c98-c7ed3576de5c@group-EE856C9543A1-LeaderElection311: begin an election at term 341 for -1: [5c3956af-60d3-411f-8c98-c7ed3576de5c:192.168.34.38:33787, efb933de-cdd8-4d8d-88d2-4c7ffe0dec1a:192.168.34.38:42459, 9d88716d-5d6b-4fd8-b832-a110dc45ee66:192.168.34.38:38211], old=null
2019-10-16 21:53:33,465 [grpc-default-executor-5] INFO  impl.RaftServerImpl (RaftServerImpl.java:setRole(184)) - efb933de-cdd8-4d8d-88d2-4c7ffe0dec1a@group-EE856C9543A1: changes role from  FOLLOWER to FOLLOWER at term 341 for recognizeCandidate:5c3956af-60d3-411f-8c98-c7ed3576de5c
2019-10-16 21:53:33,465 [grpc-default-executor-5] INFO  impl.RoleInfo (RoleInfo.java:shutdownFollowerState(121)) - efb933de-cdd8-4d8d-88d2-4c7ffe0dec1a: shutdown FollowerState
2019-10-16 21:53:33,465 [grpc-default-executor-1] INFO  impl.RaftServerImpl (RaftServerImpl.java:setRole(184)) - 9d88716d-5d6b-4fd8-b832-a110dc45ee66@group-EE856C9543A1: changes role from  FOLLOWER to FOLLOWER at term 341 for recognizeCandidate:5c3956af-60d3-411f-8c98-c7ed3576de5c
2019-10-16 21:53:33,465 [Thread-2286] INFO  impl.FollowerState (FollowerState.java:run(117)) - efb933de-cdd8-4d8d-88d2-4c7ffe0dec1a@group-EE856C9543A1-FollowerState was interrupted: java.lang.InterruptedException: sleep interrupted
2019-10-16 21:53:33,465 [grpc-default-executor-5] INFO  impl.RoleInfo (RoleInfo.java:updateAndGet(143)) - efb933de-cdd8-4d8d-88d2-4c7ffe0dec1a: start FollowerState
2019-10-16 21:53:33,465 [grpc-default-executor-1] INFO  impl.RoleInfo (RoleInfo.java:shutdownFollowerState(121)) - 9d88716d-5d6b-4fd8-b832-a110dc45ee66: shutdown FollowerState
2019-10-16 21:53:33,466 [grpc-default-executor-1] INFO  impl.RoleInfo (RoleInfo.java:updateAndGet(143)) - 9d88716d-5d6b-4fd8-b832-a110dc45ee66: start FollowerState
2019-10-16 21:53:33,466 [Thread-2285] INFO  impl.FollowerState (FollowerState.java:run(117)) - 9d88716d-5d6b-4fd8-b832-a110dc45ee66@group-EE856C9543A1-FollowerState was interrupted: java.lang.InterruptedException: sleep interrupted
2019-10-16 21:53:33,480 [5c3956af-60d3-411f-8c98-c7ed3576de5c@group-EE856C9543A1-LeaderElection311] INFO  impl.LeaderElection (LeaderElection.java:logAndReturn(56)) - 5c3956af-60d3-411f-8c98-c7ed3576de5c@group-EE856C9543A1-LeaderElection311: Election REJECTED; received 2 response(s) [5c3956af-60d3-411f-8c98-c7ed3576de5c<-efb933de-cdd8-4d8d-88d2-4c7ffe0dec1a#0:FAIL-t341, 5c3956af-60d3-411f-8c98-c7ed3576de5c<-9d88716d-5d6b-4fd8-b832-a110dc45ee66#0:FAIL-t341] and 0 exception(s); 5c3956af-60d3-411f-8c98-c7ed3576de5c@group-EE856C9543A1:t341, leader=null, voted=5c3956af-60d3-411f-8c98-c7ed3576de5c, raftlog=5c3956af-60d3-411f-8c98-c7ed3576de5c@group-EE856C9543A1-SegmentedRaftLog:OPENED:c-1,f-1,i0, conf=-1: [5c3956af-60d3-411f-8c98-c7ed3576de5c:192.168.34.38:33787, efb933de-cdd8-4d8d-88d2-4c7ffe0dec1a:192.168.34.38:42459, 9d88716d-5d6b-4fd8-b832-a110dc45ee66:192.168.34.38:38211], old=null
2019-10-16 21:53:33,480 [5c3956af-60d3-411f-8c98-c7ed3576de5c@group-EE856C9543A1-LeaderElection311] INFO  impl.RaftServerImpl (RaftServerImpl.java:setRole(184)) - 5c3956af-60d3-411f-8c98-c7ed3576de5c@group-EE856C9543A1: changes role from CANDIDATE to FOLLOWER at term 341 for DISCOVERED_A_NEW_TERM
2019-10-16 21:53:33,480 [5c3956af-60d3-411f-8c98-c7ed3576de5c@group-EE856C9543A1-LeaderElection311] INFO  impl.RoleInfo (RoleInfo.java:shutdownLeaderElection(134)) - 5c3956af-60d3-411f-8c98-c7ed3576de5c: shutdown LeaderElection
2019-10-16 21:53:33,480 [5c3956af-60d3-411f-8c98-c7ed3576de5c@group-EE856C9543A1-LeaderElection311] INFO  impl.RoleInfo (RoleInfo.java:updateAndGet(143)) - 5c3956af-60d3-411f-8c98-c7ed3576de5c: start FollowerState
2019-10-16 21:53:33,518 [Thread-2293] INFO  impl.FollowerState (FollowerState.java:run(108)) - 5c3956af-60d3-411f-8c98-c7ed3576de5c@group-EE856C9543A1-FollowerState: change to CANDIDATE, lastRpcTime:37ms, electionTimeout:37ms
2019-10-16 21:53:33,518 [Thread-2293] INFO  impl.RoleInfo (RoleInfo.java:shutdownFollowerState(121)) - 5c3956af-60d3-411f-8c98-c7ed3576de5c: shutdown FollowerState
2019-10-16 21:53:33,518 [Thread-2293] INFO  impl.RaftServerImpl (RaftServerImpl.java:setRole(184)) - 5c3956af-60d3-411f-8c98-c7ed3576de5c@group-EE856C9543A1: changes role from  FOLLOWER to CANDIDATE at term 341 for changeToCandidate
2019-10-16 21:53:33,518 [Thread-2293] INFO  impl.RoleInfo (RoleInfo.java:updateAndGet(143)) - 5c3956af-60d3-411f-8c98-c7ed3576de5c: start LeaderElection
2019-10-16 21:53:33,532 [5c3956af-60d3-411f-8c98-c7ed3576de5c@group-EE856C9543A1-LeaderElection312] INFO  impl.LeaderElection (LeaderElection.java:askForVotes(178)) - 5c3956af-60d3-411f-8c98-c7ed3576de5c@group-EE856C9543A1-LeaderElection312: begin an election at term 342 for -1: [5c3956af-60d3-411f-8c98-c7ed3576de5c:192.168.34.38:33787, efb933de-cdd8-4d8d-88d2-4c7ffe0dec1a:192.168.34.38:42459, 9d88716d-5d6b-4fd8-b832-a110dc45ee66:192.168.34.38:38211], old=null
2019-10-16 21:53:33,534 [grpc-default-executor-1] INFO  impl.RaftServerImpl (RaftServerImpl.java:setRole(184)) - efb933de-cdd8-4d8d-88d2-4c7ffe0dec1a@group-EE856C9543A1: changes role from  FOLLOWER to FOLLOWER at term 342 for recognizeCandidate:5c3956af-60d3-411f-8c98-c7ed3576de5c
2019-10-16 21:53:33,534 [grpc-default-executor-1] INFO  impl.RoleInfo (RoleInfo.java:shutdownFollowerState(121)) - efb933de-cdd8-4d8d-88d2-4c7ffe0dec1a: shutdown FollowerState
2019-10-16 21:53:33,534 [grpc-default-executor-5] INFO  impl.RaftServerImpl (RaftServerImpl.java:setRole(184)) - 9d88716d-5d6b-4fd8-b832-a110dc45ee66@group-EE856C9543A1: changes role from  FOLLOWER to FOLLOWER at term 342 for recognizeCandidate:5c3956af-60d3-411f-8c98-c7ed3576de5c
2019-10-16 21:53:33,535 [grpc-default-executor-5] INFO  impl.RoleInfo (RoleInfo.java:shutdownFollowerState(121)) - 9d88716d-5d6b-4fd8-b832-a110dc45ee66: shutdown FollowerState
2019-10-16 21:53:33,535 [Thread-2291] INFO  impl.FollowerState (FollowerState.java:run(117)) - efb933de-cdd8-4d8d-88d2-4c7ffe0dec1a@group-EE856C9543A1-FollowerState was interrupted: java.lang.InterruptedException: sleep interrupted
2019-10-16 21:53:33,535 [grpc-default-executor-1] INFO  impl.RoleInfo (RoleInfo.java:updateAndGet(143)) - efb933de-cdd8-4d8d-88d2-4c7ffe0dec1a: start FollowerState
2019-10-16 21:53:33,535 [Thread-2292] INFO  impl.FollowerState (FollowerState.java:run(117)) - 9d88716d-5d6b-4fd8-b832-a110dc45ee66@group-EE856C9543A1-FollowerState was interrupted: java.lang.InterruptedException: sleep interrupted
2019-10-16 21:53:33,535 [grpc-default-executor-5] INFO  impl.RoleInfo (RoleInfo.java:updateAndGet(143)) - 9d88716d-5d6b-4fd8-b832-a110dc45ee66: start FollowerState
2019-10-16 21:53:33,549 [5c3956af-60d3-411f-8c98-c7ed3576de5c@group-EE856C9543A1-LeaderElection312] INFO  impl.LeaderElection (LeaderElection.java:logAndReturn(56)) - 5c3956af-60d3-411f-8c98-c7ed3576de5c@group-EE856C9543A1-LeaderElection312: Election REJECTED; received 2 response(s) [5c3956af-60d3-411f-8c98-c7ed3576de5c<-efb933de-cdd8-4d8d-88d2-4c7ffe0dec1a#0:FAIL-t342, 5c3956af-60d3-411f-8c98-c7ed3576de5c<-9d88716d-5d6b-4fd8-b832-a110dc45ee66#0:FAIL-t342] and 0 exception(s); 5c3956af-60d3-411f-8c98-c7ed3576de5c@group-EE856C9543A1:t342, leader=null, voted=5c3956af-60d3-411f-8c98-c7ed3576de5c, raftlog=5c3956af-60d3-411f-8c98-c7ed3576de5c@group-EE856C9543A1-SegmentedRaftLog:OPENED:c-1,f-1,i0, conf=-1: [5c3956af-60d3-411f-8c98-c7ed3576de5c:192.168.34.38:33787, efb933de-cdd8-4d8d-88d2-4c7ffe0dec1a:192.168.34.38:42459, 9d88716d-5d6b-4fd8-b832-a110dc45ee66:192.168.34.38:38211], old=null
2019-10-16 21:53:33,549 [5c3956af-60d3-411f-8c98-c7ed3576de5c@group-EE856C9543A1-LeaderElection312] INFO  impl.RaftServerImpl (RaftServerImpl.java:setRole(184)) - 5c3956af-60d3-411f-8c98-c7ed3576de5c@group-EE856C9543A1: changes role from CANDIDATE to FOLLOWER at term 342 for DISCOVERED_A_NEW_TERM
2019-10-16 21:53:33,549 [5c3956af-60d3-411f-8c98-c7ed3576de5c@group-EE856C9543A1-LeaderElection312] INFO  impl.RoleInfo (RoleInfo.java:shutdownLeaderElection(134)) - 5c3956af-60d3-411f-8c98-c7ed3576de5c: shutdown LeaderElection
2019-10-16 21:53:33,549 [5c3956af-60d3-411f-8c98-c7ed3576de5c@group-EE856C9543A1-LeaderElection312] INFO  impl.RoleInfo (RoleInfo.java:updateAndGet(143)) - 5c3956af-60d3-411f-8c98-c7ed3576de5c: start FollowerState
2019-10-16 21:53:33,642 [JUnit] INFO  ozone.MiniOzoneClusterImpl (MiniOzoneClusterImpl.java:lambda$waitForClusterToBeReady$2(164)) - Waiting for 1 number of pipelines out of 6, to report a leader.
2019-10-16 21:53:33,667 [Thread-2299] INFO  impl.FollowerState (FollowerState.java:run(108)) - 5c3956af-60d3-411f-8c98-c7ed3576de5c@group-EE856C9543A1-FollowerState: change to CANDIDATE, lastRpcTime:117ms, electionTimeout:117ms
2019-10-16 21:53:33,667 [Thread-2299] INFO  impl.RoleInfo (RoleInfo.java:shutdownFollowerState(121)) - 5c3956af-60d3-411f-8c98-c7ed3576de5c: shutdown FollowerState
2019-10-16 21:53:33,667 [Thread-2299] INFO  impl.RaftServerImpl (RaftServerImpl.java:setRole(184)) - 5c3956af-60d3-411f-8c98-c7ed3576de5c@group-EE856C9543A1: changes role from  FOLLOWER to CANDIDATE at term 342 for changeToCandidate
2019-10-16 21:53:33,667 [Thread-2299] INFO  impl.RoleInfo (RoleInfo.java:updateAndGet(143)) - 5c3956af-60d3-411f-8c98-c7ed3576de5c: start LeaderElection
2019-10-16 21:53:33,681 [5c3956af-60d3-411f-8c98-c7ed3576de5c@group-EE856C9543A1-LeaderElection313] INFO  impl.LeaderElection (LeaderElection.java:askForVotes(178)) - 5c3956af-60d3-411f-8c98-c7ed3576de5c@group-EE856C9543A1-LeaderElection313: begin an election at term 343 for -1: [5c3956af-60d3-411f-8c98-c7ed3576de5c:192.168.34.38:33787, efb933de-cdd8-4d8d-88d2-4c7ffe0dec1a:192.168.34.38:42459, 9d88716d-5d6b-4fd8-b832-a110dc45ee66:192.168.34.38:38211], old=null
2019-10-16 21:53:33,683 [grpc-default-executor-1] INFO  impl.RaftServerImpl (RaftServerImpl.java:setRole(184)) - efb933de-cdd8-4d8d-88d2-4c7ffe0dec1a@group-EE856C9543A1: changes role from  FOLLOWER to FOLLOWER at term 343 for recognizeCandidate:5c3956af-60d3-411f-8c98-c7ed3576de5c
2019-10-16 21:53:33,683 [grpc-default-executor-5] INFO  impl.RaftServerImpl (RaftServerImpl.java:setRole(184)) - 9d88716d-5d6b-4fd8-b832-a110dc45ee66@group-EE856C9543A1: changes role from  FOLLOWER to FOLLOWER at term 343 for recognizeCandidate:5c3956af-60d3-411f-8c98-c7ed3576de5c
2019-10-16 21:53:33,683 [grpc-default-executor-1] INFO  impl.RoleInfo (RoleInfo.java:shutdownFollowerState(121)) - efb933de-cdd8-4d8d-88d2-4c7ffe0dec1a: shutdown FollowerState
2019-10-16 21:53:33,683 [grpc-default-executor-5] INFO  impl.RoleInfo (RoleInfo.java:shutdownFollowerState(121)) - 9d88716d-5d6b-4fd8-b832-a110dc45ee66: shutdown FollowerState
2019-10-16 21:53:33,683 [Thread-2297] INFO  impl.FollowerState (FollowerState.java:run(117)) - efb933de-cdd8-4d8d-88d2-4c7ffe0dec1a@group-EE856C9543A1-FollowerState was interrupted: java.lang.InterruptedException: sleep interrupted
2019-10-16 21:53:33,683 [Thread-2298] INFO  impl.FollowerState (FollowerState.java:run(117)) - 9d88716d-5d6b-4fd8-b832-a110dc45ee66@group-EE856C9543A1-FollowerState was interrupted: java.lang.InterruptedException: sleep interrupted
2019-10-16 21:53:33,683 [grpc-default-executor-1] INFO  impl.RoleInfo (RoleInfo.java:updateAndGet(143)) - efb933de-cdd8-4d8d-88d2-4c7ffe0dec1a: start FollowerState
2019-10-16 21:53:33,683 [grpc-default-executor-5] INFO  impl.RoleInfo (RoleInfo.java:updateAndGet(143)) - 9d88716d-5d6b-4fd8-b832-a110dc45ee66: start FollowerState
2019-10-16 21:53:33,701 [5c3956af-60d3-411f-8c98-c7ed3576de5c@group-EE856C9543A1-LeaderElection313] INFO  impl.LeaderElection (LeaderElection.java:logAndReturn(56)) - 5c3956af-60d3-411f-8c98-c7ed3576de5c@group-EE856C9543A1-LeaderElection313: Election REJECTED; received 2 response(s) [5c3956af-60d3-411f-8c98-c7ed3576de5c<-efb933de-cdd8-4d8d-88d2-4c7ffe0dec1a#0:FAIL-t343, 5c3956af-60d3-411f-8c98-c7ed3576de5c<-9d88716d-5d6b-4fd8-b832-a110dc45ee66#0:FAIL-t343] and 0 exception(s); 5c3956af-60d3-411f-8c98-c7ed3576de5c@group-EE856C9543A1:t343, leader=null, voted=5c3956af-60d3-411f-8c98-c7ed3576de5c, raftlog=5c3956af-60d3-411f-8c98-c7ed3576de5c@group-EE856C9543A1-SegmentedRaftLog:OPENED:c-1,f-1,i0, conf=-1: [5c3956af-60d3-411f-8c98-c7ed3576de5c:192.168.34.38:33787, efb933de-cdd8-4d8d-88d2-4c7ffe0dec1a:192.168.34.38:42459, 9d88716d-5d6b-4fd8-b832-a110dc45ee66:192.168.34.38:38211], old=null
2019-10-16 21:53:33,701 [5c3956af-60d3-411f-8c98-c7ed3576de5c@group-EE856C9543A1-LeaderElection313] INFO  impl.RaftServerImpl (RaftServerImpl.java:setRole(184)) - 5c3956af-60d3-411f-8c98-c7ed3576de5c@group-EE856C9543A1: changes role from CANDIDATE to FOLLOWER at term 343 for DISCOVERED_A_NEW_TERM
2019-10-16 21:53:33,701 [5c3956af-60d3-411f-8c98-c7ed3576de5c@group-EE856C9543A1-LeaderElection313] INFO  impl.RoleInfo (RoleInfo.java:shutdownLeaderElection(134)) - 5c3956af-60d3-411f-8c98-c7ed3576de5c: shutdown LeaderElection
2019-10-16 21:53:33,702 [5c3956af-60d3-411f-8c98-c7ed3576de5c@group-EE856C9543A1-LeaderElection313] INFO  impl.RoleInfo (RoleInfo.java:updateAndGet(143)) - 5c3956af-60d3-411f-8c98-c7ed3576de5c: start FollowerState
2019-10-16 21:53:33,786 [Thread-2305] INFO  impl.FollowerState (FollowerState.java:run(108)) - 5c3956af-60d3-411f-8c98-c7ed3576de5c@group-EE856C9543A1-FollowerState: change to CANDIDATE, lastRpcTime:84ms, electionTimeout:84ms
2019-10-16 21:53:33,786 [Thread-2305] INFO  impl.RoleInfo (RoleInfo.java:shutdownFollowerState(121)) - 5c3956af-60d3-411f-8c98-c7ed3576de5c: shutdown FollowerState
2019-10-16 21:53:33,786 [Thread-2305] INFO  impl.RaftServerImpl (RaftServerImpl.java:setRole(184)) - 5c3956af-60d3-411f-8c98-c7ed3576de5c@group-EE856C9543A1: changes role from  FOLLOWER to CANDIDATE at term 343 for changeToCandidate
2019-10-16 21:53:33,787 [Thread-2305] INFO  impl.RoleInfo (RoleInfo.java:updateAndGet(143)) - 5c3956af-60d3-411f-8c98-c7ed3576de5c: start LeaderElection
2019-10-16 21:53:33,801 [5c3956af-60d3-411f-8c98-c7ed3576de5c@group-EE856C9543A1-LeaderElection314] INFO  impl.LeaderElection (LeaderElection.java:askForVotes(178)) - 5c3956af-60d3-411f-8c98-c7ed3576de5c@group-EE856C9543A1-LeaderElection314: begin an election at term 344 for -1: [5c3956af-60d3-411f-8c98-c7ed3576de5c:192.168.34.38:33787, efb933de-cdd8-4d8d-88d2-4c7ffe0dec1a:192.168.34.38:42459, 9d88716d-5d6b-4fd8-b832-a110dc45ee66:192.168.34.38:38211], old=null
2019-10-16 21:53:33,802 [grpc-default-executor-5] INFO  impl.RaftServerImpl (RaftServerImpl.java:setRole(184)) - efb933de-cdd8-4d8d-88d2-4c7ffe0dec1a@group-EE856C9543A1: changes role from  FOLLOWER to FOLLOWER at term 344 for recognizeCandidate:5c3956af-60d3-411f-8c98-c7ed3576de5c
2019-10-16 21:53:33,802 [grpc-default-executor-1] INFO  impl.RaftServerImpl (RaftServerImpl.java:setRole(184)) - 9d88716d-5d6b-4fd8-b832-a110dc45ee66@group-EE856C9543A1: changes role from  FOLLOWER to FOLLOWER at term 344 for recognizeCandidate:5c3956af-60d3-411f-8c98-c7ed3576de5c
2019-10-16 21:53:33,803 [grpc-default-executor-1] INFO  impl.RoleInfo (RoleInfo.java:shutdownFollowerState(121)) - 9d88716d-5d6b-4fd8-b832-a110dc45ee66: shutdown FollowerState
2019-10-16 21:53:33,803 [grpc-default-executor-5] INFO  impl.RoleInfo (RoleInfo.java:shutdownFollowerState(121)) - efb933de-cdd8-4d8d-88d2-4c7ffe0dec1a: shutdown FollowerState
2019-10-16 21:53:33,803 [Thread-2304] INFO  impl.FollowerState (FollowerState.java:run(117)) - 9d88716d-5d6b-4fd8-b832-a110dc45ee66@group-EE856C9543A1-FollowerState was interrupted: java.lang.InterruptedException: sleep interrupted
2019-10-16 21:53:33,803 [grpc-default-executor-1] INFO  impl.RoleInfo (RoleInfo.java:updateAndGet(143)) - 9d88716d-5d6b-4fd8-b832-a110dc45ee66: start FollowerState
2019-10-16 21:53:33,803 [Thread-2303] INFO  impl.FollowerState (FollowerState.java:run(117)) - efb933de-cdd8-4d8d-88d2-4c7ffe0dec1a@group-EE856C9543A1-FollowerState was interrupted: java.lang.InterruptedException: sleep interrupted
2019-10-16 21:53:33,803 [grpc-default-executor-5] INFO  impl.RoleInfo (RoleInfo.java:updateAndGet(143)) - efb933de-cdd8-4d8d-88d2-4c7ffe0dec1a: start FollowerState
2019-10-16 21:53:33,818 [5c3956af-60d3-411f-8c98-c7ed3576de5c@group-EE856C9543A1-LeaderElection314] INFO  impl.LeaderElection (LeaderElection.java:logAndReturn(56)) - 5c3956af-60d3-411f-8c98-c7ed3576de5c@group-EE856C9543A1-LeaderElection314: Election REJECTED; received 2 response(s) [5c3956af-60d3-411f-8c98-c7ed3576de5c<-efb933de-cdd8-4d8d-88d2-4c7ffe0dec1a#0:FAIL-t344, 5c3956af-60d3-411f-8c98-c7ed3576de5c<-9d88716d-5d6b-4fd8-b832-a110dc45ee66#0:FAIL-t344] and 0 exception(s); 5c3956af-60d3-411f-8c98-c7ed3576de5c@group-EE856C9543A1:t344, leader=null, voted=5c3956af-60d3-411f-8c98-c7ed3576de5c, raftlog=5c3956af-60d3-411f-8c98-c7ed3576de5c@group-EE856C9543A1-SegmentedRaftLog:OPENED:c-1,f-1,i0, conf=-1: [5c3956af-60d3-411f-8c98-c7ed3576de5c:192.168.34.38:33787, efb933de-cdd8-4d8d-88d2-4c7ffe0dec1a:192.168.34.38:42459, 9d88716d-5d6b-4fd8-b832-a110dc45ee66:192.168.34.38:38211], old=null
2019-10-16 21:53:33,818 [5c3956af-60d3-411f-8c98-c7ed3576de5c@group-EE856C9543A1-LeaderElection314] INFO  impl.RaftServerImpl (RaftServerImpl.java:setRole(184)) - 5c3956af-60d3-411f-8c98-c7ed3576de5c@group-EE856C9543A1: changes role from CANDIDATE to FOLLOWER at term 344 for DISCOVERED_A_NEW_TERM
2019-10-16 21:53:33,818 [5c3956af-60d3-411f-8c98-c7ed3576de5c@group-EE856C9543A1-LeaderElection314] INFO  impl.RoleInfo (RoleInfo.java:shutdownLeaderElection(134)) - 5c3956af-60d3-411f-8c98-c7ed3576de5c: shutdown LeaderElection
2019-10-16 21:53:33,818 [5c3956af-60d3-411f-8c98-c7ed3576de5c@group-EE856C9543A1-LeaderElection314] INFO  impl.RoleInfo (RoleInfo.java:updateAndGet(143)) - 5c3956af-60d3-411f-8c98-c7ed3576de5c: start FollowerState
2019-10-16 21:53:34,001 [Thread-2311] INFO  impl.FollowerState (FollowerState.java:run(108)) - 5c3956af-60d3-411f-8c98-c7ed3576de5c@group-EE856C9543A1-FollowerState: change to CANDIDATE, lastRpcTime:183ms, electionTimeout:183ms
2019-10-16 21:53:34,002 [Thread-2311] INFO  impl.RoleInfo (RoleInfo.java:shutdownFollowerState(121)) - 5c3956af-60d3-411f-8c98-c7ed3576de5c: shutdown FollowerState
2019-10-16 21:53:34,002 [Thread-2311] INFO  impl.RaftServerImpl (RaftServerImpl.java:setRole(184)) - 5c3956af-60d3-411f-8c98-c7ed3576de5c@group-EE856C9543A1: changes role from  FOLLOWER to CANDIDATE at term 344 for changeToCandidate
2019-10-16 21:53:34,002 [Thread-2311] INFO  impl.RoleInfo (RoleInfo.java:updateAndGet(143)) - 5c3956af-60d3-411f-8c98-c7ed3576de5c: start LeaderElection
2019-10-16 21:53:34,015 [5c3956af-60d3-411f-8c98-c7ed3576de5c@group-EE856C9543A1-LeaderElection315] INFO  impl.LeaderElection (LeaderElection.java:askForVotes(178)) - 5c3956af-60d3-411f-8c98-c7ed3576de5c@group-EE856C9543A1-LeaderElection315: begin an election at term 345 for -1: [5c3956af-60d3-411f-8c98-c7ed3576de5c:192.168.34.38:33787, efb933de-cdd8-4d8d-88d2-4c7ffe0dec1a:192.168.34.38:42459, 9d88716d-5d6b-4fd8-b832-a110dc45ee66:192.168.34.38:38211], old=null
2019-10-16 21:53:34,017 [grpc-default-executor-1] INFO  impl.RaftServerImpl (RaftServerImpl.java:setRole(184)) - efb933de-cdd8-4d8d-88d2-4c7ffe0dec1a@group-EE856C9543A1: changes role from  FOLLOWER to FOLLOWER at term 345 for recognizeCandidate:5c3956af-60d3-411f-8c98-c7ed3576de5c
2019-10-16 21:53:34,017 [grpc-default-executor-5] INFO  impl.RaftServerImpl (RaftServerImpl.java:setRole(184)) - 9d88716d-5d6b-4fd8-b832-a110dc45ee66@group-EE856C9543A1: changes role from  FOLLOWER to FOLLOWER at term 345 for recognizeCandidate:5c3956af-60d3-411f-8c98-c7ed3576de5c
2019-10-16 21:53:34,017 [grpc-default-executor-1] INFO  impl.RoleInfo (RoleInfo.java:shutdownFollowerState(121)) - efb933de-cdd8-4d8d-88d2-4c7ffe0dec1a: shutdown FollowerState
2019-10-16 21:53:34,017 [grpc-default-executor-5] INFO  impl.RoleInfo (RoleInfo.java:shutdownFollowerState(121)) - 9d88716d-5d6b-4fd8-b832-a110dc45ee66: shutdown FollowerState
2019-10-16 21:53:34,018 [Thread-2310] INFO  impl.FollowerState (FollowerState.java:run(117)) - efb933de-cdd8-4d8d-88d2-4c7ffe0dec1a@group-EE856C9543A1-FollowerState was interrupted: java.lang.InterruptedException: sleep interrupted
2019-10-16 21:53:34,018 [Thread-2309] INFO  impl.FollowerState (FollowerState.java:run(117)) - 9d88716d-5d6b-4fd8-b832-a110dc45ee66@group-EE856C9543A1-FollowerState was interrupted: java.lang.InterruptedException: sleep interrupted
2019-10-16 21:53:34,017 [grpc-default-executor-1] INFO  impl.RoleInfo (RoleInfo.java:updateAndGet(143)) - efb933de-cdd8-4d8d-88d2-4c7ffe0dec1a: start FollowerState
2019-10-16 21:53:34,018 [grpc-default-executor-5] INFO  impl.RoleInfo (RoleInfo.java:updateAndGet(143)) - 9d88716d-5d6b-4fd8-b832-a110dc45ee66: start FollowerState
2019-10-16 21:53:34,033 [5c3956af-60d3-411f-8c98-c7ed3576de5c@group-EE856C9543A1-LeaderElection315] INFO  impl.LeaderElection (LeaderElection.java:logAndReturn(56)) - 5c3956af-60d3-411f-8c98-c7ed3576de5c@group-EE856C9543A1-LeaderElection315: Election REJECTED; received 2 response(s) [5c3956af-60d3-411f-8c98-c7ed3576de5c<-efb933de-cdd8-4d8d-88d2-4c7ffe0dec1a#0:FAIL-t345, 5c3956af-60d3-411f-8c98-c7ed3576de5c<-9d88716d-5d6b-4fd8-b832-a110dc45ee66#0:FAIL-t345] and 0 exception(s); 5c3956af-60d3-411f-8c98-c7ed3576de5c@group-EE856C9543A1:t345, leader=null, voted=5c3956af-60d3-411f-8c98-c7ed3576de5c, raftlog=5c3956af-60d3-411f-8c98-c7ed3576de5c@group-EE856C9543A1-SegmentedRaftLog:OPENED:c-1,f-1,i0, conf=-1: [5c3956af-60d3-411f-8c98-c7ed3576de5c:192.168.34.38:33787, efb933de-cdd8-4d8d-88d2-4c7ffe0dec1a:192.168.34.38:42459, 9d88716d-5d6b-4fd8-b832-a110dc45ee66:192.168.34.38:38211], old=null
2019-10-16 21:53:34,033 [5c3956af-60d3-411f-8c98-c7ed3576de5c@group-EE856C9543A1-LeaderElection315] INFO  impl.RaftServerImpl (RaftServerImpl.java:setRole(184)) - 5c3956af-60d3-411f-8c98-c7ed3576de5c@group-EE856C9543A1: changes role from CANDIDATE to FOLLOWER at term 345 for DISCOVERED_A_NEW_TERM
2019-10-16 21:53:34,033 [5c3956af-60d3-411f-8c98-c7ed3576de5c@group-EE856C9543A1-LeaderElection315] INFO  impl.RoleInfo (RoleInfo.java:shutdownLeaderElection(134)) - 5c3956af-60d3-411f-8c98-c7ed3576de5c: shutdown LeaderElection
2019-10-16 21:53:34,033 [5c3956af-60d3-411f-8c98-c7ed3576de5c@group-EE856C9543A1-LeaderElection315] INFO  impl.RoleInfo (RoleInfo.java:updateAndGet(143)) - 5c3956af-60d3-411f-8c98-c7ed3576de5c: start FollowerState
2019-10-16 21:53:34,205 [Thread-2317] INFO  impl.FollowerState (FollowerState.java:run(108)) - 5c3956af-60d3-411f-8c98-c7ed3576de5c@group-EE856C9543A1-FollowerState: change to CANDIDATE, lastRpcTime:172ms, electionTimeout:172ms
2019-10-16 21:53:34,206 [Thread-2317] INFO  impl.RoleInfo (RoleInfo.java:shutdownFollowerState(121)) - 5c3956af-60d3-411f-8c98-c7ed3576de5c: shutdown FollowerState
2019-10-16 21:53:34,206 [Thread-2317] INFO  impl.RaftServerImpl (RaftServerImpl.java:setRole(184)) - 5c3956af-60d3-411f-8c98-c7ed3576de5c@group-EE856C9543A1: changes role from  FOLLOWER to CANDIDATE at term 345 for changeToCandidate
2019-10-16 21:53:34,206 [Thread-2317] INFO  impl.RoleInfo (RoleInfo.java:updateAndGet(143)) - 5c3956af-60d3-411f-8c98-c7ed3576de5c: start LeaderElection
2019-10-16 21:53:34,219 [5c3956af-60d3-411f-8c98-c7ed3576de5c@group-EE856C9543A1-LeaderElection316] INFO  impl.LeaderElection (LeaderElection.java:askForVotes(178)) - 5c3956af-60d3-411f-8c98-c7ed3576de5c@group-EE856C9543A1-LeaderElection316: begin an election at term 346 for -1: [5c3956af-60d3-411f-8c98-c7ed3576de5c:192.168.34.38:33787, efb933de-cdd8-4d8d-88d2-4c7ffe0dec1a:192.168.34.38:42459, 9d88716d-5d6b-4fd8-b832-a110dc45ee66:192.168.34.38:38211], old=null
2019-10-16 21:53:34,221 [grpc-default-executor-1] INFO  impl.RaftServerImpl (RaftServerImpl.java:setRole(184)) - efb933de-cdd8-4d8d-88d2-4c7ffe0dec1a@group-EE856C9543A1: changes role from  FOLLOWER to FOLLOWER at term 346 for recognizeCandidate:5c3956af-60d3-411f-8c98-c7ed3576de5c
2019-10-16 21:53:34,221 [grpc-default-executor-5] INFO  impl.RaftServerImpl (RaftServerImpl.java:setRole(184)) - 9d88716d-5d6b-4fd8-b832-a110dc45ee66@group-EE856C9543A1: changes role from  FOLLOWER to FOLLOWER at term 346 for recognizeCandidate:5c3956af-60d3-411f-8c98-c7ed3576de5c
2019-10-16 21:53:34,221 [grpc-default-executor-1] INFO  impl.RoleInfo (RoleInfo.java:shutdownFollowerState(121)) - efb933de-cdd8-4d8d-88d2-4c7ffe0dec1a: shutdown FollowerState
2019-10-16 21:53:34,222 [grpc-default-executor-5] INFO  impl.RoleInfo (RoleInfo.java:shutdownFollowerState(121)) - 9d88716d-5d6b-4fd8-b832-a110dc45ee66: shutdown FollowerState
2019-10-16 21:53:34,222 [Thread-2315] INFO  impl.FollowerState (FollowerState.java:run(117)) - efb933de-cdd8-4d8d-88d2-4c7ffe0dec1a@group-EE856C9543A1-FollowerState was interrupted: java.lang.InterruptedException: sleep interrupted
2019-10-16 21:53:34,222 [Thread-2316] INFO  impl.FollowerState (FollowerState.java:run(117)) - 9d88716d-5d6b-4fd8-b832-a110dc45ee66@group-EE856C9543A1-FollowerState was interrupted: java.lang.InterruptedException: sleep interrupted
2019-10-16 21:53:34,222 [grpc-default-executor-1] INFO  impl.RoleInfo (RoleInfo.java:updateAndGet(143)) - efb933de-cdd8-4d8d-88d2-4c7ffe0dec1a: start FollowerState
2019-10-16 21:53:34,222 [grpc-default-executor-5] INFO  impl.RoleInfo (RoleInfo.java:updateAndGet(143)) - 9d88716d-5d6b-4fd8-b832-a110dc45ee66: start FollowerState
2019-10-16 21:53:34,236 [5c3956af-60d3-411f-8c98-c7ed3576de5c@group-EE856C9543A1-LeaderElection316] INFO  impl.LeaderElection (LeaderElection.java:logAndReturn(56)) - 5c3956af-60d3-411f-8c98-c7ed3576de5c@group-EE856C9543A1-LeaderElection316: Election REJECTED; received 2 response(s) [5c3956af-60d3-411f-8c98-c7ed3576de5c<-efb933de-cdd8-4d8d-88d2-4c7ffe0dec1a#0:FAIL-t346, 5c3956af-60d3-411f-8c98-c7ed3576de5c<-9d88716d-5d6b-4fd8-b832-a110dc45ee66#0:FAIL-t346] and 0 exception(s); 5c3956af-60d3-411f-8c98-c7ed3576de5c@group-EE856C9543A1:t346, leader=null, voted=5c3956af-60d3-411f-8c98-c7ed3576de5c, raftlog=5c3956af-60d3-411f-8c98-c7ed3576de5c@group-EE856C9543A1-SegmentedRaftLog:OPENED:c-1,f-1,i0, conf=-1: [5c3956af-60d3-411f-8c98-c7ed3576de5c:192.168.34.38:33787, efb933de-cdd8-4d8d-88d2-4c7ffe0dec1a:192.168.34.38:42459, 9d88716d-5d6b-4fd8-b832-a110dc45ee66:192.168.34.38:38211], old=null
2019-10-16 21:53:34,236 [5c3956af-60d3-411f-8c98-c7ed3576de5c@group-EE856C9543A1-LeaderElection316] INFO  impl.RaftServerImpl (RaftServerImpl.java:setRole(184)) - 5c3956af-60d3-411f-8c98-c7ed3576de5c@group-EE856C9543A1: changes role from CANDIDATE to FOLLOWER at term 346 for DISCOVERED_A_NEW_TERM
2019-10-16 21:53:34,236 [5c3956af-60d3-411f-8c98-c7ed3576de5c@group-EE856C9543A1-LeaderElection316] INFO  impl.RoleInfo (RoleInfo.java:shutdownLeaderElection(134)) - 5c3956af-60d3-411f-8c98-c7ed3576de5c: shutdown LeaderElection
2019-10-16 21:53:34,236 [5c3956af-60d3-411f-8c98-c7ed3576de5c@group-EE856C9543A1-LeaderElection316] INFO  impl.RoleInfo (RoleInfo.java:updateAndGet(143)) - 5c3956af-60d3-411f-8c98-c7ed3576de5c: start FollowerState
2019-10-16 21:53:34,249 [Thread-2323] INFO  impl.FollowerState (FollowerState.java:run(108)) - 5c3956af-60d3-411f-8c98-c7ed3576de5c@group-EE856C9543A1-FollowerState: change to CANDIDATE, lastRpcTime:12ms, electionTimeout:12ms
2019-10-16 21:53:34,249 [Thread-2323] INFO  impl.RoleInfo (RoleInfo.java:shutdownFollowerState(121)) - 5c3956af-60d3-411f-8c98-c7ed3576de5c: shutdown FollowerState
2019-10-16 21:53:34,249 [Thread-2323] INFO  impl.RaftServerImpl (RaftServerImpl.java:setRole(184)) - 5c3956af-60d3-411f-8c98-c7ed3576de5c@group-EE856C9543A1: changes role from  FOLLOWER to CANDIDATE at term 346 for changeToCandidate
2019-10-16 21:53:34,249 [Thread-2323] INFO  impl.RoleInfo (RoleInfo.java:updateAndGet(143)) - 5c3956af-60d3-411f-8c98-c7ed3576de5c: start LeaderElection
2019-10-16 21:53:34,263 [5c3956af-60d3-411f-8c98-c7ed3576de5c@group-EE856C9543A1-LeaderElection317] INFO  impl.LeaderElection (LeaderElection.java:askForVotes(178)) - 5c3956af-60d3-411f-8c98-c7ed3576de5c@group-EE856C9543A1-LeaderElection317: begin an election at term 347 for -1: [5c3956af-60d3-411f-8c98-c7ed3576de5c:192.168.34.38:33787, efb933de-cdd8-4d8d-88d2-4c7ffe0dec1a:192.168.34.38:42459, 9d88716d-5d6b-4fd8-b832-a110dc45ee66:192.168.34.38:38211], old=null
2019-10-16 21:53:34,265 [grpc-default-executor-5] INFO  impl.RaftServerImpl (RaftServerImpl.java:setRole(184)) - efb933de-cdd8-4d8d-88d2-4c7ffe0dec1a@group-EE856C9543A1: changes role from  FOLLOWER to FOLLOWER at term 347 for recognizeCandidate:5c3956af-60d3-411f-8c98-c7ed3576de5c
2019-10-16 21:53:34,265 [grpc-default-executor-5] INFO  impl.RoleInfo (RoleInfo.java:shutdownFollowerState(121)) - efb933de-cdd8-4d8d-88d2-4c7ffe0dec1a: shutdown FollowerState
2019-10-16 21:53:34,265 [grpc-default-executor-5] INFO  impl.RoleInfo (RoleInfo.java:updateAndGet(143)) - efb933de-cdd8-4d8d-88d2-4c7ffe0dec1a: start FollowerState
2019-10-16 21:53:34,265 [Thread-2321] INFO  impl.FollowerState (FollowerState.java:run(117)) - efb933de-cdd8-4d8d-88d2-4c7ffe0dec1a@group-EE856C9543A1-FollowerState was interrupted: java.lang.InterruptedException: sleep interrupted
2019-10-16 21:53:34,265 [grpc-default-executor-1] INFO  impl.RaftServerImpl (RaftServerImpl.java:setRole(184)) - 9d88716d-5d6b-4fd8-b832-a110dc45ee66@group-EE856C9543A1: changes role from  FOLLOWER to FOLLOWER at term 347 for recognizeCandidate:5c3956af-60d3-411f-8c98-c7ed3576de5c
2019-10-16 21:53:34,266 [grpc-default-executor-1] INFO  impl.RoleInfo (RoleInfo.java:shutdownFollowerState(121)) - 9d88716d-5d6b-4fd8-b832-a110dc45ee66: shutdown FollowerState
2019-10-16 21:53:34,266 [grpc-default-executor-1] INFO  impl.RoleInfo (RoleInfo.java:updateAndGet(143)) - 9d88716d-5d6b-4fd8-b832-a110dc45ee66: start FollowerState
2019-10-16 21:53:34,266 [Thread-2322] INFO  impl.FollowerState (FollowerState.java:run(117)) - 9d88716d-5d6b-4fd8-b832-a110dc45ee66@group-EE856C9543A1-FollowerState was interrupted: java.lang.InterruptedException: sleep interrupted
2019-10-16 21:53:34,280 [5c3956af-60d3-411f-8c98-c7ed3576de5c@group-EE856C9543A1-LeaderElection317] INFO  impl.LeaderElection (LeaderElection.java:logAndReturn(56)) - 5c3956af-60d3-411f-8c98-c7ed3576de5c@group-EE856C9543A1-LeaderElection317: Election REJECTED; received 2 response(s) [5c3956af-60d3-411f-8c98-c7ed3576de5c<-efb933de-cdd8-4d8d-88d2-4c7ffe0dec1a#0:FAIL-t347, 5c3956af-60d3-411f-8c98-c7ed3576de5c<-9d88716d-5d6b-4fd8-b832-a110dc45ee66#0:FAIL-t347] and 0 exception(s); 5c3956af-60d3-411f-8c98-c7ed3576de5c@group-EE856C9543A1:t347, leader=null, voted=5c3956af-60d3-411f-8c98-c7ed3576de5c, raftlog=5c3956af-60d3-411f-8c98-c7ed3576de5c@group-EE856C9543A1-SegmentedRaftLog:OPENED:c-1,f-1,i0, conf=-1: [5c3956af-60d3-411f-8c98-c7ed3576de5c:192.168.34.38:33787, efb933de-cdd8-4d8d-88d2-4c7ffe0dec1a:192.168.34.38:42459, 9d88716d-5d6b-4fd8-b832-a110dc45ee66:192.168.34.38:38211], old=null
2019-10-16 21:53:34,280 [5c3956af-60d3-411f-8c98-c7ed3576de5c@group-EE856C9543A1-LeaderElection317] INFO  impl.RaftServerImpl (RaftServerImpl.java:setRole(184)) - 5c3956af-60d3-411f-8c98-c7ed3576de5c@group-EE856C9543A1: changes role from CANDIDATE to FOLLOWER at term 347 for DISCOVERED_A_NEW_TERM
2019-10-16 21:53:34,280 [5c3956af-60d3-411f-8c98-c7ed3576de5c@group-EE856C9543A1-LeaderElection317] INFO  impl.RoleInfo (RoleInfo.java:shutdownLeaderElection(134)) - 5c3956af-60d3-411f-8c98-c7ed3576de5c: shutdown LeaderElection
2019-10-16 21:53:34,280 [5c3956af-60d3-411f-8c98-c7ed3576de5c@group-EE856C9543A1-LeaderElection317] INFO  impl.RoleInfo (RoleInfo.java:updateAndGet(143)) - 5c3956af-60d3-411f-8c98-c7ed3576de5c: start FollowerState
2019-10-16 21:53:34,468 [Thread-2329] INFO  impl.FollowerState (FollowerState.java:run(108)) - 5c3956af-60d3-411f-8c98-c7ed3576de5c@group-EE856C9543A1-FollowerState: change to CANDIDATE, lastRpcTime:188ms, electionTimeout:188ms
2019-10-16 21:53:34,468 [Thread-2329] INFO  impl.RoleInfo (RoleInfo.java:shutdownFollowerState(121)) - 5c3956af-60d3-411f-8c98-c7ed3576de5c: shutdown FollowerState
2019-10-16 21:53:34,469 [Thread-2329] INFO  impl.RaftServerImpl (RaftServerImpl.java:setRole(184)) - 5c3956af-60d3-411f-8c98-c7ed3576de5c@group-EE856C9543A1: changes role from  FOLLOWER to CANDIDATE at term 347 for changeToCandidate
2019-10-16 21:53:34,469 [Thread-2329] INFO  impl.RoleInfo (RoleInfo.java:updateAndGet(143)) - 5c3956af-60d3-411f-8c98-c7ed3576de5c: start LeaderElection
2019-10-16 21:53:34,482 [5c3956af-60d3-411f-8c98-c7ed3576de5c@group-EE856C9543A1-LeaderElection318] INFO  impl.LeaderElection (LeaderElection.java:askForVotes(178)) - 5c3956af-60d3-411f-8c98-c7ed3576de5c@group-EE856C9543A1-LeaderElection318: begin an election at term 348 for -1: [5c3956af-60d3-411f-8c98-c7ed3576de5c:192.168.34.38:33787, efb933de-cdd8-4d8d-88d2-4c7ffe0dec1a:192.168.34.38:42459, 9d88716d-5d6b-4fd8-b832-a110dc45ee66:192.168.34.38:38211], old=null
2019-10-16 21:53:34,484 [grpc-default-executor-5] INFO  impl.RaftServerImpl (RaftServerImpl.java:setRole(184)) - efb933de-cdd8-4d8d-88d2-4c7ffe0dec1a@group-EE856C9543A1: changes role from  FOLLOWER to FOLLOWER at term 348 for recognizeCandidate:5c3956af-60d3-411f-8c98-c7ed3576de5c
2019-10-16 21:53:34,484 [grpc-default-executor-5] INFO  impl.RoleInfo (RoleInfo.java:shutdownFollowerState(121)) - efb933de-cdd8-4d8d-88d2-4c7ffe0dec1a: shutdown FollowerState
2019-10-16 21:53:34,485 [grpc-default-executor-5] INFO  impl.RoleInfo (RoleInfo.java:updateAndGet(143)) - efb933de-cdd8-4d8d-88d2-4c7ffe0dec1a: start FollowerState
2019-10-16 21:53:34,485 [Thread-2327] INFO  impl.FollowerState (FollowerState.java:run(117)) - efb933de-cdd8-4d8d-88d2-4c7ffe0dec1a@group-EE856C9543A1-FollowerState was interrupted: java.lang.InterruptedException: sleep interrupted
2019-10-16 21:53:34,485 [grpc-default-executor-1] INFO  impl.RaftServerImpl (RaftServerImpl.java:setRole(184)) - 9d88716d-5d6b-4fd8-b832-a110dc45ee66@group-EE856C9543A1: changes role from  FOLLOWER to FOLLOWER at term 348 for recognizeCandidate:5c3956af-60d3-411f-8c98-c7ed3576de5c
2019-10-16 21:53:34,485 [grpc-default-executor-1] INFO  impl.RoleInfo (RoleInfo.java:shutdownFollowerState(121)) - 9d88716d-5d6b-4fd8-b832-a110dc45ee66: shutdown FollowerState
2019-10-16 21:53:34,485 [grpc-default-executor-1] INFO  impl.RoleInfo (RoleInfo.java:updateAndGet(143)) - 9d88716d-5d6b-4fd8-b832-a110dc45ee66: start FollowerState
2019-10-16 21:53:34,485 [Thread-2328] INFO  impl.FollowerState (FollowerState.java:run(117)) - 9d88716d-5d6b-4fd8-b832-a110dc45ee66@group-EE856C9543A1-FollowerState was interrupted: java.lang.InterruptedException: sleep interrupted
2019-10-16 21:53:34,522 [5c3956af-60d3-411f-8c98-c7ed3576de5c@group-EE856C9543A1-LeaderElection318] INFO  impl.LeaderElection (LeaderElection.java:logAndReturn(56)) - 5c3956af-60d3-411f-8c98-c7ed3576de5c@group-EE856C9543A1-LeaderElection318: Election REJECTED; received 2 response(s) [5c3956af-60d3-411f-8c98-c7ed3576de5c<-efb933de-cdd8-4d8d-88d2-4c7ffe0dec1a#0:FAIL-t348, 5c3956af-60d3-411f-8c98-c7ed3576de5c<-9d88716d-5d6b-4fd8-b832-a110dc45ee66#0:FAIL-t348] and 0 exception(s); 5c3956af-60d3-411f-8c98-c7ed3576de5c@group-EE856C9543A1:t348, leader=null, voted=5c3956af-60d3-411f-8c98-c7ed3576de5c, raftlog=5c3956af-60d3-411f-8c98-c7ed3576de5c@group-EE856C9543A1-SegmentedRaftLog:OPENED:c-1,f-1,i0, conf=-1: [5c3956af-60d3-411f-8c98-c7ed3576de5c:192.168.34.38:33787, efb933de-cdd8-4d8d-88d2-4c7ffe0dec1a:192.168.34.38:42459, 9d88716d-5d6b-4fd8-b832-a110dc45ee66:192.168.34.38:38211], old=null
2019-10-16 21:53:34,522 [5c3956af-60d3-411f-8c98-c7ed3576de5c@group-EE856C9543A1-LeaderElection318] INFO  impl.RaftServerImpl (RaftServerImpl.java:setRole(184)) - 5c3956af-60d3-411f-8c98-c7ed3576de5c@group-EE856C9543A1: changes role from CANDIDATE to FOLLOWER at term 348 for DISCOVERED_A_NEW_TERM
2019-10-16 21:53:34,522 [5c3956af-60d3-411f-8c98-c7ed3576de5c@group-EE856C9543A1-LeaderElection318] INFO  impl.RoleInfo (RoleInfo.java:shutdownLeaderElection(134)) - 5c3956af-60d3-411f-8c98-c7ed3576de5c: shutdown LeaderElection
2019-10-16 21:53:34,522 [5c3956af-60d3-411f-8c98-c7ed3576de5c@group-EE856C9543A1-LeaderElection318] INFO  impl.RoleInfo (RoleInfo.java:updateAndGet(143)) - 5c3956af-60d3-411f-8c98-c7ed3576de5c: start FollowerState
2019-10-16 21:53:34,559 [Thread-2335] INFO  impl.FollowerState (FollowerState.java:run(108)) - 5c3956af-60d3-411f-8c98-c7ed3576de5c@group-EE856C9543A1-FollowerState: change to CANDIDATE, lastRpcTime:36ms, electionTimeout:36ms
2019-10-16 21:53:34,559 [Thread-2335] INFO  impl.RoleInfo (RoleInfo.java:shutdownFollowerState(121)) - 5c3956af-60d3-411f-8c98-c7ed3576de5c: shutdown FollowerState
2019-10-16 21:53:34,559 [Thread-2335] INFO  impl.RaftServerImpl (RaftServerImpl.java:setRole(184)) - 5c3956af-60d3-411f-8c98-c7ed3576de5c@group-EE856C9543A1: changes role from  FOLLOWER to CANDIDATE at term 348 for changeToCandidate
2019-10-16 21:53:34,559 [Thread-2335] INFO  impl.RoleInfo (RoleInfo.java:updateAndGet(143)) - 5c3956af-60d3-411f-8c98-c7ed3576de5c: start LeaderElection
2019-10-16 21:53:34,574 [5c3956af-60d3-411f-8c98-c7ed3576de5c@group-EE856C9543A1-LeaderElection319] INFO  impl.LeaderElection (LeaderElection.java:askForVotes(178)) - 5c3956af-60d3-411f-8c98-c7ed3576de5c@group-EE856C9543A1-LeaderElection319: begin an election at term 349 for -1: [5c3956af-60d3-411f-8c98-c7ed3576de5c:192.168.34.38:33787, efb933de-cdd8-4d8d-88d2-4c7ffe0dec1a:192.168.34.38:42459, 9d88716d-5d6b-4fd8-b832-a110dc45ee66:192.168.34.38:38211], old=null
2019-10-16 21:53:34,575 [grpc-default-executor-1] INFO  impl.RaftServerImpl (RaftServerImpl.java:setRole(184)) - efb933de-cdd8-4d8d-88d2-4c7ffe0dec1a@group-EE856C9543A1: changes role from  FOLLOWER to FOLLOWER at term 349 for recognizeCandidate:5c3956af-60d3-411f-8c98-c7ed3576de5c
2019-10-16 21:53:34,576 [grpc-default-executor-1] INFO  impl.RoleInfo (RoleInfo.java:shutdownFollowerState(121)) - efb933de-cdd8-4d8d-88d2-4c7ffe0dec1a: shutdown FollowerState
2019-10-16 21:53:34,576 [grpc-default-executor-1] INFO  impl.RoleInfo (RoleInfo.java:updateAndGet(143)) - efb933de-cdd8-4d8d-88d2-4c7ffe0dec1a: start FollowerState
2019-10-16 21:53:34,576 [Thread-2333] INFO  impl.FollowerState (FollowerState.java:run(117)) - efb933de-cdd8-4d8d-88d2-4c7ffe0dec1a@group-EE856C9543A1-FollowerState was interrupted: java.lang.InterruptedException: sleep interrupted
2019-10-16 21:53:34,576 [grpc-default-executor-5] INFO  impl.RaftServerImpl (RaftServerImpl.java:setRole(184)) - 9d88716d-5d6b-4fd8-b832-a110dc45ee66@group-EE856C9543A1: changes role from  FOLLOWER to FOLLOWER at term 349 for recognizeCandidate:5c3956af-60d3-411f-8c98-c7ed3576de5c
2019-10-16 21:53:34,576 [grpc-default-executor-5] INFO  impl.RoleInfo (RoleInfo.java:shutdownFollowerState(121)) - 9d88716d-5d6b-4fd8-b832-a110dc45ee66: shutdown FollowerState
2019-10-16 21:53:34,576 [grpc-default-executor-5] INFO  impl.RoleInfo (RoleInfo.java:updateAndGet(143)) - 9d88716d-5d6b-4fd8-b832-a110dc45ee66: start FollowerState
2019-10-16 21:53:34,576 [Thread-2334] INFO  impl.FollowerState (FollowerState.java:run(117)) - 9d88716d-5d6b-4fd8-b832-a110dc45ee66@group-EE856C9543A1-FollowerState was interrupted: java.lang.InterruptedException: sleep interrupted
2019-10-16 21:53:34,590 [5c3956af-60d3-411f-8c98-c7ed3576de5c@group-EE856C9543A1-LeaderElection319] INFO  impl.LeaderElection (LeaderElection.java:logAndReturn(56)) - 5c3956af-60d3-411f-8c98-c7ed3576de5c@group-EE856C9543A1-LeaderElection319: Election REJECTED; received 2 response(s) [5c3956af-60d3-411f-8c98-c7ed3576de5c<-efb933de-cdd8-4d8d-88d2-4c7ffe0dec1a#0:FAIL-t349, 5c3956af-60d3-411f-8c98-c7ed3576de5c<-9d88716d-5d6b-4fd8-b832-a110dc45ee66#0:FAIL-t349] and 0 exception(s); 5c3956af-60d3-411f-8c98-c7ed3576de5c@group-EE856C9543A1:t349, leader=null, voted=5c3956af-60d3-411f-8c98-c7ed3576de5c, raftlog=5c3956af-60d3-411f-8c98-c7ed3576de5c@group-EE856C9543A1-SegmentedRaftLog:OPENED:c-1,f-1,i0, conf=-1: [5c3956af-60d3-411f-8c98-c7ed3576de5c:192.168.34.38:33787, efb933de-cdd8-4d8d-88d2-4c7ffe0dec1a:192.168.34.38:42459, 9d88716d-5d6b-4fd8-b832-a110dc45ee66:192.168.34.38:38211], old=null
2019-10-16 21:53:34,591 [5c3956af-60d3-411f-8c98-c7ed3576de5c@group-EE856C9543A1-LeaderElection319] INFO  impl.RaftServerImpl (RaftServerImpl.java:setRole(184)) - 5c3956af-60d3-411f-8c98-c7ed3576de5c@group-EE856C9543A1: changes role from CANDIDATE to FOLLOWER at term 349 for DISCOVERED_A_NEW_TERM
2019-10-16 21:53:34,591 [5c3956af-60d3-411f-8c98-c7ed3576de5c@group-EE856C9543A1-LeaderElection319] INFO  impl.RoleInfo (RoleInfo.java:shutdownLeaderElection(134)) - 5c3956af-60d3-411f-8c98-c7ed3576de5c: shutdown LeaderElection
2019-10-16 21:53:34,591 [5c3956af-60d3-411f-8c98-c7ed3576de5c@group-EE856C9543A1-LeaderElection319] INFO  impl.RoleInfo (RoleInfo.java:updateAndGet(143)) - 5c3956af-60d3-411f-8c98-c7ed3576de5c: start FollowerState
2019-10-16 21:53:34,644 [JUnit] INFO  ozone.MiniOzoneClusterImpl (MiniOzoneClusterImpl.java:lambda$waitForClusterToBeReady$2(164)) - Waiting for 1 number of pipelines out of 6, to report a leader.
2019-10-16 21:53:34,714 [Thread-2341] INFO  impl.FollowerState (FollowerState.java:run(108)) - 5c3956af-60d3-411f-8c98-c7ed3576de5c@group-EE856C9543A1-FollowerState: change to CANDIDATE, lastRpcTime:123ms, electionTimeout:123ms
2019-10-16 21:53:34,714 [Thread-2341] INFO  impl.RoleInfo (RoleInfo.java:shutdownFollowerState(121)) - 5c3956af-60d3-411f-8c98-c7ed3576de5c: shutdown FollowerState
2019-10-16 21:53:34,715 [Thread-2341] INFO  impl.RaftServerImpl (RaftServerImpl.java:setRole(184)) - 5c3956af-60d3-411f-8c98-c7ed3576de5c@group-EE856C9543A1: changes role from  FOLLOWER to CANDIDATE at term 349 for changeToCandidate
2019-10-16 21:53:34,715 [Thread-2341] INFO  impl.RoleInfo (RoleInfo.java:updateAndGet(143)) - 5c3956af-60d3-411f-8c98-c7ed3576de5c: start LeaderElection
2019-10-16 21:53:34,728 [5c3956af-60d3-411f-8c98-c7ed3576de5c@group-EE856C9543A1-LeaderElection320] INFO  impl.LeaderElection (LeaderElection.java:askForVotes(178)) - 5c3956af-60d3-411f-8c98-c7ed3576de5c@group-EE856C9543A1-LeaderElection320: begin an election at term 350 for -1: [5c3956af-60d3-411f-8c98-c7ed3576de5c:192.168.34.38:33787, efb933de-cdd8-4d8d-88d2-4c7ffe0dec1a:192.168.34.38:42459, 9d88716d-5d6b-4fd8-b832-a110dc45ee66:192.168.34.38:38211], old=null
2019-10-16 21:53:34,730 [grpc-default-executor-5] INFO  impl.RaftServerImpl (RaftServerImpl.java:setRole(184)) - efb933de-cdd8-4d8d-88d2-4c7ffe0dec1a@group-EE856C9543A1: changes role from  FOLLOWER to FOLLOWER at term 350 for recognizeCandidate:5c3956af-60d3-411f-8c98-c7ed3576de5c
2019-10-16 21:53:34,730 [grpc-default-executor-5] INFO  impl.RoleInfo (RoleInfo.java:shutdownFollowerState(121)) - efb933de-cdd8-4d8d-88d2-4c7ffe0dec1a: shutdown FollowerState
2019-10-16 21:53:34,731 [grpc-default-executor-5] INFO  impl.RoleInfo (RoleInfo.java:updateAndGet(143)) - efb933de-cdd8-4d8d-88d2-4c7ffe0dec1a: start FollowerState
2019-10-16 21:53:34,731 [Thread-2339] INFO  impl.FollowerState (FollowerState.java:run(117)) - efb933de-cdd8-4d8d-88d2-4c7ffe0dec1a@group-EE856C9543A1-FollowerState was interrupted: java.lang.InterruptedException: sleep interrupted
2019-10-16 21:53:34,731 [grpc-default-executor-1] INFO  impl.RaftServerImpl (RaftServerImpl.java:setRole(184)) - 9d88716d-5d6b-4fd8-b832-a110dc45ee66@group-EE856C9543A1: changes role from  FOLLOWER to FOLLOWER at term 350 for recognizeCandidate:5c3956af-60d3-411f-8c98-c7ed3576de5c
2019-10-16 21:53:34,731 [grpc-default-executor-1] INFO  impl.RoleInfo (RoleInfo.java:shutdownFollowerState(121)) - 9d88716d-5d6b-4fd8-b832-a110dc45ee66: shutdown FollowerState
2019-10-16 21:53:34,731 [grpc-default-executor-1] INFO  impl.RoleInfo (RoleInfo.java:updateAndGet(143)) - 9d88716d-5d6b-4fd8-b832-a110dc45ee66: start FollowerState
2019-10-16 21:53:34,731 [Thread-2340] INFO  impl.FollowerState (FollowerState.java:run(117)) - 9d88716d-5d6b-4fd8-b832-a110dc45ee66@group-EE856C9543A1-FollowerState was interrupted: java.lang.InterruptedException: sleep interrupted
2019-10-16 21:53:34,737 [5c3956af-60d3-411f-8c98-c7ed3576de5c@group-EE856C9543A1-LeaderElection320] INFO  impl.LeaderElection (LeaderElection.java:logAndReturn(56)) - 5c3956af-60d3-411f-8c98-c7ed3576de5c@group-EE856C9543A1-LeaderElection320: Election TIMEOUT; received 0 response(s) [] and 0 exception(s); 5c3956af-60d3-411f-8c98-c7ed3576de5c@group-EE856C9543A1:t350, leader=null, voted=5c3956af-60d3-411f-8c98-c7ed3576de5c, raftlog=5c3956af-60d3-411f-8c98-c7ed3576de5c@group-EE856C9543A1-SegmentedRaftLog:OPENED:c-1,f-1,i0, conf=-1: [5c3956af-60d3-411f-8c98-c7ed3576de5c:192.168.34.38:33787, efb933de-cdd8-4d8d-88d2-4c7ffe0dec1a:192.168.34.38:42459, 9d88716d-5d6b-4fd8-b832-a110dc45ee66:192.168.34.38:38211], old=null
2019-10-16 21:53:34,748 [5c3956af-60d3-411f-8c98-c7ed3576de5c@group-EE856C9543A1-LeaderElection320] INFO  impl.LeaderElection (LeaderElection.java:askForVotes(178)) - 5c3956af-60d3-411f-8c98-c7ed3576de5c@group-EE856C9543A1-LeaderElection320: begin an election at term 351 for -1: [5c3956af-60d3-411f-8c98-c7ed3576de5c:192.168.34.38:33787, efb933de-cdd8-4d8d-88d2-4c7ffe0dec1a:192.168.34.38:42459, 9d88716d-5d6b-4fd8-b832-a110dc45ee66:192.168.34.38:38211], old=null
2019-10-16 21:53:34,750 [grpc-default-executor-5] INFO  impl.RaftServerImpl (RaftServerImpl.java:setRole(184)) - efb933de-cdd8-4d8d-88d2-4c7ffe0dec1a@group-EE856C9543A1: changes role from  FOLLOWER to FOLLOWER at term 351 for recognizeCandidate:5c3956af-60d3-411f-8c98-c7ed3576de5c
2019-10-16 21:53:34,750 [grpc-default-executor-5] INFO  impl.RoleInfo (RoleInfo.java:shutdownFollowerState(121)) - efb933de-cdd8-4d8d-88d2-4c7ffe0dec1a: shutdown FollowerState
2019-10-16 21:53:34,750 [grpc-default-executor-5] INFO  impl.RoleInfo (RoleInfo.java:updateAndGet(143)) - efb933de-cdd8-4d8d-88d2-4c7ffe0dec1a: start FollowerState
2019-10-16 21:53:34,750 [Thread-2345] INFO  impl.FollowerState (FollowerState.java:run(117)) - efb933de-cdd8-4d8d-88d2-4c7ffe0dec1a@group-EE856C9543A1-FollowerState was interrupted: java.lang.InterruptedException: sleep interrupted
2019-10-16 21:53:34,750 [grpc-default-executor-1] INFO  impl.RaftServerImpl (RaftServerImpl.java:setRole(184)) - 9d88716d-5d6b-4fd8-b832-a110dc45ee66@group-EE856C9543A1: changes role from  FOLLOWER to FOLLOWER at term 351 for recognizeCandidate:5c3956af-60d3-411f-8c98-c7ed3576de5c
2019-10-16 21:53:34,751 [grpc-default-executor-1] INFO  impl.RoleInfo (RoleInfo.java:shutdownFollowerState(121)) - 9d88716d-5d6b-4fd8-b832-a110dc45ee66: shutdown FollowerState
2019-10-16 21:53:34,751 [grpc-default-executor-1] INFO  impl.RoleInfo (RoleInfo.java:updateAndGet(143)) - 9d88716d-5d6b-4fd8-b832-a110dc45ee66: start FollowerState
2019-10-16 21:53:34,751 [Thread-2346] INFO  impl.FollowerState (FollowerState.java:run(117)) - 9d88716d-5d6b-4fd8-b832-a110dc45ee66@group-EE856C9543A1-FollowerState was interrupted: java.lang.InterruptedException: sleep interrupted
2019-10-16 21:53:34,762 [5c3956af-60d3-411f-8c98-c7ed3576de5c@group-EE856C9543A1-LeaderElection320] INFO  impl.LeaderElection (LeaderElection.java:logAndReturn(56)) - 5c3956af-60d3-411f-8c98-c7ed3576de5c@group-EE856C9543A1-LeaderElection320: Election REJECTED; received 2 response(s) [5c3956af-60d3-411f-8c98-c7ed3576de5c<-efb933de-cdd8-4d8d-88d2-4c7ffe0dec1a#0:FAIL-t351, 5c3956af-60d3-411f-8c98-c7ed3576de5c<-9d88716d-5d6b-4fd8-b832-a110dc45ee66#0:FAIL-t351] and 0 exception(s); 5c3956af-60d3-411f-8c98-c7ed3576de5c@group-EE856C9543A1:t351, leader=null, voted=5c3956af-60d3-411f-8c98-c7ed3576de5c, raftlog=5c3956af-60d3-411f-8c98-c7ed3576de5c@group-EE856C9543A1-SegmentedRaftLog:OPENED:c-1,f-1,i0, conf=-1: [5c3956af-60d3-411f-8c98-c7ed3576de5c:192.168.34.38:33787, efb933de-cdd8-4d8d-88d2-4c7ffe0dec1a:192.168.34.38:42459, 9d88716d-5d6b-4fd8-b832-a110dc45ee66:192.168.34.38:38211], old=null
2019-10-16 21:53:34,762 [5c3956af-60d3-411f-8c98-c7ed3576de5c@group-EE856C9543A1-LeaderElection320] INFO  impl.RaftServerImpl (RaftServerImpl.java:setRole(184)) - 5c3956af-60d3-411f-8c98-c7ed3576de5c@group-EE856C9543A1: changes role from CANDIDATE to FOLLOWER at term 351 for DISCOVERED_A_NEW_TERM
2019-10-16 21:53:34,762 [5c3956af-60d3-411f-8c98-c7ed3576de5c@group-EE856C9543A1-LeaderElection320] INFO  impl.RoleInfo (RoleInfo.java:shutdownLeaderElection(134)) - 5c3956af-60d3-411f-8c98-c7ed3576de5c: shutdown LeaderElection
2019-10-16 21:53:34,762 [5c3956af-60d3-411f-8c98-c7ed3576de5c@group-EE856C9543A1-LeaderElection320] INFO  impl.RoleInfo (RoleInfo.java:updateAndGet(143)) - 5c3956af-60d3-411f-8c98-c7ed3576de5c: start FollowerState
2019-10-16 21:53:34,841 [Thread-2351] INFO  impl.FollowerState (FollowerState.java:run(108)) - 5c3956af-60d3-411f-8c98-c7ed3576de5c@group-EE856C9543A1-FollowerState: change to CANDIDATE, lastRpcTime:79ms, electionTimeout:79ms
2019-10-16 21:53:34,841 [Thread-2351] INFO  impl.RoleInfo (RoleInfo.java:shutdownFollowerState(121)) - 5c3956af-60d3-411f-8c98-c7ed3576de5c: shutdown FollowerState
2019-10-16 21:53:34,842 [Thread-2351] INFO  impl.RaftServerImpl (RaftServerImpl.java:setRole(184)) - 5c3956af-60d3-411f-8c98-c7ed3576de5c@group-EE856C9543A1: changes role from  FOLLOWER to CANDIDATE at term 351 for changeToCandidate
2019-10-16 21:53:34,842 [Thread-2351] INFO  impl.RoleInfo (RoleInfo.java:updateAndGet(143)) - 5c3956af-60d3-411f-8c98-c7ed3576de5c: start LeaderElection
2019-10-16 21:53:34,856 [5c3956af-60d3-411f-8c98-c7ed3576de5c@group-EE856C9543A1-LeaderElection321] INFO  impl.LeaderElection (LeaderElection.java:askForVotes(178)) - 5c3956af-60d3-411f-8c98-c7ed3576de5c@group-EE856C9543A1-LeaderElection321: begin an election at term 352 for -1: [5c3956af-60d3-411f-8c98-c7ed3576de5c:192.168.34.38:33787, efb933de-cdd8-4d8d-88d2-4c7ffe0dec1a:192.168.34.38:42459, 9d88716d-5d6b-4fd8-b832-a110dc45ee66:192.168.34.38:38211], old=null
2019-10-16 21:53:34,858 [grpc-default-executor-1] INFO  impl.RaftServerImpl (RaftServerImpl.java:setRole(184)) - efb933de-cdd8-4d8d-88d2-4c7ffe0dec1a@group-EE856C9543A1: changes role from  FOLLOWER to FOLLOWER at term 352 for recognizeCandidate:5c3956af-60d3-411f-8c98-c7ed3576de5c
2019-10-16 21:53:34,858 [grpc-default-executor-1] INFO  impl.RoleInfo (RoleInfo.java:shutdownFollowerState(121)) - efb933de-cdd8-4d8d-88d2-4c7ffe0dec1a: shutdown FollowerState
2019-10-16 21:53:34,858 [grpc-default-executor-1] INFO  impl.RoleInfo (RoleInfo.java:updateAndGet(143)) - efb933de-cdd8-4d8d-88d2-4c7ffe0dec1a: start FollowerState
2019-10-16 21:53:34,858 [Thread-2349] INFO  impl.FollowerState (FollowerState.java:run(117)) - efb933de-cdd8-4d8d-88d2-4c7ffe0dec1a@group-EE856C9543A1-FollowerState was interrupted: java.lang.InterruptedException: sleep interrupted
2019-10-16 21:53:34,858 [grpc-default-executor-5] INFO  impl.RaftServerImpl (RaftServerImpl.java:setRole(184)) - 9d88716d-5d6b-4fd8-b832-a110dc45ee66@group-EE856C9543A1: changes role from  FOLLOWER to FOLLOWER at term 352 for recognizeCandidate:5c3956af-60d3-411f-8c98-c7ed3576de5c
2019-10-16 21:53:34,859 [grpc-default-executor-5] INFO  impl.RoleInfo (RoleInfo.java:shutdownFollowerState(121)) - 9d88716d-5d6b-4fd8-b832-a110dc45ee66: shutdown FollowerState
2019-10-16 21:53:34,859 [grpc-default-executor-5] INFO  impl.RoleInfo (RoleInfo.java:updateAndGet(143)) - 9d88716d-5d6b-4fd8-b832-a110dc45ee66: start FollowerState
2019-10-16 21:53:34,859 [Thread-2350] INFO  impl.FollowerState (FollowerState.java:run(117)) - 9d88716d-5d6b-4fd8-b832-a110dc45ee66@group-EE856C9543A1-FollowerState was interrupted: java.lang.InterruptedException: sleep interrupted
2019-10-16 21:53:34,872 [5c3956af-60d3-411f-8c98-c7ed3576de5c@group-EE856C9543A1-LeaderElection321] INFO  impl.LeaderElection (LeaderElection.java:logAndReturn(56)) - 5c3956af-60d3-411f-8c98-c7ed3576de5c@group-EE856C9543A1-LeaderElection321: Election REJECTED; received 2 response(s) [5c3956af-60d3-411f-8c98-c7ed3576de5c<-efb933de-cdd8-4d8d-88d2-4c7ffe0dec1a#0:FAIL-t352, 5c3956af-60d3-411f-8c98-c7ed3576de5c<-9d88716d-5d6b-4fd8-b832-a110dc45ee66#0:FAIL-t352] and 0 exception(s); 5c3956af-60d3-411f-8c98-c7ed3576de5c@group-EE856C9543A1:t352, leader=null, voted=5c3956af-60d3-411f-8c98-c7ed3576de5c, raftlog=5c3956af-60d3-411f-8c98-c7ed3576de5c@group-EE856C9543A1-SegmentedRaftLog:OPENED:c-1,f-1,i0, conf=-1: [5c3956af-60d3-411f-8c98-c7ed3576de5c:192.168.34.38:33787, efb933de-cdd8-4d8d-88d2-4c7ffe0dec1a:192.168.34.38:42459, 9d88716d-5d6b-4fd8-b832-a110dc45ee66:192.168.34.38:38211], old=null
2019-10-16 21:53:34,873 [5c3956af-60d3-411f-8c98-c7ed3576de5c@group-EE856C9543A1-LeaderElection321] INFO  impl.RaftServerImpl (RaftServerImpl.java:setRole(184)) - 5c3956af-60d3-411f-8c98-c7ed3576de5c@group-EE856C9543A1: changes role from CANDIDATE to FOLLOWER at term 352 for DISCOVERED_A_NEW_TERM
2019-10-16 21:53:34,873 [5c3956af-60d3-411f-8c98-c7ed3576de5c@group-EE856C9543A1-LeaderElection321] INFO  impl.RoleInfo (RoleInfo.java:shutdownLeaderElection(134)) - 5c3956af-60d3-411f-8c98-c7ed3576de5c: shutdown LeaderElection
2019-10-16 21:53:34,873 [5c3956af-60d3-411f-8c98-c7ed3576de5c@group-EE856C9543A1-LeaderElection321] INFO  impl.RoleInfo (RoleInfo.java:updateAndGet(143)) - 5c3956af-60d3-411f-8c98-c7ed3576de5c: start FollowerState
2019-10-16 21:53:34,919 [Thread-2357] INFO  impl.FollowerState (FollowerState.java:run(108)) - 5c3956af-60d3-411f-8c98-c7ed3576de5c@group-EE856C9543A1-FollowerState: change to CANDIDATE, lastRpcTime:46ms, electionTimeout:46ms
2019-10-16 21:53:34,919 [Thread-2357] INFO  impl.RoleInfo (RoleInfo.java:shutdownFollowerState(121)) - 5c3956af-60d3-411f-8c98-c7ed3576de5c: shutdown FollowerState
2019-10-16 21:53:34,919 [Thread-2357] INFO  impl.RaftServerImpl (RaftServerImpl.java:setRole(184)) - 5c3956af-60d3-411f-8c98-c7ed3576de5c@group-EE856C9543A1: changes role from  FOLLOWER to CANDIDATE at term 352 for changeToCandidate
2019-10-16 21:53:34,920 [Thread-2357] INFO  impl.RoleInfo (RoleInfo.java:updateAndGet(143)) - 5c3956af-60d3-411f-8c98-c7ed3576de5c: start LeaderElection
2019-10-16 21:53:34,933 [5c3956af-60d3-411f-8c98-c7ed3576de5c@group-EE856C9543A1-LeaderElection322] INFO  impl.LeaderElection (LeaderElection.java:askForVotes(178)) - 5c3956af-60d3-411f-8c98-c7ed3576de5c@group-EE856C9543A1-LeaderElection322: begin an election at term 353 for -1: [5c3956af-60d3-411f-8c98-c7ed3576de5c:192.168.34.38:33787, efb933de-cdd8-4d8d-88d2-4c7ffe0dec1a:192.168.34.38:42459, 9d88716d-5d6b-4fd8-b832-a110dc45ee66:192.168.34.38:38211], old=null
2019-10-16 21:53:34,935 [grpc-default-executor-1] INFO  impl.RaftServerImpl (RaftServerImpl.java:setRole(184)) - efb933de-cdd8-4d8d-88d2-4c7ffe0dec1a@group-EE856C9543A1: changes role from  FOLLOWER to FOLLOWER at term 353 for recognizeCandidate:5c3956af-60d3-411f-8c98-c7ed3576de5c
2019-10-16 21:53:34,935 [grpc-default-executor-1] INFO  impl.RoleInfo (RoleInfo.java:shutdownFollowerState(121)) - efb933de-cdd8-4d8d-88d2-4c7ffe0dec1a: shutdown FollowerState
2019-10-16 21:53:34,936 [grpc-default-executor-1] INFO  impl.RoleInfo (RoleInfo.java:updateAndGet(143)) - efb933de-cdd8-4d8d-88d2-4c7ffe0dec1a: start FollowerState
2019-10-16 21:53:34,936 [Thread-2355] INFO  impl.FollowerState (FollowerState.java:run(117)) - efb933de-cdd8-4d8d-88d2-4c7ffe0dec1a@group-EE856C9543A1-FollowerState was interrupted: java.lang.InterruptedException: sleep interrupted
2019-10-16 21:53:34,936 [grpc-default-executor-5] INFO  impl.RaftServerImpl (RaftServerImpl.java:setRole(184)) - 9d88716d-5d6b-4fd8-b832-a110dc45ee66@group-EE856C9543A1: changes role from  FOLLOWER to FOLLOWER at term 353 for recognizeCandidate:5c3956af-60d3-411f-8c98-c7ed3576de5c
2019-10-16 21:53:34,936 [grpc-default-executor-5] INFO  impl.RoleInfo (RoleInfo.java:shutdownFollowerState(121)) - 9d88716d-5d6b-4fd8-b832-a110dc45ee66: shutdown FollowerState
2019-10-16 21:53:34,936 [grpc-default-executor-5] INFO  impl.RoleInfo (RoleInfo.java:updateAndGet(143)) - 9d88716d-5d6b-4fd8-b832-a110dc45ee66: start FollowerState
2019-10-16 21:53:34,936 [Thread-2356] INFO  impl.FollowerState (FollowerState.java:run(117)) - 9d88716d-5d6b-4fd8-b832-a110dc45ee66@group-EE856C9543A1-FollowerState was interrupted: java.lang.InterruptedException: sleep interrupted
2019-10-16 21:53:34,946 [5c3956af-60d3-411f-8c98-c7ed3576de5c@group-EE856C9543A1-LeaderElection322] INFO  impl.LeaderElection (LeaderElection.java:logAndReturn(56)) - 5c3956af-60d3-411f-8c98-c7ed3576de5c@group-EE856C9543A1-LeaderElection322: Election TIMEOUT; received 0 response(s) [] and 0 exception(s); 5c3956af-60d3-411f-8c98-c7ed3576de5c@group-EE856C9543A1:t353, leader=null, voted=5c3956af-60d3-411f-8c98-c7ed3576de5c, raftlog=5c3956af-60d3-411f-8c98-c7ed3576de5c@group-EE856C9543A1-SegmentedRaftLog:OPENED:c-1,f-1,i0, conf=-1: [5c3956af-60d3-411f-8c98-c7ed3576de5c:192.168.34.38:33787, efb933de-cdd8-4d8d-88d2-4c7ffe0dec1a:192.168.34.38:42459, 9d88716d-5d6b-4fd8-b832-a110dc45ee66:192.168.34.38:38211], old=null
2019-10-16 21:53:34,949 [5c3956af-60d3-411f-8c98-c7ed3576de5c@group-EE856C9543A1-LeaderElection322] INFO  impl.LeaderElection (LeaderElection.java:askForVotes(178)) - 5c3956af-60d3-411f-8c98-c7ed3576de5c@group-EE856C9543A1-LeaderElection322: begin an election at term 354 for -1: [5c3956af-60d3-411f-8c98-c7ed3576de5c:192.168.34.38:33787, efb933de-cdd8-4d8d-88d2-4c7ffe0dec1a:192.168.34.38:42459, 9d88716d-5d6b-4fd8-b832-a110dc45ee66:192.168.34.38:38211], old=null
2019-10-16 21:53:34,951 [grpc-default-executor-1] INFO  impl.RaftServerImpl (RaftServerImpl.java:setRole(184)) - efb933de-cdd8-4d8d-88d2-4c7ffe0dec1a@group-EE856C9543A1: changes role from  FOLLOWER to FOLLOWER at term 354 for recognizeCandidate:5c3956af-60d3-411f-8c98-c7ed3576de5c
2019-10-16 21:53:34,951 [grpc-default-executor-1] INFO  impl.RoleInfo (RoleInfo.java:shutdownFollowerState(121)) - efb933de-cdd8-4d8d-88d2-4c7ffe0dec1a: shutdown FollowerState
2019-10-16 21:53:34,952 [grpc-default-executor-1] INFO  impl.RoleInfo (RoleInfo.java:updateAndGet(143)) - efb933de-cdd8-4d8d-88d2-4c7ffe0dec1a: start FollowerState
2019-10-16 21:53:34,952 [Thread-2361] INFO  impl.FollowerState (FollowerState.java:run(117)) - efb933de-cdd8-4d8d-88d2-4c7ffe0dec1a@group-EE856C9543A1-FollowerState was interrupted: java.lang.InterruptedException: sleep interrupted
2019-10-16 21:53:34,952 [grpc-default-executor-5] INFO  impl.RaftServerImpl (RaftServerImpl.java:setRole(184)) - 9d88716d-5d6b-4fd8-b832-a110dc45ee66@group-EE856C9543A1: changes role from  FOLLOWER to FOLLOWER at term 354 for recognizeCandidate:5c3956af-60d3-411f-8c98-c7ed3576de5c
2019-10-16 21:53:34,952 [grpc-default-executor-5] INFO  impl.RoleInfo (RoleInfo.java:shutdownFollowerState(121)) - 9d88716d-5d6b-4fd8-b832-a110dc45ee66: shutdown FollowerState
2019-10-16 21:53:34,952 [grpc-default-executor-5] INFO  impl.RoleInfo (RoleInfo.java:updateAndGet(143)) - 9d88716d-5d6b-4fd8-b832-a110dc45ee66: start FollowerState
2019-10-16 21:53:34,953 [Thread-2362] INFO  impl.FollowerState (FollowerState.java:run(117)) - 9d88716d-5d6b-4fd8-b832-a110dc45ee66@group-EE856C9543A1-FollowerState was interrupted: java.lang.InterruptedException: sleep interrupted
2019-10-16 21:53:34,966 [5c3956af-60d3-411f-8c98-c7ed3576de5c@group-EE856C9543A1-LeaderElection322] INFO  impl.LeaderElection (LeaderElection.java:logAndReturn(56)) - 5c3956af-60d3-411f-8c98-c7ed3576de5c@group-EE856C9543A1-LeaderElection322: Election REJECTED; received 2 response(s) [5c3956af-60d3-411f-8c98-c7ed3576de5c<-efb933de-cdd8-4d8d-88d2-4c7ffe0dec1a#0:FAIL-t354, 5c3956af-60d3-411f-8c98-c7ed3576de5c<-9d88716d-5d6b-4fd8-b832-a110dc45ee66#0:FAIL-t354] and 0 exception(s); 5c3956af-60d3-411f-8c98-c7ed3576de5c@group-EE856C9543A1:t354, leader=null, voted=5c3956af-60d3-411f-8c98-c7ed3576de5c, raftlog=5c3956af-60d3-411f-8c98-c7ed3576de5c@group-EE856C9543A1-SegmentedRaftLog:OPENED:c-1,f-1,i0, conf=-1: [5c3956af-60d3-411f-8c98-c7ed3576de5c:192.168.34.38:33787, efb933de-cdd8-4d8d-88d2-4c7ffe0dec1a:192.168.34.38:42459, 9d88716d-5d6b-4fd8-b832-a110dc45ee66:192.168.34.38:38211], old=null
2019-10-16 21:53:34,966 [5c3956af-60d3-411f-8c98-c7ed3576de5c@group-EE856C9543A1-LeaderElection322] INFO  impl.RaftServerImpl (RaftServerImpl.java:setRole(184)) - 5c3956af-60d3-411f-8c98-c7ed3576de5c@group-EE856C9543A1: changes role from CANDIDATE to FOLLOWER at term 354 for DISCOVERED_A_NEW_TERM
2019-10-16 21:53:34,967 [5c3956af-60d3-411f-8c98-c7ed3576de5c@group-EE856C9543A1-LeaderElection322] INFO  impl.RoleInfo (RoleInfo.java:shutdownLeaderElection(134)) - 5c3956af-60d3-411f-8c98-c7ed3576de5c: shutdown LeaderElection
2019-10-16 21:53:34,967 [5c3956af-60d3-411f-8c98-c7ed3576de5c@group-EE856C9543A1-LeaderElection322] INFO  impl.RoleInfo (RoleInfo.java:updateAndGet(143)) - 5c3956af-60d3-411f-8c98-c7ed3576de5c: start FollowerState
2019-10-16 21:53:35,100 [Thread-2367] INFO  impl.FollowerState (FollowerState.java:run(108)) - 5c3956af-60d3-411f-8c98-c7ed3576de5c@group-EE856C9543A1-FollowerState: change to CANDIDATE, lastRpcTime:133ms, electionTimeout:133ms
2019-10-16 21:53:35,100 [Thread-2367] INFO  impl.RoleInfo (RoleInfo.java:shutdownFollowerState(121)) - 5c3956af-60d3-411f-8c98-c7ed3576de5c: shutdown FollowerState
2019-10-16 21:53:35,100 [Thread-2367] INFO  impl.RaftServerImpl (RaftServerImpl.java:setRole(184)) - 5c3956af-60d3-411f-8c98-c7ed3576de5c@group-EE856C9543A1: changes role from  FOLLOWER to CANDIDATE at term 354 for changeToCandidate
2019-10-16 21:53:35,101 [Thread-2367] INFO  impl.RoleInfo (RoleInfo.java:updateAndGet(143)) - 5c3956af-60d3-411f-8c98-c7ed3576de5c: start LeaderElection
2019-10-16 21:53:35,114 [5c3956af-60d3-411f-8c98-c7ed3576de5c@group-EE856C9543A1-LeaderElection323] INFO  impl.LeaderElection (LeaderElection.java:askForVotes(178)) - 5c3956af-60d3-411f-8c98-c7ed3576de5c@group-EE856C9543A1-LeaderElection323: begin an election at term 355 for -1: [5c3956af-60d3-411f-8c98-c7ed3576de5c:192.168.34.38:33787, efb933de-cdd8-4d8d-88d2-4c7ffe0dec1a:192.168.34.38:42459, 9d88716d-5d6b-4fd8-b832-a110dc45ee66:192.168.34.38:38211], old=null
2019-10-16 21:53:35,115 [5c3956af-60d3-411f-8c98-c7ed3576de5c@group-EE856C9543A1-LeaderElection323] INFO  impl.LeaderElection (LeaderElection.java:logAndReturn(56)) - 5c3956af-60d3-411f-8c98-c7ed3576de5c@group-EE856C9543A1-LeaderElection323: Election TIMEOUT; received 0 response(s) [] and 0 exception(s); 5c3956af-60d3-411f-8c98-c7ed3576de5c@group-EE856C9543A1:t355, leader=null, voted=5c3956af-60d3-411f-8c98-c7ed3576de5c, raftlog=5c3956af-60d3-411f-8c98-c7ed3576de5c@group-EE856C9543A1-SegmentedRaftLog:OPENED:c-1,f-1,i0, conf=-1: [5c3956af-60d3-411f-8c98-c7ed3576de5c:192.168.34.38:33787, efb933de-cdd8-4d8d-88d2-4c7ffe0dec1a:192.168.34.38:42459, 9d88716d-5d6b-4fd8-b832-a110dc45ee66:192.168.34.38:38211], old=null
2019-10-16 21:53:35,117 [grpc-default-executor-1] INFO  impl.RaftServerImpl (RaftServerImpl.java:setRole(184)) - efb933de-cdd8-4d8d-88d2-4c7ffe0dec1a@group-EE856C9543A1: changes role from  FOLLOWER to FOLLOWER at term 355 for recognizeCandidate:5c3956af-60d3-411f-8c98-c7ed3576de5c
2019-10-16 21:53:35,117 [grpc-default-executor-1] INFO  impl.RoleInfo (RoleInfo.java:shutdownFollowerState(121)) - efb933de-cdd8-4d8d-88d2-4c7ffe0dec1a: shutdown FollowerState
2019-10-16 21:53:35,117 [grpc-default-executor-1] INFO  impl.RoleInfo (RoleInfo.java:updateAndGet(143)) - efb933de-cdd8-4d8d-88d2-4c7ffe0dec1a: start FollowerState
2019-10-16 21:53:35,117 [Thread-2365] INFO  impl.FollowerState (FollowerState.java:run(117)) - efb933de-cdd8-4d8d-88d2-4c7ffe0dec1a@group-EE856C9543A1-FollowerState was interrupted: java.lang.InterruptedException: sleep interrupted
2019-10-16 21:53:35,117 [grpc-default-executor-5] INFO  impl.RaftServerImpl (RaftServerImpl.java:setRole(184)) - 9d88716d-5d6b-4fd8-b832-a110dc45ee66@group-EE856C9543A1: changes role from  FOLLOWER to FOLLOWER at term 355 for recognizeCandidate:5c3956af-60d3-411f-8c98-c7ed3576de5c
2019-10-16 21:53:35,118 [grpc-default-executor-5] INFO  impl.RoleInfo (RoleInfo.java:shutdownFollowerState(121)) - 9d88716d-5d6b-4fd8-b832-a110dc45ee66: shutdown FollowerState
2019-10-16 21:53:35,118 [grpc-default-executor-5] INFO  impl.RoleInfo (RoleInfo.java:updateAndGet(143)) - 9d88716d-5d6b-4fd8-b832-a110dc45ee66: start FollowerState
2019-10-16 21:53:35,118 [Thread-2366] INFO  impl.FollowerState (FollowerState.java:run(117)) - 9d88716d-5d6b-4fd8-b832-a110dc45ee66@group-EE856C9543A1-FollowerState was interrupted: java.lang.InterruptedException: sleep interrupted
2019-10-16 21:53:35,129 [5c3956af-60d3-411f-8c98-c7ed3576de5c@group-EE856C9543A1-LeaderElection323] INFO  impl.LeaderElection (LeaderElection.java:askForVotes(178)) - 5c3956af-60d3-411f-8c98-c7ed3576de5c@group-EE856C9543A1-LeaderElection323: begin an election at term 356 for -1: [5c3956af-60d3-411f-8c98-c7ed3576de5c:192.168.34.38:33787, efb933de-cdd8-4d8d-88d2-4c7ffe0dec1a:192.168.34.38:42459, 9d88716d-5d6b-4fd8-b832-a110dc45ee66:192.168.34.38:38211], old=null
2019-10-16 21:53:35,130 [grpc-default-executor-5] INFO  impl.RaftServerImpl (RaftServerImpl.java:setRole(184)) - efb933de-cdd8-4d8d-88d2-4c7ffe0dec1a@group-EE856C9543A1: changes role from  FOLLOWER to FOLLOWER at term 356 for recognizeCandidate:5c3956af-60d3-411f-8c98-c7ed3576de5c
2019-10-16 21:53:35,131 [grpc-default-executor-5] INFO  impl.RoleInfo (RoleInfo.java:shutdownFollowerState(121)) - efb933de-cdd8-4d8d-88d2-4c7ffe0dec1a: shutdown FollowerState
2019-10-16 21:53:35,131 [grpc-default-executor-5] INFO  impl.RoleInfo (RoleInfo.java:updateAndGet(143)) - efb933de-cdd8-4d8d-88d2-4c7ffe0dec1a: start FollowerState
2019-10-16 21:53:35,131 [Thread-2371] INFO  impl.FollowerState (FollowerState.java:run(117)) - efb933de-cdd8-4d8d-88d2-4c7ffe0dec1a@group-EE856C9543A1-FollowerState was interrupted: java.lang.InterruptedException: sleep interrupted
2019-10-16 21:53:35,131 [grpc-default-executor-1] INFO  impl.RaftServerImpl (RaftServerImpl.java:setRole(184)) - 9d88716d-5d6b-4fd8-b832-a110dc45ee66@group-EE856C9543A1: changes role from  FOLLOWER to FOLLOWER at term 356 for recognizeCandidate:5c3956af-60d3-411f-8c98-c7ed3576de5c
2019-10-16 21:53:35,131 [grpc-default-executor-1] INFO  impl.RoleInfo (RoleInfo.java:shutdownFollowerState(121)) - 9d88716d-5d6b-4fd8-b832-a110dc45ee66: shutdown FollowerState
2019-10-16 21:53:35,131 [grpc-default-executor-1] INFO  impl.RoleInfo (RoleInfo.java:updateAndGet(143)) - 9d88716d-5d6b-4fd8-b832-a110dc45ee66: start FollowerState
2019-10-16 21:53:35,131 [Thread-2372] INFO  impl.FollowerState (FollowerState.java:run(117)) - 9d88716d-5d6b-4fd8-b832-a110dc45ee66@group-EE856C9543A1-FollowerState was interrupted: java.lang.InterruptedException: sleep interrupted
2019-10-16 21:53:35,145 [5c3956af-60d3-411f-8c98-c7ed3576de5c@group-EE856C9543A1-LeaderElection323] INFO  impl.LeaderElection (LeaderElection.java:logAndReturn(56)) - 5c3956af-60d3-411f-8c98-c7ed3576de5c@group-EE856C9543A1-LeaderElection323: Election REJECTED; received 2 response(s) [5c3956af-60d3-411f-8c98-c7ed3576de5c<-efb933de-cdd8-4d8d-88d2-4c7ffe0dec1a#0:FAIL-t356, 5c3956af-60d3-411f-8c98-c7ed3576de5c<-9d88716d-5d6b-4fd8-b832-a110dc45ee66#0:FAIL-t356] and 0 exception(s); 5c3956af-60d3-411f-8c98-c7ed3576de5c@group-EE856C9543A1:t356, leader=null, voted=5c3956af-60d3-411f-8c98-c7ed3576de5c, raftlog=5c3956af-60d3-411f-8c98-c7ed3576de5c@group-EE856C9543A1-SegmentedRaftLog:OPENED:c-1,f-1,i0, conf=-1: [5c3956af-60d3-411f-8c98-c7ed3576de5c:192.168.34.38:33787, efb933de-cdd8-4d8d-88d2-4c7ffe0dec1a:192.168.34.38:42459, 9d88716d-5d6b-4fd8-b832-a110dc45ee66:192.168.34.38:38211], old=null
2019-10-16 21:53:35,145 [5c3956af-60d3-411f-8c98-c7ed3576de5c@group-EE856C9543A1-LeaderElection323] INFO  impl.RaftServerImpl (RaftServerImpl.java:setRole(184)) - 5c3956af-60d3-411f-8c98-c7ed3576de5c@group-EE856C9543A1: changes role from CANDIDATE to FOLLOWER at term 356 for DISCOVERED_A_NEW_TERM
2019-10-16 21:53:35,146 [5c3956af-60d3-411f-8c98-c7ed3576de5c@group-EE856C9543A1-LeaderElection323] INFO  impl.RoleInfo (RoleInfo.java:shutdownLeaderElection(134)) - 5c3956af-60d3-411f-8c98-c7ed3576de5c: shutdown LeaderElection
2019-10-16 21:53:35,146 [5c3956af-60d3-411f-8c98-c7ed3576de5c@group-EE856C9543A1-LeaderElection323] INFO  impl.RoleInfo (RoleInfo.java:updateAndGet(143)) - 5c3956af-60d3-411f-8c98-c7ed3576de5c: start FollowerState
2019-10-16 21:53:35,311 [Thread-2377] INFO  impl.FollowerState (FollowerState.java:run(108)) - 5c3956af-60d3-411f-8c98-c7ed3576de5c@group-EE856C9543A1-FollowerState: change to CANDIDATE, lastRpcTime:165ms, electionTimeout:165ms
2019-10-16 21:53:35,311 [Thread-2377] INFO  impl.RoleInfo (RoleInfo.java:shutdownFollowerState(121)) - 5c3956af-60d3-411f-8c98-c7ed3576de5c: shutdown FollowerState
2019-10-16 21:53:35,311 [Thread-2377] INFO  impl.RaftServerImpl (RaftServerImpl.java:setRole(184)) - 5c3956af-60d3-411f-8c98-c7ed3576de5c@group-EE856C9543A1: changes role from  FOLLOWER to CANDIDATE at term 356 for changeToCandidate
2019-10-16 21:53:35,312 [Thread-2377] INFO  impl.RoleInfo (RoleInfo.java:updateAndGet(143)) - 5c3956af-60d3-411f-8c98-c7ed3576de5c: start LeaderElection
2019-10-16 21:53:35,325 [5c3956af-60d3-411f-8c98-c7ed3576de5c@group-EE856C9543A1-LeaderElection324] INFO  impl.LeaderElection (LeaderElection.java:askForVotes(178)) - 5c3956af-60d3-411f-8c98-c7ed3576de5c@group-EE856C9543A1-LeaderElection324: begin an election at term 357 for -1: [5c3956af-60d3-411f-8c98-c7ed3576de5c:192.168.34.38:33787, efb933de-cdd8-4d8d-88d2-4c7ffe0dec1a:192.168.34.38:42459, 9d88716d-5d6b-4fd8-b832-a110dc45ee66:192.168.34.38:38211], old=null
2019-10-16 21:53:35,328 [grpc-default-executor-1] INFO  impl.RaftServerImpl (RaftServerImpl.java:setRole(184)) - efb933de-cdd8-4d8d-88d2-4c7ffe0dec1a@group-EE856C9543A1: changes role from  FOLLOWER to FOLLOWER at term 357 for recognizeCandidate:5c3956af-60d3-411f-8c98-c7ed3576de5c
2019-10-16 21:53:35,328 [grpc-default-executor-1] INFO  impl.RoleInfo (RoleInfo.java:shutdownFollowerState(121)) - efb933de-cdd8-4d8d-88d2-4c7ffe0dec1a: shutdown FollowerState
2019-10-16 21:53:35,328 [grpc-default-executor-1] INFO  impl.RoleInfo (RoleInfo.java:updateAndGet(143)) - efb933de-cdd8-4d8d-88d2-4c7ffe0dec1a: start FollowerState
2019-10-16 21:53:35,328 [Thread-2375] INFO  impl.FollowerState (FollowerState.java:run(117)) - efb933de-cdd8-4d8d-88d2-4c7ffe0dec1a@group-EE856C9543A1-FollowerState was interrupted: java.lang.InterruptedException: sleep interrupted
2019-10-16 21:53:35,329 [grpc-default-executor-5] INFO  impl.RaftServerImpl (RaftServerImpl.java:setRole(184)) - 9d88716d-5d6b-4fd8-b832-a110dc45ee66@group-EE856C9543A1: changes role from  FOLLOWER to FOLLOWER at term 357 for recognizeCandidate:5c3956af-60d3-411f-8c98-c7ed3576de5c
2019-10-16 21:53:35,329 [grpc-default-executor-5] INFO  impl.RoleInfo (RoleInfo.java:shutdownFollowerState(121)) - 9d88716d-5d6b-4fd8-b832-a110dc45ee66: shutdown FollowerState
2019-10-16 21:53:35,329 [grpc-default-executor-5] INFO  impl.RoleInfo (RoleInfo.java:updateAndGet(143)) - 9d88716d-5d6b-4fd8-b832-a110dc45ee66: start FollowerState
2019-10-16 21:53:35,329 [Thread-2376] INFO  impl.FollowerState (FollowerState.java:run(117)) - 9d88716d-5d6b-4fd8-b832-a110dc45ee66@group-EE856C9543A1-FollowerState was interrupted: java.lang.InterruptedException: sleep interrupted
2019-10-16 21:53:35,344 [5c3956af-60d3-411f-8c98-c7ed3576de5c@group-EE856C9543A1-LeaderElection324] INFO  impl.LeaderElection (LeaderElection.java:logAndReturn(56)) - 5c3956af-60d3-411f-8c98-c7ed3576de5c@group-EE856C9543A1-LeaderElection324: Election REJECTED; received 2 response(s) [5c3956af-60d3-411f-8c98-c7ed3576de5c<-efb933de-cdd8-4d8d-88d2-4c7ffe0dec1a#0:FAIL-t357, 5c3956af-60d3-411f-8c98-c7ed3576de5c<-9d88716d-5d6b-4fd8-b832-a110dc45ee66#0:FAIL-t357] and 0 exception(s); 5c3956af-60d3-411f-8c98-c7ed3576de5c@group-EE856C9543A1:t357, leader=null, voted=5c3956af-60d3-411f-8c98-c7ed3576de5c, raftlog=5c3956af-60d3-411f-8c98-c7ed3576de5c@group-EE856C9543A1-SegmentedRaftLog:OPENED:c-1,f-1,i0, conf=-1: [5c3956af-60d3-411f-8c98-c7ed3576de5c:192.168.34.38:33787, efb933de-cdd8-4d8d-88d2-4c7ffe0dec1a:192.168.34.38:42459, 9d88716d-5d6b-4fd8-b832-a110dc45ee66:192.168.34.38:38211], old=null
2019-10-16 21:53:35,344 [5c3956af-60d3-411f-8c98-c7ed3576de5c@group-EE856C9543A1-LeaderElection324] INFO  impl.RaftServerImpl (RaftServerImpl.java:setRole(184)) - 5c3956af-60d3-411f-8c98-c7ed3576de5c@group-EE856C9543A1: changes role from CANDIDATE to FOLLOWER at term 357 for DISCOVERED_A_NEW_TERM
2019-10-16 21:53:35,344 [5c3956af-60d3-411f-8c98-c7ed3576de5c@group-EE856C9543A1-LeaderElection324] INFO  impl.RoleInfo (RoleInfo.java:shutdownLeaderElection(134)) - 5c3956af-60d3-411f-8c98-c7ed3576de5c: shutdown LeaderElection
2019-10-16 21:53:35,344 [5c3956af-60d3-411f-8c98-c7ed3576de5c@group-EE856C9543A1-LeaderElection324] INFO  impl.RoleInfo (RoleInfo.java:updateAndGet(143)) - 5c3956af-60d3-411f-8c98-c7ed3576de5c: start FollowerState
2019-10-16 21:53:35,416 [Thread-2383] INFO  impl.FollowerState (FollowerState.java:run(108)) - 5c3956af-60d3-411f-8c98-c7ed3576de5c@group-EE856C9543A1-FollowerState: change to CANDIDATE, lastRpcTime:72ms, electionTimeout:72ms
2019-10-16 21:53:35,417 [Thread-2383] INFO  impl.RoleInfo (RoleInfo.java:shutdownFollowerState(121)) - 5c3956af-60d3-411f-8c98-c7ed3576de5c: shutdown FollowerState
2019-10-16 21:53:35,417 [Thread-2383] INFO  impl.RaftServerImpl (RaftServerImpl.java:setRole(184)) - 5c3956af-60d3-411f-8c98-c7ed3576de5c@group-EE856C9543A1: changes role from  FOLLOWER to CANDIDATE at term 357 for changeToCandidate
2019-10-16 21:53:35,417 [Thread-2383] INFO  impl.RoleInfo (RoleInfo.java:updateAndGet(143)) - 5c3956af-60d3-411f-8c98-c7ed3576de5c: start LeaderElection
2019-10-16 21:53:35,430 [5c3956af-60d3-411f-8c98-c7ed3576de5c@group-EE856C9543A1-LeaderElection325] INFO  impl.LeaderElection (LeaderElection.java:askForVotes(178)) - 5c3956af-60d3-411f-8c98-c7ed3576de5c@group-EE856C9543A1-LeaderElection325: begin an election at term 358 for -1: [5c3956af-60d3-411f-8c98-c7ed3576de5c:192.168.34.38:33787, efb933de-cdd8-4d8d-88d2-4c7ffe0dec1a:192.168.34.38:42459, 9d88716d-5d6b-4fd8-b832-a110dc45ee66:192.168.34.38:38211], old=null
2019-10-16 21:53:35,432 [grpc-default-executor-1] INFO  impl.RaftServerImpl (RaftServerImpl.java:setRole(184)) - efb933de-cdd8-4d8d-88d2-4c7ffe0dec1a@group-EE856C9543A1: changes role from  FOLLOWER to FOLLOWER at term 358 for recognizeCandidate:5c3956af-60d3-411f-8c98-c7ed3576de5c
2019-10-16 21:53:35,433 [grpc-default-executor-1] INFO  impl.RoleInfo (RoleInfo.java:shutdownFollowerState(121)) - efb933de-cdd8-4d8d-88d2-4c7ffe0dec1a: shutdown FollowerState
2019-10-16 21:53:35,433 [grpc-default-executor-5] INFO  impl.RaftServerImpl (RaftServerImpl.java:setRole(184)) - 9d88716d-5d6b-4fd8-b832-a110dc45ee66@group-EE856C9543A1: changes role from  FOLLOWER to FOLLOWER at term 358 for recognizeCandidate:5c3956af-60d3-411f-8c98-c7ed3576de5c
2019-10-16 21:53:35,433 [Thread-2381] INFO  impl.FollowerState (FollowerState.java:run(117)) - efb933de-cdd8-4d8d-88d2-4c7ffe0dec1a@group-EE856C9543A1-FollowerState was interrupted: java.lang.InterruptedException: sleep interrupted
2019-10-16 21:53:35,433 [grpc-default-executor-1] INFO  impl.RoleInfo (RoleInfo.java:updateAndGet(143)) - efb933de-cdd8-4d8d-88d2-4c7ffe0dec1a: start FollowerState
2019-10-16 21:53:35,433 [grpc-default-executor-5] INFO  impl.RoleInfo (RoleInfo.java:shutdownFollowerState(121)) - 9d88716d-5d6b-4fd8-b832-a110dc45ee66: shutdown FollowerState
2019-10-16 21:53:35,434 [grpc-default-executor-5] INFO  impl.RoleInfo (RoleInfo.java:updateAndGet(143)) - 9d88716d-5d6b-4fd8-b832-a110dc45ee66: start FollowerState
2019-10-16 21:53:35,434 [Thread-2382] INFO  impl.FollowerState (FollowerState.java:run(117)) - 9d88716d-5d6b-4fd8-b832-a110dc45ee66@group-EE856C9543A1-FollowerState was interrupted: java.lang.InterruptedException: sleep interrupted
2019-10-16 21:53:35,448 [5c3956af-60d3-411f-8c98-c7ed3576de5c@group-EE856C9543A1-LeaderElection325] INFO  impl.LeaderElection (LeaderElection.java:logAndReturn(56)) - 5c3956af-60d3-411f-8c98-c7ed3576de5c@group-EE856C9543A1-LeaderElection325: Election REJECTED; received 2 response(s) [5c3956af-60d3-411f-8c98-c7ed3576de5c<-efb933de-cdd8-4d8d-88d2-4c7ffe0dec1a#0:FAIL-t358, 5c3956af-60d3-411f-8c98-c7ed3576de5c<-9d88716d-5d6b-4fd8-b832-a110dc45ee66#0:FAIL-t358] and 0 exception(s); 5c3956af-60d3-411f-8c98-c7ed3576de5c@group-EE856C9543A1:t358, leader=null, voted=5c3956af-60d3-411f-8c98-c7ed3576de5c, raftlog=5c3956af-60d3-411f-8c98-c7ed3576de5c@group-EE856C9543A1-SegmentedRaftLog:OPENED:c-1,f-1,i0, conf=-1: [5c3956af-60d3-411f-8c98-c7ed3576de5c:192.168.34.38:33787, efb933de-cdd8-4d8d-88d2-4c7ffe0dec1a:192.168.34.38:42459, 9d88716d-5d6b-4fd8-b832-a110dc45ee66:192.168.34.38:38211], old=null
2019-10-16 21:53:35,448 [5c3956af-60d3-411f-8c98-c7ed3576de5c@group-EE856C9543A1-LeaderElection325] INFO  impl.RaftServerImpl (RaftServerImpl.java:setRole(184)) - 5c3956af-60d3-411f-8c98-c7ed3576de5c@group-EE856C9543A1: changes role from CANDIDATE to FOLLOWER at term 358 for DISCOVERED_A_NEW_TERM
2019-10-16 21:53:35,448 [5c3956af-60d3-411f-8c98-c7ed3576de5c@group-EE856C9543A1-LeaderElection325] INFO  impl.RoleInfo (RoleInfo.java:shutdownLeaderElection(134)) - 5c3956af-60d3-411f-8c98-c7ed3576de5c: shutdown LeaderElection
2019-10-16 21:53:35,448 [5c3956af-60d3-411f-8c98-c7ed3576de5c@group-EE856C9543A1-LeaderElection325] INFO  impl.RoleInfo (RoleInfo.java:updateAndGet(143)) - 5c3956af-60d3-411f-8c98-c7ed3576de5c: start FollowerState
2019-10-16 21:53:35,575 [Thread-2389] INFO  impl.FollowerState (FollowerState.java:run(108)) - 5c3956af-60d3-411f-8c98-c7ed3576de5c@group-EE856C9543A1-FollowerState: change to CANDIDATE, lastRpcTime:127ms, electionTimeout:127ms
2019-10-16 21:53:35,576 [Thread-2389] INFO  impl.RoleInfo (RoleInfo.java:shutdownFollowerState(121)) - 5c3956af-60d3-411f-8c98-c7ed3576de5c: shutdown FollowerState
2019-10-16 21:53:35,576 [Thread-2389] INFO  impl.RaftServerImpl (RaftServerImpl.java:setRole(184)) - 5c3956af-60d3-411f-8c98-c7ed3576de5c@group-EE856C9543A1: changes role from  FOLLOWER to CANDIDATE at term 358 for changeToCandidate
2019-10-16 21:53:35,576 [Thread-2389] INFO  impl.RoleInfo (RoleInfo.java:updateAndGet(143)) - 5c3956af-60d3-411f-8c98-c7ed3576de5c: start LeaderElection
2019-10-16 21:53:35,594 [5c3956af-60d3-411f-8c98-c7ed3576de5c@group-EE856C9543A1-LeaderElection326] INFO  impl.LeaderElection (LeaderElection.java:askForVotes(178)) - 5c3956af-60d3-411f-8c98-c7ed3576de5c@group-EE856C9543A1-LeaderElection326: begin an election at term 359 for -1: [5c3956af-60d3-411f-8c98-c7ed3576de5c:192.168.34.38:33787, efb933de-cdd8-4d8d-88d2-4c7ffe0dec1a:192.168.34.38:42459, 9d88716d-5d6b-4fd8-b832-a110dc45ee66:192.168.34.38:38211], old=null
2019-10-16 21:53:35,597 [grpc-default-executor-5] INFO  impl.RaftServerImpl (RaftServerImpl.java:setRole(184)) - efb933de-cdd8-4d8d-88d2-4c7ffe0dec1a@group-EE856C9543A1: changes role from  FOLLOWER to FOLLOWER at term 359 for recognizeCandidate:5c3956af-60d3-411f-8c98-c7ed3576de5c
2019-10-16 21:53:35,597 [grpc-default-executor-5] INFO  impl.RoleInfo (RoleInfo.java:shutdownFollowerState(121)) - efb933de-cdd8-4d8d-88d2-4c7ffe0dec1a: shutdown FollowerState
2019-10-16 21:53:35,597 [grpc-default-executor-5] INFO  impl.RoleInfo (RoleInfo.java:updateAndGet(143)) - efb933de-cdd8-4d8d-88d2-4c7ffe0dec1a: start FollowerState
2019-10-16 21:53:35,597 [Thread-2387] INFO  impl.FollowerState (FollowerState.java:run(117)) - efb933de-cdd8-4d8d-88d2-4c7ffe0dec1a@group-EE856C9543A1-FollowerState was interrupted: java.lang.InterruptedException: sleep interrupted
2019-10-16 21:53:35,598 [grpc-default-executor-1] INFO  impl.RaftServerImpl (RaftServerImpl.java:setRole(184)) - 9d88716d-5d6b-4fd8-b832-a110dc45ee66@group-EE856C9543A1: changes role from  FOLLOWER to FOLLOWER at term 359 for recognizeCandidate:5c3956af-60d3-411f-8c98-c7ed3576de5c
2019-10-16 21:53:35,598 [grpc-default-executor-1] INFO  impl.RoleInfo (RoleInfo.java:shutdownFollowerState(121)) - 9d88716d-5d6b-4fd8-b832-a110dc45ee66: shutdown FollowerState
2019-10-16 21:53:35,598 [grpc-default-executor-1] INFO  impl.RoleInfo (RoleInfo.java:updateAndGet(143)) - 9d88716d-5d6b-4fd8-b832-a110dc45ee66: start FollowerState
2019-10-16 21:53:35,598 [Thread-2388] INFO  impl.FollowerState (FollowerState.java:run(117)) - 9d88716d-5d6b-4fd8-b832-a110dc45ee66@group-EE856C9543A1-FollowerState was interrupted: java.lang.InterruptedException: sleep interrupted
2019-10-16 21:53:35,612 [5c3956af-60d3-411f-8c98-c7ed3576de5c@group-EE856C9543A1-LeaderElection326] INFO  impl.LeaderElection (LeaderElection.java:logAndReturn(56)) - 5c3956af-60d3-411f-8c98-c7ed3576de5c@group-EE856C9543A1-LeaderElection326: Election REJECTED; received 2 response(s) [5c3956af-60d3-411f-8c98-c7ed3576de5c<-efb933de-cdd8-4d8d-88d2-4c7ffe0dec1a#0:FAIL-t359, 5c3956af-60d3-411f-8c98-c7ed3576de5c<-9d88716d-5d6b-4fd8-b832-a110dc45ee66#0:FAIL-t359] and 0 exception(s); 5c3956af-60d3-411f-8c98-c7ed3576de5c@group-EE856C9543A1:t359, leader=null, voted=5c3956af-60d3-411f-8c98-c7ed3576de5c, raftlog=5c3956af-60d3-411f-8c98-c7ed3576de5c@group-EE856C9543A1-SegmentedRaftLog:OPENED:c-1,f-1,i0, conf=-1: [5c3956af-60d3-411f-8c98-c7ed3576de5c:192.168.34.38:33787, efb933de-cdd8-4d8d-88d2-4c7ffe0dec1a:192.168.34.38:42459, 9d88716d-5d6b-4fd8-b832-a110dc45ee66:192.168.34.38:38211], old=null
2019-10-16 21:53:35,612 [5c3956af-60d3-411f-8c98-c7ed3576de5c@group-EE856C9543A1-LeaderElection326] INFO  impl.RaftServerImpl (RaftServerImpl.java:setRole(184)) - 5c3956af-60d3-411f-8c98-c7ed3576de5c@group-EE856C9543A1: changes role from CANDIDATE to FOLLOWER at term 359 for DISCOVERED_A_NEW_TERM
2019-10-16 21:53:35,612 [5c3956af-60d3-411f-8c98-c7ed3576de5c@group-EE856C9543A1-LeaderElection326] INFO  impl.RoleInfo (RoleInfo.java:shutdownLeaderElection(134)) - 5c3956af-60d3-411f-8c98-c7ed3576de5c: shutdown LeaderElection
2019-10-16 21:53:35,612 [5c3956af-60d3-411f-8c98-c7ed3576de5c@group-EE856C9543A1-LeaderElection326] INFO  impl.RoleInfo (RoleInfo.java:updateAndGet(143)) - 5c3956af-60d3-411f-8c98-c7ed3576de5c: start FollowerState
2019-10-16 21:53:35,646 [JUnit] INFO  ozone.MiniOzoneClusterImpl (MiniOzoneClusterImpl.java:lambda$waitForClusterToBeReady$2(164)) - Waiting for 1 number of pipelines out of 6, to report a leader.
2019-10-16 21:53:35,689 [Thread-2395] INFO  impl.FollowerState (FollowerState.java:run(108)) - 5c3956af-60d3-411f-8c98-c7ed3576de5c@group-EE856C9543A1-FollowerState: change to CANDIDATE, lastRpcTime:76ms, electionTimeout:76ms
2019-10-16 21:53:35,689 [Thread-2395] INFO  impl.RoleInfo (RoleInfo.java:shutdownFollowerState(121)) - 5c3956af-60d3-411f-8c98-c7ed3576de5c: shutdown FollowerState
2019-10-16 21:53:35,689 [Thread-2395] INFO  impl.RaftServerImpl (RaftServerImpl.java:setRole(184)) - 5c3956af-60d3-411f-8c98-c7ed3576de5c@group-EE856C9543A1: changes role from  FOLLOWER to CANDIDATE at term 359 for changeToCandidate
2019-10-16 21:53:35,689 [Thread-2395] INFO  impl.RoleInfo (RoleInfo.java:updateAndGet(143)) - 5c3956af-60d3-411f-8c98-c7ed3576de5c: start LeaderElection
2019-10-16 21:53:35,702 [5c3956af-60d3-411f-8c98-c7ed3576de5c@group-EE856C9543A1-LeaderElection327] INFO  impl.LeaderElection (LeaderElection.java:askForVotes(178)) - 5c3956af-60d3-411f-8c98-c7ed3576de5c@group-EE856C9543A1-LeaderElection327: begin an election at term 360 for -1: [5c3956af-60d3-411f-8c98-c7ed3576de5c:192.168.34.38:33787, efb933de-cdd8-4d8d-88d2-4c7ffe0dec1a:192.168.34.38:42459, 9d88716d-5d6b-4fd8-b832-a110dc45ee66:192.168.34.38:38211], old=null
2019-10-16 21:53:35,704 [grpc-default-executor-1] INFO  impl.RaftServerImpl (RaftServerImpl.java:setRole(184)) - efb933de-cdd8-4d8d-88d2-4c7ffe0dec1a@group-EE856C9543A1: changes role from  FOLLOWER to FOLLOWER at term 360 for recognizeCandidate:5c3956af-60d3-411f-8c98-c7ed3576de5c
2019-10-16 21:53:35,704 [grpc-default-executor-1] INFO  impl.RoleInfo (RoleInfo.java:shutdownFollowerState(121)) - efb933de-cdd8-4d8d-88d2-4c7ffe0dec1a: shutdown FollowerState
2019-10-16 21:53:35,704 [grpc-default-executor-5] INFO  impl.RaftServerImpl (RaftServerImpl.java:setRole(184)) - 9d88716d-5d6b-4fd8-b832-a110dc45ee66@group-EE856C9543A1: changes role from  FOLLOWER to FOLLOWER at term 360 for recognizeCandidate:5c3956af-60d3-411f-8c98-c7ed3576de5c
2019-10-16 21:53:35,704 [grpc-default-executor-5] INFO  impl.RoleInfo (RoleInfo.java:shutdownFollowerState(121)) - 9d88716d-5d6b-4fd8-b832-a110dc45ee66: shutdown FollowerState
2019-10-16 21:53:35,704 [Thread-2393] INFO  impl.FollowerState (FollowerState.java:run(117)) - efb933de-cdd8-4d8d-88d2-4c7ffe0dec1a@group-EE856C9543A1-FollowerState was interrupted: java.lang.InterruptedException: sleep interrupted
2019-10-16 21:53:35,704 [grpc-default-executor-1] INFO  impl.RoleInfo (RoleInfo.java:updateAndGet(143)) - efb933de-cdd8-4d8d-88d2-4c7ffe0dec1a: start FollowerState
2019-10-16 21:53:35,705 [Thread-2394] INFO  impl.FollowerState (FollowerState.java:run(117)) - 9d88716d-5d6b-4fd8-b832-a110dc45ee66@group-EE856C9543A1-FollowerState was interrupted: java.lang.InterruptedException: sleep interrupted
2019-10-16 21:53:35,705 [grpc-default-executor-5] INFO  impl.RoleInfo (RoleInfo.java:updateAndGet(143)) - 9d88716d-5d6b-4fd8-b832-a110dc45ee66: start FollowerState
2019-10-16 21:53:35,720 [5c3956af-60d3-411f-8c98-c7ed3576de5c@group-EE856C9543A1-LeaderElection327] INFO  impl.LeaderElection (LeaderElection.java:logAndReturn(56)) - 5c3956af-60d3-411f-8c98-c7ed3576de5c@group-EE856C9543A1-LeaderElection327: Election REJECTED; received 2 response(s) [5c3956af-60d3-411f-8c98-c7ed3576de5c<-efb933de-cdd8-4d8d-88d2-4c7ffe0dec1a#0:FAIL-t360, 5c3956af-60d3-411f-8c98-c7ed3576de5c<-9d88716d-5d6b-4fd8-b832-a110dc45ee66#0:FAIL-t360] and 0 exception(s); 5c3956af-60d3-411f-8c98-c7ed3576de5c@group-EE856C9543A1:t360, leader=null, voted=5c3956af-60d3-411f-8c98-c7ed3576de5c, raftlog=5c3956af-60d3-411f-8c98-c7ed3576de5c@group-EE856C9543A1-SegmentedRaftLog:OPENED:c-1,f-1,i0, conf=-1: [5c3956af-60d3-411f-8c98-c7ed3576de5c:192.168.34.38:33787, efb933de-cdd8-4d8d-88d2-4c7ffe0dec1a:192.168.34.38:42459, 9d88716d-5d6b-4fd8-b832-a110dc45ee66:192.168.34.38:38211], old=null
2019-10-16 21:53:35,720 [5c3956af-60d3-411f-8c98-c7ed3576de5c@group-EE856C9543A1-LeaderElection327] INFO  impl.RaftServerImpl (RaftServerImpl.java:setRole(184)) - 5c3956af-60d3-411f-8c98-c7ed3576de5c@group-EE856C9543A1: changes role from CANDIDATE to FOLLOWER at term 360 for DISCOVERED_A_NEW_TERM
2019-10-16 21:53:35,720 [5c3956af-60d3-411f-8c98-c7ed3576de5c@group-EE856C9543A1-LeaderElection327] INFO  impl.RoleInfo (RoleInfo.java:shutdownLeaderElection(134)) - 5c3956af-60d3-411f-8c98-c7ed3576de5c: shutdown LeaderElection
2019-10-16 21:53:35,720 [5c3956af-60d3-411f-8c98-c7ed3576de5c@group-EE856C9543A1-LeaderElection327] INFO  impl.RoleInfo (RoleInfo.java:updateAndGet(143)) - 5c3956af-60d3-411f-8c98-c7ed3576de5c: start FollowerState
2019-10-16 21:53:35,911 [Thread-2401] INFO  impl.FollowerState (FollowerState.java:run(108)) - 5c3956af-60d3-411f-8c98-c7ed3576de5c@group-EE856C9543A1-FollowerState: change to CANDIDATE, lastRpcTime:190ms, electionTimeout:190ms
2019-10-16 21:53:35,911 [Thread-2401] INFO  impl.RoleInfo (RoleInfo.java:shutdownFollowerState(121)) - 5c3956af-60d3-411f-8c98-c7ed3576de5c: shutdown FollowerState
2019-10-16 21:53:35,911 [Thread-2401] INFO  impl.RaftServerImpl (RaftServerImpl.java:setRole(184)) - 5c3956af-60d3-411f-8c98-c7ed3576de5c@group-EE856C9543A1: changes role from  FOLLOWER to CANDIDATE at term 360 for changeToCandidate
2019-10-16 21:53:35,911 [Thread-2401] INFO  impl.RoleInfo (RoleInfo.java:updateAndGet(143)) - 5c3956af-60d3-411f-8c98-c7ed3576de5c: start LeaderElection
2019-10-16 21:53:35,984 [5c3956af-60d3-411f-8c98-c7ed3576de5c@group-EE856C9543A1-LeaderElection328] INFO  impl.LeaderElection (LeaderElection.java:askForVotes(178)) - 5c3956af-60d3-411f-8c98-c7ed3576de5c@group-EE856C9543A1-LeaderElection328: begin an election at term 361 for -1: [5c3956af-60d3-411f-8c98-c7ed3576de5c:192.168.34.38:33787, efb933de-cdd8-4d8d-88d2-4c7ffe0dec1a:192.168.34.38:42459, 9d88716d-5d6b-4fd8-b832-a110dc45ee66:192.168.34.38:38211], old=null
2019-10-16 21:53:35,986 [grpc-default-executor-5] INFO  impl.RaftServerImpl (RaftServerImpl.java:setRole(184)) - efb933de-cdd8-4d8d-88d2-4c7ffe0dec1a@group-EE856C9543A1: changes role from  FOLLOWER to FOLLOWER at term 361 for recognizeCandidate:5c3956af-60d3-411f-8c98-c7ed3576de5c
2019-10-16 21:53:35,986 [grpc-default-executor-5] INFO  impl.RoleInfo (RoleInfo.java:shutdownFollowerState(121)) - efb933de-cdd8-4d8d-88d2-4c7ffe0dec1a: shutdown FollowerState
2019-10-16 21:53:35,986 [grpc-default-executor-5] INFO  impl.RoleInfo (RoleInfo.java:updateAndGet(143)) - efb933de-cdd8-4d8d-88d2-4c7ffe0dec1a: start FollowerState
2019-10-16 21:53:35,987 [grpc-default-executor-1] INFO  impl.RaftServerImpl (RaftServerImpl.java:setRole(184)) - 9d88716d-5d6b-4fd8-b832-a110dc45ee66@group-EE856C9543A1: changes role from  FOLLOWER to FOLLOWER at term 361 for recognizeCandidate:5c3956af-60d3-411f-8c98-c7ed3576de5c
2019-10-16 21:53:35,987 [grpc-default-executor-1] INFO  impl.RoleInfo (RoleInfo.java:shutdownFollowerState(121)) - 9d88716d-5d6b-4fd8-b832-a110dc45ee66: shutdown FollowerState
2019-10-16 21:53:35,987 [Thread-2399] INFO  impl.FollowerState (FollowerState.java:run(117)) - efb933de-cdd8-4d8d-88d2-4c7ffe0dec1a@group-EE856C9543A1-FollowerState was interrupted: java.lang.InterruptedException: sleep interrupted
2019-10-16 21:53:35,987 [Thread-2400] INFO  impl.FollowerState (FollowerState.java:run(117)) - 9d88716d-5d6b-4fd8-b832-a110dc45ee66@group-EE856C9543A1-FollowerState was interrupted: java.lang.InterruptedException: sleep interrupted
2019-10-16 21:53:35,987 [grpc-default-executor-1] INFO  impl.RoleInfo (RoleInfo.java:updateAndGet(143)) - 9d88716d-5d6b-4fd8-b832-a110dc45ee66: start FollowerState
2019-10-16 21:53:35,995 [5c3956af-60d3-411f-8c98-c7ed3576de5c@group-EE856C9543A1-LeaderElection328] INFO  impl.LeaderElection (LeaderElection.java:logAndReturn(56)) - 5c3956af-60d3-411f-8c98-c7ed3576de5c@group-EE856C9543A1-LeaderElection328: Election REJECTED; received 2 response(s) [5c3956af-60d3-411f-8c98-c7ed3576de5c<-efb933de-cdd8-4d8d-88d2-4c7ffe0dec1a#0:FAIL-t361, 5c3956af-60d3-411f-8c98-c7ed3576de5c<-9d88716d-5d6b-4fd8-b832-a110dc45ee66#0:FAIL-t361] and 0 exception(s); 5c3956af-60d3-411f-8c98-c7ed3576de5c@group-EE856C9543A1:t361, leader=null, voted=5c3956af-60d3-411f-8c98-c7ed3576de5c, raftlog=5c3956af-60d3-411f-8c98-c7ed3576de5c@group-EE856C9543A1-SegmentedRaftLog:OPENED:c-1,f-1,i0, conf=-1: [5c3956af-60d3-411f-8c98-c7ed3576de5c:192.168.34.38:33787, efb933de-cdd8-4d8d-88d2-4c7ffe0dec1a:192.168.34.38:42459, 9d88716d-5d6b-4fd8-b832-a110dc45ee66:192.168.34.38:38211], old=null
2019-10-16 21:53:35,995 [5c3956af-60d3-411f-8c98-c7ed3576de5c@group-EE856C9543A1-LeaderElection328] INFO  impl.RaftServerImpl (RaftServerImpl.java:setRole(184)) - 5c3956af-60d3-411f-8c98-c7ed3576de5c@group-EE856C9543A1: changes role from CANDIDATE to FOLLOWER at term 361 for DISCOVERED_A_NEW_TERM
2019-10-16 21:53:35,995 [5c3956af-60d3-411f-8c98-c7ed3576de5c@group-EE856C9543A1-LeaderElection328] INFO  impl.RoleInfo (RoleInfo.java:shutdownLeaderElection(134)) - 5c3956af-60d3-411f-8c98-c7ed3576de5c: shutdown LeaderElection
2019-10-16 21:53:35,996 [5c3956af-60d3-411f-8c98-c7ed3576de5c@group-EE856C9543A1-LeaderElection328] INFO  impl.RoleInfo (RoleInfo.java:updateAndGet(143)) - 5c3956af-60d3-411f-8c98-c7ed3576de5c: start FollowerState
2019-10-16 21:53:36,174 [Thread-2407] INFO  impl.FollowerState (FollowerState.java:run(108)) - 5c3956af-60d3-411f-8c98-c7ed3576de5c@group-EE856C9543A1-FollowerState: change to CANDIDATE, lastRpcTime:178ms, electionTimeout:178ms
2019-10-16 21:53:36,174 [Thread-2407] INFO  impl.RoleInfo (RoleInfo.java:shutdownFollowerState(121)) - 5c3956af-60d3-411f-8c98-c7ed3576de5c: shutdown FollowerState
2019-10-16 21:53:36,174 [Thread-2407] INFO  impl.RaftServerImpl (RaftServerImpl.java:setRole(184)) - 5c3956af-60d3-411f-8c98-c7ed3576de5c@group-EE856C9543A1: changes role from  FOLLOWER to CANDIDATE at term 361 for changeToCandidate
2019-10-16 21:53:36,175 [Thread-2407] INFO  impl.RoleInfo (RoleInfo.java:updateAndGet(143)) - 5c3956af-60d3-411f-8c98-c7ed3576de5c: start LeaderElection
2019-10-16 21:53:36,221 [5c3956af-60d3-411f-8c98-c7ed3576de5c@group-EE856C9543A1-LeaderElection329] INFO  impl.LeaderElection (LeaderElection.java:askForVotes(178)) - 5c3956af-60d3-411f-8c98-c7ed3576de5c@group-EE856C9543A1-LeaderElection329: begin an election at term 362 for -1: [5c3956af-60d3-411f-8c98-c7ed3576de5c:192.168.34.38:33787, efb933de-cdd8-4d8d-88d2-4c7ffe0dec1a:192.168.34.38:42459, 9d88716d-5d6b-4fd8-b832-a110dc45ee66:192.168.34.38:38211], old=null
2019-10-16 21:53:36,224 [grpc-default-executor-1] INFO  impl.RaftServerImpl (RaftServerImpl.java:setRole(184)) - efb933de-cdd8-4d8d-88d2-4c7ffe0dec1a@group-EE856C9543A1: changes role from  FOLLOWER to FOLLOWER at term 362 for recognizeCandidate:5c3956af-60d3-411f-8c98-c7ed3576de5c
2019-10-16 21:53:36,224 [grpc-default-executor-5] INFO  impl.RaftServerImpl (RaftServerImpl.java:setRole(184)) - 9d88716d-5d6b-4fd8-b832-a110dc45ee66@group-EE856C9543A1: changes role from  FOLLOWER to FOLLOWER at term 362 for recognizeCandidate:5c3956af-60d3-411f-8c98-c7ed3576de5c
2019-10-16 21:53:36,224 [grpc-default-executor-5] INFO  impl.RoleInfo (RoleInfo.java:shutdownFollowerState(121)) - 9d88716d-5d6b-4fd8-b832-a110dc45ee66: shutdown FollowerState
2019-10-16 21:53:36,224 [grpc-default-executor-1] INFO  impl.RoleInfo (RoleInfo.java:shutdownFollowerState(121)) - efb933de-cdd8-4d8d-88d2-4c7ffe0dec1a: shutdown FollowerState
2019-10-16 21:53:36,225 [Thread-2406] INFO  impl.FollowerState (FollowerState.java:run(117)) - 9d88716d-5d6b-4fd8-b832-a110dc45ee66@group-EE856C9543A1-FollowerState was interrupted: java.lang.InterruptedException: sleep interrupted
2019-10-16 21:53:36,225 [grpc-default-executor-5] INFO  impl.RoleInfo (RoleInfo.java:updateAndGet(143)) - 9d88716d-5d6b-4fd8-b832-a110dc45ee66: start FollowerState
2019-10-16 21:53:36,225 [grpc-default-executor-1] INFO  impl.RoleInfo (RoleInfo.java:updateAndGet(143)) - efb933de-cdd8-4d8d-88d2-4c7ffe0dec1a: start FollowerState
2019-10-16 21:53:36,225 [Thread-2405] INFO  impl.FollowerState (FollowerState.java:run(117)) - efb933de-cdd8-4d8d-88d2-4c7ffe0dec1a@group-EE856C9543A1-FollowerState was interrupted: java.lang.InterruptedException: sleep interrupted
2019-10-16 21:53:36,306 [5c3956af-60d3-411f-8c98-c7ed3576de5c@group-EE856C9543A1-LeaderElection329] INFO  impl.LeaderElection (LeaderElection.java:logAndReturn(56)) - 5c3956af-60d3-411f-8c98-c7ed3576de5c@group-EE856C9543A1-LeaderElection329: Election REJECTED; received 2 response(s) [5c3956af-60d3-411f-8c98-c7ed3576de5c<-efb933de-cdd8-4d8d-88d2-4c7ffe0dec1a#0:FAIL-t362, 5c3956af-60d3-411f-8c98-c7ed3576de5c<-9d88716d-5d6b-4fd8-b832-a110dc45ee66#0:FAIL-t362] and 0 exception(s); 5c3956af-60d3-411f-8c98-c7ed3576de5c@group-EE856C9543A1:t362, leader=null, voted=5c3956af-60d3-411f-8c98-c7ed3576de5c, raftlog=5c3956af-60d3-411f-8c98-c7ed3576de5c@group-EE856C9543A1-SegmentedRaftLog:OPENED:c-1,f-1,i0, conf=-1: [5c3956af-60d3-411f-8c98-c7ed3576de5c:192.168.34.38:33787, efb933de-cdd8-4d8d-88d2-4c7ffe0dec1a:192.168.34.38:42459, 9d88716d-5d6b-4fd8-b832-a110dc45ee66:192.168.34.38:38211], old=null
2019-10-16 21:53:36,306 [5c3956af-60d3-411f-8c98-c7ed3576de5c@group-EE856C9543A1-LeaderElection329] INFO  impl.RaftServerImpl (RaftServerImpl.java:setRole(184)) - 5c3956af-60d3-411f-8c98-c7ed3576de5c@group-EE856C9543A1: changes role from CANDIDATE to FOLLOWER at term 362 for DISCOVERED_A_NEW_TERM
2019-10-16 21:53:36,306 [5c3956af-60d3-411f-8c98-c7ed3576de5c@group-EE856C9543A1-LeaderElection329] INFO  impl.RoleInfo (RoleInfo.java:shutdownLeaderElection(134)) - 5c3956af-60d3-411f-8c98-c7ed3576de5c: shutdown LeaderElection
2019-10-16 21:53:36,306 [5c3956af-60d3-411f-8c98-c7ed3576de5c@group-EE856C9543A1-LeaderElection329] INFO  impl.RoleInfo (RoleInfo.java:updateAndGet(143)) - 5c3956af-60d3-411f-8c98-c7ed3576de5c: start FollowerState
2019-10-16 21:53:36,488 [Thread-2413] INFO  impl.FollowerState (FollowerState.java:run(108)) - 5c3956af-60d3-411f-8c98-c7ed3576de5c@group-EE856C9543A1-FollowerState: change to CANDIDATE, lastRpcTime:181ms, electionTimeout:181ms
2019-10-16 21:53:36,488 [Thread-2413] INFO  impl.RoleInfo (RoleInfo.java:shutdownFollowerState(121)) - 5c3956af-60d3-411f-8c98-c7ed3576de5c: shutdown FollowerState
2019-10-16 21:53:36,488 [Thread-2413] INFO  impl.RaftServerImpl (RaftServerImpl.java:setRole(184)) - 5c3956af-60d3-411f-8c98-c7ed3576de5c@group-EE856C9543A1: changes role from  FOLLOWER to CANDIDATE at term 362 for changeToCandidate
2019-10-16 21:53:36,488 [Thread-2413] INFO  impl.RoleInfo (RoleInfo.java:updateAndGet(143)) - 5c3956af-60d3-411f-8c98-c7ed3576de5c: start LeaderElection
2019-10-16 21:53:36,502 [5c3956af-60d3-411f-8c98-c7ed3576de5c@group-EE856C9543A1-LeaderElection330] INFO  impl.LeaderElection (LeaderElection.java:askForVotes(178)) - 5c3956af-60d3-411f-8c98-c7ed3576de5c@group-EE856C9543A1-LeaderElection330: begin an election at term 363 for -1: [5c3956af-60d3-411f-8c98-c7ed3576de5c:192.168.34.38:33787, efb933de-cdd8-4d8d-88d2-4c7ffe0dec1a:192.168.34.38:42459, 9d88716d-5d6b-4fd8-b832-a110dc45ee66:192.168.34.38:38211], old=null
2019-10-16 21:53:36,504 [grpc-default-executor-1] INFO  impl.RaftServerImpl (RaftServerImpl.java:setRole(184)) - efb933de-cdd8-4d8d-88d2-4c7ffe0dec1a@group-EE856C9543A1: changes role from  FOLLOWER to FOLLOWER at term 363 for recognizeCandidate:5c3956af-60d3-411f-8c98-c7ed3576de5c
2019-10-16 21:53:36,505 [grpc-default-executor-1] INFO  impl.RoleInfo (RoleInfo.java:shutdownFollowerState(121)) - efb933de-cdd8-4d8d-88d2-4c7ffe0dec1a: shutdown FollowerState
2019-10-16 21:53:36,505 [grpc-default-executor-5] INFO  impl.RaftServerImpl (RaftServerImpl.java:setRole(184)) - 9d88716d-5d6b-4fd8-b832-a110dc45ee66@group-EE856C9543A1: changes role from  FOLLOWER to FOLLOWER at term 363 for recognizeCandidate:5c3956af-60d3-411f-8c98-c7ed3576de5c
2019-10-16 21:53:36,505 [grpc-default-executor-5] INFO  impl.RoleInfo (RoleInfo.java:shutdownFollowerState(121)) - 9d88716d-5d6b-4fd8-b832-a110dc45ee66: shutdown FollowerState
2019-10-16 21:53:36,505 [grpc-default-executor-1] INFO  impl.RoleInfo (RoleInfo.java:updateAndGet(143)) - efb933de-cdd8-4d8d-88d2-4c7ffe0dec1a: start FollowerState
2019-10-16 21:53:36,505 [Thread-2412] INFO  impl.FollowerState (FollowerState.java:run(117)) - efb933de-cdd8-4d8d-88d2-4c7ffe0dec1a@group-EE856C9543A1-FollowerState was interrupted: java.lang.InterruptedException: sleep interrupted
2019-10-16 21:53:36,505 [Thread-2411] INFO  impl.FollowerState (FollowerState.java:run(117)) - 9d88716d-5d6b-4fd8-b832-a110dc45ee66@group-EE856C9543A1-FollowerState was interrupted: java.lang.InterruptedException: sleep interrupted
2019-10-16 21:53:36,505 [grpc-default-executor-5] INFO  impl.RoleInfo (RoleInfo.java:updateAndGet(143)) - 9d88716d-5d6b-4fd8-b832-a110dc45ee66: start FollowerState
2019-10-16 21:53:36,518 [5c3956af-60d3-411f-8c98-c7ed3576de5c@group-EE856C9543A1-LeaderElection330] INFO  impl.LeaderElection (LeaderElection.java:logAndReturn(56)) - 5c3956af-60d3-411f-8c98-c7ed3576de5c@group-EE856C9543A1-LeaderElection330: Election REJECTED; received 2 response(s) [5c3956af-60d3-411f-8c98-c7ed3576de5c<-efb933de-cdd8-4d8d-88d2-4c7ffe0dec1a#0:FAIL-t363, 5c3956af-60d3-411f-8c98-c7ed3576de5c<-9d88716d-5d6b-4fd8-b832-a110dc45ee66#0:FAIL-t363] and 0 exception(s); 5c3956af-60d3-411f-8c98-c7ed3576de5c@group-EE856C9543A1:t363, leader=null, voted=5c3956af-60d3-411f-8c98-c7ed3576de5c, raftlog=5c3956af-60d3-411f-8c98-c7ed3576de5c@group-EE856C9543A1-SegmentedRaftLog:OPENED:c-1,f-1,i0, conf=-1: [5c3956af-60d3-411f-8c98-c7ed3576de5c:192.168.34.38:33787, efb933de-cdd8-4d8d-88d2-4c7ffe0dec1a:192.168.34.38:42459, 9d88716d-5d6b-4fd8-b832-a110dc45ee66:192.168.34.38:38211], old=null
2019-10-16 21:53:36,518 [5c3956af-60d3-411f-8c98-c7ed3576de5c@group-EE856C9543A1-LeaderElection330] INFO  impl.RaftServerImpl (RaftServerImpl.java:setRole(184)) - 5c3956af-60d3-411f-8c98-c7ed3576de5c@group-EE856C9543A1: changes role from CANDIDATE to FOLLOWER at term 363 for DISCOVERED_A_NEW_TERM
2019-10-16 21:53:36,518 [5c3956af-60d3-411f-8c98-c7ed3576de5c@group-EE856C9543A1-LeaderElection330] INFO  impl.RoleInfo (RoleInfo.java:shutdownLeaderElection(134)) - 5c3956af-60d3-411f-8c98-c7ed3576de5c: shutdown LeaderElection
2019-10-16 21:53:36,518 [5c3956af-60d3-411f-8c98-c7ed3576de5c@group-EE856C9543A1-LeaderElection330] INFO  impl.RoleInfo (RoleInfo.java:updateAndGet(143)) - 5c3956af-60d3-411f-8c98-c7ed3576de5c: start FollowerState
2019-10-16 21:53:36,624 [Thread-2419] INFO  impl.FollowerState (FollowerState.java:run(108)) - 5c3956af-60d3-411f-8c98-c7ed3576de5c@group-EE856C9543A1-FollowerState: change to CANDIDATE, lastRpcTime:105ms, electionTimeout:105ms
2019-10-16 21:53:36,624 [Thread-2419] INFO  impl.RoleInfo (RoleInfo.java:shutdownFollowerState(121)) - 5c3956af-60d3-411f-8c98-c7ed3576de5c: shutdown FollowerState
2019-10-16 21:53:36,624 [Thread-2419] INFO  impl.RaftServerImpl (RaftServerImpl.java:setRole(184)) - 5c3956af-60d3-411f-8c98-c7ed3576de5c@group-EE856C9543A1: changes role from  FOLLOWER to CANDIDATE at term 363 for changeToCandidate
2019-10-16 21:53:36,624 [Thread-2419] INFO  impl.RoleInfo (RoleInfo.java:updateAndGet(143)) - 5c3956af-60d3-411f-8c98-c7ed3576de5c: start LeaderElection
2019-10-16 21:53:36,638 [5c3956af-60d3-411f-8c98-c7ed3576de5c@group-EE856C9543A1-LeaderElection331] INFO  impl.LeaderElection (LeaderElection.java:askForVotes(178)) - 5c3956af-60d3-411f-8c98-c7ed3576de5c@group-EE856C9543A1-LeaderElection331: begin an election at term 364 for -1: [5c3956af-60d3-411f-8c98-c7ed3576de5c:192.168.34.38:33787, efb933de-cdd8-4d8d-88d2-4c7ffe0dec1a:192.168.34.38:42459, 9d88716d-5d6b-4fd8-b832-a110dc45ee66:192.168.34.38:38211], old=null
2019-10-16 21:53:36,640 [grpc-default-executor-5] INFO  impl.RaftServerImpl (RaftServerImpl.java:setRole(184)) - 9d88716d-5d6b-4fd8-b832-a110dc45ee66@group-EE856C9543A1: changes role from  FOLLOWER to FOLLOWER at term 364 for recognizeCandidate:5c3956af-60d3-411f-8c98-c7ed3576de5c
2019-10-16 21:53:36,641 [grpc-default-executor-5] INFO  impl.RoleInfo (RoleInfo.java:shutdownFollowerState(121)) - 9d88716d-5d6b-4fd8-b832-a110dc45ee66: shutdown FollowerState
2019-10-16 21:53:36,641 [grpc-default-executor-1] INFO  impl.RaftServerImpl (RaftServerImpl.java:setRole(184)) - efb933de-cdd8-4d8d-88d2-4c7ffe0dec1a@group-EE856C9543A1: changes role from  FOLLOWER to FOLLOWER at term 364 for recognizeCandidate:5c3956af-60d3-411f-8c98-c7ed3576de5c
2019-10-16 21:53:36,641 [Thread-2418] INFO  impl.FollowerState (FollowerState.java:run(117)) - 9d88716d-5d6b-4fd8-b832-a110dc45ee66@group-EE856C9543A1-FollowerState was interrupted: java.lang.InterruptedException: sleep interrupted
2019-10-16 21:53:36,641 [grpc-default-executor-5] INFO  impl.RoleInfo (RoleInfo.java:updateAndGet(143)) - 9d88716d-5d6b-4fd8-b832-a110dc45ee66: start FollowerState
2019-10-16 21:53:36,641 [grpc-default-executor-1] INFO  impl.RoleInfo (RoleInfo.java:shutdownFollowerState(121)) - efb933de-cdd8-4d8d-88d2-4c7ffe0dec1a: shutdown FollowerState
2019-10-16 21:53:36,642 [grpc-default-executor-1] INFO  impl.RoleInfo (RoleInfo.java:updateAndGet(143)) - efb933de-cdd8-4d8d-88d2-4c7ffe0dec1a: start FollowerState
2019-10-16 21:53:36,642 [Thread-2417] INFO  impl.FollowerState (FollowerState.java:run(117)) - efb933de-cdd8-4d8d-88d2-4c7ffe0dec1a@group-EE856C9543A1-FollowerState was interrupted: java.lang.InterruptedException: sleep interrupted
2019-10-16 21:53:36,647 [JUnit] INFO  ozone.MiniOzoneClusterImpl (MiniOzoneClusterImpl.java:lambda$waitForClusterToBeReady$2(164)) - Waiting for 1 number of pipelines out of 6, to report a leader.
2019-10-16 21:53:36,655 [5c3956af-60d3-411f-8c98-c7ed3576de5c@group-EE856C9543A1-LeaderElection331] INFO  impl.LeaderElection (LeaderElection.java:logAndReturn(56)) - 5c3956af-60d3-411f-8c98-c7ed3576de5c@group-EE856C9543A1-LeaderElection331: Election REJECTED; received 2 response(s) [5c3956af-60d3-411f-8c98-c7ed3576de5c<-efb933de-cdd8-4d8d-88d2-4c7ffe0dec1a#0:FAIL-t364, 5c3956af-60d3-411f-8c98-c7ed3576de5c<-9d88716d-5d6b-4fd8-b832-a110dc45ee66#0:FAIL-t364] and 0 exception(s); 5c3956af-60d3-411f-8c98-c7ed3576de5c@group-EE856C9543A1:t364, leader=null, voted=5c3956af-60d3-411f-8c98-c7ed3576de5c, raftlog=5c3956af-60d3-411f-8c98-c7ed3576de5c@group-EE856C9543A1-SegmentedRaftLog:OPENED:c-1,f-1,i0, conf=-1: [5c3956af-60d3-411f-8c98-c7ed3576de5c:192.168.34.38:33787, efb933de-cdd8-4d8d-88d2-4c7ffe0dec1a:192.168.34.38:42459, 9d88716d-5d6b-4fd8-b832-a110dc45ee66:192.168.34.38:38211], old=null
2019-10-16 21:53:36,655 [5c3956af-60d3-411f-8c98-c7ed3576de5c@group-EE856C9543A1-LeaderElection331] INFO  impl.RaftServerImpl (RaftServerImpl.java:setRole(184)) - 5c3956af-60d3-411f-8c98-c7ed3576de5c@group-EE856C9543A1: changes role from CANDIDATE to FOLLOWER at term 364 for DISCOVERED_A_NEW_TERM
2019-10-16 21:53:36,656 [5c3956af-60d3-411f-8c98-c7ed3576de5c@group-EE856C9543A1-LeaderElection331] INFO  impl.RoleInfo (RoleInfo.java:shutdownLeaderElection(134)) - 5c3956af-60d3-411f-8c98-c7ed3576de5c: shutdown LeaderElection
2019-10-16 21:53:36,656 [5c3956af-60d3-411f-8c98-c7ed3576de5c@group-EE856C9543A1-LeaderElection331] INFO  impl.RoleInfo (RoleInfo.java:updateAndGet(143)) - 5c3956af-60d3-411f-8c98-c7ed3576de5c: start FollowerState
2019-10-16 21:53:36,678 [Thread-2425] INFO  impl.FollowerState (FollowerState.java:run(108)) - 5c3956af-60d3-411f-8c98-c7ed3576de5c@group-EE856C9543A1-FollowerState: change to CANDIDATE, lastRpcTime:22ms, electionTimeout:22ms
2019-10-16 21:53:36,678 [Thread-2425] INFO  impl.RoleInfo (RoleInfo.java:shutdownFollowerState(121)) - 5c3956af-60d3-411f-8c98-c7ed3576de5c: shutdown FollowerState
2019-10-16 21:53:36,678 [Thread-2425] INFO  impl.RaftServerImpl (RaftServerImpl.java:setRole(184)) - 5c3956af-60d3-411f-8c98-c7ed3576de5c@group-EE856C9543A1: changes role from  FOLLOWER to CANDIDATE at term 364 for changeToCandidate
2019-10-16 21:53:36,679 [Thread-2425] INFO  impl.RoleInfo (RoleInfo.java:updateAndGet(143)) - 5c3956af-60d3-411f-8c98-c7ed3576de5c: start LeaderElection
2019-10-16 21:53:36,696 [5c3956af-60d3-411f-8c98-c7ed3576de5c@group-EE856C9543A1-LeaderElection332] INFO  impl.LeaderElection (LeaderElection.java:askForVotes(178)) - 5c3956af-60d3-411f-8c98-c7ed3576de5c@group-EE856C9543A1-LeaderElection332: begin an election at term 365 for -1: [5c3956af-60d3-411f-8c98-c7ed3576de5c:192.168.34.38:33787, efb933de-cdd8-4d8d-88d2-4c7ffe0dec1a:192.168.34.38:42459, 9d88716d-5d6b-4fd8-b832-a110dc45ee66:192.168.34.38:38211], old=null
2019-10-16 21:53:36,698 [grpc-default-executor-5] INFO  impl.RaftServerImpl (RaftServerImpl.java:setRole(184)) - 9d88716d-5d6b-4fd8-b832-a110dc45ee66@group-EE856C9543A1: changes role from  FOLLOWER to FOLLOWER at term 365 for recognizeCandidate:5c3956af-60d3-411f-8c98-c7ed3576de5c
2019-10-16 21:53:36,698 [grpc-default-executor-5] INFO  impl.RoleInfo (RoleInfo.java:shutdownFollowerState(121)) - 9d88716d-5d6b-4fd8-b832-a110dc45ee66: shutdown FollowerState
2019-10-16 21:53:36,698 [grpc-default-executor-1] INFO  impl.RaftServerImpl (RaftServerImpl.java:setRole(184)) - efb933de-cdd8-4d8d-88d2-4c7ffe0dec1a@group-EE856C9543A1: changes role from  FOLLOWER to FOLLOWER at term 365 for recognizeCandidate:5c3956af-60d3-411f-8c98-c7ed3576de5c
2019-10-16 21:53:36,699 [Thread-2423] INFO  impl.FollowerState (FollowerState.java:run(117)) - 9d88716d-5d6b-4fd8-b832-a110dc45ee66@group-EE856C9543A1-FollowerState was interrupted: java.lang.InterruptedException: sleep interrupted
2019-10-16 21:53:36,698 [grpc-default-executor-5] INFO  impl.RoleInfo (RoleInfo.java:updateAndGet(143)) - 9d88716d-5d6b-4fd8-b832-a110dc45ee66: start FollowerState
2019-10-16 21:53:36,699 [grpc-default-executor-1] INFO  impl.RoleInfo (RoleInfo.java:shutdownFollowerState(121)) - efb933de-cdd8-4d8d-88d2-4c7ffe0dec1a: shutdown FollowerState
2019-10-16 21:53:36,699 [grpc-default-executor-1] INFO  impl.RoleInfo (RoleInfo.java:updateAndGet(143)) - efb933de-cdd8-4d8d-88d2-4c7ffe0dec1a: start FollowerState
2019-10-16 21:53:36,699 [Thread-2424] INFO  impl.FollowerState (FollowerState.java:run(117)) - efb933de-cdd8-4d8d-88d2-4c7ffe0dec1a@group-EE856C9543A1-FollowerState was interrupted: java.lang.InterruptedException: sleep interrupted
2019-10-16 21:53:36,708 [5c3956af-60d3-411f-8c98-c7ed3576de5c@group-EE856C9543A1-LeaderElection332] INFO  impl.LeaderElection (LeaderElection.java:logAndReturn(56)) - 5c3956af-60d3-411f-8c98-c7ed3576de5c@group-EE856C9543A1-LeaderElection332: Election TIMEOUT; received 0 response(s) [] and 0 exception(s); 5c3956af-60d3-411f-8c98-c7ed3576de5c@group-EE856C9543A1:t365, leader=null, voted=5c3956af-60d3-411f-8c98-c7ed3576de5c, raftlog=5c3956af-60d3-411f-8c98-c7ed3576de5c@group-EE856C9543A1-SegmentedRaftLog:OPENED:c-1,f-1,i0, conf=-1: [5c3956af-60d3-411f-8c98-c7ed3576de5c:192.168.34.38:33787, efb933de-cdd8-4d8d-88d2-4c7ffe0dec1a:192.168.34.38:42459, 9d88716d-5d6b-4fd8-b832-a110dc45ee66:192.168.34.38:38211], old=null
2019-10-16 21:53:36,713 [5c3956af-60d3-411f-8c98-c7ed3576de5c@group-EE856C9543A1-LeaderElection332] INFO  impl.LeaderElection (LeaderElection.java:askForVotes(178)) - 5c3956af-60d3-411f-8c98-c7ed3576de5c@group-EE856C9543A1-LeaderElection332: begin an election at term 366 for -1: [5c3956af-60d3-411f-8c98-c7ed3576de5c:192.168.34.38:33787, efb933de-cdd8-4d8d-88d2-4c7ffe0dec1a:192.168.34.38:42459, 9d88716d-5d6b-4fd8-b832-a110dc45ee66:192.168.34.38:38211], old=null
2019-10-16 21:53:36,714 [grpc-default-executor-5] INFO  impl.RaftServerImpl (RaftServerImpl.java:setRole(184)) - efb933de-cdd8-4d8d-88d2-4c7ffe0dec1a@group-EE856C9543A1: changes role from  FOLLOWER to FOLLOWER at term 366 for recognizeCandidate:5c3956af-60d3-411f-8c98-c7ed3576de5c
2019-10-16 21:53:36,714 [grpc-default-executor-5] INFO  impl.RoleInfo (RoleInfo.java:shutdownFollowerState(121)) - efb933de-cdd8-4d8d-88d2-4c7ffe0dec1a: shutdown FollowerState
2019-10-16 21:53:36,715 [grpc-default-executor-5] INFO  impl.RoleInfo (RoleInfo.java:updateAndGet(143)) - efb933de-cdd8-4d8d-88d2-4c7ffe0dec1a: start FollowerState
2019-10-16 21:53:36,715 [Thread-2430] INFO  impl.FollowerState (FollowerState.java:run(117)) - efb933de-cdd8-4d8d-88d2-4c7ffe0dec1a@group-EE856C9543A1-FollowerState was interrupted: java.lang.InterruptedException: sleep interrupted
2019-10-16 21:53:36,715 [grpc-default-executor-1] INFO  impl.RaftServerImpl (RaftServerImpl.java:setRole(184)) - 9d88716d-5d6b-4fd8-b832-a110dc45ee66@group-EE856C9543A1: changes role from  FOLLOWER to FOLLOWER at term 366 for recognizeCandidate:5c3956af-60d3-411f-8c98-c7ed3576de5c
2019-10-16 21:53:36,715 [grpc-default-executor-1] INFO  impl.RoleInfo (RoleInfo.java:shutdownFollowerState(121)) - 9d88716d-5d6b-4fd8-b832-a110dc45ee66: shutdown FollowerState
2019-10-16 21:53:36,715 [grpc-default-executor-1] INFO  impl.RoleInfo (RoleInfo.java:updateAndGet(143)) - 9d88716d-5d6b-4fd8-b832-a110dc45ee66: start FollowerState
2019-10-16 21:53:36,715 [Thread-2429] INFO  impl.FollowerState (FollowerState.java:run(117)) - 9d88716d-5d6b-4fd8-b832-a110dc45ee66@group-EE856C9543A1-FollowerState was interrupted: java.lang.InterruptedException: sleep interrupted
2019-10-16 21:53:36,729 [5c3956af-60d3-411f-8c98-c7ed3576de5c@group-EE856C9543A1-LeaderElection332] INFO  impl.LeaderElection (LeaderElection.java:logAndReturn(56)) - 5c3956af-60d3-411f-8c98-c7ed3576de5c@group-EE856C9543A1-LeaderElection332: Election REJECTED; received 2 response(s) [5c3956af-60d3-411f-8c98-c7ed3576de5c<-efb933de-cdd8-4d8d-88d2-4c7ffe0dec1a#0:FAIL-t366, 5c3956af-60d3-411f-8c98-c7ed3576de5c<-9d88716d-5d6b-4fd8-b832-a110dc45ee66#0:FAIL-t366] and 0 exception(s); 5c3956af-60d3-411f-8c98-c7ed3576de5c@group-EE856C9543A1:t366, leader=null, voted=5c3956af-60d3-411f-8c98-c7ed3576de5c, raftlog=5c3956af-60d3-411f-8c98-c7ed3576de5c@group-EE856C9543A1-SegmentedRaftLog:OPENED:c-1,f-1,i0, conf=-1: [5c3956af-60d3-411f-8c98-c7ed3576de5c:192.168.34.38:33787, efb933de-cdd8-4d8d-88d2-4c7ffe0dec1a:192.168.34.38:42459, 9d88716d-5d6b-4fd8-b832-a110dc45ee66:192.168.34.38:38211], old=null
2019-10-16 21:53:36,729 [5c3956af-60d3-411f-8c98-c7ed3576de5c@group-EE856C9543A1-LeaderElection332] INFO  impl.RaftServerImpl (RaftServerImpl.java:setRole(184)) - 5c3956af-60d3-411f-8c98-c7ed3576de5c@group-EE856C9543A1: changes role from CANDIDATE to FOLLOWER at term 366 for DISCOVERED_A_NEW_TERM
2019-10-16 21:53:36,729 [5c3956af-60d3-411f-8c98-c7ed3576de5c@group-EE856C9543A1-LeaderElection332] INFO  impl.RoleInfo (RoleInfo.java:shutdownLeaderElection(134)) - 5c3956af-60d3-411f-8c98-c7ed3576de5c: shutdown LeaderElection
2019-10-16 21:53:36,730 [5c3956af-60d3-411f-8c98-c7ed3576de5c@group-EE856C9543A1-LeaderElection332] INFO  impl.RoleInfo (RoleInfo.java:updateAndGet(143)) - 5c3956af-60d3-411f-8c98-c7ed3576de5c: start FollowerState
2019-10-16 21:53:36,788 [Thread-2435] INFO  impl.FollowerState (FollowerState.java:run(108)) - 5c3956af-60d3-411f-8c98-c7ed3576de5c@group-EE856C9543A1-FollowerState: change to CANDIDATE, lastRpcTime:58ms, electionTimeout:58ms
2019-10-16 21:53:36,788 [Thread-2435] INFO  impl.RoleInfo (RoleInfo.java:shutdownFollowerState(121)) - 5c3956af-60d3-411f-8c98-c7ed3576de5c: shutdown FollowerState
2019-10-16 21:53:36,788 [Thread-2435] INFO  impl.RaftServerImpl (RaftServerImpl.java:setRole(184)) - 5c3956af-60d3-411f-8c98-c7ed3576de5c@group-EE856C9543A1: changes role from  FOLLOWER to CANDIDATE at term 366 for changeToCandidate
2019-10-16 21:53:36,788 [Thread-2435] INFO  impl.RoleInfo (RoleInfo.java:updateAndGet(143)) - 5c3956af-60d3-411f-8c98-c7ed3576de5c: start LeaderElection
2019-10-16 21:53:36,802 [5c3956af-60d3-411f-8c98-c7ed3576de5c@group-EE856C9543A1-LeaderElection333] INFO  impl.LeaderElection (LeaderElection.java:askForVotes(178)) - 5c3956af-60d3-411f-8c98-c7ed3576de5c@group-EE856C9543A1-LeaderElection333: begin an election at term 367 for -1: [5c3956af-60d3-411f-8c98-c7ed3576de5c:192.168.34.38:33787, efb933de-cdd8-4d8d-88d2-4c7ffe0dec1a:192.168.34.38:42459, 9d88716d-5d6b-4fd8-b832-a110dc45ee66:192.168.34.38:38211], old=null
2019-10-16 21:53:36,804 [grpc-default-executor-5] INFO  impl.RaftServerImpl (RaftServerImpl.java:setRole(184)) - efb933de-cdd8-4d8d-88d2-4c7ffe0dec1a@group-EE856C9543A1: changes role from  FOLLOWER to FOLLOWER at term 367 for recognizeCandidate:5c3956af-60d3-411f-8c98-c7ed3576de5c
2019-10-16 21:53:36,804 [grpc-default-executor-1] INFO  impl.RaftServerImpl (RaftServerImpl.java:setRole(184)) - 9d88716d-5d6b-4fd8-b832-a110dc45ee66@group-EE856C9543A1: changes role from  FOLLOWER to FOLLOWER at term 367 for recognizeCandidate:5c3956af-60d3-411f-8c98-c7ed3576de5c
2019-10-16 21:53:36,805 [grpc-default-executor-5] INFO  impl.RoleInfo (RoleInfo.java:shutdownFollowerState(121)) - efb933de-cdd8-4d8d-88d2-4c7ffe0dec1a: shutdown FollowerState
2019-10-16 21:53:36,805 [grpc-default-executor-1] INFO  impl.RoleInfo (RoleInfo.java:shutdownFollowerState(121)) - 9d88716d-5d6b-4fd8-b832-a110dc45ee66: shutdown FollowerState
2019-10-16 21:53:36,805 [Thread-2433] INFO  impl.FollowerState (FollowerState.java:run(117)) - efb933de-cdd8-4d8d-88d2-4c7ffe0dec1a@group-EE856C9543A1-FollowerState was interrupted: java.lang.InterruptedException: sleep interrupted
2019-10-16 21:53:36,805 [grpc-default-executor-5] INFO  impl.RoleInfo (RoleInfo.java:updateAndGet(143)) - efb933de-cdd8-4d8d-88d2-4c7ffe0dec1a: start FollowerState
2019-10-16 21:53:36,805 [Thread-2434] INFO  impl.FollowerState (FollowerState.java:run(117)) - 9d88716d-5d6b-4fd8-b832-a110dc45ee66@group-EE856C9543A1-FollowerState was interrupted: java.lang.InterruptedException: sleep interrupted
2019-10-16 21:53:36,805 [grpc-default-executor-1] INFO  impl.RoleInfo (RoleInfo.java:updateAndGet(143)) - 9d88716d-5d6b-4fd8-b832-a110dc45ee66: start FollowerState
2019-10-16 21:53:36,820 [5c3956af-60d3-411f-8c98-c7ed3576de5c@group-EE856C9543A1-LeaderElection333] INFO  impl.LeaderElection (LeaderElection.java:logAndReturn(56)) - 5c3956af-60d3-411f-8c98-c7ed3576de5c@group-EE856C9543A1-LeaderElection333: Election REJECTED; received 2 response(s) [5c3956af-60d3-411f-8c98-c7ed3576de5c<-efb933de-cdd8-4d8d-88d2-4c7ffe0dec1a#0:FAIL-t367, 5c3956af-60d3-411f-8c98-c7ed3576de5c<-9d88716d-5d6b-4fd8-b832-a110dc45ee66#0:FAIL-t367] and 0 exception(s); 5c3956af-60d3-411f-8c98-c7ed3576de5c@group-EE856C9543A1:t367, leader=null, voted=5c3956af-60d3-411f-8c98-c7ed3576de5c, raftlog=5c3956af-60d3-411f-8c98-c7ed3576de5c@group-EE856C9543A1-SegmentedRaftLog:OPENED:c-1,f-1,i0, conf=-1: [5c3956af-60d3-411f-8c98-c7ed3576de5c:192.168.34.38:33787, efb933de-cdd8-4d8d-88d2-4c7ffe0dec1a:192.168.34.38:42459, 9d88716d-5d6b-4fd8-b832-a110dc45ee66:192.168.34.38:38211], old=null
2019-10-16 21:53:36,820 [5c3956af-60d3-411f-8c98-c7ed3576de5c@group-EE856C9543A1-LeaderElection333] INFO  impl.RaftServerImpl (RaftServerImpl.java:setRole(184)) - 5c3956af-60d3-411f-8c98-c7ed3576de5c@group-EE856C9543A1: changes role from CANDIDATE to FOLLOWER at term 367 for DISCOVERED_A_NEW_TERM
2019-10-16 21:53:36,820 [5c3956af-60d3-411f-8c98-c7ed3576de5c@group-EE856C9543A1-LeaderElection333] INFO  impl.RoleInfo (RoleInfo.java:shutdownLeaderElection(134)) - 5c3956af-60d3-411f-8c98-c7ed3576de5c: shutdown LeaderElection
2019-10-16 21:53:36,820 [5c3956af-60d3-411f-8c98-c7ed3576de5c@group-EE856C9543A1-LeaderElection333] INFO  impl.RoleInfo (RoleInfo.java:updateAndGet(143)) - 5c3956af-60d3-411f-8c98-c7ed3576de5c: start FollowerState
2019-10-16 21:53:37,004 [Thread-2441] INFO  impl.FollowerState (FollowerState.java:run(108)) - 5c3956af-60d3-411f-8c98-c7ed3576de5c@group-EE856C9543A1-FollowerState: change to CANDIDATE, lastRpcTime:183ms, electionTimeout:183ms
2019-10-16 21:53:37,004 [Thread-2441] INFO  impl.RoleInfo (RoleInfo.java:shutdownFollowerState(121)) - 5c3956af-60d3-411f-8c98-c7ed3576de5c: shutdown FollowerState
2019-10-16 21:53:37,004 [Thread-2441] INFO  impl.RaftServerImpl (RaftServerImpl.java:setRole(184)) - 5c3956af-60d3-411f-8c98-c7ed3576de5c@group-EE856C9543A1: changes role from  FOLLOWER to CANDIDATE at term 367 for changeToCandidate
2019-10-16 21:53:37,005 [Thread-2441] INFO  impl.RoleInfo (RoleInfo.java:updateAndGet(143)) - 5c3956af-60d3-411f-8c98-c7ed3576de5c: start LeaderElection
2019-10-16 21:53:37,019 [5c3956af-60d3-411f-8c98-c7ed3576de5c@group-EE856C9543A1-LeaderElection334] INFO  impl.LeaderElection (LeaderElection.java:askForVotes(178)) - 5c3956af-60d3-411f-8c98-c7ed3576de5c@group-EE856C9543A1-LeaderElection334: begin an election at term 368 for -1: [5c3956af-60d3-411f-8c98-c7ed3576de5c:192.168.34.38:33787, efb933de-cdd8-4d8d-88d2-4c7ffe0dec1a:192.168.34.38:42459, 9d88716d-5d6b-4fd8-b832-a110dc45ee66:192.168.34.38:38211], old=null
2019-10-16 21:53:37,021 [grpc-default-executor-5] INFO  impl.RaftServerImpl (RaftServerImpl.java:setRole(184)) - 9d88716d-5d6b-4fd8-b832-a110dc45ee66@group-EE856C9543A1: changes role from  FOLLOWER to FOLLOWER at term 368 for recognizeCandidate:5c3956af-60d3-411f-8c98-c7ed3576de5c
2019-10-16 21:53:37,021 [grpc-default-executor-5] INFO  impl.RoleInfo (RoleInfo.java:shutdownFollowerState(121)) - 9d88716d-5d6b-4fd8-b832-a110dc45ee66: shutdown FollowerState
2019-10-16 21:53:37,021 [grpc-default-executor-1] INFO  impl.RaftServerImpl (RaftServerImpl.java:setRole(184)) - efb933de-cdd8-4d8d-88d2-4c7ffe0dec1a@group-EE856C9543A1: changes role from  FOLLOWER to FOLLOWER at term 368 for recognizeCandidate:5c3956af-60d3-411f-8c98-c7ed3576de5c
2019-10-16 21:53:37,022 [grpc-default-executor-1] INFO  impl.RoleInfo (RoleInfo.java:shutdownFollowerState(121)) - efb933de-cdd8-4d8d-88d2-4c7ffe0dec1a: shutdown FollowerState
2019-10-16 21:53:37,021 [Thread-2440] INFO  impl.FollowerState (FollowerState.java:run(117)) - 9d88716d-5d6b-4fd8-b832-a110dc45ee66@group-EE856C9543A1-FollowerState was interrupted: java.lang.InterruptedException: sleep interrupted
2019-10-16 21:53:37,022 [Thread-2439] INFO  impl.FollowerState (FollowerState.java:run(117)) - efb933de-cdd8-4d8d-88d2-4c7ffe0dec1a@group-EE856C9543A1-FollowerState was interrupted: java.lang.InterruptedException: sleep interrupted
2019-10-16 21:53:37,021 [grpc-default-executor-5] INFO  impl.RoleInfo (RoleInfo.java:updateAndGet(143)) - 9d88716d-5d6b-4fd8-b832-a110dc45ee66: start FollowerState
2019-10-16 21:53:37,022 [grpc-default-executor-1] INFO  impl.RoleInfo (RoleInfo.java:updateAndGet(143)) - efb933de-cdd8-4d8d-88d2-4c7ffe0dec1a: start FollowerState
2019-10-16 21:53:37,036 [5c3956af-60d3-411f-8c98-c7ed3576de5c@group-EE856C9543A1-LeaderElection334] INFO  impl.LeaderElection (LeaderElection.java:logAndReturn(56)) - 5c3956af-60d3-411f-8c98-c7ed3576de5c@group-EE856C9543A1-LeaderElection334: Election REJECTED; received 2 response(s) [5c3956af-60d3-411f-8c98-c7ed3576de5c<-efb933de-cdd8-4d8d-88d2-4c7ffe0dec1a#0:FAIL-t368, 5c3956af-60d3-411f-8c98-c7ed3576de5c<-9d88716d-5d6b-4fd8-b832-a110dc45ee66#0:FAIL-t368] and 0 exception(s); 5c3956af-60d3-411f-8c98-c7ed3576de5c@group-EE856C9543A1:t368, leader=null, voted=5c3956af-60d3-411f-8c98-c7ed3576de5c, raftlog=5c3956af-60d3-411f-8c98-c7ed3576de5c@group-EE856C9543A1-SegmentedRaftLog:OPENED:c-1,f-1,i0, conf=-1: [5c3956af-60d3-411f-8c98-c7ed3576de5c:192.168.34.38:33787, efb933de-cdd8-4d8d-88d2-4c7ffe0dec1a:192.168.34.38:42459, 9d88716d-5d6b-4fd8-b832-a110dc45ee66:192.168.34.38:38211], old=null
2019-10-16 21:53:37,037 [5c3956af-60d3-411f-8c98-c7ed3576de5c@group-EE856C9543A1-LeaderElection334] INFO  impl.RaftServerImpl (RaftServerImpl.java:setRole(184)) - 5c3956af-60d3-411f-8c98-c7ed3576de5c@group-EE856C9543A1: changes role from CANDIDATE to FOLLOWER at term 368 for DISCOVERED_A_NEW_TERM
2019-10-16 21:53:37,037 [5c3956af-60d3-411f-8c98-c7ed3576de5c@group-EE856C9543A1-LeaderElection334] INFO  impl.RoleInfo (RoleInfo.java:shutdownLeaderElection(134)) - 5c3956af-60d3-411f-8c98-c7ed3576de5c: shutdown LeaderElection
2019-10-16 21:53:37,037 [5c3956af-60d3-411f-8c98-c7ed3576de5c@group-EE856C9543A1-LeaderElection334] INFO  impl.RoleInfo (RoleInfo.java:updateAndGet(143)) - 5c3956af-60d3-411f-8c98-c7ed3576de5c: start FollowerState
2019-10-16 21:53:37,042 [Thread-2447] INFO  impl.FollowerState (FollowerState.java:run(108)) - 5c3956af-60d3-411f-8c98-c7ed3576de5c@group-EE856C9543A1-FollowerState: change to CANDIDATE, lastRpcTime:5ms, electionTimeout:5ms
2019-10-16 21:53:37,042 [Thread-2447] INFO  impl.RoleInfo (RoleInfo.java:shutdownFollowerState(121)) - 5c3956af-60d3-411f-8c98-c7ed3576de5c: shutdown FollowerState
2019-10-16 21:53:37,042 [Thread-2447] INFO  impl.RaftServerImpl (RaftServerImpl.java:setRole(184)) - 5c3956af-60d3-411f-8c98-c7ed3576de5c@group-EE856C9543A1: changes role from  FOLLOWER to CANDIDATE at term 368 for changeToCandidate
2019-10-16 21:53:37,043 [Thread-2447] INFO  impl.RoleInfo (RoleInfo.java:updateAndGet(143)) - 5c3956af-60d3-411f-8c98-c7ed3576de5c: start LeaderElection
2019-10-16 21:53:37,056 [5c3956af-60d3-411f-8c98-c7ed3576de5c@group-EE856C9543A1-LeaderElection335] INFO  impl.LeaderElection (LeaderElection.java:askForVotes(178)) - 5c3956af-60d3-411f-8c98-c7ed3576de5c@group-EE856C9543A1-LeaderElection335: begin an election at term 369 for -1: [5c3956af-60d3-411f-8c98-c7ed3576de5c:192.168.34.38:33787, efb933de-cdd8-4d8d-88d2-4c7ffe0dec1a:192.168.34.38:42459, 9d88716d-5d6b-4fd8-b832-a110dc45ee66:192.168.34.38:38211], old=null
2019-10-16 21:53:37,058 [grpc-default-executor-1] INFO  impl.RaftServerImpl (RaftServerImpl.java:setRole(184)) - 9d88716d-5d6b-4fd8-b832-a110dc45ee66@group-EE856C9543A1: changes role from  FOLLOWER to FOLLOWER at term 369 for recognizeCandidate:5c3956af-60d3-411f-8c98-c7ed3576de5c
2019-10-16 21:53:37,058 [grpc-default-executor-5] INFO  impl.RaftServerImpl (RaftServerImpl.java:setRole(184)) - efb933de-cdd8-4d8d-88d2-4c7ffe0dec1a@group-EE856C9543A1: changes role from  FOLLOWER to FOLLOWER at term 369 for recognizeCandidate:5c3956af-60d3-411f-8c98-c7ed3576de5c
2019-10-16 21:53:37,058 [grpc-default-executor-1] INFO  impl.RoleInfo (RoleInfo.java:shutdownFollowerState(121)) - 9d88716d-5d6b-4fd8-b832-a110dc45ee66: shutdown FollowerState
2019-10-16 21:53:37,058 [grpc-default-executor-5] INFO  impl.RoleInfo (RoleInfo.java:shutdownFollowerState(121)) - efb933de-cdd8-4d8d-88d2-4c7ffe0dec1a: shutdown FollowerState
2019-10-16 21:53:37,058 [grpc-default-executor-1] INFO  impl.RoleInfo (RoleInfo.java:updateAndGet(143)) - 9d88716d-5d6b-4fd8-b832-a110dc45ee66: start FollowerState
2019-10-16 21:53:37,058 [Thread-2445] INFO  impl.FollowerState (FollowerState.java:run(117)) - 9d88716d-5d6b-4fd8-b832-a110dc45ee66@group-EE856C9543A1-FollowerState was interrupted: java.lang.InterruptedException: sleep interrupted
2019-10-16 21:53:37,059 [Thread-2446] INFO  impl.FollowerState (FollowerState.java:run(117)) - efb933de-cdd8-4d8d-88d2-4c7ffe0dec1a@group-EE856C9543A1-FollowerState was interrupted: java.lang.InterruptedException: sleep interrupted
2019-10-16 21:53:37,059 [grpc-default-executor-5] INFO  impl.RoleInfo (RoleInfo.java:updateAndGet(143)) - efb933de-cdd8-4d8d-88d2-4c7ffe0dec1a: start FollowerState
2019-10-16 21:53:37,073 [5c3956af-60d3-411f-8c98-c7ed3576de5c@group-EE856C9543A1-LeaderElection335] INFO  impl.LeaderElection (LeaderElection.java:logAndReturn(56)) - 5c3956af-60d3-411f-8c98-c7ed3576de5c@group-EE856C9543A1-LeaderElection335: Election REJECTED; received 2 response(s) [5c3956af-60d3-411f-8c98-c7ed3576de5c<-efb933de-cdd8-4d8d-88d2-4c7ffe0dec1a#0:FAIL-t369, 5c3956af-60d3-411f-8c98-c7ed3576de5c<-9d88716d-5d6b-4fd8-b832-a110dc45ee66#0:FAIL-t369] and 0 exception(s); 5c3956af-60d3-411f-8c98-c7ed3576de5c@group-EE856C9543A1:t369, leader=null, voted=5c3956af-60d3-411f-8c98-c7ed3576de5c, raftlog=5c3956af-60d3-411f-8c98-c7ed3576de5c@group-EE856C9543A1-SegmentedRaftLog:OPENED:c-1,f-1,i0, conf=-1: [5c3956af-60d3-411f-8c98-c7ed3576de5c:192.168.34.38:33787, efb933de-cdd8-4d8d-88d2-4c7ffe0dec1a:192.168.34.38:42459, 9d88716d-5d6b-4fd8-b832-a110dc45ee66:192.168.34.38:38211], old=null
2019-10-16 21:53:37,073 [5c3956af-60d3-411f-8c98-c7ed3576de5c@group-EE856C9543A1-LeaderElection335] INFO  impl.RaftServerImpl (RaftServerImpl.java:setRole(184)) - 5c3956af-60d3-411f-8c98-c7ed3576de5c@group-EE856C9543A1: changes role from CANDIDATE to FOLLOWER at term 369 for DISCOVERED_A_NEW_TERM
2019-10-16 21:53:37,073 [5c3956af-60d3-411f-8c98-c7ed3576de5c@group-EE856C9543A1-LeaderElection335] INFO  impl.RoleInfo (RoleInfo.java:shutdownLeaderElection(134)) - 5c3956af-60d3-411f-8c98-c7ed3576de5c: shutdown LeaderElection
2019-10-16 21:53:37,073 [5c3956af-60d3-411f-8c98-c7ed3576de5c@group-EE856C9543A1-LeaderElection335] INFO  impl.RoleInfo (RoleInfo.java:updateAndGet(143)) - 5c3956af-60d3-411f-8c98-c7ed3576de5c: start FollowerState
2019-10-16 21:53:37,213 [Thread-2453] INFO  impl.FollowerState (FollowerState.java:run(108)) - 5c3956af-60d3-411f-8c98-c7ed3576de5c@group-EE856C9543A1-FollowerState: change to CANDIDATE, lastRpcTime:139ms, electionTimeout:139ms
2019-10-16 21:53:37,213 [Thread-2453] INFO  impl.RoleInfo (RoleInfo.java:shutdownFollowerState(121)) - 5c3956af-60d3-411f-8c98-c7ed3576de5c: shutdown FollowerState
2019-10-16 21:53:37,213 [Thread-2453] INFO  impl.RaftServerImpl (RaftServerImpl.java:setRole(184)) - 5c3956af-60d3-411f-8c98-c7ed3576de5c@group-EE856C9543A1: changes role from  FOLLOWER to CANDIDATE at term 369 for changeToCandidate
2019-10-16 21:53:37,213 [Thread-2453] INFO  impl.RoleInfo (RoleInfo.java:updateAndGet(143)) - 5c3956af-60d3-411f-8c98-c7ed3576de5c: start LeaderElection
2019-10-16 21:53:37,227 [5c3956af-60d3-411f-8c98-c7ed3576de5c@group-EE856C9543A1-LeaderElection336] INFO  impl.LeaderElection (LeaderElection.java:askForVotes(178)) - 5c3956af-60d3-411f-8c98-c7ed3576de5c@group-EE856C9543A1-LeaderElection336: begin an election at term 370 for -1: [5c3956af-60d3-411f-8c98-c7ed3576de5c:192.168.34.38:33787, efb933de-cdd8-4d8d-88d2-4c7ffe0dec1a:192.168.34.38:42459, 9d88716d-5d6b-4fd8-b832-a110dc45ee66:192.168.34.38:38211], old=null
2019-10-16 21:53:37,229 [grpc-default-executor-1] INFO  impl.RaftServerImpl (RaftServerImpl.java:setRole(184)) - efb933de-cdd8-4d8d-88d2-4c7ffe0dec1a@group-EE856C9543A1: changes role from  FOLLOWER to FOLLOWER at term 370 for recognizeCandidate:5c3956af-60d3-411f-8c98-c7ed3576de5c
2019-10-16 21:53:37,230 [grpc-default-executor-1] INFO  impl.RoleInfo (RoleInfo.java:shutdownFollowerState(121)) - efb933de-cdd8-4d8d-88d2-4c7ffe0dec1a: shutdown FollowerState
2019-10-16 21:53:37,230 [grpc-default-executor-5] INFO  impl.RaftServerImpl (RaftServerImpl.java:setRole(184)) - 9d88716d-5d6b-4fd8-b832-a110dc45ee66@group-EE856C9543A1: changes role from  FOLLOWER to FOLLOWER at term 370 for recognizeCandidate:5c3956af-60d3-411f-8c98-c7ed3576de5c
2019-10-16 21:53:37,230 [Thread-2452] INFO  impl.FollowerState (FollowerState.java:run(117)) - efb933de-cdd8-4d8d-88d2-4c7ffe0dec1a@group-EE856C9543A1-FollowerState was interrupted: java.lang.InterruptedException: sleep interrupted
2019-10-16 21:53:37,230 [grpc-default-executor-1] INFO  impl.RoleInfo (RoleInfo.java:updateAndGet(143)) - efb933de-cdd8-4d8d-88d2-4c7ffe0dec1a: start FollowerState
2019-10-16 21:53:37,230 [grpc-default-executor-5] INFO  impl.RoleInfo (RoleInfo.java:shutdownFollowerState(121)) - 9d88716d-5d6b-4fd8-b832-a110dc45ee66: shutdown FollowerState
2019-10-16 21:53:37,230 [grpc-default-executor-5] INFO  impl.RoleInfo (RoleInfo.java:updateAndGet(143)) - 9d88716d-5d6b-4fd8-b832-a110dc45ee66: start FollowerState
2019-10-16 21:53:37,230 [Thread-2451] INFO  impl.FollowerState (FollowerState.java:run(117)) - 9d88716d-5d6b-4fd8-b832-a110dc45ee66@group-EE856C9543A1-FollowerState was interrupted: java.lang.InterruptedException: sleep interrupted
2019-10-16 21:53:37,246 [5c3956af-60d3-411f-8c98-c7ed3576de5c@group-EE856C9543A1-LeaderElection336] INFO  impl.LeaderElection (LeaderElection.java:logAndReturn(56)) - 5c3956af-60d3-411f-8c98-c7ed3576de5c@group-EE856C9543A1-LeaderElection336: Election REJECTED; received 2 response(s) [5c3956af-60d3-411f-8c98-c7ed3576de5c<-efb933de-cdd8-4d8d-88d2-4c7ffe0dec1a#0:FAIL-t370, 5c3956af-60d3-411f-8c98-c7ed3576de5c<-9d88716d-5d6b-4fd8-b832-a110dc45ee66#0:FAIL-t370] and 0 exception(s); 5c3956af-60d3-411f-8c98-c7ed3576de5c@group-EE856C9543A1:t370, leader=null, voted=5c3956af-60d3-411f-8c98-c7ed3576de5c, raftlog=5c3956af-60d3-411f-8c98-c7ed3576de5c@group-EE856C9543A1-SegmentedRaftLog:OPENED:c-1,f-1,i0, conf=-1: [5c3956af-60d3-411f-8c98-c7ed3576de5c:192.168.34.38:33787, efb933de-cdd8-4d8d-88d2-4c7ffe0dec1a:192.168.34.38:42459, 9d88716d-5d6b-4fd8-b832-a110dc45ee66:192.168.34.38:38211], old=null
2019-10-16 21:53:37,246 [5c3956af-60d3-411f-8c98-c7ed3576de5c@group-EE856C9543A1-LeaderElection336] INFO  impl.RaftServerImpl (RaftServerImpl.java:setRole(184)) - 5c3956af-60d3-411f-8c98-c7ed3576de5c@group-EE856C9543A1: changes role from CANDIDATE to FOLLOWER at term 370 for DISCOVERED_A_NEW_TERM
2019-10-16 21:53:37,246 [5c3956af-60d3-411f-8c98-c7ed3576de5c@group-EE856C9543A1-LeaderElection336] INFO  impl.RoleInfo (RoleInfo.java:shutdownLeaderElection(134)) - 5c3956af-60d3-411f-8c98-c7ed3576de5c: shutdown LeaderElection
2019-10-16 21:53:37,246 [5c3956af-60d3-411f-8c98-c7ed3576de5c@group-EE856C9543A1-LeaderElection336] INFO  impl.RoleInfo (RoleInfo.java:updateAndGet(143)) - 5c3956af-60d3-411f-8c98-c7ed3576de5c: start FollowerState
2019-10-16 21:53:37,443 [Thread-2459] INFO  impl.FollowerState (FollowerState.java:run(108)) - 5c3956af-60d3-411f-8c98-c7ed3576de5c@group-EE856C9543A1-FollowerState: change to CANDIDATE, lastRpcTime:196ms, electionTimeout:196ms
2019-10-16 21:53:37,443 [Thread-2459] INFO  impl.RoleInfo (RoleInfo.java:shutdownFollowerState(121)) - 5c3956af-60d3-411f-8c98-c7ed3576de5c: shutdown FollowerState
2019-10-16 21:53:37,443 [Thread-2459] INFO  impl.RaftServerImpl (RaftServerImpl.java:setRole(184)) - 5c3956af-60d3-411f-8c98-c7ed3576de5c@group-EE856C9543A1: changes role from  FOLLOWER to CANDIDATE at term 370 for changeToCandidate
2019-10-16 21:53:37,443 [Thread-2459] INFO  impl.RoleInfo (RoleInfo.java:updateAndGet(143)) - 5c3956af-60d3-411f-8c98-c7ed3576de5c: start LeaderElection
2019-10-16 21:53:37,456 [5c3956af-60d3-411f-8c98-c7ed3576de5c@group-EE856C9543A1-LeaderElection337] INFO  impl.LeaderElection (LeaderElection.java:askForVotes(178)) - 5c3956af-60d3-411f-8c98-c7ed3576de5c@group-EE856C9543A1-LeaderElection337: begin an election at term 371 for -1: [5c3956af-60d3-411f-8c98-c7ed3576de5c:192.168.34.38:33787, efb933de-cdd8-4d8d-88d2-4c7ffe0dec1a:192.168.34.38:42459, 9d88716d-5d6b-4fd8-b832-a110dc45ee66:192.168.34.38:38211], old=null
2019-10-16 21:53:37,458 [grpc-default-executor-5] INFO  impl.RaftServerImpl (RaftServerImpl.java:setRole(184)) - 9d88716d-5d6b-4fd8-b832-a110dc45ee66@group-EE856C9543A1: changes role from  FOLLOWER to FOLLOWER at term 371 for recognizeCandidate:5c3956af-60d3-411f-8c98-c7ed3576de5c
2019-10-16 21:53:37,459 [grpc-default-executor-5] INFO  impl.RoleInfo (RoleInfo.java:shutdownFollowerState(121)) - 9d88716d-5d6b-4fd8-b832-a110dc45ee66: shutdown FollowerState
2019-10-16 21:53:37,459 [grpc-default-executor-5] INFO  impl.RoleInfo (RoleInfo.java:updateAndGet(143)) - 9d88716d-5d6b-4fd8-b832-a110dc45ee66: start FollowerState
2019-10-16 21:53:37,459 [Thread-2458] INFO  impl.FollowerState (FollowerState.java:run(117)) - 9d88716d-5d6b-4fd8-b832-a110dc45ee66@group-EE856C9543A1-FollowerState was interrupted: java.lang.InterruptedException: sleep interrupted
2019-10-16 21:53:37,459 [grpc-default-executor-1] INFO  impl.RaftServerImpl (RaftServerImpl.java:setRole(184)) - efb933de-cdd8-4d8d-88d2-4c7ffe0dec1a@group-EE856C9543A1: changes role from  FOLLOWER to FOLLOWER at term 371 for recognizeCandidate:5c3956af-60d3-411f-8c98-c7ed3576de5c
2019-10-16 21:53:37,459 [grpc-default-executor-1] INFO  impl.RoleInfo (RoleInfo.java:shutdownFollowerState(121)) - efb933de-cdd8-4d8d-88d2-4c7ffe0dec1a: shutdown FollowerState
2019-10-16 21:53:37,460 [grpc-default-executor-1] INFO  impl.RoleInfo (RoleInfo.java:updateAndGet(143)) - efb933de-cdd8-4d8d-88d2-4c7ffe0dec1a: start FollowerState
2019-10-16 21:53:37,460 [Thread-2457] INFO  impl.FollowerState (FollowerState.java:run(117)) - efb933de-cdd8-4d8d-88d2-4c7ffe0dec1a@group-EE856C9543A1-FollowerState was interrupted: java.lang.InterruptedException: sleep interrupted
2019-10-16 21:53:37,470 [5c3956af-60d3-411f-8c98-c7ed3576de5c@group-EE856C9543A1-LeaderElection337] INFO  impl.LeaderElection (LeaderElection.java:logAndReturn(56)) - 5c3956af-60d3-411f-8c98-c7ed3576de5c@group-EE856C9543A1-LeaderElection337: Election REJECTED; received 2 response(s) [5c3956af-60d3-411f-8c98-c7ed3576de5c<-efb933de-cdd8-4d8d-88d2-4c7ffe0dec1a#0:FAIL-t371, 5c3956af-60d3-411f-8c98-c7ed3576de5c<-9d88716d-5d6b-4fd8-b832-a110dc45ee66#0:FAIL-t371] and 0 exception(s); 5c3956af-60d3-411f-8c98-c7ed3576de5c@group-EE856C9543A1:t371, leader=null, voted=5c3956af-60d3-411f-8c98-c7ed3576de5c, raftlog=5c3956af-60d3-411f-8c98-c7ed3576de5c@group-EE856C9543A1-SegmentedRaftLog:OPENED:c-1,f-1,i0, conf=-1: [5c3956af-60d3-411f-8c98-c7ed3576de5c:192.168.34.38:33787, efb933de-cdd8-4d8d-88d2-4c7ffe0dec1a:192.168.34.38:42459, 9d88716d-5d6b-4fd8-b832-a110dc45ee66:192.168.34.38:38211], old=null
2019-10-16 21:53:37,470 [5c3956af-60d3-411f-8c98-c7ed3576de5c@group-EE856C9543A1-LeaderElection337] INFO  impl.RaftServerImpl (RaftServerImpl.java:setRole(184)) - 5c3956af-60d3-411f-8c98-c7ed3576de5c@group-EE856C9543A1: changes role from CANDIDATE to FOLLOWER at term 371 for DISCOVERED_A_NEW_TERM
2019-10-16 21:53:37,470 [5c3956af-60d3-411f-8c98-c7ed3576de5c@group-EE856C9543A1-LeaderElection337] INFO  impl.RoleInfo (RoleInfo.java:shutdownLeaderElection(134)) - 5c3956af-60d3-411f-8c98-c7ed3576de5c: shutdown LeaderElection
2019-10-16 21:53:37,470 [5c3956af-60d3-411f-8c98-c7ed3576de5c@group-EE856C9543A1-LeaderElection337] INFO  impl.RoleInfo (RoleInfo.java:updateAndGet(143)) - 5c3956af-60d3-411f-8c98-c7ed3576de5c: start FollowerState
2019-10-16 21:53:37,522 [Thread-2465] INFO  impl.FollowerState (FollowerState.java:run(108)) - 5c3956af-60d3-411f-8c98-c7ed3576de5c@group-EE856C9543A1-FollowerState: change to CANDIDATE, lastRpcTime:51ms, electionTimeout:51ms
2019-10-16 21:53:37,522 [Thread-2465] INFO  impl.RoleInfo (RoleInfo.java:shutdownFollowerState(121)) - 5c3956af-60d3-411f-8c98-c7ed3576de5c: shutdown FollowerState
2019-10-16 21:53:37,522 [Thread-2465] INFO  impl.RaftServerImpl (RaftServerImpl.java:setRole(184)) - 5c3956af-60d3-411f-8c98-c7ed3576de5c@group-EE856C9543A1: changes role from  FOLLOWER to CANDIDATE at term 371 for changeToCandidate
2019-10-16 21:53:37,522 [Thread-2465] INFO  impl.RoleInfo (RoleInfo.java:updateAndGet(143)) - 5c3956af-60d3-411f-8c98-c7ed3576de5c: start LeaderElection
2019-10-16 21:53:37,547 [5c3956af-60d3-411f-8c98-c7ed3576de5c@group-EE856C9543A1-LeaderElection338] INFO  impl.LeaderElection (LeaderElection.java:askForVotes(178)) - 5c3956af-60d3-411f-8c98-c7ed3576de5c@group-EE856C9543A1-LeaderElection338: begin an election at term 372 for -1: [5c3956af-60d3-411f-8c98-c7ed3576de5c:192.168.34.38:33787, efb933de-cdd8-4d8d-88d2-4c7ffe0dec1a:192.168.34.38:42459, 9d88716d-5d6b-4fd8-b832-a110dc45ee66:192.168.34.38:38211], old=null
2019-10-16 21:53:37,549 [grpc-default-executor-5] INFO  impl.RaftServerImpl (RaftServerImpl.java:setRole(184)) - 9d88716d-5d6b-4fd8-b832-a110dc45ee66@group-EE856C9543A1: changes role from  FOLLOWER to FOLLOWER at term 372 for recognizeCandidate:5c3956af-60d3-411f-8c98-c7ed3576de5c
2019-10-16 21:53:37,549 [grpc-default-executor-1] INFO  impl.RaftServerImpl (RaftServerImpl.java:setRole(184)) - efb933de-cdd8-4d8d-88d2-4c7ffe0dec1a@group-EE856C9543A1: changes role from  FOLLOWER to FOLLOWER at term 372 for recognizeCandidate:5c3956af-60d3-411f-8c98-c7ed3576de5c
2019-10-16 21:53:37,549 [grpc-default-executor-5] INFO  impl.RoleInfo (RoleInfo.java:shutdownFollowerState(121)) - 9d88716d-5d6b-4fd8-b832-a110dc45ee66: shutdown FollowerState
2019-10-16 21:53:37,550 [grpc-default-executor-1] INFO  impl.RoleInfo (RoleInfo.java:shutdownFollowerState(121)) - efb933de-cdd8-4d8d-88d2-4c7ffe0dec1a: shutdown FollowerState
2019-10-16 21:53:37,550 [Thread-2463] INFO  impl.FollowerState (FollowerState.java:run(117)) - 9d88716d-5d6b-4fd8-b832-a110dc45ee66@group-EE856C9543A1-FollowerState was interrupted: java.lang.InterruptedException: sleep interrupted
2019-10-16 21:53:37,550 [Thread-2464] INFO  impl.FollowerState (FollowerState.java:run(117)) - efb933de-cdd8-4d8d-88d2-4c7ffe0dec1a@group-EE856C9543A1-FollowerState was interrupted: java.lang.InterruptedException: sleep interrupted
2019-10-16 21:53:37,550 [grpc-default-executor-5] INFO  impl.RoleInfo (RoleInfo.java:updateAndGet(143)) - 9d88716d-5d6b-4fd8-b832-a110dc45ee66: start FollowerState
2019-10-16 21:53:37,550 [grpc-default-executor-1] INFO  impl.RoleInfo (RoleInfo.java:updateAndGet(143)) - efb933de-cdd8-4d8d-88d2-4c7ffe0dec1a: start FollowerState
2019-10-16 21:53:37,566 [5c3956af-60d3-411f-8c98-c7ed3576de5c@group-EE856C9543A1-LeaderElection338] INFO  impl.LeaderElection (LeaderElection.java:logAndReturn(56)) - 5c3956af-60d3-411f-8c98-c7ed3576de5c@group-EE856C9543A1-LeaderElection338: Election REJECTED; received 2 response(s) [5c3956af-60d3-411f-8c98-c7ed3576de5c<-efb933de-cdd8-4d8d-88d2-4c7ffe0dec1a#0:FAIL-t372, 5c3956af-60d3-411f-8c98-c7ed3576de5c<-9d88716d-5d6b-4fd8-b832-a110dc45ee66#0:FAIL-t372] and 0 exception(s); 5c3956af-60d3-411f-8c98-c7ed3576de5c@group-EE856C9543A1:t372, leader=null, voted=5c3956af-60d3-411f-8c98-c7ed3576de5c, raftlog=5c3956af-60d3-411f-8c98-c7ed3576de5c@group-EE856C9543A1-SegmentedRaftLog:OPENED:c-1,f-1,i0, conf=-1: [5c3956af-60d3-411f-8c98-c7ed3576de5c:192.168.34.38:33787, efb933de-cdd8-4d8d-88d2-4c7ffe0dec1a:192.168.34.38:42459, 9d88716d-5d6b-4fd8-b832-a110dc45ee66:192.168.34.38:38211], old=null
2019-10-16 21:53:37,567 [5c3956af-60d3-411f-8c98-c7ed3576de5c@group-EE856C9543A1-LeaderElection338] INFO  impl.RaftServerImpl (RaftServerImpl.java:setRole(184)) - 5c3956af-60d3-411f-8c98-c7ed3576de5c@group-EE856C9543A1: changes role from CANDIDATE to FOLLOWER at term 372 for DISCOVERED_A_NEW_TERM
2019-10-16 21:53:37,567 [5c3956af-60d3-411f-8c98-c7ed3576de5c@group-EE856C9543A1-LeaderElection338] INFO  impl.RoleInfo (RoleInfo.java:shutdownLeaderElection(134)) - 5c3956af-60d3-411f-8c98-c7ed3576de5c: shutdown LeaderElection
2019-10-16 21:53:37,567 [5c3956af-60d3-411f-8c98-c7ed3576de5c@group-EE856C9543A1-LeaderElection338] INFO  impl.RoleInfo (RoleInfo.java:updateAndGet(143)) - 5c3956af-60d3-411f-8c98-c7ed3576de5c: start FollowerState
2019-10-16 21:53:37,649 [JUnit] INFO  ozone.MiniOzoneClusterImpl (MiniOzoneClusterImpl.java:lambda$waitForClusterToBeReady$2(164)) - Waiting for 1 number of pipelines out of 6, to report a leader.
2019-10-16 21:53:37,696 [Thread-2471] INFO  impl.FollowerState (FollowerState.java:run(108)) - 5c3956af-60d3-411f-8c98-c7ed3576de5c@group-EE856C9543A1-FollowerState: change to CANDIDATE, lastRpcTime:129ms, electionTimeout:128ms
2019-10-16 21:53:37,696 [Thread-2471] INFO  impl.RoleInfo (RoleInfo.java:shutdownFollowerState(121)) - 5c3956af-60d3-411f-8c98-c7ed3576de5c: shutdown FollowerState
2019-10-16 21:53:37,697 [Thread-2471] INFO  impl.RaftServerImpl (RaftServerImpl.java:setRole(184)) - 5c3956af-60d3-411f-8c98-c7ed3576de5c@group-EE856C9543A1: changes role from  FOLLOWER to CANDIDATE at term 372 for changeToCandidate
2019-10-16 21:53:37,697 [Thread-2471] INFO  impl.RoleInfo (RoleInfo.java:updateAndGet(143)) - 5c3956af-60d3-411f-8c98-c7ed3576de5c: start LeaderElection
2019-10-16 21:53:37,711 [5c3956af-60d3-411f-8c98-c7ed3576de5c@group-EE856C9543A1-LeaderElection339] INFO  impl.LeaderElection (LeaderElection.java:askForVotes(178)) - 5c3956af-60d3-411f-8c98-c7ed3576de5c@group-EE856C9543A1-LeaderElection339: begin an election at term 373 for -1: [5c3956af-60d3-411f-8c98-c7ed3576de5c:192.168.34.38:33787, efb933de-cdd8-4d8d-88d2-4c7ffe0dec1a:192.168.34.38:42459, 9d88716d-5d6b-4fd8-b832-a110dc45ee66:192.168.34.38:38211], old=null
2019-10-16 21:53:37,713 [grpc-default-executor-5] INFO  impl.RaftServerImpl (RaftServerImpl.java:setRole(184)) - efb933de-cdd8-4d8d-88d2-4c7ffe0dec1a@group-EE856C9543A1: changes role from  FOLLOWER to FOLLOWER at term 373 for recognizeCandidate:5c3956af-60d3-411f-8c98-c7ed3576de5c
2019-10-16 21:53:37,713 [grpc-default-executor-5] INFO  impl.RoleInfo (RoleInfo.java:shutdownFollowerState(121)) - efb933de-cdd8-4d8d-88d2-4c7ffe0dec1a: shutdown FollowerState
2019-10-16 21:53:37,713 [grpc-default-executor-5] INFO  impl.RoleInfo (RoleInfo.java:updateAndGet(143)) - efb933de-cdd8-4d8d-88d2-4c7ffe0dec1a: start FollowerState
2019-10-16 21:53:37,714 [Thread-2470] INFO  impl.FollowerState (FollowerState.java:run(117)) - efb933de-cdd8-4d8d-88d2-4c7ffe0dec1a@group-EE856C9543A1-FollowerState was interrupted: java.lang.InterruptedException: sleep interrupted
2019-10-16 21:53:37,714 [grpc-default-executor-1] INFO  impl.RaftServerImpl (RaftServerImpl.java:setRole(184)) - 9d88716d-5d6b-4fd8-b832-a110dc45ee66@group-EE856C9543A1: changes role from  FOLLOWER to FOLLOWER at term 373 for recognizeCandidate:5c3956af-60d3-411f-8c98-c7ed3576de5c
2019-10-16 21:53:37,714 [grpc-default-executor-1] INFO  impl.RoleInfo (RoleInfo.java:shutdownFollowerState(121)) - 9d88716d-5d6b-4fd8-b832-a110dc45ee66: shutdown FollowerState
2019-10-16 21:53:37,714 [grpc-default-executor-1] INFO  impl.RoleInfo (RoleInfo.java:updateAndGet(143)) - 9d88716d-5d6b-4fd8-b832-a110dc45ee66: start FollowerState
2019-10-16 21:53:37,714 [Thread-2469] INFO  impl.FollowerState (FollowerState.java:run(117)) - 9d88716d-5d6b-4fd8-b832-a110dc45ee66@group-EE856C9543A1-FollowerState was interrupted: java.lang.InterruptedException: sleep interrupted
2019-10-16 21:53:37,728 [5c3956af-60d3-411f-8c98-c7ed3576de5c@group-EE856C9543A1-LeaderElection339] INFO  impl.LeaderElection (LeaderElection.java:logAndReturn(56)) - 5c3956af-60d3-411f-8c98-c7ed3576de5c@group-EE856C9543A1-LeaderElection339: Election REJECTED; received 2 response(s) [5c3956af-60d3-411f-8c98-c7ed3576de5c<-efb933de-cdd8-4d8d-88d2-4c7ffe0dec1a#0:FAIL-t373, 5c3956af-60d3-411f-8c98-c7ed3576de5c<-9d88716d-5d6b-4fd8-b832-a110dc45ee66#0:FAIL-t373] and 0 exception(s); 5c3956af-60d3-411f-8c98-c7ed3576de5c@group-EE856C9543A1:t373, leader=null, voted=5c3956af-60d3-411f-8c98-c7ed3576de5c, raftlog=5c3956af-60d3-411f-8c98-c7ed3576de5c@group-EE856C9543A1-SegmentedRaftLog:OPENED:c-1,f-1,i0, conf=-1: [5c3956af-60d3-411f-8c98-c7ed3576de5c:192.168.34.38:33787, efb933de-cdd8-4d8d-88d2-4c7ffe0dec1a:192.168.34.38:42459, 9d88716d-5d6b-4fd8-b832-a110dc45ee66:192.168.34.38:38211], old=null
2019-10-16 21:53:37,728 [5c3956af-60d3-411f-8c98-c7ed3576de5c@group-EE856C9543A1-LeaderElection339] INFO  impl.RaftServerImpl (RaftServerImpl.java:setRole(184)) - 5c3956af-60d3-411f-8c98-c7ed3576de5c@group-EE856C9543A1: changes role from CANDIDATE to FOLLOWER at term 373 for DISCOVERED_A_NEW_TERM
2019-10-16 21:53:37,728 [5c3956af-60d3-411f-8c98-c7ed3576de5c@group-EE856C9543A1-LeaderElection339] INFO  impl.RoleInfo (RoleInfo.java:shutdownLeaderElection(134)) - 5c3956af-60d3-411f-8c98-c7ed3576de5c: shutdown LeaderElection
2019-10-16 21:53:37,728 [5c3956af-60d3-411f-8c98-c7ed3576de5c@group-EE856C9543A1-LeaderElection339] INFO  impl.RoleInfo (RoleInfo.java:updateAndGet(143)) - 5c3956af-60d3-411f-8c98-c7ed3576de5c: start FollowerState
2019-10-16 21:53:37,903 [Thread-2477] INFO  impl.FollowerState (FollowerState.java:run(108)) - 5c3956af-60d3-411f-8c98-c7ed3576de5c@group-EE856C9543A1-FollowerState: change to CANDIDATE, lastRpcTime:174ms, electionTimeout:174ms
2019-10-16 21:53:37,903 [Thread-2477] INFO  impl.RoleInfo (RoleInfo.java:shutdownFollowerState(121)) - 5c3956af-60d3-411f-8c98-c7ed3576de5c: shutdown FollowerState
2019-10-16 21:53:37,903 [Thread-2477] INFO  impl.RaftServerImpl (RaftServerImpl.java:setRole(184)) - 5c3956af-60d3-411f-8c98-c7ed3576de5c@group-EE856C9543A1: changes role from  FOLLOWER to CANDIDATE at term 373 for changeToCandidate
2019-10-16 21:53:37,903 [Thread-2477] INFO  impl.RoleInfo (RoleInfo.java:updateAndGet(143)) - 5c3956af-60d3-411f-8c98-c7ed3576de5c: start LeaderElection
2019-10-16 21:53:37,918 [5c3956af-60d3-411f-8c98-c7ed3576de5c@group-EE856C9543A1-LeaderElection340] INFO  impl.LeaderElection (LeaderElection.java:askForVotes(178)) - 5c3956af-60d3-411f-8c98-c7ed3576de5c@group-EE856C9543A1-LeaderElection340: begin an election at term 374 for -1: [5c3956af-60d3-411f-8c98-c7ed3576de5c:192.168.34.38:33787, efb933de-cdd8-4d8d-88d2-4c7ffe0dec1a:192.168.34.38:42459, 9d88716d-5d6b-4fd8-b832-a110dc45ee66:192.168.34.38:38211], old=null
2019-10-16 21:53:37,921 [grpc-default-executor-5] INFO  impl.RaftServerImpl (RaftServerImpl.java:setRole(184)) - efb933de-cdd8-4d8d-88d2-4c7ffe0dec1a@group-EE856C9543A1: changes role from  FOLLOWER to FOLLOWER at term 374 for recognizeCandidate:5c3956af-60d3-411f-8c98-c7ed3576de5c
2019-10-16 21:53:37,921 [grpc-default-executor-5] INFO  impl.RoleInfo (RoleInfo.java:shutdownFollowerState(121)) - efb933de-cdd8-4d8d-88d2-4c7ffe0dec1a: shutdown FollowerState
2019-10-16 21:53:37,921 [grpc-default-executor-1] INFO  impl.RaftServerImpl (RaftServerImpl.java:setRole(184)) - 9d88716d-5d6b-4fd8-b832-a110dc45ee66@group-EE856C9543A1: changes role from  FOLLOWER to FOLLOWER at term 374 for recognizeCandidate:5c3956af-60d3-411f-8c98-c7ed3576de5c
2019-10-16 21:53:37,922 [Thread-2475] INFO  impl.FollowerState (FollowerState.java:run(117)) - efb933de-cdd8-4d8d-88d2-4c7ffe0dec1a@group-EE856C9543A1-FollowerState was interrupted: java.lang.InterruptedException: sleep interrupted
2019-10-16 21:53:37,922 [grpc-default-executor-5] INFO  impl.RoleInfo (RoleInfo.java:updateAndGet(143)) - efb933de-cdd8-4d8d-88d2-4c7ffe0dec1a: start FollowerState
2019-10-16 21:53:37,922 [grpc-default-executor-1] INFO  impl.RoleInfo (RoleInfo.java:shutdownFollowerState(121)) - 9d88716d-5d6b-4fd8-b832-a110dc45ee66: shutdown FollowerState
2019-10-16 21:53:37,922 [grpc-default-executor-1] INFO  impl.RoleInfo (RoleInfo.java:updateAndGet(143)) - 9d88716d-5d6b-4fd8-b832-a110dc45ee66: start FollowerState
2019-10-16 21:53:37,922 [Thread-2476] INFO  impl.FollowerState (FollowerState.java:run(117)) - 9d88716d-5d6b-4fd8-b832-a110dc45ee66@group-EE856C9543A1-FollowerState was interrupted: java.lang.InterruptedException: sleep interrupted
2019-10-16 21:53:37,936 [5c3956af-60d3-411f-8c98-c7ed3576de5c@group-EE856C9543A1-LeaderElection340] INFO  impl.LeaderElection (LeaderElection.java:logAndReturn(56)) - 5c3956af-60d3-411f-8c98-c7ed3576de5c@group-EE856C9543A1-LeaderElection340: Election REJECTED; received 2 response(s) [5c3956af-60d3-411f-8c98-c7ed3576de5c<-efb933de-cdd8-4d8d-88d2-4c7ffe0dec1a#0:FAIL-t374, 5c3956af-60d3-411f-8c98-c7ed3576de5c<-9d88716d-5d6b-4fd8-b832-a110dc45ee66#0:FAIL-t374] and 0 exception(s); 5c3956af-60d3-411f-8c98-c7ed3576de5c@group-EE856C9543A1:t374, leader=null, voted=5c3956af-60d3-411f-8c98-c7ed3576de5c, raftlog=5c3956af-60d3-411f-8c98-c7ed3576de5c@group-EE856C9543A1-SegmentedRaftLog:OPENED:c-1,f-1,i0, conf=-1: [5c3956af-60d3-411f-8c98-c7ed3576de5c:192.168.34.38:33787, efb933de-cdd8-4d8d-88d2-4c7ffe0dec1a:192.168.34.38:42459, 9d88716d-5d6b-4fd8-b832-a110dc45ee66:192.168.34.38:38211], old=null
2019-10-16 21:53:37,936 [5c3956af-60d3-411f-8c98-c7ed3576de5c@group-EE856C9543A1-LeaderElection340] INFO  impl.RaftServerImpl (RaftServerImpl.java:setRole(184)) - 5c3956af-60d3-411f-8c98-c7ed3576de5c@group-EE856C9543A1: changes role from CANDIDATE to FOLLOWER at term 374 for DISCOVERED_A_NEW_TERM
2019-10-16 21:53:37,937 [5c3956af-60d3-411f-8c98-c7ed3576de5c@group-EE856C9543A1-LeaderElection340] INFO  impl.RoleInfo (RoleInfo.java:shutdownLeaderElection(134)) - 5c3956af-60d3-411f-8c98-c7ed3576de5c: shutdown LeaderElection
2019-10-16 21:53:37,937 [5c3956af-60d3-411f-8c98-c7ed3576de5c@group-EE856C9543A1-LeaderElection340] INFO  impl.RoleInfo (RoleInfo.java:updateAndGet(143)) - 5c3956af-60d3-411f-8c98-c7ed3576de5c: start FollowerState
2019-10-16 21:53:38,120 [Thread-2483] INFO  impl.FollowerState (FollowerState.java:run(108)) - 5c3956af-60d3-411f-8c98-c7ed3576de5c@group-EE856C9543A1-FollowerState: change to CANDIDATE, lastRpcTime:183ms, electionTimeout:183ms
2019-10-16 21:53:38,120 [Thread-2483] INFO  impl.RoleInfo (RoleInfo.java:shutdownFollowerState(121)) - 5c3956af-60d3-411f-8c98-c7ed3576de5c: shutdown FollowerState
2019-10-16 21:53:38,120 [Thread-2483] INFO  impl.RaftServerImpl (RaftServerImpl.java:setRole(184)) - 5c3956af-60d3-411f-8c98-c7ed3576de5c@group-EE856C9543A1: changes role from  FOLLOWER to CANDIDATE at term 374 for changeToCandidate
2019-10-16 21:53:38,121 [Thread-2483] INFO  impl.RoleInfo (RoleInfo.java:updateAndGet(143)) - 5c3956af-60d3-411f-8c98-c7ed3576de5c: start LeaderElection
2019-10-16 21:53:38,135 [5c3956af-60d3-411f-8c98-c7ed3576de5c@group-EE856C9543A1-LeaderElection341] INFO  impl.LeaderElection (LeaderElection.java:askForVotes(178)) - 5c3956af-60d3-411f-8c98-c7ed3576de5c@group-EE856C9543A1-LeaderElection341: begin an election at term 375 for -1: [5c3956af-60d3-411f-8c98-c7ed3576de5c:192.168.34.38:33787, efb933de-cdd8-4d8d-88d2-4c7ffe0dec1a:192.168.34.38:42459, 9d88716d-5d6b-4fd8-b832-a110dc45ee66:192.168.34.38:38211], old=null
2019-10-16 21:53:38,136 [grpc-default-executor-5] INFO  impl.RaftServerImpl (RaftServerImpl.java:setRole(184)) - efb933de-cdd8-4d8d-88d2-4c7ffe0dec1a@group-EE856C9543A1: changes role from  FOLLOWER to FOLLOWER at term 375 for recognizeCandidate:5c3956af-60d3-411f-8c98-c7ed3576de5c
2019-10-16 21:53:38,136 [grpc-default-executor-5] INFO  impl.RoleInfo (RoleInfo.java:shutdownFollowerState(121)) - efb933de-cdd8-4d8d-88d2-4c7ffe0dec1a: shutdown FollowerState
2019-10-16 21:53:38,137 [grpc-default-executor-5] INFO  impl.RoleInfo (RoleInfo.java:updateAndGet(143)) - efb933de-cdd8-4d8d-88d2-4c7ffe0dec1a: start FollowerState
2019-10-16 21:53:38,137 [Thread-2481] INFO  impl.FollowerState (FollowerState.java:run(117)) - efb933de-cdd8-4d8d-88d2-4c7ffe0dec1a@group-EE856C9543A1-FollowerState was interrupted: java.lang.InterruptedException: sleep interrupted
2019-10-16 21:53:38,137 [grpc-default-executor-1] INFO  impl.RaftServerImpl (RaftServerImpl.java:setRole(184)) - 9d88716d-5d6b-4fd8-b832-a110dc45ee66@group-EE856C9543A1: changes role from  FOLLOWER to FOLLOWER at term 375 for recognizeCandidate:5c3956af-60d3-411f-8c98-c7ed3576de5c
2019-10-16 21:53:38,137 [grpc-default-executor-1] INFO  impl.RoleInfo (RoleInfo.java:shutdownFollowerState(121)) - 9d88716d-5d6b-4fd8-b832-a110dc45ee66: shutdown FollowerState
2019-10-16 21:53:38,137 [grpc-default-executor-1] INFO  impl.RoleInfo (RoleInfo.java:updateAndGet(143)) - 9d88716d-5d6b-4fd8-b832-a110dc45ee66: start FollowerState
2019-10-16 21:53:38,137 [Thread-2482] INFO  impl.FollowerState (FollowerState.java:run(117)) - 9d88716d-5d6b-4fd8-b832-a110dc45ee66@group-EE856C9543A1-FollowerState was interrupted: java.lang.InterruptedException: sleep interrupted
2019-10-16 21:53:38,151 [5c3956af-60d3-411f-8c98-c7ed3576de5c@group-EE856C9543A1-LeaderElection341] INFO  impl.LeaderElection (LeaderElection.java:logAndReturn(56)) - 5c3956af-60d3-411f-8c98-c7ed3576de5c@group-EE856C9543A1-LeaderElection341: Election REJECTED; received 2 response(s) [5c3956af-60d3-411f-8c98-c7ed3576de5c<-efb933de-cdd8-4d8d-88d2-4c7ffe0dec1a#0:FAIL-t375, 5c3956af-60d3-411f-8c98-c7ed3576de5c<-9d88716d-5d6b-4fd8-b832-a110dc45ee66#0:FAIL-t375] and 0 exception(s); 5c3956af-60d3-411f-8c98-c7ed3576de5c@group-EE856C9543A1:t375, leader=null, voted=5c3956af-60d3-411f-8c98-c7ed3576de5c, raftlog=5c3956af-60d3-411f-8c98-c7ed3576de5c@group-EE856C9543A1-SegmentedRaftLog:OPENED:c-1,f-1,i0, conf=-1: [5c3956af-60d3-411f-8c98-c7ed3576de5c:192.168.34.38:33787, efb933de-cdd8-4d8d-88d2-4c7ffe0dec1a:192.168.34.38:42459, 9d88716d-5d6b-4fd8-b832-a110dc45ee66:192.168.34.38:38211], old=null
2019-10-16 21:53:38,151 [5c3956af-60d3-411f-8c98-c7ed3576de5c@group-EE856C9543A1-LeaderElection341] INFO  impl.RaftServerImpl (RaftServerImpl.java:setRole(184)) - 5c3956af-60d3-411f-8c98-c7ed3576de5c@group-EE856C9543A1: changes role from CANDIDATE to FOLLOWER at term 375 for DISCOVERED_A_NEW_TERM
2019-10-16 21:53:38,151 [5c3956af-60d3-411f-8c98-c7ed3576de5c@group-EE856C9543A1-LeaderElection341] INFO  impl.RoleInfo (RoleInfo.java:shutdownLeaderElection(134)) - 5c3956af-60d3-411f-8c98-c7ed3576de5c: shutdown LeaderElection
2019-10-16 21:53:38,152 [5c3956af-60d3-411f-8c98-c7ed3576de5c@group-EE856C9543A1-LeaderElection341] INFO  impl.RoleInfo (RoleInfo.java:updateAndGet(143)) - 5c3956af-60d3-411f-8c98-c7ed3576de5c: start FollowerState
2019-10-16 21:53:38,287 [Thread-2489] INFO  impl.FollowerState (FollowerState.java:run(108)) - 5c3956af-60d3-411f-8c98-c7ed3576de5c@group-EE856C9543A1-FollowerState: change to CANDIDATE, lastRpcTime:135ms, electionTimeout:135ms
2019-10-16 21:53:38,287 [Thread-2489] INFO  impl.RoleInfo (RoleInfo.java:shutdownFollowerState(121)) - 5c3956af-60d3-411f-8c98-c7ed3576de5c: shutdown FollowerState
2019-10-16 21:53:38,287 [Thread-2489] INFO  impl.RaftServerImpl (RaftServerImpl.java:setRole(184)) - 5c3956af-60d3-411f-8c98-c7ed3576de5c@group-EE856C9543A1: changes role from  FOLLOWER to CANDIDATE at term 375 for changeToCandidate
2019-10-16 21:53:38,287 [Thread-2489] INFO  impl.RoleInfo (RoleInfo.java:updateAndGet(143)) - 5c3956af-60d3-411f-8c98-c7ed3576de5c: start LeaderElection
2019-10-16 21:53:38,301 [5c3956af-60d3-411f-8c98-c7ed3576de5c@group-EE856C9543A1-LeaderElection342] INFO  impl.LeaderElection (LeaderElection.java:askForVotes(178)) - 5c3956af-60d3-411f-8c98-c7ed3576de5c@group-EE856C9543A1-LeaderElection342: begin an election at term 376 for -1: [5c3956af-60d3-411f-8c98-c7ed3576de5c:192.168.34.38:33787, efb933de-cdd8-4d8d-88d2-4c7ffe0dec1a:192.168.34.38:42459, 9d88716d-5d6b-4fd8-b832-a110dc45ee66:192.168.34.38:38211], old=null
2019-10-16 21:53:38,302 [grpc-default-executor-1] INFO  impl.RaftServerImpl (RaftServerImpl.java:setRole(184)) - efb933de-cdd8-4d8d-88d2-4c7ffe0dec1a@group-EE856C9543A1: changes role from  FOLLOWER to FOLLOWER at term 376 for recognizeCandidate:5c3956af-60d3-411f-8c98-c7ed3576de5c
2019-10-16 21:53:38,303 [grpc-default-executor-1] INFO  impl.RoleInfo (RoleInfo.java:shutdownFollowerState(121)) - efb933de-cdd8-4d8d-88d2-4c7ffe0dec1a: shutdown FollowerState
2019-10-16 21:53:38,303 [grpc-default-executor-5] INFO  impl.RaftServerImpl (RaftServerImpl.java:setRole(184)) - 9d88716d-5d6b-4fd8-b832-a110dc45ee66@group-EE856C9543A1: changes role from  FOLLOWER to FOLLOWER at term 376 for recognizeCandidate:5c3956af-60d3-411f-8c98-c7ed3576de5c
2019-10-16 21:53:38,303 [Thread-2487] INFO  impl.FollowerState (FollowerState.java:run(117)) - efb933de-cdd8-4d8d-88d2-4c7ffe0dec1a@group-EE856C9543A1-FollowerState was interrupted: java.lang.InterruptedException: sleep interrupted
2019-10-16 21:53:38,303 [grpc-default-executor-1] INFO  impl.RoleInfo (RoleInfo.java:updateAndGet(143)) - efb933de-cdd8-4d8d-88d2-4c7ffe0dec1a: start FollowerState
2019-10-16 21:53:38,303 [grpc-default-executor-5] INFO  impl.RoleInfo (RoleInfo.java:shutdownFollowerState(121)) - 9d88716d-5d6b-4fd8-b832-a110dc45ee66: shutdown FollowerState
2019-10-16 21:53:38,303 [Thread-2488] INFO  impl.FollowerState (FollowerState.java:run(117)) - 9d88716d-5d6b-4fd8-b832-a110dc45ee66@group-EE856C9543A1-FollowerState was interrupted: java.lang.InterruptedException: sleep interrupted
2019-10-16 21:53:38,303 [grpc-default-executor-5] INFO  impl.RoleInfo (RoleInfo.java:updateAndGet(143)) - 9d88716d-5d6b-4fd8-b832-a110dc45ee66: start FollowerState
2019-10-16 21:53:38,319 [5c3956af-60d3-411f-8c98-c7ed3576de5c@group-EE856C9543A1-LeaderElection342] INFO  impl.LeaderElection (LeaderElection.java:logAndReturn(56)) - 5c3956af-60d3-411f-8c98-c7ed3576de5c@group-EE856C9543A1-LeaderElection342: Election REJECTED; received 2 response(s) [5c3956af-60d3-411f-8c98-c7ed3576de5c<-efb933de-cdd8-4d8d-88d2-4c7ffe0dec1a#0:FAIL-t376, 5c3956af-60d3-411f-8c98-c7ed3576de5c<-9d88716d-5d6b-4fd8-b832-a110dc45ee66#0:FAIL-t376] and 0 exception(s); 5c3956af-60d3-411f-8c98-c7ed3576de5c@group-EE856C9543A1:t376, leader=null, voted=5c3956af-60d3-411f-8c98-c7ed3576de5c, raftlog=5c3956af-60d3-411f-8c98-c7ed3576de5c@group-EE856C9543A1-SegmentedRaftLog:OPENED:c-1,f-1,i0, conf=-1: [5c3956af-60d3-411f-8c98-c7ed3576de5c:192.168.34.38:33787, efb933de-cdd8-4d8d-88d2-4c7ffe0dec1a:192.168.34.38:42459, 9d88716d-5d6b-4fd8-b832-a110dc45ee66:192.168.34.38:38211], old=null
2019-10-16 21:53:38,319 [5c3956af-60d3-411f-8c98-c7ed3576de5c@group-EE856C9543A1-LeaderElection342] INFO  impl.RaftServerImpl (RaftServerImpl.java:setRole(184)) - 5c3956af-60d3-411f-8c98-c7ed3576de5c@group-EE856C9543A1: changes role from CANDIDATE to FOLLOWER at term 376 for DISCOVERED_A_NEW_TERM
2019-10-16 21:53:38,319 [5c3956af-60d3-411f-8c98-c7ed3576de5c@group-EE856C9543A1-LeaderElection342] INFO  impl.RoleInfo (RoleInfo.java:shutdownLeaderElection(134)) - 5c3956af-60d3-411f-8c98-c7ed3576de5c: shutdown LeaderElection
2019-10-16 21:53:38,319 [5c3956af-60d3-411f-8c98-c7ed3576de5c@group-EE856C9543A1-LeaderElection342] INFO  impl.RoleInfo (RoleInfo.java:updateAndGet(143)) - 5c3956af-60d3-411f-8c98-c7ed3576de5c: start FollowerState
2019-10-16 21:53:38,341 [Thread-2495] INFO  impl.FollowerState (FollowerState.java:run(108)) - 5c3956af-60d3-411f-8c98-c7ed3576de5c@group-EE856C9543A1-FollowerState: change to CANDIDATE, lastRpcTime:22ms, electionTimeout:22ms
2019-10-16 21:53:38,342 [Thread-2495] INFO  impl.RoleInfo (RoleInfo.java:shutdownFollowerState(121)) - 5c3956af-60d3-411f-8c98-c7ed3576de5c: shutdown FollowerState
2019-10-16 21:53:38,342 [Thread-2495] INFO  impl.RaftServerImpl (RaftServerImpl.java:setRole(184)) - 5c3956af-60d3-411f-8c98-c7ed3576de5c@group-EE856C9543A1: changes role from  FOLLOWER to CANDIDATE at term 376 for changeToCandidate
2019-10-16 21:53:38,342 [Thread-2495] INFO  impl.RoleInfo (RoleInfo.java:updateAndGet(143)) - 5c3956af-60d3-411f-8c98-c7ed3576de5c: start LeaderElection
2019-10-16 21:53:38,356 [5c3956af-60d3-411f-8c98-c7ed3576de5c@group-EE856C9543A1-LeaderElection343] INFO  impl.LeaderElection (LeaderElection.java:askForVotes(178)) - 5c3956af-60d3-411f-8c98-c7ed3576de5c@group-EE856C9543A1-LeaderElection343: begin an election at term 377 for -1: [5c3956af-60d3-411f-8c98-c7ed3576de5c:192.168.34.38:33787, efb933de-cdd8-4d8d-88d2-4c7ffe0dec1a:192.168.34.38:42459, 9d88716d-5d6b-4fd8-b832-a110dc45ee66:192.168.34.38:38211], old=null
2019-10-16 21:53:38,358 [grpc-default-executor-1] INFO  impl.RaftServerImpl (RaftServerImpl.java:setRole(184)) - efb933de-cdd8-4d8d-88d2-4c7ffe0dec1a@group-EE856C9543A1: changes role from  FOLLOWER to FOLLOWER at term 377 for recognizeCandidate:5c3956af-60d3-411f-8c98-c7ed3576de5c
2019-10-16 21:53:38,358 [grpc-default-executor-1] INFO  impl.RoleInfo (RoleInfo.java:shutdownFollowerState(121)) - efb933de-cdd8-4d8d-88d2-4c7ffe0dec1a: shutdown FollowerState
2019-10-16 21:53:38,358 [grpc-default-executor-1] INFO  impl.RoleInfo (RoleInfo.java:updateAndGet(143)) - efb933de-cdd8-4d8d-88d2-4c7ffe0dec1a: start FollowerState
2019-10-16 21:53:38,358 [Thread-2493] INFO  impl.FollowerState (FollowerState.java:run(117)) - efb933de-cdd8-4d8d-88d2-4c7ffe0dec1a@group-EE856C9543A1-FollowerState was interrupted: java.lang.InterruptedException: sleep interrupted
2019-10-16 21:53:38,361 [grpc-default-executor-5] INFO  impl.RaftServerImpl (RaftServerImpl.java:setRole(184)) - 9d88716d-5d6b-4fd8-b832-a110dc45ee66@group-EE856C9543A1: changes role from  FOLLOWER to FOLLOWER at term 377 for recognizeCandidate:5c3956af-60d3-411f-8c98-c7ed3576de5c
2019-10-16 21:53:38,362 [grpc-default-executor-5] INFO  impl.RoleInfo (RoleInfo.java:shutdownFollowerState(121)) - 9d88716d-5d6b-4fd8-b832-a110dc45ee66: shutdown FollowerState
2019-10-16 21:53:38,362 [grpc-default-executor-5] INFO  impl.RoleInfo (RoleInfo.java:updateAndGet(143)) - 9d88716d-5d6b-4fd8-b832-a110dc45ee66: start FollowerState
2019-10-16 21:53:38,362 [Thread-2494] INFO  impl.FollowerState (FollowerState.java:run(117)) - 9d88716d-5d6b-4fd8-b832-a110dc45ee66@group-EE856C9543A1-FollowerState was interrupted: java.lang.InterruptedException: sleep interrupted
2019-10-16 21:53:38,373 [5c3956af-60d3-411f-8c98-c7ed3576de5c@group-EE856C9543A1-LeaderElection343] INFO  impl.LeaderElection (LeaderElection.java:logAndReturn(56)) - 5c3956af-60d3-411f-8c98-c7ed3576de5c@group-EE856C9543A1-LeaderElection343: Election REJECTED; received 2 response(s) [5c3956af-60d3-411f-8c98-c7ed3576de5c<-efb933de-cdd8-4d8d-88d2-4c7ffe0dec1a#0:FAIL-t377, 5c3956af-60d3-411f-8c98-c7ed3576de5c<-9d88716d-5d6b-4fd8-b832-a110dc45ee66#0:FAIL-t377] and 0 exception(s); 5c3956af-60d3-411f-8c98-c7ed3576de5c@group-EE856C9543A1:t377, leader=null, voted=5c3956af-60d3-411f-8c98-c7ed3576de5c, raftlog=5c3956af-60d3-411f-8c98-c7ed3576de5c@group-EE856C9543A1-SegmentedRaftLog:OPENED:c-1,f-1,i0, conf=-1: [5c3956af-60d3-411f-8c98-c7ed3576de5c:192.168.34.38:33787, efb933de-cdd8-4d8d-88d2-4c7ffe0dec1a:192.168.34.38:42459, 9d88716d-5d6b-4fd8-b832-a110dc45ee66:192.168.34.38:38211], old=null
2019-10-16 21:53:38,373 [5c3956af-60d3-411f-8c98-c7ed3576de5c@group-EE856C9543A1-LeaderElection343] INFO  impl.RaftServerImpl (RaftServerImpl.java:setRole(184)) - 5c3956af-60d3-411f-8c98-c7ed3576de5c@group-EE856C9543A1: changes role from CANDIDATE to FOLLOWER at term 377 for DISCOVERED_A_NEW_TERM
2019-10-16 21:53:38,373 [5c3956af-60d3-411f-8c98-c7ed3576de5c@group-EE856C9543A1-LeaderElection343] INFO  impl.RoleInfo (RoleInfo.java:shutdownLeaderElection(134)) - 5c3956af-60d3-411f-8c98-c7ed3576de5c: shutdown LeaderElection
2019-10-16 21:53:38,373 [5c3956af-60d3-411f-8c98-c7ed3576de5c@group-EE856C9543A1-LeaderElection343] INFO  impl.RoleInfo (RoleInfo.java:updateAndGet(143)) - 5c3956af-60d3-411f-8c98-c7ed3576de5c: start FollowerState
2019-10-16 21:53:38,471 [Thread-2501] INFO  impl.FollowerState (FollowerState.java:run(108)) - 5c3956af-60d3-411f-8c98-c7ed3576de5c@group-EE856C9543A1-FollowerState: change to CANDIDATE, lastRpcTime:98ms, electionTimeout:98ms
2019-10-16 21:53:38,471 [Thread-2501] INFO  impl.RoleInfo (RoleInfo.java:shutdownFollowerState(121)) - 5c3956af-60d3-411f-8c98-c7ed3576de5c: shutdown FollowerState
2019-10-16 21:53:38,472 [Thread-2501] INFO  impl.RaftServerImpl (RaftServerImpl.java:setRole(184)) - 5c3956af-60d3-411f-8c98-c7ed3576de5c@group-EE856C9543A1: changes role from  FOLLOWER to CANDIDATE at term 377 for changeToCandidate
2019-10-16 21:53:38,472 [Thread-2501] INFO  impl.RoleInfo (RoleInfo.java:updateAndGet(143)) - 5c3956af-60d3-411f-8c98-c7ed3576de5c: start LeaderElection
2019-10-16 21:53:38,486 [5c3956af-60d3-411f-8c98-c7ed3576de5c@group-EE856C9543A1-LeaderElection344] INFO  impl.LeaderElection (LeaderElection.java:askForVotes(178)) - 5c3956af-60d3-411f-8c98-c7ed3576de5c@group-EE856C9543A1-LeaderElection344: begin an election at term 378 for -1: [5c3956af-60d3-411f-8c98-c7ed3576de5c:192.168.34.38:33787, efb933de-cdd8-4d8d-88d2-4c7ffe0dec1a:192.168.34.38:42459, 9d88716d-5d6b-4fd8-b832-a110dc45ee66:192.168.34.38:38211], old=null
2019-10-16 21:53:38,487 [grpc-default-executor-1] INFO  impl.RaftServerImpl (RaftServerImpl.java:setRole(184)) - efb933de-cdd8-4d8d-88d2-4c7ffe0dec1a@group-EE856C9543A1: changes role from  FOLLOWER to FOLLOWER at term 378 for recognizeCandidate:5c3956af-60d3-411f-8c98-c7ed3576de5c
2019-10-16 21:53:38,488 [grpc-default-executor-1] INFO  impl.RoleInfo (RoleInfo.java:shutdownFollowerState(121)) - efb933de-cdd8-4d8d-88d2-4c7ffe0dec1a: shutdown FollowerState
2019-10-16 21:53:38,488 [grpc-default-executor-5] INFO  impl.RaftServerImpl (RaftServerImpl.java:setRole(184)) - 9d88716d-5d6b-4fd8-b832-a110dc45ee66@group-EE856C9543A1: changes role from  FOLLOWER to FOLLOWER at term 378 for recognizeCandidate:5c3956af-60d3-411f-8c98-c7ed3576de5c
2019-10-16 21:53:38,488 [Thread-2499] INFO  impl.FollowerState (FollowerState.java:run(117)) - efb933de-cdd8-4d8d-88d2-4c7ffe0dec1a@group-EE856C9543A1-FollowerState was interrupted: java.lang.InterruptedException: sleep interrupted
2019-10-16 21:53:38,488 [grpc-default-executor-1] INFO  impl.RoleInfo (RoleInfo.java:updateAndGet(143)) - efb933de-cdd8-4d8d-88d2-4c7ffe0dec1a: start FollowerState
2019-10-16 21:53:38,488 [grpc-default-executor-5] INFO  impl.RoleInfo (RoleInfo.java:shutdownFollowerState(121)) - 9d88716d-5d6b-4fd8-b832-a110dc45ee66: shutdown FollowerState
2019-10-16 21:53:38,488 [grpc-default-executor-5] INFO  impl.RoleInfo (RoleInfo.java:updateAndGet(143)) - 9d88716d-5d6b-4fd8-b832-a110dc45ee66: start FollowerState
2019-10-16 21:53:38,489 [Thread-2500] INFO  impl.FollowerState (FollowerState.java:run(117)) - 9d88716d-5d6b-4fd8-b832-a110dc45ee66@group-EE856C9543A1-FollowerState was interrupted: java.lang.InterruptedException: sleep interrupted
2019-10-16 21:53:38,503 [5c3956af-60d3-411f-8c98-c7ed3576de5c@group-EE856C9543A1-LeaderElection344] INFO  impl.LeaderElection (LeaderElection.java:logAndReturn(56)) - 5c3956af-60d3-411f-8c98-c7ed3576de5c@group-EE856C9543A1-LeaderElection344: Election REJECTED; received 2 response(s) [5c3956af-60d3-411f-8c98-c7ed3576de5c<-efb933de-cdd8-4d8d-88d2-4c7ffe0dec1a#0:FAIL-t378, 5c3956af-60d3-411f-8c98-c7ed3576de5c<-9d88716d-5d6b-4fd8-b832-a110dc45ee66#0:FAIL-t378] and 0 exception(s); 5c3956af-60d3-411f-8c98-c7ed3576de5c@group-EE856C9543A1:t378, leader=null, voted=5c3956af-60d3-411f-8c98-c7ed3576de5c, raftlog=5c3956af-60d3-411f-8c98-c7ed3576de5c@group-EE856C9543A1-SegmentedRaftLog:OPENED:c-1,f-1,i0, conf=-1: [5c3956af-60d3-411f-8c98-c7ed3576de5c:192.168.34.38:33787, efb933de-cdd8-4d8d-88d2-4c7ffe0dec1a:192.168.34.38:42459, 9d88716d-5d6b-4fd8-b832-a110dc45ee66:192.168.34.38:38211], old=null
2019-10-16 21:53:38,503 [5c3956af-60d3-411f-8c98-c7ed3576de5c@group-EE856C9543A1-LeaderElection344] INFO  impl.RaftServerImpl (RaftServerImpl.java:setRole(184)) - 5c3956af-60d3-411f-8c98-c7ed3576de5c@group-EE856C9543A1: changes role from CANDIDATE to FOLLOWER at term 378 for DISCOVERED_A_NEW_TERM
2019-10-16 21:53:38,503 [5c3956af-60d3-411f-8c98-c7ed3576de5c@group-EE856C9543A1-LeaderElection344] INFO  impl.RoleInfo (RoleInfo.java:shutdownLeaderElection(134)) - 5c3956af-60d3-411f-8c98-c7ed3576de5c: shutdown LeaderElection
2019-10-16 21:53:38,503 [5c3956af-60d3-411f-8c98-c7ed3576de5c@group-EE856C9543A1-LeaderElection344] INFO  impl.RoleInfo (RoleInfo.java:updateAndGet(143)) - 5c3956af-60d3-411f-8c98-c7ed3576de5c: start FollowerState
2019-10-16 21:53:38,648 [Thread-2507] INFO  impl.FollowerState (FollowerState.java:run(108)) - 5c3956af-60d3-411f-8c98-c7ed3576de5c@group-EE856C9543A1-FollowerState: change to CANDIDATE, lastRpcTime:144ms, electionTimeout:144ms
2019-10-16 21:53:38,648 [Thread-2507] INFO  impl.RoleInfo (RoleInfo.java:shutdownFollowerState(121)) - 5c3956af-60d3-411f-8c98-c7ed3576de5c: shutdown FollowerState
2019-10-16 21:53:38,648 [Thread-2507] INFO  impl.RaftServerImpl (RaftServerImpl.java:setRole(184)) - 5c3956af-60d3-411f-8c98-c7ed3576de5c@group-EE856C9543A1: changes role from  FOLLOWER to CANDIDATE at term 378 for changeToCandidate
2019-10-16 21:53:38,648 [Thread-2507] INFO  impl.RoleInfo (RoleInfo.java:updateAndGet(143)) - 5c3956af-60d3-411f-8c98-c7ed3576de5c: start LeaderElection
2019-10-16 21:53:38,651 [JUnit] INFO  ozone.MiniOzoneClusterImpl (MiniOzoneClusterImpl.java:lambda$waitForClusterToBeReady$2(164)) - Waiting for 1 number of pipelines out of 6, to report a leader.
2019-10-16 21:53:38,664 [5c3956af-60d3-411f-8c98-c7ed3576de5c@group-EE856C9543A1-LeaderElection345] INFO  impl.LeaderElection (LeaderElection.java:askForVotes(178)) - 5c3956af-60d3-411f-8c98-c7ed3576de5c@group-EE856C9543A1-LeaderElection345: begin an election at term 379 for -1: [5c3956af-60d3-411f-8c98-c7ed3576de5c:192.168.34.38:33787, efb933de-cdd8-4d8d-88d2-4c7ffe0dec1a:192.168.34.38:42459, 9d88716d-5d6b-4fd8-b832-a110dc45ee66:192.168.34.38:38211], old=null
2019-10-16 21:53:38,666 [grpc-default-executor-5] INFO  impl.RaftServerImpl (RaftServerImpl.java:setRole(184)) - 9d88716d-5d6b-4fd8-b832-a110dc45ee66@group-EE856C9543A1: changes role from  FOLLOWER to FOLLOWER at term 379 for recognizeCandidate:5c3956af-60d3-411f-8c98-c7ed3576de5c
2019-10-16 21:53:38,666 [grpc-default-executor-5] INFO  impl.RoleInfo (RoleInfo.java:shutdownFollowerState(121)) - 9d88716d-5d6b-4fd8-b832-a110dc45ee66: shutdown FollowerState
2019-10-16 21:53:38,666 [grpc-default-executor-1] INFO  impl.RaftServerImpl (RaftServerImpl.java:setRole(184)) - efb933de-cdd8-4d8d-88d2-4c7ffe0dec1a@group-EE856C9543A1: changes role from  FOLLOWER to FOLLOWER at term 379 for recognizeCandidate:5c3956af-60d3-411f-8c98-c7ed3576de5c
2019-10-16 21:53:38,666 [Thread-2506] INFO  impl.FollowerState (FollowerState.java:run(117)) - 9d88716d-5d6b-4fd8-b832-a110dc45ee66@group-EE856C9543A1-FollowerState was interrupted: java.lang.InterruptedException: sleep interrupted
2019-10-16 21:53:38,666 [grpc-default-executor-5] INFO  impl.RoleInfo (RoleInfo.java:updateAndGet(143)) - 9d88716d-5d6b-4fd8-b832-a110dc45ee66: start FollowerState
2019-10-16 21:53:38,667 [grpc-default-executor-1] INFO  impl.RoleInfo (RoleInfo.java:shutdownFollowerState(121)) - efb933de-cdd8-4d8d-88d2-4c7ffe0dec1a: shutdown FollowerState
2019-10-16 21:53:38,667 [grpc-default-executor-1] INFO  impl.RoleInfo (RoleInfo.java:updateAndGet(143)) - efb933de-cdd8-4d8d-88d2-4c7ffe0dec1a: start FollowerState
2019-10-16 21:53:38,667 [Thread-2505] INFO  impl.FollowerState (FollowerState.java:run(117)) - efb933de-cdd8-4d8d-88d2-4c7ffe0dec1a@group-EE856C9543A1-FollowerState was interrupted: java.lang.InterruptedException: sleep interrupted
2019-10-16 21:53:38,681 [5c3956af-60d3-411f-8c98-c7ed3576de5c@group-EE856C9543A1-LeaderElection345] INFO  impl.LeaderElection (LeaderElection.java:logAndReturn(56)) - 5c3956af-60d3-411f-8c98-c7ed3576de5c@group-EE856C9543A1-LeaderElection345: Election REJECTED; received 2 response(s) [5c3956af-60d3-411f-8c98-c7ed3576de5c<-efb933de-cdd8-4d8d-88d2-4c7ffe0dec1a#0:FAIL-t379, 5c3956af-60d3-411f-8c98-c7ed3576de5c<-9d88716d-5d6b-4fd8-b832-a110dc45ee66#0:FAIL-t379] and 0 exception(s); 5c3956af-60d3-411f-8c98-c7ed3576de5c@group-EE856C9543A1:t379, leader=null, voted=5c3956af-60d3-411f-8c98-c7ed3576de5c, raftlog=5c3956af-60d3-411f-8c98-c7ed3576de5c@group-EE856C9543A1-SegmentedRaftLog:OPENED:c-1,f-1,i0, conf=-1: [5c3956af-60d3-411f-8c98-c7ed3576de5c:192.168.34.38:33787, efb933de-cdd8-4d8d-88d2-4c7ffe0dec1a:192.168.34.38:42459, 9d88716d-5d6b-4fd8-b832-a110dc45ee66:192.168.34.38:38211], old=null
2019-10-16 21:53:38,681 [5c3956af-60d3-411f-8c98-c7ed3576de5c@group-EE856C9543A1-LeaderElection345] INFO  impl.RaftServerImpl (RaftServerImpl.java:setRole(184)) - 5c3956af-60d3-411f-8c98-c7ed3576de5c@group-EE856C9543A1: changes role from CANDIDATE to FOLLOWER at term 379 for DISCOVERED_A_NEW_TERM
2019-10-16 21:53:38,681 [5c3956af-60d3-411f-8c98-c7ed3576de5c@group-EE856C9543A1-LeaderElection345] INFO  impl.RoleInfo (RoleInfo.java:shutdownLeaderElection(134)) - 5c3956af-60d3-411f-8c98-c7ed3576de5c: shutdown LeaderElection
2019-10-16 21:53:38,682 [5c3956af-60d3-411f-8c98-c7ed3576de5c@group-EE856C9543A1-LeaderElection345] INFO  impl.RoleInfo (RoleInfo.java:updateAndGet(143)) - 5c3956af-60d3-411f-8c98-c7ed3576de5c: start FollowerState
2019-10-16 21:53:38,771 [Thread-2513] INFO  impl.FollowerState (FollowerState.java:run(108)) - 5c3956af-60d3-411f-8c98-c7ed3576de5c@group-EE856C9543A1-FollowerState: change to CANDIDATE, lastRpcTime:89ms, electionTimeout:89ms
2019-10-16 21:53:38,771 [Thread-2513] INFO  impl.RoleInfo (RoleInfo.java:shutdownFollowerState(121)) - 5c3956af-60d3-411f-8c98-c7ed3576de5c: shutdown FollowerState
2019-10-16 21:53:38,771 [Thread-2513] INFO  impl.RaftServerImpl (RaftServerImpl.java:setRole(184)) - 5c3956af-60d3-411f-8c98-c7ed3576de5c@group-EE856C9543A1: changes role from  FOLLOWER to CANDIDATE at term 379 for changeToCandidate
2019-10-16 21:53:38,771 [Thread-2513] INFO  impl.RoleInfo (RoleInfo.java:updateAndGet(143)) - 5c3956af-60d3-411f-8c98-c7ed3576de5c: start LeaderElection
2019-10-16 21:53:38,785 [5c3956af-60d3-411f-8c98-c7ed3576de5c@group-EE856C9543A1-LeaderElection346] INFO  impl.LeaderElection (LeaderElection.java:askForVotes(178)) - 5c3956af-60d3-411f-8c98-c7ed3576de5c@group-EE856C9543A1-LeaderElection346: begin an election at term 380 for -1: [5c3956af-60d3-411f-8c98-c7ed3576de5c:192.168.34.38:33787, efb933de-cdd8-4d8d-88d2-4c7ffe0dec1a:192.168.34.38:42459, 9d88716d-5d6b-4fd8-b832-a110dc45ee66:192.168.34.38:38211], old=null
2019-10-16 21:53:38,787 [grpc-default-executor-5] INFO  impl.RaftServerImpl (RaftServerImpl.java:setRole(184)) - efb933de-cdd8-4d8d-88d2-4c7ffe0dec1a@group-EE856C9543A1: changes role from  FOLLOWER to FOLLOWER at term 380 for recognizeCandidate:5c3956af-60d3-411f-8c98-c7ed3576de5c
2019-10-16 21:53:38,787 [grpc-default-executor-1] INFO  impl.RaftServerImpl (RaftServerImpl.java:setRole(184)) - 9d88716d-5d6b-4fd8-b832-a110dc45ee66@group-EE856C9543A1: changes role from  FOLLOWER to FOLLOWER at term 380 for recognizeCandidate:5c3956af-60d3-411f-8c98-c7ed3576de5c
2019-10-16 21:53:38,787 [grpc-default-executor-5] INFO  impl.RoleInfo (RoleInfo.java:shutdownFollowerState(121)) - efb933de-cdd8-4d8d-88d2-4c7ffe0dec1a: shutdown FollowerState
2019-10-16 21:53:38,787 [grpc-default-executor-1] INFO  impl.RoleInfo (RoleInfo.java:shutdownFollowerState(121)) - 9d88716d-5d6b-4fd8-b832-a110dc45ee66: shutdown FollowerState
2019-10-16 21:53:38,788 [Thread-2512] INFO  impl.FollowerState (FollowerState.java:run(117)) - efb933de-cdd8-4d8d-88d2-4c7ffe0dec1a@group-EE856C9543A1-FollowerState was interrupted: java.lang.InterruptedException: sleep interrupted
2019-10-16 21:53:38,788 [Thread-2511] INFO  impl.FollowerState (FollowerState.java:run(117)) - 9d88716d-5d6b-4fd8-b832-a110dc45ee66@group-EE856C9543A1-FollowerState was interrupted: java.lang.InterruptedException: sleep interrupted
2019-10-16 21:53:38,787 [grpc-default-executor-5] INFO  impl.RoleInfo (RoleInfo.java:updateAndGet(143)) - efb933de-cdd8-4d8d-88d2-4c7ffe0dec1a: start FollowerState
2019-10-16 21:53:38,788 [grpc-default-executor-1] INFO  impl.RoleInfo (RoleInfo.java:updateAndGet(143)) - 9d88716d-5d6b-4fd8-b832-a110dc45ee66: start FollowerState
2019-10-16 21:53:38,802 [5c3956af-60d3-411f-8c98-c7ed3576de5c@group-EE856C9543A1-LeaderElection346] INFO  impl.LeaderElection (LeaderElection.java:logAndReturn(56)) - 5c3956af-60d3-411f-8c98-c7ed3576de5c@group-EE856C9543A1-LeaderElection346: Election REJECTED; received 2 response(s) [5c3956af-60d3-411f-8c98-c7ed3576de5c<-efb933de-cdd8-4d8d-88d2-4c7ffe0dec1a#0:FAIL-t380, 5c3956af-60d3-411f-8c98-c7ed3576de5c<-9d88716d-5d6b-4fd8-b832-a110dc45ee66#0:FAIL-t380] and 0 exception(s); 5c3956af-60d3-411f-8c98-c7ed3576de5c@group-EE856C9543A1:t380, leader=null, voted=5c3956af-60d3-411f-8c98-c7ed3576de5c, raftlog=5c3956af-60d3-411f-8c98-c7ed3576de5c@group-EE856C9543A1-SegmentedRaftLog:OPENED:c-1,f-1,i0, conf=-1: [5c3956af-60d3-411f-8c98-c7ed3576de5c:192.168.34.38:33787, efb933de-cdd8-4d8d-88d2-4c7ffe0dec1a:192.168.34.38:42459, 9d88716d-5d6b-4fd8-b832-a110dc45ee66:192.168.34.38:38211], old=null
2019-10-16 21:53:38,802 [5c3956af-60d3-411f-8c98-c7ed3576de5c@group-EE856C9543A1-LeaderElection346] INFO  impl.RaftServerImpl (RaftServerImpl.java:setRole(184)) - 5c3956af-60d3-411f-8c98-c7ed3576de5c@group-EE856C9543A1: changes role from CANDIDATE to FOLLOWER at term 380 for DISCOVERED_A_NEW_TERM
2019-10-16 21:53:38,802 [5c3956af-60d3-411f-8c98-c7ed3576de5c@group-EE856C9543A1-LeaderElection346] INFO  impl.RoleInfo (RoleInfo.java:shutdownLeaderElection(134)) - 5c3956af-60d3-411f-8c98-c7ed3576de5c: shutdown LeaderElection
2019-10-16 21:53:38,802 [5c3956af-60d3-411f-8c98-c7ed3576de5c@group-EE856C9543A1-LeaderElection346] INFO  impl.RoleInfo (RoleInfo.java:updateAndGet(143)) - 5c3956af-60d3-411f-8c98-c7ed3576de5c: start FollowerState
2019-10-16 21:53:38,858 [Thread-2519] INFO  impl.FollowerState (FollowerState.java:run(108)) - 5c3956af-60d3-411f-8c98-c7ed3576de5c@group-EE856C9543A1-FollowerState: change to CANDIDATE, lastRpcTime:55ms, electionTimeout:55ms
2019-10-16 21:53:38,858 [Thread-2519] INFO  impl.RoleInfo (RoleInfo.java:shutdownFollowerState(121)) - 5c3956af-60d3-411f-8c98-c7ed3576de5c: shutdown FollowerState
2019-10-16 21:53:38,858 [Thread-2519] INFO  impl.RaftServerImpl (RaftServerImpl.java:setRole(184)) - 5c3956af-60d3-411f-8c98-c7ed3576de5c@group-EE856C9543A1: changes role from  FOLLOWER to CANDIDATE at term 380 for changeToCandidate
2019-10-16 21:53:38,858 [Thread-2519] INFO  impl.RoleInfo (RoleInfo.java:updateAndGet(143)) - 5c3956af-60d3-411f-8c98-c7ed3576de5c: start LeaderElection
2019-10-16 21:53:38,872 [5c3956af-60d3-411f-8c98-c7ed3576de5c@group-EE856C9543A1-LeaderElection347] INFO  impl.LeaderElection (LeaderElection.java:askForVotes(178)) - 5c3956af-60d3-411f-8c98-c7ed3576de5c@group-EE856C9543A1-LeaderElection347: begin an election at term 381 for -1: [5c3956af-60d3-411f-8c98-c7ed3576de5c:192.168.34.38:33787, efb933de-cdd8-4d8d-88d2-4c7ffe0dec1a:192.168.34.38:42459, 9d88716d-5d6b-4fd8-b832-a110dc45ee66:192.168.34.38:38211], old=null
2019-10-16 21:53:38,874 [grpc-default-executor-5] INFO  impl.RaftServerImpl (RaftServerImpl.java:setRole(184)) - efb933de-cdd8-4d8d-88d2-4c7ffe0dec1a@group-EE856C9543A1: changes role from  FOLLOWER to FOLLOWER at term 381 for recognizeCandidate:5c3956af-60d3-411f-8c98-c7ed3576de5c
2019-10-16 21:53:38,874 [grpc-default-executor-5] INFO  impl.RoleInfo (RoleInfo.java:shutdownFollowerState(121)) - efb933de-cdd8-4d8d-88d2-4c7ffe0dec1a: shutdown FollowerState
2019-10-16 21:53:38,874 [grpc-default-executor-1] INFO  impl.RaftServerImpl (RaftServerImpl.java:setRole(184)) - 9d88716d-5d6b-4fd8-b832-a110dc45ee66@group-EE856C9543A1: changes role from  FOLLOWER to FOLLOWER at term 381 for recognizeCandidate:5c3956af-60d3-411f-8c98-c7ed3576de5c
2019-10-16 21:53:38,874 [Thread-2517] INFO  impl.FollowerState (FollowerState.java:run(117)) - efb933de-cdd8-4d8d-88d2-4c7ffe0dec1a@group-EE856C9543A1-FollowerState was interrupted: java.lang.InterruptedException: sleep interrupted
2019-10-16 21:53:38,874 [grpc-default-executor-5] INFO  impl.RoleInfo (RoleInfo.java:updateAndGet(143)) - efb933de-cdd8-4d8d-88d2-4c7ffe0dec1a: start FollowerState
2019-10-16 21:53:38,874 [grpc-default-executor-1] INFO  impl.RoleInfo (RoleInfo.java:shutdownFollowerState(121)) - 9d88716d-5d6b-4fd8-b832-a110dc45ee66: shutdown FollowerState
2019-10-16 21:53:38,875 [Thread-2518] INFO  impl.FollowerState (FollowerState.java:run(117)) - 9d88716d-5d6b-4fd8-b832-a110dc45ee66@group-EE856C9543A1-FollowerState was interrupted: java.lang.InterruptedException: sleep interrupted
2019-10-16 21:53:38,875 [grpc-default-executor-1] INFO  impl.RoleInfo (RoleInfo.java:updateAndGet(143)) - 9d88716d-5d6b-4fd8-b832-a110dc45ee66: start FollowerState
2019-10-16 21:53:38,892 [5c3956af-60d3-411f-8c98-c7ed3576de5c@group-EE856C9543A1-LeaderElection347] INFO  impl.LeaderElection (LeaderElection.java:logAndReturn(56)) - 5c3956af-60d3-411f-8c98-c7ed3576de5c@group-EE856C9543A1-LeaderElection347: Election REJECTED; received 2 response(s) [5c3956af-60d3-411f-8c98-c7ed3576de5c<-efb933de-cdd8-4d8d-88d2-4c7ffe0dec1a#0:FAIL-t381, 5c3956af-60d3-411f-8c98-c7ed3576de5c<-9d88716d-5d6b-4fd8-b832-a110dc45ee66#0:FAIL-t381] and 0 exception(s); 5c3956af-60d3-411f-8c98-c7ed3576de5c@group-EE856C9543A1:t381, leader=null, voted=5c3956af-60d3-411f-8c98-c7ed3576de5c, raftlog=5c3956af-60d3-411f-8c98-c7ed3576de5c@group-EE856C9543A1-SegmentedRaftLog:OPENED:c-1,f-1,i0, conf=-1: [5c3956af-60d3-411f-8c98-c7ed3576de5c:192.168.34.38:33787, efb933de-cdd8-4d8d-88d2-4c7ffe0dec1a:192.168.34.38:42459, 9d88716d-5d6b-4fd8-b832-a110dc45ee66:192.168.34.38:38211], old=null
2019-10-16 21:53:38,892 [5c3956af-60d3-411f-8c98-c7ed3576de5c@group-EE856C9543A1-LeaderElection347] INFO  impl.RaftServerImpl (RaftServerImpl.java:setRole(184)) - 5c3956af-60d3-411f-8c98-c7ed3576de5c@group-EE856C9543A1: changes role from CANDIDATE to FOLLOWER at term 381 for DISCOVERED_A_NEW_TERM
2019-10-16 21:53:38,892 [5c3956af-60d3-411f-8c98-c7ed3576de5c@group-EE856C9543A1-LeaderElection347] INFO  impl.RoleInfo (RoleInfo.java:shutdownLeaderElection(134)) - 5c3956af-60d3-411f-8c98-c7ed3576de5c: shutdown LeaderElection
2019-10-16 21:53:38,892 [5c3956af-60d3-411f-8c98-c7ed3576de5c@group-EE856C9543A1-LeaderElection347] INFO  impl.RoleInfo (RoleInfo.java:updateAndGet(143)) - 5c3956af-60d3-411f-8c98-c7ed3576de5c: start FollowerState
2019-10-16 21:53:39,072 [Thread-2525] INFO  impl.FollowerState (FollowerState.java:run(108)) - 5c3956af-60d3-411f-8c98-c7ed3576de5c@group-EE856C9543A1-FollowerState: change to CANDIDATE, lastRpcTime:179ms, electionTimeout:179ms
2019-10-16 21:53:39,072 [Thread-2525] INFO  impl.RoleInfo (RoleInfo.java:shutdownFollowerState(121)) - 5c3956af-60d3-411f-8c98-c7ed3576de5c: shutdown FollowerState
2019-10-16 21:53:39,072 [Thread-2525] INFO  impl.RaftServerImpl (RaftServerImpl.java:setRole(184)) - 5c3956af-60d3-411f-8c98-c7ed3576de5c@group-EE856C9543A1: changes role from  FOLLOWER to CANDIDATE at term 381 for changeToCandidate
2019-10-16 21:53:39,072 [Thread-2525] INFO  impl.RoleInfo (RoleInfo.java:updateAndGet(143)) - 5c3956af-60d3-411f-8c98-c7ed3576de5c: start LeaderElection
2019-10-16 21:53:39,086 [5c3956af-60d3-411f-8c98-c7ed3576de5c@group-EE856C9543A1-LeaderElection348] INFO  impl.LeaderElection (LeaderElection.java:askForVotes(178)) - 5c3956af-60d3-411f-8c98-c7ed3576de5c@group-EE856C9543A1-LeaderElection348: begin an election at term 382 for -1: [5c3956af-60d3-411f-8c98-c7ed3576de5c:192.168.34.38:33787, efb933de-cdd8-4d8d-88d2-4c7ffe0dec1a:192.168.34.38:42459, 9d88716d-5d6b-4fd8-b832-a110dc45ee66:192.168.34.38:38211], old=null
2019-10-16 21:53:39,088 [grpc-default-executor-5] INFO  impl.RaftServerImpl (RaftServerImpl.java:setRole(184)) - 9d88716d-5d6b-4fd8-b832-a110dc45ee66@group-EE856C9543A1: changes role from  FOLLOWER to FOLLOWER at term 382 for recognizeCandidate:5c3956af-60d3-411f-8c98-c7ed3576de5c
2019-10-16 21:53:39,088 [grpc-default-executor-5] INFO  impl.RoleInfo (RoleInfo.java:shutdownFollowerState(121)) - 9d88716d-5d6b-4fd8-b832-a110dc45ee66: shutdown FollowerState
2019-10-16 21:53:39,088 [grpc-default-executor-1] INFO  impl.RaftServerImpl (RaftServerImpl.java:setRole(184)) - efb933de-cdd8-4d8d-88d2-4c7ffe0dec1a@group-EE856C9543A1: changes role from  FOLLOWER to FOLLOWER at term 382 for recognizeCandidate:5c3956af-60d3-411f-8c98-c7ed3576de5c
2019-10-16 21:53:39,089 [grpc-default-executor-1] INFO  impl.RoleInfo (RoleInfo.java:shutdownFollowerState(121)) - efb933de-cdd8-4d8d-88d2-4c7ffe0dec1a: shutdown FollowerState
2019-10-16 21:53:39,089 [Thread-2524] INFO  impl.FollowerState (FollowerState.java:run(117)) - 9d88716d-5d6b-4fd8-b832-a110dc45ee66@group-EE856C9543A1-FollowerState was interrupted: java.lang.InterruptedException: sleep interrupted
2019-10-16 21:53:39,089 [grpc-default-executor-5] INFO  impl.RoleInfo (RoleInfo.java:updateAndGet(143)) - 9d88716d-5d6b-4fd8-b832-a110dc45ee66: start FollowerState
2019-10-16 21:53:39,089 [Thread-2523] INFO  impl.FollowerState (FollowerState.java:run(117)) - efb933de-cdd8-4d8d-88d2-4c7ffe0dec1a@group-EE856C9543A1-FollowerState was interrupted: java.lang.InterruptedException: sleep interrupted
2019-10-16 21:53:39,089 [grpc-default-executor-1] INFO  impl.RoleInfo (RoleInfo.java:updateAndGet(143)) - efb933de-cdd8-4d8d-88d2-4c7ffe0dec1a: start FollowerState
2019-10-16 21:53:39,104 [5c3956af-60d3-411f-8c98-c7ed3576de5c@group-EE856C9543A1-LeaderElection348] INFO  impl.LeaderElection (LeaderElection.java:logAndReturn(56)) - 5c3956af-60d3-411f-8c98-c7ed3576de5c@group-EE856C9543A1-LeaderElection348: Election REJECTED; received 2 response(s) [5c3956af-60d3-411f-8c98-c7ed3576de5c<-efb933de-cdd8-4d8d-88d2-4c7ffe0dec1a#0:FAIL-t382, 5c3956af-60d3-411f-8c98-c7ed3576de5c<-9d88716d-5d6b-4fd8-b832-a110dc45ee66#0:FAIL-t382] and 0 exception(s); 5c3956af-60d3-411f-8c98-c7ed3576de5c@group-EE856C9543A1:t382, leader=null, voted=5c3956af-60d3-411f-8c98-c7ed3576de5c, raftlog=5c3956af-60d3-411f-8c98-c7ed3576de5c@group-EE856C9543A1-SegmentedRaftLog:OPENED:c-1,f-1,i0, conf=-1: [5c3956af-60d3-411f-8c98-c7ed3576de5c:192.168.34.38:33787, efb933de-cdd8-4d8d-88d2-4c7ffe0dec1a:192.168.34.38:42459, 9d88716d-5d6b-4fd8-b832-a110dc45ee66:192.168.34.38:38211], old=null
2019-10-16 21:53:39,104 [5c3956af-60d3-411f-8c98-c7ed3576de5c@group-EE856C9543A1-LeaderElection348] INFO  impl.RaftServerImpl (RaftServerImpl.java:setRole(184)) - 5c3956af-60d3-411f-8c98-c7ed3576de5c@group-EE856C9543A1: changes role from CANDIDATE to FOLLOWER at term 382 for DISCOVERED_A_NEW_TERM
2019-10-16 21:53:39,104 [5c3956af-60d3-411f-8c98-c7ed3576de5c@group-EE856C9543A1-LeaderElection348] INFO  impl.RoleInfo (RoleInfo.java:shutdownLeaderElection(134)) - 5c3956af-60d3-411f-8c98-c7ed3576de5c: shutdown LeaderElection
2019-10-16 21:53:39,104 [5c3956af-60d3-411f-8c98-c7ed3576de5c@group-EE856C9543A1-LeaderElection348] INFO  impl.RoleInfo (RoleInfo.java:updateAndGet(143)) - 5c3956af-60d3-411f-8c98-c7ed3576de5c: start FollowerState
2019-10-16 21:53:39,300 [Thread-2531] INFO  impl.FollowerState (FollowerState.java:run(108)) - 5c3956af-60d3-411f-8c98-c7ed3576de5c@group-EE856C9543A1-FollowerState: change to CANDIDATE, lastRpcTime:195ms, electionTimeout:195ms
2019-10-16 21:53:39,300 [Thread-2531] INFO  impl.RoleInfo (RoleInfo.java:shutdownFollowerState(121)) - 5c3956af-60d3-411f-8c98-c7ed3576de5c: shutdown FollowerState
2019-10-16 21:53:39,300 [Thread-2531] INFO  impl.RaftServerImpl (RaftServerImpl.java:setRole(184)) - 5c3956af-60d3-411f-8c98-c7ed3576de5c@group-EE856C9543A1: changes role from  FOLLOWER to CANDIDATE at term 382 for changeToCandidate
2019-10-16 21:53:39,300 [Thread-2531] INFO  impl.RoleInfo (RoleInfo.java:updateAndGet(143)) - 5c3956af-60d3-411f-8c98-c7ed3576de5c: start LeaderElection
2019-10-16 21:53:39,313 [5c3956af-60d3-411f-8c98-c7ed3576de5c@group-EE856C9543A1-LeaderElection349] INFO  impl.LeaderElection (LeaderElection.java:askForVotes(178)) - 5c3956af-60d3-411f-8c98-c7ed3576de5c@group-EE856C9543A1-LeaderElection349: begin an election at term 383 for -1: [5c3956af-60d3-411f-8c98-c7ed3576de5c:192.168.34.38:33787, efb933de-cdd8-4d8d-88d2-4c7ffe0dec1a:192.168.34.38:42459, 9d88716d-5d6b-4fd8-b832-a110dc45ee66:192.168.34.38:38211], old=null
2019-10-16 21:53:39,315 [grpc-default-executor-5] INFO  impl.RaftServerImpl (RaftServerImpl.java:setRole(184)) - efb933de-cdd8-4d8d-88d2-4c7ffe0dec1a@group-EE856C9543A1: changes role from  FOLLOWER to FOLLOWER at term 383 for recognizeCandidate:5c3956af-60d3-411f-8c98-c7ed3576de5c
2019-10-16 21:53:39,315 [grpc-default-executor-5] INFO  impl.RoleInfo (RoleInfo.java:shutdownFollowerState(121)) - efb933de-cdd8-4d8d-88d2-4c7ffe0dec1a: shutdown FollowerState
2019-10-16 21:53:39,315 [grpc-default-executor-1] INFO  impl.RaftServerImpl (RaftServerImpl.java:setRole(184)) - 9d88716d-5d6b-4fd8-b832-a110dc45ee66@group-EE856C9543A1: changes role from  FOLLOWER to FOLLOWER at term 383 for recognizeCandidate:5c3956af-60d3-411f-8c98-c7ed3576de5c
2019-10-16 21:53:39,315 [Thread-2530] INFO  impl.FollowerState (FollowerState.java:run(117)) - efb933de-cdd8-4d8d-88d2-4c7ffe0dec1a@group-EE856C9543A1-FollowerState was interrupted: java.lang.InterruptedException: sleep interrupted
2019-10-16 21:53:39,315 [grpc-default-executor-5] INFO  impl.RoleInfo (RoleInfo.java:updateAndGet(143)) - efb933de-cdd8-4d8d-88d2-4c7ffe0dec1a: start FollowerState
2019-10-16 21:53:39,316 [grpc-default-executor-1] INFO  impl.RoleInfo (RoleInfo.java:shutdownFollowerState(121)) - 9d88716d-5d6b-4fd8-b832-a110dc45ee66: shutdown FollowerState
2019-10-16 21:53:39,316 [grpc-default-executor-1] INFO  impl.RoleInfo (RoleInfo.java:updateAndGet(143)) - 9d88716d-5d6b-4fd8-b832-a110dc45ee66: start FollowerState
2019-10-16 21:53:39,316 [Thread-2529] INFO  impl.FollowerState (FollowerState.java:run(117)) - 9d88716d-5d6b-4fd8-b832-a110dc45ee66@group-EE856C9543A1-FollowerState was interrupted: java.lang.InterruptedException: sleep interrupted
2019-10-16 21:53:39,330 [5c3956af-60d3-411f-8c98-c7ed3576de5c@group-EE856C9543A1-LeaderElection349] INFO  impl.LeaderElection (LeaderElection.java:logAndReturn(56)) - 5c3956af-60d3-411f-8c98-c7ed3576de5c@group-EE856C9543A1-LeaderElection349: Election REJECTED; received 2 response(s) [5c3956af-60d3-411f-8c98-c7ed3576de5c<-efb933de-cdd8-4d8d-88d2-4c7ffe0dec1a#0:FAIL-t383, 5c3956af-60d3-411f-8c98-c7ed3576de5c<-9d88716d-5d6b-4fd8-b832-a110dc45ee66#0:FAIL-t383] and 0 exception(s); 5c3956af-60d3-411f-8c98-c7ed3576de5c@group-EE856C9543A1:t383, leader=null, voted=5c3956af-60d3-411f-8c98-c7ed3576de5c, raftlog=5c3956af-60d3-411f-8c98-c7ed3576de5c@group-EE856C9543A1-SegmentedRaftLog:OPENED:c-1,f-1,i0, conf=-1: [5c3956af-60d3-411f-8c98-c7ed3576de5c:192.168.34.38:33787, efb933de-cdd8-4d8d-88d2-4c7ffe0dec1a:192.168.34.38:42459, 9d88716d-5d6b-4fd8-b832-a110dc45ee66:192.168.34.38:38211], old=null
2019-10-16 21:53:39,330 [5c3956af-60d3-411f-8c98-c7ed3576de5c@group-EE856C9543A1-LeaderElection349] INFO  impl.RaftServerImpl (RaftServerImpl.java:setRole(184)) - 5c3956af-60d3-411f-8c98-c7ed3576de5c@group-EE856C9543A1: changes role from CANDIDATE to FOLLOWER at term 383 for DISCOVERED_A_NEW_TERM
2019-10-16 21:53:39,331 [5c3956af-60d3-411f-8c98-c7ed3576de5c@group-EE856C9543A1-LeaderElection349] INFO  impl.RoleInfo (RoleInfo.java:shutdownLeaderElection(134)) - 5c3956af-60d3-411f-8c98-c7ed3576de5c: shutdown LeaderElection
2019-10-16 21:53:39,331 [5c3956af-60d3-411f-8c98-c7ed3576de5c@group-EE856C9543A1-LeaderElection349] INFO  impl.RoleInfo (RoleInfo.java:updateAndGet(143)) - 5c3956af-60d3-411f-8c98-c7ed3576de5c: start FollowerState
2019-10-16 21:53:39,472 [Thread-2537] INFO  impl.FollowerState (FollowerState.java:run(108)) - 5c3956af-60d3-411f-8c98-c7ed3576de5c@group-EE856C9543A1-FollowerState: change to CANDIDATE, lastRpcTime:141ms, electionTimeout:141ms
2019-10-16 21:53:39,472 [Thread-2537] INFO  impl.RoleInfo (RoleInfo.java:shutdownFollowerState(121)) - 5c3956af-60d3-411f-8c98-c7ed3576de5c: shutdown FollowerState
2019-10-16 21:53:39,472 [Thread-2537] INFO  impl.RaftServerImpl (RaftServerImpl.java:setRole(184)) - 5c3956af-60d3-411f-8c98-c7ed3576de5c@group-EE856C9543A1: changes role from  FOLLOWER to CANDIDATE at term 383 for changeToCandidate
2019-10-16 21:53:39,472 [Thread-2537] INFO  impl.RoleInfo (RoleInfo.java:updateAndGet(143)) - 5c3956af-60d3-411f-8c98-c7ed3576de5c: start LeaderElection
2019-10-16 21:53:39,486 [5c3956af-60d3-411f-8c98-c7ed3576de5c@group-EE856C9543A1-LeaderElection350] INFO  impl.LeaderElection (LeaderElection.java:askForVotes(178)) - 5c3956af-60d3-411f-8c98-c7ed3576de5c@group-EE856C9543A1-LeaderElection350: begin an election at term 384 for -1: [5c3956af-60d3-411f-8c98-c7ed3576de5c:192.168.34.38:33787, efb933de-cdd8-4d8d-88d2-4c7ffe0dec1a:192.168.34.38:42459, 9d88716d-5d6b-4fd8-b832-a110dc45ee66:192.168.34.38:38211], old=null
2019-10-16 21:53:39,487 [grpc-default-executor-5] INFO  impl.RaftServerImpl (RaftServerImpl.java:setRole(184)) - efb933de-cdd8-4d8d-88d2-4c7ffe0dec1a@group-EE856C9543A1: changes role from  FOLLOWER to FOLLOWER at term 384 for recognizeCandidate:5c3956af-60d3-411f-8c98-c7ed3576de5c
2019-10-16 21:53:39,488 [grpc-default-executor-5] INFO  impl.RoleInfo (RoleInfo.java:shutdownFollowerState(121)) - efb933de-cdd8-4d8d-88d2-4c7ffe0dec1a: shutdown FollowerState
2019-10-16 21:53:39,488 [grpc-default-executor-1] INFO  impl.RaftServerImpl (RaftServerImpl.java:setRole(184)) - 9d88716d-5d6b-4fd8-b832-a110dc45ee66@group-EE856C9543A1: changes role from  FOLLOWER to FOLLOWER at term 384 for recognizeCandidate:5c3956af-60d3-411f-8c98-c7ed3576de5c
2019-10-16 21:53:39,488 [Thread-2535] INFO  impl.FollowerState (FollowerState.java:run(117)) - efb933de-cdd8-4d8d-88d2-4c7ffe0dec1a@group-EE856C9543A1-FollowerState was interrupted: java.lang.InterruptedException: sleep interrupted
2019-10-16 21:53:39,488 [grpc-default-executor-5] INFO  impl.RoleInfo (RoleInfo.java:updateAndGet(143)) - efb933de-cdd8-4d8d-88d2-4c7ffe0dec1a: start FollowerState
2019-10-16 21:53:39,488 [grpc-default-executor-1] INFO  impl.RoleInfo (RoleInfo.java:shutdownFollowerState(121)) - 9d88716d-5d6b-4fd8-b832-a110dc45ee66: shutdown FollowerState
2019-10-16 21:53:39,489 [Thread-2536] INFO  impl.FollowerState (FollowerState.java:run(117)) - 9d88716d-5d6b-4fd8-b832-a110dc45ee66@group-EE856C9543A1-FollowerState was interrupted: java.lang.InterruptedException: sleep interrupted
2019-10-16 21:53:39,489 [grpc-default-executor-1] INFO  impl.RoleInfo (RoleInfo.java:updateAndGet(143)) - 9d88716d-5d6b-4fd8-b832-a110dc45ee66: start FollowerState
2019-10-16 21:53:39,502 [5c3956af-60d3-411f-8c98-c7ed3576de5c@group-EE856C9543A1-LeaderElection350] INFO  impl.LeaderElection (LeaderElection.java:logAndReturn(56)) - 5c3956af-60d3-411f-8c98-c7ed3576de5c@group-EE856C9543A1-LeaderElection350: Election REJECTED; received 2 response(s) [5c3956af-60d3-411f-8c98-c7ed3576de5c<-efb933de-cdd8-4d8d-88d2-4c7ffe0dec1a#0:FAIL-t384, 5c3956af-60d3-411f-8c98-c7ed3576de5c<-9d88716d-5d6b-4fd8-b832-a110dc45ee66#0:FAIL-t384] and 0 exception(s); 5c3956af-60d3-411f-8c98-c7ed3576de5c@group-EE856C9543A1:t384, leader=null, voted=5c3956af-60d3-411f-8c98-c7ed3576de5c, raftlog=5c3956af-60d3-411f-8c98-c7ed3576de5c@group-EE856C9543A1-SegmentedRaftLog:OPENED:c-1,f-1,i0, conf=-1: [5c3956af-60d3-411f-8c98-c7ed3576de5c:192.168.34.38:33787, efb933de-cdd8-4d8d-88d2-4c7ffe0dec1a:192.168.34.38:42459, 9d88716d-5d6b-4fd8-b832-a110dc45ee66:192.168.34.38:38211], old=null
2019-10-16 21:53:39,502 [5c3956af-60d3-411f-8c98-c7ed3576de5c@group-EE856C9543A1-LeaderElection350] INFO  impl.RaftServerImpl (RaftServerImpl.java:setRole(184)) - 5c3956af-60d3-411f-8c98-c7ed3576de5c@group-EE856C9543A1: changes role from CANDIDATE to FOLLOWER at term 384 for DISCOVERED_A_NEW_TERM
2019-10-16 21:53:39,502 [5c3956af-60d3-411f-8c98-c7ed3576de5c@group-EE856C9543A1-LeaderElection350] INFO  impl.RoleInfo (RoleInfo.java:shutdownLeaderElection(134)) - 5c3956af-60d3-411f-8c98-c7ed3576de5c: shutdown LeaderElection
2019-10-16 21:53:39,503 [5c3956af-60d3-411f-8c98-c7ed3576de5c@group-EE856C9543A1-LeaderElection350] INFO  impl.RoleInfo (RoleInfo.java:updateAndGet(143)) - 5c3956af-60d3-411f-8c98-c7ed3576de5c: start FollowerState
2019-10-16 21:53:39,653 [JUnit] INFO  ozone.MiniOzoneClusterImpl (MiniOzoneClusterImpl.java:lambda$waitForClusterToBeReady$2(164)) - Waiting for 1 number of pipelines out of 6, to report a leader.
2019-10-16 21:53:39,698 [Thread-2543] INFO  impl.FollowerState (FollowerState.java:run(108)) - 5c3956af-60d3-411f-8c98-c7ed3576de5c@group-EE856C9543A1-FollowerState: change to CANDIDATE, lastRpcTime:195ms, electionTimeout:195ms
2019-10-16 21:53:39,698 [Thread-2543] INFO  impl.RoleInfo (RoleInfo.java:shutdownFollowerState(121)) - 5c3956af-60d3-411f-8c98-c7ed3576de5c: shutdown FollowerState
2019-10-16 21:53:39,698 [Thread-2543] INFO  impl.RaftServerImpl (RaftServerImpl.java:setRole(184)) - 5c3956af-60d3-411f-8c98-c7ed3576de5c@group-EE856C9543A1: changes role from  FOLLOWER to CANDIDATE at term 384 for changeToCandidate
2019-10-16 21:53:39,698 [Thread-2543] INFO  impl.RoleInfo (RoleInfo.java:updateAndGet(143)) - 5c3956af-60d3-411f-8c98-c7ed3576de5c: start LeaderElection
2019-10-16 21:53:39,711 [5c3956af-60d3-411f-8c98-c7ed3576de5c@group-EE856C9543A1-LeaderElection351] INFO  impl.LeaderElection (LeaderElection.java:askForVotes(178)) - 5c3956af-60d3-411f-8c98-c7ed3576de5c@group-EE856C9543A1-LeaderElection351: begin an election at term 385 for -1: [5c3956af-60d3-411f-8c98-c7ed3576de5c:192.168.34.38:33787, efb933de-cdd8-4d8d-88d2-4c7ffe0dec1a:192.168.34.38:42459, 9d88716d-5d6b-4fd8-b832-a110dc45ee66:192.168.34.38:38211], old=null
2019-10-16 21:53:39,713 [grpc-default-executor-5] INFO  impl.RaftServerImpl (RaftServerImpl.java:setRole(184)) - efb933de-cdd8-4d8d-88d2-4c7ffe0dec1a@group-EE856C9543A1: changes role from  FOLLOWER to FOLLOWER at term 385 for recognizeCandidate:5c3956af-60d3-411f-8c98-c7ed3576de5c
2019-10-16 21:53:39,713 [grpc-default-executor-5] INFO  impl.RoleInfo (RoleInfo.java:shutdownFollowerState(121)) - efb933de-cdd8-4d8d-88d2-4c7ffe0dec1a: shutdown FollowerState
2019-10-16 21:53:39,713 [grpc-default-executor-1] INFO  impl.RaftServerImpl (RaftServerImpl.java:setRole(184)) - 9d88716d-5d6b-4fd8-b832-a110dc45ee66@group-EE856C9543A1: changes role from  FOLLOWER to FOLLOWER at term 385 for recognizeCandidate:5c3956af-60d3-411f-8c98-c7ed3576de5c
2019-10-16 21:53:39,714 [grpc-default-executor-1] INFO  impl.RoleInfo (RoleInfo.java:shutdownFollowerState(121)) - 9d88716d-5d6b-4fd8-b832-a110dc45ee66: shutdown FollowerState
2019-10-16 21:53:39,713 [Thread-2541] INFO  impl.FollowerState (FollowerState.java:run(117)) - efb933de-cdd8-4d8d-88d2-4c7ffe0dec1a@group-EE856C9543A1-FollowerState was interrupted: java.lang.InterruptedException: sleep interrupted
2019-10-16 21:53:39,713 [grpc-default-executor-5] INFO  impl.RoleInfo (RoleInfo.java:updateAndGet(143)) - efb933de-cdd8-4d8d-88d2-4c7ffe0dec1a: start FollowerState
2019-10-16 21:53:39,714 [Thread-2542] INFO  impl.FollowerState (FollowerState.java:run(117)) - 9d88716d-5d6b-4fd8-b832-a110dc45ee66@group-EE856C9543A1-FollowerState was interrupted: java.lang.InterruptedException: sleep interrupted
2019-10-16 21:53:39,714 [grpc-default-executor-1] INFO  impl.RoleInfo (RoleInfo.java:updateAndGet(143)) - 9d88716d-5d6b-4fd8-b832-a110dc45ee66: start FollowerState
2019-10-16 21:53:39,730 [5c3956af-60d3-411f-8c98-c7ed3576de5c@group-EE856C9543A1-LeaderElection351] INFO  impl.LeaderElection (LeaderElection.java:logAndReturn(56)) - 5c3956af-60d3-411f-8c98-c7ed3576de5c@group-EE856C9543A1-LeaderElection351: Election REJECTED; received 2 response(s) [5c3956af-60d3-411f-8c98-c7ed3576de5c<-efb933de-cdd8-4d8d-88d2-4c7ffe0dec1a#0:FAIL-t385, 5c3956af-60d3-411f-8c98-c7ed3576de5c<-9d88716d-5d6b-4fd8-b832-a110dc45ee66#0:FAIL-t385] and 0 exception(s); 5c3956af-60d3-411f-8c98-c7ed3576de5c@group-EE856C9543A1:t385, leader=null, voted=5c3956af-60d3-411f-8c98-c7ed3576de5c, raftlog=5c3956af-60d3-411f-8c98-c7ed3576de5c@group-EE856C9543A1-SegmentedRaftLog:OPENED:c-1,f-1,i0, conf=-1: [5c3956af-60d3-411f-8c98-c7ed3576de5c:192.168.34.38:33787, efb933de-cdd8-4d8d-88d2-4c7ffe0dec1a:192.168.34.38:42459, 9d88716d-5d6b-4fd8-b832-a110dc45ee66:192.168.34.38:38211], old=null
2019-10-16 21:53:39,730 [5c3956af-60d3-411f-8c98-c7ed3576de5c@group-EE856C9543A1-LeaderElection351] INFO  impl.RaftServerImpl (RaftServerImpl.java:setRole(184)) - 5c3956af-60d3-411f-8c98-c7ed3576de5c@group-EE856C9543A1: changes role from CANDIDATE to FOLLOWER at term 385 for DISCOVERED_A_NEW_TERM
2019-10-16 21:53:39,730 [5c3956af-60d3-411f-8c98-c7ed3576de5c@group-EE856C9543A1-LeaderElection351] INFO  impl.RoleInfo (RoleInfo.java:shutdownLeaderElection(134)) - 5c3956af-60d3-411f-8c98-c7ed3576de5c: shutdown LeaderElection
2019-10-16 21:53:39,730 [5c3956af-60d3-411f-8c98-c7ed3576de5c@group-EE856C9543A1-LeaderElection351] INFO  impl.RoleInfo (RoleInfo.java:updateAndGet(143)) - 5c3956af-60d3-411f-8c98-c7ed3576de5c: start FollowerState
2019-10-16 21:53:39,755 [Thread-2549] INFO  impl.FollowerState (FollowerState.java:run(108)) - 5c3956af-60d3-411f-8c98-c7ed3576de5c@group-EE856C9543A1-FollowerState: change to CANDIDATE, lastRpcTime:24ms, electionTimeout:24ms
2019-10-16 21:53:39,755 [Thread-2549] INFO  impl.RoleInfo (RoleInfo.java:shutdownFollowerState(121)) - 5c3956af-60d3-411f-8c98-c7ed3576de5c: shutdown FollowerState
2019-10-16 21:53:39,755 [Thread-2549] INFO  impl.RaftServerImpl (RaftServerImpl.java:setRole(184)) - 5c3956af-60d3-411f-8c98-c7ed3576de5c@group-EE856C9543A1: changes role from  FOLLOWER to CANDIDATE at term 385 for changeToCandidate
2019-10-16 21:53:39,755 [Thread-2549] INFO  impl.RoleInfo (RoleInfo.java:updateAndGet(143)) - 5c3956af-60d3-411f-8c98-c7ed3576de5c: start LeaderElection
2019-10-16 21:53:39,769 [5c3956af-60d3-411f-8c98-c7ed3576de5c@group-EE856C9543A1-LeaderElection352] INFO  impl.LeaderElection (LeaderElection.java:askForVotes(178)) - 5c3956af-60d3-411f-8c98-c7ed3576de5c@group-EE856C9543A1-LeaderElection352: begin an election at term 386 for -1: [5c3956af-60d3-411f-8c98-c7ed3576de5c:192.168.34.38:33787, efb933de-cdd8-4d8d-88d2-4c7ffe0dec1a:192.168.34.38:42459, 9d88716d-5d6b-4fd8-b832-a110dc45ee66:192.168.34.38:38211], old=null
2019-10-16 21:53:39,771 [grpc-default-executor-5] INFO  impl.RaftServerImpl (RaftServerImpl.java:setRole(184)) - efb933de-cdd8-4d8d-88d2-4c7ffe0dec1a@group-EE856C9543A1: changes role from  FOLLOWER to FOLLOWER at term 386 for recognizeCandidate:5c3956af-60d3-411f-8c98-c7ed3576de5c
2019-10-16 21:53:39,771 [grpc-default-executor-5] INFO  impl.RoleInfo (RoleInfo.java:shutdownFollowerState(121)) - efb933de-cdd8-4d8d-88d2-4c7ffe0dec1a: shutdown FollowerState
2019-10-16 21:53:39,771 [grpc-default-executor-1] INFO  impl.RaftServerImpl (RaftServerImpl.java:setRole(184)) - 9d88716d-5d6b-4fd8-b832-a110dc45ee66@group-EE856C9543A1: changes role from  FOLLOWER to FOLLOWER at term 386 for recognizeCandidate:5c3956af-60d3-411f-8c98-c7ed3576de5c
2019-10-16 21:53:39,771 [grpc-default-executor-1] INFO  impl.RoleInfo (RoleInfo.java:shutdownFollowerState(121)) - 9d88716d-5d6b-4fd8-b832-a110dc45ee66: shutdown FollowerState
2019-10-16 21:53:39,771 [Thread-2548] INFO  impl.FollowerState (FollowerState.java:run(117)) - 9d88716d-5d6b-4fd8-b832-a110dc45ee66@group-EE856C9543A1-FollowerState was interrupted: java.lang.InterruptedException: sleep interrupted
2019-10-16 21:53:39,771 [Thread-2547] INFO  impl.FollowerState (FollowerState.java:run(117)) - efb933de-cdd8-4d8d-88d2-4c7ffe0dec1a@group-EE856C9543A1-FollowerState was interrupted: java.lang.InterruptedException: sleep interrupted
2019-10-16 21:53:39,771 [grpc-default-executor-5] INFO  impl.RoleInfo (RoleInfo.java:updateAndGet(143)) - efb933de-cdd8-4d8d-88d2-4c7ffe0dec1a: start FollowerState
2019-10-16 21:53:39,771 [grpc-default-executor-1] INFO  impl.RoleInfo (RoleInfo.java:updateAndGet(143)) - 9d88716d-5d6b-4fd8-b832-a110dc45ee66: start FollowerState
2019-10-16 21:53:39,786 [5c3956af-60d3-411f-8c98-c7ed3576de5c@group-EE856C9543A1-LeaderElection352] INFO  impl.LeaderElection (LeaderElection.java:logAndReturn(56)) - 5c3956af-60d3-411f-8c98-c7ed3576de5c@group-EE856C9543A1-LeaderElection352: Election REJECTED; received 2 response(s) [5c3956af-60d3-411f-8c98-c7ed3576de5c<-efb933de-cdd8-4d8d-88d2-4c7ffe0dec1a#0:FAIL-t386, 5c3956af-60d3-411f-8c98-c7ed3576de5c<-9d88716d-5d6b-4fd8-b832-a110dc45ee66#0:FAIL-t386] and 0 exception(s); 5c3956af-60d3-411f-8c98-c7ed3576de5c@group-EE856C9543A1:t386, leader=null, voted=5c3956af-60d3-411f-8c98-c7ed3576de5c, raftlog=5c3956af-60d3-411f-8c98-c7ed3576de5c@group-EE856C9543A1-SegmentedRaftLog:OPENED:c-1,f-1,i0, conf=-1: [5c3956af-60d3-411f-8c98-c7ed3576de5c:192.168.34.38:33787, efb933de-cdd8-4d8d-88d2-4c7ffe0dec1a:192.168.34.38:42459, 9d88716d-5d6b-4fd8-b832-a110dc45ee66:192.168.34.38:38211], old=null
2019-10-16 21:53:39,786 [5c3956af-60d3-411f-8c98-c7ed3576de5c@group-EE856C9543A1-LeaderElection352] INFO  impl.RaftServerImpl (RaftServerImpl.java:setRole(184)) - 5c3956af-60d3-411f-8c98-c7ed3576de5c@group-EE856C9543A1: changes role from CANDIDATE to FOLLOWER at term 386 for DISCOVERED_A_NEW_TERM
2019-10-16 21:53:39,786 [5c3956af-60d3-411f-8c98-c7ed3576de5c@group-EE856C9543A1-LeaderElection352] INFO  impl.RoleInfo (RoleInfo.java:shutdownLeaderElection(134)) - 5c3956af-60d3-411f-8c98-c7ed3576de5c: shutdown LeaderElection
2019-10-16 21:53:39,786 [5c3956af-60d3-411f-8c98-c7ed3576de5c@group-EE856C9543A1-LeaderElection352] INFO  impl.RoleInfo (RoleInfo.java:updateAndGet(143)) - 5c3956af-60d3-411f-8c98-c7ed3576de5c: start FollowerState
2019-10-16 21:53:39,949 [Thread-2555] INFO  impl.FollowerState (FollowerState.java:run(108)) - 5c3956af-60d3-411f-8c98-c7ed3576de5c@group-EE856C9543A1-FollowerState: change to CANDIDATE, lastRpcTime:162ms, electionTimeout:162ms
2019-10-16 21:53:39,949 [Thread-2555] INFO  impl.RoleInfo (RoleInfo.java:shutdownFollowerState(121)) - 5c3956af-60d3-411f-8c98-c7ed3576de5c: shutdown FollowerState
2019-10-16 21:53:39,949 [Thread-2555] INFO  impl.RaftServerImpl (RaftServerImpl.java:setRole(184)) - 5c3956af-60d3-411f-8c98-c7ed3576de5c@group-EE856C9543A1: changes role from  FOLLOWER to CANDIDATE at term 386 for changeToCandidate
2019-10-16 21:53:39,949 [Thread-2555] INFO  impl.RoleInfo (RoleInfo.java:updateAndGet(143)) - 5c3956af-60d3-411f-8c98-c7ed3576de5c: start LeaderElection
2019-10-16 21:53:39,963 [5c3956af-60d3-411f-8c98-c7ed3576de5c@group-EE856C9543A1-LeaderElection353] INFO  impl.LeaderElection (LeaderElection.java:askForVotes(178)) - 5c3956af-60d3-411f-8c98-c7ed3576de5c@group-EE856C9543A1-LeaderElection353: begin an election at term 387 for -1: [5c3956af-60d3-411f-8c98-c7ed3576de5c:192.168.34.38:33787, efb933de-cdd8-4d8d-88d2-4c7ffe0dec1a:192.168.34.38:42459, 9d88716d-5d6b-4fd8-b832-a110dc45ee66:192.168.34.38:38211], old=null
2019-10-16 21:53:39,965 [grpc-default-executor-1] INFO  impl.RaftServerImpl (RaftServerImpl.java:setRole(184)) - 9d88716d-5d6b-4fd8-b832-a110dc45ee66@group-EE856C9543A1: changes role from  FOLLOWER to FOLLOWER at term 387 for recognizeCandidate:5c3956af-60d3-411f-8c98-c7ed3576de5c
2019-10-16 21:53:39,965 [grpc-default-executor-5] INFO  impl.RaftServerImpl (RaftServerImpl.java:setRole(184)) - efb933de-cdd8-4d8d-88d2-4c7ffe0dec1a@group-EE856C9543A1: changes role from  FOLLOWER to FOLLOWER at term 387 for recognizeCandidate:5c3956af-60d3-411f-8c98-c7ed3576de5c
2019-10-16 21:53:39,965 [grpc-default-executor-1] INFO  impl.RoleInfo (RoleInfo.java:shutdownFollowerState(121)) - 9d88716d-5d6b-4fd8-b832-a110dc45ee66: shutdown FollowerState
2019-10-16 21:53:39,966 [grpc-default-executor-5] INFO  impl.RoleInfo (RoleInfo.java:shutdownFollowerState(121)) - efb933de-cdd8-4d8d-88d2-4c7ffe0dec1a: shutdown FollowerState
2019-10-16 21:53:39,966 [Thread-2554] INFO  impl.FollowerState (FollowerState.java:run(117)) - 9d88716d-5d6b-4fd8-b832-a110dc45ee66@group-EE856C9543A1-FollowerState was interrupted: java.lang.InterruptedException: sleep interrupted
2019-10-16 21:53:39,966 [grpc-default-executor-1] INFO  impl.RoleInfo (RoleInfo.java:updateAndGet(143)) - 9d88716d-5d6b-4fd8-b832-a110dc45ee66: start FollowerState
2019-10-16 21:53:39,966 [Thread-2553] INFO  impl.FollowerState (FollowerState.java:run(117)) - efb933de-cdd8-4d8d-88d2-4c7ffe0dec1a@group-EE856C9543A1-FollowerState was interrupted: java.lang.InterruptedException: sleep interrupted
2019-10-16 21:53:39,966 [grpc-default-executor-5] INFO  impl.RoleInfo (RoleInfo.java:updateAndGet(143)) - efb933de-cdd8-4d8d-88d2-4c7ffe0dec1a: start FollowerState
2019-10-16 21:53:39,983 [5c3956af-60d3-411f-8c98-c7ed3576de5c@group-EE856C9543A1-LeaderElection353] INFO  impl.LeaderElection (LeaderElection.java:logAndReturn(56)) - 5c3956af-60d3-411f-8c98-c7ed3576de5c@group-EE856C9543A1-LeaderElection353: Election REJECTED; received 2 response(s) [5c3956af-60d3-411f-8c98-c7ed3576de5c<-efb933de-cdd8-4d8d-88d2-4c7ffe0dec1a#0:FAIL-t387, 5c3956af-60d3-411f-8c98-c7ed3576de5c<-9d88716d-5d6b-4fd8-b832-a110dc45ee66#0:FAIL-t387] and 0 exception(s); 5c3956af-60d3-411f-8c98-c7ed3576de5c@group-EE856C9543A1:t387, leader=null, voted=5c3956af-60d3-411f-8c98-c7ed3576de5c, raftlog=5c3956af-60d3-411f-8c98-c7ed3576de5c@group-EE856C9543A1-SegmentedRaftLog:OPENED:c-1,f-1,i0, conf=-1: [5c3956af-60d3-411f-8c98-c7ed3576de5c:192.168.34.38:33787, efb933de-cdd8-4d8d-88d2-4c7ffe0dec1a:192.168.34.38:42459, 9d88716d-5d6b-4fd8-b832-a110dc45ee66:192.168.34.38:38211], old=null
2019-10-16 21:53:39,984 [5c3956af-60d3-411f-8c98-c7ed3576de5c@group-EE856C9543A1-LeaderElection353] INFO  impl.RaftServerImpl (RaftServerImpl.java:setRole(184)) - 5c3956af-60d3-411f-8c98-c7ed3576de5c@group-EE856C9543A1: changes role from CANDIDATE to FOLLOWER at term 387 for DISCOVERED_A_NEW_TERM
2019-10-16 21:53:39,984 [5c3956af-60d3-411f-8c98-c7ed3576de5c@group-EE856C9543A1-LeaderElection353] INFO  impl.RoleInfo (RoleInfo.java:shutdownLeaderElection(134)) - 5c3956af-60d3-411f-8c98-c7ed3576de5c: shutdown LeaderElection
2019-10-16 21:53:39,984 [5c3956af-60d3-411f-8c98-c7ed3576de5c@group-EE856C9543A1-LeaderElection353] INFO  impl.RoleInfo (RoleInfo.java:updateAndGet(143)) - 5c3956af-60d3-411f-8c98-c7ed3576de5c: start FollowerState
2019-10-16 21:53:40,053 [Thread-2561] INFO  impl.FollowerState (FollowerState.java:run(108)) - 5c3956af-60d3-411f-8c98-c7ed3576de5c@group-EE856C9543A1-FollowerState: change to CANDIDATE, lastRpcTime:69ms, electionTimeout:69ms
2019-10-16 21:53:40,053 [Thread-2561] INFO  impl.RoleInfo (RoleInfo.java:shutdownFollowerState(121)) - 5c3956af-60d3-411f-8c98-c7ed3576de5c: shutdown FollowerState
2019-10-16 21:53:40,054 [Thread-2561] INFO  impl.RaftServerImpl (RaftServerImpl.java:setRole(184)) - 5c3956af-60d3-411f-8c98-c7ed3576de5c@group-EE856C9543A1: changes role from  FOLLOWER to CANDIDATE at term 387 for changeToCandidate
2019-10-16 21:53:40,054 [Thread-2561] INFO  impl.RoleInfo (RoleInfo.java:updateAndGet(143)) - 5c3956af-60d3-411f-8c98-c7ed3576de5c: start LeaderElection
2019-10-16 21:53:40,068 [5c3956af-60d3-411f-8c98-c7ed3576de5c@group-EE856C9543A1-LeaderElection354] INFO  impl.LeaderElection (LeaderElection.java:askForVotes(178)) - 5c3956af-60d3-411f-8c98-c7ed3576de5c@group-EE856C9543A1-LeaderElection354: begin an election at term 388 for -1: [5c3956af-60d3-411f-8c98-c7ed3576de5c:192.168.34.38:33787, efb933de-cdd8-4d8d-88d2-4c7ffe0dec1a:192.168.34.38:42459, 9d88716d-5d6b-4fd8-b832-a110dc45ee66:192.168.34.38:38211], old=null
2019-10-16 21:53:40,070 [grpc-default-executor-1] INFO  impl.RaftServerImpl (RaftServerImpl.java:setRole(184)) - 9d88716d-5d6b-4fd8-b832-a110dc45ee66@group-EE856C9543A1: changes role from  FOLLOWER to FOLLOWER at term 388 for recognizeCandidate:5c3956af-60d3-411f-8c98-c7ed3576de5c
2019-10-16 21:53:40,070 [grpc-default-executor-1] INFO  impl.RoleInfo (RoleInfo.java:shutdownFollowerState(121)) - 9d88716d-5d6b-4fd8-b832-a110dc45ee66: shutdown FollowerState
2019-10-16 21:53:40,070 [grpc-default-executor-5] INFO  impl.RaftServerImpl (RaftServerImpl.java:setRole(184)) - efb933de-cdd8-4d8d-88d2-4c7ffe0dec1a@group-EE856C9543A1: changes role from  FOLLOWER to FOLLOWER at term 388 for recognizeCandidate:5c3956af-60d3-411f-8c98-c7ed3576de5c
2019-10-16 21:53:40,070 [Thread-2559] INFO  impl.FollowerState (FollowerState.java:run(117)) - 9d88716d-5d6b-4fd8-b832-a110dc45ee66@group-EE856C9543A1-FollowerState was interrupted: java.lang.InterruptedException: sleep interrupted
2019-10-16 21:53:40,070 [grpc-default-executor-1] INFO  impl.RoleInfo (RoleInfo.java:updateAndGet(143)) - 9d88716d-5d6b-4fd8-b832-a110dc45ee66: start FollowerState
2019-10-16 21:53:40,070 [grpc-default-executor-5] INFO  impl.RoleInfo (RoleInfo.java:shutdownFollowerState(121)) - efb933de-cdd8-4d8d-88d2-4c7ffe0dec1a: shutdown FollowerState
2019-10-16 21:53:40,071 [grpc-default-executor-5] INFO  impl.RoleInfo (RoleInfo.java:updateAndGet(143)) - efb933de-cdd8-4d8d-88d2-4c7ffe0dec1a: start FollowerState
2019-10-16 21:53:40,071 [Thread-2560] INFO  impl.FollowerState (FollowerState.java:run(117)) - efb933de-cdd8-4d8d-88d2-4c7ffe0dec1a@group-EE856C9543A1-FollowerState was interrupted: java.lang.InterruptedException: sleep interrupted
2019-10-16 21:53:40,085 [5c3956af-60d3-411f-8c98-c7ed3576de5c@group-EE856C9543A1-LeaderElection354] INFO  impl.LeaderElection (LeaderElection.java:logAndReturn(56)) - 5c3956af-60d3-411f-8c98-c7ed3576de5c@group-EE856C9543A1-LeaderElection354: Election REJECTED; received 2 response(s) [5c3956af-60d3-411f-8c98-c7ed3576de5c<-efb933de-cdd8-4d8d-88d2-4c7ffe0dec1a#0:FAIL-t388, 5c3956af-60d3-411f-8c98-c7ed3576de5c<-9d88716d-5d6b-4fd8-b832-a110dc45ee66#0:FAIL-t388] and 0 exception(s); 5c3956af-60d3-411f-8c98-c7ed3576de5c@group-EE856C9543A1:t388, leader=null, voted=5c3956af-60d3-411f-8c98-c7ed3576de5c, raftlog=5c3956af-60d3-411f-8c98-c7ed3576de5c@group-EE856C9543A1-SegmentedRaftLog:OPENED:c-1,f-1,i0, conf=-1: [5c3956af-60d3-411f-8c98-c7ed3576de5c:192.168.34.38:33787, efb933de-cdd8-4d8d-88d2-4c7ffe0dec1a:192.168.34.38:42459, 9d88716d-5d6b-4fd8-b832-a110dc45ee66:192.168.34.38:38211], old=null
2019-10-16 21:53:40,085 [5c3956af-60d3-411f-8c98-c7ed3576de5c@group-EE856C9543A1-LeaderElection354] INFO  impl.RaftServerImpl (RaftServerImpl.java:setRole(184)) - 5c3956af-60d3-411f-8c98-c7ed3576de5c@group-EE856C9543A1: changes role from CANDIDATE to FOLLOWER at term 388 for DISCOVERED_A_NEW_TERM
2019-10-16 21:53:40,085 [5c3956af-60d3-411f-8c98-c7ed3576de5c@group-EE856C9543A1-LeaderElection354] INFO  impl.RoleInfo (RoleInfo.java:shutdownLeaderElection(134)) - 5c3956af-60d3-411f-8c98-c7ed3576de5c: shutdown LeaderElection
2019-10-16 21:53:40,085 [5c3956af-60d3-411f-8c98-c7ed3576de5c@group-EE856C9543A1-LeaderElection354] INFO  impl.RoleInfo (RoleInfo.java:updateAndGet(143)) - 5c3956af-60d3-411f-8c98-c7ed3576de5c: start FollowerState
2019-10-16 21:53:40,226 [Thread-2567] INFO  impl.FollowerState (FollowerState.java:run(108)) - 5c3956af-60d3-411f-8c98-c7ed3576de5c@group-EE856C9543A1-FollowerState: change to CANDIDATE, lastRpcTime:140ms, electionTimeout:140ms
2019-10-16 21:53:40,226 [Thread-2567] INFO  impl.RoleInfo (RoleInfo.java:shutdownFollowerState(121)) - 5c3956af-60d3-411f-8c98-c7ed3576de5c: shutdown FollowerState
2019-10-16 21:53:40,226 [Thread-2567] INFO  impl.RaftServerImpl (RaftServerImpl.java:setRole(184)) - 5c3956af-60d3-411f-8c98-c7ed3576de5c@group-EE856C9543A1: changes role from  FOLLOWER to CANDIDATE at term 388 for changeToCandidate
2019-10-16 21:53:40,226 [Thread-2567] INFO  impl.RoleInfo (RoleInfo.java:updateAndGet(143)) - 5c3956af-60d3-411f-8c98-c7ed3576de5c: start LeaderElection
2019-10-16 21:53:40,240 [5c3956af-60d3-411f-8c98-c7ed3576de5c@group-EE856C9543A1-LeaderElection355] INFO  impl.LeaderElection (LeaderElection.java:askForVotes(178)) - 5c3956af-60d3-411f-8c98-c7ed3576de5c@group-EE856C9543A1-LeaderElection355: begin an election at term 389 for -1: [5c3956af-60d3-411f-8c98-c7ed3576de5c:192.168.34.38:33787, efb933de-cdd8-4d8d-88d2-4c7ffe0dec1a:192.168.34.38:42459, 9d88716d-5d6b-4fd8-b832-a110dc45ee66:192.168.34.38:38211], old=null
2019-10-16 21:53:40,242 [grpc-default-executor-5] INFO  impl.RaftServerImpl (RaftServerImpl.java:setRole(184)) - efb933de-cdd8-4d8d-88d2-4c7ffe0dec1a@group-EE856C9543A1: changes role from  FOLLOWER to FOLLOWER at term 389 for recognizeCandidate:5c3956af-60d3-411f-8c98-c7ed3576de5c
2019-10-16 21:53:40,242 [grpc-default-executor-5] INFO  impl.RoleInfo (RoleInfo.java:shutdownFollowerState(121)) - efb933de-cdd8-4d8d-88d2-4c7ffe0dec1a: shutdown FollowerState
2019-10-16 21:53:40,242 [grpc-default-executor-1] INFO  impl.RaftServerImpl (RaftServerImpl.java:setRole(184)) - 9d88716d-5d6b-4fd8-b832-a110dc45ee66@group-EE856C9543A1: changes role from  FOLLOWER to FOLLOWER at term 389 for recognizeCandidate:5c3956af-60d3-411f-8c98-c7ed3576de5c
2019-10-16 21:53:40,242 [Thread-2566] INFO  impl.FollowerState (FollowerState.java:run(117)) - efb933de-cdd8-4d8d-88d2-4c7ffe0dec1a@group-EE856C9543A1-FollowerState was interrupted: java.lang.InterruptedException: sleep interrupted
2019-10-16 21:53:40,242 [grpc-default-executor-5] INFO  impl.RoleInfo (RoleInfo.java:updateAndGet(143)) - efb933de-cdd8-4d8d-88d2-4c7ffe0dec1a: start FollowerState
2019-10-16 21:53:40,242 [grpc-default-executor-1] INFO  impl.RoleInfo (RoleInfo.java:shutdownFollowerState(121)) - 9d88716d-5d6b-4fd8-b832-a110dc45ee66: shutdown FollowerState
2019-10-16 21:53:40,243 [grpc-default-executor-1] INFO  impl.RoleInfo (RoleInfo.java:updateAndGet(143)) - 9d88716d-5d6b-4fd8-b832-a110dc45ee66: start FollowerState
2019-10-16 21:53:40,243 [Thread-2565] INFO  impl.FollowerState (FollowerState.java:run(117)) - 9d88716d-5d6b-4fd8-b832-a110dc45ee66@group-EE856C9543A1-FollowerState was interrupted: java.lang.InterruptedException: sleep interrupted
2019-10-16 21:53:40,257 [5c3956af-60d3-411f-8c98-c7ed3576de5c@group-EE856C9543A1-LeaderElection355] INFO  impl.LeaderElection (LeaderElection.java:logAndReturn(56)) - 5c3956af-60d3-411f-8c98-c7ed3576de5c@group-EE856C9543A1-LeaderElection355: Election REJECTED; received 2 response(s) [5c3956af-60d3-411f-8c98-c7ed3576de5c<-efb933de-cdd8-4d8d-88d2-4c7ffe0dec1a#0:FAIL-t389, 5c3956af-60d3-411f-8c98-c7ed3576de5c<-9d88716d-5d6b-4fd8-b832-a110dc45ee66#0:FAIL-t389] and 0 exception(s); 5c3956af-60d3-411f-8c98-c7ed3576de5c@group-EE856C9543A1:t389, leader=null, voted=5c3956af-60d3-411f-8c98-c7ed3576de5c, raftlog=5c3956af-60d3-411f-8c98-c7ed3576de5c@group-EE856C9543A1-SegmentedRaftLog:OPENED:c-1,f-1,i0, conf=-1: [5c3956af-60d3-411f-8c98-c7ed3576de5c:192.168.34.38:33787, efb933de-cdd8-4d8d-88d2-4c7ffe0dec1a:192.168.34.38:42459, 9d88716d-5d6b-4fd8-b832-a110dc45ee66:192.168.34.38:38211], old=null
2019-10-16 21:53:40,257 [5c3956af-60d3-411f-8c98-c7ed3576de5c@group-EE856C9543A1-LeaderElection355] INFO  impl.RaftServerImpl (RaftServerImpl.java:setRole(184)) - 5c3956af-60d3-411f-8c98-c7ed3576de5c@group-EE856C9543A1: changes role from CANDIDATE to FOLLOWER at term 389 for DISCOVERED_A_NEW_TERM
2019-10-16 21:53:40,257 [5c3956af-60d3-411f-8c98-c7ed3576de5c@group-EE856C9543A1-LeaderElection355] INFO  impl.RoleInfo (RoleInfo.java:shutdownLeaderElection(134)) - 5c3956af-60d3-411f-8c98-c7ed3576de5c: shutdown LeaderElection
2019-10-16 21:53:40,258 [5c3956af-60d3-411f-8c98-c7ed3576de5c@group-EE856C9543A1-LeaderElection355] INFO  impl.RoleInfo (RoleInfo.java:updateAndGet(143)) - 5c3956af-60d3-411f-8c98-c7ed3576de5c: start FollowerState
2019-10-16 21:53:40,316 [Thread-2573] INFO  impl.FollowerState (FollowerState.java:run(108)) - 5c3956af-60d3-411f-8c98-c7ed3576de5c@group-EE856C9543A1-FollowerState: change to CANDIDATE, lastRpcTime:58ms, electionTimeout:58ms
2019-10-16 21:53:40,316 [Thread-2573] INFO  impl.RoleInfo (RoleInfo.java:shutdownFollowerState(121)) - 5c3956af-60d3-411f-8c98-c7ed3576de5c: shutdown FollowerState
2019-10-16 21:53:40,316 [Thread-2573] INFO  impl.RaftServerImpl (RaftServerImpl.java:setRole(184)) - 5c3956af-60d3-411f-8c98-c7ed3576de5c@group-EE856C9543A1: changes role from  FOLLOWER to CANDIDATE at term 389 for changeToCandidate
2019-10-16 21:53:40,316 [Thread-2573] INFO  impl.RoleInfo (RoleInfo.java:updateAndGet(143)) - 5c3956af-60d3-411f-8c98-c7ed3576de5c: start LeaderElection
2019-10-16 21:53:40,330 [5c3956af-60d3-411f-8c98-c7ed3576de5c@group-EE856C9543A1-LeaderElection356] INFO  impl.LeaderElection (LeaderElection.java:askForVotes(178)) - 5c3956af-60d3-411f-8c98-c7ed3576de5c@group-EE856C9543A1-LeaderElection356: begin an election at term 390 for -1: [5c3956af-60d3-411f-8c98-c7ed3576de5c:192.168.34.38:33787, efb933de-cdd8-4d8d-88d2-4c7ffe0dec1a:192.168.34.38:42459, 9d88716d-5d6b-4fd8-b832-a110dc45ee66:192.168.34.38:38211], old=null
2019-10-16 21:53:40,332 [grpc-default-executor-5] INFO  impl.RaftServerImpl (RaftServerImpl.java:setRole(184)) - efb933de-cdd8-4d8d-88d2-4c7ffe0dec1a@group-EE856C9543A1: changes role from  FOLLOWER to FOLLOWER at term 390 for recognizeCandidate:5c3956af-60d3-411f-8c98-c7ed3576de5c
2019-10-16 21:53:40,332 [grpc-default-executor-5] INFO  impl.RoleInfo (RoleInfo.java:shutdownFollowerState(121)) - efb933de-cdd8-4d8d-88d2-4c7ffe0dec1a: shutdown FollowerState
2019-10-16 21:53:40,332 [grpc-default-executor-1] INFO  impl.RaftServerImpl (RaftServerImpl.java:setRole(184)) - 9d88716d-5d6b-4fd8-b832-a110dc45ee66@group-EE856C9543A1: changes role from  FOLLOWER to FOLLOWER at term 390 for recognizeCandidate:5c3956af-60d3-411f-8c98-c7ed3576de5c
2019-10-16 21:53:40,333 [Thread-2571] INFO  impl.FollowerState (FollowerState.java:run(117)) - efb933de-cdd8-4d8d-88d2-4c7ffe0dec1a@group-EE856C9543A1-FollowerState was interrupted: java.lang.InterruptedException: sleep interrupted
2019-10-16 21:53:40,332 [grpc-default-executor-5] INFO  impl.RoleInfo (RoleInfo.java:updateAndGet(143)) - efb933de-cdd8-4d8d-88d2-4c7ffe0dec1a: start FollowerState
2019-10-16 21:53:40,333 [grpc-default-executor-1] INFO  impl.RoleInfo (RoleInfo.java:shutdownFollowerState(121)) - 9d88716d-5d6b-4fd8-b832-a110dc45ee66: shutdown FollowerState
2019-10-16 21:53:40,333 [Thread-2572] INFO  impl.FollowerState (FollowerState.java:run(117)) - 9d88716d-5d6b-4fd8-b832-a110dc45ee66@group-EE856C9543A1-FollowerState was interrupted: java.lang.InterruptedException: sleep interrupted
2019-10-16 21:53:40,336 [grpc-default-executor-1] INFO  impl.RoleInfo (RoleInfo.java:updateAndGet(143)) - 9d88716d-5d6b-4fd8-b832-a110dc45ee66: start FollowerState
2019-10-16 21:53:40,348 [5c3956af-60d3-411f-8c98-c7ed3576de5c@group-EE856C9543A1-LeaderElection356] INFO  impl.LeaderElection (LeaderElection.java:logAndReturn(56)) - 5c3956af-60d3-411f-8c98-c7ed3576de5c@group-EE856C9543A1-LeaderElection356: Election REJECTED; received 2 response(s) [5c3956af-60d3-411f-8c98-c7ed3576de5c<-efb933de-cdd8-4d8d-88d2-4c7ffe0dec1a#0:FAIL-t390, 5c3956af-60d3-411f-8c98-c7ed3576de5c<-9d88716d-5d6b-4fd8-b832-a110dc45ee66#0:FAIL-t390] and 0 exception(s); 5c3956af-60d3-411f-8c98-c7ed3576de5c@group-EE856C9543A1:t390, leader=null, voted=5c3956af-60d3-411f-8c98-c7ed3576de5c, raftlog=5c3956af-60d3-411f-8c98-c7ed3576de5c@group-EE856C9543A1-SegmentedRaftLog:OPENED:c-1,f-1,i0, conf=-1: [5c3956af-60d3-411f-8c98-c7ed3576de5c:192.168.34.38:33787, efb933de-cdd8-4d8d-88d2-4c7ffe0dec1a:192.168.34.38:42459, 9d88716d-5d6b-4fd8-b832-a110dc45ee66:192.168.34.38:38211], old=null
2019-10-16 21:53:40,348 [5c3956af-60d3-411f-8c98-c7ed3576de5c@group-EE856C9543A1-LeaderElection356] INFO  impl.RaftServerImpl (RaftServerImpl.java:setRole(184)) - 5c3956af-60d3-411f-8c98-c7ed3576de5c@group-EE856C9543A1: changes role from CANDIDATE to FOLLOWER at term 390 for DISCOVERED_A_NEW_TERM
2019-10-16 21:53:40,349 [5c3956af-60d3-411f-8c98-c7ed3576de5c@group-EE856C9543A1-LeaderElection356] INFO  impl.RoleInfo (RoleInfo.java:shutdownLeaderElection(134)) - 5c3956af-60d3-411f-8c98-c7ed3576de5c: shutdown LeaderElection
2019-10-16 21:53:40,349 [5c3956af-60d3-411f-8c98-c7ed3576de5c@group-EE856C9543A1-LeaderElection356] INFO  impl.RoleInfo (RoleInfo.java:updateAndGet(143)) - 5c3956af-60d3-411f-8c98-c7ed3576de5c: start FollowerState
2019-10-16 21:53:40,474 [Thread-2579] INFO  impl.FollowerState (FollowerState.java:run(108)) - 5c3956af-60d3-411f-8c98-c7ed3576de5c@group-EE856C9543A1-FollowerState: change to CANDIDATE, lastRpcTime:125ms, electionTimeout:125ms
2019-10-16 21:53:40,474 [Thread-2579] INFO  impl.RoleInfo (RoleInfo.java:shutdownFollowerState(121)) - 5c3956af-60d3-411f-8c98-c7ed3576de5c: shutdown FollowerState
2019-10-16 21:53:40,474 [Thread-2579] INFO  impl.RaftServerImpl (RaftServerImpl.java:setRole(184)) - 5c3956af-60d3-411f-8c98-c7ed3576de5c@group-EE856C9543A1: changes role from  FOLLOWER to CANDIDATE at term 390 for changeToCandidate
2019-10-16 21:53:40,475 [Thread-2579] INFO  impl.RoleInfo (RoleInfo.java:updateAndGet(143)) - 5c3956af-60d3-411f-8c98-c7ed3576de5c: start LeaderElection
2019-10-16 21:53:40,488 [5c3956af-60d3-411f-8c98-c7ed3576de5c@group-EE856C9543A1-LeaderElection357] INFO  impl.LeaderElection (LeaderElection.java:askForVotes(178)) - 5c3956af-60d3-411f-8c98-c7ed3576de5c@group-EE856C9543A1-LeaderElection357: begin an election at term 391 for -1: [5c3956af-60d3-411f-8c98-c7ed3576de5c:192.168.34.38:33787, efb933de-cdd8-4d8d-88d2-4c7ffe0dec1a:192.168.34.38:42459, 9d88716d-5d6b-4fd8-b832-a110dc45ee66:192.168.34.38:38211], old=null
2019-10-16 21:53:40,491 [grpc-default-executor-5] INFO  impl.RaftServerImpl (RaftServerImpl.java:setRole(184)) - 9d88716d-5d6b-4fd8-b832-a110dc45ee66@group-EE856C9543A1: changes role from  FOLLOWER to FOLLOWER at term 391 for recognizeCandidate:5c3956af-60d3-411f-8c98-c7ed3576de5c
2019-10-16 21:53:40,491 [grpc-default-executor-5] INFO  impl.RoleInfo (RoleInfo.java:shutdownFollowerState(121)) - 9d88716d-5d6b-4fd8-b832-a110dc45ee66: shutdown FollowerState
2019-10-16 21:53:40,491 [grpc-default-executor-1] INFO  impl.RaftServerImpl (RaftServerImpl.java:setRole(184)) - efb933de-cdd8-4d8d-88d2-4c7ffe0dec1a@group-EE856C9543A1: changes role from  FOLLOWER to FOLLOWER at term 391 for recognizeCandidate:5c3956af-60d3-411f-8c98-c7ed3576de5c
2019-10-16 21:53:40,491 [Thread-2578] INFO  impl.FollowerState (FollowerState.java:run(117)) - 9d88716d-5d6b-4fd8-b832-a110dc45ee66@group-EE856C9543A1-FollowerState was interrupted: java.lang.InterruptedException: sleep interrupted
2019-10-16 21:53:40,491 [grpc-default-executor-5] INFO  impl.RoleInfo (RoleInfo.java:updateAndGet(143)) - 9d88716d-5d6b-4fd8-b832-a110dc45ee66: start FollowerState
2019-10-16 21:53:40,491 [grpc-default-executor-1] INFO  impl.RoleInfo (RoleInfo.java:shutdownFollowerState(121)) - efb933de-cdd8-4d8d-88d2-4c7ffe0dec1a: shutdown FollowerState
2019-10-16 21:53:40,492 [grpc-default-executor-1] INFO  impl.RoleInfo (RoleInfo.java:updateAndGet(143)) - efb933de-cdd8-4d8d-88d2-4c7ffe0dec1a: start FollowerState
2019-10-16 21:53:40,492 [Thread-2577] INFO  impl.FollowerState (FollowerState.java:run(117)) - efb933de-cdd8-4d8d-88d2-4c7ffe0dec1a@group-EE856C9543A1-FollowerState was interrupted: java.lang.InterruptedException: sleep interrupted
2019-10-16 21:53:40,507 [5c3956af-60d3-411f-8c98-c7ed3576de5c@group-EE856C9543A1-LeaderElection357] INFO  impl.LeaderElection (LeaderElection.java:logAndReturn(56)) - 5c3956af-60d3-411f-8c98-c7ed3576de5c@group-EE856C9543A1-LeaderElection357: Election REJECTED; received 2 response(s) [5c3956af-60d3-411f-8c98-c7ed3576de5c<-efb933de-cdd8-4d8d-88d2-4c7ffe0dec1a#0:FAIL-t391, 5c3956af-60d3-411f-8c98-c7ed3576de5c<-9d88716d-5d6b-4fd8-b832-a110dc45ee66#0:FAIL-t391] and 0 exception(s); 5c3956af-60d3-411f-8c98-c7ed3576de5c@group-EE856C9543A1:t391, leader=null, voted=5c3956af-60d3-411f-8c98-c7ed3576de5c, raftlog=5c3956af-60d3-411f-8c98-c7ed3576de5c@group-EE856C9543A1-SegmentedRaftLog:OPENED:c-1,f-1,i0, conf=-1: [5c3956af-60d3-411f-8c98-c7ed3576de5c:192.168.34.38:33787, efb933de-cdd8-4d8d-88d2-4c7ffe0dec1a:192.168.34.38:42459, 9d88716d-5d6b-4fd8-b832-a110dc45ee66:192.168.34.38:38211], old=null
2019-10-16 21:53:40,508 [5c3956af-60d3-411f-8c98-c7ed3576de5c@group-EE856C9543A1-LeaderElection357] INFO  impl.RaftServerImpl (RaftServerImpl.java:setRole(184)) - 5c3956af-60d3-411f-8c98-c7ed3576de5c@group-EE856C9543A1: changes role from CANDIDATE to FOLLOWER at term 391 for DISCOVERED_A_NEW_TERM
2019-10-16 21:53:40,508 [5c3956af-60d3-411f-8c98-c7ed3576de5c@group-EE856C9543A1-LeaderElection357] INFO  impl.RoleInfo (RoleInfo.java:shutdownLeaderElection(134)) - 5c3956af-60d3-411f-8c98-c7ed3576de5c: shutdown LeaderElection
2019-10-16 21:53:40,508 [5c3956af-60d3-411f-8c98-c7ed3576de5c@group-EE856C9543A1-LeaderElection357] INFO  impl.RoleInfo (RoleInfo.java:updateAndGet(143)) - 5c3956af-60d3-411f-8c98-c7ed3576de5c: start FollowerState
2019-10-16 21:53:40,642 [Thread-2585] INFO  impl.FollowerState (FollowerState.java:run(108)) - 5c3956af-60d3-411f-8c98-c7ed3576de5c@group-EE856C9543A1-FollowerState: change to CANDIDATE, lastRpcTime:134ms, electionTimeout:134ms
2019-10-16 21:53:40,642 [Thread-2585] INFO  impl.RoleInfo (RoleInfo.java:shutdownFollowerState(121)) - 5c3956af-60d3-411f-8c98-c7ed3576de5c: shutdown FollowerState
2019-10-16 21:53:40,643 [Thread-2585] INFO  impl.RaftServerImpl (RaftServerImpl.java:setRole(184)) - 5c3956af-60d3-411f-8c98-c7ed3576de5c@group-EE856C9543A1: changes role from  FOLLOWER to CANDIDATE at term 391 for changeToCandidate
2019-10-16 21:53:40,643 [Thread-2585] INFO  impl.RoleInfo (RoleInfo.java:updateAndGet(143)) - 5c3956af-60d3-411f-8c98-c7ed3576de5c: start LeaderElection
2019-10-16 21:53:40,654 [JUnit] INFO  ozone.MiniOzoneClusterImpl (MiniOzoneClusterImpl.java:lambda$waitForClusterToBeReady$2(164)) - Waiting for 1 number of pipelines out of 6, to report a leader.
2019-10-16 21:53:40,657 [5c3956af-60d3-411f-8c98-c7ed3576de5c@group-EE856C9543A1-LeaderElection358] INFO  impl.LeaderElection (LeaderElection.java:askForVotes(178)) - 5c3956af-60d3-411f-8c98-c7ed3576de5c@group-EE856C9543A1-LeaderElection358: begin an election at term 392 for -1: [5c3956af-60d3-411f-8c98-c7ed3576de5c:192.168.34.38:33787, efb933de-cdd8-4d8d-88d2-4c7ffe0dec1a:192.168.34.38:42459, 9d88716d-5d6b-4fd8-b832-a110dc45ee66:192.168.34.38:38211], old=null
2019-10-16 21:53:40,658 [grpc-default-executor-1] INFO  impl.RaftServerImpl (RaftServerImpl.java:setRole(184)) - efb933de-cdd8-4d8d-88d2-4c7ffe0dec1a@group-EE856C9543A1: changes role from  FOLLOWER to FOLLOWER at term 392 for recognizeCandidate:5c3956af-60d3-411f-8c98-c7ed3576de5c
2019-10-16 21:53:40,659 [grpc-default-executor-1] INFO  impl.RoleInfo (RoleInfo.java:shutdownFollowerState(121)) - efb933de-cdd8-4d8d-88d2-4c7ffe0dec1a: shutdown FollowerState
2019-10-16 21:53:40,659 [grpc-default-executor-5] INFO  impl.RaftServerImpl (RaftServerImpl.java:setRole(184)) - 9d88716d-5d6b-4fd8-b832-a110dc45ee66@group-EE856C9543A1: changes role from  FOLLOWER to FOLLOWER at term 392 for recognizeCandidate:5c3956af-60d3-411f-8c98-c7ed3576de5c
2019-10-16 21:53:40,659 [Thread-2584] INFO  impl.FollowerState (FollowerState.java:run(117)) - efb933de-cdd8-4d8d-88d2-4c7ffe0dec1a@group-EE856C9543A1-FollowerState was interrupted: java.lang.InterruptedException: sleep interrupted
2019-10-16 21:53:40,659 [grpc-default-executor-1] INFO  impl.RoleInfo (RoleInfo.java:updateAndGet(143)) - efb933de-cdd8-4d8d-88d2-4c7ffe0dec1a: start FollowerState
2019-10-16 21:53:40,659 [grpc-default-executor-5] INFO  impl.RoleInfo (RoleInfo.java:shutdownFollowerState(121)) - 9d88716d-5d6b-4fd8-b832-a110dc45ee66: shutdown FollowerState
2019-10-16 21:53:40,659 [grpc-default-executor-5] INFO  impl.RoleInfo (RoleInfo.java:updateAndGet(143)) - 9d88716d-5d6b-4fd8-b832-a110dc45ee66: start FollowerState
2019-10-16 21:53:40,659 [Thread-2583] INFO  impl.FollowerState (FollowerState.java:run(117)) - 9d88716d-5d6b-4fd8-b832-a110dc45ee66@group-EE856C9543A1-FollowerState was interrupted: java.lang.InterruptedException: sleep interrupted
2019-10-16 21:53:40,674 [5c3956af-60d3-411f-8c98-c7ed3576de5c@group-EE856C9543A1-LeaderElection358] INFO  impl.LeaderElection (LeaderElection.java:logAndReturn(56)) - 5c3956af-60d3-411f-8c98-c7ed3576de5c@group-EE856C9543A1-LeaderElection358: Election REJECTED; received 2 response(s) [5c3956af-60d3-411f-8c98-c7ed3576de5c<-efb933de-cdd8-4d8d-88d2-4c7ffe0dec1a#0:FAIL-t392, 5c3956af-60d3-411f-8c98-c7ed3576de5c<-9d88716d-5d6b-4fd8-b832-a110dc45ee66#0:FAIL-t392] and 0 exception(s); 5c3956af-60d3-411f-8c98-c7ed3576de5c@group-EE856C9543A1:t392, leader=null, voted=5c3956af-60d3-411f-8c98-c7ed3576de5c, raftlog=5c3956af-60d3-411f-8c98-c7ed3576de5c@group-EE856C9543A1-SegmentedRaftLog:OPENED:c-1,f-1,i0, conf=-1: [5c3956af-60d3-411f-8c98-c7ed3576de5c:192.168.34.38:33787, efb933de-cdd8-4d8d-88d2-4c7ffe0dec1a:192.168.34.38:42459, 9d88716d-5d6b-4fd8-b832-a110dc45ee66:192.168.34.38:38211], old=null
2019-10-16 21:53:40,674 [5c3956af-60d3-411f-8c98-c7ed3576de5c@group-EE856C9543A1-LeaderElection358] INFO  impl.RaftServerImpl (RaftServerImpl.java:setRole(184)) - 5c3956af-60d3-411f-8c98-c7ed3576de5c@group-EE856C9543A1: changes role from CANDIDATE to FOLLOWER at term 392 for DISCOVERED_A_NEW_TERM
2019-10-16 21:53:40,674 [5c3956af-60d3-411f-8c98-c7ed3576de5c@group-EE856C9543A1-LeaderElection358] INFO  impl.RoleInfo (RoleInfo.java:shutdownLeaderElection(134)) - 5c3956af-60d3-411f-8c98-c7ed3576de5c: shutdown LeaderElection
2019-10-16 21:53:40,674 [5c3956af-60d3-411f-8c98-c7ed3576de5c@group-EE856C9543A1-LeaderElection358] INFO  impl.RoleInfo (RoleInfo.java:updateAndGet(143)) - 5c3956af-60d3-411f-8c98-c7ed3576de5c: start FollowerState
2019-10-16 21:53:40,875 [Thread-2591] INFO  impl.FollowerState (FollowerState.java:run(108)) - 5c3956af-60d3-411f-8c98-c7ed3576de5c@group-EE856C9543A1-FollowerState: change to CANDIDATE, lastRpcTime:200ms, electionTimeout:200ms
2019-10-16 21:53:40,875 [Thread-2591] INFO  impl.RoleInfo (RoleInfo.java:shutdownFollowerState(121)) - 5c3956af-60d3-411f-8c98-c7ed3576de5c: shutdown FollowerState
2019-10-16 21:53:40,875 [Thread-2591] INFO  impl.RaftServerImpl (RaftServerImpl.java:setRole(184)) - 5c3956af-60d3-411f-8c98-c7ed3576de5c@group-EE856C9543A1: changes role from  FOLLOWER to CANDIDATE at term 392 for changeToCandidate
2019-10-16 21:53:40,875 [Thread-2591] INFO  impl.RoleInfo (RoleInfo.java:updateAndGet(143)) - 5c3956af-60d3-411f-8c98-c7ed3576de5c: start LeaderElection
2019-10-16 21:53:40,889 [5c3956af-60d3-411f-8c98-c7ed3576de5c@group-EE856C9543A1-LeaderElection359] INFO  impl.LeaderElection (LeaderElection.java:askForVotes(178)) - 5c3956af-60d3-411f-8c98-c7ed3576de5c@group-EE856C9543A1-LeaderElection359: begin an election at term 393 for -1: [5c3956af-60d3-411f-8c98-c7ed3576de5c:192.168.34.38:33787, efb933de-cdd8-4d8d-88d2-4c7ffe0dec1a:192.168.34.38:42459, 9d88716d-5d6b-4fd8-b832-a110dc45ee66:192.168.34.38:38211], old=null
2019-10-16 21:53:40,891 [grpc-default-executor-1] INFO  impl.RaftServerImpl (RaftServerImpl.java:setRole(184)) - 9d88716d-5d6b-4fd8-b832-a110dc45ee66@group-EE856C9543A1: changes role from  FOLLOWER to FOLLOWER at term 393 for recognizeCandidate:5c3956af-60d3-411f-8c98-c7ed3576de5c
2019-10-16 21:53:40,891 [grpc-default-executor-5] INFO  impl.RaftServerImpl (RaftServerImpl.java:setRole(184)) - efb933de-cdd8-4d8d-88d2-4c7ffe0dec1a@group-EE856C9543A1: changes role from  FOLLOWER to FOLLOWER at term 393 for recognizeCandidate:5c3956af-60d3-411f-8c98-c7ed3576de5c
2019-10-16 21:53:40,891 [grpc-default-executor-5] INFO  impl.RoleInfo (RoleInfo.java:shutdownFollowerState(121)) - efb933de-cdd8-4d8d-88d2-4c7ffe0dec1a: shutdown FollowerState
2019-10-16 21:53:40,891 [grpc-default-executor-1] INFO  impl.RoleInfo (RoleInfo.java:shutdownFollowerState(121)) - 9d88716d-5d6b-4fd8-b832-a110dc45ee66: shutdown FollowerState
2019-10-16 21:53:40,891 [Thread-2589] INFO  impl.FollowerState (FollowerState.java:run(117)) - efb933de-cdd8-4d8d-88d2-4c7ffe0dec1a@group-EE856C9543A1-FollowerState was interrupted: java.lang.InterruptedException: sleep interrupted
2019-10-16 21:53:40,891 [grpc-default-executor-5] INFO  impl.RoleInfo (RoleInfo.java:updateAndGet(143)) - efb933de-cdd8-4d8d-88d2-4c7ffe0dec1a: start FollowerState
2019-10-16 21:53:40,891 [grpc-default-executor-1] INFO  impl.RoleInfo (RoleInfo.java:updateAndGet(143)) - 9d88716d-5d6b-4fd8-b832-a110dc45ee66: start FollowerState
2019-10-16 21:53:40,891 [Thread-2590] INFO  impl.FollowerState (FollowerState.java:run(117)) - 9d88716d-5d6b-4fd8-b832-a110dc45ee66@group-EE856C9543A1-FollowerState was interrupted: java.lang.InterruptedException: sleep interrupted
2019-10-16 21:53:40,906 [5c3956af-60d3-411f-8c98-c7ed3576de5c@group-EE856C9543A1-LeaderElection359] INFO  impl.LeaderElection (LeaderElection.java:logAndReturn(56)) - 5c3956af-60d3-411f-8c98-c7ed3576de5c@group-EE856C9543A1-LeaderElection359: Election REJECTED; received 2 response(s) [5c3956af-60d3-411f-8c98-c7ed3576de5c<-efb933de-cdd8-4d8d-88d2-4c7ffe0dec1a#0:FAIL-t393, 5c3956af-60d3-411f-8c98-c7ed3576de5c<-9d88716d-5d6b-4fd8-b832-a110dc45ee66#0:FAIL-t393] and 0 exception(s); 5c3956af-60d3-411f-8c98-c7ed3576de5c@group-EE856C9543A1:t393, leader=null, voted=5c3956af-60d3-411f-8c98-c7ed3576de5c, raftlog=5c3956af-60d3-411f-8c98-c7ed3576de5c@group-EE856C9543A1-SegmentedRaftLog:OPENED:c-1,f-1,i0, conf=-1: [5c3956af-60d3-411f-8c98-c7ed3576de5c:192.168.34.38:33787, efb933de-cdd8-4d8d-88d2-4c7ffe0dec1a:192.168.34.38:42459, 9d88716d-5d6b-4fd8-b832-a110dc45ee66:192.168.34.38:38211], old=null
2019-10-16 21:53:40,906 [5c3956af-60d3-411f-8c98-c7ed3576de5c@group-EE856C9543A1-LeaderElection359] INFO  impl.RaftServerImpl (RaftServerImpl.java:setRole(184)) - 5c3956af-60d3-411f-8c98-c7ed3576de5c@group-EE856C9543A1: changes role from CANDIDATE to FOLLOWER at term 393 for DISCOVERED_A_NEW_TERM
2019-10-16 21:53:40,906 [5c3956af-60d3-411f-8c98-c7ed3576de5c@group-EE856C9543A1-LeaderElection359] INFO  impl.RoleInfo (RoleInfo.java:shutdownLeaderElection(134)) - 5c3956af-60d3-411f-8c98-c7ed3576de5c: shutdown LeaderElection
2019-10-16 21:53:40,906 [5c3956af-60d3-411f-8c98-c7ed3576de5c@group-EE856C9543A1-LeaderElection359] INFO  impl.RoleInfo (RoleInfo.java:updateAndGet(143)) - 5c3956af-60d3-411f-8c98-c7ed3576de5c: start FollowerState
2019-10-16 21:53:40,945 [Thread-2597] INFO  impl.FollowerState (FollowerState.java:run(108)) - 5c3956af-60d3-411f-8c98-c7ed3576de5c@group-EE856C9543A1-FollowerState: change to CANDIDATE, lastRpcTime:38ms, electionTimeout:38ms
2019-10-16 21:53:40,945 [Thread-2597] INFO  impl.RoleInfo (RoleInfo.java:shutdownFollowerState(121)) - 5c3956af-60d3-411f-8c98-c7ed3576de5c: shutdown FollowerState
2019-10-16 21:53:40,945 [Thread-2597] INFO  impl.RaftServerImpl (RaftServerImpl.java:setRole(184)) - 5c3956af-60d3-411f-8c98-c7ed3576de5c@group-EE856C9543A1: changes role from  FOLLOWER to CANDIDATE at term 393 for changeToCandidate
2019-10-16 21:53:40,945 [Thread-2597] INFO  impl.RoleInfo (RoleInfo.java:updateAndGet(143)) - 5c3956af-60d3-411f-8c98-c7ed3576de5c: start LeaderElection
2019-10-16 21:53:40,958 [5c3956af-60d3-411f-8c98-c7ed3576de5c@group-EE856C9543A1-LeaderElection360] INFO  impl.LeaderElection (LeaderElection.java:askForVotes(178)) - 5c3956af-60d3-411f-8c98-c7ed3576de5c@group-EE856C9543A1-LeaderElection360: begin an election at term 394 for -1: [5c3956af-60d3-411f-8c98-c7ed3576de5c:192.168.34.38:33787, efb933de-cdd8-4d8d-88d2-4c7ffe0dec1a:192.168.34.38:42459, 9d88716d-5d6b-4fd8-b832-a110dc45ee66:192.168.34.38:38211], old=null
2019-10-16 21:53:40,960 [grpc-default-executor-5] INFO  impl.RaftServerImpl (RaftServerImpl.java:setRole(184)) - 9d88716d-5d6b-4fd8-b832-a110dc45ee66@group-EE856C9543A1: changes role from  FOLLOWER to FOLLOWER at term 394 for recognizeCandidate:5c3956af-60d3-411f-8c98-c7ed3576de5c
2019-10-16 21:53:40,960 [grpc-default-executor-1] INFO  impl.RaftServerImpl (RaftServerImpl.java:setRole(184)) - efb933de-cdd8-4d8d-88d2-4c7ffe0dec1a@group-EE856C9543A1: changes role from  FOLLOWER to FOLLOWER at term 394 for recognizeCandidate:5c3956af-60d3-411f-8c98-c7ed3576de5c
2019-10-16 21:53:40,961 [grpc-default-executor-5] INFO  impl.RoleInfo (RoleInfo.java:shutdownFollowerState(121)) - 9d88716d-5d6b-4fd8-b832-a110dc45ee66: shutdown FollowerState
2019-10-16 21:53:40,961 [grpc-default-executor-1] INFO  impl.RoleInfo (RoleInfo.java:shutdownFollowerState(121)) - efb933de-cdd8-4d8d-88d2-4c7ffe0dec1a: shutdown FollowerState
2019-10-16 21:53:40,961 [Thread-2596] INFO  impl.FollowerState (FollowerState.java:run(117)) - 9d88716d-5d6b-4fd8-b832-a110dc45ee66@group-EE856C9543A1-FollowerState was interrupted: java.lang.InterruptedException: sleep interrupted
2019-10-16 21:53:40,961 [grpc-default-executor-5] INFO  impl.RoleInfo (RoleInfo.java:updateAndGet(143)) - 9d88716d-5d6b-4fd8-b832-a110dc45ee66: start FollowerState
2019-10-16 21:53:40,961 [Thread-2595] INFO  impl.FollowerState (FollowerState.java:run(117)) - efb933de-cdd8-4d8d-88d2-4c7ffe0dec1a@group-EE856C9543A1-FollowerState was interrupted: java.lang.InterruptedException: sleep interrupted
2019-10-16 21:53:40,961 [grpc-default-executor-1] INFO  impl.RoleInfo (RoleInfo.java:updateAndGet(143)) - efb933de-cdd8-4d8d-88d2-4c7ffe0dec1a: start FollowerState
2019-10-16 21:53:40,975 [5c3956af-60d3-411f-8c98-c7ed3576de5c@group-EE856C9543A1-LeaderElection360] INFO  impl.LeaderElection (LeaderElection.java:logAndReturn(56)) - 5c3956af-60d3-411f-8c98-c7ed3576de5c@group-EE856C9543A1-LeaderElection360: Election REJECTED; received 2 response(s) [5c3956af-60d3-411f-8c98-c7ed3576de5c<-efb933de-cdd8-4d8d-88d2-4c7ffe0dec1a#0:FAIL-t394, 5c3956af-60d3-411f-8c98-c7ed3576de5c<-9d88716d-5d6b-4fd8-b832-a110dc45ee66#0:FAIL-t394] and 0 exception(s); 5c3956af-60d3-411f-8c98-c7ed3576de5c@group-EE856C9543A1:t394, leader=null, voted=5c3956af-60d3-411f-8c98-c7ed3576de5c, raftlog=5c3956af-60d3-411f-8c98-c7ed3576de5c@group-EE856C9543A1-SegmentedRaftLog:OPENED:c-1,f-1,i0, conf=-1: [5c3956af-60d3-411f-8c98-c7ed3576de5c:192.168.34.38:33787, efb933de-cdd8-4d8d-88d2-4c7ffe0dec1a:192.168.34.38:42459, 9d88716d-5d6b-4fd8-b832-a110dc45ee66:192.168.34.38:38211], old=null
2019-10-16 21:53:40,976 [5c3956af-60d3-411f-8c98-c7ed3576de5c@group-EE856C9543A1-LeaderElection360] INFO  impl.RaftServerImpl (RaftServerImpl.java:setRole(184)) - 5c3956af-60d3-411f-8c98-c7ed3576de5c@group-EE856C9543A1: changes role from CANDIDATE to FOLLOWER at term 394 for DISCOVERED_A_NEW_TERM
2019-10-16 21:53:40,976 [5c3956af-60d3-411f-8c98-c7ed3576de5c@group-EE856C9543A1-LeaderElection360] INFO  impl.RoleInfo (RoleInfo.java:shutdownLeaderElection(134)) - 5c3956af-60d3-411f-8c98-c7ed3576de5c: shutdown LeaderElection
2019-10-16 21:53:40,976 [5c3956af-60d3-411f-8c98-c7ed3576de5c@group-EE856C9543A1-LeaderElection360] INFO  impl.RoleInfo (RoleInfo.java:updateAndGet(143)) - 5c3956af-60d3-411f-8c98-c7ed3576de5c: start FollowerState
2019-10-16 21:53:40,978 [Thread-2603] INFO  impl.FollowerState (FollowerState.java:run(108)) - 5c3956af-60d3-411f-8c98-c7ed3576de5c@group-EE856C9543A1-FollowerState: change to CANDIDATE, lastRpcTime:2ms, electionTimeout:2ms
2019-10-16 21:53:40,978 [Thread-2603] INFO  impl.RoleInfo (RoleInfo.java:shutdownFollowerState(121)) - 5c3956af-60d3-411f-8c98-c7ed3576de5c: shutdown FollowerState
2019-10-16 21:53:40,978 [Thread-2603] INFO  impl.RaftServerImpl (RaftServerImpl.java:setRole(184)) - 5c3956af-60d3-411f-8c98-c7ed3576de5c@group-EE856C9543A1: changes role from  FOLLOWER to CANDIDATE at term 394 for changeToCandidate
2019-10-16 21:53:40,978 [Thread-2603] INFO  impl.RoleInfo (RoleInfo.java:updateAndGet(143)) - 5c3956af-60d3-411f-8c98-c7ed3576de5c: start LeaderElection
2019-10-16 21:53:40,992 [5c3956af-60d3-411f-8c98-c7ed3576de5c@group-EE856C9543A1-LeaderElection361] INFO  impl.LeaderElection (LeaderElection.java:askForVotes(178)) - 5c3956af-60d3-411f-8c98-c7ed3576de5c@group-EE856C9543A1-LeaderElection361: begin an election at term 395 for -1: [5c3956af-60d3-411f-8c98-c7ed3576de5c:192.168.34.38:33787, efb933de-cdd8-4d8d-88d2-4c7ffe0dec1a:192.168.34.38:42459, 9d88716d-5d6b-4fd8-b832-a110dc45ee66:192.168.34.38:38211], old=null
2019-10-16 21:53:40,993 [grpc-default-executor-5] INFO  impl.RaftServerImpl (RaftServerImpl.java:setRole(184)) - efb933de-cdd8-4d8d-88d2-4c7ffe0dec1a@group-EE856C9543A1: changes role from  FOLLOWER to FOLLOWER at term 395 for recognizeCandidate:5c3956af-60d3-411f-8c98-c7ed3576de5c
2019-10-16 21:53:40,993 [grpc-default-executor-1] INFO  impl.RaftServerImpl (RaftServerImpl.java:setRole(184)) - 9d88716d-5d6b-4fd8-b832-a110dc45ee66@group-EE856C9543A1: changes role from  FOLLOWER to FOLLOWER at term 395 for recognizeCandidate:5c3956af-60d3-411f-8c98-c7ed3576de5c
2019-10-16 21:53:40,993 [grpc-default-executor-5] INFO  impl.RoleInfo (RoleInfo.java:shutdownFollowerState(121)) - efb933de-cdd8-4d8d-88d2-4c7ffe0dec1a: shutdown FollowerState
2019-10-16 21:53:40,994 [grpc-default-executor-1] INFO  impl.RoleInfo (RoleInfo.java:shutdownFollowerState(121)) - 9d88716d-5d6b-4fd8-b832-a110dc45ee66: shutdown FollowerState
2019-10-16 21:53:40,994 [grpc-default-executor-1] INFO  impl.RoleInfo (RoleInfo.java:updateAndGet(143)) - 9d88716d-5d6b-4fd8-b832-a110dc45ee66: start FollowerState
2019-10-16 21:53:40,994 [Thread-2602] INFO  impl.FollowerState (FollowerState.java:run(117)) - efb933de-cdd8-4d8d-88d2-4c7ffe0dec1a@group-EE856C9543A1-FollowerState was interrupted: java.lang.InterruptedException: sleep interrupted
2019-10-16 21:53:40,994 [grpc-default-executor-5] INFO  impl.RoleInfo (RoleInfo.java:updateAndGet(143)) - efb933de-cdd8-4d8d-88d2-4c7ffe0dec1a: start FollowerState
2019-10-16 21:53:40,994 [Thread-2601] INFO  impl.FollowerState (FollowerState.java:run(117)) - 9d88716d-5d6b-4fd8-b832-a110dc45ee66@group-EE856C9543A1-FollowerState was interrupted: java.lang.InterruptedException: sleep interrupted
2019-10-16 21:53:41,007 [5c3956af-60d3-411f-8c98-c7ed3576de5c@group-EE856C9543A1-LeaderElection361] INFO  impl.LeaderElection (LeaderElection.java:logAndReturn(56)) - 5c3956af-60d3-411f-8c98-c7ed3576de5c@group-EE856C9543A1-LeaderElection361: Election REJECTED; received 2 response(s) [5c3956af-60d3-411f-8c98-c7ed3576de5c<-efb933de-cdd8-4d8d-88d2-4c7ffe0dec1a#0:FAIL-t395, 5c3956af-60d3-411f-8c98-c7ed3576de5c<-9d88716d-5d6b-4fd8-b832-a110dc45ee66#0:FAIL-t395] and 0 exception(s); 5c3956af-60d3-411f-8c98-c7ed3576de5c@group-EE856C9543A1:t395, leader=null, voted=5c3956af-60d3-411f-8c98-c7ed3576de5c, raftlog=5c3956af-60d3-411f-8c98-c7ed3576de5c@group-EE856C9543A1-SegmentedRaftLog:OPENED:c-1,f-1,i0, conf=-1: [5c3956af-60d3-411f-8c98-c7ed3576de5c:192.168.34.38:33787, efb933de-cdd8-4d8d-88d2-4c7ffe0dec1a:192.168.34.38:42459, 9d88716d-5d6b-4fd8-b832-a110dc45ee66:192.168.34.38:38211], old=null
2019-10-16 21:53:41,007 [5c3956af-60d3-411f-8c98-c7ed3576de5c@group-EE856C9543A1-LeaderElection361] INFO  impl.RaftServerImpl (RaftServerImpl.java:setRole(184)) - 5c3956af-60d3-411f-8c98-c7ed3576de5c@group-EE856C9543A1: changes role from CANDIDATE to FOLLOWER at term 395 for DISCOVERED_A_NEW_TERM
2019-10-16 21:53:41,008 [5c3956af-60d3-411f-8c98-c7ed3576de5c@group-EE856C9543A1-LeaderElection361] INFO  impl.RoleInfo (RoleInfo.java:shutdownLeaderElection(134)) - 5c3956af-60d3-411f-8c98-c7ed3576de5c: shutdown LeaderElection
2019-10-16 21:53:41,008 [5c3956af-60d3-411f-8c98-c7ed3576de5c@group-EE856C9543A1-LeaderElection361] INFO  impl.RoleInfo (RoleInfo.java:updateAndGet(143)) - 5c3956af-60d3-411f-8c98-c7ed3576de5c: start FollowerState
2019-10-16 21:53:41,027 [Thread-2609] INFO  impl.FollowerState (FollowerState.java:run(108)) - 5c3956af-60d3-411f-8c98-c7ed3576de5c@group-EE856C9543A1-FollowerState: change to CANDIDATE, lastRpcTime:19ms, electionTimeout:19ms
2019-10-16 21:53:41,027 [Thread-2609] INFO  impl.RoleInfo (RoleInfo.java:shutdownFollowerState(121)) - 5c3956af-60d3-411f-8c98-c7ed3576de5c: shutdown FollowerState
2019-10-16 21:53:41,027 [Thread-2609] INFO  impl.RaftServerImpl (RaftServerImpl.java:setRole(184)) - 5c3956af-60d3-411f-8c98-c7ed3576de5c@group-EE856C9543A1: changes role from  FOLLOWER to CANDIDATE at term 395 for changeToCandidate
2019-10-16 21:53:41,028 [Thread-2609] INFO  impl.RoleInfo (RoleInfo.java:updateAndGet(143)) - 5c3956af-60d3-411f-8c98-c7ed3576de5c: start LeaderElection
2019-10-16 21:53:41,041 [5c3956af-60d3-411f-8c98-c7ed3576de5c@group-EE856C9543A1-LeaderElection362] INFO  impl.LeaderElection (LeaderElection.java:askForVotes(178)) - 5c3956af-60d3-411f-8c98-c7ed3576de5c@group-EE856C9543A1-LeaderElection362: begin an election at term 396 for -1: [5c3956af-60d3-411f-8c98-c7ed3576de5c:192.168.34.38:33787, efb933de-cdd8-4d8d-88d2-4c7ffe0dec1a:192.168.34.38:42459, 9d88716d-5d6b-4fd8-b832-a110dc45ee66:192.168.34.38:38211], old=null
2019-10-16 21:53:41,043 [grpc-default-executor-1] INFO  impl.RaftServerImpl (RaftServerImpl.java:setRole(184)) - efb933de-cdd8-4d8d-88d2-4c7ffe0dec1a@group-EE856C9543A1: changes role from  FOLLOWER to FOLLOWER at term 396 for recognizeCandidate:5c3956af-60d3-411f-8c98-c7ed3576de5c
2019-10-16 21:53:41,043 [grpc-default-executor-5] INFO  impl.RaftServerImpl (RaftServerImpl.java:setRole(184)) - 9d88716d-5d6b-4fd8-b832-a110dc45ee66@group-EE856C9543A1: changes role from  FOLLOWER to FOLLOWER at term 396 for recognizeCandidate:5c3956af-60d3-411f-8c98-c7ed3576de5c
2019-10-16 21:53:41,043 [grpc-default-executor-5] INFO  impl.RoleInfo (RoleInfo.java:shutdownFollowerState(121)) - 9d88716d-5d6b-4fd8-b832-a110dc45ee66: shutdown FollowerState
2019-10-16 21:53:41,043 [grpc-default-executor-1] INFO  impl.RoleInfo (RoleInfo.java:shutdownFollowerState(121)) - efb933de-cdd8-4d8d-88d2-4c7ffe0dec1a: shutdown FollowerState
2019-10-16 21:53:41,044 [Thread-2608] INFO  impl.FollowerState (FollowerState.java:run(117)) - 9d88716d-5d6b-4fd8-b832-a110dc45ee66@group-EE856C9543A1-FollowerState was interrupted: java.lang.InterruptedException: sleep interrupted
2019-10-16 21:53:41,044 [grpc-default-executor-5] INFO  impl.RoleInfo (RoleInfo.java:updateAndGet(143)) - 9d88716d-5d6b-4fd8-b832-a110dc45ee66: start FollowerState
2019-10-16 21:53:41,044 [Thread-2607] INFO  impl.FollowerState (FollowerState.java:run(117)) - efb933de-cdd8-4d8d-88d2-4c7ffe0dec1a@group-EE856C9543A1-FollowerState was interrupted: java.lang.InterruptedException: sleep interrupted
2019-10-16 21:53:41,044 [grpc-default-executor-1] INFO  impl.RoleInfo (RoleInfo.java:updateAndGet(143)) - efb933de-cdd8-4d8d-88d2-4c7ffe0dec1a: start FollowerState
2019-10-16 21:53:41,063 [5c3956af-60d3-411f-8c98-c7ed3576de5c@group-EE856C9543A1-LeaderElection362] INFO  impl.LeaderElection (LeaderElection.java:logAndReturn(56)) - 5c3956af-60d3-411f-8c98-c7ed3576de5c@group-EE856C9543A1-LeaderElection362: Election REJECTED; received 2 response(s) [5c3956af-60d3-411f-8c98-c7ed3576de5c<-efb933de-cdd8-4d8d-88d2-4c7ffe0dec1a#0:FAIL-t396, 5c3956af-60d3-411f-8c98-c7ed3576de5c<-9d88716d-5d6b-4fd8-b832-a110dc45ee66#0:FAIL-t396] and 0 exception(s); 5c3956af-60d3-411f-8c98-c7ed3576de5c@group-EE856C9543A1:t396, leader=null, voted=5c3956af-60d3-411f-8c98-c7ed3576de5c, raftlog=5c3956af-60d3-411f-8c98-c7ed3576de5c@group-EE856C9543A1-SegmentedRaftLog:OPENED:c-1,f-1,i0, conf=-1: [5c3956af-60d3-411f-8c98-c7ed3576de5c:192.168.34.38:33787, efb933de-cdd8-4d8d-88d2-4c7ffe0dec1a:192.168.34.38:42459, 9d88716d-5d6b-4fd8-b832-a110dc45ee66:192.168.34.38:38211], old=null
2019-10-16 21:53:41,063 [5c3956af-60d3-411f-8c98-c7ed3576de5c@group-EE856C9543A1-LeaderElection362] INFO  impl.RaftServerImpl (RaftServerImpl.java:setRole(184)) - 5c3956af-60d3-411f-8c98-c7ed3576de5c@group-EE856C9543A1: changes role from CANDIDATE to FOLLOWER at term 396 for DISCOVERED_A_NEW_TERM
2019-10-16 21:53:41,064 [5c3956af-60d3-411f-8c98-c7ed3576de5c@group-EE856C9543A1-LeaderElection362] INFO  impl.RoleInfo (RoleInfo.java:shutdownLeaderElection(134)) - 5c3956af-60d3-411f-8c98-c7ed3576de5c: shutdown LeaderElection
2019-10-16 21:53:41,064 [5c3956af-60d3-411f-8c98-c7ed3576de5c@group-EE856C9543A1-LeaderElection362] INFO  impl.RoleInfo (RoleInfo.java:updateAndGet(143)) - 5c3956af-60d3-411f-8c98-c7ed3576de5c: start FollowerState
2019-10-16 21:53:41,092 [Thread-2615] INFO  impl.FollowerState (FollowerState.java:run(108)) - 5c3956af-60d3-411f-8c98-c7ed3576de5c@group-EE856C9543A1-FollowerState: change to CANDIDATE, lastRpcTime:28ms, electionTimeout:28ms
2019-10-16 21:53:41,092 [Thread-2615] INFO  impl.RoleInfo (RoleInfo.java:shutdownFollowerState(121)) - 5c3956af-60d3-411f-8c98-c7ed3576de5c: shutdown FollowerState
2019-10-16 21:53:41,092 [Thread-2615] INFO  impl.RaftServerImpl (RaftServerImpl.java:setRole(184)) - 5c3956af-60d3-411f-8c98-c7ed3576de5c@group-EE856C9543A1: changes role from  FOLLOWER to CANDIDATE at term 396 for changeToCandidate
2019-10-16 21:53:41,093 [Thread-2615] INFO  impl.RoleInfo (RoleInfo.java:updateAndGet(143)) - 5c3956af-60d3-411f-8c98-c7ed3576de5c: start LeaderElection
2019-10-16 21:53:41,107 [5c3956af-60d3-411f-8c98-c7ed3576de5c@group-EE856C9543A1-LeaderElection363] INFO  impl.LeaderElection (LeaderElection.java:askForVotes(178)) - 5c3956af-60d3-411f-8c98-c7ed3576de5c@group-EE856C9543A1-LeaderElection363: begin an election at term 397 for -1: [5c3956af-60d3-411f-8c98-c7ed3576de5c:192.168.34.38:33787, efb933de-cdd8-4d8d-88d2-4c7ffe0dec1a:192.168.34.38:42459, 9d88716d-5d6b-4fd8-b832-a110dc45ee66:192.168.34.38:38211], old=null
2019-10-16 21:53:41,108 [grpc-default-executor-5] INFO  impl.RaftServerImpl (RaftServerImpl.java:setRole(184)) - 9d88716d-5d6b-4fd8-b832-a110dc45ee66@group-EE856C9543A1: changes role from  FOLLOWER to FOLLOWER at term 397 for recognizeCandidate:5c3956af-60d3-411f-8c98-c7ed3576de5c
2019-10-16 21:53:41,109 [grpc-default-executor-5] INFO  impl.RoleInfo (RoleInfo.java:shutdownFollowerState(121)) - 9d88716d-5d6b-4fd8-b832-a110dc45ee66: shutdown FollowerState
2019-10-16 21:53:41,108 [grpc-default-executor-1] INFO  impl.RaftServerImpl (RaftServerImpl.java:setRole(184)) - efb933de-cdd8-4d8d-88d2-4c7ffe0dec1a@group-EE856C9543A1: changes role from  FOLLOWER to FOLLOWER at term 397 for recognizeCandidate:5c3956af-60d3-411f-8c98-c7ed3576de5c
2019-10-16 21:53:41,109 [Thread-2613] INFO  impl.FollowerState (FollowerState.java:run(117)) - 9d88716d-5d6b-4fd8-b832-a110dc45ee66@group-EE856C9543A1-FollowerState was interrupted: java.lang.InterruptedException: sleep interrupted
2019-10-16 21:53:41,109 [grpc-default-executor-5] INFO  impl.RoleInfo (RoleInfo.java:updateAndGet(143)) - 9d88716d-5d6b-4fd8-b832-a110dc45ee66: start FollowerState
2019-10-16 21:53:41,109 [grpc-default-executor-1] INFO  impl.RoleInfo (RoleInfo.java:shutdownFollowerState(121)) - efb933de-cdd8-4d8d-88d2-4c7ffe0dec1a: shutdown FollowerState
2019-10-16 21:53:41,109 [grpc-default-executor-1] INFO  impl.RoleInfo (RoleInfo.java:updateAndGet(143)) - efb933de-cdd8-4d8d-88d2-4c7ffe0dec1a: start FollowerState
2019-10-16 21:53:41,109 [Thread-2614] INFO  impl.FollowerState (FollowerState.java:run(117)) - efb933de-cdd8-4d8d-88d2-4c7ffe0dec1a@group-EE856C9543A1-FollowerState was interrupted: java.lang.InterruptedException: sleep interrupted
2019-10-16 21:53:41,124 [5c3956af-60d3-411f-8c98-c7ed3576de5c@group-EE856C9543A1-LeaderElection363] INFO  impl.LeaderElection (LeaderElection.java:logAndReturn(56)) - 5c3956af-60d3-411f-8c98-c7ed3576de5c@group-EE856C9543A1-LeaderElection363: Election REJECTED; received 2 response(s) [5c3956af-60d3-411f-8c98-c7ed3576de5c<-efb933de-cdd8-4d8d-88d2-4c7ffe0dec1a#0:FAIL-t397, 5c3956af-60d3-411f-8c98-c7ed3576de5c<-9d88716d-5d6b-4fd8-b832-a110dc45ee66#0:FAIL-t397] and 0 exception(s); 5c3956af-60d3-411f-8c98-c7ed3576de5c@group-EE856C9543A1:t397, leader=null, voted=5c3956af-60d3-411f-8c98-c7ed3576de5c, raftlog=5c3956af-60d3-411f-8c98-c7ed3576de5c@group-EE856C9543A1-SegmentedRaftLog:OPENED:c-1,f-1,i0, conf=-1: [5c3956af-60d3-411f-8c98-c7ed3576de5c:192.168.34.38:33787, efb933de-cdd8-4d8d-88d2-4c7ffe0dec1a:192.168.34.38:42459, 9d88716d-5d6b-4fd8-b832-a110dc45ee66:192.168.34.38:38211], old=null
2019-10-16 21:53:41,124 [5c3956af-60d3-411f-8c98-c7ed3576de5c@group-EE856C9543A1-LeaderElection363] INFO  impl.RaftServerImpl (RaftServerImpl.java:setRole(184)) - 5c3956af-60d3-411f-8c98-c7ed3576de5c@group-EE856C9543A1: changes role from CANDIDATE to FOLLOWER at term 397 for DISCOVERED_A_NEW_TERM
2019-10-16 21:53:41,124 [5c3956af-60d3-411f-8c98-c7ed3576de5c@group-EE856C9543A1-LeaderElection363] INFO  impl.RoleInfo (RoleInfo.java:shutdownLeaderElection(134)) - 5c3956af-60d3-411f-8c98-c7ed3576de5c: shutdown LeaderElection
2019-10-16 21:53:41,124 [5c3956af-60d3-411f-8c98-c7ed3576de5c@group-EE856C9543A1-LeaderElection363] INFO  impl.RoleInfo (RoleInfo.java:updateAndGet(143)) - 5c3956af-60d3-411f-8c98-c7ed3576de5c: start FollowerState
2019-10-16 21:53:41,127 [Thread-2621] INFO  impl.FollowerState (FollowerState.java:run(108)) - 5c3956af-60d3-411f-8c98-c7ed3576de5c@group-EE856C9543A1-FollowerState: change to CANDIDATE, lastRpcTime:3ms, electionTimeout:3ms
2019-10-16 21:53:41,127 [Thread-2621] INFO  impl.RoleInfo (RoleInfo.java:shutdownFollowerState(121)) - 5c3956af-60d3-411f-8c98-c7ed3576de5c: shutdown FollowerState
2019-10-16 21:53:41,128 [Thread-2621] INFO  impl.RaftServerImpl (RaftServerImpl.java:setRole(184)) - 5c3956af-60d3-411f-8c98-c7ed3576de5c@group-EE856C9543A1: changes role from  FOLLOWER to CANDIDATE at term 397 for changeToCandidate
2019-10-16 21:53:41,128 [Thread-2621] INFO  impl.RoleInfo (RoleInfo.java:updateAndGet(143)) - 5c3956af-60d3-411f-8c98-c7ed3576de5c: start LeaderElection
2019-10-16 21:53:41,141 [5c3956af-60d3-411f-8c98-c7ed3576de5c@group-EE856C9543A1-LeaderElection364] INFO  impl.LeaderElection (LeaderElection.java:askForVotes(178)) - 5c3956af-60d3-411f-8c98-c7ed3576de5c@group-EE856C9543A1-LeaderElection364: begin an election at term 398 for -1: [5c3956af-60d3-411f-8c98-c7ed3576de5c:192.168.34.38:33787, efb933de-cdd8-4d8d-88d2-4c7ffe0dec1a:192.168.34.38:42459, 9d88716d-5d6b-4fd8-b832-a110dc45ee66:192.168.34.38:38211], old=null
2019-10-16 21:53:41,142 [grpc-default-executor-5] INFO  impl.RaftServerImpl (RaftServerImpl.java:setRole(184)) - efb933de-cdd8-4d8d-88d2-4c7ffe0dec1a@group-EE856C9543A1: changes role from  FOLLOWER to FOLLOWER at term 398 for recognizeCandidate:5c3956af-60d3-411f-8c98-c7ed3576de5c
2019-10-16 21:53:41,143 [grpc-default-executor-5] INFO  impl.RoleInfo (RoleInfo.java:shutdownFollowerState(121)) - efb933de-cdd8-4d8d-88d2-4c7ffe0dec1a: shutdown FollowerState
2019-10-16 21:53:41,143 [grpc-default-executor-1] INFO  impl.RaftServerImpl (RaftServerImpl.java:setRole(184)) - 9d88716d-5d6b-4fd8-b832-a110dc45ee66@group-EE856C9543A1: changes role from  FOLLOWER to FOLLOWER at term 398 for recognizeCandidate:5c3956af-60d3-411f-8c98-c7ed3576de5c
2019-10-16 21:53:41,143 [Thread-2620] INFO  impl.FollowerState (FollowerState.java:run(117)) - efb933de-cdd8-4d8d-88d2-4c7ffe0dec1a@group-EE856C9543A1-FollowerState was interrupted: java.lang.InterruptedException: sleep interrupted
2019-10-16 21:53:41,143 [grpc-default-executor-5] INFO  impl.RoleInfo (RoleInfo.java:updateAndGet(143)) - efb933de-cdd8-4d8d-88d2-4c7ffe0dec1a: start FollowerState
2019-10-16 21:53:41,143 [grpc-default-executor-1] INFO  impl.RoleInfo (RoleInfo.java:shutdownFollowerState(121)) - 9d88716d-5d6b-4fd8-b832-a110dc45ee66: shutdown FollowerState
2019-10-16 21:53:41,143 [grpc-default-executor-1] INFO  impl.RoleInfo (RoleInfo.java:updateAndGet(143)) - 9d88716d-5d6b-4fd8-b832-a110dc45ee66: start FollowerState
2019-10-16 21:53:41,143 [Thread-2619] INFO  impl.FollowerState (FollowerState.java:run(117)) - 9d88716d-5d6b-4fd8-b832-a110dc45ee66@group-EE856C9543A1-FollowerState was interrupted: java.lang.InterruptedException: sleep interrupted
2019-10-16 21:53:41,158 [5c3956af-60d3-411f-8c98-c7ed3576de5c@group-EE856C9543A1-LeaderElection364] INFO  impl.LeaderElection (LeaderElection.java:logAndReturn(56)) - 5c3956af-60d3-411f-8c98-c7ed3576de5c@group-EE856C9543A1-LeaderElection364: Election REJECTED; received 2 response(s) [5c3956af-60d3-411f-8c98-c7ed3576de5c<-efb933de-cdd8-4d8d-88d2-4c7ffe0dec1a#0:FAIL-t398, 5c3956af-60d3-411f-8c98-c7ed3576de5c<-9d88716d-5d6b-4fd8-b832-a110dc45ee66#0:FAIL-t398] and 0 exception(s); 5c3956af-60d3-411f-8c98-c7ed3576de5c@group-EE856C9543A1:t398, leader=null, voted=5c3956af-60d3-411f-8c98-c7ed3576de5c, raftlog=5c3956af-60d3-411f-8c98-c7ed3576de5c@group-EE856C9543A1-SegmentedRaftLog:OPENED:c-1,f-1,i0, conf=-1: [5c3956af-60d3-411f-8c98-c7ed3576de5c:192.168.34.38:33787, efb933de-cdd8-4d8d-88d2-4c7ffe0dec1a:192.168.34.38:42459, 9d88716d-5d6b-4fd8-b832-a110dc45ee66:192.168.34.38:38211], old=null
2019-10-16 21:53:41,158 [5c3956af-60d3-411f-8c98-c7ed3576de5c@group-EE856C9543A1-LeaderElection364] INFO  impl.RaftServerImpl (RaftServerImpl.java:setRole(184)) - 5c3956af-60d3-411f-8c98-c7ed3576de5c@group-EE856C9543A1: changes role from CANDIDATE to FOLLOWER at term 398 for DISCOVERED_A_NEW_TERM
2019-10-16 21:53:41,158 [5c3956af-60d3-411f-8c98-c7ed3576de5c@group-EE856C9543A1-LeaderElection364] INFO  impl.RoleInfo (RoleInfo.java:shutdownLeaderElection(134)) - 5c3956af-60d3-411f-8c98-c7ed3576de5c: shutdown LeaderElection
2019-10-16 21:53:41,158 [5c3956af-60d3-411f-8c98-c7ed3576de5c@group-EE856C9543A1-LeaderElection364] INFO  impl.RoleInfo (RoleInfo.java:updateAndGet(143)) - 5c3956af-60d3-411f-8c98-c7ed3576de5c: start FollowerState
2019-10-16 21:53:41,343 [Thread-2627] INFO  impl.FollowerState (FollowerState.java:run(108)) - 5c3956af-60d3-411f-8c98-c7ed3576de5c@group-EE856C9543A1-FollowerState: change to CANDIDATE, lastRpcTime:184ms, electionTimeout:184ms
2019-10-16 21:53:41,343 [Thread-2627] INFO  impl.RoleInfo (RoleInfo.java:shutdownFollowerState(121)) - 5c3956af-60d3-411f-8c98-c7ed3576de5c: shutdown FollowerState
2019-10-16 21:53:41,343 [Thread-2627] INFO  impl.RaftServerImpl (RaftServerImpl.java:setRole(184)) - 5c3956af-60d3-411f-8c98-c7ed3576de5c@group-EE856C9543A1: changes role from  FOLLOWER to CANDIDATE at term 398 for changeToCandidate
2019-10-16 21:53:41,343 [Thread-2627] INFO  impl.RoleInfo (RoleInfo.java:updateAndGet(143)) - 5c3956af-60d3-411f-8c98-c7ed3576de5c: start LeaderElection
2019-10-16 21:53:41,351 [5c3956af-60d3-411f-8c98-c7ed3576de5c@group-EE856C9543A1-LeaderElection365] INFO  impl.LeaderElection (LeaderElection.java:askForVotes(178)) - 5c3956af-60d3-411f-8c98-c7ed3576de5c@group-EE856C9543A1-LeaderElection365: begin an election at term 399 for -1: [5c3956af-60d3-411f-8c98-c7ed3576de5c:192.168.34.38:33787, efb933de-cdd8-4d8d-88d2-4c7ffe0dec1a:192.168.34.38:42459, 9d88716d-5d6b-4fd8-b832-a110dc45ee66:192.168.34.38:38211], old=null
2019-10-16 21:53:41,353 [grpc-default-executor-5] INFO  impl.RaftServerImpl (RaftServerImpl.java:setRole(184)) - 9d88716d-5d6b-4fd8-b832-a110dc45ee66@group-EE856C9543A1: changes role from  FOLLOWER to FOLLOWER at term 399 for recognizeCandidate:5c3956af-60d3-411f-8c98-c7ed3576de5c
2019-10-16 21:53:41,353 [grpc-default-executor-5] INFO  impl.RoleInfo (RoleInfo.java:shutdownFollowerState(121)) - 9d88716d-5d6b-4fd8-b832-a110dc45ee66: shutdown FollowerState
2019-10-16 21:53:41,353 [grpc-default-executor-1] INFO  impl.RaftServerImpl (RaftServerImpl.java:setRole(184)) - efb933de-cdd8-4d8d-88d2-4c7ffe0dec1a@group-EE856C9543A1: changes role from  FOLLOWER to FOLLOWER at term 399 for recognizeCandidate:5c3956af-60d3-411f-8c98-c7ed3576de5c
2019-10-16 21:53:41,353 [Thread-2626] INFO  impl.FollowerState (FollowerState.java:run(117)) - 9d88716d-5d6b-4fd8-b832-a110dc45ee66@group-EE856C9543A1-FollowerState was interrupted: java.lang.InterruptedException: sleep interrupted
2019-10-16 21:53:41,353 [grpc-default-executor-5] INFO  impl.RoleInfo (RoleInfo.java:updateAndGet(143)) - 9d88716d-5d6b-4fd8-b832-a110dc45ee66: start FollowerState
2019-10-16 21:53:41,354 [grpc-default-executor-1] INFO  impl.RoleInfo (RoleInfo.java:shutdownFollowerState(121)) - efb933de-cdd8-4d8d-88d2-4c7ffe0dec1a: shutdown FollowerState
2019-10-16 21:53:41,354 [grpc-default-executor-1] INFO  impl.RoleInfo (RoleInfo.java:updateAndGet(143)) - efb933de-cdd8-4d8d-88d2-4c7ffe0dec1a: start FollowerState
2019-10-16 21:53:41,354 [Thread-2625] INFO  impl.FollowerState (FollowerState.java:run(117)) - efb933de-cdd8-4d8d-88d2-4c7ffe0dec1a@group-EE856C9543A1-FollowerState was interrupted: java.lang.InterruptedException: sleep interrupted
2019-10-16 21:53:41,368 [5c3956af-60d3-411f-8c98-c7ed3576de5c@group-EE856C9543A1-LeaderElection365] INFO  impl.LeaderElection (LeaderElection.java:logAndReturn(56)) - 5c3956af-60d3-411f-8c98-c7ed3576de5c@group-EE856C9543A1-LeaderElection365: Election REJECTED; received 2 response(s) [5c3956af-60d3-411f-8c98-c7ed3576de5c<-efb933de-cdd8-4d8d-88d2-4c7ffe0dec1a#0:FAIL-t399, 5c3956af-60d3-411f-8c98-c7ed3576de5c<-9d88716d-5d6b-4fd8-b832-a110dc45ee66#0:FAIL-t399] and 0 exception(s); 5c3956af-60d3-411f-8c98-c7ed3576de5c@group-EE856C9543A1:t399, leader=null, voted=5c3956af-60d3-411f-8c98-c7ed3576de5c, raftlog=5c3956af-60d3-411f-8c98-c7ed3576de5c@group-EE856C9543A1-SegmentedRaftLog:OPENED:c-1,f-1,i0, conf=-1: [5c3956af-60d3-411f-8c98-c7ed3576de5c:192.168.34.38:33787, efb933de-cdd8-4d8d-88d2-4c7ffe0dec1a:192.168.34.38:42459, 9d88716d-5d6b-4fd8-b832-a110dc45ee66:192.168.34.38:38211], old=null
2019-10-16 21:53:41,368 [5c3956af-60d3-411f-8c98-c7ed3576de5c@group-EE856C9543A1-LeaderElection365] INFO  impl.RaftServerImpl (RaftServerImpl.java:setRole(184)) - 5c3956af-60d3-411f-8c98-c7ed3576de5c@group-EE856C9543A1: changes role from CANDIDATE to FOLLOWER at term 399 for DISCOVERED_A_NEW_TERM
2019-10-16 21:53:41,368 [5c3956af-60d3-411f-8c98-c7ed3576de5c@group-EE856C9543A1-LeaderElection365] INFO  impl.RoleInfo (RoleInfo.java:shutdownLeaderElection(134)) - 5c3956af-60d3-411f-8c98-c7ed3576de5c: shutdown LeaderElection
2019-10-16 21:53:41,368 [5c3956af-60d3-411f-8c98-c7ed3576de5c@group-EE856C9543A1-LeaderElection365] INFO  impl.RoleInfo (RoleInfo.java:updateAndGet(143)) - 5c3956af-60d3-411f-8c98-c7ed3576de5c: start FollowerState
2019-10-16 21:53:41,392 [Thread-2633] INFO  impl.FollowerState (FollowerState.java:run(108)) - 5c3956af-60d3-411f-8c98-c7ed3576de5c@group-EE856C9543A1-FollowerState: change to CANDIDATE, lastRpcTime:23ms, electionTimeout:23ms
2019-10-16 21:53:41,392 [Thread-2633] INFO  impl.RoleInfo (RoleInfo.java:shutdownFollowerState(121)) - 5c3956af-60d3-411f-8c98-c7ed3576de5c: shutdown FollowerState
2019-10-16 21:53:41,392 [Thread-2633] INFO  impl.RaftServerImpl (RaftServerImpl.java:setRole(184)) - 5c3956af-60d3-411f-8c98-c7ed3576de5c@group-EE856C9543A1: changes role from  FOLLOWER to CANDIDATE at term 399 for changeToCandidate
2019-10-16 21:53:41,392 [Thread-2633] INFO  impl.RoleInfo (RoleInfo.java:updateAndGet(143)) - 5c3956af-60d3-411f-8c98-c7ed3576de5c: start LeaderElection
2019-10-16 21:53:41,405 [5c3956af-60d3-411f-8c98-c7ed3576de5c@group-EE856C9543A1-LeaderElection366] INFO  impl.LeaderElection (LeaderElection.java:askForVotes(178)) - 5c3956af-60d3-411f-8c98-c7ed3576de5c@group-EE856C9543A1-LeaderElection366: begin an election at term 400 for -1: [5c3956af-60d3-411f-8c98-c7ed3576de5c:192.168.34.38:33787, efb933de-cdd8-4d8d-88d2-4c7ffe0dec1a:192.168.34.38:42459, 9d88716d-5d6b-4fd8-b832-a110dc45ee66:192.168.34.38:38211], old=null
2019-10-16 21:53:41,407 [grpc-default-executor-5] INFO  impl.RaftServerImpl (RaftServerImpl.java:setRole(184)) - efb933de-cdd8-4d8d-88d2-4c7ffe0dec1a@group-EE856C9543A1: changes role from  FOLLOWER to FOLLOWER at term 400 for recognizeCandidate:5c3956af-60d3-411f-8c98-c7ed3576de5c
2019-10-16 21:53:41,407 [grpc-default-executor-5] INFO  impl.RoleInfo (RoleInfo.java:shutdownFollowerState(121)) - efb933de-cdd8-4d8d-88d2-4c7ffe0dec1a: shutdown FollowerState
2019-10-16 21:53:41,407 [grpc-default-executor-1] INFO  impl.RaftServerImpl (RaftServerImpl.java:setRole(184)) - 9d88716d-5d6b-4fd8-b832-a110dc45ee66@group-EE856C9543A1: changes role from  FOLLOWER to FOLLOWER at term 400 for recognizeCandidate:5c3956af-60d3-411f-8c98-c7ed3576de5c
2019-10-16 21:53:41,408 [Thread-2632] INFO  impl.FollowerState (FollowerState.java:run(117)) - efb933de-cdd8-4d8d-88d2-4c7ffe0dec1a@group-EE856C9543A1-FollowerState was interrupted: java.lang.InterruptedException: sleep interrupted
2019-10-16 21:53:41,408 [grpc-default-executor-5] INFO  impl.RoleInfo (RoleInfo.java:updateAndGet(143)) - efb933de-cdd8-4d8d-88d2-4c7ffe0dec1a: start FollowerState
2019-10-16 21:53:41,408 [grpc-default-executor-1] INFO  impl.RoleInfo (RoleInfo.java:shutdownFollowerState(121)) - 9d88716d-5d6b-4fd8-b832-a110dc45ee66: shutdown FollowerState
2019-10-16 21:53:41,408 [Thread-2631] INFO  impl.FollowerState (FollowerState.java:run(117)) - 9d88716d-5d6b-4fd8-b832-a110dc45ee66@group-EE856C9543A1-FollowerState was interrupted: java.lang.InterruptedException: sleep interrupted
2019-10-16 21:53:41,408 [grpc-default-executor-1] INFO  impl.RoleInfo (RoleInfo.java:updateAndGet(143)) - 9d88716d-5d6b-4fd8-b832-a110dc45ee66: start FollowerState
2019-10-16 21:53:41,422 [5c3956af-60d3-411f-8c98-c7ed3576de5c@group-EE856C9543A1-LeaderElection366] INFO  impl.LeaderElection (LeaderElection.java:logAndReturn(56)) - 5c3956af-60d3-411f-8c98-c7ed3576de5c@group-EE856C9543A1-LeaderElection366: Election REJECTED; received 2 response(s) [5c3956af-60d3-411f-8c98-c7ed3576de5c<-efb933de-cdd8-4d8d-88d2-4c7ffe0dec1a#0:FAIL-t400, 5c3956af-60d3-411f-8c98-c7ed3576de5c<-9d88716d-5d6b-4fd8-b832-a110dc45ee66#0:FAIL-t400] and 0 exception(s); 5c3956af-60d3-411f-8c98-c7ed3576de5c@group-EE856C9543A1:t400, leader=null, voted=5c3956af-60d3-411f-8c98-c7ed3576de5c, raftlog=5c3956af-60d3-411f-8c98-c7ed3576de5c@group-EE856C9543A1-SegmentedRaftLog:OPENED:c-1,f-1,i0, conf=-1: [5c3956af-60d3-411f-8c98-c7ed3576de5c:192.168.34.38:33787, efb933de-cdd8-4d8d-88d2-4c7ffe0dec1a:192.168.34.38:42459, 9d88716d-5d6b-4fd8-b832-a110dc45ee66:192.168.34.38:38211], old=null
2019-10-16 21:53:41,422 [5c3956af-60d3-411f-8c98-c7ed3576de5c@group-EE856C9543A1-LeaderElection366] INFO  impl.RaftServerImpl (RaftServerImpl.java:setRole(184)) - 5c3956af-60d3-411f-8c98-c7ed3576de5c@group-EE856C9543A1: changes role from CANDIDATE to FOLLOWER at term 400 for DISCOVERED_A_NEW_TERM
2019-10-16 21:53:41,422 [5c3956af-60d3-411f-8c98-c7ed3576de5c@group-EE856C9543A1-LeaderElection366] INFO  impl.RoleInfo (RoleInfo.java:shutdownLeaderElection(134)) - 5c3956af-60d3-411f-8c98-c7ed3576de5c: shutdown LeaderElection
2019-10-16 21:53:41,422 [5c3956af-60d3-411f-8c98-c7ed3576de5c@group-EE856C9543A1-LeaderElection366] INFO  impl.RoleInfo (RoleInfo.java:updateAndGet(143)) - 5c3956af-60d3-411f-8c98-c7ed3576de5c: start FollowerState
2019-10-16 21:53:41,570 [Thread-2639] INFO  impl.FollowerState (FollowerState.java:run(108)) - 5c3956af-60d3-411f-8c98-c7ed3576de5c@group-EE856C9543A1-FollowerState: change to CANDIDATE, lastRpcTime:147ms, electionTimeout:147ms
2019-10-16 21:53:41,570 [Thread-2639] INFO  impl.RoleInfo (RoleInfo.java:shutdownFollowerState(121)) - 5c3956af-60d3-411f-8c98-c7ed3576de5c: shutdown FollowerState
2019-10-16 21:53:41,570 [Thread-2639] INFO  impl.RaftServerImpl (RaftServerImpl.java:setRole(184)) - 5c3956af-60d3-411f-8c98-c7ed3576de5c@group-EE856C9543A1: changes role from  FOLLOWER to CANDIDATE at term 400 for changeToCandidate
2019-10-16 21:53:41,570 [Thread-2639] INFO  impl.RoleInfo (RoleInfo.java:updateAndGet(143)) - 5c3956af-60d3-411f-8c98-c7ed3576de5c: start LeaderElection
2019-10-16 21:53:41,584 [5c3956af-60d3-411f-8c98-c7ed3576de5c@group-EE856C9543A1-LeaderElection367] INFO  impl.LeaderElection (LeaderElection.java:askForVotes(178)) - 5c3956af-60d3-411f-8c98-c7ed3576de5c@group-EE856C9543A1-LeaderElection367: begin an election at term 401 for -1: [5c3956af-60d3-411f-8c98-c7ed3576de5c:192.168.34.38:33787, efb933de-cdd8-4d8d-88d2-4c7ffe0dec1a:192.168.34.38:42459, 9d88716d-5d6b-4fd8-b832-a110dc45ee66:192.168.34.38:38211], old=null
2019-10-16 21:53:41,586 [grpc-default-executor-5] INFO  impl.RaftServerImpl (RaftServerImpl.java:setRole(184)) - efb933de-cdd8-4d8d-88d2-4c7ffe0dec1a@group-EE856C9543A1: changes role from  FOLLOWER to FOLLOWER at term 401 for recognizeCandidate:5c3956af-60d3-411f-8c98-c7ed3576de5c
2019-10-16 21:53:41,586 [grpc-default-executor-5] INFO  impl.RoleInfo (RoleInfo.java:shutdownFollowerState(121)) - efb933de-cdd8-4d8d-88d2-4c7ffe0dec1a: shutdown FollowerState
2019-10-16 21:53:41,586 [grpc-default-executor-1] INFO  impl.RaftServerImpl (RaftServerImpl.java:setRole(184)) - 9d88716d-5d6b-4fd8-b832-a110dc45ee66@group-EE856C9543A1: changes role from  FOLLOWER to FOLLOWER at term 401 for recognizeCandidate:5c3956af-60d3-411f-8c98-c7ed3576de5c
2019-10-16 21:53:41,587 [grpc-default-executor-1] INFO  impl.RoleInfo (RoleInfo.java:shutdownFollowerState(121)) - 9d88716d-5d6b-4fd8-b832-a110dc45ee66: shutdown FollowerState
2019-10-16 21:53:41,587 [Thread-2637] INFO  impl.FollowerState (FollowerState.java:run(117)) - efb933de-cdd8-4d8d-88d2-4c7ffe0dec1a@group-EE856C9543A1-FollowerState was interrupted: java.lang.InterruptedException: sleep interrupted
2019-10-16 21:53:41,586 [grpc-default-executor-5] INFO  impl.RoleInfo (RoleInfo.java:updateAndGet(143)) - efb933de-cdd8-4d8d-88d2-4c7ffe0dec1a: start FollowerState
2019-10-16 21:53:41,587 [Thread-2638] INFO  impl.FollowerState (FollowerState.java:run(117)) - 9d88716d-5d6b-4fd8-b832-a110dc45ee66@group-EE856C9543A1-FollowerState was interrupted: java.lang.InterruptedException: sleep interrupted
2019-10-16 21:53:41,587 [grpc-default-executor-1] INFO  impl.RoleInfo (RoleInfo.java:updateAndGet(143)) - 9d88716d-5d6b-4fd8-b832-a110dc45ee66: start FollowerState
2019-10-16 21:53:41,589 [5c3956af-60d3-411f-8c98-c7ed3576de5c@group-EE856C9543A1-LeaderElection367] INFO  impl.LeaderElection (LeaderElection.java:logAndReturn(56)) - 5c3956af-60d3-411f-8c98-c7ed3576de5c@group-EE856C9543A1-LeaderElection367: Election TIMEOUT; received 0 response(s) [] and 0 exception(s); 5c3956af-60d3-411f-8c98-c7ed3576de5c@group-EE856C9543A1:t401, leader=null, voted=5c3956af-60d3-411f-8c98-c7ed3576de5c, raftlog=5c3956af-60d3-411f-8c98-c7ed3576de5c@group-EE856C9543A1-SegmentedRaftLog:OPENED:c-1,f-1,i0, conf=-1: [5c3956af-60d3-411f-8c98-c7ed3576de5c:192.168.34.38:33787, efb933de-cdd8-4d8d-88d2-4c7ffe0dec1a:192.168.34.38:42459, 9d88716d-5d6b-4fd8-b832-a110dc45ee66:192.168.34.38:38211], old=null
2019-10-16 21:53:41,603 [5c3956af-60d3-411f-8c98-c7ed3576de5c@group-EE856C9543A1-LeaderElection367] INFO  impl.LeaderElection (LeaderElection.java:askForVotes(178)) - 5c3956af-60d3-411f-8c98-c7ed3576de5c@group-EE856C9543A1-LeaderElection367: begin an election at term 402 for -1: [5c3956af-60d3-411f-8c98-c7ed3576de5c:192.168.34.38:33787, efb933de-cdd8-4d8d-88d2-4c7ffe0dec1a:192.168.34.38:42459, 9d88716d-5d6b-4fd8-b832-a110dc45ee66:192.168.34.38:38211], old=null
2019-10-16 21:53:41,605 [grpc-default-executor-1] INFO  impl.RaftServerImpl (RaftServerImpl.java:setRole(184)) - efb933de-cdd8-4d8d-88d2-4c7ffe0dec1a@group-EE856C9543A1: changes role from  FOLLOWER to FOLLOWER at term 402 for recognizeCandidate:5c3956af-60d3-411f-8c98-c7ed3576de5c
2019-10-16 21:53:41,605 [grpc-default-executor-1] INFO  impl.RoleInfo (RoleInfo.java:shutdownFollowerState(121)) - efb933de-cdd8-4d8d-88d2-4c7ffe0dec1a: shutdown FollowerState
2019-10-16 21:53:41,605 [grpc-default-executor-1] INFO  impl.RoleInfo (RoleInfo.java:updateAndGet(143)) - efb933de-cdd8-4d8d-88d2-4c7ffe0dec1a: start FollowerState
2019-10-16 21:53:41,605 [grpc-default-executor-5] INFO  impl.RaftServerImpl (RaftServerImpl.java:setRole(184)) - 9d88716d-5d6b-4fd8-b832-a110dc45ee66@group-EE856C9543A1: changes role from  FOLLOWER to FOLLOWER at term 402 for recognizeCandidate:5c3956af-60d3-411f-8c98-c7ed3576de5c
2019-10-16 21:53:41,605 [grpc-default-executor-5] INFO  impl.RoleInfo (RoleInfo.java:shutdownFollowerState(121)) - 9d88716d-5d6b-4fd8-b832-a110dc45ee66: shutdown FollowerState
2019-10-16 21:53:41,605 [Thread-2643] INFO  impl.FollowerState (FollowerState.java:run(117)) - efb933de-cdd8-4d8d-88d2-4c7ffe0dec1a@group-EE856C9543A1-FollowerState was interrupted: java.lang.InterruptedException: sleep interrupted
2019-10-16 21:53:41,605 [Thread-2644] INFO  impl.FollowerState (FollowerState.java:run(117)) - 9d88716d-5d6b-4fd8-b832-a110dc45ee66@group-EE856C9543A1-FollowerState was interrupted: java.lang.InterruptedException: sleep interrupted
2019-10-16 21:53:41,605 [grpc-default-executor-5] INFO  impl.RoleInfo (RoleInfo.java:updateAndGet(143)) - 9d88716d-5d6b-4fd8-b832-a110dc45ee66: start FollowerState
2019-10-16 21:53:41,636 [5c3956af-60d3-411f-8c98-c7ed3576de5c@group-EE856C9543A1-LeaderElection367] INFO  impl.LeaderElection (LeaderElection.java:logAndReturn(56)) - 5c3956af-60d3-411f-8c98-c7ed3576de5c@group-EE856C9543A1-LeaderElection367: Election REJECTED; received 2 response(s) [5c3956af-60d3-411f-8c98-c7ed3576de5c<-efb933de-cdd8-4d8d-88d2-4c7ffe0dec1a#0:FAIL-t402, 5c3956af-60d3-411f-8c98-c7ed3576de5c<-9d88716d-5d6b-4fd8-b832-a110dc45ee66#0:FAIL-t402] and 0 exception(s); 5c3956af-60d3-411f-8c98-c7ed3576de5c@group-EE856C9543A1:t402, leader=null, voted=5c3956af-60d3-411f-8c98-c7ed3576de5c, raftlog=5c3956af-60d3-411f-8c98-c7ed3576de5c@group-EE856C9543A1-SegmentedRaftLog:OPENED:c-1,f-1,i0, conf=-1: [5c3956af-60d3-411f-8c98-c7ed3576de5c:192.168.34.38:33787, efb933de-cdd8-4d8d-88d2-4c7ffe0dec1a:192.168.34.38:42459, 9d88716d-5d6b-4fd8-b832-a110dc45ee66:192.168.34.38:38211], old=null
2019-10-16 21:53:41,636 [5c3956af-60d3-411f-8c98-c7ed3576de5c@group-EE856C9543A1-LeaderElection367] INFO  impl.RaftServerImpl (RaftServerImpl.java:setRole(184)) - 5c3956af-60d3-411f-8c98-c7ed3576de5c@group-EE856C9543A1: changes role from CANDIDATE to FOLLOWER at term 402 for DISCOVERED_A_NEW_TERM
2019-10-16 21:53:41,636 [5c3956af-60d3-411f-8c98-c7ed3576de5c@group-EE856C9543A1-LeaderElection367] INFO  impl.RoleInfo (RoleInfo.java:shutdownLeaderElection(134)) - 5c3956af-60d3-411f-8c98-c7ed3576de5c: shutdown LeaderElection
2019-10-16 21:53:41,637 [5c3956af-60d3-411f-8c98-c7ed3576de5c@group-EE856C9543A1-LeaderElection367] INFO  impl.RoleInfo (RoleInfo.java:updateAndGet(143)) - 5c3956af-60d3-411f-8c98-c7ed3576de5c: start FollowerState
2019-10-16 21:53:41,656 [JUnit] INFO  ozone.MiniOzoneClusterImpl (MiniOzoneClusterImpl.java:lambda$waitForClusterToBeReady$2(164)) - Waiting for 1 number of pipelines out of 6, to report a leader.
2019-10-16 21:53:41,826 [Thread-2649] INFO  impl.FollowerState (FollowerState.java:run(108)) - 5c3956af-60d3-411f-8c98-c7ed3576de5c@group-EE856C9543A1-FollowerState: change to CANDIDATE, lastRpcTime:189ms, electionTimeout:189ms
2019-10-16 21:53:41,826 [Thread-2649] INFO  impl.RoleInfo (RoleInfo.java:shutdownFollowerState(121)) - 5c3956af-60d3-411f-8c98-c7ed3576de5c: shutdown FollowerState
2019-10-16 21:53:41,826 [Thread-2649] INFO  impl.RaftServerImpl (RaftServerImpl.java:setRole(184)) - 5c3956af-60d3-411f-8c98-c7ed3576de5c@group-EE856C9543A1: changes role from  FOLLOWER to CANDIDATE at term 402 for changeToCandidate
2019-10-16 21:53:41,829 [Thread-2649] INFO  impl.RoleInfo (RoleInfo.java:updateAndGet(143)) - 5c3956af-60d3-411f-8c98-c7ed3576de5c: start LeaderElection
2019-10-16 21:53:41,843 [5c3956af-60d3-411f-8c98-c7ed3576de5c@group-EE856C9543A1-LeaderElection368] INFO  impl.LeaderElection (LeaderElection.java:askForVotes(178)) - 5c3956af-60d3-411f-8c98-c7ed3576de5c@group-EE856C9543A1-LeaderElection368: begin an election at term 403 for -1: [5c3956af-60d3-411f-8c98-c7ed3576de5c:192.168.34.38:33787, efb933de-cdd8-4d8d-88d2-4c7ffe0dec1a:192.168.34.38:42459, 9d88716d-5d6b-4fd8-b832-a110dc45ee66:192.168.34.38:38211], old=null
2019-10-16 21:53:41,849 [grpc-default-executor-5] INFO  impl.RaftServerImpl (RaftServerImpl.java:setRole(184)) - efb933de-cdd8-4d8d-88d2-4c7ffe0dec1a@group-EE856C9543A1: changes role from  FOLLOWER to FOLLOWER at term 403 for recognizeCandidate:5c3956af-60d3-411f-8c98-c7ed3576de5c
2019-10-16 21:53:41,849 [grpc-default-executor-5] INFO  impl.RoleInfo (RoleInfo.java:shutdownFollowerState(121)) - efb933de-cdd8-4d8d-88d2-4c7ffe0dec1a: shutdown FollowerState
2019-10-16 21:53:41,849 [grpc-default-executor-1] INFO  impl.RaftServerImpl (RaftServerImpl.java:setRole(184)) - 9d88716d-5d6b-4fd8-b832-a110dc45ee66@group-EE856C9543A1: changes role from  FOLLOWER to FOLLOWER at term 403 for recognizeCandidate:5c3956af-60d3-411f-8c98-c7ed3576de5c
2019-10-16 21:53:41,849 [grpc-default-executor-1] INFO  impl.RoleInfo (RoleInfo.java:shutdownFollowerState(121)) - 9d88716d-5d6b-4fd8-b832-a110dc45ee66: shutdown FollowerState
2019-10-16 21:53:41,856 [grpc-default-executor-1] INFO  impl.RoleInfo (RoleInfo.java:updateAndGet(143)) - 9d88716d-5d6b-4fd8-b832-a110dc45ee66: start FollowerState
2019-10-16 21:53:41,856 [grpc-default-executor-5] INFO  impl.RoleInfo (RoleInfo.java:updateAndGet(143)) - efb933de-cdd8-4d8d-88d2-4c7ffe0dec1a: start FollowerState
2019-10-16 21:53:41,856 [Thread-2647] INFO  impl.FollowerState (FollowerState.java:run(117)) - efb933de-cdd8-4d8d-88d2-4c7ffe0dec1a@group-EE856C9543A1-FollowerState was interrupted: java.lang.InterruptedException: sleep interrupted
2019-10-16 21:53:41,856 [Thread-2648] INFO  impl.FollowerState (FollowerState.java:run(117)) - 9d88716d-5d6b-4fd8-b832-a110dc45ee66@group-EE856C9543A1-FollowerState was interrupted: java.lang.InterruptedException: sleep interrupted
2019-10-16 21:53:41,872 [5c3956af-60d3-411f-8c98-c7ed3576de5c@group-EE856C9543A1-LeaderElection368] INFO  impl.LeaderElection (LeaderElection.java:logAndReturn(56)) - 5c3956af-60d3-411f-8c98-c7ed3576de5c@group-EE856C9543A1-LeaderElection368: Election REJECTED; received 2 response(s) [5c3956af-60d3-411f-8c98-c7ed3576de5c<-efb933de-cdd8-4d8d-88d2-4c7ffe0dec1a#0:FAIL-t403, 5c3956af-60d3-411f-8c98-c7ed3576de5c<-9d88716d-5d6b-4fd8-b832-a110dc45ee66#0:FAIL-t403] and 0 exception(s); 5c3956af-60d3-411f-8c98-c7ed3576de5c@group-EE856C9543A1:t403, leader=null, voted=5c3956af-60d3-411f-8c98-c7ed3576de5c, raftlog=5c3956af-60d3-411f-8c98-c7ed3576de5c@group-EE856C9543A1-SegmentedRaftLog:OPENED:c-1,f-1,i0, conf=-1: [5c3956af-60d3-411f-8c98-c7ed3576de5c:192.168.34.38:33787, efb933de-cdd8-4d8d-88d2-4c7ffe0dec1a:192.168.34.38:42459, 9d88716d-5d6b-4fd8-b832-a110dc45ee66:192.168.34.38:38211], old=null
2019-10-16 21:53:41,872 [5c3956af-60d3-411f-8c98-c7ed3576de5c@group-EE856C9543A1-LeaderElection368] INFO  impl.RaftServerImpl (RaftServerImpl.java:setRole(184)) - 5c3956af-60d3-411f-8c98-c7ed3576de5c@group-EE856C9543A1: changes role from CANDIDATE to FOLLOWER at term 403 for DISCOVERED_A_NEW_TERM
2019-10-16 21:53:41,872 [5c3956af-60d3-411f-8c98-c7ed3576de5c@group-EE856C9543A1-LeaderElection368] INFO  impl.RoleInfo (RoleInfo.java:shutdownLeaderElection(134)) - 5c3956af-60d3-411f-8c98-c7ed3576de5c: shutdown LeaderElection
2019-10-16 21:53:41,872 [5c3956af-60d3-411f-8c98-c7ed3576de5c@group-EE856C9543A1-LeaderElection368] INFO  impl.RoleInfo (RoleInfo.java:updateAndGet(143)) - 5c3956af-60d3-411f-8c98-c7ed3576de5c: start FollowerState
2019-10-16 21:53:41,902 [Thread-2655] INFO  impl.FollowerState (FollowerState.java:run(108)) - 5c3956af-60d3-411f-8c98-c7ed3576de5c@group-EE856C9543A1-FollowerState: change to CANDIDATE, lastRpcTime:29ms, electionTimeout:29ms
2019-10-16 21:53:41,902 [Thread-2655] INFO  impl.RoleInfo (RoleInfo.java:shutdownFollowerState(121)) - 5c3956af-60d3-411f-8c98-c7ed3576de5c: shutdown FollowerState
2019-10-16 21:53:41,902 [Thread-2655] INFO  impl.RaftServerImpl (RaftServerImpl.java:setRole(184)) - 5c3956af-60d3-411f-8c98-c7ed3576de5c@group-EE856C9543A1: changes role from  FOLLOWER to CANDIDATE at term 403 for changeToCandidate
2019-10-16 21:53:41,902 [Thread-2655] INFO  impl.RoleInfo (RoleInfo.java:updateAndGet(143)) - 5c3956af-60d3-411f-8c98-c7ed3576de5c: start LeaderElection
2019-10-16 21:53:41,917 [5c3956af-60d3-411f-8c98-c7ed3576de5c@group-EE856C9543A1-LeaderElection369] INFO  impl.LeaderElection (LeaderElection.java:askForVotes(178)) - 5c3956af-60d3-411f-8c98-c7ed3576de5c@group-EE856C9543A1-LeaderElection369: begin an election at term 404 for -1: [5c3956af-60d3-411f-8c98-c7ed3576de5c:192.168.34.38:33787, efb933de-cdd8-4d8d-88d2-4c7ffe0dec1a:192.168.34.38:42459, 9d88716d-5d6b-4fd8-b832-a110dc45ee66:192.168.34.38:38211], old=null
2019-10-16 21:53:41,919 [grpc-default-executor-5] INFO  impl.RaftServerImpl (RaftServerImpl.java:setRole(184)) - efb933de-cdd8-4d8d-88d2-4c7ffe0dec1a@group-EE856C9543A1: changes role from  FOLLOWER to FOLLOWER at term 404 for recognizeCandidate:5c3956af-60d3-411f-8c98-c7ed3576de5c
2019-10-16 21:53:41,919 [grpc-default-executor-5] INFO  impl.RoleInfo (RoleInfo.java:shutdownFollowerState(121)) - efb933de-cdd8-4d8d-88d2-4c7ffe0dec1a: shutdown FollowerState
2019-10-16 21:53:41,919 [grpc-default-executor-1] INFO  impl.RaftServerImpl (RaftServerImpl.java:setRole(184)) - 9d88716d-5d6b-4fd8-b832-a110dc45ee66@group-EE856C9543A1: changes role from  FOLLOWER to FOLLOWER at term 404 for recognizeCandidate:5c3956af-60d3-411f-8c98-c7ed3576de5c
2019-10-16 21:53:41,920 [Thread-2654] INFO  impl.FollowerState (FollowerState.java:run(117)) - efb933de-cdd8-4d8d-88d2-4c7ffe0dec1a@group-EE856C9543A1-FollowerState was interrupted: java.lang.InterruptedException: sleep interrupted
2019-10-16 21:53:41,920 [grpc-default-executor-5] INFO  impl.RoleInfo (RoleInfo.java:updateAndGet(143)) - efb933de-cdd8-4d8d-88d2-4c7ffe0dec1a: start FollowerState
2019-10-16 21:53:41,920 [grpc-default-executor-1] INFO  impl.RoleInfo (RoleInfo.java:shutdownFollowerState(121)) - 9d88716d-5d6b-4fd8-b832-a110dc45ee66: shutdown FollowerState
2019-10-16 21:53:41,920 [grpc-default-executor-1] INFO  impl.RoleInfo (RoleInfo.java:updateAndGet(143)) - 9d88716d-5d6b-4fd8-b832-a110dc45ee66: start FollowerState
2019-10-16 21:53:41,920 [Thread-2653] INFO  impl.FollowerState (FollowerState.java:run(117)) - 9d88716d-5d6b-4fd8-b832-a110dc45ee66@group-EE856C9543A1-FollowerState was interrupted: java.lang.InterruptedException: sleep interrupted
2019-10-16 21:53:41,935 [5c3956af-60d3-411f-8c98-c7ed3576de5c@group-EE856C9543A1-LeaderElection369] INFO  impl.LeaderElection (LeaderElection.java:logAndReturn(56)) - 5c3956af-60d3-411f-8c98-c7ed3576de5c@group-EE856C9543A1-LeaderElection369: Election REJECTED; received 2 response(s) [5c3956af-60d3-411f-8c98-c7ed3576de5c<-efb933de-cdd8-4d8d-88d2-4c7ffe0dec1a#0:FAIL-t404, 5c3956af-60d3-411f-8c98-c7ed3576de5c<-9d88716d-5d6b-4fd8-b832-a110dc45ee66#0:FAIL-t404] and 0 exception(s); 5c3956af-60d3-411f-8c98-c7ed3576de5c@group-EE856C9543A1:t404, leader=null, voted=5c3956af-60d3-411f-8c98-c7ed3576de5c, raftlog=5c3956af-60d3-411f-8c98-c7ed3576de5c@group-EE856C9543A1-SegmentedRaftLog:OPENED:c-1,f-1,i0, conf=-1: [5c3956af-60d3-411f-8c98-c7ed3576de5c:192.168.34.38:33787, efb933de-cdd8-4d8d-88d2-4c7ffe0dec1a:192.168.34.38:42459, 9d88716d-5d6b-4fd8-b832-a110dc45ee66:192.168.34.38:38211], old=null
2019-10-16 21:53:41,935 [5c3956af-60d3-411f-8c98-c7ed3576de5c@group-EE856C9543A1-LeaderElection369] INFO  impl.RaftServerImpl (RaftServerImpl.java:setRole(184)) - 5c3956af-60d3-411f-8c98-c7ed3576de5c@group-EE856C9543A1: changes role from CANDIDATE to FOLLOWER at term 404 for DISCOVERED_A_NEW_TERM
2019-10-16 21:53:41,935 [5c3956af-60d3-411f-8c98-c7ed3576de5c@group-EE856C9543A1-LeaderElection369] INFO  impl.RoleInfo (RoleInfo.java:shutdownLeaderElection(134)) - 5c3956af-60d3-411f-8c98-c7ed3576de5c: shutdown LeaderElection
2019-10-16 21:53:41,935 [5c3956af-60d3-411f-8c98-c7ed3576de5c@group-EE856C9543A1-LeaderElection369] INFO  impl.RoleInfo (RoleInfo.java:updateAndGet(143)) - 5c3956af-60d3-411f-8c98-c7ed3576de5c: start FollowerState
2019-10-16 21:53:42,081 [Thread-2661] INFO  impl.FollowerState (FollowerState.java:run(108)) - 5c3956af-60d3-411f-8c98-c7ed3576de5c@group-EE856C9543A1-FollowerState: change to CANDIDATE, lastRpcTime:145ms, electionTimeout:145ms
2019-10-16 21:53:42,081 [Thread-2661] INFO  impl.RoleInfo (RoleInfo.java:shutdownFollowerState(121)) - 5c3956af-60d3-411f-8c98-c7ed3576de5c: shutdown FollowerState
2019-10-16 21:53:42,081 [Thread-2661] INFO  impl.RaftServerImpl (RaftServerImpl.java:setRole(184)) - 5c3956af-60d3-411f-8c98-c7ed3576de5c@group-EE856C9543A1: changes role from  FOLLOWER to CANDIDATE at term 404 for changeToCandidate
2019-10-16 21:53:42,081 [Thread-2661] INFO  impl.RoleInfo (RoleInfo.java:updateAndGet(143)) - 5c3956af-60d3-411f-8c98-c7ed3576de5c: start LeaderElection
2019-10-16 21:53:42,094 [5c3956af-60d3-411f-8c98-c7ed3576de5c@group-EE856C9543A1-LeaderElection370] INFO  impl.LeaderElection (LeaderElection.java:askForVotes(178)) - 5c3956af-60d3-411f-8c98-c7ed3576de5c@group-EE856C9543A1-LeaderElection370: begin an election at term 405 for -1: [5c3956af-60d3-411f-8c98-c7ed3576de5c:192.168.34.38:33787, efb933de-cdd8-4d8d-88d2-4c7ffe0dec1a:192.168.34.38:42459, 9d88716d-5d6b-4fd8-b832-a110dc45ee66:192.168.34.38:38211], old=null
2019-10-16 21:53:42,096 [grpc-default-executor-5] INFO  impl.RaftServerImpl (RaftServerImpl.java:setRole(184)) - efb933de-cdd8-4d8d-88d2-4c7ffe0dec1a@group-EE856C9543A1: changes role from  FOLLOWER to FOLLOWER at term 405 for recognizeCandidate:5c3956af-60d3-411f-8c98-c7ed3576de5c
2019-10-16 21:53:42,096 [grpc-default-executor-5] INFO  impl.RoleInfo (RoleInfo.java:shutdownFollowerState(121)) - efb933de-cdd8-4d8d-88d2-4c7ffe0dec1a: shutdown FollowerState
2019-10-16 21:53:42,096 [grpc-default-executor-1] INFO  impl.RaftServerImpl (RaftServerImpl.java:setRole(184)) - 9d88716d-5d6b-4fd8-b832-a110dc45ee66@group-EE856C9543A1: changes role from  FOLLOWER to FOLLOWER at term 405 for recognizeCandidate:5c3956af-60d3-411f-8c98-c7ed3576de5c
2019-10-16 21:53:42,097 [grpc-default-executor-1] INFO  impl.RoleInfo (RoleInfo.java:shutdownFollowerState(121)) - 9d88716d-5d6b-4fd8-b832-a110dc45ee66: shutdown FollowerState
2019-10-16 21:53:42,097 [Thread-2659] INFO  impl.FollowerState (FollowerState.java:run(117)) - efb933de-cdd8-4d8d-88d2-4c7ffe0dec1a@group-EE856C9543A1-FollowerState was interrupted: java.lang.InterruptedException: sleep interrupted
2019-10-16 21:53:42,097 [grpc-default-executor-5] INFO  impl.RoleInfo (RoleInfo.java:updateAndGet(143)) - efb933de-cdd8-4d8d-88d2-4c7ffe0dec1a: start FollowerState
2019-10-16 21:53:42,097 [Thread-2660] INFO  impl.FollowerState (FollowerState.java:run(117)) - 9d88716d-5d6b-4fd8-b832-a110dc45ee66@group-EE856C9543A1-FollowerState was interrupted: java.lang.InterruptedException: sleep interrupted
2019-10-16 21:53:42,097 [grpc-default-executor-1] INFO  impl.RoleInfo (RoleInfo.java:updateAndGet(143)) - 9d88716d-5d6b-4fd8-b832-a110dc45ee66: start FollowerState
2019-10-16 21:53:42,109 [5c3956af-60d3-411f-8c98-c7ed3576de5c@group-EE856C9543A1-LeaderElection370] INFO  impl.LeaderElection (LeaderElection.java:logAndReturn(56)) - 5c3956af-60d3-411f-8c98-c7ed3576de5c@group-EE856C9543A1-LeaderElection370: Election REJECTED; received 2 response(s) [5c3956af-60d3-411f-8c98-c7ed3576de5c<-efb933de-cdd8-4d8d-88d2-4c7ffe0dec1a#0:FAIL-t405, 5c3956af-60d3-411f-8c98-c7ed3576de5c<-9d88716d-5d6b-4fd8-b832-a110dc45ee66#0:FAIL-t405] and 0 exception(s); 5c3956af-60d3-411f-8c98-c7ed3576de5c@group-EE856C9543A1:t405, leader=null, voted=5c3956af-60d3-411f-8c98-c7ed3576de5c, raftlog=5c3956af-60d3-411f-8c98-c7ed3576de5c@group-EE856C9543A1-SegmentedRaftLog:OPENED:c-1,f-1,i0, conf=-1: [5c3956af-60d3-411f-8c98-c7ed3576de5c:192.168.34.38:33787, efb933de-cdd8-4d8d-88d2-4c7ffe0dec1a:192.168.34.38:42459, 9d88716d-5d6b-4fd8-b832-a110dc45ee66:192.168.34.38:38211], old=null
2019-10-16 21:53:42,109 [5c3956af-60d3-411f-8c98-c7ed3576de5c@group-EE856C9543A1-LeaderElection370] INFO  impl.RaftServerImpl (RaftServerImpl.java:setRole(184)) - 5c3956af-60d3-411f-8c98-c7ed3576de5c@group-EE856C9543A1: changes role from CANDIDATE to FOLLOWER at term 405 for DISCOVERED_A_NEW_TERM
2019-10-16 21:53:42,109 [5c3956af-60d3-411f-8c98-c7ed3576de5c@group-EE856C9543A1-LeaderElection370] INFO  impl.RoleInfo (RoleInfo.java:shutdownLeaderElection(134)) - 5c3956af-60d3-411f-8c98-c7ed3576de5c: shutdown LeaderElection
2019-10-16 21:53:42,110 [5c3956af-60d3-411f-8c98-c7ed3576de5c@group-EE856C9543A1-LeaderElection370] INFO  impl.RoleInfo (RoleInfo.java:updateAndGet(143)) - 5c3956af-60d3-411f-8c98-c7ed3576de5c: start FollowerState
2019-10-16 21:53:42,228 [Thread-2667] INFO  impl.FollowerState (FollowerState.java:run(108)) - 5c3956af-60d3-411f-8c98-c7ed3576de5c@group-EE856C9543A1-FollowerState: change to CANDIDATE, lastRpcTime:118ms, electionTimeout:118ms
2019-10-16 21:53:42,228 [Thread-2667] INFO  impl.RoleInfo (RoleInfo.java:shutdownFollowerState(121)) - 5c3956af-60d3-411f-8c98-c7ed3576de5c: shutdown FollowerState
2019-10-16 21:53:42,228 [Thread-2667] INFO  impl.RaftServerImpl (RaftServerImpl.java:setRole(184)) - 5c3956af-60d3-411f-8c98-c7ed3576de5c@group-EE856C9543A1: changes role from  FOLLOWER to CANDIDATE at term 405 for changeToCandidate
2019-10-16 21:53:42,229 [Thread-2667] INFO  impl.RoleInfo (RoleInfo.java:updateAndGet(143)) - 5c3956af-60d3-411f-8c98-c7ed3576de5c: start LeaderElection
2019-10-16 21:53:42,242 [5c3956af-60d3-411f-8c98-c7ed3576de5c@group-EE856C9543A1-LeaderElection371] INFO  impl.LeaderElection (LeaderElection.java:askForVotes(178)) - 5c3956af-60d3-411f-8c98-c7ed3576de5c@group-EE856C9543A1-LeaderElection371: begin an election at term 406 for -1: [5c3956af-60d3-411f-8c98-c7ed3576de5c:192.168.34.38:33787, efb933de-cdd8-4d8d-88d2-4c7ffe0dec1a:192.168.34.38:42459, 9d88716d-5d6b-4fd8-b832-a110dc45ee66:192.168.34.38:38211], old=null
2019-10-16 21:53:42,244 [grpc-default-executor-5] INFO  impl.RaftServerImpl (RaftServerImpl.java:setRole(184)) - efb933de-cdd8-4d8d-88d2-4c7ffe0dec1a@group-EE856C9543A1: changes role from  FOLLOWER to FOLLOWER at term 406 for recognizeCandidate:5c3956af-60d3-411f-8c98-c7ed3576de5c
2019-10-16 21:53:42,244 [grpc-default-executor-5] INFO  impl.RoleInfo (RoleInfo.java:shutdownFollowerState(121)) - efb933de-cdd8-4d8d-88d2-4c7ffe0dec1a: shutdown FollowerState
2019-10-16 21:53:42,244 [grpc-default-executor-1] INFO  impl.RaftServerImpl (RaftServerImpl.java:setRole(184)) - 9d88716d-5d6b-4fd8-b832-a110dc45ee66@group-EE856C9543A1: changes role from  FOLLOWER to FOLLOWER at term 406 for recognizeCandidate:5c3956af-60d3-411f-8c98-c7ed3576de5c
2019-10-16 21:53:42,245 [grpc-default-executor-1] INFO  impl.RoleInfo (RoleInfo.java:shutdownFollowerState(121)) - 9d88716d-5d6b-4fd8-b832-a110dc45ee66: shutdown FollowerState
2019-10-16 21:53:42,245 [Thread-2665] INFO  impl.FollowerState (FollowerState.java:run(117)) - efb933de-cdd8-4d8d-88d2-4c7ffe0dec1a@group-EE856C9543A1-FollowerState was interrupted: java.lang.InterruptedException: sleep interrupted
2019-10-16 21:53:42,245 [grpc-default-executor-5] INFO  impl.RoleInfo (RoleInfo.java:updateAndGet(143)) - efb933de-cdd8-4d8d-88d2-4c7ffe0dec1a: start FollowerState
2019-10-16 21:53:42,245 [Thread-2666] INFO  impl.FollowerState (FollowerState.java:run(117)) - 9d88716d-5d6b-4fd8-b832-a110dc45ee66@group-EE856C9543A1-FollowerState was interrupted: java.lang.InterruptedException: sleep interrupted
2019-10-16 21:53:42,245 [grpc-default-executor-1] INFO  impl.RoleInfo (RoleInfo.java:updateAndGet(143)) - 9d88716d-5d6b-4fd8-b832-a110dc45ee66: start FollowerState
2019-10-16 21:53:42,260 [5c3956af-60d3-411f-8c98-c7ed3576de5c@group-EE856C9543A1-LeaderElection371] INFO  impl.LeaderElection (LeaderElection.java:logAndReturn(56)) - 5c3956af-60d3-411f-8c98-c7ed3576de5c@group-EE856C9543A1-LeaderElection371: Election REJECTED; received 2 response(s) [5c3956af-60d3-411f-8c98-c7ed3576de5c<-efb933de-cdd8-4d8d-88d2-4c7ffe0dec1a#0:FAIL-t406, 5c3956af-60d3-411f-8c98-c7ed3576de5c<-9d88716d-5d6b-4fd8-b832-a110dc45ee66#0:FAIL-t406] and 0 exception(s); 5c3956af-60d3-411f-8c98-c7ed3576de5c@group-EE856C9543A1:t406, leader=null, voted=5c3956af-60d3-411f-8c98-c7ed3576de5c, raftlog=5c3956af-60d3-411f-8c98-c7ed3576de5c@group-EE856C9543A1-SegmentedRaftLog:OPENED:c-1,f-1,i0, conf=-1: [5c3956af-60d3-411f-8c98-c7ed3576de5c:192.168.34.38:33787, efb933de-cdd8-4d8d-88d2-4c7ffe0dec1a:192.168.34.38:42459, 9d88716d-5d6b-4fd8-b832-a110dc45ee66:192.168.34.38:38211], old=null
2019-10-16 21:53:42,260 [5c3956af-60d3-411f-8c98-c7ed3576de5c@group-EE856C9543A1-LeaderElection371] INFO  impl.RaftServerImpl (RaftServerImpl.java:setRole(184)) - 5c3956af-60d3-411f-8c98-c7ed3576de5c@group-EE856C9543A1: changes role from CANDIDATE to FOLLOWER at term 406 for DISCOVERED_A_NEW_TERM
2019-10-16 21:53:42,260 [5c3956af-60d3-411f-8c98-c7ed3576de5c@group-EE856C9543A1-LeaderElection371] INFO  impl.RoleInfo (RoleInfo.java:shutdownLeaderElection(134)) - 5c3956af-60d3-411f-8c98-c7ed3576de5c: shutdown LeaderElection
2019-10-16 21:53:42,260 [5c3956af-60d3-411f-8c98-c7ed3576de5c@group-EE856C9543A1-LeaderElection371] INFO  impl.RoleInfo (RoleInfo.java:updateAndGet(143)) - 5c3956af-60d3-411f-8c98-c7ed3576de5c: start FollowerState
2019-10-16 21:53:42,342 [Thread-2673] INFO  impl.FollowerState (FollowerState.java:run(108)) - 5c3956af-60d3-411f-8c98-c7ed3576de5c@group-EE856C9543A1-FollowerState: change to CANDIDATE, lastRpcTime:81ms, electionTimeout:81ms
2019-10-16 21:53:42,342 [Thread-2673] INFO  impl.RoleInfo (RoleInfo.java:shutdownFollowerState(121)) - 5c3956af-60d3-411f-8c98-c7ed3576de5c: shutdown FollowerState
2019-10-16 21:53:42,342 [Thread-2673] INFO  impl.RaftServerImpl (RaftServerImpl.java:setRole(184)) - 5c3956af-60d3-411f-8c98-c7ed3576de5c@group-EE856C9543A1: changes role from  FOLLOWER to CANDIDATE at term 406 for changeToCandidate
2019-10-16 21:53:42,342 [Thread-2673] INFO  impl.RoleInfo (RoleInfo.java:updateAndGet(143)) - 5c3956af-60d3-411f-8c98-c7ed3576de5c: start LeaderElection
2019-10-16 21:53:42,356 [5c3956af-60d3-411f-8c98-c7ed3576de5c@group-EE856C9543A1-LeaderElection372] INFO  impl.LeaderElection (LeaderElection.java:askForVotes(178)) - 5c3956af-60d3-411f-8c98-c7ed3576de5c@group-EE856C9543A1-LeaderElection372: begin an election at term 407 for -1: [5c3956af-60d3-411f-8c98-c7ed3576de5c:192.168.34.38:33787, efb933de-cdd8-4d8d-88d2-4c7ffe0dec1a:192.168.34.38:42459, 9d88716d-5d6b-4fd8-b832-a110dc45ee66:192.168.34.38:38211], old=null
2019-10-16 21:53:42,358 [grpc-default-executor-1] INFO  impl.RaftServerImpl (RaftServerImpl.java:setRole(184)) - efb933de-cdd8-4d8d-88d2-4c7ffe0dec1a@group-EE856C9543A1: changes role from  FOLLOWER to FOLLOWER at term 407 for recognizeCandidate:5c3956af-60d3-411f-8c98-c7ed3576de5c
2019-10-16 21:53:42,358 [grpc-default-executor-1] INFO  impl.RoleInfo (RoleInfo.java:shutdownFollowerState(121)) - efb933de-cdd8-4d8d-88d2-4c7ffe0dec1a: shutdown FollowerState
2019-10-16 21:53:42,358 [grpc-default-executor-5] INFO  impl.RaftServerImpl (RaftServerImpl.java:setRole(184)) - 9d88716d-5d6b-4fd8-b832-a110dc45ee66@group-EE856C9543A1: changes role from  FOLLOWER to FOLLOWER at term 407 for recognizeCandidate:5c3956af-60d3-411f-8c98-c7ed3576de5c
2019-10-16 21:53:42,358 [Thread-2671] INFO  impl.FollowerState (FollowerState.java:run(117)) - efb933de-cdd8-4d8d-88d2-4c7ffe0dec1a@group-EE856C9543A1-FollowerState was interrupted: java.lang.InterruptedException: sleep interrupted
2019-10-16 21:53:42,358 [grpc-default-executor-1] INFO  impl.RoleInfo (RoleInfo.java:updateAndGet(143)) - efb933de-cdd8-4d8d-88d2-4c7ffe0dec1a: start FollowerState
2019-10-16 21:53:42,358 [grpc-default-executor-5] INFO  impl.RoleInfo (RoleInfo.java:shutdownFollowerState(121)) - 9d88716d-5d6b-4fd8-b832-a110dc45ee66: shutdown FollowerState
2019-10-16 21:53:42,359 [grpc-default-executor-5] INFO  impl.RoleInfo (RoleInfo.java:updateAndGet(143)) - 9d88716d-5d6b-4fd8-b832-a110dc45ee66: start FollowerState
2019-10-16 21:53:42,359 [Thread-2672] INFO  impl.FollowerState (FollowerState.java:run(117)) - 9d88716d-5d6b-4fd8-b832-a110dc45ee66@group-EE856C9543A1-FollowerState was interrupted: java.lang.InterruptedException: sleep interrupted
2019-10-16 21:53:42,373 [5c3956af-60d3-411f-8c98-c7ed3576de5c@group-EE856C9543A1-LeaderElection372] INFO  impl.LeaderElection (LeaderElection.java:logAndReturn(56)) - 5c3956af-60d3-411f-8c98-c7ed3576de5c@group-EE856C9543A1-LeaderElection372: Election REJECTED; received 2 response(s) [5c3956af-60d3-411f-8c98-c7ed3576de5c<-efb933de-cdd8-4d8d-88d2-4c7ffe0dec1a#0:FAIL-t407, 5c3956af-60d3-411f-8c98-c7ed3576de5c<-9d88716d-5d6b-4fd8-b832-a110dc45ee66#0:FAIL-t407] and 0 exception(s); 5c3956af-60d3-411f-8c98-c7ed3576de5c@group-EE856C9543A1:t407, leader=null, voted=5c3956af-60d3-411f-8c98-c7ed3576de5c, raftlog=5c3956af-60d3-411f-8c98-c7ed3576de5c@group-EE856C9543A1-SegmentedRaftLog:OPENED:c-1,f-1,i0, conf=-1: [5c3956af-60d3-411f-8c98-c7ed3576de5c:192.168.34.38:33787, efb933de-cdd8-4d8d-88d2-4c7ffe0dec1a:192.168.34.38:42459, 9d88716d-5d6b-4fd8-b832-a110dc45ee66:192.168.34.38:38211], old=null
2019-10-16 21:53:42,373 [5c3956af-60d3-411f-8c98-c7ed3576de5c@group-EE856C9543A1-LeaderElection372] INFO  impl.RaftServerImpl (RaftServerImpl.java:setRole(184)) - 5c3956af-60d3-411f-8c98-c7ed3576de5c@group-EE856C9543A1: changes role from CANDIDATE to FOLLOWER at term 407 for DISCOVERED_A_NEW_TERM
2019-10-16 21:53:42,373 [5c3956af-60d3-411f-8c98-c7ed3576de5c@group-EE856C9543A1-LeaderElection372] INFO  impl.RoleInfo (RoleInfo.java:shutdownLeaderElection(134)) - 5c3956af-60d3-411f-8c98-c7ed3576de5c: shutdown LeaderElection
2019-10-16 21:53:42,373 [5c3956af-60d3-411f-8c98-c7ed3576de5c@group-EE856C9543A1-LeaderElection372] INFO  impl.RoleInfo (RoleInfo.java:updateAndGet(143)) - 5c3956af-60d3-411f-8c98-c7ed3576de5c: start FollowerState
2019-10-16 21:53:42,572 [Thread-2679] INFO  impl.FollowerState (FollowerState.java:run(108)) - 5c3956af-60d3-411f-8c98-c7ed3576de5c@group-EE856C9543A1-FollowerState: change to CANDIDATE, lastRpcTime:198ms, electionTimeout:198ms
2019-10-16 21:53:42,572 [Thread-2679] INFO  impl.RoleInfo (RoleInfo.java:shutdownFollowerState(121)) - 5c3956af-60d3-411f-8c98-c7ed3576de5c: shutdown FollowerState
2019-10-16 21:53:42,572 [Thread-2679] INFO  impl.RaftServerImpl (RaftServerImpl.java:setRole(184)) - 5c3956af-60d3-411f-8c98-c7ed3576de5c@group-EE856C9543A1: changes role from  FOLLOWER to CANDIDATE at term 407 for changeToCandidate
2019-10-16 21:53:42,572 [Thread-2679] INFO  impl.RoleInfo (RoleInfo.java:updateAndGet(143)) - 5c3956af-60d3-411f-8c98-c7ed3576de5c: start LeaderElection
2019-10-16 21:53:42,586 [5c3956af-60d3-411f-8c98-c7ed3576de5c@group-EE856C9543A1-LeaderElection373] INFO  impl.LeaderElection (LeaderElection.java:askForVotes(178)) - 5c3956af-60d3-411f-8c98-c7ed3576de5c@group-EE856C9543A1-LeaderElection373: begin an election at term 408 for -1: [5c3956af-60d3-411f-8c98-c7ed3576de5c:192.168.34.38:33787, efb933de-cdd8-4d8d-88d2-4c7ffe0dec1a:192.168.34.38:42459, 9d88716d-5d6b-4fd8-b832-a110dc45ee66:192.168.34.38:38211], old=null
2019-10-16 21:53:42,588 [grpc-default-executor-1] INFO  impl.RaftServerImpl (RaftServerImpl.java:setRole(184)) - efb933de-cdd8-4d8d-88d2-4c7ffe0dec1a@group-EE856C9543A1: changes role from  FOLLOWER to FOLLOWER at term 408 for recognizeCandidate:5c3956af-60d3-411f-8c98-c7ed3576de5c
2019-10-16 21:53:42,589 [grpc-default-executor-1] INFO  impl.RoleInfo (RoleInfo.java:shutdownFollowerState(121)) - efb933de-cdd8-4d8d-88d2-4c7ffe0dec1a: shutdown FollowerState
2019-10-16 21:53:42,588 [grpc-default-executor-5] INFO  impl.RaftServerImpl (RaftServerImpl.java:setRole(184)) - 9d88716d-5d6b-4fd8-b832-a110dc45ee66@group-EE856C9543A1: changes role from  FOLLOWER to FOLLOWER at term 408 for recognizeCandidate:5c3956af-60d3-411f-8c98-c7ed3576de5c
2019-10-16 21:53:42,589 [Thread-2677] INFO  impl.FollowerState (FollowerState.java:run(117)) - efb933de-cdd8-4d8d-88d2-4c7ffe0dec1a@group-EE856C9543A1-FollowerState was interrupted: java.lang.InterruptedException: sleep interrupted
2019-10-16 21:53:42,589 [grpc-default-executor-1] INFO  impl.RoleInfo (RoleInfo.java:updateAndGet(143)) - efb933de-cdd8-4d8d-88d2-4c7ffe0dec1a: start FollowerState
2019-10-16 21:53:42,589 [grpc-default-executor-5] INFO  impl.RoleInfo (RoleInfo.java:shutdownFollowerState(121)) - 9d88716d-5d6b-4fd8-b832-a110dc45ee66: shutdown FollowerState
2019-10-16 21:53:42,590 [grpc-default-executor-5] INFO  impl.RoleInfo (RoleInfo.java:updateAndGet(143)) - 9d88716d-5d6b-4fd8-b832-a110dc45ee66: start FollowerState
2019-10-16 21:53:42,590 [Thread-2678] INFO  impl.FollowerState (FollowerState.java:run(117)) - 9d88716d-5d6b-4fd8-b832-a110dc45ee66@group-EE856C9543A1-FollowerState was interrupted: java.lang.InterruptedException: sleep interrupted
2019-10-16 21:53:42,604 [5c3956af-60d3-411f-8c98-c7ed3576de5c@group-EE856C9543A1-LeaderElection373] INFO  impl.LeaderElection (LeaderElection.java:logAndReturn(56)) - 5c3956af-60d3-411f-8c98-c7ed3576de5c@group-EE856C9543A1-LeaderElection373: Election REJECTED; received 2 response(s) [5c3956af-60d3-411f-8c98-c7ed3576de5c<-efb933de-cdd8-4d8d-88d2-4c7ffe0dec1a#0:FAIL-t408, 5c3956af-60d3-411f-8c98-c7ed3576de5c<-9d88716d-5d6b-4fd8-b832-a110dc45ee66#0:FAIL-t408] and 0 exception(s); 5c3956af-60d3-411f-8c98-c7ed3576de5c@group-EE856C9543A1:t408, leader=null, voted=5c3956af-60d3-411f-8c98-c7ed3576de5c, raftlog=5c3956af-60d3-411f-8c98-c7ed3576de5c@group-EE856C9543A1-SegmentedRaftLog:OPENED:c-1,f-1,i0, conf=-1: [5c3956af-60d3-411f-8c98-c7ed3576de5c:192.168.34.38:33787, efb933de-cdd8-4d8d-88d2-4c7ffe0dec1a:192.168.34.38:42459, 9d88716d-5d6b-4fd8-b832-a110dc45ee66:192.168.34.38:38211], old=null
2019-10-16 21:53:42,604 [5c3956af-60d3-411f-8c98-c7ed3576de5c@group-EE856C9543A1-LeaderElection373] INFO  impl.RaftServerImpl (RaftServerImpl.java:setRole(184)) - 5c3956af-60d3-411f-8c98-c7ed3576de5c@group-EE856C9543A1: changes role from CANDIDATE to FOLLOWER at term 408 for DISCOVERED_A_NEW_TERM
2019-10-16 21:53:42,604 [5c3956af-60d3-411f-8c98-c7ed3576de5c@group-EE856C9543A1-LeaderElection373] INFO  impl.RoleInfo (RoleInfo.java:shutdownLeaderElection(134)) - 5c3956af-60d3-411f-8c98-c7ed3576de5c: shutdown LeaderElection
2019-10-16 21:53:42,604 [5c3956af-60d3-411f-8c98-c7ed3576de5c@group-EE856C9543A1-LeaderElection373] INFO  impl.RoleInfo (RoleInfo.java:updateAndGet(143)) - 5c3956af-60d3-411f-8c98-c7ed3576de5c: start FollowerState
2019-10-16 21:53:42,657 [JUnit] INFO  ozone.MiniOzoneClusterImpl (MiniOzoneClusterImpl.java:lambda$waitForClusterToBeReady$2(164)) - Waiting for 1 number of pipelines out of 6, to report a leader.
2019-10-16 21:53:42,731 [Thread-2685] INFO  impl.FollowerState (FollowerState.java:run(108)) - 5c3956af-60d3-411f-8c98-c7ed3576de5c@group-EE856C9543A1-FollowerState: change to CANDIDATE, lastRpcTime:126ms, electionTimeout:126ms
2019-10-16 21:53:42,731 [Thread-2685] INFO  impl.RoleInfo (RoleInfo.java:shutdownFollowerState(121)) - 5c3956af-60d3-411f-8c98-c7ed3576de5c: shutdown FollowerState
2019-10-16 21:53:42,731 [Thread-2685] INFO  impl.RaftServerImpl (RaftServerImpl.java:setRole(184)) - 5c3956af-60d3-411f-8c98-c7ed3576de5c@group-EE856C9543A1: changes role from  FOLLOWER to CANDIDATE at term 408 for changeToCandidate
2019-10-16 21:53:42,731 [Thread-2685] INFO  impl.RoleInfo (RoleInfo.java:updateAndGet(143)) - 5c3956af-60d3-411f-8c98-c7ed3576de5c: start LeaderElection
2019-10-16 21:53:42,744 [5c3956af-60d3-411f-8c98-c7ed3576de5c@group-EE856C9543A1-LeaderElection374] INFO  impl.LeaderElection (LeaderElection.java:askForVotes(178)) - 5c3956af-60d3-411f-8c98-c7ed3576de5c@group-EE856C9543A1-LeaderElection374: begin an election at term 409 for -1: [5c3956af-60d3-411f-8c98-c7ed3576de5c:192.168.34.38:33787, efb933de-cdd8-4d8d-88d2-4c7ffe0dec1a:192.168.34.38:42459, 9d88716d-5d6b-4fd8-b832-a110dc45ee66:192.168.34.38:38211], old=null
2019-10-16 21:53:42,746 [grpc-default-executor-5] INFO  impl.RaftServerImpl (RaftServerImpl.java:setRole(184)) - efb933de-cdd8-4d8d-88d2-4c7ffe0dec1a@group-EE856C9543A1: changes role from  FOLLOWER to FOLLOWER at term 409 for recognizeCandidate:5c3956af-60d3-411f-8c98-c7ed3576de5c
2019-10-16 21:53:42,746 [grpc-default-executor-5] INFO  impl.RoleInfo (RoleInfo.java:shutdownFollowerState(121)) - efb933de-cdd8-4d8d-88d2-4c7ffe0dec1a: shutdown FollowerState
2019-10-16 21:53:42,746 [grpc-default-executor-5] INFO  impl.RoleInfo (RoleInfo.java:updateAndGet(143)) - efb933de-cdd8-4d8d-88d2-4c7ffe0dec1a: start FollowerState
2019-10-16 21:53:42,746 [Thread-2683] INFO  impl.FollowerState (FollowerState.java:run(117)) - efb933de-cdd8-4d8d-88d2-4c7ffe0dec1a@group-EE856C9543A1-FollowerState was interrupted: java.lang.InterruptedException: sleep interrupted
2019-10-16 21:53:42,747 [grpc-default-executor-1] INFO  impl.RaftServerImpl (RaftServerImpl.java:setRole(184)) - 9d88716d-5d6b-4fd8-b832-a110dc45ee66@group-EE856C9543A1: changes role from  FOLLOWER to FOLLOWER at term 409 for recognizeCandidate:5c3956af-60d3-411f-8c98-c7ed3576de5c
2019-10-16 21:53:42,747 [grpc-default-executor-1] INFO  impl.RoleInfo (RoleInfo.java:shutdownFollowerState(121)) - 9d88716d-5d6b-4fd8-b832-a110dc45ee66: shutdown FollowerState
2019-10-16 21:53:42,747 [grpc-default-executor-1] INFO  impl.RoleInfo (RoleInfo.java:updateAndGet(143)) - 9d88716d-5d6b-4fd8-b832-a110dc45ee66: start FollowerState
2019-10-16 21:53:42,747 [Thread-2684] INFO  impl.FollowerState (FollowerState.java:run(117)) - 9d88716d-5d6b-4fd8-b832-a110dc45ee66@group-EE856C9543A1-FollowerState was interrupted: java.lang.InterruptedException: sleep interrupted
2019-10-16 21:53:42,761 [5c3956af-60d3-411f-8c98-c7ed3576de5c@group-EE856C9543A1-LeaderElection374] INFO  impl.LeaderElection (LeaderElection.java:logAndReturn(56)) - 5c3956af-60d3-411f-8c98-c7ed3576de5c@group-EE856C9543A1-LeaderElection374: Election REJECTED; received 2 response(s) [5c3956af-60d3-411f-8c98-c7ed3576de5c<-efb933de-cdd8-4d8d-88d2-4c7ffe0dec1a#0:FAIL-t409, 5c3956af-60d3-411f-8c98-c7ed3576de5c<-9d88716d-5d6b-4fd8-b832-a110dc45ee66#0:FAIL-t409] and 0 exception(s); 5c3956af-60d3-411f-8c98-c7ed3576de5c@group-EE856C9543A1:t409, leader=null, voted=5c3956af-60d3-411f-8c98-c7ed3576de5c, raftlog=5c3956af-60d3-411f-8c98-c7ed3576de5c@group-EE856C9543A1-SegmentedRaftLog:OPENED:c-1,f-1,i0, conf=-1: [5c3956af-60d3-411f-8c98-c7ed3576de5c:192.168.34.38:33787, efb933de-cdd8-4d8d-88d2-4c7ffe0dec1a:192.168.34.38:42459, 9d88716d-5d6b-4fd8-b832-a110dc45ee66:192.168.34.38:38211], old=null
2019-10-16 21:53:42,761 [5c3956af-60d3-411f-8c98-c7ed3576de5c@group-EE856C9543A1-LeaderElection374] INFO  impl.RaftServerImpl (RaftServerImpl.java:setRole(184)) - 5c3956af-60d3-411f-8c98-c7ed3576de5c@group-EE856C9543A1: changes role from CANDIDATE to FOLLOWER at term 409 for DISCOVERED_A_NEW_TERM
2019-10-16 21:53:42,761 [5c3956af-60d3-411f-8c98-c7ed3576de5c@group-EE856C9543A1-LeaderElection374] INFO  impl.RoleInfo (RoleInfo.java:shutdownLeaderElection(134)) - 5c3956af-60d3-411f-8c98-c7ed3576de5c: shutdown LeaderElection
2019-10-16 21:53:42,761 [5c3956af-60d3-411f-8c98-c7ed3576de5c@group-EE856C9543A1-LeaderElection374] INFO  impl.RoleInfo (RoleInfo.java:updateAndGet(143)) - 5c3956af-60d3-411f-8c98-c7ed3576de5c: start FollowerState
2019-10-16 21:53:42,788 [Thread-2691] INFO  impl.FollowerState (FollowerState.java:run(108)) - 5c3956af-60d3-411f-8c98-c7ed3576de5c@group-EE856C9543A1-FollowerState: change to CANDIDATE, lastRpcTime:27ms, electionTimeout:27ms
2019-10-16 21:53:42,788 [Thread-2691] INFO  impl.RoleInfo (RoleInfo.java:shutdownFollowerState(121)) - 5c3956af-60d3-411f-8c98-c7ed3576de5c: shutdown FollowerState
2019-10-16 21:53:42,789 [Thread-2691] INFO  impl.RaftServerImpl (RaftServerImpl.java:setRole(184)) - 5c3956af-60d3-411f-8c98-c7ed3576de5c@group-EE856C9543A1: changes role from  FOLLOWER to CANDIDATE at term 409 for changeToCandidate
2019-10-16 21:53:42,789 [Thread-2691] INFO  impl.RoleInfo (RoleInfo.java:updateAndGet(143)) - 5c3956af-60d3-411f-8c98-c7ed3576de5c: start LeaderElection
2019-10-16 21:53:42,802 [5c3956af-60d3-411f-8c98-c7ed3576de5c@group-EE856C9543A1-LeaderElection375] INFO  impl.LeaderElection (LeaderElection.java:askForVotes(178)) - 5c3956af-60d3-411f-8c98-c7ed3576de5c@group-EE856C9543A1-LeaderElection375: begin an election at term 410 for -1: [5c3956af-60d3-411f-8c98-c7ed3576de5c:192.168.34.38:33787, efb933de-cdd8-4d8d-88d2-4c7ffe0dec1a:192.168.34.38:42459, 9d88716d-5d6b-4fd8-b832-a110dc45ee66:192.168.34.38:38211], old=null
2019-10-16 21:53:42,804 [grpc-default-executor-1] INFO  impl.RaftServerImpl (RaftServerImpl.java:setRole(184)) - efb933de-cdd8-4d8d-88d2-4c7ffe0dec1a@group-EE856C9543A1: changes role from  FOLLOWER to FOLLOWER at term 410 for recognizeCandidate:5c3956af-60d3-411f-8c98-c7ed3576de5c
2019-10-16 21:53:42,804 [grpc-default-executor-1] INFO  impl.RoleInfo (RoleInfo.java:shutdownFollowerState(121)) - efb933de-cdd8-4d8d-88d2-4c7ffe0dec1a: shutdown FollowerState
2019-10-16 21:53:42,804 [grpc-default-executor-5] INFO  impl.RaftServerImpl (RaftServerImpl.java:setRole(184)) - 9d88716d-5d6b-4fd8-b832-a110dc45ee66@group-EE856C9543A1: changes role from  FOLLOWER to FOLLOWER at term 410 for recognizeCandidate:5c3956af-60d3-411f-8c98-c7ed3576de5c
2019-10-16 21:53:42,804 [grpc-default-executor-5] INFO  impl.RoleInfo (RoleInfo.java:shutdownFollowerState(121)) - 9d88716d-5d6b-4fd8-b832-a110dc45ee66: shutdown FollowerState
2019-10-16 21:53:42,804 [grpc-default-executor-1] INFO  impl.RoleInfo (RoleInfo.java:updateAndGet(143)) - efb933de-cdd8-4d8d-88d2-4c7ffe0dec1a: start FollowerState
2019-10-16 21:53:42,804 [Thread-2689] INFO  impl.FollowerState (FollowerState.java:run(117)) - efb933de-cdd8-4d8d-88d2-4c7ffe0dec1a@group-EE856C9543A1-FollowerState was interrupted: java.lang.InterruptedException: sleep interrupted
2019-10-16 21:53:42,805 [Thread-2690] INFO  impl.FollowerState (FollowerState.java:run(117)) - 9d88716d-5d6b-4fd8-b832-a110dc45ee66@group-EE856C9543A1-FollowerState was interrupted: java.lang.InterruptedException: sleep interrupted
2019-10-16 21:53:42,804 [grpc-default-executor-5] INFO  impl.RoleInfo (RoleInfo.java:updateAndGet(143)) - 9d88716d-5d6b-4fd8-b832-a110dc45ee66: start FollowerState
2019-10-16 21:53:42,819 [5c3956af-60d3-411f-8c98-c7ed3576de5c@group-EE856C9543A1-LeaderElection375] INFO  impl.LeaderElection (LeaderElection.java:logAndReturn(56)) - 5c3956af-60d3-411f-8c98-c7ed3576de5c@group-EE856C9543A1-LeaderElection375: Election REJECTED; received 2 response(s) [5c3956af-60d3-411f-8c98-c7ed3576de5c<-efb933de-cdd8-4d8d-88d2-4c7ffe0dec1a#0:FAIL-t410, 5c3956af-60d3-411f-8c98-c7ed3576de5c<-9d88716d-5d6b-4fd8-b832-a110dc45ee66#0:FAIL-t410] and 0 exception(s); 5c3956af-60d3-411f-8c98-c7ed3576de5c@group-EE856C9543A1:t410, leader=null, voted=5c3956af-60d3-411f-8c98-c7ed3576de5c, raftlog=5c3956af-60d3-411f-8c98-c7ed3576de5c@group-EE856C9543A1-SegmentedRaftLog:OPENED:c-1,f-1,i0, conf=-1: [5c3956af-60d3-411f-8c98-c7ed3576de5c:192.168.34.38:33787, efb933de-cdd8-4d8d-88d2-4c7ffe0dec1a:192.168.34.38:42459, 9d88716d-5d6b-4fd8-b832-a110dc45ee66:192.168.34.38:38211], old=null
2019-10-16 21:53:42,820 [5c3956af-60d3-411f-8c98-c7ed3576de5c@group-EE856C9543A1-LeaderElection375] INFO  impl.RaftServerImpl (RaftServerImpl.java:setRole(184)) - 5c3956af-60d3-411f-8c98-c7ed3576de5c@group-EE856C9543A1: changes role from CANDIDATE to FOLLOWER at term 410 for DISCOVERED_A_NEW_TERM
2019-10-16 21:53:42,820 [5c3956af-60d3-411f-8c98-c7ed3576de5c@group-EE856C9543A1-LeaderElection375] INFO  impl.RoleInfo (RoleInfo.java:shutdownLeaderElection(134)) - 5c3956af-60d3-411f-8c98-c7ed3576de5c: shutdown LeaderElection
2019-10-16 21:53:42,820 [5c3956af-60d3-411f-8c98-c7ed3576de5c@group-EE856C9543A1-LeaderElection375] INFO  impl.RoleInfo (RoleInfo.java:updateAndGet(143)) - 5c3956af-60d3-411f-8c98-c7ed3576de5c: start FollowerState
2019-10-16 21:53:43,005 [Thread-2697] INFO  impl.FollowerState (FollowerState.java:run(108)) - 5c3956af-60d3-411f-8c98-c7ed3576de5c@group-EE856C9543A1-FollowerState: change to CANDIDATE, lastRpcTime:185ms, electionTimeout:185ms
2019-10-16 21:53:43,005 [Thread-2697] INFO  impl.RoleInfo (RoleInfo.java:shutdownFollowerState(121)) - 5c3956af-60d3-411f-8c98-c7ed3576de5c: shutdown FollowerState
2019-10-16 21:53:43,006 [Thread-2697] INFO  impl.RaftServerImpl (RaftServerImpl.java:setRole(184)) - 5c3956af-60d3-411f-8c98-c7ed3576de5c@group-EE856C9543A1: changes role from  FOLLOWER to CANDIDATE at term 410 for changeToCandidate
2019-10-16 21:53:43,006 [Thread-2697] INFO  impl.RoleInfo (RoleInfo.java:updateAndGet(143)) - 5c3956af-60d3-411f-8c98-c7ed3576de5c: start LeaderElection
2019-10-16 21:53:43,019 [5c3956af-60d3-411f-8c98-c7ed3576de5c@group-EE856C9543A1-LeaderElection376] INFO  impl.LeaderElection (LeaderElection.java:askForVotes(178)) - 5c3956af-60d3-411f-8c98-c7ed3576de5c@group-EE856C9543A1-LeaderElection376: begin an election at term 411 for -1: [5c3956af-60d3-411f-8c98-c7ed3576de5c:192.168.34.38:33787, efb933de-cdd8-4d8d-88d2-4c7ffe0dec1a:192.168.34.38:42459, 9d88716d-5d6b-4fd8-b832-a110dc45ee66:192.168.34.38:38211], old=null
2019-10-16 21:53:43,021 [grpc-default-executor-5] INFO  impl.RaftServerImpl (RaftServerImpl.java:setRole(184)) - efb933de-cdd8-4d8d-88d2-4c7ffe0dec1a@group-EE856C9543A1: changes role from  FOLLOWER to FOLLOWER at term 411 for recognizeCandidate:5c3956af-60d3-411f-8c98-c7ed3576de5c
2019-10-16 21:53:43,021 [grpc-default-executor-5] INFO  impl.RoleInfo (RoleInfo.java:shutdownFollowerState(121)) - efb933de-cdd8-4d8d-88d2-4c7ffe0dec1a: shutdown FollowerState
2019-10-16 21:53:43,021 [grpc-default-executor-1] INFO  impl.RaftServerImpl (RaftServerImpl.java:setRole(184)) - 9d88716d-5d6b-4fd8-b832-a110dc45ee66@group-EE856C9543A1: changes role from  FOLLOWER to FOLLOWER at term 411 for recognizeCandidate:5c3956af-60d3-411f-8c98-c7ed3576de5c
2019-10-16 21:53:43,022 [grpc-default-executor-1] INFO  impl.RoleInfo (RoleInfo.java:shutdownFollowerState(121)) - 9d88716d-5d6b-4fd8-b832-a110dc45ee66: shutdown FollowerState
2019-10-16 21:53:43,021 [Thread-2695] INFO  impl.FollowerState (FollowerState.java:run(117)) - efb933de-cdd8-4d8d-88d2-4c7ffe0dec1a@group-EE856C9543A1-FollowerState was interrupted: java.lang.InterruptedException: sleep interrupted
2019-10-16 21:53:43,022 [Thread-2696] INFO  impl.FollowerState (FollowerState.java:run(117)) - 9d88716d-5d6b-4fd8-b832-a110dc45ee66@group-EE856C9543A1-FollowerState was interrupted: java.lang.InterruptedException: sleep interrupted
2019-10-16 21:53:43,021 [grpc-default-executor-5] INFO  impl.RoleInfo (RoleInfo.java:updateAndGet(143)) - efb933de-cdd8-4d8d-88d2-4c7ffe0dec1a: start FollowerState
2019-10-16 21:53:43,022 [grpc-default-executor-1] INFO  impl.RoleInfo (RoleInfo.java:updateAndGet(143)) - 9d88716d-5d6b-4fd8-b832-a110dc45ee66: start FollowerState
2019-10-16 21:53:43,036 [5c3956af-60d3-411f-8c98-c7ed3576de5c@group-EE856C9543A1-LeaderElection376] INFO  impl.LeaderElection (LeaderElection.java:logAndReturn(56)) - 5c3956af-60d3-411f-8c98-c7ed3576de5c@group-EE856C9543A1-LeaderElection376: Election REJECTED; received 2 response(s) [5c3956af-60d3-411f-8c98-c7ed3576de5c<-efb933de-cdd8-4d8d-88d2-4c7ffe0dec1a#0:FAIL-t411, 5c3956af-60d3-411f-8c98-c7ed3576de5c<-9d88716d-5d6b-4fd8-b832-a110dc45ee66#0:FAIL-t411] and 0 exception(s); 5c3956af-60d3-411f-8c98-c7ed3576de5c@group-EE856C9543A1:t411, leader=null, voted=5c3956af-60d3-411f-8c98-c7ed3576de5c, raftlog=5c3956af-60d3-411f-8c98-c7ed3576de5c@group-EE856C9543A1-SegmentedRaftLog:OPENED:c-1,f-1,i0, conf=-1: [5c3956af-60d3-411f-8c98-c7ed3576de5c:192.168.34.38:33787, efb933de-cdd8-4d8d-88d2-4c7ffe0dec1a:192.168.34.38:42459, 9d88716d-5d6b-4fd8-b832-a110dc45ee66:192.168.34.38:38211], old=null
2019-10-16 21:53:43,037 [5c3956af-60d3-411f-8c98-c7ed3576de5c@group-EE856C9543A1-LeaderElection376] INFO  impl.RaftServerImpl (RaftServerImpl.java:setRole(184)) - 5c3956af-60d3-411f-8c98-c7ed3576de5c@group-EE856C9543A1: changes role from CANDIDATE to FOLLOWER at term 411 for DISCOVERED_A_NEW_TERM
2019-10-16 21:53:43,037 [5c3956af-60d3-411f-8c98-c7ed3576de5c@group-EE856C9543A1-LeaderElection376] INFO  impl.RoleInfo (RoleInfo.java:shutdownLeaderElection(134)) - 5c3956af-60d3-411f-8c98-c7ed3576de5c: shutdown LeaderElection
2019-10-16 21:53:43,037 [5c3956af-60d3-411f-8c98-c7ed3576de5c@group-EE856C9543A1-LeaderElection376] INFO  impl.RoleInfo (RoleInfo.java:updateAndGet(143)) - 5c3956af-60d3-411f-8c98-c7ed3576de5c: start FollowerState
2019-10-16 21:53:43,192 [Thread-2703] INFO  impl.FollowerState (FollowerState.java:run(108)) - 5c3956af-60d3-411f-8c98-c7ed3576de5c@group-EE856C9543A1-FollowerState: change to CANDIDATE, lastRpcTime:155ms, electionTimeout:155ms
2019-10-16 21:53:43,192 [Thread-2703] INFO  impl.RoleInfo (RoleInfo.java:shutdownFollowerState(121)) - 5c3956af-60d3-411f-8c98-c7ed3576de5c: shutdown FollowerState
2019-10-16 21:53:43,192 [Thread-2703] INFO  impl.RaftServerImpl (RaftServerImpl.java:setRole(184)) - 5c3956af-60d3-411f-8c98-c7ed3576de5c@group-EE856C9543A1: changes role from  FOLLOWER to CANDIDATE at term 411 for changeToCandidate
2019-10-16 21:53:43,193 [Thread-2703] INFO  impl.RoleInfo (RoleInfo.java:updateAndGet(143)) - 5c3956af-60d3-411f-8c98-c7ed3576de5c: start LeaderElection
2019-10-16 21:53:43,215 [5c3956af-60d3-411f-8c98-c7ed3576de5c@group-EE856C9543A1-LeaderElection377] INFO  impl.LeaderElection (LeaderElection.java:askForVotes(178)) - 5c3956af-60d3-411f-8c98-c7ed3576de5c@group-EE856C9543A1-LeaderElection377: begin an election at term 412 for -1: [5c3956af-60d3-411f-8c98-c7ed3576de5c:192.168.34.38:33787, efb933de-cdd8-4d8d-88d2-4c7ffe0dec1a:192.168.34.38:42459, 9d88716d-5d6b-4fd8-b832-a110dc45ee66:192.168.34.38:38211], old=null
2019-10-16 21:53:43,217 [grpc-default-executor-1] INFO  impl.RaftServerImpl (RaftServerImpl.java:setRole(184)) - efb933de-cdd8-4d8d-88d2-4c7ffe0dec1a@group-EE856C9543A1: changes role from  FOLLOWER to FOLLOWER at term 412 for recognizeCandidate:5c3956af-60d3-411f-8c98-c7ed3576de5c
2019-10-16 21:53:43,217 [grpc-default-executor-1] INFO  impl.RoleInfo (RoleInfo.java:shutdownFollowerState(121)) - efb933de-cdd8-4d8d-88d2-4c7ffe0dec1a: shutdown FollowerState
2019-10-16 21:53:43,217 [grpc-default-executor-5] INFO  impl.RaftServerImpl (RaftServerImpl.java:setRole(184)) - 9d88716d-5d6b-4fd8-b832-a110dc45ee66@group-EE856C9543A1: changes role from  FOLLOWER to FOLLOWER at term 412 for recognizeCandidate:5c3956af-60d3-411f-8c98-c7ed3576de5c
2019-10-16 21:53:43,217 [grpc-default-executor-5] INFO  impl.RoleInfo (RoleInfo.java:shutdownFollowerState(121)) - 9d88716d-5d6b-4fd8-b832-a110dc45ee66: shutdown FollowerState
2019-10-16 21:53:43,217 [Thread-2701] INFO  impl.FollowerState (FollowerState.java:run(117)) - efb933de-cdd8-4d8d-88d2-4c7ffe0dec1a@group-EE856C9543A1-FollowerState was interrupted: java.lang.InterruptedException: sleep interrupted
2019-10-16 21:53:43,217 [grpc-default-executor-1] INFO  impl.RoleInfo (RoleInfo.java:updateAndGet(143)) - efb933de-cdd8-4d8d-88d2-4c7ffe0dec1a: start FollowerState
2019-10-16 21:53:43,217 [Thread-2702] INFO  impl.FollowerState (FollowerState.java:run(117)) - 9d88716d-5d6b-4fd8-b832-a110dc45ee66@group-EE856C9543A1-FollowerState was interrupted: java.lang.InterruptedException: sleep interrupted
2019-10-16 21:53:43,217 [grpc-default-executor-5] INFO  impl.RoleInfo (RoleInfo.java:updateAndGet(143)) - 9d88716d-5d6b-4fd8-b832-a110dc45ee66: start FollowerState
2019-10-16 21:53:43,232 [5c3956af-60d3-411f-8c98-c7ed3576de5c@group-EE856C9543A1-LeaderElection377] INFO  impl.LeaderElection (LeaderElection.java:logAndReturn(56)) - 5c3956af-60d3-411f-8c98-c7ed3576de5c@group-EE856C9543A1-LeaderElection377: Election REJECTED; received 2 response(s) [5c3956af-60d3-411f-8c98-c7ed3576de5c<-efb933de-cdd8-4d8d-88d2-4c7ffe0dec1a#0:FAIL-t412, 5c3956af-60d3-411f-8c98-c7ed3576de5c<-9d88716d-5d6b-4fd8-b832-a110dc45ee66#0:FAIL-t412] and 0 exception(s); 5c3956af-60d3-411f-8c98-c7ed3576de5c@group-EE856C9543A1:t412, leader=null, voted=5c3956af-60d3-411f-8c98-c7ed3576de5c, raftlog=5c3956af-60d3-411f-8c98-c7ed3576de5c@group-EE856C9543A1-SegmentedRaftLog:OPENED:c-1,f-1,i0, conf=-1: [5c3956af-60d3-411f-8c98-c7ed3576de5c:192.168.34.38:33787, efb933de-cdd8-4d8d-88d2-4c7ffe0dec1a:192.168.34.38:42459, 9d88716d-5d6b-4fd8-b832-a110dc45ee66:192.168.34.38:38211], old=null
2019-10-16 21:53:43,232 [5c3956af-60d3-411f-8c98-c7ed3576de5c@group-EE856C9543A1-LeaderElection377] INFO  impl.RaftServerImpl (RaftServerImpl.java:setRole(184)) - 5c3956af-60d3-411f-8c98-c7ed3576de5c@group-EE856C9543A1: changes role from CANDIDATE to FOLLOWER at term 412 for DISCOVERED_A_NEW_TERM
2019-10-16 21:53:43,232 [5c3956af-60d3-411f-8c98-c7ed3576de5c@group-EE856C9543A1-LeaderElection377] INFO  impl.RoleInfo (RoleInfo.java:shutdownLeaderElection(134)) - 5c3956af-60d3-411f-8c98-c7ed3576de5c: shutdown LeaderElection
2019-10-16 21:53:43,232 [5c3956af-60d3-411f-8c98-c7ed3576de5c@group-EE856C9543A1-LeaderElection377] INFO  impl.RoleInfo (RoleInfo.java:updateAndGet(143)) - 5c3956af-60d3-411f-8c98-c7ed3576de5c: start FollowerState
2019-10-16 21:53:43,408 [Thread-2709] INFO  impl.FollowerState (FollowerState.java:run(108)) - 5c3956af-60d3-411f-8c98-c7ed3576de5c@group-EE856C9543A1-FollowerState: change to CANDIDATE, lastRpcTime:175ms, electionTimeout:175ms
2019-10-16 21:53:43,408 [Thread-2709] INFO  impl.RoleInfo (RoleInfo.java:shutdownFollowerState(121)) - 5c3956af-60d3-411f-8c98-c7ed3576de5c: shutdown FollowerState
2019-10-16 21:53:43,408 [Thread-2709] INFO  impl.RaftServerImpl (RaftServerImpl.java:setRole(184)) - 5c3956af-60d3-411f-8c98-c7ed3576de5c@group-EE856C9543A1: changes role from  FOLLOWER to CANDIDATE at term 412 for changeToCandidate
2019-10-16 21:53:43,408 [Thread-2709] INFO  impl.RoleInfo (RoleInfo.java:updateAndGet(143)) - 5c3956af-60d3-411f-8c98-c7ed3576de5c: start LeaderElection
2019-10-16 21:53:43,421 [5c3956af-60d3-411f-8c98-c7ed3576de5c@group-EE856C9543A1-LeaderElection378] INFO  impl.LeaderElection (LeaderElection.java:askForVotes(178)) - 5c3956af-60d3-411f-8c98-c7ed3576de5c@group-EE856C9543A1-LeaderElection378: begin an election at term 413 for -1: [5c3956af-60d3-411f-8c98-c7ed3576de5c:192.168.34.38:33787, efb933de-cdd8-4d8d-88d2-4c7ffe0dec1a:192.168.34.38:42459, 9d88716d-5d6b-4fd8-b832-a110dc45ee66:192.168.34.38:38211], old=null
2019-10-16 21:53:43,423 [grpc-default-executor-1] INFO  impl.RaftServerImpl (RaftServerImpl.java:setRole(184)) - efb933de-cdd8-4d8d-88d2-4c7ffe0dec1a@group-EE856C9543A1: changes role from  FOLLOWER to FOLLOWER at term 413 for recognizeCandidate:5c3956af-60d3-411f-8c98-c7ed3576de5c
2019-10-16 21:53:43,423 [grpc-default-executor-1] INFO  impl.RoleInfo (RoleInfo.java:shutdownFollowerState(121)) - efb933de-cdd8-4d8d-88d2-4c7ffe0dec1a: shutdown FollowerState
2019-10-16 21:53:43,423 [grpc-default-executor-5] INFO  impl.RaftServerImpl (RaftServerImpl.java:setRole(184)) - 9d88716d-5d6b-4fd8-b832-a110dc45ee66@group-EE856C9543A1: changes role from  FOLLOWER to FOLLOWER at term 413 for recognizeCandidate:5c3956af-60d3-411f-8c98-c7ed3576de5c
2019-10-16 21:53:43,424 [grpc-default-executor-5] INFO  impl.RoleInfo (RoleInfo.java:shutdownFollowerState(121)) - 9d88716d-5d6b-4fd8-b832-a110dc45ee66: shutdown FollowerState
2019-10-16 21:53:43,424 [Thread-2707] INFO  impl.FollowerState (FollowerState.java:run(117)) - efb933de-cdd8-4d8d-88d2-4c7ffe0dec1a@group-EE856C9543A1-FollowerState was interrupted: java.lang.InterruptedException: sleep interrupted
2019-10-16 21:53:43,423 [grpc-default-executor-1] INFO  impl.RoleInfo (RoleInfo.java:updateAndGet(143)) - efb933de-cdd8-4d8d-88d2-4c7ffe0dec1a: start FollowerState
2019-10-16 21:53:43,424 [Thread-2708] INFO  impl.FollowerState (FollowerState.java:run(117)) - 9d88716d-5d6b-4fd8-b832-a110dc45ee66@group-EE856C9543A1-FollowerState was interrupted: java.lang.InterruptedException: sleep interrupted
2019-10-16 21:53:43,424 [grpc-default-executor-5] INFO  impl.RoleInfo (RoleInfo.java:updateAndGet(143)) - 9d88716d-5d6b-4fd8-b832-a110dc45ee66: start FollowerState
2019-10-16 21:53:43,443 [5c3956af-60d3-411f-8c98-c7ed3576de5c@group-EE856C9543A1-LeaderElection378] INFO  impl.LeaderElection (LeaderElection.java:logAndReturn(56)) - 5c3956af-60d3-411f-8c98-c7ed3576de5c@group-EE856C9543A1-LeaderElection378: Election REJECTED; received 2 response(s) [5c3956af-60d3-411f-8c98-c7ed3576de5c<-efb933de-cdd8-4d8d-88d2-4c7ffe0dec1a#0:FAIL-t413, 5c3956af-60d3-411f-8c98-c7ed3576de5c<-9d88716d-5d6b-4fd8-b832-a110dc45ee66#0:FAIL-t413] and 0 exception(s); 5c3956af-60d3-411f-8c98-c7ed3576de5c@group-EE856C9543A1:t413, leader=null, voted=5c3956af-60d3-411f-8c98-c7ed3576de5c, raftlog=5c3956af-60d3-411f-8c98-c7ed3576de5c@group-EE856C9543A1-SegmentedRaftLog:OPENED:c-1,f-1,i0, conf=-1: [5c3956af-60d3-411f-8c98-c7ed3576de5c:192.168.34.38:33787, efb933de-cdd8-4d8d-88d2-4c7ffe0dec1a:192.168.34.38:42459, 9d88716d-5d6b-4fd8-b832-a110dc45ee66:192.168.34.38:38211], old=null
2019-10-16 21:53:43,443 [5c3956af-60d3-411f-8c98-c7ed3576de5c@group-EE856C9543A1-LeaderElection378] INFO  impl.RaftServerImpl (RaftServerImpl.java:setRole(184)) - 5c3956af-60d3-411f-8c98-c7ed3576de5c@group-EE856C9543A1: changes role from CANDIDATE to FOLLOWER at term 413 for DISCOVERED_A_NEW_TERM
2019-10-16 21:53:43,443 [5c3956af-60d3-411f-8c98-c7ed3576de5c@group-EE856C9543A1-LeaderElection378] INFO  impl.RoleInfo (RoleInfo.java:shutdownLeaderElection(134)) - 5c3956af-60d3-411f-8c98-c7ed3576de5c: shutdown LeaderElection
2019-10-16 21:53:43,443 [5c3956af-60d3-411f-8c98-c7ed3576de5c@group-EE856C9543A1-LeaderElection378] INFO  impl.RoleInfo (RoleInfo.java:updateAndGet(143)) - 5c3956af-60d3-411f-8c98-c7ed3576de5c: start FollowerState
2019-10-16 21:53:43,459 [Thread-2715] INFO  impl.FollowerState (FollowerState.java:run(108)) - 5c3956af-60d3-411f-8c98-c7ed3576de5c@group-EE856C9543A1-FollowerState: change to CANDIDATE, lastRpcTime:15ms, electionTimeout:15ms
2019-10-16 21:53:43,459 [Thread-2715] INFO  impl.RoleInfo (RoleInfo.java:shutdownFollowerState(121)) - 5c3956af-60d3-411f-8c98-c7ed3576de5c: shutdown FollowerState
2019-10-16 21:53:43,459 [Thread-2715] INFO  impl.RaftServerImpl (RaftServerImpl.java:setRole(184)) - 5c3956af-60d3-411f-8c98-c7ed3576de5c@group-EE856C9543A1: changes role from  FOLLOWER to CANDIDATE at term 413 for changeToCandidate
2019-10-16 21:53:43,459 [Thread-2715] INFO  impl.RoleInfo (RoleInfo.java:updateAndGet(143)) - 5c3956af-60d3-411f-8c98-c7ed3576de5c: start LeaderElection
2019-10-16 21:53:43,472 [5c3956af-60d3-411f-8c98-c7ed3576de5c@group-EE856C9543A1-LeaderElection379] INFO  impl.LeaderElection (LeaderElection.java:askForVotes(178)) - 5c3956af-60d3-411f-8c98-c7ed3576de5c@group-EE856C9543A1-LeaderElection379: begin an election at term 414 for -1: [5c3956af-60d3-411f-8c98-c7ed3576de5c:192.168.34.38:33787, efb933de-cdd8-4d8d-88d2-4c7ffe0dec1a:192.168.34.38:42459, 9d88716d-5d6b-4fd8-b832-a110dc45ee66:192.168.34.38:38211], old=null
2019-10-16 21:53:43,474 [grpc-default-executor-1] INFO  impl.RaftServerImpl (RaftServerImpl.java:setRole(184)) - efb933de-cdd8-4d8d-88d2-4c7ffe0dec1a@group-EE856C9543A1: changes role from  FOLLOWER to FOLLOWER at term 414 for recognizeCandidate:5c3956af-60d3-411f-8c98-c7ed3576de5c
2019-10-16 21:53:43,474 [grpc-default-executor-5] INFO  impl.RaftServerImpl (RaftServerImpl.java:setRole(184)) - 9d88716d-5d6b-4fd8-b832-a110dc45ee66@group-EE856C9543A1: changes role from  FOLLOWER to FOLLOWER at term 414 for recognizeCandidate:5c3956af-60d3-411f-8c98-c7ed3576de5c
2019-10-16 21:53:43,474 [grpc-default-executor-5] INFO  impl.RoleInfo (RoleInfo.java:shutdownFollowerState(121)) - 9d88716d-5d6b-4fd8-b832-a110dc45ee66: shutdown FollowerState
2019-10-16 21:53:43,474 [grpc-default-executor-1] INFO  impl.RoleInfo (RoleInfo.java:shutdownFollowerState(121)) - efb933de-cdd8-4d8d-88d2-4c7ffe0dec1a: shutdown FollowerState
2019-10-16 21:53:43,474 [Thread-2714] INFO  impl.FollowerState (FollowerState.java:run(117)) - 9d88716d-5d6b-4fd8-b832-a110dc45ee66@group-EE856C9543A1-FollowerState was interrupted: java.lang.InterruptedException: sleep interrupted
2019-10-16 21:53:43,475 [Thread-2713] INFO  impl.FollowerState (FollowerState.java:run(117)) - efb933de-cdd8-4d8d-88d2-4c7ffe0dec1a@group-EE856C9543A1-FollowerState was interrupted: java.lang.InterruptedException: sleep interrupted
2019-10-16 21:53:43,474 [grpc-default-executor-5] INFO  impl.RoleInfo (RoleInfo.java:updateAndGet(143)) - 9d88716d-5d6b-4fd8-b832-a110dc45ee66: start FollowerState
2019-10-16 21:53:43,475 [grpc-default-executor-1] INFO  impl.RoleInfo (RoleInfo.java:updateAndGet(143)) - efb933de-cdd8-4d8d-88d2-4c7ffe0dec1a: start FollowerState
2019-10-16 21:53:43,490 [5c3956af-60d3-411f-8c98-c7ed3576de5c@group-EE856C9543A1-LeaderElection379] INFO  impl.LeaderElection (LeaderElection.java:logAndReturn(56)) - 5c3956af-60d3-411f-8c98-c7ed3576de5c@group-EE856C9543A1-LeaderElection379: Election REJECTED; received 2 response(s) [5c3956af-60d3-411f-8c98-c7ed3576de5c<-efb933de-cdd8-4d8d-88d2-4c7ffe0dec1a#0:FAIL-t414, 5c3956af-60d3-411f-8c98-c7ed3576de5c<-9d88716d-5d6b-4fd8-b832-a110dc45ee66#0:FAIL-t414] and 0 exception(s); 5c3956af-60d3-411f-8c98-c7ed3576de5c@group-EE856C9543A1:t414, leader=null, voted=5c3956af-60d3-411f-8c98-c7ed3576de5c, raftlog=5c3956af-60d3-411f-8c98-c7ed3576de5c@group-EE856C9543A1-SegmentedRaftLog:OPENED:c-1,f-1,i0, conf=-1: [5c3956af-60d3-411f-8c98-c7ed3576de5c:192.168.34.38:33787, efb933de-cdd8-4d8d-88d2-4c7ffe0dec1a:192.168.34.38:42459, 9d88716d-5d6b-4fd8-b832-a110dc45ee66:192.168.34.38:38211], old=null
2019-10-16 21:53:43,490 [5c3956af-60d3-411f-8c98-c7ed3576de5c@group-EE856C9543A1-LeaderElection379] INFO  impl.RaftServerImpl (RaftServerImpl.java:setRole(184)) - 5c3956af-60d3-411f-8c98-c7ed3576de5c@group-EE856C9543A1: changes role from CANDIDATE to FOLLOWER at term 414 for DISCOVERED_A_NEW_TERM
2019-10-16 21:53:43,490 [5c3956af-60d3-411f-8c98-c7ed3576de5c@group-EE856C9543A1-LeaderElection379] INFO  impl.RoleInfo (RoleInfo.java:shutdownLeaderElection(134)) - 5c3956af-60d3-411f-8c98-c7ed3576de5c: shutdown LeaderElection
2019-10-16 21:53:43,490 [5c3956af-60d3-411f-8c98-c7ed3576de5c@group-EE856C9543A1-LeaderElection379] INFO  impl.RoleInfo (RoleInfo.java:updateAndGet(143)) - 5c3956af-60d3-411f-8c98-c7ed3576de5c: start FollowerState
2019-10-16 21:53:43,534 [Thread-2721] INFO  impl.FollowerState (FollowerState.java:run(108)) - 5c3956af-60d3-411f-8c98-c7ed3576de5c@group-EE856C9543A1-FollowerState: change to CANDIDATE, lastRpcTime:44ms, electionTimeout:44ms
2019-10-16 21:53:43,535 [Thread-2721] INFO  impl.RoleInfo (RoleInfo.java:shutdownFollowerState(121)) - 5c3956af-60d3-411f-8c98-c7ed3576de5c: shutdown FollowerState
2019-10-16 21:53:43,535 [Thread-2721] INFO  impl.RaftServerImpl (RaftServerImpl.java:setRole(184)) - 5c3956af-60d3-411f-8c98-c7ed3576de5c@group-EE856C9543A1: changes role from  FOLLOWER to CANDIDATE at term 414 for changeToCandidate
2019-10-16 21:53:43,535 [Thread-2721] INFO  impl.RoleInfo (RoleInfo.java:updateAndGet(143)) - 5c3956af-60d3-411f-8c98-c7ed3576de5c: start LeaderElection
2019-10-16 21:53:43,548 [5c3956af-60d3-411f-8c98-c7ed3576de5c@group-EE856C9543A1-LeaderElection380] INFO  impl.LeaderElection (LeaderElection.java:askForVotes(178)) - 5c3956af-60d3-411f-8c98-c7ed3576de5c@group-EE856C9543A1-LeaderElection380: begin an election at term 415 for -1: [5c3956af-60d3-411f-8c98-c7ed3576de5c:192.168.34.38:33787, efb933de-cdd8-4d8d-88d2-4c7ffe0dec1a:192.168.34.38:42459, 9d88716d-5d6b-4fd8-b832-a110dc45ee66:192.168.34.38:38211], old=null
2019-10-16 21:53:43,550 [grpc-default-executor-5] INFO  impl.RaftServerImpl (RaftServerImpl.java:setRole(184)) - efb933de-cdd8-4d8d-88d2-4c7ffe0dec1a@group-EE856C9543A1: changes role from  FOLLOWER to FOLLOWER at term 415 for recognizeCandidate:5c3956af-60d3-411f-8c98-c7ed3576de5c
2019-10-16 21:53:43,550 [grpc-default-executor-5] INFO  impl.RoleInfo (RoleInfo.java:shutdownFollowerState(121)) - efb933de-cdd8-4d8d-88d2-4c7ffe0dec1a: shutdown FollowerState
2019-10-16 21:53:43,550 [grpc-default-executor-5] INFO  impl.RoleInfo (RoleInfo.java:updateAndGet(143)) - efb933de-cdd8-4d8d-88d2-4c7ffe0dec1a: start FollowerState
2019-10-16 21:53:43,550 [Thread-2720] INFO  impl.FollowerState (FollowerState.java:run(117)) - efb933de-cdd8-4d8d-88d2-4c7ffe0dec1a@group-EE856C9543A1-FollowerState was interrupted: java.lang.InterruptedException: sleep interrupted
2019-10-16 21:53:43,551 [grpc-default-executor-1] INFO  impl.RaftServerImpl (RaftServerImpl.java:setRole(184)) - 9d88716d-5d6b-4fd8-b832-a110dc45ee66@group-EE856C9543A1: changes role from  FOLLOWER to FOLLOWER at term 415 for recognizeCandidate:5c3956af-60d3-411f-8c98-c7ed3576de5c
2019-10-16 21:53:43,551 [grpc-default-executor-1] INFO  impl.RoleInfo (RoleInfo.java:shutdownFollowerState(121)) - 9d88716d-5d6b-4fd8-b832-a110dc45ee66: shutdown FollowerState
2019-10-16 21:53:43,552 [grpc-default-executor-1] INFO  impl.RoleInfo (RoleInfo.java:updateAndGet(143)) - 9d88716d-5d6b-4fd8-b832-a110dc45ee66: start FollowerState
2019-10-16 21:53:43,552 [Thread-2719] INFO  impl.FollowerState (FollowerState.java:run(117)) - 9d88716d-5d6b-4fd8-b832-a110dc45ee66@group-EE856C9543A1-FollowerState was interrupted: java.lang.InterruptedException: sleep interrupted
2019-10-16 21:53:43,564 [5c3956af-60d3-411f-8c98-c7ed3576de5c@group-EE856C9543A1-LeaderElection380] INFO  impl.LeaderElection (LeaderElection.java:logAndReturn(56)) - 5c3956af-60d3-411f-8c98-c7ed3576de5c@group-EE856C9543A1-LeaderElection380: Election REJECTED; received 2 response(s) [5c3956af-60d3-411f-8c98-c7ed3576de5c<-efb933de-cdd8-4d8d-88d2-4c7ffe0dec1a#0:FAIL-t415, 5c3956af-60d3-411f-8c98-c7ed3576de5c<-9d88716d-5d6b-4fd8-b832-a110dc45ee66#0:FAIL-t415] and 0 exception(s); 5c3956af-60d3-411f-8c98-c7ed3576de5c@group-EE856C9543A1:t415, leader=null, voted=5c3956af-60d3-411f-8c98-c7ed3576de5c, raftlog=5c3956af-60d3-411f-8c98-c7ed3576de5c@group-EE856C9543A1-SegmentedRaftLog:OPENED:c-1,f-1,i0, conf=-1: [5c3956af-60d3-411f-8c98-c7ed3576de5c:192.168.34.38:33787, efb933de-cdd8-4d8d-88d2-4c7ffe0dec1a:192.168.34.38:42459, 9d88716d-5d6b-4fd8-b832-a110dc45ee66:192.168.34.38:38211], old=null
2019-10-16 21:53:43,564 [5c3956af-60d3-411f-8c98-c7ed3576de5c@group-EE856C9543A1-LeaderElection380] INFO  impl.RaftServerImpl (RaftServerImpl.java:setRole(184)) - 5c3956af-60d3-411f-8c98-c7ed3576de5c@group-EE856C9543A1: changes role from CANDIDATE to FOLLOWER at term 415 for DISCOVERED_A_NEW_TERM
2019-10-16 21:53:43,564 [5c3956af-60d3-411f-8c98-c7ed3576de5c@group-EE856C9543A1-LeaderElection380] INFO  impl.RoleInfo (RoleInfo.java:shutdownLeaderElection(134)) - 5c3956af-60d3-411f-8c98-c7ed3576de5c: shutdown LeaderElection
2019-10-16 21:53:43,564 [5c3956af-60d3-411f-8c98-c7ed3576de5c@group-EE856C9543A1-LeaderElection380] INFO  impl.RoleInfo (RoleInfo.java:updateAndGet(143)) - 5c3956af-60d3-411f-8c98-c7ed3576de5c: start FollowerState
2019-10-16 21:53:43,657 [JUnit] INFO  ozone.MiniOzoneClusterImpl (MiniOzoneClusterImpl.java:lambda$waitForClusterToBeReady$2(164)) - Waiting for 1 number of pipelines out of 6, to report a leader.
2019-10-16 21:53:43,720 [Thread-2727] INFO  impl.FollowerState (FollowerState.java:run(108)) - 5c3956af-60d3-411f-8c98-c7ed3576de5c@group-EE856C9543A1-FollowerState: change to CANDIDATE, lastRpcTime:155ms, electionTimeout:155ms
2019-10-16 21:53:43,720 [Thread-2727] INFO  impl.RoleInfo (RoleInfo.java:shutdownFollowerState(121)) - 5c3956af-60d3-411f-8c98-c7ed3576de5c: shutdown FollowerState
2019-10-16 21:53:43,720 [Thread-2727] INFO  impl.RaftServerImpl (RaftServerImpl.java:setRole(184)) - 5c3956af-60d3-411f-8c98-c7ed3576de5c@group-EE856C9543A1: changes role from  FOLLOWER to CANDIDATE at term 415 for changeToCandidate
2019-10-16 21:53:43,720 [Thread-2727] INFO  impl.RoleInfo (RoleInfo.java:updateAndGet(143)) - 5c3956af-60d3-411f-8c98-c7ed3576de5c: start LeaderElection
2019-10-16 21:53:43,754 [5c3956af-60d3-411f-8c98-c7ed3576de5c@group-EE856C9543A1-LeaderElection381] INFO  impl.LeaderElection (LeaderElection.java:askForVotes(178)) - 5c3956af-60d3-411f-8c98-c7ed3576de5c@group-EE856C9543A1-LeaderElection381: begin an election at term 416 for -1: [5c3956af-60d3-411f-8c98-c7ed3576de5c:192.168.34.38:33787, efb933de-cdd8-4d8d-88d2-4c7ffe0dec1a:192.168.34.38:42459, 9d88716d-5d6b-4fd8-b832-a110dc45ee66:192.168.34.38:38211], old=null
2019-10-16 21:53:43,757 [grpc-default-executor-1] INFO  impl.RaftServerImpl (RaftServerImpl.java:setRole(184)) - efb933de-cdd8-4d8d-88d2-4c7ffe0dec1a@group-EE856C9543A1: changes role from  FOLLOWER to FOLLOWER at term 416 for recognizeCandidate:5c3956af-60d3-411f-8c98-c7ed3576de5c
2019-10-16 21:53:43,757 [grpc-default-executor-1] INFO  impl.RoleInfo (RoleInfo.java:shutdownFollowerState(121)) - efb933de-cdd8-4d8d-88d2-4c7ffe0dec1a: shutdown FollowerState
2019-10-16 21:53:43,757 [grpc-default-executor-5] INFO  impl.RaftServerImpl (RaftServerImpl.java:setRole(184)) - 9d88716d-5d6b-4fd8-b832-a110dc45ee66@group-EE856C9543A1: changes role from  FOLLOWER to FOLLOWER at term 416 for recognizeCandidate:5c3956af-60d3-411f-8c98-c7ed3576de5c
2019-10-16 21:53:43,757 [grpc-default-executor-5] INFO  impl.RoleInfo (RoleInfo.java:shutdownFollowerState(121)) - 9d88716d-5d6b-4fd8-b832-a110dc45ee66: shutdown FollowerState
2019-10-16 21:53:43,757 [grpc-default-executor-1] INFO  impl.RoleInfo (RoleInfo.java:updateAndGet(143)) - efb933de-cdd8-4d8d-88d2-4c7ffe0dec1a: start FollowerState
2019-10-16 21:53:43,757 [Thread-2725] INFO  impl.FollowerState (FollowerState.java:run(117)) - efb933de-cdd8-4d8d-88d2-4c7ffe0dec1a@group-EE856C9543A1-FollowerState was interrupted: java.lang.InterruptedException: sleep interrupted
2019-10-16 21:53:43,758 [grpc-default-executor-5] INFO  impl.RoleInfo (RoleInfo.java:updateAndGet(143)) - 9d88716d-5d6b-4fd8-b832-a110dc45ee66: start FollowerState
2019-10-16 21:53:43,758 [Thread-2726] INFO  impl.FollowerState (FollowerState.java:run(117)) - 9d88716d-5d6b-4fd8-b832-a110dc45ee66@group-EE856C9543A1-FollowerState was interrupted: java.lang.InterruptedException: sleep interrupted
2019-10-16 21:53:43,773 [5c3956af-60d3-411f-8c98-c7ed3576de5c@group-EE856C9543A1-LeaderElection381] INFO  impl.LeaderElection (LeaderElection.java:logAndReturn(56)) - 5c3956af-60d3-411f-8c98-c7ed3576de5c@group-EE856C9543A1-LeaderElection381: Election REJECTED; received 2 response(s) [5c3956af-60d3-411f-8c98-c7ed3576de5c<-efb933de-cdd8-4d8d-88d2-4c7ffe0dec1a#0:FAIL-t416, 5c3956af-60d3-411f-8c98-c7ed3576de5c<-9d88716d-5d6b-4fd8-b832-a110dc45ee66#0:FAIL-t416] and 0 exception(s); 5c3956af-60d3-411f-8c98-c7ed3576de5c@group-EE856C9543A1:t416, leader=null, voted=5c3956af-60d3-411f-8c98-c7ed3576de5c, raftlog=5c3956af-60d3-411f-8c98-c7ed3576de5c@group-EE856C9543A1-SegmentedRaftLog:OPENED:c-1,f-1,i0, conf=-1: [5c3956af-60d3-411f-8c98-c7ed3576de5c:192.168.34.38:33787, efb933de-cdd8-4d8d-88d2-4c7ffe0dec1a:192.168.34.38:42459, 9d88716d-5d6b-4fd8-b832-a110dc45ee66:192.168.34.38:38211], old=null
2019-10-16 21:53:43,773 [5c3956af-60d3-411f-8c98-c7ed3576de5c@group-EE856C9543A1-LeaderElection381] INFO  impl.RaftServerImpl (RaftServerImpl.java:setRole(184)) - 5c3956af-60d3-411f-8c98-c7ed3576de5c@group-EE856C9543A1: changes role from CANDIDATE to FOLLOWER at term 416 for DISCOVERED_A_NEW_TERM
2019-10-16 21:53:43,773 [5c3956af-60d3-411f-8c98-c7ed3576de5c@group-EE856C9543A1-LeaderElection381] INFO  impl.RoleInfo (RoleInfo.java:shutdownLeaderElection(134)) - 5c3956af-60d3-411f-8c98-c7ed3576de5c: shutdown LeaderElection
2019-10-16 21:53:43,773 [5c3956af-60d3-411f-8c98-c7ed3576de5c@group-EE856C9543A1-LeaderElection381] INFO  impl.RoleInfo (RoleInfo.java:updateAndGet(143)) - 5c3956af-60d3-411f-8c98-c7ed3576de5c: start FollowerState
2019-10-16 21:53:43,871 [Thread-2733] INFO  impl.FollowerState (FollowerState.java:run(108)) - 5c3956af-60d3-411f-8c98-c7ed3576de5c@group-EE856C9543A1-FollowerState: change to CANDIDATE, lastRpcTime:97ms, electionTimeout:97ms
2019-10-16 21:53:43,871 [Thread-2733] INFO  impl.RoleInfo (RoleInfo.java:shutdownFollowerState(121)) - 5c3956af-60d3-411f-8c98-c7ed3576de5c: shutdown FollowerState
2019-10-16 21:53:43,871 [Thread-2733] INFO  impl.RaftServerImpl (RaftServerImpl.java:setRole(184)) - 5c3956af-60d3-411f-8c98-c7ed3576de5c@group-EE856C9543A1: changes role from  FOLLOWER to CANDIDATE at term 416 for changeToCandidate
2019-10-16 21:53:43,871 [Thread-2733] INFO  impl.RoleInfo (RoleInfo.java:updateAndGet(143)) - 5c3956af-60d3-411f-8c98-c7ed3576de5c: start LeaderElection
2019-10-16 21:53:43,884 [5c3956af-60d3-411f-8c98-c7ed3576de5c@group-EE856C9543A1-LeaderElection382] INFO  impl.LeaderElection (LeaderElection.java:askForVotes(178)) - 5c3956af-60d3-411f-8c98-c7ed3576de5c@group-EE856C9543A1-LeaderElection382: begin an election at term 417 for -1: [5c3956af-60d3-411f-8c98-c7ed3576de5c:192.168.34.38:33787, efb933de-cdd8-4d8d-88d2-4c7ffe0dec1a:192.168.34.38:42459, 9d88716d-5d6b-4fd8-b832-a110dc45ee66:192.168.34.38:38211], old=null
2019-10-16 21:53:43,886 [grpc-default-executor-1] INFO  impl.RaftServerImpl (RaftServerImpl.java:setRole(184)) - efb933de-cdd8-4d8d-88d2-4c7ffe0dec1a@group-EE856C9543A1: changes role from  FOLLOWER to FOLLOWER at term 417 for recognizeCandidate:5c3956af-60d3-411f-8c98-c7ed3576de5c
2019-10-16 21:53:43,887 [grpc-default-executor-1] INFO  impl.RoleInfo (RoleInfo.java:shutdownFollowerState(121)) - efb933de-cdd8-4d8d-88d2-4c7ffe0dec1a: shutdown FollowerState
2019-10-16 21:53:43,887 [grpc-default-executor-5] INFO  impl.RaftServerImpl (RaftServerImpl.java:setRole(184)) - 9d88716d-5d6b-4fd8-b832-a110dc45ee66@group-EE856C9543A1: changes role from  FOLLOWER to FOLLOWER at term 417 for recognizeCandidate:5c3956af-60d3-411f-8c98-c7ed3576de5c
2019-10-16 21:53:43,887 [grpc-default-executor-5] INFO  impl.RoleInfo (RoleInfo.java:shutdownFollowerState(121)) - 9d88716d-5d6b-4fd8-b832-a110dc45ee66: shutdown FollowerState
2019-10-16 21:53:43,887 [grpc-default-executor-1] INFO  impl.RoleInfo (RoleInfo.java:updateAndGet(143)) - efb933de-cdd8-4d8d-88d2-4c7ffe0dec1a: start FollowerState
2019-10-16 21:53:43,887 [Thread-2731] INFO  impl.FollowerState (FollowerState.java:run(117)) - efb933de-cdd8-4d8d-88d2-4c7ffe0dec1a@group-EE856C9543A1-FollowerState was interrupted: java.lang.InterruptedException: sleep interrupted
2019-10-16 21:53:43,887 [Thread-2732] INFO  impl.FollowerState (FollowerState.java:run(117)) - 9d88716d-5d6b-4fd8-b832-a110dc45ee66@group-EE856C9543A1-FollowerState was interrupted: java.lang.InterruptedException: sleep interrupted
2019-10-16 21:53:43,887 [grpc-default-executor-5] INFO  impl.RoleInfo (RoleInfo.java:updateAndGet(143)) - 9d88716d-5d6b-4fd8-b832-a110dc45ee66: start FollowerState
2019-10-16 21:53:43,902 [5c3956af-60d3-411f-8c98-c7ed3576de5c@group-EE856C9543A1-LeaderElection382] INFO  impl.LeaderElection (LeaderElection.java:logAndReturn(56)) - 5c3956af-60d3-411f-8c98-c7ed3576de5c@group-EE856C9543A1-LeaderElection382: Election REJECTED; received 2 response(s) [5c3956af-60d3-411f-8c98-c7ed3576de5c<-efb933de-cdd8-4d8d-88d2-4c7ffe0dec1a#0:FAIL-t417, 5c3956af-60d3-411f-8c98-c7ed3576de5c<-9d88716d-5d6b-4fd8-b832-a110dc45ee66#0:FAIL-t417] and 0 exception(s); 5c3956af-60d3-411f-8c98-c7ed3576de5c@group-EE856C9543A1:t417, leader=null, voted=5c3956af-60d3-411f-8c98-c7ed3576de5c, raftlog=5c3956af-60d3-411f-8c98-c7ed3576de5c@group-EE856C9543A1-SegmentedRaftLog:OPENED:c-1,f-1,i0, conf=-1: [5c3956af-60d3-411f-8c98-c7ed3576de5c:192.168.34.38:33787, efb933de-cdd8-4d8d-88d2-4c7ffe0dec1a:192.168.34.38:42459, 9d88716d-5d6b-4fd8-b832-a110dc45ee66:192.168.34.38:38211], old=null
2019-10-16 21:53:43,902 [5c3956af-60d3-411f-8c98-c7ed3576de5c@group-EE856C9543A1-LeaderElection382] INFO  impl.RaftServerImpl (RaftServerImpl.java:setRole(184)) - 5c3956af-60d3-411f-8c98-c7ed3576de5c@group-EE856C9543A1: changes role from CANDIDATE to FOLLOWER at term 417 for DISCOVERED_A_NEW_TERM
2019-10-16 21:53:43,902 [5c3956af-60d3-411f-8c98-c7ed3576de5c@group-EE856C9543A1-LeaderElection382] INFO  impl.RoleInfo (RoleInfo.java:shutdownLeaderElection(134)) - 5c3956af-60d3-411f-8c98-c7ed3576de5c: shutdown LeaderElection
2019-10-16 21:53:43,902 [5c3956af-60d3-411f-8c98-c7ed3576de5c@group-EE856C9543A1-LeaderElection382] INFO  impl.RoleInfo (RoleInfo.java:updateAndGet(143)) - 5c3956af-60d3-411f-8c98-c7ed3576de5c: start FollowerState
2019-10-16 21:53:43,970 [Thread-2739] INFO  impl.FollowerState (FollowerState.java:run(108)) - 5c3956af-60d3-411f-8c98-c7ed3576de5c@group-EE856C9543A1-FollowerState: change to CANDIDATE, lastRpcTime:68ms, electionTimeout:68ms
2019-10-16 21:53:43,970 [Thread-2739] INFO  impl.RoleInfo (RoleInfo.java:shutdownFollowerState(121)) - 5c3956af-60d3-411f-8c98-c7ed3576de5c: shutdown FollowerState
2019-10-16 21:53:43,970 [Thread-2739] INFO  impl.RaftServerImpl (RaftServerImpl.java:setRole(184)) - 5c3956af-60d3-411f-8c98-c7ed3576de5c@group-EE856C9543A1: changes role from  FOLLOWER to CANDIDATE at term 417 for changeToCandidate
2019-10-16 21:53:43,971 [Thread-2739] INFO  impl.RoleInfo (RoleInfo.java:updateAndGet(143)) - 5c3956af-60d3-411f-8c98-c7ed3576de5c: start LeaderElection
2019-10-16 21:53:43,984 [5c3956af-60d3-411f-8c98-c7ed3576de5c@group-EE856C9543A1-LeaderElection383] INFO  impl.LeaderElection (LeaderElection.java:askForVotes(178)) - 5c3956af-60d3-411f-8c98-c7ed3576de5c@group-EE856C9543A1-LeaderElection383: begin an election at term 418 for -1: [5c3956af-60d3-411f-8c98-c7ed3576de5c:192.168.34.38:33787, efb933de-cdd8-4d8d-88d2-4c7ffe0dec1a:192.168.34.38:42459, 9d88716d-5d6b-4fd8-b832-a110dc45ee66:192.168.34.38:38211], old=null
2019-10-16 21:53:43,985 [grpc-default-executor-5] INFO  impl.RaftServerImpl (RaftServerImpl.java:setRole(184)) - efb933de-cdd8-4d8d-88d2-4c7ffe0dec1a@group-EE856C9543A1: changes role from  FOLLOWER to FOLLOWER at term 418 for recognizeCandidate:5c3956af-60d3-411f-8c98-c7ed3576de5c
2019-10-16 21:53:43,985 [grpc-default-executor-5] INFO  impl.RoleInfo (RoleInfo.java:shutdownFollowerState(121)) - efb933de-cdd8-4d8d-88d2-4c7ffe0dec1a: shutdown FollowerState
2019-10-16 21:53:43,986 [grpc-default-executor-5] INFO  impl.RoleInfo (RoleInfo.java:updateAndGet(143)) - efb933de-cdd8-4d8d-88d2-4c7ffe0dec1a: start FollowerState
2019-10-16 21:53:43,986 [Thread-2737] INFO  impl.FollowerState (FollowerState.java:run(117)) - efb933de-cdd8-4d8d-88d2-4c7ffe0dec1a@group-EE856C9543A1-FollowerState was interrupted: java.lang.InterruptedException: sleep interrupted
2019-10-16 21:53:43,986 [grpc-default-executor-1] INFO  impl.RaftServerImpl (RaftServerImpl.java:setRole(184)) - 9d88716d-5d6b-4fd8-b832-a110dc45ee66@group-EE856C9543A1: changes role from  FOLLOWER to FOLLOWER at term 418 for recognizeCandidate:5c3956af-60d3-411f-8c98-c7ed3576de5c
2019-10-16 21:53:43,986 [grpc-default-executor-1] INFO  impl.RoleInfo (RoleInfo.java:shutdownFollowerState(121)) - 9d88716d-5d6b-4fd8-b832-a110dc45ee66: shutdown FollowerState
2019-10-16 21:53:43,986 [grpc-default-executor-1] INFO  impl.RoleInfo (RoleInfo.java:updateAndGet(143)) - 9d88716d-5d6b-4fd8-b832-a110dc45ee66: start FollowerState
2019-10-16 21:53:43,986 [Thread-2738] INFO  impl.FollowerState (FollowerState.java:run(117)) - 9d88716d-5d6b-4fd8-b832-a110dc45ee66@group-EE856C9543A1-FollowerState was interrupted: java.lang.InterruptedException: sleep interrupted
2019-10-16 21:53:44,011 [5c3956af-60d3-411f-8c98-c7ed3576de5c@group-EE856C9543A1-LeaderElection383] INFO  impl.LeaderElection (LeaderElection.java:logAndReturn(56)) - 5c3956af-60d3-411f-8c98-c7ed3576de5c@group-EE856C9543A1-LeaderElection383: Election REJECTED; received 2 response(s) [5c3956af-60d3-411f-8c98-c7ed3576de5c<-efb933de-cdd8-4d8d-88d2-4c7ffe0dec1a#0:FAIL-t418, 5c3956af-60d3-411f-8c98-c7ed3576de5c<-9d88716d-5d6b-4fd8-b832-a110dc45ee66#0:FAIL-t418] and 0 exception(s); 5c3956af-60d3-411f-8c98-c7ed3576de5c@group-EE856C9543A1:t418, leader=null, voted=5c3956af-60d3-411f-8c98-c7ed3576de5c, raftlog=5c3956af-60d3-411f-8c98-c7ed3576de5c@group-EE856C9543A1-SegmentedRaftLog:OPENED:c-1,f-1,i0, conf=-1: [5c3956af-60d3-411f-8c98-c7ed3576de5c:192.168.34.38:33787, efb933de-cdd8-4d8d-88d2-4c7ffe0dec1a:192.168.34.38:42459, 9d88716d-5d6b-4fd8-b832-a110dc45ee66:192.168.34.38:38211], old=null
2019-10-16 21:53:44,012 [5c3956af-60d3-411f-8c98-c7ed3576de5c@group-EE856C9543A1-LeaderElection383] INFO  impl.RaftServerImpl (RaftServerImpl.java:setRole(184)) - 5c3956af-60d3-411f-8c98-c7ed3576de5c@group-EE856C9543A1: changes role from CANDIDATE to FOLLOWER at term 418 for DISCOVERED_A_NEW_TERM
2019-10-16 21:53:44,012 [5c3956af-60d3-411f-8c98-c7ed3576de5c@group-EE856C9543A1-LeaderElection383] INFO  impl.RoleInfo (RoleInfo.java:shutdownLeaderElection(134)) - 5c3956af-60d3-411f-8c98-c7ed3576de5c: shutdown LeaderElection
2019-10-16 21:53:44,012 [5c3956af-60d3-411f-8c98-c7ed3576de5c@group-EE856C9543A1-LeaderElection383] INFO  impl.RoleInfo (RoleInfo.java:updateAndGet(143)) - 5c3956af-60d3-411f-8c98-c7ed3576de5c: start FollowerState
2019-10-16 21:53:44,090 [Thread-2745] INFO  impl.FollowerState (FollowerState.java:run(108)) - 5c3956af-60d3-411f-8c98-c7ed3576de5c@group-EE856C9543A1-FollowerState: change to CANDIDATE, lastRpcTime:78ms, electionTimeout:78ms
2019-10-16 21:53:44,091 [Thread-2745] INFO  impl.RoleInfo (RoleInfo.java:shutdownFollowerState(121)) - 5c3956af-60d3-411f-8c98-c7ed3576de5c: shutdown FollowerState
2019-10-16 21:53:44,091 [Thread-2745] INFO  impl.RaftServerImpl (RaftServerImpl.java:setRole(184)) - 5c3956af-60d3-411f-8c98-c7ed3576de5c@group-EE856C9543A1: changes role from  FOLLOWER to CANDIDATE at term 418 for changeToCandidate
2019-10-16 21:53:44,091 [Thread-2745] INFO  impl.RoleInfo (RoleInfo.java:updateAndGet(143)) - 5c3956af-60d3-411f-8c98-c7ed3576de5c: start LeaderElection
2019-10-16 21:53:44,104 [5c3956af-60d3-411f-8c98-c7ed3576de5c@group-EE856C9543A1-LeaderElection384] INFO  impl.LeaderElection (LeaderElection.java:askForVotes(178)) - 5c3956af-60d3-411f-8c98-c7ed3576de5c@group-EE856C9543A1-LeaderElection384: begin an election at term 419 for -1: [5c3956af-60d3-411f-8c98-c7ed3576de5c:192.168.34.38:33787, efb933de-cdd8-4d8d-88d2-4c7ffe0dec1a:192.168.34.38:42459, 9d88716d-5d6b-4fd8-b832-a110dc45ee66:192.168.34.38:38211], old=null
2019-10-16 21:53:44,106 [grpc-default-executor-1] INFO  impl.RaftServerImpl (RaftServerImpl.java:setRole(184)) - efb933de-cdd8-4d8d-88d2-4c7ffe0dec1a@group-EE856C9543A1: changes role from  FOLLOWER to FOLLOWER at term 419 for recognizeCandidate:5c3956af-60d3-411f-8c98-c7ed3576de5c
2019-10-16 21:53:44,106 [grpc-default-executor-5] INFO  impl.RaftServerImpl (RaftServerImpl.java:setRole(184)) - 9d88716d-5d6b-4fd8-b832-a110dc45ee66@group-EE856C9543A1: changes role from  FOLLOWER to FOLLOWER at term 419 for recognizeCandidate:5c3956af-60d3-411f-8c98-c7ed3576de5c
2019-10-16 21:53:44,106 [grpc-default-executor-5] INFO  impl.RoleInfo (RoleInfo.java:shutdownFollowerState(121)) - 9d88716d-5d6b-4fd8-b832-a110dc45ee66: shutdown FollowerState
2019-10-16 21:53:44,106 [grpc-default-executor-1] INFO  impl.RoleInfo (RoleInfo.java:shutdownFollowerState(121)) - efb933de-cdd8-4d8d-88d2-4c7ffe0dec1a: shutdown FollowerState
2019-10-16 21:53:44,107 [Thread-2744] INFO  impl.FollowerState (FollowerState.java:run(117)) - 9d88716d-5d6b-4fd8-b832-a110dc45ee66@group-EE856C9543A1-FollowerState was interrupted: java.lang.InterruptedException: sleep interrupted
2019-10-16 21:53:44,107 [grpc-default-executor-5] INFO  impl.RoleInfo (RoleInfo.java:updateAndGet(143)) - 9d88716d-5d6b-4fd8-b832-a110dc45ee66: start FollowerState
2019-10-16 21:53:44,107 [grpc-default-executor-1] INFO  impl.RoleInfo (RoleInfo.java:updateAndGet(143)) - efb933de-cdd8-4d8d-88d2-4c7ffe0dec1a: start FollowerState
2019-10-16 21:53:44,107 [Thread-2743] INFO  impl.FollowerState (FollowerState.java:run(117)) - efb933de-cdd8-4d8d-88d2-4c7ffe0dec1a@group-EE856C9543A1-FollowerState was interrupted: java.lang.InterruptedException: sleep interrupted
2019-10-16 21:53:44,121 [5c3956af-60d3-411f-8c98-c7ed3576de5c@group-EE856C9543A1-LeaderElection384] INFO  impl.LeaderElection (LeaderElection.java:logAndReturn(56)) - 5c3956af-60d3-411f-8c98-c7ed3576de5c@group-EE856C9543A1-LeaderElection384: Election REJECTED; received 2 response(s) [5c3956af-60d3-411f-8c98-c7ed3576de5c<-efb933de-cdd8-4d8d-88d2-4c7ffe0dec1a#0:FAIL-t419, 5c3956af-60d3-411f-8c98-c7ed3576de5c<-9d88716d-5d6b-4fd8-b832-a110dc45ee66#0:FAIL-t419] and 0 exception(s); 5c3956af-60d3-411f-8c98-c7ed3576de5c@group-EE856C9543A1:t419, leader=null, voted=5c3956af-60d3-411f-8c98-c7ed3576de5c, raftlog=5c3956af-60d3-411f-8c98-c7ed3576de5c@group-EE856C9543A1-SegmentedRaftLog:OPENED:c-1,f-1,i0, conf=-1: [5c3956af-60d3-411f-8c98-c7ed3576de5c:192.168.34.38:33787, efb933de-cdd8-4d8d-88d2-4c7ffe0dec1a:192.168.34.38:42459, 9d88716d-5d6b-4fd8-b832-a110dc45ee66:192.168.34.38:38211], old=null
2019-10-16 21:53:44,121 [5c3956af-60d3-411f-8c98-c7ed3576de5c@group-EE856C9543A1-LeaderElection384] INFO  impl.RaftServerImpl (RaftServerImpl.java:setRole(184)) - 5c3956af-60d3-411f-8c98-c7ed3576de5c@group-EE856C9543A1: changes role from CANDIDATE to FOLLOWER at term 419 for DISCOVERED_A_NEW_TERM
2019-10-16 21:53:44,122 [5c3956af-60d3-411f-8c98-c7ed3576de5c@group-EE856C9543A1-LeaderElection384] INFO  impl.RoleInfo (RoleInfo.java:shutdownLeaderElection(134)) - 5c3956af-60d3-411f-8c98-c7ed3576de5c: shutdown LeaderElection
2019-10-16 21:53:44,122 [5c3956af-60d3-411f-8c98-c7ed3576de5c@group-EE856C9543A1-LeaderElection384] INFO  impl.RoleInfo (RoleInfo.java:updateAndGet(143)) - 5c3956af-60d3-411f-8c98-c7ed3576de5c: start FollowerState
2019-10-16 21:53:44,144 [Thread-2751] INFO  impl.FollowerState (FollowerState.java:run(108)) - 5c3956af-60d3-411f-8c98-c7ed3576de5c@group-EE856C9543A1-FollowerState: change to CANDIDATE, lastRpcTime:22ms, electionTimeout:22ms
2019-10-16 21:53:44,144 [Thread-2751] INFO  impl.RoleInfo (RoleInfo.java:shutdownFollowerState(121)) - 5c3956af-60d3-411f-8c98-c7ed3576de5c: shutdown FollowerState
2019-10-16 21:53:44,144 [Thread-2751] INFO  impl.RaftServerImpl (RaftServerImpl.java:setRole(184)) - 5c3956af-60d3-411f-8c98-c7ed3576de5c@group-EE856C9543A1: changes role from  FOLLOWER to CANDIDATE at term 419 for changeToCandidate
2019-10-16 21:53:44,144 [Thread-2751] INFO  impl.RoleInfo (RoleInfo.java:updateAndGet(143)) - 5c3956af-60d3-411f-8c98-c7ed3576de5c: start LeaderElection
2019-10-16 21:53:44,158 [5c3956af-60d3-411f-8c98-c7ed3576de5c@group-EE856C9543A1-LeaderElection385] INFO  impl.LeaderElection (LeaderElection.java:askForVotes(178)) - 5c3956af-60d3-411f-8c98-c7ed3576de5c@group-EE856C9543A1-LeaderElection385: begin an election at term 420 for -1: [5c3956af-60d3-411f-8c98-c7ed3576de5c:192.168.34.38:33787, efb933de-cdd8-4d8d-88d2-4c7ffe0dec1a:192.168.34.38:42459, 9d88716d-5d6b-4fd8-b832-a110dc45ee66:192.168.34.38:38211], old=null
2019-10-16 21:53:44,160 [grpc-default-executor-5] INFO  impl.RaftServerImpl (RaftServerImpl.java:setRole(184)) - efb933de-cdd8-4d8d-88d2-4c7ffe0dec1a@group-EE856C9543A1: changes role from  FOLLOWER to FOLLOWER at term 420 for recognizeCandidate:5c3956af-60d3-411f-8c98-c7ed3576de5c
2019-10-16 21:53:44,160 [grpc-default-executor-5] INFO  impl.RoleInfo (RoleInfo.java:shutdownFollowerState(121)) - efb933de-cdd8-4d8d-88d2-4c7ffe0dec1a: shutdown FollowerState
2019-10-16 21:53:44,160 [grpc-default-executor-1] INFO  impl.RaftServerImpl (RaftServerImpl.java:setRole(184)) - 9d88716d-5d6b-4fd8-b832-a110dc45ee66@group-EE856C9543A1: changes role from  FOLLOWER to FOLLOWER at term 420 for recognizeCandidate:5c3956af-60d3-411f-8c98-c7ed3576de5c
2019-10-16 21:53:44,160 [Thread-2750] INFO  impl.FollowerState (FollowerState.java:run(117)) - efb933de-cdd8-4d8d-88d2-4c7ffe0dec1a@group-EE856C9543A1-FollowerState was interrupted: java.lang.InterruptedException: sleep interrupted
2019-10-16 21:53:44,160 [grpc-default-executor-5] INFO  impl.RoleInfo (RoleInfo.java:updateAndGet(143)) - efb933de-cdd8-4d8d-88d2-4c7ffe0dec1a: start FollowerState
2019-10-16 21:53:44,161 [grpc-default-executor-1] INFO  impl.RoleInfo (RoleInfo.java:shutdownFollowerState(121)) - 9d88716d-5d6b-4fd8-b832-a110dc45ee66: shutdown FollowerState
2019-10-16 21:53:44,161 [Thread-2749] INFO  impl.FollowerState (FollowerState.java:run(117)) - 9d88716d-5d6b-4fd8-b832-a110dc45ee66@group-EE856C9543A1-FollowerState was interrupted: java.lang.InterruptedException: sleep interrupted
2019-10-16 21:53:44,161 [grpc-default-executor-1] INFO  impl.RoleInfo (RoleInfo.java:updateAndGet(143)) - 9d88716d-5d6b-4fd8-b832-a110dc45ee66: start FollowerState
2019-10-16 21:53:44,175 [5c3956af-60d3-411f-8c98-c7ed3576de5c@group-EE856C9543A1-LeaderElection385] INFO  impl.LeaderElection (LeaderElection.java:logAndReturn(56)) - 5c3956af-60d3-411f-8c98-c7ed3576de5c@group-EE856C9543A1-LeaderElection385: Election REJECTED; received 2 response(s) [5c3956af-60d3-411f-8c98-c7ed3576de5c<-efb933de-cdd8-4d8d-88d2-4c7ffe0dec1a#0:FAIL-t420, 5c3956af-60d3-411f-8c98-c7ed3576de5c<-9d88716d-5d6b-4fd8-b832-a110dc45ee66#0:FAIL-t420] and 0 exception(s); 5c3956af-60d3-411f-8c98-c7ed3576de5c@group-EE856C9543A1:t420, leader=null, voted=5c3956af-60d3-411f-8c98-c7ed3576de5c, raftlog=5c3956af-60d3-411f-8c98-c7ed3576de5c@group-EE856C9543A1-SegmentedRaftLog:OPENED:c-1,f-1,i0, conf=-1: [5c3956af-60d3-411f-8c98-c7ed3576de5c:192.168.34.38:33787, efb933de-cdd8-4d8d-88d2-4c7ffe0dec1a:192.168.34.38:42459, 9d88716d-5d6b-4fd8-b832-a110dc45ee66:192.168.34.38:38211], old=null
2019-10-16 21:53:44,175 [5c3956af-60d3-411f-8c98-c7ed3576de5c@group-EE856C9543A1-LeaderElection385] INFO  impl.RaftServerImpl (RaftServerImpl.java:setRole(184)) - 5c3956af-60d3-411f-8c98-c7ed3576de5c@group-EE856C9543A1: changes role from CANDIDATE to FOLLOWER at term 420 for DISCOVERED_A_NEW_TERM
2019-10-16 21:53:44,175 [5c3956af-60d3-411f-8c98-c7ed3576de5c@group-EE856C9543A1-LeaderElection385] INFO  impl.RoleInfo (RoleInfo.java:shutdownLeaderElection(134)) - 5c3956af-60d3-411f-8c98-c7ed3576de5c: shutdown LeaderElection
2019-10-16 21:53:44,176 [5c3956af-60d3-411f-8c98-c7ed3576de5c@group-EE856C9543A1-LeaderElection385] INFO  impl.RoleInfo (RoleInfo.java:updateAndGet(143)) - 5c3956af-60d3-411f-8c98-c7ed3576de5c: start FollowerState
2019-10-16 21:53:44,262 [Thread-2757] INFO  impl.FollowerState (FollowerState.java:run(108)) - 5c3956af-60d3-411f-8c98-c7ed3576de5c@group-EE856C9543A1-FollowerState: change to CANDIDATE, lastRpcTime:86ms, electionTimeout:86ms
2019-10-16 21:53:44,262 [Thread-2757] INFO  impl.RoleInfo (RoleInfo.java:shutdownFollowerState(121)) - 5c3956af-60d3-411f-8c98-c7ed3576de5c: shutdown FollowerState
2019-10-16 21:53:44,262 [Thread-2757] INFO  impl.RaftServerImpl (RaftServerImpl.java:setRole(184)) - 5c3956af-60d3-411f-8c98-c7ed3576de5c@group-EE856C9543A1: changes role from  FOLLOWER to CANDIDATE at term 420 for changeToCandidate
2019-10-16 21:53:44,262 [Thread-2757] INFO  impl.RoleInfo (RoleInfo.java:updateAndGet(143)) - 5c3956af-60d3-411f-8c98-c7ed3576de5c: start LeaderElection
2019-10-16 21:53:44,276 [5c3956af-60d3-411f-8c98-c7ed3576de5c@group-EE856C9543A1-LeaderElection386] INFO  impl.LeaderElection (LeaderElection.java:askForVotes(178)) - 5c3956af-60d3-411f-8c98-c7ed3576de5c@group-EE856C9543A1-LeaderElection386: begin an election at term 421 for -1: [5c3956af-60d3-411f-8c98-c7ed3576de5c:192.168.34.38:33787, efb933de-cdd8-4d8d-88d2-4c7ffe0dec1a:192.168.34.38:42459, 9d88716d-5d6b-4fd8-b832-a110dc45ee66:192.168.34.38:38211], old=null
2019-10-16 21:53:44,278 [grpc-default-executor-1] INFO  impl.RaftServerImpl (RaftServerImpl.java:setRole(184)) - efb933de-cdd8-4d8d-88d2-4c7ffe0dec1a@group-EE856C9543A1: changes role from  FOLLOWER to FOLLOWER at term 421 for recognizeCandidate:5c3956af-60d3-411f-8c98-c7ed3576de5c
2019-10-16 21:53:44,278 [grpc-default-executor-1] INFO  impl.RoleInfo (RoleInfo.java:shutdownFollowerState(121)) - efb933de-cdd8-4d8d-88d2-4c7ffe0dec1a: shutdown FollowerState
2019-10-16 21:53:44,278 [grpc-default-executor-1] INFO  impl.RoleInfo (RoleInfo.java:updateAndGet(143)) - efb933de-cdd8-4d8d-88d2-4c7ffe0dec1a: start FollowerState
2019-10-16 21:53:44,278 [grpc-default-executor-5] INFO  impl.RaftServerImpl (RaftServerImpl.java:setRole(184)) - 9d88716d-5d6b-4fd8-b832-a110dc45ee66@group-EE856C9543A1: changes role from  FOLLOWER to FOLLOWER at term 421 for recognizeCandidate:5c3956af-60d3-411f-8c98-c7ed3576de5c
2019-10-16 21:53:44,279 [grpc-default-executor-5] INFO  impl.RoleInfo (RoleInfo.java:shutdownFollowerState(121)) - 9d88716d-5d6b-4fd8-b832-a110dc45ee66: shutdown FollowerState
2019-10-16 21:53:44,278 [Thread-2755] INFO  impl.FollowerState (FollowerState.java:run(117)) - efb933de-cdd8-4d8d-88d2-4c7ffe0dec1a@group-EE856C9543A1-FollowerState was interrupted: java.lang.InterruptedException: sleep interrupted
2019-10-16 21:53:44,279 [Thread-2756] INFO  impl.FollowerState (FollowerState.java:run(117)) - 9d88716d-5d6b-4fd8-b832-a110dc45ee66@group-EE856C9543A1-FollowerState was interrupted: java.lang.InterruptedException: sleep interrupted
2019-10-16 21:53:44,279 [grpc-default-executor-5] INFO  impl.RoleInfo (RoleInfo.java:updateAndGet(143)) - 9d88716d-5d6b-4fd8-b832-a110dc45ee66: start FollowerState
2019-10-16 21:53:44,301 [5c3956af-60d3-411f-8c98-c7ed3576de5c@group-EE856C9543A1-LeaderElection386] INFO  impl.LeaderElection (LeaderElection.java:logAndReturn(56)) - 5c3956af-60d3-411f-8c98-c7ed3576de5c@group-EE856C9543A1-LeaderElection386: Election REJECTED; received 2 response(s) [5c3956af-60d3-411f-8c98-c7ed3576de5c<-efb933de-cdd8-4d8d-88d2-4c7ffe0dec1a#0:FAIL-t421, 5c3956af-60d3-411f-8c98-c7ed3576de5c<-9d88716d-5d6b-4fd8-b832-a110dc45ee66#0:FAIL-t421] and 0 exception(s); 5c3956af-60d3-411f-8c98-c7ed3576de5c@group-EE856C9543A1:t421, leader=null, voted=5c3956af-60d3-411f-8c98-c7ed3576de5c, raftlog=5c3956af-60d3-411f-8c98-c7ed3576de5c@group-EE856C9543A1-SegmentedRaftLog:OPENED:c-1,f-1,i0, conf=-1: [5c3956af-60d3-411f-8c98-c7ed3576de5c:192.168.34.38:33787, efb933de-cdd8-4d8d-88d2-4c7ffe0dec1a:192.168.34.38:42459, 9d88716d-5d6b-4fd8-b832-a110dc45ee66:192.168.34.38:38211], old=null
2019-10-16 21:53:44,302 [5c3956af-60d3-411f-8c98-c7ed3576de5c@group-EE856C9543A1-LeaderElection386] INFO  impl.RaftServerImpl (RaftServerImpl.java:setRole(184)) - 5c3956af-60d3-411f-8c98-c7ed3576de5c@group-EE856C9543A1: changes role from CANDIDATE to FOLLOWER at term 421 for DISCOVERED_A_NEW_TERM
2019-10-16 21:53:44,302 [5c3956af-60d3-411f-8c98-c7ed3576de5c@group-EE856C9543A1-LeaderElection386] INFO  impl.RoleInfo (RoleInfo.java:shutdownLeaderElection(134)) - 5c3956af-60d3-411f-8c98-c7ed3576de5c: shutdown LeaderElection
2019-10-16 21:53:44,302 [5c3956af-60d3-411f-8c98-c7ed3576de5c@group-EE856C9543A1-LeaderElection386] INFO  impl.RoleInfo (RoleInfo.java:updateAndGet(143)) - 5c3956af-60d3-411f-8c98-c7ed3576de5c: start FollowerState
2019-10-16 21:53:44,321 [Thread-2763] INFO  impl.FollowerState (FollowerState.java:run(108)) - 5c3956af-60d3-411f-8c98-c7ed3576de5c@group-EE856C9543A1-FollowerState: change to CANDIDATE, lastRpcTime:19ms, electionTimeout:19ms
2019-10-16 21:53:44,321 [Thread-2763] INFO  impl.RoleInfo (RoleInfo.java:shutdownFollowerState(121)) - 5c3956af-60d3-411f-8c98-c7ed3576de5c: shutdown FollowerState
2019-10-16 21:53:44,321 [Thread-2763] INFO  impl.RaftServerImpl (RaftServerImpl.java:setRole(184)) - 5c3956af-60d3-411f-8c98-c7ed3576de5c@group-EE856C9543A1: changes role from  FOLLOWER to CANDIDATE at term 421 for changeToCandidate
2019-10-16 21:53:44,321 [Thread-2763] INFO  impl.RoleInfo (RoleInfo.java:updateAndGet(143)) - 5c3956af-60d3-411f-8c98-c7ed3576de5c: start LeaderElection
2019-10-16 21:53:44,335 [5c3956af-60d3-411f-8c98-c7ed3576de5c@group-EE856C9543A1-LeaderElection387] INFO  impl.LeaderElection (LeaderElection.java:askForVotes(178)) - 5c3956af-60d3-411f-8c98-c7ed3576de5c@group-EE856C9543A1-LeaderElection387: begin an election at term 422 for -1: [5c3956af-60d3-411f-8c98-c7ed3576de5c:192.168.34.38:33787, efb933de-cdd8-4d8d-88d2-4c7ffe0dec1a:192.168.34.38:42459, 9d88716d-5d6b-4fd8-b832-a110dc45ee66:192.168.34.38:38211], old=null
2019-10-16 21:53:44,337 [grpc-default-executor-1] INFO  impl.RaftServerImpl (RaftServerImpl.java:setRole(184)) - efb933de-cdd8-4d8d-88d2-4c7ffe0dec1a@group-EE856C9543A1: changes role from  FOLLOWER to FOLLOWER at term 422 for recognizeCandidate:5c3956af-60d3-411f-8c98-c7ed3576de5c
2019-10-16 21:53:44,338 [grpc-default-executor-1] INFO  impl.RoleInfo (RoleInfo.java:shutdownFollowerState(121)) - efb933de-cdd8-4d8d-88d2-4c7ffe0dec1a: shutdown FollowerState
2019-10-16 21:53:44,338 [grpc-default-executor-1] INFO  impl.RoleInfo (RoleInfo.java:updateAndGet(143)) - efb933de-cdd8-4d8d-88d2-4c7ffe0dec1a: start FollowerState
2019-10-16 21:53:44,338 [Thread-2761] INFO  impl.FollowerState (FollowerState.java:run(117)) - efb933de-cdd8-4d8d-88d2-4c7ffe0dec1a@group-EE856C9543A1-FollowerState was interrupted: java.lang.InterruptedException: sleep interrupted
2019-10-16 21:53:44,338 [grpc-default-executor-5] INFO  impl.RaftServerImpl (RaftServerImpl.java:setRole(184)) - 9d88716d-5d6b-4fd8-b832-a110dc45ee66@group-EE856C9543A1: changes role from  FOLLOWER to FOLLOWER at term 422 for recognizeCandidate:5c3956af-60d3-411f-8c98-c7ed3576de5c
2019-10-16 21:53:44,338 [grpc-default-executor-5] INFO  impl.RoleInfo (RoleInfo.java:shutdownFollowerState(121)) - 9d88716d-5d6b-4fd8-b832-a110dc45ee66: shutdown FollowerState
2019-10-16 21:53:44,338 [grpc-default-executor-5] INFO  impl.RoleInfo (RoleInfo.java:updateAndGet(143)) - 9d88716d-5d6b-4fd8-b832-a110dc45ee66: start FollowerState
2019-10-16 21:53:44,339 [Thread-2762] INFO  impl.FollowerState (FollowerState.java:run(117)) - 9d88716d-5d6b-4fd8-b832-a110dc45ee66@group-EE856C9543A1-FollowerState was interrupted: java.lang.InterruptedException: sleep interrupted
2019-10-16 21:53:44,353 [5c3956af-60d3-411f-8c98-c7ed3576de5c@group-EE856C9543A1-LeaderElection387] INFO  impl.LeaderElection (LeaderElection.java:logAndReturn(56)) - 5c3956af-60d3-411f-8c98-c7ed3576de5c@group-EE856C9543A1-LeaderElection387: Election REJECTED; received 2 response(s) [5c3956af-60d3-411f-8c98-c7ed3576de5c<-efb933de-cdd8-4d8d-88d2-4c7ffe0dec1a#0:FAIL-t422, 5c3956af-60d3-411f-8c98-c7ed3576de5c<-9d88716d-5d6b-4fd8-b832-a110dc45ee66#0:FAIL-t422] and 0 exception(s); 5c3956af-60d3-411f-8c98-c7ed3576de5c@group-EE856C9543A1:t422, leader=null, voted=5c3956af-60d3-411f-8c98-c7ed3576de5c, raftlog=5c3956af-60d3-411f-8c98-c7ed3576de5c@group-EE856C9543A1-SegmentedRaftLog:OPENED:c-1,f-1,i0, conf=-1: [5c3956af-60d3-411f-8c98-c7ed3576de5c:192.168.34.38:33787, efb933de-cdd8-4d8d-88d2-4c7ffe0dec1a:192.168.34.38:42459, 9d88716d-5d6b-4fd8-b832-a110dc45ee66:192.168.34.38:38211], old=null
2019-10-16 21:53:44,353 [5c3956af-60d3-411f-8c98-c7ed3576de5c@group-EE856C9543A1-LeaderElection387] INFO  impl.RaftServerImpl (RaftServerImpl.java:setRole(184)) - 5c3956af-60d3-411f-8c98-c7ed3576de5c@group-EE856C9543A1: changes role from CANDIDATE to FOLLOWER at term 422 for DISCOVERED_A_NEW_TERM
2019-10-16 21:53:44,353 [5c3956af-60d3-411f-8c98-c7ed3576de5c@group-EE856C9543A1-LeaderElection387] INFO  impl.RoleInfo (RoleInfo.java:shutdownLeaderElection(134)) - 5c3956af-60d3-411f-8c98-c7ed3576de5c: shutdown LeaderElection
2019-10-16 21:53:44,353 [5c3956af-60d3-411f-8c98-c7ed3576de5c@group-EE856C9543A1-LeaderElection387] INFO  impl.RoleInfo (RoleInfo.java:updateAndGet(143)) - 5c3956af-60d3-411f-8c98-c7ed3576de5c: start FollowerState
2019-10-16 21:53:44,527 [Thread-2769] INFO  impl.FollowerState (FollowerState.java:run(108)) - 5c3956af-60d3-411f-8c98-c7ed3576de5c@group-EE856C9543A1-FollowerState: change to CANDIDATE, lastRpcTime:173ms, electionTimeout:173ms
2019-10-16 21:53:44,527 [Thread-2769] INFO  impl.RoleInfo (RoleInfo.java:shutdownFollowerState(121)) - 5c3956af-60d3-411f-8c98-c7ed3576de5c: shutdown FollowerState
2019-10-16 21:53:44,527 [Thread-2769] INFO  impl.RaftServerImpl (RaftServerImpl.java:setRole(184)) - 5c3956af-60d3-411f-8c98-c7ed3576de5c@group-EE856C9543A1: changes role from  FOLLOWER to CANDIDATE at term 422 for changeToCandidate
2019-10-16 21:53:44,527 [Thread-2769] INFO  impl.RoleInfo (RoleInfo.java:updateAndGet(143)) - 5c3956af-60d3-411f-8c98-c7ed3576de5c: start LeaderElection
2019-10-16 21:53:44,552 [5c3956af-60d3-411f-8c98-c7ed3576de5c@group-EE856C9543A1-LeaderElection388] INFO  impl.LeaderElection (LeaderElection.java:askForVotes(178)) - 5c3956af-60d3-411f-8c98-c7ed3576de5c@group-EE856C9543A1-LeaderElection388: begin an election at term 423 for -1: [5c3956af-60d3-411f-8c98-c7ed3576de5c:192.168.34.38:33787, efb933de-cdd8-4d8d-88d2-4c7ffe0dec1a:192.168.34.38:42459, 9d88716d-5d6b-4fd8-b832-a110dc45ee66:192.168.34.38:38211], old=null
2019-10-16 21:53:44,554 [grpc-default-executor-5] INFO  impl.RaftServerImpl (RaftServerImpl.java:setRole(184)) - efb933de-cdd8-4d8d-88d2-4c7ffe0dec1a@group-EE856C9543A1: changes role from  FOLLOWER to FOLLOWER at term 423 for recognizeCandidate:5c3956af-60d3-411f-8c98-c7ed3576de5c
2019-10-16 21:53:44,554 [grpc-default-executor-5] INFO  impl.RoleInfo (RoleInfo.java:shutdownFollowerState(121)) - efb933de-cdd8-4d8d-88d2-4c7ffe0dec1a: shutdown FollowerState
2019-10-16 21:53:44,555 [grpc-default-executor-5] INFO  impl.RoleInfo (RoleInfo.java:updateAndGet(143)) - efb933de-cdd8-4d8d-88d2-4c7ffe0dec1a: start FollowerState
2019-10-16 21:53:44,555 [Thread-2767] INFO  impl.FollowerState (FollowerState.java:run(117)) - efb933de-cdd8-4d8d-88d2-4c7ffe0dec1a@group-EE856C9543A1-FollowerState was interrupted: java.lang.InterruptedException: sleep interrupted
2019-10-16 21:53:44,555 [grpc-default-executor-1] INFO  impl.RaftServerImpl (RaftServerImpl.java:setRole(184)) - 9d88716d-5d6b-4fd8-b832-a110dc45ee66@group-EE856C9543A1: changes role from  FOLLOWER to FOLLOWER at term 423 for recognizeCandidate:5c3956af-60d3-411f-8c98-c7ed3576de5c
2019-10-16 21:53:44,555 [grpc-default-executor-1] INFO  impl.RoleInfo (RoleInfo.java:shutdownFollowerState(121)) - 9d88716d-5d6b-4fd8-b832-a110dc45ee66: shutdown FollowerState
2019-10-16 21:53:44,556 [grpc-default-executor-1] INFO  impl.RoleInfo (RoleInfo.java:updateAndGet(143)) - 9d88716d-5d6b-4fd8-b832-a110dc45ee66: start FollowerState
2019-10-16 21:53:44,556 [Thread-2768] INFO  impl.FollowerState (FollowerState.java:run(117)) - 9d88716d-5d6b-4fd8-b832-a110dc45ee66@group-EE856C9543A1-FollowerState was interrupted: java.lang.InterruptedException: sleep interrupted
2019-10-16 21:53:44,568 [5c3956af-60d3-411f-8c98-c7ed3576de5c@group-EE856C9543A1-LeaderElection388] INFO  impl.LeaderElection (LeaderElection.java:logAndReturn(56)) - 5c3956af-60d3-411f-8c98-c7ed3576de5c@group-EE856C9543A1-LeaderElection388: Election REJECTED; received 2 response(s) [5c3956af-60d3-411f-8c98-c7ed3576de5c<-efb933de-cdd8-4d8d-88d2-4c7ffe0dec1a#0:FAIL-t423, 5c3956af-60d3-411f-8c98-c7ed3576de5c<-9d88716d-5d6b-4fd8-b832-a110dc45ee66#0:FAIL-t423] and 0 exception(s); 5c3956af-60d3-411f-8c98-c7ed3576de5c@group-EE856C9543A1:t423, leader=null, voted=5c3956af-60d3-411f-8c98-c7ed3576de5c, raftlog=5c3956af-60d3-411f-8c98-c7ed3576de5c@group-EE856C9543A1-SegmentedRaftLog:OPENED:c-1,f-1,i0, conf=-1: [5c3956af-60d3-411f-8c98-c7ed3576de5c:192.168.34.38:33787, efb933de-cdd8-4d8d-88d2-4c7ffe0dec1a:192.168.34.38:42459, 9d88716d-5d6b-4fd8-b832-a110dc45ee66:192.168.34.38:38211], old=null
2019-10-16 21:53:44,569 [5c3956af-60d3-411f-8c98-c7ed3576de5c@group-EE856C9543A1-LeaderElection388] INFO  impl.RaftServerImpl (RaftServerImpl.java:setRole(184)) - 5c3956af-60d3-411f-8c98-c7ed3576de5c@group-EE856C9543A1: changes role from CANDIDATE to FOLLOWER at term 423 for DISCOVERED_A_NEW_TERM
2019-10-16 21:53:44,569 [5c3956af-60d3-411f-8c98-c7ed3576de5c@group-EE856C9543A1-LeaderElection388] INFO  impl.RoleInfo (RoleInfo.java:shutdownLeaderElection(134)) - 5c3956af-60d3-411f-8c98-c7ed3576de5c: shutdown LeaderElection
2019-10-16 21:53:44,569 [5c3956af-60d3-411f-8c98-c7ed3576de5c@group-EE856C9543A1-LeaderElection388] INFO  impl.RoleInfo (RoleInfo.java:updateAndGet(143)) - 5c3956af-60d3-411f-8c98-c7ed3576de5c: start FollowerState
2019-10-16 21:53:44,658 [JUnit] INFO  ozone.MiniOzoneClusterImpl (MiniOzoneClusterImpl.java:lambda$waitForClusterToBeReady$2(164)) - Waiting for 1 number of pipelines out of 6, to report a leader.
2019-10-16 21:53:44,756 [Thread-2775] INFO  impl.FollowerState (FollowerState.java:run(108)) - 5c3956af-60d3-411f-8c98-c7ed3576de5c@group-EE856C9543A1-FollowerState: change to CANDIDATE, lastRpcTime:187ms, electionTimeout:187ms
2019-10-16 21:53:44,756 [Thread-2775] INFO  impl.RoleInfo (RoleInfo.java:shutdownFollowerState(121)) - 5c3956af-60d3-411f-8c98-c7ed3576de5c: shutdown FollowerState
2019-10-16 21:53:44,756 [Thread-2775] INFO  impl.RaftServerImpl (RaftServerImpl.java:setRole(184)) - 5c3956af-60d3-411f-8c98-c7ed3576de5c@group-EE856C9543A1: changes role from  FOLLOWER to CANDIDATE at term 423 for changeToCandidate
2019-10-16 21:53:44,757 [Thread-2775] INFO  impl.RoleInfo (RoleInfo.java:updateAndGet(143)) - 5c3956af-60d3-411f-8c98-c7ed3576de5c: start LeaderElection
2019-10-16 21:53:44,770 [5c3956af-60d3-411f-8c98-c7ed3576de5c@group-EE856C9543A1-LeaderElection389] INFO  impl.LeaderElection (LeaderElection.java:askForVotes(178)) - 5c3956af-60d3-411f-8c98-c7ed3576de5c@group-EE856C9543A1-LeaderElection389: begin an election at term 424 for -1: [5c3956af-60d3-411f-8c98-c7ed3576de5c:192.168.34.38:33787, efb933de-cdd8-4d8d-88d2-4c7ffe0dec1a:192.168.34.38:42459, 9d88716d-5d6b-4fd8-b832-a110dc45ee66:192.168.34.38:38211], old=null
2019-10-16 21:53:44,772 [grpc-default-executor-1] INFO  impl.RaftServerImpl (RaftServerImpl.java:setRole(184)) - efb933de-cdd8-4d8d-88d2-4c7ffe0dec1a@group-EE856C9543A1: changes role from  FOLLOWER to FOLLOWER at term 424 for recognizeCandidate:5c3956af-60d3-411f-8c98-c7ed3576de5c
2019-10-16 21:53:44,772 [grpc-default-executor-1] INFO  impl.RoleInfo (RoleInfo.java:shutdownFollowerState(121)) - efb933de-cdd8-4d8d-88d2-4c7ffe0dec1a: shutdown FollowerState
2019-10-16 21:53:44,772 [grpc-default-executor-5] INFO  impl.RaftServerImpl (RaftServerImpl.java:setRole(184)) - 9d88716d-5d6b-4fd8-b832-a110dc45ee66@group-EE856C9543A1: changes role from  FOLLOWER to FOLLOWER at term 424 for recognizeCandidate:5c3956af-60d3-411f-8c98-c7ed3576de5c
2019-10-16 21:53:44,772 [Thread-2773] INFO  impl.FollowerState (FollowerState.java:run(117)) - efb933de-cdd8-4d8d-88d2-4c7ffe0dec1a@group-EE856C9543A1-FollowerState was interrupted: java.lang.InterruptedException: sleep interrupted
2019-10-16 21:53:44,772 [grpc-default-executor-1] INFO  impl.RoleInfo (RoleInfo.java:updateAndGet(143)) - efb933de-cdd8-4d8d-88d2-4c7ffe0dec1a: start FollowerState
2019-10-16 21:53:44,772 [grpc-default-executor-5] INFO  impl.RoleInfo (RoleInfo.java:shutdownFollowerState(121)) - 9d88716d-5d6b-4fd8-b832-a110dc45ee66: shutdown FollowerState
2019-10-16 21:53:44,773 [grpc-default-executor-5] INFO  impl.RoleInfo (RoleInfo.java:updateAndGet(143)) - 9d88716d-5d6b-4fd8-b832-a110dc45ee66: start FollowerState
2019-10-16 21:53:44,773 [Thread-2774] INFO  impl.FollowerState (FollowerState.java:run(117)) - 9d88716d-5d6b-4fd8-b832-a110dc45ee66@group-EE856C9543A1-FollowerState was interrupted: java.lang.InterruptedException: sleep interrupted
2019-10-16 21:53:44,782 [5c3956af-60d3-411f-8c98-c7ed3576de5c@group-EE856C9543A1-LeaderElection389] INFO  impl.LeaderElection (LeaderElection.java:logAndReturn(56)) - 5c3956af-60d3-411f-8c98-c7ed3576de5c@group-EE856C9543A1-LeaderElection389: Election REJECTED; received 2 response(s) [5c3956af-60d3-411f-8c98-c7ed3576de5c<-efb933de-cdd8-4d8d-88d2-4c7ffe0dec1a#0:FAIL-t424, 5c3956af-60d3-411f-8c98-c7ed3576de5c<-9d88716d-5d6b-4fd8-b832-a110dc45ee66#0:FAIL-t424] and 0 exception(s); 5c3956af-60d3-411f-8c98-c7ed3576de5c@group-EE856C9543A1:t424, leader=null, voted=5c3956af-60d3-411f-8c98-c7ed3576de5c, raftlog=5c3956af-60d3-411f-8c98-c7ed3576de5c@group-EE856C9543A1-SegmentedRaftLog:OPENED:c-1,f-1,i0, conf=-1: [5c3956af-60d3-411f-8c98-c7ed3576de5c:192.168.34.38:33787, efb933de-cdd8-4d8d-88d2-4c7ffe0dec1a:192.168.34.38:42459, 9d88716d-5d6b-4fd8-b832-a110dc45ee66:192.168.34.38:38211], old=null
2019-10-16 21:53:44,783 [5c3956af-60d3-411f-8c98-c7ed3576de5c@group-EE856C9543A1-LeaderElection389] INFO  impl.RaftServerImpl (RaftServerImpl.java:setRole(184)) - 5c3956af-60d3-411f-8c98-c7ed3576de5c@group-EE856C9543A1: changes role from CANDIDATE to FOLLOWER at term 424 for DISCOVERED_A_NEW_TERM
2019-10-16 21:53:44,783 [5c3956af-60d3-411f-8c98-c7ed3576de5c@group-EE856C9543A1-LeaderElection389] INFO  impl.RoleInfo (RoleInfo.java:shutdownLeaderElection(134)) - 5c3956af-60d3-411f-8c98-c7ed3576de5c: shutdown LeaderElection
2019-10-16 21:53:44,783 [5c3956af-60d3-411f-8c98-c7ed3576de5c@group-EE856C9543A1-LeaderElection389] INFO  impl.RoleInfo (RoleInfo.java:updateAndGet(143)) - 5c3956af-60d3-411f-8c98-c7ed3576de5c: start FollowerState
2019-10-16 21:53:44,881 [Thread-2781] INFO  impl.FollowerState (FollowerState.java:run(108)) - 5c3956af-60d3-411f-8c98-c7ed3576de5c@group-EE856C9543A1-FollowerState: change to CANDIDATE, lastRpcTime:98ms, electionTimeout:98ms
2019-10-16 21:53:44,881 [Thread-2781] INFO  impl.RoleInfo (RoleInfo.java:shutdownFollowerState(121)) - 5c3956af-60d3-411f-8c98-c7ed3576de5c: shutdown FollowerState
2019-10-16 21:53:44,882 [Thread-2781] INFO  impl.RaftServerImpl (RaftServerImpl.java:setRole(184)) - 5c3956af-60d3-411f-8c98-c7ed3576de5c@group-EE856C9543A1: changes role from  FOLLOWER to CANDIDATE at term 424 for changeToCandidate
2019-10-16 21:53:44,882 [Thread-2781] INFO  impl.RoleInfo (RoleInfo.java:updateAndGet(143)) - 5c3956af-60d3-411f-8c98-c7ed3576de5c: start LeaderElection
2019-10-16 21:53:44,903 [5c3956af-60d3-411f-8c98-c7ed3576de5c@group-EE856C9543A1-LeaderElection390] INFO  impl.LeaderElection (LeaderElection.java:askForVotes(178)) - 5c3956af-60d3-411f-8c98-c7ed3576de5c@group-EE856C9543A1-LeaderElection390: begin an election at term 425 for -1: [5c3956af-60d3-411f-8c98-c7ed3576de5c:192.168.34.38:33787, efb933de-cdd8-4d8d-88d2-4c7ffe0dec1a:192.168.34.38:42459, 9d88716d-5d6b-4fd8-b832-a110dc45ee66:192.168.34.38:38211], old=null
2019-10-16 21:53:44,905 [grpc-default-executor-5] INFO  impl.RaftServerImpl (RaftServerImpl.java:setRole(184)) - efb933de-cdd8-4d8d-88d2-4c7ffe0dec1a@group-EE856C9543A1: changes role from  FOLLOWER to FOLLOWER at term 425 for recognizeCandidate:5c3956af-60d3-411f-8c98-c7ed3576de5c
2019-10-16 21:53:44,905 [grpc-default-executor-5] INFO  impl.RoleInfo (RoleInfo.java:shutdownFollowerState(121)) - efb933de-cdd8-4d8d-88d2-4c7ffe0dec1a: shutdown FollowerState
2019-10-16 21:53:44,905 [grpc-default-executor-1] INFO  impl.RaftServerImpl (RaftServerImpl.java:setRole(184)) - 9d88716d-5d6b-4fd8-b832-a110dc45ee66@group-EE856C9543A1: changes role from  FOLLOWER to FOLLOWER at term 425 for recognizeCandidate:5c3956af-60d3-411f-8c98-c7ed3576de5c
2019-10-16 21:53:44,905 [Thread-2779] INFO  impl.FollowerState (FollowerState.java:run(117)) - efb933de-cdd8-4d8d-88d2-4c7ffe0dec1a@group-EE856C9543A1-FollowerState was interrupted: java.lang.InterruptedException: sleep interrupted
2019-10-16 21:53:44,905 [grpc-default-executor-5] INFO  impl.RoleInfo (RoleInfo.java:updateAndGet(143)) - efb933de-cdd8-4d8d-88d2-4c7ffe0dec1a: start FollowerState
2019-10-16 21:53:44,905 [grpc-default-executor-1] INFO  impl.RoleInfo (RoleInfo.java:shutdownFollowerState(121)) - 9d88716d-5d6b-4fd8-b832-a110dc45ee66: shutdown FollowerState
2019-10-16 21:53:44,906 [Thread-2780] INFO  impl.FollowerState (FollowerState.java:run(117)) - 9d88716d-5d6b-4fd8-b832-a110dc45ee66@group-EE856C9543A1-FollowerState was interrupted: java.lang.InterruptedException: sleep interrupted
2019-10-16 21:53:44,906 [grpc-default-executor-1] INFO  impl.RoleInfo (RoleInfo.java:updateAndGet(143)) - 9d88716d-5d6b-4fd8-b832-a110dc45ee66: start FollowerState
2019-10-16 21:53:44,921 [5c3956af-60d3-411f-8c98-c7ed3576de5c@group-EE856C9543A1-LeaderElection390] INFO  impl.LeaderElection (LeaderElection.java:logAndReturn(56)) - 5c3956af-60d3-411f-8c98-c7ed3576de5c@group-EE856C9543A1-LeaderElection390: Election REJECTED; received 2 response(s) [5c3956af-60d3-411f-8c98-c7ed3576de5c<-efb933de-cdd8-4d8d-88d2-4c7ffe0dec1a#0:FAIL-t425, 5c3956af-60d3-411f-8c98-c7ed3576de5c<-9d88716d-5d6b-4fd8-b832-a110dc45ee66#0:FAIL-t425] and 0 exception(s); 5c3956af-60d3-411f-8c98-c7ed3576de5c@group-EE856C9543A1:t425, leader=null, voted=5c3956af-60d3-411f-8c98-c7ed3576de5c, raftlog=5c3956af-60d3-411f-8c98-c7ed3576de5c@group-EE856C9543A1-SegmentedRaftLog:OPENED:c-1,f-1,i0, conf=-1: [5c3956af-60d3-411f-8c98-c7ed3576de5c:192.168.34.38:33787, efb933de-cdd8-4d8d-88d2-4c7ffe0dec1a:192.168.34.38:42459, 9d88716d-5d6b-4fd8-b832-a110dc45ee66:192.168.34.38:38211], old=null
2019-10-16 21:53:44,921 [5c3956af-60d3-411f-8c98-c7ed3576de5c@group-EE856C9543A1-LeaderElection390] INFO  impl.RaftServerImpl (RaftServerImpl.java:setRole(184)) - 5c3956af-60d3-411f-8c98-c7ed3576de5c@group-EE856C9543A1: changes role from CANDIDATE to FOLLOWER at term 425 for DISCOVERED_A_NEW_TERM
2019-10-16 21:53:44,921 [5c3956af-60d3-411f-8c98-c7ed3576de5c@group-EE856C9543A1-LeaderElection390] INFO  impl.RoleInfo (RoleInfo.java:shutdownLeaderElection(134)) - 5c3956af-60d3-411f-8c98-c7ed3576de5c: shutdown LeaderElection
2019-10-16 21:53:44,921 [5c3956af-60d3-411f-8c98-c7ed3576de5c@group-EE856C9543A1-LeaderElection390] INFO  impl.RoleInfo (RoleInfo.java:updateAndGet(143)) - 5c3956af-60d3-411f-8c98-c7ed3576de5c: start FollowerState
2019-10-16 21:53:45,020 [Thread-2788] INFO  impl.FollowerState (FollowerState.java:run(108)) - 5c3956af-60d3-411f-8c98-c7ed3576de5c@group-EE856C9543A1-FollowerState: change to CANDIDATE, lastRpcTime:98ms, electionTimeout:98ms
2019-10-16 21:53:45,020 [Thread-2788] INFO  impl.RoleInfo (RoleInfo.java:shutdownFollowerState(121)) - 5c3956af-60d3-411f-8c98-c7ed3576de5c: shutdown FollowerState
2019-10-16 21:53:45,020 [Thread-2788] INFO  impl.RaftServerImpl (RaftServerImpl.java:setRole(184)) - 5c3956af-60d3-411f-8c98-c7ed3576de5c@group-EE856C9543A1: changes role from  FOLLOWER to CANDIDATE at term 425 for changeToCandidate
2019-10-16 21:53:45,021 [Thread-2788] INFO  impl.RoleInfo (RoleInfo.java:updateAndGet(143)) - 5c3956af-60d3-411f-8c98-c7ed3576de5c: start LeaderElection
2019-10-16 21:53:45,034 [5c3956af-60d3-411f-8c98-c7ed3576de5c@group-EE856C9543A1-LeaderElection391] INFO  impl.LeaderElection (LeaderElection.java:askForVotes(178)) - 5c3956af-60d3-411f-8c98-c7ed3576de5c@group-EE856C9543A1-LeaderElection391: begin an election at term 426 for -1: [5c3956af-60d3-411f-8c98-c7ed3576de5c:192.168.34.38:33787, efb933de-cdd8-4d8d-88d2-4c7ffe0dec1a:192.168.34.38:42459, 9d88716d-5d6b-4fd8-b832-a110dc45ee66:192.168.34.38:38211], old=null
2019-10-16 21:53:45,035 [grpc-default-executor-1] INFO  impl.RaftServerImpl (RaftServerImpl.java:setRole(184)) - efb933de-cdd8-4d8d-88d2-4c7ffe0dec1a@group-EE856C9543A1: changes role from  FOLLOWER to FOLLOWER at term 426 for recognizeCandidate:5c3956af-60d3-411f-8c98-c7ed3576de5c
2019-10-16 21:53:45,036 [grpc-default-executor-5] INFO  impl.RaftServerImpl (RaftServerImpl.java:setRole(184)) - 9d88716d-5d6b-4fd8-b832-a110dc45ee66@group-EE856C9543A1: changes role from  FOLLOWER to FOLLOWER at term 426 for recognizeCandidate:5c3956af-60d3-411f-8c98-c7ed3576de5c
2019-10-16 21:53:45,036 [grpc-default-executor-5] INFO  impl.RoleInfo (RoleInfo.java:shutdownFollowerState(121)) - 9d88716d-5d6b-4fd8-b832-a110dc45ee66: shutdown FollowerState
2019-10-16 21:53:45,036 [grpc-default-executor-1] INFO  impl.RoleInfo (RoleInfo.java:shutdownFollowerState(121)) - efb933de-cdd8-4d8d-88d2-4c7ffe0dec1a: shutdown FollowerState
2019-10-16 21:53:45,036 [Thread-2786] INFO  impl.FollowerState (FollowerState.java:run(117)) - 9d88716d-5d6b-4fd8-b832-a110dc45ee66@group-EE856C9543A1-FollowerState was interrupted: java.lang.InterruptedException: sleep interrupted
2019-10-16 21:53:45,036 [grpc-default-executor-5] INFO  impl.RoleInfo (RoleInfo.java:updateAndGet(143)) - 9d88716d-5d6b-4fd8-b832-a110dc45ee66: start FollowerState
2019-10-16 21:53:45,036 [Thread-2785] INFO  impl.FollowerState (FollowerState.java:run(117)) - efb933de-cdd8-4d8d-88d2-4c7ffe0dec1a@group-EE856C9543A1-FollowerState was interrupted: java.lang.InterruptedException: sleep interrupted
2019-10-16 21:53:45,036 [grpc-default-executor-1] INFO  impl.RoleInfo (RoleInfo.java:updateAndGet(143)) - efb933de-cdd8-4d8d-88d2-4c7ffe0dec1a: start FollowerState
2019-10-16 21:53:45,053 [5c3956af-60d3-411f-8c98-c7ed3576de5c@group-EE856C9543A1-LeaderElection391] INFO  impl.LeaderElection (LeaderElection.java:logAndReturn(56)) - 5c3956af-60d3-411f-8c98-c7ed3576de5c@group-EE856C9543A1-LeaderElection391: Election REJECTED; received 2 response(s) [5c3956af-60d3-411f-8c98-c7ed3576de5c<-efb933de-cdd8-4d8d-88d2-4c7ffe0dec1a#0:FAIL-t426, 5c3956af-60d3-411f-8c98-c7ed3576de5c<-9d88716d-5d6b-4fd8-b832-a110dc45ee66#0:FAIL-t426] and 0 exception(s); 5c3956af-60d3-411f-8c98-c7ed3576de5c@group-EE856C9543A1:t426, leader=null, voted=5c3956af-60d3-411f-8c98-c7ed3576de5c, raftlog=5c3956af-60d3-411f-8c98-c7ed3576de5c@group-EE856C9543A1-SegmentedRaftLog:OPENED:c-1,f-1,i0, conf=-1: [5c3956af-60d3-411f-8c98-c7ed3576de5c:192.168.34.38:33787, efb933de-cdd8-4d8d-88d2-4c7ffe0dec1a:192.168.34.38:42459, 9d88716d-5d6b-4fd8-b832-a110dc45ee66:192.168.34.38:38211], old=null
2019-10-16 21:53:45,053 [5c3956af-60d3-411f-8c98-c7ed3576de5c@group-EE856C9543A1-LeaderElection391] INFO  impl.RaftServerImpl (RaftServerImpl.java:setRole(184)) - 5c3956af-60d3-411f-8c98-c7ed3576de5c@group-EE856C9543A1: changes role from CANDIDATE to FOLLOWER at term 426 for DISCOVERED_A_NEW_TERM
2019-10-16 21:53:45,053 [5c3956af-60d3-411f-8c98-c7ed3576de5c@group-EE856C9543A1-LeaderElection391] INFO  impl.RoleInfo (RoleInfo.java:shutdownLeaderElection(134)) - 5c3956af-60d3-411f-8c98-c7ed3576de5c: shutdown LeaderElection
2019-10-16 21:53:45,053 [5c3956af-60d3-411f-8c98-c7ed3576de5c@group-EE856C9543A1-LeaderElection391] INFO  impl.RoleInfo (RoleInfo.java:updateAndGet(143)) - 5c3956af-60d3-411f-8c98-c7ed3576de5c: start FollowerState
2019-10-16 21:53:45,170 [Thread-2794] INFO  impl.FollowerState (FollowerState.java:run(108)) - 5c3956af-60d3-411f-8c98-c7ed3576de5c@group-EE856C9543A1-FollowerState: change to CANDIDATE, lastRpcTime:116ms, electionTimeout:116ms
2019-10-16 21:53:45,170 [Thread-2794] INFO  impl.RoleInfo (RoleInfo.java:shutdownFollowerState(121)) - 5c3956af-60d3-411f-8c98-c7ed3576de5c: shutdown FollowerState
2019-10-16 21:53:45,170 [Thread-2794] INFO  impl.RaftServerImpl (RaftServerImpl.java:setRole(184)) - 5c3956af-60d3-411f-8c98-c7ed3576de5c@group-EE856C9543A1: changes role from  FOLLOWER to CANDIDATE at term 426 for changeToCandidate
2019-10-16 21:53:45,170 [Thread-2794] INFO  impl.RoleInfo (RoleInfo.java:updateAndGet(143)) - 5c3956af-60d3-411f-8c98-c7ed3576de5c: start LeaderElection
2019-10-16 21:53:45,183 [5c3956af-60d3-411f-8c98-c7ed3576de5c@group-EE856C9543A1-LeaderElection392] INFO  impl.LeaderElection (LeaderElection.java:askForVotes(178)) - 5c3956af-60d3-411f-8c98-c7ed3576de5c@group-EE856C9543A1-LeaderElection392: begin an election at term 427 for -1: [5c3956af-60d3-411f-8c98-c7ed3576de5c:192.168.34.38:33787, efb933de-cdd8-4d8d-88d2-4c7ffe0dec1a:192.168.34.38:42459, 9d88716d-5d6b-4fd8-b832-a110dc45ee66:192.168.34.38:38211], old=null
2019-10-16 21:53:45,185 [grpc-default-executor-5] INFO  impl.RaftServerImpl (RaftServerImpl.java:setRole(184)) - efb933de-cdd8-4d8d-88d2-4c7ffe0dec1a@group-EE856C9543A1: changes role from  FOLLOWER to FOLLOWER at term 427 for recognizeCandidate:5c3956af-60d3-411f-8c98-c7ed3576de5c
2019-10-16 21:53:45,185 [grpc-default-executor-5] INFO  impl.RoleInfo (RoleInfo.java:shutdownFollowerState(121)) - efb933de-cdd8-4d8d-88d2-4c7ffe0dec1a: shutdown FollowerState
2019-10-16 21:53:45,185 [grpc-default-executor-5] INFO  impl.RoleInfo (RoleInfo.java:updateAndGet(143)) - efb933de-cdd8-4d8d-88d2-4c7ffe0dec1a: start FollowerState
2019-10-16 21:53:45,185 [Thread-2793] INFO  impl.FollowerState (FollowerState.java:run(117)) - efb933de-cdd8-4d8d-88d2-4c7ffe0dec1a@group-EE856C9543A1-FollowerState was interrupted: java.lang.InterruptedException: sleep interrupted
2019-10-16 21:53:45,185 [grpc-default-executor-1] INFO  impl.RaftServerImpl (RaftServerImpl.java:setRole(184)) - 9d88716d-5d6b-4fd8-b832-a110dc45ee66@group-EE856C9543A1: changes role from  FOLLOWER to FOLLOWER at term 427 for recognizeCandidate:5c3956af-60d3-411f-8c98-c7ed3576de5c
2019-10-16 21:53:45,186 [grpc-default-executor-1] INFO  impl.RoleInfo (RoleInfo.java:shutdownFollowerState(121)) - 9d88716d-5d6b-4fd8-b832-a110dc45ee66: shutdown FollowerState
2019-10-16 21:53:45,186 [grpc-default-executor-1] INFO  impl.RoleInfo (RoleInfo.java:updateAndGet(143)) - 9d88716d-5d6b-4fd8-b832-a110dc45ee66: start FollowerState
2019-10-16 21:53:45,186 [Thread-2792] INFO  impl.FollowerState (FollowerState.java:run(117)) - 9d88716d-5d6b-4fd8-b832-a110dc45ee66@group-EE856C9543A1-FollowerState was interrupted: java.lang.InterruptedException: sleep interrupted
2019-10-16 21:53:45,200 [5c3956af-60d3-411f-8c98-c7ed3576de5c@group-EE856C9543A1-LeaderElection392] INFO  impl.LeaderElection (LeaderElection.java:logAndReturn(56)) - 5c3956af-60d3-411f-8c98-c7ed3576de5c@group-EE856C9543A1-LeaderElection392: Election REJECTED; received 2 response(s) [5c3956af-60d3-411f-8c98-c7ed3576de5c<-efb933de-cdd8-4d8d-88d2-4c7ffe0dec1a#0:FAIL-t427, 5c3956af-60d3-411f-8c98-c7ed3576de5c<-9d88716d-5d6b-4fd8-b832-a110dc45ee66#0:FAIL-t427] and 0 exception(s); 5c3956af-60d3-411f-8c98-c7ed3576de5c@group-EE856C9543A1:t427, leader=null, voted=5c3956af-60d3-411f-8c98-c7ed3576de5c, raftlog=5c3956af-60d3-411f-8c98-c7ed3576de5c@group-EE856C9543A1-SegmentedRaftLog:OPENED:c-1,f-1,i0, conf=-1: [5c3956af-60d3-411f-8c98-c7ed3576de5c:192.168.34.38:33787, efb933de-cdd8-4d8d-88d2-4c7ffe0dec1a:192.168.34.38:42459, 9d88716d-5d6b-4fd8-b832-a110dc45ee66:192.168.34.38:38211], old=null
2019-10-16 21:53:45,200 [5c3956af-60d3-411f-8c98-c7ed3576de5c@group-EE856C9543A1-LeaderElection392] INFO  impl.RaftServerImpl (RaftServerImpl.java:setRole(184)) - 5c3956af-60d3-411f-8c98-c7ed3576de5c@group-EE856C9543A1: changes role from CANDIDATE to FOLLOWER at term 427 for DISCOVERED_A_NEW_TERM
2019-10-16 21:53:45,200 [5c3956af-60d3-411f-8c98-c7ed3576de5c@group-EE856C9543A1-LeaderElection392] INFO  impl.RoleInfo (RoleInfo.java:shutdownLeaderElection(134)) - 5c3956af-60d3-411f-8c98-c7ed3576de5c: shutdown LeaderElection
2019-10-16 21:53:45,200 [5c3956af-60d3-411f-8c98-c7ed3576de5c@group-EE856C9543A1-LeaderElection392] INFO  impl.RoleInfo (RoleInfo.java:updateAndGet(143)) - 5c3956af-60d3-411f-8c98-c7ed3576de5c: start FollowerState
2019-10-16 21:53:45,255 [Thread-2800] INFO  impl.FollowerState (FollowerState.java:run(108)) - 5c3956af-60d3-411f-8c98-c7ed3576de5c@group-EE856C9543A1-FollowerState: change to CANDIDATE, lastRpcTime:55ms, electionTimeout:55ms
2019-10-16 21:53:45,256 [Thread-2800] INFO  impl.RoleInfo (RoleInfo.java:shutdownFollowerState(121)) - 5c3956af-60d3-411f-8c98-c7ed3576de5c: shutdown FollowerState
2019-10-16 21:53:45,256 [Thread-2800] INFO  impl.RaftServerImpl (RaftServerImpl.java:setRole(184)) - 5c3956af-60d3-411f-8c98-c7ed3576de5c@group-EE856C9543A1: changes role from  FOLLOWER to CANDIDATE at term 427 for changeToCandidate
2019-10-16 21:53:45,256 [Thread-2800] INFO  impl.RoleInfo (RoleInfo.java:updateAndGet(143)) - 5c3956af-60d3-411f-8c98-c7ed3576de5c: start LeaderElection
2019-10-16 21:53:45,269 [5c3956af-60d3-411f-8c98-c7ed3576de5c@group-EE856C9543A1-LeaderElection393] INFO  impl.LeaderElection (LeaderElection.java:askForVotes(178)) - 5c3956af-60d3-411f-8c98-c7ed3576de5c@group-EE856C9543A1-LeaderElection393: begin an election at term 428 for -1: [5c3956af-60d3-411f-8c98-c7ed3576de5c:192.168.34.38:33787, efb933de-cdd8-4d8d-88d2-4c7ffe0dec1a:192.168.34.38:42459, 9d88716d-5d6b-4fd8-b832-a110dc45ee66:192.168.34.38:38211], old=null
2019-10-16 21:53:45,271 [grpc-default-executor-1] INFO  impl.RaftServerImpl (RaftServerImpl.java:setRole(184)) - efb933de-cdd8-4d8d-88d2-4c7ffe0dec1a@group-EE856C9543A1: changes role from  FOLLOWER to FOLLOWER at term 428 for recognizeCandidate:5c3956af-60d3-411f-8c98-c7ed3576de5c
2019-10-16 21:53:45,271 [grpc-default-executor-1] INFO  impl.RoleInfo (RoleInfo.java:shutdownFollowerState(121)) - efb933de-cdd8-4d8d-88d2-4c7ffe0dec1a: shutdown FollowerState
2019-10-16 21:53:45,271 [grpc-default-executor-5] INFO  impl.RaftServerImpl (RaftServerImpl.java:setRole(184)) - 9d88716d-5d6b-4fd8-b832-a110dc45ee66@group-EE856C9543A1: changes role from  FOLLOWER to FOLLOWER at term 428 for recognizeCandidate:5c3956af-60d3-411f-8c98-c7ed3576de5c
2019-10-16 21:53:45,271 [Thread-2798] INFO  impl.FollowerState (FollowerState.java:run(117)) - efb933de-cdd8-4d8d-88d2-4c7ffe0dec1a@group-EE856C9543A1-FollowerState was interrupted: java.lang.InterruptedException: sleep interrupted
2019-10-16 21:53:45,271 [grpc-default-executor-1] INFO  impl.RoleInfo (RoleInfo.java:updateAndGet(143)) - efb933de-cdd8-4d8d-88d2-4c7ffe0dec1a: start FollowerState
2019-10-16 21:53:45,271 [grpc-default-executor-5] INFO  impl.RoleInfo (RoleInfo.java:shutdownFollowerState(121)) - 9d88716d-5d6b-4fd8-b832-a110dc45ee66: shutdown FollowerState
2019-10-16 21:53:45,272 [grpc-default-executor-5] INFO  impl.RoleInfo (RoleInfo.java:updateAndGet(143)) - 9d88716d-5d6b-4fd8-b832-a110dc45ee66: start FollowerState
2019-10-16 21:53:45,272 [Thread-2799] INFO  impl.FollowerState (FollowerState.java:run(117)) - 9d88716d-5d6b-4fd8-b832-a110dc45ee66@group-EE856C9543A1-FollowerState was interrupted: java.lang.InterruptedException: sleep interrupted
2019-10-16 21:53:45,282 [5c3956af-60d3-411f-8c98-c7ed3576de5c@group-EE856C9543A1-LeaderElection393] INFO  impl.LeaderElection (LeaderElection.java:logAndReturn(56)) - 5c3956af-60d3-411f-8c98-c7ed3576de5c@group-EE856C9543A1-LeaderElection393: Election TIMEOUT; received 0 response(s) [] and 0 exception(s); 5c3956af-60d3-411f-8c98-c7ed3576de5c@group-EE856C9543A1:t428, leader=null, voted=5c3956af-60d3-411f-8c98-c7ed3576de5c, raftlog=5c3956af-60d3-411f-8c98-c7ed3576de5c@group-EE856C9543A1-SegmentedRaftLog:OPENED:c-1,f-1,i0, conf=-1: [5c3956af-60d3-411f-8c98-c7ed3576de5c:192.168.34.38:33787, efb933de-cdd8-4d8d-88d2-4c7ffe0dec1a:192.168.34.38:42459, 9d88716d-5d6b-4fd8-b832-a110dc45ee66:192.168.34.38:38211], old=null
2019-10-16 21:53:45,286 [5c3956af-60d3-411f-8c98-c7ed3576de5c@group-EE856C9543A1-LeaderElection393] INFO  impl.LeaderElection (LeaderElection.java:askForVotes(178)) - 5c3956af-60d3-411f-8c98-c7ed3576de5c@group-EE856C9543A1-LeaderElection393: begin an election at term 429 for -1: [5c3956af-60d3-411f-8c98-c7ed3576de5c:192.168.34.38:33787, efb933de-cdd8-4d8d-88d2-4c7ffe0dec1a:192.168.34.38:42459, 9d88716d-5d6b-4fd8-b832-a110dc45ee66:192.168.34.38:38211], old=null
2019-10-16 21:53:45,288 [grpc-default-executor-5] INFO  impl.RaftServerImpl (RaftServerImpl.java:setRole(184)) - efb933de-cdd8-4d8d-88d2-4c7ffe0dec1a@group-EE856C9543A1: changes role from  FOLLOWER to FOLLOWER at term 429 for recognizeCandidate:5c3956af-60d3-411f-8c98-c7ed3576de5c
2019-10-16 21:53:45,288 [grpc-default-executor-5] INFO  impl.RoleInfo (RoleInfo.java:shutdownFollowerState(121)) - efb933de-cdd8-4d8d-88d2-4c7ffe0dec1a: shutdown FollowerState
2019-10-16 21:53:45,288 [grpc-default-executor-5] INFO  impl.RoleInfo (RoleInfo.java:updateAndGet(143)) - efb933de-cdd8-4d8d-88d2-4c7ffe0dec1a: start FollowerState
2019-10-16 21:53:45,288 [grpc-default-executor-1] INFO  impl.RaftServerImpl (RaftServerImpl.java:setRole(184)) - 9d88716d-5d6b-4fd8-b832-a110dc45ee66@group-EE856C9543A1: changes role from  FOLLOWER to FOLLOWER at term 429 for recognizeCandidate:5c3956af-60d3-411f-8c98-c7ed3576de5c
2019-10-16 21:53:45,289 [grpc-default-executor-1] INFO  impl.RoleInfo (RoleInfo.java:shutdownFollowerState(121)) - 9d88716d-5d6b-4fd8-b832-a110dc45ee66: shutdown FollowerState
2019-10-16 21:53:45,288 [Thread-2804] INFO  impl.FollowerState (FollowerState.java:run(117)) - efb933de-cdd8-4d8d-88d2-4c7ffe0dec1a@group-EE856C9543A1-FollowerState was interrupted: java.lang.InterruptedException: sleep interrupted
2019-10-16 21:53:45,289 [Thread-2805] INFO  impl.FollowerState (FollowerState.java:run(117)) - 9d88716d-5d6b-4fd8-b832-a110dc45ee66@group-EE856C9543A1-FollowerState was interrupted: java.lang.InterruptedException: sleep interrupted
2019-10-16 21:53:45,289 [grpc-default-executor-1] INFO  impl.RoleInfo (RoleInfo.java:updateAndGet(143)) - 9d88716d-5d6b-4fd8-b832-a110dc45ee66: start FollowerState
2019-10-16 21:53:45,305 [5c3956af-60d3-411f-8c98-c7ed3576de5c@group-EE856C9543A1-LeaderElection393] INFO  impl.LeaderElection (LeaderElection.java:logAndReturn(56)) - 5c3956af-60d3-411f-8c98-c7ed3576de5c@group-EE856C9543A1-LeaderElection393: Election REJECTED; received 2 response(s) [5c3956af-60d3-411f-8c98-c7ed3576de5c<-efb933de-cdd8-4d8d-88d2-4c7ffe0dec1a#0:FAIL-t429, 5c3956af-60d3-411f-8c98-c7ed3576de5c<-9d88716d-5d6b-4fd8-b832-a110dc45ee66#0:FAIL-t429] and 0 exception(s); 5c3956af-60d3-411f-8c98-c7ed3576de5c@group-EE856C9543A1:t429, leader=null, voted=5c3956af-60d3-411f-8c98-c7ed3576de5c, raftlog=5c3956af-60d3-411f-8c98-c7ed3576de5c@group-EE856C9543A1-SegmentedRaftLog:OPENED:c-1,f-1,i0, conf=-1: [5c3956af-60d3-411f-8c98-c7ed3576de5c:192.168.34.38:33787, efb933de-cdd8-4d8d-88d2-4c7ffe0dec1a:192.168.34.38:42459, 9d88716d-5d6b-4fd8-b832-a110dc45ee66:192.168.34.38:38211], old=null
2019-10-16 21:53:45,306 [5c3956af-60d3-411f-8c98-c7ed3576de5c@group-EE856C9543A1-LeaderElection393] INFO  impl.RaftServerImpl (RaftServerImpl.java:setRole(184)) - 5c3956af-60d3-411f-8c98-c7ed3576de5c@group-EE856C9543A1: changes role from CANDIDATE to FOLLOWER at term 429 for DISCOVERED_A_NEW_TERM
2019-10-16 21:53:45,306 [5c3956af-60d3-411f-8c98-c7ed3576de5c@group-EE856C9543A1-LeaderElection393] INFO  impl.RoleInfo (RoleInfo.java:shutdownLeaderElection(134)) - 5c3956af-60d3-411f-8c98-c7ed3576de5c: shutdown LeaderElection
2019-10-16 21:53:45,306 [5c3956af-60d3-411f-8c98-c7ed3576de5c@group-EE856C9543A1-LeaderElection393] INFO  impl.RoleInfo (RoleInfo.java:updateAndGet(143)) - 5c3956af-60d3-411f-8c98-c7ed3576de5c: start FollowerState
2019-10-16 21:53:45,321 [Thread-2810] INFO  impl.FollowerState (FollowerState.java:run(108)) - 5c3956af-60d3-411f-8c98-c7ed3576de5c@group-EE856C9543A1-FollowerState: change to CANDIDATE, lastRpcTime:15ms, electionTimeout:15ms
2019-10-16 21:53:45,321 [Thread-2810] INFO  impl.RoleInfo (RoleInfo.java:shutdownFollowerState(121)) - 5c3956af-60d3-411f-8c98-c7ed3576de5c: shutdown FollowerState
2019-10-16 21:53:45,321 [Thread-2810] INFO  impl.RaftServerImpl (RaftServerImpl.java:setRole(184)) - 5c3956af-60d3-411f-8c98-c7ed3576de5c@group-EE856C9543A1: changes role from  FOLLOWER to CANDIDATE at term 429 for changeToCandidate
2019-10-16 21:53:45,321 [Thread-2810] INFO  impl.RoleInfo (RoleInfo.java:updateAndGet(143)) - 5c3956af-60d3-411f-8c98-c7ed3576de5c: start LeaderElection
2019-10-16 21:53:45,336 [5c3956af-60d3-411f-8c98-c7ed3576de5c@group-EE856C9543A1-LeaderElection394] INFO  impl.LeaderElection (LeaderElection.java:askForVotes(178)) - 5c3956af-60d3-411f-8c98-c7ed3576de5c@group-EE856C9543A1-LeaderElection394: begin an election at term 430 for -1: [5c3956af-60d3-411f-8c98-c7ed3576de5c:192.168.34.38:33787, efb933de-cdd8-4d8d-88d2-4c7ffe0dec1a:192.168.34.38:42459, 9d88716d-5d6b-4fd8-b832-a110dc45ee66:192.168.34.38:38211], old=null
2019-10-16 21:53:45,337 [grpc-default-executor-5] INFO  impl.RaftServerImpl (RaftServerImpl.java:setRole(184)) - efb933de-cdd8-4d8d-88d2-4c7ffe0dec1a@group-EE856C9543A1: changes role from  FOLLOWER to FOLLOWER at term 430 for recognizeCandidate:5c3956af-60d3-411f-8c98-c7ed3576de5c
2019-10-16 21:53:45,337 [grpc-default-executor-5] INFO  impl.RoleInfo (RoleInfo.java:shutdownFollowerState(121)) - efb933de-cdd8-4d8d-88d2-4c7ffe0dec1a: shutdown FollowerState
2019-10-16 21:53:45,338 [grpc-default-executor-5] INFO  impl.RoleInfo (RoleInfo.java:updateAndGet(143)) - efb933de-cdd8-4d8d-88d2-4c7ffe0dec1a: start FollowerState
2019-10-16 21:53:45,338 [grpc-default-executor-1] INFO  impl.RaftServerImpl (RaftServerImpl.java:setRole(184)) - 9d88716d-5d6b-4fd8-b832-a110dc45ee66@group-EE856C9543A1: changes role from  FOLLOWER to FOLLOWER at term 430 for recognizeCandidate:5c3956af-60d3-411f-8c98-c7ed3576de5c
2019-10-16 21:53:45,338 [grpc-default-executor-1] INFO  impl.RoleInfo (RoleInfo.java:shutdownFollowerState(121)) - 9d88716d-5d6b-4fd8-b832-a110dc45ee66: shutdown FollowerState
2019-10-16 21:53:45,338 [Thread-2808] INFO  impl.FollowerState (FollowerState.java:run(117)) - efb933de-cdd8-4d8d-88d2-4c7ffe0dec1a@group-EE856C9543A1-FollowerState was interrupted: java.lang.InterruptedException: sleep interrupted
2019-10-16 21:53:45,338 [Thread-2809] INFO  impl.FollowerState (FollowerState.java:run(117)) - 9d88716d-5d6b-4fd8-b832-a110dc45ee66@group-EE856C9543A1-FollowerState was interrupted: java.lang.InterruptedException: sleep interrupted
2019-10-16 21:53:45,338 [grpc-default-executor-1] INFO  impl.RoleInfo (RoleInfo.java:updateAndGet(143)) - 9d88716d-5d6b-4fd8-b832-a110dc45ee66: start FollowerState
2019-10-16 21:53:45,352 [5c3956af-60d3-411f-8c98-c7ed3576de5c@group-EE856C9543A1-LeaderElection394] INFO  impl.LeaderElection (LeaderElection.java:logAndReturn(56)) - 5c3956af-60d3-411f-8c98-c7ed3576de5c@group-EE856C9543A1-LeaderElection394: Election REJECTED; received 2 response(s) [5c3956af-60d3-411f-8c98-c7ed3576de5c<-efb933de-cdd8-4d8d-88d2-4c7ffe0dec1a#0:FAIL-t430, 5c3956af-60d3-411f-8c98-c7ed3576de5c<-9d88716d-5d6b-4fd8-b832-a110dc45ee66#0:FAIL-t430] and 0 exception(s); 5c3956af-60d3-411f-8c98-c7ed3576de5c@group-EE856C9543A1:t430, leader=null, voted=5c3956af-60d3-411f-8c98-c7ed3576de5c, raftlog=5c3956af-60d3-411f-8c98-c7ed3576de5c@group-EE856C9543A1-SegmentedRaftLog:OPENED:c-1,f-1,i0, conf=-1: [5c3956af-60d3-411f-8c98-c7ed3576de5c:192.168.34.38:33787, efb933de-cdd8-4d8d-88d2-4c7ffe0dec1a:192.168.34.38:42459, 9d88716d-5d6b-4fd8-b832-a110dc45ee66:192.168.34.38:38211], old=null
2019-10-16 21:53:45,352 [5c3956af-60d3-411f-8c98-c7ed3576de5c@group-EE856C9543A1-LeaderElection394] INFO  impl.RaftServerImpl (RaftServerImpl.java:setRole(184)) - 5c3956af-60d3-411f-8c98-c7ed3576de5c@group-EE856C9543A1: changes role from CANDIDATE to FOLLOWER at term 430 for DISCOVERED_A_NEW_TERM
2019-10-16 21:53:45,352 [5c3956af-60d3-411f-8c98-c7ed3576de5c@group-EE856C9543A1-LeaderElection394] INFO  impl.RoleInfo (RoleInfo.java:shutdownLeaderElection(134)) - 5c3956af-60d3-411f-8c98-c7ed3576de5c: shutdown LeaderElection
2019-10-16 21:53:45,352 [5c3956af-60d3-411f-8c98-c7ed3576de5c@group-EE856C9543A1-LeaderElection394] INFO  impl.RoleInfo (RoleInfo.java:updateAndGet(143)) - 5c3956af-60d3-411f-8c98-c7ed3576de5c: start FollowerState
2019-10-16 21:53:45,444 [Thread-2816] INFO  impl.FollowerState (FollowerState.java:run(108)) - 5c3956af-60d3-411f-8c98-c7ed3576de5c@group-EE856C9543A1-FollowerState: change to CANDIDATE, lastRpcTime:91ms, electionTimeout:91ms
2019-10-16 21:53:45,444 [Thread-2816] INFO  impl.RoleInfo (RoleInfo.java:shutdownFollowerState(121)) - 5c3956af-60d3-411f-8c98-c7ed3576de5c: shutdown FollowerState
2019-10-16 21:53:45,444 [Thread-2816] INFO  impl.RaftServerImpl (RaftServerImpl.java:setRole(184)) - 5c3956af-60d3-411f-8c98-c7ed3576de5c@group-EE856C9543A1: changes role from  FOLLOWER to CANDIDATE at term 430 for changeToCandidate
2019-10-16 21:53:45,444 [Thread-2816] INFO  impl.RoleInfo (RoleInfo.java:updateAndGet(143)) - 5c3956af-60d3-411f-8c98-c7ed3576de5c: start LeaderElection
2019-10-16 21:53:45,457 [5c3956af-60d3-411f-8c98-c7ed3576de5c@group-EE856C9543A1-LeaderElection395] INFO  impl.LeaderElection (LeaderElection.java:askForVotes(178)) - 5c3956af-60d3-411f-8c98-c7ed3576de5c@group-EE856C9543A1-LeaderElection395: begin an election at term 431 for -1: [5c3956af-60d3-411f-8c98-c7ed3576de5c:192.168.34.38:33787, efb933de-cdd8-4d8d-88d2-4c7ffe0dec1a:192.168.34.38:42459, 9d88716d-5d6b-4fd8-b832-a110dc45ee66:192.168.34.38:38211], old=null
2019-10-16 21:53:45,459 [grpc-default-executor-5] INFO  impl.RaftServerImpl (RaftServerImpl.java:setRole(184)) - efb933de-cdd8-4d8d-88d2-4c7ffe0dec1a@group-EE856C9543A1: changes role from  FOLLOWER to FOLLOWER at term 431 for recognizeCandidate:5c3956af-60d3-411f-8c98-c7ed3576de5c
2019-10-16 21:53:45,459 [grpc-default-executor-5] INFO  impl.RoleInfo (RoleInfo.java:shutdownFollowerState(121)) - efb933de-cdd8-4d8d-88d2-4c7ffe0dec1a: shutdown FollowerState
2019-10-16 21:53:45,459 [grpc-default-executor-5] INFO  impl.RoleInfo (RoleInfo.java:updateAndGet(143)) - efb933de-cdd8-4d8d-88d2-4c7ffe0dec1a: start FollowerState
2019-10-16 21:53:45,459 [Thread-2814] INFO  impl.FollowerState (FollowerState.java:run(117)) - efb933de-cdd8-4d8d-88d2-4c7ffe0dec1a@group-EE856C9543A1-FollowerState was interrupted: java.lang.InterruptedException: sleep interrupted
2019-10-16 21:53:45,459 [grpc-default-executor-1] INFO  impl.RaftServerImpl (RaftServerImpl.java:setRole(184)) - 9d88716d-5d6b-4fd8-b832-a110dc45ee66@group-EE856C9543A1: changes role from  FOLLOWER to FOLLOWER at term 431 for recognizeCandidate:5c3956af-60d3-411f-8c98-c7ed3576de5c
2019-10-16 21:53:45,459 [grpc-default-executor-1] INFO  impl.RoleInfo (RoleInfo.java:shutdownFollowerState(121)) - 9d88716d-5d6b-4fd8-b832-a110dc45ee66: shutdown FollowerState
2019-10-16 21:53:45,459 [grpc-default-executor-1] INFO  impl.RoleInfo (RoleInfo.java:updateAndGet(143)) - 9d88716d-5d6b-4fd8-b832-a110dc45ee66: start FollowerState
2019-10-16 21:53:45,459 [Thread-2815] INFO  impl.FollowerState (FollowerState.java:run(117)) - 9d88716d-5d6b-4fd8-b832-a110dc45ee66@group-EE856C9543A1-FollowerState was interrupted: java.lang.InterruptedException: sleep interrupted
2019-10-16 21:53:45,473 [5c3956af-60d3-411f-8c98-c7ed3576de5c@group-EE856C9543A1-LeaderElection395] INFO  impl.LeaderElection (LeaderElection.java:logAndReturn(56)) - 5c3956af-60d3-411f-8c98-c7ed3576de5c@group-EE856C9543A1-LeaderElection395: Election REJECTED; received 2 response(s) [5c3956af-60d3-411f-8c98-c7ed3576de5c<-efb933de-cdd8-4d8d-88d2-4c7ffe0dec1a#0:FAIL-t431, 5c3956af-60d3-411f-8c98-c7ed3576de5c<-9d88716d-5d6b-4fd8-b832-a110dc45ee66#0:FAIL-t431] and 0 exception(s); 5c3956af-60d3-411f-8c98-c7ed3576de5c@group-EE856C9543A1:t431, leader=null, voted=5c3956af-60d3-411f-8c98-c7ed3576de5c, raftlog=5c3956af-60d3-411f-8c98-c7ed3576de5c@group-EE856C9543A1-SegmentedRaftLog:OPENED:c-1,f-1,i0, conf=-1: [5c3956af-60d3-411f-8c98-c7ed3576de5c:192.168.34.38:33787, efb933de-cdd8-4d8d-88d2-4c7ffe0dec1a:192.168.34.38:42459, 9d88716d-5d6b-4fd8-b832-a110dc45ee66:192.168.34.38:38211], old=null
2019-10-16 21:53:45,473 [5c3956af-60d3-411f-8c98-c7ed3576de5c@group-EE856C9543A1-LeaderElection395] INFO  impl.RaftServerImpl (RaftServerImpl.java:setRole(184)) - 5c3956af-60d3-411f-8c98-c7ed3576de5c@group-EE856C9543A1: changes role from CANDIDATE to FOLLOWER at term 431 for DISCOVERED_A_NEW_TERM
2019-10-16 21:53:45,473 [5c3956af-60d3-411f-8c98-c7ed3576de5c@group-EE856C9543A1-LeaderElection395] INFO  impl.RoleInfo (RoleInfo.java:shutdownLeaderElection(134)) - 5c3956af-60d3-411f-8c98-c7ed3576de5c: shutdown LeaderElection
2019-10-16 21:53:45,473 [5c3956af-60d3-411f-8c98-c7ed3576de5c@group-EE856C9543A1-LeaderElection395] INFO  impl.RoleInfo (RoleInfo.java:updateAndGet(143)) - 5c3956af-60d3-411f-8c98-c7ed3576de5c: start FollowerState
2019-10-16 21:53:45,629 [Thread-2822] INFO  impl.FollowerState (FollowerState.java:run(108)) - 5c3956af-60d3-411f-8c98-c7ed3576de5c@group-EE856C9543A1-FollowerState: change to CANDIDATE, lastRpcTime:155ms, electionTimeout:155ms
2019-10-16 21:53:45,629 [Thread-2822] INFO  impl.RoleInfo (RoleInfo.java:shutdownFollowerState(121)) - 5c3956af-60d3-411f-8c98-c7ed3576de5c: shutdown FollowerState
2019-10-16 21:53:45,629 [Thread-2822] INFO  impl.RaftServerImpl (RaftServerImpl.java:setRole(184)) - 5c3956af-60d3-411f-8c98-c7ed3576de5c@group-EE856C9543A1: changes role from  FOLLOWER to CANDIDATE at term 431 for changeToCandidate
2019-10-16 21:53:45,629 [Thread-2822] INFO  impl.RoleInfo (RoleInfo.java:updateAndGet(143)) - 5c3956af-60d3-411f-8c98-c7ed3576de5c: start LeaderElection
2019-10-16 21:53:45,643 [5c3956af-60d3-411f-8c98-c7ed3576de5c@group-EE856C9543A1-LeaderElection396] INFO  impl.LeaderElection (LeaderElection.java:askForVotes(178)) - 5c3956af-60d3-411f-8c98-c7ed3576de5c@group-EE856C9543A1-LeaderElection396: begin an election at term 432 for -1: [5c3956af-60d3-411f-8c98-c7ed3576de5c:192.168.34.38:33787, efb933de-cdd8-4d8d-88d2-4c7ffe0dec1a:192.168.34.38:42459, 9d88716d-5d6b-4fd8-b832-a110dc45ee66:192.168.34.38:38211], old=null
2019-10-16 21:53:45,645 [grpc-default-executor-5] INFO  impl.RaftServerImpl (RaftServerImpl.java:setRole(184)) - efb933de-cdd8-4d8d-88d2-4c7ffe0dec1a@group-EE856C9543A1: changes role from  FOLLOWER to FOLLOWER at term 432 for recognizeCandidate:5c3956af-60d3-411f-8c98-c7ed3576de5c
2019-10-16 21:53:45,645 [grpc-default-executor-5] INFO  impl.RoleInfo (RoleInfo.java:shutdownFollowerState(121)) - efb933de-cdd8-4d8d-88d2-4c7ffe0dec1a: shutdown FollowerState
2019-10-16 21:53:45,645 [grpc-default-executor-5] INFO  impl.RoleInfo (RoleInfo.java:updateAndGet(143)) - efb933de-cdd8-4d8d-88d2-4c7ffe0dec1a: start FollowerState
2019-10-16 21:53:45,645 [Thread-2820] INFO  impl.FollowerState (FollowerState.java:run(117)) - efb933de-cdd8-4d8d-88d2-4c7ffe0dec1a@group-EE856C9543A1-FollowerState was interrupted: java.lang.InterruptedException: sleep interrupted
2019-10-16 21:53:45,645 [grpc-default-executor-1] INFO  impl.RaftServerImpl (RaftServerImpl.java:setRole(184)) - 9d88716d-5d6b-4fd8-b832-a110dc45ee66@group-EE856C9543A1: changes role from  FOLLOWER to FOLLOWER at term 432 for recognizeCandidate:5c3956af-60d3-411f-8c98-c7ed3576de5c
2019-10-16 21:53:45,645 [grpc-default-executor-1] INFO  impl.RoleInfo (RoleInfo.java:shutdownFollowerState(121)) - 9d88716d-5d6b-4fd8-b832-a110dc45ee66: shutdown FollowerState
2019-10-16 21:53:45,646 [grpc-default-executor-1] INFO  impl.RoleInfo (RoleInfo.java:updateAndGet(143)) - 9d88716d-5d6b-4fd8-b832-a110dc45ee66: start FollowerState
2019-10-16 21:53:45,646 [Thread-2821] INFO  impl.FollowerState (FollowerState.java:run(117)) - 9d88716d-5d6b-4fd8-b832-a110dc45ee66@group-EE856C9543A1-FollowerState was interrupted: java.lang.InterruptedException: sleep interrupted
2019-10-16 21:53:45,658 [JUnit] INFO  ozone.MiniOzoneClusterImpl (MiniOzoneClusterImpl.java:lambda$waitForClusterToBeReady$2(164)) - Waiting for 1 number of pipelines out of 6, to report a leader.
2019-10-16 21:53:45,659 [5c3956af-60d3-411f-8c98-c7ed3576de5c@group-EE856C9543A1-LeaderElection396] INFO  impl.LeaderElection (LeaderElection.java:logAndReturn(56)) - 5c3956af-60d3-411f-8c98-c7ed3576de5c@group-EE856C9543A1-LeaderElection396: Election REJECTED; received 2 response(s) [5c3956af-60d3-411f-8c98-c7ed3576de5c<-efb933de-cdd8-4d8d-88d2-4c7ffe0dec1a#0:FAIL-t432, 5c3956af-60d3-411f-8c98-c7ed3576de5c<-9d88716d-5d6b-4fd8-b832-a110dc45ee66#0:FAIL-t432] and 0 exception(s); 5c3956af-60d3-411f-8c98-c7ed3576de5c@group-EE856C9543A1:t432, leader=null, voted=5c3956af-60d3-411f-8c98-c7ed3576de5c, raftlog=5c3956af-60d3-411f-8c98-c7ed3576de5c@group-EE856C9543A1-SegmentedRaftLog:OPENED:c-1,f-1,i0, conf=-1: [5c3956af-60d3-411f-8c98-c7ed3576de5c:192.168.34.38:33787, efb933de-cdd8-4d8d-88d2-4c7ffe0dec1a:192.168.34.38:42459, 9d88716d-5d6b-4fd8-b832-a110dc45ee66:192.168.34.38:38211], old=null
2019-10-16 21:53:45,659 [5c3956af-60d3-411f-8c98-c7ed3576de5c@group-EE856C9543A1-LeaderElection396] INFO  impl.RaftServerImpl (RaftServerImpl.java:setRole(184)) - 5c3956af-60d3-411f-8c98-c7ed3576de5c@group-EE856C9543A1: changes role from CANDIDATE to FOLLOWER at term 432 for DISCOVERED_A_NEW_TERM
2019-10-16 21:53:45,659 [5c3956af-60d3-411f-8c98-c7ed3576de5c@group-EE856C9543A1-LeaderElection396] INFO  impl.RoleInfo (RoleInfo.java:shutdownLeaderElection(134)) - 5c3956af-60d3-411f-8c98-c7ed3576de5c: shutdown LeaderElection
2019-10-16 21:53:45,659 [5c3956af-60d3-411f-8c98-c7ed3576de5c@group-EE856C9543A1-LeaderElection396] INFO  impl.RoleInfo (RoleInfo.java:updateAndGet(143)) - 5c3956af-60d3-411f-8c98-c7ed3576de5c: start FollowerState
2019-10-16 21:53:45,738 [JUnit] INFO  ozone.MiniOzoneClusterImpl (MiniOzoneClusterImpl.java:shutdown(352)) - Shutting down the Mini Ozone Cluster
2019-10-16 21:53:45,739 [JUnit] INFO  ozone.MiniOzoneClusterImpl (MiniOzoneClusterImpl.java:stop(368)) - Stopping the Mini Ozone Cluster
2019-10-16 21:53:45,739 [JUnit] INFO  ozone.MiniOzoneClusterImpl (MiniOzoneClusterImpl.java:stopOM(438)) - Stopping the OzoneManager
2019-10-16 21:53:45,739 [JUnit] INFO  ipc.Server (Server.java:stop(3082)) - Stopping server on 35444
2019-10-16 21:53:45,742 [IPC Server listener on 35444] INFO  ipc.Server (Server.java:run(1185)) - Stopping IPC Server listener on 35444
2019-10-16 21:53:45,742 [JUnit] INFO  ratis.OzoneManagerDoubleBuffer (OzoneManagerDoubleBuffer.java:stop(250)) - Stopping OMDoubleBuffer flush thread
2019-10-16 21:53:45,742 [IPC Server Responder] INFO  ipc.Server (Server.java:run(1319)) - Stopping IPC Server Responder
2019-10-16 21:53:45,743 [OMDoubleBufferFlushThread] INFO  ratis.OzoneManagerDoubleBuffer (OzoneManagerDoubleBuffer.java:flushTransactions(193)) - OMDoubleBuffer flush thread OMDoubleBufferFlushThread is interrupted and will exit. OMDoubleBufferFlushThread
2019-10-16 21:53:45,744 [JUnit] INFO  utils.BackgroundService (BackgroundService.java:shutdown(151)) - Shutting down service KeyDeletingService
2019-10-16 21:53:45,749 [JUnit] INFO  handler.ContextHandler (ContextHandler.java:doStop(910)) - Stopped o.e.j.w.WebAppContext@476ec9d0{/,null,UNAVAILABLE}{/ozoneManager}
2019-10-16 21:53:45,752 [JUnit] INFO  server.AbstractConnector (AbstractConnector.java:doStop(318)) - Stopped ServerConnector@325bb9a6{HTTP/1.1,[http/1.1]}{0.0.0.0:0}
2019-10-16 21:53:45,753 [JUnit] INFO  handler.ContextHandler (ContextHandler.java:doStop(910)) - Stopped o.e.j.s.ServletContextHandler@226b143b{/static,jar:file:/home/user/.m2/repository/org/apache/hadoop/hadoop-ozone-ozone-manager/0.5.0-SNAPSHOT/hadoop-ozone-ozone-manager-0.5.0-SNAPSHOT.jar!/webapps/static,UNAVAILABLE}
2019-10-16 21:53:45,753 [JUnit] INFO  handler.ContextHandler (ContextHandler.java:doStop(910)) - Stopped o.e.j.s.ServletContextHandler@4a55a6e8{/logs,file:///workdir/hadoop-ozone/ozonefs/target/log,UNAVAILABLE}
2019-10-16 21:53:45,758 [JUnit] INFO  ozone.MiniOzoneClusterImpl (MiniOzoneClusterImpl.java:stopDatanodes(415)) - Stopping the HddsDatanodes
2019-10-16 21:53:45,811 [Thread-2828] INFO  impl.FollowerState (FollowerState.java:run(108)) - 5c3956af-60d3-411f-8c98-c7ed3576de5c@group-EE856C9543A1-FollowerState: change to CANDIDATE, lastRpcTime:151ms, electionTimeout:151ms
2019-10-16 21:53:45,811 [Thread-2828] INFO  impl.RoleInfo (RoleInfo.java:shutdownFollowerState(121)) - 5c3956af-60d3-411f-8c98-c7ed3576de5c: shutdown FollowerState
2019-10-16 21:53:45,811 [Thread-2828] INFO  impl.RaftServerImpl (RaftServerImpl.java:setRole(184)) - 5c3956af-60d3-411f-8c98-c7ed3576de5c@group-EE856C9543A1: changes role from  FOLLOWER to CANDIDATE at term 432 for changeToCandidate
2019-10-16 21:53:45,811 [Thread-2828] INFO  impl.RoleInfo (RoleInfo.java:updateAndGet(143)) - 5c3956af-60d3-411f-8c98-c7ed3576de5c: start LeaderElection
2019-10-16 21:53:45,845 [5c3956af-60d3-411f-8c98-c7ed3576de5c@group-EE856C9543A1-LeaderElection397] INFO  impl.LeaderElection (LeaderElection.java:askForVotes(178)) - 5c3956af-60d3-411f-8c98-c7ed3576de5c@group-EE856C9543A1-LeaderElection397: begin an election at term 433 for -1: [5c3956af-60d3-411f-8c98-c7ed3576de5c:192.168.34.38:33787, efb933de-cdd8-4d8d-88d2-4c7ffe0dec1a:192.168.34.38:42459, 9d88716d-5d6b-4fd8-b832-a110dc45ee66:192.168.34.38:38211], old=null
2019-10-16 21:53:45,847 [grpc-default-executor-5] INFO  impl.RaftServerImpl (RaftServerImpl.java:setRole(184)) - 9d88716d-5d6b-4fd8-b832-a110dc45ee66@group-EE856C9543A1: changes role from  FOLLOWER to FOLLOWER at term 433 for recognizeCandidate:5c3956af-60d3-411f-8c98-c7ed3576de5c
2019-10-16 21:53:45,847 [grpc-default-executor-1] INFO  impl.RaftServerImpl (RaftServerImpl.java:setRole(184)) - efb933de-cdd8-4d8d-88d2-4c7ffe0dec1a@group-EE856C9543A1: changes role from  FOLLOWER to FOLLOWER at term 433 for recognizeCandidate:5c3956af-60d3-411f-8c98-c7ed3576de5c
2019-10-16 21:53:45,847 [grpc-default-executor-5] INFO  impl.RoleInfo (RoleInfo.java:shutdownFollowerState(121)) - 9d88716d-5d6b-4fd8-b832-a110dc45ee66: shutdown FollowerState
2019-10-16 21:53:45,848 [grpc-default-executor-1] INFO  impl.RoleInfo (RoleInfo.java:shutdownFollowerState(121)) - efb933de-cdd8-4d8d-88d2-4c7ffe0dec1a: shutdown FollowerState
2019-10-16 21:53:45,848 [Thread-2827] INFO  impl.FollowerState (FollowerState.java:run(117)) - 9d88716d-5d6b-4fd8-b832-a110dc45ee66@group-EE856C9543A1-FollowerState was interrupted: java.lang.InterruptedException: sleep interrupted
2019-10-16 21:53:45,848 [grpc-default-executor-5] INFO  impl.RoleInfo (RoleInfo.java:updateAndGet(143)) - 9d88716d-5d6b-4fd8-b832-a110dc45ee66: start FollowerState
2019-10-16 21:53:45,848 [Thread-2826] INFO  impl.FollowerState (FollowerState.java:run(117)) - efb933de-cdd8-4d8d-88d2-4c7ffe0dec1a@group-EE856C9543A1-FollowerState was interrupted: java.lang.InterruptedException: sleep interrupted
2019-10-16 21:53:45,848 [grpc-default-executor-1] INFO  impl.RoleInfo (RoleInfo.java:updateAndGet(143)) - efb933de-cdd8-4d8d-88d2-4c7ffe0dec1a: start FollowerState
2019-10-16 21:53:45,861 [5c3956af-60d3-411f-8c98-c7ed3576de5c@group-EE856C9543A1-LeaderElection397] INFO  impl.LeaderElection (LeaderElection.java:logAndReturn(56)) - 5c3956af-60d3-411f-8c98-c7ed3576de5c@group-EE856C9543A1-LeaderElection397: Election REJECTED; received 2 response(s) [5c3956af-60d3-411f-8c98-c7ed3576de5c<-efb933de-cdd8-4d8d-88d2-4c7ffe0dec1a#0:FAIL-t433, 5c3956af-60d3-411f-8c98-c7ed3576de5c<-9d88716d-5d6b-4fd8-b832-a110dc45ee66#0:FAIL-t433] and 0 exception(s); 5c3956af-60d3-411f-8c98-c7ed3576de5c@group-EE856C9543A1:t433, leader=null, voted=5c3956af-60d3-411f-8c98-c7ed3576de5c, raftlog=5c3956af-60d3-411f-8c98-c7ed3576de5c@group-EE856C9543A1-SegmentedRaftLog:OPENED:c-1,f-1,i0, conf=-1: [5c3956af-60d3-411f-8c98-c7ed3576de5c:192.168.34.38:33787, efb933de-cdd8-4d8d-88d2-4c7ffe0dec1a:192.168.34.38:42459, 9d88716d-5d6b-4fd8-b832-a110dc45ee66:192.168.34.38:38211], old=null
2019-10-16 21:53:45,862 [5c3956af-60d3-411f-8c98-c7ed3576de5c@group-EE856C9543A1-LeaderElection397] INFO  impl.RaftServerImpl (RaftServerImpl.java:setRole(184)) - 5c3956af-60d3-411f-8c98-c7ed3576de5c@group-EE856C9543A1: changes role from CANDIDATE to FOLLOWER at term 433 for DISCOVERED_A_NEW_TERM
2019-10-16 21:53:45,862 [5c3956af-60d3-411f-8c98-c7ed3576de5c@group-EE856C9543A1-LeaderElection397] INFO  impl.RoleInfo (RoleInfo.java:shutdownLeaderElection(134)) - 5c3956af-60d3-411f-8c98-c7ed3576de5c: shutdown LeaderElection
2019-10-16 21:53:45,862 [5c3956af-60d3-411f-8c98-c7ed3576de5c@group-EE856C9543A1-LeaderElection397] INFO  impl.RoleInfo (RoleInfo.java:updateAndGet(143)) - 5c3956af-60d3-411f-8c98-c7ed3576de5c: start FollowerState
2019-10-16 21:53:45,910 [Datanode State Machine Thread - 0] INFO  statemachine.DatanodeStateMachine (DatanodeStateMachine.java:lambda$startDaemon$0(350)) - Ozone container server started.
2019-10-16 21:53:46,042 [Thread-2834] INFO  impl.FollowerState (FollowerState.java:run(108)) - 5c3956af-60d3-411f-8c98-c7ed3576de5c@group-EE856C9543A1-FollowerState: change to CANDIDATE, lastRpcTime:180ms, electionTimeout:180ms
2019-10-16 21:53:46,043 [Thread-2834] INFO  impl.RoleInfo (RoleInfo.java:shutdownFollowerState(121)) - 5c3956af-60d3-411f-8c98-c7ed3576de5c: shutdown FollowerState
2019-10-16 21:53:46,043 [Thread-2834] INFO  impl.RaftServerImpl (RaftServerImpl.java:setRole(184)) - 5c3956af-60d3-411f-8c98-c7ed3576de5c@group-EE856C9543A1: changes role from  FOLLOWER to CANDIDATE at term 433 for changeToCandidate
2019-10-16 21:53:46,043 [Thread-2834] INFO  impl.RoleInfo (RoleInfo.java:updateAndGet(143)) - 5c3956af-60d3-411f-8c98-c7ed3576de5c: start LeaderElection
2019-10-16 21:53:46,069 [5c3956af-60d3-411f-8c98-c7ed3576de5c@group-EE856C9543A1-LeaderElection398] INFO  impl.LeaderElection (LeaderElection.java:askForVotes(178)) - 5c3956af-60d3-411f-8c98-c7ed3576de5c@group-EE856C9543A1-LeaderElection398: begin an election at term 434 for -1: [5c3956af-60d3-411f-8c98-c7ed3576de5c:192.168.34.38:33787, efb933de-cdd8-4d8d-88d2-4c7ffe0dec1a:192.168.34.38:42459, 9d88716d-5d6b-4fd8-b832-a110dc45ee66:192.168.34.38:38211], old=null
2019-10-16 21:53:46,070 [grpc-default-executor-1] INFO  impl.RaftServerImpl (RaftServerImpl.java:setRole(184)) - efb933de-cdd8-4d8d-88d2-4c7ffe0dec1a@group-EE856C9543A1: changes role from  FOLLOWER to FOLLOWER at term 434 for recognizeCandidate:5c3956af-60d3-411f-8c98-c7ed3576de5c
2019-10-16 21:53:46,070 [grpc-default-executor-1] INFO  impl.RoleInfo (RoleInfo.java:shutdownFollowerState(121)) - efb933de-cdd8-4d8d-88d2-4c7ffe0dec1a: shutdown FollowerState
2019-10-16 21:53:46,070 [grpc-default-executor-5] INFO  impl.RaftServerImpl (RaftServerImpl.java:setRole(184)) - 9d88716d-5d6b-4fd8-b832-a110dc45ee66@group-EE856C9543A1: changes role from  FOLLOWER to FOLLOWER at term 434 for recognizeCandidate:5c3956af-60d3-411f-8c98-c7ed3576de5c
2019-10-16 21:53:46,071 [Thread-2833] INFO  impl.FollowerState (FollowerState.java:run(117)) - efb933de-cdd8-4d8d-88d2-4c7ffe0dec1a@group-EE856C9543A1-FollowerState was interrupted: java.lang.InterruptedException: sleep interrupted
2019-10-16 21:53:46,071 [grpc-default-executor-1] INFO  impl.RoleInfo (RoleInfo.java:updateAndGet(143)) - efb933de-cdd8-4d8d-88d2-4c7ffe0dec1a: start FollowerState
2019-10-16 21:53:46,071 [grpc-default-executor-5] INFO  impl.RoleInfo (RoleInfo.java:shutdownFollowerState(121)) - 9d88716d-5d6b-4fd8-b832-a110dc45ee66: shutdown FollowerState
2019-10-16 21:53:46,071 [grpc-default-executor-5] INFO  impl.RoleInfo (RoleInfo.java:updateAndGet(143)) - 9d88716d-5d6b-4fd8-b832-a110dc45ee66: start FollowerState
2019-10-16 21:53:46,071 [Thread-2832] INFO  impl.FollowerState (FollowerState.java:run(117)) - 9d88716d-5d6b-4fd8-b832-a110dc45ee66@group-EE856C9543A1-FollowerState was interrupted: java.lang.InterruptedException: sleep interrupted
2019-10-16 21:53:46,085 [5c3956af-60d3-411f-8c98-c7ed3576de5c@group-EE856C9543A1-LeaderElection398] INFO  impl.LeaderElection (LeaderElection.java:logAndReturn(56)) - 5c3956af-60d3-411f-8c98-c7ed3576de5c@group-EE856C9543A1-LeaderElection398: Election REJECTED; received 2 response(s) [5c3956af-60d3-411f-8c98-c7ed3576de5c<-efb933de-cdd8-4d8d-88d2-4c7ffe0dec1a#0:FAIL-t434, 5c3956af-60d3-411f-8c98-c7ed3576de5c<-9d88716d-5d6b-4fd8-b832-a110dc45ee66#0:FAIL-t434] and 0 exception(s); 5c3956af-60d3-411f-8c98-c7ed3576de5c@group-EE856C9543A1:t434, leader=null, voted=5c3956af-60d3-411f-8c98-c7ed3576de5c, raftlog=5c3956af-60d3-411f-8c98-c7ed3576de5c@group-EE856C9543A1-SegmentedRaftLog:OPENED:c-1,f-1,i0, conf=-1: [5c3956af-60d3-411f-8c98-c7ed3576de5c:192.168.34.38:33787, efb933de-cdd8-4d8d-88d2-4c7ffe0dec1a:192.168.34.38:42459, 9d88716d-5d6b-4fd8-b832-a110dc45ee66:192.168.34.38:38211], old=null
2019-10-16 21:53:46,085 [5c3956af-60d3-411f-8c98-c7ed3576de5c@group-EE856C9543A1-LeaderElection398] INFO  impl.RaftServerImpl (RaftServerImpl.java:setRole(184)) - 5c3956af-60d3-411f-8c98-c7ed3576de5c@group-EE856C9543A1: changes role from CANDIDATE to FOLLOWER at term 434 for DISCOVERED_A_NEW_TERM
2019-10-16 21:53:46,085 [5c3956af-60d3-411f-8c98-c7ed3576de5c@group-EE856C9543A1-LeaderElection398] INFO  impl.RoleInfo (RoleInfo.java:shutdownLeaderElection(134)) - 5c3956af-60d3-411f-8c98-c7ed3576de5c: shutdown LeaderElection
2019-10-16 21:53:46,085 [5c3956af-60d3-411f-8c98-c7ed3576de5c@group-EE856C9543A1-LeaderElection398] INFO  impl.RoleInfo (RoleInfo.java:updateAndGet(143)) - 5c3956af-60d3-411f-8c98-c7ed3576de5c: start FollowerState
2019-10-16 21:53:46,154 [Thread-2840] INFO  impl.FollowerState (FollowerState.java:run(108)) - 5c3956af-60d3-411f-8c98-c7ed3576de5c@group-EE856C9543A1-FollowerState: change to CANDIDATE, lastRpcTime:68ms, electionTimeout:68ms
2019-10-16 21:53:46,154 [Thread-2840] INFO  impl.RoleInfo (RoleInfo.java:shutdownFollowerState(121)) - 5c3956af-60d3-411f-8c98-c7ed3576de5c: shutdown FollowerState
2019-10-16 21:53:46,154 [Thread-2840] INFO  impl.RaftServerImpl (RaftServerImpl.java:setRole(184)) - 5c3956af-60d3-411f-8c98-c7ed3576de5c@group-EE856C9543A1: changes role from  FOLLOWER to CANDIDATE at term 434 for changeToCandidate
2019-10-16 21:53:46,154 [Thread-2840] INFO  impl.RoleInfo (RoleInfo.java:updateAndGet(143)) - 5c3956af-60d3-411f-8c98-c7ed3576de5c: start LeaderElection
2019-10-16 21:53:46,168 [5c3956af-60d3-411f-8c98-c7ed3576de5c@group-EE856C9543A1-LeaderElection399] INFO  impl.LeaderElection (LeaderElection.java:askForVotes(178)) - 5c3956af-60d3-411f-8c98-c7ed3576de5c@group-EE856C9543A1-LeaderElection399: begin an election at term 435 for -1: [5c3956af-60d3-411f-8c98-c7ed3576de5c:192.168.34.38:33787, efb933de-cdd8-4d8d-88d2-4c7ffe0dec1a:192.168.34.38:42459, 9d88716d-5d6b-4fd8-b832-a110dc45ee66:192.168.34.38:38211], old=null
2019-10-16 21:53:46,170 [grpc-default-executor-5] INFO  impl.RaftServerImpl (RaftServerImpl.java:setRole(184)) - efb933de-cdd8-4d8d-88d2-4c7ffe0dec1a@group-EE856C9543A1: changes role from  FOLLOWER to FOLLOWER at term 435 for recognizeCandidate:5c3956af-60d3-411f-8c98-c7ed3576de5c
2019-10-16 21:53:46,170 [grpc-default-executor-5] INFO  impl.RoleInfo (RoleInfo.java:shutdownFollowerState(121)) - efb933de-cdd8-4d8d-88d2-4c7ffe0dec1a: shutdown FollowerState
2019-10-16 21:53:46,170 [grpc-default-executor-1] INFO  impl.RaftServerImpl (RaftServerImpl.java:setRole(184)) - 9d88716d-5d6b-4fd8-b832-a110dc45ee66@group-EE856C9543A1: changes role from  FOLLOWER to FOLLOWER at term 435 for recognizeCandidate:5c3956af-60d3-411f-8c98-c7ed3576de5c
2019-10-16 21:53:46,171 [Thread-2838] INFO  impl.FollowerState (FollowerState.java:run(117)) - efb933de-cdd8-4d8d-88d2-4c7ffe0dec1a@group-EE856C9543A1-FollowerState was interrupted: java.lang.InterruptedException: sleep interrupted
2019-10-16 21:53:46,171 [grpc-default-executor-5] INFO  impl.RoleInfo (RoleInfo.java:updateAndGet(143)) - efb933de-cdd8-4d8d-88d2-4c7ffe0dec1a: start FollowerState
2019-10-16 21:53:46,171 [grpc-default-executor-1] INFO  impl.RoleInfo (RoleInfo.java:shutdownFollowerState(121)) - 9d88716d-5d6b-4fd8-b832-a110dc45ee66: shutdown FollowerState
2019-10-16 21:53:46,171 [grpc-default-executor-1] INFO  impl.RoleInfo (RoleInfo.java:updateAndGet(143)) - 9d88716d-5d6b-4fd8-b832-a110dc45ee66: start FollowerState
2019-10-16 21:53:46,171 [Thread-2839] INFO  impl.FollowerState (FollowerState.java:run(117)) - 9d88716d-5d6b-4fd8-b832-a110dc45ee66@group-EE856C9543A1-FollowerState was interrupted: java.lang.InterruptedException: sleep interrupted
2019-10-16 21:53:46,187 [5c3956af-60d3-411f-8c98-c7ed3576de5c@group-EE856C9543A1-LeaderElection399] INFO  impl.LeaderElection (LeaderElection.java:logAndReturn(56)) - 5c3956af-60d3-411f-8c98-c7ed3576de5c@group-EE856C9543A1-LeaderElection399: Election REJECTED; received 2 response(s) [5c3956af-60d3-411f-8c98-c7ed3576de5c<-efb933de-cdd8-4d8d-88d2-4c7ffe0dec1a#0:FAIL-t435, 5c3956af-60d3-411f-8c98-c7ed3576de5c<-9d88716d-5d6b-4fd8-b832-a110dc45ee66#0:FAIL-t435] and 0 exception(s); 5c3956af-60d3-411f-8c98-c7ed3576de5c@group-EE856C9543A1:t435, leader=null, voted=5c3956af-60d3-411f-8c98-c7ed3576de5c, raftlog=5c3956af-60d3-411f-8c98-c7ed3576de5c@group-EE856C9543A1-SegmentedRaftLog:OPENED:c-1,f-1,i0, conf=-1: [5c3956af-60d3-411f-8c98-c7ed3576de5c:192.168.34.38:33787, efb933de-cdd8-4d8d-88d2-4c7ffe0dec1a:192.168.34.38:42459, 9d88716d-5d6b-4fd8-b832-a110dc45ee66:192.168.34.38:38211], old=null
2019-10-16 21:53:46,187 [5c3956af-60d3-411f-8c98-c7ed3576de5c@group-EE856C9543A1-LeaderElection399] INFO  impl.RaftServerImpl (RaftServerImpl.java:setRole(184)) - 5c3956af-60d3-411f-8c98-c7ed3576de5c@group-EE856C9543A1: changes role from CANDIDATE to FOLLOWER at term 435 for DISCOVERED_A_NEW_TERM
2019-10-16 21:53:46,187 [5c3956af-60d3-411f-8c98-c7ed3576de5c@group-EE856C9543A1-LeaderElection399] INFO  impl.RoleInfo (RoleInfo.java:shutdownLeaderElection(134)) - 5c3956af-60d3-411f-8c98-c7ed3576de5c: shutdown LeaderElection
2019-10-16 21:53:46,188 [5c3956af-60d3-411f-8c98-c7ed3576de5c@group-EE856C9543A1-LeaderElection399] INFO  impl.RoleInfo (RoleInfo.java:updateAndGet(143)) - 5c3956af-60d3-411f-8c98-c7ed3576de5c: start FollowerState
2019-10-16 21:53:46,217 [Thread-2846] INFO  impl.FollowerState (FollowerState.java:run(108)) - 5c3956af-60d3-411f-8c98-c7ed3576de5c@group-EE856C9543A1-FollowerState: change to CANDIDATE, lastRpcTime:29ms, electionTimeout:29ms
2019-10-16 21:53:46,217 [Thread-2846] INFO  impl.RoleInfo (RoleInfo.java:shutdownFollowerState(121)) - 5c3956af-60d3-411f-8c98-c7ed3576de5c: shutdown FollowerState
2019-10-16 21:53:46,217 [Thread-2846] INFO  impl.RaftServerImpl (RaftServerImpl.java:setRole(184)) - 5c3956af-60d3-411f-8c98-c7ed3576de5c@group-EE856C9543A1: changes role from  FOLLOWER to CANDIDATE at term 435 for changeToCandidate
2019-10-16 21:53:46,217 [Thread-2846] INFO  impl.RoleInfo (RoleInfo.java:updateAndGet(143)) - 5c3956af-60d3-411f-8c98-c7ed3576de5c: start LeaderElection
2019-10-16 21:53:46,231 [5c3956af-60d3-411f-8c98-c7ed3576de5c@group-EE856C9543A1-LeaderElection400] INFO  impl.LeaderElection (LeaderElection.java:askForVotes(178)) - 5c3956af-60d3-411f-8c98-c7ed3576de5c@group-EE856C9543A1-LeaderElection400: begin an election at term 436 for -1: [5c3956af-60d3-411f-8c98-c7ed3576de5c:192.168.34.38:33787, efb933de-cdd8-4d8d-88d2-4c7ffe0dec1a:192.168.34.38:42459, 9d88716d-5d6b-4fd8-b832-a110dc45ee66:192.168.34.38:38211], old=null
2019-10-16 21:53:46,233 [grpc-default-executor-1] INFO  impl.RaftServerImpl (RaftServerImpl.java:setRole(184)) - efb933de-cdd8-4d8d-88d2-4c7ffe0dec1a@group-EE856C9543A1: changes role from  FOLLOWER to FOLLOWER at term 436 for recognizeCandidate:5c3956af-60d3-411f-8c98-c7ed3576de5c
2019-10-16 21:53:46,233 [grpc-default-executor-1] INFO  impl.RoleInfo (RoleInfo.java:shutdownFollowerState(121)) - efb933de-cdd8-4d8d-88d2-4c7ffe0dec1a: shutdown FollowerState
2019-10-16 21:53:46,233 [grpc-default-executor-1] INFO  impl.RoleInfo (RoleInfo.java:updateAndGet(143)) - efb933de-cdd8-4d8d-88d2-4c7ffe0dec1a: start FollowerState
2019-10-16 21:53:46,233 [Thread-2844] INFO  impl.FollowerState (FollowerState.java:run(117)) - efb933de-cdd8-4d8d-88d2-4c7ffe0dec1a@group-EE856C9543A1-FollowerState was interrupted: java.lang.InterruptedException: sleep interrupted
2019-10-16 21:53:46,234 [grpc-default-executor-5] INFO  impl.RaftServerImpl (RaftServerImpl.java:setRole(184)) - 9d88716d-5d6b-4fd8-b832-a110dc45ee66@group-EE856C9543A1: changes role from  FOLLOWER to FOLLOWER at term 436 for recognizeCandidate:5c3956af-60d3-411f-8c98-c7ed3576de5c
2019-10-16 21:53:46,234 [grpc-default-executor-5] INFO  impl.RoleInfo (RoleInfo.java:shutdownFollowerState(121)) - 9d88716d-5d6b-4fd8-b832-a110dc45ee66: shutdown FollowerState
2019-10-16 21:53:46,234 [grpc-default-executor-5] INFO  impl.RoleInfo (RoleInfo.java:updateAndGet(143)) - 9d88716d-5d6b-4fd8-b832-a110dc45ee66: start FollowerState
2019-10-16 21:53:46,234 [Thread-2845] INFO  impl.FollowerState (FollowerState.java:run(117)) - 9d88716d-5d6b-4fd8-b832-a110dc45ee66@group-EE856C9543A1-FollowerState was interrupted: java.lang.InterruptedException: sleep interrupted
2019-10-16 21:53:46,247 [5c3956af-60d3-411f-8c98-c7ed3576de5c@group-EE856C9543A1-LeaderElection400] INFO  impl.LeaderElection (LeaderElection.java:logAndReturn(56)) - 5c3956af-60d3-411f-8c98-c7ed3576de5c@group-EE856C9543A1-LeaderElection400: Election REJECTED; received 2 response(s) [5c3956af-60d3-411f-8c98-c7ed3576de5c<-efb933de-cdd8-4d8d-88d2-4c7ffe0dec1a#0:FAIL-t436, 5c3956af-60d3-411f-8c98-c7ed3576de5c<-9d88716d-5d6b-4fd8-b832-a110dc45ee66#0:FAIL-t436] and 0 exception(s); 5c3956af-60d3-411f-8c98-c7ed3576de5c@group-EE856C9543A1:t436, leader=null, voted=5c3956af-60d3-411f-8c98-c7ed3576de5c, raftlog=5c3956af-60d3-411f-8c98-c7ed3576de5c@group-EE856C9543A1-SegmentedRaftLog:OPENED:c-1,f-1,i0, conf=-1: [5c3956af-60d3-411f-8c98-c7ed3576de5c:192.168.34.38:33787, efb933de-cdd8-4d8d-88d2-4c7ffe0dec1a:192.168.34.38:42459, 9d88716d-5d6b-4fd8-b832-a110dc45ee66:192.168.34.38:38211], old=null
2019-10-16 21:53:46,248 [5c3956af-60d3-411f-8c98-c7ed3576de5c@group-EE856C9543A1-LeaderElection400] INFO  impl.RaftServerImpl (RaftServerImpl.java:setRole(184)) - 5c3956af-60d3-411f-8c98-c7ed3576de5c@group-EE856C9543A1: changes role from CANDIDATE to FOLLOWER at term 436 for DISCOVERED_A_NEW_TERM
2019-10-16 21:53:46,248 [5c3956af-60d3-411f-8c98-c7ed3576de5c@group-EE856C9543A1-LeaderElection400] INFO  impl.RoleInfo (RoleInfo.java:shutdownLeaderElection(134)) - 5c3956af-60d3-411f-8c98-c7ed3576de5c: shutdown LeaderElection
2019-10-16 21:53:46,248 [5c3956af-60d3-411f-8c98-c7ed3576de5c@group-EE856C9543A1-LeaderElection400] INFO  impl.RoleInfo (RoleInfo.java:updateAndGet(143)) - 5c3956af-60d3-411f-8c98-c7ed3576de5c: start FollowerState
2019-10-16 21:53:46,253 [Datanode State Machine Thread - 0] INFO  statemachine.DatanodeStateMachine (DatanodeStateMachine.java:lambda$startDaemon$0(350)) - Ozone container server started.
2019-10-16 21:53:46,429 [Thread-2852] INFO  impl.FollowerState (FollowerState.java:run(108)) - 5c3956af-60d3-411f-8c98-c7ed3576de5c@group-EE856C9543A1-FollowerState: change to CANDIDATE, lastRpcTime:181ms, electionTimeout:181ms
2019-10-16 21:53:46,429 [Thread-2852] INFO  impl.RoleInfo (RoleInfo.java:shutdownFollowerState(121)) - 5c3956af-60d3-411f-8c98-c7ed3576de5c: shutdown FollowerState
2019-10-16 21:53:46,430 [Thread-2852] INFO  impl.RaftServerImpl (RaftServerImpl.java:setRole(184)) - 5c3956af-60d3-411f-8c98-c7ed3576de5c@group-EE856C9543A1: changes role from  FOLLOWER to CANDIDATE at term 436 for changeToCandidate
2019-10-16 21:53:46,430 [Thread-2852] INFO  impl.RoleInfo (RoleInfo.java:updateAndGet(143)) - 5c3956af-60d3-411f-8c98-c7ed3576de5c: start LeaderElection
2019-10-16 21:53:46,445 [5c3956af-60d3-411f-8c98-c7ed3576de5c@group-EE856C9543A1-LeaderElection401] INFO  impl.LeaderElection (LeaderElection.java:askForVotes(178)) - 5c3956af-60d3-411f-8c98-c7ed3576de5c@group-EE856C9543A1-LeaderElection401: begin an election at term 437 for -1: [5c3956af-60d3-411f-8c98-c7ed3576de5c:192.168.34.38:33787, efb933de-cdd8-4d8d-88d2-4c7ffe0dec1a:192.168.34.38:42459, 9d88716d-5d6b-4fd8-b832-a110dc45ee66:192.168.34.38:38211], old=null
2019-10-16 21:53:46,447 [grpc-default-executor-5] INFO  impl.RaftServerImpl (RaftServerImpl.java:setRole(184)) - efb933de-cdd8-4d8d-88d2-4c7ffe0dec1a@group-EE856C9543A1: changes role from  FOLLOWER to FOLLOWER at term 437 for recognizeCandidate:5c3956af-60d3-411f-8c98-c7ed3576de5c
2019-10-16 21:53:46,447 [grpc-default-executor-1] INFO  impl.RaftServerImpl (RaftServerImpl.java:setRole(184)) - 9d88716d-5d6b-4fd8-b832-a110dc45ee66@group-EE856C9543A1: changes role from  FOLLOWER to FOLLOWER at term 437 for recognizeCandidate:5c3956af-60d3-411f-8c98-c7ed3576de5c
2019-10-16 21:53:46,447 [grpc-default-executor-5] INFO  impl.RoleInfo (RoleInfo.java:shutdownFollowerState(121)) - efb933de-cdd8-4d8d-88d2-4c7ffe0dec1a: shutdown FollowerState
2019-10-16 21:53:46,447 [grpc-default-executor-1] INFO  impl.RoleInfo (RoleInfo.java:shutdownFollowerState(121)) - 9d88716d-5d6b-4fd8-b832-a110dc45ee66: shutdown FollowerState
2019-10-16 21:53:46,448 [grpc-default-executor-5] INFO  impl.RoleInfo (RoleInfo.java:updateAndGet(143)) - efb933de-cdd8-4d8d-88d2-4c7ffe0dec1a: start FollowerState
2019-10-16 21:53:46,448 [Thread-2850] INFO  impl.FollowerState (FollowerState.java:run(117)) - efb933de-cdd8-4d8d-88d2-4c7ffe0dec1a@group-EE856C9543A1-FollowerState was interrupted: java.lang.InterruptedException: sleep interrupted
2019-10-16 21:53:46,448 [grpc-default-executor-1] INFO  impl.RoleInfo (RoleInfo.java:updateAndGet(143)) - 9d88716d-5d6b-4fd8-b832-a110dc45ee66: start FollowerState
2019-10-16 21:53:46,448 [Thread-2851] INFO  impl.FollowerState (FollowerState.java:run(117)) - 9d88716d-5d6b-4fd8-b832-a110dc45ee66@group-EE856C9543A1-FollowerState was interrupted: java.lang.InterruptedException: sleep interrupted
2019-10-16 21:53:46,462 [5c3956af-60d3-411f-8c98-c7ed3576de5c@group-EE856C9543A1-LeaderElection401] INFO  impl.LeaderElection (LeaderElection.java:logAndReturn(56)) - 5c3956af-60d3-411f-8c98-c7ed3576de5c@group-EE856C9543A1-LeaderElection401: Election REJECTED; received 2 response(s) [5c3956af-60d3-411f-8c98-c7ed3576de5c<-efb933de-cdd8-4d8d-88d2-4c7ffe0dec1a#0:FAIL-t437, 5c3956af-60d3-411f-8c98-c7ed3576de5c<-9d88716d-5d6b-4fd8-b832-a110dc45ee66#0:FAIL-t437] and 0 exception(s); 5c3956af-60d3-411f-8c98-c7ed3576de5c@group-EE856C9543A1:t437, leader=null, voted=5c3956af-60d3-411f-8c98-c7ed3576de5c, raftlog=5c3956af-60d3-411f-8c98-c7ed3576de5c@group-EE856C9543A1-SegmentedRaftLog:OPENED:c-1,f-1,i0, conf=-1: [5c3956af-60d3-411f-8c98-c7ed3576de5c:192.168.34.38:33787, efb933de-cdd8-4d8d-88d2-4c7ffe0dec1a:192.168.34.38:42459, 9d88716d-5d6b-4fd8-b832-a110dc45ee66:192.168.34.38:38211], old=null
2019-10-16 21:53:46,462 [5c3956af-60d3-411f-8c98-c7ed3576de5c@group-EE856C9543A1-LeaderElection401] INFO  impl.RaftServerImpl (RaftServerImpl.java:setRole(184)) - 5c3956af-60d3-411f-8c98-c7ed3576de5c@group-EE856C9543A1: changes role from CANDIDATE to FOLLOWER at term 437 for DISCOVERED_A_NEW_TERM
2019-10-16 21:53:46,462 [5c3956af-60d3-411f-8c98-c7ed3576de5c@group-EE856C9543A1-LeaderElection401] INFO  impl.RoleInfo (RoleInfo.java:shutdownLeaderElection(134)) - 5c3956af-60d3-411f-8c98-c7ed3576de5c: shutdown LeaderElection
2019-10-16 21:53:46,462 [5c3956af-60d3-411f-8c98-c7ed3576de5c@group-EE856C9543A1-LeaderElection401] INFO  impl.RoleInfo (RoleInfo.java:updateAndGet(143)) - 5c3956af-60d3-411f-8c98-c7ed3576de5c: start FollowerState
2019-10-16 21:53:46,537 [Thread-2858] INFO  impl.FollowerState (FollowerState.java:run(108)) - 5c3956af-60d3-411f-8c98-c7ed3576de5c@group-EE856C9543A1-FollowerState: change to CANDIDATE, lastRpcTime:74ms, electionTimeout:74ms
2019-10-16 21:53:46,537 [Thread-2858] INFO  impl.RoleInfo (RoleInfo.java:shutdownFollowerState(121)) - 5c3956af-60d3-411f-8c98-c7ed3576de5c: shutdown FollowerState
2019-10-16 21:53:46,537 [Thread-2858] INFO  impl.RaftServerImpl (RaftServerImpl.java:setRole(184)) - 5c3956af-60d3-411f-8c98-c7ed3576de5c@group-EE856C9543A1: changes role from  FOLLOWER to CANDIDATE at term 437 for changeToCandidate
2019-10-16 21:53:46,537 [Thread-2858] INFO  impl.RoleInfo (RoleInfo.java:updateAndGet(143)) - 5c3956af-60d3-411f-8c98-c7ed3576de5c: start LeaderElection
2019-10-16 21:53:46,551 [5c3956af-60d3-411f-8c98-c7ed3576de5c@group-EE856C9543A1-LeaderElection402] INFO  impl.LeaderElection (LeaderElection.java:askForVotes(178)) - 5c3956af-60d3-411f-8c98-c7ed3576de5c@group-EE856C9543A1-LeaderElection402: begin an election at term 438 for -1: [5c3956af-60d3-411f-8c98-c7ed3576de5c:192.168.34.38:33787, efb933de-cdd8-4d8d-88d2-4c7ffe0dec1a:192.168.34.38:42459, 9d88716d-5d6b-4fd8-b832-a110dc45ee66:192.168.34.38:38211], old=null
2019-10-16 21:53:46,553 [grpc-default-executor-5] INFO  impl.RaftServerImpl (RaftServerImpl.java:setRole(184)) - efb933de-cdd8-4d8d-88d2-4c7ffe0dec1a@group-EE856C9543A1: changes role from  FOLLOWER to FOLLOWER at term 438 for recognizeCandidate:5c3956af-60d3-411f-8c98-c7ed3576de5c
2019-10-16 21:53:46,554 [grpc-default-executor-5] INFO  impl.RoleInfo (RoleInfo.java:shutdownFollowerState(121)) - efb933de-cdd8-4d8d-88d2-4c7ffe0dec1a: shutdown FollowerState
2019-10-16 21:53:46,554 [grpc-default-executor-1] INFO  impl.RaftServerImpl (RaftServerImpl.java:setRole(184)) - 9d88716d-5d6b-4fd8-b832-a110dc45ee66@group-EE856C9543A1: changes role from  FOLLOWER to FOLLOWER at term 438 for recognizeCandidate:5c3956af-60d3-411f-8c98-c7ed3576de5c
2019-10-16 21:53:46,554 [grpc-default-executor-1] INFO  impl.RoleInfo (RoleInfo.java:shutdownFollowerState(121)) - 9d88716d-5d6b-4fd8-b832-a110dc45ee66: shutdown FollowerState
2019-10-16 21:53:46,554 [Thread-2856] INFO  impl.FollowerState (FollowerState.java:run(117)) - efb933de-cdd8-4d8d-88d2-4c7ffe0dec1a@group-EE856C9543A1-FollowerState was interrupted: java.lang.InterruptedException: sleep interrupted
2019-10-16 21:53:46,554 [grpc-default-executor-5] INFO  impl.RoleInfo (RoleInfo.java:updateAndGet(143)) - efb933de-cdd8-4d8d-88d2-4c7ffe0dec1a: start FollowerState
2019-10-16 21:53:46,554 [grpc-default-executor-1] INFO  impl.RoleInfo (RoleInfo.java:updateAndGet(143)) - 9d88716d-5d6b-4fd8-b832-a110dc45ee66: start FollowerState
2019-10-16 21:53:46,554 [Thread-2857] INFO  impl.FollowerState (FollowerState.java:run(117)) - 9d88716d-5d6b-4fd8-b832-a110dc45ee66@group-EE856C9543A1-FollowerState was interrupted: java.lang.InterruptedException: sleep interrupted
2019-10-16 21:53:46,568 [5c3956af-60d3-411f-8c98-c7ed3576de5c@group-EE856C9543A1-LeaderElection402] INFO  impl.LeaderElection (LeaderElection.java:logAndReturn(56)) - 5c3956af-60d3-411f-8c98-c7ed3576de5c@group-EE856C9543A1-LeaderElection402: Election REJECTED; received 2 response(s) [5c3956af-60d3-411f-8c98-c7ed3576de5c<-efb933de-cdd8-4d8d-88d2-4c7ffe0dec1a#0:FAIL-t438, 5c3956af-60d3-411f-8c98-c7ed3576de5c<-9d88716d-5d6b-4fd8-b832-a110dc45ee66#0:FAIL-t438] and 0 exception(s); 5c3956af-60d3-411f-8c98-c7ed3576de5c@group-EE856C9543A1:t438, leader=null, voted=5c3956af-60d3-411f-8c98-c7ed3576de5c, raftlog=5c3956af-60d3-411f-8c98-c7ed3576de5c@group-EE856C9543A1-SegmentedRaftLog:OPENED:c-1,f-1,i0, conf=-1: [5c3956af-60d3-411f-8c98-c7ed3576de5c:192.168.34.38:33787, efb933de-cdd8-4d8d-88d2-4c7ffe0dec1a:192.168.34.38:42459, 9d88716d-5d6b-4fd8-b832-a110dc45ee66:192.168.34.38:38211], old=null
2019-10-16 21:53:46,569 [5c3956af-60d3-411f-8c98-c7ed3576de5c@group-EE856C9543A1-LeaderElection402] INFO  impl.RaftServerImpl (RaftServerImpl.java:setRole(184)) - 5c3956af-60d3-411f-8c98-c7ed3576de5c@group-EE856C9543A1: changes role from CANDIDATE to FOLLOWER at term 438 for DISCOVERED_A_NEW_TERM
2019-10-16 21:53:46,569 [5c3956af-60d3-411f-8c98-c7ed3576de5c@group-EE856C9543A1-LeaderElection402] INFO  impl.RoleInfo (RoleInfo.java:shutdownLeaderElection(134)) - 5c3956af-60d3-411f-8c98-c7ed3576de5c: shutdown LeaderElection
2019-10-16 21:53:46,569 [5c3956af-60d3-411f-8c98-c7ed3576de5c@group-EE856C9543A1-LeaderElection402] INFO  impl.RoleInfo (RoleInfo.java:updateAndGet(143)) - 5c3956af-60d3-411f-8c98-c7ed3576de5c: start FollowerState
2019-10-16 21:53:46,756 [Thread-2864] INFO  impl.FollowerState (FollowerState.java:run(108)) - 5c3956af-60d3-411f-8c98-c7ed3576de5c@group-EE856C9543A1-FollowerState: change to CANDIDATE, lastRpcTime:187ms, electionTimeout:187ms
2019-10-16 21:53:46,756 [Thread-2864] INFO  impl.RoleInfo (RoleInfo.java:shutdownFollowerState(121)) - 5c3956af-60d3-411f-8c98-c7ed3576de5c: shutdown FollowerState
2019-10-16 21:53:46,756 [Thread-2864] INFO  impl.RaftServerImpl (RaftServerImpl.java:setRole(184)) - 5c3956af-60d3-411f-8c98-c7ed3576de5c@group-EE856C9543A1: changes role from  FOLLOWER to CANDIDATE at term 438 for changeToCandidate
2019-10-16 21:53:46,757 [Thread-2864] INFO  impl.RoleInfo (RoleInfo.java:updateAndGet(143)) - 5c3956af-60d3-411f-8c98-c7ed3576de5c: start LeaderElection
2019-10-16 21:53:46,771 [5c3956af-60d3-411f-8c98-c7ed3576de5c@group-EE856C9543A1-LeaderElection403] INFO  impl.LeaderElection (LeaderElection.java:askForVotes(178)) - 5c3956af-60d3-411f-8c98-c7ed3576de5c@group-EE856C9543A1-LeaderElection403: begin an election at term 439 for -1: [5c3956af-60d3-411f-8c98-c7ed3576de5c:192.168.34.38:33787, efb933de-cdd8-4d8d-88d2-4c7ffe0dec1a:192.168.34.38:42459, 9d88716d-5d6b-4fd8-b832-a110dc45ee66:192.168.34.38:38211], old=null
2019-10-16 21:53:46,773 [grpc-default-executor-5] INFO  impl.RaftServerImpl (RaftServerImpl.java:setRole(184)) - 9d88716d-5d6b-4fd8-b832-a110dc45ee66@group-EE856C9543A1: changes role from  FOLLOWER to FOLLOWER at term 439 for recognizeCandidate:5c3956af-60d3-411f-8c98-c7ed3576de5c
2019-10-16 21:53:46,773 [grpc-default-executor-5] INFO  impl.RoleInfo (RoleInfo.java:shutdownFollowerState(121)) - 9d88716d-5d6b-4fd8-b832-a110dc45ee66: shutdown FollowerState
2019-10-16 21:53:46,773 [grpc-default-executor-1] INFO  impl.RaftServerImpl (RaftServerImpl.java:setRole(184)) - efb933de-cdd8-4d8d-88d2-4c7ffe0dec1a@group-EE856C9543A1: changes role from  FOLLOWER to FOLLOWER at term 439 for recognizeCandidate:5c3956af-60d3-411f-8c98-c7ed3576de5c
2019-10-16 21:53:46,773 [grpc-default-executor-1] INFO  impl.RoleInfo (RoleInfo.java:shutdownFollowerState(121)) - efb933de-cdd8-4d8d-88d2-4c7ffe0dec1a: shutdown FollowerState
2019-10-16 21:53:46,773 [Thread-2863] INFO  impl.FollowerState (FollowerState.java:run(117)) - 9d88716d-5d6b-4fd8-b832-a110dc45ee66@group-EE856C9543A1-FollowerState was interrupted: java.lang.InterruptedException: sleep interrupted
2019-10-16 21:53:46,773 [Thread-2862] INFO  impl.FollowerState (FollowerState.java:run(117)) - efb933de-cdd8-4d8d-88d2-4c7ffe0dec1a@group-EE856C9543A1-FollowerState was interrupted: java.lang.InterruptedException: sleep interrupted
2019-10-16 21:53:46,773 [grpc-default-executor-5] INFO  impl.RoleInfo (RoleInfo.java:updateAndGet(143)) - 9d88716d-5d6b-4fd8-b832-a110dc45ee66: start FollowerState
2019-10-16 21:53:46,773 [grpc-default-executor-1] INFO  impl.RoleInfo (RoleInfo.java:updateAndGet(143)) - efb933de-cdd8-4d8d-88d2-4c7ffe0dec1a: start FollowerState
2019-10-16 21:53:46,789 [5c3956af-60d3-411f-8c98-c7ed3576de5c@group-EE856C9543A1-LeaderElection403] INFO  impl.LeaderElection (LeaderElection.java:logAndReturn(56)) - 5c3956af-60d3-411f-8c98-c7ed3576de5c@group-EE856C9543A1-LeaderElection403: Election REJECTED; received 2 response(s) [5c3956af-60d3-411f-8c98-c7ed3576de5c<-efb933de-cdd8-4d8d-88d2-4c7ffe0dec1a#0:FAIL-t439, 5c3956af-60d3-411f-8c98-c7ed3576de5c<-9d88716d-5d6b-4fd8-b832-a110dc45ee66#0:FAIL-t439] and 0 exception(s); 5c3956af-60d3-411f-8c98-c7ed3576de5c@group-EE856C9543A1:t439, leader=null, voted=5c3956af-60d3-411f-8c98-c7ed3576de5c, raftlog=5c3956af-60d3-411f-8c98-c7ed3576de5c@group-EE856C9543A1-SegmentedRaftLog:OPENED:c-1,f-1,i0, conf=-1: [5c3956af-60d3-411f-8c98-c7ed3576de5c:192.168.34.38:33787, efb933de-cdd8-4d8d-88d2-4c7ffe0dec1a:192.168.34.38:42459, 9d88716d-5d6b-4fd8-b832-a110dc45ee66:192.168.34.38:38211], old=null
2019-10-16 21:53:46,789 [5c3956af-60d3-411f-8c98-c7ed3576de5c@group-EE856C9543A1-LeaderElection403] INFO  impl.RaftServerImpl (RaftServerImpl.java:setRole(184)) - 5c3956af-60d3-411f-8c98-c7ed3576de5c@group-EE856C9543A1: changes role from CANDIDATE to FOLLOWER at term 439 for DISCOVERED_A_NEW_TERM
2019-10-16 21:53:46,789 [5c3956af-60d3-411f-8c98-c7ed3576de5c@group-EE856C9543A1-LeaderElection403] INFO  impl.RoleInfo (RoleInfo.java:shutdownLeaderElection(134)) - 5c3956af-60d3-411f-8c98-c7ed3576de5c: shutdown LeaderElection
2019-10-16 21:53:46,789 [5c3956af-60d3-411f-8c98-c7ed3576de5c@group-EE856C9543A1-LeaderElection403] INFO  impl.RoleInfo (RoleInfo.java:updateAndGet(143)) - 5c3956af-60d3-411f-8c98-c7ed3576de5c: start FollowerState
2019-10-16 21:53:46,939 [Thread-2870] INFO  impl.FollowerState (FollowerState.java:run(108)) - 5c3956af-60d3-411f-8c98-c7ed3576de5c@group-EE856C9543A1-FollowerState: change to CANDIDATE, lastRpcTime:149ms, electionTimeout:149ms
2019-10-16 21:53:46,939 [Thread-2870] INFO  impl.RoleInfo (RoleInfo.java:shutdownFollowerState(121)) - 5c3956af-60d3-411f-8c98-c7ed3576de5c: shutdown FollowerState
2019-10-16 21:53:46,939 [Thread-2870] INFO  impl.RaftServerImpl (RaftServerImpl.java:setRole(184)) - 5c3956af-60d3-411f-8c98-c7ed3576de5c@group-EE856C9543A1: changes role from  FOLLOWER to CANDIDATE at term 439 for changeToCandidate
2019-10-16 21:53:46,939 [Thread-2870] INFO  impl.RoleInfo (RoleInfo.java:updateAndGet(143)) - 5c3956af-60d3-411f-8c98-c7ed3576de5c: start LeaderElection
2019-10-16 21:53:46,964 [5c3956af-60d3-411f-8c98-c7ed3576de5c@group-EE856C9543A1-LeaderElection404] INFO  impl.LeaderElection (LeaderElection.java:askForVotes(178)) - 5c3956af-60d3-411f-8c98-c7ed3576de5c@group-EE856C9543A1-LeaderElection404: begin an election at term 440 for -1: [5c3956af-60d3-411f-8c98-c7ed3576de5c:192.168.34.38:33787, efb933de-cdd8-4d8d-88d2-4c7ffe0dec1a:192.168.34.38:42459, 9d88716d-5d6b-4fd8-b832-a110dc45ee66:192.168.34.38:38211], old=null
2019-10-16 21:53:46,967 [grpc-default-executor-1] INFO  impl.RaftServerImpl (RaftServerImpl.java:setRole(184)) - efb933de-cdd8-4d8d-88d2-4c7ffe0dec1a@group-EE856C9543A1: changes role from  FOLLOWER to FOLLOWER at term 440 for recognizeCandidate:5c3956af-60d3-411f-8c98-c7ed3576de5c
2019-10-16 21:53:46,967 [grpc-default-executor-1] INFO  impl.RoleInfo (RoleInfo.java:shutdownFollowerState(121)) - efb933de-cdd8-4d8d-88d2-4c7ffe0dec1a: shutdown FollowerState
2019-10-16 21:53:46,967 [grpc-default-executor-5] INFO  impl.RaftServerImpl (RaftServerImpl.java:setRole(184)) - 9d88716d-5d6b-4fd8-b832-a110dc45ee66@group-EE856C9543A1: changes role from  FOLLOWER to FOLLOWER at term 440 for recognizeCandidate:5c3956af-60d3-411f-8c98-c7ed3576de5c
2019-10-16 21:53:46,967 [Thread-2869] INFO  impl.FollowerState (FollowerState.java:run(117)) - efb933de-cdd8-4d8d-88d2-4c7ffe0dec1a@group-EE856C9543A1-FollowerState was interrupted: java.lang.InterruptedException: sleep interrupted
2019-10-16 21:53:46,967 [grpc-default-executor-1] INFO  impl.RoleInfo (RoleInfo.java:updateAndGet(143)) - efb933de-cdd8-4d8d-88d2-4c7ffe0dec1a: start FollowerState
2019-10-16 21:53:46,968 [grpc-default-executor-5] INFO  impl.RoleInfo (RoleInfo.java:shutdownFollowerState(121)) - 9d88716d-5d6b-4fd8-b832-a110dc45ee66: shutdown FollowerState
2019-10-16 21:53:46,968 [grpc-default-executor-5] INFO  impl.RoleInfo (RoleInfo.java:updateAndGet(143)) - 9d88716d-5d6b-4fd8-b832-a110dc45ee66: start FollowerState
2019-10-16 21:53:46,968 [Thread-2868] INFO  impl.FollowerState (FollowerState.java:run(117)) - 9d88716d-5d6b-4fd8-b832-a110dc45ee66@group-EE856C9543A1-FollowerState was interrupted: java.lang.InterruptedException: sleep interrupted
2019-10-16 21:53:46,983 [5c3956af-60d3-411f-8c98-c7ed3576de5c@group-EE856C9543A1-LeaderElection404] INFO  impl.LeaderElection (LeaderElection.java:logAndReturn(56)) - 5c3956af-60d3-411f-8c98-c7ed3576de5c@group-EE856C9543A1-LeaderElection404: Election REJECTED; received 2 response(s) [5c3956af-60d3-411f-8c98-c7ed3576de5c<-efb933de-cdd8-4d8d-88d2-4c7ffe0dec1a#0:FAIL-t440, 5c3956af-60d3-411f-8c98-c7ed3576de5c<-9d88716d-5d6b-4fd8-b832-a110dc45ee66#0:FAIL-t440] and 0 exception(s); 5c3956af-60d3-411f-8c98-c7ed3576de5c@group-EE856C9543A1:t440, leader=null, voted=5c3956af-60d3-411f-8c98-c7ed3576de5c, raftlog=5c3956af-60d3-411f-8c98-c7ed3576de5c@group-EE856C9543A1-SegmentedRaftLog:OPENED:c-1,f-1,i0, conf=-1: [5c3956af-60d3-411f-8c98-c7ed3576de5c:192.168.34.38:33787, efb933de-cdd8-4d8d-88d2-4c7ffe0dec1a:192.168.34.38:42459, 9d88716d-5d6b-4fd8-b832-a110dc45ee66:192.168.34.38:38211], old=null
2019-10-16 21:53:46,983 [5c3956af-60d3-411f-8c98-c7ed3576de5c@group-EE856C9543A1-LeaderElection404] INFO  impl.RaftServerImpl (RaftServerImpl.java:setRole(184)) - 5c3956af-60d3-411f-8c98-c7ed3576de5c@group-EE856C9543A1: changes role from CANDIDATE to FOLLOWER at term 440 for DISCOVERED_A_NEW_TERM
2019-10-16 21:53:46,983 [5c3956af-60d3-411f-8c98-c7ed3576de5c@group-EE856C9543A1-LeaderElection404] INFO  impl.RoleInfo (RoleInfo.java:shutdownLeaderElection(134)) - 5c3956af-60d3-411f-8c98-c7ed3576de5c: shutdown LeaderElection
2019-10-16 21:53:46,983 [5c3956af-60d3-411f-8c98-c7ed3576de5c@group-EE856C9543A1-LeaderElection404] INFO  impl.RoleInfo (RoleInfo.java:updateAndGet(143)) - 5c3956af-60d3-411f-8c98-c7ed3576de5c: start FollowerState
2019-10-16 21:53:47,110 [Thread-2881] INFO  impl.FollowerState (FollowerState.java:run(108)) - 5c3956af-60d3-411f-8c98-c7ed3576de5c@group-EE856C9543A1-FollowerState: change to CANDIDATE, lastRpcTime:126ms, electionTimeout:126ms
2019-10-16 21:53:47,110 [Thread-2881] INFO  impl.RoleInfo (RoleInfo.java:shutdownFollowerState(121)) - 5c3956af-60d3-411f-8c98-c7ed3576de5c: shutdown FollowerState
2019-10-16 21:53:47,110 [Thread-2881] INFO  impl.RaftServerImpl (RaftServerImpl.java:setRole(184)) - 5c3956af-60d3-411f-8c98-c7ed3576de5c@group-EE856C9543A1: changes role from  FOLLOWER to CANDIDATE at term 440 for changeToCandidate
2019-10-16 21:53:47,111 [Thread-2881] INFO  impl.RoleInfo (RoleInfo.java:updateAndGet(143)) - 5c3956af-60d3-411f-8c98-c7ed3576de5c: start LeaderElection
2019-10-16 21:53:47,136 [5c3956af-60d3-411f-8c98-c7ed3576de5c@group-EE856C9543A1-LeaderElection405] INFO  impl.LeaderElection (LeaderElection.java:askForVotes(178)) - 5c3956af-60d3-411f-8c98-c7ed3576de5c@group-EE856C9543A1-LeaderElection405: begin an election at term 441 for -1: [5c3956af-60d3-411f-8c98-c7ed3576de5c:192.168.34.38:33787, efb933de-cdd8-4d8d-88d2-4c7ffe0dec1a:192.168.34.38:42459, 9d88716d-5d6b-4fd8-b832-a110dc45ee66:192.168.34.38:38211], old=null
2019-10-16 21:53:47,139 [grpc-default-executor-5] INFO  impl.RaftServerImpl (RaftServerImpl.java:setRole(184)) - efb933de-cdd8-4d8d-88d2-4c7ffe0dec1a@group-EE856C9543A1: changes role from  FOLLOWER to FOLLOWER at term 441 for recognizeCandidate:5c3956af-60d3-411f-8c98-c7ed3576de5c
2019-10-16 21:53:47,139 [grpc-default-executor-1] INFO  impl.RaftServerImpl (RaftServerImpl.java:setRole(184)) - 9d88716d-5d6b-4fd8-b832-a110dc45ee66@group-EE856C9543A1: changes role from  FOLLOWER to FOLLOWER at term 441 for recognizeCandidate:5c3956af-60d3-411f-8c98-c7ed3576de5c
2019-10-16 21:53:47,139 [grpc-default-executor-1] INFO  impl.RoleInfo (RoleInfo.java:shutdownFollowerState(121)) - 9d88716d-5d6b-4fd8-b832-a110dc45ee66: shutdown FollowerState
2019-10-16 21:53:47,139 [grpc-default-executor-5] INFO  impl.RoleInfo (RoleInfo.java:shutdownFollowerState(121)) - efb933de-cdd8-4d8d-88d2-4c7ffe0dec1a: shutdown FollowerState
2019-10-16 21:53:47,139 [Thread-2880] INFO  impl.FollowerState (FollowerState.java:run(117)) - 9d88716d-5d6b-4fd8-b832-a110dc45ee66@group-EE856C9543A1-FollowerState was interrupted: java.lang.InterruptedException: sleep interrupted
2019-10-16 21:53:47,139 [grpc-default-executor-1] INFO  impl.RoleInfo (RoleInfo.java:updateAndGet(143)) - 9d88716d-5d6b-4fd8-b832-a110dc45ee66: start FollowerState
2019-10-16 21:53:47,140 [Thread-2879] INFO  impl.FollowerState (FollowerState.java:run(117)) - efb933de-cdd8-4d8d-88d2-4c7ffe0dec1a@group-EE856C9543A1-FollowerState was interrupted: java.lang.InterruptedException: sleep interrupted
2019-10-16 21:53:47,140 [grpc-default-executor-5] INFO  impl.RoleInfo (RoleInfo.java:updateAndGet(143)) - efb933de-cdd8-4d8d-88d2-4c7ffe0dec1a: start FollowerState
2019-10-16 21:53:47,155 [5c3956af-60d3-411f-8c98-c7ed3576de5c@group-EE856C9543A1-LeaderElection405] INFO  impl.LeaderElection (LeaderElection.java:logAndReturn(56)) - 5c3956af-60d3-411f-8c98-c7ed3576de5c@group-EE856C9543A1-LeaderElection405: Election REJECTED; received 2 response(s) [5c3956af-60d3-411f-8c98-c7ed3576de5c<-efb933de-cdd8-4d8d-88d2-4c7ffe0dec1a#0:FAIL-t441, 5c3956af-60d3-411f-8c98-c7ed3576de5c<-9d88716d-5d6b-4fd8-b832-a110dc45ee66#0:FAIL-t441] and 0 exception(s); 5c3956af-60d3-411f-8c98-c7ed3576de5c@group-EE856C9543A1:t441, leader=null, voted=5c3956af-60d3-411f-8c98-c7ed3576de5c, raftlog=5c3956af-60d3-411f-8c98-c7ed3576de5c@group-EE856C9543A1-SegmentedRaftLog:OPENED:c-1,f-1,i0, conf=-1: [5c3956af-60d3-411f-8c98-c7ed3576de5c:192.168.34.38:33787, efb933de-cdd8-4d8d-88d2-4c7ffe0dec1a:192.168.34.38:42459, 9d88716d-5d6b-4fd8-b832-a110dc45ee66:192.168.34.38:38211], old=null
2019-10-16 21:53:47,155 [5c3956af-60d3-411f-8c98-c7ed3576de5c@group-EE856C9543A1-LeaderElection405] INFO  impl.RaftServerImpl (RaftServerImpl.java:setRole(184)) - 5c3956af-60d3-411f-8c98-c7ed3576de5c@group-EE856C9543A1: changes role from CANDIDATE to FOLLOWER at term 441 for DISCOVERED_A_NEW_TERM
2019-10-16 21:53:47,155 [5c3956af-60d3-411f-8c98-c7ed3576de5c@group-EE856C9543A1-LeaderElection405] INFO  impl.RoleInfo (RoleInfo.java:shutdownLeaderElection(134)) - 5c3956af-60d3-411f-8c98-c7ed3576de5c: shutdown LeaderElection
2019-10-16 21:53:47,155 [5c3956af-60d3-411f-8c98-c7ed3576de5c@group-EE856C9543A1-LeaderElection405] INFO  impl.RoleInfo (RoleInfo.java:updateAndGet(143)) - 5c3956af-60d3-411f-8c98-c7ed3576de5c: start FollowerState
2019-10-16 21:53:47,239 [Thread-2887] INFO  impl.FollowerState (FollowerState.java:run(108)) - 5c3956af-60d3-411f-8c98-c7ed3576de5c@group-EE856C9543A1-FollowerState: change to CANDIDATE, lastRpcTime:83ms, electionTimeout:83ms
2019-10-16 21:53:47,239 [Thread-2887] INFO  impl.RoleInfo (RoleInfo.java:shutdownFollowerState(121)) - 5c3956af-60d3-411f-8c98-c7ed3576de5c: shutdown FollowerState
2019-10-16 21:53:47,239 [Thread-2887] INFO  impl.RaftServerImpl (RaftServerImpl.java:setRole(184)) - 5c3956af-60d3-411f-8c98-c7ed3576de5c@group-EE856C9543A1: changes role from  FOLLOWER to CANDIDATE at term 441 for changeToCandidate
2019-10-16 21:53:47,239 [Thread-2887] INFO  impl.RoleInfo (RoleInfo.java:updateAndGet(143)) - 5c3956af-60d3-411f-8c98-c7ed3576de5c: start LeaderElection
2019-10-16 21:53:47,259 [5c3956af-60d3-411f-8c98-c7ed3576de5c@group-EE856C9543A1-LeaderElection406] INFO  impl.LeaderElection (LeaderElection.java:askForVotes(178)) - 5c3956af-60d3-411f-8c98-c7ed3576de5c@group-EE856C9543A1-LeaderElection406: begin an election at term 442 for -1: [5c3956af-60d3-411f-8c98-c7ed3576de5c:192.168.34.38:33787, efb933de-cdd8-4d8d-88d2-4c7ffe0dec1a:192.168.34.38:42459, 9d88716d-5d6b-4fd8-b832-a110dc45ee66:192.168.34.38:38211], old=null
2019-10-16 21:53:47,261 [grpc-default-executor-5] INFO  impl.RaftServerImpl (RaftServerImpl.java:setRole(184)) - 9d88716d-5d6b-4fd8-b832-a110dc45ee66@group-EE856C9543A1: changes role from  FOLLOWER to FOLLOWER at term 442 for recognizeCandidate:5c3956af-60d3-411f-8c98-c7ed3576de5c
2019-10-16 21:53:47,262 [grpc-default-executor-1] INFO  impl.RaftServerImpl (RaftServerImpl.java:setRole(184)) - efb933de-cdd8-4d8d-88d2-4c7ffe0dec1a@group-EE856C9543A1: changes role from  FOLLOWER to FOLLOWER at term 442 for recognizeCandidate:5c3956af-60d3-411f-8c98-c7ed3576de5c
2019-10-16 21:53:47,262 [grpc-default-executor-1] INFO  impl.RoleInfo (RoleInfo.java:shutdownFollowerState(121)) - efb933de-cdd8-4d8d-88d2-4c7ffe0dec1a: shutdown FollowerState
2019-10-16 21:53:47,262 [grpc-default-executor-5] INFO  impl.RoleInfo (RoleInfo.java:shutdownFollowerState(121)) - 9d88716d-5d6b-4fd8-b832-a110dc45ee66: shutdown FollowerState
2019-10-16 21:53:47,262 [Thread-2886] INFO  impl.FollowerState (FollowerState.java:run(117)) - efb933de-cdd8-4d8d-88d2-4c7ffe0dec1a@group-EE856C9543A1-FollowerState was interrupted: java.lang.InterruptedException: sleep interrupted
2019-10-16 21:53:47,262 [grpc-default-executor-1] INFO  impl.RoleInfo (RoleInfo.java:updateAndGet(143)) - efb933de-cdd8-4d8d-88d2-4c7ffe0dec1a: start FollowerState
2019-10-16 21:53:47,262 [Thread-2885] INFO  impl.FollowerState (FollowerState.java:run(117)) - 9d88716d-5d6b-4fd8-b832-a110dc45ee66@group-EE856C9543A1-FollowerState was interrupted: java.lang.InterruptedException: sleep interrupted
2019-10-16 21:53:47,262 [grpc-default-executor-5] INFO  impl.RoleInfo (RoleInfo.java:updateAndGet(143)) - 9d88716d-5d6b-4fd8-b832-a110dc45ee66: start FollowerState
2019-10-16 21:53:47,279 [5c3956af-60d3-411f-8c98-c7ed3576de5c@group-EE856C9543A1-LeaderElection406] INFO  impl.LeaderElection (LeaderElection.java:logAndReturn(56)) - 5c3956af-60d3-411f-8c98-c7ed3576de5c@group-EE856C9543A1-LeaderElection406: Election REJECTED; received 2 response(s) [5c3956af-60d3-411f-8c98-c7ed3576de5c<-efb933de-cdd8-4d8d-88d2-4c7ffe0dec1a#0:FAIL-t442, 5c3956af-60d3-411f-8c98-c7ed3576de5c<-9d88716d-5d6b-4fd8-b832-a110dc45ee66#0:FAIL-t442] and 0 exception(s); 5c3956af-60d3-411f-8c98-c7ed3576de5c@group-EE856C9543A1:t442, leader=null, voted=5c3956af-60d3-411f-8c98-c7ed3576de5c, raftlog=5c3956af-60d3-411f-8c98-c7ed3576de5c@group-EE856C9543A1-SegmentedRaftLog:OPENED:c-1,f-1,i0, conf=-1: [5c3956af-60d3-411f-8c98-c7ed3576de5c:192.168.34.38:33787, efb933de-cdd8-4d8d-88d2-4c7ffe0dec1a:192.168.34.38:42459, 9d88716d-5d6b-4fd8-b832-a110dc45ee66:192.168.34.38:38211], old=null
2019-10-16 21:53:47,279 [5c3956af-60d3-411f-8c98-c7ed3576de5c@group-EE856C9543A1-LeaderElection406] INFO  impl.RaftServerImpl (RaftServerImpl.java:setRole(184)) - 5c3956af-60d3-411f-8c98-c7ed3576de5c@group-EE856C9543A1: changes role from CANDIDATE to FOLLOWER at term 442 for DISCOVERED_A_NEW_TERM
2019-10-16 21:53:47,279 [5c3956af-60d3-411f-8c98-c7ed3576de5c@group-EE856C9543A1-LeaderElection406] INFO  impl.RoleInfo (RoleInfo.java:shutdownLeaderElection(134)) - 5c3956af-60d3-411f-8c98-c7ed3576de5c: shutdown LeaderElection
2019-10-16 21:53:47,279 [5c3956af-60d3-411f-8c98-c7ed3576de5c@group-EE856C9543A1-LeaderElection406] INFO  impl.RoleInfo (RoleInfo.java:updateAndGet(143)) - 5c3956af-60d3-411f-8c98-c7ed3576de5c: start FollowerState
2019-10-16 21:53:47,352 [Thread-2893] INFO  impl.FollowerState (FollowerState.java:run(108)) - 5c3956af-60d3-411f-8c98-c7ed3576de5c@group-EE856C9543A1-FollowerState: change to CANDIDATE, lastRpcTime:72ms, electionTimeout:72ms
2019-10-16 21:53:47,352 [Thread-2893] INFO  impl.RoleInfo (RoleInfo.java:shutdownFollowerState(121)) - 5c3956af-60d3-411f-8c98-c7ed3576de5c: shutdown FollowerState
2019-10-16 21:53:47,352 [Thread-2893] INFO  impl.RaftServerImpl (RaftServerImpl.java:setRole(184)) - 5c3956af-60d3-411f-8c98-c7ed3576de5c@group-EE856C9543A1: changes role from  FOLLOWER to CANDIDATE at term 442 for changeToCandidate
2019-10-16 21:53:47,352 [Thread-2893] INFO  impl.RoleInfo (RoleInfo.java:updateAndGet(143)) - 5c3956af-60d3-411f-8c98-c7ed3576de5c: start LeaderElection
2019-10-16 21:53:47,365 [5c3956af-60d3-411f-8c98-c7ed3576de5c@group-EE856C9543A1-LeaderElection407] INFO  impl.LeaderElection (LeaderElection.java:askForVotes(178)) - 5c3956af-60d3-411f-8c98-c7ed3576de5c@group-EE856C9543A1-LeaderElection407: begin an election at term 443 for -1: [5c3956af-60d3-411f-8c98-c7ed3576de5c:192.168.34.38:33787, efb933de-cdd8-4d8d-88d2-4c7ffe0dec1a:192.168.34.38:42459, 9d88716d-5d6b-4fd8-b832-a110dc45ee66:192.168.34.38:38211], old=null
2019-10-16 21:53:47,367 [grpc-default-executor-5] INFO  impl.RaftServerImpl (RaftServerImpl.java:setRole(184)) - efb933de-cdd8-4d8d-88d2-4c7ffe0dec1a@group-EE856C9543A1: changes role from  FOLLOWER to FOLLOWER at term 443 for recognizeCandidate:5c3956af-60d3-411f-8c98-c7ed3576de5c
2019-10-16 21:53:47,368 [grpc-default-executor-5] INFO  impl.RoleInfo (RoleInfo.java:shutdownFollowerState(121)) - efb933de-cdd8-4d8d-88d2-4c7ffe0dec1a: shutdown FollowerState
2019-10-16 21:53:47,367 [grpc-default-executor-1] INFO  impl.RaftServerImpl (RaftServerImpl.java:setRole(184)) - 9d88716d-5d6b-4fd8-b832-a110dc45ee66@group-EE856C9543A1: changes role from  FOLLOWER to FOLLOWER at term 443 for recognizeCandidate:5c3956af-60d3-411f-8c98-c7ed3576de5c
2019-10-16 21:53:47,368 [grpc-default-executor-1] INFO  impl.RoleInfo (RoleInfo.java:shutdownFollowerState(121)) - 9d88716d-5d6b-4fd8-b832-a110dc45ee66: shutdown FollowerState
2019-10-16 21:53:47,368 [Thread-2891] INFO  impl.FollowerState (FollowerState.java:run(117)) - efb933de-cdd8-4d8d-88d2-4c7ffe0dec1a@group-EE856C9543A1-FollowerState was interrupted: java.lang.InterruptedException: sleep interrupted
2019-10-16 21:53:47,368 [grpc-default-executor-5] INFO  impl.RoleInfo (RoleInfo.java:updateAndGet(143)) - efb933de-cdd8-4d8d-88d2-4c7ffe0dec1a: start FollowerState
2019-10-16 21:53:47,368 [Thread-2892] INFO  impl.FollowerState (FollowerState.java:run(117)) - 9d88716d-5d6b-4fd8-b832-a110dc45ee66@group-EE856C9543A1-FollowerState was interrupted: java.lang.InterruptedException: sleep interrupted
2019-10-16 21:53:47,368 [grpc-default-executor-1] INFO  impl.RoleInfo (RoleInfo.java:updateAndGet(143)) - 9d88716d-5d6b-4fd8-b832-a110dc45ee66: start FollowerState
2019-10-16 21:53:47,383 [5c3956af-60d3-411f-8c98-c7ed3576de5c@group-EE856C9543A1-LeaderElection407] INFO  impl.LeaderElection (LeaderElection.java:logAndReturn(56)) - 5c3956af-60d3-411f-8c98-c7ed3576de5c@group-EE856C9543A1-LeaderElection407: Election REJECTED; received 2 response(s) [5c3956af-60d3-411f-8c98-c7ed3576de5c<-efb933de-cdd8-4d8d-88d2-4c7ffe0dec1a#0:FAIL-t443, 5c3956af-60d3-411f-8c98-c7ed3576de5c<-9d88716d-5d6b-4fd8-b832-a110dc45ee66#0:FAIL-t443] and 0 exception(s); 5c3956af-60d3-411f-8c98-c7ed3576de5c@group-EE856C9543A1:t443, leader=null, voted=5c3956af-60d3-411f-8c98-c7ed3576de5c, raftlog=5c3956af-60d3-411f-8c98-c7ed3576de5c@group-EE856C9543A1-SegmentedRaftLog:OPENED:c-1,f-1,i0, conf=-1: [5c3956af-60d3-411f-8c98-c7ed3576de5c:192.168.34.38:33787, efb933de-cdd8-4d8d-88d2-4c7ffe0dec1a:192.168.34.38:42459, 9d88716d-5d6b-4fd8-b832-a110dc45ee66:192.168.34.38:38211], old=null
2019-10-16 21:53:47,383 [5c3956af-60d3-411f-8c98-c7ed3576de5c@group-EE856C9543A1-LeaderElection407] INFO  impl.RaftServerImpl (RaftServerImpl.java:setRole(184)) - 5c3956af-60d3-411f-8c98-c7ed3576de5c@group-EE856C9543A1: changes role from CANDIDATE to FOLLOWER at term 443 for DISCOVERED_A_NEW_TERM
2019-10-16 21:53:47,384 [5c3956af-60d3-411f-8c98-c7ed3576de5c@group-EE856C9543A1-LeaderElection407] INFO  impl.RoleInfo (RoleInfo.java:shutdownLeaderElection(134)) - 5c3956af-60d3-411f-8c98-c7ed3576de5c: shutdown LeaderElection
2019-10-16 21:53:47,384 [5c3956af-60d3-411f-8c98-c7ed3576de5c@group-EE856C9543A1-LeaderElection407] INFO  impl.RoleInfo (RoleInfo.java:updateAndGet(143)) - 5c3956af-60d3-411f-8c98-c7ed3576de5c: start FollowerState
2019-10-16 21:53:47,535 [Thread-2899] INFO  impl.FollowerState (FollowerState.java:run(108)) - 5c3956af-60d3-411f-8c98-c7ed3576de5c@group-EE856C9543A1-FollowerState: change to CANDIDATE, lastRpcTime:151ms, electionTimeout:151ms
2019-10-16 21:53:47,535 [Thread-2899] INFO  impl.RoleInfo (RoleInfo.java:shutdownFollowerState(121)) - 5c3956af-60d3-411f-8c98-c7ed3576de5c: shutdown FollowerState
2019-10-16 21:53:47,535 [Thread-2899] INFO  impl.RaftServerImpl (RaftServerImpl.java:setRole(184)) - 5c3956af-60d3-411f-8c98-c7ed3576de5c@group-EE856C9543A1: changes role from  FOLLOWER to CANDIDATE at term 443 for changeToCandidate
2019-10-16 21:53:47,535 [Thread-2899] INFO  impl.RoleInfo (RoleInfo.java:updateAndGet(143)) - 5c3956af-60d3-411f-8c98-c7ed3576de5c: start LeaderElection
2019-10-16 21:53:47,550 [5c3956af-60d3-411f-8c98-c7ed3576de5c@group-EE856C9543A1-LeaderElection408] INFO  impl.LeaderElection (LeaderElection.java:askForVotes(178)) - 5c3956af-60d3-411f-8c98-c7ed3576de5c@group-EE856C9543A1-LeaderElection408: begin an election at term 444 for -1: [5c3956af-60d3-411f-8c98-c7ed3576de5c:192.168.34.38:33787, efb933de-cdd8-4d8d-88d2-4c7ffe0dec1a:192.168.34.38:42459, 9d88716d-5d6b-4fd8-b832-a110dc45ee66:192.168.34.38:38211], old=null
2019-10-16 21:53:47,552 [grpc-default-executor-5] INFO  impl.RaftServerImpl (RaftServerImpl.java:setRole(184)) - efb933de-cdd8-4d8d-88d2-4c7ffe0dec1a@group-EE856C9543A1: changes role from  FOLLOWER to FOLLOWER at term 444 for recognizeCandidate:5c3956af-60d3-411f-8c98-c7ed3576de5c
2019-10-16 21:53:47,552 [grpc-default-executor-5] INFO  impl.RoleInfo (RoleInfo.java:shutdownFollowerState(121)) - efb933de-cdd8-4d8d-88d2-4c7ffe0dec1a: shutdown FollowerState
2019-10-16 21:53:47,552 [grpc-default-executor-1] INFO  impl.RaftServerImpl (RaftServerImpl.java:setRole(184)) - 9d88716d-5d6b-4fd8-b832-a110dc45ee66@group-EE856C9543A1: changes role from  FOLLOWER to FOLLOWER at term 444 for recognizeCandidate:5c3956af-60d3-411f-8c98-c7ed3576de5c
2019-10-16 21:53:47,552 [Thread-2897] INFO  impl.FollowerState (FollowerState.java:run(117)) - efb933de-cdd8-4d8d-88d2-4c7ffe0dec1a@group-EE856C9543A1-FollowerState was interrupted: java.lang.InterruptedException: sleep interrupted
2019-10-16 21:53:47,552 [grpc-default-executor-5] INFO  impl.RoleInfo (RoleInfo.java:updateAndGet(143)) - efb933de-cdd8-4d8d-88d2-4c7ffe0dec1a: start FollowerState
2019-10-16 21:53:47,552 [grpc-default-executor-1] INFO  impl.RoleInfo (RoleInfo.java:shutdownFollowerState(121)) - 9d88716d-5d6b-4fd8-b832-a110dc45ee66: shutdown FollowerState
2019-10-16 21:53:47,553 [grpc-default-executor-1] INFO  impl.RoleInfo (RoleInfo.java:updateAndGet(143)) - 9d88716d-5d6b-4fd8-b832-a110dc45ee66: start FollowerState
2019-10-16 21:53:47,553 [Thread-2898] INFO  impl.FollowerState (FollowerState.java:run(117)) - 9d88716d-5d6b-4fd8-b832-a110dc45ee66@group-EE856C9543A1-FollowerState was interrupted: java.lang.InterruptedException: sleep interrupted
2019-10-16 21:53:47,567 [5c3956af-60d3-411f-8c98-c7ed3576de5c@group-EE856C9543A1-LeaderElection408] INFO  impl.LeaderElection (LeaderElection.java:logAndReturn(56)) - 5c3956af-60d3-411f-8c98-c7ed3576de5c@group-EE856C9543A1-LeaderElection408: Election REJECTED; received 2 response(s) [5c3956af-60d3-411f-8c98-c7ed3576de5c<-efb933de-cdd8-4d8d-88d2-4c7ffe0dec1a#0:FAIL-t444, 5c3956af-60d3-411f-8c98-c7ed3576de5c<-9d88716d-5d6b-4fd8-b832-a110dc45ee66#0:FAIL-t444] and 0 exception(s); 5c3956af-60d3-411f-8c98-c7ed3576de5c@group-EE856C9543A1:t444, leader=null, voted=5c3956af-60d3-411f-8c98-c7ed3576de5c, raftlog=5c3956af-60d3-411f-8c98-c7ed3576de5c@group-EE856C9543A1-SegmentedRaftLog:OPENED:c-1,f-1,i0, conf=-1: [5c3956af-60d3-411f-8c98-c7ed3576de5c:192.168.34.38:33787, efb933de-cdd8-4d8d-88d2-4c7ffe0dec1a:192.168.34.38:42459, 9d88716d-5d6b-4fd8-b832-a110dc45ee66:192.168.34.38:38211], old=null
2019-10-16 21:53:47,567 [5c3956af-60d3-411f-8c98-c7ed3576de5c@group-EE856C9543A1-LeaderElection408] INFO  impl.RaftServerImpl (RaftServerImpl.java:setRole(184)) - 5c3956af-60d3-411f-8c98-c7ed3576de5c@group-EE856C9543A1: changes role from CANDIDATE to FOLLOWER at term 444 for DISCOVERED_A_NEW_TERM
2019-10-16 21:53:47,567 [5c3956af-60d3-411f-8c98-c7ed3576de5c@group-EE856C9543A1-LeaderElection408] INFO  impl.RoleInfo (RoleInfo.java:shutdownLeaderElection(134)) - 5c3956af-60d3-411f-8c98-c7ed3576de5c: shutdown LeaderElection
2019-10-16 21:53:47,568 [5c3956af-60d3-411f-8c98-c7ed3576de5c@group-EE856C9543A1-LeaderElection408] INFO  impl.RoleInfo (RoleInfo.java:updateAndGet(143)) - 5c3956af-60d3-411f-8c98-c7ed3576de5c: start FollowerState
2019-10-16 21:53:47,630 [Thread-2905] INFO  impl.FollowerState (FollowerState.java:run(108)) - 5c3956af-60d3-411f-8c98-c7ed3576de5c@group-EE856C9543A1-FollowerState: change to CANDIDATE, lastRpcTime:62ms, electionTimeout:62ms
2019-10-16 21:53:47,630 [Thread-2905] INFO  impl.RoleInfo (RoleInfo.java:shutdownFollowerState(121)) - 5c3956af-60d3-411f-8c98-c7ed3576de5c: shutdown FollowerState
2019-10-16 21:53:47,630 [Thread-2905] INFO  impl.RaftServerImpl (RaftServerImpl.java:setRole(184)) - 5c3956af-60d3-411f-8c98-c7ed3576de5c@group-EE856C9543A1: changes role from  FOLLOWER to CANDIDATE at term 444 for changeToCandidate
2019-10-16 21:53:47,630 [Thread-2905] INFO  impl.RoleInfo (RoleInfo.java:updateAndGet(143)) - 5c3956af-60d3-411f-8c98-c7ed3576de5c: start LeaderElection
2019-10-16 21:53:47,643 [5c3956af-60d3-411f-8c98-c7ed3576de5c@group-EE856C9543A1-LeaderElection409] INFO  impl.LeaderElection (LeaderElection.java:askForVotes(178)) - 5c3956af-60d3-411f-8c98-c7ed3576de5c@group-EE856C9543A1-LeaderElection409: begin an election at term 445 for -1: [5c3956af-60d3-411f-8c98-c7ed3576de5c:192.168.34.38:33787, efb933de-cdd8-4d8d-88d2-4c7ffe0dec1a:192.168.34.38:42459, 9d88716d-5d6b-4fd8-b832-a110dc45ee66:192.168.34.38:38211], old=null
2019-10-16 21:53:47,645 [grpc-default-executor-5] INFO  impl.RaftServerImpl (RaftServerImpl.java:setRole(184)) - efb933de-cdd8-4d8d-88d2-4c7ffe0dec1a@group-EE856C9543A1: changes role from  FOLLOWER to FOLLOWER at term 445 for recognizeCandidate:5c3956af-60d3-411f-8c98-c7ed3576de5c
2019-10-16 21:53:47,645 [grpc-default-executor-5] INFO  impl.RoleInfo (RoleInfo.java:shutdownFollowerState(121)) - efb933de-cdd8-4d8d-88d2-4c7ffe0dec1a: shutdown FollowerState
2019-10-16 21:53:47,645 [grpc-default-executor-1] INFO  impl.RaftServerImpl (RaftServerImpl.java:setRole(184)) - 9d88716d-5d6b-4fd8-b832-a110dc45ee66@group-EE856C9543A1: changes role from  FOLLOWER to FOLLOWER at term 445 for recognizeCandidate:5c3956af-60d3-411f-8c98-c7ed3576de5c
2019-10-16 21:53:47,646 [grpc-default-executor-1] INFO  impl.RoleInfo (RoleInfo.java:shutdownFollowerState(121)) - 9d88716d-5d6b-4fd8-b832-a110dc45ee66: shutdown FollowerState
2019-10-16 21:53:47,645 [Thread-2903] INFO  impl.FollowerState (FollowerState.java:run(117)) - efb933de-cdd8-4d8d-88d2-4c7ffe0dec1a@group-EE856C9543A1-FollowerState was interrupted: java.lang.InterruptedException: sleep interrupted
2019-10-16 21:53:47,645 [grpc-default-executor-5] INFO  impl.RoleInfo (RoleInfo.java:updateAndGet(143)) - efb933de-cdd8-4d8d-88d2-4c7ffe0dec1a: start FollowerState
2019-10-16 21:53:47,646 [Thread-2904] INFO  impl.FollowerState (FollowerState.java:run(117)) - 9d88716d-5d6b-4fd8-b832-a110dc45ee66@group-EE856C9543A1-FollowerState was interrupted: java.lang.InterruptedException: sleep interrupted
2019-10-16 21:53:47,646 [grpc-default-executor-1] INFO  impl.RoleInfo (RoleInfo.java:updateAndGet(143)) - 9d88716d-5d6b-4fd8-b832-a110dc45ee66: start FollowerState
2019-10-16 21:53:47,660 [5c3956af-60d3-411f-8c98-c7ed3576de5c@group-EE856C9543A1-LeaderElection409] INFO  impl.LeaderElection (LeaderElection.java:logAndReturn(56)) - 5c3956af-60d3-411f-8c98-c7ed3576de5c@group-EE856C9543A1-LeaderElection409: Election REJECTED; received 2 response(s) [5c3956af-60d3-411f-8c98-c7ed3576de5c<-efb933de-cdd8-4d8d-88d2-4c7ffe0dec1a#0:FAIL-t445, 5c3956af-60d3-411f-8c98-c7ed3576de5c<-9d88716d-5d6b-4fd8-b832-a110dc45ee66#0:FAIL-t445] and 0 exception(s); 5c3956af-60d3-411f-8c98-c7ed3576de5c@group-EE856C9543A1:t445, leader=null, voted=5c3956af-60d3-411f-8c98-c7ed3576de5c, raftlog=5c3956af-60d3-411f-8c98-c7ed3576de5c@group-EE856C9543A1-SegmentedRaftLog:OPENED:c-1,f-1,i0, conf=-1: [5c3956af-60d3-411f-8c98-c7ed3576de5c:192.168.34.38:33787, efb933de-cdd8-4d8d-88d2-4c7ffe0dec1a:192.168.34.38:42459, 9d88716d-5d6b-4fd8-b832-a110dc45ee66:192.168.34.38:38211], old=null
2019-10-16 21:53:47,660 [5c3956af-60d3-411f-8c98-c7ed3576de5c@group-EE856C9543A1-LeaderElection409] INFO  impl.RaftServerImpl (RaftServerImpl.java:setRole(184)) - 5c3956af-60d3-411f-8c98-c7ed3576de5c@group-EE856C9543A1: changes role from CANDIDATE to FOLLOWER at term 445 for DISCOVERED_A_NEW_TERM
2019-10-16 21:53:47,660 [5c3956af-60d3-411f-8c98-c7ed3576de5c@group-EE856C9543A1-LeaderElection409] INFO  impl.RoleInfo (RoleInfo.java:shutdownLeaderElection(134)) - 5c3956af-60d3-411f-8c98-c7ed3576de5c: shutdown LeaderElection
2019-10-16 21:53:47,660 [5c3956af-60d3-411f-8c98-c7ed3576de5c@group-EE856C9543A1-LeaderElection409] INFO  impl.RoleInfo (RoleInfo.java:updateAndGet(143)) - 5c3956af-60d3-411f-8c98-c7ed3576de5c: start FollowerState
2019-10-16 21:53:47,773 [Thread-2911] INFO  impl.FollowerState (FollowerState.java:run(108)) - 5c3956af-60d3-411f-8c98-c7ed3576de5c@group-EE856C9543A1-FollowerState: change to CANDIDATE, lastRpcTime:112ms, electionTimeout:112ms
2019-10-16 21:53:47,773 [Thread-2911] INFO  impl.RoleInfo (RoleInfo.java:shutdownFollowerState(121)) - 5c3956af-60d3-411f-8c98-c7ed3576de5c: shutdown FollowerState
2019-10-16 21:53:47,773 [Thread-2911] INFO  impl.RaftServerImpl (RaftServerImpl.java:setRole(184)) - 5c3956af-60d3-411f-8c98-c7ed3576de5c@group-EE856C9543A1: changes role from  FOLLOWER to CANDIDATE at term 445 for changeToCandidate
2019-10-16 21:53:47,773 [Thread-2911] INFO  impl.RoleInfo (RoleInfo.java:updateAndGet(143)) - 5c3956af-60d3-411f-8c98-c7ed3576de5c: start LeaderElection
2019-10-16 21:53:47,786 [5c3956af-60d3-411f-8c98-c7ed3576de5c@group-EE856C9543A1-LeaderElection410] INFO  impl.LeaderElection (LeaderElection.java:askForVotes(178)) - 5c3956af-60d3-411f-8c98-c7ed3576de5c@group-EE856C9543A1-LeaderElection410: begin an election at term 446 for -1: [5c3956af-60d3-411f-8c98-c7ed3576de5c:192.168.34.38:33787, efb933de-cdd8-4d8d-88d2-4c7ffe0dec1a:192.168.34.38:42459, 9d88716d-5d6b-4fd8-b832-a110dc45ee66:192.168.34.38:38211], old=null
2019-10-16 21:53:47,788 [grpc-default-executor-5] INFO  impl.RaftServerImpl (RaftServerImpl.java:setRole(184)) - efb933de-cdd8-4d8d-88d2-4c7ffe0dec1a@group-EE856C9543A1: changes role from  FOLLOWER to FOLLOWER at term 446 for recognizeCandidate:5c3956af-60d3-411f-8c98-c7ed3576de5c
2019-10-16 21:53:47,788 [grpc-default-executor-5] INFO  impl.RoleInfo (RoleInfo.java:shutdownFollowerState(121)) - efb933de-cdd8-4d8d-88d2-4c7ffe0dec1a: shutdown FollowerState
2019-10-16 21:53:47,789 [grpc-default-executor-5] INFO  impl.RoleInfo (RoleInfo.java:updateAndGet(143)) - efb933de-cdd8-4d8d-88d2-4c7ffe0dec1a: start FollowerState
2019-10-16 21:53:47,789 [Thread-2909] INFO  impl.FollowerState (FollowerState.java:run(117)) - efb933de-cdd8-4d8d-88d2-4c7ffe0dec1a@group-EE856C9543A1-FollowerState was interrupted: java.lang.InterruptedException: sleep interrupted
2019-10-16 21:53:47,789 [grpc-default-executor-1] INFO  impl.RaftServerImpl (RaftServerImpl.java:setRole(184)) - 9d88716d-5d6b-4fd8-b832-a110dc45ee66@group-EE856C9543A1: changes role from  FOLLOWER to FOLLOWER at term 446 for recognizeCandidate:5c3956af-60d3-411f-8c98-c7ed3576de5c
2019-10-16 21:53:47,789 [grpc-default-executor-1] INFO  impl.RoleInfo (RoleInfo.java:shutdownFollowerState(121)) - 9d88716d-5d6b-4fd8-b832-a110dc45ee66: shutdown FollowerState
2019-10-16 21:53:47,789 [grpc-default-executor-1] INFO  impl.RoleInfo (RoleInfo.java:updateAndGet(143)) - 9d88716d-5d6b-4fd8-b832-a110dc45ee66: start FollowerState
2019-10-16 21:53:47,789 [Thread-2910] INFO  impl.FollowerState (FollowerState.java:run(117)) - 9d88716d-5d6b-4fd8-b832-a110dc45ee66@group-EE856C9543A1-FollowerState was interrupted: java.lang.InterruptedException: sleep interrupted
2019-10-16 21:53:47,811 [5c3956af-60d3-411f-8c98-c7ed3576de5c@group-EE856C9543A1-LeaderElection410] INFO  impl.LeaderElection (LeaderElection.java:logAndReturn(56)) - 5c3956af-60d3-411f-8c98-c7ed3576de5c@group-EE856C9543A1-LeaderElection410: Election REJECTED; received 2 response(s) [5c3956af-60d3-411f-8c98-c7ed3576de5c<-efb933de-cdd8-4d8d-88d2-4c7ffe0dec1a#0:FAIL-t446, 5c3956af-60d3-411f-8c98-c7ed3576de5c<-9d88716d-5d6b-4fd8-b832-a110dc45ee66#0:FAIL-t446] and 0 exception(s); 5c3956af-60d3-411f-8c98-c7ed3576de5c@group-EE856C9543A1:t446, leader=null, voted=5c3956af-60d3-411f-8c98-c7ed3576de5c, raftlog=5c3956af-60d3-411f-8c98-c7ed3576de5c@group-EE856C9543A1-SegmentedRaftLog:OPENED:c-1,f-1,i0, conf=-1: [5c3956af-60d3-411f-8c98-c7ed3576de5c:192.168.34.38:33787, efb933de-cdd8-4d8d-88d2-4c7ffe0dec1a:192.168.34.38:42459, 9d88716d-5d6b-4fd8-b832-a110dc45ee66:192.168.34.38:38211], old=null
2019-10-16 21:53:47,811 [5c3956af-60d3-411f-8c98-c7ed3576de5c@group-EE856C9543A1-LeaderElection410] INFO  impl.RaftServerImpl (RaftServerImpl.java:setRole(184)) - 5c3956af-60d3-411f-8c98-c7ed3576de5c@group-EE856C9543A1: changes role from CANDIDATE to FOLLOWER at term 446 for DISCOVERED_A_NEW_TERM
2019-10-16 21:53:47,811 [5c3956af-60d3-411f-8c98-c7ed3576de5c@group-EE856C9543A1-LeaderElection410] INFO  impl.RoleInfo (RoleInfo.java:shutdownLeaderElection(134)) - 5c3956af-60d3-411f-8c98-c7ed3576de5c: shutdown LeaderElection
2019-10-16 21:53:47,811 [5c3956af-60d3-411f-8c98-c7ed3576de5c@group-EE856C9543A1-LeaderElection410] INFO  impl.RoleInfo (RoleInfo.java:updateAndGet(143)) - 5c3956af-60d3-411f-8c98-c7ed3576de5c: start FollowerState
2019-10-16 21:53:47,859 [Thread-2917] INFO  impl.FollowerState (FollowerState.java:run(108)) - 5c3956af-60d3-411f-8c98-c7ed3576de5c@group-EE856C9543A1-FollowerState: change to CANDIDATE, lastRpcTime:47ms, electionTimeout:47ms
2019-10-16 21:53:47,859 [Thread-2917] INFO  impl.RoleInfo (RoleInfo.java:shutdownFollowerState(121)) - 5c3956af-60d3-411f-8c98-c7ed3576de5c: shutdown FollowerState
2019-10-16 21:53:47,859 [Thread-2917] INFO  impl.RaftServerImpl (RaftServerImpl.java:setRole(184)) - 5c3956af-60d3-411f-8c98-c7ed3576de5c@group-EE856C9543A1: changes role from  FOLLOWER to CANDIDATE at term 446 for changeToCandidate
2019-10-16 21:53:47,859 [Thread-2917] INFO  impl.RoleInfo (RoleInfo.java:updateAndGet(143)) - 5c3956af-60d3-411f-8c98-c7ed3576de5c: start LeaderElection
2019-10-16 21:53:47,873 [5c3956af-60d3-411f-8c98-c7ed3576de5c@group-EE856C9543A1-LeaderElection411] INFO  impl.LeaderElection (LeaderElection.java:askForVotes(178)) - 5c3956af-60d3-411f-8c98-c7ed3576de5c@group-EE856C9543A1-LeaderElection411: begin an election at term 447 for -1: [5c3956af-60d3-411f-8c98-c7ed3576de5c:192.168.34.38:33787, efb933de-cdd8-4d8d-88d2-4c7ffe0dec1a:192.168.34.38:42459, 9d88716d-5d6b-4fd8-b832-a110dc45ee66:192.168.34.38:38211], old=null
2019-10-16 21:53:47,875 [grpc-default-executor-1] INFO  impl.RaftServerImpl (RaftServerImpl.java:setRole(184)) - efb933de-cdd8-4d8d-88d2-4c7ffe0dec1a@group-EE856C9543A1: changes role from  FOLLOWER to FOLLOWER at term 447 for recognizeCandidate:5c3956af-60d3-411f-8c98-c7ed3576de5c
2019-10-16 21:53:47,875 [grpc-default-executor-5] INFO  impl.RaftServerImpl (RaftServerImpl.java:setRole(184)) - 9d88716d-5d6b-4fd8-b832-a110dc45ee66@group-EE856C9543A1: changes role from  FOLLOWER to FOLLOWER at term 447 for recognizeCandidate:5c3956af-60d3-411f-8c98-c7ed3576de5c
2019-10-16 21:53:47,875 [grpc-default-executor-5] INFO  impl.RoleInfo (RoleInfo.java:shutdownFollowerState(121)) - 9d88716d-5d6b-4fd8-b832-a110dc45ee66: shutdown FollowerState
2019-10-16 21:53:47,875 [grpc-default-executor-1] INFO  impl.RoleInfo (RoleInfo.java:shutdownFollowerState(121)) - efb933de-cdd8-4d8d-88d2-4c7ffe0dec1a: shutdown FollowerState
2019-10-16 21:53:47,875 [Thread-2916] INFO  impl.FollowerState (FollowerState.java:run(117)) - 9d88716d-5d6b-4fd8-b832-a110dc45ee66@group-EE856C9543A1-FollowerState was interrupted: java.lang.InterruptedException: sleep interrupted
2019-10-16 21:53:47,875 [grpc-default-executor-5] INFO  impl.RoleInfo (RoleInfo.java:updateAndGet(143)) - 9d88716d-5d6b-4fd8-b832-a110dc45ee66: start FollowerState
2019-10-16 21:53:47,875 [Thread-2915] INFO  impl.FollowerState (FollowerState.java:run(117)) - efb933de-cdd8-4d8d-88d2-4c7ffe0dec1a@group-EE856C9543A1-FollowerState was interrupted: java.lang.InterruptedException: sleep interrupted
2019-10-16 21:53:47,875 [grpc-default-executor-1] INFO  impl.RoleInfo (RoleInfo.java:updateAndGet(143)) - efb933de-cdd8-4d8d-88d2-4c7ffe0dec1a: start FollowerState
2019-10-16 21:53:47,890 [5c3956af-60d3-411f-8c98-c7ed3576de5c@group-EE856C9543A1-LeaderElection411] INFO  impl.LeaderElection (LeaderElection.java:logAndReturn(56)) - 5c3956af-60d3-411f-8c98-c7ed3576de5c@group-EE856C9543A1-LeaderElection411: Election REJECTED; received 2 response(s) [5c3956af-60d3-411f-8c98-c7ed3576de5c<-efb933de-cdd8-4d8d-88d2-4c7ffe0dec1a#0:FAIL-t447, 5c3956af-60d3-411f-8c98-c7ed3576de5c<-9d88716d-5d6b-4fd8-b832-a110dc45ee66#0:FAIL-t447] and 0 exception(s); 5c3956af-60d3-411f-8c98-c7ed3576de5c@group-EE856C9543A1:t447, leader=null, voted=5c3956af-60d3-411f-8c98-c7ed3576de5c, raftlog=5c3956af-60d3-411f-8c98-c7ed3576de5c@group-EE856C9543A1-SegmentedRaftLog:OPENED:c-1,f-1,i0, conf=-1: [5c3956af-60d3-411f-8c98-c7ed3576de5c:192.168.34.38:33787, efb933de-cdd8-4d8d-88d2-4c7ffe0dec1a:192.168.34.38:42459, 9d88716d-5d6b-4fd8-b832-a110dc45ee66:192.168.34.38:38211], old=null
2019-10-16 21:53:47,890 [5c3956af-60d3-411f-8c98-c7ed3576de5c@group-EE856C9543A1-LeaderElection411] INFO  impl.RaftServerImpl (RaftServerImpl.java:setRole(184)) - 5c3956af-60d3-411f-8c98-c7ed3576de5c@group-EE856C9543A1: changes role from CANDIDATE to FOLLOWER at term 447 for DISCOVERED_A_NEW_TERM
2019-10-16 21:53:47,890 [5c3956af-60d3-411f-8c98-c7ed3576de5c@group-EE856C9543A1-LeaderElection411] INFO  impl.RoleInfo (RoleInfo.java:shutdownLeaderElection(134)) - 5c3956af-60d3-411f-8c98-c7ed3576de5c: shutdown LeaderElection
2019-10-16 21:53:47,890 [5c3956af-60d3-411f-8c98-c7ed3576de5c@group-EE856C9543A1-LeaderElection411] INFO  impl.RoleInfo (RoleInfo.java:updateAndGet(143)) - 5c3956af-60d3-411f-8c98-c7ed3576de5c: start FollowerState
2019-10-16 21:53:48,043 [Thread-2923] INFO  impl.FollowerState (FollowerState.java:run(108)) - 5c3956af-60d3-411f-8c98-c7ed3576de5c@group-EE856C9543A1-FollowerState: change to CANDIDATE, lastRpcTime:152ms, electionTimeout:152ms
2019-10-16 21:53:48,043 [Thread-2923] INFO  impl.RoleInfo (RoleInfo.java:shutdownFollowerState(121)) - 5c3956af-60d3-411f-8c98-c7ed3576de5c: shutdown FollowerState
2019-10-16 21:53:48,043 [Thread-2923] INFO  impl.RaftServerImpl (RaftServerImpl.java:setRole(184)) - 5c3956af-60d3-411f-8c98-c7ed3576de5c@group-EE856C9543A1: changes role from  FOLLOWER to CANDIDATE at term 447 for changeToCandidate
2019-10-16 21:53:48,043 [Thread-2923] INFO  impl.RoleInfo (RoleInfo.java:updateAndGet(143)) - 5c3956af-60d3-411f-8c98-c7ed3576de5c: start LeaderElection
2019-10-16 21:53:48,057 [5c3956af-60d3-411f-8c98-c7ed3576de5c@group-EE856C9543A1-LeaderElection412] INFO  impl.LeaderElection (LeaderElection.java:askForVotes(178)) - 5c3956af-60d3-411f-8c98-c7ed3576de5c@group-EE856C9543A1-LeaderElection412: begin an election at term 448 for -1: [5c3956af-60d3-411f-8c98-c7ed3576de5c:192.168.34.38:33787, efb933de-cdd8-4d8d-88d2-4c7ffe0dec1a:192.168.34.38:42459, 9d88716d-5d6b-4fd8-b832-a110dc45ee66:192.168.34.38:38211], old=null
2019-10-16 21:53:48,059 [grpc-default-executor-5] INFO  impl.RaftServerImpl (RaftServerImpl.java:setRole(184)) - 9d88716d-5d6b-4fd8-b832-a110dc45ee66@group-EE856C9543A1: changes role from  FOLLOWER to FOLLOWER at term 448 for recognizeCandidate:5c3956af-60d3-411f-8c98-c7ed3576de5c
2019-10-16 21:53:48,059 [grpc-default-executor-5] INFO  impl.RoleInfo (RoleInfo.java:shutdownFollowerState(121)) - 9d88716d-5d6b-4fd8-b832-a110dc45ee66: shutdown FollowerState
2019-10-16 21:53:48,059 [grpc-default-executor-5] INFO  impl.RoleInfo (RoleInfo.java:updateAndGet(143)) - 9d88716d-5d6b-4fd8-b832-a110dc45ee66: start FollowerState
2019-10-16 21:53:48,059 [grpc-default-executor-1] INFO  impl.RaftServerImpl (RaftServerImpl.java:setRole(184)) - efb933de-cdd8-4d8d-88d2-4c7ffe0dec1a@group-EE856C9543A1: changes role from  FOLLOWER to FOLLOWER at term 448 for recognizeCandidate:5c3956af-60d3-411f-8c98-c7ed3576de5c
2019-10-16 21:53:48,059 [grpc-default-executor-1] INFO  impl.RoleInfo (RoleInfo.java:shutdownFollowerState(121)) - efb933de-cdd8-4d8d-88d2-4c7ffe0dec1a: shutdown FollowerState
2019-10-16 21:53:48,059 [Thread-2921] INFO  impl.FollowerState (FollowerState.java:run(117)) - 9d88716d-5d6b-4fd8-b832-a110dc45ee66@group-EE856C9543A1-FollowerState was interrupted: java.lang.InterruptedException: sleep interrupted
2019-10-16 21:53:48,060 [grpc-default-executor-1] INFO  impl.RoleInfo (RoleInfo.java:updateAndGet(143)) - efb933de-cdd8-4d8d-88d2-4c7ffe0dec1a: start FollowerState
2019-10-16 21:53:48,060 [Thread-2922] INFO  impl.FollowerState (FollowerState.java:run(117)) - efb933de-cdd8-4d8d-88d2-4c7ffe0dec1a@group-EE856C9543A1-FollowerState was interrupted: java.lang.InterruptedException: sleep interrupted
2019-10-16 21:53:48,074 [5c3956af-60d3-411f-8c98-c7ed3576de5c@group-EE856C9543A1-LeaderElection412] INFO  impl.LeaderElection (LeaderElection.java:logAndReturn(56)) - 5c3956af-60d3-411f-8c98-c7ed3576de5c@group-EE856C9543A1-LeaderElection412: Election REJECTED; received 2 response(s) [5c3956af-60d3-411f-8c98-c7ed3576de5c<-efb933de-cdd8-4d8d-88d2-4c7ffe0dec1a#0:FAIL-t448, 5c3956af-60d3-411f-8c98-c7ed3576de5c<-9d88716d-5d6b-4fd8-b832-a110dc45ee66#0:FAIL-t448] and 0 exception(s); 5c3956af-60d3-411f-8c98-c7ed3576de5c@group-EE856C9543A1:t448, leader=null, voted=5c3956af-60d3-411f-8c98-c7ed3576de5c, raftlog=5c3956af-60d3-411f-8c98-c7ed3576de5c@group-EE856C9543A1-SegmentedRaftLog:OPENED:c-1,f-1,i0, conf=-1: [5c3956af-60d3-411f-8c98-c7ed3576de5c:192.168.34.38:33787, efb933de-cdd8-4d8d-88d2-4c7ffe0dec1a:192.168.34.38:42459, 9d88716d-5d6b-4fd8-b832-a110dc45ee66:192.168.34.38:38211], old=null
2019-10-16 21:53:48,074 [5c3956af-60d3-411f-8c98-c7ed3576de5c@group-EE856C9543A1-LeaderElection412] INFO  impl.RaftServerImpl (RaftServerImpl.java:setRole(184)) - 5c3956af-60d3-411f-8c98-c7ed3576de5c@group-EE856C9543A1: changes role from CANDIDATE to FOLLOWER at term 448 for DISCOVERED_A_NEW_TERM
2019-10-16 21:53:48,074 [5c3956af-60d3-411f-8c98-c7ed3576de5c@group-EE856C9543A1-LeaderElection412] INFO  impl.RoleInfo (RoleInfo.java:shutdownLeaderElection(134)) - 5c3956af-60d3-411f-8c98-c7ed3576de5c: shutdown LeaderElection
2019-10-16 21:53:48,075 [5c3956af-60d3-411f-8c98-c7ed3576de5c@group-EE856C9543A1-LeaderElection412] INFO  impl.RoleInfo (RoleInfo.java:updateAndGet(143)) - 5c3956af-60d3-411f-8c98-c7ed3576de5c: start FollowerState
2019-10-16 21:53:48,222 [Thread-2929] INFO  impl.FollowerState (FollowerState.java:run(108)) - 5c3956af-60d3-411f-8c98-c7ed3576de5c@group-EE856C9543A1-FollowerState: change to CANDIDATE, lastRpcTime:147ms, electionTimeout:147ms
2019-10-16 21:53:48,222 [Thread-2929] INFO  impl.RoleInfo (RoleInfo.java:shutdownFollowerState(121)) - 5c3956af-60d3-411f-8c98-c7ed3576de5c: shutdown FollowerState
2019-10-16 21:53:48,222 [Thread-2929] INFO  impl.RaftServerImpl (RaftServerImpl.java:setRole(184)) - 5c3956af-60d3-411f-8c98-c7ed3576de5c@group-EE856C9543A1: changes role from  FOLLOWER to CANDIDATE at term 448 for changeToCandidate
2019-10-16 21:53:48,222 [Thread-2929] INFO  impl.RoleInfo (RoleInfo.java:updateAndGet(143)) - 5c3956af-60d3-411f-8c98-c7ed3576de5c: start LeaderElection
2019-10-16 21:53:48,236 [5c3956af-60d3-411f-8c98-c7ed3576de5c@group-EE856C9543A1-LeaderElection413] INFO  impl.LeaderElection (LeaderElection.java:askForVotes(178)) - 5c3956af-60d3-411f-8c98-c7ed3576de5c@group-EE856C9543A1-LeaderElection413: begin an election at term 449 for -1: [5c3956af-60d3-411f-8c98-c7ed3576de5c:192.168.34.38:33787, efb933de-cdd8-4d8d-88d2-4c7ffe0dec1a:192.168.34.38:42459, 9d88716d-5d6b-4fd8-b832-a110dc45ee66:192.168.34.38:38211], old=null
2019-10-16 21:53:48,238 [grpc-default-executor-5] INFO  impl.RaftServerImpl (RaftServerImpl.java:setRole(184)) - efb933de-cdd8-4d8d-88d2-4c7ffe0dec1a@group-EE856C9543A1: changes role from  FOLLOWER to FOLLOWER at term 449 for recognizeCandidate:5c3956af-60d3-411f-8c98-c7ed3576de5c
2019-10-16 21:53:48,239 [grpc-default-executor-5] INFO  impl.RoleInfo (RoleInfo.java:shutdownFollowerState(121)) - efb933de-cdd8-4d8d-88d2-4c7ffe0dec1a: shutdown FollowerState
2019-10-16 21:53:48,238 [grpc-default-executor-1] INFO  impl.RaftServerImpl (RaftServerImpl.java:setRole(184)) - 9d88716d-5d6b-4fd8-b832-a110dc45ee66@group-EE856C9543A1: changes role from  FOLLOWER to FOLLOWER at term 449 for recognizeCandidate:5c3956af-60d3-411f-8c98-c7ed3576de5c
2019-10-16 21:53:48,239 [Thread-2928] INFO  impl.FollowerState (FollowerState.java:run(117)) - efb933de-cdd8-4d8d-88d2-4c7ffe0dec1a@group-EE856C9543A1-FollowerState was interrupted: java.lang.InterruptedException: sleep interrupted
2019-10-16 21:53:48,239 [grpc-default-executor-5] INFO  impl.RoleInfo (RoleInfo.java:updateAndGet(143)) - efb933de-cdd8-4d8d-88d2-4c7ffe0dec1a: start FollowerState
2019-10-16 21:53:48,239 [grpc-default-executor-1] INFO  impl.RoleInfo (RoleInfo.java:shutdownFollowerState(121)) - 9d88716d-5d6b-4fd8-b832-a110dc45ee66: shutdown FollowerState
2019-10-16 21:53:48,239 [grpc-default-executor-1] INFO  impl.RoleInfo (RoleInfo.java:updateAndGet(143)) - 9d88716d-5d6b-4fd8-b832-a110dc45ee66: start FollowerState
2019-10-16 21:53:48,239 [Thread-2927] INFO  impl.FollowerState (FollowerState.java:run(117)) - 9d88716d-5d6b-4fd8-b832-a110dc45ee66@group-EE856C9543A1-FollowerState was interrupted: java.lang.InterruptedException: sleep interrupted
2019-10-16 21:53:48,254 [5c3956af-60d3-411f-8c98-c7ed3576de5c@group-EE856C9543A1-LeaderElection413] INFO  impl.LeaderElection (LeaderElection.java:logAndReturn(56)) - 5c3956af-60d3-411f-8c98-c7ed3576de5c@group-EE856C9543A1-LeaderElection413: Election REJECTED; received 2 response(s) [5c3956af-60d3-411f-8c98-c7ed3576de5c<-efb933de-cdd8-4d8d-88d2-4c7ffe0dec1a#0:FAIL-t449, 5c3956af-60d3-411f-8c98-c7ed3576de5c<-9d88716d-5d6b-4fd8-b832-a110dc45ee66#0:FAIL-t449] and 0 exception(s); 5c3956af-60d3-411f-8c98-c7ed3576de5c@group-EE856C9543A1:t449, leader=null, voted=5c3956af-60d3-411f-8c98-c7ed3576de5c, raftlog=5c3956af-60d3-411f-8c98-c7ed3576de5c@group-EE856C9543A1-SegmentedRaftLog:OPENED:c-1,f-1,i0, conf=-1: [5c3956af-60d3-411f-8c98-c7ed3576de5c:192.168.34.38:33787, efb933de-cdd8-4d8d-88d2-4c7ffe0dec1a:192.168.34.38:42459, 9d88716d-5d6b-4fd8-b832-a110dc45ee66:192.168.34.38:38211], old=null
2019-10-16 21:53:48,254 [5c3956af-60d3-411f-8c98-c7ed3576de5c@group-EE856C9543A1-LeaderElection413] INFO  impl.RaftServerImpl (RaftServerImpl.java:setRole(184)) - 5c3956af-60d3-411f-8c98-c7ed3576de5c@group-EE856C9543A1: changes role from CANDIDATE to FOLLOWER at term 449 for DISCOVERED_A_NEW_TERM
2019-10-16 21:53:48,254 [5c3956af-60d3-411f-8c98-c7ed3576de5c@group-EE856C9543A1-LeaderElection413] INFO  impl.RoleInfo (RoleInfo.java:shutdownLeaderElection(134)) - 5c3956af-60d3-411f-8c98-c7ed3576de5c: shutdown LeaderElection
2019-10-16 21:53:48,254 [5c3956af-60d3-411f-8c98-c7ed3576de5c@group-EE856C9543A1-LeaderElection413] INFO  impl.RoleInfo (RoleInfo.java:updateAndGet(143)) - 5c3956af-60d3-411f-8c98-c7ed3576de5c: start FollowerState
2019-10-16 21:53:48,314 [Thread-2935] INFO  impl.FollowerState (FollowerState.java:run(108)) - 5c3956af-60d3-411f-8c98-c7ed3576de5c@group-EE856C9543A1-FollowerState: change to CANDIDATE, lastRpcTime:60ms, electionTimeout:60ms
2019-10-16 21:53:48,315 [Thread-2935] INFO  impl.RoleInfo (RoleInfo.java:shutdownFollowerState(121)) - 5c3956af-60d3-411f-8c98-c7ed3576de5c: shutdown FollowerState
2019-10-16 21:53:48,315 [Thread-2935] INFO  impl.RaftServerImpl (RaftServerImpl.java:setRole(184)) - 5c3956af-60d3-411f-8c98-c7ed3576de5c@group-EE856C9543A1: changes role from  FOLLOWER to CANDIDATE at term 449 for changeToCandidate
2019-10-16 21:53:48,315 [Thread-2935] INFO  impl.RoleInfo (RoleInfo.java:updateAndGet(143)) - 5c3956af-60d3-411f-8c98-c7ed3576de5c: start LeaderElection
2019-10-16 21:53:48,328 [5c3956af-60d3-411f-8c98-c7ed3576de5c@group-EE856C9543A1-LeaderElection414] INFO  impl.LeaderElection (LeaderElection.java:askForVotes(178)) - 5c3956af-60d3-411f-8c98-c7ed3576de5c@group-EE856C9543A1-LeaderElection414: begin an election at term 450 for -1: [5c3956af-60d3-411f-8c98-c7ed3576de5c:192.168.34.38:33787, efb933de-cdd8-4d8d-88d2-4c7ffe0dec1a:192.168.34.38:42459, 9d88716d-5d6b-4fd8-b832-a110dc45ee66:192.168.34.38:38211], old=null
2019-10-16 21:53:48,330 [grpc-default-executor-5] INFO  impl.RaftServerImpl (RaftServerImpl.java:setRole(184)) - efb933de-cdd8-4d8d-88d2-4c7ffe0dec1a@group-EE856C9543A1: changes role from  FOLLOWER to FOLLOWER at term 450 for recognizeCandidate:5c3956af-60d3-411f-8c98-c7ed3576de5c
2019-10-16 21:53:48,330 [grpc-default-executor-5] INFO  impl.RoleInfo (RoleInfo.java:shutdownFollowerState(121)) - efb933de-cdd8-4d8d-88d2-4c7ffe0dec1a: shutdown FollowerState
2019-10-16 21:53:48,330 [grpc-default-executor-1] INFO  impl.RaftServerImpl (RaftServerImpl.java:setRole(184)) - 9d88716d-5d6b-4fd8-b832-a110dc45ee66@group-EE856C9543A1: changes role from  FOLLOWER to FOLLOWER at term 450 for recognizeCandidate:5c3956af-60d3-411f-8c98-c7ed3576de5c
2019-10-16 21:53:48,330 [Thread-2933] INFO  impl.FollowerState (FollowerState.java:run(117)) - efb933de-cdd8-4d8d-88d2-4c7ffe0dec1a@group-EE856C9543A1-FollowerState was interrupted: java.lang.InterruptedException: sleep interrupted
2019-10-16 21:53:48,330 [grpc-default-executor-5] INFO  impl.RoleInfo (RoleInfo.java:updateAndGet(143)) - efb933de-cdd8-4d8d-88d2-4c7ffe0dec1a: start FollowerState
2019-10-16 21:53:48,331 [grpc-default-executor-1] INFO  impl.RoleInfo (RoleInfo.java:shutdownFollowerState(121)) - 9d88716d-5d6b-4fd8-b832-a110dc45ee66: shutdown FollowerState
2019-10-16 21:53:48,331 [grpc-default-executor-1] INFO  impl.RoleInfo (RoleInfo.java:updateAndGet(143)) - 9d88716d-5d6b-4fd8-b832-a110dc45ee66: start FollowerState
2019-10-16 21:53:48,331 [Thread-2934] INFO  impl.FollowerState (FollowerState.java:run(117)) - 9d88716d-5d6b-4fd8-b832-a110dc45ee66@group-EE856C9543A1-FollowerState was interrupted: java.lang.InterruptedException: sleep interrupted
2019-10-16 21:53:48,351 [5c3956af-60d3-411f-8c98-c7ed3576de5c@group-EE856C9543A1-LeaderElection414] INFO  impl.LeaderElection (LeaderElection.java:logAndReturn(56)) - 5c3956af-60d3-411f-8c98-c7ed3576de5c@group-EE856C9543A1-LeaderElection414: Election REJECTED; received 2 response(s) [5c3956af-60d3-411f-8c98-c7ed3576de5c<-efb933de-cdd8-4d8d-88d2-4c7ffe0dec1a#0:FAIL-t450, 5c3956af-60d3-411f-8c98-c7ed3576de5c<-9d88716d-5d6b-4fd8-b832-a110dc45ee66#0:FAIL-t450] and 0 exception(s); 5c3956af-60d3-411f-8c98-c7ed3576de5c@group-EE856C9543A1:t450, leader=null, voted=5c3956af-60d3-411f-8c98-c7ed3576de5c, raftlog=5c3956af-60d3-411f-8c98-c7ed3576de5c@group-EE856C9543A1-SegmentedRaftLog:OPENED:c-1,f-1,i0, conf=-1: [5c3956af-60d3-411f-8c98-c7ed3576de5c:192.168.34.38:33787, efb933de-cdd8-4d8d-88d2-4c7ffe0dec1a:192.168.34.38:42459, 9d88716d-5d6b-4fd8-b832-a110dc45ee66:192.168.34.38:38211], old=null
2019-10-16 21:53:48,351 [5c3956af-60d3-411f-8c98-c7ed3576de5c@group-EE856C9543A1-LeaderElection414] INFO  impl.RaftServerImpl (RaftServerImpl.java:setRole(184)) - 5c3956af-60d3-411f-8c98-c7ed3576de5c@group-EE856C9543A1: changes role from CANDIDATE to FOLLOWER at term 450 for DISCOVERED_A_NEW_TERM
2019-10-16 21:53:48,351 [5c3956af-60d3-411f-8c98-c7ed3576de5c@group-EE856C9543A1-LeaderElection414] INFO  impl.RoleInfo (RoleInfo.java:shutdownLeaderElection(134)) - 5c3956af-60d3-411f-8c98-c7ed3576de5c: shutdown LeaderElection
2019-10-16 21:53:48,351 [5c3956af-60d3-411f-8c98-c7ed3576de5c@group-EE856C9543A1-LeaderElection414] INFO  impl.RoleInfo (RoleInfo.java:updateAndGet(143)) - 5c3956af-60d3-411f-8c98-c7ed3576de5c: start FollowerState
2019-10-16 21:53:48,485 [Thread-2941] INFO  impl.FollowerState (FollowerState.java:run(108)) - 5c3956af-60d3-411f-8c98-c7ed3576de5c@group-EE856C9543A1-FollowerState: change to CANDIDATE, lastRpcTime:133ms, electionTimeout:133ms
2019-10-16 21:53:48,485 [Thread-2941] INFO  impl.RoleInfo (RoleInfo.java:shutdownFollowerState(121)) - 5c3956af-60d3-411f-8c98-c7ed3576de5c: shutdown FollowerState
2019-10-16 21:53:48,485 [Thread-2941] INFO  impl.RaftServerImpl (RaftServerImpl.java:setRole(184)) - 5c3956af-60d3-411f-8c98-c7ed3576de5c@group-EE856C9543A1: changes role from  FOLLOWER to CANDIDATE at term 450 for changeToCandidate
2019-10-16 21:53:48,485 [Thread-2941] INFO  impl.RoleInfo (RoleInfo.java:updateAndGet(143)) - 5c3956af-60d3-411f-8c98-c7ed3576de5c: start LeaderElection
2019-10-16 21:53:48,499 [5c3956af-60d3-411f-8c98-c7ed3576de5c@group-EE856C9543A1-LeaderElection415] INFO  impl.LeaderElection (LeaderElection.java:askForVotes(178)) - 5c3956af-60d3-411f-8c98-c7ed3576de5c@group-EE856C9543A1-LeaderElection415: begin an election at term 451 for -1: [5c3956af-60d3-411f-8c98-c7ed3576de5c:192.168.34.38:33787, efb933de-cdd8-4d8d-88d2-4c7ffe0dec1a:192.168.34.38:42459, 9d88716d-5d6b-4fd8-b832-a110dc45ee66:192.168.34.38:38211], old=null
2019-10-16 21:53:48,501 [grpc-default-executor-1] INFO  impl.RaftServerImpl (RaftServerImpl.java:setRole(184)) - efb933de-cdd8-4d8d-88d2-4c7ffe0dec1a@group-EE856C9543A1: changes role from  FOLLOWER to FOLLOWER at term 451 for recognizeCandidate:5c3956af-60d3-411f-8c98-c7ed3576de5c
2019-10-16 21:53:48,502 [grpc-default-executor-1] INFO  impl.RoleInfo (RoleInfo.java:shutdownFollowerState(121)) - efb933de-cdd8-4d8d-88d2-4c7ffe0dec1a: shutdown FollowerState
2019-10-16 21:53:48,502 [grpc-default-executor-5] INFO  impl.RaftServerImpl (RaftServerImpl.java:setRole(184)) - 9d88716d-5d6b-4fd8-b832-a110dc45ee66@group-EE856C9543A1: changes role from  FOLLOWER to FOLLOWER at term 451 for recognizeCandidate:5c3956af-60d3-411f-8c98-c7ed3576de5c
2019-10-16 21:53:48,502 [Thread-2939] INFO  impl.FollowerState (FollowerState.java:run(117)) - efb933de-cdd8-4d8d-88d2-4c7ffe0dec1a@group-EE856C9543A1-FollowerState was interrupted: java.lang.InterruptedException: sleep interrupted
2019-10-16 21:53:48,502 [grpc-default-executor-1] INFO  impl.RoleInfo (RoleInfo.java:updateAndGet(143)) - efb933de-cdd8-4d8d-88d2-4c7ffe0dec1a: start FollowerState
2019-10-16 21:53:48,502 [grpc-default-executor-5] INFO  impl.RoleInfo (RoleInfo.java:shutdownFollowerState(121)) - 9d88716d-5d6b-4fd8-b832-a110dc45ee66: shutdown FollowerState
2019-10-16 21:53:48,502 [grpc-default-executor-5] INFO  impl.RoleInfo (RoleInfo.java:updateAndGet(143)) - 9d88716d-5d6b-4fd8-b832-a110dc45ee66: start FollowerState
2019-10-16 21:53:48,502 [Thread-2940] INFO  impl.FollowerState (FollowerState.java:run(117)) - 9d88716d-5d6b-4fd8-b832-a110dc45ee66@group-EE856C9543A1-FollowerState was interrupted: java.lang.InterruptedException: sleep interrupted
2019-10-16 21:53:48,516 [5c3956af-60d3-411f-8c98-c7ed3576de5c@group-EE856C9543A1-LeaderElection415] INFO  impl.LeaderElection (LeaderElection.java:logAndReturn(56)) - 5c3956af-60d3-411f-8c98-c7ed3576de5c@group-EE856C9543A1-LeaderElection415: Election REJECTED; received 2 response(s) [5c3956af-60d3-411f-8c98-c7ed3576de5c<-efb933de-cdd8-4d8d-88d2-4c7ffe0dec1a#0:FAIL-t451, 5c3956af-60d3-411f-8c98-c7ed3576de5c<-9d88716d-5d6b-4fd8-b832-a110dc45ee66#0:FAIL-t451] and 0 exception(s); 5c3956af-60d3-411f-8c98-c7ed3576de5c@group-EE856C9543A1:t451, leader=null, voted=5c3956af-60d3-411f-8c98-c7ed3576de5c, raftlog=5c3956af-60d3-411f-8c98-c7ed3576de5c@group-EE856C9543A1-SegmentedRaftLog:OPENED:c-1,f-1,i0, conf=-1: [5c3956af-60d3-411f-8c98-c7ed3576de5c:192.168.34.38:33787, efb933de-cdd8-4d8d-88d2-4c7ffe0dec1a:192.168.34.38:42459, 9d88716d-5d6b-4fd8-b832-a110dc45ee66:192.168.34.38:38211], old=null
2019-10-16 21:53:48,516 [5c3956af-60d3-411f-8c98-c7ed3576de5c@group-EE856C9543A1-LeaderElection415] INFO  impl.RaftServerImpl (RaftServerImpl.java:setRole(184)) - 5c3956af-60d3-411f-8c98-c7ed3576de5c@group-EE856C9543A1: changes role from CANDIDATE to FOLLOWER at term 451 for DISCOVERED_A_NEW_TERM
2019-10-16 21:53:48,517 [5c3956af-60d3-411f-8c98-c7ed3576de5c@group-EE856C9543A1-LeaderElection415] INFO  impl.RoleInfo (RoleInfo.java:shutdownLeaderElection(134)) - 5c3956af-60d3-411f-8c98-c7ed3576de5c: shutdown LeaderElection
2019-10-16 21:53:48,517 [5c3956af-60d3-411f-8c98-c7ed3576de5c@group-EE856C9543A1-LeaderElection415] INFO  impl.RoleInfo (RoleInfo.java:updateAndGet(143)) - 5c3956af-60d3-411f-8c98-c7ed3576de5c: start FollowerState
2019-10-16 21:53:48,647 [Thread-2947] INFO  impl.FollowerState (FollowerState.java:run(108)) - 5c3956af-60d3-411f-8c98-c7ed3576de5c@group-EE856C9543A1-FollowerState: change to CANDIDATE, lastRpcTime:130ms, electionTimeout:130ms
2019-10-16 21:53:48,647 [Thread-2947] INFO  impl.RoleInfo (RoleInfo.java:shutdownFollowerState(121)) - 5c3956af-60d3-411f-8c98-c7ed3576de5c: shutdown FollowerState
2019-10-16 21:53:48,647 [Thread-2947] INFO  impl.RaftServerImpl (RaftServerImpl.java:setRole(184)) - 5c3956af-60d3-411f-8c98-c7ed3576de5c@group-EE856C9543A1: changes role from  FOLLOWER to CANDIDATE at term 451 for changeToCandidate
2019-10-16 21:53:48,647 [Thread-2947] INFO  impl.RoleInfo (RoleInfo.java:updateAndGet(143)) - 5c3956af-60d3-411f-8c98-c7ed3576de5c: start LeaderElection
2019-10-16 21:53:48,669 [5c3956af-60d3-411f-8c98-c7ed3576de5c@group-EE856C9543A1-LeaderElection416] INFO  impl.LeaderElection (LeaderElection.java:askForVotes(178)) - 5c3956af-60d3-411f-8c98-c7ed3576de5c@group-EE856C9543A1-LeaderElection416: begin an election at term 452 for -1: [5c3956af-60d3-411f-8c98-c7ed3576de5c:192.168.34.38:33787, efb933de-cdd8-4d8d-88d2-4c7ffe0dec1a:192.168.34.38:42459, 9d88716d-5d6b-4fd8-b832-a110dc45ee66:192.168.34.38:38211], old=null
2019-10-16 21:53:48,671 [grpc-default-executor-1] INFO  impl.RaftServerImpl (RaftServerImpl.java:setRole(184)) - efb933de-cdd8-4d8d-88d2-4c7ffe0dec1a@group-EE856C9543A1: changes role from  FOLLOWER to FOLLOWER at term 452 for recognizeCandidate:5c3956af-60d3-411f-8c98-c7ed3576de5c
2019-10-16 21:53:48,671 [grpc-default-executor-1] INFO  impl.RoleInfo (RoleInfo.java:shutdownFollowerState(121)) - efb933de-cdd8-4d8d-88d2-4c7ffe0dec1a: shutdown FollowerState
2019-10-16 21:53:48,671 [grpc-default-executor-1] INFO  impl.RoleInfo (RoleInfo.java:updateAndGet(143)) - efb933de-cdd8-4d8d-88d2-4c7ffe0dec1a: start FollowerState
2019-10-16 21:53:48,671 [Thread-2945] INFO  impl.FollowerState (FollowerState.java:run(117)) - efb933de-cdd8-4d8d-88d2-4c7ffe0dec1a@group-EE856C9543A1-FollowerState was interrupted: java.lang.InterruptedException: sleep interrupted
2019-10-16 21:53:48,671 [grpc-default-executor-5] INFO  impl.RaftServerImpl (RaftServerImpl.java:setRole(184)) - 9d88716d-5d6b-4fd8-b832-a110dc45ee66@group-EE856C9543A1: changes role from  FOLLOWER to FOLLOWER at term 452 for recognizeCandidate:5c3956af-60d3-411f-8c98-c7ed3576de5c
2019-10-16 21:53:48,672 [grpc-default-executor-5] INFO  impl.RoleInfo (RoleInfo.java:shutdownFollowerState(121)) - 9d88716d-5d6b-4fd8-b832-a110dc45ee66: shutdown FollowerState
2019-10-16 21:53:48,672 [grpc-default-executor-5] INFO  impl.RoleInfo (RoleInfo.java:updateAndGet(143)) - 9d88716d-5d6b-4fd8-b832-a110dc45ee66: start FollowerState
2019-10-16 21:53:48,672 [Thread-2946] INFO  impl.FollowerState (FollowerState.java:run(117)) - 9d88716d-5d6b-4fd8-b832-a110dc45ee66@group-EE856C9543A1-FollowerState was interrupted: java.lang.InterruptedException: sleep interrupted
2019-10-16 21:53:48,685 [5c3956af-60d3-411f-8c98-c7ed3576de5c@group-EE856C9543A1-LeaderElection416] INFO  impl.LeaderElection (LeaderElection.java:logAndReturn(56)) - 5c3956af-60d3-411f-8c98-c7ed3576de5c@group-EE856C9543A1-LeaderElection416: Election REJECTED; received 2 response(s) [5c3956af-60d3-411f-8c98-c7ed3576de5c<-efb933de-cdd8-4d8d-88d2-4c7ffe0dec1a#0:FAIL-t452, 5c3956af-60d3-411f-8c98-c7ed3576de5c<-9d88716d-5d6b-4fd8-b832-a110dc45ee66#0:FAIL-t452] and 0 exception(s); 5c3956af-60d3-411f-8c98-c7ed3576de5c@group-EE856C9543A1:t452, leader=null, voted=5c3956af-60d3-411f-8c98-c7ed3576de5c, raftlog=5c3956af-60d3-411f-8c98-c7ed3576de5c@group-EE856C9543A1-SegmentedRaftLog:OPENED:c-1,f-1,i0, conf=-1: [5c3956af-60d3-411f-8c98-c7ed3576de5c:192.168.34.38:33787, efb933de-cdd8-4d8d-88d2-4c7ffe0dec1a:192.168.34.38:42459, 9d88716d-5d6b-4fd8-b832-a110dc45ee66:192.168.34.38:38211], old=null
2019-10-16 21:53:48,686 [5c3956af-60d3-411f-8c98-c7ed3576de5c@group-EE856C9543A1-LeaderElection416] INFO  impl.RaftServerImpl (RaftServerImpl.java:setRole(184)) - 5c3956af-60d3-411f-8c98-c7ed3576de5c@group-EE856C9543A1: changes role from CANDIDATE to FOLLOWER at term 452 for DISCOVERED_A_NEW_TERM
2019-10-16 21:53:48,686 [5c3956af-60d3-411f-8c98-c7ed3576de5c@group-EE856C9543A1-LeaderElection416] INFO  impl.RoleInfo (RoleInfo.java:shutdownLeaderElection(134)) - 5c3956af-60d3-411f-8c98-c7ed3576de5c: shutdown LeaderElection
2019-10-16 21:53:48,686 [5c3956af-60d3-411f-8c98-c7ed3576de5c@group-EE856C9543A1-LeaderElection416] INFO  impl.RoleInfo (RoleInfo.java:updateAndGet(143)) - 5c3956af-60d3-411f-8c98-c7ed3576de5c: start FollowerState
2019-10-16 21:53:48,806 [Thread-2953] INFO  impl.FollowerState (FollowerState.java:run(108)) - 5c3956af-60d3-411f-8c98-c7ed3576de5c@group-EE856C9543A1-FollowerState: change to CANDIDATE, lastRpcTime:120ms, electionTimeout:120ms
2019-10-16 21:53:48,806 [Thread-2953] INFO  impl.RoleInfo (RoleInfo.java:shutdownFollowerState(121)) - 5c3956af-60d3-411f-8c98-c7ed3576de5c: shutdown FollowerState
2019-10-16 21:53:48,806 [Thread-2953] INFO  impl.RaftServerImpl (RaftServerImpl.java:setRole(184)) - 5c3956af-60d3-411f-8c98-c7ed3576de5c@group-EE856C9543A1: changes role from  FOLLOWER to CANDIDATE at term 452 for changeToCandidate
2019-10-16 21:53:48,806 [Thread-2953] INFO  impl.RoleInfo (RoleInfo.java:updateAndGet(143)) - 5c3956af-60d3-411f-8c98-c7ed3576de5c: start LeaderElection
2019-10-16 21:53:48,820 [5c3956af-60d3-411f-8c98-c7ed3576de5c@group-EE856C9543A1-LeaderElection417] INFO  impl.LeaderElection (LeaderElection.java:askForVotes(178)) - 5c3956af-60d3-411f-8c98-c7ed3576de5c@group-EE856C9543A1-LeaderElection417: begin an election at term 453 for -1: [5c3956af-60d3-411f-8c98-c7ed3576de5c:192.168.34.38:33787, efb933de-cdd8-4d8d-88d2-4c7ffe0dec1a:192.168.34.38:42459, 9d88716d-5d6b-4fd8-b832-a110dc45ee66:192.168.34.38:38211], old=null
2019-10-16 21:53:48,822 [grpc-default-executor-1] INFO  impl.RaftServerImpl (RaftServerImpl.java:setRole(184)) - efb933de-cdd8-4d8d-88d2-4c7ffe0dec1a@group-EE856C9543A1: changes role from  FOLLOWER to FOLLOWER at term 453 for recognizeCandidate:5c3956af-60d3-411f-8c98-c7ed3576de5c
2019-10-16 21:53:48,822 [grpc-default-executor-5] INFO  impl.RaftServerImpl (RaftServerImpl.java:setRole(184)) - 9d88716d-5d6b-4fd8-b832-a110dc45ee66@group-EE856C9543A1: changes role from  FOLLOWER to FOLLOWER at term 453 for recognizeCandidate:5c3956af-60d3-411f-8c98-c7ed3576de5c
2019-10-16 21:53:48,822 [grpc-default-executor-5] INFO  impl.RoleInfo (RoleInfo.java:shutdownFollowerState(121)) - 9d88716d-5d6b-4fd8-b832-a110dc45ee66: shutdown FollowerState
2019-10-16 21:53:48,822 [grpc-default-executor-1] INFO  impl.RoleInfo (RoleInfo.java:shutdownFollowerState(121)) - efb933de-cdd8-4d8d-88d2-4c7ffe0dec1a: shutdown FollowerState
2019-10-16 21:53:48,822 [Thread-2952] INFO  impl.FollowerState (FollowerState.java:run(117)) - 9d88716d-5d6b-4fd8-b832-a110dc45ee66@group-EE856C9543A1-FollowerState was interrupted: java.lang.InterruptedException: sleep interrupted
2019-10-16 21:53:48,822 [grpc-default-executor-5] INFO  impl.RoleInfo (RoleInfo.java:updateAndGet(143)) - 9d88716d-5d6b-4fd8-b832-a110dc45ee66: start FollowerState
2019-10-16 21:53:48,822 [Thread-2951] INFO  impl.FollowerState (FollowerState.java:run(117)) - efb933de-cdd8-4d8d-88d2-4c7ffe0dec1a@group-EE856C9543A1-FollowerState was interrupted: java.lang.InterruptedException: sleep interrupted
2019-10-16 21:53:48,822 [grpc-default-executor-1] INFO  impl.RoleInfo (RoleInfo.java:updateAndGet(143)) - efb933de-cdd8-4d8d-88d2-4c7ffe0dec1a: start FollowerState
2019-10-16 21:53:48,855 [5c3956af-60d3-411f-8c98-c7ed3576de5c@group-EE856C9543A1-LeaderElection417] INFO  impl.LeaderElection (LeaderElection.java:logAndReturn(56)) - 5c3956af-60d3-411f-8c98-c7ed3576de5c@group-EE856C9543A1-LeaderElection417: Election REJECTED; received 2 response(s) [5c3956af-60d3-411f-8c98-c7ed3576de5c<-efb933de-cdd8-4d8d-88d2-4c7ffe0dec1a#0:FAIL-t453, 5c3956af-60d3-411f-8c98-c7ed3576de5c<-9d88716d-5d6b-4fd8-b832-a110dc45ee66#0:FAIL-t453] and 0 exception(s); 5c3956af-60d3-411f-8c98-c7ed3576de5c@group-EE856C9543A1:t453, leader=null, voted=5c3956af-60d3-411f-8c98-c7ed3576de5c, raftlog=5c3956af-60d3-411f-8c98-c7ed3576de5c@group-EE856C9543A1-SegmentedRaftLog:OPENED:c-1,f-1,i0, conf=-1: [5c3956af-60d3-411f-8c98-c7ed3576de5c:192.168.34.38:33787, efb933de-cdd8-4d8d-88d2-4c7ffe0dec1a:192.168.34.38:42459, 9d88716d-5d6b-4fd8-b832-a110dc45ee66:192.168.34.38:38211], old=null
2019-10-16 21:53:48,856 [5c3956af-60d3-411f-8c98-c7ed3576de5c@group-EE856C9543A1-LeaderElection417] INFO  impl.RaftServerImpl (RaftServerImpl.java:setRole(184)) - 5c3956af-60d3-411f-8c98-c7ed3576de5c@group-EE856C9543A1: changes role from CANDIDATE to FOLLOWER at term 453 for DISCOVERED_A_NEW_TERM
2019-10-16 21:53:48,856 [5c3956af-60d3-411f-8c98-c7ed3576de5c@group-EE856C9543A1-LeaderElection417] INFO  impl.RoleInfo (RoleInfo.java:shutdownLeaderElection(134)) - 5c3956af-60d3-411f-8c98-c7ed3576de5c: shutdown LeaderElection
2019-10-16 21:53:48,856 [5c3956af-60d3-411f-8c98-c7ed3576de5c@group-EE856C9543A1-LeaderElection417] INFO  impl.RoleInfo (RoleInfo.java:updateAndGet(143)) - 5c3956af-60d3-411f-8c98-c7ed3576de5c: start FollowerState
2019-10-16 21:53:48,858 [Thread-2959] INFO  impl.FollowerState (FollowerState.java:run(108)) - 5c3956af-60d3-411f-8c98-c7ed3576de5c@group-EE856C9543A1-FollowerState: change to CANDIDATE, lastRpcTime:2ms, electionTimeout:2ms
2019-10-16 21:53:48,858 [Thread-2959] INFO  impl.RoleInfo (RoleInfo.java:shutdownFollowerState(121)) - 5c3956af-60d3-411f-8c98-c7ed3576de5c: shutdown FollowerState
2019-10-16 21:53:48,858 [Thread-2959] INFO  impl.RaftServerImpl (RaftServerImpl.java:setRole(184)) - 5c3956af-60d3-411f-8c98-c7ed3576de5c@group-EE856C9543A1: changes role from  FOLLOWER to CANDIDATE at term 453 for changeToCandidate
2019-10-16 21:53:48,859 [Thread-2959] INFO  impl.RoleInfo (RoleInfo.java:updateAndGet(143)) - 5c3956af-60d3-411f-8c98-c7ed3576de5c: start LeaderElection
2019-10-16 21:53:48,874 [5c3956af-60d3-411f-8c98-c7ed3576de5c@group-EE856C9543A1-LeaderElection418] INFO  impl.LeaderElection (LeaderElection.java:askForVotes(178)) - 5c3956af-60d3-411f-8c98-c7ed3576de5c@group-EE856C9543A1-LeaderElection418: begin an election at term 454 for -1: [5c3956af-60d3-411f-8c98-c7ed3576de5c:192.168.34.38:33787, efb933de-cdd8-4d8d-88d2-4c7ffe0dec1a:192.168.34.38:42459, 9d88716d-5d6b-4fd8-b832-a110dc45ee66:192.168.34.38:38211], old=null
2019-10-16 21:53:48,876 [grpc-default-executor-1] INFO  impl.RaftServerImpl (RaftServerImpl.java:setRole(184)) - efb933de-cdd8-4d8d-88d2-4c7ffe0dec1a@group-EE856C9543A1: changes role from  FOLLOWER to FOLLOWER at term 454 for recognizeCandidate:5c3956af-60d3-411f-8c98-c7ed3576de5c
2019-10-16 21:53:48,876 [grpc-default-executor-5] INFO  impl.RaftServerImpl (RaftServerImpl.java:setRole(184)) - 9d88716d-5d6b-4fd8-b832-a110dc45ee66@group-EE856C9543A1: changes role from  FOLLOWER to FOLLOWER at term 454 for recognizeCandidate:5c3956af-60d3-411f-8c98-c7ed3576de5c
2019-10-16 21:53:48,876 [grpc-default-executor-5] INFO  impl.RoleInfo (RoleInfo.java:shutdownFollowerState(121)) - 9d88716d-5d6b-4fd8-b832-a110dc45ee66: shutdown FollowerState
2019-10-16 21:53:48,876 [grpc-default-executor-1] INFO  impl.RoleInfo (RoleInfo.java:shutdownFollowerState(121)) - efb933de-cdd8-4d8d-88d2-4c7ffe0dec1a: shutdown FollowerState
2019-10-16 21:53:48,876 [Thread-2957] INFO  impl.FollowerState (FollowerState.java:run(117)) - 9d88716d-5d6b-4fd8-b832-a110dc45ee66@group-EE856C9543A1-FollowerState was interrupted: java.lang.InterruptedException: sleep interrupted
2019-10-16 21:53:48,876 [grpc-default-executor-5] INFO  impl.RoleInfo (RoleInfo.java:updateAndGet(143)) - 9d88716d-5d6b-4fd8-b832-a110dc45ee66: start FollowerState
2019-10-16 21:53:48,876 [Thread-2958] INFO  impl.FollowerState (FollowerState.java:run(117)) - efb933de-cdd8-4d8d-88d2-4c7ffe0dec1a@group-EE856C9543A1-FollowerState was interrupted: java.lang.InterruptedException: sleep interrupted
2019-10-16 21:53:48,876 [grpc-default-executor-1] INFO  impl.RoleInfo (RoleInfo.java:updateAndGet(143)) - efb933de-cdd8-4d8d-88d2-4c7ffe0dec1a: start FollowerState
2019-10-16 21:53:48,890 [5c3956af-60d3-411f-8c98-c7ed3576de5c@group-EE856C9543A1-LeaderElection418] INFO  impl.LeaderElection (LeaderElection.java:logAndReturn(56)) - 5c3956af-60d3-411f-8c98-c7ed3576de5c@group-EE856C9543A1-LeaderElection418: Election REJECTED; received 2 response(s) [5c3956af-60d3-411f-8c98-c7ed3576de5c<-efb933de-cdd8-4d8d-88d2-4c7ffe0dec1a#0:FAIL-t454, 5c3956af-60d3-411f-8c98-c7ed3576de5c<-9d88716d-5d6b-4fd8-b832-a110dc45ee66#0:FAIL-t454] and 0 exception(s); 5c3956af-60d3-411f-8c98-c7ed3576de5c@group-EE856C9543A1:t454, leader=null, voted=5c3956af-60d3-411f-8c98-c7ed3576de5c, raftlog=5c3956af-60d3-411f-8c98-c7ed3576de5c@group-EE856C9543A1-SegmentedRaftLog:OPENED:c-1,f-1,i0, conf=-1: [5c3956af-60d3-411f-8c98-c7ed3576de5c:192.168.34.38:33787, efb933de-cdd8-4d8d-88d2-4c7ffe0dec1a:192.168.34.38:42459, 9d88716d-5d6b-4fd8-b832-a110dc45ee66:192.168.34.38:38211], old=null
2019-10-16 21:53:48,890 [5c3956af-60d3-411f-8c98-c7ed3576de5c@group-EE856C9543A1-LeaderElection418] INFO  impl.RaftServerImpl (RaftServerImpl.java:setRole(184)) - 5c3956af-60d3-411f-8c98-c7ed3576de5c@group-EE856C9543A1: changes role from CANDIDATE to FOLLOWER at term 454 for DISCOVERED_A_NEW_TERM
2019-10-16 21:53:48,891 [5c3956af-60d3-411f-8c98-c7ed3576de5c@group-EE856C9543A1-LeaderElection418] INFO  impl.RoleInfo (RoleInfo.java:shutdownLeaderElection(134)) - 5c3956af-60d3-411f-8c98-c7ed3576de5c: shutdown LeaderElection
2019-10-16 21:53:48,891 [5c3956af-60d3-411f-8c98-c7ed3576de5c@group-EE856C9543A1-LeaderElection418] INFO  impl.RoleInfo (RoleInfo.java:updateAndGet(143)) - 5c3956af-60d3-411f-8c98-c7ed3576de5c: start FollowerState
2019-10-16 21:53:48,975 [Thread-2965] INFO  impl.FollowerState (FollowerState.java:run(108)) - 5c3956af-60d3-411f-8c98-c7ed3576de5c@group-EE856C9543A1-FollowerState: change to CANDIDATE, lastRpcTime:84ms, electionTimeout:84ms
2019-10-16 21:53:48,975 [Thread-2965] INFO  impl.RoleInfo (RoleInfo.java:shutdownFollowerState(121)) - 5c3956af-60d3-411f-8c98-c7ed3576de5c: shutdown FollowerState
2019-10-16 21:53:48,976 [Thread-2965] INFO  impl.RaftServerImpl (RaftServerImpl.java:setRole(184)) - 5c3956af-60d3-411f-8c98-c7ed3576de5c@group-EE856C9543A1: changes role from  FOLLOWER to CANDIDATE at term 454 for changeToCandidate
2019-10-16 21:53:48,976 [Thread-2965] INFO  impl.RoleInfo (RoleInfo.java:updateAndGet(143)) - 5c3956af-60d3-411f-8c98-c7ed3576de5c: start LeaderElection
2019-10-16 21:53:48,989 [5c3956af-60d3-411f-8c98-c7ed3576de5c@group-EE856C9543A1-LeaderElection419] INFO  impl.LeaderElection (LeaderElection.java:askForVotes(178)) - 5c3956af-60d3-411f-8c98-c7ed3576de5c@group-EE856C9543A1-LeaderElection419: begin an election at term 455 for -1: [5c3956af-60d3-411f-8c98-c7ed3576de5c:192.168.34.38:33787, efb933de-cdd8-4d8d-88d2-4c7ffe0dec1a:192.168.34.38:42459, 9d88716d-5d6b-4fd8-b832-a110dc45ee66:192.168.34.38:38211], old=null
2019-10-16 21:53:48,991 [grpc-default-executor-1] INFO  impl.RaftServerImpl (RaftServerImpl.java:setRole(184)) - efb933de-cdd8-4d8d-88d2-4c7ffe0dec1a@group-EE856C9543A1: changes role from  FOLLOWER to FOLLOWER at term 455 for recognizeCandidate:5c3956af-60d3-411f-8c98-c7ed3576de5c
2019-10-16 21:53:48,991 [grpc-default-executor-5] INFO  impl.RaftServerImpl (RaftServerImpl.java:setRole(184)) - 9d88716d-5d6b-4fd8-b832-a110dc45ee66@group-EE856C9543A1: changes role from  FOLLOWER to FOLLOWER at term 455 for recognizeCandidate:5c3956af-60d3-411f-8c98-c7ed3576de5c
2019-10-16 21:53:48,991 [grpc-default-executor-1] INFO  impl.RoleInfo (RoleInfo.java:shutdownFollowerState(121)) - efb933de-cdd8-4d8d-88d2-4c7ffe0dec1a: shutdown FollowerState
2019-10-16 21:53:48,992 [grpc-default-executor-5] INFO  impl.RoleInfo (RoleInfo.java:shutdownFollowerState(121)) - 9d88716d-5d6b-4fd8-b832-a110dc45ee66: shutdown FollowerState
2019-10-16 21:53:48,992 [Thread-2964] INFO  impl.FollowerState (FollowerState.java:run(117)) - efb933de-cdd8-4d8d-88d2-4c7ffe0dec1a@group-EE856C9543A1-FollowerState was interrupted: java.lang.InterruptedException: sleep interrupted
2019-10-16 21:53:48,992 [grpc-default-executor-1] INFO  impl.RoleInfo (RoleInfo.java:updateAndGet(143)) - efb933de-cdd8-4d8d-88d2-4c7ffe0dec1a: start FollowerState
2019-10-16 21:53:48,992 [Thread-2963] INFO  impl.FollowerState (FollowerState.java:run(117)) - 9d88716d-5d6b-4fd8-b832-a110dc45ee66@group-EE856C9543A1-FollowerState was interrupted: java.lang.InterruptedException: sleep interrupted
2019-10-16 21:53:48,992 [grpc-default-executor-5] INFO  impl.RoleInfo (RoleInfo.java:updateAndGet(143)) - 9d88716d-5d6b-4fd8-b832-a110dc45ee66: start FollowerState
2019-10-16 21:53:49,006 [5c3956af-60d3-411f-8c98-c7ed3576de5c@group-EE856C9543A1-LeaderElection419] INFO  impl.LeaderElection (LeaderElection.java:logAndReturn(56)) - 5c3956af-60d3-411f-8c98-c7ed3576de5c@group-EE856C9543A1-LeaderElection419: Election REJECTED; received 2 response(s) [5c3956af-60d3-411f-8c98-c7ed3576de5c<-efb933de-cdd8-4d8d-88d2-4c7ffe0dec1a#0:FAIL-t455, 5c3956af-60d3-411f-8c98-c7ed3576de5c<-9d88716d-5d6b-4fd8-b832-a110dc45ee66#0:FAIL-t455] and 0 exception(s); 5c3956af-60d3-411f-8c98-c7ed3576de5c@group-EE856C9543A1:t455, leader=null, voted=5c3956af-60d3-411f-8c98-c7ed3576de5c, raftlog=5c3956af-60d3-411f-8c98-c7ed3576de5c@group-EE856C9543A1-SegmentedRaftLog:OPENED:c-1,f-1,i0, conf=-1: [5c3956af-60d3-411f-8c98-c7ed3576de5c:192.168.34.38:33787, efb933de-cdd8-4d8d-88d2-4c7ffe0dec1a:192.168.34.38:42459, 9d88716d-5d6b-4fd8-b832-a110dc45ee66:192.168.34.38:38211], old=null
2019-10-16 21:53:49,007 [5c3956af-60d3-411f-8c98-c7ed3576de5c@group-EE856C9543A1-LeaderElection419] INFO  impl.RaftServerImpl (RaftServerImpl.java:setRole(184)) - 5c3956af-60d3-411f-8c98-c7ed3576de5c@group-EE856C9543A1: changes role from CANDIDATE to FOLLOWER at term 455 for DISCOVERED_A_NEW_TERM
2019-10-16 21:53:49,007 [5c3956af-60d3-411f-8c98-c7ed3576de5c@group-EE856C9543A1-LeaderElection419] INFO  impl.RoleInfo (RoleInfo.java:shutdownLeaderElection(134)) - 5c3956af-60d3-411f-8c98-c7ed3576de5c: shutdown LeaderElection
2019-10-16 21:53:49,007 [5c3956af-60d3-411f-8c98-c7ed3576de5c@group-EE856C9543A1-LeaderElection419] INFO  impl.RoleInfo (RoleInfo.java:updateAndGet(143)) - 5c3956af-60d3-411f-8c98-c7ed3576de5c: start FollowerState
2019-10-16 21:53:49,171 [Thread-2971] INFO  impl.FollowerState (FollowerState.java:run(108)) - 5c3956af-60d3-411f-8c98-c7ed3576de5c@group-EE856C9543A1-FollowerState: change to CANDIDATE, lastRpcTime:164ms, electionTimeout:164ms
2019-10-16 21:53:49,171 [Thread-2971] INFO  impl.RoleInfo (RoleInfo.java:shutdownFollowerState(121)) - 5c3956af-60d3-411f-8c98-c7ed3576de5c: shutdown FollowerState
2019-10-16 21:53:49,171 [Thread-2971] INFO  impl.RaftServerImpl (RaftServerImpl.java:setRole(184)) - 5c3956af-60d3-411f-8c98-c7ed3576de5c@group-EE856C9543A1: changes role from  FOLLOWER to CANDIDATE at term 455 for changeToCandidate
2019-10-16 21:53:49,172 [Thread-2971] INFO  impl.RoleInfo (RoleInfo.java:updateAndGet(143)) - 5c3956af-60d3-411f-8c98-c7ed3576de5c: start LeaderElection
2019-10-16 21:53:49,186 [5c3956af-60d3-411f-8c98-c7ed3576de5c@group-EE856C9543A1-LeaderElection420] INFO  impl.LeaderElection (LeaderElection.java:askForVotes(178)) - 5c3956af-60d3-411f-8c98-c7ed3576de5c@group-EE856C9543A1-LeaderElection420: begin an election at term 456 for -1: [5c3956af-60d3-411f-8c98-c7ed3576de5c:192.168.34.38:33787, efb933de-cdd8-4d8d-88d2-4c7ffe0dec1a:192.168.34.38:42459, 9d88716d-5d6b-4fd8-b832-a110dc45ee66:192.168.34.38:38211], old=null
2019-10-16 21:53:49,188 [grpc-default-executor-5] INFO  impl.RaftServerImpl (RaftServerImpl.java:setRole(184)) - efb933de-cdd8-4d8d-88d2-4c7ffe0dec1a@group-EE856C9543A1: changes role from  FOLLOWER to FOLLOWER at term 456 for recognizeCandidate:5c3956af-60d3-411f-8c98-c7ed3576de5c
2019-10-16 21:53:49,188 [grpc-default-executor-1] INFO  impl.RaftServerImpl (RaftServerImpl.java:setRole(184)) - 9d88716d-5d6b-4fd8-b832-a110dc45ee66@group-EE856C9543A1: changes role from  FOLLOWER to FOLLOWER at term 456 for recognizeCandidate:5c3956af-60d3-411f-8c98-c7ed3576de5c
2019-10-16 21:53:49,188 [grpc-default-executor-5] INFO  impl.RoleInfo (RoleInfo.java:shutdownFollowerState(121)) - efb933de-cdd8-4d8d-88d2-4c7ffe0dec1a: shutdown FollowerState
2019-10-16 21:53:49,188 [grpc-default-executor-1] INFO  impl.RoleInfo (RoleInfo.java:shutdownFollowerState(121)) - 9d88716d-5d6b-4fd8-b832-a110dc45ee66: shutdown FollowerState
2019-10-16 21:53:49,188 [Thread-2970] INFO  impl.FollowerState (FollowerState.java:run(117)) - 9d88716d-5d6b-4fd8-b832-a110dc45ee66@group-EE856C9543A1-FollowerState was interrupted: java.lang.InterruptedException: sleep interrupted
2019-10-16 21:53:49,188 [Thread-2969] INFO  impl.FollowerState (FollowerState.java:run(117)) - efb933de-cdd8-4d8d-88d2-4c7ffe0dec1a@group-EE856C9543A1-FollowerState was interrupted: java.lang.InterruptedException: sleep interrupted
2019-10-16 21:53:49,188 [grpc-default-executor-5] INFO  impl.RoleInfo (RoleInfo.java:updateAndGet(143)) - efb933de-cdd8-4d8d-88d2-4c7ffe0dec1a: start FollowerState
2019-10-16 21:53:49,188 [grpc-default-executor-1] INFO  impl.RoleInfo (RoleInfo.java:updateAndGet(143)) - 9d88716d-5d6b-4fd8-b832-a110dc45ee66: start FollowerState
2019-10-16 21:53:49,203 [5c3956af-60d3-411f-8c98-c7ed3576de5c@group-EE856C9543A1-LeaderElection420] INFO  impl.LeaderElection (LeaderElection.java:logAndReturn(56)) - 5c3956af-60d3-411f-8c98-c7ed3576de5c@group-EE856C9543A1-LeaderElection420: Election REJECTED; received 2 response(s) [5c3956af-60d3-411f-8c98-c7ed3576de5c<-efb933de-cdd8-4d8d-88d2-4c7ffe0dec1a#0:FAIL-t456, 5c3956af-60d3-411f-8c98-c7ed3576de5c<-9d88716d-5d6b-4fd8-b832-a110dc45ee66#0:FAIL-t456] and 0 exception(s); 5c3956af-60d3-411f-8c98-c7ed3576de5c@group-EE856C9543A1:t456, leader=null, voted=5c3956af-60d3-411f-8c98-c7ed3576de5c, raftlog=5c3956af-60d3-411f-8c98-c7ed3576de5c@group-EE856C9543A1-SegmentedRaftLog:OPENED:c-1,f-1,i0, conf=-1: [5c3956af-60d3-411f-8c98-c7ed3576de5c:192.168.34.38:33787, efb933de-cdd8-4d8d-88d2-4c7ffe0dec1a:192.168.34.38:42459, 9d88716d-5d6b-4fd8-b832-a110dc45ee66:192.168.34.38:38211], old=null
2019-10-16 21:53:49,203 [5c3956af-60d3-411f-8c98-c7ed3576de5c@group-EE856C9543A1-LeaderElection420] INFO  impl.RaftServerImpl (RaftServerImpl.java:setRole(184)) - 5c3956af-60d3-411f-8c98-c7ed3576de5c@group-EE856C9543A1: changes role from CANDIDATE to FOLLOWER at term 456 for DISCOVERED_A_NEW_TERM
2019-10-16 21:53:49,203 [5c3956af-60d3-411f-8c98-c7ed3576de5c@group-EE856C9543A1-LeaderElection420] INFO  impl.RoleInfo (RoleInfo.java:shutdownLeaderElection(134)) - 5c3956af-60d3-411f-8c98-c7ed3576de5c: shutdown LeaderElection
2019-10-16 21:53:49,204 [5c3956af-60d3-411f-8c98-c7ed3576de5c@group-EE856C9543A1-LeaderElection420] INFO  impl.RoleInfo (RoleInfo.java:updateAndGet(143)) - 5c3956af-60d3-411f-8c98-c7ed3576de5c: start FollowerState
2019-10-16 21:53:49,387 [Thread-2977] INFO  impl.FollowerState (FollowerState.java:run(108)) - 5c3956af-60d3-411f-8c98-c7ed3576de5c@group-EE856C9543A1-FollowerState: change to CANDIDATE, lastRpcTime:183ms, electionTimeout:183ms
2019-10-16 21:53:49,387 [Thread-2977] INFO  impl.RoleInfo (RoleInfo.java:shutdownFollowerState(121)) - 5c3956af-60d3-411f-8c98-c7ed3576de5c: shutdown FollowerState
2019-10-16 21:53:49,387 [Thread-2977] INFO  impl.RaftServerImpl (RaftServerImpl.java:setRole(184)) - 5c3956af-60d3-411f-8c98-c7ed3576de5c@group-EE856C9543A1: changes role from  FOLLOWER to CANDIDATE at term 456 for changeToCandidate
2019-10-16 21:53:49,387 [Thread-2977] INFO  impl.RoleInfo (RoleInfo.java:updateAndGet(143)) - 5c3956af-60d3-411f-8c98-c7ed3576de5c: start LeaderElection
2019-10-16 21:53:49,401 [5c3956af-60d3-411f-8c98-c7ed3576de5c@group-EE856C9543A1-LeaderElection421] INFO  impl.LeaderElection (LeaderElection.java:askForVotes(178)) - 5c3956af-60d3-411f-8c98-c7ed3576de5c@group-EE856C9543A1-LeaderElection421: begin an election at term 457 for -1: [5c3956af-60d3-411f-8c98-c7ed3576de5c:192.168.34.38:33787, efb933de-cdd8-4d8d-88d2-4c7ffe0dec1a:192.168.34.38:42459, 9d88716d-5d6b-4fd8-b832-a110dc45ee66:192.168.34.38:38211], old=null
2019-10-16 21:53:49,402 [grpc-default-executor-1] INFO  impl.RaftServerImpl (RaftServerImpl.java:setRole(184)) - 9d88716d-5d6b-4fd8-b832-a110dc45ee66@group-EE856C9543A1: changes role from  FOLLOWER to FOLLOWER at term 457 for recognizeCandidate:5c3956af-60d3-411f-8c98-c7ed3576de5c
2019-10-16 21:53:49,403 [grpc-default-executor-5] INFO  impl.RaftServerImpl (RaftServerImpl.java:setRole(184)) - efb933de-cdd8-4d8d-88d2-4c7ffe0dec1a@group-EE856C9543A1: changes role from  FOLLOWER to FOLLOWER at term 457 for recognizeCandidate:5c3956af-60d3-411f-8c98-c7ed3576de5c
2019-10-16 21:53:49,403 [grpc-default-executor-5] INFO  impl.RoleInfo (RoleInfo.java:shutdownFollowerState(121)) - efb933de-cdd8-4d8d-88d2-4c7ffe0dec1a: shutdown FollowerState
2019-10-16 21:53:49,403 [grpc-default-executor-1] INFO  impl.RoleInfo (RoleInfo.java:shutdownFollowerState(121)) - 9d88716d-5d6b-4fd8-b832-a110dc45ee66: shutdown FollowerState
2019-10-16 21:53:49,403 [Thread-2975] INFO  impl.FollowerState (FollowerState.java:run(117)) - efb933de-cdd8-4d8d-88d2-4c7ffe0dec1a@group-EE856C9543A1-FollowerState was interrupted: java.lang.InterruptedException: sleep interrupted
2019-10-16 21:53:49,403 [grpc-default-executor-5] INFO  impl.RoleInfo (RoleInfo.java:updateAndGet(143)) - efb933de-cdd8-4d8d-88d2-4c7ffe0dec1a: start FollowerState
2019-10-16 21:53:49,403 [Thread-2976] INFO  impl.FollowerState (FollowerState.java:run(117)) - 9d88716d-5d6b-4fd8-b832-a110dc45ee66@group-EE856C9543A1-FollowerState was interrupted: java.lang.InterruptedException: sleep interrupted
2019-10-16 21:53:49,403 [grpc-default-executor-1] INFO  impl.RoleInfo (RoleInfo.java:updateAndGet(143)) - 9d88716d-5d6b-4fd8-b832-a110dc45ee66: start FollowerState
2019-10-16 21:53:49,406 [5c3956af-60d3-411f-8c98-c7ed3576de5c@group-EE856C9543A1-LeaderElection421] INFO  impl.LeaderElection (LeaderElection.java:logAndReturn(56)) - 5c3956af-60d3-411f-8c98-c7ed3576de5c@group-EE856C9543A1-LeaderElection421: Election TIMEOUT; received 0 response(s) [] and 0 exception(s); 5c3956af-60d3-411f-8c98-c7ed3576de5c@group-EE856C9543A1:t457, leader=null, voted=5c3956af-60d3-411f-8c98-c7ed3576de5c, raftlog=5c3956af-60d3-411f-8c98-c7ed3576de5c@group-EE856C9543A1-SegmentedRaftLog:OPENED:c-1,f-1,i0, conf=-1: [5c3956af-60d3-411f-8c98-c7ed3576de5c:192.168.34.38:33787, efb933de-cdd8-4d8d-88d2-4c7ffe0dec1a:192.168.34.38:42459, 9d88716d-5d6b-4fd8-b832-a110dc45ee66:192.168.34.38:38211], old=null
2019-10-16 21:53:49,421 [5c3956af-60d3-411f-8c98-c7ed3576de5c@group-EE856C9543A1-LeaderElection421] INFO  impl.LeaderElection (LeaderElection.java:askForVotes(178)) - 5c3956af-60d3-411f-8c98-c7ed3576de5c@group-EE856C9543A1-LeaderElection421: begin an election at term 458 for -1: [5c3956af-60d3-411f-8c98-c7ed3576de5c:192.168.34.38:33787, efb933de-cdd8-4d8d-88d2-4c7ffe0dec1a:192.168.34.38:42459, 9d88716d-5d6b-4fd8-b832-a110dc45ee66:192.168.34.38:38211], old=null
2019-10-16 21:53:49,425 [grpc-default-executor-5] INFO  impl.RaftServerImpl (RaftServerImpl.java:setRole(184)) - 9d88716d-5d6b-4fd8-b832-a110dc45ee66@group-EE856C9543A1: changes role from  FOLLOWER to FOLLOWER at term 458 for recognizeCandidate:5c3956af-60d3-411f-8c98-c7ed3576de5c
2019-10-16 21:53:49,425 [grpc-default-executor-5] INFO  impl.RoleInfo (RoleInfo.java:shutdownFollowerState(121)) - 9d88716d-5d6b-4fd8-b832-a110dc45ee66: shutdown FollowerState
2019-10-16 21:53:49,425 [grpc-default-executor-5] INFO  impl.RoleInfo (RoleInfo.java:updateAndGet(143)) - 9d88716d-5d6b-4fd8-b832-a110dc45ee66: start FollowerState
2019-10-16 21:53:49,425 [Thread-2982] INFO  impl.FollowerState (FollowerState.java:run(117)) - 9d88716d-5d6b-4fd8-b832-a110dc45ee66@group-EE856C9543A1-FollowerState was interrupted: java.lang.InterruptedException: sleep interrupted
2019-10-16 21:53:49,425 [grpc-default-executor-1] INFO  impl.RaftServerImpl (RaftServerImpl.java:setRole(184)) - efb933de-cdd8-4d8d-88d2-4c7ffe0dec1a@group-EE856C9543A1: changes role from  FOLLOWER to FOLLOWER at term 458 for recognizeCandidate:5c3956af-60d3-411f-8c98-c7ed3576de5c
2019-10-16 21:53:49,425 [grpc-default-executor-1] INFO  impl.RoleInfo (RoleInfo.java:shutdownFollowerState(121)) - efb933de-cdd8-4d8d-88d2-4c7ffe0dec1a: shutdown FollowerState
2019-10-16 21:53:49,425 [grpc-default-executor-1] INFO  impl.RoleInfo (RoleInfo.java:updateAndGet(143)) - efb933de-cdd8-4d8d-88d2-4c7ffe0dec1a: start FollowerState
2019-10-16 21:53:49,426 [Thread-2981] INFO  impl.FollowerState (FollowerState.java:run(117)) - efb933de-cdd8-4d8d-88d2-4c7ffe0dec1a@group-EE856C9543A1-FollowerState was interrupted: java.lang.InterruptedException: sleep interrupted
2019-10-16 21:53:49,442 [5c3956af-60d3-411f-8c98-c7ed3576de5c@group-EE856C9543A1-LeaderElection421] INFO  impl.LeaderElection (LeaderElection.java:logAndReturn(56)) - 5c3956af-60d3-411f-8c98-c7ed3576de5c@group-EE856C9543A1-LeaderElection421: Election REJECTED; received 2 response(s) [5c3956af-60d3-411f-8c98-c7ed3576de5c<-efb933de-cdd8-4d8d-88d2-4c7ffe0dec1a#0:FAIL-t458, 5c3956af-60d3-411f-8c98-c7ed3576de5c<-9d88716d-5d6b-4fd8-b832-a110dc45ee66#0:FAIL-t458] and 0 exception(s); 5c3956af-60d3-411f-8c98-c7ed3576de5c@group-EE856C9543A1:t458, leader=null, voted=5c3956af-60d3-411f-8c98-c7ed3576de5c, raftlog=5c3956af-60d3-411f-8c98-c7ed3576de5c@group-EE856C9543A1-SegmentedRaftLog:OPENED:c-1,f-1,i0, conf=-1: [5c3956af-60d3-411f-8c98-c7ed3576de5c:192.168.34.38:33787, efb933de-cdd8-4d8d-88d2-4c7ffe0dec1a:192.168.34.38:42459, 9d88716d-5d6b-4fd8-b832-a110dc45ee66:192.168.34.38:38211], old=null
2019-10-16 21:53:49,442 [5c3956af-60d3-411f-8c98-c7ed3576de5c@group-EE856C9543A1-LeaderElection421] INFO  impl.RaftServerImpl (RaftServerImpl.java:setRole(184)) - 5c3956af-60d3-411f-8c98-c7ed3576de5c@group-EE856C9543A1: changes role from CANDIDATE to FOLLOWER at term 458 for DISCOVERED_A_NEW_TERM
2019-10-16 21:53:49,442 [5c3956af-60d3-411f-8c98-c7ed3576de5c@group-EE856C9543A1-LeaderElection421] INFO  impl.RoleInfo (RoleInfo.java:shutdownLeaderElection(134)) - 5c3956af-60d3-411f-8c98-c7ed3576de5c: shutdown LeaderElection
2019-10-16 21:53:49,442 [5c3956af-60d3-411f-8c98-c7ed3576de5c@group-EE856C9543A1-LeaderElection421] INFO  impl.RoleInfo (RoleInfo.java:updateAndGet(143)) - 5c3956af-60d3-411f-8c98-c7ed3576de5c: start FollowerState
2019-10-16 21:53:49,576 [Thread-2987] INFO  impl.FollowerState (FollowerState.java:run(108)) - 5c3956af-60d3-411f-8c98-c7ed3576de5c@group-EE856C9543A1-FollowerState: change to CANDIDATE, lastRpcTime:133ms, electionTimeout:133ms
2019-10-16 21:53:49,576 [Thread-2987] INFO  impl.RoleInfo (RoleInfo.java:shutdownFollowerState(121)) - 5c3956af-60d3-411f-8c98-c7ed3576de5c: shutdown FollowerState
2019-10-16 21:53:49,576 [Thread-2987] INFO  impl.RaftServerImpl (RaftServerImpl.java:setRole(184)) - 5c3956af-60d3-411f-8c98-c7ed3576de5c@group-EE856C9543A1: changes role from  FOLLOWER to CANDIDATE at term 458 for changeToCandidate
2019-10-16 21:53:49,576 [Thread-2987] INFO  impl.RoleInfo (RoleInfo.java:updateAndGet(143)) - 5c3956af-60d3-411f-8c98-c7ed3576de5c: start LeaderElection
2019-10-16 21:53:49,590 [5c3956af-60d3-411f-8c98-c7ed3576de5c@group-EE856C9543A1-LeaderElection422] INFO  impl.LeaderElection (LeaderElection.java:askForVotes(178)) - 5c3956af-60d3-411f-8c98-c7ed3576de5c@group-EE856C9543A1-LeaderElection422: begin an election at term 459 for -1: [5c3956af-60d3-411f-8c98-c7ed3576de5c:192.168.34.38:33787, efb933de-cdd8-4d8d-88d2-4c7ffe0dec1a:192.168.34.38:42459, 9d88716d-5d6b-4fd8-b832-a110dc45ee66:192.168.34.38:38211], old=null
2019-10-16 21:53:49,592 [grpc-default-executor-5] INFO  impl.RaftServerImpl (RaftServerImpl.java:setRole(184)) - efb933de-cdd8-4d8d-88d2-4c7ffe0dec1a@group-EE856C9543A1: changes role from  FOLLOWER to FOLLOWER at term 459 for recognizeCandidate:5c3956af-60d3-411f-8c98-c7ed3576de5c
2019-10-16 21:53:49,592 [grpc-default-executor-5] INFO  impl.RoleInfo (RoleInfo.java:shutdownFollowerState(121)) - efb933de-cdd8-4d8d-88d2-4c7ffe0dec1a: shutdown FollowerState
2019-10-16 21:53:49,592 [grpc-default-executor-1] INFO  impl.RaftServerImpl (RaftServerImpl.java:setRole(184)) - 9d88716d-5d6b-4fd8-b832-a110dc45ee66@group-EE856C9543A1: changes role from  FOLLOWER to FOLLOWER at term 459 for recognizeCandidate:5c3956af-60d3-411f-8c98-c7ed3576de5c
2019-10-16 21:53:49,593 [Thread-2986] INFO  impl.FollowerState (FollowerState.java:run(117)) - efb933de-cdd8-4d8d-88d2-4c7ffe0dec1a@group-EE856C9543A1-FollowerState was interrupted: java.lang.InterruptedException: sleep interrupted
2019-10-16 21:53:49,593 [grpc-default-executor-5] INFO  impl.RoleInfo (RoleInfo.java:updateAndGet(143)) - efb933de-cdd8-4d8d-88d2-4c7ffe0dec1a: start FollowerState
2019-10-16 21:53:49,593 [grpc-default-executor-1] INFO  impl.RoleInfo (RoleInfo.java:shutdownFollowerState(121)) - 9d88716d-5d6b-4fd8-b832-a110dc45ee66: shutdown FollowerState
2019-10-16 21:53:49,593 [grpc-default-executor-1] INFO  impl.RoleInfo (RoleInfo.java:updateAndGet(143)) - 9d88716d-5d6b-4fd8-b832-a110dc45ee66: start FollowerState
2019-10-16 21:53:49,593 [Thread-2985] INFO  impl.FollowerState (FollowerState.java:run(117)) - 9d88716d-5d6b-4fd8-b832-a110dc45ee66@group-EE856C9543A1-FollowerState was interrupted: java.lang.InterruptedException: sleep interrupted
2019-10-16 21:53:49,608 [5c3956af-60d3-411f-8c98-c7ed3576de5c@group-EE856C9543A1-LeaderElection422] INFO  impl.LeaderElection (LeaderElection.java:logAndReturn(56)) - 5c3956af-60d3-411f-8c98-c7ed3576de5c@group-EE856C9543A1-LeaderElection422: Election REJECTED; received 2 response(s) [5c3956af-60d3-411f-8c98-c7ed3576de5c<-efb933de-cdd8-4d8d-88d2-4c7ffe0dec1a#0:FAIL-t459, 5c3956af-60d3-411f-8c98-c7ed3576de5c<-9d88716d-5d6b-4fd8-b832-a110dc45ee66#0:FAIL-t459] and 0 exception(s); 5c3956af-60d3-411f-8c98-c7ed3576de5c@group-EE856C9543A1:t459, leader=null, voted=5c3956af-60d3-411f-8c98-c7ed3576de5c, raftlog=5c3956af-60d3-411f-8c98-c7ed3576de5c@group-EE856C9543A1-SegmentedRaftLog:OPENED:c-1,f-1,i0, conf=-1: [5c3956af-60d3-411f-8c98-c7ed3576de5c:192.168.34.38:33787, efb933de-cdd8-4d8d-88d2-4c7ffe0dec1a:192.168.34.38:42459, 9d88716d-5d6b-4fd8-b832-a110dc45ee66:192.168.34.38:38211], old=null
2019-10-16 21:53:49,608 [5c3956af-60d3-411f-8c98-c7ed3576de5c@group-EE856C9543A1-LeaderElection422] INFO  impl.RaftServerImpl (RaftServerImpl.java:setRole(184)) - 5c3956af-60d3-411f-8c98-c7ed3576de5c@group-EE856C9543A1: changes role from CANDIDATE to FOLLOWER at term 459 for DISCOVERED_A_NEW_TERM
2019-10-16 21:53:49,609 [5c3956af-60d3-411f-8c98-c7ed3576de5c@group-EE856C9543A1-LeaderElection422] INFO  impl.RoleInfo (RoleInfo.java:shutdownLeaderElection(134)) - 5c3956af-60d3-411f-8c98-c7ed3576de5c: shutdown LeaderElection
2019-10-16 21:53:49,609 [5c3956af-60d3-411f-8c98-c7ed3576de5c@group-EE856C9543A1-LeaderElection422] INFO  impl.RoleInfo (RoleInfo.java:updateAndGet(143)) - 5c3956af-60d3-411f-8c98-c7ed3576de5c: start FollowerState
2019-10-16 21:53:49,637 [Thread-2993] INFO  impl.FollowerState (FollowerState.java:run(108)) - 5c3956af-60d3-411f-8c98-c7ed3576de5c@group-EE856C9543A1-FollowerState: change to CANDIDATE, lastRpcTime:28ms, electionTimeout:28ms
2019-10-16 21:53:49,637 [Thread-2993] INFO  impl.RoleInfo (RoleInfo.java:shutdownFollowerState(121)) - 5c3956af-60d3-411f-8c98-c7ed3576de5c: shutdown FollowerState
2019-10-16 21:53:49,637 [Thread-2993] INFO  impl.RaftServerImpl (RaftServerImpl.java:setRole(184)) - 5c3956af-60d3-411f-8c98-c7ed3576de5c@group-EE856C9543A1: changes role from  FOLLOWER to CANDIDATE at term 459 for changeToCandidate
2019-10-16 21:53:49,637 [Thread-2993] INFO  impl.RoleInfo (RoleInfo.java:updateAndGet(143)) - 5c3956af-60d3-411f-8c98-c7ed3576de5c: start LeaderElection
2019-10-16 21:53:49,650 [5c3956af-60d3-411f-8c98-c7ed3576de5c@group-EE856C9543A1-LeaderElection423] INFO  impl.LeaderElection (LeaderElection.java:askForVotes(178)) - 5c3956af-60d3-411f-8c98-c7ed3576de5c@group-EE856C9543A1-LeaderElection423: begin an election at term 460 for -1: [5c3956af-60d3-411f-8c98-c7ed3576de5c:192.168.34.38:33787, efb933de-cdd8-4d8d-88d2-4c7ffe0dec1a:192.168.34.38:42459, 9d88716d-5d6b-4fd8-b832-a110dc45ee66:192.168.34.38:38211], old=null
2019-10-16 21:53:49,652 [grpc-default-executor-1] INFO  impl.RaftServerImpl (RaftServerImpl.java:setRole(184)) - 9d88716d-5d6b-4fd8-b832-a110dc45ee66@group-EE856C9543A1: changes role from  FOLLOWER to FOLLOWER at term 460 for recognizeCandidate:5c3956af-60d3-411f-8c98-c7ed3576de5c
2019-10-16 21:53:49,652 [grpc-default-executor-1] INFO  impl.RoleInfo (RoleInfo.java:shutdownFollowerState(121)) - 9d88716d-5d6b-4fd8-b832-a110dc45ee66: shutdown FollowerState
2019-10-16 21:53:49,652 [grpc-default-executor-5] INFO  impl.RaftServerImpl (RaftServerImpl.java:setRole(184)) - efb933de-cdd8-4d8d-88d2-4c7ffe0dec1a@group-EE856C9543A1: changes role from  FOLLOWER to FOLLOWER at term 460 for recognizeCandidate:5c3956af-60d3-411f-8c98-c7ed3576de5c
2019-10-16 21:53:49,653 [Thread-2992] INFO  impl.FollowerState (FollowerState.java:run(117)) - 9d88716d-5d6b-4fd8-b832-a110dc45ee66@group-EE856C9543A1-FollowerState was interrupted: java.lang.InterruptedException: sleep interrupted
2019-10-16 21:53:49,653 [grpc-default-executor-1] INFO  impl.RoleInfo (RoleInfo.java:updateAndGet(143)) - 9d88716d-5d6b-4fd8-b832-a110dc45ee66: start FollowerState
2019-10-16 21:53:49,653 [grpc-default-executor-5] INFO  impl.RoleInfo (RoleInfo.java:shutdownFollowerState(121)) - efb933de-cdd8-4d8d-88d2-4c7ffe0dec1a: shutdown FollowerState
2019-10-16 21:53:49,653 [grpc-default-executor-5] INFO  impl.RoleInfo (RoleInfo.java:updateAndGet(143)) - efb933de-cdd8-4d8d-88d2-4c7ffe0dec1a: start FollowerState
2019-10-16 21:53:49,654 [Thread-2991] INFO  impl.FollowerState (FollowerState.java:run(117)) - efb933de-cdd8-4d8d-88d2-4c7ffe0dec1a@group-EE856C9543A1-FollowerState was interrupted: java.lang.InterruptedException: sleep interrupted
2019-10-16 21:53:49,668 [5c3956af-60d3-411f-8c98-c7ed3576de5c@group-EE856C9543A1-LeaderElection423] INFO  impl.LeaderElection (LeaderElection.java:logAndReturn(56)) - 5c3956af-60d3-411f-8c98-c7ed3576de5c@group-EE856C9543A1-LeaderElection423: Election REJECTED; received 2 response(s) [5c3956af-60d3-411f-8c98-c7ed3576de5c<-efb933de-cdd8-4d8d-88d2-4c7ffe0dec1a#0:FAIL-t460, 5c3956af-60d3-411f-8c98-c7ed3576de5c<-9d88716d-5d6b-4fd8-b832-a110dc45ee66#0:FAIL-t460] and 0 exception(s); 5c3956af-60d3-411f-8c98-c7ed3576de5c@group-EE856C9543A1:t460, leader=null, voted=5c3956af-60d3-411f-8c98-c7ed3576de5c, raftlog=5c3956af-60d3-411f-8c98-c7ed3576de5c@group-EE856C9543A1-SegmentedRaftLog:OPENED:c-1,f-1,i0, conf=-1: [5c3956af-60d3-411f-8c98-c7ed3576de5c:192.168.34.38:33787, efb933de-cdd8-4d8d-88d2-4c7ffe0dec1a:192.168.34.38:42459, 9d88716d-5d6b-4fd8-b832-a110dc45ee66:192.168.34.38:38211], old=null
2019-10-16 21:53:49,669 [5c3956af-60d3-411f-8c98-c7ed3576de5c@group-EE856C9543A1-LeaderElection423] INFO  impl.RaftServerImpl (RaftServerImpl.java:setRole(184)) - 5c3956af-60d3-411f-8c98-c7ed3576de5c@group-EE856C9543A1: changes role from CANDIDATE to FOLLOWER at term 460 for DISCOVERED_A_NEW_TERM
2019-10-16 21:53:49,669 [5c3956af-60d3-411f-8c98-c7ed3576de5c@group-EE856C9543A1-LeaderElection423] INFO  impl.RoleInfo (RoleInfo.java:shutdownLeaderElection(134)) - 5c3956af-60d3-411f-8c98-c7ed3576de5c: shutdown LeaderElection
2019-10-16 21:53:49,669 [5c3956af-60d3-411f-8c98-c7ed3576de5c@group-EE856C9543A1-LeaderElection423] INFO  impl.RoleInfo (RoleInfo.java:updateAndGet(143)) - 5c3956af-60d3-411f-8c98-c7ed3576de5c: start FollowerState
2019-10-16 21:53:49,798 [Thread-2999] INFO  impl.FollowerState (FollowerState.java:run(108)) - 5c3956af-60d3-411f-8c98-c7ed3576de5c@group-EE856C9543A1-FollowerState: change to CANDIDATE, lastRpcTime:129ms, electionTimeout:129ms
2019-10-16 21:53:49,799 [Thread-2999] INFO  impl.RoleInfo (RoleInfo.java:shutdownFollowerState(121)) - 5c3956af-60d3-411f-8c98-c7ed3576de5c: shutdown FollowerState
2019-10-16 21:53:49,799 [Thread-2999] INFO  impl.RaftServerImpl (RaftServerImpl.java:setRole(184)) - 5c3956af-60d3-411f-8c98-c7ed3576de5c@group-EE856C9543A1: changes role from  FOLLOWER to CANDIDATE at term 460 for changeToCandidate
2019-10-16 21:53:49,799 [Thread-2999] INFO  impl.RoleInfo (RoleInfo.java:updateAndGet(143)) - 5c3956af-60d3-411f-8c98-c7ed3576de5c: start LeaderElection
2019-10-16 21:53:49,813 [5c3956af-60d3-411f-8c98-c7ed3576de5c@group-EE856C9543A1-LeaderElection424] INFO  impl.LeaderElection (LeaderElection.java:askForVotes(178)) - 5c3956af-60d3-411f-8c98-c7ed3576de5c@group-EE856C9543A1-LeaderElection424: begin an election at term 461 for -1: [5c3956af-60d3-411f-8c98-c7ed3576de5c:192.168.34.38:33787, efb933de-cdd8-4d8d-88d2-4c7ffe0dec1a:192.168.34.38:42459, 9d88716d-5d6b-4fd8-b832-a110dc45ee66:192.168.34.38:38211], old=null
2019-10-16 21:53:49,815 [grpc-default-executor-1] INFO  impl.RaftServerImpl (RaftServerImpl.java:setRole(184)) - 9d88716d-5d6b-4fd8-b832-a110dc45ee66@group-EE856C9543A1: changes role from  FOLLOWER to FOLLOWER at term 461 for recognizeCandidate:5c3956af-60d3-411f-8c98-c7ed3576de5c
2019-10-16 21:53:49,816 [grpc-default-executor-1] INFO  impl.RoleInfo (RoleInfo.java:shutdownFollowerState(121)) - 9d88716d-5d6b-4fd8-b832-a110dc45ee66: shutdown FollowerState
2019-10-16 21:53:49,815 [grpc-default-executor-5] INFO  impl.RaftServerImpl (RaftServerImpl.java:setRole(184)) - efb933de-cdd8-4d8d-88d2-4c7ffe0dec1a@group-EE856C9543A1: changes role from  FOLLOWER to FOLLOWER at term 461 for recognizeCandidate:5c3956af-60d3-411f-8c98-c7ed3576de5c
2019-10-16 21:53:49,816 [grpc-default-executor-5] INFO  impl.RoleInfo (RoleInfo.java:shutdownFollowerState(121)) - efb933de-cdd8-4d8d-88d2-4c7ffe0dec1a: shutdown FollowerState
2019-10-16 21:53:49,816 [Thread-2997] INFO  impl.FollowerState (FollowerState.java:run(117)) - 9d88716d-5d6b-4fd8-b832-a110dc45ee66@group-EE856C9543A1-FollowerState was interrupted: java.lang.InterruptedException: sleep interrupted
2019-10-16 21:53:49,816 [Thread-2998] INFO  impl.FollowerState (FollowerState.java:run(117)) - efb933de-cdd8-4d8d-88d2-4c7ffe0dec1a@group-EE856C9543A1-FollowerState was interrupted: java.lang.InterruptedException: sleep interrupted
2019-10-16 21:53:49,816 [grpc-default-executor-1] INFO  impl.RoleInfo (RoleInfo.java:updateAndGet(143)) - 9d88716d-5d6b-4fd8-b832-a110dc45ee66: start FollowerState
2019-10-16 21:53:49,816 [grpc-default-executor-5] INFO  impl.RoleInfo (RoleInfo.java:updateAndGet(143)) - efb933de-cdd8-4d8d-88d2-4c7ffe0dec1a: start FollowerState
2019-10-16 21:53:49,818 [5c3956af-60d3-411f-8c98-c7ed3576de5c@group-EE856C9543A1-LeaderElection424] INFO  impl.LeaderElection (LeaderElection.java:logAndReturn(56)) - 5c3956af-60d3-411f-8c98-c7ed3576de5c@group-EE856C9543A1-LeaderElection424: Election TIMEOUT; received 0 response(s) [] and 0 exception(s); 5c3956af-60d3-411f-8c98-c7ed3576de5c@group-EE856C9543A1:t461, leader=null, voted=5c3956af-60d3-411f-8c98-c7ed3576de5c, raftlog=5c3956af-60d3-411f-8c98-c7ed3576de5c@group-EE856C9543A1-SegmentedRaftLog:OPENED:c-1,f-1,i0, conf=-1: [5c3956af-60d3-411f-8c98-c7ed3576de5c:192.168.34.38:33787, efb933de-cdd8-4d8d-88d2-4c7ffe0dec1a:192.168.34.38:42459, 9d88716d-5d6b-4fd8-b832-a110dc45ee66:192.168.34.38:38211], old=null
2019-10-16 21:53:49,830 [5c3956af-60d3-411f-8c98-c7ed3576de5c@group-EE856C9543A1-LeaderElection424] INFO  impl.LeaderElection (LeaderElection.java:askForVotes(178)) - 5c3956af-60d3-411f-8c98-c7ed3576de5c@group-EE856C9543A1-LeaderElection424: begin an election at term 462 for -1: [5c3956af-60d3-411f-8c98-c7ed3576de5c:192.168.34.38:33787, efb933de-cdd8-4d8d-88d2-4c7ffe0dec1a:192.168.34.38:42459, 9d88716d-5d6b-4fd8-b832-a110dc45ee66:192.168.34.38:38211], old=null
2019-10-16 21:53:49,831 [grpc-default-executor-1] INFO  impl.RaftServerImpl (RaftServerImpl.java:setRole(184)) - efb933de-cdd8-4d8d-88d2-4c7ffe0dec1a@group-EE856C9543A1: changes role from  FOLLOWER to FOLLOWER at term 462 for recognizeCandidate:5c3956af-60d3-411f-8c98-c7ed3576de5c
2019-10-16 21:53:49,832 [grpc-default-executor-1] INFO  impl.RoleInfo (RoleInfo.java:shutdownFollowerState(121)) - efb933de-cdd8-4d8d-88d2-4c7ffe0dec1a: shutdown FollowerState
2019-10-16 21:53:49,832 [grpc-default-executor-1] INFO  impl.RoleInfo (RoleInfo.java:updateAndGet(143)) - efb933de-cdd8-4d8d-88d2-4c7ffe0dec1a: start FollowerState
2019-10-16 21:53:49,832 [Thread-3004] INFO  impl.FollowerState (FollowerState.java:run(117)) - efb933de-cdd8-4d8d-88d2-4c7ffe0dec1a@group-EE856C9543A1-FollowerState was interrupted: java.lang.InterruptedException: sleep interrupted
2019-10-16 21:53:49,832 [grpc-default-executor-5] INFO  impl.RaftServerImpl (RaftServerImpl.java:setRole(184)) - 9d88716d-5d6b-4fd8-b832-a110dc45ee66@group-EE856C9543A1: changes role from  FOLLOWER to FOLLOWER at term 462 for recognizeCandidate:5c3956af-60d3-411f-8c98-c7ed3576de5c
2019-10-16 21:53:49,832 [grpc-default-executor-5] INFO  impl.RoleInfo (RoleInfo.java:shutdownFollowerState(121)) - 9d88716d-5d6b-4fd8-b832-a110dc45ee66: shutdown FollowerState
2019-10-16 21:53:49,832 [grpc-default-executor-5] INFO  impl.RoleInfo (RoleInfo.java:updateAndGet(143)) - 9d88716d-5d6b-4fd8-b832-a110dc45ee66: start FollowerState
2019-10-16 21:53:49,832 [Thread-3003] INFO  impl.FollowerState (FollowerState.java:run(117)) - 9d88716d-5d6b-4fd8-b832-a110dc45ee66@group-EE856C9543A1-FollowerState was interrupted: java.lang.InterruptedException: sleep interrupted
2019-10-16 21:53:49,847 [5c3956af-60d3-411f-8c98-c7ed3576de5c@group-EE856C9543A1-LeaderElection424] INFO  impl.LeaderElection (LeaderElection.java:logAndReturn(56)) - 5c3956af-60d3-411f-8c98-c7ed3576de5c@group-EE856C9543A1-LeaderElection424: Election REJECTED; received 2 response(s) [5c3956af-60d3-411f-8c98-c7ed3576de5c<-efb933de-cdd8-4d8d-88d2-4c7ffe0dec1a#0:FAIL-t462, 5c3956af-60d3-411f-8c98-c7ed3576de5c<-9d88716d-5d6b-4fd8-b832-a110dc45ee66#0:FAIL-t462] and 0 exception(s); 5c3956af-60d3-411f-8c98-c7ed3576de5c@group-EE856C9543A1:t462, leader=null, voted=5c3956af-60d3-411f-8c98-c7ed3576de5c, raftlog=5c3956af-60d3-411f-8c98-c7ed3576de5c@group-EE856C9543A1-SegmentedRaftLog:OPENED:c-1,f-1,i0, conf=-1: [5c3956af-60d3-411f-8c98-c7ed3576de5c:192.168.34.38:33787, efb933de-cdd8-4d8d-88d2-4c7ffe0dec1a:192.168.34.38:42459, 9d88716d-5d6b-4fd8-b832-a110dc45ee66:192.168.34.38:38211], old=null
2019-10-16 21:53:49,847 [5c3956af-60d3-411f-8c98-c7ed3576de5c@group-EE856C9543A1-LeaderElection424] INFO  impl.RaftServerImpl (RaftServerImpl.java:setRole(184)) - 5c3956af-60d3-411f-8c98-c7ed3576de5c@group-EE856C9543A1: changes role from CANDIDATE to FOLLOWER at term 462 for DISCOVERED_A_NEW_TERM
2019-10-16 21:53:49,848 [5c3956af-60d3-411f-8c98-c7ed3576de5c@group-EE856C9543A1-LeaderElection424] INFO  impl.RoleInfo (RoleInfo.java:shutdownLeaderElection(134)) - 5c3956af-60d3-411f-8c98-c7ed3576de5c: shutdown LeaderElection
2019-10-16 21:53:49,848 [5c3956af-60d3-411f-8c98-c7ed3576de5c@group-EE856C9543A1-LeaderElection424] INFO  impl.RoleInfo (RoleInfo.java:updateAndGet(143)) - 5c3956af-60d3-411f-8c98-c7ed3576de5c: start FollowerState
2019-10-16 21:53:50,014 [Thread-3009] INFO  impl.FollowerState (FollowerState.java:run(108)) - 5c3956af-60d3-411f-8c98-c7ed3576de5c@group-EE856C9543A1-FollowerState: change to CANDIDATE, lastRpcTime:166ms, electionTimeout:166ms
2019-10-16 21:53:50,014 [Thread-3009] INFO  impl.RoleInfo (RoleInfo.java:shutdownFollowerState(121)) - 5c3956af-60d3-411f-8c98-c7ed3576de5c: shutdown FollowerState
2019-10-16 21:53:50,015 [Thread-3009] INFO  impl.RaftServerImpl (RaftServerImpl.java:setRole(184)) - 5c3956af-60d3-411f-8c98-c7ed3576de5c@group-EE856C9543A1: changes role from  FOLLOWER to CANDIDATE at term 462 for changeToCandidate
2019-10-16 21:53:50,015 [Thread-3009] INFO  impl.RoleInfo (RoleInfo.java:updateAndGet(143)) - 5c3956af-60d3-411f-8c98-c7ed3576de5c: start LeaderElection
2019-10-16 21:53:50,028 [5c3956af-60d3-411f-8c98-c7ed3576de5c@group-EE856C9543A1-LeaderElection425] INFO  impl.LeaderElection (LeaderElection.java:askForVotes(178)) - 5c3956af-60d3-411f-8c98-c7ed3576de5c@group-EE856C9543A1-LeaderElection425: begin an election at term 463 for -1: [5c3956af-60d3-411f-8c98-c7ed3576de5c:192.168.34.38:33787, efb933de-cdd8-4d8d-88d2-4c7ffe0dec1a:192.168.34.38:42459, 9d88716d-5d6b-4fd8-b832-a110dc45ee66:192.168.34.38:38211], old=null
2019-10-16 21:53:50,030 [grpc-default-executor-5] INFO  impl.RaftServerImpl (RaftServerImpl.java:setRole(184)) - efb933de-cdd8-4d8d-88d2-4c7ffe0dec1a@group-EE856C9543A1: changes role from  FOLLOWER to FOLLOWER at term 463 for recognizeCandidate:5c3956af-60d3-411f-8c98-c7ed3576de5c
2019-10-16 21:53:50,030 [grpc-default-executor-5] INFO  impl.RoleInfo (RoleInfo.java:shutdownFollowerState(121)) - efb933de-cdd8-4d8d-88d2-4c7ffe0dec1a: shutdown FollowerState
2019-10-16 21:53:50,030 [grpc-default-executor-1] INFO  impl.RaftServerImpl (RaftServerImpl.java:setRole(184)) - 9d88716d-5d6b-4fd8-b832-a110dc45ee66@group-EE856C9543A1: changes role from  FOLLOWER to FOLLOWER at term 463 for recognizeCandidate:5c3956af-60d3-411f-8c98-c7ed3576de5c
2019-10-16 21:53:50,030 [grpc-default-executor-1] INFO  impl.RoleInfo (RoleInfo.java:shutdownFollowerState(121)) - 9d88716d-5d6b-4fd8-b832-a110dc45ee66: shutdown FollowerState
2019-10-16 21:53:50,030 [Thread-3007] INFO  impl.FollowerState (FollowerState.java:run(117)) - efb933de-cdd8-4d8d-88d2-4c7ffe0dec1a@group-EE856C9543A1-FollowerState was interrupted: java.lang.InterruptedException: sleep interrupted
2019-10-16 21:53:50,030 [grpc-default-executor-5] INFO  impl.RoleInfo (RoleInfo.java:updateAndGet(143)) - efb933de-cdd8-4d8d-88d2-4c7ffe0dec1a: start FollowerState
2019-10-16 21:53:50,030 [Thread-3008] INFO  impl.FollowerState (FollowerState.java:run(117)) - 9d88716d-5d6b-4fd8-b832-a110dc45ee66@group-EE856C9543A1-FollowerState was interrupted: java.lang.InterruptedException: sleep interrupted
2019-10-16 21:53:50,030 [grpc-default-executor-1] INFO  impl.RoleInfo (RoleInfo.java:updateAndGet(143)) - 9d88716d-5d6b-4fd8-b832-a110dc45ee66: start FollowerState
2019-10-16 21:53:50,045 [5c3956af-60d3-411f-8c98-c7ed3576de5c@group-EE856C9543A1-LeaderElection425] INFO  impl.LeaderElection (LeaderElection.java:logAndReturn(56)) - 5c3956af-60d3-411f-8c98-c7ed3576de5c@group-EE856C9543A1-LeaderElection425: Election REJECTED; received 2 response(s) [5c3956af-60d3-411f-8c98-c7ed3576de5c<-efb933de-cdd8-4d8d-88d2-4c7ffe0dec1a#0:FAIL-t463, 5c3956af-60d3-411f-8c98-c7ed3576de5c<-9d88716d-5d6b-4fd8-b832-a110dc45ee66#0:FAIL-t463] and 0 exception(s); 5c3956af-60d3-411f-8c98-c7ed3576de5c@group-EE856C9543A1:t463, leader=null, voted=5c3956af-60d3-411f-8c98-c7ed3576de5c, raftlog=5c3956af-60d3-411f-8c98-c7ed3576de5c@group-EE856C9543A1-SegmentedRaftLog:OPENED:c-1,f-1,i0, conf=-1: [5c3956af-60d3-411f-8c98-c7ed3576de5c:192.168.34.38:33787, efb933de-cdd8-4d8d-88d2-4c7ffe0dec1a:192.168.34.38:42459, 9d88716d-5d6b-4fd8-b832-a110dc45ee66:192.168.34.38:38211], old=null
2019-10-16 21:53:50,045 [5c3956af-60d3-411f-8c98-c7ed3576de5c@group-EE856C9543A1-LeaderElection425] INFO  impl.RaftServerImpl (RaftServerImpl.java:setRole(184)) - 5c3956af-60d3-411f-8c98-c7ed3576de5c@group-EE856C9543A1: changes role from CANDIDATE to FOLLOWER at term 463 for DISCOVERED_A_NEW_TERM
2019-10-16 21:53:50,045 [5c3956af-60d3-411f-8c98-c7ed3576de5c@group-EE856C9543A1-LeaderElection425] INFO  impl.RoleInfo (RoleInfo.java:shutdownLeaderElection(134)) - 5c3956af-60d3-411f-8c98-c7ed3576de5c: shutdown LeaderElection
2019-10-16 21:53:50,045 [5c3956af-60d3-411f-8c98-c7ed3576de5c@group-EE856C9543A1-LeaderElection425] INFO  impl.RoleInfo (RoleInfo.java:updateAndGet(143)) - 5c3956af-60d3-411f-8c98-c7ed3576de5c: start FollowerState
2019-10-16 21:53:50,180 [Thread-3015] INFO  impl.FollowerState (FollowerState.java:run(108)) - 5c3956af-60d3-411f-8c98-c7ed3576de5c@group-EE856C9543A1-FollowerState: change to CANDIDATE, lastRpcTime:135ms, electionTimeout:135ms
2019-10-16 21:53:50,181 [Thread-3015] INFO  impl.RoleInfo (RoleInfo.java:shutdownFollowerState(121)) - 5c3956af-60d3-411f-8c98-c7ed3576de5c: shutdown FollowerState
2019-10-16 21:53:50,181 [Thread-3015] INFO  impl.RaftServerImpl (RaftServerImpl.java:setRole(184)) - 5c3956af-60d3-411f-8c98-c7ed3576de5c@group-EE856C9543A1: changes role from  FOLLOWER to CANDIDATE at term 463 for changeToCandidate
2019-10-16 21:53:50,181 [Thread-3015] INFO  impl.RoleInfo (RoleInfo.java:updateAndGet(143)) - 5c3956af-60d3-411f-8c98-c7ed3576de5c: start LeaderElection
2019-10-16 21:53:50,195 [5c3956af-60d3-411f-8c98-c7ed3576de5c@group-EE856C9543A1-LeaderElection426] INFO  impl.LeaderElection (LeaderElection.java:askForVotes(178)) - 5c3956af-60d3-411f-8c98-c7ed3576de5c@group-EE856C9543A1-LeaderElection426: begin an election at term 464 for -1: [5c3956af-60d3-411f-8c98-c7ed3576de5c:192.168.34.38:33787, efb933de-cdd8-4d8d-88d2-4c7ffe0dec1a:192.168.34.38:42459, 9d88716d-5d6b-4fd8-b832-a110dc45ee66:192.168.34.38:38211], old=null
2019-10-16 21:53:50,197 [grpc-default-executor-5] INFO  impl.RaftServerImpl (RaftServerImpl.java:setRole(184)) - efb933de-cdd8-4d8d-88d2-4c7ffe0dec1a@group-EE856C9543A1: changes role from  FOLLOWER to FOLLOWER at term 464 for recognizeCandidate:5c3956af-60d3-411f-8c98-c7ed3576de5c
2019-10-16 21:53:50,197 [grpc-default-executor-5] INFO  impl.RoleInfo (RoleInfo.java:shutdownFollowerState(121)) - efb933de-cdd8-4d8d-88d2-4c7ffe0dec1a: shutdown FollowerState
2019-10-16 21:53:50,197 [grpc-default-executor-1] INFO  impl.RaftServerImpl (RaftServerImpl.java:setRole(184)) - 9d88716d-5d6b-4fd8-b832-a110dc45ee66@group-EE856C9543A1: changes role from  FOLLOWER to FOLLOWER at term 464 for recognizeCandidate:5c3956af-60d3-411f-8c98-c7ed3576de5c
2019-10-16 21:53:50,197 [Thread-3013] INFO  impl.FollowerState (FollowerState.java:run(117)) - efb933de-cdd8-4d8d-88d2-4c7ffe0dec1a@group-EE856C9543A1-FollowerState was interrupted: java.lang.InterruptedException: sleep interrupted
2019-10-16 21:53:50,197 [grpc-default-executor-5] INFO  impl.RoleInfo (RoleInfo.java:updateAndGet(143)) - efb933de-cdd8-4d8d-88d2-4c7ffe0dec1a: start FollowerState
2019-10-16 21:53:50,197 [grpc-default-executor-1] INFO  impl.RoleInfo (RoleInfo.java:shutdownFollowerState(121)) - 9d88716d-5d6b-4fd8-b832-a110dc45ee66: shutdown FollowerState
2019-10-16 21:53:50,198 [grpc-default-executor-1] INFO  impl.RoleInfo (RoleInfo.java:updateAndGet(143)) - 9d88716d-5d6b-4fd8-b832-a110dc45ee66: start FollowerState
2019-10-16 21:53:50,198 [Thread-3014] INFO  impl.FollowerState (FollowerState.java:run(117)) - 9d88716d-5d6b-4fd8-b832-a110dc45ee66@group-EE856C9543A1-FollowerState was interrupted: java.lang.InterruptedException: sleep interrupted
2019-10-16 21:53:50,213 [5c3956af-60d3-411f-8c98-c7ed3576de5c@group-EE856C9543A1-LeaderElection426] INFO  impl.LeaderElection (LeaderElection.java:logAndReturn(56)) - 5c3956af-60d3-411f-8c98-c7ed3576de5c@group-EE856C9543A1-LeaderElection426: Election REJECTED; received 2 response(s) [5c3956af-60d3-411f-8c98-c7ed3576de5c<-efb933de-cdd8-4d8d-88d2-4c7ffe0dec1a#0:FAIL-t464, 5c3956af-60d3-411f-8c98-c7ed3576de5c<-9d88716d-5d6b-4fd8-b832-a110dc45ee66#0:FAIL-t464] and 0 exception(s); 5c3956af-60d3-411f-8c98-c7ed3576de5c@group-EE856C9543A1:t464, leader=null, voted=5c3956af-60d3-411f-8c98-c7ed3576de5c, raftlog=5c3956af-60d3-411f-8c98-c7ed3576de5c@group-EE856C9543A1-SegmentedRaftLog:OPENED:c-1,f-1,i0, conf=-1: [5c3956af-60d3-411f-8c98-c7ed3576de5c:192.168.34.38:33787, efb933de-cdd8-4d8d-88d2-4c7ffe0dec1a:192.168.34.38:42459, 9d88716d-5d6b-4fd8-b832-a110dc45ee66:192.168.34.38:38211], old=null
2019-10-16 21:53:50,213 [5c3956af-60d3-411f-8c98-c7ed3576de5c@group-EE856C9543A1-LeaderElection426] INFO  impl.RaftServerImpl (RaftServerImpl.java:setRole(184)) - 5c3956af-60d3-411f-8c98-c7ed3576de5c@group-EE856C9543A1: changes role from CANDIDATE to FOLLOWER at term 464 for DISCOVERED_A_NEW_TERM
2019-10-16 21:53:50,213 [5c3956af-60d3-411f-8c98-c7ed3576de5c@group-EE856C9543A1-LeaderElection426] INFO  impl.RoleInfo (RoleInfo.java:shutdownLeaderElection(134)) - 5c3956af-60d3-411f-8c98-c7ed3576de5c: shutdown LeaderElection
2019-10-16 21:53:50,213 [5c3956af-60d3-411f-8c98-c7ed3576de5c@group-EE856C9543A1-LeaderElection426] INFO  impl.RoleInfo (RoleInfo.java:updateAndGet(143)) - 5c3956af-60d3-411f-8c98-c7ed3576de5c: start FollowerState
2019-10-16 21:53:50,384 [Thread-3021] INFO  impl.FollowerState (FollowerState.java:run(108)) - 5c3956af-60d3-411f-8c98-c7ed3576de5c@group-EE856C9543A1-FollowerState: change to CANDIDATE, lastRpcTime:170ms, electionTimeout:170ms
2019-10-16 21:53:50,384 [Thread-3021] INFO  impl.RoleInfo (RoleInfo.java:shutdownFollowerState(121)) - 5c3956af-60d3-411f-8c98-c7ed3576de5c: shutdown FollowerState
2019-10-16 21:53:50,384 [Thread-3021] INFO  impl.RaftServerImpl (RaftServerImpl.java:setRole(184)) - 5c3956af-60d3-411f-8c98-c7ed3576de5c@group-EE856C9543A1: changes role from  FOLLOWER to CANDIDATE at term 464 for changeToCandidate
2019-10-16 21:53:50,384 [Thread-3021] INFO  impl.RoleInfo (RoleInfo.java:updateAndGet(143)) - 5c3956af-60d3-411f-8c98-c7ed3576de5c: start LeaderElection
2019-10-16 21:53:50,397 [5c3956af-60d3-411f-8c98-c7ed3576de5c@group-EE856C9543A1-LeaderElection427] INFO  impl.LeaderElection (LeaderElection.java:askForVotes(178)) - 5c3956af-60d3-411f-8c98-c7ed3576de5c@group-EE856C9543A1-LeaderElection427: begin an election at term 465 for -1: [5c3956af-60d3-411f-8c98-c7ed3576de5c:192.168.34.38:33787, efb933de-cdd8-4d8d-88d2-4c7ffe0dec1a:192.168.34.38:42459, 9d88716d-5d6b-4fd8-b832-a110dc45ee66:192.168.34.38:38211], old=null
2019-10-16 21:53:50,399 [grpc-default-executor-5] INFO  impl.RaftServerImpl (RaftServerImpl.java:setRole(184)) - efb933de-cdd8-4d8d-88d2-4c7ffe0dec1a@group-EE856C9543A1: changes role from  FOLLOWER to FOLLOWER at term 465 for recognizeCandidate:5c3956af-60d3-411f-8c98-c7ed3576de5c
2019-10-16 21:53:50,399 [grpc-default-executor-1] INFO  impl.RaftServerImpl (RaftServerImpl.java:setRole(184)) - 9d88716d-5d6b-4fd8-b832-a110dc45ee66@group-EE856C9543A1: changes role from  FOLLOWER to FOLLOWER at term 465 for recognizeCandidate:5c3956af-60d3-411f-8c98-c7ed3576de5c
2019-10-16 21:53:50,399 [grpc-default-executor-5] INFO  impl.RoleInfo (RoleInfo.java:shutdownFollowerState(121)) - efb933de-cdd8-4d8d-88d2-4c7ffe0dec1a: shutdown FollowerState
2019-10-16 21:53:50,400 [grpc-default-executor-1] INFO  impl.RoleInfo (RoleInfo.java:shutdownFollowerState(121)) - 9d88716d-5d6b-4fd8-b832-a110dc45ee66: shutdown FollowerState
2019-10-16 21:53:50,400 [Thread-3019] INFO  impl.FollowerState (FollowerState.java:run(117)) - efb933de-cdd8-4d8d-88d2-4c7ffe0dec1a@group-EE856C9543A1-FollowerState was interrupted: java.lang.InterruptedException: sleep interrupted
2019-10-16 21:53:50,400 [grpc-default-executor-5] INFO  impl.RoleInfo (RoleInfo.java:updateAndGet(143)) - efb933de-cdd8-4d8d-88d2-4c7ffe0dec1a: start FollowerState
2019-10-16 21:53:50,400 [Thread-3020] INFO  impl.FollowerState (FollowerState.java:run(117)) - 9d88716d-5d6b-4fd8-b832-a110dc45ee66@group-EE856C9543A1-FollowerState was interrupted: java.lang.InterruptedException: sleep interrupted
2019-10-16 21:53:50,400 [grpc-default-executor-1] INFO  impl.RoleInfo (RoleInfo.java:updateAndGet(143)) - 9d88716d-5d6b-4fd8-b832-a110dc45ee66: start FollowerState
2019-10-16 21:53:50,414 [5c3956af-60d3-411f-8c98-c7ed3576de5c@group-EE856C9543A1-LeaderElection427] INFO  impl.LeaderElection (LeaderElection.java:logAndReturn(56)) - 5c3956af-60d3-411f-8c98-c7ed3576de5c@group-EE856C9543A1-LeaderElection427: Election REJECTED; received 2 response(s) [5c3956af-60d3-411f-8c98-c7ed3576de5c<-efb933de-cdd8-4d8d-88d2-4c7ffe0dec1a#0:FAIL-t465, 5c3956af-60d3-411f-8c98-c7ed3576de5c<-9d88716d-5d6b-4fd8-b832-a110dc45ee66#0:FAIL-t465] and 0 exception(s); 5c3956af-60d3-411f-8c98-c7ed3576de5c@group-EE856C9543A1:t465, leader=null, voted=5c3956af-60d3-411f-8c98-c7ed3576de5c, raftlog=5c3956af-60d3-411f-8c98-c7ed3576de5c@group-EE856C9543A1-SegmentedRaftLog:OPENED:c-1,f-1,i0, conf=-1: [5c3956af-60d3-411f-8c98-c7ed3576de5c:192.168.34.38:33787, efb933de-cdd8-4d8d-88d2-4c7ffe0dec1a:192.168.34.38:42459, 9d88716d-5d6b-4fd8-b832-a110dc45ee66:192.168.34.38:38211], old=null
2019-10-16 21:53:50,414 [5c3956af-60d3-411f-8c98-c7ed3576de5c@group-EE856C9543A1-LeaderElection427] INFO  impl.RaftServerImpl (RaftServerImpl.java:setRole(184)) - 5c3956af-60d3-411f-8c98-c7ed3576de5c@group-EE856C9543A1: changes role from CANDIDATE to FOLLOWER at term 465 for DISCOVERED_A_NEW_TERM
2019-10-16 21:53:50,415 [5c3956af-60d3-411f-8c98-c7ed3576de5c@group-EE856C9543A1-LeaderElection427] INFO  impl.RoleInfo (RoleInfo.java:shutdownLeaderElection(134)) - 5c3956af-60d3-411f-8c98-c7ed3576de5c: shutdown LeaderElection
2019-10-16 21:53:50,415 [5c3956af-60d3-411f-8c98-c7ed3576de5c@group-EE856C9543A1-LeaderElection427] INFO  impl.RoleInfo (RoleInfo.java:updateAndGet(143)) - 5c3956af-60d3-411f-8c98-c7ed3576de5c: start FollowerState
2019-10-16 21:53:50,430 [Thread-3027] INFO  impl.FollowerState (FollowerState.java:run(108)) - 5c3956af-60d3-411f-8c98-c7ed3576de5c@group-EE856C9543A1-FollowerState: change to CANDIDATE, lastRpcTime:15ms, electionTimeout:15ms
2019-10-16 21:53:50,430 [Thread-3027] INFO  impl.RoleInfo (RoleInfo.java:shutdownFollowerState(121)) - 5c3956af-60d3-411f-8c98-c7ed3576de5c: shutdown FollowerState
2019-10-16 21:53:50,430 [Thread-3027] INFO  impl.RaftServerImpl (RaftServerImpl.java:setRole(184)) - 5c3956af-60d3-411f-8c98-c7ed3576de5c@group-EE856C9543A1: changes role from  FOLLOWER to CANDIDATE at term 465 for changeToCandidate
2019-10-16 21:53:50,430 [Thread-3027] INFO  impl.RoleInfo (RoleInfo.java:updateAndGet(143)) - 5c3956af-60d3-411f-8c98-c7ed3576de5c: start LeaderElection
2019-10-16 21:53:50,443 [5c3956af-60d3-411f-8c98-c7ed3576de5c@group-EE856C9543A1-LeaderElection428] INFO  impl.LeaderElection (LeaderElection.java:askForVotes(178)) - 5c3956af-60d3-411f-8c98-c7ed3576de5c@group-EE856C9543A1-LeaderElection428: begin an election at term 466 for -1: [5c3956af-60d3-411f-8c98-c7ed3576de5c:192.168.34.38:33787, efb933de-cdd8-4d8d-88d2-4c7ffe0dec1a:192.168.34.38:42459, 9d88716d-5d6b-4fd8-b832-a110dc45ee66:192.168.34.38:38211], old=null
2019-10-16 21:53:50,445 [grpc-default-executor-5] INFO  impl.RaftServerImpl (RaftServerImpl.java:setRole(184)) - efb933de-cdd8-4d8d-88d2-4c7ffe0dec1a@group-EE856C9543A1: changes role from  FOLLOWER to FOLLOWER at term 466 for recognizeCandidate:5c3956af-60d3-411f-8c98-c7ed3576de5c
2019-10-16 21:53:50,445 [grpc-default-executor-1] INFO  impl.RaftServerImpl (RaftServerImpl.java:setRole(184)) - 9d88716d-5d6b-4fd8-b832-a110dc45ee66@group-EE856C9543A1: changes role from  FOLLOWER to FOLLOWER at term 466 for recognizeCandidate:5c3956af-60d3-411f-8c98-c7ed3576de5c
2019-10-16 21:53:50,445 [grpc-default-executor-1] INFO  impl.RoleInfo (RoleInfo.java:shutdownFollowerState(121)) - 9d88716d-5d6b-4fd8-b832-a110dc45ee66: shutdown FollowerState
2019-10-16 21:53:50,445 [grpc-default-executor-5] INFO  impl.RoleInfo (RoleInfo.java:shutdownFollowerState(121)) - efb933de-cdd8-4d8d-88d2-4c7ffe0dec1a: shutdown FollowerState
2019-10-16 21:53:50,446 [Thread-3026] INFO  impl.FollowerState (FollowerState.java:run(117)) - 9d88716d-5d6b-4fd8-b832-a110dc45ee66@group-EE856C9543A1-FollowerState was interrupted: java.lang.InterruptedException: sleep interrupted
2019-10-16 21:53:50,446 [grpc-default-executor-1] INFO  impl.RoleInfo (RoleInfo.java:updateAndGet(143)) - 9d88716d-5d6b-4fd8-b832-a110dc45ee66: start FollowerState
2019-10-16 21:53:50,446 [Thread-3025] INFO  impl.FollowerState (FollowerState.java:run(117)) - efb933de-cdd8-4d8d-88d2-4c7ffe0dec1a@group-EE856C9543A1-FollowerState was interrupted: java.lang.InterruptedException: sleep interrupted
2019-10-16 21:53:50,446 [grpc-default-executor-5] INFO  impl.RoleInfo (RoleInfo.java:updateAndGet(143)) - efb933de-cdd8-4d8d-88d2-4c7ffe0dec1a: start FollowerState
2019-10-16 21:53:50,466 [5c3956af-60d3-411f-8c98-c7ed3576de5c@group-EE856C9543A1-LeaderElection428] INFO  impl.LeaderElection (LeaderElection.java:logAndReturn(56)) - 5c3956af-60d3-411f-8c98-c7ed3576de5c@group-EE856C9543A1-LeaderElection428: Election REJECTED; received 2 response(s) [5c3956af-60d3-411f-8c98-c7ed3576de5c<-efb933de-cdd8-4d8d-88d2-4c7ffe0dec1a#0:FAIL-t466, 5c3956af-60d3-411f-8c98-c7ed3576de5c<-9d88716d-5d6b-4fd8-b832-a110dc45ee66#0:FAIL-t466] and 0 exception(s); 5c3956af-60d3-411f-8c98-c7ed3576de5c@group-EE856C9543A1:t466, leader=null, voted=5c3956af-60d3-411f-8c98-c7ed3576de5c, raftlog=5c3956af-60d3-411f-8c98-c7ed3576de5c@group-EE856C9543A1-SegmentedRaftLog:OPENED:c-1,f-1,i0, conf=-1: [5c3956af-60d3-411f-8c98-c7ed3576de5c:192.168.34.38:33787, efb933de-cdd8-4d8d-88d2-4c7ffe0dec1a:192.168.34.38:42459, 9d88716d-5d6b-4fd8-b832-a110dc45ee66:192.168.34.38:38211], old=null
2019-10-16 21:53:50,466 [5c3956af-60d3-411f-8c98-c7ed3576de5c@group-EE856C9543A1-LeaderElection428] INFO  impl.RaftServerImpl (RaftServerImpl.java:setRole(184)) - 5c3956af-60d3-411f-8c98-c7ed3576de5c@group-EE856C9543A1: changes role from CANDIDATE to FOLLOWER at term 466 for DISCOVERED_A_NEW_TERM
2019-10-16 21:53:50,466 [5c3956af-60d3-411f-8c98-c7ed3576de5c@group-EE856C9543A1-LeaderElection428] INFO  impl.RoleInfo (RoleInfo.java:shutdownLeaderElection(134)) - 5c3956af-60d3-411f-8c98-c7ed3576de5c: shutdown LeaderElection
2019-10-16 21:53:50,467 [5c3956af-60d3-411f-8c98-c7ed3576de5c@group-EE856C9543A1-LeaderElection428] INFO  impl.RoleInfo (RoleInfo.java:updateAndGet(143)) - 5c3956af-60d3-411f-8c98-c7ed3576de5c: start FollowerState
2019-10-16 21:53:50,643 [Thread-3033] INFO  impl.FollowerState (FollowerState.java:run(108)) - 5c3956af-60d3-411f-8c98-c7ed3576de5c@group-EE856C9543A1-FollowerState: change to CANDIDATE, lastRpcTime:176ms, electionTimeout:176ms
2019-10-16 21:53:50,643 [Thread-3033] INFO  impl.RoleInfo (RoleInfo.java:shutdownFollowerState(121)) - 5c3956af-60d3-411f-8c98-c7ed3576de5c: shutdown FollowerState
2019-10-16 21:53:50,643 [Thread-3033] INFO  impl.RaftServerImpl (RaftServerImpl.java:setRole(184)) - 5c3956af-60d3-411f-8c98-c7ed3576de5c@group-EE856C9543A1: changes role from  FOLLOWER to CANDIDATE at term 466 for changeToCandidate
2019-10-16 21:53:50,643 [Thread-3033] INFO  impl.RoleInfo (RoleInfo.java:updateAndGet(143)) - 5c3956af-60d3-411f-8c98-c7ed3576de5c: start LeaderElection
2019-10-16 21:53:50,656 [5c3956af-60d3-411f-8c98-c7ed3576de5c@group-EE856C9543A1-LeaderElection429] INFO  impl.LeaderElection (LeaderElection.java:askForVotes(178)) - 5c3956af-60d3-411f-8c98-c7ed3576de5c@group-EE856C9543A1-LeaderElection429: begin an election at term 467 for -1: [5c3956af-60d3-411f-8c98-c7ed3576de5c:192.168.34.38:33787, efb933de-cdd8-4d8d-88d2-4c7ffe0dec1a:192.168.34.38:42459, 9d88716d-5d6b-4fd8-b832-a110dc45ee66:192.168.34.38:38211], old=null
2019-10-16 21:53:50,658 [grpc-default-executor-1] INFO  impl.RaftServerImpl (RaftServerImpl.java:setRole(184)) - efb933de-cdd8-4d8d-88d2-4c7ffe0dec1a@group-EE856C9543A1: changes role from  FOLLOWER to FOLLOWER at term 467 for recognizeCandidate:5c3956af-60d3-411f-8c98-c7ed3576de5c
2019-10-16 21:53:50,658 [grpc-default-executor-1] INFO  impl.RoleInfo (RoleInfo.java:shutdownFollowerState(121)) - efb933de-cdd8-4d8d-88d2-4c7ffe0dec1a: shutdown FollowerState
2019-10-16 21:53:50,659 [grpc-default-executor-5] INFO  impl.RaftServerImpl (RaftServerImpl.java:setRole(184)) - 9d88716d-5d6b-4fd8-b832-a110dc45ee66@group-EE856C9543A1: changes role from  FOLLOWER to FOLLOWER at term 467 for recognizeCandidate:5c3956af-60d3-411f-8c98-c7ed3576de5c
2019-10-16 21:53:50,659 [grpc-default-executor-5] INFO  impl.RoleInfo (RoleInfo.java:shutdownFollowerState(121)) - 9d88716d-5d6b-4fd8-b832-a110dc45ee66: shutdown FollowerState
2019-10-16 21:53:50,659 [Thread-3032] INFO  impl.FollowerState (FollowerState.java:run(117)) - efb933de-cdd8-4d8d-88d2-4c7ffe0dec1a@group-EE856C9543A1-FollowerState was interrupted: java.lang.InterruptedException: sleep interrupted
2019-10-16 21:53:50,659 [grpc-default-executor-1] INFO  impl.RoleInfo (RoleInfo.java:updateAndGet(143)) - efb933de-cdd8-4d8d-88d2-4c7ffe0dec1a: start FollowerState
2019-10-16 21:53:50,659 [Thread-3031] INFO  impl.FollowerState (FollowerState.java:run(117)) - 9d88716d-5d6b-4fd8-b832-a110dc45ee66@group-EE856C9543A1-FollowerState was interrupted: java.lang.InterruptedException: sleep interrupted
2019-10-16 21:53:50,659 [grpc-default-executor-5] INFO  impl.RoleInfo (RoleInfo.java:updateAndGet(143)) - 9d88716d-5d6b-4fd8-b832-a110dc45ee66: start FollowerState
2019-10-16 21:53:50,673 [5c3956af-60d3-411f-8c98-c7ed3576de5c@group-EE856C9543A1-LeaderElection429] INFO  impl.LeaderElection (LeaderElection.java:logAndReturn(56)) - 5c3956af-60d3-411f-8c98-c7ed3576de5c@group-EE856C9543A1-LeaderElection429: Election REJECTED; received 2 response(s) [5c3956af-60d3-411f-8c98-c7ed3576de5c<-efb933de-cdd8-4d8d-88d2-4c7ffe0dec1a#0:FAIL-t467, 5c3956af-60d3-411f-8c98-c7ed3576de5c<-9d88716d-5d6b-4fd8-b832-a110dc45ee66#0:FAIL-t467] and 0 exception(s); 5c3956af-60d3-411f-8c98-c7ed3576de5c@group-EE856C9543A1:t467, leader=null, voted=5c3956af-60d3-411f-8c98-c7ed3576de5c, raftlog=5c3956af-60d3-411f-8c98-c7ed3576de5c@group-EE856C9543A1-SegmentedRaftLog:OPENED:c-1,f-1,i0, conf=-1: [5c3956af-60d3-411f-8c98-c7ed3576de5c:192.168.34.38:33787, efb933de-cdd8-4d8d-88d2-4c7ffe0dec1a:192.168.34.38:42459, 9d88716d-5d6b-4fd8-b832-a110dc45ee66:192.168.34.38:38211], old=null
2019-10-16 21:53:50,674 [5c3956af-60d3-411f-8c98-c7ed3576de5c@group-EE856C9543A1-LeaderElection429] INFO  impl.RaftServerImpl (RaftServerImpl.java:setRole(184)) - 5c3956af-60d3-411f-8c98-c7ed3576de5c@group-EE856C9543A1: changes role from CANDIDATE to FOLLOWER at term 467 for DISCOVERED_A_NEW_TERM
2019-10-16 21:53:50,674 [5c3956af-60d3-411f-8c98-c7ed3576de5c@group-EE856C9543A1-LeaderElection429] INFO  impl.RoleInfo (RoleInfo.java:shutdownLeaderElection(134)) - 5c3956af-60d3-411f-8c98-c7ed3576de5c: shutdown LeaderElection
2019-10-16 21:53:50,674 [5c3956af-60d3-411f-8c98-c7ed3576de5c@group-EE856C9543A1-LeaderElection429] INFO  impl.RoleInfo (RoleInfo.java:updateAndGet(143)) - 5c3956af-60d3-411f-8c98-c7ed3576de5c: start FollowerState
2019-10-16 21:53:50,750 [Thread-3039] INFO  impl.FollowerState (FollowerState.java:run(108)) - 5c3956af-60d3-411f-8c98-c7ed3576de5c@group-EE856C9543A1-FollowerState: change to CANDIDATE, lastRpcTime:76ms, electionTimeout:76ms
2019-10-16 21:53:50,750 [Thread-3039] INFO  impl.RoleInfo (RoleInfo.java:shutdownFollowerState(121)) - 5c3956af-60d3-411f-8c98-c7ed3576de5c: shutdown FollowerState
2019-10-16 21:53:50,750 [Thread-3039] INFO  impl.RaftServerImpl (RaftServerImpl.java:setRole(184)) - 5c3956af-60d3-411f-8c98-c7ed3576de5c@group-EE856C9543A1: changes role from  FOLLOWER to CANDIDATE at term 467 for changeToCandidate
2019-10-16 21:53:50,750 [Thread-3039] INFO  impl.RoleInfo (RoleInfo.java:updateAndGet(143)) - 5c3956af-60d3-411f-8c98-c7ed3576de5c: start LeaderElection
2019-10-16 21:53:50,761 [JUnit] INFO  ozoneimpl.OzoneContainer (OzoneContainer.java:stop(227)) - Attempting to stop container services.
2019-10-16 21:53:50,761 [ForkJoinPool.commonPool-worker-0] INFO  ozoneimpl.OzoneContainer (OzoneContainer.java:stop(227)) - Attempting to stop container services.
2019-10-16 21:53:50,762 [JUnit] INFO  impl.RaftServerProxy (RaftServerProxy.java:lambda$close$4(314)) - 45fbe16b-e751-4a45-a959-58ac23dab104: close
2019-10-16 21:53:50,762 [ForkJoinPool.commonPool-worker-0] INFO  impl.RaftServerProxy (RaftServerProxy.java:lambda$close$4(314)) - 5c3956af-60d3-411f-8c98-c7ed3576de5c: close
2019-10-16 21:53:50,763 [JUnit] INFO  impl.RaftServerImpl (RaftServerImpl.java:lambda$shutdown$3(261)) - 45fbe16b-e751-4a45-a959-58ac23dab104@group-09B31D2A0473: shutdown
2019-10-16 21:53:50,763 [ForkJoinPool.commonPool-worker-0] INFO  impl.RaftServerImpl (RaftServerImpl.java:lambda$shutdown$3(261)) - 5c3956af-60d3-411f-8c98-c7ed3576de5c@group-EE856C9543A1: shutdown
2019-10-16 21:53:50,764 [JUnit] INFO  util.JmxRegister (JmxRegister.java:unregister(73)) - Successfully un-registered JMX Bean with object name Ratis:service=RaftServer,group=group-09B31D2A0473,id=45fbe16b-e751-4a45-a959-58ac23dab104
2019-10-16 21:53:50,764 [ForkJoinPool.commonPool-worker-0] INFO  util.JmxRegister (JmxRegister.java:unregister(73)) - Successfully un-registered JMX Bean with object name Ratis:service=RaftServer,group=group-EE856C9543A1,id=5c3956af-60d3-411f-8c98-c7ed3576de5c
2019-10-16 21:53:50,764 [5c3956af-60d3-411f-8c98-c7ed3576de5c@group-EE856C9543A1-LeaderElection430] INFO  impl.LeaderElection (LeaderElection.java:askForVotes(178)) - 5c3956af-60d3-411f-8c98-c7ed3576de5c@group-EE856C9543A1-LeaderElection430: begin an election at term 468 for -1: [5c3956af-60d3-411f-8c98-c7ed3576de5c:192.168.34.38:33787, efb933de-cdd8-4d8d-88d2-4c7ffe0dec1a:192.168.34.38:42459, 9d88716d-5d6b-4fd8-b832-a110dc45ee66:192.168.34.38:38211], old=null
2019-10-16 21:53:50,764 [JUnit] INFO  impl.RoleInfo (RoleInfo.java:shutdownLeaderState(104)) - 45fbe16b-e751-4a45-a959-58ac23dab104: shutdown LeaderState
2019-10-16 21:53:50,764 [ForkJoinPool.commonPool-worker-0] INFO  impl.RoleInfo (RoleInfo.java:shutdownLeaderElection(134)) - 5c3956af-60d3-411f-8c98-c7ed3576de5c: shutdown LeaderElection
2019-10-16 21:53:50,765 [JUnit] INFO  impl.PendingRequests (PendingRequests.java:sendNotLeaderResponses(202)) - 45fbe16b-e751-4a45-a959-58ac23dab104@group-09B31D2A0473-PendingRequests: sendNotLeaderResponses
2019-10-16 21:53:50,765 [5c3956af-60d3-411f-8c98-c7ed3576de5c@group-EE856C9543A1-LeaderElection430] INFO  impl.LeaderElection (LeaderElection.java:logAndReturn(56)) - 5c3956af-60d3-411f-8c98-c7ed3576de5c@group-EE856C9543A1-LeaderElection430: Election REJECTED; received 0 response(s) [] and 0 exception(s); 5c3956af-60d3-411f-8c98-c7ed3576de5c@group-EE856C9543A1:t468, leader=null, voted=5c3956af-60d3-411f-8c98-c7ed3576de5c, raftlog=5c3956af-60d3-411f-8c98-c7ed3576de5c@group-EE856C9543A1-SegmentedRaftLog:OPENED:c-1,f-1,i0, conf=-1: [5c3956af-60d3-411f-8c98-c7ed3576de5c:192.168.34.38:33787, efb933de-cdd8-4d8d-88d2-4c7ffe0dec1a:192.168.34.38:42459, 9d88716d-5d6b-4fd8-b832-a110dc45ee66:192.168.34.38:38211], old=null
2019-10-16 21:53:50,765 [ForkJoinPool.commonPool-worker-0] INFO  impl.StateMachineUpdater (StateMachineUpdater.java:stopAndJoin(136)) - 5c3956af-60d3-411f-8c98-c7ed3576de5c@group-EE856C9543A1-StateMachineUpdater: set stopIndex = -1
2019-10-16 21:53:50,768 [JUnit] INFO  impl.StateMachineUpdater (StateMachineUpdater.java:stopAndJoin(136)) - 45fbe16b-e751-4a45-a959-58ac23dab104@group-09B31D2A0473-StateMachineUpdater: set stopIndex = 0
2019-10-16 21:53:50,768 [ForkJoinPool.commonPool-worker-0] INFO  impl.RaftServerImpl (ServerState.java:close(388)) - 5c3956af-60d3-411f-8c98-c7ed3576de5c@group-EE856C9543A1: closes. applyIndex: -1
2019-10-16 21:53:50,768 [grpc-default-executor-1] INFO  impl.RaftServerImpl (RaftServerImpl.java:setRole(184)) - 9d88716d-5d6b-4fd8-b832-a110dc45ee66@group-EE856C9543A1: changes role from  FOLLOWER to FOLLOWER at term 468 for recognizeCandidate:5c3956af-60d3-411f-8c98-c7ed3576de5c
2019-10-16 21:53:50,768 [grpc-default-executor-1] INFO  impl.RoleInfo (RoleInfo.java:shutdownFollowerState(121)) - 9d88716d-5d6b-4fd8-b832-a110dc45ee66: shutdown FollowerState
2019-10-16 21:53:50,769 [5c3956af-60d3-411f-8c98-c7ed3576de5c@group-EE856C9543A1-SegmentedRaftLogWorker] INFO  segmented.SegmentedRaftLogWorker (SegmentedRaftLogWorker.java:run(316)) - 5c3956af-60d3-411f-8c98-c7ed3576de5c@group-EE856C9543A1-SegmentedRaftLogWorker was interrupted, exiting. There are 0 tasks remaining in the queue.
2019-10-16 21:53:50,769 [grpc-default-executor-5] INFO  impl.RaftServerImpl (RaftServerImpl.java:setRole(184)) - efb933de-cdd8-4d8d-88d2-4c7ffe0dec1a@group-EE856C9543A1: changes role from  FOLLOWER to FOLLOWER at term 468 for recognizeCandidate:5c3956af-60d3-411f-8c98-c7ed3576de5c
2019-10-16 21:53:50,769 [ForkJoinPool.commonPool-worker-0] INFO  segmented.SegmentedRaftLogWorker (SegmentedRaftLogWorker.java:close(224)) - 5c3956af-60d3-411f-8c98-c7ed3576de5c@group-EE856C9543A1-SegmentedRaftLogWorker close()
2019-10-16 21:53:50,769 [Thread-3038] INFO  impl.FollowerState (FollowerState.java:run(117)) - 9d88716d-5d6b-4fd8-b832-a110dc45ee66@group-EE856C9543A1-FollowerState was interrupted: java.lang.InterruptedException: sleep interrupted
2019-10-16 21:53:50,769 [grpc-default-executor-1] INFO  impl.RoleInfo (RoleInfo.java:updateAndGet(143)) - 9d88716d-5d6b-4fd8-b832-a110dc45ee66: start FollowerState
2019-10-16 21:53:50,772 [ForkJoinPool.commonPool-worker-0] INFO  impl.RaftServerImpl (RaftServerImpl.java:lambda$shutdown$3(261)) - 5c3956af-60d3-411f-8c98-c7ed3576de5c@group-9043730FD47D: shutdown
2019-10-16 21:53:50,769 [JUnit] INFO  impl.RaftServerImpl (ServerState.java:close(388)) - 45fbe16b-e751-4a45-a959-58ac23dab104@group-09B31D2A0473: closes. applyIndex: 0
2019-10-16 21:53:50,772 [ForkJoinPool.commonPool-worker-0] INFO  util.JmxRegister (JmxRegister.java:unregister(73)) - Successfully un-registered JMX Bean with object name Ratis:service=RaftServer,group=group-9043730FD47D,id=5c3956af-60d3-411f-8c98-c7ed3576de5c
2019-10-16 21:53:50,769 [grpc-default-executor-5] INFO  impl.RoleInfo (RoleInfo.java:shutdownFollowerState(121)) - efb933de-cdd8-4d8d-88d2-4c7ffe0dec1a: shutdown FollowerState
2019-10-16 21:53:50,773 [ForkJoinPool.commonPool-worker-0] INFO  impl.RoleInfo (RoleInfo.java:shutdownLeaderState(104)) - 5c3956af-60d3-411f-8c98-c7ed3576de5c: shutdown LeaderState
2019-10-16 21:53:50,773 [45fbe16b-e751-4a45-a959-58ac23dab104@group-09B31D2A0473-SegmentedRaftLogWorker] INFO  segmented.SegmentedRaftLogWorker (SegmentedRaftLogWorker.java:run(316)) - 45fbe16b-e751-4a45-a959-58ac23dab104@group-09B31D2A0473-SegmentedRaftLogWorker was interrupted, exiting. There are 0 tasks remaining in the queue.
2019-10-16 21:53:50,773 [ForkJoinPool.commonPool-worker-0] INFO  impl.PendingRequests (PendingRequests.java:sendNotLeaderResponses(202)) - 5c3956af-60d3-411f-8c98-c7ed3576de5c@group-9043730FD47D-PendingRequests: sendNotLeaderResponses
2019-10-16 21:53:50,773 [Thread-3037] INFO  impl.FollowerState (FollowerState.java:run(117)) - efb933de-cdd8-4d8d-88d2-4c7ffe0dec1a@group-EE856C9543A1-FollowerState was interrupted: java.lang.InterruptedException: sleep interrupted
2019-10-16 21:53:50,773 [grpc-default-executor-5] INFO  impl.RoleInfo (RoleInfo.java:updateAndGet(143)) - efb933de-cdd8-4d8d-88d2-4c7ffe0dec1a: start FollowerState
2019-10-16 21:53:50,774 [ForkJoinPool.commonPool-worker-0] INFO  impl.StateMachineUpdater (StateMachineUpdater.java:stopAndJoin(136)) - 5c3956af-60d3-411f-8c98-c7ed3576de5c@group-9043730FD47D-StateMachineUpdater: set stopIndex = 0
2019-10-16 21:53:50,775 [ForkJoinPool.commonPool-worker-0] INFO  impl.RaftServerImpl (ServerState.java:close(388)) - 5c3956af-60d3-411f-8c98-c7ed3576de5c@group-9043730FD47D: closes. applyIndex: 0
2019-10-16 21:53:50,774 [JUnit] INFO  segmented.SegmentedRaftLogWorker (SegmentedRaftLogWorker.java:close(224)) - 45fbe16b-e751-4a45-a959-58ac23dab104@group-09B31D2A0473-SegmentedRaftLogWorker close()
2019-10-16 21:53:50,775 [5c3956af-60d3-411f-8c98-c7ed3576de5c@group-9043730FD47D-SegmentedRaftLogWorker] INFO  segmented.SegmentedRaftLogWorker (SegmentedRaftLogWorker.java:run(316)) - 5c3956af-60d3-411f-8c98-c7ed3576de5c@group-9043730FD47D-SegmentedRaftLogWorker was interrupted, exiting. There are 0 tasks remaining in the queue.
2019-10-16 21:53:50,779 [ForkJoinPool.commonPool-worker-0] INFO  segmented.SegmentedRaftLogWorker (SegmentedRaftLogWorker.java:close(224)) - 5c3956af-60d3-411f-8c98-c7ed3576de5c@group-9043730FD47D-SegmentedRaftLogWorker close()
2019-10-16 21:53:50,781 [JUnit] INFO  server.GrpcService (GrpcService.java:closeImpl(164)) - 45fbe16b-e751-4a45-a959-58ac23dab104: shutdown server with port 37571 now
2019-10-16 21:53:50,781 [ForkJoinPool.commonPool-worker-0] INFO  server.GrpcService (GrpcService.java:closeImpl(164)) - 5c3956af-60d3-411f-8c98-c7ed3576de5c: shutdown server with port 33787 now
2019-10-16 21:53:50,786 [JUnit] INFO  server.GrpcService (GrpcService.java:closeImpl(172)) - 45fbe16b-e751-4a45-a959-58ac23dab104: shutdown server with port 37571 successfully
2019-10-16 21:53:50,789 [ForkJoinPool.commonPool-worker-0] INFO  server.GrpcService (GrpcService.java:closeImpl(172)) - 5c3956af-60d3-411f-8c98-c7ed3576de5c: shutdown server with port 33787 successfully
2019-10-16 21:53:50,791 [refreshUsed-/workdir/hadoop-ozone/ozonefs/target/test-dir/MiniOzoneClusterImpl-d26aec2b-09c1-4f88-9204-0bb43e71ee01/datanode-2/data/containers] WARN  fs.CachingGetSpaceUsed (CachingGetSpaceUsed.java:run(183)) - Thread Interrupted waiting to refresh disk information: sleep interrupted
2019-10-16 21:53:50,792 [refreshUsed-/workdir/hadoop-ozone/ozonefs/target/test-dir/MiniOzoneClusterImpl-d26aec2b-09c1-4f88-9204-0bb43e71ee01/datanode-1/data/containers] WARN  fs.CachingGetSpaceUsed (CachingGetSpaceUsed.java:run(183)) - Thread Interrupted waiting to refresh disk information: sleep interrupted
2019-10-16 21:53:50,825 [JUnit] INFO  utils.BackgroundService (BackgroundService.java:shutdown(151)) - Shutting down service BlockDeletingService
2019-10-16 21:53:50,828 [JUnit] INFO  statemachine.DatanodeStateMachine (DatanodeStateMachine.java:stopDaemon(395)) - Ozone container server stopped.
2019-10-16 21:53:50,829 [ForkJoinPool.commonPool-worker-0] INFO  utils.BackgroundService (BackgroundService.java:shutdown(151)) - Shutting down service BlockDeletingService
2019-10-16 21:53:50,832 [ForkJoinPool.commonPool-worker-0] INFO  statemachine.DatanodeStateMachine (DatanodeStateMachine.java:stopDaemon(395)) - Ozone container server stopped.
2019-10-16 21:53:50,832 [JUnit] INFO  handler.ContextHandler (ContextHandler.java:doStop(910)) - Stopped o.e.j.w.WebAppContext@176996c3{/,null,UNAVAILABLE}{/hddsDatanode}
2019-10-16 21:53:50,835 [JUnit] INFO  server.AbstractConnector (AbstractConnector.java:doStop(318)) - Stopped ServerConnector@411c6d44{HTTP/1.1,[http/1.1]}{0.0.0.0:0}
2019-10-16 21:53:50,835 [ForkJoinPool.commonPool-worker-0] INFO  handler.ContextHandler (ContextHandler.java:doStop(910)) - Stopped o.e.j.w.WebAppContext@118ffcfd{/,null,UNAVAILABLE}{/hddsDatanode}
2019-10-16 21:53:50,836 [JUnit] INFO  handler.ContextHandler (ContextHandler.java:doStop(910)) - Stopped o.e.j.s.ServletContextHandler@70972170{/static,jar:file:/home/user/.m2/repository/org/apache/hadoop/hadoop-hdds-container-service/0.5.0-SNAPSHOT/hadoop-hdds-container-service-0.5.0-SNAPSHOT.jar!/webapps/static,UNAVAILABLE}
2019-10-16 21:53:50,836 [JUnit] INFO  handler.ContextHandler (ContextHandler.java:doStop(910)) - Stopped o.e.j.s.ServletContextHandler@3d4e405e{/logs,file:///workdir/hadoop-ozone/ozonefs/target/log,UNAVAILABLE}
2019-10-16 21:53:50,836 [ForkJoinPool.commonPool-worker-0] INFO  server.AbstractConnector (AbstractConnector.java:doStop(318)) - Stopped ServerConnector@53f4c1e6{HTTP/1.1,[http/1.1]}{0.0.0.0:0}
2019-10-16 21:53:50,837 [ForkJoinPool.commonPool-worker-0] INFO  handler.ContextHandler (ContextHandler.java:doStop(910)) - Stopped o.e.j.s.ServletContextHandler@4faa298{/static,jar:file:/home/user/.m2/repository/org/apache/hadoop/hadoop-hdds-container-service/0.5.0-SNAPSHOT/hadoop-hdds-container-service-0.5.0-SNAPSHOT.jar!/webapps/static,UNAVAILABLE}
2019-10-16 21:53:50,839 [ForkJoinPool.commonPool-worker-0] INFO  handler.ContextHandler (ContextHandler.java:doStop(910)) - Stopped o.e.j.s.ServletContextHandler@15639440{/logs,file:///workdir/hadoop-ozone/ozonefs/target/log,UNAVAILABLE}
2019-10-16 21:53:50,929 [Datanode State Machine Thread - 0] INFO  statemachine.DatanodeStateMachine (DatanodeStateMachine.java:lambda$startDaemon$0(350)) - Ozone container server started.
2019-10-16 21:53:51,828 [Datanode State Machine Thread - 0] INFO  statemachine.DatanodeStateMachine (DatanodeStateMachine.java:lambda$startDaemon$0(350)) - Ozone container server started.
2019-10-16 21:53:55,064 [EventQueue-PipelineReportForPipelineReportHandler] INFO  pipeline.PipelineReportHandler (PipelineReportHandler.java:processPipelineReport(119)) - Pipeline PipelineID=1bf82b5e-0ea1-4459-996d-ee856c9543a1 reported by 9d88716d-5d6b-4fd8-b832-a110dc45ee66{ip: 192.168.34.38, host: pr-hdds-1868-89kc4-1304904179, networkLocation: /default-rack, certSerialId: null} with leaderId efb933de-cdd8-4d8d-88d2-4c7ffe0dec1a
2019-10-16 21:53:55,791 [Thread-3044] INFO  impl.FollowerState (FollowerState.java:run(108)) - efb933de-cdd8-4d8d-88d2-4c7ffe0dec1a@group-EE856C9543A1-FollowerState: change to CANDIDATE, lastRpcTime:5018ms, electionTimeout:5016ms
2019-10-16 21:53:55,791 [Thread-3044] INFO  impl.RoleInfo (RoleInfo.java:shutdownFollowerState(121)) - efb933de-cdd8-4d8d-88d2-4c7ffe0dec1a: shutdown FollowerState
2019-10-16 21:53:55,791 [Thread-3044] INFO  impl.RaftServerImpl (RaftServerImpl.java:setRole(184)) - efb933de-cdd8-4d8d-88d2-4c7ffe0dec1a@group-EE856C9543A1: changes role from  FOLLOWER to CANDIDATE at term 468 for changeToCandidate
2019-10-16 21:53:55,792 [Thread-3044] INFO  impl.RoleInfo (RoleInfo.java:updateAndGet(143)) - efb933de-cdd8-4d8d-88d2-4c7ffe0dec1a: start LeaderElection
2019-10-16 21:53:55,807 [efb933de-cdd8-4d8d-88d2-4c7ffe0dec1a@group-EE856C9543A1-LeaderElection431] INFO  impl.LeaderElection (LeaderElection.java:askForVotes(178)) - efb933de-cdd8-4d8d-88d2-4c7ffe0dec1a@group-EE856C9543A1-LeaderElection431: begin an election at term 469 for 0: [5c3956af-60d3-411f-8c98-c7ed3576de5c:192.168.34.38:33787, efb933de-cdd8-4d8d-88d2-4c7ffe0dec1a:192.168.34.38:42459, 9d88716d-5d6b-4fd8-b832-a110dc45ee66:192.168.34.38:38211], old=null
2019-10-16 21:53:55,819 [grpc-default-executor-1] INFO  impl.RaftServerImpl (RaftServerImpl.java:setRole(184)) - 9d88716d-5d6b-4fd8-b832-a110dc45ee66@group-EE856C9543A1: changes role from  FOLLOWER to FOLLOWER at term 469 for recognizeCandidate:efb933de-cdd8-4d8d-88d2-4c7ffe0dec1a
2019-10-16 21:53:55,819 [grpc-default-executor-1] INFO  impl.RoleInfo (RoleInfo.java:shutdownFollowerState(121)) - 9d88716d-5d6b-4fd8-b832-a110dc45ee66: shutdown FollowerState
2019-10-16 21:53:55,819 [grpc-default-executor-1] INFO  impl.RoleInfo (RoleInfo.java:updateAndGet(143)) - 9d88716d-5d6b-4fd8-b832-a110dc45ee66: start FollowerState
2019-10-16 21:53:55,819 [Thread-3043] INFO  impl.FollowerState (FollowerState.java:run(117)) - 9d88716d-5d6b-4fd8-b832-a110dc45ee66@group-EE856C9543A1-FollowerState was interrupted: java.lang.InterruptedException: sleep interrupted
2019-10-16 21:53:55,829 [efb933de-cdd8-4d8d-88d2-4c7ffe0dec1a@group-EE856C9543A1-LeaderElection431] INFO  impl.LeaderElection (LogUtils.java:infoOrTrace(149)) - efb933de-cdd8-4d8d-88d2-4c7ffe0dec1a@group-EE856C9543A1-LeaderElection431 got exception when requesting votes: {}
java.util.concurrent.ExecutionException: org.apache.ratis.thirdparty.io.grpc.StatusRuntimeException: UNAVAILABLE: io exception
	at java.util.concurrent.FutureTask.report(FutureTask.java:122)
	at java.util.concurrent.FutureTask.get(FutureTask.java:192)
	at org.apache.ratis.server.impl.LeaderElection.waitForResults(LeaderElection.java:259)
	at org.apache.ratis.server.impl.LeaderElection.askForVotes(LeaderElection.java:197)
	at org.apache.ratis.server.impl.LeaderElection.run(LeaderElection.java:133)
	at java.lang.Thread.run(Thread.java:748)
Caused by: org.apache.ratis.thirdparty.io.grpc.StatusRuntimeException: UNAVAILABLE: io exception
	at org.apache.ratis.thirdparty.io.grpc.stub.ClientCalls.toStatusRuntimeException(ClientCalls.java:233)
	at org.apache.ratis.thirdparty.io.grpc.stub.ClientCalls.getUnchecked(ClientCalls.java:214)
	at org.apache.ratis.thirdparty.io.grpc.stub.ClientCalls.blockingUnaryCall(ClientCalls.java:139)
	at org.apache.ratis.proto.grpc.RaftServerProtocolServiceGrpc$RaftServerProtocolServiceBlockingStub.requestVote(RaftServerProtocolServiceGrpc.java:265)
	at org.apache.ratis.grpc.server.GrpcServerProtocolClient.requestVote(GrpcServerProtocolClient.java:99)
	at org.apache.ratis.grpc.server.GrpcService.requestVote(GrpcService.java:204)
	at org.apache.ratis.server.impl.LeaderElection.lambda$submitRequests$1(LeaderElection.java:234)
	at java.util.concurrent.FutureTask.run(FutureTask.java:266)
	at java.util.concurrent.Executors$RunnableAdapter.call(Executors.java:511)
	at java.util.concurrent.FutureTask.run(FutureTask.java:266)
	at java.util.concurrent.ThreadPoolExecutor.runWorker(ThreadPoolExecutor.java:1149)
	at java.util.concurrent.ThreadPoolExecutor$Worker.run(ThreadPoolExecutor.java:624)
	... 1 more
Caused by: org.apache.ratis.thirdparty.io.netty.channel.AbstractChannel$AnnotatedConnectException: Connection refused: /192.168.34.38:33787
	at sun.nio.ch.SocketChannelImpl.checkConnect(Native Method)
	at sun.nio.ch.SocketChannelImpl.finishConnect(SocketChannelImpl.java:717)
	at org.apache.ratis.thirdparty.io.netty.channel.socket.nio.NioSocketChannel.doFinishConnect(NioSocketChannel.java:327)
	at org.apache.ratis.thirdparty.io.netty.channel.nio.AbstractNioChannel$AbstractNioUnsafe.finishConnect(AbstractNioChannel.java:340)
	at org.apache.ratis.thirdparty.io.netty.channel.nio.NioEventLoop.processSelectedKey(NioEventLoop.java:632)
	at org.apache.ratis.thirdparty.io.netty.channel.nio.NioEventLoop.processSelectedKeysOptimized(NioEventLoop.java:579)
	at org.apache.ratis.thirdparty.io.netty.channel.nio.NioEventLoop.processSelectedKeys(NioEventLoop.java:496)
	at org.apache.ratis.thirdparty.io.netty.channel.nio.NioEventLoop.run(NioEventLoop.java:458)
	at org.apache.ratis.thirdparty.io.netty.util.concurrent.SingleThreadEventExecutor$5.run(SingleThreadEventExecutor.java:897)
	at org.apache.ratis.thirdparty.io.netty.util.concurrent.FastThreadLocalRunnable.run(FastThreadLocalRunnable.java:30)
	... 1 more
Caused by: java.net.ConnectException: Connection refused
	... 11 more
2019-10-16 21:53:55,834 [efb933de-cdd8-4d8d-88d2-4c7ffe0dec1a@group-EE856C9543A1-LeaderElection431] INFO  impl.LeaderElection (LeaderElection.java:logAndReturn(56)) - efb933de-cdd8-4d8d-88d2-4c7ffe0dec1a@group-EE856C9543A1-LeaderElection431: Election PASSED; received 1 response(s) [efb933de-cdd8-4d8d-88d2-4c7ffe0dec1a<-9d88716d-5d6b-4fd8-b832-a110dc45ee66#0:OK-t469] and 1 exception(s); efb933de-cdd8-4d8d-88d2-4c7ffe0dec1a@group-EE856C9543A1:t469, leader=null, voted=efb933de-cdd8-4d8d-88d2-4c7ffe0dec1a, raftlog=efb933de-cdd8-4d8d-88d2-4c7ffe0dec1a@group-EE856C9543A1-SegmentedRaftLog:OPENED:c0,f0,i0, conf=0: [5c3956af-60d3-411f-8c98-c7ed3576de5c:192.168.34.38:33787, efb933de-cdd8-4d8d-88d2-4c7ffe0dec1a:192.168.34.38:42459, 9d88716d-5d6b-4fd8-b832-a110dc45ee66:192.168.34.38:38211], old=null
2019-10-16 21:53:55,835 [efb933de-cdd8-4d8d-88d2-4c7ffe0dec1a@group-EE856C9543A1-LeaderElection431] INFO  impl.LeaderElection (LogUtils.java:infoOrTrace(149)) -   Exception 0: {}
java.util.concurrent.ExecutionException: org.apache.ratis.thirdparty.io.grpc.StatusRuntimeException: UNAVAILABLE: io exception
	at java.util.concurrent.FutureTask.report(FutureTask.java:122)
	at java.util.concurrent.FutureTask.get(FutureTask.java:192)
	at org.apache.ratis.server.impl.LeaderElection.waitForResults(LeaderElection.java:259)
	at org.apache.ratis.server.impl.LeaderElection.askForVotes(LeaderElection.java:197)
	at org.apache.ratis.server.impl.LeaderElection.run(LeaderElection.java:133)
	at java.lang.Thread.run(Thread.java:748)
Caused by: org.apache.ratis.thirdparty.io.grpc.StatusRuntimeException: UNAVAILABLE: io exception
	at org.apache.ratis.thirdparty.io.grpc.stub.ClientCalls.toStatusRuntimeException(ClientCalls.java:233)
	at org.apache.ratis.thirdparty.io.grpc.stub.ClientCalls.getUnchecked(ClientCalls.java:214)
	at org.apache.ratis.thirdparty.io.grpc.stub.ClientCalls.blockingUnaryCall(ClientCalls.java:139)
	at org.apache.ratis.proto.grpc.RaftServerProtocolServiceGrpc$RaftServerProtocolServiceBlockingStub.requestVote(RaftServerProtocolServiceGrpc.java:265)
	at org.apache.ratis.grpc.server.GrpcServerProtocolClient.requestVote(GrpcServerProtocolClient.java:99)
	at org.apache.ratis.grpc.server.GrpcService.requestVote(GrpcService.java:204)
	at org.apache.ratis.server.impl.LeaderElection.lambda$submitRequests$1(LeaderElection.java:234)
	at java.util.concurrent.FutureTask.run(FutureTask.java:266)
	at java.util.concurrent.Executors$RunnableAdapter.call(Executors.java:511)
	at java.util.concurrent.FutureTask.run(FutureTask.java:266)
	at java.util.concurrent.ThreadPoolExecutor.runWorker(ThreadPoolExecutor.java:1149)
	at java.util.concurrent.ThreadPoolExecutor$Worker.run(ThreadPoolExecutor.java:624)
	... 1 more
Caused by: org.apache.ratis.thirdparty.io.netty.channel.AbstractChannel$AnnotatedConnectException: Connection refused: /192.168.34.38:33787
	at sun.nio.ch.SocketChannelImpl.checkConnect(Native Method)
	at sun.nio.ch.SocketChannelImpl.finishConnect(SocketChannelImpl.java:717)
	at org.apache.ratis.thirdparty.io.netty.channel.socket.nio.NioSocketChannel.doFinishConnect(NioSocketChannel.java:327)
	at org.apache.ratis.thirdparty.io.netty.channel.nio.AbstractNioChannel$AbstractNioUnsafe.finishConnect(AbstractNioChannel.java:340)
	at org.apache.ratis.thirdparty.io.netty.channel.nio.NioEventLoop.processSelectedKey(NioEventLoop.java:632)
	at org.apache.ratis.thirdparty.io.netty.channel.nio.NioEventLoop.processSelectedKeysOptimized(NioEventLoop.java:579)
	at org.apache.ratis.thirdparty.io.netty.channel.nio.NioEventLoop.processSelectedKeys(NioEventLoop.java:496)
	at org.apache.ratis.thirdparty.io.netty.channel.nio.NioEventLoop.run(NioEventLoop.java:458)
	at org.apache.ratis.thirdparty.io.netty.util.concurrent.SingleThreadEventExecutor$5.run(SingleThreadEventExecutor.java:897)
	at org.apache.ratis.thirdparty.io.netty.util.concurrent.FastThreadLocalRunnable.run(FastThreadLocalRunnable.java:30)
	... 1 more
Caused by: java.net.ConnectException: Connection refused
	... 11 more
2019-10-16 21:53:55,836 [efb933de-cdd8-4d8d-88d2-4c7ffe0dec1a@group-EE856C9543A1-LeaderElection431] INFO  impl.RoleInfo (RoleInfo.java:shutdownLeaderElection(134)) - efb933de-cdd8-4d8d-88d2-4c7ffe0dec1a: shutdown LeaderElection
2019-10-16 21:53:55,836 [efb933de-cdd8-4d8d-88d2-4c7ffe0dec1a@group-EE856C9543A1-LeaderElection431] INFO  impl.RaftServerImpl (RaftServerImpl.java:setRole(184)) - efb933de-cdd8-4d8d-88d2-4c7ffe0dec1a@group-EE856C9543A1: changes role from CANDIDATE to LEADER at term 469 for changeToLeader
2019-10-16 21:53:55,836 [efb933de-cdd8-4d8d-88d2-4c7ffe0dec1a@group-EE856C9543A1-LeaderElection431] INFO  ratis.XceiverServerRatis (XceiverServerRatis.java:handleLeaderChangedNotification(700)) - Leader change notification received for group: group-EE856C9543A1 with new leaderId: efb933de-cdd8-4d8d-88d2-4c7ffe0dec1a
2019-10-16 21:53:55,836 [efb933de-cdd8-4d8d-88d2-4c7ffe0dec1a@group-EE856C9543A1-LeaderElection431] INFO  impl.RaftServerImpl (ServerState.java:setLeader(256)) - efb933de-cdd8-4d8d-88d2-4c7ffe0dec1a@group-EE856C9543A1: change Leader from null to efb933de-cdd8-4d8d-88d2-4c7ffe0dec1a at term 469 for becomeLeader, leader elected after 63786ms
2019-10-16 21:53:55,837 [efb933de-cdd8-4d8d-88d2-4c7ffe0dec1a@group-EE856C9543A1-LeaderElection431] INFO  server.RaftServerConfigKeys (ConfUtils.java:logGet(43)) - raft.server.staging.catchup.gap = 1000 (default)
2019-10-16 21:53:55,837 [efb933de-cdd8-4d8d-88d2-4c7ffe0dec1a@group-EE856C9543A1-LeaderElection431] INFO  server.RaftServerConfigKeys (ConfUtils.java:logGet(43)) - raft.server.rpc.sleep.time = 25ms (default)
2019-10-16 21:53:55,837 [efb933de-cdd8-4d8d-88d2-4c7ffe0dec1a@group-EE856C9543A1-LeaderElection431] INFO  server.RaftServerConfigKeys (ConfUtils.java:logGet(43)) - raft.server.write.element-limit = 4096 (default)
2019-10-16 21:53:55,837 [efb933de-cdd8-4d8d-88d2-4c7ffe0dec1a@group-EE856C9543A1-LeaderElection431] INFO  server.RaftServerConfigKeys (ConfUtils.java:logGet(43)) - raft.server.watch.timeout = 10s (default)
2019-10-16 21:53:55,838 [efb933de-cdd8-4d8d-88d2-4c7ffe0dec1a@group-EE856C9543A1-LeaderElection431] INFO  server.RaftServerConfigKeys (ConfUtils.java:logGet(43)) - raft.server.watch.timeout.denomination = 1s (default)
2019-10-16 21:53:55,838 [efb933de-cdd8-4d8d-88d2-4c7ffe0dec1a@group-EE856C9543A1-LeaderElection431] INFO  server.RaftServerConfigKeys (ConfUtils.java:logGet(43)) - raft.server.watch.element-limit = 65536 (default)
2019-10-16 21:53:55,838 [efb933de-cdd8-4d8d-88d2-4c7ffe0dec1a@group-EE856C9543A1-LeaderElection431] INFO  server.RaftServerConfigKeys (ConfUtils.java:logGet(43)) - raft.server.log.appender.snapshot.chunk.size.max = 16MB (=16777216) (default)
2019-10-16 21:53:55,839 [efb933de-cdd8-4d8d-88d2-4c7ffe0dec1a@group-EE856C9543A1-LeaderElection431] INFO  server.RaftServerConfigKeys (ConfUtils.java:logGet(43)) - raft.server.log.appender.buffer.byte-limit = 33554432 (custom)
2019-10-16 21:53:55,839 [efb933de-cdd8-4d8d-88d2-4c7ffe0dec1a@group-EE856C9543A1-LeaderElection431] INFO  server.RaftServerConfigKeys (ConfUtils.java:logGet(43)) - raft.server.log.appender.buffer.element-limit = 1 (custom)
2019-10-16 21:53:55,839 [efb933de-cdd8-4d8d-88d2-4c7ffe0dec1a@group-EE856C9543A1-LeaderElection431] INFO  grpc.GrpcConfigKeys$Server (ConfUtils.java:logGet(43)) - raft.grpc.server.leader.outstanding.appends.max = 128 (default)
2019-10-16 21:53:55,839 [JUnit] INFO  ozoneimpl.OzoneContainer (OzoneContainer.java:stop(227)) - Attempting to stop container services.
2019-10-16 21:53:55,839 [efb933de-cdd8-4d8d-88d2-4c7ffe0dec1a@group-EE856C9543A1-LeaderElection431] INFO  server.RaftServerConfigKeys (ConfUtils.java:logGet(43)) - raft.server.rpc.request.timeout = 3000ms (default)
2019-10-16 21:53:55,840 [ForkJoinPool.commonPool-worker-0] INFO  ozoneimpl.OzoneContainer (OzoneContainer.java:stop(227)) - Attempting to stop container services.
2019-10-16 21:53:55,840 [efb933de-cdd8-4d8d-88d2-4c7ffe0dec1a@group-EE856C9543A1-LeaderElection431] INFO  server.RaftServerConfigKeys (ConfUtils.java:logGet(43)) - raft.server.log.appender.install.snapshot.enabled = false (custom)
2019-10-16 21:53:55,840 [JUnit] INFO  impl.RaftServerProxy (RaftServerProxy.java:lambda$close$4(314)) - c5571329-ed88-4dd5-851a-7ef9aaa2970f: close
2019-10-16 21:53:55,840 [ForkJoinPool.commonPool-worker-0] INFO  impl.RaftServerProxy (RaftServerProxy.java:lambda$close$4(314)) - efb933de-cdd8-4d8d-88d2-4c7ffe0dec1a: close
2019-10-16 21:53:55,841 [JUnit] INFO  impl.RaftServerImpl (RaftServerImpl.java:lambda$shutdown$3(261)) - c5571329-ed88-4dd5-851a-7ef9aaa2970f@group-E11993EF5BE0: shutdown
2019-10-16 21:53:55,841 [ForkJoinPool.commonPool-worker-0] INFO  impl.RaftServerImpl (RaftServerImpl.java:lambda$shutdown$3(261)) - efb933de-cdd8-4d8d-88d2-4c7ffe0dec1a@group-EE856C9543A1: shutdown
2019-10-16 21:53:55,841 [JUnit] INFO  util.JmxRegister (JmxRegister.java:unregister(73)) - Successfully un-registered JMX Bean with object name Ratis:service=RaftServer,group=group-E11993EF5BE0,id=c5571329-ed88-4dd5-851a-7ef9aaa2970f
2019-10-16 21:53:55,841 [ForkJoinPool.commonPool-worker-0] INFO  util.JmxRegister (JmxRegister.java:unregister(73)) - Successfully un-registered JMX Bean with object name Ratis:service=RaftServer,group=group-EE856C9543A1,id=efb933de-cdd8-4d8d-88d2-4c7ffe0dec1a
2019-10-16 21:53:55,842 [JUnit] INFO  impl.RoleInfo (RoleInfo.java:shutdownLeaderState(104)) - c5571329-ed88-4dd5-851a-7ef9aaa2970f: shutdown LeaderState
2019-10-16 21:53:55,842 [ForkJoinPool.commonPool-worker-0] INFO  impl.StateMachineUpdater (StateMachineUpdater.java:stopAndJoin(136)) - efb933de-cdd8-4d8d-88d2-4c7ffe0dec1a@group-EE856C9543A1-StateMachineUpdater: set stopIndex = 0
2019-10-16 21:53:55,843 [JUnit] INFO  impl.PendingRequests (PendingRequests.java:sendNotLeaderResponses(202)) - c5571329-ed88-4dd5-851a-7ef9aaa2970f@group-E11993EF5BE0-PendingRequests: sendNotLeaderResponses
2019-10-16 21:53:55,843 [ForkJoinPool.commonPool-worker-0] INFO  impl.RaftServerImpl (ServerState.java:close(388)) - efb933de-cdd8-4d8d-88d2-4c7ffe0dec1a@group-EE856C9543A1: closes. applyIndex: 0
2019-10-16 21:53:55,843 [JUnit] INFO  impl.StateMachineUpdater (StateMachineUpdater.java:stopAndJoin(136)) - c5571329-ed88-4dd5-851a-7ef9aaa2970f@group-E11993EF5BE0-StateMachineUpdater: set stopIndex = 0
2019-10-16 21:53:55,844 [efb933de-cdd8-4d8d-88d2-4c7ffe0dec1a@group-EE856C9543A1-SegmentedRaftLogWorker] INFO  segmented.SegmentedRaftLogWorker (SegmentedRaftLogWorker.java:run(316)) - efb933de-cdd8-4d8d-88d2-4c7ffe0dec1a@group-EE856C9543A1-SegmentedRaftLogWorker was interrupted, exiting. There are 0 tasks remaining in the queue.
2019-10-16 21:53:55,844 [JUnit] INFO  impl.RaftServerImpl (ServerState.java:close(388)) - c5571329-ed88-4dd5-851a-7ef9aaa2970f@group-E11993EF5BE0: closes. applyIndex: 0
2019-10-16 21:53:55,845 [ForkJoinPool.commonPool-worker-0] INFO  segmented.SegmentedRaftLogWorker (SegmentedRaftLogWorker.java:close(224)) - efb933de-cdd8-4d8d-88d2-4c7ffe0dec1a@group-EE856C9543A1-SegmentedRaftLogWorker close()
2019-10-16 21:53:55,846 [c5571329-ed88-4dd5-851a-7ef9aaa2970f@group-E11993EF5BE0-SegmentedRaftLogWorker] INFO  segmented.SegmentedRaftLogWorker (SegmentedRaftLogWorker.java:run(316)) - c5571329-ed88-4dd5-851a-7ef9aaa2970f@group-E11993EF5BE0-SegmentedRaftLogWorker was interrupted, exiting. There are 0 tasks remaining in the queue.
2019-10-16 21:53:55,846 [efb933de-cdd8-4d8d-88d2-4c7ffe0dec1a@group-EE856C9543A1-LeaderElection431] INFO  server.RaftServerConfigKeys (ConfUtils.java:logGet(43)) - raft.server.log.appender.snapshot.chunk.size.max = 16MB (=16777216) (default)
2019-10-16 21:53:55,849 [JUnit] INFO  segmented.SegmentedRaftLogWorker (SegmentedRaftLogWorker.java:close(224)) - c5571329-ed88-4dd5-851a-7ef9aaa2970f@group-E11993EF5BE0-SegmentedRaftLogWorker close()
2019-10-16 21:53:55,848 [ForkJoinPool.commonPool-worker-0] INFO  impl.RaftServerImpl (RaftServerImpl.java:lambda$shutdown$3(261)) - efb933de-cdd8-4d8d-88d2-4c7ffe0dec1a@group-0F9C9D952736: shutdown
2019-10-16 21:53:55,851 [JUnit] INFO  server.GrpcService (GrpcService.java:closeImpl(164)) - c5571329-ed88-4dd5-851a-7ef9aaa2970f: shutdown server with port 41182 now
2019-10-16 21:53:55,849 [efb933de-cdd8-4d8d-88d2-4c7ffe0dec1a@group-EE856C9543A1-LeaderElection431] INFO  server.RaftServerConfigKeys (ConfUtils.java:logGet(43)) - raft.server.log.appender.buffer.byte-limit = 33554432 (custom)
2019-10-16 21:53:55,851 [ForkJoinPool.commonPool-worker-0] INFO  util.JmxRegister (JmxRegister.java:unregister(73)) - Successfully un-registered JMX Bean with object name Ratis:service=RaftServer,group=group-0F9C9D952736,id=efb933de-cdd8-4d8d-88d2-4c7ffe0dec1a
2019-10-16 21:53:55,852 [JUnit] INFO  server.GrpcService (GrpcService.java:closeImpl(172)) - c5571329-ed88-4dd5-851a-7ef9aaa2970f: shutdown server with port 41182 successfully
2019-10-16 21:53:55,852 [efb933de-cdd8-4d8d-88d2-4c7ffe0dec1a@group-EE856C9543A1-LeaderElection431] INFO  server.RaftServerConfigKeys (ConfUtils.java:logGet(43)) - raft.server.log.appender.buffer.element-limit = 1 (custom)
2019-10-16 21:53:55,853 [ForkJoinPool.commonPool-worker-0] INFO  impl.RoleInfo (RoleInfo.java:shutdownLeaderState(104)) - efb933de-cdd8-4d8d-88d2-4c7ffe0dec1a: shutdown LeaderState
2019-10-16 21:53:55,853 [efb933de-cdd8-4d8d-88d2-4c7ffe0dec1a@group-EE856C9543A1-LeaderElection431] INFO  grpc.GrpcConfigKeys$Server (ConfUtils.java:logGet(43)) - raft.grpc.server.leader.outstanding.appends.max = 128 (default)
2019-10-16 21:53:55,854 [ForkJoinPool.commonPool-worker-0] INFO  impl.PendingRequests (PendingRequests.java:sendNotLeaderResponses(202)) - efb933de-cdd8-4d8d-88d2-4c7ffe0dec1a@group-0F9C9D952736-PendingRequests: sendNotLeaderResponses
2019-10-16 21:53:55,854 [efb933de-cdd8-4d8d-88d2-4c7ffe0dec1a@group-EE856C9543A1-LeaderElection431] INFO  server.RaftServerConfigKeys (ConfUtils.java:logGet(43)) - raft.server.rpc.request.timeout = 3000ms (default)
2019-10-16 21:53:55,854 [ForkJoinPool.commonPool-worker-0] INFO  impl.StateMachineUpdater (StateMachineUpdater.java:stopAndJoin(136)) - efb933de-cdd8-4d8d-88d2-4c7ffe0dec1a@group-0F9C9D952736-StateMachineUpdater: set stopIndex = 0
2019-10-16 21:53:55,854 [efb933de-cdd8-4d8d-88d2-4c7ffe0dec1a@group-EE856C9543A1-LeaderElection431] INFO  server.RaftServerConfigKeys (ConfUtils.java:logGet(43)) - raft.server.log.appender.install.snapshot.enabled = false (custom)
2019-10-16 21:53:55,855 [ForkJoinPool.commonPool-worker-0] INFO  impl.RaftServerImpl (ServerState.java:close(388)) - efb933de-cdd8-4d8d-88d2-4c7ffe0dec1a@group-0F9C9D952736: closes. applyIndex: 0
2019-10-16 21:53:55,855 [efb933de-cdd8-4d8d-88d2-4c7ffe0dec1a@group-0F9C9D952736-SegmentedRaftLogWorker] INFO  segmented.SegmentedRaftLogWorker (SegmentedRaftLogWorker.java:run(316)) - efb933de-cdd8-4d8d-88d2-4c7ffe0dec1a@group-0F9C9D952736-SegmentedRaftLogWorker was interrupted, exiting. There are 0 tasks remaining in the queue.
2019-10-16 21:53:55,856 [ForkJoinPool.commonPool-worker-0] INFO  segmented.SegmentedRaftLogWorker (SegmentedRaftLogWorker.java:close(224)) - efb933de-cdd8-4d8d-88d2-4c7ffe0dec1a@group-0F9C9D952736-SegmentedRaftLogWorker close()
2019-10-16 21:53:55,858 [ForkJoinPool.commonPool-worker-0] INFO  server.GrpcService (GrpcService.java:closeImpl(164)) - efb933de-cdd8-4d8d-88d2-4c7ffe0dec1a: shutdown server with port 42459 now
2019-10-16 21:53:55,861 [ForkJoinPool.commonPool-worker-0] INFO  server.GrpcService (GrpcService.java:closeImpl(172)) - efb933de-cdd8-4d8d-88d2-4c7ffe0dec1a: shutdown server with port 42459 successfully
2019-10-16 21:53:55,861 [refreshUsed-/workdir/hadoop-ozone/ozonefs/target/test-dir/MiniOzoneClusterImpl-d26aec2b-09c1-4f88-9204-0bb43e71ee01/datanode-4/data/containers] WARN  fs.CachingGetSpaceUsed (CachingGetSpaceUsed.java:run(183)) - Thread Interrupted waiting to refresh disk information: sleep interrupted
2019-10-16 21:53:55,863 [efb933de-cdd8-4d8d-88d2-4c7ffe0dec1a@group-EE856C9543A1-LeaderElection431] INFO  impl.RoleInfo (RoleInfo.java:updateAndGet(143)) - efb933de-cdd8-4d8d-88d2-4c7ffe0dec1a: start LeaderState
2019-10-16 21:53:55,864 [efb933de-cdd8-4d8d-88d2-4c7ffe0dec1a@group-EE856C9543A1-LeaderElection431] INFO  impl.LeaderElection (LeaderElection.java:run(137)) - efb933de-cdd8-4d8d-88d2-4c7ffe0dec1a@group-EE856C9543A1-LeaderElection431: IllegalArgumentException is safely ignored since this is already CLOSING
java.lang.IllegalArgumentException: efb933de-cdd8-4d8d-88d2-4c7ffe0dec1a@group-EE856C9543A1-SegmentedRaftLog is expected to be opened but it is CLOSED
	at org.apache.ratis.util.OpenCloseState.assertOpen(OpenCloseState.java:63)
	at org.apache.ratis.server.raftlog.RaftLog.checkLogState(RaftLog.java:102)
	at org.apache.ratis.server.raftlog.segmented.SegmentedRaftLog.getLastEntryTermIndex(SegmentedRaftLog.java:345)
	at org.apache.ratis.server.raftlog.RaftLog.getNextIndex(RaftLog.java:148)
	at org.apache.ratis.server.impl.LeaderState.start(LeaderState.java:236)
	at org.apache.ratis.server.impl.RoleInfo.startLeaderState(RoleInfo.java:94)
	at org.apache.ratis.server.impl.RaftServerImpl.changeToLeader(RaftServerImpl.java:359)
	at org.apache.ratis.server.impl.LeaderElection.askForVotes(LeaderElection.java:210)
	at org.apache.ratis.server.impl.LeaderElection.run(LeaderElection.java:133)
	at java.lang.Thread.run(Thread.java:748)
Caused by: org.apache.ratis.util.OpenCloseState$CloseTrace: Close efb933de-cdd8-4d8d-88d2-4c7ffe0dec1a@group-EE856C9543A1-SegmentedRaftLog
	at org.apache.ratis.util.OpenCloseState.lambda$close$1(OpenCloseState.java:109)
	at java.util.concurrent.atomic.AtomicReference.getAndUpdate(AtomicReference.java:160)
	at org.apache.ratis.util.OpenCloseState.close(OpenCloseState.java:109)
	at org.apache.ratis.server.raftlog.RaftLog.close(RaftLog.java:437)
	at org.apache.ratis.server.raftlog.segmented.SegmentedRaftLog.close(SegmentedRaftLog.java:500)
	at org.apache.ratis.server.impl.ServerState.close(ServerState.java:390)
	at org.apache.ratis.server.impl.RaftServerImpl.lambda$shutdown$3(RaftServerImpl.java:283)
	at org.apache.ratis.util.LifeCycle.lambda$checkStateAndClose$2(LifeCycle.java:231)
	at org.apache.ratis.util.LifeCycle.checkStateAndClose(LifeCycle.java:251)
	at org.apache.ratis.util.LifeCycle.checkStateAndClose(LifeCycle.java:229)
	at org.apache.ratis.server.impl.RaftServerImpl.shutdown(RaftServerImpl.java:260)
	at org.apache.ratis.server.impl.RaftServerProxy$ImplMap.lambda$close$0(RaftServerProxy.java:107)
	at java.util.stream.ForEachOps$ForEachOp$OfRef.accept(ForEachOps.java:183)
	at java.util.stream.ReferencePipeline$3$1.accept(ReferencePipeline.java:193)
	at java.util.concurrent.ConcurrentHashMap$ValueSpliterator.forEachRemaining(ConcurrentHashMap.java:3566)
	at java.util.stream.AbstractPipeline.copyInto(AbstractPipeline.java:482)
	at java.util.stream.ForEachOps$ForEachTask.compute(ForEachOps.java:290)
	at java.util.concurrent.CountedCompleter.exec(CountedCompleter.java:731)
	at java.util.concurrent.ForkJoinTask.doExec(ForkJoinTask.java:289)
	at java.util.concurrent.ForkJoinTask.doInvoke(ForkJoinTask.java:401)
	at java.util.concurrent.ForkJoinTask.invoke(ForkJoinTask.java:734)
	at java.util.stream.ForEachOps$ForEachOp.evaluateParallel(ForEachOps.java:159)
	at java.util.stream.ForEachOps$ForEachOp$OfRef.evaluateParallel(ForEachOps.java:173)
	at java.util.stream.AbstractPipeline.evaluate(AbstractPipeline.java:233)
	at java.util.stream.ReferencePipeline.forEach(ReferencePipeline.java:485)
	at org.apache.ratis.server.impl.RaftServerProxy$ImplMap.close(RaftServerProxy.java:107)
	at org.apache.ratis.server.impl.RaftServerProxy.lambda$close$4(RaftServerProxy.java:315)
	at org.apache.ratis.util.LifeCycle.lambda$checkStateAndClose$2(LifeCycle.java:231)
	at org.apache.ratis.util.LifeCycle.checkStateAndClose(LifeCycle.java:251)
	at org.apache.ratis.util.LifeCycle.checkStateAndClose(LifeCycle.java:229)
	at org.apache.ratis.server.impl.RaftServerProxy.close(RaftServerProxy.java:313)
	at org.apache.hadoop.ozone.container.common.transport.server.ratis.XceiverServerRatis.stop(XceiverServerRatis.java:455)
	at org.apache.hadoop.ozone.container.ozoneimpl.OzoneContainer.stop(OzoneContainer.java:229)
	at org.apache.hadoop.ozone.container.common.statemachine.DatanodeStateMachine.close(DatanodeStateMachine.java:270)
	at org.apache.hadoop.ozone.container.common.statemachine.DatanodeStateMachine.stopDaemon(DatanodeStateMachine.java:394)
	at org.apache.hadoop.ozone.HddsDatanodeService.stop(HddsDatanodeService.java:457)
	at org.apache.hadoop.ozone.MiniOzoneClusterImpl.stopDatanode(MiniOzoneClusterImpl.java:423)
	at java.util.stream.ForEachOps$ForEachOp$OfRef.accept(ForEachOps.java:183)
	at java.util.ArrayList$ArrayListSpliterator.forEachRemaining(ArrayList.java:1382)
	at java.util.stream.AbstractPipeline.copyInto(AbstractPipeline.java:482)
	at java.util.stream.ForEachOps$ForEachTask.compute(ForEachOps.java:290)
	at java.util.concurrent.CountedCompleter.exec(CountedCompleter.java:731)
	at java.util.concurrent.ForkJoinTask.doExec(ForkJoinTask.java:289)
	at java.util.concurrent.ForkJoinPool$WorkQueue.execLocalTasks(ForkJoinPool.java:1040)
	at java.util.concurrent.ForkJoinPool$WorkQueue.runTask(ForkJoinPool.java:1058)
	at java.util.concurrent.ForkJoinPool.runWorker(ForkJoinPool.java:1692)
	at java.util.concurrent.ForkJoinWorkerThread.run(ForkJoinWorkerThread.java:157)
2019-10-16 21:53:55,867 [refreshUsed-/workdir/hadoop-ozone/ozonefs/target/test-dir/MiniOzoneClusterImpl-d26aec2b-09c1-4f88-9204-0bb43e71ee01/datanode-0/data/containers] WARN  fs.CachingGetSpaceUsed (CachingGetSpaceUsed.java:run(183)) - Thread Interrupted waiting to refresh disk information: sleep interrupted
2019-10-16 21:53:55,889 [JUnit] INFO  utils.BackgroundService (BackgroundService.java:shutdown(151)) - Shutting down service BlockDeletingService
2019-10-16 21:53:55,892 [JUnit] INFO  statemachine.DatanodeStateMachine (DatanodeStateMachine.java:stopDaemon(395)) - Ozone container server stopped.
2019-10-16 21:53:55,893 [JUnit] INFO  handler.ContextHandler (ContextHandler.java:doStop(910)) - Stopped o.e.j.w.WebAppContext@29149030{/,null,UNAVAILABLE}{/hddsDatanode}
2019-10-16 21:53:55,893 [JUnit] INFO  server.AbstractConnector (AbstractConnector.java:doStop(318)) - Stopped ServerConnector@38b8b6c0{HTTP/1.1,[http/1.1]}{0.0.0.0:0}
2019-10-16 21:53:55,894 [JUnit] INFO  handler.ContextHandler (ContextHandler.java:doStop(910)) - Stopped o.e.j.s.ServletContextHandler@1c26273d{/static,jar:file:/home/user/.m2/repository/org/apache/hadoop/hadoop-hdds-container-service/0.5.0-SNAPSHOT/hadoop-hdds-container-service-0.5.0-SNAPSHOT.jar!/webapps/static,UNAVAILABLE}
2019-10-16 21:53:55,894 [JUnit] INFO  handler.ContextHandler (ContextHandler.java:doStop(910)) - Stopped o.e.j.s.ServletContextHandler@272ce069{/logs,file:///workdir/hadoop-ozone/ozonefs/target/log,UNAVAILABLE}
2019-10-16 21:53:55,898 [ForkJoinPool.commonPool-worker-0] INFO  utils.BackgroundService (BackgroundService.java:shutdown(151)) - Shutting down service BlockDeletingService
2019-10-16 21:53:55,899 [ForkJoinPool.commonPool-worker-0] INFO  statemachine.DatanodeStateMachine (DatanodeStateMachine.java:stopDaemon(395)) - Ozone container server stopped.
2019-10-16 21:53:55,901 [ForkJoinPool.commonPool-worker-0] INFO  handler.ContextHandler (ContextHandler.java:doStop(910)) - Stopped o.e.j.w.WebAppContext@7bc44ce8{/,null,UNAVAILABLE}{/hddsDatanode}
2019-10-16 21:53:55,902 [ForkJoinPool.commonPool-worker-0] INFO  server.AbstractConnector (AbstractConnector.java:doStop(318)) - Stopped ServerConnector@59072e9d{HTTP/1.1,[http/1.1]}{0.0.0.0:0}
2019-10-16 21:53:55,902 [ForkJoinPool.commonPool-worker-0] INFO  handler.ContextHandler (ContextHandler.java:doStop(910)) - Stopped o.e.j.s.ServletContextHandler@277b8fa4{/static,jar:file:/home/user/.m2/repository/org/apache/hadoop/hadoop-hdds-container-service/0.5.0-SNAPSHOT/hadoop-hdds-container-service-0.5.0-SNAPSHOT.jar!/webapps/static,UNAVAILABLE}
2019-10-16 21:53:55,903 [ForkJoinPool.commonPool-worker-0] INFO  handler.ContextHandler (ContextHandler.java:doStop(910)) - Stopped o.e.j.s.ServletContextHandler@625d9132{/logs,file:///workdir/hadoop-ozone/ozonefs/target/log,UNAVAILABLE}
2019-10-16 21:53:56,061 [Datanode State Machine Thread - 0] INFO  statemachine.DatanodeStateMachine (DatanodeStateMachine.java:lambda$startDaemon$0(350)) - Ozone container server started.
2019-10-16 21:54:00,898 [JUnit] INFO  ozoneimpl.OzoneContainer (OzoneContainer.java:stop(227)) - Attempting to stop container services.
2019-10-16 21:54:00,899 [JUnit] INFO  impl.RaftServerProxy (RaftServerProxy.java:lambda$close$4(314)) - 9d88716d-5d6b-4fd8-b832-a110dc45ee66: close
2019-10-16 21:54:00,899 [JUnit] INFO  impl.RaftServerImpl (RaftServerImpl.java:lambda$shutdown$3(261)) - 9d88716d-5d6b-4fd8-b832-a110dc45ee66@group-EE856C9543A1: shutdown
2019-10-16 21:54:00,900 [ForkJoinPool.commonPool-worker-1] INFO  impl.RaftServerImpl (RaftServerImpl.java:lambda$shutdown$3(261)) - 9d88716d-5d6b-4fd8-b832-a110dc45ee66@group-4744F5BEFEE7: shutdown
2019-10-16 21:54:00,900 [JUnit] INFO  util.JmxRegister (JmxRegister.java:unregister(73)) - Successfully un-registered JMX Bean with object name Ratis:service=RaftServer,group=group-EE856C9543A1,id=9d88716d-5d6b-4fd8-b832-a110dc45ee66
2019-10-16 21:54:00,900 [ForkJoinPool.commonPool-worker-1] INFO  util.JmxRegister (JmxRegister.java:unregister(73)) - Successfully un-registered JMX Bean with object name Ratis:service=RaftServer,group=group-4744F5BEFEE7,id=9d88716d-5d6b-4fd8-b832-a110dc45ee66
2019-10-16 21:54:00,900 [JUnit] INFO  impl.RoleInfo (RoleInfo.java:shutdownFollowerState(121)) - 9d88716d-5d6b-4fd8-b832-a110dc45ee66: shutdown FollowerState
2019-10-16 21:54:00,900 [ForkJoinPool.commonPool-worker-1] INFO  impl.RoleInfo (RoleInfo.java:shutdownLeaderState(104)) - 9d88716d-5d6b-4fd8-b832-a110dc45ee66: shutdown LeaderState
2019-10-16 21:54:00,901 [JUnit] INFO  impl.StateMachineUpdater (StateMachineUpdater.java:stopAndJoin(136)) - 9d88716d-5d6b-4fd8-b832-a110dc45ee66@group-EE856C9543A1-StateMachineUpdater: set stopIndex = -1
2019-10-16 21:54:00,901 [ForkJoinPool.commonPool-worker-1] INFO  impl.PendingRequests (PendingRequests.java:sendNotLeaderResponses(202)) - 9d88716d-5d6b-4fd8-b832-a110dc45ee66@group-4744F5BEFEE7-PendingRequests: sendNotLeaderResponses
2019-10-16 21:54:00,901 [Thread-3048] INFO  impl.FollowerState (FollowerState.java:run(117)) - 9d88716d-5d6b-4fd8-b832-a110dc45ee66@group-EE856C9543A1-FollowerState was interrupted: java.lang.InterruptedException: sleep interrupted
2019-10-16 21:54:00,901 [JUnit] INFO  impl.RaftServerImpl (ServerState.java:close(388)) - 9d88716d-5d6b-4fd8-b832-a110dc45ee66@group-EE856C9543A1: closes. applyIndex: -1
2019-10-16 21:54:00,902 [ForkJoinPool.commonPool-worker-1] INFO  impl.StateMachineUpdater (StateMachineUpdater.java:stopAndJoin(136)) - 9d88716d-5d6b-4fd8-b832-a110dc45ee66@group-4744F5BEFEE7-StateMachineUpdater: set stopIndex = 0
2019-10-16 21:54:00,902 [9d88716d-5d6b-4fd8-b832-a110dc45ee66@group-EE856C9543A1-SegmentedRaftLogWorker] INFO  segmented.SegmentedRaftLogWorker (SegmentedRaftLogWorker.java:run(316)) - 9d88716d-5d6b-4fd8-b832-a110dc45ee66@group-EE856C9543A1-SegmentedRaftLogWorker was interrupted, exiting. There are 0 tasks remaining in the queue.
2019-10-16 21:54:00,902 [ForkJoinPool.commonPool-worker-1] INFO  impl.RaftServerImpl (ServerState.java:close(388)) - 9d88716d-5d6b-4fd8-b832-a110dc45ee66@group-4744F5BEFEE7: closes. applyIndex: 0
2019-10-16 21:54:00,903 [JUnit] INFO  segmented.SegmentedRaftLogWorker (SegmentedRaftLogWorker.java:close(224)) - 9d88716d-5d6b-4fd8-b832-a110dc45ee66@group-EE856C9543A1-SegmentedRaftLogWorker close()
2019-10-16 21:54:00,903 [9d88716d-5d6b-4fd8-b832-a110dc45ee66@group-4744F5BEFEE7-SegmentedRaftLogWorker] INFO  segmented.SegmentedRaftLogWorker (SegmentedRaftLogWorker.java:run(316)) - 9d88716d-5d6b-4fd8-b832-a110dc45ee66@group-4744F5BEFEE7-SegmentedRaftLogWorker was interrupted, exiting. There are 0 tasks remaining in the queue.
2019-10-16 21:54:00,906 [ForkJoinPool.commonPool-worker-1] INFO  segmented.SegmentedRaftLogWorker (SegmentedRaftLogWorker.java:close(224)) - 9d88716d-5d6b-4fd8-b832-a110dc45ee66@group-4744F5BEFEE7-SegmentedRaftLogWorker close()
2019-10-16 21:54:00,909 [JUnit] INFO  server.GrpcService (GrpcService.java:closeImpl(164)) - 9d88716d-5d6b-4fd8-b832-a110dc45ee66: shutdown server with port 38211 now
2019-10-16 21:54:00,910 [JUnit] INFO  server.GrpcService (GrpcService.java:closeImpl(172)) - 9d88716d-5d6b-4fd8-b832-a110dc45ee66: shutdown server with port 38211 successfully
2019-10-16 21:54:00,913 [refreshUsed-/workdir/hadoop-ozone/ozonefs/target/test-dir/MiniOzoneClusterImpl-d26aec2b-09c1-4f88-9204-0bb43e71ee01/datanode-3/data/containers] WARN  fs.CachingGetSpaceUsed (CachingGetSpaceUsed.java:run(183)) - Thread Interrupted waiting to refresh disk information: sleep interrupted
2019-10-16 21:54:00,944 [JUnit] INFO  utils.BackgroundService (BackgroundService.java:shutdown(151)) - Shutting down service BlockDeletingService
2019-10-16 21:54:00,946 [JUnit] INFO  statemachine.DatanodeStateMachine (DatanodeStateMachine.java:stopDaemon(395)) - Ozone container server stopped.
2019-10-16 21:54:00,948 [JUnit] INFO  handler.ContextHandler (ContextHandler.java:doStop(910)) - Stopped o.e.j.w.WebAppContext@6e4f263e{/,null,UNAVAILABLE}{/hddsDatanode}
2019-10-16 21:54:00,949 [JUnit] INFO  server.AbstractConnector (AbstractConnector.java:doStop(318)) - Stopped ServerConnector@48b4a043{HTTP/1.1,[http/1.1]}{0.0.0.0:0}
2019-10-16 21:54:00,949 [JUnit] INFO  handler.ContextHandler (ContextHandler.java:doStop(910)) - Stopped o.e.j.s.ServletContextHandler@2f84acf7{/static,jar:file:/home/user/.m2/repository/org/apache/hadoop/hadoop-hdds-container-service/0.5.0-SNAPSHOT/hadoop-hdds-container-service-0.5.0-SNAPSHOT.jar!/webapps/static,UNAVAILABLE}
2019-10-16 21:54:00,950 [JUnit] INFO  handler.ContextHandler (ContextHandler.java:doStop(910)) - Stopped o.e.j.s.ServletContextHandler@618ff5c2{/logs,file:///workdir/hadoop-ozone/ozonefs/target/log,UNAVAILABLE}
2019-10-16 21:54:00,951 [JUnit] INFO  ozone.MiniOzoneClusterImpl (MiniOzoneClusterImpl.java:stopSCM(430)) - Stopping the StorageContainerManager
2019-10-16 21:54:00,951 [JUnit] INFO  server.StorageContainerManager (StorageContainerManager.java:stop(810)) - Stopping Replication Manager Service.
2019-10-16 21:54:00,951 [JUnit] INFO  container.ReplicationManager (ReplicationManager.java:stop(203)) - Stopping Replication Monitor Thread.
2019-10-16 21:54:00,952 [JUnit] INFO  server.StorageContainerManager (StorageContainerManager.java:stop(817)) - Stopping Lease Manager of the command watchers
2019-10-16 21:54:00,952 [JUnit] INFO  server.StorageContainerManager (StorageContainerManager.java:stop(824)) - Stopping datanode service RPC server
2019-10-16 21:54:00,952 [JUnit] INFO  server.SCMDatanodeProtocolServer (SCMDatanodeProtocolServer.java:stop(346)) - Stopping the RPC server for DataNodes
2019-10-16 21:54:00,952 [JUnit] INFO  ipc.Server (Server.java:stop(3082)) - Stopping server on 33004
2019-10-16 21:54:00,954 [IPC Server listener on 33004] INFO  ipc.Server (Server.java:run(1185)) - Stopping IPC Server listener on 33004
2019-10-16 21:54:00,955 [IPC Server Responder] INFO  ipc.Server (Server.java:run(1319)) - Stopping IPC Server Responder
2019-10-16 21:54:00,978 [SCM Heartbeat Processing Thread - 0] WARN  node.NodeStateManager (NodeStateManager.java:scheduleNextHealthCheck(646)) - Current Thread is interrupted, shutting down HB processing thread for Node Manager.
2019-10-16 21:54:00,978 [JUnit] INFO  server.StorageContainerManager (StorageContainerManager.java:stop(832)) - Stopping block service RPC server
2019-10-16 21:54:00,978 [JUnit] INFO  server.SCMBlockProtocolServer (SCMBlockProtocolServer.java:stop(155)) - Stopping the RPC server for Block Protocol
2019-10-16 21:54:00,979 [JUnit] INFO  ipc.Server (Server.java:stop(3082)) - Stopping server on 46821
2019-10-16 21:54:00,980 [IPC Server listener on 46821] INFO  ipc.Server (Server.java:run(1185)) - Stopping IPC Server listener on 46821
2019-10-16 21:54:00,980 [JUnit] INFO  server.StorageContainerManager (StorageContainerManager.java:stop(839)) - Stopping the StorageContainerLocationProtocol RPC server
2019-10-16 21:54:00,981 [IPC Server Responder] INFO  ipc.Server (Server.java:run(1319)) - Stopping IPC Server Responder
2019-10-16 21:54:00,981 [JUnit] INFO  server.SCMClientProtocolServer (SCMClientProtocolServer.java:stop(168)) - Stopping the RPC server for Client Protocol
2019-10-16 21:54:00,981 [JUnit] INFO  ipc.Server (Server.java:stop(3082)) - Stopping server on 40923
2019-10-16 21:54:00,983 [IPC Server listener on 40923] INFO  ipc.Server (Server.java:run(1185)) - Stopping IPC Server listener on 40923
2019-10-16 21:54:00,983 [JUnit] INFO  server.StorageContainerManager (StorageContainerManager.java:stop(846)) - Stopping Storage Container Manager HTTP server.
2019-10-16 21:54:00,983 [IPC Server Responder] INFO  ipc.Server (Server.java:run(1319)) - Stopping IPC Server Responder
2019-10-16 21:54:00,984 [JUnit] INFO  handler.ContextHandler (ContextHandler.java:doStop(910)) - Stopped o.e.j.w.WebAppContext@797501a{/,null,UNAVAILABLE}{/scm}
2019-10-16 21:54:00,985 [JUnit] INFO  server.AbstractConnector (AbstractConnector.java:doStop(318)) - Stopped ServerConnector@285f09de{HTTP/1.1,[http/1.1]}{0.0.0.0:0}
2019-10-16 21:54:00,985 [JUnit] INFO  handler.ContextHandler (ContextHandler.java:doStop(910)) - Stopped o.e.j.s.ServletContextHandler@3d3ba765{/static,jar:file:/home/user/.m2/repository/org/apache/hadoop/hadoop-hdds-server-scm/0.5.0-SNAPSHOT/hadoop-hdds-server-scm-0.5.0-SNAPSHOT.jar!/webapps/static,UNAVAILABLE}
2019-10-16 21:54:00,985 [JUnit] INFO  handler.ContextHandler (ContextHandler.java:doStop(910)) - Stopped o.e.j.s.ServletContextHandler@7096b474{/logs,file:///workdir/hadoop-ozone/ozonefs/target/log,UNAVAILABLE}
2019-10-16 21:54:00,986 [JUnit] INFO  server.StorageContainerManager (StorageContainerManager.java:stop(857)) - Stopping Block Manager Service.
2019-10-16 21:54:00,986 [JUnit] INFO  utils.BackgroundService (BackgroundService.java:shutdown(151)) - Shutting down service SCMBlockDeletingService
2019-10-16 21:54:00,987 [JUnit] INFO  utils.BackgroundService (BackgroundService.java:shutdown(151)) - Shutting down service SCMBlockDeletingService
2019-10-16 21:54:00,987 [JUnit] INFO  server.StorageContainerManager (StorageContainerManager.java:stop(879)) - Stopping SCM Event Queue.
2019-10-16 21:54:00,995 [JUnit] INFO  impl.MetricsSystemImpl (MetricsSystemImpl.java:stop(210)) - Stopping ratis metrics system...
2019-10-16 21:54:01,003 [prometheus] INFO  impl.MetricsSinkAdapter (MetricsSinkAdapter.java:publishMetricsFromQueue(141)) - prometheus thread interrupted.
2019-10-16 21:54:01,004 [JUnit] INFO  impl.MetricsSystemImpl (MetricsSystemImpl.java:stop(216)) - ratis metrics system stopped.
]]></system-out>
    <system-err><![CDATA[ERROR StatusLogger No Log4j 2 configuration file found. Using default configuration (logging only errors to the console), or user programmatically provided configurations. Set system property 'log4j2.debug' to show Log4j 2 internal initialization logging. See https://logging.apache.org/log4j/2.x/manual/configuration.html for instructions on how to configure Log4j 2
]]></system-err>
  </testcase>
</testsuite>