<?xml version="1.0" encoding="UTF-8"?>
<testsuite xmlns:xsi="http://www.w3.org/2001/XMLSchema-instance" xsi:noNamespaceSchemaLocation="https://maven.apache.org/surefire/maven-surefire-plugin/xsd/surefire-test-report.xsd" name="org.apache.hadoop.ozone.client.rpc.TestDeleteWithSlowFollower" time="134.317" tests="1" errors="0" skipped="0" failures="1">
  <properties>
    <property name="awt.toolkit" value="sun.awt.X11.XToolkit"/>
    <property name="file.encoding.pkg" value="sun.io"/>
    <property name="java.specification.version" value="1.8"/>
    <property name="sun.cpu.isalist" value=""/>
    <property name="sun.jnu.encoding" value="ANSI_X3.4-1968"/>
    <property name="java.class.path" value="/workdir/hadoop-ozone/integration-test/target/test-classes:/workdir/hadoop-ozone/integration-test/target/classes:/home/user/.m2/repository/org/apache/hadoop/hadoop-ozone-common/0.5.0-SNAPSHOT/hadoop-ozone-common-0.5.0-SNAPSHOT.jar:/home/user/.m2/repository/org/apache/commons/commons-compress/1.4.1/commons-compress-1.4.1.jar:/home/user/.m2/repository/org/tukaani/xz/1.0/xz-1.0.jar:/home/user/.m2/repository/org/apache/hadoop/hadoop-common/3.2.0/hadoop-common-3.2.0.jar:/home/user/.m2/repository/org/apache/hadoop/hadoop-hdfs/3.2.0/hadoop-hdfs-3.2.0.jar:/home/user/.m2/repository/org/apache/hadoop/hadoop-hdfs-client/3.2.0/hadoop-hdfs-client-3.2.0.jar:/home/user/.m2/repository/com/fasterxml/jackson/core/jackson-annotations/2.9.9/jackson-annotations-2.9.9.jar:/home/user/.m2/repository/org/apache/hadoop/hadoop-hdds-common/0.5.0-SNAPSHOT/hadoop-hdds-common-0.5.0-SNAPSHOT.jar:/home/user/.m2/repository/javax/annotation/javax.annotation-api/1.2/javax.annotation-api-1.2.jar:/home/user/.m2/repository/org/apache/ratis/ratis-server/0.5.0-3f446aa-SNAPSHOT/ratis-server-0.5.0-3f446aa-SNAPSHOT.jar:/home/user/.m2/repository/org/apache/ratis/ratis-thirdparty-misc/0.2.0/ratis-thirdparty-misc-0.2.0.jar:/home/user/.m2/repository/org/apache/ratis/ratis-proto/0.5.0-3f446aa-SNAPSHOT/ratis-proto-0.5.0-3f446aa-SNAPSHOT.jar:/home/user/.m2/repository/org/apache/ratis/ratis-common/0.5.0-3f446aa-SNAPSHOT/ratis-common-0.5.0-3f446aa-SNAPSHOT.jar:/home/user/.m2/repository/org/apache/ratis/ratis-client/0.5.0-3f446aa-SNAPSHOT/ratis-client-0.5.0-3f446aa-SNAPSHOT.jar:/home/user/.m2/repository/org/apache/ratis/ratis-metrics/0.5.0-3f446aa-SNAPSHOT/ratis-metrics-0.5.0-3f446aa-SNAPSHOT.jar:/home/user/.m2/repository/com/github/joshelser/dropwizard-metrics-hadoop-metrics2-reporter/0.1.2/dropwizard-metrics-hadoop-metrics2-reporter-0.1.2.jar:/home/user/.m2/repository/io/dropwizard/metrics/metrics-jvm/3.2.5/metrics-jvm-3.2.5.jar:/home/user/.m2/repository/io/dropwizard/metrics/metrics-ganglia/3.2.5/metrics-ganglia-3.2.5.jar:/home/user/.m2/repository/info/ganglia/gmetric4j/gmetric4j/1.0.7/gmetric4j-1.0.7.jar:/home/user/.m2/repository/org/apache/ratis/ratis-netty/0.5.0-3f446aa-SNAPSHOT/ratis-netty-0.5.0-3f446aa-SNAPSHOT.jar:/home/user/.m2/repository/org/apache/ratis/ratis-grpc/0.5.0-3f446aa-SNAPSHOT/ratis-grpc-0.5.0-3f446aa-SNAPSHOT.jar:/home/user/.m2/repository/org/rocksdb/rocksdbjni/6.0.1/rocksdbjni-6.0.1.jar:/home/user/.m2/repository/org/apache/logging/log4j/log4j-api/2.11.0/log4j-api-2.11.0.jar:/home/user/.m2/repository/org/apache/logging/log4j/log4j-core/2.11.0/log4j-core-2.11.0.jar:/home/user/.m2/repository/com/lmax/disruptor/3.4.2/disruptor-3.4.2.jar:/home/user/.m2/repository/org/apache/commons/commons-pool2/2.6.0/commons-pool2-2.6.0.jar:/home/user/.m2/repository/org/bouncycastle/bcpkix-jdk15on/1.60/bcpkix-jdk15on-1.60.jar:/home/user/.m2/repository/commons-validator/commons-validator/1.6/commons-validator-1.6.jar:/home/user/.m2/repository/commons-digester/commons-digester/1.8.1/commons-digester-1.8.1.jar:/home/user/.m2/repository/io/jaegertracing/jaeger-client/0.34.0/jaeger-client-0.34.0.jar:/home/user/.m2/repository/io/jaegertracing/jaeger-thrift/0.34.0/jaeger-thrift-0.34.0.jar:/home/user/.m2/repository/org/apache/thrift/libthrift/0.12.0/libthrift-0.12.0.jar:/home/user/.m2/repository/com/squareup/okhttp3/okhttp/3.9.0/okhttp-3.9.0.jar:/home/user/.m2/repository/com/squareup/okio/okio/1.13.0/okio-1.13.0.jar:/home/user/.m2/repository/io/jaegertracing/jaeger-core/0.34.0/jaeger-core-0.34.0.jar:/home/user/.m2/repository/io/jaegertracing/jaeger-tracerresolver/0.34.0/jaeger-tracerresolver-0.34.0.jar:/home/user/.m2/repository/io/opentracing/contrib/opentracing-tracerresolver/0.1.5/opentracing-tracerresolver-0.1.5.jar:/home/user/.m2/repository/io/opentracing/opentracing-util/0.31.0/opentracing-util-0.31.0.jar:/home/user/.m2/repository/io/opentracing/opentracing-api/0.31.0/opentracing-api-0.31.0.jar:/home/user/.m2/repository/io/opentracing/opentracing-noop/0.31.0/opentracing-noop-0.31.0.jar:/home/user/.m2/repository/org/apache/hadoop/hadoop-hdds-server-framework/0.5.0-SNAPSHOT/hadoop-hdds-server-framework-0.5.0-SNAPSHOT.jar:/home/user/.m2/repository/org/apache/hadoop/hadoop-hdds-container-service/0.5.0-SNAPSHOT/hadoop-hdds-container-service-0.5.0-SNAPSHOT.jar:/home/user/.m2/repository/org/apache/hadoop/hadoop-hdds-client/0.5.0-SNAPSHOT/hadoop-hdds-client-0.5.0-SNAPSHOT.jar:/home/user/.m2/repository/org/apache/hadoop/hadoop-hdds-tools/0.5.0-SNAPSHOT/hadoop-hdds-tools-0.5.0-SNAPSHOT.jar:/home/user/.m2/repository/org/apache/hadoop/hadoop-hdds-server-scm/0.5.0-SNAPSHOT/hadoop-hdds-server-scm-0.5.0-SNAPSHOT.jar:/home/user/.m2/repository/org/apache/hadoop/hadoop-hdds-docs/0.5.0-SNAPSHOT/hadoop-hdds-docs-0.5.0-SNAPSHOT.jar:/home/user/.m2/repository/io/dropwizard/metrics/metrics-core/3.2.4/metrics-core-3.2.4.jar:/home/user/.m2/repository/org/hamcrest/hamcrest-all/1.3/hamcrest-all-1.3.jar:/home/user/.m2/repository/org/bouncycastle/bcprov-jdk15on/1.60/bcprov-jdk15on-1.60.jar:/home/user/.m2/repository/info/picocli/picocli/3.9.6/picocli-3.9.6.jar:/home/user/.m2/repository/com/google/protobuf/protobuf-java/2.5.0/protobuf-java-2.5.0.jar:/home/user/.m2/repository/com/google/guava/guava/11.0.2/guava-11.0.2.jar:/home/user/.m2/repository/org/apache/hadoop/hadoop-ozone-ozone-manager/0.5.0-SNAPSHOT/hadoop-ozone-ozone-manager-0.5.0-SNAPSHOT.jar:/home/user/.m2/repository/org/apache/hadoop/hadoop-minikdc/3.2.0/hadoop-minikdc-3.2.0.jar:/home/user/.m2/repository/commons-io/commons-io/2.5/commons-io-2.5.jar:/home/user/.m2/repository/org/apache/kerby/kerb-simplekdc/1.0.1/kerb-simplekdc-1.0.1.jar:/home/user/.m2/repository/org/apache/kerby/kerb-client/1.0.1/kerb-client-1.0.1.jar:/home/user/.m2/repository/org/apache/kerby/kerby-config/1.0.1/kerby-config-1.0.1.jar:/home/user/.m2/repository/org/apache/kerby/kerb-core/1.0.1/kerb-core-1.0.1.jar:/home/user/.m2/repository/org/apache/kerby/kerby-pkix/1.0.1/kerby-pkix-1.0.1.jar:/home/user/.m2/repository/org/apache/kerby/kerby-asn1/1.0.1/kerby-asn1-1.0.1.jar:/home/user/.m2/repository/org/apache/kerby/kerby-util/1.0.1/kerby-util-1.0.1.jar:/home/user/.m2/repository/org/apache/kerby/kerb-common/1.0.1/kerb-common-1.0.1.jar:/home/user/.m2/repository/org/apache/kerby/kerb-crypto/1.0.1/kerb-crypto-1.0.1.jar:/home/user/.m2/repository/org/apache/kerby/kerb-util/1.0.1/kerb-util-1.0.1.jar:/home/user/.m2/repository/org/apache/kerby/token-provider/1.0.1/token-provider-1.0.1.jar:/home/user/.m2/repository/org/apache/kerby/kerb-admin/1.0.1/kerb-admin-1.0.1.jar:/home/user/.m2/repository/org/apache/kerby/kerb-server/1.0.1/kerb-server-1.0.1.jar:/home/user/.m2/repository/org/apache/kerby/kerb-identity/1.0.1/kerb-identity-1.0.1.jar:/home/user/.m2/repository/org/apache/kerby/kerby-xdr/1.0.1/kerby-xdr-1.0.1.jar:/home/user/.m2/repository/org/slf4j/slf4j-log4j12/1.7.25/slf4j-log4j12-1.7.25.jar:/home/user/.m2/repository/org/apache/hadoop/hadoop-ozone-s3gateway/0.5.0-SNAPSHOT/hadoop-ozone-s3gateway-0.5.0-SNAPSHOT.jar:/home/user/.m2/repository/org/jboss/weld/servlet/weld-servlet/2.4.7.Final/weld-servlet-2.4.7.Final.jar:/home/user/.m2/repository/org/glassfish/jersey/containers/jersey-container-servlet-core/2.27/jersey-container-servlet-core-2.27.jar:/home/user/.m2/repository/org/glassfish/hk2/external/javax.inject/2.5.0-b42/javax.inject-2.5.0-b42.jar:/home/user/.m2/repository/org/glassfish/jersey/core/jersey-common/2.27/jersey-common-2.27.jar:/home/user/.m2/repository/org/glassfish/hk2/osgi-resource-locator/1.0.1/osgi-resource-locator-1.0.1.jar:/home/user/.m2/repository/javax/ws/rs/javax.ws.rs-api/2.1/javax.ws.rs-api-2.1.jar:/home/user/.m2/repository/org/glassfish/jersey/ext/cdi/jersey-cdi1x/2.27/jersey-cdi1x-2.27.jar:/home/user/.m2/repository/org/glassfish/jersey/inject/jersey-hk2/2.27/jersey-hk2-2.27.jar:/home/user/.m2/repository/org/glassfish/hk2/hk2-locator/2.5.0-b42/hk2-locator-2.5.0-b42.jar:/home/user/.m2/repository/org/javassist/javassist/3.22.0-CR2/javassist-3.22.0-CR2.jar:/home/user/.m2/repository/org/glassfish/hk2/hk2-api/2.5.0/hk2-api-2.5.0.jar:/home/user/.m2/repository/org/glassfish/hk2/external/jakarta.inject/2.5.0/jakarta.inject-2.5.0.jar:/home/user/.m2/repository/org/glassfish/hk2/hk2-utils/2.5.0/hk2-utils-2.5.0.jar:/home/user/.m2/repository/jakarta/annotation/jakarta.annotation-api/1.3.4/jakarta.annotation-api-1.3.4.jar:/home/user/.m2/repository/org/glassfish/hk2/external/aopalliance-repackaged/2.5.0/aopalliance-repackaged-2.5.0.jar:/home/user/.m2/repository/com/fasterxml/jackson/dataformat/jackson-dataformat-xml/2.9.0/jackson-dataformat-xml-2.9.0.jar:/home/user/.m2/repository/com/fasterxml/jackson/core/jackson-core/2.9.9/jackson-core-2.9.9.jar:/home/user/.m2/repository/com/fasterxml/jackson/module/jackson-module-jaxb-annotations/2.9.9/jackson-module-jaxb-annotations-2.9.9.jar:/home/user/.m2/repository/javax/enterprise/cdi-api/1.2/cdi-api-1.2.jar:/home/user/.m2/repository/javax/el/javax.el-api/3.0.0/javax.el-api-3.0.0.jar:/home/user/.m2/repository/javax/interceptor/javax.interceptor-api/1.2/javax.interceptor-api-1.2.jar:/home/user/.m2/repository/javax/inject/javax.inject/1/javax.inject-1.jar:/home/user/.m2/repository/com/sun/xml/bind/jaxb-impl/2.3.0.1/jaxb-impl-2.3.0.1.jar:/home/user/.m2/repository/com/sun/xml/bind/jaxb-core/2.3.0.1/jaxb-core-2.3.0.1.jar:/home/user/.m2/repository/javax/xml/bind/jaxb-api/2.3.0/jaxb-api-2.3.0.jar:/home/user/.m2/repository/javax/activation/activation/1.1.1/activation-1.1.1.jar:/home/user/.m2/repository/org/apache/hadoop/hadoop-ozone-csi/0.5.0-SNAPSHOT/hadoop-ozone-csi-0.5.0-SNAPSHOT.jar:/home/user/.m2/repository/com/google/protobuf/protobuf-java-util/3.5.1/protobuf-java-util-3.5.1.jar:/home/user/.m2/repository/org/apache/hadoop/hadoop-hdds-config/0.5.0-SNAPSHOT/hadoop-hdds-config-0.5.0-SNAPSHOT.jar:/home/user/.m2/repository/io/grpc/grpc-netty/1.17.1/grpc-netty-1.17.1.jar:/home/user/.m2/repository/io/grpc/grpc-core/1.17.1/grpc-core-1.17.1.jar:/home/user/.m2/repository/io/grpc/grpc-context/1.17.1/grpc-context-1.17.1.jar:/home/user/.m2/repository/com/google/errorprone/error_prone_annotations/2.2.0/error_prone_annotations-2.2.0.jar:/home/user/.m2/repository/org/codehaus/mojo/animal-sniffer-annotations/1.17/animal-sniffer-annotations-1.17.jar:/home/user/.m2/repository/io/opencensus/opencensus-api/0.17.0/opencensus-api-0.17.0.jar:/home/user/.m2/repository/io/opencensus/opencensus-contrib-grpc-metrics/0.17.0/opencensus-contrib-grpc-metrics-0.17.0.jar:/home/user/.m2/repository/io/netty/netty-codec-http2/4.1.30.Final/netty-codec-http2-4.1.30.Final.jar:/home/user/.m2/repository/io/netty/netty-codec-http/4.1.30.Final/netty-codec-http-4.1.30.Final.jar:/home/user/.m2/repository/io/netty/netty-codec/4.1.30.Final/netty-codec-4.1.30.Final.jar:/home/user/.m2/repository/io/netty/netty-handler/4.1.30.Final/netty-handler-4.1.30.Final.jar:/home/user/.m2/repository/io/netty/netty-handler-proxy/4.1.30.Final/netty-handler-proxy-4.1.30.Final.jar:/home/user/.m2/repository/io/netty/netty-codec-socks/4.1.30.Final/netty-codec-socks-4.1.30.Final.jar:/home/user/.m2/repository/io/netty/netty-transport-native-epoll/4.1.30.Final/netty-transport-native-epoll-4.1.30.Final.jar:/home/user/.m2/repository/io/netty/netty-common/4.1.30.Final/netty-common-4.1.30.Final.jar:/home/user/.m2/repository/io/netty/netty-buffer/4.1.30.Final/netty-buffer-4.1.30.Final.jar:/home/user/.m2/repository/io/netty/netty-transport/4.1.30.Final/netty-transport-4.1.30.Final.jar:/home/user/.m2/repository/io/netty/netty-resolver/4.1.30.Final/netty-resolver-4.1.30.Final.jar:/home/user/.m2/repository/io/netty/netty-transport-native-unix-common/4.1.30.Final/netty-transport-native-unix-common-4.1.30.Final.jar:/home/user/.m2/repository/io/grpc/grpc-protobuf/1.17.1/grpc-protobuf-1.17.1.jar:/home/user/.m2/repository/com/google/api/grpc/proto-google-common-protos/1.0.0/proto-google-common-protos-1.0.0.jar:/home/user/.m2/repository/io/grpc/grpc-protobuf-lite/1.17.1/grpc-protobuf-lite-1.17.1.jar:/home/user/.m2/repository/io/grpc/grpc-stub/1.17.1/grpc-stub-1.17.1.jar:/home/user/.m2/repository/org/apache/hadoop/hadoop-ozone-recon/0.5.0-SNAPSHOT/hadoop-ozone-recon-0.5.0-SNAPSHOT.jar:/home/user/.m2/repository/org/apache/hadoop/hadoop-ozone-reconcodegen/0.5.0-SNAPSHOT/hadoop-ozone-reconcodegen-0.5.0-SNAPSHOT.jar:/home/user/.m2/repository/com/google/inject/extensions/guice-multibindings/4.0/guice-multibindings-4.0.jar:/home/user/.m2/repository/com/google/inject/guice/4.0/guice-4.0.jar:/home/user/.m2/repository/aopalliance/aopalliance/1.0/aopalliance-1.0.jar:/home/user/.m2/repository/com/google/inject/extensions/guice-servlet/4.0/guice-servlet-4.0.jar:/home/user/.m2/repository/org/glassfish/jersey/containers/jersey-container-servlet/2.27/jersey-container-servlet-2.27.jar:/home/user/.m2/repository/org/glassfish/hk2/guice-bridge/2.5.0/guice-bridge-2.5.0.jar:/home/user/.m2/repository/org/glassfish/jersey/core/jersey-server/2.27/jersey-server-2.27.jar:/home/user/.m2/repository/org/glassfish/jersey/core/jersey-client/2.27/jersey-client-2.27.jar:/home/user/.m2/repository/org/glassfish/jersey/media/jersey-media-jaxb/2.27/jersey-media-jaxb-2.27.jar:/home/user/.m2/repository/javax/validation/validation-api/1.1.0.Final/validation-api-1.1.0.Final.jar:/home/user/.m2/repository/org/glassfish/jersey/media/jersey-media-json-jackson/2.27/jersey-media-json-jackson-2.27.jar:/home/user/.m2/repository/org/glassfish/jersey/ext/jersey-entity-filtering/2.27/jersey-entity-filtering-2.27.jar:/home/user/.m2/repository/com/google/inject/extensions/guice-assistedinject/4.0/guice-assistedinject-4.0.jar:/home/user/.m2/repository/org/jooq/jooq/3.11.10/jooq-3.11.10.jar:/home/user/.m2/repository/org/jooq/jooq-meta/3.11.10/jooq-meta-3.11.10.jar:/home/user/.m2/repository/org/jooq/jooq-codegen/3.11.10/jooq-codegen-3.11.10.jar:/home/user/.m2/repository/com/jolbox/bonecp/0.8.0.RELEASE/bonecp-0.8.0.RELEASE.jar:/home/user/.m2/repository/org/xerial/sqlite-jdbc/3.25.2/sqlite-jdbc-3.25.2.jar:/home/user/.m2/repository/org/springframework/spring-jdbc/5.1.3.RELEASE/spring-jdbc-5.1.3.RELEASE.jar:/home/user/.m2/repository/org/springframework/spring-beans/5.1.3.RELEASE/spring-beans-5.1.3.RELEASE.jar:/home/user/.m2/repository/org/springframework/spring-core/5.1.3.RELEASE/spring-core-5.1.3.RELEASE.jar:/home/user/.m2/repository/org/springframework/spring-jcl/5.1.3.RELEASE/spring-jcl-5.1.3.RELEASE.jar:/home/user/.m2/repository/org/springframework/spring-tx/5.1.3.RELEASE/spring-tx-5.1.3.RELEASE.jar:/home/user/.m2/repository/org/apache/hadoop/hadoop-ozone-client/0.5.0-SNAPSHOT/hadoop-ozone-client-0.5.0-SNAPSHOT.jar:/home/user/.m2/repository/commons-lang/commons-lang/2.6/commons-lang-2.6.jar:/home/user/.m2/repository/org/apache/hadoop/hadoop-ozone-ozone-manager/0.5.0-SNAPSHOT/hadoop-ozone-ozone-manager-0.5.0-SNAPSHOT-tests.jar:/home/user/.m2/repository/junit/junit/4.11/junit-4.11.jar:/home/user/.m2/repository/org/hamcrest/hamcrest-core/1.3/hamcrest-core-1.3.jar:/home/user/.m2/repository/org/openjdk/jmh/jmh-core/1.19/jmh-core-1.19.jar:/home/user/.m2/repository/net/sf/jopt-simple/jopt-simple/4.6/jopt-simple-4.6.jar:/home/user/.m2/repository/org/apache/commons/commons-math3/3.1.1/commons-math3-3.1.1.jar:/home/user/.m2/repository/org/openjdk/jmh/jmh-generator-annprocess/1.19/jmh-generator-annprocess-1.19.jar:/home/user/.m2/repository/org/mockito/mockito-all/1.8.5/mockito-all-1.8.5.jar:/home/user/.m2/repository/org/apache/hadoop/hadoop-kms/3.2.0/hadoop-kms-3.2.0.jar:/home/user/.m2/repository/org/apache/hadoop/hadoop-auth/3.2.0/hadoop-auth-3.2.0.jar:/home/user/.m2/repository/com/nimbusds/nimbus-jose-jwt/4.41.1/nimbus-jose-jwt-4.41.1.jar:/home/user/.m2/repository/com/github/stephenc/jcip/jcip-annotations/1.0-1/jcip-annotations-1.0-1.jar:/home/user/.m2/repository/net/minidev/json-smart/2.3/json-smart-2.3.jar:/home/user/.m2/repository/net/minidev/accessors-smart/1.2/accessors-smart-1.2.jar:/home/user/.m2/repository/org/ow2/asm/asm/5.0.4/asm-5.0.4.jar:/home/user/.m2/repository/org/apache/curator/curator-framework/2.12.0/curator-framework-2.12.0.jar:/home/user/.m2/repository/com/sun/jersey/jersey-core/1.19/jersey-core-1.19.jar:/home/user/.m2/repository/javax/ws/rs/jsr311-api/1.1.1/jsr311-api-1.1.1.jar:/home/user/.m2/repository/com/sun/jersey/jersey-server/1.19/jersey-server-1.19.jar:/home/user/.m2/repository/javax/servlet/javax.servlet-api/3.1.0/javax.servlet-api-3.1.0.jar:/home/user/.m2/repository/org/eclipse/jetty/jetty-server/9.3.25.v20180904/jetty-server-9.3.25.v20180904.jar:/home/user/.m2/repository/org/eclipse/jetty/jetty-http/9.3.25.v20180904/jetty-http-9.3.25.v20180904.jar:/home/user/.m2/repository/org/eclipse/jetty/jetty-io/9.3.25.v20180904/jetty-io-9.3.25.v20180904.jar:/home/user/.m2/repository/org/eclipse/jetty/jetty-webapp/9.3.25.v20180904/jetty-webapp-9.3.25.v20180904.jar:/home/user/.m2/repository/org/eclipse/jetty/jetty-xml/9.3.25.v20180904/jetty-xml-9.3.25.v20180904.jar:/home/user/.m2/repository/log4j/log4j/1.2.17/log4j-1.2.17.jar:/home/user/.m2/repository/org/slf4j/slf4j-api/1.7.25/slf4j-api-1.7.25.jar:/home/user/.m2/repository/org/slf4j/jul-to-slf4j/1.7.25/jul-to-slf4j-1.7.25.jar:/home/user/.m2/repository/org/eclipse/jetty/jetty-util/9.3.25.v20180904/jetty-util-9.3.25.v20180904.jar:/home/user/.m2/repository/com/fasterxml/jackson/core/jackson-databind/2.9.9/jackson-databind-2.9.9.jar:/home/user/.m2/repository/org/apache/hadoop/hadoop-kms/3.2.0/hadoop-kms-3.2.0-tests.jar:/home/user/.m2/repository/org/apache/hadoop/hadoop-hdds-server-scm/0.5.0-SNAPSHOT/hadoop-hdds-server-scm-0.5.0-SNAPSHOT-tests.jar:/home/user/.m2/repository/org/apache/hadoop/hadoop-hdds-container-service/0.5.0-SNAPSHOT/hadoop-hdds-container-service-0.5.0-SNAPSHOT-tests.jar:/home/user/.m2/repository/org/yaml/snakeyaml/1.16/snakeyaml-1.16.jar:/home/user/.m2/repository/org/apache/hadoop/hadoop-common/3.2.0/hadoop-common-3.2.0-tests.jar:/home/user/.m2/repository/org/apache/hadoop/hadoop-annotations/3.2.0/hadoop-annotations-3.2.0.jar:/usr/lib/jvm/java-1.8.0-openjdk-1.8.0.222.b10-1.el7_7.x86_64/jre/../lib/tools.jar:/home/user/.m2/repository/commons-cli/commons-cli/1.2/commons-cli-1.2.jar:/home/user/.m2/repository/org/apache/httpcomponents/httpclient/4.5.2/httpclient-4.5.2.jar:/home/user/.m2/repository/org/apache/httpcomponents/httpcore/4.4.4/httpcore-4.4.4.jar:/home/user/.m2/repository/commons-codec/commons-codec/1.11/commons-codec-1.11.jar:/home/user/.m2/repository/commons-net/commons-net/3.6/commons-net-3.6.jar:/home/user/.m2/repository/commons-collections/commons-collections/3.2.2/commons-collections-3.2.2.jar:/home/user/.m2/repository/org/eclipse/jetty/jetty-servlet/9.3.25.v20180904/jetty-servlet-9.3.25.v20180904.jar:/home/user/.m2/repository/org/eclipse/jetty/jetty-security/9.3.25.v20180904/jetty-security-9.3.25.v20180904.jar:/home/user/.m2/repository/javax/servlet/jsp/jsp-api/2.1/jsp-api-2.1.jar:/home/user/.m2/repository/com/sun/jersey/jersey-servlet/1.19/jersey-servlet-1.19.jar:/home/user/.m2/repository/com/sun/jersey/jersey-json/1.19/jersey-json-1.19.jar:/home/user/.m2/repository/org/codehaus/jettison/jettison/1.1/jettison-1.1.jar:/home/user/.m2/repository/org/codehaus/jackson/jackson-core-asl/1.9.13/jackson-core-asl-1.9.13.jar:/home/user/.m2/repository/org/codehaus/jackson/jackson-mapper-asl/1.9.13/jackson-mapper-asl-1.9.13.jar:/home/user/.m2/repository/org/codehaus/jackson/jackson-jaxrs/1.9.13/jackson-jaxrs-1.9.13.jar:/home/user/.m2/repository/org/codehaus/jackson/jackson-xc/1.9.13/jackson-xc-1.9.13.jar:/home/user/.m2/repository/commons-logging/commons-logging/1.1.3/commons-logging-1.1.3.jar:/home/user/.m2/repository/commons-beanutils/commons-beanutils/1.9.4/commons-beanutils-1.9.4.jar:/home/user/.m2/repository/org/apache/commons/commons-configuration2/2.1.1/commons-configuration2-2.1.1.jar:/home/user/.m2/repository/org/apache/commons/commons-lang3/3.7/commons-lang3-3.7.jar:/home/user/.m2/repository/org/apache/commons/commons-text/1.4/commons-text-1.4.jar:/home/user/.m2/repository/org/apache/avro/avro/1.7.7/avro-1.7.7.jar:/home/user/.m2/repository/com/thoughtworks/paranamer/paranamer/2.3/paranamer-2.3.jar:/home/user/.m2/repository/org/xerial/snappy/snappy-java/1.0.5/snappy-java-1.0.5.jar:/home/user/.m2/repository/com/google/re2j/re2j/1.1/re2j-1.1.jar:/home/user/.m2/repository/com/google/code/gson/gson/2.2.4/gson-2.2.4.jar:/home/user/.m2/repository/com/jcraft/jsch/0.1.54/jsch-0.1.54.jar:/home/user/.m2/repository/org/apache/curator/curator-client/2.12.0/curator-client-2.12.0.jar:/home/user/.m2/repository/org/apache/curator/curator-recipes/2.12.0/curator-recipes-2.12.0.jar:/home/user/.m2/repository/com/google/code/findbugs/jsr305/3.0.0/jsr305-3.0.0.jar:/home/user/.m2/repository/org/apache/htrace/htrace-core4/4.1.0-incubating/htrace-core4-4.1.0-incubating.jar:/home/user/.m2/repository/org/apache/zookeeper/zookeeper/3.4.13/zookeeper-3.4.13.jar:/home/user/.m2/repository/jline/jline/0.9.94/jline-0.9.94.jar:/home/user/.m2/repository/org/apache/yetus/audience-annotations/0.5.0/audience-annotations-0.5.0.jar:/home/user/.m2/repository/org/codehaus/woodstox/stax2-api/3.1.4/stax2-api-3.1.4.jar:/home/user/.m2/repository/com/fasterxml/woodstox/woodstox-core/5.0.3/woodstox-core-5.0.3.jar:/home/user/.m2/repository/dnsjava/dnsjava/2.1.7/dnsjava-2.1.7.jar:/home/user/.m2/repository/org/apache/hadoop/hadoop-hdfs/3.2.0/hadoop-hdfs-3.2.0-tests.jar:/home/user/.m2/repository/org/eclipse/jetty/jetty-util-ajax/9.3.25.v20180904/jetty-util-ajax-9.3.25.v20180904.jar:/home/user/.m2/repository/commons-daemon/commons-daemon/1.0.13/commons-daemon-1.0.13.jar:/home/user/.m2/repository/io/netty/netty/3.10.5.Final/netty-3.10.5.Final.jar:/home/user/.m2/repository/io/netty/netty-all/4.0.52.Final/netty-all-4.0.52.Final.jar:/home/user/.m2/repository/org/fusesource/leveldbjni/leveldbjni-all/1.8/leveldbjni-all-1.8.jar:"/>
    <property name="java.vm.vendor" value="Oracle Corporation"/>
    <property name="sun.arch.data.model" value="64"/>
    <property name="test.build.dir" value="/workdir/hadoop-ozone/integration-test/target/test-dir"/>
    <property name="test.cache.data" value=""/>
    <property name="java.vendor.url" value="http://java.oracle.com/"/>
    <property name="user.timezone" value=""/>
    <property name="java.vm.specification.version" value="1.8"/>
    <property name="os.name" value="Linux"/>
    <property name="test.build.data" value="/workdir/hadoop-ozone/integration-test/target/test-dir"/>
    <property name="user.country" value="US"/>
    <property name="sun.java.launcher" value="SUN_STANDARD"/>
    <property name="sun.boot.library.path" value="/usr/lib/jvm/java-1.8.0-openjdk-1.8.0.222.b10-1.el7_7.x86_64/jre/lib/amd64"/>
    <property name="sun.java.command" value="/workdir/hadoop-ozone/integration-test/target/surefire/surefirebooter1377671660215736146.jar /workdir/hadoop-ozone/integration-test/target/surefire 2019-10-18T18-51-48_935-jvmRun1 surefire2460615627132815033tmp surefire_42868973929197078793tmp"/>
    <property name="surefire.test.class.path" value="/workdir/hadoop-ozone/integration-test/target/test-classes:/workdir/hadoop-ozone/integration-test/target/classes:/home/user/.m2/repository/org/apache/hadoop/hadoop-ozone-common/0.5.0-SNAPSHOT/hadoop-ozone-common-0.5.0-SNAPSHOT.jar:/home/user/.m2/repository/org/apache/commons/commons-compress/1.4.1/commons-compress-1.4.1.jar:/home/user/.m2/repository/org/tukaani/xz/1.0/xz-1.0.jar:/home/user/.m2/repository/org/apache/hadoop/hadoop-common/3.2.0/hadoop-common-3.2.0.jar:/home/user/.m2/repository/org/apache/hadoop/hadoop-hdfs/3.2.0/hadoop-hdfs-3.2.0.jar:/home/user/.m2/repository/org/apache/hadoop/hadoop-hdfs-client/3.2.0/hadoop-hdfs-client-3.2.0.jar:/home/user/.m2/repository/com/fasterxml/jackson/core/jackson-annotations/2.9.9/jackson-annotations-2.9.9.jar:/home/user/.m2/repository/org/apache/hadoop/hadoop-hdds-common/0.5.0-SNAPSHOT/hadoop-hdds-common-0.5.0-SNAPSHOT.jar:/home/user/.m2/repository/javax/annotation/javax.annotation-api/1.2/javax.annotation-api-1.2.jar:/home/user/.m2/repository/org/apache/ratis/ratis-server/0.5.0-3f446aa-SNAPSHOT/ratis-server-0.5.0-3f446aa-SNAPSHOT.jar:/home/user/.m2/repository/org/apache/ratis/ratis-thirdparty-misc/0.2.0/ratis-thirdparty-misc-0.2.0.jar:/home/user/.m2/repository/org/apache/ratis/ratis-proto/0.5.0-3f446aa-SNAPSHOT/ratis-proto-0.5.0-3f446aa-SNAPSHOT.jar:/home/user/.m2/repository/org/apache/ratis/ratis-common/0.5.0-3f446aa-SNAPSHOT/ratis-common-0.5.0-3f446aa-SNAPSHOT.jar:/home/user/.m2/repository/org/apache/ratis/ratis-client/0.5.0-3f446aa-SNAPSHOT/ratis-client-0.5.0-3f446aa-SNAPSHOT.jar:/home/user/.m2/repository/org/apache/ratis/ratis-metrics/0.5.0-3f446aa-SNAPSHOT/ratis-metrics-0.5.0-3f446aa-SNAPSHOT.jar:/home/user/.m2/repository/com/github/joshelser/dropwizard-metrics-hadoop-metrics2-reporter/0.1.2/dropwizard-metrics-hadoop-metrics2-reporter-0.1.2.jar:/home/user/.m2/repository/io/dropwizard/metrics/metrics-jvm/3.2.5/metrics-jvm-3.2.5.jar:/home/user/.m2/repository/io/dropwizard/metrics/metrics-ganglia/3.2.5/metrics-ganglia-3.2.5.jar:/home/user/.m2/repository/info/ganglia/gmetric4j/gmetric4j/1.0.7/gmetric4j-1.0.7.jar:/home/user/.m2/repository/org/apache/ratis/ratis-netty/0.5.0-3f446aa-SNAPSHOT/ratis-netty-0.5.0-3f446aa-SNAPSHOT.jar:/home/user/.m2/repository/org/apache/ratis/ratis-grpc/0.5.0-3f446aa-SNAPSHOT/ratis-grpc-0.5.0-3f446aa-SNAPSHOT.jar:/home/user/.m2/repository/org/rocksdb/rocksdbjni/6.0.1/rocksdbjni-6.0.1.jar:/home/user/.m2/repository/org/apache/logging/log4j/log4j-api/2.11.0/log4j-api-2.11.0.jar:/home/user/.m2/repository/org/apache/logging/log4j/log4j-core/2.11.0/log4j-core-2.11.0.jar:/home/user/.m2/repository/com/lmax/disruptor/3.4.2/disruptor-3.4.2.jar:/home/user/.m2/repository/org/apache/commons/commons-pool2/2.6.0/commons-pool2-2.6.0.jar:/home/user/.m2/repository/org/bouncycastle/bcpkix-jdk15on/1.60/bcpkix-jdk15on-1.60.jar:/home/user/.m2/repository/commons-validator/commons-validator/1.6/commons-validator-1.6.jar:/home/user/.m2/repository/commons-digester/commons-digester/1.8.1/commons-digester-1.8.1.jar:/home/user/.m2/repository/io/jaegertracing/jaeger-client/0.34.0/jaeger-client-0.34.0.jar:/home/user/.m2/repository/io/jaegertracing/jaeger-thrift/0.34.0/jaeger-thrift-0.34.0.jar:/home/user/.m2/repository/org/apache/thrift/libthrift/0.12.0/libthrift-0.12.0.jar:/home/user/.m2/repository/com/squareup/okhttp3/okhttp/3.9.0/okhttp-3.9.0.jar:/home/user/.m2/repository/com/squareup/okio/okio/1.13.0/okio-1.13.0.jar:/home/user/.m2/repository/io/jaegertracing/jaeger-core/0.34.0/jaeger-core-0.34.0.jar:/home/user/.m2/repository/io/jaegertracing/jaeger-tracerresolver/0.34.0/jaeger-tracerresolver-0.34.0.jar:/home/user/.m2/repository/io/opentracing/contrib/opentracing-tracerresolver/0.1.5/opentracing-tracerresolver-0.1.5.jar:/home/user/.m2/repository/io/opentracing/opentracing-util/0.31.0/opentracing-util-0.31.0.jar:/home/user/.m2/repository/io/opentracing/opentracing-api/0.31.0/opentracing-api-0.31.0.jar:/home/user/.m2/repository/io/opentracing/opentracing-noop/0.31.0/opentracing-noop-0.31.0.jar:/home/user/.m2/repository/org/apache/hadoop/hadoop-hdds-server-framework/0.5.0-SNAPSHOT/hadoop-hdds-server-framework-0.5.0-SNAPSHOT.jar:/home/user/.m2/repository/org/apache/hadoop/hadoop-hdds-container-service/0.5.0-SNAPSHOT/hadoop-hdds-container-service-0.5.0-SNAPSHOT.jar:/home/user/.m2/repository/org/apache/hadoop/hadoop-hdds-client/0.5.0-SNAPSHOT/hadoop-hdds-client-0.5.0-SNAPSHOT.jar:/home/user/.m2/repository/org/apache/hadoop/hadoop-hdds-tools/0.5.0-SNAPSHOT/hadoop-hdds-tools-0.5.0-SNAPSHOT.jar:/home/user/.m2/repository/org/apache/hadoop/hadoop-hdds-server-scm/0.5.0-SNAPSHOT/hadoop-hdds-server-scm-0.5.0-SNAPSHOT.jar:/home/user/.m2/repository/org/apache/hadoop/hadoop-hdds-docs/0.5.0-SNAPSHOT/hadoop-hdds-docs-0.5.0-SNAPSHOT.jar:/home/user/.m2/repository/io/dropwizard/metrics/metrics-core/3.2.4/metrics-core-3.2.4.jar:/home/user/.m2/repository/org/hamcrest/hamcrest-all/1.3/hamcrest-all-1.3.jar:/home/user/.m2/repository/org/bouncycastle/bcprov-jdk15on/1.60/bcprov-jdk15on-1.60.jar:/home/user/.m2/repository/info/picocli/picocli/3.9.6/picocli-3.9.6.jar:/home/user/.m2/repository/com/google/protobuf/protobuf-java/2.5.0/protobuf-java-2.5.0.jar:/home/user/.m2/repository/com/google/guava/guava/11.0.2/guava-11.0.2.jar:/home/user/.m2/repository/org/apache/hadoop/hadoop-ozone-ozone-manager/0.5.0-SNAPSHOT/hadoop-ozone-ozone-manager-0.5.0-SNAPSHOT.jar:/home/user/.m2/repository/org/apache/hadoop/hadoop-minikdc/3.2.0/hadoop-minikdc-3.2.0.jar:/home/user/.m2/repository/commons-io/commons-io/2.5/commons-io-2.5.jar:/home/user/.m2/repository/org/apache/kerby/kerb-simplekdc/1.0.1/kerb-simplekdc-1.0.1.jar:/home/user/.m2/repository/org/apache/kerby/kerb-client/1.0.1/kerb-client-1.0.1.jar:/home/user/.m2/repository/org/apache/kerby/kerby-config/1.0.1/kerby-config-1.0.1.jar:/home/user/.m2/repository/org/apache/kerby/kerb-core/1.0.1/kerb-core-1.0.1.jar:/home/user/.m2/repository/org/apache/kerby/kerby-pkix/1.0.1/kerby-pkix-1.0.1.jar:/home/user/.m2/repository/org/apache/kerby/kerby-asn1/1.0.1/kerby-asn1-1.0.1.jar:/home/user/.m2/repository/org/apache/kerby/kerby-util/1.0.1/kerby-util-1.0.1.jar:/home/user/.m2/repository/org/apache/kerby/kerb-common/1.0.1/kerb-common-1.0.1.jar:/home/user/.m2/repository/org/apache/kerby/kerb-crypto/1.0.1/kerb-crypto-1.0.1.jar:/home/user/.m2/repository/org/apache/kerby/kerb-util/1.0.1/kerb-util-1.0.1.jar:/home/user/.m2/repository/org/apache/kerby/token-provider/1.0.1/token-provider-1.0.1.jar:/home/user/.m2/repository/org/apache/kerby/kerb-admin/1.0.1/kerb-admin-1.0.1.jar:/home/user/.m2/repository/org/apache/kerby/kerb-server/1.0.1/kerb-server-1.0.1.jar:/home/user/.m2/repository/org/apache/kerby/kerb-identity/1.0.1/kerb-identity-1.0.1.jar:/home/user/.m2/repository/org/apache/kerby/kerby-xdr/1.0.1/kerby-xdr-1.0.1.jar:/home/user/.m2/repository/org/slf4j/slf4j-log4j12/1.7.25/slf4j-log4j12-1.7.25.jar:/home/user/.m2/repository/org/apache/hadoop/hadoop-ozone-s3gateway/0.5.0-SNAPSHOT/hadoop-ozone-s3gateway-0.5.0-SNAPSHOT.jar:/home/user/.m2/repository/org/jboss/weld/servlet/weld-servlet/2.4.7.Final/weld-servlet-2.4.7.Final.jar:/home/user/.m2/repository/org/glassfish/jersey/containers/jersey-container-servlet-core/2.27/jersey-container-servlet-core-2.27.jar:/home/user/.m2/repository/org/glassfish/hk2/external/javax.inject/2.5.0-b42/javax.inject-2.5.0-b42.jar:/home/user/.m2/repository/org/glassfish/jersey/core/jersey-common/2.27/jersey-common-2.27.jar:/home/user/.m2/repository/org/glassfish/hk2/osgi-resource-locator/1.0.1/osgi-resource-locator-1.0.1.jar:/home/user/.m2/repository/javax/ws/rs/javax.ws.rs-api/2.1/javax.ws.rs-api-2.1.jar:/home/user/.m2/repository/org/glassfish/jersey/ext/cdi/jersey-cdi1x/2.27/jersey-cdi1x-2.27.jar:/home/user/.m2/repository/org/glassfish/jersey/inject/jersey-hk2/2.27/jersey-hk2-2.27.jar:/home/user/.m2/repository/org/glassfish/hk2/hk2-locator/2.5.0-b42/hk2-locator-2.5.0-b42.jar:/home/user/.m2/repository/org/javassist/javassist/3.22.0-CR2/javassist-3.22.0-CR2.jar:/home/user/.m2/repository/org/glassfish/hk2/hk2-api/2.5.0/hk2-api-2.5.0.jar:/home/user/.m2/repository/org/glassfish/hk2/external/jakarta.inject/2.5.0/jakarta.inject-2.5.0.jar:/home/user/.m2/repository/org/glassfish/hk2/hk2-utils/2.5.0/hk2-utils-2.5.0.jar:/home/user/.m2/repository/jakarta/annotation/jakarta.annotation-api/1.3.4/jakarta.annotation-api-1.3.4.jar:/home/user/.m2/repository/org/glassfish/hk2/external/aopalliance-repackaged/2.5.0/aopalliance-repackaged-2.5.0.jar:/home/user/.m2/repository/com/fasterxml/jackson/dataformat/jackson-dataformat-xml/2.9.0/jackson-dataformat-xml-2.9.0.jar:/home/user/.m2/repository/com/fasterxml/jackson/core/jackson-core/2.9.9/jackson-core-2.9.9.jar:/home/user/.m2/repository/com/fasterxml/jackson/module/jackson-module-jaxb-annotations/2.9.9/jackson-module-jaxb-annotations-2.9.9.jar:/home/user/.m2/repository/javax/enterprise/cdi-api/1.2/cdi-api-1.2.jar:/home/user/.m2/repository/javax/el/javax.el-api/3.0.0/javax.el-api-3.0.0.jar:/home/user/.m2/repository/javax/interceptor/javax.interceptor-api/1.2/javax.interceptor-api-1.2.jar:/home/user/.m2/repository/javax/inject/javax.inject/1/javax.inject-1.jar:/home/user/.m2/repository/com/sun/xml/bind/jaxb-impl/2.3.0.1/jaxb-impl-2.3.0.1.jar:/home/user/.m2/repository/com/sun/xml/bind/jaxb-core/2.3.0.1/jaxb-core-2.3.0.1.jar:/home/user/.m2/repository/javax/xml/bind/jaxb-api/2.3.0/jaxb-api-2.3.0.jar:/home/user/.m2/repository/javax/activation/activation/1.1.1/activation-1.1.1.jar:/home/user/.m2/repository/org/apache/hadoop/hadoop-ozone-csi/0.5.0-SNAPSHOT/hadoop-ozone-csi-0.5.0-SNAPSHOT.jar:/home/user/.m2/repository/com/google/protobuf/protobuf-java-util/3.5.1/protobuf-java-util-3.5.1.jar:/home/user/.m2/repository/org/apache/hadoop/hadoop-hdds-config/0.5.0-SNAPSHOT/hadoop-hdds-config-0.5.0-SNAPSHOT.jar:/home/user/.m2/repository/io/grpc/grpc-netty/1.17.1/grpc-netty-1.17.1.jar:/home/user/.m2/repository/io/grpc/grpc-core/1.17.1/grpc-core-1.17.1.jar:/home/user/.m2/repository/io/grpc/grpc-context/1.17.1/grpc-context-1.17.1.jar:/home/user/.m2/repository/com/google/errorprone/error_prone_annotations/2.2.0/error_prone_annotations-2.2.0.jar:/home/user/.m2/repository/org/codehaus/mojo/animal-sniffer-annotations/1.17/animal-sniffer-annotations-1.17.jar:/home/user/.m2/repository/io/opencensus/opencensus-api/0.17.0/opencensus-api-0.17.0.jar:/home/user/.m2/repository/io/opencensus/opencensus-contrib-grpc-metrics/0.17.0/opencensus-contrib-grpc-metrics-0.17.0.jar:/home/user/.m2/repository/io/netty/netty-codec-http2/4.1.30.Final/netty-codec-http2-4.1.30.Final.jar:/home/user/.m2/repository/io/netty/netty-codec-http/4.1.30.Final/netty-codec-http-4.1.30.Final.jar:/home/user/.m2/repository/io/netty/netty-codec/4.1.30.Final/netty-codec-4.1.30.Final.jar:/home/user/.m2/repository/io/netty/netty-handler/4.1.30.Final/netty-handler-4.1.30.Final.jar:/home/user/.m2/repository/io/netty/netty-handler-proxy/4.1.30.Final/netty-handler-proxy-4.1.30.Final.jar:/home/user/.m2/repository/io/netty/netty-codec-socks/4.1.30.Final/netty-codec-socks-4.1.30.Final.jar:/home/user/.m2/repository/io/netty/netty-transport-native-epoll/4.1.30.Final/netty-transport-native-epoll-4.1.30.Final.jar:/home/user/.m2/repository/io/netty/netty-common/4.1.30.Final/netty-common-4.1.30.Final.jar:/home/user/.m2/repository/io/netty/netty-buffer/4.1.30.Final/netty-buffer-4.1.30.Final.jar:/home/user/.m2/repository/io/netty/netty-transport/4.1.30.Final/netty-transport-4.1.30.Final.jar:/home/user/.m2/repository/io/netty/netty-resolver/4.1.30.Final/netty-resolver-4.1.30.Final.jar:/home/user/.m2/repository/io/netty/netty-transport-native-unix-common/4.1.30.Final/netty-transport-native-unix-common-4.1.30.Final.jar:/home/user/.m2/repository/io/grpc/grpc-protobuf/1.17.1/grpc-protobuf-1.17.1.jar:/home/user/.m2/repository/com/google/api/grpc/proto-google-common-protos/1.0.0/proto-google-common-protos-1.0.0.jar:/home/user/.m2/repository/io/grpc/grpc-protobuf-lite/1.17.1/grpc-protobuf-lite-1.17.1.jar:/home/user/.m2/repository/io/grpc/grpc-stub/1.17.1/grpc-stub-1.17.1.jar:/home/user/.m2/repository/org/apache/hadoop/hadoop-ozone-recon/0.5.0-SNAPSHOT/hadoop-ozone-recon-0.5.0-SNAPSHOT.jar:/home/user/.m2/repository/org/apache/hadoop/hadoop-ozone-reconcodegen/0.5.0-SNAPSHOT/hadoop-ozone-reconcodegen-0.5.0-SNAPSHOT.jar:/home/user/.m2/repository/com/google/inject/extensions/guice-multibindings/4.0/guice-multibindings-4.0.jar:/home/user/.m2/repository/com/google/inject/guice/4.0/guice-4.0.jar:/home/user/.m2/repository/aopalliance/aopalliance/1.0/aopalliance-1.0.jar:/home/user/.m2/repository/com/google/inject/extensions/guice-servlet/4.0/guice-servlet-4.0.jar:/home/user/.m2/repository/org/glassfish/jersey/containers/jersey-container-servlet/2.27/jersey-container-servlet-2.27.jar:/home/user/.m2/repository/org/glassfish/hk2/guice-bridge/2.5.0/guice-bridge-2.5.0.jar:/home/user/.m2/repository/org/glassfish/jersey/core/jersey-server/2.27/jersey-server-2.27.jar:/home/user/.m2/repository/org/glassfish/jersey/core/jersey-client/2.27/jersey-client-2.27.jar:/home/user/.m2/repository/org/glassfish/jersey/media/jersey-media-jaxb/2.27/jersey-media-jaxb-2.27.jar:/home/user/.m2/repository/javax/validation/validation-api/1.1.0.Final/validation-api-1.1.0.Final.jar:/home/user/.m2/repository/org/glassfish/jersey/media/jersey-media-json-jackson/2.27/jersey-media-json-jackson-2.27.jar:/home/user/.m2/repository/org/glassfish/jersey/ext/jersey-entity-filtering/2.27/jersey-entity-filtering-2.27.jar:/home/user/.m2/repository/com/google/inject/extensions/guice-assistedinject/4.0/guice-assistedinject-4.0.jar:/home/user/.m2/repository/org/jooq/jooq/3.11.10/jooq-3.11.10.jar:/home/user/.m2/repository/org/jooq/jooq-meta/3.11.10/jooq-meta-3.11.10.jar:/home/user/.m2/repository/org/jooq/jooq-codegen/3.11.10/jooq-codegen-3.11.10.jar:/home/user/.m2/repository/com/jolbox/bonecp/0.8.0.RELEASE/bonecp-0.8.0.RELEASE.jar:/home/user/.m2/repository/org/xerial/sqlite-jdbc/3.25.2/sqlite-jdbc-3.25.2.jar:/home/user/.m2/repository/org/springframework/spring-jdbc/5.1.3.RELEASE/spring-jdbc-5.1.3.RELEASE.jar:/home/user/.m2/repository/org/springframework/spring-beans/5.1.3.RELEASE/spring-beans-5.1.3.RELEASE.jar:/home/user/.m2/repository/org/springframework/spring-core/5.1.3.RELEASE/spring-core-5.1.3.RELEASE.jar:/home/user/.m2/repository/org/springframework/spring-jcl/5.1.3.RELEASE/spring-jcl-5.1.3.RELEASE.jar:/home/user/.m2/repository/org/springframework/spring-tx/5.1.3.RELEASE/spring-tx-5.1.3.RELEASE.jar:/home/user/.m2/repository/org/apache/hadoop/hadoop-ozone-client/0.5.0-SNAPSHOT/hadoop-ozone-client-0.5.0-SNAPSHOT.jar:/home/user/.m2/repository/commons-lang/commons-lang/2.6/commons-lang-2.6.jar:/home/user/.m2/repository/org/apache/hadoop/hadoop-ozone-ozone-manager/0.5.0-SNAPSHOT/hadoop-ozone-ozone-manager-0.5.0-SNAPSHOT-tests.jar:/home/user/.m2/repository/junit/junit/4.11/junit-4.11.jar:/home/user/.m2/repository/org/hamcrest/hamcrest-core/1.3/hamcrest-core-1.3.jar:/home/user/.m2/repository/org/openjdk/jmh/jmh-core/1.19/jmh-core-1.19.jar:/home/user/.m2/repository/net/sf/jopt-simple/jopt-simple/4.6/jopt-simple-4.6.jar:/home/user/.m2/repository/org/apache/commons/commons-math3/3.1.1/commons-math3-3.1.1.jar:/home/user/.m2/repository/org/openjdk/jmh/jmh-generator-annprocess/1.19/jmh-generator-annprocess-1.19.jar:/home/user/.m2/repository/org/mockito/mockito-all/1.8.5/mockito-all-1.8.5.jar:/home/user/.m2/repository/org/apache/hadoop/hadoop-kms/3.2.0/hadoop-kms-3.2.0.jar:/home/user/.m2/repository/org/apache/hadoop/hadoop-auth/3.2.0/hadoop-auth-3.2.0.jar:/home/user/.m2/repository/com/nimbusds/nimbus-jose-jwt/4.41.1/nimbus-jose-jwt-4.41.1.jar:/home/user/.m2/repository/com/github/stephenc/jcip/jcip-annotations/1.0-1/jcip-annotations-1.0-1.jar:/home/user/.m2/repository/net/minidev/json-smart/2.3/json-smart-2.3.jar:/home/user/.m2/repository/net/minidev/accessors-smart/1.2/accessors-smart-1.2.jar:/home/user/.m2/repository/org/ow2/asm/asm/5.0.4/asm-5.0.4.jar:/home/user/.m2/repository/org/apache/curator/curator-framework/2.12.0/curator-framework-2.12.0.jar:/home/user/.m2/repository/com/sun/jersey/jersey-core/1.19/jersey-core-1.19.jar:/home/user/.m2/repository/javax/ws/rs/jsr311-api/1.1.1/jsr311-api-1.1.1.jar:/home/user/.m2/repository/com/sun/jersey/jersey-server/1.19/jersey-server-1.19.jar:/home/user/.m2/repository/javax/servlet/javax.servlet-api/3.1.0/javax.servlet-api-3.1.0.jar:/home/user/.m2/repository/org/eclipse/jetty/jetty-server/9.3.25.v20180904/jetty-server-9.3.25.v20180904.jar:/home/user/.m2/repository/org/eclipse/jetty/jetty-http/9.3.25.v20180904/jetty-http-9.3.25.v20180904.jar:/home/user/.m2/repository/org/eclipse/jetty/jetty-io/9.3.25.v20180904/jetty-io-9.3.25.v20180904.jar:/home/user/.m2/repository/org/eclipse/jetty/jetty-webapp/9.3.25.v20180904/jetty-webapp-9.3.25.v20180904.jar:/home/user/.m2/repository/org/eclipse/jetty/jetty-xml/9.3.25.v20180904/jetty-xml-9.3.25.v20180904.jar:/home/user/.m2/repository/log4j/log4j/1.2.17/log4j-1.2.17.jar:/home/user/.m2/repository/org/slf4j/slf4j-api/1.7.25/slf4j-api-1.7.25.jar:/home/user/.m2/repository/org/slf4j/jul-to-slf4j/1.7.25/jul-to-slf4j-1.7.25.jar:/home/user/.m2/repository/org/eclipse/jetty/jetty-util/9.3.25.v20180904/jetty-util-9.3.25.v20180904.jar:/home/user/.m2/repository/com/fasterxml/jackson/core/jackson-databind/2.9.9/jackson-databind-2.9.9.jar:/home/user/.m2/repository/org/apache/hadoop/hadoop-kms/3.2.0/hadoop-kms-3.2.0-tests.jar:/home/user/.m2/repository/org/apache/hadoop/hadoop-hdds-server-scm/0.5.0-SNAPSHOT/hadoop-hdds-server-scm-0.5.0-SNAPSHOT-tests.jar:/home/user/.m2/repository/org/apache/hadoop/hadoop-hdds-container-service/0.5.0-SNAPSHOT/hadoop-hdds-container-service-0.5.0-SNAPSHOT-tests.jar:/home/user/.m2/repository/org/yaml/snakeyaml/1.16/snakeyaml-1.16.jar:/home/user/.m2/repository/org/apache/hadoop/hadoop-common/3.2.0/hadoop-common-3.2.0-tests.jar:/home/user/.m2/repository/org/apache/hadoop/hadoop-annotations/3.2.0/hadoop-annotations-3.2.0.jar:/usr/lib/jvm/java-1.8.0-openjdk-1.8.0.222.b10-1.el7_7.x86_64/jre/../lib/tools.jar:/home/user/.m2/repository/commons-cli/commons-cli/1.2/commons-cli-1.2.jar:/home/user/.m2/repository/org/apache/httpcomponents/httpclient/4.5.2/httpclient-4.5.2.jar:/home/user/.m2/repository/org/apache/httpcomponents/httpcore/4.4.4/httpcore-4.4.4.jar:/home/user/.m2/repository/commons-codec/commons-codec/1.11/commons-codec-1.11.jar:/home/user/.m2/repository/commons-net/commons-net/3.6/commons-net-3.6.jar:/home/user/.m2/repository/commons-collections/commons-collections/3.2.2/commons-collections-3.2.2.jar:/home/user/.m2/repository/org/eclipse/jetty/jetty-servlet/9.3.25.v20180904/jetty-servlet-9.3.25.v20180904.jar:/home/user/.m2/repository/org/eclipse/jetty/jetty-security/9.3.25.v20180904/jetty-security-9.3.25.v20180904.jar:/home/user/.m2/repository/javax/servlet/jsp/jsp-api/2.1/jsp-api-2.1.jar:/home/user/.m2/repository/com/sun/jersey/jersey-servlet/1.19/jersey-servlet-1.19.jar:/home/user/.m2/repository/com/sun/jersey/jersey-json/1.19/jersey-json-1.19.jar:/home/user/.m2/repository/org/codehaus/jettison/jettison/1.1/jettison-1.1.jar:/home/user/.m2/repository/org/codehaus/jackson/jackson-core-asl/1.9.13/jackson-core-asl-1.9.13.jar:/home/user/.m2/repository/org/codehaus/jackson/jackson-mapper-asl/1.9.13/jackson-mapper-asl-1.9.13.jar:/home/user/.m2/repository/org/codehaus/jackson/jackson-jaxrs/1.9.13/jackson-jaxrs-1.9.13.jar:/home/user/.m2/repository/org/codehaus/jackson/jackson-xc/1.9.13/jackson-xc-1.9.13.jar:/home/user/.m2/repository/commons-logging/commons-logging/1.1.3/commons-logging-1.1.3.jar:/home/user/.m2/repository/commons-beanutils/commons-beanutils/1.9.4/commons-beanutils-1.9.4.jar:/home/user/.m2/repository/org/apache/commons/commons-configuration2/2.1.1/commons-configuration2-2.1.1.jar:/home/user/.m2/repository/org/apache/commons/commons-lang3/3.7/commons-lang3-3.7.jar:/home/user/.m2/repository/org/apache/commons/commons-text/1.4/commons-text-1.4.jar:/home/user/.m2/repository/org/apache/avro/avro/1.7.7/avro-1.7.7.jar:/home/user/.m2/repository/com/thoughtworks/paranamer/paranamer/2.3/paranamer-2.3.jar:/home/user/.m2/repository/org/xerial/snappy/snappy-java/1.0.5/snappy-java-1.0.5.jar:/home/user/.m2/repository/com/google/re2j/re2j/1.1/re2j-1.1.jar:/home/user/.m2/repository/com/google/code/gson/gson/2.2.4/gson-2.2.4.jar:/home/user/.m2/repository/com/jcraft/jsch/0.1.54/jsch-0.1.54.jar:/home/user/.m2/repository/org/apache/curator/curator-client/2.12.0/curator-client-2.12.0.jar:/home/user/.m2/repository/org/apache/curator/curator-recipes/2.12.0/curator-recipes-2.12.0.jar:/home/user/.m2/repository/com/google/code/findbugs/jsr305/3.0.0/jsr305-3.0.0.jar:/home/user/.m2/repository/org/apache/htrace/htrace-core4/4.1.0-incubating/htrace-core4-4.1.0-incubating.jar:/home/user/.m2/repository/org/apache/zookeeper/zookeeper/3.4.13/zookeeper-3.4.13.jar:/home/user/.m2/repository/jline/jline/0.9.94/jline-0.9.94.jar:/home/user/.m2/repository/org/apache/yetus/audience-annotations/0.5.0/audience-annotations-0.5.0.jar:/home/user/.m2/repository/org/codehaus/woodstox/stax2-api/3.1.4/stax2-api-3.1.4.jar:/home/user/.m2/repository/com/fasterxml/woodstox/woodstox-core/5.0.3/woodstox-core-5.0.3.jar:/home/user/.m2/repository/dnsjava/dnsjava/2.1.7/dnsjava-2.1.7.jar:/home/user/.m2/repository/org/apache/hadoop/hadoop-hdfs/3.2.0/hadoop-hdfs-3.2.0-tests.jar:/home/user/.m2/repository/org/eclipse/jetty/jetty-util-ajax/9.3.25.v20180904/jetty-util-ajax-9.3.25.v20180904.jar:/home/user/.m2/repository/commons-daemon/commons-daemon/1.0.13/commons-daemon-1.0.13.jar:/home/user/.m2/repository/io/netty/netty/3.10.5.Final/netty-3.10.5.Final.jar:/home/user/.m2/repository/io/netty/netty-all/4.0.52.Final/netty-all-4.0.52.Final.jar:/home/user/.m2/repository/org/fusesource/leveldbjni/leveldbjni-all/1.8/leveldbjni-all-1.8.jar:"/>
    <property name="sun.cpu.endian" value="little"/>
    <property name="user.home" value="/home/user"/>
    <property name="user.language" value="en"/>
    <property name="java.specification.vendor" value="Oracle Corporation"/>
    <property name="java.home" value="/usr/lib/jvm/java-1.8.0-openjdk-1.8.0.222.b10-1.el7_7.x86_64/jre"/>
    <property name="surefire.excludesFile" value="/tools/ozone-bad-unit-tests"/>
    <property name="java.security.krb5.conf" value="/workdir/hadoop-ozone/integration-test/target/test-classes/krb5.conf"/>
    <property name="basedir" value="/workdir/hadoop-ozone/integration-test"/>
    <property name="file.separator" value="/"/>
    <property name="line.separator" value="&#10;"/>
    <property name="java.vm.specification.vendor" value="Oracle Corporation"/>
    <property name="java.specification.name" value="Java Platform API Specification"/>
    <property name="java.awt.graphicsenv" value="sun.awt.X11GraphicsEnvironment"/>
    <property name="surefire.real.class.path" value="/workdir/hadoop-ozone/integration-test/target/surefire/surefirebooter1377671660215736146.jar"/>
    <property name="hadoop.log.dir" value="/workdir/hadoop-ozone/integration-test/target/log"/>
    <property name="sun.boot.class.path" value="/usr/lib/jvm/java-1.8.0-openjdk-1.8.0.222.b10-1.el7_7.x86_64/jre/lib/resources.jar:/usr/lib/jvm/java-1.8.0-openjdk-1.8.0.222.b10-1.el7_7.x86_64/jre/lib/rt.jar:/usr/lib/jvm/java-1.8.0-openjdk-1.8.0.222.b10-1.el7_7.x86_64/jre/lib/sunrsasign.jar:/usr/lib/jvm/java-1.8.0-openjdk-1.8.0.222.b10-1.el7_7.x86_64/jre/lib/jsse.jar:/usr/lib/jvm/java-1.8.0-openjdk-1.8.0.222.b10-1.el7_7.x86_64/jre/lib/jce.jar:/usr/lib/jvm/java-1.8.0-openjdk-1.8.0.222.b10-1.el7_7.x86_64/jre/lib/charsets.jar:/usr/lib/jvm/java-1.8.0-openjdk-1.8.0.222.b10-1.el7_7.x86_64/jre/lib/jfr.jar:/usr/lib/jvm/java-1.8.0-openjdk-1.8.0.222.b10-1.el7_7.x86_64/jre/classes"/>
    <property name="sun.management.compiler" value="HotSpot 64-Bit Tiered Compilers"/>
    <property name="java.runtime.version" value="1.8.0_222-b10"/>
    <property name="java.net.preferIPv4Stack" value="true"/>
    <property name="user.name" value="jenkins1000"/>
    <property name="path.separator" value=":"/>
    <property name="java.security.egd" value="file:///dev/urandom"/>
    <property name="os.version" value="3.10.0-957.12.2.el7.x86_64"/>
    <property name="java.endorsed.dirs" value="/usr/lib/jvm/java-1.8.0-openjdk-1.8.0.222.b10-1.el7_7.x86_64/jre/lib/endorsed"/>
    <property name="java.runtime.name" value="OpenJDK Runtime Environment"/>
    <property name="file.encoding" value="ANSI_X3.4-1968"/>
    <property name="java.vm.name" value="OpenJDK 64-Bit Server VM"/>
    <property name="test.build.webapps" value=""/>
    <property name="localRepository" value="/home/user/.m2/repository"/>
    <property name="java.vendor.url.bug" value="http://bugreport.sun.com/bugreport/"/>
    <property name="java.io.tmpdir" value="/tmp"/>
    <property name="require.test.libhadoop" value=""/>
    <property name="java.version" value="1.8.0_222"/>
    <property name="user.dir" value="/workdir/hadoop-ozone/integration-test"/>
    <property name="os.arch" value="amd64"/>
    <property name="java.vm.specification.name" value="Java Virtual Machine Specification"/>
    <property name="test.build.classes" value="/workdir/hadoop-ozone/integration-test/target/test-classes"/>
    <property name="java.awt.printerjob" value="sun.print.PSPrinterJob"/>
    <property name="sun.os.patch.level" value="unknown"/>
    <property name="hadoop.tmp.dir" value="/workdir/hadoop-ozone/integration-test/target/tmp"/>
    <property name="java.library.path" value="/usr/lib:/workdir/hadoop-ozone/integration-test/target/native/target/usr/local/lib:/workdir/hadoop-ozone/integration-test/../../hadoop-common-project/hadoop-common/target/native/target/usr/local/lib:/usr/java/packages/lib/amd64:/usr/lib64:/lib64:/lib:/usr/lib"/>
    <property name="java.vm.info" value="mixed mode"/>
    <property name="java.vendor" value="Oracle Corporation"/>
    <property name="java.vm.version" value="25.222-b10"/>
    <property name="java.ext.dirs" value="/usr/lib/jvm/java-1.8.0-openjdk-1.8.0.222.b10-1.el7_7.x86_64/jre/lib/ext:/usr/java/packages/lib/ext"/>
    <property name="sun.io.unicode.encoding" value="UnicodeLittle"/>
    <property name="java.class.version" value="52.0"/>
  </properties>
  <testcase name="testDeleteKeyWithSlowFollower" classname="org.apache.hadoop.ozone.client.rpc.TestDeleteWithSlowFollower" time="112.872">
    <failure type="java.lang.AssertionError">java.lang.AssertionError
	at org.junit.Assert.fail(Assert.java:86)
	at org.junit.Assert.assertTrue(Assert.java:41)
	at org.junit.Assert.assertTrue(Assert.java:52)
	at org.apache.hadoop.ozone.client.rpc.TestDeleteWithSlowFollower.testDeleteKeyWithSlowFollower(TestDeleteWithSlowFollower.java:265)
	at sun.reflect.NativeMethodAccessorImpl.invoke0(Native Method)
	at sun.reflect.NativeMethodAccessorImpl.invoke(NativeMethodAccessorImpl.java:62)
	at sun.reflect.DelegatingMethodAccessorImpl.invoke(DelegatingMethodAccessorImpl.java:43)
	at java.lang.reflect.Method.invoke(Method.java:498)
	at org.junit.runners.model.FrameworkMethod$1.runReflectiveCall(FrameworkMethod.java:47)
	at org.junit.internal.runners.model.ReflectiveCallable.run(ReflectiveCallable.java:12)
	at org.junit.runners.model.FrameworkMethod.invokeExplosively(FrameworkMethod.java:44)
	at org.junit.internal.runners.statements.InvokeMethod.evaluate(InvokeMethod.java:17)
	at org.junit.runners.ParentRunner.runLeaf(ParentRunner.java:271)
	at org.junit.runners.BlockJUnit4ClassRunner.runChild(BlockJUnit4ClassRunner.java:70)
	at org.junit.runners.BlockJUnit4ClassRunner.runChild(BlockJUnit4ClassRunner.java:50)
	at org.junit.runners.ParentRunner$3.run(ParentRunner.java:238)
	at org.junit.runners.ParentRunner$1.schedule(ParentRunner.java:63)
	at org.junit.runners.ParentRunner.runChildren(ParentRunner.java:236)
	at org.junit.runners.ParentRunner.access$000(ParentRunner.java:53)
	at org.junit.runners.ParentRunner$2.evaluate(ParentRunner.java:229)
	at org.junit.internal.runners.statements.RunBefores.evaluate(RunBefores.java:26)
	at org.junit.internal.runners.statements.RunAfters.evaluate(RunAfters.java:27)
	at org.junit.runners.ParentRunner.run(ParentRunner.java:309)
	at org.apache.maven.surefire.junit4.JUnit4Provider.execute(JUnit4Provider.java:365)
	at org.apache.maven.surefire.junit4.JUnit4Provider.executeWithRerun(JUnit4Provider.java:273)
	at org.apache.maven.surefire.junit4.JUnit4Provider.executeTestSet(JUnit4Provider.java:238)
	at org.apache.maven.surefire.junit4.JUnit4Provider.invoke(JUnit4Provider.java:159)
	at org.apache.maven.surefire.booter.ForkedBooter.invokeProviderInSameClassLoader(ForkedBooter.java:384)
	at org.apache.maven.surefire.booter.ForkedBooter.runSuitesInProcess(ForkedBooter.java:345)
	at org.apache.maven.surefire.booter.ForkedBooter.execute(ForkedBooter.java:126)
	at org.apache.maven.surefire.booter.ForkedBooter.main(ForkedBooter.java:418)
</failure>
    <system-out><![CDATA[2019-10-18 19:55:45,737 [main] WARN  server.ServerUtils (ServerUtils.java:getScmDbDir(145)) - ozone.scm.db.dirs is not configured. We recommend adding this setting. Falling back to ozone.metadata.dirs instead.
2019-10-18 19:55:45,892 [main] WARN  server.ServerUtils (ServerUtils.java:getScmDbDir(145)) - ozone.scm.db.dirs is not configured. We recommend adding this setting. Falling back to ozone.metadata.dirs instead.
2019-10-18 19:55:45,896 [main] WARN  server.ServerUtils (ServerUtils.java:getScmDbDir(145)) - ozone.scm.db.dirs is not configured. We recommend adding this setting. Falling back to ozone.metadata.dirs instead.
2019-10-18 19:55:45,925 [main] INFO  util.log (Log.java:initialized(192)) - Logging initialized @870ms
2019-10-18 19:55:46,022 [main] INFO  db.DBStoreBuilder (DBStoreBuilder.java:addTable(117)) - using custom profile for table: deletedBlocks
2019-10-18 19:55:46,023 [main] INFO  db.DBStoreBuilder (DBStoreBuilder.java:processTables(168)) - Using default column profile:DBProfile.DISK for Table:deletedBlocks
2019-10-18 19:55:46,023 [main] INFO  db.DBStoreBuilder (DBStoreBuilder.java:addTable(117)) - using custom profile for table: validCerts
2019-10-18 19:55:46,023 [main] INFO  db.DBStoreBuilder (DBStoreBuilder.java:processTables(168)) - Using default column profile:DBProfile.DISK for Table:validCerts
2019-10-18 19:55:46,024 [main] INFO  db.DBStoreBuilder (DBStoreBuilder.java:addTable(117)) - using custom profile for table: revokedCerts
2019-10-18 19:55:46,024 [main] INFO  db.DBStoreBuilder (DBStoreBuilder.java:processTables(168)) - Using default column profile:DBProfile.DISK for Table:revokedCerts
2019-10-18 19:55:46,035 [main] INFO  db.DBStoreBuilder (DBStoreBuilder.java:addTable(117)) - using custom profile for table: default
2019-10-18 19:55:46,035 [main] INFO  db.DBStoreBuilder (DBStoreBuilder.java:processTables(174)) - Using default column profile:DBProfile.DISK for Table:default
2019-10-18 19:55:46,036 [main] INFO  db.DBStoreBuilder (DBStoreBuilder.java:getDbProfile(205)) - Using default options. DBProfile.DISK
2019-10-18 19:55:46,369 [main] INFO  net.NodeSchemaLoader (NodeSchemaLoader.java:loadSchemaFromFile(125)) - Loading file from sun.misc.CompoundEnumeration@74235045
2019-10-18 19:55:46,371 [main] INFO  net.NodeSchemaLoader (NodeSchemaLoader.java:loadSchema(171)) - Loading network topology layer schema file
2019-10-18 19:55:46,428 [main] WARN  server.ServerUtils (ServerUtils.java:sanitizeUserArgs(70)) - ozone.scm.stale.node.interval value = 1000000 is larger than max = 100000 based on the key value of ozone.scm.heartbeat.thread.interval, reset to the max value 100000.
2019-10-18 19:55:46,430 [main] WARN  server.ServerUtils (ServerUtils.java:sanitizeUserArgs(70)) - ozone.scm.stale.node.interval value = 1000000 is larger than max = 100000 based on the key value of ozone.scm.heartbeat.thread.interval, reset to the max value 100000.
2019-10-18 19:55:46,432 [main] INFO  node.SCMNodeManager (SCMNodeManager.java:<init>(116)) - Entering startup safe mode.
2019-10-18 19:55:46,492 [main] INFO  algorithms.ContainerPlacementPolicyFactory (ContainerPlacementPolicyFactory.java:getPolicy(57)) - Create container placement policy of type org.apache.hadoop.hdds.scm.container.placement.algorithms.SCMContainerPlacementRandom
2019-10-18 19:55:46,505 [main] WARN  server.ServerUtils (ServerUtils.java:getScmDbDir(145)) - ozone.scm.db.dirs is not configured. We recommend adding this setting. Falling back to ozone.metadata.dirs instead.
2019-10-18 19:55:46,620 [main] INFO  pipeline.SCMPipelineManager (SCMPipelineManager.java:initializePipelineState(132)) - No pipeline exists in current db
2019-10-18 19:55:46,623 [main] WARN  server.ServerUtils (ServerUtils.java:getScmDbDir(145)) - ozone.scm.db.dirs is not configured. We recommend adding this setting. Falling back to ozone.metadata.dirs instead.
2019-10-18 19:55:46,790 [main] WARN  events.EventQueue (EventQueue.java:fireEvent(183)) - No event handler registered for event TypedEvent{payloadType=SafeModeStatus, name='SafeModeStatus'}
2019-10-18 19:55:47,169 [main] INFO  ipc.CallQueueManager (CallQueueManager.java:<init>(84)) - Using callQueue: class java.util.concurrent.LinkedBlockingQueue, queueCapacity: 2000, scheduler: class org.apache.hadoop.ipc.DefaultRpcScheduler, ipcBackoff: false.
2019-10-18 19:55:47,302 [Socket Reader #1 for port 45379] INFO  ipc.Server (Server.java:run(1074)) - Starting Socket Reader #1 for port 45379
2019-10-18 19:55:47,343 [main] INFO  ipc.CallQueueManager (CallQueueManager.java:<init>(84)) - Using callQueue: class java.util.concurrent.LinkedBlockingQueue, queueCapacity: 2000, scheduler: class org.apache.hadoop.ipc.DefaultRpcScheduler, ipcBackoff: false.
2019-10-18 19:55:47,345 [Socket Reader #1 for port 45183] INFO  ipc.Server (Server.java:run(1074)) - Starting Socket Reader #1 for port 45183
2019-10-18 19:55:47,355 [main] INFO  ipc.CallQueueManager (CallQueueManager.java:<init>(84)) - Using callQueue: class java.util.concurrent.LinkedBlockingQueue, queueCapacity: 2000, scheduler: class org.apache.hadoop.ipc.DefaultRpcScheduler, ipcBackoff: false.
2019-10-18 19:55:47,356 [Socket Reader #1 for port 38126] INFO  ipc.Server (Server.java:run(1074)) - Starting Socket Reader #1 for port 38126
2019-10-18 19:55:47,383 [main] INFO  hdfs.DFSUtil (DFSUtil.java:httpServerTemplateForNNAndJN(1641)) - Starting Web-server for scm at: http://0.0.0.0:0
2019-10-18 19:55:47,545 [main] INFO  server.AuthenticationFilter (AuthenticationFilter.java:constructSecretProvider(240)) - Unable to initialize FileSignerSecretProvider, falling back to use random secrets.
2019-10-18 19:55:47,553 [main] WARN  http.HttpRequestLog (HttpRequestLog.java:getRequestLog(97)) - Jetty request log can only be enabled using Log4j
2019-10-18 19:55:47,560 [main] INFO  http.HttpServer2 (HttpServer2.java:addGlobalFilter(975)) - Added global filter 'safety' (class=org.apache.hadoop.http.HttpServer2$QuotingInputFilter)
2019-10-18 19:55:47,563 [main] INFO  http.HttpServer2 (HttpServer2.java:addFilter(948)) - Added filter static_user_filter (class=org.apache.hadoop.http.lib.StaticUserWebFilter$StaticUserFilter) to context scm
2019-10-18 19:55:47,563 [main] INFO  http.HttpServer2 (HttpServer2.java:addFilter(958)) - Added filter static_user_filter (class=org.apache.hadoop.http.lib.StaticUserWebFilter$StaticUserFilter) to context logs
2019-10-18 19:55:47,563 [main] INFO  http.HttpServer2 (HttpServer2.java:addFilter(958)) - Added filter static_user_filter (class=org.apache.hadoop.http.lib.StaticUserWebFilter$StaticUserFilter) to context static
2019-10-18 19:55:47,591 [main] INFO  server.StorageContainerManager (StorageContainerManager.java:start(772)) - StorageContainerLocationProtocol RPC server is listening at /0.0.0.0:38126
2019-10-18 19:55:47,647 [main] WARN  impl.MetricsConfig (MetricsConfig.java:loadFirst(134)) - Cannot locate configuration: tried hadoop-metrics2-storagecontainermanager.properties,hadoop-metrics2.properties
2019-10-18 19:55:47,659 [main] INFO  impl.MetricsSystemImpl (MetricsSystemImpl.java:startTimer(374)) - Scheduled Metric snapshot period at 10 second(s).
2019-10-18 19:55:47,660 [main] INFO  impl.MetricsSystemImpl (MetricsSystemImpl.java:start(191)) - StorageContainerManager metrics system started
2019-10-18 19:55:47,877 [main] INFO  server.SCMClientProtocolServer (SCMClientProtocolServer.java:start(159)) - RPC server for Client  is listening at /0.0.0.0:38126
2019-10-18 19:55:47,878 [IPC Server Responder] INFO  ipc.Server (Server.java:run(1314)) - IPC Server Responder: starting
2019-10-18 19:55:47,878 [IPC Server listener on 38126] INFO  ipc.Server (Server.java:run(1153)) - IPC Server listener on 38126: starting
2019-10-18 19:55:47,881 [main] INFO  server.StorageContainerManager (StorageContainerManager.java:start(782)) - ScmBlockLocationProtocol RPC server is listening at /0.0.0.0:45183
2019-10-18 19:55:47,882 [main] INFO  server.SCMBlockProtocolServer (SCMBlockProtocolServer.java:start(146)) - RPC server for Block Protocol is listening at /0.0.0.0:45183
2019-10-18 19:55:47,882 [IPC Server Responder] INFO  ipc.Server (Server.java:run(1314)) - IPC Server Responder: starting
2019-10-18 19:55:47,882 [IPC Server listener on 45183] INFO  ipc.Server (Server.java:run(1153)) - IPC Server listener on 45183: starting
2019-10-18 19:55:47,885 [main] INFO  server.StorageContainerManager (StorageContainerManager.java:start(786)) - ScmDatanodeProtocl RPC server is listening at /0.0.0.0:45379
2019-10-18 19:55:47,885 [main] INFO  server.SCMDatanodeProtocolServer (SCMDatanodeProtocolServer.java:start(169)) - RPC server for DataNodes is listening at /0.0.0.0:45379
2019-10-18 19:55:47,886 [IPC Server Responder] INFO  ipc.Server (Server.java:run(1314)) - IPC Server Responder: starting
2019-10-18 19:55:47,886 [IPC Server listener on 45379] INFO  ipc.Server (Server.java:run(1153)) - IPC Server listener on 45379: starting
2019-10-18 19:55:47,889 [main] INFO  http.HttpServer2 (HttpServer2.java:bindListener(1191)) - Jetty bound to port 39111
2019-10-18 19:55:47,891 [main] INFO  server.Server (Server.java:doStart(351)) - jetty-9.3.25.v20180904, build timestamp: 2018-09-04T21:11:46Z, git hash: 3ce520221d0240229c862b122d2b06c12a625732
2019-10-18 19:55:47,928 [main] INFO  handler.ContextHandler (ContextHandler.java:doStart(781)) - Started o.e.j.s.ServletContextHandler@42f8285e{/logs,file:///workdir/hadoop-ozone/integration-test/target/log,AVAILABLE}
2019-10-18 19:55:47,929 [main] INFO  handler.ContextHandler (ContextHandler.java:doStart(781)) - Started o.e.j.s.ServletContextHandler@3724af13{/static,file:///workdir/hadoop-ozone/integration-test/target/test-classes/webapps/static,AVAILABLE}
2019-10-18 19:55:47,961 [main] INFO  handler.ContextHandler (ContextHandler.java:doStart(781)) - Started o.e.j.w.WebAppContext@24a1c17f{/,file:///workdir/hadoop-ozone/integration-test/target/test-classes/webapps/scm/,AVAILABLE}{/scm}
2019-10-18 19:55:47,966 [main] INFO  server.AbstractConnector (AbstractConnector.java:doStart(278)) - Started ServerConnector@4d63b624{HTTP/1.1,[http/1.1]}{0.0.0.0:39111}
2019-10-18 19:55:47,967 [main] INFO  server.Server (Server.java:doStart(419)) - Started @2912ms
2019-10-18 19:55:47,969 [main] INFO  impl.MetricsSinkAdapter (MetricsSinkAdapter.java:start(204)) - Sink prometheus started
2019-10-18 19:55:47,969 [main] INFO  impl.MetricsSystemImpl (MetricsSystemImpl.java:registerSink(301)) - Registered sink prometheus
2019-10-18 19:55:47,970 [main] INFO  server.BaseHttpServer (BaseHttpServer.java:updateConnectorAddress(215)) - HTTP server of SCM is listening at http://0.0.0.0:39111
2019-10-18 19:55:47,977 [org.apache.hadoop.util.JvmPauseMonitor$Monitor@4b629f13] INFO  util.JvmPauseMonitor (JvmPauseMonitor.java:run(188)) - Starting JVM pause monitor
2019-10-18 19:55:47,981 [main] WARN  server.ServerUtils (ServerUtils.java:getDBPath(222)) - ozone.om.db.dirs is not configured. We recommend adding this setting. Falling back to ozone.metadata.dirs instead.
2019-10-18 19:55:48,101 [main] INFO  ha.OMHANodeDetails (OMHANodeDetails.java:loadOMHAConfig(190)) - Configuration either no ozone.om.address set. Falling back to the default OM address /127.0.0.1:0
2019-10-18 19:55:48,101 [main] INFO  ha.OMHANodeDetails (OMHANodeDetails.java:getOMNodeDetails(220)) - OM Service ID is not set. Setting it to the default ID: omServiceIdDefault
2019-10-18 19:55:48,103 [main] WARN  server.ServerUtils (ServerUtils.java:getDBPath(222)) - ozone.om.db.dirs is not configured. We recommend adding this setting. Falling back to ozone.metadata.dirs instead.
2019-10-18 19:55:48,104 [main] WARN  server.ServerUtils (ServerUtils.java:getDBPath(222)) - ozone.om.db.dirs is not configured. We recommend adding this setting. Falling back to ozone.metadata.dirs instead.
2019-10-18 19:55:48,710 [main] WARN  server.ServerUtils (ServerUtils.java:getDBPath(222)) - ozone.om.db.dirs is not configured. We recommend adding this setting. Falling back to ozone.metadata.dirs instead.
2019-10-18 19:55:48,720 [main] INFO  db.DBStoreBuilder (DBStoreBuilder.java:addTable(117)) - using custom profile for table: userTable
2019-10-18 19:55:48,721 [main] INFO  db.DBStoreBuilder (DBStoreBuilder.java:processTables(168)) - Using default column profile:DBProfile.DISK for Table:userTable
2019-10-18 19:55:48,721 [main] INFO  db.DBStoreBuilder (DBStoreBuilder.java:addTable(117)) - using custom profile for table: volumeTable
2019-10-18 19:55:48,721 [main] INFO  db.DBStoreBuilder (DBStoreBuilder.java:processTables(168)) - Using default column profile:DBProfile.DISK for Table:volumeTable
2019-10-18 19:55:48,722 [main] INFO  db.DBStoreBuilder (DBStoreBuilder.java:addTable(117)) - using custom profile for table: bucketTable
2019-10-18 19:55:48,722 [main] INFO  db.DBStoreBuilder (DBStoreBuilder.java:processTables(168)) - Using default column profile:DBProfile.DISK for Table:bucketTable
2019-10-18 19:55:48,723 [main] INFO  db.DBStoreBuilder (DBStoreBuilder.java:addTable(117)) - using custom profile for table: keyTable
2019-10-18 19:55:48,723 [main] INFO  db.DBStoreBuilder (DBStoreBuilder.java:processTables(168)) - Using default column profile:DBProfile.DISK for Table:keyTable
2019-10-18 19:55:48,724 [main] INFO  db.DBStoreBuilder (DBStoreBuilder.java:addTable(117)) - using custom profile for table: deletedTable
2019-10-18 19:55:48,724 [main] INFO  db.DBStoreBuilder (DBStoreBuilder.java:processTables(168)) - Using default column profile:DBProfile.DISK for Table:deletedTable
2019-10-18 19:55:48,725 [main] INFO  db.DBStoreBuilder (DBStoreBuilder.java:addTable(117)) - using custom profile for table: openKeyTable
2019-10-18 19:55:48,725 [main] INFO  db.DBStoreBuilder (DBStoreBuilder.java:processTables(168)) - Using default column profile:DBProfile.DISK for Table:openKeyTable
2019-10-18 19:55:48,726 [main] INFO  db.DBStoreBuilder (DBStoreBuilder.java:addTable(117)) - using custom profile for table: s3Table
2019-10-18 19:55:48,726 [main] INFO  db.DBStoreBuilder (DBStoreBuilder.java:processTables(168)) - Using default column profile:DBProfile.DISK for Table:s3Table
2019-10-18 19:55:48,726 [main] INFO  db.DBStoreBuilder (DBStoreBuilder.java:addTable(117)) - using custom profile for table: multipartInfoTable
2019-10-18 19:55:48,727 [main] INFO  db.DBStoreBuilder (DBStoreBuilder.java:processTables(168)) - Using default column profile:DBProfile.DISK for Table:multipartInfoTable
2019-10-18 19:55:48,727 [main] INFO  db.DBStoreBuilder (DBStoreBuilder.java:addTable(117)) - using custom profile for table: dTokenTable
2019-10-18 19:55:48,727 [main] INFO  db.DBStoreBuilder (DBStoreBuilder.java:processTables(168)) - Using default column profile:DBProfile.DISK for Table:dTokenTable
2019-10-18 19:55:48,728 [main] INFO  db.DBStoreBuilder (DBStoreBuilder.java:addTable(117)) - using custom profile for table: s3SecretTable
2019-10-18 19:55:48,728 [main] INFO  db.DBStoreBuilder (DBStoreBuilder.java:processTables(168)) - Using default column profile:DBProfile.DISK for Table:s3SecretTable
2019-10-18 19:55:48,729 [main] INFO  db.DBStoreBuilder (DBStoreBuilder.java:addTable(117)) - using custom profile for table: prefixTable
2019-10-18 19:55:48,729 [main] INFO  db.DBStoreBuilder (DBStoreBuilder.java:processTables(168)) - Using default column profile:DBProfile.DISK for Table:prefixTable
2019-10-18 19:55:48,729 [main] INFO  db.DBStoreBuilder (DBStoreBuilder.java:addTable(117)) - using custom profile for table: default
2019-10-18 19:55:48,730 [main] INFO  db.DBStoreBuilder (DBStoreBuilder.java:processTables(174)) - Using default column profile:DBProfile.DISK for Table:default
2019-10-18 19:55:48,730 [main] INFO  db.DBStoreBuilder (DBStoreBuilder.java:getDbProfile(205)) - Using default options. DBProfile.DISK
2019-10-18 19:55:49,163 [main] INFO  ipc.CallQueueManager (CallQueueManager.java:<init>(84)) - Using callQueue: class java.util.concurrent.LinkedBlockingQueue, queueCapacity: 2000, scheduler: class org.apache.hadoop.ipc.DefaultRpcScheduler, ipcBackoff: false.
2019-10-18 19:55:49,164 [Socket Reader #1 for port 37018] INFO  ipc.Server (Server.java:run(1074)) - Starting Socket Reader #1 for port 37018
2019-10-18 19:55:49,186 [main] INFO  om.OzoneManager (OzoneManager.java:start(1074)) - OzoneManager RPC server is listening at localhost/127.0.0.1:37018
2019-10-18 19:55:49,187 [main] INFO  impl.MetricsSystemImpl (MetricsSystemImpl.java:init(158)) - OzoneManager metrics system started (again)
2019-10-18 19:55:49,195 [IPC Server Responder] INFO  ipc.Server (Server.java:run(1314)) - IPC Server Responder: starting
2019-10-18 19:55:49,195 [IPC Server listener on 37018] INFO  ipc.Server (Server.java:run(1153)) - IPC Server listener on 37018: starting
2019-10-18 19:55:49,201 [main] INFO  hdfs.DFSUtil (DFSUtil.java:httpServerTemplateForNNAndJN(1641)) - Starting Web-server for ozoneManager at: http://0.0.0.0:0
2019-10-18 19:55:49,203 [main] INFO  server.AuthenticationFilter (AuthenticationFilter.java:constructSecretProvider(240)) - Unable to initialize FileSignerSecretProvider, falling back to use random secrets.
2019-10-18 19:55:49,203 [main] WARN  http.HttpRequestLog (HttpRequestLog.java:getRequestLog(97)) - Jetty request log can only be enabled using Log4j
2019-10-18 19:55:49,205 [main] INFO  http.HttpServer2 (HttpServer2.java:addGlobalFilter(975)) - Added global filter 'safety' (class=org.apache.hadoop.http.HttpServer2$QuotingInputFilter)
2019-10-18 19:55:49,206 [main] INFO  http.HttpServer2 (HttpServer2.java:addFilter(948)) - Added filter static_user_filter (class=org.apache.hadoop.http.lib.StaticUserWebFilter$StaticUserFilter) to context ozoneManager
2019-10-18 19:55:49,206 [main] INFO  http.HttpServer2 (HttpServer2.java:addFilter(958)) - Added filter static_user_filter (class=org.apache.hadoop.http.lib.StaticUserWebFilter$StaticUserFilter) to context static
2019-10-18 19:55:49,206 [main] INFO  http.HttpServer2 (HttpServer2.java:addFilter(958)) - Added filter static_user_filter (class=org.apache.hadoop.http.lib.StaticUserWebFilter$StaticUserFilter) to context logs
2019-10-18 19:55:49,208 [main] INFO  http.HttpServer2 (HttpServer2.java:bindListener(1191)) - Jetty bound to port 34784
2019-10-18 19:55:49,209 [main] INFO  server.Server (Server.java:doStart(351)) - jetty-9.3.25.v20180904, build timestamp: 2018-09-04T21:11:46Z, git hash: 3ce520221d0240229c862b122d2b06c12a625732
2019-10-18 19:55:49,211 [main] INFO  handler.ContextHandler (ContextHandler.java:doStart(781)) - Started o.e.j.s.ServletContextHandler@aa10649{/logs,file:///workdir/hadoop-ozone/integration-test/target/log,AVAILABLE}
2019-10-18 19:55:49,211 [main] INFO  handler.ContextHandler (ContextHandler.java:doStart(781)) - Started o.e.j.s.ServletContextHandler@37095ded{/static,file:///workdir/hadoop-ozone/integration-test/target/test-classes/webapps/static,AVAILABLE}
2019-10-18 19:55:49,216 [main] INFO  handler.ContextHandler (ContextHandler.java:doStart(781)) - Started o.e.j.w.WebAppContext@75b3673{/,file:///workdir/hadoop-ozone/integration-test/target/test-classes/webapps/ozoneManager/,AVAILABLE}{/ozoneManager}
2019-10-18 19:55:49,217 [main] INFO  server.AbstractConnector (AbstractConnector.java:doStart(278)) - Started ServerConnector@1bcb79c2{HTTP/1.1,[http/1.1]}{0.0.0.0:34784}
2019-10-18 19:55:49,217 [main] INFO  server.Server (Server.java:doStart(419)) - Started @4162ms
2019-10-18 19:55:49,218 [main] WARN  impl.MetricsSystemImpl (MetricsSystemImpl.java:register(276)) - Sink prometheus already exists!
2019-10-18 19:55:49,218 [main] INFO  server.BaseHttpServer (BaseHttpServer.java:updateConnectorAddress(215)) - HTTP server of OZONEMANAGER is listening at http://0.0.0.0:34784
2019-10-18 19:55:49,520 [main] INFO  impl.MetricsSystemImpl (MetricsSystemImpl.java:init(158)) - HddsDatanode metrics system started (again)
2019-10-18 19:55:49,568 [main] INFO  ozone.HddsDatanodeService (HddsDatanodeService.java:start(184)) - HddsDatanodeService host:pr-hdds-2310-hfl48-2231614471 ip:192.168.34.13
2019-10-18 19:55:49,600 [main] INFO  volume.HddsVolume (HddsVolume.java:<init>(176)) - Creating Volume: /workdir/hadoop-ozone/integration-test/target/test-dir/MiniOzoneClusterImpl-7f30148d-aede-4745-be18-888c5c6e9681/datanode-0/data/containers/hdds of  storage type : DISK and capacity : 1482555576320
2019-10-18 19:55:49,603 [main] INFO  volume.VolumeSet (VolumeSet.java:initializeVolumeSet(170)) - Added Volume : /workdir/hadoop-ozone/integration-test/target/test-dir/MiniOzoneClusterImpl-7f30148d-aede-4745-be18-888c5c6e9681/datanode-0/data/containers/hdds to VolumeSet
2019-10-18 19:55:49,607 [main] INFO  volume.ThrottledAsyncChecker (ThrottledAsyncChecker.java:schedule(141)) - Scheduling a check for /workdir/hadoop-ozone/integration-test/target/test-dir/MiniOzoneClusterImpl-7f30148d-aede-4745-be18-888c5c6e9681/datanode-0/data/containers/hdds
2019-10-18 19:55:49,632 [main] INFO  volume.HddsVolumeChecker (HddsVolumeChecker.java:checkAllVolumes(204)) - Scheduled health check for volume /workdir/hadoop-ozone/integration-test/target/test-dir/MiniOzoneClusterImpl-7f30148d-aede-4745-be18-888c5c6e9681/datanode-0/data/containers/hdds
2019-10-18 19:55:49,769 [main] INFO  impl.RaftServerProxy (ConfUtils.java:logGet(43)) - raft.rpc.type = GRPC (default)
2019-10-18 19:55:49,831 [main] INFO  grpc.GrpcFactory (GrpcFactory.java:checkPooledByteBufAllocatorUseCacheForAllThreads(45)) - PERFORMANCE WARNING: useCacheForAllThreads is true that may cause Netty to create a lot garbage objects and, as a result, trigger GC.
	It is recommended to disable useCacheForAllThreads by setting -Dorg.apache.ratis.thirdparty.io.netty.allocator.useCacheForAllThreads=false in command line.
2019-10-18 19:55:49,835 [main] INFO  grpc.GrpcConfigKeys$Server (ConfUtils.java:logGet(43)) - raft.grpc.server.port = 0 (default)
2019-10-18 19:55:49,836 [main] INFO  server.GrpcService (ConfUtils.java:logGet(43)) - raft.grpc.message.size.max = 33570816 (custom)
2019-10-18 19:55:49,838 [main] INFO  server.RaftServerConfigKeys (ConfUtils.java:logGet(43)) - raft.server.log.appender.buffer.byte-limit = 33554432 (custom)
2019-10-18 19:55:49,838 [main] INFO  server.GrpcService (ConfUtils.java:logGet(43)) - raft.grpc.flow.control.window = 1MB (=1048576) (default)
2019-10-18 19:55:49,839 [main] INFO  server.RaftServerConfigKeys (ConfUtils.java:logGet(43)) - raft.server.rpc.request.timeout = 3000ms (default)
2019-10-18 19:55:49,995 [main] INFO  server.RaftServerConfigKeys (ConfUtils.java:logGet(43)) - raft.server.storage.dir = [/workdir/hadoop-ozone/integration-test/target/test-dir/MiniOzoneClusterImpl-7f30148d-aede-4745-be18-888c5c6e9681/datanode-0/data/ratis] (custom)
2019-10-18 19:55:50,048 [main] INFO  hdfs.DFSUtil (DFSUtil.java:httpServerTemplateForNNAndJN(1641)) - Starting Web-server for hddsDatanode at: http://0.0.0.0:0
2019-10-18 19:55:50,051 [main] INFO  server.AuthenticationFilter (AuthenticationFilter.java:constructSecretProvider(240)) - Unable to initialize FileSignerSecretProvider, falling back to use random secrets.
2019-10-18 19:55:50,051 [main] WARN  http.HttpRequestLog (HttpRequestLog.java:getRequestLog(97)) - Jetty request log can only be enabled using Log4j
2019-10-18 19:55:50,053 [main] INFO  http.HttpServer2 (HttpServer2.java:addGlobalFilter(975)) - Added global filter 'safety' (class=org.apache.hadoop.http.HttpServer2$QuotingInputFilter)
2019-10-18 19:55:50,054 [main] INFO  http.HttpServer2 (HttpServer2.java:addFilter(948)) - Added filter static_user_filter (class=org.apache.hadoop.http.lib.StaticUserWebFilter$StaticUserFilter) to context hddsDatanode
2019-10-18 19:55:50,054 [main] INFO  http.HttpServer2 (HttpServer2.java:addFilter(958)) - Added filter static_user_filter (class=org.apache.hadoop.http.lib.StaticUserWebFilter$StaticUserFilter) to context logs
2019-10-18 19:55:50,055 [main] INFO  http.HttpServer2 (HttpServer2.java:addFilter(958)) - Added filter static_user_filter (class=org.apache.hadoop.http.lib.StaticUserWebFilter$StaticUserFilter) to context static
2019-10-18 19:55:50,056 [main] INFO  http.HttpServer2 (HttpServer2.java:bindListener(1191)) - Jetty bound to port 32917
2019-10-18 19:55:50,056 [main] INFO  server.Server (Server.java:doStart(351)) - jetty-9.3.25.v20180904, build timestamp: 2018-09-04T21:11:46Z, git hash: 3ce520221d0240229c862b122d2b06c12a625732
2019-10-18 19:55:50,059 [main] INFO  handler.ContextHandler (ContextHandler.java:doStart(781)) - Started o.e.j.s.ServletContextHandler@60cf62ad{/logs,file:///workdir/hadoop-ozone/integration-test/target/log,AVAILABLE}
2019-10-18 19:55:50,060 [main] INFO  handler.ContextHandler (ContextHandler.java:doStart(781)) - Started o.e.j.s.ServletContextHandler@1ac4ccad{/static,jar:file:/home/user/.m2/repository/org/apache/hadoop/hadoop-hdds-container-service/0.5.0-SNAPSHOT/hadoop-hdds-container-service-0.5.0-SNAPSHOT.jar!/webapps/static,AVAILABLE}
2019-10-18 19:55:50,110 [main] INFO  handler.ContextHandler (ContextHandler.java:doStart(781)) - Started o.e.j.w.WebAppContext@de8039f{/,file:///tmp/jetty-0.0.0.0-32917-hddsDatanode-_-any-8308582202538767261.dir/webapp/,AVAILABLE}{/hddsDatanode}
2019-10-18 19:55:50,111 [main] INFO  server.AbstractConnector (AbstractConnector.java:doStart(278)) - Started ServerConnector@1deceb67{HTTP/1.1,[http/1.1]}{0.0.0.0:32917}
2019-10-18 19:55:50,112 [main] INFO  server.Server (Server.java:doStart(419)) - Started @5057ms
2019-10-18 19:55:50,113 [main] WARN  impl.MetricsSystemImpl (MetricsSystemImpl.java:register(276)) - Sink prometheus already exists!
2019-10-18 19:55:50,114 [main] INFO  server.BaseHttpServer (BaseHttpServer.java:updateConnectorAddress(215)) - HTTP server of HDDSDATANODE is listening at http://0.0.0.0:32917
2019-10-18 19:55:50,115 [main] INFO  impl.MetricsSystemImpl (MetricsSystemImpl.java:init(158)) - HddsDatanode metrics system started (again)
2019-10-18 19:55:50,119 [main] INFO  ozone.HddsDatanodeService (HddsDatanodeService.java:start(184)) - HddsDatanodeService host:pr-hdds-2310-hfl48-2231614471 ip:192.168.34.13
2019-10-18 19:55:50,122 [org.apache.hadoop.util.JvmPauseMonitor$Monitor@66724c35] INFO  util.JvmPauseMonitor (JvmPauseMonitor.java:run(188)) - Starting JVM pause monitor
2019-10-18 19:55:50,130 [main] INFO  volume.HddsVolume (HddsVolume.java:<init>(176)) - Creating Volume: /workdir/hadoop-ozone/integration-test/target/test-dir/MiniOzoneClusterImpl-7f30148d-aede-4745-be18-888c5c6e9681/datanode-1/data/containers/hdds of  storage type : DISK and capacity : 1482555576320
2019-10-18 19:55:50,130 [main] INFO  volume.VolumeSet (VolumeSet.java:initializeVolumeSet(170)) - Added Volume : /workdir/hadoop-ozone/integration-test/target/test-dir/MiniOzoneClusterImpl-7f30148d-aede-4745-be18-888c5c6e9681/datanode-1/data/containers/hdds to VolumeSet
2019-10-18 19:55:50,131 [main] INFO  volume.ThrottledAsyncChecker (ThrottledAsyncChecker.java:schedule(141)) - Scheduling a check for /workdir/hadoop-ozone/integration-test/target/test-dir/MiniOzoneClusterImpl-7f30148d-aede-4745-be18-888c5c6e9681/datanode-1/data/containers/hdds
2019-10-18 19:55:50,132 [main] INFO  volume.HddsVolumeChecker (HddsVolumeChecker.java:checkAllVolumes(204)) - Scheduled health check for volume /workdir/hadoop-ozone/integration-test/target/test-dir/MiniOzoneClusterImpl-7f30148d-aede-4745-be18-888c5c6e9681/datanode-1/data/containers/hdds
2019-10-18 19:55:50,160 [main] INFO  impl.RaftServerProxy (ConfUtils.java:logGet(43)) - raft.rpc.type = GRPC (default)
2019-10-18 19:55:50,160 [main] INFO  grpc.GrpcFactory (GrpcFactory.java:checkPooledByteBufAllocatorUseCacheForAllThreads(45)) - PERFORMANCE WARNING: useCacheForAllThreads is true that may cause Netty to create a lot garbage objects and, as a result, trigger GC.
	It is recommended to disable useCacheForAllThreads by setting -Dorg.apache.ratis.thirdparty.io.netty.allocator.useCacheForAllThreads=false in command line.
2019-10-18 19:55:50,161 [main] INFO  grpc.GrpcConfigKeys$Server (ConfUtils.java:logGet(43)) - raft.grpc.server.port = 0 (default)
2019-10-18 19:55:50,161 [main] INFO  server.GrpcService (ConfUtils.java:logGet(43)) - raft.grpc.message.size.max = 33570816 (custom)
2019-10-18 19:55:50,162 [main] INFO  server.RaftServerConfigKeys (ConfUtils.java:logGet(43)) - raft.server.log.appender.buffer.byte-limit = 33554432 (custom)
2019-10-18 19:55:50,162 [main] INFO  server.GrpcService (ConfUtils.java:logGet(43)) - raft.grpc.flow.control.window = 1MB (=1048576) (default)
2019-10-18 19:55:50,163 [main] INFO  server.RaftServerConfigKeys (ConfUtils.java:logGet(43)) - raft.server.rpc.request.timeout = 3000ms (default)
2019-10-18 19:55:50,164 [main] INFO  server.RaftServerConfigKeys (ConfUtils.java:logGet(43)) - raft.server.storage.dir = [/workdir/hadoop-ozone/integration-test/target/test-dir/MiniOzoneClusterImpl-7f30148d-aede-4745-be18-888c5c6e9681/datanode-1/data/ratis] (custom)
2019-10-18 19:55:50,167 [main] INFO  hdfs.DFSUtil (DFSUtil.java:httpServerTemplateForNNAndJN(1641)) - Starting Web-server for hddsDatanode at: http://0.0.0.0:0
2019-10-18 19:55:50,169 [main] INFO  server.AuthenticationFilter (AuthenticationFilter.java:constructSecretProvider(240)) - Unable to initialize FileSignerSecretProvider, falling back to use random secrets.
2019-10-18 19:55:50,170 [main] WARN  http.HttpRequestLog (HttpRequestLog.java:getRequestLog(97)) - Jetty request log can only be enabled using Log4j
2019-10-18 19:55:50,172 [main] INFO  http.HttpServer2 (HttpServer2.java:addGlobalFilter(975)) - Added global filter 'safety' (class=org.apache.hadoop.http.HttpServer2$QuotingInputFilter)
2019-10-18 19:55:50,173 [main] INFO  http.HttpServer2 (HttpServer2.java:addFilter(948)) - Added filter static_user_filter (class=org.apache.hadoop.http.lib.StaticUserWebFilter$StaticUserFilter) to context hddsDatanode
2019-10-18 19:55:50,173 [main] INFO  http.HttpServer2 (HttpServer2.java:addFilter(958)) - Added filter static_user_filter (class=org.apache.hadoop.http.lib.StaticUserWebFilter$StaticUserFilter) to context logs
2019-10-18 19:55:50,173 [main] INFO  http.HttpServer2 (HttpServer2.java:addFilter(958)) - Added filter static_user_filter (class=org.apache.hadoop.http.lib.StaticUserWebFilter$StaticUserFilter) to context static
2019-10-18 19:55:50,174 [main] INFO  http.HttpServer2 (HttpServer2.java:bindListener(1191)) - Jetty bound to port 41721
2019-10-18 19:55:50,175 [main] INFO  server.Server (Server.java:doStart(351)) - jetty-9.3.25.v20180904, build timestamp: 2018-09-04T21:11:46Z, git hash: 3ce520221d0240229c862b122d2b06c12a625732
2019-10-18 19:55:50,179 [main] INFO  handler.ContextHandler (ContextHandler.java:doStart(781)) - Started o.e.j.s.ServletContextHandler@5e65afb6{/logs,file:///workdir/hadoop-ozone/integration-test/target/log,AVAILABLE}
2019-10-18 19:55:50,179 [main] INFO  handler.ContextHandler (ContextHandler.java:doStart(781)) - Started o.e.j.s.ServletContextHandler@8851ce1{/static,jar:file:/home/user/.m2/repository/org/apache/hadoop/hadoop-hdds-container-service/0.5.0-SNAPSHOT/hadoop-hdds-container-service-0.5.0-SNAPSHOT.jar!/webapps/static,AVAILABLE}
2019-10-18 19:55:50,217 [main] INFO  handler.ContextHandler (ContextHandler.java:doStart(781)) - Started o.e.j.w.WebAppContext@7a0ef219{/,file:///tmp/jetty-0.0.0.0-41721-hddsDatanode-_-any-2174490537345080690.dir/webapp/,AVAILABLE}{/hddsDatanode}
2019-10-18 19:55:50,217 [main] INFO  server.AbstractConnector (AbstractConnector.java:doStart(278)) - Started ServerConnector@1b1f5012{HTTP/1.1,[http/1.1]}{0.0.0.0:41721}
2019-10-18 19:55:50,218 [main] INFO  server.Server (Server.java:doStart(419)) - Started @5163ms
2019-10-18 19:55:50,218 [main] WARN  impl.MetricsSystemImpl (MetricsSystemImpl.java:register(276)) - Sink prometheus already exists!
2019-10-18 19:55:50,220 [main] INFO  server.BaseHttpServer (BaseHttpServer.java:updateConnectorAddress(215)) - HTTP server of HDDSDATANODE is listening at http://0.0.0.0:41721
2019-10-18 19:55:50,221 [main] INFO  impl.MetricsSystemImpl (MetricsSystemImpl.java:init(158)) - HddsDatanode metrics system started (again)
2019-10-18 19:55:50,224 [main] INFO  ozone.HddsDatanodeService (HddsDatanodeService.java:start(184)) - HddsDatanodeService host:pr-hdds-2310-hfl48-2231614471 ip:192.168.34.13
2019-10-18 19:55:50,224 [org.apache.hadoop.util.JvmPauseMonitor$Monitor@4c8f3058] INFO  util.JvmPauseMonitor (JvmPauseMonitor.java:run(188)) - Starting JVM pause monitor
2019-10-18 19:55:50,235 [main] INFO  volume.HddsVolume (HddsVolume.java:<init>(176)) - Creating Volume: /workdir/hadoop-ozone/integration-test/target/test-dir/MiniOzoneClusterImpl-7f30148d-aede-4745-be18-888c5c6e9681/datanode-2/data/containers/hdds of  storage type : DISK and capacity : 1482555576320
2019-10-18 19:55:50,235 [main] INFO  volume.VolumeSet (VolumeSet.java:initializeVolumeSet(170)) - Added Volume : /workdir/hadoop-ozone/integration-test/target/test-dir/MiniOzoneClusterImpl-7f30148d-aede-4745-be18-888c5c6e9681/datanode-2/data/containers/hdds to VolumeSet
2019-10-18 19:55:50,236 [main] INFO  volume.ThrottledAsyncChecker (ThrottledAsyncChecker.java:schedule(141)) - Scheduling a check for /workdir/hadoop-ozone/integration-test/target/test-dir/MiniOzoneClusterImpl-7f30148d-aede-4745-be18-888c5c6e9681/datanode-2/data/containers/hdds
2019-10-18 19:55:50,236 [main] INFO  volume.HddsVolumeChecker (HddsVolumeChecker.java:checkAllVolumes(204)) - Scheduled health check for volume /workdir/hadoop-ozone/integration-test/target/test-dir/MiniOzoneClusterImpl-7f30148d-aede-4745-be18-888c5c6e9681/datanode-2/data/containers/hdds
2019-10-18 19:55:50,256 [main] INFO  impl.RaftServerProxy (ConfUtils.java:logGet(43)) - raft.rpc.type = GRPC (default)
2019-10-18 19:55:50,257 [main] INFO  grpc.GrpcFactory (GrpcFactory.java:checkPooledByteBufAllocatorUseCacheForAllThreads(45)) - PERFORMANCE WARNING: useCacheForAllThreads is true that may cause Netty to create a lot garbage objects and, as a result, trigger GC.
	It is recommended to disable useCacheForAllThreads by setting -Dorg.apache.ratis.thirdparty.io.netty.allocator.useCacheForAllThreads=false in command line.
2019-10-18 19:55:50,257 [main] INFO  grpc.GrpcConfigKeys$Server (ConfUtils.java:logGet(43)) - raft.grpc.server.port = 0 (default)
2019-10-18 19:55:50,257 [main] INFO  server.GrpcService (ConfUtils.java:logGet(43)) - raft.grpc.message.size.max = 33570816 (custom)
2019-10-18 19:55:50,258 [main] INFO  server.RaftServerConfigKeys (ConfUtils.java:logGet(43)) - raft.server.log.appender.buffer.byte-limit = 33554432 (custom)
2019-10-18 19:55:50,258 [main] INFO  server.GrpcService (ConfUtils.java:logGet(43)) - raft.grpc.flow.control.window = 1MB (=1048576) (default)
2019-10-18 19:55:50,259 [main] INFO  server.RaftServerConfigKeys (ConfUtils.java:logGet(43)) - raft.server.rpc.request.timeout = 3000ms (default)
2019-10-18 19:55:50,259 [main] INFO  server.RaftServerConfigKeys (ConfUtils.java:logGet(43)) - raft.server.storage.dir = [/workdir/hadoop-ozone/integration-test/target/test-dir/MiniOzoneClusterImpl-7f30148d-aede-4745-be18-888c5c6e9681/datanode-2/data/ratis] (custom)
2019-10-18 19:55:50,262 [main] INFO  hdfs.DFSUtil (DFSUtil.java:httpServerTemplateForNNAndJN(1641)) - Starting Web-server for hddsDatanode at: http://0.0.0.0:0
2019-10-18 19:55:50,266 [main] INFO  server.AuthenticationFilter (AuthenticationFilter.java:constructSecretProvider(240)) - Unable to initialize FileSignerSecretProvider, falling back to use random secrets.
2019-10-18 19:55:50,267 [main] WARN  http.HttpRequestLog (HttpRequestLog.java:getRequestLog(97)) - Jetty request log can only be enabled using Log4j
2019-10-18 19:55:50,271 [main] INFO  http.HttpServer2 (HttpServer2.java:addGlobalFilter(975)) - Added global filter 'safety' (class=org.apache.hadoop.http.HttpServer2$QuotingInputFilter)
2019-10-18 19:55:50,272 [main] INFO  http.HttpServer2 (HttpServer2.java:addFilter(948)) - Added filter static_user_filter (class=org.apache.hadoop.http.lib.StaticUserWebFilter$StaticUserFilter) to context hddsDatanode
2019-10-18 19:55:50,272 [main] INFO  http.HttpServer2 (HttpServer2.java:addFilter(958)) - Added filter static_user_filter (class=org.apache.hadoop.http.lib.StaticUserWebFilter$StaticUserFilter) to context logs
2019-10-18 19:55:50,273 [main] INFO  http.HttpServer2 (HttpServer2.java:addFilter(958)) - Added filter static_user_filter (class=org.apache.hadoop.http.lib.StaticUserWebFilter$StaticUserFilter) to context static
2019-10-18 19:55:50,274 [main] INFO  http.HttpServer2 (HttpServer2.java:bindListener(1191)) - Jetty bound to port 37570
2019-10-18 19:55:50,275 [main] INFO  server.Server (Server.java:doStart(351)) - jetty-9.3.25.v20180904, build timestamp: 2018-09-04T21:11:46Z, git hash: 3ce520221d0240229c862b122d2b06c12a625732
2019-10-18 19:55:50,278 [main] INFO  handler.ContextHandler (ContextHandler.java:doStart(781)) - Started o.e.j.s.ServletContextHandler@5fa23c{/logs,file:///workdir/hadoop-ozone/integration-test/target/log,AVAILABLE}
2019-10-18 19:55:50,279 [main] INFO  handler.ContextHandler (ContextHandler.java:doStart(781)) - Started o.e.j.s.ServletContextHandler@433348bc{/static,jar:file:/home/user/.m2/repository/org/apache/hadoop/hadoop-hdds-container-service/0.5.0-SNAPSHOT/hadoop-hdds-container-service-0.5.0-SNAPSHOT.jar!/webapps/static,AVAILABLE}
2019-10-18 19:55:50,283 [Datanode State Machine Thread - 0] INFO  datanode.InitDatanodeState (InitDatanodeState.java:persistContainerDatanodeDetails(140)) - DatanodeDetails is persisted to /workdir/hadoop-ozone/integration-test/target/test-dir/MiniOzoneClusterImpl-7f30148d-aede-4745-be18-888c5c6e9681/datanode-0/meta/datanode.id
2019-10-18 19:55:50,287 [Datanode State Machine Thread - 0] INFO  datanode.InitDatanodeState (InitDatanodeState.java:persistContainerDatanodeDetails(140)) - DatanodeDetails is persisted to /workdir/hadoop-ozone/integration-test/target/test-dir/MiniOzoneClusterImpl-7f30148d-aede-4745-be18-888c5c6e9681/datanode-1/meta/datanode.id
2019-10-18 19:55:50,324 [main] INFO  handler.ContextHandler (ContextHandler.java:doStart(781)) - Started o.e.j.w.WebAppContext@43e9089{/,file:///tmp/jetty-0.0.0.0-37570-hddsDatanode-_-any-3559206052301947695.dir/webapp/,AVAILABLE}{/hddsDatanode}
2019-10-18 19:55:50,325 [main] INFO  server.AbstractConnector (AbstractConnector.java:doStart(278)) - Started ServerConnector@3c5dbdf8{HTTP/1.1,[http/1.1]}{0.0.0.0:37570}
2019-10-18 19:55:50,327 [main] INFO  server.Server (Server.java:doStart(419)) - Started @5272ms
2019-10-18 19:55:50,327 [main] WARN  impl.MetricsSystemImpl (MetricsSystemImpl.java:register(276)) - Sink prometheus already exists!
2019-10-18 19:55:50,330 [main] INFO  server.BaseHttpServer (BaseHttpServer.java:updateConnectorAddress(215)) - HTTP server of HDDSDATANODE is listening at http://0.0.0.0:37570
2019-10-18 19:55:50,332 [main] INFO  ozone.MiniOzoneClusterImpl (MiniOzoneClusterImpl.java:lambda$waitForClusterToBeReady$0(147)) - Waiting for cluster to be ready. Got 0 of 3 DN Heartbeats.
2019-10-18 19:55:50,333 [org.apache.hadoop.util.JvmPauseMonitor$Monitor@70737e35] INFO  util.JvmPauseMonitor (JvmPauseMonitor.java:run(188)) - Starting JVM pause monitor
2019-10-18 19:55:50,336 [Datanode State Machine Thread - 0] INFO  datanode.InitDatanodeState (InitDatanodeState.java:persistContainerDatanodeDetails(140)) - DatanodeDetails is persisted to /workdir/hadoop-ozone/integration-test/target/test-dir/MiniOzoneClusterImpl-7f30148d-aede-4745-be18-888c5c6e9681/datanode-2/meta/datanode.id
2019-10-18 19:55:51,332 [main] INFO  ozone.MiniOzoneClusterImpl (MiniOzoneClusterImpl.java:lambda$waitForClusterToBeReady$0(147)) - Waiting for cluster to be ready. Got 0 of 3 DN Heartbeats.
2019-10-18 19:55:52,253 [Datanode State Machine Thread - 0] INFO  ozoneimpl.OzoneContainer (OzoneContainer.java:start(213)) - Attempting to start container services.
2019-10-18 19:55:52,256 [Datanode State Machine Thread - 0] INFO  ozoneimpl.OzoneContainer (OzoneContainer.java:startContainerScrub(177)) - Background container scanner has been disabled.
2019-10-18 19:55:52,257 [Datanode State Machine Thread - 0] INFO  ratis.XceiverServerRatis (XceiverServerRatis.java:start(418)) - Starting XceiverServerRatis 652c9eaa-759b-40b5-a420-e649d7d5dbbd at port 0
2019-10-18 19:55:52,267 [Datanode State Machine Thread - 0] INFO  ozoneimpl.OzoneContainer (OzoneContainer.java:start(213)) - Attempting to start container services.
2019-10-18 19:55:52,273 [Datanode State Machine Thread - 0] INFO  ozoneimpl.OzoneContainer (OzoneContainer.java:startContainerScrub(177)) - Background container scanner has been disabled.
2019-10-18 19:55:52,273 [Datanode State Machine Thread - 0] INFO  ratis.XceiverServerRatis (XceiverServerRatis.java:start(418)) - Starting XceiverServerRatis d13c026a-6de7-468a-bcba-b5f9e5455386 at port 0
2019-10-18 19:55:52,297 [Datanode State Machine Thread - 0] INFO  impl.RaftServerProxy (RaftServerProxy.java:lambda$start$3(299)) - d13c026a-6de7-468a-bcba-b5f9e5455386: start RPC server
2019-10-18 19:55:52,297 [Datanode State Machine Thread - 0] INFO  impl.RaftServerProxy (RaftServerProxy.java:lambda$start$3(299)) - 652c9eaa-759b-40b5-a420-e649d7d5dbbd: start RPC server
2019-10-18 19:55:52,333 [main] INFO  ozone.MiniOzoneClusterImpl (MiniOzoneClusterImpl.java:lambda$waitForClusterToBeReady$0(147)) - Waiting for cluster to be ready. Got 0 of 3 DN Heartbeats.
2019-10-18 19:55:52,358 [Datanode State Machine Thread - 0] INFO  ozoneimpl.OzoneContainer (OzoneContainer.java:start(213)) - Attempting to start container services.
2019-10-18 19:55:52,360 [Datanode State Machine Thread - 0] INFO  ozoneimpl.OzoneContainer (OzoneContainer.java:startContainerScrub(177)) - Background container scanner has been disabled.
2019-10-18 19:55:52,360 [Datanode State Machine Thread - 0] INFO  ratis.XceiverServerRatis (XceiverServerRatis.java:start(418)) - Starting XceiverServerRatis 595ac112-eff6-4e35-b572-d6b1c4893b0f at port 0
2019-10-18 19:55:52,374 [Datanode State Machine Thread - 0] INFO  impl.RaftServerProxy (RaftServerProxy.java:lambda$start$3(299)) - 595ac112-eff6-4e35-b572-d6b1c4893b0f: start RPC server
2019-10-18 19:55:52,470 [Datanode State Machine Thread - 0] INFO  server.GrpcService (GrpcService.java:startImpl(158)) - 652c9eaa-759b-40b5-a420-e649d7d5dbbd: GrpcService started, listening on 0.0.0.0/0.0.0.0:44469
2019-10-18 19:55:52,470 [Datanode State Machine Thread - 0] INFO  server.GrpcService (GrpcService.java:startImpl(158)) - d13c026a-6de7-468a-bcba-b5f9e5455386: GrpcService started, listening on 0.0.0.0/0.0.0.0:41921
2019-10-18 19:55:52,470 [Datanode State Machine Thread - 0] INFO  server.GrpcService (GrpcService.java:startImpl(158)) - 595ac112-eff6-4e35-b572-d6b1c4893b0f: GrpcService started, listening on 0.0.0.0/0.0.0.0:37460
2019-10-18 19:55:52,471 [Datanode State Machine Thread - 0] INFO  ratis.XceiverServerRatis (XceiverServerRatis.java:start(428)) - XceiverServerRatis d13c026a-6de7-468a-bcba-b5f9e5455386 is started using port 41921
2019-10-18 19:55:52,471 [Datanode State Machine Thread - 0] INFO  ratis.XceiverServerRatis (XceiverServerRatis.java:start(428)) - XceiverServerRatis 652c9eaa-759b-40b5-a420-e649d7d5dbbd is started using port 44469
2019-10-18 19:55:52,471 [Datanode State Machine Thread - 0] INFO  ratis.XceiverServerRatis (XceiverServerRatis.java:start(428)) - XceiverServerRatis 595ac112-eff6-4e35-b572-d6b1c4893b0f is started using port 37460
2019-10-18 19:55:52,478 [Datanode State Machine Thread - 0] INFO  server.XceiverServerGrpc (XceiverServerGrpc.java:start(149)) - XceiverServerGrpc d13c026a-6de7-468a-bcba-b5f9e5455386 is started using port 38873
2019-10-18 19:55:52,478 [Datanode State Machine Thread - 0] INFO  server.XceiverServerGrpc (XceiverServerGrpc.java:start(149)) - XceiverServerGrpc 595ac112-eff6-4e35-b572-d6b1c4893b0f is started using port 40226
2019-10-18 19:55:52,478 [Datanode State Machine Thread - 0] INFO  server.XceiverServerGrpc (XceiverServerGrpc.java:start(149)) - XceiverServerGrpc 652c9eaa-759b-40b5-a420-e649d7d5dbbd is started using port 44569
2019-10-18 19:55:53,333 [main] INFO  ozone.MiniOzoneClusterImpl (MiniOzoneClusterImpl.java:lambda$waitForClusterToBeReady$0(147)) - Waiting for cluster to be ready. Got 0 of 3 DN Heartbeats.
2019-10-18 19:55:54,148 [IPC Server handler 0 on 45379] INFO  net.NetworkTopology (NetworkTopologyImpl.java:add(111)) - Added a new node: /default-rack/652c9eaa-759b-40b5-a420-e649d7d5dbbd
2019-10-18 19:55:54,149 [IPC Server handler 0 on 45379] INFO  node.SCMNodeManager (SCMNodeManager.java:register(268)) - Registered Data node : 652c9eaa-759b-40b5-a420-e649d7d5dbbd{ip: 192.168.34.13, host: pr-hdds-2310-hfl48-2231614471, networkLocation: /default-rack, certSerialId: null}
2019-10-18 19:55:54,151 [EventQueue-NodeRegistrationContainerReportForDataNodeSafeModeRule] INFO  safemode.SCMSafeModeManager (DataNodeSafeModeRule.java:process(71)) - SCM in safe mode. 1 DataNodes registered, 1 required.
2019-10-18 19:55:54,152 [EventQueue-NodeRegistrationContainerReportForDataNodeSafeModeRule] INFO  safemode.SCMSafeModeManager (SCMSafeModeManager.java:validateSafeModeExitRules(177)) - ScmSafeModeManager, all rules are successfully validated
2019-10-18 19:55:54,152 [EventQueue-NodeRegistrationContainerReportForDataNodeSafeModeRule] INFO  safemode.SCMSafeModeManager (SCMSafeModeManager.java:exitSafeMode(193)) - SCM exiting safe mode.
2019-10-18 19:55:54,228 [IPC Server handler 3 on 45379] INFO  net.NetworkTopology (NetworkTopologyImpl.java:add(111)) - Added a new node: /default-rack/d13c026a-6de7-468a-bcba-b5f9e5455386
2019-10-18 19:55:54,229 [IPC Server handler 3 on 45379] INFO  node.SCMNodeManager (SCMNodeManager.java:register(268)) - Registered Data node : d13c026a-6de7-468a-bcba-b5f9e5455386{ip: 192.168.34.13, host: pr-hdds-2310-hfl48-2231614471, networkLocation: /default-rack, certSerialId: null}
2019-10-18 19:55:54,334 [main] INFO  ozone.MiniOzoneClusterImpl (MiniOzoneClusterImpl.java:lambda$waitForClusterToBeReady$0(147)) - Waiting for cluster to be ready. Got 2 of 3 DN Heartbeats.
2019-10-18 19:55:54,335 [IPC Server handler 1 on 45379] INFO  net.NetworkTopology (NetworkTopologyImpl.java:add(111)) - Added a new node: /default-rack/595ac112-eff6-4e35-b572-d6b1c4893b0f
2019-10-18 19:55:54,336 [IPC Server handler 1 on 45379] INFO  node.SCMNodeManager (SCMNodeManager.java:register(268)) - Registered Data node : 595ac112-eff6-4e35-b572-d6b1c4893b0f{ip: 192.168.34.13, host: pr-hdds-2310-hfl48-2231614471, networkLocation: /default-rack, certSerialId: null}
2019-10-18 19:55:54,606 [grpc-default-executor-0] INFO  impl.RaftServerProxy (RaftServerProxy.java:addNew(89)) - 652c9eaa-759b-40b5-a420-e649d7d5dbbd: addNew group-76D8CF74AB45:[652c9eaa-759b-40b5-a420-e649d7d5dbbd:192.168.34.13:44469] returns group-76D8CF74AB45:java.util.concurrent.CompletableFuture@1f8a2e21[Not completed]
2019-10-18 19:55:54,623 [pool-27-thread-1] INFO  impl.RaftServerImpl (RaftServerImpl.java:<init>(104)) - 652c9eaa-759b-40b5-a420-e649d7d5dbbd: new RaftServerImpl for group-76D8CF74AB45:[652c9eaa-759b-40b5-a420-e649d7d5dbbd:192.168.34.13:44469] with ContainerStateMachine:uninitialized
2019-10-18 19:55:54,625 [pool-27-thread-1] INFO  server.RaftServerConfigKeys (ConfUtils.java:logGet(43)) - raft.server.rpc.timeout.min = 5s (custom)
2019-10-18 19:55:54,626 [pool-27-thread-1] INFO  server.RaftServerConfigKeys (ConfUtils.java:logGet(43)) - raft.server.rpc.timeout.max = 5200ms (custom)
2019-10-18 19:55:54,627 [pool-27-thread-1] INFO  server.RaftServerConfigKeys (ConfUtils.java:logGet(43)) - raft.server.rpcslowness.timeout = 1000s (custom)
2019-10-18 19:55:54,627 [pool-27-thread-1] INFO  server.RaftServerConfigKeys (ConfUtils.java:logGet(43)) - raft.server.sleep.deviation.threshold = 300 (default)
2019-10-18 19:55:54,628 [pool-27-thread-1] INFO  server.RaftServerConfigKeys (ConfUtils.java:logGet(43)) - raft.server.log.appender.install.snapshot.enabled = false (custom)
2019-10-18 19:55:54,638 [pool-27-thread-1] INFO  impl.RaftServerImpl (ServerState.java:<init>(103)) - 652c9eaa-759b-40b5-a420-e649d7d5dbbd@group-76D8CF74AB45: ConfigurationManager, init=-1: [652c9eaa-759b-40b5-a420-e649d7d5dbbd:192.168.34.13:44469], old=null, confs=<EMPTY_MAP>
2019-10-18 19:55:54,638 [pool-27-thread-1] INFO  server.RaftServerConfigKeys (ConfUtils.java:logGet(43)) - raft.server.storage.dir = [/workdir/hadoop-ozone/integration-test/target/test-dir/MiniOzoneClusterImpl-7f30148d-aede-4745-be18-888c5c6e9681/datanode-0/data/ratis] (custom)
2019-10-18 19:55:54,646 [pool-27-thread-1] INFO  server.RaftServerConfigKeys (ConfUtils.java:logGet(43)) - raft.server.log.corruption.policy = EXCEPTION (default)
2019-10-18 19:55:54,648 [pool-27-thread-1] INFO  storage.RaftStorageDirectory (RaftStorageDirectory.java:analyzeStorage(246)) - The storage directory /workdir/hadoop-ozone/integration-test/target/test-dir/MiniOzoneClusterImpl-7f30148d-aede-4745-be18-888c5c6e9681/datanode-0/data/ratis/7b4c2036-674e-4840-9c41-76d8cf74ab45 does not exist. Creating ...
2019-10-18 19:55:54,675 [pool-27-thread-1] INFO  storage.RaftStorageDirectory (RaftStorageDirectory.java:tryLock(328)) - Lock on /workdir/hadoop-ozone/integration-test/target/test-dir/MiniOzoneClusterImpl-7f30148d-aede-4745-be18-888c5c6e9681/datanode-0/data/ratis/7b4c2036-674e-4840-9c41-76d8cf74ab45/in_use.lock acquired by nodename 1356@pr-hdds-2310-hfl48-2231614471
2019-10-18 19:55:54,693 [pool-27-thread-1] INFO  storage.RaftStorage (RaftStorage.java:format(84)) - Storage directory /workdir/hadoop-ozone/integration-test/target/test-dir/MiniOzoneClusterImpl-7f30148d-aede-4745-be18-888c5c6e9681/datanode-0/data/ratis/7b4c2036-674e-4840-9c41-76d8cf74ab45 has been successfully formatted.
2019-10-18 19:55:54,695 [pool-27-thread-1] INFO  ratis.ContainerStateMachine (ContainerStateMachine.java:loadSnapshot(231)) - group-76D8CF74AB45: The snapshot info is null. Setting the last applied indexto:(t:0, i:~)
2019-10-18 19:55:54,696 [pool-27-thread-1] INFO  server.RaftServerConfigKeys (ConfUtils.java:logGet(43)) - raft.server.notification.no-leader.timeout = 1000s (custom)
2019-10-18 19:55:54,699 [pool-27-thread-1] INFO  server.RaftServerConfigKeys (ConfUtils.java:logGet(43)) - raft.server.log.use.memory = false (default)
2019-10-18 19:55:54,707 [pool-27-thread-1] INFO  server.RaftServerConfigKeys (ConfUtils.java:logGet(43)) - raft.server.log.purge.gap = 1000000 (custom)
2019-10-18 19:55:54,707 [pool-27-thread-1] INFO  server.RaftServerConfigKeys (ConfUtils.java:logGet(43)) - raft.server.log.appender.buffer.byte-limit = 33554432 (custom)
2019-10-18 19:55:54,710 [pool-27-thread-1] INFO  server.RaftServerConfigKeys (ConfUtils.java:logGet(43)) - raft.server.log.segment.size.max = 1048576 (custom)
2019-10-18 19:55:54,712 [pool-27-thread-1] INFO  impl.MetricsSystemImpl (MetricsSystemImpl.java:init(158)) - ratis metrics system started (again)
2019-10-18 19:55:54,717 [pool-27-thread-1] INFO  metrics.MetricRegistries (MetricRegistriesLoader.java:load(64)) - Loaded MetricRegistries class org.apache.ratis.metrics.impl.MetricRegistriesImpl
2019-10-18 19:55:54,763 [pool-27-thread-1] INFO  server.RaftServerConfigKeys (ConfUtils.java:logGet(43)) - raft.server.log.segment.cache.num.max = 2 (custom)
2019-10-18 19:55:54,769 [pool-27-thread-1] INFO  segmented.SegmentedRaftLogWorker (SegmentedRaftLogWorker.java:<init>(173)) - new 652c9eaa-759b-40b5-a420-e649d7d5dbbd@group-76D8CF74AB45-SegmentedRaftLogWorker for RaftStorage:Storage Directory /workdir/hadoop-ozone/integration-test/target/test-dir/MiniOzoneClusterImpl-7f30148d-aede-4745-be18-888c5c6e9681/datanode-0/data/ratis/7b4c2036-674e-4840-9c41-76d8cf74ab45
2019-10-18 19:55:54,770 [pool-27-thread-1] INFO  server.RaftServerConfigKeys (ConfUtils.java:logGet(43)) - raft.server.log.queue.byte-limit = 2147483647 (custom)
2019-10-18 19:55:54,770 [pool-27-thread-1] INFO  server.RaftServerConfigKeys (ConfUtils.java:logGet(43)) - raft.server.log.queue.element-limit = 1024 (custom)
2019-10-18 19:55:54,772 [pool-27-thread-1] INFO  server.RaftServerConfigKeys (ConfUtils.java:logGet(43)) - raft.server.log.segment.size.max = 1048576 (custom)
2019-10-18 19:55:54,772 [pool-27-thread-1] INFO  server.RaftServerConfigKeys (ConfUtils.java:logGet(43)) - raft.server.log.preallocated.size = 16384 (custom)
2019-10-18 19:55:54,773 [pool-27-thread-1] INFO  server.RaftServerConfigKeys (ConfUtils.java:logGet(43)) - raft.server.log.write.buffer.size = 33554432 (custom)
2019-10-18 19:55:54,773 [pool-27-thread-1] INFO  server.RaftServerConfigKeys (ConfUtils.java:logGet(43)) - raft.server.log.force.sync.num = 128 (default)
2019-10-18 19:55:54,774 [pool-27-thread-1] INFO  server.RaftServerConfigKeys (ConfUtils.java:logGet(43)) - raft.server.log.statemachine.data.sync = true (default)
2019-10-18 19:55:54,774 [pool-27-thread-1] INFO  server.RaftServerConfigKeys (ConfUtils.java:logGet(43)) - raft.server.log.statemachine.data.sync.timeout = 10s (default)
2019-10-18 19:55:54,775 [pool-27-thread-1] INFO  server.RaftServerConfigKeys (ConfUtils.java:logGet(43)) - raft.server.log.statemachine.data.sync.timeout.retry = -1 (default)
2019-10-18 19:55:54,787 [pool-27-thread-1] INFO  server.RaftServerConfigKeys (ConfUtils.java:logGet(43)) - raft.server.log.statemachine.data.caching.enabled = true (custom)
2019-10-18 19:55:54,792 [pool-27-thread-1] INFO  segmented.SegmentedRaftLogWorker (SegmentedRaftLogWorker.java:lambda$new$0(128)) - 652c9eaa-759b-40b5-a420-e649d7d5dbbd@group-76D8CF74AB45-SegmentedRaftLogWorker: flushIndex: setUnconditionally 0 -> -1
2019-10-18 19:55:54,797 [pool-27-thread-1] INFO  server.RaftServerConfigKeys (ConfUtils.java:logGet(43)) - raft.server.snapshot.auto.trigger.enabled = true (custom)
2019-10-18 19:55:54,797 [pool-27-thread-1] INFO  server.RaftServerConfigKeys (ConfUtils.java:logGet(43)) - raft.server.snapshot.auto.trigger.threshold = 10000 (custom)
2019-10-18 19:55:54,798 [pool-27-thread-1] INFO  server.RaftServerConfigKeys (ConfUtils.java:logGet(43)) - raft.server.snapshot.retention.file.num = 5 (custom)
2019-10-18 19:55:54,799 [pool-27-thread-1] INFO  server.RaftServerConfigKeys (ConfUtils.java:logGet(43)) - raft.server.retrycache.expirytime = 600000ms (custom)
2019-10-18 19:55:54,828 [pool-27-thread-1] INFO  impl.RaftServerImpl (RaftServerImpl.java:start(195)) - 652c9eaa-759b-40b5-a420-e649d7d5dbbd@group-76D8CF74AB45: start as a follower, conf=-1: [652c9eaa-759b-40b5-a420-e649d7d5dbbd:192.168.34.13:44469], old=null
2019-10-18 19:55:54,829 [pool-27-thread-1] INFO  impl.RaftServerImpl (RaftServerImpl.java:setRole(184)) - 652c9eaa-759b-40b5-a420-e649d7d5dbbd@group-76D8CF74AB45: changes role from      null to FOLLOWER at term 0 for startAsFollower
2019-10-18 19:55:54,830 [pool-27-thread-1] INFO  impl.RoleInfo (RoleInfo.java:updateAndGet(143)) - 652c9eaa-759b-40b5-a420-e649d7d5dbbd: start FollowerState
2019-10-18 19:55:54,832 [pool-27-thread-1] INFO  util.JmxRegister (JmxRegister.java:tryRegister(44)) - Successfully registered JMX Bean with object name Ratis:service=RaftServer,group=group-76D8CF74AB45,id=652c9eaa-759b-40b5-a420-e649d7d5dbbd
2019-10-18 19:55:54,903 [RatisPipelineUtilsThread] INFO  pipeline.PipelineStateManager (PipelineStateManager.java:addPipeline(56)) - Created pipeline Pipeline[ Id: 7b4c2036-674e-4840-9c41-76d8cf74ab45, Nodes: 652c9eaa-759b-40b5-a420-e649d7d5dbbd{ip: 192.168.34.13, host: pr-hdds-2310-hfl48-2231614471, networkLocation: /default-rack, certSerialId: null}, Type:RATIS, Factor:ONE, State:OPEN]
2019-10-18 19:55:54,924 [grpc-default-executor-0] INFO  impl.RaftServerProxy (RaftServerProxy.java:addNew(89)) - d13c026a-6de7-468a-bcba-b5f9e5455386: addNew group-F3826DA01E64:[d13c026a-6de7-468a-bcba-b5f9e5455386:192.168.34.13:41921] returns group-F3826DA01E64:java.util.concurrent.CompletableFuture@2637cf06[Not completed]
2019-10-18 19:55:54,952 [pool-37-thread-1] INFO  impl.RaftServerImpl (RaftServerImpl.java:<init>(104)) - d13c026a-6de7-468a-bcba-b5f9e5455386: new RaftServerImpl for group-F3826DA01E64:[d13c026a-6de7-468a-bcba-b5f9e5455386:192.168.34.13:41921] with ContainerStateMachine:uninitialized
2019-10-18 19:55:54,954 [pool-37-thread-1] INFO  server.RaftServerConfigKeys (ConfUtils.java:logGet(43)) - raft.server.rpc.timeout.min = 5s (custom)
2019-10-18 19:55:54,954 [pool-37-thread-1] INFO  server.RaftServerConfigKeys (ConfUtils.java:logGet(43)) - raft.server.rpc.timeout.max = 5200ms (custom)
2019-10-18 19:55:54,954 [pool-37-thread-1] INFO  server.RaftServerConfigKeys (ConfUtils.java:logGet(43)) - raft.server.rpcslowness.timeout = 1000s (custom)
2019-10-18 19:55:54,954 [pool-37-thread-1] INFO  server.RaftServerConfigKeys (ConfUtils.java:logGet(43)) - raft.server.sleep.deviation.threshold = 300 (default)
2019-10-18 19:55:54,954 [pool-37-thread-1] INFO  server.RaftServerConfigKeys (ConfUtils.java:logGet(43)) - raft.server.log.appender.install.snapshot.enabled = false (custom)
2019-10-18 19:55:54,955 [pool-37-thread-1] INFO  impl.RaftServerImpl (ServerState.java:<init>(103)) - d13c026a-6de7-468a-bcba-b5f9e5455386@group-F3826DA01E64: ConfigurationManager, init=-1: [d13c026a-6de7-468a-bcba-b5f9e5455386:192.168.34.13:41921], old=null, confs=<EMPTY_MAP>
2019-10-18 19:55:54,955 [pool-37-thread-1] INFO  server.RaftServerConfigKeys (ConfUtils.java:logGet(43)) - raft.server.storage.dir = [/workdir/hadoop-ozone/integration-test/target/test-dir/MiniOzoneClusterImpl-7f30148d-aede-4745-be18-888c5c6e9681/datanode-1/data/ratis] (custom)
2019-10-18 19:55:54,956 [pool-37-thread-1] INFO  server.RaftServerConfigKeys (ConfUtils.java:logGet(43)) - raft.server.log.corruption.policy = EXCEPTION (default)
2019-10-18 19:55:54,956 [pool-37-thread-1] INFO  storage.RaftStorageDirectory (RaftStorageDirectory.java:analyzeStorage(246)) - The storage directory /workdir/hadoop-ozone/integration-test/target/test-dir/MiniOzoneClusterImpl-7f30148d-aede-4745-be18-888c5c6e9681/datanode-1/data/ratis/effbf456-6367-4c59-acda-f3826da01e64 does not exist. Creating ...
2019-10-18 19:55:54,984 [pool-37-thread-1] INFO  storage.RaftStorageDirectory (RaftStorageDirectory.java:tryLock(328)) - Lock on /workdir/hadoop-ozone/integration-test/target/test-dir/MiniOzoneClusterImpl-7f30148d-aede-4745-be18-888c5c6e9681/datanode-1/data/ratis/effbf456-6367-4c59-acda-f3826da01e64/in_use.lock acquired by nodename 1356@pr-hdds-2310-hfl48-2231614471
2019-10-18 19:55:55,005 [Thread-186] INFO  impl.FollowerState (FollowerState.java:run(108)) - 652c9eaa-759b-40b5-a420-e649d7d5dbbd@group-76D8CF74AB45-FollowerState: change to CANDIDATE, lastRpcTime:175ms, electionTimeout:174ms
2019-10-18 19:55:55,008 [Thread-186] INFO  impl.RoleInfo (RoleInfo.java:shutdownFollowerState(121)) - 652c9eaa-759b-40b5-a420-e649d7d5dbbd: shutdown FollowerState
2019-10-18 19:55:55,009 [pool-37-thread-1] INFO  storage.RaftStorage (RaftStorage.java:format(84)) - Storage directory /workdir/hadoop-ozone/integration-test/target/test-dir/MiniOzoneClusterImpl-7f30148d-aede-4745-be18-888c5c6e9681/datanode-1/data/ratis/effbf456-6367-4c59-acda-f3826da01e64 has been successfully formatted.
2019-10-18 19:55:55,010 [Thread-186] INFO  impl.RaftServerImpl (RaftServerImpl.java:setRole(184)) - 652c9eaa-759b-40b5-a420-e649d7d5dbbd@group-76D8CF74AB45: changes role from  FOLLOWER to CANDIDATE at term 0 for changeToCandidate
2019-10-18 19:55:55,011 [pool-37-thread-1] INFO  ratis.ContainerStateMachine (ContainerStateMachine.java:loadSnapshot(231)) - group-F3826DA01E64: The snapshot info is null. Setting the last applied indexto:(t:0, i:~)
2019-10-18 19:55:55,012 [pool-37-thread-1] INFO  server.RaftServerConfigKeys (ConfUtils.java:logGet(43)) - raft.server.notification.no-leader.timeout = 1000s (custom)
2019-10-18 19:55:55,012 [pool-37-thread-1] INFO  server.RaftServerConfigKeys (ConfUtils.java:logGet(43)) - raft.server.log.use.memory = false (default)
2019-10-18 19:55:55,012 [pool-37-thread-1] INFO  server.RaftServerConfigKeys (ConfUtils.java:logGet(43)) - raft.server.log.purge.gap = 1000000 (custom)
2019-10-18 19:55:55,012 [pool-37-thread-1] INFO  server.RaftServerConfigKeys (ConfUtils.java:logGet(43)) - raft.server.log.appender.buffer.byte-limit = 33554432 (custom)
2019-10-18 19:55:55,013 [pool-37-thread-1] INFO  server.RaftServerConfigKeys (ConfUtils.java:logGet(43)) - raft.server.log.segment.size.max = 1048576 (custom)
2019-10-18 19:55:55,016 [Thread-186] INFO  impl.RoleInfo (RoleInfo.java:updateAndGet(143)) - 652c9eaa-759b-40b5-a420-e649d7d5dbbd: start LeaderElection
2019-10-18 19:55:55,024 [pool-37-thread-1] INFO  server.RaftServerConfigKeys (ConfUtils.java:logGet(43)) - raft.server.log.segment.cache.num.max = 2 (custom)
2019-10-18 19:55:55,024 [pool-37-thread-1] INFO  segmented.SegmentedRaftLogWorker (SegmentedRaftLogWorker.java:<init>(173)) - new d13c026a-6de7-468a-bcba-b5f9e5455386@group-F3826DA01E64-SegmentedRaftLogWorker for RaftStorage:Storage Directory /workdir/hadoop-ozone/integration-test/target/test-dir/MiniOzoneClusterImpl-7f30148d-aede-4745-be18-888c5c6e9681/datanode-1/data/ratis/effbf456-6367-4c59-acda-f3826da01e64
2019-10-18 19:55:55,025 [pool-37-thread-1] INFO  server.RaftServerConfigKeys (ConfUtils.java:logGet(43)) - raft.server.log.queue.byte-limit = 2147483647 (custom)
2019-10-18 19:55:55,025 [pool-37-thread-1] INFO  server.RaftServerConfigKeys (ConfUtils.java:logGet(43)) - raft.server.log.queue.element-limit = 1024 (custom)
2019-10-18 19:55:55,026 [pool-37-thread-1] INFO  server.RaftServerConfigKeys (ConfUtils.java:logGet(43)) - raft.server.log.segment.size.max = 1048576 (custom)
2019-10-18 19:55:55,026 [pool-37-thread-1] INFO  server.RaftServerConfigKeys (ConfUtils.java:logGet(43)) - raft.server.log.preallocated.size = 16384 (custom)
2019-10-18 19:55:55,026 [pool-37-thread-1] INFO  server.RaftServerConfigKeys (ConfUtils.java:logGet(43)) - raft.server.log.write.buffer.size = 33554432 (custom)
2019-10-18 19:55:55,027 [pool-37-thread-1] INFO  server.RaftServerConfigKeys (ConfUtils.java:logGet(43)) - raft.server.log.force.sync.num = 128 (default)
2019-10-18 19:55:55,027 [pool-37-thread-1] INFO  server.RaftServerConfigKeys (ConfUtils.java:logGet(43)) - raft.server.log.statemachine.data.sync = true (default)
2019-10-18 19:55:55,027 [pool-37-thread-1] INFO  server.RaftServerConfigKeys (ConfUtils.java:logGet(43)) - raft.server.log.statemachine.data.sync.timeout = 10s (default)
2019-10-18 19:55:55,027 [pool-37-thread-1] INFO  server.RaftServerConfigKeys (ConfUtils.java:logGet(43)) - raft.server.log.statemachine.data.sync.timeout.retry = -1 (default)
2019-10-18 19:55:55,029 [pool-37-thread-1] INFO  server.RaftServerConfigKeys (ConfUtils.java:logGet(43)) - raft.server.log.statemachine.data.caching.enabled = true (custom)
2019-10-18 19:55:55,029 [pool-37-thread-1] INFO  segmented.SegmentedRaftLogWorker (SegmentedRaftLogWorker.java:lambda$new$0(128)) - d13c026a-6de7-468a-bcba-b5f9e5455386@group-F3826DA01E64-SegmentedRaftLogWorker: flushIndex: setUnconditionally 0 -> -1
2019-10-18 19:55:55,030 [pool-37-thread-1] INFO  server.RaftServerConfigKeys (ConfUtils.java:logGet(43)) - raft.server.snapshot.auto.trigger.enabled = true (custom)
2019-10-18 19:55:55,030 [pool-37-thread-1] INFO  server.RaftServerConfigKeys (ConfUtils.java:logGet(43)) - raft.server.snapshot.auto.trigger.threshold = 10000 (custom)
2019-10-18 19:55:55,030 [pool-37-thread-1] INFO  server.RaftServerConfigKeys (ConfUtils.java:logGet(43)) - raft.server.snapshot.retention.file.num = 5 (custom)
2019-10-18 19:55:55,031 [pool-37-thread-1] INFO  server.RaftServerConfigKeys (ConfUtils.java:logGet(43)) - raft.server.retrycache.expirytime = 600000ms (custom)
2019-10-18 19:55:55,043 [pool-37-thread-1] INFO  impl.RaftServerImpl (RaftServerImpl.java:start(195)) - d13c026a-6de7-468a-bcba-b5f9e5455386@group-F3826DA01E64: start as a follower, conf=-1: [d13c026a-6de7-468a-bcba-b5f9e5455386:192.168.34.13:41921], old=null
2019-10-18 19:55:55,043 [652c9eaa-759b-40b5-a420-e649d7d5dbbd@group-76D8CF74AB45-LeaderElection1] INFO  impl.LeaderElection (LeaderElection.java:askForVotes(178)) - 652c9eaa-759b-40b5-a420-e649d7d5dbbd@group-76D8CF74AB45-LeaderElection1: begin an election at term 1 for -1: [652c9eaa-759b-40b5-a420-e649d7d5dbbd:192.168.34.13:44469], old=null
2019-10-18 19:55:55,043 [pool-37-thread-1] INFO  impl.RaftServerImpl (RaftServerImpl.java:setRole(184)) - d13c026a-6de7-468a-bcba-b5f9e5455386@group-F3826DA01E64: changes role from      null to FOLLOWER at term 0 for startAsFollower
2019-10-18 19:55:55,043 [pool-37-thread-1] INFO  impl.RoleInfo (RoleInfo.java:updateAndGet(143)) - d13c026a-6de7-468a-bcba-b5f9e5455386: start FollowerState
2019-10-18 19:55:55,044 [pool-37-thread-1] INFO  util.JmxRegister (JmxRegister.java:tryRegister(44)) - Successfully registered JMX Bean with object name Ratis:service=RaftServer,group=group-F3826DA01E64,id=d13c026a-6de7-468a-bcba-b5f9e5455386
2019-10-18 19:55:55,046 [652c9eaa-759b-40b5-a420-e649d7d5dbbd@group-76D8CF74AB45-LeaderElection1] INFO  impl.RoleInfo (RoleInfo.java:shutdownLeaderElection(134)) - 652c9eaa-759b-40b5-a420-e649d7d5dbbd: shutdown LeaderElection
2019-10-18 19:55:55,047 [652c9eaa-759b-40b5-a420-e649d7d5dbbd@group-76D8CF74AB45-LeaderElection1] INFO  impl.RaftServerImpl (RaftServerImpl.java:setRole(184)) - 652c9eaa-759b-40b5-a420-e649d7d5dbbd@group-76D8CF74AB45: changes role from CANDIDATE to LEADER at term 1 for changeToLeader
2019-10-18 19:55:55,047 [652c9eaa-759b-40b5-a420-e649d7d5dbbd@group-76D8CF74AB45-LeaderElection1] INFO  impl.RaftServerImpl (ServerState.java:setLeader(256)) - 652c9eaa-759b-40b5-a420-e649d7d5dbbd@group-76D8CF74AB45: change Leader from null to 652c9eaa-759b-40b5-a420-e649d7d5dbbd at term 1 for becomeLeader, leader elected after 351ms
2019-10-18 19:55:55,055 [652c9eaa-759b-40b5-a420-e649d7d5dbbd@group-76D8CF74AB45-LeaderElection1] INFO  server.RaftServerConfigKeys (ConfUtils.java:logGet(43)) - raft.server.staging.catchup.gap = 1000 (default)
2019-10-18 19:55:55,055 [652c9eaa-759b-40b5-a420-e649d7d5dbbd@group-76D8CF74AB45-LeaderElection1] INFO  server.RaftServerConfigKeys (ConfUtils.java:logGet(43)) - raft.server.rpc.sleep.time = 25ms (default)
2019-10-18 19:55:55,062 [652c9eaa-759b-40b5-a420-e649d7d5dbbd@group-76D8CF74AB45-LeaderElection1] INFO  server.RaftServerConfigKeys (ConfUtils.java:logGet(43)) - raft.server.write.element-limit = 4096 (default)
2019-10-18 19:55:55,063 [RatisPipelineUtilsThread] INFO  pipeline.PipelineStateManager (PipelineStateManager.java:addPipeline(56)) - Created pipeline Pipeline[ Id: effbf456-6367-4c59-acda-f3826da01e64, Nodes: d13c026a-6de7-468a-bcba-b5f9e5455386{ip: 192.168.34.13, host: pr-hdds-2310-hfl48-2231614471, networkLocation: /default-rack, certSerialId: null}, Type:RATIS, Factor:ONE, State:OPEN]
2019-10-18 19:55:55,065 [652c9eaa-759b-40b5-a420-e649d7d5dbbd@group-76D8CF74AB45-LeaderElection1] INFO  server.RaftServerConfigKeys (ConfUtils.java:logGet(43)) - raft.server.watch.timeout = 10s (default)
2019-10-18 19:55:55,065 [652c9eaa-759b-40b5-a420-e649d7d5dbbd@group-76D8CF74AB45-LeaderElection1] INFO  server.RaftServerConfigKeys (ConfUtils.java:logGet(43)) - raft.server.watch.timeout.denomination = 1s (default)
2019-10-18 19:55:55,067 [652c9eaa-759b-40b5-a420-e649d7d5dbbd@group-76D8CF74AB45-LeaderElection1] INFO  server.RaftServerConfigKeys (ConfUtils.java:logGet(43)) - raft.server.watch.element-limit = 65536 (default)
2019-10-18 19:55:55,114 [grpc-default-executor-0] INFO  impl.RaftServerProxy (RaftServerProxy.java:addNew(89)) - 595ac112-eff6-4e35-b572-d6b1c4893b0f: addNew group-E7C892FEB488:[595ac112-eff6-4e35-b572-d6b1c4893b0f:192.168.34.13:37460] returns group-E7C892FEB488:java.util.concurrent.CompletableFuture@7517cab8[Not completed]
2019-10-18 19:55:55,117 [pool-47-thread-1] INFO  impl.RaftServerImpl (RaftServerImpl.java:<init>(104)) - 595ac112-eff6-4e35-b572-d6b1c4893b0f: new RaftServerImpl for group-E7C892FEB488:[595ac112-eff6-4e35-b572-d6b1c4893b0f:192.168.34.13:37460] with ContainerStateMachine:uninitialized
2019-10-18 19:55:55,118 [pool-47-thread-1] INFO  server.RaftServerConfigKeys (ConfUtils.java:logGet(43)) - raft.server.rpc.timeout.min = 5s (custom)
2019-10-18 19:55:55,118 [pool-47-thread-1] INFO  server.RaftServerConfigKeys (ConfUtils.java:logGet(43)) - raft.server.rpc.timeout.max = 5200ms (custom)
2019-10-18 19:55:55,118 [pool-47-thread-1] INFO  server.RaftServerConfigKeys (ConfUtils.java:logGet(43)) - raft.server.rpcslowness.timeout = 1000s (custom)
2019-10-18 19:55:55,118 [pool-47-thread-1] INFO  server.RaftServerConfigKeys (ConfUtils.java:logGet(43)) - raft.server.sleep.deviation.threshold = 300 (default)
2019-10-18 19:55:55,118 [pool-47-thread-1] INFO  server.RaftServerConfigKeys (ConfUtils.java:logGet(43)) - raft.server.log.appender.install.snapshot.enabled = false (custom)
2019-10-18 19:55:55,119 [pool-47-thread-1] INFO  impl.RaftServerImpl (ServerState.java:<init>(103)) - 595ac112-eff6-4e35-b572-d6b1c4893b0f@group-E7C892FEB488: ConfigurationManager, init=-1: [595ac112-eff6-4e35-b572-d6b1c4893b0f:192.168.34.13:37460], old=null, confs=<EMPTY_MAP>
2019-10-18 19:55:55,119 [pool-47-thread-1] INFO  server.RaftServerConfigKeys (ConfUtils.java:logGet(43)) - raft.server.storage.dir = [/workdir/hadoop-ozone/integration-test/target/test-dir/MiniOzoneClusterImpl-7f30148d-aede-4745-be18-888c5c6e9681/datanode-2/data/ratis] (custom)
2019-10-18 19:55:55,119 [pool-47-thread-1] INFO  server.RaftServerConfigKeys (ConfUtils.java:logGet(43)) - raft.server.log.corruption.policy = EXCEPTION (default)
2019-10-18 19:55:55,120 [pool-47-thread-1] INFO  storage.RaftStorageDirectory (RaftStorageDirectory.java:analyzeStorage(246)) - The storage directory /workdir/hadoop-ozone/integration-test/target/test-dir/MiniOzoneClusterImpl-7f30148d-aede-4745-be18-888c5c6e9681/datanode-2/data/ratis/b85a7801-3be7-403e-80b6-e7c892feb488 does not exist. Creating ...
2019-10-18 19:55:55,123 [652c9eaa-759b-40b5-a420-e649d7d5dbbd@group-76D8CF74AB45-LeaderElection1] INFO  impl.RoleInfo (RoleInfo.java:updateAndGet(143)) - 652c9eaa-759b-40b5-a420-e649d7d5dbbd: start LeaderState
2019-10-18 19:55:55,143 [pool-47-thread-1] INFO  storage.RaftStorageDirectory (RaftStorageDirectory.java:tryLock(328)) - Lock on /workdir/hadoop-ozone/integration-test/target/test-dir/MiniOzoneClusterImpl-7f30148d-aede-4745-be18-888c5c6e9681/datanode-2/data/ratis/b85a7801-3be7-403e-80b6-e7c892feb488/in_use.lock acquired by nodename 1356@pr-hdds-2310-hfl48-2231614471
2019-10-18 19:55:55,158 [652c9eaa-759b-40b5-a420-e649d7d5dbbd@group-76D8CF74AB45-LeaderElection1] INFO  segmented.SegmentedRaftLogWorker (SegmentedRaftLogWorker.java:startLogSegment(385)) - 652c9eaa-759b-40b5-a420-e649d7d5dbbd@group-76D8CF74AB45-SegmentedRaftLogWorker: Starting segment from index:0
2019-10-18 19:55:55,170 [652c9eaa-759b-40b5-a420-e649d7d5dbbd@group-76D8CF74AB45-LeaderElection1] INFO  impl.RaftServerImpl (ServerState.java:setRaftConf(357)) - 652c9eaa-759b-40b5-a420-e649d7d5dbbd@group-76D8CF74AB45: set configuration 0: [652c9eaa-759b-40b5-a420-e649d7d5dbbd:192.168.34.13:44469], old=null at 0
2019-10-18 19:55:55,171 [pool-47-thread-1] INFO  storage.RaftStorage (RaftStorage.java:format(84)) - Storage directory /workdir/hadoop-ozone/integration-test/target/test-dir/MiniOzoneClusterImpl-7f30148d-aede-4745-be18-888c5c6e9681/datanode-2/data/ratis/b85a7801-3be7-403e-80b6-e7c892feb488 has been successfully formatted.
2019-10-18 19:55:55,172 [pool-47-thread-1] INFO  ratis.ContainerStateMachine (ContainerStateMachine.java:loadSnapshot(231)) - group-E7C892FEB488: The snapshot info is null. Setting the last applied indexto:(t:0, i:~)
2019-10-18 19:55:55,172 [pool-47-thread-1] INFO  server.RaftServerConfigKeys (ConfUtils.java:logGet(43)) - raft.server.notification.no-leader.timeout = 1000s (custom)
2019-10-18 19:55:55,172 [pool-47-thread-1] INFO  server.RaftServerConfigKeys (ConfUtils.java:logGet(43)) - raft.server.log.use.memory = false (default)
2019-10-18 19:55:55,173 [pool-47-thread-1] INFO  server.RaftServerConfigKeys (ConfUtils.java:logGet(43)) - raft.server.log.purge.gap = 1000000 (custom)
2019-10-18 19:55:55,173 [pool-47-thread-1] INFO  server.RaftServerConfigKeys (ConfUtils.java:logGet(43)) - raft.server.log.appender.buffer.byte-limit = 33554432 (custom)
2019-10-18 19:55:55,173 [pool-47-thread-1] INFO  server.RaftServerConfigKeys (ConfUtils.java:logGet(43)) - raft.server.log.segment.size.max = 1048576 (custom)
2019-10-18 19:55:55,179 [pool-47-thread-1] INFO  server.RaftServerConfigKeys (ConfUtils.java:logGet(43)) - raft.server.log.segment.cache.num.max = 2 (custom)
2019-10-18 19:55:55,179 [pool-47-thread-1] INFO  segmented.SegmentedRaftLogWorker (SegmentedRaftLogWorker.java:<init>(173)) - new 595ac112-eff6-4e35-b572-d6b1c4893b0f@group-E7C892FEB488-SegmentedRaftLogWorker for RaftStorage:Storage Directory /workdir/hadoop-ozone/integration-test/target/test-dir/MiniOzoneClusterImpl-7f30148d-aede-4745-be18-888c5c6e9681/datanode-2/data/ratis/b85a7801-3be7-403e-80b6-e7c892feb488
2019-10-18 19:55:55,179 [pool-47-thread-1] INFO  server.RaftServerConfigKeys (ConfUtils.java:logGet(43)) - raft.server.log.queue.byte-limit = 2147483647 (custom)
2019-10-18 19:55:55,179 [pool-47-thread-1] INFO  server.RaftServerConfigKeys (ConfUtils.java:logGet(43)) - raft.server.log.queue.element-limit = 1024 (custom)
2019-10-18 19:55:55,179 [pool-47-thread-1] INFO  server.RaftServerConfigKeys (ConfUtils.java:logGet(43)) - raft.server.log.segment.size.max = 1048576 (custom)
2019-10-18 19:55:55,179 [pool-47-thread-1] INFO  server.RaftServerConfigKeys (ConfUtils.java:logGet(43)) - raft.server.log.preallocated.size = 16384 (custom)
2019-10-18 19:55:55,180 [pool-47-thread-1] INFO  server.RaftServerConfigKeys (ConfUtils.java:logGet(43)) - raft.server.log.write.buffer.size = 33554432 (custom)
2019-10-18 19:55:55,180 [pool-47-thread-1] INFO  server.RaftServerConfigKeys (ConfUtils.java:logGet(43)) - raft.server.log.force.sync.num = 128 (default)
2019-10-18 19:55:55,180 [pool-47-thread-1] INFO  server.RaftServerConfigKeys (ConfUtils.java:logGet(43)) - raft.server.log.statemachine.data.sync = true (default)
2019-10-18 19:55:55,180 [pool-47-thread-1] INFO  server.RaftServerConfigKeys (ConfUtils.java:logGet(43)) - raft.server.log.statemachine.data.sync.timeout = 10s (default)
2019-10-18 19:55:55,180 [pool-47-thread-1] INFO  server.RaftServerConfigKeys (ConfUtils.java:logGet(43)) - raft.server.log.statemachine.data.sync.timeout.retry = -1 (default)
2019-10-18 19:55:55,181 [pool-47-thread-1] INFO  server.RaftServerConfigKeys (ConfUtils.java:logGet(43)) - raft.server.log.statemachine.data.caching.enabled = true (custom)
2019-10-18 19:55:55,182 [pool-47-thread-1] INFO  segmented.SegmentedRaftLogWorker (SegmentedRaftLogWorker.java:lambda$new$0(128)) - 595ac112-eff6-4e35-b572-d6b1c4893b0f@group-E7C892FEB488-SegmentedRaftLogWorker: flushIndex: setUnconditionally 0 -> -1
2019-10-18 19:55:55,182 [pool-47-thread-1] INFO  server.RaftServerConfigKeys (ConfUtils.java:logGet(43)) - raft.server.snapshot.auto.trigger.enabled = true (custom)
2019-10-18 19:55:55,182 [pool-47-thread-1] INFO  server.RaftServerConfigKeys (ConfUtils.java:logGet(43)) - raft.server.snapshot.auto.trigger.threshold = 10000 (custom)
2019-10-18 19:55:55,182 [pool-47-thread-1] INFO  server.RaftServerConfigKeys (ConfUtils.java:logGet(43)) - raft.server.snapshot.retention.file.num = 5 (custom)
2019-10-18 19:55:55,183 [pool-47-thread-1] INFO  server.RaftServerConfigKeys (ConfUtils.java:logGet(43)) - raft.server.retrycache.expirytime = 600000ms (custom)
2019-10-18 19:55:55,187 [Thread-190] INFO  impl.FollowerState (FollowerState.java:run(108)) - d13c026a-6de7-468a-bcba-b5f9e5455386@group-F3826DA01E64-FollowerState: change to CANDIDATE, lastRpcTime:143ms, electionTimeout:143ms
2019-10-18 19:55:55,188 [Thread-190] INFO  impl.RoleInfo (RoleInfo.java:shutdownFollowerState(121)) - d13c026a-6de7-468a-bcba-b5f9e5455386: shutdown FollowerState
2019-10-18 19:55:55,188 [Thread-190] INFO  impl.RaftServerImpl (RaftServerImpl.java:setRole(184)) - d13c026a-6de7-468a-bcba-b5f9e5455386@group-F3826DA01E64: changes role from  FOLLOWER to CANDIDATE at term 0 for changeToCandidate
2019-10-18 19:55:55,188 [pool-47-thread-1] INFO  impl.RaftServerImpl (RaftServerImpl.java:start(195)) - 595ac112-eff6-4e35-b572-d6b1c4893b0f@group-E7C892FEB488: start as a follower, conf=-1: [595ac112-eff6-4e35-b572-d6b1c4893b0f:192.168.34.13:37460], old=null
2019-10-18 19:55:55,188 [Thread-190] INFO  impl.RoleInfo (RoleInfo.java:updateAndGet(143)) - d13c026a-6de7-468a-bcba-b5f9e5455386: start LeaderElection
2019-10-18 19:55:55,188 [pool-47-thread-1] INFO  impl.RaftServerImpl (RaftServerImpl.java:setRole(184)) - 595ac112-eff6-4e35-b572-d6b1c4893b0f@group-E7C892FEB488: changes role from      null to FOLLOWER at term 0 for startAsFollower
2019-10-18 19:55:55,189 [pool-47-thread-1] INFO  impl.RoleInfo (RoleInfo.java:updateAndGet(143)) - 595ac112-eff6-4e35-b572-d6b1c4893b0f: start FollowerState
2019-10-18 19:55:55,191 [pool-47-thread-1] INFO  util.JmxRegister (JmxRegister.java:tryRegister(44)) - Successfully registered JMX Bean with object name Ratis:service=RaftServer,group=group-E7C892FEB488,id=595ac112-eff6-4e35-b572-d6b1c4893b0f
2019-10-18 19:55:55,204 [RatisPipelineUtilsThread] INFO  pipeline.PipelineStateManager (PipelineStateManager.java:addPipeline(56)) - Created pipeline Pipeline[ Id: b85a7801-3be7-403e-80b6-e7c892feb488, Nodes: 595ac112-eff6-4e35-b572-d6b1c4893b0f{ip: 192.168.34.13, host: pr-hdds-2310-hfl48-2231614471, networkLocation: /default-rack, certSerialId: null}, Type:RATIS, Factor:ONE, State:OPEN]
2019-10-18 19:55:55,214 [d13c026a-6de7-468a-bcba-b5f9e5455386@group-F3826DA01E64-LeaderElection2] INFO  impl.LeaderElection (LeaderElection.java:askForVotes(178)) - d13c026a-6de7-468a-bcba-b5f9e5455386@group-F3826DA01E64-LeaderElection2: begin an election at term 1 for -1: [d13c026a-6de7-468a-bcba-b5f9e5455386:192.168.34.13:41921], old=null
2019-10-18 19:55:55,217 [d13c026a-6de7-468a-bcba-b5f9e5455386@group-F3826DA01E64-LeaderElection2] INFO  impl.RoleInfo (RoleInfo.java:shutdownLeaderElection(134)) - d13c026a-6de7-468a-bcba-b5f9e5455386: shutdown LeaderElection
2019-10-18 19:55:55,220 [d13c026a-6de7-468a-bcba-b5f9e5455386@group-F3826DA01E64-LeaderElection2] INFO  impl.RaftServerImpl (RaftServerImpl.java:setRole(184)) - d13c026a-6de7-468a-bcba-b5f9e5455386@group-F3826DA01E64: changes role from CANDIDATE to LEADER at term 1 for changeToLeader
2019-10-18 19:55:55,221 [d13c026a-6de7-468a-bcba-b5f9e5455386@group-F3826DA01E64-LeaderElection2] INFO  impl.RaftServerImpl (ServerState.java:setLeader(256)) - d13c026a-6de7-468a-bcba-b5f9e5455386@group-F3826DA01E64: change Leader from null to d13c026a-6de7-468a-bcba-b5f9e5455386 at term 1 for becomeLeader, leader elected after 208ms
2019-10-18 19:55:55,221 [d13c026a-6de7-468a-bcba-b5f9e5455386@group-F3826DA01E64-LeaderElection2] INFO  server.RaftServerConfigKeys (ConfUtils.java:logGet(43)) - raft.server.staging.catchup.gap = 1000 (default)
2019-10-18 19:55:55,222 [d13c026a-6de7-468a-bcba-b5f9e5455386@group-F3826DA01E64-LeaderElection2] INFO  server.RaftServerConfigKeys (ConfUtils.java:logGet(43)) - raft.server.rpc.sleep.time = 25ms (default)
2019-10-18 19:55:55,223 [d13c026a-6de7-468a-bcba-b5f9e5455386@group-F3826DA01E64-LeaderElection2] INFO  server.RaftServerConfigKeys (ConfUtils.java:logGet(43)) - raft.server.write.element-limit = 4096 (default)
2019-10-18 19:55:55,224 [d13c026a-6de7-468a-bcba-b5f9e5455386@group-F3826DA01E64-LeaderElection2] INFO  server.RaftServerConfigKeys (ConfUtils.java:logGet(43)) - raft.server.watch.timeout = 10s (default)
2019-10-18 19:55:55,225 [d13c026a-6de7-468a-bcba-b5f9e5455386@group-F3826DA01E64-LeaderElection2] INFO  server.RaftServerConfigKeys (ConfUtils.java:logGet(43)) - raft.server.watch.timeout.denomination = 1s (default)
2019-10-18 19:55:55,225 [d13c026a-6de7-468a-bcba-b5f9e5455386@group-F3826DA01E64-LeaderElection2] INFO  server.RaftServerConfigKeys (ConfUtils.java:logGet(43)) - raft.server.watch.element-limit = 65536 (default)
2019-10-18 19:55:55,232 [grpc-default-executor-2] INFO  impl.RaftServerProxy (RaftServerProxy.java:addNew(89)) - 652c9eaa-759b-40b5-a420-e649d7d5dbbd: addNew group-7B64E6E68F81:[652c9eaa-759b-40b5-a420-e649d7d5dbbd:192.168.34.13:44469, d13c026a-6de7-468a-bcba-b5f9e5455386:192.168.34.13:41921, 595ac112-eff6-4e35-b572-d6b1c4893b0f:192.168.34.13:37460] returns group-7B64E6E68F81:java.util.concurrent.CompletableFuture@4d143bf0[Not completed]
2019-10-18 19:55:55,233 [grpc-default-executor-1] INFO  impl.RaftServerProxy (RaftServerProxy.java:addNew(89)) - d13c026a-6de7-468a-bcba-b5f9e5455386: addNew group-7B64E6E68F81:[652c9eaa-759b-40b5-a420-e649d7d5dbbd:192.168.34.13:44469, d13c026a-6de7-468a-bcba-b5f9e5455386:192.168.34.13:41921, 595ac112-eff6-4e35-b572-d6b1c4893b0f:192.168.34.13:37460] returns group-7B64E6E68F81:java.util.concurrent.CompletableFuture@2e5940d7[Not completed]
2019-10-18 19:55:55,235 [pool-27-thread-1] INFO  impl.RaftServerImpl (RaftServerImpl.java:<init>(104)) - 652c9eaa-759b-40b5-a420-e649d7d5dbbd: new RaftServerImpl for group-7B64E6E68F81:[652c9eaa-759b-40b5-a420-e649d7d5dbbd:192.168.34.13:44469, d13c026a-6de7-468a-bcba-b5f9e5455386:192.168.34.13:41921, 595ac112-eff6-4e35-b572-d6b1c4893b0f:192.168.34.13:37460] with ContainerStateMachine:uninitialized
2019-10-18 19:55:55,235 [pool-27-thread-1] INFO  server.RaftServerConfigKeys (ConfUtils.java:logGet(43)) - raft.server.rpc.timeout.min = 5s (custom)
2019-10-18 19:55:55,235 [d13c026a-6de7-468a-bcba-b5f9e5455386@group-F3826DA01E64-LeaderElection2] INFO  impl.RoleInfo (RoleInfo.java:updateAndGet(143)) - d13c026a-6de7-468a-bcba-b5f9e5455386: start LeaderState
2019-10-18 19:55:55,235 [pool-27-thread-1] INFO  server.RaftServerConfigKeys (ConfUtils.java:logGet(43)) - raft.server.rpc.timeout.max = 5200ms (custom)
2019-10-18 19:55:55,236 [pool-27-thread-1] INFO  server.RaftServerConfigKeys (ConfUtils.java:logGet(43)) - raft.server.rpcslowness.timeout = 1000s (custom)
2019-10-18 19:55:55,236 [pool-27-thread-1] INFO  server.RaftServerConfigKeys (ConfUtils.java:logGet(43)) - raft.server.sleep.deviation.threshold = 300 (default)
2019-10-18 19:55:55,236 [pool-27-thread-1] INFO  server.RaftServerConfigKeys (ConfUtils.java:logGet(43)) - raft.server.log.appender.install.snapshot.enabled = false (custom)
2019-10-18 19:55:55,236 [d13c026a-6de7-468a-bcba-b5f9e5455386@group-F3826DA01E64-LeaderElection2] INFO  segmented.SegmentedRaftLogWorker (SegmentedRaftLogWorker.java:startLogSegment(385)) - d13c026a-6de7-468a-bcba-b5f9e5455386@group-F3826DA01E64-SegmentedRaftLogWorker: Starting segment from index:0
2019-10-18 19:55:55,236 [grpc-default-executor-1] INFO  impl.RaftServerProxy (RaftServerProxy.java:addNew(89)) - 595ac112-eff6-4e35-b572-d6b1c4893b0f: addNew group-7B64E6E68F81:[652c9eaa-759b-40b5-a420-e649d7d5dbbd:192.168.34.13:44469, d13c026a-6de7-468a-bcba-b5f9e5455386:192.168.34.13:41921, 595ac112-eff6-4e35-b572-d6b1c4893b0f:192.168.34.13:37460] returns group-7B64E6E68F81:java.util.concurrent.CompletableFuture@2a66d1c4[Not completed]
2019-10-18 19:55:55,236 [pool-27-thread-1] INFO  impl.RaftServerImpl (ServerState.java:<init>(103)) - 652c9eaa-759b-40b5-a420-e649d7d5dbbd@group-7B64E6E68F81: ConfigurationManager, init=-1: [652c9eaa-759b-40b5-a420-e649d7d5dbbd:192.168.34.13:44469, d13c026a-6de7-468a-bcba-b5f9e5455386:192.168.34.13:41921, 595ac112-eff6-4e35-b572-d6b1c4893b0f:192.168.34.13:37460], old=null, confs=<EMPTY_MAP>
2019-10-18 19:55:55,237 [d13c026a-6de7-468a-bcba-b5f9e5455386@group-F3826DA01E64-LeaderElection2] INFO  impl.RaftServerImpl (ServerState.java:setRaftConf(357)) - d13c026a-6de7-468a-bcba-b5f9e5455386@group-F3826DA01E64: set configuration 0: [d13c026a-6de7-468a-bcba-b5f9e5455386:192.168.34.13:41921], old=null at 0
2019-10-18 19:55:55,237 [pool-37-thread-1] INFO  impl.RaftServerImpl (RaftServerImpl.java:<init>(104)) - d13c026a-6de7-468a-bcba-b5f9e5455386: new RaftServerImpl for group-7B64E6E68F81:[652c9eaa-759b-40b5-a420-e649d7d5dbbd:192.168.34.13:44469, d13c026a-6de7-468a-bcba-b5f9e5455386:192.168.34.13:41921, 595ac112-eff6-4e35-b572-d6b1c4893b0f:192.168.34.13:37460] with ContainerStateMachine:uninitialized
2019-10-18 19:55:55,237 [pool-27-thread-1] INFO  server.RaftServerConfigKeys (ConfUtils.java:logGet(43)) - raft.server.storage.dir = [/workdir/hadoop-ozone/integration-test/target/test-dir/MiniOzoneClusterImpl-7f30148d-aede-4745-be18-888c5c6e9681/datanode-0/data/ratis] (custom)
2019-10-18 19:55:55,239 [pool-37-thread-1] INFO  server.RaftServerConfigKeys (ConfUtils.java:logGet(43)) - raft.server.rpc.timeout.min = 5s (custom)
2019-10-18 19:55:55,239 [pool-27-thread-1] INFO  server.RaftServerConfigKeys (ConfUtils.java:logGet(43)) - raft.server.log.corruption.policy = EXCEPTION (default)
2019-10-18 19:55:55,239 [pool-37-thread-1] INFO  server.RaftServerConfigKeys (ConfUtils.java:logGet(43)) - raft.server.rpc.timeout.max = 5200ms (custom)
2019-10-18 19:55:55,239 [pool-27-thread-1] INFO  storage.RaftStorageDirectory (RaftStorageDirectory.java:analyzeStorage(246)) - The storage directory /workdir/hadoop-ozone/integration-test/target/test-dir/MiniOzoneClusterImpl-7f30148d-aede-4745-be18-888c5c6e9681/datanode-0/data/ratis/11bb0cf2-26ce-4402-a950-7b64e6e68f81 does not exist. Creating ...
2019-10-18 19:55:55,239 [pool-37-thread-1] INFO  server.RaftServerConfigKeys (ConfUtils.java:logGet(43)) - raft.server.rpcslowness.timeout = 1000s (custom)
2019-10-18 19:55:55,239 [pool-47-thread-1] INFO  impl.RaftServerImpl (RaftServerImpl.java:<init>(104)) - 595ac112-eff6-4e35-b572-d6b1c4893b0f: new RaftServerImpl for group-7B64E6E68F81:[652c9eaa-759b-40b5-a420-e649d7d5dbbd:192.168.34.13:44469, d13c026a-6de7-468a-bcba-b5f9e5455386:192.168.34.13:41921, 595ac112-eff6-4e35-b572-d6b1c4893b0f:192.168.34.13:37460] with ContainerStateMachine:uninitialized
2019-10-18 19:55:55,239 [pool-37-thread-1] INFO  server.RaftServerConfigKeys (ConfUtils.java:logGet(43)) - raft.server.sleep.deviation.threshold = 300 (default)
2019-10-18 19:55:55,239 [pool-47-thread-1] INFO  server.RaftServerConfigKeys (ConfUtils.java:logGet(43)) - raft.server.rpc.timeout.min = 5s (custom)
2019-10-18 19:55:55,240 [pool-37-thread-1] INFO  server.RaftServerConfigKeys (ConfUtils.java:logGet(43)) - raft.server.log.appender.install.snapshot.enabled = false (custom)
2019-10-18 19:55:55,240 [pool-47-thread-1] INFO  server.RaftServerConfigKeys (ConfUtils.java:logGet(43)) - raft.server.rpc.timeout.max = 5200ms (custom)
2019-10-18 19:55:55,240 [pool-37-thread-1] INFO  impl.RaftServerImpl (ServerState.java:<init>(103)) - d13c026a-6de7-468a-bcba-b5f9e5455386@group-7B64E6E68F81: ConfigurationManager, init=-1: [652c9eaa-759b-40b5-a420-e649d7d5dbbd:192.168.34.13:44469, d13c026a-6de7-468a-bcba-b5f9e5455386:192.168.34.13:41921, 595ac112-eff6-4e35-b572-d6b1c4893b0f:192.168.34.13:37460], old=null, confs=<EMPTY_MAP>
2019-10-18 19:55:55,240 [pool-47-thread-1] INFO  server.RaftServerConfigKeys (ConfUtils.java:logGet(43)) - raft.server.rpcslowness.timeout = 1000s (custom)
2019-10-18 19:55:55,240 [pool-47-thread-1] INFO  server.RaftServerConfigKeys (ConfUtils.java:logGet(43)) - raft.server.sleep.deviation.threshold = 300 (default)
2019-10-18 19:55:55,240 [pool-37-thread-1] INFO  server.RaftServerConfigKeys (ConfUtils.java:logGet(43)) - raft.server.storage.dir = [/workdir/hadoop-ozone/integration-test/target/test-dir/MiniOzoneClusterImpl-7f30148d-aede-4745-be18-888c5c6e9681/datanode-1/data/ratis] (custom)
2019-10-18 19:55:55,240 [pool-47-thread-1] INFO  server.RaftServerConfigKeys (ConfUtils.java:logGet(43)) - raft.server.log.appender.install.snapshot.enabled = false (custom)
2019-10-18 19:55:55,240 [pool-47-thread-1] INFO  impl.RaftServerImpl (ServerState.java:<init>(103)) - 595ac112-eff6-4e35-b572-d6b1c4893b0f@group-7B64E6E68F81: ConfigurationManager, init=-1: [652c9eaa-759b-40b5-a420-e649d7d5dbbd:192.168.34.13:44469, d13c026a-6de7-468a-bcba-b5f9e5455386:192.168.34.13:41921, 595ac112-eff6-4e35-b572-d6b1c4893b0f:192.168.34.13:37460], old=null, confs=<EMPTY_MAP>
2019-10-18 19:55:55,241 [pool-37-thread-1] INFO  server.RaftServerConfigKeys (ConfUtils.java:logGet(43)) - raft.server.log.corruption.policy = EXCEPTION (default)
2019-10-18 19:55:55,241 [pool-47-thread-1] INFO  server.RaftServerConfigKeys (ConfUtils.java:logGet(43)) - raft.server.storage.dir = [/workdir/hadoop-ozone/integration-test/target/test-dir/MiniOzoneClusterImpl-7f30148d-aede-4745-be18-888c5c6e9681/datanode-2/data/ratis] (custom)
2019-10-18 19:55:55,241 [pool-37-thread-1] INFO  storage.RaftStorageDirectory (RaftStorageDirectory.java:analyzeStorage(246)) - The storage directory /workdir/hadoop-ozone/integration-test/target/test-dir/MiniOzoneClusterImpl-7f30148d-aede-4745-be18-888c5c6e9681/datanode-1/data/ratis/11bb0cf2-26ce-4402-a950-7b64e6e68f81 does not exist. Creating ...
2019-10-18 19:55:55,241 [pool-47-thread-1] INFO  server.RaftServerConfigKeys (ConfUtils.java:logGet(43)) - raft.server.log.corruption.policy = EXCEPTION (default)
2019-10-18 19:55:55,241 [pool-47-thread-1] INFO  storage.RaftStorageDirectory (RaftStorageDirectory.java:analyzeStorage(246)) - The storage directory /workdir/hadoop-ozone/integration-test/target/test-dir/MiniOzoneClusterImpl-7f30148d-aede-4745-be18-888c5c6e9681/datanode-2/data/ratis/11bb0cf2-26ce-4402-a950-7b64e6e68f81 does not exist. Creating ...
2019-10-18 19:55:55,263 [pool-27-thread-1] INFO  storage.RaftStorageDirectory (RaftStorageDirectory.java:tryLock(328)) - Lock on /workdir/hadoop-ozone/integration-test/target/test-dir/MiniOzoneClusterImpl-7f30148d-aede-4745-be18-888c5c6e9681/datanode-0/data/ratis/11bb0cf2-26ce-4402-a950-7b64e6e68f81/in_use.lock acquired by nodename 1356@pr-hdds-2310-hfl48-2231614471
2019-10-18 19:55:55,263 [pool-47-thread-1] INFO  storage.RaftStorageDirectory (RaftStorageDirectory.java:tryLock(328)) - Lock on /workdir/hadoop-ozone/integration-test/target/test-dir/MiniOzoneClusterImpl-7f30148d-aede-4745-be18-888c5c6e9681/datanode-2/data/ratis/11bb0cf2-26ce-4402-a950-7b64e6e68f81/in_use.lock acquired by nodename 1356@pr-hdds-2310-hfl48-2231614471
2019-10-18 19:55:55,263 [pool-37-thread-1] INFO  storage.RaftStorageDirectory (RaftStorageDirectory.java:tryLock(328)) - Lock on /workdir/hadoop-ozone/integration-test/target/test-dir/MiniOzoneClusterImpl-7f30148d-aede-4745-be18-888c5c6e9681/datanode-1/data/ratis/11bb0cf2-26ce-4402-a950-7b64e6e68f81/in_use.lock acquired by nodename 1356@pr-hdds-2310-hfl48-2231614471
2019-10-18 19:55:55,264 [Thread-195] INFO  impl.FollowerState (FollowerState.java:run(108)) - 595ac112-eff6-4e35-b572-d6b1c4893b0f@group-E7C892FEB488-FollowerState: change to CANDIDATE, lastRpcTime:75ms, electionTimeout:73ms
2019-10-18 19:55:55,264 [Thread-195] INFO  impl.RoleInfo (RoleInfo.java:shutdownFollowerState(121)) - 595ac112-eff6-4e35-b572-d6b1c4893b0f: shutdown FollowerState
2019-10-18 19:55:55,264 [Thread-195] INFO  impl.RaftServerImpl (RaftServerImpl.java:setRole(184)) - 595ac112-eff6-4e35-b572-d6b1c4893b0f@group-E7C892FEB488: changes role from  FOLLOWER to CANDIDATE at term 0 for changeToCandidate
2019-10-18 19:55:55,264 [Thread-195] INFO  impl.RoleInfo (RoleInfo.java:updateAndGet(143)) - 595ac112-eff6-4e35-b572-d6b1c4893b0f: start LeaderElection
2019-10-18 19:55:55,300 [pool-37-thread-1] INFO  storage.RaftStorage (RaftStorage.java:format(84)) - Storage directory /workdir/hadoop-ozone/integration-test/target/test-dir/MiniOzoneClusterImpl-7f30148d-aede-4745-be18-888c5c6e9681/datanode-1/data/ratis/11bb0cf2-26ce-4402-a950-7b64e6e68f81 has been successfully formatted.
2019-10-18 19:55:55,300 [595ac112-eff6-4e35-b572-d6b1c4893b0f@group-E7C892FEB488-LeaderElection3] INFO  impl.LeaderElection (LeaderElection.java:askForVotes(178)) - 595ac112-eff6-4e35-b572-d6b1c4893b0f@group-E7C892FEB488-LeaderElection3: begin an election at term 1 for -1: [595ac112-eff6-4e35-b572-d6b1c4893b0f:192.168.34.13:37460], old=null
2019-10-18 19:55:55,300 [pool-27-thread-1] INFO  storage.RaftStorage (RaftStorage.java:format(84)) - Storage directory /workdir/hadoop-ozone/integration-test/target/test-dir/MiniOzoneClusterImpl-7f30148d-aede-4745-be18-888c5c6e9681/datanode-0/data/ratis/11bb0cf2-26ce-4402-a950-7b64e6e68f81 has been successfully formatted.
2019-10-18 19:55:55,301 [pool-37-thread-1] INFO  ratis.ContainerStateMachine (ContainerStateMachine.java:loadSnapshot(231)) - group-7B64E6E68F81: The snapshot info is null. Setting the last applied indexto:(t:0, i:~)
2019-10-18 19:55:55,300 [pool-47-thread-1] INFO  storage.RaftStorage (RaftStorage.java:format(84)) - Storage directory /workdir/hadoop-ozone/integration-test/target/test-dir/MiniOzoneClusterImpl-7f30148d-aede-4745-be18-888c5c6e9681/datanode-2/data/ratis/11bb0cf2-26ce-4402-a950-7b64e6e68f81 has been successfully formatted.
2019-10-18 19:55:55,301 [pool-37-thread-1] INFO  server.RaftServerConfigKeys (ConfUtils.java:logGet(43)) - raft.server.notification.no-leader.timeout = 1000s (custom)
2019-10-18 19:55:55,301 [pool-27-thread-1] INFO  ratis.ContainerStateMachine (ContainerStateMachine.java:loadSnapshot(231)) - group-7B64E6E68F81: The snapshot info is null. Setting the last applied indexto:(t:0, i:~)
2019-10-18 19:55:55,301 [595ac112-eff6-4e35-b572-d6b1c4893b0f@group-E7C892FEB488-LeaderElection3] INFO  impl.RoleInfo (RoleInfo.java:shutdownLeaderElection(134)) - 595ac112-eff6-4e35-b572-d6b1c4893b0f: shutdown LeaderElection
2019-10-18 19:55:55,302 [pool-27-thread-1] INFO  server.RaftServerConfigKeys (ConfUtils.java:logGet(43)) - raft.server.notification.no-leader.timeout = 1000s (custom)
2019-10-18 19:55:55,301 [pool-47-thread-1] INFO  ratis.ContainerStateMachine (ContainerStateMachine.java:loadSnapshot(231)) - group-7B64E6E68F81: The snapshot info is null. Setting the last applied indexto:(t:0, i:~)
2019-10-18 19:55:55,301 [pool-37-thread-1] INFO  server.RaftServerConfigKeys (ConfUtils.java:logGet(43)) - raft.server.log.use.memory = false (default)
2019-10-18 19:55:55,302 [pool-47-thread-1] INFO  server.RaftServerConfigKeys (ConfUtils.java:logGet(43)) - raft.server.notification.no-leader.timeout = 1000s (custom)
2019-10-18 19:55:55,302 [pool-27-thread-1] INFO  server.RaftServerConfigKeys (ConfUtils.java:logGet(43)) - raft.server.log.use.memory = false (default)
2019-10-18 19:55:55,302 [595ac112-eff6-4e35-b572-d6b1c4893b0f@group-E7C892FEB488-LeaderElection3] INFO  impl.RaftServerImpl (RaftServerImpl.java:setRole(184)) - 595ac112-eff6-4e35-b572-d6b1c4893b0f@group-E7C892FEB488: changes role from CANDIDATE to LEADER at term 1 for changeToLeader
2019-10-18 19:55:55,303 [pool-27-thread-1] INFO  server.RaftServerConfigKeys (ConfUtils.java:logGet(43)) - raft.server.log.purge.gap = 1000000 (custom)
2019-10-18 19:55:55,302 [pool-47-thread-1] INFO  server.RaftServerConfigKeys (ConfUtils.java:logGet(43)) - raft.server.log.use.memory = false (default)
2019-10-18 19:55:55,302 [pool-37-thread-1] INFO  server.RaftServerConfigKeys (ConfUtils.java:logGet(43)) - raft.server.log.purge.gap = 1000000 (custom)
2019-10-18 19:55:55,303 [pool-47-thread-1] INFO  server.RaftServerConfigKeys (ConfUtils.java:logGet(43)) - raft.server.log.purge.gap = 1000000 (custom)
2019-10-18 19:55:55,303 [pool-27-thread-1] INFO  server.RaftServerConfigKeys (ConfUtils.java:logGet(43)) - raft.server.log.appender.buffer.byte-limit = 33554432 (custom)
2019-10-18 19:55:55,303 [595ac112-eff6-4e35-b572-d6b1c4893b0f@group-E7C892FEB488-LeaderElection3] INFO  impl.RaftServerImpl (ServerState.java:setLeader(256)) - 595ac112-eff6-4e35-b572-d6b1c4893b0f@group-E7C892FEB488: change Leader from null to 595ac112-eff6-4e35-b572-d6b1c4893b0f at term 1 for becomeLeader, leader elected after 130ms
2019-10-18 19:55:55,304 [pool-27-thread-1] INFO  server.RaftServerConfigKeys (ConfUtils.java:logGet(43)) - raft.server.log.segment.size.max = 1048576 (custom)
2019-10-18 19:55:55,303 [pool-47-thread-1] INFO  server.RaftServerConfigKeys (ConfUtils.java:logGet(43)) - raft.server.log.appender.buffer.byte-limit = 33554432 (custom)
2019-10-18 19:55:55,303 [pool-37-thread-1] INFO  server.RaftServerConfigKeys (ConfUtils.java:logGet(43)) - raft.server.log.appender.buffer.byte-limit = 33554432 (custom)
2019-10-18 19:55:55,304 [pool-47-thread-1] INFO  server.RaftServerConfigKeys (ConfUtils.java:logGet(43)) - raft.server.log.segment.size.max = 1048576 (custom)
2019-10-18 19:55:55,304 [pool-27-thread-1] INFO  server.RaftServerConfigKeys (ConfUtils.java:logGet(43)) - raft.server.log.segment.cache.num.max = 2 (custom)
2019-10-18 19:55:55,304 [595ac112-eff6-4e35-b572-d6b1c4893b0f@group-E7C892FEB488-LeaderElection3] INFO  server.RaftServerConfigKeys (ConfUtils.java:logGet(43)) - raft.server.staging.catchup.gap = 1000 (default)
2019-10-18 19:55:55,304 [pool-27-thread-1] INFO  segmented.SegmentedRaftLogWorker (SegmentedRaftLogWorker.java:<init>(173)) - new 652c9eaa-759b-40b5-a420-e649d7d5dbbd@group-7B64E6E68F81-SegmentedRaftLogWorker for RaftStorage:Storage Directory /workdir/hadoop-ozone/integration-test/target/test-dir/MiniOzoneClusterImpl-7f30148d-aede-4745-be18-888c5c6e9681/datanode-0/data/ratis/11bb0cf2-26ce-4402-a950-7b64e6e68f81
2019-10-18 19:55:55,304 [pool-47-thread-1] INFO  server.RaftServerConfigKeys (ConfUtils.java:logGet(43)) - raft.server.log.segment.cache.num.max = 2 (custom)
2019-10-18 19:55:55,304 [pool-37-thread-1] INFO  server.RaftServerConfigKeys (ConfUtils.java:logGet(43)) - raft.server.log.segment.size.max = 1048576 (custom)
2019-10-18 19:55:55,305 [pool-47-thread-1] INFO  segmented.SegmentedRaftLogWorker (SegmentedRaftLogWorker.java:<init>(173)) - new 595ac112-eff6-4e35-b572-d6b1c4893b0f@group-7B64E6E68F81-SegmentedRaftLogWorker for RaftStorage:Storage Directory /workdir/hadoop-ozone/integration-test/target/test-dir/MiniOzoneClusterImpl-7f30148d-aede-4745-be18-888c5c6e9681/datanode-2/data/ratis/11bb0cf2-26ce-4402-a950-7b64e6e68f81
2019-10-18 19:55:55,305 [pool-27-thread-1] INFO  server.RaftServerConfigKeys (ConfUtils.java:logGet(43)) - raft.server.log.queue.byte-limit = 2147483647 (custom)
2019-10-18 19:55:55,305 [595ac112-eff6-4e35-b572-d6b1c4893b0f@group-E7C892FEB488-LeaderElection3] INFO  server.RaftServerConfigKeys (ConfUtils.java:logGet(43)) - raft.server.rpc.sleep.time = 25ms (default)
2019-10-18 19:55:55,305 [pool-27-thread-1] INFO  server.RaftServerConfigKeys (ConfUtils.java:logGet(43)) - raft.server.log.queue.element-limit = 1024 (custom)
2019-10-18 19:55:55,305 [pool-47-thread-1] INFO  server.RaftServerConfigKeys (ConfUtils.java:logGet(43)) - raft.server.log.queue.byte-limit = 2147483647 (custom)
2019-10-18 19:55:55,305 [pool-37-thread-1] INFO  server.RaftServerConfigKeys (ConfUtils.java:logGet(43)) - raft.server.log.segment.cache.num.max = 2 (custom)
2019-10-18 19:55:55,306 [pool-47-thread-1] INFO  server.RaftServerConfigKeys (ConfUtils.java:logGet(43)) - raft.server.log.queue.element-limit = 1024 (custom)
2019-10-18 19:55:55,306 [pool-27-thread-1] INFO  server.RaftServerConfigKeys (ConfUtils.java:logGet(43)) - raft.server.log.segment.size.max = 1048576 (custom)
2019-10-18 19:55:55,306 [595ac112-eff6-4e35-b572-d6b1c4893b0f@group-E7C892FEB488-LeaderElection3] INFO  server.RaftServerConfigKeys (ConfUtils.java:logGet(43)) - raft.server.write.element-limit = 4096 (default)
2019-10-18 19:55:55,306 [pool-27-thread-1] INFO  server.RaftServerConfigKeys (ConfUtils.java:logGet(43)) - raft.server.log.preallocated.size = 16384 (custom)
2019-10-18 19:55:55,306 [pool-47-thread-1] INFO  server.RaftServerConfigKeys (ConfUtils.java:logGet(43)) - raft.server.log.segment.size.max = 1048576 (custom)
2019-10-18 19:55:55,306 [pool-37-thread-1] INFO  segmented.SegmentedRaftLogWorker (SegmentedRaftLogWorker.java:<init>(173)) - new d13c026a-6de7-468a-bcba-b5f9e5455386@group-7B64E6E68F81-SegmentedRaftLogWorker for RaftStorage:Storage Directory /workdir/hadoop-ozone/integration-test/target/test-dir/MiniOzoneClusterImpl-7f30148d-aede-4745-be18-888c5c6e9681/datanode-1/data/ratis/11bb0cf2-26ce-4402-a950-7b64e6e68f81
2019-10-18 19:55:55,307 [pool-47-thread-1] INFO  server.RaftServerConfigKeys (ConfUtils.java:logGet(43)) - raft.server.log.preallocated.size = 16384 (custom)
2019-10-18 19:55:55,307 [pool-27-thread-1] INFO  server.RaftServerConfigKeys (ConfUtils.java:logGet(43)) - raft.server.log.write.buffer.size = 33554432 (custom)
2019-10-18 19:55:55,307 [595ac112-eff6-4e35-b572-d6b1c4893b0f@group-E7C892FEB488-LeaderElection3] INFO  server.RaftServerConfigKeys (ConfUtils.java:logGet(43)) - raft.server.watch.timeout = 10s (default)
2019-10-18 19:55:55,307 [pool-27-thread-1] INFO  server.RaftServerConfigKeys (ConfUtils.java:logGet(43)) - raft.server.log.force.sync.num = 128 (default)
2019-10-18 19:55:55,307 [pool-47-thread-1] INFO  server.RaftServerConfigKeys (ConfUtils.java:logGet(43)) - raft.server.log.write.buffer.size = 33554432 (custom)
2019-10-18 19:55:55,307 [pool-37-thread-1] INFO  server.RaftServerConfigKeys (ConfUtils.java:logGet(43)) - raft.server.log.queue.byte-limit = 2147483647 (custom)
2019-10-18 19:55:55,308 [pool-47-thread-1] INFO  server.RaftServerConfigKeys (ConfUtils.java:logGet(43)) - raft.server.log.force.sync.num = 128 (default)
2019-10-18 19:55:55,308 [pool-27-thread-1] INFO  server.RaftServerConfigKeys (ConfUtils.java:logGet(43)) - raft.server.log.statemachine.data.sync = true (default)
2019-10-18 19:55:55,307 [595ac112-eff6-4e35-b572-d6b1c4893b0f@group-E7C892FEB488-LeaderElection3] INFO  server.RaftServerConfigKeys (ConfUtils.java:logGet(43)) - raft.server.watch.timeout.denomination = 1s (default)
2019-10-18 19:55:55,308 [pool-27-thread-1] INFO  server.RaftServerConfigKeys (ConfUtils.java:logGet(43)) - raft.server.log.statemachine.data.sync.timeout = 10s (default)
2019-10-18 19:55:55,308 [pool-47-thread-1] INFO  server.RaftServerConfigKeys (ConfUtils.java:logGet(43)) - raft.server.log.statemachine.data.sync = true (default)
2019-10-18 19:55:55,308 [pool-37-thread-1] INFO  server.RaftServerConfigKeys (ConfUtils.java:logGet(43)) - raft.server.log.queue.element-limit = 1024 (custom)
2019-10-18 19:55:55,309 [pool-47-thread-1] INFO  server.RaftServerConfigKeys (ConfUtils.java:logGet(43)) - raft.server.log.statemachine.data.sync.timeout = 10s (default)
2019-10-18 19:55:55,309 [pool-27-thread-1] INFO  server.RaftServerConfigKeys (ConfUtils.java:logGet(43)) - raft.server.log.statemachine.data.sync.timeout.retry = -1 (default)
2019-10-18 19:55:55,308 [595ac112-eff6-4e35-b572-d6b1c4893b0f@group-E7C892FEB488-LeaderElection3] INFO  server.RaftServerConfigKeys (ConfUtils.java:logGet(43)) - raft.server.watch.element-limit = 65536 (default)
2019-10-18 19:55:55,309 [pool-47-thread-1] INFO  server.RaftServerConfigKeys (ConfUtils.java:logGet(43)) - raft.server.log.statemachine.data.sync.timeout.retry = -1 (default)
2019-10-18 19:55:55,309 [pool-37-thread-1] INFO  server.RaftServerConfigKeys (ConfUtils.java:logGet(43)) - raft.server.log.segment.size.max = 1048576 (custom)
2019-10-18 19:55:55,310 [pool-47-thread-1] INFO  server.RaftServerConfigKeys (ConfUtils.java:logGet(43)) - raft.server.log.statemachine.data.caching.enabled = true (custom)
2019-10-18 19:55:55,309 [pool-27-thread-1] INFO  server.RaftServerConfigKeys (ConfUtils.java:logGet(43)) - raft.server.log.statemachine.data.caching.enabled = true (custom)
2019-10-18 19:55:55,310 [pool-37-thread-1] INFO  server.RaftServerConfigKeys (ConfUtils.java:logGet(43)) - raft.server.log.preallocated.size = 16384 (custom)
2019-10-18 19:55:55,310 [pool-47-thread-1] INFO  segmented.SegmentedRaftLogWorker (SegmentedRaftLogWorker.java:lambda$new$0(128)) - 595ac112-eff6-4e35-b572-d6b1c4893b0f@group-7B64E6E68F81-SegmentedRaftLogWorker: flushIndex: setUnconditionally 0 -> -1
2019-10-18 19:55:55,310 [pool-37-thread-1] INFO  server.RaftServerConfigKeys (ConfUtils.java:logGet(43)) - raft.server.log.write.buffer.size = 33554432 (custom)
2019-10-18 19:55:55,310 [pool-27-thread-1] INFO  segmented.SegmentedRaftLogWorker (SegmentedRaftLogWorker.java:lambda$new$0(128)) - 652c9eaa-759b-40b5-a420-e649d7d5dbbd@group-7B64E6E68F81-SegmentedRaftLogWorker: flushIndex: setUnconditionally 0 -> -1
2019-10-18 19:55:55,311 [pool-37-thread-1] INFO  server.RaftServerConfigKeys (ConfUtils.java:logGet(43)) - raft.server.log.force.sync.num = 128 (default)
2019-10-18 19:55:55,311 [pool-47-thread-1] INFO  server.RaftServerConfigKeys (ConfUtils.java:logGet(43)) - raft.server.snapshot.auto.trigger.enabled = true (custom)
2019-10-18 19:55:55,311 [pool-27-thread-1] INFO  server.RaftServerConfigKeys (ConfUtils.java:logGet(43)) - raft.server.snapshot.auto.trigger.enabled = true (custom)
2019-10-18 19:55:55,311 [pool-37-thread-1] INFO  server.RaftServerConfigKeys (ConfUtils.java:logGet(43)) - raft.server.log.statemachine.data.sync = true (default)
2019-10-18 19:55:55,312 [pool-27-thread-1] INFO  server.RaftServerConfigKeys (ConfUtils.java:logGet(43)) - raft.server.snapshot.auto.trigger.threshold = 10000 (custom)
2019-10-18 19:55:55,311 [pool-47-thread-1] INFO  server.RaftServerConfigKeys (ConfUtils.java:logGet(43)) - raft.server.snapshot.auto.trigger.threshold = 10000 (custom)
2019-10-18 19:55:55,312 [pool-27-thread-1] INFO  server.RaftServerConfigKeys (ConfUtils.java:logGet(43)) - raft.server.snapshot.retention.file.num = 5 (custom)
2019-10-18 19:55:55,312 [595ac112-eff6-4e35-b572-d6b1c4893b0f@group-E7C892FEB488-LeaderElection3] INFO  impl.RoleInfo (RoleInfo.java:updateAndGet(143)) - 595ac112-eff6-4e35-b572-d6b1c4893b0f: start LeaderState
2019-10-18 19:55:55,312 [pool-37-thread-1] INFO  server.RaftServerConfigKeys (ConfUtils.java:logGet(43)) - raft.server.log.statemachine.data.sync.timeout = 10s (default)
2019-10-18 19:55:55,312 [pool-27-thread-1] INFO  server.RaftServerConfigKeys (ConfUtils.java:logGet(43)) - raft.server.retrycache.expirytime = 600000ms (custom)
2019-10-18 19:55:55,312 [pool-47-thread-1] INFO  server.RaftServerConfigKeys (ConfUtils.java:logGet(43)) - raft.server.snapshot.retention.file.num = 5 (custom)
2019-10-18 19:55:55,312 [595ac112-eff6-4e35-b572-d6b1c4893b0f@group-E7C892FEB488-LeaderElection3] INFO  segmented.SegmentedRaftLogWorker (SegmentedRaftLogWorker.java:startLogSegment(385)) - 595ac112-eff6-4e35-b572-d6b1c4893b0f@group-E7C892FEB488-SegmentedRaftLogWorker: Starting segment from index:0
2019-10-18 19:55:55,312 [pool-37-thread-1] INFO  server.RaftServerConfigKeys (ConfUtils.java:logGet(43)) - raft.server.log.statemachine.data.sync.timeout.retry = -1 (default)
2019-10-18 19:55:55,313 [pool-47-thread-1] INFO  server.RaftServerConfigKeys (ConfUtils.java:logGet(43)) - raft.server.retrycache.expirytime = 600000ms (custom)
2019-10-18 19:55:55,313 [pool-37-thread-1] INFO  server.RaftServerConfigKeys (ConfUtils.java:logGet(43)) - raft.server.log.statemachine.data.caching.enabled = true (custom)
2019-10-18 19:55:55,313 [595ac112-eff6-4e35-b572-d6b1c4893b0f@group-E7C892FEB488-LeaderElection3] INFO  impl.RaftServerImpl (ServerState.java:setRaftConf(357)) - 595ac112-eff6-4e35-b572-d6b1c4893b0f@group-E7C892FEB488: set configuration 0: [595ac112-eff6-4e35-b572-d6b1c4893b0f:192.168.34.13:37460], old=null at 0
2019-10-18 19:55:55,315 [pool-37-thread-1] INFO  segmented.SegmentedRaftLogWorker (SegmentedRaftLogWorker.java:lambda$new$0(128)) - d13c026a-6de7-468a-bcba-b5f9e5455386@group-7B64E6E68F81-SegmentedRaftLogWorker: flushIndex: setUnconditionally 0 -> -1
2019-10-18 19:55:55,315 [pool-37-thread-1] INFO  server.RaftServerConfigKeys (ConfUtils.java:logGet(43)) - raft.server.snapshot.auto.trigger.enabled = true (custom)
2019-10-18 19:55:55,315 [pool-37-thread-1] INFO  server.RaftServerConfigKeys (ConfUtils.java:logGet(43)) - raft.server.snapshot.auto.trigger.threshold = 10000 (custom)
2019-10-18 19:55:55,316 [pool-37-thread-1] INFO  server.RaftServerConfigKeys (ConfUtils.java:logGet(43)) - raft.server.snapshot.retention.file.num = 5 (custom)
2019-10-18 19:55:55,316 [pool-37-thread-1] INFO  server.RaftServerConfigKeys (ConfUtils.java:logGet(43)) - raft.server.retrycache.expirytime = 600000ms (custom)
2019-10-18 19:55:55,317 [pool-27-thread-1] INFO  impl.RaftServerImpl (RaftServerImpl.java:start(195)) - 652c9eaa-759b-40b5-a420-e649d7d5dbbd@group-7B64E6E68F81: start as a follower, conf=-1: [652c9eaa-759b-40b5-a420-e649d7d5dbbd:192.168.34.13:44469, d13c026a-6de7-468a-bcba-b5f9e5455386:192.168.34.13:41921, 595ac112-eff6-4e35-b572-d6b1c4893b0f:192.168.34.13:37460], old=null
2019-10-18 19:55:55,317 [pool-27-thread-1] INFO  impl.RaftServerImpl (RaftServerImpl.java:setRole(184)) - 652c9eaa-759b-40b5-a420-e649d7d5dbbd@group-7B64E6E68F81: changes role from      null to FOLLOWER at term 0 for startAsFollower
2019-10-18 19:55:55,317 [pool-47-thread-1] INFO  impl.RaftServerImpl (RaftServerImpl.java:start(195)) - 595ac112-eff6-4e35-b572-d6b1c4893b0f@group-7B64E6E68F81: start as a follower, conf=-1: [652c9eaa-759b-40b5-a420-e649d7d5dbbd:192.168.34.13:44469, d13c026a-6de7-468a-bcba-b5f9e5455386:192.168.34.13:41921, 595ac112-eff6-4e35-b572-d6b1c4893b0f:192.168.34.13:37460], old=null
2019-10-18 19:55:55,317 [pool-27-thread-1] INFO  impl.RoleInfo (RoleInfo.java:updateAndGet(143)) - 652c9eaa-759b-40b5-a420-e649d7d5dbbd: start FollowerState
2019-10-18 19:55:55,317 [pool-47-thread-1] INFO  impl.RaftServerImpl (RaftServerImpl.java:setRole(184)) - 595ac112-eff6-4e35-b572-d6b1c4893b0f@group-7B64E6E68F81: changes role from      null to FOLLOWER at term 0 for startAsFollower
2019-10-18 19:55:55,318 [pool-47-thread-1] INFO  impl.RoleInfo (RoleInfo.java:updateAndGet(143)) - 595ac112-eff6-4e35-b572-d6b1c4893b0f: start FollowerState
2019-10-18 19:55:55,318 [pool-27-thread-1] INFO  util.JmxRegister (JmxRegister.java:tryRegister(44)) - Successfully registered JMX Bean with object name Ratis:service=RaftServer,group=group-7B64E6E68F81,id=652c9eaa-759b-40b5-a420-e649d7d5dbbd
2019-10-18 19:55:55,318 [pool-47-thread-1] INFO  util.JmxRegister (JmxRegister.java:tryRegister(44)) - Successfully registered JMX Bean with object name Ratis:service=RaftServer,group=group-7B64E6E68F81,id=595ac112-eff6-4e35-b572-d6b1c4893b0f
2019-10-18 19:55:55,320 [pool-37-thread-1] INFO  impl.RaftServerImpl (RaftServerImpl.java:start(195)) - d13c026a-6de7-468a-bcba-b5f9e5455386@group-7B64E6E68F81: start as a follower, conf=-1: [652c9eaa-759b-40b5-a420-e649d7d5dbbd:192.168.34.13:44469, d13c026a-6de7-468a-bcba-b5f9e5455386:192.168.34.13:41921, 595ac112-eff6-4e35-b572-d6b1c4893b0f:192.168.34.13:37460], old=null
2019-10-18 19:55:55,320 [pool-37-thread-1] INFO  impl.RaftServerImpl (RaftServerImpl.java:setRole(184)) - d13c026a-6de7-468a-bcba-b5f9e5455386@group-7B64E6E68F81: changes role from      null to FOLLOWER at term 0 for startAsFollower
2019-10-18 19:55:55,321 [pool-37-thread-1] INFO  impl.RoleInfo (RoleInfo.java:updateAndGet(143)) - d13c026a-6de7-468a-bcba-b5f9e5455386: start FollowerState
2019-10-18 19:55:55,321 [pool-37-thread-1] INFO  util.JmxRegister (JmxRegister.java:tryRegister(44)) - Successfully registered JMX Bean with object name Ratis:service=RaftServer,group=group-7B64E6E68F81,id=d13c026a-6de7-468a-bcba-b5f9e5455386
2019-10-18 19:55:55,336 [main] INFO  ozone.MiniOzoneClusterImpl (MiniOzoneClusterImpl.java:lambda$waitForClusterToBeReady$0(147)) - Cluster is ready. Got 3 of 3 DN Heartbeats.
2019-10-18 19:55:55,348 [RatisPipelineUtilsThread] INFO  pipeline.PipelineStateManager (PipelineStateManager.java:addPipeline(56)) - Created pipeline Pipeline[ Id: 11bb0cf2-26ce-4402-a950-7b64e6e68f81, Nodes: 652c9eaa-759b-40b5-a420-e649d7d5dbbd{ip: 192.168.34.13, host: pr-hdds-2310-hfl48-2231614471, networkLocation: /default-rack, certSerialId: null}d13c026a-6de7-468a-bcba-b5f9e5455386{ip: 192.168.34.13, host: pr-hdds-2310-hfl48-2231614471, networkLocation: /default-rack, certSerialId: null}595ac112-eff6-4e35-b572-d6b1c4893b0f{ip: 192.168.34.13, host: pr-hdds-2310-hfl48-2231614471, networkLocation: /default-rack, certSerialId: null}, Type:RATIS, Factor:THREE, State:OPEN]
2019-10-18 19:55:55,414 [Thread-205] INFO  impl.FollowerState (FollowerState.java:run(108)) - d13c026a-6de7-468a-bcba-b5f9e5455386@group-7B64E6E68F81-FollowerState: change to CANDIDATE, lastRpcTime:93ms, electionTimeout:93ms
2019-10-18 19:55:55,415 [Thread-205] INFO  impl.RoleInfo (RoleInfo.java:shutdownFollowerState(121)) - d13c026a-6de7-468a-bcba-b5f9e5455386: shutdown FollowerState
2019-10-18 19:55:55,415 [Thread-205] INFO  impl.RaftServerImpl (RaftServerImpl.java:setRole(184)) - d13c026a-6de7-468a-bcba-b5f9e5455386@group-7B64E6E68F81: changes role from  FOLLOWER to CANDIDATE at term 0 for changeToCandidate
2019-10-18 19:55:55,415 [Thread-205] INFO  impl.RoleInfo (RoleInfo.java:updateAndGet(143)) - d13c026a-6de7-468a-bcba-b5f9e5455386: start LeaderElection
2019-10-18 19:55:55,426 [652c9eaa-759b-40b5-a420-e649d7d5dbbd@group-76D8CF74AB45-SegmentedRaftLogWorker] INFO  segmented.SegmentedRaftLogWorker (SegmentedRaftLogWorker.java:execute(576)) - 652c9eaa-759b-40b5-a420-e649d7d5dbbd@group-76D8CF74AB45-SegmentedRaftLogWorker: created new log segment /workdir/hadoop-ozone/integration-test/target/test-dir/MiniOzoneClusterImpl-7f30148d-aede-4745-be18-888c5c6e9681/datanode-0/data/ratis/7b4c2036-674e-4840-9c41-76d8cf74ab45/current/log_inprogress_0
2019-10-18 19:55:55,426 [d13c026a-6de7-468a-bcba-b5f9e5455386@group-F3826DA01E64-SegmentedRaftLogWorker] INFO  segmented.SegmentedRaftLogWorker (SegmentedRaftLogWorker.java:execute(576)) - d13c026a-6de7-468a-bcba-b5f9e5455386@group-F3826DA01E64-SegmentedRaftLogWorker: created new log segment /workdir/hadoop-ozone/integration-test/target/test-dir/MiniOzoneClusterImpl-7f30148d-aede-4745-be18-888c5c6e9681/datanode-1/data/ratis/effbf456-6367-4c59-acda-f3826da01e64/current/log_inprogress_0
2019-10-18 19:55:55,426 [595ac112-eff6-4e35-b572-d6b1c4893b0f@group-E7C892FEB488-SegmentedRaftLogWorker] INFO  segmented.SegmentedRaftLogWorker (SegmentedRaftLogWorker.java:execute(576)) - 595ac112-eff6-4e35-b572-d6b1c4893b0f@group-E7C892FEB488-SegmentedRaftLogWorker: created new log segment /workdir/hadoop-ozone/integration-test/target/test-dir/MiniOzoneClusterImpl-7f30148d-aede-4745-be18-888c5c6e9681/datanode-2/data/ratis/b85a7801-3be7-403e-80b6-e7c892feb488/current/log_inprogress_0
2019-10-18 19:55:55,443 [d13c026a-6de7-468a-bcba-b5f9e5455386@group-7B64E6E68F81-LeaderElection4] INFO  impl.LeaderElection (LeaderElection.java:askForVotes(178)) - d13c026a-6de7-468a-bcba-b5f9e5455386@group-7B64E6E68F81-LeaderElection4: begin an election at term 1 for -1: [652c9eaa-759b-40b5-a420-e649d7d5dbbd:192.168.34.13:44469, d13c026a-6de7-468a-bcba-b5f9e5455386:192.168.34.13:41921, 595ac112-eff6-4e35-b572-d6b1c4893b0f:192.168.34.13:37460], old=null
2019-10-18 19:55:55,458 [Thread-203] INFO  impl.FollowerState (FollowerState.java:run(108)) - 652c9eaa-759b-40b5-a420-e649d7d5dbbd@group-7B64E6E68F81-FollowerState: change to CANDIDATE, lastRpcTime:140ms, electionTimeout:140ms
2019-10-18 19:55:55,458 [Thread-203] INFO  impl.RoleInfo (RoleInfo.java:shutdownFollowerState(121)) - 652c9eaa-759b-40b5-a420-e649d7d5dbbd: shutdown FollowerState
2019-10-18 19:55:55,458 [Thread-203] INFO  impl.RaftServerImpl (RaftServerImpl.java:setRole(184)) - 652c9eaa-759b-40b5-a420-e649d7d5dbbd@group-7B64E6E68F81: changes role from  FOLLOWER to CANDIDATE at term 0 for changeToCandidate
2019-10-18 19:55:55,458 [Thread-203] INFO  impl.RoleInfo (RoleInfo.java:updateAndGet(143)) - 652c9eaa-759b-40b5-a420-e649d7d5dbbd: start LeaderElection
2019-10-18 19:55:55,479 [grpc-default-executor-2] INFO  impl.RaftServerImpl (RaftServerImpl.java:setRole(184)) - 595ac112-eff6-4e35-b572-d6b1c4893b0f@group-7B64E6E68F81: changes role from  FOLLOWER to FOLLOWER at term 1 for recognizeCandidate:d13c026a-6de7-468a-bcba-b5f9e5455386
2019-10-18 19:55:55,479 [grpc-default-executor-2] INFO  impl.RoleInfo (RoleInfo.java:shutdownFollowerState(121)) - 595ac112-eff6-4e35-b572-d6b1c4893b0f: shutdown FollowerState
2019-10-18 19:55:55,480 [Thread-204] INFO  impl.FollowerState (FollowerState.java:run(117)) - 595ac112-eff6-4e35-b572-d6b1c4893b0f@group-7B64E6E68F81-FollowerState was interrupted: java.lang.InterruptedException: sleep interrupted
2019-10-18 19:55:55,480 [grpc-default-executor-2] INFO  impl.RoleInfo (RoleInfo.java:updateAndGet(143)) - 595ac112-eff6-4e35-b572-d6b1c4893b0f: start FollowerState
2019-10-18 19:55:55,493 [652c9eaa-759b-40b5-a420-e649d7d5dbbd@group-7B64E6E68F81-LeaderElection5] INFO  impl.LeaderElection (LeaderElection.java:askForVotes(178)) - 652c9eaa-759b-40b5-a420-e649d7d5dbbd@group-7B64E6E68F81-LeaderElection5: begin an election at term 1 for -1: [652c9eaa-759b-40b5-a420-e649d7d5dbbd:192.168.34.13:44469, d13c026a-6de7-468a-bcba-b5f9e5455386:192.168.34.13:41921, 595ac112-eff6-4e35-b572-d6b1c4893b0f:192.168.34.13:37460], old=null
2019-10-18 19:55:55,526 [d13c026a-6de7-468a-bcba-b5f9e5455386@group-7B64E6E68F81-LeaderElection4] INFO  impl.LeaderElection (LeaderElection.java:logAndReturn(56)) - d13c026a-6de7-468a-bcba-b5f9e5455386@group-7B64E6E68F81-LeaderElection4: Election PASSED; received 2 response(s) [d13c026a-6de7-468a-bcba-b5f9e5455386<-652c9eaa-759b-40b5-a420-e649d7d5dbbd#0:FAIL-t1, d13c026a-6de7-468a-bcba-b5f9e5455386<-595ac112-eff6-4e35-b572-d6b1c4893b0f#0:OK-t1] and 0 exception(s); d13c026a-6de7-468a-bcba-b5f9e5455386@group-7B64E6E68F81:t1, leader=null, voted=d13c026a-6de7-468a-bcba-b5f9e5455386, raftlog=d13c026a-6de7-468a-bcba-b5f9e5455386@group-7B64E6E68F81-SegmentedRaftLog:OPENED:c-1,f-1,i0, conf=-1: [652c9eaa-759b-40b5-a420-e649d7d5dbbd:192.168.34.13:44469, d13c026a-6de7-468a-bcba-b5f9e5455386:192.168.34.13:41921, 595ac112-eff6-4e35-b572-d6b1c4893b0f:192.168.34.13:37460], old=null
2019-10-18 19:55:55,526 [652c9eaa-759b-40b5-a420-e649d7d5dbbd@group-7B64E6E68F81-LeaderElection5] INFO  impl.LeaderElection (LeaderElection.java:logAndReturn(56)) - 652c9eaa-759b-40b5-a420-e649d7d5dbbd@group-7B64E6E68F81-LeaderElection5: Election REJECTED; received 2 response(s) [652c9eaa-759b-40b5-a420-e649d7d5dbbd<-d13c026a-6de7-468a-bcba-b5f9e5455386#0:FAIL-t1, 652c9eaa-759b-40b5-a420-e649d7d5dbbd<-595ac112-eff6-4e35-b572-d6b1c4893b0f#0:FAIL-t1] and 0 exception(s); 652c9eaa-759b-40b5-a420-e649d7d5dbbd@group-7B64E6E68F81:t1, leader=null, voted=652c9eaa-759b-40b5-a420-e649d7d5dbbd, raftlog=652c9eaa-759b-40b5-a420-e649d7d5dbbd@group-7B64E6E68F81-SegmentedRaftLog:OPENED:c-1,f-1,i0, conf=-1: [652c9eaa-759b-40b5-a420-e649d7d5dbbd:192.168.34.13:44469, d13c026a-6de7-468a-bcba-b5f9e5455386:192.168.34.13:41921, 595ac112-eff6-4e35-b572-d6b1c4893b0f:192.168.34.13:37460], old=null
2019-10-18 19:55:55,527 [d13c026a-6de7-468a-bcba-b5f9e5455386@group-7B64E6E68F81-LeaderElection4] INFO  impl.RoleInfo (RoleInfo.java:shutdownLeaderElection(134)) - d13c026a-6de7-468a-bcba-b5f9e5455386: shutdown LeaderElection
2019-10-18 19:55:55,527 [d13c026a-6de7-468a-bcba-b5f9e5455386@group-7B64E6E68F81-LeaderElection4] INFO  impl.RaftServerImpl (RaftServerImpl.java:setRole(184)) - d13c026a-6de7-468a-bcba-b5f9e5455386@group-7B64E6E68F81: changes role from CANDIDATE to LEADER at term 1 for changeToLeader
2019-10-18 19:55:55,528 [d13c026a-6de7-468a-bcba-b5f9e5455386@group-7B64E6E68F81-LeaderElection4] INFO  impl.RaftServerImpl (ServerState.java:setLeader(256)) - d13c026a-6de7-468a-bcba-b5f9e5455386@group-7B64E6E68F81: change Leader from null to d13c026a-6de7-468a-bcba-b5f9e5455386 at term 1 for becomeLeader, leader elected after 226ms
2019-10-18 19:55:55,528 [652c9eaa-759b-40b5-a420-e649d7d5dbbd@group-7B64E6E68F81-LeaderElection5] INFO  impl.RaftServerImpl (RaftServerImpl.java:setRole(184)) - 652c9eaa-759b-40b5-a420-e649d7d5dbbd@group-7B64E6E68F81: changes role from CANDIDATE to FOLLOWER at term 1 for DISCOVERED_A_NEW_TERM
2019-10-18 19:55:55,531 [d13c026a-6de7-468a-bcba-b5f9e5455386@group-7B64E6E68F81-LeaderElection4] INFO  server.RaftServerConfigKeys (ConfUtils.java:logGet(43)) - raft.server.staging.catchup.gap = 1000 (default)
2019-10-18 19:55:55,531 [652c9eaa-759b-40b5-a420-e649d7d5dbbd@group-7B64E6E68F81-LeaderElection5] INFO  impl.RoleInfo (RoleInfo.java:shutdownLeaderElection(134)) - 652c9eaa-759b-40b5-a420-e649d7d5dbbd: shutdown LeaderElection
2019-10-18 19:55:55,531 [d13c026a-6de7-468a-bcba-b5f9e5455386@group-7B64E6E68F81-LeaderElection4] INFO  server.RaftServerConfigKeys (ConfUtils.java:logGet(43)) - raft.server.rpc.sleep.time = 25ms (default)
2019-10-18 19:55:55,531 [652c9eaa-759b-40b5-a420-e649d7d5dbbd@group-7B64E6E68F81-LeaderElection5] INFO  impl.RoleInfo (RoleInfo.java:updateAndGet(143)) - 652c9eaa-759b-40b5-a420-e649d7d5dbbd: start FollowerState
2019-10-18 19:55:55,531 [d13c026a-6de7-468a-bcba-b5f9e5455386@group-7B64E6E68F81-LeaderElection4] INFO  server.RaftServerConfigKeys (ConfUtils.java:logGet(43)) - raft.server.write.element-limit = 4096 (default)
2019-10-18 19:55:55,532 [d13c026a-6de7-468a-bcba-b5f9e5455386@group-7B64E6E68F81-LeaderElection4] INFO  server.RaftServerConfigKeys (ConfUtils.java:logGet(43)) - raft.server.watch.timeout = 10s (default)
2019-10-18 19:55:55,533 [d13c026a-6de7-468a-bcba-b5f9e5455386@group-7B64E6E68F81-LeaderElection4] INFO  server.RaftServerConfigKeys (ConfUtils.java:logGet(43)) - raft.server.watch.timeout.denomination = 1s (default)
2019-10-18 19:55:55,533 [d13c026a-6de7-468a-bcba-b5f9e5455386@group-7B64E6E68F81-LeaderElection4] INFO  server.RaftServerConfigKeys (ConfUtils.java:logGet(43)) - raft.server.watch.element-limit = 65536 (default)
2019-10-18 19:55:55,540 [d13c026a-6de7-468a-bcba-b5f9e5455386@group-7B64E6E68F81-LeaderElection4] INFO  server.RaftServerConfigKeys (ConfUtils.java:logGet(43)) - raft.server.log.appender.snapshot.chunk.size.max = 16MB (=16777216) (default)
2019-10-18 19:55:55,540 [d13c026a-6de7-468a-bcba-b5f9e5455386@group-7B64E6E68F81-LeaderElection4] INFO  server.RaftServerConfigKeys (ConfUtils.java:logGet(43)) - raft.server.log.appender.buffer.byte-limit = 33554432 (custom)
2019-10-18 19:55:55,540 [d13c026a-6de7-468a-bcba-b5f9e5455386@group-7B64E6E68F81-LeaderElection4] INFO  server.RaftServerConfigKeys (ConfUtils.java:logGet(43)) - raft.server.log.appender.buffer.element-limit = 1 (custom)
2019-10-18 19:55:55,543 [d13c026a-6de7-468a-bcba-b5f9e5455386@group-7B64E6E68F81-LeaderElection4] INFO  grpc.GrpcConfigKeys$Server (ConfUtils.java:logGet(43)) - raft.grpc.server.leader.outstanding.appends.max = 128 (default)
2019-10-18 19:55:55,544 [d13c026a-6de7-468a-bcba-b5f9e5455386@group-7B64E6E68F81-LeaderElection4] INFO  server.RaftServerConfigKeys (ConfUtils.java:logGet(43)) - raft.server.rpc.request.timeout = 3000ms (default)
2019-10-18 19:55:55,544 [d13c026a-6de7-468a-bcba-b5f9e5455386@group-7B64E6E68F81-LeaderElection4] INFO  server.RaftServerConfigKeys (ConfUtils.java:logGet(43)) - raft.server.log.appender.install.snapshot.enabled = false (custom)
2019-10-18 19:55:55,548 [d13c026a-6de7-468a-bcba-b5f9e5455386@group-7B64E6E68F81-LeaderElection4] INFO  server.RaftServerConfigKeys (ConfUtils.java:logGet(43)) - raft.server.log.appender.snapshot.chunk.size.max = 16MB (=16777216) (default)
2019-10-18 19:55:55,548 [d13c026a-6de7-468a-bcba-b5f9e5455386@group-7B64E6E68F81-LeaderElection4] INFO  server.RaftServerConfigKeys (ConfUtils.java:logGet(43)) - raft.server.log.appender.buffer.byte-limit = 33554432 (custom)
2019-10-18 19:55:55,548 [d13c026a-6de7-468a-bcba-b5f9e5455386@group-7B64E6E68F81-LeaderElection4] INFO  server.RaftServerConfigKeys (ConfUtils.java:logGet(43)) - raft.server.log.appender.buffer.element-limit = 1 (custom)
2019-10-18 19:55:55,548 [d13c026a-6de7-468a-bcba-b5f9e5455386@group-7B64E6E68F81-LeaderElection4] INFO  grpc.GrpcConfigKeys$Server (ConfUtils.java:logGet(43)) - raft.grpc.server.leader.outstanding.appends.max = 128 (default)
2019-10-18 19:55:55,549 [d13c026a-6de7-468a-bcba-b5f9e5455386@group-7B64E6E68F81-LeaderElection4] INFO  server.RaftServerConfigKeys (ConfUtils.java:logGet(43)) - raft.server.rpc.request.timeout = 3000ms (default)
2019-10-18 19:55:55,549 [d13c026a-6de7-468a-bcba-b5f9e5455386@group-7B64E6E68F81-LeaderElection4] INFO  server.RaftServerConfigKeys (ConfUtils.java:logGet(43)) - raft.server.log.appender.install.snapshot.enabled = false (custom)
2019-10-18 19:55:55,554 [d13c026a-6de7-468a-bcba-b5f9e5455386@group-7B64E6E68F81-LeaderElection4] INFO  impl.RoleInfo (RoleInfo.java:updateAndGet(143)) - d13c026a-6de7-468a-bcba-b5f9e5455386: start LeaderState
2019-10-18 19:55:55,554 [d13c026a-6de7-468a-bcba-b5f9e5455386@group-7B64E6E68F81-LeaderElection4] INFO  segmented.SegmentedRaftLogWorker (SegmentedRaftLogWorker.java:startLogSegment(385)) - d13c026a-6de7-468a-bcba-b5f9e5455386@group-7B64E6E68F81-SegmentedRaftLogWorker: Starting segment from index:0
2019-10-18 19:55:55,556 [d13c026a-6de7-468a-bcba-b5f9e5455386@group-7B64E6E68F81-LeaderElection4] INFO  impl.RaftServerImpl (ServerState.java:setRaftConf(357)) - d13c026a-6de7-468a-bcba-b5f9e5455386@group-7B64E6E68F81: set configuration 0: [652c9eaa-759b-40b5-a420-e649d7d5dbbd:192.168.34.13:44469, d13c026a-6de7-468a-bcba-b5f9e5455386:192.168.34.13:41921, 595ac112-eff6-4e35-b572-d6b1c4893b0f:192.168.34.13:37460], old=null at 0
2019-10-18 19:55:55,613 [d13c026a-6de7-468a-bcba-b5f9e5455386@group-7B64E6E68F81-SegmentedRaftLogWorker] INFO  segmented.SegmentedRaftLogWorker (SegmentedRaftLogWorker.java:execute(576)) - d13c026a-6de7-468a-bcba-b5f9e5455386@group-7B64E6E68F81-SegmentedRaftLogWorker: created new log segment /workdir/hadoop-ozone/integration-test/target/test-dir/MiniOzoneClusterImpl-7f30148d-aede-4745-be18-888c5c6e9681/datanode-1/data/ratis/11bb0cf2-26ce-4402-a950-7b64e6e68f81/current/log_inprogress_0
2019-10-18 19:55:55,614 [grpc-default-executor-0] INFO  impl.RaftServerImpl (ServerState.java:setLeader(256)) - 652c9eaa-759b-40b5-a420-e649d7d5dbbd@group-7B64E6E68F81: change Leader from null to d13c026a-6de7-468a-bcba-b5f9e5455386 at term 1 for appendEntries, leader elected after 312ms
2019-10-18 19:55:55,614 [grpc-default-executor-2] INFO  impl.RaftServerImpl (ServerState.java:setLeader(256)) - 595ac112-eff6-4e35-b572-d6b1c4893b0f@group-7B64E6E68F81: change Leader from null to d13c026a-6de7-468a-bcba-b5f9e5455386 at term 1 for appendEntries, leader elected after 311ms
2019-10-18 19:55:55,641 [grpc-default-executor-2] INFO  impl.RaftServerImpl (ServerState.java:setRaftConf(357)) - 652c9eaa-759b-40b5-a420-e649d7d5dbbd@group-7B64E6E68F81: set configuration 0: [652c9eaa-759b-40b5-a420-e649d7d5dbbd:192.168.34.13:44469, d13c026a-6de7-468a-bcba-b5f9e5455386:192.168.34.13:41921, 595ac112-eff6-4e35-b572-d6b1c4893b0f:192.168.34.13:37460], old=null at 0
2019-10-18 19:55:55,641 [grpc-default-executor-0] INFO  impl.RaftServerImpl (ServerState.java:setRaftConf(357)) - 595ac112-eff6-4e35-b572-d6b1c4893b0f@group-7B64E6E68F81: set configuration 0: [652c9eaa-759b-40b5-a420-e649d7d5dbbd:192.168.34.13:44469, d13c026a-6de7-468a-bcba-b5f9e5455386:192.168.34.13:41921, 595ac112-eff6-4e35-b572-d6b1c4893b0f:192.168.34.13:37460], old=null at 0
2019-10-18 19:55:55,641 [grpc-default-executor-2] INFO  segmented.SegmentedRaftLogWorker (SegmentedRaftLogWorker.java:startLogSegment(385)) - 652c9eaa-759b-40b5-a420-e649d7d5dbbd@group-7B64E6E68F81-SegmentedRaftLogWorker: Starting segment from index:0
2019-10-18 19:55:55,642 [grpc-default-executor-0] INFO  segmented.SegmentedRaftLogWorker (SegmentedRaftLogWorker.java:startLogSegment(385)) - 595ac112-eff6-4e35-b572-d6b1c4893b0f@group-7B64E6E68F81-SegmentedRaftLogWorker: Starting segment from index:0
2019-10-18 19:55:55,703 [652c9eaa-759b-40b5-a420-e649d7d5dbbd@group-7B64E6E68F81-SegmentedRaftLogWorker] INFO  segmented.SegmentedRaftLogWorker (SegmentedRaftLogWorker.java:execute(576)) - 652c9eaa-759b-40b5-a420-e649d7d5dbbd@group-7B64E6E68F81-SegmentedRaftLogWorker: created new log segment /workdir/hadoop-ozone/integration-test/target/test-dir/MiniOzoneClusterImpl-7f30148d-aede-4745-be18-888c5c6e9681/datanode-0/data/ratis/11bb0cf2-26ce-4402-a950-7b64e6e68f81/current/log_inprogress_0
2019-10-18 19:55:55,703 [595ac112-eff6-4e35-b572-d6b1c4893b0f@group-7B64E6E68F81-SegmentedRaftLogWorker] INFO  segmented.SegmentedRaftLogWorker (SegmentedRaftLogWorker.java:execute(576)) - 595ac112-eff6-4e35-b572-d6b1c4893b0f@group-7B64E6E68F81-SegmentedRaftLogWorker: created new log segment /workdir/hadoop-ozone/integration-test/target/test-dir/MiniOzoneClusterImpl-7f30148d-aede-4745-be18-888c5c6e9681/datanode-2/data/ratis/11bb0cf2-26ce-4402-a950-7b64e6e68f81/current/log_inprogress_0
2019-10-18 19:55:56,309 [main] INFO  rpc.RpcClient (RpcClient.java:createVolume(272)) - Creating Volume: testcontainerstatemachinefailures, with jenkins1000 as owner.
2019-10-18 19:55:56,415 [IPC Server handler 3 on 37018] INFO  volume.OMVolumeCreateRequest (OMVolumeCreateRequest.java:validateAndUpdateCache(193)) - created volume:testcontainerstatemachinefailures for user:jenkins1000
2019-10-18 19:55:56,442 [main] INFO  rpc.RpcClient (RpcClient.java:createBucket(411)) - Creating Bucket: testcontainerstatemachinefailures/testcontainerstatemachinefailures, with Versioning false and Storage Type set to DISK and Encryption set to false 
2019-10-18 19:55:56,610 [main] INFO  impl.MetricsSystemImpl (MetricsSystemImpl.java:init(158)) - XceiverClientMetrics metrics system started (again)
2019-10-18 19:55:57,156 [Thread-181] INFO  container.ReplicationManager (ReplicationManager.java:start(162)) - Starting Replication Monitor Thread.
2019-10-18 19:55:57,158 [ReplicationMonitor] INFO  container.ReplicationManager (ReplicationManager.java:run(225)) - Replication Monitor Thread took 1 milliseconds for processing 1 containers.
2019-10-18 19:55:57,265 [Datanode State Machine Thread - 0] INFO  statemachine.DatanodeStateMachine (DatanodeStateMachine.java:lambda$startDaemon$0(350)) - Ozone container server started.
2019-10-18 19:56:02,185 [main] INFO  ozoneimpl.OzoneContainer (OzoneContainer.java:stop(227)) - Attempting to stop container services.
2019-10-18 19:56:02,186 [main] INFO  impl.RaftServerProxy (RaftServerProxy.java:lambda$close$4(314)) - 595ac112-eff6-4e35-b572-d6b1c4893b0f: close
2019-10-18 19:56:02,188 [main] INFO  impl.RaftServerImpl (RaftServerImpl.java:lambda$shutdown$3(261)) - 595ac112-eff6-4e35-b572-d6b1c4893b0f@group-7B64E6E68F81: shutdown
2019-10-18 19:56:02,188 [ForkJoinPool.commonPool-worker-0] INFO  impl.RaftServerImpl (RaftServerImpl.java:lambda$shutdown$3(261)) - 595ac112-eff6-4e35-b572-d6b1c4893b0f@group-E7C892FEB488: shutdown
2019-10-18 19:56:02,189 [main] INFO  util.JmxRegister (JmxRegister.java:unregister(73)) - Successfully un-registered JMX Bean with object name Ratis:service=RaftServer,group=group-7B64E6E68F81,id=595ac112-eff6-4e35-b572-d6b1c4893b0f
2019-10-18 19:56:02,189 [ForkJoinPool.commonPool-worker-0] INFO  util.JmxRegister (JmxRegister.java:unregister(73)) - Successfully un-registered JMX Bean with object name Ratis:service=RaftServer,group=group-E7C892FEB488,id=595ac112-eff6-4e35-b572-d6b1c4893b0f
2019-10-18 19:56:02,189 [main] INFO  impl.RoleInfo (RoleInfo.java:shutdownFollowerState(121)) - 595ac112-eff6-4e35-b572-d6b1c4893b0f: shutdown FollowerState
2019-10-18 19:56:02,190 [ForkJoinPool.commonPool-worker-0] INFO  impl.RoleInfo (RoleInfo.java:shutdownLeaderState(104)) - 595ac112-eff6-4e35-b572-d6b1c4893b0f: shutdown LeaderState
2019-10-18 19:56:02,190 [Thread-213] INFO  impl.FollowerState (FollowerState.java:run(117)) - 595ac112-eff6-4e35-b572-d6b1c4893b0f@group-7B64E6E68F81-FollowerState was interrupted: java.lang.InterruptedException: sleep interrupted
2019-10-18 19:56:02,190 [main] INFO  impl.StateMachineUpdater (StateMachineUpdater.java:stopAndJoin(136)) - 595ac112-eff6-4e35-b572-d6b1c4893b0f@group-7B64E6E68F81-StateMachineUpdater: set stopIndex = 4
2019-10-18 19:56:02,193 [595ac112-eff6-4e35-b572-d6b1c4893b0f@group-7B64E6E68F81-StateMachineUpdater] INFO  ratis.ContainerStateMachine (ContainerStateMachine.java:takeSnapshot(294)) - group-7B64E6E68F81: Taking a snapshot at:(t:1, i:3) file /workdir/hadoop-ozone/integration-test/target/test-dir/MiniOzoneClusterImpl-7f30148d-aede-4745-be18-888c5c6e9681/datanode-2/data/ratis/11bb0cf2-26ce-4402-a950-7b64e6e68f81/sm/snapshot.1_3
2019-10-18 19:56:02,194 [ForkJoinPool.commonPool-worker-0] INFO  impl.PendingRequests (PendingRequests.java:sendNotLeaderResponses(202)) - 595ac112-eff6-4e35-b572-d6b1c4893b0f@group-E7C892FEB488-PendingRequests: sendNotLeaderResponses
2019-10-18 19:56:02,196 [ForkJoinPool.commonPool-worker-0] INFO  impl.StateMachineUpdater (StateMachineUpdater.java:stopAndJoin(136)) - 595ac112-eff6-4e35-b572-d6b1c4893b0f@group-E7C892FEB488-StateMachineUpdater: set stopIndex = 0
2019-10-18 19:56:02,198 [ForkJoinPool.commonPool-worker-0] INFO  impl.RaftServerImpl (ServerState.java:close(388)) - 595ac112-eff6-4e35-b572-d6b1c4893b0f@group-E7C892FEB488: closes. applyIndex: 0
2019-10-18 19:56:02,201 [595ac112-eff6-4e35-b572-d6b1c4893b0f@group-E7C892FEB488-SegmentedRaftLogWorker] INFO  segmented.SegmentedRaftLogWorker (SegmentedRaftLogWorker.java:run(316)) - 595ac112-eff6-4e35-b572-d6b1c4893b0f@group-E7C892FEB488-SegmentedRaftLogWorker was interrupted, exiting. There are 0 tasks remaining in the queue.
2019-10-18 19:56:02,202 [ForkJoinPool.commonPool-worker-0] INFO  segmented.SegmentedRaftLogWorker (SegmentedRaftLogWorker.java:close(224)) - 595ac112-eff6-4e35-b572-d6b1c4893b0f@group-E7C892FEB488-SegmentedRaftLogWorker close()
2019-10-18 19:56:02,315 [595ac112-eff6-4e35-b572-d6b1c4893b0f@group-7B64E6E68F81-StateMachineUpdater] INFO  ratis.ContainerStateMachine (ContainerStateMachine.java:takeSnapshot(305)) - group-7B64E6E68F81: Finished taking a snapshot at:(t:1, i:3) file:/workdir/hadoop-ozone/integration-test/target/test-dir/MiniOzoneClusterImpl-7f30148d-aede-4745-be18-888c5c6e9681/datanode-2/data/ratis/11bb0cf2-26ce-4402-a950-7b64e6e68f81/sm/snapshot.1_3 time:125
2019-10-18 19:56:02,316 [595ac112-eff6-4e35-b572-d6b1c4893b0f@group-7B64E6E68F81-StateMachineUpdater] INFO  impl.StateMachineUpdater (StateMachineUpdater.java:takeSnapshot(269)) - 595ac112-eff6-4e35-b572-d6b1c4893b0f@group-7B64E6E68F81-StateMachineUpdater: Took a snapshot at index 3
2019-10-18 19:56:02,317 [595ac112-eff6-4e35-b572-d6b1c4893b0f@group-7B64E6E68F81-StateMachineUpdater] INFO  impl.StateMachineUpdater (StateMachineUpdater.java:lambda$new$0(84)) - 595ac112-eff6-4e35-b572-d6b1c4893b0f@group-7B64E6E68F81-StateMachineUpdater: snapshotIndex: updateIncreasingly -1 -> 3
2019-10-18 19:56:02,330 [595ac112-eff6-4e35-b572-d6b1c4893b0f@group-7B64E6E68F81-StateMachineUpdater] INFO  ratis.ContainerStateMachine (ContainerStateMachine.java:takeSnapshot(294)) - group-7B64E6E68F81: Taking a snapshot at:(t:1, i:3) file /workdir/hadoop-ozone/integration-test/target/test-dir/MiniOzoneClusterImpl-7f30148d-aede-4745-be18-888c5c6e9681/datanode-2/data/ratis/11bb0cf2-26ce-4402-a950-7b64e6e68f81/sm/snapshot.1_3
2019-10-18 19:56:02,353 [595ac112-eff6-4e35-b572-d6b1c4893b0f@group-7B64E6E68F81-StateMachineUpdater] INFO  ratis.ContainerStateMachine (ContainerStateMachine.java:takeSnapshot(305)) - group-7B64E6E68F81: Finished taking a snapshot at:(t:1, i:3) file:/workdir/hadoop-ozone/integration-test/target/test-dir/MiniOzoneClusterImpl-7f30148d-aede-4745-be18-888c5c6e9681/datanode-2/data/ratis/11bb0cf2-26ce-4402-a950-7b64e6e68f81/sm/snapshot.1_3 time:23
2019-10-18 19:56:02,353 [595ac112-eff6-4e35-b572-d6b1c4893b0f@group-7B64E6E68F81-StateMachineUpdater] INFO  impl.StateMachineUpdater (StateMachineUpdater.java:takeSnapshot(269)) - 595ac112-eff6-4e35-b572-d6b1c4893b0f@group-7B64E6E68F81-StateMachineUpdater: Took a snapshot at index 3
2019-10-18 19:56:02,353 [595ac112-eff6-4e35-b572-d6b1c4893b0f@group-7B64E6E68F81-StateMachineUpdater] INFO  impl.StateMachineUpdater (StateMachineUpdater.java:lambda$new$0(84)) - 595ac112-eff6-4e35-b572-d6b1c4893b0f@group-7B64E6E68F81-StateMachineUpdater: snapshotIndex: updateIncreasingly 3 -> 3
2019-10-18 19:56:02,354 [main] INFO  impl.RaftServerImpl (ServerState.java:close(388)) - 595ac112-eff6-4e35-b572-d6b1c4893b0f@group-7B64E6E68F81: closes. applyIndex: 4
2019-10-18 19:56:02,354 [595ac112-eff6-4e35-b572-d6b1c4893b0f@group-7B64E6E68F81-SegmentedRaftLogWorker] INFO  segmented.SegmentedRaftLogWorker (SegmentedRaftLogWorker.java:run(316)) - 595ac112-eff6-4e35-b572-d6b1c4893b0f@group-7B64E6E68F81-SegmentedRaftLogWorker was interrupted, exiting. There are 0 tasks remaining in the queue.
2019-10-18 19:56:02,355 [main] INFO  segmented.SegmentedRaftLogWorker (SegmentedRaftLogWorker.java:close(224)) - 595ac112-eff6-4e35-b572-d6b1c4893b0f@group-7B64E6E68F81-SegmentedRaftLogWorker close()
2019-10-18 19:56:02,357 [main] INFO  server.GrpcService (GrpcService.java:closeImpl(164)) - 595ac112-eff6-4e35-b572-d6b1c4893b0f: shutdown server with port 37460 now
2019-10-18 19:56:02,366 [main] INFO  server.GrpcService (GrpcService.java:closeImpl(172)) - 595ac112-eff6-4e35-b572-d6b1c4893b0f: shutdown server with port 37460 successfully
2019-10-18 19:56:02,366 [grpc-default-executor-1] WARN  server.GrpcServerProtocolService (LogUtils.java:warn(134)) - 595ac112-eff6-4e35-b572-d6b1c4893b0f: installSnapshot onError, lastRequest: d13c026a-6de7-468a-bcba-b5f9e5455386->595ac112-eff6-4e35-b572-d6b1c4893b0f#7-t1, previous=(t:1, i:4), leaderCommit=4, initializing? false, entries: <empty>: org.apache.ratis.thirdparty.io.grpc.StatusRuntimeException: CANCELLED: cancelled before receiving half close
2019-10-18 19:56:02,369 [grpc-default-executor-2] WARN  server.GrpcLogAppender (LogUtils.java:warn(134)) - d13c026a-6de7-468a-bcba-b5f9e5455386@group-7B64E6E68F81->595ac112-eff6-4e35-b572-d6b1c4893b0f-AppendLogResponseHandler: Failed appendEntries: org.apache.ratis.thirdparty.io.grpc.StatusRuntimeException: CANCELLED: HTTP/2 error code: CANCEL
Received Rst Stream
2019-10-18 19:56:02,370 [refreshUsed-/workdir/hadoop-ozone/integration-test/target/test-dir/MiniOzoneClusterImpl-7f30148d-aede-4745-be18-888c5c6e9681/datanode-2/data/containers] WARN  fs.CachingGetSpaceUsed (CachingGetSpaceUsed.java:run(183)) - Thread Interrupted waiting to refresh disk information: sleep interrupted
2019-10-18 19:56:02,393 [main] INFO  utils.BackgroundService (BackgroundService.java:shutdown(151)) - Shutting down service BlockDeletingService
2019-10-18 19:56:02,398 [main] INFO  statemachine.DatanodeStateMachine (DatanodeStateMachine.java:stopDaemon(395)) - Ozone container server stopped.
2019-10-18 19:56:02,403 [main] INFO  handler.ContextHandler (ContextHandler.java:doStop(910)) - Stopped o.e.j.w.WebAppContext@43e9089{/,null,UNAVAILABLE}{/hddsDatanode}
2019-10-18 19:56:02,409 [main] INFO  server.AbstractConnector (AbstractConnector.java:doStop(318)) - Stopped ServerConnector@3c5dbdf8{HTTP/1.1,[http/1.1]}{0.0.0.0:0}
2019-10-18 19:56:02,410 [main] INFO  handler.ContextHandler (ContextHandler.java:doStop(910)) - Stopped o.e.j.s.ServletContextHandler@433348bc{/static,jar:file:/home/user/.m2/repository/org/apache/hadoop/hadoop-hdds-container-service/0.5.0-SNAPSHOT/hadoop-hdds-container-service-0.5.0-SNAPSHOT.jar!/webapps/static,UNAVAILABLE}
2019-10-18 19:56:02,410 [main] INFO  handler.ContextHandler (ContextHandler.java:doStop(910)) - Stopped o.e.j.s.ServletContextHandler@5fa23c{/logs,file:///workdir/hadoop-ozone/integration-test/target/log,UNAVAILABLE}
2019-10-18 19:56:05,417 [java.util.concurrent.ThreadPoolExecutor$Worker@21220c2e[State = -1, empty queue]] WARN  server.GrpcLogAppender (GrpcLogAppender.java:timeoutAppendRequest(209)) - d13c026a-6de7-468a-bcba-b5f9e5455386@group-7B64E6E68F81->595ac112-eff6-4e35-b572-d6b1c4893b0f-GrpcLogAppender: appendEntries Timeout, request=d13c026a-6de7-468a-bcba-b5f9e5455386->595ac112-eff6-4e35-b572-d6b1c4893b0f#8-t1, previous=(t:1, i:4), leaderCommit=4, initializing? false, entries: size=1, first=(t:1, i:5), STATEMACHINELOGENTRY, client-B973F343C649, cid=8
2019-10-18 19:56:05,419 [java.util.concurrent.ThreadPoolExecutor$Worker@21220c2e[State = -1, empty queue]] WARN  server.GrpcLogAppender (GrpcLogAppender.java:timeoutAppendRequest(209)) - d13c026a-6de7-468a-bcba-b5f9e5455386@group-7B64E6E68F81->595ac112-eff6-4e35-b572-d6b1c4893b0f-GrpcLogAppender: appendEntries Timeout, request=d13c026a-6de7-468a-bcba-b5f9e5455386->595ac112-eff6-4e35-b572-d6b1c4893b0f#9-t1, previous=(t:1, i:5), leaderCommit=4, initializing? false, entries: size=1, first=(t:1, i:6), STATEMACHINELOGENTRY, client-B973F343C649, cid=9
2019-10-18 19:56:05,431 [java.util.concurrent.ThreadPoolExecutor$Worker@21220c2e[State = -1, empty queue]] WARN  server.GrpcLogAppender (GrpcLogAppender.java:timeoutAppendRequest(209)) - d13c026a-6de7-468a-bcba-b5f9e5455386@group-7B64E6E68F81->595ac112-eff6-4e35-b572-d6b1c4893b0f-GrpcLogAppender: appendEntries Timeout, request=d13c026a-6de7-468a-bcba-b5f9e5455386->595ac112-eff6-4e35-b572-d6b1c4893b0f#10-t1, previous=(t:1, i:6), leaderCommit=6, initializing? false, entries: size=1, first=(t:1, i:7), METADATAENTRY(c5)
2019-10-18 19:56:05,432 [java.util.concurrent.ThreadPoolExecutor$Worker@21220c2e[State = -1, empty queue]] WARN  server.GrpcLogAppender (GrpcLogAppender.java:timeoutAppendRequest(209)) - d13c026a-6de7-468a-bcba-b5f9e5455386@group-7B64E6E68F81->595ac112-eff6-4e35-b572-d6b1c4893b0f-GrpcLogAppender: appendEntries Timeout, request=d13c026a-6de7-468a-bcba-b5f9e5455386->595ac112-eff6-4e35-b572-d6b1c4893b0f#11-t1, previous=(t:1, i:7), leaderCommit=6, initializing? false, entries: size=1, first=(t:1, i:8), METADATAENTRY(c6)
2019-10-18 19:56:07,934 [java.util.concurrent.ThreadPoolExecutor$Worker@21220c2e[State = -1, empty queue]] WARN  server.GrpcLogAppender (GrpcLogAppender.java:timeoutAppendRequest(209)) - d13c026a-6de7-468a-bcba-b5f9e5455386@group-7B64E6E68F81->595ac112-eff6-4e35-b572-d6b1c4893b0f-GrpcLogAppender: appendEntries Timeout, request=d13c026a-6de7-468a-bcba-b5f9e5455386->595ac112-eff6-4e35-b572-d6b1c4893b0f#12-t1, previous=(t:1, i:8), leaderCommit=8, initializing? false, entries: <empty>
2019-10-18 19:56:10,436 [java.util.concurrent.ThreadPoolExecutor$Worker@21220c2e[State = -1, empty queue]] WARN  server.GrpcLogAppender (GrpcLogAppender.java:timeoutAppendRequest(209)) - d13c026a-6de7-468a-bcba-b5f9e5455386@group-7B64E6E68F81->595ac112-eff6-4e35-b572-d6b1c4893b0f-GrpcLogAppender: appendEntries Timeout, request=d13c026a-6de7-468a-bcba-b5f9e5455386->595ac112-eff6-4e35-b572-d6b1c4893b0f#13-t1, previous=(t:1, i:8), leaderCommit=8, initializing? false, entries: <empty>
2019-10-18 19:56:12,491 [Thread-285] INFO  client.GrpcClientProtocolService (GrpcClientProtocolService.java:lambda$processClientRequest$0(278)) - Failed RaftClientRequest:client-B973F343C649->652c9eaa-759b-40b5-a420-e649d7d5dbbd@group-7B64E6E68F81, cid=10, seq=0, Watch-ALL_COMMITTED(6), Message:<EMPTY>, reply=RaftClientReply:client-B973F343C649->652c9eaa-759b-40b5-a420-e649d7d5dbbd@group-7B64E6E68F81, cid=10, FAILED org.apache.ratis.protocol.NotLeaderException: Server 652c9eaa-759b-40b5-a420-e649d7d5dbbd@group-7B64E6E68F81 is not the leader d13c026a-6de7-468a-bcba-b5f9e5455386:192.168.34.13:41921, logIndex=0, commits[652c9eaa-759b-40b5-a420-e649d7d5dbbd:c8, d13c026a-6de7-468a-bcba-b5f9e5455386:c8, 595ac112-eff6-4e35-b572-d6b1c4893b0f:c4]
2019-10-18 19:56:12,759 [Thread-288] INFO  client.GrpcClientProtocolService (GrpcClientProtocolService.java:lambda$processClientRequest$0(278)) - Failed RaftClientRequest:client-B973F343C649->d13c026a-6de7-468a-bcba-b5f9e5455386@group-7B64E6E68F81, cid=10, seq=0, Watch-ALL_COMMITTED(6), Message:<EMPTY>, reply=RaftClientReply:client-B973F343C649->d13c026a-6de7-468a-bcba-b5f9e5455386@group-7B64E6E68F81, cid=10, FAILED org.apache.ratis.protocol.NotReplicatedException: Request with call Id 10 and log index 6 is not yet replicated to ALL_COMMITTED, logIndex=6, commits[d13c026a-6de7-468a-bcba-b5f9e5455386:c8, 652c9eaa-759b-40b5-a420-e649d7d5dbbd:c8, 595ac112-eff6-4e35-b572-d6b1c4893b0f:c4]
2019-10-18 19:56:12,940 [java.util.concurrent.ThreadPoolExecutor$Worker@21220c2e[State = -1, empty queue]] WARN  server.GrpcLogAppender (GrpcLogAppender.java:timeoutAppendRequest(209)) - d13c026a-6de7-468a-bcba-b5f9e5455386@group-7B64E6E68F81->595ac112-eff6-4e35-b572-d6b1c4893b0f-GrpcLogAppender: appendEntries Timeout, request=d13c026a-6de7-468a-bcba-b5f9e5455386->595ac112-eff6-4e35-b572-d6b1c4893b0f#14-t1, previous=(t:1, i:8), leaderCommit=8, initializing? false, entries: <empty>
2019-10-18 19:56:15,441 [java.util.concurrent.ThreadPoolExecutor$Worker@21220c2e[State = -1, empty queue]] WARN  server.GrpcLogAppender (GrpcLogAppender.java:timeoutAppendRequest(209)) - d13c026a-6de7-468a-bcba-b5f9e5455386@group-7B64E6E68F81->595ac112-eff6-4e35-b572-d6b1c4893b0f-GrpcLogAppender: appendEntries Timeout, request=d13c026a-6de7-468a-bcba-b5f9e5455386->595ac112-eff6-4e35-b572-d6b1c4893b0f#15-t1, previous=(t:1, i:8), leaderCommit=8, initializing? false, entries: <empty>
2019-10-18 19:56:17,942 [java.util.concurrent.ThreadPoolExecutor$Worker@21220c2e[State = -1, empty queue]] WARN  server.GrpcLogAppender (GrpcLogAppender.java:timeoutAppendRequest(209)) - d13c026a-6de7-468a-bcba-b5f9e5455386@group-7B64E6E68F81->595ac112-eff6-4e35-b572-d6b1c4893b0f-GrpcLogAppender: appendEntries Timeout, request=d13c026a-6de7-468a-bcba-b5f9e5455386->595ac112-eff6-4e35-b572-d6b1c4893b0f#16-t1, previous=(t:1, i:8), leaderCommit=8, initializing? false, entries: <empty>
2019-10-18 19:56:20,442 [java.util.concurrent.ThreadPoolExecutor$Worker@21220c2e[State = -1, empty queue]] WARN  server.GrpcLogAppender (GrpcLogAppender.java:timeoutAppendRequest(209)) - d13c026a-6de7-468a-bcba-b5f9e5455386@group-7B64E6E68F81->595ac112-eff6-4e35-b572-d6b1c4893b0f-GrpcLogAppender: appendEntries Timeout, request=d13c026a-6de7-468a-bcba-b5f9e5455386->595ac112-eff6-4e35-b572-d6b1c4893b0f#17-t1, previous=(t:1, i:8), leaderCommit=8, initializing? false, entries: <empty>
2019-10-18 19:56:21,523 [Thread-294] INFO  client.GrpcClientProtocolService (GrpcClientProtocolService.java:lambda$processClientRequest$0(278)) - Failed RaftClientRequest:client-B973F343C649->652c9eaa-759b-40b5-a420-e649d7d5dbbd@group-7B64E6E68F81, cid=10, seq=0, Watch-ALL_COMMITTED(6), Message:<EMPTY>, reply=RaftClientReply:client-B973F343C649->652c9eaa-759b-40b5-a420-e649d7d5dbbd@group-7B64E6E68F81, cid=10, FAILED org.apache.ratis.protocol.NotLeaderException: Server 652c9eaa-759b-40b5-a420-e649d7d5dbbd@group-7B64E6E68F81 is not the leader d13c026a-6de7-468a-bcba-b5f9e5455386:192.168.34.13:41921, logIndex=0, commits[652c9eaa-759b-40b5-a420-e649d7d5dbbd:c8, d13c026a-6de7-468a-bcba-b5f9e5455386:c8, 595ac112-eff6-4e35-b572-d6b1c4893b0f:c4]
2019-10-18 19:56:22,756 [Thread-298] INFO  client.GrpcClientProtocolService (GrpcClientProtocolService.java:lambda$processClientRequest$0(278)) - Failed RaftClientRequest:client-B973F343C649->d13c026a-6de7-468a-bcba-b5f9e5455386@group-7B64E6E68F81, cid=10, seq=0, Watch-ALL_COMMITTED(6), Message:<EMPTY>, reply=RaftClientReply:client-B973F343C649->d13c026a-6de7-468a-bcba-b5f9e5455386@group-7B64E6E68F81, cid=10, FAILED org.apache.ratis.protocol.NotReplicatedException: Request with call Id 10 and log index 6 is not yet replicated to ALL_COMMITTED, logIndex=6, commits[d13c026a-6de7-468a-bcba-b5f9e5455386:c8, 652c9eaa-759b-40b5-a420-e649d7d5dbbd:c8, 595ac112-eff6-4e35-b572-d6b1c4893b0f:c4]
2019-10-18 19:56:22,943 [java.util.concurrent.ThreadPoolExecutor$Worker@21220c2e[State = -1, empty queue]] WARN  server.GrpcLogAppender (GrpcLogAppender.java:timeoutAppendRequest(209)) - d13c026a-6de7-468a-bcba-b5f9e5455386@group-7B64E6E68F81->595ac112-eff6-4e35-b572-d6b1c4893b0f-GrpcLogAppender: appendEntries Timeout, request=d13c026a-6de7-468a-bcba-b5f9e5455386->595ac112-eff6-4e35-b572-d6b1c4893b0f#18-t1, previous=(t:1, i:8), leaderCommit=8, initializing? false, entries: <empty>
2019-10-18 19:56:25,444 [java.util.concurrent.ThreadPoolExecutor$Worker@21220c2e[State = -1, empty queue]] WARN  server.GrpcLogAppender (GrpcLogAppender.java:timeoutAppendRequest(209)) - d13c026a-6de7-468a-bcba-b5f9e5455386@group-7B64E6E68F81->595ac112-eff6-4e35-b572-d6b1c4893b0f-GrpcLogAppender: appendEntries Timeout, request=d13c026a-6de7-468a-bcba-b5f9e5455386->595ac112-eff6-4e35-b572-d6b1c4893b0f#19-t1, previous=(t:1, i:8), leaderCommit=8, initializing? false, entries: <empty>
2019-10-18 19:56:27,946 [java.util.concurrent.ThreadPoolExecutor$Worker@21220c2e[State = -1, empty queue]] WARN  server.GrpcLogAppender (GrpcLogAppender.java:timeoutAppendRequest(209)) - d13c026a-6de7-468a-bcba-b5f9e5455386@group-7B64E6E68F81->595ac112-eff6-4e35-b572-d6b1c4893b0f-GrpcLogAppender: appendEntries Timeout, request=d13c026a-6de7-468a-bcba-b5f9e5455386->595ac112-eff6-4e35-b572-d6b1c4893b0f#20-t1, previous=(t:1, i:8), leaderCommit=8, initializing? false, entries: <empty>
2019-10-18 19:56:30,447 [java.util.concurrent.ThreadPoolExecutor$Worker@21220c2e[State = -1, empty queue]] WARN  server.GrpcLogAppender (GrpcLogAppender.java:timeoutAppendRequest(209)) - d13c026a-6de7-468a-bcba-b5f9e5455386@group-7B64E6E68F81->595ac112-eff6-4e35-b572-d6b1c4893b0f-GrpcLogAppender: appendEntries Timeout, request=d13c026a-6de7-468a-bcba-b5f9e5455386->595ac112-eff6-4e35-b572-d6b1c4893b0f#21-t1, previous=(t:1, i:8), leaderCommit=8, initializing? false, entries: <empty>
2019-10-18 19:56:31,571 [Thread-306] INFO  client.GrpcClientProtocolService (GrpcClientProtocolService.java:lambda$processClientRequest$0(278)) - Failed RaftClientRequest:client-B973F343C649->652c9eaa-759b-40b5-a420-e649d7d5dbbd@group-7B64E6E68F81, cid=10, seq=0, Watch-ALL_COMMITTED(6), Message:<EMPTY>, reply=RaftClientReply:client-B973F343C649->652c9eaa-759b-40b5-a420-e649d7d5dbbd@group-7B64E6E68F81, cid=10, FAILED org.apache.ratis.protocol.NotLeaderException: Server 652c9eaa-759b-40b5-a420-e649d7d5dbbd@group-7B64E6E68F81 is not the leader d13c026a-6de7-468a-bcba-b5f9e5455386:192.168.34.13:41921, logIndex=0, commits[652c9eaa-759b-40b5-a420-e649d7d5dbbd:c8, d13c026a-6de7-468a-bcba-b5f9e5455386:c8, 595ac112-eff6-4e35-b572-d6b1c4893b0f:c4]
2019-10-18 19:56:31,755 [Thread-309] INFO  client.GrpcClientProtocolService (GrpcClientProtocolService.java:lambda$processClientRequest$0(278)) - Failed RaftClientRequest:client-B973F343C649->d13c026a-6de7-468a-bcba-b5f9e5455386@group-7B64E6E68F81, cid=10, seq=0, Watch-ALL_COMMITTED(6), Message:<EMPTY>, reply=RaftClientReply:client-B973F343C649->d13c026a-6de7-468a-bcba-b5f9e5455386@group-7B64E6E68F81, cid=10, FAILED org.apache.ratis.protocol.NotReplicatedException: Request with call Id 10 and log index 6 is not yet replicated to ALL_COMMITTED, logIndex=6, commits[d13c026a-6de7-468a-bcba-b5f9e5455386:c8, 652c9eaa-759b-40b5-a420-e649d7d5dbbd:c8, 595ac112-eff6-4e35-b572-d6b1c4893b0f:c4]
2019-10-18 19:56:32,447 [main] WARN  scm.XceiverClientRatis (XceiverClientRatis.java:watchForCommit(277)) - 3 way commit failed on pipeline Pipeline[ Id: 11bb0cf2-26ce-4402-a950-7b64e6e68f81, Nodes: 652c9eaa-759b-40b5-a420-e649d7d5dbbd{ip: 192.168.34.13, host: pr-hdds-2310-hfl48-2231614471, networkLocation: /default-rack, certSerialId: null}d13c026a-6de7-468a-bcba-b5f9e5455386{ip: 192.168.34.13, host: pr-hdds-2310-hfl48-2231614471, networkLocation: /default-rack, certSerialId: null}595ac112-eff6-4e35-b572-d6b1c4893b0f{ip: 192.168.34.13, host: pr-hdds-2310-hfl48-2231614471, networkLocation: /default-rack, certSerialId: null}, Type:RATIS, Factor:THREE, State:OPEN]
java.util.concurrent.TimeoutException
	at java.util.concurrent.CompletableFuture.timedGet(CompletableFuture.java:1771)
	at java.util.concurrent.CompletableFuture.get(CompletableFuture.java:1915)
	at org.apache.hadoop.hdds.scm.XceiverClientRatis.watchForCommit(XceiverClientRatis.java:274)
	at org.apache.hadoop.hdds.scm.storage.CommitWatcher.watchForCommit(CommitWatcher.java:198)
	at org.apache.hadoop.hdds.scm.storage.CommitWatcher.watchOnLastIndex(CommitWatcher.java:161)
	at org.apache.hadoop.hdds.scm.storage.BlockOutputStream.watchForCommit(BlockOutputStream.java:346)
	at org.apache.hadoop.hdds.scm.storage.BlockOutputStream.handleFlush(BlockOutputStream.java:482)
	at org.apache.hadoop.hdds.scm.storage.BlockOutputStream.close(BlockOutputStream.java:496)
	at org.apache.hadoop.ozone.client.io.BlockOutputStreamEntry.close(BlockOutputStreamEntry.java:143)
	at org.apache.hadoop.ozone.client.io.KeyOutputStream.handleFlushOrClose(KeyOutputStream.java:435)
	at org.apache.hadoop.ozone.client.io.KeyOutputStream.close(KeyOutputStream.java:473)
	at org.apache.hadoop.ozone.client.io.OzoneOutputStream.close(OzoneOutputStream.java:60)
	at org.apache.hadoop.ozone.client.rpc.TestDeleteWithSlowFollower.testDeleteKeyWithSlowFollower(TestDeleteWithSlowFollower.java:193)
	at sun.reflect.NativeMethodAccessorImpl.invoke0(Native Method)
	at sun.reflect.NativeMethodAccessorImpl.invoke(NativeMethodAccessorImpl.java:62)
	at sun.reflect.DelegatingMethodAccessorImpl.invoke(DelegatingMethodAccessorImpl.java:43)
	at java.lang.reflect.Method.invoke(Method.java:498)
	at org.junit.runners.model.FrameworkMethod$1.runReflectiveCall(FrameworkMethod.java:47)
	at org.junit.internal.runners.model.ReflectiveCallable.run(ReflectiveCallable.java:12)
	at org.junit.runners.model.FrameworkMethod.invokeExplosively(FrameworkMethod.java:44)
	at org.junit.internal.runners.statements.InvokeMethod.evaluate(InvokeMethod.java:17)
	at org.junit.runners.ParentRunner.runLeaf(ParentRunner.java:271)
	at org.junit.runners.BlockJUnit4ClassRunner.runChild(BlockJUnit4ClassRunner.java:70)
	at org.junit.runners.BlockJUnit4ClassRunner.runChild(BlockJUnit4ClassRunner.java:50)
	at org.junit.runners.ParentRunner$3.run(ParentRunner.java:238)
	at org.junit.runners.ParentRunner$1.schedule(ParentRunner.java:63)
	at org.junit.runners.ParentRunner.runChildren(ParentRunner.java:236)
	at org.junit.runners.ParentRunner.access$000(ParentRunner.java:53)
	at org.junit.runners.ParentRunner$2.evaluate(ParentRunner.java:229)
	at org.junit.internal.runners.statements.RunBefores.evaluate(RunBefores.java:26)
	at org.junit.internal.runners.statements.RunAfters.evaluate(RunAfters.java:27)
	at org.junit.runners.ParentRunner.run(ParentRunner.java:309)
	at org.apache.maven.surefire.junit4.JUnit4Provider.execute(JUnit4Provider.java:365)
	at org.apache.maven.surefire.junit4.JUnit4Provider.executeWithRerun(JUnit4Provider.java:273)
	at org.apache.maven.surefire.junit4.JUnit4Provider.executeTestSet(JUnit4Provider.java:238)
	at org.apache.maven.surefire.junit4.JUnit4Provider.invoke(JUnit4Provider.java:159)
	at org.apache.maven.surefire.booter.ForkedBooter.invokeProviderInSameClassLoader(ForkedBooter.java:384)
	at org.apache.maven.surefire.booter.ForkedBooter.runSuitesInProcess(ForkedBooter.java:345)
	at org.apache.maven.surefire.booter.ForkedBooter.execute(ForkedBooter.java:126)
	at org.apache.maven.surefire.booter.ForkedBooter.main(ForkedBooter.java:418)
2019-10-18 19:56:32,463 [main] INFO  scm.XceiverClientRatis (XceiverClientRatis.java:lambda$watchForCommit$5(295)) - Could not commit index 6 on pipeline Pipeline[ Id: 11bb0cf2-26ce-4402-a950-7b64e6e68f81, Nodes: 652c9eaa-759b-40b5-a420-e649d7d5dbbd{ip: 192.168.34.13, host: pr-hdds-2310-hfl48-2231614471, networkLocation: /default-rack, certSerialId: null}d13c026a-6de7-468a-bcba-b5f9e5455386{ip: 192.168.34.13, host: pr-hdds-2310-hfl48-2231614471, networkLocation: /default-rack, certSerialId: null}595ac112-eff6-4e35-b572-d6b1c4893b0f{ip: 192.168.34.13, host: pr-hdds-2310-hfl48-2231614471, networkLocation: /default-rack, certSerialId: null}, Type:RATIS, Factor:THREE, State:OPEN] to all the nodes. Server 595ac112-eff6-4e35-b572-d6b1c4893b0f has failed. Committed by majority.
2019-10-18 19:56:32,464 [main] WARN  storage.BlockOutputStream (BlockOutputStream.java:watchForCommit(352)) - Failed to commit BlockId conID: 1 locID: 102985141880553472 bcsId: 6 on Pipeline[ Id: 11bb0cf2-26ce-4402-a950-7b64e6e68f81, Nodes: 652c9eaa-759b-40b5-a420-e649d7d5dbbd{ip: 192.168.34.13, host: pr-hdds-2310-hfl48-2231614471, networkLocation: /default-rack, certSerialId: null}d13c026a-6de7-468a-bcba-b5f9e5455386{ip: 192.168.34.13, host: pr-hdds-2310-hfl48-2231614471, networkLocation: /default-rack, certSerialId: null}595ac112-eff6-4e35-b572-d6b1c4893b0f{ip: 192.168.34.13, host: pr-hdds-2310-hfl48-2231614471, networkLocation: /default-rack, certSerialId: null}, Type:RATIS, Factor:THREE, State:OPEN]. Failed nodes: [595ac112-eff6-4e35-b572-d6b1c4893b0f{ip: null, host: null, networkLocation: /default-rack, certSerialId: null}]
2019-10-18 19:56:32,571 [EventQueue-IncrementalContainerReportForIncrementalContainerReportHandler] WARN  container.IncrementalContainerReportHandler (AbstractContainerReportHandler.java:updateContainerState(145)) - Container #1 is in OPEN state, but the datanode d13c026a-6de7-468a-bcba-b5f9e5455386{ip: 192.168.34.13, host: pr-hdds-2310-hfl48-2231614471, networkLocation: /default-rack, certSerialId: null} reports an CLOSING replica.
2019-10-18 19:56:32,581 [RatisApplyTransactionExecutor 1] INFO  interfaces.Container (KeyValueContainer.java:flushAndSyncDB(386)) - Container 1 is synced with bcsId 6.
2019-10-18 19:56:32,582 [RatisApplyTransactionExecutor 1] INFO  interfaces.Container (KeyValueContainer.java:flushAndSyncDB(386)) - Container 1 is synced with bcsId 6.
2019-10-18 19:56:32,605 [RatisApplyTransactionExecutor 1] INFO  interfaces.Container (KeyValueContainer.java:close(335)) - Container 1 is closed with bcsId 6.
2019-10-18 19:56:32,608 [EventQueue-IncrementalContainerReportForIncrementalContainerReportHandler] WARN  container.IncrementalContainerReportHandler (AbstractContainerReportHandler.java:updateContainerState(145)) - Container #1 is in OPEN state, but the datanode d13c026a-6de7-468a-bcba-b5f9e5455386{ip: 192.168.34.13, host: pr-hdds-2310-hfl48-2231614471, networkLocation: /default-rack, certSerialId: null} reports an CLOSED replica.
2019-10-18 19:56:32,609 [EventQueue-IncrementalContainerReportForIncrementalContainerReportHandler] WARN  container.IncrementalContainerReportHandler (AbstractContainerReportHandler.java:updateContainerState(145)) - Container #1 is in OPEN state, but the datanode 652c9eaa-759b-40b5-a420-e649d7d5dbbd{ip: 192.168.34.13, host: pr-hdds-2310-hfl48-2231614471, networkLocation: /default-rack, certSerialId: null} reports an CLOSING replica.
2019-10-18 19:56:32,617 [RatisApplyTransactionExecutor 1] INFO  interfaces.Container (KeyValueContainer.java:flushAndSyncDB(386)) - Container 1 is synced with bcsId 6.
2019-10-18 19:56:32,618 [RatisApplyTransactionExecutor 1] INFO  interfaces.Container (KeyValueContainer.java:flushAndSyncDB(386)) - Container 1 is synced with bcsId 6.
2019-10-18 19:56:32,644 [RatisApplyTransactionExecutor 1] INFO  interfaces.Container (KeyValueContainer.java:close(335)) - Container 1 is closed with bcsId 6.
2019-10-18 19:56:32,646 [EventQueue-IncrementalContainerReportForIncrementalContainerReportHandler] WARN  container.IncrementalContainerReportHandler (AbstractContainerReportHandler.java:updateContainerState(145)) - Container #1 is in OPEN state, but the datanode 652c9eaa-759b-40b5-a420-e649d7d5dbbd{ip: 192.168.34.13, host: pr-hdds-2310-hfl48-2231614471, networkLocation: /default-rack, certSerialId: null} reports an CLOSED replica.
2019-10-18 19:56:32,847 [EventQueue-ContainerReportForContainerReportHandler] WARN  container.ContainerReportHandler (AbstractContainerReportHandler.java:updateContainerState(145)) - Container #1 is in OPEN state, but the datanode 652c9eaa-759b-40b5-a420-e649d7d5dbbd{ip: 192.168.34.13, host: pr-hdds-2310-hfl48-2231614471, networkLocation: /default-rack, certSerialId: null} reports an CLOSED replica.
2019-10-18 19:56:32,953 [java.util.concurrent.ThreadPoolExecutor$Worker@21220c2e[State = -1, empty queue]] WARN  server.GrpcLogAppender (GrpcLogAppender.java:timeoutAppendRequest(209)) - d13c026a-6de7-468a-bcba-b5f9e5455386@group-7B64E6E68F81->595ac112-eff6-4e35-b572-d6b1c4893b0f-GrpcLogAppender: appendEntries Timeout, request=d13c026a-6de7-468a-bcba-b5f9e5455386->595ac112-eff6-4e35-b572-d6b1c4893b0f#22-t1, previous=(t:1, i:8), leaderCommit=8, initializing? false, entries: <empty>
2019-10-18 19:56:33,007 [EventQueue-ContainerReportForContainerReportHandler] WARN  container.ContainerReportHandler (AbstractContainerReportHandler.java:updateContainerState(145)) - Container #1 is in OPEN state, but the datanode d13c026a-6de7-468a-bcba-b5f9e5455386{ip: 192.168.34.13, host: pr-hdds-2310-hfl48-2231614471, networkLocation: /default-rack, certSerialId: null} reports an CLOSED replica.
2019-10-18 19:56:33,048 [EventQueue-ContainerReportForContainerReportHandler] WARN  container.ContainerReportHandler (AbstractContainerReportHandler.java:updateContainerState(145)) - Container #1 is in OPEN state, but the datanode 652c9eaa-759b-40b5-a420-e649d7d5dbbd{ip: 192.168.34.13, host: pr-hdds-2310-hfl48-2231614471, networkLocation: /default-rack, certSerialId: null} reports an CLOSED replica.
2019-10-18 19:56:33,237 [IPC Server handler 0 on 45183] INFO  server.SCMBlockProtocolServer (SCMBlockProtocolServer.java:deleteKeyBlocks(212)) - SCM is informed by OM to delete 1 blocks
2019-10-18 19:56:33,237 [IPC Server handler 0 on 45183] INFO  block.BlockManagerImpl (BlockManagerImpl.java:deleteBlocks(285)) - Deleting blocks conID: 1 locID: 102985141880553472 bcsId: 0
2019-10-18 19:56:33,307 [EventQueue-ContainerReportForContainerReportHandler] WARN  container.ContainerReportHandler (AbstractContainerReportHandler.java:updateContainerState(145)) - Container #1 is in OPEN state, but the datanode d13c026a-6de7-468a-bcba-b5f9e5455386{ip: 192.168.34.13, host: pr-hdds-2310-hfl48-2231614471, networkLocation: /default-rack, certSerialId: null} reports an CLOSED replica.
2019-10-18 19:56:33,348 [EventQueue-ContainerReportForContainerReportHandler] WARN  container.ContainerReportHandler (AbstractContainerReportHandler.java:updateContainerState(145)) - Container #1 is in OPEN state, but the datanode 652c9eaa-759b-40b5-a420-e649d7d5dbbd{ip: 192.168.34.13, host: pr-hdds-2310-hfl48-2231614471, networkLocation: /default-rack, certSerialId: null} reports an CLOSED replica.
2019-10-18 19:56:33,522 [BlockDeletingService#2] WARN  background.BlockDeletingService (BlockDeletingService.java:isDeletionAllowed(187)) - Close Container log Index 6 is not replicated across allthe servers in the pipeline 11bb0cf2-26ce-4402-a950-7b64e6e68f81 as the min replicated index is 4. Deletion is not allowed in this container yet.
2019-10-18 19:56:33,524 [BlockDeletingService#2] WARN  background.BlockDeletingService (BlockDeletingService.java:isDeletionAllowed(187)) - Close Container log Index 6 is not replicated across allthe servers in the pipeline 11bb0cf2-26ce-4402-a950-7b64e6e68f81 as the min replicated index is 4. Deletion is not allowed in this container yet.
2019-10-18 19:56:33,648 [EventQueue-ContainerReportForContainerReportHandler] WARN  container.ContainerReportHandler (AbstractContainerReportHandler.java:updateContainerState(145)) - Container #1 is in OPEN state, but the datanode 652c9eaa-759b-40b5-a420-e649d7d5dbbd{ip: 192.168.34.13, host: pr-hdds-2310-hfl48-2231614471, networkLocation: /default-rack, certSerialId: null} reports an CLOSED replica.
2019-10-18 19:56:33,708 [EventQueue-ContainerReportForContainerReportHandler] WARN  container.ContainerReportHandler (AbstractContainerReportHandler.java:updateContainerState(145)) - Container #1 is in OPEN state, but the datanode d13c026a-6de7-468a-bcba-b5f9e5455386{ip: 192.168.34.13, host: pr-hdds-2310-hfl48-2231614471, networkLocation: /default-rack, certSerialId: null} reports an CLOSED replica.
2019-10-18 19:56:34,008 [EventQueue-ContainerReportForContainerReportHandler] WARN  container.ContainerReportHandler (AbstractContainerReportHandler.java:updateContainerState(145)) - Container #1 is in OPEN state, but the datanode d13c026a-6de7-468a-bcba-b5f9e5455386{ip: 192.168.34.13, host: pr-hdds-2310-hfl48-2231614471, networkLocation: /default-rack, certSerialId: null} reports an CLOSED replica.
2019-10-18 19:56:34,047 [EventQueue-ContainerReportForContainerReportHandler] WARN  container.ContainerReportHandler (AbstractContainerReportHandler.java:updateContainerState(145)) - Container #1 is in OPEN state, but the datanode 652c9eaa-759b-40b5-a420-e649d7d5dbbd{ip: 192.168.34.13, host: pr-hdds-2310-hfl48-2231614471, networkLocation: /default-rack, certSerialId: null} reports an CLOSED replica.
2019-10-18 19:56:34,248 [EventQueue-ContainerReportForContainerReportHandler] WARN  container.ContainerReportHandler (AbstractContainerReportHandler.java:updateContainerState(145)) - Container #1 is in OPEN state, but the datanode 652c9eaa-759b-40b5-a420-e649d7d5dbbd{ip: 192.168.34.13, host: pr-hdds-2310-hfl48-2231614471, networkLocation: /default-rack, certSerialId: null} reports an CLOSED replica.
2019-10-18 19:56:34,308 [EventQueue-ContainerReportForContainerReportHandler] WARN  container.ContainerReportHandler (AbstractContainerReportHandler.java:updateContainerState(145)) - Container #1 is in OPEN state, but the datanode d13c026a-6de7-468a-bcba-b5f9e5455386{ip: 192.168.34.13, host: pr-hdds-2310-hfl48-2231614471, networkLocation: /default-rack, certSerialId: null} reports an CLOSED replica.
2019-10-18 19:56:34,523 [BlockDeletingService#2] WARN  background.BlockDeletingService (BlockDeletingService.java:isDeletionAllowed(187)) - Close Container log Index 6 is not replicated across allthe servers in the pipeline 11bb0cf2-26ce-4402-a950-7b64e6e68f81 as the min replicated index is 4. Deletion is not allowed in this container yet.
2019-10-18 19:56:34,527 [BlockDeletingService#2] WARN  background.BlockDeletingService (BlockDeletingService.java:isDeletionAllowed(187)) - Close Container log Index 6 is not replicated across allthe servers in the pipeline 11bb0cf2-26ce-4402-a950-7b64e6e68f81 as the min replicated index is 4. Deletion is not allowed in this container yet.
2019-10-18 19:56:34,548 [EventQueue-ContainerReportForContainerReportHandler] WARN  container.ContainerReportHandler (AbstractContainerReportHandler.java:updateContainerState(145)) - Container #1 is in OPEN state, but the datanode 652c9eaa-759b-40b5-a420-e649d7d5dbbd{ip: 192.168.34.13, host: pr-hdds-2310-hfl48-2231614471, networkLocation: /default-rack, certSerialId: null} reports an CLOSED replica.
2019-10-18 19:56:34,608 [EventQueue-ContainerReportForContainerReportHandler] WARN  container.ContainerReportHandler (AbstractContainerReportHandler.java:updateContainerState(145)) - Container #1 is in OPEN state, but the datanode d13c026a-6de7-468a-bcba-b5f9e5455386{ip: 192.168.34.13, host: pr-hdds-2310-hfl48-2231614471, networkLocation: /default-rack, certSerialId: null} reports an CLOSED replica.
2019-10-18 19:56:34,910 [EventQueue-ContainerReportForContainerReportHandler] WARN  container.ContainerReportHandler (AbstractContainerReportHandler.java:updateContainerState(145)) - Container #1 is in OPEN state, but the datanode d13c026a-6de7-468a-bcba-b5f9e5455386{ip: 192.168.34.13, host: pr-hdds-2310-hfl48-2231614471, networkLocation: /default-rack, certSerialId: null} reports an CLOSED replica.
2019-10-18 19:56:34,948 [EventQueue-ContainerReportForContainerReportHandler] WARN  container.ContainerReportHandler (AbstractContainerReportHandler.java:updateContainerState(145)) - Container #1 is in OPEN state, but the datanode 652c9eaa-759b-40b5-a420-e649d7d5dbbd{ip: 192.168.34.13, host: pr-hdds-2310-hfl48-2231614471, networkLocation: /default-rack, certSerialId: null} reports an CLOSED replica.
2019-10-18 19:56:35,248 [EventQueue-ContainerReportForContainerReportHandler] WARN  container.ContainerReportHandler (AbstractContainerReportHandler.java:updateContainerState(145)) - Container #1 is in OPEN state, but the datanode 652c9eaa-759b-40b5-a420-e649d7d5dbbd{ip: 192.168.34.13, host: pr-hdds-2310-hfl48-2231614471, networkLocation: /default-rack, certSerialId: null} reports an CLOSED replica.
2019-10-18 19:56:35,311 [EventQueue-ContainerReportForContainerReportHandler] WARN  container.ContainerReportHandler (AbstractContainerReportHandler.java:updateContainerState(145)) - Container #1 is in OPEN state, but the datanode d13c026a-6de7-468a-bcba-b5f9e5455386{ip: 192.168.34.13, host: pr-hdds-2310-hfl48-2231614471, networkLocation: /default-rack, certSerialId: null} reports an CLOSED replica.
2019-10-18 19:56:35,455 [java.util.concurrent.ThreadPoolExecutor$Worker@21220c2e[State = -1, empty queue]] WARN  server.GrpcLogAppender (GrpcLogAppender.java:timeoutAppendRequest(209)) - d13c026a-6de7-468a-bcba-b5f9e5455386@group-7B64E6E68F81->595ac112-eff6-4e35-b572-d6b1c4893b0f-GrpcLogAppender: appendEntries Timeout, request=d13c026a-6de7-468a-bcba-b5f9e5455386->595ac112-eff6-4e35-b572-d6b1c4893b0f#23-t1, previous=(t:1, i:8), leaderCommit=8, initializing? false, entries: <empty>
2019-10-18 19:56:35,511 [EventQueue-ContainerReportForContainerReportHandler] WARN  container.ContainerReportHandler (AbstractContainerReportHandler.java:updateContainerState(145)) - Container #1 is in OPEN state, but the datanode d13c026a-6de7-468a-bcba-b5f9e5455386{ip: 192.168.34.13, host: pr-hdds-2310-hfl48-2231614471, networkLocation: /default-rack, certSerialId: null} reports an CLOSED replica.
2019-10-18 19:56:35,525 [BlockDeletingService#2] WARN  background.BlockDeletingService (BlockDeletingService.java:isDeletionAllowed(187)) - Close Container log Index 6 is not replicated across allthe servers in the pipeline 11bb0cf2-26ce-4402-a950-7b64e6e68f81 as the min replicated index is 4. Deletion is not allowed in this container yet.
2019-10-18 19:56:35,528 [BlockDeletingService#2] WARN  background.BlockDeletingService (BlockDeletingService.java:isDeletionAllowed(187)) - Close Container log Index 6 is not replicated across allthe servers in the pipeline 11bb0cf2-26ce-4402-a950-7b64e6e68f81 as the min replicated index is 4. Deletion is not allowed in this container yet.
2019-10-18 19:56:35,532 [java.util.concurrent.ThreadPoolExecutor$Worker@21220c2e[State = -1, empty queue]] WARN  server.GrpcLogAppender (GrpcLogAppender.java:timeoutAppendRequest(209)) - d13c026a-6de7-468a-bcba-b5f9e5455386@group-7B64E6E68F81->595ac112-eff6-4e35-b572-d6b1c4893b0f-GrpcLogAppender: appendEntries Timeout, request=d13c026a-6de7-468a-bcba-b5f9e5455386->595ac112-eff6-4e35-b572-d6b1c4893b0f#24-t1, previous=(t:1, i:8), leaderCommit=8, initializing? false, entries: size=1, first=(t:1, i:9), STATEMACHINELOGENTRY, client-A751BC5C5476, cid=12
2019-10-18 19:56:35,546 [java.util.concurrent.ThreadPoolExecutor$Worker@21220c2e[State = -1, empty queue]] WARN  server.GrpcLogAppender (GrpcLogAppender.java:timeoutAppendRequest(209)) - d13c026a-6de7-468a-bcba-b5f9e5455386@group-7B64E6E68F81->595ac112-eff6-4e35-b572-d6b1c4893b0f-GrpcLogAppender: appendEntries Timeout, request=d13c026a-6de7-468a-bcba-b5f9e5455386->595ac112-eff6-4e35-b572-d6b1c4893b0f#25-t1, previous=(t:1, i:9), leaderCommit=9, initializing? false, entries: size=1, first=(t:1, i:10), METADATAENTRY(c9)
2019-10-18 19:56:35,549 [EventQueue-ContainerReportForContainerReportHandler] WARN  container.ContainerReportHandler (AbstractContainerReportHandler.java:updateContainerState(145)) - Container #1 is in OPEN state, but the datanode 652c9eaa-759b-40b5-a420-e649d7d5dbbd{ip: 192.168.34.13, host: pr-hdds-2310-hfl48-2231614471, networkLocation: /default-rack, certSerialId: null} reports an CLOSED replica.
2019-10-18 19:56:35,850 [EventQueue-ContainerReportForContainerReportHandler] WARN  container.ContainerReportHandler (AbstractContainerReportHandler.java:updateContainerState(145)) - Container #1 is in OPEN state, but the datanode 652c9eaa-759b-40b5-a420-e649d7d5dbbd{ip: 192.168.34.13, host: pr-hdds-2310-hfl48-2231614471, networkLocation: /default-rack, certSerialId: null} reports an CLOSED replica.
2019-10-18 19:56:35,914 [EventQueue-ContainerReportForContainerReportHandler] WARN  container.ContainerReportHandler (AbstractContainerReportHandler.java:updateContainerState(145)) - Container #1 is in OPEN state, but the datanode d13c026a-6de7-468a-bcba-b5f9e5455386{ip: 192.168.34.13, host: pr-hdds-2310-hfl48-2231614471, networkLocation: /default-rack, certSerialId: null} reports an CLOSED replica.
2019-10-18 19:56:36,150 [EventQueue-ContainerReportForContainerReportHandler] WARN  container.ContainerReportHandler (AbstractContainerReportHandler.java:updateContainerState(145)) - Container #1 is in OPEN state, but the datanode 652c9eaa-759b-40b5-a420-e649d7d5dbbd{ip: 192.168.34.13, host: pr-hdds-2310-hfl48-2231614471, networkLocation: /default-rack, certSerialId: null} reports an CLOSED replica.
2019-10-18 19:56:36,314 [EventQueue-ContainerReportForContainerReportHandler] WARN  container.ContainerReportHandler (AbstractContainerReportHandler.java:updateContainerState(145)) - Container #1 is in OPEN state, but the datanode d13c026a-6de7-468a-bcba-b5f9e5455386{ip: 192.168.34.13, host: pr-hdds-2310-hfl48-2231614471, networkLocation: /default-rack, certSerialId: null} reports an CLOSED replica.
2019-10-18 19:56:36,451 [EventQueue-ContainerReportForContainerReportHandler] WARN  container.ContainerReportHandler (AbstractContainerReportHandler.java:updateContainerState(145)) - Container #1 is in OPEN state, but the datanode 652c9eaa-759b-40b5-a420-e649d7d5dbbd{ip: 192.168.34.13, host: pr-hdds-2310-hfl48-2231614471, networkLocation: /default-rack, certSerialId: null} reports an CLOSED replica.
2019-10-18 19:56:36,529 [BlockDeletingService#2] WARN  background.BlockDeletingService (BlockDeletingService.java:isDeletionAllowed(187)) - Close Container log Index 6 is not replicated across allthe servers in the pipeline 11bb0cf2-26ce-4402-a950-7b64e6e68f81 as the min replicated index is 4. Deletion is not allowed in this container yet.
2019-10-18 19:56:36,534 [BlockDeletingService#2] WARN  background.BlockDeletingService (BlockDeletingService.java:isDeletionAllowed(187)) - Close Container log Index 6 is not replicated across allthe servers in the pipeline 11bb0cf2-26ce-4402-a950-7b64e6e68f81 as the min replicated index is 4. Deletion is not allowed in this container yet.
2019-10-18 19:56:36,614 [EventQueue-ContainerReportForContainerReportHandler] WARN  container.ContainerReportHandler (AbstractContainerReportHandler.java:updateContainerState(145)) - Container #1 is in OPEN state, but the datanode d13c026a-6de7-468a-bcba-b5f9e5455386{ip: 192.168.34.13, host: pr-hdds-2310-hfl48-2231614471, networkLocation: /default-rack, certSerialId: null} reports an CLOSED replica.
2019-10-18 19:56:36,814 [EventQueue-ContainerReportForContainerReportHandler] WARN  container.ContainerReportHandler (AbstractContainerReportHandler.java:updateContainerState(145)) - Container #1 is in OPEN state, but the datanode d13c026a-6de7-468a-bcba-b5f9e5455386{ip: 192.168.34.13, host: pr-hdds-2310-hfl48-2231614471, networkLocation: /default-rack, certSerialId: null} reports an CLOSED replica.
2019-10-18 19:56:36,851 [EventQueue-ContainerReportForContainerReportHandler] WARN  container.ContainerReportHandler (AbstractContainerReportHandler.java:updateContainerState(145)) - Container #1 is in OPEN state, but the datanode 652c9eaa-759b-40b5-a420-e649d7d5dbbd{ip: 192.168.34.13, host: pr-hdds-2310-hfl48-2231614471, networkLocation: /default-rack, certSerialId: null} reports an CLOSED replica.
2019-10-18 19:56:37,015 [EventQueue-ContainerReportForContainerReportHandler] WARN  container.ContainerReportHandler (AbstractContainerReportHandler.java:updateContainerState(145)) - Container #1 is in OPEN state, but the datanode d13c026a-6de7-468a-bcba-b5f9e5455386{ip: 192.168.34.13, host: pr-hdds-2310-hfl48-2231614471, networkLocation: /default-rack, certSerialId: null} reports an CLOSED replica.
2019-10-18 19:56:37,254 [EventQueue-ContainerReportForContainerReportHandler] WARN  container.ContainerReportHandler (AbstractContainerReportHandler.java:updateContainerState(145)) - Container #1 is in OPEN state, but the datanode 652c9eaa-759b-40b5-a420-e649d7d5dbbd{ip: 192.168.34.13, host: pr-hdds-2310-hfl48-2231614471, networkLocation: /default-rack, certSerialId: null} reports an CLOSED replica.
2019-10-18 19:56:37,417 [EventQueue-ContainerReportForContainerReportHandler] WARN  container.ContainerReportHandler (AbstractContainerReportHandler.java:updateContainerState(145)) - Container #1 is in OPEN state, but the datanode d13c026a-6de7-468a-bcba-b5f9e5455386{ip: 192.168.34.13, host: pr-hdds-2310-hfl48-2231614471, networkLocation: /default-rack, certSerialId: null} reports an CLOSED replica.
2019-10-18 19:56:37,455 [EventQueue-ContainerReportForContainerReportHandler] WARN  container.ContainerReportHandler (AbstractContainerReportHandler.java:updateContainerState(145)) - Container #1 is in OPEN state, but the datanode 652c9eaa-759b-40b5-a420-e649d7d5dbbd{ip: 192.168.34.13, host: pr-hdds-2310-hfl48-2231614471, networkLocation: /default-rack, certSerialId: null} reports an CLOSED replica.
2019-10-18 19:56:37,537 [BlockDeletingService#2] WARN  background.BlockDeletingService (BlockDeletingService.java:isDeletionAllowed(187)) - Close Container log Index 6 is not replicated across allthe servers in the pipeline 11bb0cf2-26ce-4402-a950-7b64e6e68f81 as the min replicated index is 4. Deletion is not allowed in this container yet.
2019-10-18 19:56:37,537 [BlockDeletingService#2] WARN  background.BlockDeletingService (BlockDeletingService.java:isDeletionAllowed(187)) - Close Container log Index 6 is not replicated across allthe servers in the pipeline 11bb0cf2-26ce-4402-a950-7b64e6e68f81 as the min replicated index is 4. Deletion is not allowed in this container yet.
2019-10-18 19:56:37,717 [EventQueue-ContainerReportForContainerReportHandler] WARN  container.ContainerReportHandler (AbstractContainerReportHandler.java:updateContainerState(145)) - Container #1 is in OPEN state, but the datanode d13c026a-6de7-468a-bcba-b5f9e5455386{ip: 192.168.34.13, host: pr-hdds-2310-hfl48-2231614471, networkLocation: /default-rack, certSerialId: null} reports an CLOSED replica.
2019-10-18 19:56:37,856 [EventQueue-ContainerReportForContainerReportHandler] WARN  container.ContainerReportHandler (AbstractContainerReportHandler.java:updateContainerState(145)) - Container #1 is in OPEN state, but the datanode 652c9eaa-759b-40b5-a420-e649d7d5dbbd{ip: 192.168.34.13, host: pr-hdds-2310-hfl48-2231614471, networkLocation: /default-rack, certSerialId: null} reports an CLOSED replica.
2019-10-18 19:56:38,047 [java.util.concurrent.ThreadPoolExecutor$Worker@21220c2e[State = -1, empty queue]] WARN  server.GrpcLogAppender (GrpcLogAppender.java:timeoutAppendRequest(209)) - d13c026a-6de7-468a-bcba-b5f9e5455386@group-7B64E6E68F81->595ac112-eff6-4e35-b572-d6b1c4893b0f-GrpcLogAppender: appendEntries Timeout, request=d13c026a-6de7-468a-bcba-b5f9e5455386->595ac112-eff6-4e35-b572-d6b1c4893b0f#26-t1, previous=(t:1, i:10), leaderCommit=10, initializing? false, entries: <empty>
2019-10-18 19:56:38,056 [EventQueue-ContainerReportForContainerReportHandler] WARN  container.ContainerReportHandler (AbstractContainerReportHandler.java:updateContainerState(145)) - Container #1 is in OPEN state, but the datanode 652c9eaa-759b-40b5-a420-e649d7d5dbbd{ip: 192.168.34.13, host: pr-hdds-2310-hfl48-2231614471, networkLocation: /default-rack, certSerialId: null} reports an CLOSED replica.
2019-10-18 19:56:38,117 [EventQueue-ContainerReportForContainerReportHandler] WARN  container.ContainerReportHandler (AbstractContainerReportHandler.java:updateContainerState(145)) - Container #1 is in OPEN state, but the datanode d13c026a-6de7-468a-bcba-b5f9e5455386{ip: 192.168.34.13, host: pr-hdds-2310-hfl48-2231614471, networkLocation: /default-rack, certSerialId: null} reports an CLOSED replica.
2019-10-18 19:56:38,357 [EventQueue-ContainerReportForContainerReportHandler] WARN  container.ContainerReportHandler (AbstractContainerReportHandler.java:updateContainerState(145)) - Container #1 is in OPEN state, but the datanode 652c9eaa-759b-40b5-a420-e649d7d5dbbd{ip: 192.168.34.13, host: pr-hdds-2310-hfl48-2231614471, networkLocation: /default-rack, certSerialId: null} reports an CLOSED replica.
2019-10-18 19:56:38,417 [EventQueue-ContainerReportForContainerReportHandler] WARN  container.ContainerReportHandler (AbstractContainerReportHandler.java:updateContainerState(145)) - Container #1 is in OPEN state, but the datanode d13c026a-6de7-468a-bcba-b5f9e5455386{ip: 192.168.34.13, host: pr-hdds-2310-hfl48-2231614471, networkLocation: /default-rack, certSerialId: null} reports an CLOSED replica.
2019-10-18 19:56:38,541 [BlockDeletingService#2] WARN  background.BlockDeletingService (BlockDeletingService.java:isDeletionAllowed(187)) - Close Container log Index 6 is not replicated across allthe servers in the pipeline 11bb0cf2-26ce-4402-a950-7b64e6e68f81 as the min replicated index is 4. Deletion is not allowed in this container yet.
2019-10-18 19:56:38,541 [BlockDeletingService#2] WARN  background.BlockDeletingService (BlockDeletingService.java:isDeletionAllowed(187)) - Close Container log Index 6 is not replicated across allthe servers in the pipeline 11bb0cf2-26ce-4402-a950-7b64e6e68f81 as the min replicated index is 4. Deletion is not allowed in this container yet.
2019-10-18 19:56:38,658 [EventQueue-ContainerReportForContainerReportHandler] WARN  container.ContainerReportHandler (AbstractContainerReportHandler.java:updateContainerState(145)) - Container #1 is in OPEN state, but the datanode 652c9eaa-759b-40b5-a420-e649d7d5dbbd{ip: 192.168.34.13, host: pr-hdds-2310-hfl48-2231614471, networkLocation: /default-rack, certSerialId: null} reports an CLOSED replica.
2019-10-18 19:56:38,717 [EventQueue-ContainerReportForContainerReportHandler] WARN  container.ContainerReportHandler (AbstractContainerReportHandler.java:updateContainerState(145)) - Container #1 is in OPEN state, but the datanode d13c026a-6de7-468a-bcba-b5f9e5455386{ip: 192.168.34.13, host: pr-hdds-2310-hfl48-2231614471, networkLocation: /default-rack, certSerialId: null} reports an CLOSED replica.
2019-10-18 19:56:38,859 [EventQueue-ContainerReportForContainerReportHandler] WARN  container.ContainerReportHandler (AbstractContainerReportHandler.java:updateContainerState(145)) - Container #1 is in OPEN state, but the datanode 652c9eaa-759b-40b5-a420-e649d7d5dbbd{ip: 192.168.34.13, host: pr-hdds-2310-hfl48-2231614471, networkLocation: /default-rack, certSerialId: null} reports an CLOSED replica.
2019-10-18 19:56:39,018 [EventQueue-ContainerReportForContainerReportHandler] WARN  container.ContainerReportHandler (AbstractContainerReportHandler.java:updateContainerState(145)) - Container #1 is in OPEN state, but the datanode d13c026a-6de7-468a-bcba-b5f9e5455386{ip: 192.168.34.13, host: pr-hdds-2310-hfl48-2231614471, networkLocation: /default-rack, certSerialId: null} reports an CLOSED replica.
2019-10-18 19:56:39,258 [EventQueue-ContainerReportForContainerReportHandler] WARN  container.ContainerReportHandler (AbstractContainerReportHandler.java:updateContainerState(145)) - Container #1 is in OPEN state, but the datanode 652c9eaa-759b-40b5-a420-e649d7d5dbbd{ip: 192.168.34.13, host: pr-hdds-2310-hfl48-2231614471, networkLocation: /default-rack, certSerialId: null} reports an CLOSED replica.
2019-10-18 19:56:39,320 [EventQueue-ContainerReportForContainerReportHandler] WARN  container.ContainerReportHandler (AbstractContainerReportHandler.java:updateContainerState(145)) - Container #1 is in OPEN state, but the datanode d13c026a-6de7-468a-bcba-b5f9e5455386{ip: 192.168.34.13, host: pr-hdds-2310-hfl48-2231614471, networkLocation: /default-rack, certSerialId: null} reports an CLOSED replica.
2019-10-18 19:56:39,543 [BlockDeletingService#2] WARN  background.BlockDeletingService (BlockDeletingService.java:isDeletionAllowed(187)) - Close Container log Index 6 is not replicated across allthe servers in the pipeline 11bb0cf2-26ce-4402-a950-7b64e6e68f81 as the min replicated index is 4. Deletion is not allowed in this container yet.
2019-10-18 19:56:39,543 [BlockDeletingService#2] WARN  background.BlockDeletingService (BlockDeletingService.java:isDeletionAllowed(187)) - Close Container log Index 6 is not replicated across allthe servers in the pipeline 11bb0cf2-26ce-4402-a950-7b64e6e68f81 as the min replicated index is 4. Deletion is not allowed in this container yet.
2019-10-18 19:56:39,558 [EventQueue-ContainerReportForContainerReportHandler] WARN  container.ContainerReportHandler (AbstractContainerReportHandler.java:updateContainerState(145)) - Container #1 is in OPEN state, but the datanode 652c9eaa-759b-40b5-a420-e649d7d5dbbd{ip: 192.168.34.13, host: pr-hdds-2310-hfl48-2231614471, networkLocation: /default-rack, certSerialId: null} reports an CLOSED replica.
2019-10-18 19:56:39,619 [EventQueue-ContainerReportForContainerReportHandler] WARN  container.ContainerReportHandler (AbstractContainerReportHandler.java:updateContainerState(145)) - Container #1 is in OPEN state, but the datanode d13c026a-6de7-468a-bcba-b5f9e5455386{ip: 192.168.34.13, host: pr-hdds-2310-hfl48-2231614471, networkLocation: /default-rack, certSerialId: null} reports an CLOSED replica.
2019-10-18 19:56:39,758 [EventQueue-ContainerReportForContainerReportHandler] WARN  container.ContainerReportHandler (AbstractContainerReportHandler.java:updateContainerState(145)) - Container #1 is in OPEN state, but the datanode 652c9eaa-759b-40b5-a420-e649d7d5dbbd{ip: 192.168.34.13, host: pr-hdds-2310-hfl48-2231614471, networkLocation: /default-rack, certSerialId: null} reports an CLOSED replica.
2019-10-18 19:56:39,918 [EventQueue-ContainerReportForContainerReportHandler] WARN  container.ContainerReportHandler (AbstractContainerReportHandler.java:updateContainerState(145)) - Container #1 is in OPEN state, but the datanode d13c026a-6de7-468a-bcba-b5f9e5455386{ip: 192.168.34.13, host: pr-hdds-2310-hfl48-2231614471, networkLocation: /default-rack, certSerialId: null} reports an CLOSED replica.
2019-10-18 19:56:40,058 [EventQueue-ContainerReportForContainerReportHandler] WARN  container.ContainerReportHandler (AbstractContainerReportHandler.java:updateContainerState(145)) - Container #1 is in OPEN state, but the datanode 652c9eaa-759b-40b5-a420-e649d7d5dbbd{ip: 192.168.34.13, host: pr-hdds-2310-hfl48-2231614471, networkLocation: /default-rack, certSerialId: null} reports an CLOSED replica.
2019-10-18 19:56:40,119 [EventQueue-ContainerReportForContainerReportHandler] WARN  container.ContainerReportHandler (AbstractContainerReportHandler.java:updateContainerState(145)) - Container #1 is in OPEN state, but the datanode d13c026a-6de7-468a-bcba-b5f9e5455386{ip: 192.168.34.13, host: pr-hdds-2310-hfl48-2231614471, networkLocation: /default-rack, certSerialId: null} reports an CLOSED replica.
2019-10-18 19:56:40,259 [EventQueue-ContainerReportForContainerReportHandler] WARN  container.ContainerReportHandler (AbstractContainerReportHandler.java:updateContainerState(145)) - Container #1 is in OPEN state, but the datanode 652c9eaa-759b-40b5-a420-e649d7d5dbbd{ip: 192.168.34.13, host: pr-hdds-2310-hfl48-2231614471, networkLocation: /default-rack, certSerialId: null} reports an CLOSED replica.
2019-10-18 19:56:40,421 [EventQueue-ContainerReportForContainerReportHandler] WARN  container.ContainerReportHandler (AbstractContainerReportHandler.java:updateContainerState(145)) - Container #1 is in OPEN state, but the datanode d13c026a-6de7-468a-bcba-b5f9e5455386{ip: 192.168.34.13, host: pr-hdds-2310-hfl48-2231614471, networkLocation: /default-rack, certSerialId: null} reports an CLOSED replica.
2019-10-18 19:56:40,546 [BlockDeletingService#2] WARN  background.BlockDeletingService (BlockDeletingService.java:isDeletionAllowed(187)) - Close Container log Index 6 is not replicated across allthe servers in the pipeline 11bb0cf2-26ce-4402-a950-7b64e6e68f81 as the min replicated index is 4. Deletion is not allowed in this container yet.
2019-10-18 19:56:40,547 [BlockDeletingService#2] WARN  background.BlockDeletingService (BlockDeletingService.java:isDeletionAllowed(187)) - Close Container log Index 6 is not replicated across allthe servers in the pipeline 11bb0cf2-26ce-4402-a950-7b64e6e68f81 as the min replicated index is 4. Deletion is not allowed in this container yet.
2019-10-18 19:56:40,553 [java.util.concurrent.ThreadPoolExecutor$Worker@21220c2e[State = -1, empty queue]] WARN  server.GrpcLogAppender (GrpcLogAppender.java:timeoutAppendRequest(209)) - d13c026a-6de7-468a-bcba-b5f9e5455386@group-7B64E6E68F81->595ac112-eff6-4e35-b572-d6b1c4893b0f-GrpcLogAppender: appendEntries Timeout, request=d13c026a-6de7-468a-bcba-b5f9e5455386->595ac112-eff6-4e35-b572-d6b1c4893b0f#27-t1, previous=(t:1, i:10), leaderCommit=10, initializing? false, entries: <empty>
2019-10-18 19:56:40,609 [Thread-343] INFO  client.GrpcClientProtocolService (GrpcClientProtocolService.java:lambda$processClientRequest$0(278)) - Failed RaftClientRequest:client-B973F343C649->652c9eaa-759b-40b5-a420-e649d7d5dbbd@group-7B64E6E68F81, cid=10, seq=0, Watch-ALL_COMMITTED(6), Message:<EMPTY>, reply=RaftClientReply:client-B973F343C649->652c9eaa-759b-40b5-a420-e649d7d5dbbd@group-7B64E6E68F81, cid=10, FAILED org.apache.ratis.protocol.NotLeaderException: Server 652c9eaa-759b-40b5-a420-e649d7d5dbbd@group-7B64E6E68F81 is not the leader d13c026a-6de7-468a-bcba-b5f9e5455386:192.168.34.13:41921, logIndex=0, commits[652c9eaa-759b-40b5-a420-e649d7d5dbbd:c10, d13c026a-6de7-468a-bcba-b5f9e5455386:c10, 595ac112-eff6-4e35-b572-d6b1c4893b0f:c4]
2019-10-18 19:56:40,659 [EventQueue-ContainerReportForContainerReportHandler] WARN  container.ContainerReportHandler (AbstractContainerReportHandler.java:updateContainerState(145)) - Container #1 is in OPEN state, but the datanode 652c9eaa-759b-40b5-a420-e649d7d5dbbd{ip: 192.168.34.13, host: pr-hdds-2310-hfl48-2231614471, networkLocation: /default-rack, certSerialId: null} reports an CLOSED replica.
2019-10-18 19:56:40,820 [EventQueue-ContainerReportForContainerReportHandler] WARN  container.ContainerReportHandler (AbstractContainerReportHandler.java:updateContainerState(145)) - Container #1 is in OPEN state, but the datanode d13c026a-6de7-468a-bcba-b5f9e5455386{ip: 192.168.34.13, host: pr-hdds-2310-hfl48-2231614471, networkLocation: /default-rack, certSerialId: null} reports an CLOSED replica.
2019-10-18 19:56:40,959 [EventQueue-ContainerReportForContainerReportHandler] WARN  container.ContainerReportHandler (AbstractContainerReportHandler.java:updateContainerState(145)) - Container #1 is in OPEN state, but the datanode 652c9eaa-759b-40b5-a420-e649d7d5dbbd{ip: 192.168.34.13, host: pr-hdds-2310-hfl48-2231614471, networkLocation: /default-rack, certSerialId: null} reports an CLOSED replica.
2019-10-18 19:56:41,020 [EventQueue-ContainerReportForContainerReportHandler] WARN  container.ContainerReportHandler (AbstractContainerReportHandler.java:updateContainerState(145)) - Container #1 is in OPEN state, but the datanode d13c026a-6de7-468a-bcba-b5f9e5455386{ip: 192.168.34.13, host: pr-hdds-2310-hfl48-2231614471, networkLocation: /default-rack, certSerialId: null} reports an CLOSED replica.
2019-10-18 19:56:41,220 [EventQueue-ContainerReportForContainerReportHandler] WARN  container.ContainerReportHandler (AbstractContainerReportHandler.java:updateContainerState(145)) - Container #1 is in OPEN state, but the datanode d13c026a-6de7-468a-bcba-b5f9e5455386{ip: 192.168.34.13, host: pr-hdds-2310-hfl48-2231614471, networkLocation: /default-rack, certSerialId: null} reports an CLOSED replica.
2019-10-18 19:56:41,360 [EventQueue-ContainerReportForContainerReportHandler] WARN  container.ContainerReportHandler (AbstractContainerReportHandler.java:updateContainerState(145)) - Container #1 is in OPEN state, but the datanode 652c9eaa-759b-40b5-a420-e649d7d5dbbd{ip: 192.168.34.13, host: pr-hdds-2310-hfl48-2231614471, networkLocation: /default-rack, certSerialId: null} reports an CLOSED replica.
2019-10-18 19:56:41,521 [EventQueue-ContainerReportForContainerReportHandler] WARN  container.ContainerReportHandler (AbstractContainerReportHandler.java:updateContainerState(145)) - Container #1 is in OPEN state, but the datanode d13c026a-6de7-468a-bcba-b5f9e5455386{ip: 192.168.34.13, host: pr-hdds-2310-hfl48-2231614471, networkLocation: /default-rack, certSerialId: null} reports an CLOSED replica.
2019-10-18 19:56:41,549 [BlockDeletingService#2] WARN  background.BlockDeletingService (BlockDeletingService.java:isDeletionAllowed(187)) - Close Container log Index 6 is not replicated across allthe servers in the pipeline 11bb0cf2-26ce-4402-a950-7b64e6e68f81 as the min replicated index is 4. Deletion is not allowed in this container yet.
2019-10-18 19:56:41,549 [BlockDeletingService#2] WARN  background.BlockDeletingService (BlockDeletingService.java:isDeletionAllowed(187)) - Close Container log Index 6 is not replicated across allthe servers in the pipeline 11bb0cf2-26ce-4402-a950-7b64e6e68f81 as the min replicated index is 4. Deletion is not allowed in this container yet.
2019-10-18 19:56:41,756 [Thread-348] INFO  client.GrpcClientProtocolService (GrpcClientProtocolService.java:lambda$processClientRequest$0(278)) - Failed RaftClientRequest:client-B973F343C649->d13c026a-6de7-468a-bcba-b5f9e5455386@group-7B64E6E68F81, cid=10, seq=0, Watch-ALL_COMMITTED(6), Message:<EMPTY>, reply=RaftClientReply:client-B973F343C649->d13c026a-6de7-468a-bcba-b5f9e5455386@group-7B64E6E68F81, cid=10, FAILED org.apache.ratis.protocol.NotReplicatedException: Request with call Id 10 and log index 6 is not yet replicated to ALL_COMMITTED, logIndex=6, commits[d13c026a-6de7-468a-bcba-b5f9e5455386:c10, 652c9eaa-759b-40b5-a420-e649d7d5dbbd:c10, 595ac112-eff6-4e35-b572-d6b1c4893b0f:c4]
2019-10-18 19:56:41,760 [EventQueue-ContainerReportForContainerReportHandler] WARN  container.ContainerReportHandler (AbstractContainerReportHandler.java:updateContainerState(145)) - Container #1 is in OPEN state, but the datanode 652c9eaa-759b-40b5-a420-e649d7d5dbbd{ip: 192.168.34.13, host: pr-hdds-2310-hfl48-2231614471, networkLocation: /default-rack, certSerialId: null} reports an CLOSED replica.
2019-10-18 19:56:41,821 [EventQueue-ContainerReportForContainerReportHandler] WARN  container.ContainerReportHandler (AbstractContainerReportHandler.java:updateContainerState(145)) - Container #1 is in OPEN state, but the datanode d13c026a-6de7-468a-bcba-b5f9e5455386{ip: 192.168.34.13, host: pr-hdds-2310-hfl48-2231614471, networkLocation: /default-rack, certSerialId: null} reports an CLOSED replica.
2019-10-18 19:56:42,022 [EventQueue-ContainerReportForContainerReportHandler] WARN  container.ContainerReportHandler (AbstractContainerReportHandler.java:updateContainerState(145)) - Container #1 is in OPEN state, but the datanode d13c026a-6de7-468a-bcba-b5f9e5455386{ip: 192.168.34.13, host: pr-hdds-2310-hfl48-2231614471, networkLocation: /default-rack, certSerialId: null} reports an CLOSED replica.
2019-10-18 19:56:42,061 [EventQueue-ContainerReportForContainerReportHandler] WARN  container.ContainerReportHandler (AbstractContainerReportHandler.java:updateContainerState(145)) - Container #1 is in OPEN state, but the datanode 652c9eaa-759b-40b5-a420-e649d7d5dbbd{ip: 192.168.34.13, host: pr-hdds-2310-hfl48-2231614471, networkLocation: /default-rack, certSerialId: null} reports an CLOSED replica.
2019-10-18 19:56:42,222 [EventQueue-ContainerReportForContainerReportHandler] WARN  container.ContainerReportHandler (AbstractContainerReportHandler.java:updateContainerState(145)) - Container #1 is in OPEN state, but the datanode d13c026a-6de7-468a-bcba-b5f9e5455386{ip: 192.168.34.13, host: pr-hdds-2310-hfl48-2231614471, networkLocation: /default-rack, certSerialId: null} reports an CLOSED replica.
2019-10-18 19:56:42,462 [EventQueue-ContainerReportForContainerReportHandler] WARN  container.ContainerReportHandler (AbstractContainerReportHandler.java:updateContainerState(145)) - Container #1 is in OPEN state, but the datanode 652c9eaa-759b-40b5-a420-e649d7d5dbbd{ip: 192.168.34.13, host: pr-hdds-2310-hfl48-2231614471, networkLocation: /default-rack, certSerialId: null} reports an CLOSED replica.
2019-10-18 19:56:42,556 [BlockDeletingService#2] WARN  background.BlockDeletingService (BlockDeletingService.java:isDeletionAllowed(187)) - Close Container log Index 6 is not replicated across allthe servers in the pipeline 11bb0cf2-26ce-4402-a950-7b64e6e68f81 as the min replicated index is 4. Deletion is not allowed in this container yet.
2019-10-18 19:56:42,557 [BlockDeletingService#2] WARN  background.BlockDeletingService (BlockDeletingService.java:isDeletionAllowed(187)) - Close Container log Index 6 is not replicated across allthe servers in the pipeline 11bb0cf2-26ce-4402-a950-7b64e6e68f81 as the min replicated index is 4. Deletion is not allowed in this container yet.
2019-10-18 19:56:42,622 [EventQueue-ContainerReportForContainerReportHandler] WARN  container.ContainerReportHandler (AbstractContainerReportHandler.java:updateContainerState(145)) - Container #1 is in OPEN state, but the datanode d13c026a-6de7-468a-bcba-b5f9e5455386{ip: 192.168.34.13, host: pr-hdds-2310-hfl48-2231614471, networkLocation: /default-rack, certSerialId: null} reports an CLOSED replica.
2019-10-18 19:56:42,822 [EventQueue-ContainerReportForContainerReportHandler] WARN  container.ContainerReportHandler (AbstractContainerReportHandler.java:updateContainerState(145)) - Container #1 is in OPEN state, but the datanode d13c026a-6de7-468a-bcba-b5f9e5455386{ip: 192.168.34.13, host: pr-hdds-2310-hfl48-2231614471, networkLocation: /default-rack, certSerialId: null} reports an CLOSED replica.
2019-10-18 19:56:42,862 [EventQueue-ContainerReportForContainerReportHandler] WARN  container.ContainerReportHandler (AbstractContainerReportHandler.java:updateContainerState(145)) - Container #1 is in OPEN state, but the datanode 652c9eaa-759b-40b5-a420-e649d7d5dbbd{ip: 192.168.34.13, host: pr-hdds-2310-hfl48-2231614471, networkLocation: /default-rack, certSerialId: null} reports an CLOSED replica.
2019-10-18 19:56:43,055 [java.util.concurrent.ThreadPoolExecutor$Worker@21220c2e[State = -1, empty queue]] WARN  server.GrpcLogAppender (GrpcLogAppender.java:timeoutAppendRequest(209)) - d13c026a-6de7-468a-bcba-b5f9e5455386@group-7B64E6E68F81->595ac112-eff6-4e35-b572-d6b1c4893b0f-GrpcLogAppender: appendEntries Timeout, request=d13c026a-6de7-468a-bcba-b5f9e5455386->595ac112-eff6-4e35-b572-d6b1c4893b0f#28-t1, previous=(t:1, i:10), leaderCommit=10, initializing? false, entries: <empty>
2019-10-18 19:56:43,063 [EventQueue-ContainerReportForContainerReportHandler] WARN  container.ContainerReportHandler (AbstractContainerReportHandler.java:updateContainerState(145)) - Container #1 is in OPEN state, but the datanode 652c9eaa-759b-40b5-a420-e649d7d5dbbd{ip: 192.168.34.13, host: pr-hdds-2310-hfl48-2231614471, networkLocation: /default-rack, certSerialId: null} reports an CLOSED replica.
2019-10-18 19:56:43,123 [EventQueue-ContainerReportForContainerReportHandler] WARN  container.ContainerReportHandler (AbstractContainerReportHandler.java:updateContainerState(145)) - Container #1 is in OPEN state, but the datanode d13c026a-6de7-468a-bcba-b5f9e5455386{ip: 192.168.34.13, host: pr-hdds-2310-hfl48-2231614471, networkLocation: /default-rack, certSerialId: null} reports an CLOSED replica.
2019-10-18 19:56:43,323 [EventQueue-ContainerReportForContainerReportHandler] WARN  container.ContainerReportHandler (AbstractContainerReportHandler.java:updateContainerState(145)) - Container #1 is in OPEN state, but the datanode d13c026a-6de7-468a-bcba-b5f9e5455386{ip: 192.168.34.13, host: pr-hdds-2310-hfl48-2231614471, networkLocation: /default-rack, certSerialId: null} reports an CLOSED replica.
2019-10-18 19:56:43,465 [EventQueue-ContainerReportForContainerReportHandler] WARN  container.ContainerReportHandler (AbstractContainerReportHandler.java:updateContainerState(145)) - Container #1 is in OPEN state, but the datanode 652c9eaa-759b-40b5-a420-e649d7d5dbbd{ip: 192.168.34.13, host: pr-hdds-2310-hfl48-2231614471, networkLocation: /default-rack, certSerialId: null} reports an CLOSED replica.
2019-10-18 19:56:43,561 [BlockDeletingService#2] WARN  background.BlockDeletingService (BlockDeletingService.java:isDeletionAllowed(187)) - Close Container log Index 6 is not replicated across allthe servers in the pipeline 11bb0cf2-26ce-4402-a950-7b64e6e68f81 as the min replicated index is 4. Deletion is not allowed in this container yet.
2019-10-18 19:56:43,561 [BlockDeletingService#2] WARN  background.BlockDeletingService (BlockDeletingService.java:isDeletionAllowed(187)) - Close Container log Index 6 is not replicated across allthe servers in the pipeline 11bb0cf2-26ce-4402-a950-7b64e6e68f81 as the min replicated index is 4. Deletion is not allowed in this container yet.
2019-10-18 19:56:43,626 [EventQueue-ContainerReportForContainerReportHandler] WARN  container.ContainerReportHandler (AbstractContainerReportHandler.java:updateContainerState(145)) - Container #1 is in OPEN state, but the datanode d13c026a-6de7-468a-bcba-b5f9e5455386{ip: 192.168.34.13, host: pr-hdds-2310-hfl48-2231614471, networkLocation: /default-rack, certSerialId: null} reports an CLOSED replica.
2019-10-18 19:56:43,767 [EventQueue-ContainerReportForContainerReportHandler] WARN  container.ContainerReportHandler (AbstractContainerReportHandler.java:updateContainerState(145)) - Container #1 is in OPEN state, but the datanode 652c9eaa-759b-40b5-a420-e649d7d5dbbd{ip: 192.168.34.13, host: pr-hdds-2310-hfl48-2231614471, networkLocation: /default-rack, certSerialId: null} reports an CLOSED replica.
2019-10-18 19:56:43,824 [EventQueue-ContainerReportForContainerReportHandler] WARN  container.ContainerReportHandler (AbstractContainerReportHandler.java:updateContainerState(145)) - Container #1 is in OPEN state, but the datanode d13c026a-6de7-468a-bcba-b5f9e5455386{ip: 192.168.34.13, host: pr-hdds-2310-hfl48-2231614471, networkLocation: /default-rack, certSerialId: null} reports an CLOSED replica.
2019-10-18 19:56:44,064 [EventQueue-ContainerReportForContainerReportHandler] WARN  container.ContainerReportHandler (AbstractContainerReportHandler.java:updateContainerState(145)) - Container #1 is in OPEN state, but the datanode 652c9eaa-759b-40b5-a420-e649d7d5dbbd{ip: 192.168.34.13, host: pr-hdds-2310-hfl48-2231614471, networkLocation: /default-rack, certSerialId: null} reports an CLOSED replica.
2019-10-18 19:56:44,224 [EventQueue-ContainerReportForContainerReportHandler] WARN  container.ContainerReportHandler (AbstractContainerReportHandler.java:updateContainerState(145)) - Container #1 is in OPEN state, but the datanode d13c026a-6de7-468a-bcba-b5f9e5455386{ip: 192.168.34.13, host: pr-hdds-2310-hfl48-2231614471, networkLocation: /default-rack, certSerialId: null} reports an CLOSED replica.
2019-10-18 19:56:44,364 [EventQueue-ContainerReportForContainerReportHandler] WARN  container.ContainerReportHandler (AbstractContainerReportHandler.java:updateContainerState(145)) - Container #1 is in OPEN state, but the datanode 652c9eaa-759b-40b5-a420-e649d7d5dbbd{ip: 192.168.34.13, host: pr-hdds-2310-hfl48-2231614471, networkLocation: /default-rack, certSerialId: null} reports an CLOSED replica.
2019-10-18 19:56:44,425 [EventQueue-ContainerReportForContainerReportHandler] WARN  container.ContainerReportHandler (AbstractContainerReportHandler.java:updateContainerState(145)) - Container #1 is in OPEN state, but the datanode d13c026a-6de7-468a-bcba-b5f9e5455386{ip: 192.168.34.13, host: pr-hdds-2310-hfl48-2231614471, networkLocation: /default-rack, certSerialId: null} reports an CLOSED replica.
2019-10-18 19:56:44,563 [BlockDeletingService#2] WARN  background.BlockDeletingService (BlockDeletingService.java:isDeletionAllowed(187)) - Close Container log Index 6 is not replicated across allthe servers in the pipeline 11bb0cf2-26ce-4402-a950-7b64e6e68f81 as the min replicated index is 4. Deletion is not allowed in this container yet.
2019-10-18 19:56:44,563 [BlockDeletingService#2] WARN  background.BlockDeletingService (BlockDeletingService.java:isDeletionAllowed(187)) - Close Container log Index 6 is not replicated across allthe servers in the pipeline 11bb0cf2-26ce-4402-a950-7b64e6e68f81 as the min replicated index is 4. Deletion is not allowed in this container yet.
2019-10-18 19:56:44,625 [EventQueue-ContainerReportForContainerReportHandler] WARN  container.ContainerReportHandler (AbstractContainerReportHandler.java:updateContainerState(145)) - Container #1 is in OPEN state, but the datanode d13c026a-6de7-468a-bcba-b5f9e5455386{ip: 192.168.34.13, host: pr-hdds-2310-hfl48-2231614471, networkLocation: /default-rack, certSerialId: null} reports an CLOSED replica.
2019-10-18 19:56:44,764 [EventQueue-ContainerReportForContainerReportHandler] WARN  container.ContainerReportHandler (AbstractContainerReportHandler.java:updateContainerState(145)) - Container #1 is in OPEN state, but the datanode 652c9eaa-759b-40b5-a420-e649d7d5dbbd{ip: 192.168.34.13, host: pr-hdds-2310-hfl48-2231614471, networkLocation: /default-rack, certSerialId: null} reports an CLOSED replica.
2019-10-18 19:56:44,824 [EventQueue-ContainerReportForContainerReportHandler] WARN  container.ContainerReportHandler (AbstractContainerReportHandler.java:updateContainerState(145)) - Container #1 is in OPEN state, but the datanode d13c026a-6de7-468a-bcba-b5f9e5455386{ip: 192.168.34.13, host: pr-hdds-2310-hfl48-2231614471, networkLocation: /default-rack, certSerialId: null} reports an CLOSED replica.
2019-10-18 19:56:45,065 [EventQueue-ContainerReportForContainerReportHandler] WARN  container.ContainerReportHandler (AbstractContainerReportHandler.java:updateContainerState(145)) - Container #1 is in OPEN state, but the datanode 652c9eaa-759b-40b5-a420-e649d7d5dbbd{ip: 192.168.34.13, host: pr-hdds-2310-hfl48-2231614471, networkLocation: /default-rack, certSerialId: null} reports an CLOSED replica.
2019-10-18 19:56:45,124 [EventQueue-ContainerReportForContainerReportHandler] WARN  container.ContainerReportHandler (AbstractContainerReportHandler.java:updateContainerState(145)) - Container #1 is in OPEN state, but the datanode d13c026a-6de7-468a-bcba-b5f9e5455386{ip: 192.168.34.13, host: pr-hdds-2310-hfl48-2231614471, networkLocation: /default-rack, certSerialId: null} reports an CLOSED replica.
2019-10-18 19:56:45,325 [EventQueue-ContainerReportForContainerReportHandler] WARN  container.ContainerReportHandler (AbstractContainerReportHandler.java:updateContainerState(145)) - Container #1 is in OPEN state, but the datanode d13c026a-6de7-468a-bcba-b5f9e5455386{ip: 192.168.34.13, host: pr-hdds-2310-hfl48-2231614471, networkLocation: /default-rack, certSerialId: null} reports an CLOSED replica.
2019-10-18 19:56:45,365 [EventQueue-ContainerReportForContainerReportHandler] WARN  container.ContainerReportHandler (AbstractContainerReportHandler.java:updateContainerState(145)) - Container #1 is in OPEN state, but the datanode 652c9eaa-759b-40b5-a420-e649d7d5dbbd{ip: 192.168.34.13, host: pr-hdds-2310-hfl48-2231614471, networkLocation: /default-rack, certSerialId: null} reports an CLOSED replica.
2019-10-18 19:56:45,557 [java.util.concurrent.ThreadPoolExecutor$Worker@21220c2e[State = -1, empty queue]] WARN  server.GrpcLogAppender (GrpcLogAppender.java:timeoutAppendRequest(209)) - d13c026a-6de7-468a-bcba-b5f9e5455386@group-7B64E6E68F81->595ac112-eff6-4e35-b572-d6b1c4893b0f-GrpcLogAppender: appendEntries Timeout, request=d13c026a-6de7-468a-bcba-b5f9e5455386->595ac112-eff6-4e35-b572-d6b1c4893b0f#29-t1, previous=(t:1, i:10), leaderCommit=10, initializing? false, entries: <empty>
2019-10-18 19:56:45,565 [BlockDeletingService#2] WARN  background.BlockDeletingService (BlockDeletingService.java:isDeletionAllowed(187)) - Close Container log Index 6 is not replicated across allthe servers in the pipeline 11bb0cf2-26ce-4402-a950-7b64e6e68f81 as the min replicated index is 4. Deletion is not allowed in this container yet.
2019-10-18 19:56:45,565 [BlockDeletingService#2] WARN  background.BlockDeletingService (BlockDeletingService.java:isDeletionAllowed(187)) - Close Container log Index 6 is not replicated across allthe servers in the pipeline 11bb0cf2-26ce-4402-a950-7b64e6e68f81 as the min replicated index is 4. Deletion is not allowed in this container yet.
2019-10-18 19:56:45,665 [EventQueue-ContainerReportForContainerReportHandler] WARN  container.ContainerReportHandler (AbstractContainerReportHandler.java:updateContainerState(145)) - Container #1 is in OPEN state, but the datanode 652c9eaa-759b-40b5-a420-e649d7d5dbbd{ip: 192.168.34.13, host: pr-hdds-2310-hfl48-2231614471, networkLocation: /default-rack, certSerialId: null} reports an CLOSED replica.
2019-10-18 19:56:45,727 [EventQueue-ContainerReportForContainerReportHandler] WARN  container.ContainerReportHandler (AbstractContainerReportHandler.java:updateContainerState(145)) - Container #1 is in OPEN state, but the datanode d13c026a-6de7-468a-bcba-b5f9e5455386{ip: 192.168.34.13, host: pr-hdds-2310-hfl48-2231614471, networkLocation: /default-rack, certSerialId: null} reports an CLOSED replica.
2019-10-18 19:56:45,927 [EventQueue-ContainerReportForContainerReportHandler] WARN  container.ContainerReportHandler (AbstractContainerReportHandler.java:updateContainerState(145)) - Container #1 is in OPEN state, but the datanode d13c026a-6de7-468a-bcba-b5f9e5455386{ip: 192.168.34.13, host: pr-hdds-2310-hfl48-2231614471, networkLocation: /default-rack, certSerialId: null} reports an CLOSED replica.
2019-10-18 19:56:46,066 [EventQueue-ContainerReportForContainerReportHandler] WARN  container.ContainerReportHandler (AbstractContainerReportHandler.java:updateContainerState(145)) - Container #1 is in OPEN state, but the datanode 652c9eaa-759b-40b5-a420-e649d7d5dbbd{ip: 192.168.34.13, host: pr-hdds-2310-hfl48-2231614471, networkLocation: /default-rack, certSerialId: null} reports an CLOSED replica.
2019-10-18 19:56:46,228 [EventQueue-ContainerReportForContainerReportHandler] WARN  container.ContainerReportHandler (AbstractContainerReportHandler.java:updateContainerState(145)) - Container #1 is in OPEN state, but the datanode d13c026a-6de7-468a-bcba-b5f9e5455386{ip: 192.168.34.13, host: pr-hdds-2310-hfl48-2231614471, networkLocation: /default-rack, certSerialId: null} reports an CLOSED replica.
2019-10-18 19:56:46,366 [EventQueue-ContainerReportForContainerReportHandler] WARN  container.ContainerReportHandler (AbstractContainerReportHandler.java:updateContainerState(145)) - Container #1 is in OPEN state, but the datanode 652c9eaa-759b-40b5-a420-e649d7d5dbbd{ip: 192.168.34.13, host: pr-hdds-2310-hfl48-2231614471, networkLocation: /default-rack, certSerialId: null} reports an CLOSED replica.
2019-10-18 19:56:46,566 [EventQueue-ContainerReportForContainerReportHandler] WARN  container.ContainerReportHandler (AbstractContainerReportHandler.java:updateContainerState(145)) - Container #1 is in OPEN state, but the datanode 652c9eaa-759b-40b5-a420-e649d7d5dbbd{ip: 192.168.34.13, host: pr-hdds-2310-hfl48-2231614471, networkLocation: /default-rack, certSerialId: null} reports an CLOSED replica.
2019-10-18 19:56:46,568 [BlockDeletingService#2] WARN  background.BlockDeletingService (BlockDeletingService.java:isDeletionAllowed(187)) - Close Container log Index 6 is not replicated across allthe servers in the pipeline 11bb0cf2-26ce-4402-a950-7b64e6e68f81 as the min replicated index is 4. Deletion is not allowed in this container yet.
2019-10-18 19:56:46,568 [BlockDeletingService#2] WARN  background.BlockDeletingService (BlockDeletingService.java:isDeletionAllowed(187)) - Close Container log Index 6 is not replicated across allthe servers in the pipeline 11bb0cf2-26ce-4402-a950-7b64e6e68f81 as the min replicated index is 4. Deletion is not allowed in this container yet.
2019-10-18 19:56:46,636 [EventQueue-ContainerReportForContainerReportHandler] WARN  container.ContainerReportHandler (AbstractContainerReportHandler.java:updateContainerState(145)) - Container #1 is in OPEN state, but the datanode d13c026a-6de7-468a-bcba-b5f9e5455386{ip: 192.168.34.13, host: pr-hdds-2310-hfl48-2231614471, networkLocation: /default-rack, certSerialId: null} reports an CLOSED replica.
2019-10-18 19:56:46,866 [EventQueue-ContainerReportForContainerReportHandler] WARN  container.ContainerReportHandler (AbstractContainerReportHandler.java:updateContainerState(145)) - Container #1 is in OPEN state, but the datanode 652c9eaa-759b-40b5-a420-e649d7d5dbbd{ip: 192.168.34.13, host: pr-hdds-2310-hfl48-2231614471, networkLocation: /default-rack, certSerialId: null} reports an CLOSED replica.
2019-10-18 19:56:47,030 [EventQueue-ContainerReportForContainerReportHandler] WARN  container.ContainerReportHandler (AbstractContainerReportHandler.java:updateContainerState(145)) - Container #1 is in OPEN state, but the datanode d13c026a-6de7-468a-bcba-b5f9e5455386{ip: 192.168.34.13, host: pr-hdds-2310-hfl48-2231614471, networkLocation: /default-rack, certSerialId: null} reports an CLOSED replica.
2019-10-18 19:56:47,167 [EventQueue-ContainerReportForContainerReportHandler] WARN  container.ContainerReportHandler (AbstractContainerReportHandler.java:updateContainerState(145)) - Container #1 is in OPEN state, but the datanode 652c9eaa-759b-40b5-a420-e649d7d5dbbd{ip: 192.168.34.13, host: pr-hdds-2310-hfl48-2231614471, networkLocation: /default-rack, certSerialId: null} reports an CLOSED replica.
2019-10-18 19:56:47,232 [EventQueue-ContainerReportForContainerReportHandler] WARN  container.ContainerReportHandler (AbstractContainerReportHandler.java:updateContainerState(145)) - Container #1 is in OPEN state, but the datanode d13c026a-6de7-468a-bcba-b5f9e5455386{ip: 192.168.34.13, host: pr-hdds-2310-hfl48-2231614471, networkLocation: /default-rack, certSerialId: null} reports an CLOSED replica.
2019-10-18 19:56:47,467 [EventQueue-ContainerReportForContainerReportHandler] WARN  container.ContainerReportHandler (AbstractContainerReportHandler.java:updateContainerState(145)) - Container #1 is in OPEN state, but the datanode 652c9eaa-759b-40b5-a420-e649d7d5dbbd{ip: 192.168.34.13, host: pr-hdds-2310-hfl48-2231614471, networkLocation: /default-rack, certSerialId: null} reports an CLOSED replica.
2019-10-18 19:56:47,531 [EventQueue-ContainerReportForContainerReportHandler] WARN  container.ContainerReportHandler (AbstractContainerReportHandler.java:updateContainerState(145)) - Container #1 is in OPEN state, but the datanode d13c026a-6de7-468a-bcba-b5f9e5455386{ip: 192.168.34.13, host: pr-hdds-2310-hfl48-2231614471, networkLocation: /default-rack, certSerialId: null} reports an CLOSED replica.
2019-10-18 19:56:47,570 [BlockDeletingService#2] WARN  background.BlockDeletingService (BlockDeletingService.java:isDeletionAllowed(187)) - Close Container log Index 6 is not replicated across allthe servers in the pipeline 11bb0cf2-26ce-4402-a950-7b64e6e68f81 as the min replicated index is 4. Deletion is not allowed in this container yet.
2019-10-18 19:56:47,570 [BlockDeletingService#2] WARN  background.BlockDeletingService (BlockDeletingService.java:isDeletionAllowed(187)) - Close Container log Index 6 is not replicated across allthe servers in the pipeline 11bb0cf2-26ce-4402-a950-7b64e6e68f81 as the min replicated index is 4. Deletion is not allowed in this container yet.
2019-10-18 19:56:47,867 [EventQueue-ContainerReportForContainerReportHandler] WARN  container.ContainerReportHandler (AbstractContainerReportHandler.java:updateContainerState(145)) - Container #1 is in OPEN state, but the datanode 652c9eaa-759b-40b5-a420-e649d7d5dbbd{ip: 192.168.34.13, host: pr-hdds-2310-hfl48-2231614471, networkLocation: /default-rack, certSerialId: null} reports an CLOSED replica.
2019-10-18 19:56:47,932 [EventQueue-ContainerReportForContainerReportHandler] WARN  container.ContainerReportHandler (AbstractContainerReportHandler.java:updateContainerState(145)) - Container #1 is in OPEN state, but the datanode d13c026a-6de7-468a-bcba-b5f9e5455386{ip: 192.168.34.13, host: pr-hdds-2310-hfl48-2231614471, networkLocation: /default-rack, certSerialId: null} reports an CLOSED replica.
2019-10-18 19:56:48,060 [java.util.concurrent.ThreadPoolExecutor$Worker@21220c2e[State = -1, empty queue]] WARN  server.GrpcLogAppender (GrpcLogAppender.java:timeoutAppendRequest(209)) - d13c026a-6de7-468a-bcba-b5f9e5455386@group-7B64E6E68F81->595ac112-eff6-4e35-b572-d6b1c4893b0f-GrpcLogAppender: appendEntries Timeout, request=d13c026a-6de7-468a-bcba-b5f9e5455386->595ac112-eff6-4e35-b572-d6b1c4893b0f#30-t1, previous=(t:1, i:10), leaderCommit=10, initializing? false, entries: <empty>
2019-10-18 19:56:48,068 [EventQueue-ContainerReportForContainerReportHandler] WARN  container.ContainerReportHandler (AbstractContainerReportHandler.java:updateContainerState(145)) - Container #1 is in OPEN state, but the datanode 652c9eaa-759b-40b5-a420-e649d7d5dbbd{ip: 192.168.34.13, host: pr-hdds-2310-hfl48-2231614471, networkLocation: /default-rack, certSerialId: null} reports an CLOSED replica.
2019-10-18 19:56:48,132 [EventQueue-ContainerReportForContainerReportHandler] WARN  container.ContainerReportHandler (AbstractContainerReportHandler.java:updateContainerState(145)) - Container #1 is in OPEN state, but the datanode d13c026a-6de7-468a-bcba-b5f9e5455386{ip: 192.168.34.13, host: pr-hdds-2310-hfl48-2231614471, networkLocation: /default-rack, certSerialId: null} reports an CLOSED replica.
2019-10-18 19:56:48,468 [EventQueue-ContainerReportForContainerReportHandler] WARN  container.ContainerReportHandler (AbstractContainerReportHandler.java:updateContainerState(145)) - Container #1 is in OPEN state, but the datanode 652c9eaa-759b-40b5-a420-e649d7d5dbbd{ip: 192.168.34.13, host: pr-hdds-2310-hfl48-2231614471, networkLocation: /default-rack, certSerialId: null} reports an CLOSED replica.
2019-10-18 19:56:48,533 [EventQueue-ContainerReportForContainerReportHandler] WARN  container.ContainerReportHandler (AbstractContainerReportHandler.java:updateContainerState(145)) - Container #1 is in OPEN state, but the datanode d13c026a-6de7-468a-bcba-b5f9e5455386{ip: 192.168.34.13, host: pr-hdds-2310-hfl48-2231614471, networkLocation: /default-rack, certSerialId: null} reports an CLOSED replica.
2019-10-18 19:56:48,572 [BlockDeletingService#2] WARN  background.BlockDeletingService (BlockDeletingService.java:isDeletionAllowed(187)) - Close Container log Index 6 is not replicated across allthe servers in the pipeline 11bb0cf2-26ce-4402-a950-7b64e6e68f81 as the min replicated index is 4. Deletion is not allowed in this container yet.
2019-10-18 19:56:48,572 [BlockDeletingService#2] WARN  background.BlockDeletingService (BlockDeletingService.java:isDeletionAllowed(187)) - Close Container log Index 6 is not replicated across allthe servers in the pipeline 11bb0cf2-26ce-4402-a950-7b64e6e68f81 as the min replicated index is 4. Deletion is not allowed in this container yet.
2019-10-18 19:56:48,768 [EventQueue-ContainerReportForContainerReportHandler] WARN  container.ContainerReportHandler (AbstractContainerReportHandler.java:updateContainerState(145)) - Container #1 is in OPEN state, but the datanode 652c9eaa-759b-40b5-a420-e649d7d5dbbd{ip: 192.168.34.13, host: pr-hdds-2310-hfl48-2231614471, networkLocation: /default-rack, certSerialId: null} reports an CLOSED replica.
2019-10-18 19:56:48,834 [EventQueue-ContainerReportForContainerReportHandler] WARN  container.ContainerReportHandler (AbstractContainerReportHandler.java:updateContainerState(145)) - Container #1 is in OPEN state, but the datanode d13c026a-6de7-468a-bcba-b5f9e5455386{ip: 192.168.34.13, host: pr-hdds-2310-hfl48-2231614471, networkLocation: /default-rack, certSerialId: null} reports an CLOSED replica.
2019-10-18 19:56:48,967 [EventQueue-ContainerReportForContainerReportHandler] WARN  container.ContainerReportHandler (AbstractContainerReportHandler.java:updateContainerState(145)) - Container #1 is in OPEN state, but the datanode 652c9eaa-759b-40b5-a420-e649d7d5dbbd{ip: 192.168.34.13, host: pr-hdds-2310-hfl48-2231614471, networkLocation: /default-rack, certSerialId: null} reports an CLOSED replica.
2019-10-18 19:56:49,233 [EventQueue-ContainerReportForContainerReportHandler] WARN  container.ContainerReportHandler (AbstractContainerReportHandler.java:updateContainerState(145)) - Container #1 is in OPEN state, but the datanode d13c026a-6de7-468a-bcba-b5f9e5455386{ip: 192.168.34.13, host: pr-hdds-2310-hfl48-2231614471, networkLocation: /default-rack, certSerialId: null} reports an CLOSED replica.
2019-10-18 19:56:49,268 [EventQueue-ContainerReportForContainerReportHandler] WARN  container.ContainerReportHandler (AbstractContainerReportHandler.java:updateContainerState(145)) - Container #1 is in OPEN state, but the datanode 652c9eaa-759b-40b5-a420-e649d7d5dbbd{ip: 192.168.34.13, host: pr-hdds-2310-hfl48-2231614471, networkLocation: /default-rack, certSerialId: null} reports an CLOSED replica.
2019-10-18 19:56:49,433 [EventQueue-ContainerReportForContainerReportHandler] WARN  container.ContainerReportHandler (AbstractContainerReportHandler.java:updateContainerState(145)) - Container #1 is in OPEN state, but the datanode d13c026a-6de7-468a-bcba-b5f9e5455386{ip: 192.168.34.13, host: pr-hdds-2310-hfl48-2231614471, networkLocation: /default-rack, certSerialId: null} reports an CLOSED replica.
2019-10-18 19:56:49,574 [BlockDeletingService#2] WARN  background.BlockDeletingService (BlockDeletingService.java:isDeletionAllowed(187)) - Close Container log Index 6 is not replicated across allthe servers in the pipeline 11bb0cf2-26ce-4402-a950-7b64e6e68f81 as the min replicated index is 4. Deletion is not allowed in this container yet.
2019-10-18 19:56:49,574 [BlockDeletingService#2] WARN  background.BlockDeletingService (BlockDeletingService.java:isDeletionAllowed(187)) - Close Container log Index 6 is not replicated across allthe servers in the pipeline 11bb0cf2-26ce-4402-a950-7b64e6e68f81 as the min replicated index is 4. Deletion is not allowed in this container yet.
2019-10-18 19:56:49,667 [EventQueue-ContainerReportForContainerReportHandler] WARN  container.ContainerReportHandler (AbstractContainerReportHandler.java:updateContainerState(145)) - Container #1 is in OPEN state, but the datanode 652c9eaa-759b-40b5-a420-e649d7d5dbbd{ip: 192.168.34.13, host: pr-hdds-2310-hfl48-2231614471, networkLocation: /default-rack, certSerialId: null} reports an CLOSED replica.
2019-10-18 19:56:49,734 [EventQueue-ContainerReportForContainerReportHandler] WARN  container.ContainerReportHandler (AbstractContainerReportHandler.java:updateContainerState(145)) - Container #1 is in OPEN state, but the datanode d13c026a-6de7-468a-bcba-b5f9e5455386{ip: 192.168.34.13, host: pr-hdds-2310-hfl48-2231614471, networkLocation: /default-rack, certSerialId: null} reports an CLOSED replica.
2019-10-18 19:56:49,867 [EventQueue-ContainerReportForContainerReportHandler] WARN  container.ContainerReportHandler (AbstractContainerReportHandler.java:updateContainerState(145)) - Container #1 is in OPEN state, but the datanode 652c9eaa-759b-40b5-a420-e649d7d5dbbd{ip: 192.168.34.13, host: pr-hdds-2310-hfl48-2231614471, networkLocation: /default-rack, certSerialId: null} reports an CLOSED replica.
2019-10-18 19:56:50,035 [EventQueue-ContainerReportForContainerReportHandler] WARN  container.ContainerReportHandler (AbstractContainerReportHandler.java:updateContainerState(145)) - Container #1 is in OPEN state, but the datanode d13c026a-6de7-468a-bcba-b5f9e5455386{ip: 192.168.34.13, host: pr-hdds-2310-hfl48-2231614471, networkLocation: /default-rack, certSerialId: null} reports an CLOSED replica.
2019-10-18 19:56:50,067 [EventQueue-ContainerReportForContainerReportHandler] WARN  container.ContainerReportHandler (AbstractContainerReportHandler.java:updateContainerState(145)) - Container #1 is in OPEN state, but the datanode 652c9eaa-759b-40b5-a420-e649d7d5dbbd{ip: 192.168.34.13, host: pr-hdds-2310-hfl48-2231614471, networkLocation: /default-rack, certSerialId: null} reports an CLOSED replica.
2019-10-18 19:56:50,268 [EventQueue-ContainerReportForContainerReportHandler] WARN  container.ContainerReportHandler (AbstractContainerReportHandler.java:updateContainerState(145)) - Container #1 is in OPEN state, but the datanode 652c9eaa-759b-40b5-a420-e649d7d5dbbd{ip: 192.168.34.13, host: pr-hdds-2310-hfl48-2231614471, networkLocation: /default-rack, certSerialId: null} reports an CLOSED replica.
2019-10-18 19:56:50,335 [EventQueue-ContainerReportForContainerReportHandler] WARN  container.ContainerReportHandler (AbstractContainerReportHandler.java:updateContainerState(145)) - Container #1 is in OPEN state, but the datanode d13c026a-6de7-468a-bcba-b5f9e5455386{ip: 192.168.34.13, host: pr-hdds-2310-hfl48-2231614471, networkLocation: /default-rack, certSerialId: null} reports an CLOSED replica.
2019-10-18 19:56:50,470 [EventQueue-ContainerReportForContainerReportHandler] WARN  container.ContainerReportHandler (AbstractContainerReportHandler.java:updateContainerState(145)) - Container #1 is in OPEN state, but the datanode 652c9eaa-759b-40b5-a420-e649d7d5dbbd{ip: 192.168.34.13, host: pr-hdds-2310-hfl48-2231614471, networkLocation: /default-rack, certSerialId: null} reports an CLOSED replica.
2019-10-18 19:56:50,563 [java.util.concurrent.ThreadPoolExecutor$Worker@21220c2e[State = -1, empty queue]] WARN  server.GrpcLogAppender (GrpcLogAppender.java:timeoutAppendRequest(209)) - d13c026a-6de7-468a-bcba-b5f9e5455386@group-7B64E6E68F81->595ac112-eff6-4e35-b572-d6b1c4893b0f-GrpcLogAppender: appendEntries Timeout, request=d13c026a-6de7-468a-bcba-b5f9e5455386->595ac112-eff6-4e35-b572-d6b1c4893b0f#31-t1, previous=(t:1, i:10), leaderCommit=10, initializing? false, entries: <empty>
2019-10-18 19:56:50,575 [BlockDeletingService#2] WARN  background.BlockDeletingService (BlockDeletingService.java:isDeletionAllowed(187)) - Close Container log Index 6 is not replicated across allthe servers in the pipeline 11bb0cf2-26ce-4402-a950-7b64e6e68f81 as the min replicated index is 4. Deletion is not allowed in this container yet.
2019-10-18 19:56:50,575 [BlockDeletingService#2] WARN  background.BlockDeletingService (BlockDeletingService.java:isDeletionAllowed(187)) - Close Container log Index 6 is not replicated across allthe servers in the pipeline 11bb0cf2-26ce-4402-a950-7b64e6e68f81 as the min replicated index is 4. Deletion is not allowed in this container yet.
2019-10-18 19:56:50,636 [EventQueue-ContainerReportForContainerReportHandler] WARN  container.ContainerReportHandler (AbstractContainerReportHandler.java:updateContainerState(145)) - Container #1 is in OPEN state, but the datanode d13c026a-6de7-468a-bcba-b5f9e5455386{ip: 192.168.34.13, host: pr-hdds-2310-hfl48-2231614471, networkLocation: /default-rack, certSerialId: null} reports an CLOSED replica.
2019-10-18 19:56:50,654 [Thread-376] INFO  client.GrpcClientProtocolService (GrpcClientProtocolService.java:lambda$processClientRequest$0(278)) - Failed RaftClientRequest:client-B973F343C649->652c9eaa-759b-40b5-a420-e649d7d5dbbd@group-7B64E6E68F81, cid=10, seq=0, Watch-ALL_COMMITTED(6), Message:<EMPTY>, reply=RaftClientReply:client-B973F343C649->652c9eaa-759b-40b5-a420-e649d7d5dbbd@group-7B64E6E68F81, cid=10, FAILED org.apache.ratis.protocol.NotLeaderException: Server 652c9eaa-759b-40b5-a420-e649d7d5dbbd@group-7B64E6E68F81 is not the leader d13c026a-6de7-468a-bcba-b5f9e5455386:192.168.34.13:41921, logIndex=0, commits[652c9eaa-759b-40b5-a420-e649d7d5dbbd:c10, d13c026a-6de7-468a-bcba-b5f9e5455386:c10, 595ac112-eff6-4e35-b572-d6b1c4893b0f:c4]
2019-10-18 19:56:50,755 [Thread-379] INFO  client.GrpcClientProtocolService (GrpcClientProtocolService.java:lambda$processClientRequest$0(278)) - Failed RaftClientRequest:client-B973F343C649->d13c026a-6de7-468a-bcba-b5f9e5455386@group-7B64E6E68F81, cid=10, seq=0, Watch-ALL_COMMITTED(6), Message:<EMPTY>, reply=RaftClientReply:client-B973F343C649->d13c026a-6de7-468a-bcba-b5f9e5455386@group-7B64E6E68F81, cid=10, FAILED org.apache.ratis.protocol.NotReplicatedException: Request with call Id 10 and log index 6 is not yet replicated to ALL_COMMITTED, logIndex=6, commits[d13c026a-6de7-468a-bcba-b5f9e5455386:c10, 652c9eaa-759b-40b5-a420-e649d7d5dbbd:c10, 595ac112-eff6-4e35-b572-d6b1c4893b0f:c4]
2019-10-18 19:56:50,769 [EventQueue-ContainerReportForContainerReportHandler] WARN  container.ContainerReportHandler (AbstractContainerReportHandler.java:updateContainerState(145)) - Container #1 is in OPEN state, but the datanode 652c9eaa-759b-40b5-a420-e649d7d5dbbd{ip: 192.168.34.13, host: pr-hdds-2310-hfl48-2231614471, networkLocation: /default-rack, certSerialId: null} reports an CLOSED replica.
2019-10-18 19:56:51,036 [EventQueue-ContainerReportForContainerReportHandler] WARN  container.ContainerReportHandler (AbstractContainerReportHandler.java:updateContainerState(145)) - Container #1 is in OPEN state, but the datanode d13c026a-6de7-468a-bcba-b5f9e5455386{ip: 192.168.34.13, host: pr-hdds-2310-hfl48-2231614471, networkLocation: /default-rack, certSerialId: null} reports an CLOSED replica.
2019-10-18 19:56:51,169 [EventQueue-ContainerReportForContainerReportHandler] WARN  container.ContainerReportHandler (AbstractContainerReportHandler.java:updateContainerState(145)) - Container #1 is in OPEN state, but the datanode 652c9eaa-759b-40b5-a420-e649d7d5dbbd{ip: 192.168.34.13, host: pr-hdds-2310-hfl48-2231614471, networkLocation: /default-rack, certSerialId: null} reports an CLOSED replica.
2019-10-18 19:56:51,336 [EventQueue-ContainerReportForContainerReportHandler] WARN  container.ContainerReportHandler (AbstractContainerReportHandler.java:updateContainerState(145)) - Container #1 is in OPEN state, but the datanode d13c026a-6de7-468a-bcba-b5f9e5455386{ip: 192.168.34.13, host: pr-hdds-2310-hfl48-2231614471, networkLocation: /default-rack, certSerialId: null} reports an CLOSED replica.
2019-10-18 19:56:51,469 [EventQueue-ContainerReportForContainerReportHandler] WARN  container.ContainerReportHandler (AbstractContainerReportHandler.java:updateContainerState(145)) - Container #1 is in OPEN state, but the datanode 652c9eaa-759b-40b5-a420-e649d7d5dbbd{ip: 192.168.34.13, host: pr-hdds-2310-hfl48-2231614471, networkLocation: /default-rack, certSerialId: null} reports an CLOSED replica.
2019-10-18 19:56:51,535 [EventQueue-ContainerReportForContainerReportHandler] WARN  container.ContainerReportHandler (AbstractContainerReportHandler.java:updateContainerState(145)) - Container #1 is in OPEN state, but the datanode d13c026a-6de7-468a-bcba-b5f9e5455386{ip: 192.168.34.13, host: pr-hdds-2310-hfl48-2231614471, networkLocation: /default-rack, certSerialId: null} reports an CLOSED replica.
2019-10-18 19:56:51,577 [BlockDeletingService#2] WARN  background.BlockDeletingService (BlockDeletingService.java:isDeletionAllowed(187)) - Close Container log Index 6 is not replicated across allthe servers in the pipeline 11bb0cf2-26ce-4402-a950-7b64e6e68f81 as the min replicated index is 4. Deletion is not allowed in this container yet.
2019-10-18 19:56:51,578 [BlockDeletingService#2] WARN  background.BlockDeletingService (BlockDeletingService.java:isDeletionAllowed(187)) - Close Container log Index 6 is not replicated across allthe servers in the pipeline 11bb0cf2-26ce-4402-a950-7b64e6e68f81 as the min replicated index is 4. Deletion is not allowed in this container yet.
2019-10-18 19:56:51,836 [EventQueue-ContainerReportForContainerReportHandler] WARN  container.ContainerReportHandler (AbstractContainerReportHandler.java:updateContainerState(145)) - Container #1 is in OPEN state, but the datanode d13c026a-6de7-468a-bcba-b5f9e5455386{ip: 192.168.34.13, host: pr-hdds-2310-hfl48-2231614471, networkLocation: /default-rack, certSerialId: null} reports an CLOSED replica.
2019-10-18 19:56:51,870 [EventQueue-ContainerReportForContainerReportHandler] WARN  container.ContainerReportHandler (AbstractContainerReportHandler.java:updateContainerState(145)) - Container #1 is in OPEN state, but the datanode 652c9eaa-759b-40b5-a420-e649d7d5dbbd{ip: 192.168.34.13, host: pr-hdds-2310-hfl48-2231614471, networkLocation: /default-rack, certSerialId: null} reports an CLOSED replica.
2019-10-18 19:56:52,136 [EventQueue-ContainerReportForContainerReportHandler] WARN  container.ContainerReportHandler (AbstractContainerReportHandler.java:updateContainerState(145)) - Container #1 is in OPEN state, but the datanode d13c026a-6de7-468a-bcba-b5f9e5455386{ip: 192.168.34.13, host: pr-hdds-2310-hfl48-2231614471, networkLocation: /default-rack, certSerialId: null} reports an CLOSED replica.
2019-10-18 19:56:52,172 [EventQueue-ContainerReportForContainerReportHandler] WARN  container.ContainerReportHandler (AbstractContainerReportHandler.java:updateContainerState(145)) - Container #1 is in OPEN state, but the datanode 652c9eaa-759b-40b5-a420-e649d7d5dbbd{ip: 192.168.34.13, host: pr-hdds-2310-hfl48-2231614471, networkLocation: /default-rack, certSerialId: null} reports an CLOSED replica.
2019-10-18 19:56:52,336 [EventQueue-ContainerReportForContainerReportHandler] WARN  container.ContainerReportHandler (AbstractContainerReportHandler.java:updateContainerState(145)) - Container #1 is in OPEN state, but the datanode d13c026a-6de7-468a-bcba-b5f9e5455386{ip: 192.168.34.13, host: pr-hdds-2310-hfl48-2231614471, networkLocation: /default-rack, certSerialId: null} reports an CLOSED replica.
2019-10-18 19:56:52,471 [EventQueue-ContainerReportForContainerReportHandler] WARN  container.ContainerReportHandler (AbstractContainerReportHandler.java:updateContainerState(145)) - Container #1 is in OPEN state, but the datanode 652c9eaa-759b-40b5-a420-e649d7d5dbbd{ip: 192.168.34.13, host: pr-hdds-2310-hfl48-2231614471, networkLocation: /default-rack, certSerialId: null} reports an CLOSED replica.
2019-10-18 19:56:52,580 [BlockDeletingService#2] WARN  background.BlockDeletingService (BlockDeletingService.java:isDeletionAllowed(187)) - Close Container log Index 6 is not replicated across allthe servers in the pipeline 11bb0cf2-26ce-4402-a950-7b64e6e68f81 as the min replicated index is 4. Deletion is not allowed in this container yet.
2019-10-18 19:56:52,580 [BlockDeletingService#2] WARN  background.BlockDeletingService (BlockDeletingService.java:isDeletionAllowed(187)) - Close Container log Index 6 is not replicated across allthe servers in the pipeline 11bb0cf2-26ce-4402-a950-7b64e6e68f81 as the min replicated index is 4. Deletion is not allowed in this container yet.
2019-10-18 19:56:52,738 [EventQueue-ContainerReportForContainerReportHandler] WARN  container.ContainerReportHandler (AbstractContainerReportHandler.java:updateContainerState(145)) - Container #1 is in OPEN state, but the datanode d13c026a-6de7-468a-bcba-b5f9e5455386{ip: 192.168.34.13, host: pr-hdds-2310-hfl48-2231614471, networkLocation: /default-rack, certSerialId: null} reports an CLOSED replica.
2019-10-18 19:56:52,872 [EventQueue-ContainerReportForContainerReportHandler] WARN  container.ContainerReportHandler (AbstractContainerReportHandler.java:updateContainerState(145)) - Container #1 is in OPEN state, but the datanode 652c9eaa-759b-40b5-a420-e649d7d5dbbd{ip: 192.168.34.13, host: pr-hdds-2310-hfl48-2231614471, networkLocation: /default-rack, certSerialId: null} reports an CLOSED replica.
2019-10-18 19:56:53,039 [EventQueue-ContainerReportForContainerReportHandler] WARN  container.ContainerReportHandler (AbstractContainerReportHandler.java:updateContainerState(145)) - Container #1 is in OPEN state, but the datanode d13c026a-6de7-468a-bcba-b5f9e5455386{ip: 192.168.34.13, host: pr-hdds-2310-hfl48-2231614471, networkLocation: /default-rack, certSerialId: null} reports an CLOSED replica.
2019-10-18 19:56:53,064 [java.util.concurrent.ThreadPoolExecutor$Worker@21220c2e[State = -1, empty queue]] WARN  server.GrpcLogAppender (GrpcLogAppender.java:timeoutAppendRequest(209)) - d13c026a-6de7-468a-bcba-b5f9e5455386@group-7B64E6E68F81->595ac112-eff6-4e35-b572-d6b1c4893b0f-GrpcLogAppender: appendEntries Timeout, request=d13c026a-6de7-468a-bcba-b5f9e5455386->595ac112-eff6-4e35-b572-d6b1c4893b0f#32-t1, previous=(t:1, i:10), leaderCommit=10, initializing? false, entries: <empty>
2019-10-18 19:56:53,073 [EventQueue-ContainerReportForContainerReportHandler] WARN  container.ContainerReportHandler (AbstractContainerReportHandler.java:updateContainerState(145)) - Container #1 is in OPEN state, but the datanode 652c9eaa-759b-40b5-a420-e649d7d5dbbd{ip: 192.168.34.13, host: pr-hdds-2310-hfl48-2231614471, networkLocation: /default-rack, certSerialId: null} reports an CLOSED replica.
2019-10-18 19:56:53,239 [EventQueue-ContainerReportForContainerReportHandler] WARN  container.ContainerReportHandler (AbstractContainerReportHandler.java:updateContainerState(145)) - Container #1 is in OPEN state, but the datanode d13c026a-6de7-468a-bcba-b5f9e5455386{ip: 192.168.34.13, host: pr-hdds-2310-hfl48-2231614471, networkLocation: /default-rack, certSerialId: null} reports an CLOSED replica.
2019-10-18 19:56:53,373 [EventQueue-ContainerReportForContainerReportHandler] WARN  container.ContainerReportHandler (AbstractContainerReportHandler.java:updateContainerState(145)) - Container #1 is in OPEN state, but the datanode 652c9eaa-759b-40b5-a420-e649d7d5dbbd{ip: 192.168.34.13, host: pr-hdds-2310-hfl48-2231614471, networkLocation: /default-rack, certSerialId: null} reports an CLOSED replica.
2019-10-18 19:56:53,438 [EventQueue-ContainerReportForContainerReportHandler] WARN  container.ContainerReportHandler (AbstractContainerReportHandler.java:updateContainerState(145)) - Container #1 is in OPEN state, but the datanode d13c026a-6de7-468a-bcba-b5f9e5455386{ip: 192.168.34.13, host: pr-hdds-2310-hfl48-2231614471, networkLocation: /default-rack, certSerialId: null} reports an CLOSED replica.
2019-10-18 19:56:53,583 [BlockDeletingService#2] WARN  background.BlockDeletingService (BlockDeletingService.java:isDeletionAllowed(187)) - Close Container log Index 6 is not replicated across allthe servers in the pipeline 11bb0cf2-26ce-4402-a950-7b64e6e68f81 as the min replicated index is 4. Deletion is not allowed in this container yet.
2019-10-18 19:56:53,583 [BlockDeletingService#2] WARN  background.BlockDeletingService (BlockDeletingService.java:isDeletionAllowed(187)) - Close Container log Index 6 is not replicated across allthe servers in the pipeline 11bb0cf2-26ce-4402-a950-7b64e6e68f81 as the min replicated index is 4. Deletion is not allowed in this container yet.
2019-10-18 19:56:53,675 [EventQueue-ContainerReportForContainerReportHandler] WARN  container.ContainerReportHandler (AbstractContainerReportHandler.java:updateContainerState(145)) - Container #1 is in OPEN state, but the datanode 652c9eaa-759b-40b5-a420-e649d7d5dbbd{ip: 192.168.34.13, host: pr-hdds-2310-hfl48-2231614471, networkLocation: /default-rack, certSerialId: null} reports an CLOSED replica.
2019-10-18 19:56:53,738 [EventQueue-ContainerReportForContainerReportHandler] WARN  container.ContainerReportHandler (AbstractContainerReportHandler.java:updateContainerState(145)) - Container #1 is in OPEN state, but the datanode d13c026a-6de7-468a-bcba-b5f9e5455386{ip: 192.168.34.13, host: pr-hdds-2310-hfl48-2231614471, networkLocation: /default-rack, certSerialId: null} reports an CLOSED replica.
2019-10-18 19:56:53,976 [EventQueue-ContainerReportForContainerReportHandler] WARN  container.ContainerReportHandler (AbstractContainerReportHandler.java:updateContainerState(145)) - Container #1 is in OPEN state, but the datanode 652c9eaa-759b-40b5-a420-e649d7d5dbbd{ip: 192.168.34.13, host: pr-hdds-2310-hfl48-2231614471, networkLocation: /default-rack, certSerialId: null} reports an CLOSED replica.
2019-10-18 19:56:54,038 [EventQueue-ContainerReportForContainerReportHandler] WARN  container.ContainerReportHandler (AbstractContainerReportHandler.java:updateContainerState(145)) - Container #1 is in OPEN state, but the datanode d13c026a-6de7-468a-bcba-b5f9e5455386{ip: 192.168.34.13, host: pr-hdds-2310-hfl48-2231614471, networkLocation: /default-rack, certSerialId: null} reports an CLOSED replica.
2019-10-18 19:56:54,339 [EventQueue-ContainerReportForContainerReportHandler] WARN  container.ContainerReportHandler (AbstractContainerReportHandler.java:updateContainerState(145)) - Container #1 is in OPEN state, but the datanode d13c026a-6de7-468a-bcba-b5f9e5455386{ip: 192.168.34.13, host: pr-hdds-2310-hfl48-2231614471, networkLocation: /default-rack, certSerialId: null} reports an CLOSED replica.
2019-10-18 19:56:54,375 [EventQueue-ContainerReportForContainerReportHandler] WARN  container.ContainerReportHandler (AbstractContainerReportHandler.java:updateContainerState(145)) - Container #1 is in OPEN state, but the datanode 652c9eaa-759b-40b5-a420-e649d7d5dbbd{ip: 192.168.34.13, host: pr-hdds-2310-hfl48-2231614471, networkLocation: /default-rack, certSerialId: null} reports an CLOSED replica.
2019-10-18 19:56:54,540 [EventQueue-ContainerReportForContainerReportHandler] WARN  container.ContainerReportHandler (AbstractContainerReportHandler.java:updateContainerState(145)) - Container #1 is in OPEN state, but the datanode d13c026a-6de7-468a-bcba-b5f9e5455386{ip: 192.168.34.13, host: pr-hdds-2310-hfl48-2231614471, networkLocation: /default-rack, certSerialId: null} reports an CLOSED replica.
2019-10-18 19:56:54,585 [BlockDeletingService#2] WARN  background.BlockDeletingService (BlockDeletingService.java:isDeletionAllowed(187)) - Close Container log Index 6 is not replicated across allthe servers in the pipeline 11bb0cf2-26ce-4402-a950-7b64e6e68f81 as the min replicated index is 4. Deletion is not allowed in this container yet.
2019-10-18 19:56:54,585 [BlockDeletingService#2] WARN  background.BlockDeletingService (BlockDeletingService.java:isDeletionAllowed(187)) - Close Container log Index 6 is not replicated across allthe servers in the pipeline 11bb0cf2-26ce-4402-a950-7b64e6e68f81 as the min replicated index is 4. Deletion is not allowed in this container yet.
2019-10-18 19:56:54,678 [EventQueue-ContainerReportForContainerReportHandler] WARN  container.ContainerReportHandler (AbstractContainerReportHandler.java:updateContainerState(145)) - Container #1 is in OPEN state, but the datanode 652c9eaa-759b-40b5-a420-e649d7d5dbbd{ip: 192.168.34.13, host: pr-hdds-2310-hfl48-2231614471, networkLocation: /default-rack, certSerialId: null} reports an CLOSED replica.
2019-10-18 19:56:54,941 [EventQueue-ContainerReportForContainerReportHandler] WARN  container.ContainerReportHandler (AbstractContainerReportHandler.java:updateContainerState(145)) - Container #1 is in OPEN state, but the datanode d13c026a-6de7-468a-bcba-b5f9e5455386{ip: 192.168.34.13, host: pr-hdds-2310-hfl48-2231614471, networkLocation: /default-rack, certSerialId: null} reports an CLOSED replica.
2019-10-18 19:56:54,978 [EventQueue-ContainerReportForContainerReportHandler] WARN  container.ContainerReportHandler (AbstractContainerReportHandler.java:updateContainerState(145)) - Container #1 is in OPEN state, but the datanode 652c9eaa-759b-40b5-a420-e649d7d5dbbd{ip: 192.168.34.13, host: pr-hdds-2310-hfl48-2231614471, networkLocation: /default-rack, certSerialId: null} reports an CLOSED replica.
2019-10-18 19:56:55,279 [EventQueue-ContainerReportForContainerReportHandler] WARN  container.ContainerReportHandler (AbstractContainerReportHandler.java:updateContainerState(145)) - Container #1 is in OPEN state, but the datanode 652c9eaa-759b-40b5-a420-e649d7d5dbbd{ip: 192.168.34.13, host: pr-hdds-2310-hfl48-2231614471, networkLocation: /default-rack, certSerialId: null} reports an CLOSED replica.
2019-10-18 19:56:55,341 [EventQueue-ContainerReportForContainerReportHandler] WARN  container.ContainerReportHandler (AbstractContainerReportHandler.java:updateContainerState(145)) - Container #1 is in OPEN state, but the datanode d13c026a-6de7-468a-bcba-b5f9e5455386{ip: 192.168.34.13, host: pr-hdds-2310-hfl48-2231614471, networkLocation: /default-rack, certSerialId: null} reports an CLOSED replica.
2019-10-18 19:56:55,479 [EventQueue-ContainerReportForContainerReportHandler] WARN  container.ContainerReportHandler (AbstractContainerReportHandler.java:updateContainerState(145)) - Container #1 is in OPEN state, but the datanode 652c9eaa-759b-40b5-a420-e649d7d5dbbd{ip: 192.168.34.13, host: pr-hdds-2310-hfl48-2231614471, networkLocation: /default-rack, certSerialId: null} reports an CLOSED replica.
2019-10-18 19:56:55,542 [EventQueue-ContainerReportForContainerReportHandler] WARN  container.ContainerReportHandler (AbstractContainerReportHandler.java:updateContainerState(145)) - Container #1 is in OPEN state, but the datanode d13c026a-6de7-468a-bcba-b5f9e5455386{ip: 192.168.34.13, host: pr-hdds-2310-hfl48-2231614471, networkLocation: /default-rack, certSerialId: null} reports an CLOSED replica.
2019-10-18 19:56:55,565 [java.util.concurrent.ThreadPoolExecutor$Worker@21220c2e[State = -1, empty queue]] WARN  server.GrpcLogAppender (GrpcLogAppender.java:timeoutAppendRequest(209)) - d13c026a-6de7-468a-bcba-b5f9e5455386@group-7B64E6E68F81->595ac112-eff6-4e35-b572-d6b1c4893b0f-GrpcLogAppender: appendEntries Timeout, request=d13c026a-6de7-468a-bcba-b5f9e5455386->595ac112-eff6-4e35-b572-d6b1c4893b0f#33-t1, previous=(t:1, i:10), leaderCommit=10, initializing? false, entries: <empty>
2019-10-18 19:56:55,587 [BlockDeletingService#2] WARN  background.BlockDeletingService (BlockDeletingService.java:isDeletionAllowed(187)) - Close Container log Index 6 is not replicated across allthe servers in the pipeline 11bb0cf2-26ce-4402-a950-7b64e6e68f81 as the min replicated index is 4. Deletion is not allowed in this container yet.
2019-10-18 19:56:55,587 [BlockDeletingService#2] WARN  background.BlockDeletingService (BlockDeletingService.java:isDeletionAllowed(187)) - Close Container log Index 6 is not replicated across allthe servers in the pipeline 11bb0cf2-26ce-4402-a950-7b64e6e68f81 as the min replicated index is 4. Deletion is not allowed in this container yet.
2019-10-18 19:56:55,742 [EventQueue-ContainerReportForContainerReportHandler] WARN  container.ContainerReportHandler (AbstractContainerReportHandler.java:updateContainerState(145)) - Container #1 is in OPEN state, but the datanode d13c026a-6de7-468a-bcba-b5f9e5455386{ip: 192.168.34.13, host: pr-hdds-2310-hfl48-2231614471, networkLocation: /default-rack, certSerialId: null} reports an CLOSED replica.
2019-10-18 19:56:55,780 [EventQueue-ContainerReportForContainerReportHandler] WARN  container.ContainerReportHandler (AbstractContainerReportHandler.java:updateContainerState(145)) - Container #1 is in OPEN state, but the datanode 652c9eaa-759b-40b5-a420-e649d7d5dbbd{ip: 192.168.34.13, host: pr-hdds-2310-hfl48-2231614471, networkLocation: /default-rack, certSerialId: null} reports an CLOSED replica.
2019-10-18 19:56:55,980 [EventQueue-ContainerReportForContainerReportHandler] WARN  container.ContainerReportHandler (AbstractContainerReportHandler.java:updateContainerState(145)) - Container #1 is in OPEN state, but the datanode 652c9eaa-759b-40b5-a420-e649d7d5dbbd{ip: 192.168.34.13, host: pr-hdds-2310-hfl48-2231614471, networkLocation: /default-rack, certSerialId: null} reports an CLOSED replica.
2019-10-18 19:56:56,043 [EventQueue-ContainerReportForContainerReportHandler] WARN  container.ContainerReportHandler (AbstractContainerReportHandler.java:updateContainerState(145)) - Container #1 is in OPEN state, but the datanode d13c026a-6de7-468a-bcba-b5f9e5455386{ip: 192.168.34.13, host: pr-hdds-2310-hfl48-2231614471, networkLocation: /default-rack, certSerialId: null} reports an CLOSED replica.
2019-10-18 19:56:56,243 [EventQueue-ContainerReportForContainerReportHandler] WARN  container.ContainerReportHandler (AbstractContainerReportHandler.java:updateContainerState(145)) - Container #1 is in OPEN state, but the datanode d13c026a-6de7-468a-bcba-b5f9e5455386{ip: 192.168.34.13, host: pr-hdds-2310-hfl48-2231614471, networkLocation: /default-rack, certSerialId: null} reports an CLOSED replica.
2019-10-18 19:56:56,280 [EventQueue-ContainerReportForContainerReportHandler] WARN  container.ContainerReportHandler (AbstractContainerReportHandler.java:updateContainerState(145)) - Container #1 is in OPEN state, but the datanode 652c9eaa-759b-40b5-a420-e649d7d5dbbd{ip: 192.168.34.13, host: pr-hdds-2310-hfl48-2231614471, networkLocation: /default-rack, certSerialId: null} reports an CLOSED replica.
2019-10-18 19:56:56,481 [EventQueue-ContainerReportForContainerReportHandler] WARN  container.ContainerReportHandler (AbstractContainerReportHandler.java:updateContainerState(145)) - Container #1 is in OPEN state, but the datanode 652c9eaa-759b-40b5-a420-e649d7d5dbbd{ip: 192.168.34.13, host: pr-hdds-2310-hfl48-2231614471, networkLocation: /default-rack, certSerialId: null} reports an CLOSED replica.
2019-10-18 19:56:56,545 [EventQueue-ContainerReportForContainerReportHandler] WARN  container.ContainerReportHandler (AbstractContainerReportHandler.java:updateContainerState(145)) - Container #1 is in OPEN state, but the datanode d13c026a-6de7-468a-bcba-b5f9e5455386{ip: 192.168.34.13, host: pr-hdds-2310-hfl48-2231614471, networkLocation: /default-rack, certSerialId: null} reports an CLOSED replica.
2019-10-18 19:56:56,590 [BlockDeletingService#2] WARN  background.BlockDeletingService (BlockDeletingService.java:isDeletionAllowed(187)) - Close Container log Index 6 is not replicated across allthe servers in the pipeline 11bb0cf2-26ce-4402-a950-7b64e6e68f81 as the min replicated index is 4. Deletion is not allowed in this container yet.
2019-10-18 19:56:56,590 [BlockDeletingService#2] WARN  background.BlockDeletingService (BlockDeletingService.java:isDeletionAllowed(187)) - Close Container log Index 6 is not replicated across allthe servers in the pipeline 11bb0cf2-26ce-4402-a950-7b64e6e68f81 as the min replicated index is 4. Deletion is not allowed in this container yet.
2019-10-18 19:56:56,845 [EventQueue-ContainerReportForContainerReportHandler] WARN  container.ContainerReportHandler (AbstractContainerReportHandler.java:updateContainerState(145)) - Container #1 is in OPEN state, but the datanode d13c026a-6de7-468a-bcba-b5f9e5455386{ip: 192.168.34.13, host: pr-hdds-2310-hfl48-2231614471, networkLocation: /default-rack, certSerialId: null} reports an CLOSED replica.
2019-10-18 19:56:56,886 [EventQueue-ContainerReportForContainerReportHandler] WARN  container.ContainerReportHandler (AbstractContainerReportHandler.java:updateContainerState(145)) - Container #1 is in OPEN state, but the datanode 652c9eaa-759b-40b5-a420-e649d7d5dbbd{ip: 192.168.34.13, host: pr-hdds-2310-hfl48-2231614471, networkLocation: /default-rack, certSerialId: null} reports an CLOSED replica.
2019-10-18 19:56:57,145 [EventQueue-ContainerReportForContainerReportHandler] WARN  container.ContainerReportHandler (AbstractContainerReportHandler.java:updateContainerState(145)) - Container #1 is in OPEN state, but the datanode d13c026a-6de7-468a-bcba-b5f9e5455386{ip: 192.168.34.13, host: pr-hdds-2310-hfl48-2231614471, networkLocation: /default-rack, certSerialId: null} reports an CLOSED replica.
2019-10-18 19:56:57,184 [EventQueue-ContainerReportForContainerReportHandler] WARN  container.ContainerReportHandler (AbstractContainerReportHandler.java:updateContainerState(145)) - Container #1 is in OPEN state, but the datanode 652c9eaa-759b-40b5-a420-e649d7d5dbbd{ip: 192.168.34.13, host: pr-hdds-2310-hfl48-2231614471, networkLocation: /default-rack, certSerialId: null} reports an CLOSED replica.
2019-10-18 19:56:57,446 [EventQueue-ContainerReportForContainerReportHandler] WARN  container.ContainerReportHandler (AbstractContainerReportHandler.java:updateContainerState(145)) - Container #1 is in OPEN state, but the datanode d13c026a-6de7-468a-bcba-b5f9e5455386{ip: 192.168.34.13, host: pr-hdds-2310-hfl48-2231614471, networkLocation: /default-rack, certSerialId: null} reports an CLOSED replica.
2019-10-18 19:56:57,484 [EventQueue-ContainerReportForContainerReportHandler] WARN  container.ContainerReportHandler (AbstractContainerReportHandler.java:updateContainerState(145)) - Container #1 is in OPEN state, but the datanode 652c9eaa-759b-40b5-a420-e649d7d5dbbd{ip: 192.168.34.13, host: pr-hdds-2310-hfl48-2231614471, networkLocation: /default-rack, certSerialId: null} reports an CLOSED replica.
2019-10-18 19:56:57,591 [BlockDeletingService#2] WARN  background.BlockDeletingService (BlockDeletingService.java:isDeletionAllowed(187)) - Close Container log Index 6 is not replicated across allthe servers in the pipeline 11bb0cf2-26ce-4402-a950-7b64e6e68f81 as the min replicated index is 4. Deletion is not allowed in this container yet.
2019-10-18 19:56:57,591 [BlockDeletingService#2] WARN  background.BlockDeletingService (BlockDeletingService.java:isDeletionAllowed(187)) - Close Container log Index 6 is not replicated across allthe servers in the pipeline 11bb0cf2-26ce-4402-a950-7b64e6e68f81 as the min replicated index is 4. Deletion is not allowed in this container yet.
2019-10-18 19:56:57,646 [EventQueue-ContainerReportForContainerReportHandler] WARN  container.ContainerReportHandler (AbstractContainerReportHandler.java:updateContainerState(145)) - Container #1 is in OPEN state, but the datanode d13c026a-6de7-468a-bcba-b5f9e5455386{ip: 192.168.34.13, host: pr-hdds-2310-hfl48-2231614471, networkLocation: /default-rack, certSerialId: null} reports an CLOSED replica.
2019-10-18 19:56:57,785 [EventQueue-ContainerReportForContainerReportHandler] WARN  container.ContainerReportHandler (AbstractContainerReportHandler.java:updateContainerState(145)) - Container #1 is in OPEN state, but the datanode 652c9eaa-759b-40b5-a420-e649d7d5dbbd{ip: 192.168.34.13, host: pr-hdds-2310-hfl48-2231614471, networkLocation: /default-rack, certSerialId: null} reports an CLOSED replica.
2019-10-18 19:56:57,984 [EventQueue-ContainerReportForContainerReportHandler] WARN  container.ContainerReportHandler (AbstractContainerReportHandler.java:updateContainerState(145)) - Container #1 is in OPEN state, but the datanode 652c9eaa-759b-40b5-a420-e649d7d5dbbd{ip: 192.168.34.13, host: pr-hdds-2310-hfl48-2231614471, networkLocation: /default-rack, certSerialId: null} reports an CLOSED replica.
2019-10-18 19:56:58,047 [EventQueue-ContainerReportForContainerReportHandler] WARN  container.ContainerReportHandler (AbstractContainerReportHandler.java:updateContainerState(145)) - Container #1 is in OPEN state, but the datanode d13c026a-6de7-468a-bcba-b5f9e5455386{ip: 192.168.34.13, host: pr-hdds-2310-hfl48-2231614471, networkLocation: /default-rack, certSerialId: null} reports an CLOSED replica.
2019-10-18 19:56:58,066 [java.util.concurrent.ThreadPoolExecutor$Worker@21220c2e[State = -1, empty queue]] WARN  server.GrpcLogAppender (GrpcLogAppender.java:timeoutAppendRequest(209)) - d13c026a-6de7-468a-bcba-b5f9e5455386@group-7B64E6E68F81->595ac112-eff6-4e35-b572-d6b1c4893b0f-GrpcLogAppender: appendEntries Timeout, request=d13c026a-6de7-468a-bcba-b5f9e5455386->595ac112-eff6-4e35-b572-d6b1c4893b0f#34-t1, previous=(t:1, i:10), leaderCommit=10, initializing? false, entries: <empty>
2019-10-18 19:56:58,346 [EventQueue-ContainerReportForContainerReportHandler] WARN  container.ContainerReportHandler (AbstractContainerReportHandler.java:updateContainerState(145)) - Container #1 is in OPEN state, but the datanode d13c026a-6de7-468a-bcba-b5f9e5455386{ip: 192.168.34.13, host: pr-hdds-2310-hfl48-2231614471, networkLocation: /default-rack, certSerialId: null} reports an CLOSED replica.
2019-10-18 19:56:58,385 [EventQueue-ContainerReportForContainerReportHandler] WARN  container.ContainerReportHandler (AbstractContainerReportHandler.java:updateContainerState(145)) - Container #1 is in OPEN state, but the datanode 652c9eaa-759b-40b5-a420-e649d7d5dbbd{ip: 192.168.34.13, host: pr-hdds-2310-hfl48-2231614471, networkLocation: /default-rack, certSerialId: null} reports an CLOSED replica.
2019-10-18 19:56:58,593 [BlockDeletingService#2] WARN  background.BlockDeletingService (BlockDeletingService.java:isDeletionAllowed(187)) - Close Container log Index 6 is not replicated across allthe servers in the pipeline 11bb0cf2-26ce-4402-a950-7b64e6e68f81 as the min replicated index is 4. Deletion is not allowed in this container yet.
2019-10-18 19:56:58,593 [BlockDeletingService#2] WARN  background.BlockDeletingService (BlockDeletingService.java:isDeletionAllowed(187)) - Close Container log Index 6 is not replicated across allthe servers in the pipeline 11bb0cf2-26ce-4402-a950-7b64e6e68f81 as the min replicated index is 4. Deletion is not allowed in this container yet.
2019-10-18 19:56:58,646 [EventQueue-ContainerReportForContainerReportHandler] WARN  container.ContainerReportHandler (AbstractContainerReportHandler.java:updateContainerState(145)) - Container #1 is in OPEN state, but the datanode d13c026a-6de7-468a-bcba-b5f9e5455386{ip: 192.168.34.13, host: pr-hdds-2310-hfl48-2231614471, networkLocation: /default-rack, certSerialId: null} reports an CLOSED replica.
2019-10-18 19:56:58,685 [EventQueue-ContainerReportForContainerReportHandler] WARN  container.ContainerReportHandler (AbstractContainerReportHandler.java:updateContainerState(145)) - Container #1 is in OPEN state, but the datanode 652c9eaa-759b-40b5-a420-e649d7d5dbbd{ip: 192.168.34.13, host: pr-hdds-2310-hfl48-2231614471, networkLocation: /default-rack, certSerialId: null} reports an CLOSED replica.
2019-10-18 19:56:58,885 [EventQueue-ContainerReportForContainerReportHandler] WARN  container.ContainerReportHandler (AbstractContainerReportHandler.java:updateContainerState(145)) - Container #1 is in OPEN state, but the datanode 652c9eaa-759b-40b5-a420-e649d7d5dbbd{ip: 192.168.34.13, host: pr-hdds-2310-hfl48-2231614471, networkLocation: /default-rack, certSerialId: null} reports an CLOSED replica.
2019-10-18 19:56:59,047 [EventQueue-ContainerReportForContainerReportHandler] WARN  container.ContainerReportHandler (AbstractContainerReportHandler.java:updateContainerState(145)) - Container #1 is in OPEN state, but the datanode d13c026a-6de7-468a-bcba-b5f9e5455386{ip: 192.168.34.13, host: pr-hdds-2310-hfl48-2231614471, networkLocation: /default-rack, certSerialId: null} reports an CLOSED replica.
2019-10-18 19:56:59,185 [EventQueue-ContainerReportForContainerReportHandler] WARN  container.ContainerReportHandler (AbstractContainerReportHandler.java:updateContainerState(145)) - Container #1 is in OPEN state, but the datanode 652c9eaa-759b-40b5-a420-e649d7d5dbbd{ip: 192.168.34.13, host: pr-hdds-2310-hfl48-2231614471, networkLocation: /default-rack, certSerialId: null} reports an CLOSED replica.
2019-10-18 19:56:59,247 [EventQueue-ContainerReportForContainerReportHandler] WARN  container.ContainerReportHandler (AbstractContainerReportHandler.java:updateContainerState(145)) - Container #1 is in OPEN state, but the datanode d13c026a-6de7-468a-bcba-b5f9e5455386{ip: 192.168.34.13, host: pr-hdds-2310-hfl48-2231614471, networkLocation: /default-rack, certSerialId: null} reports an CLOSED replica.
2019-10-18 19:56:59,385 [EventQueue-ContainerReportForContainerReportHandler] WARN  container.ContainerReportHandler (AbstractContainerReportHandler.java:updateContainerState(145)) - Container #1 is in OPEN state, but the datanode 652c9eaa-759b-40b5-a420-e649d7d5dbbd{ip: 192.168.34.13, host: pr-hdds-2310-hfl48-2231614471, networkLocation: /default-rack, certSerialId: null} reports an CLOSED replica.
2019-10-18 19:56:59,547 [EventQueue-ContainerReportForContainerReportHandler] WARN  container.ContainerReportHandler (AbstractContainerReportHandler.java:updateContainerState(145)) - Container #1 is in OPEN state, but the datanode d13c026a-6de7-468a-bcba-b5f9e5455386{ip: 192.168.34.13, host: pr-hdds-2310-hfl48-2231614471, networkLocation: /default-rack, certSerialId: null} reports an CLOSED replica.
2019-10-18 19:56:59,585 [EventQueue-ContainerReportForContainerReportHandler] WARN  container.ContainerReportHandler (AbstractContainerReportHandler.java:updateContainerState(145)) - Container #1 is in OPEN state, but the datanode 652c9eaa-759b-40b5-a420-e649d7d5dbbd{ip: 192.168.34.13, host: pr-hdds-2310-hfl48-2231614471, networkLocation: /default-rack, certSerialId: null} reports an CLOSED replica.
2019-10-18 19:56:59,595 [BlockDeletingService#2] WARN  background.BlockDeletingService (BlockDeletingService.java:isDeletionAllowed(187)) - Close Container log Index 6 is not replicated across allthe servers in the pipeline 11bb0cf2-26ce-4402-a950-7b64e6e68f81 as the min replicated index is 4. Deletion is not allowed in this container yet.
2019-10-18 19:56:59,595 [BlockDeletingService#2] WARN  background.BlockDeletingService (BlockDeletingService.java:isDeletionAllowed(187)) - Close Container log Index 6 is not replicated across allthe servers in the pipeline 11bb0cf2-26ce-4402-a950-7b64e6e68f81 as the min replicated index is 4. Deletion is not allowed in this container yet.
2019-10-18 19:56:59,786 [EventQueue-ContainerReportForContainerReportHandler] WARN  container.ContainerReportHandler (AbstractContainerReportHandler.java:updateContainerState(145)) - Container #1 is in OPEN state, but the datanode 652c9eaa-759b-40b5-a420-e649d7d5dbbd{ip: 192.168.34.13, host: pr-hdds-2310-hfl48-2231614471, networkLocation: /default-rack, certSerialId: null} reports an CLOSED replica.
2019-10-18 19:56:59,951 [EventQueue-ContainerReportForContainerReportHandler] WARN  container.ContainerReportHandler (AbstractContainerReportHandler.java:updateContainerState(145)) - Container #1 is in OPEN state, but the datanode d13c026a-6de7-468a-bcba-b5f9e5455386{ip: 192.168.34.13, host: pr-hdds-2310-hfl48-2231614471, networkLocation: /default-rack, certSerialId: null} reports an CLOSED replica.
2019-10-18 19:57:00,187 [EventQueue-ContainerReportForContainerReportHandler] WARN  container.ContainerReportHandler (AbstractContainerReportHandler.java:updateContainerState(145)) - Container #1 is in OPEN state, but the datanode 652c9eaa-759b-40b5-a420-e649d7d5dbbd{ip: 192.168.34.13, host: pr-hdds-2310-hfl48-2231614471, networkLocation: /default-rack, certSerialId: null} reports an CLOSED replica.
2019-10-18 19:57:00,348 [EventQueue-ContainerReportForContainerReportHandler] WARN  container.ContainerReportHandler (AbstractContainerReportHandler.java:updateContainerState(145)) - Container #1 is in OPEN state, but the datanode d13c026a-6de7-468a-bcba-b5f9e5455386{ip: 192.168.34.13, host: pr-hdds-2310-hfl48-2231614471, networkLocation: /default-rack, certSerialId: null} reports an CLOSED replica.
2019-10-18 19:57:00,387 [EventQueue-ContainerReportForContainerReportHandler] WARN  container.ContainerReportHandler (AbstractContainerReportHandler.java:updateContainerState(145)) - Container #1 is in OPEN state, but the datanode 652c9eaa-759b-40b5-a420-e649d7d5dbbd{ip: 192.168.34.13, host: pr-hdds-2310-hfl48-2231614471, networkLocation: /default-rack, certSerialId: null} reports an CLOSED replica.
2019-10-18 19:57:00,569 [java.util.concurrent.ThreadPoolExecutor$Worker@21220c2e[State = -1, empty queue]] WARN  server.GrpcLogAppender (GrpcLogAppender.java:timeoutAppendRequest(209)) - d13c026a-6de7-468a-bcba-b5f9e5455386@group-7B64E6E68F81->595ac112-eff6-4e35-b572-d6b1c4893b0f-GrpcLogAppender: appendEntries Timeout, request=d13c026a-6de7-468a-bcba-b5f9e5455386->595ac112-eff6-4e35-b572-d6b1c4893b0f#35-t1, previous=(t:1, i:10), leaderCommit=10, initializing? false, entries: <empty>
2019-10-18 19:57:00,586 [EventQueue-ContainerReportForContainerReportHandler] WARN  container.ContainerReportHandler (AbstractContainerReportHandler.java:updateContainerState(145)) - Container #1 is in OPEN state, but the datanode 652c9eaa-759b-40b5-a420-e649d7d5dbbd{ip: 192.168.34.13, host: pr-hdds-2310-hfl48-2231614471, networkLocation: /default-rack, certSerialId: null} reports an CLOSED replica.
2019-10-18 19:57:00,597 [BlockDeletingService#2] WARN  background.BlockDeletingService (BlockDeletingService.java:isDeletionAllowed(187)) - Close Container log Index 6 is not replicated across allthe servers in the pipeline 11bb0cf2-26ce-4402-a950-7b64e6e68f81 as the min replicated index is 4. Deletion is not allowed in this container yet.
2019-10-18 19:57:00,597 [BlockDeletingService#2] WARN  background.BlockDeletingService (BlockDeletingService.java:isDeletionAllowed(187)) - Close Container log Index 6 is not replicated across allthe servers in the pipeline 11bb0cf2-26ce-4402-a950-7b64e6e68f81 as the min replicated index is 4. Deletion is not allowed in this container yet.
2019-10-18 19:57:00,649 [EventQueue-ContainerReportForContainerReportHandler] WARN  container.ContainerReportHandler (AbstractContainerReportHandler.java:updateContainerState(145)) - Container #1 is in OPEN state, but the datanode d13c026a-6de7-468a-bcba-b5f9e5455386{ip: 192.168.34.13, host: pr-hdds-2310-hfl48-2231614471, networkLocation: /default-rack, certSerialId: null} reports an CLOSED replica.
2019-10-18 19:57:00,701 [Thread-408] INFO  client.GrpcClientProtocolService (GrpcClientProtocolService.java:lambda$processClientRequest$0(278)) - Failed RaftClientRequest:client-B973F343C649->652c9eaa-759b-40b5-a420-e649d7d5dbbd@group-7B64E6E68F81, cid=10, seq=0, Watch-ALL_COMMITTED(6), Message:<EMPTY>, reply=RaftClientReply:client-B973F343C649->652c9eaa-759b-40b5-a420-e649d7d5dbbd@group-7B64E6E68F81, cid=10, FAILED org.apache.ratis.protocol.NotLeaderException: Server 652c9eaa-759b-40b5-a420-e649d7d5dbbd@group-7B64E6E68F81 is not the leader d13c026a-6de7-468a-bcba-b5f9e5455386:192.168.34.13:41921, logIndex=0, commits[652c9eaa-759b-40b5-a420-e649d7d5dbbd:c10, d13c026a-6de7-468a-bcba-b5f9e5455386:c10, 595ac112-eff6-4e35-b572-d6b1c4893b0f:c4]
2019-10-18 19:57:00,755 [Thread-411] INFO  client.GrpcClientProtocolService (GrpcClientProtocolService.java:lambda$processClientRequest$0(278)) - Failed RaftClientRequest:client-B973F343C649->d13c026a-6de7-468a-bcba-b5f9e5455386@group-7B64E6E68F81, cid=10, seq=0, Watch-ALL_COMMITTED(6), Message:<EMPTY>, reply=RaftClientReply:client-B973F343C649->d13c026a-6de7-468a-bcba-b5f9e5455386@group-7B64E6E68F81, cid=10, FAILED org.apache.ratis.protocol.NotReplicatedException: Request with call Id 10 and log index 6 is not yet replicated to ALL_COMMITTED, logIndex=6, commits[d13c026a-6de7-468a-bcba-b5f9e5455386:c10, 652c9eaa-759b-40b5-a420-e649d7d5dbbd:c10, 595ac112-eff6-4e35-b572-d6b1c4893b0f:c4]
2019-10-18 19:57:00,848 [EventQueue-ContainerReportForContainerReportHandler] WARN  container.ContainerReportHandler (AbstractContainerReportHandler.java:updateContainerState(145)) - Container #1 is in OPEN state, but the datanode d13c026a-6de7-468a-bcba-b5f9e5455386{ip: 192.168.34.13, host: pr-hdds-2310-hfl48-2231614471, networkLocation: /default-rack, certSerialId: null} reports an CLOSED replica.
2019-10-18 19:57:00,886 [EventQueue-ContainerReportForContainerReportHandler] WARN  container.ContainerReportHandler (AbstractContainerReportHandler.java:updateContainerState(145)) - Container #1 is in OPEN state, but the datanode 652c9eaa-759b-40b5-a420-e649d7d5dbbd{ip: 192.168.34.13, host: pr-hdds-2310-hfl48-2231614471, networkLocation: /default-rack, certSerialId: null} reports an CLOSED replica.
2019-10-18 19:57:01,149 [EventQueue-ContainerReportForContainerReportHandler] WARN  container.ContainerReportHandler (AbstractContainerReportHandler.java:updateContainerState(145)) - Container #1 is in OPEN state, but the datanode d13c026a-6de7-468a-bcba-b5f9e5455386{ip: 192.168.34.13, host: pr-hdds-2310-hfl48-2231614471, networkLocation: /default-rack, certSerialId: null} reports an CLOSED replica.
2019-10-18 19:57:01,186 [EventQueue-ContainerReportForContainerReportHandler] WARN  container.ContainerReportHandler (AbstractContainerReportHandler.java:updateContainerState(145)) - Container #1 is in OPEN state, but the datanode 652c9eaa-759b-40b5-a420-e649d7d5dbbd{ip: 192.168.34.13, host: pr-hdds-2310-hfl48-2231614471, networkLocation: /default-rack, certSerialId: null} reports an CLOSED replica.
2019-10-18 19:57:01,450 [EventQueue-ContainerReportForContainerReportHandler] WARN  container.ContainerReportHandler (AbstractContainerReportHandler.java:updateContainerState(145)) - Container #1 is in OPEN state, but the datanode d13c026a-6de7-468a-bcba-b5f9e5455386{ip: 192.168.34.13, host: pr-hdds-2310-hfl48-2231614471, networkLocation: /default-rack, certSerialId: null} reports an CLOSED replica.
2019-10-18 19:57:01,486 [EventQueue-ContainerReportForContainerReportHandler] WARN  container.ContainerReportHandler (AbstractContainerReportHandler.java:updateContainerState(145)) - Container #1 is in OPEN state, but the datanode 652c9eaa-759b-40b5-a420-e649d7d5dbbd{ip: 192.168.34.13, host: pr-hdds-2310-hfl48-2231614471, networkLocation: /default-rack, certSerialId: null} reports an CLOSED replica.
2019-10-18 19:57:01,599 [BlockDeletingService#2] WARN  background.BlockDeletingService (BlockDeletingService.java:isDeletionAllowed(187)) - Close Container log Index 6 is not replicated across allthe servers in the pipeline 11bb0cf2-26ce-4402-a950-7b64e6e68f81 as the min replicated index is 4. Deletion is not allowed in this container yet.
2019-10-18 19:57:01,599 [BlockDeletingService#2] WARN  background.BlockDeletingService (BlockDeletingService.java:isDeletionAllowed(187)) - Close Container log Index 6 is not replicated across allthe servers in the pipeline 11bb0cf2-26ce-4402-a950-7b64e6e68f81 as the min replicated index is 4. Deletion is not allowed in this container yet.
2019-10-18 19:57:01,750 [EventQueue-ContainerReportForContainerReportHandler] WARN  container.ContainerReportHandler (AbstractContainerReportHandler.java:updateContainerState(145)) - Container #1 is in OPEN state, but the datanode d13c026a-6de7-468a-bcba-b5f9e5455386{ip: 192.168.34.13, host: pr-hdds-2310-hfl48-2231614471, networkLocation: /default-rack, certSerialId: null} reports an CLOSED replica.
2019-10-18 19:57:01,886 [EventQueue-ContainerReportForContainerReportHandler] WARN  container.ContainerReportHandler (AbstractContainerReportHandler.java:updateContainerState(145)) - Container #1 is in OPEN state, but the datanode 652c9eaa-759b-40b5-a420-e649d7d5dbbd{ip: 192.168.34.13, host: pr-hdds-2310-hfl48-2231614471, networkLocation: /default-rack, certSerialId: null} reports an CLOSED replica.
2019-10-18 19:57:01,951 [EventQueue-ContainerReportForContainerReportHandler] WARN  container.ContainerReportHandler (AbstractContainerReportHandler.java:updateContainerState(145)) - Container #1 is in OPEN state, but the datanode d13c026a-6de7-468a-bcba-b5f9e5455386{ip: 192.168.34.13, host: pr-hdds-2310-hfl48-2231614471, networkLocation: /default-rack, certSerialId: null} reports an CLOSED replica.
2019-10-18 19:57:02,087 [EventQueue-ContainerReportForContainerReportHandler] WARN  container.ContainerReportHandler (AbstractContainerReportHandler.java:updateContainerState(145)) - Container #1 is in OPEN state, but the datanode 652c9eaa-759b-40b5-a420-e649d7d5dbbd{ip: 192.168.34.13, host: pr-hdds-2310-hfl48-2231614471, networkLocation: /default-rack, certSerialId: null} reports an CLOSED replica.
2019-10-18 19:57:02,251 [EventQueue-ContainerReportForContainerReportHandler] WARN  container.ContainerReportHandler (AbstractContainerReportHandler.java:updateContainerState(145)) - Container #1 is in OPEN state, but the datanode d13c026a-6de7-468a-bcba-b5f9e5455386{ip: 192.168.34.13, host: pr-hdds-2310-hfl48-2231614471, networkLocation: /default-rack, certSerialId: null} reports an CLOSED replica.
2019-10-18 19:57:02,289 [EventQueue-ContainerReportForContainerReportHandler] WARN  container.ContainerReportHandler (AbstractContainerReportHandler.java:updateContainerState(145)) - Container #1 is in OPEN state, but the datanode 652c9eaa-759b-40b5-a420-e649d7d5dbbd{ip: 192.168.34.13, host: pr-hdds-2310-hfl48-2231614471, networkLocation: /default-rack, certSerialId: null} reports an CLOSED replica.
2019-10-18 19:57:02,450 [EventQueue-ContainerReportForContainerReportHandler] WARN  container.ContainerReportHandler (AbstractContainerReportHandler.java:updateContainerState(145)) - Container #1 is in OPEN state, but the datanode d13c026a-6de7-468a-bcba-b5f9e5455386{ip: 192.168.34.13, host: pr-hdds-2310-hfl48-2231614471, networkLocation: /default-rack, certSerialId: null} reports an CLOSED replica.
2019-10-18 19:57:02,604 [BlockDeletingService#2] WARN  background.BlockDeletingService (BlockDeletingService.java:isDeletionAllowed(187)) - Close Container log Index 6 is not replicated across allthe servers in the pipeline 11bb0cf2-26ce-4402-a950-7b64e6e68f81 as the min replicated index is 4. Deletion is not allowed in this container yet.
2019-10-18 19:57:02,604 [BlockDeletingService#2] WARN  background.BlockDeletingService (BlockDeletingService.java:isDeletionAllowed(187)) - Close Container log Index 6 is not replicated across allthe servers in the pipeline 11bb0cf2-26ce-4402-a950-7b64e6e68f81 as the min replicated index is 4. Deletion is not allowed in this container yet.
2019-10-18 19:57:02,689 [EventQueue-ContainerReportForContainerReportHandler] WARN  container.ContainerReportHandler (AbstractContainerReportHandler.java:updateContainerState(145)) - Container #1 is in OPEN state, but the datanode 652c9eaa-759b-40b5-a420-e649d7d5dbbd{ip: 192.168.34.13, host: pr-hdds-2310-hfl48-2231614471, networkLocation: /default-rack, certSerialId: null} reports an CLOSED replica.
2019-10-18 19:57:02,750 [EventQueue-ContainerReportForContainerReportHandler] WARN  container.ContainerReportHandler (AbstractContainerReportHandler.java:updateContainerState(145)) - Container #1 is in OPEN state, but the datanode d13c026a-6de7-468a-bcba-b5f9e5455386{ip: 192.168.34.13, host: pr-hdds-2310-hfl48-2231614471, networkLocation: /default-rack, certSerialId: null} reports an CLOSED replica.
2019-10-18 19:57:02,990 [EventQueue-ContainerReportForContainerReportHandler] WARN  container.ContainerReportHandler (AbstractContainerReportHandler.java:updateContainerState(145)) - Container #1 is in OPEN state, but the datanode 652c9eaa-759b-40b5-a420-e649d7d5dbbd{ip: 192.168.34.13, host: pr-hdds-2310-hfl48-2231614471, networkLocation: /default-rack, certSerialId: null} reports an CLOSED replica.
2019-10-18 19:57:03,051 [EventQueue-ContainerReportForContainerReportHandler] WARN  container.ContainerReportHandler (AbstractContainerReportHandler.java:updateContainerState(145)) - Container #1 is in OPEN state, but the datanode d13c026a-6de7-468a-bcba-b5f9e5455386{ip: 192.168.34.13, host: pr-hdds-2310-hfl48-2231614471, networkLocation: /default-rack, certSerialId: null} reports an CLOSED replica.
2019-10-18 19:57:03,071 [java.util.concurrent.ThreadPoolExecutor$Worker@21220c2e[State = -1, empty queue]] WARN  server.GrpcLogAppender (GrpcLogAppender.java:timeoutAppendRequest(209)) - d13c026a-6de7-468a-bcba-b5f9e5455386@group-7B64E6E68F81->595ac112-eff6-4e35-b572-d6b1c4893b0f-GrpcLogAppender: appendEntries Timeout, request=d13c026a-6de7-468a-bcba-b5f9e5455386->595ac112-eff6-4e35-b572-d6b1c4893b0f#36-t1, previous=(t:1, i:10), leaderCommit=10, initializing? false, entries: <empty>
2019-10-18 19:57:03,190 [EventQueue-ContainerReportForContainerReportHandler] WARN  container.ContainerReportHandler (AbstractContainerReportHandler.java:updateContainerState(145)) - Container #1 is in OPEN state, but the datanode 652c9eaa-759b-40b5-a420-e649d7d5dbbd{ip: 192.168.34.13, host: pr-hdds-2310-hfl48-2231614471, networkLocation: /default-rack, certSerialId: null} reports an CLOSED replica.
2019-10-18 19:57:03,350 [EventQueue-ContainerReportForContainerReportHandler] WARN  container.ContainerReportHandler (AbstractContainerReportHandler.java:updateContainerState(145)) - Container #1 is in OPEN state, but the datanode d13c026a-6de7-468a-bcba-b5f9e5455386{ip: 192.168.34.13, host: pr-hdds-2310-hfl48-2231614471, networkLocation: /default-rack, certSerialId: null} reports an CLOSED replica.
2019-10-18 19:57:03,491 [EventQueue-ContainerReportForContainerReportHandler] WARN  container.ContainerReportHandler (AbstractContainerReportHandler.java:updateContainerState(145)) - Container #1 is in OPEN state, but the datanode 652c9eaa-759b-40b5-a420-e649d7d5dbbd{ip: 192.168.34.13, host: pr-hdds-2310-hfl48-2231614471, networkLocation: /default-rack, certSerialId: null} reports an CLOSED replica.
2019-10-18 19:57:03,550 [EventQueue-ContainerReportForContainerReportHandler] WARN  container.ContainerReportHandler (AbstractContainerReportHandler.java:updateContainerState(145)) - Container #1 is in OPEN state, but the datanode d13c026a-6de7-468a-bcba-b5f9e5455386{ip: 192.168.34.13, host: pr-hdds-2310-hfl48-2231614471, networkLocation: /default-rack, certSerialId: null} reports an CLOSED replica.
2019-10-18 19:57:03,606 [BlockDeletingService#2] WARN  background.BlockDeletingService (BlockDeletingService.java:isDeletionAllowed(187)) - Close Container log Index 6 is not replicated across allthe servers in the pipeline 11bb0cf2-26ce-4402-a950-7b64e6e68f81 as the min replicated index is 4. Deletion is not allowed in this container yet.
2019-10-18 19:57:03,606 [BlockDeletingService#2] WARN  background.BlockDeletingService (BlockDeletingService.java:isDeletionAllowed(187)) - Close Container log Index 6 is not replicated across allthe servers in the pipeline 11bb0cf2-26ce-4402-a950-7b64e6e68f81 as the min replicated index is 4. Deletion is not allowed in this container yet.
2019-10-18 19:57:03,793 [EventQueue-ContainerReportForContainerReportHandler] WARN  container.ContainerReportHandler (AbstractContainerReportHandler.java:updateContainerState(145)) - Container #1 is in OPEN state, but the datanode 652c9eaa-759b-40b5-a420-e649d7d5dbbd{ip: 192.168.34.13, host: pr-hdds-2310-hfl48-2231614471, networkLocation: /default-rack, certSerialId: null} reports an CLOSED replica.
2019-10-18 19:57:03,950 [EventQueue-ContainerReportForContainerReportHandler] WARN  container.ContainerReportHandler (AbstractContainerReportHandler.java:updateContainerState(145)) - Container #1 is in OPEN state, but the datanode d13c026a-6de7-468a-bcba-b5f9e5455386{ip: 192.168.34.13, host: pr-hdds-2310-hfl48-2231614471, networkLocation: /default-rack, certSerialId: null} reports an CLOSED replica.
2019-10-18 19:57:04,192 [EventQueue-ContainerReportForContainerReportHandler] WARN  container.ContainerReportHandler (AbstractContainerReportHandler.java:updateContainerState(145)) - Container #1 is in OPEN state, but the datanode 652c9eaa-759b-40b5-a420-e649d7d5dbbd{ip: 192.168.34.13, host: pr-hdds-2310-hfl48-2231614471, networkLocation: /default-rack, certSerialId: null} reports an CLOSED replica.
2019-10-18 19:57:04,352 [EventQueue-ContainerReportForContainerReportHandler] WARN  container.ContainerReportHandler (AbstractContainerReportHandler.java:updateContainerState(145)) - Container #1 is in OPEN state, but the datanode d13c026a-6de7-468a-bcba-b5f9e5455386{ip: 192.168.34.13, host: pr-hdds-2310-hfl48-2231614471, networkLocation: /default-rack, certSerialId: null} reports an CLOSED replica.
2019-10-18 19:57:04,392 [EventQueue-ContainerReportForContainerReportHandler] WARN  container.ContainerReportHandler (AbstractContainerReportHandler.java:updateContainerState(145)) - Container #1 is in OPEN state, but the datanode 652c9eaa-759b-40b5-a420-e649d7d5dbbd{ip: 192.168.34.13, host: pr-hdds-2310-hfl48-2231614471, networkLocation: /default-rack, certSerialId: null} reports an CLOSED replica.
2019-10-18 19:57:04,593 [EventQueue-ContainerReportForContainerReportHandler] WARN  container.ContainerReportHandler (AbstractContainerReportHandler.java:updateContainerState(145)) - Container #1 is in OPEN state, but the datanode 652c9eaa-759b-40b5-a420-e649d7d5dbbd{ip: 192.168.34.13, host: pr-hdds-2310-hfl48-2231614471, networkLocation: /default-rack, certSerialId: null} reports an CLOSED replica.
2019-10-18 19:57:04,608 [BlockDeletingService#2] WARN  background.BlockDeletingService (BlockDeletingService.java:isDeletionAllowed(187)) - Close Container log Index 6 is not replicated across allthe servers in the pipeline 11bb0cf2-26ce-4402-a950-7b64e6e68f81 as the min replicated index is 4. Deletion is not allowed in this container yet.
2019-10-18 19:57:04,608 [BlockDeletingService#2] WARN  background.BlockDeletingService (BlockDeletingService.java:isDeletionAllowed(187)) - Close Container log Index 6 is not replicated across allthe servers in the pipeline 11bb0cf2-26ce-4402-a950-7b64e6e68f81 as the min replicated index is 4. Deletion is not allowed in this container yet.
2019-10-18 19:57:04,751 [EventQueue-ContainerReportForContainerReportHandler] WARN  container.ContainerReportHandler (AbstractContainerReportHandler.java:updateContainerState(145)) - Container #1 is in OPEN state, but the datanode d13c026a-6de7-468a-bcba-b5f9e5455386{ip: 192.168.34.13, host: pr-hdds-2310-hfl48-2231614471, networkLocation: /default-rack, certSerialId: null} reports an CLOSED replica.
2019-10-18 19:57:04,994 [EventQueue-ContainerReportForContainerReportHandler] WARN  container.ContainerReportHandler (AbstractContainerReportHandler.java:updateContainerState(145)) - Container #1 is in OPEN state, but the datanode 652c9eaa-759b-40b5-a420-e649d7d5dbbd{ip: 192.168.34.13, host: pr-hdds-2310-hfl48-2231614471, networkLocation: /default-rack, certSerialId: null} reports an CLOSED replica.
2019-10-18 19:57:05,052 [EventQueue-ContainerReportForContainerReportHandler] WARN  container.ContainerReportHandler (AbstractContainerReportHandler.java:updateContainerState(145)) - Container #1 is in OPEN state, but the datanode d13c026a-6de7-468a-bcba-b5f9e5455386{ip: 192.168.34.13, host: pr-hdds-2310-hfl48-2231614471, networkLocation: /default-rack, certSerialId: null} reports an CLOSED replica.
2019-10-18 19:57:05,194 [EventQueue-ContainerReportForContainerReportHandler] WARN  container.ContainerReportHandler (AbstractContainerReportHandler.java:updateContainerState(145)) - Container #1 is in OPEN state, but the datanode 652c9eaa-759b-40b5-a420-e649d7d5dbbd{ip: 192.168.34.13, host: pr-hdds-2310-hfl48-2231614471, networkLocation: /default-rack, certSerialId: null} reports an CLOSED replica.
2019-10-18 19:57:05,252 [EventQueue-ContainerReportForContainerReportHandler] WARN  container.ContainerReportHandler (AbstractContainerReportHandler.java:updateContainerState(145)) - Container #1 is in OPEN state, but the datanode d13c026a-6de7-468a-bcba-b5f9e5455386{ip: 192.168.34.13, host: pr-hdds-2310-hfl48-2231614471, networkLocation: /default-rack, certSerialId: null} reports an CLOSED replica.
2019-10-18 19:57:05,452 [EventQueue-ContainerReportForContainerReportHandler] WARN  container.ContainerReportHandler (AbstractContainerReportHandler.java:updateContainerState(145)) - Container #1 is in OPEN state, but the datanode d13c026a-6de7-468a-bcba-b5f9e5455386{ip: 192.168.34.13, host: pr-hdds-2310-hfl48-2231614471, networkLocation: /default-rack, certSerialId: null} reports an CLOSED replica.
2019-10-18 19:57:05,494 [EventQueue-ContainerReportForContainerReportHandler] WARN  container.ContainerReportHandler (AbstractContainerReportHandler.java:updateContainerState(145)) - Container #1 is in OPEN state, but the datanode 652c9eaa-759b-40b5-a420-e649d7d5dbbd{ip: 192.168.34.13, host: pr-hdds-2310-hfl48-2231614471, networkLocation: /default-rack, certSerialId: null} reports an CLOSED replica.
2019-10-18 19:57:05,573 [java.util.concurrent.ThreadPoolExecutor$Worker@21220c2e[State = -1, empty queue]] WARN  server.GrpcLogAppender (GrpcLogAppender.java:timeoutAppendRequest(209)) - d13c026a-6de7-468a-bcba-b5f9e5455386@group-7B64E6E68F81->595ac112-eff6-4e35-b572-d6b1c4893b0f-GrpcLogAppender: appendEntries Timeout, request=d13c026a-6de7-468a-bcba-b5f9e5455386->595ac112-eff6-4e35-b572-d6b1c4893b0f#37-t1, previous=(t:1, i:10), leaderCommit=10, initializing? false, entries: <empty>
2019-10-18 19:57:05,610 [BlockDeletingService#2] WARN  background.BlockDeletingService (BlockDeletingService.java:isDeletionAllowed(187)) - Close Container log Index 6 is not replicated across allthe servers in the pipeline 11bb0cf2-26ce-4402-a950-7b64e6e68f81 as the min replicated index is 4. Deletion is not allowed in this container yet.
2019-10-18 19:57:05,611 [BlockDeletingService#2] WARN  background.BlockDeletingService (BlockDeletingService.java:isDeletionAllowed(187)) - Close Container log Index 6 is not replicated across allthe servers in the pipeline 11bb0cf2-26ce-4402-a950-7b64e6e68f81 as the min replicated index is 4. Deletion is not allowed in this container yet.
2019-10-18 19:57:05,794 [EventQueue-ContainerReportForContainerReportHandler] WARN  container.ContainerReportHandler (AbstractContainerReportHandler.java:updateContainerState(145)) - Container #1 is in OPEN state, but the datanode 652c9eaa-759b-40b5-a420-e649d7d5dbbd{ip: 192.168.34.13, host: pr-hdds-2310-hfl48-2231614471, networkLocation: /default-rack, certSerialId: null} reports an CLOSED replica.
2019-10-18 19:57:05,852 [EventQueue-ContainerReportForContainerReportHandler] WARN  container.ContainerReportHandler (AbstractContainerReportHandler.java:updateContainerState(145)) - Container #1 is in OPEN state, but the datanode d13c026a-6de7-468a-bcba-b5f9e5455386{ip: 192.168.34.13, host: pr-hdds-2310-hfl48-2231614471, networkLocation: /default-rack, certSerialId: null} reports an CLOSED replica.
2019-10-18 19:57:05,995 [EventQueue-ContainerReportForContainerReportHandler] WARN  container.ContainerReportHandler (AbstractContainerReportHandler.java:updateContainerState(145)) - Container #1 is in OPEN state, but the datanode 652c9eaa-759b-40b5-a420-e649d7d5dbbd{ip: 192.168.34.13, host: pr-hdds-2310-hfl48-2231614471, networkLocation: /default-rack, certSerialId: null} reports an CLOSED replica.
2019-10-18 19:57:06,053 [EventQueue-ContainerReportForContainerReportHandler] WARN  container.ContainerReportHandler (AbstractContainerReportHandler.java:updateContainerState(145)) - Container #1 is in OPEN state, but the datanode d13c026a-6de7-468a-bcba-b5f9e5455386{ip: 192.168.34.13, host: pr-hdds-2310-hfl48-2231614471, networkLocation: /default-rack, certSerialId: null} reports an CLOSED replica.
2019-10-18 19:57:06,295 [EventQueue-ContainerReportForContainerReportHandler] WARN  container.ContainerReportHandler (AbstractContainerReportHandler.java:updateContainerState(145)) - Container #1 is in OPEN state, but the datanode 652c9eaa-759b-40b5-a420-e649d7d5dbbd{ip: 192.168.34.13, host: pr-hdds-2310-hfl48-2231614471, networkLocation: /default-rack, certSerialId: null} reports an CLOSED replica.
2019-10-18 19:57:06,353 [EventQueue-ContainerReportForContainerReportHandler] WARN  container.ContainerReportHandler (AbstractContainerReportHandler.java:updateContainerState(145)) - Container #1 is in OPEN state, but the datanode d13c026a-6de7-468a-bcba-b5f9e5455386{ip: 192.168.34.13, host: pr-hdds-2310-hfl48-2231614471, networkLocation: /default-rack, certSerialId: null} reports an CLOSED replica.
2019-10-18 19:57:06,495 [EventQueue-ContainerReportForContainerReportHandler] WARN  container.ContainerReportHandler (AbstractContainerReportHandler.java:updateContainerState(145)) - Container #1 is in OPEN state, but the datanode 652c9eaa-759b-40b5-a420-e649d7d5dbbd{ip: 192.168.34.13, host: pr-hdds-2310-hfl48-2231614471, networkLocation: /default-rack, certSerialId: null} reports an CLOSED replica.
2019-10-18 19:57:06,612 [BlockDeletingService#2] WARN  background.BlockDeletingService (BlockDeletingService.java:isDeletionAllowed(187)) - Close Container log Index 6 is not replicated across allthe servers in the pipeline 11bb0cf2-26ce-4402-a950-7b64e6e68f81 as the min replicated index is 4. Deletion is not allowed in this container yet.
2019-10-18 19:57:06,612 [BlockDeletingService#2] WARN  background.BlockDeletingService (BlockDeletingService.java:isDeletionAllowed(187)) - Close Container log Index 6 is not replicated across allthe servers in the pipeline 11bb0cf2-26ce-4402-a950-7b64e6e68f81 as the min replicated index is 4. Deletion is not allowed in this container yet.
2019-10-18 19:57:06,654 [EventQueue-ContainerReportForContainerReportHandler] WARN  container.ContainerReportHandler (AbstractContainerReportHandler.java:updateContainerState(145)) - Container #1 is in OPEN state, but the datanode d13c026a-6de7-468a-bcba-b5f9e5455386{ip: 192.168.34.13, host: pr-hdds-2310-hfl48-2231614471, networkLocation: /default-rack, certSerialId: null} reports an CLOSED replica.
2019-10-18 19:57:06,795 [EventQueue-ContainerReportForContainerReportHandler] WARN  container.ContainerReportHandler (AbstractContainerReportHandler.java:updateContainerState(145)) - Container #1 is in OPEN state, but the datanode 652c9eaa-759b-40b5-a420-e649d7d5dbbd{ip: 192.168.34.13, host: pr-hdds-2310-hfl48-2231614471, networkLocation: /default-rack, certSerialId: null} reports an CLOSED replica.
2019-10-18 19:57:07,054 [EventQueue-ContainerReportForContainerReportHandler] WARN  container.ContainerReportHandler (AbstractContainerReportHandler.java:updateContainerState(145)) - Container #1 is in OPEN state, but the datanode d13c026a-6de7-468a-bcba-b5f9e5455386{ip: 192.168.34.13, host: pr-hdds-2310-hfl48-2231614471, networkLocation: /default-rack, certSerialId: null} reports an CLOSED replica.
2019-10-18 19:57:07,096 [EventQueue-ContainerReportForContainerReportHandler] WARN  container.ContainerReportHandler (AbstractContainerReportHandler.java:updateContainerState(145)) - Container #1 is in OPEN state, but the datanode 652c9eaa-759b-40b5-a420-e649d7d5dbbd{ip: 192.168.34.13, host: pr-hdds-2310-hfl48-2231614471, networkLocation: /default-rack, certSerialId: null} reports an CLOSED replica.
2019-10-18 19:57:07,254 [EventQueue-ContainerReportForContainerReportHandler] WARN  container.ContainerReportHandler (AbstractContainerReportHandler.java:updateContainerState(145)) - Container #1 is in OPEN state, but the datanode d13c026a-6de7-468a-bcba-b5f9e5455386{ip: 192.168.34.13, host: pr-hdds-2310-hfl48-2231614471, networkLocation: /default-rack, certSerialId: null} reports an CLOSED replica.
2019-10-18 19:57:07,396 [EventQueue-ContainerReportForContainerReportHandler] WARN  container.ContainerReportHandler (AbstractContainerReportHandler.java:updateContainerState(145)) - Container #1 is in OPEN state, but the datanode 652c9eaa-759b-40b5-a420-e649d7d5dbbd{ip: 192.168.34.13, host: pr-hdds-2310-hfl48-2231614471, networkLocation: /default-rack, certSerialId: null} reports an CLOSED replica.
2019-10-18 19:57:07,456 [EventQueue-ContainerReportForContainerReportHandler] WARN  container.ContainerReportHandler (AbstractContainerReportHandler.java:updateContainerState(145)) - Container #1 is in OPEN state, but the datanode d13c026a-6de7-468a-bcba-b5f9e5455386{ip: 192.168.34.13, host: pr-hdds-2310-hfl48-2231614471, networkLocation: /default-rack, certSerialId: null} reports an CLOSED replica.
2019-10-18 19:57:07,596 [EventQueue-ContainerReportForContainerReportHandler] WARN  container.ContainerReportHandler (AbstractContainerReportHandler.java:updateContainerState(145)) - Container #1 is in OPEN state, but the datanode 652c9eaa-759b-40b5-a420-e649d7d5dbbd{ip: 192.168.34.13, host: pr-hdds-2310-hfl48-2231614471, networkLocation: /default-rack, certSerialId: null} reports an CLOSED replica.
2019-10-18 19:57:07,615 [BlockDeletingService#2] WARN  background.BlockDeletingService (BlockDeletingService.java:isDeletionAllowed(187)) - Close Container log Index 6 is not replicated across allthe servers in the pipeline 11bb0cf2-26ce-4402-a950-7b64e6e68f81 as the min replicated index is 4. Deletion is not allowed in this container yet.
2019-10-18 19:57:07,615 [BlockDeletingService#2] WARN  background.BlockDeletingService (BlockDeletingService.java:isDeletionAllowed(187)) - Close Container log Index 6 is not replicated across allthe servers in the pipeline 11bb0cf2-26ce-4402-a950-7b64e6e68f81 as the min replicated index is 4. Deletion is not allowed in this container yet.
2019-10-18 19:57:07,796 [EventQueue-ContainerReportForContainerReportHandler] WARN  container.ContainerReportHandler (AbstractContainerReportHandler.java:updateContainerState(145)) - Container #1 is in OPEN state, but the datanode 652c9eaa-759b-40b5-a420-e649d7d5dbbd{ip: 192.168.34.13, host: pr-hdds-2310-hfl48-2231614471, networkLocation: /default-rack, certSerialId: null} reports an CLOSED replica.
2019-10-18 19:57:07,856 [EventQueue-ContainerReportForContainerReportHandler] WARN  container.ContainerReportHandler (AbstractContainerReportHandler.java:updateContainerState(145)) - Container #1 is in OPEN state, but the datanode d13c026a-6de7-468a-bcba-b5f9e5455386{ip: 192.168.34.13, host: pr-hdds-2310-hfl48-2231614471, networkLocation: /default-rack, certSerialId: null} reports an CLOSED replica.
2019-10-18 19:57:08,056 [EventQueue-ContainerReportForContainerReportHandler] WARN  container.ContainerReportHandler (AbstractContainerReportHandler.java:updateContainerState(145)) - Container #1 is in OPEN state, but the datanode d13c026a-6de7-468a-bcba-b5f9e5455386{ip: 192.168.34.13, host: pr-hdds-2310-hfl48-2231614471, networkLocation: /default-rack, certSerialId: null} reports an CLOSED replica.
2019-10-18 19:57:08,074 [java.util.concurrent.ThreadPoolExecutor$Worker@21220c2e[State = -1, empty queue]] WARN  server.GrpcLogAppender (GrpcLogAppender.java:timeoutAppendRequest(209)) - d13c026a-6de7-468a-bcba-b5f9e5455386@group-7B64E6E68F81->595ac112-eff6-4e35-b572-d6b1c4893b0f-GrpcLogAppender: appendEntries Timeout, request=d13c026a-6de7-468a-bcba-b5f9e5455386->595ac112-eff6-4e35-b572-d6b1c4893b0f#38-t1, previous=(t:1, i:10), leaderCommit=10, initializing? false, entries: <empty>
2019-10-18 19:57:08,096 [EventQueue-ContainerReportForContainerReportHandler] WARN  container.ContainerReportHandler (AbstractContainerReportHandler.java:updateContainerState(145)) - Container #1 is in OPEN state, but the datanode 652c9eaa-759b-40b5-a420-e649d7d5dbbd{ip: 192.168.34.13, host: pr-hdds-2310-hfl48-2231614471, networkLocation: /default-rack, certSerialId: null} reports an CLOSED replica.
2019-10-18 19:57:08,395 [EventQueue-ContainerReportForContainerReportHandler] WARN  container.ContainerReportHandler (AbstractContainerReportHandler.java:updateContainerState(145)) - Container #1 is in OPEN state, but the datanode 652c9eaa-759b-40b5-a420-e649d7d5dbbd{ip: 192.168.34.13, host: pr-hdds-2310-hfl48-2231614471, networkLocation: /default-rack, certSerialId: null} reports an CLOSED replica.
2019-10-18 19:57:08,456 [EventQueue-ContainerReportForContainerReportHandler] WARN  container.ContainerReportHandler (AbstractContainerReportHandler.java:updateContainerState(145)) - Container #1 is in OPEN state, but the datanode d13c026a-6de7-468a-bcba-b5f9e5455386{ip: 192.168.34.13, host: pr-hdds-2310-hfl48-2231614471, networkLocation: /default-rack, certSerialId: null} reports an CLOSED replica.
2019-10-18 19:57:08,616 [BlockDeletingService#2] WARN  background.BlockDeletingService (BlockDeletingService.java:isDeletionAllowed(187)) - Close Container log Index 6 is not replicated across allthe servers in the pipeline 11bb0cf2-26ce-4402-a950-7b64e6e68f81 as the min replicated index is 4. Deletion is not allowed in this container yet.
2019-10-18 19:57:08,616 [BlockDeletingService#2] WARN  background.BlockDeletingService (BlockDeletingService.java:isDeletionAllowed(187)) - Close Container log Index 6 is not replicated across allthe servers in the pipeline 11bb0cf2-26ce-4402-a950-7b64e6e68f81 as the min replicated index is 4. Deletion is not allowed in this container yet.
2019-10-18 19:57:08,658 [EventQueue-ContainerReportForContainerReportHandler] WARN  container.ContainerReportHandler (AbstractContainerReportHandler.java:updateContainerState(145)) - Container #1 is in OPEN state, but the datanode d13c026a-6de7-468a-bcba-b5f9e5455386{ip: 192.168.34.13, host: pr-hdds-2310-hfl48-2231614471, networkLocation: /default-rack, certSerialId: null} reports an CLOSED replica.
2019-10-18 19:57:08,695 [EventQueue-ContainerReportForContainerReportHandler] WARN  container.ContainerReportHandler (AbstractContainerReportHandler.java:updateContainerState(145)) - Container #1 is in OPEN state, but the datanode 652c9eaa-759b-40b5-a420-e649d7d5dbbd{ip: 192.168.34.13, host: pr-hdds-2310-hfl48-2231614471, networkLocation: /default-rack, certSerialId: null} reports an CLOSED replica.
2019-10-18 19:57:08,859 [EventQueue-ContainerReportForContainerReportHandler] WARN  container.ContainerReportHandler (AbstractContainerReportHandler.java:updateContainerState(145)) - Container #1 is in OPEN state, but the datanode d13c026a-6de7-468a-bcba-b5f9e5455386{ip: 192.168.34.13, host: pr-hdds-2310-hfl48-2231614471, networkLocation: /default-rack, certSerialId: null} reports an CLOSED replica.
2019-10-18 19:57:08,995 [EventQueue-ContainerReportForContainerReportHandler] WARN  container.ContainerReportHandler (AbstractContainerReportHandler.java:updateContainerState(145)) - Container #1 is in OPEN state, but the datanode 652c9eaa-759b-40b5-a420-e649d7d5dbbd{ip: 192.168.34.13, host: pr-hdds-2310-hfl48-2231614471, networkLocation: /default-rack, certSerialId: null} reports an CLOSED replica.
2019-10-18 19:57:09,159 [EventQueue-ContainerReportForContainerReportHandler] WARN  container.ContainerReportHandler (AbstractContainerReportHandler.java:updateContainerState(145)) - Container #1 is in OPEN state, but the datanode d13c026a-6de7-468a-bcba-b5f9e5455386{ip: 192.168.34.13, host: pr-hdds-2310-hfl48-2231614471, networkLocation: /default-rack, certSerialId: null} reports an CLOSED replica.
2019-10-18 19:57:09,295 [EventQueue-ContainerReportForContainerReportHandler] WARN  container.ContainerReportHandler (AbstractContainerReportHandler.java:updateContainerState(145)) - Container #1 is in OPEN state, but the datanode 652c9eaa-759b-40b5-a420-e649d7d5dbbd{ip: 192.168.34.13, host: pr-hdds-2310-hfl48-2231614471, networkLocation: /default-rack, certSerialId: null} reports an CLOSED replica.
2019-10-18 19:57:09,561 [EventQueue-ContainerReportForContainerReportHandler] WARN  container.ContainerReportHandler (AbstractContainerReportHandler.java:updateContainerState(145)) - Container #1 is in OPEN state, but the datanode d13c026a-6de7-468a-bcba-b5f9e5455386{ip: 192.168.34.13, host: pr-hdds-2310-hfl48-2231614471, networkLocation: /default-rack, certSerialId: null} reports an CLOSED replica.
2019-10-18 19:57:09,618 [BlockDeletingService#2] WARN  background.BlockDeletingService (BlockDeletingService.java:isDeletionAllowed(187)) - Close Container log Index 6 is not replicated across allthe servers in the pipeline 11bb0cf2-26ce-4402-a950-7b64e6e68f81 as the min replicated index is 4. Deletion is not allowed in this container yet.
2019-10-18 19:57:09,618 [BlockDeletingService#2] WARN  background.BlockDeletingService (BlockDeletingService.java:isDeletionAllowed(187)) - Close Container log Index 6 is not replicated across allthe servers in the pipeline 11bb0cf2-26ce-4402-a950-7b64e6e68f81 as the min replicated index is 4. Deletion is not allowed in this container yet.
2019-10-18 19:57:09,696 [EventQueue-ContainerReportForContainerReportHandler] WARN  container.ContainerReportHandler (AbstractContainerReportHandler.java:updateContainerState(145)) - Container #1 is in OPEN state, but the datanode 652c9eaa-759b-40b5-a420-e649d7d5dbbd{ip: 192.168.34.13, host: pr-hdds-2310-hfl48-2231614471, networkLocation: /default-rack, certSerialId: null} reports an CLOSED replica.
2019-10-18 19:57:09,862 [EventQueue-ContainerReportForContainerReportHandler] WARN  container.ContainerReportHandler (AbstractContainerReportHandler.java:updateContainerState(145)) - Container #1 is in OPEN state, but the datanode d13c026a-6de7-468a-bcba-b5f9e5455386{ip: 192.168.34.13, host: pr-hdds-2310-hfl48-2231614471, networkLocation: /default-rack, certSerialId: null} reports an CLOSED replica.
2019-10-18 19:57:09,895 [EventQueue-ContainerReportForContainerReportHandler] WARN  container.ContainerReportHandler (AbstractContainerReportHandler.java:updateContainerState(145)) - Container #1 is in OPEN state, but the datanode 652c9eaa-759b-40b5-a420-e649d7d5dbbd{ip: 192.168.34.13, host: pr-hdds-2310-hfl48-2231614471, networkLocation: /default-rack, certSerialId: null} reports an CLOSED replica.
2019-10-18 19:57:10,162 [EventQueue-ContainerReportForContainerReportHandler] WARN  container.ContainerReportHandler (AbstractContainerReportHandler.java:updateContainerState(145)) - Container #1 is in OPEN state, but the datanode d13c026a-6de7-468a-bcba-b5f9e5455386{ip: 192.168.34.13, host: pr-hdds-2310-hfl48-2231614471, networkLocation: /default-rack, certSerialId: null} reports an CLOSED replica.
2019-10-18 19:57:10,196 [EventQueue-ContainerReportForContainerReportHandler] WARN  container.ContainerReportHandler (AbstractContainerReportHandler.java:updateContainerState(145)) - Container #1 is in OPEN state, but the datanode 652c9eaa-759b-40b5-a420-e649d7d5dbbd{ip: 192.168.34.13, host: pr-hdds-2310-hfl48-2231614471, networkLocation: /default-rack, certSerialId: null} reports an CLOSED replica.
2019-10-18 19:57:10,464 [EventQueue-ContainerReportForContainerReportHandler] WARN  container.ContainerReportHandler (AbstractContainerReportHandler.java:updateContainerState(145)) - Container #1 is in OPEN state, but the datanode d13c026a-6de7-468a-bcba-b5f9e5455386{ip: 192.168.34.13, host: pr-hdds-2310-hfl48-2231614471, networkLocation: /default-rack, certSerialId: null} reports an CLOSED replica.
2019-10-18 19:57:10,497 [EventQueue-ContainerReportForContainerReportHandler] WARN  container.ContainerReportHandler (AbstractContainerReportHandler.java:updateContainerState(145)) - Container #1 is in OPEN state, but the datanode 652c9eaa-759b-40b5-a420-e649d7d5dbbd{ip: 192.168.34.13, host: pr-hdds-2310-hfl48-2231614471, networkLocation: /default-rack, certSerialId: null} reports an CLOSED replica.
2019-10-18 19:57:10,577 [java.util.concurrent.ThreadPoolExecutor$Worker@21220c2e[State = -1, empty queue]] WARN  server.GrpcLogAppender (GrpcLogAppender.java:timeoutAppendRequest(209)) - d13c026a-6de7-468a-bcba-b5f9e5455386@group-7B64E6E68F81->595ac112-eff6-4e35-b572-d6b1c4893b0f-GrpcLogAppender: appendEntries Timeout, request=d13c026a-6de7-468a-bcba-b5f9e5455386->595ac112-eff6-4e35-b572-d6b1c4893b0f#39-t1, previous=(t:1, i:10), leaderCommit=10, initializing? false, entries: <empty>
2019-10-18 19:57:10,620 [BlockDeletingService#2] WARN  background.BlockDeletingService (BlockDeletingService.java:isDeletionAllowed(187)) - Close Container log Index 6 is not replicated across allthe servers in the pipeline 11bb0cf2-26ce-4402-a950-7b64e6e68f81 as the min replicated index is 4. Deletion is not allowed in this container yet.
2019-10-18 19:57:10,620 [BlockDeletingService#2] WARN  background.BlockDeletingService (BlockDeletingService.java:isDeletionAllowed(187)) - Close Container log Index 6 is not replicated across allthe servers in the pipeline 11bb0cf2-26ce-4402-a950-7b64e6e68f81 as the min replicated index is 4. Deletion is not allowed in this container yet.
2019-10-18 19:57:10,755 [Thread-440] INFO  client.GrpcClientProtocolService (GrpcClientProtocolService.java:lambda$processClientRequest$0(278)) - Failed RaftClientRequest:client-B973F343C649->d13c026a-6de7-468a-bcba-b5f9e5455386@group-7B64E6E68F81, cid=10, seq=0, Watch-ALL_COMMITTED(6), Message:<EMPTY>, reply=RaftClientReply:client-B973F343C649->d13c026a-6de7-468a-bcba-b5f9e5455386@group-7B64E6E68F81, cid=10, FAILED org.apache.ratis.protocol.NotReplicatedException: Request with call Id 10 and log index 6 is not yet replicated to ALL_COMMITTED, logIndex=6, commits[d13c026a-6de7-468a-bcba-b5f9e5455386:c10, 652c9eaa-759b-40b5-a420-e649d7d5dbbd:c10, 595ac112-eff6-4e35-b572-d6b1c4893b0f:c4]
2019-10-18 19:57:10,766 [EventQueue-ContainerReportForContainerReportHandler] WARN  container.ContainerReportHandler (AbstractContainerReportHandler.java:updateContainerState(145)) - Container #1 is in OPEN state, but the datanode d13c026a-6de7-468a-bcba-b5f9e5455386{ip: 192.168.34.13, host: pr-hdds-2310-hfl48-2231614471, networkLocation: /default-rack, certSerialId: null} reports an CLOSED replica.
2019-10-18 19:57:10,796 [EventQueue-ContainerReportForContainerReportHandler] WARN  container.ContainerReportHandler (AbstractContainerReportHandler.java:updateContainerState(145)) - Container #1 is in OPEN state, but the datanode 652c9eaa-759b-40b5-a420-e649d7d5dbbd{ip: 192.168.34.13, host: pr-hdds-2310-hfl48-2231614471, networkLocation: /default-rack, certSerialId: null} reports an CLOSED replica.
2019-10-18 19:57:11,097 [EventQueue-ContainerReportForContainerReportHandler] WARN  container.ContainerReportHandler (AbstractContainerReportHandler.java:updateContainerState(145)) - Container #1 is in OPEN state, but the datanode 652c9eaa-759b-40b5-a420-e649d7d5dbbd{ip: 192.168.34.13, host: pr-hdds-2310-hfl48-2231614471, networkLocation: /default-rack, certSerialId: null} reports an CLOSED replica.
2019-10-18 19:57:11,166 [EventQueue-ContainerReportForContainerReportHandler] WARN  container.ContainerReportHandler (AbstractContainerReportHandler.java:updateContainerState(145)) - Container #1 is in OPEN state, but the datanode d13c026a-6de7-468a-bcba-b5f9e5455386{ip: 192.168.34.13, host: pr-hdds-2310-hfl48-2231614471, networkLocation: /default-rack, certSerialId: null} reports an CLOSED replica.
2019-10-18 19:57:11,396 [EventQueue-ContainerReportForContainerReportHandler] WARN  container.ContainerReportHandler (AbstractContainerReportHandler.java:updateContainerState(145)) - Container #1 is in OPEN state, but the datanode 652c9eaa-759b-40b5-a420-e649d7d5dbbd{ip: 192.168.34.13, host: pr-hdds-2310-hfl48-2231614471, networkLocation: /default-rack, certSerialId: null} reports an CLOSED replica.
2019-10-18 19:57:11,466 [EventQueue-ContainerReportForContainerReportHandler] WARN  container.ContainerReportHandler (AbstractContainerReportHandler.java:updateContainerState(145)) - Container #1 is in OPEN state, but the datanode d13c026a-6de7-468a-bcba-b5f9e5455386{ip: 192.168.34.13, host: pr-hdds-2310-hfl48-2231614471, networkLocation: /default-rack, certSerialId: null} reports an CLOSED replica.
2019-10-18 19:57:11,621 [BlockDeletingService#2] WARN  background.BlockDeletingService (BlockDeletingService.java:isDeletionAllowed(187)) - Close Container log Index 6 is not replicated across allthe servers in the pipeline 11bb0cf2-26ce-4402-a950-7b64e6e68f81 as the min replicated index is 4. Deletion is not allowed in this container yet.
2019-10-18 19:57:11,625 [BlockDeletingService#2] WARN  background.BlockDeletingService (BlockDeletingService.java:isDeletionAllowed(187)) - Close Container log Index 6 is not replicated across allthe servers in the pipeline 11bb0cf2-26ce-4402-a950-7b64e6e68f81 as the min replicated index is 4. Deletion is not allowed in this container yet.
2019-10-18 19:57:11,665 [EventQueue-ContainerReportForContainerReportHandler] WARN  container.ContainerReportHandler (AbstractContainerReportHandler.java:updateContainerState(145)) - Container #1 is in OPEN state, but the datanode d13c026a-6de7-468a-bcba-b5f9e5455386{ip: 192.168.34.13, host: pr-hdds-2310-hfl48-2231614471, networkLocation: /default-rack, certSerialId: null} reports an CLOSED replica.
2019-10-18 19:57:11,698 [EventQueue-ContainerReportForContainerReportHandler] WARN  container.ContainerReportHandler (AbstractContainerReportHandler.java:updateContainerState(145)) - Container #1 is in OPEN state, but the datanode 652c9eaa-759b-40b5-a420-e649d7d5dbbd{ip: 192.168.34.13, host: pr-hdds-2310-hfl48-2231614471, networkLocation: /default-rack, certSerialId: null} reports an CLOSED replica.
2019-10-18 19:57:11,900 [EventQueue-ContainerReportForContainerReportHandler] WARN  container.ContainerReportHandler (AbstractContainerReportHandler.java:updateContainerState(145)) - Container #1 is in OPEN state, but the datanode 652c9eaa-759b-40b5-a420-e649d7d5dbbd{ip: 192.168.34.13, host: pr-hdds-2310-hfl48-2231614471, networkLocation: /default-rack, certSerialId: null} reports an CLOSED replica.
2019-10-18 19:57:11,966 [EventQueue-ContainerReportForContainerReportHandler] WARN  container.ContainerReportHandler (AbstractContainerReportHandler.java:updateContainerState(145)) - Container #1 is in OPEN state, but the datanode d13c026a-6de7-468a-bcba-b5f9e5455386{ip: 192.168.34.13, host: pr-hdds-2310-hfl48-2231614471, networkLocation: /default-rack, certSerialId: null} reports an CLOSED replica.
2019-10-18 19:57:12,201 [EventQueue-ContainerReportForContainerReportHandler] WARN  container.ContainerReportHandler (AbstractContainerReportHandler.java:updateContainerState(145)) - Container #1 is in OPEN state, but the datanode 652c9eaa-759b-40b5-a420-e649d7d5dbbd{ip: 192.168.34.13, host: pr-hdds-2310-hfl48-2231614471, networkLocation: /default-rack, certSerialId: null} reports an CLOSED replica.
2019-10-18 19:57:12,265 [EventQueue-ContainerReportForContainerReportHandler] WARN  container.ContainerReportHandler (AbstractContainerReportHandler.java:updateContainerState(145)) - Container #1 is in OPEN state, but the datanode d13c026a-6de7-468a-bcba-b5f9e5455386{ip: 192.168.34.13, host: pr-hdds-2310-hfl48-2231614471, networkLocation: /default-rack, certSerialId: null} reports an CLOSED replica.
2019-10-18 19:57:12,465 [EventQueue-ContainerReportForContainerReportHandler] WARN  container.ContainerReportHandler (AbstractContainerReportHandler.java:updateContainerState(145)) - Container #1 is in OPEN state, but the datanode d13c026a-6de7-468a-bcba-b5f9e5455386{ip: 192.168.34.13, host: pr-hdds-2310-hfl48-2231614471, networkLocation: /default-rack, certSerialId: null} reports an CLOSED replica.
2019-10-18 19:57:12,500 [EventQueue-ContainerReportForContainerReportHandler] WARN  container.ContainerReportHandler (AbstractContainerReportHandler.java:updateContainerState(145)) - Container #1 is in OPEN state, but the datanode 652c9eaa-759b-40b5-a420-e649d7d5dbbd{ip: 192.168.34.13, host: pr-hdds-2310-hfl48-2231614471, networkLocation: /default-rack, certSerialId: null} reports an CLOSED replica.
2019-10-18 19:57:12,629 [BlockDeletingService#2] WARN  background.BlockDeletingService (BlockDeletingService.java:isDeletionAllowed(187)) - Close Container log Index 6 is not replicated across allthe servers in the pipeline 11bb0cf2-26ce-4402-a950-7b64e6e68f81 as the min replicated index is 4. Deletion is not allowed in this container yet.
2019-10-18 19:57:12,629 [BlockDeletingService#2] WARN  background.BlockDeletingService (BlockDeletingService.java:isDeletionAllowed(187)) - Close Container log Index 6 is not replicated across allthe servers in the pipeline 11bb0cf2-26ce-4402-a950-7b64e6e68f81 as the min replicated index is 4. Deletion is not allowed in this container yet.
2019-10-18 19:57:12,767 [EventQueue-ContainerReportForContainerReportHandler] WARN  container.ContainerReportHandler (AbstractContainerReportHandler.java:updateContainerState(145)) - Container #1 is in OPEN state, but the datanode d13c026a-6de7-468a-bcba-b5f9e5455386{ip: 192.168.34.13, host: pr-hdds-2310-hfl48-2231614471, networkLocation: /default-rack, certSerialId: null} reports an CLOSED replica.
2019-10-18 19:57:12,799 [EventQueue-ContainerReportForContainerReportHandler] WARN  container.ContainerReportHandler (AbstractContainerReportHandler.java:updateContainerState(145)) - Container #1 is in OPEN state, but the datanode 652c9eaa-759b-40b5-a420-e649d7d5dbbd{ip: 192.168.34.13, host: pr-hdds-2310-hfl48-2231614471, networkLocation: /default-rack, certSerialId: null} reports an CLOSED replica.
2019-10-18 19:57:12,966 [EventQueue-ContainerReportForContainerReportHandler] WARN  container.ContainerReportHandler (AbstractContainerReportHandler.java:updateContainerState(145)) - Container #1 is in OPEN state, but the datanode d13c026a-6de7-468a-bcba-b5f9e5455386{ip: 192.168.34.13, host: pr-hdds-2310-hfl48-2231614471, networkLocation: /default-rack, certSerialId: null} reports an CLOSED replica.
2019-10-18 19:57:13,000 [EventQueue-ContainerReportForContainerReportHandler] WARN  container.ContainerReportHandler (AbstractContainerReportHandler.java:updateContainerState(145)) - Container #1 is in OPEN state, but the datanode 652c9eaa-759b-40b5-a420-e649d7d5dbbd{ip: 192.168.34.13, host: pr-hdds-2310-hfl48-2231614471, networkLocation: /default-rack, certSerialId: null} reports an CLOSED replica.
2019-10-18 19:57:13,078 [java.util.concurrent.ThreadPoolExecutor$Worker@21220c2e[State = -1, empty queue]] WARN  server.GrpcLogAppender (GrpcLogAppender.java:timeoutAppendRequest(209)) - d13c026a-6de7-468a-bcba-b5f9e5455386@group-7B64E6E68F81->595ac112-eff6-4e35-b572-d6b1c4893b0f-GrpcLogAppender: appendEntries Timeout, request=d13c026a-6de7-468a-bcba-b5f9e5455386->595ac112-eff6-4e35-b572-d6b1c4893b0f#40-t1, previous=(t:1, i:10), leaderCommit=10, initializing? false, entries: <empty>
2019-10-18 19:57:13,201 [EventQueue-ContainerReportForContainerReportHandler] WARN  container.ContainerReportHandler (AbstractContainerReportHandler.java:updateContainerState(145)) - Container #1 is in OPEN state, but the datanode 652c9eaa-759b-40b5-a420-e649d7d5dbbd{ip: 192.168.34.13, host: pr-hdds-2310-hfl48-2231614471, networkLocation: /default-rack, certSerialId: null} reports an CLOSED replica.
2019-10-18 19:57:13,266 [EventQueue-ContainerReportForContainerReportHandler] WARN  container.ContainerReportHandler (AbstractContainerReportHandler.java:updateContainerState(145)) - Container #1 is in OPEN state, but the datanode d13c026a-6de7-468a-bcba-b5f9e5455386{ip: 192.168.34.13, host: pr-hdds-2310-hfl48-2231614471, networkLocation: /default-rack, certSerialId: null} reports an CLOSED replica.
2019-10-18 19:57:13,500 [EventQueue-ContainerReportForContainerReportHandler] WARN  container.ContainerReportHandler (AbstractContainerReportHandler.java:updateContainerState(145)) - Container #1 is in OPEN state, but the datanode 652c9eaa-759b-40b5-a420-e649d7d5dbbd{ip: 192.168.34.13, host: pr-hdds-2310-hfl48-2231614471, networkLocation: /default-rack, certSerialId: null} reports an CLOSED replica.
2019-10-18 19:57:13,567 [EventQueue-ContainerReportForContainerReportHandler] WARN  container.ContainerReportHandler (AbstractContainerReportHandler.java:updateContainerState(145)) - Container #1 is in OPEN state, but the datanode d13c026a-6de7-468a-bcba-b5f9e5455386{ip: 192.168.34.13, host: pr-hdds-2310-hfl48-2231614471, networkLocation: /default-rack, certSerialId: null} reports an CLOSED replica.
2019-10-18 19:57:13,632 [BlockDeletingService#2] WARN  background.BlockDeletingService (BlockDeletingService.java:isDeletionAllowed(187)) - Close Container log Index 6 is not replicated across allthe servers in the pipeline 11bb0cf2-26ce-4402-a950-7b64e6e68f81 as the min replicated index is 4. Deletion is not allowed in this container yet.
2019-10-18 19:57:13,632 [BlockDeletingService#2] WARN  background.BlockDeletingService (BlockDeletingService.java:isDeletionAllowed(187)) - Close Container log Index 6 is not replicated across allthe servers in the pipeline 11bb0cf2-26ce-4402-a950-7b64e6e68f81 as the min replicated index is 4. Deletion is not allowed in this container yet.
2019-10-18 19:57:13,867 [EventQueue-ContainerReportForContainerReportHandler] WARN  container.ContainerReportHandler (AbstractContainerReportHandler.java:updateContainerState(145)) - Container #1 is in OPEN state, but the datanode d13c026a-6de7-468a-bcba-b5f9e5455386{ip: 192.168.34.13, host: pr-hdds-2310-hfl48-2231614471, networkLocation: /default-rack, certSerialId: null} reports an CLOSED replica.
2019-10-18 19:57:13,900 [EventQueue-ContainerReportForContainerReportHandler] WARN  container.ContainerReportHandler (AbstractContainerReportHandler.java:updateContainerState(145)) - Container #1 is in OPEN state, but the datanode 652c9eaa-759b-40b5-a420-e649d7d5dbbd{ip: 192.168.34.13, host: pr-hdds-2310-hfl48-2231614471, networkLocation: /default-rack, certSerialId: null} reports an CLOSED replica.
2019-10-18 19:57:14,100 [EventQueue-ContainerReportForContainerReportHandler] WARN  container.ContainerReportHandler (AbstractContainerReportHandler.java:updateContainerState(145)) - Container #1 is in OPEN state, but the datanode 652c9eaa-759b-40b5-a420-e649d7d5dbbd{ip: 192.168.34.13, host: pr-hdds-2310-hfl48-2231614471, networkLocation: /default-rack, certSerialId: null} reports an CLOSED replica.
2019-10-18 19:57:14,167 [EventQueue-ContainerReportForContainerReportHandler] WARN  container.ContainerReportHandler (AbstractContainerReportHandler.java:updateContainerState(145)) - Container #1 is in OPEN state, but the datanode d13c026a-6de7-468a-bcba-b5f9e5455386{ip: 192.168.34.13, host: pr-hdds-2310-hfl48-2231614471, networkLocation: /default-rack, certSerialId: null} reports an CLOSED replica.
2019-10-18 19:57:14,369 [EventQueue-ContainerReportForContainerReportHandler] WARN  container.ContainerReportHandler (AbstractContainerReportHandler.java:updateContainerState(145)) - Container #1 is in OPEN state, but the datanode d13c026a-6de7-468a-bcba-b5f9e5455386{ip: 192.168.34.13, host: pr-hdds-2310-hfl48-2231614471, networkLocation: /default-rack, certSerialId: null} reports an CLOSED replica.
2019-10-18 19:57:14,501 [EventQueue-ContainerReportForContainerReportHandler] WARN  container.ContainerReportHandler (AbstractContainerReportHandler.java:updateContainerState(145)) - Container #1 is in OPEN state, but the datanode 652c9eaa-759b-40b5-a420-e649d7d5dbbd{ip: 192.168.34.13, host: pr-hdds-2310-hfl48-2231614471, networkLocation: /default-rack, certSerialId: null} reports an CLOSED replica.
2019-10-18 19:57:14,634 [BlockDeletingService#2] WARN  background.BlockDeletingService (BlockDeletingService.java:isDeletionAllowed(187)) - Close Container log Index 6 is not replicated across allthe servers in the pipeline 11bb0cf2-26ce-4402-a950-7b64e6e68f81 as the min replicated index is 4. Deletion is not allowed in this container yet.
2019-10-18 19:57:14,634 [BlockDeletingService#2] WARN  background.BlockDeletingService (BlockDeletingService.java:isDeletionAllowed(187)) - Close Container log Index 6 is not replicated across allthe servers in the pipeline 11bb0cf2-26ce-4402-a950-7b64e6e68f81 as the min replicated index is 4. Deletion is not allowed in this container yet.
2019-10-18 19:57:14,670 [EventQueue-ContainerReportForContainerReportHandler] WARN  container.ContainerReportHandler (AbstractContainerReportHandler.java:updateContainerState(145)) - Container #1 is in OPEN state, but the datanode d13c026a-6de7-468a-bcba-b5f9e5455386{ip: 192.168.34.13, host: pr-hdds-2310-hfl48-2231614471, networkLocation: /default-rack, certSerialId: null} reports an CLOSED replica.
2019-10-18 19:57:14,802 [EventQueue-ContainerReportForContainerReportHandler] WARN  container.ContainerReportHandler (AbstractContainerReportHandler.java:updateContainerState(145)) - Container #1 is in OPEN state, but the datanode 652c9eaa-759b-40b5-a420-e649d7d5dbbd{ip: 192.168.34.13, host: pr-hdds-2310-hfl48-2231614471, networkLocation: /default-rack, certSerialId: null} reports an CLOSED replica.
2019-10-18 19:57:15,071 [EventQueue-ContainerReportForContainerReportHandler] WARN  container.ContainerReportHandler (AbstractContainerReportHandler.java:updateContainerState(145)) - Container #1 is in OPEN state, but the datanode d13c026a-6de7-468a-bcba-b5f9e5455386{ip: 192.168.34.13, host: pr-hdds-2310-hfl48-2231614471, networkLocation: /default-rack, certSerialId: null} reports an CLOSED replica.
2019-10-18 19:57:15,102 [EventQueue-ContainerReportForContainerReportHandler] WARN  container.ContainerReportHandler (AbstractContainerReportHandler.java:updateContainerState(145)) - Container #1 is in OPEN state, but the datanode 652c9eaa-759b-40b5-a420-e649d7d5dbbd{ip: 192.168.34.13, host: pr-hdds-2310-hfl48-2231614471, networkLocation: /default-rack, certSerialId: null} reports an CLOSED replica.
2019-10-18 19:57:15,372 [EventQueue-ContainerReportForContainerReportHandler] WARN  container.ContainerReportHandler (AbstractContainerReportHandler.java:updateContainerState(145)) - Container #1 is in OPEN state, but the datanode d13c026a-6de7-468a-bcba-b5f9e5455386{ip: 192.168.34.13, host: pr-hdds-2310-hfl48-2231614471, networkLocation: /default-rack, certSerialId: null} reports an CLOSED replica.
2019-10-18 19:57:15,403 [EventQueue-ContainerReportForContainerReportHandler] WARN  container.ContainerReportHandler (AbstractContainerReportHandler.java:updateContainerState(145)) - Container #1 is in OPEN state, but the datanode 652c9eaa-759b-40b5-a420-e649d7d5dbbd{ip: 192.168.34.13, host: pr-hdds-2310-hfl48-2231614471, networkLocation: /default-rack, certSerialId: null} reports an CLOSED replica.
2019-10-18 19:57:15,580 [java.util.concurrent.ThreadPoolExecutor$Worker@21220c2e[State = -1, empty queue]] WARN  server.GrpcLogAppender (GrpcLogAppender.java:timeoutAppendRequest(209)) - d13c026a-6de7-468a-bcba-b5f9e5455386@group-7B64E6E68F81->595ac112-eff6-4e35-b572-d6b1c4893b0f-GrpcLogAppender: appendEntries Timeout, request=d13c026a-6de7-468a-bcba-b5f9e5455386->595ac112-eff6-4e35-b572-d6b1c4893b0f#41-t1, previous=(t:1, i:10), leaderCommit=10, initializing? false, entries: <empty>
2019-10-18 19:57:15,636 [BlockDeletingService#2] WARN  background.BlockDeletingService (BlockDeletingService.java:isDeletionAllowed(187)) - Close Container log Index 6 is not replicated across allthe servers in the pipeline 11bb0cf2-26ce-4402-a950-7b64e6e68f81 as the min replicated index is 4. Deletion is not allowed in this container yet.
2019-10-18 19:57:15,636 [BlockDeletingService#2] WARN  background.BlockDeletingService (BlockDeletingService.java:isDeletionAllowed(187)) - Close Container log Index 6 is not replicated across allthe servers in the pipeline 11bb0cf2-26ce-4402-a950-7b64e6e68f81 as the min replicated index is 4. Deletion is not allowed in this container yet.
2019-10-18 19:57:15,703 [EventQueue-ContainerReportForContainerReportHandler] WARN  container.ContainerReportHandler (AbstractContainerReportHandler.java:updateContainerState(145)) - Container #1 is in OPEN state, but the datanode 652c9eaa-759b-40b5-a420-e649d7d5dbbd{ip: 192.168.34.13, host: pr-hdds-2310-hfl48-2231614471, networkLocation: /default-rack, certSerialId: null} reports an CLOSED replica.
2019-10-18 19:57:15,775 [EventQueue-ContainerReportForContainerReportHandler] WARN  container.ContainerReportHandler (AbstractContainerReportHandler.java:updateContainerState(145)) - Container #1 is in OPEN state, but the datanode d13c026a-6de7-468a-bcba-b5f9e5455386{ip: 192.168.34.13, host: pr-hdds-2310-hfl48-2231614471, networkLocation: /default-rack, certSerialId: null} reports an CLOSED replica.
2019-10-18 19:57:15,975 [EventQueue-ContainerReportForContainerReportHandler] WARN  container.ContainerReportHandler (AbstractContainerReportHandler.java:updateContainerState(145)) - Container #1 is in OPEN state, but the datanode d13c026a-6de7-468a-bcba-b5f9e5455386{ip: 192.168.34.13, host: pr-hdds-2310-hfl48-2231614471, networkLocation: /default-rack, certSerialId: null} reports an CLOSED replica.
2019-10-18 19:57:16,103 [EventQueue-ContainerReportForContainerReportHandler] WARN  container.ContainerReportHandler (AbstractContainerReportHandler.java:updateContainerState(145)) - Container #1 is in OPEN state, but the datanode 652c9eaa-759b-40b5-a420-e649d7d5dbbd{ip: 192.168.34.13, host: pr-hdds-2310-hfl48-2231614471, networkLocation: /default-rack, certSerialId: null} reports an CLOSED replica.
2019-10-18 19:57:16,176 [EventQueue-ContainerReportForContainerReportHandler] WARN  container.ContainerReportHandler (AbstractContainerReportHandler.java:updateContainerState(145)) - Container #1 is in OPEN state, but the datanode d13c026a-6de7-468a-bcba-b5f9e5455386{ip: 192.168.34.13, host: pr-hdds-2310-hfl48-2231614471, networkLocation: /default-rack, certSerialId: null} reports an CLOSED replica.
2019-10-18 19:57:16,505 [EventQueue-ContainerReportForContainerReportHandler] WARN  container.ContainerReportHandler (AbstractContainerReportHandler.java:updateContainerState(145)) - Container #1 is in OPEN state, but the datanode 652c9eaa-759b-40b5-a420-e649d7d5dbbd{ip: 192.168.34.13, host: pr-hdds-2310-hfl48-2231614471, networkLocation: /default-rack, certSerialId: null} reports an CLOSED replica.
2019-10-18 19:57:16,576 [EventQueue-ContainerReportForContainerReportHandler] WARN  container.ContainerReportHandler (AbstractContainerReportHandler.java:updateContainerState(145)) - Container #1 is in OPEN state, but the datanode d13c026a-6de7-468a-bcba-b5f9e5455386{ip: 192.168.34.13, host: pr-hdds-2310-hfl48-2231614471, networkLocation: /default-rack, certSerialId: null} reports an CLOSED replica.
2019-10-18 19:57:16,639 [BlockDeletingService#2] WARN  background.BlockDeletingService (BlockDeletingService.java:isDeletionAllowed(187)) - Close Container log Index 6 is not replicated across allthe servers in the pipeline 11bb0cf2-26ce-4402-a950-7b64e6e68f81 as the min replicated index is 4. Deletion is not allowed in this container yet.
2019-10-18 19:57:16,639 [BlockDeletingService#2] WARN  background.BlockDeletingService (BlockDeletingService.java:isDeletionAllowed(187)) - Close Container log Index 6 is not replicated across allthe servers in the pipeline 11bb0cf2-26ce-4402-a950-7b64e6e68f81 as the min replicated index is 4. Deletion is not allowed in this container yet.
2019-10-18 19:57:16,705 [EventQueue-ContainerReportForContainerReportHandler] WARN  container.ContainerReportHandler (AbstractContainerReportHandler.java:updateContainerState(145)) - Container #1 is in OPEN state, but the datanode 652c9eaa-759b-40b5-a420-e649d7d5dbbd{ip: 192.168.34.13, host: pr-hdds-2310-hfl48-2231614471, networkLocation: /default-rack, certSerialId: null} reports an CLOSED replica.
2019-10-18 19:57:16,776 [EventQueue-ContainerReportForContainerReportHandler] WARN  container.ContainerReportHandler (AbstractContainerReportHandler.java:updateContainerState(145)) - Container #1 is in OPEN state, but the datanode d13c026a-6de7-468a-bcba-b5f9e5455386{ip: 192.168.34.13, host: pr-hdds-2310-hfl48-2231614471, networkLocation: /default-rack, certSerialId: null} reports an CLOSED replica.
2019-10-18 19:57:16,904 [EventQueue-ContainerReportForContainerReportHandler] WARN  container.ContainerReportHandler (AbstractContainerReportHandler.java:updateContainerState(145)) - Container #1 is in OPEN state, but the datanode 652c9eaa-759b-40b5-a420-e649d7d5dbbd{ip: 192.168.34.13, host: pr-hdds-2310-hfl48-2231614471, networkLocation: /default-rack, certSerialId: null} reports an CLOSED replica.
2019-10-18 19:57:17,076 [EventQueue-ContainerReportForContainerReportHandler] WARN  container.ContainerReportHandler (AbstractContainerReportHandler.java:updateContainerState(145)) - Container #1 is in OPEN state, but the datanode d13c026a-6de7-468a-bcba-b5f9e5455386{ip: 192.168.34.13, host: pr-hdds-2310-hfl48-2231614471, networkLocation: /default-rack, certSerialId: null} reports an CLOSED replica.
2019-10-18 19:57:17,304 [EventQueue-ContainerReportForContainerReportHandler] WARN  container.ContainerReportHandler (AbstractContainerReportHandler.java:updateContainerState(145)) - Container #1 is in OPEN state, but the datanode 652c9eaa-759b-40b5-a420-e649d7d5dbbd{ip: 192.168.34.13, host: pr-hdds-2310-hfl48-2231614471, networkLocation: /default-rack, certSerialId: null} reports an CLOSED replica.
2019-10-18 19:57:17,477 [EventQueue-ContainerReportForContainerReportHandler] WARN  container.ContainerReportHandler (AbstractContainerReportHandler.java:updateContainerState(145)) - Container #1 is in OPEN state, but the datanode d13c026a-6de7-468a-bcba-b5f9e5455386{ip: 192.168.34.13, host: pr-hdds-2310-hfl48-2231614471, networkLocation: /default-rack, certSerialId: null} reports an CLOSED replica.
2019-10-18 19:57:17,504 [EventQueue-ContainerReportForContainerReportHandler] WARN  container.ContainerReportHandler (AbstractContainerReportHandler.java:updateContainerState(145)) - Container #1 is in OPEN state, but the datanode 652c9eaa-759b-40b5-a420-e649d7d5dbbd{ip: 192.168.34.13, host: pr-hdds-2310-hfl48-2231614471, networkLocation: /default-rack, certSerialId: null} reports an CLOSED replica.
2019-10-18 19:57:17,641 [BlockDeletingService#2] WARN  background.BlockDeletingService (BlockDeletingService.java:isDeletionAllowed(187)) - Close Container log Index 6 is not replicated across allthe servers in the pipeline 11bb0cf2-26ce-4402-a950-7b64e6e68f81 as the min replicated index is 4. Deletion is not allowed in this container yet.
2019-10-18 19:57:17,641 [BlockDeletingService#2] WARN  background.BlockDeletingService (BlockDeletingService.java:isDeletionAllowed(187)) - Close Container log Index 6 is not replicated across allthe servers in the pipeline 11bb0cf2-26ce-4402-a950-7b64e6e68f81 as the min replicated index is 4. Deletion is not allowed in this container yet.
2019-10-18 19:57:17,677 [EventQueue-ContainerReportForContainerReportHandler] WARN  container.ContainerReportHandler (AbstractContainerReportHandler.java:updateContainerState(145)) - Container #1 is in OPEN state, but the datanode d13c026a-6de7-468a-bcba-b5f9e5455386{ip: 192.168.34.13, host: pr-hdds-2310-hfl48-2231614471, networkLocation: /default-rack, certSerialId: null} reports an CLOSED replica.
2019-10-18 19:57:17,906 [EventQueue-ContainerReportForContainerReportHandler] WARN  container.ContainerReportHandler (AbstractContainerReportHandler.java:updateContainerState(145)) - Container #1 is in OPEN state, but the datanode 652c9eaa-759b-40b5-a420-e649d7d5dbbd{ip: 192.168.34.13, host: pr-hdds-2310-hfl48-2231614471, networkLocation: /default-rack, certSerialId: null} reports an CLOSED replica.
2019-10-18 19:57:18,078 [EventQueue-ContainerReportForContainerReportHandler] WARN  container.ContainerReportHandler (AbstractContainerReportHandler.java:updateContainerState(145)) - Container #1 is in OPEN state, but the datanode d13c026a-6de7-468a-bcba-b5f9e5455386{ip: 192.168.34.13, host: pr-hdds-2310-hfl48-2231614471, networkLocation: /default-rack, certSerialId: null} reports an CLOSED replica.
2019-10-18 19:57:18,081 [java.util.concurrent.ThreadPoolExecutor$Worker@21220c2e[State = -1, empty queue]] WARN  server.GrpcLogAppender (GrpcLogAppender.java:timeoutAppendRequest(209)) - d13c026a-6de7-468a-bcba-b5f9e5455386@group-7B64E6E68F81->595ac112-eff6-4e35-b572-d6b1c4893b0f-GrpcLogAppender: appendEntries Timeout, request=d13c026a-6de7-468a-bcba-b5f9e5455386->595ac112-eff6-4e35-b572-d6b1c4893b0f#42-t1, previous=(t:1, i:10), leaderCommit=10, initializing? false, entries: <empty>
2019-10-18 19:57:18,206 [EventQueue-ContainerReportForContainerReportHandler] WARN  container.ContainerReportHandler (AbstractContainerReportHandler.java:updateContainerState(145)) - Container #1 is in OPEN state, but the datanode 652c9eaa-759b-40b5-a420-e649d7d5dbbd{ip: 192.168.34.13, host: pr-hdds-2310-hfl48-2231614471, networkLocation: /default-rack, certSerialId: null} reports an CLOSED replica.
2019-10-18 19:57:18,377 [EventQueue-ContainerReportForContainerReportHandler] WARN  container.ContainerReportHandler (AbstractContainerReportHandler.java:updateContainerState(145)) - Container #1 is in OPEN state, but the datanode d13c026a-6de7-468a-bcba-b5f9e5455386{ip: 192.168.34.13, host: pr-hdds-2310-hfl48-2231614471, networkLocation: /default-rack, certSerialId: null} reports an CLOSED replica.
2019-10-18 19:57:18,578 [EventQueue-ContainerReportForContainerReportHandler] WARN  container.ContainerReportHandler (AbstractContainerReportHandler.java:updateContainerState(145)) - Container #1 is in OPEN state, but the datanode d13c026a-6de7-468a-bcba-b5f9e5455386{ip: 192.168.34.13, host: pr-hdds-2310-hfl48-2231614471, networkLocation: /default-rack, certSerialId: null} reports an CLOSED replica.
2019-10-18 19:57:18,605 [EventQueue-ContainerReportForContainerReportHandler] WARN  container.ContainerReportHandler (AbstractContainerReportHandler.java:updateContainerState(145)) - Container #1 is in OPEN state, but the datanode 652c9eaa-759b-40b5-a420-e649d7d5dbbd{ip: 192.168.34.13, host: pr-hdds-2310-hfl48-2231614471, networkLocation: /default-rack, certSerialId: null} reports an CLOSED replica.
2019-10-18 19:57:18,642 [BlockDeletingService#2] WARN  background.BlockDeletingService (BlockDeletingService.java:isDeletionAllowed(187)) - Close Container log Index 6 is not replicated across allthe servers in the pipeline 11bb0cf2-26ce-4402-a950-7b64e6e68f81 as the min replicated index is 4. Deletion is not allowed in this container yet.
2019-10-18 19:57:18,642 [BlockDeletingService#2] WARN  background.BlockDeletingService (BlockDeletingService.java:isDeletionAllowed(187)) - Close Container log Index 6 is not replicated across allthe servers in the pipeline 11bb0cf2-26ce-4402-a950-7b64e6e68f81 as the min replicated index is 4. Deletion is not allowed in this container yet.
2019-10-18 19:57:18,878 [EventQueue-ContainerReportForContainerReportHandler] WARN  container.ContainerReportHandler (AbstractContainerReportHandler.java:updateContainerState(145)) - Container #1 is in OPEN state, but the datanode d13c026a-6de7-468a-bcba-b5f9e5455386{ip: 192.168.34.13, host: pr-hdds-2310-hfl48-2231614471, networkLocation: /default-rack, certSerialId: null} reports an CLOSED replica.
2019-10-18 19:57:19,005 [EventQueue-ContainerReportForContainerReportHandler] WARN  container.ContainerReportHandler (AbstractContainerReportHandler.java:updateContainerState(145)) - Container #1 is in OPEN state, but the datanode 652c9eaa-759b-40b5-a420-e649d7d5dbbd{ip: 192.168.34.13, host: pr-hdds-2310-hfl48-2231614471, networkLocation: /default-rack, certSerialId: null} reports an CLOSED replica.
2019-10-18 19:57:19,079 [EventQueue-ContainerReportForContainerReportHandler] WARN  container.ContainerReportHandler (AbstractContainerReportHandler.java:updateContainerState(145)) - Container #1 is in OPEN state, but the datanode d13c026a-6de7-468a-bcba-b5f9e5455386{ip: 192.168.34.13, host: pr-hdds-2310-hfl48-2231614471, networkLocation: /default-rack, certSerialId: null} reports an CLOSED replica.
2019-10-18 19:57:19,305 [EventQueue-ContainerReportForContainerReportHandler] WARN  container.ContainerReportHandler (AbstractContainerReportHandler.java:updateContainerState(145)) - Container #1 is in OPEN state, but the datanode 652c9eaa-759b-40b5-a420-e649d7d5dbbd{ip: 192.168.34.13, host: pr-hdds-2310-hfl48-2231614471, networkLocation: /default-rack, certSerialId: null} reports an CLOSED replica.
2019-10-18 19:57:19,479 [EventQueue-ContainerReportForContainerReportHandler] WARN  container.ContainerReportHandler (AbstractContainerReportHandler.java:updateContainerState(145)) - Container #1 is in OPEN state, but the datanode d13c026a-6de7-468a-bcba-b5f9e5455386{ip: 192.168.34.13, host: pr-hdds-2310-hfl48-2231614471, networkLocation: /default-rack, certSerialId: null} reports an CLOSED replica.
2019-10-18 19:57:19,505 [EventQueue-ContainerReportForContainerReportHandler] WARN  container.ContainerReportHandler (AbstractContainerReportHandler.java:updateContainerState(145)) - Container #1 is in OPEN state, but the datanode 652c9eaa-759b-40b5-a420-e649d7d5dbbd{ip: 192.168.34.13, host: pr-hdds-2310-hfl48-2231614471, networkLocation: /default-rack, certSerialId: null} reports an CLOSED replica.
2019-10-18 19:57:19,644 [BlockDeletingService#2] WARN  background.BlockDeletingService (BlockDeletingService.java:isDeletionAllowed(187)) - Close Container log Index 6 is not replicated across allthe servers in the pipeline 11bb0cf2-26ce-4402-a950-7b64e6e68f81 as the min replicated index is 4. Deletion is not allowed in this container yet.
2019-10-18 19:57:19,644 [BlockDeletingService#2] WARN  background.BlockDeletingService (BlockDeletingService.java:isDeletionAllowed(187)) - Close Container log Index 6 is not replicated across allthe servers in the pipeline 11bb0cf2-26ce-4402-a950-7b64e6e68f81 as the min replicated index is 4. Deletion is not allowed in this container yet.
2019-10-18 19:57:19,759 [Thread-464] INFO  client.GrpcClientProtocolService (GrpcClientProtocolService.java:lambda$processClientRequest$0(278)) - Failed RaftClientRequest:client-B973F343C649->652c9eaa-759b-40b5-a420-e649d7d5dbbd@group-7B64E6E68F81, cid=10, seq=0, Watch-ALL_COMMITTED(6), Message:<EMPTY>, reply=RaftClientReply:client-B973F343C649->652c9eaa-759b-40b5-a420-e649d7d5dbbd@group-7B64E6E68F81, cid=10, FAILED org.apache.ratis.protocol.NotLeaderException: Server 652c9eaa-759b-40b5-a420-e649d7d5dbbd@group-7B64E6E68F81 is not the leader d13c026a-6de7-468a-bcba-b5f9e5455386:192.168.34.13:41921, logIndex=0, commits[652c9eaa-759b-40b5-a420-e649d7d5dbbd:c10, d13c026a-6de7-468a-bcba-b5f9e5455386:c10, 595ac112-eff6-4e35-b572-d6b1c4893b0f:c4]
2019-10-18 19:57:19,881 [EventQueue-ContainerReportForContainerReportHandler] WARN  container.ContainerReportHandler (AbstractContainerReportHandler.java:updateContainerState(145)) - Container #1 is in OPEN state, but the datanode d13c026a-6de7-468a-bcba-b5f9e5455386{ip: 192.168.34.13, host: pr-hdds-2310-hfl48-2231614471, networkLocation: /default-rack, certSerialId: null} reports an CLOSED replica.
2019-10-18 19:57:19,907 [EventQueue-ContainerReportForContainerReportHandler] WARN  container.ContainerReportHandler (AbstractContainerReportHandler.java:updateContainerState(145)) - Container #1 is in OPEN state, but the datanode 652c9eaa-759b-40b5-a420-e649d7d5dbbd{ip: 192.168.34.13, host: pr-hdds-2310-hfl48-2231614471, networkLocation: /default-rack, certSerialId: null} reports an CLOSED replica.
2019-10-18 19:57:20,179 [EventQueue-ContainerReportForContainerReportHandler] WARN  container.ContainerReportHandler (AbstractContainerReportHandler.java:updateContainerState(145)) - Container #1 is in OPEN state, but the datanode d13c026a-6de7-468a-bcba-b5f9e5455386{ip: 192.168.34.13, host: pr-hdds-2310-hfl48-2231614471, networkLocation: /default-rack, certSerialId: null} reports an CLOSED replica.
2019-10-18 19:57:20,307 [EventQueue-ContainerReportForContainerReportHandler] WARN  container.ContainerReportHandler (AbstractContainerReportHandler.java:updateContainerState(145)) - Container #1 is in OPEN state, but the datanode 652c9eaa-759b-40b5-a420-e649d7d5dbbd{ip: 192.168.34.13, host: pr-hdds-2310-hfl48-2231614471, networkLocation: /default-rack, certSerialId: null} reports an CLOSED replica.
2019-10-18 19:57:20,482 [EventQueue-ContainerReportForContainerReportHandler] WARN  container.ContainerReportHandler (AbstractContainerReportHandler.java:updateContainerState(145)) - Container #1 is in OPEN state, but the datanode d13c026a-6de7-468a-bcba-b5f9e5455386{ip: 192.168.34.13, host: pr-hdds-2310-hfl48-2231614471, networkLocation: /default-rack, certSerialId: null} reports an CLOSED replica.
2019-10-18 19:57:20,584 [java.util.concurrent.ThreadPoolExecutor$Worker@21220c2e[State = -1, empty queue]] WARN  server.GrpcLogAppender (GrpcLogAppender.java:timeoutAppendRequest(209)) - d13c026a-6de7-468a-bcba-b5f9e5455386@group-7B64E6E68F81->595ac112-eff6-4e35-b572-d6b1c4893b0f-GrpcLogAppender: appendEntries Timeout, request=d13c026a-6de7-468a-bcba-b5f9e5455386->595ac112-eff6-4e35-b572-d6b1c4893b0f#43-t1, previous=(t:1, i:10), leaderCommit=10, initializing? false, entries: <empty>
2019-10-18 19:57:20,608 [EventQueue-ContainerReportForContainerReportHandler] WARN  container.ContainerReportHandler (AbstractContainerReportHandler.java:updateContainerState(145)) - Container #1 is in OPEN state, but the datanode 652c9eaa-759b-40b5-a420-e649d7d5dbbd{ip: 192.168.34.13, host: pr-hdds-2310-hfl48-2231614471, networkLocation: /default-rack, certSerialId: null} reports an CLOSED replica.
2019-10-18 19:57:20,648 [BlockDeletingService#2] WARN  background.BlockDeletingService (BlockDeletingService.java:isDeletionAllowed(187)) - Close Container log Index 6 is not replicated across allthe servers in the pipeline 11bb0cf2-26ce-4402-a950-7b64e6e68f81 as the min replicated index is 4. Deletion is not allowed in this container yet.
2019-10-18 19:57:20,648 [BlockDeletingService#2] WARN  background.BlockDeletingService (BlockDeletingService.java:isDeletionAllowed(187)) - Close Container log Index 6 is not replicated across allthe servers in the pipeline 11bb0cf2-26ce-4402-a950-7b64e6e68f81 as the min replicated index is 4. Deletion is not allowed in this container yet.
2019-10-18 19:57:20,755 [Thread-470] INFO  client.GrpcClientProtocolService (GrpcClientProtocolService.java:lambda$processClientRequest$0(278)) - Failed RaftClientRequest:client-B973F343C649->d13c026a-6de7-468a-bcba-b5f9e5455386@group-7B64E6E68F81, cid=10, seq=0, Watch-ALL_COMMITTED(6), Message:<EMPTY>, reply=RaftClientReply:client-B973F343C649->d13c026a-6de7-468a-bcba-b5f9e5455386@group-7B64E6E68F81, cid=10, FAILED org.apache.ratis.protocol.NotReplicatedException: Request with call Id 10 and log index 6 is not yet replicated to ALL_COMMITTED, logIndex=6, commits[d13c026a-6de7-468a-bcba-b5f9e5455386:c10, 652c9eaa-759b-40b5-a420-e649d7d5dbbd:c10, 595ac112-eff6-4e35-b572-d6b1c4893b0f:c4]
2019-10-18 19:57:20,780 [EventQueue-ContainerReportForContainerReportHandler] WARN  container.ContainerReportHandler (AbstractContainerReportHandler.java:updateContainerState(145)) - Container #1 is in OPEN state, but the datanode d13c026a-6de7-468a-bcba-b5f9e5455386{ip: 192.168.34.13, host: pr-hdds-2310-hfl48-2231614471, networkLocation: /default-rack, certSerialId: null} reports an CLOSED replica.
2019-10-18 19:57:20,808 [EventQueue-ContainerReportForContainerReportHandler] WARN  container.ContainerReportHandler (AbstractContainerReportHandler.java:updateContainerState(145)) - Container #1 is in OPEN state, but the datanode 652c9eaa-759b-40b5-a420-e649d7d5dbbd{ip: 192.168.34.13, host: pr-hdds-2310-hfl48-2231614471, networkLocation: /default-rack, certSerialId: null} reports an CLOSED replica.
2019-10-18 19:57:21,081 [EventQueue-ContainerReportForContainerReportHandler] WARN  container.ContainerReportHandler (AbstractContainerReportHandler.java:updateContainerState(145)) - Container #1 is in OPEN state, but the datanode d13c026a-6de7-468a-bcba-b5f9e5455386{ip: 192.168.34.13, host: pr-hdds-2310-hfl48-2231614471, networkLocation: /default-rack, certSerialId: null} reports an CLOSED replica.
2019-10-18 19:57:21,108 [EventQueue-ContainerReportForContainerReportHandler] WARN  container.ContainerReportHandler (AbstractContainerReportHandler.java:updateContainerState(145)) - Container #1 is in OPEN state, but the datanode 652c9eaa-759b-40b5-a420-e649d7d5dbbd{ip: 192.168.34.13, host: pr-hdds-2310-hfl48-2231614471, networkLocation: /default-rack, certSerialId: null} reports an CLOSED replica.
2019-10-18 19:57:21,380 [EventQueue-ContainerReportForContainerReportHandler] WARN  container.ContainerReportHandler (AbstractContainerReportHandler.java:updateContainerState(145)) - Container #1 is in OPEN state, but the datanode d13c026a-6de7-468a-bcba-b5f9e5455386{ip: 192.168.34.13, host: pr-hdds-2310-hfl48-2231614471, networkLocation: /default-rack, certSerialId: null} reports an CLOSED replica.
2019-10-18 19:57:21,408 [EventQueue-ContainerReportForContainerReportHandler] WARN  container.ContainerReportHandler (AbstractContainerReportHandler.java:updateContainerState(145)) - Container #1 is in OPEN state, but the datanode 652c9eaa-759b-40b5-a420-e649d7d5dbbd{ip: 192.168.34.13, host: pr-hdds-2310-hfl48-2231614471, networkLocation: /default-rack, certSerialId: null} reports an CLOSED replica.
2019-10-18 19:57:21,581 [EventQueue-ContainerReportForContainerReportHandler] WARN  container.ContainerReportHandler (AbstractContainerReportHandler.java:updateContainerState(145)) - Container #1 is in OPEN state, but the datanode d13c026a-6de7-468a-bcba-b5f9e5455386{ip: 192.168.34.13, host: pr-hdds-2310-hfl48-2231614471, networkLocation: /default-rack, certSerialId: null} reports an CLOSED replica.
2019-10-18 19:57:21,649 [BlockDeletingService#2] WARN  background.BlockDeletingService (BlockDeletingService.java:isDeletionAllowed(187)) - Close Container log Index 6 is not replicated across allthe servers in the pipeline 11bb0cf2-26ce-4402-a950-7b64e6e68f81 as the min replicated index is 4. Deletion is not allowed in this container yet.
2019-10-18 19:57:21,652 [BlockDeletingService#2] WARN  background.BlockDeletingService (BlockDeletingService.java:isDeletionAllowed(187)) - Close Container log Index 6 is not replicated across allthe servers in the pipeline 11bb0cf2-26ce-4402-a950-7b64e6e68f81 as the min replicated index is 4. Deletion is not allowed in this container yet.
2019-10-18 19:57:21,807 [EventQueue-ContainerReportForContainerReportHandler] WARN  container.ContainerReportHandler (AbstractContainerReportHandler.java:updateContainerState(145)) - Container #1 is in OPEN state, but the datanode 652c9eaa-759b-40b5-a420-e649d7d5dbbd{ip: 192.168.34.13, host: pr-hdds-2310-hfl48-2231614471, networkLocation: /default-rack, certSerialId: null} reports an CLOSED replica.
2019-10-18 19:57:21,880 [EventQueue-ContainerReportForContainerReportHandler] WARN  container.ContainerReportHandler (AbstractContainerReportHandler.java:updateContainerState(145)) - Container #1 is in OPEN state, but the datanode d13c026a-6de7-468a-bcba-b5f9e5455386{ip: 192.168.34.13, host: pr-hdds-2310-hfl48-2231614471, networkLocation: /default-rack, certSerialId: null} reports an CLOSED replica.
2019-10-18 19:57:22,080 [EventQueue-ContainerReportForContainerReportHandler] WARN  container.ContainerReportHandler (AbstractContainerReportHandler.java:updateContainerState(145)) - Container #1 is in OPEN state, but the datanode d13c026a-6de7-468a-bcba-b5f9e5455386{ip: 192.168.34.13, host: pr-hdds-2310-hfl48-2231614471, networkLocation: /default-rack, certSerialId: null} reports an CLOSED replica.
2019-10-18 19:57:22,107 [EventQueue-ContainerReportForContainerReportHandler] WARN  container.ContainerReportHandler (AbstractContainerReportHandler.java:updateContainerState(145)) - Container #1 is in OPEN state, but the datanode 652c9eaa-759b-40b5-a420-e649d7d5dbbd{ip: 192.168.34.13, host: pr-hdds-2310-hfl48-2231614471, networkLocation: /default-rack, certSerialId: null} reports an CLOSED replica.
2019-10-18 19:57:22,380 [EventQueue-ContainerReportForContainerReportHandler] WARN  container.ContainerReportHandler (AbstractContainerReportHandler.java:updateContainerState(145)) - Container #1 is in OPEN state, but the datanode d13c026a-6de7-468a-bcba-b5f9e5455386{ip: 192.168.34.13, host: pr-hdds-2310-hfl48-2231614471, networkLocation: /default-rack, certSerialId: null} reports an CLOSED replica.
2019-10-18 19:57:22,408 [EventQueue-ContainerReportForContainerReportHandler] WARN  container.ContainerReportHandler (AbstractContainerReportHandler.java:updateContainerState(145)) - Container #1 is in OPEN state, but the datanode 652c9eaa-759b-40b5-a420-e649d7d5dbbd{ip: 192.168.34.13, host: pr-hdds-2310-hfl48-2231614471, networkLocation: /default-rack, certSerialId: null} reports an CLOSED replica.
2019-10-18 19:57:22,580 [EventQueue-ContainerReportForContainerReportHandler] WARN  container.ContainerReportHandler (AbstractContainerReportHandler.java:updateContainerState(145)) - Container #1 is in OPEN state, but the datanode d13c026a-6de7-468a-bcba-b5f9e5455386{ip: 192.168.34.13, host: pr-hdds-2310-hfl48-2231614471, networkLocation: /default-rack, certSerialId: null} reports an CLOSED replica.
2019-10-18 19:57:22,654 [BlockDeletingService#2] WARN  background.BlockDeletingService (BlockDeletingService.java:isDeletionAllowed(187)) - Close Container log Index 6 is not replicated across allthe servers in the pipeline 11bb0cf2-26ce-4402-a950-7b64e6e68f81 as the min replicated index is 4. Deletion is not allowed in this container yet.
2019-10-18 19:57:22,654 [BlockDeletingService#2] WARN  background.BlockDeletingService (BlockDeletingService.java:isDeletionAllowed(187)) - Close Container log Index 6 is not replicated across allthe servers in the pipeline 11bb0cf2-26ce-4402-a950-7b64e6e68f81 as the min replicated index is 4. Deletion is not allowed in this container yet.
2019-10-18 19:57:22,707 [EventQueue-ContainerReportForContainerReportHandler] WARN  container.ContainerReportHandler (AbstractContainerReportHandler.java:updateContainerState(145)) - Container #1 is in OPEN state, but the datanode 652c9eaa-759b-40b5-a420-e649d7d5dbbd{ip: 192.168.34.13, host: pr-hdds-2310-hfl48-2231614471, networkLocation: /default-rack, certSerialId: null} reports an CLOSED replica.
2019-10-18 19:57:22,781 [EventQueue-ContainerReportForContainerReportHandler] WARN  container.ContainerReportHandler (AbstractContainerReportHandler.java:updateContainerState(145)) - Container #1 is in OPEN state, but the datanode d13c026a-6de7-468a-bcba-b5f9e5455386{ip: 192.168.34.13, host: pr-hdds-2310-hfl48-2231614471, networkLocation: /default-rack, certSerialId: null} reports an CLOSED replica.
2019-10-18 19:57:23,008 [EventQueue-ContainerReportForContainerReportHandler] WARN  container.ContainerReportHandler (AbstractContainerReportHandler.java:updateContainerState(145)) - Container #1 is in OPEN state, but the datanode 652c9eaa-759b-40b5-a420-e649d7d5dbbd{ip: 192.168.34.13, host: pr-hdds-2310-hfl48-2231614471, networkLocation: /default-rack, certSerialId: null} reports an CLOSED replica.
2019-10-18 19:57:23,085 [java.util.concurrent.ThreadPoolExecutor$Worker@21220c2e[State = -1, empty queue]] WARN  server.GrpcLogAppender (GrpcLogAppender.java:timeoutAppendRequest(209)) - d13c026a-6de7-468a-bcba-b5f9e5455386@group-7B64E6E68F81->595ac112-eff6-4e35-b572-d6b1c4893b0f-GrpcLogAppender: appendEntries Timeout, request=d13c026a-6de7-468a-bcba-b5f9e5455386->595ac112-eff6-4e35-b572-d6b1c4893b0f#44-t1, previous=(t:1, i:10), leaderCommit=10, initializing? false, entries: <empty>
2019-10-18 19:57:23,181 [EventQueue-ContainerReportForContainerReportHandler] WARN  container.ContainerReportHandler (AbstractContainerReportHandler.java:updateContainerState(145)) - Container #1 is in OPEN state, but the datanode d13c026a-6de7-468a-bcba-b5f9e5455386{ip: 192.168.34.13, host: pr-hdds-2310-hfl48-2231614471, networkLocation: /default-rack, certSerialId: null} reports an CLOSED replica.
2019-10-18 19:57:23,208 [EventQueue-ContainerReportForContainerReportHandler] WARN  container.ContainerReportHandler (AbstractContainerReportHandler.java:updateContainerState(145)) - Container #1 is in OPEN state, but the datanode 652c9eaa-759b-40b5-a420-e649d7d5dbbd{ip: 192.168.34.13, host: pr-hdds-2310-hfl48-2231614471, networkLocation: /default-rack, certSerialId: null} reports an CLOSED replica.
2019-10-18 19:57:23,382 [EventQueue-ContainerReportForContainerReportHandler] WARN  container.ContainerReportHandler (AbstractContainerReportHandler.java:updateContainerState(145)) - Container #1 is in OPEN state, but the datanode d13c026a-6de7-468a-bcba-b5f9e5455386{ip: 192.168.34.13, host: pr-hdds-2310-hfl48-2231614471, networkLocation: /default-rack, certSerialId: null} reports an CLOSED replica.
2019-10-18 19:57:23,508 [EventQueue-ContainerReportForContainerReportHandler] WARN  container.ContainerReportHandler (AbstractContainerReportHandler.java:updateContainerState(145)) - Container #1 is in OPEN state, but the datanode 652c9eaa-759b-40b5-a420-e649d7d5dbbd{ip: 192.168.34.13, host: pr-hdds-2310-hfl48-2231614471, networkLocation: /default-rack, certSerialId: null} reports an CLOSED replica.
2019-10-18 19:57:23,583 [EventQueue-ContainerReportForContainerReportHandler] WARN  container.ContainerReportHandler (AbstractContainerReportHandler.java:updateContainerState(145)) - Container #1 is in OPEN state, but the datanode d13c026a-6de7-468a-bcba-b5f9e5455386{ip: 192.168.34.13, host: pr-hdds-2310-hfl48-2231614471, networkLocation: /default-rack, certSerialId: null} reports an CLOSED replica.
2019-10-18 19:57:23,656 [BlockDeletingService#2] WARN  background.BlockDeletingService (BlockDeletingService.java:isDeletionAllowed(187)) - Close Container log Index 6 is not replicated across allthe servers in the pipeline 11bb0cf2-26ce-4402-a950-7b64e6e68f81 as the min replicated index is 4. Deletion is not allowed in this container yet.
2019-10-18 19:57:23,656 [BlockDeletingService#2] WARN  background.BlockDeletingService (BlockDeletingService.java:isDeletionAllowed(187)) - Close Container log Index 6 is not replicated across allthe servers in the pipeline 11bb0cf2-26ce-4402-a950-7b64e6e68f81 as the min replicated index is 4. Deletion is not allowed in this container yet.
2019-10-18 19:57:23,810 [EventQueue-ContainerReportForContainerReportHandler] WARN  container.ContainerReportHandler (AbstractContainerReportHandler.java:updateContainerState(145)) - Container #1 is in OPEN state, but the datanode 652c9eaa-759b-40b5-a420-e649d7d5dbbd{ip: 192.168.34.13, host: pr-hdds-2310-hfl48-2231614471, networkLocation: /default-rack, certSerialId: null} reports an CLOSED replica.
2019-10-18 19:57:23,984 [EventQueue-ContainerReportForContainerReportHandler] WARN  container.ContainerReportHandler (AbstractContainerReportHandler.java:updateContainerState(145)) - Container #1 is in OPEN state, but the datanode d13c026a-6de7-468a-bcba-b5f9e5455386{ip: 192.168.34.13, host: pr-hdds-2310-hfl48-2231614471, networkLocation: /default-rack, certSerialId: null} reports an CLOSED replica.
2019-10-18 19:57:24,185 [EventQueue-ContainerReportForContainerReportHandler] WARN  container.ContainerReportHandler (AbstractContainerReportHandler.java:updateContainerState(145)) - Container #1 is in OPEN state, but the datanode d13c026a-6de7-468a-bcba-b5f9e5455386{ip: 192.168.34.13, host: pr-hdds-2310-hfl48-2231614471, networkLocation: /default-rack, certSerialId: null} reports an CLOSED replica.
2019-10-18 19:57:24,213 [EventQueue-ContainerReportForContainerReportHandler] WARN  container.ContainerReportHandler (AbstractContainerReportHandler.java:updateContainerState(145)) - Container #1 is in OPEN state, but the datanode 652c9eaa-759b-40b5-a420-e649d7d5dbbd{ip: 192.168.34.13, host: pr-hdds-2310-hfl48-2231614471, networkLocation: /default-rack, certSerialId: null} reports an CLOSED replica.
2019-10-18 19:57:24,385 [EventQueue-ContainerReportForContainerReportHandler] WARN  container.ContainerReportHandler (AbstractContainerReportHandler.java:updateContainerState(145)) - Container #1 is in OPEN state, but the datanode d13c026a-6de7-468a-bcba-b5f9e5455386{ip: 192.168.34.13, host: pr-hdds-2310-hfl48-2231614471, networkLocation: /default-rack, certSerialId: null} reports an CLOSED replica.
2019-10-18 19:57:24,514 [EventQueue-ContainerReportForContainerReportHandler] WARN  container.ContainerReportHandler (AbstractContainerReportHandler.java:updateContainerState(145)) - Container #1 is in OPEN state, but the datanode 652c9eaa-759b-40b5-a420-e649d7d5dbbd{ip: 192.168.34.13, host: pr-hdds-2310-hfl48-2231614471, networkLocation: /default-rack, certSerialId: null} reports an CLOSED replica.
2019-10-18 19:57:24,659 [BlockDeletingService#2] WARN  background.BlockDeletingService (BlockDeletingService.java:isDeletionAllowed(187)) - Close Container log Index 6 is not replicated across allthe servers in the pipeline 11bb0cf2-26ce-4402-a950-7b64e6e68f81 as the min replicated index is 4. Deletion is not allowed in this container yet.
2019-10-18 19:57:24,659 [BlockDeletingService#2] WARN  background.BlockDeletingService (BlockDeletingService.java:isDeletionAllowed(187)) - Close Container log Index 6 is not replicated across allthe servers in the pipeline 11bb0cf2-26ce-4402-a950-7b64e6e68f81 as the min replicated index is 4. Deletion is not allowed in this container yet.
2019-10-18 19:57:24,784 [EventQueue-ContainerReportForContainerReportHandler] WARN  container.ContainerReportHandler (AbstractContainerReportHandler.java:updateContainerState(145)) - Container #1 is in OPEN state, but the datanode d13c026a-6de7-468a-bcba-b5f9e5455386{ip: 192.168.34.13, host: pr-hdds-2310-hfl48-2231614471, networkLocation: /default-rack, certSerialId: null} reports an CLOSED replica.
2019-10-18 19:57:24,814 [EventQueue-ContainerReportForContainerReportHandler] WARN  container.ContainerReportHandler (AbstractContainerReportHandler.java:updateContainerState(145)) - Container #1 is in OPEN state, but the datanode 652c9eaa-759b-40b5-a420-e649d7d5dbbd{ip: 192.168.34.13, host: pr-hdds-2310-hfl48-2231614471, networkLocation: /default-rack, certSerialId: null} reports an CLOSED replica.
2019-10-18 19:57:25,085 [EventQueue-ContainerReportForContainerReportHandler] WARN  container.ContainerReportHandler (AbstractContainerReportHandler.java:updateContainerState(145)) - Container #1 is in OPEN state, but the datanode d13c026a-6de7-468a-bcba-b5f9e5455386{ip: 192.168.34.13, host: pr-hdds-2310-hfl48-2231614471, networkLocation: /default-rack, certSerialId: null} reports an CLOSED replica.
2019-10-18 19:57:25,116 [EventQueue-ContainerReportForContainerReportHandler] WARN  container.ContainerReportHandler (AbstractContainerReportHandler.java:updateContainerState(145)) - Container #1 is in OPEN state, but the datanode 652c9eaa-759b-40b5-a420-e649d7d5dbbd{ip: 192.168.34.13, host: pr-hdds-2310-hfl48-2231614471, networkLocation: /default-rack, certSerialId: null} reports an CLOSED replica.
2019-10-18 19:57:25,286 [EventQueue-ContainerReportForContainerReportHandler] WARN  container.ContainerReportHandler (AbstractContainerReportHandler.java:updateContainerState(145)) - Container #1 is in OPEN state, but the datanode d13c026a-6de7-468a-bcba-b5f9e5455386{ip: 192.168.34.13, host: pr-hdds-2310-hfl48-2231614471, networkLocation: /default-rack, certSerialId: null} reports an CLOSED replica.
2019-10-18 19:57:25,316 [EventQueue-ContainerReportForContainerReportHandler] WARN  container.ContainerReportHandler (AbstractContainerReportHandler.java:updateContainerState(145)) - Container #1 is in OPEN state, but the datanode 652c9eaa-759b-40b5-a420-e649d7d5dbbd{ip: 192.168.34.13, host: pr-hdds-2310-hfl48-2231614471, networkLocation: /default-rack, certSerialId: null} reports an CLOSED replica.
2019-10-18 19:57:25,585 [EventQueue-ContainerReportForContainerReportHandler] WARN  container.ContainerReportHandler (AbstractContainerReportHandler.java:updateContainerState(145)) - Container #1 is in OPEN state, but the datanode d13c026a-6de7-468a-bcba-b5f9e5455386{ip: 192.168.34.13, host: pr-hdds-2310-hfl48-2231614471, networkLocation: /default-rack, certSerialId: null} reports an CLOSED replica.
2019-10-18 19:57:25,586 [java.util.concurrent.ThreadPoolExecutor$Worker@21220c2e[State = -1, empty queue]] WARN  server.GrpcLogAppender (GrpcLogAppender.java:timeoutAppendRequest(209)) - d13c026a-6de7-468a-bcba-b5f9e5455386@group-7B64E6E68F81->595ac112-eff6-4e35-b572-d6b1c4893b0f-GrpcLogAppender: appendEntries Timeout, request=d13c026a-6de7-468a-bcba-b5f9e5455386->595ac112-eff6-4e35-b572-d6b1c4893b0f#45-t1, previous=(t:1, i:10), leaderCommit=10, initializing? false, entries: <empty>
2019-10-18 19:57:25,661 [BlockDeletingService#2] WARN  background.BlockDeletingService (BlockDeletingService.java:isDeletionAllowed(187)) - Close Container log Index 6 is not replicated across allthe servers in the pipeline 11bb0cf2-26ce-4402-a950-7b64e6e68f81 as the min replicated index is 4. Deletion is not allowed in this container yet.
2019-10-18 19:57:25,661 [BlockDeletingService#2] WARN  background.BlockDeletingService (BlockDeletingService.java:isDeletionAllowed(187)) - Close Container log Index 6 is not replicated across allthe servers in the pipeline 11bb0cf2-26ce-4402-a950-7b64e6e68f81 as the min replicated index is 4. Deletion is not allowed in this container yet.
2019-10-18 19:57:25,716 [EventQueue-ContainerReportForContainerReportHandler] WARN  container.ContainerReportHandler (AbstractContainerReportHandler.java:updateContainerState(145)) - Container #1 is in OPEN state, but the datanode 652c9eaa-759b-40b5-a420-e649d7d5dbbd{ip: 192.168.34.13, host: pr-hdds-2310-hfl48-2231614471, networkLocation: /default-rack, certSerialId: null} reports an CLOSED replica.
2019-10-18 19:57:25,787 [EventQueue-ContainerReportForContainerReportHandler] WARN  container.ContainerReportHandler (AbstractContainerReportHandler.java:updateContainerState(145)) - Container #1 is in OPEN state, but the datanode d13c026a-6de7-468a-bcba-b5f9e5455386{ip: 192.168.34.13, host: pr-hdds-2310-hfl48-2231614471, networkLocation: /default-rack, certSerialId: null} reports an CLOSED replica.
2019-10-18 19:57:25,915 [EventQueue-ContainerReportForContainerReportHandler] WARN  container.ContainerReportHandler (AbstractContainerReportHandler.java:updateContainerState(145)) - Container #1 is in OPEN state, but the datanode 652c9eaa-759b-40b5-a420-e649d7d5dbbd{ip: 192.168.34.13, host: pr-hdds-2310-hfl48-2231614471, networkLocation: /default-rack, certSerialId: null} reports an CLOSED replica.
2019-10-18 19:57:26,186 [EventQueue-ContainerReportForContainerReportHandler] WARN  container.ContainerReportHandler (AbstractContainerReportHandler.java:updateContainerState(145)) - Container #1 is in OPEN state, but the datanode d13c026a-6de7-468a-bcba-b5f9e5455386{ip: 192.168.34.13, host: pr-hdds-2310-hfl48-2231614471, networkLocation: /default-rack, certSerialId: null} reports an CLOSED replica.
2019-10-18 19:57:26,315 [EventQueue-ContainerReportForContainerReportHandler] WARN  container.ContainerReportHandler (AbstractContainerReportHandler.java:updateContainerState(145)) - Container #1 is in OPEN state, but the datanode 652c9eaa-759b-40b5-a420-e649d7d5dbbd{ip: 192.168.34.13, host: pr-hdds-2310-hfl48-2231614471, networkLocation: /default-rack, certSerialId: null} reports an CLOSED replica.
2019-10-18 19:57:26,487 [EventQueue-ContainerReportForContainerReportHandler] WARN  container.ContainerReportHandler (AbstractContainerReportHandler.java:updateContainerState(145)) - Container #1 is in OPEN state, but the datanode d13c026a-6de7-468a-bcba-b5f9e5455386{ip: 192.168.34.13, host: pr-hdds-2310-hfl48-2231614471, networkLocation: /default-rack, certSerialId: null} reports an CLOSED replica.
2019-10-18 19:57:26,617 [EventQueue-ContainerReportForContainerReportHandler] WARN  container.ContainerReportHandler (AbstractContainerReportHandler.java:updateContainerState(145)) - Container #1 is in OPEN state, but the datanode 652c9eaa-759b-40b5-a420-e649d7d5dbbd{ip: 192.168.34.13, host: pr-hdds-2310-hfl48-2231614471, networkLocation: /default-rack, certSerialId: null} reports an CLOSED replica.
2019-10-18 19:57:26,663 [BlockDeletingService#2] WARN  background.BlockDeletingService (BlockDeletingService.java:isDeletionAllowed(187)) - Close Container log Index 6 is not replicated across allthe servers in the pipeline 11bb0cf2-26ce-4402-a950-7b64e6e68f81 as the min replicated index is 4. Deletion is not allowed in this container yet.
2019-10-18 19:57:26,663 [BlockDeletingService#2] WARN  background.BlockDeletingService (BlockDeletingService.java:isDeletionAllowed(187)) - Close Container log Index 6 is not replicated across allthe servers in the pipeline 11bb0cf2-26ce-4402-a950-7b64e6e68f81 as the min replicated index is 4. Deletion is not allowed in this container yet.
2019-10-18 19:57:26,789 [EventQueue-ContainerReportForContainerReportHandler] WARN  container.ContainerReportHandler (AbstractContainerReportHandler.java:updateContainerState(145)) - Container #1 is in OPEN state, but the datanode d13c026a-6de7-468a-bcba-b5f9e5455386{ip: 192.168.34.13, host: pr-hdds-2310-hfl48-2231614471, networkLocation: /default-rack, certSerialId: null} reports an CLOSED replica.
2019-10-18 19:57:26,916 [EventQueue-ContainerReportForContainerReportHandler] WARN  container.ContainerReportHandler (AbstractContainerReportHandler.java:updateContainerState(145)) - Container #1 is in OPEN state, but the datanode 652c9eaa-759b-40b5-a420-e649d7d5dbbd{ip: 192.168.34.13, host: pr-hdds-2310-hfl48-2231614471, networkLocation: /default-rack, certSerialId: null} reports an CLOSED replica.
2019-10-18 19:57:26,989 [EventQueue-ContainerReportForContainerReportHandler] WARN  container.ContainerReportHandler (AbstractContainerReportHandler.java:updateContainerState(145)) - Container #1 is in OPEN state, but the datanode d13c026a-6de7-468a-bcba-b5f9e5455386{ip: 192.168.34.13, host: pr-hdds-2310-hfl48-2231614471, networkLocation: /default-rack, certSerialId: null} reports an CLOSED replica.
2019-10-18 19:57:27,316 [EventQueue-ContainerReportForContainerReportHandler] WARN  container.ContainerReportHandler (AbstractContainerReportHandler.java:updateContainerState(145)) - Container #1 is in OPEN state, but the datanode 652c9eaa-759b-40b5-a420-e649d7d5dbbd{ip: 192.168.34.13, host: pr-hdds-2310-hfl48-2231614471, networkLocation: /default-rack, certSerialId: null} reports an CLOSED replica.
2019-10-18 19:57:27,390 [EventQueue-ContainerReportForContainerReportHandler] WARN  container.ContainerReportHandler (AbstractContainerReportHandler.java:updateContainerState(145)) - Container #1 is in OPEN state, but the datanode d13c026a-6de7-468a-bcba-b5f9e5455386{ip: 192.168.34.13, host: pr-hdds-2310-hfl48-2231614471, networkLocation: /default-rack, certSerialId: null} reports an CLOSED replica.
2019-10-18 19:57:27,517 [EventQueue-ContainerReportForContainerReportHandler] WARN  container.ContainerReportHandler (AbstractContainerReportHandler.java:updateContainerState(145)) - Container #1 is in OPEN state, but the datanode 652c9eaa-759b-40b5-a420-e649d7d5dbbd{ip: 192.168.34.13, host: pr-hdds-2310-hfl48-2231614471, networkLocation: /default-rack, certSerialId: null} reports an CLOSED replica.
2019-10-18 19:57:27,665 [BlockDeletingService#2] WARN  background.BlockDeletingService (BlockDeletingService.java:isDeletionAllowed(187)) - Close Container log Index 6 is not replicated across allthe servers in the pipeline 11bb0cf2-26ce-4402-a950-7b64e6e68f81 as the min replicated index is 4. Deletion is not allowed in this container yet.
2019-10-18 19:57:27,665 [BlockDeletingService#2] WARN  background.BlockDeletingService (BlockDeletingService.java:isDeletionAllowed(187)) - Close Container log Index 6 is not replicated across allthe servers in the pipeline 11bb0cf2-26ce-4402-a950-7b64e6e68f81 as the min replicated index is 4. Deletion is not allowed in this container yet.
2019-10-18 19:57:27,690 [EventQueue-ContainerReportForContainerReportHandler] WARN  container.ContainerReportHandler (AbstractContainerReportHandler.java:updateContainerState(145)) - Container #1 is in OPEN state, but the datanode d13c026a-6de7-468a-bcba-b5f9e5455386{ip: 192.168.34.13, host: pr-hdds-2310-hfl48-2231614471, networkLocation: /default-rack, certSerialId: null} reports an CLOSED replica.
2019-10-18 19:57:27,816 [EventQueue-ContainerReportForContainerReportHandler] WARN  container.ContainerReportHandler (AbstractContainerReportHandler.java:updateContainerState(145)) - Container #1 is in OPEN state, but the datanode 652c9eaa-759b-40b5-a420-e649d7d5dbbd{ip: 192.168.34.13, host: pr-hdds-2310-hfl48-2231614471, networkLocation: /default-rack, certSerialId: null} reports an CLOSED replica.
2019-10-18 19:57:27,890 [EventQueue-ContainerReportForContainerReportHandler] WARN  container.ContainerReportHandler (AbstractContainerReportHandler.java:updateContainerState(145)) - Container #1 is in OPEN state, but the datanode d13c026a-6de7-468a-bcba-b5f9e5455386{ip: 192.168.34.13, host: pr-hdds-2310-hfl48-2231614471, networkLocation: /default-rack, certSerialId: null} reports an CLOSED replica.
2019-10-18 19:57:28,089 [java.util.concurrent.ThreadPoolExecutor$Worker@21220c2e[State = -1, empty queue]] WARN  server.GrpcLogAppender (GrpcLogAppender.java:timeoutAppendRequest(209)) - d13c026a-6de7-468a-bcba-b5f9e5455386@group-7B64E6E68F81->595ac112-eff6-4e35-b572-d6b1c4893b0f-GrpcLogAppender: appendEntries Timeout, request=d13c026a-6de7-468a-bcba-b5f9e5455386->595ac112-eff6-4e35-b572-d6b1c4893b0f#46-t1, previous=(t:1, i:10), leaderCommit=10, initializing? false, entries: <empty>
2019-10-18 19:57:28,190 [EventQueue-ContainerReportForContainerReportHandler] WARN  container.ContainerReportHandler (AbstractContainerReportHandler.java:updateContainerState(145)) - Container #1 is in OPEN state, but the datanode d13c026a-6de7-468a-bcba-b5f9e5455386{ip: 192.168.34.13, host: pr-hdds-2310-hfl48-2231614471, networkLocation: /default-rack, certSerialId: null} reports an CLOSED replica.
2019-10-18 19:57:28,218 [EventQueue-ContainerReportForContainerReportHandler] WARN  container.ContainerReportHandler (AbstractContainerReportHandler.java:updateContainerState(145)) - Container #1 is in OPEN state, but the datanode 652c9eaa-759b-40b5-a420-e649d7d5dbbd{ip: 192.168.34.13, host: pr-hdds-2310-hfl48-2231614471, networkLocation: /default-rack, certSerialId: null} reports an CLOSED replica.
2019-10-18 19:57:28,489 [EventQueue-ContainerReportForContainerReportHandler] WARN  container.ContainerReportHandler (AbstractContainerReportHandler.java:updateContainerState(145)) - Container #1 is in OPEN state, but the datanode d13c026a-6de7-468a-bcba-b5f9e5455386{ip: 192.168.34.13, host: pr-hdds-2310-hfl48-2231614471, networkLocation: /default-rack, certSerialId: null} reports an CLOSED replica.
2019-10-18 19:57:28,520 [EventQueue-ContainerReportForContainerReportHandler] WARN  container.ContainerReportHandler (AbstractContainerReportHandler.java:updateContainerState(145)) - Container #1 is in OPEN state, but the datanode 652c9eaa-759b-40b5-a420-e649d7d5dbbd{ip: 192.168.34.13, host: pr-hdds-2310-hfl48-2231614471, networkLocation: /default-rack, certSerialId: null} reports an CLOSED replica.
2019-10-18 19:57:28,667 [BlockDeletingService#2] WARN  background.BlockDeletingService (BlockDeletingService.java:isDeletionAllowed(187)) - Close Container log Index 6 is not replicated across allthe servers in the pipeline 11bb0cf2-26ce-4402-a950-7b64e6e68f81 as the min replicated index is 4. Deletion is not allowed in this container yet.
2019-10-18 19:57:28,667 [BlockDeletingService#2] WARN  background.BlockDeletingService (BlockDeletingService.java:isDeletionAllowed(187)) - Close Container log Index 6 is not replicated across allthe servers in the pipeline 11bb0cf2-26ce-4402-a950-7b64e6e68f81 as the min replicated index is 4. Deletion is not allowed in this container yet.
2019-10-18 19:57:28,889 [EventQueue-ContainerReportForContainerReportHandler] WARN  container.ContainerReportHandler (AbstractContainerReportHandler.java:updateContainerState(145)) - Container #1 is in OPEN state, but the datanode d13c026a-6de7-468a-bcba-b5f9e5455386{ip: 192.168.34.13, host: pr-hdds-2310-hfl48-2231614471, networkLocation: /default-rack, certSerialId: null} reports an CLOSED replica.
2019-10-18 19:57:28,919 [EventQueue-ContainerReportForContainerReportHandler] WARN  container.ContainerReportHandler (AbstractContainerReportHandler.java:updateContainerState(145)) - Container #1 is in OPEN state, but the datanode 652c9eaa-759b-40b5-a420-e649d7d5dbbd{ip: 192.168.34.13, host: pr-hdds-2310-hfl48-2231614471, networkLocation: /default-rack, certSerialId: null} reports an CLOSED replica.
2019-10-18 19:57:29,089 [EventQueue-ContainerReportForContainerReportHandler] WARN  container.ContainerReportHandler (AbstractContainerReportHandler.java:updateContainerState(145)) - Container #1 is in OPEN state, but the datanode d13c026a-6de7-468a-bcba-b5f9e5455386{ip: 192.168.34.13, host: pr-hdds-2310-hfl48-2231614471, networkLocation: /default-rack, certSerialId: null} reports an CLOSED replica.
2019-10-18 19:57:29,119 [EventQueue-ContainerReportForContainerReportHandler] WARN  container.ContainerReportHandler (AbstractContainerReportHandler.java:updateContainerState(145)) - Container #1 is in OPEN state, but the datanode 652c9eaa-759b-40b5-a420-e649d7d5dbbd{ip: 192.168.34.13, host: pr-hdds-2310-hfl48-2231614471, networkLocation: /default-rack, certSerialId: null} reports an CLOSED replica.
2019-10-18 19:57:29,421 [EventQueue-ContainerReportForContainerReportHandler] WARN  container.ContainerReportHandler (AbstractContainerReportHandler.java:updateContainerState(145)) - Container #1 is in OPEN state, but the datanode 652c9eaa-759b-40b5-a420-e649d7d5dbbd{ip: 192.168.34.13, host: pr-hdds-2310-hfl48-2231614471, networkLocation: /default-rack, certSerialId: null} reports an CLOSED replica.
2019-10-18 19:57:29,490 [EventQueue-ContainerReportForContainerReportHandler] WARN  container.ContainerReportHandler (AbstractContainerReportHandler.java:updateContainerState(145)) - Container #1 is in OPEN state, but the datanode d13c026a-6de7-468a-bcba-b5f9e5455386{ip: 192.168.34.13, host: pr-hdds-2310-hfl48-2231614471, networkLocation: /default-rack, certSerialId: null} reports an CLOSED replica.
2019-10-18 19:57:29,668 [BlockDeletingService#2] WARN  background.BlockDeletingService (BlockDeletingService.java:isDeletionAllowed(187)) - Close Container log Index 6 is not replicated across allthe servers in the pipeline 11bb0cf2-26ce-4402-a950-7b64e6e68f81 as the min replicated index is 4. Deletion is not allowed in this container yet.
2019-10-18 19:57:29,668 [BlockDeletingService#2] WARN  background.BlockDeletingService (BlockDeletingService.java:isDeletionAllowed(187)) - Close Container log Index 6 is not replicated across allthe servers in the pipeline 11bb0cf2-26ce-4402-a950-7b64e6e68f81 as the min replicated index is 4. Deletion is not allowed in this container yet.
2019-10-18 19:57:29,721 [EventQueue-ContainerReportForContainerReportHandler] WARN  container.ContainerReportHandler (AbstractContainerReportHandler.java:updateContainerState(145)) - Container #1 is in OPEN state, but the datanode 652c9eaa-759b-40b5-a420-e649d7d5dbbd{ip: 192.168.34.13, host: pr-hdds-2310-hfl48-2231614471, networkLocation: /default-rack, certSerialId: null} reports an CLOSED replica.
2019-10-18 19:57:29,791 [EventQueue-ContainerReportForContainerReportHandler] WARN  container.ContainerReportHandler (AbstractContainerReportHandler.java:updateContainerState(145)) - Container #1 is in OPEN state, but the datanode d13c026a-6de7-468a-bcba-b5f9e5455386{ip: 192.168.34.13, host: pr-hdds-2310-hfl48-2231614471, networkLocation: /default-rack, certSerialId: null} reports an CLOSED replica.
2019-10-18 19:57:29,802 [Thread-496] INFO  client.GrpcClientProtocolService (GrpcClientProtocolService.java:lambda$processClientRequest$0(278)) - Failed RaftClientRequest:client-B973F343C649->652c9eaa-759b-40b5-a420-e649d7d5dbbd@group-7B64E6E68F81, cid=10, seq=0, Watch-ALL_COMMITTED(6), Message:<EMPTY>, reply=RaftClientReply:client-B973F343C649->652c9eaa-759b-40b5-a420-e649d7d5dbbd@group-7B64E6E68F81, cid=10, FAILED org.apache.ratis.protocol.NotLeaderException: Server 652c9eaa-759b-40b5-a420-e649d7d5dbbd@group-7B64E6E68F81 is not the leader d13c026a-6de7-468a-bcba-b5f9e5455386:192.168.34.13:41921, logIndex=0, commits[652c9eaa-759b-40b5-a420-e649d7d5dbbd:c10, d13c026a-6de7-468a-bcba-b5f9e5455386:c10, 595ac112-eff6-4e35-b572-d6b1c4893b0f:c4]
2019-10-18 19:57:30,092 [EventQueue-ContainerReportForContainerReportHandler] WARN  container.ContainerReportHandler (AbstractContainerReportHandler.java:updateContainerState(145)) - Container #1 is in OPEN state, but the datanode d13c026a-6de7-468a-bcba-b5f9e5455386{ip: 192.168.34.13, host: pr-hdds-2310-hfl48-2231614471, networkLocation: /default-rack, certSerialId: null} reports an CLOSED replica.
2019-10-18 19:57:30,120 [EventQueue-ContainerReportForContainerReportHandler] WARN  container.ContainerReportHandler (AbstractContainerReportHandler.java:updateContainerState(145)) - Container #1 is in OPEN state, but the datanode 652c9eaa-759b-40b5-a420-e649d7d5dbbd{ip: 192.168.34.13, host: pr-hdds-2310-hfl48-2231614471, networkLocation: /default-rack, certSerialId: null} reports an CLOSED replica.
2019-10-18 19:57:30,392 [EventQueue-ContainerReportForContainerReportHandler] WARN  container.ContainerReportHandler (AbstractContainerReportHandler.java:updateContainerState(145)) - Container #1 is in OPEN state, but the datanode d13c026a-6de7-468a-bcba-b5f9e5455386{ip: 192.168.34.13, host: pr-hdds-2310-hfl48-2231614471, networkLocation: /default-rack, certSerialId: null} reports an CLOSED replica.
2019-10-18 19:57:30,420 [EventQueue-ContainerReportForContainerReportHandler] WARN  container.ContainerReportHandler (AbstractContainerReportHandler.java:updateContainerState(145)) - Container #1 is in OPEN state, but the datanode 652c9eaa-759b-40b5-a420-e649d7d5dbbd{ip: 192.168.34.13, host: pr-hdds-2310-hfl48-2231614471, networkLocation: /default-rack, certSerialId: null} reports an CLOSED replica.
2019-10-18 19:57:30,591 [java.util.concurrent.ThreadPoolExecutor$Worker@21220c2e[State = -1, empty queue]] WARN  server.GrpcLogAppender (GrpcLogAppender.java:timeoutAppendRequest(209)) - d13c026a-6de7-468a-bcba-b5f9e5455386@group-7B64E6E68F81->595ac112-eff6-4e35-b572-d6b1c4893b0f-GrpcLogAppender: appendEntries Timeout, request=d13c026a-6de7-468a-bcba-b5f9e5455386->595ac112-eff6-4e35-b572-d6b1c4893b0f#47-t1, previous=(t:1, i:10), leaderCommit=10, initializing? false, entries: <empty>
2019-10-18 19:57:30,621 [EventQueue-ContainerReportForContainerReportHandler] WARN  container.ContainerReportHandler (AbstractContainerReportHandler.java:updateContainerState(145)) - Container #1 is in OPEN state, but the datanode 652c9eaa-759b-40b5-a420-e649d7d5dbbd{ip: 192.168.34.13, host: pr-hdds-2310-hfl48-2231614471, networkLocation: /default-rack, certSerialId: null} reports an CLOSED replica.
2019-10-18 19:57:30,670 [BlockDeletingService#2] WARN  background.BlockDeletingService (BlockDeletingService.java:isDeletionAllowed(187)) - Close Container log Index 6 is not replicated across allthe servers in the pipeline 11bb0cf2-26ce-4402-a950-7b64e6e68f81 as the min replicated index is 4. Deletion is not allowed in this container yet.
2019-10-18 19:57:30,670 [BlockDeletingService#2] WARN  background.BlockDeletingService (BlockDeletingService.java:isDeletionAllowed(187)) - Close Container log Index 6 is not replicated across allthe servers in the pipeline 11bb0cf2-26ce-4402-a950-7b64e6e68f81 as the min replicated index is 4. Deletion is not allowed in this container yet.
2019-10-18 19:57:30,693 [EventQueue-ContainerReportForContainerReportHandler] WARN  container.ContainerReportHandler (AbstractContainerReportHandler.java:updateContainerState(145)) - Container #1 is in OPEN state, but the datanode d13c026a-6de7-468a-bcba-b5f9e5455386{ip: 192.168.34.13, host: pr-hdds-2310-hfl48-2231614471, networkLocation: /default-rack, certSerialId: null} reports an CLOSED replica.
2019-10-18 19:57:30,756 [Thread-502] INFO  client.GrpcClientProtocolService (GrpcClientProtocolService.java:lambda$processClientRequest$0(278)) - Failed RaftClientRequest:client-B973F343C649->d13c026a-6de7-468a-bcba-b5f9e5455386@group-7B64E6E68F81, cid=10, seq=0, Watch-ALL_COMMITTED(6), Message:<EMPTY>, reply=RaftClientReply:client-B973F343C649->d13c026a-6de7-468a-bcba-b5f9e5455386@group-7B64E6E68F81, cid=10, FAILED org.apache.ratis.protocol.NotReplicatedException: Request with call Id 10 and log index 6 is not yet replicated to ALL_COMMITTED, logIndex=6, commits[d13c026a-6de7-468a-bcba-b5f9e5455386:c10, 652c9eaa-759b-40b5-a420-e649d7d5dbbd:c10, 595ac112-eff6-4e35-b572-d6b1c4893b0f:c4]
2019-10-18 19:57:30,820 [EventQueue-ContainerReportForContainerReportHandler] WARN  container.ContainerReportHandler (AbstractContainerReportHandler.java:updateContainerState(145)) - Container #1 is in OPEN state, but the datanode 652c9eaa-759b-40b5-a420-e649d7d5dbbd{ip: 192.168.34.13, host: pr-hdds-2310-hfl48-2231614471, networkLocation: /default-rack, certSerialId: null} reports an CLOSED replica.
2019-10-18 19:57:30,993 [EventQueue-ContainerReportForContainerReportHandler] WARN  container.ContainerReportHandler (AbstractContainerReportHandler.java:updateContainerState(145)) - Container #1 is in OPEN state, but the datanode d13c026a-6de7-468a-bcba-b5f9e5455386{ip: 192.168.34.13, host: pr-hdds-2310-hfl48-2231614471, networkLocation: /default-rack, certSerialId: null} reports an CLOSED replica.
2019-10-18 19:57:31,120 [EventQueue-ContainerReportForContainerReportHandler] WARN  container.ContainerReportHandler (AbstractContainerReportHandler.java:updateContainerState(145)) - Container #1 is in OPEN state, but the datanode 652c9eaa-759b-40b5-a420-e649d7d5dbbd{ip: 192.168.34.13, host: pr-hdds-2310-hfl48-2231614471, networkLocation: /default-rack, certSerialId: null} reports an CLOSED replica.
2019-10-18 19:57:31,293 [EventQueue-ContainerReportForContainerReportHandler] WARN  container.ContainerReportHandler (AbstractContainerReportHandler.java:updateContainerState(145)) - Container #1 is in OPEN state, but the datanode d13c026a-6de7-468a-bcba-b5f9e5455386{ip: 192.168.34.13, host: pr-hdds-2310-hfl48-2231614471, networkLocation: /default-rack, certSerialId: null} reports an CLOSED replica.
2019-10-18 19:57:31,421 [EventQueue-ContainerReportForContainerReportHandler] WARN  container.ContainerReportHandler (AbstractContainerReportHandler.java:updateContainerState(145)) - Container #1 is in OPEN state, but the datanode 652c9eaa-759b-40b5-a420-e649d7d5dbbd{ip: 192.168.34.13, host: pr-hdds-2310-hfl48-2231614471, networkLocation: /default-rack, certSerialId: null} reports an CLOSED replica.
2019-10-18 19:57:31,622 [EventQueue-ContainerReportForContainerReportHandler] WARN  container.ContainerReportHandler (AbstractContainerReportHandler.java:updateContainerState(145)) - Container #1 is in OPEN state, but the datanode 652c9eaa-759b-40b5-a420-e649d7d5dbbd{ip: 192.168.34.13, host: pr-hdds-2310-hfl48-2231614471, networkLocation: /default-rack, certSerialId: null} reports an CLOSED replica.
2019-10-18 19:57:31,674 [BlockDeletingService#2] WARN  background.BlockDeletingService (BlockDeletingService.java:isDeletionAllowed(187)) - Close Container log Index 6 is not replicated across allthe servers in the pipeline 11bb0cf2-26ce-4402-a950-7b64e6e68f81 as the min replicated index is 4. Deletion is not allowed in this container yet.
2019-10-18 19:57:31,674 [BlockDeletingService#2] WARN  background.BlockDeletingService (BlockDeletingService.java:isDeletionAllowed(187)) - Close Container log Index 6 is not replicated across allthe servers in the pipeline 11bb0cf2-26ce-4402-a950-7b64e6e68f81 as the min replicated index is 4. Deletion is not allowed in this container yet.
2019-10-18 19:57:31,695 [EventQueue-ContainerReportForContainerReportHandler] WARN  container.ContainerReportHandler (AbstractContainerReportHandler.java:updateContainerState(145)) - Container #1 is in OPEN state, but the datanode d13c026a-6de7-468a-bcba-b5f9e5455386{ip: 192.168.34.13, host: pr-hdds-2310-hfl48-2231614471, networkLocation: /default-rack, certSerialId: null} reports an CLOSED replica.
2019-10-18 19:57:31,998 [EventQueue-ContainerReportForContainerReportHandler] WARN  container.ContainerReportHandler (AbstractContainerReportHandler.java:updateContainerState(145)) - Container #1 is in OPEN state, but the datanode d13c026a-6de7-468a-bcba-b5f9e5455386{ip: 192.168.34.13, host: pr-hdds-2310-hfl48-2231614471, networkLocation: /default-rack, certSerialId: null} reports an CLOSED replica.
2019-10-18 19:57:32,023 [EventQueue-ContainerReportForContainerReportHandler] WARN  container.ContainerReportHandler (AbstractContainerReportHandler.java:updateContainerState(145)) - Container #1 is in OPEN state, but the datanode 652c9eaa-759b-40b5-a420-e649d7d5dbbd{ip: 192.168.34.13, host: pr-hdds-2310-hfl48-2231614471, networkLocation: /default-rack, certSerialId: null} reports an CLOSED replica.
2019-10-18 19:57:32,296 [EventQueue-ContainerReportForContainerReportHandler] WARN  container.ContainerReportHandler (AbstractContainerReportHandler.java:updateContainerState(145)) - Container #1 is in OPEN state, but the datanode d13c026a-6de7-468a-bcba-b5f9e5455386{ip: 192.168.34.13, host: pr-hdds-2310-hfl48-2231614471, networkLocation: /default-rack, certSerialId: null} reports an CLOSED replica.
2019-10-18 19:57:32,422 [EventQueue-ContainerReportForContainerReportHandler] WARN  container.ContainerReportHandler (AbstractContainerReportHandler.java:updateContainerState(145)) - Container #1 is in OPEN state, but the datanode 652c9eaa-759b-40b5-a420-e649d7d5dbbd{ip: 192.168.34.13, host: pr-hdds-2310-hfl48-2231614471, networkLocation: /default-rack, certSerialId: null} reports an CLOSED replica.
2019-10-18 19:57:32,623 [EventQueue-ContainerReportForContainerReportHandler] WARN  container.ContainerReportHandler (AbstractContainerReportHandler.java:updateContainerState(145)) - Container #1 is in OPEN state, but the datanode 652c9eaa-759b-40b5-a420-e649d7d5dbbd{ip: 192.168.34.13, host: pr-hdds-2310-hfl48-2231614471, networkLocation: /default-rack, certSerialId: null} reports an CLOSED replica.
2019-10-18 19:57:32,679 [BlockDeletingService#2] WARN  background.BlockDeletingService (BlockDeletingService.java:isDeletionAllowed(187)) - Close Container log Index 6 is not replicated across allthe servers in the pipeline 11bb0cf2-26ce-4402-a950-7b64e6e68f81 as the min replicated index is 4. Deletion is not allowed in this container yet.
2019-10-18 19:57:32,679 [BlockDeletingService#2] WARN  background.BlockDeletingService (BlockDeletingService.java:isDeletionAllowed(187)) - Close Container log Index 6 is not replicated across allthe servers in the pipeline 11bb0cf2-26ce-4402-a950-7b64e6e68f81 as the min replicated index is 4. Deletion is not allowed in this container yet.
2019-10-18 19:57:32,698 [EventQueue-ContainerReportForContainerReportHandler] WARN  container.ContainerReportHandler (AbstractContainerReportHandler.java:updateContainerState(145)) - Container #1 is in OPEN state, but the datanode d13c026a-6de7-468a-bcba-b5f9e5455386{ip: 192.168.34.13, host: pr-hdds-2310-hfl48-2231614471, networkLocation: /default-rack, certSerialId: null} reports an CLOSED replica.
2019-10-18 19:57:32,899 [EventQueue-ContainerReportForContainerReportHandler] WARN  container.ContainerReportHandler (AbstractContainerReportHandler.java:updateContainerState(145)) - Container #1 is in OPEN state, but the datanode d13c026a-6de7-468a-bcba-b5f9e5455386{ip: 192.168.34.13, host: pr-hdds-2310-hfl48-2231614471, networkLocation: /default-rack, certSerialId: null} reports an CLOSED replica.
2019-10-18 19:57:32,923 [EventQueue-ContainerReportForContainerReportHandler] WARN  container.ContainerReportHandler (AbstractContainerReportHandler.java:updateContainerState(145)) - Container #1 is in OPEN state, but the datanode 652c9eaa-759b-40b5-a420-e649d7d5dbbd{ip: 192.168.34.13, host: pr-hdds-2310-hfl48-2231614471, networkLocation: /default-rack, certSerialId: null} reports an CLOSED replica.
2019-10-18 19:57:33,092 [java.util.concurrent.ThreadPoolExecutor$Worker@21220c2e[State = -1, empty queue]] WARN  server.GrpcLogAppender (GrpcLogAppender.java:timeoutAppendRequest(209)) - d13c026a-6de7-468a-bcba-b5f9e5455386@group-7B64E6E68F81->595ac112-eff6-4e35-b572-d6b1c4893b0f-GrpcLogAppender: appendEntries Timeout, request=d13c026a-6de7-468a-bcba-b5f9e5455386->595ac112-eff6-4e35-b572-d6b1c4893b0f#48-t1, previous=(t:1, i:10), leaderCommit=10, initializing? false, entries: <empty>
2019-10-18 19:57:33,199 [EventQueue-ContainerReportForContainerReportHandler] WARN  container.ContainerReportHandler (AbstractContainerReportHandler.java:updateContainerState(145)) - Container #1 is in OPEN state, but the datanode d13c026a-6de7-468a-bcba-b5f9e5455386{ip: 192.168.34.13, host: pr-hdds-2310-hfl48-2231614471, networkLocation: /default-rack, certSerialId: null} reports an CLOSED replica.
2019-10-18 19:57:33,222 [EventQueue-ContainerReportForContainerReportHandler] WARN  container.ContainerReportHandler (AbstractContainerReportHandler.java:updateContainerState(145)) - Container #1 is in OPEN state, but the datanode 652c9eaa-759b-40b5-a420-e649d7d5dbbd{ip: 192.168.34.13, host: pr-hdds-2310-hfl48-2231614471, networkLocation: /default-rack, certSerialId: null} reports an CLOSED replica.
2019-10-18 19:57:33,522 [EventQueue-ContainerReportForContainerReportHandler] WARN  container.ContainerReportHandler (AbstractContainerReportHandler.java:updateContainerState(145)) - Container #1 is in OPEN state, but the datanode 652c9eaa-759b-40b5-a420-e649d7d5dbbd{ip: 192.168.34.13, host: pr-hdds-2310-hfl48-2231614471, networkLocation: /default-rack, certSerialId: null} reports an CLOSED replica.
2019-10-18 19:57:33,600 [EventQueue-ContainerReportForContainerReportHandler] WARN  container.ContainerReportHandler (AbstractContainerReportHandler.java:updateContainerState(145)) - Container #1 is in OPEN state, but the datanode d13c026a-6de7-468a-bcba-b5f9e5455386{ip: 192.168.34.13, host: pr-hdds-2310-hfl48-2231614471, networkLocation: /default-rack, certSerialId: null} reports an CLOSED replica.
2019-10-18 19:57:33,681 [BlockDeletingService#2] WARN  background.BlockDeletingService (BlockDeletingService.java:isDeletionAllowed(187)) - Close Container log Index 6 is not replicated across allthe servers in the pipeline 11bb0cf2-26ce-4402-a950-7b64e6e68f81 as the min replicated index is 4. Deletion is not allowed in this container yet.
2019-10-18 19:57:33,681 [BlockDeletingService#2] WARN  background.BlockDeletingService (BlockDeletingService.java:isDeletionAllowed(187)) - Close Container log Index 6 is not replicated across allthe servers in the pipeline 11bb0cf2-26ce-4402-a950-7b64e6e68f81 as the min replicated index is 4. Deletion is not allowed in this container yet.
2019-10-18 19:57:33,900 [EventQueue-ContainerReportForContainerReportHandler] WARN  container.ContainerReportHandler (AbstractContainerReportHandler.java:updateContainerState(145)) - Container #1 is in OPEN state, but the datanode d13c026a-6de7-468a-bcba-b5f9e5455386{ip: 192.168.34.13, host: pr-hdds-2310-hfl48-2231614471, networkLocation: /default-rack, certSerialId: null} reports an CLOSED replica.
2019-10-18 19:57:33,923 [EventQueue-ContainerReportForContainerReportHandler] WARN  container.ContainerReportHandler (AbstractContainerReportHandler.java:updateContainerState(145)) - Container #1 is in OPEN state, but the datanode 652c9eaa-759b-40b5-a420-e649d7d5dbbd{ip: 192.168.34.13, host: pr-hdds-2310-hfl48-2231614471, networkLocation: /default-rack, certSerialId: null} reports an CLOSED replica.
2019-10-18 19:57:34,200 [EventQueue-ContainerReportForContainerReportHandler] WARN  container.ContainerReportHandler (AbstractContainerReportHandler.java:updateContainerState(145)) - Container #1 is in OPEN state, but the datanode d13c026a-6de7-468a-bcba-b5f9e5455386{ip: 192.168.34.13, host: pr-hdds-2310-hfl48-2231614471, networkLocation: /default-rack, certSerialId: null} reports an CLOSED replica.
2019-10-18 19:57:34,223 [EventQueue-ContainerReportForContainerReportHandler] WARN  container.ContainerReportHandler (AbstractContainerReportHandler.java:updateContainerState(145)) - Container #1 is in OPEN state, but the datanode 652c9eaa-759b-40b5-a420-e649d7d5dbbd{ip: 192.168.34.13, host: pr-hdds-2310-hfl48-2231614471, networkLocation: /default-rack, certSerialId: null} reports an CLOSED replica.
2019-10-18 19:57:34,423 [EventQueue-ContainerReportForContainerReportHandler] WARN  container.ContainerReportHandler (AbstractContainerReportHandler.java:updateContainerState(145)) - Container #1 is in OPEN state, but the datanode 652c9eaa-759b-40b5-a420-e649d7d5dbbd{ip: 192.168.34.13, host: pr-hdds-2310-hfl48-2231614471, networkLocation: /default-rack, certSerialId: null} reports an CLOSED replica.
2019-10-18 19:57:34,600 [EventQueue-ContainerReportForContainerReportHandler] WARN  container.ContainerReportHandler (AbstractContainerReportHandler.java:updateContainerState(145)) - Container #1 is in OPEN state, but the datanode d13c026a-6de7-468a-bcba-b5f9e5455386{ip: 192.168.34.13, host: pr-hdds-2310-hfl48-2231614471, networkLocation: /default-rack, certSerialId: null} reports an CLOSED replica.
2019-10-18 19:57:34,682 [BlockDeletingService#2] WARN  background.BlockDeletingService (BlockDeletingService.java:isDeletionAllowed(187)) - Close Container log Index 6 is not replicated across allthe servers in the pipeline 11bb0cf2-26ce-4402-a950-7b64e6e68f81 as the min replicated index is 4. Deletion is not allowed in this container yet.
2019-10-18 19:57:34,682 [BlockDeletingService#2] WARN  background.BlockDeletingService (BlockDeletingService.java:isDeletionAllowed(187)) - Close Container log Index 6 is not replicated across allthe servers in the pipeline 11bb0cf2-26ce-4402-a950-7b64e6e68f81 as the min replicated index is 4. Deletion is not allowed in this container yet.
2019-10-18 19:57:34,724 [EventQueue-ContainerReportForContainerReportHandler] WARN  container.ContainerReportHandler (AbstractContainerReportHandler.java:updateContainerState(145)) - Container #1 is in OPEN state, but the datanode 652c9eaa-759b-40b5-a420-e649d7d5dbbd{ip: 192.168.34.13, host: pr-hdds-2310-hfl48-2231614471, networkLocation: /default-rack, certSerialId: null} reports an CLOSED replica.
2019-10-18 19:57:34,900 [EventQueue-ContainerReportForContainerReportHandler] WARN  container.ContainerReportHandler (AbstractContainerReportHandler.java:updateContainerState(145)) - Container #1 is in OPEN state, but the datanode d13c026a-6de7-468a-bcba-b5f9e5455386{ip: 192.168.34.13, host: pr-hdds-2310-hfl48-2231614471, networkLocation: /default-rack, certSerialId: null} reports an CLOSED replica.
2019-10-18 19:57:35,125 [EventQueue-ContainerReportForContainerReportHandler] WARN  container.ContainerReportHandler (AbstractContainerReportHandler.java:updateContainerState(145)) - Container #1 is in OPEN state, but the datanode 652c9eaa-759b-40b5-a420-e649d7d5dbbd{ip: 192.168.34.13, host: pr-hdds-2310-hfl48-2231614471, networkLocation: /default-rack, certSerialId: null} reports an CLOSED replica.
2019-10-18 19:57:35,201 [EventQueue-ContainerReportForContainerReportHandler] WARN  container.ContainerReportHandler (AbstractContainerReportHandler.java:updateContainerState(145)) - Container #1 is in OPEN state, but the datanode d13c026a-6de7-468a-bcba-b5f9e5455386{ip: 192.168.34.13, host: pr-hdds-2310-hfl48-2231614471, networkLocation: /default-rack, certSerialId: null} reports an CLOSED replica.
2019-10-18 19:57:35,425 [EventQueue-ContainerReportForContainerReportHandler] WARN  container.ContainerReportHandler (AbstractContainerReportHandler.java:updateContainerState(145)) - Container #1 is in OPEN state, but the datanode 652c9eaa-759b-40b5-a420-e649d7d5dbbd{ip: 192.168.34.13, host: pr-hdds-2310-hfl48-2231614471, networkLocation: /default-rack, certSerialId: null} reports an CLOSED replica.
2019-10-18 19:57:35,504 [EventQueue-ContainerReportForContainerReportHandler] WARN  container.ContainerReportHandler (AbstractContainerReportHandler.java:updateContainerState(145)) - Container #1 is in OPEN state, but the datanode d13c026a-6de7-468a-bcba-b5f9e5455386{ip: 192.168.34.13, host: pr-hdds-2310-hfl48-2231614471, networkLocation: /default-rack, certSerialId: null} reports an CLOSED replica.
2019-10-18 19:57:35,593 [java.util.concurrent.ThreadPoolExecutor$Worker@21220c2e[State = -1, empty queue]] WARN  server.GrpcLogAppender (GrpcLogAppender.java:timeoutAppendRequest(209)) - d13c026a-6de7-468a-bcba-b5f9e5455386@group-7B64E6E68F81->595ac112-eff6-4e35-b572-d6b1c4893b0f-GrpcLogAppender: appendEntries Timeout, request=d13c026a-6de7-468a-bcba-b5f9e5455386->595ac112-eff6-4e35-b572-d6b1c4893b0f#49-t1, previous=(t:1, i:10), leaderCommit=10, initializing? false, entries: <empty>
2019-10-18 19:57:35,626 [EventQueue-ContainerReportForContainerReportHandler] WARN  container.ContainerReportHandler (AbstractContainerReportHandler.java:updateContainerState(145)) - Container #1 is in OPEN state, but the datanode 652c9eaa-759b-40b5-a420-e649d7d5dbbd{ip: 192.168.34.13, host: pr-hdds-2310-hfl48-2231614471, networkLocation: /default-rack, certSerialId: null} reports an CLOSED replica.
2019-10-18 19:57:35,684 [BlockDeletingService#2] WARN  background.BlockDeletingService (BlockDeletingService.java:isDeletionAllowed(187)) - Close Container log Index 6 is not replicated across allthe servers in the pipeline 11bb0cf2-26ce-4402-a950-7b64e6e68f81 as the min replicated index is 4. Deletion is not allowed in this container yet.
2019-10-18 19:57:35,684 [BlockDeletingService#2] WARN  background.BlockDeletingService (BlockDeletingService.java:isDeletionAllowed(187)) - Close Container log Index 6 is not replicated across allthe servers in the pipeline 11bb0cf2-26ce-4402-a950-7b64e6e68f81 as the min replicated index is 4. Deletion is not allowed in this container yet.
2019-10-18 19:57:35,706 [EventQueue-ContainerReportForContainerReportHandler] WARN  container.ContainerReportHandler (AbstractContainerReportHandler.java:updateContainerState(145)) - Container #1 is in OPEN state, but the datanode d13c026a-6de7-468a-bcba-b5f9e5455386{ip: 192.168.34.13, host: pr-hdds-2310-hfl48-2231614471, networkLocation: /default-rack, certSerialId: null} reports an CLOSED replica.
2019-10-18 19:57:35,926 [EventQueue-ContainerReportForContainerReportHandler] WARN  container.ContainerReportHandler (AbstractContainerReportHandler.java:updateContainerState(145)) - Container #1 is in OPEN state, but the datanode 652c9eaa-759b-40b5-a420-e649d7d5dbbd{ip: 192.168.34.13, host: pr-hdds-2310-hfl48-2231614471, networkLocation: /default-rack, certSerialId: null} reports an CLOSED replica.
2019-10-18 19:57:36,006 [EventQueue-ContainerReportForContainerReportHandler] WARN  container.ContainerReportHandler (AbstractContainerReportHandler.java:updateContainerState(145)) - Container #1 is in OPEN state, but the datanode d13c026a-6de7-468a-bcba-b5f9e5455386{ip: 192.168.34.13, host: pr-hdds-2310-hfl48-2231614471, networkLocation: /default-rack, certSerialId: null} reports an CLOSED replica.
2019-10-18 19:57:36,206 [EventQueue-ContainerReportForContainerReportHandler] WARN  container.ContainerReportHandler (AbstractContainerReportHandler.java:updateContainerState(145)) - Container #1 is in OPEN state, but the datanode d13c026a-6de7-468a-bcba-b5f9e5455386{ip: 192.168.34.13, host: pr-hdds-2310-hfl48-2231614471, networkLocation: /default-rack, certSerialId: null} reports an CLOSED replica.
2019-10-18 19:57:36,325 [EventQueue-ContainerReportForContainerReportHandler] WARN  container.ContainerReportHandler (AbstractContainerReportHandler.java:updateContainerState(145)) - Container #1 is in OPEN state, but the datanode 652c9eaa-759b-40b5-a420-e649d7d5dbbd{ip: 192.168.34.13, host: pr-hdds-2310-hfl48-2231614471, networkLocation: /default-rack, certSerialId: null} reports an CLOSED replica.
2019-10-18 19:57:36,506 [EventQueue-ContainerReportForContainerReportHandler] WARN  container.ContainerReportHandler (AbstractContainerReportHandler.java:updateContainerState(145)) - Container #1 is in OPEN state, but the datanode d13c026a-6de7-468a-bcba-b5f9e5455386{ip: 192.168.34.13, host: pr-hdds-2310-hfl48-2231614471, networkLocation: /default-rack, certSerialId: null} reports an CLOSED replica.
2019-10-18 19:57:36,626 [EventQueue-ContainerReportForContainerReportHandler] WARN  container.ContainerReportHandler (AbstractContainerReportHandler.java:updateContainerState(145)) - Container #1 is in OPEN state, but the datanode 652c9eaa-759b-40b5-a420-e649d7d5dbbd{ip: 192.168.34.13, host: pr-hdds-2310-hfl48-2231614471, networkLocation: /default-rack, certSerialId: null} reports an CLOSED replica.
2019-10-18 19:57:36,685 [BlockDeletingService#2] WARN  background.BlockDeletingService (BlockDeletingService.java:isDeletionAllowed(187)) - Close Container log Index 6 is not replicated across allthe servers in the pipeline 11bb0cf2-26ce-4402-a950-7b64e6e68f81 as the min replicated index is 4. Deletion is not allowed in this container yet.
2019-10-18 19:57:36,685 [BlockDeletingService#2] WARN  background.BlockDeletingService (BlockDeletingService.java:isDeletionAllowed(187)) - Close Container log Index 6 is not replicated across allthe servers in the pipeline 11bb0cf2-26ce-4402-a950-7b64e6e68f81 as the min replicated index is 4. Deletion is not allowed in this container yet.
2019-10-18 19:57:36,806 [EventQueue-ContainerReportForContainerReportHandler] WARN  container.ContainerReportHandler (AbstractContainerReportHandler.java:updateContainerState(145)) - Container #1 is in OPEN state, but the datanode d13c026a-6de7-468a-bcba-b5f9e5455386{ip: 192.168.34.13, host: pr-hdds-2310-hfl48-2231614471, networkLocation: /default-rack, certSerialId: null} reports an CLOSED replica.
2019-10-18 19:57:36,926 [EventQueue-ContainerReportForContainerReportHandler] WARN  container.ContainerReportHandler (AbstractContainerReportHandler.java:updateContainerState(145)) - Container #1 is in OPEN state, but the datanode 652c9eaa-759b-40b5-a420-e649d7d5dbbd{ip: 192.168.34.13, host: pr-hdds-2310-hfl48-2231614471, networkLocation: /default-rack, certSerialId: null} reports an CLOSED replica.
2019-10-18 19:57:37,006 [EventQueue-ContainerReportForContainerReportHandler] WARN  container.ContainerReportHandler (AbstractContainerReportHandler.java:updateContainerState(145)) - Container #1 is in OPEN state, but the datanode d13c026a-6de7-468a-bcba-b5f9e5455386{ip: 192.168.34.13, host: pr-hdds-2310-hfl48-2231614471, networkLocation: /default-rack, certSerialId: null} reports an CLOSED replica.
2019-10-18 19:57:37,226 [EventQueue-ContainerReportForContainerReportHandler] WARN  container.ContainerReportHandler (AbstractContainerReportHandler.java:updateContainerState(145)) - Container #1 is in OPEN state, but the datanode 652c9eaa-759b-40b5-a420-e649d7d5dbbd{ip: 192.168.34.13, host: pr-hdds-2310-hfl48-2231614471, networkLocation: /default-rack, certSerialId: null} reports an CLOSED replica.
2019-10-18 19:57:37,242 [EventQueue-StaleNodeForStaleNodeHandler] INFO  node.StaleNodeHandler (StaleNodeHandler.java:onMessage(58)) - Datanode 595ac112-eff6-4e35-b572-d6b1c4893b0f{ip: 192.168.34.13, host: pr-hdds-2310-hfl48-2231614471, networkLocation: /default-rack, certSerialId: null} moved to stale state. Finalizing its pipelines [PipelineID=11bb0cf2-26ce-4402-a950-7b64e6e68f81, PipelineID=b85a7801-3be7-403e-80b6-e7c892feb488]
2019-10-18 19:57:37,242 [EventQueue-StaleNodeForStaleNodeHandler] INFO  pipeline.SCMPipelineManager (SCMPipelineManager.java:finalizeAndDestroyPipeline(315)) - destroying pipeline:Pipeline[ Id: 11bb0cf2-26ce-4402-a950-7b64e6e68f81, Nodes: 652c9eaa-759b-40b5-a420-e649d7d5dbbd{ip: 192.168.34.13, host: pr-hdds-2310-hfl48-2231614471, networkLocation: /default-rack, certSerialId: null}d13c026a-6de7-468a-bcba-b5f9e5455386{ip: 192.168.34.13, host: pr-hdds-2310-hfl48-2231614471, networkLocation: /default-rack, certSerialId: null}595ac112-eff6-4e35-b572-d6b1c4893b0f{ip: 192.168.34.13, host: pr-hdds-2310-hfl48-2231614471, networkLocation: /default-rack, certSerialId: null}, Type:RATIS, Factor:THREE, State:OPEN]
2019-10-18 19:57:37,245 [EventQueue-StaleNodeForStaleNodeHandler] INFO  pipeline.PipelineStateManager (PipelineStateManager.java:finalizePipeline(123)) - Pipeline Pipeline[ Id: 11bb0cf2-26ce-4402-a950-7b64e6e68f81, Nodes: 652c9eaa-759b-40b5-a420-e649d7d5dbbd{ip: 192.168.34.13, host: pr-hdds-2310-hfl48-2231614471, networkLocation: /default-rack, certSerialId: null}d13c026a-6de7-468a-bcba-b5f9e5455386{ip: 192.168.34.13, host: pr-hdds-2310-hfl48-2231614471, networkLocation: /default-rack, certSerialId: null}595ac112-eff6-4e35-b572-d6b1c4893b0f{ip: 192.168.34.13, host: pr-hdds-2310-hfl48-2231614471, networkLocation: /default-rack, certSerialId: null}, Type:RATIS, Factor:THREE, State:CLOSED] moved to CLOSED state
2019-10-18 19:57:37,246 [EventQueue-CloseContainerForCloseContainerEventHandler] INFO  container.CloseContainerEventHandler (CloseContainerEventHandler.java:onMessage(61)) - Close container Event triggered for container : #1
2019-10-18 19:57:37,248 [EventQueue-StaleNodeForStaleNodeHandler] INFO  pipeline.SCMPipelineManager (SCMPipelineManager.java:finalizeAndDestroyPipeline(315)) - destroying pipeline:Pipeline[ Id: b85a7801-3be7-403e-80b6-e7c892feb488, Nodes: 595ac112-eff6-4e35-b572-d6b1c4893b0f{ip: 192.168.34.13, host: pr-hdds-2310-hfl48-2231614471, networkLocation: /default-rack, certSerialId: null}, Type:RATIS, Factor:ONE, State:OPEN]
2019-10-18 19:57:37,250 [EventQueue-StaleNodeForStaleNodeHandler] INFO  pipeline.PipelineStateManager (PipelineStateManager.java:finalizePipeline(123)) - Pipeline Pipeline[ Id: b85a7801-3be7-403e-80b6-e7c892feb488, Nodes: 595ac112-eff6-4e35-b572-d6b1c4893b0f{ip: 192.168.34.13, host: pr-hdds-2310-hfl48-2231614471, networkLocation: /default-rack, certSerialId: null}, Type:RATIS, Factor:ONE, State:CLOSED] moved to CLOSED state
2019-10-18 19:57:37,307 [EventQueue-ContainerReportForContainerReportHandler] INFO  container.ContainerReportHandler (AbstractContainerReportHandler.java:updateContainerState(178)) - Moving container #1 to CLOSED state, datanode d13c026a-6de7-468a-bcba-b5f9e5455386{ip: 192.168.34.13, host: pr-hdds-2310-hfl48-2231614471, networkLocation: /default-rack, certSerialId: null} reported CLOSED replica.
2019-10-18 19:57:37,687 [BlockDeletingService#2] WARN  background.BlockDeletingService (BlockDeletingService.java:isDeletionAllowed(187)) - Close Container log Index 6 is not replicated across allthe servers in the pipeline 11bb0cf2-26ce-4402-a950-7b64e6e68f81 as the min replicated index is 4. Deletion is not allowed in this container yet.
2019-10-18 19:57:37,687 [BlockDeletingService#2] WARN  background.BlockDeletingService (BlockDeletingService.java:isDeletionAllowed(187)) - Close Container log Index 6 is not replicated across allthe servers in the pipeline 11bb0cf2-26ce-4402-a950-7b64e6e68f81 as the min replicated index is 4. Deletion is not allowed in this container yet.
2019-10-18 19:57:38,094 [java.util.concurrent.ThreadPoolExecutor$Worker@21220c2e[State = -1, empty queue]] WARN  server.GrpcLogAppender (GrpcLogAppender.java:timeoutAppendRequest(209)) - d13c026a-6de7-468a-bcba-b5f9e5455386@group-7B64E6E68F81->595ac112-eff6-4e35-b572-d6b1c4893b0f-GrpcLogAppender: appendEntries Timeout, request=d13c026a-6de7-468a-bcba-b5f9e5455386->595ac112-eff6-4e35-b572-d6b1c4893b0f#50-t1, previous=(t:1, i:10), leaderCommit=10, initializing? false, entries: <empty>
2019-10-18 19:57:38,261 [SCMBlockDeletingService#1] INFO  block.SCMBlockDeletingService (SCMBlockDeletingService.java:call(184)) - Totally added 3 delete blocks command for 3 datanodes, task elapsed time: 6ms
2019-10-18 19:57:38,507 [EventQueue-PendingDeleteStatusForPendingDeleteHandler] INFO  block.SCMBlockDeletingService (SCMBlockDeletingService.java:handlePendingDeletes(115)) - Block deletion txnID mismatch in datanode d13c026a-6de7-468a-bcba-b5f9e5455386 for containerID 1. Datanode delete txnID: 0, SCM txnID: 1
2019-10-18 19:57:38,527 [EventQueue-PendingDeleteStatusForPendingDeleteHandler] INFO  block.SCMBlockDeletingService (SCMBlockDeletingService.java:handlePendingDeletes(115)) - Block deletion txnID mismatch in datanode 652c9eaa-759b-40b5-a420-e649d7d5dbbd for containerID 1. Datanode delete txnID: 0, SCM txnID: 1
2019-10-18 19:57:38,627 [Command processor thread] INFO  commandhandler.DeleteBlocksCommandHandler (DeleteBlocksCommandHandler.java:handle(106)) - Start to delete container blocks, TXIDs=[1(0)], numOfContainers=1, numOfBlocks=1
2019-10-18 19:57:38,689 [BlockDeletingService#2] WARN  background.BlockDeletingService (BlockDeletingService.java:isDeletionAllowed(187)) - Close Container log Index 6 is not replicated across allthe servers in the pipeline 11bb0cf2-26ce-4402-a950-7b64e6e68f81 as the min replicated index is 4. Deletion is not allowed in this container yet.
2019-10-18 19:57:38,689 [BlockDeletingService#2] WARN  background.BlockDeletingService (BlockDeletingService.java:isDeletionAllowed(187)) - Close Container log Index 6 is not replicated across allthe servers in the pipeline 11bb0cf2-26ce-4402-a950-7b64e6e68f81 as the min replicated index is 4. Deletion is not allowed in this container yet.
2019-10-18 19:57:38,706 [EventQueue-PendingDeleteStatusForPendingDeleteHandler] INFO  block.SCMBlockDeletingService (SCMBlockDeletingService.java:handlePendingDeletes(115)) - Block deletion txnID mismatch in datanode d13c026a-6de7-468a-bcba-b5f9e5455386 for containerID 1. Datanode delete txnID: 0, SCM txnID: 1
2019-10-18 19:57:38,806 [Command processor thread] INFO  commandhandler.DeleteBlocksCommandHandler (DeleteBlocksCommandHandler.java:handle(106)) - Start to delete container blocks, TXIDs=[1(0)], numOfContainers=1, numOfBlocks=1
2019-10-18 19:57:38,831 [Thread-533] INFO  client.GrpcClientProtocolService (GrpcClientProtocolService.java:lambda$processClientRequest$0(278)) - Failed RaftClientRequest:client-B973F343C649->652c9eaa-759b-40b5-a420-e649d7d5dbbd@group-7B64E6E68F81, cid=10, seq=0, Watch-ALL_COMMITTED(6), Message:<EMPTY>, reply=RaftClientReply:client-B973F343C649->652c9eaa-759b-40b5-a420-e649d7d5dbbd@group-7B64E6E68F81, cid=10, FAILED org.apache.ratis.protocol.NotLeaderException: Server 652c9eaa-759b-40b5-a420-e649d7d5dbbd@group-7B64E6E68F81 is not the leader d13c026a-6de7-468a-bcba-b5f9e5455386:192.168.34.13:41921, logIndex=0, commits[652c9eaa-759b-40b5-a420-e649d7d5dbbd:c10, d13c026a-6de7-468a-bcba-b5f9e5455386:c10, 595ac112-eff6-4e35-b572-d6b1c4893b0f:c4]
2019-10-18 19:57:39,158 [main] INFO  impl.MetricsSystemImpl (MetricsSystemImpl.java:init(158)) - HddsDatanode metrics system started (again)
2019-10-18 19:57:39,194 [main] INFO  ozone.HddsDatanodeService (HddsDatanodeService.java:start(184)) - HddsDatanodeService host:pr-hdds-2310-hfl48-2231614471 ip:192.168.34.13
2019-10-18 19:57:39,198 [main] INFO  volume.VolumeUsage (VolumeUsage.java:loadScmUsed(144)) - Cached ScmUsed found for /workdir/hadoop-ozone/integration-test/target/test-dir/MiniOzoneClusterImpl-7f30148d-aede-4745-be18-888c5c6e9681/datanode-2/data/containers : 4096 
2019-10-18 19:57:39,199 [main] INFO  volume.HddsVolume (HddsVolume.java:<init>(176)) - Creating Volume: /workdir/hadoop-ozone/integration-test/target/test-dir/MiniOzoneClusterImpl-7f30148d-aede-4745-be18-888c5c6e9681/datanode-2/data/containers/hdds of  storage type : DISK and capacity : 1482555576320
2019-10-18 19:57:39,200 [main] INFO  volume.VolumeSet (VolumeSet.java:initializeVolumeSet(170)) - Added Volume : /workdir/hadoop-ozone/integration-test/target/test-dir/MiniOzoneClusterImpl-7f30148d-aede-4745-be18-888c5c6e9681/datanode-2/data/containers/hdds to VolumeSet
2019-10-18 19:57:39,200 [main] INFO  volume.ThrottledAsyncChecker (ThrottledAsyncChecker.java:schedule(141)) - Scheduling a check for /workdir/hadoop-ozone/integration-test/target/test-dir/MiniOzoneClusterImpl-7f30148d-aede-4745-be18-888c5c6e9681/datanode-2/data/containers/hdds
2019-10-18 19:57:39,201 [main] INFO  volume.HddsVolumeChecker (HddsVolumeChecker.java:checkAllVolumes(204)) - Scheduled health check for volume /workdir/hadoop-ozone/integration-test/target/test-dir/MiniOzoneClusterImpl-7f30148d-aede-4745-be18-888c5c6e9681/datanode-2/data/containers/hdds
2019-10-18 19:57:39,255 [main] INFO  impl.RaftServerProxy (ConfUtils.java:logGet(43)) - raft.rpc.type = GRPC (default)
2019-10-18 19:57:39,255 [main] INFO  grpc.GrpcFactory (GrpcFactory.java:checkPooledByteBufAllocatorUseCacheForAllThreads(45)) - PERFORMANCE WARNING: useCacheForAllThreads is true that may cause Netty to create a lot garbage objects and, as a result, trigger GC.
	It is recommended to disable useCacheForAllThreads by setting -Dorg.apache.ratis.thirdparty.io.netty.allocator.useCacheForAllThreads=false in command line.
2019-10-18 19:57:39,256 [main] INFO  grpc.GrpcConfigKeys$Server (ConfUtils.java:logGet(43)) - raft.grpc.server.port = 37460 (custom)
2019-10-18 19:57:39,257 [main] INFO  server.GrpcService (ConfUtils.java:logGet(43)) - raft.grpc.message.size.max = 33570816 (custom)
2019-10-18 19:57:39,257 [main] INFO  server.RaftServerConfigKeys (ConfUtils.java:logGet(43)) - raft.server.log.appender.buffer.byte-limit = 33554432 (custom)
2019-10-18 19:57:39,257 [main] INFO  server.GrpcService (ConfUtils.java:logGet(43)) - raft.grpc.flow.control.window = 1MB (=1048576) (default)
2019-10-18 19:57:39,258 [main] INFO  server.RaftServerConfigKeys (ConfUtils.java:logGet(43)) - raft.server.rpc.request.timeout = 3000ms (default)
2019-10-18 19:57:39,259 [main] INFO  server.RaftServerConfigKeys (ConfUtils.java:logGet(43)) - raft.server.storage.dir = [/workdir/hadoop-ozone/integration-test/target/test-dir/MiniOzoneClusterImpl-7f30148d-aede-4745-be18-888c5c6e9681/datanode-2/data/ratis] (custom)
2019-10-18 19:57:39,259 [main] INFO  impl.RaftServerProxy (RaftServerProxy.java:lambda$null$0(191)) - 595ac112-eff6-4e35-b572-d6b1c4893b0f: found a subdirectory /workdir/hadoop-ozone/integration-test/target/test-dir/MiniOzoneClusterImpl-7f30148d-aede-4745-be18-888c5c6e9681/datanode-2/data/ratis/b85a7801-3be7-403e-80b6-e7c892feb488
2019-10-18 19:57:39,260 [main] INFO  impl.RaftServerProxy (RaftServerProxy.java:addNew(89)) - 595ac112-eff6-4e35-b572-d6b1c4893b0f: addNew group-E7C892FEB488:[] returns group-E7C892FEB488:java.util.concurrent.CompletableFuture@6ca8fcf3[Not completed]
2019-10-18 19:57:39,261 [main] INFO  impl.RaftServerProxy (RaftServerProxy.java:lambda$null$0(191)) - 595ac112-eff6-4e35-b572-d6b1c4893b0f: found a subdirectory /workdir/hadoop-ozone/integration-test/target/test-dir/MiniOzoneClusterImpl-7f30148d-aede-4745-be18-888c5c6e9681/datanode-2/data/ratis/11bb0cf2-26ce-4402-a950-7b64e6e68f81
2019-10-18 19:57:39,261 [main] INFO  impl.RaftServerProxy (RaftServerProxy.java:addNew(89)) - 595ac112-eff6-4e35-b572-d6b1c4893b0f: addNew group-7B64E6E68F81:[] returns group-7B64E6E68F81:java.util.concurrent.CompletableFuture@69f0b0f4[Not completed]
2019-10-18 19:57:39,266 [pool-59-thread-1] INFO  impl.RaftServerImpl (RaftServerImpl.java:<init>(104)) - 595ac112-eff6-4e35-b572-d6b1c4893b0f: new RaftServerImpl for group-E7C892FEB488:[] with ContainerStateMachine:uninitialized
2019-10-18 19:57:39,267 [SCMBlockDeletingService#1] INFO  block.SCMBlockDeletingService (SCMBlockDeletingService.java:call(184)) - Totally added 1 delete blocks command for 1 datanodes, task elapsed time: 6ms
2019-10-18 19:57:39,267 [pool-59-thread-1] INFO  server.RaftServerConfigKeys (ConfUtils.java:logGet(43)) - raft.server.rpc.timeout.min = 5s (custom)
2019-10-18 19:57:39,268 [pool-59-thread-1] INFO  server.RaftServerConfigKeys (ConfUtils.java:logGet(43)) - raft.server.rpc.timeout.max = 5200ms (custom)
2019-10-18 19:57:39,268 [pool-59-thread-1] INFO  server.RaftServerConfigKeys (ConfUtils.java:logGet(43)) - raft.server.rpcslowness.timeout = 1000s (custom)
2019-10-18 19:57:39,268 [pool-59-thread-1] INFO  server.RaftServerConfigKeys (ConfUtils.java:logGet(43)) - raft.server.sleep.deviation.threshold = 300 (default)
2019-10-18 19:57:39,268 [pool-59-thread-1] INFO  server.RaftServerConfigKeys (ConfUtils.java:logGet(43)) - raft.server.log.appender.install.snapshot.enabled = false (custom)
2019-10-18 19:57:39,268 [pool-59-thread-1] INFO  impl.RaftServerImpl (ServerState.java:<init>(103)) - 595ac112-eff6-4e35-b572-d6b1c4893b0f@group-E7C892FEB488: ConfigurationManager, init=-1: [], old=null, confs=<EMPTY_MAP>
2019-10-18 19:57:39,268 [pool-59-thread-1] INFO  server.RaftServerConfigKeys (ConfUtils.java:logGet(43)) - raft.server.storage.dir = [/workdir/hadoop-ozone/integration-test/target/test-dir/MiniOzoneClusterImpl-7f30148d-aede-4745-be18-888c5c6e9681/datanode-2/data/ratis] (custom)
2019-10-18 19:57:39,268 [pool-59-thread-1] INFO  server.RaftServerConfigKeys (ConfUtils.java:logGet(43)) - raft.server.log.corruption.policy = EXCEPTION (default)
2019-10-18 19:57:39,268 [pool-7-thread-1] INFO  commands.RetriableDatanodeEventWatcher (RetriableDatanodeEventWatcher.java:onTimeout(47)) - RetriableDatanodeCommand type=deleteBlocksCommand with id=1571428658262 timed out. Retrying.
2019-10-18 19:57:39,270 [main] INFO  hdfs.DFSUtil (DFSUtil.java:httpServerTemplateForNNAndJN(1641)) - Starting Web-server for hddsDatanode at: http://0.0.0.0:37570
2019-10-18 19:57:39,274 [main] INFO  server.AuthenticationFilter (AuthenticationFilter.java:constructSecretProvider(240)) - Unable to initialize FileSignerSecretProvider, falling back to use random secrets.
2019-10-18 19:57:39,275 [main] WARN  http.HttpRequestLog (HttpRequestLog.java:getRequestLog(97)) - Jetty request log can only be enabled using Log4j
2019-10-18 19:57:39,277 [main] INFO  http.HttpServer2 (HttpServer2.java:addGlobalFilter(975)) - Added global filter 'safety' (class=org.apache.hadoop.http.HttpServer2$QuotingInputFilter)
2019-10-18 19:57:39,278 [main] INFO  http.HttpServer2 (HttpServer2.java:addFilter(948)) - Added filter static_user_filter (class=org.apache.hadoop.http.lib.StaticUserWebFilter$StaticUserFilter) to context hddsDatanode
2019-10-18 19:57:39,278 [main] INFO  http.HttpServer2 (HttpServer2.java:addFilter(958)) - Added filter static_user_filter (class=org.apache.hadoop.http.lib.StaticUserWebFilter$StaticUserFilter) to context static
2019-10-18 19:57:39,279 [main] INFO  http.HttpServer2 (HttpServer2.java:addFilter(958)) - Added filter static_user_filter (class=org.apache.hadoop.http.lib.StaticUserWebFilter$StaticUserFilter) to context logs
2019-10-18 19:57:39,280 [main] INFO  http.HttpServer2 (HttpServer2.java:bindListener(1191)) - Jetty bound to port 37570
2019-10-18 19:57:39,280 [main] INFO  server.Server (Server.java:doStart(351)) - jetty-9.3.25.v20180904, build timestamp: 2018-09-04T21:11:46Z, git hash: 3ce520221d0240229c862b122d2b06c12a625732
2019-10-18 19:57:39,283 [main] INFO  handler.ContextHandler (ContextHandler.java:doStart(781)) - Started o.e.j.s.ServletContextHandler@4f327096{/logs,file:///workdir/hadoop-ozone/integration-test/target/log,AVAILABLE}
2019-10-18 19:57:39,284 [main] INFO  handler.ContextHandler (ContextHandler.java:doStart(781)) - Started o.e.j.s.ServletContextHandler@78a515e4{/static,jar:file:/home/user/.m2/repository/org/apache/hadoop/hadoop-hdds-container-service/0.5.0-SNAPSHOT/hadoop-hdds-container-service-0.5.0-SNAPSHOT.jar!/webapps/static,AVAILABLE}
2019-10-18 19:57:39,292 [pool-59-thread-1] INFO  storage.RaftStorageDirectory (RaftStorageDirectory.java:tryLock(328)) - Lock on /workdir/hadoop-ozone/integration-test/target/test-dir/MiniOzoneClusterImpl-7f30148d-aede-4745-be18-888c5c6e9681/datanode-2/data/ratis/b85a7801-3be7-403e-80b6-e7c892feb488/in_use.lock acquired by nodename 1356@pr-hdds-2310-hfl48-2231614471
2019-10-18 19:57:39,293 [pool-59-thread-1] INFO  ratis.ContainerStateMachine (ContainerStateMachine.java:loadSnapshot(231)) - group-E7C892FEB488: The snapshot info is null. Setting the last applied indexto:(t:0, i:~)
2019-10-18 19:57:39,293 [pool-59-thread-1] INFO  server.RaftServerConfigKeys (ConfUtils.java:logGet(43)) - raft.server.notification.no-leader.timeout = 1000s (custom)
2019-10-18 19:57:39,293 [pool-59-thread-1] INFO  server.RaftServerConfigKeys (ConfUtils.java:logGet(43)) - raft.server.log.use.memory = false (default)
2019-10-18 19:57:39,293 [pool-59-thread-1] INFO  server.RaftServerConfigKeys (ConfUtils.java:logGet(43)) - raft.server.log.purge.gap = 1000000 (custom)
2019-10-18 19:57:39,293 [pool-59-thread-1] INFO  server.RaftServerConfigKeys (ConfUtils.java:logGet(43)) - raft.server.log.appender.buffer.byte-limit = 33554432 (custom)
2019-10-18 19:57:39,293 [pool-59-thread-1] INFO  server.RaftServerConfigKeys (ConfUtils.java:logGet(43)) - raft.server.log.segment.size.max = 1048576 (custom)
2019-10-18 19:57:39,293 [pool-59-thread-1] INFO  server.RaftServerConfigKeys (ConfUtils.java:logGet(43)) - raft.server.log.segment.cache.num.max = 2 (custom)
2019-10-18 19:57:39,294 [pool-59-thread-1] INFO  segmented.SegmentedRaftLogWorker (SegmentedRaftLogWorker.java:<init>(173)) - new 595ac112-eff6-4e35-b572-d6b1c4893b0f@group-E7C892FEB488-SegmentedRaftLogWorker for RaftStorage:Storage Directory /workdir/hadoop-ozone/integration-test/target/test-dir/MiniOzoneClusterImpl-7f30148d-aede-4745-be18-888c5c6e9681/datanode-2/data/ratis/b85a7801-3be7-403e-80b6-e7c892feb488
2019-10-18 19:57:39,294 [pool-59-thread-1] INFO  server.RaftServerConfigKeys (ConfUtils.java:logGet(43)) - raft.server.log.queue.byte-limit = 2147483647 (custom)
2019-10-18 19:57:39,294 [pool-59-thread-1] INFO  server.RaftServerConfigKeys (ConfUtils.java:logGet(43)) - raft.server.log.queue.element-limit = 1024 (custom)
2019-10-18 19:57:39,294 [pool-59-thread-1] INFO  server.RaftServerConfigKeys (ConfUtils.java:logGet(43)) - raft.server.log.segment.size.max = 1048576 (custom)
2019-10-18 19:57:39,294 [pool-59-thread-1] INFO  server.RaftServerConfigKeys (ConfUtils.java:logGet(43)) - raft.server.log.preallocated.size = 16384 (custom)
2019-10-18 19:57:39,294 [pool-59-thread-1] INFO  server.RaftServerConfigKeys (ConfUtils.java:logGet(43)) - raft.server.log.write.buffer.size = 33554432 (custom)
2019-10-18 19:57:39,294 [pool-59-thread-1] INFO  server.RaftServerConfigKeys (ConfUtils.java:logGet(43)) - raft.server.log.force.sync.num = 128 (default)
2019-10-18 19:57:39,294 [pool-59-thread-1] INFO  server.RaftServerConfigKeys (ConfUtils.java:logGet(43)) - raft.server.log.statemachine.data.sync = true (default)
2019-10-18 19:57:39,294 [pool-59-thread-1] INFO  server.RaftServerConfigKeys (ConfUtils.java:logGet(43)) - raft.server.log.statemachine.data.sync.timeout = 10s (default)
2019-10-18 19:57:39,295 [pool-59-thread-1] INFO  server.RaftServerConfigKeys (ConfUtils.java:logGet(43)) - raft.server.log.statemachine.data.sync.timeout.retry = -1 (default)
2019-10-18 19:57:39,295 [pool-59-thread-1] INFO  server.RaftServerConfigKeys (ConfUtils.java:logGet(43)) - raft.server.log.statemachine.data.caching.enabled = true (custom)
2019-10-18 19:57:39,300 [pool-59-thread-1] INFO  impl.RaftServerImpl (ServerState.java:setRaftConf(357)) - 595ac112-eff6-4e35-b572-d6b1c4893b0f@group-E7C892FEB488: set configuration 0: [595ac112-eff6-4e35-b572-d6b1c4893b0f:192.168.34.13:37460], old=null at 0
2019-10-18 19:57:39,301 [pool-59-thread-1] INFO  segmented.LogSegment (LogSegment.java:loadSegment(140)) - Successfully read 1 entries from segment file /workdir/hadoop-ozone/integration-test/target/test-dir/MiniOzoneClusterImpl-7f30148d-aede-4745-be18-888c5c6e9681/datanode-2/data/ratis/b85a7801-3be7-403e-80b6-e7c892feb488/current/log_inprogress_0
2019-10-18 19:57:39,301 [pool-59-thread-1] INFO  segmented.SegmentedRaftLogWorker (SegmentedRaftLogWorker.java:lambda$new$0(128)) - 595ac112-eff6-4e35-b572-d6b1c4893b0f@group-E7C892FEB488-SegmentedRaftLogWorker: flushIndex: setUnconditionally 0 -> 0
2019-10-18 19:57:39,324 [pool-59-thread-1] INFO  server.RaftServerConfigKeys (ConfUtils.java:logGet(43)) - raft.server.snapshot.auto.trigger.enabled = true (custom)
2019-10-18 19:57:39,324 [pool-59-thread-1] INFO  server.RaftServerConfigKeys (ConfUtils.java:logGet(43)) - raft.server.snapshot.auto.trigger.threshold = 10000 (custom)
2019-10-18 19:57:39,324 [pool-59-thread-1] INFO  server.RaftServerConfigKeys (ConfUtils.java:logGet(43)) - raft.server.snapshot.retention.file.num = 5 (custom)
2019-10-18 19:57:39,325 [pool-59-thread-1] INFO  server.RaftServerConfigKeys (ConfUtils.java:logGet(43)) - raft.server.retrycache.expirytime = 600000ms (custom)
2019-10-18 19:57:39,326 [pool-59-thread-1] INFO  impl.RaftServerImpl (RaftServerImpl.java:<init>(104)) - 595ac112-eff6-4e35-b572-d6b1c4893b0f: new RaftServerImpl for group-7B64E6E68F81:[] with ContainerStateMachine:uninitialized
2019-10-18 19:57:39,326 [pool-59-thread-1] INFO  server.RaftServerConfigKeys (ConfUtils.java:logGet(43)) - raft.server.rpc.timeout.min = 5s (custom)
2019-10-18 19:57:39,326 [main] INFO  handler.ContextHandler (ContextHandler.java:doStart(781)) - Started o.e.j.w.WebAppContext@3c91530d{/,file:///tmp/jetty-0.0.0.0-37570-hddsDatanode-_-any-8668713246984259304.dir/webapp/,AVAILABLE}{/hddsDatanode}
2019-10-18 19:57:39,327 [pool-59-thread-1] INFO  server.RaftServerConfigKeys (ConfUtils.java:logGet(43)) - raft.server.rpc.timeout.max = 5200ms (custom)
2019-10-18 19:57:39,327 [pool-59-thread-1] INFO  server.RaftServerConfigKeys (ConfUtils.java:logGet(43)) - raft.server.rpcslowness.timeout = 1000s (custom)
2019-10-18 19:57:39,327 [pool-59-thread-1] INFO  server.RaftServerConfigKeys (ConfUtils.java:logGet(43)) - raft.server.sleep.deviation.threshold = 300 (default)
2019-10-18 19:57:39,327 [pool-59-thread-1] INFO  server.RaftServerConfigKeys (ConfUtils.java:logGet(43)) - raft.server.log.appender.install.snapshot.enabled = false (custom)
2019-10-18 19:57:39,327 [main] INFO  server.AbstractConnector (AbstractConnector.java:doStart(278)) - Started ServerConnector@7d70638{HTTP/1.1,[http/1.1]}{0.0.0.0:37570}
2019-10-18 19:57:39,327 [pool-59-thread-1] INFO  impl.RaftServerImpl (ServerState.java:<init>(103)) - 595ac112-eff6-4e35-b572-d6b1c4893b0f@group-7B64E6E68F81: ConfigurationManager, init=-1: [], old=null, confs=<EMPTY_MAP>
2019-10-18 19:57:39,328 [main] INFO  server.Server (Server.java:doStart(419)) - Started @114274ms
2019-10-18 19:57:39,328 [pool-59-thread-1] INFO  server.RaftServerConfigKeys (ConfUtils.java:logGet(43)) - raft.server.storage.dir = [/workdir/hadoop-ozone/integration-test/target/test-dir/MiniOzoneClusterImpl-7f30148d-aede-4745-be18-888c5c6e9681/datanode-2/data/ratis] (custom)
2019-10-18 19:57:39,329 [main] WARN  impl.MetricsSystemImpl (MetricsSystemImpl.java:register(276)) - Sink prometheus already exists!
2019-10-18 19:57:39,329 [pool-59-thread-1] INFO  server.RaftServerConfigKeys (ConfUtils.java:logGet(43)) - raft.server.log.corruption.policy = EXCEPTION (default)
2019-10-18 19:57:39,330 [main] INFO  server.BaseHttpServer (BaseHttpServer.java:updateConnectorAddress(215)) - HTTP server of HDDSDATANODE is listening at http://0.0.0.0:37570
2019-10-18 19:57:39,331 [org.apache.hadoop.util.JvmPauseMonitor$Monitor@2eee4921] INFO  util.JvmPauseMonitor (JvmPauseMonitor.java:run(188)) - Starting JVM pause monitor
2019-10-18 19:57:39,351 [pool-59-thread-1] INFO  storage.RaftStorageDirectory (RaftStorageDirectory.java:tryLock(328)) - Lock on /workdir/hadoop-ozone/integration-test/target/test-dir/MiniOzoneClusterImpl-7f30148d-aede-4745-be18-888c5c6e9681/datanode-2/data/ratis/11bb0cf2-26ce-4402-a950-7b64e6e68f81/in_use.lock acquired by nodename 1356@pr-hdds-2310-hfl48-2231614471
2019-10-18 19:57:39,353 [pool-59-thread-1] INFO  ratis.ContainerStateMachine (ContainerStateMachine.java:loadSnapshot(240)) - group-7B64E6E68F81: Setting the last applied index to (t:1, i:3)
2019-10-18 19:57:39,358 [pool-59-thread-1] INFO  impl.RaftServerImpl (ServerState.java:setRaftConf(357)) - 595ac112-eff6-4e35-b572-d6b1c4893b0f@group-7B64E6E68F81: set configuration 0: [652c9eaa-759b-40b5-a420-e649d7d5dbbd:192.168.34.13:44469, d13c026a-6de7-468a-bcba-b5f9e5455386:192.168.34.13:41921, 595ac112-eff6-4e35-b572-d6b1c4893b0f:192.168.34.13:37460], old=null at 0
2019-10-18 19:57:39,358 [pool-59-thread-1] INFO  server.RaftServerConfigKeys (ConfUtils.java:logGet(43)) - raft.server.notification.no-leader.timeout = 1000s (custom)
2019-10-18 19:57:39,358 [pool-59-thread-1] INFO  server.RaftServerConfigKeys (ConfUtils.java:logGet(43)) - raft.server.log.use.memory = false (default)
2019-10-18 19:57:39,358 [pool-59-thread-1] INFO  server.RaftServerConfigKeys (ConfUtils.java:logGet(43)) - raft.server.log.purge.gap = 1000000 (custom)
2019-10-18 19:57:39,358 [pool-59-thread-1] INFO  server.RaftServerConfigKeys (ConfUtils.java:logGet(43)) - raft.server.log.appender.buffer.byte-limit = 33554432 (custom)
2019-10-18 19:57:39,358 [pool-59-thread-1] INFO  server.RaftServerConfigKeys (ConfUtils.java:logGet(43)) - raft.server.log.segment.size.max = 1048576 (custom)
2019-10-18 19:57:39,358 [pool-59-thread-1] INFO  server.RaftServerConfigKeys (ConfUtils.java:logGet(43)) - raft.server.log.segment.cache.num.max = 2 (custom)
2019-10-18 19:57:39,359 [pool-59-thread-1] INFO  segmented.SegmentedRaftLogWorker (SegmentedRaftLogWorker.java:<init>(173)) - new 595ac112-eff6-4e35-b572-d6b1c4893b0f@group-7B64E6E68F81-SegmentedRaftLogWorker for RaftStorage:Storage Directory /workdir/hadoop-ozone/integration-test/target/test-dir/MiniOzoneClusterImpl-7f30148d-aede-4745-be18-888c5c6e9681/datanode-2/data/ratis/11bb0cf2-26ce-4402-a950-7b64e6e68f81
2019-10-18 19:57:39,359 [pool-59-thread-1] INFO  server.RaftServerConfigKeys (ConfUtils.java:logGet(43)) - raft.server.log.queue.byte-limit = 2147483647 (custom)
2019-10-18 19:57:39,359 [pool-59-thread-1] INFO  server.RaftServerConfigKeys (ConfUtils.java:logGet(43)) - raft.server.log.queue.element-limit = 1024 (custom)
2019-10-18 19:57:39,359 [pool-59-thread-1] INFO  server.RaftServerConfigKeys (ConfUtils.java:logGet(43)) - raft.server.log.segment.size.max = 1048576 (custom)
2019-10-18 19:57:39,359 [pool-59-thread-1] INFO  server.RaftServerConfigKeys (ConfUtils.java:logGet(43)) - raft.server.log.preallocated.size = 16384 (custom)
2019-10-18 19:57:39,359 [pool-59-thread-1] INFO  server.RaftServerConfigKeys (ConfUtils.java:logGet(43)) - raft.server.log.write.buffer.size = 33554432 (custom)
2019-10-18 19:57:39,359 [pool-59-thread-1] INFO  server.RaftServerConfigKeys (ConfUtils.java:logGet(43)) - raft.server.log.force.sync.num = 128 (default)
2019-10-18 19:57:39,359 [pool-59-thread-1] INFO  server.RaftServerConfigKeys (ConfUtils.java:logGet(43)) - raft.server.log.statemachine.data.sync = true (default)
2019-10-18 19:57:39,359 [pool-59-thread-1] INFO  server.RaftServerConfigKeys (ConfUtils.java:logGet(43)) - raft.server.log.statemachine.data.sync.timeout = 10s (default)
2019-10-18 19:57:39,360 [pool-59-thread-1] INFO  server.RaftServerConfigKeys (ConfUtils.java:logGet(43)) - raft.server.log.statemachine.data.sync.timeout.retry = -1 (default)
2019-10-18 19:57:39,360 [pool-59-thread-1] INFO  server.RaftServerConfigKeys (ConfUtils.java:logGet(43)) - raft.server.log.statemachine.data.caching.enabled = true (custom)
2019-10-18 19:57:39,360 [pool-59-thread-1] INFO  impl.RaftServerImpl (ServerState.java:setRaftConf(357)) - 595ac112-eff6-4e35-b572-d6b1c4893b0f@group-7B64E6E68F81: set configuration 0: [652c9eaa-759b-40b5-a420-e649d7d5dbbd:192.168.34.13:44469, d13c026a-6de7-468a-bcba-b5f9e5455386:192.168.34.13:41921, 595ac112-eff6-4e35-b572-d6b1c4893b0f:192.168.34.13:37460], old=null at 0
2019-10-18 19:57:39,361 [pool-59-thread-1] INFO  segmented.LogSegment (LogSegment.java:loadSegment(140)) - Successfully read 5 entries from segment file /workdir/hadoop-ozone/integration-test/target/test-dir/MiniOzoneClusterImpl-7f30148d-aede-4745-be18-888c5c6e9681/datanode-2/data/ratis/11bb0cf2-26ce-4402-a950-7b64e6e68f81/current/log_inprogress_0
2019-10-18 19:57:39,361 [pool-59-thread-1] INFO  segmented.SegmentedRaftLogWorker (SegmentedRaftLogWorker.java:lambda$new$0(128)) - 595ac112-eff6-4e35-b572-d6b1c4893b0f@group-7B64E6E68F81-SegmentedRaftLogWorker: flushIndex: setUnconditionally 0 -> 4
2019-10-18 19:57:39,383 [pool-59-thread-1] INFO  raftlog.RaftLog (RaftLog.java:lambda$new$0(61)) - 595ac112-eff6-4e35-b572-d6b1c4893b0f@group-7B64E6E68F81-SegmentedRaftLog: commitIndex: updateToMax old=3, new=3, updated? false
2019-10-18 19:57:39,384 [pool-59-thread-1] INFO  server.RaftServerConfigKeys (ConfUtils.java:logGet(43)) - raft.server.snapshot.auto.trigger.enabled = true (custom)
2019-10-18 19:57:39,384 [pool-59-thread-1] INFO  server.RaftServerConfigKeys (ConfUtils.java:logGet(43)) - raft.server.snapshot.auto.trigger.threshold = 10000 (custom)
2019-10-18 19:57:39,384 [pool-59-thread-1] INFO  server.RaftServerConfigKeys (ConfUtils.java:logGet(43)) - raft.server.snapshot.retention.file.num = 5 (custom)
2019-10-18 19:57:39,384 [pool-59-thread-1] INFO  server.RaftServerConfigKeys (ConfUtils.java:logGet(43)) - raft.server.retrycache.expirytime = 600000ms (custom)
2019-10-18 19:57:39,690 [BlockDeletingService#2] WARN  background.BlockDeletingService (BlockDeletingService.java:isDeletionAllowed(187)) - Close Container log Index 6 is not replicated across allthe servers in the pipeline 11bb0cf2-26ce-4402-a950-7b64e6e68f81 as the min replicated index is 4. Deletion is not allowed in this container yet.
2019-10-18 19:57:39,690 [BlockDeletingService#2] WARN  background.BlockDeletingService (BlockDeletingService.java:isDeletionAllowed(187)) - Close Container log Index 6 is not replicated across allthe servers in the pipeline 11bb0cf2-26ce-4402-a950-7b64e6e68f81 as the min replicated index is 4. Deletion is not allowed in this container yet.
2019-10-18 19:57:40,262 [pool-7-thread-1] INFO  commands.RetriableDatanodeEventWatcher (RetriableDatanodeEventWatcher.java:onTimeout(47)) - RetriableDatanodeCommand type=deleteBlocksCommand with id=1571428658263 timed out. Retrying.
2019-10-18 19:57:40,268 [pool-7-thread-1] INFO  commands.RetriableDatanodeEventWatcher (RetriableDatanodeEventWatcher.java:onTimeout(47)) - RetriableDatanodeCommand type=deleteBlocksCommand with id=1571428658262 timed out. Retrying.
2019-10-18 19:57:40,268 [SCMBlockDeletingService#1] INFO  block.SCMBlockDeletingService (SCMBlockDeletingService.java:call(184)) - Totally added 1 delete blocks command for 1 datanodes, task elapsed time: 1ms
2019-10-18 19:57:40,595 [java.util.concurrent.ThreadPoolExecutor$Worker@21220c2e[State = -1, empty queue]] WARN  server.GrpcLogAppender (GrpcLogAppender.java:timeoutAppendRequest(209)) - d13c026a-6de7-468a-bcba-b5f9e5455386@group-7B64E6E68F81->595ac112-eff6-4e35-b572-d6b1c4893b0f-GrpcLogAppender: appendEntries Timeout, request=d13c026a-6de7-468a-bcba-b5f9e5455386->595ac112-eff6-4e35-b572-d6b1c4893b0f#51-t1, previous=(t:1, i:10), leaderCommit=10, initializing? false, entries: <empty>
2019-10-18 19:57:40,692 [BlockDeletingService#2] WARN  background.BlockDeletingService (BlockDeletingService.java:isDeletionAllowed(187)) - Close Container log Index 6 is not replicated across allthe servers in the pipeline 11bb0cf2-26ce-4402-a950-7b64e6e68f81 as the min replicated index is 4. Deletion is not allowed in this container yet.
2019-10-18 19:57:40,692 [BlockDeletingService#2] WARN  background.BlockDeletingService (BlockDeletingService.java:isDeletionAllowed(187)) - Close Container log Index 6 is not replicated across allthe servers in the pipeline 11bb0cf2-26ce-4402-a950-7b64e6e68f81 as the min replicated index is 4. Deletion is not allowed in this container yet.
2019-10-18 19:57:40,755 [Thread-555] INFO  client.GrpcClientProtocolService (GrpcClientProtocolService.java:lambda$processClientRequest$0(278)) - Failed RaftClientRequest:client-B973F343C649->d13c026a-6de7-468a-bcba-b5f9e5455386@group-7B64E6E68F81, cid=10, seq=0, Watch-ALL_COMMITTED(6), Message:<EMPTY>, reply=RaftClientReply:client-B973F343C649->d13c026a-6de7-468a-bcba-b5f9e5455386@group-7B64E6E68F81, cid=10, FAILED org.apache.ratis.protocol.NotReplicatedException: Request with call Id 10 and log index 6 is not yet replicated to ALL_COMMITTED, logIndex=6, commits[d13c026a-6de7-468a-bcba-b5f9e5455386:c10, 652c9eaa-759b-40b5-a420-e649d7d5dbbd:c10, 595ac112-eff6-4e35-b572-d6b1c4893b0f:c4]
2019-10-18 19:57:41,263 [pool-7-thread-1] INFO  commands.RetriableDatanodeEventWatcher (RetriableDatanodeEventWatcher.java:onTimeout(47)) - RetriableDatanodeCommand type=deleteBlocksCommand with id=1571428658263 timed out. Retrying.
2019-10-18 19:57:41,267 [pool-7-thread-1] INFO  commands.RetriableDatanodeEventWatcher (RetriableDatanodeEventWatcher.java:onTimeout(47)) - RetriableDatanodeCommand type=deleteBlocksCommand with id=1571428658264 timed out. Retrying.
2019-10-18 19:57:41,269 [pool-7-thread-1] INFO  commands.RetriableDatanodeEventWatcher (RetriableDatanodeEventWatcher.java:onTimeout(47)) - RetriableDatanodeCommand type=deleteBlocksCommand with id=1571428658262 timed out. Retrying.
2019-10-18 19:57:41,269 [SCMBlockDeletingService#1] INFO  block.SCMBlockDeletingService (SCMBlockDeletingService.java:call(184)) - Totally added 1 delete blocks command for 1 datanodes, task elapsed time: 1ms
2019-10-18 19:57:41,333 [Datanode State Machine Thread - 0] INFO  ozoneimpl.OzoneContainer (OzoneContainer.java:start(213)) - Attempting to start container services.
2019-10-18 19:57:41,334 [Datanode State Machine Thread - 0] INFO  ozoneimpl.OzoneContainer (OzoneContainer.java:startContainerScrub(177)) - Background container scanner has been disabled.
2019-10-18 19:57:41,334 [Datanode State Machine Thread - 0] INFO  ratis.XceiverServerRatis (XceiverServerRatis.java:start(418)) - Starting XceiverServerRatis 595ac112-eff6-4e35-b572-d6b1c4893b0f at port 37460
2019-10-18 19:57:41,344 [Datanode State Machine Thread - 0] INFO  impl.RaftServerImpl (RaftServerImpl.java:start(195)) - 595ac112-eff6-4e35-b572-d6b1c4893b0f@group-E7C892FEB488: start as a follower, conf=0: [595ac112-eff6-4e35-b572-d6b1c4893b0f:192.168.34.13:37460], old=null
2019-10-18 19:57:41,345 [ForkJoinPool.commonPool-worker-0] INFO  impl.RaftServerImpl (RaftServerImpl.java:start(195)) - 595ac112-eff6-4e35-b572-d6b1c4893b0f@group-7B64E6E68F81: start as a follower, conf=0: [652c9eaa-759b-40b5-a420-e649d7d5dbbd:192.168.34.13:44469, d13c026a-6de7-468a-bcba-b5f9e5455386:192.168.34.13:41921, 595ac112-eff6-4e35-b572-d6b1c4893b0f:192.168.34.13:37460], old=null
2019-10-18 19:57:41,345 [Datanode State Machine Thread - 0] INFO  impl.RaftServerImpl (RaftServerImpl.java:setRole(184)) - 595ac112-eff6-4e35-b572-d6b1c4893b0f@group-E7C892FEB488: changes role from      null to FOLLOWER at term 1 for startAsFollower
2019-10-18 19:57:41,345 [ForkJoinPool.commonPool-worker-0] INFO  impl.RaftServerImpl (RaftServerImpl.java:setRole(184)) - 595ac112-eff6-4e35-b572-d6b1c4893b0f@group-7B64E6E68F81: changes role from      null to FOLLOWER at term 1 for startAsFollower
2019-10-18 19:57:41,345 [Datanode State Machine Thread - 0] INFO  impl.RoleInfo (RoleInfo.java:updateAndGet(143)) - 595ac112-eff6-4e35-b572-d6b1c4893b0f: start FollowerState
2019-10-18 19:57:41,345 [ForkJoinPool.commonPool-worker-0] INFO  impl.RoleInfo (RoleInfo.java:updateAndGet(143)) - 595ac112-eff6-4e35-b572-d6b1c4893b0f: start FollowerState
2019-10-18 19:57:41,346 [Datanode State Machine Thread - 0] INFO  util.JmxRegister (JmxRegister.java:tryRegister(44)) - Successfully registered JMX Bean with object name Ratis:service=RaftServer,group=group-E7C892FEB488,id=595ac112-eff6-4e35-b572-d6b1c4893b0f
2019-10-18 19:57:41,346 [ForkJoinPool.commonPool-worker-0] INFO  util.JmxRegister (JmxRegister.java:tryRegister(44)) - Successfully registered JMX Bean with object name Ratis:service=RaftServer,group=group-7B64E6E68F81,id=595ac112-eff6-4e35-b572-d6b1c4893b0f
2019-10-18 19:57:41,348 [Datanode State Machine Thread - 0] INFO  impl.RaftServerProxy (RaftServerProxy.java:lambda$start$3(299)) - 595ac112-eff6-4e35-b572-d6b1c4893b0f: start RPC server
2019-10-18 19:57:41,351 [Datanode State Machine Thread - 0] INFO  server.GrpcService (GrpcService.java:startImpl(158)) - 595ac112-eff6-4e35-b572-d6b1c4893b0f: GrpcService started, listening on 0.0.0.0/0.0.0.0:37460
2019-10-18 19:57:41,507 [Thread-557] INFO  impl.FollowerState (FollowerState.java:run(108)) - 595ac112-eff6-4e35-b572-d6b1c4893b0f@group-7B64E6E68F81-FollowerState: change to CANDIDATE, lastRpcTime:161ms, electionTimeout:161ms
2019-10-18 19:57:41,507 [Thread-557] INFO  impl.RoleInfo (RoleInfo.java:shutdownFollowerState(121)) - 595ac112-eff6-4e35-b572-d6b1c4893b0f: shutdown FollowerState
2019-10-18 19:57:41,507 [Thread-557] INFO  impl.RaftServerImpl (RaftServerImpl.java:setRole(184)) - 595ac112-eff6-4e35-b572-d6b1c4893b0f@group-7B64E6E68F81: changes role from  FOLLOWER to CANDIDATE at term 1 for changeToCandidate
2019-10-18 19:57:41,508 [Thread-557] INFO  impl.RoleInfo (RoleInfo.java:updateAndGet(143)) - 595ac112-eff6-4e35-b572-d6b1c4893b0f: start LeaderElection
2019-10-18 19:57:41,526 [Thread-556] INFO  impl.FollowerState (FollowerState.java:run(108)) - 595ac112-eff6-4e35-b572-d6b1c4893b0f@group-E7C892FEB488-FollowerState: change to CANDIDATE, lastRpcTime:180ms, electionTimeout:180ms
2019-10-18 19:57:41,526 [Thread-556] INFO  impl.RoleInfo (RoleInfo.java:shutdownFollowerState(121)) - 595ac112-eff6-4e35-b572-d6b1c4893b0f: shutdown FollowerState
2019-10-18 19:57:41,526 [Thread-556] INFO  impl.RaftServerImpl (RaftServerImpl.java:setRole(184)) - 595ac112-eff6-4e35-b572-d6b1c4893b0f@group-E7C892FEB488: changes role from  FOLLOWER to CANDIDATE at term 1 for changeToCandidate
2019-10-18 19:57:41,526 [Thread-556] INFO  impl.RoleInfo (RoleInfo.java:updateAndGet(143)) - 595ac112-eff6-4e35-b572-d6b1c4893b0f: start LeaderElection
2019-10-18 19:57:41,533 [595ac112-eff6-4e35-b572-d6b1c4893b0f@group-7B64E6E68F81-LeaderElection6] INFO  impl.LeaderElection (LeaderElection.java:askForVotes(178)) - 595ac112-eff6-4e35-b572-d6b1c4893b0f@group-7B64E6E68F81-LeaderElection6: begin an election at term 2 for 0: [652c9eaa-759b-40b5-a420-e649d7d5dbbd:192.168.34.13:44469, d13c026a-6de7-468a-bcba-b5f9e5455386:192.168.34.13:41921, 595ac112-eff6-4e35-b572-d6b1c4893b0f:192.168.34.13:37460], old=null
2019-10-18 19:57:41,534 [595ac112-eff6-4e35-b572-d6b1c4893b0f@group-7B64E6E68F81-LeaderElection6] INFO  impl.LeaderElection (LeaderElection.java:logAndReturn(56)) - 595ac112-eff6-4e35-b572-d6b1c4893b0f@group-7B64E6E68F81-LeaderElection6: Election TIMEOUT; received 0 response(s) [] and 0 exception(s); 595ac112-eff6-4e35-b572-d6b1c4893b0f@group-7B64E6E68F81:t2, leader=null, voted=595ac112-eff6-4e35-b572-d6b1c4893b0f, raftlog=595ac112-eff6-4e35-b572-d6b1c4893b0f@group-7B64E6E68F81-SegmentedRaftLog:OPENED:c3,f4,i4, conf=0: [652c9eaa-759b-40b5-a420-e649d7d5dbbd:192.168.34.13:44469, d13c026a-6de7-468a-bcba-b5f9e5455386:192.168.34.13:41921, 595ac112-eff6-4e35-b572-d6b1c4893b0f:192.168.34.13:37460], old=null
2019-10-18 19:57:41,546 [grpc-default-executor-0] INFO  impl.RaftServerImpl (ServerState.java:setLeader(256)) - 652c9eaa-759b-40b5-a420-e649d7d5dbbd@group-7B64E6E68F81: change Leader from d13c026a-6de7-468a-bcba-b5f9e5455386 to null at term 2 for updateCurrentTerm
2019-10-18 19:57:41,547 [grpc-default-executor-0] INFO  impl.RaftServerImpl (RaftServerImpl.java:setRole(184)) - 652c9eaa-759b-40b5-a420-e649d7d5dbbd@group-7B64E6E68F81: changes role from  FOLLOWER to FOLLOWER at term 2 for recognizeCandidate:595ac112-eff6-4e35-b572-d6b1c4893b0f
2019-10-18 19:57:41,548 [grpc-default-executor-0] INFO  impl.RoleInfo (RoleInfo.java:shutdownFollowerState(121)) - 652c9eaa-759b-40b5-a420-e649d7d5dbbd: shutdown FollowerState
2019-10-18 19:57:41,548 [grpc-default-executor-1] INFO  impl.RaftServerImpl (ServerState.java:setLeader(256)) - d13c026a-6de7-468a-bcba-b5f9e5455386@group-7B64E6E68F81: change Leader from d13c026a-6de7-468a-bcba-b5f9e5455386 to null at term 2 for updateCurrentTerm
2019-10-18 19:57:41,549 [grpc-default-executor-0] INFO  impl.RoleInfo (RoleInfo.java:updateAndGet(143)) - 652c9eaa-759b-40b5-a420-e649d7d5dbbd: start FollowerState
2019-10-18 19:57:41,549 [Thread-219] INFO  impl.FollowerState (FollowerState.java:run(117)) - 652c9eaa-759b-40b5-a420-e649d7d5dbbd@group-7B64E6E68F81-FollowerState was interrupted: java.lang.InterruptedException: sleep interrupted
2019-10-18 19:57:41,549 [grpc-default-executor-1] INFO  impl.RaftServerImpl (RaftServerImpl.java:setRole(184)) - d13c026a-6de7-468a-bcba-b5f9e5455386@group-7B64E6E68F81: changes role from    LEADER to FOLLOWER at term 2 for recognizeCandidate:595ac112-eff6-4e35-b572-d6b1c4893b0f
2019-10-18 19:57:41,550 [grpc-default-executor-1] INFO  impl.RoleInfo (RoleInfo.java:shutdownLeaderState(104)) - d13c026a-6de7-468a-bcba-b5f9e5455386: shutdown LeaderState
2019-10-18 19:57:41,552 [org.apache.ratis.server.impl.LogAppender$AppenderDaemon$$Lambda$429/1507123763@406290e2] WARN  server.GrpcLogAppender (GrpcLogAppender.java:mayWait(149)) - d13c026a-6de7-468a-bcba-b5f9e5455386@group-7B64E6E68F81->652c9eaa-759b-40b5-a420-e649d7d5dbbd-GrpcLogAppender: Wait interrupted by java.lang.InterruptedException
2019-10-18 19:57:41,553 [grpc-default-executor-1] INFO  impl.PendingRequests (PendingRequests.java:sendNotLeaderResponses(202)) - d13c026a-6de7-468a-bcba-b5f9e5455386@group-7B64E6E68F81-PendingRequests: sendNotLeaderResponses
2019-10-18 19:57:41,553 [org.apache.ratis.server.impl.LogAppender$AppenderDaemon$$Lambda$429/1507123763@337f6a6d] WARN  server.GrpcLogAppender (GrpcLogAppender.java:mayWait(149)) - d13c026a-6de7-468a-bcba-b5f9e5455386@group-7B64E6E68F81->595ac112-eff6-4e35-b572-d6b1c4893b0f-GrpcLogAppender: Wait interrupted by java.lang.InterruptedException
2019-10-18 19:57:41,556 [Thread-565] INFO  client.GrpcClientProtocolService (GrpcClientProtocolService.java:lambda$processClientRequest$0(278)) - Failed RaftClientRequest:client-B973F343C649->d13c026a-6de7-468a-bcba-b5f9e5455386@group-7B64E6E68F81, cid=10, seq=0, Watch-ALL_COMMITTED(6), Message:<EMPTY>, reply=RaftClientReply:client-B973F343C649->d13c026a-6de7-468a-bcba-b5f9e5455386@group-7B64E6E68F81, cid=10, FAILED org.apache.ratis.protocol.NotLeaderException: Server d13c026a-6de7-468a-bcba-b5f9e5455386@group-7B64E6E68F81 is not the leader, logIndex=0, commits[d13c026a-6de7-468a-bcba-b5f9e5455386:c10, 652c9eaa-759b-40b5-a420-e649d7d5dbbd:c10, 595ac112-eff6-4e35-b572-d6b1c4893b0f:c4]
2019-10-18 19:57:41,556 [grpc-default-executor-1] INFO  impl.RoleInfo (RoleInfo.java:updateAndGet(143)) - d13c026a-6de7-468a-bcba-b5f9e5455386: start FollowerState
2019-10-18 19:57:41,557 [grpc-default-executor-2] INFO  server.GrpcServerProtocolService (GrpcServerProtocolService.java:onCompleted(113)) - 652c9eaa-759b-40b5-a420-e649d7d5dbbd: Completed APPEND_ENTRIES, lastRequest: d13c026a-6de7-468a-bcba-b5f9e5455386->652c9eaa-759b-40b5-a420-e649d7d5dbbd#52-t1, previous=(t:1, i:10), leaderCommit=10, initializing? false, entries: <empty>
2019-10-18 19:57:41,556 [595ac112-eff6-4e35-b572-d6b1c4893b0f@group-E7C892FEB488-LeaderElection7] INFO  impl.LeaderElection (LeaderElection.java:askForVotes(178)) - 595ac112-eff6-4e35-b572-d6b1c4893b0f@group-E7C892FEB488-LeaderElection7: begin an election at term 2 for 0: [595ac112-eff6-4e35-b572-d6b1c4893b0f:192.168.34.13:37460], old=null
2019-10-18 19:57:41,556 [595ac112-eff6-4e35-b572-d6b1c4893b0f@group-7B64E6E68F81-LeaderElection6] INFO  impl.LeaderElection (LeaderElection.java:askForVotes(178)) - 595ac112-eff6-4e35-b572-d6b1c4893b0f@group-7B64E6E68F81-LeaderElection6: begin an election at term 3 for 0: [652c9eaa-759b-40b5-a420-e649d7d5dbbd:192.168.34.13:44469, d13c026a-6de7-468a-bcba-b5f9e5455386:192.168.34.13:41921, 595ac112-eff6-4e35-b572-d6b1c4893b0f:192.168.34.13:37460], old=null
2019-10-18 19:57:41,561 [595ac112-eff6-4e35-b572-d6b1c4893b0f@group-E7C892FEB488-LeaderElection7] INFO  impl.RoleInfo (RoleInfo.java:shutdownLeaderElection(134)) - 595ac112-eff6-4e35-b572-d6b1c4893b0f: shutdown LeaderElection
2019-10-18 19:57:41,561 [595ac112-eff6-4e35-b572-d6b1c4893b0f@group-E7C892FEB488-LeaderElection7] INFO  impl.RaftServerImpl (RaftServerImpl.java:setRole(184)) - 595ac112-eff6-4e35-b572-d6b1c4893b0f@group-E7C892FEB488: changes role from CANDIDATE to LEADER at term 2 for changeToLeader
2019-10-18 19:57:41,562 [595ac112-eff6-4e35-b572-d6b1c4893b0f@group-E7C892FEB488-LeaderElection7] INFO  impl.RaftServerImpl (ServerState.java:setLeader(256)) - 595ac112-eff6-4e35-b572-d6b1c4893b0f@group-E7C892FEB488: change Leader from null to 595ac112-eff6-4e35-b572-d6b1c4893b0f at term 2 for becomeLeader, leader elected after 2268ms
2019-10-18 19:57:41,563 [595ac112-eff6-4e35-b572-d6b1c4893b0f@group-E7C892FEB488-LeaderElection7] INFO  server.RaftServerConfigKeys (ConfUtils.java:logGet(43)) - raft.server.staging.catchup.gap = 1000 (default)
2019-10-18 19:57:41,563 [595ac112-eff6-4e35-b572-d6b1c4893b0f@group-E7C892FEB488-LeaderElection7] INFO  server.RaftServerConfigKeys (ConfUtils.java:logGet(43)) - raft.server.rpc.sleep.time = 25ms (default)
2019-10-18 19:57:41,563 [595ac112-eff6-4e35-b572-d6b1c4893b0f@group-E7C892FEB488-LeaderElection7] INFO  server.RaftServerConfigKeys (ConfUtils.java:logGet(43)) - raft.server.write.element-limit = 4096 (default)
2019-10-18 19:57:41,564 [grpc-default-executor-2] INFO  server.GrpcLogAppender (GrpcLogAppender.java:onCompleted(308)) - d13c026a-6de7-468a-bcba-b5f9e5455386@group-7B64E6E68F81->652c9eaa-759b-40b5-a420-e649d7d5dbbd-AppendLogResponseHandler: follower responses appendEntries COMPLETED
2019-10-18 19:57:41,564 [595ac112-eff6-4e35-b572-d6b1c4893b0f@group-E7C892FEB488-LeaderElection7] INFO  server.RaftServerConfigKeys (ConfUtils.java:logGet(43)) - raft.server.watch.timeout = 10s (default)
2019-10-18 19:57:41,565 [595ac112-eff6-4e35-b572-d6b1c4893b0f@group-E7C892FEB488-LeaderElection7] INFO  server.RaftServerConfigKeys (ConfUtils.java:logGet(43)) - raft.server.watch.timeout.denomination = 1s (default)
2019-10-18 19:57:41,568 [595ac112-eff6-4e35-b572-d6b1c4893b0f@group-E7C892FEB488-LeaderElection7] INFO  server.RaftServerConfigKeys (ConfUtils.java:logGet(43)) - raft.server.watch.element-limit = 65536 (default)
2019-10-18 19:57:41,569 [595ac112-eff6-4e35-b572-d6b1c4893b0f@group-E7C892FEB488-LeaderElection7] INFO  impl.RoleInfo (RoleInfo.java:updateAndGet(143)) - 595ac112-eff6-4e35-b572-d6b1c4893b0f: start LeaderState
2019-10-18 19:57:41,572 [595ac112-eff6-4e35-b572-d6b1c4893b0f@group-E7C892FEB488-LeaderElection7] INFO  segmented.SegmentedRaftLogWorker (SegmentedRaftLogWorker.java:rollLogSegment(390)) - 595ac112-eff6-4e35-b572-d6b1c4893b0f@group-E7C892FEB488-SegmentedRaftLogWorker: Rolling segment log-0_0 to index:0
2019-10-18 19:57:41,572 [grpc-default-executor-2] INFO  impl.FollowerInfo (FollowerInfo.java:lambda$new$0(51)) - d13c026a-6de7-468a-bcba-b5f9e5455386@group-7B64E6E68F81->652c9eaa-759b-40b5-a420-e649d7d5dbbd: nextIndex: updateUnconditionally 11 -> 10
2019-10-18 19:57:41,578 [grpc-default-executor-4] INFO  impl.RaftServerImpl (RaftServerImpl.java:setRole(184)) - d13c026a-6de7-468a-bcba-b5f9e5455386@group-7B64E6E68F81: changes role from  FOLLOWER to FOLLOWER at term 3 for recognizeCandidate:595ac112-eff6-4e35-b572-d6b1c4893b0f
2019-10-18 19:57:41,578 [grpc-default-executor-5] INFO  impl.RaftServerImpl (RaftServerImpl.java:setRole(184)) - 652c9eaa-759b-40b5-a420-e649d7d5dbbd@group-7B64E6E68F81: changes role from  FOLLOWER to FOLLOWER at term 3 for recognizeCandidate:595ac112-eff6-4e35-b572-d6b1c4893b0f
2019-10-18 19:57:41,579 [595ac112-eff6-4e35-b572-d6b1c4893b0f@group-E7C892FEB488-LeaderElection7] INFO  impl.RaftServerImpl (ServerState.java:setRaftConf(357)) - 595ac112-eff6-4e35-b572-d6b1c4893b0f@group-E7C892FEB488: set configuration 1: [595ac112-eff6-4e35-b572-d6b1c4893b0f:192.168.34.13:37460], old=null at 1
2019-10-18 19:57:41,579 [grpc-default-executor-4] INFO  impl.RoleInfo (RoleInfo.java:shutdownFollowerState(121)) - d13c026a-6de7-468a-bcba-b5f9e5455386: shutdown FollowerState
2019-10-18 19:57:41,579 [grpc-default-executor-5] INFO  impl.RoleInfo (RoleInfo.java:shutdownFollowerState(121)) - 652c9eaa-759b-40b5-a420-e649d7d5dbbd: shutdown FollowerState
2019-10-18 19:57:41,584 [Thread-566] INFO  impl.FollowerState (FollowerState.java:run(117)) - d13c026a-6de7-468a-bcba-b5f9e5455386@group-7B64E6E68F81-FollowerState was interrupted: java.lang.InterruptedException: sleep interrupted
2019-10-18 19:57:41,583 [595ac112-eff6-4e35-b572-d6b1c4893b0f@group-E7C892FEB488-SegmentedRaftLogWorker] INFO  segmented.SegmentedRaftLogWorker (SegmentedRaftLogWorker.java:execute(533)) - 595ac112-eff6-4e35-b572-d6b1c4893b0f@group-E7C892FEB488-SegmentedRaftLogWorker: Rolled log segment from /workdir/hadoop-ozone/integration-test/target/test-dir/MiniOzoneClusterImpl-7f30148d-aede-4745-be18-888c5c6e9681/datanode-2/data/ratis/b85a7801-3be7-403e-80b6-e7c892feb488/current/log_inprogress_0 to /workdir/hadoop-ozone/integration-test/target/test-dir/MiniOzoneClusterImpl-7f30148d-aede-4745-be18-888c5c6e9681/datanode-2/data/ratis/b85a7801-3be7-403e-80b6-e7c892feb488/current/log_0-0
2019-10-18 19:57:41,583 [grpc-default-executor-4] INFO  impl.RoleInfo (RoleInfo.java:updateAndGet(143)) - d13c026a-6de7-468a-bcba-b5f9e5455386: start FollowerState
2019-10-18 19:57:41,589 [grpc-default-executor-5] INFO  impl.RoleInfo (RoleInfo.java:updateAndGet(143)) - 652c9eaa-759b-40b5-a420-e649d7d5dbbd: start FollowerState
2019-10-18 19:57:41,585 [Thread-564] INFO  impl.FollowerState (FollowerState.java:run(117)) - 652c9eaa-759b-40b5-a420-e649d7d5dbbd@group-7B64E6E68F81-FollowerState was interrupted: java.lang.InterruptedException: sleep interrupted
2019-10-18 19:57:41,632 [595ac112-eff6-4e35-b572-d6b1c4893b0f@group-7B64E6E68F81-LeaderElection6] INFO  impl.LeaderElection (LeaderElection.java:logAndReturn(56)) - 595ac112-eff6-4e35-b572-d6b1c4893b0f@group-7B64E6E68F81-LeaderElection6: Election TIMEOUT; received 0 response(s) [] and 0 exception(s); 595ac112-eff6-4e35-b572-d6b1c4893b0f@group-7B64E6E68F81:t3, leader=null, voted=595ac112-eff6-4e35-b572-d6b1c4893b0f, raftlog=595ac112-eff6-4e35-b572-d6b1c4893b0f@group-7B64E6E68F81-SegmentedRaftLog:OPENED:c3,f4,i4, conf=0: [652c9eaa-759b-40b5-a420-e649d7d5dbbd:192.168.34.13:44469, d13c026a-6de7-468a-bcba-b5f9e5455386:192.168.34.13:41921, 595ac112-eff6-4e35-b572-d6b1c4893b0f:192.168.34.13:37460], old=null
2019-10-18 19:57:41,645 [595ac112-eff6-4e35-b572-d6b1c4893b0f@group-E7C892FEB488-SegmentedRaftLogWorker] INFO  segmented.SegmentedRaftLogWorker (SegmentedRaftLogWorker.java:execute(576)) - 595ac112-eff6-4e35-b572-d6b1c4893b0f@group-E7C892FEB488-SegmentedRaftLogWorker: created new log segment /workdir/hadoop-ozone/integration-test/target/test-dir/MiniOzoneClusterImpl-7f30148d-aede-4745-be18-888c5c6e9681/datanode-2/data/ratis/b85a7801-3be7-403e-80b6-e7c892feb488/current/log_inprogress_1
2019-10-18 19:57:41,645 [595ac112-eff6-4e35-b572-d6b1c4893b0f@group-7B64E6E68F81-LeaderElection6] INFO  impl.LeaderElection (LeaderElection.java:askForVotes(178)) - 595ac112-eff6-4e35-b572-d6b1c4893b0f@group-7B64E6E68F81-LeaderElection6: begin an election at term 4 for 0: [652c9eaa-759b-40b5-a420-e649d7d5dbbd:192.168.34.13:44469, d13c026a-6de7-468a-bcba-b5f9e5455386:192.168.34.13:41921, 595ac112-eff6-4e35-b572-d6b1c4893b0f:192.168.34.13:37460], old=null
2019-10-18 19:57:41,652 [grpc-default-executor-5] INFO  impl.RaftServerImpl (RaftServerImpl.java:setRole(184)) - 652c9eaa-759b-40b5-a420-e649d7d5dbbd@group-7B64E6E68F81: changes role from  FOLLOWER to FOLLOWER at term 4 for recognizeCandidate:595ac112-eff6-4e35-b572-d6b1c4893b0f
2019-10-18 19:57:41,652 [grpc-default-executor-5] INFO  impl.RoleInfo (RoleInfo.java:shutdownFollowerState(121)) - 652c9eaa-759b-40b5-a420-e649d7d5dbbd: shutdown FollowerState
2019-10-18 19:57:41,653 [Thread-572] INFO  impl.FollowerState (FollowerState.java:run(117)) - 652c9eaa-759b-40b5-a420-e649d7d5dbbd@group-7B64E6E68F81-FollowerState was interrupted: java.lang.InterruptedException: sleep interrupted
2019-10-18 19:57:41,654 [grpc-default-executor-4] INFO  impl.RaftServerImpl (RaftServerImpl.java:setRole(184)) - d13c026a-6de7-468a-bcba-b5f9e5455386@group-7B64E6E68F81: changes role from  FOLLOWER to FOLLOWER at term 4 for recognizeCandidate:595ac112-eff6-4e35-b572-d6b1c4893b0f
2019-10-18 19:57:41,655 [grpc-default-executor-4] INFO  impl.RoleInfo (RoleInfo.java:shutdownFollowerState(121)) - d13c026a-6de7-468a-bcba-b5f9e5455386: shutdown FollowerState
2019-10-18 19:57:41,653 [grpc-default-executor-5] INFO  impl.RoleInfo (RoleInfo.java:updateAndGet(143)) - 652c9eaa-759b-40b5-a420-e649d7d5dbbd: start FollowerState
2019-10-18 19:57:41,655 [Thread-571] INFO  impl.FollowerState (FollowerState.java:run(117)) - d13c026a-6de7-468a-bcba-b5f9e5455386@group-7B64E6E68F81-FollowerState was interrupted: java.lang.InterruptedException: sleep interrupted
2019-10-18 19:57:41,655 [grpc-default-executor-4] INFO  impl.RoleInfo (RoleInfo.java:updateAndGet(143)) - d13c026a-6de7-468a-bcba-b5f9e5455386: start FollowerState
2019-10-18 19:57:41,673 [595ac112-eff6-4e35-b572-d6b1c4893b0f@group-7B64E6E68F81-LeaderElection6] INFO  impl.LeaderElection (LeaderElection.java:logAndReturn(56)) - 595ac112-eff6-4e35-b572-d6b1c4893b0f@group-7B64E6E68F81-LeaderElection6: Election REJECTED; received 2 response(s) [595ac112-eff6-4e35-b572-d6b1c4893b0f<-652c9eaa-759b-40b5-a420-e649d7d5dbbd#0:FAIL-t4, 595ac112-eff6-4e35-b572-d6b1c4893b0f<-d13c026a-6de7-468a-bcba-b5f9e5455386#0:FAIL-t4] and 0 exception(s); 595ac112-eff6-4e35-b572-d6b1c4893b0f@group-7B64E6E68F81:t4, leader=null, voted=595ac112-eff6-4e35-b572-d6b1c4893b0f, raftlog=595ac112-eff6-4e35-b572-d6b1c4893b0f@group-7B64E6E68F81-SegmentedRaftLog:OPENED:c3,f4,i4, conf=0: [652c9eaa-759b-40b5-a420-e649d7d5dbbd:192.168.34.13:44469, d13c026a-6de7-468a-bcba-b5f9e5455386:192.168.34.13:41921, 595ac112-eff6-4e35-b572-d6b1c4893b0f:192.168.34.13:37460], old=null
2019-10-18 19:57:41,674 [595ac112-eff6-4e35-b572-d6b1c4893b0f@group-7B64E6E68F81-LeaderElection6] INFO  impl.RaftServerImpl (RaftServerImpl.java:setRole(184)) - 595ac112-eff6-4e35-b572-d6b1c4893b0f@group-7B64E6E68F81: changes role from CANDIDATE to FOLLOWER at term 4 for DISCOVERED_A_NEW_TERM
2019-10-18 19:57:41,674 [595ac112-eff6-4e35-b572-d6b1c4893b0f@group-7B64E6E68F81-LeaderElection6] INFO  impl.RoleInfo (RoleInfo.java:shutdownLeaderElection(134)) - 595ac112-eff6-4e35-b572-d6b1c4893b0f: shutdown LeaderElection
2019-10-18 19:57:41,675 [595ac112-eff6-4e35-b572-d6b1c4893b0f@group-7B64E6E68F81-LeaderElection6] INFO  impl.RoleInfo (RoleInfo.java:updateAndGet(143)) - 595ac112-eff6-4e35-b572-d6b1c4893b0f: start FollowerState
2019-10-18 19:57:41,693 [BlockDeletingService#2] WARN  background.BlockDeletingService (BlockDeletingService.java:isDeletionAllowed(187)) - Close Container log Index 6 is not replicated across allthe servers in the pipeline 11bb0cf2-26ce-4402-a950-7b64e6e68f81 as the min replicated index is 4. Deletion is not allowed in this container yet.
2019-10-18 19:57:41,693 [BlockDeletingService#2] WARN  background.BlockDeletingService (BlockDeletingService.java:isDeletionAllowed(187)) - Close Container log Index 6 is not replicated across allthe servers in the pipeline 11bb0cf2-26ce-4402-a950-7b64e6e68f81 as the min replicated index is 4. Deletion is not allowed in this container yet.
2019-10-18 19:57:41,860 [Thread-577] INFO  impl.FollowerState (FollowerState.java:run(108)) - 595ac112-eff6-4e35-b572-d6b1c4893b0f@group-7B64E6E68F81-FollowerState: change to CANDIDATE, lastRpcTime:185ms, electionTimeout:185ms
2019-10-18 19:57:41,860 [Thread-577] INFO  impl.RoleInfo (RoleInfo.java:shutdownFollowerState(121)) - 595ac112-eff6-4e35-b572-d6b1c4893b0f: shutdown FollowerState
2019-10-18 19:57:41,860 [Thread-577] INFO  impl.RaftServerImpl (RaftServerImpl.java:setRole(184)) - 595ac112-eff6-4e35-b572-d6b1c4893b0f@group-7B64E6E68F81: changes role from  FOLLOWER to CANDIDATE at term 4 for changeToCandidate
2019-10-18 19:57:41,861 [Thread-577] INFO  impl.RoleInfo (RoleInfo.java:updateAndGet(143)) - 595ac112-eff6-4e35-b572-d6b1c4893b0f: start LeaderElection
2019-10-18 19:57:41,896 [595ac112-eff6-4e35-b572-d6b1c4893b0f@group-7B64E6E68F81-LeaderElection8] INFO  impl.LeaderElection (LeaderElection.java:askForVotes(178)) - 595ac112-eff6-4e35-b572-d6b1c4893b0f@group-7B64E6E68F81-LeaderElection8: begin an election at term 5 for 0: [652c9eaa-759b-40b5-a420-e649d7d5dbbd:192.168.34.13:44469, d13c026a-6de7-468a-bcba-b5f9e5455386:192.168.34.13:41921, 595ac112-eff6-4e35-b572-d6b1c4893b0f:192.168.34.13:37460], old=null
2019-10-18 19:57:41,902 [grpc-default-executor-5] INFO  impl.RaftServerImpl (RaftServerImpl.java:setRole(184)) - d13c026a-6de7-468a-bcba-b5f9e5455386@group-7B64E6E68F81: changes role from  FOLLOWER to FOLLOWER at term 5 for recognizeCandidate:595ac112-eff6-4e35-b572-d6b1c4893b0f
2019-10-18 19:57:41,902 [grpc-default-executor-5] INFO  impl.RoleInfo (RoleInfo.java:shutdownFollowerState(121)) - d13c026a-6de7-468a-bcba-b5f9e5455386: shutdown FollowerState
2019-10-18 19:57:41,902 [grpc-default-executor-4] INFO  impl.RaftServerImpl (RaftServerImpl.java:setRole(184)) - 652c9eaa-759b-40b5-a420-e649d7d5dbbd@group-7B64E6E68F81: changes role from  FOLLOWER to FOLLOWER at term 5 for recognizeCandidate:595ac112-eff6-4e35-b572-d6b1c4893b0f
2019-10-18 19:57:41,902 [Thread-576] INFO  impl.FollowerState (FollowerState.java:run(117)) - d13c026a-6de7-468a-bcba-b5f9e5455386@group-7B64E6E68F81-FollowerState was interrupted: java.lang.InterruptedException: sleep interrupted
2019-10-18 19:57:41,902 [grpc-default-executor-5] INFO  impl.RoleInfo (RoleInfo.java:updateAndGet(143)) - d13c026a-6de7-468a-bcba-b5f9e5455386: start FollowerState
2019-10-18 19:57:41,902 [grpc-default-executor-4] INFO  impl.RoleInfo (RoleInfo.java:shutdownFollowerState(121)) - 652c9eaa-759b-40b5-a420-e649d7d5dbbd: shutdown FollowerState
2019-10-18 19:57:41,904 [Thread-575] INFO  impl.FollowerState (FollowerState.java:run(117)) - 652c9eaa-759b-40b5-a420-e649d7d5dbbd@group-7B64E6E68F81-FollowerState was interrupted: java.lang.InterruptedException: sleep interrupted
2019-10-18 19:57:41,904 [grpc-default-executor-4] INFO  impl.RoleInfo (RoleInfo.java:updateAndGet(143)) - 652c9eaa-759b-40b5-a420-e649d7d5dbbd: start FollowerState
2019-10-18 19:57:41,935 [595ac112-eff6-4e35-b572-d6b1c4893b0f@group-7B64E6E68F81-LeaderElection8] INFO  impl.LeaderElection (LeaderElection.java:logAndReturn(56)) - 595ac112-eff6-4e35-b572-d6b1c4893b0f@group-7B64E6E68F81-LeaderElection8: Election REJECTED; received 2 response(s) [595ac112-eff6-4e35-b572-d6b1c4893b0f<-652c9eaa-759b-40b5-a420-e649d7d5dbbd#0:FAIL-t5, 595ac112-eff6-4e35-b572-d6b1c4893b0f<-d13c026a-6de7-468a-bcba-b5f9e5455386#0:FAIL-t5] and 0 exception(s); 595ac112-eff6-4e35-b572-d6b1c4893b0f@group-7B64E6E68F81:t5, leader=null, voted=595ac112-eff6-4e35-b572-d6b1c4893b0f, raftlog=595ac112-eff6-4e35-b572-d6b1c4893b0f@group-7B64E6E68F81-SegmentedRaftLog:OPENED:c3,f4,i4, conf=0: [652c9eaa-759b-40b5-a420-e649d7d5dbbd:192.168.34.13:44469, d13c026a-6de7-468a-bcba-b5f9e5455386:192.168.34.13:41921, 595ac112-eff6-4e35-b572-d6b1c4893b0f:192.168.34.13:37460], old=null
2019-10-18 19:57:41,935 [595ac112-eff6-4e35-b572-d6b1c4893b0f@group-7B64E6E68F81-LeaderElection8] INFO  impl.RaftServerImpl (RaftServerImpl.java:setRole(184)) - 595ac112-eff6-4e35-b572-d6b1c4893b0f@group-7B64E6E68F81: changes role from CANDIDATE to FOLLOWER at term 5 for DISCOVERED_A_NEW_TERM
2019-10-18 19:57:41,936 [595ac112-eff6-4e35-b572-d6b1c4893b0f@group-7B64E6E68F81-LeaderElection8] INFO  impl.RoleInfo (RoleInfo.java:shutdownLeaderElection(134)) - 595ac112-eff6-4e35-b572-d6b1c4893b0f: shutdown LeaderElection
2019-10-18 19:57:41,936 [595ac112-eff6-4e35-b572-d6b1c4893b0f@group-7B64E6E68F81-LeaderElection8] INFO  impl.RoleInfo (RoleInfo.java:updateAndGet(143)) - 595ac112-eff6-4e35-b572-d6b1c4893b0f: start FollowerState
2019-10-18 19:57:41,999 [Thread-585] INFO  impl.FollowerState (FollowerState.java:run(108)) - 595ac112-eff6-4e35-b572-d6b1c4893b0f@group-7B64E6E68F81-FollowerState: change to CANDIDATE, lastRpcTime:62ms, electionTimeout:61ms
2019-10-18 19:57:42,000 [Thread-585] INFO  impl.RoleInfo (RoleInfo.java:shutdownFollowerState(121)) - 595ac112-eff6-4e35-b572-d6b1c4893b0f: shutdown FollowerState
2019-10-18 19:57:42,000 [Thread-585] INFO  impl.RaftServerImpl (RaftServerImpl.java:setRole(184)) - 595ac112-eff6-4e35-b572-d6b1c4893b0f@group-7B64E6E68F81: changes role from  FOLLOWER to CANDIDATE at term 5 for changeToCandidate
2019-10-18 19:57:42,000 [Thread-585] INFO  impl.RoleInfo (RoleInfo.java:updateAndGet(143)) - 595ac112-eff6-4e35-b572-d6b1c4893b0f: start LeaderElection
2019-10-18 19:57:42,022 [595ac112-eff6-4e35-b572-d6b1c4893b0f@group-7B64E6E68F81-LeaderElection9] INFO  impl.LeaderElection (LeaderElection.java:askForVotes(178)) - 595ac112-eff6-4e35-b572-d6b1c4893b0f@group-7B64E6E68F81-LeaderElection9: begin an election at term 6 for 0: [652c9eaa-759b-40b5-a420-e649d7d5dbbd:192.168.34.13:44469, d13c026a-6de7-468a-bcba-b5f9e5455386:192.168.34.13:41921, 595ac112-eff6-4e35-b572-d6b1c4893b0f:192.168.34.13:37460], old=null
2019-10-18 19:57:42,028 [grpc-default-executor-4] INFO  impl.RaftServerImpl (RaftServerImpl.java:setRole(184)) - 652c9eaa-759b-40b5-a420-e649d7d5dbbd@group-7B64E6E68F81: changes role from  FOLLOWER to FOLLOWER at term 6 for recognizeCandidate:595ac112-eff6-4e35-b572-d6b1c4893b0f
2019-10-18 19:57:42,028 [grpc-default-executor-5] INFO  impl.RaftServerImpl (RaftServerImpl.java:setRole(184)) - d13c026a-6de7-468a-bcba-b5f9e5455386@group-7B64E6E68F81: changes role from  FOLLOWER to FOLLOWER at term 6 for recognizeCandidate:595ac112-eff6-4e35-b572-d6b1c4893b0f
2019-10-18 19:57:42,028 [grpc-default-executor-4] INFO  impl.RoleInfo (RoleInfo.java:shutdownFollowerState(121)) - 652c9eaa-759b-40b5-a420-e649d7d5dbbd: shutdown FollowerState
2019-10-18 19:57:42,028 [grpc-default-executor-5] INFO  impl.RoleInfo (RoleInfo.java:shutdownFollowerState(121)) - d13c026a-6de7-468a-bcba-b5f9e5455386: shutdown FollowerState
2019-10-18 19:57:42,028 [grpc-default-executor-4] INFO  impl.RoleInfo (RoleInfo.java:updateAndGet(143)) - 652c9eaa-759b-40b5-a420-e649d7d5dbbd: start FollowerState
2019-10-18 19:57:42,028 [Thread-584] INFO  impl.FollowerState (FollowerState.java:run(117)) - 652c9eaa-759b-40b5-a420-e649d7d5dbbd@group-7B64E6E68F81-FollowerState was interrupted: java.lang.InterruptedException: sleep interrupted
2019-10-18 19:57:42,028 [grpc-default-executor-5] INFO  impl.RoleInfo (RoleInfo.java:updateAndGet(143)) - d13c026a-6de7-468a-bcba-b5f9e5455386: start FollowerState
2019-10-18 19:57:42,028 [Thread-583] INFO  impl.FollowerState (FollowerState.java:run(117)) - d13c026a-6de7-468a-bcba-b5f9e5455386@group-7B64E6E68F81-FollowerState was interrupted: java.lang.InterruptedException: sleep interrupted
2019-10-18 19:57:42,063 [595ac112-eff6-4e35-b572-d6b1c4893b0f@group-7B64E6E68F81-LeaderElection9] INFO  impl.LeaderElection (LeaderElection.java:logAndReturn(56)) - 595ac112-eff6-4e35-b572-d6b1c4893b0f@group-7B64E6E68F81-LeaderElection9: Election REJECTED; received 2 response(s) [595ac112-eff6-4e35-b572-d6b1c4893b0f<-652c9eaa-759b-40b5-a420-e649d7d5dbbd#0:FAIL-t6, 595ac112-eff6-4e35-b572-d6b1c4893b0f<-d13c026a-6de7-468a-bcba-b5f9e5455386#0:FAIL-t6] and 0 exception(s); 595ac112-eff6-4e35-b572-d6b1c4893b0f@group-7B64E6E68F81:t6, leader=null, voted=595ac112-eff6-4e35-b572-d6b1c4893b0f, raftlog=595ac112-eff6-4e35-b572-d6b1c4893b0f@group-7B64E6E68F81-SegmentedRaftLog:OPENED:c3,f4,i4, conf=0: [652c9eaa-759b-40b5-a420-e649d7d5dbbd:192.168.34.13:44469, d13c026a-6de7-468a-bcba-b5f9e5455386:192.168.34.13:41921, 595ac112-eff6-4e35-b572-d6b1c4893b0f:192.168.34.13:37460], old=null
2019-10-18 19:57:42,064 [595ac112-eff6-4e35-b572-d6b1c4893b0f@group-7B64E6E68F81-LeaderElection9] INFO  impl.RaftServerImpl (RaftServerImpl.java:setRole(184)) - 595ac112-eff6-4e35-b572-d6b1c4893b0f@group-7B64E6E68F81: changes role from CANDIDATE to FOLLOWER at term 6 for DISCOVERED_A_NEW_TERM
2019-10-18 19:57:42,065 [595ac112-eff6-4e35-b572-d6b1c4893b0f@group-7B64E6E68F81-LeaderElection9] INFO  impl.RoleInfo (RoleInfo.java:shutdownLeaderElection(134)) - 595ac112-eff6-4e35-b572-d6b1c4893b0f: shutdown LeaderElection
2019-10-18 19:57:42,065 [595ac112-eff6-4e35-b572-d6b1c4893b0f@group-7B64E6E68F81-LeaderElection9] INFO  impl.RoleInfo (RoleInfo.java:updateAndGet(143)) - 595ac112-eff6-4e35-b572-d6b1c4893b0f: start FollowerState
2019-10-18 19:57:42,137 [Thread-591] INFO  impl.FollowerState (FollowerState.java:run(108)) - 595ac112-eff6-4e35-b572-d6b1c4893b0f@group-7B64E6E68F81-FollowerState: change to CANDIDATE, lastRpcTime:72ms, electionTimeout:71ms
2019-10-18 19:57:42,139 [Thread-591] INFO  impl.RoleInfo (RoleInfo.java:shutdownFollowerState(121)) - 595ac112-eff6-4e35-b572-d6b1c4893b0f: shutdown FollowerState
2019-10-18 19:57:42,139 [Thread-591] INFO  impl.RaftServerImpl (RaftServerImpl.java:setRole(184)) - 595ac112-eff6-4e35-b572-d6b1c4893b0f@group-7B64E6E68F81: changes role from  FOLLOWER to CANDIDATE at term 6 for changeToCandidate
2019-10-18 19:57:42,139 [Thread-591] INFO  impl.RoleInfo (RoleInfo.java:updateAndGet(143)) - 595ac112-eff6-4e35-b572-d6b1c4893b0f: start LeaderElection
2019-10-18 19:57:42,175 [595ac112-eff6-4e35-b572-d6b1c4893b0f@group-7B64E6E68F81-LeaderElection10] INFO  impl.LeaderElection (LeaderElection.java:askForVotes(178)) - 595ac112-eff6-4e35-b572-d6b1c4893b0f@group-7B64E6E68F81-LeaderElection10: begin an election at term 7 for 0: [652c9eaa-759b-40b5-a420-e649d7d5dbbd:192.168.34.13:44469, d13c026a-6de7-468a-bcba-b5f9e5455386:192.168.34.13:41921, 595ac112-eff6-4e35-b572-d6b1c4893b0f:192.168.34.13:37460], old=null
2019-10-18 19:57:42,181 [grpc-default-executor-4] INFO  impl.RaftServerImpl (RaftServerImpl.java:setRole(184)) - 652c9eaa-759b-40b5-a420-e649d7d5dbbd@group-7B64E6E68F81: changes role from  FOLLOWER to FOLLOWER at term 7 for recognizeCandidate:595ac112-eff6-4e35-b572-d6b1c4893b0f
2019-10-18 19:57:42,181 [grpc-default-executor-5] INFO  impl.RaftServerImpl (RaftServerImpl.java:setRole(184)) - d13c026a-6de7-468a-bcba-b5f9e5455386@group-7B64E6E68F81: changes role from  FOLLOWER to FOLLOWER at term 7 for recognizeCandidate:595ac112-eff6-4e35-b572-d6b1c4893b0f
2019-10-18 19:57:42,181 [grpc-default-executor-4] INFO  impl.RoleInfo (RoleInfo.java:shutdownFollowerState(121)) - 652c9eaa-759b-40b5-a420-e649d7d5dbbd: shutdown FollowerState
2019-10-18 19:57:42,181 [grpc-default-executor-5] INFO  impl.RoleInfo (RoleInfo.java:shutdownFollowerState(121)) - d13c026a-6de7-468a-bcba-b5f9e5455386: shutdown FollowerState
2019-10-18 19:57:42,182 [grpc-default-executor-4] INFO  impl.RoleInfo (RoleInfo.java:updateAndGet(143)) - 652c9eaa-759b-40b5-a420-e649d7d5dbbd: start FollowerState
2019-10-18 19:57:42,182 [Thread-589] INFO  impl.FollowerState (FollowerState.java:run(117)) - 652c9eaa-759b-40b5-a420-e649d7d5dbbd@group-7B64E6E68F81-FollowerState was interrupted: java.lang.InterruptedException: sleep interrupted
2019-10-18 19:57:42,182 [Thread-590] INFO  impl.FollowerState (FollowerState.java:run(117)) - d13c026a-6de7-468a-bcba-b5f9e5455386@group-7B64E6E68F81-FollowerState was interrupted: java.lang.InterruptedException: sleep interrupted
2019-10-18 19:57:42,182 [grpc-default-executor-5] INFO  impl.RoleInfo (RoleInfo.java:updateAndGet(143)) - d13c026a-6de7-468a-bcba-b5f9e5455386: start FollowerState
2019-10-18 19:57:42,203 [595ac112-eff6-4e35-b572-d6b1c4893b0f@group-7B64E6E68F81-LeaderElection10] INFO  impl.LeaderElection (LeaderElection.java:logAndReturn(56)) - 595ac112-eff6-4e35-b572-d6b1c4893b0f@group-7B64E6E68F81-LeaderElection10: Election REJECTED; received 2 response(s) [595ac112-eff6-4e35-b572-d6b1c4893b0f<-652c9eaa-759b-40b5-a420-e649d7d5dbbd#0:FAIL-t7, 595ac112-eff6-4e35-b572-d6b1c4893b0f<-d13c026a-6de7-468a-bcba-b5f9e5455386#0:FAIL-t7] and 0 exception(s); 595ac112-eff6-4e35-b572-d6b1c4893b0f@group-7B64E6E68F81:t7, leader=null, voted=595ac112-eff6-4e35-b572-d6b1c4893b0f, raftlog=595ac112-eff6-4e35-b572-d6b1c4893b0f@group-7B64E6E68F81-SegmentedRaftLog:OPENED:c3,f4,i4, conf=0: [652c9eaa-759b-40b5-a420-e649d7d5dbbd:192.168.34.13:44469, d13c026a-6de7-468a-bcba-b5f9e5455386:192.168.34.13:41921, 595ac112-eff6-4e35-b572-d6b1c4893b0f:192.168.34.13:37460], old=null
2019-10-18 19:57:42,203 [595ac112-eff6-4e35-b572-d6b1c4893b0f@group-7B64E6E68F81-LeaderElection10] INFO  impl.RaftServerImpl (RaftServerImpl.java:setRole(184)) - 595ac112-eff6-4e35-b572-d6b1c4893b0f@group-7B64E6E68F81: changes role from CANDIDATE to FOLLOWER at term 7 for DISCOVERED_A_NEW_TERM
2019-10-18 19:57:42,205 [595ac112-eff6-4e35-b572-d6b1c4893b0f@group-7B64E6E68F81-LeaderElection10] INFO  impl.RoleInfo (RoleInfo.java:shutdownLeaderElection(134)) - 595ac112-eff6-4e35-b572-d6b1c4893b0f: shutdown LeaderElection
2019-10-18 19:57:42,206 [595ac112-eff6-4e35-b572-d6b1c4893b0f@group-7B64E6E68F81-LeaderElection10] INFO  impl.RoleInfo (RoleInfo.java:updateAndGet(143)) - 595ac112-eff6-4e35-b572-d6b1c4893b0f: start FollowerState
2019-10-18 19:57:42,264 [pool-7-thread-1] INFO  commands.RetriableDatanodeEventWatcher (RetriableDatanodeEventWatcher.java:onTimeout(47)) - RetriableDatanodeCommand type=deleteBlocksCommand with id=1571428658263 timed out. Retrying.
2019-10-18 19:57:42,268 [pool-7-thread-1] INFO  commands.RetriableDatanodeEventWatcher (RetriableDatanodeEventWatcher.java:onTimeout(47)) - RetriableDatanodeCommand type=deleteBlocksCommand with id=1571428658264 timed out. Retrying.
2019-10-18 19:57:42,269 [pool-7-thread-1] INFO  commands.RetriableDatanodeEventWatcher (RetriableDatanodeEventWatcher.java:onTimeout(47)) - RetriableDatanodeCommand type=deleteBlocksCommand with id=1571428658265 timed out. Retrying.
2019-10-18 19:57:42,270 [pool-7-thread-2] INFO  commands.RetriableDatanodeEventWatcher (RetriableDatanodeEventWatcher.java:onTimeout(47)) - RetriableDatanodeCommand type=deleteBlocksCommand with id=1571428658262 timed out. Retrying.
2019-10-18 19:57:42,272 [SCMBlockDeletingService#1] INFO  block.SCMBlockDeletingService (SCMBlockDeletingService.java:call(184)) - Totally added 1 delete blocks command for 1 datanodes, task elapsed time: 1ms
2019-10-18 19:57:42,367 [Thread-597] INFO  impl.FollowerState (FollowerState.java:run(108)) - 595ac112-eff6-4e35-b572-d6b1c4893b0f@group-7B64E6E68F81-FollowerState: change to CANDIDATE, lastRpcTime:161ms, electionTimeout:160ms
2019-10-18 19:57:42,368 [Thread-597] INFO  impl.RoleInfo (RoleInfo.java:shutdownFollowerState(121)) - 595ac112-eff6-4e35-b572-d6b1c4893b0f: shutdown FollowerState
2019-10-18 19:57:42,368 [Thread-597] INFO  impl.RaftServerImpl (RaftServerImpl.java:setRole(184)) - 595ac112-eff6-4e35-b572-d6b1c4893b0f@group-7B64E6E68F81: changes role from  FOLLOWER to CANDIDATE at term 7 for changeToCandidate
2019-10-18 19:57:42,368 [Thread-597] INFO  impl.RoleInfo (RoleInfo.java:updateAndGet(143)) - 595ac112-eff6-4e35-b572-d6b1c4893b0f: start LeaderElection
2019-10-18 19:57:42,394 [595ac112-eff6-4e35-b572-d6b1c4893b0f@group-7B64E6E68F81-LeaderElection11] INFO  impl.LeaderElection (LeaderElection.java:askForVotes(178)) - 595ac112-eff6-4e35-b572-d6b1c4893b0f@group-7B64E6E68F81-LeaderElection11: begin an election at term 8 for 0: [652c9eaa-759b-40b5-a420-e649d7d5dbbd:192.168.34.13:44469, d13c026a-6de7-468a-bcba-b5f9e5455386:192.168.34.13:41921, 595ac112-eff6-4e35-b572-d6b1c4893b0f:192.168.34.13:37460], old=null
2019-10-18 19:57:42,399 [grpc-default-executor-5] INFO  impl.RaftServerImpl (RaftServerImpl.java:setRole(184)) - 652c9eaa-759b-40b5-a420-e649d7d5dbbd@group-7B64E6E68F81: changes role from  FOLLOWER to FOLLOWER at term 8 for recognizeCandidate:595ac112-eff6-4e35-b572-d6b1c4893b0f
2019-10-18 19:57:42,399 [grpc-default-executor-4] INFO  impl.RaftServerImpl (RaftServerImpl.java:setRole(184)) - d13c026a-6de7-468a-bcba-b5f9e5455386@group-7B64E6E68F81: changes role from  FOLLOWER to FOLLOWER at term 8 for recognizeCandidate:595ac112-eff6-4e35-b572-d6b1c4893b0f
2019-10-18 19:57:42,400 [grpc-default-executor-5] INFO  impl.RoleInfo (RoleInfo.java:shutdownFollowerState(121)) - 652c9eaa-759b-40b5-a420-e649d7d5dbbd: shutdown FollowerState
2019-10-18 19:57:42,400 [grpc-default-executor-4] INFO  impl.RoleInfo (RoleInfo.java:shutdownFollowerState(121)) - d13c026a-6de7-468a-bcba-b5f9e5455386: shutdown FollowerState
2019-10-18 19:57:42,400 [grpc-default-executor-5] INFO  impl.RoleInfo (RoleInfo.java:updateAndGet(143)) - 652c9eaa-759b-40b5-a420-e649d7d5dbbd: start FollowerState
2019-10-18 19:57:42,400 [Thread-596] INFO  impl.FollowerState (FollowerState.java:run(117)) - d13c026a-6de7-468a-bcba-b5f9e5455386@group-7B64E6E68F81-FollowerState was interrupted: java.lang.InterruptedException: sleep interrupted
2019-10-18 19:57:42,400 [Thread-595] INFO  impl.FollowerState (FollowerState.java:run(117)) - 652c9eaa-759b-40b5-a420-e649d7d5dbbd@group-7B64E6E68F81-FollowerState was interrupted: java.lang.InterruptedException: sleep interrupted
2019-10-18 19:57:42,400 [grpc-default-executor-4] INFO  impl.RoleInfo (RoleInfo.java:updateAndGet(143)) - d13c026a-6de7-468a-bcba-b5f9e5455386: start FollowerState
2019-10-18 19:57:42,428 [595ac112-eff6-4e35-b572-d6b1c4893b0f@group-7B64E6E68F81-LeaderElection11] INFO  impl.LeaderElection (LeaderElection.java:logAndReturn(56)) - 595ac112-eff6-4e35-b572-d6b1c4893b0f@group-7B64E6E68F81-LeaderElection11: Election REJECTED; received 2 response(s) [595ac112-eff6-4e35-b572-d6b1c4893b0f<-652c9eaa-759b-40b5-a420-e649d7d5dbbd#0:FAIL-t8, 595ac112-eff6-4e35-b572-d6b1c4893b0f<-d13c026a-6de7-468a-bcba-b5f9e5455386#0:FAIL-t8] and 0 exception(s); 595ac112-eff6-4e35-b572-d6b1c4893b0f@group-7B64E6E68F81:t8, leader=null, voted=595ac112-eff6-4e35-b572-d6b1c4893b0f, raftlog=595ac112-eff6-4e35-b572-d6b1c4893b0f@group-7B64E6E68F81-SegmentedRaftLog:OPENED:c3,f4,i4, conf=0: [652c9eaa-759b-40b5-a420-e649d7d5dbbd:192.168.34.13:44469, d13c026a-6de7-468a-bcba-b5f9e5455386:192.168.34.13:41921, 595ac112-eff6-4e35-b572-d6b1c4893b0f:192.168.34.13:37460], old=null
2019-10-18 19:57:42,428 [595ac112-eff6-4e35-b572-d6b1c4893b0f@group-7B64E6E68F81-LeaderElection11] INFO  impl.RaftServerImpl (RaftServerImpl.java:setRole(184)) - 595ac112-eff6-4e35-b572-d6b1c4893b0f@group-7B64E6E68F81: changes role from CANDIDATE to FOLLOWER at term 8 for DISCOVERED_A_NEW_TERM
2019-10-18 19:57:42,430 [595ac112-eff6-4e35-b572-d6b1c4893b0f@group-7B64E6E68F81-LeaderElection11] INFO  impl.RoleInfo (RoleInfo.java:shutdownLeaderElection(134)) - 595ac112-eff6-4e35-b572-d6b1c4893b0f: shutdown LeaderElection
2019-10-18 19:57:42,430 [595ac112-eff6-4e35-b572-d6b1c4893b0f@group-7B64E6E68F81-LeaderElection11] INFO  impl.RoleInfo (RoleInfo.java:updateAndGet(143)) - 595ac112-eff6-4e35-b572-d6b1c4893b0f: start FollowerState
2019-10-18 19:57:42,438 [Thread-604] INFO  impl.FollowerState (FollowerState.java:run(108)) - 595ac112-eff6-4e35-b572-d6b1c4893b0f@group-7B64E6E68F81-FollowerState: change to CANDIDATE, lastRpcTime:8ms, electionTimeout:7ms
2019-10-18 19:57:42,439 [Thread-604] INFO  impl.RoleInfo (RoleInfo.java:shutdownFollowerState(121)) - 595ac112-eff6-4e35-b572-d6b1c4893b0f: shutdown FollowerState
2019-10-18 19:57:42,439 [Thread-604] INFO  impl.RaftServerImpl (RaftServerImpl.java:setRole(184)) - 595ac112-eff6-4e35-b572-d6b1c4893b0f@group-7B64E6E68F81: changes role from  FOLLOWER to CANDIDATE at term 8 for changeToCandidate
2019-10-18 19:57:42,439 [Thread-604] INFO  impl.RoleInfo (RoleInfo.java:updateAndGet(143)) - 595ac112-eff6-4e35-b572-d6b1c4893b0f: start LeaderElection
2019-10-18 19:57:42,464 [595ac112-eff6-4e35-b572-d6b1c4893b0f@group-7B64E6E68F81-LeaderElection12] INFO  impl.LeaderElection (LeaderElection.java:askForVotes(178)) - 595ac112-eff6-4e35-b572-d6b1c4893b0f@group-7B64E6E68F81-LeaderElection12: begin an election at term 9 for 0: [652c9eaa-759b-40b5-a420-e649d7d5dbbd:192.168.34.13:44469, d13c026a-6de7-468a-bcba-b5f9e5455386:192.168.34.13:41921, 595ac112-eff6-4e35-b572-d6b1c4893b0f:192.168.34.13:37460], old=null
2019-10-18 19:57:42,468 [grpc-default-executor-5] INFO  impl.RaftServerImpl (RaftServerImpl.java:setRole(184)) - d13c026a-6de7-468a-bcba-b5f9e5455386@group-7B64E6E68F81: changes role from  FOLLOWER to FOLLOWER at term 9 for recognizeCandidate:595ac112-eff6-4e35-b572-d6b1c4893b0f
2019-10-18 19:57:42,468 [grpc-default-executor-4] INFO  impl.RaftServerImpl (RaftServerImpl.java:setRole(184)) - 652c9eaa-759b-40b5-a420-e649d7d5dbbd@group-7B64E6E68F81: changes role from  FOLLOWER to FOLLOWER at term 9 for recognizeCandidate:595ac112-eff6-4e35-b572-d6b1c4893b0f
2019-10-18 19:57:42,468 [grpc-default-executor-5] INFO  impl.RoleInfo (RoleInfo.java:shutdownFollowerState(121)) - d13c026a-6de7-468a-bcba-b5f9e5455386: shutdown FollowerState
2019-10-18 19:57:42,469 [grpc-default-executor-4] INFO  impl.RoleInfo (RoleInfo.java:shutdownFollowerState(121)) - 652c9eaa-759b-40b5-a420-e649d7d5dbbd: shutdown FollowerState
2019-10-18 19:57:42,469 [grpc-default-executor-5] INFO  impl.RoleInfo (RoleInfo.java:updateAndGet(143)) - d13c026a-6de7-468a-bcba-b5f9e5455386: start FollowerState
2019-10-18 19:57:42,469 [Thread-603] INFO  impl.FollowerState (FollowerState.java:run(117)) - d13c026a-6de7-468a-bcba-b5f9e5455386@group-7B64E6E68F81-FollowerState was interrupted: java.lang.InterruptedException: sleep interrupted
2019-10-18 19:57:42,469 [Thread-602] INFO  impl.FollowerState (FollowerState.java:run(117)) - 652c9eaa-759b-40b5-a420-e649d7d5dbbd@group-7B64E6E68F81-FollowerState was interrupted: java.lang.InterruptedException: sleep interrupted
2019-10-18 19:57:42,469 [grpc-default-executor-4] INFO  impl.RoleInfo (RoleInfo.java:updateAndGet(143)) - 652c9eaa-759b-40b5-a420-e649d7d5dbbd: start FollowerState
2019-10-18 19:57:42,498 [595ac112-eff6-4e35-b572-d6b1c4893b0f@group-7B64E6E68F81-LeaderElection12] INFO  impl.LeaderElection (LeaderElection.java:logAndReturn(56)) - 595ac112-eff6-4e35-b572-d6b1c4893b0f@group-7B64E6E68F81-LeaderElection12: Election REJECTED; received 2 response(s) [595ac112-eff6-4e35-b572-d6b1c4893b0f<-652c9eaa-759b-40b5-a420-e649d7d5dbbd#0:FAIL-t9, 595ac112-eff6-4e35-b572-d6b1c4893b0f<-d13c026a-6de7-468a-bcba-b5f9e5455386#0:FAIL-t9] and 0 exception(s); 595ac112-eff6-4e35-b572-d6b1c4893b0f@group-7B64E6E68F81:t9, leader=null, voted=595ac112-eff6-4e35-b572-d6b1c4893b0f, raftlog=595ac112-eff6-4e35-b572-d6b1c4893b0f@group-7B64E6E68F81-SegmentedRaftLog:OPENED:c3,f4,i4, conf=0: [652c9eaa-759b-40b5-a420-e649d7d5dbbd:192.168.34.13:44469, d13c026a-6de7-468a-bcba-b5f9e5455386:192.168.34.13:41921, 595ac112-eff6-4e35-b572-d6b1c4893b0f:192.168.34.13:37460], old=null
2019-10-18 19:57:42,498 [595ac112-eff6-4e35-b572-d6b1c4893b0f@group-7B64E6E68F81-LeaderElection12] INFO  impl.RaftServerImpl (RaftServerImpl.java:setRole(184)) - 595ac112-eff6-4e35-b572-d6b1c4893b0f@group-7B64E6E68F81: changes role from CANDIDATE to FOLLOWER at term 9 for DISCOVERED_A_NEW_TERM
2019-10-18 19:57:42,499 [595ac112-eff6-4e35-b572-d6b1c4893b0f@group-7B64E6E68F81-LeaderElection12] INFO  impl.RoleInfo (RoleInfo.java:shutdownLeaderElection(134)) - 595ac112-eff6-4e35-b572-d6b1c4893b0f: shutdown LeaderElection
2019-10-18 19:57:42,500 [595ac112-eff6-4e35-b572-d6b1c4893b0f@group-7B64E6E68F81-LeaderElection12] INFO  impl.RoleInfo (RoleInfo.java:updateAndGet(143)) - 595ac112-eff6-4e35-b572-d6b1c4893b0f: start FollowerState
2019-10-18 19:57:42,534 [Thread-610] INFO  impl.FollowerState (FollowerState.java:run(108)) - 595ac112-eff6-4e35-b572-d6b1c4893b0f@group-7B64E6E68F81-FollowerState: change to CANDIDATE, lastRpcTime:34ms, electionTimeout:33ms
2019-10-18 19:57:42,535 [Thread-610] INFO  impl.RoleInfo (RoleInfo.java:shutdownFollowerState(121)) - 595ac112-eff6-4e35-b572-d6b1c4893b0f: shutdown FollowerState
2019-10-18 19:57:42,535 [Thread-610] INFO  impl.RaftServerImpl (RaftServerImpl.java:setRole(184)) - 595ac112-eff6-4e35-b572-d6b1c4893b0f@group-7B64E6E68F81: changes role from  FOLLOWER to CANDIDATE at term 9 for changeToCandidate
2019-10-18 19:57:42,535 [Thread-610] INFO  impl.RoleInfo (RoleInfo.java:updateAndGet(143)) - 595ac112-eff6-4e35-b572-d6b1c4893b0f: start LeaderElection
2019-10-18 19:57:42,560 [595ac112-eff6-4e35-b572-d6b1c4893b0f@group-7B64E6E68F81-LeaderElection13] INFO  impl.LeaderElection (LeaderElection.java:askForVotes(178)) - 595ac112-eff6-4e35-b572-d6b1c4893b0f@group-7B64E6E68F81-LeaderElection13: begin an election at term 10 for 0: [652c9eaa-759b-40b5-a420-e649d7d5dbbd:192.168.34.13:44469, d13c026a-6de7-468a-bcba-b5f9e5455386:192.168.34.13:41921, 595ac112-eff6-4e35-b572-d6b1c4893b0f:192.168.34.13:37460], old=null
2019-10-18 19:57:42,563 [grpc-default-executor-5] INFO  impl.RaftServerImpl (RaftServerImpl.java:setRole(184)) - d13c026a-6de7-468a-bcba-b5f9e5455386@group-7B64E6E68F81: changes role from  FOLLOWER to FOLLOWER at term 10 for recognizeCandidate:595ac112-eff6-4e35-b572-d6b1c4893b0f
2019-10-18 19:57:42,565 [grpc-default-executor-5] INFO  impl.RoleInfo (RoleInfo.java:shutdownFollowerState(121)) - d13c026a-6de7-468a-bcba-b5f9e5455386: shutdown FollowerState
2019-10-18 19:57:42,565 [grpc-default-executor-4] INFO  impl.RaftServerImpl (RaftServerImpl.java:setRole(184)) - 652c9eaa-759b-40b5-a420-e649d7d5dbbd@group-7B64E6E68F81: changes role from  FOLLOWER to FOLLOWER at term 10 for recognizeCandidate:595ac112-eff6-4e35-b572-d6b1c4893b0f
2019-10-18 19:57:42,565 [grpc-default-executor-5] INFO  impl.RoleInfo (RoleInfo.java:updateAndGet(143)) - d13c026a-6de7-468a-bcba-b5f9e5455386: start FollowerState
2019-10-18 19:57:42,565 [grpc-default-executor-4] INFO  impl.RoleInfo (RoleInfo.java:shutdownFollowerState(121)) - 652c9eaa-759b-40b5-a420-e649d7d5dbbd: shutdown FollowerState
2019-10-18 19:57:42,565 [Thread-608] INFO  impl.FollowerState (FollowerState.java:run(117)) - d13c026a-6de7-468a-bcba-b5f9e5455386@group-7B64E6E68F81-FollowerState was interrupted: java.lang.InterruptedException: sleep interrupted
2019-10-18 19:57:42,565 [Thread-609] INFO  impl.FollowerState (FollowerState.java:run(117)) - 652c9eaa-759b-40b5-a420-e649d7d5dbbd@group-7B64E6E68F81-FollowerState was interrupted: java.lang.InterruptedException: sleep interrupted
2019-10-18 19:57:42,565 [grpc-default-executor-4] INFO  impl.RoleInfo (RoleInfo.java:updateAndGet(143)) - 652c9eaa-759b-40b5-a420-e649d7d5dbbd: start FollowerState
2019-10-18 19:57:42,588 [Thread-617] INFO  client.GrpcClientProtocolService (GrpcClientProtocolService.java:lambda$processClientRequest$0(278)) - Failed RaftClientRequest:client-B973F343C649->652c9eaa-759b-40b5-a420-e649d7d5dbbd@group-7B64E6E68F81, cid=10, seq=0, Watch-ALL_COMMITTED(6), Message:<EMPTY>, reply=RaftClientReply:client-B973F343C649->652c9eaa-759b-40b5-a420-e649d7d5dbbd@group-7B64E6E68F81, cid=10, FAILED org.apache.ratis.protocol.NotLeaderException: Server 652c9eaa-759b-40b5-a420-e649d7d5dbbd@group-7B64E6E68F81 is not the leader, logIndex=0, commits[652c9eaa-759b-40b5-a420-e649d7d5dbbd:c10, d13c026a-6de7-468a-bcba-b5f9e5455386:c10, 595ac112-eff6-4e35-b572-d6b1c4893b0f:c4]
2019-10-18 19:57:42,603 [595ac112-eff6-4e35-b572-d6b1c4893b0f@group-7B64E6E68F81-LeaderElection13] INFO  impl.LeaderElection (LeaderElection.java:logAndReturn(56)) - 595ac112-eff6-4e35-b572-d6b1c4893b0f@group-7B64E6E68F81-LeaderElection13: Election REJECTED; received 2 response(s) [595ac112-eff6-4e35-b572-d6b1c4893b0f<-652c9eaa-759b-40b5-a420-e649d7d5dbbd#0:FAIL-t10, 595ac112-eff6-4e35-b572-d6b1c4893b0f<-d13c026a-6de7-468a-bcba-b5f9e5455386#0:FAIL-t10] and 0 exception(s); 595ac112-eff6-4e35-b572-d6b1c4893b0f@group-7B64E6E68F81:t10, leader=null, voted=595ac112-eff6-4e35-b572-d6b1c4893b0f, raftlog=595ac112-eff6-4e35-b572-d6b1c4893b0f@group-7B64E6E68F81-SegmentedRaftLog:OPENED:c3,f4,i4, conf=0: [652c9eaa-759b-40b5-a420-e649d7d5dbbd:192.168.34.13:44469, d13c026a-6de7-468a-bcba-b5f9e5455386:192.168.34.13:41921, 595ac112-eff6-4e35-b572-d6b1c4893b0f:192.168.34.13:37460], old=null
2019-10-18 19:57:42,603 [595ac112-eff6-4e35-b572-d6b1c4893b0f@group-7B64E6E68F81-LeaderElection13] INFO  impl.RaftServerImpl (RaftServerImpl.java:setRole(184)) - 595ac112-eff6-4e35-b572-d6b1c4893b0f@group-7B64E6E68F81: changes role from CANDIDATE to FOLLOWER at term 10 for DISCOVERED_A_NEW_TERM
2019-10-18 19:57:42,604 [595ac112-eff6-4e35-b572-d6b1c4893b0f@group-7B64E6E68F81-LeaderElection13] INFO  impl.RoleInfo (RoleInfo.java:shutdownLeaderElection(134)) - 595ac112-eff6-4e35-b572-d6b1c4893b0f: shutdown LeaderElection
2019-10-18 19:57:42,604 [595ac112-eff6-4e35-b572-d6b1c4893b0f@group-7B64E6E68F81-LeaderElection13] INFO  impl.RoleInfo (RoleInfo.java:updateAndGet(143)) - 595ac112-eff6-4e35-b572-d6b1c4893b0f: start FollowerState
2019-10-18 19:57:42,695 [BlockDeletingService#2] WARN  background.BlockDeletingService (BlockDeletingService.java:isDeletionAllowed(187)) - Close Container log Index 6 is not replicated across allthe servers in the pipeline 11bb0cf2-26ce-4402-a950-7b64e6e68f81 as the min replicated index is 4. Deletion is not allowed in this container yet.
2019-10-18 19:57:42,695 [BlockDeletingService#2] WARN  background.BlockDeletingService (BlockDeletingService.java:isDeletionAllowed(187)) - Close Container log Index 6 is not replicated across allthe servers in the pipeline 11bb0cf2-26ce-4402-a950-7b64e6e68f81 as the min replicated index is 4. Deletion is not allowed in this container yet.
2019-10-18 19:57:42,733 [Thread-619] INFO  impl.FollowerState (FollowerState.java:run(108)) - 595ac112-eff6-4e35-b572-d6b1c4893b0f@group-7B64E6E68F81-FollowerState: change to CANDIDATE, lastRpcTime:128ms, electionTimeout:125ms
2019-10-18 19:57:42,733 [Thread-619] INFO  impl.RoleInfo (RoleInfo.java:shutdownFollowerState(121)) - 595ac112-eff6-4e35-b572-d6b1c4893b0f: shutdown FollowerState
2019-10-18 19:57:42,733 [Thread-619] INFO  impl.RaftServerImpl (RaftServerImpl.java:setRole(184)) - 595ac112-eff6-4e35-b572-d6b1c4893b0f@group-7B64E6E68F81: changes role from  FOLLOWER to CANDIDATE at term 10 for changeToCandidate
2019-10-18 19:57:42,734 [Thread-619] INFO  impl.RoleInfo (RoleInfo.java:updateAndGet(143)) - 595ac112-eff6-4e35-b572-d6b1c4893b0f: start LeaderElection
2019-10-18 19:57:42,759 [595ac112-eff6-4e35-b572-d6b1c4893b0f@group-7B64E6E68F81-LeaderElection14] INFO  impl.LeaderElection (LeaderElection.java:askForVotes(178)) - 595ac112-eff6-4e35-b572-d6b1c4893b0f@group-7B64E6E68F81-LeaderElection14: begin an election at term 11 for 0: [652c9eaa-759b-40b5-a420-e649d7d5dbbd:192.168.34.13:44469, d13c026a-6de7-468a-bcba-b5f9e5455386:192.168.34.13:41921, 595ac112-eff6-4e35-b572-d6b1c4893b0f:192.168.34.13:37460], old=null
2019-10-18 19:57:42,763 [grpc-default-executor-4] INFO  impl.RaftServerImpl (RaftServerImpl.java:setRole(184)) - d13c026a-6de7-468a-bcba-b5f9e5455386@group-7B64E6E68F81: changes role from  FOLLOWER to FOLLOWER at term 11 for recognizeCandidate:595ac112-eff6-4e35-b572-d6b1c4893b0f
2019-10-18 19:57:42,763 [grpc-default-executor-5] INFO  impl.RaftServerImpl (RaftServerImpl.java:setRole(184)) - 652c9eaa-759b-40b5-a420-e649d7d5dbbd@group-7B64E6E68F81: changes role from  FOLLOWER to FOLLOWER at term 11 for recognizeCandidate:595ac112-eff6-4e35-b572-d6b1c4893b0f
2019-10-18 19:57:42,763 [grpc-default-executor-4] INFO  impl.RoleInfo (RoleInfo.java:shutdownFollowerState(121)) - d13c026a-6de7-468a-bcba-b5f9e5455386: shutdown FollowerState
2019-10-18 19:57:42,763 [grpc-default-executor-5] INFO  impl.RoleInfo (RoleInfo.java:shutdownFollowerState(121)) - 652c9eaa-759b-40b5-a420-e649d7d5dbbd: shutdown FollowerState
2019-10-18 19:57:42,764 [Thread-614] INFO  impl.FollowerState (FollowerState.java:run(117)) - d13c026a-6de7-468a-bcba-b5f9e5455386@group-7B64E6E68F81-FollowerState was interrupted: java.lang.InterruptedException: sleep interrupted
2019-10-18 19:57:42,763 [grpc-default-executor-4] INFO  impl.RoleInfo (RoleInfo.java:updateAndGet(143)) - d13c026a-6de7-468a-bcba-b5f9e5455386: start FollowerState
2019-10-18 19:57:42,764 [grpc-default-executor-5] INFO  impl.RoleInfo (RoleInfo.java:updateAndGet(143)) - 652c9eaa-759b-40b5-a420-e649d7d5dbbd: start FollowerState
2019-10-18 19:57:42,764 [Thread-615] INFO  impl.FollowerState (FollowerState.java:run(117)) - 652c9eaa-759b-40b5-a420-e649d7d5dbbd@group-7B64E6E68F81-FollowerState was interrupted: java.lang.InterruptedException: sleep interrupted
2019-10-18 19:57:42,790 [595ac112-eff6-4e35-b572-d6b1c4893b0f@group-7B64E6E68F81-LeaderElection14] INFO  impl.LeaderElection (LeaderElection.java:logAndReturn(56)) - 595ac112-eff6-4e35-b572-d6b1c4893b0f@group-7B64E6E68F81-LeaderElection14: Election REJECTED; received 2 response(s) [595ac112-eff6-4e35-b572-d6b1c4893b0f<-652c9eaa-759b-40b5-a420-e649d7d5dbbd#0:FAIL-t11, 595ac112-eff6-4e35-b572-d6b1c4893b0f<-d13c026a-6de7-468a-bcba-b5f9e5455386#0:FAIL-t11] and 0 exception(s); 595ac112-eff6-4e35-b572-d6b1c4893b0f@group-7B64E6E68F81:t11, leader=null, voted=595ac112-eff6-4e35-b572-d6b1c4893b0f, raftlog=595ac112-eff6-4e35-b572-d6b1c4893b0f@group-7B64E6E68F81-SegmentedRaftLog:OPENED:c3,f4,i4, conf=0: [652c9eaa-759b-40b5-a420-e649d7d5dbbd:192.168.34.13:44469, d13c026a-6de7-468a-bcba-b5f9e5455386:192.168.34.13:41921, 595ac112-eff6-4e35-b572-d6b1c4893b0f:192.168.34.13:37460], old=null
2019-10-18 19:57:42,791 [595ac112-eff6-4e35-b572-d6b1c4893b0f@group-7B64E6E68F81-LeaderElection14] INFO  impl.RaftServerImpl (RaftServerImpl.java:setRole(184)) - 595ac112-eff6-4e35-b572-d6b1c4893b0f@group-7B64E6E68F81: changes role from CANDIDATE to FOLLOWER at term 11 for DISCOVERED_A_NEW_TERM
2019-10-18 19:57:42,791 [595ac112-eff6-4e35-b572-d6b1c4893b0f@group-7B64E6E68F81-LeaderElection14] INFO  impl.RoleInfo (RoleInfo.java:shutdownLeaderElection(134)) - 595ac112-eff6-4e35-b572-d6b1c4893b0f: shutdown LeaderElection
2019-10-18 19:57:42,791 [595ac112-eff6-4e35-b572-d6b1c4893b0f@group-7B64E6E68F81-LeaderElection14] INFO  impl.RoleInfo (RoleInfo.java:updateAndGet(143)) - 595ac112-eff6-4e35-b572-d6b1c4893b0f: start FollowerState
2019-10-18 19:57:42,882 [Thread-627] INFO  impl.FollowerState (FollowerState.java:run(108)) - 595ac112-eff6-4e35-b572-d6b1c4893b0f@group-7B64E6E68F81-FollowerState: change to CANDIDATE, lastRpcTime:91ms, electionTimeout:91ms
2019-10-18 19:57:42,883 [Thread-627] INFO  impl.RoleInfo (RoleInfo.java:shutdownFollowerState(121)) - 595ac112-eff6-4e35-b572-d6b1c4893b0f: shutdown FollowerState
2019-10-18 19:57:42,884 [Thread-627] INFO  impl.RaftServerImpl (RaftServerImpl.java:setRole(184)) - 595ac112-eff6-4e35-b572-d6b1c4893b0f@group-7B64E6E68F81: changes role from  FOLLOWER to CANDIDATE at term 11 for changeToCandidate
2019-10-18 19:57:42,884 [Thread-627] INFO  impl.RoleInfo (RoleInfo.java:updateAndGet(143)) - 595ac112-eff6-4e35-b572-d6b1c4893b0f: start LeaderElection
2019-10-18 19:57:42,904 [595ac112-eff6-4e35-b572-d6b1c4893b0f@group-7B64E6E68F81-LeaderElection15] INFO  impl.LeaderElection (LeaderElection.java:askForVotes(178)) - 595ac112-eff6-4e35-b572-d6b1c4893b0f@group-7B64E6E68F81-LeaderElection15: begin an election at term 12 for 0: [652c9eaa-759b-40b5-a420-e649d7d5dbbd:192.168.34.13:44469, d13c026a-6de7-468a-bcba-b5f9e5455386:192.168.34.13:41921, 595ac112-eff6-4e35-b572-d6b1c4893b0f:192.168.34.13:37460], old=null
2019-10-18 19:57:42,909 [grpc-default-executor-4] INFO  impl.RaftServerImpl (RaftServerImpl.java:setRole(184)) - d13c026a-6de7-468a-bcba-b5f9e5455386@group-7B64E6E68F81: changes role from  FOLLOWER to FOLLOWER at term 12 for recognizeCandidate:595ac112-eff6-4e35-b572-d6b1c4893b0f
2019-10-18 19:57:42,909 [grpc-default-executor-5] INFO  impl.RaftServerImpl (RaftServerImpl.java:setRole(184)) - 652c9eaa-759b-40b5-a420-e649d7d5dbbd@group-7B64E6E68F81: changes role from  FOLLOWER to FOLLOWER at term 12 for recognizeCandidate:595ac112-eff6-4e35-b572-d6b1c4893b0f
2019-10-18 19:57:42,910 [grpc-default-executor-4] INFO  impl.RoleInfo (RoleInfo.java:shutdownFollowerState(121)) - d13c026a-6de7-468a-bcba-b5f9e5455386: shutdown FollowerState
2019-10-18 19:57:42,910 [grpc-default-executor-5] INFO  impl.RoleInfo (RoleInfo.java:shutdownFollowerState(121)) - 652c9eaa-759b-40b5-a420-e649d7d5dbbd: shutdown FollowerState
2019-10-18 19:57:42,910 [grpc-default-executor-4] INFO  impl.RoleInfo (RoleInfo.java:updateAndGet(143)) - d13c026a-6de7-468a-bcba-b5f9e5455386: start FollowerState
2019-10-18 19:57:42,910 [Thread-625] INFO  impl.FollowerState (FollowerState.java:run(117)) - d13c026a-6de7-468a-bcba-b5f9e5455386@group-7B64E6E68F81-FollowerState was interrupted: java.lang.InterruptedException: sleep interrupted
2019-10-18 19:57:42,910 [Thread-626] INFO  impl.FollowerState (FollowerState.java:run(117)) - 652c9eaa-759b-40b5-a420-e649d7d5dbbd@group-7B64E6E68F81-FollowerState was interrupted: java.lang.InterruptedException: sleep interrupted
2019-10-18 19:57:42,910 [grpc-default-executor-5] INFO  impl.RoleInfo (RoleInfo.java:updateAndGet(143)) - 652c9eaa-759b-40b5-a420-e649d7d5dbbd: start FollowerState
2019-10-18 19:57:42,911 [595ac112-eff6-4e35-b572-d6b1c4893b0f@group-7B64E6E68F81-LeaderElection15] INFO  impl.LeaderElection (LeaderElection.java:logAndReturn(56)) - 595ac112-eff6-4e35-b572-d6b1c4893b0f@group-7B64E6E68F81-LeaderElection15: Election TIMEOUT; received 0 response(s) [] and 0 exception(s); 595ac112-eff6-4e35-b572-d6b1c4893b0f@group-7B64E6E68F81:t12, leader=null, voted=595ac112-eff6-4e35-b572-d6b1c4893b0f, raftlog=595ac112-eff6-4e35-b572-d6b1c4893b0f@group-7B64E6E68F81-SegmentedRaftLog:OPENED:c3,f4,i4, conf=0: [652c9eaa-759b-40b5-a420-e649d7d5dbbd:192.168.34.13:44469, d13c026a-6de7-468a-bcba-b5f9e5455386:192.168.34.13:41921, 595ac112-eff6-4e35-b572-d6b1c4893b0f:192.168.34.13:37460], old=null
2019-10-18 19:57:42,933 [595ac112-eff6-4e35-b572-d6b1c4893b0f@group-7B64E6E68F81-LeaderElection15] INFO  impl.LeaderElection (LeaderElection.java:askForVotes(178)) - 595ac112-eff6-4e35-b572-d6b1c4893b0f@group-7B64E6E68F81-LeaderElection15: begin an election at term 13 for 0: [652c9eaa-759b-40b5-a420-e649d7d5dbbd:192.168.34.13:44469, d13c026a-6de7-468a-bcba-b5f9e5455386:192.168.34.13:41921, 595ac112-eff6-4e35-b572-d6b1c4893b0f:192.168.34.13:37460], old=null
2019-10-18 19:57:42,937 [grpc-default-executor-4] INFO  impl.RaftServerImpl (RaftServerImpl.java:setRole(184)) - d13c026a-6de7-468a-bcba-b5f9e5455386@group-7B64E6E68F81: changes role from  FOLLOWER to FOLLOWER at term 13 for recognizeCandidate:595ac112-eff6-4e35-b572-d6b1c4893b0f
2019-10-18 19:57:42,938 [grpc-default-executor-4] INFO  impl.RoleInfo (RoleInfo.java:shutdownFollowerState(121)) - d13c026a-6de7-468a-bcba-b5f9e5455386: shutdown FollowerState
2019-10-18 19:57:42,938 [grpc-default-executor-5] INFO  impl.RaftServerImpl (RaftServerImpl.java:setRole(184)) - 652c9eaa-759b-40b5-a420-e649d7d5dbbd@group-7B64E6E68F81: changes role from  FOLLOWER to FOLLOWER at term 13 for recognizeCandidate:595ac112-eff6-4e35-b572-d6b1c4893b0f
2019-10-18 19:57:42,939 [grpc-default-executor-4] INFO  impl.RoleInfo (RoleInfo.java:updateAndGet(143)) - d13c026a-6de7-468a-bcba-b5f9e5455386: start FollowerState
2019-10-18 19:57:42,939 [Thread-631] INFO  impl.FollowerState (FollowerState.java:run(117)) - d13c026a-6de7-468a-bcba-b5f9e5455386@group-7B64E6E68F81-FollowerState was interrupted: java.lang.InterruptedException: sleep interrupted
2019-10-18 19:57:42,939 [grpc-default-executor-5] INFO  impl.RoleInfo (RoleInfo.java:shutdownFollowerState(121)) - 652c9eaa-759b-40b5-a420-e649d7d5dbbd: shutdown FollowerState
2019-10-18 19:57:42,940 [grpc-default-executor-5] INFO  impl.RoleInfo (RoleInfo.java:updateAndGet(143)) - 652c9eaa-759b-40b5-a420-e649d7d5dbbd: start FollowerState
2019-10-18 19:57:42,940 [Thread-632] INFO  impl.FollowerState (FollowerState.java:run(117)) - 652c9eaa-759b-40b5-a420-e649d7d5dbbd@group-7B64E6E68F81-FollowerState was interrupted: java.lang.InterruptedException: sleep interrupted
2019-10-18 19:57:42,950 [595ac112-eff6-4e35-b572-d6b1c4893b0f@group-7B64E6E68F81-LeaderElection15] INFO  impl.LeaderElection (LeaderElection.java:logAndReturn(56)) - 595ac112-eff6-4e35-b572-d6b1c4893b0f@group-7B64E6E68F81-LeaderElection15: Election TIMEOUT; received 0 response(s) [] and 0 exception(s); 595ac112-eff6-4e35-b572-d6b1c4893b0f@group-7B64E6E68F81:t13, leader=null, voted=595ac112-eff6-4e35-b572-d6b1c4893b0f, raftlog=595ac112-eff6-4e35-b572-d6b1c4893b0f@group-7B64E6E68F81-SegmentedRaftLog:OPENED:c3,f4,i4, conf=0: [652c9eaa-759b-40b5-a420-e649d7d5dbbd:192.168.34.13:44469, d13c026a-6de7-468a-bcba-b5f9e5455386:192.168.34.13:41921, 595ac112-eff6-4e35-b572-d6b1c4893b0f:192.168.34.13:37460], old=null
2019-10-18 19:57:42,964 [595ac112-eff6-4e35-b572-d6b1c4893b0f@group-7B64E6E68F81-LeaderElection15] INFO  impl.LeaderElection (LeaderElection.java:askForVotes(178)) - 595ac112-eff6-4e35-b572-d6b1c4893b0f@group-7B64E6E68F81-LeaderElection15: begin an election at term 14 for 0: [652c9eaa-759b-40b5-a420-e649d7d5dbbd:192.168.34.13:44469, d13c026a-6de7-468a-bcba-b5f9e5455386:192.168.34.13:41921, 595ac112-eff6-4e35-b572-d6b1c4893b0f:192.168.34.13:37460], old=null
2019-10-18 19:57:42,968 [grpc-default-executor-4] INFO  impl.RaftServerImpl (RaftServerImpl.java:setRole(184)) - d13c026a-6de7-468a-bcba-b5f9e5455386@group-7B64E6E68F81: changes role from  FOLLOWER to FOLLOWER at term 14 for recognizeCandidate:595ac112-eff6-4e35-b572-d6b1c4893b0f
2019-10-18 19:57:42,968 [grpc-default-executor-5] INFO  impl.RaftServerImpl (RaftServerImpl.java:setRole(184)) - 652c9eaa-759b-40b5-a420-e649d7d5dbbd@group-7B64E6E68F81: changes role from  FOLLOWER to FOLLOWER at term 14 for recognizeCandidate:595ac112-eff6-4e35-b572-d6b1c4893b0f
2019-10-18 19:57:42,969 [grpc-default-executor-4] INFO  impl.RoleInfo (RoleInfo.java:shutdownFollowerState(121)) - d13c026a-6de7-468a-bcba-b5f9e5455386: shutdown FollowerState
2019-10-18 19:57:42,969 [grpc-default-executor-5] INFO  impl.RoleInfo (RoleInfo.java:shutdownFollowerState(121)) - 652c9eaa-759b-40b5-a420-e649d7d5dbbd: shutdown FollowerState
2019-10-18 19:57:42,970 [Thread-635] INFO  impl.FollowerState (FollowerState.java:run(117)) - d13c026a-6de7-468a-bcba-b5f9e5455386@group-7B64E6E68F81-FollowerState was interrupted: java.lang.InterruptedException: sleep interrupted
2019-10-18 19:57:42,970 [grpc-default-executor-4] INFO  impl.RoleInfo (RoleInfo.java:updateAndGet(143)) - d13c026a-6de7-468a-bcba-b5f9e5455386: start FollowerState
2019-10-18 19:57:42,970 [Thread-636] INFO  impl.FollowerState (FollowerState.java:run(117)) - 652c9eaa-759b-40b5-a420-e649d7d5dbbd@group-7B64E6E68F81-FollowerState was interrupted: java.lang.InterruptedException: sleep interrupted
2019-10-18 19:57:42,970 [grpc-default-executor-5] INFO  impl.RoleInfo (RoleInfo.java:updateAndGet(143)) - 652c9eaa-759b-40b5-a420-e649d7d5dbbd: start FollowerState
2019-10-18 19:57:42,999 [595ac112-eff6-4e35-b572-d6b1c4893b0f@group-7B64E6E68F81-LeaderElection15] INFO  impl.LeaderElection (LeaderElection.java:logAndReturn(56)) - 595ac112-eff6-4e35-b572-d6b1c4893b0f@group-7B64E6E68F81-LeaderElection15: Election REJECTED; received 2 response(s) [595ac112-eff6-4e35-b572-d6b1c4893b0f<-652c9eaa-759b-40b5-a420-e649d7d5dbbd#0:FAIL-t14, 595ac112-eff6-4e35-b572-d6b1c4893b0f<-d13c026a-6de7-468a-bcba-b5f9e5455386#0:FAIL-t14] and 0 exception(s); 595ac112-eff6-4e35-b572-d6b1c4893b0f@group-7B64E6E68F81:t14, leader=null, voted=595ac112-eff6-4e35-b572-d6b1c4893b0f, raftlog=595ac112-eff6-4e35-b572-d6b1c4893b0f@group-7B64E6E68F81-SegmentedRaftLog:OPENED:c3,f4,i4, conf=0: [652c9eaa-759b-40b5-a420-e649d7d5dbbd:192.168.34.13:44469, d13c026a-6de7-468a-bcba-b5f9e5455386:192.168.34.13:41921, 595ac112-eff6-4e35-b572-d6b1c4893b0f:192.168.34.13:37460], old=null
2019-10-18 19:57:42,999 [595ac112-eff6-4e35-b572-d6b1c4893b0f@group-7B64E6E68F81-LeaderElection15] INFO  impl.RaftServerImpl (RaftServerImpl.java:setRole(184)) - 595ac112-eff6-4e35-b572-d6b1c4893b0f@group-7B64E6E68F81: changes role from CANDIDATE to FOLLOWER at term 14 for DISCOVERED_A_NEW_TERM
2019-10-18 19:57:42,999 [595ac112-eff6-4e35-b572-d6b1c4893b0f@group-7B64E6E68F81-LeaderElection15] INFO  impl.RoleInfo (RoleInfo.java:shutdownLeaderElection(134)) - 595ac112-eff6-4e35-b572-d6b1c4893b0f: shutdown LeaderElection
2019-10-18 19:57:43,000 [595ac112-eff6-4e35-b572-d6b1c4893b0f@group-7B64E6E68F81-LeaderElection15] INFO  impl.RoleInfo (RoleInfo.java:updateAndGet(143)) - 595ac112-eff6-4e35-b572-d6b1c4893b0f: start FollowerState
2019-10-18 19:57:43,002 [Thread-641] INFO  impl.FollowerState (FollowerState.java:run(108)) - 595ac112-eff6-4e35-b572-d6b1c4893b0f@group-7B64E6E68F81-FollowerState: change to CANDIDATE, lastRpcTime:2ms, electionTimeout:2ms
2019-10-18 19:57:43,003 [Thread-641] INFO  impl.RoleInfo (RoleInfo.java:shutdownFollowerState(121)) - 595ac112-eff6-4e35-b572-d6b1c4893b0f: shutdown FollowerState
2019-10-18 19:57:43,003 [Thread-641] INFO  impl.RaftServerImpl (RaftServerImpl.java:setRole(184)) - 595ac112-eff6-4e35-b572-d6b1c4893b0f@group-7B64E6E68F81: changes role from  FOLLOWER to CANDIDATE at term 14 for changeToCandidate
2019-10-18 19:57:43,003 [Thread-641] INFO  impl.RoleInfo (RoleInfo.java:updateAndGet(143)) - 595ac112-eff6-4e35-b572-d6b1c4893b0f: start LeaderElection
2019-10-18 19:57:43,027 [595ac112-eff6-4e35-b572-d6b1c4893b0f@group-7B64E6E68F81-LeaderElection16] INFO  impl.LeaderElection (LeaderElection.java:askForVotes(178)) - 595ac112-eff6-4e35-b572-d6b1c4893b0f@group-7B64E6E68F81-LeaderElection16: begin an election at term 15 for 0: [652c9eaa-759b-40b5-a420-e649d7d5dbbd:192.168.34.13:44469, d13c026a-6de7-468a-bcba-b5f9e5455386:192.168.34.13:41921, 595ac112-eff6-4e35-b572-d6b1c4893b0f:192.168.34.13:37460], old=null
2019-10-18 19:57:43,032 [grpc-default-executor-4] INFO  impl.RaftServerImpl (RaftServerImpl.java:setRole(184)) - d13c026a-6de7-468a-bcba-b5f9e5455386@group-7B64E6E68F81: changes role from  FOLLOWER to FOLLOWER at term 15 for recognizeCandidate:595ac112-eff6-4e35-b572-d6b1c4893b0f
2019-10-18 19:57:43,032 [grpc-default-executor-4] INFO  impl.RoleInfo (RoleInfo.java:shutdownFollowerState(121)) - d13c026a-6de7-468a-bcba-b5f9e5455386: shutdown FollowerState
2019-10-18 19:57:43,032 [grpc-default-executor-5] INFO  impl.RaftServerImpl (RaftServerImpl.java:setRole(184)) - 652c9eaa-759b-40b5-a420-e649d7d5dbbd@group-7B64E6E68F81: changes role from  FOLLOWER to FOLLOWER at term 15 for recognizeCandidate:595ac112-eff6-4e35-b572-d6b1c4893b0f
2019-10-18 19:57:43,032 [Thread-639] INFO  impl.FollowerState (FollowerState.java:run(117)) - d13c026a-6de7-468a-bcba-b5f9e5455386@group-7B64E6E68F81-FollowerState was interrupted: java.lang.InterruptedException: sleep interrupted
2019-10-18 19:57:43,033 [grpc-default-executor-5] INFO  impl.RoleInfo (RoleInfo.java:shutdownFollowerState(121)) - 652c9eaa-759b-40b5-a420-e649d7d5dbbd: shutdown FollowerState
2019-10-18 19:57:43,032 [grpc-default-executor-4] INFO  impl.RoleInfo (RoleInfo.java:updateAndGet(143)) - d13c026a-6de7-468a-bcba-b5f9e5455386: start FollowerState
2019-10-18 19:57:43,033 [grpc-default-executor-5] INFO  impl.RoleInfo (RoleInfo.java:updateAndGet(143)) - 652c9eaa-759b-40b5-a420-e649d7d5dbbd: start FollowerState
2019-10-18 19:57:43,033 [Thread-640] INFO  impl.FollowerState (FollowerState.java:run(117)) - 652c9eaa-759b-40b5-a420-e649d7d5dbbd@group-7B64E6E68F81-FollowerState was interrupted: java.lang.InterruptedException: sleep interrupted
2019-10-18 19:57:43,072 [595ac112-eff6-4e35-b572-d6b1c4893b0f@group-7B64E6E68F81-LeaderElection16] INFO  impl.LeaderElection (LeaderElection.java:logAndReturn(56)) - 595ac112-eff6-4e35-b572-d6b1c4893b0f@group-7B64E6E68F81-LeaderElection16: Election REJECTED; received 2 response(s) [595ac112-eff6-4e35-b572-d6b1c4893b0f<-652c9eaa-759b-40b5-a420-e649d7d5dbbd#0:FAIL-t15, 595ac112-eff6-4e35-b572-d6b1c4893b0f<-d13c026a-6de7-468a-bcba-b5f9e5455386#0:FAIL-t15] and 0 exception(s); 595ac112-eff6-4e35-b572-d6b1c4893b0f@group-7B64E6E68F81:t15, leader=null, voted=595ac112-eff6-4e35-b572-d6b1c4893b0f, raftlog=595ac112-eff6-4e35-b572-d6b1c4893b0f@group-7B64E6E68F81-SegmentedRaftLog:OPENED:c3,f4,i4, conf=0: [652c9eaa-759b-40b5-a420-e649d7d5dbbd:192.168.34.13:44469, d13c026a-6de7-468a-bcba-b5f9e5455386:192.168.34.13:41921, 595ac112-eff6-4e35-b572-d6b1c4893b0f:192.168.34.13:37460], old=null
2019-10-18 19:57:43,072 [595ac112-eff6-4e35-b572-d6b1c4893b0f@group-7B64E6E68F81-LeaderElection16] INFO  impl.RaftServerImpl (RaftServerImpl.java:setRole(184)) - 595ac112-eff6-4e35-b572-d6b1c4893b0f@group-7B64E6E68F81: changes role from CANDIDATE to FOLLOWER at term 15 for DISCOVERED_A_NEW_TERM
2019-10-18 19:57:43,072 [595ac112-eff6-4e35-b572-d6b1c4893b0f@group-7B64E6E68F81-LeaderElection16] INFO  impl.RoleInfo (RoleInfo.java:shutdownLeaderElection(134)) - 595ac112-eff6-4e35-b572-d6b1c4893b0f: shutdown LeaderElection
2019-10-18 19:57:43,072 [595ac112-eff6-4e35-b572-d6b1c4893b0f@group-7B64E6E68F81-LeaderElection16] INFO  impl.RoleInfo (RoleInfo.java:updateAndGet(143)) - 595ac112-eff6-4e35-b572-d6b1c4893b0f: start FollowerState
2019-10-18 19:57:43,095 [java.util.concurrent.ThreadPoolExecutor$Worker@21220c2e[State = -1, empty queue]] WARN  server.GrpcLogAppender (GrpcLogAppender.java:timeoutAppendRequest(209)) - d13c026a-6de7-468a-bcba-b5f9e5455386@group-7B64E6E68F81->595ac112-eff6-4e35-b572-d6b1c4893b0f-GrpcLogAppender: appendEntries Timeout, request=d13c026a-6de7-468a-bcba-b5f9e5455386->595ac112-eff6-4e35-b572-d6b1c4893b0f#52-t1, previous=(t:1, i:10), leaderCommit=10, initializing? false, entries: <empty>
2019-10-18 19:57:43,142 [Thread-647] INFO  impl.FollowerState (FollowerState.java:run(108)) - 595ac112-eff6-4e35-b572-d6b1c4893b0f@group-7B64E6E68F81-FollowerState: change to CANDIDATE, lastRpcTime:69ms, electionTimeout:69ms
2019-10-18 19:57:43,143 [Thread-647] INFO  impl.RoleInfo (RoleInfo.java:shutdownFollowerState(121)) - 595ac112-eff6-4e35-b572-d6b1c4893b0f: shutdown FollowerState
2019-10-18 19:57:43,143 [Thread-647] INFO  impl.RaftServerImpl (RaftServerImpl.java:setRole(184)) - 595ac112-eff6-4e35-b572-d6b1c4893b0f@group-7B64E6E68F81: changes role from  FOLLOWER to CANDIDATE at term 15 for changeToCandidate
2019-10-18 19:57:43,143 [Thread-647] INFO  impl.RoleInfo (RoleInfo.java:updateAndGet(143)) - 595ac112-eff6-4e35-b572-d6b1c4893b0f: start LeaderElection
2019-10-18 19:57:43,171 [595ac112-eff6-4e35-b572-d6b1c4893b0f@group-7B64E6E68F81-LeaderElection17] INFO  impl.LeaderElection (LeaderElection.java:askForVotes(178)) - 595ac112-eff6-4e35-b572-d6b1c4893b0f@group-7B64E6E68F81-LeaderElection17: begin an election at term 16 for 0: [652c9eaa-759b-40b5-a420-e649d7d5dbbd:192.168.34.13:44469, d13c026a-6de7-468a-bcba-b5f9e5455386:192.168.34.13:41921, 595ac112-eff6-4e35-b572-d6b1c4893b0f:192.168.34.13:37460], old=null
2019-10-18 19:57:43,176 [grpc-default-executor-5] INFO  impl.RaftServerImpl (RaftServerImpl.java:setRole(184)) - d13c026a-6de7-468a-bcba-b5f9e5455386@group-7B64E6E68F81: changes role from  FOLLOWER to FOLLOWER at term 16 for recognizeCandidate:595ac112-eff6-4e35-b572-d6b1c4893b0f
2019-10-18 19:57:43,176 [grpc-default-executor-4] INFO  impl.RaftServerImpl (RaftServerImpl.java:setRole(184)) - 652c9eaa-759b-40b5-a420-e649d7d5dbbd@group-7B64E6E68F81: changes role from  FOLLOWER to FOLLOWER at term 16 for recognizeCandidate:595ac112-eff6-4e35-b572-d6b1c4893b0f
2019-10-18 19:57:43,177 [grpc-default-executor-5] INFO  impl.RoleInfo (RoleInfo.java:shutdownFollowerState(121)) - d13c026a-6de7-468a-bcba-b5f9e5455386: shutdown FollowerState
2019-10-18 19:57:43,177 [grpc-default-executor-4] INFO  impl.RoleInfo (RoleInfo.java:shutdownFollowerState(121)) - 652c9eaa-759b-40b5-a420-e649d7d5dbbd: shutdown FollowerState
2019-10-18 19:57:43,177 [grpc-default-executor-5] INFO  impl.RoleInfo (RoleInfo.java:updateAndGet(143)) - d13c026a-6de7-468a-bcba-b5f9e5455386: start FollowerState
2019-10-18 19:57:43,177 [Thread-645] INFO  impl.FollowerState (FollowerState.java:run(117)) - d13c026a-6de7-468a-bcba-b5f9e5455386@group-7B64E6E68F81-FollowerState was interrupted: java.lang.InterruptedException: sleep interrupted
2019-10-18 19:57:43,177 [Thread-646] INFO  impl.FollowerState (FollowerState.java:run(117)) - 652c9eaa-759b-40b5-a420-e649d7d5dbbd@group-7B64E6E68F81-FollowerState was interrupted: java.lang.InterruptedException: sleep interrupted
2019-10-18 19:57:43,177 [grpc-default-executor-4] INFO  impl.RoleInfo (RoleInfo.java:updateAndGet(143)) - 652c9eaa-759b-40b5-a420-e649d7d5dbbd: start FollowerState
2019-10-18 19:57:43,223 [595ac112-eff6-4e35-b572-d6b1c4893b0f@group-7B64E6E68F81-LeaderElection17] INFO  impl.LeaderElection (LeaderElection.java:logAndReturn(56)) - 595ac112-eff6-4e35-b572-d6b1c4893b0f@group-7B64E6E68F81-LeaderElection17: Election REJECTED; received 2 response(s) [595ac112-eff6-4e35-b572-d6b1c4893b0f<-652c9eaa-759b-40b5-a420-e649d7d5dbbd#0:FAIL-t16, 595ac112-eff6-4e35-b572-d6b1c4893b0f<-d13c026a-6de7-468a-bcba-b5f9e5455386#0:FAIL-t16] and 0 exception(s); 595ac112-eff6-4e35-b572-d6b1c4893b0f@group-7B64E6E68F81:t16, leader=null, voted=595ac112-eff6-4e35-b572-d6b1c4893b0f, raftlog=595ac112-eff6-4e35-b572-d6b1c4893b0f@group-7B64E6E68F81-SegmentedRaftLog:OPENED:c3,f4,i4, conf=0: [652c9eaa-759b-40b5-a420-e649d7d5dbbd:192.168.34.13:44469, d13c026a-6de7-468a-bcba-b5f9e5455386:192.168.34.13:41921, 595ac112-eff6-4e35-b572-d6b1c4893b0f:192.168.34.13:37460], old=null
2019-10-18 19:57:43,223 [595ac112-eff6-4e35-b572-d6b1c4893b0f@group-7B64E6E68F81-LeaderElection17] INFO  impl.RaftServerImpl (RaftServerImpl.java:setRole(184)) - 595ac112-eff6-4e35-b572-d6b1c4893b0f@group-7B64E6E68F81: changes role from CANDIDATE to FOLLOWER at term 16 for DISCOVERED_A_NEW_TERM
2019-10-18 19:57:43,224 [595ac112-eff6-4e35-b572-d6b1c4893b0f@group-7B64E6E68F81-LeaderElection17] INFO  impl.RoleInfo (RoleInfo.java:shutdownLeaderElection(134)) - 595ac112-eff6-4e35-b572-d6b1c4893b0f: shutdown LeaderElection
2019-10-18 19:57:43,224 [595ac112-eff6-4e35-b572-d6b1c4893b0f@group-7B64E6E68F81-LeaderElection17] INFO  impl.RoleInfo (RoleInfo.java:updateAndGet(143)) - 595ac112-eff6-4e35-b572-d6b1c4893b0f: start FollowerState
2019-10-18 19:57:43,266 [pool-7-thread-2] INFO  commands.RetriableDatanodeEventWatcher (RetriableDatanodeEventWatcher.java:onTimeout(47)) - RetriableDatanodeCommand type=deleteBlocksCommand with id=1571428658263 timed out. Retrying.
2019-10-18 19:57:43,267 [pool-7-thread-2] INFO  commands.RetriableDatanodeEventWatcher (RetriableDatanodeEventWatcher.java:onTimeout(47)) - RetriableDatanodeCommand type=deleteBlocksCommand with id=1571428658264 timed out. Retrying.
2019-10-18 19:57:43,270 [pool-7-thread-1] INFO  commands.RetriableDatanodeEventWatcher (RetriableDatanodeEventWatcher.java:onTimeout(47)) - RetriableDatanodeCommand type=deleteBlocksCommand with id=1571428658262 timed out. Retrying.
2019-10-18 19:57:43,270 [pool-7-thread-2] INFO  commands.RetriableDatanodeEventWatcher (RetriableDatanodeEventWatcher.java:onTimeout(47)) - RetriableDatanodeCommand type=deleteBlocksCommand with id=1571428658265 timed out. Retrying.
2019-10-18 19:57:43,272 [pool-7-thread-2] INFO  commands.RetriableDatanodeEventWatcher (RetriableDatanodeEventWatcher.java:onTimeout(47)) - RetriableDatanodeCommand type=deleteBlocksCommand with id=1571428658266 timed out. Retrying.
2019-10-18 19:57:43,273 [SCMBlockDeletingService#1] INFO  block.SCMBlockDeletingService (SCMBlockDeletingService.java:call(184)) - Totally added 1 delete blocks command for 1 datanodes, task elapsed time: 0ms
2019-10-18 19:57:43,307 [Thread-653] INFO  impl.FollowerState (FollowerState.java:run(108)) - 595ac112-eff6-4e35-b572-d6b1c4893b0f@group-7B64E6E68F81-FollowerState: change to CANDIDATE, lastRpcTime:83ms, electionTimeout:83ms
2019-10-18 19:57:43,307 [Thread-653] INFO  impl.RoleInfo (RoleInfo.java:shutdownFollowerState(121)) - 595ac112-eff6-4e35-b572-d6b1c4893b0f: shutdown FollowerState
2019-10-18 19:57:43,307 [Thread-653] INFO  impl.RaftServerImpl (RaftServerImpl.java:setRole(184)) - 595ac112-eff6-4e35-b572-d6b1c4893b0f@group-7B64E6E68F81: changes role from  FOLLOWER to CANDIDATE at term 16 for changeToCandidate
2019-10-18 19:57:43,308 [Thread-653] INFO  impl.RoleInfo (RoleInfo.java:updateAndGet(143)) - 595ac112-eff6-4e35-b572-d6b1c4893b0f: start LeaderElection
2019-10-18 19:57:43,333 [EventQueue-PendingDeleteStatusForPendingDeleteHandler] INFO  block.SCMBlockDeletingService (SCMBlockDeletingService.java:handlePendingDeletes(115)) - Block deletion txnID mismatch in datanode 595ac112-eff6-4e35-b572-d6b1c4893b0f for containerID 1. Datanode delete txnID: 0, SCM txnID: 1
2019-10-18 19:57:43,339 [595ac112-eff6-4e35-b572-d6b1c4893b0f@group-7B64E6E68F81-LeaderElection18] INFO  impl.LeaderElection (LeaderElection.java:askForVotes(178)) - 595ac112-eff6-4e35-b572-d6b1c4893b0f@group-7B64E6E68F81-LeaderElection18: begin an election at term 17 for 0: [652c9eaa-759b-40b5-a420-e649d7d5dbbd:192.168.34.13:44469, d13c026a-6de7-468a-bcba-b5f9e5455386:192.168.34.13:41921, 595ac112-eff6-4e35-b572-d6b1c4893b0f:192.168.34.13:37460], old=null
2019-10-18 19:57:43,343 [grpc-default-executor-5] INFO  impl.RaftServerImpl (RaftServerImpl.java:setRole(184)) - d13c026a-6de7-468a-bcba-b5f9e5455386@group-7B64E6E68F81: changes role from  FOLLOWER to FOLLOWER at term 17 for recognizeCandidate:595ac112-eff6-4e35-b572-d6b1c4893b0f
2019-10-18 19:57:43,343 [grpc-default-executor-4] INFO  impl.RaftServerImpl (RaftServerImpl.java:setRole(184)) - 652c9eaa-759b-40b5-a420-e649d7d5dbbd@group-7B64E6E68F81: changes role from  FOLLOWER to FOLLOWER at term 17 for recognizeCandidate:595ac112-eff6-4e35-b572-d6b1c4893b0f
2019-10-18 19:57:43,343 [grpc-default-executor-5] INFO  impl.RoleInfo (RoleInfo.java:shutdownFollowerState(121)) - d13c026a-6de7-468a-bcba-b5f9e5455386: shutdown FollowerState
2019-10-18 19:57:43,343 [grpc-default-executor-4] INFO  impl.RoleInfo (RoleInfo.java:shutdownFollowerState(121)) - 652c9eaa-759b-40b5-a420-e649d7d5dbbd: shutdown FollowerState
2019-10-18 19:57:43,343 [grpc-default-executor-5] INFO  impl.RoleInfo (RoleInfo.java:updateAndGet(143)) - d13c026a-6de7-468a-bcba-b5f9e5455386: start FollowerState
2019-10-18 19:57:43,343 [Thread-651] INFO  impl.FollowerState (FollowerState.java:run(117)) - d13c026a-6de7-468a-bcba-b5f9e5455386@group-7B64E6E68F81-FollowerState was interrupted: java.lang.InterruptedException: sleep interrupted
2019-10-18 19:57:43,343 [grpc-default-executor-4] INFO  impl.RoleInfo (RoleInfo.java:updateAndGet(143)) - 652c9eaa-759b-40b5-a420-e649d7d5dbbd: start FollowerState
2019-10-18 19:57:43,343 [Thread-652] INFO  impl.FollowerState (FollowerState.java:run(117)) - 652c9eaa-759b-40b5-a420-e649d7d5dbbd@group-7B64E6E68F81-FollowerState was interrupted: java.lang.InterruptedException: sleep interrupted
2019-10-18 19:57:43,365 [595ac112-eff6-4e35-b572-d6b1c4893b0f@group-7B64E6E68F81-LeaderElection18] INFO  impl.LeaderElection (LeaderElection.java:logAndReturn(56)) - 595ac112-eff6-4e35-b572-d6b1c4893b0f@group-7B64E6E68F81-LeaderElection18: Election TIMEOUT; received 0 response(s) [] and 0 exception(s); 595ac112-eff6-4e35-b572-d6b1c4893b0f@group-7B64E6E68F81:t17, leader=null, voted=595ac112-eff6-4e35-b572-d6b1c4893b0f, raftlog=595ac112-eff6-4e35-b572-d6b1c4893b0f@group-7B64E6E68F81-SegmentedRaftLog:OPENED:c3,f4,i4, conf=0: [652c9eaa-759b-40b5-a420-e649d7d5dbbd:192.168.34.13:44469, d13c026a-6de7-468a-bcba-b5f9e5455386:192.168.34.13:41921, 595ac112-eff6-4e35-b572-d6b1c4893b0f:192.168.34.13:37460], old=null
2019-10-18 19:57:43,389 [595ac112-eff6-4e35-b572-d6b1c4893b0f@group-7B64E6E68F81-LeaderElection18] INFO  impl.LeaderElection (LeaderElection.java:askForVotes(178)) - 595ac112-eff6-4e35-b572-d6b1c4893b0f@group-7B64E6E68F81-LeaderElection18: begin an election at term 18 for 0: [652c9eaa-759b-40b5-a420-e649d7d5dbbd:192.168.34.13:44469, d13c026a-6de7-468a-bcba-b5f9e5455386:192.168.34.13:41921, 595ac112-eff6-4e35-b572-d6b1c4893b0f:192.168.34.13:37460], old=null
2019-10-18 19:57:43,394 [grpc-default-executor-5] INFO  impl.RaftServerImpl (RaftServerImpl.java:setRole(184)) - 652c9eaa-759b-40b5-a420-e649d7d5dbbd@group-7B64E6E68F81: changes role from  FOLLOWER to FOLLOWER at term 18 for recognizeCandidate:595ac112-eff6-4e35-b572-d6b1c4893b0f
2019-10-18 19:57:43,395 [grpc-default-executor-5] INFO  impl.RoleInfo (RoleInfo.java:shutdownFollowerState(121)) - 652c9eaa-759b-40b5-a420-e649d7d5dbbd: shutdown FollowerState
2019-10-18 19:57:43,395 [grpc-default-executor-4] INFO  impl.RaftServerImpl (RaftServerImpl.java:setRole(184)) - d13c026a-6de7-468a-bcba-b5f9e5455386@group-7B64E6E68F81: changes role from  FOLLOWER to FOLLOWER at term 18 for recognizeCandidate:595ac112-eff6-4e35-b572-d6b1c4893b0f
2019-10-18 19:57:43,395 [grpc-default-executor-5] INFO  impl.RoleInfo (RoleInfo.java:updateAndGet(143)) - 652c9eaa-759b-40b5-a420-e649d7d5dbbd: start FollowerState
2019-10-18 19:57:43,395 [Thread-658] INFO  impl.FollowerState (FollowerState.java:run(117)) - 652c9eaa-759b-40b5-a420-e649d7d5dbbd@group-7B64E6E68F81-FollowerState was interrupted: java.lang.InterruptedException: sleep interrupted
2019-10-18 19:57:43,395 [grpc-default-executor-4] INFO  impl.RoleInfo (RoleInfo.java:shutdownFollowerState(121)) - d13c026a-6de7-468a-bcba-b5f9e5455386: shutdown FollowerState
2019-10-18 19:57:43,395 [Thread-657] INFO  impl.FollowerState (FollowerState.java:run(117)) - d13c026a-6de7-468a-bcba-b5f9e5455386@group-7B64E6E68F81-FollowerState was interrupted: java.lang.InterruptedException: sleep interrupted
2019-10-18 19:57:43,395 [grpc-default-executor-4] INFO  impl.RoleInfo (RoleInfo.java:updateAndGet(143)) - d13c026a-6de7-468a-bcba-b5f9e5455386: start FollowerState
2019-10-18 19:57:43,424 [595ac112-eff6-4e35-b572-d6b1c4893b0f@group-7B64E6E68F81-LeaderElection18] INFO  impl.LeaderElection (LeaderElection.java:logAndReturn(56)) - 595ac112-eff6-4e35-b572-d6b1c4893b0f@group-7B64E6E68F81-LeaderElection18: Election REJECTED; received 2 response(s) [595ac112-eff6-4e35-b572-d6b1c4893b0f<-652c9eaa-759b-40b5-a420-e649d7d5dbbd#0:FAIL-t18, 595ac112-eff6-4e35-b572-d6b1c4893b0f<-d13c026a-6de7-468a-bcba-b5f9e5455386#0:FAIL-t18] and 0 exception(s); 595ac112-eff6-4e35-b572-d6b1c4893b0f@group-7B64E6E68F81:t18, leader=null, voted=595ac112-eff6-4e35-b572-d6b1c4893b0f, raftlog=595ac112-eff6-4e35-b572-d6b1c4893b0f@group-7B64E6E68F81-SegmentedRaftLog:OPENED:c3,f4,i4, conf=0: [652c9eaa-759b-40b5-a420-e649d7d5dbbd:192.168.34.13:44469, d13c026a-6de7-468a-bcba-b5f9e5455386:192.168.34.13:41921, 595ac112-eff6-4e35-b572-d6b1c4893b0f:192.168.34.13:37460], old=null
2019-10-18 19:57:43,424 [595ac112-eff6-4e35-b572-d6b1c4893b0f@group-7B64E6E68F81-LeaderElection18] INFO  impl.RaftServerImpl (RaftServerImpl.java:setRole(184)) - 595ac112-eff6-4e35-b572-d6b1c4893b0f@group-7B64E6E68F81: changes role from CANDIDATE to FOLLOWER at term 18 for DISCOVERED_A_NEW_TERM
2019-10-18 19:57:43,425 [595ac112-eff6-4e35-b572-d6b1c4893b0f@group-7B64E6E68F81-LeaderElection18] INFO  impl.RoleInfo (RoleInfo.java:shutdownLeaderElection(134)) - 595ac112-eff6-4e35-b572-d6b1c4893b0f: shutdown LeaderElection
2019-10-18 19:57:43,425 [595ac112-eff6-4e35-b572-d6b1c4893b0f@group-7B64E6E68F81-LeaderElection18] INFO  impl.RoleInfo (RoleInfo.java:updateAndGet(143)) - 595ac112-eff6-4e35-b572-d6b1c4893b0f: start FollowerState
2019-10-18 19:57:43,611 [Thread-664] INFO  impl.FollowerState (FollowerState.java:run(108)) - 595ac112-eff6-4e35-b572-d6b1c4893b0f@group-7B64E6E68F81-FollowerState: change to CANDIDATE, lastRpcTime:186ms, electionTimeout:186ms
2019-10-18 19:57:43,613 [Thread-664] INFO  impl.RoleInfo (RoleInfo.java:shutdownFollowerState(121)) - 595ac112-eff6-4e35-b572-d6b1c4893b0f: shutdown FollowerState
2019-10-18 19:57:43,613 [Thread-664] INFO  impl.RaftServerImpl (RaftServerImpl.java:setRole(184)) - 595ac112-eff6-4e35-b572-d6b1c4893b0f@group-7B64E6E68F81: changes role from  FOLLOWER to CANDIDATE at term 18 for changeToCandidate
2019-10-18 19:57:43,613 [Thread-664] INFO  impl.RoleInfo (RoleInfo.java:updateAndGet(143)) - 595ac112-eff6-4e35-b572-d6b1c4893b0f: start LeaderElection
2019-10-18 19:57:43,620 [Thread-667] INFO  client.GrpcClientProtocolService (GrpcClientProtocolService.java:lambda$processClientRequest$0(278)) - Failed RaftClientRequest:client-B973F343C649->d13c026a-6de7-468a-bcba-b5f9e5455386@group-7B64E6E68F81, cid=10, seq=0, Watch-ALL_COMMITTED(6), Message:<EMPTY>, reply=RaftClientReply:client-B973F343C649->d13c026a-6de7-468a-bcba-b5f9e5455386@group-7B64E6E68F81, cid=10, FAILED org.apache.ratis.protocol.NotLeaderException: Server d13c026a-6de7-468a-bcba-b5f9e5455386@group-7B64E6E68F81 is not the leader, logIndex=0, commits[d13c026a-6de7-468a-bcba-b5f9e5455386:c10, 652c9eaa-759b-40b5-a420-e649d7d5dbbd:c10, 595ac112-eff6-4e35-b572-d6b1c4893b0f:c4]
2019-10-18 19:57:43,641 [595ac112-eff6-4e35-b572-d6b1c4893b0f@group-7B64E6E68F81-LeaderElection19] INFO  impl.LeaderElection (LeaderElection.java:askForVotes(178)) - 595ac112-eff6-4e35-b572-d6b1c4893b0f@group-7B64E6E68F81-LeaderElection19: begin an election at term 19 for 0: [652c9eaa-759b-40b5-a420-e649d7d5dbbd:192.168.34.13:44469, d13c026a-6de7-468a-bcba-b5f9e5455386:192.168.34.13:41921, 595ac112-eff6-4e35-b572-d6b1c4893b0f:192.168.34.13:37460], old=null
2019-10-18 19:57:43,644 [grpc-default-executor-4] INFO  impl.RaftServerImpl (RaftServerImpl.java:setRole(184)) - d13c026a-6de7-468a-bcba-b5f9e5455386@group-7B64E6E68F81: changes role from  FOLLOWER to FOLLOWER at term 19 for recognizeCandidate:595ac112-eff6-4e35-b572-d6b1c4893b0f
2019-10-18 19:57:43,644 [grpc-default-executor-5] INFO  impl.RaftServerImpl (RaftServerImpl.java:setRole(184)) - 652c9eaa-759b-40b5-a420-e649d7d5dbbd@group-7B64E6E68F81: changes role from  FOLLOWER to FOLLOWER at term 19 for recognizeCandidate:595ac112-eff6-4e35-b572-d6b1c4893b0f
2019-10-18 19:57:43,645 [grpc-default-executor-4] INFO  impl.RoleInfo (RoleInfo.java:shutdownFollowerState(121)) - d13c026a-6de7-468a-bcba-b5f9e5455386: shutdown FollowerState
2019-10-18 19:57:43,645 [grpc-default-executor-5] INFO  impl.RoleInfo (RoleInfo.java:shutdownFollowerState(121)) - 652c9eaa-759b-40b5-a420-e649d7d5dbbd: shutdown FollowerState
2019-10-18 19:57:43,646 [Thread-663] INFO  impl.FollowerState (FollowerState.java:run(117)) - d13c026a-6de7-468a-bcba-b5f9e5455386@group-7B64E6E68F81-FollowerState was interrupted: java.lang.InterruptedException: sleep interrupted
2019-10-18 19:57:43,646 [grpc-default-executor-4] INFO  impl.RoleInfo (RoleInfo.java:updateAndGet(143)) - d13c026a-6de7-468a-bcba-b5f9e5455386: start FollowerState
2019-10-18 19:57:43,646 [Thread-662] INFO  impl.FollowerState (FollowerState.java:run(117)) - 652c9eaa-759b-40b5-a420-e649d7d5dbbd@group-7B64E6E68F81-FollowerState was interrupted: java.lang.InterruptedException: sleep interrupted
2019-10-18 19:57:43,646 [grpc-default-executor-5] INFO  impl.RoleInfo (RoleInfo.java:updateAndGet(143)) - 652c9eaa-759b-40b5-a420-e649d7d5dbbd: start FollowerState
2019-10-18 19:57:43,676 [595ac112-eff6-4e35-b572-d6b1c4893b0f@group-7B64E6E68F81-LeaderElection19] INFO  impl.LeaderElection (LeaderElection.java:logAndReturn(56)) - 595ac112-eff6-4e35-b572-d6b1c4893b0f@group-7B64E6E68F81-LeaderElection19: Election REJECTED; received 2 response(s) [595ac112-eff6-4e35-b572-d6b1c4893b0f<-652c9eaa-759b-40b5-a420-e649d7d5dbbd#0:FAIL-t19, 595ac112-eff6-4e35-b572-d6b1c4893b0f<-d13c026a-6de7-468a-bcba-b5f9e5455386#0:FAIL-t19] and 0 exception(s); 595ac112-eff6-4e35-b572-d6b1c4893b0f@group-7B64E6E68F81:t19, leader=null, voted=595ac112-eff6-4e35-b572-d6b1c4893b0f, raftlog=595ac112-eff6-4e35-b572-d6b1c4893b0f@group-7B64E6E68F81-SegmentedRaftLog:OPENED:c3,f4,i4, conf=0: [652c9eaa-759b-40b5-a420-e649d7d5dbbd:192.168.34.13:44469, d13c026a-6de7-468a-bcba-b5f9e5455386:192.168.34.13:41921, 595ac112-eff6-4e35-b572-d6b1c4893b0f:192.168.34.13:37460], old=null
2019-10-18 19:57:43,676 [595ac112-eff6-4e35-b572-d6b1c4893b0f@group-7B64E6E68F81-LeaderElection19] INFO  impl.RaftServerImpl (RaftServerImpl.java:setRole(184)) - 595ac112-eff6-4e35-b572-d6b1c4893b0f@group-7B64E6E68F81: changes role from CANDIDATE to FOLLOWER at term 19 for DISCOVERED_A_NEW_TERM
2019-10-18 19:57:43,676 [595ac112-eff6-4e35-b572-d6b1c4893b0f@group-7B64E6E68F81-LeaderElection19] INFO  impl.RoleInfo (RoleInfo.java:shutdownLeaderElection(134)) - 595ac112-eff6-4e35-b572-d6b1c4893b0f: shutdown LeaderElection
2019-10-18 19:57:43,676 [595ac112-eff6-4e35-b572-d6b1c4893b0f@group-7B64E6E68F81-LeaderElection19] INFO  impl.RoleInfo (RoleInfo.java:updateAndGet(143)) - 595ac112-eff6-4e35-b572-d6b1c4893b0f: start FollowerState
2019-10-18 19:57:43,693 [Thread-673] INFO  impl.FollowerState (FollowerState.java:run(108)) - 595ac112-eff6-4e35-b572-d6b1c4893b0f@group-7B64E6E68F81-FollowerState: change to CANDIDATE, lastRpcTime:16ms, electionTimeout:16ms
2019-10-18 19:57:43,694 [Thread-673] INFO  impl.RoleInfo (RoleInfo.java:shutdownFollowerState(121)) - 595ac112-eff6-4e35-b572-d6b1c4893b0f: shutdown FollowerState
2019-10-18 19:57:43,694 [Thread-673] INFO  impl.RaftServerImpl (RaftServerImpl.java:setRole(184)) - 595ac112-eff6-4e35-b572-d6b1c4893b0f@group-7B64E6E68F81: changes role from  FOLLOWER to CANDIDATE at term 19 for changeToCandidate
2019-10-18 19:57:43,694 [Thread-673] INFO  impl.RoleInfo (RoleInfo.java:updateAndGet(143)) - 595ac112-eff6-4e35-b572-d6b1c4893b0f: start LeaderElection
2019-10-18 19:57:43,698 [BlockDeletingService#2] WARN  background.BlockDeletingService (BlockDeletingService.java:isDeletionAllowed(187)) - Close Container log Index 6 is not replicated across allthe servers in the pipeline 11bb0cf2-26ce-4402-a950-7b64e6e68f81 as the min replicated index is 4. Deletion is not allowed in this container yet.
2019-10-18 19:57:43,698 [BlockDeletingService#2] WARN  background.BlockDeletingService (BlockDeletingService.java:isDeletionAllowed(187)) - Close Container log Index 6 is not replicated across allthe servers in the pipeline 11bb0cf2-26ce-4402-a950-7b64e6e68f81 as the min replicated index is 4. Deletion is not allowed in this container yet.
2019-10-18 19:57:43,717 [595ac112-eff6-4e35-b572-d6b1c4893b0f@group-7B64E6E68F81-LeaderElection20] INFO  impl.LeaderElection (LeaderElection.java:askForVotes(178)) - 595ac112-eff6-4e35-b572-d6b1c4893b0f@group-7B64E6E68F81-LeaderElection20: begin an election at term 20 for 0: [652c9eaa-759b-40b5-a420-e649d7d5dbbd:192.168.34.13:44469, d13c026a-6de7-468a-bcba-b5f9e5455386:192.168.34.13:41921, 595ac112-eff6-4e35-b572-d6b1c4893b0f:192.168.34.13:37460], old=null
2019-10-18 19:57:43,720 [grpc-default-executor-4] INFO  impl.RaftServerImpl (RaftServerImpl.java:setRole(184)) - 652c9eaa-759b-40b5-a420-e649d7d5dbbd@group-7B64E6E68F81: changes role from  FOLLOWER to FOLLOWER at term 20 for recognizeCandidate:595ac112-eff6-4e35-b572-d6b1c4893b0f
2019-10-18 19:57:43,724 [grpc-default-executor-4] INFO  impl.RoleInfo (RoleInfo.java:shutdownFollowerState(121)) - 652c9eaa-759b-40b5-a420-e649d7d5dbbd: shutdown FollowerState
2019-10-18 19:57:43,724 [grpc-default-executor-5] INFO  impl.RaftServerImpl (RaftServerImpl.java:setRole(184)) - d13c026a-6de7-468a-bcba-b5f9e5455386@group-7B64E6E68F81: changes role from  FOLLOWER to FOLLOWER at term 20 for recognizeCandidate:595ac112-eff6-4e35-b572-d6b1c4893b0f
2019-10-18 19:57:43,724 [grpc-default-executor-4] INFO  impl.RoleInfo (RoleInfo.java:updateAndGet(143)) - 652c9eaa-759b-40b5-a420-e649d7d5dbbd: start FollowerState
2019-10-18 19:57:43,724 [Thread-672] INFO  impl.FollowerState (FollowerState.java:run(117)) - 652c9eaa-759b-40b5-a420-e649d7d5dbbd@group-7B64E6E68F81-FollowerState was interrupted: java.lang.InterruptedException: sleep interrupted
2019-10-18 19:57:43,724 [grpc-default-executor-5] INFO  impl.RoleInfo (RoleInfo.java:shutdownFollowerState(121)) - d13c026a-6de7-468a-bcba-b5f9e5455386: shutdown FollowerState
2019-10-18 19:57:43,724 [grpc-default-executor-5] INFO  impl.RoleInfo (RoleInfo.java:updateAndGet(143)) - d13c026a-6de7-468a-bcba-b5f9e5455386: start FollowerState
2019-10-18 19:57:43,725 [Thread-671] INFO  impl.FollowerState (FollowerState.java:run(117)) - d13c026a-6de7-468a-bcba-b5f9e5455386@group-7B64E6E68F81-FollowerState was interrupted: java.lang.InterruptedException: sleep interrupted
2019-10-18 19:57:43,770 [595ac112-eff6-4e35-b572-d6b1c4893b0f@group-7B64E6E68F81-LeaderElection20] INFO  impl.LeaderElection (LeaderElection.java:logAndReturn(56)) - 595ac112-eff6-4e35-b572-d6b1c4893b0f@group-7B64E6E68F81-LeaderElection20: Election REJECTED; received 2 response(s) [595ac112-eff6-4e35-b572-d6b1c4893b0f<-652c9eaa-759b-40b5-a420-e649d7d5dbbd#0:FAIL-t20, 595ac112-eff6-4e35-b572-d6b1c4893b0f<-d13c026a-6de7-468a-bcba-b5f9e5455386#0:FAIL-t20] and 0 exception(s); 595ac112-eff6-4e35-b572-d6b1c4893b0f@group-7B64E6E68F81:t20, leader=null, voted=595ac112-eff6-4e35-b572-d6b1c4893b0f, raftlog=595ac112-eff6-4e35-b572-d6b1c4893b0f@group-7B64E6E68F81-SegmentedRaftLog:OPENED:c3,f4,i4, conf=0: [652c9eaa-759b-40b5-a420-e649d7d5dbbd:192.168.34.13:44469, d13c026a-6de7-468a-bcba-b5f9e5455386:192.168.34.13:41921, 595ac112-eff6-4e35-b572-d6b1c4893b0f:192.168.34.13:37460], old=null
2019-10-18 19:57:43,771 [595ac112-eff6-4e35-b572-d6b1c4893b0f@group-7B64E6E68F81-LeaderElection20] INFO  impl.RaftServerImpl (RaftServerImpl.java:setRole(184)) - 595ac112-eff6-4e35-b572-d6b1c4893b0f@group-7B64E6E68F81: changes role from CANDIDATE to FOLLOWER at term 20 for DISCOVERED_A_NEW_TERM
2019-10-18 19:57:43,771 [595ac112-eff6-4e35-b572-d6b1c4893b0f@group-7B64E6E68F81-LeaderElection20] INFO  impl.RoleInfo (RoleInfo.java:shutdownLeaderElection(134)) - 595ac112-eff6-4e35-b572-d6b1c4893b0f: shutdown LeaderElection
2019-10-18 19:57:43,771 [595ac112-eff6-4e35-b572-d6b1c4893b0f@group-7B64E6E68F81-LeaderElection20] INFO  impl.RoleInfo (RoleInfo.java:updateAndGet(143)) - 595ac112-eff6-4e35-b572-d6b1c4893b0f: start FollowerState
2019-10-18 19:57:43,848 [Thread-681] INFO  impl.FollowerState (FollowerState.java:run(108)) - 595ac112-eff6-4e35-b572-d6b1c4893b0f@group-7B64E6E68F81-FollowerState: change to CANDIDATE, lastRpcTime:77ms, electionTimeout:77ms
2019-10-18 19:57:43,850 [Thread-681] INFO  impl.RoleInfo (RoleInfo.java:shutdownFollowerState(121)) - 595ac112-eff6-4e35-b572-d6b1c4893b0f: shutdown FollowerState
2019-10-18 19:57:43,850 [Thread-681] INFO  impl.RaftServerImpl (RaftServerImpl.java:setRole(184)) - 595ac112-eff6-4e35-b572-d6b1c4893b0f@group-7B64E6E68F81: changes role from  FOLLOWER to CANDIDATE at term 20 for changeToCandidate
2019-10-18 19:57:43,850 [Thread-681] INFO  impl.RoleInfo (RoleInfo.java:updateAndGet(143)) - 595ac112-eff6-4e35-b572-d6b1c4893b0f: start LeaderElection
2019-10-18 19:57:43,874 [595ac112-eff6-4e35-b572-d6b1c4893b0f@group-7B64E6E68F81-LeaderElection21] INFO  impl.LeaderElection (LeaderElection.java:askForVotes(178)) - 595ac112-eff6-4e35-b572-d6b1c4893b0f@group-7B64E6E68F81-LeaderElection21: begin an election at term 21 for 0: [652c9eaa-759b-40b5-a420-e649d7d5dbbd:192.168.34.13:44469, d13c026a-6de7-468a-bcba-b5f9e5455386:192.168.34.13:41921, 595ac112-eff6-4e35-b572-d6b1c4893b0f:192.168.34.13:37460], old=null
2019-10-18 19:57:43,876 [grpc-default-executor-4] INFO  impl.RaftServerImpl (RaftServerImpl.java:setRole(184)) - 652c9eaa-759b-40b5-a420-e649d7d5dbbd@group-7B64E6E68F81: changes role from  FOLLOWER to FOLLOWER at term 21 for recognizeCandidate:595ac112-eff6-4e35-b572-d6b1c4893b0f
2019-10-18 19:57:43,876 [grpc-default-executor-5] INFO  impl.RaftServerImpl (RaftServerImpl.java:setRole(184)) - d13c026a-6de7-468a-bcba-b5f9e5455386@group-7B64E6E68F81: changes role from  FOLLOWER to FOLLOWER at term 21 for recognizeCandidate:595ac112-eff6-4e35-b572-d6b1c4893b0f
2019-10-18 19:57:43,877 [grpc-default-executor-4] INFO  impl.RoleInfo (RoleInfo.java:shutdownFollowerState(121)) - 652c9eaa-759b-40b5-a420-e649d7d5dbbd: shutdown FollowerState
2019-10-18 19:57:43,996 [grpc-default-executor-5] INFO  impl.RoleInfo (RoleInfo.java:shutdownFollowerState(121)) - d13c026a-6de7-468a-bcba-b5f9e5455386: shutdown FollowerState
2019-10-18 19:57:44,003 [grpc-default-executor-4] INFO  impl.RoleInfo (RoleInfo.java:updateAndGet(143)) - 652c9eaa-759b-40b5-a420-e649d7d5dbbd: start FollowerState
2019-10-18 19:57:44,003 [Thread-679] INFO  impl.FollowerState (FollowerState.java:run(117)) - 652c9eaa-759b-40b5-a420-e649d7d5dbbd@group-7B64E6E68F81-FollowerState was interrupted: java.lang.InterruptedException: sleep interrupted
2019-10-18 19:57:44,003 [Thread-680] INFO  impl.FollowerState (FollowerState.java:run(117)) - d13c026a-6de7-468a-bcba-b5f9e5455386@group-7B64E6E68F81-FollowerState was interrupted: java.lang.InterruptedException: sleep interrupted
2019-10-18 19:57:44,003 [grpc-default-executor-5] INFO  impl.RoleInfo (RoleInfo.java:updateAndGet(143)) - d13c026a-6de7-468a-bcba-b5f9e5455386: start FollowerState
2019-10-18 19:57:44,022 [595ac112-eff6-4e35-b572-d6b1c4893b0f@group-7B64E6E68F81-LeaderElection21] INFO  impl.LeaderElection (LeaderElection.java:logAndReturn(56)) - 595ac112-eff6-4e35-b572-d6b1c4893b0f@group-7B64E6E68F81-LeaderElection21: Election TIMEOUT; received 0 response(s) [] and 0 exception(s); 595ac112-eff6-4e35-b572-d6b1c4893b0f@group-7B64E6E68F81:t21, leader=null, voted=595ac112-eff6-4e35-b572-d6b1c4893b0f, raftlog=595ac112-eff6-4e35-b572-d6b1c4893b0f@group-7B64E6E68F81-SegmentedRaftLog:OPENED:c3,f4,i4, conf=0: [652c9eaa-759b-40b5-a420-e649d7d5dbbd:192.168.34.13:44469, d13c026a-6de7-468a-bcba-b5f9e5455386:192.168.34.13:41921, 595ac112-eff6-4e35-b572-d6b1c4893b0f:192.168.34.13:37460], old=null
2019-10-18 19:57:44,045 [595ac112-eff6-4e35-b572-d6b1c4893b0f@group-7B64E6E68F81-LeaderElection21] INFO  impl.LeaderElection (LeaderElection.java:askForVotes(178)) - 595ac112-eff6-4e35-b572-d6b1c4893b0f@group-7B64E6E68F81-LeaderElection21: begin an election at term 22 for 0: [652c9eaa-759b-40b5-a420-e649d7d5dbbd:192.168.34.13:44469, d13c026a-6de7-468a-bcba-b5f9e5455386:192.168.34.13:41921, 595ac112-eff6-4e35-b572-d6b1c4893b0f:192.168.34.13:37460], old=null
2019-10-18 19:57:44,048 [grpc-default-executor-5] INFO  impl.RaftServerImpl (RaftServerImpl.java:setRole(184)) - d13c026a-6de7-468a-bcba-b5f9e5455386@group-7B64E6E68F81: changes role from  FOLLOWER to FOLLOWER at term 22 for recognizeCandidate:595ac112-eff6-4e35-b572-d6b1c4893b0f
2019-10-18 19:57:44,048 [grpc-default-executor-4] INFO  impl.RaftServerImpl (RaftServerImpl.java:setRole(184)) - 652c9eaa-759b-40b5-a420-e649d7d5dbbd@group-7B64E6E68F81: changes role from  FOLLOWER to FOLLOWER at term 22 for recognizeCandidate:595ac112-eff6-4e35-b572-d6b1c4893b0f
2019-10-18 19:57:44,049 [grpc-default-executor-5] INFO  impl.RoleInfo (RoleInfo.java:shutdownFollowerState(121)) - d13c026a-6de7-468a-bcba-b5f9e5455386: shutdown FollowerState
2019-10-18 19:57:44,049 [grpc-default-executor-4] INFO  impl.RoleInfo (RoleInfo.java:shutdownFollowerState(121)) - 652c9eaa-759b-40b5-a420-e649d7d5dbbd: shutdown FollowerState
2019-10-18 19:57:44,050 [grpc-default-executor-5] INFO  impl.RoleInfo (RoleInfo.java:updateAndGet(143)) - d13c026a-6de7-468a-bcba-b5f9e5455386: start FollowerState
2019-10-18 19:57:44,050 [Thread-686] INFO  impl.FollowerState (FollowerState.java:run(117)) - d13c026a-6de7-468a-bcba-b5f9e5455386@group-7B64E6E68F81-FollowerState was interrupted: java.lang.InterruptedException: sleep interrupted
2019-10-18 19:57:44,050 [grpc-default-executor-4] INFO  impl.RoleInfo (RoleInfo.java:updateAndGet(143)) - 652c9eaa-759b-40b5-a420-e649d7d5dbbd: start FollowerState
2019-10-18 19:57:44,050 [Thread-685] INFO  impl.FollowerState (FollowerState.java:run(117)) - 652c9eaa-759b-40b5-a420-e649d7d5dbbd@group-7B64E6E68F81-FollowerState was interrupted: java.lang.InterruptedException: sleep interrupted
2019-10-18 19:57:44,074 [595ac112-eff6-4e35-b572-d6b1c4893b0f@group-7B64E6E68F81-LeaderElection21] INFO  impl.LeaderElection (LeaderElection.java:logAndReturn(56)) - 595ac112-eff6-4e35-b572-d6b1c4893b0f@group-7B64E6E68F81-LeaderElection21: Election REJECTED; received 2 response(s) [595ac112-eff6-4e35-b572-d6b1c4893b0f<-652c9eaa-759b-40b5-a420-e649d7d5dbbd#0:FAIL-t22, 595ac112-eff6-4e35-b572-d6b1c4893b0f<-d13c026a-6de7-468a-bcba-b5f9e5455386#0:FAIL-t22] and 0 exception(s); 595ac112-eff6-4e35-b572-d6b1c4893b0f@group-7B64E6E68F81:t22, leader=null, voted=595ac112-eff6-4e35-b572-d6b1c4893b0f, raftlog=595ac112-eff6-4e35-b572-d6b1c4893b0f@group-7B64E6E68F81-SegmentedRaftLog:OPENED:c3,f4,i4, conf=0: [652c9eaa-759b-40b5-a420-e649d7d5dbbd:192.168.34.13:44469, d13c026a-6de7-468a-bcba-b5f9e5455386:192.168.34.13:41921, 595ac112-eff6-4e35-b572-d6b1c4893b0f:192.168.34.13:37460], old=null
2019-10-18 19:57:44,074 [595ac112-eff6-4e35-b572-d6b1c4893b0f@group-7B64E6E68F81-LeaderElection21] INFO  impl.RaftServerImpl (RaftServerImpl.java:setRole(184)) - 595ac112-eff6-4e35-b572-d6b1c4893b0f@group-7B64E6E68F81: changes role from CANDIDATE to FOLLOWER at term 22 for DISCOVERED_A_NEW_TERM
2019-10-18 19:57:44,074 [595ac112-eff6-4e35-b572-d6b1c4893b0f@group-7B64E6E68F81-LeaderElection21] INFO  impl.RoleInfo (RoleInfo.java:shutdownLeaderElection(134)) - 595ac112-eff6-4e35-b572-d6b1c4893b0f: shutdown LeaderElection
2019-10-18 19:57:44,074 [595ac112-eff6-4e35-b572-d6b1c4893b0f@group-7B64E6E68F81-LeaderElection21] INFO  impl.RoleInfo (RoleInfo.java:updateAndGet(143)) - 595ac112-eff6-4e35-b572-d6b1c4893b0f: start FollowerState
2019-10-18 19:57:44,246 [Thread-691] INFO  impl.FollowerState (FollowerState.java:run(108)) - 595ac112-eff6-4e35-b572-d6b1c4893b0f@group-7B64E6E68F81-FollowerState: change to CANDIDATE, lastRpcTime:172ms, electionTimeout:172ms
2019-10-18 19:57:44,248 [Thread-691] INFO  impl.RoleInfo (RoleInfo.java:shutdownFollowerState(121)) - 595ac112-eff6-4e35-b572-d6b1c4893b0f: shutdown FollowerState
2019-10-18 19:57:44,248 [Thread-691] INFO  impl.RaftServerImpl (RaftServerImpl.java:setRole(184)) - 595ac112-eff6-4e35-b572-d6b1c4893b0f@group-7B64E6E68F81: changes role from  FOLLOWER to CANDIDATE at term 22 for changeToCandidate
2019-10-18 19:57:44,248 [Thread-691] INFO  impl.RoleInfo (RoleInfo.java:updateAndGet(143)) - 595ac112-eff6-4e35-b572-d6b1c4893b0f: start LeaderElection
2019-10-18 19:57:44,268 [pool-7-thread-2] INFO  commands.RetriableDatanodeEventWatcher (RetriableDatanodeEventWatcher.java:onTimeout(47)) - RetriableDatanodeCommand type=deleteBlocksCommand with id=1571428658264 timed out. Retrying.
2019-10-18 19:57:44,268 [pool-7-thread-1] INFO  commands.RetriableDatanodeEventWatcher (RetriableDatanodeEventWatcher.java:onTimeout(47)) - RetriableDatanodeCommand type=deleteBlocksCommand with id=1571428658263 timed out. Retrying.
2019-10-18 19:57:44,270 [pool-7-thread-1] INFO  commands.RetriableDatanodeEventWatcher (RetriableDatanodeEventWatcher.java:onTimeout(47)) - RetriableDatanodeCommand type=deleteBlocksCommand with id=1571428658262 timed out. Retrying.
2019-10-18 19:57:44,270 [pool-7-thread-1] INFO  commands.RetriableDatanodeEventWatcher (RetriableDatanodeEventWatcher.java:onTimeout(47)) - RetriableDatanodeCommand type=deleteBlocksCommand with id=1571428658265 timed out. Retrying.
2019-10-18 19:57:44,272 [pool-7-thread-1] INFO  commands.RetriableDatanodeEventWatcher (RetriableDatanodeEventWatcher.java:onTimeout(47)) - RetriableDatanodeCommand type=deleteBlocksCommand with id=1571428658266 timed out. Retrying.
2019-10-18 19:57:44,272 [pool-7-thread-1] INFO  commands.RetriableDatanodeEventWatcher (RetriableDatanodeEventWatcher.java:onTimeout(47)) - RetriableDatanodeCommand type=deleteBlocksCommand with id=1571428658267 timed out. Retrying.
2019-10-18 19:57:44,273 [595ac112-eff6-4e35-b572-d6b1c4893b0f@group-7B64E6E68F81-LeaderElection22] INFO  impl.LeaderElection (LeaderElection.java:askForVotes(178)) - 595ac112-eff6-4e35-b572-d6b1c4893b0f@group-7B64E6E68F81-LeaderElection22: begin an election at term 23 for 0: [652c9eaa-759b-40b5-a420-e649d7d5dbbd:192.168.34.13:44469, d13c026a-6de7-468a-bcba-b5f9e5455386:192.168.34.13:41921, 595ac112-eff6-4e35-b572-d6b1c4893b0f:192.168.34.13:37460], old=null
2019-10-18 19:57:44,274 [SCMBlockDeletingService#1] INFO  block.SCMBlockDeletingService (SCMBlockDeletingService.java:call(184)) - Totally added 1 delete blocks command for 1 datanodes, task elapsed time: 0ms
2019-10-18 19:57:44,276 [grpc-default-executor-4] INFO  impl.RaftServerImpl (RaftServerImpl.java:setRole(184)) - d13c026a-6de7-468a-bcba-b5f9e5455386@group-7B64E6E68F81: changes role from  FOLLOWER to FOLLOWER at term 23 for recognizeCandidate:595ac112-eff6-4e35-b572-d6b1c4893b0f
2019-10-18 19:57:44,276 [grpc-default-executor-5] INFO  impl.RaftServerImpl (RaftServerImpl.java:setRole(184)) - 652c9eaa-759b-40b5-a420-e649d7d5dbbd@group-7B64E6E68F81: changes role from  FOLLOWER to FOLLOWER at term 23 for recognizeCandidate:595ac112-eff6-4e35-b572-d6b1c4893b0f
2019-10-18 19:57:44,276 [grpc-default-executor-4] INFO  impl.RoleInfo (RoleInfo.java:shutdownFollowerState(121)) - d13c026a-6de7-468a-bcba-b5f9e5455386: shutdown FollowerState
2019-10-18 19:57:44,276 [grpc-default-executor-5] INFO  impl.RoleInfo (RoleInfo.java:shutdownFollowerState(121)) - 652c9eaa-759b-40b5-a420-e649d7d5dbbd: shutdown FollowerState
2019-10-18 19:57:44,277 [Thread-689] INFO  impl.FollowerState (FollowerState.java:run(117)) - d13c026a-6de7-468a-bcba-b5f9e5455386@group-7B64E6E68F81-FollowerState was interrupted: java.lang.InterruptedException: sleep interrupted
2019-10-18 19:57:44,277 [grpc-default-executor-5] INFO  impl.RoleInfo (RoleInfo.java:updateAndGet(143)) - 652c9eaa-759b-40b5-a420-e649d7d5dbbd: start FollowerState
2019-10-18 19:57:44,277 [grpc-default-executor-4] INFO  impl.RoleInfo (RoleInfo.java:updateAndGet(143)) - d13c026a-6de7-468a-bcba-b5f9e5455386: start FollowerState
2019-10-18 19:57:44,277 [Thread-690] INFO  impl.FollowerState (FollowerState.java:run(117)) - 652c9eaa-759b-40b5-a420-e649d7d5dbbd@group-7B64E6E68F81-FollowerState was interrupted: java.lang.InterruptedException: sleep interrupted
2019-10-18 19:57:44,301 [595ac112-eff6-4e35-b572-d6b1c4893b0f@group-7B64E6E68F81-LeaderElection22] INFO  impl.LeaderElection (LeaderElection.java:logAndReturn(56)) - 595ac112-eff6-4e35-b572-d6b1c4893b0f@group-7B64E6E68F81-LeaderElection22: Election REJECTED; received 2 response(s) [595ac112-eff6-4e35-b572-d6b1c4893b0f<-652c9eaa-759b-40b5-a420-e649d7d5dbbd#0:FAIL-t23, 595ac112-eff6-4e35-b572-d6b1c4893b0f<-d13c026a-6de7-468a-bcba-b5f9e5455386#0:FAIL-t23] and 0 exception(s); 595ac112-eff6-4e35-b572-d6b1c4893b0f@group-7B64E6E68F81:t23, leader=null, voted=595ac112-eff6-4e35-b572-d6b1c4893b0f, raftlog=595ac112-eff6-4e35-b572-d6b1c4893b0f@group-7B64E6E68F81-SegmentedRaftLog:OPENED:c3,f4,i4, conf=0: [652c9eaa-759b-40b5-a420-e649d7d5dbbd:192.168.34.13:44469, d13c026a-6de7-468a-bcba-b5f9e5455386:192.168.34.13:41921, 595ac112-eff6-4e35-b572-d6b1c4893b0f:192.168.34.13:37460], old=null
2019-10-18 19:57:44,301 [595ac112-eff6-4e35-b572-d6b1c4893b0f@group-7B64E6E68F81-LeaderElection22] INFO  impl.RaftServerImpl (RaftServerImpl.java:setRole(184)) - 595ac112-eff6-4e35-b572-d6b1c4893b0f@group-7B64E6E68F81: changes role from CANDIDATE to FOLLOWER at term 23 for DISCOVERED_A_NEW_TERM
2019-10-18 19:57:44,302 [595ac112-eff6-4e35-b572-d6b1c4893b0f@group-7B64E6E68F81-LeaderElection22] INFO  impl.RoleInfo (RoleInfo.java:shutdownLeaderElection(134)) - 595ac112-eff6-4e35-b572-d6b1c4893b0f: shutdown LeaderElection
2019-10-18 19:57:44,302 [595ac112-eff6-4e35-b572-d6b1c4893b0f@group-7B64E6E68F81-LeaderElection22] INFO  impl.RoleInfo (RoleInfo.java:updateAndGet(143)) - 595ac112-eff6-4e35-b572-d6b1c4893b0f: start FollowerState
2019-10-18 19:57:44,407 [Thread-697] INFO  impl.FollowerState (FollowerState.java:run(108)) - 595ac112-eff6-4e35-b572-d6b1c4893b0f@group-7B64E6E68F81-FollowerState: change to CANDIDATE, lastRpcTime:105ms, electionTimeout:105ms
2019-10-18 19:57:44,409 [Thread-697] INFO  impl.RoleInfo (RoleInfo.java:shutdownFollowerState(121)) - 595ac112-eff6-4e35-b572-d6b1c4893b0f: shutdown FollowerState
2019-10-18 19:57:44,409 [Thread-697] INFO  impl.RaftServerImpl (RaftServerImpl.java:setRole(184)) - 595ac112-eff6-4e35-b572-d6b1c4893b0f@group-7B64E6E68F81: changes role from  FOLLOWER to CANDIDATE at term 23 for changeToCandidate
2019-10-18 19:57:44,409 [Thread-697] INFO  impl.RoleInfo (RoleInfo.java:updateAndGet(143)) - 595ac112-eff6-4e35-b572-d6b1c4893b0f: start LeaderElection
2019-10-18 19:57:44,433 [595ac112-eff6-4e35-b572-d6b1c4893b0f@group-7B64E6E68F81-LeaderElection23] INFO  impl.LeaderElection (LeaderElection.java:askForVotes(178)) - 595ac112-eff6-4e35-b572-d6b1c4893b0f@group-7B64E6E68F81-LeaderElection23: begin an election at term 24 for 0: [652c9eaa-759b-40b5-a420-e649d7d5dbbd:192.168.34.13:44469, d13c026a-6de7-468a-bcba-b5f9e5455386:192.168.34.13:41921, 595ac112-eff6-4e35-b572-d6b1c4893b0f:192.168.34.13:37460], old=null
2019-10-18 19:57:44,436 [grpc-default-executor-4] INFO  impl.RaftServerImpl (RaftServerImpl.java:setRole(184)) - d13c026a-6de7-468a-bcba-b5f9e5455386@group-7B64E6E68F81: changes role from  FOLLOWER to FOLLOWER at term 24 for recognizeCandidate:595ac112-eff6-4e35-b572-d6b1c4893b0f
2019-10-18 19:57:44,436 [grpc-default-executor-4] INFO  impl.RoleInfo (RoleInfo.java:shutdownFollowerState(121)) - d13c026a-6de7-468a-bcba-b5f9e5455386: shutdown FollowerState
2019-10-18 19:57:44,436 [grpc-default-executor-5] INFO  impl.RaftServerImpl (RaftServerImpl.java:setRole(184)) - 652c9eaa-759b-40b5-a420-e649d7d5dbbd@group-7B64E6E68F81: changes role from  FOLLOWER to FOLLOWER at term 24 for recognizeCandidate:595ac112-eff6-4e35-b572-d6b1c4893b0f
2019-10-18 19:57:44,437 [Thread-695] INFO  impl.FollowerState (FollowerState.java:run(117)) - d13c026a-6de7-468a-bcba-b5f9e5455386@group-7B64E6E68F81-FollowerState was interrupted: java.lang.InterruptedException: sleep interrupted
2019-10-18 19:57:44,437 [grpc-default-executor-4] INFO  impl.RoleInfo (RoleInfo.java:updateAndGet(143)) - d13c026a-6de7-468a-bcba-b5f9e5455386: start FollowerState
2019-10-18 19:57:44,437 [grpc-default-executor-5] INFO  impl.RoleInfo (RoleInfo.java:shutdownFollowerState(121)) - 652c9eaa-759b-40b5-a420-e649d7d5dbbd: shutdown FollowerState
2019-10-18 19:57:44,437 [Thread-696] INFO  impl.FollowerState (FollowerState.java:run(117)) - 652c9eaa-759b-40b5-a420-e649d7d5dbbd@group-7B64E6E68F81-FollowerState was interrupted: java.lang.InterruptedException: sleep interrupted
2019-10-18 19:57:44,437 [grpc-default-executor-5] INFO  impl.RoleInfo (RoleInfo.java:updateAndGet(143)) - 652c9eaa-759b-40b5-a420-e649d7d5dbbd: start FollowerState
2019-10-18 19:57:44,480 [595ac112-eff6-4e35-b572-d6b1c4893b0f@group-7B64E6E68F81-LeaderElection23] INFO  impl.LeaderElection (LeaderElection.java:logAndReturn(56)) - 595ac112-eff6-4e35-b572-d6b1c4893b0f@group-7B64E6E68F81-LeaderElection23: Election REJECTED; received 2 response(s) [595ac112-eff6-4e35-b572-d6b1c4893b0f<-652c9eaa-759b-40b5-a420-e649d7d5dbbd#0:FAIL-t24, 595ac112-eff6-4e35-b572-d6b1c4893b0f<-d13c026a-6de7-468a-bcba-b5f9e5455386#0:FAIL-t24] and 0 exception(s); 595ac112-eff6-4e35-b572-d6b1c4893b0f@group-7B64E6E68F81:t24, leader=null, voted=595ac112-eff6-4e35-b572-d6b1c4893b0f, raftlog=595ac112-eff6-4e35-b572-d6b1c4893b0f@group-7B64E6E68F81-SegmentedRaftLog:OPENED:c3,f4,i4, conf=0: [652c9eaa-759b-40b5-a420-e649d7d5dbbd:192.168.34.13:44469, d13c026a-6de7-468a-bcba-b5f9e5455386:192.168.34.13:41921, 595ac112-eff6-4e35-b572-d6b1c4893b0f:192.168.34.13:37460], old=null
2019-10-18 19:57:44,480 [595ac112-eff6-4e35-b572-d6b1c4893b0f@group-7B64E6E68F81-LeaderElection23] INFO  impl.RaftServerImpl (RaftServerImpl.java:setRole(184)) - 595ac112-eff6-4e35-b572-d6b1c4893b0f@group-7B64E6E68F81: changes role from CANDIDATE to FOLLOWER at term 24 for DISCOVERED_A_NEW_TERM
2019-10-18 19:57:44,480 [595ac112-eff6-4e35-b572-d6b1c4893b0f@group-7B64E6E68F81-LeaderElection23] INFO  impl.RoleInfo (RoleInfo.java:shutdownLeaderElection(134)) - 595ac112-eff6-4e35-b572-d6b1c4893b0f: shutdown LeaderElection
2019-10-18 19:57:44,480 [595ac112-eff6-4e35-b572-d6b1c4893b0f@group-7B64E6E68F81-LeaderElection23] INFO  impl.RoleInfo (RoleInfo.java:updateAndGet(143)) - 595ac112-eff6-4e35-b572-d6b1c4893b0f: start FollowerState
2019-10-18 19:57:44,544 [Thread-704] INFO  impl.FollowerState (FollowerState.java:run(108)) - 595ac112-eff6-4e35-b572-d6b1c4893b0f@group-7B64E6E68F81-FollowerState: change to CANDIDATE, lastRpcTime:63ms, electionTimeout:63ms
2019-10-18 19:57:44,545 [Thread-704] INFO  impl.RoleInfo (RoleInfo.java:shutdownFollowerState(121)) - 595ac112-eff6-4e35-b572-d6b1c4893b0f: shutdown FollowerState
2019-10-18 19:57:44,545 [Thread-704] INFO  impl.RaftServerImpl (RaftServerImpl.java:setRole(184)) - 595ac112-eff6-4e35-b572-d6b1c4893b0f@group-7B64E6E68F81: changes role from  FOLLOWER to CANDIDATE at term 24 for changeToCandidate
2019-10-18 19:57:44,546 [Thread-704] INFO  impl.RoleInfo (RoleInfo.java:updateAndGet(143)) - 595ac112-eff6-4e35-b572-d6b1c4893b0f: start LeaderElection
2019-10-18 19:57:44,570 [595ac112-eff6-4e35-b572-d6b1c4893b0f@group-7B64E6E68F81-LeaderElection24] INFO  impl.LeaderElection (LeaderElection.java:askForVotes(178)) - 595ac112-eff6-4e35-b572-d6b1c4893b0f@group-7B64E6E68F81-LeaderElection24: begin an election at term 25 for 0: [652c9eaa-759b-40b5-a420-e649d7d5dbbd:192.168.34.13:44469, d13c026a-6de7-468a-bcba-b5f9e5455386:192.168.34.13:41921, 595ac112-eff6-4e35-b572-d6b1c4893b0f:192.168.34.13:37460], old=null
2019-10-18 19:57:44,574 [grpc-default-executor-5] INFO  impl.RaftServerImpl (RaftServerImpl.java:setRole(184)) - 652c9eaa-759b-40b5-a420-e649d7d5dbbd@group-7B64E6E68F81: changes role from  FOLLOWER to FOLLOWER at term 25 for recognizeCandidate:595ac112-eff6-4e35-b572-d6b1c4893b0f
2019-10-18 19:57:44,574 [grpc-default-executor-5] INFO  impl.RoleInfo (RoleInfo.java:shutdownFollowerState(121)) - 652c9eaa-759b-40b5-a420-e649d7d5dbbd: shutdown FollowerState
2019-10-18 19:57:44,574 [grpc-default-executor-5] INFO  impl.RoleInfo (RoleInfo.java:updateAndGet(143)) - 652c9eaa-759b-40b5-a420-e649d7d5dbbd: start FollowerState
2019-10-18 19:57:44,574 [grpc-default-executor-4] INFO  impl.RaftServerImpl (RaftServerImpl.java:setRole(184)) - d13c026a-6de7-468a-bcba-b5f9e5455386@group-7B64E6E68F81: changes role from  FOLLOWER to FOLLOWER at term 25 for recognizeCandidate:595ac112-eff6-4e35-b572-d6b1c4893b0f
2019-10-18 19:57:44,574 [Thread-703] INFO  impl.FollowerState (FollowerState.java:run(117)) - 652c9eaa-759b-40b5-a420-e649d7d5dbbd@group-7B64E6E68F81-FollowerState was interrupted: java.lang.InterruptedException: sleep interrupted
2019-10-18 19:57:44,575 [grpc-default-executor-4] INFO  impl.RoleInfo (RoleInfo.java:shutdownFollowerState(121)) - d13c026a-6de7-468a-bcba-b5f9e5455386: shutdown FollowerState
2019-10-18 19:57:44,575 [grpc-default-executor-4] INFO  impl.RoleInfo (RoleInfo.java:updateAndGet(143)) - d13c026a-6de7-468a-bcba-b5f9e5455386: start FollowerState
2019-10-18 19:57:44,575 [Thread-702] INFO  impl.FollowerState (FollowerState.java:run(117)) - d13c026a-6de7-468a-bcba-b5f9e5455386@group-7B64E6E68F81-FollowerState was interrupted: java.lang.InterruptedException: sleep interrupted
2019-10-18 19:57:44,614 [595ac112-eff6-4e35-b572-d6b1c4893b0f@group-7B64E6E68F81-LeaderElection24] INFO  impl.LeaderElection (LeaderElection.java:logAndReturn(56)) - 595ac112-eff6-4e35-b572-d6b1c4893b0f@group-7B64E6E68F81-LeaderElection24: Election REJECTED; received 2 response(s) [595ac112-eff6-4e35-b572-d6b1c4893b0f<-652c9eaa-759b-40b5-a420-e649d7d5dbbd#0:FAIL-t25, 595ac112-eff6-4e35-b572-d6b1c4893b0f<-d13c026a-6de7-468a-bcba-b5f9e5455386#0:FAIL-t25] and 0 exception(s); 595ac112-eff6-4e35-b572-d6b1c4893b0f@group-7B64E6E68F81:t25, leader=null, voted=595ac112-eff6-4e35-b572-d6b1c4893b0f, raftlog=595ac112-eff6-4e35-b572-d6b1c4893b0f@group-7B64E6E68F81-SegmentedRaftLog:OPENED:c3,f4,i4, conf=0: [652c9eaa-759b-40b5-a420-e649d7d5dbbd:192.168.34.13:44469, d13c026a-6de7-468a-bcba-b5f9e5455386:192.168.34.13:41921, 595ac112-eff6-4e35-b572-d6b1c4893b0f:192.168.34.13:37460], old=null
2019-10-18 19:57:44,614 [595ac112-eff6-4e35-b572-d6b1c4893b0f@group-7B64E6E68F81-LeaderElection24] INFO  impl.RaftServerImpl (RaftServerImpl.java:setRole(184)) - 595ac112-eff6-4e35-b572-d6b1c4893b0f@group-7B64E6E68F81: changes role from CANDIDATE to FOLLOWER at term 25 for DISCOVERED_A_NEW_TERM
2019-10-18 19:57:44,615 [595ac112-eff6-4e35-b572-d6b1c4893b0f@group-7B64E6E68F81-LeaderElection24] INFO  impl.RoleInfo (RoleInfo.java:shutdownLeaderElection(134)) - 595ac112-eff6-4e35-b572-d6b1c4893b0f: shutdown LeaderElection
2019-10-18 19:57:44,615 [595ac112-eff6-4e35-b572-d6b1c4893b0f@group-7B64E6E68F81-LeaderElection24] INFO  impl.RoleInfo (RoleInfo.java:updateAndGet(143)) - 595ac112-eff6-4e35-b572-d6b1c4893b0f: start FollowerState
2019-10-18 19:57:44,638 [Thread-712] INFO  client.GrpcClientProtocolService (GrpcClientProtocolService.java:lambda$processClientRequest$0(278)) - Failed RaftClientRequest:client-B973F343C649->652c9eaa-759b-40b5-a420-e649d7d5dbbd@group-7B64E6E68F81, cid=10, seq=0, Watch-ALL_COMMITTED(6), Message:<EMPTY>, reply=RaftClientReply:client-B973F343C649->652c9eaa-759b-40b5-a420-e649d7d5dbbd@group-7B64E6E68F81, cid=10, FAILED org.apache.ratis.protocol.NotLeaderException: Server 652c9eaa-759b-40b5-a420-e649d7d5dbbd@group-7B64E6E68F81 is not the leader, logIndex=0, commits[652c9eaa-759b-40b5-a420-e649d7d5dbbd:c10, d13c026a-6de7-468a-bcba-b5f9e5455386:c10, 595ac112-eff6-4e35-b572-d6b1c4893b0f:c4]
2019-10-18 19:57:44,699 [BlockDeletingService#2] WARN  background.BlockDeletingService (BlockDeletingService.java:isDeletionAllowed(187)) - Close Container log Index 6 is not replicated across allthe servers in the pipeline 11bb0cf2-26ce-4402-a950-7b64e6e68f81 as the min replicated index is 4. Deletion is not allowed in this container yet.
2019-10-18 19:57:44,699 [BlockDeletingService#2] WARN  background.BlockDeletingService (BlockDeletingService.java:isDeletionAllowed(187)) - Close Container log Index 6 is not replicated across allthe servers in the pipeline 11bb0cf2-26ce-4402-a950-7b64e6e68f81 as the min replicated index is 4. Deletion is not allowed in this container yet.
2019-10-18 19:57:44,764 [Thread-710] INFO  impl.FollowerState (FollowerState.java:run(108)) - 595ac112-eff6-4e35-b572-d6b1c4893b0f@group-7B64E6E68F81-FollowerState: change to CANDIDATE, lastRpcTime:149ms, electionTimeout:147ms
2019-10-18 19:57:44,764 [Thread-710] INFO  impl.RoleInfo (RoleInfo.java:shutdownFollowerState(121)) - 595ac112-eff6-4e35-b572-d6b1c4893b0f: shutdown FollowerState
2019-10-18 19:57:44,765 [Thread-710] INFO  impl.RaftServerImpl (RaftServerImpl.java:setRole(184)) - 595ac112-eff6-4e35-b572-d6b1c4893b0f@group-7B64E6E68F81: changes role from  FOLLOWER to CANDIDATE at term 25 for changeToCandidate
2019-10-18 19:57:44,765 [Thread-710] INFO  impl.RoleInfo (RoleInfo.java:updateAndGet(143)) - 595ac112-eff6-4e35-b572-d6b1c4893b0f: start LeaderElection
2019-10-18 19:57:44,796 [595ac112-eff6-4e35-b572-d6b1c4893b0f@group-7B64E6E68F81-LeaderElection25] INFO  impl.LeaderElection (LeaderElection.java:askForVotes(178)) - 595ac112-eff6-4e35-b572-d6b1c4893b0f@group-7B64E6E68F81-LeaderElection25: begin an election at term 26 for 0: [652c9eaa-759b-40b5-a420-e649d7d5dbbd:192.168.34.13:44469, d13c026a-6de7-468a-bcba-b5f9e5455386:192.168.34.13:41921, 595ac112-eff6-4e35-b572-d6b1c4893b0f:192.168.34.13:37460], old=null
2019-10-18 19:57:44,799 [grpc-default-executor-4] INFO  impl.RaftServerImpl (RaftServerImpl.java:setRole(184)) - 652c9eaa-759b-40b5-a420-e649d7d5dbbd@group-7B64E6E68F81: changes role from  FOLLOWER to FOLLOWER at term 26 for recognizeCandidate:595ac112-eff6-4e35-b572-d6b1c4893b0f
2019-10-18 19:57:44,799 [grpc-default-executor-5] INFO  impl.RaftServerImpl (RaftServerImpl.java:setRole(184)) - d13c026a-6de7-468a-bcba-b5f9e5455386@group-7B64E6E68F81: changes role from  FOLLOWER to FOLLOWER at term 26 for recognizeCandidate:595ac112-eff6-4e35-b572-d6b1c4893b0f
2019-10-18 19:57:44,799 [grpc-default-executor-4] INFO  impl.RoleInfo (RoleInfo.java:shutdownFollowerState(121)) - 652c9eaa-759b-40b5-a420-e649d7d5dbbd: shutdown FollowerState
2019-10-18 19:57:44,799 [grpc-default-executor-5] INFO  impl.RoleInfo (RoleInfo.java:shutdownFollowerState(121)) - d13c026a-6de7-468a-bcba-b5f9e5455386: shutdown FollowerState
2019-10-18 19:57:44,800 [grpc-default-executor-4] INFO  impl.RoleInfo (RoleInfo.java:updateAndGet(143)) - 652c9eaa-759b-40b5-a420-e649d7d5dbbd: start FollowerState
2019-10-18 19:57:44,800 [Thread-708] INFO  impl.FollowerState (FollowerState.java:run(117)) - 652c9eaa-759b-40b5-a420-e649d7d5dbbd@group-7B64E6E68F81-FollowerState was interrupted: java.lang.InterruptedException: sleep interrupted
2019-10-18 19:57:44,800 [grpc-default-executor-5] INFO  impl.RoleInfo (RoleInfo.java:updateAndGet(143)) - d13c026a-6de7-468a-bcba-b5f9e5455386: start FollowerState
2019-10-18 19:57:44,800 [Thread-709] INFO  impl.FollowerState (FollowerState.java:run(117)) - d13c026a-6de7-468a-bcba-b5f9e5455386@group-7B64E6E68F81-FollowerState was interrupted: java.lang.InterruptedException: sleep interrupted
2019-10-18 19:57:44,831 [595ac112-eff6-4e35-b572-d6b1c4893b0f@group-7B64E6E68F81-LeaderElection25] INFO  impl.LeaderElection (LeaderElection.java:logAndReturn(56)) - 595ac112-eff6-4e35-b572-d6b1c4893b0f@group-7B64E6E68F81-LeaderElection25: Election REJECTED; received 2 response(s) [595ac112-eff6-4e35-b572-d6b1c4893b0f<-652c9eaa-759b-40b5-a420-e649d7d5dbbd#0:FAIL-t26, 595ac112-eff6-4e35-b572-d6b1c4893b0f<-d13c026a-6de7-468a-bcba-b5f9e5455386#0:FAIL-t26] and 0 exception(s); 595ac112-eff6-4e35-b572-d6b1c4893b0f@group-7B64E6E68F81:t26, leader=null, voted=595ac112-eff6-4e35-b572-d6b1c4893b0f, raftlog=595ac112-eff6-4e35-b572-d6b1c4893b0f@group-7B64E6E68F81-SegmentedRaftLog:OPENED:c3,f4,i4, conf=0: [652c9eaa-759b-40b5-a420-e649d7d5dbbd:192.168.34.13:44469, d13c026a-6de7-468a-bcba-b5f9e5455386:192.168.34.13:41921, 595ac112-eff6-4e35-b572-d6b1c4893b0f:192.168.34.13:37460], old=null
2019-10-18 19:57:44,831 [595ac112-eff6-4e35-b572-d6b1c4893b0f@group-7B64E6E68F81-LeaderElection25] INFO  impl.RaftServerImpl (RaftServerImpl.java:setRole(184)) - 595ac112-eff6-4e35-b572-d6b1c4893b0f@group-7B64E6E68F81: changes role from CANDIDATE to FOLLOWER at term 26 for DISCOVERED_A_NEW_TERM
2019-10-18 19:57:44,832 [595ac112-eff6-4e35-b572-d6b1c4893b0f@group-7B64E6E68F81-LeaderElection25] INFO  impl.RoleInfo (RoleInfo.java:shutdownLeaderElection(134)) - 595ac112-eff6-4e35-b572-d6b1c4893b0f: shutdown LeaderElection
2019-10-18 19:57:44,832 [595ac112-eff6-4e35-b572-d6b1c4893b0f@group-7B64E6E68F81-LeaderElection25] INFO  impl.RoleInfo (RoleInfo.java:updateAndGet(143)) - 595ac112-eff6-4e35-b572-d6b1c4893b0f: start FollowerState
2019-10-18 19:57:44,893 [Thread-721] INFO  impl.FollowerState (FollowerState.java:run(108)) - 595ac112-eff6-4e35-b572-d6b1c4893b0f@group-7B64E6E68F81-FollowerState: change to CANDIDATE, lastRpcTime:61ms, electionTimeout:61ms
2019-10-18 19:57:44,895 [Thread-721] INFO  impl.RoleInfo (RoleInfo.java:shutdownFollowerState(121)) - 595ac112-eff6-4e35-b572-d6b1c4893b0f: shutdown FollowerState
2019-10-18 19:57:44,895 [Thread-721] INFO  impl.RaftServerImpl (RaftServerImpl.java:setRole(184)) - 595ac112-eff6-4e35-b572-d6b1c4893b0f@group-7B64E6E68F81: changes role from  FOLLOWER to CANDIDATE at term 26 for changeToCandidate
2019-10-18 19:57:44,895 [Thread-721] INFO  impl.RoleInfo (RoleInfo.java:updateAndGet(143)) - 595ac112-eff6-4e35-b572-d6b1c4893b0f: start LeaderElection
2019-10-18 19:57:44,930 [595ac112-eff6-4e35-b572-d6b1c4893b0f@group-7B64E6E68F81-LeaderElection26] INFO  impl.LeaderElection (LeaderElection.java:askForVotes(178)) - 595ac112-eff6-4e35-b572-d6b1c4893b0f@group-7B64E6E68F81-LeaderElection26: begin an election at term 27 for 0: [652c9eaa-759b-40b5-a420-e649d7d5dbbd:192.168.34.13:44469, d13c026a-6de7-468a-bcba-b5f9e5455386:192.168.34.13:41921, 595ac112-eff6-4e35-b572-d6b1c4893b0f:192.168.34.13:37460], old=null
2019-10-18 19:57:44,933 [grpc-default-executor-4] INFO  impl.RaftServerImpl (RaftServerImpl.java:setRole(184)) - 652c9eaa-759b-40b5-a420-e649d7d5dbbd@group-7B64E6E68F81: changes role from  FOLLOWER to FOLLOWER at term 27 for recognizeCandidate:595ac112-eff6-4e35-b572-d6b1c4893b0f
2019-10-18 19:57:44,933 [grpc-default-executor-5] INFO  impl.RaftServerImpl (RaftServerImpl.java:setRole(184)) - d13c026a-6de7-468a-bcba-b5f9e5455386@group-7B64E6E68F81: changes role from  FOLLOWER to FOLLOWER at term 27 for recognizeCandidate:595ac112-eff6-4e35-b572-d6b1c4893b0f
2019-10-18 19:57:44,933 [grpc-default-executor-4] INFO  impl.RoleInfo (RoleInfo.java:shutdownFollowerState(121)) - 652c9eaa-759b-40b5-a420-e649d7d5dbbd: shutdown FollowerState
2019-10-18 19:57:44,934 [grpc-default-executor-5] INFO  impl.RoleInfo (RoleInfo.java:shutdownFollowerState(121)) - d13c026a-6de7-468a-bcba-b5f9e5455386: shutdown FollowerState
2019-10-18 19:57:44,934 [Thread-719] INFO  impl.FollowerState (FollowerState.java:run(117)) - 652c9eaa-759b-40b5-a420-e649d7d5dbbd@group-7B64E6E68F81-FollowerState was interrupted: java.lang.InterruptedException: sleep interrupted
2019-10-18 19:57:44,934 [grpc-default-executor-4] INFO  impl.RoleInfo (RoleInfo.java:updateAndGet(143)) - 652c9eaa-759b-40b5-a420-e649d7d5dbbd: start FollowerState
2019-10-18 19:57:44,934 [grpc-default-executor-5] INFO  impl.RoleInfo (RoleInfo.java:updateAndGet(143)) - d13c026a-6de7-468a-bcba-b5f9e5455386: start FollowerState
2019-10-18 19:57:44,934 [Thread-720] INFO  impl.FollowerState (FollowerState.java:run(117)) - d13c026a-6de7-468a-bcba-b5f9e5455386@group-7B64E6E68F81-FollowerState was interrupted: java.lang.InterruptedException: sleep interrupted
2019-10-18 19:57:44,957 [595ac112-eff6-4e35-b572-d6b1c4893b0f@group-7B64E6E68F81-LeaderElection26] INFO  impl.LeaderElection (LeaderElection.java:logAndReturn(56)) - 595ac112-eff6-4e35-b572-d6b1c4893b0f@group-7B64E6E68F81-LeaderElection26: Election REJECTED; received 2 response(s) [595ac112-eff6-4e35-b572-d6b1c4893b0f<-652c9eaa-759b-40b5-a420-e649d7d5dbbd#0:FAIL-t27, 595ac112-eff6-4e35-b572-d6b1c4893b0f<-d13c026a-6de7-468a-bcba-b5f9e5455386#0:FAIL-t27] and 0 exception(s); 595ac112-eff6-4e35-b572-d6b1c4893b0f@group-7B64E6E68F81:t27, leader=null, voted=595ac112-eff6-4e35-b572-d6b1c4893b0f, raftlog=595ac112-eff6-4e35-b572-d6b1c4893b0f@group-7B64E6E68F81-SegmentedRaftLog:OPENED:c3,f4,i4, conf=0: [652c9eaa-759b-40b5-a420-e649d7d5dbbd:192.168.34.13:44469, d13c026a-6de7-468a-bcba-b5f9e5455386:192.168.34.13:41921, 595ac112-eff6-4e35-b572-d6b1c4893b0f:192.168.34.13:37460], old=null
2019-10-18 19:57:44,957 [595ac112-eff6-4e35-b572-d6b1c4893b0f@group-7B64E6E68F81-LeaderElection26] INFO  impl.RaftServerImpl (RaftServerImpl.java:setRole(184)) - 595ac112-eff6-4e35-b572-d6b1c4893b0f@group-7B64E6E68F81: changes role from CANDIDATE to FOLLOWER at term 27 for DISCOVERED_A_NEW_TERM
2019-10-18 19:57:44,957 [595ac112-eff6-4e35-b572-d6b1c4893b0f@group-7B64E6E68F81-LeaderElection26] INFO  impl.RoleInfo (RoleInfo.java:shutdownLeaderElection(134)) - 595ac112-eff6-4e35-b572-d6b1c4893b0f: shutdown LeaderElection
2019-10-18 19:57:44,957 [595ac112-eff6-4e35-b572-d6b1c4893b0f@group-7B64E6E68F81-LeaderElection26] INFO  impl.RoleInfo (RoleInfo.java:updateAndGet(143)) - 595ac112-eff6-4e35-b572-d6b1c4893b0f: start FollowerState
2019-10-18 19:57:45,123 [Thread-727] INFO  impl.FollowerState (FollowerState.java:run(108)) - 595ac112-eff6-4e35-b572-d6b1c4893b0f@group-7B64E6E68F81-FollowerState: change to CANDIDATE, lastRpcTime:165ms, electionTimeout:165ms
2019-10-18 19:57:45,125 [Thread-727] INFO  impl.RoleInfo (RoleInfo.java:shutdownFollowerState(121)) - 595ac112-eff6-4e35-b572-d6b1c4893b0f: shutdown FollowerState
2019-10-18 19:57:45,125 [Thread-727] INFO  impl.RaftServerImpl (RaftServerImpl.java:setRole(184)) - 595ac112-eff6-4e35-b572-d6b1c4893b0f@group-7B64E6E68F81: changes role from  FOLLOWER to CANDIDATE at term 27 for changeToCandidate
2019-10-18 19:57:45,125 [Thread-727] INFO  impl.RoleInfo (RoleInfo.java:updateAndGet(143)) - 595ac112-eff6-4e35-b572-d6b1c4893b0f: start LeaderElection
2019-10-18 19:57:45,156 [595ac112-eff6-4e35-b572-d6b1c4893b0f@group-7B64E6E68F81-LeaderElection27] INFO  impl.LeaderElection (LeaderElection.java:askForVotes(178)) - 595ac112-eff6-4e35-b572-d6b1c4893b0f@group-7B64E6E68F81-LeaderElection27: begin an election at term 28 for 0: [652c9eaa-759b-40b5-a420-e649d7d5dbbd:192.168.34.13:44469, d13c026a-6de7-468a-bcba-b5f9e5455386:192.168.34.13:41921, 595ac112-eff6-4e35-b572-d6b1c4893b0f:192.168.34.13:37460], old=null
2019-10-18 19:57:45,159 [grpc-default-executor-5] INFO  impl.RaftServerImpl (RaftServerImpl.java:setRole(184)) - 652c9eaa-759b-40b5-a420-e649d7d5dbbd@group-7B64E6E68F81: changes role from  FOLLOWER to FOLLOWER at term 28 for recognizeCandidate:595ac112-eff6-4e35-b572-d6b1c4893b0f
2019-10-18 19:57:45,159 [grpc-default-executor-5] INFO  impl.RoleInfo (RoleInfo.java:shutdownFollowerState(121)) - 652c9eaa-759b-40b5-a420-e649d7d5dbbd: shutdown FollowerState
2019-10-18 19:57:45,159 [grpc-default-executor-4] INFO  impl.RaftServerImpl (RaftServerImpl.java:setRole(184)) - d13c026a-6de7-468a-bcba-b5f9e5455386@group-7B64E6E68F81: changes role from  FOLLOWER to FOLLOWER at term 28 for recognizeCandidate:595ac112-eff6-4e35-b572-d6b1c4893b0f
2019-10-18 19:57:45,159 [grpc-default-executor-5] INFO  impl.RoleInfo (RoleInfo.java:updateAndGet(143)) - 652c9eaa-759b-40b5-a420-e649d7d5dbbd: start FollowerState
2019-10-18 19:57:45,159 [Thread-725] INFO  impl.FollowerState (FollowerState.java:run(117)) - 652c9eaa-759b-40b5-a420-e649d7d5dbbd@group-7B64E6E68F81-FollowerState was interrupted: java.lang.InterruptedException: sleep interrupted
2019-10-18 19:57:45,160 [grpc-default-executor-4] INFO  impl.RoleInfo (RoleInfo.java:shutdownFollowerState(121)) - d13c026a-6de7-468a-bcba-b5f9e5455386: shutdown FollowerState
2019-10-18 19:57:45,160 [grpc-default-executor-4] INFO  impl.RoleInfo (RoleInfo.java:updateAndGet(143)) - d13c026a-6de7-468a-bcba-b5f9e5455386: start FollowerState
2019-10-18 19:57:45,160 [Thread-726] INFO  impl.FollowerState (FollowerState.java:run(117)) - d13c026a-6de7-468a-bcba-b5f9e5455386@group-7B64E6E68F81-FollowerState was interrupted: java.lang.InterruptedException: sleep interrupted
2019-10-18 19:57:45,166 [595ac112-eff6-4e35-b572-d6b1c4893b0f@group-7B64E6E68F81-LeaderElection27] INFO  impl.LeaderElection (LeaderElection.java:logAndReturn(56)) - 595ac112-eff6-4e35-b572-d6b1c4893b0f@group-7B64E6E68F81-LeaderElection27: Election TIMEOUT; received 0 response(s) [] and 0 exception(s); 595ac112-eff6-4e35-b572-d6b1c4893b0f@group-7B64E6E68F81:t28, leader=null, voted=595ac112-eff6-4e35-b572-d6b1c4893b0f, raftlog=595ac112-eff6-4e35-b572-d6b1c4893b0f@group-7B64E6E68F81-SegmentedRaftLog:OPENED:c3,f4,i4, conf=0: [652c9eaa-759b-40b5-a420-e649d7d5dbbd:192.168.34.13:44469, d13c026a-6de7-468a-bcba-b5f9e5455386:192.168.34.13:41921, 595ac112-eff6-4e35-b572-d6b1c4893b0f:192.168.34.13:37460], old=null
2019-10-18 19:57:45,181 [595ac112-eff6-4e35-b572-d6b1c4893b0f@group-7B64E6E68F81-LeaderElection27] INFO  impl.LeaderElection (LeaderElection.java:askForVotes(178)) - 595ac112-eff6-4e35-b572-d6b1c4893b0f@group-7B64E6E68F81-LeaderElection27: begin an election at term 29 for 0: [652c9eaa-759b-40b5-a420-e649d7d5dbbd:192.168.34.13:44469, d13c026a-6de7-468a-bcba-b5f9e5455386:192.168.34.13:41921, 595ac112-eff6-4e35-b572-d6b1c4893b0f:192.168.34.13:37460], old=null
2019-10-18 19:57:45,184 [grpc-default-executor-4] INFO  impl.RaftServerImpl (RaftServerImpl.java:setRole(184)) - d13c026a-6de7-468a-bcba-b5f9e5455386@group-7B64E6E68F81: changes role from  FOLLOWER to FOLLOWER at term 29 for recognizeCandidate:595ac112-eff6-4e35-b572-d6b1c4893b0f
2019-10-18 19:57:45,184 [grpc-default-executor-5] INFO  impl.RaftServerImpl (RaftServerImpl.java:setRole(184)) - 652c9eaa-759b-40b5-a420-e649d7d5dbbd@group-7B64E6E68F81: changes role from  FOLLOWER to FOLLOWER at term 29 for recognizeCandidate:595ac112-eff6-4e35-b572-d6b1c4893b0f
2019-10-18 19:57:45,185 [grpc-default-executor-4] INFO  impl.RoleInfo (RoleInfo.java:shutdownFollowerState(121)) - d13c026a-6de7-468a-bcba-b5f9e5455386: shutdown FollowerState
2019-10-18 19:57:45,185 [grpc-default-executor-5] INFO  impl.RoleInfo (RoleInfo.java:shutdownFollowerState(121)) - 652c9eaa-759b-40b5-a420-e649d7d5dbbd: shutdown FollowerState
2019-10-18 19:57:45,186 [Thread-732] INFO  impl.FollowerState (FollowerState.java:run(117)) - d13c026a-6de7-468a-bcba-b5f9e5455386@group-7B64E6E68F81-FollowerState was interrupted: java.lang.InterruptedException: sleep interrupted
2019-10-18 19:57:45,186 [grpc-default-executor-5] INFO  impl.RoleInfo (RoleInfo.java:updateAndGet(143)) - 652c9eaa-759b-40b5-a420-e649d7d5dbbd: start FollowerState
2019-10-18 19:57:45,186 [grpc-default-executor-4] INFO  impl.RoleInfo (RoleInfo.java:updateAndGet(143)) - d13c026a-6de7-468a-bcba-b5f9e5455386: start FollowerState
2019-10-18 19:57:45,186 [Thread-731] INFO  impl.FollowerState (FollowerState.java:run(117)) - 652c9eaa-759b-40b5-a420-e649d7d5dbbd@group-7B64E6E68F81-FollowerState was interrupted: java.lang.InterruptedException: sleep interrupted
2019-10-18 19:57:45,217 [595ac112-eff6-4e35-b572-d6b1c4893b0f@group-7B64E6E68F81-LeaderElection27] INFO  impl.LeaderElection (LeaderElection.java:logAndReturn(56)) - 595ac112-eff6-4e35-b572-d6b1c4893b0f@group-7B64E6E68F81-LeaderElection27: Election REJECTED; received 2 response(s) [595ac112-eff6-4e35-b572-d6b1c4893b0f<-652c9eaa-759b-40b5-a420-e649d7d5dbbd#0:FAIL-t29, 595ac112-eff6-4e35-b572-d6b1c4893b0f<-d13c026a-6de7-468a-bcba-b5f9e5455386#0:FAIL-t29] and 0 exception(s); 595ac112-eff6-4e35-b572-d6b1c4893b0f@group-7B64E6E68F81:t29, leader=null, voted=595ac112-eff6-4e35-b572-d6b1c4893b0f, raftlog=595ac112-eff6-4e35-b572-d6b1c4893b0f@group-7B64E6E68F81-SegmentedRaftLog:OPENED:c3,f4,i4, conf=0: [652c9eaa-759b-40b5-a420-e649d7d5dbbd:192.168.34.13:44469, d13c026a-6de7-468a-bcba-b5f9e5455386:192.168.34.13:41921, 595ac112-eff6-4e35-b572-d6b1c4893b0f:192.168.34.13:37460], old=null
2019-10-18 19:57:45,217 [595ac112-eff6-4e35-b572-d6b1c4893b0f@group-7B64E6E68F81-LeaderElection27] INFO  impl.RaftServerImpl (RaftServerImpl.java:setRole(184)) - 595ac112-eff6-4e35-b572-d6b1c4893b0f@group-7B64E6E68F81: changes role from CANDIDATE to FOLLOWER at term 29 for DISCOVERED_A_NEW_TERM
2019-10-18 19:57:45,217 [595ac112-eff6-4e35-b572-d6b1c4893b0f@group-7B64E6E68F81-LeaderElection27] INFO  impl.RoleInfo (RoleInfo.java:shutdownLeaderElection(134)) - 595ac112-eff6-4e35-b572-d6b1c4893b0f: shutdown LeaderElection
2019-10-18 19:57:45,217 [595ac112-eff6-4e35-b572-d6b1c4893b0f@group-7B64E6E68F81-LeaderElection27] INFO  impl.RoleInfo (RoleInfo.java:updateAndGet(143)) - 595ac112-eff6-4e35-b572-d6b1c4893b0f: start FollowerState
2019-10-18 19:57:45,269 [pool-7-thread-1] INFO  commands.RetriableDatanodeEventWatcher (RetriableDatanodeEventWatcher.java:onTimeout(47)) - RetriableDatanodeCommand type=deleteBlocksCommand with id=1571428658264 timed out. Retrying.
2019-10-18 19:57:45,271 [pool-7-thread-2] INFO  commands.RetriableDatanodeEventWatcher (RetriableDatanodeEventWatcher.java:onTimeout(47)) - RetriableDatanodeCommand type=deleteBlocksCommand with id=1571428658263 timed out. Retrying.
2019-10-18 19:57:45,271 [pool-7-thread-2] INFO  commands.RetriableDatanodeEventWatcher (RetriableDatanodeEventWatcher.java:onTimeout(47)) - RetriableDatanodeCommand type=deleteBlocksCommand with id=1571428658265 timed out. Retrying.
2019-10-18 19:57:45,271 [pool-7-thread-1] INFO  commands.RetriableDatanodeEventWatcher (RetriableDatanodeEventWatcher.java:onTimeout(47)) - RetriableDatanodeCommand type=deleteBlocksCommand with id=1571428658262 timed out. Retrying.
2019-10-18 19:57:45,272 [pool-7-thread-1] INFO  commands.RetriableDatanodeEventWatcher (RetriableDatanodeEventWatcher.java:onTimeout(47)) - RetriableDatanodeCommand type=deleteBlocksCommand with id=1571428658266 timed out. Retrying.
2019-10-18 19:57:45,273 [pool-7-thread-1] INFO  commands.RetriableDatanodeEventWatcher (RetriableDatanodeEventWatcher.java:onTimeout(47)) - RetriableDatanodeCommand type=deleteBlocksCommand with id=1571428658267 timed out. Retrying.
2019-10-18 19:57:45,273 [pool-7-thread-1] INFO  commands.RetriableDatanodeEventWatcher (RetriableDatanodeEventWatcher.java:onTimeout(47)) - RetriableDatanodeCommand type=deleteBlocksCommand with id=1571428658268 timed out. Retrying.
2019-10-18 19:57:45,275 [SCMBlockDeletingService#1] INFO  block.SCMBlockDeletingService (SCMBlockDeletingService.java:call(184)) - Totally added 1 delete blocks command for 1 datanodes, task elapsed time: 0ms
2019-10-18 19:57:45,298 [Thread-737] INFO  impl.FollowerState (FollowerState.java:run(108)) - 595ac112-eff6-4e35-b572-d6b1c4893b0f@group-7B64E6E68F81-FollowerState: change to CANDIDATE, lastRpcTime:81ms, electionTimeout:81ms
2019-10-18 19:57:45,298 [Thread-737] INFO  impl.RoleInfo (RoleInfo.java:shutdownFollowerState(121)) - 595ac112-eff6-4e35-b572-d6b1c4893b0f: shutdown FollowerState
2019-10-18 19:57:45,299 [Thread-737] INFO  impl.RaftServerImpl (RaftServerImpl.java:setRole(184)) - 595ac112-eff6-4e35-b572-d6b1c4893b0f@group-7B64E6E68F81: changes role from  FOLLOWER to CANDIDATE at term 29 for changeToCandidate
2019-10-18 19:57:45,299 [Thread-737] INFO  impl.RoleInfo (RoleInfo.java:updateAndGet(143)) - 595ac112-eff6-4e35-b572-d6b1c4893b0f: start LeaderElection
2019-10-18 19:57:45,324 [595ac112-eff6-4e35-b572-d6b1c4893b0f@group-7B64E6E68F81-LeaderElection28] INFO  impl.LeaderElection (LeaderElection.java:askForVotes(178)) - 595ac112-eff6-4e35-b572-d6b1c4893b0f@group-7B64E6E68F81-LeaderElection28: begin an election at term 30 for 0: [652c9eaa-759b-40b5-a420-e649d7d5dbbd:192.168.34.13:44469, d13c026a-6de7-468a-bcba-b5f9e5455386:192.168.34.13:41921, 595ac112-eff6-4e35-b572-d6b1c4893b0f:192.168.34.13:37460], old=null
2019-10-18 19:57:45,327 [grpc-default-executor-4] INFO  impl.RaftServerImpl (RaftServerImpl.java:setRole(184)) - 652c9eaa-759b-40b5-a420-e649d7d5dbbd@group-7B64E6E68F81: changes role from  FOLLOWER to FOLLOWER at term 30 for recognizeCandidate:595ac112-eff6-4e35-b572-d6b1c4893b0f
2019-10-18 19:57:45,327 [grpc-default-executor-4] INFO  impl.RoleInfo (RoleInfo.java:shutdownFollowerState(121)) - 652c9eaa-759b-40b5-a420-e649d7d5dbbd: shutdown FollowerState
2019-10-18 19:57:45,327 [grpc-default-executor-5] INFO  impl.RaftServerImpl (RaftServerImpl.java:setRole(184)) - d13c026a-6de7-468a-bcba-b5f9e5455386@group-7B64E6E68F81: changes role from  FOLLOWER to FOLLOWER at term 30 for recognizeCandidate:595ac112-eff6-4e35-b572-d6b1c4893b0f
2019-10-18 19:57:45,327 [Thread-736] INFO  impl.FollowerState (FollowerState.java:run(117)) - 652c9eaa-759b-40b5-a420-e649d7d5dbbd@group-7B64E6E68F81-FollowerState was interrupted: java.lang.InterruptedException: sleep interrupted
2019-10-18 19:57:45,327 [grpc-default-executor-4] INFO  impl.RoleInfo (RoleInfo.java:updateAndGet(143)) - 652c9eaa-759b-40b5-a420-e649d7d5dbbd: start FollowerState
2019-10-18 19:57:45,327 [grpc-default-executor-5] INFO  impl.RoleInfo (RoleInfo.java:shutdownFollowerState(121)) - d13c026a-6de7-468a-bcba-b5f9e5455386: shutdown FollowerState
2019-10-18 19:57:45,328 [grpc-default-executor-5] INFO  impl.RoleInfo (RoleInfo.java:updateAndGet(143)) - d13c026a-6de7-468a-bcba-b5f9e5455386: start FollowerState
2019-10-18 19:57:45,328 [Thread-735] INFO  impl.FollowerState (FollowerState.java:run(117)) - d13c026a-6de7-468a-bcba-b5f9e5455386@group-7B64E6E68F81-FollowerState was interrupted: java.lang.InterruptedException: sleep interrupted
2019-10-18 19:57:45,333 [EventQueue-PendingDeleteStatusForPendingDeleteHandler] INFO  block.SCMBlockDeletingService (SCMBlockDeletingService.java:handlePendingDeletes(115)) - Block deletion txnID mismatch in datanode 595ac112-eff6-4e35-b572-d6b1c4893b0f for containerID 1. Datanode delete txnID: 0, SCM txnID: 1
2019-10-18 19:57:45,370 [595ac112-eff6-4e35-b572-d6b1c4893b0f@group-7B64E6E68F81-LeaderElection28] INFO  impl.LeaderElection (LeaderElection.java:logAndReturn(56)) - 595ac112-eff6-4e35-b572-d6b1c4893b0f@group-7B64E6E68F81-LeaderElection28: Election REJECTED; received 2 response(s) [595ac112-eff6-4e35-b572-d6b1c4893b0f<-652c9eaa-759b-40b5-a420-e649d7d5dbbd#0:FAIL-t30, 595ac112-eff6-4e35-b572-d6b1c4893b0f<-d13c026a-6de7-468a-bcba-b5f9e5455386#0:FAIL-t30] and 0 exception(s); 595ac112-eff6-4e35-b572-d6b1c4893b0f@group-7B64E6E68F81:t30, leader=null, voted=595ac112-eff6-4e35-b572-d6b1c4893b0f, raftlog=595ac112-eff6-4e35-b572-d6b1c4893b0f@group-7B64E6E68F81-SegmentedRaftLog:OPENED:c3,f4,i4, conf=0: [652c9eaa-759b-40b5-a420-e649d7d5dbbd:192.168.34.13:44469, d13c026a-6de7-468a-bcba-b5f9e5455386:192.168.34.13:41921, 595ac112-eff6-4e35-b572-d6b1c4893b0f:192.168.34.13:37460], old=null
2019-10-18 19:57:45,370 [595ac112-eff6-4e35-b572-d6b1c4893b0f@group-7B64E6E68F81-LeaderElection28] INFO  impl.RaftServerImpl (RaftServerImpl.java:setRole(184)) - 595ac112-eff6-4e35-b572-d6b1c4893b0f@group-7B64E6E68F81: changes role from CANDIDATE to FOLLOWER at term 30 for DISCOVERED_A_NEW_TERM
2019-10-18 19:57:45,370 [595ac112-eff6-4e35-b572-d6b1c4893b0f@group-7B64E6E68F81-LeaderElection28] INFO  impl.RoleInfo (RoleInfo.java:shutdownLeaderElection(134)) - 595ac112-eff6-4e35-b572-d6b1c4893b0f: shutdown LeaderElection
2019-10-18 19:57:45,370 [595ac112-eff6-4e35-b572-d6b1c4893b0f@group-7B64E6E68F81-LeaderElection28] INFO  impl.RoleInfo (RoleInfo.java:updateAndGet(143)) - 595ac112-eff6-4e35-b572-d6b1c4893b0f: start FollowerState
2019-10-18 19:57:45,409 [grpc-default-executor-5] INFO  impl.RaftServerProxy (RaftServerProxy.java:addNew(89)) - 595ac112-eff6-4e35-b572-d6b1c4893b0f: addNew group-0826A330EEA5:[595ac112-eff6-4e35-b572-d6b1c4893b0f:192.168.34.13:37460] returns group-0826A330EEA5:java.util.concurrent.CompletableFuture@25464354[Not completed]
2019-10-18 19:57:45,412 [pool-59-thread-1] INFO  impl.RaftServerImpl (RaftServerImpl.java:<init>(104)) - 595ac112-eff6-4e35-b572-d6b1c4893b0f: new RaftServerImpl for group-0826A330EEA5:[595ac112-eff6-4e35-b572-d6b1c4893b0f:192.168.34.13:37460] with ContainerStateMachine:uninitialized
2019-10-18 19:57:45,413 [pool-59-thread-1] INFO  server.RaftServerConfigKeys (ConfUtils.java:logGet(43)) - raft.server.rpc.timeout.min = 5s (custom)
2019-10-18 19:57:45,413 [pool-59-thread-1] INFO  server.RaftServerConfigKeys (ConfUtils.java:logGet(43)) - raft.server.rpc.timeout.max = 5200ms (custom)
2019-10-18 19:57:45,413 [pool-59-thread-1] INFO  server.RaftServerConfigKeys (ConfUtils.java:logGet(43)) - raft.server.rpcslowness.timeout = 1000s (custom)
2019-10-18 19:57:45,413 [pool-59-thread-1] INFO  server.RaftServerConfigKeys (ConfUtils.java:logGet(43)) - raft.server.sleep.deviation.threshold = 300 (default)
2019-10-18 19:57:45,413 [pool-59-thread-1] INFO  server.RaftServerConfigKeys (ConfUtils.java:logGet(43)) - raft.server.log.appender.install.snapshot.enabled = false (custom)
2019-10-18 19:57:45,413 [pool-59-thread-1] INFO  impl.RaftServerImpl (ServerState.java:<init>(103)) - 595ac112-eff6-4e35-b572-d6b1c4893b0f@group-0826A330EEA5: ConfigurationManager, init=-1: [595ac112-eff6-4e35-b572-d6b1c4893b0f:192.168.34.13:37460], old=null, confs=<EMPTY_MAP>
2019-10-18 19:57:45,413 [pool-59-thread-1] INFO  server.RaftServerConfigKeys (ConfUtils.java:logGet(43)) - raft.server.storage.dir = [/workdir/hadoop-ozone/integration-test/target/test-dir/MiniOzoneClusterImpl-7f30148d-aede-4745-be18-888c5c6e9681/datanode-2/data/ratis] (custom)
2019-10-18 19:57:45,414 [pool-59-thread-1] INFO  server.RaftServerConfigKeys (ConfUtils.java:logGet(43)) - raft.server.log.corruption.policy = EXCEPTION (default)
2019-10-18 19:57:45,414 [pool-59-thread-1] INFO  storage.RaftStorageDirectory (RaftStorageDirectory.java:analyzeStorage(246)) - The storage directory /workdir/hadoop-ozone/integration-test/target/test-dir/MiniOzoneClusterImpl-7f30148d-aede-4745-be18-888c5c6e9681/datanode-2/data/ratis/23c2fddc-5743-46b6-b440-0826a330eea5 does not exist. Creating ...
2019-10-18 19:57:45,432 [EventQueue-PendingDeleteStatusForPendingDeleteHandler] INFO  block.SCMBlockDeletingService (SCMBlockDeletingService.java:handlePendingDeletes(115)) - Block deletion txnID mismatch in datanode 595ac112-eff6-4e35-b572-d6b1c4893b0f for containerID 1. Datanode delete txnID: 0, SCM txnID: 1
2019-10-18 19:57:45,434 [Thread-744] INFO  impl.FollowerState (FollowerState.java:run(108)) - 595ac112-eff6-4e35-b572-d6b1c4893b0f@group-7B64E6E68F81-FollowerState: change to CANDIDATE, lastRpcTime:63ms, electionTimeout:63ms
2019-10-18 19:57:45,434 [Thread-744] INFO  impl.RoleInfo (RoleInfo.java:shutdownFollowerState(121)) - 595ac112-eff6-4e35-b572-d6b1c4893b0f: shutdown FollowerState
2019-10-18 19:57:45,434 [Thread-744] INFO  impl.RaftServerImpl (RaftServerImpl.java:setRole(184)) - 595ac112-eff6-4e35-b572-d6b1c4893b0f@group-7B64E6E68F81: changes role from  FOLLOWER to CANDIDATE at term 30 for changeToCandidate
2019-10-18 19:57:45,434 [Thread-744] INFO  impl.RoleInfo (RoleInfo.java:updateAndGet(143)) - 595ac112-eff6-4e35-b572-d6b1c4893b0f: start LeaderElection
2019-10-18 19:57:45,443 [pool-59-thread-1] INFO  storage.RaftStorageDirectory (RaftStorageDirectory.java:tryLock(328)) - Lock on /workdir/hadoop-ozone/integration-test/target/test-dir/MiniOzoneClusterImpl-7f30148d-aede-4745-be18-888c5c6e9681/datanode-2/data/ratis/23c2fddc-5743-46b6-b440-0826a330eea5/in_use.lock acquired by nodename 1356@pr-hdds-2310-hfl48-2231614471
2019-10-18 19:57:45,460 [pool-59-thread-1] INFO  storage.RaftStorage (RaftStorage.java:format(84)) - Storage directory /workdir/hadoop-ozone/integration-test/target/test-dir/MiniOzoneClusterImpl-7f30148d-aede-4745-be18-888c5c6e9681/datanode-2/data/ratis/23c2fddc-5743-46b6-b440-0826a330eea5 has been successfully formatted.
2019-10-18 19:57:45,460 [595ac112-eff6-4e35-b572-d6b1c4893b0f@group-7B64E6E68F81-LeaderElection29] INFO  impl.LeaderElection (LeaderElection.java:askForVotes(178)) - 595ac112-eff6-4e35-b572-d6b1c4893b0f@group-7B64E6E68F81-LeaderElection29: begin an election at term 31 for 0: [652c9eaa-759b-40b5-a420-e649d7d5dbbd:192.168.34.13:44469, d13c026a-6de7-468a-bcba-b5f9e5455386:192.168.34.13:41921, 595ac112-eff6-4e35-b572-d6b1c4893b0f:192.168.34.13:37460], old=null
2019-10-18 19:57:45,460 [pool-59-thread-1] INFO  ratis.ContainerStateMachine (ContainerStateMachine.java:loadSnapshot(231)) - group-0826A330EEA5: The snapshot info is null. Setting the last applied indexto:(t:0, i:~)
2019-10-18 19:57:45,460 [pool-59-thread-1] INFO  server.RaftServerConfigKeys (ConfUtils.java:logGet(43)) - raft.server.notification.no-leader.timeout = 1000s (custom)
2019-10-18 19:57:45,460 [pool-59-thread-1] INFO  server.RaftServerConfigKeys (ConfUtils.java:logGet(43)) - raft.server.log.use.memory = false (default)
2019-10-18 19:57:45,461 [pool-59-thread-1] INFO  server.RaftServerConfigKeys (ConfUtils.java:logGet(43)) - raft.server.log.purge.gap = 1000000 (custom)
2019-10-18 19:57:45,461 [pool-59-thread-1] INFO  server.RaftServerConfigKeys (ConfUtils.java:logGet(43)) - raft.server.log.appender.buffer.byte-limit = 33554432 (custom)
2019-10-18 19:57:45,461 [pool-59-thread-1] INFO  server.RaftServerConfigKeys (ConfUtils.java:logGet(43)) - raft.server.log.segment.size.max = 1048576 (custom)
2019-10-18 19:57:45,461 [pool-59-thread-1] INFO  server.RaftServerConfigKeys (ConfUtils.java:logGet(43)) - raft.server.log.segment.cache.num.max = 2 (custom)
2019-10-18 19:57:45,461 [pool-59-thread-1] INFO  segmented.SegmentedRaftLogWorker (SegmentedRaftLogWorker.java:<init>(173)) - new 595ac112-eff6-4e35-b572-d6b1c4893b0f@group-0826A330EEA5-SegmentedRaftLogWorker for RaftStorage:Storage Directory /workdir/hadoop-ozone/integration-test/target/test-dir/MiniOzoneClusterImpl-7f30148d-aede-4745-be18-888c5c6e9681/datanode-2/data/ratis/23c2fddc-5743-46b6-b440-0826a330eea5
2019-10-18 19:57:45,461 [pool-59-thread-1] INFO  server.RaftServerConfigKeys (ConfUtils.java:logGet(43)) - raft.server.log.queue.byte-limit = 2147483647 (custom)
2019-10-18 19:57:45,461 [pool-59-thread-1] INFO  server.RaftServerConfigKeys (ConfUtils.java:logGet(43)) - raft.server.log.queue.element-limit = 1024 (custom)
2019-10-18 19:57:45,462 [pool-59-thread-1] INFO  server.RaftServerConfigKeys (ConfUtils.java:logGet(43)) - raft.server.log.segment.size.max = 1048576 (custom)
2019-10-18 19:57:45,462 [pool-59-thread-1] INFO  server.RaftServerConfigKeys (ConfUtils.java:logGet(43)) - raft.server.log.preallocated.size = 16384 (custom)
2019-10-18 19:57:45,462 [pool-59-thread-1] INFO  server.RaftServerConfigKeys (ConfUtils.java:logGet(43)) - raft.server.log.write.buffer.size = 33554432 (custom)
2019-10-18 19:57:45,462 [pool-59-thread-1] INFO  server.RaftServerConfigKeys (ConfUtils.java:logGet(43)) - raft.server.log.force.sync.num = 128 (default)
2019-10-18 19:57:45,462 [pool-59-thread-1] INFO  server.RaftServerConfigKeys (ConfUtils.java:logGet(43)) - raft.server.log.statemachine.data.sync = true (default)
2019-10-18 19:57:45,462 [pool-59-thread-1] INFO  server.RaftServerConfigKeys (ConfUtils.java:logGet(43)) - raft.server.log.statemachine.data.sync.timeout = 10s (default)
2019-10-18 19:57:45,462 [grpc-default-executor-5] INFO  impl.RaftServerImpl (RaftServerImpl.java:setRole(184)) - 652c9eaa-759b-40b5-a420-e649d7d5dbbd@group-7B64E6E68F81: changes role from  FOLLOWER to FOLLOWER at term 31 for recognizeCandidate:595ac112-eff6-4e35-b572-d6b1c4893b0f
2019-10-18 19:57:45,462 [pool-59-thread-1] INFO  server.RaftServerConfigKeys (ConfUtils.java:logGet(43)) - raft.server.log.statemachine.data.sync.timeout.retry = -1 (default)
2019-10-18 19:57:45,463 [grpc-default-executor-4] INFO  impl.RaftServerImpl (RaftServerImpl.java:setRole(184)) - d13c026a-6de7-468a-bcba-b5f9e5455386@group-7B64E6E68F81: changes role from  FOLLOWER to FOLLOWER at term 31 for recognizeCandidate:595ac112-eff6-4e35-b572-d6b1c4893b0f
2019-10-18 19:57:45,463 [grpc-default-executor-5] INFO  impl.RoleInfo (RoleInfo.java:shutdownFollowerState(121)) - 652c9eaa-759b-40b5-a420-e649d7d5dbbd: shutdown FollowerState
2019-10-18 19:57:45,463 [grpc-default-executor-4] INFO  impl.RoleInfo (RoleInfo.java:shutdownFollowerState(121)) - d13c026a-6de7-468a-bcba-b5f9e5455386: shutdown FollowerState
2019-10-18 19:57:45,463 [pool-59-thread-1] INFO  server.RaftServerConfigKeys (ConfUtils.java:logGet(43)) - raft.server.log.statemachine.data.caching.enabled = true (custom)
2019-10-18 19:57:45,463 [grpc-default-executor-4] INFO  impl.RoleInfo (RoleInfo.java:updateAndGet(143)) - d13c026a-6de7-468a-bcba-b5f9e5455386: start FollowerState
2019-10-18 19:57:45,463 [Thread-742] INFO  impl.FollowerState (FollowerState.java:run(117)) - d13c026a-6de7-468a-bcba-b5f9e5455386@group-7B64E6E68F81-FollowerState was interrupted: java.lang.InterruptedException: sleep interrupted
2019-10-18 19:57:45,463 [Thread-741] INFO  impl.FollowerState (FollowerState.java:run(117)) - 652c9eaa-759b-40b5-a420-e649d7d5dbbd@group-7B64E6E68F81-FollowerState was interrupted: java.lang.InterruptedException: sleep interrupted
2019-10-18 19:57:45,463 [grpc-default-executor-5] INFO  impl.RoleInfo (RoleInfo.java:updateAndGet(143)) - 652c9eaa-759b-40b5-a420-e649d7d5dbbd: start FollowerState
2019-10-18 19:57:45,464 [pool-59-thread-1] INFO  segmented.SegmentedRaftLogWorker (SegmentedRaftLogWorker.java:lambda$new$0(128)) - 595ac112-eff6-4e35-b572-d6b1c4893b0f@group-0826A330EEA5-SegmentedRaftLogWorker: flushIndex: setUnconditionally 0 -> -1
2019-10-18 19:57:45,465 [pool-59-thread-1] INFO  server.RaftServerConfigKeys (ConfUtils.java:logGet(43)) - raft.server.snapshot.auto.trigger.enabled = true (custom)
2019-10-18 19:57:45,465 [pool-59-thread-1] INFO  server.RaftServerConfigKeys (ConfUtils.java:logGet(43)) - raft.server.snapshot.auto.trigger.threshold = 10000 (custom)
2019-10-18 19:57:45,465 [pool-59-thread-1] INFO  server.RaftServerConfigKeys (ConfUtils.java:logGet(43)) - raft.server.snapshot.retention.file.num = 5 (custom)
2019-10-18 19:57:45,465 [pool-59-thread-1] INFO  server.RaftServerConfigKeys (ConfUtils.java:logGet(43)) - raft.server.retrycache.expirytime = 600000ms (custom)
2019-10-18 19:57:45,468 [pool-59-thread-1] INFO  impl.RaftServerImpl (RaftServerImpl.java:start(195)) - 595ac112-eff6-4e35-b572-d6b1c4893b0f@group-0826A330EEA5: start as a follower, conf=-1: [595ac112-eff6-4e35-b572-d6b1c4893b0f:192.168.34.13:37460], old=null
2019-10-18 19:57:45,468 [pool-59-thread-1] INFO  impl.RaftServerImpl (RaftServerImpl.java:setRole(184)) - 595ac112-eff6-4e35-b572-d6b1c4893b0f@group-0826A330EEA5: changes role from      null to FOLLOWER at term 0 for startAsFollower
2019-10-18 19:57:45,468 [pool-59-thread-1] INFO  impl.RoleInfo (RoleInfo.java:updateAndGet(143)) - 595ac112-eff6-4e35-b572-d6b1c4893b0f: start FollowerState
2019-10-18 19:57:45,469 [pool-59-thread-1] INFO  util.JmxRegister (JmxRegister.java:tryRegister(44)) - Successfully registered JMX Bean with object name Ratis:service=RaftServer,group=group-0826A330EEA5,id=595ac112-eff6-4e35-b572-d6b1c4893b0f
2019-10-18 19:57:45,476 [RatisPipelineUtilsThread] INFO  pipeline.PipelineStateManager (PipelineStateManager.java:addPipeline(56)) - Created pipeline Pipeline[ Id: 23c2fddc-5743-46b6-b440-0826a330eea5, Nodes: 595ac112-eff6-4e35-b572-d6b1c4893b0f{ip: 192.168.34.13, host: pr-hdds-2310-hfl48-2231614471, networkLocation: /default-rack, certSerialId: null}, Type:RATIS, Factor:ONE, State:OPEN]
2019-10-18 19:57:45,492 [595ac112-eff6-4e35-b572-d6b1c4893b0f@group-7B64E6E68F81-LeaderElection29] INFO  impl.LeaderElection (LeaderElection.java:logAndReturn(56)) - 595ac112-eff6-4e35-b572-d6b1c4893b0f@group-7B64E6E68F81-LeaderElection29: Election REJECTED; received 2 response(s) [595ac112-eff6-4e35-b572-d6b1c4893b0f<-652c9eaa-759b-40b5-a420-e649d7d5dbbd#0:FAIL-t31, 595ac112-eff6-4e35-b572-d6b1c4893b0f<-d13c026a-6de7-468a-bcba-b5f9e5455386#0:FAIL-t31] and 0 exception(s); 595ac112-eff6-4e35-b572-d6b1c4893b0f@group-7B64E6E68F81:t31, leader=null, voted=595ac112-eff6-4e35-b572-d6b1c4893b0f, raftlog=595ac112-eff6-4e35-b572-d6b1c4893b0f@group-7B64E6E68F81-SegmentedRaftLog:OPENED:c3,f4,i4, conf=0: [652c9eaa-759b-40b5-a420-e649d7d5dbbd:192.168.34.13:44469, d13c026a-6de7-468a-bcba-b5f9e5455386:192.168.34.13:41921, 595ac112-eff6-4e35-b572-d6b1c4893b0f:192.168.34.13:37460], old=null
2019-10-18 19:57:45,492 [595ac112-eff6-4e35-b572-d6b1c4893b0f@group-7B64E6E68F81-LeaderElection29] INFO  impl.RaftServerImpl (RaftServerImpl.java:setRole(184)) - 595ac112-eff6-4e35-b572-d6b1c4893b0f@group-7B64E6E68F81: changes role from CANDIDATE to FOLLOWER at term 31 for DISCOVERED_A_NEW_TERM
2019-10-18 19:57:45,492 [595ac112-eff6-4e35-b572-d6b1c4893b0f@group-7B64E6E68F81-LeaderElection29] INFO  impl.RoleInfo (RoleInfo.java:shutdownLeaderElection(134)) - 595ac112-eff6-4e35-b572-d6b1c4893b0f: shutdown LeaderElection
2019-10-18 19:57:45,492 [595ac112-eff6-4e35-b572-d6b1c4893b0f@group-7B64E6E68F81-LeaderElection29] INFO  impl.RoleInfo (RoleInfo.java:updateAndGet(143)) - 595ac112-eff6-4e35-b572-d6b1c4893b0f: start FollowerState
2019-10-18 19:57:45,493 [grpc-default-executor-4] INFO  impl.RaftServerProxy (RaftServerProxy.java:addNew(89)) - 595ac112-eff6-4e35-b572-d6b1c4893b0f: addNew group-25E9F9542FFF:[652c9eaa-759b-40b5-a420-e649d7d5dbbd:192.168.34.13:44469, d13c026a-6de7-468a-bcba-b5f9e5455386:192.168.34.13:41921, 595ac112-eff6-4e35-b572-d6b1c4893b0f:192.168.34.13:37460] returns group-25E9F9542FFF:java.util.concurrent.CompletableFuture@1d5dba59[Not completed]
2019-10-18 19:57:45,494 [grpc-default-executor-5] INFO  impl.RaftServerProxy (RaftServerProxy.java:addNew(89)) - d13c026a-6de7-468a-bcba-b5f9e5455386: addNew group-25E9F9542FFF:[652c9eaa-759b-40b5-a420-e649d7d5dbbd:192.168.34.13:44469, d13c026a-6de7-468a-bcba-b5f9e5455386:192.168.34.13:41921, 595ac112-eff6-4e35-b572-d6b1c4893b0f:192.168.34.13:37460] returns group-25E9F9542FFF:java.util.concurrent.CompletableFuture@6044d998[Not completed]
2019-10-18 19:57:45,495 [grpc-default-executor-6] INFO  impl.RaftServerProxy (RaftServerProxy.java:addNew(89)) - 652c9eaa-759b-40b5-a420-e649d7d5dbbd: addNew group-25E9F9542FFF:[652c9eaa-759b-40b5-a420-e649d7d5dbbd:192.168.34.13:44469, d13c026a-6de7-468a-bcba-b5f9e5455386:192.168.34.13:41921, 595ac112-eff6-4e35-b572-d6b1c4893b0f:192.168.34.13:37460] returns group-25E9F9542FFF:java.util.concurrent.CompletableFuture@6a35408f[Not completed]
2019-10-18 19:57:45,496 [pool-59-thread-1] INFO  impl.RaftServerImpl (RaftServerImpl.java:<init>(104)) - 595ac112-eff6-4e35-b572-d6b1c4893b0f: new RaftServerImpl for group-25E9F9542FFF:[652c9eaa-759b-40b5-a420-e649d7d5dbbd:192.168.34.13:44469, d13c026a-6de7-468a-bcba-b5f9e5455386:192.168.34.13:41921, 595ac112-eff6-4e35-b572-d6b1c4893b0f:192.168.34.13:37460] with ContainerStateMachine:uninitialized
2019-10-18 19:57:45,496 [pool-59-thread-1] INFO  server.RaftServerConfigKeys (ConfUtils.java:logGet(43)) - raft.server.rpc.timeout.min = 5s (custom)
2019-10-18 19:57:45,496 [pool-59-thread-1] INFO  server.RaftServerConfigKeys (ConfUtils.java:logGet(43)) - raft.server.rpc.timeout.max = 5200ms (custom)
2019-10-18 19:57:45,496 [pool-59-thread-1] INFO  server.RaftServerConfigKeys (ConfUtils.java:logGet(43)) - raft.server.rpcslowness.timeout = 1000s (custom)
2019-10-18 19:57:45,496 [pool-59-thread-1] INFO  server.RaftServerConfigKeys (ConfUtils.java:logGet(43)) - raft.server.sleep.deviation.threshold = 300 (default)
2019-10-18 19:57:45,496 [pool-59-thread-1] INFO  server.RaftServerConfigKeys (ConfUtils.java:logGet(43)) - raft.server.log.appender.install.snapshot.enabled = false (custom)
2019-10-18 19:57:45,496 [pool-59-thread-1] INFO  impl.RaftServerImpl (ServerState.java:<init>(103)) - 595ac112-eff6-4e35-b572-d6b1c4893b0f@group-25E9F9542FFF: ConfigurationManager, init=-1: [652c9eaa-759b-40b5-a420-e649d7d5dbbd:192.168.34.13:44469, d13c026a-6de7-468a-bcba-b5f9e5455386:192.168.34.13:41921, 595ac112-eff6-4e35-b572-d6b1c4893b0f:192.168.34.13:37460], old=null, confs=<EMPTY_MAP>
2019-10-18 19:57:45,497 [pool-59-thread-1] INFO  server.RaftServerConfigKeys (ConfUtils.java:logGet(43)) - raft.server.storage.dir = [/workdir/hadoop-ozone/integration-test/target/test-dir/MiniOzoneClusterImpl-7f30148d-aede-4745-be18-888c5c6e9681/datanode-2/data/ratis] (custom)
2019-10-18 19:57:45,497 [pool-59-thread-1] INFO  server.RaftServerConfigKeys (ConfUtils.java:logGet(43)) - raft.server.log.corruption.policy = EXCEPTION (default)
2019-10-18 19:57:45,497 [pool-27-thread-1] INFO  impl.RaftServerImpl (RaftServerImpl.java:<init>(104)) - 652c9eaa-759b-40b5-a420-e649d7d5dbbd: new RaftServerImpl for group-25E9F9542FFF:[652c9eaa-759b-40b5-a420-e649d7d5dbbd:192.168.34.13:44469, d13c026a-6de7-468a-bcba-b5f9e5455386:192.168.34.13:41921, 595ac112-eff6-4e35-b572-d6b1c4893b0f:192.168.34.13:37460] with ContainerStateMachine:uninitialized
2019-10-18 19:57:45,497 [pool-59-thread-1] INFO  storage.RaftStorageDirectory (RaftStorageDirectory.java:analyzeStorage(246)) - The storage directory /workdir/hadoop-ozone/integration-test/target/test-dir/MiniOzoneClusterImpl-7f30148d-aede-4745-be18-888c5c6e9681/datanode-2/data/ratis/d70c13a0-9fb8-4ef4-9439-25e9f9542fff does not exist. Creating ...
2019-10-18 19:57:45,497 [pool-27-thread-1] INFO  server.RaftServerConfigKeys (ConfUtils.java:logGet(43)) - raft.server.rpc.timeout.min = 5s (custom)
2019-10-18 19:57:45,498 [pool-27-thread-1] INFO  server.RaftServerConfigKeys (ConfUtils.java:logGet(43)) - raft.server.rpc.timeout.max = 5200ms (custom)
2019-10-18 19:57:45,498 [pool-27-thread-1] INFO  server.RaftServerConfigKeys (ConfUtils.java:logGet(43)) - raft.server.rpcslowness.timeout = 1000s (custom)
2019-10-18 19:57:45,498 [pool-27-thread-1] INFO  server.RaftServerConfigKeys (ConfUtils.java:logGet(43)) - raft.server.sleep.deviation.threshold = 300 (default)
2019-10-18 19:57:45,498 [pool-37-thread-1] INFO  impl.RaftServerImpl (RaftServerImpl.java:<init>(104)) - d13c026a-6de7-468a-bcba-b5f9e5455386: new RaftServerImpl for group-25E9F9542FFF:[652c9eaa-759b-40b5-a420-e649d7d5dbbd:192.168.34.13:44469, d13c026a-6de7-468a-bcba-b5f9e5455386:192.168.34.13:41921, 595ac112-eff6-4e35-b572-d6b1c4893b0f:192.168.34.13:37460] with ContainerStateMachine:uninitialized
2019-10-18 19:57:45,498 [pool-27-thread-1] INFO  server.RaftServerConfigKeys (ConfUtils.java:logGet(43)) - raft.server.log.appender.install.snapshot.enabled = false (custom)
2019-10-18 19:57:45,498 [pool-37-thread-1] INFO  server.RaftServerConfigKeys (ConfUtils.java:logGet(43)) - raft.server.rpc.timeout.min = 5s (custom)
2019-10-18 19:57:45,498 [pool-27-thread-1] INFO  impl.RaftServerImpl (ServerState.java:<init>(103)) - 652c9eaa-759b-40b5-a420-e649d7d5dbbd@group-25E9F9542FFF: ConfigurationManager, init=-1: [652c9eaa-759b-40b5-a420-e649d7d5dbbd:192.168.34.13:44469, d13c026a-6de7-468a-bcba-b5f9e5455386:192.168.34.13:41921, 595ac112-eff6-4e35-b572-d6b1c4893b0f:192.168.34.13:37460], old=null, confs=<EMPTY_MAP>
2019-10-18 19:57:45,498 [pool-37-thread-1] INFO  server.RaftServerConfigKeys (ConfUtils.java:logGet(43)) - raft.server.rpc.timeout.max = 5200ms (custom)
2019-10-18 19:57:45,498 [pool-27-thread-1] INFO  server.RaftServerConfigKeys (ConfUtils.java:logGet(43)) - raft.server.storage.dir = [/workdir/hadoop-ozone/integration-test/target/test-dir/MiniOzoneClusterImpl-7f30148d-aede-4745-be18-888c5c6e9681/datanode-0/data/ratis] (custom)
2019-10-18 19:57:45,499 [pool-37-thread-1] INFO  server.RaftServerConfigKeys (ConfUtils.java:logGet(43)) - raft.server.rpcslowness.timeout = 1000s (custom)
2019-10-18 19:57:45,499 [pool-37-thread-1] INFO  server.RaftServerConfigKeys (ConfUtils.java:logGet(43)) - raft.server.sleep.deviation.threshold = 300 (default)
2019-10-18 19:57:45,499 [pool-37-thread-1] INFO  server.RaftServerConfigKeys (ConfUtils.java:logGet(43)) - raft.server.log.appender.install.snapshot.enabled = false (custom)
2019-10-18 19:57:45,499 [pool-27-thread-1] INFO  server.RaftServerConfigKeys (ConfUtils.java:logGet(43)) - raft.server.log.corruption.policy = EXCEPTION (default)
2019-10-18 19:57:45,499 [pool-37-thread-1] INFO  impl.RaftServerImpl (ServerState.java:<init>(103)) - d13c026a-6de7-468a-bcba-b5f9e5455386@group-25E9F9542FFF: ConfigurationManager, init=-1: [652c9eaa-759b-40b5-a420-e649d7d5dbbd:192.168.34.13:44469, d13c026a-6de7-468a-bcba-b5f9e5455386:192.168.34.13:41921, 595ac112-eff6-4e35-b572-d6b1c4893b0f:192.168.34.13:37460], old=null, confs=<EMPTY_MAP>
2019-10-18 19:57:45,499 [pool-37-thread-1] INFO  server.RaftServerConfigKeys (ConfUtils.java:logGet(43)) - raft.server.storage.dir = [/workdir/hadoop-ozone/integration-test/target/test-dir/MiniOzoneClusterImpl-7f30148d-aede-4745-be18-888c5c6e9681/datanode-1/data/ratis] (custom)
2019-10-18 19:57:45,499 [pool-27-thread-1] INFO  storage.RaftStorageDirectory (RaftStorageDirectory.java:analyzeStorage(246)) - The storage directory /workdir/hadoop-ozone/integration-test/target/test-dir/MiniOzoneClusterImpl-7f30148d-aede-4745-be18-888c5c6e9681/datanode-0/data/ratis/d70c13a0-9fb8-4ef4-9439-25e9f9542fff does not exist. Creating ...
2019-10-18 19:57:45,499 [pool-37-thread-1] INFO  server.RaftServerConfigKeys (ConfUtils.java:logGet(43)) - raft.server.log.corruption.policy = EXCEPTION (default)
2019-10-18 19:57:45,500 [pool-37-thread-1] INFO  storage.RaftStorageDirectory (RaftStorageDirectory.java:analyzeStorage(246)) - The storage directory /workdir/hadoop-ozone/integration-test/target/test-dir/MiniOzoneClusterImpl-7f30148d-aede-4745-be18-888c5c6e9681/datanode-1/data/ratis/d70c13a0-9fb8-4ef4-9439-25e9f9542fff does not exist. Creating ...
2019-10-18 19:57:45,519 [pool-59-thread-1] INFO  storage.RaftStorageDirectory (RaftStorageDirectory.java:tryLock(328)) - Lock on /workdir/hadoop-ozone/integration-test/target/test-dir/MiniOzoneClusterImpl-7f30148d-aede-4745-be18-888c5c6e9681/datanode-2/data/ratis/d70c13a0-9fb8-4ef4-9439-25e9f9542fff/in_use.lock acquired by nodename 1356@pr-hdds-2310-hfl48-2231614471
2019-10-18 19:57:45,519 [pool-37-thread-1] INFO  storage.RaftStorageDirectory (RaftStorageDirectory.java:tryLock(328)) - Lock on /workdir/hadoop-ozone/integration-test/target/test-dir/MiniOzoneClusterImpl-7f30148d-aede-4745-be18-888c5c6e9681/datanode-1/data/ratis/d70c13a0-9fb8-4ef4-9439-25e9f9542fff/in_use.lock acquired by nodename 1356@pr-hdds-2310-hfl48-2231614471
2019-10-18 19:57:45,519 [pool-27-thread-1] INFO  storage.RaftStorageDirectory (RaftStorageDirectory.java:tryLock(328)) - Lock on /workdir/hadoop-ozone/integration-test/target/test-dir/MiniOzoneClusterImpl-7f30148d-aede-4745-be18-888c5c6e9681/datanode-0/data/ratis/d70c13a0-9fb8-4ef4-9439-25e9f9542fff/in_use.lock acquired by nodename 1356@pr-hdds-2310-hfl48-2231614471
2019-10-18 19:57:45,545 [pool-27-thread-1] INFO  storage.RaftStorage (RaftStorage.java:format(84)) - Storage directory /workdir/hadoop-ozone/integration-test/target/test-dir/MiniOzoneClusterImpl-7f30148d-aede-4745-be18-888c5c6e9681/datanode-0/data/ratis/d70c13a0-9fb8-4ef4-9439-25e9f9542fff has been successfully formatted.
2019-10-18 19:57:45,545 [pool-37-thread-1] INFO  storage.RaftStorage (RaftStorage.java:format(84)) - Storage directory /workdir/hadoop-ozone/integration-test/target/test-dir/MiniOzoneClusterImpl-7f30148d-aede-4745-be18-888c5c6e9681/datanode-1/data/ratis/d70c13a0-9fb8-4ef4-9439-25e9f9542fff has been successfully formatted.
2019-10-18 19:57:45,545 [pool-59-thread-1] INFO  storage.RaftStorage (RaftStorage.java:format(84)) - Storage directory /workdir/hadoop-ozone/integration-test/target/test-dir/MiniOzoneClusterImpl-7f30148d-aede-4745-be18-888c5c6e9681/datanode-2/data/ratis/d70c13a0-9fb8-4ef4-9439-25e9f9542fff has been successfully formatted.
2019-10-18 19:57:45,545 [pool-37-thread-1] INFO  ratis.ContainerStateMachine (ContainerStateMachine.java:loadSnapshot(231)) - group-25E9F9542FFF: The snapshot info is null. Setting the last applied indexto:(t:0, i:~)
2019-10-18 19:57:45,545 [pool-59-thread-1] INFO  ratis.ContainerStateMachine (ContainerStateMachine.java:loadSnapshot(231)) - group-25E9F9542FFF: The snapshot info is null. Setting the last applied indexto:(t:0, i:~)
2019-10-18 19:57:45,545 [pool-27-thread-1] INFO  ratis.ContainerStateMachine (ContainerStateMachine.java:loadSnapshot(231)) - group-25E9F9542FFF: The snapshot info is null. Setting the last applied indexto:(t:0, i:~)
2019-10-18 19:57:45,546 [pool-59-thread-1] INFO  server.RaftServerConfigKeys (ConfUtils.java:logGet(43)) - raft.server.notification.no-leader.timeout = 1000s (custom)
2019-10-18 19:57:45,545 [pool-37-thread-1] INFO  server.RaftServerConfigKeys (ConfUtils.java:logGet(43)) - raft.server.notification.no-leader.timeout = 1000s (custom)
2019-10-18 19:57:45,546 [pool-59-thread-1] INFO  server.RaftServerConfigKeys (ConfUtils.java:logGet(43)) - raft.server.log.use.memory = false (default)
2019-10-18 19:57:45,546 [pool-27-thread-1] INFO  server.RaftServerConfigKeys (ConfUtils.java:logGet(43)) - raft.server.notification.no-leader.timeout = 1000s (custom)
2019-10-18 19:57:45,546 [pool-59-thread-1] INFO  server.RaftServerConfigKeys (ConfUtils.java:logGet(43)) - raft.server.log.purge.gap = 1000000 (custom)
2019-10-18 19:57:45,546 [pool-37-thread-1] INFO  server.RaftServerConfigKeys (ConfUtils.java:logGet(43)) - raft.server.log.use.memory = false (default)
2019-10-18 19:57:45,547 [pool-59-thread-1] INFO  server.RaftServerConfigKeys (ConfUtils.java:logGet(43)) - raft.server.log.appender.buffer.byte-limit = 33554432 (custom)
2019-10-18 19:57:45,546 [pool-27-thread-1] INFO  server.RaftServerConfigKeys (ConfUtils.java:logGet(43)) - raft.server.log.use.memory = false (default)
2019-10-18 19:57:45,547 [pool-59-thread-1] INFO  server.RaftServerConfigKeys (ConfUtils.java:logGet(43)) - raft.server.log.segment.size.max = 1048576 (custom)
2019-10-18 19:57:45,547 [pool-37-thread-1] INFO  server.RaftServerConfigKeys (ConfUtils.java:logGet(43)) - raft.server.log.purge.gap = 1000000 (custom)
2019-10-18 19:57:45,547 [pool-59-thread-1] INFO  server.RaftServerConfigKeys (ConfUtils.java:logGet(43)) - raft.server.log.segment.cache.num.max = 2 (custom)
2019-10-18 19:57:45,547 [pool-27-thread-1] INFO  server.RaftServerConfigKeys (ConfUtils.java:logGet(43)) - raft.server.log.purge.gap = 1000000 (custom)
2019-10-18 19:57:45,547 [pool-59-thread-1] INFO  segmented.SegmentedRaftLogWorker (SegmentedRaftLogWorker.java:<init>(173)) - new 595ac112-eff6-4e35-b572-d6b1c4893b0f@group-25E9F9542FFF-SegmentedRaftLogWorker for RaftStorage:Storage Directory /workdir/hadoop-ozone/integration-test/target/test-dir/MiniOzoneClusterImpl-7f30148d-aede-4745-be18-888c5c6e9681/datanode-2/data/ratis/d70c13a0-9fb8-4ef4-9439-25e9f9542fff
2019-10-18 19:57:45,547 [pool-37-thread-1] INFO  server.RaftServerConfigKeys (ConfUtils.java:logGet(43)) - raft.server.log.appender.buffer.byte-limit = 33554432 (custom)
2019-10-18 19:57:45,548 [pool-59-thread-1] INFO  server.RaftServerConfigKeys (ConfUtils.java:logGet(43)) - raft.server.log.queue.byte-limit = 2147483647 (custom)
2019-10-18 19:57:45,548 [pool-27-thread-1] INFO  server.RaftServerConfigKeys (ConfUtils.java:logGet(43)) - raft.server.log.appender.buffer.byte-limit = 33554432 (custom)
2019-10-18 19:57:45,548 [pool-59-thread-1] INFO  server.RaftServerConfigKeys (ConfUtils.java:logGet(43)) - raft.server.log.queue.element-limit = 1024 (custom)
2019-10-18 19:57:45,548 [pool-37-thread-1] INFO  server.RaftServerConfigKeys (ConfUtils.java:logGet(43)) - raft.server.log.segment.size.max = 1048576 (custom)
2019-10-18 19:57:45,548 [pool-59-thread-1] INFO  server.RaftServerConfigKeys (ConfUtils.java:logGet(43)) - raft.server.log.segment.size.max = 1048576 (custom)
2019-10-18 19:57:45,548 [pool-27-thread-1] INFO  server.RaftServerConfigKeys (ConfUtils.java:logGet(43)) - raft.server.log.segment.size.max = 1048576 (custom)
2019-10-18 19:57:45,549 [pool-59-thread-1] INFO  server.RaftServerConfigKeys (ConfUtils.java:logGet(43)) - raft.server.log.preallocated.size = 16384 (custom)
2019-10-18 19:57:45,548 [pool-37-thread-1] INFO  server.RaftServerConfigKeys (ConfUtils.java:logGet(43)) - raft.server.log.segment.cache.num.max = 2 (custom)
2019-10-18 19:57:45,549 [pool-59-thread-1] INFO  server.RaftServerConfigKeys (ConfUtils.java:logGet(43)) - raft.server.log.write.buffer.size = 33554432 (custom)
2019-10-18 19:57:45,549 [pool-27-thread-1] INFO  server.RaftServerConfigKeys (ConfUtils.java:logGet(43)) - raft.server.log.segment.cache.num.max = 2 (custom)
2019-10-18 19:57:45,549 [pool-59-thread-1] INFO  server.RaftServerConfigKeys (ConfUtils.java:logGet(43)) - raft.server.log.force.sync.num = 128 (default)
2019-10-18 19:57:45,549 [pool-59-thread-1] INFO  server.RaftServerConfigKeys (ConfUtils.java:logGet(43)) - raft.server.log.statemachine.data.sync = true (default)
2019-10-18 19:57:45,549 [pool-37-thread-1] INFO  segmented.SegmentedRaftLogWorker (SegmentedRaftLogWorker.java:<init>(173)) - new d13c026a-6de7-468a-bcba-b5f9e5455386@group-25E9F9542FFF-SegmentedRaftLogWorker for RaftStorage:Storage Directory /workdir/hadoop-ozone/integration-test/target/test-dir/MiniOzoneClusterImpl-7f30148d-aede-4745-be18-888c5c6e9681/datanode-1/data/ratis/d70c13a0-9fb8-4ef4-9439-25e9f9542fff
2019-10-18 19:57:45,550 [pool-59-thread-1] INFO  server.RaftServerConfigKeys (ConfUtils.java:logGet(43)) - raft.server.log.statemachine.data.sync.timeout = 10s (default)
2019-10-18 19:57:45,549 [pool-27-thread-1] INFO  segmented.SegmentedRaftLogWorker (SegmentedRaftLogWorker.java:<init>(173)) - new 652c9eaa-759b-40b5-a420-e649d7d5dbbd@group-25E9F9542FFF-SegmentedRaftLogWorker for RaftStorage:Storage Directory /workdir/hadoop-ozone/integration-test/target/test-dir/MiniOzoneClusterImpl-7f30148d-aede-4745-be18-888c5c6e9681/datanode-0/data/ratis/d70c13a0-9fb8-4ef4-9439-25e9f9542fff
2019-10-18 19:57:45,550 [pool-59-thread-1] INFO  server.RaftServerConfigKeys (ConfUtils.java:logGet(43)) - raft.server.log.statemachine.data.sync.timeout.retry = -1 (default)
2019-10-18 19:57:45,550 [pool-37-thread-1] INFO  server.RaftServerConfigKeys (ConfUtils.java:logGet(43)) - raft.server.log.queue.byte-limit = 2147483647 (custom)
2019-10-18 19:57:45,550 [pool-59-thread-1] INFO  server.RaftServerConfigKeys (ConfUtils.java:logGet(43)) - raft.server.log.statemachine.data.caching.enabled = true (custom)
2019-10-18 19:57:45,550 [pool-27-thread-1] INFO  server.RaftServerConfigKeys (ConfUtils.java:logGet(43)) - raft.server.log.queue.byte-limit = 2147483647 (custom)
2019-10-18 19:57:45,550 [pool-37-thread-1] INFO  server.RaftServerConfigKeys (ConfUtils.java:logGet(43)) - raft.server.log.queue.element-limit = 1024 (custom)
2019-10-18 19:57:45,551 [pool-59-thread-1] INFO  segmented.SegmentedRaftLogWorker (SegmentedRaftLogWorker.java:lambda$new$0(128)) - 595ac112-eff6-4e35-b572-d6b1c4893b0f@group-25E9F9542FFF-SegmentedRaftLogWorker: flushIndex: setUnconditionally 0 -> -1
2019-10-18 19:57:45,551 [pool-27-thread-1] INFO  server.RaftServerConfigKeys (ConfUtils.java:logGet(43)) - raft.server.log.queue.element-limit = 1024 (custom)
2019-10-18 19:57:45,551 [pool-37-thread-1] INFO  server.RaftServerConfigKeys (ConfUtils.java:logGet(43)) - raft.server.log.segment.size.max = 1048576 (custom)
2019-10-18 19:57:45,551 [pool-59-thread-1] INFO  server.RaftServerConfigKeys (ConfUtils.java:logGet(43)) - raft.server.snapshot.auto.trigger.enabled = true (custom)
2019-10-18 19:57:45,551 [pool-27-thread-1] INFO  server.RaftServerConfigKeys (ConfUtils.java:logGet(43)) - raft.server.log.segment.size.max = 1048576 (custom)
2019-10-18 19:57:45,551 [pool-59-thread-1] INFO  server.RaftServerConfigKeys (ConfUtils.java:logGet(43)) - raft.server.snapshot.auto.trigger.threshold = 10000 (custom)
2019-10-18 19:57:45,551 [pool-37-thread-1] INFO  server.RaftServerConfigKeys (ConfUtils.java:logGet(43)) - raft.server.log.preallocated.size = 16384 (custom)
2019-10-18 19:57:45,552 [pool-59-thread-1] INFO  server.RaftServerConfigKeys (ConfUtils.java:logGet(43)) - raft.server.snapshot.retention.file.num = 5 (custom)
2019-10-18 19:57:45,551 [pool-27-thread-1] INFO  server.RaftServerConfigKeys (ConfUtils.java:logGet(43)) - raft.server.log.preallocated.size = 16384 (custom)
2019-10-18 19:57:45,552 [pool-59-thread-1] INFO  server.RaftServerConfigKeys (ConfUtils.java:logGet(43)) - raft.server.retrycache.expirytime = 600000ms (custom)
2019-10-18 19:57:45,552 [pool-37-thread-1] INFO  server.RaftServerConfigKeys (ConfUtils.java:logGet(43)) - raft.server.log.write.buffer.size = 33554432 (custom)
2019-10-18 19:57:45,552 [pool-27-thread-1] INFO  server.RaftServerConfigKeys (ConfUtils.java:logGet(43)) - raft.server.log.write.buffer.size = 33554432 (custom)
2019-10-18 19:57:45,552 [pool-37-thread-1] INFO  server.RaftServerConfigKeys (ConfUtils.java:logGet(43)) - raft.server.log.force.sync.num = 128 (default)
2019-10-18 19:57:45,552 [pool-27-thread-1] INFO  server.RaftServerConfigKeys (ConfUtils.java:logGet(43)) - raft.server.log.force.sync.num = 128 (default)
2019-10-18 19:57:45,552 [pool-37-thread-1] INFO  server.RaftServerConfigKeys (ConfUtils.java:logGet(43)) - raft.server.log.statemachine.data.sync = true (default)
2019-10-18 19:57:45,553 [pool-27-thread-1] INFO  server.RaftServerConfigKeys (ConfUtils.java:logGet(43)) - raft.server.log.statemachine.data.sync = true (default)
2019-10-18 19:57:45,553 [pool-37-thread-1] INFO  server.RaftServerConfigKeys (ConfUtils.java:logGet(43)) - raft.server.log.statemachine.data.sync.timeout = 10s (default)
2019-10-18 19:57:45,553 [pool-27-thread-1] INFO  server.RaftServerConfigKeys (ConfUtils.java:logGet(43)) - raft.server.log.statemachine.data.sync.timeout = 10s (default)
2019-10-18 19:57:45,553 [pool-37-thread-1] INFO  server.RaftServerConfigKeys (ConfUtils.java:logGet(43)) - raft.server.log.statemachine.data.sync.timeout.retry = -1 (default)
2019-10-18 19:57:45,553 [pool-27-thread-1] INFO  server.RaftServerConfigKeys (ConfUtils.java:logGet(43)) - raft.server.log.statemachine.data.sync.timeout.retry = -1 (default)
2019-10-18 19:57:45,553 [pool-37-thread-1] INFO  server.RaftServerConfigKeys (ConfUtils.java:logGet(43)) - raft.server.log.statemachine.data.caching.enabled = true (custom)
2019-10-18 19:57:45,553 [pool-27-thread-1] INFO  server.RaftServerConfigKeys (ConfUtils.java:logGet(43)) - raft.server.log.statemachine.data.caching.enabled = true (custom)
2019-10-18 19:57:45,554 [pool-37-thread-1] INFO  segmented.SegmentedRaftLogWorker (SegmentedRaftLogWorker.java:lambda$new$0(128)) - d13c026a-6de7-468a-bcba-b5f9e5455386@group-25E9F9542FFF-SegmentedRaftLogWorker: flushIndex: setUnconditionally 0 -> -1
2019-10-18 19:57:45,554 [pool-27-thread-1] INFO  segmented.SegmentedRaftLogWorker (SegmentedRaftLogWorker.java:lambda$new$0(128)) - 652c9eaa-759b-40b5-a420-e649d7d5dbbd@group-25E9F9542FFF-SegmentedRaftLogWorker: flushIndex: setUnconditionally 0 -> -1
2019-10-18 19:57:45,554 [pool-37-thread-1] INFO  server.RaftServerConfigKeys (ConfUtils.java:logGet(43)) - raft.server.snapshot.auto.trigger.enabled = true (custom)
2019-10-18 19:57:45,554 [pool-27-thread-1] INFO  server.RaftServerConfigKeys (ConfUtils.java:logGet(43)) - raft.server.snapshot.auto.trigger.enabled = true (custom)
2019-10-18 19:57:45,554 [pool-37-thread-1] INFO  server.RaftServerConfigKeys (ConfUtils.java:logGet(43)) - raft.server.snapshot.auto.trigger.threshold = 10000 (custom)
2019-10-18 19:57:45,554 [pool-27-thread-1] INFO  server.RaftServerConfigKeys (ConfUtils.java:logGet(43)) - raft.server.snapshot.auto.trigger.threshold = 10000 (custom)
2019-10-18 19:57:45,554 [pool-37-thread-1] INFO  server.RaftServerConfigKeys (ConfUtils.java:logGet(43)) - raft.server.snapshot.retention.file.num = 5 (custom)
2019-10-18 19:57:45,554 [pool-27-thread-1] INFO  server.RaftServerConfigKeys (ConfUtils.java:logGet(43)) - raft.server.snapshot.retention.file.num = 5 (custom)
2019-10-18 19:57:45,555 [pool-37-thread-1] INFO  server.RaftServerConfigKeys (ConfUtils.java:logGet(43)) - raft.server.retrycache.expirytime = 600000ms (custom)
2019-10-18 19:57:45,555 [pool-27-thread-1] INFO  server.RaftServerConfigKeys (ConfUtils.java:logGet(43)) - raft.server.retrycache.expirytime = 600000ms (custom)
2019-10-18 19:57:45,555 [pool-59-thread-1] INFO  impl.RaftServerImpl (RaftServerImpl.java:start(195)) - 595ac112-eff6-4e35-b572-d6b1c4893b0f@group-25E9F9542FFF: start as a follower, conf=-1: [652c9eaa-759b-40b5-a420-e649d7d5dbbd:192.168.34.13:44469, d13c026a-6de7-468a-bcba-b5f9e5455386:192.168.34.13:41921, 595ac112-eff6-4e35-b572-d6b1c4893b0f:192.168.34.13:37460], old=null
2019-10-18 19:57:45,555 [pool-59-thread-1] INFO  impl.RaftServerImpl (RaftServerImpl.java:setRole(184)) - 595ac112-eff6-4e35-b572-d6b1c4893b0f@group-25E9F9542FFF: changes role from      null to FOLLOWER at term 0 for startAsFollower
2019-10-18 19:57:45,555 [pool-59-thread-1] INFO  impl.RoleInfo (RoleInfo.java:updateAndGet(143)) - 595ac112-eff6-4e35-b572-d6b1c4893b0f: start FollowerState
2019-10-18 19:57:45,556 [pool-59-thread-1] INFO  util.JmxRegister (JmxRegister.java:tryRegister(44)) - Successfully registered JMX Bean with object name Ratis:service=RaftServer,group=group-25E9F9542FFF,id=595ac112-eff6-4e35-b572-d6b1c4893b0f
2019-10-18 19:57:45,559 [pool-27-thread-1] INFO  impl.RaftServerImpl (RaftServerImpl.java:start(195)) - 652c9eaa-759b-40b5-a420-e649d7d5dbbd@group-25E9F9542FFF: start as a follower, conf=-1: [652c9eaa-759b-40b5-a420-e649d7d5dbbd:192.168.34.13:44469, d13c026a-6de7-468a-bcba-b5f9e5455386:192.168.34.13:41921, 595ac112-eff6-4e35-b572-d6b1c4893b0f:192.168.34.13:37460], old=null
2019-10-18 19:57:45,559 [pool-27-thread-1] INFO  impl.RaftServerImpl (RaftServerImpl.java:setRole(184)) - 652c9eaa-759b-40b5-a420-e649d7d5dbbd@group-25E9F9542FFF: changes role from      null to FOLLOWER at term 0 for startAsFollower
2019-10-18 19:57:45,559 [pool-27-thread-1] INFO  impl.RoleInfo (RoleInfo.java:updateAndGet(143)) - 652c9eaa-759b-40b5-a420-e649d7d5dbbd: start FollowerState
2019-10-18 19:57:45,559 [pool-37-thread-1] INFO  impl.RaftServerImpl (RaftServerImpl.java:start(195)) - d13c026a-6de7-468a-bcba-b5f9e5455386@group-25E9F9542FFF: start as a follower, conf=-1: [652c9eaa-759b-40b5-a420-e649d7d5dbbd:192.168.34.13:44469, d13c026a-6de7-468a-bcba-b5f9e5455386:192.168.34.13:41921, 595ac112-eff6-4e35-b572-d6b1c4893b0f:192.168.34.13:37460], old=null
2019-10-18 19:57:45,559 [pool-37-thread-1] INFO  impl.RaftServerImpl (RaftServerImpl.java:setRole(184)) - d13c026a-6de7-468a-bcba-b5f9e5455386@group-25E9F9542FFF: changes role from      null to FOLLOWER at term 0 for startAsFollower
2019-10-18 19:57:45,560 [pool-37-thread-1] INFO  impl.RoleInfo (RoleInfo.java:updateAndGet(143)) - d13c026a-6de7-468a-bcba-b5f9e5455386: start FollowerState
2019-10-18 19:57:45,560 [pool-27-thread-1] INFO  util.JmxRegister (JmxRegister.java:tryRegister(44)) - Successfully registered JMX Bean with object name Ratis:service=RaftServer,group=group-25E9F9542FFF,id=652c9eaa-759b-40b5-a420-e649d7d5dbbd
2019-10-18 19:57:45,560 [pool-37-thread-1] INFO  util.JmxRegister (JmxRegister.java:tryRegister(44)) - Successfully registered JMX Bean with object name Ratis:service=RaftServer,group=group-25E9F9542FFF,id=d13c026a-6de7-468a-bcba-b5f9e5455386
2019-10-18 19:57:45,570 [RatisPipelineUtilsThread] INFO  pipeline.PipelineStateManager (PipelineStateManager.java:addPipeline(56)) - Created pipeline Pipeline[ Id: d70c13a0-9fb8-4ef4-9439-25e9f9542fff, Nodes: 652c9eaa-759b-40b5-a420-e649d7d5dbbd{ip: 192.168.34.13, host: pr-hdds-2310-hfl48-2231614471, networkLocation: /default-rack, certSerialId: null}d13c026a-6de7-468a-bcba-b5f9e5455386{ip: 192.168.34.13, host: pr-hdds-2310-hfl48-2231614471, networkLocation: /default-rack, certSerialId: null}595ac112-eff6-4e35-b572-d6b1c4893b0f{ip: 192.168.34.13, host: pr-hdds-2310-hfl48-2231614471, networkLocation: /default-rack, certSerialId: null}, Type:RATIS, Factor:THREE, State:OPEN]
2019-10-18 19:57:45,602 [Thread-752] INFO  impl.FollowerState (FollowerState.java:run(108)) - 595ac112-eff6-4e35-b572-d6b1c4893b0f@group-0826A330EEA5-FollowerState: change to CANDIDATE, lastRpcTime:133ms, electionTimeout:133ms
2019-10-18 19:57:45,603 [Thread-752] INFO  impl.RoleInfo (RoleInfo.java:shutdownFollowerState(121)) - 595ac112-eff6-4e35-b572-d6b1c4893b0f: shutdown FollowerState
2019-10-18 19:57:45,603 [Thread-752] INFO  impl.RaftServerImpl (RaftServerImpl.java:setRole(184)) - 595ac112-eff6-4e35-b572-d6b1c4893b0f@group-0826A330EEA5: changes role from  FOLLOWER to CANDIDATE at term 0 for changeToCandidate
2019-10-18 19:57:45,603 [Thread-752] INFO  impl.RoleInfo (RoleInfo.java:updateAndGet(143)) - 595ac112-eff6-4e35-b572-d6b1c4893b0f: start LeaderElection
2019-10-18 19:57:45,629 [Thread-754] INFO  impl.FollowerState (FollowerState.java:run(108)) - 595ac112-eff6-4e35-b572-d6b1c4893b0f@group-7B64E6E68F81-FollowerState: change to CANDIDATE, lastRpcTime:136ms, electionTimeout:136ms
2019-10-18 19:57:45,633 [Thread-754] INFO  impl.RoleInfo (RoleInfo.java:shutdownFollowerState(121)) - 595ac112-eff6-4e35-b572-d6b1c4893b0f: shutdown FollowerState
2019-10-18 19:57:45,633 [Thread-754] INFO  impl.RaftServerImpl (RaftServerImpl.java:setRole(184)) - 595ac112-eff6-4e35-b572-d6b1c4893b0f@group-7B64E6E68F81: changes role from  FOLLOWER to CANDIDATE at term 31 for changeToCandidate
2019-10-18 19:57:45,633 [Thread-754] INFO  impl.RoleInfo (RoleInfo.java:updateAndGet(143)) - 595ac112-eff6-4e35-b572-d6b1c4893b0f: start LeaderElection
2019-10-18 19:57:45,633 [EventQueue-PendingDeleteStatusForPendingDeleteHandler] INFO  block.SCMBlockDeletingService (SCMBlockDeletingService.java:handlePendingDeletes(115)) - Block deletion txnID mismatch in datanode 595ac112-eff6-4e35-b572-d6b1c4893b0f for containerID 1. Datanode delete txnID: 0, SCM txnID: 1
2019-10-18 19:57:45,654 [595ac112-eff6-4e35-b572-d6b1c4893b0f@group-0826A330EEA5-LeaderElection30] INFO  impl.LeaderElection (LeaderElection.java:askForVotes(178)) - 595ac112-eff6-4e35-b572-d6b1c4893b0f@group-0826A330EEA5-LeaderElection30: begin an election at term 1 for -1: [595ac112-eff6-4e35-b572-d6b1c4893b0f:192.168.34.13:37460], old=null
2019-10-18 19:57:45,654 [595ac112-eff6-4e35-b572-d6b1c4893b0f@group-0826A330EEA5-LeaderElection30] INFO  impl.RoleInfo (RoleInfo.java:shutdownLeaderElection(134)) - 595ac112-eff6-4e35-b572-d6b1c4893b0f: shutdown LeaderElection
2019-10-18 19:57:45,654 [595ac112-eff6-4e35-b572-d6b1c4893b0f@group-0826A330EEA5-LeaderElection30] INFO  impl.RaftServerImpl (RaftServerImpl.java:setRole(184)) - 595ac112-eff6-4e35-b572-d6b1c4893b0f@group-0826A330EEA5: changes role from CANDIDATE to LEADER at term 1 for changeToLeader
2019-10-18 19:57:45,654 [595ac112-eff6-4e35-b572-d6b1c4893b0f@group-0826A330EEA5-LeaderElection30] INFO  impl.RaftServerImpl (ServerState.java:setLeader(256)) - 595ac112-eff6-4e35-b572-d6b1c4893b0f@group-0826A330EEA5: change Leader from null to 595ac112-eff6-4e35-b572-d6b1c4893b0f at term 1 for becomeLeader, leader elected after 193ms
2019-10-18 19:57:45,654 [595ac112-eff6-4e35-b572-d6b1c4893b0f@group-0826A330EEA5-LeaderElection30] INFO  server.RaftServerConfigKeys (ConfUtils.java:logGet(43)) - raft.server.staging.catchup.gap = 1000 (default)
2019-10-18 19:57:45,654 [595ac112-eff6-4e35-b572-d6b1c4893b0f@group-0826A330EEA5-LeaderElection30] INFO  server.RaftServerConfigKeys (ConfUtils.java:logGet(43)) - raft.server.rpc.sleep.time = 25ms (default)
2019-10-18 19:57:45,655 [595ac112-eff6-4e35-b572-d6b1c4893b0f@group-0826A330EEA5-LeaderElection30] INFO  server.RaftServerConfigKeys (ConfUtils.java:logGet(43)) - raft.server.write.element-limit = 4096 (default)
2019-10-18 19:57:45,655 [595ac112-eff6-4e35-b572-d6b1c4893b0f@group-0826A330EEA5-LeaderElection30] INFO  server.RaftServerConfigKeys (ConfUtils.java:logGet(43)) - raft.server.watch.timeout = 10s (default)
2019-10-18 19:57:45,655 [595ac112-eff6-4e35-b572-d6b1c4893b0f@group-0826A330EEA5-LeaderElection30] INFO  server.RaftServerConfigKeys (ConfUtils.java:logGet(43)) - raft.server.watch.timeout.denomination = 1s (default)
2019-10-18 19:57:45,655 [595ac112-eff6-4e35-b572-d6b1c4893b0f@group-0826A330EEA5-LeaderElection30] INFO  server.RaftServerConfigKeys (ConfUtils.java:logGet(43)) - raft.server.watch.element-limit = 65536 (default)
2019-10-18 19:57:45,661 [Thread-768] INFO  client.GrpcClientProtocolService (GrpcClientProtocolService.java:lambda$processClientRequest$0(278)) - Failed RaftClientRequest:client-B973F343C649->d13c026a-6de7-468a-bcba-b5f9e5455386@group-7B64E6E68F81, cid=10, seq=0, Watch-ALL_COMMITTED(6), Message:<EMPTY>, reply=RaftClientReply:client-B973F343C649->d13c026a-6de7-468a-bcba-b5f9e5455386@group-7B64E6E68F81, cid=10, FAILED org.apache.ratis.protocol.NotLeaderException: Server d13c026a-6de7-468a-bcba-b5f9e5455386@group-7B64E6E68F81 is not the leader, logIndex=0, commits[d13c026a-6de7-468a-bcba-b5f9e5455386:c10, 652c9eaa-759b-40b5-a420-e649d7d5dbbd:c10, 595ac112-eff6-4e35-b572-d6b1c4893b0f:c4]
2019-10-18 19:57:45,662 [595ac112-eff6-4e35-b572-d6b1c4893b0f@group-0826A330EEA5-LeaderElection30] INFO  impl.RoleInfo (RoleInfo.java:updateAndGet(143)) - 595ac112-eff6-4e35-b572-d6b1c4893b0f: start LeaderState
2019-10-18 19:57:45,663 [595ac112-eff6-4e35-b572-d6b1c4893b0f@group-7B64E6E68F81-LeaderElection31] INFO  impl.LeaderElection (LeaderElection.java:askForVotes(178)) - 595ac112-eff6-4e35-b572-d6b1c4893b0f@group-7B64E6E68F81-LeaderElection31: begin an election at term 32 for 0: [652c9eaa-759b-40b5-a420-e649d7d5dbbd:192.168.34.13:44469, d13c026a-6de7-468a-bcba-b5f9e5455386:192.168.34.13:41921, 595ac112-eff6-4e35-b572-d6b1c4893b0f:192.168.34.13:37460], old=null
2019-10-18 19:57:45,663 [595ac112-eff6-4e35-b572-d6b1c4893b0f@group-0826A330EEA5-LeaderElection30] INFO  segmented.SegmentedRaftLogWorker (SegmentedRaftLogWorker.java:startLogSegment(385)) - 595ac112-eff6-4e35-b572-d6b1c4893b0f@group-0826A330EEA5-SegmentedRaftLogWorker: Starting segment from index:0
2019-10-18 19:57:45,665 [595ac112-eff6-4e35-b572-d6b1c4893b0f@group-0826A330EEA5-LeaderElection30] INFO  impl.RaftServerImpl (ServerState.java:setRaftConf(357)) - 595ac112-eff6-4e35-b572-d6b1c4893b0f@group-0826A330EEA5: set configuration 0: [595ac112-eff6-4e35-b572-d6b1c4893b0f:192.168.34.13:37460], old=null at 0
2019-10-18 19:57:45,701 [Thread-760] INFO  impl.FollowerState (FollowerState.java:run(108)) - d13c026a-6de7-468a-bcba-b5f9e5455386@group-25E9F9542FFF-FollowerState: change to CANDIDATE, lastRpcTime:141ms, electionTimeout:126ms
2019-10-18 19:57:45,701 [Thread-759] INFO  impl.FollowerState (FollowerState.java:run(108)) - 652c9eaa-759b-40b5-a420-e649d7d5dbbd@group-25E9F9542FFF-FollowerState: change to CANDIDATE, lastRpcTime:142ms, electionTimeout:119ms
2019-10-18 19:57:45,702 [Thread-760] INFO  impl.RoleInfo (RoleInfo.java:shutdownFollowerState(121)) - d13c026a-6de7-468a-bcba-b5f9e5455386: shutdown FollowerState
2019-10-18 19:57:45,702 [Thread-759] INFO  impl.RoleInfo (RoleInfo.java:shutdownFollowerState(121)) - 652c9eaa-759b-40b5-a420-e649d7d5dbbd: shutdown FollowerState
2019-10-18 19:57:45,702 [Thread-758] INFO  impl.FollowerState (FollowerState.java:run(108)) - 595ac112-eff6-4e35-b572-d6b1c4893b0f@group-25E9F9542FFF-FollowerState: change to CANDIDATE, lastRpcTime:146ms, electionTimeout:114ms
2019-10-18 19:57:45,702 [Thread-759] INFO  impl.RaftServerImpl (RaftServerImpl.java:setRole(184)) - 652c9eaa-759b-40b5-a420-e649d7d5dbbd@group-25E9F9542FFF: changes role from  FOLLOWER to CANDIDATE at term 0 for changeToCandidate
2019-10-18 19:57:45,702 [Thread-760] INFO  impl.RaftServerImpl (RaftServerImpl.java:setRole(184)) - d13c026a-6de7-468a-bcba-b5f9e5455386@group-25E9F9542FFF: changes role from  FOLLOWER to CANDIDATE at term 0 for changeToCandidate
2019-10-18 19:57:45,702 [Thread-759] INFO  impl.RoleInfo (RoleInfo.java:updateAndGet(143)) - 652c9eaa-759b-40b5-a420-e649d7d5dbbd: start LeaderElection
2019-10-18 19:57:45,702 [Thread-758] INFO  impl.RoleInfo (RoleInfo.java:shutdownFollowerState(121)) - 595ac112-eff6-4e35-b572-d6b1c4893b0f: shutdown FollowerState
2019-10-18 19:57:45,702 [Thread-760] INFO  impl.RoleInfo (RoleInfo.java:updateAndGet(143)) - d13c026a-6de7-468a-bcba-b5f9e5455386: start LeaderElection
2019-10-18 19:57:45,703 [Thread-758] INFO  impl.RaftServerImpl (RaftServerImpl.java:setRole(184)) - 595ac112-eff6-4e35-b572-d6b1c4893b0f@group-25E9F9542FFF: changes role from  FOLLOWER to CANDIDATE at term 0 for changeToCandidate
2019-10-18 19:57:45,703 [BlockDeletingService#2] WARN  background.BlockDeletingService (BlockDeletingService.java:isDeletionAllowed(187)) - Close Container log Index 6 is not replicated across allthe servers in the pipeline 11bb0cf2-26ce-4402-a950-7b64e6e68f81 as the min replicated index is 4. Deletion is not allowed in this container yet.
2019-10-18 19:57:45,708 [grpc-default-executor-4] INFO  impl.RaftServerImpl (RaftServerImpl.java:setRole(184)) - d13c026a-6de7-468a-bcba-b5f9e5455386@group-7B64E6E68F81: changes role from  FOLLOWER to FOLLOWER at term 32 for recognizeCandidate:595ac112-eff6-4e35-b572-d6b1c4893b0f
2019-10-18 19:57:45,709 [grpc-default-executor-4] INFO  impl.RoleInfo (RoleInfo.java:shutdownFollowerState(121)) - d13c026a-6de7-468a-bcba-b5f9e5455386: shutdown FollowerState
2019-10-18 19:57:45,703 [Thread-758] INFO  impl.RoleInfo (RoleInfo.java:updateAndGet(143)) - 595ac112-eff6-4e35-b572-d6b1c4893b0f: start LeaderElection
2019-10-18 19:57:45,709 [Thread-750] INFO  impl.FollowerState (FollowerState.java:run(117)) - d13c026a-6de7-468a-bcba-b5f9e5455386@group-7B64E6E68F81-FollowerState was interrupted: java.lang.InterruptedException: sleep interrupted
2019-10-18 19:57:45,703 [BlockDeletingService#2] WARN  background.BlockDeletingService (BlockDeletingService.java:isDeletionAllowed(187)) - Close Container log Index 6 is not replicated across allthe servers in the pipeline 11bb0cf2-26ce-4402-a950-7b64e6e68f81 as the min replicated index is 4. Deletion is not allowed in this container yet.
2019-10-18 19:57:45,709 [grpc-default-executor-4] INFO  impl.RoleInfo (RoleInfo.java:updateAndGet(143)) - d13c026a-6de7-468a-bcba-b5f9e5455386: start FollowerState
2019-10-18 19:57:45,709 [grpc-default-executor-6] INFO  impl.RaftServerImpl (RaftServerImpl.java:setRole(184)) - 652c9eaa-759b-40b5-a420-e649d7d5dbbd@group-7B64E6E68F81: changes role from  FOLLOWER to FOLLOWER at term 32 for recognizeCandidate:595ac112-eff6-4e35-b572-d6b1c4893b0f
2019-10-18 19:57:45,712 [grpc-default-executor-6] INFO  impl.RoleInfo (RoleInfo.java:shutdownFollowerState(121)) - 652c9eaa-759b-40b5-a420-e649d7d5dbbd: shutdown FollowerState
2019-10-18 19:57:45,712 [grpc-default-executor-6] INFO  impl.RoleInfo (RoleInfo.java:updateAndGet(143)) - 652c9eaa-759b-40b5-a420-e649d7d5dbbd: start FollowerState
2019-10-18 19:57:45,712 [Thread-749] INFO  impl.FollowerState (FollowerState.java:run(117)) - 652c9eaa-759b-40b5-a420-e649d7d5dbbd@group-7B64E6E68F81-FollowerState was interrupted: java.lang.InterruptedException: sleep interrupted
2019-10-18 19:57:45,729 [595ac112-eff6-4e35-b572-d6b1c4893b0f@group-0826A330EEA5-SegmentedRaftLogWorker] INFO  segmented.SegmentedRaftLogWorker (SegmentedRaftLogWorker.java:execute(576)) - 595ac112-eff6-4e35-b572-d6b1c4893b0f@group-0826A330EEA5-SegmentedRaftLogWorker: created new log segment /workdir/hadoop-ozone/integration-test/target/test-dir/MiniOzoneClusterImpl-7f30148d-aede-4745-be18-888c5c6e9681/datanode-2/data/ratis/23c2fddc-5743-46b6-b440-0826a330eea5/current/log_inprogress_0
2019-10-18 19:57:45,729 [d13c026a-6de7-468a-bcba-b5f9e5455386@group-25E9F9542FFF-LeaderElection33] INFO  impl.LeaderElection (LeaderElection.java:askForVotes(178)) - d13c026a-6de7-468a-bcba-b5f9e5455386@group-25E9F9542FFF-LeaderElection33: begin an election at term 1 for -1: [652c9eaa-759b-40b5-a420-e649d7d5dbbd:192.168.34.13:44469, d13c026a-6de7-468a-bcba-b5f9e5455386:192.168.34.13:41921, 595ac112-eff6-4e35-b572-d6b1c4893b0f:192.168.34.13:37460], old=null
2019-10-18 19:57:45,729 [652c9eaa-759b-40b5-a420-e649d7d5dbbd@group-25E9F9542FFF-LeaderElection32] INFO  impl.LeaderElection (LeaderElection.java:askForVotes(178)) - 652c9eaa-759b-40b5-a420-e649d7d5dbbd@group-25E9F9542FFF-LeaderElection32: begin an election at term 1 for -1: [652c9eaa-759b-40b5-a420-e649d7d5dbbd:192.168.34.13:44469, d13c026a-6de7-468a-bcba-b5f9e5455386:192.168.34.13:41921, 595ac112-eff6-4e35-b572-d6b1c4893b0f:192.168.34.13:37460], old=null
2019-10-18 19:57:45,729 [595ac112-eff6-4e35-b572-d6b1c4893b0f@group-25E9F9542FFF-LeaderElection34] INFO  impl.LeaderElection (LeaderElection.java:askForVotes(178)) - 595ac112-eff6-4e35-b572-d6b1c4893b0f@group-25E9F9542FFF-LeaderElection34: begin an election at term 1 for -1: [652c9eaa-759b-40b5-a420-e649d7d5dbbd:192.168.34.13:44469, d13c026a-6de7-468a-bcba-b5f9e5455386:192.168.34.13:41921, 595ac112-eff6-4e35-b572-d6b1c4893b0f:192.168.34.13:37460], old=null
2019-10-18 19:57:45,747 [595ac112-eff6-4e35-b572-d6b1c4893b0f@group-25E9F9542FFF-LeaderElection34] INFO  impl.LeaderElection (LeaderElection.java:logAndReturn(56)) - 595ac112-eff6-4e35-b572-d6b1c4893b0f@group-25E9F9542FFF-LeaderElection34: Election REJECTED; received 2 response(s) [595ac112-eff6-4e35-b572-d6b1c4893b0f<-652c9eaa-759b-40b5-a420-e649d7d5dbbd#0:FAIL-t1, 595ac112-eff6-4e35-b572-d6b1c4893b0f<-d13c026a-6de7-468a-bcba-b5f9e5455386#0:FAIL-t1] and 0 exception(s); 595ac112-eff6-4e35-b572-d6b1c4893b0f@group-25E9F9542FFF:t1, leader=null, voted=595ac112-eff6-4e35-b572-d6b1c4893b0f, raftlog=595ac112-eff6-4e35-b572-d6b1c4893b0f@group-25E9F9542FFF-SegmentedRaftLog:OPENED:c-1,f-1,i0, conf=-1: [652c9eaa-759b-40b5-a420-e649d7d5dbbd:192.168.34.13:44469, d13c026a-6de7-468a-bcba-b5f9e5455386:192.168.34.13:41921, 595ac112-eff6-4e35-b572-d6b1c4893b0f:192.168.34.13:37460], old=null
2019-10-18 19:57:45,747 [595ac112-eff6-4e35-b572-d6b1c4893b0f@group-25E9F9542FFF-LeaderElection34] INFO  impl.RaftServerImpl (RaftServerImpl.java:setRole(184)) - 595ac112-eff6-4e35-b572-d6b1c4893b0f@group-25E9F9542FFF: changes role from CANDIDATE to FOLLOWER at term 1 for DISCOVERED_A_NEW_TERM
2019-10-18 19:57:45,747 [595ac112-eff6-4e35-b572-d6b1c4893b0f@group-25E9F9542FFF-LeaderElection34] INFO  impl.RoleInfo (RoleInfo.java:shutdownLeaderElection(134)) - 595ac112-eff6-4e35-b572-d6b1c4893b0f: shutdown LeaderElection
2019-10-18 19:57:45,748 [595ac112-eff6-4e35-b572-d6b1c4893b0f@group-25E9F9542FFF-LeaderElection34] INFO  impl.RoleInfo (RoleInfo.java:updateAndGet(143)) - 595ac112-eff6-4e35-b572-d6b1c4893b0f: start FollowerState
2019-10-18 19:57:45,748 [d13c026a-6de7-468a-bcba-b5f9e5455386@group-25E9F9542FFF-LeaderElection33] INFO  impl.LeaderElection (LeaderElection.java:logAndReturn(56)) - d13c026a-6de7-468a-bcba-b5f9e5455386@group-25E9F9542FFF-LeaderElection33: Election REJECTED; received 2 response(s) [d13c026a-6de7-468a-bcba-b5f9e5455386<-652c9eaa-759b-40b5-a420-e649d7d5dbbd#0:FAIL-t1, d13c026a-6de7-468a-bcba-b5f9e5455386<-595ac112-eff6-4e35-b572-d6b1c4893b0f#0:FAIL-t1] and 0 exception(s); d13c026a-6de7-468a-bcba-b5f9e5455386@group-25E9F9542FFF:t1, leader=null, voted=d13c026a-6de7-468a-bcba-b5f9e5455386, raftlog=d13c026a-6de7-468a-bcba-b5f9e5455386@group-25E9F9542FFF-SegmentedRaftLog:OPENED:c-1,f-1,i0, conf=-1: [652c9eaa-759b-40b5-a420-e649d7d5dbbd:192.168.34.13:44469, d13c026a-6de7-468a-bcba-b5f9e5455386:192.168.34.13:41921, 595ac112-eff6-4e35-b572-d6b1c4893b0f:192.168.34.13:37460], old=null
2019-10-18 19:57:45,748 [d13c026a-6de7-468a-bcba-b5f9e5455386@group-25E9F9542FFF-LeaderElection33] INFO  impl.RaftServerImpl (RaftServerImpl.java:setRole(184)) - d13c026a-6de7-468a-bcba-b5f9e5455386@group-25E9F9542FFF: changes role from CANDIDATE to FOLLOWER at term 1 for DISCOVERED_A_NEW_TERM
2019-10-18 19:57:45,749 [d13c026a-6de7-468a-bcba-b5f9e5455386@group-25E9F9542FFF-LeaderElection33] INFO  impl.RoleInfo (RoleInfo.java:shutdownLeaderElection(134)) - d13c026a-6de7-468a-bcba-b5f9e5455386: shutdown LeaderElection
2019-10-18 19:57:45,749 [595ac112-eff6-4e35-b572-d6b1c4893b0f@group-7B64E6E68F81-LeaderElection31] INFO  impl.LeaderElection (LeaderElection.java:logAndReturn(56)) - 595ac112-eff6-4e35-b572-d6b1c4893b0f@group-7B64E6E68F81-LeaderElection31: Election REJECTED; received 2 response(s) [595ac112-eff6-4e35-b572-d6b1c4893b0f<-652c9eaa-759b-40b5-a420-e649d7d5dbbd#0:FAIL-t32, 595ac112-eff6-4e35-b572-d6b1c4893b0f<-d13c026a-6de7-468a-bcba-b5f9e5455386#0:FAIL-t32] and 0 exception(s); 595ac112-eff6-4e35-b572-d6b1c4893b0f@group-7B64E6E68F81:t32, leader=null, voted=595ac112-eff6-4e35-b572-d6b1c4893b0f, raftlog=595ac112-eff6-4e35-b572-d6b1c4893b0f@group-7B64E6E68F81-SegmentedRaftLog:OPENED:c3,f4,i4, conf=0: [652c9eaa-759b-40b5-a420-e649d7d5dbbd:192.168.34.13:44469, d13c026a-6de7-468a-bcba-b5f9e5455386:192.168.34.13:41921, 595ac112-eff6-4e35-b572-d6b1c4893b0f:192.168.34.13:37460], old=null
2019-10-18 19:57:45,749 [d13c026a-6de7-468a-bcba-b5f9e5455386@group-25E9F9542FFF-LeaderElection33] INFO  impl.RoleInfo (RoleInfo.java:updateAndGet(143)) - d13c026a-6de7-468a-bcba-b5f9e5455386: start FollowerState
2019-10-18 19:57:45,749 [595ac112-eff6-4e35-b572-d6b1c4893b0f@group-7B64E6E68F81-LeaderElection31] INFO  impl.RaftServerImpl (RaftServerImpl.java:setRole(184)) - 595ac112-eff6-4e35-b572-d6b1c4893b0f@group-7B64E6E68F81: changes role from CANDIDATE to FOLLOWER at term 32 for DISCOVERED_A_NEW_TERM
2019-10-18 19:57:45,750 [652c9eaa-759b-40b5-a420-e649d7d5dbbd@group-25E9F9542FFF-LeaderElection32] INFO  impl.LeaderElection (LeaderElection.java:logAndReturn(56)) - 652c9eaa-759b-40b5-a420-e649d7d5dbbd@group-25E9F9542FFF-LeaderElection32: Election REJECTED; received 2 response(s) [652c9eaa-759b-40b5-a420-e649d7d5dbbd<-d13c026a-6de7-468a-bcba-b5f9e5455386#0:FAIL-t1, 652c9eaa-759b-40b5-a420-e649d7d5dbbd<-595ac112-eff6-4e35-b572-d6b1c4893b0f#0:FAIL-t1] and 0 exception(s); 652c9eaa-759b-40b5-a420-e649d7d5dbbd@group-25E9F9542FFF:t1, leader=null, voted=652c9eaa-759b-40b5-a420-e649d7d5dbbd, raftlog=652c9eaa-759b-40b5-a420-e649d7d5dbbd@group-25E9F9542FFF-SegmentedRaftLog:OPENED:c-1,f-1,i0, conf=-1: [652c9eaa-759b-40b5-a420-e649d7d5dbbd:192.168.34.13:44469, d13c026a-6de7-468a-bcba-b5f9e5455386:192.168.34.13:41921, 595ac112-eff6-4e35-b572-d6b1c4893b0f:192.168.34.13:37460], old=null
2019-10-18 19:57:45,750 [595ac112-eff6-4e35-b572-d6b1c4893b0f@group-7B64E6E68F81-LeaderElection31] INFO  impl.RoleInfo (RoleInfo.java:shutdownLeaderElection(134)) - 595ac112-eff6-4e35-b572-d6b1c4893b0f: shutdown LeaderElection
2019-10-18 19:57:45,751 [652c9eaa-759b-40b5-a420-e649d7d5dbbd@group-25E9F9542FFF-LeaderElection32] INFO  impl.RaftServerImpl (RaftServerImpl.java:setRole(184)) - 652c9eaa-759b-40b5-a420-e649d7d5dbbd@group-25E9F9542FFF: changes role from CANDIDATE to FOLLOWER at term 1 for DISCOVERED_A_NEW_TERM
2019-10-18 19:57:45,751 [595ac112-eff6-4e35-b572-d6b1c4893b0f@group-7B64E6E68F81-LeaderElection31] INFO  impl.RoleInfo (RoleInfo.java:updateAndGet(143)) - 595ac112-eff6-4e35-b572-d6b1c4893b0f: start FollowerState
2019-10-18 19:57:45,751 [652c9eaa-759b-40b5-a420-e649d7d5dbbd@group-25E9F9542FFF-LeaderElection32] INFO  impl.RoleInfo (RoleInfo.java:shutdownLeaderElection(134)) - 652c9eaa-759b-40b5-a420-e649d7d5dbbd: shutdown LeaderElection
2019-10-18 19:57:45,751 [652c9eaa-759b-40b5-a420-e649d7d5dbbd@group-25E9F9542FFF-LeaderElection32] INFO  impl.RoleInfo (RoleInfo.java:updateAndGet(143)) - 652c9eaa-759b-40b5-a420-e649d7d5dbbd: start FollowerState
2019-10-18 19:57:45,774 [Thread-788] INFO  impl.FollowerState (FollowerState.java:run(108)) - 652c9eaa-759b-40b5-a420-e649d7d5dbbd@group-25E9F9542FFF-FollowerState: change to CANDIDATE, lastRpcTime:22ms, electionTimeout:22ms
2019-10-18 19:57:45,774 [Thread-788] INFO  impl.RoleInfo (RoleInfo.java:shutdownFollowerState(121)) - 652c9eaa-759b-40b5-a420-e649d7d5dbbd: shutdown FollowerState
2019-10-18 19:57:45,774 [Thread-788] INFO  impl.RaftServerImpl (RaftServerImpl.java:setRole(184)) - 652c9eaa-759b-40b5-a420-e649d7d5dbbd@group-25E9F9542FFF: changes role from  FOLLOWER to CANDIDATE at term 1 for changeToCandidate
2019-10-18 19:57:45,774 [Thread-788] INFO  impl.RoleInfo (RoleInfo.java:updateAndGet(143)) - 652c9eaa-759b-40b5-a420-e649d7d5dbbd: start LeaderElection
2019-10-18 19:57:45,797 [652c9eaa-759b-40b5-a420-e649d7d5dbbd@group-25E9F9542FFF-LeaderElection35] INFO  impl.LeaderElection (LeaderElection.java:askForVotes(178)) - 652c9eaa-759b-40b5-a420-e649d7d5dbbd@group-25E9F9542FFF-LeaderElection35: begin an election at term 2 for -1: [652c9eaa-759b-40b5-a420-e649d7d5dbbd:192.168.34.13:44469, d13c026a-6de7-468a-bcba-b5f9e5455386:192.168.34.13:41921, 595ac112-eff6-4e35-b572-d6b1c4893b0f:192.168.34.13:37460], old=null
2019-10-18 19:57:45,799 [grpc-default-executor-0] INFO  impl.RaftServerImpl (RaftServerImpl.java:setRole(184)) - d13c026a-6de7-468a-bcba-b5f9e5455386@group-25E9F9542FFF: changes role from  FOLLOWER to FOLLOWER at term 2 for recognizeCandidate:652c9eaa-759b-40b5-a420-e649d7d5dbbd
2019-10-18 19:57:45,799 [grpc-default-executor-0] INFO  impl.RoleInfo (RoleInfo.java:shutdownFollowerState(121)) - d13c026a-6de7-468a-bcba-b5f9e5455386: shutdown FollowerState
2019-10-18 19:57:45,800 [Thread-786] INFO  impl.FollowerState (FollowerState.java:run(117)) - d13c026a-6de7-468a-bcba-b5f9e5455386@group-25E9F9542FFF-FollowerState was interrupted: java.lang.InterruptedException: sleep interrupted
2019-10-18 19:57:45,800 [grpc-default-executor-6] INFO  impl.RaftServerImpl (RaftServerImpl.java:setRole(184)) - 595ac112-eff6-4e35-b572-d6b1c4893b0f@group-25E9F9542FFF: changes role from  FOLLOWER to FOLLOWER at term 2 for recognizeCandidate:652c9eaa-759b-40b5-a420-e649d7d5dbbd
2019-10-18 19:57:45,800 [grpc-default-executor-0] INFO  impl.RoleInfo (RoleInfo.java:updateAndGet(143)) - d13c026a-6de7-468a-bcba-b5f9e5455386: start FollowerState
2019-10-18 19:57:45,800 [grpc-default-executor-6] INFO  impl.RoleInfo (RoleInfo.java:shutdownFollowerState(121)) - 595ac112-eff6-4e35-b572-d6b1c4893b0f: shutdown FollowerState
2019-10-18 19:57:45,800 [grpc-default-executor-6] INFO  impl.RoleInfo (RoleInfo.java:updateAndGet(143)) - 595ac112-eff6-4e35-b572-d6b1c4893b0f: start FollowerState
2019-10-18 19:57:45,800 [Thread-785] INFO  impl.FollowerState (FollowerState.java:run(117)) - 595ac112-eff6-4e35-b572-d6b1c4893b0f@group-25E9F9542FFF-FollowerState was interrupted: java.lang.InterruptedException: sleep interrupted
2019-10-18 19:57:45,823 [652c9eaa-759b-40b5-a420-e649d7d5dbbd@group-25E9F9542FFF-LeaderElection35] INFO  impl.LeaderElection (LeaderElection.java:logAndReturn(56)) - 652c9eaa-759b-40b5-a420-e649d7d5dbbd@group-25E9F9542FFF-LeaderElection35: Election PASSED; received 1 response(s) [652c9eaa-759b-40b5-a420-e649d7d5dbbd<-595ac112-eff6-4e35-b572-d6b1c4893b0f#0:OK-t2] and 0 exception(s); 652c9eaa-759b-40b5-a420-e649d7d5dbbd@group-25E9F9542FFF:t2, leader=null, voted=652c9eaa-759b-40b5-a420-e649d7d5dbbd, raftlog=652c9eaa-759b-40b5-a420-e649d7d5dbbd@group-25E9F9542FFF-SegmentedRaftLog:OPENED:c-1,f-1,i0, conf=-1: [652c9eaa-759b-40b5-a420-e649d7d5dbbd:192.168.34.13:44469, d13c026a-6de7-468a-bcba-b5f9e5455386:192.168.34.13:41921, 595ac112-eff6-4e35-b572-d6b1c4893b0f:192.168.34.13:37460], old=null
2019-10-18 19:57:45,824 [652c9eaa-759b-40b5-a420-e649d7d5dbbd@group-25E9F9542FFF-LeaderElection35] INFO  impl.RoleInfo (RoleInfo.java:shutdownLeaderElection(134)) - 652c9eaa-759b-40b5-a420-e649d7d5dbbd: shutdown LeaderElection
2019-10-18 19:57:45,824 [652c9eaa-759b-40b5-a420-e649d7d5dbbd@group-25E9F9542FFF-LeaderElection35] INFO  impl.RaftServerImpl (RaftServerImpl.java:setRole(184)) - 652c9eaa-759b-40b5-a420-e649d7d5dbbd@group-25E9F9542FFF: changes role from CANDIDATE to LEADER at term 2 for changeToLeader
2019-10-18 19:57:45,824 [652c9eaa-759b-40b5-a420-e649d7d5dbbd@group-25E9F9542FFF-LeaderElection35] INFO  impl.RaftServerImpl (ServerState.java:setLeader(256)) - 652c9eaa-759b-40b5-a420-e649d7d5dbbd@group-25E9F9542FFF: change Leader from null to 652c9eaa-759b-40b5-a420-e649d7d5dbbd at term 2 for becomeLeader, leader elected after 278ms
2019-10-18 19:57:45,824 [652c9eaa-759b-40b5-a420-e649d7d5dbbd@group-25E9F9542FFF-LeaderElection35] INFO  server.RaftServerConfigKeys (ConfUtils.java:logGet(43)) - raft.server.staging.catchup.gap = 1000 (default)
2019-10-18 19:57:45,824 [652c9eaa-759b-40b5-a420-e649d7d5dbbd@group-25E9F9542FFF-LeaderElection35] INFO  server.RaftServerConfigKeys (ConfUtils.java:logGet(43)) - raft.server.rpc.sleep.time = 25ms (default)
2019-10-18 19:57:45,824 [652c9eaa-759b-40b5-a420-e649d7d5dbbd@group-25E9F9542FFF-LeaderElection35] INFO  server.RaftServerConfigKeys (ConfUtils.java:logGet(43)) - raft.server.write.element-limit = 4096 (default)
2019-10-18 19:57:45,825 [652c9eaa-759b-40b5-a420-e649d7d5dbbd@group-25E9F9542FFF-LeaderElection35] INFO  server.RaftServerConfigKeys (ConfUtils.java:logGet(43)) - raft.server.watch.timeout = 10s (default)
2019-10-18 19:57:45,825 [652c9eaa-759b-40b5-a420-e649d7d5dbbd@group-25E9F9542FFF-LeaderElection35] INFO  server.RaftServerConfigKeys (ConfUtils.java:logGet(43)) - raft.server.watch.timeout.denomination = 1s (default)
2019-10-18 19:57:45,825 [652c9eaa-759b-40b5-a420-e649d7d5dbbd@group-25E9F9542FFF-LeaderElection35] INFO  server.RaftServerConfigKeys (ConfUtils.java:logGet(43)) - raft.server.watch.element-limit = 65536 (default)
2019-10-18 19:57:45,827 [652c9eaa-759b-40b5-a420-e649d7d5dbbd@group-25E9F9542FFF-LeaderElection35] INFO  server.RaftServerConfigKeys (ConfUtils.java:logGet(43)) - raft.server.log.appender.snapshot.chunk.size.max = 16MB (=16777216) (default)
2019-10-18 19:57:45,828 [652c9eaa-759b-40b5-a420-e649d7d5dbbd@group-25E9F9542FFF-LeaderElection35] INFO  server.RaftServerConfigKeys (ConfUtils.java:logGet(43)) - raft.server.log.appender.buffer.byte-limit = 33554432 (custom)
2019-10-18 19:57:45,828 [652c9eaa-759b-40b5-a420-e649d7d5dbbd@group-25E9F9542FFF-LeaderElection35] INFO  server.RaftServerConfigKeys (ConfUtils.java:logGet(43)) - raft.server.log.appender.buffer.element-limit = 1 (custom)
2019-10-18 19:57:45,828 [652c9eaa-759b-40b5-a420-e649d7d5dbbd@group-25E9F9542FFF-LeaderElection35] INFO  grpc.GrpcConfigKeys$Server (ConfUtils.java:logGet(43)) - raft.grpc.server.leader.outstanding.appends.max = 128 (default)
2019-10-18 19:57:45,828 [652c9eaa-759b-40b5-a420-e649d7d5dbbd@group-25E9F9542FFF-LeaderElection35] INFO  server.RaftServerConfigKeys (ConfUtils.java:logGet(43)) - raft.server.rpc.request.timeout = 3000ms (default)
2019-10-18 19:57:45,829 [652c9eaa-759b-40b5-a420-e649d7d5dbbd@group-25E9F9542FFF-LeaderElection35] INFO  server.RaftServerConfigKeys (ConfUtils.java:logGet(43)) - raft.server.log.appender.install.snapshot.enabled = false (custom)
2019-10-18 19:57:45,831 [652c9eaa-759b-40b5-a420-e649d7d5dbbd@group-25E9F9542FFF-LeaderElection35] INFO  server.RaftServerConfigKeys (ConfUtils.java:logGet(43)) - raft.server.log.appender.snapshot.chunk.size.max = 16MB (=16777216) (default)
2019-10-18 19:57:45,831 [652c9eaa-759b-40b5-a420-e649d7d5dbbd@group-25E9F9542FFF-LeaderElection35] INFO  server.RaftServerConfigKeys (ConfUtils.java:logGet(43)) - raft.server.log.appender.buffer.byte-limit = 33554432 (custom)
2019-10-18 19:57:45,831 [652c9eaa-759b-40b5-a420-e649d7d5dbbd@group-25E9F9542FFF-LeaderElection35] INFO  server.RaftServerConfigKeys (ConfUtils.java:logGet(43)) - raft.server.log.appender.buffer.element-limit = 1 (custom)
2019-10-18 19:57:45,832 [652c9eaa-759b-40b5-a420-e649d7d5dbbd@group-25E9F9542FFF-LeaderElection35] INFO  grpc.GrpcConfigKeys$Server (ConfUtils.java:logGet(43)) - raft.grpc.server.leader.outstanding.appends.max = 128 (default)
2019-10-18 19:57:45,832 [652c9eaa-759b-40b5-a420-e649d7d5dbbd@group-25E9F9542FFF-LeaderElection35] INFO  server.RaftServerConfigKeys (ConfUtils.java:logGet(43)) - raft.server.rpc.request.timeout = 3000ms (default)
2019-10-18 19:57:45,832 [652c9eaa-759b-40b5-a420-e649d7d5dbbd@group-25E9F9542FFF-LeaderElection35] INFO  server.RaftServerConfigKeys (ConfUtils.java:logGet(43)) - raft.server.log.appender.install.snapshot.enabled = false (custom)
2019-10-18 19:57:45,835 [652c9eaa-759b-40b5-a420-e649d7d5dbbd@group-25E9F9542FFF-LeaderElection35] INFO  impl.RoleInfo (RoleInfo.java:updateAndGet(143)) - 652c9eaa-759b-40b5-a420-e649d7d5dbbd: start LeaderState
2019-10-18 19:57:45,835 [652c9eaa-759b-40b5-a420-e649d7d5dbbd@group-25E9F9542FFF-LeaderElection35] INFO  segmented.SegmentedRaftLogWorker (SegmentedRaftLogWorker.java:startLogSegment(385)) - 652c9eaa-759b-40b5-a420-e649d7d5dbbd@group-25E9F9542FFF-SegmentedRaftLogWorker: Starting segment from index:0
2019-10-18 19:57:45,836 [652c9eaa-759b-40b5-a420-e649d7d5dbbd@group-25E9F9542FFF-LeaderElection35] INFO  impl.RaftServerImpl (ServerState.java:setRaftConf(357)) - 652c9eaa-759b-40b5-a420-e649d7d5dbbd@group-25E9F9542FFF: set configuration 0: [652c9eaa-759b-40b5-a420-e649d7d5dbbd:192.168.34.13:44469, d13c026a-6de7-468a-bcba-b5f9e5455386:192.168.34.13:41921, 595ac112-eff6-4e35-b572-d6b1c4893b0f:192.168.34.13:37460], old=null at 0
2019-10-18 19:57:45,872 [grpc-default-executor-0] INFO  impl.RaftServerImpl (ServerState.java:setLeader(256)) - 595ac112-eff6-4e35-b572-d6b1c4893b0f@group-25E9F9542FFF: change Leader from null to 652c9eaa-759b-40b5-a420-e649d7d5dbbd at term 2 for appendEntries, leader elected after 325ms
2019-10-18 19:57:45,872 [grpc-default-executor-6] INFO  impl.RaftServerImpl (ServerState.java:setLeader(256)) - d13c026a-6de7-468a-bcba-b5f9e5455386@group-25E9F9542FFF: change Leader from null to 652c9eaa-759b-40b5-a420-e649d7d5dbbd at term 2 for appendEntries, leader elected after 326ms
2019-10-18 19:57:45,875 [grpc-default-executor-0] INFO  impl.RaftServerImpl (ServerState.java:setRaftConf(357)) - 595ac112-eff6-4e35-b572-d6b1c4893b0f@group-25E9F9542FFF: set configuration 0: [652c9eaa-759b-40b5-a420-e649d7d5dbbd:192.168.34.13:44469, d13c026a-6de7-468a-bcba-b5f9e5455386:192.168.34.13:41921, 595ac112-eff6-4e35-b572-d6b1c4893b0f:192.168.34.13:37460], old=null at 0
2019-10-18 19:57:45,875 [grpc-default-executor-6] INFO  impl.RaftServerImpl (ServerState.java:setRaftConf(357)) - d13c026a-6de7-468a-bcba-b5f9e5455386@group-25E9F9542FFF: set configuration 0: [652c9eaa-759b-40b5-a420-e649d7d5dbbd:192.168.34.13:44469, d13c026a-6de7-468a-bcba-b5f9e5455386:192.168.34.13:41921, 595ac112-eff6-4e35-b572-d6b1c4893b0f:192.168.34.13:37460], old=null at 0
2019-10-18 19:57:45,876 [grpc-default-executor-0] INFO  segmented.SegmentedRaftLogWorker (SegmentedRaftLogWorker.java:startLogSegment(385)) - 595ac112-eff6-4e35-b572-d6b1c4893b0f@group-25E9F9542FFF-SegmentedRaftLogWorker: Starting segment from index:0
2019-10-18 19:57:45,876 [grpc-default-executor-6] INFO  segmented.SegmentedRaftLogWorker (SegmentedRaftLogWorker.java:startLogSegment(385)) - d13c026a-6de7-468a-bcba-b5f9e5455386@group-25E9F9542FFF-SegmentedRaftLogWorker: Starting segment from index:0
2019-10-18 19:57:45,898 [652c9eaa-759b-40b5-a420-e649d7d5dbbd@group-25E9F9542FFF-SegmentedRaftLogWorker] INFO  segmented.SegmentedRaftLogWorker (SegmentedRaftLogWorker.java:execute(576)) - 652c9eaa-759b-40b5-a420-e649d7d5dbbd@group-25E9F9542FFF-SegmentedRaftLogWorker: created new log segment /workdir/hadoop-ozone/integration-test/target/test-dir/MiniOzoneClusterImpl-7f30148d-aede-4745-be18-888c5c6e9681/datanode-0/data/ratis/d70c13a0-9fb8-4ef4-9439-25e9f9542fff/current/log_inprogress_0
2019-10-18 19:57:45,907 [Thread-787] INFO  impl.FollowerState (FollowerState.java:run(108)) - 595ac112-eff6-4e35-b572-d6b1c4893b0f@group-7B64E6E68F81-FollowerState: change to CANDIDATE, lastRpcTime:156ms, electionTimeout:156ms
2019-10-18 19:57:45,908 [Thread-787] INFO  impl.RoleInfo (RoleInfo.java:shutdownFollowerState(121)) - 595ac112-eff6-4e35-b572-d6b1c4893b0f: shutdown FollowerState
2019-10-18 19:57:45,908 [Thread-787] INFO  impl.RaftServerImpl (RaftServerImpl.java:setRole(184)) - 595ac112-eff6-4e35-b572-d6b1c4893b0f@group-7B64E6E68F81: changes role from  FOLLOWER to CANDIDATE at term 32 for changeToCandidate
2019-10-18 19:57:45,908 [Thread-787] INFO  impl.RoleInfo (RoleInfo.java:updateAndGet(143)) - 595ac112-eff6-4e35-b572-d6b1c4893b0f: start LeaderElection
2019-10-18 19:57:45,934 [EventQueue-PendingDeleteStatusForPendingDeleteHandler] INFO  block.SCMBlockDeletingService (SCMBlockDeletingService.java:handlePendingDeletes(115)) - Block deletion txnID mismatch in datanode 595ac112-eff6-4e35-b572-d6b1c4893b0f for containerID 1. Datanode delete txnID: 0, SCM txnID: 1
2019-10-18 19:57:45,939 [595ac112-eff6-4e35-b572-d6b1c4893b0f@group-25E9F9542FFF-SegmentedRaftLogWorker] INFO  segmented.SegmentedRaftLogWorker (SegmentedRaftLogWorker.java:execute(576)) - 595ac112-eff6-4e35-b572-d6b1c4893b0f@group-25E9F9542FFF-SegmentedRaftLogWorker: created new log segment /workdir/hadoop-ozone/integration-test/target/test-dir/MiniOzoneClusterImpl-7f30148d-aede-4745-be18-888c5c6e9681/datanode-2/data/ratis/d70c13a0-9fb8-4ef4-9439-25e9f9542fff/current/log_inprogress_0
2019-10-18 19:57:45,939 [d13c026a-6de7-468a-bcba-b5f9e5455386@group-25E9F9542FFF-SegmentedRaftLogWorker] INFO  segmented.SegmentedRaftLogWorker (SegmentedRaftLogWorker.java:execute(576)) - d13c026a-6de7-468a-bcba-b5f9e5455386@group-25E9F9542FFF-SegmentedRaftLogWorker: created new log segment /workdir/hadoop-ozone/integration-test/target/test-dir/MiniOzoneClusterImpl-7f30148d-aede-4745-be18-888c5c6e9681/datanode-1/data/ratis/d70c13a0-9fb8-4ef4-9439-25e9f9542fff/current/log_inprogress_0
2019-10-18 19:57:45,940 [595ac112-eff6-4e35-b572-d6b1c4893b0f@group-7B64E6E68F81-LeaderElection36] INFO  impl.LeaderElection (LeaderElection.java:askForVotes(178)) - 595ac112-eff6-4e35-b572-d6b1c4893b0f@group-7B64E6E68F81-LeaderElection36: begin an election at term 33 for 0: [652c9eaa-759b-40b5-a420-e649d7d5dbbd:192.168.34.13:44469, d13c026a-6de7-468a-bcba-b5f9e5455386:192.168.34.13:41921, 595ac112-eff6-4e35-b572-d6b1c4893b0f:192.168.34.13:37460], old=null
2019-10-18 19:57:45,944 [grpc-default-executor-0] INFO  impl.RaftServerImpl (RaftServerImpl.java:setRole(184)) - d13c026a-6de7-468a-bcba-b5f9e5455386@group-7B64E6E68F81: changes role from  FOLLOWER to FOLLOWER at term 33 for recognizeCandidate:595ac112-eff6-4e35-b572-d6b1c4893b0f
2019-10-18 19:57:45,944 [grpc-default-executor-0] INFO  impl.RoleInfo (RoleInfo.java:shutdownFollowerState(121)) - d13c026a-6de7-468a-bcba-b5f9e5455386: shutdown FollowerState
2019-10-18 19:57:45,944 [grpc-default-executor-6] INFO  impl.RaftServerImpl (RaftServerImpl.java:setRole(184)) - 652c9eaa-759b-40b5-a420-e649d7d5dbbd@group-7B64E6E68F81: changes role from  FOLLOWER to FOLLOWER at term 33 for recognizeCandidate:595ac112-eff6-4e35-b572-d6b1c4893b0f
2019-10-18 19:57:45,945 [grpc-default-executor-0] INFO  impl.RoleInfo (RoleInfo.java:updateAndGet(143)) - d13c026a-6de7-468a-bcba-b5f9e5455386: start FollowerState
2019-10-18 19:57:45,945 [Thread-777] INFO  impl.FollowerState (FollowerState.java:run(117)) - d13c026a-6de7-468a-bcba-b5f9e5455386@group-7B64E6E68F81-FollowerState was interrupted: java.lang.InterruptedException: sleep interrupted
2019-10-18 19:57:45,945 [grpc-default-executor-6] INFO  impl.RoleInfo (RoleInfo.java:shutdownFollowerState(121)) - 652c9eaa-759b-40b5-a420-e649d7d5dbbd: shutdown FollowerState
2019-10-18 19:57:45,945 [Thread-778] INFO  impl.FollowerState (FollowerState.java:run(117)) - 652c9eaa-759b-40b5-a420-e649d7d5dbbd@group-7B64E6E68F81-FollowerState was interrupted: java.lang.InterruptedException: sleep interrupted
2019-10-18 19:57:45,945 [grpc-default-executor-6] INFO  impl.RoleInfo (RoleInfo.java:updateAndGet(143)) - 652c9eaa-759b-40b5-a420-e649d7d5dbbd: start FollowerState
2019-10-18 19:57:45,968 [595ac112-eff6-4e35-b572-d6b1c4893b0f@group-7B64E6E68F81-LeaderElection36] INFO  impl.LeaderElection (LeaderElection.java:logAndReturn(56)) - 595ac112-eff6-4e35-b572-d6b1c4893b0f@group-7B64E6E68F81-LeaderElection36: Election REJECTED; received 2 response(s) [595ac112-eff6-4e35-b572-d6b1c4893b0f<-652c9eaa-759b-40b5-a420-e649d7d5dbbd#0:FAIL-t33, 595ac112-eff6-4e35-b572-d6b1c4893b0f<-d13c026a-6de7-468a-bcba-b5f9e5455386#0:FAIL-t33] and 0 exception(s); 595ac112-eff6-4e35-b572-d6b1c4893b0f@group-7B64E6E68F81:t33, leader=null, voted=595ac112-eff6-4e35-b572-d6b1c4893b0f, raftlog=595ac112-eff6-4e35-b572-d6b1c4893b0f@group-7B64E6E68F81-SegmentedRaftLog:OPENED:c3,f4,i4, conf=0: [652c9eaa-759b-40b5-a420-e649d7d5dbbd:192.168.34.13:44469, d13c026a-6de7-468a-bcba-b5f9e5455386:192.168.34.13:41921, 595ac112-eff6-4e35-b572-d6b1c4893b0f:192.168.34.13:37460], old=null
2019-10-18 19:57:45,968 [595ac112-eff6-4e35-b572-d6b1c4893b0f@group-7B64E6E68F81-LeaderElection36] INFO  impl.RaftServerImpl (RaftServerImpl.java:setRole(184)) - 595ac112-eff6-4e35-b572-d6b1c4893b0f@group-7B64E6E68F81: changes role from CANDIDATE to FOLLOWER at term 33 for DISCOVERED_A_NEW_TERM
2019-10-18 19:57:45,968 [595ac112-eff6-4e35-b572-d6b1c4893b0f@group-7B64E6E68F81-LeaderElection36] INFO  impl.RoleInfo (RoleInfo.java:shutdownLeaderElection(134)) - 595ac112-eff6-4e35-b572-d6b1c4893b0f: shutdown LeaderElection
2019-10-18 19:57:45,969 [595ac112-eff6-4e35-b572-d6b1c4893b0f@group-7B64E6E68F81-LeaderElection36] INFO  impl.RoleInfo (RoleInfo.java:updateAndGet(143)) - 595ac112-eff6-4e35-b572-d6b1c4893b0f: start FollowerState
2019-10-18 19:57:45,993 [Thread-808] INFO  impl.FollowerState (FollowerState.java:run(108)) - 595ac112-eff6-4e35-b572-d6b1c4893b0f@group-7B64E6E68F81-FollowerState: change to CANDIDATE, lastRpcTime:24ms, electionTimeout:24ms
2019-10-18 19:57:45,993 [Thread-808] INFO  impl.RoleInfo (RoleInfo.java:shutdownFollowerState(121)) - 595ac112-eff6-4e35-b572-d6b1c4893b0f: shutdown FollowerState
2019-10-18 19:57:45,993 [Thread-808] INFO  impl.RaftServerImpl (RaftServerImpl.java:setRole(184)) - 595ac112-eff6-4e35-b572-d6b1c4893b0f@group-7B64E6E68F81: changes role from  FOLLOWER to CANDIDATE at term 33 for changeToCandidate
2019-10-18 19:57:45,993 [Thread-808] INFO  impl.RoleInfo (RoleInfo.java:updateAndGet(143)) - 595ac112-eff6-4e35-b572-d6b1c4893b0f: start LeaderElection
2019-10-18 19:57:46,024 [595ac112-eff6-4e35-b572-d6b1c4893b0f@group-7B64E6E68F81-LeaderElection37] INFO  impl.LeaderElection (LeaderElection.java:askForVotes(178)) - 595ac112-eff6-4e35-b572-d6b1c4893b0f@group-7B64E6E68F81-LeaderElection37: begin an election at term 34 for 0: [652c9eaa-759b-40b5-a420-e649d7d5dbbd:192.168.34.13:44469, d13c026a-6de7-468a-bcba-b5f9e5455386:192.168.34.13:41921, 595ac112-eff6-4e35-b572-d6b1c4893b0f:192.168.34.13:37460], old=null
2019-10-18 19:57:46,026 [grpc-default-executor-0] INFO  impl.RaftServerImpl (RaftServerImpl.java:setRole(184)) - 652c9eaa-759b-40b5-a420-e649d7d5dbbd@group-7B64E6E68F81: changes role from  FOLLOWER to FOLLOWER at term 34 for recognizeCandidate:595ac112-eff6-4e35-b572-d6b1c4893b0f
2019-10-18 19:57:46,026 [grpc-default-executor-0] INFO  impl.RoleInfo (RoleInfo.java:shutdownFollowerState(121)) - 652c9eaa-759b-40b5-a420-e649d7d5dbbd: shutdown FollowerState
2019-10-18 19:57:46,026 [grpc-default-executor-6] INFO  impl.RaftServerImpl (RaftServerImpl.java:setRole(184)) - d13c026a-6de7-468a-bcba-b5f9e5455386@group-7B64E6E68F81: changes role from  FOLLOWER to FOLLOWER at term 34 for recognizeCandidate:595ac112-eff6-4e35-b572-d6b1c4893b0f
2019-10-18 19:57:46,027 [Thread-805] INFO  impl.FollowerState (FollowerState.java:run(117)) - 652c9eaa-759b-40b5-a420-e649d7d5dbbd@group-7B64E6E68F81-FollowerState was interrupted: java.lang.InterruptedException: sleep interrupted
2019-10-18 19:57:46,027 [grpc-default-executor-0] INFO  impl.RoleInfo (RoleInfo.java:updateAndGet(143)) - 652c9eaa-759b-40b5-a420-e649d7d5dbbd: start FollowerState
2019-10-18 19:57:46,027 [grpc-default-executor-6] INFO  impl.RoleInfo (RoleInfo.java:shutdownFollowerState(121)) - d13c026a-6de7-468a-bcba-b5f9e5455386: shutdown FollowerState
2019-10-18 19:57:46,027 [grpc-default-executor-6] INFO  impl.RoleInfo (RoleInfo.java:updateAndGet(143)) - d13c026a-6de7-468a-bcba-b5f9e5455386: start FollowerState
2019-10-18 19:57:46,027 [Thread-804] INFO  impl.FollowerState (FollowerState.java:run(117)) - d13c026a-6de7-468a-bcba-b5f9e5455386@group-7B64E6E68F81-FollowerState was interrupted: java.lang.InterruptedException: sleep interrupted
2019-10-18 19:57:46,050 [595ac112-eff6-4e35-b572-d6b1c4893b0f@group-7B64E6E68F81-LeaderElection37] INFO  impl.LeaderElection (LeaderElection.java:logAndReturn(56)) - 595ac112-eff6-4e35-b572-d6b1c4893b0f@group-7B64E6E68F81-LeaderElection37: Election REJECTED; received 2 response(s) [595ac112-eff6-4e35-b572-d6b1c4893b0f<-652c9eaa-759b-40b5-a420-e649d7d5dbbd#0:FAIL-t34, 595ac112-eff6-4e35-b572-d6b1c4893b0f<-d13c026a-6de7-468a-bcba-b5f9e5455386#0:FAIL-t34] and 0 exception(s); 595ac112-eff6-4e35-b572-d6b1c4893b0f@group-7B64E6E68F81:t34, leader=null, voted=595ac112-eff6-4e35-b572-d6b1c4893b0f, raftlog=595ac112-eff6-4e35-b572-d6b1c4893b0f@group-7B64E6E68F81-SegmentedRaftLog:OPENED:c3,f4,i4, conf=0: [652c9eaa-759b-40b5-a420-e649d7d5dbbd:192.168.34.13:44469, d13c026a-6de7-468a-bcba-b5f9e5455386:192.168.34.13:41921, 595ac112-eff6-4e35-b572-d6b1c4893b0f:192.168.34.13:37460], old=null
2019-10-18 19:57:46,050 [595ac112-eff6-4e35-b572-d6b1c4893b0f@group-7B64E6E68F81-LeaderElection37] INFO  impl.RaftServerImpl (RaftServerImpl.java:setRole(184)) - 595ac112-eff6-4e35-b572-d6b1c4893b0f@group-7B64E6E68F81: changes role from CANDIDATE to FOLLOWER at term 34 for DISCOVERED_A_NEW_TERM
2019-10-18 19:57:46,050 [595ac112-eff6-4e35-b572-d6b1c4893b0f@group-7B64E6E68F81-LeaderElection37] INFO  impl.RoleInfo (RoleInfo.java:shutdownLeaderElection(134)) - 595ac112-eff6-4e35-b572-d6b1c4893b0f: shutdown LeaderElection
2019-10-18 19:57:46,051 [595ac112-eff6-4e35-b572-d6b1c4893b0f@group-7B64E6E68F81-LeaderElection37] INFO  impl.RoleInfo (RoleInfo.java:updateAndGet(143)) - 595ac112-eff6-4e35-b572-d6b1c4893b0f: start FollowerState
2019-10-18 19:57:46,195 [Thread-814] INFO  impl.FollowerState (FollowerState.java:run(108)) - 595ac112-eff6-4e35-b572-d6b1c4893b0f@group-7B64E6E68F81-FollowerState: change to CANDIDATE, lastRpcTime:144ms, electionTimeout:144ms
2019-10-18 19:57:46,195 [Thread-814] INFO  impl.RoleInfo (RoleInfo.java:shutdownFollowerState(121)) - 595ac112-eff6-4e35-b572-d6b1c4893b0f: shutdown FollowerState
2019-10-18 19:57:46,195 [Thread-814] INFO  impl.RaftServerImpl (RaftServerImpl.java:setRole(184)) - 595ac112-eff6-4e35-b572-d6b1c4893b0f@group-7B64E6E68F81: changes role from  FOLLOWER to CANDIDATE at term 34 for changeToCandidate
2019-10-18 19:57:46,196 [Thread-814] INFO  impl.RoleInfo (RoleInfo.java:updateAndGet(143)) - 595ac112-eff6-4e35-b572-d6b1c4893b0f: start LeaderElection
2019-10-18 19:57:46,224 [595ac112-eff6-4e35-b572-d6b1c4893b0f@group-7B64E6E68F81-LeaderElection38] INFO  impl.LeaderElection (LeaderElection.java:askForVotes(178)) - 595ac112-eff6-4e35-b572-d6b1c4893b0f@group-7B64E6E68F81-LeaderElection38: begin an election at term 35 for 0: [652c9eaa-759b-40b5-a420-e649d7d5dbbd:192.168.34.13:44469, d13c026a-6de7-468a-bcba-b5f9e5455386:192.168.34.13:41921, 595ac112-eff6-4e35-b572-d6b1c4893b0f:192.168.34.13:37460], old=null
2019-10-18 19:57:46,227 [grpc-default-executor-0] INFO  impl.RaftServerImpl (RaftServerImpl.java:setRole(184)) - d13c026a-6de7-468a-bcba-b5f9e5455386@group-7B64E6E68F81: changes role from  FOLLOWER to FOLLOWER at term 35 for recognizeCandidate:595ac112-eff6-4e35-b572-d6b1c4893b0f
2019-10-18 19:57:46,227 [grpc-default-executor-6] INFO  impl.RaftServerImpl (RaftServerImpl.java:setRole(184)) - 652c9eaa-759b-40b5-a420-e649d7d5dbbd@group-7B64E6E68F81: changes role from  FOLLOWER to FOLLOWER at term 35 for recognizeCandidate:595ac112-eff6-4e35-b572-d6b1c4893b0f
2019-10-18 19:57:46,227 [grpc-default-executor-0] INFO  impl.RoleInfo (RoleInfo.java:shutdownFollowerState(121)) - d13c026a-6de7-468a-bcba-b5f9e5455386: shutdown FollowerState
2019-10-18 19:57:46,228 [grpc-default-executor-6] INFO  impl.RoleInfo (RoleInfo.java:shutdownFollowerState(121)) - 652c9eaa-759b-40b5-a420-e649d7d5dbbd: shutdown FollowerState
2019-10-18 19:57:46,228 [Thread-813] INFO  impl.FollowerState (FollowerState.java:run(117)) - d13c026a-6de7-468a-bcba-b5f9e5455386@group-7B64E6E68F81-FollowerState was interrupted: java.lang.InterruptedException: sleep interrupted
2019-10-18 19:57:46,228 [grpc-default-executor-0] INFO  impl.RoleInfo (RoleInfo.java:updateAndGet(143)) - d13c026a-6de7-468a-bcba-b5f9e5455386: start FollowerState
2019-10-18 19:57:46,228 [grpc-default-executor-6] INFO  impl.RoleInfo (RoleInfo.java:updateAndGet(143)) - 652c9eaa-759b-40b5-a420-e649d7d5dbbd: start FollowerState
2019-10-18 19:57:46,228 [Thread-812] INFO  impl.FollowerState (FollowerState.java:run(117)) - 652c9eaa-759b-40b5-a420-e649d7d5dbbd@group-7B64E6E68F81-FollowerState was interrupted: java.lang.InterruptedException: sleep interrupted
2019-10-18 19:57:46,251 [595ac112-eff6-4e35-b572-d6b1c4893b0f@group-7B64E6E68F81-LeaderElection38] INFO  impl.LeaderElection (LeaderElection.java:logAndReturn(56)) - 595ac112-eff6-4e35-b572-d6b1c4893b0f@group-7B64E6E68F81-LeaderElection38: Election REJECTED; received 2 response(s) [595ac112-eff6-4e35-b572-d6b1c4893b0f<-652c9eaa-759b-40b5-a420-e649d7d5dbbd#0:FAIL-t35, 595ac112-eff6-4e35-b572-d6b1c4893b0f<-d13c026a-6de7-468a-bcba-b5f9e5455386#0:FAIL-t35] and 0 exception(s); 595ac112-eff6-4e35-b572-d6b1c4893b0f@group-7B64E6E68F81:t35, leader=null, voted=595ac112-eff6-4e35-b572-d6b1c4893b0f, raftlog=595ac112-eff6-4e35-b572-d6b1c4893b0f@group-7B64E6E68F81-SegmentedRaftLog:OPENED:c3,f4,i4, conf=0: [652c9eaa-759b-40b5-a420-e649d7d5dbbd:192.168.34.13:44469, d13c026a-6de7-468a-bcba-b5f9e5455386:192.168.34.13:41921, 595ac112-eff6-4e35-b572-d6b1c4893b0f:192.168.34.13:37460], old=null
2019-10-18 19:57:46,251 [595ac112-eff6-4e35-b572-d6b1c4893b0f@group-7B64E6E68F81-LeaderElection38] INFO  impl.RaftServerImpl (RaftServerImpl.java:setRole(184)) - 595ac112-eff6-4e35-b572-d6b1c4893b0f@group-7B64E6E68F81: changes role from CANDIDATE to FOLLOWER at term 35 for DISCOVERED_A_NEW_TERM
2019-10-18 19:57:46,251 [595ac112-eff6-4e35-b572-d6b1c4893b0f@group-7B64E6E68F81-LeaderElection38] INFO  impl.RoleInfo (RoleInfo.java:shutdownLeaderElection(134)) - 595ac112-eff6-4e35-b572-d6b1c4893b0f: shutdown LeaderElection
2019-10-18 19:57:46,251 [595ac112-eff6-4e35-b572-d6b1c4893b0f@group-7B64E6E68F81-LeaderElection38] INFO  impl.RoleInfo (RoleInfo.java:updateAndGet(143)) - 595ac112-eff6-4e35-b572-d6b1c4893b0f: start FollowerState
2019-10-18 19:57:46,271 [pool-7-thread-1] INFO  commands.RetriableDatanodeEventWatcher (RetriableDatanodeEventWatcher.java:onTimeout(47)) - RetriableDatanodeCommand type=deleteBlocksCommand with id=1571428658264 timed out. Retrying.
2019-10-18 19:57:46,271 [pool-7-thread-2] INFO  commands.RetriableDatanodeEventWatcher (RetriableDatanodeEventWatcher.java:onTimeout(47)) - RetriableDatanodeCommand type=deleteBlocksCommand with id=1571428658263 timed out. Retrying.
2019-10-18 19:57:46,272 [pool-7-thread-2] INFO  commands.RetriableDatanodeEventWatcher (RetriableDatanodeEventWatcher.java:onTimeout(47)) - RetriableDatanodeCommand type=deleteBlocksCommand with id=1571428658266 timed out. Retrying.
2019-10-18 19:57:46,272 [pool-7-thread-1] INFO  commands.RetriableDatanodeEventWatcher (RetriableDatanodeEventWatcher.java:onTimeout(47)) - RetriableDatanodeCommand type=deleteBlocksCommand with id=1571428658265 timed out. Retrying.
2019-10-18 19:57:46,272 [pool-7-thread-3] INFO  commands.RetriableDatanodeEventWatcher (RetriableDatanodeEventWatcher.java:onTimeout(47)) - RetriableDatanodeCommand type=deleteBlocksCommand with id=1571428658262 timed out. Retrying.
2019-10-18 19:57:46,273 [pool-7-thread-1] INFO  commands.RetriableDatanodeEventWatcher (RetriableDatanodeEventWatcher.java:onTimeout(47)) - RetriableDatanodeCommand type=deleteBlocksCommand with id=1571428658267 timed out. Retrying.
2019-10-18 19:57:46,273 [pool-7-thread-3] INFO  commands.RetriableDatanodeEventWatcher (RetriableDatanodeEventWatcher.java:onTimeout(47)) - RetriableDatanodeCommand type=deleteBlocksCommand with id=1571428658268 timed out. Retrying.
2019-10-18 19:57:46,275 [pool-7-thread-3] INFO  commands.RetriableDatanodeEventWatcher (RetriableDatanodeEventWatcher.java:onTimeout(47)) - RetriableDatanodeCommand type=deleteBlocksCommand with id=1571428658269 timed out. Retrying.
2019-10-18 19:57:46,276 [SCMBlockDeletingService#1] INFO  block.SCMBlockDeletingService (SCMBlockDeletingService.java:call(184)) - Totally added 1 delete blocks command for 1 datanodes, task elapsed time: 1ms
2019-10-18 19:57:46,334 [EventQueue-PendingDeleteStatusForPendingDeleteHandler] INFO  block.SCMBlockDeletingService (SCMBlockDeletingService.java:handlePendingDeletes(115)) - Block deletion txnID mismatch in datanode 595ac112-eff6-4e35-b572-d6b1c4893b0f for containerID 1. Datanode delete txnID: 0, SCM txnID: 1
2019-10-18 19:57:46,357 [Thread-820] INFO  impl.FollowerState (FollowerState.java:run(108)) - 595ac112-eff6-4e35-b572-d6b1c4893b0f@group-7B64E6E68F81-FollowerState: change to CANDIDATE, lastRpcTime:105ms, electionTimeout:105ms
2019-10-18 19:57:46,357 [Thread-820] INFO  impl.RoleInfo (RoleInfo.java:shutdownFollowerState(121)) - 595ac112-eff6-4e35-b572-d6b1c4893b0f: shutdown FollowerState
2019-10-18 19:57:46,357 [Thread-820] INFO  impl.RaftServerImpl (RaftServerImpl.java:setRole(184)) - 595ac112-eff6-4e35-b572-d6b1c4893b0f@group-7B64E6E68F81: changes role from  FOLLOWER to CANDIDATE at term 35 for changeToCandidate
2019-10-18 19:57:46,357 [Thread-820] INFO  impl.RoleInfo (RoleInfo.java:updateAndGet(143)) - 595ac112-eff6-4e35-b572-d6b1c4893b0f: start LeaderElection
2019-10-18 19:57:46,361 [Command processor thread] INFO  commandhandler.DeleteBlocksCommandHandler (DeleteBlocksCommandHandler.java:handle(106)) - Start to delete container blocks, TXIDs=[1(0)], numOfContainers=1, numOfBlocks=1
2019-10-18 19:57:46,361 [Command processor thread] INFO  commandhandler.DeleteBlocksCommandHandler (DeleteBlocksCommandHandler.java:handle(106)) - Start to delete container blocks, TXIDs=[1(2)], numOfContainers=1, numOfBlocks=1
2019-10-18 19:57:46,361 [Command processor thread] INFO  commandhandler.DeleteBlocksCommandHandler (DeleteBlocksCommandHandler.java:handle(106)) - Start to delete container blocks, TXIDs=[1(0)], numOfContainers=1, numOfBlocks=1
2019-10-18 19:57:46,362 [Command processor thread] INFO  commandhandler.DeleteBlocksCommandHandler (DeleteBlocksCommandHandler.java:handle(106)) - Start to delete container blocks, TXIDs=[1(2)], numOfContainers=1, numOfBlocks=1
2019-10-18 19:57:46,362 [Command processor thread] INFO  commandhandler.DeleteBlocksCommandHandler (DeleteBlocksCommandHandler.java:handle(106)) - Start to delete container blocks, TXIDs=[1(2)], numOfContainers=1, numOfBlocks=1
2019-10-18 19:57:46,362 [Command processor thread] INFO  commandhandler.DeleteBlocksCommandHandler (DeleteBlocksCommandHandler.java:handle(106)) - Start to delete container blocks, TXIDs=[1(0)], numOfContainers=1, numOfBlocks=1
2019-10-18 19:57:46,362 [Command processor thread] INFO  commandhandler.DeleteBlocksCommandHandler (DeleteBlocksCommandHandler.java:handle(106)) - Start to delete container blocks, TXIDs=[1(2)], numOfContainers=1, numOfBlocks=1
2019-10-18 19:57:46,363 [Command processor thread] INFO  commandhandler.DeleteBlocksCommandHandler (DeleteBlocksCommandHandler.java:handle(106)) - Start to delete container blocks, TXIDs=[1(2)], numOfContainers=1, numOfBlocks=1
2019-10-18 19:57:46,363 [Command processor thread] INFO  commandhandler.DeleteBlocksCommandHandler (DeleteBlocksCommandHandler.java:handle(106)) - Start to delete container blocks, TXIDs=[1(2)], numOfContainers=1, numOfBlocks=1
2019-10-18 19:57:46,363 [Command processor thread] INFO  commandhandler.DeleteBlocksCommandHandler (DeleteBlocksCommandHandler.java:handle(106)) - Start to delete container blocks, TXIDs=[1(0)], numOfContainers=1, numOfBlocks=1
2019-10-18 19:57:46,363 [Command processor thread] INFO  commandhandler.DeleteBlocksCommandHandler (DeleteBlocksCommandHandler.java:handle(106)) - Start to delete container blocks, TXIDs=[1(2)], numOfContainers=1, numOfBlocks=1
2019-10-18 19:57:46,364 [Command processor thread] INFO  commandhandler.DeleteBlocksCommandHandler (DeleteBlocksCommandHandler.java:handle(106)) - Start to delete container blocks, TXIDs=[1(2)], numOfContainers=1, numOfBlocks=1
2019-10-18 19:57:46,364 [Command processor thread] INFO  commandhandler.DeleteBlocksCommandHandler (DeleteBlocksCommandHandler.java:handle(106)) - Start to delete container blocks, TXIDs=[1(2)], numOfContainers=1, numOfBlocks=1
2019-10-18 19:57:46,364 [Command processor thread] INFO  commandhandler.DeleteBlocksCommandHandler (DeleteBlocksCommandHandler.java:handle(106)) - Start to delete container blocks, TXIDs=[1(0)], numOfContainers=1, numOfBlocks=1
2019-10-18 19:57:46,364 [Command processor thread] INFO  commandhandler.DeleteBlocksCommandHandler (DeleteBlocksCommandHandler.java:handle(106)) - Start to delete container blocks, TXIDs=[1(2)], numOfContainers=1, numOfBlocks=1
2019-10-18 19:57:46,365 [Command processor thread] INFO  commandhandler.DeleteBlocksCommandHandler (DeleteBlocksCommandHandler.java:handle(106)) - Start to delete container blocks, TXIDs=[1(2)], numOfContainers=1, numOfBlocks=1
2019-10-18 19:57:46,365 [Command processor thread] INFO  commandhandler.DeleteBlocksCommandHandler (DeleteBlocksCommandHandler.java:handle(106)) - Start to delete container blocks, TXIDs=[1(2)], numOfContainers=1, numOfBlocks=1
2019-10-18 19:57:46,365 [Command processor thread] INFO  commandhandler.DeleteBlocksCommandHandler (DeleteBlocksCommandHandler.java:handle(106)) - Start to delete container blocks, TXIDs=[1(0)], numOfContainers=1, numOfBlocks=1
2019-10-18 19:57:46,365 [Command processor thread] INFO  commandhandler.DeleteBlocksCommandHandler (DeleteBlocksCommandHandler.java:handle(106)) - Start to delete container blocks, TXIDs=[1(2)], numOfContainers=1, numOfBlocks=1
2019-10-18 19:57:46,366 [Command processor thread] INFO  commandhandler.DeleteBlocksCommandHandler (DeleteBlocksCommandHandler.java:handle(106)) - Start to delete container blocks, TXIDs=[1(2)], numOfContainers=1, numOfBlocks=1
2019-10-18 19:57:46,366 [Command processor thread] INFO  commandhandler.DeleteBlocksCommandHandler (DeleteBlocksCommandHandler.java:handle(106)) - Start to delete container blocks, TXIDs=[1(2)], numOfContainers=1, numOfBlocks=1
2019-10-18 19:57:46,366 [Command processor thread] INFO  commandhandler.DeleteBlocksCommandHandler (DeleteBlocksCommandHandler.java:handle(106)) - Start to delete container blocks, TXIDs=[1(2)], numOfContainers=1, numOfBlocks=1
2019-10-18 19:57:46,366 [Command processor thread] INFO  commandhandler.DeleteBlocksCommandHandler (DeleteBlocksCommandHandler.java:handle(106)) - Start to delete container blocks, TXIDs=[1(2)], numOfContainers=1, numOfBlocks=1
2019-10-18 19:57:46,367 [Command processor thread] INFO  commandhandler.DeleteBlocksCommandHandler (DeleteBlocksCommandHandler.java:handle(106)) - Start to delete container blocks, TXIDs=[1(0)], numOfContainers=1, numOfBlocks=1
2019-10-18 19:57:46,367 [Command processor thread] INFO  commandhandler.DeleteBlocksCommandHandler (DeleteBlocksCommandHandler.java:handle(106)) - Start to delete container blocks, TXIDs=[1(2)], numOfContainers=1, numOfBlocks=1
2019-10-18 19:57:46,367 [Command processor thread] INFO  commandhandler.DeleteBlocksCommandHandler (DeleteBlocksCommandHandler.java:handle(106)) - Start to delete container blocks, TXIDs=[1(2)], numOfContainers=1, numOfBlocks=1
2019-10-18 19:57:46,367 [Command processor thread] INFO  commandhandler.DeleteBlocksCommandHandler (DeleteBlocksCommandHandler.java:handle(106)) - Start to delete container blocks, TXIDs=[1(2)], numOfContainers=1, numOfBlocks=1
2019-10-18 19:57:46,367 [Command processor thread] INFO  commandhandler.DeleteBlocksCommandHandler (DeleteBlocksCommandHandler.java:handle(106)) - Start to delete container blocks, TXIDs=[1(2)], numOfContainers=1, numOfBlocks=1
2019-10-18 19:57:46,368 [Command processor thread] INFO  commandhandler.DeleteBlocksCommandHandler (DeleteBlocksCommandHandler.java:handle(106)) - Start to delete container blocks, TXIDs=[1(2)], numOfContainers=1, numOfBlocks=1
2019-10-18 19:57:46,368 [Command processor thread] INFO  commandhandler.DeleteBlocksCommandHandler (DeleteBlocksCommandHandler.java:handle(106)) - Start to delete container blocks, TXIDs=[1(2)], numOfContainers=1, numOfBlocks=1
2019-10-18 19:57:46,368 [Command processor thread] INFO  commandhandler.DeleteBlocksCommandHandler (DeleteBlocksCommandHandler.java:handle(106)) - Start to delete container blocks, TXIDs=[1(2)], numOfContainers=1, numOfBlocks=1
2019-10-18 19:57:46,368 [Command processor thread] INFO  commandhandler.DeleteBlocksCommandHandler (DeleteBlocksCommandHandler.java:handle(106)) - Start to delete container blocks, TXIDs=[1(0)], numOfContainers=1, numOfBlocks=1
2019-10-18 19:57:46,369 [Command processor thread] INFO  commandhandler.DeleteBlocksCommandHandler (DeleteBlocksCommandHandler.java:handle(106)) - Start to delete container blocks, TXIDs=[1(2)], numOfContainers=1, numOfBlocks=1
2019-10-18 19:57:46,369 [Command processor thread] INFO  commandhandler.DeleteBlocksCommandHandler (DeleteBlocksCommandHandler.java:handle(106)) - Start to delete container blocks, TXIDs=[1(2)], numOfContainers=1, numOfBlocks=1
2019-10-18 19:57:46,369 [Command processor thread] INFO  commandhandler.DeleteBlocksCommandHandler (DeleteBlocksCommandHandler.java:handle(106)) - Start to delete container blocks, TXIDs=[1(2)], numOfContainers=1, numOfBlocks=1
2019-10-18 19:57:46,369 [Command processor thread] INFO  commandhandler.DeleteBlocksCommandHandler (DeleteBlocksCommandHandler.java:handle(106)) - Start to delete container blocks, TXIDs=[1(2)], numOfContainers=1, numOfBlocks=1
2019-10-18 19:57:46,377 [Command processor thread] INFO  commandhandler.DeleteBlocksCommandHandler (DeleteBlocksCommandHandler.java:handle(106)) - Start to delete container blocks, TXIDs=[1(2)], numOfContainers=1, numOfBlocks=1
2019-10-18 19:57:46,377 [Command processor thread] INFO  commandhandler.DeleteBlocksCommandHandler (DeleteBlocksCommandHandler.java:handle(106)) - Start to delete container blocks, TXIDs=[1(2)], numOfContainers=1, numOfBlocks=1
2019-10-18 19:57:46,377 [Command processor thread] INFO  commandhandler.DeleteBlocksCommandHandler (DeleteBlocksCommandHandler.java:handle(106)) - Start to delete container blocks, TXIDs=[1(2)], numOfContainers=1, numOfBlocks=1
2019-10-18 19:57:46,377 [Command processor thread] INFO  commandhandler.DeleteBlocksCommandHandler (DeleteBlocksCommandHandler.java:handle(106)) - Start to delete container blocks, TXIDs=[1(2)], numOfContainers=1, numOfBlocks=1
2019-10-18 19:57:46,378 [Command processor thread] INFO  commandhandler.DeleteBlocksCommandHandler (DeleteBlocksCommandHandler.java:handle(106)) - Start to delete container blocks, TXIDs=[1(0)], numOfContainers=1, numOfBlocks=1
2019-10-18 19:57:46,378 [Command processor thread] INFO  commandhandler.DeleteBlocksCommandHandler (DeleteBlocksCommandHandler.java:handle(106)) - Start to delete container blocks, TXIDs=[1(2)], numOfContainers=1, numOfBlocks=1
2019-10-18 19:57:46,378 [Command processor thread] INFO  commandhandler.DeleteBlocksCommandHandler (DeleteBlocksCommandHandler.java:handle(106)) - Start to delete container blocks, TXIDs=[1(2)], numOfContainers=1, numOfBlocks=1
2019-10-18 19:57:46,379 [Command processor thread] INFO  commandhandler.DeleteBlocksCommandHandler (DeleteBlocksCommandHandler.java:handle(106)) - Start to delete container blocks, TXIDs=[1(2)], numOfContainers=1, numOfBlocks=1
2019-10-18 19:57:46,379 [Command processor thread] INFO  commandhandler.DeleteBlocksCommandHandler (DeleteBlocksCommandHandler.java:handle(106)) - Start to delete container blocks, TXIDs=[1(38)], numOfContainers=1, numOfBlocks=1
2019-10-18 19:57:46,385 [595ac112-eff6-4e35-b572-d6b1c4893b0f@group-7B64E6E68F81-LeaderElection39] INFO  impl.LeaderElection (LeaderElection.java:askForVotes(178)) - 595ac112-eff6-4e35-b572-d6b1c4893b0f@group-7B64E6E68F81-LeaderElection39: begin an election at term 36 for 0: [652c9eaa-759b-40b5-a420-e649d7d5dbbd:192.168.34.13:44469, d13c026a-6de7-468a-bcba-b5f9e5455386:192.168.34.13:41921, 595ac112-eff6-4e35-b572-d6b1c4893b0f:192.168.34.13:37460], old=null
2019-10-18 19:57:46,387 [grpc-default-executor-6] INFO  impl.RaftServerImpl (RaftServerImpl.java:setRole(184)) - 652c9eaa-759b-40b5-a420-e649d7d5dbbd@group-7B64E6E68F81: changes role from  FOLLOWER to FOLLOWER at term 36 for recognizeCandidate:595ac112-eff6-4e35-b572-d6b1c4893b0f
2019-10-18 19:57:46,387 [grpc-default-executor-6] INFO  impl.RoleInfo (RoleInfo.java:shutdownFollowerState(121)) - 652c9eaa-759b-40b5-a420-e649d7d5dbbd: shutdown FollowerState
2019-10-18 19:57:46,387 [grpc-default-executor-0] INFO  impl.RaftServerImpl (RaftServerImpl.java:setRole(184)) - d13c026a-6de7-468a-bcba-b5f9e5455386@group-7B64E6E68F81: changes role from  FOLLOWER to FOLLOWER at term 36 for recognizeCandidate:595ac112-eff6-4e35-b572-d6b1c4893b0f
2019-10-18 19:57:46,388 [grpc-default-executor-6] INFO  impl.RoleInfo (RoleInfo.java:updateAndGet(143)) - 652c9eaa-759b-40b5-a420-e649d7d5dbbd: start FollowerState
2019-10-18 19:57:46,388 [Thread-819] INFO  impl.FollowerState (FollowerState.java:run(117)) - 652c9eaa-759b-40b5-a420-e649d7d5dbbd@group-7B64E6E68F81-FollowerState was interrupted: java.lang.InterruptedException: sleep interrupted
2019-10-18 19:57:46,388 [grpc-default-executor-0] INFO  impl.RoleInfo (RoleInfo.java:shutdownFollowerState(121)) - d13c026a-6de7-468a-bcba-b5f9e5455386: shutdown FollowerState
2019-10-18 19:57:46,388 [grpc-default-executor-0] INFO  impl.RoleInfo (RoleInfo.java:updateAndGet(143)) - d13c026a-6de7-468a-bcba-b5f9e5455386: start FollowerState
2019-10-18 19:57:46,388 [Thread-818] INFO  impl.FollowerState (FollowerState.java:run(117)) - d13c026a-6de7-468a-bcba-b5f9e5455386@group-7B64E6E68F81-FollowerState was interrupted: java.lang.InterruptedException: sleep interrupted
2019-10-18 19:57:46,412 [595ac112-eff6-4e35-b572-d6b1c4893b0f@group-7B64E6E68F81-LeaderElection39] INFO  impl.LeaderElection (LeaderElection.java:logAndReturn(56)) - 595ac112-eff6-4e35-b572-d6b1c4893b0f@group-7B64E6E68F81-LeaderElection39: Election REJECTED; received 2 response(s) [595ac112-eff6-4e35-b572-d6b1c4893b0f<-652c9eaa-759b-40b5-a420-e649d7d5dbbd#0:FAIL-t36, 595ac112-eff6-4e35-b572-d6b1c4893b0f<-d13c026a-6de7-468a-bcba-b5f9e5455386#0:FAIL-t36] and 0 exception(s); 595ac112-eff6-4e35-b572-d6b1c4893b0f@group-7B64E6E68F81:t36, leader=null, voted=595ac112-eff6-4e35-b572-d6b1c4893b0f, raftlog=595ac112-eff6-4e35-b572-d6b1c4893b0f@group-7B64E6E68F81-SegmentedRaftLog:OPENED:c3,f4,i4, conf=0: [652c9eaa-759b-40b5-a420-e649d7d5dbbd:192.168.34.13:44469, d13c026a-6de7-468a-bcba-b5f9e5455386:192.168.34.13:41921, 595ac112-eff6-4e35-b572-d6b1c4893b0f:192.168.34.13:37460], old=null
2019-10-18 19:57:46,412 [595ac112-eff6-4e35-b572-d6b1c4893b0f@group-7B64E6E68F81-LeaderElection39] INFO  impl.RaftServerImpl (RaftServerImpl.java:setRole(184)) - 595ac112-eff6-4e35-b572-d6b1c4893b0f@group-7B64E6E68F81: changes role from CANDIDATE to FOLLOWER at term 36 for DISCOVERED_A_NEW_TERM
2019-10-18 19:57:46,412 [595ac112-eff6-4e35-b572-d6b1c4893b0f@group-7B64E6E68F81-LeaderElection39] INFO  impl.RoleInfo (RoleInfo.java:shutdownLeaderElection(134)) - 595ac112-eff6-4e35-b572-d6b1c4893b0f: shutdown LeaderElection
2019-10-18 19:57:46,412 [595ac112-eff6-4e35-b572-d6b1c4893b0f@group-7B64E6E68F81-LeaderElection39] INFO  impl.RoleInfo (RoleInfo.java:updateAndGet(143)) - 595ac112-eff6-4e35-b572-d6b1c4893b0f: start FollowerState
2019-10-18 19:57:46,463 [EventQueue-DeleteBlockStatusForDeletedBlockLogImpl] WARN  block.DeletedBlockLogImpl (DeletedBlockLogImpl.java:commitTransactions(205)) - Transaction txId=1 commit by dnId=595ac112-eff6-4e35-b572-d6b1c4893b0f for containerID=#1 failed. Corresponding entry not found.
2019-10-18 19:57:46,463 [EventQueue-DeleteBlockStatusForDeletedBlockLogImpl] WARN  block.DeletedBlockLogImpl (DeletedBlockLogImpl.java:commitTransactions(205)) - Transaction txId=1 commit by dnId=595ac112-eff6-4e35-b572-d6b1c4893b0f for containerID=#1 failed. Corresponding entry not found.
2019-10-18 19:57:46,463 [EventQueue-DeleteBlockStatusForDeletedBlockLogImpl] WARN  block.DeletedBlockLogImpl (DeletedBlockLogImpl.java:commitTransactions(205)) - Transaction txId=1 commit by dnId=595ac112-eff6-4e35-b572-d6b1c4893b0f for containerID=#1 failed. Corresponding entry not found.
2019-10-18 19:57:46,463 [EventQueue-DeleteBlockStatusForDeletedBlockLogImpl] WARN  block.DeletedBlockLogImpl (DeletedBlockLogImpl.java:commitTransactions(205)) - Transaction txId=1 commit by dnId=595ac112-eff6-4e35-b572-d6b1c4893b0f for containerID=#1 failed. Corresponding entry not found.
2019-10-18 19:57:46,464 [EventQueue-DeleteBlockStatusForDeletedBlockLogImpl] WARN  block.DeletedBlockLogImpl (DeletedBlockLogImpl.java:commitTransactions(205)) - Transaction txId=1 commit by dnId=595ac112-eff6-4e35-b572-d6b1c4893b0f for containerID=#1 failed. Corresponding entry not found.
2019-10-18 19:57:46,464 [EventQueue-DeleteBlockStatusForDeletedBlockLogImpl] WARN  block.DeletedBlockLogImpl (DeletedBlockLogImpl.java:commitTransactions(205)) - Transaction txId=1 commit by dnId=595ac112-eff6-4e35-b572-d6b1c4893b0f for containerID=#1 failed. Corresponding entry not found.
2019-10-18 19:57:46,464 [EventQueue-DeleteBlockStatusForDeletedBlockLogImpl] WARN  block.DeletedBlockLogImpl (DeletedBlockLogImpl.java:commitTransactions(205)) - Transaction txId=1 commit by dnId=595ac112-eff6-4e35-b572-d6b1c4893b0f for containerID=#1 failed. Corresponding entry not found.
2019-10-18 19:57:46,464 [EventQueue-DeleteBlockStatusForDeletedBlockLogImpl] WARN  block.DeletedBlockLogImpl (DeletedBlockLogImpl.java:commitTransactions(205)) - Transaction txId=1 commit by dnId=595ac112-eff6-4e35-b572-d6b1c4893b0f for containerID=#1 failed. Corresponding entry not found.
2019-10-18 19:57:46,538 [Thread-827] INFO  impl.FollowerState (FollowerState.java:run(108)) - 595ac112-eff6-4e35-b572-d6b1c4893b0f@group-7B64E6E68F81-FollowerState: change to CANDIDATE, lastRpcTime:126ms, electionTimeout:126ms
2019-10-18 19:57:46,539 [Thread-827] INFO  impl.RoleInfo (RoleInfo.java:shutdownFollowerState(121)) - 595ac112-eff6-4e35-b572-d6b1c4893b0f: shutdown FollowerState
2019-10-18 19:57:46,539 [Thread-827] INFO  impl.RaftServerImpl (RaftServerImpl.java:setRole(184)) - 595ac112-eff6-4e35-b572-d6b1c4893b0f@group-7B64E6E68F81: changes role from  FOLLOWER to CANDIDATE at term 36 for changeToCandidate
2019-10-18 19:57:46,539 [Thread-827] INFO  impl.RoleInfo (RoleInfo.java:updateAndGet(143)) - 595ac112-eff6-4e35-b572-d6b1c4893b0f: start LeaderElection
2019-10-18 19:57:46,569 [595ac112-eff6-4e35-b572-d6b1c4893b0f@group-7B64E6E68F81-LeaderElection40] INFO  impl.LeaderElection (LeaderElection.java:askForVotes(178)) - 595ac112-eff6-4e35-b572-d6b1c4893b0f@group-7B64E6E68F81-LeaderElection40: begin an election at term 37 for 0: [652c9eaa-759b-40b5-a420-e649d7d5dbbd:192.168.34.13:44469, d13c026a-6de7-468a-bcba-b5f9e5455386:192.168.34.13:41921, 595ac112-eff6-4e35-b572-d6b1c4893b0f:192.168.34.13:37460], old=null
2019-10-18 19:57:46,572 [grpc-default-executor-6] INFO  impl.RaftServerImpl (RaftServerImpl.java:setRole(184)) - 652c9eaa-759b-40b5-a420-e649d7d5dbbd@group-7B64E6E68F81: changes role from  FOLLOWER to FOLLOWER at term 37 for recognizeCandidate:595ac112-eff6-4e35-b572-d6b1c4893b0f
2019-10-18 19:57:46,572 [grpc-default-executor-0] INFO  impl.RaftServerImpl (RaftServerImpl.java:setRole(184)) - d13c026a-6de7-468a-bcba-b5f9e5455386@group-7B64E6E68F81: changes role from  FOLLOWER to FOLLOWER at term 37 for recognizeCandidate:595ac112-eff6-4e35-b572-d6b1c4893b0f
2019-10-18 19:57:46,572 [grpc-default-executor-6] INFO  impl.RoleInfo (RoleInfo.java:shutdownFollowerState(121)) - 652c9eaa-759b-40b5-a420-e649d7d5dbbd: shutdown FollowerState
2019-10-18 19:57:46,572 [grpc-default-executor-0] INFO  impl.RoleInfo (RoleInfo.java:shutdownFollowerState(121)) - d13c026a-6de7-468a-bcba-b5f9e5455386: shutdown FollowerState
2019-10-18 19:57:46,572 [grpc-default-executor-6] INFO  impl.RoleInfo (RoleInfo.java:updateAndGet(143)) - 652c9eaa-759b-40b5-a420-e649d7d5dbbd: start FollowerState
2019-10-18 19:57:46,573 [Thread-825] INFO  impl.FollowerState (FollowerState.java:run(117)) - 652c9eaa-759b-40b5-a420-e649d7d5dbbd@group-7B64E6E68F81-FollowerState was interrupted: java.lang.InterruptedException: sleep interrupted
2019-10-18 19:57:46,573 [Thread-826] INFO  impl.FollowerState (FollowerState.java:run(117)) - d13c026a-6de7-468a-bcba-b5f9e5455386@group-7B64E6E68F81-FollowerState was interrupted: java.lang.InterruptedException: sleep interrupted
2019-10-18 19:57:46,573 [grpc-default-executor-0] INFO  impl.RoleInfo (RoleInfo.java:updateAndGet(143)) - d13c026a-6de7-468a-bcba-b5f9e5455386: start FollowerState
2019-10-18 19:57:46,596 [595ac112-eff6-4e35-b572-d6b1c4893b0f@group-7B64E6E68F81-LeaderElection40] INFO  impl.LeaderElection (LeaderElection.java:logAndReturn(56)) - 595ac112-eff6-4e35-b572-d6b1c4893b0f@group-7B64E6E68F81-LeaderElection40: Election REJECTED; received 2 response(s) [595ac112-eff6-4e35-b572-d6b1c4893b0f<-652c9eaa-759b-40b5-a420-e649d7d5dbbd#0:FAIL-t37, 595ac112-eff6-4e35-b572-d6b1c4893b0f<-d13c026a-6de7-468a-bcba-b5f9e5455386#0:FAIL-t37] and 0 exception(s); 595ac112-eff6-4e35-b572-d6b1c4893b0f@group-7B64E6E68F81:t37, leader=null, voted=595ac112-eff6-4e35-b572-d6b1c4893b0f, raftlog=595ac112-eff6-4e35-b572-d6b1c4893b0f@group-7B64E6E68F81-SegmentedRaftLog:OPENED:c3,f4,i4, conf=0: [652c9eaa-759b-40b5-a420-e649d7d5dbbd:192.168.34.13:44469, d13c026a-6de7-468a-bcba-b5f9e5455386:192.168.34.13:41921, 595ac112-eff6-4e35-b572-d6b1c4893b0f:192.168.34.13:37460], old=null
2019-10-18 19:57:46,596 [595ac112-eff6-4e35-b572-d6b1c4893b0f@group-7B64E6E68F81-LeaderElection40] INFO  impl.RaftServerImpl (RaftServerImpl.java:setRole(184)) - 595ac112-eff6-4e35-b572-d6b1c4893b0f@group-7B64E6E68F81: changes role from CANDIDATE to FOLLOWER at term 37 for DISCOVERED_A_NEW_TERM
2019-10-18 19:57:46,596 [595ac112-eff6-4e35-b572-d6b1c4893b0f@group-7B64E6E68F81-LeaderElection40] INFO  impl.RoleInfo (RoleInfo.java:shutdownLeaderElection(134)) - 595ac112-eff6-4e35-b572-d6b1c4893b0f: shutdown LeaderElection
2019-10-18 19:57:46,596 [595ac112-eff6-4e35-b572-d6b1c4893b0f@group-7B64E6E68F81-LeaderElection40] INFO  impl.RoleInfo (RoleInfo.java:updateAndGet(143)) - 595ac112-eff6-4e35-b572-d6b1c4893b0f: start FollowerState
2019-10-18 19:57:46,709 [BlockDeletingService#2] WARN  background.BlockDeletingService (BlockDeletingService.java:isDeletionAllowed(187)) - Close Container log Index 6 is not replicated across allthe servers in the pipeline 11bb0cf2-26ce-4402-a950-7b64e6e68f81 as the min replicated index is 4. Deletion is not allowed in this container yet.
2019-10-18 19:57:46,712 [BlockDeletingService#2] WARN  background.BlockDeletingService (BlockDeletingService.java:isDeletionAllowed(187)) - Close Container log Index 6 is not replicated across allthe servers in the pipeline 11bb0cf2-26ce-4402-a950-7b64e6e68f81 as the min replicated index is 4. Deletion is not allowed in this container yet.
2019-10-18 19:57:46,716 [Thread-837] INFO  client.GrpcClientProtocolService (GrpcClientProtocolService.java:lambda$processClientRequest$0(278)) - Failed RaftClientRequest:client-B973F343C649->652c9eaa-759b-40b5-a420-e649d7d5dbbd@group-7B64E6E68F81, cid=10, seq=0, Watch-ALL_COMMITTED(6), Message:<EMPTY>, reply=RaftClientReply:client-B973F343C649->652c9eaa-759b-40b5-a420-e649d7d5dbbd@group-7B64E6E68F81, cid=10, FAILED org.apache.ratis.protocol.NotLeaderException: Server 652c9eaa-759b-40b5-a420-e649d7d5dbbd@group-7B64E6E68F81 is not the leader, logIndex=0, commits[652c9eaa-759b-40b5-a420-e649d7d5dbbd:c10, d13c026a-6de7-468a-bcba-b5f9e5455386:c10, 595ac112-eff6-4e35-b572-d6b1c4893b0f:c4]
2019-10-18 19:57:46,776 [Thread-833] INFO  impl.FollowerState (FollowerState.java:run(108)) - 595ac112-eff6-4e35-b572-d6b1c4893b0f@group-7B64E6E68F81-FollowerState: change to CANDIDATE, lastRpcTime:179ms, electionTimeout:179ms
2019-10-18 19:57:46,776 [Thread-833] INFO  impl.RoleInfo (RoleInfo.java:shutdownFollowerState(121)) - 595ac112-eff6-4e35-b572-d6b1c4893b0f: shutdown FollowerState
2019-10-18 19:57:46,776 [Thread-833] INFO  impl.RaftServerImpl (RaftServerImpl.java:setRole(184)) - 595ac112-eff6-4e35-b572-d6b1c4893b0f@group-7B64E6E68F81: changes role from  FOLLOWER to CANDIDATE at term 37 for changeToCandidate
2019-10-18 19:57:46,776 [Thread-833] INFO  impl.RoleInfo (RoleInfo.java:updateAndGet(143)) - 595ac112-eff6-4e35-b572-d6b1c4893b0f: start LeaderElection
2019-10-18 19:57:46,812 [595ac112-eff6-4e35-b572-d6b1c4893b0f@group-7B64E6E68F81-LeaderElection41] INFO  impl.LeaderElection (LeaderElection.java:askForVotes(178)) - 595ac112-eff6-4e35-b572-d6b1c4893b0f@group-7B64E6E68F81-LeaderElection41: begin an election at term 38 for 0: [652c9eaa-759b-40b5-a420-e649d7d5dbbd:192.168.34.13:44469, d13c026a-6de7-468a-bcba-b5f9e5455386:192.168.34.13:41921, 595ac112-eff6-4e35-b572-d6b1c4893b0f:192.168.34.13:37460], old=null
2019-10-18 19:57:46,815 [grpc-default-executor-0] INFO  impl.RaftServerImpl (RaftServerImpl.java:setRole(184)) - 652c9eaa-759b-40b5-a420-e649d7d5dbbd@group-7B64E6E68F81: changes role from  FOLLOWER to FOLLOWER at term 38 for recognizeCandidate:595ac112-eff6-4e35-b572-d6b1c4893b0f
2019-10-18 19:57:46,815 [grpc-default-executor-6] INFO  impl.RaftServerImpl (RaftServerImpl.java:setRole(184)) - d13c026a-6de7-468a-bcba-b5f9e5455386@group-7B64E6E68F81: changes role from  FOLLOWER to FOLLOWER at term 38 for recognizeCandidate:595ac112-eff6-4e35-b572-d6b1c4893b0f
2019-10-18 19:57:46,815 [grpc-default-executor-0] INFO  impl.RoleInfo (RoleInfo.java:shutdownFollowerState(121)) - 652c9eaa-759b-40b5-a420-e649d7d5dbbd: shutdown FollowerState
2019-10-18 19:57:46,815 [grpc-default-executor-6] INFO  impl.RoleInfo (RoleInfo.java:shutdownFollowerState(121)) - d13c026a-6de7-468a-bcba-b5f9e5455386: shutdown FollowerState
2019-10-18 19:57:46,815 [Thread-832] INFO  impl.FollowerState (FollowerState.java:run(117)) - d13c026a-6de7-468a-bcba-b5f9e5455386@group-7B64E6E68F81-FollowerState was interrupted: java.lang.InterruptedException: sleep interrupted
2019-10-18 19:57:46,815 [Thread-831] INFO  impl.FollowerState (FollowerState.java:run(117)) - 652c9eaa-759b-40b5-a420-e649d7d5dbbd@group-7B64E6E68F81-FollowerState was interrupted: java.lang.InterruptedException: sleep interrupted
2019-10-18 19:57:46,815 [grpc-default-executor-0] INFO  impl.RoleInfo (RoleInfo.java:updateAndGet(143)) - 652c9eaa-759b-40b5-a420-e649d7d5dbbd: start FollowerState
2019-10-18 19:57:46,815 [grpc-default-executor-6] INFO  impl.RoleInfo (RoleInfo.java:updateAndGet(143)) - d13c026a-6de7-468a-bcba-b5f9e5455386: start FollowerState
2019-10-18 19:57:46,838 [595ac112-eff6-4e35-b572-d6b1c4893b0f@group-7B64E6E68F81-LeaderElection41] INFO  impl.LeaderElection (LeaderElection.java:logAndReturn(56)) - 595ac112-eff6-4e35-b572-d6b1c4893b0f@group-7B64E6E68F81-LeaderElection41: Election REJECTED; received 2 response(s) [595ac112-eff6-4e35-b572-d6b1c4893b0f<-652c9eaa-759b-40b5-a420-e649d7d5dbbd#0:FAIL-t38, 595ac112-eff6-4e35-b572-d6b1c4893b0f<-d13c026a-6de7-468a-bcba-b5f9e5455386#0:FAIL-t38] and 0 exception(s); 595ac112-eff6-4e35-b572-d6b1c4893b0f@group-7B64E6E68F81:t38, leader=null, voted=595ac112-eff6-4e35-b572-d6b1c4893b0f, raftlog=595ac112-eff6-4e35-b572-d6b1c4893b0f@group-7B64E6E68F81-SegmentedRaftLog:OPENED:c3,f4,i4, conf=0: [652c9eaa-759b-40b5-a420-e649d7d5dbbd:192.168.34.13:44469, d13c026a-6de7-468a-bcba-b5f9e5455386:192.168.34.13:41921, 595ac112-eff6-4e35-b572-d6b1c4893b0f:192.168.34.13:37460], old=null
2019-10-18 19:57:46,839 [595ac112-eff6-4e35-b572-d6b1c4893b0f@group-7B64E6E68F81-LeaderElection41] INFO  impl.RaftServerImpl (RaftServerImpl.java:setRole(184)) - 595ac112-eff6-4e35-b572-d6b1c4893b0f@group-7B64E6E68F81: changes role from CANDIDATE to FOLLOWER at term 38 for DISCOVERED_A_NEW_TERM
2019-10-18 19:57:46,839 [595ac112-eff6-4e35-b572-d6b1c4893b0f@group-7B64E6E68F81-LeaderElection41] INFO  impl.RoleInfo (RoleInfo.java:shutdownLeaderElection(134)) - 595ac112-eff6-4e35-b572-d6b1c4893b0f: shutdown LeaderElection
2019-10-18 19:57:46,839 [595ac112-eff6-4e35-b572-d6b1c4893b0f@group-7B64E6E68F81-LeaderElection41] INFO  impl.RoleInfo (RoleInfo.java:updateAndGet(143)) - 595ac112-eff6-4e35-b572-d6b1c4893b0f: start FollowerState
2019-10-18 19:57:46,987 [Thread-844] INFO  impl.FollowerState (FollowerState.java:run(108)) - 595ac112-eff6-4e35-b572-d6b1c4893b0f@group-7B64E6E68F81-FollowerState: change to CANDIDATE, lastRpcTime:148ms, electionTimeout:148ms
2019-10-18 19:57:46,987 [Thread-844] INFO  impl.RoleInfo (RoleInfo.java:shutdownFollowerState(121)) - 595ac112-eff6-4e35-b572-d6b1c4893b0f: shutdown FollowerState
2019-10-18 19:57:46,987 [Thread-844] INFO  impl.RaftServerImpl (RaftServerImpl.java:setRole(184)) - 595ac112-eff6-4e35-b572-d6b1c4893b0f@group-7B64E6E68F81: changes role from  FOLLOWER to CANDIDATE at term 38 for changeToCandidate
2019-10-18 19:57:46,988 [Thread-844] INFO  impl.RoleInfo (RoleInfo.java:updateAndGet(143)) - 595ac112-eff6-4e35-b572-d6b1c4893b0f: start LeaderElection
2019-10-18 19:57:47,012 [595ac112-eff6-4e35-b572-d6b1c4893b0f@group-7B64E6E68F81-LeaderElection42] INFO  impl.LeaderElection (LeaderElection.java:askForVotes(178)) - 595ac112-eff6-4e35-b572-d6b1c4893b0f@group-7B64E6E68F81-LeaderElection42: begin an election at term 39 for 0: [652c9eaa-759b-40b5-a420-e649d7d5dbbd:192.168.34.13:44469, d13c026a-6de7-468a-bcba-b5f9e5455386:192.168.34.13:41921, 595ac112-eff6-4e35-b572-d6b1c4893b0f:192.168.34.13:37460], old=null
2019-10-18 19:57:47,015 [grpc-default-executor-6] INFO  impl.RaftServerImpl (RaftServerImpl.java:setRole(184)) - 652c9eaa-759b-40b5-a420-e649d7d5dbbd@group-7B64E6E68F81: changes role from  FOLLOWER to FOLLOWER at term 39 for recognizeCandidate:595ac112-eff6-4e35-b572-d6b1c4893b0f
2019-10-18 19:57:47,015 [grpc-default-executor-0] INFO  impl.RaftServerImpl (RaftServerImpl.java:setRole(184)) - d13c026a-6de7-468a-bcba-b5f9e5455386@group-7B64E6E68F81: changes role from  FOLLOWER to FOLLOWER at term 39 for recognizeCandidate:595ac112-eff6-4e35-b572-d6b1c4893b0f
2019-10-18 19:57:47,016 [grpc-default-executor-6] INFO  impl.RoleInfo (RoleInfo.java:shutdownFollowerState(121)) - 652c9eaa-759b-40b5-a420-e649d7d5dbbd: shutdown FollowerState
2019-10-18 19:57:47,016 [grpc-default-executor-0] INFO  impl.RoleInfo (RoleInfo.java:shutdownFollowerState(121)) - d13c026a-6de7-468a-bcba-b5f9e5455386: shutdown FollowerState
2019-10-18 19:57:47,016 [Thread-842] INFO  impl.FollowerState (FollowerState.java:run(117)) - 652c9eaa-759b-40b5-a420-e649d7d5dbbd@group-7B64E6E68F81-FollowerState was interrupted: java.lang.InterruptedException: sleep interrupted
2019-10-18 19:57:47,016 [grpc-default-executor-6] INFO  impl.RoleInfo (RoleInfo.java:updateAndGet(143)) - 652c9eaa-759b-40b5-a420-e649d7d5dbbd: start FollowerState
2019-10-18 19:57:47,016 [grpc-default-executor-0] INFO  impl.RoleInfo (RoleInfo.java:updateAndGet(143)) - d13c026a-6de7-468a-bcba-b5f9e5455386: start FollowerState
2019-10-18 19:57:47,016 [Thread-843] INFO  impl.FollowerState (FollowerState.java:run(117)) - d13c026a-6de7-468a-bcba-b5f9e5455386@group-7B64E6E68F81-FollowerState was interrupted: java.lang.InterruptedException: sleep interrupted
2019-10-18 19:57:47,039 [595ac112-eff6-4e35-b572-d6b1c4893b0f@group-7B64E6E68F81-LeaderElection42] INFO  impl.LeaderElection (LeaderElection.java:logAndReturn(56)) - 595ac112-eff6-4e35-b572-d6b1c4893b0f@group-7B64E6E68F81-LeaderElection42: Election REJECTED; received 2 response(s) [595ac112-eff6-4e35-b572-d6b1c4893b0f<-652c9eaa-759b-40b5-a420-e649d7d5dbbd#0:FAIL-t39, 595ac112-eff6-4e35-b572-d6b1c4893b0f<-d13c026a-6de7-468a-bcba-b5f9e5455386#0:FAIL-t39] and 0 exception(s); 595ac112-eff6-4e35-b572-d6b1c4893b0f@group-7B64E6E68F81:t39, leader=null, voted=595ac112-eff6-4e35-b572-d6b1c4893b0f, raftlog=595ac112-eff6-4e35-b572-d6b1c4893b0f@group-7B64E6E68F81-SegmentedRaftLog:OPENED:c3,f4,i4, conf=0: [652c9eaa-759b-40b5-a420-e649d7d5dbbd:192.168.34.13:44469, d13c026a-6de7-468a-bcba-b5f9e5455386:192.168.34.13:41921, 595ac112-eff6-4e35-b572-d6b1c4893b0f:192.168.34.13:37460], old=null
2019-10-18 19:57:47,040 [595ac112-eff6-4e35-b572-d6b1c4893b0f@group-7B64E6E68F81-LeaderElection42] INFO  impl.RaftServerImpl (RaftServerImpl.java:setRole(184)) - 595ac112-eff6-4e35-b572-d6b1c4893b0f@group-7B64E6E68F81: changes role from CANDIDATE to FOLLOWER at term 39 for DISCOVERED_A_NEW_TERM
2019-10-18 19:57:47,040 [595ac112-eff6-4e35-b572-d6b1c4893b0f@group-7B64E6E68F81-LeaderElection42] INFO  impl.RoleInfo (RoleInfo.java:shutdownLeaderElection(134)) - 595ac112-eff6-4e35-b572-d6b1c4893b0f: shutdown LeaderElection
2019-10-18 19:57:47,040 [595ac112-eff6-4e35-b572-d6b1c4893b0f@group-7B64E6E68F81-LeaderElection42] INFO  impl.RoleInfo (RoleInfo.java:updateAndGet(143)) - 595ac112-eff6-4e35-b572-d6b1c4893b0f: start FollowerState
2019-10-18 19:57:47,149 [Thread-850] INFO  impl.FollowerState (FollowerState.java:run(108)) - 595ac112-eff6-4e35-b572-d6b1c4893b0f@group-7B64E6E68F81-FollowerState: change to CANDIDATE, lastRpcTime:109ms, electionTimeout:109ms
2019-10-18 19:57:47,149 [Thread-850] INFO  impl.RoleInfo (RoleInfo.java:shutdownFollowerState(121)) - 595ac112-eff6-4e35-b572-d6b1c4893b0f: shutdown FollowerState
2019-10-18 19:57:47,149 [Thread-850] INFO  impl.RaftServerImpl (RaftServerImpl.java:setRole(184)) - 595ac112-eff6-4e35-b572-d6b1c4893b0f@group-7B64E6E68F81: changes role from  FOLLOWER to CANDIDATE at term 39 for changeToCandidate
2019-10-18 19:57:47,150 [Thread-850] INFO  impl.RoleInfo (RoleInfo.java:updateAndGet(143)) - 595ac112-eff6-4e35-b572-d6b1c4893b0f: start LeaderElection
2019-10-18 19:57:47,180 [595ac112-eff6-4e35-b572-d6b1c4893b0f@group-7B64E6E68F81-LeaderElection43] INFO  impl.LeaderElection (LeaderElection.java:askForVotes(178)) - 595ac112-eff6-4e35-b572-d6b1c4893b0f@group-7B64E6E68F81-LeaderElection43: begin an election at term 40 for 0: [652c9eaa-759b-40b5-a420-e649d7d5dbbd:192.168.34.13:44469, d13c026a-6de7-468a-bcba-b5f9e5455386:192.168.34.13:41921, 595ac112-eff6-4e35-b572-d6b1c4893b0f:192.168.34.13:37460], old=null
2019-10-18 19:57:47,182 [grpc-default-executor-0] INFO  impl.RaftServerImpl (RaftServerImpl.java:setRole(184)) - 652c9eaa-759b-40b5-a420-e649d7d5dbbd@group-7B64E6E68F81: changes role from  FOLLOWER to FOLLOWER at term 40 for recognizeCandidate:595ac112-eff6-4e35-b572-d6b1c4893b0f
2019-10-18 19:57:47,182 [grpc-default-executor-6] INFO  impl.RaftServerImpl (RaftServerImpl.java:setRole(184)) - d13c026a-6de7-468a-bcba-b5f9e5455386@group-7B64E6E68F81: changes role from  FOLLOWER to FOLLOWER at term 40 for recognizeCandidate:595ac112-eff6-4e35-b572-d6b1c4893b0f
2019-10-18 19:57:47,182 [grpc-default-executor-0] INFO  impl.RoleInfo (RoleInfo.java:shutdownFollowerState(121)) - 652c9eaa-759b-40b5-a420-e649d7d5dbbd: shutdown FollowerState
2019-10-18 19:57:47,183 [grpc-default-executor-6] INFO  impl.RoleInfo (RoleInfo.java:shutdownFollowerState(121)) - d13c026a-6de7-468a-bcba-b5f9e5455386: shutdown FollowerState
2019-10-18 19:57:47,183 [Thread-848] INFO  impl.FollowerState (FollowerState.java:run(117)) - 652c9eaa-759b-40b5-a420-e649d7d5dbbd@group-7B64E6E68F81-FollowerState was interrupted: java.lang.InterruptedException: sleep interrupted
2019-10-18 19:57:47,183 [grpc-default-executor-6] INFO  impl.RoleInfo (RoleInfo.java:updateAndGet(143)) - d13c026a-6de7-468a-bcba-b5f9e5455386: start FollowerState
2019-10-18 19:57:47,183 [grpc-default-executor-0] INFO  impl.RoleInfo (RoleInfo.java:updateAndGet(143)) - 652c9eaa-759b-40b5-a420-e649d7d5dbbd: start FollowerState
2019-10-18 19:57:47,183 [Thread-849] INFO  impl.FollowerState (FollowerState.java:run(117)) - d13c026a-6de7-468a-bcba-b5f9e5455386@group-7B64E6E68F81-FollowerState was interrupted: java.lang.InterruptedException: sleep interrupted
2019-10-18 19:57:47,207 [595ac112-eff6-4e35-b572-d6b1c4893b0f@group-7B64E6E68F81-LeaderElection43] INFO  impl.LeaderElection (LeaderElection.java:logAndReturn(56)) - 595ac112-eff6-4e35-b572-d6b1c4893b0f@group-7B64E6E68F81-LeaderElection43: Election REJECTED; received 2 response(s) [595ac112-eff6-4e35-b572-d6b1c4893b0f<-652c9eaa-759b-40b5-a420-e649d7d5dbbd#0:FAIL-t40, 595ac112-eff6-4e35-b572-d6b1c4893b0f<-d13c026a-6de7-468a-bcba-b5f9e5455386#0:FAIL-t40] and 0 exception(s); 595ac112-eff6-4e35-b572-d6b1c4893b0f@group-7B64E6E68F81:t40, leader=null, voted=595ac112-eff6-4e35-b572-d6b1c4893b0f, raftlog=595ac112-eff6-4e35-b572-d6b1c4893b0f@group-7B64E6E68F81-SegmentedRaftLog:OPENED:c3,f4,i4, conf=0: [652c9eaa-759b-40b5-a420-e649d7d5dbbd:192.168.34.13:44469, d13c026a-6de7-468a-bcba-b5f9e5455386:192.168.34.13:41921, 595ac112-eff6-4e35-b572-d6b1c4893b0f:192.168.34.13:37460], old=null
2019-10-18 19:57:47,207 [595ac112-eff6-4e35-b572-d6b1c4893b0f@group-7B64E6E68F81-LeaderElection43] INFO  impl.RaftServerImpl (RaftServerImpl.java:setRole(184)) - 595ac112-eff6-4e35-b572-d6b1c4893b0f@group-7B64E6E68F81: changes role from CANDIDATE to FOLLOWER at term 40 for DISCOVERED_A_NEW_TERM
2019-10-18 19:57:47,207 [595ac112-eff6-4e35-b572-d6b1c4893b0f@group-7B64E6E68F81-LeaderElection43] INFO  impl.RoleInfo (RoleInfo.java:shutdownLeaderElection(134)) - 595ac112-eff6-4e35-b572-d6b1c4893b0f: shutdown LeaderElection
2019-10-18 19:57:47,207 [595ac112-eff6-4e35-b572-d6b1c4893b0f@group-7B64E6E68F81-LeaderElection43] INFO  impl.RoleInfo (RoleInfo.java:updateAndGet(143)) - 595ac112-eff6-4e35-b572-d6b1c4893b0f: start FollowerState
2019-10-18 19:57:47,340 [Thread-856] INFO  impl.FollowerState (FollowerState.java:run(108)) - 595ac112-eff6-4e35-b572-d6b1c4893b0f@group-7B64E6E68F81-FollowerState: change to CANDIDATE, lastRpcTime:133ms, electionTimeout:133ms
2019-10-18 19:57:47,341 [Thread-856] INFO  impl.RoleInfo (RoleInfo.java:shutdownFollowerState(121)) - 595ac112-eff6-4e35-b572-d6b1c4893b0f: shutdown FollowerState
2019-10-18 19:57:47,341 [Thread-856] INFO  impl.RaftServerImpl (RaftServerImpl.java:setRole(184)) - 595ac112-eff6-4e35-b572-d6b1c4893b0f@group-7B64E6E68F81: changes role from  FOLLOWER to CANDIDATE at term 40 for changeToCandidate
2019-10-18 19:57:47,341 [Thread-856] INFO  impl.RoleInfo (RoleInfo.java:updateAndGet(143)) - 595ac112-eff6-4e35-b572-d6b1c4893b0f: start LeaderElection
2019-10-18 19:57:47,364 [595ac112-eff6-4e35-b572-d6b1c4893b0f@group-7B64E6E68F81-LeaderElection44] INFO  impl.LeaderElection (LeaderElection.java:askForVotes(178)) - 595ac112-eff6-4e35-b572-d6b1c4893b0f@group-7B64E6E68F81-LeaderElection44: begin an election at term 41 for 0: [652c9eaa-759b-40b5-a420-e649d7d5dbbd:192.168.34.13:44469, d13c026a-6de7-468a-bcba-b5f9e5455386:192.168.34.13:41921, 595ac112-eff6-4e35-b572-d6b1c4893b0f:192.168.34.13:37460], old=null
2019-10-18 19:57:47,366 [grpc-default-executor-6] INFO  impl.RaftServerImpl (RaftServerImpl.java:setRole(184)) - d13c026a-6de7-468a-bcba-b5f9e5455386@group-7B64E6E68F81: changes role from  FOLLOWER to FOLLOWER at term 41 for recognizeCandidate:595ac112-eff6-4e35-b572-d6b1c4893b0f
2019-10-18 19:57:47,366 [grpc-default-executor-0] INFO  impl.RaftServerImpl (RaftServerImpl.java:setRole(184)) - 652c9eaa-759b-40b5-a420-e649d7d5dbbd@group-7B64E6E68F81: changes role from  FOLLOWER to FOLLOWER at term 41 for recognizeCandidate:595ac112-eff6-4e35-b572-d6b1c4893b0f
2019-10-18 19:57:47,367 [grpc-default-executor-6] INFO  impl.RoleInfo (RoleInfo.java:shutdownFollowerState(121)) - d13c026a-6de7-468a-bcba-b5f9e5455386: shutdown FollowerState
2019-10-18 19:57:47,367 [grpc-default-executor-0] INFO  impl.RoleInfo (RoleInfo.java:shutdownFollowerState(121)) - 652c9eaa-759b-40b5-a420-e649d7d5dbbd: shutdown FollowerState
2019-10-18 19:57:47,367 [Thread-855] INFO  impl.FollowerState (FollowerState.java:run(117)) - d13c026a-6de7-468a-bcba-b5f9e5455386@group-7B64E6E68F81-FollowerState was interrupted: java.lang.InterruptedException: sleep interrupted
2019-10-18 19:57:47,367 [Thread-854] INFO  impl.FollowerState (FollowerState.java:run(117)) - 652c9eaa-759b-40b5-a420-e649d7d5dbbd@group-7B64E6E68F81-FollowerState was interrupted: java.lang.InterruptedException: sleep interrupted
2019-10-18 19:57:47,367 [grpc-default-executor-0] INFO  impl.RoleInfo (RoleInfo.java:updateAndGet(143)) - 652c9eaa-759b-40b5-a420-e649d7d5dbbd: start FollowerState
2019-10-18 19:57:47,367 [grpc-default-executor-6] INFO  impl.RoleInfo (RoleInfo.java:updateAndGet(143)) - d13c026a-6de7-468a-bcba-b5f9e5455386: start FollowerState
2019-10-18 19:57:47,391 [595ac112-eff6-4e35-b572-d6b1c4893b0f@group-7B64E6E68F81-LeaderElection44] INFO  impl.LeaderElection (LeaderElection.java:logAndReturn(56)) - 595ac112-eff6-4e35-b572-d6b1c4893b0f@group-7B64E6E68F81-LeaderElection44: Election REJECTED; received 2 response(s) [595ac112-eff6-4e35-b572-d6b1c4893b0f<-652c9eaa-759b-40b5-a420-e649d7d5dbbd#0:FAIL-t41, 595ac112-eff6-4e35-b572-d6b1c4893b0f<-d13c026a-6de7-468a-bcba-b5f9e5455386#0:FAIL-t41] and 0 exception(s); 595ac112-eff6-4e35-b572-d6b1c4893b0f@group-7B64E6E68F81:t41, leader=null, voted=595ac112-eff6-4e35-b572-d6b1c4893b0f, raftlog=595ac112-eff6-4e35-b572-d6b1c4893b0f@group-7B64E6E68F81-SegmentedRaftLog:OPENED:c3,f4,i4, conf=0: [652c9eaa-759b-40b5-a420-e649d7d5dbbd:192.168.34.13:44469, d13c026a-6de7-468a-bcba-b5f9e5455386:192.168.34.13:41921, 595ac112-eff6-4e35-b572-d6b1c4893b0f:192.168.34.13:37460], old=null
2019-10-18 19:57:47,391 [595ac112-eff6-4e35-b572-d6b1c4893b0f@group-7B64E6E68F81-LeaderElection44] INFO  impl.RaftServerImpl (RaftServerImpl.java:setRole(184)) - 595ac112-eff6-4e35-b572-d6b1c4893b0f@group-7B64E6E68F81: changes role from CANDIDATE to FOLLOWER at term 41 for DISCOVERED_A_NEW_TERM
2019-10-18 19:57:47,391 [595ac112-eff6-4e35-b572-d6b1c4893b0f@group-7B64E6E68F81-LeaderElection44] INFO  impl.RoleInfo (RoleInfo.java:shutdownLeaderElection(134)) - 595ac112-eff6-4e35-b572-d6b1c4893b0f: shutdown LeaderElection
2019-10-18 19:57:47,391 [595ac112-eff6-4e35-b572-d6b1c4893b0f@group-7B64E6E68F81-LeaderElection44] INFO  impl.RoleInfo (RoleInfo.java:updateAndGet(143)) - 595ac112-eff6-4e35-b572-d6b1c4893b0f: start FollowerState
2019-10-18 19:57:47,502 [Thread-863] INFO  impl.FollowerState (FollowerState.java:run(108)) - 595ac112-eff6-4e35-b572-d6b1c4893b0f@group-7B64E6E68F81-FollowerState: change to CANDIDATE, lastRpcTime:110ms, electionTimeout:110ms
2019-10-18 19:57:47,502 [Thread-863] INFO  impl.RoleInfo (RoleInfo.java:shutdownFollowerState(121)) - 595ac112-eff6-4e35-b572-d6b1c4893b0f: shutdown FollowerState
2019-10-18 19:57:47,502 [Thread-863] INFO  impl.RaftServerImpl (RaftServerImpl.java:setRole(184)) - 595ac112-eff6-4e35-b572-d6b1c4893b0f@group-7B64E6E68F81: changes role from  FOLLOWER to CANDIDATE at term 41 for changeToCandidate
2019-10-18 19:57:47,502 [Thread-863] INFO  impl.RoleInfo (RoleInfo.java:updateAndGet(143)) - 595ac112-eff6-4e35-b572-d6b1c4893b0f: start LeaderElection
2019-10-18 19:57:47,532 [595ac112-eff6-4e35-b572-d6b1c4893b0f@group-7B64E6E68F81-LeaderElection45] INFO  impl.LeaderElection (LeaderElection.java:askForVotes(178)) - 595ac112-eff6-4e35-b572-d6b1c4893b0f@group-7B64E6E68F81-LeaderElection45: begin an election at term 42 for 0: [652c9eaa-759b-40b5-a420-e649d7d5dbbd:192.168.34.13:44469, d13c026a-6de7-468a-bcba-b5f9e5455386:192.168.34.13:41921, 595ac112-eff6-4e35-b572-d6b1c4893b0f:192.168.34.13:37460], old=null
2019-10-18 19:57:47,535 [grpc-default-executor-0] INFO  impl.RaftServerImpl (RaftServerImpl.java:setRole(184)) - 652c9eaa-759b-40b5-a420-e649d7d5dbbd@group-7B64E6E68F81: changes role from  FOLLOWER to FOLLOWER at term 42 for recognizeCandidate:595ac112-eff6-4e35-b572-d6b1c4893b0f
2019-10-18 19:57:47,535 [grpc-default-executor-0] INFO  impl.RoleInfo (RoleInfo.java:shutdownFollowerState(121)) - 652c9eaa-759b-40b5-a420-e649d7d5dbbd: shutdown FollowerState
2019-10-18 19:57:47,535 [grpc-default-executor-6] INFO  impl.RaftServerImpl (RaftServerImpl.java:setRole(184)) - d13c026a-6de7-468a-bcba-b5f9e5455386@group-7B64E6E68F81: changes role from  FOLLOWER to FOLLOWER at term 42 for recognizeCandidate:595ac112-eff6-4e35-b572-d6b1c4893b0f
2019-10-18 19:57:47,535 [grpc-default-executor-0] INFO  impl.RoleInfo (RoleInfo.java:updateAndGet(143)) - 652c9eaa-759b-40b5-a420-e649d7d5dbbd: start FollowerState
2019-10-18 19:57:47,535 [Thread-862] INFO  impl.FollowerState (FollowerState.java:run(117)) - 652c9eaa-759b-40b5-a420-e649d7d5dbbd@group-7B64E6E68F81-FollowerState was interrupted: java.lang.InterruptedException: sleep interrupted
2019-10-18 19:57:47,535 [grpc-default-executor-6] INFO  impl.RoleInfo (RoleInfo.java:shutdownFollowerState(121)) - d13c026a-6de7-468a-bcba-b5f9e5455386: shutdown FollowerState
2019-10-18 19:57:47,535 [grpc-default-executor-6] INFO  impl.RoleInfo (RoleInfo.java:updateAndGet(143)) - d13c026a-6de7-468a-bcba-b5f9e5455386: start FollowerState
2019-10-18 19:57:47,535 [Thread-861] INFO  impl.FollowerState (FollowerState.java:run(117)) - d13c026a-6de7-468a-bcba-b5f9e5455386@group-7B64E6E68F81-FollowerState was interrupted: java.lang.InterruptedException: sleep interrupted
2019-10-18 19:57:47,558 [595ac112-eff6-4e35-b572-d6b1c4893b0f@group-7B64E6E68F81-LeaderElection45] INFO  impl.LeaderElection (LeaderElection.java:logAndReturn(56)) - 595ac112-eff6-4e35-b572-d6b1c4893b0f@group-7B64E6E68F81-LeaderElection45: Election REJECTED; received 2 response(s) [595ac112-eff6-4e35-b572-d6b1c4893b0f<-652c9eaa-759b-40b5-a420-e649d7d5dbbd#0:FAIL-t42, 595ac112-eff6-4e35-b572-d6b1c4893b0f<-d13c026a-6de7-468a-bcba-b5f9e5455386#0:FAIL-t42] and 0 exception(s); 595ac112-eff6-4e35-b572-d6b1c4893b0f@group-7B64E6E68F81:t42, leader=null, voted=595ac112-eff6-4e35-b572-d6b1c4893b0f, raftlog=595ac112-eff6-4e35-b572-d6b1c4893b0f@group-7B64E6E68F81-SegmentedRaftLog:OPENED:c3,f4,i4, conf=0: [652c9eaa-759b-40b5-a420-e649d7d5dbbd:192.168.34.13:44469, d13c026a-6de7-468a-bcba-b5f9e5455386:192.168.34.13:41921, 595ac112-eff6-4e35-b572-d6b1c4893b0f:192.168.34.13:37460], old=null
2019-10-18 19:57:47,558 [595ac112-eff6-4e35-b572-d6b1c4893b0f@group-7B64E6E68F81-LeaderElection45] INFO  impl.RaftServerImpl (RaftServerImpl.java:setRole(184)) - 595ac112-eff6-4e35-b572-d6b1c4893b0f@group-7B64E6E68F81: changes role from CANDIDATE to FOLLOWER at term 42 for DISCOVERED_A_NEW_TERM
2019-10-18 19:57:47,559 [595ac112-eff6-4e35-b572-d6b1c4893b0f@group-7B64E6E68F81-LeaderElection45] INFO  impl.RoleInfo (RoleInfo.java:shutdownLeaderElection(134)) - 595ac112-eff6-4e35-b572-d6b1c4893b0f: shutdown LeaderElection
2019-10-18 19:57:47,559 [595ac112-eff6-4e35-b572-d6b1c4893b0f@group-7B64E6E68F81-LeaderElection45] INFO  impl.RoleInfo (RoleInfo.java:updateAndGet(143)) - 595ac112-eff6-4e35-b572-d6b1c4893b0f: start FollowerState
2019-10-18 19:57:47,715 [BlockDeletingService#2] WARN  background.BlockDeletingService (BlockDeletingService.java:isDeletionAllowed(187)) - Close Container log Index 6 is not replicated across allthe servers in the pipeline 11bb0cf2-26ce-4402-a950-7b64e6e68f81 as the min replicated index is 4. Deletion is not allowed in this container yet.
2019-10-18 19:57:47,715 [BlockDeletingService#2] WARN  background.BlockDeletingService (BlockDeletingService.java:isDeletionAllowed(187)) - Close Container log Index 6 is not replicated across allthe servers in the pipeline 11bb0cf2-26ce-4402-a950-7b64e6e68f81 as the min replicated index is 4. Deletion is not allowed in this container yet.
2019-10-18 19:57:47,732 [Thread-873] INFO  client.GrpcClientProtocolService (GrpcClientProtocolService.java:lambda$processClientRequest$0(278)) - Failed RaftClientRequest:client-B973F343C649->595ac112-eff6-4e35-b572-d6b1c4893b0f@group-7B64E6E68F81, cid=10, seq=0, Watch-ALL_COMMITTED(6), Message:<EMPTY>, reply=RaftClientReply:client-B973F343C649->595ac112-eff6-4e35-b572-d6b1c4893b0f@group-7B64E6E68F81, cid=10, FAILED org.apache.ratis.protocol.NotLeaderException: Server 595ac112-eff6-4e35-b572-d6b1c4893b0f@group-7B64E6E68F81 is not the leader, logIndex=0, commits[595ac112-eff6-4e35-b572-d6b1c4893b0f:c3]
2019-10-18 19:57:47,748 [Thread-869] INFO  impl.FollowerState (FollowerState.java:run(108)) - 595ac112-eff6-4e35-b572-d6b1c4893b0f@group-7B64E6E68F81-FollowerState: change to CANDIDATE, lastRpcTime:189ms, electionTimeout:189ms
2019-10-18 19:57:47,748 [Thread-869] INFO  impl.RoleInfo (RoleInfo.java:shutdownFollowerState(121)) - 595ac112-eff6-4e35-b572-d6b1c4893b0f: shutdown FollowerState
2019-10-18 19:57:47,748 [Thread-869] INFO  impl.RaftServerImpl (RaftServerImpl.java:setRole(184)) - 595ac112-eff6-4e35-b572-d6b1c4893b0f@group-7B64E6E68F81: changes role from  FOLLOWER to CANDIDATE at term 42 for changeToCandidate
2019-10-18 19:57:47,749 [Thread-869] INFO  impl.RoleInfo (RoleInfo.java:updateAndGet(143)) - 595ac112-eff6-4e35-b572-d6b1c4893b0f: start LeaderElection
2019-10-18 19:57:47,774 [595ac112-eff6-4e35-b572-d6b1c4893b0f@group-7B64E6E68F81-LeaderElection46] INFO  impl.LeaderElection (LeaderElection.java:askForVotes(178)) - 595ac112-eff6-4e35-b572-d6b1c4893b0f@group-7B64E6E68F81-LeaderElection46: begin an election at term 43 for 0: [652c9eaa-759b-40b5-a420-e649d7d5dbbd:192.168.34.13:44469, d13c026a-6de7-468a-bcba-b5f9e5455386:192.168.34.13:41921, 595ac112-eff6-4e35-b572-d6b1c4893b0f:192.168.34.13:37460], old=null
2019-10-18 19:57:47,777 [grpc-default-executor-0] INFO  impl.RaftServerImpl (RaftServerImpl.java:setRole(184)) - d13c026a-6de7-468a-bcba-b5f9e5455386@group-7B64E6E68F81: changes role from  FOLLOWER to FOLLOWER at term 43 for recognizeCandidate:595ac112-eff6-4e35-b572-d6b1c4893b0f
2019-10-18 19:57:47,777 [grpc-default-executor-6] INFO  impl.RaftServerImpl (RaftServerImpl.java:setRole(184)) - 652c9eaa-759b-40b5-a420-e649d7d5dbbd@group-7B64E6E68F81: changes role from  FOLLOWER to FOLLOWER at term 43 for recognizeCandidate:595ac112-eff6-4e35-b572-d6b1c4893b0f
2019-10-18 19:57:47,777 [grpc-default-executor-0] INFO  impl.RoleInfo (RoleInfo.java:shutdownFollowerState(121)) - d13c026a-6de7-468a-bcba-b5f9e5455386: shutdown FollowerState
2019-10-18 19:57:47,778 [grpc-default-executor-6] INFO  impl.RoleInfo (RoleInfo.java:shutdownFollowerState(121)) - 652c9eaa-759b-40b5-a420-e649d7d5dbbd: shutdown FollowerState
2019-10-18 19:57:47,778 [grpc-default-executor-0] INFO  impl.RoleInfo (RoleInfo.java:updateAndGet(143)) - d13c026a-6de7-468a-bcba-b5f9e5455386: start FollowerState
2019-10-18 19:57:47,778 [Thread-868] INFO  impl.FollowerState (FollowerState.java:run(117)) - d13c026a-6de7-468a-bcba-b5f9e5455386@group-7B64E6E68F81-FollowerState was interrupted: java.lang.InterruptedException: sleep interrupted
2019-10-18 19:57:47,778 [grpc-default-executor-6] INFO  impl.RoleInfo (RoleInfo.java:updateAndGet(143)) - 652c9eaa-759b-40b5-a420-e649d7d5dbbd: start FollowerState
2019-10-18 19:57:47,778 [Thread-867] INFO  impl.FollowerState (FollowerState.java:run(117)) - 652c9eaa-759b-40b5-a420-e649d7d5dbbd@group-7B64E6E68F81-FollowerState was interrupted: java.lang.InterruptedException: sleep interrupted
2019-10-18 19:57:47,801 [595ac112-eff6-4e35-b572-d6b1c4893b0f@group-7B64E6E68F81-LeaderElection46] INFO  impl.LeaderElection (LeaderElection.java:logAndReturn(56)) - 595ac112-eff6-4e35-b572-d6b1c4893b0f@group-7B64E6E68F81-LeaderElection46: Election REJECTED; received 2 response(s) [595ac112-eff6-4e35-b572-d6b1c4893b0f<-652c9eaa-759b-40b5-a420-e649d7d5dbbd#0:FAIL-t43, 595ac112-eff6-4e35-b572-d6b1c4893b0f<-d13c026a-6de7-468a-bcba-b5f9e5455386#0:FAIL-t43] and 0 exception(s); 595ac112-eff6-4e35-b572-d6b1c4893b0f@group-7B64E6E68F81:t43, leader=null, voted=595ac112-eff6-4e35-b572-d6b1c4893b0f, raftlog=595ac112-eff6-4e35-b572-d6b1c4893b0f@group-7B64E6E68F81-SegmentedRaftLog:OPENED:c3,f4,i4, conf=0: [652c9eaa-759b-40b5-a420-e649d7d5dbbd:192.168.34.13:44469, d13c026a-6de7-468a-bcba-b5f9e5455386:192.168.34.13:41921, 595ac112-eff6-4e35-b572-d6b1c4893b0f:192.168.34.13:37460], old=null
2019-10-18 19:57:47,801 [595ac112-eff6-4e35-b572-d6b1c4893b0f@group-7B64E6E68F81-LeaderElection46] INFO  impl.RaftServerImpl (RaftServerImpl.java:setRole(184)) - 595ac112-eff6-4e35-b572-d6b1c4893b0f@group-7B64E6E68F81: changes role from CANDIDATE to FOLLOWER at term 43 for DISCOVERED_A_NEW_TERM
2019-10-18 19:57:47,801 [595ac112-eff6-4e35-b572-d6b1c4893b0f@group-7B64E6E68F81-LeaderElection46] INFO  impl.RoleInfo (RoleInfo.java:shutdownLeaderElection(134)) - 595ac112-eff6-4e35-b572-d6b1c4893b0f: shutdown LeaderElection
2019-10-18 19:57:47,801 [595ac112-eff6-4e35-b572-d6b1c4893b0f@group-7B64E6E68F81-LeaderElection46] INFO  impl.RoleInfo (RoleInfo.java:updateAndGet(143)) - 595ac112-eff6-4e35-b572-d6b1c4893b0f: start FollowerState
2019-10-18 19:57:47,921 [Thread-880] INFO  impl.FollowerState (FollowerState.java:run(108)) - 595ac112-eff6-4e35-b572-d6b1c4893b0f@group-7B64E6E68F81-FollowerState: change to CANDIDATE, lastRpcTime:119ms, electionTimeout:119ms
2019-10-18 19:57:47,921 [Thread-880] INFO  impl.RoleInfo (RoleInfo.java:shutdownFollowerState(121)) - 595ac112-eff6-4e35-b572-d6b1c4893b0f: shutdown FollowerState
2019-10-18 19:57:47,921 [Thread-880] INFO  impl.RaftServerImpl (RaftServerImpl.java:setRole(184)) - 595ac112-eff6-4e35-b572-d6b1c4893b0f@group-7B64E6E68F81: changes role from  FOLLOWER to CANDIDATE at term 43 for changeToCandidate
2019-10-18 19:57:47,922 [Thread-880] INFO  impl.RoleInfo (RoleInfo.java:updateAndGet(143)) - 595ac112-eff6-4e35-b572-d6b1c4893b0f: start LeaderElection
2019-10-18 19:57:47,950 [595ac112-eff6-4e35-b572-d6b1c4893b0f@group-7B64E6E68F81-LeaderElection47] INFO  impl.LeaderElection (LeaderElection.java:askForVotes(178)) - 595ac112-eff6-4e35-b572-d6b1c4893b0f@group-7B64E6E68F81-LeaderElection47: begin an election at term 44 for 0: [652c9eaa-759b-40b5-a420-e649d7d5dbbd:192.168.34.13:44469, d13c026a-6de7-468a-bcba-b5f9e5455386:192.168.34.13:41921, 595ac112-eff6-4e35-b572-d6b1c4893b0f:192.168.34.13:37460], old=null
2019-10-18 19:57:47,955 [grpc-default-executor-0] INFO  impl.RaftServerImpl (RaftServerImpl.java:setRole(184)) - 652c9eaa-759b-40b5-a420-e649d7d5dbbd@group-7B64E6E68F81: changes role from  FOLLOWER to FOLLOWER at term 44 for recognizeCandidate:595ac112-eff6-4e35-b572-d6b1c4893b0f
2019-10-18 19:57:47,955 [grpc-default-executor-6] INFO  impl.RaftServerImpl (RaftServerImpl.java:setRole(184)) - d13c026a-6de7-468a-bcba-b5f9e5455386@group-7B64E6E68F81: changes role from  FOLLOWER to FOLLOWER at term 44 for recognizeCandidate:595ac112-eff6-4e35-b572-d6b1c4893b0f
2019-10-18 19:57:47,955 [grpc-default-executor-0] INFO  impl.RoleInfo (RoleInfo.java:shutdownFollowerState(121)) - 652c9eaa-759b-40b5-a420-e649d7d5dbbd: shutdown FollowerState
2019-10-18 19:57:47,955 [grpc-default-executor-6] INFO  impl.RoleInfo (RoleInfo.java:shutdownFollowerState(121)) - d13c026a-6de7-468a-bcba-b5f9e5455386: shutdown FollowerState
2019-10-18 19:57:47,955 [grpc-default-executor-0] INFO  impl.RoleInfo (RoleInfo.java:updateAndGet(143)) - 652c9eaa-759b-40b5-a420-e649d7d5dbbd: start FollowerState
2019-10-18 19:57:47,955 [Thread-879] INFO  impl.FollowerState (FollowerState.java:run(117)) - 652c9eaa-759b-40b5-a420-e649d7d5dbbd@group-7B64E6E68F81-FollowerState was interrupted: java.lang.InterruptedException: sleep interrupted
2019-10-18 19:57:47,955 [Thread-878] INFO  impl.FollowerState (FollowerState.java:run(117)) - d13c026a-6de7-468a-bcba-b5f9e5455386@group-7B64E6E68F81-FollowerState was interrupted: java.lang.InterruptedException: sleep interrupted
2019-10-18 19:57:47,955 [grpc-default-executor-6] INFO  impl.RoleInfo (RoleInfo.java:updateAndGet(143)) - d13c026a-6de7-468a-bcba-b5f9e5455386: start FollowerState
2019-10-18 19:57:47,985 [595ac112-eff6-4e35-b572-d6b1c4893b0f@group-7B64E6E68F81-LeaderElection47] INFO  impl.LeaderElection (LeaderElection.java:logAndReturn(56)) - 595ac112-eff6-4e35-b572-d6b1c4893b0f@group-7B64E6E68F81-LeaderElection47: Election REJECTED; received 2 response(s) [595ac112-eff6-4e35-b572-d6b1c4893b0f<-652c9eaa-759b-40b5-a420-e649d7d5dbbd#0:FAIL-t44, 595ac112-eff6-4e35-b572-d6b1c4893b0f<-d13c026a-6de7-468a-bcba-b5f9e5455386#0:FAIL-t44] and 0 exception(s); 595ac112-eff6-4e35-b572-d6b1c4893b0f@group-7B64E6E68F81:t44, leader=null, voted=595ac112-eff6-4e35-b572-d6b1c4893b0f, raftlog=595ac112-eff6-4e35-b572-d6b1c4893b0f@group-7B64E6E68F81-SegmentedRaftLog:OPENED:c3,f4,i4, conf=0: [652c9eaa-759b-40b5-a420-e649d7d5dbbd:192.168.34.13:44469, d13c026a-6de7-468a-bcba-b5f9e5455386:192.168.34.13:41921, 595ac112-eff6-4e35-b572-d6b1c4893b0f:192.168.34.13:37460], old=null
2019-10-18 19:57:47,985 [595ac112-eff6-4e35-b572-d6b1c4893b0f@group-7B64E6E68F81-LeaderElection47] INFO  impl.RaftServerImpl (RaftServerImpl.java:setRole(184)) - 595ac112-eff6-4e35-b572-d6b1c4893b0f@group-7B64E6E68F81: changes role from CANDIDATE to FOLLOWER at term 44 for DISCOVERED_A_NEW_TERM
2019-10-18 19:57:47,985 [595ac112-eff6-4e35-b572-d6b1c4893b0f@group-7B64E6E68F81-LeaderElection47] INFO  impl.RoleInfo (RoleInfo.java:shutdownLeaderElection(134)) - 595ac112-eff6-4e35-b572-d6b1c4893b0f: shutdown LeaderElection
2019-10-18 19:57:47,986 [595ac112-eff6-4e35-b572-d6b1c4893b0f@group-7B64E6E68F81-LeaderElection47] INFO  impl.RoleInfo (RoleInfo.java:updateAndGet(143)) - 595ac112-eff6-4e35-b572-d6b1c4893b0f: start FollowerState
2019-10-18 19:57:48,137 [Thread-886] INFO  impl.FollowerState (FollowerState.java:run(108)) - 595ac112-eff6-4e35-b572-d6b1c4893b0f@group-7B64E6E68F81-FollowerState: change to CANDIDATE, lastRpcTime:151ms, electionTimeout:151ms
2019-10-18 19:57:48,137 [Thread-886] INFO  impl.RoleInfo (RoleInfo.java:shutdownFollowerState(121)) - 595ac112-eff6-4e35-b572-d6b1c4893b0f: shutdown FollowerState
2019-10-18 19:57:48,137 [Thread-886] INFO  impl.RaftServerImpl (RaftServerImpl.java:setRole(184)) - 595ac112-eff6-4e35-b572-d6b1c4893b0f@group-7B64E6E68F81: changes role from  FOLLOWER to CANDIDATE at term 44 for changeToCandidate
2019-10-18 19:57:48,138 [Thread-886] INFO  impl.RoleInfo (RoleInfo.java:updateAndGet(143)) - 595ac112-eff6-4e35-b572-d6b1c4893b0f: start LeaderElection
2019-10-18 19:57:48,168 [595ac112-eff6-4e35-b572-d6b1c4893b0f@group-7B64E6E68F81-LeaderElection48] INFO  impl.LeaderElection (LeaderElection.java:askForVotes(178)) - 595ac112-eff6-4e35-b572-d6b1c4893b0f@group-7B64E6E68F81-LeaderElection48: begin an election at term 45 for 0: [652c9eaa-759b-40b5-a420-e649d7d5dbbd:192.168.34.13:44469, d13c026a-6de7-468a-bcba-b5f9e5455386:192.168.34.13:41921, 595ac112-eff6-4e35-b572-d6b1c4893b0f:192.168.34.13:37460], old=null
2019-10-18 19:57:48,170 [grpc-default-executor-6] INFO  impl.RaftServerImpl (RaftServerImpl.java:setRole(184)) - 652c9eaa-759b-40b5-a420-e649d7d5dbbd@group-7B64E6E68F81: changes role from  FOLLOWER to FOLLOWER at term 45 for recognizeCandidate:595ac112-eff6-4e35-b572-d6b1c4893b0f
2019-10-18 19:57:48,170 [grpc-default-executor-0] INFO  impl.RaftServerImpl (RaftServerImpl.java:setRole(184)) - d13c026a-6de7-468a-bcba-b5f9e5455386@group-7B64E6E68F81: changes role from  FOLLOWER to FOLLOWER at term 45 for recognizeCandidate:595ac112-eff6-4e35-b572-d6b1c4893b0f
2019-10-18 19:57:48,170 [grpc-default-executor-6] INFO  impl.RoleInfo (RoleInfo.java:shutdownFollowerState(121)) - 652c9eaa-759b-40b5-a420-e649d7d5dbbd: shutdown FollowerState
2019-10-18 19:57:48,171 [grpc-default-executor-0] INFO  impl.RoleInfo (RoleInfo.java:shutdownFollowerState(121)) - d13c026a-6de7-468a-bcba-b5f9e5455386: shutdown FollowerState
2019-10-18 19:57:48,171 [Thread-884] INFO  impl.FollowerState (FollowerState.java:run(117)) - 652c9eaa-759b-40b5-a420-e649d7d5dbbd@group-7B64E6E68F81-FollowerState was interrupted: java.lang.InterruptedException: sleep interrupted
2019-10-18 19:57:48,171 [grpc-default-executor-6] INFO  impl.RoleInfo (RoleInfo.java:updateAndGet(143)) - 652c9eaa-759b-40b5-a420-e649d7d5dbbd: start FollowerState
2019-10-18 19:57:48,171 [Thread-885] INFO  impl.FollowerState (FollowerState.java:run(117)) - d13c026a-6de7-468a-bcba-b5f9e5455386@group-7B64E6E68F81-FollowerState was interrupted: java.lang.InterruptedException: sleep interrupted
2019-10-18 19:57:48,171 [grpc-default-executor-0] INFO  impl.RoleInfo (RoleInfo.java:updateAndGet(143)) - d13c026a-6de7-468a-bcba-b5f9e5455386: start FollowerState
2019-10-18 19:57:48,195 [595ac112-eff6-4e35-b572-d6b1c4893b0f@group-7B64E6E68F81-LeaderElection48] INFO  impl.LeaderElection (LeaderElection.java:logAndReturn(56)) - 595ac112-eff6-4e35-b572-d6b1c4893b0f@group-7B64E6E68F81-LeaderElection48: Election REJECTED; received 2 response(s) [595ac112-eff6-4e35-b572-d6b1c4893b0f<-652c9eaa-759b-40b5-a420-e649d7d5dbbd#0:FAIL-t45, 595ac112-eff6-4e35-b572-d6b1c4893b0f<-d13c026a-6de7-468a-bcba-b5f9e5455386#0:FAIL-t45] and 0 exception(s); 595ac112-eff6-4e35-b572-d6b1c4893b0f@group-7B64E6E68F81:t45, leader=null, voted=595ac112-eff6-4e35-b572-d6b1c4893b0f, raftlog=595ac112-eff6-4e35-b572-d6b1c4893b0f@group-7B64E6E68F81-SegmentedRaftLog:OPENED:c3,f4,i4, conf=0: [652c9eaa-759b-40b5-a420-e649d7d5dbbd:192.168.34.13:44469, d13c026a-6de7-468a-bcba-b5f9e5455386:192.168.34.13:41921, 595ac112-eff6-4e35-b572-d6b1c4893b0f:192.168.34.13:37460], old=null
2019-10-18 19:57:48,195 [595ac112-eff6-4e35-b572-d6b1c4893b0f@group-7B64E6E68F81-LeaderElection48] INFO  impl.RaftServerImpl (RaftServerImpl.java:setRole(184)) - 595ac112-eff6-4e35-b572-d6b1c4893b0f@group-7B64E6E68F81: changes role from CANDIDATE to FOLLOWER at term 45 for DISCOVERED_A_NEW_TERM
2019-10-18 19:57:48,195 [595ac112-eff6-4e35-b572-d6b1c4893b0f@group-7B64E6E68F81-LeaderElection48] INFO  impl.RoleInfo (RoleInfo.java:shutdownLeaderElection(134)) - 595ac112-eff6-4e35-b572-d6b1c4893b0f: shutdown LeaderElection
2019-10-18 19:57:48,196 [595ac112-eff6-4e35-b572-d6b1c4893b0f@group-7B64E6E68F81-LeaderElection48] INFO  impl.RoleInfo (RoleInfo.java:updateAndGet(143)) - 595ac112-eff6-4e35-b572-d6b1c4893b0f: start FollowerState
2019-10-18 19:57:48,210 [Thread-892] INFO  impl.FollowerState (FollowerState.java:run(108)) - 595ac112-eff6-4e35-b572-d6b1c4893b0f@group-7B64E6E68F81-FollowerState: change to CANDIDATE, lastRpcTime:14ms, electionTimeout:14ms
2019-10-18 19:57:48,210 [Thread-892] INFO  impl.RoleInfo (RoleInfo.java:shutdownFollowerState(121)) - 595ac112-eff6-4e35-b572-d6b1c4893b0f: shutdown FollowerState
2019-10-18 19:57:48,210 [Thread-892] INFO  impl.RaftServerImpl (RaftServerImpl.java:setRole(184)) - 595ac112-eff6-4e35-b572-d6b1c4893b0f@group-7B64E6E68F81: changes role from  FOLLOWER to CANDIDATE at term 45 for changeToCandidate
2019-10-18 19:57:48,210 [Thread-892] INFO  impl.RoleInfo (RoleInfo.java:updateAndGet(143)) - 595ac112-eff6-4e35-b572-d6b1c4893b0f: start LeaderElection
2019-10-18 19:57:48,236 [595ac112-eff6-4e35-b572-d6b1c4893b0f@group-7B64E6E68F81-LeaderElection49] INFO  impl.LeaderElection (LeaderElection.java:askForVotes(178)) - 595ac112-eff6-4e35-b572-d6b1c4893b0f@group-7B64E6E68F81-LeaderElection49: begin an election at term 46 for 0: [652c9eaa-759b-40b5-a420-e649d7d5dbbd:192.168.34.13:44469, d13c026a-6de7-468a-bcba-b5f9e5455386:192.168.34.13:41921, 595ac112-eff6-4e35-b572-d6b1c4893b0f:192.168.34.13:37460], old=null
2019-10-18 19:57:48,244 [grpc-default-executor-0] INFO  impl.RaftServerImpl (RaftServerImpl.java:setRole(184)) - 652c9eaa-759b-40b5-a420-e649d7d5dbbd@group-7B64E6E68F81: changes role from  FOLLOWER to FOLLOWER at term 46 for recognizeCandidate:595ac112-eff6-4e35-b572-d6b1c4893b0f
2019-10-18 19:57:48,244 [grpc-default-executor-6] INFO  impl.RaftServerImpl (RaftServerImpl.java:setRole(184)) - d13c026a-6de7-468a-bcba-b5f9e5455386@group-7B64E6E68F81: changes role from  FOLLOWER to FOLLOWER at term 46 for recognizeCandidate:595ac112-eff6-4e35-b572-d6b1c4893b0f
2019-10-18 19:57:48,244 [grpc-default-executor-0] INFO  impl.RoleInfo (RoleInfo.java:shutdownFollowerState(121)) - 652c9eaa-759b-40b5-a420-e649d7d5dbbd: shutdown FollowerState
2019-10-18 19:57:48,244 [grpc-default-executor-6] INFO  impl.RoleInfo (RoleInfo.java:shutdownFollowerState(121)) - d13c026a-6de7-468a-bcba-b5f9e5455386: shutdown FollowerState
2019-10-18 19:57:48,245 [grpc-default-executor-0] INFO  impl.RoleInfo (RoleInfo.java:updateAndGet(143)) - 652c9eaa-759b-40b5-a420-e649d7d5dbbd: start FollowerState
2019-10-18 19:57:48,245 [Thread-890] INFO  impl.FollowerState (FollowerState.java:run(117)) - 652c9eaa-759b-40b5-a420-e649d7d5dbbd@group-7B64E6E68F81-FollowerState was interrupted: java.lang.InterruptedException: sleep interrupted
2019-10-18 19:57:48,245 [Thread-891] INFO  impl.FollowerState (FollowerState.java:run(117)) - d13c026a-6de7-468a-bcba-b5f9e5455386@group-7B64E6E68F81-FollowerState was interrupted: java.lang.InterruptedException: sleep interrupted
2019-10-18 19:57:48,245 [grpc-default-executor-6] INFO  impl.RoleInfo (RoleInfo.java:updateAndGet(143)) - d13c026a-6de7-468a-bcba-b5f9e5455386: start FollowerState
2019-10-18 19:57:48,271 [595ac112-eff6-4e35-b572-d6b1c4893b0f@group-7B64E6E68F81-LeaderElection49] INFO  impl.LeaderElection (LeaderElection.java:logAndReturn(56)) - 595ac112-eff6-4e35-b572-d6b1c4893b0f@group-7B64E6E68F81-LeaderElection49: Election REJECTED; received 2 response(s) [595ac112-eff6-4e35-b572-d6b1c4893b0f<-652c9eaa-759b-40b5-a420-e649d7d5dbbd#0:FAIL-t46, 595ac112-eff6-4e35-b572-d6b1c4893b0f<-d13c026a-6de7-468a-bcba-b5f9e5455386#0:FAIL-t46] and 0 exception(s); 595ac112-eff6-4e35-b572-d6b1c4893b0f@group-7B64E6E68F81:t46, leader=null, voted=595ac112-eff6-4e35-b572-d6b1c4893b0f, raftlog=595ac112-eff6-4e35-b572-d6b1c4893b0f@group-7B64E6E68F81-SegmentedRaftLog:OPENED:c3,f4,i4, conf=0: [652c9eaa-759b-40b5-a420-e649d7d5dbbd:192.168.34.13:44469, d13c026a-6de7-468a-bcba-b5f9e5455386:192.168.34.13:41921, 595ac112-eff6-4e35-b572-d6b1c4893b0f:192.168.34.13:37460], old=null
2019-10-18 19:57:48,271 [595ac112-eff6-4e35-b572-d6b1c4893b0f@group-7B64E6E68F81-LeaderElection49] INFO  impl.RaftServerImpl (RaftServerImpl.java:setRole(184)) - 595ac112-eff6-4e35-b572-d6b1c4893b0f@group-7B64E6E68F81: changes role from CANDIDATE to FOLLOWER at term 46 for DISCOVERED_A_NEW_TERM
2019-10-18 19:57:48,271 [595ac112-eff6-4e35-b572-d6b1c4893b0f@group-7B64E6E68F81-LeaderElection49] INFO  impl.RoleInfo (RoleInfo.java:shutdownLeaderElection(134)) - 595ac112-eff6-4e35-b572-d6b1c4893b0f: shutdown LeaderElection
2019-10-18 19:57:48,271 [595ac112-eff6-4e35-b572-d6b1c4893b0f@group-7B64E6E68F81-LeaderElection49] INFO  impl.RoleInfo (RoleInfo.java:updateAndGet(143)) - 595ac112-eff6-4e35-b572-d6b1c4893b0f: start FollowerState
2019-10-18 19:57:48,326 [Thread-898] INFO  impl.FollowerState (FollowerState.java:run(108)) - 595ac112-eff6-4e35-b572-d6b1c4893b0f@group-7B64E6E68F81-FollowerState: change to CANDIDATE, lastRpcTime:54ms, electionTimeout:54ms
2019-10-18 19:57:48,326 [Thread-898] INFO  impl.RoleInfo (RoleInfo.java:shutdownFollowerState(121)) - 595ac112-eff6-4e35-b572-d6b1c4893b0f: shutdown FollowerState
2019-10-18 19:57:48,326 [Thread-898] INFO  impl.RaftServerImpl (RaftServerImpl.java:setRole(184)) - 595ac112-eff6-4e35-b572-d6b1c4893b0f@group-7B64E6E68F81: changes role from  FOLLOWER to CANDIDATE at term 46 for changeToCandidate
2019-10-18 19:57:48,327 [Thread-898] INFO  impl.RoleInfo (RoleInfo.java:updateAndGet(143)) - 595ac112-eff6-4e35-b572-d6b1c4893b0f: start LeaderElection
2019-10-18 19:57:48,353 [595ac112-eff6-4e35-b572-d6b1c4893b0f@group-7B64E6E68F81-LeaderElection50] INFO  impl.LeaderElection (LeaderElection.java:askForVotes(178)) - 595ac112-eff6-4e35-b572-d6b1c4893b0f@group-7B64E6E68F81-LeaderElection50: begin an election at term 47 for 0: [652c9eaa-759b-40b5-a420-e649d7d5dbbd:192.168.34.13:44469, d13c026a-6de7-468a-bcba-b5f9e5455386:192.168.34.13:41921, 595ac112-eff6-4e35-b572-d6b1c4893b0f:192.168.34.13:37460], old=null
2019-10-18 19:57:48,356 [grpc-default-executor-0] INFO  impl.RaftServerImpl (RaftServerImpl.java:setRole(184)) - 652c9eaa-759b-40b5-a420-e649d7d5dbbd@group-7B64E6E68F81: changes role from  FOLLOWER to FOLLOWER at term 47 for recognizeCandidate:595ac112-eff6-4e35-b572-d6b1c4893b0f
2019-10-18 19:57:48,356 [grpc-default-executor-6] INFO  impl.RaftServerImpl (RaftServerImpl.java:setRole(184)) - d13c026a-6de7-468a-bcba-b5f9e5455386@group-7B64E6E68F81: changes role from  FOLLOWER to FOLLOWER at term 47 for recognizeCandidate:595ac112-eff6-4e35-b572-d6b1c4893b0f
2019-10-18 19:57:48,357 [grpc-default-executor-0] INFO  impl.RoleInfo (RoleInfo.java:shutdownFollowerState(121)) - 652c9eaa-759b-40b5-a420-e649d7d5dbbd: shutdown FollowerState
2019-10-18 19:57:48,357 [grpc-default-executor-6] INFO  impl.RoleInfo (RoleInfo.java:shutdownFollowerState(121)) - d13c026a-6de7-468a-bcba-b5f9e5455386: shutdown FollowerState
2019-10-18 19:57:48,357 [grpc-default-executor-0] INFO  impl.RoleInfo (RoleInfo.java:updateAndGet(143)) - 652c9eaa-759b-40b5-a420-e649d7d5dbbd: start FollowerState
2019-10-18 19:57:48,357 [Thread-896] INFO  impl.FollowerState (FollowerState.java:run(117)) - 652c9eaa-759b-40b5-a420-e649d7d5dbbd@group-7B64E6E68F81-FollowerState was interrupted: java.lang.InterruptedException: sleep interrupted
2019-10-18 19:57:48,357 [Thread-897] INFO  impl.FollowerState (FollowerState.java:run(117)) - d13c026a-6de7-468a-bcba-b5f9e5455386@group-7B64E6E68F81-FollowerState was interrupted: java.lang.InterruptedException: sleep interrupted
2019-10-18 19:57:48,357 [grpc-default-executor-6] INFO  impl.RoleInfo (RoleInfo.java:updateAndGet(143)) - d13c026a-6de7-468a-bcba-b5f9e5455386: start FollowerState
2019-10-18 19:57:48,372 [595ac112-eff6-4e35-b572-d6b1c4893b0f@group-7B64E6E68F81-LeaderElection50] INFO  impl.LeaderElection (LeaderElection.java:logAndReturn(56)) - 595ac112-eff6-4e35-b572-d6b1c4893b0f@group-7B64E6E68F81-LeaderElection50: Election REJECTED; received 2 response(s) [595ac112-eff6-4e35-b572-d6b1c4893b0f<-652c9eaa-759b-40b5-a420-e649d7d5dbbd#0:FAIL-t47, 595ac112-eff6-4e35-b572-d6b1c4893b0f<-d13c026a-6de7-468a-bcba-b5f9e5455386#0:FAIL-t47] and 0 exception(s); 595ac112-eff6-4e35-b572-d6b1c4893b0f@group-7B64E6E68F81:t47, leader=null, voted=595ac112-eff6-4e35-b572-d6b1c4893b0f, raftlog=595ac112-eff6-4e35-b572-d6b1c4893b0f@group-7B64E6E68F81-SegmentedRaftLog:OPENED:c3,f4,i4, conf=0: [652c9eaa-759b-40b5-a420-e649d7d5dbbd:192.168.34.13:44469, d13c026a-6de7-468a-bcba-b5f9e5455386:192.168.34.13:41921, 595ac112-eff6-4e35-b572-d6b1c4893b0f:192.168.34.13:37460], old=null
2019-10-18 19:57:48,372 [595ac112-eff6-4e35-b572-d6b1c4893b0f@group-7B64E6E68F81-LeaderElection50] INFO  impl.RaftServerImpl (RaftServerImpl.java:setRole(184)) - 595ac112-eff6-4e35-b572-d6b1c4893b0f@group-7B64E6E68F81: changes role from CANDIDATE to FOLLOWER at term 47 for DISCOVERED_A_NEW_TERM
2019-10-18 19:57:48,372 [595ac112-eff6-4e35-b572-d6b1c4893b0f@group-7B64E6E68F81-LeaderElection50] INFO  impl.RoleInfo (RoleInfo.java:shutdownLeaderElection(134)) - 595ac112-eff6-4e35-b572-d6b1c4893b0f: shutdown LeaderElection
2019-10-18 19:57:48,372 [595ac112-eff6-4e35-b572-d6b1c4893b0f@group-7B64E6E68F81-LeaderElection50] INFO  impl.RoleInfo (RoleInfo.java:updateAndGet(143)) - 595ac112-eff6-4e35-b572-d6b1c4893b0f: start FollowerState
2019-10-18 19:57:48,546 [Thread-905] INFO  impl.FollowerState (FollowerState.java:run(108)) - 595ac112-eff6-4e35-b572-d6b1c4893b0f@group-7B64E6E68F81-FollowerState: change to CANDIDATE, lastRpcTime:173ms, electionTimeout:173ms
2019-10-18 19:57:48,546 [Thread-905] INFO  impl.RoleInfo (RoleInfo.java:shutdownFollowerState(121)) - 595ac112-eff6-4e35-b572-d6b1c4893b0f: shutdown FollowerState
2019-10-18 19:57:48,546 [Thread-905] INFO  impl.RaftServerImpl (RaftServerImpl.java:setRole(184)) - 595ac112-eff6-4e35-b572-d6b1c4893b0f@group-7B64E6E68F81: changes role from  FOLLOWER to CANDIDATE at term 47 for changeToCandidate
2019-10-18 19:57:48,546 [Thread-905] INFO  impl.RoleInfo (RoleInfo.java:updateAndGet(143)) - 595ac112-eff6-4e35-b572-d6b1c4893b0f: start LeaderElection
2019-10-18 19:57:48,571 [595ac112-eff6-4e35-b572-d6b1c4893b0f@group-7B64E6E68F81-LeaderElection51] INFO  impl.LeaderElection (LeaderElection.java:askForVotes(178)) - 595ac112-eff6-4e35-b572-d6b1c4893b0f@group-7B64E6E68F81-LeaderElection51: begin an election at term 48 for 0: [652c9eaa-759b-40b5-a420-e649d7d5dbbd:192.168.34.13:44469, d13c026a-6de7-468a-bcba-b5f9e5455386:192.168.34.13:41921, 595ac112-eff6-4e35-b572-d6b1c4893b0f:192.168.34.13:37460], old=null
2019-10-18 19:57:48,573 [grpc-default-executor-0] INFO  impl.RaftServerImpl (RaftServerImpl.java:setRole(184)) - d13c026a-6de7-468a-bcba-b5f9e5455386@group-7B64E6E68F81: changes role from  FOLLOWER to FOLLOWER at term 48 for recognizeCandidate:595ac112-eff6-4e35-b572-d6b1c4893b0f
2019-10-18 19:57:48,573 [grpc-default-executor-6] INFO  impl.RaftServerImpl (RaftServerImpl.java:setRole(184)) - 652c9eaa-759b-40b5-a420-e649d7d5dbbd@group-7B64E6E68F81: changes role from  FOLLOWER to FOLLOWER at term 48 for recognizeCandidate:595ac112-eff6-4e35-b572-d6b1c4893b0f
2019-10-18 19:57:48,573 [grpc-default-executor-0] INFO  impl.RoleInfo (RoleInfo.java:shutdownFollowerState(121)) - d13c026a-6de7-468a-bcba-b5f9e5455386: shutdown FollowerState
2019-10-18 19:57:48,574 [grpc-default-executor-6] INFO  impl.RoleInfo (RoleInfo.java:shutdownFollowerState(121)) - 652c9eaa-759b-40b5-a420-e649d7d5dbbd: shutdown FollowerState
2019-10-18 19:57:48,574 [Thread-904] INFO  impl.FollowerState (FollowerState.java:run(117)) - d13c026a-6de7-468a-bcba-b5f9e5455386@group-7B64E6E68F81-FollowerState was interrupted: java.lang.InterruptedException: sleep interrupted
2019-10-18 19:57:48,574 [grpc-default-executor-0] INFO  impl.RoleInfo (RoleInfo.java:updateAndGet(143)) - d13c026a-6de7-468a-bcba-b5f9e5455386: start FollowerState
2019-10-18 19:57:48,574 [Thread-903] INFO  impl.FollowerState (FollowerState.java:run(117)) - 652c9eaa-759b-40b5-a420-e649d7d5dbbd@group-7B64E6E68F81-FollowerState was interrupted: java.lang.InterruptedException: sleep interrupted
2019-10-18 19:57:48,574 [grpc-default-executor-6] INFO  impl.RoleInfo (RoleInfo.java:updateAndGet(143)) - 652c9eaa-759b-40b5-a420-e649d7d5dbbd: start FollowerState
2019-10-18 19:57:48,585 [595ac112-eff6-4e35-b572-d6b1c4893b0f@group-7B64E6E68F81-LeaderElection51] INFO  impl.LeaderElection (LeaderElection.java:logAndReturn(56)) - 595ac112-eff6-4e35-b572-d6b1c4893b0f@group-7B64E6E68F81-LeaderElection51: Election TIMEOUT; received 0 response(s) [] and 0 exception(s); 595ac112-eff6-4e35-b572-d6b1c4893b0f@group-7B64E6E68F81:t48, leader=null, voted=595ac112-eff6-4e35-b572-d6b1c4893b0f, raftlog=595ac112-eff6-4e35-b572-d6b1c4893b0f@group-7B64E6E68F81-SegmentedRaftLog:OPENED:c3,f4,i4, conf=0: [652c9eaa-759b-40b5-a420-e649d7d5dbbd:192.168.34.13:44469, d13c026a-6de7-468a-bcba-b5f9e5455386:192.168.34.13:41921, 595ac112-eff6-4e35-b572-d6b1c4893b0f:192.168.34.13:37460], old=null
2019-10-18 19:57:48,621 [595ac112-eff6-4e35-b572-d6b1c4893b0f@group-7B64E6E68F81-LeaderElection51] INFO  impl.LeaderElection (LeaderElection.java:askForVotes(178)) - 595ac112-eff6-4e35-b572-d6b1c4893b0f@group-7B64E6E68F81-LeaderElection51: begin an election at term 49 for 0: [652c9eaa-759b-40b5-a420-e649d7d5dbbd:192.168.34.13:44469, d13c026a-6de7-468a-bcba-b5f9e5455386:192.168.34.13:41921, 595ac112-eff6-4e35-b572-d6b1c4893b0f:192.168.34.13:37460], old=null
2019-10-18 19:57:48,623 [grpc-default-executor-0] INFO  impl.RaftServerImpl (RaftServerImpl.java:setRole(184)) - 652c9eaa-759b-40b5-a420-e649d7d5dbbd@group-7B64E6E68F81: changes role from  FOLLOWER to FOLLOWER at term 49 for recognizeCandidate:595ac112-eff6-4e35-b572-d6b1c4893b0f
2019-10-18 19:57:48,623 [grpc-default-executor-0] INFO  impl.RoleInfo (RoleInfo.java:shutdownFollowerState(121)) - 652c9eaa-759b-40b5-a420-e649d7d5dbbd: shutdown FollowerState
2019-10-18 19:57:48,624 [grpc-default-executor-0] INFO  impl.RoleInfo (RoleInfo.java:updateAndGet(143)) - 652c9eaa-759b-40b5-a420-e649d7d5dbbd: start FollowerState
2019-10-18 19:57:48,624 [Thread-912] INFO  impl.FollowerState (FollowerState.java:run(117)) - 652c9eaa-759b-40b5-a420-e649d7d5dbbd@group-7B64E6E68F81-FollowerState was interrupted: java.lang.InterruptedException: sleep interrupted
2019-10-18 19:57:48,624 [grpc-default-executor-6] INFO  impl.RaftServerImpl (RaftServerImpl.java:setRole(184)) - d13c026a-6de7-468a-bcba-b5f9e5455386@group-7B64E6E68F81: changes role from  FOLLOWER to FOLLOWER at term 49 for recognizeCandidate:595ac112-eff6-4e35-b572-d6b1c4893b0f
2019-10-18 19:57:48,624 [grpc-default-executor-6] INFO  impl.RoleInfo (RoleInfo.java:shutdownFollowerState(121)) - d13c026a-6de7-468a-bcba-b5f9e5455386: shutdown FollowerState
2019-10-18 19:57:48,624 [grpc-default-executor-6] INFO  impl.RoleInfo (RoleInfo.java:updateAndGet(143)) - d13c026a-6de7-468a-bcba-b5f9e5455386: start FollowerState
2019-10-18 19:57:48,624 [Thread-911] INFO  impl.FollowerState (FollowerState.java:run(117)) - d13c026a-6de7-468a-bcba-b5f9e5455386@group-7B64E6E68F81-FollowerState was interrupted: java.lang.InterruptedException: sleep interrupted
2019-10-18 19:57:48,648 [595ac112-eff6-4e35-b572-d6b1c4893b0f@group-7B64E6E68F81-LeaderElection51] INFO  impl.LeaderElection (LeaderElection.java:logAndReturn(56)) - 595ac112-eff6-4e35-b572-d6b1c4893b0f@group-7B64E6E68F81-LeaderElection51: Election REJECTED; received 2 response(s) [595ac112-eff6-4e35-b572-d6b1c4893b0f<-652c9eaa-759b-40b5-a420-e649d7d5dbbd#0:FAIL-t49, 595ac112-eff6-4e35-b572-d6b1c4893b0f<-d13c026a-6de7-468a-bcba-b5f9e5455386#0:FAIL-t49] and 0 exception(s); 595ac112-eff6-4e35-b572-d6b1c4893b0f@group-7B64E6E68F81:t49, leader=null, voted=595ac112-eff6-4e35-b572-d6b1c4893b0f, raftlog=595ac112-eff6-4e35-b572-d6b1c4893b0f@group-7B64E6E68F81-SegmentedRaftLog:OPENED:c3,f4,i4, conf=0: [652c9eaa-759b-40b5-a420-e649d7d5dbbd:192.168.34.13:44469, d13c026a-6de7-468a-bcba-b5f9e5455386:192.168.34.13:41921, 595ac112-eff6-4e35-b572-d6b1c4893b0f:192.168.34.13:37460], old=null
2019-10-18 19:57:48,648 [595ac112-eff6-4e35-b572-d6b1c4893b0f@group-7B64E6E68F81-LeaderElection51] INFO  impl.RaftServerImpl (RaftServerImpl.java:setRole(184)) - 595ac112-eff6-4e35-b572-d6b1c4893b0f@group-7B64E6E68F81: changes role from CANDIDATE to FOLLOWER at term 49 for DISCOVERED_A_NEW_TERM
2019-10-18 19:57:48,648 [595ac112-eff6-4e35-b572-d6b1c4893b0f@group-7B64E6E68F81-LeaderElection51] INFO  impl.RoleInfo (RoleInfo.java:shutdownLeaderElection(134)) - 595ac112-eff6-4e35-b572-d6b1c4893b0f: shutdown LeaderElection
2019-10-18 19:57:48,648 [595ac112-eff6-4e35-b572-d6b1c4893b0f@group-7B64E6E68F81-LeaderElection51] INFO  impl.RoleInfo (RoleInfo.java:updateAndGet(143)) - 595ac112-eff6-4e35-b572-d6b1c4893b0f: start FollowerState
2019-10-18 19:57:48,717 [BlockDeletingService#2] WARN  background.BlockDeletingService (BlockDeletingService.java:isDeletionAllowed(187)) - Close Container log Index 6 is not replicated across allthe servers in the pipeline 11bb0cf2-26ce-4402-a950-7b64e6e68f81 as the min replicated index is 4. Deletion is not allowed in this container yet.
2019-10-18 19:57:48,717 [BlockDeletingService#2] WARN  background.BlockDeletingService (BlockDeletingService.java:isDeletionAllowed(187)) - Close Container log Index 6 is not replicated across allthe servers in the pipeline 11bb0cf2-26ce-4402-a950-7b64e6e68f81 as the min replicated index is 4. Deletion is not allowed in this container yet.
2019-10-18 19:57:48,750 [Thread-921] INFO  client.GrpcClientProtocolService (GrpcClientProtocolService.java:lambda$processClientRequest$0(278)) - Failed RaftClientRequest:client-B973F343C649->d13c026a-6de7-468a-bcba-b5f9e5455386@group-7B64E6E68F81, cid=10, seq=0, Watch-ALL_COMMITTED(6), Message:<EMPTY>, reply=RaftClientReply:client-B973F343C649->d13c026a-6de7-468a-bcba-b5f9e5455386@group-7B64E6E68F81, cid=10, FAILED org.apache.ratis.protocol.NotLeaderException: Server d13c026a-6de7-468a-bcba-b5f9e5455386@group-7B64E6E68F81 is not the leader, logIndex=0, commits[d13c026a-6de7-468a-bcba-b5f9e5455386:c10, 652c9eaa-759b-40b5-a420-e649d7d5dbbd:c10, 595ac112-eff6-4e35-b572-d6b1c4893b0f:c4]
2019-10-18 19:57:48,826 [Thread-917] INFO  impl.FollowerState (FollowerState.java:run(108)) - 595ac112-eff6-4e35-b572-d6b1c4893b0f@group-7B64E6E68F81-FollowerState: change to CANDIDATE, lastRpcTime:178ms, electionTimeout:178ms
2019-10-18 19:57:48,827 [Thread-917] INFO  impl.RoleInfo (RoleInfo.java:shutdownFollowerState(121)) - 595ac112-eff6-4e35-b572-d6b1c4893b0f: shutdown FollowerState
2019-10-18 19:57:48,827 [Thread-917] INFO  impl.RaftServerImpl (RaftServerImpl.java:setRole(184)) - 595ac112-eff6-4e35-b572-d6b1c4893b0f@group-7B64E6E68F81: changes role from  FOLLOWER to CANDIDATE at term 49 for changeToCandidate
2019-10-18 19:57:48,827 [Thread-917] INFO  impl.RoleInfo (RoleInfo.java:updateAndGet(143)) - 595ac112-eff6-4e35-b572-d6b1c4893b0f: start LeaderElection
2019-10-18 19:57:48,850 [595ac112-eff6-4e35-b572-d6b1c4893b0f@group-7B64E6E68F81-LeaderElection52] INFO  impl.LeaderElection (LeaderElection.java:askForVotes(178)) - 595ac112-eff6-4e35-b572-d6b1c4893b0f@group-7B64E6E68F81-LeaderElection52: begin an election at term 50 for 0: [652c9eaa-759b-40b5-a420-e649d7d5dbbd:192.168.34.13:44469, d13c026a-6de7-468a-bcba-b5f9e5455386:192.168.34.13:41921, 595ac112-eff6-4e35-b572-d6b1c4893b0f:192.168.34.13:37460], old=null
2019-10-18 19:57:48,853 [grpc-default-executor-0] INFO  impl.RaftServerImpl (RaftServerImpl.java:setRole(184)) - 652c9eaa-759b-40b5-a420-e649d7d5dbbd@group-7B64E6E68F81: changes role from  FOLLOWER to FOLLOWER at term 50 for recognizeCandidate:595ac112-eff6-4e35-b572-d6b1c4893b0f
2019-10-18 19:57:48,853 [grpc-default-executor-6] INFO  impl.RaftServerImpl (RaftServerImpl.java:setRole(184)) - d13c026a-6de7-468a-bcba-b5f9e5455386@group-7B64E6E68F81: changes role from  FOLLOWER to FOLLOWER at term 50 for recognizeCandidate:595ac112-eff6-4e35-b572-d6b1c4893b0f
2019-10-18 19:57:48,853 [grpc-default-executor-0] INFO  impl.RoleInfo (RoleInfo.java:shutdownFollowerState(121)) - 652c9eaa-759b-40b5-a420-e649d7d5dbbd: shutdown FollowerState
2019-10-18 19:57:48,854 [grpc-default-executor-6] INFO  impl.RoleInfo (RoleInfo.java:shutdownFollowerState(121)) - d13c026a-6de7-468a-bcba-b5f9e5455386: shutdown FollowerState
2019-10-18 19:57:48,854 [grpc-default-executor-0] INFO  impl.RoleInfo (RoleInfo.java:updateAndGet(143)) - 652c9eaa-759b-40b5-a420-e649d7d5dbbd: start FollowerState
2019-10-18 19:57:48,854 [Thread-915] INFO  impl.FollowerState (FollowerState.java:run(117)) - 652c9eaa-759b-40b5-a420-e649d7d5dbbd@group-7B64E6E68F81-FollowerState was interrupted: java.lang.InterruptedException: sleep interrupted
2019-10-18 19:57:48,854 [grpc-default-executor-6] INFO  impl.RoleInfo (RoleInfo.java:updateAndGet(143)) - d13c026a-6de7-468a-bcba-b5f9e5455386: start FollowerState
2019-10-18 19:57:48,854 [Thread-916] INFO  impl.FollowerState (FollowerState.java:run(117)) - d13c026a-6de7-468a-bcba-b5f9e5455386@group-7B64E6E68F81-FollowerState was interrupted: java.lang.InterruptedException: sleep interrupted
2019-10-18 19:57:48,874 [595ac112-eff6-4e35-b572-d6b1c4893b0f@group-7B64E6E68F81-LeaderElection52] INFO  impl.LeaderElection (LeaderElection.java:logAndReturn(56)) - 595ac112-eff6-4e35-b572-d6b1c4893b0f@group-7B64E6E68F81-LeaderElection52: Election REJECTED; received 2 response(s) [595ac112-eff6-4e35-b572-d6b1c4893b0f<-652c9eaa-759b-40b5-a420-e649d7d5dbbd#0:FAIL-t50, 595ac112-eff6-4e35-b572-d6b1c4893b0f<-d13c026a-6de7-468a-bcba-b5f9e5455386#0:FAIL-t50] and 0 exception(s); 595ac112-eff6-4e35-b572-d6b1c4893b0f@group-7B64E6E68F81:t50, leader=null, voted=595ac112-eff6-4e35-b572-d6b1c4893b0f, raftlog=595ac112-eff6-4e35-b572-d6b1c4893b0f@group-7B64E6E68F81-SegmentedRaftLog:OPENED:c3,f4,i4, conf=0: [652c9eaa-759b-40b5-a420-e649d7d5dbbd:192.168.34.13:44469, d13c026a-6de7-468a-bcba-b5f9e5455386:192.168.34.13:41921, 595ac112-eff6-4e35-b572-d6b1c4893b0f:192.168.34.13:37460], old=null
2019-10-18 19:57:48,874 [595ac112-eff6-4e35-b572-d6b1c4893b0f@group-7B64E6E68F81-LeaderElection52] INFO  impl.RaftServerImpl (RaftServerImpl.java:setRole(184)) - 595ac112-eff6-4e35-b572-d6b1c4893b0f@group-7B64E6E68F81: changes role from CANDIDATE to FOLLOWER at term 50 for DISCOVERED_A_NEW_TERM
2019-10-18 19:57:48,874 [595ac112-eff6-4e35-b572-d6b1c4893b0f@group-7B64E6E68F81-LeaderElection52] INFO  impl.RoleInfo (RoleInfo.java:shutdownLeaderElection(134)) - 595ac112-eff6-4e35-b572-d6b1c4893b0f: shutdown LeaderElection
2019-10-18 19:57:48,875 [595ac112-eff6-4e35-b572-d6b1c4893b0f@group-7B64E6E68F81-LeaderElection52] INFO  impl.RoleInfo (RoleInfo.java:updateAndGet(143)) - 595ac112-eff6-4e35-b572-d6b1c4893b0f: start FollowerState
2019-10-18 19:57:49,031 [Thread-928] INFO  impl.FollowerState (FollowerState.java:run(108)) - 595ac112-eff6-4e35-b572-d6b1c4893b0f@group-7B64E6E68F81-FollowerState: change to CANDIDATE, lastRpcTime:156ms, electionTimeout:156ms
2019-10-18 19:57:49,032 [Thread-928] INFO  impl.RoleInfo (RoleInfo.java:shutdownFollowerState(121)) - 595ac112-eff6-4e35-b572-d6b1c4893b0f: shutdown FollowerState
2019-10-18 19:57:49,032 [Thread-928] INFO  impl.RaftServerImpl (RaftServerImpl.java:setRole(184)) - 595ac112-eff6-4e35-b572-d6b1c4893b0f@group-7B64E6E68F81: changes role from  FOLLOWER to CANDIDATE at term 50 for changeToCandidate
2019-10-18 19:57:49,032 [Thread-928] INFO  impl.RoleInfo (RoleInfo.java:updateAndGet(143)) - 595ac112-eff6-4e35-b572-d6b1c4893b0f: start LeaderElection
2019-10-18 19:57:49,056 [595ac112-eff6-4e35-b572-d6b1c4893b0f@group-7B64E6E68F81-LeaderElection53] INFO  impl.LeaderElection (LeaderElection.java:askForVotes(178)) - 595ac112-eff6-4e35-b572-d6b1c4893b0f@group-7B64E6E68F81-LeaderElection53: begin an election at term 51 for 0: [652c9eaa-759b-40b5-a420-e649d7d5dbbd:192.168.34.13:44469, d13c026a-6de7-468a-bcba-b5f9e5455386:192.168.34.13:41921, 595ac112-eff6-4e35-b572-d6b1c4893b0f:192.168.34.13:37460], old=null
2019-10-18 19:57:49,059 [grpc-default-executor-6] INFO  impl.RaftServerImpl (RaftServerImpl.java:setRole(184)) - 652c9eaa-759b-40b5-a420-e649d7d5dbbd@group-7B64E6E68F81: changes role from  FOLLOWER to FOLLOWER at term 51 for recognizeCandidate:595ac112-eff6-4e35-b572-d6b1c4893b0f
2019-10-18 19:57:49,059 [grpc-default-executor-0] INFO  impl.RaftServerImpl (RaftServerImpl.java:setRole(184)) - d13c026a-6de7-468a-bcba-b5f9e5455386@group-7B64E6E68F81: changes role from  FOLLOWER to FOLLOWER at term 51 for recognizeCandidate:595ac112-eff6-4e35-b572-d6b1c4893b0f
2019-10-18 19:57:49,059 [grpc-default-executor-6] INFO  impl.RoleInfo (RoleInfo.java:shutdownFollowerState(121)) - 652c9eaa-759b-40b5-a420-e649d7d5dbbd: shutdown FollowerState
2019-10-18 19:57:49,059 [grpc-default-executor-0] INFO  impl.RoleInfo (RoleInfo.java:shutdownFollowerState(121)) - d13c026a-6de7-468a-bcba-b5f9e5455386: shutdown FollowerState
2019-10-18 19:57:49,059 [Thread-926] INFO  impl.FollowerState (FollowerState.java:run(117)) - 652c9eaa-759b-40b5-a420-e649d7d5dbbd@group-7B64E6E68F81-FollowerState was interrupted: java.lang.InterruptedException: sleep interrupted
2019-10-18 19:57:49,059 [grpc-default-executor-6] INFO  impl.RoleInfo (RoleInfo.java:updateAndGet(143)) - 652c9eaa-759b-40b5-a420-e649d7d5dbbd: start FollowerState
2019-10-18 19:57:49,059 [Thread-927] INFO  impl.FollowerState (FollowerState.java:run(117)) - d13c026a-6de7-468a-bcba-b5f9e5455386@group-7B64E6E68F81-FollowerState was interrupted: java.lang.InterruptedException: sleep interrupted
2019-10-18 19:57:49,059 [grpc-default-executor-0] INFO  impl.RoleInfo (RoleInfo.java:updateAndGet(143)) - d13c026a-6de7-468a-bcba-b5f9e5455386: start FollowerState
2019-10-18 19:57:49,092 [595ac112-eff6-4e35-b572-d6b1c4893b0f@group-7B64E6E68F81-LeaderElection53] INFO  impl.LeaderElection (LeaderElection.java:logAndReturn(56)) - 595ac112-eff6-4e35-b572-d6b1c4893b0f@group-7B64E6E68F81-LeaderElection53: Election REJECTED; received 2 response(s) [595ac112-eff6-4e35-b572-d6b1c4893b0f<-652c9eaa-759b-40b5-a420-e649d7d5dbbd#0:FAIL-t51, 595ac112-eff6-4e35-b572-d6b1c4893b0f<-d13c026a-6de7-468a-bcba-b5f9e5455386#0:FAIL-t51] and 0 exception(s); 595ac112-eff6-4e35-b572-d6b1c4893b0f@group-7B64E6E68F81:t51, leader=null, voted=595ac112-eff6-4e35-b572-d6b1c4893b0f, raftlog=595ac112-eff6-4e35-b572-d6b1c4893b0f@group-7B64E6E68F81-SegmentedRaftLog:OPENED:c3,f4,i4, conf=0: [652c9eaa-759b-40b5-a420-e649d7d5dbbd:192.168.34.13:44469, d13c026a-6de7-468a-bcba-b5f9e5455386:192.168.34.13:41921, 595ac112-eff6-4e35-b572-d6b1c4893b0f:192.168.34.13:37460], old=null
2019-10-18 19:57:49,092 [595ac112-eff6-4e35-b572-d6b1c4893b0f@group-7B64E6E68F81-LeaderElection53] INFO  impl.RaftServerImpl (RaftServerImpl.java:setRole(184)) - 595ac112-eff6-4e35-b572-d6b1c4893b0f@group-7B64E6E68F81: changes role from CANDIDATE to FOLLOWER at term 51 for DISCOVERED_A_NEW_TERM
2019-10-18 19:57:49,092 [595ac112-eff6-4e35-b572-d6b1c4893b0f@group-7B64E6E68F81-LeaderElection53] INFO  impl.RoleInfo (RoleInfo.java:shutdownLeaderElection(134)) - 595ac112-eff6-4e35-b572-d6b1c4893b0f: shutdown LeaderElection
2019-10-18 19:57:49,092 [595ac112-eff6-4e35-b572-d6b1c4893b0f@group-7B64E6E68F81-LeaderElection53] INFO  impl.RoleInfo (RoleInfo.java:updateAndGet(143)) - 595ac112-eff6-4e35-b572-d6b1c4893b0f: start FollowerState
2019-10-18 19:57:49,175 [Thread-934] INFO  impl.FollowerState (FollowerState.java:run(108)) - 595ac112-eff6-4e35-b572-d6b1c4893b0f@group-7B64E6E68F81-FollowerState: change to CANDIDATE, lastRpcTime:83ms, electionTimeout:83ms
2019-10-18 19:57:49,176 [Thread-934] INFO  impl.RoleInfo (RoleInfo.java:shutdownFollowerState(121)) - 595ac112-eff6-4e35-b572-d6b1c4893b0f: shutdown FollowerState
2019-10-18 19:57:49,176 [Thread-934] INFO  impl.RaftServerImpl (RaftServerImpl.java:setRole(184)) - 595ac112-eff6-4e35-b572-d6b1c4893b0f@group-7B64E6E68F81: changes role from  FOLLOWER to CANDIDATE at term 51 for changeToCandidate
2019-10-18 19:57:49,176 [Thread-934] INFO  impl.RoleInfo (RoleInfo.java:updateAndGet(143)) - 595ac112-eff6-4e35-b572-d6b1c4893b0f: start LeaderElection
2019-10-18 19:57:49,208 [595ac112-eff6-4e35-b572-d6b1c4893b0f@group-7B64E6E68F81-LeaderElection54] INFO  impl.LeaderElection (LeaderElection.java:askForVotes(178)) - 595ac112-eff6-4e35-b572-d6b1c4893b0f@group-7B64E6E68F81-LeaderElection54: begin an election at term 52 for 0: [652c9eaa-759b-40b5-a420-e649d7d5dbbd:192.168.34.13:44469, d13c026a-6de7-468a-bcba-b5f9e5455386:192.168.34.13:41921, 595ac112-eff6-4e35-b572-d6b1c4893b0f:192.168.34.13:37460], old=null
2019-10-18 19:57:49,211 [grpc-default-executor-0] INFO  impl.RaftServerImpl (RaftServerImpl.java:setRole(184)) - 652c9eaa-759b-40b5-a420-e649d7d5dbbd@group-7B64E6E68F81: changes role from  FOLLOWER to FOLLOWER at term 52 for recognizeCandidate:595ac112-eff6-4e35-b572-d6b1c4893b0f
2019-10-18 19:57:49,211 [grpc-default-executor-0] INFO  impl.RoleInfo (RoleInfo.java:shutdownFollowerState(121)) - 652c9eaa-759b-40b5-a420-e649d7d5dbbd: shutdown FollowerState
2019-10-18 19:57:49,211 [grpc-default-executor-0] INFO  impl.RoleInfo (RoleInfo.java:updateAndGet(143)) - 652c9eaa-759b-40b5-a420-e649d7d5dbbd: start FollowerState
2019-10-18 19:57:49,211 [grpc-default-executor-6] INFO  impl.RaftServerImpl (RaftServerImpl.java:setRole(184)) - d13c026a-6de7-468a-bcba-b5f9e5455386@group-7B64E6E68F81: changes role from  FOLLOWER to FOLLOWER at term 52 for recognizeCandidate:595ac112-eff6-4e35-b572-d6b1c4893b0f
2019-10-18 19:57:49,211 [grpc-default-executor-6] INFO  impl.RoleInfo (RoleInfo.java:shutdownFollowerState(121)) - d13c026a-6de7-468a-bcba-b5f9e5455386: shutdown FollowerState
2019-10-18 19:57:49,211 [Thread-932] INFO  impl.FollowerState (FollowerState.java:run(117)) - 652c9eaa-759b-40b5-a420-e649d7d5dbbd@group-7B64E6E68F81-FollowerState was interrupted: java.lang.InterruptedException: sleep interrupted
2019-10-18 19:57:49,211 [Thread-933] INFO  impl.FollowerState (FollowerState.java:run(117)) - d13c026a-6de7-468a-bcba-b5f9e5455386@group-7B64E6E68F81-FollowerState was interrupted: java.lang.InterruptedException: sleep interrupted
2019-10-18 19:57:49,211 [grpc-default-executor-6] INFO  impl.RoleInfo (RoleInfo.java:updateAndGet(143)) - d13c026a-6de7-468a-bcba-b5f9e5455386: start FollowerState
2019-10-18 19:57:49,235 [595ac112-eff6-4e35-b572-d6b1c4893b0f@group-7B64E6E68F81-LeaderElection54] INFO  impl.LeaderElection (LeaderElection.java:logAndReturn(56)) - 595ac112-eff6-4e35-b572-d6b1c4893b0f@group-7B64E6E68F81-LeaderElection54: Election REJECTED; received 2 response(s) [595ac112-eff6-4e35-b572-d6b1c4893b0f<-652c9eaa-759b-40b5-a420-e649d7d5dbbd#0:FAIL-t52, 595ac112-eff6-4e35-b572-d6b1c4893b0f<-d13c026a-6de7-468a-bcba-b5f9e5455386#0:FAIL-t52] and 0 exception(s); 595ac112-eff6-4e35-b572-d6b1c4893b0f@group-7B64E6E68F81:t52, leader=null, voted=595ac112-eff6-4e35-b572-d6b1c4893b0f, raftlog=595ac112-eff6-4e35-b572-d6b1c4893b0f@group-7B64E6E68F81-SegmentedRaftLog:OPENED:c3,f4,i4, conf=0: [652c9eaa-759b-40b5-a420-e649d7d5dbbd:192.168.34.13:44469, d13c026a-6de7-468a-bcba-b5f9e5455386:192.168.34.13:41921, 595ac112-eff6-4e35-b572-d6b1c4893b0f:192.168.34.13:37460], old=null
2019-10-18 19:57:49,235 [595ac112-eff6-4e35-b572-d6b1c4893b0f@group-7B64E6E68F81-LeaderElection54] INFO  impl.RaftServerImpl (RaftServerImpl.java:setRole(184)) - 595ac112-eff6-4e35-b572-d6b1c4893b0f@group-7B64E6E68F81: changes role from CANDIDATE to FOLLOWER at term 52 for DISCOVERED_A_NEW_TERM
2019-10-18 19:57:49,235 [595ac112-eff6-4e35-b572-d6b1c4893b0f@group-7B64E6E68F81-LeaderElection54] INFO  impl.RoleInfo (RoleInfo.java:shutdownLeaderElection(134)) - 595ac112-eff6-4e35-b572-d6b1c4893b0f: shutdown LeaderElection
2019-10-18 19:57:49,235 [595ac112-eff6-4e35-b572-d6b1c4893b0f@group-7B64E6E68F81-LeaderElection54] INFO  impl.RoleInfo (RoleInfo.java:updateAndGet(143)) - 595ac112-eff6-4e35-b572-d6b1c4893b0f: start FollowerState
]]></system-out>
    <system-err><![CDATA[ERROR StatusLogger No Log4j 2 configuration file found. Using default configuration (logging only errors to the console), or user programmatically provided configurations. Set system property 'log4j2.debug' to show Log4j 2 internal initialization logging. See https://logging.apache.org/log4j/2.x/manual/configuration.html for instructions on how to configure Log4j 2
Oct 18, 2019 7:56:02 PM org.apache.ratis.thirdparty.io.grpc.internal.SerializingExecutor run
SEVERE: Exception while executing runnable org.apache.ratis.thirdparty.io.grpc.internal.ServerImpl$JumpToApplicationThreadServerStreamListener$1Closed@1e449a8
org.apache.ratis.thirdparty.io.grpc.StatusRuntimeException: CANCELLED: call already cancelled
	at org.apache.ratis.thirdparty.io.grpc.Status.asRuntimeException(Status.java:517)
	at org.apache.ratis.thirdparty.io.grpc.stub.ServerCalls$ServerCallStreamObserverImpl.onCompleted(ServerCalls.java:356)
	at org.apache.ratis.grpc.server.GrpcServerProtocolService$ServerRequestStreamObserver.onError(GrpcServerProtocolService.java:121)
	at org.apache.ratis.thirdparty.io.grpc.stub.ServerCalls$StreamingServerCallHandler$StreamingServerCallListener.onCancel(ServerCalls.java:269)
	at org.apache.ratis.thirdparty.io.grpc.internal.ServerCallImpl$ServerStreamListenerImpl.closed(ServerCallImpl.java:293)
	at org.apache.ratis.thirdparty.io.grpc.internal.ServerImpl$JumpToApplicationThreadServerStreamListener$1Closed.runInContext(ServerImpl.java:741)
	at org.apache.ratis.thirdparty.io.grpc.internal.ContextRunnable.run(ContextRunnable.java:37)
	at org.apache.ratis.thirdparty.io.grpc.internal.SerializingExecutor.run(SerializingExecutor.java:123)
	at java.util.concurrent.ThreadPoolExecutor.runWorker(ThreadPoolExecutor.java:1149)
	at java.util.concurrent.ThreadPoolExecutor$Worker.run(ThreadPoolExecutor.java:624)
	at java.lang.Thread.run(Thread.java:748)

Oct 18, 2019 7:56:02 PM org.apache.ratis.thirdparty.io.grpc.internal.SerializingExecutor run
SEVERE: Exception while executing runnable org.apache.ratis.thirdparty.io.grpc.internal.ClientCallImpl$ClientStreamListenerImpl$1StreamClosed@3f4a8f2d
java.lang.NullPointerException
	at org.apache.ratis.grpc.server.GrpcLogAppender$AppendLogResponseHandler.onError(GrpcLogAppender.java:303)
	at org.apache.ratis.thirdparty.io.grpc.stub.ClientCalls$StreamObserverToCallListenerAdapter.onClose(ClientCalls.java:434)
	at org.apache.ratis.thirdparty.io.grpc.PartialForwardingClientCallListener.onClose(PartialForwardingClientCallListener.java:39)
	at org.apache.ratis.thirdparty.io.grpc.ForwardingClientCallListener.onClose(ForwardingClientCallListener.java:23)
	at org.apache.ratis.thirdparty.io.grpc.ForwardingClientCallListener$SimpleForwardingClientCallListener.onClose(ForwardingClientCallListener.java:40)
	at org.apache.ratis.thirdparty.io.grpc.internal.CensusStatsModule$StatsClientInterceptor$1$1.onClose(CensusStatsModule.java:678)
	at org.apache.ratis.thirdparty.io.grpc.PartialForwardingClientCallListener.onClose(PartialForwardingClientCallListener.java:39)
	at org.apache.ratis.thirdparty.io.grpc.ForwardingClientCallListener.onClose(ForwardingClientCallListener.java:23)
	at org.apache.ratis.thirdparty.io.grpc.ForwardingClientCallListener$SimpleForwardingClientCallListener.onClose(ForwardingClientCallListener.java:40)
	at org.apache.ratis.thirdparty.io.grpc.internal.CensusTracingModule$TracingClientInterceptor$1$1.onClose(CensusTracingModule.java:397)
	at org.apache.ratis.thirdparty.io.grpc.internal.ClientCallImpl.closeObserver(ClientCallImpl.java:459)
	at org.apache.ratis.thirdparty.io.grpc.internal.ClientCallImpl.access$300(ClientCallImpl.java:63)
	at org.apache.ratis.thirdparty.io.grpc.internal.ClientCallImpl$ClientStreamListenerImpl.close(ClientCallImpl.java:546)
	at org.apache.ratis.thirdparty.io.grpc.internal.ClientCallImpl$ClientStreamListenerImpl.access$600(ClientCallImpl.java:467)
	at org.apache.ratis.thirdparty.io.grpc.internal.ClientCallImpl$ClientStreamListenerImpl$1StreamClosed.runInContext(ClientCallImpl.java:584)
	at org.apache.ratis.thirdparty.io.grpc.internal.ContextRunnable.run(ContextRunnable.java:37)
	at org.apache.ratis.thirdparty.io.grpc.internal.SerializingExecutor.run(SerializingExecutor.java:123)
	at java.util.concurrent.ThreadPoolExecutor.runWorker(ThreadPoolExecutor.java:1149)
	at java.util.concurrent.ThreadPoolExecutor$Worker.run(ThreadPoolExecutor.java:624)
	at java.lang.Thread.run(Thread.java:748)

]]></system-err>
  </testcase>
</testsuite>