<?xml version="1.0" encoding="UTF-8"?>
<testsuite xmlns:xsi="http://www.w3.org/2001/XMLSchema-instance" xsi:noNamespaceSchemaLocation="https://maven.apache.org/surefire/maven-surefire-plugin/xsd/surefire-test-report.xsd" name="org.apache.hadoop.ozone.client.rpc.TestWatchForCommit" time="235.952" tests="5" errors="1" skipped="0" failures="0">
  <properties>
    <property name="awt.toolkit" value="sun.awt.X11.XToolkit"/>
    <property name="file.encoding.pkg" value="sun.io"/>
    <property name="java.specification.version" value="1.8"/>
    <property name="sun.cpu.isalist" value=""/>
    <property name="sun.jnu.encoding" value="UTF-8"/>
    <property name="java.class.path" value="/workdir/hadoop-ozone/integration-test/target/test-classes:/workdir/hadoop-ozone/integration-test/target/classes:/home/user/.m2/repository/org/apache/hadoop/hadoop-ozone-common/0.5.0-SNAPSHOT/hadoop-ozone-common-0.5.0-SNAPSHOT.jar:/home/user/.m2/repository/org/apache/commons/commons-compress/1.4.1/commons-compress-1.4.1.jar:/home/user/.m2/repository/org/tukaani/xz/1.0/xz-1.0.jar:/home/user/.m2/repository/org/apache/hadoop/hadoop-common/3.2.0/hadoop-common-3.2.0.jar:/home/user/.m2/repository/org/apache/hadoop/hadoop-hdfs/3.2.0/hadoop-hdfs-3.2.0.jar:/home/user/.m2/repository/org/apache/hadoop/hadoop-hdfs-client/3.2.0/hadoop-hdfs-client-3.2.0.jar:/home/user/.m2/repository/com/fasterxml/jackson/core/jackson-annotations/2.9.9/jackson-annotations-2.9.9.jar:/home/user/.m2/repository/org/apache/hadoop/hadoop-hdds-common/0.5.0-SNAPSHOT/hadoop-hdds-common-0.5.0-SNAPSHOT.jar:/home/user/.m2/repository/javax/annotation/javax.annotation-api/1.2/javax.annotation-api-1.2.jar:/home/user/.m2/repository/org/apache/ratis/ratis-server/0.5.0-201fc85-SNAPSHOT/ratis-server-0.5.0-201fc85-SNAPSHOT.jar:/home/user/.m2/repository/org/apache/ratis/ratis-thirdparty-misc/0.2.0/ratis-thirdparty-misc-0.2.0.jar:/home/user/.m2/repository/org/apache/ratis/ratis-proto/0.5.0-201fc85-SNAPSHOT/ratis-proto-0.5.0-201fc85-SNAPSHOT.jar:/home/user/.m2/repository/org/apache/ratis/ratis-common/0.5.0-201fc85-SNAPSHOT/ratis-common-0.5.0-201fc85-SNAPSHOT.jar:/home/user/.m2/repository/org/apache/ratis/ratis-client/0.5.0-201fc85-SNAPSHOT/ratis-client-0.5.0-201fc85-SNAPSHOT.jar:/home/user/.m2/repository/org/apache/ratis/ratis-metrics/0.5.0-201fc85-SNAPSHOT/ratis-metrics-0.5.0-201fc85-SNAPSHOT.jar:/home/user/.m2/repository/com/github/joshelser/dropwizard-metrics-hadoop-metrics2-reporter/0.1.2/dropwizard-metrics-hadoop-metrics2-reporter-0.1.2.jar:/home/user/.m2/repository/io/dropwizard/metrics/metrics-jvm/3.2.5/metrics-jvm-3.2.5.jar:/home/user/.m2/repository/io/dropwizard/metrics/metrics-ganglia/3.2.5/metrics-ganglia-3.2.5.jar:/home/user/.m2/repository/info/ganglia/gmetric4j/gmetric4j/1.0.7/gmetric4j-1.0.7.jar:/home/user/.m2/repository/org/apache/ratis/ratis-netty/0.5.0-201fc85-SNAPSHOT/ratis-netty-0.5.0-201fc85-SNAPSHOT.jar:/home/user/.m2/repository/org/apache/ratis/ratis-grpc/0.5.0-201fc85-SNAPSHOT/ratis-grpc-0.5.0-201fc85-SNAPSHOT.jar:/home/user/.m2/repository/org/rocksdb/rocksdbjni/6.0.1/rocksdbjni-6.0.1.jar:/home/user/.m2/repository/org/apache/logging/log4j/log4j-api/2.11.0/log4j-api-2.11.0.jar:/home/user/.m2/repository/org/apache/logging/log4j/log4j-core/2.11.0/log4j-core-2.11.0.jar:/home/user/.m2/repository/com/lmax/disruptor/3.4.2/disruptor-3.4.2.jar:/home/user/.m2/repository/org/apache/commons/commons-pool2/2.6.0/commons-pool2-2.6.0.jar:/home/user/.m2/repository/org/bouncycastle/bcpkix-jdk15on/1.60/bcpkix-jdk15on-1.60.jar:/home/user/.m2/repository/commons-validator/commons-validator/1.6/commons-validator-1.6.jar:/home/user/.m2/repository/commons-digester/commons-digester/1.8.1/commons-digester-1.8.1.jar:/home/user/.m2/repository/io/jaegertracing/jaeger-client/0.34.0/jaeger-client-0.34.0.jar:/home/user/.m2/repository/io/jaegertracing/jaeger-thrift/0.34.0/jaeger-thrift-0.34.0.jar:/home/user/.m2/repository/org/apache/thrift/libthrift/0.12.0/libthrift-0.12.0.jar:/home/user/.m2/repository/com/squareup/okhttp3/okhttp/3.9.0/okhttp-3.9.0.jar:/home/user/.m2/repository/com/squareup/okio/okio/1.13.0/okio-1.13.0.jar:/home/user/.m2/repository/io/jaegertracing/jaeger-core/0.34.0/jaeger-core-0.34.0.jar:/home/user/.m2/repository/io/jaegertracing/jaeger-tracerresolver/0.34.0/jaeger-tracerresolver-0.34.0.jar:/home/user/.m2/repository/io/opentracing/contrib/opentracing-tracerresolver/0.1.5/opentracing-tracerresolver-0.1.5.jar:/home/user/.m2/repository/io/opentracing/opentracing-util/0.31.0/opentracing-util-0.31.0.jar:/home/user/.m2/repository/io/opentracing/opentracing-api/0.31.0/opentracing-api-0.31.0.jar:/home/user/.m2/repository/io/opentracing/opentracing-noop/0.31.0/opentracing-noop-0.31.0.jar:/home/user/.m2/repository/org/apache/hadoop/hadoop-hdds-server-framework/0.5.0-SNAPSHOT/hadoop-hdds-server-framework-0.5.0-SNAPSHOT.jar:/home/user/.m2/repository/org/apache/hadoop/hadoop-hdds-container-service/0.5.0-SNAPSHOT/hadoop-hdds-container-service-0.5.0-SNAPSHOT.jar:/home/user/.m2/repository/org/apache/hadoop/hadoop-hdds-client/0.5.0-SNAPSHOT/hadoop-hdds-client-0.5.0-SNAPSHOT.jar:/home/user/.m2/repository/org/apache/hadoop/hadoop-hdds-tools/0.5.0-SNAPSHOT/hadoop-hdds-tools-0.5.0-SNAPSHOT.jar:/home/user/.m2/repository/org/apache/hadoop/hadoop-hdds-server-scm/0.5.0-SNAPSHOT/hadoop-hdds-server-scm-0.5.0-SNAPSHOT.jar:/home/user/.m2/repository/org/apache/hadoop/hadoop-hdds-docs/0.5.0-SNAPSHOT/hadoop-hdds-docs-0.5.0-SNAPSHOT.jar:/home/user/.m2/repository/io/dropwizard/metrics/metrics-core/3.2.4/metrics-core-3.2.4.jar:/home/user/.m2/repository/org/hamcrest/hamcrest-all/1.3/hamcrest-all-1.3.jar:/home/user/.m2/repository/org/bouncycastle/bcprov-jdk15on/1.60/bcprov-jdk15on-1.60.jar:/home/user/.m2/repository/info/picocli/picocli/3.9.6/picocli-3.9.6.jar:/home/user/.m2/repository/com/google/protobuf/protobuf-java/2.5.0/protobuf-java-2.5.0.jar:/home/user/.m2/repository/com/google/guava/guava/11.0.2/guava-11.0.2.jar:/home/user/.m2/repository/org/apache/hadoop/hadoop-ozone-ozone-manager/0.5.0-SNAPSHOT/hadoop-ozone-ozone-manager-0.5.0-SNAPSHOT.jar:/home/user/.m2/repository/org/apache/hadoop/hadoop-minikdc/3.2.0/hadoop-minikdc-3.2.0.jar:/home/user/.m2/repository/commons-io/commons-io/2.5/commons-io-2.5.jar:/home/user/.m2/repository/org/apache/kerby/kerb-simplekdc/1.0.1/kerb-simplekdc-1.0.1.jar:/home/user/.m2/repository/org/apache/kerby/kerb-client/1.0.1/kerb-client-1.0.1.jar:/home/user/.m2/repository/org/apache/kerby/kerby-config/1.0.1/kerby-config-1.0.1.jar:/home/user/.m2/repository/org/apache/kerby/kerb-core/1.0.1/kerb-core-1.0.1.jar:/home/user/.m2/repository/org/apache/kerby/kerby-pkix/1.0.1/kerby-pkix-1.0.1.jar:/home/user/.m2/repository/org/apache/kerby/kerby-asn1/1.0.1/kerby-asn1-1.0.1.jar:/home/user/.m2/repository/org/apache/kerby/kerby-util/1.0.1/kerby-util-1.0.1.jar:/home/user/.m2/repository/org/apache/kerby/kerb-common/1.0.1/kerb-common-1.0.1.jar:/home/user/.m2/repository/org/apache/kerby/kerb-crypto/1.0.1/kerb-crypto-1.0.1.jar:/home/user/.m2/repository/org/apache/kerby/kerb-util/1.0.1/kerb-util-1.0.1.jar:/home/user/.m2/repository/org/apache/kerby/token-provider/1.0.1/token-provider-1.0.1.jar:/home/user/.m2/repository/org/apache/kerby/kerb-admin/1.0.1/kerb-admin-1.0.1.jar:/home/user/.m2/repository/org/apache/kerby/kerb-server/1.0.1/kerb-server-1.0.1.jar:/home/user/.m2/repository/org/apache/kerby/kerb-identity/1.0.1/kerb-identity-1.0.1.jar:/home/user/.m2/repository/org/apache/kerby/kerby-xdr/1.0.1/kerby-xdr-1.0.1.jar:/home/user/.m2/repository/org/slf4j/slf4j-log4j12/1.7.25/slf4j-log4j12-1.7.25.jar:/home/user/.m2/repository/org/apache/hadoop/hadoop-ozone-s3gateway/0.5.0-SNAPSHOT/hadoop-ozone-s3gateway-0.5.0-SNAPSHOT.jar:/home/user/.m2/repository/org/jboss/weld/servlet/weld-servlet/2.4.7.Final/weld-servlet-2.4.7.Final.jar:/home/user/.m2/repository/org/glassfish/jersey/containers/jersey-container-servlet-core/2.27/jersey-container-servlet-core-2.27.jar:/home/user/.m2/repository/org/glassfish/hk2/external/javax.inject/2.5.0-b42/javax.inject-2.5.0-b42.jar:/home/user/.m2/repository/org/glassfish/jersey/core/jersey-common/2.27/jersey-common-2.27.jar:/home/user/.m2/repository/org/glassfish/hk2/osgi-resource-locator/1.0.1/osgi-resource-locator-1.0.1.jar:/home/user/.m2/repository/javax/ws/rs/javax.ws.rs-api/2.1/javax.ws.rs-api-2.1.jar:/home/user/.m2/repository/org/glassfish/jersey/ext/cdi/jersey-cdi1x/2.27/jersey-cdi1x-2.27.jar:/home/user/.m2/repository/org/glassfish/jersey/inject/jersey-hk2/2.27/jersey-hk2-2.27.jar:/home/user/.m2/repository/org/glassfish/hk2/hk2-locator/2.5.0-b42/hk2-locator-2.5.0-b42.jar:/home/user/.m2/repository/org/javassist/javassist/3.22.0-CR2/javassist-3.22.0-CR2.jar:/home/user/.m2/repository/org/glassfish/hk2/hk2-api/2.5.0/hk2-api-2.5.0.jar:/home/user/.m2/repository/org/glassfish/hk2/external/jakarta.inject/2.5.0/jakarta.inject-2.5.0.jar:/home/user/.m2/repository/org/glassfish/hk2/hk2-utils/2.5.0/hk2-utils-2.5.0.jar:/home/user/.m2/repository/jakarta/annotation/jakarta.annotation-api/1.3.4/jakarta.annotation-api-1.3.4.jar:/home/user/.m2/repository/org/glassfish/hk2/external/aopalliance-repackaged/2.5.0/aopalliance-repackaged-2.5.0.jar:/home/user/.m2/repository/com/fasterxml/jackson/dataformat/jackson-dataformat-xml/2.9.0/jackson-dataformat-xml-2.9.0.jar:/home/user/.m2/repository/com/fasterxml/jackson/core/jackson-core/2.9.9/jackson-core-2.9.9.jar:/home/user/.m2/repository/com/fasterxml/jackson/module/jackson-module-jaxb-annotations/2.9.9/jackson-module-jaxb-annotations-2.9.9.jar:/home/user/.m2/repository/javax/enterprise/cdi-api/1.2/cdi-api-1.2.jar:/home/user/.m2/repository/javax/el/javax.el-api/3.0.0/javax.el-api-3.0.0.jar:/home/user/.m2/repository/javax/interceptor/javax.interceptor-api/1.2/javax.interceptor-api-1.2.jar:/home/user/.m2/repository/javax/inject/javax.inject/1/javax.inject-1.jar:/home/user/.m2/repository/com/sun/xml/bind/jaxb-impl/2.3.0.1/jaxb-impl-2.3.0.1.jar:/home/user/.m2/repository/com/sun/xml/bind/jaxb-core/2.3.0.1/jaxb-core-2.3.0.1.jar:/home/user/.m2/repository/javax/xml/bind/jaxb-api/2.3.0/jaxb-api-2.3.0.jar:/home/user/.m2/repository/javax/activation/activation/1.1.1/activation-1.1.1.jar:/home/user/.m2/repository/org/apache/hadoop/hadoop-ozone-csi/0.5.0-SNAPSHOT/hadoop-ozone-csi-0.5.0-SNAPSHOT.jar:/home/user/.m2/repository/com/google/protobuf/protobuf-java-util/3.5.1/protobuf-java-util-3.5.1.jar:/home/user/.m2/repository/org/apache/hadoop/hadoop-hdds-config/0.5.0-SNAPSHOT/hadoop-hdds-config-0.5.0-SNAPSHOT.jar:/home/user/.m2/repository/io/grpc/grpc-netty/1.17.1/grpc-netty-1.17.1.jar:/home/user/.m2/repository/io/grpc/grpc-core/1.17.1/grpc-core-1.17.1.jar:/home/user/.m2/repository/io/grpc/grpc-context/1.17.1/grpc-context-1.17.1.jar:/home/user/.m2/repository/com/google/errorprone/error_prone_annotations/2.2.0/error_prone_annotations-2.2.0.jar:/home/user/.m2/repository/org/codehaus/mojo/animal-sniffer-annotations/1.17/animal-sniffer-annotations-1.17.jar:/home/user/.m2/repository/io/opencensus/opencensus-api/0.17.0/opencensus-api-0.17.0.jar:/home/user/.m2/repository/io/opencensus/opencensus-contrib-grpc-metrics/0.17.0/opencensus-contrib-grpc-metrics-0.17.0.jar:/home/user/.m2/repository/io/netty/netty-codec-http2/4.1.30.Final/netty-codec-http2-4.1.30.Final.jar:/home/user/.m2/repository/io/netty/netty-codec-http/4.1.30.Final/netty-codec-http-4.1.30.Final.jar:/home/user/.m2/repository/io/netty/netty-codec/4.1.30.Final/netty-codec-4.1.30.Final.jar:/home/user/.m2/repository/io/netty/netty-handler/4.1.30.Final/netty-handler-4.1.30.Final.jar:/home/user/.m2/repository/io/netty/netty-handler-proxy/4.1.30.Final/netty-handler-proxy-4.1.30.Final.jar:/home/user/.m2/repository/io/netty/netty-codec-socks/4.1.30.Final/netty-codec-socks-4.1.30.Final.jar:/home/user/.m2/repository/io/netty/netty-transport-native-epoll/4.1.30.Final/netty-transport-native-epoll-4.1.30.Final.jar:/home/user/.m2/repository/io/netty/netty-common/4.1.30.Final/netty-common-4.1.30.Final.jar:/home/user/.m2/repository/io/netty/netty-buffer/4.1.30.Final/netty-buffer-4.1.30.Final.jar:/home/user/.m2/repository/io/netty/netty-transport/4.1.30.Final/netty-transport-4.1.30.Final.jar:/home/user/.m2/repository/io/netty/netty-resolver/4.1.30.Final/netty-resolver-4.1.30.Final.jar:/home/user/.m2/repository/io/netty/netty-transport-native-unix-common/4.1.30.Final/netty-transport-native-unix-common-4.1.30.Final.jar:/home/user/.m2/repository/io/grpc/grpc-protobuf/1.17.1/grpc-protobuf-1.17.1.jar:/home/user/.m2/repository/com/google/api/grpc/proto-google-common-protos/1.0.0/proto-google-common-protos-1.0.0.jar:/home/user/.m2/repository/io/grpc/grpc-protobuf-lite/1.17.1/grpc-protobuf-lite-1.17.1.jar:/home/user/.m2/repository/io/grpc/grpc-stub/1.17.1/grpc-stub-1.17.1.jar:/home/user/.m2/repository/org/apache/hadoop/hadoop-ozone-recon/0.5.0-SNAPSHOT/hadoop-ozone-recon-0.5.0-SNAPSHOT.jar:/home/user/.m2/repository/org/apache/hadoop/hadoop-ozone-reconcodegen/0.5.0-SNAPSHOT/hadoop-ozone-reconcodegen-0.5.0-SNAPSHOT.jar:/home/user/.m2/repository/com/google/inject/extensions/guice-multibindings/4.0/guice-multibindings-4.0.jar:/home/user/.m2/repository/com/google/inject/guice/4.0/guice-4.0.jar:/home/user/.m2/repository/aopalliance/aopalliance/1.0/aopalliance-1.0.jar:/home/user/.m2/repository/com/google/inject/extensions/guice-servlet/4.0/guice-servlet-4.0.jar:/home/user/.m2/repository/org/glassfish/jersey/containers/jersey-container-servlet/2.27/jersey-container-servlet-2.27.jar:/home/user/.m2/repository/org/glassfish/hk2/guice-bridge/2.5.0/guice-bridge-2.5.0.jar:/home/user/.m2/repository/org/glassfish/jersey/core/jersey-server/2.27/jersey-server-2.27.jar:/home/user/.m2/repository/org/glassfish/jersey/core/jersey-client/2.27/jersey-client-2.27.jar:/home/user/.m2/repository/org/glassfish/jersey/media/jersey-media-jaxb/2.27/jersey-media-jaxb-2.27.jar:/home/user/.m2/repository/javax/validation/validation-api/1.1.0.Final/validation-api-1.1.0.Final.jar:/home/user/.m2/repository/org/glassfish/jersey/media/jersey-media-json-jackson/2.27/jersey-media-json-jackson-2.27.jar:/home/user/.m2/repository/org/glassfish/jersey/ext/jersey-entity-filtering/2.27/jersey-entity-filtering-2.27.jar:/home/user/.m2/repository/com/google/inject/extensions/guice-assistedinject/4.0/guice-assistedinject-4.0.jar:/home/user/.m2/repository/org/jooq/jooq/3.11.10/jooq-3.11.10.jar:/home/user/.m2/repository/org/jooq/jooq-meta/3.11.10/jooq-meta-3.11.10.jar:/home/user/.m2/repository/org/jooq/jooq-codegen/3.11.10/jooq-codegen-3.11.10.jar:/home/user/.m2/repository/com/jolbox/bonecp/0.8.0.RELEASE/bonecp-0.8.0.RELEASE.jar:/home/user/.m2/repository/org/xerial/sqlite-jdbc/3.25.2/sqlite-jdbc-3.25.2.jar:/home/user/.m2/repository/org/springframework/spring-jdbc/5.1.3.RELEASE/spring-jdbc-5.1.3.RELEASE.jar:/home/user/.m2/repository/org/springframework/spring-beans/5.1.3.RELEASE/spring-beans-5.1.3.RELEASE.jar:/home/user/.m2/repository/org/springframework/spring-core/5.1.3.RELEASE/spring-core-5.1.3.RELEASE.jar:/home/user/.m2/repository/org/springframework/spring-jcl/5.1.3.RELEASE/spring-jcl-5.1.3.RELEASE.jar:/home/user/.m2/repository/org/springframework/spring-tx/5.1.3.RELEASE/spring-tx-5.1.3.RELEASE.jar:/home/user/.m2/repository/org/apache/hadoop/hadoop-ozone-client/0.5.0-SNAPSHOT/hadoop-ozone-client-0.5.0-SNAPSHOT.jar:/home/user/.m2/repository/commons-lang/commons-lang/2.6/commons-lang-2.6.jar:/home/user/.m2/repository/org/apache/hadoop/hadoop-ozone-ozone-manager/0.5.0-SNAPSHOT/hadoop-ozone-ozone-manager-0.5.0-SNAPSHOT-tests.jar:/home/user/.m2/repository/junit/junit/4.11/junit-4.11.jar:/home/user/.m2/repository/org/hamcrest/hamcrest-core/1.3/hamcrest-core-1.3.jar:/home/user/.m2/repository/org/openjdk/jmh/jmh-core/1.19/jmh-core-1.19.jar:/home/user/.m2/repository/net/sf/jopt-simple/jopt-simple/4.6/jopt-simple-4.6.jar:/home/user/.m2/repository/org/apache/commons/commons-math3/3.1.1/commons-math3-3.1.1.jar:/home/user/.m2/repository/org/openjdk/jmh/jmh-generator-annprocess/1.19/jmh-generator-annprocess-1.19.jar:/home/user/.m2/repository/org/mockito/mockito-all/1.8.5/mockito-all-1.8.5.jar:/home/user/.m2/repository/org/apache/hadoop/hadoop-kms/3.2.0/hadoop-kms-3.2.0.jar:/home/user/.m2/repository/org/apache/hadoop/hadoop-auth/3.2.0/hadoop-auth-3.2.0.jar:/home/user/.m2/repository/com/nimbusds/nimbus-jose-jwt/4.41.1/nimbus-jose-jwt-4.41.1.jar:/home/user/.m2/repository/com/github/stephenc/jcip/jcip-annotations/1.0-1/jcip-annotations-1.0-1.jar:/home/user/.m2/repository/net/minidev/json-smart/2.3/json-smart-2.3.jar:/home/user/.m2/repository/net/minidev/accessors-smart/1.2/accessors-smart-1.2.jar:/home/user/.m2/repository/org/ow2/asm/asm/5.0.4/asm-5.0.4.jar:/home/user/.m2/repository/org/apache/curator/curator-framework/2.12.0/curator-framework-2.12.0.jar:/home/user/.m2/repository/com/sun/jersey/jersey-core/1.19/jersey-core-1.19.jar:/home/user/.m2/repository/javax/ws/rs/jsr311-api/1.1.1/jsr311-api-1.1.1.jar:/home/user/.m2/repository/com/sun/jersey/jersey-server/1.19/jersey-server-1.19.jar:/home/user/.m2/repository/javax/servlet/javax.servlet-api/3.1.0/javax.servlet-api-3.1.0.jar:/home/user/.m2/repository/org/eclipse/jetty/jetty-server/9.3.25.v20180904/jetty-server-9.3.25.v20180904.jar:/home/user/.m2/repository/org/eclipse/jetty/jetty-http/9.3.25.v20180904/jetty-http-9.3.25.v20180904.jar:/home/user/.m2/repository/org/eclipse/jetty/jetty-io/9.3.25.v20180904/jetty-io-9.3.25.v20180904.jar:/home/user/.m2/repository/org/eclipse/jetty/jetty-webapp/9.3.25.v20180904/jetty-webapp-9.3.25.v20180904.jar:/home/user/.m2/repository/org/eclipse/jetty/jetty-xml/9.3.25.v20180904/jetty-xml-9.3.25.v20180904.jar:/home/user/.m2/repository/log4j/log4j/1.2.17/log4j-1.2.17.jar:/home/user/.m2/repository/org/slf4j/slf4j-api/1.7.25/slf4j-api-1.7.25.jar:/home/user/.m2/repository/org/slf4j/jul-to-slf4j/1.7.25/jul-to-slf4j-1.7.25.jar:/home/user/.m2/repository/org/eclipse/jetty/jetty-util/9.3.25.v20180904/jetty-util-9.3.25.v20180904.jar:/home/user/.m2/repository/com/fasterxml/jackson/core/jackson-databind/2.9.9/jackson-databind-2.9.9.jar:/home/user/.m2/repository/org/apache/hadoop/hadoop-kms/3.2.0/hadoop-kms-3.2.0-tests.jar:/home/user/.m2/repository/org/apache/hadoop/hadoop-hdds-server-scm/0.5.0-SNAPSHOT/hadoop-hdds-server-scm-0.5.0-SNAPSHOT-tests.jar:/home/user/.m2/repository/org/apache/hadoop/hadoop-hdds-container-service/0.5.0-SNAPSHOT/hadoop-hdds-container-service-0.5.0-SNAPSHOT-tests.jar:/home/user/.m2/repository/org/yaml/snakeyaml/1.16/snakeyaml-1.16.jar:/home/user/.m2/repository/org/apache/hadoop/hadoop-common/3.2.0/hadoop-common-3.2.0-tests.jar:/home/user/.m2/repository/org/apache/hadoop/hadoop-annotations/3.2.0/hadoop-annotations-3.2.0.jar:/usr/lib/jvm/java-1.8-openjdk/jre/../lib/tools.jar:/home/user/.m2/repository/commons-cli/commons-cli/1.2/commons-cli-1.2.jar:/home/user/.m2/repository/org/apache/httpcomponents/httpclient/4.5.2/httpclient-4.5.2.jar:/home/user/.m2/repository/org/apache/httpcomponents/httpcore/4.4.4/httpcore-4.4.4.jar:/home/user/.m2/repository/commons-codec/commons-codec/1.11/commons-codec-1.11.jar:/home/user/.m2/repository/commons-net/commons-net/3.6/commons-net-3.6.jar:/home/user/.m2/repository/commons-collections/commons-collections/3.2.2/commons-collections-3.2.2.jar:/home/user/.m2/repository/org/eclipse/jetty/jetty-servlet/9.3.25.v20180904/jetty-servlet-9.3.25.v20180904.jar:/home/user/.m2/repository/org/eclipse/jetty/jetty-security/9.3.25.v20180904/jetty-security-9.3.25.v20180904.jar:/home/user/.m2/repository/javax/servlet/jsp/jsp-api/2.1/jsp-api-2.1.jar:/home/user/.m2/repository/com/sun/jersey/jersey-servlet/1.19/jersey-servlet-1.19.jar:/home/user/.m2/repository/com/sun/jersey/jersey-json/1.19/jersey-json-1.19.jar:/home/user/.m2/repository/org/codehaus/jettison/jettison/1.1/jettison-1.1.jar:/home/user/.m2/repository/org/codehaus/jackson/jackson-core-asl/1.9.13/jackson-core-asl-1.9.13.jar:/home/user/.m2/repository/org/codehaus/jackson/jackson-mapper-asl/1.9.13/jackson-mapper-asl-1.9.13.jar:/home/user/.m2/repository/org/codehaus/jackson/jackson-jaxrs/1.9.13/jackson-jaxrs-1.9.13.jar:/home/user/.m2/repository/org/codehaus/jackson/jackson-xc/1.9.13/jackson-xc-1.9.13.jar:/home/user/.m2/repository/commons-logging/commons-logging/1.1.3/commons-logging-1.1.3.jar:/home/user/.m2/repository/commons-beanutils/commons-beanutils/1.9.4/commons-beanutils-1.9.4.jar:/home/user/.m2/repository/org/apache/commons/commons-configuration2/2.1.1/commons-configuration2-2.1.1.jar:/home/user/.m2/repository/org/apache/commons/commons-lang3/3.7/commons-lang3-3.7.jar:/home/user/.m2/repository/org/apache/commons/commons-text/1.4/commons-text-1.4.jar:/home/user/.m2/repository/org/apache/avro/avro/1.7.7/avro-1.7.7.jar:/home/user/.m2/repository/com/thoughtworks/paranamer/paranamer/2.3/paranamer-2.3.jar:/home/user/.m2/repository/org/xerial/snappy/snappy-java/1.0.5/snappy-java-1.0.5.jar:/home/user/.m2/repository/com/google/re2j/re2j/1.1/re2j-1.1.jar:/home/user/.m2/repository/com/google/code/gson/gson/2.2.4/gson-2.2.4.jar:/home/user/.m2/repository/com/jcraft/jsch/0.1.54/jsch-0.1.54.jar:/home/user/.m2/repository/org/apache/curator/curator-client/2.12.0/curator-client-2.12.0.jar:/home/user/.m2/repository/org/apache/curator/curator-recipes/2.12.0/curator-recipes-2.12.0.jar:/home/user/.m2/repository/com/google/code/findbugs/jsr305/3.0.0/jsr305-3.0.0.jar:/home/user/.m2/repository/org/apache/htrace/htrace-core4/4.1.0-incubating/htrace-core4-4.1.0-incubating.jar:/home/user/.m2/repository/org/apache/zookeeper/zookeeper/3.4.13/zookeeper-3.4.13.jar:/home/user/.m2/repository/jline/jline/0.9.94/jline-0.9.94.jar:/home/user/.m2/repository/org/apache/yetus/audience-annotations/0.5.0/audience-annotations-0.5.0.jar:/home/user/.m2/repository/org/codehaus/woodstox/stax2-api/3.1.4/stax2-api-3.1.4.jar:/home/user/.m2/repository/com/fasterxml/woodstox/woodstox-core/5.0.3/woodstox-core-5.0.3.jar:/home/user/.m2/repository/dnsjava/dnsjava/2.1.7/dnsjava-2.1.7.jar:/home/user/.m2/repository/org/apache/hadoop/hadoop-hdfs/3.2.0/hadoop-hdfs-3.2.0-tests.jar:/home/user/.m2/repository/org/eclipse/jetty/jetty-util-ajax/9.3.25.v20180904/jetty-util-ajax-9.3.25.v20180904.jar:/home/user/.m2/repository/commons-daemon/commons-daemon/1.0.13/commons-daemon-1.0.13.jar:/home/user/.m2/repository/io/netty/netty/3.10.5.Final/netty-3.10.5.Final.jar:/home/user/.m2/repository/io/netty/netty-all/4.0.52.Final/netty-all-4.0.52.Final.jar:/home/user/.m2/repository/org/fusesource/leveldbjni/leveldbjni-all/1.8/leveldbjni-all-1.8.jar:"/>
    <property name="java.vm.vendor" value="IcedTea"/>
    <property name="sun.arch.data.model" value="64"/>
    <property name="test.build.dir" value="/workdir/hadoop-ozone/integration-test/target/test-dir"/>
    <property name="test.cache.data" value=""/>
    <property name="java.vendor.url" value="https://icedtea.classpath.org"/>
    <property name="user.timezone" value=""/>
    <property name="java.vm.specification.version" value="1.8"/>
    <property name="os.name" value="Linux"/>
    <property name="test.build.data" value="/workdir/hadoop-ozone/integration-test/target/test-dir"/>
    <property name="user.country" value="US"/>
    <property name="sun.java.launcher" value="SUN_STANDARD"/>
    <property name="sun.boot.library.path" value="/usr/lib/jvm/java-1.8-openjdk/jre/lib/amd64"/>
    <property name="sun.java.command" value="/workdir/hadoop-ozone/integration-test/target/surefire/surefirebooter2830901497274810510.jar /workdir/hadoop-ozone/integration-test/target/surefire 2019-10-02T14-31-42_961-jvmRun1 surefire9171341673125787512tmp surefire_613802366977113830260tmp"/>
    <property name="test" value="!TestMiniChaosOzoneCluster"/>
    <property name="surefire.test.class.path" value="/workdir/hadoop-ozone/integration-test/target/test-classes:/workdir/hadoop-ozone/integration-test/target/classes:/home/user/.m2/repository/org/apache/hadoop/hadoop-ozone-common/0.5.0-SNAPSHOT/hadoop-ozone-common-0.5.0-SNAPSHOT.jar:/home/user/.m2/repository/org/apache/commons/commons-compress/1.4.1/commons-compress-1.4.1.jar:/home/user/.m2/repository/org/tukaani/xz/1.0/xz-1.0.jar:/home/user/.m2/repository/org/apache/hadoop/hadoop-common/3.2.0/hadoop-common-3.2.0.jar:/home/user/.m2/repository/org/apache/hadoop/hadoop-hdfs/3.2.0/hadoop-hdfs-3.2.0.jar:/home/user/.m2/repository/org/apache/hadoop/hadoop-hdfs-client/3.2.0/hadoop-hdfs-client-3.2.0.jar:/home/user/.m2/repository/com/fasterxml/jackson/core/jackson-annotations/2.9.9/jackson-annotations-2.9.9.jar:/home/user/.m2/repository/org/apache/hadoop/hadoop-hdds-common/0.5.0-SNAPSHOT/hadoop-hdds-common-0.5.0-SNAPSHOT.jar:/home/user/.m2/repository/javax/annotation/javax.annotation-api/1.2/javax.annotation-api-1.2.jar:/home/user/.m2/repository/org/apache/ratis/ratis-server/0.5.0-201fc85-SNAPSHOT/ratis-server-0.5.0-201fc85-SNAPSHOT.jar:/home/user/.m2/repository/org/apache/ratis/ratis-thirdparty-misc/0.2.0/ratis-thirdparty-misc-0.2.0.jar:/home/user/.m2/repository/org/apache/ratis/ratis-proto/0.5.0-201fc85-SNAPSHOT/ratis-proto-0.5.0-201fc85-SNAPSHOT.jar:/home/user/.m2/repository/org/apache/ratis/ratis-common/0.5.0-201fc85-SNAPSHOT/ratis-common-0.5.0-201fc85-SNAPSHOT.jar:/home/user/.m2/repository/org/apache/ratis/ratis-client/0.5.0-201fc85-SNAPSHOT/ratis-client-0.5.0-201fc85-SNAPSHOT.jar:/home/user/.m2/repository/org/apache/ratis/ratis-metrics/0.5.0-201fc85-SNAPSHOT/ratis-metrics-0.5.0-201fc85-SNAPSHOT.jar:/home/user/.m2/repository/com/github/joshelser/dropwizard-metrics-hadoop-metrics2-reporter/0.1.2/dropwizard-metrics-hadoop-metrics2-reporter-0.1.2.jar:/home/user/.m2/repository/io/dropwizard/metrics/metrics-jvm/3.2.5/metrics-jvm-3.2.5.jar:/home/user/.m2/repository/io/dropwizard/metrics/metrics-ganglia/3.2.5/metrics-ganglia-3.2.5.jar:/home/user/.m2/repository/info/ganglia/gmetric4j/gmetric4j/1.0.7/gmetric4j-1.0.7.jar:/home/user/.m2/repository/org/apache/ratis/ratis-netty/0.5.0-201fc85-SNAPSHOT/ratis-netty-0.5.0-201fc85-SNAPSHOT.jar:/home/user/.m2/repository/org/apache/ratis/ratis-grpc/0.5.0-201fc85-SNAPSHOT/ratis-grpc-0.5.0-201fc85-SNAPSHOT.jar:/home/user/.m2/repository/org/rocksdb/rocksdbjni/6.0.1/rocksdbjni-6.0.1.jar:/home/user/.m2/repository/org/apache/logging/log4j/log4j-api/2.11.0/log4j-api-2.11.0.jar:/home/user/.m2/repository/org/apache/logging/log4j/log4j-core/2.11.0/log4j-core-2.11.0.jar:/home/user/.m2/repository/com/lmax/disruptor/3.4.2/disruptor-3.4.2.jar:/home/user/.m2/repository/org/apache/commons/commons-pool2/2.6.0/commons-pool2-2.6.0.jar:/home/user/.m2/repository/org/bouncycastle/bcpkix-jdk15on/1.60/bcpkix-jdk15on-1.60.jar:/home/user/.m2/repository/commons-validator/commons-validator/1.6/commons-validator-1.6.jar:/home/user/.m2/repository/commons-digester/commons-digester/1.8.1/commons-digester-1.8.1.jar:/home/user/.m2/repository/io/jaegertracing/jaeger-client/0.34.0/jaeger-client-0.34.0.jar:/home/user/.m2/repository/io/jaegertracing/jaeger-thrift/0.34.0/jaeger-thrift-0.34.0.jar:/home/user/.m2/repository/org/apache/thrift/libthrift/0.12.0/libthrift-0.12.0.jar:/home/user/.m2/repository/com/squareup/okhttp3/okhttp/3.9.0/okhttp-3.9.0.jar:/home/user/.m2/repository/com/squareup/okio/okio/1.13.0/okio-1.13.0.jar:/home/user/.m2/repository/io/jaegertracing/jaeger-core/0.34.0/jaeger-core-0.34.0.jar:/home/user/.m2/repository/io/jaegertracing/jaeger-tracerresolver/0.34.0/jaeger-tracerresolver-0.34.0.jar:/home/user/.m2/repository/io/opentracing/contrib/opentracing-tracerresolver/0.1.5/opentracing-tracerresolver-0.1.5.jar:/home/user/.m2/repository/io/opentracing/opentracing-util/0.31.0/opentracing-util-0.31.0.jar:/home/user/.m2/repository/io/opentracing/opentracing-api/0.31.0/opentracing-api-0.31.0.jar:/home/user/.m2/repository/io/opentracing/opentracing-noop/0.31.0/opentracing-noop-0.31.0.jar:/home/user/.m2/repository/org/apache/hadoop/hadoop-hdds-server-framework/0.5.0-SNAPSHOT/hadoop-hdds-server-framework-0.5.0-SNAPSHOT.jar:/home/user/.m2/repository/org/apache/hadoop/hadoop-hdds-container-service/0.5.0-SNAPSHOT/hadoop-hdds-container-service-0.5.0-SNAPSHOT.jar:/home/user/.m2/repository/org/apache/hadoop/hadoop-hdds-client/0.5.0-SNAPSHOT/hadoop-hdds-client-0.5.0-SNAPSHOT.jar:/home/user/.m2/repository/org/apache/hadoop/hadoop-hdds-tools/0.5.0-SNAPSHOT/hadoop-hdds-tools-0.5.0-SNAPSHOT.jar:/home/user/.m2/repository/org/apache/hadoop/hadoop-hdds-server-scm/0.5.0-SNAPSHOT/hadoop-hdds-server-scm-0.5.0-SNAPSHOT.jar:/home/user/.m2/repository/org/apache/hadoop/hadoop-hdds-docs/0.5.0-SNAPSHOT/hadoop-hdds-docs-0.5.0-SNAPSHOT.jar:/home/user/.m2/repository/io/dropwizard/metrics/metrics-core/3.2.4/metrics-core-3.2.4.jar:/home/user/.m2/repository/org/hamcrest/hamcrest-all/1.3/hamcrest-all-1.3.jar:/home/user/.m2/repository/org/bouncycastle/bcprov-jdk15on/1.60/bcprov-jdk15on-1.60.jar:/home/user/.m2/repository/info/picocli/picocli/3.9.6/picocli-3.9.6.jar:/home/user/.m2/repository/com/google/protobuf/protobuf-java/2.5.0/protobuf-java-2.5.0.jar:/home/user/.m2/repository/com/google/guava/guava/11.0.2/guava-11.0.2.jar:/home/user/.m2/repository/org/apache/hadoop/hadoop-ozone-ozone-manager/0.5.0-SNAPSHOT/hadoop-ozone-ozone-manager-0.5.0-SNAPSHOT.jar:/home/user/.m2/repository/org/apache/hadoop/hadoop-minikdc/3.2.0/hadoop-minikdc-3.2.0.jar:/home/user/.m2/repository/commons-io/commons-io/2.5/commons-io-2.5.jar:/home/user/.m2/repository/org/apache/kerby/kerb-simplekdc/1.0.1/kerb-simplekdc-1.0.1.jar:/home/user/.m2/repository/org/apache/kerby/kerb-client/1.0.1/kerb-client-1.0.1.jar:/home/user/.m2/repository/org/apache/kerby/kerby-config/1.0.1/kerby-config-1.0.1.jar:/home/user/.m2/repository/org/apache/kerby/kerb-core/1.0.1/kerb-core-1.0.1.jar:/home/user/.m2/repository/org/apache/kerby/kerby-pkix/1.0.1/kerby-pkix-1.0.1.jar:/home/user/.m2/repository/org/apache/kerby/kerby-asn1/1.0.1/kerby-asn1-1.0.1.jar:/home/user/.m2/repository/org/apache/kerby/kerby-util/1.0.1/kerby-util-1.0.1.jar:/home/user/.m2/repository/org/apache/kerby/kerb-common/1.0.1/kerb-common-1.0.1.jar:/home/user/.m2/repository/org/apache/kerby/kerb-crypto/1.0.1/kerb-crypto-1.0.1.jar:/home/user/.m2/repository/org/apache/kerby/kerb-util/1.0.1/kerb-util-1.0.1.jar:/home/user/.m2/repository/org/apache/kerby/token-provider/1.0.1/token-provider-1.0.1.jar:/home/user/.m2/repository/org/apache/kerby/kerb-admin/1.0.1/kerb-admin-1.0.1.jar:/home/user/.m2/repository/org/apache/kerby/kerb-server/1.0.1/kerb-server-1.0.1.jar:/home/user/.m2/repository/org/apache/kerby/kerb-identity/1.0.1/kerb-identity-1.0.1.jar:/home/user/.m2/repository/org/apache/kerby/kerby-xdr/1.0.1/kerby-xdr-1.0.1.jar:/home/user/.m2/repository/org/slf4j/slf4j-log4j12/1.7.25/slf4j-log4j12-1.7.25.jar:/home/user/.m2/repository/org/apache/hadoop/hadoop-ozone-s3gateway/0.5.0-SNAPSHOT/hadoop-ozone-s3gateway-0.5.0-SNAPSHOT.jar:/home/user/.m2/repository/org/jboss/weld/servlet/weld-servlet/2.4.7.Final/weld-servlet-2.4.7.Final.jar:/home/user/.m2/repository/org/glassfish/jersey/containers/jersey-container-servlet-core/2.27/jersey-container-servlet-core-2.27.jar:/home/user/.m2/repository/org/glassfish/hk2/external/javax.inject/2.5.0-b42/javax.inject-2.5.0-b42.jar:/home/user/.m2/repository/org/glassfish/jersey/core/jersey-common/2.27/jersey-common-2.27.jar:/home/user/.m2/repository/org/glassfish/hk2/osgi-resource-locator/1.0.1/osgi-resource-locator-1.0.1.jar:/home/user/.m2/repository/javax/ws/rs/javax.ws.rs-api/2.1/javax.ws.rs-api-2.1.jar:/home/user/.m2/repository/org/glassfish/jersey/ext/cdi/jersey-cdi1x/2.27/jersey-cdi1x-2.27.jar:/home/user/.m2/repository/org/glassfish/jersey/inject/jersey-hk2/2.27/jersey-hk2-2.27.jar:/home/user/.m2/repository/org/glassfish/hk2/hk2-locator/2.5.0-b42/hk2-locator-2.5.0-b42.jar:/home/user/.m2/repository/org/javassist/javassist/3.22.0-CR2/javassist-3.22.0-CR2.jar:/home/user/.m2/repository/org/glassfish/hk2/hk2-api/2.5.0/hk2-api-2.5.0.jar:/home/user/.m2/repository/org/glassfish/hk2/external/jakarta.inject/2.5.0/jakarta.inject-2.5.0.jar:/home/user/.m2/repository/org/glassfish/hk2/hk2-utils/2.5.0/hk2-utils-2.5.0.jar:/home/user/.m2/repository/jakarta/annotation/jakarta.annotation-api/1.3.4/jakarta.annotation-api-1.3.4.jar:/home/user/.m2/repository/org/glassfish/hk2/external/aopalliance-repackaged/2.5.0/aopalliance-repackaged-2.5.0.jar:/home/user/.m2/repository/com/fasterxml/jackson/dataformat/jackson-dataformat-xml/2.9.0/jackson-dataformat-xml-2.9.0.jar:/home/user/.m2/repository/com/fasterxml/jackson/core/jackson-core/2.9.9/jackson-core-2.9.9.jar:/home/user/.m2/repository/com/fasterxml/jackson/module/jackson-module-jaxb-annotations/2.9.9/jackson-module-jaxb-annotations-2.9.9.jar:/home/user/.m2/repository/javax/enterprise/cdi-api/1.2/cdi-api-1.2.jar:/home/user/.m2/repository/javax/el/javax.el-api/3.0.0/javax.el-api-3.0.0.jar:/home/user/.m2/repository/javax/interceptor/javax.interceptor-api/1.2/javax.interceptor-api-1.2.jar:/home/user/.m2/repository/javax/inject/javax.inject/1/javax.inject-1.jar:/home/user/.m2/repository/com/sun/xml/bind/jaxb-impl/2.3.0.1/jaxb-impl-2.3.0.1.jar:/home/user/.m2/repository/com/sun/xml/bind/jaxb-core/2.3.0.1/jaxb-core-2.3.0.1.jar:/home/user/.m2/repository/javax/xml/bind/jaxb-api/2.3.0/jaxb-api-2.3.0.jar:/home/user/.m2/repository/javax/activation/activation/1.1.1/activation-1.1.1.jar:/home/user/.m2/repository/org/apache/hadoop/hadoop-ozone-csi/0.5.0-SNAPSHOT/hadoop-ozone-csi-0.5.0-SNAPSHOT.jar:/home/user/.m2/repository/com/google/protobuf/protobuf-java-util/3.5.1/protobuf-java-util-3.5.1.jar:/home/user/.m2/repository/org/apache/hadoop/hadoop-hdds-config/0.5.0-SNAPSHOT/hadoop-hdds-config-0.5.0-SNAPSHOT.jar:/home/user/.m2/repository/io/grpc/grpc-netty/1.17.1/grpc-netty-1.17.1.jar:/home/user/.m2/repository/io/grpc/grpc-core/1.17.1/grpc-core-1.17.1.jar:/home/user/.m2/repository/io/grpc/grpc-context/1.17.1/grpc-context-1.17.1.jar:/home/user/.m2/repository/com/google/errorprone/error_prone_annotations/2.2.0/error_prone_annotations-2.2.0.jar:/home/user/.m2/repository/org/codehaus/mojo/animal-sniffer-annotations/1.17/animal-sniffer-annotations-1.17.jar:/home/user/.m2/repository/io/opencensus/opencensus-api/0.17.0/opencensus-api-0.17.0.jar:/home/user/.m2/repository/io/opencensus/opencensus-contrib-grpc-metrics/0.17.0/opencensus-contrib-grpc-metrics-0.17.0.jar:/home/user/.m2/repository/io/netty/netty-codec-http2/4.1.30.Final/netty-codec-http2-4.1.30.Final.jar:/home/user/.m2/repository/io/netty/netty-codec-http/4.1.30.Final/netty-codec-http-4.1.30.Final.jar:/home/user/.m2/repository/io/netty/netty-codec/4.1.30.Final/netty-codec-4.1.30.Final.jar:/home/user/.m2/repository/io/netty/netty-handler/4.1.30.Final/netty-handler-4.1.30.Final.jar:/home/user/.m2/repository/io/netty/netty-handler-proxy/4.1.30.Final/netty-handler-proxy-4.1.30.Final.jar:/home/user/.m2/repository/io/netty/netty-codec-socks/4.1.30.Final/netty-codec-socks-4.1.30.Final.jar:/home/user/.m2/repository/io/netty/netty-transport-native-epoll/4.1.30.Final/netty-transport-native-epoll-4.1.30.Final.jar:/home/user/.m2/repository/io/netty/netty-common/4.1.30.Final/netty-common-4.1.30.Final.jar:/home/user/.m2/repository/io/netty/netty-buffer/4.1.30.Final/netty-buffer-4.1.30.Final.jar:/home/user/.m2/repository/io/netty/netty-transport/4.1.30.Final/netty-transport-4.1.30.Final.jar:/home/user/.m2/repository/io/netty/netty-resolver/4.1.30.Final/netty-resolver-4.1.30.Final.jar:/home/user/.m2/repository/io/netty/netty-transport-native-unix-common/4.1.30.Final/netty-transport-native-unix-common-4.1.30.Final.jar:/home/user/.m2/repository/io/grpc/grpc-protobuf/1.17.1/grpc-protobuf-1.17.1.jar:/home/user/.m2/repository/com/google/api/grpc/proto-google-common-protos/1.0.0/proto-google-common-protos-1.0.0.jar:/home/user/.m2/repository/io/grpc/grpc-protobuf-lite/1.17.1/grpc-protobuf-lite-1.17.1.jar:/home/user/.m2/repository/io/grpc/grpc-stub/1.17.1/grpc-stub-1.17.1.jar:/home/user/.m2/repository/org/apache/hadoop/hadoop-ozone-recon/0.5.0-SNAPSHOT/hadoop-ozone-recon-0.5.0-SNAPSHOT.jar:/home/user/.m2/repository/org/apache/hadoop/hadoop-ozone-reconcodegen/0.5.0-SNAPSHOT/hadoop-ozone-reconcodegen-0.5.0-SNAPSHOT.jar:/home/user/.m2/repository/com/google/inject/extensions/guice-multibindings/4.0/guice-multibindings-4.0.jar:/home/user/.m2/repository/com/google/inject/guice/4.0/guice-4.0.jar:/home/user/.m2/repository/aopalliance/aopalliance/1.0/aopalliance-1.0.jar:/home/user/.m2/repository/com/google/inject/extensions/guice-servlet/4.0/guice-servlet-4.0.jar:/home/user/.m2/repository/org/glassfish/jersey/containers/jersey-container-servlet/2.27/jersey-container-servlet-2.27.jar:/home/user/.m2/repository/org/glassfish/hk2/guice-bridge/2.5.0/guice-bridge-2.5.0.jar:/home/user/.m2/repository/org/glassfish/jersey/core/jersey-server/2.27/jersey-server-2.27.jar:/home/user/.m2/repository/org/glassfish/jersey/core/jersey-client/2.27/jersey-client-2.27.jar:/home/user/.m2/repository/org/glassfish/jersey/media/jersey-media-jaxb/2.27/jersey-media-jaxb-2.27.jar:/home/user/.m2/repository/javax/validation/validation-api/1.1.0.Final/validation-api-1.1.0.Final.jar:/home/user/.m2/repository/org/glassfish/jersey/media/jersey-media-json-jackson/2.27/jersey-media-json-jackson-2.27.jar:/home/user/.m2/repository/org/glassfish/jersey/ext/jersey-entity-filtering/2.27/jersey-entity-filtering-2.27.jar:/home/user/.m2/repository/com/google/inject/extensions/guice-assistedinject/4.0/guice-assistedinject-4.0.jar:/home/user/.m2/repository/org/jooq/jooq/3.11.10/jooq-3.11.10.jar:/home/user/.m2/repository/org/jooq/jooq-meta/3.11.10/jooq-meta-3.11.10.jar:/home/user/.m2/repository/org/jooq/jooq-codegen/3.11.10/jooq-codegen-3.11.10.jar:/home/user/.m2/repository/com/jolbox/bonecp/0.8.0.RELEASE/bonecp-0.8.0.RELEASE.jar:/home/user/.m2/repository/org/xerial/sqlite-jdbc/3.25.2/sqlite-jdbc-3.25.2.jar:/home/user/.m2/repository/org/springframework/spring-jdbc/5.1.3.RELEASE/spring-jdbc-5.1.3.RELEASE.jar:/home/user/.m2/repository/org/springframework/spring-beans/5.1.3.RELEASE/spring-beans-5.1.3.RELEASE.jar:/home/user/.m2/repository/org/springframework/spring-core/5.1.3.RELEASE/spring-core-5.1.3.RELEASE.jar:/home/user/.m2/repository/org/springframework/spring-jcl/5.1.3.RELEASE/spring-jcl-5.1.3.RELEASE.jar:/home/user/.m2/repository/org/springframework/spring-tx/5.1.3.RELEASE/spring-tx-5.1.3.RELEASE.jar:/home/user/.m2/repository/org/apache/hadoop/hadoop-ozone-client/0.5.0-SNAPSHOT/hadoop-ozone-client-0.5.0-SNAPSHOT.jar:/home/user/.m2/repository/commons-lang/commons-lang/2.6/commons-lang-2.6.jar:/home/user/.m2/repository/org/apache/hadoop/hadoop-ozone-ozone-manager/0.5.0-SNAPSHOT/hadoop-ozone-ozone-manager-0.5.0-SNAPSHOT-tests.jar:/home/user/.m2/repository/junit/junit/4.11/junit-4.11.jar:/home/user/.m2/repository/org/hamcrest/hamcrest-core/1.3/hamcrest-core-1.3.jar:/home/user/.m2/repository/org/openjdk/jmh/jmh-core/1.19/jmh-core-1.19.jar:/home/user/.m2/repository/net/sf/jopt-simple/jopt-simple/4.6/jopt-simple-4.6.jar:/home/user/.m2/repository/org/apache/commons/commons-math3/3.1.1/commons-math3-3.1.1.jar:/home/user/.m2/repository/org/openjdk/jmh/jmh-generator-annprocess/1.19/jmh-generator-annprocess-1.19.jar:/home/user/.m2/repository/org/mockito/mockito-all/1.8.5/mockito-all-1.8.5.jar:/home/user/.m2/repository/org/apache/hadoop/hadoop-kms/3.2.0/hadoop-kms-3.2.0.jar:/home/user/.m2/repository/org/apache/hadoop/hadoop-auth/3.2.0/hadoop-auth-3.2.0.jar:/home/user/.m2/repository/com/nimbusds/nimbus-jose-jwt/4.41.1/nimbus-jose-jwt-4.41.1.jar:/home/user/.m2/repository/com/github/stephenc/jcip/jcip-annotations/1.0-1/jcip-annotations-1.0-1.jar:/home/user/.m2/repository/net/minidev/json-smart/2.3/json-smart-2.3.jar:/home/user/.m2/repository/net/minidev/accessors-smart/1.2/accessors-smart-1.2.jar:/home/user/.m2/repository/org/ow2/asm/asm/5.0.4/asm-5.0.4.jar:/home/user/.m2/repository/org/apache/curator/curator-framework/2.12.0/curator-framework-2.12.0.jar:/home/user/.m2/repository/com/sun/jersey/jersey-core/1.19/jersey-core-1.19.jar:/home/user/.m2/repository/javax/ws/rs/jsr311-api/1.1.1/jsr311-api-1.1.1.jar:/home/user/.m2/repository/com/sun/jersey/jersey-server/1.19/jersey-server-1.19.jar:/home/user/.m2/repository/javax/servlet/javax.servlet-api/3.1.0/javax.servlet-api-3.1.0.jar:/home/user/.m2/repository/org/eclipse/jetty/jetty-server/9.3.25.v20180904/jetty-server-9.3.25.v20180904.jar:/home/user/.m2/repository/org/eclipse/jetty/jetty-http/9.3.25.v20180904/jetty-http-9.3.25.v20180904.jar:/home/user/.m2/repository/org/eclipse/jetty/jetty-io/9.3.25.v20180904/jetty-io-9.3.25.v20180904.jar:/home/user/.m2/repository/org/eclipse/jetty/jetty-webapp/9.3.25.v20180904/jetty-webapp-9.3.25.v20180904.jar:/home/user/.m2/repository/org/eclipse/jetty/jetty-xml/9.3.25.v20180904/jetty-xml-9.3.25.v20180904.jar:/home/user/.m2/repository/log4j/log4j/1.2.17/log4j-1.2.17.jar:/home/user/.m2/repository/org/slf4j/slf4j-api/1.7.25/slf4j-api-1.7.25.jar:/home/user/.m2/repository/org/slf4j/jul-to-slf4j/1.7.25/jul-to-slf4j-1.7.25.jar:/home/user/.m2/repository/org/eclipse/jetty/jetty-util/9.3.25.v20180904/jetty-util-9.3.25.v20180904.jar:/home/user/.m2/repository/com/fasterxml/jackson/core/jackson-databind/2.9.9/jackson-databind-2.9.9.jar:/home/user/.m2/repository/org/apache/hadoop/hadoop-kms/3.2.0/hadoop-kms-3.2.0-tests.jar:/home/user/.m2/repository/org/apache/hadoop/hadoop-hdds-server-scm/0.5.0-SNAPSHOT/hadoop-hdds-server-scm-0.5.0-SNAPSHOT-tests.jar:/home/user/.m2/repository/org/apache/hadoop/hadoop-hdds-container-service/0.5.0-SNAPSHOT/hadoop-hdds-container-service-0.5.0-SNAPSHOT-tests.jar:/home/user/.m2/repository/org/yaml/snakeyaml/1.16/snakeyaml-1.16.jar:/home/user/.m2/repository/org/apache/hadoop/hadoop-common/3.2.0/hadoop-common-3.2.0-tests.jar:/home/user/.m2/repository/org/apache/hadoop/hadoop-annotations/3.2.0/hadoop-annotations-3.2.0.jar:/usr/lib/jvm/java-1.8-openjdk/jre/../lib/tools.jar:/home/user/.m2/repository/commons-cli/commons-cli/1.2/commons-cli-1.2.jar:/home/user/.m2/repository/org/apache/httpcomponents/httpclient/4.5.2/httpclient-4.5.2.jar:/home/user/.m2/repository/org/apache/httpcomponents/httpcore/4.4.4/httpcore-4.4.4.jar:/home/user/.m2/repository/commons-codec/commons-codec/1.11/commons-codec-1.11.jar:/home/user/.m2/repository/commons-net/commons-net/3.6/commons-net-3.6.jar:/home/user/.m2/repository/commons-collections/commons-collections/3.2.2/commons-collections-3.2.2.jar:/home/user/.m2/repository/org/eclipse/jetty/jetty-servlet/9.3.25.v20180904/jetty-servlet-9.3.25.v20180904.jar:/home/user/.m2/repository/org/eclipse/jetty/jetty-security/9.3.25.v20180904/jetty-security-9.3.25.v20180904.jar:/home/user/.m2/repository/javax/servlet/jsp/jsp-api/2.1/jsp-api-2.1.jar:/home/user/.m2/repository/com/sun/jersey/jersey-servlet/1.19/jersey-servlet-1.19.jar:/home/user/.m2/repository/com/sun/jersey/jersey-json/1.19/jersey-json-1.19.jar:/home/user/.m2/repository/org/codehaus/jettison/jettison/1.1/jettison-1.1.jar:/home/user/.m2/repository/org/codehaus/jackson/jackson-core-asl/1.9.13/jackson-core-asl-1.9.13.jar:/home/user/.m2/repository/org/codehaus/jackson/jackson-mapper-asl/1.9.13/jackson-mapper-asl-1.9.13.jar:/home/user/.m2/repository/org/codehaus/jackson/jackson-jaxrs/1.9.13/jackson-jaxrs-1.9.13.jar:/home/user/.m2/repository/org/codehaus/jackson/jackson-xc/1.9.13/jackson-xc-1.9.13.jar:/home/user/.m2/repository/commons-logging/commons-logging/1.1.3/commons-logging-1.1.3.jar:/home/user/.m2/repository/commons-beanutils/commons-beanutils/1.9.4/commons-beanutils-1.9.4.jar:/home/user/.m2/repository/org/apache/commons/commons-configuration2/2.1.1/commons-configuration2-2.1.1.jar:/home/user/.m2/repository/org/apache/commons/commons-lang3/3.7/commons-lang3-3.7.jar:/home/user/.m2/repository/org/apache/commons/commons-text/1.4/commons-text-1.4.jar:/home/user/.m2/repository/org/apache/avro/avro/1.7.7/avro-1.7.7.jar:/home/user/.m2/repository/com/thoughtworks/paranamer/paranamer/2.3/paranamer-2.3.jar:/home/user/.m2/repository/org/xerial/snappy/snappy-java/1.0.5/snappy-java-1.0.5.jar:/home/user/.m2/repository/com/google/re2j/re2j/1.1/re2j-1.1.jar:/home/user/.m2/repository/com/google/code/gson/gson/2.2.4/gson-2.2.4.jar:/home/user/.m2/repository/com/jcraft/jsch/0.1.54/jsch-0.1.54.jar:/home/user/.m2/repository/org/apache/curator/curator-client/2.12.0/curator-client-2.12.0.jar:/home/user/.m2/repository/org/apache/curator/curator-recipes/2.12.0/curator-recipes-2.12.0.jar:/home/user/.m2/repository/com/google/code/findbugs/jsr305/3.0.0/jsr305-3.0.0.jar:/home/user/.m2/repository/org/apache/htrace/htrace-core4/4.1.0-incubating/htrace-core4-4.1.0-incubating.jar:/home/user/.m2/repository/org/apache/zookeeper/zookeeper/3.4.13/zookeeper-3.4.13.jar:/home/user/.m2/repository/jline/jline/0.9.94/jline-0.9.94.jar:/home/user/.m2/repository/org/apache/yetus/audience-annotations/0.5.0/audience-annotations-0.5.0.jar:/home/user/.m2/repository/org/codehaus/woodstox/stax2-api/3.1.4/stax2-api-3.1.4.jar:/home/user/.m2/repository/com/fasterxml/woodstox/woodstox-core/5.0.3/woodstox-core-5.0.3.jar:/home/user/.m2/repository/dnsjava/dnsjava/2.1.7/dnsjava-2.1.7.jar:/home/user/.m2/repository/org/apache/hadoop/hadoop-hdfs/3.2.0/hadoop-hdfs-3.2.0-tests.jar:/home/user/.m2/repository/org/eclipse/jetty/jetty-util-ajax/9.3.25.v20180904/jetty-util-ajax-9.3.25.v20180904.jar:/home/user/.m2/repository/commons-daemon/commons-daemon/1.0.13/commons-daemon-1.0.13.jar:/home/user/.m2/repository/io/netty/netty/3.10.5.Final/netty-3.10.5.Final.jar:/home/user/.m2/repository/io/netty/netty-all/4.0.52.Final/netty-all-4.0.52.Final.jar:/home/user/.m2/repository/org/fusesource/leveldbjni/leveldbjni-all/1.8/leveldbjni-all-1.8.jar:"/>
    <property name="sun.cpu.endian" value="little"/>
    <property name="user.home" value="/home/user"/>
    <property name="user.language" value="en"/>
    <property name="java.specification.vendor" value="Oracle Corporation"/>
    <property name="java.home" value="/usr/lib/jvm/java-1.8-openjdk/jre"/>
    <property name="java.security.krb5.conf" value="/workdir/hadoop-ozone/integration-test/target/test-classes/krb5.conf"/>
    <property name="basedir" value="/workdir/hadoop-ozone/integration-test"/>
    <property name="file.separator" value="/"/>
    <property name="line.separator" value="&#10;"/>
    <property name="java.vm.specification.vendor" value="Oracle Corporation"/>
    <property name="java.specification.name" value="Java Platform API Specification"/>
    <property name="java.awt.graphicsenv" value="sun.awt.X11GraphicsEnvironment"/>
    <property name="surefire.real.class.path" value="/workdir/hadoop-ozone/integration-test/target/surefire/surefirebooter2830901497274810510.jar"/>
    <property name="hadoop.log.dir" value="/workdir/hadoop-ozone/integration-test/target/log"/>
    <property name="sun.boot.class.path" value="/usr/lib/jvm/java-1.8-openjdk/jre/lib/resources.jar:/usr/lib/jvm/java-1.8-openjdk/jre/lib/rt.jar:/usr/lib/jvm/java-1.8-openjdk/jre/lib/sunrsasign.jar:/usr/lib/jvm/java-1.8-openjdk/jre/lib/jsse.jar:/usr/lib/jvm/java-1.8-openjdk/jre/lib/jce.jar:/usr/lib/jvm/java-1.8-openjdk/jre/lib/charsets.jar:/usr/lib/jvm/java-1.8-openjdk/jre/lib/jfr.jar:/usr/lib/jvm/java-1.8-openjdk/jre/classes"/>
    <property name="sun.management.compiler" value="HotSpot 64-Bit Tiered Compilers"/>
    <property name="java.runtime.version" value="1.8.0_212-b04"/>
    <property name="java.net.preferIPv4Stack" value="true"/>
    <property name="user.name" value="jenkins1000"/>
    <property name="path.separator" value=":"/>
    <property name="java.security.egd" value="file:///dev/urandom"/>
    <property name="os.version" value="3.10.0-957.12.2.el7.x86_64"/>
    <property name="java.endorsed.dirs" value="/usr/lib/jvm/java-1.8-openjdk/jre/lib/endorsed"/>
    <property name="java.runtime.name" value="OpenJDK Runtime Environment"/>
    <property name="file.encoding" value="UTF-8"/>
    <property name="java.vm.name" value="OpenJDK 64-Bit Server VM"/>
    <property name="test.build.webapps" value=""/>
    <property name="localRepository" value="/home/user/.m2/repository"/>
    <property name="java.vendor.url.bug" value="https://icedtea.classpath.org/bugzilla"/>
    <property name="java.io.tmpdir" value="/tmp"/>
    <property name="require.test.libhadoop" value=""/>
    <property name="java.version" value="1.8.0_212"/>
    <property name="user.dir" value="/workdir/hadoop-ozone/integration-test"/>
    <property name="os.arch" value="amd64"/>
    <property name="java.vm.specification.name" value="Java Virtual Machine Specification"/>
    <property name="test.build.classes" value="/workdir/hadoop-ozone/integration-test/target/test-classes"/>
    <property name="java.awt.printerjob" value="sun.print.PSPrinterJob"/>
    <property name="sun.os.patch.level" value="unknown"/>
    <property name="hadoop.tmp.dir" value="/workdir/hadoop-ozone/integration-test/target/tmp"/>
    <property name="java.library.path" value="/usr/lib/jvm/java-1.8-openjdk/jre/lib/amd64/server:/usr/lib/jvm/java-1.8-openjdk/jre/lib/amd64:/usr/lib/jvm/java-1.8-openjdk/jre/../lib/amd64:/workdir/hadoop-ozone/integration-test/target/native/target/usr/local/lib:/workdir/hadoop-ozone/integration-test/../../hadoop-common-project/hadoop-common/target/native/target/usr/local/lib:/usr/java/packages/lib/amd64:/usr/lib64:/lib64:/lib:/usr/lib"/>
    <property name="java.vm.info" value="mixed mode"/>
    <property name="java.vendor" value="IcedTea"/>
    <property name="java.vm.version" value="25.212-b04"/>
    <property name="java.ext.dirs" value="/usr/lib/jvm/java-1.8-openjdk/jre/lib/ext:/usr/java/packages/lib/ext"/>
    <property name="sun.io.unicode.encoding" value="UnicodeLittle"/>
    <property name="java.class.version" value="52.0"/>
  </properties>
  <testcase name="testWatchForCommitWithKeyWrite" classname="org.apache.hadoop.ozone.client.rpc.TestWatchForCommit" time="59.524"/>
  <testcase name="testWatchForCommitWithSmallerTimeoutValue" classname="org.apache.hadoop.ozone.client.rpc.TestWatchForCommit" time="49.373"/>
  <testcase name="testWatchForCommitForRetryfailure" classname="org.apache.hadoop.ozone.client.rpc.TestWatchForCommit" time="70.808"/>
  <testcase name="testWatchForCommitForGroupMismatchException" classname="org.apache.hadoop.ozone.client.rpc.TestWatchForCommit" time="33.113"/>
  <testcase name="test2WayCommitForTimeoutException" classname="org.apache.hadoop.ozone.client.rpc.TestWatchForCommit" time="23.061">
    <error type="java.util.concurrent.TimeoutException">java.util.concurrent.TimeoutException
	at java.util.concurrent.CompletableFuture.timedGet(CompletableFuture.java:1771)
	at java.util.concurrent.CompletableFuture.get(CompletableFuture.java:1915)
	at org.apache.hadoop.hdds.scm.XceiverClientRatis.watchForCommit(XceiverClientRatis.java:298)
	at org.apache.hadoop.ozone.client.rpc.TestWatchForCommit.test2WayCommitForTimeoutException(TestWatchForCommit.java:391)
	at sun.reflect.NativeMethodAccessorImpl.invoke0(Native Method)
	at sun.reflect.NativeMethodAccessorImpl.invoke(NativeMethodAccessorImpl.java:62)
	at sun.reflect.DelegatingMethodAccessorImpl.invoke(DelegatingMethodAccessorImpl.java:43)
	at java.lang.reflect.Method.invoke(Method.java:498)
	at org.junit.runners.model.FrameworkMethod$1.runReflectiveCall(FrameworkMethod.java:47)
	at org.junit.internal.runners.model.ReflectiveCallable.run(ReflectiveCallable.java:12)
	at org.junit.runners.model.FrameworkMethod.invokeExplosively(FrameworkMethod.java:44)
	at org.junit.internal.runners.statements.InvokeMethod.evaluate(InvokeMethod.java:17)
	at org.junit.runners.ParentRunner.runLeaf(ParentRunner.java:271)
	at org.junit.runners.BlockJUnit4ClassRunner.runChild(BlockJUnit4ClassRunner.java:70)
	at org.junit.runners.BlockJUnit4ClassRunner.runChild(BlockJUnit4ClassRunner.java:50)
	at org.junit.runners.ParentRunner$3.run(ParentRunner.java:238)
	at org.junit.runners.ParentRunner$1.schedule(ParentRunner.java:63)
	at org.junit.runners.ParentRunner.runChildren(ParentRunner.java:236)
	at org.junit.runners.ParentRunner.access$000(ParentRunner.java:53)
	at org.junit.runners.ParentRunner$2.evaluate(ParentRunner.java:229)
	at org.junit.runners.ParentRunner.run(ParentRunner.java:309)
	at org.apache.maven.surefire.junit4.JUnit4Provider.execute(JUnit4Provider.java:365)
	at org.apache.maven.surefire.junit4.JUnit4Provider.executeWithRerun(JUnit4Provider.java:273)
	at org.apache.maven.surefire.junit4.JUnit4Provider.executeTestSet(JUnit4Provider.java:238)
	at org.apache.maven.surefire.junit4.JUnit4Provider.invoke(JUnit4Provider.java:159)
	at org.apache.maven.surefire.booter.ForkedBooter.invokeProviderInSameClassLoader(ForkedBooter.java:384)
	at org.apache.maven.surefire.booter.ForkedBooter.runSuitesInProcess(ForkedBooter.java:345)
	at org.apache.maven.surefire.booter.ForkedBooter.execute(ForkedBooter.java:126)
	at org.apache.maven.surefire.booter.ForkedBooter.main(ForkedBooter.java:418)
</error>
    <system-out><![CDATA[2019-10-02 15:44:28,268 [main] WARN  server.ServerUtils (ServerUtils.java:getScmDbDir(145)) - ozone.scm.db.dirs is not configured. We recommend adding this setting. Falling back to ozone.metadata.dirs instead.
2019-10-02 15:44:28,292 [main] WARN  server.ServerUtils (ServerUtils.java:getScmDbDir(145)) - ozone.scm.db.dirs is not configured. We recommend adding this setting. Falling back to ozone.metadata.dirs instead.
2019-10-02 15:44:28,292 [main] WARN  server.ServerUtils (ServerUtils.java:getScmDbDir(145)) - ozone.scm.db.dirs is not configured. We recommend adding this setting. Falling back to ozone.metadata.dirs instead.
2019-10-02 15:44:28,292 [main] INFO  db.DBStoreBuilder (DBStoreBuilder.java:addTable(110)) - using custom profile for table: deletedBlocks
2019-10-02 15:44:28,293 [main] INFO  db.DBStoreBuilder (DBStoreBuilder.java:processTables(161)) - Using default column profile:DBProfile.DISK for Table:deletedBlocks
2019-10-02 15:44:28,293 [main] INFO  db.DBStoreBuilder (DBStoreBuilder.java:addTable(110)) - using custom profile for table: validCerts
2019-10-02 15:44:28,293 [main] INFO  db.DBStoreBuilder (DBStoreBuilder.java:processTables(161)) - Using default column profile:DBProfile.DISK for Table:validCerts
2019-10-02 15:44:28,293 [main] INFO  db.DBStoreBuilder (DBStoreBuilder.java:addTable(110)) - using custom profile for table: revokedCerts
2019-10-02 15:44:28,293 [main] INFO  db.DBStoreBuilder (DBStoreBuilder.java:processTables(161)) - Using default column profile:DBProfile.DISK for Table:revokedCerts
2019-10-02 15:44:28,293 [main] INFO  db.DBStoreBuilder (DBStoreBuilder.java:addTable(110)) - using custom profile for table: default
2019-10-02 15:44:28,294 [main] INFO  db.DBStoreBuilder (DBStoreBuilder.java:processTables(167)) - Using default column profile:DBProfile.DISK for Table:default
2019-10-02 15:44:28,294 [main] INFO  db.DBStoreBuilder (DBStoreBuilder.java:getDbProfile(198)) - Using default options. DBProfile.DISK
2019-10-02 15:44:28,550 [main] INFO  net.NodeSchemaLoader (NodeSchemaLoader.java:loadSchemaFromFile(125)) - Loading file from sun.misc.CompoundEnumeration@7d2c345d
2019-10-02 15:44:28,550 [main] INFO  net.NodeSchemaLoader (NodeSchemaLoader.java:loadSchema(171)) - Loading network topology layer schema file
2019-10-02 15:44:28,554 [main] WARN  server.ServerUtils (ServerUtils.java:sanitizeUserArgs(70)) - ozone.scm.stale.node.interval value = 300000 is larger than max = 100000 based on the key value of ozone.scm.heartbeat.thread.interval, reset to the max value 100000.
2019-10-02 15:44:28,554 [main] WARN  server.ServerUtils (ServerUtils.java:sanitizeUserArgs(70)) - ozone.scm.stale.node.interval value = 300000 is larger than max = 100000 based on the key value of ozone.scm.heartbeat.thread.interval, reset to the max value 100000.
2019-10-02 15:44:28,554 [main] INFO  node.SCMNodeManager (SCMNodeManager.java:<init>(116)) - Entering startup safe mode.
2019-10-02 15:44:28,555 [main] INFO  algorithms.ContainerPlacementPolicyFactory (ContainerPlacementPolicyFactory.java:getPolicy(57)) - Create container placement policy of type org.apache.hadoop.hdds.scm.container.placement.algorithms.SCMContainerPlacementRandom
2019-10-02 15:44:28,555 [main] WARN  server.ServerUtils (ServerUtils.java:getScmDbDir(145)) - ozone.scm.db.dirs is not configured. We recommend adding this setting. Falling back to ozone.metadata.dirs instead.
2019-10-02 15:44:28,652 [main] INFO  pipeline.SCMPipelineManager (SCMPipelineManager.java:initializePipelineState(132)) - No pipeline exists in current db
2019-10-02 15:44:28,653 [main] WARN  server.ServerUtils (ServerUtils.java:getScmDbDir(145)) - ozone.scm.db.dirs is not configured. We recommend adding this setting. Falling back to ozone.metadata.dirs instead.
2019-10-02 15:44:28,757 [main] WARN  events.EventQueue (EventQueue.java:fireEvent(183)) - No event handler registered for event TypedEvent{payloadType=SafeModeStatus, name='SafeModeStatus'}
2019-10-02 15:44:28,759 [main] INFO  ipc.CallQueueManager (CallQueueManager.java:<init>(84)) - Using callQueue: class java.util.concurrent.LinkedBlockingQueue, queueCapacity: 2000, scheduler: class org.apache.hadoop.ipc.DefaultRpcScheduler, ipcBackoff: false.
2019-10-02 15:44:28,760 [Socket Reader #1 for port 36558] INFO  ipc.Server (Server.java:run(1074)) - Starting Socket Reader #1 for port 36558
2019-10-02 15:44:28,762 [main] INFO  ipc.CallQueueManager (CallQueueManager.java:<init>(84)) - Using callQueue: class java.util.concurrent.LinkedBlockingQueue, queueCapacity: 2000, scheduler: class org.apache.hadoop.ipc.DefaultRpcScheduler, ipcBackoff: false.
2019-10-02 15:44:28,763 [Socket Reader #1 for port 41526] INFO  ipc.Server (Server.java:run(1074)) - Starting Socket Reader #1 for port 41526
2019-10-02 15:44:28,765 [main] INFO  ipc.CallQueueManager (CallQueueManager.java:<init>(84)) - Using callQueue: class java.util.concurrent.LinkedBlockingQueue, queueCapacity: 2000, scheduler: class org.apache.hadoop.ipc.DefaultRpcScheduler, ipcBackoff: false.
2019-10-02 15:44:28,766 [Socket Reader #1 for port 35414] INFO  ipc.Server (Server.java:run(1074)) - Starting Socket Reader #1 for port 35414
2019-10-02 15:44:28,770 [main] INFO  hdfs.DFSUtil (DFSUtil.java:httpServerTemplateForNNAndJN(1641)) - Starting Web-server for scm at: http://0.0.0.0:0
2019-10-02 15:44:28,773 [main] INFO  server.AuthenticationFilter (AuthenticationFilter.java:constructSecretProvider(240)) - Unable to initialize FileSignerSecretProvider, falling back to use random secrets.
2019-10-02 15:44:28,774 [main] WARN  http.HttpRequestLog (HttpRequestLog.java:getRequestLog(97)) - Jetty request log can only be enabled using Log4j
2019-10-02 15:44:28,776 [main] INFO  http.HttpServer2 (HttpServer2.java:addGlobalFilter(975)) - Added global filter 'safety' (class=org.apache.hadoop.http.HttpServer2$QuotingInputFilter)
2019-10-02 15:44:28,777 [main] INFO  http.HttpServer2 (HttpServer2.java:addFilter(948)) - Added filter static_user_filter (class=org.apache.hadoop.http.lib.StaticUserWebFilter$StaticUserFilter) to context scm
2019-10-02 15:44:28,778 [main] INFO  http.HttpServer2 (HttpServer2.java:addFilter(958)) - Added filter static_user_filter (class=org.apache.hadoop.http.lib.StaticUserWebFilter$StaticUserFilter) to context static
2019-10-02 15:44:28,778 [main] INFO  http.HttpServer2 (HttpServer2.java:addFilter(958)) - Added filter static_user_filter (class=org.apache.hadoop.http.lib.StaticUserWebFilter$StaticUserFilter) to context logs
2019-10-02 15:44:28,781 [main] INFO  server.StorageContainerManager (StorageContainerManager.java:start(770)) - StorageContainerLocationProtocol RPC server is listening at /0.0.0.0:35414
2019-10-02 15:44:28,785 [main] WARN  impl.MetricsConfig (MetricsConfig.java:loadFirst(134)) - Cannot locate configuration: tried hadoop-metrics2-storagecontainermanager.properties,hadoop-metrics2.properties
2019-10-02 15:44:28,786 [main] INFO  impl.MetricsSystemImpl (MetricsSystemImpl.java:startTimer(374)) - Scheduled Metric snapshot period at 10 second(s).
2019-10-02 15:44:28,787 [main] INFO  impl.MetricsSystemImpl (MetricsSystemImpl.java:start(191)) - StorageContainerManager metrics system started
2019-10-02 15:44:28,868 [main] WARN  impl.MetricsSystemImpl (MetricsSystemImpl.java:register(276)) - Sink prometheus already exists!
2019-10-02 15:44:28,984 [main] INFO  server.SCMClientProtocolServer (SCMClientProtocolServer.java:start(150)) - RPC server for Client  is listening at /0.0.0.0:35414
2019-10-02 15:44:28,984 [IPC Server Responder] INFO  ipc.Server (Server.java:run(1314)) - IPC Server Responder: starting
2019-10-02 15:44:28,985 [IPC Server listener on 35414] INFO  ipc.Server (Server.java:run(1153)) - IPC Server listener on 35414: starting
2019-10-02 15:44:28,993 [main] INFO  server.StorageContainerManager (StorageContainerManager.java:start(780)) - ScmBlockLocationProtocol RPC server is listening at /0.0.0.0:41526
2019-10-02 15:44:28,993 [main] INFO  server.SCMBlockProtocolServer (SCMBlockProtocolServer.java:start(148)) - RPC server for Block Protocol is listening at /0.0.0.0:41526
2019-10-02 15:44:28,993 [IPC Server Responder] INFO  ipc.Server (Server.java:run(1314)) - IPC Server Responder: starting
2019-10-02 15:44:28,994 [IPC Server listener on 41526] INFO  ipc.Server (Server.java:run(1153)) - IPC Server listener on 41526: starting
2019-10-02 15:44:28,998 [main] INFO  server.StorageContainerManager (StorageContainerManager.java:start(784)) - ScmDatanodeProtocl RPC server is listening at /0.0.0.0:36558
2019-10-02 15:44:28,998 [main] INFO  server.SCMDatanodeProtocolServer (SCMDatanodeProtocolServer.java:start(191)) - RPC server for DataNodes is listening at /0.0.0.0:36558
2019-10-02 15:44:28,999 [IPC Server Responder] INFO  ipc.Server (Server.java:run(1314)) - IPC Server Responder: starting
2019-10-02 15:44:28,999 [IPC Server listener on 36558] INFO  ipc.Server (Server.java:run(1153)) - IPC Server listener on 36558: starting
2019-10-02 15:44:29,003 [main] INFO  http.HttpServer2 (HttpServer2.java:bindListener(1191)) - Jetty bound to port 39219
2019-10-02 15:44:29,003 [main] INFO  server.Server (Server.java:doStart(351)) - jetty-9.3.25.v20180904, build timestamp: 2018-09-04T21:11:46Z, git hash: 3ce520221d0240229c862b122d2b06c12a625732
2019-10-02 15:44:29,005 [main] INFO  handler.ContextHandler (ContextHandler.java:doStart(781)) - Started o.e.j.s.ServletContextHandler@685f5d0d{/logs,file:///workdir/hadoop-ozone/integration-test/target/log,AVAILABLE}
2019-10-02 15:44:29,006 [main] INFO  handler.ContextHandler (ContextHandler.java:doStart(781)) - Started o.e.j.s.ServletContextHandler@3e28d779{/static,file:///workdir/hadoop-ozone/integration-test/target/test-classes/webapps/static,AVAILABLE}
2019-10-02 15:44:29,010 [main] INFO  handler.ContextHandler (ContextHandler.java:doStart(781)) - Started o.e.j.w.WebAppContext@448c92fc{/,file:///workdir/hadoop-ozone/integration-test/target/test-classes/webapps/scm/,AVAILABLE}{/scm}
2019-10-02 15:44:29,010 [main] INFO  server.AbstractConnector (AbstractConnector.java:doStart(278)) - Started ServerConnector@251c8145{HTTP/1.1,[http/1.1]}{0.0.0.0:39219}
2019-10-02 15:44:29,012 [main] INFO  server.Server (Server.java:doStart(419)) - Started @214002ms
2019-10-02 15:44:29,012 [main] WARN  impl.MetricsSystemImpl (MetricsSystemImpl.java:register(276)) - Sink prometheus already exists!
2019-10-02 15:44:29,014 [main] INFO  server.BaseHttpServer (BaseHttpServer.java:updateConnectorAddress(215)) - HTTP server of SCM is listening at http://0.0.0.0:39219
2019-10-02 15:44:29,014 [main] WARN  server.ServerUtils (ServerUtils.java:getDBPath(222)) - ozone.om.db.dirs is not configured. We recommend adding this setting. Falling back to ozone.metadata.dirs instead.
2019-10-02 15:44:29,014 [org.apache.hadoop.util.JvmPauseMonitor$Monitor@7abeabe9] INFO  util.JvmPauseMonitor (JvmPauseMonitor.java:run(188)) - Starting JVM pause monitor
2019-10-02 15:44:29,039 [main] WARN  server.ServerUtils (ServerUtils.java:getDBPath(222)) - ozone.om.db.dirs is not configured. We recommend adding this setting. Falling back to ozone.metadata.dirs instead.
2019-10-02 15:44:29,040 [main] WARN  server.ServerUtils (ServerUtils.java:getDBPath(222)) - ozone.om.db.dirs is not configured. We recommend adding this setting. Falling back to ozone.metadata.dirs instead.
2019-10-02 15:44:29,040 [main] INFO  om.OzoneManager (OzoneManager.java:setOMNodeDetails(652)) - OM Service ID is not set. Setting it to the default ID: omServiceIdDefault
2019-10-02 15:44:29,040 [main] INFO  om.OzoneManager (OzoneManager.java:setOMNodeDetails(658)) - OM Node ID is not set. Setting it to the OmStorage's OmID: 9fe51ec8-d8fa-4ff0-9afc-e23ad7a4adb3
2019-10-02 15:44:29,040 [main] INFO  om.OzoneManager (OzoneManager.java:loadOMHAConfigs(609)) - Found matching OM address with OMServiceId: null, OMNodeId: null, RPC Address: localhost:0 and Ratis port: 9872
2019-10-02 15:44:29,048 [main] WARN  server.ServerUtils (ServerUtils.java:getDBPath(222)) - ozone.om.db.dirs is not configured. We recommend adding this setting. Falling back to ozone.metadata.dirs instead.
2019-10-02 15:44:29,048 [main] INFO  db.DBStoreBuilder (DBStoreBuilder.java:addTable(110)) - using custom profile for table: userTable
2019-10-02 15:44:29,048 [main] INFO  db.DBStoreBuilder (DBStoreBuilder.java:processTables(161)) - Using default column profile:DBProfile.DISK for Table:userTable
2019-10-02 15:44:29,049 [main] INFO  db.DBStoreBuilder (DBStoreBuilder.java:addTable(110)) - using custom profile for table: volumeTable
2019-10-02 15:44:29,049 [main] INFO  db.DBStoreBuilder (DBStoreBuilder.java:processTables(161)) - Using default column profile:DBProfile.DISK for Table:volumeTable
2019-10-02 15:44:29,049 [main] INFO  db.DBStoreBuilder (DBStoreBuilder.java:addTable(110)) - using custom profile for table: bucketTable
2019-10-02 15:44:29,049 [main] INFO  db.DBStoreBuilder (DBStoreBuilder.java:processTables(161)) - Using default column profile:DBProfile.DISK for Table:bucketTable
2019-10-02 15:44:29,049 [main] INFO  db.DBStoreBuilder (DBStoreBuilder.java:addTable(110)) - using custom profile for table: keyTable
2019-10-02 15:44:29,050 [main] INFO  db.DBStoreBuilder (DBStoreBuilder.java:processTables(161)) - Using default column profile:DBProfile.DISK for Table:keyTable
2019-10-02 15:44:29,050 [main] INFO  db.DBStoreBuilder (DBStoreBuilder.java:addTable(110)) - using custom profile for table: deletedTable
2019-10-02 15:44:29,050 [main] INFO  db.DBStoreBuilder (DBStoreBuilder.java:processTables(161)) - Using default column profile:DBProfile.DISK for Table:deletedTable
2019-10-02 15:44:29,050 [main] INFO  db.DBStoreBuilder (DBStoreBuilder.java:addTable(110)) - using custom profile for table: openKeyTable
2019-10-02 15:44:29,050 [main] INFO  db.DBStoreBuilder (DBStoreBuilder.java:processTables(161)) - Using default column profile:DBProfile.DISK for Table:openKeyTable
2019-10-02 15:44:29,051 [main] INFO  db.DBStoreBuilder (DBStoreBuilder.java:addTable(110)) - using custom profile for table: s3Table
2019-10-02 15:44:29,051 [main] INFO  db.DBStoreBuilder (DBStoreBuilder.java:processTables(161)) - Using default column profile:DBProfile.DISK for Table:s3Table
2019-10-02 15:44:29,051 [main] INFO  db.DBStoreBuilder (DBStoreBuilder.java:addTable(110)) - using custom profile for table: multipartInfoTable
2019-10-02 15:44:29,051 [main] INFO  db.DBStoreBuilder (DBStoreBuilder.java:processTables(161)) - Using default column profile:DBProfile.DISK for Table:multipartInfoTable
2019-10-02 15:44:29,051 [main] INFO  db.DBStoreBuilder (DBStoreBuilder.java:addTable(110)) - using custom profile for table: dTokenTable
2019-10-02 15:44:29,051 [main] INFO  db.DBStoreBuilder (DBStoreBuilder.java:processTables(161)) - Using default column profile:DBProfile.DISK for Table:dTokenTable
2019-10-02 15:44:29,052 [main] INFO  db.DBStoreBuilder (DBStoreBuilder.java:addTable(110)) - using custom profile for table: s3SecretTable
2019-10-02 15:44:29,052 [main] INFO  db.DBStoreBuilder (DBStoreBuilder.java:processTables(161)) - Using default column profile:DBProfile.DISK for Table:s3SecretTable
2019-10-02 15:44:29,052 [main] INFO  db.DBStoreBuilder (DBStoreBuilder.java:addTable(110)) - using custom profile for table: prefixTable
2019-10-02 15:44:29,052 [main] INFO  db.DBStoreBuilder (DBStoreBuilder.java:processTables(161)) - Using default column profile:DBProfile.DISK for Table:prefixTable
2019-10-02 15:44:29,052 [main] INFO  db.DBStoreBuilder (DBStoreBuilder.java:addTable(110)) - using custom profile for table: default
2019-10-02 15:44:29,053 [main] INFO  db.DBStoreBuilder (DBStoreBuilder.java:processTables(167)) - Using default column profile:DBProfile.DISK for Table:default
2019-10-02 15:44:29,053 [main] INFO  db.DBStoreBuilder (DBStoreBuilder.java:getDbProfile(198)) - Using default options. DBProfile.DISK
2019-10-02 15:44:29,765 [main] INFO  ipc.CallQueueManager (CallQueueManager.java:<init>(84)) - Using callQueue: class java.util.concurrent.LinkedBlockingQueue, queueCapacity: 2000, scheduler: class org.apache.hadoop.ipc.DefaultRpcScheduler, ipcBackoff: false.
2019-10-02 15:44:29,766 [Socket Reader #1 for port 37000] INFO  ipc.Server (Server.java:run(1074)) - Starting Socket Reader #1 for port 37000
2019-10-02 15:44:29,781 [main] INFO  om.OzoneManager (OzoneManager.java:start(1243)) - OzoneManager RPC server is listening at localhost/127.0.0.1:37000
2019-10-02 15:44:29,782 [main] INFO  impl.MetricsSystemImpl (MetricsSystemImpl.java:init(158)) - OzoneManager metrics system started (again)
2019-10-02 15:44:29,783 [IPC Server Responder] INFO  ipc.Server (Server.java:run(1314)) - IPC Server Responder: starting
2019-10-02 15:44:29,783 [IPC Server listener on 37000] INFO  ipc.Server (Server.java:run(1153)) - IPC Server listener on 37000: starting
2019-10-02 15:44:29,788 [main] INFO  hdfs.DFSUtil (DFSUtil.java:httpServerTemplateForNNAndJN(1641)) - Starting Web-server for ozoneManager at: http://0.0.0.0:0
2019-10-02 15:44:29,789 [main] INFO  server.AuthenticationFilter (AuthenticationFilter.java:constructSecretProvider(240)) - Unable to initialize FileSignerSecretProvider, falling back to use random secrets.
2019-10-02 15:44:29,790 [main] WARN  http.HttpRequestLog (HttpRequestLog.java:getRequestLog(97)) - Jetty request log can only be enabled using Log4j
2019-10-02 15:44:29,791 [main] INFO  http.HttpServer2 (HttpServer2.java:addGlobalFilter(975)) - Added global filter 'safety' (class=org.apache.hadoop.http.HttpServer2$QuotingInputFilter)
2019-10-02 15:44:29,792 [main] INFO  http.HttpServer2 (HttpServer2.java:addFilter(948)) - Added filter static_user_filter (class=org.apache.hadoop.http.lib.StaticUserWebFilter$StaticUserFilter) to context ozoneManager
2019-10-02 15:44:29,792 [main] INFO  http.HttpServer2 (HttpServer2.java:addFilter(958)) - Added filter static_user_filter (class=org.apache.hadoop.http.lib.StaticUserWebFilter$StaticUserFilter) to context static
2019-10-02 15:44:29,792 [main] INFO  http.HttpServer2 (HttpServer2.java:addFilter(958)) - Added filter static_user_filter (class=org.apache.hadoop.http.lib.StaticUserWebFilter$StaticUserFilter) to context logs
2019-10-02 15:44:29,793 [main] INFO  http.HttpServer2 (HttpServer2.java:bindListener(1191)) - Jetty bound to port 36175
2019-10-02 15:44:29,793 [main] INFO  server.Server (Server.java:doStart(351)) - jetty-9.3.25.v20180904, build timestamp: 2018-09-04T21:11:46Z, git hash: 3ce520221d0240229c862b122d2b06c12a625732
2019-10-02 15:44:29,795 [main] INFO  handler.ContextHandler (ContextHandler.java:doStart(781)) - Started o.e.j.s.ServletContextHandler@76cdafa3{/logs,file:///workdir/hadoop-ozone/integration-test/target/log,AVAILABLE}
2019-10-02 15:44:29,795 [main] INFO  handler.ContextHandler (ContextHandler.java:doStart(781)) - Started o.e.j.s.ServletContextHandler@4fb64e14{/static,file:///workdir/hadoop-ozone/integration-test/target/test-classes/webapps/static,AVAILABLE}
2019-10-02 15:44:29,799 [main] INFO  handler.ContextHandler (ContextHandler.java:doStart(781)) - Started o.e.j.w.WebAppContext@6e9a0bea{/,file:///workdir/hadoop-ozone/integration-test/target/test-classes/webapps/ozoneManager/,AVAILABLE}{/ozoneManager}
2019-10-02 15:44:29,799 [main] INFO  server.AbstractConnector (AbstractConnector.java:doStart(278)) - Started ServerConnector@28fc1132{HTTP/1.1,[http/1.1]}{0.0.0.0:36175}
2019-10-02 15:44:29,801 [main] INFO  server.Server (Server.java:doStart(419)) - Started @214792ms
2019-10-02 15:44:29,801 [main] WARN  impl.MetricsSystemImpl (MetricsSystemImpl.java:register(276)) - Sink prometheus already exists!
2019-10-02 15:44:29,801 [main] INFO  server.BaseHttpServer (BaseHttpServer.java:updateConnectorAddress(215)) - HTTP server of OZONEMANAGER is listening at http://0.0.0.0:36175
2019-10-02 15:44:29,815 [main] INFO  impl.MetricsSystemImpl (MetricsSystemImpl.java:init(158)) - HddsDatanode metrics system started (again)
2019-10-02 15:44:29,819 [main] INFO  ozone.HddsDatanodeService (HddsDatanodeService.java:start(184)) - HddsDatanodeService host:pr-hdds-2199-dnstouuidmap-kd262-1141434179 ip:192.168.30.18
2019-10-02 15:44:29,827 [main] INFO  volume.HddsVolume (HddsVolume.java:<init>(176)) - Creating Volume: /workdir/hadoop-ozone/integration-test/target/test-dir/MiniOzoneClusterImpl-a6af883a-1c5c-4b71-a72c-09f1d51d3e43/datanode-0/data/containers/hdds of  storage type : DISK and capacity : 1482555576320
2019-10-02 15:44:29,827 [main] INFO  volume.VolumeSet (VolumeSet.java:initializeVolumeSet(170)) - Added Volume : /workdir/hadoop-ozone/integration-test/target/test-dir/MiniOzoneClusterImpl-a6af883a-1c5c-4b71-a72c-09f1d51d3e43/datanode-0/data/containers/hdds to VolumeSet
2019-10-02 15:44:29,827 [main] INFO  volume.ThrottledAsyncChecker (ThrottledAsyncChecker.java:schedule(139)) - Scheduling a check for org.apache.hadoop.ozone.container.common.volume.HddsVolume@8e99809
2019-10-02 15:44:29,829 [main] INFO  volume.HddsVolumeChecker (HddsVolumeChecker.java:checkAllVolumes(202)) - Scheduled health check for volume org.apache.hadoop.ozone.container.common.volume.HddsVolume@8e99809
2019-10-02 15:44:29,841 [main] INFO  impl.RaftServerProxy (ConfUtils.java:logGet(43)) - raft.rpc.type = GRPC (default)
2019-10-02 15:44:29,841 [main] INFO  grpc.GrpcFactory (GrpcFactory.java:checkPooledByteBufAllocatorUseCacheForAllThreads(45)) - PERFORMANCE WARNING: useCacheForAllThreads is true that may cause Netty to create a lot garbage objects and, as a result, trigger GC.
	It is recommended to disable useCacheForAllThreads by setting -Dorg.apache.ratis.thirdparty.io.netty.allocator.useCacheForAllThreads=false in command line.
2019-10-02 15:44:29,842 [main] INFO  grpc.GrpcConfigKeys$Server (ConfUtils.java:logGet(43)) - raft.grpc.server.port = 0 (default)
2019-10-02 15:44:29,842 [main] INFO  server.GrpcService (ConfUtils.java:logGet(43)) - raft.grpc.message.size.max = 33570816 (custom)
2019-10-02 15:44:29,842 [main] INFO  server.RaftServerConfigKeys (ConfUtils.java:logGet(43)) - raft.server.log.appender.buffer.byte-limit = 33554432 (custom)
2019-10-02 15:44:29,842 [main] INFO  server.GrpcService (ConfUtils.java:logGet(43)) - raft.grpc.flow.control.window = 1MB (=1048576) (default)
2019-10-02 15:44:29,842 [main] INFO  server.RaftServerConfigKeys (ConfUtils.java:logGet(43)) - raft.server.rpc.request.timeout = 3000ms (default)
2019-10-02 15:44:29,843 [main] INFO  server.RaftServerConfigKeys (ConfUtils.java:logGet(43)) - raft.server.storage.dir = [/workdir/hadoop-ozone/integration-test/target/test-dir/MiniOzoneClusterImpl-a6af883a-1c5c-4b71-a72c-09f1d51d3e43/datanode-0/data/ratis] (custom)
2019-10-02 15:44:29,845 [main] INFO  hdfs.DFSUtil (DFSUtil.java:httpServerTemplateForNNAndJN(1641)) - Starting Web-server for hddsDatanode at: http://0.0.0.0:0
2019-10-02 15:44:29,846 [main] INFO  server.AuthenticationFilter (AuthenticationFilter.java:constructSecretProvider(240)) - Unable to initialize FileSignerSecretProvider, falling back to use random secrets.
2019-10-02 15:44:29,846 [main] WARN  http.HttpRequestLog (HttpRequestLog.java:getRequestLog(97)) - Jetty request log can only be enabled using Log4j
2019-10-02 15:44:29,847 [main] INFO  http.HttpServer2 (HttpServer2.java:addGlobalFilter(975)) - Added global filter 'safety' (class=org.apache.hadoop.http.HttpServer2$QuotingInputFilter)
2019-10-02 15:44:29,847 [main] INFO  http.HttpServer2 (HttpServer2.java:addFilter(948)) - Added filter static_user_filter (class=org.apache.hadoop.http.lib.StaticUserWebFilter$StaticUserFilter) to context hddsDatanode
2019-10-02 15:44:29,848 [main] INFO  http.HttpServer2 (HttpServer2.java:addFilter(958)) - Added filter static_user_filter (class=org.apache.hadoop.http.lib.StaticUserWebFilter$StaticUserFilter) to context static
2019-10-02 15:44:29,848 [main] INFO  http.HttpServer2 (HttpServer2.java:addFilter(958)) - Added filter static_user_filter (class=org.apache.hadoop.http.lib.StaticUserWebFilter$StaticUserFilter) to context logs
2019-10-02 15:44:29,848 [main] INFO  http.HttpServer2 (HttpServer2.java:bindListener(1191)) - Jetty bound to port 33297
2019-10-02 15:44:29,848 [main] INFO  server.Server (Server.java:doStart(351)) - jetty-9.3.25.v20180904, build timestamp: 2018-09-04T21:11:46Z, git hash: 3ce520221d0240229c862b122d2b06c12a625732
2019-10-02 15:44:29,850 [main] INFO  handler.ContextHandler (ContextHandler.java:doStart(781)) - Started o.e.j.s.ServletContextHandler@3d3c886f{/logs,file:///workdir/hadoop-ozone/integration-test/target/log,AVAILABLE}
2019-10-02 15:44:29,850 [main] INFO  handler.ContextHandler (ContextHandler.java:doStart(781)) - Started o.e.j.s.ServletContextHandler@666618d6{/static,jar:file:/home/user/.m2/repository/org/apache/hadoop/hadoop-hdds-container-service/0.5.0-SNAPSHOT/hadoop-hdds-container-service-0.5.0-SNAPSHOT.jar!/webapps/static,AVAILABLE}
2019-10-02 15:44:29,877 [main] INFO  handler.ContextHandler (ContextHandler.java:doStart(781)) - Started o.e.j.w.WebAppContext@72465eb2{/,file:///tmp/jetty-0.0.0.0-33297-hddsDatanode-_-any-8610847433974171844.dir/webapp/,AVAILABLE}{/hddsDatanode}
2019-10-02 15:44:29,878 [main] INFO  server.AbstractConnector (AbstractConnector.java:doStart(278)) - Started ServerConnector@478fb7dc{HTTP/1.1,[http/1.1]}{0.0.0.0:33297}
2019-10-02 15:44:29,879 [main] INFO  server.Server (Server.java:doStart(419)) - Started @214870ms
2019-10-02 15:44:29,879 [main] WARN  impl.MetricsSystemImpl (MetricsSystemImpl.java:register(276)) - Sink prometheus already exists!
2019-10-02 15:44:29,880 [main] INFO  server.BaseHttpServer (BaseHttpServer.java:updateConnectorAddress(215)) - HTTP server of HDDSDATANODE is listening at http://0.0.0.0:33297
2019-10-02 15:44:29,881 [main] INFO  impl.MetricsSystemImpl (MetricsSystemImpl.java:init(158)) - HddsDatanode metrics system started (again)
2019-10-02 15:44:29,885 [main] INFO  ozone.HddsDatanodeService (HddsDatanodeService.java:start(184)) - HddsDatanodeService host:pr-hdds-2199-dnstouuidmap-kd262-1141434179 ip:192.168.30.18
2019-10-02 15:44:29,885 [org.apache.hadoop.util.JvmPauseMonitor$Monitor@219ed3da] INFO  util.JvmPauseMonitor (JvmPauseMonitor.java:run(188)) - Starting JVM pause monitor
2019-10-02 15:44:29,887 [Datanode State Machine Thread - 0] INFO  datanode.InitDatanodeState (InitDatanodeState.java:persistContainerDatanodeDetails(140)) - DatanodeDetails is persisted to /workdir/hadoop-ozone/integration-test/target/test-dir/MiniOzoneClusterImpl-a6af883a-1c5c-4b71-a72c-09f1d51d3e43/datanode-0/meta/datanode.id
2019-10-02 15:44:29,891 [main] INFO  volume.HddsVolume (HddsVolume.java:<init>(176)) - Creating Volume: /workdir/hadoop-ozone/integration-test/target/test-dir/MiniOzoneClusterImpl-a6af883a-1c5c-4b71-a72c-09f1d51d3e43/datanode-1/data/containers/hdds of  storage type : DISK and capacity : 1482555576320
2019-10-02 15:44:29,892 [main] INFO  volume.VolumeSet (VolumeSet.java:initializeVolumeSet(170)) - Added Volume : /workdir/hadoop-ozone/integration-test/target/test-dir/MiniOzoneClusterImpl-a6af883a-1c5c-4b71-a72c-09f1d51d3e43/datanode-1/data/containers/hdds to VolumeSet
2019-10-02 15:44:29,892 [main] INFO  volume.ThrottledAsyncChecker (ThrottledAsyncChecker.java:schedule(139)) - Scheduling a check for org.apache.hadoop.ozone.container.common.volume.HddsVolume@601d6622
2019-10-02 15:44:29,892 [main] INFO  volume.HddsVolumeChecker (HddsVolumeChecker.java:checkAllVolumes(202)) - Scheduled health check for volume org.apache.hadoop.ozone.container.common.volume.HddsVolume@601d6622
2019-10-02 15:44:29,905 [main] INFO  impl.RaftServerProxy (ConfUtils.java:logGet(43)) - raft.rpc.type = GRPC (default)
2019-10-02 15:44:29,905 [main] INFO  grpc.GrpcFactory (GrpcFactory.java:checkPooledByteBufAllocatorUseCacheForAllThreads(45)) - PERFORMANCE WARNING: useCacheForAllThreads is true that may cause Netty to create a lot garbage objects and, as a result, trigger GC.
	It is recommended to disable useCacheForAllThreads by setting -Dorg.apache.ratis.thirdparty.io.netty.allocator.useCacheForAllThreads=false in command line.
2019-10-02 15:44:29,905 [main] INFO  grpc.GrpcConfigKeys$Server (ConfUtils.java:logGet(43)) - raft.grpc.server.port = 0 (default)
2019-10-02 15:44:29,906 [main] INFO  server.GrpcService (ConfUtils.java:logGet(43)) - raft.grpc.message.size.max = 33570816 (custom)
2019-10-02 15:44:29,906 [main] INFO  server.RaftServerConfigKeys (ConfUtils.java:logGet(43)) - raft.server.log.appender.buffer.byte-limit = 33554432 (custom)
2019-10-02 15:44:29,906 [main] INFO  server.GrpcService (ConfUtils.java:logGet(43)) - raft.grpc.flow.control.window = 1MB (=1048576) (default)
2019-10-02 15:44:29,906 [main] INFO  server.RaftServerConfigKeys (ConfUtils.java:logGet(43)) - raft.server.rpc.request.timeout = 3000ms (default)
2019-10-02 15:44:29,907 [main] INFO  server.RaftServerConfigKeys (ConfUtils.java:logGet(43)) - raft.server.storage.dir = [/workdir/hadoop-ozone/integration-test/target/test-dir/MiniOzoneClusterImpl-a6af883a-1c5c-4b71-a72c-09f1d51d3e43/datanode-1/data/ratis] (custom)
2019-10-02 15:44:29,908 [main] INFO  hdfs.DFSUtil (DFSUtil.java:httpServerTemplateForNNAndJN(1641)) - Starting Web-server for hddsDatanode at: http://0.0.0.0:0
2019-10-02 15:44:29,909 [main] INFO  server.AuthenticationFilter (AuthenticationFilter.java:constructSecretProvider(240)) - Unable to initialize FileSignerSecretProvider, falling back to use random secrets.
2019-10-02 15:44:29,909 [main] WARN  http.HttpRequestLog (HttpRequestLog.java:getRequestLog(97)) - Jetty request log can only be enabled using Log4j
2019-10-02 15:44:29,910 [main] INFO  http.HttpServer2 (HttpServer2.java:addGlobalFilter(975)) - Added global filter 'safety' (class=org.apache.hadoop.http.HttpServer2$QuotingInputFilter)
2019-10-02 15:44:29,910 [main] INFO  http.HttpServer2 (HttpServer2.java:addFilter(948)) - Added filter static_user_filter (class=org.apache.hadoop.http.lib.StaticUserWebFilter$StaticUserFilter) to context hddsDatanode
2019-10-02 15:44:29,911 [main] INFO  http.HttpServer2 (HttpServer2.java:addFilter(958)) - Added filter static_user_filter (class=org.apache.hadoop.http.lib.StaticUserWebFilter$StaticUserFilter) to context logs
2019-10-02 15:44:29,911 [main] INFO  http.HttpServer2 (HttpServer2.java:addFilter(958)) - Added filter static_user_filter (class=org.apache.hadoop.http.lib.StaticUserWebFilter$StaticUserFilter) to context static
2019-10-02 15:44:29,911 [main] INFO  http.HttpServer2 (HttpServer2.java:bindListener(1191)) - Jetty bound to port 34668
2019-10-02 15:44:29,911 [main] INFO  server.Server (Server.java:doStart(351)) - jetty-9.3.25.v20180904, build timestamp: 2018-09-04T21:11:46Z, git hash: 3ce520221d0240229c862b122d2b06c12a625732
2019-10-02 15:44:29,913 [main] INFO  handler.ContextHandler (ContextHandler.java:doStart(781)) - Started o.e.j.s.ServletContextHandler@615efd1c{/logs,file:///workdir/hadoop-ozone/integration-test/target/log,AVAILABLE}
2019-10-02 15:44:29,913 [main] INFO  handler.ContextHandler (ContextHandler.java:doStart(781)) - Started o.e.j.s.ServletContextHandler@2a8dd942{/static,jar:file:/home/user/.m2/repository/org/apache/hadoop/hadoop-hdds-container-service/0.5.0-SNAPSHOT/hadoop-hdds-container-service-0.5.0-SNAPSHOT.jar!/webapps/static,AVAILABLE}
2019-10-02 15:44:29,940 [main] INFO  handler.ContextHandler (ContextHandler.java:doStart(781)) - Started o.e.j.w.WebAppContext@24134cbc{/,file:///tmp/jetty-0.0.0.0-34668-hddsDatanode-_-any-6134563483048973849.dir/webapp/,AVAILABLE}{/hddsDatanode}
2019-10-02 15:44:29,940 [main] INFO  server.AbstractConnector (AbstractConnector.java:doStart(278)) - Started ServerConnector@65da01f4{HTTP/1.1,[http/1.1]}{0.0.0.0:34668}
2019-10-02 15:44:29,942 [main] INFO  server.Server (Server.java:doStart(419)) - Started @214933ms
2019-10-02 15:44:29,942 [main] WARN  impl.MetricsSystemImpl (MetricsSystemImpl.java:register(276)) - Sink prometheus already exists!
2019-10-02 15:44:29,943 [main] INFO  server.BaseHttpServer (BaseHttpServer.java:updateConnectorAddress(215)) - HTTP server of HDDSDATANODE is listening at http://0.0.0.0:34668
2019-10-02 15:44:29,943 [main] INFO  impl.MetricsSystemImpl (MetricsSystemImpl.java:init(158)) - HddsDatanode metrics system started (again)
2019-10-02 15:44:29,947 [main] INFO  ozone.HddsDatanodeService (HddsDatanodeService.java:start(184)) - HddsDatanodeService host:pr-hdds-2199-dnstouuidmap-kd262-1141434179 ip:192.168.30.18
2019-10-02 15:44:29,947 [org.apache.hadoop.util.JvmPauseMonitor$Monitor@4f0dbad8] INFO  util.JvmPauseMonitor (JvmPauseMonitor.java:run(188)) - Starting JVM pause monitor
2019-10-02 15:44:29,948 [Datanode State Machine Thread - 0] INFO  datanode.InitDatanodeState (InitDatanodeState.java:persistContainerDatanodeDetails(140)) - DatanodeDetails is persisted to /workdir/hadoop-ozone/integration-test/target/test-dir/MiniOzoneClusterImpl-a6af883a-1c5c-4b71-a72c-09f1d51d3e43/datanode-1/meta/datanode.id
2019-10-02 15:44:29,954 [main] INFO  volume.HddsVolume (HddsVolume.java:<init>(176)) - Creating Volume: /workdir/hadoop-ozone/integration-test/target/test-dir/MiniOzoneClusterImpl-a6af883a-1c5c-4b71-a72c-09f1d51d3e43/datanode-2/data/containers/hdds of  storage type : DISK and capacity : 1482555576320
2019-10-02 15:44:29,954 [main] INFO  volume.VolumeSet (VolumeSet.java:initializeVolumeSet(170)) - Added Volume : /workdir/hadoop-ozone/integration-test/target/test-dir/MiniOzoneClusterImpl-a6af883a-1c5c-4b71-a72c-09f1d51d3e43/datanode-2/data/containers/hdds to VolumeSet
2019-10-02 15:44:29,954 [main] INFO  volume.ThrottledAsyncChecker (ThrottledAsyncChecker.java:schedule(139)) - Scheduling a check for org.apache.hadoop.ozone.container.common.volume.HddsVolume@5c3d4f05
2019-10-02 15:44:29,955 [main] INFO  volume.HddsVolumeChecker (HddsVolumeChecker.java:checkAllVolumes(202)) - Scheduled health check for volume org.apache.hadoop.ozone.container.common.volume.HddsVolume@5c3d4f05
2019-10-02 15:44:29,966 [main] INFO  impl.RaftServerProxy (ConfUtils.java:logGet(43)) - raft.rpc.type = GRPC (default)
2019-10-02 15:44:29,966 [main] INFO  grpc.GrpcFactory (GrpcFactory.java:checkPooledByteBufAllocatorUseCacheForAllThreads(45)) - PERFORMANCE WARNING: useCacheForAllThreads is true that may cause Netty to create a lot garbage objects and, as a result, trigger GC.
	It is recommended to disable useCacheForAllThreads by setting -Dorg.apache.ratis.thirdparty.io.netty.allocator.useCacheForAllThreads=false in command line.
2019-10-02 15:44:29,966 [main] INFO  grpc.GrpcConfigKeys$Server (ConfUtils.java:logGet(43)) - raft.grpc.server.port = 0 (default)
2019-10-02 15:44:29,967 [main] INFO  server.GrpcService (ConfUtils.java:logGet(43)) - raft.grpc.message.size.max = 33570816 (custom)
2019-10-02 15:44:29,967 [main] INFO  server.RaftServerConfigKeys (ConfUtils.java:logGet(43)) - raft.server.log.appender.buffer.byte-limit = 33554432 (custom)
2019-10-02 15:44:29,967 [main] INFO  server.GrpcService (ConfUtils.java:logGet(43)) - raft.grpc.flow.control.window = 1MB (=1048576) (default)
2019-10-02 15:44:29,967 [main] INFO  server.RaftServerConfigKeys (ConfUtils.java:logGet(43)) - raft.server.rpc.request.timeout = 3000ms (default)
2019-10-02 15:44:29,968 [main] INFO  server.RaftServerConfigKeys (ConfUtils.java:logGet(43)) - raft.server.storage.dir = [/workdir/hadoop-ozone/integration-test/target/test-dir/MiniOzoneClusterImpl-a6af883a-1c5c-4b71-a72c-09f1d51d3e43/datanode-2/data/ratis] (custom)
2019-10-02 15:44:29,969 [main] INFO  hdfs.DFSUtil (DFSUtil.java:httpServerTemplateForNNAndJN(1641)) - Starting Web-server for hddsDatanode at: http://0.0.0.0:0
2019-10-02 15:44:29,970 [main] INFO  server.AuthenticationFilter (AuthenticationFilter.java:constructSecretProvider(240)) - Unable to initialize FileSignerSecretProvider, falling back to use random secrets.
2019-10-02 15:44:29,970 [main] WARN  http.HttpRequestLog (HttpRequestLog.java:getRequestLog(97)) - Jetty request log can only be enabled using Log4j
2019-10-02 15:44:29,971 [main] INFO  http.HttpServer2 (HttpServer2.java:addGlobalFilter(975)) - Added global filter 'safety' (class=org.apache.hadoop.http.HttpServer2$QuotingInputFilter)
2019-10-02 15:44:29,972 [main] INFO  http.HttpServer2 (HttpServer2.java:addFilter(948)) - Added filter static_user_filter (class=org.apache.hadoop.http.lib.StaticUserWebFilter$StaticUserFilter) to context hddsDatanode
2019-10-02 15:44:29,972 [main] INFO  http.HttpServer2 (HttpServer2.java:addFilter(958)) - Added filter static_user_filter (class=org.apache.hadoop.http.lib.StaticUserWebFilter$StaticUserFilter) to context logs
2019-10-02 15:44:29,972 [main] INFO  http.HttpServer2 (HttpServer2.java:addFilter(958)) - Added filter static_user_filter (class=org.apache.hadoop.http.lib.StaticUserWebFilter$StaticUserFilter) to context static
2019-10-02 15:44:29,972 [main] INFO  http.HttpServer2 (HttpServer2.java:bindListener(1191)) - Jetty bound to port 33877
2019-10-02 15:44:29,973 [main] INFO  server.Server (Server.java:doStart(351)) - jetty-9.3.25.v20180904, build timestamp: 2018-09-04T21:11:46Z, git hash: 3ce520221d0240229c862b122d2b06c12a625732
2019-10-02 15:44:29,974 [main] INFO  handler.ContextHandler (ContextHandler.java:doStart(781)) - Started o.e.j.s.ServletContextHandler@34a20f16{/logs,file:///workdir/hadoop-ozone/integration-test/target/log,AVAILABLE}
2019-10-02 15:44:29,974 [main] INFO  handler.ContextHandler (ContextHandler.java:doStart(781)) - Started o.e.j.s.ServletContextHandler@1a1c21b4{/static,jar:file:/home/user/.m2/repository/org/apache/hadoop/hadoop-hdds-container-service/0.5.0-SNAPSHOT/hadoop-hdds-container-service-0.5.0-SNAPSHOT.jar!/webapps/static,AVAILABLE}
2019-10-02 15:44:30,002 [main] INFO  handler.ContextHandler (ContextHandler.java:doStart(781)) - Started o.e.j.w.WebAppContext@1788cb61{/,file:///tmp/jetty-0.0.0.0-33877-hddsDatanode-_-any-1327493477905897110.dir/webapp/,AVAILABLE}{/hddsDatanode}
2019-10-02 15:44:30,002 [main] INFO  server.AbstractConnector (AbstractConnector.java:doStart(278)) - Started ServerConnector@16d431b4{HTTP/1.1,[http/1.1]}{0.0.0.0:33877}
2019-10-02 15:44:30,004 [main] INFO  server.Server (Server.java:doStart(419)) - Started @214995ms
2019-10-02 15:44:30,004 [main] WARN  impl.MetricsSystemImpl (MetricsSystemImpl.java:register(276)) - Sink prometheus already exists!
2019-10-02 15:44:30,004 [main] INFO  server.BaseHttpServer (BaseHttpServer.java:updateConnectorAddress(215)) - HTTP server of HDDSDATANODE is listening at http://0.0.0.0:33877
2019-10-02 15:44:30,005 [main] INFO  impl.MetricsSystemImpl (MetricsSystemImpl.java:init(158)) - HddsDatanode metrics system started (again)
2019-10-02 15:44:30,009 [main] INFO  ozone.HddsDatanodeService (HddsDatanodeService.java:start(184)) - HddsDatanodeService host:pr-hdds-2199-dnstouuidmap-kd262-1141434179 ip:192.168.30.18
2019-10-02 15:44:30,009 [org.apache.hadoop.util.JvmPauseMonitor$Monitor@6d54b8af] INFO  util.JvmPauseMonitor (JvmPauseMonitor.java:run(188)) - Starting JVM pause monitor
2019-10-02 15:44:30,010 [Datanode State Machine Thread - 0] INFO  datanode.InitDatanodeState (InitDatanodeState.java:persistContainerDatanodeDetails(140)) - DatanodeDetails is persisted to /workdir/hadoop-ozone/integration-test/target/test-dir/MiniOzoneClusterImpl-a6af883a-1c5c-4b71-a72c-09f1d51d3e43/datanode-2/meta/datanode.id
2019-10-02 15:44:30,016 [main] INFO  volume.HddsVolume (HddsVolume.java:<init>(176)) - Creating Volume: /workdir/hadoop-ozone/integration-test/target/test-dir/MiniOzoneClusterImpl-a6af883a-1c5c-4b71-a72c-09f1d51d3e43/datanode-3/data/containers/hdds of  storage type : DISK and capacity : 1482555576320
2019-10-02 15:44:30,016 [main] INFO  volume.VolumeSet (VolumeSet.java:initializeVolumeSet(170)) - Added Volume : /workdir/hadoop-ozone/integration-test/target/test-dir/MiniOzoneClusterImpl-a6af883a-1c5c-4b71-a72c-09f1d51d3e43/datanode-3/data/containers/hdds to VolumeSet
2019-10-02 15:44:30,016 [main] INFO  volume.ThrottledAsyncChecker (ThrottledAsyncChecker.java:schedule(139)) - Scheduling a check for org.apache.hadoop.ozone.container.common.volume.HddsVolume@2f2e4bde
2019-10-02 15:44:30,017 [main] INFO  volume.HddsVolumeChecker (HddsVolumeChecker.java:checkAllVolumes(202)) - Scheduled health check for volume org.apache.hadoop.ozone.container.common.volume.HddsVolume@2f2e4bde
2019-10-02 15:44:30,029 [main] INFO  impl.RaftServerProxy (ConfUtils.java:logGet(43)) - raft.rpc.type = GRPC (default)
2019-10-02 15:44:30,029 [main] INFO  grpc.GrpcFactory (GrpcFactory.java:checkPooledByteBufAllocatorUseCacheForAllThreads(45)) - PERFORMANCE WARNING: useCacheForAllThreads is true that may cause Netty to create a lot garbage objects and, as a result, trigger GC.
	It is recommended to disable useCacheForAllThreads by setting -Dorg.apache.ratis.thirdparty.io.netty.allocator.useCacheForAllThreads=false in command line.
2019-10-02 15:44:30,029 [main] INFO  grpc.GrpcConfigKeys$Server (ConfUtils.java:logGet(43)) - raft.grpc.server.port = 0 (default)
2019-10-02 15:44:30,029 [main] INFO  server.GrpcService (ConfUtils.java:logGet(43)) - raft.grpc.message.size.max = 33570816 (custom)
2019-10-02 15:44:30,029 [main] INFO  server.RaftServerConfigKeys (ConfUtils.java:logGet(43)) - raft.server.log.appender.buffer.byte-limit = 33554432 (custom)
2019-10-02 15:44:30,030 [main] INFO  server.GrpcService (ConfUtils.java:logGet(43)) - raft.grpc.flow.control.window = 1MB (=1048576) (default)
2019-10-02 15:44:30,030 [main] INFO  server.RaftServerConfigKeys (ConfUtils.java:logGet(43)) - raft.server.rpc.request.timeout = 3000ms (default)
2019-10-02 15:44:30,030 [main] INFO  server.RaftServerConfigKeys (ConfUtils.java:logGet(43)) - raft.server.storage.dir = [/workdir/hadoop-ozone/integration-test/target/test-dir/MiniOzoneClusterImpl-a6af883a-1c5c-4b71-a72c-09f1d51d3e43/datanode-3/data/ratis] (custom)
2019-10-02 15:44:30,032 [main] INFO  hdfs.DFSUtil (DFSUtil.java:httpServerTemplateForNNAndJN(1641)) - Starting Web-server for hddsDatanode at: http://0.0.0.0:0
2019-10-02 15:44:30,033 [main] INFO  server.AuthenticationFilter (AuthenticationFilter.java:constructSecretProvider(240)) - Unable to initialize FileSignerSecretProvider, falling back to use random secrets.
2019-10-02 15:44:30,033 [main] WARN  http.HttpRequestLog (HttpRequestLog.java:getRequestLog(97)) - Jetty request log can only be enabled using Log4j
2019-10-02 15:44:30,034 [main] INFO  http.HttpServer2 (HttpServer2.java:addGlobalFilter(975)) - Added global filter 'safety' (class=org.apache.hadoop.http.HttpServer2$QuotingInputFilter)
2019-10-02 15:44:30,035 [main] INFO  http.HttpServer2 (HttpServer2.java:addFilter(948)) - Added filter static_user_filter (class=org.apache.hadoop.http.lib.StaticUserWebFilter$StaticUserFilter) to context hddsDatanode
2019-10-02 15:44:30,035 [main] INFO  http.HttpServer2 (HttpServer2.java:addFilter(958)) - Added filter static_user_filter (class=org.apache.hadoop.http.lib.StaticUserWebFilter$StaticUserFilter) to context static
2019-10-02 15:44:30,035 [main] INFO  http.HttpServer2 (HttpServer2.java:addFilter(958)) - Added filter static_user_filter (class=org.apache.hadoop.http.lib.StaticUserWebFilter$StaticUserFilter) to context logs
2019-10-02 15:44:30,036 [main] INFO  http.HttpServer2 (HttpServer2.java:bindListener(1191)) - Jetty bound to port 45685
2019-10-02 15:44:30,036 [main] INFO  server.Server (Server.java:doStart(351)) - jetty-9.3.25.v20180904, build timestamp: 2018-09-04T21:11:46Z, git hash: 3ce520221d0240229c862b122d2b06c12a625732
2019-10-02 15:44:30,038 [main] INFO  handler.ContextHandler (ContextHandler.java:doStart(781)) - Started o.e.j.s.ServletContextHandler@2dbfa972{/logs,file:///workdir/hadoop-ozone/integration-test/target/log,AVAILABLE}
2019-10-02 15:44:30,038 [main] INFO  handler.ContextHandler (ContextHandler.java:doStart(781)) - Started o.e.j.s.ServletContextHandler@41aebbb4{/static,jar:file:/home/user/.m2/repository/org/apache/hadoop/hadoop-hdds-container-service/0.5.0-SNAPSHOT/hadoop-hdds-container-service-0.5.0-SNAPSHOT.jar!/webapps/static,AVAILABLE}
2019-10-02 15:44:30,065 [main] INFO  handler.ContextHandler (ContextHandler.java:doStart(781)) - Started o.e.j.w.WebAppContext@2dd178f3{/,file:///tmp/jetty-0.0.0.0-45685-hddsDatanode-_-any-1757786537049011849.dir/webapp/,AVAILABLE}{/hddsDatanode}
2019-10-02 15:44:30,065 [main] INFO  server.AbstractConnector (AbstractConnector.java:doStart(278)) - Started ServerConnector@64656b9e{HTTP/1.1,[http/1.1]}{0.0.0.0:45685}
2019-10-02 15:44:30,067 [main] INFO  server.Server (Server.java:doStart(419)) - Started @215058ms
2019-10-02 15:44:30,067 [main] WARN  impl.MetricsSystemImpl (MetricsSystemImpl.java:register(276)) - Sink prometheus already exists!
2019-10-02 15:44:30,068 [main] INFO  server.BaseHttpServer (BaseHttpServer.java:updateConnectorAddress(215)) - HTTP server of HDDSDATANODE is listening at http://0.0.0.0:45685
2019-10-02 15:44:30,068 [main] INFO  impl.MetricsSystemImpl (MetricsSystemImpl.java:init(158)) - HddsDatanode metrics system started (again)
2019-10-02 15:44:30,073 [main] INFO  ozone.HddsDatanodeService (HddsDatanodeService.java:start(184)) - HddsDatanodeService host:pr-hdds-2199-dnstouuidmap-kd262-1141434179 ip:192.168.30.18
2019-10-02 15:44:30,073 [org.apache.hadoop.util.JvmPauseMonitor$Monitor@766aa354] INFO  util.JvmPauseMonitor (JvmPauseMonitor.java:run(188)) - Starting JVM pause monitor
2019-10-02 15:44:30,074 [Datanode State Machine Thread - 0] INFO  datanode.InitDatanodeState (InitDatanodeState.java:persistContainerDatanodeDetails(140)) - DatanodeDetails is persisted to /workdir/hadoop-ozone/integration-test/target/test-dir/MiniOzoneClusterImpl-a6af883a-1c5c-4b71-a72c-09f1d51d3e43/datanode-3/meta/datanode.id
2019-10-02 15:44:30,081 [main] INFO  volume.HddsVolume (HddsVolume.java:<init>(176)) - Creating Volume: /workdir/hadoop-ozone/integration-test/target/test-dir/MiniOzoneClusterImpl-a6af883a-1c5c-4b71-a72c-09f1d51d3e43/datanode-4/data/containers/hdds of  storage type : DISK and capacity : 1482555576320
2019-10-02 15:44:30,081 [main] INFO  volume.VolumeSet (VolumeSet.java:initializeVolumeSet(170)) - Added Volume : /workdir/hadoop-ozone/integration-test/target/test-dir/MiniOzoneClusterImpl-a6af883a-1c5c-4b71-a72c-09f1d51d3e43/datanode-4/data/containers/hdds to VolumeSet
2019-10-02 15:44:30,082 [main] INFO  volume.ThrottledAsyncChecker (ThrottledAsyncChecker.java:schedule(139)) - Scheduling a check for org.apache.hadoop.ozone.container.common.volume.HddsVolume@37d28938
2019-10-02 15:44:30,082 [main] INFO  volume.HddsVolumeChecker (HddsVolumeChecker.java:checkAllVolumes(202)) - Scheduled health check for volume org.apache.hadoop.ozone.container.common.volume.HddsVolume@37d28938
2019-10-02 15:44:30,101 [main] INFO  impl.RaftServerProxy (ConfUtils.java:logGet(43)) - raft.rpc.type = GRPC (default)
2019-10-02 15:44:30,101 [main] INFO  grpc.GrpcFactory (GrpcFactory.java:checkPooledByteBufAllocatorUseCacheForAllThreads(45)) - PERFORMANCE WARNING: useCacheForAllThreads is true that may cause Netty to create a lot garbage objects and, as a result, trigger GC.
	It is recommended to disable useCacheForAllThreads by setting -Dorg.apache.ratis.thirdparty.io.netty.allocator.useCacheForAllThreads=false in command line.
2019-10-02 15:44:30,101 [main] INFO  grpc.GrpcConfigKeys$Server (ConfUtils.java:logGet(43)) - raft.grpc.server.port = 0 (default)
2019-10-02 15:44:30,102 [main] INFO  server.GrpcService (ConfUtils.java:logGet(43)) - raft.grpc.message.size.max = 33570816 (custom)
2019-10-02 15:44:30,102 [main] INFO  server.RaftServerConfigKeys (ConfUtils.java:logGet(43)) - raft.server.log.appender.buffer.byte-limit = 33554432 (custom)
2019-10-02 15:44:30,102 [main] INFO  server.GrpcService (ConfUtils.java:logGet(43)) - raft.grpc.flow.control.window = 1MB (=1048576) (default)
2019-10-02 15:44:30,102 [main] INFO  server.RaftServerConfigKeys (ConfUtils.java:logGet(43)) - raft.server.rpc.request.timeout = 3000ms (default)
2019-10-02 15:44:30,103 [main] INFO  server.RaftServerConfigKeys (ConfUtils.java:logGet(43)) - raft.server.storage.dir = [/workdir/hadoop-ozone/integration-test/target/test-dir/MiniOzoneClusterImpl-a6af883a-1c5c-4b71-a72c-09f1d51d3e43/datanode-4/data/ratis] (custom)
2019-10-02 15:44:30,105 [main] INFO  hdfs.DFSUtil (DFSUtil.java:httpServerTemplateForNNAndJN(1641)) - Starting Web-server for hddsDatanode at: http://0.0.0.0:0
2019-10-02 15:44:30,107 [main] INFO  server.AuthenticationFilter (AuthenticationFilter.java:constructSecretProvider(240)) - Unable to initialize FileSignerSecretProvider, falling back to use random secrets.
2019-10-02 15:44:30,107 [main] WARN  http.HttpRequestLog (HttpRequestLog.java:getRequestLog(97)) - Jetty request log can only be enabled using Log4j
2019-10-02 15:44:30,109 [main] INFO  http.HttpServer2 (HttpServer2.java:addGlobalFilter(975)) - Added global filter 'safety' (class=org.apache.hadoop.http.HttpServer2$QuotingInputFilter)
2019-10-02 15:44:30,109 [main] INFO  http.HttpServer2 (HttpServer2.java:addFilter(948)) - Added filter static_user_filter (class=org.apache.hadoop.http.lib.StaticUserWebFilter$StaticUserFilter) to context hddsDatanode
2019-10-02 15:44:30,110 [main] INFO  http.HttpServer2 (HttpServer2.java:addFilter(958)) - Added filter static_user_filter (class=org.apache.hadoop.http.lib.StaticUserWebFilter$StaticUserFilter) to context static
2019-10-02 15:44:30,110 [main] INFO  http.HttpServer2 (HttpServer2.java:addFilter(958)) - Added filter static_user_filter (class=org.apache.hadoop.http.lib.StaticUserWebFilter$StaticUserFilter) to context logs
2019-10-02 15:44:30,111 [main] INFO  http.HttpServer2 (HttpServer2.java:bindListener(1191)) - Jetty bound to port 34545
2019-10-02 15:44:30,111 [main] INFO  server.Server (Server.java:doStart(351)) - jetty-9.3.25.v20180904, build timestamp: 2018-09-04T21:11:46Z, git hash: 3ce520221d0240229c862b122d2b06c12a625732
2019-10-02 15:44:30,112 [main] INFO  handler.ContextHandler (ContextHandler.java:doStart(781)) - Started o.e.j.s.ServletContextHandler@486bd064{/logs,file:///workdir/hadoop-ozone/integration-test/target/log,AVAILABLE}
2019-10-02 15:44:30,113 [main] INFO  handler.ContextHandler (ContextHandler.java:doStart(781)) - Started o.e.j.s.ServletContextHandler@740b9a50{/static,jar:file:/home/user/.m2/repository/org/apache/hadoop/hadoop-hdds-container-service/0.5.0-SNAPSHOT/hadoop-hdds-container-service-0.5.0-SNAPSHOT.jar!/webapps/static,AVAILABLE}
2019-10-02 15:44:30,145 [main] INFO  handler.ContextHandler (ContextHandler.java:doStart(781)) - Started o.e.j.w.WebAppContext@138f0661{/,file:///tmp/jetty-0.0.0.0-34545-hddsDatanode-_-any-4942939885707505529.dir/webapp/,AVAILABLE}{/hddsDatanode}
2019-10-02 15:44:30,145 [main] INFO  server.AbstractConnector (AbstractConnector.java:doStart(278)) - Started ServerConnector@212fafd1{HTTP/1.1,[http/1.1]}{0.0.0.0:34545}
2019-10-02 15:44:30,147 [main] INFO  server.Server (Server.java:doStart(419)) - Started @215138ms
2019-10-02 15:44:30,147 [main] WARN  impl.MetricsSystemImpl (MetricsSystemImpl.java:register(276)) - Sink prometheus already exists!
2019-10-02 15:44:30,148 [main] INFO  server.BaseHttpServer (BaseHttpServer.java:updateConnectorAddress(215)) - HTTP server of HDDSDATANODE is listening at http://0.0.0.0:34545
2019-10-02 15:44:30,148 [main] INFO  impl.MetricsSystemImpl (MetricsSystemImpl.java:init(158)) - HddsDatanode metrics system started (again)
2019-10-02 15:44:30,154 [org.apache.hadoop.util.JvmPauseMonitor$Monitor@2a8f7ea2] INFO  util.JvmPauseMonitor (JvmPauseMonitor.java:run(188)) - Starting JVM pause monitor
2019-10-02 15:44:30,155 [main] INFO  ozone.HddsDatanodeService (HddsDatanodeService.java:start(184)) - HddsDatanodeService host:pr-hdds-2199-dnstouuidmap-kd262-1141434179 ip:192.168.30.18
2019-10-02 15:44:30,155 [Datanode State Machine Thread - 0] INFO  datanode.InitDatanodeState (InitDatanodeState.java:persistContainerDatanodeDetails(140)) - DatanodeDetails is persisted to /workdir/hadoop-ozone/integration-test/target/test-dir/MiniOzoneClusterImpl-a6af883a-1c5c-4b71-a72c-09f1d51d3e43/datanode-4/meta/datanode.id
2019-10-02 15:44:30,162 [main] INFO  volume.HddsVolume (HddsVolume.java:<init>(176)) - Creating Volume: /workdir/hadoop-ozone/integration-test/target/test-dir/MiniOzoneClusterImpl-a6af883a-1c5c-4b71-a72c-09f1d51d3e43/datanode-5/data/containers/hdds of  storage type : DISK and capacity : 1482555576320
2019-10-02 15:44:30,163 [main] INFO  volume.VolumeSet (VolumeSet.java:initializeVolumeSet(170)) - Added Volume : /workdir/hadoop-ozone/integration-test/target/test-dir/MiniOzoneClusterImpl-a6af883a-1c5c-4b71-a72c-09f1d51d3e43/datanode-5/data/containers/hdds to VolumeSet
2019-10-02 15:44:30,163 [main] INFO  volume.ThrottledAsyncChecker (ThrottledAsyncChecker.java:schedule(139)) - Scheduling a check for org.apache.hadoop.ozone.container.common.volume.HddsVolume@19b5214b
2019-10-02 15:44:30,163 [main] INFO  volume.HddsVolumeChecker (HddsVolumeChecker.java:checkAllVolumes(202)) - Scheduled health check for volume org.apache.hadoop.ozone.container.common.volume.HddsVolume@19b5214b
2019-10-02 15:44:30,179 [main] INFO  impl.RaftServerProxy (ConfUtils.java:logGet(43)) - raft.rpc.type = GRPC (default)
2019-10-02 15:44:30,179 [main] INFO  grpc.GrpcFactory (GrpcFactory.java:checkPooledByteBufAllocatorUseCacheForAllThreads(45)) - PERFORMANCE WARNING: useCacheForAllThreads is true that may cause Netty to create a lot garbage objects and, as a result, trigger GC.
	It is recommended to disable useCacheForAllThreads by setting -Dorg.apache.ratis.thirdparty.io.netty.allocator.useCacheForAllThreads=false in command line.
2019-10-02 15:44:30,179 [main] INFO  grpc.GrpcConfigKeys$Server (ConfUtils.java:logGet(43)) - raft.grpc.server.port = 0 (default)
2019-10-02 15:44:30,179 [main] INFO  server.GrpcService (ConfUtils.java:logGet(43)) - raft.grpc.message.size.max = 33570816 (custom)
2019-10-02 15:44:30,180 [main] INFO  server.RaftServerConfigKeys (ConfUtils.java:logGet(43)) - raft.server.log.appender.buffer.byte-limit = 33554432 (custom)
2019-10-02 15:44:30,180 [main] INFO  server.GrpcService (ConfUtils.java:logGet(43)) - raft.grpc.flow.control.window = 1MB (=1048576) (default)
2019-10-02 15:44:30,180 [main] INFO  server.RaftServerConfigKeys (ConfUtils.java:logGet(43)) - raft.server.rpc.request.timeout = 3000ms (default)
2019-10-02 15:44:30,181 [main] INFO  server.RaftServerConfigKeys (ConfUtils.java:logGet(43)) - raft.server.storage.dir = [/workdir/hadoop-ozone/integration-test/target/test-dir/MiniOzoneClusterImpl-a6af883a-1c5c-4b71-a72c-09f1d51d3e43/datanode-5/data/ratis] (custom)
2019-10-02 15:44:30,182 [main] INFO  hdfs.DFSUtil (DFSUtil.java:httpServerTemplateForNNAndJN(1641)) - Starting Web-server for hddsDatanode at: http://0.0.0.0:0
2019-10-02 15:44:30,183 [main] INFO  server.AuthenticationFilter (AuthenticationFilter.java:constructSecretProvider(240)) - Unable to initialize FileSignerSecretProvider, falling back to use random secrets.
2019-10-02 15:44:30,184 [main] WARN  http.HttpRequestLog (HttpRequestLog.java:getRequestLog(97)) - Jetty request log can only be enabled using Log4j
2019-10-02 15:44:30,185 [main] INFO  http.HttpServer2 (HttpServer2.java:addGlobalFilter(975)) - Added global filter 'safety' (class=org.apache.hadoop.http.HttpServer2$QuotingInputFilter)
2019-10-02 15:44:30,185 [main] INFO  http.HttpServer2 (HttpServer2.java:addFilter(948)) - Added filter static_user_filter (class=org.apache.hadoop.http.lib.StaticUserWebFilter$StaticUserFilter) to context hddsDatanode
2019-10-02 15:44:30,186 [main] INFO  http.HttpServer2 (HttpServer2.java:addFilter(958)) - Added filter static_user_filter (class=org.apache.hadoop.http.lib.StaticUserWebFilter$StaticUserFilter) to context logs
2019-10-02 15:44:30,186 [main] INFO  http.HttpServer2 (HttpServer2.java:addFilter(958)) - Added filter static_user_filter (class=org.apache.hadoop.http.lib.StaticUserWebFilter$StaticUserFilter) to context static
2019-10-02 15:44:30,186 [main] INFO  http.HttpServer2 (HttpServer2.java:bindListener(1191)) - Jetty bound to port 45062
2019-10-02 15:44:30,187 [main] INFO  server.Server (Server.java:doStart(351)) - jetty-9.3.25.v20180904, build timestamp: 2018-09-04T21:11:46Z, git hash: 3ce520221d0240229c862b122d2b06c12a625732
2019-10-02 15:44:30,188 [main] INFO  handler.ContextHandler (ContextHandler.java:doStart(781)) - Started o.e.j.s.ServletContextHandler@5a7b309b{/logs,file:///workdir/hadoop-ozone/integration-test/target/log,AVAILABLE}
2019-10-02 15:44:30,189 [main] INFO  handler.ContextHandler (ContextHandler.java:doStart(781)) - Started o.e.j.s.ServletContextHandler@7739aac4{/static,jar:file:/home/user/.m2/repository/org/apache/hadoop/hadoop-hdds-container-service/0.5.0-SNAPSHOT/hadoop-hdds-container-service-0.5.0-SNAPSHOT.jar!/webapps/static,AVAILABLE}
2019-10-02 15:44:30,221 [main] INFO  handler.ContextHandler (ContextHandler.java:doStart(781)) - Started o.e.j.w.WebAppContext@6812c8cc{/,file:///tmp/jetty-0.0.0.0-45062-hddsDatanode-_-any-2439141155862572126.dir/webapp/,AVAILABLE}{/hddsDatanode}
2019-10-02 15:44:30,221 [main] INFO  server.AbstractConnector (AbstractConnector.java:doStart(278)) - Started ServerConnector@3457cc8d{HTTP/1.1,[http/1.1]}{0.0.0.0:45062}
2019-10-02 15:44:30,223 [main] INFO  server.Server (Server.java:doStart(419)) - Started @215214ms
2019-10-02 15:44:30,223 [main] WARN  impl.MetricsSystemImpl (MetricsSystemImpl.java:register(276)) - Sink prometheus already exists!
2019-10-02 15:44:30,224 [main] INFO  server.BaseHttpServer (BaseHttpServer.java:updateConnectorAddress(215)) - HTTP server of HDDSDATANODE is listening at http://0.0.0.0:45062
2019-10-02 15:44:30,224 [main] INFO  impl.MetricsSystemImpl (MetricsSystemImpl.java:init(158)) - HddsDatanode metrics system started (again)
2019-10-02 15:44:30,230 [org.apache.hadoop.util.JvmPauseMonitor$Monitor@709e5c66] INFO  util.JvmPauseMonitor (JvmPauseMonitor.java:run(188)) - Starting JVM pause monitor
2019-10-02 15:44:30,230 [main] INFO  ozone.HddsDatanodeService (HddsDatanodeService.java:start(184)) - HddsDatanodeService host:pr-hdds-2199-dnstouuidmap-kd262-1141434179 ip:192.168.30.18
2019-10-02 15:44:30,231 [Datanode State Machine Thread - 0] INFO  datanode.InitDatanodeState (InitDatanodeState.java:persistContainerDatanodeDetails(140)) - DatanodeDetails is persisted to /workdir/hadoop-ozone/integration-test/target/test-dir/MiniOzoneClusterImpl-a6af883a-1c5c-4b71-a72c-09f1d51d3e43/datanode-5/meta/datanode.id
2019-10-02 15:44:30,237 [main] INFO  volume.HddsVolume (HddsVolume.java:<init>(176)) - Creating Volume: /workdir/hadoop-ozone/integration-test/target/test-dir/MiniOzoneClusterImpl-a6af883a-1c5c-4b71-a72c-09f1d51d3e43/datanode-6/data/containers/hdds of  storage type : DISK and capacity : 1482555576320
2019-10-02 15:44:30,237 [main] INFO  volume.VolumeSet (VolumeSet.java:initializeVolumeSet(170)) - Added Volume : /workdir/hadoop-ozone/integration-test/target/test-dir/MiniOzoneClusterImpl-a6af883a-1c5c-4b71-a72c-09f1d51d3e43/datanode-6/data/containers/hdds to VolumeSet
2019-10-02 15:44:30,238 [main] INFO  volume.ThrottledAsyncChecker (ThrottledAsyncChecker.java:schedule(139)) - Scheduling a check for org.apache.hadoop.ozone.container.common.volume.HddsVolume@5bfc79cb
2019-10-02 15:44:30,238 [main] INFO  volume.HddsVolumeChecker (HddsVolumeChecker.java:checkAllVolumes(202)) - Scheduled health check for volume org.apache.hadoop.ozone.container.common.volume.HddsVolume@5bfc79cb
2019-10-02 15:44:30,251 [main] INFO  impl.RaftServerProxy (ConfUtils.java:logGet(43)) - raft.rpc.type = GRPC (default)
2019-10-02 15:44:30,251 [main] INFO  grpc.GrpcFactory (GrpcFactory.java:checkPooledByteBufAllocatorUseCacheForAllThreads(45)) - PERFORMANCE WARNING: useCacheForAllThreads is true that may cause Netty to create a lot garbage objects and, as a result, trigger GC.
	It is recommended to disable useCacheForAllThreads by setting -Dorg.apache.ratis.thirdparty.io.netty.allocator.useCacheForAllThreads=false in command line.
2019-10-02 15:44:30,251 [main] INFO  grpc.GrpcConfigKeys$Server (ConfUtils.java:logGet(43)) - raft.grpc.server.port = 0 (default)
2019-10-02 15:44:30,251 [main] INFO  server.GrpcService (ConfUtils.java:logGet(43)) - raft.grpc.message.size.max = 33570816 (custom)
2019-10-02 15:44:30,251 [main] INFO  server.RaftServerConfigKeys (ConfUtils.java:logGet(43)) - raft.server.log.appender.buffer.byte-limit = 33554432 (custom)
2019-10-02 15:44:30,252 [main] INFO  server.GrpcService (ConfUtils.java:logGet(43)) - raft.grpc.flow.control.window = 1MB (=1048576) (default)
2019-10-02 15:44:30,252 [main] INFO  server.RaftServerConfigKeys (ConfUtils.java:logGet(43)) - raft.server.rpc.request.timeout = 3000ms (default)
2019-10-02 15:44:30,252 [main] INFO  server.RaftServerConfigKeys (ConfUtils.java:logGet(43)) - raft.server.storage.dir = [/workdir/hadoop-ozone/integration-test/target/test-dir/MiniOzoneClusterImpl-a6af883a-1c5c-4b71-a72c-09f1d51d3e43/datanode-6/data/ratis] (custom)
2019-10-02 15:44:30,253 [main] INFO  hdfs.DFSUtil (DFSUtil.java:httpServerTemplateForNNAndJN(1641)) - Starting Web-server for hddsDatanode at: http://0.0.0.0:0
2019-10-02 15:44:30,254 [main] INFO  server.AuthenticationFilter (AuthenticationFilter.java:constructSecretProvider(240)) - Unable to initialize FileSignerSecretProvider, falling back to use random secrets.
2019-10-02 15:44:30,255 [main] WARN  http.HttpRequestLog (HttpRequestLog.java:getRequestLog(97)) - Jetty request log can only be enabled using Log4j
2019-10-02 15:44:30,256 [main] INFO  http.HttpServer2 (HttpServer2.java:addGlobalFilter(975)) - Added global filter 'safety' (class=org.apache.hadoop.http.HttpServer2$QuotingInputFilter)
2019-10-02 15:44:30,256 [main] INFO  http.HttpServer2 (HttpServer2.java:addFilter(948)) - Added filter static_user_filter (class=org.apache.hadoop.http.lib.StaticUserWebFilter$StaticUserFilter) to context hddsDatanode
2019-10-02 15:44:30,256 [main] INFO  http.HttpServer2 (HttpServer2.java:addFilter(958)) - Added filter static_user_filter (class=org.apache.hadoop.http.lib.StaticUserWebFilter$StaticUserFilter) to context logs
2019-10-02 15:44:30,256 [main] INFO  http.HttpServer2 (HttpServer2.java:addFilter(958)) - Added filter static_user_filter (class=org.apache.hadoop.http.lib.StaticUserWebFilter$StaticUserFilter) to context static
2019-10-02 15:44:30,257 [main] INFO  http.HttpServer2 (HttpServer2.java:bindListener(1191)) - Jetty bound to port 46688
2019-10-02 15:44:30,257 [main] INFO  server.Server (Server.java:doStart(351)) - jetty-9.3.25.v20180904, build timestamp: 2018-09-04T21:11:46Z, git hash: 3ce520221d0240229c862b122d2b06c12a625732
2019-10-02 15:44:30,259 [main] INFO  handler.ContextHandler (ContextHandler.java:doStart(781)) - Started o.e.j.s.ServletContextHandler@18ffca6c{/logs,file:///workdir/hadoop-ozone/integration-test/target/log,AVAILABLE}
2019-10-02 15:44:30,259 [main] INFO  handler.ContextHandler (ContextHandler.java:doStart(781)) - Started o.e.j.s.ServletContextHandler@5f8f1712{/static,jar:file:/home/user/.m2/repository/org/apache/hadoop/hadoop-hdds-container-service/0.5.0-SNAPSHOT/hadoop-hdds-container-service-0.5.0-SNAPSHOT.jar!/webapps/static,AVAILABLE}
2019-10-02 15:44:30,294 [main] INFO  handler.ContextHandler (ContextHandler.java:doStart(781)) - Started o.e.j.w.WebAppContext@4652c74d{/,file:///tmp/jetty-0.0.0.0-46688-hddsDatanode-_-any-8735237282994313249.dir/webapp/,AVAILABLE}{/hddsDatanode}
2019-10-02 15:44:30,295 [main] INFO  server.AbstractConnector (AbstractConnector.java:doStart(278)) - Started ServerConnector@4cc12db2{HTTP/1.1,[http/1.1]}{0.0.0.0:46688}
2019-10-02 15:44:30,297 [main] INFO  server.Server (Server.java:doStart(419)) - Started @215288ms
2019-10-02 15:44:30,297 [main] WARN  impl.MetricsSystemImpl (MetricsSystemImpl.java:register(276)) - Sink prometheus already exists!
2019-10-02 15:44:30,298 [main] INFO  server.BaseHttpServer (BaseHttpServer.java:updateConnectorAddress(215)) - HTTP server of HDDSDATANODE is listening at http://0.0.0.0:46688
2019-10-02 15:44:30,298 [main] INFO  ozone.MiniOzoneClusterImpl (MiniOzoneClusterImpl.java:lambda$waitForClusterToBeReady$0(147)) - Waiting for cluster to be ready. Got 0 of 7 DN Heartbeats.
2019-10-02 15:44:30,300 [org.apache.hadoop.util.JvmPauseMonitor$Monitor@1acae364] INFO  util.JvmPauseMonitor (JvmPauseMonitor.java:run(188)) - Starting JVM pause monitor
2019-10-02 15:44:30,301 [Datanode State Machine Thread - 0] INFO  datanode.InitDatanodeState (InitDatanodeState.java:persistContainerDatanodeDetails(140)) - DatanodeDetails is persisted to /workdir/hadoop-ozone/integration-test/target/test-dir/MiniOzoneClusterImpl-a6af883a-1c5c-4b71-a72c-09f1d51d3e43/datanode-6/meta/datanode.id
2019-10-02 15:44:31,299 [main] INFO  ozone.MiniOzoneClusterImpl (MiniOzoneClusterImpl.java:lambda$waitForClusterToBeReady$0(147)) - Waiting for cluster to be ready. Got 0 of 7 DN Heartbeats.
2019-10-02 15:44:31,939 [Datanode State Machine Thread - 0] INFO  ozoneimpl.OzoneContainer (OzoneContainer.java:start(217)) - Attempting to start container services.
2019-10-02 15:44:31,939 [Datanode State Machine Thread - 0] INFO  ozoneimpl.OzoneContainer (OzoneContainer.java:startContainerScrub(179)) - Background container scanner has been disabled.
2019-10-02 15:44:31,939 [Datanode State Machine Thread - 0] INFO  ratis.XceiverServerRatis (XceiverServerRatis.java:start(417)) - Starting XceiverServerRatis 464a1553-fae6-4dda-89a5-e1a11f896a85 at port 0
2019-10-02 15:44:31,946 [Datanode State Machine Thread - 0] INFO  impl.RaftServerProxy (RaftServerProxy.java:lambda$start$3(299)) - 464a1553-fae6-4dda-89a5-e1a11f896a85: start RPC server
2019-10-02 15:44:31,951 [Datanode State Machine Thread - 0] INFO  server.GrpcService (GrpcService.java:startImpl(158)) - 464a1553-fae6-4dda-89a5-e1a11f896a85: GrpcService started, listening on 0.0.0.0/0.0.0.0:34813
2019-10-02 15:44:31,951 [Datanode State Machine Thread - 0] INFO  ratis.XceiverServerRatis (XceiverServerRatis.java:start(427)) - XceiverServerRatis 464a1553-fae6-4dda-89a5-e1a11f896a85 is started using port 34813
2019-10-02 15:44:31,958 [Datanode State Machine Thread - 0] INFO  server.XceiverServerGrpc (XceiverServerGrpc.java:start(149)) - XceiverServerGrpc 464a1553-fae6-4dda-89a5-e1a11f896a85 is started using port 36597
2019-10-02 15:44:31,981 [Datanode State Machine Thread - 0] INFO  ozoneimpl.OzoneContainer (OzoneContainer.java:start(217)) - Attempting to start container services.
2019-10-02 15:44:31,981 [Datanode State Machine Thread - 0] INFO  ozoneimpl.OzoneContainer (OzoneContainer.java:startContainerScrub(179)) - Background container scanner has been disabled.
2019-10-02 15:44:31,982 [Datanode State Machine Thread - 0] INFO  ratis.XceiverServerRatis (XceiverServerRatis.java:start(417)) - Starting XceiverServerRatis 004bd4ca-0d86-41a5-b835-f96113076d76 at port 0
2019-10-02 15:44:31,988 [Datanode State Machine Thread - 0] INFO  impl.RaftServerProxy (RaftServerProxy.java:lambda$start$3(299)) - 004bd4ca-0d86-41a5-b835-f96113076d76: start RPC server
2019-10-02 15:44:31,991 [Datanode State Machine Thread - 0] INFO  server.GrpcService (GrpcService.java:startImpl(158)) - 004bd4ca-0d86-41a5-b835-f96113076d76: GrpcService started, listening on 0.0.0.0/0.0.0.0:33121
2019-10-02 15:44:31,991 [Datanode State Machine Thread - 0] INFO  ratis.XceiverServerRatis (XceiverServerRatis.java:start(427)) - XceiverServerRatis 004bd4ca-0d86-41a5-b835-f96113076d76 is started using port 33121
2019-10-02 15:44:31,993 [Datanode State Machine Thread - 0] INFO  server.XceiverServerGrpc (XceiverServerGrpc.java:start(149)) - XceiverServerGrpc 004bd4ca-0d86-41a5-b835-f96113076d76 is started using port 43143
2019-10-02 15:44:32,032 [Datanode State Machine Thread - 0] INFO  ozoneimpl.OzoneContainer (OzoneContainer.java:start(217)) - Attempting to start container services.
2019-10-02 15:44:32,033 [Datanode State Machine Thread - 0] INFO  ozoneimpl.OzoneContainer (OzoneContainer.java:startContainerScrub(179)) - Background container scanner has been disabled.
2019-10-02 15:44:32,033 [Datanode State Machine Thread - 0] INFO  ratis.XceiverServerRatis (XceiverServerRatis.java:start(417)) - Starting XceiverServerRatis a60e5d63-0d9b-4cb4-ac49-8c82a33288cc at port 0
2019-10-02 15:44:32,039 [Datanode State Machine Thread - 0] INFO  impl.RaftServerProxy (RaftServerProxy.java:lambda$start$3(299)) - a60e5d63-0d9b-4cb4-ac49-8c82a33288cc: start RPC server
2019-10-02 15:44:32,041 [Datanode State Machine Thread - 0] INFO  server.GrpcService (GrpcService.java:startImpl(158)) - a60e5d63-0d9b-4cb4-ac49-8c82a33288cc: GrpcService started, listening on 0.0.0.0/0.0.0.0:45275
2019-10-02 15:44:32,041 [Datanode State Machine Thread - 0] INFO  ratis.XceiverServerRatis (XceiverServerRatis.java:start(427)) - XceiverServerRatis a60e5d63-0d9b-4cb4-ac49-8c82a33288cc is started using port 45275
2019-10-02 15:44:32,041 [Datanode State Machine Thread - 0] INFO  server.XceiverServerGrpc (XceiverServerGrpc.java:start(149)) - XceiverServerGrpc a60e5d63-0d9b-4cb4-ac49-8c82a33288cc is started using port 39916
2019-10-02 15:44:32,095 [Datanode State Machine Thread - 0] INFO  ozoneimpl.OzoneContainer (OzoneContainer.java:start(217)) - Attempting to start container services.
2019-10-02 15:44:32,096 [Datanode State Machine Thread - 0] INFO  ozoneimpl.OzoneContainer (OzoneContainer.java:startContainerScrub(179)) - Background container scanner has been disabled.
2019-10-02 15:44:32,096 [Datanode State Machine Thread - 0] INFO  ratis.XceiverServerRatis (XceiverServerRatis.java:start(417)) - Starting XceiverServerRatis 19739739-e1a7-4d76-8132-fceeaef0d717 at port 0
2019-10-02 15:44:32,103 [Datanode State Machine Thread - 0] INFO  impl.RaftServerProxy (RaftServerProxy.java:lambda$start$3(299)) - 19739739-e1a7-4d76-8132-fceeaef0d717: start RPC server
2019-10-02 15:44:32,105 [Datanode State Machine Thread - 0] INFO  server.GrpcService (GrpcService.java:startImpl(158)) - 19739739-e1a7-4d76-8132-fceeaef0d717: GrpcService started, listening on 0.0.0.0/0.0.0.0:39654
2019-10-02 15:44:32,105 [Datanode State Machine Thread - 0] INFO  ratis.XceiverServerRatis (XceiverServerRatis.java:start(427)) - XceiverServerRatis 19739739-e1a7-4d76-8132-fceeaef0d717 is started using port 39654
2019-10-02 15:44:32,107 [Datanode State Machine Thread - 0] INFO  server.XceiverServerGrpc (XceiverServerGrpc.java:start(149)) - XceiverServerGrpc 19739739-e1a7-4d76-8132-fceeaef0d717 is started using port 33153
2019-10-02 15:44:32,177 [Datanode State Machine Thread - 0] INFO  ozoneimpl.OzoneContainer (OzoneContainer.java:start(217)) - Attempting to start container services.
2019-10-02 15:44:32,177 [Datanode State Machine Thread - 0] INFO  ozoneimpl.OzoneContainer (OzoneContainer.java:startContainerScrub(179)) - Background container scanner has been disabled.
2019-10-02 15:44:32,177 [Datanode State Machine Thread - 0] INFO  ratis.XceiverServerRatis (XceiverServerRatis.java:start(417)) - Starting XceiverServerRatis aaf7e247-1f10-4b88-87c2-796e05414644 at port 0
2019-10-02 15:44:32,184 [Datanode State Machine Thread - 0] INFO  impl.RaftServerProxy (RaftServerProxy.java:lambda$start$3(299)) - aaf7e247-1f10-4b88-87c2-796e05414644: start RPC server
2019-10-02 15:44:32,186 [Datanode State Machine Thread - 0] INFO  server.GrpcService (GrpcService.java:startImpl(158)) - aaf7e247-1f10-4b88-87c2-796e05414644: GrpcService started, listening on 0.0.0.0/0.0.0.0:35475
2019-10-02 15:44:32,186 [Datanode State Machine Thread - 0] INFO  ratis.XceiverServerRatis (XceiverServerRatis.java:start(427)) - XceiverServerRatis aaf7e247-1f10-4b88-87c2-796e05414644 is started using port 35475
2019-10-02 15:44:32,187 [Datanode State Machine Thread - 0] INFO  server.XceiverServerGrpc (XceiverServerGrpc.java:start(149)) - XceiverServerGrpc aaf7e247-1f10-4b88-87c2-796e05414644 is started using port 44276
2019-10-02 15:44:32,257 [Datanode State Machine Thread - 0] INFO  ozoneimpl.OzoneContainer (OzoneContainer.java:start(217)) - Attempting to start container services.
2019-10-02 15:44:32,257 [Datanode State Machine Thread - 0] INFO  ozoneimpl.OzoneContainer (OzoneContainer.java:startContainerScrub(179)) - Background container scanner has been disabled.
2019-10-02 15:44:32,258 [Datanode State Machine Thread - 0] INFO  ratis.XceiverServerRatis (XceiverServerRatis.java:start(417)) - Starting XceiverServerRatis 821add6d-49e5-42d3-825c-d50dc084eaee at port 0
2019-10-02 15:44:32,264 [Datanode State Machine Thread - 0] INFO  impl.RaftServerProxy (RaftServerProxy.java:lambda$start$3(299)) - 821add6d-49e5-42d3-825c-d50dc084eaee: start RPC server
2019-10-02 15:44:32,266 [Datanode State Machine Thread - 0] INFO  server.GrpcService (GrpcService.java:startImpl(158)) - 821add6d-49e5-42d3-825c-d50dc084eaee: GrpcService started, listening on 0.0.0.0/0.0.0.0:40831
2019-10-02 15:44:32,266 [Datanode State Machine Thread - 0] INFO  ratis.XceiverServerRatis (XceiverServerRatis.java:start(427)) - XceiverServerRatis 821add6d-49e5-42d3-825c-d50dc084eaee is started using port 40831
2019-10-02 15:44:32,267 [Datanode State Machine Thread - 0] INFO  server.XceiverServerGrpc (XceiverServerGrpc.java:start(149)) - XceiverServerGrpc 821add6d-49e5-42d3-825c-d50dc084eaee is started using port 32853
2019-10-02 15:44:32,300 [main] INFO  ozone.MiniOzoneClusterImpl (MiniOzoneClusterImpl.java:lambda$waitForClusterToBeReady$0(147)) - Waiting for cluster to be ready. Got 0 of 7 DN Heartbeats.
2019-10-02 15:44:32,323 [Datanode State Machine Thread - 0] INFO  ozoneimpl.OzoneContainer (OzoneContainer.java:start(217)) - Attempting to start container services.
2019-10-02 15:44:32,323 [Datanode State Machine Thread - 0] INFO  ozoneimpl.OzoneContainer (OzoneContainer.java:startContainerScrub(179)) - Background container scanner has been disabled.
2019-10-02 15:44:32,323 [Datanode State Machine Thread - 0] INFO  ratis.XceiverServerRatis (XceiverServerRatis.java:start(417)) - Starting XceiverServerRatis d6ff8088-05ad-465f-886b-a333b7cba2d5 at port 0
2019-10-02 15:44:32,329 [Datanode State Machine Thread - 0] INFO  impl.RaftServerProxy (RaftServerProxy.java:lambda$start$3(299)) - d6ff8088-05ad-465f-886b-a333b7cba2d5: start RPC server
2019-10-02 15:44:32,339 [Datanode State Machine Thread - 0] INFO  server.GrpcService (GrpcService.java:startImpl(158)) - d6ff8088-05ad-465f-886b-a333b7cba2d5: GrpcService started, listening on 0.0.0.0/0.0.0.0:39743
2019-10-02 15:44:32,339 [Datanode State Machine Thread - 0] INFO  ratis.XceiverServerRatis (XceiverServerRatis.java:start(427)) - XceiverServerRatis d6ff8088-05ad-465f-886b-a333b7cba2d5 is started using port 39743
2019-10-02 15:44:32,339 [Datanode State Machine Thread - 0] INFO  server.XceiverServerGrpc (XceiverServerGrpc.java:start(149)) - XceiverServerGrpc d6ff8088-05ad-465f-886b-a333b7cba2d5 is started using port 36699
2019-10-02 15:44:33,301 [main] INFO  ozone.MiniOzoneClusterImpl (MiniOzoneClusterImpl.java:lambda$waitForClusterToBeReady$0(147)) - Waiting for cluster to be ready. Got 0 of 7 DN Heartbeats.
2019-10-02 15:44:33,893 [IPC Server handler 4 on 36558] INFO  net.NetworkTopology (NetworkTopologyImpl.java:add(111)) - Added a new node: /default-rack/464a1553-fae6-4dda-89a5-e1a11f896a85
2019-10-02 15:44:33,897 [IPC Server handler 4 on 36558] INFO  node.SCMNodeManager (SCMNodeManager.java:register(268)) - Registered Data node : 464a1553-fae6-4dda-89a5-e1a11f896a85{ip: 192.168.30.18, host: pr-hdds-2199-dnstouuidmap-kd262-1141434179, networkLocation: /default-rack, certSerialId: null}
2019-10-02 15:44:33,898 [EventQueue-NodeRegistrationContainerReportForDataNodeSafeModeRule] INFO  safemode.SCMSafeModeManager (DataNodeSafeModeRule.java:process(71)) - SCM in safe mode. 1 DataNodes registered, 1 required.
2019-10-02 15:44:33,902 [EventQueue-NodeRegistrationContainerReportForDataNodeSafeModeRule] INFO  safemode.SCMSafeModeManager (SCMSafeModeManager.java:validateSafeModeExitRules(177)) - ScmSafeModeManager, all rules are successfully validated
2019-10-02 15:44:33,902 [EventQueue-NodeRegistrationContainerReportForDataNodeSafeModeRule] INFO  safemode.SCMSafeModeManager (SCMSafeModeManager.java:exitSafeMode(193)) - SCM exiting safe mode.
2019-10-02 15:44:33,913 [grpc-default-executor-2] INFO  impl.RaftServerProxy (RaftServerProxy.java:addNew(89)) - 464a1553-fae6-4dda-89a5-e1a11f896a85: addNew group-A5B3A3EA4770:[464a1553-fae6-4dda-89a5-e1a11f896a85:192.168.30.18:34813] returns group-A5B3A3EA4770:java.util.concurrent.CompletableFuture@380f6878[Not completed]
2019-10-02 15:44:33,916 [pool-383-thread-1] INFO  impl.RaftServerImpl (RaftServerImpl.java:<init>(95)) - 464a1553-fae6-4dda-89a5-e1a11f896a85: new RaftServerImpl for group-A5B3A3EA4770:[464a1553-fae6-4dda-89a5-e1a11f896a85:192.168.30.18:34813] with ContainerStateMachine:uninitialized
2019-10-02 15:44:33,916 [pool-383-thread-1] INFO  server.RaftServerConfigKeys (ConfUtils.java:logGet(43)) - raft.server.rpc.timeout.min = 5s (custom)
2019-10-02 15:44:33,916 [pool-383-thread-1] INFO  server.RaftServerConfigKeys (ConfUtils.java:logGet(43)) - raft.server.rpc.timeout.max = 5200ms (custom)
2019-10-02 15:44:33,916 [pool-383-thread-1] INFO  server.RaftServerConfigKeys (ConfUtils.java:logGet(43)) - raft.server.rpcslowness.timeout = 120s (custom)
2019-10-02 15:44:33,916 [pool-383-thread-1] INFO  server.RaftServerConfigKeys (ConfUtils.java:logGet(43)) - raft.server.sleep.deviation.threshold = 300 (default)
2019-10-02 15:44:33,917 [pool-383-thread-1] INFO  server.RaftServerConfigKeys (ConfUtils.java:logGet(43)) - raft.server.log.appender.install.snapshot.enabled = false (custom)
2019-10-02 15:44:33,917 [pool-383-thread-1] INFO  impl.RaftServerImpl (ServerState.java:<init>(103)) - 464a1553-fae6-4dda-89a5-e1a11f896a85@group-A5B3A3EA4770: ConfigurationManager, init=-1: [464a1553-fae6-4dda-89a5-e1a11f896a85:192.168.30.18:34813], old=null, confs=<EMPTY_MAP>
2019-10-02 15:44:33,917 [pool-383-thread-1] INFO  server.RaftServerConfigKeys (ConfUtils.java:logGet(43)) - raft.server.storage.dir = [/workdir/hadoop-ozone/integration-test/target/test-dir/MiniOzoneClusterImpl-a6af883a-1c5c-4b71-a72c-09f1d51d3e43/datanode-0/data/ratis] (custom)
2019-10-02 15:44:33,917 [pool-383-thread-1] INFO  server.RaftServerConfigKeys (ConfUtils.java:logGet(43)) - raft.server.log.corruption.policy = EXCEPTION (default)
2019-10-02 15:44:33,917 [pool-383-thread-1] INFO  storage.RaftStorageDirectory (RaftStorageDirectory.java:analyzeStorage(246)) - The storage directory /workdir/hadoop-ozone/integration-test/target/test-dir/MiniOzoneClusterImpl-a6af883a-1c5c-4b71-a72c-09f1d51d3e43/datanode-0/data/ratis/b796ca44-40e9-4d1e-9ba9-a5b3a3ea4770 does not exist. Creating ...
2019-10-02 15:44:33,949 [IPC Server handler 6 on 36558] INFO  net.NetworkTopology (NetworkTopologyImpl.java:add(111)) - Added a new node: /default-rack/004bd4ca-0d86-41a5-b835-f96113076d76
2019-10-02 15:44:33,949 [IPC Server handler 6 on 36558] INFO  node.SCMNodeManager (SCMNodeManager.java:register(268)) - Registered Data node : 004bd4ca-0d86-41a5-b835-f96113076d76{ip: 192.168.30.18, host: pr-hdds-2199-dnstouuidmap-kd262-1141434179, networkLocation: /default-rack, certSerialId: null}
2019-10-02 15:44:33,955 [pool-383-thread-1] INFO  storage.RaftStorageDirectory (RaftStorageDirectory.java:tryLock(328)) - Lock on /workdir/hadoop-ozone/integration-test/target/test-dir/MiniOzoneClusterImpl-a6af883a-1c5c-4b71-a72c-09f1d51d3e43/datanode-0/data/ratis/b796ca44-40e9-4d1e-9ba9-a5b3a3ea4770/in_use.lock acquired by nodename 11861@pr-hdds-2199-dnstouuidmap-kd262-1141434179
2019-10-02 15:44:33,981 [pool-383-thread-1] INFO  storage.RaftStorage (RaftStorage.java:format(84)) - Storage directory /workdir/hadoop-ozone/integration-test/target/test-dir/MiniOzoneClusterImpl-a6af883a-1c5c-4b71-a72c-09f1d51d3e43/datanode-0/data/ratis/b796ca44-40e9-4d1e-9ba9-a5b3a3ea4770 has been successfully formatted.
2019-10-02 15:44:33,981 [pool-383-thread-1] INFO  ratis.ContainerStateMachine (ContainerStateMachine.java:loadSnapshot(230)) - group-A5B3A3EA4770: The snapshot info is null. Setting the last applied indexto:(t:0, i:~)
2019-10-02 15:44:33,981 [pool-383-thread-1] INFO  server.RaftServerConfigKeys (ConfUtils.java:logGet(43)) - raft.server.notification.no-leader.timeout = 120s (custom)
2019-10-02 15:44:33,981 [pool-383-thread-1] INFO  server.RaftServerConfigKeys (ConfUtils.java:logGet(43)) - raft.server.log.use.memory = false (default)
2019-10-02 15:44:33,981 [pool-383-thread-1] INFO  server.RaftServerConfigKeys (ConfUtils.java:logGet(43)) - raft.server.log.purge.gap = 1000000 (custom)
2019-10-02 15:44:33,982 [pool-383-thread-1] INFO  server.RaftServerConfigKeys (ConfUtils.java:logGet(43)) - raft.server.log.appender.buffer.byte-limit = 33554432 (custom)
2019-10-02 15:44:33,982 [pool-383-thread-1] INFO  server.RaftServerConfigKeys (ConfUtils.java:logGet(43)) - raft.server.log.segment.size.max = 1048576 (custom)
2019-10-02 15:44:33,984 [pool-383-thread-1] INFO  server.RaftServerConfigKeys (ConfUtils.java:logGet(43)) - raft.server.log.segment.cache.num.max = 2 (custom)
2019-10-02 15:44:33,984 [pool-383-thread-1] INFO  segmented.SegmentedRaftLogWorker (SegmentedRaftLogWorker.java:<init>(173)) - new 464a1553-fae6-4dda-89a5-e1a11f896a85@group-A5B3A3EA4770-SegmentedRaftLogWorker for RaftStorage:Storage Directory /workdir/hadoop-ozone/integration-test/target/test-dir/MiniOzoneClusterImpl-a6af883a-1c5c-4b71-a72c-09f1d51d3e43/datanode-0/data/ratis/b796ca44-40e9-4d1e-9ba9-a5b3a3ea4770
2019-10-02 15:44:33,984 [pool-383-thread-1] INFO  server.RaftServerConfigKeys (ConfUtils.java:logGet(43)) - raft.server.log.queue.byte-limit = 2147483647 (custom)
2019-10-02 15:44:33,984 [pool-383-thread-1] INFO  server.RaftServerConfigKeys (ConfUtils.java:logGet(43)) - raft.server.log.queue.element-limit = 1024 (custom)
2019-10-02 15:44:33,984 [pool-383-thread-1] INFO  server.RaftServerConfigKeys (ConfUtils.java:logGet(43)) - raft.server.log.segment.size.max = 1048576 (custom)
2019-10-02 15:44:33,985 [pool-383-thread-1] INFO  server.RaftServerConfigKeys (ConfUtils.java:logGet(43)) - raft.server.log.preallocated.size = 16384 (custom)
2019-10-02 15:44:33,985 [pool-383-thread-1] INFO  server.RaftServerConfigKeys (ConfUtils.java:logGet(43)) - raft.server.log.write.buffer.size = 33554432 (custom)
2019-10-02 15:44:33,985 [pool-383-thread-1] INFO  server.RaftServerConfigKeys (ConfUtils.java:logGet(43)) - raft.server.log.force.sync.num = 128 (default)
2019-10-02 15:44:33,985 [pool-383-thread-1] INFO  server.RaftServerConfigKeys (ConfUtils.java:logGet(43)) - raft.server.log.statemachine.data.sync = true (default)
2019-10-02 15:44:33,985 [pool-383-thread-1] INFO  server.RaftServerConfigKeys (ConfUtils.java:logGet(43)) - raft.server.log.statemachine.data.sync.timeout = 10s (default)
2019-10-02 15:44:33,985 [pool-383-thread-1] INFO  server.RaftServerConfigKeys (ConfUtils.java:logGet(43)) - raft.server.log.statemachine.data.sync.timeout.retry = -1 (default)
2019-10-02 15:44:33,986 [pool-383-thread-1] INFO  server.RaftServerConfigKeys (ConfUtils.java:logGet(43)) - raft.server.log.statemachine.data.caching.enabled = true (custom)
2019-10-02 15:44:33,986 [pool-383-thread-1] INFO  segmented.SegmentedRaftLogWorker (SegmentedRaftLogWorker.java:lambda$new$0(128)) - 464a1553-fae6-4dda-89a5-e1a11f896a85@group-A5B3A3EA4770-SegmentedRaftLogWorker: flushIndex: setUnconditionally 0 -> -1
2019-10-02 15:44:33,986 [pool-383-thread-1] INFO  server.RaftServerConfigKeys (ConfUtils.java:logGet(43)) - raft.server.snapshot.auto.trigger.enabled = true (custom)
2019-10-02 15:44:33,986 [pool-383-thread-1] INFO  server.RaftServerConfigKeys (ConfUtils.java:logGet(43)) - raft.server.snapshot.auto.trigger.threshold = 10000 (custom)
2019-10-02 15:44:33,986 [pool-383-thread-1] INFO  server.RaftServerConfigKeys (ConfUtils.java:logGet(43)) - raft.server.snapshot.retention.file.num = 5 (custom)
2019-10-02 15:44:33,987 [pool-383-thread-1] INFO  server.RaftServerConfigKeys (ConfUtils.java:logGet(43)) - raft.server.retrycache.expirytime = 600000ms (custom)
2019-10-02 15:44:33,988 [pool-383-thread-1] INFO  impl.RaftServerImpl (RaftServerImpl.java:start(181)) - 464a1553-fae6-4dda-89a5-e1a11f896a85@group-A5B3A3EA4770: start as a follower, conf=-1: [464a1553-fae6-4dda-89a5-e1a11f896a85:192.168.30.18:34813], old=null
2019-10-02 15:44:33,989 [pool-383-thread-1] INFO  impl.RaftServerImpl (RaftServerImpl.java:setRole(170)) - 464a1553-fae6-4dda-89a5-e1a11f896a85@group-A5B3A3EA4770: changes role from      null to FOLLOWER at term 0 for startAsFollower
2019-10-02 15:44:33,989 [pool-383-thread-1] INFO  impl.RoleInfo (RoleInfo.java:updateAndGet(143)) - 464a1553-fae6-4dda-89a5-e1a11f896a85: start FollowerState
2019-10-02 15:44:33,989 [pool-383-thread-1] INFO  util.JmxRegister (JmxRegister.java:tryRegister(44)) - Successfully registered JMX Bean with object name Ratis:service=RaftServer,group=group-A5B3A3EA4770,id=464a1553-fae6-4dda-89a5-e1a11f896a85
2019-10-02 15:44:33,994 [RatisPipelineUtilsThread] INFO  pipeline.PipelineStateManager (PipelineStateManager.java:addPipeline(56)) - Created pipeline Pipeline[ Id: b796ca44-40e9-4d1e-9ba9-a5b3a3ea4770, Nodes: 464a1553-fae6-4dda-89a5-e1a11f896a85{ip: 192.168.30.18, host: pr-hdds-2199-dnstouuidmap-kd262-1141434179, networkLocation: /default-rack, certSerialId: null}, Type:RATIS, Factor:ONE, State:OPEN]
2019-10-02 15:44:34,002 [grpc-default-executor-2] INFO  impl.RaftServerProxy (RaftServerProxy.java:addNew(89)) - 004bd4ca-0d86-41a5-b835-f96113076d76: addNew group-76FF09E37F54:[004bd4ca-0d86-41a5-b835-f96113076d76:192.168.30.18:33121] returns group-76FF09E37F54:java.util.concurrent.CompletableFuture@21cee0e5[Not completed]
2019-10-02 15:44:34,004 [pool-393-thread-1] INFO  impl.RaftServerImpl (RaftServerImpl.java:<init>(95)) - 004bd4ca-0d86-41a5-b835-f96113076d76: new RaftServerImpl for group-76FF09E37F54:[004bd4ca-0d86-41a5-b835-f96113076d76:192.168.30.18:33121] with ContainerStateMachine:uninitialized
2019-10-02 15:44:34,005 [pool-393-thread-1] INFO  server.RaftServerConfigKeys (ConfUtils.java:logGet(43)) - raft.server.rpc.timeout.min = 5s (custom)
2019-10-02 15:44:34,005 [pool-393-thread-1] INFO  server.RaftServerConfigKeys (ConfUtils.java:logGet(43)) - raft.server.rpc.timeout.max = 5200ms (custom)
2019-10-02 15:44:34,005 [pool-393-thread-1] INFO  server.RaftServerConfigKeys (ConfUtils.java:logGet(43)) - raft.server.rpcslowness.timeout = 120s (custom)
2019-10-02 15:44:34,005 [pool-393-thread-1] INFO  server.RaftServerConfigKeys (ConfUtils.java:logGet(43)) - raft.server.sleep.deviation.threshold = 300 (default)
2019-10-02 15:44:34,005 [pool-393-thread-1] INFO  server.RaftServerConfigKeys (ConfUtils.java:logGet(43)) - raft.server.log.appender.install.snapshot.enabled = false (custom)
2019-10-02 15:44:34,005 [pool-393-thread-1] INFO  impl.RaftServerImpl (ServerState.java:<init>(103)) - 004bd4ca-0d86-41a5-b835-f96113076d76@group-76FF09E37F54: ConfigurationManager, init=-1: [004bd4ca-0d86-41a5-b835-f96113076d76:192.168.30.18:33121], old=null, confs=<EMPTY_MAP>
2019-10-02 15:44:34,006 [pool-393-thread-1] INFO  server.RaftServerConfigKeys (ConfUtils.java:logGet(43)) - raft.server.storage.dir = [/workdir/hadoop-ozone/integration-test/target/test-dir/MiniOzoneClusterImpl-a6af883a-1c5c-4b71-a72c-09f1d51d3e43/datanode-1/data/ratis] (custom)
2019-10-02 15:44:34,006 [pool-393-thread-1] INFO  server.RaftServerConfigKeys (ConfUtils.java:logGet(43)) - raft.server.log.corruption.policy = EXCEPTION (default)
2019-10-02 15:44:34,006 [pool-393-thread-1] INFO  storage.RaftStorageDirectory (RaftStorageDirectory.java:analyzeStorage(246)) - The storage directory /workdir/hadoop-ozone/integration-test/target/test-dir/MiniOzoneClusterImpl-a6af883a-1c5c-4b71-a72c-09f1d51d3e43/datanode-1/data/ratis/a8895209-7cd2-48ee-a0e9-76ff09e37f54 does not exist. Creating ...
2019-10-02 15:44:34,010 [IPC Server handler 1 on 36558] INFO  net.NetworkTopology (NetworkTopologyImpl.java:add(111)) - Added a new node: /default-rack/a60e5d63-0d9b-4cb4-ac49-8c82a33288cc
2019-10-02 15:44:34,010 [IPC Server handler 1 on 36558] INFO  node.SCMNodeManager (SCMNodeManager.java:register(268)) - Registered Data node : a60e5d63-0d9b-4cb4-ac49-8c82a33288cc{ip: 192.168.30.18, host: pr-hdds-2199-dnstouuidmap-kd262-1141434179, networkLocation: /default-rack, certSerialId: null}
2019-10-02 15:44:34,031 [pool-393-thread-1] INFO  storage.RaftStorageDirectory (RaftStorageDirectory.java:tryLock(328)) - Lock on /workdir/hadoop-ozone/integration-test/target/test-dir/MiniOzoneClusterImpl-a6af883a-1c5c-4b71-a72c-09f1d51d3e43/datanode-1/data/ratis/a8895209-7cd2-48ee-a0e9-76ff09e37f54/in_use.lock acquired by nodename 11861@pr-hdds-2199-dnstouuidmap-kd262-1141434179
2019-10-02 15:44:34,056 [pool-393-thread-1] INFO  storage.RaftStorage (RaftStorage.java:format(84)) - Storage directory /workdir/hadoop-ozone/integration-test/target/test-dir/MiniOzoneClusterImpl-a6af883a-1c5c-4b71-a72c-09f1d51d3e43/datanode-1/data/ratis/a8895209-7cd2-48ee-a0e9-76ff09e37f54 has been successfully formatted.
2019-10-02 15:44:34,057 [pool-393-thread-1] INFO  ratis.ContainerStateMachine (ContainerStateMachine.java:loadSnapshot(230)) - group-76FF09E37F54: The snapshot info is null. Setting the last applied indexto:(t:0, i:~)
2019-10-02 15:44:34,057 [pool-393-thread-1] INFO  server.RaftServerConfigKeys (ConfUtils.java:logGet(43)) - raft.server.notification.no-leader.timeout = 120s (custom)
2019-10-02 15:44:34,057 [pool-393-thread-1] INFO  server.RaftServerConfigKeys (ConfUtils.java:logGet(43)) - raft.server.log.use.memory = false (default)
2019-10-02 15:44:34,057 [pool-393-thread-1] INFO  server.RaftServerConfigKeys (ConfUtils.java:logGet(43)) - raft.server.log.purge.gap = 1000000 (custom)
2019-10-02 15:44:34,057 [pool-393-thread-1] INFO  server.RaftServerConfigKeys (ConfUtils.java:logGet(43)) - raft.server.log.appender.buffer.byte-limit = 33554432 (custom)
2019-10-02 15:44:34,057 [pool-393-thread-1] INFO  server.RaftServerConfigKeys (ConfUtils.java:logGet(43)) - raft.server.log.segment.size.max = 1048576 (custom)
2019-10-02 15:44:34,059 [pool-393-thread-1] INFO  server.RaftServerConfigKeys (ConfUtils.java:logGet(43)) - raft.server.log.segment.cache.num.max = 2 (custom)
2019-10-02 15:44:34,060 [pool-393-thread-1] INFO  segmented.SegmentedRaftLogWorker (SegmentedRaftLogWorker.java:<init>(173)) - new 004bd4ca-0d86-41a5-b835-f96113076d76@group-76FF09E37F54-SegmentedRaftLogWorker for RaftStorage:Storage Directory /workdir/hadoop-ozone/integration-test/target/test-dir/MiniOzoneClusterImpl-a6af883a-1c5c-4b71-a72c-09f1d51d3e43/datanode-1/data/ratis/a8895209-7cd2-48ee-a0e9-76ff09e37f54
2019-10-02 15:44:34,060 [pool-393-thread-1] INFO  server.RaftServerConfigKeys (ConfUtils.java:logGet(43)) - raft.server.log.queue.byte-limit = 2147483647 (custom)
2019-10-02 15:44:34,060 [pool-393-thread-1] INFO  server.RaftServerConfigKeys (ConfUtils.java:logGet(43)) - raft.server.log.queue.element-limit = 1024 (custom)
2019-10-02 15:44:34,060 [pool-393-thread-1] INFO  server.RaftServerConfigKeys (ConfUtils.java:logGet(43)) - raft.server.log.segment.size.max = 1048576 (custom)
2019-10-02 15:44:34,060 [pool-393-thread-1] INFO  server.RaftServerConfigKeys (ConfUtils.java:logGet(43)) - raft.server.log.preallocated.size = 16384 (custom)
2019-10-02 15:44:34,060 [pool-393-thread-1] INFO  server.RaftServerConfigKeys (ConfUtils.java:logGet(43)) - raft.server.log.write.buffer.size = 33554432 (custom)
2019-10-02 15:44:34,060 [pool-393-thread-1] INFO  server.RaftServerConfigKeys (ConfUtils.java:logGet(43)) - raft.server.log.force.sync.num = 128 (default)
2019-10-02 15:44:34,060 [pool-393-thread-1] INFO  server.RaftServerConfigKeys (ConfUtils.java:logGet(43)) - raft.server.log.statemachine.data.sync = true (default)
2019-10-02 15:44:34,061 [pool-393-thread-1] INFO  server.RaftServerConfigKeys (ConfUtils.java:logGet(43)) - raft.server.log.statemachine.data.sync.timeout = 10s (default)
2019-10-02 15:44:34,061 [pool-393-thread-1] INFO  server.RaftServerConfigKeys (ConfUtils.java:logGet(43)) - raft.server.log.statemachine.data.sync.timeout.retry = -1 (default)
2019-10-02 15:44:34,061 [pool-393-thread-1] INFO  server.RaftServerConfigKeys (ConfUtils.java:logGet(43)) - raft.server.log.statemachine.data.caching.enabled = true (custom)
2019-10-02 15:44:34,061 [pool-393-thread-1] INFO  segmented.SegmentedRaftLogWorker (SegmentedRaftLogWorker.java:lambda$new$0(128)) - 004bd4ca-0d86-41a5-b835-f96113076d76@group-76FF09E37F54-SegmentedRaftLogWorker: flushIndex: setUnconditionally 0 -> -1
2019-10-02 15:44:34,062 [pool-393-thread-1] INFO  server.RaftServerConfigKeys (ConfUtils.java:logGet(43)) - raft.server.snapshot.auto.trigger.enabled = true (custom)
2019-10-02 15:44:34,062 [pool-393-thread-1] INFO  server.RaftServerConfigKeys (ConfUtils.java:logGet(43)) - raft.server.snapshot.auto.trigger.threshold = 10000 (custom)
2019-10-02 15:44:34,062 [pool-393-thread-1] INFO  server.RaftServerConfigKeys (ConfUtils.java:logGet(43)) - raft.server.snapshot.retention.file.num = 5 (custom)
2019-10-02 15:44:34,062 [pool-393-thread-1] INFO  server.RaftServerConfigKeys (ConfUtils.java:logGet(43)) - raft.server.retrycache.expirytime = 600000ms (custom)
2019-10-02 15:44:34,064 [pool-393-thread-1] INFO  impl.RaftServerImpl (RaftServerImpl.java:start(181)) - 004bd4ca-0d86-41a5-b835-f96113076d76@group-76FF09E37F54: start as a follower, conf=-1: [004bd4ca-0d86-41a5-b835-f96113076d76:192.168.30.18:33121], old=null
2019-10-02 15:44:34,064 [pool-393-thread-1] INFO  impl.RaftServerImpl (RaftServerImpl.java:setRole(170)) - 004bd4ca-0d86-41a5-b835-f96113076d76@group-76FF09E37F54: changes role from      null to FOLLOWER at term 0 for startAsFollower
2019-10-02 15:44:34,064 [pool-393-thread-1] INFO  impl.RoleInfo (RoleInfo.java:updateAndGet(143)) - 004bd4ca-0d86-41a5-b835-f96113076d76: start FollowerState
2019-10-02 15:44:34,065 [pool-393-thread-1] INFO  util.JmxRegister (JmxRegister.java:tryRegister(44)) - Successfully registered JMX Bean with object name Ratis:service=RaftServer,group=group-76FF09E37F54,id=004bd4ca-0d86-41a5-b835-f96113076d76
2019-10-02 15:44:34,069 [RatisPipelineUtilsThread] INFO  pipeline.PipelineStateManager (PipelineStateManager.java:addPipeline(56)) - Created pipeline Pipeline[ Id: a8895209-7cd2-48ee-a0e9-76ff09e37f54, Nodes: 004bd4ca-0d86-41a5-b835-f96113076d76{ip: 192.168.30.18, host: pr-hdds-2199-dnstouuidmap-kd262-1141434179, networkLocation: /default-rack, certSerialId: null}, Type:RATIS, Factor:ONE, State:OPEN]
2019-10-02 15:44:34,074 [IPC Server handler 0 on 36558] INFO  net.NetworkTopology (NetworkTopologyImpl.java:add(111)) - Added a new node: /default-rack/19739739-e1a7-4d76-8132-fceeaef0d717
2019-10-02 15:44:34,074 [IPC Server handler 0 on 36558] INFO  node.SCMNodeManager (SCMNodeManager.java:register(268)) - Registered Data node : 19739739-e1a7-4d76-8132-fceeaef0d717{ip: 192.168.30.18, host: pr-hdds-2199-dnstouuidmap-kd262-1141434179, networkLocation: /default-rack, certSerialId: null}
2019-10-02 15:44:34,079 [grpc-default-executor-2] INFO  impl.RaftServerProxy (RaftServerProxy.java:addNew(89)) - a60e5d63-0d9b-4cb4-ac49-8c82a33288cc: addNew group-479398831C03:[a60e5d63-0d9b-4cb4-ac49-8c82a33288cc:192.168.30.18:45275] returns group-479398831C03:java.util.concurrent.CompletableFuture@6fc526b0[Not completed]
2019-10-02 15:44:34,081 [pool-403-thread-1] INFO  impl.RaftServerImpl (RaftServerImpl.java:<init>(95)) - a60e5d63-0d9b-4cb4-ac49-8c82a33288cc: new RaftServerImpl for group-479398831C03:[a60e5d63-0d9b-4cb4-ac49-8c82a33288cc:192.168.30.18:45275] with ContainerStateMachine:uninitialized
2019-10-02 15:44:34,081 [pool-403-thread-1] INFO  server.RaftServerConfigKeys (ConfUtils.java:logGet(43)) - raft.server.rpc.timeout.min = 5s (custom)
2019-10-02 15:44:34,081 [pool-403-thread-1] INFO  server.RaftServerConfigKeys (ConfUtils.java:logGet(43)) - raft.server.rpc.timeout.max = 5200ms (custom)
2019-10-02 15:44:34,081 [pool-403-thread-1] INFO  server.RaftServerConfigKeys (ConfUtils.java:logGet(43)) - raft.server.rpcslowness.timeout = 120s (custom)
2019-10-02 15:44:34,081 [pool-403-thread-1] INFO  server.RaftServerConfigKeys (ConfUtils.java:logGet(43)) - raft.server.sleep.deviation.threshold = 300 (default)
2019-10-02 15:44:34,081 [pool-403-thread-1] INFO  server.RaftServerConfigKeys (ConfUtils.java:logGet(43)) - raft.server.log.appender.install.snapshot.enabled = false (custom)
2019-10-02 15:44:34,081 [pool-403-thread-1] INFO  impl.RaftServerImpl (ServerState.java:<init>(103)) - a60e5d63-0d9b-4cb4-ac49-8c82a33288cc@group-479398831C03: ConfigurationManager, init=-1: [a60e5d63-0d9b-4cb4-ac49-8c82a33288cc:192.168.30.18:45275], old=null, confs=<EMPTY_MAP>
2019-10-02 15:44:34,081 [pool-403-thread-1] INFO  server.RaftServerConfigKeys (ConfUtils.java:logGet(43)) - raft.server.storage.dir = [/workdir/hadoop-ozone/integration-test/target/test-dir/MiniOzoneClusterImpl-a6af883a-1c5c-4b71-a72c-09f1d51d3e43/datanode-2/data/ratis] (custom)
2019-10-02 15:44:34,082 [pool-403-thread-1] INFO  server.RaftServerConfigKeys (ConfUtils.java:logGet(43)) - raft.server.log.corruption.policy = EXCEPTION (default)
2019-10-02 15:44:34,082 [pool-403-thread-1] INFO  storage.RaftStorageDirectory (RaftStorageDirectory.java:analyzeStorage(246)) - The storage directory /workdir/hadoop-ozone/integration-test/target/test-dir/MiniOzoneClusterImpl-a6af883a-1c5c-4b71-a72c-09f1d51d3e43/datanode-2/data/ratis/34a359a1-1685-4078-a554-479398831c03 does not exist. Creating ...
2019-10-02 15:44:34,107 [pool-403-thread-1] INFO  storage.RaftStorageDirectory (RaftStorageDirectory.java:tryLock(328)) - Lock on /workdir/hadoop-ozone/integration-test/target/test-dir/MiniOzoneClusterImpl-a6af883a-1c5c-4b71-a72c-09f1d51d3e43/datanode-2/data/ratis/34a359a1-1685-4078-a554-479398831c03/in_use.lock acquired by nodename 11861@pr-hdds-2199-dnstouuidmap-kd262-1141434179
2019-10-02 15:44:34,132 [pool-403-thread-1] INFO  storage.RaftStorage (RaftStorage.java:format(84)) - Storage directory /workdir/hadoop-ozone/integration-test/target/test-dir/MiniOzoneClusterImpl-a6af883a-1c5c-4b71-a72c-09f1d51d3e43/datanode-2/data/ratis/34a359a1-1685-4078-a554-479398831c03 has been successfully formatted.
2019-10-02 15:44:34,132 [pool-403-thread-1] INFO  ratis.ContainerStateMachine (ContainerStateMachine.java:loadSnapshot(230)) - group-479398831C03: The snapshot info is null. Setting the last applied indexto:(t:0, i:~)
2019-10-02 15:44:34,132 [pool-403-thread-1] INFO  server.RaftServerConfigKeys (ConfUtils.java:logGet(43)) - raft.server.notification.no-leader.timeout = 120s (custom)
2019-10-02 15:44:34,133 [pool-403-thread-1] INFO  server.RaftServerConfigKeys (ConfUtils.java:logGet(43)) - raft.server.log.use.memory = false (default)
2019-10-02 15:44:34,133 [pool-403-thread-1] INFO  server.RaftServerConfigKeys (ConfUtils.java:logGet(43)) - raft.server.log.purge.gap = 1000000 (custom)
2019-10-02 15:44:34,133 [pool-403-thread-1] INFO  server.RaftServerConfigKeys (ConfUtils.java:logGet(43)) - raft.server.log.appender.buffer.byte-limit = 33554432 (custom)
2019-10-02 15:44:34,133 [pool-403-thread-1] INFO  server.RaftServerConfigKeys (ConfUtils.java:logGet(43)) - raft.server.log.segment.size.max = 1048576 (custom)
2019-10-02 15:44:34,134 [pool-403-thread-1] INFO  server.RaftServerConfigKeys (ConfUtils.java:logGet(43)) - raft.server.log.segment.cache.num.max = 2 (custom)
2019-10-02 15:44:34,134 [pool-403-thread-1] INFO  segmented.SegmentedRaftLogWorker (SegmentedRaftLogWorker.java:<init>(173)) - new a60e5d63-0d9b-4cb4-ac49-8c82a33288cc@group-479398831C03-SegmentedRaftLogWorker for RaftStorage:Storage Directory /workdir/hadoop-ozone/integration-test/target/test-dir/MiniOzoneClusterImpl-a6af883a-1c5c-4b71-a72c-09f1d51d3e43/datanode-2/data/ratis/34a359a1-1685-4078-a554-479398831c03
2019-10-02 15:44:34,135 [pool-403-thread-1] INFO  server.RaftServerConfigKeys (ConfUtils.java:logGet(43)) - raft.server.log.queue.byte-limit = 2147483647 (custom)
2019-10-02 15:44:34,135 [pool-403-thread-1] INFO  server.RaftServerConfigKeys (ConfUtils.java:logGet(43)) - raft.server.log.queue.element-limit = 1024 (custom)
2019-10-02 15:44:34,135 [pool-403-thread-1] INFO  server.RaftServerConfigKeys (ConfUtils.java:logGet(43)) - raft.server.log.segment.size.max = 1048576 (custom)
2019-10-02 15:44:34,135 [pool-403-thread-1] INFO  server.RaftServerConfigKeys (ConfUtils.java:logGet(43)) - raft.server.log.preallocated.size = 16384 (custom)
2019-10-02 15:44:34,135 [pool-403-thread-1] INFO  server.RaftServerConfigKeys (ConfUtils.java:logGet(43)) - raft.server.log.write.buffer.size = 33554432 (custom)
2019-10-02 15:44:34,135 [pool-403-thread-1] INFO  server.RaftServerConfigKeys (ConfUtils.java:logGet(43)) - raft.server.log.force.sync.num = 128 (default)
2019-10-02 15:44:34,135 [pool-403-thread-1] INFO  server.RaftServerConfigKeys (ConfUtils.java:logGet(43)) - raft.server.log.statemachine.data.sync = true (default)
2019-10-02 15:44:34,135 [pool-403-thread-1] INFO  server.RaftServerConfigKeys (ConfUtils.java:logGet(43)) - raft.server.log.statemachine.data.sync.timeout = 10s (default)
2019-10-02 15:44:34,136 [pool-403-thread-1] INFO  server.RaftServerConfigKeys (ConfUtils.java:logGet(43)) - raft.server.log.statemachine.data.sync.timeout.retry = -1 (default)
2019-10-02 15:44:34,136 [pool-403-thread-1] INFO  server.RaftServerConfigKeys (ConfUtils.java:logGet(43)) - raft.server.log.statemachine.data.caching.enabled = true (custom)
2019-10-02 15:44:34,136 [pool-403-thread-1] INFO  segmented.SegmentedRaftLogWorker (SegmentedRaftLogWorker.java:lambda$new$0(128)) - a60e5d63-0d9b-4cb4-ac49-8c82a33288cc@group-479398831C03-SegmentedRaftLogWorker: flushIndex: setUnconditionally 0 -> -1
2019-10-02 15:44:34,137 [pool-403-thread-1] INFO  server.RaftServerConfigKeys (ConfUtils.java:logGet(43)) - raft.server.snapshot.auto.trigger.enabled = true (custom)
2019-10-02 15:44:34,137 [pool-403-thread-1] INFO  server.RaftServerConfigKeys (ConfUtils.java:logGet(43)) - raft.server.snapshot.auto.trigger.threshold = 10000 (custom)
2019-10-02 15:44:34,137 [pool-403-thread-1] INFO  server.RaftServerConfigKeys (ConfUtils.java:logGet(43)) - raft.server.snapshot.retention.file.num = 5 (custom)
2019-10-02 15:44:34,137 [pool-403-thread-1] INFO  server.RaftServerConfigKeys (ConfUtils.java:logGet(43)) - raft.server.retrycache.expirytime = 600000ms (custom)
2019-10-02 15:44:34,138 [pool-403-thread-1] INFO  impl.RaftServerImpl (RaftServerImpl.java:start(181)) - a60e5d63-0d9b-4cb4-ac49-8c82a33288cc@group-479398831C03: start as a follower, conf=-1: [a60e5d63-0d9b-4cb4-ac49-8c82a33288cc:192.168.30.18:45275], old=null
2019-10-02 15:44:34,138 [pool-403-thread-1] INFO  impl.RaftServerImpl (RaftServerImpl.java:setRole(170)) - a60e5d63-0d9b-4cb4-ac49-8c82a33288cc@group-479398831C03: changes role from      null to FOLLOWER at term 0 for startAsFollower
2019-10-02 15:44:34,139 [pool-403-thread-1] INFO  impl.RoleInfo (RoleInfo.java:updateAndGet(143)) - a60e5d63-0d9b-4cb4-ac49-8c82a33288cc: start FollowerState
2019-10-02 15:44:34,139 [pool-403-thread-1] INFO  util.JmxRegister (JmxRegister.java:tryRegister(44)) - Successfully registered JMX Bean with object name Ratis:service=RaftServer,group=group-479398831C03,id=a60e5d63-0d9b-4cb4-ac49-8c82a33288cc
2019-10-02 15:44:34,142 [RatisPipelineUtilsThread] INFO  pipeline.PipelineStateManager (PipelineStateManager.java:addPipeline(56)) - Created pipeline Pipeline[ Id: 34a359a1-1685-4078-a554-479398831c03, Nodes: a60e5d63-0d9b-4cb4-ac49-8c82a33288cc{ip: 192.168.30.18, host: pr-hdds-2199-dnstouuidmap-kd262-1141434179, networkLocation: /default-rack, certSerialId: null}, Type:RATIS, Factor:ONE, State:OPEN]
2019-10-02 15:44:34,149 [grpc-default-executor-2] INFO  impl.RaftServerProxy (RaftServerProxy.java:addNew(89)) - 19739739-e1a7-4d76-8132-fceeaef0d717: addNew group-F2C83B82378E:[19739739-e1a7-4d76-8132-fceeaef0d717:192.168.30.18:39654] returns group-F2C83B82378E:java.util.concurrent.CompletableFuture@67b79ba1[Not completed]
2019-10-02 15:44:34,151 [pool-413-thread-1] INFO  impl.RaftServerImpl (RaftServerImpl.java:<init>(95)) - 19739739-e1a7-4d76-8132-fceeaef0d717: new RaftServerImpl for group-F2C83B82378E:[19739739-e1a7-4d76-8132-fceeaef0d717:192.168.30.18:39654] with ContainerStateMachine:uninitialized
2019-10-02 15:44:34,151 [pool-413-thread-1] INFO  server.RaftServerConfigKeys (ConfUtils.java:logGet(43)) - raft.server.rpc.timeout.min = 5s (custom)
2019-10-02 15:44:34,151 [pool-413-thread-1] INFO  server.RaftServerConfigKeys (ConfUtils.java:logGet(43)) - raft.server.rpc.timeout.max = 5200ms (custom)
2019-10-02 15:44:34,151 [pool-413-thread-1] INFO  server.RaftServerConfigKeys (ConfUtils.java:logGet(43)) - raft.server.rpcslowness.timeout = 120s (custom)
2019-10-02 15:44:34,151 [pool-413-thread-1] INFO  server.RaftServerConfigKeys (ConfUtils.java:logGet(43)) - raft.server.sleep.deviation.threshold = 300 (default)
2019-10-02 15:44:34,152 [pool-413-thread-1] INFO  server.RaftServerConfigKeys (ConfUtils.java:logGet(43)) - raft.server.log.appender.install.snapshot.enabled = false (custom)
2019-10-02 15:44:34,152 [pool-413-thread-1] INFO  impl.RaftServerImpl (ServerState.java:<init>(103)) - 19739739-e1a7-4d76-8132-fceeaef0d717@group-F2C83B82378E: ConfigurationManager, init=-1: [19739739-e1a7-4d76-8132-fceeaef0d717:192.168.30.18:39654], old=null, confs=<EMPTY_MAP>
2019-10-02 15:44:34,152 [pool-413-thread-1] INFO  server.RaftServerConfigKeys (ConfUtils.java:logGet(43)) - raft.server.storage.dir = [/workdir/hadoop-ozone/integration-test/target/test-dir/MiniOzoneClusterImpl-a6af883a-1c5c-4b71-a72c-09f1d51d3e43/datanode-3/data/ratis] (custom)
2019-10-02 15:44:34,152 [pool-413-thread-1] INFO  server.RaftServerConfigKeys (ConfUtils.java:logGet(43)) - raft.server.log.corruption.policy = EXCEPTION (default)
2019-10-02 15:44:34,152 [pool-413-thread-1] INFO  storage.RaftStorageDirectory (RaftStorageDirectory.java:analyzeStorage(246)) - The storage directory /workdir/hadoop-ozone/integration-test/target/test-dir/MiniOzoneClusterImpl-a6af883a-1c5c-4b71-a72c-09f1d51d3e43/datanode-3/data/ratis/34d3ba13-0ce7-4388-9a67-f2c83b82378e does not exist. Creating ...
2019-10-02 15:44:34,155 [IPC Server handler 3 on 36558] INFO  net.NetworkTopology (NetworkTopologyImpl.java:add(111)) - Added a new node: /default-rack/aaf7e247-1f10-4b88-87c2-796e05414644
2019-10-02 15:44:34,155 [IPC Server handler 3 on 36558] INFO  node.SCMNodeManager (SCMNodeManager.java:register(268)) - Registered Data node : aaf7e247-1f10-4b88-87c2-796e05414644{ip: 192.168.30.18, host: pr-hdds-2199-dnstouuidmap-kd262-1141434179, networkLocation: /default-rack, certSerialId: null}
2019-10-02 15:44:34,174 [pool-413-thread-1] INFO  storage.RaftStorageDirectory (RaftStorageDirectory.java:tryLock(328)) - Lock on /workdir/hadoop-ozone/integration-test/target/test-dir/MiniOzoneClusterImpl-a6af883a-1c5c-4b71-a72c-09f1d51d3e43/datanode-3/data/ratis/34d3ba13-0ce7-4388-9a67-f2c83b82378e/in_use.lock acquired by nodename 11861@pr-hdds-2199-dnstouuidmap-kd262-1141434179
2019-10-02 15:44:34,200 [pool-413-thread-1] INFO  storage.RaftStorage (RaftStorage.java:format(84)) - Storage directory /workdir/hadoop-ozone/integration-test/target/test-dir/MiniOzoneClusterImpl-a6af883a-1c5c-4b71-a72c-09f1d51d3e43/datanode-3/data/ratis/34d3ba13-0ce7-4388-9a67-f2c83b82378e has been successfully formatted.
2019-10-02 15:44:34,200 [pool-413-thread-1] INFO  ratis.ContainerStateMachine (ContainerStateMachine.java:loadSnapshot(230)) - group-F2C83B82378E: The snapshot info is null. Setting the last applied indexto:(t:0, i:~)
2019-10-02 15:44:34,200 [pool-413-thread-1] INFO  server.RaftServerConfigKeys (ConfUtils.java:logGet(43)) - raft.server.notification.no-leader.timeout = 120s (custom)
2019-10-02 15:44:34,200 [pool-413-thread-1] INFO  server.RaftServerConfigKeys (ConfUtils.java:logGet(43)) - raft.server.log.use.memory = false (default)
2019-10-02 15:44:34,200 [pool-413-thread-1] INFO  server.RaftServerConfigKeys (ConfUtils.java:logGet(43)) - raft.server.log.purge.gap = 1000000 (custom)
2019-10-02 15:44:34,200 [pool-413-thread-1] INFO  server.RaftServerConfigKeys (ConfUtils.java:logGet(43)) - raft.server.log.appender.buffer.byte-limit = 33554432 (custom)
2019-10-02 15:44:34,200 [pool-413-thread-1] INFO  server.RaftServerConfigKeys (ConfUtils.java:logGet(43)) - raft.server.log.segment.size.max = 1048576 (custom)
2019-10-02 15:44:34,202 [pool-413-thread-1] INFO  server.RaftServerConfigKeys (ConfUtils.java:logGet(43)) - raft.server.log.segment.cache.num.max = 2 (custom)
2019-10-02 15:44:34,202 [pool-413-thread-1] INFO  segmented.SegmentedRaftLogWorker (SegmentedRaftLogWorker.java:<init>(173)) - new 19739739-e1a7-4d76-8132-fceeaef0d717@group-F2C83B82378E-SegmentedRaftLogWorker for RaftStorage:Storage Directory /workdir/hadoop-ozone/integration-test/target/test-dir/MiniOzoneClusterImpl-a6af883a-1c5c-4b71-a72c-09f1d51d3e43/datanode-3/data/ratis/34d3ba13-0ce7-4388-9a67-f2c83b82378e
2019-10-02 15:44:34,202 [pool-413-thread-1] INFO  server.RaftServerConfigKeys (ConfUtils.java:logGet(43)) - raft.server.log.queue.byte-limit = 2147483647 (custom)
2019-10-02 15:44:34,202 [pool-413-thread-1] INFO  server.RaftServerConfigKeys (ConfUtils.java:logGet(43)) - raft.server.log.queue.element-limit = 1024 (custom)
2019-10-02 15:44:34,202 [pool-413-thread-1] INFO  server.RaftServerConfigKeys (ConfUtils.java:logGet(43)) - raft.server.log.segment.size.max = 1048576 (custom)
2019-10-02 15:44:34,203 [pool-413-thread-1] INFO  server.RaftServerConfigKeys (ConfUtils.java:logGet(43)) - raft.server.log.preallocated.size = 16384 (custom)
2019-10-02 15:44:34,203 [pool-413-thread-1] INFO  server.RaftServerConfigKeys (ConfUtils.java:logGet(43)) - raft.server.log.write.buffer.size = 33554432 (custom)
2019-10-02 15:44:34,203 [pool-413-thread-1] INFO  server.RaftServerConfigKeys (ConfUtils.java:logGet(43)) - raft.server.log.force.sync.num = 128 (default)
2019-10-02 15:44:34,203 [pool-413-thread-1] INFO  server.RaftServerConfigKeys (ConfUtils.java:logGet(43)) - raft.server.log.statemachine.data.sync = true (default)
2019-10-02 15:44:34,203 [pool-413-thread-1] INFO  server.RaftServerConfigKeys (ConfUtils.java:logGet(43)) - raft.server.log.statemachine.data.sync.timeout = 10s (default)
2019-10-02 15:44:34,203 [pool-413-thread-1] INFO  server.RaftServerConfigKeys (ConfUtils.java:logGet(43)) - raft.server.log.statemachine.data.sync.timeout.retry = -1 (default)
2019-10-02 15:44:34,203 [pool-413-thread-1] INFO  server.RaftServerConfigKeys (ConfUtils.java:logGet(43)) - raft.server.log.statemachine.data.caching.enabled = true (custom)
2019-10-02 15:44:34,204 [pool-413-thread-1] INFO  segmented.SegmentedRaftLogWorker (SegmentedRaftLogWorker.java:lambda$new$0(128)) - 19739739-e1a7-4d76-8132-fceeaef0d717@group-F2C83B82378E-SegmentedRaftLogWorker: flushIndex: setUnconditionally 0 -> -1
2019-10-02 15:44:34,204 [pool-413-thread-1] INFO  server.RaftServerConfigKeys (ConfUtils.java:logGet(43)) - raft.server.snapshot.auto.trigger.enabled = true (custom)
2019-10-02 15:44:34,204 [pool-413-thread-1] INFO  server.RaftServerConfigKeys (ConfUtils.java:logGet(43)) - raft.server.snapshot.auto.trigger.threshold = 10000 (custom)
2019-10-02 15:44:34,204 [pool-413-thread-1] INFO  server.RaftServerConfigKeys (ConfUtils.java:logGet(43)) - raft.server.snapshot.retention.file.num = 5 (custom)
2019-10-02 15:44:34,204 [pool-413-thread-1] INFO  server.RaftServerConfigKeys (ConfUtils.java:logGet(43)) - raft.server.retrycache.expirytime = 600000ms (custom)
2019-10-02 15:44:34,206 [pool-413-thread-1] INFO  impl.RaftServerImpl (RaftServerImpl.java:start(181)) - 19739739-e1a7-4d76-8132-fceeaef0d717@group-F2C83B82378E: start as a follower, conf=-1: [19739739-e1a7-4d76-8132-fceeaef0d717:192.168.30.18:39654], old=null
2019-10-02 15:44:34,206 [pool-413-thread-1] INFO  impl.RaftServerImpl (RaftServerImpl.java:setRole(170)) - 19739739-e1a7-4d76-8132-fceeaef0d717@group-F2C83B82378E: changes role from      null to FOLLOWER at term 0 for startAsFollower
2019-10-02 15:44:34,206 [pool-413-thread-1] INFO  impl.RoleInfo (RoleInfo.java:updateAndGet(143)) - 19739739-e1a7-4d76-8132-fceeaef0d717: start FollowerState
2019-10-02 15:44:34,206 [pool-413-thread-1] INFO  util.JmxRegister (JmxRegister.java:tryRegister(44)) - Successfully registered JMX Bean with object name Ratis:service=RaftServer,group=group-F2C83B82378E,id=19739739-e1a7-4d76-8132-fceeaef0d717
2019-10-02 15:44:34,210 [RatisPipelineUtilsThread] INFO  pipeline.PipelineStateManager (PipelineStateManager.java:addPipeline(56)) - Created pipeline Pipeline[ Id: 34d3ba13-0ce7-4388-9a67-f2c83b82378e, Nodes: 19739739-e1a7-4d76-8132-fceeaef0d717{ip: 192.168.30.18, host: pr-hdds-2199-dnstouuidmap-kd262-1141434179, networkLocation: /default-rack, certSerialId: null}, Type:RATIS, Factor:ONE, State:OPEN]
2019-10-02 15:44:34,220 [grpc-default-executor-2] INFO  impl.RaftServerProxy (RaftServerProxy.java:addNew(89)) - aaf7e247-1f10-4b88-87c2-796e05414644: addNew group-0DF9CCF1FE43:[aaf7e247-1f10-4b88-87c2-796e05414644:192.168.30.18:35475] returns group-0DF9CCF1FE43:java.util.concurrent.CompletableFuture@122b5b04[Not completed]
2019-10-02 15:44:34,222 [pool-423-thread-1] INFO  impl.RaftServerImpl (RaftServerImpl.java:<init>(95)) - aaf7e247-1f10-4b88-87c2-796e05414644: new RaftServerImpl for group-0DF9CCF1FE43:[aaf7e247-1f10-4b88-87c2-796e05414644:192.168.30.18:35475] with ContainerStateMachine:uninitialized
2019-10-02 15:44:34,222 [pool-423-thread-1] INFO  server.RaftServerConfigKeys (ConfUtils.java:logGet(43)) - raft.server.rpc.timeout.min = 5s (custom)
2019-10-02 15:44:34,222 [pool-423-thread-1] INFO  server.RaftServerConfigKeys (ConfUtils.java:logGet(43)) - raft.server.rpc.timeout.max = 5200ms (custom)
2019-10-02 15:44:34,222 [pool-423-thread-1] INFO  server.RaftServerConfigKeys (ConfUtils.java:logGet(43)) - raft.server.rpcslowness.timeout = 120s (custom)
2019-10-02 15:44:34,223 [pool-423-thread-1] INFO  server.RaftServerConfigKeys (ConfUtils.java:logGet(43)) - raft.server.sleep.deviation.threshold = 300 (default)
2019-10-02 15:44:34,223 [pool-423-thread-1] INFO  server.RaftServerConfigKeys (ConfUtils.java:logGet(43)) - raft.server.log.appender.install.snapshot.enabled = false (custom)
2019-10-02 15:44:34,223 [pool-423-thread-1] INFO  impl.RaftServerImpl (ServerState.java:<init>(103)) - aaf7e247-1f10-4b88-87c2-796e05414644@group-0DF9CCF1FE43: ConfigurationManager, init=-1: [aaf7e247-1f10-4b88-87c2-796e05414644:192.168.30.18:35475], old=null, confs=<EMPTY_MAP>
2019-10-02 15:44:34,223 [pool-423-thread-1] INFO  server.RaftServerConfigKeys (ConfUtils.java:logGet(43)) - raft.server.storage.dir = [/workdir/hadoop-ozone/integration-test/target/test-dir/MiniOzoneClusterImpl-a6af883a-1c5c-4b71-a72c-09f1d51d3e43/datanode-4/data/ratis] (custom)
2019-10-02 15:44:34,223 [pool-423-thread-1] INFO  server.RaftServerConfigKeys (ConfUtils.java:logGet(43)) - raft.server.log.corruption.policy = EXCEPTION (default)
2019-10-02 15:44:34,224 [pool-423-thread-1] INFO  storage.RaftStorageDirectory (RaftStorageDirectory.java:analyzeStorage(246)) - The storage directory /workdir/hadoop-ozone/integration-test/target/test-dir/MiniOzoneClusterImpl-a6af883a-1c5c-4b71-a72c-09f1d51d3e43/datanode-4/data/ratis/5d812548-2108-4d4f-b6ef-0df9ccf1fe43 does not exist. Creating ...
2019-10-02 15:44:34,232 [IPC Server handler 2 on 36558] INFO  net.NetworkTopology (NetworkTopologyImpl.java:add(111)) - Added a new node: /default-rack/821add6d-49e5-42d3-825c-d50dc084eaee
2019-10-02 15:44:34,232 [IPC Server handler 2 on 36558] INFO  node.SCMNodeManager (SCMNodeManager.java:register(268)) - Registered Data node : 821add6d-49e5-42d3-825c-d50dc084eaee{ip: 192.168.30.18, host: pr-hdds-2199-dnstouuidmap-kd262-1141434179, networkLocation: /default-rack, certSerialId: null}
2019-10-02 15:44:34,250 [pool-423-thread-1] INFO  storage.RaftStorageDirectory (RaftStorageDirectory.java:tryLock(328)) - Lock on /workdir/hadoop-ozone/integration-test/target/test-dir/MiniOzoneClusterImpl-a6af883a-1c5c-4b71-a72c-09f1d51d3e43/datanode-4/data/ratis/5d812548-2108-4d4f-b6ef-0df9ccf1fe43/in_use.lock acquired by nodename 11861@pr-hdds-2199-dnstouuidmap-kd262-1141434179
2019-10-02 15:44:34,275 [pool-423-thread-1] INFO  storage.RaftStorage (RaftStorage.java:format(84)) - Storage directory /workdir/hadoop-ozone/integration-test/target/test-dir/MiniOzoneClusterImpl-a6af883a-1c5c-4b71-a72c-09f1d51d3e43/datanode-4/data/ratis/5d812548-2108-4d4f-b6ef-0df9ccf1fe43 has been successfully formatted.
2019-10-02 15:44:34,275 [pool-423-thread-1] INFO  ratis.ContainerStateMachine (ContainerStateMachine.java:loadSnapshot(230)) - group-0DF9CCF1FE43: The snapshot info is null. Setting the last applied indexto:(t:0, i:~)
2019-10-02 15:44:34,276 [pool-423-thread-1] INFO  server.RaftServerConfigKeys (ConfUtils.java:logGet(43)) - raft.server.notification.no-leader.timeout = 120s (custom)
2019-10-02 15:44:34,276 [pool-423-thread-1] INFO  server.RaftServerConfigKeys (ConfUtils.java:logGet(43)) - raft.server.log.use.memory = false (default)
2019-10-02 15:44:34,276 [pool-423-thread-1] INFO  server.RaftServerConfigKeys (ConfUtils.java:logGet(43)) - raft.server.log.purge.gap = 1000000 (custom)
2019-10-02 15:44:34,276 [pool-423-thread-1] INFO  server.RaftServerConfigKeys (ConfUtils.java:logGet(43)) - raft.server.log.appender.buffer.byte-limit = 33554432 (custom)
2019-10-02 15:44:34,276 [pool-423-thread-1] INFO  server.RaftServerConfigKeys (ConfUtils.java:logGet(43)) - raft.server.log.segment.size.max = 1048576 (custom)
2019-10-02 15:44:34,278 [pool-423-thread-1] INFO  server.RaftServerConfigKeys (ConfUtils.java:logGet(43)) - raft.server.log.segment.cache.num.max = 2 (custom)
2019-10-02 15:44:34,278 [pool-423-thread-1] INFO  segmented.SegmentedRaftLogWorker (SegmentedRaftLogWorker.java:<init>(173)) - new aaf7e247-1f10-4b88-87c2-796e05414644@group-0DF9CCF1FE43-SegmentedRaftLogWorker for RaftStorage:Storage Directory /workdir/hadoop-ozone/integration-test/target/test-dir/MiniOzoneClusterImpl-a6af883a-1c5c-4b71-a72c-09f1d51d3e43/datanode-4/data/ratis/5d812548-2108-4d4f-b6ef-0df9ccf1fe43
2019-10-02 15:44:34,279 [pool-423-thread-1] INFO  server.RaftServerConfigKeys (ConfUtils.java:logGet(43)) - raft.server.log.queue.byte-limit = 2147483647 (custom)
2019-10-02 15:44:34,279 [pool-423-thread-1] INFO  server.RaftServerConfigKeys (ConfUtils.java:logGet(43)) - raft.server.log.queue.element-limit = 1024 (custom)
2019-10-02 15:44:34,279 [pool-423-thread-1] INFO  server.RaftServerConfigKeys (ConfUtils.java:logGet(43)) - raft.server.log.segment.size.max = 1048576 (custom)
2019-10-02 15:44:34,279 [pool-423-thread-1] INFO  server.RaftServerConfigKeys (ConfUtils.java:logGet(43)) - raft.server.log.preallocated.size = 16384 (custom)
2019-10-02 15:44:34,279 [pool-423-thread-1] INFO  server.RaftServerConfigKeys (ConfUtils.java:logGet(43)) - raft.server.log.write.buffer.size = 33554432 (custom)
2019-10-02 15:44:34,279 [pool-423-thread-1] INFO  server.RaftServerConfigKeys (ConfUtils.java:logGet(43)) - raft.server.log.force.sync.num = 128 (default)
2019-10-02 15:44:34,280 [pool-423-thread-1] INFO  server.RaftServerConfigKeys (ConfUtils.java:logGet(43)) - raft.server.log.statemachine.data.sync = true (default)
2019-10-02 15:44:34,280 [pool-423-thread-1] INFO  server.RaftServerConfigKeys (ConfUtils.java:logGet(43)) - raft.server.log.statemachine.data.sync.timeout = 10s (default)
2019-10-02 15:44:34,280 [pool-423-thread-1] INFO  server.RaftServerConfigKeys (ConfUtils.java:logGet(43)) - raft.server.log.statemachine.data.sync.timeout.retry = -1 (default)
2019-10-02 15:44:34,280 [pool-423-thread-1] INFO  server.RaftServerConfigKeys (ConfUtils.java:logGet(43)) - raft.server.log.statemachine.data.caching.enabled = true (custom)
2019-10-02 15:44:34,281 [pool-423-thread-1] INFO  segmented.SegmentedRaftLogWorker (SegmentedRaftLogWorker.java:lambda$new$0(128)) - aaf7e247-1f10-4b88-87c2-796e05414644@group-0DF9CCF1FE43-SegmentedRaftLogWorker: flushIndex: setUnconditionally 0 -> -1
2019-10-02 15:44:34,281 [pool-423-thread-1] INFO  server.RaftServerConfigKeys (ConfUtils.java:logGet(43)) - raft.server.snapshot.auto.trigger.enabled = true (custom)
2019-10-02 15:44:34,281 [pool-423-thread-1] INFO  server.RaftServerConfigKeys (ConfUtils.java:logGet(43)) - raft.server.snapshot.auto.trigger.threshold = 10000 (custom)
2019-10-02 15:44:34,281 [pool-423-thread-1] INFO  server.RaftServerConfigKeys (ConfUtils.java:logGet(43)) - raft.server.snapshot.retention.file.num = 5 (custom)
2019-10-02 15:44:34,282 [pool-423-thread-1] INFO  server.RaftServerConfigKeys (ConfUtils.java:logGet(43)) - raft.server.retrycache.expirytime = 600000ms (custom)
2019-10-02 15:44:34,284 [pool-423-thread-1] INFO  impl.RaftServerImpl (RaftServerImpl.java:start(181)) - aaf7e247-1f10-4b88-87c2-796e05414644@group-0DF9CCF1FE43: start as a follower, conf=-1: [aaf7e247-1f10-4b88-87c2-796e05414644:192.168.30.18:35475], old=null
2019-10-02 15:44:34,284 [pool-423-thread-1] INFO  impl.RaftServerImpl (RaftServerImpl.java:setRole(170)) - aaf7e247-1f10-4b88-87c2-796e05414644@group-0DF9CCF1FE43: changes role from      null to FOLLOWER at term 0 for startAsFollower
2019-10-02 15:44:34,284 [pool-423-thread-1] INFO  impl.RoleInfo (RoleInfo.java:updateAndGet(143)) - aaf7e247-1f10-4b88-87c2-796e05414644: start FollowerState
2019-10-02 15:44:34,285 [pool-423-thread-1] INFO  util.JmxRegister (JmxRegister.java:tryRegister(44)) - Successfully registered JMX Bean with object name Ratis:service=RaftServer,group=group-0DF9CCF1FE43,id=aaf7e247-1f10-4b88-87c2-796e05414644
2019-10-02 15:44:34,289 [RatisPipelineUtilsThread] INFO  pipeline.PipelineStateManager (PipelineStateManager.java:addPipeline(56)) - Created pipeline Pipeline[ Id: 5d812548-2108-4d4f-b6ef-0df9ccf1fe43, Nodes: aaf7e247-1f10-4b88-87c2-796e05414644{ip: 192.168.30.18, host: pr-hdds-2199-dnstouuidmap-kd262-1141434179, networkLocation: /default-rack, certSerialId: null}, Type:RATIS, Factor:ONE, State:OPEN]
2019-10-02 15:44:34,296 [grpc-default-executor-2] INFO  impl.RaftServerProxy (RaftServerProxy.java:addNew(89)) - 821add6d-49e5-42d3-825c-d50dc084eaee: addNew group-8F49328997FD:[821add6d-49e5-42d3-825c-d50dc084eaee:192.168.30.18:40831] returns group-8F49328997FD:java.util.concurrent.CompletableFuture@29e119e7[Not completed]
2019-10-02 15:44:34,298 [pool-433-thread-1] INFO  impl.RaftServerImpl (RaftServerImpl.java:<init>(95)) - 821add6d-49e5-42d3-825c-d50dc084eaee: new RaftServerImpl for group-8F49328997FD:[821add6d-49e5-42d3-825c-d50dc084eaee:192.168.30.18:40831] with ContainerStateMachine:uninitialized
2019-10-02 15:44:34,298 [pool-433-thread-1] INFO  server.RaftServerConfigKeys (ConfUtils.java:logGet(43)) - raft.server.rpc.timeout.min = 5s (custom)
2019-10-02 15:44:34,299 [pool-433-thread-1] INFO  server.RaftServerConfigKeys (ConfUtils.java:logGet(43)) - raft.server.rpc.timeout.max = 5200ms (custom)
2019-10-02 15:44:34,299 [pool-433-thread-1] INFO  server.RaftServerConfigKeys (ConfUtils.java:logGet(43)) - raft.server.rpcslowness.timeout = 120s (custom)
2019-10-02 15:44:34,299 [pool-433-thread-1] INFO  server.RaftServerConfigKeys (ConfUtils.java:logGet(43)) - raft.server.sleep.deviation.threshold = 300 (default)
2019-10-02 15:44:34,299 [pool-433-thread-1] INFO  server.RaftServerConfigKeys (ConfUtils.java:logGet(43)) - raft.server.log.appender.install.snapshot.enabled = false (custom)
2019-10-02 15:44:34,299 [pool-433-thread-1] INFO  impl.RaftServerImpl (ServerState.java:<init>(103)) - 821add6d-49e5-42d3-825c-d50dc084eaee@group-8F49328997FD: ConfigurationManager, init=-1: [821add6d-49e5-42d3-825c-d50dc084eaee:192.168.30.18:40831], old=null, confs=<EMPTY_MAP>
2019-10-02 15:44:34,299 [pool-433-thread-1] INFO  server.RaftServerConfigKeys (ConfUtils.java:logGet(43)) - raft.server.storage.dir = [/workdir/hadoop-ozone/integration-test/target/test-dir/MiniOzoneClusterImpl-a6af883a-1c5c-4b71-a72c-09f1d51d3e43/datanode-5/data/ratis] (custom)
2019-10-02 15:44:34,300 [IPC Server handler 5 on 36558] INFO  net.NetworkTopology (NetworkTopologyImpl.java:add(111)) - Added a new node: /default-rack/d6ff8088-05ad-465f-886b-a333b7cba2d5
2019-10-02 15:44:34,300 [pool-433-thread-1] INFO  server.RaftServerConfigKeys (ConfUtils.java:logGet(43)) - raft.server.log.corruption.policy = EXCEPTION (default)
2019-10-02 15:44:34,300 [IPC Server handler 5 on 36558] INFO  node.SCMNodeManager (SCMNodeManager.java:register(268)) - Registered Data node : d6ff8088-05ad-465f-886b-a333b7cba2d5{ip: 192.168.30.18, host: pr-hdds-2199-dnstouuidmap-kd262-1141434179, networkLocation: /default-rack, certSerialId: null}
2019-10-02 15:44:34,300 [pool-433-thread-1] INFO  storage.RaftStorageDirectory (RaftStorageDirectory.java:analyzeStorage(246)) - The storage directory /workdir/hadoop-ozone/integration-test/target/test-dir/MiniOzoneClusterImpl-a6af883a-1c5c-4b71-a72c-09f1d51d3e43/datanode-5/data/ratis/832a4ff7-00f6-498d-9fc8-8f49328997fd does not exist. Creating ...
2019-10-02 15:44:34,301 [main] INFO  ozone.MiniOzoneClusterImpl (MiniOzoneClusterImpl.java:lambda$waitForClusterToBeReady$0(147)) - Cluster is ready. Got 7 of 7 DN Heartbeats.
2019-10-02 15:44:34,336 [pool-433-thread-1] INFO  storage.RaftStorageDirectory (RaftStorageDirectory.java:tryLock(328)) - Lock on /workdir/hadoop-ozone/integration-test/target/test-dir/MiniOzoneClusterImpl-a6af883a-1c5c-4b71-a72c-09f1d51d3e43/datanode-5/data/ratis/832a4ff7-00f6-498d-9fc8-8f49328997fd/in_use.lock acquired by nodename 11861@pr-hdds-2199-dnstouuidmap-kd262-1141434179
2019-10-02 15:44:34,343 [main] INFO  rpc.RpcClient (RpcClient.java:createVolume(276)) - Creating Volume: watchforcommithandlingtest, with jenkins1000 as owner.
2019-10-02 15:44:34,346 [IPC Server handler 1 on 37000] INFO  volume.OMVolumeCreateRequest (OMVolumeCreateRequest.java:validateAndUpdateCache(194)) - created volume:watchforcommithandlingtest for user:jenkins1000
2019-10-02 15:44:34,361 [pool-433-thread-1] INFO  storage.RaftStorage (RaftStorage.java:format(84)) - Storage directory /workdir/hadoop-ozone/integration-test/target/test-dir/MiniOzoneClusterImpl-a6af883a-1c5c-4b71-a72c-09f1d51d3e43/datanode-5/data/ratis/832a4ff7-00f6-498d-9fc8-8f49328997fd has been successfully formatted.
2019-10-02 15:44:34,361 [pool-433-thread-1] INFO  ratis.ContainerStateMachine (ContainerStateMachine.java:loadSnapshot(230)) - group-8F49328997FD: The snapshot info is null. Setting the last applied indexto:(t:0, i:~)
2019-10-02 15:44:34,362 [pool-433-thread-1] INFO  server.RaftServerConfigKeys (ConfUtils.java:logGet(43)) - raft.server.notification.no-leader.timeout = 120s (custom)
2019-10-02 15:44:34,362 [pool-433-thread-1] INFO  server.RaftServerConfigKeys (ConfUtils.java:logGet(43)) - raft.server.log.use.memory = false (default)
2019-10-02 15:44:34,362 [pool-433-thread-1] INFO  server.RaftServerConfigKeys (ConfUtils.java:logGet(43)) - raft.server.log.purge.gap = 1000000 (custom)
2019-10-02 15:44:34,362 [pool-433-thread-1] INFO  server.RaftServerConfigKeys (ConfUtils.java:logGet(43)) - raft.server.log.appender.buffer.byte-limit = 33554432 (custom)
2019-10-02 15:44:34,362 [main] INFO  rpc.RpcClient (RpcClient.java:createBucket(415)) - Creating Bucket: watchforcommithandlingtest/watchforcommithandlingtest, with Versioning false and Storage Type set to DISK and Encryption set to false 
2019-10-02 15:44:34,362 [pool-433-thread-1] INFO  server.RaftServerConfigKeys (ConfUtils.java:logGet(43)) - raft.server.log.segment.size.max = 1048576 (custom)
2019-10-02 15:44:34,367 [main] INFO  ozone.MiniOzoneClusterImpl (MiniOzoneClusterImpl.java:getStorageContainerLocationClient(234)) - Creating StorageContainerLocationProtocol RPC client with address /0.0.0.0:35414
2019-10-02 15:44:34,367 [pool-433-thread-1] INFO  server.RaftServerConfigKeys (ConfUtils.java:logGet(43)) - raft.server.log.segment.cache.num.max = 2 (custom)
2019-10-02 15:44:34,367 [pool-433-thread-1] INFO  segmented.SegmentedRaftLogWorker (SegmentedRaftLogWorker.java:<init>(173)) - new 821add6d-49e5-42d3-825c-d50dc084eaee@group-8F49328997FD-SegmentedRaftLogWorker for RaftStorage:Storage Directory /workdir/hadoop-ozone/integration-test/target/test-dir/MiniOzoneClusterImpl-a6af883a-1c5c-4b71-a72c-09f1d51d3e43/datanode-5/data/ratis/832a4ff7-00f6-498d-9fc8-8f49328997fd
2019-10-02 15:44:34,368 [pool-433-thread-1] INFO  server.RaftServerConfigKeys (ConfUtils.java:logGet(43)) - raft.server.log.queue.byte-limit = 2147483647 (custom)
2019-10-02 15:44:34,368 [pool-433-thread-1] INFO  server.RaftServerConfigKeys (ConfUtils.java:logGet(43)) - raft.server.log.queue.element-limit = 1024 (custom)
2019-10-02 15:44:34,368 [pool-433-thread-1] INFO  server.RaftServerConfigKeys (ConfUtils.java:logGet(43)) - raft.server.log.segment.size.max = 1048576 (custom)
2019-10-02 15:44:34,368 [pool-433-thread-1] INFO  server.RaftServerConfigKeys (ConfUtils.java:logGet(43)) - raft.server.log.preallocated.size = 16384 (custom)
2019-10-02 15:44:34,368 [pool-433-thread-1] INFO  server.RaftServerConfigKeys (ConfUtils.java:logGet(43)) - raft.server.log.write.buffer.size = 33554432 (custom)
2019-10-02 15:44:34,368 [pool-433-thread-1] INFO  server.RaftServerConfigKeys (ConfUtils.java:logGet(43)) - raft.server.log.force.sync.num = 128 (default)
2019-10-02 15:44:34,369 [pool-433-thread-1] INFO  server.RaftServerConfigKeys (ConfUtils.java:logGet(43)) - raft.server.log.statemachine.data.sync = true (default)
2019-10-02 15:44:34,369 [pool-433-thread-1] INFO  server.RaftServerConfigKeys (ConfUtils.java:logGet(43)) - raft.server.log.statemachine.data.sync.timeout = 10s (default)
2019-10-02 15:44:34,369 [pool-433-thread-1] INFO  server.RaftServerConfigKeys (ConfUtils.java:logGet(43)) - raft.server.log.statemachine.data.sync.timeout.retry = -1 (default)
2019-10-02 15:44:34,369 [pool-433-thread-1] INFO  server.RaftServerConfigKeys (ConfUtils.java:logGet(43)) - raft.server.log.statemachine.data.caching.enabled = true (custom)
2019-10-02 15:44:34,369 [pool-433-thread-1] INFO  segmented.SegmentedRaftLogWorker (SegmentedRaftLogWorker.java:lambda$new$0(128)) - 821add6d-49e5-42d3-825c-d50dc084eaee@group-8F49328997FD-SegmentedRaftLogWorker: flushIndex: setUnconditionally 0 -> -1
2019-10-02 15:44:34,370 [pool-433-thread-1] INFO  server.RaftServerConfigKeys (ConfUtils.java:logGet(43)) - raft.server.snapshot.auto.trigger.enabled = true (custom)
2019-10-02 15:44:34,370 [pool-433-thread-1] INFO  server.RaftServerConfigKeys (ConfUtils.java:logGet(43)) - raft.server.snapshot.auto.trigger.threshold = 10000 (custom)
2019-10-02 15:44:34,370 [pool-433-thread-1] INFO  server.RaftServerConfigKeys (ConfUtils.java:logGet(43)) - raft.server.snapshot.retention.file.num = 5 (custom)
2019-10-02 15:44:34,370 [pool-433-thread-1] INFO  server.RaftServerConfigKeys (ConfUtils.java:logGet(43)) - raft.server.retrycache.expirytime = 600000ms (custom)
2019-10-02 15:44:34,372 [pool-433-thread-1] INFO  impl.RaftServerImpl (RaftServerImpl.java:start(181)) - 821add6d-49e5-42d3-825c-d50dc084eaee@group-8F49328997FD: start as a follower, conf=-1: [821add6d-49e5-42d3-825c-d50dc084eaee:192.168.30.18:40831], old=null
2019-10-02 15:44:34,372 [pool-433-thread-1] INFO  impl.RaftServerImpl (RaftServerImpl.java:setRole(170)) - 821add6d-49e5-42d3-825c-d50dc084eaee@group-8F49328997FD: changes role from      null to FOLLOWER at term 0 for startAsFollower
2019-10-02 15:44:34,372 [pool-433-thread-1] INFO  impl.RoleInfo (RoleInfo.java:updateAndGet(143)) - 821add6d-49e5-42d3-825c-d50dc084eaee: start FollowerState
2019-10-02 15:44:34,373 [pool-433-thread-1] INFO  util.JmxRegister (JmxRegister.java:tryRegister(44)) - Successfully registered JMX Bean with object name Ratis:service=RaftServer,group=group-8F49328997FD,id=821add6d-49e5-42d3-825c-d50dc084eaee
2019-10-02 15:44:34,376 [RatisPipelineUtilsThread] INFO  pipeline.PipelineStateManager (PipelineStateManager.java:addPipeline(56)) - Created pipeline Pipeline[ Id: 832a4ff7-00f6-498d-9fc8-8f49328997fd, Nodes: 821add6d-49e5-42d3-825c-d50dc084eaee{ip: 192.168.30.18, host: pr-hdds-2199-dnstouuidmap-kd262-1141434179, networkLocation: /default-rack, certSerialId: null}, Type:RATIS, Factor:ONE, State:OPEN]
2019-10-02 15:44:34,392 [grpc-default-executor-2] INFO  impl.RaftServerProxy (RaftServerProxy.java:addNew(89)) - d6ff8088-05ad-465f-886b-a333b7cba2d5: addNew group-6BF158E87BF3:[d6ff8088-05ad-465f-886b-a333b7cba2d5:192.168.30.18:39743] returns group-6BF158E87BF3:java.util.concurrent.CompletableFuture@68aafd9c[Not completed]
2019-10-02 15:44:34,394 [pool-443-thread-1] INFO  impl.RaftServerImpl (RaftServerImpl.java:<init>(95)) - d6ff8088-05ad-465f-886b-a333b7cba2d5: new RaftServerImpl for group-6BF158E87BF3:[d6ff8088-05ad-465f-886b-a333b7cba2d5:192.168.30.18:39743] with ContainerStateMachine:uninitialized
2019-10-02 15:44:34,394 [pool-443-thread-1] INFO  server.RaftServerConfigKeys (ConfUtils.java:logGet(43)) - raft.server.rpc.timeout.min = 5s (custom)
2019-10-02 15:44:34,394 [pool-443-thread-1] INFO  server.RaftServerConfigKeys (ConfUtils.java:logGet(43)) - raft.server.rpc.timeout.max = 5200ms (custom)
2019-10-02 15:44:34,394 [pool-443-thread-1] INFO  server.RaftServerConfigKeys (ConfUtils.java:logGet(43)) - raft.server.rpcslowness.timeout = 120s (custom)
2019-10-02 15:44:34,394 [pool-443-thread-1] INFO  server.RaftServerConfigKeys (ConfUtils.java:logGet(43)) - raft.server.sleep.deviation.threshold = 300 (default)
2019-10-02 15:44:34,394 [pool-443-thread-1] INFO  server.RaftServerConfigKeys (ConfUtils.java:logGet(43)) - raft.server.log.appender.install.snapshot.enabled = false (custom)
2019-10-02 15:44:34,394 [pool-443-thread-1] INFO  impl.RaftServerImpl (ServerState.java:<init>(103)) - d6ff8088-05ad-465f-886b-a333b7cba2d5@group-6BF158E87BF3: ConfigurationManager, init=-1: [d6ff8088-05ad-465f-886b-a333b7cba2d5:192.168.30.18:39743], old=null, confs=<EMPTY_MAP>
2019-10-02 15:44:34,395 [pool-443-thread-1] INFO  server.RaftServerConfigKeys (ConfUtils.java:logGet(43)) - raft.server.storage.dir = [/workdir/hadoop-ozone/integration-test/target/test-dir/MiniOzoneClusterImpl-a6af883a-1c5c-4b71-a72c-09f1d51d3e43/datanode-6/data/ratis] (custom)
2019-10-02 15:44:34,395 [pool-443-thread-1] INFO  server.RaftServerConfigKeys (ConfUtils.java:logGet(43)) - raft.server.log.corruption.policy = EXCEPTION (default)
2019-10-02 15:44:34,395 [pool-443-thread-1] INFO  storage.RaftStorageDirectory (RaftStorageDirectory.java:analyzeStorage(246)) - The storage directory /workdir/hadoop-ozone/integration-test/target/test-dir/MiniOzoneClusterImpl-a6af883a-1c5c-4b71-a72c-09f1d51d3e43/datanode-6/data/ratis/26ace67f-e8ce-469b-bc4b-6bf158e87bf3 does not exist. Creating ...
2019-10-02 15:44:34,418 [pool-443-thread-1] INFO  storage.RaftStorageDirectory (RaftStorageDirectory.java:tryLock(328)) - Lock on /workdir/hadoop-ozone/integration-test/target/test-dir/MiniOzoneClusterImpl-a6af883a-1c5c-4b71-a72c-09f1d51d3e43/datanode-6/data/ratis/26ace67f-e8ce-469b-bc4b-6bf158e87bf3/in_use.lock acquired by nodename 11861@pr-hdds-2199-dnstouuidmap-kd262-1141434179
2019-10-02 15:44:34,444 [pool-443-thread-1] INFO  storage.RaftStorage (RaftStorage.java:format(84)) - Storage directory /workdir/hadoop-ozone/integration-test/target/test-dir/MiniOzoneClusterImpl-a6af883a-1c5c-4b71-a72c-09f1d51d3e43/datanode-6/data/ratis/26ace67f-e8ce-469b-bc4b-6bf158e87bf3 has been successfully formatted.
2019-10-02 15:44:34,444 [pool-443-thread-1] INFO  ratis.ContainerStateMachine (ContainerStateMachine.java:loadSnapshot(230)) - group-6BF158E87BF3: The snapshot info is null. Setting the last applied indexto:(t:0, i:~)
2019-10-02 15:44:34,444 [pool-443-thread-1] INFO  server.RaftServerConfigKeys (ConfUtils.java:logGet(43)) - raft.server.notification.no-leader.timeout = 120s (custom)
2019-10-02 15:44:34,444 [pool-443-thread-1] INFO  server.RaftServerConfigKeys (ConfUtils.java:logGet(43)) - raft.server.log.use.memory = false (default)
2019-10-02 15:44:34,444 [pool-443-thread-1] INFO  server.RaftServerConfigKeys (ConfUtils.java:logGet(43)) - raft.server.log.purge.gap = 1000000 (custom)
2019-10-02 15:44:34,445 [pool-443-thread-1] INFO  server.RaftServerConfigKeys (ConfUtils.java:logGet(43)) - raft.server.log.appender.buffer.byte-limit = 33554432 (custom)
2019-10-02 15:44:34,445 [pool-443-thread-1] INFO  server.RaftServerConfigKeys (ConfUtils.java:logGet(43)) - raft.server.log.segment.size.max = 1048576 (custom)
2019-10-02 15:44:34,447 [pool-443-thread-1] INFO  server.RaftServerConfigKeys (ConfUtils.java:logGet(43)) - raft.server.log.segment.cache.num.max = 2 (custom)
2019-10-02 15:44:34,447 [pool-443-thread-1] INFO  segmented.SegmentedRaftLogWorker (SegmentedRaftLogWorker.java:<init>(173)) - new d6ff8088-05ad-465f-886b-a333b7cba2d5@group-6BF158E87BF3-SegmentedRaftLogWorker for RaftStorage:Storage Directory /workdir/hadoop-ozone/integration-test/target/test-dir/MiniOzoneClusterImpl-a6af883a-1c5c-4b71-a72c-09f1d51d3e43/datanode-6/data/ratis/26ace67f-e8ce-469b-bc4b-6bf158e87bf3
2019-10-02 15:44:34,447 [pool-443-thread-1] INFO  server.RaftServerConfigKeys (ConfUtils.java:logGet(43)) - raft.server.log.queue.byte-limit = 2147483647 (custom)
2019-10-02 15:44:34,447 [pool-443-thread-1] INFO  server.RaftServerConfigKeys (ConfUtils.java:logGet(43)) - raft.server.log.queue.element-limit = 1024 (custom)
2019-10-02 15:44:34,448 [pool-443-thread-1] INFO  server.RaftServerConfigKeys (ConfUtils.java:logGet(43)) - raft.server.log.segment.size.max = 1048576 (custom)
2019-10-02 15:44:34,448 [pool-443-thread-1] INFO  server.RaftServerConfigKeys (ConfUtils.java:logGet(43)) - raft.server.log.preallocated.size = 16384 (custom)
2019-10-02 15:44:34,448 [pool-443-thread-1] INFO  server.RaftServerConfigKeys (ConfUtils.java:logGet(43)) - raft.server.log.write.buffer.size = 33554432 (custom)
2019-10-02 15:44:34,448 [pool-443-thread-1] INFO  server.RaftServerConfigKeys (ConfUtils.java:logGet(43)) - raft.server.log.force.sync.num = 128 (default)
2019-10-02 15:44:34,448 [pool-443-thread-1] INFO  server.RaftServerConfigKeys (ConfUtils.java:logGet(43)) - raft.server.log.statemachine.data.sync = true (default)
2019-10-02 15:44:34,448 [pool-443-thread-1] INFO  server.RaftServerConfigKeys (ConfUtils.java:logGet(43)) - raft.server.log.statemachine.data.sync.timeout = 10s (default)
2019-10-02 15:44:34,449 [pool-443-thread-1] INFO  server.RaftServerConfigKeys (ConfUtils.java:logGet(43)) - raft.server.log.statemachine.data.sync.timeout.retry = -1 (default)
2019-10-02 15:44:34,449 [pool-443-thread-1] INFO  server.RaftServerConfigKeys (ConfUtils.java:logGet(43)) - raft.server.log.statemachine.data.caching.enabled = true (custom)
2019-10-02 15:44:34,450 [pool-443-thread-1] INFO  segmented.SegmentedRaftLogWorker (SegmentedRaftLogWorker.java:lambda$new$0(128)) - d6ff8088-05ad-465f-886b-a333b7cba2d5@group-6BF158E87BF3-SegmentedRaftLogWorker: flushIndex: setUnconditionally 0 -> -1
2019-10-02 15:44:34,450 [pool-443-thread-1] INFO  server.RaftServerConfigKeys (ConfUtils.java:logGet(43)) - raft.server.snapshot.auto.trigger.enabled = true (custom)
2019-10-02 15:44:34,450 [pool-443-thread-1] INFO  server.RaftServerConfigKeys (ConfUtils.java:logGet(43)) - raft.server.snapshot.auto.trigger.threshold = 10000 (custom)
2019-10-02 15:44:34,450 [pool-443-thread-1] INFO  server.RaftServerConfigKeys (ConfUtils.java:logGet(43)) - raft.server.snapshot.retention.file.num = 5 (custom)
2019-10-02 15:44:34,450 [pool-443-thread-1] INFO  server.RaftServerConfigKeys (ConfUtils.java:logGet(43)) - raft.server.retrycache.expirytime = 600000ms (custom)
2019-10-02 15:44:34,452 [pool-443-thread-1] INFO  impl.RaftServerImpl (RaftServerImpl.java:start(181)) - d6ff8088-05ad-465f-886b-a333b7cba2d5@group-6BF158E87BF3: start as a follower, conf=-1: [d6ff8088-05ad-465f-886b-a333b7cba2d5:192.168.30.18:39743], old=null
2019-10-02 15:44:34,452 [pool-443-thread-1] INFO  impl.RaftServerImpl (RaftServerImpl.java:setRole(170)) - d6ff8088-05ad-465f-886b-a333b7cba2d5@group-6BF158E87BF3: changes role from      null to FOLLOWER at term 0 for startAsFollower
2019-10-02 15:44:34,452 [pool-443-thread-1] INFO  impl.RoleInfo (RoleInfo.java:updateAndGet(143)) - d6ff8088-05ad-465f-886b-a333b7cba2d5: start FollowerState
2019-10-02 15:44:34,453 [pool-443-thread-1] INFO  util.JmxRegister (JmxRegister.java:tryRegister(44)) - Successfully registered JMX Bean with object name Ratis:service=RaftServer,group=group-6BF158E87BF3,id=d6ff8088-05ad-465f-886b-a333b7cba2d5
2019-10-02 15:44:34,457 [RatisPipelineUtilsThread] INFO  pipeline.PipelineStateManager (PipelineStateManager.java:addPipeline(56)) - Created pipeline Pipeline[ Id: 26ace67f-e8ce-469b-bc4b-6bf158e87bf3, Nodes: d6ff8088-05ad-465f-886b-a333b7cba2d5{ip: 192.168.30.18, host: pr-hdds-2199-dnstouuidmap-kd262-1141434179, networkLocation: /default-rack, certSerialId: null}, Type:RATIS, Factor:ONE, State:OPEN]
2019-10-02 15:44:34,472 [grpc-default-executor-5] INFO  impl.RaftServerProxy (RaftServerProxy.java:addNew(89)) - aaf7e247-1f10-4b88-87c2-796e05414644: addNew group-66AAD93C4749:[d6ff8088-05ad-465f-886b-a333b7cba2d5:192.168.30.18:39743, 19739739-e1a7-4d76-8132-fceeaef0d717:192.168.30.18:39654, aaf7e247-1f10-4b88-87c2-796e05414644:192.168.30.18:35475] returns group-66AAD93C4749:java.util.concurrent.CompletableFuture@5ac883e[Not completed]
2019-10-02 15:44:34,472 [grpc-default-executor-5] INFO  impl.RaftServerProxy (RaftServerProxy.java:addNew(89)) - d6ff8088-05ad-465f-886b-a333b7cba2d5: addNew group-66AAD93C4749:[d6ff8088-05ad-465f-886b-a333b7cba2d5:192.168.30.18:39743, 19739739-e1a7-4d76-8132-fceeaef0d717:192.168.30.18:39654, aaf7e247-1f10-4b88-87c2-796e05414644:192.168.30.18:35475] returns group-66AAD93C4749:java.util.concurrent.CompletableFuture@8446e9e[Not completed]
2019-10-02 15:44:34,473 [grpc-default-executor-3] INFO  impl.RaftServerProxy (RaftServerProxy.java:addNew(89)) - 19739739-e1a7-4d76-8132-fceeaef0d717: addNew group-66AAD93C4749:[d6ff8088-05ad-465f-886b-a333b7cba2d5:192.168.30.18:39743, 19739739-e1a7-4d76-8132-fceeaef0d717:192.168.30.18:39654, aaf7e247-1f10-4b88-87c2-796e05414644:192.168.30.18:35475] returns group-66AAD93C4749:java.util.concurrent.CompletableFuture@703cb8f0[Not completed]
2019-10-02 15:44:34,473 [pool-423-thread-1] INFO  impl.RaftServerImpl (RaftServerImpl.java:<init>(95)) - aaf7e247-1f10-4b88-87c2-796e05414644: new RaftServerImpl for group-66AAD93C4749:[d6ff8088-05ad-465f-886b-a333b7cba2d5:192.168.30.18:39743, 19739739-e1a7-4d76-8132-fceeaef0d717:192.168.30.18:39654, aaf7e247-1f10-4b88-87c2-796e05414644:192.168.30.18:35475] with ContainerStateMachine:uninitialized
2019-10-02 15:44:34,473 [pool-423-thread-1] INFO  server.RaftServerConfigKeys (ConfUtils.java:logGet(43)) - raft.server.rpc.timeout.min = 5s (custom)
2019-10-02 15:44:34,473 [pool-423-thread-1] INFO  server.RaftServerConfigKeys (ConfUtils.java:logGet(43)) - raft.server.rpc.timeout.max = 5200ms (custom)
2019-10-02 15:44:34,473 [pool-423-thread-1] INFO  server.RaftServerConfigKeys (ConfUtils.java:logGet(43)) - raft.server.rpcslowness.timeout = 120s (custom)
2019-10-02 15:44:34,474 [pool-423-thread-1] INFO  server.RaftServerConfigKeys (ConfUtils.java:logGet(43)) - raft.server.sleep.deviation.threshold = 300 (default)
2019-10-02 15:44:34,474 [pool-443-thread-1] INFO  impl.RaftServerImpl (RaftServerImpl.java:<init>(95)) - d6ff8088-05ad-465f-886b-a333b7cba2d5: new RaftServerImpl for group-66AAD93C4749:[d6ff8088-05ad-465f-886b-a333b7cba2d5:192.168.30.18:39743, 19739739-e1a7-4d76-8132-fceeaef0d717:192.168.30.18:39654, aaf7e247-1f10-4b88-87c2-796e05414644:192.168.30.18:35475] with ContainerStateMachine:uninitialized
2019-10-02 15:44:34,474 [pool-423-thread-1] INFO  server.RaftServerConfigKeys (ConfUtils.java:logGet(43)) - raft.server.log.appender.install.snapshot.enabled = false (custom)
2019-10-02 15:44:34,474 [pool-443-thread-1] INFO  server.RaftServerConfigKeys (ConfUtils.java:logGet(43)) - raft.server.rpc.timeout.min = 5s (custom)
2019-10-02 15:44:34,474 [pool-423-thread-1] INFO  impl.RaftServerImpl (ServerState.java:<init>(103)) - aaf7e247-1f10-4b88-87c2-796e05414644@group-66AAD93C4749: ConfigurationManager, init=-1: [d6ff8088-05ad-465f-886b-a333b7cba2d5:192.168.30.18:39743, 19739739-e1a7-4d76-8132-fceeaef0d717:192.168.30.18:39654, aaf7e247-1f10-4b88-87c2-796e05414644:192.168.30.18:35475], old=null, confs=<EMPTY_MAP>
2019-10-02 15:44:34,474 [pool-443-thread-1] INFO  server.RaftServerConfigKeys (ConfUtils.java:logGet(43)) - raft.server.rpc.timeout.max = 5200ms (custom)
2019-10-02 15:44:34,474 [pool-423-thread-1] INFO  server.RaftServerConfigKeys (ConfUtils.java:logGet(43)) - raft.server.storage.dir = [/workdir/hadoop-ozone/integration-test/target/test-dir/MiniOzoneClusterImpl-a6af883a-1c5c-4b71-a72c-09f1d51d3e43/datanode-4/data/ratis] (custom)
2019-10-02 15:44:34,474 [pool-413-thread-1] INFO  impl.RaftServerImpl (RaftServerImpl.java:<init>(95)) - 19739739-e1a7-4d76-8132-fceeaef0d717: new RaftServerImpl for group-66AAD93C4749:[d6ff8088-05ad-465f-886b-a333b7cba2d5:192.168.30.18:39743, 19739739-e1a7-4d76-8132-fceeaef0d717:192.168.30.18:39654, aaf7e247-1f10-4b88-87c2-796e05414644:192.168.30.18:35475] with ContainerStateMachine:uninitialized
2019-10-02 15:44:34,474 [pool-443-thread-1] INFO  server.RaftServerConfigKeys (ConfUtils.java:logGet(43)) - raft.server.rpcslowness.timeout = 120s (custom)
2019-10-02 15:44:34,474 [pool-413-thread-1] INFO  server.RaftServerConfigKeys (ConfUtils.java:logGet(43)) - raft.server.rpc.timeout.min = 5s (custom)
2019-10-02 15:44:34,474 [pool-423-thread-1] INFO  server.RaftServerConfigKeys (ConfUtils.java:logGet(43)) - raft.server.log.corruption.policy = EXCEPTION (default)
2019-10-02 15:44:34,475 [pool-413-thread-1] INFO  server.RaftServerConfigKeys (ConfUtils.java:logGet(43)) - raft.server.rpc.timeout.max = 5200ms (custom)
2019-10-02 15:44:34,475 [pool-443-thread-1] INFO  server.RaftServerConfigKeys (ConfUtils.java:logGet(43)) - raft.server.sleep.deviation.threshold = 300 (default)
2019-10-02 15:44:34,475 [pool-413-thread-1] INFO  server.RaftServerConfigKeys (ConfUtils.java:logGet(43)) - raft.server.rpcslowness.timeout = 120s (custom)
2019-10-02 15:44:34,475 [pool-423-thread-1] INFO  storage.RaftStorageDirectory (RaftStorageDirectory.java:analyzeStorage(246)) - The storage directory /workdir/hadoop-ozone/integration-test/target/test-dir/MiniOzoneClusterImpl-a6af883a-1c5c-4b71-a72c-09f1d51d3e43/datanode-4/data/ratis/cb1b5082-50ba-4105-bbf6-66aad93c4749 does not exist. Creating ...
2019-10-02 15:44:34,475 [pool-413-thread-1] INFO  server.RaftServerConfigKeys (ConfUtils.java:logGet(43)) - raft.server.sleep.deviation.threshold = 300 (default)
2019-10-02 15:44:34,475 [pool-443-thread-1] INFO  server.RaftServerConfigKeys (ConfUtils.java:logGet(43)) - raft.server.log.appender.install.snapshot.enabled = false (custom)
2019-10-02 15:44:34,475 [pool-413-thread-1] INFO  server.RaftServerConfigKeys (ConfUtils.java:logGet(43)) - raft.server.log.appender.install.snapshot.enabled = false (custom)
2019-10-02 15:44:34,476 [pool-443-thread-1] INFO  impl.RaftServerImpl (ServerState.java:<init>(103)) - d6ff8088-05ad-465f-886b-a333b7cba2d5@group-66AAD93C4749: ConfigurationManager, init=-1: [d6ff8088-05ad-465f-886b-a333b7cba2d5:192.168.30.18:39743, 19739739-e1a7-4d76-8132-fceeaef0d717:192.168.30.18:39654, aaf7e247-1f10-4b88-87c2-796e05414644:192.168.30.18:35475], old=null, confs=<EMPTY_MAP>
2019-10-02 15:44:34,476 [pool-413-thread-1] INFO  impl.RaftServerImpl (ServerState.java:<init>(103)) - 19739739-e1a7-4d76-8132-fceeaef0d717@group-66AAD93C4749: ConfigurationManager, init=-1: [d6ff8088-05ad-465f-886b-a333b7cba2d5:192.168.30.18:39743, 19739739-e1a7-4d76-8132-fceeaef0d717:192.168.30.18:39654, aaf7e247-1f10-4b88-87c2-796e05414644:192.168.30.18:35475], old=null, confs=<EMPTY_MAP>
2019-10-02 15:44:34,476 [pool-443-thread-1] INFO  server.RaftServerConfigKeys (ConfUtils.java:logGet(43)) - raft.server.storage.dir = [/workdir/hadoop-ozone/integration-test/target/test-dir/MiniOzoneClusterImpl-a6af883a-1c5c-4b71-a72c-09f1d51d3e43/datanode-6/data/ratis] (custom)
2019-10-02 15:44:34,476 [pool-413-thread-1] INFO  server.RaftServerConfigKeys (ConfUtils.java:logGet(43)) - raft.server.storage.dir = [/workdir/hadoop-ozone/integration-test/target/test-dir/MiniOzoneClusterImpl-a6af883a-1c5c-4b71-a72c-09f1d51d3e43/datanode-3/data/ratis] (custom)
2019-10-02 15:44:34,476 [pool-443-thread-1] INFO  server.RaftServerConfigKeys (ConfUtils.java:logGet(43)) - raft.server.log.corruption.policy = EXCEPTION (default)
2019-10-02 15:44:34,476 [pool-413-thread-1] INFO  server.RaftServerConfigKeys (ConfUtils.java:logGet(43)) - raft.server.log.corruption.policy = EXCEPTION (default)
2019-10-02 15:44:34,476 [pool-443-thread-1] INFO  storage.RaftStorageDirectory (RaftStorageDirectory.java:analyzeStorage(246)) - The storage directory /workdir/hadoop-ozone/integration-test/target/test-dir/MiniOzoneClusterImpl-a6af883a-1c5c-4b71-a72c-09f1d51d3e43/datanode-6/data/ratis/cb1b5082-50ba-4105-bbf6-66aad93c4749 does not exist. Creating ...
2019-10-02 15:44:34,476 [pool-413-thread-1] INFO  storage.RaftStorageDirectory (RaftStorageDirectory.java:analyzeStorage(246)) - The storage directory /workdir/hadoop-ozone/integration-test/target/test-dir/MiniOzoneClusterImpl-a6af883a-1c5c-4b71-a72c-09f1d51d3e43/datanode-3/data/ratis/cb1b5082-50ba-4105-bbf6-66aad93c4749 does not exist. Creating ...
2019-10-02 15:44:34,502 [pool-423-thread-1] INFO  storage.RaftStorageDirectory (RaftStorageDirectory.java:tryLock(328)) - Lock on /workdir/hadoop-ozone/integration-test/target/test-dir/MiniOzoneClusterImpl-a6af883a-1c5c-4b71-a72c-09f1d51d3e43/datanode-4/data/ratis/cb1b5082-50ba-4105-bbf6-66aad93c4749/in_use.lock acquired by nodename 11861@pr-hdds-2199-dnstouuidmap-kd262-1141434179
2019-10-02 15:44:34,502 [pool-413-thread-1] INFO  storage.RaftStorageDirectory (RaftStorageDirectory.java:tryLock(328)) - Lock on /workdir/hadoop-ozone/integration-test/target/test-dir/MiniOzoneClusterImpl-a6af883a-1c5c-4b71-a72c-09f1d51d3e43/datanode-3/data/ratis/cb1b5082-50ba-4105-bbf6-66aad93c4749/in_use.lock acquired by nodename 11861@pr-hdds-2199-dnstouuidmap-kd262-1141434179
2019-10-02 15:44:34,502 [pool-443-thread-1] INFO  storage.RaftStorageDirectory (RaftStorageDirectory.java:tryLock(328)) - Lock on /workdir/hadoop-ozone/integration-test/target/test-dir/MiniOzoneClusterImpl-a6af883a-1c5c-4b71-a72c-09f1d51d3e43/datanode-6/data/ratis/cb1b5082-50ba-4105-bbf6-66aad93c4749/in_use.lock acquired by nodename 11861@pr-hdds-2199-dnstouuidmap-kd262-1141434179
2019-10-02 15:44:34,520 [pool-423-thread-1] INFO  storage.RaftStorage (RaftStorage.java:format(84)) - Storage directory /workdir/hadoop-ozone/integration-test/target/test-dir/MiniOzoneClusterImpl-a6af883a-1c5c-4b71-a72c-09f1d51d3e43/datanode-4/data/ratis/cb1b5082-50ba-4105-bbf6-66aad93c4749 has been successfully formatted.
2019-10-02 15:44:34,520 [pool-413-thread-1] INFO  storage.RaftStorage (RaftStorage.java:format(84)) - Storage directory /workdir/hadoop-ozone/integration-test/target/test-dir/MiniOzoneClusterImpl-a6af883a-1c5c-4b71-a72c-09f1d51d3e43/datanode-3/data/ratis/cb1b5082-50ba-4105-bbf6-66aad93c4749 has been successfully formatted.
2019-10-02 15:44:34,520 [pool-443-thread-1] INFO  storage.RaftStorage (RaftStorage.java:format(84)) - Storage directory /workdir/hadoop-ozone/integration-test/target/test-dir/MiniOzoneClusterImpl-a6af883a-1c5c-4b71-a72c-09f1d51d3e43/datanode-6/data/ratis/cb1b5082-50ba-4105-bbf6-66aad93c4749 has been successfully formatted.
2019-10-02 15:44:34,520 [pool-413-thread-1] INFO  ratis.ContainerStateMachine (ContainerStateMachine.java:loadSnapshot(230)) - group-66AAD93C4749: The snapshot info is null. Setting the last applied indexto:(t:0, i:~)
2019-10-02 15:44:34,520 [pool-423-thread-1] INFO  ratis.ContainerStateMachine (ContainerStateMachine.java:loadSnapshot(230)) - group-66AAD93C4749: The snapshot info is null. Setting the last applied indexto:(t:0, i:~)
2019-10-02 15:44:34,520 [pool-413-thread-1] INFO  server.RaftServerConfigKeys (ConfUtils.java:logGet(43)) - raft.server.notification.no-leader.timeout = 120s (custom)
2019-10-02 15:44:34,520 [pool-443-thread-1] INFO  ratis.ContainerStateMachine (ContainerStateMachine.java:loadSnapshot(230)) - group-66AAD93C4749: The snapshot info is null. Setting the last applied indexto:(t:0, i:~)
2019-10-02 15:44:34,520 [pool-413-thread-1] INFO  server.RaftServerConfigKeys (ConfUtils.java:logGet(43)) - raft.server.log.use.memory = false (default)
2019-10-02 15:44:34,520 [pool-423-thread-1] INFO  server.RaftServerConfigKeys (ConfUtils.java:logGet(43)) - raft.server.notification.no-leader.timeout = 120s (custom)
2019-10-02 15:44:34,521 [pool-413-thread-1] INFO  server.RaftServerConfigKeys (ConfUtils.java:logGet(43)) - raft.server.log.purge.gap = 1000000 (custom)
2019-10-02 15:44:34,521 [pool-443-thread-1] INFO  server.RaftServerConfigKeys (ConfUtils.java:logGet(43)) - raft.server.notification.no-leader.timeout = 120s (custom)
2019-10-02 15:44:34,521 [pool-413-thread-1] INFO  server.RaftServerConfigKeys (ConfUtils.java:logGet(43)) - raft.server.log.appender.buffer.byte-limit = 33554432 (custom)
2019-10-02 15:44:34,521 [pool-423-thread-1] INFO  server.RaftServerConfigKeys (ConfUtils.java:logGet(43)) - raft.server.log.use.memory = false (default)
2019-10-02 15:44:34,521 [pool-413-thread-1] INFO  server.RaftServerConfigKeys (ConfUtils.java:logGet(43)) - raft.server.log.segment.size.max = 1048576 (custom)
2019-10-02 15:44:34,521 [pool-443-thread-1] INFO  server.RaftServerConfigKeys (ConfUtils.java:logGet(43)) - raft.server.log.use.memory = false (default)
2019-10-02 15:44:34,522 [pool-413-thread-1] INFO  server.RaftServerConfigKeys (ConfUtils.java:logGet(43)) - raft.server.log.segment.cache.num.max = 2 (custom)
2019-10-02 15:44:34,521 [pool-423-thread-1] INFO  server.RaftServerConfigKeys (ConfUtils.java:logGet(43)) - raft.server.log.purge.gap = 1000000 (custom)
2019-10-02 15:44:34,522 [pool-413-thread-1] INFO  segmented.SegmentedRaftLogWorker (SegmentedRaftLogWorker.java:<init>(173)) - new 19739739-e1a7-4d76-8132-fceeaef0d717@group-66AAD93C4749-SegmentedRaftLogWorker for RaftStorage:Storage Directory /workdir/hadoop-ozone/integration-test/target/test-dir/MiniOzoneClusterImpl-a6af883a-1c5c-4b71-a72c-09f1d51d3e43/datanode-3/data/ratis/cb1b5082-50ba-4105-bbf6-66aad93c4749
2019-10-02 15:44:34,522 [pool-443-thread-1] INFO  server.RaftServerConfigKeys (ConfUtils.java:logGet(43)) - raft.server.log.purge.gap = 1000000 (custom)
2019-10-02 15:44:34,522 [pool-413-thread-1] INFO  server.RaftServerConfigKeys (ConfUtils.java:logGet(43)) - raft.server.log.queue.byte-limit = 2147483647 (custom)
2019-10-02 15:44:34,522 [pool-423-thread-1] INFO  server.RaftServerConfigKeys (ConfUtils.java:logGet(43)) - raft.server.log.appender.buffer.byte-limit = 33554432 (custom)
2019-10-02 15:44:34,523 [pool-413-thread-1] INFO  server.RaftServerConfigKeys (ConfUtils.java:logGet(43)) - raft.server.log.queue.element-limit = 1024 (custom)
2019-10-02 15:44:34,522 [pool-443-thread-1] INFO  server.RaftServerConfigKeys (ConfUtils.java:logGet(43)) - raft.server.log.appender.buffer.byte-limit = 33554432 (custom)
2019-10-02 15:44:34,523 [pool-413-thread-1] INFO  server.RaftServerConfigKeys (ConfUtils.java:logGet(43)) - raft.server.log.segment.size.max = 1048576 (custom)
2019-10-02 15:44:34,523 [pool-423-thread-1] INFO  server.RaftServerConfigKeys (ConfUtils.java:logGet(43)) - raft.server.log.segment.size.max = 1048576 (custom)
2019-10-02 15:44:34,523 [pool-413-thread-1] INFO  server.RaftServerConfigKeys (ConfUtils.java:logGet(43)) - raft.server.log.preallocated.size = 16384 (custom)
2019-10-02 15:44:34,523 [pool-413-thread-1] INFO  server.RaftServerConfigKeys (ConfUtils.java:logGet(43)) - raft.server.log.write.buffer.size = 33554432 (custom)
2019-10-02 15:44:34,523 [pool-443-thread-1] INFO  server.RaftServerConfigKeys (ConfUtils.java:logGet(43)) - raft.server.log.segment.size.max = 1048576 (custom)
2019-10-02 15:44:34,524 [pool-413-thread-1] INFO  server.RaftServerConfigKeys (ConfUtils.java:logGet(43)) - raft.server.log.force.sync.num = 128 (default)
2019-10-02 15:44:34,523 [pool-423-thread-1] INFO  server.RaftServerConfigKeys (ConfUtils.java:logGet(43)) - raft.server.log.segment.cache.num.max = 2 (custom)
2019-10-02 15:44:34,524 [pool-413-thread-1] INFO  server.RaftServerConfigKeys (ConfUtils.java:logGet(43)) - raft.server.log.statemachine.data.sync = true (default)
2019-10-02 15:44:34,524 [pool-413-thread-1] INFO  server.RaftServerConfigKeys (ConfUtils.java:logGet(43)) - raft.server.log.statemachine.data.sync.timeout = 10s (default)
2019-10-02 15:44:34,524 [pool-443-thread-1] INFO  server.RaftServerConfigKeys (ConfUtils.java:logGet(43)) - raft.server.log.segment.cache.num.max = 2 (custom)
2019-10-02 15:44:34,524 [pool-413-thread-1] INFO  server.RaftServerConfigKeys (ConfUtils.java:logGet(43)) - raft.server.log.statemachine.data.sync.timeout.retry = -1 (default)
2019-10-02 15:44:34,524 [pool-423-thread-1] INFO  segmented.SegmentedRaftLogWorker (SegmentedRaftLogWorker.java:<init>(173)) - new aaf7e247-1f10-4b88-87c2-796e05414644@group-66AAD93C4749-SegmentedRaftLogWorker for RaftStorage:Storage Directory /workdir/hadoop-ozone/integration-test/target/test-dir/MiniOzoneClusterImpl-a6af883a-1c5c-4b71-a72c-09f1d51d3e43/datanode-4/data/ratis/cb1b5082-50ba-4105-bbf6-66aad93c4749
2019-10-02 15:44:34,525 [pool-413-thread-1] INFO  server.RaftServerConfigKeys (ConfUtils.java:logGet(43)) - raft.server.log.statemachine.data.caching.enabled = true (custom)
2019-10-02 15:44:34,525 [pool-443-thread-1] INFO  segmented.SegmentedRaftLogWorker (SegmentedRaftLogWorker.java:<init>(173)) - new d6ff8088-05ad-465f-886b-a333b7cba2d5@group-66AAD93C4749-SegmentedRaftLogWorker for RaftStorage:Storage Directory /workdir/hadoop-ozone/integration-test/target/test-dir/MiniOzoneClusterImpl-a6af883a-1c5c-4b71-a72c-09f1d51d3e43/datanode-6/data/ratis/cb1b5082-50ba-4105-bbf6-66aad93c4749
2019-10-02 15:44:34,525 [pool-413-thread-1] INFO  segmented.SegmentedRaftLogWorker (SegmentedRaftLogWorker.java:lambda$new$0(128)) - 19739739-e1a7-4d76-8132-fceeaef0d717@group-66AAD93C4749-SegmentedRaftLogWorker: flushIndex: setUnconditionally 0 -> -1
2019-10-02 15:44:34,525 [pool-423-thread-1] INFO  server.RaftServerConfigKeys (ConfUtils.java:logGet(43)) - raft.server.log.queue.byte-limit = 2147483647 (custom)
2019-10-02 15:44:34,525 [pool-443-thread-1] INFO  server.RaftServerConfigKeys (ConfUtils.java:logGet(43)) - raft.server.log.queue.byte-limit = 2147483647 (custom)
2019-10-02 15:44:34,525 [pool-413-thread-1] INFO  server.RaftServerConfigKeys (ConfUtils.java:logGet(43)) - raft.server.snapshot.auto.trigger.enabled = true (custom)
2019-10-02 15:44:34,525 [pool-423-thread-1] INFO  server.RaftServerConfigKeys (ConfUtils.java:logGet(43)) - raft.server.log.queue.element-limit = 1024 (custom)
2019-10-02 15:44:34,526 [pool-413-thread-1] INFO  server.RaftServerConfigKeys (ConfUtils.java:logGet(43)) - raft.server.snapshot.auto.trigger.threshold = 10000 (custom)
2019-10-02 15:44:34,525 [pool-443-thread-1] INFO  server.RaftServerConfigKeys (ConfUtils.java:logGet(43)) - raft.server.log.queue.element-limit = 1024 (custom)
2019-10-02 15:44:34,526 [pool-413-thread-1] INFO  server.RaftServerConfigKeys (ConfUtils.java:logGet(43)) - raft.server.snapshot.retention.file.num = 5 (custom)
2019-10-02 15:44:34,526 [pool-423-thread-1] INFO  server.RaftServerConfigKeys (ConfUtils.java:logGet(43)) - raft.server.log.segment.size.max = 1048576 (custom)
2019-10-02 15:44:34,526 [pool-413-thread-1] INFO  server.RaftServerConfigKeys (ConfUtils.java:logGet(43)) - raft.server.retrycache.expirytime = 600000ms (custom)
2019-10-02 15:44:34,526 [pool-443-thread-1] INFO  server.RaftServerConfigKeys (ConfUtils.java:logGet(43)) - raft.server.log.segment.size.max = 1048576 (custom)
2019-10-02 15:44:34,526 [pool-423-thread-1] INFO  server.RaftServerConfigKeys (ConfUtils.java:logGet(43)) - raft.server.log.preallocated.size = 16384 (custom)
2019-10-02 15:44:34,526 [pool-443-thread-1] INFO  server.RaftServerConfigKeys (ConfUtils.java:logGet(43)) - raft.server.log.preallocated.size = 16384 (custom)
2019-10-02 15:44:34,527 [pool-423-thread-1] INFO  server.RaftServerConfigKeys (ConfUtils.java:logGet(43)) - raft.server.log.write.buffer.size = 33554432 (custom)
2019-10-02 15:44:34,527 [pool-443-thread-1] INFO  server.RaftServerConfigKeys (ConfUtils.java:logGet(43)) - raft.server.log.write.buffer.size = 33554432 (custom)
2019-10-02 15:44:34,527 [pool-423-thread-1] INFO  server.RaftServerConfigKeys (ConfUtils.java:logGet(43)) - raft.server.log.force.sync.num = 128 (default)
2019-10-02 15:44:34,527 [pool-443-thread-1] INFO  server.RaftServerConfigKeys (ConfUtils.java:logGet(43)) - raft.server.log.force.sync.num = 128 (default)
2019-10-02 15:44:34,527 [pool-423-thread-1] INFO  server.RaftServerConfigKeys (ConfUtils.java:logGet(43)) - raft.server.log.statemachine.data.sync = true (default)
2019-10-02 15:44:34,527 [pool-443-thread-1] INFO  server.RaftServerConfigKeys (ConfUtils.java:logGet(43)) - raft.server.log.statemachine.data.sync = true (default)
2019-10-02 15:44:34,528 [pool-423-thread-1] INFO  server.RaftServerConfigKeys (ConfUtils.java:logGet(43)) - raft.server.log.statemachine.data.sync.timeout = 10s (default)
2019-10-02 15:44:34,528 [pool-443-thread-1] INFO  server.RaftServerConfigKeys (ConfUtils.java:logGet(43)) - raft.server.log.statemachine.data.sync.timeout = 10s (default)
2019-10-02 15:44:34,528 [pool-423-thread-1] INFO  server.RaftServerConfigKeys (ConfUtils.java:logGet(43)) - raft.server.log.statemachine.data.sync.timeout.retry = -1 (default)
2019-10-02 15:44:34,528 [pool-413-thread-1] INFO  impl.RaftServerImpl (RaftServerImpl.java:start(181)) - 19739739-e1a7-4d76-8132-fceeaef0d717@group-66AAD93C4749: start as a follower, conf=-1: [d6ff8088-05ad-465f-886b-a333b7cba2d5:192.168.30.18:39743, 19739739-e1a7-4d76-8132-fceeaef0d717:192.168.30.18:39654, aaf7e247-1f10-4b88-87c2-796e05414644:192.168.30.18:35475], old=null
2019-10-02 15:44:34,528 [pool-443-thread-1] INFO  server.RaftServerConfigKeys (ConfUtils.java:logGet(43)) - raft.server.log.statemachine.data.sync.timeout.retry = -1 (default)
2019-10-02 15:44:34,528 [pool-413-thread-1] INFO  impl.RaftServerImpl (RaftServerImpl.java:setRole(170)) - 19739739-e1a7-4d76-8132-fceeaef0d717@group-66AAD93C4749: changes role from      null to FOLLOWER at term 0 for startAsFollower
2019-10-02 15:44:34,529 [pool-443-thread-1] INFO  server.RaftServerConfigKeys (ConfUtils.java:logGet(43)) - raft.server.log.statemachine.data.caching.enabled = true (custom)
2019-10-02 15:44:34,528 [pool-423-thread-1] INFO  server.RaftServerConfigKeys (ConfUtils.java:logGet(43)) - raft.server.log.statemachine.data.caching.enabled = true (custom)
2019-10-02 15:44:34,529 [pool-413-thread-1] INFO  impl.RoleInfo (RoleInfo.java:updateAndGet(143)) - 19739739-e1a7-4d76-8132-fceeaef0d717: start FollowerState
2019-10-02 15:44:34,529 [pool-423-thread-1] INFO  segmented.SegmentedRaftLogWorker (SegmentedRaftLogWorker.java:lambda$new$0(128)) - aaf7e247-1f10-4b88-87c2-796e05414644@group-66AAD93C4749-SegmentedRaftLogWorker: flushIndex: setUnconditionally 0 -> -1
2019-10-02 15:44:34,529 [pool-443-thread-1] INFO  segmented.SegmentedRaftLogWorker (SegmentedRaftLogWorker.java:lambda$new$0(128)) - d6ff8088-05ad-465f-886b-a333b7cba2d5@group-66AAD93C4749-SegmentedRaftLogWorker: flushIndex: setUnconditionally 0 -> -1
2019-10-02 15:44:34,529 [pool-413-thread-1] INFO  util.JmxRegister (JmxRegister.java:tryRegister(44)) - Successfully registered JMX Bean with object name Ratis:service=RaftServer,group=group-66AAD93C4749,id=19739739-e1a7-4d76-8132-fceeaef0d717
2019-10-02 15:44:34,529 [pool-423-thread-1] INFO  server.RaftServerConfigKeys (ConfUtils.java:logGet(43)) - raft.server.snapshot.auto.trigger.enabled = true (custom)
2019-10-02 15:44:34,530 [pool-443-thread-1] INFO  server.RaftServerConfigKeys (ConfUtils.java:logGet(43)) - raft.server.snapshot.auto.trigger.enabled = true (custom)
2019-10-02 15:44:34,530 [pool-423-thread-1] INFO  server.RaftServerConfigKeys (ConfUtils.java:logGet(43)) - raft.server.snapshot.auto.trigger.threshold = 10000 (custom)
2019-10-02 15:44:34,530 [pool-443-thread-1] INFO  server.RaftServerConfigKeys (ConfUtils.java:logGet(43)) - raft.server.snapshot.auto.trigger.threshold = 10000 (custom)
2019-10-02 15:44:34,530 [pool-423-thread-1] INFO  server.RaftServerConfigKeys (ConfUtils.java:logGet(43)) - raft.server.snapshot.retention.file.num = 5 (custom)
2019-10-02 15:44:34,530 [pool-443-thread-1] INFO  server.RaftServerConfigKeys (ConfUtils.java:logGet(43)) - raft.server.snapshot.retention.file.num = 5 (custom)
2019-10-02 15:44:34,531 [pool-423-thread-1] INFO  server.RaftServerConfigKeys (ConfUtils.java:logGet(43)) - raft.server.retrycache.expirytime = 600000ms (custom)
2019-10-02 15:44:34,531 [pool-443-thread-1] INFO  server.RaftServerConfigKeys (ConfUtils.java:logGet(43)) - raft.server.retrycache.expirytime = 600000ms (custom)
2019-10-02 15:44:34,534 [pool-423-thread-1] INFO  impl.RaftServerImpl (RaftServerImpl.java:start(181)) - aaf7e247-1f10-4b88-87c2-796e05414644@group-66AAD93C4749: start as a follower, conf=-1: [d6ff8088-05ad-465f-886b-a333b7cba2d5:192.168.30.18:39743, 19739739-e1a7-4d76-8132-fceeaef0d717:192.168.30.18:39654, aaf7e247-1f10-4b88-87c2-796e05414644:192.168.30.18:35475], old=null
2019-10-02 15:44:34,535 [pool-423-thread-1] INFO  impl.RaftServerImpl (RaftServerImpl.java:setRole(170)) - aaf7e247-1f10-4b88-87c2-796e05414644@group-66AAD93C4749: changes role from      null to FOLLOWER at term 0 for startAsFollower
2019-10-02 15:44:34,535 [pool-443-thread-1] INFO  impl.RaftServerImpl (RaftServerImpl.java:start(181)) - d6ff8088-05ad-465f-886b-a333b7cba2d5@group-66AAD93C4749: start as a follower, conf=-1: [d6ff8088-05ad-465f-886b-a333b7cba2d5:192.168.30.18:39743, 19739739-e1a7-4d76-8132-fceeaef0d717:192.168.30.18:39654, aaf7e247-1f10-4b88-87c2-796e05414644:192.168.30.18:35475], old=null
2019-10-02 15:44:34,535 [pool-423-thread-1] INFO  impl.RoleInfo (RoleInfo.java:updateAndGet(143)) - aaf7e247-1f10-4b88-87c2-796e05414644: start FollowerState
2019-10-02 15:44:34,535 [pool-443-thread-1] INFO  impl.RaftServerImpl (RaftServerImpl.java:setRole(170)) - d6ff8088-05ad-465f-886b-a333b7cba2d5@group-66AAD93C4749: changes role from      null to FOLLOWER at term 0 for startAsFollower
2019-10-02 15:44:34,535 [pool-443-thread-1] INFO  impl.RoleInfo (RoleInfo.java:updateAndGet(143)) - d6ff8088-05ad-465f-886b-a333b7cba2d5: start FollowerState
2019-10-02 15:44:34,535 [pool-423-thread-1] INFO  util.JmxRegister (JmxRegister.java:tryRegister(44)) - Successfully registered JMX Bean with object name Ratis:service=RaftServer,group=group-66AAD93C4749,id=aaf7e247-1f10-4b88-87c2-796e05414644
2019-10-02 15:44:34,535 [pool-443-thread-1] INFO  util.JmxRegister (JmxRegister.java:tryRegister(44)) - Successfully registered JMX Bean with object name Ratis:service=RaftServer,group=group-66AAD93C4749,id=d6ff8088-05ad-465f-886b-a333b7cba2d5
2019-10-02 15:44:34,540 [RatisPipelineUtilsThread] INFO  pipeline.PipelineStateManager (PipelineStateManager.java:addPipeline(56)) - Created pipeline Pipeline[ Id: cb1b5082-50ba-4105-bbf6-66aad93c4749, Nodes: 19739739-e1a7-4d76-8132-fceeaef0d717{ip: 192.168.30.18, host: pr-hdds-2199-dnstouuidmap-kd262-1141434179, networkLocation: /default-rack, certSerialId: null}aaf7e247-1f10-4b88-87c2-796e05414644{ip: 192.168.30.18, host: pr-hdds-2199-dnstouuidmap-kd262-1141434179, networkLocation: /default-rack, certSerialId: null}d6ff8088-05ad-465f-886b-a333b7cba2d5{ip: 192.168.30.18, host: pr-hdds-2199-dnstouuidmap-kd262-1141434179, networkLocation: /default-rack, certSerialId: null}, Type:RATIS, Factor:THREE, State:OPEN]
2019-10-02 15:44:34,551 [grpc-default-executor-3] INFO  impl.RaftServerProxy (RaftServerProxy.java:addNew(89)) - 004bd4ca-0d86-41a5-b835-f96113076d76: addNew group-36B43BF48BE2:[a60e5d63-0d9b-4cb4-ac49-8c82a33288cc:192.168.30.18:45275, 821add6d-49e5-42d3-825c-d50dc084eaee:192.168.30.18:40831, 004bd4ca-0d86-41a5-b835-f96113076d76:192.168.30.18:33121] returns group-36B43BF48BE2:java.util.concurrent.CompletableFuture@1b101863[Not completed]
2019-10-02 15:44:34,551 [grpc-default-executor-2] INFO  impl.RaftServerProxy (RaftServerProxy.java:addNew(89)) - a60e5d63-0d9b-4cb4-ac49-8c82a33288cc: addNew group-36B43BF48BE2:[a60e5d63-0d9b-4cb4-ac49-8c82a33288cc:192.168.30.18:45275, 821add6d-49e5-42d3-825c-d50dc084eaee:192.168.30.18:40831, 004bd4ca-0d86-41a5-b835-f96113076d76:192.168.30.18:33121] returns group-36B43BF48BE2:java.util.concurrent.CompletableFuture@7cfebabb[Not completed]
2019-10-02 15:44:34,551 [grpc-default-executor-5] INFO  impl.RaftServerProxy (RaftServerProxy.java:addNew(89)) - 821add6d-49e5-42d3-825c-d50dc084eaee: addNew group-36B43BF48BE2:[a60e5d63-0d9b-4cb4-ac49-8c82a33288cc:192.168.30.18:45275, 821add6d-49e5-42d3-825c-d50dc084eaee:192.168.30.18:40831, 004bd4ca-0d86-41a5-b835-f96113076d76:192.168.30.18:33121] returns group-36B43BF48BE2:java.util.concurrent.CompletableFuture@3699c8c2[Not completed]
2019-10-02 15:44:34,554 [pool-393-thread-1] INFO  impl.RaftServerImpl (RaftServerImpl.java:<init>(95)) - 004bd4ca-0d86-41a5-b835-f96113076d76: new RaftServerImpl for group-36B43BF48BE2:[a60e5d63-0d9b-4cb4-ac49-8c82a33288cc:192.168.30.18:45275, 821add6d-49e5-42d3-825c-d50dc084eaee:192.168.30.18:40831, 004bd4ca-0d86-41a5-b835-f96113076d76:192.168.30.18:33121] with ContainerStateMachine:uninitialized
2019-10-02 15:44:34,554 [pool-393-thread-1] INFO  server.RaftServerConfigKeys (ConfUtils.java:logGet(43)) - raft.server.rpc.timeout.min = 5s (custom)
2019-10-02 15:44:34,554 [pool-393-thread-1] INFO  server.RaftServerConfigKeys (ConfUtils.java:logGet(43)) - raft.server.rpc.timeout.max = 5200ms (custom)
2019-10-02 15:44:34,554 [pool-393-thread-1] INFO  server.RaftServerConfigKeys (ConfUtils.java:logGet(43)) - raft.server.rpcslowness.timeout = 120s (custom)
2019-10-02 15:44:34,554 [pool-403-thread-1] INFO  impl.RaftServerImpl (RaftServerImpl.java:<init>(95)) - a60e5d63-0d9b-4cb4-ac49-8c82a33288cc: new RaftServerImpl for group-36B43BF48BE2:[a60e5d63-0d9b-4cb4-ac49-8c82a33288cc:192.168.30.18:45275, 821add6d-49e5-42d3-825c-d50dc084eaee:192.168.30.18:40831, 004bd4ca-0d86-41a5-b835-f96113076d76:192.168.30.18:33121] with ContainerStateMachine:uninitialized
2019-10-02 15:44:34,554 [pool-393-thread-1] INFO  server.RaftServerConfigKeys (ConfUtils.java:logGet(43)) - raft.server.sleep.deviation.threshold = 300 (default)
2019-10-02 15:44:34,554 [pool-403-thread-1] INFO  server.RaftServerConfigKeys (ConfUtils.java:logGet(43)) - raft.server.rpc.timeout.min = 5s (custom)
2019-10-02 15:44:34,554 [pool-393-thread-1] INFO  server.RaftServerConfigKeys (ConfUtils.java:logGet(43)) - raft.server.log.appender.install.snapshot.enabled = false (custom)
2019-10-02 15:44:34,554 [pool-403-thread-1] INFO  server.RaftServerConfigKeys (ConfUtils.java:logGet(43)) - raft.server.rpc.timeout.max = 5200ms (custom)
2019-10-02 15:44:34,555 [pool-433-thread-1] INFO  impl.RaftServerImpl (RaftServerImpl.java:<init>(95)) - 821add6d-49e5-42d3-825c-d50dc084eaee: new RaftServerImpl for group-36B43BF48BE2:[a60e5d63-0d9b-4cb4-ac49-8c82a33288cc:192.168.30.18:45275, 821add6d-49e5-42d3-825c-d50dc084eaee:192.168.30.18:40831, 004bd4ca-0d86-41a5-b835-f96113076d76:192.168.30.18:33121] with ContainerStateMachine:uninitialized
2019-10-02 15:44:34,555 [pool-393-thread-1] INFO  impl.RaftServerImpl (ServerState.java:<init>(103)) - 004bd4ca-0d86-41a5-b835-f96113076d76@group-36B43BF48BE2: ConfigurationManager, init=-1: [a60e5d63-0d9b-4cb4-ac49-8c82a33288cc:192.168.30.18:45275, 821add6d-49e5-42d3-825c-d50dc084eaee:192.168.30.18:40831, 004bd4ca-0d86-41a5-b835-f96113076d76:192.168.30.18:33121], old=null, confs=<EMPTY_MAP>
2019-10-02 15:44:34,555 [pool-433-thread-1] INFO  server.RaftServerConfigKeys (ConfUtils.java:logGet(43)) - raft.server.rpc.timeout.min = 5s (custom)
2019-10-02 15:44:34,555 [pool-403-thread-1] INFO  server.RaftServerConfigKeys (ConfUtils.java:logGet(43)) - raft.server.rpcslowness.timeout = 120s (custom)
2019-10-02 15:44:34,555 [pool-433-thread-1] INFO  server.RaftServerConfigKeys (ConfUtils.java:logGet(43)) - raft.server.rpc.timeout.max = 5200ms (custom)
2019-10-02 15:44:34,555 [pool-393-thread-1] INFO  server.RaftServerConfigKeys (ConfUtils.java:logGet(43)) - raft.server.storage.dir = [/workdir/hadoop-ozone/integration-test/target/test-dir/MiniOzoneClusterImpl-a6af883a-1c5c-4b71-a72c-09f1d51d3e43/datanode-1/data/ratis] (custom)
2019-10-02 15:44:34,555 [pool-433-thread-1] INFO  server.RaftServerConfigKeys (ConfUtils.java:logGet(43)) - raft.server.rpcslowness.timeout = 120s (custom)
2019-10-02 15:44:34,555 [pool-433-thread-1] INFO  server.RaftServerConfigKeys (ConfUtils.java:logGet(43)) - raft.server.sleep.deviation.threshold = 300 (default)
2019-10-02 15:44:34,555 [pool-403-thread-1] INFO  server.RaftServerConfigKeys (ConfUtils.java:logGet(43)) - raft.server.sleep.deviation.threshold = 300 (default)
2019-10-02 15:44:34,555 [pool-433-thread-1] INFO  server.RaftServerConfigKeys (ConfUtils.java:logGet(43)) - raft.server.log.appender.install.snapshot.enabled = false (custom)
2019-10-02 15:44:34,555 [pool-393-thread-1] INFO  server.RaftServerConfigKeys (ConfUtils.java:logGet(43)) - raft.server.log.corruption.policy = EXCEPTION (default)
2019-10-02 15:44:34,556 [pool-433-thread-1] INFO  impl.RaftServerImpl (ServerState.java:<init>(103)) - 821add6d-49e5-42d3-825c-d50dc084eaee@group-36B43BF48BE2: ConfigurationManager, init=-1: [a60e5d63-0d9b-4cb4-ac49-8c82a33288cc:192.168.30.18:45275, 821add6d-49e5-42d3-825c-d50dc084eaee:192.168.30.18:40831, 004bd4ca-0d86-41a5-b835-f96113076d76:192.168.30.18:33121], old=null, confs=<EMPTY_MAP>
2019-10-02 15:44:34,556 [pool-393-thread-1] INFO  storage.RaftStorageDirectory (RaftStorageDirectory.java:analyzeStorage(246)) - The storage directory /workdir/hadoop-ozone/integration-test/target/test-dir/MiniOzoneClusterImpl-a6af883a-1c5c-4b71-a72c-09f1d51d3e43/datanode-1/data/ratis/5a3783b1-7290-447c-92ff-36b43bf48be2 does not exist. Creating ...
2019-10-02 15:44:34,556 [pool-403-thread-1] INFO  server.RaftServerConfigKeys (ConfUtils.java:logGet(43)) - raft.server.log.appender.install.snapshot.enabled = false (custom)
2019-10-02 15:44:34,556 [pool-433-thread-1] INFO  server.RaftServerConfigKeys (ConfUtils.java:logGet(43)) - raft.server.storage.dir = [/workdir/hadoop-ozone/integration-test/target/test-dir/MiniOzoneClusterImpl-a6af883a-1c5c-4b71-a72c-09f1d51d3e43/datanode-5/data/ratis] (custom)
2019-10-02 15:44:34,556 [pool-403-thread-1] INFO  impl.RaftServerImpl (ServerState.java:<init>(103)) - a60e5d63-0d9b-4cb4-ac49-8c82a33288cc@group-36B43BF48BE2: ConfigurationManager, init=-1: [a60e5d63-0d9b-4cb4-ac49-8c82a33288cc:192.168.30.18:45275, 821add6d-49e5-42d3-825c-d50dc084eaee:192.168.30.18:40831, 004bd4ca-0d86-41a5-b835-f96113076d76:192.168.30.18:33121], old=null, confs=<EMPTY_MAP>
2019-10-02 15:44:34,556 [pool-433-thread-1] INFO  server.RaftServerConfigKeys (ConfUtils.java:logGet(43)) - raft.server.log.corruption.policy = EXCEPTION (default)
2019-10-02 15:44:34,556 [pool-403-thread-1] INFO  server.RaftServerConfigKeys (ConfUtils.java:logGet(43)) - raft.server.storage.dir = [/workdir/hadoop-ozone/integration-test/target/test-dir/MiniOzoneClusterImpl-a6af883a-1c5c-4b71-a72c-09f1d51d3e43/datanode-2/data/ratis] (custom)
2019-10-02 15:44:34,556 [pool-433-thread-1] INFO  storage.RaftStorageDirectory (RaftStorageDirectory.java:analyzeStorage(246)) - The storage directory /workdir/hadoop-ozone/integration-test/target/test-dir/MiniOzoneClusterImpl-a6af883a-1c5c-4b71-a72c-09f1d51d3e43/datanode-5/data/ratis/5a3783b1-7290-447c-92ff-36b43bf48be2 does not exist. Creating ...
2019-10-02 15:44:34,557 [pool-403-thread-1] INFO  server.RaftServerConfigKeys (ConfUtils.java:logGet(43)) - raft.server.log.corruption.policy = EXCEPTION (default)
2019-10-02 15:44:34,557 [pool-403-thread-1] INFO  storage.RaftStorageDirectory (RaftStorageDirectory.java:analyzeStorage(246)) - The storage directory /workdir/hadoop-ozone/integration-test/target/test-dir/MiniOzoneClusterImpl-a6af883a-1c5c-4b71-a72c-09f1d51d3e43/datanode-2/data/ratis/5a3783b1-7290-447c-92ff-36b43bf48be2 does not exist. Creating ...
2019-10-02 15:44:34,579 [pool-433-thread-1] INFO  storage.RaftStorageDirectory (RaftStorageDirectory.java:tryLock(328)) - Lock on /workdir/hadoop-ozone/integration-test/target/test-dir/MiniOzoneClusterImpl-a6af883a-1c5c-4b71-a72c-09f1d51d3e43/datanode-5/data/ratis/5a3783b1-7290-447c-92ff-36b43bf48be2/in_use.lock acquired by nodename 11861@pr-hdds-2199-dnstouuidmap-kd262-1141434179
2019-10-02 15:44:34,579 [pool-393-thread-1] INFO  storage.RaftStorageDirectory (RaftStorageDirectory.java:tryLock(328)) - Lock on /workdir/hadoop-ozone/integration-test/target/test-dir/MiniOzoneClusterImpl-a6af883a-1c5c-4b71-a72c-09f1d51d3e43/datanode-1/data/ratis/5a3783b1-7290-447c-92ff-36b43bf48be2/in_use.lock acquired by nodename 11861@pr-hdds-2199-dnstouuidmap-kd262-1141434179
2019-10-02 15:44:34,579 [pool-403-thread-1] INFO  storage.RaftStorageDirectory (RaftStorageDirectory.java:tryLock(328)) - Lock on /workdir/hadoop-ozone/integration-test/target/test-dir/MiniOzoneClusterImpl-a6af883a-1c5c-4b71-a72c-09f1d51d3e43/datanode-2/data/ratis/5a3783b1-7290-447c-92ff-36b43bf48be2/in_use.lock acquired by nodename 11861@pr-hdds-2199-dnstouuidmap-kd262-1141434179
2019-10-02 15:44:34,604 [pool-393-thread-1] INFO  storage.RaftStorage (RaftStorage.java:format(84)) - Storage directory /workdir/hadoop-ozone/integration-test/target/test-dir/MiniOzoneClusterImpl-a6af883a-1c5c-4b71-a72c-09f1d51d3e43/datanode-1/data/ratis/5a3783b1-7290-447c-92ff-36b43bf48be2 has been successfully formatted.
2019-10-02 15:44:34,604 [pool-433-thread-1] INFO  storage.RaftStorage (RaftStorage.java:format(84)) - Storage directory /workdir/hadoop-ozone/integration-test/target/test-dir/MiniOzoneClusterImpl-a6af883a-1c5c-4b71-a72c-09f1d51d3e43/datanode-5/data/ratis/5a3783b1-7290-447c-92ff-36b43bf48be2 has been successfully formatted.
2019-10-02 15:44:34,604 [pool-403-thread-1] INFO  storage.RaftStorage (RaftStorage.java:format(84)) - Storage directory /workdir/hadoop-ozone/integration-test/target/test-dir/MiniOzoneClusterImpl-a6af883a-1c5c-4b71-a72c-09f1d51d3e43/datanode-2/data/ratis/5a3783b1-7290-447c-92ff-36b43bf48be2 has been successfully formatted.
2019-10-02 15:44:34,605 [pool-433-thread-1] INFO  ratis.ContainerStateMachine (ContainerStateMachine.java:loadSnapshot(230)) - group-36B43BF48BE2: The snapshot info is null. Setting the last applied indexto:(t:0, i:~)
2019-10-02 15:44:34,604 [pool-393-thread-1] INFO  ratis.ContainerStateMachine (ContainerStateMachine.java:loadSnapshot(230)) - group-36B43BF48BE2: The snapshot info is null. Setting the last applied indexto:(t:0, i:~)
2019-10-02 15:44:34,605 [pool-433-thread-1] INFO  server.RaftServerConfigKeys (ConfUtils.java:logGet(43)) - raft.server.notification.no-leader.timeout = 120s (custom)
2019-10-02 15:44:34,605 [pool-403-thread-1] INFO  ratis.ContainerStateMachine (ContainerStateMachine.java:loadSnapshot(230)) - group-36B43BF48BE2: The snapshot info is null. Setting the last applied indexto:(t:0, i:~)
2019-10-02 15:44:34,605 [pool-433-thread-1] INFO  server.RaftServerConfigKeys (ConfUtils.java:logGet(43)) - raft.server.log.use.memory = false (default)
2019-10-02 15:44:34,605 [pool-393-thread-1] INFO  server.RaftServerConfigKeys (ConfUtils.java:logGet(43)) - raft.server.notification.no-leader.timeout = 120s (custom)
2019-10-02 15:44:34,605 [pool-433-thread-1] INFO  server.RaftServerConfigKeys (ConfUtils.java:logGet(43)) - raft.server.log.purge.gap = 1000000 (custom)
2019-10-02 15:44:34,605 [pool-403-thread-1] INFO  server.RaftServerConfigKeys (ConfUtils.java:logGet(43)) - raft.server.notification.no-leader.timeout = 120s (custom)
2019-10-02 15:44:34,606 [pool-433-thread-1] INFO  server.RaftServerConfigKeys (ConfUtils.java:logGet(43)) - raft.server.log.appender.buffer.byte-limit = 33554432 (custom)
2019-10-02 15:44:34,606 [pool-393-thread-1] INFO  server.RaftServerConfigKeys (ConfUtils.java:logGet(43)) - raft.server.log.use.memory = false (default)
2019-10-02 15:44:34,606 [pool-433-thread-1] INFO  server.RaftServerConfigKeys (ConfUtils.java:logGet(43)) - raft.server.log.segment.size.max = 1048576 (custom)
2019-10-02 15:44:34,606 [pool-403-thread-1] INFO  server.RaftServerConfigKeys (ConfUtils.java:logGet(43)) - raft.server.log.use.memory = false (default)
2019-10-02 15:44:34,606 [pool-433-thread-1] INFO  server.RaftServerConfigKeys (ConfUtils.java:logGet(43)) - raft.server.log.segment.cache.num.max = 2 (custom)
2019-10-02 15:44:34,606 [pool-393-thread-1] INFO  server.RaftServerConfigKeys (ConfUtils.java:logGet(43)) - raft.server.log.purge.gap = 1000000 (custom)
2019-10-02 15:44:34,607 [pool-433-thread-1] INFO  segmented.SegmentedRaftLogWorker (SegmentedRaftLogWorker.java:<init>(173)) - new 821add6d-49e5-42d3-825c-d50dc084eaee@group-36B43BF48BE2-SegmentedRaftLogWorker for RaftStorage:Storage Directory /workdir/hadoop-ozone/integration-test/target/test-dir/MiniOzoneClusterImpl-a6af883a-1c5c-4b71-a72c-09f1d51d3e43/datanode-5/data/ratis/5a3783b1-7290-447c-92ff-36b43bf48be2
2019-10-02 15:44:34,606 [pool-403-thread-1] INFO  server.RaftServerConfigKeys (ConfUtils.java:logGet(43)) - raft.server.log.purge.gap = 1000000 (custom)
2019-10-02 15:44:34,607 [pool-433-thread-1] INFO  server.RaftServerConfigKeys (ConfUtils.java:logGet(43)) - raft.server.log.queue.byte-limit = 2147483647 (custom)
2019-10-02 15:44:34,607 [pool-433-thread-1] INFO  server.RaftServerConfigKeys (ConfUtils.java:logGet(43)) - raft.server.log.queue.element-limit = 1024 (custom)
2019-10-02 15:44:34,607 [pool-393-thread-1] INFO  server.RaftServerConfigKeys (ConfUtils.java:logGet(43)) - raft.server.log.appender.buffer.byte-limit = 33554432 (custom)
2019-10-02 15:44:34,607 [pool-433-thread-1] INFO  server.RaftServerConfigKeys (ConfUtils.java:logGet(43)) - raft.server.log.segment.size.max = 1048576 (custom)
2019-10-02 15:44:34,607 [pool-403-thread-1] INFO  server.RaftServerConfigKeys (ConfUtils.java:logGet(43)) - raft.server.log.appender.buffer.byte-limit = 33554432 (custom)
2019-10-02 15:44:34,608 [pool-433-thread-1] INFO  server.RaftServerConfigKeys (ConfUtils.java:logGet(43)) - raft.server.log.preallocated.size = 16384 (custom)
2019-10-02 15:44:34,608 [pool-433-thread-1] INFO  server.RaftServerConfigKeys (ConfUtils.java:logGet(43)) - raft.server.log.write.buffer.size = 33554432 (custom)
2019-10-02 15:44:34,607 [pool-393-thread-1] INFO  server.RaftServerConfigKeys (ConfUtils.java:logGet(43)) - raft.server.log.segment.size.max = 1048576 (custom)
2019-10-02 15:44:34,608 [pool-433-thread-1] INFO  server.RaftServerConfigKeys (ConfUtils.java:logGet(43)) - raft.server.log.force.sync.num = 128 (default)
2019-10-02 15:44:34,608 [pool-403-thread-1] INFO  server.RaftServerConfigKeys (ConfUtils.java:logGet(43)) - raft.server.log.segment.size.max = 1048576 (custom)
2019-10-02 15:44:34,608 [pool-433-thread-1] INFO  server.RaftServerConfigKeys (ConfUtils.java:logGet(43)) - raft.server.log.statemachine.data.sync = true (default)
2019-10-02 15:44:34,608 [pool-393-thread-1] INFO  server.RaftServerConfigKeys (ConfUtils.java:logGet(43)) - raft.server.log.segment.cache.num.max = 2 (custom)
2019-10-02 15:44:34,609 [pool-433-thread-1] INFO  server.RaftServerConfigKeys (ConfUtils.java:logGet(43)) - raft.server.log.statemachine.data.sync.timeout = 10s (default)
2019-10-02 15:44:34,609 [pool-433-thread-1] INFO  server.RaftServerConfigKeys (ConfUtils.java:logGet(43)) - raft.server.log.statemachine.data.sync.timeout.retry = -1 (default)
2019-10-02 15:44:34,609 [pool-403-thread-1] INFO  server.RaftServerConfigKeys (ConfUtils.java:logGet(43)) - raft.server.log.segment.cache.num.max = 2 (custom)
2019-10-02 15:44:34,609 [pool-433-thread-1] INFO  server.RaftServerConfigKeys (ConfUtils.java:logGet(43)) - raft.server.log.statemachine.data.caching.enabled = true (custom)
2019-10-02 15:44:34,609 [pool-393-thread-1] INFO  segmented.SegmentedRaftLogWorker (SegmentedRaftLogWorker.java:<init>(173)) - new 004bd4ca-0d86-41a5-b835-f96113076d76@group-36B43BF48BE2-SegmentedRaftLogWorker for RaftStorage:Storage Directory /workdir/hadoop-ozone/integration-test/target/test-dir/MiniOzoneClusterImpl-a6af883a-1c5c-4b71-a72c-09f1d51d3e43/datanode-1/data/ratis/5a3783b1-7290-447c-92ff-36b43bf48be2
2019-10-02 15:44:34,609 [pool-403-thread-1] INFO  segmented.SegmentedRaftLogWorker (SegmentedRaftLogWorker.java:<init>(173)) - new a60e5d63-0d9b-4cb4-ac49-8c82a33288cc@group-36B43BF48BE2-SegmentedRaftLogWorker for RaftStorage:Storage Directory /workdir/hadoop-ozone/integration-test/target/test-dir/MiniOzoneClusterImpl-a6af883a-1c5c-4b71-a72c-09f1d51d3e43/datanode-2/data/ratis/5a3783b1-7290-447c-92ff-36b43bf48be2
2019-10-02 15:44:34,610 [pool-433-thread-1] INFO  segmented.SegmentedRaftLogWorker (SegmentedRaftLogWorker.java:lambda$new$0(128)) - 821add6d-49e5-42d3-825c-d50dc084eaee@group-36B43BF48BE2-SegmentedRaftLogWorker: flushIndex: setUnconditionally 0 -> -1
2019-10-02 15:44:34,610 [pool-393-thread-1] INFO  server.RaftServerConfigKeys (ConfUtils.java:logGet(43)) - raft.server.log.queue.byte-limit = 2147483647 (custom)
2019-10-02 15:44:34,610 [pool-403-thread-1] INFO  server.RaftServerConfigKeys (ConfUtils.java:logGet(43)) - raft.server.log.queue.byte-limit = 2147483647 (custom)
2019-10-02 15:44:34,610 [pool-433-thread-1] INFO  server.RaftServerConfigKeys (ConfUtils.java:logGet(43)) - raft.server.snapshot.auto.trigger.enabled = true (custom)
2019-10-02 15:44:34,610 [pool-393-thread-1] INFO  server.RaftServerConfigKeys (ConfUtils.java:logGet(43)) - raft.server.log.queue.element-limit = 1024 (custom)
2019-10-02 15:44:34,610 [pool-433-thread-1] INFO  server.RaftServerConfigKeys (ConfUtils.java:logGet(43)) - raft.server.snapshot.auto.trigger.threshold = 10000 (custom)
2019-10-02 15:44:34,610 [pool-403-thread-1] INFO  server.RaftServerConfigKeys (ConfUtils.java:logGet(43)) - raft.server.log.queue.element-limit = 1024 (custom)
2019-10-02 15:44:34,611 [pool-433-thread-1] INFO  server.RaftServerConfigKeys (ConfUtils.java:logGet(43)) - raft.server.snapshot.retention.file.num = 5 (custom)
2019-10-02 15:44:34,610 [pool-393-thread-1] INFO  server.RaftServerConfigKeys (ConfUtils.java:logGet(43)) - raft.server.log.segment.size.max = 1048576 (custom)
2019-10-02 15:44:34,611 [pool-433-thread-1] INFO  server.RaftServerConfigKeys (ConfUtils.java:logGet(43)) - raft.server.retrycache.expirytime = 600000ms (custom)
2019-10-02 15:44:34,611 [pool-403-thread-1] INFO  server.RaftServerConfigKeys (ConfUtils.java:logGet(43)) - raft.server.log.segment.size.max = 1048576 (custom)
2019-10-02 15:44:34,611 [pool-393-thread-1] INFO  server.RaftServerConfigKeys (ConfUtils.java:logGet(43)) - raft.server.log.preallocated.size = 16384 (custom)
2019-10-02 15:44:34,611 [pool-403-thread-1] INFO  server.RaftServerConfigKeys (ConfUtils.java:logGet(43)) - raft.server.log.preallocated.size = 16384 (custom)
2019-10-02 15:44:34,611 [pool-393-thread-1] INFO  server.RaftServerConfigKeys (ConfUtils.java:logGet(43)) - raft.server.log.write.buffer.size = 33554432 (custom)
2019-10-02 15:44:34,611 [pool-403-thread-1] INFO  server.RaftServerConfigKeys (ConfUtils.java:logGet(43)) - raft.server.log.write.buffer.size = 33554432 (custom)
2019-10-02 15:44:34,611 [pool-393-thread-1] INFO  server.RaftServerConfigKeys (ConfUtils.java:logGet(43)) - raft.server.log.force.sync.num = 128 (default)
2019-10-02 15:44:34,612 [pool-403-thread-1] INFO  server.RaftServerConfigKeys (ConfUtils.java:logGet(43)) - raft.server.log.force.sync.num = 128 (default)
2019-10-02 15:44:34,612 [pool-393-thread-1] INFO  server.RaftServerConfigKeys (ConfUtils.java:logGet(43)) - raft.server.log.statemachine.data.sync = true (default)
2019-10-02 15:44:34,612 [pool-403-thread-1] INFO  server.RaftServerConfigKeys (ConfUtils.java:logGet(43)) - raft.server.log.statemachine.data.sync = true (default)
2019-10-02 15:44:34,612 [pool-393-thread-1] INFO  server.RaftServerConfigKeys (ConfUtils.java:logGet(43)) - raft.server.log.statemachine.data.sync.timeout = 10s (default)
2019-10-02 15:44:34,612 [pool-403-thread-1] INFO  server.RaftServerConfigKeys (ConfUtils.java:logGet(43)) - raft.server.log.statemachine.data.sync.timeout = 10s (default)
2019-10-02 15:44:34,612 [pool-393-thread-1] INFO  server.RaftServerConfigKeys (ConfUtils.java:logGet(43)) - raft.server.log.statemachine.data.sync.timeout.retry = -1 (default)
2019-10-02 15:44:34,612 [pool-403-thread-1] INFO  server.RaftServerConfigKeys (ConfUtils.java:logGet(43)) - raft.server.log.statemachine.data.sync.timeout.retry = -1 (default)
2019-10-02 15:44:34,612 [pool-393-thread-1] INFO  server.RaftServerConfigKeys (ConfUtils.java:logGet(43)) - raft.server.log.statemachine.data.caching.enabled = true (custom)
2019-10-02 15:44:34,613 [pool-403-thread-1] INFO  server.RaftServerConfigKeys (ConfUtils.java:logGet(43)) - raft.server.log.statemachine.data.caching.enabled = true (custom)
2019-10-02 15:44:34,613 [pool-393-thread-1] INFO  segmented.SegmentedRaftLogWorker (SegmentedRaftLogWorker.java:lambda$new$0(128)) - 004bd4ca-0d86-41a5-b835-f96113076d76@group-36B43BF48BE2-SegmentedRaftLogWorker: flushIndex: setUnconditionally 0 -> -1
2019-10-02 15:44:34,613 [pool-403-thread-1] INFO  segmented.SegmentedRaftLogWorker (SegmentedRaftLogWorker.java:lambda$new$0(128)) - a60e5d63-0d9b-4cb4-ac49-8c82a33288cc@group-36B43BF48BE2-SegmentedRaftLogWorker: flushIndex: setUnconditionally 0 -> -1
2019-10-02 15:44:34,613 [pool-393-thread-1] INFO  server.RaftServerConfigKeys (ConfUtils.java:logGet(43)) - raft.server.snapshot.auto.trigger.enabled = true (custom)
2019-10-02 15:44:34,613 [pool-433-thread-1] INFO  impl.RaftServerImpl (RaftServerImpl.java:start(181)) - 821add6d-49e5-42d3-825c-d50dc084eaee@group-36B43BF48BE2: start as a follower, conf=-1: [a60e5d63-0d9b-4cb4-ac49-8c82a33288cc:192.168.30.18:45275, 821add6d-49e5-42d3-825c-d50dc084eaee:192.168.30.18:40831, 004bd4ca-0d86-41a5-b835-f96113076d76:192.168.30.18:33121], old=null
2019-10-02 15:44:34,613 [pool-403-thread-1] INFO  server.RaftServerConfigKeys (ConfUtils.java:logGet(43)) - raft.server.snapshot.auto.trigger.enabled = true (custom)
2019-10-02 15:44:34,613 [pool-393-thread-1] INFO  server.RaftServerConfigKeys (ConfUtils.java:logGet(43)) - raft.server.snapshot.auto.trigger.threshold = 10000 (custom)
2019-10-02 15:44:34,613 [pool-403-thread-1] INFO  server.RaftServerConfigKeys (ConfUtils.java:logGet(43)) - raft.server.snapshot.auto.trigger.threshold = 10000 (custom)
2019-10-02 15:44:34,613 [pool-433-thread-1] INFO  impl.RaftServerImpl (RaftServerImpl.java:setRole(170)) - 821add6d-49e5-42d3-825c-d50dc084eaee@group-36B43BF48BE2: changes role from      null to FOLLOWER at term 0 for startAsFollower
2019-10-02 15:44:34,614 [pool-403-thread-1] INFO  server.RaftServerConfigKeys (ConfUtils.java:logGet(43)) - raft.server.snapshot.retention.file.num = 5 (custom)
2019-10-02 15:44:34,613 [pool-393-thread-1] INFO  server.RaftServerConfigKeys (ConfUtils.java:logGet(43)) - raft.server.snapshot.retention.file.num = 5 (custom)
2019-10-02 15:44:34,614 [pool-403-thread-1] INFO  server.RaftServerConfigKeys (ConfUtils.java:logGet(43)) - raft.server.retrycache.expirytime = 600000ms (custom)
2019-10-02 15:44:34,614 [pool-433-thread-1] INFO  impl.RoleInfo (RoleInfo.java:updateAndGet(143)) - 821add6d-49e5-42d3-825c-d50dc084eaee: start FollowerState
2019-10-02 15:44:34,614 [pool-393-thread-1] INFO  server.RaftServerConfigKeys (ConfUtils.java:logGet(43)) - raft.server.retrycache.expirytime = 600000ms (custom)
2019-10-02 15:44:34,615 [pool-433-thread-1] INFO  util.JmxRegister (JmxRegister.java:tryRegister(44)) - Successfully registered JMX Bean with object name Ratis:service=RaftServer,group=group-36B43BF48BE2,id=821add6d-49e5-42d3-825c-d50dc084eaee
2019-10-02 15:44:34,617 [pool-403-thread-1] INFO  impl.RaftServerImpl (RaftServerImpl.java:start(181)) - a60e5d63-0d9b-4cb4-ac49-8c82a33288cc@group-36B43BF48BE2: start as a follower, conf=-1: [a60e5d63-0d9b-4cb4-ac49-8c82a33288cc:192.168.30.18:45275, 821add6d-49e5-42d3-825c-d50dc084eaee:192.168.30.18:40831, 004bd4ca-0d86-41a5-b835-f96113076d76:192.168.30.18:33121], old=null
2019-10-02 15:44:34,617 [pool-403-thread-1] INFO  impl.RaftServerImpl (RaftServerImpl.java:setRole(170)) - a60e5d63-0d9b-4cb4-ac49-8c82a33288cc@group-36B43BF48BE2: changes role from      null to FOLLOWER at term 0 for startAsFollower
2019-10-02 15:44:34,617 [pool-393-thread-1] INFO  impl.RaftServerImpl (RaftServerImpl.java:start(181)) - 004bd4ca-0d86-41a5-b835-f96113076d76@group-36B43BF48BE2: start as a follower, conf=-1: [a60e5d63-0d9b-4cb4-ac49-8c82a33288cc:192.168.30.18:45275, 821add6d-49e5-42d3-825c-d50dc084eaee:192.168.30.18:40831, 004bd4ca-0d86-41a5-b835-f96113076d76:192.168.30.18:33121], old=null
2019-10-02 15:44:34,618 [pool-403-thread-1] INFO  impl.RoleInfo (RoleInfo.java:updateAndGet(143)) - a60e5d63-0d9b-4cb4-ac49-8c82a33288cc: start FollowerState
2019-10-02 15:44:34,618 [pool-393-thread-1] INFO  impl.RaftServerImpl (RaftServerImpl.java:setRole(170)) - 004bd4ca-0d86-41a5-b835-f96113076d76@group-36B43BF48BE2: changes role from      null to FOLLOWER at term 0 for startAsFollower
2019-10-02 15:44:34,618 [pool-403-thread-1] INFO  util.JmxRegister (JmxRegister.java:tryRegister(44)) - Successfully registered JMX Bean with object name Ratis:service=RaftServer,group=group-36B43BF48BE2,id=a60e5d63-0d9b-4cb4-ac49-8c82a33288cc
2019-10-02 15:44:34,618 [pool-393-thread-1] INFO  impl.RoleInfo (RoleInfo.java:updateAndGet(143)) - 004bd4ca-0d86-41a5-b835-f96113076d76: start FollowerState
2019-10-02 15:44:34,619 [pool-393-thread-1] INFO  util.JmxRegister (JmxRegister.java:tryRegister(44)) - Successfully registered JMX Bean with object name Ratis:service=RaftServer,group=group-36B43BF48BE2,id=004bd4ca-0d86-41a5-b835-f96113076d76
2019-10-02 15:44:34,624 [RatisPipelineUtilsThread] INFO  pipeline.PipelineStateManager (PipelineStateManager.java:addPipeline(56)) - Created pipeline Pipeline[ Id: 5a3783b1-7290-447c-92ff-36b43bf48be2, Nodes: 004bd4ca-0d86-41a5-b835-f96113076d76{ip: 192.168.30.18, host: pr-hdds-2199-dnstouuidmap-kd262-1141434179, networkLocation: /default-rack, certSerialId: null}a60e5d63-0d9b-4cb4-ac49-8c82a33288cc{ip: 192.168.30.18, host: pr-hdds-2199-dnstouuidmap-kd262-1141434179, networkLocation: /default-rack, certSerialId: null}821add6d-49e5-42d3-825c-d50dc084eaee{ip: 192.168.30.18, host: pr-hdds-2199-dnstouuidmap-kd262-1141434179, networkLocation: /default-rack, certSerialId: null}, Type:RATIS, Factor:THREE, State:OPEN]
2019-10-02 15:44:36,903 [Thread-2319] INFO  container.ReplicationManager (ReplicationManager.java:start(162)) - Starting Replication Monitor Thread.
2019-10-02 15:44:36,908 [ReplicationMonitor] INFO  container.ReplicationManager (ReplicationManager.java:run(225)) - Replication Monitor Thread took 0 milliseconds for processing 1 containers.
2019-10-02 15:44:38,993 [Thread-2321] INFO  impl.FollowerState (FollowerState.java:run(108)) - 464a1553-fae6-4dda-89a5-e1a11f896a85@group-A5B3A3EA4770-FollowerState: change to CANDIDATE, lastRpcTime:5004ms, electionTimeout:5004ms
2019-10-02 15:44:38,993 [Thread-2321] INFO  impl.RoleInfo (RoleInfo.java:shutdownFollowerState(121)) - 464a1553-fae6-4dda-89a5-e1a11f896a85: shutdown FollowerState
2019-10-02 15:44:38,994 [Thread-2321] INFO  impl.RaftServerImpl (RaftServerImpl.java:setRole(170)) - 464a1553-fae6-4dda-89a5-e1a11f896a85@group-A5B3A3EA4770: changes role from  FOLLOWER to CANDIDATE at term 0 for changeToCandidate
2019-10-02 15:44:38,994 [Thread-2321] INFO  impl.RoleInfo (RoleInfo.java:updateAndGet(143)) - 464a1553-fae6-4dda-89a5-e1a11f896a85: start LeaderElection
2019-10-02 15:44:39,039 [464a1553-fae6-4dda-89a5-e1a11f896a85@group-A5B3A3EA4770-LeaderElection81] INFO  impl.LeaderElection (LeaderElection.java:askForVotes(178)) - 464a1553-fae6-4dda-89a5-e1a11f896a85@group-A5B3A3EA4770-LeaderElection81: begin an election at term 1 for -1: [464a1553-fae6-4dda-89a5-e1a11f896a85:192.168.30.18:34813], old=null
2019-10-02 15:44:39,039 [464a1553-fae6-4dda-89a5-e1a11f896a85@group-A5B3A3EA4770-LeaderElection81] INFO  impl.RoleInfo (RoleInfo.java:shutdownLeaderElection(134)) - 464a1553-fae6-4dda-89a5-e1a11f896a85: shutdown LeaderElection
2019-10-02 15:44:39,039 [464a1553-fae6-4dda-89a5-e1a11f896a85@group-A5B3A3EA4770-LeaderElection81] INFO  impl.RaftServerImpl (RaftServerImpl.java:setRole(170)) - 464a1553-fae6-4dda-89a5-e1a11f896a85@group-A5B3A3EA4770: changes role from CANDIDATE to LEADER at term 1 for changeToLeader
2019-10-02 15:44:39,039 [464a1553-fae6-4dda-89a5-e1a11f896a85@group-A5B3A3EA4770-LeaderElection81] INFO  impl.RaftServerImpl (ServerState.java:setLeader(255)) - 464a1553-fae6-4dda-89a5-e1a11f896a85@group-A5B3A3EA4770: change Leader from null to 464a1553-fae6-4dda-89a5-e1a11f896a85 at term 1 for becomeLeader, leader elected after 5058ms
2019-10-02 15:44:39,039 [464a1553-fae6-4dda-89a5-e1a11f896a85@group-A5B3A3EA4770-LeaderElection81] INFO  server.RaftServerConfigKeys (ConfUtils.java:logGet(43)) - raft.server.staging.catchup.gap = 1000 (default)
2019-10-02 15:44:39,039 [464a1553-fae6-4dda-89a5-e1a11f896a85@group-A5B3A3EA4770-LeaderElection81] INFO  server.RaftServerConfigKeys (ConfUtils.java:logGet(43)) - raft.server.rpc.sleep.time = 25ms (default)
2019-10-02 15:44:39,040 [464a1553-fae6-4dda-89a5-e1a11f896a85@group-A5B3A3EA4770-LeaderElection81] INFO  server.RaftServerConfigKeys (ConfUtils.java:logGet(43)) - raft.server.write.element-limit = 4096 (default)
2019-10-02 15:44:39,040 [464a1553-fae6-4dda-89a5-e1a11f896a85@group-A5B3A3EA4770-LeaderElection81] INFO  server.RaftServerConfigKeys (ConfUtils.java:logGet(43)) - raft.server.watch.timeout = 10s (default)
2019-10-02 15:44:39,040 [464a1553-fae6-4dda-89a5-e1a11f896a85@group-A5B3A3EA4770-LeaderElection81] INFO  server.RaftServerConfigKeys (ConfUtils.java:logGet(43)) - raft.server.watch.timeout.denomination = 1s (default)
2019-10-02 15:44:39,040 [464a1553-fae6-4dda-89a5-e1a11f896a85@group-A5B3A3EA4770-LeaderElection81] INFO  server.RaftServerConfigKeys (ConfUtils.java:logGet(43)) - raft.server.watch.element-limit = 65536 (default)
2019-10-02 15:44:39,042 [464a1553-fae6-4dda-89a5-e1a11f896a85@group-A5B3A3EA4770-LeaderElection81] INFO  impl.RoleInfo (RoleInfo.java:updateAndGet(143)) - 464a1553-fae6-4dda-89a5-e1a11f896a85: start LeaderState
2019-10-02 15:44:39,042 [464a1553-fae6-4dda-89a5-e1a11f896a85@group-A5B3A3EA4770-LeaderElection81] INFO  segmented.SegmentedRaftLogWorker (SegmentedRaftLogWorker.java:startLogSegment(385)) - 464a1553-fae6-4dda-89a5-e1a11f896a85@group-A5B3A3EA4770-SegmentedRaftLogWorker: Starting segment from index:0
2019-10-02 15:44:39,043 [464a1553-fae6-4dda-89a5-e1a11f896a85@group-A5B3A3EA4770-LeaderElection81] INFO  impl.RaftServerImpl (ServerState.java:setRaftConf(356)) - 464a1553-fae6-4dda-89a5-e1a11f896a85@group-A5B3A3EA4770: set configuration 0: [464a1553-fae6-4dda-89a5-e1a11f896a85:192.168.30.18:34813], old=null at 0
2019-10-02 15:44:39,097 [464a1553-fae6-4dda-89a5-e1a11f896a85@group-A5B3A3EA4770-SegmentedRaftLogWorker] INFO  segmented.SegmentedRaftLogWorker (SegmentedRaftLogWorker.java:execute(574)) - 464a1553-fae6-4dda-89a5-e1a11f896a85@group-A5B3A3EA4770-SegmentedRaftLogWorker: created new log segment /workdir/hadoop-ozone/integration-test/target/test-dir/MiniOzoneClusterImpl-a6af883a-1c5c-4b71-a72c-09f1d51d3e43/datanode-0/data/ratis/b796ca44-40e9-4d1e-9ba9-a5b3a3ea4770/current/log_inprogress_0
2019-10-02 15:44:39,158 [Thread-2327] INFO  impl.FollowerState (FollowerState.java:run(108)) - a60e5d63-0d9b-4cb4-ac49-8c82a33288cc@group-479398831C03-FollowerState: change to CANDIDATE, lastRpcTime:5019ms, electionTimeout:5019ms
2019-10-02 15:44:39,158 [Thread-2327] INFO  impl.RoleInfo (RoleInfo.java:shutdownFollowerState(121)) - a60e5d63-0d9b-4cb4-ac49-8c82a33288cc: shutdown FollowerState
2019-10-02 15:44:39,158 [Thread-2327] INFO  impl.RaftServerImpl (RaftServerImpl.java:setRole(170)) - a60e5d63-0d9b-4cb4-ac49-8c82a33288cc@group-479398831C03: changes role from  FOLLOWER to CANDIDATE at term 0 for changeToCandidate
2019-10-02 15:44:39,158 [Thread-2327] INFO  impl.RoleInfo (RoleInfo.java:updateAndGet(143)) - a60e5d63-0d9b-4cb4-ac49-8c82a33288cc: start LeaderElection
2019-10-02 15:44:39,189 [a60e5d63-0d9b-4cb4-ac49-8c82a33288cc@group-479398831C03-LeaderElection82] INFO  impl.LeaderElection (LeaderElection.java:askForVotes(178)) - a60e5d63-0d9b-4cb4-ac49-8c82a33288cc@group-479398831C03-LeaderElection82: begin an election at term 1 for -1: [a60e5d63-0d9b-4cb4-ac49-8c82a33288cc:192.168.30.18:45275], old=null
2019-10-02 15:44:39,189 [a60e5d63-0d9b-4cb4-ac49-8c82a33288cc@group-479398831C03-LeaderElection82] INFO  impl.RoleInfo (RoleInfo.java:shutdownLeaderElection(134)) - a60e5d63-0d9b-4cb4-ac49-8c82a33288cc: shutdown LeaderElection
2019-10-02 15:44:39,189 [a60e5d63-0d9b-4cb4-ac49-8c82a33288cc@group-479398831C03-LeaderElection82] INFO  impl.RaftServerImpl (RaftServerImpl.java:setRole(170)) - a60e5d63-0d9b-4cb4-ac49-8c82a33288cc@group-479398831C03: changes role from CANDIDATE to LEADER at term 1 for changeToLeader
2019-10-02 15:44:39,190 [a60e5d63-0d9b-4cb4-ac49-8c82a33288cc@group-479398831C03-LeaderElection82] INFO  impl.RaftServerImpl (ServerState.java:setLeader(255)) - a60e5d63-0d9b-4cb4-ac49-8c82a33288cc@group-479398831C03: change Leader from null to a60e5d63-0d9b-4cb4-ac49-8c82a33288cc at term 1 for becomeLeader, leader elected after 5057ms
2019-10-02 15:44:39,190 [a60e5d63-0d9b-4cb4-ac49-8c82a33288cc@group-479398831C03-LeaderElection82] INFO  server.RaftServerConfigKeys (ConfUtils.java:logGet(43)) - raft.server.staging.catchup.gap = 1000 (default)
2019-10-02 15:44:39,190 [a60e5d63-0d9b-4cb4-ac49-8c82a33288cc@group-479398831C03-LeaderElection82] INFO  server.RaftServerConfigKeys (ConfUtils.java:logGet(43)) - raft.server.rpc.sleep.time = 25ms (default)
2019-10-02 15:44:39,190 [a60e5d63-0d9b-4cb4-ac49-8c82a33288cc@group-479398831C03-LeaderElection82] INFO  server.RaftServerConfigKeys (ConfUtils.java:logGet(43)) - raft.server.write.element-limit = 4096 (default)
2019-10-02 15:44:39,190 [a60e5d63-0d9b-4cb4-ac49-8c82a33288cc@group-479398831C03-LeaderElection82] INFO  server.RaftServerConfigKeys (ConfUtils.java:logGet(43)) - raft.server.watch.timeout = 10s (default)
2019-10-02 15:44:39,190 [a60e5d63-0d9b-4cb4-ac49-8c82a33288cc@group-479398831C03-LeaderElection82] INFO  server.RaftServerConfigKeys (ConfUtils.java:logGet(43)) - raft.server.watch.timeout.denomination = 1s (default)
2019-10-02 15:44:39,190 [a60e5d63-0d9b-4cb4-ac49-8c82a33288cc@group-479398831C03-LeaderElection82] INFO  server.RaftServerConfigKeys (ConfUtils.java:logGet(43)) - raft.server.watch.element-limit = 65536 (default)
2019-10-02 15:44:39,192 [a60e5d63-0d9b-4cb4-ac49-8c82a33288cc@group-479398831C03-LeaderElection82] INFO  impl.RoleInfo (RoleInfo.java:updateAndGet(143)) - a60e5d63-0d9b-4cb4-ac49-8c82a33288cc: start LeaderState
2019-10-02 15:44:39,192 [a60e5d63-0d9b-4cb4-ac49-8c82a33288cc@group-479398831C03-LeaderElection82] INFO  segmented.SegmentedRaftLogWorker (SegmentedRaftLogWorker.java:startLogSegment(385)) - a60e5d63-0d9b-4cb4-ac49-8c82a33288cc@group-479398831C03-SegmentedRaftLogWorker: Starting segment from index:0
2019-10-02 15:44:39,193 [a60e5d63-0d9b-4cb4-ac49-8c82a33288cc@group-479398831C03-LeaderElection82] INFO  impl.RaftServerImpl (ServerState.java:setRaftConf(356)) - a60e5d63-0d9b-4cb4-ac49-8c82a33288cc@group-479398831C03: set configuration 0: [a60e5d63-0d9b-4cb4-ac49-8c82a33288cc:192.168.30.18:45275], old=null at 0
2019-10-02 15:44:39,248 [a60e5d63-0d9b-4cb4-ac49-8c82a33288cc@group-479398831C03-SegmentedRaftLogWorker] INFO  segmented.SegmentedRaftLogWorker (SegmentedRaftLogWorker.java:execute(574)) - a60e5d63-0d9b-4cb4-ac49-8c82a33288cc@group-479398831C03-SegmentedRaftLogWorker: created new log segment /workdir/hadoop-ozone/integration-test/target/test-dir/MiniOzoneClusterImpl-a6af883a-1c5c-4b71-a72c-09f1d51d3e43/datanode-2/data/ratis/34a359a1-1685-4078-a554-479398831c03/current/log_inprogress_0
2019-10-02 15:44:39,249 [Thread-2324] INFO  impl.FollowerState (FollowerState.java:run(108)) - 004bd4ca-0d86-41a5-b835-f96113076d76@group-76FF09E37F54-FollowerState: change to CANDIDATE, lastRpcTime:5184ms, electionTimeout:5184ms
2019-10-02 15:44:39,249 [Thread-2324] INFO  impl.RoleInfo (RoleInfo.java:shutdownFollowerState(121)) - 004bd4ca-0d86-41a5-b835-f96113076d76: shutdown FollowerState
2019-10-02 15:44:39,249 [Thread-2324] INFO  impl.RaftServerImpl (RaftServerImpl.java:setRole(170)) - 004bd4ca-0d86-41a5-b835-f96113076d76@group-76FF09E37F54: changes role from  FOLLOWER to CANDIDATE at term 0 for changeToCandidate
2019-10-02 15:44:39,250 [Thread-2324] INFO  impl.RoleInfo (RoleInfo.java:updateAndGet(143)) - 004bd4ca-0d86-41a5-b835-f96113076d76: start LeaderElection
2019-10-02 15:44:39,273 [004bd4ca-0d86-41a5-b835-f96113076d76@group-76FF09E37F54-LeaderElection83] INFO  impl.LeaderElection (LeaderElection.java:askForVotes(178)) - 004bd4ca-0d86-41a5-b835-f96113076d76@group-76FF09E37F54-LeaderElection83: begin an election at term 1 for -1: [004bd4ca-0d86-41a5-b835-f96113076d76:192.168.30.18:33121], old=null
2019-10-02 15:44:39,274 [004bd4ca-0d86-41a5-b835-f96113076d76@group-76FF09E37F54-LeaderElection83] INFO  impl.RoleInfo (RoleInfo.java:shutdownLeaderElection(134)) - 004bd4ca-0d86-41a5-b835-f96113076d76: shutdown LeaderElection
2019-10-02 15:44:39,274 [004bd4ca-0d86-41a5-b835-f96113076d76@group-76FF09E37F54-LeaderElection83] INFO  impl.RaftServerImpl (RaftServerImpl.java:setRole(170)) - 004bd4ca-0d86-41a5-b835-f96113076d76@group-76FF09E37F54: changes role from CANDIDATE to LEADER at term 1 for changeToLeader
2019-10-02 15:44:39,274 [004bd4ca-0d86-41a5-b835-f96113076d76@group-76FF09E37F54-LeaderElection83] INFO  impl.RaftServerImpl (ServerState.java:setLeader(255)) - 004bd4ca-0d86-41a5-b835-f96113076d76@group-76FF09E37F54: change Leader from null to 004bd4ca-0d86-41a5-b835-f96113076d76 at term 1 for becomeLeader, leader elected after 5217ms
2019-10-02 15:44:39,274 [004bd4ca-0d86-41a5-b835-f96113076d76@group-76FF09E37F54-LeaderElection83] INFO  server.RaftServerConfigKeys (ConfUtils.java:logGet(43)) - raft.server.staging.catchup.gap = 1000 (default)
2019-10-02 15:44:39,274 [004bd4ca-0d86-41a5-b835-f96113076d76@group-76FF09E37F54-LeaderElection83] INFO  server.RaftServerConfigKeys (ConfUtils.java:logGet(43)) - raft.server.rpc.sleep.time = 25ms (default)
2019-10-02 15:44:39,274 [004bd4ca-0d86-41a5-b835-f96113076d76@group-76FF09E37F54-LeaderElection83] INFO  server.RaftServerConfigKeys (ConfUtils.java:logGet(43)) - raft.server.write.element-limit = 4096 (default)
2019-10-02 15:44:39,275 [004bd4ca-0d86-41a5-b835-f96113076d76@group-76FF09E37F54-LeaderElection83] INFO  server.RaftServerConfigKeys (ConfUtils.java:logGet(43)) - raft.server.watch.timeout = 10s (default)
2019-10-02 15:44:39,275 [004bd4ca-0d86-41a5-b835-f96113076d76@group-76FF09E37F54-LeaderElection83] INFO  server.RaftServerConfigKeys (ConfUtils.java:logGet(43)) - raft.server.watch.timeout.denomination = 1s (default)
2019-10-02 15:44:39,275 [004bd4ca-0d86-41a5-b835-f96113076d76@group-76FF09E37F54-LeaderElection83] INFO  server.RaftServerConfigKeys (ConfUtils.java:logGet(43)) - raft.server.watch.element-limit = 65536 (default)
2019-10-02 15:44:39,277 [004bd4ca-0d86-41a5-b835-f96113076d76@group-76FF09E37F54-LeaderElection83] INFO  impl.RoleInfo (RoleInfo.java:updateAndGet(143)) - 004bd4ca-0d86-41a5-b835-f96113076d76: start LeaderState
2019-10-02 15:44:39,278 [004bd4ca-0d86-41a5-b835-f96113076d76@group-76FF09E37F54-LeaderElection83] INFO  segmented.SegmentedRaftLogWorker (SegmentedRaftLogWorker.java:startLogSegment(385)) - 004bd4ca-0d86-41a5-b835-f96113076d76@group-76FF09E37F54-SegmentedRaftLogWorker: Starting segment from index:0
2019-10-02 15:44:39,281 [004bd4ca-0d86-41a5-b835-f96113076d76@group-76FF09E37F54-LeaderElection83] INFO  impl.RaftServerImpl (ServerState.java:setRaftConf(356)) - 004bd4ca-0d86-41a5-b835-f96113076d76@group-76FF09E37F54: set configuration 0: [004bd4ca-0d86-41a5-b835-f96113076d76:192.168.30.18:33121], old=null at 0
2019-10-02 15:44:39,340 [004bd4ca-0d86-41a5-b835-f96113076d76@group-76FF09E37F54-SegmentedRaftLogWorker] INFO  segmented.SegmentedRaftLogWorker (SegmentedRaftLogWorker.java:execute(574)) - 004bd4ca-0d86-41a5-b835-f96113076d76@group-76FF09E37F54-SegmentedRaftLogWorker: created new log segment /workdir/hadoop-ozone/integration-test/target/test-dir/MiniOzoneClusterImpl-a6af883a-1c5c-4b71-a72c-09f1d51d3e43/datanode-1/data/ratis/a8895209-7cd2-48ee-a0e9-76ff09e37f54/current/log_inprogress_0
2019-10-02 15:44:39,353 [Thread-2330] INFO  impl.FollowerState (FollowerState.java:run(108)) - 19739739-e1a7-4d76-8132-fceeaef0d717@group-F2C83B82378E-FollowerState: change to CANDIDATE, lastRpcTime:5147ms, electionTimeout:5147ms
2019-10-02 15:44:39,354 [Thread-2330] INFO  impl.RoleInfo (RoleInfo.java:shutdownFollowerState(121)) - 19739739-e1a7-4d76-8132-fceeaef0d717: shutdown FollowerState
2019-10-02 15:44:39,354 [Thread-2330] INFO  impl.RaftServerImpl (RaftServerImpl.java:setRole(170)) - 19739739-e1a7-4d76-8132-fceeaef0d717@group-F2C83B82378E: changes role from  FOLLOWER to CANDIDATE at term 0 for changeToCandidate
2019-10-02 15:44:39,354 [Thread-2330] INFO  impl.RoleInfo (RoleInfo.java:updateAndGet(143)) - 19739739-e1a7-4d76-8132-fceeaef0d717: start LeaderElection
2019-10-02 15:44:39,378 [Thread-2333] INFO  impl.FollowerState (FollowerState.java:run(108)) - aaf7e247-1f10-4b88-87c2-796e05414644@group-0DF9CCF1FE43-FollowerState: change to CANDIDATE, lastRpcTime:5093ms, electionTimeout:5093ms
2019-10-02 15:44:39,378 [Thread-2333] INFO  impl.RoleInfo (RoleInfo.java:shutdownFollowerState(121)) - aaf7e247-1f10-4b88-87c2-796e05414644: shutdown FollowerState
2019-10-02 15:44:39,378 [Thread-2333] INFO  impl.RaftServerImpl (RaftServerImpl.java:setRole(170)) - aaf7e247-1f10-4b88-87c2-796e05414644@group-0DF9CCF1FE43: changes role from  FOLLOWER to CANDIDATE at term 0 for changeToCandidate
2019-10-02 15:44:39,378 [Thread-2333] INFO  impl.RoleInfo (RoleInfo.java:updateAndGet(143)) - aaf7e247-1f10-4b88-87c2-796e05414644: start LeaderElection
2019-10-02 15:44:39,383 [19739739-e1a7-4d76-8132-fceeaef0d717@group-F2C83B82378E-LeaderElection84] INFO  impl.LeaderElection (LeaderElection.java:askForVotes(178)) - 19739739-e1a7-4d76-8132-fceeaef0d717@group-F2C83B82378E-LeaderElection84: begin an election at term 1 for -1: [19739739-e1a7-4d76-8132-fceeaef0d717:192.168.30.18:39654], old=null
2019-10-02 15:44:39,383 [19739739-e1a7-4d76-8132-fceeaef0d717@group-F2C83B82378E-LeaderElection84] INFO  impl.RoleInfo (RoleInfo.java:shutdownLeaderElection(134)) - 19739739-e1a7-4d76-8132-fceeaef0d717: shutdown LeaderElection
2019-10-02 15:44:39,383 [19739739-e1a7-4d76-8132-fceeaef0d717@group-F2C83B82378E-LeaderElection84] INFO  impl.RaftServerImpl (RaftServerImpl.java:setRole(170)) - 19739739-e1a7-4d76-8132-fceeaef0d717@group-F2C83B82378E: changes role from CANDIDATE to LEADER at term 1 for changeToLeader
2019-10-02 15:44:39,383 [19739739-e1a7-4d76-8132-fceeaef0d717@group-F2C83B82378E-LeaderElection84] INFO  impl.RaftServerImpl (ServerState.java:setLeader(255)) - 19739739-e1a7-4d76-8132-fceeaef0d717@group-F2C83B82378E: change Leader from null to 19739739-e1a7-4d76-8132-fceeaef0d717 at term 1 for becomeLeader, leader elected after 5183ms
2019-10-02 15:44:39,383 [19739739-e1a7-4d76-8132-fceeaef0d717@group-F2C83B82378E-LeaderElection84] INFO  server.RaftServerConfigKeys (ConfUtils.java:logGet(43)) - raft.server.staging.catchup.gap = 1000 (default)
2019-10-02 15:44:39,383 [19739739-e1a7-4d76-8132-fceeaef0d717@group-F2C83B82378E-LeaderElection84] INFO  server.RaftServerConfigKeys (ConfUtils.java:logGet(43)) - raft.server.rpc.sleep.time = 25ms (default)
2019-10-02 15:44:39,384 [19739739-e1a7-4d76-8132-fceeaef0d717@group-F2C83B82378E-LeaderElection84] INFO  server.RaftServerConfigKeys (ConfUtils.java:logGet(43)) - raft.server.write.element-limit = 4096 (default)
2019-10-02 15:44:39,384 [19739739-e1a7-4d76-8132-fceeaef0d717@group-F2C83B82378E-LeaderElection84] INFO  server.RaftServerConfigKeys (ConfUtils.java:logGet(43)) - raft.server.watch.timeout = 10s (default)
2019-10-02 15:44:39,384 [19739739-e1a7-4d76-8132-fceeaef0d717@group-F2C83B82378E-LeaderElection84] INFO  server.RaftServerConfigKeys (ConfUtils.java:logGet(43)) - raft.server.watch.timeout.denomination = 1s (default)
2019-10-02 15:44:39,384 [19739739-e1a7-4d76-8132-fceeaef0d717@group-F2C83B82378E-LeaderElection84] INFO  server.RaftServerConfigKeys (ConfUtils.java:logGet(43)) - raft.server.watch.element-limit = 65536 (default)
2019-10-02 15:44:39,386 [19739739-e1a7-4d76-8132-fceeaef0d717@group-F2C83B82378E-LeaderElection84] INFO  impl.RoleInfo (RoleInfo.java:updateAndGet(143)) - 19739739-e1a7-4d76-8132-fceeaef0d717: start LeaderState
2019-10-02 15:44:39,387 [19739739-e1a7-4d76-8132-fceeaef0d717@group-F2C83B82378E-LeaderElection84] INFO  segmented.SegmentedRaftLogWorker (SegmentedRaftLogWorker.java:startLogSegment(385)) - 19739739-e1a7-4d76-8132-fceeaef0d717@group-F2C83B82378E-SegmentedRaftLogWorker: Starting segment from index:0
2019-10-02 15:44:39,387 [19739739-e1a7-4d76-8132-fceeaef0d717@group-F2C83B82378E-LeaderElection84] INFO  impl.RaftServerImpl (ServerState.java:setRaftConf(356)) - 19739739-e1a7-4d76-8132-fceeaef0d717@group-F2C83B82378E: set configuration 0: [19739739-e1a7-4d76-8132-fceeaef0d717:192.168.30.18:39654], old=null at 0
2019-10-02 15:44:39,408 [aaf7e247-1f10-4b88-87c2-796e05414644@group-0DF9CCF1FE43-LeaderElection85] INFO  impl.LeaderElection (LeaderElection.java:askForVotes(178)) - aaf7e247-1f10-4b88-87c2-796e05414644@group-0DF9CCF1FE43-LeaderElection85: begin an election at term 1 for -1: [aaf7e247-1f10-4b88-87c2-796e05414644:192.168.30.18:35475], old=null
2019-10-02 15:44:39,408 [aaf7e247-1f10-4b88-87c2-796e05414644@group-0DF9CCF1FE43-LeaderElection85] INFO  impl.RoleInfo (RoleInfo.java:shutdownLeaderElection(134)) - aaf7e247-1f10-4b88-87c2-796e05414644: shutdown LeaderElection
2019-10-02 15:44:39,408 [aaf7e247-1f10-4b88-87c2-796e05414644@group-0DF9CCF1FE43-LeaderElection85] INFO  impl.RaftServerImpl (RaftServerImpl.java:setRole(170)) - aaf7e247-1f10-4b88-87c2-796e05414644@group-0DF9CCF1FE43: changes role from CANDIDATE to LEADER at term 1 for changeToLeader
2019-10-02 15:44:39,408 [aaf7e247-1f10-4b88-87c2-796e05414644@group-0DF9CCF1FE43-LeaderElection85] INFO  impl.RaftServerImpl (ServerState.java:setLeader(255)) - aaf7e247-1f10-4b88-87c2-796e05414644@group-0DF9CCF1FE43: change Leader from null to aaf7e247-1f10-4b88-87c2-796e05414644 at term 1 for becomeLeader, leader elected after 5132ms
2019-10-02 15:44:39,408 [aaf7e247-1f10-4b88-87c2-796e05414644@group-0DF9CCF1FE43-LeaderElection85] INFO  server.RaftServerConfigKeys (ConfUtils.java:logGet(43)) - raft.server.staging.catchup.gap = 1000 (default)
2019-10-02 15:44:39,408 [aaf7e247-1f10-4b88-87c2-796e05414644@group-0DF9CCF1FE43-LeaderElection85] INFO  server.RaftServerConfigKeys (ConfUtils.java:logGet(43)) - raft.server.rpc.sleep.time = 25ms (default)
2019-10-02 15:44:39,409 [aaf7e247-1f10-4b88-87c2-796e05414644@group-0DF9CCF1FE43-LeaderElection85] INFO  server.RaftServerConfigKeys (ConfUtils.java:logGet(43)) - raft.server.write.element-limit = 4096 (default)
2019-10-02 15:44:39,409 [aaf7e247-1f10-4b88-87c2-796e05414644@group-0DF9CCF1FE43-LeaderElection85] INFO  server.RaftServerConfigKeys (ConfUtils.java:logGet(43)) - raft.server.watch.timeout = 10s (default)
2019-10-02 15:44:39,409 [aaf7e247-1f10-4b88-87c2-796e05414644@group-0DF9CCF1FE43-LeaderElection85] INFO  server.RaftServerConfigKeys (ConfUtils.java:logGet(43)) - raft.server.watch.timeout.denomination = 1s (default)
2019-10-02 15:44:39,409 [aaf7e247-1f10-4b88-87c2-796e05414644@group-0DF9CCF1FE43-LeaderElection85] INFO  server.RaftServerConfigKeys (ConfUtils.java:logGet(43)) - raft.server.watch.element-limit = 65536 (default)
2019-10-02 15:44:39,411 [aaf7e247-1f10-4b88-87c2-796e05414644@group-0DF9CCF1FE43-LeaderElection85] INFO  impl.RoleInfo (RoleInfo.java:updateAndGet(143)) - aaf7e247-1f10-4b88-87c2-796e05414644: start LeaderState
2019-10-02 15:44:39,411 [aaf7e247-1f10-4b88-87c2-796e05414644@group-0DF9CCF1FE43-LeaderElection85] INFO  segmented.SegmentedRaftLogWorker (SegmentedRaftLogWorker.java:startLogSegment(385)) - aaf7e247-1f10-4b88-87c2-796e05414644@group-0DF9CCF1FE43-SegmentedRaftLogWorker: Starting segment from index:0
2019-10-02 15:44:39,412 [aaf7e247-1f10-4b88-87c2-796e05414644@group-0DF9CCF1FE43-LeaderElection85] INFO  impl.RaftServerImpl (ServerState.java:setRaftConf(356)) - aaf7e247-1f10-4b88-87c2-796e05414644@group-0DF9CCF1FE43: set configuration 0: [aaf7e247-1f10-4b88-87c2-796e05414644:192.168.30.18:35475], old=null at 0
2019-10-02 15:44:39,433 [19739739-e1a7-4d76-8132-fceeaef0d717@group-F2C83B82378E-SegmentedRaftLogWorker] INFO  segmented.SegmentedRaftLogWorker (SegmentedRaftLogWorker.java:execute(574)) - 19739739-e1a7-4d76-8132-fceeaef0d717@group-F2C83B82378E-SegmentedRaftLogWorker: created new log segment /workdir/hadoop-ozone/integration-test/target/test-dir/MiniOzoneClusterImpl-a6af883a-1c5c-4b71-a72c-09f1d51d3e43/datanode-3/data/ratis/34d3ba13-0ce7-4388-9a67-f2c83b82378e/current/log_inprogress_0
2019-10-02 15:44:39,458 [aaf7e247-1f10-4b88-87c2-796e05414644@group-0DF9CCF1FE43-SegmentedRaftLogWorker] INFO  segmented.SegmentedRaftLogWorker (SegmentedRaftLogWorker.java:execute(574)) - aaf7e247-1f10-4b88-87c2-796e05414644@group-0DF9CCF1FE43-SegmentedRaftLogWorker: created new log segment /workdir/hadoop-ozone/integration-test/target/test-dir/MiniOzoneClusterImpl-a6af883a-1c5c-4b71-a72c-09f1d51d3e43/datanode-4/data/ratis/5d812548-2108-4d4f-b6ef-0df9ccf1fe43/current/log_inprogress_0
2019-10-02 15:44:39,468 [Thread-2341] INFO  impl.FollowerState (FollowerState.java:run(108)) - d6ff8088-05ad-465f-886b-a333b7cba2d5@group-6BF158E87BF3-FollowerState: change to CANDIDATE, lastRpcTime:5015ms, electionTimeout:5015ms
2019-10-02 15:44:39,468 [Thread-2341] INFO  impl.RoleInfo (RoleInfo.java:shutdownFollowerState(121)) - d6ff8088-05ad-465f-886b-a333b7cba2d5: shutdown FollowerState
2019-10-02 15:44:39,468 [Thread-2341] INFO  impl.RaftServerImpl (RaftServerImpl.java:setRole(170)) - d6ff8088-05ad-465f-886b-a333b7cba2d5@group-6BF158E87BF3: changes role from  FOLLOWER to CANDIDATE at term 0 for changeToCandidate
2019-10-02 15:44:39,469 [Thread-2341] INFO  impl.RoleInfo (RoleInfo.java:updateAndGet(143)) - d6ff8088-05ad-465f-886b-a333b7cba2d5: start LeaderElection
2019-10-02 15:44:39,474 [Thread-2338] INFO  impl.FollowerState (FollowerState.java:run(108)) - 821add6d-49e5-42d3-825c-d50dc084eaee@group-8F49328997FD-FollowerState: change to CANDIDATE, lastRpcTime:5101ms, electionTimeout:5101ms
2019-10-02 15:44:39,474 [Thread-2338] INFO  impl.RoleInfo (RoleInfo.java:shutdownFollowerState(121)) - 821add6d-49e5-42d3-825c-d50dc084eaee: shutdown FollowerState
2019-10-02 15:44:39,474 [Thread-2338] INFO  impl.RaftServerImpl (RaftServerImpl.java:setRole(170)) - 821add6d-49e5-42d3-825c-d50dc084eaee@group-8F49328997FD: changes role from  FOLLOWER to CANDIDATE at term 0 for changeToCandidate
2019-10-02 15:44:39,474 [Thread-2338] INFO  impl.RoleInfo (RoleInfo.java:updateAndGet(143)) - 821add6d-49e5-42d3-825c-d50dc084eaee: start LeaderElection
2019-10-02 15:44:39,500 [821add6d-49e5-42d3-825c-d50dc084eaee@group-8F49328997FD-LeaderElection87] INFO  impl.LeaderElection (LeaderElection.java:askForVotes(178)) - 821add6d-49e5-42d3-825c-d50dc084eaee@group-8F49328997FD-LeaderElection87: begin an election at term 1 for -1: [821add6d-49e5-42d3-825c-d50dc084eaee:192.168.30.18:40831], old=null
2019-10-02 15:44:39,500 [d6ff8088-05ad-465f-886b-a333b7cba2d5@group-6BF158E87BF3-LeaderElection86] INFO  impl.LeaderElection (LeaderElection.java:askForVotes(178)) - d6ff8088-05ad-465f-886b-a333b7cba2d5@group-6BF158E87BF3-LeaderElection86: begin an election at term 1 for -1: [d6ff8088-05ad-465f-886b-a333b7cba2d5:192.168.30.18:39743], old=null
2019-10-02 15:44:39,500 [821add6d-49e5-42d3-825c-d50dc084eaee@group-8F49328997FD-LeaderElection87] INFO  impl.RoleInfo (RoleInfo.java:shutdownLeaderElection(134)) - 821add6d-49e5-42d3-825c-d50dc084eaee: shutdown LeaderElection
2019-10-02 15:44:39,501 [d6ff8088-05ad-465f-886b-a333b7cba2d5@group-6BF158E87BF3-LeaderElection86] INFO  impl.RoleInfo (RoleInfo.java:shutdownLeaderElection(134)) - d6ff8088-05ad-465f-886b-a333b7cba2d5: shutdown LeaderElection
2019-10-02 15:44:39,501 [821add6d-49e5-42d3-825c-d50dc084eaee@group-8F49328997FD-LeaderElection87] INFO  impl.RaftServerImpl (RaftServerImpl.java:setRole(170)) - 821add6d-49e5-42d3-825c-d50dc084eaee@group-8F49328997FD: changes role from CANDIDATE to LEADER at term 1 for changeToLeader
2019-10-02 15:44:39,501 [d6ff8088-05ad-465f-886b-a333b7cba2d5@group-6BF158E87BF3-LeaderElection86] INFO  impl.RaftServerImpl (RaftServerImpl.java:setRole(170)) - d6ff8088-05ad-465f-886b-a333b7cba2d5@group-6BF158E87BF3: changes role from CANDIDATE to LEADER at term 1 for changeToLeader
2019-10-02 15:44:39,501 [821add6d-49e5-42d3-825c-d50dc084eaee@group-8F49328997FD-LeaderElection87] INFO  impl.RaftServerImpl (ServerState.java:setLeader(255)) - 821add6d-49e5-42d3-825c-d50dc084eaee@group-8F49328997FD: change Leader from null to 821add6d-49e5-42d3-825c-d50dc084eaee at term 1 for becomeLeader, leader elected after 5139ms
2019-10-02 15:44:39,501 [d6ff8088-05ad-465f-886b-a333b7cba2d5@group-6BF158E87BF3-LeaderElection86] INFO  impl.RaftServerImpl (ServerState.java:setLeader(255)) - d6ff8088-05ad-465f-886b-a333b7cba2d5@group-6BF158E87BF3: change Leader from null to d6ff8088-05ad-465f-886b-a333b7cba2d5 at term 1 for becomeLeader, leader elected after 5056ms
2019-10-02 15:44:39,501 [821add6d-49e5-42d3-825c-d50dc084eaee@group-8F49328997FD-LeaderElection87] INFO  server.RaftServerConfigKeys (ConfUtils.java:logGet(43)) - raft.server.staging.catchup.gap = 1000 (default)
2019-10-02 15:44:39,501 [d6ff8088-05ad-465f-886b-a333b7cba2d5@group-6BF158E87BF3-LeaderElection86] INFO  server.RaftServerConfigKeys (ConfUtils.java:logGet(43)) - raft.server.staging.catchup.gap = 1000 (default)
2019-10-02 15:44:39,501 [821add6d-49e5-42d3-825c-d50dc084eaee@group-8F49328997FD-LeaderElection87] INFO  server.RaftServerConfigKeys (ConfUtils.java:logGet(43)) - raft.server.rpc.sleep.time = 25ms (default)
2019-10-02 15:44:39,501 [d6ff8088-05ad-465f-886b-a333b7cba2d5@group-6BF158E87BF3-LeaderElection86] INFO  server.RaftServerConfigKeys (ConfUtils.java:logGet(43)) - raft.server.rpc.sleep.time = 25ms (default)
2019-10-02 15:44:39,501 [821add6d-49e5-42d3-825c-d50dc084eaee@group-8F49328997FD-LeaderElection87] INFO  server.RaftServerConfigKeys (ConfUtils.java:logGet(43)) - raft.server.write.element-limit = 4096 (default)
2019-10-02 15:44:39,502 [d6ff8088-05ad-465f-886b-a333b7cba2d5@group-6BF158E87BF3-LeaderElection86] INFO  server.RaftServerConfigKeys (ConfUtils.java:logGet(43)) - raft.server.write.element-limit = 4096 (default)
2019-10-02 15:44:39,502 [821add6d-49e5-42d3-825c-d50dc084eaee@group-8F49328997FD-LeaderElection87] INFO  server.RaftServerConfigKeys (ConfUtils.java:logGet(43)) - raft.server.watch.timeout = 10s (default)
2019-10-02 15:44:39,502 [d6ff8088-05ad-465f-886b-a333b7cba2d5@group-6BF158E87BF3-LeaderElection86] INFO  server.RaftServerConfigKeys (ConfUtils.java:logGet(43)) - raft.server.watch.timeout = 10s (default)
2019-10-02 15:44:39,502 [821add6d-49e5-42d3-825c-d50dc084eaee@group-8F49328997FD-LeaderElection87] INFO  server.RaftServerConfigKeys (ConfUtils.java:logGet(43)) - raft.server.watch.timeout.denomination = 1s (default)
2019-10-02 15:44:39,502 [d6ff8088-05ad-465f-886b-a333b7cba2d5@group-6BF158E87BF3-LeaderElection86] INFO  server.RaftServerConfigKeys (ConfUtils.java:logGet(43)) - raft.server.watch.timeout.denomination = 1s (default)
2019-10-02 15:44:39,502 [821add6d-49e5-42d3-825c-d50dc084eaee@group-8F49328997FD-LeaderElection87] INFO  server.RaftServerConfigKeys (ConfUtils.java:logGet(43)) - raft.server.watch.element-limit = 65536 (default)
2019-10-02 15:44:39,502 [d6ff8088-05ad-465f-886b-a333b7cba2d5@group-6BF158E87BF3-LeaderElection86] INFO  server.RaftServerConfigKeys (ConfUtils.java:logGet(43)) - raft.server.watch.element-limit = 65536 (default)
2019-10-02 15:44:39,504 [821add6d-49e5-42d3-825c-d50dc084eaee@group-8F49328997FD-LeaderElection87] INFO  impl.RoleInfo (RoleInfo.java:updateAndGet(143)) - 821add6d-49e5-42d3-825c-d50dc084eaee: start LeaderState
2019-10-02 15:44:39,504 [d6ff8088-05ad-465f-886b-a333b7cba2d5@group-6BF158E87BF3-LeaderElection86] INFO  impl.RoleInfo (RoleInfo.java:updateAndGet(143)) - d6ff8088-05ad-465f-886b-a333b7cba2d5: start LeaderState
2019-10-02 15:44:39,505 [d6ff8088-05ad-465f-886b-a333b7cba2d5@group-6BF158E87BF3-LeaderElection86] INFO  segmented.SegmentedRaftLogWorker (SegmentedRaftLogWorker.java:startLogSegment(385)) - d6ff8088-05ad-465f-886b-a333b7cba2d5@group-6BF158E87BF3-SegmentedRaftLogWorker: Starting segment from index:0
2019-10-02 15:44:39,505 [821add6d-49e5-42d3-825c-d50dc084eaee@group-8F49328997FD-LeaderElection87] INFO  segmented.SegmentedRaftLogWorker (SegmentedRaftLogWorker.java:startLogSegment(385)) - 821add6d-49e5-42d3-825c-d50dc084eaee@group-8F49328997FD-SegmentedRaftLogWorker: Starting segment from index:0
2019-10-02 15:44:39,505 [d6ff8088-05ad-465f-886b-a333b7cba2d5@group-6BF158E87BF3-LeaderElection86] INFO  impl.RaftServerImpl (ServerState.java:setRaftConf(356)) - d6ff8088-05ad-465f-886b-a333b7cba2d5@group-6BF158E87BF3: set configuration 0: [d6ff8088-05ad-465f-886b-a333b7cba2d5:192.168.30.18:39743], old=null at 0
2019-10-02 15:44:39,505 [821add6d-49e5-42d3-825c-d50dc084eaee@group-8F49328997FD-LeaderElection87] INFO  impl.RaftServerImpl (ServerState.java:setRaftConf(356)) - 821add6d-49e5-42d3-825c-d50dc084eaee@group-8F49328997FD: set configuration 0: [821add6d-49e5-42d3-825c-d50dc084eaee:192.168.30.18:40831], old=null at 0
2019-10-02 15:44:39,558 [Thread-2348] INFO  impl.FollowerState (FollowerState.java:run(108)) - aaf7e247-1f10-4b88-87c2-796e05414644@group-66AAD93C4749-FollowerState: change to CANDIDATE, lastRpcTime:5023ms, electionTimeout:5023ms
2019-10-02 15:44:39,558 [Thread-2348] INFO  impl.RoleInfo (RoleInfo.java:shutdownFollowerState(121)) - aaf7e247-1f10-4b88-87c2-796e05414644: shutdown FollowerState
2019-10-02 15:44:39,558 [Thread-2348] INFO  impl.RaftServerImpl (RaftServerImpl.java:setRole(170)) - aaf7e247-1f10-4b88-87c2-796e05414644@group-66AAD93C4749: changes role from  FOLLOWER to CANDIDATE at term 0 for changeToCandidate
2019-10-02 15:44:39,558 [Thread-2348] INFO  impl.RoleInfo (RoleInfo.java:updateAndGet(143)) - aaf7e247-1f10-4b88-87c2-796e05414644: start LeaderElection
2019-10-02 15:44:39,559 [d6ff8088-05ad-465f-886b-a333b7cba2d5@group-6BF158E87BF3-SegmentedRaftLogWorker] INFO  segmented.SegmentedRaftLogWorker (SegmentedRaftLogWorker.java:execute(574)) - d6ff8088-05ad-465f-886b-a333b7cba2d5@group-6BF158E87BF3-SegmentedRaftLogWorker: created new log segment /workdir/hadoop-ozone/integration-test/target/test-dir/MiniOzoneClusterImpl-a6af883a-1c5c-4b71-a72c-09f1d51d3e43/datanode-6/data/ratis/26ace67f-e8ce-469b-bc4b-6bf158e87bf3/current/log_inprogress_0
2019-10-02 15:44:39,562 [821add6d-49e5-42d3-825c-d50dc084eaee@group-8F49328997FD-SegmentedRaftLogWorker] INFO  segmented.SegmentedRaftLogWorker (SegmentedRaftLogWorker.java:execute(574)) - 821add6d-49e5-42d3-825c-d50dc084eaee@group-8F49328997FD-SegmentedRaftLogWorker: created new log segment /workdir/hadoop-ozone/integration-test/target/test-dir/MiniOzoneClusterImpl-a6af883a-1c5c-4b71-a72c-09f1d51d3e43/datanode-5/data/ratis/832a4ff7-00f6-498d-9fc8-8f49328997fd/current/log_inprogress_0
2019-10-02 15:44:39,584 [aaf7e247-1f10-4b88-87c2-796e05414644@group-66AAD93C4749-LeaderElection88] INFO  impl.LeaderElection (LeaderElection.java:askForVotes(178)) - aaf7e247-1f10-4b88-87c2-796e05414644@group-66AAD93C4749-LeaderElection88: begin an election at term 1 for -1: [d6ff8088-05ad-465f-886b-a333b7cba2d5:192.168.30.18:39743, 19739739-e1a7-4d76-8132-fceeaef0d717:192.168.30.18:39654, aaf7e247-1f10-4b88-87c2-796e05414644:192.168.30.18:35475], old=null
2019-10-02 15:44:39,588 [grpc-default-executor-5] INFO  impl.RaftServerImpl (RaftServerImpl.java:setRole(170)) - d6ff8088-05ad-465f-886b-a333b7cba2d5@group-66AAD93C4749: changes role from  FOLLOWER to FOLLOWER at term 1 for recognizeCandidate:aaf7e247-1f10-4b88-87c2-796e05414644
2019-10-02 15:44:39,588 [grpc-default-executor-2] INFO  impl.RaftServerImpl (RaftServerImpl.java:setRole(170)) - 19739739-e1a7-4d76-8132-fceeaef0d717@group-66AAD93C4749: changes role from  FOLLOWER to FOLLOWER at term 1 for recognizeCandidate:aaf7e247-1f10-4b88-87c2-796e05414644
2019-10-02 15:44:39,589 [grpc-default-executor-5] INFO  impl.RoleInfo (RoleInfo.java:shutdownFollowerState(121)) - d6ff8088-05ad-465f-886b-a333b7cba2d5: shutdown FollowerState
2019-10-02 15:44:39,589 [grpc-default-executor-2] INFO  impl.RoleInfo (RoleInfo.java:shutdownFollowerState(121)) - 19739739-e1a7-4d76-8132-fceeaef0d717: shutdown FollowerState
2019-10-02 15:44:39,589 [Thread-2349] INFO  impl.FollowerState (FollowerState.java:run(117)) - d6ff8088-05ad-465f-886b-a333b7cba2d5@group-66AAD93C4749-FollowerState was interrupted: java.lang.InterruptedException: sleep interrupted
2019-10-02 15:44:39,589 [grpc-default-executor-5] INFO  impl.RoleInfo (RoleInfo.java:updateAndGet(143)) - d6ff8088-05ad-465f-886b-a333b7cba2d5: start FollowerState
2019-10-02 15:44:39,589 [grpc-default-executor-2] INFO  impl.RoleInfo (RoleInfo.java:updateAndGet(143)) - 19739739-e1a7-4d76-8132-fceeaef0d717: start FollowerState
2019-10-02 15:44:39,589 [Thread-2344] INFO  impl.FollowerState (FollowerState.java:run(117)) - 19739739-e1a7-4d76-8132-fceeaef0d717@group-66AAD93C4749-FollowerState was interrupted: java.lang.InterruptedException: sleep interrupted
2019-10-02 15:44:39,611 [aaf7e247-1f10-4b88-87c2-796e05414644@group-66AAD93C4749-LeaderElection88] INFO  impl.LeaderElection (LeaderElection.java:logAndReturn(56)) - aaf7e247-1f10-4b88-87c2-796e05414644@group-66AAD93C4749-LeaderElection88: Election PASSED; received 1 response(s) [aaf7e247-1f10-4b88-87c2-796e05414644<-19739739-e1a7-4d76-8132-fceeaef0d717#0:OK-t1] and 0 exception(s); aaf7e247-1f10-4b88-87c2-796e05414644@group-66AAD93C4749:t1, leader=null, voted=aaf7e247-1f10-4b88-87c2-796e05414644, raftlog=aaf7e247-1f10-4b88-87c2-796e05414644@group-66AAD93C4749-SegmentedRaftLog:OPENED:c-1,f-1,i0, conf=-1: [d6ff8088-05ad-465f-886b-a333b7cba2d5:192.168.30.18:39743, 19739739-e1a7-4d76-8132-fceeaef0d717:192.168.30.18:39654, aaf7e247-1f10-4b88-87c2-796e05414644:192.168.30.18:35475], old=null
2019-10-02 15:44:39,611 [aaf7e247-1f10-4b88-87c2-796e05414644@group-66AAD93C4749-LeaderElection88] INFO  impl.RoleInfo (RoleInfo.java:shutdownLeaderElection(134)) - aaf7e247-1f10-4b88-87c2-796e05414644: shutdown LeaderElection
2019-10-02 15:44:39,611 [aaf7e247-1f10-4b88-87c2-796e05414644@group-66AAD93C4749-LeaderElection88] INFO  impl.RaftServerImpl (RaftServerImpl.java:setRole(170)) - aaf7e247-1f10-4b88-87c2-796e05414644@group-66AAD93C4749: changes role from CANDIDATE to LEADER at term 1 for changeToLeader
2019-10-02 15:44:39,611 [aaf7e247-1f10-4b88-87c2-796e05414644@group-66AAD93C4749-LeaderElection88] INFO  impl.RaftServerImpl (ServerState.java:setLeader(255)) - aaf7e247-1f10-4b88-87c2-796e05414644@group-66AAD93C4749: change Leader from null to aaf7e247-1f10-4b88-87c2-796e05414644 at term 1 for becomeLeader, leader elected after 5090ms
2019-10-02 15:44:39,611 [aaf7e247-1f10-4b88-87c2-796e05414644@group-66AAD93C4749-LeaderElection88] INFO  server.RaftServerConfigKeys (ConfUtils.java:logGet(43)) - raft.server.staging.catchup.gap = 1000 (default)
2019-10-02 15:44:39,611 [aaf7e247-1f10-4b88-87c2-796e05414644@group-66AAD93C4749-LeaderElection88] INFO  server.RaftServerConfigKeys (ConfUtils.java:logGet(43)) - raft.server.rpc.sleep.time = 25ms (default)
2019-10-02 15:44:39,612 [aaf7e247-1f10-4b88-87c2-796e05414644@group-66AAD93C4749-LeaderElection88] INFO  server.RaftServerConfigKeys (ConfUtils.java:logGet(43)) - raft.server.write.element-limit = 4096 (default)
2019-10-02 15:44:39,612 [aaf7e247-1f10-4b88-87c2-796e05414644@group-66AAD93C4749-LeaderElection88] INFO  server.RaftServerConfigKeys (ConfUtils.java:logGet(43)) - raft.server.watch.timeout = 10s (default)
2019-10-02 15:44:39,612 [aaf7e247-1f10-4b88-87c2-796e05414644@group-66AAD93C4749-LeaderElection88] INFO  server.RaftServerConfigKeys (ConfUtils.java:logGet(43)) - raft.server.watch.timeout.denomination = 1s (default)
2019-10-02 15:44:39,612 [aaf7e247-1f10-4b88-87c2-796e05414644@group-66AAD93C4749-LeaderElection88] INFO  server.RaftServerConfigKeys (ConfUtils.java:logGet(43)) - raft.server.watch.element-limit = 65536 (default)
2019-10-02 15:44:39,614 [aaf7e247-1f10-4b88-87c2-796e05414644@group-66AAD93C4749-LeaderElection88] INFO  server.RaftServerConfigKeys (ConfUtils.java:logGet(43)) - raft.server.log.appender.snapshot.chunk.size.max = 16MB (=16777216) (default)
2019-10-02 15:44:39,614 [aaf7e247-1f10-4b88-87c2-796e05414644@group-66AAD93C4749-LeaderElection88] INFO  server.RaftServerConfigKeys (ConfUtils.java:logGet(43)) - raft.server.log.appender.buffer.byte-limit = 33554432 (custom)
2019-10-02 15:44:39,614 [aaf7e247-1f10-4b88-87c2-796e05414644@group-66AAD93C4749-LeaderElection88] INFO  server.RaftServerConfigKeys (ConfUtils.java:logGet(43)) - raft.server.log.appender.buffer.element-limit = 1 (custom)
2019-10-02 15:44:39,614 [aaf7e247-1f10-4b88-87c2-796e05414644@group-66AAD93C4749-LeaderElection88] INFO  grpc.GrpcConfigKeys$Server (ConfUtils.java:logGet(43)) - raft.grpc.server.leader.outstanding.appends.max = 128 (default)
2019-10-02 15:44:39,615 [aaf7e247-1f10-4b88-87c2-796e05414644@group-66AAD93C4749-LeaderElection88] INFO  server.RaftServerConfigKeys (ConfUtils.java:logGet(43)) - raft.server.rpc.request.timeout = 3000ms (default)
2019-10-02 15:44:39,615 [aaf7e247-1f10-4b88-87c2-796e05414644@group-66AAD93C4749-LeaderElection88] INFO  server.RaftServerConfigKeys (ConfUtils.java:logGet(43)) - raft.server.log.appender.install.snapshot.enabled = false (custom)
2019-10-02 15:44:39,615 [aaf7e247-1f10-4b88-87c2-796e05414644@group-66AAD93C4749-LeaderElection88] INFO  server.RaftServerConfigKeys (ConfUtils.java:logGet(43)) - raft.server.log.appender.snapshot.chunk.size.max = 16MB (=16777216) (default)
2019-10-02 15:44:39,615 [aaf7e247-1f10-4b88-87c2-796e05414644@group-66AAD93C4749-LeaderElection88] INFO  server.RaftServerConfigKeys (ConfUtils.java:logGet(43)) - raft.server.log.appender.buffer.byte-limit = 33554432 (custom)
2019-10-02 15:44:39,615 [aaf7e247-1f10-4b88-87c2-796e05414644@group-66AAD93C4749-LeaderElection88] INFO  server.RaftServerConfigKeys (ConfUtils.java:logGet(43)) - raft.server.log.appender.buffer.element-limit = 1 (custom)
2019-10-02 15:44:39,615 [aaf7e247-1f10-4b88-87c2-796e05414644@group-66AAD93C4749-LeaderElection88] INFO  grpc.GrpcConfigKeys$Server (ConfUtils.java:logGet(43)) - raft.grpc.server.leader.outstanding.appends.max = 128 (default)
2019-10-02 15:44:39,616 [aaf7e247-1f10-4b88-87c2-796e05414644@group-66AAD93C4749-LeaderElection88] INFO  server.RaftServerConfigKeys (ConfUtils.java:logGet(43)) - raft.server.rpc.request.timeout = 3000ms (default)
2019-10-02 15:44:39,616 [aaf7e247-1f10-4b88-87c2-796e05414644@group-66AAD93C4749-LeaderElection88] INFO  server.RaftServerConfigKeys (ConfUtils.java:logGet(43)) - raft.server.log.appender.install.snapshot.enabled = false (custom)
2019-10-02 15:44:39,616 [aaf7e247-1f10-4b88-87c2-796e05414644@group-66AAD93C4749-LeaderElection88] INFO  impl.RoleInfo (RoleInfo.java:updateAndGet(143)) - aaf7e247-1f10-4b88-87c2-796e05414644: start LeaderState
2019-10-02 15:44:39,616 [aaf7e247-1f10-4b88-87c2-796e05414644@group-66AAD93C4749-LeaderElection88] INFO  segmented.SegmentedRaftLogWorker (SegmentedRaftLogWorker.java:startLogSegment(385)) - aaf7e247-1f10-4b88-87c2-796e05414644@group-66AAD93C4749-SegmentedRaftLogWorker: Starting segment from index:0
2019-10-02 15:44:39,617 [aaf7e247-1f10-4b88-87c2-796e05414644@group-66AAD93C4749-LeaderElection88] INFO  impl.RaftServerImpl (ServerState.java:setRaftConf(356)) - aaf7e247-1f10-4b88-87c2-796e05414644@group-66AAD93C4749: set configuration 0: [d6ff8088-05ad-465f-886b-a333b7cba2d5:192.168.30.18:39743, 19739739-e1a7-4d76-8132-fceeaef0d717:192.168.30.18:39654, aaf7e247-1f10-4b88-87c2-796e05414644:192.168.30.18:35475], old=null at 0
2019-10-02 15:44:39,618 [grpc-default-executor-5] INFO  impl.RaftServerImpl (ServerState.java:setLeader(255)) - d6ff8088-05ad-465f-886b-a333b7cba2d5@group-66AAD93C4749: change Leader from null to aaf7e247-1f10-4b88-87c2-796e05414644 at term 1 for appendEntries, leader elected after 5097ms
2019-10-02 15:44:39,653 [grpc-default-executor-2] INFO  impl.RaftServerImpl (ServerState.java:setLeader(255)) - 19739739-e1a7-4d76-8132-fceeaef0d717@group-66AAD93C4749: change Leader from null to aaf7e247-1f10-4b88-87c2-796e05414644 at term 1 for appendEntries, leader elected after 5132ms
2019-10-02 15:44:39,657 [grpc-default-executor-2] INFO  impl.RaftServerImpl (ServerState.java:setRaftConf(356)) - d6ff8088-05ad-465f-886b-a333b7cba2d5@group-66AAD93C4749: set configuration 0: [d6ff8088-05ad-465f-886b-a333b7cba2d5:192.168.30.18:39743, 19739739-e1a7-4d76-8132-fceeaef0d717:192.168.30.18:39654, aaf7e247-1f10-4b88-87c2-796e05414644:192.168.30.18:35475], old=null at 0
2019-10-02 15:44:39,657 [grpc-default-executor-2] INFO  segmented.SegmentedRaftLogWorker (SegmentedRaftLogWorker.java:startLogSegment(385)) - d6ff8088-05ad-465f-886b-a333b7cba2d5@group-66AAD93C4749-SegmentedRaftLogWorker: Starting segment from index:0
2019-10-02 15:44:39,658 [grpc-default-executor-2] INFO  impl.RaftServerImpl (ServerState.java:setRaftConf(356)) - 19739739-e1a7-4d76-8132-fceeaef0d717@group-66AAD93C4749: set configuration 0: [d6ff8088-05ad-465f-886b-a333b7cba2d5:192.168.30.18:39743, 19739739-e1a7-4d76-8132-fceeaef0d717:192.168.30.18:39654, aaf7e247-1f10-4b88-87c2-796e05414644:192.168.30.18:35475], old=null at 0
2019-10-02 15:44:39,658 [grpc-default-executor-2] INFO  segmented.SegmentedRaftLogWorker (SegmentedRaftLogWorker.java:startLogSegment(385)) - 19739739-e1a7-4d76-8132-fceeaef0d717@group-66AAD93C4749-SegmentedRaftLogWorker: Starting segment from index:0
2019-10-02 15:44:39,677 [aaf7e247-1f10-4b88-87c2-796e05414644@group-66AAD93C4749-SegmentedRaftLogWorker] INFO  segmented.SegmentedRaftLogWorker (SegmentedRaftLogWorker.java:execute(574)) - aaf7e247-1f10-4b88-87c2-796e05414644@group-66AAD93C4749-SegmentedRaftLogWorker: created new log segment /workdir/hadoop-ozone/integration-test/target/test-dir/MiniOzoneClusterImpl-a6af883a-1c5c-4b71-a72c-09f1d51d3e43/datanode-4/data/ratis/cb1b5082-50ba-4105-bbf6-66aad93c4749/current/log_inprogress_0
2019-10-02 15:44:39,710 [19739739-e1a7-4d76-8132-fceeaef0d717@group-66AAD93C4749-SegmentedRaftLogWorker] INFO  segmented.SegmentedRaftLogWorker (SegmentedRaftLogWorker.java:execute(574)) - 19739739-e1a7-4d76-8132-fceeaef0d717@group-66AAD93C4749-SegmentedRaftLogWorker: created new log segment /workdir/hadoop-ozone/integration-test/target/test-dir/MiniOzoneClusterImpl-a6af883a-1c5c-4b71-a72c-09f1d51d3e43/datanode-3/data/ratis/cb1b5082-50ba-4105-bbf6-66aad93c4749/current/log_inprogress_0
2019-10-02 15:44:39,710 [d6ff8088-05ad-465f-886b-a333b7cba2d5@group-66AAD93C4749-SegmentedRaftLogWorker] INFO  segmented.SegmentedRaftLogWorker (SegmentedRaftLogWorker.java:execute(574)) - d6ff8088-05ad-465f-886b-a333b7cba2d5@group-66AAD93C4749-SegmentedRaftLogWorker: created new log segment /workdir/hadoop-ozone/integration-test/target/test-dir/MiniOzoneClusterImpl-a6af883a-1c5c-4b71-a72c-09f1d51d3e43/datanode-6/data/ratis/cb1b5082-50ba-4105-bbf6-66aad93c4749/current/log_inprogress_0
2019-10-02 15:44:39,726 [Thread-2357] INFO  impl.FollowerState (FollowerState.java:run(108)) - 004bd4ca-0d86-41a5-b835-f96113076d76@group-36B43BF48BE2-FollowerState: change to CANDIDATE, lastRpcTime:5107ms, electionTimeout:5107ms
2019-10-02 15:44:39,726 [Thread-2357] INFO  impl.RoleInfo (RoleInfo.java:shutdownFollowerState(121)) - 004bd4ca-0d86-41a5-b835-f96113076d76: shutdown FollowerState
2019-10-02 15:44:39,726 [Thread-2357] INFO  impl.RaftServerImpl (RaftServerImpl.java:setRole(170)) - 004bd4ca-0d86-41a5-b835-f96113076d76@group-36B43BF48BE2: changes role from  FOLLOWER to CANDIDATE at term 0 for changeToCandidate
2019-10-02 15:44:39,726 [Thread-2357] INFO  impl.RoleInfo (RoleInfo.java:updateAndGet(143)) - 004bd4ca-0d86-41a5-b835-f96113076d76: start LeaderElection
2019-10-02 15:44:39,759 [Thread-2353] INFO  impl.FollowerState (FollowerState.java:run(108)) - 821add6d-49e5-42d3-825c-d50dc084eaee@group-36B43BF48BE2-FollowerState: change to CANDIDATE, lastRpcTime:5144ms, electionTimeout:5144ms
2019-10-02 15:44:39,759 [Thread-2353] INFO  impl.RoleInfo (RoleInfo.java:shutdownFollowerState(121)) - 821add6d-49e5-42d3-825c-d50dc084eaee: shutdown FollowerState
2019-10-02 15:44:39,759 [Thread-2353] INFO  impl.RaftServerImpl (RaftServerImpl.java:setRole(170)) - 821add6d-49e5-42d3-825c-d50dc084eaee@group-36B43BF48BE2: changes role from  FOLLOWER to CANDIDATE at term 0 for changeToCandidate
2019-10-02 15:44:39,759 [Thread-2353] INFO  impl.RoleInfo (RoleInfo.java:updateAndGet(143)) - 821add6d-49e5-42d3-825c-d50dc084eaee: start LeaderElection
2019-10-02 15:44:39,765 [004bd4ca-0d86-41a5-b835-f96113076d76@group-36B43BF48BE2-LeaderElection89] INFO  impl.LeaderElection (LeaderElection.java:askForVotes(178)) - 004bd4ca-0d86-41a5-b835-f96113076d76@group-36B43BF48BE2-LeaderElection89: begin an election at term 1 for -1: [a60e5d63-0d9b-4cb4-ac49-8c82a33288cc:192.168.30.18:45275, 821add6d-49e5-42d3-825c-d50dc084eaee:192.168.30.18:40831, 004bd4ca-0d86-41a5-b835-f96113076d76:192.168.30.18:33121], old=null
2019-10-02 15:44:39,772 [grpc-default-executor-6] INFO  impl.RaftServerImpl (RaftServerImpl.java:setRole(170)) - a60e5d63-0d9b-4cb4-ac49-8c82a33288cc@group-36B43BF48BE2: changes role from  FOLLOWER to FOLLOWER at term 1 for recognizeCandidate:004bd4ca-0d86-41a5-b835-f96113076d76
2019-10-02 15:44:39,772 [grpc-default-executor-6] INFO  impl.RoleInfo (RoleInfo.java:shutdownFollowerState(121)) - a60e5d63-0d9b-4cb4-ac49-8c82a33288cc: shutdown FollowerState
2019-10-02 15:44:39,772 [grpc-default-executor-6] INFO  impl.RoleInfo (RoleInfo.java:updateAndGet(143)) - a60e5d63-0d9b-4cb4-ac49-8c82a33288cc: start FollowerState
2019-10-02 15:44:39,772 [Thread-2356] INFO  impl.FollowerState (FollowerState.java:run(117)) - a60e5d63-0d9b-4cb4-ac49-8c82a33288cc@group-36B43BF48BE2-FollowerState was interrupted: java.lang.InterruptedException: sleep interrupted
2019-10-02 15:44:39,783 [821add6d-49e5-42d3-825c-d50dc084eaee@group-36B43BF48BE2-LeaderElection90] INFO  impl.LeaderElection (LeaderElection.java:askForVotes(178)) - 821add6d-49e5-42d3-825c-d50dc084eaee@group-36B43BF48BE2-LeaderElection90: begin an election at term 1 for -1: [a60e5d63-0d9b-4cb4-ac49-8c82a33288cc:192.168.30.18:45275, 821add6d-49e5-42d3-825c-d50dc084eaee:192.168.30.18:40831, 004bd4ca-0d86-41a5-b835-f96113076d76:192.168.30.18:33121], old=null
2019-10-02 15:44:39,784 [004bd4ca-0d86-41a5-b835-f96113076d76@group-36B43BF48BE2-LeaderElection89] INFO  impl.LeaderElection (LeaderElection.java:logAndReturn(56)) - 004bd4ca-0d86-41a5-b835-f96113076d76@group-36B43BF48BE2-LeaderElection89: Election PASSED; received 2 response(s) [004bd4ca-0d86-41a5-b835-f96113076d76<-a60e5d63-0d9b-4cb4-ac49-8c82a33288cc#0:OK-t1, 004bd4ca-0d86-41a5-b835-f96113076d76<-821add6d-49e5-42d3-825c-d50dc084eaee#0:FAIL-t1] and 0 exception(s); 004bd4ca-0d86-41a5-b835-f96113076d76@group-36B43BF48BE2:t1, leader=null, voted=004bd4ca-0d86-41a5-b835-f96113076d76, raftlog=004bd4ca-0d86-41a5-b835-f96113076d76@group-36B43BF48BE2-SegmentedRaftLog:OPENED:c-1,f-1,i0, conf=-1: [a60e5d63-0d9b-4cb4-ac49-8c82a33288cc:192.168.30.18:45275, 821add6d-49e5-42d3-825c-d50dc084eaee:192.168.30.18:40831, 004bd4ca-0d86-41a5-b835-f96113076d76:192.168.30.18:33121], old=null
2019-10-02 15:44:39,784 [004bd4ca-0d86-41a5-b835-f96113076d76@group-36B43BF48BE2-LeaderElection89] INFO  impl.RoleInfo (RoleInfo.java:shutdownLeaderElection(134)) - 004bd4ca-0d86-41a5-b835-f96113076d76: shutdown LeaderElection
2019-10-02 15:44:39,784 [004bd4ca-0d86-41a5-b835-f96113076d76@group-36B43BF48BE2-LeaderElection89] INFO  impl.RaftServerImpl (RaftServerImpl.java:setRole(170)) - 004bd4ca-0d86-41a5-b835-f96113076d76@group-36B43BF48BE2: changes role from CANDIDATE to LEADER at term 1 for changeToLeader
2019-10-02 15:44:39,785 [004bd4ca-0d86-41a5-b835-f96113076d76@group-36B43BF48BE2-LeaderElection89] INFO  impl.RaftServerImpl (ServerState.java:setLeader(255)) - 004bd4ca-0d86-41a5-b835-f96113076d76@group-36B43BF48BE2: change Leader from null to 004bd4ca-0d86-41a5-b835-f96113076d76 at term 1 for becomeLeader, leader elected after 5179ms
2019-10-02 15:44:39,785 [004bd4ca-0d86-41a5-b835-f96113076d76@group-36B43BF48BE2-LeaderElection89] INFO  server.RaftServerConfigKeys (ConfUtils.java:logGet(43)) - raft.server.staging.catchup.gap = 1000 (default)
2019-10-02 15:44:39,785 [004bd4ca-0d86-41a5-b835-f96113076d76@group-36B43BF48BE2-LeaderElection89] INFO  server.RaftServerConfigKeys (ConfUtils.java:logGet(43)) - raft.server.rpc.sleep.time = 25ms (default)
2019-10-02 15:44:39,785 [004bd4ca-0d86-41a5-b835-f96113076d76@group-36B43BF48BE2-LeaderElection89] INFO  server.RaftServerConfigKeys (ConfUtils.java:logGet(43)) - raft.server.write.element-limit = 4096 (default)
2019-10-02 15:44:39,785 [004bd4ca-0d86-41a5-b835-f96113076d76@group-36B43BF48BE2-LeaderElection89] INFO  server.RaftServerConfigKeys (ConfUtils.java:logGet(43)) - raft.server.watch.timeout = 10s (default)
2019-10-02 15:44:39,785 [004bd4ca-0d86-41a5-b835-f96113076d76@group-36B43BF48BE2-LeaderElection89] INFO  server.RaftServerConfigKeys (ConfUtils.java:logGet(43)) - raft.server.watch.timeout.denomination = 1s (default)
2019-10-02 15:44:39,785 [004bd4ca-0d86-41a5-b835-f96113076d76@group-36B43BF48BE2-LeaderElection89] INFO  server.RaftServerConfigKeys (ConfUtils.java:logGet(43)) - raft.server.watch.element-limit = 65536 (default)
2019-10-02 15:44:39,787 [004bd4ca-0d86-41a5-b835-f96113076d76@group-36B43BF48BE2-LeaderElection89] INFO  server.RaftServerConfigKeys (ConfUtils.java:logGet(43)) - raft.server.log.appender.snapshot.chunk.size.max = 16MB (=16777216) (default)
2019-10-02 15:44:39,787 [004bd4ca-0d86-41a5-b835-f96113076d76@group-36B43BF48BE2-LeaderElection89] INFO  server.RaftServerConfigKeys (ConfUtils.java:logGet(43)) - raft.server.log.appender.buffer.byte-limit = 33554432 (custom)
2019-10-02 15:44:39,788 [004bd4ca-0d86-41a5-b835-f96113076d76@group-36B43BF48BE2-LeaderElection89] INFO  server.RaftServerConfigKeys (ConfUtils.java:logGet(43)) - raft.server.log.appender.buffer.element-limit = 1 (custom)
2019-10-02 15:44:39,788 [004bd4ca-0d86-41a5-b835-f96113076d76@group-36B43BF48BE2-LeaderElection89] INFO  grpc.GrpcConfigKeys$Server (ConfUtils.java:logGet(43)) - raft.grpc.server.leader.outstanding.appends.max = 128 (default)
2019-10-02 15:44:39,788 [004bd4ca-0d86-41a5-b835-f96113076d76@group-36B43BF48BE2-LeaderElection89] INFO  server.RaftServerConfigKeys (ConfUtils.java:logGet(43)) - raft.server.rpc.request.timeout = 3000ms (default)
2019-10-02 15:44:39,788 [004bd4ca-0d86-41a5-b835-f96113076d76@group-36B43BF48BE2-LeaderElection89] INFO  server.RaftServerConfigKeys (ConfUtils.java:logGet(43)) - raft.server.log.appender.install.snapshot.enabled = false (custom)
2019-10-02 15:44:39,788 [004bd4ca-0d86-41a5-b835-f96113076d76@group-36B43BF48BE2-LeaderElection89] INFO  server.RaftServerConfigKeys (ConfUtils.java:logGet(43)) - raft.server.log.appender.snapshot.chunk.size.max = 16MB (=16777216) (default)
2019-10-02 15:44:39,788 [004bd4ca-0d86-41a5-b835-f96113076d76@group-36B43BF48BE2-LeaderElection89] INFO  server.RaftServerConfigKeys (ConfUtils.java:logGet(43)) - raft.server.log.appender.buffer.byte-limit = 33554432 (custom)
2019-10-02 15:44:39,788 [004bd4ca-0d86-41a5-b835-f96113076d76@group-36B43BF48BE2-LeaderElection89] INFO  server.RaftServerConfigKeys (ConfUtils.java:logGet(43)) - raft.server.log.appender.buffer.element-limit = 1 (custom)
2019-10-02 15:44:39,789 [004bd4ca-0d86-41a5-b835-f96113076d76@group-36B43BF48BE2-LeaderElection89] INFO  grpc.GrpcConfigKeys$Server (ConfUtils.java:logGet(43)) - raft.grpc.server.leader.outstanding.appends.max = 128 (default)
2019-10-02 15:44:39,789 [004bd4ca-0d86-41a5-b835-f96113076d76@group-36B43BF48BE2-LeaderElection89] INFO  server.RaftServerConfigKeys (ConfUtils.java:logGet(43)) - raft.server.rpc.request.timeout = 3000ms (default)
2019-10-02 15:44:39,789 [004bd4ca-0d86-41a5-b835-f96113076d76@group-36B43BF48BE2-LeaderElection89] INFO  server.RaftServerConfigKeys (ConfUtils.java:logGet(43)) - raft.server.log.appender.install.snapshot.enabled = false (custom)
2019-10-02 15:44:39,789 [004bd4ca-0d86-41a5-b835-f96113076d76@group-36B43BF48BE2-LeaderElection89] INFO  impl.RoleInfo (RoleInfo.java:updateAndGet(143)) - 004bd4ca-0d86-41a5-b835-f96113076d76: start LeaderState
2019-10-02 15:44:39,789 [004bd4ca-0d86-41a5-b835-f96113076d76@group-36B43BF48BE2-LeaderElection89] INFO  segmented.SegmentedRaftLogWorker (SegmentedRaftLogWorker.java:startLogSegment(385)) - 004bd4ca-0d86-41a5-b835-f96113076d76@group-36B43BF48BE2-SegmentedRaftLogWorker: Starting segment from index:0
2019-10-02 15:44:39,790 [004bd4ca-0d86-41a5-b835-f96113076d76@group-36B43BF48BE2-LeaderElection89] INFO  impl.RaftServerImpl (ServerState.java:setRaftConf(356)) - 004bd4ca-0d86-41a5-b835-f96113076d76@group-36B43BF48BE2: set configuration 0: [a60e5d63-0d9b-4cb4-ac49-8c82a33288cc:192.168.30.18:45275, 821add6d-49e5-42d3-825c-d50dc084eaee:192.168.30.18:40831, 004bd4ca-0d86-41a5-b835-f96113076d76:192.168.30.18:33121], old=null at 0
2019-10-02 15:44:39,790 [grpc-default-executor-3] INFO  impl.RaftServerImpl (RaftServerImpl.java:requestVote(754)) - 004bd4ca-0d86-41a5-b835-f96113076d76@group-36B43BF48BE2-   LEADER: Withhold vote from candidate 821add6d-49e5-42d3-825c-d50dc084eaee with term 1. State: leader=004bd4ca-0d86-41a5-b835-f96113076d76, term=1, lastRpcElapsed=null
2019-10-02 15:44:39,821 [821add6d-49e5-42d3-825c-d50dc084eaee@group-36B43BF48BE2-LeaderElection90] INFO  impl.LeaderElection (LeaderElection.java:logAndReturn(56)) - 821add6d-49e5-42d3-825c-d50dc084eaee@group-36B43BF48BE2-LeaderElection90: Election REJECTED; received 2 response(s) [821add6d-49e5-42d3-825c-d50dc084eaee<-a60e5d63-0d9b-4cb4-ac49-8c82a33288cc#0:FAIL-t1, 821add6d-49e5-42d3-825c-d50dc084eaee<-004bd4ca-0d86-41a5-b835-f96113076d76#0:FAIL-t1] and 0 exception(s); 821add6d-49e5-42d3-825c-d50dc084eaee@group-36B43BF48BE2:t1, leader=null, voted=821add6d-49e5-42d3-825c-d50dc084eaee, raftlog=821add6d-49e5-42d3-825c-d50dc084eaee@group-36B43BF48BE2-SegmentedRaftLog:OPENED:c-1,f-1,i0, conf=-1: [a60e5d63-0d9b-4cb4-ac49-8c82a33288cc:192.168.30.18:45275, 821add6d-49e5-42d3-825c-d50dc084eaee:192.168.30.18:40831, 004bd4ca-0d86-41a5-b835-f96113076d76:192.168.30.18:33121], old=null
2019-10-02 15:44:39,824 [grpc-default-executor-3] INFO  impl.RaftServerImpl (ServerState.java:setLeader(255)) - a60e5d63-0d9b-4cb4-ac49-8c82a33288cc@group-36B43BF48BE2: change Leader from null to 004bd4ca-0d86-41a5-b835-f96113076d76 at term 1 for appendEntries, leader elected after 5218ms
2019-10-02 15:44:39,824 [821add6d-49e5-42d3-825c-d50dc084eaee@group-36B43BF48BE2-LeaderElection90] INFO  impl.RaftServerImpl (RaftServerImpl.java:setRole(170)) - 821add6d-49e5-42d3-825c-d50dc084eaee@group-36B43BF48BE2: changes role from CANDIDATE to FOLLOWER at term 1 for DISCOVERED_A_NEW_TERM
2019-10-02 15:44:39,827 [821add6d-49e5-42d3-825c-d50dc084eaee@group-36B43BF48BE2-LeaderElection90] INFO  impl.RoleInfo (RoleInfo.java:shutdownLeaderElection(134)) - 821add6d-49e5-42d3-825c-d50dc084eaee: shutdown LeaderElection
2019-10-02 15:44:39,827 [821add6d-49e5-42d3-825c-d50dc084eaee@group-36B43BF48BE2-LeaderElection90] INFO  impl.RoleInfo (RoleInfo.java:updateAndGet(143)) - 821add6d-49e5-42d3-825c-d50dc084eaee: start FollowerState
2019-10-02 15:44:39,827 [grpc-default-executor-6] INFO  impl.RaftServerImpl (ServerState.java:setLeader(255)) - 821add6d-49e5-42d3-825c-d50dc084eaee@group-36B43BF48BE2: change Leader from null to 004bd4ca-0d86-41a5-b835-f96113076d76 at term 1 for appendEntries, leader elected after 5222ms
2019-10-02 15:44:39,830 [grpc-default-executor-6] INFO  impl.RaftServerImpl (ServerState.java:setRaftConf(356)) - a60e5d63-0d9b-4cb4-ac49-8c82a33288cc@group-36B43BF48BE2: set configuration 0: [a60e5d63-0d9b-4cb4-ac49-8c82a33288cc:192.168.30.18:45275, 821add6d-49e5-42d3-825c-d50dc084eaee:192.168.30.18:40831, 004bd4ca-0d86-41a5-b835-f96113076d76:192.168.30.18:33121], old=null at 0
2019-10-02 15:44:39,830 [grpc-default-executor-6] INFO  segmented.SegmentedRaftLogWorker (SegmentedRaftLogWorker.java:startLogSegment(385)) - a60e5d63-0d9b-4cb4-ac49-8c82a33288cc@group-36B43BF48BE2-SegmentedRaftLogWorker: Starting segment from index:0
2019-10-02 15:44:39,830 [grpc-default-executor-3] INFO  impl.RaftServerImpl (ServerState.java:setRaftConf(356)) - 821add6d-49e5-42d3-825c-d50dc084eaee@group-36B43BF48BE2: set configuration 0: [a60e5d63-0d9b-4cb4-ac49-8c82a33288cc:192.168.30.18:45275, 821add6d-49e5-42d3-825c-d50dc084eaee:192.168.30.18:40831, 004bd4ca-0d86-41a5-b835-f96113076d76:192.168.30.18:33121], old=null at 0
2019-10-02 15:44:39,831 [grpc-default-executor-3] INFO  segmented.SegmentedRaftLogWorker (SegmentedRaftLogWorker.java:startLogSegment(385)) - 821add6d-49e5-42d3-825c-d50dc084eaee@group-36B43BF48BE2-SegmentedRaftLogWorker: Starting segment from index:0
2019-10-02 15:44:39,834 [004bd4ca-0d86-41a5-b835-f96113076d76@group-36B43BF48BE2-SegmentedRaftLogWorker] INFO  segmented.SegmentedRaftLogWorker (SegmentedRaftLogWorker.java:execute(574)) - 004bd4ca-0d86-41a5-b835-f96113076d76@group-36B43BF48BE2-SegmentedRaftLogWorker: created new log segment /workdir/hadoop-ozone/integration-test/target/test-dir/MiniOzoneClusterImpl-a6af883a-1c5c-4b71-a72c-09f1d51d3e43/datanode-1/data/ratis/5a3783b1-7290-447c-92ff-36b43bf48be2/current/log_inprogress_0
2019-10-02 15:44:39,884 [821add6d-49e5-42d3-825c-d50dc084eaee@group-36B43BF48BE2-SegmentedRaftLogWorker] INFO  segmented.SegmentedRaftLogWorker (SegmentedRaftLogWorker.java:execute(574)) - 821add6d-49e5-42d3-825c-d50dc084eaee@group-36B43BF48BE2-SegmentedRaftLogWorker: created new log segment /workdir/hadoop-ozone/integration-test/target/test-dir/MiniOzoneClusterImpl-a6af883a-1c5c-4b71-a72c-09f1d51d3e43/datanode-5/data/ratis/5a3783b1-7290-447c-92ff-36b43bf48be2/current/log_inprogress_0
2019-10-02 15:44:39,899 [a60e5d63-0d9b-4cb4-ac49-8c82a33288cc@group-36B43BF48BE2-SegmentedRaftLogWorker] INFO  segmented.SegmentedRaftLogWorker (SegmentedRaftLogWorker.java:execute(574)) - a60e5d63-0d9b-4cb4-ac49-8c82a33288cc@group-36B43BF48BE2-SegmentedRaftLogWorker: created new log segment /workdir/hadoop-ozone/integration-test/target/test-dir/MiniOzoneClusterImpl-a6af883a-1c5c-4b71-a72c-09f1d51d3e43/datanode-2/data/ratis/5a3783b1-7290-447c-92ff-36b43bf48be2/current/log_inprogress_0
2019-10-02 15:44:44,952 [Datanode State Machine Thread - 0] INFO  statemachine.DatanodeStateMachine (DatanodeStateMachine.java:lambda$startDaemon$0(350)) - Ozone container server started.
2019-10-02 15:44:44,952 [main] INFO  ozoneimpl.OzoneContainer (OzoneContainer.java:stop(231)) - Attempting to stop container services.
2019-10-02 15:44:44,953 [main] INFO  impl.RaftServerProxy (RaftServerProxy.java:lambda$close$4(314)) - 19739739-e1a7-4d76-8132-fceeaef0d717: close
2019-10-02 15:44:44,954 [main] INFO  impl.RaftServerImpl (RaftServerImpl.java:lambda$shutdown$3(247)) - 19739739-e1a7-4d76-8132-fceeaef0d717@group-F2C83B82378E: shutdown
2019-10-02 15:44:44,954 [main] INFO  util.JmxRegister (JmxRegister.java:unregister(73)) - Successfully un-registered JMX Bean with object name Ratis:service=RaftServer,group=group-F2C83B82378E,id=19739739-e1a7-4d76-8132-fceeaef0d717
2019-10-02 15:44:44,954 [main] INFO  impl.RoleInfo (RoleInfo.java:shutdownLeaderState(104)) - 19739739-e1a7-4d76-8132-fceeaef0d717: shutdown LeaderState
2019-10-02 15:44:44,955 [main] INFO  impl.PendingRequests (PendingRequests.java:sendNotLeaderResponses(202)) - 19739739-e1a7-4d76-8132-fceeaef0d717@group-F2C83B82378E-PendingRequests: sendNotLeaderResponses
2019-10-02 15:44:44,955 [main] INFO  impl.StateMachineUpdater (StateMachineUpdater.java:stopAndJoin(136)) - 19739739-e1a7-4d76-8132-fceeaef0d717@group-F2C83B82378E-StateMachineUpdater: set stopIndex = 0
2019-10-02 15:44:44,956 [main] INFO  impl.RaftServerImpl (ServerState.java:close(387)) - 19739739-e1a7-4d76-8132-fceeaef0d717@group-F2C83B82378E: closes. applyIndex: 0
2019-10-02 15:44:44,956 [19739739-e1a7-4d76-8132-fceeaef0d717@group-F2C83B82378E-SegmentedRaftLogWorker] INFO  segmented.SegmentedRaftLogWorker (SegmentedRaftLogWorker.java:run(316)) - 19739739-e1a7-4d76-8132-fceeaef0d717@group-F2C83B82378E-SegmentedRaftLogWorker was interrupted, exiting. There are 0 tasks remaining in the queue.
2019-10-02 15:44:44,962 [main] INFO  segmented.SegmentedRaftLogWorker (SegmentedRaftLogWorker.java:close(224)) - 19739739-e1a7-4d76-8132-fceeaef0d717@group-F2C83B82378E-SegmentedRaftLogWorker close()
2019-10-02 15:44:44,981 [main] INFO  impl.RaftServerImpl (RaftServerImpl.java:lambda$shutdown$3(247)) - 19739739-e1a7-4d76-8132-fceeaef0d717@group-66AAD93C4749: shutdown
2019-10-02 15:44:44,982 [main] INFO  util.JmxRegister (JmxRegister.java:unregister(73)) - Successfully un-registered JMX Bean with object name Ratis:service=RaftServer,group=group-66AAD93C4749,id=19739739-e1a7-4d76-8132-fceeaef0d717
2019-10-02 15:44:44,982 [main] INFO  impl.RoleInfo (RoleInfo.java:shutdownFollowerState(121)) - 19739739-e1a7-4d76-8132-fceeaef0d717: shutdown FollowerState
2019-10-02 15:44:44,982 [main] INFO  impl.StateMachineUpdater (StateMachineUpdater.java:stopAndJoin(136)) - 19739739-e1a7-4d76-8132-fceeaef0d717@group-66AAD93C4749-StateMachineUpdater: set stopIndex = 2
2019-10-02 15:44:44,983 [19739739-e1a7-4d76-8132-fceeaef0d717@group-66AAD93C4749-StateMachineUpdater] INFO  ratis.ContainerStateMachine (ContainerStateMachine.java:takeSnapshot(293)) - group-66AAD93C4749: Taking a snapshot at:(t:1, i:1) file /workdir/hadoop-ozone/integration-test/target/test-dir/MiniOzoneClusterImpl-a6af883a-1c5c-4b71-a72c-09f1d51d3e43/datanode-3/data/ratis/cb1b5082-50ba-4105-bbf6-66aad93c4749/sm/snapshot.1_1
2019-10-02 15:44:44,983 [Thread-2391] INFO  impl.FollowerState (FollowerState.java:run(117)) - 19739739-e1a7-4d76-8132-fceeaef0d717@group-66AAD93C4749-FollowerState was interrupted: java.lang.InterruptedException: sleep interrupted
2019-10-02 15:44:45,026 [19739739-e1a7-4d76-8132-fceeaef0d717@group-66AAD93C4749-StateMachineUpdater] INFO  ratis.ContainerStateMachine (ContainerStateMachine.java:takeSnapshot(304)) - group-66AAD93C4749: Finished taking a snapshot at:(t:1, i:1) file:/workdir/hadoop-ozone/integration-test/target/test-dir/MiniOzoneClusterImpl-a6af883a-1c5c-4b71-a72c-09f1d51d3e43/datanode-3/data/ratis/cb1b5082-50ba-4105-bbf6-66aad93c4749/sm/snapshot.1_1 time:44
2019-10-02 15:44:45,027 [19739739-e1a7-4d76-8132-fceeaef0d717@group-66AAD93C4749-StateMachineUpdater] INFO  impl.StateMachineUpdater (StateMachineUpdater.java:takeSnapshot(269)) - 19739739-e1a7-4d76-8132-fceeaef0d717@group-66AAD93C4749-StateMachineUpdater: Took a snapshot at index 1
2019-10-02 15:44:45,027 [19739739-e1a7-4d76-8132-fceeaef0d717@group-66AAD93C4749-StateMachineUpdater] INFO  impl.StateMachineUpdater (StateMachineUpdater.java:lambda$new$0(84)) - 19739739-e1a7-4d76-8132-fceeaef0d717@group-66AAD93C4749-StateMachineUpdater: snapshotIndex: updateIncreasingly -1 -> 1
2019-10-02 15:44:45,027 [19739739-e1a7-4d76-8132-fceeaef0d717@group-66AAD93C4749-StateMachineUpdater] INFO  ratis.ContainerStateMachine (ContainerStateMachine.java:takeSnapshot(293)) - group-66AAD93C4749: Taking a snapshot at:(t:1, i:1) file /workdir/hadoop-ozone/integration-test/target/test-dir/MiniOzoneClusterImpl-a6af883a-1c5c-4b71-a72c-09f1d51d3e43/datanode-3/data/ratis/cb1b5082-50ba-4105-bbf6-66aad93c4749/sm/snapshot.1_1
2019-10-02 15:44:45,043 [19739739-e1a7-4d76-8132-fceeaef0d717@group-66AAD93C4749-StateMachineUpdater] INFO  ratis.ContainerStateMachine (ContainerStateMachine.java:takeSnapshot(304)) - group-66AAD93C4749: Finished taking a snapshot at:(t:1, i:1) file:/workdir/hadoop-ozone/integration-test/target/test-dir/MiniOzoneClusterImpl-a6af883a-1c5c-4b71-a72c-09f1d51d3e43/datanode-3/data/ratis/cb1b5082-50ba-4105-bbf6-66aad93c4749/sm/snapshot.1_1 time:16
2019-10-02 15:44:45,043 [19739739-e1a7-4d76-8132-fceeaef0d717@group-66AAD93C4749-StateMachineUpdater] INFO  impl.StateMachineUpdater (StateMachineUpdater.java:takeSnapshot(269)) - 19739739-e1a7-4d76-8132-fceeaef0d717@group-66AAD93C4749-StateMachineUpdater: Took a snapshot at index 1
2019-10-02 15:44:45,043 [19739739-e1a7-4d76-8132-fceeaef0d717@group-66AAD93C4749-StateMachineUpdater] INFO  impl.StateMachineUpdater (StateMachineUpdater.java:lambda$new$0(84)) - 19739739-e1a7-4d76-8132-fceeaef0d717@group-66AAD93C4749-StateMachineUpdater: snapshotIndex: updateIncreasingly 1 -> 1
2019-10-02 15:44:45,044 [main] INFO  impl.RaftServerImpl (ServerState.java:close(387)) - 19739739-e1a7-4d76-8132-fceeaef0d717@group-66AAD93C4749: closes. applyIndex: 2
2019-10-02 15:44:45,044 [19739739-e1a7-4d76-8132-fceeaef0d717@group-66AAD93C4749-SegmentedRaftLogWorker] INFO  segmented.SegmentedRaftLogWorker (SegmentedRaftLogWorker.java:run(316)) - 19739739-e1a7-4d76-8132-fceeaef0d717@group-66AAD93C4749-SegmentedRaftLogWorker was interrupted, exiting. There are 0 tasks remaining in the queue.
2019-10-02 15:44:45,044 [main] INFO  segmented.SegmentedRaftLogWorker (SegmentedRaftLogWorker.java:close(224)) - 19739739-e1a7-4d76-8132-fceeaef0d717@group-66AAD93C4749-SegmentedRaftLogWorker close()
2019-10-02 15:44:45,047 [main] INFO  server.GrpcService (GrpcService.java:closeImpl(164)) - 19739739-e1a7-4d76-8132-fceeaef0d717: shutdown server with port 39654 now
2019-10-02 15:44:45,048 [grpc-default-executor-5] WARN  server.GrpcServerProtocolService (LogUtils.java:warn(134)) - 19739739-e1a7-4d76-8132-fceeaef0d717: installSnapshot onError, lastRequest: aaf7e247-1f10-4b88-87c2-796e05414644->19739739-e1a7-4d76-8132-fceeaef0d717#5-t1, previous=(t:1, i:2), leaderCommit=2, initializing? false, entries: <empty>: org.apache.ratis.thirdparty.io.grpc.StatusRuntimeException: CANCELLED: cancelled before receiving half close
2019-10-02 15:44:45,048 [grpc-default-executor-3] WARN  server.GrpcLogAppender (LogUtils.java:warn(134)) - aaf7e247-1f10-4b88-87c2-796e05414644@group-66AAD93C4749->19739739-e1a7-4d76-8132-fceeaef0d717-AppendLogResponseHandler: Failed appendEntries: org.apache.ratis.thirdparty.io.grpc.StatusRuntimeException: CANCELLED: HTTP/2 error code: CANCEL
Received Rst Stream
2019-10-02 15:44:45,049 [main] INFO  server.GrpcService (GrpcService.java:closeImpl(172)) - 19739739-e1a7-4d76-8132-fceeaef0d717: shutdown server with port 39654 successfully
2019-10-02 15:44:45,049 [grpc-default-executor-3] INFO  impl.FollowerInfo (FollowerInfo.java:lambda$new$0(51)) - aaf7e247-1f10-4b88-87c2-796e05414644@group-66AAD93C4749->19739739-e1a7-4d76-8132-fceeaef0d717: nextIndex: updateUnconditionally 3 -> 2
2019-10-02 15:44:45,051 [refreshUsed-/workdir/hadoop-ozone/integration-test/target/test-dir/MiniOzoneClusterImpl-a6af883a-1c5c-4b71-a72c-09f1d51d3e43/datanode-3/data/containers] WARN  fs.CachingGetSpaceUsed (CachingGetSpaceUsed.java:run(183)) - Thread Interrupted waiting to refresh disk information: sleep interrupted
2019-10-02 15:44:45,064 [main] INFO  utils.BackgroundService (BackgroundService.java:shutdown(148)) - Shutting down service BlockDeletingService
2019-10-02 15:44:45,073 [main] INFO  statemachine.DatanodeStateMachine (DatanodeStateMachine.java:stopDaemon(395)) - Ozone container server stopped.
2019-10-02 15:44:45,074 [main] INFO  handler.ContextHandler (ContextHandler.java:doStop(910)) - Stopped o.e.j.w.WebAppContext@2dd178f3{/,null,UNAVAILABLE}{/hddsDatanode}
2019-10-02 15:44:45,075 [main] INFO  server.AbstractConnector (AbstractConnector.java:doStop(318)) - Stopped ServerConnector@64656b9e{HTTP/1.1,[http/1.1]}{0.0.0.0:0}
2019-10-02 15:44:45,075 [main] INFO  handler.ContextHandler (ContextHandler.java:doStop(910)) - Stopped o.e.j.s.ServletContextHandler@41aebbb4{/static,jar:file:/home/user/.m2/repository/org/apache/hadoop/hadoop-hdds-container-service/0.5.0-SNAPSHOT/hadoop-hdds-container-service-0.5.0-SNAPSHOT.jar!/webapps/static,UNAVAILABLE}
2019-10-02 15:44:45,075 [main] INFO  handler.ContextHandler (ContextHandler.java:doStop(910)) - Stopped o.e.j.s.ServletContextHandler@2dbfa972{/logs,file:///workdir/hadoop-ozone/integration-test/target/log,UNAVAILABLE}
2019-10-02 15:44:45,089 [grpc-default-executor-6] WARN  server.GrpcLogAppender (LogUtils.java:warn(134)) - aaf7e247-1f10-4b88-87c2-796e05414644@group-66AAD93C4749->19739739-e1a7-4d76-8132-fceeaef0d717-AppendLogResponseHandler: Failed appendEntries: org.apache.ratis.thirdparty.io.grpc.StatusRuntimeException: UNAVAILABLE: io exception
2019-10-02 15:44:45,090 [grpc-default-executor-6] INFO  impl.FollowerInfo (FollowerInfo.java:lambda$new$0(51)) - aaf7e247-1f10-4b88-87c2-796e05414644@group-66AAD93C4749->19739739-e1a7-4d76-8132-fceeaef0d717: nextIndex: updateUnconditionally 3 -> 2
2019-10-02 15:44:45,100 [grpc-default-executor-5] WARN  server.GrpcLogAppender (LogUtils.java:warn(134)) - aaf7e247-1f10-4b88-87c2-796e05414644@group-66AAD93C4749->19739739-e1a7-4d76-8132-fceeaef0d717-AppendLogResponseHandler: Failed appendEntries: org.apache.ratis.thirdparty.io.grpc.StatusRuntimeException: UNAVAILABLE: io exception
2019-10-02 15:44:45,100 [grpc-default-executor-5] INFO  impl.FollowerInfo (FollowerInfo.java:lambda$new$0(51)) - aaf7e247-1f10-4b88-87c2-796e05414644@group-66AAD93C4749->19739739-e1a7-4d76-8132-fceeaef0d717: nextIndex: updateUnconditionally 3 -> 2
2019-10-02 15:44:45,106 [grpc-default-executor-6] WARN  server.GrpcLogAppender (LogUtils.java:warn(134)) - aaf7e247-1f10-4b88-87c2-796e05414644@group-66AAD93C4749->19739739-e1a7-4d76-8132-fceeaef0d717-AppendLogResponseHandler: Failed appendEntries: org.apache.ratis.thirdparty.io.grpc.StatusRuntimeException: UNAVAILABLE: io exception
2019-10-02 15:44:45,106 [grpc-default-executor-6] INFO  impl.FollowerInfo (FollowerInfo.java:lambda$new$0(51)) - aaf7e247-1f10-4b88-87c2-796e05414644@group-66AAD93C4749->19739739-e1a7-4d76-8132-fceeaef0d717: nextIndex: updateUnconditionally 3 -> 2
2019-10-02 15:44:45,120 [EventQueue-IncrementalContainerReportForIncrementalContainerReportHandler] WARN  container.IncrementalContainerReportHandler (AbstractContainerReportHandler.java:updateContainerState(143)) - Container #1 is in OPEN state, but the datanode aaf7e247-1f10-4b88-87c2-796e05414644{ip: 192.168.30.18, host: pr-hdds-2199-dnstouuidmap-kd262-1141434179, networkLocation: /default-rack, certSerialId: null} reports an CLOSING replica.
2019-10-02 15:44:45,137 [EventQueue-IncrementalContainerReportForIncrementalContainerReportHandler] WARN  container.IncrementalContainerReportHandler (AbstractContainerReportHandler.java:updateContainerState(143)) - Container #1 is in OPEN state, but the datanode d6ff8088-05ad-465f-886b-a333b7cba2d5{ip: 192.168.30.18, host: pr-hdds-2199-dnstouuidmap-kd262-1141434179, networkLocation: /default-rack, certSerialId: null} reports an CLOSING replica.
2019-10-02 15:44:45,203 [RatisApplyTransactionExecutor 1] INFO  interfaces.Container (KeyValueContainer.java:flushAndSyncDB(386)) - Container 1 is synced with bcsId 0.
2019-10-02 15:44:45,266 [RatisApplyTransactionExecutor 1] INFO  interfaces.Container (KeyValueContainer.java:flushAndSyncDB(386)) - Container 1 is synced with bcsId 0.
2019-10-02 15:44:45,278 [RatisApplyTransactionExecutor 1] INFO  interfaces.Container (KeyValueContainer.java:flushAndSyncDB(386)) - Container 1 is synced with bcsId 0.
2019-10-02 15:44:45,278 [RatisApplyTransactionExecutor 1] INFO  interfaces.Container (KeyValueContainer.java:flushAndSyncDB(386)) - Container 1 is synced with bcsId 0.
2019-10-02 15:44:45,279 [RatisApplyTransactionExecutor 1] INFO  interfaces.Container (KeyValueContainer.java:close(335)) - Container 1 is closed with bcsId 0.
2019-10-02 15:44:45,280 [EventQueue-IncrementalContainerReportForIncrementalContainerReportHandler] WARN  container.IncrementalContainerReportHandler (AbstractContainerReportHandler.java:updateContainerState(143)) - Container #1 is in OPEN state, but the datanode aaf7e247-1f10-4b88-87c2-796e05414644{ip: 192.168.30.18, host: pr-hdds-2199-dnstouuidmap-kd262-1141434179, networkLocation: /default-rack, certSerialId: null} reports an CLOSED replica.
2019-10-02 15:44:45,297 [RatisApplyTransactionExecutor 1] INFO  interfaces.Container (KeyValueContainer.java:close(335)) - Container 1 is closed with bcsId 0.
2019-10-02 15:44:45,298 [EventQueue-IncrementalContainerReportForIncrementalContainerReportHandler] WARN  container.IncrementalContainerReportHandler (AbstractContainerReportHandler.java:updateContainerState(143)) - Container #1 is in OPEN state, but the datanode d6ff8088-05ad-465f-886b-a333b7cba2d5{ip: 192.168.30.18, host: pr-hdds-2199-dnstouuidmap-kd262-1141434179, networkLocation: /default-rack, certSerialId: null} reports an CLOSED replica.
2019-10-02 15:44:47,607 [grpc-default-executor-5] WARN  server.GrpcLogAppender (LogUtils.java:warn(134)) - aaf7e247-1f10-4b88-87c2-796e05414644@group-66AAD93C4749->19739739-e1a7-4d76-8132-fceeaef0d717-AppendLogResponseHandler: Failed appendEntries: org.apache.ratis.thirdparty.io.grpc.StatusRuntimeException: UNAVAILABLE: io exception
2019-10-02 15:44:47,608 [grpc-default-executor-5] INFO  impl.FollowerInfo (FollowerInfo.java:lambda$new$0(51)) - aaf7e247-1f10-4b88-87c2-796e05414644@group-66AAD93C4749->19739739-e1a7-4d76-8132-fceeaef0d717: nextIndex: updateUnconditionally 2 -> 1
2019-10-02 15:44:48,286 [main] WARN  scm.XceiverClientRatis (XceiverClientRatis.java:watchForCommit(292)) - 3 way commit failed on pipeline Pipeline[ Id: cb1b5082-50ba-4105-bbf6-66aad93c4749, Nodes: 19739739-e1a7-4d76-8132-fceeaef0d717{ip: 192.168.30.18, host: pr-hdds-2199-dnstouuidmap-kd262-1141434179, networkLocation: /default-rack, certSerialId: null}aaf7e247-1f10-4b88-87c2-796e05414644{ip: 192.168.30.18, host: pr-hdds-2199-dnstouuidmap-kd262-1141434179, networkLocation: /default-rack, certSerialId: null}d6ff8088-05ad-465f-886b-a333b7cba2d5{ip: 192.168.30.18, host: pr-hdds-2199-dnstouuidmap-kd262-1141434179, networkLocation: /default-rack, certSerialId: null}, Type:RATIS, Factor:THREE, State:OPEN]
java.util.concurrent.TimeoutException
	at java.util.concurrent.CompletableFuture.timedGet(CompletableFuture.java:1771)
	at java.util.concurrent.CompletableFuture.get(CompletableFuture.java:1915)
	at org.apache.hadoop.hdds.scm.XceiverClientRatis.watchForCommit(XceiverClientRatis.java:289)
	at org.apache.hadoop.ozone.client.rpc.TestWatchForCommit.test2WayCommitForTimeoutException(TestWatchForCommit.java:391)
	at sun.reflect.NativeMethodAccessorImpl.invoke0(Native Method)
	at sun.reflect.NativeMethodAccessorImpl.invoke(NativeMethodAccessorImpl.java:62)
	at sun.reflect.DelegatingMethodAccessorImpl.invoke(DelegatingMethodAccessorImpl.java:43)
	at java.lang.reflect.Method.invoke(Method.java:498)
	at org.junit.runners.model.FrameworkMethod$1.runReflectiveCall(FrameworkMethod.java:47)
	at org.junit.internal.runners.model.ReflectiveCallable.run(ReflectiveCallable.java:12)
	at org.junit.runners.model.FrameworkMethod.invokeExplosively(FrameworkMethod.java:44)
	at org.junit.internal.runners.statements.InvokeMethod.evaluate(InvokeMethod.java:17)
	at org.junit.runners.ParentRunner.runLeaf(ParentRunner.java:271)
	at org.junit.runners.BlockJUnit4ClassRunner.runChild(BlockJUnit4ClassRunner.java:70)
	at org.junit.runners.BlockJUnit4ClassRunner.runChild(BlockJUnit4ClassRunner.java:50)
	at org.junit.runners.ParentRunner$3.run(ParentRunner.java:238)
	at org.junit.runners.ParentRunner$1.schedule(ParentRunner.java:63)
	at org.junit.runners.ParentRunner.runChildren(ParentRunner.java:236)
	at org.junit.runners.ParentRunner.access$000(ParentRunner.java:53)
	at org.junit.runners.ParentRunner$2.evaluate(ParentRunner.java:229)
	at org.junit.runners.ParentRunner.run(ParentRunner.java:309)
	at org.apache.maven.surefire.junit4.JUnit4Provider.execute(JUnit4Provider.java:365)
	at org.apache.maven.surefire.junit4.JUnit4Provider.executeWithRerun(JUnit4Provider.java:273)
	at org.apache.maven.surefire.junit4.JUnit4Provider.executeTestSet(JUnit4Provider.java:238)
	at org.apache.maven.surefire.junit4.JUnit4Provider.invoke(JUnit4Provider.java:159)
	at org.apache.maven.surefire.booter.ForkedBooter.invokeProviderInSameClassLoader(ForkedBooter.java:384)
	at org.apache.maven.surefire.booter.ForkedBooter.runSuitesInProcess(ForkedBooter.java:345)
	at org.apache.maven.surefire.booter.ForkedBooter.execute(ForkedBooter.java:126)
	at org.apache.maven.surefire.booter.ForkedBooter.main(ForkedBooter.java:418)
2019-10-02 15:44:48,304 [Thread-2447] INFO  client.GrpcClientProtocolService (GrpcClientProtocolService.java:lambda$processClientRequest$0(278)) - Failed RaftClientRequest:client-F99DF9A7FFAB->d6ff8088-05ad-465f-886b-a333b7cba2d5@group-66AAD93C4749, cid=106, seq=0, Watch-MAJORITY_COMMITTED(3), Message:<EMPTY>, reply=RaftClientReply:client-F99DF9A7FFAB->d6ff8088-05ad-465f-886b-a333b7cba2d5@group-66AAD93C4749, cid=106, FAILED org.apache.ratis.protocol.NotLeaderException: Server d6ff8088-05ad-465f-886b-a333b7cba2d5@group-66AAD93C4749 is not the leader aaf7e247-1f10-4b88-87c2-796e05414644:192.168.30.18:35475, logIndex=0, commits[d6ff8088-05ad-465f-886b-a333b7cba2d5:c4, 19739739-e1a7-4d76-8132-fceeaef0d717:c2, aaf7e247-1f10-4b88-87c2-796e05414644:c4]
2019-10-02 15:44:50,111 [grpc-default-executor-5] WARN  server.GrpcLogAppender (LogUtils.java:warn(134)) - aaf7e247-1f10-4b88-87c2-796e05414644@group-66AAD93C4749->19739739-e1a7-4d76-8132-fceeaef0d717-AppendLogResponseHandler: Failed appendEntries: org.apache.ratis.thirdparty.io.grpc.StatusRuntimeException: UNAVAILABLE: io exception
2019-10-02 15:44:50,115 [grpc-default-executor-5] INFO  impl.FollowerInfo (FollowerInfo.java:lambda$new$0(51)) - aaf7e247-1f10-4b88-87c2-796e05414644@group-66AAD93C4749->19739739-e1a7-4d76-8132-fceeaef0d717: nextIndex: updateUnconditionally 1 -> 0
]]></system-out>
    <system-err><![CDATA[Oct 02, 2019 3:44:45 PM org.apache.ratis.thirdparty.io.grpc.internal.SerializingExecutor run
SEVERE: Exception while executing runnable org.apache.ratis.thirdparty.io.grpc.internal.ServerImpl$JumpToApplicationThreadServerStreamListener$1Closed@312b1062
org.apache.ratis.thirdparty.io.grpc.StatusRuntimeException: CANCELLED: call already cancelled
	at org.apache.ratis.thirdparty.io.grpc.Status.asRuntimeException(Status.java:517)
	at org.apache.ratis.thirdparty.io.grpc.stub.ServerCalls$ServerCallStreamObserverImpl.onCompleted(ServerCalls.java:356)
	at org.apache.ratis.grpc.server.GrpcServerProtocolService$ServerRequestStreamObserver.onError(GrpcServerProtocolService.java:121)
	at org.apache.ratis.thirdparty.io.grpc.stub.ServerCalls$StreamingServerCallHandler$StreamingServerCallListener.onCancel(ServerCalls.java:269)
	at org.apache.ratis.thirdparty.io.grpc.internal.ServerCallImpl$ServerStreamListenerImpl.closed(ServerCallImpl.java:293)
	at org.apache.ratis.thirdparty.io.grpc.internal.ServerImpl$JumpToApplicationThreadServerStreamListener$1Closed.runInContext(ServerImpl.java:741)
	at org.apache.ratis.thirdparty.io.grpc.internal.ContextRunnable.run(ContextRunnable.java:37)
	at org.apache.ratis.thirdparty.io.grpc.internal.SerializingExecutor.run(SerializingExecutor.java:123)
	at java.util.concurrent.ThreadPoolExecutor.runWorker(ThreadPoolExecutor.java:1149)
	at java.util.concurrent.ThreadPoolExecutor$Worker.run(ThreadPoolExecutor.java:624)
	at java.lang.Thread.run(Thread.java:748)

]]></system-err>
  </testcase>
</testsuite>