<?xml version="1.0" encoding="UTF-8"?>
<testsuite xmlns:xsi="http://www.w3.org/2001/XMLSchema-instance" xsi:noNamespaceSchemaLocation="https://maven.apache.org/surefire/maven-surefire-plugin/xsd/surefire-test-report.xsd" name="org.apache.hadoop.ozone.client.rpc.TestWatchForCommit" time="247.364" tests="5" errors="1" skipped="0" failures="0">
  <properties>
    <property name="awt.toolkit" value="sun.awt.X11.XToolkit"/>
    <property name="file.encoding.pkg" value="sun.io"/>
    <property name="java.specification.version" value="1.8"/>
    <property name="sun.cpu.isalist" value=""/>
    <property name="sun.jnu.encoding" value="UTF-8"/>
    <property name="java.class.path" value="/workdir/hadoop-ozone/integration-test/target/test-classes:/workdir/hadoop-ozone/integration-test/target/classes:/home/user/.m2/repository/org/apache/hadoop/hadoop-ozone-common/0.5.0-SNAPSHOT/hadoop-ozone-common-0.5.0-SNAPSHOT.jar:/home/user/.m2/repository/org/apache/commons/commons-compress/1.4.1/commons-compress-1.4.1.jar:/home/user/.m2/repository/org/tukaani/xz/1.0/xz-1.0.jar:/home/user/.m2/repository/org/apache/hadoop/hadoop-common/3.2.0/hadoop-common-3.2.0.jar:/home/user/.m2/repository/org/apache/hadoop/hadoop-hdfs/3.2.0/hadoop-hdfs-3.2.0.jar:/home/user/.m2/repository/org/apache/hadoop/hadoop-hdfs-client/3.2.0/hadoop-hdfs-client-3.2.0.jar:/home/user/.m2/repository/com/fasterxml/jackson/core/jackson-annotations/2.9.9/jackson-annotations-2.9.9.jar:/home/user/.m2/repository/org/apache/hadoop/hadoop-hdds-common/0.5.0-SNAPSHOT/hadoop-hdds-common-0.5.0-SNAPSHOT.jar:/home/user/.m2/repository/javax/annotation/javax.annotation-api/1.2/javax.annotation-api-1.2.jar:/home/user/.m2/repository/org/apache/ratis/ratis-server/0.5.0-201fc85-SNAPSHOT/ratis-server-0.5.0-201fc85-SNAPSHOT.jar:/home/user/.m2/repository/org/apache/ratis/ratis-thirdparty-misc/0.2.0/ratis-thirdparty-misc-0.2.0.jar:/home/user/.m2/repository/org/apache/ratis/ratis-proto/0.5.0-201fc85-SNAPSHOT/ratis-proto-0.5.0-201fc85-SNAPSHOT.jar:/home/user/.m2/repository/org/apache/ratis/ratis-common/0.5.0-201fc85-SNAPSHOT/ratis-common-0.5.0-201fc85-SNAPSHOT.jar:/home/user/.m2/repository/org/apache/ratis/ratis-client/0.5.0-201fc85-SNAPSHOT/ratis-client-0.5.0-201fc85-SNAPSHOT.jar:/home/user/.m2/repository/org/apache/ratis/ratis-metrics/0.5.0-201fc85-SNAPSHOT/ratis-metrics-0.5.0-201fc85-SNAPSHOT.jar:/home/user/.m2/repository/com/github/joshelser/dropwizard-metrics-hadoop-metrics2-reporter/0.1.2/dropwizard-metrics-hadoop-metrics2-reporter-0.1.2.jar:/home/user/.m2/repository/io/dropwizard/metrics/metrics-jvm/3.2.5/metrics-jvm-3.2.5.jar:/home/user/.m2/repository/io/dropwizard/metrics/metrics-ganglia/3.2.5/metrics-ganglia-3.2.5.jar:/home/user/.m2/repository/info/ganglia/gmetric4j/gmetric4j/1.0.7/gmetric4j-1.0.7.jar:/home/user/.m2/repository/org/apache/ratis/ratis-netty/0.5.0-201fc85-SNAPSHOT/ratis-netty-0.5.0-201fc85-SNAPSHOT.jar:/home/user/.m2/repository/org/apache/ratis/ratis-grpc/0.5.0-201fc85-SNAPSHOT/ratis-grpc-0.5.0-201fc85-SNAPSHOT.jar:/home/user/.m2/repository/org/rocksdb/rocksdbjni/6.0.1/rocksdbjni-6.0.1.jar:/home/user/.m2/repository/org/apache/logging/log4j/log4j-api/2.11.0/log4j-api-2.11.0.jar:/home/user/.m2/repository/org/apache/logging/log4j/log4j-core/2.11.0/log4j-core-2.11.0.jar:/home/user/.m2/repository/com/lmax/disruptor/3.4.2/disruptor-3.4.2.jar:/home/user/.m2/repository/org/apache/commons/commons-pool2/2.6.0/commons-pool2-2.6.0.jar:/home/user/.m2/repository/org/bouncycastle/bcpkix-jdk15on/1.60/bcpkix-jdk15on-1.60.jar:/home/user/.m2/repository/commons-validator/commons-validator/1.6/commons-validator-1.6.jar:/home/user/.m2/repository/commons-digester/commons-digester/1.8.1/commons-digester-1.8.1.jar:/home/user/.m2/repository/io/jaegertracing/jaeger-client/0.34.0/jaeger-client-0.34.0.jar:/home/user/.m2/repository/io/jaegertracing/jaeger-thrift/0.34.0/jaeger-thrift-0.34.0.jar:/home/user/.m2/repository/org/apache/thrift/libthrift/0.12.0/libthrift-0.12.0.jar:/home/user/.m2/repository/com/squareup/okhttp3/okhttp/3.9.0/okhttp-3.9.0.jar:/home/user/.m2/repository/com/squareup/okio/okio/1.13.0/okio-1.13.0.jar:/home/user/.m2/repository/io/jaegertracing/jaeger-core/0.34.0/jaeger-core-0.34.0.jar:/home/user/.m2/repository/io/jaegertracing/jaeger-tracerresolver/0.34.0/jaeger-tracerresolver-0.34.0.jar:/home/user/.m2/repository/io/opentracing/contrib/opentracing-tracerresolver/0.1.5/opentracing-tracerresolver-0.1.5.jar:/home/user/.m2/repository/io/opentracing/opentracing-util/0.31.0/opentracing-util-0.31.0.jar:/home/user/.m2/repository/io/opentracing/opentracing-api/0.31.0/opentracing-api-0.31.0.jar:/home/user/.m2/repository/io/opentracing/opentracing-noop/0.31.0/opentracing-noop-0.31.0.jar:/home/user/.m2/repository/org/apache/hadoop/hadoop-hdds-server-framework/0.5.0-SNAPSHOT/hadoop-hdds-server-framework-0.5.0-SNAPSHOT.jar:/home/user/.m2/repository/org/apache/hadoop/hadoop-hdds-container-service/0.5.0-SNAPSHOT/hadoop-hdds-container-service-0.5.0-SNAPSHOT.jar:/home/user/.m2/repository/org/apache/hadoop/hadoop-hdds-client/0.5.0-SNAPSHOT/hadoop-hdds-client-0.5.0-SNAPSHOT.jar:/home/user/.m2/repository/org/apache/hadoop/hadoop-hdds-tools/0.5.0-SNAPSHOT/hadoop-hdds-tools-0.5.0-SNAPSHOT.jar:/home/user/.m2/repository/org/apache/hadoop/hadoop-hdds-server-scm/0.5.0-SNAPSHOT/hadoop-hdds-server-scm-0.5.0-SNAPSHOT.jar:/home/user/.m2/repository/org/apache/hadoop/hadoop-hdds-docs/0.5.0-SNAPSHOT/hadoop-hdds-docs-0.5.0-SNAPSHOT.jar:/home/user/.m2/repository/io/dropwizard/metrics/metrics-core/3.2.4/metrics-core-3.2.4.jar:/home/user/.m2/repository/org/hamcrest/hamcrest-all/1.3/hamcrest-all-1.3.jar:/home/user/.m2/repository/org/bouncycastle/bcprov-jdk15on/1.60/bcprov-jdk15on-1.60.jar:/home/user/.m2/repository/info/picocli/picocli/3.9.6/picocli-3.9.6.jar:/home/user/.m2/repository/com/google/protobuf/protobuf-java/2.5.0/protobuf-java-2.5.0.jar:/home/user/.m2/repository/com/google/guava/guava/11.0.2/guava-11.0.2.jar:/home/user/.m2/repository/org/apache/hadoop/hadoop-ozone-ozone-manager/0.5.0-SNAPSHOT/hadoop-ozone-ozone-manager-0.5.0-SNAPSHOT.jar:/home/user/.m2/repository/org/apache/hadoop/hadoop-minikdc/3.2.0/hadoop-minikdc-3.2.0.jar:/home/user/.m2/repository/commons-io/commons-io/2.5/commons-io-2.5.jar:/home/user/.m2/repository/org/apache/kerby/kerb-simplekdc/1.0.1/kerb-simplekdc-1.0.1.jar:/home/user/.m2/repository/org/apache/kerby/kerb-client/1.0.1/kerb-client-1.0.1.jar:/home/user/.m2/repository/org/apache/kerby/kerby-config/1.0.1/kerby-config-1.0.1.jar:/home/user/.m2/repository/org/apache/kerby/kerb-core/1.0.1/kerb-core-1.0.1.jar:/home/user/.m2/repository/org/apache/kerby/kerby-pkix/1.0.1/kerby-pkix-1.0.1.jar:/home/user/.m2/repository/org/apache/kerby/kerby-asn1/1.0.1/kerby-asn1-1.0.1.jar:/home/user/.m2/repository/org/apache/kerby/kerby-util/1.0.1/kerby-util-1.0.1.jar:/home/user/.m2/repository/org/apache/kerby/kerb-common/1.0.1/kerb-common-1.0.1.jar:/home/user/.m2/repository/org/apache/kerby/kerb-crypto/1.0.1/kerb-crypto-1.0.1.jar:/home/user/.m2/repository/org/apache/kerby/kerb-util/1.0.1/kerb-util-1.0.1.jar:/home/user/.m2/repository/org/apache/kerby/token-provider/1.0.1/token-provider-1.0.1.jar:/home/user/.m2/repository/org/apache/kerby/kerb-admin/1.0.1/kerb-admin-1.0.1.jar:/home/user/.m2/repository/org/apache/kerby/kerb-server/1.0.1/kerb-server-1.0.1.jar:/home/user/.m2/repository/org/apache/kerby/kerb-identity/1.0.1/kerb-identity-1.0.1.jar:/home/user/.m2/repository/org/apache/kerby/kerby-xdr/1.0.1/kerby-xdr-1.0.1.jar:/home/user/.m2/repository/org/slf4j/slf4j-log4j12/1.7.25/slf4j-log4j12-1.7.25.jar:/home/user/.m2/repository/org/apache/hadoop/hadoop-ozone-s3gateway/0.5.0-SNAPSHOT/hadoop-ozone-s3gateway-0.5.0-SNAPSHOT.jar:/home/user/.m2/repository/org/jboss/weld/servlet/weld-servlet/2.4.7.Final/weld-servlet-2.4.7.Final.jar:/home/user/.m2/repository/org/glassfish/jersey/containers/jersey-container-servlet-core/2.27/jersey-container-servlet-core-2.27.jar:/home/user/.m2/repository/org/glassfish/hk2/external/javax.inject/2.5.0-b42/javax.inject-2.5.0-b42.jar:/home/user/.m2/repository/org/glassfish/jersey/core/jersey-common/2.27/jersey-common-2.27.jar:/home/user/.m2/repository/org/glassfish/hk2/osgi-resource-locator/1.0.1/osgi-resource-locator-1.0.1.jar:/home/user/.m2/repository/javax/ws/rs/javax.ws.rs-api/2.1/javax.ws.rs-api-2.1.jar:/home/user/.m2/repository/org/glassfish/jersey/ext/cdi/jersey-cdi1x/2.27/jersey-cdi1x-2.27.jar:/home/user/.m2/repository/org/glassfish/jersey/inject/jersey-hk2/2.27/jersey-hk2-2.27.jar:/home/user/.m2/repository/org/glassfish/hk2/hk2-locator/2.5.0-b42/hk2-locator-2.5.0-b42.jar:/home/user/.m2/repository/org/javassist/javassist/3.22.0-CR2/javassist-3.22.0-CR2.jar:/home/user/.m2/repository/org/glassfish/hk2/hk2-api/2.5.0/hk2-api-2.5.0.jar:/home/user/.m2/repository/org/glassfish/hk2/external/jakarta.inject/2.5.0/jakarta.inject-2.5.0.jar:/home/user/.m2/repository/org/glassfish/hk2/hk2-utils/2.5.0/hk2-utils-2.5.0.jar:/home/user/.m2/repository/jakarta/annotation/jakarta.annotation-api/1.3.4/jakarta.annotation-api-1.3.4.jar:/home/user/.m2/repository/org/glassfish/hk2/external/aopalliance-repackaged/2.5.0/aopalliance-repackaged-2.5.0.jar:/home/user/.m2/repository/com/fasterxml/jackson/dataformat/jackson-dataformat-xml/2.9.0/jackson-dataformat-xml-2.9.0.jar:/home/user/.m2/repository/com/fasterxml/jackson/core/jackson-core/2.9.9/jackson-core-2.9.9.jar:/home/user/.m2/repository/com/fasterxml/jackson/module/jackson-module-jaxb-annotations/2.9.9/jackson-module-jaxb-annotations-2.9.9.jar:/home/user/.m2/repository/javax/enterprise/cdi-api/1.2/cdi-api-1.2.jar:/home/user/.m2/repository/javax/el/javax.el-api/3.0.0/javax.el-api-3.0.0.jar:/home/user/.m2/repository/javax/interceptor/javax.interceptor-api/1.2/javax.interceptor-api-1.2.jar:/home/user/.m2/repository/javax/inject/javax.inject/1/javax.inject-1.jar:/home/user/.m2/repository/com/sun/xml/bind/jaxb-impl/2.3.0.1/jaxb-impl-2.3.0.1.jar:/home/user/.m2/repository/com/sun/xml/bind/jaxb-core/2.3.0.1/jaxb-core-2.3.0.1.jar:/home/user/.m2/repository/javax/xml/bind/jaxb-api/2.3.0/jaxb-api-2.3.0.jar:/home/user/.m2/repository/javax/activation/activation/1.1.1/activation-1.1.1.jar:/home/user/.m2/repository/org/apache/hadoop/hadoop-ozone-csi/0.5.0-SNAPSHOT/hadoop-ozone-csi-0.5.0-SNAPSHOT.jar:/home/user/.m2/repository/com/google/protobuf/protobuf-java-util/3.5.1/protobuf-java-util-3.5.1.jar:/home/user/.m2/repository/org/apache/hadoop/hadoop-hdds-config/0.5.0-SNAPSHOT/hadoop-hdds-config-0.5.0-SNAPSHOT.jar:/home/user/.m2/repository/io/grpc/grpc-netty/1.17.1/grpc-netty-1.17.1.jar:/home/user/.m2/repository/io/grpc/grpc-core/1.17.1/grpc-core-1.17.1.jar:/home/user/.m2/repository/io/grpc/grpc-context/1.17.1/grpc-context-1.17.1.jar:/home/user/.m2/repository/com/google/errorprone/error_prone_annotations/2.2.0/error_prone_annotations-2.2.0.jar:/home/user/.m2/repository/org/codehaus/mojo/animal-sniffer-annotations/1.17/animal-sniffer-annotations-1.17.jar:/home/user/.m2/repository/io/opencensus/opencensus-api/0.17.0/opencensus-api-0.17.0.jar:/home/user/.m2/repository/io/opencensus/opencensus-contrib-grpc-metrics/0.17.0/opencensus-contrib-grpc-metrics-0.17.0.jar:/home/user/.m2/repository/io/netty/netty-codec-http2/4.1.30.Final/netty-codec-http2-4.1.30.Final.jar:/home/user/.m2/repository/io/netty/netty-codec-http/4.1.30.Final/netty-codec-http-4.1.30.Final.jar:/home/user/.m2/repository/io/netty/netty-codec/4.1.30.Final/netty-codec-4.1.30.Final.jar:/home/user/.m2/repository/io/netty/netty-handler/4.1.30.Final/netty-handler-4.1.30.Final.jar:/home/user/.m2/repository/io/netty/netty-handler-proxy/4.1.30.Final/netty-handler-proxy-4.1.30.Final.jar:/home/user/.m2/repository/io/netty/netty-codec-socks/4.1.30.Final/netty-codec-socks-4.1.30.Final.jar:/home/user/.m2/repository/io/netty/netty-transport-native-epoll/4.1.30.Final/netty-transport-native-epoll-4.1.30.Final.jar:/home/user/.m2/repository/io/netty/netty-common/4.1.30.Final/netty-common-4.1.30.Final.jar:/home/user/.m2/repository/io/netty/netty-buffer/4.1.30.Final/netty-buffer-4.1.30.Final.jar:/home/user/.m2/repository/io/netty/netty-transport/4.1.30.Final/netty-transport-4.1.30.Final.jar:/home/user/.m2/repository/io/netty/netty-resolver/4.1.30.Final/netty-resolver-4.1.30.Final.jar:/home/user/.m2/repository/io/netty/netty-transport-native-unix-common/4.1.30.Final/netty-transport-native-unix-common-4.1.30.Final.jar:/home/user/.m2/repository/io/grpc/grpc-protobuf/1.17.1/grpc-protobuf-1.17.1.jar:/home/user/.m2/repository/com/google/api/grpc/proto-google-common-protos/1.0.0/proto-google-common-protos-1.0.0.jar:/home/user/.m2/repository/io/grpc/grpc-protobuf-lite/1.17.1/grpc-protobuf-lite-1.17.1.jar:/home/user/.m2/repository/io/grpc/grpc-stub/1.17.1/grpc-stub-1.17.1.jar:/home/user/.m2/repository/org/apache/hadoop/hadoop-ozone-recon/0.5.0-SNAPSHOT/hadoop-ozone-recon-0.5.0-SNAPSHOT.jar:/home/user/.m2/repository/org/apache/hadoop/hadoop-ozone-reconcodegen/0.5.0-SNAPSHOT/hadoop-ozone-reconcodegen-0.5.0-SNAPSHOT.jar:/home/user/.m2/repository/com/google/inject/extensions/guice-multibindings/4.0/guice-multibindings-4.0.jar:/home/user/.m2/repository/com/google/inject/guice/4.0/guice-4.0.jar:/home/user/.m2/repository/aopalliance/aopalliance/1.0/aopalliance-1.0.jar:/home/user/.m2/repository/com/google/inject/extensions/guice-servlet/4.0/guice-servlet-4.0.jar:/home/user/.m2/repository/org/glassfish/jersey/containers/jersey-container-servlet/2.27/jersey-container-servlet-2.27.jar:/home/user/.m2/repository/org/glassfish/hk2/guice-bridge/2.5.0/guice-bridge-2.5.0.jar:/home/user/.m2/repository/org/glassfish/jersey/core/jersey-server/2.27/jersey-server-2.27.jar:/home/user/.m2/repository/org/glassfish/jersey/core/jersey-client/2.27/jersey-client-2.27.jar:/home/user/.m2/repository/org/glassfish/jersey/media/jersey-media-jaxb/2.27/jersey-media-jaxb-2.27.jar:/home/user/.m2/repository/javax/validation/validation-api/1.1.0.Final/validation-api-1.1.0.Final.jar:/home/user/.m2/repository/org/glassfish/jersey/media/jersey-media-json-jackson/2.27/jersey-media-json-jackson-2.27.jar:/home/user/.m2/repository/org/glassfish/jersey/ext/jersey-entity-filtering/2.27/jersey-entity-filtering-2.27.jar:/home/user/.m2/repository/com/google/inject/extensions/guice-assistedinject/4.0/guice-assistedinject-4.0.jar:/home/user/.m2/repository/org/jooq/jooq/3.11.10/jooq-3.11.10.jar:/home/user/.m2/repository/org/jooq/jooq-meta/3.11.10/jooq-meta-3.11.10.jar:/home/user/.m2/repository/org/jooq/jooq-codegen/3.11.10/jooq-codegen-3.11.10.jar:/home/user/.m2/repository/com/jolbox/bonecp/0.8.0.RELEASE/bonecp-0.8.0.RELEASE.jar:/home/user/.m2/repository/org/xerial/sqlite-jdbc/3.25.2/sqlite-jdbc-3.25.2.jar:/home/user/.m2/repository/org/springframework/spring-jdbc/5.1.3.RELEASE/spring-jdbc-5.1.3.RELEASE.jar:/home/user/.m2/repository/org/springframework/spring-beans/5.1.3.RELEASE/spring-beans-5.1.3.RELEASE.jar:/home/user/.m2/repository/org/springframework/spring-core/5.1.3.RELEASE/spring-core-5.1.3.RELEASE.jar:/home/user/.m2/repository/org/springframework/spring-jcl/5.1.3.RELEASE/spring-jcl-5.1.3.RELEASE.jar:/home/user/.m2/repository/org/springframework/spring-tx/5.1.3.RELEASE/spring-tx-5.1.3.RELEASE.jar:/home/user/.m2/repository/org/apache/hadoop/hadoop-ozone-client/0.5.0-SNAPSHOT/hadoop-ozone-client-0.5.0-SNAPSHOT.jar:/home/user/.m2/repository/commons-lang/commons-lang/2.6/commons-lang-2.6.jar:/home/user/.m2/repository/org/apache/hadoop/hadoop-ozone-ozone-manager/0.5.0-SNAPSHOT/hadoop-ozone-ozone-manager-0.5.0-SNAPSHOT-tests.jar:/home/user/.m2/repository/junit/junit/4.11/junit-4.11.jar:/home/user/.m2/repository/org/hamcrest/hamcrest-core/1.3/hamcrest-core-1.3.jar:/home/user/.m2/repository/org/openjdk/jmh/jmh-core/1.19/jmh-core-1.19.jar:/home/user/.m2/repository/net/sf/jopt-simple/jopt-simple/4.6/jopt-simple-4.6.jar:/home/user/.m2/repository/org/apache/commons/commons-math3/3.1.1/commons-math3-3.1.1.jar:/home/user/.m2/repository/org/openjdk/jmh/jmh-generator-annprocess/1.19/jmh-generator-annprocess-1.19.jar:/home/user/.m2/repository/org/mockito/mockito-all/1.8.5/mockito-all-1.8.5.jar:/home/user/.m2/repository/org/apache/hadoop/hadoop-kms/3.2.0/hadoop-kms-3.2.0.jar:/home/user/.m2/repository/org/apache/hadoop/hadoop-auth/3.2.0/hadoop-auth-3.2.0.jar:/home/user/.m2/repository/com/nimbusds/nimbus-jose-jwt/4.41.1/nimbus-jose-jwt-4.41.1.jar:/home/user/.m2/repository/com/github/stephenc/jcip/jcip-annotations/1.0-1/jcip-annotations-1.0-1.jar:/home/user/.m2/repository/net/minidev/json-smart/2.3/json-smart-2.3.jar:/home/user/.m2/repository/net/minidev/accessors-smart/1.2/accessors-smart-1.2.jar:/home/user/.m2/repository/org/ow2/asm/asm/5.0.4/asm-5.0.4.jar:/home/user/.m2/repository/org/apache/curator/curator-framework/2.12.0/curator-framework-2.12.0.jar:/home/user/.m2/repository/com/sun/jersey/jersey-core/1.19/jersey-core-1.19.jar:/home/user/.m2/repository/javax/ws/rs/jsr311-api/1.1.1/jsr311-api-1.1.1.jar:/home/user/.m2/repository/com/sun/jersey/jersey-server/1.19/jersey-server-1.19.jar:/home/user/.m2/repository/javax/servlet/javax.servlet-api/3.1.0/javax.servlet-api-3.1.0.jar:/home/user/.m2/repository/org/eclipse/jetty/jetty-server/9.3.25.v20180904/jetty-server-9.3.25.v20180904.jar:/home/user/.m2/repository/org/eclipse/jetty/jetty-http/9.3.25.v20180904/jetty-http-9.3.25.v20180904.jar:/home/user/.m2/repository/org/eclipse/jetty/jetty-io/9.3.25.v20180904/jetty-io-9.3.25.v20180904.jar:/home/user/.m2/repository/org/eclipse/jetty/jetty-webapp/9.3.25.v20180904/jetty-webapp-9.3.25.v20180904.jar:/home/user/.m2/repository/org/eclipse/jetty/jetty-xml/9.3.25.v20180904/jetty-xml-9.3.25.v20180904.jar:/home/user/.m2/repository/log4j/log4j/1.2.17/log4j-1.2.17.jar:/home/user/.m2/repository/org/slf4j/slf4j-api/1.7.25/slf4j-api-1.7.25.jar:/home/user/.m2/repository/org/slf4j/jul-to-slf4j/1.7.25/jul-to-slf4j-1.7.25.jar:/home/user/.m2/repository/org/eclipse/jetty/jetty-util/9.3.25.v20180904/jetty-util-9.3.25.v20180904.jar:/home/user/.m2/repository/com/fasterxml/jackson/core/jackson-databind/2.9.9/jackson-databind-2.9.9.jar:/home/user/.m2/repository/org/apache/hadoop/hadoop-kms/3.2.0/hadoop-kms-3.2.0-tests.jar:/home/user/.m2/repository/org/apache/hadoop/hadoop-hdds-server-scm/0.5.0-SNAPSHOT/hadoop-hdds-server-scm-0.5.0-SNAPSHOT-tests.jar:/home/user/.m2/repository/org/apache/hadoop/hadoop-hdds-container-service/0.5.0-SNAPSHOT/hadoop-hdds-container-service-0.5.0-SNAPSHOT-tests.jar:/home/user/.m2/repository/org/yaml/snakeyaml/1.16/snakeyaml-1.16.jar:/home/user/.m2/repository/org/apache/hadoop/hadoop-common/3.2.0/hadoop-common-3.2.0-tests.jar:/home/user/.m2/repository/org/apache/hadoop/hadoop-annotations/3.2.0/hadoop-annotations-3.2.0.jar:/usr/lib/jvm/java-1.8-openjdk/jre/../lib/tools.jar:/home/user/.m2/repository/commons-cli/commons-cli/1.2/commons-cli-1.2.jar:/home/user/.m2/repository/org/apache/httpcomponents/httpclient/4.5.2/httpclient-4.5.2.jar:/home/user/.m2/repository/org/apache/httpcomponents/httpcore/4.4.4/httpcore-4.4.4.jar:/home/user/.m2/repository/commons-codec/commons-codec/1.11/commons-codec-1.11.jar:/home/user/.m2/repository/commons-net/commons-net/3.6/commons-net-3.6.jar:/home/user/.m2/repository/commons-collections/commons-collections/3.2.2/commons-collections-3.2.2.jar:/home/user/.m2/repository/org/eclipse/jetty/jetty-servlet/9.3.25.v20180904/jetty-servlet-9.3.25.v20180904.jar:/home/user/.m2/repository/org/eclipse/jetty/jetty-security/9.3.25.v20180904/jetty-security-9.3.25.v20180904.jar:/home/user/.m2/repository/javax/servlet/jsp/jsp-api/2.1/jsp-api-2.1.jar:/home/user/.m2/repository/com/sun/jersey/jersey-servlet/1.19/jersey-servlet-1.19.jar:/home/user/.m2/repository/com/sun/jersey/jersey-json/1.19/jersey-json-1.19.jar:/home/user/.m2/repository/org/codehaus/jettison/jettison/1.1/jettison-1.1.jar:/home/user/.m2/repository/org/codehaus/jackson/jackson-core-asl/1.9.13/jackson-core-asl-1.9.13.jar:/home/user/.m2/repository/org/codehaus/jackson/jackson-mapper-asl/1.9.13/jackson-mapper-asl-1.9.13.jar:/home/user/.m2/repository/org/codehaus/jackson/jackson-jaxrs/1.9.13/jackson-jaxrs-1.9.13.jar:/home/user/.m2/repository/org/codehaus/jackson/jackson-xc/1.9.13/jackson-xc-1.9.13.jar:/home/user/.m2/repository/commons-logging/commons-logging/1.1.3/commons-logging-1.1.3.jar:/home/user/.m2/repository/commons-beanutils/commons-beanutils/1.9.4/commons-beanutils-1.9.4.jar:/home/user/.m2/repository/org/apache/commons/commons-configuration2/2.1.1/commons-configuration2-2.1.1.jar:/home/user/.m2/repository/org/apache/commons/commons-lang3/3.7/commons-lang3-3.7.jar:/home/user/.m2/repository/org/apache/commons/commons-text/1.4/commons-text-1.4.jar:/home/user/.m2/repository/org/apache/avro/avro/1.7.7/avro-1.7.7.jar:/home/user/.m2/repository/com/thoughtworks/paranamer/paranamer/2.3/paranamer-2.3.jar:/home/user/.m2/repository/org/xerial/snappy/snappy-java/1.0.5/snappy-java-1.0.5.jar:/home/user/.m2/repository/com/google/re2j/re2j/1.1/re2j-1.1.jar:/home/user/.m2/repository/com/google/code/gson/gson/2.2.4/gson-2.2.4.jar:/home/user/.m2/repository/com/jcraft/jsch/0.1.54/jsch-0.1.54.jar:/home/user/.m2/repository/org/apache/curator/curator-client/2.12.0/curator-client-2.12.0.jar:/home/user/.m2/repository/org/apache/curator/curator-recipes/2.12.0/curator-recipes-2.12.0.jar:/home/user/.m2/repository/com/google/code/findbugs/jsr305/3.0.0/jsr305-3.0.0.jar:/home/user/.m2/repository/org/apache/htrace/htrace-core4/4.1.0-incubating/htrace-core4-4.1.0-incubating.jar:/home/user/.m2/repository/org/apache/zookeeper/zookeeper/3.4.13/zookeeper-3.4.13.jar:/home/user/.m2/repository/jline/jline/0.9.94/jline-0.9.94.jar:/home/user/.m2/repository/org/apache/yetus/audience-annotations/0.5.0/audience-annotations-0.5.0.jar:/home/user/.m2/repository/org/codehaus/woodstox/stax2-api/3.1.4/stax2-api-3.1.4.jar:/home/user/.m2/repository/com/fasterxml/woodstox/woodstox-core/5.0.3/woodstox-core-5.0.3.jar:/home/user/.m2/repository/dnsjava/dnsjava/2.1.7/dnsjava-2.1.7.jar:/home/user/.m2/repository/org/apache/hadoop/hadoop-hdfs/3.2.0/hadoop-hdfs-3.2.0-tests.jar:/home/user/.m2/repository/org/eclipse/jetty/jetty-util-ajax/9.3.25.v20180904/jetty-util-ajax-9.3.25.v20180904.jar:/home/user/.m2/repository/commons-daemon/commons-daemon/1.0.13/commons-daemon-1.0.13.jar:/home/user/.m2/repository/io/netty/netty/3.10.5.Final/netty-3.10.5.Final.jar:/home/user/.m2/repository/io/netty/netty-all/4.0.52.Final/netty-all-4.0.52.Final.jar:/home/user/.m2/repository/org/fusesource/leveldbjni/leveldbjni-all/1.8/leveldbjni-all-1.8.jar:"/>
    <property name="java.vm.vendor" value="IcedTea"/>
    <property name="sun.arch.data.model" value="64"/>
    <property name="test.build.dir" value="/workdir/hadoop-ozone/integration-test/target/test-dir"/>
    <property name="test.cache.data" value=""/>
    <property name="java.vendor.url" value="https://icedtea.classpath.org"/>
    <property name="user.timezone" value=""/>
    <property name="java.vm.specification.version" value="1.8"/>
    <property name="os.name" value="Linux"/>
    <property name="test.build.data" value="/workdir/hadoop-ozone/integration-test/target/test-dir"/>
    <property name="user.country" value="US"/>
    <property name="sun.java.launcher" value="SUN_STANDARD"/>
    <property name="sun.boot.library.path" value="/usr/lib/jvm/java-1.8-openjdk/jre/lib/amd64"/>
    <property name="sun.java.command" value="/workdir/hadoop-ozone/integration-test/target/surefire/surefirebooter5316363764642217765.jar /workdir/hadoop-ozone/integration-test/target/surefire 2019-10-02T05-23-32_632-jvmRun1 surefire7870152861422118213tmp surefire_752065021096134583208tmp"/>
    <property name="test" value="!TestMiniChaosOzoneCluster"/>
    <property name="surefire.test.class.path" value="/workdir/hadoop-ozone/integration-test/target/test-classes:/workdir/hadoop-ozone/integration-test/target/classes:/home/user/.m2/repository/org/apache/hadoop/hadoop-ozone-common/0.5.0-SNAPSHOT/hadoop-ozone-common-0.5.0-SNAPSHOT.jar:/home/user/.m2/repository/org/apache/commons/commons-compress/1.4.1/commons-compress-1.4.1.jar:/home/user/.m2/repository/org/tukaani/xz/1.0/xz-1.0.jar:/home/user/.m2/repository/org/apache/hadoop/hadoop-common/3.2.0/hadoop-common-3.2.0.jar:/home/user/.m2/repository/org/apache/hadoop/hadoop-hdfs/3.2.0/hadoop-hdfs-3.2.0.jar:/home/user/.m2/repository/org/apache/hadoop/hadoop-hdfs-client/3.2.0/hadoop-hdfs-client-3.2.0.jar:/home/user/.m2/repository/com/fasterxml/jackson/core/jackson-annotations/2.9.9/jackson-annotations-2.9.9.jar:/home/user/.m2/repository/org/apache/hadoop/hadoop-hdds-common/0.5.0-SNAPSHOT/hadoop-hdds-common-0.5.0-SNAPSHOT.jar:/home/user/.m2/repository/javax/annotation/javax.annotation-api/1.2/javax.annotation-api-1.2.jar:/home/user/.m2/repository/org/apache/ratis/ratis-server/0.5.0-201fc85-SNAPSHOT/ratis-server-0.5.0-201fc85-SNAPSHOT.jar:/home/user/.m2/repository/org/apache/ratis/ratis-thirdparty-misc/0.2.0/ratis-thirdparty-misc-0.2.0.jar:/home/user/.m2/repository/org/apache/ratis/ratis-proto/0.5.0-201fc85-SNAPSHOT/ratis-proto-0.5.0-201fc85-SNAPSHOT.jar:/home/user/.m2/repository/org/apache/ratis/ratis-common/0.5.0-201fc85-SNAPSHOT/ratis-common-0.5.0-201fc85-SNAPSHOT.jar:/home/user/.m2/repository/org/apache/ratis/ratis-client/0.5.0-201fc85-SNAPSHOT/ratis-client-0.5.0-201fc85-SNAPSHOT.jar:/home/user/.m2/repository/org/apache/ratis/ratis-metrics/0.5.0-201fc85-SNAPSHOT/ratis-metrics-0.5.0-201fc85-SNAPSHOT.jar:/home/user/.m2/repository/com/github/joshelser/dropwizard-metrics-hadoop-metrics2-reporter/0.1.2/dropwizard-metrics-hadoop-metrics2-reporter-0.1.2.jar:/home/user/.m2/repository/io/dropwizard/metrics/metrics-jvm/3.2.5/metrics-jvm-3.2.5.jar:/home/user/.m2/repository/io/dropwizard/metrics/metrics-ganglia/3.2.5/metrics-ganglia-3.2.5.jar:/home/user/.m2/repository/info/ganglia/gmetric4j/gmetric4j/1.0.7/gmetric4j-1.0.7.jar:/home/user/.m2/repository/org/apache/ratis/ratis-netty/0.5.0-201fc85-SNAPSHOT/ratis-netty-0.5.0-201fc85-SNAPSHOT.jar:/home/user/.m2/repository/org/apache/ratis/ratis-grpc/0.5.0-201fc85-SNAPSHOT/ratis-grpc-0.5.0-201fc85-SNAPSHOT.jar:/home/user/.m2/repository/org/rocksdb/rocksdbjni/6.0.1/rocksdbjni-6.0.1.jar:/home/user/.m2/repository/org/apache/logging/log4j/log4j-api/2.11.0/log4j-api-2.11.0.jar:/home/user/.m2/repository/org/apache/logging/log4j/log4j-core/2.11.0/log4j-core-2.11.0.jar:/home/user/.m2/repository/com/lmax/disruptor/3.4.2/disruptor-3.4.2.jar:/home/user/.m2/repository/org/apache/commons/commons-pool2/2.6.0/commons-pool2-2.6.0.jar:/home/user/.m2/repository/org/bouncycastle/bcpkix-jdk15on/1.60/bcpkix-jdk15on-1.60.jar:/home/user/.m2/repository/commons-validator/commons-validator/1.6/commons-validator-1.6.jar:/home/user/.m2/repository/commons-digester/commons-digester/1.8.1/commons-digester-1.8.1.jar:/home/user/.m2/repository/io/jaegertracing/jaeger-client/0.34.0/jaeger-client-0.34.0.jar:/home/user/.m2/repository/io/jaegertracing/jaeger-thrift/0.34.0/jaeger-thrift-0.34.0.jar:/home/user/.m2/repository/org/apache/thrift/libthrift/0.12.0/libthrift-0.12.0.jar:/home/user/.m2/repository/com/squareup/okhttp3/okhttp/3.9.0/okhttp-3.9.0.jar:/home/user/.m2/repository/com/squareup/okio/okio/1.13.0/okio-1.13.0.jar:/home/user/.m2/repository/io/jaegertracing/jaeger-core/0.34.0/jaeger-core-0.34.0.jar:/home/user/.m2/repository/io/jaegertracing/jaeger-tracerresolver/0.34.0/jaeger-tracerresolver-0.34.0.jar:/home/user/.m2/repository/io/opentracing/contrib/opentracing-tracerresolver/0.1.5/opentracing-tracerresolver-0.1.5.jar:/home/user/.m2/repository/io/opentracing/opentracing-util/0.31.0/opentracing-util-0.31.0.jar:/home/user/.m2/repository/io/opentracing/opentracing-api/0.31.0/opentracing-api-0.31.0.jar:/home/user/.m2/repository/io/opentracing/opentracing-noop/0.31.0/opentracing-noop-0.31.0.jar:/home/user/.m2/repository/org/apache/hadoop/hadoop-hdds-server-framework/0.5.0-SNAPSHOT/hadoop-hdds-server-framework-0.5.0-SNAPSHOT.jar:/home/user/.m2/repository/org/apache/hadoop/hadoop-hdds-container-service/0.5.0-SNAPSHOT/hadoop-hdds-container-service-0.5.0-SNAPSHOT.jar:/home/user/.m2/repository/org/apache/hadoop/hadoop-hdds-client/0.5.0-SNAPSHOT/hadoop-hdds-client-0.5.0-SNAPSHOT.jar:/home/user/.m2/repository/org/apache/hadoop/hadoop-hdds-tools/0.5.0-SNAPSHOT/hadoop-hdds-tools-0.5.0-SNAPSHOT.jar:/home/user/.m2/repository/org/apache/hadoop/hadoop-hdds-server-scm/0.5.0-SNAPSHOT/hadoop-hdds-server-scm-0.5.0-SNAPSHOT.jar:/home/user/.m2/repository/org/apache/hadoop/hadoop-hdds-docs/0.5.0-SNAPSHOT/hadoop-hdds-docs-0.5.0-SNAPSHOT.jar:/home/user/.m2/repository/io/dropwizard/metrics/metrics-core/3.2.4/metrics-core-3.2.4.jar:/home/user/.m2/repository/org/hamcrest/hamcrest-all/1.3/hamcrest-all-1.3.jar:/home/user/.m2/repository/org/bouncycastle/bcprov-jdk15on/1.60/bcprov-jdk15on-1.60.jar:/home/user/.m2/repository/info/picocli/picocli/3.9.6/picocli-3.9.6.jar:/home/user/.m2/repository/com/google/protobuf/protobuf-java/2.5.0/protobuf-java-2.5.0.jar:/home/user/.m2/repository/com/google/guava/guava/11.0.2/guava-11.0.2.jar:/home/user/.m2/repository/org/apache/hadoop/hadoop-ozone-ozone-manager/0.5.0-SNAPSHOT/hadoop-ozone-ozone-manager-0.5.0-SNAPSHOT.jar:/home/user/.m2/repository/org/apache/hadoop/hadoop-minikdc/3.2.0/hadoop-minikdc-3.2.0.jar:/home/user/.m2/repository/commons-io/commons-io/2.5/commons-io-2.5.jar:/home/user/.m2/repository/org/apache/kerby/kerb-simplekdc/1.0.1/kerb-simplekdc-1.0.1.jar:/home/user/.m2/repository/org/apache/kerby/kerb-client/1.0.1/kerb-client-1.0.1.jar:/home/user/.m2/repository/org/apache/kerby/kerby-config/1.0.1/kerby-config-1.0.1.jar:/home/user/.m2/repository/org/apache/kerby/kerb-core/1.0.1/kerb-core-1.0.1.jar:/home/user/.m2/repository/org/apache/kerby/kerby-pkix/1.0.1/kerby-pkix-1.0.1.jar:/home/user/.m2/repository/org/apache/kerby/kerby-asn1/1.0.1/kerby-asn1-1.0.1.jar:/home/user/.m2/repository/org/apache/kerby/kerby-util/1.0.1/kerby-util-1.0.1.jar:/home/user/.m2/repository/org/apache/kerby/kerb-common/1.0.1/kerb-common-1.0.1.jar:/home/user/.m2/repository/org/apache/kerby/kerb-crypto/1.0.1/kerb-crypto-1.0.1.jar:/home/user/.m2/repository/org/apache/kerby/kerb-util/1.0.1/kerb-util-1.0.1.jar:/home/user/.m2/repository/org/apache/kerby/token-provider/1.0.1/token-provider-1.0.1.jar:/home/user/.m2/repository/org/apache/kerby/kerb-admin/1.0.1/kerb-admin-1.0.1.jar:/home/user/.m2/repository/org/apache/kerby/kerb-server/1.0.1/kerb-server-1.0.1.jar:/home/user/.m2/repository/org/apache/kerby/kerb-identity/1.0.1/kerb-identity-1.0.1.jar:/home/user/.m2/repository/org/apache/kerby/kerby-xdr/1.0.1/kerby-xdr-1.0.1.jar:/home/user/.m2/repository/org/slf4j/slf4j-log4j12/1.7.25/slf4j-log4j12-1.7.25.jar:/home/user/.m2/repository/org/apache/hadoop/hadoop-ozone-s3gateway/0.5.0-SNAPSHOT/hadoop-ozone-s3gateway-0.5.0-SNAPSHOT.jar:/home/user/.m2/repository/org/jboss/weld/servlet/weld-servlet/2.4.7.Final/weld-servlet-2.4.7.Final.jar:/home/user/.m2/repository/org/glassfish/jersey/containers/jersey-container-servlet-core/2.27/jersey-container-servlet-core-2.27.jar:/home/user/.m2/repository/org/glassfish/hk2/external/javax.inject/2.5.0-b42/javax.inject-2.5.0-b42.jar:/home/user/.m2/repository/org/glassfish/jersey/core/jersey-common/2.27/jersey-common-2.27.jar:/home/user/.m2/repository/org/glassfish/hk2/osgi-resource-locator/1.0.1/osgi-resource-locator-1.0.1.jar:/home/user/.m2/repository/javax/ws/rs/javax.ws.rs-api/2.1/javax.ws.rs-api-2.1.jar:/home/user/.m2/repository/org/glassfish/jersey/ext/cdi/jersey-cdi1x/2.27/jersey-cdi1x-2.27.jar:/home/user/.m2/repository/org/glassfish/jersey/inject/jersey-hk2/2.27/jersey-hk2-2.27.jar:/home/user/.m2/repository/org/glassfish/hk2/hk2-locator/2.5.0-b42/hk2-locator-2.5.0-b42.jar:/home/user/.m2/repository/org/javassist/javassist/3.22.0-CR2/javassist-3.22.0-CR2.jar:/home/user/.m2/repository/org/glassfish/hk2/hk2-api/2.5.0/hk2-api-2.5.0.jar:/home/user/.m2/repository/org/glassfish/hk2/external/jakarta.inject/2.5.0/jakarta.inject-2.5.0.jar:/home/user/.m2/repository/org/glassfish/hk2/hk2-utils/2.5.0/hk2-utils-2.5.0.jar:/home/user/.m2/repository/jakarta/annotation/jakarta.annotation-api/1.3.4/jakarta.annotation-api-1.3.4.jar:/home/user/.m2/repository/org/glassfish/hk2/external/aopalliance-repackaged/2.5.0/aopalliance-repackaged-2.5.0.jar:/home/user/.m2/repository/com/fasterxml/jackson/dataformat/jackson-dataformat-xml/2.9.0/jackson-dataformat-xml-2.9.0.jar:/home/user/.m2/repository/com/fasterxml/jackson/core/jackson-core/2.9.9/jackson-core-2.9.9.jar:/home/user/.m2/repository/com/fasterxml/jackson/module/jackson-module-jaxb-annotations/2.9.9/jackson-module-jaxb-annotations-2.9.9.jar:/home/user/.m2/repository/javax/enterprise/cdi-api/1.2/cdi-api-1.2.jar:/home/user/.m2/repository/javax/el/javax.el-api/3.0.0/javax.el-api-3.0.0.jar:/home/user/.m2/repository/javax/interceptor/javax.interceptor-api/1.2/javax.interceptor-api-1.2.jar:/home/user/.m2/repository/javax/inject/javax.inject/1/javax.inject-1.jar:/home/user/.m2/repository/com/sun/xml/bind/jaxb-impl/2.3.0.1/jaxb-impl-2.3.0.1.jar:/home/user/.m2/repository/com/sun/xml/bind/jaxb-core/2.3.0.1/jaxb-core-2.3.0.1.jar:/home/user/.m2/repository/javax/xml/bind/jaxb-api/2.3.0/jaxb-api-2.3.0.jar:/home/user/.m2/repository/javax/activation/activation/1.1.1/activation-1.1.1.jar:/home/user/.m2/repository/org/apache/hadoop/hadoop-ozone-csi/0.5.0-SNAPSHOT/hadoop-ozone-csi-0.5.0-SNAPSHOT.jar:/home/user/.m2/repository/com/google/protobuf/protobuf-java-util/3.5.1/protobuf-java-util-3.5.1.jar:/home/user/.m2/repository/org/apache/hadoop/hadoop-hdds-config/0.5.0-SNAPSHOT/hadoop-hdds-config-0.5.0-SNAPSHOT.jar:/home/user/.m2/repository/io/grpc/grpc-netty/1.17.1/grpc-netty-1.17.1.jar:/home/user/.m2/repository/io/grpc/grpc-core/1.17.1/grpc-core-1.17.1.jar:/home/user/.m2/repository/io/grpc/grpc-context/1.17.1/grpc-context-1.17.1.jar:/home/user/.m2/repository/com/google/errorprone/error_prone_annotations/2.2.0/error_prone_annotations-2.2.0.jar:/home/user/.m2/repository/org/codehaus/mojo/animal-sniffer-annotations/1.17/animal-sniffer-annotations-1.17.jar:/home/user/.m2/repository/io/opencensus/opencensus-api/0.17.0/opencensus-api-0.17.0.jar:/home/user/.m2/repository/io/opencensus/opencensus-contrib-grpc-metrics/0.17.0/opencensus-contrib-grpc-metrics-0.17.0.jar:/home/user/.m2/repository/io/netty/netty-codec-http2/4.1.30.Final/netty-codec-http2-4.1.30.Final.jar:/home/user/.m2/repository/io/netty/netty-codec-http/4.1.30.Final/netty-codec-http-4.1.30.Final.jar:/home/user/.m2/repository/io/netty/netty-codec/4.1.30.Final/netty-codec-4.1.30.Final.jar:/home/user/.m2/repository/io/netty/netty-handler/4.1.30.Final/netty-handler-4.1.30.Final.jar:/home/user/.m2/repository/io/netty/netty-handler-proxy/4.1.30.Final/netty-handler-proxy-4.1.30.Final.jar:/home/user/.m2/repository/io/netty/netty-codec-socks/4.1.30.Final/netty-codec-socks-4.1.30.Final.jar:/home/user/.m2/repository/io/netty/netty-transport-native-epoll/4.1.30.Final/netty-transport-native-epoll-4.1.30.Final.jar:/home/user/.m2/repository/io/netty/netty-common/4.1.30.Final/netty-common-4.1.30.Final.jar:/home/user/.m2/repository/io/netty/netty-buffer/4.1.30.Final/netty-buffer-4.1.30.Final.jar:/home/user/.m2/repository/io/netty/netty-transport/4.1.30.Final/netty-transport-4.1.30.Final.jar:/home/user/.m2/repository/io/netty/netty-resolver/4.1.30.Final/netty-resolver-4.1.30.Final.jar:/home/user/.m2/repository/io/netty/netty-transport-native-unix-common/4.1.30.Final/netty-transport-native-unix-common-4.1.30.Final.jar:/home/user/.m2/repository/io/grpc/grpc-protobuf/1.17.1/grpc-protobuf-1.17.1.jar:/home/user/.m2/repository/com/google/api/grpc/proto-google-common-protos/1.0.0/proto-google-common-protos-1.0.0.jar:/home/user/.m2/repository/io/grpc/grpc-protobuf-lite/1.17.1/grpc-protobuf-lite-1.17.1.jar:/home/user/.m2/repository/io/grpc/grpc-stub/1.17.1/grpc-stub-1.17.1.jar:/home/user/.m2/repository/org/apache/hadoop/hadoop-ozone-recon/0.5.0-SNAPSHOT/hadoop-ozone-recon-0.5.0-SNAPSHOT.jar:/home/user/.m2/repository/org/apache/hadoop/hadoop-ozone-reconcodegen/0.5.0-SNAPSHOT/hadoop-ozone-reconcodegen-0.5.0-SNAPSHOT.jar:/home/user/.m2/repository/com/google/inject/extensions/guice-multibindings/4.0/guice-multibindings-4.0.jar:/home/user/.m2/repository/com/google/inject/guice/4.0/guice-4.0.jar:/home/user/.m2/repository/aopalliance/aopalliance/1.0/aopalliance-1.0.jar:/home/user/.m2/repository/com/google/inject/extensions/guice-servlet/4.0/guice-servlet-4.0.jar:/home/user/.m2/repository/org/glassfish/jersey/containers/jersey-container-servlet/2.27/jersey-container-servlet-2.27.jar:/home/user/.m2/repository/org/glassfish/hk2/guice-bridge/2.5.0/guice-bridge-2.5.0.jar:/home/user/.m2/repository/org/glassfish/jersey/core/jersey-server/2.27/jersey-server-2.27.jar:/home/user/.m2/repository/org/glassfish/jersey/core/jersey-client/2.27/jersey-client-2.27.jar:/home/user/.m2/repository/org/glassfish/jersey/media/jersey-media-jaxb/2.27/jersey-media-jaxb-2.27.jar:/home/user/.m2/repository/javax/validation/validation-api/1.1.0.Final/validation-api-1.1.0.Final.jar:/home/user/.m2/repository/org/glassfish/jersey/media/jersey-media-json-jackson/2.27/jersey-media-json-jackson-2.27.jar:/home/user/.m2/repository/org/glassfish/jersey/ext/jersey-entity-filtering/2.27/jersey-entity-filtering-2.27.jar:/home/user/.m2/repository/com/google/inject/extensions/guice-assistedinject/4.0/guice-assistedinject-4.0.jar:/home/user/.m2/repository/org/jooq/jooq/3.11.10/jooq-3.11.10.jar:/home/user/.m2/repository/org/jooq/jooq-meta/3.11.10/jooq-meta-3.11.10.jar:/home/user/.m2/repository/org/jooq/jooq-codegen/3.11.10/jooq-codegen-3.11.10.jar:/home/user/.m2/repository/com/jolbox/bonecp/0.8.0.RELEASE/bonecp-0.8.0.RELEASE.jar:/home/user/.m2/repository/org/xerial/sqlite-jdbc/3.25.2/sqlite-jdbc-3.25.2.jar:/home/user/.m2/repository/org/springframework/spring-jdbc/5.1.3.RELEASE/spring-jdbc-5.1.3.RELEASE.jar:/home/user/.m2/repository/org/springframework/spring-beans/5.1.3.RELEASE/spring-beans-5.1.3.RELEASE.jar:/home/user/.m2/repository/org/springframework/spring-core/5.1.3.RELEASE/spring-core-5.1.3.RELEASE.jar:/home/user/.m2/repository/org/springframework/spring-jcl/5.1.3.RELEASE/spring-jcl-5.1.3.RELEASE.jar:/home/user/.m2/repository/org/springframework/spring-tx/5.1.3.RELEASE/spring-tx-5.1.3.RELEASE.jar:/home/user/.m2/repository/org/apache/hadoop/hadoop-ozone-client/0.5.0-SNAPSHOT/hadoop-ozone-client-0.5.0-SNAPSHOT.jar:/home/user/.m2/repository/commons-lang/commons-lang/2.6/commons-lang-2.6.jar:/home/user/.m2/repository/org/apache/hadoop/hadoop-ozone-ozone-manager/0.5.0-SNAPSHOT/hadoop-ozone-ozone-manager-0.5.0-SNAPSHOT-tests.jar:/home/user/.m2/repository/junit/junit/4.11/junit-4.11.jar:/home/user/.m2/repository/org/hamcrest/hamcrest-core/1.3/hamcrest-core-1.3.jar:/home/user/.m2/repository/org/openjdk/jmh/jmh-core/1.19/jmh-core-1.19.jar:/home/user/.m2/repository/net/sf/jopt-simple/jopt-simple/4.6/jopt-simple-4.6.jar:/home/user/.m2/repository/org/apache/commons/commons-math3/3.1.1/commons-math3-3.1.1.jar:/home/user/.m2/repository/org/openjdk/jmh/jmh-generator-annprocess/1.19/jmh-generator-annprocess-1.19.jar:/home/user/.m2/repository/org/mockito/mockito-all/1.8.5/mockito-all-1.8.5.jar:/home/user/.m2/repository/org/apache/hadoop/hadoop-kms/3.2.0/hadoop-kms-3.2.0.jar:/home/user/.m2/repository/org/apache/hadoop/hadoop-auth/3.2.0/hadoop-auth-3.2.0.jar:/home/user/.m2/repository/com/nimbusds/nimbus-jose-jwt/4.41.1/nimbus-jose-jwt-4.41.1.jar:/home/user/.m2/repository/com/github/stephenc/jcip/jcip-annotations/1.0-1/jcip-annotations-1.0-1.jar:/home/user/.m2/repository/net/minidev/json-smart/2.3/json-smart-2.3.jar:/home/user/.m2/repository/net/minidev/accessors-smart/1.2/accessors-smart-1.2.jar:/home/user/.m2/repository/org/ow2/asm/asm/5.0.4/asm-5.0.4.jar:/home/user/.m2/repository/org/apache/curator/curator-framework/2.12.0/curator-framework-2.12.0.jar:/home/user/.m2/repository/com/sun/jersey/jersey-core/1.19/jersey-core-1.19.jar:/home/user/.m2/repository/javax/ws/rs/jsr311-api/1.1.1/jsr311-api-1.1.1.jar:/home/user/.m2/repository/com/sun/jersey/jersey-server/1.19/jersey-server-1.19.jar:/home/user/.m2/repository/javax/servlet/javax.servlet-api/3.1.0/javax.servlet-api-3.1.0.jar:/home/user/.m2/repository/org/eclipse/jetty/jetty-server/9.3.25.v20180904/jetty-server-9.3.25.v20180904.jar:/home/user/.m2/repository/org/eclipse/jetty/jetty-http/9.3.25.v20180904/jetty-http-9.3.25.v20180904.jar:/home/user/.m2/repository/org/eclipse/jetty/jetty-io/9.3.25.v20180904/jetty-io-9.3.25.v20180904.jar:/home/user/.m2/repository/org/eclipse/jetty/jetty-webapp/9.3.25.v20180904/jetty-webapp-9.3.25.v20180904.jar:/home/user/.m2/repository/org/eclipse/jetty/jetty-xml/9.3.25.v20180904/jetty-xml-9.3.25.v20180904.jar:/home/user/.m2/repository/log4j/log4j/1.2.17/log4j-1.2.17.jar:/home/user/.m2/repository/org/slf4j/slf4j-api/1.7.25/slf4j-api-1.7.25.jar:/home/user/.m2/repository/org/slf4j/jul-to-slf4j/1.7.25/jul-to-slf4j-1.7.25.jar:/home/user/.m2/repository/org/eclipse/jetty/jetty-util/9.3.25.v20180904/jetty-util-9.3.25.v20180904.jar:/home/user/.m2/repository/com/fasterxml/jackson/core/jackson-databind/2.9.9/jackson-databind-2.9.9.jar:/home/user/.m2/repository/org/apache/hadoop/hadoop-kms/3.2.0/hadoop-kms-3.2.0-tests.jar:/home/user/.m2/repository/org/apache/hadoop/hadoop-hdds-server-scm/0.5.0-SNAPSHOT/hadoop-hdds-server-scm-0.5.0-SNAPSHOT-tests.jar:/home/user/.m2/repository/org/apache/hadoop/hadoop-hdds-container-service/0.5.0-SNAPSHOT/hadoop-hdds-container-service-0.5.0-SNAPSHOT-tests.jar:/home/user/.m2/repository/org/yaml/snakeyaml/1.16/snakeyaml-1.16.jar:/home/user/.m2/repository/org/apache/hadoop/hadoop-common/3.2.0/hadoop-common-3.2.0-tests.jar:/home/user/.m2/repository/org/apache/hadoop/hadoop-annotations/3.2.0/hadoop-annotations-3.2.0.jar:/usr/lib/jvm/java-1.8-openjdk/jre/../lib/tools.jar:/home/user/.m2/repository/commons-cli/commons-cli/1.2/commons-cli-1.2.jar:/home/user/.m2/repository/org/apache/httpcomponents/httpclient/4.5.2/httpclient-4.5.2.jar:/home/user/.m2/repository/org/apache/httpcomponents/httpcore/4.4.4/httpcore-4.4.4.jar:/home/user/.m2/repository/commons-codec/commons-codec/1.11/commons-codec-1.11.jar:/home/user/.m2/repository/commons-net/commons-net/3.6/commons-net-3.6.jar:/home/user/.m2/repository/commons-collections/commons-collections/3.2.2/commons-collections-3.2.2.jar:/home/user/.m2/repository/org/eclipse/jetty/jetty-servlet/9.3.25.v20180904/jetty-servlet-9.3.25.v20180904.jar:/home/user/.m2/repository/org/eclipse/jetty/jetty-security/9.3.25.v20180904/jetty-security-9.3.25.v20180904.jar:/home/user/.m2/repository/javax/servlet/jsp/jsp-api/2.1/jsp-api-2.1.jar:/home/user/.m2/repository/com/sun/jersey/jersey-servlet/1.19/jersey-servlet-1.19.jar:/home/user/.m2/repository/com/sun/jersey/jersey-json/1.19/jersey-json-1.19.jar:/home/user/.m2/repository/org/codehaus/jettison/jettison/1.1/jettison-1.1.jar:/home/user/.m2/repository/org/codehaus/jackson/jackson-core-asl/1.9.13/jackson-core-asl-1.9.13.jar:/home/user/.m2/repository/org/codehaus/jackson/jackson-mapper-asl/1.9.13/jackson-mapper-asl-1.9.13.jar:/home/user/.m2/repository/org/codehaus/jackson/jackson-jaxrs/1.9.13/jackson-jaxrs-1.9.13.jar:/home/user/.m2/repository/org/codehaus/jackson/jackson-xc/1.9.13/jackson-xc-1.9.13.jar:/home/user/.m2/repository/commons-logging/commons-logging/1.1.3/commons-logging-1.1.3.jar:/home/user/.m2/repository/commons-beanutils/commons-beanutils/1.9.4/commons-beanutils-1.9.4.jar:/home/user/.m2/repository/org/apache/commons/commons-configuration2/2.1.1/commons-configuration2-2.1.1.jar:/home/user/.m2/repository/org/apache/commons/commons-lang3/3.7/commons-lang3-3.7.jar:/home/user/.m2/repository/org/apache/commons/commons-text/1.4/commons-text-1.4.jar:/home/user/.m2/repository/org/apache/avro/avro/1.7.7/avro-1.7.7.jar:/home/user/.m2/repository/com/thoughtworks/paranamer/paranamer/2.3/paranamer-2.3.jar:/home/user/.m2/repository/org/xerial/snappy/snappy-java/1.0.5/snappy-java-1.0.5.jar:/home/user/.m2/repository/com/google/re2j/re2j/1.1/re2j-1.1.jar:/home/user/.m2/repository/com/google/code/gson/gson/2.2.4/gson-2.2.4.jar:/home/user/.m2/repository/com/jcraft/jsch/0.1.54/jsch-0.1.54.jar:/home/user/.m2/repository/org/apache/curator/curator-client/2.12.0/curator-client-2.12.0.jar:/home/user/.m2/repository/org/apache/curator/curator-recipes/2.12.0/curator-recipes-2.12.0.jar:/home/user/.m2/repository/com/google/code/findbugs/jsr305/3.0.0/jsr305-3.0.0.jar:/home/user/.m2/repository/org/apache/htrace/htrace-core4/4.1.0-incubating/htrace-core4-4.1.0-incubating.jar:/home/user/.m2/repository/org/apache/zookeeper/zookeeper/3.4.13/zookeeper-3.4.13.jar:/home/user/.m2/repository/jline/jline/0.9.94/jline-0.9.94.jar:/home/user/.m2/repository/org/apache/yetus/audience-annotations/0.5.0/audience-annotations-0.5.0.jar:/home/user/.m2/repository/org/codehaus/woodstox/stax2-api/3.1.4/stax2-api-3.1.4.jar:/home/user/.m2/repository/com/fasterxml/woodstox/woodstox-core/5.0.3/woodstox-core-5.0.3.jar:/home/user/.m2/repository/dnsjava/dnsjava/2.1.7/dnsjava-2.1.7.jar:/home/user/.m2/repository/org/apache/hadoop/hadoop-hdfs/3.2.0/hadoop-hdfs-3.2.0-tests.jar:/home/user/.m2/repository/org/eclipse/jetty/jetty-util-ajax/9.3.25.v20180904/jetty-util-ajax-9.3.25.v20180904.jar:/home/user/.m2/repository/commons-daemon/commons-daemon/1.0.13/commons-daemon-1.0.13.jar:/home/user/.m2/repository/io/netty/netty/3.10.5.Final/netty-3.10.5.Final.jar:/home/user/.m2/repository/io/netty/netty-all/4.0.52.Final/netty-all-4.0.52.Final.jar:/home/user/.m2/repository/org/fusesource/leveldbjni/leveldbjni-all/1.8/leveldbjni-all-1.8.jar:"/>
    <property name="sun.cpu.endian" value="little"/>
    <property name="user.home" value="/home/user"/>
    <property name="user.language" value="en"/>
    <property name="java.specification.vendor" value="Oracle Corporation"/>
    <property name="java.home" value="/usr/lib/jvm/java-1.8-openjdk/jre"/>
    <property name="java.security.krb5.conf" value="/workdir/hadoop-ozone/integration-test/target/test-classes/krb5.conf"/>
    <property name="basedir" value="/workdir/hadoop-ozone/integration-test"/>
    <property name="file.separator" value="/"/>
    <property name="line.separator" value="&#10;"/>
    <property name="java.vm.specification.vendor" value="Oracle Corporation"/>
    <property name="java.specification.name" value="Java Platform API Specification"/>
    <property name="java.awt.graphicsenv" value="sun.awt.X11GraphicsEnvironment"/>
    <property name="surefire.real.class.path" value="/workdir/hadoop-ozone/integration-test/target/surefire/surefirebooter5316363764642217765.jar"/>
    <property name="hadoop.log.dir" value="/workdir/hadoop-ozone/integration-test/target/log"/>
    <property name="sun.boot.class.path" value="/usr/lib/jvm/java-1.8-openjdk/jre/lib/resources.jar:/usr/lib/jvm/java-1.8-openjdk/jre/lib/rt.jar:/usr/lib/jvm/java-1.8-openjdk/jre/lib/sunrsasign.jar:/usr/lib/jvm/java-1.8-openjdk/jre/lib/jsse.jar:/usr/lib/jvm/java-1.8-openjdk/jre/lib/jce.jar:/usr/lib/jvm/java-1.8-openjdk/jre/lib/charsets.jar:/usr/lib/jvm/java-1.8-openjdk/jre/lib/jfr.jar:/usr/lib/jvm/java-1.8-openjdk/jre/classes"/>
    <property name="sun.management.compiler" value="HotSpot 64-Bit Tiered Compilers"/>
    <property name="java.runtime.version" value="1.8.0_212-b04"/>
    <property name="java.net.preferIPv4Stack" value="true"/>
    <property name="user.name" value="jenkins1000"/>
    <property name="path.separator" value=":"/>
    <property name="java.security.egd" value="file:///dev/urandom"/>
    <property name="os.version" value="3.10.0-957.12.2.el7.x86_64"/>
    <property name="java.endorsed.dirs" value="/usr/lib/jvm/java-1.8-openjdk/jre/lib/endorsed"/>
    <property name="java.runtime.name" value="OpenJDK Runtime Environment"/>
    <property name="file.encoding" value="UTF-8"/>
    <property name="java.vm.name" value="OpenJDK 64-Bit Server VM"/>
    <property name="test.build.webapps" value=""/>
    <property name="localRepository" value="/home/user/.m2/repository"/>
    <property name="java.vendor.url.bug" value="https://icedtea.classpath.org/bugzilla"/>
    <property name="java.io.tmpdir" value="/tmp"/>
    <property name="require.test.libhadoop" value=""/>
    <property name="java.version" value="1.8.0_212"/>
    <property name="user.dir" value="/workdir/hadoop-ozone/integration-test"/>
    <property name="os.arch" value="amd64"/>
    <property name="java.vm.specification.name" value="Java Virtual Machine Specification"/>
    <property name="test.build.classes" value="/workdir/hadoop-ozone/integration-test/target/test-classes"/>
    <property name="java.awt.printerjob" value="sun.print.PSPrinterJob"/>
    <property name="sun.os.patch.level" value="unknown"/>
    <property name="hadoop.tmp.dir" value="/workdir/hadoop-ozone/integration-test/target/tmp"/>
    <property name="java.library.path" value="/usr/lib/jvm/java-1.8-openjdk/jre/lib/amd64/server:/usr/lib/jvm/java-1.8-openjdk/jre/lib/amd64:/usr/lib/jvm/java-1.8-openjdk/jre/../lib/amd64:/workdir/hadoop-ozone/integration-test/target/native/target/usr/local/lib:/workdir/hadoop-ozone/integration-test/../../hadoop-common-project/hadoop-common/target/native/target/usr/local/lib:/usr/java/packages/lib/amd64:/usr/lib64:/lib64:/lib:/usr/lib"/>
    <property name="java.vm.info" value="mixed mode"/>
    <property name="java.vendor" value="IcedTea"/>
    <property name="java.vm.version" value="25.212-b04"/>
    <property name="java.ext.dirs" value="/usr/lib/jvm/java-1.8-openjdk/jre/lib/ext:/usr/java/packages/lib/ext"/>
    <property name="sun.io.unicode.encoding" value="UnicodeLittle"/>
    <property name="java.class.version" value="52.0"/>
  </properties>
  <testcase name="testWatchForCommitWithKeyWrite" classname="org.apache.hadoop.ozone.client.rpc.TestWatchForCommit" time="77.493"/>
  <testcase name="testWatchForCommitWithSmallerTimeoutValue" classname="org.apache.hadoop.ozone.client.rpc.TestWatchForCommit" time="42.81"/>
  <testcase name="testWatchForCommitForRetryfailure" classname="org.apache.hadoop.ozone.client.rpc.TestWatchForCommit" time="72.116"/>
  <testcase name="testWatchForCommitForGroupMismatchException" classname="org.apache.hadoop.ozone.client.rpc.TestWatchForCommit" time="32.303"/>
  <testcase name="test2WayCommitForTimeoutException" classname="org.apache.hadoop.ozone.client.rpc.TestWatchForCommit" time="22.557">
    <error type="java.util.concurrent.TimeoutException">java.util.concurrent.TimeoutException
	at java.util.concurrent.CompletableFuture.timedGet(CompletableFuture.java:1771)
	at java.util.concurrent.CompletableFuture.get(CompletableFuture.java:1915)
	at org.apache.hadoop.hdds.scm.XceiverClientRatis.watchForCommit(XceiverClientRatis.java:298)
	at org.apache.hadoop.ozone.client.rpc.TestWatchForCommit.test2WayCommitForTimeoutException(TestWatchForCommit.java:391)
	at sun.reflect.NativeMethodAccessorImpl.invoke0(Native Method)
	at sun.reflect.NativeMethodAccessorImpl.invoke(NativeMethodAccessorImpl.java:62)
	at sun.reflect.DelegatingMethodAccessorImpl.invoke(DelegatingMethodAccessorImpl.java:43)
	at java.lang.reflect.Method.invoke(Method.java:498)
	at org.junit.runners.model.FrameworkMethod$1.runReflectiveCall(FrameworkMethod.java:47)
	at org.junit.internal.runners.model.ReflectiveCallable.run(ReflectiveCallable.java:12)
	at org.junit.runners.model.FrameworkMethod.invokeExplosively(FrameworkMethod.java:44)
	at org.junit.internal.runners.statements.InvokeMethod.evaluate(InvokeMethod.java:17)
	at org.junit.runners.ParentRunner.runLeaf(ParentRunner.java:271)
	at org.junit.runners.BlockJUnit4ClassRunner.runChild(BlockJUnit4ClassRunner.java:70)
	at org.junit.runners.BlockJUnit4ClassRunner.runChild(BlockJUnit4ClassRunner.java:50)
	at org.junit.runners.ParentRunner$3.run(ParentRunner.java:238)
	at org.junit.runners.ParentRunner$1.schedule(ParentRunner.java:63)
	at org.junit.runners.ParentRunner.runChildren(ParentRunner.java:236)
	at org.junit.runners.ParentRunner.access$000(ParentRunner.java:53)
	at org.junit.runners.ParentRunner$2.evaluate(ParentRunner.java:229)
	at org.junit.runners.ParentRunner.run(ParentRunner.java:309)
	at org.apache.maven.surefire.junit4.JUnit4Provider.execute(JUnit4Provider.java:365)
	at org.apache.maven.surefire.junit4.JUnit4Provider.executeWithRerun(JUnit4Provider.java:273)
	at org.apache.maven.surefire.junit4.JUnit4Provider.executeTestSet(JUnit4Provider.java:238)
	at org.apache.maven.surefire.junit4.JUnit4Provider.invoke(JUnit4Provider.java:159)
	at org.apache.maven.surefire.booter.ForkedBooter.invokeProviderInSameClassLoader(ForkedBooter.java:384)
	at org.apache.maven.surefire.booter.ForkedBooter.runSuitesInProcess(ForkedBooter.java:345)
	at org.apache.maven.surefire.booter.ForkedBooter.execute(ForkedBooter.java:126)
	at org.apache.maven.surefire.booter.ForkedBooter.main(ForkedBooter.java:418)
</error>
    <system-out><![CDATA[2019-10-02 06:40:15,367 [main] WARN  server.ServerUtils (ServerUtils.java:getScmDbDir(145)) - ozone.scm.db.dirs is not configured. We recommend adding this setting. Falling back to ozone.metadata.dirs instead.
2019-10-02 06:40:15,383 [main] WARN  server.ServerUtils (ServerUtils.java:getScmDbDir(145)) - ozone.scm.db.dirs is not configured. We recommend adding this setting. Falling back to ozone.metadata.dirs instead.
2019-10-02 06:40:15,383 [main] WARN  server.ServerUtils (ServerUtils.java:getScmDbDir(145)) - ozone.scm.db.dirs is not configured. We recommend adding this setting. Falling back to ozone.metadata.dirs instead.
2019-10-02 06:40:15,384 [main] INFO  db.DBStoreBuilder (DBStoreBuilder.java:addTable(110)) - using custom profile for table: deletedBlocks
2019-10-02 06:40:15,384 [main] INFO  db.DBStoreBuilder (DBStoreBuilder.java:processTables(161)) - Using default column profile:DBProfile.DISK for Table:deletedBlocks
2019-10-02 06:40:15,384 [main] INFO  db.DBStoreBuilder (DBStoreBuilder.java:addTable(110)) - using custom profile for table: validCerts
2019-10-02 06:40:15,384 [main] INFO  db.DBStoreBuilder (DBStoreBuilder.java:processTables(161)) - Using default column profile:DBProfile.DISK for Table:validCerts
2019-10-02 06:40:15,384 [main] INFO  db.DBStoreBuilder (DBStoreBuilder.java:addTable(110)) - using custom profile for table: revokedCerts
2019-10-02 06:40:15,384 [main] INFO  db.DBStoreBuilder (DBStoreBuilder.java:processTables(161)) - Using default column profile:DBProfile.DISK for Table:revokedCerts
2019-10-02 06:40:15,385 [main] INFO  db.DBStoreBuilder (DBStoreBuilder.java:addTable(110)) - using custom profile for table: default
2019-10-02 06:40:15,385 [main] INFO  db.DBStoreBuilder (DBStoreBuilder.java:processTables(167)) - Using default column profile:DBProfile.DISK for Table:default
2019-10-02 06:40:15,385 [main] INFO  db.DBStoreBuilder (DBStoreBuilder.java:getDbProfile(198)) - Using default options. DBProfile.DISK
2019-10-02 06:40:15,615 [main] INFO  net.NodeSchemaLoader (NodeSchemaLoader.java:loadSchemaFromFile(125)) - Loading file from sun.misc.CompoundEnumeration@7aea704c
2019-10-02 06:40:15,615 [main] INFO  net.NodeSchemaLoader (NodeSchemaLoader.java:loadSchema(171)) - Loading network topology layer schema file
2019-10-02 06:40:15,619 [main] WARN  server.ServerUtils (ServerUtils.java:sanitizeUserArgs(70)) - ozone.scm.stale.node.interval value = 300000 is larger than max = 100000 based on the key value of ozone.scm.heartbeat.thread.interval, reset to the max value 100000.
2019-10-02 06:40:15,619 [main] WARN  server.ServerUtils (ServerUtils.java:sanitizeUserArgs(70)) - ozone.scm.stale.node.interval value = 300000 is larger than max = 100000 based on the key value of ozone.scm.heartbeat.thread.interval, reset to the max value 100000.
2019-10-02 06:40:15,619 [main] INFO  node.SCMNodeManager (SCMNodeManager.java:<init>(114)) - Entering startup safe mode.
2019-10-02 06:40:15,620 [main] INFO  algorithms.ContainerPlacementPolicyFactory (ContainerPlacementPolicyFactory.java:getPolicy(57)) - Create container placement policy of type org.apache.hadoop.hdds.scm.container.placement.algorithms.SCMContainerPlacementRandom
2019-10-02 06:40:15,620 [main] WARN  server.ServerUtils (ServerUtils.java:getScmDbDir(145)) - ozone.scm.db.dirs is not configured. We recommend adding this setting. Falling back to ozone.metadata.dirs instead.
2019-10-02 06:40:15,698 [main] INFO  pipeline.SCMPipelineManager (SCMPipelineManager.java:initializePipelineState(132)) - No pipeline exists in current db
2019-10-02 06:40:15,698 [main] WARN  server.ServerUtils (ServerUtils.java:getScmDbDir(145)) - ozone.scm.db.dirs is not configured. We recommend adding this setting. Falling back to ozone.metadata.dirs instead.
2019-10-02 06:40:15,761 [main] WARN  events.EventQueue (EventQueue.java:fireEvent(183)) - No event handler registered for event TypedEvent{payloadType=SafeModeStatus, name='SafeModeStatus'}
2019-10-02 06:40:15,762 [main] INFO  ipc.CallQueueManager (CallQueueManager.java:<init>(84)) - Using callQueue: class java.util.concurrent.LinkedBlockingQueue, queueCapacity: 2000, scheduler: class org.apache.hadoop.ipc.DefaultRpcScheduler, ipcBackoff: false.
2019-10-02 06:40:15,763 [Socket Reader #1 for port 34568] INFO  ipc.Server (Server.java:run(1074)) - Starting Socket Reader #1 for port 34568
2019-10-02 06:40:15,765 [main] INFO  ipc.CallQueueManager (CallQueueManager.java:<init>(84)) - Using callQueue: class java.util.concurrent.LinkedBlockingQueue, queueCapacity: 2000, scheduler: class org.apache.hadoop.ipc.DefaultRpcScheduler, ipcBackoff: false.
2019-10-02 06:40:15,766 [Socket Reader #1 for port 37877] INFO  ipc.Server (Server.java:run(1074)) - Starting Socket Reader #1 for port 37877
2019-10-02 06:40:15,767 [main] INFO  ipc.CallQueueManager (CallQueueManager.java:<init>(84)) - Using callQueue: class java.util.concurrent.LinkedBlockingQueue, queueCapacity: 2000, scheduler: class org.apache.hadoop.ipc.DefaultRpcScheduler, ipcBackoff: false.
2019-10-02 06:40:15,768 [Socket Reader #1 for port 38393] INFO  ipc.Server (Server.java:run(1074)) - Starting Socket Reader #1 for port 38393
2019-10-02 06:40:15,771 [main] INFO  hdfs.DFSUtil (DFSUtil.java:httpServerTemplateForNNAndJN(1641)) - Starting Web-server for scm at: http://0.0.0.0:0
2019-10-02 06:40:15,774 [main] INFO  server.AuthenticationFilter (AuthenticationFilter.java:constructSecretProvider(240)) - Unable to initialize FileSignerSecretProvider, falling back to use random secrets.
2019-10-02 06:40:15,775 [main] WARN  http.HttpRequestLog (HttpRequestLog.java:getRequestLog(97)) - Jetty request log can only be enabled using Log4j
2019-10-02 06:40:15,777 [main] INFO  http.HttpServer2 (HttpServer2.java:addGlobalFilter(975)) - Added global filter 'safety' (class=org.apache.hadoop.http.HttpServer2$QuotingInputFilter)
2019-10-02 06:40:15,778 [main] INFO  http.HttpServer2 (HttpServer2.java:addFilter(948)) - Added filter static_user_filter (class=org.apache.hadoop.http.lib.StaticUserWebFilter$StaticUserFilter) to context scm
2019-10-02 06:40:15,778 [main] INFO  http.HttpServer2 (HttpServer2.java:addFilter(958)) - Added filter static_user_filter (class=org.apache.hadoop.http.lib.StaticUserWebFilter$StaticUserFilter) to context static
2019-10-02 06:40:15,778 [main] INFO  http.HttpServer2 (HttpServer2.java:addFilter(958)) - Added filter static_user_filter (class=org.apache.hadoop.http.lib.StaticUserWebFilter$StaticUserFilter) to context logs
2019-10-02 06:40:15,781 [main] INFO  server.StorageContainerManager (StorageContainerManager.java:start(770)) - StorageContainerLocationProtocol RPC server is listening at /0.0.0.0:38393
2019-10-02 06:40:15,784 [main] WARN  impl.MetricsConfig (MetricsConfig.java:loadFirst(134)) - Cannot locate configuration: tried hadoop-metrics2-storagecontainermanager.properties,hadoop-metrics2.properties
2019-10-02 06:40:15,785 [main] INFO  impl.MetricsSystemImpl (MetricsSystemImpl.java:startTimer(374)) - Scheduled Metric snapshot period at 10 second(s).
2019-10-02 06:40:15,785 [main] INFO  impl.MetricsSystemImpl (MetricsSystemImpl.java:start(191)) - StorageContainerManager metrics system started
2019-10-02 06:40:15,879 [main] WARN  impl.MetricsSystemImpl (MetricsSystemImpl.java:register(276)) - Sink prometheus already exists!
2019-10-02 06:40:15,975 [main] INFO  server.SCMClientProtocolServer (SCMClientProtocolServer.java:start(150)) - RPC server for Client  is listening at /0.0.0.0:38393
2019-10-02 06:40:15,975 [IPC Server Responder] INFO  ipc.Server (Server.java:run(1314)) - IPC Server Responder: starting
2019-10-02 06:40:15,975 [IPC Server listener on 38393] INFO  ipc.Server (Server.java:run(1153)) - IPC Server listener on 38393: starting
2019-10-02 06:40:15,979 [main] INFO  server.StorageContainerManager (StorageContainerManager.java:start(780)) - ScmBlockLocationProtocol RPC server is listening at /0.0.0.0:37877
2019-10-02 06:40:15,979 [main] INFO  server.SCMBlockProtocolServer (SCMBlockProtocolServer.java:start(146)) - RPC server for Block Protocol is listening at /0.0.0.0:37877
2019-10-02 06:40:15,980 [IPC Server Responder] INFO  ipc.Server (Server.java:run(1314)) - IPC Server Responder: starting
2019-10-02 06:40:15,980 [IPC Server listener on 37877] INFO  ipc.Server (Server.java:run(1153)) - IPC Server listener on 37877: starting
2019-10-02 06:40:15,996 [main] INFO  server.StorageContainerManager (StorageContainerManager.java:start(784)) - ScmDatanodeProtocl RPC server is listening at /0.0.0.0:34568
2019-10-02 06:40:15,996 [main] INFO  server.SCMDatanodeProtocolServer (SCMDatanodeProtocolServer.java:start(191)) - RPC server for DataNodes is listening at /0.0.0.0:34568
2019-10-02 06:40:15,996 [IPC Server Responder] INFO  ipc.Server (Server.java:run(1314)) - IPC Server Responder: starting
2019-10-02 06:40:15,996 [IPC Server listener on 34568] INFO  ipc.Server (Server.java:run(1153)) - IPC Server listener on 34568: starting
2019-10-02 06:40:15,999 [main] INFO  http.HttpServer2 (HttpServer2.java:bindListener(1191)) - Jetty bound to port 33889
2019-10-02 06:40:16,000 [main] INFO  server.Server (Server.java:doStart(351)) - jetty-9.3.25.v20180904, build timestamp: 2018-09-04T21:11:46Z, git hash: 3ce520221d0240229c862b122d2b06c12a625732
2019-10-02 06:40:16,002 [main] INFO  handler.ContextHandler (ContextHandler.java:doStart(781)) - Started o.e.j.s.ServletContextHandler@3a0aaaf0{/logs,file:///workdir/hadoop-ozone/integration-test/target/log,AVAILABLE}
2019-10-02 06:40:16,002 [main] INFO  handler.ContextHandler (ContextHandler.java:doStart(781)) - Started o.e.j.s.ServletContextHandler@5d9618f2{/static,file:///workdir/hadoop-ozone/integration-test/target/test-classes/webapps/static,AVAILABLE}
2019-10-02 06:40:16,007 [main] INFO  handler.ContextHandler (ContextHandler.java:doStart(781)) - Started o.e.j.w.WebAppContext@17c0274c{/,file:///workdir/hadoop-ozone/integration-test/target/test-classes/webapps/scm/,AVAILABLE}{/scm}
2019-10-02 06:40:16,009 [main] INFO  server.AbstractConnector (AbstractConnector.java:doStart(278)) - Started ServerConnector@87ed7dc{HTTP/1.1,[http/1.1]}{0.0.0.0:33889}
2019-10-02 06:40:16,009 [main] INFO  server.Server (Server.java:doStart(419)) - Started @225813ms
2019-10-02 06:40:16,009 [main] WARN  impl.MetricsSystemImpl (MetricsSystemImpl.java:register(276)) - Sink prometheus already exists!
2019-10-02 06:40:16,010 [main] INFO  server.BaseHttpServer (BaseHttpServer.java:updateConnectorAddress(215)) - HTTP server of SCM is listening at http://0.0.0.0:33889
2019-10-02 06:40:16,012 [main] WARN  server.ServerUtils (ServerUtils.java:getDBPath(222)) - ozone.om.db.dirs is not configured. We recommend adding this setting. Falling back to ozone.metadata.dirs instead.
2019-10-02 06:40:16,012 [org.apache.hadoop.util.JvmPauseMonitor$Monitor@5a05dd30] INFO  util.JvmPauseMonitor (JvmPauseMonitor.java:run(188)) - Starting JVM pause monitor
2019-10-02 06:40:16,020 [main] WARN  server.ServerUtils (ServerUtils.java:getDBPath(222)) - ozone.om.db.dirs is not configured. We recommend adding this setting. Falling back to ozone.metadata.dirs instead.
2019-10-02 06:40:16,020 [main] WARN  server.ServerUtils (ServerUtils.java:getDBPath(222)) - ozone.om.db.dirs is not configured. We recommend adding this setting. Falling back to ozone.metadata.dirs instead.
2019-10-02 06:40:16,021 [main] INFO  om.OzoneManager (OzoneManager.java:setOMNodeDetails(652)) - OM Service ID is not set. Setting it to the default ID: omServiceIdDefault
2019-10-02 06:40:16,021 [main] INFO  om.OzoneManager (OzoneManager.java:setOMNodeDetails(658)) - OM Node ID is not set. Setting it to the OmStorage's OmID: 22f1b0a7-d6b5-4b7d-bcf7-462bd63a7a9a
2019-10-02 06:40:16,021 [main] INFO  om.OzoneManager (OzoneManager.java:loadOMHAConfigs(609)) - Found matching OM address with OMServiceId: null, OMNodeId: null, RPC Address: localhost:0 and Ratis port: 9872
2019-10-02 06:40:16,028 [main] WARN  server.ServerUtils (ServerUtils.java:getDBPath(222)) - ozone.om.db.dirs is not configured. We recommend adding this setting. Falling back to ozone.metadata.dirs instead.
2019-10-02 06:40:16,028 [main] INFO  db.DBStoreBuilder (DBStoreBuilder.java:addTable(110)) - using custom profile for table: userTable
2019-10-02 06:40:16,028 [main] INFO  db.DBStoreBuilder (DBStoreBuilder.java:processTables(161)) - Using default column profile:DBProfile.DISK for Table:userTable
2019-10-02 06:40:16,028 [main] INFO  db.DBStoreBuilder (DBStoreBuilder.java:addTable(110)) - using custom profile for table: volumeTable
2019-10-02 06:40:16,029 [main] INFO  db.DBStoreBuilder (DBStoreBuilder.java:processTables(161)) - Using default column profile:DBProfile.DISK for Table:volumeTable
2019-10-02 06:40:16,029 [main] INFO  db.DBStoreBuilder (DBStoreBuilder.java:addTable(110)) - using custom profile for table: bucketTable
2019-10-02 06:40:16,029 [main] INFO  db.DBStoreBuilder (DBStoreBuilder.java:processTables(161)) - Using default column profile:DBProfile.DISK for Table:bucketTable
2019-10-02 06:40:16,029 [main] INFO  db.DBStoreBuilder (DBStoreBuilder.java:addTable(110)) - using custom profile for table: keyTable
2019-10-02 06:40:16,029 [main] INFO  db.DBStoreBuilder (DBStoreBuilder.java:processTables(161)) - Using default column profile:DBProfile.DISK for Table:keyTable
2019-10-02 06:40:16,030 [main] INFO  db.DBStoreBuilder (DBStoreBuilder.java:addTable(110)) - using custom profile for table: deletedTable
2019-10-02 06:40:16,030 [main] INFO  db.DBStoreBuilder (DBStoreBuilder.java:processTables(161)) - Using default column profile:DBProfile.DISK for Table:deletedTable
2019-10-02 06:40:16,030 [main] INFO  db.DBStoreBuilder (DBStoreBuilder.java:addTable(110)) - using custom profile for table: openKeyTable
2019-10-02 06:40:16,030 [main] INFO  db.DBStoreBuilder (DBStoreBuilder.java:processTables(161)) - Using default column profile:DBProfile.DISK for Table:openKeyTable
2019-10-02 06:40:16,030 [main] INFO  db.DBStoreBuilder (DBStoreBuilder.java:addTable(110)) - using custom profile for table: s3Table
2019-10-02 06:40:16,030 [main] INFO  db.DBStoreBuilder (DBStoreBuilder.java:processTables(161)) - Using default column profile:DBProfile.DISK for Table:s3Table
2019-10-02 06:40:16,031 [main] INFO  db.DBStoreBuilder (DBStoreBuilder.java:addTable(110)) - using custom profile for table: multipartInfoTable
2019-10-02 06:40:16,031 [main] INFO  db.DBStoreBuilder (DBStoreBuilder.java:processTables(161)) - Using default column profile:DBProfile.DISK for Table:multipartInfoTable
2019-10-02 06:40:16,031 [main] INFO  db.DBStoreBuilder (DBStoreBuilder.java:addTable(110)) - using custom profile for table: dTokenTable
2019-10-02 06:40:16,031 [main] INFO  db.DBStoreBuilder (DBStoreBuilder.java:processTables(161)) - Using default column profile:DBProfile.DISK for Table:dTokenTable
2019-10-02 06:40:16,031 [main] INFO  db.DBStoreBuilder (DBStoreBuilder.java:addTable(110)) - using custom profile for table: s3SecretTable
2019-10-02 06:40:16,031 [main] INFO  db.DBStoreBuilder (DBStoreBuilder.java:processTables(161)) - Using default column profile:DBProfile.DISK for Table:s3SecretTable
2019-10-02 06:40:16,032 [main] INFO  db.DBStoreBuilder (DBStoreBuilder.java:addTable(110)) - using custom profile for table: prefixTable
2019-10-02 06:40:16,032 [main] INFO  db.DBStoreBuilder (DBStoreBuilder.java:processTables(161)) - Using default column profile:DBProfile.DISK for Table:prefixTable
2019-10-02 06:40:16,032 [main] INFO  db.DBStoreBuilder (DBStoreBuilder.java:addTable(110)) - using custom profile for table: default
2019-10-02 06:40:16,032 [main] INFO  db.DBStoreBuilder (DBStoreBuilder.java:processTables(167)) - Using default column profile:DBProfile.DISK for Table:default
2019-10-02 06:40:16,032 [main] INFO  db.DBStoreBuilder (DBStoreBuilder.java:getDbProfile(198)) - Using default options. DBProfile.DISK
2019-10-02 06:40:16,622 [main] INFO  ipc.CallQueueManager (CallQueueManager.java:<init>(84)) - Using callQueue: class java.util.concurrent.LinkedBlockingQueue, queueCapacity: 2000, scheduler: class org.apache.hadoop.ipc.DefaultRpcScheduler, ipcBackoff: false.
2019-10-02 06:40:16,622 [Socket Reader #1 for port 35020] INFO  ipc.Server (Server.java:run(1074)) - Starting Socket Reader #1 for port 35020
2019-10-02 06:40:16,634 [main] INFO  om.OzoneManager (OzoneManager.java:start(1243)) - OzoneManager RPC server is listening at localhost/127.0.0.1:35020
2019-10-02 06:40:16,634 [main] INFO  impl.MetricsSystemImpl (MetricsSystemImpl.java:init(158)) - OzoneManager metrics system started (again)
2019-10-02 06:40:16,635 [IPC Server Responder] INFO  ipc.Server (Server.java:run(1314)) - IPC Server Responder: starting
2019-10-02 06:40:16,635 [IPC Server listener on 35020] INFO  ipc.Server (Server.java:run(1153)) - IPC Server listener on 35020: starting
2019-10-02 06:40:16,639 [main] INFO  hdfs.DFSUtil (DFSUtil.java:httpServerTemplateForNNAndJN(1641)) - Starting Web-server for ozoneManager at: http://0.0.0.0:0
2019-10-02 06:40:16,640 [main] INFO  server.AuthenticationFilter (AuthenticationFilter.java:constructSecretProvider(240)) - Unable to initialize FileSignerSecretProvider, falling back to use random secrets.
2019-10-02 06:40:16,640 [main] WARN  http.HttpRequestLog (HttpRequestLog.java:getRequestLog(97)) - Jetty request log can only be enabled using Log4j
2019-10-02 06:40:16,642 [main] INFO  http.HttpServer2 (HttpServer2.java:addGlobalFilter(975)) - Added global filter 'safety' (class=org.apache.hadoop.http.HttpServer2$QuotingInputFilter)
2019-10-02 06:40:16,642 [main] INFO  http.HttpServer2 (HttpServer2.java:addFilter(948)) - Added filter static_user_filter (class=org.apache.hadoop.http.lib.StaticUserWebFilter$StaticUserFilter) to context ozoneManager
2019-10-02 06:40:16,642 [main] INFO  http.HttpServer2 (HttpServer2.java:addFilter(958)) - Added filter static_user_filter (class=org.apache.hadoop.http.lib.StaticUserWebFilter$StaticUserFilter) to context logs
2019-10-02 06:40:16,642 [main] INFO  http.HttpServer2 (HttpServer2.java:addFilter(958)) - Added filter static_user_filter (class=org.apache.hadoop.http.lib.StaticUserWebFilter$StaticUserFilter) to context static
2019-10-02 06:40:16,643 [main] INFO  http.HttpServer2 (HttpServer2.java:bindListener(1191)) - Jetty bound to port 42166
2019-10-02 06:40:16,643 [main] INFO  server.Server (Server.java:doStart(351)) - jetty-9.3.25.v20180904, build timestamp: 2018-09-04T21:11:46Z, git hash: 3ce520221d0240229c862b122d2b06c12a625732
2019-10-02 06:40:16,644 [main] INFO  handler.ContextHandler (ContextHandler.java:doStart(781)) - Started o.e.j.s.ServletContextHandler@6b27b2d0{/logs,file:///workdir/hadoop-ozone/integration-test/target/log,AVAILABLE}
2019-10-02 06:40:16,644 [main] INFO  handler.ContextHandler (ContextHandler.java:doStart(781)) - Started o.e.j.s.ServletContextHandler@118041c7{/static,file:///workdir/hadoop-ozone/integration-test/target/test-classes/webapps/static,AVAILABLE}
2019-10-02 06:40:16,647 [main] INFO  handler.ContextHandler (ContextHandler.java:doStart(781)) - Started o.e.j.w.WebAppContext@28fc1132{/,file:///workdir/hadoop-ozone/integration-test/target/test-classes/webapps/ozoneManager/,AVAILABLE}{/ozoneManager}
2019-10-02 06:40:16,648 [main] INFO  server.AbstractConnector (AbstractConnector.java:doStart(278)) - Started ServerConnector@355ce6a6{HTTP/1.1,[http/1.1]}{0.0.0.0:42166}
2019-10-02 06:40:16,648 [main] INFO  server.Server (Server.java:doStart(419)) - Started @226452ms
2019-10-02 06:40:16,648 [main] WARN  impl.MetricsSystemImpl (MetricsSystemImpl.java:register(276)) - Sink prometheus already exists!
2019-10-02 06:40:16,649 [main] INFO  server.BaseHttpServer (BaseHttpServer.java:updateConnectorAddress(215)) - HTTP server of OZONEMANAGER is listening at http://0.0.0.0:42166
2019-10-02 06:40:16,661 [main] INFO  impl.MetricsSystemImpl (MetricsSystemImpl.java:init(158)) - HddsDatanode metrics system started (again)
2019-10-02 06:40:16,664 [main] INFO  ozone.HddsDatanodeService (HddsDatanodeService.java:start(184)) - HddsDatanodeService host:pr-hdds-2228-gv788-2265516943 ip:192.168.151.100
2019-10-02 06:40:16,670 [main] INFO  volume.HddsVolume (HddsVolume.java:<init>(176)) - Creating Volume: /workdir/hadoop-ozone/integration-test/target/test-dir/MiniOzoneClusterImpl-bca770e2-21f3-4205-a110-13506e76e1ee/datanode-0/data/containers/hdds of  storage type : DISK and capacity : 1482555576320
2019-10-02 06:40:16,670 [main] INFO  volume.VolumeSet (VolumeSet.java:initializeVolumeSet(170)) - Added Volume : /workdir/hadoop-ozone/integration-test/target/test-dir/MiniOzoneClusterImpl-bca770e2-21f3-4205-a110-13506e76e1ee/datanode-0/data/containers/hdds to VolumeSet
2019-10-02 06:40:16,670 [main] INFO  volume.ThrottledAsyncChecker (ThrottledAsyncChecker.java:schedule(139)) - Scheduling a check for org.apache.hadoop.ozone.container.common.volume.HddsVolume@e62319f
2019-10-02 06:40:16,672 [main] INFO  volume.HddsVolumeChecker (HddsVolumeChecker.java:checkAllVolumes(202)) - Scheduled health check for volume org.apache.hadoop.ozone.container.common.volume.HddsVolume@e62319f
2019-10-02 06:40:16,687 [main] INFO  impl.RaftServerProxy (ConfUtils.java:logGet(43)) - raft.rpc.type = GRPC (default)
2019-10-02 06:40:16,687 [main] INFO  grpc.GrpcFactory (GrpcFactory.java:checkPooledByteBufAllocatorUseCacheForAllThreads(45)) - PERFORMANCE WARNING: useCacheForAllThreads is true that may cause Netty to create a lot garbage objects and, as a result, trigger GC.
	It is recommended to disable useCacheForAllThreads by setting -Dorg.apache.ratis.thirdparty.io.netty.allocator.useCacheForAllThreads=false in command line.
2019-10-02 06:40:16,687 [main] INFO  grpc.GrpcConfigKeys$Server (ConfUtils.java:logGet(43)) - raft.grpc.server.port = 0 (default)
2019-10-02 06:40:16,688 [main] INFO  server.GrpcService (ConfUtils.java:logGet(43)) - raft.grpc.message.size.max = 33570816 (custom)
2019-10-02 06:40:16,688 [main] INFO  server.RaftServerConfigKeys (ConfUtils.java:logGet(43)) - raft.server.log.appender.buffer.byte-limit = 33554432 (custom)
2019-10-02 06:40:16,688 [main] INFO  server.GrpcService (ConfUtils.java:logGet(43)) - raft.grpc.flow.control.window = 1MB (=1048576) (default)
2019-10-02 06:40:16,688 [main] INFO  server.RaftServerConfigKeys (ConfUtils.java:logGet(43)) - raft.server.rpc.request.timeout = 3000ms (default)
2019-10-02 06:40:16,689 [main] INFO  server.RaftServerConfigKeys (ConfUtils.java:logGet(43)) - raft.server.storage.dir = [/workdir/hadoop-ozone/integration-test/target/test-dir/MiniOzoneClusterImpl-bca770e2-21f3-4205-a110-13506e76e1ee/datanode-0/data/ratis] (custom)
2019-10-02 06:40:16,691 [main] INFO  hdfs.DFSUtil (DFSUtil.java:httpServerTemplateForNNAndJN(1641)) - Starting Web-server for hddsDatanode at: http://0.0.0.0:0
2019-10-02 06:40:16,693 [main] INFO  server.AuthenticationFilter (AuthenticationFilter.java:constructSecretProvider(240)) - Unable to initialize FileSignerSecretProvider, falling back to use random secrets.
2019-10-02 06:40:16,693 [main] WARN  http.HttpRequestLog (HttpRequestLog.java:getRequestLog(97)) - Jetty request log can only be enabled using Log4j
2019-10-02 06:40:16,695 [main] INFO  http.HttpServer2 (HttpServer2.java:addGlobalFilter(975)) - Added global filter 'safety' (class=org.apache.hadoop.http.HttpServer2$QuotingInputFilter)
2019-10-02 06:40:16,695 [main] INFO  http.HttpServer2 (HttpServer2.java:addFilter(948)) - Added filter static_user_filter (class=org.apache.hadoop.http.lib.StaticUserWebFilter$StaticUserFilter) to context hddsDatanode
2019-10-02 06:40:16,695 [main] INFO  http.HttpServer2 (HttpServer2.java:addFilter(958)) - Added filter static_user_filter (class=org.apache.hadoop.http.lib.StaticUserWebFilter$StaticUserFilter) to context logs
2019-10-02 06:40:16,696 [main] INFO  http.HttpServer2 (HttpServer2.java:addFilter(958)) - Added filter static_user_filter (class=org.apache.hadoop.http.lib.StaticUserWebFilter$StaticUserFilter) to context static
2019-10-02 06:40:16,696 [main] INFO  http.HttpServer2 (HttpServer2.java:bindListener(1191)) - Jetty bound to port 33912
2019-10-02 06:40:16,696 [main] INFO  server.Server (Server.java:doStart(351)) - jetty-9.3.25.v20180904, build timestamp: 2018-09-04T21:11:46Z, git hash: 3ce520221d0240229c862b122d2b06c12a625732
2019-10-02 06:40:16,698 [main] INFO  handler.ContextHandler (ContextHandler.java:doStart(781)) - Started o.e.j.s.ServletContextHandler@7d66e544{/logs,file:///workdir/hadoop-ozone/integration-test/target/log,AVAILABLE}
2019-10-02 06:40:16,698 [main] INFO  handler.ContextHandler (ContextHandler.java:doStart(781)) - Started o.e.j.s.ServletContextHandler@5b1c32e4{/static,jar:file:/home/user/.m2/repository/org/apache/hadoop/hadoop-hdds-container-service/0.5.0-SNAPSHOT/hadoop-hdds-container-service-0.5.0-SNAPSHOT.jar!/webapps/static,AVAILABLE}
2019-10-02 06:40:16,733 [main] INFO  handler.ContextHandler (ContextHandler.java:doStart(781)) - Started o.e.j.w.WebAppContext@478fb7dc{/,file:///tmp/jetty-0.0.0.0-33912-hddsDatanode-_-any-7101279959644901766.dir/webapp/,AVAILABLE}{/hddsDatanode}
2019-10-02 06:40:16,734 [main] INFO  server.AbstractConnector (AbstractConnector.java:doStart(278)) - Started ServerConnector@29d25e65{HTTP/1.1,[http/1.1]}{0.0.0.0:33912}
2019-10-02 06:40:16,735 [main] INFO  server.Server (Server.java:doStart(419)) - Started @226539ms
2019-10-02 06:40:16,736 [main] WARN  impl.MetricsSystemImpl (MetricsSystemImpl.java:register(276)) - Sink prometheus already exists!
2019-10-02 06:40:16,736 [main] INFO  server.BaseHttpServer (BaseHttpServer.java:updateConnectorAddress(215)) - HTTP server of HDDSDATANODE is listening at http://0.0.0.0:33912
2019-10-02 06:40:16,737 [main] INFO  impl.MetricsSystemImpl (MetricsSystemImpl.java:init(158)) - HddsDatanode metrics system started (again)
2019-10-02 06:40:16,740 [org.apache.hadoop.util.JvmPauseMonitor$Monitor@1ec82aec] INFO  util.JvmPauseMonitor (JvmPauseMonitor.java:run(188)) - Starting JVM pause monitor
2019-10-02 06:40:16,741 [main] INFO  ozone.HddsDatanodeService (HddsDatanodeService.java:start(184)) - HddsDatanodeService host:pr-hdds-2228-gv788-2265516943 ip:192.168.151.100
2019-10-02 06:40:16,741 [Datanode State Machine Thread - 0] INFO  datanode.InitDatanodeState (InitDatanodeState.java:persistContainerDatanodeDetails(140)) - DatanodeDetails is persisted to /workdir/hadoop-ozone/integration-test/target/test-dir/MiniOzoneClusterImpl-bca770e2-21f3-4205-a110-13506e76e1ee/datanode-0/meta/datanode.id
2019-10-02 06:40:16,746 [main] INFO  volume.HddsVolume (HddsVolume.java:<init>(176)) - Creating Volume: /workdir/hadoop-ozone/integration-test/target/test-dir/MiniOzoneClusterImpl-bca770e2-21f3-4205-a110-13506e76e1ee/datanode-1/data/containers/hdds of  storage type : DISK and capacity : 1482555576320
2019-10-02 06:40:16,746 [main] INFO  volume.VolumeSet (VolumeSet.java:initializeVolumeSet(170)) - Added Volume : /workdir/hadoop-ozone/integration-test/target/test-dir/MiniOzoneClusterImpl-bca770e2-21f3-4205-a110-13506e76e1ee/datanode-1/data/containers/hdds to VolumeSet
2019-10-02 06:40:16,747 [main] INFO  volume.ThrottledAsyncChecker (ThrottledAsyncChecker.java:schedule(139)) - Scheduling a check for org.apache.hadoop.ozone.container.common.volume.HddsVolume@76216830
2019-10-02 06:40:16,747 [main] INFO  volume.HddsVolumeChecker (HddsVolumeChecker.java:checkAllVolumes(202)) - Scheduled health check for volume org.apache.hadoop.ozone.container.common.volume.HddsVolume@76216830
2019-10-02 06:40:16,762 [main] INFO  impl.RaftServerProxy (ConfUtils.java:logGet(43)) - raft.rpc.type = GRPC (default)
2019-10-02 06:40:16,762 [main] INFO  grpc.GrpcFactory (GrpcFactory.java:checkPooledByteBufAllocatorUseCacheForAllThreads(45)) - PERFORMANCE WARNING: useCacheForAllThreads is true that may cause Netty to create a lot garbage objects and, as a result, trigger GC.
	It is recommended to disable useCacheForAllThreads by setting -Dorg.apache.ratis.thirdparty.io.netty.allocator.useCacheForAllThreads=false in command line.
2019-10-02 06:40:16,762 [main] INFO  grpc.GrpcConfigKeys$Server (ConfUtils.java:logGet(43)) - raft.grpc.server.port = 0 (default)
2019-10-02 06:40:16,763 [main] INFO  server.GrpcService (ConfUtils.java:logGet(43)) - raft.grpc.message.size.max = 33570816 (custom)
2019-10-02 06:40:16,763 [main] INFO  server.RaftServerConfigKeys (ConfUtils.java:logGet(43)) - raft.server.log.appender.buffer.byte-limit = 33554432 (custom)
2019-10-02 06:40:16,763 [main] INFO  server.GrpcService (ConfUtils.java:logGet(43)) - raft.grpc.flow.control.window = 1MB (=1048576) (default)
2019-10-02 06:40:16,763 [main] INFO  server.RaftServerConfigKeys (ConfUtils.java:logGet(43)) - raft.server.rpc.request.timeout = 3000ms (default)
2019-10-02 06:40:16,764 [main] INFO  server.RaftServerConfigKeys (ConfUtils.java:logGet(43)) - raft.server.storage.dir = [/workdir/hadoop-ozone/integration-test/target/test-dir/MiniOzoneClusterImpl-bca770e2-21f3-4205-a110-13506e76e1ee/datanode-1/data/ratis] (custom)
2019-10-02 06:40:16,765 [main] INFO  hdfs.DFSUtil (DFSUtil.java:httpServerTemplateForNNAndJN(1641)) - Starting Web-server for hddsDatanode at: http://0.0.0.0:0
2019-10-02 06:40:16,766 [main] INFO  server.AuthenticationFilter (AuthenticationFilter.java:constructSecretProvider(240)) - Unable to initialize FileSignerSecretProvider, falling back to use random secrets.
2019-10-02 06:40:16,767 [main] WARN  http.HttpRequestLog (HttpRequestLog.java:getRequestLog(97)) - Jetty request log can only be enabled using Log4j
2019-10-02 06:40:16,768 [main] INFO  http.HttpServer2 (HttpServer2.java:addGlobalFilter(975)) - Added global filter 'safety' (class=org.apache.hadoop.http.HttpServer2$QuotingInputFilter)
2019-10-02 06:40:16,769 [main] INFO  http.HttpServer2 (HttpServer2.java:addFilter(948)) - Added filter static_user_filter (class=org.apache.hadoop.http.lib.StaticUserWebFilter$StaticUserFilter) to context hddsDatanode
2019-10-02 06:40:16,769 [main] INFO  http.HttpServer2 (HttpServer2.java:addFilter(958)) - Added filter static_user_filter (class=org.apache.hadoop.http.lib.StaticUserWebFilter$StaticUserFilter) to context static
2019-10-02 06:40:16,769 [main] INFO  http.HttpServer2 (HttpServer2.java:addFilter(958)) - Added filter static_user_filter (class=org.apache.hadoop.http.lib.StaticUserWebFilter$StaticUserFilter) to context logs
2019-10-02 06:40:16,770 [main] INFO  http.HttpServer2 (HttpServer2.java:bindListener(1191)) - Jetty bound to port 44295
2019-10-02 06:40:16,770 [main] INFO  server.Server (Server.java:doStart(351)) - jetty-9.3.25.v20180904, build timestamp: 2018-09-04T21:11:46Z, git hash: 3ce520221d0240229c862b122d2b06c12a625732
2019-10-02 06:40:16,771 [main] INFO  handler.ContextHandler (ContextHandler.java:doStart(781)) - Started o.e.j.s.ServletContextHandler@1e226bcd{/logs,file:///workdir/hadoop-ozone/integration-test/target/log,AVAILABLE}
2019-10-02 06:40:16,772 [main] INFO  handler.ContextHandler (ContextHandler.java:doStart(781)) - Started o.e.j.s.ServletContextHandler@2322e56f{/static,jar:file:/home/user/.m2/repository/org/apache/hadoop/hadoop-hdds-container-service/0.5.0-SNAPSHOT/hadoop-hdds-container-service-0.5.0-SNAPSHOT.jar!/webapps/static,AVAILABLE}
2019-10-02 06:40:16,813 [main] INFO  handler.ContextHandler (ContextHandler.java:doStart(781)) - Started o.e.j.w.WebAppContext@65da01f4{/,file:///tmp/jetty-0.0.0.0-44295-hddsDatanode-_-any-8735991311987197066.dir/webapp/,AVAILABLE}{/hddsDatanode}
2019-10-02 06:40:16,813 [main] INFO  server.AbstractConnector (AbstractConnector.java:doStart(278)) - Started ServerConnector@22f02996{HTTP/1.1,[http/1.1]}{0.0.0.0:44295}
2019-10-02 06:40:16,813 [main] INFO  server.Server (Server.java:doStart(419)) - Started @226617ms
2019-10-02 06:40:16,815 [main] WARN  impl.MetricsSystemImpl (MetricsSystemImpl.java:register(276)) - Sink prometheus already exists!
2019-10-02 06:40:16,815 [main] INFO  server.BaseHttpServer (BaseHttpServer.java:updateConnectorAddress(215)) - HTTP server of HDDSDATANODE is listening at http://0.0.0.0:44295
2019-10-02 06:40:16,816 [main] INFO  impl.MetricsSystemImpl (MetricsSystemImpl.java:init(158)) - HddsDatanode metrics system started (again)
2019-10-02 06:40:16,819 [org.apache.hadoop.util.JvmPauseMonitor$Monitor@217e3cd2] INFO  util.JvmPauseMonitor (JvmPauseMonitor.java:run(188)) - Starting JVM pause monitor
2019-10-02 06:40:16,820 [main] INFO  ozone.HddsDatanodeService (HddsDatanodeService.java:start(184)) - HddsDatanodeService host:pr-hdds-2228-gv788-2265516943 ip:192.168.151.100
2019-10-02 06:40:16,820 [Datanode State Machine Thread - 0] INFO  datanode.InitDatanodeState (InitDatanodeState.java:persistContainerDatanodeDetails(140)) - DatanodeDetails is persisted to /workdir/hadoop-ozone/integration-test/target/test-dir/MiniOzoneClusterImpl-bca770e2-21f3-4205-a110-13506e76e1ee/datanode-1/meta/datanode.id
2019-10-02 06:40:16,825 [main] INFO  volume.HddsVolume (HddsVolume.java:<init>(176)) - Creating Volume: /workdir/hadoop-ozone/integration-test/target/test-dir/MiniOzoneClusterImpl-bca770e2-21f3-4205-a110-13506e76e1ee/datanode-2/data/containers/hdds of  storage type : DISK and capacity : 1482555576320
2019-10-02 06:40:16,825 [main] INFO  volume.VolumeSet (VolumeSet.java:initializeVolumeSet(170)) - Added Volume : /workdir/hadoop-ozone/integration-test/target/test-dir/MiniOzoneClusterImpl-bca770e2-21f3-4205-a110-13506e76e1ee/datanode-2/data/containers/hdds to VolumeSet
2019-10-02 06:40:16,825 [main] INFO  volume.ThrottledAsyncChecker (ThrottledAsyncChecker.java:schedule(139)) - Scheduling a check for org.apache.hadoop.ozone.container.common.volume.HddsVolume@119290b9
2019-10-02 06:40:16,825 [main] INFO  volume.HddsVolumeChecker (HddsVolumeChecker.java:checkAllVolumes(202)) - Scheduled health check for volume org.apache.hadoop.ozone.container.common.volume.HddsVolume@119290b9
2019-10-02 06:40:16,837 [main] INFO  impl.RaftServerProxy (ConfUtils.java:logGet(43)) - raft.rpc.type = GRPC (default)
2019-10-02 06:40:16,837 [main] INFO  grpc.GrpcFactory (GrpcFactory.java:checkPooledByteBufAllocatorUseCacheForAllThreads(45)) - PERFORMANCE WARNING: useCacheForAllThreads is true that may cause Netty to create a lot garbage objects and, as a result, trigger GC.
	It is recommended to disable useCacheForAllThreads by setting -Dorg.apache.ratis.thirdparty.io.netty.allocator.useCacheForAllThreads=false in command line.
2019-10-02 06:40:16,838 [main] INFO  grpc.GrpcConfigKeys$Server (ConfUtils.java:logGet(43)) - raft.grpc.server.port = 0 (default)
2019-10-02 06:40:16,838 [main] INFO  server.GrpcService (ConfUtils.java:logGet(43)) - raft.grpc.message.size.max = 33570816 (custom)
2019-10-02 06:40:16,838 [main] INFO  server.RaftServerConfigKeys (ConfUtils.java:logGet(43)) - raft.server.log.appender.buffer.byte-limit = 33554432 (custom)
2019-10-02 06:40:16,838 [main] INFO  server.GrpcService (ConfUtils.java:logGet(43)) - raft.grpc.flow.control.window = 1MB (=1048576) (default)
2019-10-02 06:40:16,838 [main] INFO  server.RaftServerConfigKeys (ConfUtils.java:logGet(43)) - raft.server.rpc.request.timeout = 3000ms (default)
2019-10-02 06:40:16,839 [main] INFO  server.RaftServerConfigKeys (ConfUtils.java:logGet(43)) - raft.server.storage.dir = [/workdir/hadoop-ozone/integration-test/target/test-dir/MiniOzoneClusterImpl-bca770e2-21f3-4205-a110-13506e76e1ee/datanode-2/data/ratis] (custom)
2019-10-02 06:40:16,840 [main] INFO  hdfs.DFSUtil (DFSUtil.java:httpServerTemplateForNNAndJN(1641)) - Starting Web-server for hddsDatanode at: http://0.0.0.0:0
2019-10-02 06:40:16,841 [main] INFO  server.AuthenticationFilter (AuthenticationFilter.java:constructSecretProvider(240)) - Unable to initialize FileSignerSecretProvider, falling back to use random secrets.
2019-10-02 06:40:16,841 [main] WARN  http.HttpRequestLog (HttpRequestLog.java:getRequestLog(97)) - Jetty request log can only be enabled using Log4j
2019-10-02 06:40:16,843 [main] INFO  http.HttpServer2 (HttpServer2.java:addGlobalFilter(975)) - Added global filter 'safety' (class=org.apache.hadoop.http.HttpServer2$QuotingInputFilter)
2019-10-02 06:40:16,843 [main] INFO  http.HttpServer2 (HttpServer2.java:addFilter(948)) - Added filter static_user_filter (class=org.apache.hadoop.http.lib.StaticUserWebFilter$StaticUserFilter) to context hddsDatanode
2019-10-02 06:40:16,843 [main] INFO  http.HttpServer2 (HttpServer2.java:addFilter(958)) - Added filter static_user_filter (class=org.apache.hadoop.http.lib.StaticUserWebFilter$StaticUserFilter) to context static
2019-10-02 06:40:16,844 [main] INFO  http.HttpServer2 (HttpServer2.java:addFilter(958)) - Added filter static_user_filter (class=org.apache.hadoop.http.lib.StaticUserWebFilter$StaticUserFilter) to context logs
2019-10-02 06:40:16,844 [main] INFO  http.HttpServer2 (HttpServer2.java:bindListener(1191)) - Jetty bound to port 45571
2019-10-02 06:40:16,844 [main] INFO  server.Server (Server.java:doStart(351)) - jetty-9.3.25.v20180904, build timestamp: 2018-09-04T21:11:46Z, git hash: 3ce520221d0240229c862b122d2b06c12a625732
2019-10-02 06:40:16,846 [main] INFO  handler.ContextHandler (ContextHandler.java:doStart(781)) - Started o.e.j.s.ServletContextHandler@496cc217{/logs,file:///workdir/hadoop-ozone/integration-test/target/log,AVAILABLE}
2019-10-02 06:40:16,846 [main] INFO  handler.ContextHandler (ContextHandler.java:doStart(781)) - Started o.e.j.s.ServletContextHandler@1cd2ff5b{/static,jar:file:/home/user/.m2/repository/org/apache/hadoop/hadoop-hdds-container-service/0.5.0-SNAPSHOT/hadoop-hdds-container-service-0.5.0-SNAPSHOT.jar!/webapps/static,AVAILABLE}
2019-10-02 06:40:16,892 [main] INFO  handler.ContextHandler (ContextHandler.java:doStart(781)) - Started o.e.j.w.WebAppContext@16d431b4{/,file:///tmp/jetty-0.0.0.0-45571-hddsDatanode-_-any-5530686608687368414.dir/webapp/,AVAILABLE}{/hddsDatanode}
2019-10-02 06:40:16,892 [main] INFO  server.AbstractConnector (AbstractConnector.java:doStart(278)) - Started ServerConnector@6c0b51da{HTTP/1.1,[http/1.1]}{0.0.0.0:45571}
2019-10-02 06:40:16,893 [main] INFO  server.Server (Server.java:doStart(419)) - Started @226697ms
2019-10-02 06:40:16,893 [main] WARN  impl.MetricsSystemImpl (MetricsSystemImpl.java:register(276)) - Sink prometheus already exists!
2019-10-02 06:40:16,894 [main] INFO  server.BaseHttpServer (BaseHttpServer.java:updateConnectorAddress(215)) - HTTP server of HDDSDATANODE is listening at http://0.0.0.0:45571
2019-10-02 06:40:16,894 [main] INFO  impl.MetricsSystemImpl (MetricsSystemImpl.java:init(158)) - HddsDatanode metrics system started (again)
2019-10-02 06:40:16,898 [org.apache.hadoop.util.JvmPauseMonitor$Monitor@6f3128ef] INFO  util.JvmPauseMonitor (JvmPauseMonitor.java:run(188)) - Starting JVM pause monitor
2019-10-02 06:40:16,899 [main] INFO  ozone.HddsDatanodeService (HddsDatanodeService.java:start(184)) - HddsDatanodeService host:pr-hdds-2228-gv788-2265516943 ip:192.168.151.100
2019-10-02 06:40:16,899 [Datanode State Machine Thread - 0] INFO  datanode.InitDatanodeState (InitDatanodeState.java:persistContainerDatanodeDetails(140)) - DatanodeDetails is persisted to /workdir/hadoop-ozone/integration-test/target/test-dir/MiniOzoneClusterImpl-bca770e2-21f3-4205-a110-13506e76e1ee/datanode-2/meta/datanode.id
2019-10-02 06:40:16,904 [main] INFO  volume.HddsVolume (HddsVolume.java:<init>(176)) - Creating Volume: /workdir/hadoop-ozone/integration-test/target/test-dir/MiniOzoneClusterImpl-bca770e2-21f3-4205-a110-13506e76e1ee/datanode-3/data/containers/hdds of  storage type : DISK and capacity : 1482555576320
2019-10-02 06:40:16,904 [main] INFO  volume.VolumeSet (VolumeSet.java:initializeVolumeSet(170)) - Added Volume : /workdir/hadoop-ozone/integration-test/target/test-dir/MiniOzoneClusterImpl-bca770e2-21f3-4205-a110-13506e76e1ee/datanode-3/data/containers/hdds to VolumeSet
2019-10-02 06:40:16,904 [main] INFO  volume.ThrottledAsyncChecker (ThrottledAsyncChecker.java:schedule(139)) - Scheduling a check for org.apache.hadoop.ozone.container.common.volume.HddsVolume@6222391a
2019-10-02 06:40:16,905 [main] INFO  volume.HddsVolumeChecker (HddsVolumeChecker.java:checkAllVolumes(202)) - Scheduled health check for volume org.apache.hadoop.ozone.container.common.volume.HddsVolume@6222391a
2019-10-02 06:40:16,917 [main] INFO  impl.RaftServerProxy (ConfUtils.java:logGet(43)) - raft.rpc.type = GRPC (default)
2019-10-02 06:40:16,917 [main] INFO  grpc.GrpcFactory (GrpcFactory.java:checkPooledByteBufAllocatorUseCacheForAllThreads(45)) - PERFORMANCE WARNING: useCacheForAllThreads is true that may cause Netty to create a lot garbage objects and, as a result, trigger GC.
	It is recommended to disable useCacheForAllThreads by setting -Dorg.apache.ratis.thirdparty.io.netty.allocator.useCacheForAllThreads=false in command line.
2019-10-02 06:40:16,917 [main] INFO  grpc.GrpcConfigKeys$Server (ConfUtils.java:logGet(43)) - raft.grpc.server.port = 0 (default)
2019-10-02 06:40:16,917 [main] INFO  server.GrpcService (ConfUtils.java:logGet(43)) - raft.grpc.message.size.max = 33570816 (custom)
2019-10-02 06:40:16,917 [main] INFO  server.RaftServerConfigKeys (ConfUtils.java:logGet(43)) - raft.server.log.appender.buffer.byte-limit = 33554432 (custom)
2019-10-02 06:40:16,918 [main] INFO  server.GrpcService (ConfUtils.java:logGet(43)) - raft.grpc.flow.control.window = 1MB (=1048576) (default)
2019-10-02 06:40:16,918 [main] INFO  server.RaftServerConfigKeys (ConfUtils.java:logGet(43)) - raft.server.rpc.request.timeout = 3000ms (default)
2019-10-02 06:40:16,918 [main] INFO  server.RaftServerConfigKeys (ConfUtils.java:logGet(43)) - raft.server.storage.dir = [/workdir/hadoop-ozone/integration-test/target/test-dir/MiniOzoneClusterImpl-bca770e2-21f3-4205-a110-13506e76e1ee/datanode-3/data/ratis] (custom)
2019-10-02 06:40:16,919 [main] INFO  hdfs.DFSUtil (DFSUtil.java:httpServerTemplateForNNAndJN(1641)) - Starting Web-server for hddsDatanode at: http://0.0.0.0:0
2019-10-02 06:40:16,920 [main] INFO  server.AuthenticationFilter (AuthenticationFilter.java:constructSecretProvider(240)) - Unable to initialize FileSignerSecretProvider, falling back to use random secrets.
2019-10-02 06:40:16,921 [main] WARN  http.HttpRequestLog (HttpRequestLog.java:getRequestLog(97)) - Jetty request log can only be enabled using Log4j
2019-10-02 06:40:16,922 [main] INFO  http.HttpServer2 (HttpServer2.java:addGlobalFilter(975)) - Added global filter 'safety' (class=org.apache.hadoop.http.HttpServer2$QuotingInputFilter)
2019-10-02 06:40:16,923 [main] INFO  http.HttpServer2 (HttpServer2.java:addFilter(948)) - Added filter static_user_filter (class=org.apache.hadoop.http.lib.StaticUserWebFilter$StaticUserFilter) to context hddsDatanode
2019-10-02 06:40:16,923 [main] INFO  http.HttpServer2 (HttpServer2.java:addFilter(958)) - Added filter static_user_filter (class=org.apache.hadoop.http.lib.StaticUserWebFilter$StaticUserFilter) to context static
2019-10-02 06:40:16,923 [main] INFO  http.HttpServer2 (HttpServer2.java:addFilter(958)) - Added filter static_user_filter (class=org.apache.hadoop.http.lib.StaticUserWebFilter$StaticUserFilter) to context logs
2019-10-02 06:40:16,924 [main] INFO  http.HttpServer2 (HttpServer2.java:bindListener(1191)) - Jetty bound to port 40179
2019-10-02 06:40:16,924 [main] INFO  server.Server (Server.java:doStart(351)) - jetty-9.3.25.v20180904, build timestamp: 2018-09-04T21:11:46Z, git hash: 3ce520221d0240229c862b122d2b06c12a625732
2019-10-02 06:40:16,925 [main] INFO  handler.ContextHandler (ContextHandler.java:doStart(781)) - Started o.e.j.s.ServletContextHandler@46f73ffa{/logs,file:///workdir/hadoop-ozone/integration-test/target/log,AVAILABLE}
2019-10-02 06:40:16,926 [main] INFO  handler.ContextHandler (ContextHandler.java:doStart(781)) - Started o.e.j.s.ServletContextHandler@afde064{/static,jar:file:/home/user/.m2/repository/org/apache/hadoop/hadoop-hdds-container-service/0.5.0-SNAPSHOT/hadoop-hdds-container-service-0.5.0-SNAPSHOT.jar!/webapps/static,AVAILABLE}
2019-10-02 06:40:16,959 [main] INFO  handler.ContextHandler (ContextHandler.java:doStart(781)) - Started o.e.j.w.WebAppContext@64656b9e{/,file:///tmp/jetty-0.0.0.0-40179-hddsDatanode-_-any-5456160901032956019.dir/webapp/,AVAILABLE}{/hddsDatanode}
2019-10-02 06:40:16,960 [main] INFO  server.AbstractConnector (AbstractConnector.java:doStart(278)) - Started ServerConnector@6870cfac{HTTP/1.1,[http/1.1]}{0.0.0.0:40179}
2019-10-02 06:40:16,961 [main] INFO  server.Server (Server.java:doStart(419)) - Started @226765ms
2019-10-02 06:40:16,961 [main] WARN  impl.MetricsSystemImpl (MetricsSystemImpl.java:register(276)) - Sink prometheus already exists!
2019-10-02 06:40:16,962 [main] INFO  server.BaseHttpServer (BaseHttpServer.java:updateConnectorAddress(215)) - HTTP server of HDDSDATANODE is listening at http://0.0.0.0:40179
2019-10-02 06:40:16,962 [main] INFO  impl.MetricsSystemImpl (MetricsSystemImpl.java:init(158)) - HddsDatanode metrics system started (again)
2019-10-02 06:40:16,966 [org.apache.hadoop.util.JvmPauseMonitor$Monitor@40a7c84c] INFO  util.JvmPauseMonitor (JvmPauseMonitor.java:run(188)) - Starting JVM pause monitor
2019-10-02 06:40:16,967 [Datanode State Machine Thread - 0] INFO  datanode.InitDatanodeState (InitDatanodeState.java:persistContainerDatanodeDetails(140)) - DatanodeDetails is persisted to /workdir/hadoop-ozone/integration-test/target/test-dir/MiniOzoneClusterImpl-bca770e2-21f3-4205-a110-13506e76e1ee/datanode-3/meta/datanode.id
2019-10-02 06:40:16,967 [main] INFO  ozone.HddsDatanodeService (HddsDatanodeService.java:start(184)) - HddsDatanodeService host:pr-hdds-2228-gv788-2265516943 ip:192.168.151.100
2019-10-02 06:40:16,972 [main] INFO  volume.HddsVolume (HddsVolume.java:<init>(176)) - Creating Volume: /workdir/hadoop-ozone/integration-test/target/test-dir/MiniOzoneClusterImpl-bca770e2-21f3-4205-a110-13506e76e1ee/datanode-4/data/containers/hdds of  storage type : DISK and capacity : 1482555576320
2019-10-02 06:40:16,972 [main] INFO  volume.VolumeSet (VolumeSet.java:initializeVolumeSet(170)) - Added Volume : /workdir/hadoop-ozone/integration-test/target/test-dir/MiniOzoneClusterImpl-bca770e2-21f3-4205-a110-13506e76e1ee/datanode-4/data/containers/hdds to VolumeSet
2019-10-02 06:40:16,972 [main] INFO  volume.ThrottledAsyncChecker (ThrottledAsyncChecker.java:schedule(139)) - Scheduling a check for org.apache.hadoop.ozone.container.common.volume.HddsVolume@7d0cd23c
2019-10-02 06:40:16,973 [main] INFO  volume.HddsVolumeChecker (HddsVolumeChecker.java:checkAllVolumes(202)) - Scheduled health check for volume org.apache.hadoop.ozone.container.common.volume.HddsVolume@7d0cd23c
2019-10-02 06:40:16,987 [main] INFO  impl.RaftServerProxy (ConfUtils.java:logGet(43)) - raft.rpc.type = GRPC (default)
2019-10-02 06:40:16,988 [main] INFO  grpc.GrpcFactory (GrpcFactory.java:checkPooledByteBufAllocatorUseCacheForAllThreads(45)) - PERFORMANCE WARNING: useCacheForAllThreads is true that may cause Netty to create a lot garbage objects and, as a result, trigger GC.
	It is recommended to disable useCacheForAllThreads by setting -Dorg.apache.ratis.thirdparty.io.netty.allocator.useCacheForAllThreads=false in command line.
2019-10-02 06:40:16,988 [main] INFO  grpc.GrpcConfigKeys$Server (ConfUtils.java:logGet(43)) - raft.grpc.server.port = 0 (default)
2019-10-02 06:40:16,988 [main] INFO  server.GrpcService (ConfUtils.java:logGet(43)) - raft.grpc.message.size.max = 33570816 (custom)
2019-10-02 06:40:16,988 [main] INFO  server.RaftServerConfigKeys (ConfUtils.java:logGet(43)) - raft.server.log.appender.buffer.byte-limit = 33554432 (custom)
2019-10-02 06:40:16,988 [main] INFO  server.GrpcService (ConfUtils.java:logGet(43)) - raft.grpc.flow.control.window = 1MB (=1048576) (default)
2019-10-02 06:40:16,989 [main] INFO  server.RaftServerConfigKeys (ConfUtils.java:logGet(43)) - raft.server.rpc.request.timeout = 3000ms (default)
2019-10-02 06:40:16,989 [main] INFO  server.RaftServerConfigKeys (ConfUtils.java:logGet(43)) - raft.server.storage.dir = [/workdir/hadoop-ozone/integration-test/target/test-dir/MiniOzoneClusterImpl-bca770e2-21f3-4205-a110-13506e76e1ee/datanode-4/data/ratis] (custom)
2019-10-02 06:40:16,990 [main] INFO  hdfs.DFSUtil (DFSUtil.java:httpServerTemplateForNNAndJN(1641)) - Starting Web-server for hddsDatanode at: http://0.0.0.0:0
2019-10-02 06:40:16,992 [main] INFO  server.AuthenticationFilter (AuthenticationFilter.java:constructSecretProvider(240)) - Unable to initialize FileSignerSecretProvider, falling back to use random secrets.
2019-10-02 06:40:16,992 [main] WARN  http.HttpRequestLog (HttpRequestLog.java:getRequestLog(97)) - Jetty request log can only be enabled using Log4j
2019-10-02 06:40:16,993 [main] INFO  http.HttpServer2 (HttpServer2.java:addGlobalFilter(975)) - Added global filter 'safety' (class=org.apache.hadoop.http.HttpServer2$QuotingInputFilter)
2019-10-02 06:40:16,994 [main] INFO  http.HttpServer2 (HttpServer2.java:addFilter(948)) - Added filter static_user_filter (class=org.apache.hadoop.http.lib.StaticUserWebFilter$StaticUserFilter) to context hddsDatanode
2019-10-02 06:40:16,994 [main] INFO  http.HttpServer2 (HttpServer2.java:addFilter(958)) - Added filter static_user_filter (class=org.apache.hadoop.http.lib.StaticUserWebFilter$StaticUserFilter) to context logs
2019-10-02 06:40:16,994 [main] INFO  http.HttpServer2 (HttpServer2.java:addFilter(958)) - Added filter static_user_filter (class=org.apache.hadoop.http.lib.StaticUserWebFilter$StaticUserFilter) to context static
2019-10-02 06:40:16,995 [main] INFO  http.HttpServer2 (HttpServer2.java:bindListener(1191)) - Jetty bound to port 42784
2019-10-02 06:40:16,995 [main] INFO  server.Server (Server.java:doStart(351)) - jetty-9.3.25.v20180904, build timestamp: 2018-09-04T21:11:46Z, git hash: 3ce520221d0240229c862b122d2b06c12a625732
2019-10-02 06:40:16,996 [main] INFO  handler.ContextHandler (ContextHandler.java:doStart(781)) - Started o.e.j.s.ServletContextHandler@6459f4ea{/logs,file:///workdir/hadoop-ozone/integration-test/target/log,AVAILABLE}
2019-10-02 06:40:16,997 [main] INFO  handler.ContextHandler (ContextHandler.java:doStart(781)) - Started o.e.j.s.ServletContextHandler@476fde05{/static,jar:file:/home/user/.m2/repository/org/apache/hadoop/hadoop-hdds-container-service/0.5.0-SNAPSHOT/hadoop-hdds-container-service-0.5.0-SNAPSHOT.jar!/webapps/static,AVAILABLE}
2019-10-02 06:40:17,028 [main] INFO  handler.ContextHandler (ContextHandler.java:doStart(781)) - Started o.e.j.w.WebAppContext@212fafd1{/,file:///tmp/jetty-0.0.0.0-42784-hddsDatanode-_-any-8082109044091509631.dir/webapp/,AVAILABLE}{/hddsDatanode}
2019-10-02 06:40:17,029 [main] INFO  server.AbstractConnector (AbstractConnector.java:doStart(278)) - Started ServerConnector@448462f0{HTTP/1.1,[http/1.1]}{0.0.0.0:42784}
2019-10-02 06:40:17,030 [main] INFO  server.Server (Server.java:doStart(419)) - Started @226834ms
2019-10-02 06:40:17,030 [main] WARN  impl.MetricsSystemImpl (MetricsSystemImpl.java:register(276)) - Sink prometheus already exists!
2019-10-02 06:40:17,031 [main] INFO  server.BaseHttpServer (BaseHttpServer.java:updateConnectorAddress(215)) - HTTP server of HDDSDATANODE is listening at http://0.0.0.0:42784
2019-10-02 06:40:17,031 [main] INFO  impl.MetricsSystemImpl (MetricsSystemImpl.java:init(158)) - HddsDatanode metrics system started (again)
2019-10-02 06:40:17,035 [org.apache.hadoop.util.JvmPauseMonitor$Monitor@2b7d200] INFO  util.JvmPauseMonitor (JvmPauseMonitor.java:run(188)) - Starting JVM pause monitor
2019-10-02 06:40:17,036 [main] INFO  ozone.HddsDatanodeService (HddsDatanodeService.java:start(184)) - HddsDatanodeService host:pr-hdds-2228-gv788-2265516943 ip:192.168.151.100
2019-10-02 06:40:17,036 [Datanode State Machine Thread - 0] INFO  datanode.InitDatanodeState (InitDatanodeState.java:persistContainerDatanodeDetails(140)) - DatanodeDetails is persisted to /workdir/hadoop-ozone/integration-test/target/test-dir/MiniOzoneClusterImpl-bca770e2-21f3-4205-a110-13506e76e1ee/datanode-4/meta/datanode.id
2019-10-02 06:40:17,041 [main] INFO  volume.HddsVolume (HddsVolume.java:<init>(176)) - Creating Volume: /workdir/hadoop-ozone/integration-test/target/test-dir/MiniOzoneClusterImpl-bca770e2-21f3-4205-a110-13506e76e1ee/datanode-5/data/containers/hdds of  storage type : DISK and capacity : 1482555576320
2019-10-02 06:40:17,041 [main] INFO  volume.VolumeSet (VolumeSet.java:initializeVolumeSet(170)) - Added Volume : /workdir/hadoop-ozone/integration-test/target/test-dir/MiniOzoneClusterImpl-bca770e2-21f3-4205-a110-13506e76e1ee/datanode-5/data/containers/hdds to VolumeSet
2019-10-02 06:40:17,042 [main] INFO  volume.ThrottledAsyncChecker (ThrottledAsyncChecker.java:schedule(139)) - Scheduling a check for org.apache.hadoop.ozone.container.common.volume.HddsVolume@5fb3111a
2019-10-02 06:40:17,043 [main] INFO  volume.HddsVolumeChecker (HddsVolumeChecker.java:checkAllVolumes(202)) - Scheduled health check for volume org.apache.hadoop.ozone.container.common.volume.HddsVolume@5fb3111a
2019-10-02 06:40:17,057 [main] INFO  impl.RaftServerProxy (ConfUtils.java:logGet(43)) - raft.rpc.type = GRPC (default)
2019-10-02 06:40:17,057 [main] INFO  grpc.GrpcFactory (GrpcFactory.java:checkPooledByteBufAllocatorUseCacheForAllThreads(45)) - PERFORMANCE WARNING: useCacheForAllThreads is true that may cause Netty to create a lot garbage objects and, as a result, trigger GC.
	It is recommended to disable useCacheForAllThreads by setting -Dorg.apache.ratis.thirdparty.io.netty.allocator.useCacheForAllThreads=false in command line.
2019-10-02 06:40:17,057 [main] INFO  grpc.GrpcConfigKeys$Server (ConfUtils.java:logGet(43)) - raft.grpc.server.port = 0 (default)
2019-10-02 06:40:17,057 [main] INFO  server.GrpcService (ConfUtils.java:logGet(43)) - raft.grpc.message.size.max = 33570816 (custom)
2019-10-02 06:40:17,057 [main] INFO  server.RaftServerConfigKeys (ConfUtils.java:logGet(43)) - raft.server.log.appender.buffer.byte-limit = 33554432 (custom)
2019-10-02 06:40:17,058 [main] INFO  server.GrpcService (ConfUtils.java:logGet(43)) - raft.grpc.flow.control.window = 1MB (=1048576) (default)
2019-10-02 06:40:17,058 [main] INFO  server.RaftServerConfigKeys (ConfUtils.java:logGet(43)) - raft.server.rpc.request.timeout = 3000ms (default)
2019-10-02 06:40:17,058 [main] INFO  server.RaftServerConfigKeys (ConfUtils.java:logGet(43)) - raft.server.storage.dir = [/workdir/hadoop-ozone/integration-test/target/test-dir/MiniOzoneClusterImpl-bca770e2-21f3-4205-a110-13506e76e1ee/datanode-5/data/ratis] (custom)
2019-10-02 06:40:17,059 [main] INFO  hdfs.DFSUtil (DFSUtil.java:httpServerTemplateForNNAndJN(1641)) - Starting Web-server for hddsDatanode at: http://0.0.0.0:0
2019-10-02 06:40:17,060 [main] INFO  server.AuthenticationFilter (AuthenticationFilter.java:constructSecretProvider(240)) - Unable to initialize FileSignerSecretProvider, falling back to use random secrets.
2019-10-02 06:40:17,061 [main] WARN  http.HttpRequestLog (HttpRequestLog.java:getRequestLog(97)) - Jetty request log can only be enabled using Log4j
2019-10-02 06:40:17,062 [main] INFO  http.HttpServer2 (HttpServer2.java:addGlobalFilter(975)) - Added global filter 'safety' (class=org.apache.hadoop.http.HttpServer2$QuotingInputFilter)
2019-10-02 06:40:17,062 [main] INFO  http.HttpServer2 (HttpServer2.java:addFilter(948)) - Added filter static_user_filter (class=org.apache.hadoop.http.lib.StaticUserWebFilter$StaticUserFilter) to context hddsDatanode
2019-10-02 06:40:17,062 [main] INFO  http.HttpServer2 (HttpServer2.java:addFilter(958)) - Added filter static_user_filter (class=org.apache.hadoop.http.lib.StaticUserWebFilter$StaticUserFilter) to context logs
2019-10-02 06:40:17,062 [main] INFO  http.HttpServer2 (HttpServer2.java:addFilter(958)) - Added filter static_user_filter (class=org.apache.hadoop.http.lib.StaticUserWebFilter$StaticUserFilter) to context static
2019-10-02 06:40:17,063 [main] INFO  http.HttpServer2 (HttpServer2.java:bindListener(1191)) - Jetty bound to port 32814
2019-10-02 06:40:17,063 [main] INFO  server.Server (Server.java:doStart(351)) - jetty-9.3.25.v20180904, build timestamp: 2018-09-04T21:11:46Z, git hash: 3ce520221d0240229c862b122d2b06c12a625732
2019-10-02 06:40:17,064 [main] INFO  handler.ContextHandler (ContextHandler.java:doStart(781)) - Started o.e.j.s.ServletContextHandler@4602f874{/logs,file:///workdir/hadoop-ozone/integration-test/target/log,AVAILABLE}
2019-10-02 06:40:17,065 [main] INFO  handler.ContextHandler (ContextHandler.java:doStart(781)) - Started o.e.j.s.ServletContextHandler@353c6da1{/static,jar:file:/home/user/.m2/repository/org/apache/hadoop/hadoop-hdds-container-service/0.5.0-SNAPSHOT/hadoop-hdds-container-service-0.5.0-SNAPSHOT.jar!/webapps/static,AVAILABLE}
2019-10-02 06:40:17,090 [main] INFO  handler.ContextHandler (ContextHandler.java:doStart(781)) - Started o.e.j.w.WebAppContext@3457cc8d{/,file:///tmp/jetty-0.0.0.0-32814-hddsDatanode-_-any-5649611870517174493.dir/webapp/,AVAILABLE}{/hddsDatanode}
2019-10-02 06:40:17,090 [main] INFO  server.AbstractConnector (AbstractConnector.java:doStart(278)) - Started ServerConnector@7a66c35a{HTTP/1.1,[http/1.1]}{0.0.0.0:32814}
2019-10-02 06:40:17,091 [main] INFO  server.Server (Server.java:doStart(419)) - Started @226895ms
2019-10-02 06:40:17,091 [main] WARN  impl.MetricsSystemImpl (MetricsSystemImpl.java:register(276)) - Sink prometheus already exists!
2019-10-02 06:40:17,092 [main] INFO  server.BaseHttpServer (BaseHttpServer.java:updateConnectorAddress(215)) - HTTP server of HDDSDATANODE is listening at http://0.0.0.0:32814
2019-10-02 06:40:17,092 [main] INFO  impl.MetricsSystemImpl (MetricsSystemImpl.java:init(158)) - HddsDatanode metrics system started (again)
2019-10-02 06:40:17,097 [org.apache.hadoop.util.JvmPauseMonitor$Monitor@44d7141c] INFO  util.JvmPauseMonitor (JvmPauseMonitor.java:run(188)) - Starting JVM pause monitor
2019-10-02 06:40:17,097 [Datanode State Machine Thread - 0] INFO  datanode.InitDatanodeState (InitDatanodeState.java:persistContainerDatanodeDetails(140)) - DatanodeDetails is persisted to /workdir/hadoop-ozone/integration-test/target/test-dir/MiniOzoneClusterImpl-bca770e2-21f3-4205-a110-13506e76e1ee/datanode-5/meta/datanode.id
2019-10-02 06:40:17,097 [main] INFO  ozone.HddsDatanodeService (HddsDatanodeService.java:start(184)) - HddsDatanodeService host:pr-hdds-2228-gv788-2265516943 ip:192.168.151.100
2019-10-02 06:40:17,102 [main] INFO  volume.HddsVolume (HddsVolume.java:<init>(176)) - Creating Volume: /workdir/hadoop-ozone/integration-test/target/test-dir/MiniOzoneClusterImpl-bca770e2-21f3-4205-a110-13506e76e1ee/datanode-6/data/containers/hdds of  storage type : DISK and capacity : 1482555576320
2019-10-02 06:40:17,102 [main] INFO  volume.VolumeSet (VolumeSet.java:initializeVolumeSet(170)) - Added Volume : /workdir/hadoop-ozone/integration-test/target/test-dir/MiniOzoneClusterImpl-bca770e2-21f3-4205-a110-13506e76e1ee/datanode-6/data/containers/hdds to VolumeSet
2019-10-02 06:40:17,103 [main] INFO  volume.ThrottledAsyncChecker (ThrottledAsyncChecker.java:schedule(139)) - Scheduling a check for org.apache.hadoop.ozone.container.common.volume.HddsVolume@27ec8754
2019-10-02 06:40:17,103 [main] INFO  volume.HddsVolumeChecker (HddsVolumeChecker.java:checkAllVolumes(202)) - Scheduled health check for volume org.apache.hadoop.ozone.container.common.volume.HddsVolume@27ec8754
2019-10-02 06:40:17,114 [main] INFO  impl.RaftServerProxy (ConfUtils.java:logGet(43)) - raft.rpc.type = GRPC (default)
2019-10-02 06:40:17,114 [main] INFO  grpc.GrpcFactory (GrpcFactory.java:checkPooledByteBufAllocatorUseCacheForAllThreads(45)) - PERFORMANCE WARNING: useCacheForAllThreads is true that may cause Netty to create a lot garbage objects and, as a result, trigger GC.
	It is recommended to disable useCacheForAllThreads by setting -Dorg.apache.ratis.thirdparty.io.netty.allocator.useCacheForAllThreads=false in command line.
2019-10-02 06:40:17,114 [main] INFO  grpc.GrpcConfigKeys$Server (ConfUtils.java:logGet(43)) - raft.grpc.server.port = 0 (default)
2019-10-02 06:40:17,115 [main] INFO  server.GrpcService (ConfUtils.java:logGet(43)) - raft.grpc.message.size.max = 33570816 (custom)
2019-10-02 06:40:17,115 [main] INFO  server.RaftServerConfigKeys (ConfUtils.java:logGet(43)) - raft.server.log.appender.buffer.byte-limit = 33554432 (custom)
2019-10-02 06:40:17,115 [main] INFO  server.GrpcService (ConfUtils.java:logGet(43)) - raft.grpc.flow.control.window = 1MB (=1048576) (default)
2019-10-02 06:40:17,115 [main] INFO  server.RaftServerConfigKeys (ConfUtils.java:logGet(43)) - raft.server.rpc.request.timeout = 3000ms (default)
2019-10-02 06:40:17,116 [main] INFO  server.RaftServerConfigKeys (ConfUtils.java:logGet(43)) - raft.server.storage.dir = [/workdir/hadoop-ozone/integration-test/target/test-dir/MiniOzoneClusterImpl-bca770e2-21f3-4205-a110-13506e76e1ee/datanode-6/data/ratis] (custom)
2019-10-02 06:40:17,117 [main] INFO  hdfs.DFSUtil (DFSUtil.java:httpServerTemplateForNNAndJN(1641)) - Starting Web-server for hddsDatanode at: http://0.0.0.0:0
2019-10-02 06:40:17,118 [main] INFO  server.AuthenticationFilter (AuthenticationFilter.java:constructSecretProvider(240)) - Unable to initialize FileSignerSecretProvider, falling back to use random secrets.
2019-10-02 06:40:17,118 [main] WARN  http.HttpRequestLog (HttpRequestLog.java:getRequestLog(97)) - Jetty request log can only be enabled using Log4j
2019-10-02 06:40:17,119 [main] INFO  http.HttpServer2 (HttpServer2.java:addGlobalFilter(975)) - Added global filter 'safety' (class=org.apache.hadoop.http.HttpServer2$QuotingInputFilter)
2019-10-02 06:40:17,119 [main] INFO  http.HttpServer2 (HttpServer2.java:addFilter(948)) - Added filter static_user_filter (class=org.apache.hadoop.http.lib.StaticUserWebFilter$StaticUserFilter) to context hddsDatanode
2019-10-02 06:40:17,120 [main] INFO  http.HttpServer2 (HttpServer2.java:addFilter(958)) - Added filter static_user_filter (class=org.apache.hadoop.http.lib.StaticUserWebFilter$StaticUserFilter) to context logs
2019-10-02 06:40:17,120 [main] INFO  http.HttpServer2 (HttpServer2.java:addFilter(958)) - Added filter static_user_filter (class=org.apache.hadoop.http.lib.StaticUserWebFilter$StaticUserFilter) to context static
2019-10-02 06:40:17,120 [main] INFO  http.HttpServer2 (HttpServer2.java:bindListener(1191)) - Jetty bound to port 39862
2019-10-02 06:40:17,120 [main] INFO  server.Server (Server.java:doStart(351)) - jetty-9.3.25.v20180904, build timestamp: 2018-09-04T21:11:46Z, git hash: 3ce520221d0240229c862b122d2b06c12a625732
2019-10-02 06:40:17,122 [main] INFO  handler.ContextHandler (ContextHandler.java:doStart(781)) - Started o.e.j.s.ServletContextHandler@46468f0{/logs,file:///workdir/hadoop-ozone/integration-test/target/log,AVAILABLE}
2019-10-02 06:40:17,122 [main] INFO  handler.ContextHandler (ContextHandler.java:doStart(781)) - Started o.e.j.s.ServletContextHandler@34a6d9db{/static,jar:file:/home/user/.m2/repository/org/apache/hadoop/hadoop-hdds-container-service/0.5.0-SNAPSHOT/hadoop-hdds-container-service-0.5.0-SNAPSHOT.jar!/webapps/static,AVAILABLE}
2019-10-02 06:40:17,147 [main] INFO  handler.ContextHandler (ContextHandler.java:doStart(781)) - Started o.e.j.w.WebAppContext@4cc12db2{/,file:///tmp/jetty-0.0.0.0-39862-hddsDatanode-_-any-1767615850348652042.dir/webapp/,AVAILABLE}{/hddsDatanode}
2019-10-02 06:40:17,147 [main] INFO  server.AbstractConnector (AbstractConnector.java:doStart(278)) - Started ServerConnector@5ea7bc4{HTTP/1.1,[http/1.1]}{0.0.0.0:39862}
2019-10-02 06:40:17,149 [main] INFO  server.Server (Server.java:doStart(419)) - Started @226953ms
2019-10-02 06:40:17,149 [main] WARN  impl.MetricsSystemImpl (MetricsSystemImpl.java:register(276)) - Sink prometheus already exists!
2019-10-02 06:40:17,149 [main] INFO  server.BaseHttpServer (BaseHttpServer.java:updateConnectorAddress(215)) - HTTP server of HDDSDATANODE is listening at http://0.0.0.0:39862
2019-10-02 06:40:17,150 [main] INFO  ozone.MiniOzoneClusterImpl (MiniOzoneClusterImpl.java:lambda$waitForClusterToBeReady$0(147)) - Waiting for cluster to be ready. Got 0 of 7 DN Heartbeats.
2019-10-02 06:40:17,150 [org.apache.hadoop.util.JvmPauseMonitor$Monitor@3a5447f8] INFO  util.JvmPauseMonitor (JvmPauseMonitor.java:run(188)) - Starting JVM pause monitor
2019-10-02 06:40:17,151 [Datanode State Machine Thread - 0] INFO  datanode.InitDatanodeState (InitDatanodeState.java:persistContainerDatanodeDetails(140)) - DatanodeDetails is persisted to /workdir/hadoop-ozone/integration-test/target/test-dir/MiniOzoneClusterImpl-bca770e2-21f3-4205-a110-13506e76e1ee/datanode-6/meta/datanode.id
2019-10-02 06:40:18,150 [main] INFO  ozone.MiniOzoneClusterImpl (MiniOzoneClusterImpl.java:lambda$waitForClusterToBeReady$0(147)) - Waiting for cluster to be ready. Got 0 of 7 DN Heartbeats.
2019-10-02 06:40:18,774 [Datanode State Machine Thread - 0] INFO  ozoneimpl.OzoneContainer (OzoneContainer.java:start(217)) - Attempting to start container services.
2019-10-02 06:40:18,774 [Datanode State Machine Thread - 0] INFO  ozoneimpl.OzoneContainer (OzoneContainer.java:startContainerScrub(179)) - Background container scanner has been disabled.
2019-10-02 06:40:18,774 [Datanode State Machine Thread - 0] INFO  ratis.XceiverServerRatis (XceiverServerRatis.java:start(417)) - Starting XceiverServerRatis a9c7b026-10da-4ad6-9f0f-7b064b603be2 at port 0
2019-10-02 06:40:18,778 [Datanode State Machine Thread - 0] INFO  impl.RaftServerProxy (RaftServerProxy.java:lambda$start$3(299)) - a9c7b026-10da-4ad6-9f0f-7b064b603be2: start RPC server
2019-10-02 06:40:18,780 [Datanode State Machine Thread - 0] INFO  server.GrpcService (GrpcService.java:startImpl(158)) - a9c7b026-10da-4ad6-9f0f-7b064b603be2: GrpcService started, listening on 0.0.0.0/0.0.0.0:35270
2019-10-02 06:40:18,780 [Datanode State Machine Thread - 0] INFO  ratis.XceiverServerRatis (XceiverServerRatis.java:start(427)) - XceiverServerRatis a9c7b026-10da-4ad6-9f0f-7b064b603be2 is started using port 35270
2019-10-02 06:40:18,781 [Datanode State Machine Thread - 0] INFO  server.XceiverServerGrpc (XceiverServerGrpc.java:start(149)) - XceiverServerGrpc a9c7b026-10da-4ad6-9f0f-7b064b603be2 is started using port 38827
2019-10-02 06:40:18,835 [Datanode State Machine Thread - 0] INFO  ozoneimpl.OzoneContainer (OzoneContainer.java:start(217)) - Attempting to start container services.
2019-10-02 06:40:18,835 [Datanode State Machine Thread - 0] INFO  ozoneimpl.OzoneContainer (OzoneContainer.java:startContainerScrub(179)) - Background container scanner has been disabled.
2019-10-02 06:40:18,835 [Datanode State Machine Thread - 0] INFO  ratis.XceiverServerRatis (XceiverServerRatis.java:start(417)) - Starting XceiverServerRatis faec2157-e929-4efd-9ad6-3e1ee94c18fc at port 0
2019-10-02 06:40:18,839 [Datanode State Machine Thread - 0] INFO  impl.RaftServerProxy (RaftServerProxy.java:lambda$start$3(299)) - faec2157-e929-4efd-9ad6-3e1ee94c18fc: start RPC server
2019-10-02 06:40:18,839 [Datanode State Machine Thread - 0] INFO  server.GrpcService (GrpcService.java:startImpl(158)) - faec2157-e929-4efd-9ad6-3e1ee94c18fc: GrpcService started, listening on 0.0.0.0/0.0.0.0:36797
2019-10-02 06:40:18,839 [Datanode State Machine Thread - 0] INFO  ratis.XceiverServerRatis (XceiverServerRatis.java:start(427)) - XceiverServerRatis faec2157-e929-4efd-9ad6-3e1ee94c18fc is started using port 36797
2019-10-02 06:40:18,840 [Datanode State Machine Thread - 0] INFO  server.XceiverServerGrpc (XceiverServerGrpc.java:start(149)) - XceiverServerGrpc faec2157-e929-4efd-9ad6-3e1ee94c18fc is started using port 39864
2019-10-02 06:40:18,911 [Datanode State Machine Thread - 0] INFO  ozoneimpl.OzoneContainer (OzoneContainer.java:start(217)) - Attempting to start container services.
2019-10-02 06:40:18,911 [Datanode State Machine Thread - 0] INFO  ozoneimpl.OzoneContainer (OzoneContainer.java:startContainerScrub(179)) - Background container scanner has been disabled.
2019-10-02 06:40:18,911 [Datanode State Machine Thread - 0] INFO  ratis.XceiverServerRatis (XceiverServerRatis.java:start(417)) - Starting XceiverServerRatis f06bf3a6-b453-455e-9338-99610f7ac6fb at port 0
2019-10-02 06:40:18,916 [Datanode State Machine Thread - 0] INFO  impl.RaftServerProxy (RaftServerProxy.java:lambda$start$3(299)) - f06bf3a6-b453-455e-9338-99610f7ac6fb: start RPC server
2019-10-02 06:40:18,918 [Datanode State Machine Thread - 0] INFO  server.GrpcService (GrpcService.java:startImpl(158)) - f06bf3a6-b453-455e-9338-99610f7ac6fb: GrpcService started, listening on 0.0.0.0/0.0.0.0:38682
2019-10-02 06:40:18,918 [Datanode State Machine Thread - 0] INFO  ratis.XceiverServerRatis (XceiverServerRatis.java:start(427)) - XceiverServerRatis f06bf3a6-b453-455e-9338-99610f7ac6fb is started using port 38682
2019-10-02 06:40:18,919 [Datanode State Machine Thread - 0] INFO  server.XceiverServerGrpc (XceiverServerGrpc.java:start(149)) - XceiverServerGrpc f06bf3a6-b453-455e-9338-99610f7ac6fb is started using port 42189
2019-10-02 06:40:18,979 [Datanode State Machine Thread - 0] INFO  ozoneimpl.OzoneContainer (OzoneContainer.java:start(217)) - Attempting to start container services.
2019-10-02 06:40:18,979 [Datanode State Machine Thread - 0] INFO  ozoneimpl.OzoneContainer (OzoneContainer.java:startContainerScrub(179)) - Background container scanner has been disabled.
2019-10-02 06:40:18,979 [Datanode State Machine Thread - 0] INFO  ratis.XceiverServerRatis (XceiverServerRatis.java:start(417)) - Starting XceiverServerRatis cfaff763-bb1f-4805-9d68-cc66e8f78360 at port 0
2019-10-02 06:40:18,984 [Datanode State Machine Thread - 0] INFO  impl.RaftServerProxy (RaftServerProxy.java:lambda$start$3(299)) - cfaff763-bb1f-4805-9d68-cc66e8f78360: start RPC server
2019-10-02 06:40:18,986 [Datanode State Machine Thread - 0] INFO  server.GrpcService (GrpcService.java:startImpl(158)) - cfaff763-bb1f-4805-9d68-cc66e8f78360: GrpcService started, listening on 0.0.0.0/0.0.0.0:34985
2019-10-02 06:40:18,986 [Datanode State Machine Thread - 0] INFO  ratis.XceiverServerRatis (XceiverServerRatis.java:start(427)) - XceiverServerRatis cfaff763-bb1f-4805-9d68-cc66e8f78360 is started using port 34985
2019-10-02 06:40:18,986 [Datanode State Machine Thread - 0] INFO  server.XceiverServerGrpc (XceiverServerGrpc.java:start(149)) - XceiverServerGrpc cfaff763-bb1f-4805-9d68-cc66e8f78360 is started using port 41727
2019-10-02 06:40:19,049 [Datanode State Machine Thread - 0] INFO  ozoneimpl.OzoneContainer (OzoneContainer.java:start(217)) - Attempting to start container services.
2019-10-02 06:40:19,050 [Datanode State Machine Thread - 0] INFO  ozoneimpl.OzoneContainer (OzoneContainer.java:startContainerScrub(179)) - Background container scanner has been disabled.
2019-10-02 06:40:19,050 [Datanode State Machine Thread - 0] INFO  ratis.XceiverServerRatis (XceiverServerRatis.java:start(417)) - Starting XceiverServerRatis d9b84bfa-e959-4600-b050-f5b0a5069edf at port 0
2019-10-02 06:40:19,055 [Datanode State Machine Thread - 0] INFO  impl.RaftServerProxy (RaftServerProxy.java:lambda$start$3(299)) - d9b84bfa-e959-4600-b050-f5b0a5069edf: start RPC server
2019-10-02 06:40:19,057 [Datanode State Machine Thread - 0] INFO  server.GrpcService (GrpcService.java:startImpl(158)) - d9b84bfa-e959-4600-b050-f5b0a5069edf: GrpcService started, listening on 0.0.0.0/0.0.0.0:33390
2019-10-02 06:40:19,057 [Datanode State Machine Thread - 0] INFO  ratis.XceiverServerRatis (XceiverServerRatis.java:start(427)) - XceiverServerRatis d9b84bfa-e959-4600-b050-f5b0a5069edf is started using port 33390
2019-10-02 06:40:19,059 [Datanode State Machine Thread - 0] INFO  server.XceiverServerGrpc (XceiverServerGrpc.java:start(149)) - XceiverServerGrpc d9b84bfa-e959-4600-b050-f5b0a5069edf is started using port 32794
2019-10-02 06:40:19,110 [Datanode State Machine Thread - 0] INFO  ozoneimpl.OzoneContainer (OzoneContainer.java:start(217)) - Attempting to start container services.
2019-10-02 06:40:19,110 [Datanode State Machine Thread - 0] INFO  ozoneimpl.OzoneContainer (OzoneContainer.java:startContainerScrub(179)) - Background container scanner has been disabled.
2019-10-02 06:40:19,110 [Datanode State Machine Thread - 0] INFO  ratis.XceiverServerRatis (XceiverServerRatis.java:start(417)) - Starting XceiverServerRatis 3d53bed2-bc03-4df9-a742-4caab98a25e4 at port 0
2019-10-02 06:40:19,115 [Datanode State Machine Thread - 0] INFO  impl.RaftServerProxy (RaftServerProxy.java:lambda$start$3(299)) - 3d53bed2-bc03-4df9-a742-4caab98a25e4: start RPC server
2019-10-02 06:40:19,115 [Datanode State Machine Thread - 0] INFO  server.GrpcService (GrpcService.java:startImpl(158)) - 3d53bed2-bc03-4df9-a742-4caab98a25e4: GrpcService started, listening on 0.0.0.0/0.0.0.0:41508
2019-10-02 06:40:19,116 [Datanode State Machine Thread - 0] INFO  ratis.XceiverServerRatis (XceiverServerRatis.java:start(427)) - XceiverServerRatis 3d53bed2-bc03-4df9-a742-4caab98a25e4 is started using port 41508
2019-10-02 06:40:19,116 [Datanode State Machine Thread - 0] INFO  server.XceiverServerGrpc (XceiverServerGrpc.java:start(149)) - XceiverServerGrpc 3d53bed2-bc03-4df9-a742-4caab98a25e4 is started using port 45924
2019-10-02 06:40:19,150 [main] INFO  ozone.MiniOzoneClusterImpl (MiniOzoneClusterImpl.java:lambda$waitForClusterToBeReady$0(147)) - Waiting for cluster to be ready. Got 0 of 7 DN Heartbeats.
2019-10-02 06:40:19,165 [Datanode State Machine Thread - 0] INFO  ozoneimpl.OzoneContainer (OzoneContainer.java:start(217)) - Attempting to start container services.
2019-10-02 06:40:19,165 [Datanode State Machine Thread - 0] INFO  ozoneimpl.OzoneContainer (OzoneContainer.java:startContainerScrub(179)) - Background container scanner has been disabled.
2019-10-02 06:40:19,165 [Datanode State Machine Thread - 0] INFO  ratis.XceiverServerRatis (XceiverServerRatis.java:start(417)) - Starting XceiverServerRatis 1a8dc7c5-676c-4368-9d27-d112d4c92d60 at port 0
2019-10-02 06:40:19,169 [Datanode State Machine Thread - 0] INFO  impl.RaftServerProxy (RaftServerProxy.java:lambda$start$3(299)) - 1a8dc7c5-676c-4368-9d27-d112d4c92d60: start RPC server
2019-10-02 06:40:19,169 [Datanode State Machine Thread - 0] INFO  server.GrpcService (GrpcService.java:startImpl(158)) - 1a8dc7c5-676c-4368-9d27-d112d4c92d60: GrpcService started, listening on 0.0.0.0/0.0.0.0:34664
2019-10-02 06:40:19,170 [Datanode State Machine Thread - 0] INFO  ratis.XceiverServerRatis (XceiverServerRatis.java:start(427)) - XceiverServerRatis 1a8dc7c5-676c-4368-9d27-d112d4c92d60 is started using port 34664
2019-10-02 06:40:19,181 [Datanode State Machine Thread - 0] INFO  server.XceiverServerGrpc (XceiverServerGrpc.java:start(149)) - XceiverServerGrpc 1a8dc7c5-676c-4368-9d27-d112d4c92d60 is started using port 34861
2019-10-02 06:40:20,151 [main] INFO  ozone.MiniOzoneClusterImpl (MiniOzoneClusterImpl.java:lambda$waitForClusterToBeReady$0(147)) - Waiting for cluster to be ready. Got 0 of 7 DN Heartbeats.
2019-10-02 06:40:20,745 [IPC Server handler 3 on 34568] INFO  net.NetworkTopology (NetworkTopologyImpl.java:add(111)) - Added a new node: /default-rack/a9c7b026-10da-4ad6-9f0f-7b064b603be2
2019-10-02 06:40:20,745 [IPC Server handler 3 on 34568] INFO  node.SCMNodeManager (SCMNodeManager.java:register(266)) - Registered Data node : a9c7b026-10da-4ad6-9f0f-7b064b603be2{ip: 192.168.151.100, host: pr-hdds-2228-gv788-2265516943, networkLocation: /default-rack, certSerialId: null}
2019-10-02 06:40:20,747 [EventQueue-NodeRegistrationContainerReportForDataNodeSafeModeRule] INFO  safemode.SCMSafeModeManager (DataNodeSafeModeRule.java:process(71)) - SCM in safe mode. 1 DataNodes registered, 1 required.
2019-10-02 06:40:20,749 [EventQueue-NodeRegistrationContainerReportForDataNodeSafeModeRule] INFO  safemode.SCMSafeModeManager (SCMSafeModeManager.java:validateSafeModeExitRules(177)) - ScmSafeModeManager, all rules are successfully validated
2019-10-02 06:40:20,749 [EventQueue-NodeRegistrationContainerReportForDataNodeSafeModeRule] INFO  safemode.SCMSafeModeManager (SCMSafeModeManager.java:exitSafeMode(193)) - SCM exiting safe mode.
2019-10-02 06:40:20,758 [grpc-default-executor-9] INFO  impl.RaftServerProxy (RaftServerProxy.java:addNew(89)) - a9c7b026-10da-4ad6-9f0f-7b064b603be2: addNew group-9DE95369F360:[a9c7b026-10da-4ad6-9f0f-7b064b603be2:192.168.151.100:35270] returns group-9DE95369F360:java.util.concurrent.CompletableFuture@316e5fb0[Not completed]
2019-10-02 06:40:20,762 [pool-383-thread-1] INFO  impl.RaftServerImpl (RaftServerImpl.java:<init>(95)) - a9c7b026-10da-4ad6-9f0f-7b064b603be2: new RaftServerImpl for group-9DE95369F360:[a9c7b026-10da-4ad6-9f0f-7b064b603be2:192.168.151.100:35270] with ContainerStateMachine:uninitialized
2019-10-02 06:40:20,762 [pool-383-thread-1] INFO  server.RaftServerConfigKeys (ConfUtils.java:logGet(43)) - raft.server.rpc.timeout.min = 5s (custom)
2019-10-02 06:40:20,762 [pool-383-thread-1] INFO  server.RaftServerConfigKeys (ConfUtils.java:logGet(43)) - raft.server.rpc.timeout.max = 5200ms (custom)
2019-10-02 06:40:20,762 [pool-383-thread-1] INFO  server.RaftServerConfigKeys (ConfUtils.java:logGet(43)) - raft.server.rpcslowness.timeout = 120s (custom)
2019-10-02 06:40:20,762 [pool-383-thread-1] INFO  server.RaftServerConfigKeys (ConfUtils.java:logGet(43)) - raft.server.sleep.deviation.threshold = 300 (default)
2019-10-02 06:40:20,763 [pool-383-thread-1] INFO  server.RaftServerConfigKeys (ConfUtils.java:logGet(43)) - raft.server.log.appender.install.snapshot.enabled = false (custom)
2019-10-02 06:40:20,763 [pool-383-thread-1] INFO  impl.RaftServerImpl (ServerState.java:<init>(103)) - a9c7b026-10da-4ad6-9f0f-7b064b603be2@group-9DE95369F360: ConfigurationManager, init=-1: [a9c7b026-10da-4ad6-9f0f-7b064b603be2:192.168.151.100:35270], old=null, confs=<EMPTY_MAP>
2019-10-02 06:40:20,763 [pool-383-thread-1] INFO  server.RaftServerConfigKeys (ConfUtils.java:logGet(43)) - raft.server.storage.dir = [/workdir/hadoop-ozone/integration-test/target/test-dir/MiniOzoneClusterImpl-bca770e2-21f3-4205-a110-13506e76e1ee/datanode-0/data/ratis] (custom)
2019-10-02 06:40:20,764 [pool-383-thread-1] INFO  server.RaftServerConfigKeys (ConfUtils.java:logGet(43)) - raft.server.log.corruption.policy = EXCEPTION (default)
2019-10-02 06:40:20,764 [pool-383-thread-1] INFO  storage.RaftStorageDirectory (RaftStorageDirectory.java:analyzeStorage(246)) - The storage directory /workdir/hadoop-ozone/integration-test/target/test-dir/MiniOzoneClusterImpl-bca770e2-21f3-4205-a110-13506e76e1ee/datanode-0/data/ratis/9fc821db-ae6d-45b6-9093-9de95369f360 does not exist. Creating ...
2019-10-02 06:40:20,777 [pool-383-thread-1] INFO  storage.RaftStorageDirectory (RaftStorageDirectory.java:tryLock(328)) - Lock on /workdir/hadoop-ozone/integration-test/target/test-dir/MiniOzoneClusterImpl-bca770e2-21f3-4205-a110-13506e76e1ee/datanode-0/data/ratis/9fc821db-ae6d-45b6-9093-9de95369f360/in_use.lock acquired by nodename 24273@pr-hdds-2228-gv788-2265516943
2019-10-02 06:40:20,790 [pool-383-thread-1] INFO  storage.RaftStorage (RaftStorage.java:format(84)) - Storage directory /workdir/hadoop-ozone/integration-test/target/test-dir/MiniOzoneClusterImpl-bca770e2-21f3-4205-a110-13506e76e1ee/datanode-0/data/ratis/9fc821db-ae6d-45b6-9093-9de95369f360 has been successfully formatted.
2019-10-02 06:40:20,791 [pool-383-thread-1] INFO  ratis.ContainerStateMachine (ContainerStateMachine.java:loadSnapshot(230)) - group-9DE95369F360: The snapshot info is null. Setting the last applied indexto:(t:0, i:~)
2019-10-02 06:40:20,791 [pool-383-thread-1] INFO  server.RaftServerConfigKeys (ConfUtils.java:logGet(43)) - raft.server.notification.no-leader.timeout = 120s (custom)
2019-10-02 06:40:20,791 [pool-383-thread-1] INFO  server.RaftServerConfigKeys (ConfUtils.java:logGet(43)) - raft.server.log.use.memory = false (default)
2019-10-02 06:40:20,791 [pool-383-thread-1] INFO  server.RaftServerConfigKeys (ConfUtils.java:logGet(43)) - raft.server.log.purge.gap = 1000000 (custom)
2019-10-02 06:40:20,791 [pool-383-thread-1] INFO  server.RaftServerConfigKeys (ConfUtils.java:logGet(43)) - raft.server.log.appender.buffer.byte-limit = 33554432 (custom)
2019-10-02 06:40:20,792 [pool-383-thread-1] INFO  server.RaftServerConfigKeys (ConfUtils.java:logGet(43)) - raft.server.log.segment.size.max = 1048576 (custom)
2019-10-02 06:40:20,794 [pool-383-thread-1] INFO  server.RaftServerConfigKeys (ConfUtils.java:logGet(43)) - raft.server.log.segment.cache.num.max = 2 (custom)
2019-10-02 06:40:20,794 [pool-383-thread-1] INFO  segmented.SegmentedRaftLogWorker (SegmentedRaftLogWorker.java:<init>(173)) - new a9c7b026-10da-4ad6-9f0f-7b064b603be2@group-9DE95369F360-SegmentedRaftLogWorker for RaftStorage:Storage Directory /workdir/hadoop-ozone/integration-test/target/test-dir/MiniOzoneClusterImpl-bca770e2-21f3-4205-a110-13506e76e1ee/datanode-0/data/ratis/9fc821db-ae6d-45b6-9093-9de95369f360
2019-10-02 06:40:20,794 [pool-383-thread-1] INFO  server.RaftServerConfigKeys (ConfUtils.java:logGet(43)) - raft.server.log.queue.byte-limit = 2147483647 (custom)
2019-10-02 06:40:20,794 [pool-383-thread-1] INFO  server.RaftServerConfigKeys (ConfUtils.java:logGet(43)) - raft.server.log.queue.element-limit = 1024 (custom)
2019-10-02 06:40:20,794 [pool-383-thread-1] INFO  server.RaftServerConfigKeys (ConfUtils.java:logGet(43)) - raft.server.log.segment.size.max = 1048576 (custom)
2019-10-02 06:40:20,794 [pool-383-thread-1] INFO  server.RaftServerConfigKeys (ConfUtils.java:logGet(43)) - raft.server.log.preallocated.size = 16384 (custom)
2019-10-02 06:40:20,795 [pool-383-thread-1] INFO  server.RaftServerConfigKeys (ConfUtils.java:logGet(43)) - raft.server.log.write.buffer.size = 33554432 (custom)
2019-10-02 06:40:20,795 [pool-383-thread-1] INFO  server.RaftServerConfigKeys (ConfUtils.java:logGet(43)) - raft.server.log.force.sync.num = 128 (default)
2019-10-02 06:40:20,795 [pool-383-thread-1] INFO  server.RaftServerConfigKeys (ConfUtils.java:logGet(43)) - raft.server.log.statemachine.data.sync = true (default)
2019-10-02 06:40:20,795 [pool-383-thread-1] INFO  server.RaftServerConfigKeys (ConfUtils.java:logGet(43)) - raft.server.log.statemachine.data.sync.timeout = 10s (default)
2019-10-02 06:40:20,795 [pool-383-thread-1] INFO  server.RaftServerConfigKeys (ConfUtils.java:logGet(43)) - raft.server.log.statemachine.data.sync.timeout.retry = -1 (default)
2019-10-02 06:40:20,796 [pool-383-thread-1] INFO  server.RaftServerConfigKeys (ConfUtils.java:logGet(43)) - raft.server.log.statemachine.data.caching.enabled = true (custom)
2019-10-02 06:40:20,796 [pool-383-thread-1] INFO  segmented.SegmentedRaftLogWorker (SegmentedRaftLogWorker.java:lambda$new$0(128)) - a9c7b026-10da-4ad6-9f0f-7b064b603be2@group-9DE95369F360-SegmentedRaftLogWorker: flushIndex: setUnconditionally 0 -> -1
2019-10-02 06:40:20,796 [pool-383-thread-1] INFO  server.RaftServerConfigKeys (ConfUtils.java:logGet(43)) - raft.server.snapshot.auto.trigger.enabled = true (custom)
2019-10-02 06:40:20,797 [pool-383-thread-1] INFO  server.RaftServerConfigKeys (ConfUtils.java:logGet(43)) - raft.server.snapshot.auto.trigger.threshold = 10000 (custom)
2019-10-02 06:40:20,797 [pool-383-thread-1] INFO  server.RaftServerConfigKeys (ConfUtils.java:logGet(43)) - raft.server.snapshot.retention.file.num = 5 (custom)
2019-10-02 06:40:20,797 [pool-383-thread-1] INFO  server.RaftServerConfigKeys (ConfUtils.java:logGet(43)) - raft.server.retrycache.expirytime = 600000ms (custom)
2019-10-02 06:40:20,799 [pool-383-thread-1] INFO  impl.RaftServerImpl (RaftServerImpl.java:start(181)) - a9c7b026-10da-4ad6-9f0f-7b064b603be2@group-9DE95369F360: start as a follower, conf=-1: [a9c7b026-10da-4ad6-9f0f-7b064b603be2:192.168.151.100:35270], old=null
2019-10-02 06:40:20,799 [pool-383-thread-1] INFO  impl.RaftServerImpl (RaftServerImpl.java:setRole(170)) - a9c7b026-10da-4ad6-9f0f-7b064b603be2@group-9DE95369F360: changes role from      null to FOLLOWER at term 0 for startAsFollower
2019-10-02 06:40:20,799 [pool-383-thread-1] INFO  impl.RoleInfo (RoleInfo.java:updateAndGet(143)) - a9c7b026-10da-4ad6-9f0f-7b064b603be2: start FollowerState
2019-10-02 06:40:20,800 [pool-383-thread-1] INFO  util.JmxRegister (JmxRegister.java:tryRegister(44)) - Successfully registered JMX Bean with object name Ratis:service=RaftServer,group=group-9DE95369F360,id=a9c7b026-10da-4ad6-9f0f-7b064b603be2
2019-10-02 06:40:20,804 [RatisPipelineUtilsThread] INFO  pipeline.PipelineStateManager (PipelineStateManager.java:addPipeline(56)) - Created pipeline Pipeline[ Id: 9fc821db-ae6d-45b6-9093-9de95369f360, Nodes: a9c7b026-10da-4ad6-9f0f-7b064b603be2{ip: 192.168.151.100, host: pr-hdds-2228-gv788-2265516943, networkLocation: /default-rack, certSerialId: null}, Type:RATIS, Factor:ONE, State:OPEN]
2019-10-02 06:40:20,820 [IPC Server handler 4 on 34568] INFO  net.NetworkTopology (NetworkTopologyImpl.java:add(111)) - Added a new node: /default-rack/faec2157-e929-4efd-9ad6-3e1ee94c18fc
2019-10-02 06:40:20,820 [IPC Server handler 4 on 34568] INFO  node.SCMNodeManager (SCMNodeManager.java:register(266)) - Registered Data node : faec2157-e929-4efd-9ad6-3e1ee94c18fc{ip: 192.168.151.100, host: pr-hdds-2228-gv788-2265516943, networkLocation: /default-rack, certSerialId: null}
2019-10-02 06:40:20,826 [grpc-default-executor-9] INFO  impl.RaftServerProxy (RaftServerProxy.java:addNew(89)) - faec2157-e929-4efd-9ad6-3e1ee94c18fc: addNew group-EB4B43F5CC05:[faec2157-e929-4efd-9ad6-3e1ee94c18fc:192.168.151.100:36797] returns group-EB4B43F5CC05:java.util.concurrent.CompletableFuture@20cac65e[Not completed]
2019-10-02 06:40:20,827 [pool-393-thread-1] INFO  impl.RaftServerImpl (RaftServerImpl.java:<init>(95)) - faec2157-e929-4efd-9ad6-3e1ee94c18fc: new RaftServerImpl for group-EB4B43F5CC05:[faec2157-e929-4efd-9ad6-3e1ee94c18fc:192.168.151.100:36797] with ContainerStateMachine:uninitialized
2019-10-02 06:40:20,827 [pool-393-thread-1] INFO  server.RaftServerConfigKeys (ConfUtils.java:logGet(43)) - raft.server.rpc.timeout.min = 5s (custom)
2019-10-02 06:40:20,827 [pool-393-thread-1] INFO  server.RaftServerConfigKeys (ConfUtils.java:logGet(43)) - raft.server.rpc.timeout.max = 5200ms (custom)
2019-10-02 06:40:20,827 [pool-393-thread-1] INFO  server.RaftServerConfigKeys (ConfUtils.java:logGet(43)) - raft.server.rpcslowness.timeout = 120s (custom)
2019-10-02 06:40:20,827 [pool-393-thread-1] INFO  server.RaftServerConfigKeys (ConfUtils.java:logGet(43)) - raft.server.sleep.deviation.threshold = 300 (default)
2019-10-02 06:40:20,827 [pool-393-thread-1] INFO  server.RaftServerConfigKeys (ConfUtils.java:logGet(43)) - raft.server.log.appender.install.snapshot.enabled = false (custom)
2019-10-02 06:40:20,827 [pool-393-thread-1] INFO  impl.RaftServerImpl (ServerState.java:<init>(103)) - faec2157-e929-4efd-9ad6-3e1ee94c18fc@group-EB4B43F5CC05: ConfigurationManager, init=-1: [faec2157-e929-4efd-9ad6-3e1ee94c18fc:192.168.151.100:36797], old=null, confs=<EMPTY_MAP>
2019-10-02 06:40:20,828 [pool-393-thread-1] INFO  server.RaftServerConfigKeys (ConfUtils.java:logGet(43)) - raft.server.storage.dir = [/workdir/hadoop-ozone/integration-test/target/test-dir/MiniOzoneClusterImpl-bca770e2-21f3-4205-a110-13506e76e1ee/datanode-1/data/ratis] (custom)
2019-10-02 06:40:20,828 [pool-393-thread-1] INFO  server.RaftServerConfigKeys (ConfUtils.java:logGet(43)) - raft.server.log.corruption.policy = EXCEPTION (default)
2019-10-02 06:40:20,828 [pool-393-thread-1] INFO  storage.RaftStorageDirectory (RaftStorageDirectory.java:analyzeStorage(246)) - The storage directory /workdir/hadoop-ozone/integration-test/target/test-dir/MiniOzoneClusterImpl-bca770e2-21f3-4205-a110-13506e76e1ee/datanode-1/data/ratis/f9842f48-62a1-41ec-9167-eb4b43f5cc05 does not exist. Creating ...
2019-10-02 06:40:20,841 [pool-393-thread-1] INFO  storage.RaftStorageDirectory (RaftStorageDirectory.java:tryLock(328)) - Lock on /workdir/hadoop-ozone/integration-test/target/test-dir/MiniOzoneClusterImpl-bca770e2-21f3-4205-a110-13506e76e1ee/datanode-1/data/ratis/f9842f48-62a1-41ec-9167-eb4b43f5cc05/in_use.lock acquired by nodename 24273@pr-hdds-2228-gv788-2265516943
2019-10-02 06:40:20,854 [pool-393-thread-1] INFO  storage.RaftStorage (RaftStorage.java:format(84)) - Storage directory /workdir/hadoop-ozone/integration-test/target/test-dir/MiniOzoneClusterImpl-bca770e2-21f3-4205-a110-13506e76e1ee/datanode-1/data/ratis/f9842f48-62a1-41ec-9167-eb4b43f5cc05 has been successfully formatted.
2019-10-02 06:40:20,855 [pool-393-thread-1] INFO  ratis.ContainerStateMachine (ContainerStateMachine.java:loadSnapshot(230)) - group-EB4B43F5CC05: The snapshot info is null. Setting the last applied indexto:(t:0, i:~)
2019-10-02 06:40:20,855 [pool-393-thread-1] INFO  server.RaftServerConfigKeys (ConfUtils.java:logGet(43)) - raft.server.notification.no-leader.timeout = 120s (custom)
2019-10-02 06:40:20,855 [pool-393-thread-1] INFO  server.RaftServerConfigKeys (ConfUtils.java:logGet(43)) - raft.server.log.use.memory = false (default)
2019-10-02 06:40:20,855 [pool-393-thread-1] INFO  server.RaftServerConfigKeys (ConfUtils.java:logGet(43)) - raft.server.log.purge.gap = 1000000 (custom)
2019-10-02 06:40:20,855 [pool-393-thread-1] INFO  server.RaftServerConfigKeys (ConfUtils.java:logGet(43)) - raft.server.log.appender.buffer.byte-limit = 33554432 (custom)
2019-10-02 06:40:20,855 [pool-393-thread-1] INFO  server.RaftServerConfigKeys (ConfUtils.java:logGet(43)) - raft.server.log.segment.size.max = 1048576 (custom)
2019-10-02 06:40:20,857 [pool-393-thread-1] INFO  server.RaftServerConfigKeys (ConfUtils.java:logGet(43)) - raft.server.log.segment.cache.num.max = 2 (custom)
2019-10-02 06:40:20,857 [pool-393-thread-1] INFO  segmented.SegmentedRaftLogWorker (SegmentedRaftLogWorker.java:<init>(173)) - new faec2157-e929-4efd-9ad6-3e1ee94c18fc@group-EB4B43F5CC05-SegmentedRaftLogWorker for RaftStorage:Storage Directory /workdir/hadoop-ozone/integration-test/target/test-dir/MiniOzoneClusterImpl-bca770e2-21f3-4205-a110-13506e76e1ee/datanode-1/data/ratis/f9842f48-62a1-41ec-9167-eb4b43f5cc05
2019-10-02 06:40:20,857 [pool-393-thread-1] INFO  server.RaftServerConfigKeys (ConfUtils.java:logGet(43)) - raft.server.log.queue.byte-limit = 2147483647 (custom)
2019-10-02 06:40:20,857 [pool-393-thread-1] INFO  server.RaftServerConfigKeys (ConfUtils.java:logGet(43)) - raft.server.log.queue.element-limit = 1024 (custom)
2019-10-02 06:40:20,857 [pool-393-thread-1] INFO  server.RaftServerConfigKeys (ConfUtils.java:logGet(43)) - raft.server.log.segment.size.max = 1048576 (custom)
2019-10-02 06:40:20,857 [pool-393-thread-1] INFO  server.RaftServerConfigKeys (ConfUtils.java:logGet(43)) - raft.server.log.preallocated.size = 16384 (custom)
2019-10-02 06:40:20,857 [pool-393-thread-1] INFO  server.RaftServerConfigKeys (ConfUtils.java:logGet(43)) - raft.server.log.write.buffer.size = 33554432 (custom)
2019-10-02 06:40:20,858 [pool-393-thread-1] INFO  server.RaftServerConfigKeys (ConfUtils.java:logGet(43)) - raft.server.log.force.sync.num = 128 (default)
2019-10-02 06:40:20,858 [pool-393-thread-1] INFO  server.RaftServerConfigKeys (ConfUtils.java:logGet(43)) - raft.server.log.statemachine.data.sync = true (default)
2019-10-02 06:40:20,858 [pool-393-thread-1] INFO  server.RaftServerConfigKeys (ConfUtils.java:logGet(43)) - raft.server.log.statemachine.data.sync.timeout = 10s (default)
2019-10-02 06:40:20,858 [pool-393-thread-1] INFO  server.RaftServerConfigKeys (ConfUtils.java:logGet(43)) - raft.server.log.statemachine.data.sync.timeout.retry = -1 (default)
2019-10-02 06:40:20,858 [pool-393-thread-1] INFO  server.RaftServerConfigKeys (ConfUtils.java:logGet(43)) - raft.server.log.statemachine.data.caching.enabled = true (custom)
2019-10-02 06:40:20,858 [pool-393-thread-1] INFO  segmented.SegmentedRaftLogWorker (SegmentedRaftLogWorker.java:lambda$new$0(128)) - faec2157-e929-4efd-9ad6-3e1ee94c18fc@group-EB4B43F5CC05-SegmentedRaftLogWorker: flushIndex: setUnconditionally 0 -> -1
2019-10-02 06:40:20,859 [pool-393-thread-1] INFO  server.RaftServerConfigKeys (ConfUtils.java:logGet(43)) - raft.server.snapshot.auto.trigger.enabled = true (custom)
2019-10-02 06:40:20,859 [pool-393-thread-1] INFO  server.RaftServerConfigKeys (ConfUtils.java:logGet(43)) - raft.server.snapshot.auto.trigger.threshold = 10000 (custom)
2019-10-02 06:40:20,859 [pool-393-thread-1] INFO  server.RaftServerConfigKeys (ConfUtils.java:logGet(43)) - raft.server.snapshot.retention.file.num = 5 (custom)
2019-10-02 06:40:20,859 [pool-393-thread-1] INFO  server.RaftServerConfigKeys (ConfUtils.java:logGet(43)) - raft.server.retrycache.expirytime = 600000ms (custom)
2019-10-02 06:40:20,860 [pool-393-thread-1] INFO  impl.RaftServerImpl (RaftServerImpl.java:start(181)) - faec2157-e929-4efd-9ad6-3e1ee94c18fc@group-EB4B43F5CC05: start as a follower, conf=-1: [faec2157-e929-4efd-9ad6-3e1ee94c18fc:192.168.151.100:36797], old=null
2019-10-02 06:40:20,860 [pool-393-thread-1] INFO  impl.RaftServerImpl (RaftServerImpl.java:setRole(170)) - faec2157-e929-4efd-9ad6-3e1ee94c18fc@group-EB4B43F5CC05: changes role from      null to FOLLOWER at term 0 for startAsFollower
2019-10-02 06:40:20,861 [pool-393-thread-1] INFO  impl.RoleInfo (RoleInfo.java:updateAndGet(143)) - faec2157-e929-4efd-9ad6-3e1ee94c18fc: start FollowerState
2019-10-02 06:40:20,861 [pool-393-thread-1] INFO  util.JmxRegister (JmxRegister.java:tryRegister(44)) - Successfully registered JMX Bean with object name Ratis:service=RaftServer,group=group-EB4B43F5CC05,id=faec2157-e929-4efd-9ad6-3e1ee94c18fc
2019-10-02 06:40:20,866 [RatisPipelineUtilsThread] INFO  pipeline.PipelineStateManager (PipelineStateManager.java:addPipeline(56)) - Created pipeline Pipeline[ Id: f9842f48-62a1-41ec-9167-eb4b43f5cc05, Nodes: faec2157-e929-4efd-9ad6-3e1ee94c18fc{ip: 192.168.151.100, host: pr-hdds-2228-gv788-2265516943, networkLocation: /default-rack, certSerialId: null}, Type:RATIS, Factor:ONE, State:OPEN]
2019-10-02 06:40:20,899 [IPC Server handler 5 on 34568] INFO  net.NetworkTopology (NetworkTopologyImpl.java:add(111)) - Added a new node: /default-rack/f06bf3a6-b453-455e-9338-99610f7ac6fb
2019-10-02 06:40:20,900 [IPC Server handler 5 on 34568] INFO  node.SCMNodeManager (SCMNodeManager.java:register(266)) - Registered Data node : f06bf3a6-b453-455e-9338-99610f7ac6fb{ip: 192.168.151.100, host: pr-hdds-2228-gv788-2265516943, networkLocation: /default-rack, certSerialId: null}
2019-10-02 06:40:20,906 [grpc-default-executor-9] INFO  impl.RaftServerProxy (RaftServerProxy.java:addNew(89)) - f06bf3a6-b453-455e-9338-99610f7ac6fb: addNew group-F622B1BF6AA9:[f06bf3a6-b453-455e-9338-99610f7ac6fb:192.168.151.100:38682] returns group-F622B1BF6AA9:java.util.concurrent.CompletableFuture@520a4e14[Not completed]
2019-10-02 06:40:20,908 [pool-403-thread-1] INFO  impl.RaftServerImpl (RaftServerImpl.java:<init>(95)) - f06bf3a6-b453-455e-9338-99610f7ac6fb: new RaftServerImpl for group-F622B1BF6AA9:[f06bf3a6-b453-455e-9338-99610f7ac6fb:192.168.151.100:38682] with ContainerStateMachine:uninitialized
2019-10-02 06:40:20,908 [pool-403-thread-1] INFO  server.RaftServerConfigKeys (ConfUtils.java:logGet(43)) - raft.server.rpc.timeout.min = 5s (custom)
2019-10-02 06:40:20,908 [pool-403-thread-1] INFO  server.RaftServerConfigKeys (ConfUtils.java:logGet(43)) - raft.server.rpc.timeout.max = 5200ms (custom)
2019-10-02 06:40:20,908 [pool-403-thread-1] INFO  server.RaftServerConfigKeys (ConfUtils.java:logGet(43)) - raft.server.rpcslowness.timeout = 120s (custom)
2019-10-02 06:40:20,908 [pool-403-thread-1] INFO  server.RaftServerConfigKeys (ConfUtils.java:logGet(43)) - raft.server.sleep.deviation.threshold = 300 (default)
2019-10-02 06:40:20,908 [pool-403-thread-1] INFO  server.RaftServerConfigKeys (ConfUtils.java:logGet(43)) - raft.server.log.appender.install.snapshot.enabled = false (custom)
2019-10-02 06:40:20,908 [pool-403-thread-1] INFO  impl.RaftServerImpl (ServerState.java:<init>(103)) - f06bf3a6-b453-455e-9338-99610f7ac6fb@group-F622B1BF6AA9: ConfigurationManager, init=-1: [f06bf3a6-b453-455e-9338-99610f7ac6fb:192.168.151.100:38682], old=null, confs=<EMPTY_MAP>
2019-10-02 06:40:20,908 [pool-403-thread-1] INFO  server.RaftServerConfigKeys (ConfUtils.java:logGet(43)) - raft.server.storage.dir = [/workdir/hadoop-ozone/integration-test/target/test-dir/MiniOzoneClusterImpl-bca770e2-21f3-4205-a110-13506e76e1ee/datanode-2/data/ratis] (custom)
2019-10-02 06:40:20,909 [pool-403-thread-1] INFO  server.RaftServerConfigKeys (ConfUtils.java:logGet(43)) - raft.server.log.corruption.policy = EXCEPTION (default)
2019-10-02 06:40:20,909 [pool-403-thread-1] INFO  storage.RaftStorageDirectory (RaftStorageDirectory.java:analyzeStorage(246)) - The storage directory /workdir/hadoop-ozone/integration-test/target/test-dir/MiniOzoneClusterImpl-bca770e2-21f3-4205-a110-13506e76e1ee/datanode-2/data/ratis/8d4cbae2-aee4-4c6a-816c-f622b1bf6aa9 does not exist. Creating ...
2019-10-02 06:40:20,921 [pool-403-thread-1] INFO  storage.RaftStorageDirectory (RaftStorageDirectory.java:tryLock(328)) - Lock on /workdir/hadoop-ozone/integration-test/target/test-dir/MiniOzoneClusterImpl-bca770e2-21f3-4205-a110-13506e76e1ee/datanode-2/data/ratis/8d4cbae2-aee4-4c6a-816c-f622b1bf6aa9/in_use.lock acquired by nodename 24273@pr-hdds-2228-gv788-2265516943
2019-10-02 06:40:20,934 [pool-403-thread-1] INFO  storage.RaftStorage (RaftStorage.java:format(84)) - Storage directory /workdir/hadoop-ozone/integration-test/target/test-dir/MiniOzoneClusterImpl-bca770e2-21f3-4205-a110-13506e76e1ee/datanode-2/data/ratis/8d4cbae2-aee4-4c6a-816c-f622b1bf6aa9 has been successfully formatted.
2019-10-02 06:40:20,934 [pool-403-thread-1] INFO  ratis.ContainerStateMachine (ContainerStateMachine.java:loadSnapshot(230)) - group-F622B1BF6AA9: The snapshot info is null. Setting the last applied indexto:(t:0, i:~)
2019-10-02 06:40:20,935 [pool-403-thread-1] INFO  server.RaftServerConfigKeys (ConfUtils.java:logGet(43)) - raft.server.notification.no-leader.timeout = 120s (custom)
2019-10-02 06:40:20,935 [pool-403-thread-1] INFO  server.RaftServerConfigKeys (ConfUtils.java:logGet(43)) - raft.server.log.use.memory = false (default)
2019-10-02 06:40:20,935 [pool-403-thread-1] INFO  server.RaftServerConfigKeys (ConfUtils.java:logGet(43)) - raft.server.log.purge.gap = 1000000 (custom)
2019-10-02 06:40:20,935 [pool-403-thread-1] INFO  server.RaftServerConfigKeys (ConfUtils.java:logGet(43)) - raft.server.log.appender.buffer.byte-limit = 33554432 (custom)
2019-10-02 06:40:20,935 [pool-403-thread-1] INFO  server.RaftServerConfigKeys (ConfUtils.java:logGet(43)) - raft.server.log.segment.size.max = 1048576 (custom)
2019-10-02 06:40:20,937 [pool-403-thread-1] INFO  server.RaftServerConfigKeys (ConfUtils.java:logGet(43)) - raft.server.log.segment.cache.num.max = 2 (custom)
2019-10-02 06:40:20,937 [pool-403-thread-1] INFO  segmented.SegmentedRaftLogWorker (SegmentedRaftLogWorker.java:<init>(173)) - new f06bf3a6-b453-455e-9338-99610f7ac6fb@group-F622B1BF6AA9-SegmentedRaftLogWorker for RaftStorage:Storage Directory /workdir/hadoop-ozone/integration-test/target/test-dir/MiniOzoneClusterImpl-bca770e2-21f3-4205-a110-13506e76e1ee/datanode-2/data/ratis/8d4cbae2-aee4-4c6a-816c-f622b1bf6aa9
2019-10-02 06:40:20,937 [pool-403-thread-1] INFO  server.RaftServerConfigKeys (ConfUtils.java:logGet(43)) - raft.server.log.queue.byte-limit = 2147483647 (custom)
2019-10-02 06:40:20,937 [pool-403-thread-1] INFO  server.RaftServerConfigKeys (ConfUtils.java:logGet(43)) - raft.server.log.queue.element-limit = 1024 (custom)
2019-10-02 06:40:20,937 [pool-403-thread-1] INFO  server.RaftServerConfigKeys (ConfUtils.java:logGet(43)) - raft.server.log.segment.size.max = 1048576 (custom)
2019-10-02 06:40:20,937 [pool-403-thread-1] INFO  server.RaftServerConfigKeys (ConfUtils.java:logGet(43)) - raft.server.log.preallocated.size = 16384 (custom)
2019-10-02 06:40:20,937 [pool-403-thread-1] INFO  server.RaftServerConfigKeys (ConfUtils.java:logGet(43)) - raft.server.log.write.buffer.size = 33554432 (custom)
2019-10-02 06:40:20,937 [pool-403-thread-1] INFO  server.RaftServerConfigKeys (ConfUtils.java:logGet(43)) - raft.server.log.force.sync.num = 128 (default)
2019-10-02 06:40:20,938 [pool-403-thread-1] INFO  server.RaftServerConfigKeys (ConfUtils.java:logGet(43)) - raft.server.log.statemachine.data.sync = true (default)
2019-10-02 06:40:20,938 [pool-403-thread-1] INFO  server.RaftServerConfigKeys (ConfUtils.java:logGet(43)) - raft.server.log.statemachine.data.sync.timeout = 10s (default)
2019-10-02 06:40:20,938 [pool-403-thread-1] INFO  server.RaftServerConfigKeys (ConfUtils.java:logGet(43)) - raft.server.log.statemachine.data.sync.timeout.retry = -1 (default)
2019-10-02 06:40:20,938 [pool-403-thread-1] INFO  server.RaftServerConfigKeys (ConfUtils.java:logGet(43)) - raft.server.log.statemachine.data.caching.enabled = true (custom)
2019-10-02 06:40:20,938 [pool-403-thread-1] INFO  segmented.SegmentedRaftLogWorker (SegmentedRaftLogWorker.java:lambda$new$0(128)) - f06bf3a6-b453-455e-9338-99610f7ac6fb@group-F622B1BF6AA9-SegmentedRaftLogWorker: flushIndex: setUnconditionally 0 -> -1
2019-10-02 06:40:20,939 [pool-403-thread-1] INFO  server.RaftServerConfigKeys (ConfUtils.java:logGet(43)) - raft.server.snapshot.auto.trigger.enabled = true (custom)
2019-10-02 06:40:20,939 [pool-403-thread-1] INFO  server.RaftServerConfigKeys (ConfUtils.java:logGet(43)) - raft.server.snapshot.auto.trigger.threshold = 10000 (custom)
2019-10-02 06:40:20,939 [pool-403-thread-1] INFO  server.RaftServerConfigKeys (ConfUtils.java:logGet(43)) - raft.server.snapshot.retention.file.num = 5 (custom)
2019-10-02 06:40:20,939 [pool-403-thread-1] INFO  server.RaftServerConfigKeys (ConfUtils.java:logGet(43)) - raft.server.retrycache.expirytime = 600000ms (custom)
2019-10-02 06:40:20,941 [pool-403-thread-1] INFO  impl.RaftServerImpl (RaftServerImpl.java:start(181)) - f06bf3a6-b453-455e-9338-99610f7ac6fb@group-F622B1BF6AA9: start as a follower, conf=-1: [f06bf3a6-b453-455e-9338-99610f7ac6fb:192.168.151.100:38682], old=null
2019-10-02 06:40:20,941 [pool-403-thread-1] INFO  impl.RaftServerImpl (RaftServerImpl.java:setRole(170)) - f06bf3a6-b453-455e-9338-99610f7ac6fb@group-F622B1BF6AA9: changes role from      null to FOLLOWER at term 0 for startAsFollower
2019-10-02 06:40:20,941 [pool-403-thread-1] INFO  impl.RoleInfo (RoleInfo.java:updateAndGet(143)) - f06bf3a6-b453-455e-9338-99610f7ac6fb: start FollowerState
2019-10-02 06:40:20,941 [pool-403-thread-1] INFO  util.JmxRegister (JmxRegister.java:tryRegister(44)) - Successfully registered JMX Bean with object name Ratis:service=RaftServer,group=group-F622B1BF6AA9,id=f06bf3a6-b453-455e-9338-99610f7ac6fb
2019-10-02 06:40:20,945 [RatisPipelineUtilsThread] INFO  pipeline.PipelineStateManager (PipelineStateManager.java:addPipeline(56)) - Created pipeline Pipeline[ Id: 8d4cbae2-aee4-4c6a-816c-f622b1bf6aa9, Nodes: f06bf3a6-b453-455e-9338-99610f7ac6fb{ip: 192.168.151.100, host: pr-hdds-2228-gv788-2265516943, networkLocation: /default-rack, certSerialId: null}, Type:RATIS, Factor:ONE, State:OPEN]
2019-10-02 06:40:20,964 [grpc-default-executor-4] INFO  impl.RaftServerProxy (RaftServerProxy.java:addNew(89)) - faec2157-e929-4efd-9ad6-3e1ee94c18fc: addNew group-37663CADF5EC:[faec2157-e929-4efd-9ad6-3e1ee94c18fc:192.168.151.100:36797, f06bf3a6-b453-455e-9338-99610f7ac6fb:192.168.151.100:38682, a9c7b026-10da-4ad6-9f0f-7b064b603be2:192.168.151.100:35270] returns group-37663CADF5EC:java.util.concurrent.CompletableFuture@31a480c6[Not completed]
2019-10-02 06:40:20,964 [grpc-default-executor-8] INFO  impl.RaftServerProxy (RaftServerProxy.java:addNew(89)) - a9c7b026-10da-4ad6-9f0f-7b064b603be2: addNew group-37663CADF5EC:[faec2157-e929-4efd-9ad6-3e1ee94c18fc:192.168.151.100:36797, f06bf3a6-b453-455e-9338-99610f7ac6fb:192.168.151.100:38682, a9c7b026-10da-4ad6-9f0f-7b064b603be2:192.168.151.100:35270] returns group-37663CADF5EC:java.util.concurrent.CompletableFuture@4107cc05[Not completed]
2019-10-02 06:40:20,965 [grpc-default-executor-4] INFO  impl.RaftServerProxy (RaftServerProxy.java:addNew(89)) - f06bf3a6-b453-455e-9338-99610f7ac6fb: addNew group-37663CADF5EC:[faec2157-e929-4efd-9ad6-3e1ee94c18fc:192.168.151.100:36797, f06bf3a6-b453-455e-9338-99610f7ac6fb:192.168.151.100:38682, a9c7b026-10da-4ad6-9f0f-7b064b603be2:192.168.151.100:35270] returns group-37663CADF5EC:java.util.concurrent.CompletableFuture@2a5d0a1e[Not completed]
2019-10-02 06:40:20,965 [pool-393-thread-1] INFO  impl.RaftServerImpl (RaftServerImpl.java:<init>(95)) - faec2157-e929-4efd-9ad6-3e1ee94c18fc: new RaftServerImpl for group-37663CADF5EC:[faec2157-e929-4efd-9ad6-3e1ee94c18fc:192.168.151.100:36797, f06bf3a6-b453-455e-9338-99610f7ac6fb:192.168.151.100:38682, a9c7b026-10da-4ad6-9f0f-7b064b603be2:192.168.151.100:35270] with ContainerStateMachine:uninitialized
2019-10-02 06:40:20,966 [pool-393-thread-1] INFO  server.RaftServerConfigKeys (ConfUtils.java:logGet(43)) - raft.server.rpc.timeout.min = 5s (custom)
2019-10-02 06:40:20,966 [pool-393-thread-1] INFO  server.RaftServerConfigKeys (ConfUtils.java:logGet(43)) - raft.server.rpc.timeout.max = 5200ms (custom)
2019-10-02 06:40:20,966 [pool-393-thread-1] INFO  server.RaftServerConfigKeys (ConfUtils.java:logGet(43)) - raft.server.rpcslowness.timeout = 120s (custom)
2019-10-02 06:40:20,966 [pool-393-thread-1] INFO  server.RaftServerConfigKeys (ConfUtils.java:logGet(43)) - raft.server.sleep.deviation.threshold = 300 (default)
2019-10-02 06:40:20,966 [pool-393-thread-1] INFO  server.RaftServerConfigKeys (ConfUtils.java:logGet(43)) - raft.server.log.appender.install.snapshot.enabled = false (custom)
2019-10-02 06:40:20,966 [pool-403-thread-1] INFO  impl.RaftServerImpl (RaftServerImpl.java:<init>(95)) - f06bf3a6-b453-455e-9338-99610f7ac6fb: new RaftServerImpl for group-37663CADF5EC:[faec2157-e929-4efd-9ad6-3e1ee94c18fc:192.168.151.100:36797, f06bf3a6-b453-455e-9338-99610f7ac6fb:192.168.151.100:38682, a9c7b026-10da-4ad6-9f0f-7b064b603be2:192.168.151.100:35270] with ContainerStateMachine:uninitialized
2019-10-02 06:40:20,966 [pool-393-thread-1] INFO  impl.RaftServerImpl (ServerState.java:<init>(103)) - faec2157-e929-4efd-9ad6-3e1ee94c18fc@group-37663CADF5EC: ConfigurationManager, init=-1: [faec2157-e929-4efd-9ad6-3e1ee94c18fc:192.168.151.100:36797, f06bf3a6-b453-455e-9338-99610f7ac6fb:192.168.151.100:38682, a9c7b026-10da-4ad6-9f0f-7b064b603be2:192.168.151.100:35270], old=null, confs=<EMPTY_MAP>
2019-10-02 06:40:20,966 [pool-403-thread-1] INFO  server.RaftServerConfigKeys (ConfUtils.java:logGet(43)) - raft.server.rpc.timeout.min = 5s (custom)
2019-10-02 06:40:20,966 [pool-393-thread-1] INFO  server.RaftServerConfigKeys (ConfUtils.java:logGet(43)) - raft.server.storage.dir = [/workdir/hadoop-ozone/integration-test/target/test-dir/MiniOzoneClusterImpl-bca770e2-21f3-4205-a110-13506e76e1ee/datanode-1/data/ratis] (custom)
2019-10-02 06:40:20,967 [pool-403-thread-1] INFO  server.RaftServerConfigKeys (ConfUtils.java:logGet(43)) - raft.server.rpc.timeout.max = 5200ms (custom)
2019-10-02 06:40:20,967 [pool-383-thread-1] INFO  impl.RaftServerImpl (RaftServerImpl.java:<init>(95)) - a9c7b026-10da-4ad6-9f0f-7b064b603be2: new RaftServerImpl for group-37663CADF5EC:[faec2157-e929-4efd-9ad6-3e1ee94c18fc:192.168.151.100:36797, f06bf3a6-b453-455e-9338-99610f7ac6fb:192.168.151.100:38682, a9c7b026-10da-4ad6-9f0f-7b064b603be2:192.168.151.100:35270] with ContainerStateMachine:uninitialized
2019-10-02 06:40:20,967 [pool-383-thread-1] INFO  server.RaftServerConfigKeys (ConfUtils.java:logGet(43)) - raft.server.rpc.timeout.min = 5s (custom)
2019-10-02 06:40:20,967 [pool-383-thread-1] INFO  server.RaftServerConfigKeys (ConfUtils.java:logGet(43)) - raft.server.rpc.timeout.max = 5200ms (custom)
2019-10-02 06:40:20,967 [pool-403-thread-1] INFO  server.RaftServerConfigKeys (ConfUtils.java:logGet(43)) - raft.server.rpcslowness.timeout = 120s (custom)
2019-10-02 06:40:20,967 [pool-393-thread-1] INFO  server.RaftServerConfigKeys (ConfUtils.java:logGet(43)) - raft.server.log.corruption.policy = EXCEPTION (default)
2019-10-02 06:40:20,967 [pool-403-thread-1] INFO  server.RaftServerConfigKeys (ConfUtils.java:logGet(43)) - raft.server.sleep.deviation.threshold = 300 (default)
2019-10-02 06:40:20,967 [pool-403-thread-1] INFO  server.RaftServerConfigKeys (ConfUtils.java:logGet(43)) - raft.server.log.appender.install.snapshot.enabled = false (custom)
2019-10-02 06:40:20,967 [pool-383-thread-1] INFO  server.RaftServerConfigKeys (ConfUtils.java:logGet(43)) - raft.server.rpcslowness.timeout = 120s (custom)
2019-10-02 06:40:20,968 [pool-403-thread-1] INFO  impl.RaftServerImpl (ServerState.java:<init>(103)) - f06bf3a6-b453-455e-9338-99610f7ac6fb@group-37663CADF5EC: ConfigurationManager, init=-1: [faec2157-e929-4efd-9ad6-3e1ee94c18fc:192.168.151.100:36797, f06bf3a6-b453-455e-9338-99610f7ac6fb:192.168.151.100:38682, a9c7b026-10da-4ad6-9f0f-7b064b603be2:192.168.151.100:35270], old=null, confs=<EMPTY_MAP>
2019-10-02 06:40:20,967 [pool-393-thread-1] INFO  storage.RaftStorageDirectory (RaftStorageDirectory.java:analyzeStorage(246)) - The storage directory /workdir/hadoop-ozone/integration-test/target/test-dir/MiniOzoneClusterImpl-bca770e2-21f3-4205-a110-13506e76e1ee/datanode-1/data/ratis/f174c5c6-712f-4f3a-8072-37663cadf5ec does not exist. Creating ...
2019-10-02 06:40:20,968 [pool-403-thread-1] INFO  server.RaftServerConfigKeys (ConfUtils.java:logGet(43)) - raft.server.storage.dir = [/workdir/hadoop-ozone/integration-test/target/test-dir/MiniOzoneClusterImpl-bca770e2-21f3-4205-a110-13506e76e1ee/datanode-2/data/ratis] (custom)
2019-10-02 06:40:20,968 [pool-383-thread-1] INFO  server.RaftServerConfigKeys (ConfUtils.java:logGet(43)) - raft.server.sleep.deviation.threshold = 300 (default)
2019-10-02 06:40:20,968 [pool-403-thread-1] INFO  server.RaftServerConfigKeys (ConfUtils.java:logGet(43)) - raft.server.log.corruption.policy = EXCEPTION (default)
2019-10-02 06:40:20,968 [pool-383-thread-1] INFO  server.RaftServerConfigKeys (ConfUtils.java:logGet(43)) - raft.server.log.appender.install.snapshot.enabled = false (custom)
2019-10-02 06:40:20,968 [pool-403-thread-1] INFO  storage.RaftStorageDirectory (RaftStorageDirectory.java:analyzeStorage(246)) - The storage directory /workdir/hadoop-ozone/integration-test/target/test-dir/MiniOzoneClusterImpl-bca770e2-21f3-4205-a110-13506e76e1ee/datanode-2/data/ratis/f174c5c6-712f-4f3a-8072-37663cadf5ec does not exist. Creating ...
2019-10-02 06:40:20,968 [pool-383-thread-1] INFO  impl.RaftServerImpl (ServerState.java:<init>(103)) - a9c7b026-10da-4ad6-9f0f-7b064b603be2@group-37663CADF5EC: ConfigurationManager, init=-1: [faec2157-e929-4efd-9ad6-3e1ee94c18fc:192.168.151.100:36797, f06bf3a6-b453-455e-9338-99610f7ac6fb:192.168.151.100:38682, a9c7b026-10da-4ad6-9f0f-7b064b603be2:192.168.151.100:35270], old=null, confs=<EMPTY_MAP>
2019-10-02 06:40:20,969 [pool-383-thread-1] INFO  server.RaftServerConfigKeys (ConfUtils.java:logGet(43)) - raft.server.storage.dir = [/workdir/hadoop-ozone/integration-test/target/test-dir/MiniOzoneClusterImpl-bca770e2-21f3-4205-a110-13506e76e1ee/datanode-0/data/ratis] (custom)
2019-10-02 06:40:20,969 [pool-383-thread-1] INFO  server.RaftServerConfigKeys (ConfUtils.java:logGet(43)) - raft.server.log.corruption.policy = EXCEPTION (default)
2019-10-02 06:40:20,969 [IPC Server handler 6 on 34568] INFO  net.NetworkTopology (NetworkTopologyImpl.java:add(111)) - Added a new node: /default-rack/cfaff763-bb1f-4805-9d68-cc66e8f78360
2019-10-02 06:40:20,969 [pool-383-thread-1] INFO  storage.RaftStorageDirectory (RaftStorageDirectory.java:analyzeStorage(246)) - The storage directory /workdir/hadoop-ozone/integration-test/target/test-dir/MiniOzoneClusterImpl-bca770e2-21f3-4205-a110-13506e76e1ee/datanode-0/data/ratis/f174c5c6-712f-4f3a-8072-37663cadf5ec does not exist. Creating ...
2019-10-02 06:40:20,969 [IPC Server handler 6 on 34568] INFO  node.SCMNodeManager (SCMNodeManager.java:register(266)) - Registered Data node : cfaff763-bb1f-4805-9d68-cc66e8f78360{ip: 192.168.151.100, host: pr-hdds-2228-gv788-2265516943, networkLocation: /default-rack, certSerialId: null}
2019-10-02 06:40:20,981 [pool-403-thread-1] INFO  storage.RaftStorageDirectory (RaftStorageDirectory.java:tryLock(328)) - Lock on /workdir/hadoop-ozone/integration-test/target/test-dir/MiniOzoneClusterImpl-bca770e2-21f3-4205-a110-13506e76e1ee/datanode-2/data/ratis/f174c5c6-712f-4f3a-8072-37663cadf5ec/in_use.lock acquired by nodename 24273@pr-hdds-2228-gv788-2265516943
2019-10-02 06:40:20,981 [pool-383-thread-1] INFO  storage.RaftStorageDirectory (RaftStorageDirectory.java:tryLock(328)) - Lock on /workdir/hadoop-ozone/integration-test/target/test-dir/MiniOzoneClusterImpl-bca770e2-21f3-4205-a110-13506e76e1ee/datanode-0/data/ratis/f174c5c6-712f-4f3a-8072-37663cadf5ec/in_use.lock acquired by nodename 24273@pr-hdds-2228-gv788-2265516943
2019-10-02 06:40:20,981 [pool-393-thread-1] INFO  storage.RaftStorageDirectory (RaftStorageDirectory.java:tryLock(328)) - Lock on /workdir/hadoop-ozone/integration-test/target/test-dir/MiniOzoneClusterImpl-bca770e2-21f3-4205-a110-13506e76e1ee/datanode-1/data/ratis/f174c5c6-712f-4f3a-8072-37663cadf5ec/in_use.lock acquired by nodename 24273@pr-hdds-2228-gv788-2265516943
2019-10-02 06:40:20,995 [pool-393-thread-1] INFO  storage.RaftStorage (RaftStorage.java:format(84)) - Storage directory /workdir/hadoop-ozone/integration-test/target/test-dir/MiniOzoneClusterImpl-bca770e2-21f3-4205-a110-13506e76e1ee/datanode-1/data/ratis/f174c5c6-712f-4f3a-8072-37663cadf5ec has been successfully formatted.
2019-10-02 06:40:20,995 [pool-383-thread-1] INFO  storage.RaftStorage (RaftStorage.java:format(84)) - Storage directory /workdir/hadoop-ozone/integration-test/target/test-dir/MiniOzoneClusterImpl-bca770e2-21f3-4205-a110-13506e76e1ee/datanode-0/data/ratis/f174c5c6-712f-4f3a-8072-37663cadf5ec has been successfully formatted.
2019-10-02 06:40:20,995 [pool-393-thread-1] INFO  ratis.ContainerStateMachine (ContainerStateMachine.java:loadSnapshot(230)) - group-37663CADF5EC: The snapshot info is null. Setting the last applied indexto:(t:0, i:~)
2019-10-02 06:40:20,995 [pool-403-thread-1] INFO  storage.RaftStorage (RaftStorage.java:format(84)) - Storage directory /workdir/hadoop-ozone/integration-test/target/test-dir/MiniOzoneClusterImpl-bca770e2-21f3-4205-a110-13506e76e1ee/datanode-2/data/ratis/f174c5c6-712f-4f3a-8072-37663cadf5ec has been successfully formatted.
2019-10-02 06:40:20,995 [pool-383-thread-1] INFO  ratis.ContainerStateMachine (ContainerStateMachine.java:loadSnapshot(230)) - group-37663CADF5EC: The snapshot info is null. Setting the last applied indexto:(t:0, i:~)
2019-10-02 06:40:20,995 [pool-393-thread-1] INFO  server.RaftServerConfigKeys (ConfUtils.java:logGet(43)) - raft.server.notification.no-leader.timeout = 120s (custom)
2019-10-02 06:40:20,996 [pool-383-thread-1] INFO  server.RaftServerConfigKeys (ConfUtils.java:logGet(43)) - raft.server.notification.no-leader.timeout = 120s (custom)
2019-10-02 06:40:20,995 [pool-403-thread-1] INFO  ratis.ContainerStateMachine (ContainerStateMachine.java:loadSnapshot(230)) - group-37663CADF5EC: The snapshot info is null. Setting the last applied indexto:(t:0, i:~)
2019-10-02 06:40:20,996 [pool-383-thread-1] INFO  server.RaftServerConfigKeys (ConfUtils.java:logGet(43)) - raft.server.log.use.memory = false (default)
2019-10-02 06:40:20,996 [pool-393-thread-1] INFO  server.RaftServerConfigKeys (ConfUtils.java:logGet(43)) - raft.server.log.use.memory = false (default)
2019-10-02 06:40:20,996 [pool-383-thread-1] INFO  server.RaftServerConfigKeys (ConfUtils.java:logGet(43)) - raft.server.log.purge.gap = 1000000 (custom)
2019-10-02 06:40:20,996 [pool-403-thread-1] INFO  server.RaftServerConfigKeys (ConfUtils.java:logGet(43)) - raft.server.notification.no-leader.timeout = 120s (custom)
2019-10-02 06:40:20,996 [pool-383-thread-1] INFO  server.RaftServerConfigKeys (ConfUtils.java:logGet(43)) - raft.server.log.appender.buffer.byte-limit = 33554432 (custom)
2019-10-02 06:40:20,996 [pool-393-thread-1] INFO  server.RaftServerConfigKeys (ConfUtils.java:logGet(43)) - raft.server.log.purge.gap = 1000000 (custom)
2019-10-02 06:40:20,996 [pool-383-thread-1] INFO  server.RaftServerConfigKeys (ConfUtils.java:logGet(43)) - raft.server.log.segment.size.max = 1048576 (custom)
2019-10-02 06:40:20,996 [pool-403-thread-1] INFO  server.RaftServerConfigKeys (ConfUtils.java:logGet(43)) - raft.server.log.use.memory = false (default)
2019-10-02 06:40:20,997 [pool-383-thread-1] INFO  server.RaftServerConfigKeys (ConfUtils.java:logGet(43)) - raft.server.log.segment.cache.num.max = 2 (custom)
2019-10-02 06:40:20,997 [pool-393-thread-1] INFO  server.RaftServerConfigKeys (ConfUtils.java:logGet(43)) - raft.server.log.appender.buffer.byte-limit = 33554432 (custom)
2019-10-02 06:40:20,997 [pool-383-thread-1] INFO  segmented.SegmentedRaftLogWorker (SegmentedRaftLogWorker.java:<init>(173)) - new a9c7b026-10da-4ad6-9f0f-7b064b603be2@group-37663CADF5EC-SegmentedRaftLogWorker for RaftStorage:Storage Directory /workdir/hadoop-ozone/integration-test/target/test-dir/MiniOzoneClusterImpl-bca770e2-21f3-4205-a110-13506e76e1ee/datanode-0/data/ratis/f174c5c6-712f-4f3a-8072-37663cadf5ec
2019-10-02 06:40:20,997 [pool-403-thread-1] INFO  server.RaftServerConfigKeys (ConfUtils.java:logGet(43)) - raft.server.log.purge.gap = 1000000 (custom)
2019-10-02 06:40:20,997 [pool-383-thread-1] INFO  server.RaftServerConfigKeys (ConfUtils.java:logGet(43)) - raft.server.log.queue.byte-limit = 2147483647 (custom)
2019-10-02 06:40:20,997 [pool-393-thread-1] INFO  server.RaftServerConfigKeys (ConfUtils.java:logGet(43)) - raft.server.log.segment.size.max = 1048576 (custom)
2019-10-02 06:40:20,997 [pool-383-thread-1] INFO  server.RaftServerConfigKeys (ConfUtils.java:logGet(43)) - raft.server.log.queue.element-limit = 1024 (custom)
2019-10-02 06:40:20,997 [pool-403-thread-1] INFO  server.RaftServerConfigKeys (ConfUtils.java:logGet(43)) - raft.server.log.appender.buffer.byte-limit = 33554432 (custom)
2019-10-02 06:40:20,998 [pool-383-thread-1] INFO  server.RaftServerConfigKeys (ConfUtils.java:logGet(43)) - raft.server.log.segment.size.max = 1048576 (custom)
2019-10-02 06:40:20,997 [pool-393-thread-1] INFO  server.RaftServerConfigKeys (ConfUtils.java:logGet(43)) - raft.server.log.segment.cache.num.max = 2 (custom)
2019-10-02 06:40:20,998 [pool-383-thread-1] INFO  server.RaftServerConfigKeys (ConfUtils.java:logGet(43)) - raft.server.log.preallocated.size = 16384 (custom)
2019-10-02 06:40:20,998 [pool-403-thread-1] INFO  server.RaftServerConfigKeys (ConfUtils.java:logGet(43)) - raft.server.log.segment.size.max = 1048576 (custom)
2019-10-02 06:40:20,998 [pool-383-thread-1] INFO  server.RaftServerConfigKeys (ConfUtils.java:logGet(43)) - raft.server.log.write.buffer.size = 33554432 (custom)
2019-10-02 06:40:20,998 [pool-393-thread-1] INFO  segmented.SegmentedRaftLogWorker (SegmentedRaftLogWorker.java:<init>(173)) - new faec2157-e929-4efd-9ad6-3e1ee94c18fc@group-37663CADF5EC-SegmentedRaftLogWorker for RaftStorage:Storage Directory /workdir/hadoop-ozone/integration-test/target/test-dir/MiniOzoneClusterImpl-bca770e2-21f3-4205-a110-13506e76e1ee/datanode-1/data/ratis/f174c5c6-712f-4f3a-8072-37663cadf5ec
2019-10-02 06:40:20,998 [pool-383-thread-1] INFO  server.RaftServerConfigKeys (ConfUtils.java:logGet(43)) - raft.server.log.force.sync.num = 128 (default)
2019-10-02 06:40:20,998 [pool-403-thread-1] INFO  server.RaftServerConfigKeys (ConfUtils.java:logGet(43)) - raft.server.log.segment.cache.num.max = 2 (custom)
2019-10-02 06:40:20,998 [pool-383-thread-1] INFO  server.RaftServerConfigKeys (ConfUtils.java:logGet(43)) - raft.server.log.statemachine.data.sync = true (default)
2019-10-02 06:40:20,998 [pool-393-thread-1] INFO  server.RaftServerConfigKeys (ConfUtils.java:logGet(43)) - raft.server.log.queue.byte-limit = 2147483647 (custom)
2019-10-02 06:40:20,999 [pool-383-thread-1] INFO  server.RaftServerConfigKeys (ConfUtils.java:logGet(43)) - raft.server.log.statemachine.data.sync.timeout = 10s (default)
2019-10-02 06:40:20,999 [pool-403-thread-1] INFO  segmented.SegmentedRaftLogWorker (SegmentedRaftLogWorker.java:<init>(173)) - new f06bf3a6-b453-455e-9338-99610f7ac6fb@group-37663CADF5EC-SegmentedRaftLogWorker for RaftStorage:Storage Directory /workdir/hadoop-ozone/integration-test/target/test-dir/MiniOzoneClusterImpl-bca770e2-21f3-4205-a110-13506e76e1ee/datanode-2/data/ratis/f174c5c6-712f-4f3a-8072-37663cadf5ec
2019-10-02 06:40:20,999 [pool-383-thread-1] INFO  server.RaftServerConfigKeys (ConfUtils.java:logGet(43)) - raft.server.log.statemachine.data.sync.timeout.retry = -1 (default)
2019-10-02 06:40:20,999 [pool-393-thread-1] INFO  server.RaftServerConfigKeys (ConfUtils.java:logGet(43)) - raft.server.log.queue.element-limit = 1024 (custom)
2019-10-02 06:40:20,999 [pool-383-thread-1] INFO  server.RaftServerConfigKeys (ConfUtils.java:logGet(43)) - raft.server.log.statemachine.data.caching.enabled = true (custom)
2019-10-02 06:40:20,999 [pool-403-thread-1] INFO  server.RaftServerConfigKeys (ConfUtils.java:logGet(43)) - raft.server.log.queue.byte-limit = 2147483647 (custom)
2019-10-02 06:40:20,999 [pool-393-thread-1] INFO  server.RaftServerConfigKeys (ConfUtils.java:logGet(43)) - raft.server.log.segment.size.max = 1048576 (custom)
2019-10-02 06:40:20,999 [pool-383-thread-1] INFO  segmented.SegmentedRaftLogWorker (SegmentedRaftLogWorker.java:lambda$new$0(128)) - a9c7b026-10da-4ad6-9f0f-7b064b603be2@group-37663CADF5EC-SegmentedRaftLogWorker: flushIndex: setUnconditionally 0 -> -1
2019-10-02 06:40:20,999 [pool-403-thread-1] INFO  server.RaftServerConfigKeys (ConfUtils.java:logGet(43)) - raft.server.log.queue.element-limit = 1024 (custom)
2019-10-02 06:40:21,000 [pool-393-thread-1] INFO  server.RaftServerConfigKeys (ConfUtils.java:logGet(43)) - raft.server.log.preallocated.size = 16384 (custom)
2019-10-02 06:40:21,000 [pool-393-thread-1] INFO  server.RaftServerConfigKeys (ConfUtils.java:logGet(43)) - raft.server.log.write.buffer.size = 33554432 (custom)
2019-10-02 06:40:21,000 [pool-393-thread-1] INFO  server.RaftServerConfigKeys (ConfUtils.java:logGet(43)) - raft.server.log.force.sync.num = 128 (default)
2019-10-02 06:40:21,000 [pool-393-thread-1] INFO  server.RaftServerConfigKeys (ConfUtils.java:logGet(43)) - raft.server.log.statemachine.data.sync = true (default)
2019-10-02 06:40:21,000 [pool-393-thread-1] INFO  server.RaftServerConfigKeys (ConfUtils.java:logGet(43)) - raft.server.log.statemachine.data.sync.timeout = 10s (default)
2019-10-02 06:40:21,000 [pool-393-thread-1] INFO  server.RaftServerConfigKeys (ConfUtils.java:logGet(43)) - raft.server.log.statemachine.data.sync.timeout.retry = -1 (default)
2019-10-02 06:40:21,001 [pool-393-thread-1] INFO  server.RaftServerConfigKeys (ConfUtils.java:logGet(43)) - raft.server.log.statemachine.data.caching.enabled = true (custom)
2019-10-02 06:40:21,001 [pool-393-thread-1] INFO  segmented.SegmentedRaftLogWorker (SegmentedRaftLogWorker.java:lambda$new$0(128)) - faec2157-e929-4efd-9ad6-3e1ee94c18fc@group-37663CADF5EC-SegmentedRaftLogWorker: flushIndex: setUnconditionally 0 -> -1
2019-10-02 06:40:21,000 [pool-383-thread-1] INFO  server.RaftServerConfigKeys (ConfUtils.java:logGet(43)) - raft.server.snapshot.auto.trigger.enabled = true (custom)
2019-10-02 06:40:21,001 [pool-393-thread-1] INFO  server.RaftServerConfigKeys (ConfUtils.java:logGet(43)) - raft.server.snapshot.auto.trigger.enabled = true (custom)
2019-10-02 06:40:21,000 [pool-403-thread-1] INFO  server.RaftServerConfigKeys (ConfUtils.java:logGet(43)) - raft.server.log.segment.size.max = 1048576 (custom)
2019-10-02 06:40:21,001 [pool-403-thread-1] INFO  server.RaftServerConfigKeys (ConfUtils.java:logGet(43)) - raft.server.log.preallocated.size = 16384 (custom)
2019-10-02 06:40:21,001 [pool-393-thread-1] INFO  server.RaftServerConfigKeys (ConfUtils.java:logGet(43)) - raft.server.snapshot.auto.trigger.threshold = 10000 (custom)
2019-10-02 06:40:21,001 [pool-383-thread-1] INFO  server.RaftServerConfigKeys (ConfUtils.java:logGet(43)) - raft.server.snapshot.auto.trigger.threshold = 10000 (custom)
2019-10-02 06:40:21,002 [pool-383-thread-1] INFO  server.RaftServerConfigKeys (ConfUtils.java:logGet(43)) - raft.server.snapshot.retention.file.num = 5 (custom)
2019-10-02 06:40:21,001 [pool-393-thread-1] INFO  server.RaftServerConfigKeys (ConfUtils.java:logGet(43)) - raft.server.snapshot.retention.file.num = 5 (custom)
2019-10-02 06:40:21,001 [pool-403-thread-1] INFO  server.RaftServerConfigKeys (ConfUtils.java:logGet(43)) - raft.server.log.write.buffer.size = 33554432 (custom)
2019-10-02 06:40:21,002 [pool-403-thread-1] INFO  server.RaftServerConfigKeys (ConfUtils.java:logGet(43)) - raft.server.log.force.sync.num = 128 (default)
2019-10-02 06:40:21,002 [pool-403-thread-1] INFO  server.RaftServerConfigKeys (ConfUtils.java:logGet(43)) - raft.server.log.statemachine.data.sync = true (default)
2019-10-02 06:40:21,002 [pool-393-thread-1] INFO  server.RaftServerConfigKeys (ConfUtils.java:logGet(43)) - raft.server.retrycache.expirytime = 600000ms (custom)
2019-10-02 06:40:21,002 [pool-383-thread-1] INFO  server.RaftServerConfigKeys (ConfUtils.java:logGet(43)) - raft.server.retrycache.expirytime = 600000ms (custom)
2019-10-02 06:40:21,002 [pool-403-thread-1] INFO  server.RaftServerConfigKeys (ConfUtils.java:logGet(43)) - raft.server.log.statemachine.data.sync.timeout = 10s (default)
2019-10-02 06:40:21,003 [pool-403-thread-1] INFO  server.RaftServerConfigKeys (ConfUtils.java:logGet(43)) - raft.server.log.statemachine.data.sync.timeout.retry = -1 (default)
2019-10-02 06:40:21,003 [pool-403-thread-1] INFO  server.RaftServerConfigKeys (ConfUtils.java:logGet(43)) - raft.server.log.statemachine.data.caching.enabled = true (custom)
2019-10-02 06:40:21,003 [pool-403-thread-1] INFO  segmented.SegmentedRaftLogWorker (SegmentedRaftLogWorker.java:lambda$new$0(128)) - f06bf3a6-b453-455e-9338-99610f7ac6fb@group-37663CADF5EC-SegmentedRaftLogWorker: flushIndex: setUnconditionally 0 -> -1
2019-10-02 06:40:21,004 [pool-403-thread-1] INFO  server.RaftServerConfigKeys (ConfUtils.java:logGet(43)) - raft.server.snapshot.auto.trigger.enabled = true (custom)
2019-10-02 06:40:21,004 [pool-403-thread-1] INFO  server.RaftServerConfigKeys (ConfUtils.java:logGet(43)) - raft.server.snapshot.auto.trigger.threshold = 10000 (custom)
2019-10-02 06:40:21,004 [pool-403-thread-1] INFO  server.RaftServerConfigKeys (ConfUtils.java:logGet(43)) - raft.server.snapshot.retention.file.num = 5 (custom)
2019-10-02 06:40:21,004 [pool-403-thread-1] INFO  server.RaftServerConfigKeys (ConfUtils.java:logGet(43)) - raft.server.retrycache.expirytime = 600000ms (custom)
2019-10-02 06:40:21,007 [pool-393-thread-1] INFO  impl.RaftServerImpl (RaftServerImpl.java:start(181)) - faec2157-e929-4efd-9ad6-3e1ee94c18fc@group-37663CADF5EC: start as a follower, conf=-1: [faec2157-e929-4efd-9ad6-3e1ee94c18fc:192.168.151.100:36797, f06bf3a6-b453-455e-9338-99610f7ac6fb:192.168.151.100:38682, a9c7b026-10da-4ad6-9f0f-7b064b603be2:192.168.151.100:35270], old=null
2019-10-02 06:40:21,007 [pool-393-thread-1] INFO  impl.RaftServerImpl (RaftServerImpl.java:setRole(170)) - faec2157-e929-4efd-9ad6-3e1ee94c18fc@group-37663CADF5EC: changes role from      null to FOLLOWER at term 0 for startAsFollower
2019-10-02 06:40:21,007 [pool-393-thread-1] INFO  impl.RoleInfo (RoleInfo.java:updateAndGet(143)) - faec2157-e929-4efd-9ad6-3e1ee94c18fc: start FollowerState
2019-10-02 06:40:21,007 [pool-393-thread-1] INFO  util.JmxRegister (JmxRegister.java:tryRegister(44)) - Successfully registered JMX Bean with object name Ratis:service=RaftServer,group=group-37663CADF5EC,id=faec2157-e929-4efd-9ad6-3e1ee94c18fc
2019-10-02 06:40:21,008 [pool-383-thread-1] INFO  impl.RaftServerImpl (RaftServerImpl.java:start(181)) - a9c7b026-10da-4ad6-9f0f-7b064b603be2@group-37663CADF5EC: start as a follower, conf=-1: [faec2157-e929-4efd-9ad6-3e1ee94c18fc:192.168.151.100:36797, f06bf3a6-b453-455e-9338-99610f7ac6fb:192.168.151.100:38682, a9c7b026-10da-4ad6-9f0f-7b064b603be2:192.168.151.100:35270], old=null
2019-10-02 06:40:21,008 [pool-383-thread-1] INFO  impl.RaftServerImpl (RaftServerImpl.java:setRole(170)) - a9c7b026-10da-4ad6-9f0f-7b064b603be2@group-37663CADF5EC: changes role from      null to FOLLOWER at term 0 for startAsFollower
2019-10-02 06:40:21,008 [pool-383-thread-1] INFO  impl.RoleInfo (RoleInfo.java:updateAndGet(143)) - a9c7b026-10da-4ad6-9f0f-7b064b603be2: start FollowerState
2019-10-02 06:40:21,008 [pool-403-thread-1] INFO  impl.RaftServerImpl (RaftServerImpl.java:start(181)) - f06bf3a6-b453-455e-9338-99610f7ac6fb@group-37663CADF5EC: start as a follower, conf=-1: [faec2157-e929-4efd-9ad6-3e1ee94c18fc:192.168.151.100:36797, f06bf3a6-b453-455e-9338-99610f7ac6fb:192.168.151.100:38682, a9c7b026-10da-4ad6-9f0f-7b064b603be2:192.168.151.100:35270], old=null
2019-10-02 06:40:21,008 [pool-403-thread-1] INFO  impl.RaftServerImpl (RaftServerImpl.java:setRole(170)) - f06bf3a6-b453-455e-9338-99610f7ac6fb@group-37663CADF5EC: changes role from      null to FOLLOWER at term 0 for startAsFollower
2019-10-02 06:40:21,009 [pool-403-thread-1] INFO  impl.RoleInfo (RoleInfo.java:updateAndGet(143)) - f06bf3a6-b453-455e-9338-99610f7ac6fb: start FollowerState
2019-10-02 06:40:21,010 [pool-383-thread-1] INFO  util.JmxRegister (JmxRegister.java:tryRegister(44)) - Successfully registered JMX Bean with object name Ratis:service=RaftServer,group=group-37663CADF5EC,id=a9c7b026-10da-4ad6-9f0f-7b064b603be2
2019-10-02 06:40:21,010 [pool-403-thread-1] INFO  util.JmxRegister (JmxRegister.java:tryRegister(44)) - Successfully registered JMX Bean with object name Ratis:service=RaftServer,group=group-37663CADF5EC,id=f06bf3a6-b453-455e-9338-99610f7ac6fb
2019-10-02 06:40:21,015 [RatisPipelineUtilsThread] INFO  pipeline.PipelineStateManager (PipelineStateManager.java:addPipeline(56)) - Created pipeline Pipeline[ Id: f174c5c6-712f-4f3a-8072-37663cadf5ec, Nodes: a9c7b026-10da-4ad6-9f0f-7b064b603be2{ip: 192.168.151.100, host: pr-hdds-2228-gv788-2265516943, networkLocation: /default-rack, certSerialId: null}faec2157-e929-4efd-9ad6-3e1ee94c18fc{ip: 192.168.151.100, host: pr-hdds-2228-gv788-2265516943, networkLocation: /default-rack, certSerialId: null}f06bf3a6-b453-455e-9338-99610f7ac6fb{ip: 192.168.151.100, host: pr-hdds-2228-gv788-2265516943, networkLocation: /default-rack, certSerialId: null}, Type:RATIS, Factor:THREE, State:OPEN]
2019-10-02 06:40:21,036 [IPC Server handler 0 on 34568] INFO  net.NetworkTopology (NetworkTopologyImpl.java:add(111)) - Added a new node: /default-rack/d9b84bfa-e959-4600-b050-f5b0a5069edf
2019-10-02 06:40:21,036 [IPC Server handler 0 on 34568] INFO  node.SCMNodeManager (SCMNodeManager.java:register(266)) - Registered Data node : d9b84bfa-e959-4600-b050-f5b0a5069edf{ip: 192.168.151.100, host: pr-hdds-2228-gv788-2265516943, networkLocation: /default-rack, certSerialId: null}
2019-10-02 06:40:21,045 [grpc-default-executor-4] INFO  impl.RaftServerProxy (RaftServerProxy.java:addNew(89)) - d9b84bfa-e959-4600-b050-f5b0a5069edf: addNew group-BD29DCEC7C51:[d9b84bfa-e959-4600-b050-f5b0a5069edf:192.168.151.100:33390] returns group-BD29DCEC7C51:java.util.concurrent.CompletableFuture@39204849[Not completed]
2019-10-02 06:40:21,049 [pool-423-thread-1] INFO  impl.RaftServerImpl (RaftServerImpl.java:<init>(95)) - d9b84bfa-e959-4600-b050-f5b0a5069edf: new RaftServerImpl for group-BD29DCEC7C51:[d9b84bfa-e959-4600-b050-f5b0a5069edf:192.168.151.100:33390] with ContainerStateMachine:uninitialized
2019-10-02 06:40:21,049 [pool-423-thread-1] INFO  server.RaftServerConfigKeys (ConfUtils.java:logGet(43)) - raft.server.rpc.timeout.min = 5s (custom)
2019-10-02 06:40:21,049 [pool-423-thread-1] INFO  server.RaftServerConfigKeys (ConfUtils.java:logGet(43)) - raft.server.rpc.timeout.max = 5200ms (custom)
2019-10-02 06:40:21,049 [pool-423-thread-1] INFO  server.RaftServerConfigKeys (ConfUtils.java:logGet(43)) - raft.server.rpcslowness.timeout = 120s (custom)
2019-10-02 06:40:21,049 [pool-423-thread-1] INFO  server.RaftServerConfigKeys (ConfUtils.java:logGet(43)) - raft.server.sleep.deviation.threshold = 300 (default)
2019-10-02 06:40:21,049 [pool-423-thread-1] INFO  server.RaftServerConfigKeys (ConfUtils.java:logGet(43)) - raft.server.log.appender.install.snapshot.enabled = false (custom)
2019-10-02 06:40:21,049 [pool-423-thread-1] INFO  impl.RaftServerImpl (ServerState.java:<init>(103)) - d9b84bfa-e959-4600-b050-f5b0a5069edf@group-BD29DCEC7C51: ConfigurationManager, init=-1: [d9b84bfa-e959-4600-b050-f5b0a5069edf:192.168.151.100:33390], old=null, confs=<EMPTY_MAP>
2019-10-02 06:40:21,049 [pool-423-thread-1] INFO  server.RaftServerConfigKeys (ConfUtils.java:logGet(43)) - raft.server.storage.dir = [/workdir/hadoop-ozone/integration-test/target/test-dir/MiniOzoneClusterImpl-bca770e2-21f3-4205-a110-13506e76e1ee/datanode-4/data/ratis] (custom)
2019-10-02 06:40:21,050 [pool-423-thread-1] INFO  server.RaftServerConfigKeys (ConfUtils.java:logGet(43)) - raft.server.log.corruption.policy = EXCEPTION (default)
2019-10-02 06:40:21,050 [pool-423-thread-1] INFO  storage.RaftStorageDirectory (RaftStorageDirectory.java:analyzeStorage(246)) - The storage directory /workdir/hadoop-ozone/integration-test/target/test-dir/MiniOzoneClusterImpl-bca770e2-21f3-4205-a110-13506e76e1ee/datanode-4/data/ratis/587a1728-c041-4941-9c18-bd29dcec7c51 does not exist. Creating ...
2019-10-02 06:40:21,063 [pool-423-thread-1] INFO  storage.RaftStorageDirectory (RaftStorageDirectory.java:tryLock(328)) - Lock on /workdir/hadoop-ozone/integration-test/target/test-dir/MiniOzoneClusterImpl-bca770e2-21f3-4205-a110-13506e76e1ee/datanode-4/data/ratis/587a1728-c041-4941-9c18-bd29dcec7c51/in_use.lock acquired by nodename 24273@pr-hdds-2228-gv788-2265516943
2019-10-02 06:40:21,075 [pool-423-thread-1] INFO  storage.RaftStorage (RaftStorage.java:format(84)) - Storage directory /workdir/hadoop-ozone/integration-test/target/test-dir/MiniOzoneClusterImpl-bca770e2-21f3-4205-a110-13506e76e1ee/datanode-4/data/ratis/587a1728-c041-4941-9c18-bd29dcec7c51 has been successfully formatted.
2019-10-02 06:40:21,075 [pool-423-thread-1] INFO  ratis.ContainerStateMachine (ContainerStateMachine.java:loadSnapshot(230)) - group-BD29DCEC7C51: The snapshot info is null. Setting the last applied indexto:(t:0, i:~)
2019-10-02 06:40:21,075 [pool-423-thread-1] INFO  server.RaftServerConfigKeys (ConfUtils.java:logGet(43)) - raft.server.notification.no-leader.timeout = 120s (custom)
2019-10-02 06:40:21,075 [pool-423-thread-1] INFO  server.RaftServerConfigKeys (ConfUtils.java:logGet(43)) - raft.server.log.use.memory = false (default)
2019-10-02 06:40:21,075 [pool-423-thread-1] INFO  server.RaftServerConfigKeys (ConfUtils.java:logGet(43)) - raft.server.log.purge.gap = 1000000 (custom)
2019-10-02 06:40:21,076 [pool-423-thread-1] INFO  server.RaftServerConfigKeys (ConfUtils.java:logGet(43)) - raft.server.log.appender.buffer.byte-limit = 33554432 (custom)
2019-10-02 06:40:21,076 [pool-423-thread-1] INFO  server.RaftServerConfigKeys (ConfUtils.java:logGet(43)) - raft.server.log.segment.size.max = 1048576 (custom)
2019-10-02 06:40:21,077 [pool-423-thread-1] INFO  server.RaftServerConfigKeys (ConfUtils.java:logGet(43)) - raft.server.log.segment.cache.num.max = 2 (custom)
2019-10-02 06:40:21,077 [pool-423-thread-1] INFO  segmented.SegmentedRaftLogWorker (SegmentedRaftLogWorker.java:<init>(173)) - new d9b84bfa-e959-4600-b050-f5b0a5069edf@group-BD29DCEC7C51-SegmentedRaftLogWorker for RaftStorage:Storage Directory /workdir/hadoop-ozone/integration-test/target/test-dir/MiniOzoneClusterImpl-bca770e2-21f3-4205-a110-13506e76e1ee/datanode-4/data/ratis/587a1728-c041-4941-9c18-bd29dcec7c51
2019-10-02 06:40:21,077 [pool-423-thread-1] INFO  server.RaftServerConfigKeys (ConfUtils.java:logGet(43)) - raft.server.log.queue.byte-limit = 2147483647 (custom)
2019-10-02 06:40:21,077 [pool-423-thread-1] INFO  server.RaftServerConfigKeys (ConfUtils.java:logGet(43)) - raft.server.log.queue.element-limit = 1024 (custom)
2019-10-02 06:40:21,077 [pool-423-thread-1] INFO  server.RaftServerConfigKeys (ConfUtils.java:logGet(43)) - raft.server.log.segment.size.max = 1048576 (custom)
2019-10-02 06:40:21,077 [pool-423-thread-1] INFO  server.RaftServerConfigKeys (ConfUtils.java:logGet(43)) - raft.server.log.preallocated.size = 16384 (custom)
2019-10-02 06:40:21,077 [pool-423-thread-1] INFO  server.RaftServerConfigKeys (ConfUtils.java:logGet(43)) - raft.server.log.write.buffer.size = 33554432 (custom)
2019-10-02 06:40:21,078 [pool-423-thread-1] INFO  server.RaftServerConfigKeys (ConfUtils.java:logGet(43)) - raft.server.log.force.sync.num = 128 (default)
2019-10-02 06:40:21,078 [pool-423-thread-1] INFO  server.RaftServerConfigKeys (ConfUtils.java:logGet(43)) - raft.server.log.statemachine.data.sync = true (default)
2019-10-02 06:40:21,078 [pool-423-thread-1] INFO  server.RaftServerConfigKeys (ConfUtils.java:logGet(43)) - raft.server.log.statemachine.data.sync.timeout = 10s (default)
2019-10-02 06:40:21,078 [pool-423-thread-1] INFO  server.RaftServerConfigKeys (ConfUtils.java:logGet(43)) - raft.server.log.statemachine.data.sync.timeout.retry = -1 (default)
2019-10-02 06:40:21,078 [pool-423-thread-1] INFO  server.RaftServerConfigKeys (ConfUtils.java:logGet(43)) - raft.server.log.statemachine.data.caching.enabled = true (custom)
2019-10-02 06:40:21,078 [pool-423-thread-1] INFO  segmented.SegmentedRaftLogWorker (SegmentedRaftLogWorker.java:lambda$new$0(128)) - d9b84bfa-e959-4600-b050-f5b0a5069edf@group-BD29DCEC7C51-SegmentedRaftLogWorker: flushIndex: setUnconditionally 0 -> -1
2019-10-02 06:40:21,079 [pool-423-thread-1] INFO  server.RaftServerConfigKeys (ConfUtils.java:logGet(43)) - raft.server.snapshot.auto.trigger.enabled = true (custom)
2019-10-02 06:40:21,079 [pool-423-thread-1] INFO  server.RaftServerConfigKeys (ConfUtils.java:logGet(43)) - raft.server.snapshot.auto.trigger.threshold = 10000 (custom)
2019-10-02 06:40:21,079 [pool-423-thread-1] INFO  server.RaftServerConfigKeys (ConfUtils.java:logGet(43)) - raft.server.snapshot.retention.file.num = 5 (custom)
2019-10-02 06:40:21,079 [pool-423-thread-1] INFO  server.RaftServerConfigKeys (ConfUtils.java:logGet(43)) - raft.server.retrycache.expirytime = 600000ms (custom)
2019-10-02 06:40:21,081 [pool-423-thread-1] INFO  impl.RaftServerImpl (RaftServerImpl.java:start(181)) - d9b84bfa-e959-4600-b050-f5b0a5069edf@group-BD29DCEC7C51: start as a follower, conf=-1: [d9b84bfa-e959-4600-b050-f5b0a5069edf:192.168.151.100:33390], old=null
2019-10-02 06:40:21,081 [pool-423-thread-1] INFO  impl.RaftServerImpl (RaftServerImpl.java:setRole(170)) - d9b84bfa-e959-4600-b050-f5b0a5069edf@group-BD29DCEC7C51: changes role from      null to FOLLOWER at term 0 for startAsFollower
2019-10-02 06:40:21,081 [pool-423-thread-1] INFO  impl.RoleInfo (RoleInfo.java:updateAndGet(143)) - d9b84bfa-e959-4600-b050-f5b0a5069edf: start FollowerState
2019-10-02 06:40:21,081 [pool-423-thread-1] INFO  util.JmxRegister (JmxRegister.java:tryRegister(44)) - Successfully registered JMX Bean with object name Ratis:service=RaftServer,group=group-BD29DCEC7C51,id=d9b84bfa-e959-4600-b050-f5b0a5069edf
2019-10-02 06:40:21,084 [RatisPipelineUtilsThread] INFO  pipeline.PipelineStateManager (PipelineStateManager.java:addPipeline(56)) - Created pipeline Pipeline[ Id: 587a1728-c041-4941-9c18-bd29dcec7c51, Nodes: d9b84bfa-e959-4600-b050-f5b0a5069edf{ip: 192.168.151.100, host: pr-hdds-2228-gv788-2265516943, networkLocation: /default-rack, certSerialId: null}, Type:RATIS, Factor:ONE, State:OPEN]
2019-10-02 06:40:21,090 [grpc-default-executor-4] INFO  impl.RaftServerProxy (RaftServerProxy.java:addNew(89)) - cfaff763-bb1f-4805-9d68-cc66e8f78360: addNew group-2DFF44EC1479:[cfaff763-bb1f-4805-9d68-cc66e8f78360:192.168.151.100:34985] returns group-2DFF44EC1479:java.util.concurrent.CompletableFuture@786d2ad3[Not completed]
2019-10-02 06:40:21,090 [pool-413-thread-1] INFO  impl.RaftServerImpl (RaftServerImpl.java:<init>(95)) - cfaff763-bb1f-4805-9d68-cc66e8f78360: new RaftServerImpl for group-2DFF44EC1479:[cfaff763-bb1f-4805-9d68-cc66e8f78360:192.168.151.100:34985] with ContainerStateMachine:uninitialized
2019-10-02 06:40:21,091 [pool-413-thread-1] INFO  server.RaftServerConfigKeys (ConfUtils.java:logGet(43)) - raft.server.rpc.timeout.min = 5s (custom)
2019-10-02 06:40:21,091 [pool-413-thread-1] INFO  server.RaftServerConfigKeys (ConfUtils.java:logGet(43)) - raft.server.rpc.timeout.max = 5200ms (custom)
2019-10-02 06:40:21,091 [pool-413-thread-1] INFO  server.RaftServerConfigKeys (ConfUtils.java:logGet(43)) - raft.server.rpcslowness.timeout = 120s (custom)
2019-10-02 06:40:21,091 [pool-413-thread-1] INFO  server.RaftServerConfigKeys (ConfUtils.java:logGet(43)) - raft.server.sleep.deviation.threshold = 300 (default)
2019-10-02 06:40:21,091 [pool-413-thread-1] INFO  server.RaftServerConfigKeys (ConfUtils.java:logGet(43)) - raft.server.log.appender.install.snapshot.enabled = false (custom)
2019-10-02 06:40:21,091 [pool-413-thread-1] INFO  impl.RaftServerImpl (ServerState.java:<init>(103)) - cfaff763-bb1f-4805-9d68-cc66e8f78360@group-2DFF44EC1479: ConfigurationManager, init=-1: [cfaff763-bb1f-4805-9d68-cc66e8f78360:192.168.151.100:34985], old=null, confs=<EMPTY_MAP>
2019-10-02 06:40:21,091 [pool-413-thread-1] INFO  server.RaftServerConfigKeys (ConfUtils.java:logGet(43)) - raft.server.storage.dir = [/workdir/hadoop-ozone/integration-test/target/test-dir/MiniOzoneClusterImpl-bca770e2-21f3-4205-a110-13506e76e1ee/datanode-3/data/ratis] (custom)
2019-10-02 06:40:21,091 [pool-413-thread-1] INFO  server.RaftServerConfigKeys (ConfUtils.java:logGet(43)) - raft.server.log.corruption.policy = EXCEPTION (default)
2019-10-02 06:40:21,092 [pool-413-thread-1] INFO  storage.RaftStorageDirectory (RaftStorageDirectory.java:analyzeStorage(246)) - The storage directory /workdir/hadoop-ozone/integration-test/target/test-dir/MiniOzoneClusterImpl-bca770e2-21f3-4205-a110-13506e76e1ee/datanode-3/data/ratis/867ca4d4-3846-4235-b41d-2dff44ec1479 does not exist. Creating ...
2019-10-02 06:40:21,097 [IPC Server handler 1 on 34568] INFO  net.NetworkTopology (NetworkTopologyImpl.java:add(111)) - Added a new node: /default-rack/3d53bed2-bc03-4df9-a742-4caab98a25e4
2019-10-02 06:40:21,097 [IPC Server handler 1 on 34568] INFO  node.SCMNodeManager (SCMNodeManager.java:register(266)) - Registered Data node : 3d53bed2-bc03-4df9-a742-4caab98a25e4{ip: 192.168.151.100, host: pr-hdds-2228-gv788-2265516943, networkLocation: /default-rack, certSerialId: null}
2019-10-02 06:40:21,112 [pool-413-thread-1] INFO  storage.RaftStorageDirectory (RaftStorageDirectory.java:tryLock(328)) - Lock on /workdir/hadoop-ozone/integration-test/target/test-dir/MiniOzoneClusterImpl-bca770e2-21f3-4205-a110-13506e76e1ee/datanode-3/data/ratis/867ca4d4-3846-4235-b41d-2dff44ec1479/in_use.lock acquired by nodename 24273@pr-hdds-2228-gv788-2265516943
2019-10-02 06:40:21,148 [pool-413-thread-1] INFO  storage.RaftStorage (RaftStorage.java:format(84)) - Storage directory /workdir/hadoop-ozone/integration-test/target/test-dir/MiniOzoneClusterImpl-bca770e2-21f3-4205-a110-13506e76e1ee/datanode-3/data/ratis/867ca4d4-3846-4235-b41d-2dff44ec1479 has been successfully formatted.
2019-10-02 06:40:21,148 [pool-413-thread-1] INFO  ratis.ContainerStateMachine (ContainerStateMachine.java:loadSnapshot(230)) - group-2DFF44EC1479: The snapshot info is null. Setting the last applied indexto:(t:0, i:~)
2019-10-02 06:40:21,148 [pool-413-thread-1] INFO  server.RaftServerConfigKeys (ConfUtils.java:logGet(43)) - raft.server.notification.no-leader.timeout = 120s (custom)
2019-10-02 06:40:21,148 [pool-413-thread-1] INFO  server.RaftServerConfigKeys (ConfUtils.java:logGet(43)) - raft.server.log.use.memory = false (default)
2019-10-02 06:40:21,149 [pool-413-thread-1] INFO  server.RaftServerConfigKeys (ConfUtils.java:logGet(43)) - raft.server.log.purge.gap = 1000000 (custom)
2019-10-02 06:40:21,149 [pool-413-thread-1] INFO  server.RaftServerConfigKeys (ConfUtils.java:logGet(43)) - raft.server.log.appender.buffer.byte-limit = 33554432 (custom)
2019-10-02 06:40:21,149 [pool-413-thread-1] INFO  server.RaftServerConfigKeys (ConfUtils.java:logGet(43)) - raft.server.log.segment.size.max = 1048576 (custom)
2019-10-02 06:40:21,150 [pool-413-thread-1] INFO  server.RaftServerConfigKeys (ConfUtils.java:logGet(43)) - raft.server.log.segment.cache.num.max = 2 (custom)
2019-10-02 06:40:21,151 [pool-413-thread-1] INFO  segmented.SegmentedRaftLogWorker (SegmentedRaftLogWorker.java:<init>(173)) - new cfaff763-bb1f-4805-9d68-cc66e8f78360@group-2DFF44EC1479-SegmentedRaftLogWorker for RaftStorage:Storage Directory /workdir/hadoop-ozone/integration-test/target/test-dir/MiniOzoneClusterImpl-bca770e2-21f3-4205-a110-13506e76e1ee/datanode-3/data/ratis/867ca4d4-3846-4235-b41d-2dff44ec1479
2019-10-02 06:40:21,151 [pool-413-thread-1] INFO  server.RaftServerConfigKeys (ConfUtils.java:logGet(43)) - raft.server.log.queue.byte-limit = 2147483647 (custom)
2019-10-02 06:40:21,151 [pool-413-thread-1] INFO  server.RaftServerConfigKeys (ConfUtils.java:logGet(43)) - raft.server.log.queue.element-limit = 1024 (custom)
2019-10-02 06:40:21,151 [IPC Server handler 2 on 34568] INFO  net.NetworkTopology (NetworkTopologyImpl.java:add(111)) - Added a new node: /default-rack/1a8dc7c5-676c-4368-9d27-d112d4c92d60
2019-10-02 06:40:21,152 [IPC Server handler 2 on 34568] INFO  node.SCMNodeManager (SCMNodeManager.java:register(266)) - Registered Data node : 1a8dc7c5-676c-4368-9d27-d112d4c92d60{ip: 192.168.151.100, host: pr-hdds-2228-gv788-2265516943, networkLocation: /default-rack, certSerialId: null}
2019-10-02 06:40:21,152 [pool-413-thread-1] INFO  server.RaftServerConfigKeys (ConfUtils.java:logGet(43)) - raft.server.log.segment.size.max = 1048576 (custom)
2019-10-02 06:40:21,152 [main] INFO  ozone.MiniOzoneClusterImpl (MiniOzoneClusterImpl.java:lambda$waitForClusterToBeReady$0(147)) - Cluster is ready. Got 7 of 7 DN Heartbeats.
2019-10-02 06:40:21,152 [pool-413-thread-1] INFO  server.RaftServerConfigKeys (ConfUtils.java:logGet(43)) - raft.server.log.preallocated.size = 16384 (custom)
2019-10-02 06:40:21,152 [pool-413-thread-1] INFO  server.RaftServerConfigKeys (ConfUtils.java:logGet(43)) - raft.server.log.write.buffer.size = 33554432 (custom)
2019-10-02 06:40:21,152 [pool-413-thread-1] INFO  server.RaftServerConfigKeys (ConfUtils.java:logGet(43)) - raft.server.log.force.sync.num = 128 (default)
2019-10-02 06:40:21,152 [pool-413-thread-1] INFO  server.RaftServerConfigKeys (ConfUtils.java:logGet(43)) - raft.server.log.statemachine.data.sync = true (default)
2019-10-02 06:40:21,153 [pool-413-thread-1] INFO  server.RaftServerConfigKeys (ConfUtils.java:logGet(43)) - raft.server.log.statemachine.data.sync.timeout = 10s (default)
2019-10-02 06:40:21,153 [pool-413-thread-1] INFO  server.RaftServerConfigKeys (ConfUtils.java:logGet(43)) - raft.server.log.statemachine.data.sync.timeout.retry = -1 (default)
2019-10-02 06:40:21,153 [pool-413-thread-1] INFO  server.RaftServerConfigKeys (ConfUtils.java:logGet(43)) - raft.server.log.statemachine.data.caching.enabled = true (custom)
2019-10-02 06:40:21,153 [pool-413-thread-1] INFO  segmented.SegmentedRaftLogWorker (SegmentedRaftLogWorker.java:lambda$new$0(128)) - cfaff763-bb1f-4805-9d68-cc66e8f78360@group-2DFF44EC1479-SegmentedRaftLogWorker: flushIndex: setUnconditionally 0 -> -1
2019-10-02 06:40:21,153 [pool-413-thread-1] INFO  server.RaftServerConfigKeys (ConfUtils.java:logGet(43)) - raft.server.snapshot.auto.trigger.enabled = true (custom)
2019-10-02 06:40:21,153 [pool-413-thread-1] INFO  server.RaftServerConfigKeys (ConfUtils.java:logGet(43)) - raft.server.snapshot.auto.trigger.threshold = 10000 (custom)
2019-10-02 06:40:21,153 [pool-413-thread-1] INFO  server.RaftServerConfigKeys (ConfUtils.java:logGet(43)) - raft.server.snapshot.retention.file.num = 5 (custom)
2019-10-02 06:40:21,154 [pool-413-thread-1] INFO  server.RaftServerConfigKeys (ConfUtils.java:logGet(43)) - raft.server.retrycache.expirytime = 600000ms (custom)
2019-10-02 06:40:21,155 [pool-413-thread-1] INFO  impl.RaftServerImpl (RaftServerImpl.java:start(181)) - cfaff763-bb1f-4805-9d68-cc66e8f78360@group-2DFF44EC1479: start as a follower, conf=-1: [cfaff763-bb1f-4805-9d68-cc66e8f78360:192.168.151.100:34985], old=null
2019-10-02 06:40:21,155 [pool-413-thread-1] INFO  impl.RaftServerImpl (RaftServerImpl.java:setRole(170)) - cfaff763-bb1f-4805-9d68-cc66e8f78360@group-2DFF44EC1479: changes role from      null to FOLLOWER at term 0 for startAsFollower
2019-10-02 06:40:21,159 [pool-413-thread-1] INFO  impl.RoleInfo (RoleInfo.java:updateAndGet(143)) - cfaff763-bb1f-4805-9d68-cc66e8f78360: start FollowerState
2019-10-02 06:40:21,160 [pool-413-thread-1] INFO  util.JmxRegister (JmxRegister.java:tryRegister(44)) - Successfully registered JMX Bean with object name Ratis:service=RaftServer,group=group-2DFF44EC1479,id=cfaff763-bb1f-4805-9d68-cc66e8f78360
2019-10-02 06:40:21,174 [RatisPipelineUtilsThread] INFO  pipeline.PipelineStateManager (PipelineStateManager.java:addPipeline(56)) - Created pipeline Pipeline[ Id: 867ca4d4-3846-4235-b41d-2dff44ec1479, Nodes: cfaff763-bb1f-4805-9d68-cc66e8f78360{ip: 192.168.151.100, host: pr-hdds-2228-gv788-2265516943, networkLocation: /default-rack, certSerialId: null}, Type:RATIS, Factor:ONE, State:OPEN]
2019-10-02 06:40:21,187 [grpc-default-executor-4] INFO  impl.RaftServerProxy (RaftServerProxy.java:addNew(89)) - 1a8dc7c5-676c-4368-9d27-d112d4c92d60: addNew group-A43279117C59:[1a8dc7c5-676c-4368-9d27-d112d4c92d60:192.168.151.100:34664] returns group-A43279117C59:java.util.concurrent.CompletableFuture@20397b02[Not completed]
2019-10-02 06:40:21,187 [main] INFO  rpc.RpcClient (RpcClient.java:createVolume(276)) - Creating Volume: watchforcommithandlingtest, with jenkins1000 as owner.
2019-10-02 06:40:21,187 [pool-443-thread-1] INFO  impl.RaftServerImpl (RaftServerImpl.java:<init>(95)) - 1a8dc7c5-676c-4368-9d27-d112d4c92d60: new RaftServerImpl for group-A43279117C59:[1a8dc7c5-676c-4368-9d27-d112d4c92d60:192.168.151.100:34664] with ContainerStateMachine:uninitialized
2019-10-02 06:40:21,188 [pool-443-thread-1] INFO  server.RaftServerConfigKeys (ConfUtils.java:logGet(43)) - raft.server.rpc.timeout.min = 5s (custom)
2019-10-02 06:40:21,188 [pool-443-thread-1] INFO  server.RaftServerConfigKeys (ConfUtils.java:logGet(43)) - raft.server.rpc.timeout.max = 5200ms (custom)
2019-10-02 06:40:21,188 [pool-443-thread-1] INFO  server.RaftServerConfigKeys (ConfUtils.java:logGet(43)) - raft.server.rpcslowness.timeout = 120s (custom)
2019-10-02 06:40:21,188 [pool-443-thread-1] INFO  server.RaftServerConfigKeys (ConfUtils.java:logGet(43)) - raft.server.sleep.deviation.threshold = 300 (default)
2019-10-02 06:40:21,188 [pool-443-thread-1] INFO  server.RaftServerConfigKeys (ConfUtils.java:logGet(43)) - raft.server.log.appender.install.snapshot.enabled = false (custom)
2019-10-02 06:40:21,188 [pool-443-thread-1] INFO  impl.RaftServerImpl (ServerState.java:<init>(103)) - 1a8dc7c5-676c-4368-9d27-d112d4c92d60@group-A43279117C59: ConfigurationManager, init=-1: [1a8dc7c5-676c-4368-9d27-d112d4c92d60:192.168.151.100:34664], old=null, confs=<EMPTY_MAP>
2019-10-02 06:40:21,188 [pool-443-thread-1] INFO  server.RaftServerConfigKeys (ConfUtils.java:logGet(43)) - raft.server.storage.dir = [/workdir/hadoop-ozone/integration-test/target/test-dir/MiniOzoneClusterImpl-bca770e2-21f3-4205-a110-13506e76e1ee/datanode-6/data/ratis] (custom)
2019-10-02 06:40:21,188 [pool-443-thread-1] INFO  server.RaftServerConfigKeys (ConfUtils.java:logGet(43)) - raft.server.log.corruption.policy = EXCEPTION (default)
2019-10-02 06:40:21,188 [pool-443-thread-1] INFO  storage.RaftStorageDirectory (RaftStorageDirectory.java:analyzeStorage(246)) - The storage directory /workdir/hadoop-ozone/integration-test/target/test-dir/MiniOzoneClusterImpl-bca770e2-21f3-4205-a110-13506e76e1ee/datanode-6/data/ratis/fd54292c-29e8-4a85-a95d-a43279117c59 does not exist. Creating ...
2019-10-02 06:40:21,189 [IPC Server handler 1 on 35020] INFO  volume.OMVolumeCreateRequest (OMVolumeCreateRequest.java:validateAndUpdateCache(194)) - created volume:watchforcommithandlingtest for user:jenkins1000
2019-10-02 06:40:21,202 [pool-443-thread-1] INFO  storage.RaftStorageDirectory (RaftStorageDirectory.java:tryLock(328)) - Lock on /workdir/hadoop-ozone/integration-test/target/test-dir/MiniOzoneClusterImpl-bca770e2-21f3-4205-a110-13506e76e1ee/datanode-6/data/ratis/fd54292c-29e8-4a85-a95d-a43279117c59/in_use.lock acquired by nodename 24273@pr-hdds-2228-gv788-2265516943
2019-10-02 06:40:21,209 [main] INFO  rpc.RpcClient (RpcClient.java:createBucket(415)) - Creating Bucket: watchforcommithandlingtest/watchforcommithandlingtest, with Versioning false and Storage Type set to DISK and Encryption set to false 
2019-10-02 06:40:21,214 [main] INFO  ozone.MiniOzoneClusterImpl (MiniOzoneClusterImpl.java:getStorageContainerLocationClient(234)) - Creating StorageContainerLocationProtocol RPC client with address /0.0.0.0:38393
2019-10-02 06:40:21,215 [pool-443-thread-1] INFO  storage.RaftStorage (RaftStorage.java:format(84)) - Storage directory /workdir/hadoop-ozone/integration-test/target/test-dir/MiniOzoneClusterImpl-bca770e2-21f3-4205-a110-13506e76e1ee/datanode-6/data/ratis/fd54292c-29e8-4a85-a95d-a43279117c59 has been successfully formatted.
2019-10-02 06:40:21,215 [pool-443-thread-1] INFO  ratis.ContainerStateMachine (ContainerStateMachine.java:loadSnapshot(230)) - group-A43279117C59: The snapshot info is null. Setting the last applied indexto:(t:0, i:~)
2019-10-02 06:40:21,215 [pool-443-thread-1] INFO  server.RaftServerConfigKeys (ConfUtils.java:logGet(43)) - raft.server.notification.no-leader.timeout = 120s (custom)
2019-10-02 06:40:21,215 [pool-443-thread-1] INFO  server.RaftServerConfigKeys (ConfUtils.java:logGet(43)) - raft.server.log.use.memory = false (default)
2019-10-02 06:40:21,215 [pool-443-thread-1] INFO  server.RaftServerConfigKeys (ConfUtils.java:logGet(43)) - raft.server.log.purge.gap = 1000000 (custom)
2019-10-02 06:40:21,215 [pool-443-thread-1] INFO  server.RaftServerConfigKeys (ConfUtils.java:logGet(43)) - raft.server.log.appender.buffer.byte-limit = 33554432 (custom)
2019-10-02 06:40:21,215 [pool-443-thread-1] INFO  server.RaftServerConfigKeys (ConfUtils.java:logGet(43)) - raft.server.log.segment.size.max = 1048576 (custom)
2019-10-02 06:40:21,216 [pool-443-thread-1] INFO  server.RaftServerConfigKeys (ConfUtils.java:logGet(43)) - raft.server.log.segment.cache.num.max = 2 (custom)
2019-10-02 06:40:21,217 [pool-443-thread-1] INFO  segmented.SegmentedRaftLogWorker (SegmentedRaftLogWorker.java:<init>(173)) - new 1a8dc7c5-676c-4368-9d27-d112d4c92d60@group-A43279117C59-SegmentedRaftLogWorker for RaftStorage:Storage Directory /workdir/hadoop-ozone/integration-test/target/test-dir/MiniOzoneClusterImpl-bca770e2-21f3-4205-a110-13506e76e1ee/datanode-6/data/ratis/fd54292c-29e8-4a85-a95d-a43279117c59
2019-10-02 06:40:21,217 [pool-443-thread-1] INFO  server.RaftServerConfigKeys (ConfUtils.java:logGet(43)) - raft.server.log.queue.byte-limit = 2147483647 (custom)
2019-10-02 06:40:21,217 [pool-443-thread-1] INFO  server.RaftServerConfigKeys (ConfUtils.java:logGet(43)) - raft.server.log.queue.element-limit = 1024 (custom)
2019-10-02 06:40:21,217 [pool-443-thread-1] INFO  server.RaftServerConfigKeys (ConfUtils.java:logGet(43)) - raft.server.log.segment.size.max = 1048576 (custom)
2019-10-02 06:40:21,217 [pool-443-thread-1] INFO  server.RaftServerConfigKeys (ConfUtils.java:logGet(43)) - raft.server.log.preallocated.size = 16384 (custom)
2019-10-02 06:40:21,217 [pool-443-thread-1] INFO  server.RaftServerConfigKeys (ConfUtils.java:logGet(43)) - raft.server.log.write.buffer.size = 33554432 (custom)
2019-10-02 06:40:21,217 [pool-443-thread-1] INFO  server.RaftServerConfigKeys (ConfUtils.java:logGet(43)) - raft.server.log.force.sync.num = 128 (default)
2019-10-02 06:40:21,217 [pool-443-thread-1] INFO  server.RaftServerConfigKeys (ConfUtils.java:logGet(43)) - raft.server.log.statemachine.data.sync = true (default)
2019-10-02 06:40:21,217 [pool-443-thread-1] INFO  server.RaftServerConfigKeys (ConfUtils.java:logGet(43)) - raft.server.log.statemachine.data.sync.timeout = 10s (default)
2019-10-02 06:40:21,217 [pool-443-thread-1] INFO  server.RaftServerConfigKeys (ConfUtils.java:logGet(43)) - raft.server.log.statemachine.data.sync.timeout.retry = -1 (default)
2019-10-02 06:40:21,218 [pool-443-thread-1] INFO  server.RaftServerConfigKeys (ConfUtils.java:logGet(43)) - raft.server.log.statemachine.data.caching.enabled = true (custom)
2019-10-02 06:40:21,218 [pool-443-thread-1] INFO  segmented.SegmentedRaftLogWorker (SegmentedRaftLogWorker.java:lambda$new$0(128)) - 1a8dc7c5-676c-4368-9d27-d112d4c92d60@group-A43279117C59-SegmentedRaftLogWorker: flushIndex: setUnconditionally 0 -> -1
2019-10-02 06:40:21,218 [pool-443-thread-1] INFO  server.RaftServerConfigKeys (ConfUtils.java:logGet(43)) - raft.server.snapshot.auto.trigger.enabled = true (custom)
2019-10-02 06:40:21,218 [pool-443-thread-1] INFO  server.RaftServerConfigKeys (ConfUtils.java:logGet(43)) - raft.server.snapshot.auto.trigger.threshold = 10000 (custom)
2019-10-02 06:40:21,218 [pool-443-thread-1] INFO  server.RaftServerConfigKeys (ConfUtils.java:logGet(43)) - raft.server.snapshot.retention.file.num = 5 (custom)
2019-10-02 06:40:21,218 [pool-443-thread-1] INFO  server.RaftServerConfigKeys (ConfUtils.java:logGet(43)) - raft.server.retrycache.expirytime = 600000ms (custom)
2019-10-02 06:40:21,219 [pool-443-thread-1] INFO  impl.RaftServerImpl (RaftServerImpl.java:start(181)) - 1a8dc7c5-676c-4368-9d27-d112d4c92d60@group-A43279117C59: start as a follower, conf=-1: [1a8dc7c5-676c-4368-9d27-d112d4c92d60:192.168.151.100:34664], old=null
2019-10-02 06:40:21,219 [pool-443-thread-1] INFO  impl.RaftServerImpl (RaftServerImpl.java:setRole(170)) - 1a8dc7c5-676c-4368-9d27-d112d4c92d60@group-A43279117C59: changes role from      null to FOLLOWER at term 0 for startAsFollower
2019-10-02 06:40:21,220 [pool-443-thread-1] INFO  impl.RoleInfo (RoleInfo.java:updateAndGet(143)) - 1a8dc7c5-676c-4368-9d27-d112d4c92d60: start FollowerState
2019-10-02 06:40:21,220 [pool-443-thread-1] INFO  util.JmxRegister (JmxRegister.java:tryRegister(44)) - Successfully registered JMX Bean with object name Ratis:service=RaftServer,group=group-A43279117C59,id=1a8dc7c5-676c-4368-9d27-d112d4c92d60
2019-10-02 06:40:21,222 [RatisPipelineUtilsThread] INFO  pipeline.PipelineStateManager (PipelineStateManager.java:addPipeline(56)) - Created pipeline Pipeline[ Id: fd54292c-29e8-4a85-a95d-a43279117c59, Nodes: 1a8dc7c5-676c-4368-9d27-d112d4c92d60{ip: 192.168.151.100, host: pr-hdds-2228-gv788-2265516943, networkLocation: /default-rack, certSerialId: null}, Type:RATIS, Factor:ONE, State:OPEN]
2019-10-02 06:40:21,229 [grpc-default-executor-4] INFO  impl.RaftServerProxy (RaftServerProxy.java:addNew(89)) - 3d53bed2-bc03-4df9-a742-4caab98a25e4: addNew group-4E7EE451EBD3:[3d53bed2-bc03-4df9-a742-4caab98a25e4:192.168.151.100:41508] returns group-4E7EE451EBD3:java.util.concurrent.CompletableFuture@59ce647d[Not completed]
2019-10-02 06:40:21,231 [pool-433-thread-1] INFO  impl.RaftServerImpl (RaftServerImpl.java:<init>(95)) - 3d53bed2-bc03-4df9-a742-4caab98a25e4: new RaftServerImpl for group-4E7EE451EBD3:[3d53bed2-bc03-4df9-a742-4caab98a25e4:192.168.151.100:41508] with ContainerStateMachine:uninitialized
2019-10-02 06:40:21,231 [pool-433-thread-1] INFO  server.RaftServerConfigKeys (ConfUtils.java:logGet(43)) - raft.server.rpc.timeout.min = 5s (custom)
2019-10-02 06:40:21,231 [pool-433-thread-1] INFO  server.RaftServerConfigKeys (ConfUtils.java:logGet(43)) - raft.server.rpc.timeout.max = 5200ms (custom)
2019-10-02 06:40:21,231 [pool-433-thread-1] INFO  server.RaftServerConfigKeys (ConfUtils.java:logGet(43)) - raft.server.rpcslowness.timeout = 120s (custom)
2019-10-02 06:40:21,231 [pool-433-thread-1] INFO  server.RaftServerConfigKeys (ConfUtils.java:logGet(43)) - raft.server.sleep.deviation.threshold = 300 (default)
2019-10-02 06:40:21,231 [pool-433-thread-1] INFO  server.RaftServerConfigKeys (ConfUtils.java:logGet(43)) - raft.server.log.appender.install.snapshot.enabled = false (custom)
2019-10-02 06:40:21,231 [pool-433-thread-1] INFO  impl.RaftServerImpl (ServerState.java:<init>(103)) - 3d53bed2-bc03-4df9-a742-4caab98a25e4@group-4E7EE451EBD3: ConfigurationManager, init=-1: [3d53bed2-bc03-4df9-a742-4caab98a25e4:192.168.151.100:41508], old=null, confs=<EMPTY_MAP>
2019-10-02 06:40:21,232 [pool-433-thread-1] INFO  server.RaftServerConfigKeys (ConfUtils.java:logGet(43)) - raft.server.storage.dir = [/workdir/hadoop-ozone/integration-test/target/test-dir/MiniOzoneClusterImpl-bca770e2-21f3-4205-a110-13506e76e1ee/datanode-5/data/ratis] (custom)
2019-10-02 06:40:21,232 [pool-433-thread-1] INFO  server.RaftServerConfigKeys (ConfUtils.java:logGet(43)) - raft.server.log.corruption.policy = EXCEPTION (default)
2019-10-02 06:40:21,232 [pool-433-thread-1] INFO  storage.RaftStorageDirectory (RaftStorageDirectory.java:analyzeStorage(246)) - The storage directory /workdir/hadoop-ozone/integration-test/target/test-dir/MiniOzoneClusterImpl-bca770e2-21f3-4205-a110-13506e76e1ee/datanode-5/data/ratis/2a1073d4-349d-4b9e-b572-4e7ee451ebd3 does not exist. Creating ...
2019-10-02 06:40:21,245 [pool-433-thread-1] INFO  storage.RaftStorageDirectory (RaftStorageDirectory.java:tryLock(328)) - Lock on /workdir/hadoop-ozone/integration-test/target/test-dir/MiniOzoneClusterImpl-bca770e2-21f3-4205-a110-13506e76e1ee/datanode-5/data/ratis/2a1073d4-349d-4b9e-b572-4e7ee451ebd3/in_use.lock acquired by nodename 24273@pr-hdds-2228-gv788-2265516943
2019-10-02 06:40:21,262 [pool-433-thread-1] INFO  storage.RaftStorage (RaftStorage.java:format(84)) - Storage directory /workdir/hadoop-ozone/integration-test/target/test-dir/MiniOzoneClusterImpl-bca770e2-21f3-4205-a110-13506e76e1ee/datanode-5/data/ratis/2a1073d4-349d-4b9e-b572-4e7ee451ebd3 has been successfully formatted.
2019-10-02 06:40:21,262 [pool-433-thread-1] INFO  ratis.ContainerStateMachine (ContainerStateMachine.java:loadSnapshot(230)) - group-4E7EE451EBD3: The snapshot info is null. Setting the last applied indexto:(t:0, i:~)
2019-10-02 06:40:21,263 [pool-433-thread-1] INFO  server.RaftServerConfigKeys (ConfUtils.java:logGet(43)) - raft.server.notification.no-leader.timeout = 120s (custom)
2019-10-02 06:40:21,263 [pool-433-thread-1] INFO  server.RaftServerConfigKeys (ConfUtils.java:logGet(43)) - raft.server.log.use.memory = false (default)
2019-10-02 06:40:21,263 [pool-433-thread-1] INFO  server.RaftServerConfigKeys (ConfUtils.java:logGet(43)) - raft.server.log.purge.gap = 1000000 (custom)
2019-10-02 06:40:21,263 [pool-433-thread-1] INFO  server.RaftServerConfigKeys (ConfUtils.java:logGet(43)) - raft.server.log.appender.buffer.byte-limit = 33554432 (custom)
2019-10-02 06:40:21,263 [pool-433-thread-1] INFO  server.RaftServerConfigKeys (ConfUtils.java:logGet(43)) - raft.server.log.segment.size.max = 1048576 (custom)
2019-10-02 06:40:21,264 [pool-433-thread-1] INFO  server.RaftServerConfigKeys (ConfUtils.java:logGet(43)) - raft.server.log.segment.cache.num.max = 2 (custom)
2019-10-02 06:40:21,265 [pool-433-thread-1] INFO  segmented.SegmentedRaftLogWorker (SegmentedRaftLogWorker.java:<init>(173)) - new 3d53bed2-bc03-4df9-a742-4caab98a25e4@group-4E7EE451EBD3-SegmentedRaftLogWorker for RaftStorage:Storage Directory /workdir/hadoop-ozone/integration-test/target/test-dir/MiniOzoneClusterImpl-bca770e2-21f3-4205-a110-13506e76e1ee/datanode-5/data/ratis/2a1073d4-349d-4b9e-b572-4e7ee451ebd3
2019-10-02 06:40:21,265 [pool-433-thread-1] INFO  server.RaftServerConfigKeys (ConfUtils.java:logGet(43)) - raft.server.log.queue.byte-limit = 2147483647 (custom)
2019-10-02 06:40:21,265 [pool-433-thread-1] INFO  server.RaftServerConfigKeys (ConfUtils.java:logGet(43)) - raft.server.log.queue.element-limit = 1024 (custom)
2019-10-02 06:40:21,265 [pool-433-thread-1] INFO  server.RaftServerConfigKeys (ConfUtils.java:logGet(43)) - raft.server.log.segment.size.max = 1048576 (custom)
2019-10-02 06:40:21,265 [pool-433-thread-1] INFO  server.RaftServerConfigKeys (ConfUtils.java:logGet(43)) - raft.server.log.preallocated.size = 16384 (custom)
2019-10-02 06:40:21,265 [pool-433-thread-1] INFO  server.RaftServerConfigKeys (ConfUtils.java:logGet(43)) - raft.server.log.write.buffer.size = 33554432 (custom)
2019-10-02 06:40:21,265 [pool-433-thread-1] INFO  server.RaftServerConfigKeys (ConfUtils.java:logGet(43)) - raft.server.log.force.sync.num = 128 (default)
2019-10-02 06:40:21,265 [pool-433-thread-1] INFO  server.RaftServerConfigKeys (ConfUtils.java:logGet(43)) - raft.server.log.statemachine.data.sync = true (default)
2019-10-02 06:40:21,265 [pool-433-thread-1] INFO  server.RaftServerConfigKeys (ConfUtils.java:logGet(43)) - raft.server.log.statemachine.data.sync.timeout = 10s (default)
2019-10-02 06:40:21,266 [pool-433-thread-1] INFO  server.RaftServerConfigKeys (ConfUtils.java:logGet(43)) - raft.server.log.statemachine.data.sync.timeout.retry = -1 (default)
2019-10-02 06:40:21,266 [pool-433-thread-1] INFO  server.RaftServerConfigKeys (ConfUtils.java:logGet(43)) - raft.server.log.statemachine.data.caching.enabled = true (custom)
2019-10-02 06:40:21,266 [pool-433-thread-1] INFO  segmented.SegmentedRaftLogWorker (SegmentedRaftLogWorker.java:lambda$new$0(128)) - 3d53bed2-bc03-4df9-a742-4caab98a25e4@group-4E7EE451EBD3-SegmentedRaftLogWorker: flushIndex: setUnconditionally 0 -> -1
2019-10-02 06:40:21,266 [pool-433-thread-1] INFO  server.RaftServerConfigKeys (ConfUtils.java:logGet(43)) - raft.server.snapshot.auto.trigger.enabled = true (custom)
2019-10-02 06:40:21,266 [pool-433-thread-1] INFO  server.RaftServerConfigKeys (ConfUtils.java:logGet(43)) - raft.server.snapshot.auto.trigger.threshold = 10000 (custom)
2019-10-02 06:40:21,267 [pool-433-thread-1] INFO  server.RaftServerConfigKeys (ConfUtils.java:logGet(43)) - raft.server.snapshot.retention.file.num = 5 (custom)
2019-10-02 06:40:21,267 [pool-433-thread-1] INFO  server.RaftServerConfigKeys (ConfUtils.java:logGet(43)) - raft.server.retrycache.expirytime = 600000ms (custom)
2019-10-02 06:40:21,268 [pool-433-thread-1] INFO  impl.RaftServerImpl (RaftServerImpl.java:start(181)) - 3d53bed2-bc03-4df9-a742-4caab98a25e4@group-4E7EE451EBD3: start as a follower, conf=-1: [3d53bed2-bc03-4df9-a742-4caab98a25e4:192.168.151.100:41508], old=null
2019-10-02 06:40:21,268 [pool-433-thread-1] INFO  impl.RaftServerImpl (RaftServerImpl.java:setRole(170)) - 3d53bed2-bc03-4df9-a742-4caab98a25e4@group-4E7EE451EBD3: changes role from      null to FOLLOWER at term 0 for startAsFollower
2019-10-02 06:40:21,268 [pool-433-thread-1] INFO  impl.RoleInfo (RoleInfo.java:updateAndGet(143)) - 3d53bed2-bc03-4df9-a742-4caab98a25e4: start FollowerState
2019-10-02 06:40:21,269 [pool-433-thread-1] INFO  util.JmxRegister (JmxRegister.java:tryRegister(44)) - Successfully registered JMX Bean with object name Ratis:service=RaftServer,group=group-4E7EE451EBD3,id=3d53bed2-bc03-4df9-a742-4caab98a25e4
2019-10-02 06:40:21,271 [RatisPipelineUtilsThread] INFO  pipeline.PipelineStateManager (PipelineStateManager.java:addPipeline(56)) - Created pipeline Pipeline[ Id: 2a1073d4-349d-4b9e-b572-4e7ee451ebd3, Nodes: 3d53bed2-bc03-4df9-a742-4caab98a25e4{ip: 192.168.151.100, host: pr-hdds-2228-gv788-2265516943, networkLocation: /default-rack, certSerialId: null}, Type:RATIS, Factor:ONE, State:OPEN]
2019-10-02 06:40:21,284 [grpc-default-executor-9] INFO  impl.RaftServerProxy (RaftServerProxy.java:addNew(89)) - d9b84bfa-e959-4600-b050-f5b0a5069edf: addNew group-BA6556CC160E:[d9b84bfa-e959-4600-b050-f5b0a5069edf:192.168.151.100:33390, 3d53bed2-bc03-4df9-a742-4caab98a25e4:192.168.151.100:41508, 1a8dc7c5-676c-4368-9d27-d112d4c92d60:192.168.151.100:34664] returns group-BA6556CC160E:java.util.concurrent.CompletableFuture@75dd02ac[Not completed]
2019-10-02 06:40:21,284 [grpc-default-executor-8] INFO  impl.RaftServerProxy (RaftServerProxy.java:addNew(89)) - 3d53bed2-bc03-4df9-a742-4caab98a25e4: addNew group-BA6556CC160E:[d9b84bfa-e959-4600-b050-f5b0a5069edf:192.168.151.100:33390, 3d53bed2-bc03-4df9-a742-4caab98a25e4:192.168.151.100:41508, 1a8dc7c5-676c-4368-9d27-d112d4c92d60:192.168.151.100:34664] returns group-BA6556CC160E:java.util.concurrent.CompletableFuture@56edaaf2[Not completed]
2019-10-02 06:40:21,285 [pool-433-thread-1] INFO  impl.RaftServerImpl (RaftServerImpl.java:<init>(95)) - 3d53bed2-bc03-4df9-a742-4caab98a25e4: new RaftServerImpl for group-BA6556CC160E:[d9b84bfa-e959-4600-b050-f5b0a5069edf:192.168.151.100:33390, 3d53bed2-bc03-4df9-a742-4caab98a25e4:192.168.151.100:41508, 1a8dc7c5-676c-4368-9d27-d112d4c92d60:192.168.151.100:34664] with ContainerStateMachine:uninitialized
2019-10-02 06:40:21,285 [pool-433-thread-1] INFO  server.RaftServerConfigKeys (ConfUtils.java:logGet(43)) - raft.server.rpc.timeout.min = 5s (custom)
2019-10-02 06:40:21,285 [grpc-default-executor-8] INFO  impl.RaftServerProxy (RaftServerProxy.java:addNew(89)) - 1a8dc7c5-676c-4368-9d27-d112d4c92d60: addNew group-BA6556CC160E:[d9b84bfa-e959-4600-b050-f5b0a5069edf:192.168.151.100:33390, 3d53bed2-bc03-4df9-a742-4caab98a25e4:192.168.151.100:41508, 1a8dc7c5-676c-4368-9d27-d112d4c92d60:192.168.151.100:34664] returns group-BA6556CC160E:java.util.concurrent.CompletableFuture@50bbc37f[Not completed]
2019-10-02 06:40:21,285 [pool-433-thread-1] INFO  server.RaftServerConfigKeys (ConfUtils.java:logGet(43)) - raft.server.rpc.timeout.max = 5200ms (custom)
2019-10-02 06:40:21,285 [pool-423-thread-1] INFO  impl.RaftServerImpl (RaftServerImpl.java:<init>(95)) - d9b84bfa-e959-4600-b050-f5b0a5069edf: new RaftServerImpl for group-BA6556CC160E:[d9b84bfa-e959-4600-b050-f5b0a5069edf:192.168.151.100:33390, 3d53bed2-bc03-4df9-a742-4caab98a25e4:192.168.151.100:41508, 1a8dc7c5-676c-4368-9d27-d112d4c92d60:192.168.151.100:34664] with ContainerStateMachine:uninitialized
2019-10-02 06:40:21,285 [pool-433-thread-1] INFO  server.RaftServerConfigKeys (ConfUtils.java:logGet(43)) - raft.server.rpcslowness.timeout = 120s (custom)
2019-10-02 06:40:21,285 [pool-423-thread-1] INFO  server.RaftServerConfigKeys (ConfUtils.java:logGet(43)) - raft.server.rpc.timeout.min = 5s (custom)
2019-10-02 06:40:21,285 [pool-433-thread-1] INFO  server.RaftServerConfigKeys (ConfUtils.java:logGet(43)) - raft.server.sleep.deviation.threshold = 300 (default)
2019-10-02 06:40:21,285 [pool-423-thread-1] INFO  server.RaftServerConfigKeys (ConfUtils.java:logGet(43)) - raft.server.rpc.timeout.max = 5200ms (custom)
2019-10-02 06:40:21,286 [pool-433-thread-1] INFO  server.RaftServerConfigKeys (ConfUtils.java:logGet(43)) - raft.server.log.appender.install.snapshot.enabled = false (custom)
2019-10-02 06:40:21,286 [pool-423-thread-1] INFO  server.RaftServerConfigKeys (ConfUtils.java:logGet(43)) - raft.server.rpcslowness.timeout = 120s (custom)
2019-10-02 06:40:21,286 [pool-433-thread-1] INFO  impl.RaftServerImpl (ServerState.java:<init>(103)) - 3d53bed2-bc03-4df9-a742-4caab98a25e4@group-BA6556CC160E: ConfigurationManager, init=-1: [d9b84bfa-e959-4600-b050-f5b0a5069edf:192.168.151.100:33390, 3d53bed2-bc03-4df9-a742-4caab98a25e4:192.168.151.100:41508, 1a8dc7c5-676c-4368-9d27-d112d4c92d60:192.168.151.100:34664], old=null, confs=<EMPTY_MAP>
2019-10-02 06:40:21,286 [pool-423-thread-1] INFO  server.RaftServerConfigKeys (ConfUtils.java:logGet(43)) - raft.server.sleep.deviation.threshold = 300 (default)
2019-10-02 06:40:21,286 [pool-433-thread-1] INFO  server.RaftServerConfigKeys (ConfUtils.java:logGet(43)) - raft.server.storage.dir = [/workdir/hadoop-ozone/integration-test/target/test-dir/MiniOzoneClusterImpl-bca770e2-21f3-4205-a110-13506e76e1ee/datanode-5/data/ratis] (custom)
2019-10-02 06:40:21,286 [pool-443-thread-1] INFO  impl.RaftServerImpl (RaftServerImpl.java:<init>(95)) - 1a8dc7c5-676c-4368-9d27-d112d4c92d60: new RaftServerImpl for group-BA6556CC160E:[d9b84bfa-e959-4600-b050-f5b0a5069edf:192.168.151.100:33390, 3d53bed2-bc03-4df9-a742-4caab98a25e4:192.168.151.100:41508, 1a8dc7c5-676c-4368-9d27-d112d4c92d60:192.168.151.100:34664] with ContainerStateMachine:uninitialized
2019-10-02 06:40:21,286 [pool-433-thread-1] INFO  server.RaftServerConfigKeys (ConfUtils.java:logGet(43)) - raft.server.log.corruption.policy = EXCEPTION (default)
2019-10-02 06:40:21,286 [pool-423-thread-1] INFO  server.RaftServerConfigKeys (ConfUtils.java:logGet(43)) - raft.server.log.appender.install.snapshot.enabled = false (custom)
2019-10-02 06:40:21,286 [pool-433-thread-1] INFO  storage.RaftStorageDirectory (RaftStorageDirectory.java:analyzeStorage(246)) - The storage directory /workdir/hadoop-ozone/integration-test/target/test-dir/MiniOzoneClusterImpl-bca770e2-21f3-4205-a110-13506e76e1ee/datanode-5/data/ratis/dda5c639-f51a-4047-a04d-ba6556cc160e does not exist. Creating ...
2019-10-02 06:40:21,286 [pool-443-thread-1] INFO  server.RaftServerConfigKeys (ConfUtils.java:logGet(43)) - raft.server.rpc.timeout.min = 5s (custom)
2019-10-02 06:40:21,286 [pool-423-thread-1] INFO  impl.RaftServerImpl (ServerState.java:<init>(103)) - d9b84bfa-e959-4600-b050-f5b0a5069edf@group-BA6556CC160E: ConfigurationManager, init=-1: [d9b84bfa-e959-4600-b050-f5b0a5069edf:192.168.151.100:33390, 3d53bed2-bc03-4df9-a742-4caab98a25e4:192.168.151.100:41508, 1a8dc7c5-676c-4368-9d27-d112d4c92d60:192.168.151.100:34664], old=null, confs=<EMPTY_MAP>
2019-10-02 06:40:21,287 [pool-443-thread-1] INFO  server.RaftServerConfigKeys (ConfUtils.java:logGet(43)) - raft.server.rpc.timeout.max = 5200ms (custom)
2019-10-02 06:40:21,287 [pool-423-thread-1] INFO  server.RaftServerConfigKeys (ConfUtils.java:logGet(43)) - raft.server.storage.dir = [/workdir/hadoop-ozone/integration-test/target/test-dir/MiniOzoneClusterImpl-bca770e2-21f3-4205-a110-13506e76e1ee/datanode-4/data/ratis] (custom)
2019-10-02 06:40:21,287 [pool-443-thread-1] INFO  server.RaftServerConfigKeys (ConfUtils.java:logGet(43)) - raft.server.rpcslowness.timeout = 120s (custom)
2019-10-02 06:40:21,287 [pool-423-thread-1] INFO  server.RaftServerConfigKeys (ConfUtils.java:logGet(43)) - raft.server.log.corruption.policy = EXCEPTION (default)
2019-10-02 06:40:21,287 [pool-443-thread-1] INFO  server.RaftServerConfigKeys (ConfUtils.java:logGet(43)) - raft.server.sleep.deviation.threshold = 300 (default)
2019-10-02 06:40:21,287 [pool-443-thread-1] INFO  server.RaftServerConfigKeys (ConfUtils.java:logGet(43)) - raft.server.log.appender.install.snapshot.enabled = false (custom)
2019-10-02 06:40:21,287 [pool-423-thread-1] INFO  storage.RaftStorageDirectory (RaftStorageDirectory.java:analyzeStorage(246)) - The storage directory /workdir/hadoop-ozone/integration-test/target/test-dir/MiniOzoneClusterImpl-bca770e2-21f3-4205-a110-13506e76e1ee/datanode-4/data/ratis/dda5c639-f51a-4047-a04d-ba6556cc160e does not exist. Creating ...
2019-10-02 06:40:21,287 [pool-443-thread-1] INFO  impl.RaftServerImpl (ServerState.java:<init>(103)) - 1a8dc7c5-676c-4368-9d27-d112d4c92d60@group-BA6556CC160E: ConfigurationManager, init=-1: [d9b84bfa-e959-4600-b050-f5b0a5069edf:192.168.151.100:33390, 3d53bed2-bc03-4df9-a742-4caab98a25e4:192.168.151.100:41508, 1a8dc7c5-676c-4368-9d27-d112d4c92d60:192.168.151.100:34664], old=null, confs=<EMPTY_MAP>
2019-10-02 06:40:21,288 [pool-443-thread-1] INFO  server.RaftServerConfigKeys (ConfUtils.java:logGet(43)) - raft.server.storage.dir = [/workdir/hadoop-ozone/integration-test/target/test-dir/MiniOzoneClusterImpl-bca770e2-21f3-4205-a110-13506e76e1ee/datanode-6/data/ratis] (custom)
2019-10-02 06:40:21,288 [pool-443-thread-1] INFO  server.RaftServerConfigKeys (ConfUtils.java:logGet(43)) - raft.server.log.corruption.policy = EXCEPTION (default)
2019-10-02 06:40:21,288 [pool-443-thread-1] INFO  storage.RaftStorageDirectory (RaftStorageDirectory.java:analyzeStorage(246)) - The storage directory /workdir/hadoop-ozone/integration-test/target/test-dir/MiniOzoneClusterImpl-bca770e2-21f3-4205-a110-13506e76e1ee/datanode-6/data/ratis/dda5c639-f51a-4047-a04d-ba6556cc160e does not exist. Creating ...
2019-10-02 06:40:21,300 [pool-423-thread-1] INFO  storage.RaftStorageDirectory (RaftStorageDirectory.java:tryLock(328)) - Lock on /workdir/hadoop-ozone/integration-test/target/test-dir/MiniOzoneClusterImpl-bca770e2-21f3-4205-a110-13506e76e1ee/datanode-4/data/ratis/dda5c639-f51a-4047-a04d-ba6556cc160e/in_use.lock acquired by nodename 24273@pr-hdds-2228-gv788-2265516943
2019-10-02 06:40:21,300 [pool-443-thread-1] INFO  storage.RaftStorageDirectory (RaftStorageDirectory.java:tryLock(328)) - Lock on /workdir/hadoop-ozone/integration-test/target/test-dir/MiniOzoneClusterImpl-bca770e2-21f3-4205-a110-13506e76e1ee/datanode-6/data/ratis/dda5c639-f51a-4047-a04d-ba6556cc160e/in_use.lock acquired by nodename 24273@pr-hdds-2228-gv788-2265516943
2019-10-02 06:40:21,300 [pool-433-thread-1] INFO  storage.RaftStorageDirectory (RaftStorageDirectory.java:tryLock(328)) - Lock on /workdir/hadoop-ozone/integration-test/target/test-dir/MiniOzoneClusterImpl-bca770e2-21f3-4205-a110-13506e76e1ee/datanode-5/data/ratis/dda5c639-f51a-4047-a04d-ba6556cc160e/in_use.lock acquired by nodename 24273@pr-hdds-2228-gv788-2265516943
2019-10-02 06:40:21,313 [pool-433-thread-1] INFO  storage.RaftStorage (RaftStorage.java:format(84)) - Storage directory /workdir/hadoop-ozone/integration-test/target/test-dir/MiniOzoneClusterImpl-bca770e2-21f3-4205-a110-13506e76e1ee/datanode-5/data/ratis/dda5c639-f51a-4047-a04d-ba6556cc160e has been successfully formatted.
2019-10-02 06:40:21,313 [pool-443-thread-1] INFO  storage.RaftStorage (RaftStorage.java:format(84)) - Storage directory /workdir/hadoop-ozone/integration-test/target/test-dir/MiniOzoneClusterImpl-bca770e2-21f3-4205-a110-13506e76e1ee/datanode-6/data/ratis/dda5c639-f51a-4047-a04d-ba6556cc160e has been successfully formatted.
2019-10-02 06:40:21,313 [pool-423-thread-1] INFO  storage.RaftStorage (RaftStorage.java:format(84)) - Storage directory /workdir/hadoop-ozone/integration-test/target/test-dir/MiniOzoneClusterImpl-bca770e2-21f3-4205-a110-13506e76e1ee/datanode-4/data/ratis/dda5c639-f51a-4047-a04d-ba6556cc160e has been successfully formatted.
2019-10-02 06:40:21,313 [pool-433-thread-1] INFO  ratis.ContainerStateMachine (ContainerStateMachine.java:loadSnapshot(230)) - group-BA6556CC160E: The snapshot info is null. Setting the last applied indexto:(t:0, i:~)
2019-10-02 06:40:21,314 [pool-423-thread-1] INFO  ratis.ContainerStateMachine (ContainerStateMachine.java:loadSnapshot(230)) - group-BA6556CC160E: The snapshot info is null. Setting the last applied indexto:(t:0, i:~)
2019-10-02 06:40:21,314 [pool-443-thread-1] INFO  ratis.ContainerStateMachine (ContainerStateMachine.java:loadSnapshot(230)) - group-BA6556CC160E: The snapshot info is null. Setting the last applied indexto:(t:0, i:~)
2019-10-02 06:40:21,314 [pool-423-thread-1] INFO  server.RaftServerConfigKeys (ConfUtils.java:logGet(43)) - raft.server.notification.no-leader.timeout = 120s (custom)
2019-10-02 06:40:21,314 [pool-433-thread-1] INFO  server.RaftServerConfigKeys (ConfUtils.java:logGet(43)) - raft.server.notification.no-leader.timeout = 120s (custom)
2019-10-02 06:40:21,314 [pool-423-thread-1] INFO  server.RaftServerConfigKeys (ConfUtils.java:logGet(43)) - raft.server.log.use.memory = false (default)
2019-10-02 06:40:21,314 [pool-443-thread-1] INFO  server.RaftServerConfigKeys (ConfUtils.java:logGet(43)) - raft.server.notification.no-leader.timeout = 120s (custom)
2019-10-02 06:40:21,314 [pool-423-thread-1] INFO  server.RaftServerConfigKeys (ConfUtils.java:logGet(43)) - raft.server.log.purge.gap = 1000000 (custom)
2019-10-02 06:40:21,314 [pool-433-thread-1] INFO  server.RaftServerConfigKeys (ConfUtils.java:logGet(43)) - raft.server.log.use.memory = false (default)
2019-10-02 06:40:21,314 [pool-423-thread-1] INFO  server.RaftServerConfigKeys (ConfUtils.java:logGet(43)) - raft.server.log.appender.buffer.byte-limit = 33554432 (custom)
2019-10-02 06:40:21,314 [pool-443-thread-1] INFO  server.RaftServerConfigKeys (ConfUtils.java:logGet(43)) - raft.server.log.use.memory = false (default)
2019-10-02 06:40:21,315 [pool-423-thread-1] INFO  server.RaftServerConfigKeys (ConfUtils.java:logGet(43)) - raft.server.log.segment.size.max = 1048576 (custom)
2019-10-02 06:40:21,315 [pool-433-thread-1] INFO  server.RaftServerConfigKeys (ConfUtils.java:logGet(43)) - raft.server.log.purge.gap = 1000000 (custom)
2019-10-02 06:40:21,315 [pool-423-thread-1] INFO  server.RaftServerConfigKeys (ConfUtils.java:logGet(43)) - raft.server.log.segment.cache.num.max = 2 (custom)
2019-10-02 06:40:21,315 [pool-443-thread-1] INFO  server.RaftServerConfigKeys (ConfUtils.java:logGet(43)) - raft.server.log.purge.gap = 1000000 (custom)
2019-10-02 06:40:21,315 [pool-423-thread-1] INFO  segmented.SegmentedRaftLogWorker (SegmentedRaftLogWorker.java:<init>(173)) - new d9b84bfa-e959-4600-b050-f5b0a5069edf@group-BA6556CC160E-SegmentedRaftLogWorker for RaftStorage:Storage Directory /workdir/hadoop-ozone/integration-test/target/test-dir/MiniOzoneClusterImpl-bca770e2-21f3-4205-a110-13506e76e1ee/datanode-4/data/ratis/dda5c639-f51a-4047-a04d-ba6556cc160e
2019-10-02 06:40:21,315 [pool-433-thread-1] INFO  server.RaftServerConfigKeys (ConfUtils.java:logGet(43)) - raft.server.log.appender.buffer.byte-limit = 33554432 (custom)
2019-10-02 06:40:21,315 [pool-423-thread-1] INFO  server.RaftServerConfigKeys (ConfUtils.java:logGet(43)) - raft.server.log.queue.byte-limit = 2147483647 (custom)
2019-10-02 06:40:21,315 [pool-443-thread-1] INFO  server.RaftServerConfigKeys (ConfUtils.java:logGet(43)) - raft.server.log.appender.buffer.byte-limit = 33554432 (custom)
2019-10-02 06:40:21,316 [pool-423-thread-1] INFO  server.RaftServerConfigKeys (ConfUtils.java:logGet(43)) - raft.server.log.queue.element-limit = 1024 (custom)
2019-10-02 06:40:21,315 [pool-433-thread-1] INFO  server.RaftServerConfigKeys (ConfUtils.java:logGet(43)) - raft.server.log.segment.size.max = 1048576 (custom)
2019-10-02 06:40:21,316 [pool-423-thread-1] INFO  server.RaftServerConfigKeys (ConfUtils.java:logGet(43)) - raft.server.log.segment.size.max = 1048576 (custom)
2019-10-02 06:40:21,316 [pool-443-thread-1] INFO  server.RaftServerConfigKeys (ConfUtils.java:logGet(43)) - raft.server.log.segment.size.max = 1048576 (custom)
2019-10-02 06:40:21,316 [pool-423-thread-1] INFO  server.RaftServerConfigKeys (ConfUtils.java:logGet(43)) - raft.server.log.preallocated.size = 16384 (custom)
2019-10-02 06:40:21,316 [pool-433-thread-1] INFO  server.RaftServerConfigKeys (ConfUtils.java:logGet(43)) - raft.server.log.segment.cache.num.max = 2 (custom)
2019-10-02 06:40:21,316 [pool-423-thread-1] INFO  server.RaftServerConfigKeys (ConfUtils.java:logGet(43)) - raft.server.log.write.buffer.size = 33554432 (custom)
2019-10-02 06:40:21,316 [pool-443-thread-1] INFO  server.RaftServerConfigKeys (ConfUtils.java:logGet(43)) - raft.server.log.segment.cache.num.max = 2 (custom)
2019-10-02 06:40:21,317 [pool-423-thread-1] INFO  server.RaftServerConfigKeys (ConfUtils.java:logGet(43)) - raft.server.log.force.sync.num = 128 (default)
2019-10-02 06:40:21,316 [pool-433-thread-1] INFO  segmented.SegmentedRaftLogWorker (SegmentedRaftLogWorker.java:<init>(173)) - new 3d53bed2-bc03-4df9-a742-4caab98a25e4@group-BA6556CC160E-SegmentedRaftLogWorker for RaftStorage:Storage Directory /workdir/hadoop-ozone/integration-test/target/test-dir/MiniOzoneClusterImpl-bca770e2-21f3-4205-a110-13506e76e1ee/datanode-5/data/ratis/dda5c639-f51a-4047-a04d-ba6556cc160e
2019-10-02 06:40:21,317 [pool-423-thread-1] INFO  server.RaftServerConfigKeys (ConfUtils.java:logGet(43)) - raft.server.log.statemachine.data.sync = true (default)
2019-10-02 06:40:21,317 [pool-443-thread-1] INFO  segmented.SegmentedRaftLogWorker (SegmentedRaftLogWorker.java:<init>(173)) - new 1a8dc7c5-676c-4368-9d27-d112d4c92d60@group-BA6556CC160E-SegmentedRaftLogWorker for RaftStorage:Storage Directory /workdir/hadoop-ozone/integration-test/target/test-dir/MiniOzoneClusterImpl-bca770e2-21f3-4205-a110-13506e76e1ee/datanode-6/data/ratis/dda5c639-f51a-4047-a04d-ba6556cc160e
2019-10-02 06:40:21,317 [pool-423-thread-1] INFO  server.RaftServerConfigKeys (ConfUtils.java:logGet(43)) - raft.server.log.statemachine.data.sync.timeout = 10s (default)
2019-10-02 06:40:21,317 [pool-433-thread-1] INFO  server.RaftServerConfigKeys (ConfUtils.java:logGet(43)) - raft.server.log.queue.byte-limit = 2147483647 (custom)
2019-10-02 06:40:21,317 [pool-423-thread-1] INFO  server.RaftServerConfigKeys (ConfUtils.java:logGet(43)) - raft.server.log.statemachine.data.sync.timeout.retry = -1 (default)
2019-10-02 06:40:21,317 [pool-443-thread-1] INFO  server.RaftServerConfigKeys (ConfUtils.java:logGet(43)) - raft.server.log.queue.byte-limit = 2147483647 (custom)
2019-10-02 06:40:21,317 [pool-423-thread-1] INFO  server.RaftServerConfigKeys (ConfUtils.java:logGet(43)) - raft.server.log.statemachine.data.caching.enabled = true (custom)
2019-10-02 06:40:21,317 [pool-433-thread-1] INFO  server.RaftServerConfigKeys (ConfUtils.java:logGet(43)) - raft.server.log.queue.element-limit = 1024 (custom)
2019-10-02 06:40:21,318 [pool-443-thread-1] INFO  server.RaftServerConfigKeys (ConfUtils.java:logGet(43)) - raft.server.log.queue.element-limit = 1024 (custom)
2019-10-02 06:40:21,318 [pool-423-thread-1] INFO  segmented.SegmentedRaftLogWorker (SegmentedRaftLogWorker.java:lambda$new$0(128)) - d9b84bfa-e959-4600-b050-f5b0a5069edf@group-BA6556CC160E-SegmentedRaftLogWorker: flushIndex: setUnconditionally 0 -> -1
2019-10-02 06:40:21,318 [pool-433-thread-1] INFO  server.RaftServerConfigKeys (ConfUtils.java:logGet(43)) - raft.server.log.segment.size.max = 1048576 (custom)
2019-10-02 06:40:21,318 [pool-443-thread-1] INFO  server.RaftServerConfigKeys (ConfUtils.java:logGet(43)) - raft.server.log.segment.size.max = 1048576 (custom)
2019-10-02 06:40:21,318 [pool-423-thread-1] INFO  server.RaftServerConfigKeys (ConfUtils.java:logGet(43)) - raft.server.snapshot.auto.trigger.enabled = true (custom)
2019-10-02 06:40:21,318 [pool-433-thread-1] INFO  server.RaftServerConfigKeys (ConfUtils.java:logGet(43)) - raft.server.log.preallocated.size = 16384 (custom)
2019-10-02 06:40:21,318 [pool-423-thread-1] INFO  server.RaftServerConfigKeys (ConfUtils.java:logGet(43)) - raft.server.snapshot.auto.trigger.threshold = 10000 (custom)
2019-10-02 06:40:21,318 [pool-443-thread-1] INFO  server.RaftServerConfigKeys (ConfUtils.java:logGet(43)) - raft.server.log.preallocated.size = 16384 (custom)
2019-10-02 06:40:21,319 [pool-423-thread-1] INFO  server.RaftServerConfigKeys (ConfUtils.java:logGet(43)) - raft.server.snapshot.retention.file.num = 5 (custom)
2019-10-02 06:40:21,318 [pool-433-thread-1] INFO  server.RaftServerConfigKeys (ConfUtils.java:logGet(43)) - raft.server.log.write.buffer.size = 33554432 (custom)
2019-10-02 06:40:21,319 [pool-423-thread-1] INFO  server.RaftServerConfigKeys (ConfUtils.java:logGet(43)) - raft.server.retrycache.expirytime = 600000ms (custom)
2019-10-02 06:40:21,319 [pool-443-thread-1] INFO  server.RaftServerConfigKeys (ConfUtils.java:logGet(43)) - raft.server.log.write.buffer.size = 33554432 (custom)
2019-10-02 06:40:21,319 [pool-433-thread-1] INFO  server.RaftServerConfigKeys (ConfUtils.java:logGet(43)) - raft.server.log.force.sync.num = 128 (default)
2019-10-02 06:40:21,319 [pool-443-thread-1] INFO  server.RaftServerConfigKeys (ConfUtils.java:logGet(43)) - raft.server.log.force.sync.num = 128 (default)
2019-10-02 06:40:21,319 [pool-433-thread-1] INFO  server.RaftServerConfigKeys (ConfUtils.java:logGet(43)) - raft.server.log.statemachine.data.sync = true (default)
2019-10-02 06:40:21,319 [pool-443-thread-1] INFO  server.RaftServerConfigKeys (ConfUtils.java:logGet(43)) - raft.server.log.statemachine.data.sync = true (default)
2019-10-02 06:40:21,319 [pool-433-thread-1] INFO  server.RaftServerConfigKeys (ConfUtils.java:logGet(43)) - raft.server.log.statemachine.data.sync.timeout = 10s (default)
2019-10-02 06:40:21,320 [pool-443-thread-1] INFO  server.RaftServerConfigKeys (ConfUtils.java:logGet(43)) - raft.server.log.statemachine.data.sync.timeout = 10s (default)
2019-10-02 06:40:21,320 [pool-433-thread-1] INFO  server.RaftServerConfigKeys (ConfUtils.java:logGet(43)) - raft.server.log.statemachine.data.sync.timeout.retry = -1 (default)
2019-10-02 06:40:21,320 [pool-443-thread-1] INFO  server.RaftServerConfigKeys (ConfUtils.java:logGet(43)) - raft.server.log.statemachine.data.sync.timeout.retry = -1 (default)
2019-10-02 06:40:21,320 [pool-433-thread-1] INFO  server.RaftServerConfigKeys (ConfUtils.java:logGet(43)) - raft.server.log.statemachine.data.caching.enabled = true (custom)
2019-10-02 06:40:21,320 [pool-443-thread-1] INFO  server.RaftServerConfigKeys (ConfUtils.java:logGet(43)) - raft.server.log.statemachine.data.caching.enabled = true (custom)
2019-10-02 06:40:21,320 [pool-433-thread-1] INFO  segmented.SegmentedRaftLogWorker (SegmentedRaftLogWorker.java:lambda$new$0(128)) - 3d53bed2-bc03-4df9-a742-4caab98a25e4@group-BA6556CC160E-SegmentedRaftLogWorker: flushIndex: setUnconditionally 0 -> -1
2019-10-02 06:40:21,320 [pool-423-thread-1] INFO  impl.RaftServerImpl (RaftServerImpl.java:start(181)) - d9b84bfa-e959-4600-b050-f5b0a5069edf@group-BA6556CC160E: start as a follower, conf=-1: [d9b84bfa-e959-4600-b050-f5b0a5069edf:192.168.151.100:33390, 3d53bed2-bc03-4df9-a742-4caab98a25e4:192.168.151.100:41508, 1a8dc7c5-676c-4368-9d27-d112d4c92d60:192.168.151.100:34664], old=null
2019-10-02 06:40:21,320 [pool-443-thread-1] INFO  segmented.SegmentedRaftLogWorker (SegmentedRaftLogWorker.java:lambda$new$0(128)) - 1a8dc7c5-676c-4368-9d27-d112d4c92d60@group-BA6556CC160E-SegmentedRaftLogWorker: flushIndex: setUnconditionally 0 -> -1
2019-10-02 06:40:21,321 [pool-423-thread-1] INFO  impl.RaftServerImpl (RaftServerImpl.java:setRole(170)) - d9b84bfa-e959-4600-b050-f5b0a5069edf@group-BA6556CC160E: changes role from      null to FOLLOWER at term 0 for startAsFollower
2019-10-02 06:40:21,321 [pool-433-thread-1] INFO  server.RaftServerConfigKeys (ConfUtils.java:logGet(43)) - raft.server.snapshot.auto.trigger.enabled = true (custom)
2019-10-02 06:40:21,321 [pool-443-thread-1] INFO  server.RaftServerConfigKeys (ConfUtils.java:logGet(43)) - raft.server.snapshot.auto.trigger.enabled = true (custom)
2019-10-02 06:40:21,321 [pool-423-thread-1] INFO  impl.RoleInfo (RoleInfo.java:updateAndGet(143)) - d9b84bfa-e959-4600-b050-f5b0a5069edf: start FollowerState
2019-10-02 06:40:21,321 [pool-443-thread-1] INFO  server.RaftServerConfigKeys (ConfUtils.java:logGet(43)) - raft.server.snapshot.auto.trigger.threshold = 10000 (custom)
2019-10-02 06:40:21,321 [pool-433-thread-1] INFO  server.RaftServerConfigKeys (ConfUtils.java:logGet(43)) - raft.server.snapshot.auto.trigger.threshold = 10000 (custom)
2019-10-02 06:40:21,321 [pool-423-thread-1] INFO  util.JmxRegister (JmxRegister.java:tryRegister(44)) - Successfully registered JMX Bean with object name Ratis:service=RaftServer,group=group-BA6556CC160E,id=d9b84bfa-e959-4600-b050-f5b0a5069edf
2019-10-02 06:40:21,321 [pool-443-thread-1] INFO  server.RaftServerConfigKeys (ConfUtils.java:logGet(43)) - raft.server.snapshot.retention.file.num = 5 (custom)
2019-10-02 06:40:21,321 [pool-433-thread-1] INFO  server.RaftServerConfigKeys (ConfUtils.java:logGet(43)) - raft.server.snapshot.retention.file.num = 5 (custom)
2019-10-02 06:40:21,322 [pool-443-thread-1] INFO  server.RaftServerConfigKeys (ConfUtils.java:logGet(43)) - raft.server.retrycache.expirytime = 600000ms (custom)
2019-10-02 06:40:21,322 [pool-433-thread-1] INFO  server.RaftServerConfigKeys (ConfUtils.java:logGet(43)) - raft.server.retrycache.expirytime = 600000ms (custom)
2019-10-02 06:40:21,325 [pool-443-thread-1] INFO  impl.RaftServerImpl (RaftServerImpl.java:start(181)) - 1a8dc7c5-676c-4368-9d27-d112d4c92d60@group-BA6556CC160E: start as a follower, conf=-1: [d9b84bfa-e959-4600-b050-f5b0a5069edf:192.168.151.100:33390, 3d53bed2-bc03-4df9-a742-4caab98a25e4:192.168.151.100:41508, 1a8dc7c5-676c-4368-9d27-d112d4c92d60:192.168.151.100:34664], old=null
2019-10-02 06:40:21,325 [pool-433-thread-1] INFO  impl.RaftServerImpl (RaftServerImpl.java:start(181)) - 3d53bed2-bc03-4df9-a742-4caab98a25e4@group-BA6556CC160E: start as a follower, conf=-1: [d9b84bfa-e959-4600-b050-f5b0a5069edf:192.168.151.100:33390, 3d53bed2-bc03-4df9-a742-4caab98a25e4:192.168.151.100:41508, 1a8dc7c5-676c-4368-9d27-d112d4c92d60:192.168.151.100:34664], old=null
2019-10-02 06:40:21,325 [pool-443-thread-1] INFO  impl.RaftServerImpl (RaftServerImpl.java:setRole(170)) - 1a8dc7c5-676c-4368-9d27-d112d4c92d60@group-BA6556CC160E: changes role from      null to FOLLOWER at term 0 for startAsFollower
2019-10-02 06:40:21,326 [pool-443-thread-1] INFO  impl.RoleInfo (RoleInfo.java:updateAndGet(143)) - 1a8dc7c5-676c-4368-9d27-d112d4c92d60: start FollowerState
2019-10-02 06:40:21,326 [pool-433-thread-1] INFO  impl.RaftServerImpl (RaftServerImpl.java:setRole(170)) - 3d53bed2-bc03-4df9-a742-4caab98a25e4@group-BA6556CC160E: changes role from      null to FOLLOWER at term 0 for startAsFollower
2019-10-02 06:40:21,326 [pool-443-thread-1] INFO  util.JmxRegister (JmxRegister.java:tryRegister(44)) - Successfully registered JMX Bean with object name Ratis:service=RaftServer,group=group-BA6556CC160E,id=1a8dc7c5-676c-4368-9d27-d112d4c92d60
2019-10-02 06:40:21,326 [pool-433-thread-1] INFO  impl.RoleInfo (RoleInfo.java:updateAndGet(143)) - 3d53bed2-bc03-4df9-a742-4caab98a25e4: start FollowerState
2019-10-02 06:40:21,327 [pool-433-thread-1] INFO  util.JmxRegister (JmxRegister.java:tryRegister(44)) - Successfully registered JMX Bean with object name Ratis:service=RaftServer,group=group-BA6556CC160E,id=3d53bed2-bc03-4df9-a742-4caab98a25e4
2019-10-02 06:40:21,330 [RatisPipelineUtilsThread] INFO  pipeline.PipelineStateManager (PipelineStateManager.java:addPipeline(56)) - Created pipeline Pipeline[ Id: dda5c639-f51a-4047-a04d-ba6556cc160e, Nodes: 1a8dc7c5-676c-4368-9d27-d112d4c92d60{ip: 192.168.151.100, host: pr-hdds-2228-gv788-2265516943, networkLocation: /default-rack, certSerialId: null}d9b84bfa-e959-4600-b050-f5b0a5069edf{ip: 192.168.151.100, host: pr-hdds-2228-gv788-2265516943, networkLocation: /default-rack, certSerialId: null}3d53bed2-bc03-4df9-a742-4caab98a25e4{ip: 192.168.151.100, host: pr-hdds-2228-gv788-2265516943, networkLocation: /default-rack, certSerialId: null}, Type:RATIS, Factor:THREE, State:OPEN]
2019-10-02 06:40:23,751 [Thread-2299] INFO  container.ReplicationManager (ReplicationManager.java:start(162)) - Starting Replication Monitor Thread.
2019-10-02 06:40:23,755 [ReplicationMonitor] INFO  container.ReplicationManager (ReplicationManager.java:run(225)) - Replication Monitor Thread took 0 milliseconds for processing 1 containers.
2019-10-02 06:40:25,883 [Thread-2301] INFO  impl.FollowerState (FollowerState.java:run(108)) - a9c7b026-10da-4ad6-9f0f-7b064b603be2@group-9DE95369F360-FollowerState: change to CANDIDATE, lastRpcTime:5083ms, electionTimeout:5083ms
2019-10-02 06:40:25,883 [Thread-2301] INFO  impl.RoleInfo (RoleInfo.java:shutdownFollowerState(121)) - a9c7b026-10da-4ad6-9f0f-7b064b603be2: shutdown FollowerState
2019-10-02 06:40:25,883 [Thread-2301] INFO  impl.RaftServerImpl (RaftServerImpl.java:setRole(170)) - a9c7b026-10da-4ad6-9f0f-7b064b603be2@group-9DE95369F360: changes role from  FOLLOWER to CANDIDATE at term 0 for changeToCandidate
2019-10-02 06:40:25,883 [Thread-2301] INFO  impl.RoleInfo (RoleInfo.java:updateAndGet(143)) - a9c7b026-10da-4ad6-9f0f-7b064b603be2: start LeaderElection
2019-10-02 06:40:25,912 [a9c7b026-10da-4ad6-9f0f-7b064b603be2@group-9DE95369F360-LeaderElection64] INFO  impl.LeaderElection (LeaderElection.java:askForVotes(178)) - a9c7b026-10da-4ad6-9f0f-7b064b603be2@group-9DE95369F360-LeaderElection64: begin an election at term 1 for -1: [a9c7b026-10da-4ad6-9f0f-7b064b603be2:192.168.151.100:35270], old=null
2019-10-02 06:40:25,912 [a9c7b026-10da-4ad6-9f0f-7b064b603be2@group-9DE95369F360-LeaderElection64] INFO  impl.RoleInfo (RoleInfo.java:shutdownLeaderElection(134)) - a9c7b026-10da-4ad6-9f0f-7b064b603be2: shutdown LeaderElection
2019-10-02 06:40:25,913 [a9c7b026-10da-4ad6-9f0f-7b064b603be2@group-9DE95369F360-LeaderElection64] INFO  impl.RaftServerImpl (RaftServerImpl.java:setRole(170)) - a9c7b026-10da-4ad6-9f0f-7b064b603be2@group-9DE95369F360: changes role from CANDIDATE to LEADER at term 1 for changeToLeader
2019-10-02 06:40:25,913 [a9c7b026-10da-4ad6-9f0f-7b064b603be2@group-9DE95369F360-LeaderElection64] INFO  impl.RaftServerImpl (ServerState.java:setLeader(255)) - a9c7b026-10da-4ad6-9f0f-7b064b603be2@group-9DE95369F360: change Leader from null to a9c7b026-10da-4ad6-9f0f-7b064b603be2 at term 1 for becomeLeader, leader elected after 5121ms
2019-10-02 06:40:25,913 [a9c7b026-10da-4ad6-9f0f-7b064b603be2@group-9DE95369F360-LeaderElection64] INFO  server.RaftServerConfigKeys (ConfUtils.java:logGet(43)) - raft.server.staging.catchup.gap = 1000 (default)
2019-10-02 06:40:25,913 [a9c7b026-10da-4ad6-9f0f-7b064b603be2@group-9DE95369F360-LeaderElection64] INFO  server.RaftServerConfigKeys (ConfUtils.java:logGet(43)) - raft.server.rpc.sleep.time = 25ms (default)
2019-10-02 06:40:25,913 [a9c7b026-10da-4ad6-9f0f-7b064b603be2@group-9DE95369F360-LeaderElection64] INFO  server.RaftServerConfigKeys (ConfUtils.java:logGet(43)) - raft.server.write.element-limit = 4096 (default)
2019-10-02 06:40:25,914 [a9c7b026-10da-4ad6-9f0f-7b064b603be2@group-9DE95369F360-LeaderElection64] INFO  server.RaftServerConfigKeys (ConfUtils.java:logGet(43)) - raft.server.watch.timeout = 10s (default)
2019-10-02 06:40:25,914 [a9c7b026-10da-4ad6-9f0f-7b064b603be2@group-9DE95369F360-LeaderElection64] INFO  server.RaftServerConfigKeys (ConfUtils.java:logGet(43)) - raft.server.watch.timeout.denomination = 1s (default)
2019-10-02 06:40:25,914 [a9c7b026-10da-4ad6-9f0f-7b064b603be2@group-9DE95369F360-LeaderElection64] INFO  server.RaftServerConfigKeys (ConfUtils.java:logGet(43)) - raft.server.watch.element-limit = 65536 (default)
2019-10-02 06:40:25,916 [a9c7b026-10da-4ad6-9f0f-7b064b603be2@group-9DE95369F360-LeaderElection64] INFO  impl.RoleInfo (RoleInfo.java:updateAndGet(143)) - a9c7b026-10da-4ad6-9f0f-7b064b603be2: start LeaderState
2019-10-02 06:40:25,916 [a9c7b026-10da-4ad6-9f0f-7b064b603be2@group-9DE95369F360-LeaderElection64] INFO  segmented.SegmentedRaftLogWorker (SegmentedRaftLogWorker.java:startLogSegment(385)) - a9c7b026-10da-4ad6-9f0f-7b064b603be2@group-9DE95369F360-SegmentedRaftLogWorker: Starting segment from index:0
2019-10-02 06:40:25,917 [a9c7b026-10da-4ad6-9f0f-7b064b603be2@group-9DE95369F360-LeaderElection64] INFO  impl.RaftServerImpl (ServerState.java:setRaftConf(356)) - a9c7b026-10da-4ad6-9f0f-7b064b603be2@group-9DE95369F360: set configuration 0: [a9c7b026-10da-4ad6-9f0f-7b064b603be2:192.168.151.100:35270], old=null at 0
2019-10-02 06:40:25,955 [a9c7b026-10da-4ad6-9f0f-7b064b603be2@group-9DE95369F360-SegmentedRaftLogWorker] INFO  segmented.SegmentedRaftLogWorker (SegmentedRaftLogWorker.java:execute(574)) - a9c7b026-10da-4ad6-9f0f-7b064b603be2@group-9DE95369F360-SegmentedRaftLogWorker: created new log segment /workdir/hadoop-ozone/integration-test/target/test-dir/MiniOzoneClusterImpl-bca770e2-21f3-4205-a110-13506e76e1ee/datanode-0/data/ratis/9fc821db-ae6d-45b6-9093-9de95369f360/current/log_inprogress_0
2019-10-02 06:40:25,990 [Thread-2304] INFO  impl.FollowerState (FollowerState.java:run(108)) - faec2157-e929-4efd-9ad6-3e1ee94c18fc@group-EB4B43F5CC05-FollowerState: change to CANDIDATE, lastRpcTime:5129ms, electionTimeout:5129ms
2019-10-02 06:40:25,990 [Thread-2304] INFO  impl.RoleInfo (RoleInfo.java:shutdownFollowerState(121)) - faec2157-e929-4efd-9ad6-3e1ee94c18fc: shutdown FollowerState
2019-10-02 06:40:25,991 [Thread-2304] INFO  impl.RaftServerImpl (RaftServerImpl.java:setRole(170)) - faec2157-e929-4efd-9ad6-3e1ee94c18fc@group-EB4B43F5CC05: changes role from  FOLLOWER to CANDIDATE at term 0 for changeToCandidate
2019-10-02 06:40:25,991 [Thread-2304] INFO  impl.RoleInfo (RoleInfo.java:updateAndGet(143)) - faec2157-e929-4efd-9ad6-3e1ee94c18fc: start LeaderElection
2019-10-02 06:40:26,009 [faec2157-e929-4efd-9ad6-3e1ee94c18fc@group-EB4B43F5CC05-LeaderElection65] INFO  impl.LeaderElection (LeaderElection.java:askForVotes(178)) - faec2157-e929-4efd-9ad6-3e1ee94c18fc@group-EB4B43F5CC05-LeaderElection65: begin an election at term 1 for -1: [faec2157-e929-4efd-9ad6-3e1ee94c18fc:192.168.151.100:36797], old=null
2019-10-02 06:40:26,010 [faec2157-e929-4efd-9ad6-3e1ee94c18fc@group-EB4B43F5CC05-LeaderElection65] INFO  impl.RoleInfo (RoleInfo.java:shutdownLeaderElection(134)) - faec2157-e929-4efd-9ad6-3e1ee94c18fc: shutdown LeaderElection
2019-10-02 06:40:26,010 [faec2157-e929-4efd-9ad6-3e1ee94c18fc@group-EB4B43F5CC05-LeaderElection65] INFO  impl.RaftServerImpl (RaftServerImpl.java:setRole(170)) - faec2157-e929-4efd-9ad6-3e1ee94c18fc@group-EB4B43F5CC05: changes role from CANDIDATE to LEADER at term 1 for changeToLeader
2019-10-02 06:40:26,010 [faec2157-e929-4efd-9ad6-3e1ee94c18fc@group-EB4B43F5CC05-LeaderElection65] INFO  impl.RaftServerImpl (ServerState.java:setLeader(255)) - faec2157-e929-4efd-9ad6-3e1ee94c18fc@group-EB4B43F5CC05: change Leader from null to faec2157-e929-4efd-9ad6-3e1ee94c18fc at term 1 for becomeLeader, leader elected after 5155ms
2019-10-02 06:40:26,010 [faec2157-e929-4efd-9ad6-3e1ee94c18fc@group-EB4B43F5CC05-LeaderElection65] INFO  server.RaftServerConfigKeys (ConfUtils.java:logGet(43)) - raft.server.staging.catchup.gap = 1000 (default)
2019-10-02 06:40:26,010 [faec2157-e929-4efd-9ad6-3e1ee94c18fc@group-EB4B43F5CC05-LeaderElection65] INFO  server.RaftServerConfigKeys (ConfUtils.java:logGet(43)) - raft.server.rpc.sleep.time = 25ms (default)
2019-10-02 06:40:26,010 [faec2157-e929-4efd-9ad6-3e1ee94c18fc@group-EB4B43F5CC05-LeaderElection65] INFO  server.RaftServerConfigKeys (ConfUtils.java:logGet(43)) - raft.server.write.element-limit = 4096 (default)
2019-10-02 06:40:26,011 [faec2157-e929-4efd-9ad6-3e1ee94c18fc@group-EB4B43F5CC05-LeaderElection65] INFO  server.RaftServerConfigKeys (ConfUtils.java:logGet(43)) - raft.server.watch.timeout = 10s (default)
2019-10-02 06:40:26,011 [faec2157-e929-4efd-9ad6-3e1ee94c18fc@group-EB4B43F5CC05-LeaderElection65] INFO  server.RaftServerConfigKeys (ConfUtils.java:logGet(43)) - raft.server.watch.timeout.denomination = 1s (default)
2019-10-02 06:40:26,011 [faec2157-e929-4efd-9ad6-3e1ee94c18fc@group-EB4B43F5CC05-LeaderElection65] INFO  server.RaftServerConfigKeys (ConfUtils.java:logGet(43)) - raft.server.watch.element-limit = 65536 (default)
2019-10-02 06:40:26,013 [faec2157-e929-4efd-9ad6-3e1ee94c18fc@group-EB4B43F5CC05-LeaderElection65] INFO  impl.RoleInfo (RoleInfo.java:updateAndGet(143)) - faec2157-e929-4efd-9ad6-3e1ee94c18fc: start LeaderState
2019-10-02 06:40:26,013 [faec2157-e929-4efd-9ad6-3e1ee94c18fc@group-EB4B43F5CC05-LeaderElection65] INFO  segmented.SegmentedRaftLogWorker (SegmentedRaftLogWorker.java:startLogSegment(385)) - faec2157-e929-4efd-9ad6-3e1ee94c18fc@group-EB4B43F5CC05-SegmentedRaftLogWorker: Starting segment from index:0
2019-10-02 06:40:26,013 [faec2157-e929-4efd-9ad6-3e1ee94c18fc@group-EB4B43F5CC05-LeaderElection65] INFO  impl.RaftServerImpl (ServerState.java:setRaftConf(356)) - faec2157-e929-4efd-9ad6-3e1ee94c18fc@group-EB4B43F5CC05: set configuration 0: [faec2157-e929-4efd-9ad6-3e1ee94c18fc:192.168.151.100:36797], old=null at 0
2019-10-02 06:40:26,053 [faec2157-e929-4efd-9ad6-3e1ee94c18fc@group-EB4B43F5CC05-SegmentedRaftLogWorker] INFO  segmented.SegmentedRaftLogWorker (SegmentedRaftLogWorker.java:execute(574)) - faec2157-e929-4efd-9ad6-3e1ee94c18fc@group-EB4B43F5CC05-SegmentedRaftLogWorker: created new log segment /workdir/hadoop-ozone/integration-test/target/test-dir/MiniOzoneClusterImpl-bca770e2-21f3-4205-a110-13506e76e1ee/datanode-1/data/ratis/f9842f48-62a1-41ec-9167-eb4b43f5cc05/current/log_inprogress_0
2019-10-02 06:40:26,054 [Thread-2307] INFO  impl.FollowerState (FollowerState.java:run(108)) - f06bf3a6-b453-455e-9338-99610f7ac6fb@group-F622B1BF6AA9-FollowerState: change to CANDIDATE, lastRpcTime:5113ms, electionTimeout:5113ms
2019-10-02 06:40:26,054 [Thread-2307] INFO  impl.RoleInfo (RoleInfo.java:shutdownFollowerState(121)) - f06bf3a6-b453-455e-9338-99610f7ac6fb: shutdown FollowerState
2019-10-02 06:40:26,054 [Thread-2307] INFO  impl.RaftServerImpl (RaftServerImpl.java:setRole(170)) - f06bf3a6-b453-455e-9338-99610f7ac6fb@group-F622B1BF6AA9: changes role from  FOLLOWER to CANDIDATE at term 0 for changeToCandidate
2019-10-02 06:40:26,055 [Thread-2307] INFO  impl.RoleInfo (RoleInfo.java:updateAndGet(143)) - f06bf3a6-b453-455e-9338-99610f7ac6fb: start LeaderElection
2019-10-02 06:40:26,057 [Thread-2314] INFO  impl.FollowerState (FollowerState.java:run(108)) - f06bf3a6-b453-455e-9338-99610f7ac6fb@group-37663CADF5EC-FollowerState: change to CANDIDATE, lastRpcTime:5048ms, electionTimeout:5045ms
2019-10-02 06:40:26,060 [Thread-2314] INFO  impl.RoleInfo (RoleInfo.java:shutdownFollowerState(121)) - f06bf3a6-b453-455e-9338-99610f7ac6fb: shutdown FollowerState
2019-10-02 06:40:26,060 [Thread-2314] INFO  impl.RaftServerImpl (RaftServerImpl.java:setRole(170)) - f06bf3a6-b453-455e-9338-99610f7ac6fb@group-37663CADF5EC: changes role from  FOLLOWER to CANDIDATE at term 0 for changeToCandidate
2019-10-02 06:40:26,060 [Thread-2314] INFO  impl.RoleInfo (RoleInfo.java:updateAndGet(143)) - f06bf3a6-b453-455e-9338-99610f7ac6fb: start LeaderElection
2019-10-02 06:40:26,066 [Thread-2312] INFO  impl.FollowerState (FollowerState.java:run(108)) - faec2157-e929-4efd-9ad6-3e1ee94c18fc@group-37663CADF5EC-FollowerState: change to CANDIDATE, lastRpcTime:5059ms, electionTimeout:5059ms
2019-10-02 06:40:26,066 [f06bf3a6-b453-455e-9338-99610f7ac6fb@group-F622B1BF6AA9-LeaderElection66] INFO  impl.LeaderElection (LeaderElection.java:askForVotes(178)) - f06bf3a6-b453-455e-9338-99610f7ac6fb@group-F622B1BF6AA9-LeaderElection66: begin an election at term 1 for -1: [f06bf3a6-b453-455e-9338-99610f7ac6fb:192.168.151.100:38682], old=null
2019-10-02 06:40:26,066 [f06bf3a6-b453-455e-9338-99610f7ac6fb@group-37663CADF5EC-LeaderElection67] INFO  impl.LeaderElection (LeaderElection.java:askForVotes(178)) - f06bf3a6-b453-455e-9338-99610f7ac6fb@group-37663CADF5EC-LeaderElection67: begin an election at term 1 for -1: [faec2157-e929-4efd-9ad6-3e1ee94c18fc:192.168.151.100:36797, f06bf3a6-b453-455e-9338-99610f7ac6fb:192.168.151.100:38682, a9c7b026-10da-4ad6-9f0f-7b064b603be2:192.168.151.100:35270], old=null
2019-10-02 06:40:26,067 [f06bf3a6-b453-455e-9338-99610f7ac6fb@group-F622B1BF6AA9-LeaderElection66] INFO  impl.RoleInfo (RoleInfo.java:shutdownLeaderElection(134)) - f06bf3a6-b453-455e-9338-99610f7ac6fb: shutdown LeaderElection
2019-10-02 06:40:26,067 [Thread-2312] INFO  impl.RoleInfo (RoleInfo.java:shutdownFollowerState(121)) - faec2157-e929-4efd-9ad6-3e1ee94c18fc: shutdown FollowerState
2019-10-02 06:40:26,067 [f06bf3a6-b453-455e-9338-99610f7ac6fb@group-F622B1BF6AA9-LeaderElection66] INFO  impl.RaftServerImpl (RaftServerImpl.java:setRole(170)) - f06bf3a6-b453-455e-9338-99610f7ac6fb@group-F622B1BF6AA9: changes role from CANDIDATE to LEADER at term 1 for changeToLeader
2019-10-02 06:40:26,067 [Thread-2312] INFO  impl.RaftServerImpl (RaftServerImpl.java:setRole(170)) - faec2157-e929-4efd-9ad6-3e1ee94c18fc@group-37663CADF5EC: changes role from  FOLLOWER to CANDIDATE at term 0 for changeToCandidate
2019-10-02 06:40:26,067 [f06bf3a6-b453-455e-9338-99610f7ac6fb@group-F622B1BF6AA9-LeaderElection66] INFO  impl.RaftServerImpl (ServerState.java:setLeader(255)) - f06bf3a6-b453-455e-9338-99610f7ac6fb@group-F622B1BF6AA9: change Leader from null to f06bf3a6-b453-455e-9338-99610f7ac6fb at term 1 for becomeLeader, leader elected after 5132ms
2019-10-02 06:40:26,067 [f06bf3a6-b453-455e-9338-99610f7ac6fb@group-F622B1BF6AA9-LeaderElection66] INFO  server.RaftServerConfigKeys (ConfUtils.java:logGet(43)) - raft.server.staging.catchup.gap = 1000 (default)
2019-10-02 06:40:26,067 [f06bf3a6-b453-455e-9338-99610f7ac6fb@group-F622B1BF6AA9-LeaderElection66] INFO  server.RaftServerConfigKeys (ConfUtils.java:logGet(43)) - raft.server.rpc.sleep.time = 25ms (default)
2019-10-02 06:40:26,068 [f06bf3a6-b453-455e-9338-99610f7ac6fb@group-F622B1BF6AA9-LeaderElection66] INFO  server.RaftServerConfigKeys (ConfUtils.java:logGet(43)) - raft.server.write.element-limit = 4096 (default)
2019-10-02 06:40:26,068 [Thread-2312] INFO  impl.RoleInfo (RoleInfo.java:updateAndGet(143)) - faec2157-e929-4efd-9ad6-3e1ee94c18fc: start LeaderElection
2019-10-02 06:40:26,068 [f06bf3a6-b453-455e-9338-99610f7ac6fb@group-F622B1BF6AA9-LeaderElection66] INFO  server.RaftServerConfigKeys (ConfUtils.java:logGet(43)) - raft.server.watch.timeout = 10s (default)
2019-10-02 06:40:26,068 [f06bf3a6-b453-455e-9338-99610f7ac6fb@group-F622B1BF6AA9-LeaderElection66] INFO  server.RaftServerConfigKeys (ConfUtils.java:logGet(43)) - raft.server.watch.timeout.denomination = 1s (default)
2019-10-02 06:40:26,068 [f06bf3a6-b453-455e-9338-99610f7ac6fb@group-F622B1BF6AA9-LeaderElection66] INFO  server.RaftServerConfigKeys (ConfUtils.java:logGet(43)) - raft.server.watch.element-limit = 65536 (default)
2019-10-02 06:40:26,074 [f06bf3a6-b453-455e-9338-99610f7ac6fb@group-F622B1BF6AA9-LeaderElection66] INFO  impl.RoleInfo (RoleInfo.java:updateAndGet(143)) - f06bf3a6-b453-455e-9338-99610f7ac6fb: start LeaderState
2019-10-02 06:40:26,074 [f06bf3a6-b453-455e-9338-99610f7ac6fb@group-F622B1BF6AA9-LeaderElection66] INFO  segmented.SegmentedRaftLogWorker (SegmentedRaftLogWorker.java:startLogSegment(385)) - f06bf3a6-b453-455e-9338-99610f7ac6fb@group-F622B1BF6AA9-SegmentedRaftLogWorker: Starting segment from index:0
2019-10-02 06:40:26,074 [f06bf3a6-b453-455e-9338-99610f7ac6fb@group-F622B1BF6AA9-LeaderElection66] INFO  impl.RaftServerImpl (ServerState.java:setRaftConf(356)) - f06bf3a6-b453-455e-9338-99610f7ac6fb@group-F622B1BF6AA9: set configuration 0: [f06bf3a6-b453-455e-9338-99610f7ac6fb:192.168.151.100:38682], old=null at 0
2019-10-02 06:40:26,075 [grpc-default-executor-9] INFO  impl.RaftServerImpl (RaftServerImpl.java:setRole(170)) - a9c7b026-10da-4ad6-9f0f-7b064b603be2@group-37663CADF5EC: changes role from  FOLLOWER to FOLLOWER at term 1 for recognizeCandidate:f06bf3a6-b453-455e-9338-99610f7ac6fb
2019-10-02 06:40:26,075 [grpc-default-executor-9] INFO  impl.RoleInfo (RoleInfo.java:shutdownFollowerState(121)) - a9c7b026-10da-4ad6-9f0f-7b064b603be2: shutdown FollowerState
2019-10-02 06:40:26,075 [grpc-default-executor-9] INFO  impl.RoleInfo (RoleInfo.java:updateAndGet(143)) - a9c7b026-10da-4ad6-9f0f-7b064b603be2: start FollowerState
2019-10-02 06:40:26,075 [Thread-2313] INFO  impl.FollowerState (FollowerState.java:run(117)) - a9c7b026-10da-4ad6-9f0f-7b064b603be2@group-37663CADF5EC-FollowerState was interrupted: java.lang.InterruptedException: sleep interrupted
2019-10-02 06:40:26,106 [faec2157-e929-4efd-9ad6-3e1ee94c18fc@group-37663CADF5EC-LeaderElection68] INFO  impl.LeaderElection (LeaderElection.java:askForVotes(178)) - faec2157-e929-4efd-9ad6-3e1ee94c18fc@group-37663CADF5EC-LeaderElection68: begin an election at term 1 for -1: [faec2157-e929-4efd-9ad6-3e1ee94c18fc:192.168.151.100:36797, f06bf3a6-b453-455e-9338-99610f7ac6fb:192.168.151.100:38682, a9c7b026-10da-4ad6-9f0f-7b064b603be2:192.168.151.100:35270], old=null
2019-10-02 06:40:26,119 [f06bf3a6-b453-455e-9338-99610f7ac6fb@group-F622B1BF6AA9-SegmentedRaftLogWorker] INFO  segmented.SegmentedRaftLogWorker (SegmentedRaftLogWorker.java:execute(574)) - f06bf3a6-b453-455e-9338-99610f7ac6fb@group-F622B1BF6AA9-SegmentedRaftLogWorker: created new log segment /workdir/hadoop-ozone/integration-test/target/test-dir/MiniOzoneClusterImpl-bca770e2-21f3-4205-a110-13506e76e1ee/datanode-2/data/ratis/8d4cbae2-aee4-4c6a-816c-f622b1bf6aa9/current/log_inprogress_0
2019-10-02 06:40:26,119 [f06bf3a6-b453-455e-9338-99610f7ac6fb@group-37663CADF5EC-LeaderElection67] INFO  impl.LeaderElection (LeaderElection.java:logAndReturn(56)) - f06bf3a6-b453-455e-9338-99610f7ac6fb@group-37663CADF5EC-LeaderElection67: Election PASSED; received 2 response(s) [f06bf3a6-b453-455e-9338-99610f7ac6fb<-faec2157-e929-4efd-9ad6-3e1ee94c18fc#0:FAIL-t1, f06bf3a6-b453-455e-9338-99610f7ac6fb<-a9c7b026-10da-4ad6-9f0f-7b064b603be2#0:OK-t1] and 0 exception(s); f06bf3a6-b453-455e-9338-99610f7ac6fb@group-37663CADF5EC:t1, leader=null, voted=f06bf3a6-b453-455e-9338-99610f7ac6fb, raftlog=f06bf3a6-b453-455e-9338-99610f7ac6fb@group-37663CADF5EC-SegmentedRaftLog:OPENED:c-1,f-1,i0, conf=-1: [faec2157-e929-4efd-9ad6-3e1ee94c18fc:192.168.151.100:36797, f06bf3a6-b453-455e-9338-99610f7ac6fb:192.168.151.100:38682, a9c7b026-10da-4ad6-9f0f-7b064b603be2:192.168.151.100:35270], old=null
2019-10-02 06:40:26,120 [f06bf3a6-b453-455e-9338-99610f7ac6fb@group-37663CADF5EC-LeaderElection67] INFO  impl.RoleInfo (RoleInfo.java:shutdownLeaderElection(134)) - f06bf3a6-b453-455e-9338-99610f7ac6fb: shutdown LeaderElection
2019-10-02 06:40:26,120 [f06bf3a6-b453-455e-9338-99610f7ac6fb@group-37663CADF5EC-LeaderElection67] INFO  impl.RaftServerImpl (RaftServerImpl.java:setRole(170)) - f06bf3a6-b453-455e-9338-99610f7ac6fb@group-37663CADF5EC: changes role from CANDIDATE to LEADER at term 1 for changeToLeader
2019-10-02 06:40:26,120 [f06bf3a6-b453-455e-9338-99610f7ac6fb@group-37663CADF5EC-LeaderElection67] INFO  impl.RaftServerImpl (ServerState.java:setLeader(255)) - f06bf3a6-b453-455e-9338-99610f7ac6fb@group-37663CADF5EC: change Leader from null to f06bf3a6-b453-455e-9338-99610f7ac6fb at term 1 for becomeLeader, leader elected after 5124ms
2019-10-02 06:40:26,120 [f06bf3a6-b453-455e-9338-99610f7ac6fb@group-37663CADF5EC-LeaderElection67] INFO  server.RaftServerConfigKeys (ConfUtils.java:logGet(43)) - raft.server.staging.catchup.gap = 1000 (default)
2019-10-02 06:40:26,120 [f06bf3a6-b453-455e-9338-99610f7ac6fb@group-37663CADF5EC-LeaderElection67] INFO  server.RaftServerConfigKeys (ConfUtils.java:logGet(43)) - raft.server.rpc.sleep.time = 25ms (default)
2019-10-02 06:40:26,119 [faec2157-e929-4efd-9ad6-3e1ee94c18fc@group-37663CADF5EC-LeaderElection68] INFO  impl.LeaderElection (LeaderElection.java:logAndReturn(56)) - faec2157-e929-4efd-9ad6-3e1ee94c18fc@group-37663CADF5EC-LeaderElection68: Election REJECTED; received 2 response(s) [faec2157-e929-4efd-9ad6-3e1ee94c18fc<-f06bf3a6-b453-455e-9338-99610f7ac6fb#0:FAIL-t1, faec2157-e929-4efd-9ad6-3e1ee94c18fc<-a9c7b026-10da-4ad6-9f0f-7b064b603be2#0:FAIL-t1] and 0 exception(s); faec2157-e929-4efd-9ad6-3e1ee94c18fc@group-37663CADF5EC:t1, leader=null, voted=faec2157-e929-4efd-9ad6-3e1ee94c18fc, raftlog=faec2157-e929-4efd-9ad6-3e1ee94c18fc@group-37663CADF5EC-SegmentedRaftLog:OPENED:c-1,f-1,i0, conf=-1: [faec2157-e929-4efd-9ad6-3e1ee94c18fc:192.168.151.100:36797, f06bf3a6-b453-455e-9338-99610f7ac6fb:192.168.151.100:38682, a9c7b026-10da-4ad6-9f0f-7b064b603be2:192.168.151.100:35270], old=null
2019-10-02 06:40:26,123 [faec2157-e929-4efd-9ad6-3e1ee94c18fc@group-37663CADF5EC-LeaderElection68] INFO  impl.RaftServerImpl (RaftServerImpl.java:setRole(170)) - faec2157-e929-4efd-9ad6-3e1ee94c18fc@group-37663CADF5EC: changes role from CANDIDATE to FOLLOWER at term 1 for DISCOVERED_A_NEW_TERM
2019-10-02 06:40:26,124 [faec2157-e929-4efd-9ad6-3e1ee94c18fc@group-37663CADF5EC-LeaderElection68] INFO  impl.RoleInfo (RoleInfo.java:shutdownLeaderElection(134)) - faec2157-e929-4efd-9ad6-3e1ee94c18fc: shutdown LeaderElection
2019-10-02 06:40:26,124 [f06bf3a6-b453-455e-9338-99610f7ac6fb@group-37663CADF5EC-LeaderElection67] INFO  server.RaftServerConfigKeys (ConfUtils.java:logGet(43)) - raft.server.write.element-limit = 4096 (default)
2019-10-02 06:40:26,124 [faec2157-e929-4efd-9ad6-3e1ee94c18fc@group-37663CADF5EC-LeaderElection68] INFO  impl.RoleInfo (RoleInfo.java:updateAndGet(143)) - faec2157-e929-4efd-9ad6-3e1ee94c18fc: start FollowerState
2019-10-02 06:40:26,126 [f06bf3a6-b453-455e-9338-99610f7ac6fb@group-37663CADF5EC-LeaderElection67] INFO  server.RaftServerConfigKeys (ConfUtils.java:logGet(43)) - raft.server.watch.timeout = 10s (default)
2019-10-02 06:40:26,127 [f06bf3a6-b453-455e-9338-99610f7ac6fb@group-37663CADF5EC-LeaderElection67] INFO  server.RaftServerConfigKeys (ConfUtils.java:logGet(43)) - raft.server.watch.timeout.denomination = 1s (default)
2019-10-02 06:40:26,127 [f06bf3a6-b453-455e-9338-99610f7ac6fb@group-37663CADF5EC-LeaderElection67] INFO  server.RaftServerConfigKeys (ConfUtils.java:logGet(43)) - raft.server.watch.element-limit = 65536 (default)
2019-10-02 06:40:26,129 [f06bf3a6-b453-455e-9338-99610f7ac6fb@group-37663CADF5EC-LeaderElection67] INFO  server.RaftServerConfigKeys (ConfUtils.java:logGet(43)) - raft.server.log.appender.snapshot.chunk.size.max = 16MB (=16777216) (default)
2019-10-02 06:40:26,129 [f06bf3a6-b453-455e-9338-99610f7ac6fb@group-37663CADF5EC-LeaderElection67] INFO  server.RaftServerConfigKeys (ConfUtils.java:logGet(43)) - raft.server.log.appender.buffer.byte-limit = 33554432 (custom)
2019-10-02 06:40:26,129 [f06bf3a6-b453-455e-9338-99610f7ac6fb@group-37663CADF5EC-LeaderElection67] INFO  server.RaftServerConfigKeys (ConfUtils.java:logGet(43)) - raft.server.log.appender.buffer.element-limit = 1 (custom)
2019-10-02 06:40:26,129 [f06bf3a6-b453-455e-9338-99610f7ac6fb@group-37663CADF5EC-LeaderElection67] INFO  grpc.GrpcConfigKeys$Server (ConfUtils.java:logGet(43)) - raft.grpc.server.leader.outstanding.appends.max = 128 (default)
2019-10-02 06:40:26,130 [f06bf3a6-b453-455e-9338-99610f7ac6fb@group-37663CADF5EC-LeaderElection67] INFO  server.RaftServerConfigKeys (ConfUtils.java:logGet(43)) - raft.server.rpc.request.timeout = 3000ms (default)
2019-10-02 06:40:26,130 [f06bf3a6-b453-455e-9338-99610f7ac6fb@group-37663CADF5EC-LeaderElection67] INFO  server.RaftServerConfigKeys (ConfUtils.java:logGet(43)) - raft.server.log.appender.install.snapshot.enabled = false (custom)
2019-10-02 06:40:26,130 [f06bf3a6-b453-455e-9338-99610f7ac6fb@group-37663CADF5EC-LeaderElection67] INFO  server.RaftServerConfigKeys (ConfUtils.java:logGet(43)) - raft.server.log.appender.snapshot.chunk.size.max = 16MB (=16777216) (default)
2019-10-02 06:40:26,130 [f06bf3a6-b453-455e-9338-99610f7ac6fb@group-37663CADF5EC-LeaderElection67] INFO  server.RaftServerConfigKeys (ConfUtils.java:logGet(43)) - raft.server.log.appender.buffer.byte-limit = 33554432 (custom)
2019-10-02 06:40:26,131 [f06bf3a6-b453-455e-9338-99610f7ac6fb@group-37663CADF5EC-LeaderElection67] INFO  server.RaftServerConfigKeys (ConfUtils.java:logGet(43)) - raft.server.log.appender.buffer.element-limit = 1 (custom)
2019-10-02 06:40:26,131 [f06bf3a6-b453-455e-9338-99610f7ac6fb@group-37663CADF5EC-LeaderElection67] INFO  grpc.GrpcConfigKeys$Server (ConfUtils.java:logGet(43)) - raft.grpc.server.leader.outstanding.appends.max = 128 (default)
2019-10-02 06:40:26,131 [f06bf3a6-b453-455e-9338-99610f7ac6fb@group-37663CADF5EC-LeaderElection67] INFO  server.RaftServerConfigKeys (ConfUtils.java:logGet(43)) - raft.server.rpc.request.timeout = 3000ms (default)
2019-10-02 06:40:26,131 [f06bf3a6-b453-455e-9338-99610f7ac6fb@group-37663CADF5EC-LeaderElection67] INFO  server.RaftServerConfigKeys (ConfUtils.java:logGet(43)) - raft.server.log.appender.install.snapshot.enabled = false (custom)
2019-10-02 06:40:26,131 [f06bf3a6-b453-455e-9338-99610f7ac6fb@group-37663CADF5EC-LeaderElection67] INFO  impl.RoleInfo (RoleInfo.java:updateAndGet(143)) - f06bf3a6-b453-455e-9338-99610f7ac6fb: start LeaderState
2019-10-02 06:40:26,132 [f06bf3a6-b453-455e-9338-99610f7ac6fb@group-37663CADF5EC-LeaderElection67] INFO  segmented.SegmentedRaftLogWorker (SegmentedRaftLogWorker.java:startLogSegment(385)) - f06bf3a6-b453-455e-9338-99610f7ac6fb@group-37663CADF5EC-SegmentedRaftLogWorker: Starting segment from index:0
2019-10-02 06:40:26,132 [f06bf3a6-b453-455e-9338-99610f7ac6fb@group-37663CADF5EC-LeaderElection67] INFO  impl.RaftServerImpl (ServerState.java:setRaftConf(356)) - f06bf3a6-b453-455e-9338-99610f7ac6fb@group-37663CADF5EC: set configuration 0: [faec2157-e929-4efd-9ad6-3e1ee94c18fc:192.168.151.100:36797, f06bf3a6-b453-455e-9338-99610f7ac6fb:192.168.151.100:38682, a9c7b026-10da-4ad6-9f0f-7b064b603be2:192.168.151.100:35270], old=null at 0
2019-10-02 06:40:26,134 [grpc-default-executor-9] INFO  impl.RaftServerImpl (ServerState.java:setLeader(255)) - a9c7b026-10da-4ad6-9f0f-7b064b603be2@group-37663CADF5EC: change Leader from null to f06bf3a6-b453-455e-9338-99610f7ac6fb at term 1 for appendEntries, leader elected after 5138ms
2019-10-02 06:40:26,134 [grpc-default-executor-4] INFO  impl.RaftServerImpl (ServerState.java:setLeader(255)) - faec2157-e929-4efd-9ad6-3e1ee94c18fc@group-37663CADF5EC: change Leader from null to f06bf3a6-b453-455e-9338-99610f7ac6fb at term 1 for appendEntries, leader elected after 5138ms
2019-10-02 06:40:26,136 [grpc-default-executor-4] INFO  impl.RaftServerImpl (ServerState.java:setRaftConf(356)) - a9c7b026-10da-4ad6-9f0f-7b064b603be2@group-37663CADF5EC: set configuration 0: [faec2157-e929-4efd-9ad6-3e1ee94c18fc:192.168.151.100:36797, f06bf3a6-b453-455e-9338-99610f7ac6fb:192.168.151.100:38682, a9c7b026-10da-4ad6-9f0f-7b064b603be2:192.168.151.100:35270], old=null at 0
2019-10-02 06:40:26,136 [grpc-default-executor-9] INFO  impl.RaftServerImpl (ServerState.java:setRaftConf(356)) - faec2157-e929-4efd-9ad6-3e1ee94c18fc@group-37663CADF5EC: set configuration 0: [faec2157-e929-4efd-9ad6-3e1ee94c18fc:192.168.151.100:36797, f06bf3a6-b453-455e-9338-99610f7ac6fb:192.168.151.100:38682, a9c7b026-10da-4ad6-9f0f-7b064b603be2:192.168.151.100:35270], old=null at 0
2019-10-02 06:40:26,136 [grpc-default-executor-4] INFO  segmented.SegmentedRaftLogWorker (SegmentedRaftLogWorker.java:startLogSegment(385)) - a9c7b026-10da-4ad6-9f0f-7b064b603be2@group-37663CADF5EC-SegmentedRaftLogWorker: Starting segment from index:0
2019-10-02 06:40:26,136 [grpc-default-executor-9] INFO  segmented.SegmentedRaftLogWorker (SegmentedRaftLogWorker.java:startLogSegment(385)) - faec2157-e929-4efd-9ad6-3e1ee94c18fc@group-37663CADF5EC-SegmentedRaftLogWorker: Starting segment from index:0
2019-10-02 06:40:26,175 [faec2157-e929-4efd-9ad6-3e1ee94c18fc@group-37663CADF5EC-SegmentedRaftLogWorker] INFO  segmented.SegmentedRaftLogWorker (SegmentedRaftLogWorker.java:execute(574)) - faec2157-e929-4efd-9ad6-3e1ee94c18fc@group-37663CADF5EC-SegmentedRaftLogWorker: created new log segment /workdir/hadoop-ozone/integration-test/target/test-dir/MiniOzoneClusterImpl-bca770e2-21f3-4205-a110-13506e76e1ee/datanode-1/data/ratis/f174c5c6-712f-4f3a-8072-37663cadf5ec/current/log_inprogress_0
2019-10-02 06:40:26,175 [a9c7b026-10da-4ad6-9f0f-7b064b603be2@group-37663CADF5EC-SegmentedRaftLogWorker] INFO  segmented.SegmentedRaftLogWorker (SegmentedRaftLogWorker.java:execute(574)) - a9c7b026-10da-4ad6-9f0f-7b064b603be2@group-37663CADF5EC-SegmentedRaftLogWorker: created new log segment /workdir/hadoop-ozone/integration-test/target/test-dir/MiniOzoneClusterImpl-bca770e2-21f3-4205-a110-13506e76e1ee/datanode-0/data/ratis/f174c5c6-712f-4f3a-8072-37663cadf5ec/current/log_inprogress_0
2019-10-02 06:40:26,175 [f06bf3a6-b453-455e-9338-99610f7ac6fb@group-37663CADF5EC-SegmentedRaftLogWorker] INFO  segmented.SegmentedRaftLogWorker (SegmentedRaftLogWorker.java:execute(574)) - f06bf3a6-b453-455e-9338-99610f7ac6fb@group-37663CADF5EC-SegmentedRaftLogWorker: created new log segment /workdir/hadoop-ozone/integration-test/target/test-dir/MiniOzoneClusterImpl-bca770e2-21f3-4205-a110-13506e76e1ee/datanode-2/data/ratis/f174c5c6-712f-4f3a-8072-37663cadf5ec/current/log_inprogress_0
2019-10-02 06:40:26,182 [Thread-2323] INFO  impl.FollowerState (FollowerState.java:run(108)) - cfaff763-bb1f-4805-9d68-cc66e8f78360@group-2DFF44EC1479-FollowerState: change to CANDIDATE, lastRpcTime:5022ms, electionTimeout:5022ms
2019-10-02 06:40:26,182 [Thread-2323] INFO  impl.RoleInfo (RoleInfo.java:shutdownFollowerState(121)) - cfaff763-bb1f-4805-9d68-cc66e8f78360: shutdown FollowerState
2019-10-02 06:40:26,182 [Thread-2323] INFO  impl.RaftServerImpl (RaftServerImpl.java:setRole(170)) - cfaff763-bb1f-4805-9d68-cc66e8f78360@group-2DFF44EC1479: changes role from  FOLLOWER to CANDIDATE at term 0 for changeToCandidate
2019-10-02 06:40:26,182 [Thread-2323] INFO  impl.RoleInfo (RoleInfo.java:updateAndGet(143)) - cfaff763-bb1f-4805-9d68-cc66e8f78360: start LeaderElection
2019-10-02 06:40:26,200 [Thread-2319] INFO  impl.FollowerState (FollowerState.java:run(108)) - d9b84bfa-e959-4600-b050-f5b0a5069edf@group-BD29DCEC7C51-FollowerState: change to CANDIDATE, lastRpcTime:5119ms, electionTimeout:5119ms
2019-10-02 06:40:26,200 [Thread-2319] INFO  impl.RoleInfo (RoleInfo.java:shutdownFollowerState(121)) - d9b84bfa-e959-4600-b050-f5b0a5069edf: shutdown FollowerState
2019-10-02 06:40:26,200 [Thread-2319] INFO  impl.RaftServerImpl (RaftServerImpl.java:setRole(170)) - d9b84bfa-e959-4600-b050-f5b0a5069edf@group-BD29DCEC7C51: changes role from  FOLLOWER to CANDIDATE at term 0 for changeToCandidate
2019-10-02 06:40:26,201 [Thread-2319] INFO  impl.RoleInfo (RoleInfo.java:updateAndGet(143)) - d9b84bfa-e959-4600-b050-f5b0a5069edf: start LeaderElection
2019-10-02 06:40:26,206 [cfaff763-bb1f-4805-9d68-cc66e8f78360@group-2DFF44EC1479-LeaderElection69] INFO  impl.LeaderElection (LeaderElection.java:askForVotes(178)) - cfaff763-bb1f-4805-9d68-cc66e8f78360@group-2DFF44EC1479-LeaderElection69: begin an election at term 1 for -1: [cfaff763-bb1f-4805-9d68-cc66e8f78360:192.168.151.100:34985], old=null
2019-10-02 06:40:26,206 [cfaff763-bb1f-4805-9d68-cc66e8f78360@group-2DFF44EC1479-LeaderElection69] INFO  impl.RoleInfo (RoleInfo.java:shutdownLeaderElection(134)) - cfaff763-bb1f-4805-9d68-cc66e8f78360: shutdown LeaderElection
2019-10-02 06:40:26,207 [cfaff763-bb1f-4805-9d68-cc66e8f78360@group-2DFF44EC1479-LeaderElection69] INFO  impl.RaftServerImpl (RaftServerImpl.java:setRole(170)) - cfaff763-bb1f-4805-9d68-cc66e8f78360@group-2DFF44EC1479: changes role from CANDIDATE to LEADER at term 1 for changeToLeader
2019-10-02 06:40:26,207 [cfaff763-bb1f-4805-9d68-cc66e8f78360@group-2DFF44EC1479-LeaderElection69] INFO  impl.RaftServerImpl (ServerState.java:setLeader(255)) - cfaff763-bb1f-4805-9d68-cc66e8f78360@group-2DFF44EC1479: change Leader from null to cfaff763-bb1f-4805-9d68-cc66e8f78360 at term 1 for becomeLeader, leader elected after 5058ms
2019-10-02 06:40:26,207 [cfaff763-bb1f-4805-9d68-cc66e8f78360@group-2DFF44EC1479-LeaderElection69] INFO  server.RaftServerConfigKeys (ConfUtils.java:logGet(43)) - raft.server.staging.catchup.gap = 1000 (default)
2019-10-02 06:40:26,207 [cfaff763-bb1f-4805-9d68-cc66e8f78360@group-2DFF44EC1479-LeaderElection69] INFO  server.RaftServerConfigKeys (ConfUtils.java:logGet(43)) - raft.server.rpc.sleep.time = 25ms (default)
2019-10-02 06:40:26,207 [cfaff763-bb1f-4805-9d68-cc66e8f78360@group-2DFF44EC1479-LeaderElection69] INFO  server.RaftServerConfigKeys (ConfUtils.java:logGet(43)) - raft.server.write.element-limit = 4096 (default)
2019-10-02 06:40:26,207 [cfaff763-bb1f-4805-9d68-cc66e8f78360@group-2DFF44EC1479-LeaderElection69] INFO  server.RaftServerConfigKeys (ConfUtils.java:logGet(43)) - raft.server.watch.timeout = 10s (default)
2019-10-02 06:40:26,207 [cfaff763-bb1f-4805-9d68-cc66e8f78360@group-2DFF44EC1479-LeaderElection69] INFO  server.RaftServerConfigKeys (ConfUtils.java:logGet(43)) - raft.server.watch.timeout.denomination = 1s (default)
2019-10-02 06:40:26,208 [cfaff763-bb1f-4805-9d68-cc66e8f78360@group-2DFF44EC1479-LeaderElection69] INFO  server.RaftServerConfigKeys (ConfUtils.java:logGet(43)) - raft.server.watch.element-limit = 65536 (default)
2019-10-02 06:40:26,209 [cfaff763-bb1f-4805-9d68-cc66e8f78360@group-2DFF44EC1479-LeaderElection69] INFO  impl.RoleInfo (RoleInfo.java:updateAndGet(143)) - cfaff763-bb1f-4805-9d68-cc66e8f78360: start LeaderState
2019-10-02 06:40:26,210 [cfaff763-bb1f-4805-9d68-cc66e8f78360@group-2DFF44EC1479-LeaderElection69] INFO  segmented.SegmentedRaftLogWorker (SegmentedRaftLogWorker.java:startLogSegment(385)) - cfaff763-bb1f-4805-9d68-cc66e8f78360@group-2DFF44EC1479-SegmentedRaftLogWorker: Starting segment from index:0
2019-10-02 06:40:26,210 [cfaff763-bb1f-4805-9d68-cc66e8f78360@group-2DFF44EC1479-LeaderElection69] INFO  impl.RaftServerImpl (ServerState.java:setRaftConf(356)) - cfaff763-bb1f-4805-9d68-cc66e8f78360@group-2DFF44EC1479: set configuration 0: [cfaff763-bb1f-4805-9d68-cc66e8f78360:192.168.151.100:34985], old=null at 0
2019-10-02 06:40:26,219 [d9b84bfa-e959-4600-b050-f5b0a5069edf@group-BD29DCEC7C51-LeaderElection70] INFO  impl.LeaderElection (LeaderElection.java:askForVotes(178)) - d9b84bfa-e959-4600-b050-f5b0a5069edf@group-BD29DCEC7C51-LeaderElection70: begin an election at term 1 for -1: [d9b84bfa-e959-4600-b050-f5b0a5069edf:192.168.151.100:33390], old=null
2019-10-02 06:40:26,220 [d9b84bfa-e959-4600-b050-f5b0a5069edf@group-BD29DCEC7C51-LeaderElection70] INFO  impl.RoleInfo (RoleInfo.java:shutdownLeaderElection(134)) - d9b84bfa-e959-4600-b050-f5b0a5069edf: shutdown LeaderElection
2019-10-02 06:40:26,220 [d9b84bfa-e959-4600-b050-f5b0a5069edf@group-BD29DCEC7C51-LeaderElection70] INFO  impl.RaftServerImpl (RaftServerImpl.java:setRole(170)) - d9b84bfa-e959-4600-b050-f5b0a5069edf@group-BD29DCEC7C51: changes role from CANDIDATE to LEADER at term 1 for changeToLeader
2019-10-02 06:40:26,220 [d9b84bfa-e959-4600-b050-f5b0a5069edf@group-BD29DCEC7C51-LeaderElection70] INFO  impl.RaftServerImpl (ServerState.java:setLeader(255)) - d9b84bfa-e959-4600-b050-f5b0a5069edf@group-BD29DCEC7C51: change Leader from null to d9b84bfa-e959-4600-b050-f5b0a5069edf at term 1 for becomeLeader, leader elected after 5144ms
2019-10-02 06:40:26,220 [d9b84bfa-e959-4600-b050-f5b0a5069edf@group-BD29DCEC7C51-LeaderElection70] INFO  server.RaftServerConfigKeys (ConfUtils.java:logGet(43)) - raft.server.staging.catchup.gap = 1000 (default)
2019-10-02 06:40:26,220 [d9b84bfa-e959-4600-b050-f5b0a5069edf@group-BD29DCEC7C51-LeaderElection70] INFO  server.RaftServerConfigKeys (ConfUtils.java:logGet(43)) - raft.server.rpc.sleep.time = 25ms (default)
2019-10-02 06:40:26,220 [d9b84bfa-e959-4600-b050-f5b0a5069edf@group-BD29DCEC7C51-LeaderElection70] INFO  server.RaftServerConfigKeys (ConfUtils.java:logGet(43)) - raft.server.write.element-limit = 4096 (default)
2019-10-02 06:40:26,221 [d9b84bfa-e959-4600-b050-f5b0a5069edf@group-BD29DCEC7C51-LeaderElection70] INFO  server.RaftServerConfigKeys (ConfUtils.java:logGet(43)) - raft.server.watch.timeout = 10s (default)
2019-10-02 06:40:26,221 [d9b84bfa-e959-4600-b050-f5b0a5069edf@group-BD29DCEC7C51-LeaderElection70] INFO  server.RaftServerConfigKeys (ConfUtils.java:logGet(43)) - raft.server.watch.timeout.denomination = 1s (default)
2019-10-02 06:40:26,221 [d9b84bfa-e959-4600-b050-f5b0a5069edf@group-BD29DCEC7C51-LeaderElection70] INFO  server.RaftServerConfigKeys (ConfUtils.java:logGet(43)) - raft.server.watch.element-limit = 65536 (default)
2019-10-02 06:40:26,223 [d9b84bfa-e959-4600-b050-f5b0a5069edf@group-BD29DCEC7C51-LeaderElection70] INFO  impl.RoleInfo (RoleInfo.java:updateAndGet(143)) - d9b84bfa-e959-4600-b050-f5b0a5069edf: start LeaderState
2019-10-02 06:40:26,223 [d9b84bfa-e959-4600-b050-f5b0a5069edf@group-BD29DCEC7C51-LeaderElection70] INFO  segmented.SegmentedRaftLogWorker (SegmentedRaftLogWorker.java:startLogSegment(385)) - d9b84bfa-e959-4600-b050-f5b0a5069edf@group-BD29DCEC7C51-SegmentedRaftLogWorker: Starting segment from index:0
2019-10-02 06:40:26,223 [d9b84bfa-e959-4600-b050-f5b0a5069edf@group-BD29DCEC7C51-LeaderElection70] INFO  impl.RaftServerImpl (ServerState.java:setRaftConf(356)) - d9b84bfa-e959-4600-b050-f5b0a5069edf@group-BD29DCEC7C51: set configuration 0: [d9b84bfa-e959-4600-b050-f5b0a5069edf:192.168.151.100:33390], old=null at 0
2019-10-02 06:40:26,245 [cfaff763-bb1f-4805-9d68-cc66e8f78360@group-2DFF44EC1479-SegmentedRaftLogWorker] INFO  segmented.SegmentedRaftLogWorker (SegmentedRaftLogWorker.java:execute(574)) - cfaff763-bb1f-4805-9d68-cc66e8f78360@group-2DFF44EC1479-SegmentedRaftLogWorker: created new log segment /workdir/hadoop-ozone/integration-test/target/test-dir/MiniOzoneClusterImpl-bca770e2-21f3-4205-a110-13506e76e1ee/datanode-3/data/ratis/867ca4d4-3846-4235-b41d-2dff44ec1479/current/log_inprogress_0
2019-10-02 06:40:26,258 [d9b84bfa-e959-4600-b050-f5b0a5069edf@group-BD29DCEC7C51-SegmentedRaftLogWorker] INFO  segmented.SegmentedRaftLogWorker (SegmentedRaftLogWorker.java:execute(574)) - d9b84bfa-e959-4600-b050-f5b0a5069edf@group-BD29DCEC7C51-SegmentedRaftLogWorker: created new log segment /workdir/hadoop-ozone/integration-test/target/test-dir/MiniOzoneClusterImpl-bca770e2-21f3-4205-a110-13506e76e1ee/datanode-4/data/ratis/587a1728-c041-4941-9c18-bd29dcec7c51/current/log_inprogress_0
2019-10-02 06:40:26,317 [Thread-2327] INFO  impl.FollowerState (FollowerState.java:run(108)) - 1a8dc7c5-676c-4368-9d27-d112d4c92d60@group-A43279117C59-FollowerState: change to CANDIDATE, lastRpcTime:5097ms, electionTimeout:5097ms
2019-10-02 06:40:26,317 [Thread-2327] INFO  impl.RoleInfo (RoleInfo.java:shutdownFollowerState(121)) - 1a8dc7c5-676c-4368-9d27-d112d4c92d60: shutdown FollowerState
2019-10-02 06:40:26,317 [Thread-2327] INFO  impl.RaftServerImpl (RaftServerImpl.java:setRole(170)) - 1a8dc7c5-676c-4368-9d27-d112d4c92d60@group-A43279117C59: changes role from  FOLLOWER to CANDIDATE at term 0 for changeToCandidate
2019-10-02 06:40:26,317 [Thread-2327] INFO  impl.RoleInfo (RoleInfo.java:updateAndGet(143)) - 1a8dc7c5-676c-4368-9d27-d112d4c92d60: start LeaderElection
2019-10-02 06:40:26,329 [Thread-2333] INFO  impl.FollowerState (FollowerState.java:run(108)) - d9b84bfa-e959-4600-b050-f5b0a5069edf@group-BA6556CC160E-FollowerState: change to CANDIDATE, lastRpcTime:5008ms, electionTimeout:5007ms
2019-10-02 06:40:26,329 [Thread-2333] INFO  impl.RoleInfo (RoleInfo.java:shutdownFollowerState(121)) - d9b84bfa-e959-4600-b050-f5b0a5069edf: shutdown FollowerState
2019-10-02 06:40:26,329 [Thread-2333] INFO  impl.RaftServerImpl (RaftServerImpl.java:setRole(170)) - d9b84bfa-e959-4600-b050-f5b0a5069edf@group-BA6556CC160E: changes role from  FOLLOWER to CANDIDATE at term 0 for changeToCandidate
2019-10-02 06:40:26,330 [Thread-2333] INFO  impl.RoleInfo (RoleInfo.java:updateAndGet(143)) - d9b84bfa-e959-4600-b050-f5b0a5069edf: start LeaderElection
2019-10-02 06:40:26,336 [1a8dc7c5-676c-4368-9d27-d112d4c92d60@group-A43279117C59-LeaderElection71] INFO  impl.LeaderElection (LeaderElection.java:askForVotes(178)) - 1a8dc7c5-676c-4368-9d27-d112d4c92d60@group-A43279117C59-LeaderElection71: begin an election at term 1 for -1: [1a8dc7c5-676c-4368-9d27-d112d4c92d60:192.168.151.100:34664], old=null
2019-10-02 06:40:26,337 [1a8dc7c5-676c-4368-9d27-d112d4c92d60@group-A43279117C59-LeaderElection71] INFO  impl.RoleInfo (RoleInfo.java:shutdownLeaderElection(134)) - 1a8dc7c5-676c-4368-9d27-d112d4c92d60: shutdown LeaderElection
2019-10-02 06:40:26,337 [1a8dc7c5-676c-4368-9d27-d112d4c92d60@group-A43279117C59-LeaderElection71] INFO  impl.RaftServerImpl (RaftServerImpl.java:setRole(170)) - 1a8dc7c5-676c-4368-9d27-d112d4c92d60@group-A43279117C59: changes role from CANDIDATE to LEADER at term 1 for changeToLeader
2019-10-02 06:40:26,337 [1a8dc7c5-676c-4368-9d27-d112d4c92d60@group-A43279117C59-LeaderElection71] INFO  impl.RaftServerImpl (ServerState.java:setLeader(255)) - 1a8dc7c5-676c-4368-9d27-d112d4c92d60@group-A43279117C59: change Leader from null to 1a8dc7c5-676c-4368-9d27-d112d4c92d60 at term 1 for becomeLeader, leader elected after 5121ms
2019-10-02 06:40:26,337 [1a8dc7c5-676c-4368-9d27-d112d4c92d60@group-A43279117C59-LeaderElection71] INFO  server.RaftServerConfigKeys (ConfUtils.java:logGet(43)) - raft.server.staging.catchup.gap = 1000 (default)
2019-10-02 06:40:26,337 [d9b84bfa-e959-4600-b050-f5b0a5069edf@group-BA6556CC160E-LeaderElection72] INFO  impl.LeaderElection (LeaderElection.java:askForVotes(178)) - d9b84bfa-e959-4600-b050-f5b0a5069edf@group-BA6556CC160E-LeaderElection72: begin an election at term 1 for -1: [d9b84bfa-e959-4600-b050-f5b0a5069edf:192.168.151.100:33390, 3d53bed2-bc03-4df9-a742-4caab98a25e4:192.168.151.100:41508, 1a8dc7c5-676c-4368-9d27-d112d4c92d60:192.168.151.100:34664], old=null
2019-10-02 06:40:26,337 [1a8dc7c5-676c-4368-9d27-d112d4c92d60@group-A43279117C59-LeaderElection71] INFO  server.RaftServerConfigKeys (ConfUtils.java:logGet(43)) - raft.server.rpc.sleep.time = 25ms (default)
2019-10-02 06:40:26,337 [1a8dc7c5-676c-4368-9d27-d112d4c92d60@group-A43279117C59-LeaderElection71] INFO  server.RaftServerConfigKeys (ConfUtils.java:logGet(43)) - raft.server.write.element-limit = 4096 (default)
2019-10-02 06:40:26,338 [1a8dc7c5-676c-4368-9d27-d112d4c92d60@group-A43279117C59-LeaderElection71] INFO  server.RaftServerConfigKeys (ConfUtils.java:logGet(43)) - raft.server.watch.timeout = 10s (default)
2019-10-02 06:40:26,338 [1a8dc7c5-676c-4368-9d27-d112d4c92d60@group-A43279117C59-LeaderElection71] INFO  server.RaftServerConfigKeys (ConfUtils.java:logGet(43)) - raft.server.watch.timeout.denomination = 1s (default)
2019-10-02 06:40:26,338 [1a8dc7c5-676c-4368-9d27-d112d4c92d60@group-A43279117C59-LeaderElection71] INFO  server.RaftServerConfigKeys (ConfUtils.java:logGet(43)) - raft.server.watch.element-limit = 65536 (default)
2019-10-02 06:40:26,341 [1a8dc7c5-676c-4368-9d27-d112d4c92d60@group-A43279117C59-LeaderElection71] INFO  impl.RoleInfo (RoleInfo.java:updateAndGet(143)) - 1a8dc7c5-676c-4368-9d27-d112d4c92d60: start LeaderState
2019-10-02 06:40:26,341 [1a8dc7c5-676c-4368-9d27-d112d4c92d60@group-A43279117C59-LeaderElection71] INFO  segmented.SegmentedRaftLogWorker (SegmentedRaftLogWorker.java:startLogSegment(385)) - 1a8dc7c5-676c-4368-9d27-d112d4c92d60@group-A43279117C59-SegmentedRaftLogWorker: Starting segment from index:0
2019-10-02 06:40:26,342 [1a8dc7c5-676c-4368-9d27-d112d4c92d60@group-A43279117C59-LeaderElection71] INFO  impl.RaftServerImpl (ServerState.java:setRaftConf(356)) - 1a8dc7c5-676c-4368-9d27-d112d4c92d60@group-A43279117C59: set configuration 0: [1a8dc7c5-676c-4368-9d27-d112d4c92d60:192.168.151.100:34664], old=null at 0
2019-10-02 06:40:26,366 [grpc-default-executor-9] INFO  impl.RaftServerImpl (RaftServerImpl.java:setRole(170)) - 3d53bed2-bc03-4df9-a742-4caab98a25e4@group-BA6556CC160E: changes role from  FOLLOWER to FOLLOWER at term 1 for recognizeCandidate:d9b84bfa-e959-4600-b050-f5b0a5069edf
2019-10-02 06:40:26,366 [grpc-default-executor-4] INFO  impl.RaftServerImpl (RaftServerImpl.java:setRole(170)) - 1a8dc7c5-676c-4368-9d27-d112d4c92d60@group-BA6556CC160E: changes role from  FOLLOWER to FOLLOWER at term 1 for recognizeCandidate:d9b84bfa-e959-4600-b050-f5b0a5069edf
2019-10-02 06:40:26,366 [grpc-default-executor-9] INFO  impl.RoleInfo (RoleInfo.java:shutdownFollowerState(121)) - 3d53bed2-bc03-4df9-a742-4caab98a25e4: shutdown FollowerState
2019-10-02 06:40:26,366 [grpc-default-executor-4] INFO  impl.RoleInfo (RoleInfo.java:shutdownFollowerState(121)) - 1a8dc7c5-676c-4368-9d27-d112d4c92d60: shutdown FollowerState
2019-10-02 06:40:26,366 [Thread-2338] INFO  impl.FollowerState (FollowerState.java:run(117)) - 3d53bed2-bc03-4df9-a742-4caab98a25e4@group-BA6556CC160E-FollowerState was interrupted: java.lang.InterruptedException: sleep interrupted
2019-10-02 06:40:26,366 [grpc-default-executor-9] INFO  impl.RoleInfo (RoleInfo.java:updateAndGet(143)) - 3d53bed2-bc03-4df9-a742-4caab98a25e4: start FollowerState
2019-10-02 06:40:26,369 [Thread-2337] INFO  impl.FollowerState (FollowerState.java:run(117)) - 1a8dc7c5-676c-4368-9d27-d112d4c92d60@group-BA6556CC160E-FollowerState was interrupted: java.lang.InterruptedException: sleep interrupted
2019-10-02 06:40:26,366 [grpc-default-executor-4] INFO  impl.RoleInfo (RoleInfo.java:updateAndGet(143)) - 1a8dc7c5-676c-4368-9d27-d112d4c92d60: start FollowerState
2019-10-02 06:40:26,378 [1a8dc7c5-676c-4368-9d27-d112d4c92d60@group-A43279117C59-SegmentedRaftLogWorker] INFO  segmented.SegmentedRaftLogWorker (SegmentedRaftLogWorker.java:execute(574)) - 1a8dc7c5-676c-4368-9d27-d112d4c92d60@group-A43279117C59-SegmentedRaftLogWorker: created new log segment /workdir/hadoop-ozone/integration-test/target/test-dir/MiniOzoneClusterImpl-bca770e2-21f3-4205-a110-13506e76e1ee/datanode-6/data/ratis/fd54292c-29e8-4a85-a95d-a43279117c59/current/log_inprogress_0
2019-10-02 06:40:26,379 [d9b84bfa-e959-4600-b050-f5b0a5069edf@group-BA6556CC160E-LeaderElection72] INFO  impl.LeaderElection (LeaderElection.java:logAndReturn(56)) - d9b84bfa-e959-4600-b050-f5b0a5069edf@group-BA6556CC160E-LeaderElection72: Election PASSED; received 1 response(s) [d9b84bfa-e959-4600-b050-f5b0a5069edf<-3d53bed2-bc03-4df9-a742-4caab98a25e4#0:OK-t1] and 0 exception(s); d9b84bfa-e959-4600-b050-f5b0a5069edf@group-BA6556CC160E:t1, leader=null, voted=d9b84bfa-e959-4600-b050-f5b0a5069edf, raftlog=d9b84bfa-e959-4600-b050-f5b0a5069edf@group-BA6556CC160E-SegmentedRaftLog:OPENED:c-1,f-1,i0, conf=-1: [d9b84bfa-e959-4600-b050-f5b0a5069edf:192.168.151.100:33390, 3d53bed2-bc03-4df9-a742-4caab98a25e4:192.168.151.100:41508, 1a8dc7c5-676c-4368-9d27-d112d4c92d60:192.168.151.100:34664], old=null
2019-10-02 06:40:26,380 [d9b84bfa-e959-4600-b050-f5b0a5069edf@group-BA6556CC160E-LeaderElection72] INFO  impl.RoleInfo (RoleInfo.java:shutdownLeaderElection(134)) - d9b84bfa-e959-4600-b050-f5b0a5069edf: shutdown LeaderElection
2019-10-02 06:40:26,380 [d9b84bfa-e959-4600-b050-f5b0a5069edf@group-BA6556CC160E-LeaderElection72] INFO  impl.RaftServerImpl (RaftServerImpl.java:setRole(170)) - d9b84bfa-e959-4600-b050-f5b0a5069edf@group-BA6556CC160E: changes role from CANDIDATE to LEADER at term 1 for changeToLeader
2019-10-02 06:40:26,380 [d9b84bfa-e959-4600-b050-f5b0a5069edf@group-BA6556CC160E-LeaderElection72] INFO  impl.RaftServerImpl (ServerState.java:setLeader(255)) - d9b84bfa-e959-4600-b050-f5b0a5069edf@group-BA6556CC160E: change Leader from null to d9b84bfa-e959-4600-b050-f5b0a5069edf at term 1 for becomeLeader, leader elected after 5065ms
2019-10-02 06:40:26,380 [d9b84bfa-e959-4600-b050-f5b0a5069edf@group-BA6556CC160E-LeaderElection72] INFO  server.RaftServerConfigKeys (ConfUtils.java:logGet(43)) - raft.server.staging.catchup.gap = 1000 (default)
2019-10-02 06:40:26,380 [d9b84bfa-e959-4600-b050-f5b0a5069edf@group-BA6556CC160E-LeaderElection72] INFO  server.RaftServerConfigKeys (ConfUtils.java:logGet(43)) - raft.server.rpc.sleep.time = 25ms (default)
2019-10-02 06:40:26,380 [d9b84bfa-e959-4600-b050-f5b0a5069edf@group-BA6556CC160E-LeaderElection72] INFO  server.RaftServerConfigKeys (ConfUtils.java:logGet(43)) - raft.server.write.element-limit = 4096 (default)
2019-10-02 06:40:26,380 [d9b84bfa-e959-4600-b050-f5b0a5069edf@group-BA6556CC160E-LeaderElection72] INFO  server.RaftServerConfigKeys (ConfUtils.java:logGet(43)) - raft.server.watch.timeout = 10s (default)
2019-10-02 06:40:26,380 [d9b84bfa-e959-4600-b050-f5b0a5069edf@group-BA6556CC160E-LeaderElection72] INFO  server.RaftServerConfigKeys (ConfUtils.java:logGet(43)) - raft.server.watch.timeout.denomination = 1s (default)
2019-10-02 06:40:26,380 [d9b84bfa-e959-4600-b050-f5b0a5069edf@group-BA6556CC160E-LeaderElection72] INFO  server.RaftServerConfigKeys (ConfUtils.java:logGet(43)) - raft.server.watch.element-limit = 65536 (default)
2019-10-02 06:40:26,381 [d9b84bfa-e959-4600-b050-f5b0a5069edf@group-BA6556CC160E-LeaderElection72] INFO  server.RaftServerConfigKeys (ConfUtils.java:logGet(43)) - raft.server.log.appender.snapshot.chunk.size.max = 16MB (=16777216) (default)
2019-10-02 06:40:26,382 [d9b84bfa-e959-4600-b050-f5b0a5069edf@group-BA6556CC160E-LeaderElection72] INFO  server.RaftServerConfigKeys (ConfUtils.java:logGet(43)) - raft.server.log.appender.buffer.byte-limit = 33554432 (custom)
2019-10-02 06:40:26,382 [d9b84bfa-e959-4600-b050-f5b0a5069edf@group-BA6556CC160E-LeaderElection72] INFO  server.RaftServerConfigKeys (ConfUtils.java:logGet(43)) - raft.server.log.appender.buffer.element-limit = 1 (custom)
2019-10-02 06:40:26,382 [d9b84bfa-e959-4600-b050-f5b0a5069edf@group-BA6556CC160E-LeaderElection72] INFO  grpc.GrpcConfigKeys$Server (ConfUtils.java:logGet(43)) - raft.grpc.server.leader.outstanding.appends.max = 128 (default)
2019-10-02 06:40:26,382 [d9b84bfa-e959-4600-b050-f5b0a5069edf@group-BA6556CC160E-LeaderElection72] INFO  server.RaftServerConfigKeys (ConfUtils.java:logGet(43)) - raft.server.rpc.request.timeout = 3000ms (default)
2019-10-02 06:40:26,382 [d9b84bfa-e959-4600-b050-f5b0a5069edf@group-BA6556CC160E-LeaderElection72] INFO  server.RaftServerConfigKeys (ConfUtils.java:logGet(43)) - raft.server.log.appender.install.snapshot.enabled = false (custom)
2019-10-02 06:40:26,382 [d9b84bfa-e959-4600-b050-f5b0a5069edf@group-BA6556CC160E-LeaderElection72] INFO  server.RaftServerConfigKeys (ConfUtils.java:logGet(43)) - raft.server.log.appender.snapshot.chunk.size.max = 16MB (=16777216) (default)
2019-10-02 06:40:26,382 [d9b84bfa-e959-4600-b050-f5b0a5069edf@group-BA6556CC160E-LeaderElection72] INFO  server.RaftServerConfigKeys (ConfUtils.java:logGet(43)) - raft.server.log.appender.buffer.byte-limit = 33554432 (custom)
2019-10-02 06:40:26,382 [d9b84bfa-e959-4600-b050-f5b0a5069edf@group-BA6556CC160E-LeaderElection72] INFO  server.RaftServerConfigKeys (ConfUtils.java:logGet(43)) - raft.server.log.appender.buffer.element-limit = 1 (custom)
2019-10-02 06:40:26,382 [d9b84bfa-e959-4600-b050-f5b0a5069edf@group-BA6556CC160E-LeaderElection72] INFO  grpc.GrpcConfigKeys$Server (ConfUtils.java:logGet(43)) - raft.grpc.server.leader.outstanding.appends.max = 128 (default)
2019-10-02 06:40:26,383 [d9b84bfa-e959-4600-b050-f5b0a5069edf@group-BA6556CC160E-LeaderElection72] INFO  server.RaftServerConfigKeys (ConfUtils.java:logGet(43)) - raft.server.rpc.request.timeout = 3000ms (default)
2019-10-02 06:40:26,383 [d9b84bfa-e959-4600-b050-f5b0a5069edf@group-BA6556CC160E-LeaderElection72] INFO  server.RaftServerConfigKeys (ConfUtils.java:logGet(43)) - raft.server.log.appender.install.snapshot.enabled = false (custom)
2019-10-02 06:40:26,383 [d9b84bfa-e959-4600-b050-f5b0a5069edf@group-BA6556CC160E-LeaderElection72] INFO  impl.RoleInfo (RoleInfo.java:updateAndGet(143)) - d9b84bfa-e959-4600-b050-f5b0a5069edf: start LeaderState
2019-10-02 06:40:26,383 [d9b84bfa-e959-4600-b050-f5b0a5069edf@group-BA6556CC160E-LeaderElection72] INFO  segmented.SegmentedRaftLogWorker (SegmentedRaftLogWorker.java:startLogSegment(385)) - d9b84bfa-e959-4600-b050-f5b0a5069edf@group-BA6556CC160E-SegmentedRaftLogWorker: Starting segment from index:0
2019-10-02 06:40:26,384 [d9b84bfa-e959-4600-b050-f5b0a5069edf@group-BA6556CC160E-LeaderElection72] INFO  impl.RaftServerImpl (ServerState.java:setRaftConf(356)) - d9b84bfa-e959-4600-b050-f5b0a5069edf@group-BA6556CC160E: set configuration 0: [d9b84bfa-e959-4600-b050-f5b0a5069edf:192.168.151.100:33390, 3d53bed2-bc03-4df9-a742-4caab98a25e4:192.168.151.100:41508, 1a8dc7c5-676c-4368-9d27-d112d4c92d60:192.168.151.100:34664], old=null at 0
2019-10-02 06:40:26,407 [grpc-default-executor-4] INFO  impl.RaftServerImpl (ServerState.java:setLeader(255)) - 3d53bed2-bc03-4df9-a742-4caab98a25e4@group-BA6556CC160E: change Leader from null to d9b84bfa-e959-4600-b050-f5b0a5069edf at term 1 for appendEntries, leader elected after 5093ms
2019-10-02 06:40:26,411 [grpc-default-executor-4] INFO  impl.RaftServerImpl (ServerState.java:setLeader(255)) - 1a8dc7c5-676c-4368-9d27-d112d4c92d60@group-BA6556CC160E: change Leader from null to d9b84bfa-e959-4600-b050-f5b0a5069edf at term 1 for appendEntries, leader elected after 5096ms
2019-10-02 06:40:26,414 [grpc-default-executor-4] INFO  impl.RaftServerImpl (ServerState.java:setRaftConf(356)) - 3d53bed2-bc03-4df9-a742-4caab98a25e4@group-BA6556CC160E: set configuration 0: [d9b84bfa-e959-4600-b050-f5b0a5069edf:192.168.151.100:33390, 3d53bed2-bc03-4df9-a742-4caab98a25e4:192.168.151.100:41508, 1a8dc7c5-676c-4368-9d27-d112d4c92d60:192.168.151.100:34664], old=null at 0
2019-10-02 06:40:26,414 [grpc-default-executor-4] INFO  segmented.SegmentedRaftLogWorker (SegmentedRaftLogWorker.java:startLogSegment(385)) - 3d53bed2-bc03-4df9-a742-4caab98a25e4@group-BA6556CC160E-SegmentedRaftLogWorker: Starting segment from index:0
2019-10-02 06:40:26,415 [grpc-default-executor-4] INFO  impl.RaftServerImpl (ServerState.java:setRaftConf(356)) - 1a8dc7c5-676c-4368-9d27-d112d4c92d60@group-BA6556CC160E: set configuration 0: [d9b84bfa-e959-4600-b050-f5b0a5069edf:192.168.151.100:33390, 3d53bed2-bc03-4df9-a742-4caab98a25e4:192.168.151.100:41508, 1a8dc7c5-676c-4368-9d27-d112d4c92d60:192.168.151.100:34664], old=null at 0
2019-10-02 06:40:26,415 [grpc-default-executor-4] INFO  segmented.SegmentedRaftLogWorker (SegmentedRaftLogWorker.java:startLogSegment(385)) - 1a8dc7c5-676c-4368-9d27-d112d4c92d60@group-BA6556CC160E-SegmentedRaftLogWorker: Starting segment from index:0
2019-10-02 06:40:26,447 [d9b84bfa-e959-4600-b050-f5b0a5069edf@group-BA6556CC160E-SegmentedRaftLogWorker] INFO  segmented.SegmentedRaftLogWorker (SegmentedRaftLogWorker.java:execute(574)) - d9b84bfa-e959-4600-b050-f5b0a5069edf@group-BA6556CC160E-SegmentedRaftLogWorker: created new log segment /workdir/hadoop-ozone/integration-test/target/test-dir/MiniOzoneClusterImpl-bca770e2-21f3-4205-a110-13506e76e1ee/datanode-4/data/ratis/dda5c639-f51a-4047-a04d-ba6556cc160e/current/log_inprogress_0
2019-10-02 06:40:26,477 [3d53bed2-bc03-4df9-a742-4caab98a25e4@group-BA6556CC160E-SegmentedRaftLogWorker] INFO  segmented.SegmentedRaftLogWorker (SegmentedRaftLogWorker.java:execute(574)) - 3d53bed2-bc03-4df9-a742-4caab98a25e4@group-BA6556CC160E-SegmentedRaftLogWorker: created new log segment /workdir/hadoop-ozone/integration-test/target/test-dir/MiniOzoneClusterImpl-bca770e2-21f3-4205-a110-13506e76e1ee/datanode-5/data/ratis/dda5c639-f51a-4047-a04d-ba6556cc160e/current/log_inprogress_0
2019-10-02 06:40:26,477 [Thread-2330] INFO  impl.FollowerState (FollowerState.java:run(108)) - 3d53bed2-bc03-4df9-a742-4caab98a25e4@group-4E7EE451EBD3-FollowerState: change to CANDIDATE, lastRpcTime:5208ms, electionTimeout:5187ms
2019-10-02 06:40:26,480 [Thread-2330] INFO  impl.RoleInfo (RoleInfo.java:shutdownFollowerState(121)) - 3d53bed2-bc03-4df9-a742-4caab98a25e4: shutdown FollowerState
2019-10-02 06:40:26,480 [Thread-2330] INFO  impl.RaftServerImpl (RaftServerImpl.java:setRole(170)) - 3d53bed2-bc03-4df9-a742-4caab98a25e4@group-4E7EE451EBD3: changes role from  FOLLOWER to CANDIDATE at term 0 for changeToCandidate
2019-10-02 06:40:26,480 [Thread-2330] INFO  impl.RoleInfo (RoleInfo.java:updateAndGet(143)) - 3d53bed2-bc03-4df9-a742-4caab98a25e4: start LeaderElection
2019-10-02 06:40:26,489 [1a8dc7c5-676c-4368-9d27-d112d4c92d60@group-BA6556CC160E-SegmentedRaftLogWorker] INFO  segmented.SegmentedRaftLogWorker (SegmentedRaftLogWorker.java:execute(574)) - 1a8dc7c5-676c-4368-9d27-d112d4c92d60@group-BA6556CC160E-SegmentedRaftLogWorker: created new log segment /workdir/hadoop-ozone/integration-test/target/test-dir/MiniOzoneClusterImpl-bca770e2-21f3-4205-a110-13506e76e1ee/datanode-6/data/ratis/dda5c639-f51a-4047-a04d-ba6556cc160e/current/log_inprogress_0
2019-10-02 06:40:26,492 [3d53bed2-bc03-4df9-a742-4caab98a25e4@group-4E7EE451EBD3-LeaderElection73] INFO  impl.LeaderElection (LeaderElection.java:askForVotes(178)) - 3d53bed2-bc03-4df9-a742-4caab98a25e4@group-4E7EE451EBD3-LeaderElection73: begin an election at term 1 for -1: [3d53bed2-bc03-4df9-a742-4caab98a25e4:192.168.151.100:41508], old=null
2019-10-02 06:40:26,492 [3d53bed2-bc03-4df9-a742-4caab98a25e4@group-4E7EE451EBD3-LeaderElection73] INFO  impl.RoleInfo (RoleInfo.java:shutdownLeaderElection(134)) - 3d53bed2-bc03-4df9-a742-4caab98a25e4: shutdown LeaderElection
2019-10-02 06:40:26,492 [3d53bed2-bc03-4df9-a742-4caab98a25e4@group-4E7EE451EBD3-LeaderElection73] INFO  impl.RaftServerImpl (RaftServerImpl.java:setRole(170)) - 3d53bed2-bc03-4df9-a742-4caab98a25e4@group-4E7EE451EBD3: changes role from CANDIDATE to LEADER at term 1 for changeToLeader
2019-10-02 06:40:26,492 [3d53bed2-bc03-4df9-a742-4caab98a25e4@group-4E7EE451EBD3-LeaderElection73] INFO  impl.RaftServerImpl (ServerState.java:setLeader(255)) - 3d53bed2-bc03-4df9-a742-4caab98a25e4@group-4E7EE451EBD3: change Leader from null to 3d53bed2-bc03-4df9-a742-4caab98a25e4 at term 1 for becomeLeader, leader elected after 5229ms
2019-10-02 06:40:26,492 [3d53bed2-bc03-4df9-a742-4caab98a25e4@group-4E7EE451EBD3-LeaderElection73] INFO  server.RaftServerConfigKeys (ConfUtils.java:logGet(43)) - raft.server.staging.catchup.gap = 1000 (default)
2019-10-02 06:40:26,493 [3d53bed2-bc03-4df9-a742-4caab98a25e4@group-4E7EE451EBD3-LeaderElection73] INFO  server.RaftServerConfigKeys (ConfUtils.java:logGet(43)) - raft.server.rpc.sleep.time = 25ms (default)
2019-10-02 06:40:26,493 [3d53bed2-bc03-4df9-a742-4caab98a25e4@group-4E7EE451EBD3-LeaderElection73] INFO  server.RaftServerConfigKeys (ConfUtils.java:logGet(43)) - raft.server.write.element-limit = 4096 (default)
2019-10-02 06:40:26,493 [3d53bed2-bc03-4df9-a742-4caab98a25e4@group-4E7EE451EBD3-LeaderElection73] INFO  server.RaftServerConfigKeys (ConfUtils.java:logGet(43)) - raft.server.watch.timeout = 10s (default)
2019-10-02 06:40:26,493 [3d53bed2-bc03-4df9-a742-4caab98a25e4@group-4E7EE451EBD3-LeaderElection73] INFO  server.RaftServerConfigKeys (ConfUtils.java:logGet(43)) - raft.server.watch.timeout.denomination = 1s (default)
2019-10-02 06:40:26,493 [3d53bed2-bc03-4df9-a742-4caab98a25e4@group-4E7EE451EBD3-LeaderElection73] INFO  server.RaftServerConfigKeys (ConfUtils.java:logGet(43)) - raft.server.watch.element-limit = 65536 (default)
2019-10-02 06:40:26,495 [3d53bed2-bc03-4df9-a742-4caab98a25e4@group-4E7EE451EBD3-LeaderElection73] INFO  impl.RoleInfo (RoleInfo.java:updateAndGet(143)) - 3d53bed2-bc03-4df9-a742-4caab98a25e4: start LeaderState
2019-10-02 06:40:26,495 [3d53bed2-bc03-4df9-a742-4caab98a25e4@group-4E7EE451EBD3-LeaderElection73] INFO  segmented.SegmentedRaftLogWorker (SegmentedRaftLogWorker.java:startLogSegment(385)) - 3d53bed2-bc03-4df9-a742-4caab98a25e4@group-4E7EE451EBD3-SegmentedRaftLogWorker: Starting segment from index:0
2019-10-02 06:40:26,496 [3d53bed2-bc03-4df9-a742-4caab98a25e4@group-4E7EE451EBD3-LeaderElection73] INFO  impl.RaftServerImpl (ServerState.java:setRaftConf(356)) - 3d53bed2-bc03-4df9-a742-4caab98a25e4@group-4E7EE451EBD3: set configuration 0: [3d53bed2-bc03-4df9-a742-4caab98a25e4:192.168.151.100:41508], old=null at 0
2019-10-02 06:40:26,556 [3d53bed2-bc03-4df9-a742-4caab98a25e4@group-4E7EE451EBD3-SegmentedRaftLogWorker] INFO  segmented.SegmentedRaftLogWorker (SegmentedRaftLogWorker.java:execute(574)) - 3d53bed2-bc03-4df9-a742-4caab98a25e4@group-4E7EE451EBD3-SegmentedRaftLogWorker: created new log segment /workdir/hadoop-ozone/integration-test/target/test-dir/MiniOzoneClusterImpl-bca770e2-21f3-4205-a110-13506e76e1ee/datanode-5/data/ratis/2a1073d4-349d-4b9e-b572-4e7ee451ebd3/current/log_inprogress_0
2019-10-02 06:40:26,653 [Datanode State Machine Thread - 0] INFO  statemachine.DatanodeStateMachine (DatanodeStateMachine.java:lambda$startDaemon$0(350)) - Ozone container server started.
2019-10-02 06:40:31,647 [main] INFO  ozoneimpl.OzoneContainer (OzoneContainer.java:stop(231)) - Attempting to stop container services.
2019-10-02 06:40:31,648 [main] INFO  impl.RaftServerProxy (RaftServerProxy.java:lambda$close$4(314)) - a9c7b026-10da-4ad6-9f0f-7b064b603be2: close
2019-10-02 06:40:31,648 [main] INFO  impl.RaftServerImpl (RaftServerImpl.java:lambda$shutdown$3(247)) - a9c7b026-10da-4ad6-9f0f-7b064b603be2@group-37663CADF5EC: shutdown
2019-10-02 06:40:31,649 [ForkJoinPool.commonPool-worker-1] INFO  impl.RaftServerImpl (RaftServerImpl.java:lambda$shutdown$3(247)) - a9c7b026-10da-4ad6-9f0f-7b064b603be2@group-9DE95369F360: shutdown
2019-10-02 06:40:31,649 [main] INFO  util.JmxRegister (JmxRegister.java:unregister(73)) - Successfully un-registered JMX Bean with object name Ratis:service=RaftServer,group=group-37663CADF5EC,id=a9c7b026-10da-4ad6-9f0f-7b064b603be2
2019-10-02 06:40:31,649 [ForkJoinPool.commonPool-worker-1] INFO  util.JmxRegister (JmxRegister.java:unregister(73)) - Successfully un-registered JMX Bean with object name Ratis:service=RaftServer,group=group-9DE95369F360,id=a9c7b026-10da-4ad6-9f0f-7b064b603be2
2019-10-02 06:40:31,649 [main] INFO  impl.RoleInfo (RoleInfo.java:shutdownFollowerState(121)) - a9c7b026-10da-4ad6-9f0f-7b064b603be2: shutdown FollowerState
2019-10-02 06:40:31,649 [ForkJoinPool.commonPool-worker-1] INFO  impl.RoleInfo (RoleInfo.java:shutdownLeaderState(104)) - a9c7b026-10da-4ad6-9f0f-7b064b603be2: shutdown LeaderState
2019-10-02 06:40:31,649 [main] INFO  impl.StateMachineUpdater (StateMachineUpdater.java:stopAndJoin(136)) - a9c7b026-10da-4ad6-9f0f-7b064b603be2@group-37663CADF5EC-StateMachineUpdater: set stopIndex = 2
2019-10-02 06:40:31,650 [ForkJoinPool.commonPool-worker-1] INFO  impl.PendingRequests (PendingRequests.java:sendNotLeaderResponses(202)) - a9c7b026-10da-4ad6-9f0f-7b064b603be2@group-9DE95369F360-PendingRequests: sendNotLeaderResponses
2019-10-02 06:40:31,650 [a9c7b026-10da-4ad6-9f0f-7b064b603be2@group-37663CADF5EC-StateMachineUpdater] INFO  ratis.ContainerStateMachine (ContainerStateMachine.java:takeSnapshot(293)) - group-37663CADF5EC: Taking a snapshot at:(t:1, i:1) file /workdir/hadoop-ozone/integration-test/target/test-dir/MiniOzoneClusterImpl-bca770e2-21f3-4205-a110-13506e76e1ee/datanode-0/data/ratis/f174c5c6-712f-4f3a-8072-37663cadf5ec/sm/snapshot.1_1
2019-10-02 06:40:31,650 [Thread-2363] INFO  impl.FollowerState (FollowerState.java:run(117)) - a9c7b026-10da-4ad6-9f0f-7b064b603be2@group-37663CADF5EC-FollowerState was interrupted: java.lang.InterruptedException: sleep interrupted
2019-10-02 06:40:31,655 [ForkJoinPool.commonPool-worker-1] INFO  impl.StateMachineUpdater (StateMachineUpdater.java:stopAndJoin(136)) - a9c7b026-10da-4ad6-9f0f-7b064b603be2@group-9DE95369F360-StateMachineUpdater: set stopIndex = 0
2019-10-02 06:40:31,655 [ForkJoinPool.commonPool-worker-1] INFO  impl.RaftServerImpl (ServerState.java:close(387)) - a9c7b026-10da-4ad6-9f0f-7b064b603be2@group-9DE95369F360: closes. applyIndex: 0
2019-10-02 06:40:31,655 [a9c7b026-10da-4ad6-9f0f-7b064b603be2@group-9DE95369F360-SegmentedRaftLogWorker] INFO  segmented.SegmentedRaftLogWorker (SegmentedRaftLogWorker.java:run(316)) - a9c7b026-10da-4ad6-9f0f-7b064b603be2@group-9DE95369F360-SegmentedRaftLogWorker was interrupted, exiting. There are 0 tasks remaining in the queue.
2019-10-02 06:40:31,659 [ForkJoinPool.commonPool-worker-1] INFO  segmented.SegmentedRaftLogWorker (SegmentedRaftLogWorker.java:close(224)) - a9c7b026-10da-4ad6-9f0f-7b064b603be2@group-9DE95369F360-SegmentedRaftLogWorker close()
2019-10-02 06:40:31,680 [a9c7b026-10da-4ad6-9f0f-7b064b603be2@group-37663CADF5EC-StateMachineUpdater] INFO  ratis.ContainerStateMachine (ContainerStateMachine.java:takeSnapshot(304)) - group-37663CADF5EC: Finished taking a snapshot at:(t:1, i:1) file:/workdir/hadoop-ozone/integration-test/target/test-dir/MiniOzoneClusterImpl-bca770e2-21f3-4205-a110-13506e76e1ee/datanode-0/data/ratis/f174c5c6-712f-4f3a-8072-37663cadf5ec/sm/snapshot.1_1 time:31
2019-10-02 06:40:31,680 [a9c7b026-10da-4ad6-9f0f-7b064b603be2@group-37663CADF5EC-StateMachineUpdater] INFO  impl.StateMachineUpdater (StateMachineUpdater.java:takeSnapshot(269)) - a9c7b026-10da-4ad6-9f0f-7b064b603be2@group-37663CADF5EC-StateMachineUpdater: Took a snapshot at index 1
2019-10-02 06:40:31,680 [a9c7b026-10da-4ad6-9f0f-7b064b603be2@group-37663CADF5EC-StateMachineUpdater] INFO  impl.StateMachineUpdater (StateMachineUpdater.java:lambda$new$0(84)) - a9c7b026-10da-4ad6-9f0f-7b064b603be2@group-37663CADF5EC-StateMachineUpdater: snapshotIndex: updateIncreasingly -1 -> 1
2019-10-02 06:40:31,681 [a9c7b026-10da-4ad6-9f0f-7b064b603be2@group-37663CADF5EC-StateMachineUpdater] INFO  ratis.ContainerStateMachine (ContainerStateMachine.java:takeSnapshot(293)) - group-37663CADF5EC: Taking a snapshot at:(t:1, i:1) file /workdir/hadoop-ozone/integration-test/target/test-dir/MiniOzoneClusterImpl-bca770e2-21f3-4205-a110-13506e76e1ee/datanode-0/data/ratis/f174c5c6-712f-4f3a-8072-37663cadf5ec/sm/snapshot.1_1
2019-10-02 06:40:31,695 [a9c7b026-10da-4ad6-9f0f-7b064b603be2@group-37663CADF5EC-StateMachineUpdater] INFO  ratis.ContainerStateMachine (ContainerStateMachine.java:takeSnapshot(304)) - group-37663CADF5EC: Finished taking a snapshot at:(t:1, i:1) file:/workdir/hadoop-ozone/integration-test/target/test-dir/MiniOzoneClusterImpl-bca770e2-21f3-4205-a110-13506e76e1ee/datanode-0/data/ratis/f174c5c6-712f-4f3a-8072-37663cadf5ec/sm/snapshot.1_1 time:15
2019-10-02 06:40:31,696 [a9c7b026-10da-4ad6-9f0f-7b064b603be2@group-37663CADF5EC-StateMachineUpdater] INFO  impl.StateMachineUpdater (StateMachineUpdater.java:takeSnapshot(269)) - a9c7b026-10da-4ad6-9f0f-7b064b603be2@group-37663CADF5EC-StateMachineUpdater: Took a snapshot at index 1
2019-10-02 06:40:31,696 [a9c7b026-10da-4ad6-9f0f-7b064b603be2@group-37663CADF5EC-StateMachineUpdater] INFO  impl.StateMachineUpdater (StateMachineUpdater.java:lambda$new$0(84)) - a9c7b026-10da-4ad6-9f0f-7b064b603be2@group-37663CADF5EC-StateMachineUpdater: snapshotIndex: updateIncreasingly 1 -> 1
2019-10-02 06:40:31,696 [main] INFO  impl.RaftServerImpl (ServerState.java:close(387)) - a9c7b026-10da-4ad6-9f0f-7b064b603be2@group-37663CADF5EC: closes. applyIndex: 2
2019-10-02 06:40:31,696 [a9c7b026-10da-4ad6-9f0f-7b064b603be2@group-37663CADF5EC-SegmentedRaftLogWorker] INFO  segmented.SegmentedRaftLogWorker (SegmentedRaftLogWorker.java:run(316)) - a9c7b026-10da-4ad6-9f0f-7b064b603be2@group-37663CADF5EC-SegmentedRaftLogWorker was interrupted, exiting. There are 0 tasks remaining in the queue.
2019-10-02 06:40:31,699 [main] INFO  segmented.SegmentedRaftLogWorker (SegmentedRaftLogWorker.java:close(224)) - a9c7b026-10da-4ad6-9f0f-7b064b603be2@group-37663CADF5EC-SegmentedRaftLogWorker close()
2019-10-02 06:40:31,703 [main] INFO  server.GrpcService (GrpcService.java:closeImpl(164)) - a9c7b026-10da-4ad6-9f0f-7b064b603be2: shutdown server with port 35270 now
2019-10-02 06:40:31,704 [grpc-default-executor-4] WARN  server.GrpcServerProtocolService (LogUtils.java:warn(134)) - a9c7b026-10da-4ad6-9f0f-7b064b603be2: installSnapshot onError, lastRequest: f06bf3a6-b453-455e-9338-99610f7ac6fb->a9c7b026-10da-4ad6-9f0f-7b064b603be2#5-t1, previous=(t:1, i:2), leaderCommit=2, initializing? false, entries: <empty>: org.apache.ratis.thirdparty.io.grpc.StatusRuntimeException: CANCELLED: cancelled before receiving half close
2019-10-02 06:40:31,704 [main] INFO  server.GrpcService (GrpcService.java:closeImpl(172)) - a9c7b026-10da-4ad6-9f0f-7b064b603be2: shutdown server with port 35270 successfully
2019-10-02 06:40:31,705 [grpc-default-executor-4] WARN  server.GrpcLogAppender (LogUtils.java:warn(134)) - f06bf3a6-b453-455e-9338-99610f7ac6fb@group-37663CADF5EC->a9c7b026-10da-4ad6-9f0f-7b064b603be2-AppendLogResponseHandler: Failed appendEntries: org.apache.ratis.thirdparty.io.grpc.StatusRuntimeException: CANCELLED: HTTP/2 error code: CANCEL
Received Rst Stream
2019-10-02 06:40:31,706 [grpc-default-executor-4] INFO  impl.FollowerInfo (FollowerInfo.java:lambda$new$0(51)) - f06bf3a6-b453-455e-9338-99610f7ac6fb@group-37663CADF5EC->a9c7b026-10da-4ad6-9f0f-7b064b603be2: nextIndex: updateUnconditionally 3 -> 2
2019-10-02 06:40:31,709 [refreshUsed-/workdir/hadoop-ozone/integration-test/target/test-dir/MiniOzoneClusterImpl-bca770e2-21f3-4205-a110-13506e76e1ee/datanode-0/data/containers] WARN  fs.CachingGetSpaceUsed (CachingGetSpaceUsed.java:run(183)) - Thread Interrupted waiting to refresh disk information: sleep interrupted
2019-10-02 06:40:31,719 [main] INFO  utils.BackgroundService (BackgroundService.java:shutdown(148)) - Shutting down service BlockDeletingService
2019-10-02 06:40:31,725 [main] INFO  statemachine.DatanodeStateMachine (DatanodeStateMachine.java:stopDaemon(395)) - Ozone container server stopped.
2019-10-02 06:40:31,726 [main] INFO  handler.ContextHandler (ContextHandler.java:doStop(910)) - Stopped o.e.j.w.WebAppContext@478fb7dc{/,null,UNAVAILABLE}{/hddsDatanode}
2019-10-02 06:40:31,727 [main] INFO  server.AbstractConnector (AbstractConnector.java:doStop(318)) - Stopped ServerConnector@29d25e65{HTTP/1.1,[http/1.1]}{0.0.0.0:0}
2019-10-02 06:40:31,727 [main] INFO  handler.ContextHandler (ContextHandler.java:doStop(910)) - Stopped o.e.j.s.ServletContextHandler@5b1c32e4{/static,jar:file:/home/user/.m2/repository/org/apache/hadoop/hadoop-hdds-container-service/0.5.0-SNAPSHOT/hadoop-hdds-container-service-0.5.0-SNAPSHOT.jar!/webapps/static,UNAVAILABLE}
2019-10-02 06:40:31,727 [main] INFO  handler.ContextHandler (ContextHandler.java:doStop(910)) - Stopped o.e.j.s.ServletContextHandler@7d66e544{/logs,file:///workdir/hadoop-ozone/integration-test/target/log,UNAVAILABLE}
2019-10-02 06:40:31,734 [grpc-default-executor-4] WARN  server.GrpcLogAppender (LogUtils.java:warn(134)) - f06bf3a6-b453-455e-9338-99610f7ac6fb@group-37663CADF5EC->a9c7b026-10da-4ad6-9f0f-7b064b603be2-AppendLogResponseHandler: Failed appendEntries: org.apache.ratis.thirdparty.io.grpc.StatusRuntimeException: UNAVAILABLE: io exception
2019-10-02 06:40:31,734 [grpc-default-executor-4] INFO  impl.FollowerInfo (FollowerInfo.java:lambda$new$0(51)) - f06bf3a6-b453-455e-9338-99610f7ac6fb@group-37663CADF5EC->a9c7b026-10da-4ad6-9f0f-7b064b603be2: nextIndex: updateUnconditionally 3 -> 2
2019-10-02 06:40:31,746 [grpc-default-executor-1] WARN  server.GrpcLogAppender (LogUtils.java:warn(134)) - f06bf3a6-b453-455e-9338-99610f7ac6fb@group-37663CADF5EC->a9c7b026-10da-4ad6-9f0f-7b064b603be2-AppendLogResponseHandler: Failed appendEntries: org.apache.ratis.thirdparty.io.grpc.StatusRuntimeException: UNAVAILABLE: io exception
2019-10-02 06:40:31,746 [grpc-default-executor-1] INFO  impl.FollowerInfo (FollowerInfo.java:lambda$new$0(51)) - f06bf3a6-b453-455e-9338-99610f7ac6fb@group-37663CADF5EC->a9c7b026-10da-4ad6-9f0f-7b064b603be2: nextIndex: updateUnconditionally 3 -> 2
2019-10-02 06:40:31,761 [grpc-default-executor-1] WARN  server.GrpcLogAppender (LogUtils.java:warn(134)) - f06bf3a6-b453-455e-9338-99610f7ac6fb@group-37663CADF5EC->a9c7b026-10da-4ad6-9f0f-7b064b603be2-AppendLogResponseHandler: Failed appendEntries: org.apache.ratis.thirdparty.io.grpc.StatusRuntimeException: UNAVAILABLE: io exception
2019-10-02 06:40:31,761 [grpc-default-executor-1] INFO  impl.FollowerInfo (FollowerInfo.java:lambda$new$0(51)) - f06bf3a6-b453-455e-9338-99610f7ac6fb@group-37663CADF5EC->a9c7b026-10da-4ad6-9f0f-7b064b603be2: nextIndex: updateUnconditionally 3 -> 2
2019-10-02 06:40:31,772 [EventQueue-IncrementalContainerReportForIncrementalContainerReportHandler] WARN  container.IncrementalContainerReportHandler (AbstractContainerReportHandler.java:updateContainerState(143)) - Container #1 is in OPEN state, but the datanode f06bf3a6-b453-455e-9338-99610f7ac6fb{ip: 192.168.151.100, host: pr-hdds-2228-gv788-2265516943, networkLocation: /default-rack, certSerialId: null} reports an CLOSING replica.
2019-10-02 06:40:31,786 [EventQueue-IncrementalContainerReportForIncrementalContainerReportHandler] WARN  container.IncrementalContainerReportHandler (AbstractContainerReportHandler.java:updateContainerState(143)) - Container #1 is in OPEN state, but the datanode faec2157-e929-4efd-9ad6-3e1ee94c18fc{ip: 192.168.151.100, host: pr-hdds-2228-gv788-2265516943, networkLocation: /default-rack, certSerialId: null} reports an CLOSING replica.
2019-10-02 06:40:31,816 [RatisApplyTransactionExecutor 1] INFO  interfaces.Container (KeyValueContainer.java:flushAndSyncDB(386)) - Container 1 is synced with bcsId 0.
2019-10-02 06:40:31,855 [RatisApplyTransactionExecutor 1] INFO  interfaces.Container (KeyValueContainer.java:flushAndSyncDB(386)) - Container 1 is synced with bcsId 0.
2019-10-02 06:40:31,858 [RatisApplyTransactionExecutor 1] INFO  interfaces.Container (KeyValueContainer.java:flushAndSyncDB(386)) - Container 1 is synced with bcsId 0.
2019-10-02 06:40:31,858 [RatisApplyTransactionExecutor 1] INFO  interfaces.Container (KeyValueContainer.java:flushAndSyncDB(386)) - Container 1 is synced with bcsId 0.
2019-10-02 06:40:31,863 [RatisApplyTransactionExecutor 1] INFO  interfaces.Container (KeyValueContainer.java:close(335)) - Container 1 is closed with bcsId 0.
2019-10-02 06:40:31,863 [RatisApplyTransactionExecutor 1] INFO  interfaces.Container (KeyValueContainer.java:close(335)) - Container 1 is closed with bcsId 0.
2019-10-02 06:40:31,871 [EventQueue-IncrementalContainerReportForIncrementalContainerReportHandler] WARN  container.IncrementalContainerReportHandler (AbstractContainerReportHandler.java:updateContainerState(143)) - Container #1 is in OPEN state, but the datanode faec2157-e929-4efd-9ad6-3e1ee94c18fc{ip: 192.168.151.100, host: pr-hdds-2228-gv788-2265516943, networkLocation: /default-rack, certSerialId: null} reports an CLOSED replica.
2019-10-02 06:40:31,871 [EventQueue-IncrementalContainerReportForIncrementalContainerReportHandler] WARN  container.IncrementalContainerReportHandler (AbstractContainerReportHandler.java:updateContainerState(143)) - Container #1 is in OPEN state, but the datanode f06bf3a6-b453-455e-9338-99610f7ac6fb{ip: 192.168.151.100, host: pr-hdds-2228-gv788-2265516943, networkLocation: /default-rack, certSerialId: null} reports an CLOSED replica.
2019-10-02 06:40:34,263 [grpc-default-executor-4] WARN  server.GrpcLogAppender (LogUtils.java:warn(134)) - f06bf3a6-b453-455e-9338-99610f7ac6fb@group-37663CADF5EC->a9c7b026-10da-4ad6-9f0f-7b064b603be2-AppendLogResponseHandler: Failed appendEntries: org.apache.ratis.thirdparty.io.grpc.StatusRuntimeException: UNAVAILABLE: io exception
2019-10-02 06:40:34,263 [grpc-default-executor-4] INFO  impl.FollowerInfo (FollowerInfo.java:lambda$new$0(51)) - f06bf3a6-b453-455e-9338-99610f7ac6fb@group-37663CADF5EC->a9c7b026-10da-4ad6-9f0f-7b064b603be2: nextIndex: updateUnconditionally 2 -> 1
2019-10-02 06:40:34,887 [main] WARN  scm.XceiverClientRatis (XceiverClientRatis.java:watchForCommit(292)) - 3 way commit failed on pipeline Pipeline[ Id: f174c5c6-712f-4f3a-8072-37663cadf5ec, Nodes: a9c7b026-10da-4ad6-9f0f-7b064b603be2{ip: 192.168.151.100, host: pr-hdds-2228-gv788-2265516943, networkLocation: /default-rack, certSerialId: null}faec2157-e929-4efd-9ad6-3e1ee94c18fc{ip: 192.168.151.100, host: pr-hdds-2228-gv788-2265516943, networkLocation: /default-rack, certSerialId: null}f06bf3a6-b453-455e-9338-99610f7ac6fb{ip: 192.168.151.100, host: pr-hdds-2228-gv788-2265516943, networkLocation: /default-rack, certSerialId: null}, Type:RATIS, Factor:THREE, State:OPEN]
java.util.concurrent.TimeoutException
	at java.util.concurrent.CompletableFuture.timedGet(CompletableFuture.java:1771)
	at java.util.concurrent.CompletableFuture.get(CompletableFuture.java:1915)
	at org.apache.hadoop.hdds.scm.XceiverClientRatis.watchForCommit(XceiverClientRatis.java:289)
	at org.apache.hadoop.ozone.client.rpc.TestWatchForCommit.test2WayCommitForTimeoutException(TestWatchForCommit.java:391)
	at sun.reflect.NativeMethodAccessorImpl.invoke0(Native Method)
	at sun.reflect.NativeMethodAccessorImpl.invoke(NativeMethodAccessorImpl.java:62)
	at sun.reflect.DelegatingMethodAccessorImpl.invoke(DelegatingMethodAccessorImpl.java:43)
	at java.lang.reflect.Method.invoke(Method.java:498)
	at org.junit.runners.model.FrameworkMethod$1.runReflectiveCall(FrameworkMethod.java:47)
	at org.junit.internal.runners.model.ReflectiveCallable.run(ReflectiveCallable.java:12)
	at org.junit.runners.model.FrameworkMethod.invokeExplosively(FrameworkMethod.java:44)
	at org.junit.internal.runners.statements.InvokeMethod.evaluate(InvokeMethod.java:17)
	at org.junit.runners.ParentRunner.runLeaf(ParentRunner.java:271)
	at org.junit.runners.BlockJUnit4ClassRunner.runChild(BlockJUnit4ClassRunner.java:70)
	at org.junit.runners.BlockJUnit4ClassRunner.runChild(BlockJUnit4ClassRunner.java:50)
	at org.junit.runners.ParentRunner$3.run(ParentRunner.java:238)
	at org.junit.runners.ParentRunner$1.schedule(ParentRunner.java:63)
	at org.junit.runners.ParentRunner.runChildren(ParentRunner.java:236)
	at org.junit.runners.ParentRunner.access$000(ParentRunner.java:53)
	at org.junit.runners.ParentRunner$2.evaluate(ParentRunner.java:229)
	at org.junit.runners.ParentRunner.run(ParentRunner.java:309)
	at org.apache.maven.surefire.junit4.JUnit4Provider.execute(JUnit4Provider.java:365)
	at org.apache.maven.surefire.junit4.JUnit4Provider.executeWithRerun(JUnit4Provider.java:273)
	at org.apache.maven.surefire.junit4.JUnit4Provider.executeTestSet(JUnit4Provider.java:238)
	at org.apache.maven.surefire.junit4.JUnit4Provider.invoke(JUnit4Provider.java:159)
	at org.apache.maven.surefire.booter.ForkedBooter.invokeProviderInSameClassLoader(ForkedBooter.java:384)
	at org.apache.maven.surefire.booter.ForkedBooter.runSuitesInProcess(ForkedBooter.java:345)
	at org.apache.maven.surefire.booter.ForkedBooter.execute(ForkedBooter.java:126)
	at org.apache.maven.surefire.booter.ForkedBooter.main(ForkedBooter.java:418)
2019-10-02 06:40:34,900 [Thread-2427] INFO  client.GrpcClientProtocolService (GrpcClientProtocolService.java:lambda$processClientRequest$0(278)) - Failed RaftClientRequest:client-5E2099CC0C6B->faec2157-e929-4efd-9ad6-3e1ee94c18fc@group-37663CADF5EC, cid=106, seq=0, Watch-MAJORITY_COMMITTED(3), Message:<EMPTY>, reply=RaftClientReply:client-5E2099CC0C6B->faec2157-e929-4efd-9ad6-3e1ee94c18fc@group-37663CADF5EC, cid=106, FAILED org.apache.ratis.protocol.NotLeaderException: Server faec2157-e929-4efd-9ad6-3e1ee94c18fc@group-37663CADF5EC is not the leader f06bf3a6-b453-455e-9338-99610f7ac6fb:192.168.151.100:38682, logIndex=0, commits[faec2157-e929-4efd-9ad6-3e1ee94c18fc:c4, f06bf3a6-b453-455e-9338-99610f7ac6fb:c4, a9c7b026-10da-4ad6-9f0f-7b064b603be2:c2]
2019-10-02 06:40:36,764 [grpc-default-executor-8] WARN  server.GrpcLogAppender (LogUtils.java:warn(134)) - f06bf3a6-b453-455e-9338-99610f7ac6fb@group-37663CADF5EC->a9c7b026-10da-4ad6-9f0f-7b064b603be2-AppendLogResponseHandler: Failed appendEntries: org.apache.ratis.thirdparty.io.grpc.StatusRuntimeException: UNAVAILABLE: io exception
2019-10-02 06:40:36,768 [grpc-default-executor-8] INFO  impl.FollowerInfo (FollowerInfo.java:lambda$new$0(51)) - f06bf3a6-b453-455e-9338-99610f7ac6fb@group-37663CADF5EC->a9c7b026-10da-4ad6-9f0f-7b064b603be2: nextIndex: updateUnconditionally 1 -> 0
]]></system-out>
    <system-err><![CDATA[Oct 02, 2019 6:40:31 AM org.apache.ratis.thirdparty.io.grpc.internal.SerializingExecutor run
SEVERE: Exception while executing runnable org.apache.ratis.thirdparty.io.grpc.internal.ServerImpl$JumpToApplicationThreadServerStreamListener$1Closed@1e7675fc
org.apache.ratis.thirdparty.io.grpc.StatusRuntimeException: CANCELLED: call already cancelled
	at org.apache.ratis.thirdparty.io.grpc.Status.asRuntimeException(Status.java:517)
	at org.apache.ratis.thirdparty.io.grpc.stub.ServerCalls$ServerCallStreamObserverImpl.onCompleted(ServerCalls.java:356)
	at org.apache.ratis.grpc.server.GrpcServerProtocolService$ServerRequestStreamObserver.onError(GrpcServerProtocolService.java:121)
	at org.apache.ratis.thirdparty.io.grpc.stub.ServerCalls$StreamingServerCallHandler$StreamingServerCallListener.onCancel(ServerCalls.java:269)
	at org.apache.ratis.thirdparty.io.grpc.internal.ServerCallImpl$ServerStreamListenerImpl.closed(ServerCallImpl.java:293)
	at org.apache.ratis.thirdparty.io.grpc.internal.ServerImpl$JumpToApplicationThreadServerStreamListener$1Closed.runInContext(ServerImpl.java:741)
	at org.apache.ratis.thirdparty.io.grpc.internal.ContextRunnable.run(ContextRunnable.java:37)
	at org.apache.ratis.thirdparty.io.grpc.internal.SerializingExecutor.run(SerializingExecutor.java:123)
	at java.util.concurrent.ThreadPoolExecutor.runWorker(ThreadPoolExecutor.java:1149)
	at java.util.concurrent.ThreadPoolExecutor$Worker.run(ThreadPoolExecutor.java:624)
	at java.lang.Thread.run(Thread.java:748)

]]></system-err>
  </testcase>
</testsuite>