<?xml version="1.0" encoding="UTF-8"?>
<testsuite xmlns:xsi="http://www.w3.org/2001/XMLSchema-instance" xsi:noNamespaceSchemaLocation="https://maven.apache.org/surefire/maven-surefire-plugin/xsd/surefire-test-report.xsd" name="org.apache.hadoop.hdds.scm.pipeline.TestPipelineClose" time="174.959" tests="4" errors="1" skipped="0" failures="1">
  <properties>
    <property name="awt.toolkit" value="sun.awt.X11.XToolkit"/>
    <property name="file.encoding.pkg" value="sun.io"/>
    <property name="java.specification.version" value="1.8"/>
    <property name="sun.cpu.isalist" value=""/>
    <property name="sun.jnu.encoding" value="UTF-8"/>
    <property name="java.class.path" value="/workdir/hadoop-ozone/integration-test/target/test-classes:/workdir/hadoop-ozone/integration-test/target/classes:/home/user/.m2/repository/org/apache/hadoop/hadoop-ozone-common/0.5.0-SNAPSHOT/hadoop-ozone-common-0.5.0-SNAPSHOT.jar:/home/user/.m2/repository/org/apache/commons/commons-compress/1.4.1/commons-compress-1.4.1.jar:/home/user/.m2/repository/org/tukaani/xz/1.0/xz-1.0.jar:/home/user/.m2/repository/org/apache/hadoop/hadoop-common/3.2.0/hadoop-common-3.2.0.jar:/home/user/.m2/repository/org/apache/hadoop/hadoop-hdfs/3.2.0/hadoop-hdfs-3.2.0.jar:/home/user/.m2/repository/org/apache/hadoop/hadoop-hdfs-client/3.2.0/hadoop-hdfs-client-3.2.0.jar:/home/user/.m2/repository/com/fasterxml/jackson/core/jackson-annotations/2.9.9/jackson-annotations-2.9.9.jar:/home/user/.m2/repository/org/apache/hadoop/hadoop-hdds-common/0.5.0-SNAPSHOT/hadoop-hdds-common-0.5.0-SNAPSHOT.jar:/home/user/.m2/repository/javax/annotation/javax.annotation-api/1.2/javax.annotation-api-1.2.jar:/home/user/.m2/repository/org/apache/ratis/ratis-server/0.5.0-201fc85-SNAPSHOT/ratis-server-0.5.0-201fc85-SNAPSHOT.jar:/home/user/.m2/repository/org/apache/ratis/ratis-thirdparty-misc/0.2.0/ratis-thirdparty-misc-0.2.0.jar:/home/user/.m2/repository/org/apache/ratis/ratis-proto/0.5.0-201fc85-SNAPSHOT/ratis-proto-0.5.0-201fc85-SNAPSHOT.jar:/home/user/.m2/repository/org/apache/ratis/ratis-common/0.5.0-201fc85-SNAPSHOT/ratis-common-0.5.0-201fc85-SNAPSHOT.jar:/home/user/.m2/repository/org/apache/ratis/ratis-client/0.5.0-201fc85-SNAPSHOT/ratis-client-0.5.0-201fc85-SNAPSHOT.jar:/home/user/.m2/repository/org/apache/ratis/ratis-metrics/0.5.0-201fc85-SNAPSHOT/ratis-metrics-0.5.0-201fc85-SNAPSHOT.jar:/home/user/.m2/repository/com/github/joshelser/dropwizard-metrics-hadoop-metrics2-reporter/0.1.2/dropwizard-metrics-hadoop-metrics2-reporter-0.1.2.jar:/home/user/.m2/repository/io/dropwizard/metrics/metrics-jvm/3.2.5/metrics-jvm-3.2.5.jar:/home/user/.m2/repository/io/dropwizard/metrics/metrics-ganglia/3.2.5/metrics-ganglia-3.2.5.jar:/home/user/.m2/repository/info/ganglia/gmetric4j/gmetric4j/1.0.7/gmetric4j-1.0.7.jar:/home/user/.m2/repository/org/apache/ratis/ratis-netty/0.5.0-201fc85-SNAPSHOT/ratis-netty-0.5.0-201fc85-SNAPSHOT.jar:/home/user/.m2/repository/org/apache/ratis/ratis-grpc/0.5.0-201fc85-SNAPSHOT/ratis-grpc-0.5.0-201fc85-SNAPSHOT.jar:/home/user/.m2/repository/org/rocksdb/rocksdbjni/6.0.1/rocksdbjni-6.0.1.jar:/home/user/.m2/repository/org/apache/logging/log4j/log4j-api/2.11.0/log4j-api-2.11.0.jar:/home/user/.m2/repository/org/apache/logging/log4j/log4j-core/2.11.0/log4j-core-2.11.0.jar:/home/user/.m2/repository/com/lmax/disruptor/3.4.2/disruptor-3.4.2.jar:/home/user/.m2/repository/org/apache/commons/commons-pool2/2.6.0/commons-pool2-2.6.0.jar:/home/user/.m2/repository/org/bouncycastle/bcpkix-jdk15on/1.60/bcpkix-jdk15on-1.60.jar:/home/user/.m2/repository/commons-validator/commons-validator/1.6/commons-validator-1.6.jar:/home/user/.m2/repository/commons-digester/commons-digester/1.8.1/commons-digester-1.8.1.jar:/home/user/.m2/repository/io/jaegertracing/jaeger-client/0.34.0/jaeger-client-0.34.0.jar:/home/user/.m2/repository/io/jaegertracing/jaeger-thrift/0.34.0/jaeger-thrift-0.34.0.jar:/home/user/.m2/repository/org/apache/thrift/libthrift/0.12.0/libthrift-0.12.0.jar:/home/user/.m2/repository/com/squareup/okhttp3/okhttp/3.9.0/okhttp-3.9.0.jar:/home/user/.m2/repository/com/squareup/okio/okio/1.13.0/okio-1.13.0.jar:/home/user/.m2/repository/io/jaegertracing/jaeger-core/0.34.0/jaeger-core-0.34.0.jar:/home/user/.m2/repository/io/jaegertracing/jaeger-tracerresolver/0.34.0/jaeger-tracerresolver-0.34.0.jar:/home/user/.m2/repository/io/opentracing/contrib/opentracing-tracerresolver/0.1.5/opentracing-tracerresolver-0.1.5.jar:/home/user/.m2/repository/io/opentracing/opentracing-util/0.31.0/opentracing-util-0.31.0.jar:/home/user/.m2/repository/io/opentracing/opentracing-api/0.31.0/opentracing-api-0.31.0.jar:/home/user/.m2/repository/io/opentracing/opentracing-noop/0.31.0/opentracing-noop-0.31.0.jar:/home/user/.m2/repository/org/apache/hadoop/hadoop-hdds-server-framework/0.5.0-SNAPSHOT/hadoop-hdds-server-framework-0.5.0-SNAPSHOT.jar:/home/user/.m2/repository/org/apache/hadoop/hadoop-hdds-container-service/0.5.0-SNAPSHOT/hadoop-hdds-container-service-0.5.0-SNAPSHOT.jar:/home/user/.m2/repository/org/apache/hadoop/hadoop-hdds-client/0.5.0-SNAPSHOT/hadoop-hdds-client-0.5.0-SNAPSHOT.jar:/home/user/.m2/repository/org/apache/hadoop/hadoop-hdds-tools/0.5.0-SNAPSHOT/hadoop-hdds-tools-0.5.0-SNAPSHOT.jar:/home/user/.m2/repository/org/apache/hadoop/hadoop-hdds-server-scm/0.5.0-SNAPSHOT/hadoop-hdds-server-scm-0.5.0-SNAPSHOT.jar:/home/user/.m2/repository/org/apache/hadoop/hadoop-hdds-docs/0.5.0-SNAPSHOT/hadoop-hdds-docs-0.5.0-SNAPSHOT.jar:/home/user/.m2/repository/io/dropwizard/metrics/metrics-core/3.2.4/metrics-core-3.2.4.jar:/home/user/.m2/repository/org/hamcrest/hamcrest-all/1.3/hamcrest-all-1.3.jar:/home/user/.m2/repository/org/bouncycastle/bcprov-jdk15on/1.60/bcprov-jdk15on-1.60.jar:/home/user/.m2/repository/info/picocli/picocli/3.9.6/picocli-3.9.6.jar:/home/user/.m2/repository/com/google/protobuf/protobuf-java/2.5.0/protobuf-java-2.5.0.jar:/home/user/.m2/repository/com/google/guava/guava/11.0.2/guava-11.0.2.jar:/home/user/.m2/repository/org/apache/hadoop/hadoop-ozone-ozone-manager/0.5.0-SNAPSHOT/hadoop-ozone-ozone-manager-0.5.0-SNAPSHOT.jar:/home/user/.m2/repository/org/apache/hadoop/hadoop-minikdc/3.2.0/hadoop-minikdc-3.2.0.jar:/home/user/.m2/repository/commons-io/commons-io/2.5/commons-io-2.5.jar:/home/user/.m2/repository/org/apache/kerby/kerb-simplekdc/1.0.1/kerb-simplekdc-1.0.1.jar:/home/user/.m2/repository/org/apache/kerby/kerb-client/1.0.1/kerb-client-1.0.1.jar:/home/user/.m2/repository/org/apache/kerby/kerby-config/1.0.1/kerby-config-1.0.1.jar:/home/user/.m2/repository/org/apache/kerby/kerb-core/1.0.1/kerb-core-1.0.1.jar:/home/user/.m2/repository/org/apache/kerby/kerby-pkix/1.0.1/kerby-pkix-1.0.1.jar:/home/user/.m2/repository/org/apache/kerby/kerby-asn1/1.0.1/kerby-asn1-1.0.1.jar:/home/user/.m2/repository/org/apache/kerby/kerby-util/1.0.1/kerby-util-1.0.1.jar:/home/user/.m2/repository/org/apache/kerby/kerb-common/1.0.1/kerb-common-1.0.1.jar:/home/user/.m2/repository/org/apache/kerby/kerb-crypto/1.0.1/kerb-crypto-1.0.1.jar:/home/user/.m2/repository/org/apache/kerby/kerb-util/1.0.1/kerb-util-1.0.1.jar:/home/user/.m2/repository/org/apache/kerby/token-provider/1.0.1/token-provider-1.0.1.jar:/home/user/.m2/repository/org/apache/kerby/kerb-admin/1.0.1/kerb-admin-1.0.1.jar:/home/user/.m2/repository/org/apache/kerby/kerb-server/1.0.1/kerb-server-1.0.1.jar:/home/user/.m2/repository/org/apache/kerby/kerb-identity/1.0.1/kerb-identity-1.0.1.jar:/home/user/.m2/repository/org/apache/kerby/kerby-xdr/1.0.1/kerby-xdr-1.0.1.jar:/home/user/.m2/repository/org/slf4j/slf4j-log4j12/1.7.25/slf4j-log4j12-1.7.25.jar:/home/user/.m2/repository/org/apache/hadoop/hadoop-ozone-s3gateway/0.5.0-SNAPSHOT/hadoop-ozone-s3gateway-0.5.0-SNAPSHOT.jar:/home/user/.m2/repository/org/jboss/weld/servlet/weld-servlet/2.4.7.Final/weld-servlet-2.4.7.Final.jar:/home/user/.m2/repository/org/glassfish/jersey/containers/jersey-container-servlet-core/2.27/jersey-container-servlet-core-2.27.jar:/home/user/.m2/repository/org/glassfish/hk2/external/javax.inject/2.5.0-b42/javax.inject-2.5.0-b42.jar:/home/user/.m2/repository/org/glassfish/jersey/core/jersey-common/2.27/jersey-common-2.27.jar:/home/user/.m2/repository/org/glassfish/hk2/osgi-resource-locator/1.0.1/osgi-resource-locator-1.0.1.jar:/home/user/.m2/repository/javax/ws/rs/javax.ws.rs-api/2.1/javax.ws.rs-api-2.1.jar:/home/user/.m2/repository/org/glassfish/jersey/ext/cdi/jersey-cdi1x/2.27/jersey-cdi1x-2.27.jar:/home/user/.m2/repository/org/glassfish/jersey/inject/jersey-hk2/2.27/jersey-hk2-2.27.jar:/home/user/.m2/repository/org/glassfish/hk2/hk2-locator/2.5.0-b42/hk2-locator-2.5.0-b42.jar:/home/user/.m2/repository/org/javassist/javassist/3.22.0-CR2/javassist-3.22.0-CR2.jar:/home/user/.m2/repository/org/glassfish/hk2/hk2-api/2.5.0/hk2-api-2.5.0.jar:/home/user/.m2/repository/org/glassfish/hk2/external/jakarta.inject/2.5.0/jakarta.inject-2.5.0.jar:/home/user/.m2/repository/org/glassfish/hk2/hk2-utils/2.5.0/hk2-utils-2.5.0.jar:/home/user/.m2/repository/jakarta/annotation/jakarta.annotation-api/1.3.4/jakarta.annotation-api-1.3.4.jar:/home/user/.m2/repository/org/glassfish/hk2/external/aopalliance-repackaged/2.5.0/aopalliance-repackaged-2.5.0.jar:/home/user/.m2/repository/com/fasterxml/jackson/dataformat/jackson-dataformat-xml/2.9.0/jackson-dataformat-xml-2.9.0.jar:/home/user/.m2/repository/com/fasterxml/jackson/core/jackson-core/2.9.9/jackson-core-2.9.9.jar:/home/user/.m2/repository/com/fasterxml/jackson/module/jackson-module-jaxb-annotations/2.9.9/jackson-module-jaxb-annotations-2.9.9.jar:/home/user/.m2/repository/javax/enterprise/cdi-api/1.2/cdi-api-1.2.jar:/home/user/.m2/repository/javax/el/javax.el-api/3.0.0/javax.el-api-3.0.0.jar:/home/user/.m2/repository/javax/interceptor/javax.interceptor-api/1.2/javax.interceptor-api-1.2.jar:/home/user/.m2/repository/javax/inject/javax.inject/1/javax.inject-1.jar:/home/user/.m2/repository/com/sun/xml/bind/jaxb-impl/2.3.0.1/jaxb-impl-2.3.0.1.jar:/home/user/.m2/repository/com/sun/xml/bind/jaxb-core/2.3.0.1/jaxb-core-2.3.0.1.jar:/home/user/.m2/repository/javax/xml/bind/jaxb-api/2.3.0/jaxb-api-2.3.0.jar:/home/user/.m2/repository/javax/activation/activation/1.1.1/activation-1.1.1.jar:/home/user/.m2/repository/org/apache/hadoop/hadoop-ozone-csi/0.5.0-SNAPSHOT/hadoop-ozone-csi-0.5.0-SNAPSHOT.jar:/home/user/.m2/repository/com/google/protobuf/protobuf-java-util/3.5.1/protobuf-java-util-3.5.1.jar:/home/user/.m2/repository/org/apache/hadoop/hadoop-hdds-config/0.5.0-SNAPSHOT/hadoop-hdds-config-0.5.0-SNAPSHOT.jar:/home/user/.m2/repository/io/grpc/grpc-netty/1.17.1/grpc-netty-1.17.1.jar:/home/user/.m2/repository/io/grpc/grpc-core/1.17.1/grpc-core-1.17.1.jar:/home/user/.m2/repository/io/grpc/grpc-context/1.17.1/grpc-context-1.17.1.jar:/home/user/.m2/repository/com/google/errorprone/error_prone_annotations/2.2.0/error_prone_annotations-2.2.0.jar:/home/user/.m2/repository/org/codehaus/mojo/animal-sniffer-annotations/1.17/animal-sniffer-annotations-1.17.jar:/home/user/.m2/repository/io/opencensus/opencensus-api/0.17.0/opencensus-api-0.17.0.jar:/home/user/.m2/repository/io/opencensus/opencensus-contrib-grpc-metrics/0.17.0/opencensus-contrib-grpc-metrics-0.17.0.jar:/home/user/.m2/repository/io/netty/netty-codec-http2/4.1.30.Final/netty-codec-http2-4.1.30.Final.jar:/home/user/.m2/repository/io/netty/netty-codec-http/4.1.30.Final/netty-codec-http-4.1.30.Final.jar:/home/user/.m2/repository/io/netty/netty-codec/4.1.30.Final/netty-codec-4.1.30.Final.jar:/home/user/.m2/repository/io/netty/netty-handler/4.1.30.Final/netty-handler-4.1.30.Final.jar:/home/user/.m2/repository/io/netty/netty-handler-proxy/4.1.30.Final/netty-handler-proxy-4.1.30.Final.jar:/home/user/.m2/repository/io/netty/netty-codec-socks/4.1.30.Final/netty-codec-socks-4.1.30.Final.jar:/home/user/.m2/repository/io/netty/netty-transport-native-epoll/4.1.30.Final/netty-transport-native-epoll-4.1.30.Final.jar:/home/user/.m2/repository/io/netty/netty-common/4.1.30.Final/netty-common-4.1.30.Final.jar:/home/user/.m2/repository/io/netty/netty-buffer/4.1.30.Final/netty-buffer-4.1.30.Final.jar:/home/user/.m2/repository/io/netty/netty-transport/4.1.30.Final/netty-transport-4.1.30.Final.jar:/home/user/.m2/repository/io/netty/netty-resolver/4.1.30.Final/netty-resolver-4.1.30.Final.jar:/home/user/.m2/repository/io/netty/netty-transport-native-unix-common/4.1.30.Final/netty-transport-native-unix-common-4.1.30.Final.jar:/home/user/.m2/repository/io/grpc/grpc-protobuf/1.17.1/grpc-protobuf-1.17.1.jar:/home/user/.m2/repository/com/google/api/grpc/proto-google-common-protos/1.0.0/proto-google-common-protos-1.0.0.jar:/home/user/.m2/repository/io/grpc/grpc-protobuf-lite/1.17.1/grpc-protobuf-lite-1.17.1.jar:/home/user/.m2/repository/io/grpc/grpc-stub/1.17.1/grpc-stub-1.17.1.jar:/home/user/.m2/repository/org/apache/hadoop/hadoop-ozone-recon/0.5.0-SNAPSHOT/hadoop-ozone-recon-0.5.0-SNAPSHOT.jar:/home/user/.m2/repository/org/apache/hadoop/hadoop-ozone-reconcodegen/0.5.0-SNAPSHOT/hadoop-ozone-reconcodegen-0.5.0-SNAPSHOT.jar:/home/user/.m2/repository/com/google/inject/extensions/guice-multibindings/4.0/guice-multibindings-4.0.jar:/home/user/.m2/repository/com/google/inject/guice/4.0/guice-4.0.jar:/home/user/.m2/repository/aopalliance/aopalliance/1.0/aopalliance-1.0.jar:/home/user/.m2/repository/com/google/inject/extensions/guice-servlet/4.0/guice-servlet-4.0.jar:/home/user/.m2/repository/org/glassfish/jersey/containers/jersey-container-servlet/2.27/jersey-container-servlet-2.27.jar:/home/user/.m2/repository/org/glassfish/hk2/guice-bridge/2.5.0/guice-bridge-2.5.0.jar:/home/user/.m2/repository/org/glassfish/jersey/core/jersey-server/2.27/jersey-server-2.27.jar:/home/user/.m2/repository/org/glassfish/jersey/core/jersey-client/2.27/jersey-client-2.27.jar:/home/user/.m2/repository/org/glassfish/jersey/media/jersey-media-jaxb/2.27/jersey-media-jaxb-2.27.jar:/home/user/.m2/repository/javax/validation/validation-api/1.1.0.Final/validation-api-1.1.0.Final.jar:/home/user/.m2/repository/org/glassfish/jersey/media/jersey-media-json-jackson/2.27/jersey-media-json-jackson-2.27.jar:/home/user/.m2/repository/org/glassfish/jersey/ext/jersey-entity-filtering/2.27/jersey-entity-filtering-2.27.jar:/home/user/.m2/repository/com/google/inject/extensions/guice-assistedinject/4.0/guice-assistedinject-4.0.jar:/home/user/.m2/repository/org/jooq/jooq/3.11.10/jooq-3.11.10.jar:/home/user/.m2/repository/org/jooq/jooq-meta/3.11.10/jooq-meta-3.11.10.jar:/home/user/.m2/repository/org/jooq/jooq-codegen/3.11.10/jooq-codegen-3.11.10.jar:/home/user/.m2/repository/com/jolbox/bonecp/0.8.0.RELEASE/bonecp-0.8.0.RELEASE.jar:/home/user/.m2/repository/org/xerial/sqlite-jdbc/3.25.2/sqlite-jdbc-3.25.2.jar:/home/user/.m2/repository/org/springframework/spring-jdbc/5.1.3.RELEASE/spring-jdbc-5.1.3.RELEASE.jar:/home/user/.m2/repository/org/springframework/spring-beans/5.1.3.RELEASE/spring-beans-5.1.3.RELEASE.jar:/home/user/.m2/repository/org/springframework/spring-core/5.1.3.RELEASE/spring-core-5.1.3.RELEASE.jar:/home/user/.m2/repository/org/springframework/spring-jcl/5.1.3.RELEASE/spring-jcl-5.1.3.RELEASE.jar:/home/user/.m2/repository/org/springframework/spring-tx/5.1.3.RELEASE/spring-tx-5.1.3.RELEASE.jar:/home/user/.m2/repository/org/apache/hadoop/hadoop-ozone-client/0.5.0-SNAPSHOT/hadoop-ozone-client-0.5.0-SNAPSHOT.jar:/home/user/.m2/repository/commons-lang/commons-lang/2.6/commons-lang-2.6.jar:/home/user/.m2/repository/org/apache/hadoop/hadoop-ozone-ozone-manager/0.5.0-SNAPSHOT/hadoop-ozone-ozone-manager-0.5.0-SNAPSHOT-tests.jar:/home/user/.m2/repository/junit/junit/4.11/junit-4.11.jar:/home/user/.m2/repository/org/hamcrest/hamcrest-core/1.3/hamcrest-core-1.3.jar:/home/user/.m2/repository/org/openjdk/jmh/jmh-core/1.19/jmh-core-1.19.jar:/home/user/.m2/repository/net/sf/jopt-simple/jopt-simple/4.6/jopt-simple-4.6.jar:/home/user/.m2/repository/org/apache/commons/commons-math3/3.1.1/commons-math3-3.1.1.jar:/home/user/.m2/repository/org/openjdk/jmh/jmh-generator-annprocess/1.19/jmh-generator-annprocess-1.19.jar:/home/user/.m2/repository/org/mockito/mockito-all/1.8.5/mockito-all-1.8.5.jar:/home/user/.m2/repository/org/apache/hadoop/hadoop-kms/3.2.0/hadoop-kms-3.2.0.jar:/home/user/.m2/repository/org/apache/hadoop/hadoop-auth/3.2.0/hadoop-auth-3.2.0.jar:/home/user/.m2/repository/com/nimbusds/nimbus-jose-jwt/4.41.1/nimbus-jose-jwt-4.41.1.jar:/home/user/.m2/repository/com/github/stephenc/jcip/jcip-annotations/1.0-1/jcip-annotations-1.0-1.jar:/home/user/.m2/repository/net/minidev/json-smart/2.3/json-smart-2.3.jar:/home/user/.m2/repository/net/minidev/accessors-smart/1.2/accessors-smart-1.2.jar:/home/user/.m2/repository/org/ow2/asm/asm/5.0.4/asm-5.0.4.jar:/home/user/.m2/repository/org/apache/curator/curator-framework/2.12.0/curator-framework-2.12.0.jar:/home/user/.m2/repository/com/sun/jersey/jersey-core/1.19/jersey-core-1.19.jar:/home/user/.m2/repository/javax/ws/rs/jsr311-api/1.1.1/jsr311-api-1.1.1.jar:/home/user/.m2/repository/com/sun/jersey/jersey-server/1.19/jersey-server-1.19.jar:/home/user/.m2/repository/javax/servlet/javax.servlet-api/3.1.0/javax.servlet-api-3.1.0.jar:/home/user/.m2/repository/org/eclipse/jetty/jetty-server/9.3.25.v20180904/jetty-server-9.3.25.v20180904.jar:/home/user/.m2/repository/org/eclipse/jetty/jetty-http/9.3.25.v20180904/jetty-http-9.3.25.v20180904.jar:/home/user/.m2/repository/org/eclipse/jetty/jetty-io/9.3.25.v20180904/jetty-io-9.3.25.v20180904.jar:/home/user/.m2/repository/org/eclipse/jetty/jetty-webapp/9.3.25.v20180904/jetty-webapp-9.3.25.v20180904.jar:/home/user/.m2/repository/org/eclipse/jetty/jetty-xml/9.3.25.v20180904/jetty-xml-9.3.25.v20180904.jar:/home/user/.m2/repository/log4j/log4j/1.2.17/log4j-1.2.17.jar:/home/user/.m2/repository/org/slf4j/slf4j-api/1.7.25/slf4j-api-1.7.25.jar:/home/user/.m2/repository/org/slf4j/jul-to-slf4j/1.7.25/jul-to-slf4j-1.7.25.jar:/home/user/.m2/repository/org/eclipse/jetty/jetty-util/9.3.25.v20180904/jetty-util-9.3.25.v20180904.jar:/home/user/.m2/repository/com/fasterxml/jackson/core/jackson-databind/2.9.9/jackson-databind-2.9.9.jar:/home/user/.m2/repository/org/apache/hadoop/hadoop-kms/3.2.0/hadoop-kms-3.2.0-tests.jar:/home/user/.m2/repository/org/apache/hadoop/hadoop-hdds-server-scm/0.5.0-SNAPSHOT/hadoop-hdds-server-scm-0.5.0-SNAPSHOT-tests.jar:/home/user/.m2/repository/org/apache/hadoop/hadoop-hdds-container-service/0.5.0-SNAPSHOT/hadoop-hdds-container-service-0.5.0-SNAPSHOT-tests.jar:/home/user/.m2/repository/org/yaml/snakeyaml/1.16/snakeyaml-1.16.jar:/home/user/.m2/repository/org/apache/hadoop/hadoop-common/3.2.0/hadoop-common-3.2.0-tests.jar:/home/user/.m2/repository/org/apache/hadoop/hadoop-annotations/3.2.0/hadoop-annotations-3.2.0.jar:/usr/lib/jvm/java-1.8-openjdk/jre/../lib/tools.jar:/home/user/.m2/repository/commons-cli/commons-cli/1.2/commons-cli-1.2.jar:/home/user/.m2/repository/org/apache/httpcomponents/httpclient/4.5.2/httpclient-4.5.2.jar:/home/user/.m2/repository/org/apache/httpcomponents/httpcore/4.4.4/httpcore-4.4.4.jar:/home/user/.m2/repository/commons-codec/commons-codec/1.11/commons-codec-1.11.jar:/home/user/.m2/repository/commons-net/commons-net/3.6/commons-net-3.6.jar:/home/user/.m2/repository/commons-collections/commons-collections/3.2.2/commons-collections-3.2.2.jar:/home/user/.m2/repository/org/eclipse/jetty/jetty-servlet/9.3.25.v20180904/jetty-servlet-9.3.25.v20180904.jar:/home/user/.m2/repository/org/eclipse/jetty/jetty-security/9.3.25.v20180904/jetty-security-9.3.25.v20180904.jar:/home/user/.m2/repository/javax/servlet/jsp/jsp-api/2.1/jsp-api-2.1.jar:/home/user/.m2/repository/com/sun/jersey/jersey-servlet/1.19/jersey-servlet-1.19.jar:/home/user/.m2/repository/com/sun/jersey/jersey-json/1.19/jersey-json-1.19.jar:/home/user/.m2/repository/org/codehaus/jettison/jettison/1.1/jettison-1.1.jar:/home/user/.m2/repository/org/codehaus/jackson/jackson-core-asl/1.9.13/jackson-core-asl-1.9.13.jar:/home/user/.m2/repository/org/codehaus/jackson/jackson-mapper-asl/1.9.13/jackson-mapper-asl-1.9.13.jar:/home/user/.m2/repository/org/codehaus/jackson/jackson-jaxrs/1.9.13/jackson-jaxrs-1.9.13.jar:/home/user/.m2/repository/org/codehaus/jackson/jackson-xc/1.9.13/jackson-xc-1.9.13.jar:/home/user/.m2/repository/commons-logging/commons-logging/1.1.3/commons-logging-1.1.3.jar:/home/user/.m2/repository/commons-beanutils/commons-beanutils/1.9.4/commons-beanutils-1.9.4.jar:/home/user/.m2/repository/org/apache/commons/commons-configuration2/2.1.1/commons-configuration2-2.1.1.jar:/home/user/.m2/repository/org/apache/commons/commons-lang3/3.7/commons-lang3-3.7.jar:/home/user/.m2/repository/org/apache/commons/commons-text/1.4/commons-text-1.4.jar:/home/user/.m2/repository/org/apache/avro/avro/1.7.7/avro-1.7.7.jar:/home/user/.m2/repository/com/thoughtworks/paranamer/paranamer/2.3/paranamer-2.3.jar:/home/user/.m2/repository/org/xerial/snappy/snappy-java/1.0.5/snappy-java-1.0.5.jar:/home/user/.m2/repository/com/google/re2j/re2j/1.1/re2j-1.1.jar:/home/user/.m2/repository/com/google/code/gson/gson/2.2.4/gson-2.2.4.jar:/home/user/.m2/repository/com/jcraft/jsch/0.1.54/jsch-0.1.54.jar:/home/user/.m2/repository/org/apache/curator/curator-client/2.12.0/curator-client-2.12.0.jar:/home/user/.m2/repository/org/apache/curator/curator-recipes/2.12.0/curator-recipes-2.12.0.jar:/home/user/.m2/repository/com/google/code/findbugs/jsr305/3.0.0/jsr305-3.0.0.jar:/home/user/.m2/repository/org/apache/htrace/htrace-core4/4.1.0-incubating/htrace-core4-4.1.0-incubating.jar:/home/user/.m2/repository/org/apache/zookeeper/zookeeper/3.4.13/zookeeper-3.4.13.jar:/home/user/.m2/repository/jline/jline/0.9.94/jline-0.9.94.jar:/home/user/.m2/repository/org/apache/yetus/audience-annotations/0.5.0/audience-annotations-0.5.0.jar:/home/user/.m2/repository/org/codehaus/woodstox/stax2-api/3.1.4/stax2-api-3.1.4.jar:/home/user/.m2/repository/com/fasterxml/woodstox/woodstox-core/5.0.3/woodstox-core-5.0.3.jar:/home/user/.m2/repository/dnsjava/dnsjava/2.1.7/dnsjava-2.1.7.jar:/home/user/.m2/repository/org/apache/hadoop/hadoop-hdfs/3.2.0/hadoop-hdfs-3.2.0-tests.jar:/home/user/.m2/repository/org/eclipse/jetty/jetty-util-ajax/9.3.25.v20180904/jetty-util-ajax-9.3.25.v20180904.jar:/home/user/.m2/repository/commons-daemon/commons-daemon/1.0.13/commons-daemon-1.0.13.jar:/home/user/.m2/repository/io/netty/netty/3.10.5.Final/netty-3.10.5.Final.jar:/home/user/.m2/repository/io/netty/netty-all/4.0.52.Final/netty-all-4.0.52.Final.jar:/home/user/.m2/repository/org/fusesource/leveldbjni/leveldbjni-all/1.8/leveldbjni-all-1.8.jar:"/>
    <property name="java.vm.vendor" value="IcedTea"/>
    <property name="sun.arch.data.model" value="64"/>
    <property name="test.build.dir" value="/workdir/hadoop-ozone/integration-test/target/test-dir"/>
    <property name="test.cache.data" value=""/>
    <property name="java.vendor.url" value="https://icedtea.classpath.org"/>
    <property name="user.timezone" value=""/>
    <property name="java.vm.specification.version" value="1.8"/>
    <property name="os.name" value="Linux"/>
    <property name="test.build.data" value="/workdir/hadoop-ozone/integration-test/target/test-dir"/>
    <property name="user.country" value="US"/>
    <property name="sun.java.launcher" value="SUN_STANDARD"/>
    <property name="sun.boot.library.path" value="/usr/lib/jvm/java-1.8-openjdk/jre/lib/amd64"/>
    <property name="sun.java.command" value="/workdir/hadoop-ozone/integration-test/target/surefire/surefirebooter6572377823820048183.jar /workdir/hadoop-ozone/integration-test/target/surefire 2019-10-13T08-53-28_584-jvmRun1 surefire954848691417739240tmp surefire_74153154135442752146tmp"/>
    <property name="surefire.test.class.path" value="/workdir/hadoop-ozone/integration-test/target/test-classes:/workdir/hadoop-ozone/integration-test/target/classes:/home/user/.m2/repository/org/apache/hadoop/hadoop-ozone-common/0.5.0-SNAPSHOT/hadoop-ozone-common-0.5.0-SNAPSHOT.jar:/home/user/.m2/repository/org/apache/commons/commons-compress/1.4.1/commons-compress-1.4.1.jar:/home/user/.m2/repository/org/tukaani/xz/1.0/xz-1.0.jar:/home/user/.m2/repository/org/apache/hadoop/hadoop-common/3.2.0/hadoop-common-3.2.0.jar:/home/user/.m2/repository/org/apache/hadoop/hadoop-hdfs/3.2.0/hadoop-hdfs-3.2.0.jar:/home/user/.m2/repository/org/apache/hadoop/hadoop-hdfs-client/3.2.0/hadoop-hdfs-client-3.2.0.jar:/home/user/.m2/repository/com/fasterxml/jackson/core/jackson-annotations/2.9.9/jackson-annotations-2.9.9.jar:/home/user/.m2/repository/org/apache/hadoop/hadoop-hdds-common/0.5.0-SNAPSHOT/hadoop-hdds-common-0.5.0-SNAPSHOT.jar:/home/user/.m2/repository/javax/annotation/javax.annotation-api/1.2/javax.annotation-api-1.2.jar:/home/user/.m2/repository/org/apache/ratis/ratis-server/0.5.0-201fc85-SNAPSHOT/ratis-server-0.5.0-201fc85-SNAPSHOT.jar:/home/user/.m2/repository/org/apache/ratis/ratis-thirdparty-misc/0.2.0/ratis-thirdparty-misc-0.2.0.jar:/home/user/.m2/repository/org/apache/ratis/ratis-proto/0.5.0-201fc85-SNAPSHOT/ratis-proto-0.5.0-201fc85-SNAPSHOT.jar:/home/user/.m2/repository/org/apache/ratis/ratis-common/0.5.0-201fc85-SNAPSHOT/ratis-common-0.5.0-201fc85-SNAPSHOT.jar:/home/user/.m2/repository/org/apache/ratis/ratis-client/0.5.0-201fc85-SNAPSHOT/ratis-client-0.5.0-201fc85-SNAPSHOT.jar:/home/user/.m2/repository/org/apache/ratis/ratis-metrics/0.5.0-201fc85-SNAPSHOT/ratis-metrics-0.5.0-201fc85-SNAPSHOT.jar:/home/user/.m2/repository/com/github/joshelser/dropwizard-metrics-hadoop-metrics2-reporter/0.1.2/dropwizard-metrics-hadoop-metrics2-reporter-0.1.2.jar:/home/user/.m2/repository/io/dropwizard/metrics/metrics-jvm/3.2.5/metrics-jvm-3.2.5.jar:/home/user/.m2/repository/io/dropwizard/metrics/metrics-ganglia/3.2.5/metrics-ganglia-3.2.5.jar:/home/user/.m2/repository/info/ganglia/gmetric4j/gmetric4j/1.0.7/gmetric4j-1.0.7.jar:/home/user/.m2/repository/org/apache/ratis/ratis-netty/0.5.0-201fc85-SNAPSHOT/ratis-netty-0.5.0-201fc85-SNAPSHOT.jar:/home/user/.m2/repository/org/apache/ratis/ratis-grpc/0.5.0-201fc85-SNAPSHOT/ratis-grpc-0.5.0-201fc85-SNAPSHOT.jar:/home/user/.m2/repository/org/rocksdb/rocksdbjni/6.0.1/rocksdbjni-6.0.1.jar:/home/user/.m2/repository/org/apache/logging/log4j/log4j-api/2.11.0/log4j-api-2.11.0.jar:/home/user/.m2/repository/org/apache/logging/log4j/log4j-core/2.11.0/log4j-core-2.11.0.jar:/home/user/.m2/repository/com/lmax/disruptor/3.4.2/disruptor-3.4.2.jar:/home/user/.m2/repository/org/apache/commons/commons-pool2/2.6.0/commons-pool2-2.6.0.jar:/home/user/.m2/repository/org/bouncycastle/bcpkix-jdk15on/1.60/bcpkix-jdk15on-1.60.jar:/home/user/.m2/repository/commons-validator/commons-validator/1.6/commons-validator-1.6.jar:/home/user/.m2/repository/commons-digester/commons-digester/1.8.1/commons-digester-1.8.1.jar:/home/user/.m2/repository/io/jaegertracing/jaeger-client/0.34.0/jaeger-client-0.34.0.jar:/home/user/.m2/repository/io/jaegertracing/jaeger-thrift/0.34.0/jaeger-thrift-0.34.0.jar:/home/user/.m2/repository/org/apache/thrift/libthrift/0.12.0/libthrift-0.12.0.jar:/home/user/.m2/repository/com/squareup/okhttp3/okhttp/3.9.0/okhttp-3.9.0.jar:/home/user/.m2/repository/com/squareup/okio/okio/1.13.0/okio-1.13.0.jar:/home/user/.m2/repository/io/jaegertracing/jaeger-core/0.34.0/jaeger-core-0.34.0.jar:/home/user/.m2/repository/io/jaegertracing/jaeger-tracerresolver/0.34.0/jaeger-tracerresolver-0.34.0.jar:/home/user/.m2/repository/io/opentracing/contrib/opentracing-tracerresolver/0.1.5/opentracing-tracerresolver-0.1.5.jar:/home/user/.m2/repository/io/opentracing/opentracing-util/0.31.0/opentracing-util-0.31.0.jar:/home/user/.m2/repository/io/opentracing/opentracing-api/0.31.0/opentracing-api-0.31.0.jar:/home/user/.m2/repository/io/opentracing/opentracing-noop/0.31.0/opentracing-noop-0.31.0.jar:/home/user/.m2/repository/org/apache/hadoop/hadoop-hdds-server-framework/0.5.0-SNAPSHOT/hadoop-hdds-server-framework-0.5.0-SNAPSHOT.jar:/home/user/.m2/repository/org/apache/hadoop/hadoop-hdds-container-service/0.5.0-SNAPSHOT/hadoop-hdds-container-service-0.5.0-SNAPSHOT.jar:/home/user/.m2/repository/org/apache/hadoop/hadoop-hdds-client/0.5.0-SNAPSHOT/hadoop-hdds-client-0.5.0-SNAPSHOT.jar:/home/user/.m2/repository/org/apache/hadoop/hadoop-hdds-tools/0.5.0-SNAPSHOT/hadoop-hdds-tools-0.5.0-SNAPSHOT.jar:/home/user/.m2/repository/org/apache/hadoop/hadoop-hdds-server-scm/0.5.0-SNAPSHOT/hadoop-hdds-server-scm-0.5.0-SNAPSHOT.jar:/home/user/.m2/repository/org/apache/hadoop/hadoop-hdds-docs/0.5.0-SNAPSHOT/hadoop-hdds-docs-0.5.0-SNAPSHOT.jar:/home/user/.m2/repository/io/dropwizard/metrics/metrics-core/3.2.4/metrics-core-3.2.4.jar:/home/user/.m2/repository/org/hamcrest/hamcrest-all/1.3/hamcrest-all-1.3.jar:/home/user/.m2/repository/org/bouncycastle/bcprov-jdk15on/1.60/bcprov-jdk15on-1.60.jar:/home/user/.m2/repository/info/picocli/picocli/3.9.6/picocli-3.9.6.jar:/home/user/.m2/repository/com/google/protobuf/protobuf-java/2.5.0/protobuf-java-2.5.0.jar:/home/user/.m2/repository/com/google/guava/guava/11.0.2/guava-11.0.2.jar:/home/user/.m2/repository/org/apache/hadoop/hadoop-ozone-ozone-manager/0.5.0-SNAPSHOT/hadoop-ozone-ozone-manager-0.5.0-SNAPSHOT.jar:/home/user/.m2/repository/org/apache/hadoop/hadoop-minikdc/3.2.0/hadoop-minikdc-3.2.0.jar:/home/user/.m2/repository/commons-io/commons-io/2.5/commons-io-2.5.jar:/home/user/.m2/repository/org/apache/kerby/kerb-simplekdc/1.0.1/kerb-simplekdc-1.0.1.jar:/home/user/.m2/repository/org/apache/kerby/kerb-client/1.0.1/kerb-client-1.0.1.jar:/home/user/.m2/repository/org/apache/kerby/kerby-config/1.0.1/kerby-config-1.0.1.jar:/home/user/.m2/repository/org/apache/kerby/kerb-core/1.0.1/kerb-core-1.0.1.jar:/home/user/.m2/repository/org/apache/kerby/kerby-pkix/1.0.1/kerby-pkix-1.0.1.jar:/home/user/.m2/repository/org/apache/kerby/kerby-asn1/1.0.1/kerby-asn1-1.0.1.jar:/home/user/.m2/repository/org/apache/kerby/kerby-util/1.0.1/kerby-util-1.0.1.jar:/home/user/.m2/repository/org/apache/kerby/kerb-common/1.0.1/kerb-common-1.0.1.jar:/home/user/.m2/repository/org/apache/kerby/kerb-crypto/1.0.1/kerb-crypto-1.0.1.jar:/home/user/.m2/repository/org/apache/kerby/kerb-util/1.0.1/kerb-util-1.0.1.jar:/home/user/.m2/repository/org/apache/kerby/token-provider/1.0.1/token-provider-1.0.1.jar:/home/user/.m2/repository/org/apache/kerby/kerb-admin/1.0.1/kerb-admin-1.0.1.jar:/home/user/.m2/repository/org/apache/kerby/kerb-server/1.0.1/kerb-server-1.0.1.jar:/home/user/.m2/repository/org/apache/kerby/kerb-identity/1.0.1/kerb-identity-1.0.1.jar:/home/user/.m2/repository/org/apache/kerby/kerby-xdr/1.0.1/kerby-xdr-1.0.1.jar:/home/user/.m2/repository/org/slf4j/slf4j-log4j12/1.7.25/slf4j-log4j12-1.7.25.jar:/home/user/.m2/repository/org/apache/hadoop/hadoop-ozone-s3gateway/0.5.0-SNAPSHOT/hadoop-ozone-s3gateway-0.5.0-SNAPSHOT.jar:/home/user/.m2/repository/org/jboss/weld/servlet/weld-servlet/2.4.7.Final/weld-servlet-2.4.7.Final.jar:/home/user/.m2/repository/org/glassfish/jersey/containers/jersey-container-servlet-core/2.27/jersey-container-servlet-core-2.27.jar:/home/user/.m2/repository/org/glassfish/hk2/external/javax.inject/2.5.0-b42/javax.inject-2.5.0-b42.jar:/home/user/.m2/repository/org/glassfish/jersey/core/jersey-common/2.27/jersey-common-2.27.jar:/home/user/.m2/repository/org/glassfish/hk2/osgi-resource-locator/1.0.1/osgi-resource-locator-1.0.1.jar:/home/user/.m2/repository/javax/ws/rs/javax.ws.rs-api/2.1/javax.ws.rs-api-2.1.jar:/home/user/.m2/repository/org/glassfish/jersey/ext/cdi/jersey-cdi1x/2.27/jersey-cdi1x-2.27.jar:/home/user/.m2/repository/org/glassfish/jersey/inject/jersey-hk2/2.27/jersey-hk2-2.27.jar:/home/user/.m2/repository/org/glassfish/hk2/hk2-locator/2.5.0-b42/hk2-locator-2.5.0-b42.jar:/home/user/.m2/repository/org/javassist/javassist/3.22.0-CR2/javassist-3.22.0-CR2.jar:/home/user/.m2/repository/org/glassfish/hk2/hk2-api/2.5.0/hk2-api-2.5.0.jar:/home/user/.m2/repository/org/glassfish/hk2/external/jakarta.inject/2.5.0/jakarta.inject-2.5.0.jar:/home/user/.m2/repository/org/glassfish/hk2/hk2-utils/2.5.0/hk2-utils-2.5.0.jar:/home/user/.m2/repository/jakarta/annotation/jakarta.annotation-api/1.3.4/jakarta.annotation-api-1.3.4.jar:/home/user/.m2/repository/org/glassfish/hk2/external/aopalliance-repackaged/2.5.0/aopalliance-repackaged-2.5.0.jar:/home/user/.m2/repository/com/fasterxml/jackson/dataformat/jackson-dataformat-xml/2.9.0/jackson-dataformat-xml-2.9.0.jar:/home/user/.m2/repository/com/fasterxml/jackson/core/jackson-core/2.9.9/jackson-core-2.9.9.jar:/home/user/.m2/repository/com/fasterxml/jackson/module/jackson-module-jaxb-annotations/2.9.9/jackson-module-jaxb-annotations-2.9.9.jar:/home/user/.m2/repository/javax/enterprise/cdi-api/1.2/cdi-api-1.2.jar:/home/user/.m2/repository/javax/el/javax.el-api/3.0.0/javax.el-api-3.0.0.jar:/home/user/.m2/repository/javax/interceptor/javax.interceptor-api/1.2/javax.interceptor-api-1.2.jar:/home/user/.m2/repository/javax/inject/javax.inject/1/javax.inject-1.jar:/home/user/.m2/repository/com/sun/xml/bind/jaxb-impl/2.3.0.1/jaxb-impl-2.3.0.1.jar:/home/user/.m2/repository/com/sun/xml/bind/jaxb-core/2.3.0.1/jaxb-core-2.3.0.1.jar:/home/user/.m2/repository/javax/xml/bind/jaxb-api/2.3.0/jaxb-api-2.3.0.jar:/home/user/.m2/repository/javax/activation/activation/1.1.1/activation-1.1.1.jar:/home/user/.m2/repository/org/apache/hadoop/hadoop-ozone-csi/0.5.0-SNAPSHOT/hadoop-ozone-csi-0.5.0-SNAPSHOT.jar:/home/user/.m2/repository/com/google/protobuf/protobuf-java-util/3.5.1/protobuf-java-util-3.5.1.jar:/home/user/.m2/repository/org/apache/hadoop/hadoop-hdds-config/0.5.0-SNAPSHOT/hadoop-hdds-config-0.5.0-SNAPSHOT.jar:/home/user/.m2/repository/io/grpc/grpc-netty/1.17.1/grpc-netty-1.17.1.jar:/home/user/.m2/repository/io/grpc/grpc-core/1.17.1/grpc-core-1.17.1.jar:/home/user/.m2/repository/io/grpc/grpc-context/1.17.1/grpc-context-1.17.1.jar:/home/user/.m2/repository/com/google/errorprone/error_prone_annotations/2.2.0/error_prone_annotations-2.2.0.jar:/home/user/.m2/repository/org/codehaus/mojo/animal-sniffer-annotations/1.17/animal-sniffer-annotations-1.17.jar:/home/user/.m2/repository/io/opencensus/opencensus-api/0.17.0/opencensus-api-0.17.0.jar:/home/user/.m2/repository/io/opencensus/opencensus-contrib-grpc-metrics/0.17.0/opencensus-contrib-grpc-metrics-0.17.0.jar:/home/user/.m2/repository/io/netty/netty-codec-http2/4.1.30.Final/netty-codec-http2-4.1.30.Final.jar:/home/user/.m2/repository/io/netty/netty-codec-http/4.1.30.Final/netty-codec-http-4.1.30.Final.jar:/home/user/.m2/repository/io/netty/netty-codec/4.1.30.Final/netty-codec-4.1.30.Final.jar:/home/user/.m2/repository/io/netty/netty-handler/4.1.30.Final/netty-handler-4.1.30.Final.jar:/home/user/.m2/repository/io/netty/netty-handler-proxy/4.1.30.Final/netty-handler-proxy-4.1.30.Final.jar:/home/user/.m2/repository/io/netty/netty-codec-socks/4.1.30.Final/netty-codec-socks-4.1.30.Final.jar:/home/user/.m2/repository/io/netty/netty-transport-native-epoll/4.1.30.Final/netty-transport-native-epoll-4.1.30.Final.jar:/home/user/.m2/repository/io/netty/netty-common/4.1.30.Final/netty-common-4.1.30.Final.jar:/home/user/.m2/repository/io/netty/netty-buffer/4.1.30.Final/netty-buffer-4.1.30.Final.jar:/home/user/.m2/repository/io/netty/netty-transport/4.1.30.Final/netty-transport-4.1.30.Final.jar:/home/user/.m2/repository/io/netty/netty-resolver/4.1.30.Final/netty-resolver-4.1.30.Final.jar:/home/user/.m2/repository/io/netty/netty-transport-native-unix-common/4.1.30.Final/netty-transport-native-unix-common-4.1.30.Final.jar:/home/user/.m2/repository/io/grpc/grpc-protobuf/1.17.1/grpc-protobuf-1.17.1.jar:/home/user/.m2/repository/com/google/api/grpc/proto-google-common-protos/1.0.0/proto-google-common-protos-1.0.0.jar:/home/user/.m2/repository/io/grpc/grpc-protobuf-lite/1.17.1/grpc-protobuf-lite-1.17.1.jar:/home/user/.m2/repository/io/grpc/grpc-stub/1.17.1/grpc-stub-1.17.1.jar:/home/user/.m2/repository/org/apache/hadoop/hadoop-ozone-recon/0.5.0-SNAPSHOT/hadoop-ozone-recon-0.5.0-SNAPSHOT.jar:/home/user/.m2/repository/org/apache/hadoop/hadoop-ozone-reconcodegen/0.5.0-SNAPSHOT/hadoop-ozone-reconcodegen-0.5.0-SNAPSHOT.jar:/home/user/.m2/repository/com/google/inject/extensions/guice-multibindings/4.0/guice-multibindings-4.0.jar:/home/user/.m2/repository/com/google/inject/guice/4.0/guice-4.0.jar:/home/user/.m2/repository/aopalliance/aopalliance/1.0/aopalliance-1.0.jar:/home/user/.m2/repository/com/google/inject/extensions/guice-servlet/4.0/guice-servlet-4.0.jar:/home/user/.m2/repository/org/glassfish/jersey/containers/jersey-container-servlet/2.27/jersey-container-servlet-2.27.jar:/home/user/.m2/repository/org/glassfish/hk2/guice-bridge/2.5.0/guice-bridge-2.5.0.jar:/home/user/.m2/repository/org/glassfish/jersey/core/jersey-server/2.27/jersey-server-2.27.jar:/home/user/.m2/repository/org/glassfish/jersey/core/jersey-client/2.27/jersey-client-2.27.jar:/home/user/.m2/repository/org/glassfish/jersey/media/jersey-media-jaxb/2.27/jersey-media-jaxb-2.27.jar:/home/user/.m2/repository/javax/validation/validation-api/1.1.0.Final/validation-api-1.1.0.Final.jar:/home/user/.m2/repository/org/glassfish/jersey/media/jersey-media-json-jackson/2.27/jersey-media-json-jackson-2.27.jar:/home/user/.m2/repository/org/glassfish/jersey/ext/jersey-entity-filtering/2.27/jersey-entity-filtering-2.27.jar:/home/user/.m2/repository/com/google/inject/extensions/guice-assistedinject/4.0/guice-assistedinject-4.0.jar:/home/user/.m2/repository/org/jooq/jooq/3.11.10/jooq-3.11.10.jar:/home/user/.m2/repository/org/jooq/jooq-meta/3.11.10/jooq-meta-3.11.10.jar:/home/user/.m2/repository/org/jooq/jooq-codegen/3.11.10/jooq-codegen-3.11.10.jar:/home/user/.m2/repository/com/jolbox/bonecp/0.8.0.RELEASE/bonecp-0.8.0.RELEASE.jar:/home/user/.m2/repository/org/xerial/sqlite-jdbc/3.25.2/sqlite-jdbc-3.25.2.jar:/home/user/.m2/repository/org/springframework/spring-jdbc/5.1.3.RELEASE/spring-jdbc-5.1.3.RELEASE.jar:/home/user/.m2/repository/org/springframework/spring-beans/5.1.3.RELEASE/spring-beans-5.1.3.RELEASE.jar:/home/user/.m2/repository/org/springframework/spring-core/5.1.3.RELEASE/spring-core-5.1.3.RELEASE.jar:/home/user/.m2/repository/org/springframework/spring-jcl/5.1.3.RELEASE/spring-jcl-5.1.3.RELEASE.jar:/home/user/.m2/repository/org/springframework/spring-tx/5.1.3.RELEASE/spring-tx-5.1.3.RELEASE.jar:/home/user/.m2/repository/org/apache/hadoop/hadoop-ozone-client/0.5.0-SNAPSHOT/hadoop-ozone-client-0.5.0-SNAPSHOT.jar:/home/user/.m2/repository/commons-lang/commons-lang/2.6/commons-lang-2.6.jar:/home/user/.m2/repository/org/apache/hadoop/hadoop-ozone-ozone-manager/0.5.0-SNAPSHOT/hadoop-ozone-ozone-manager-0.5.0-SNAPSHOT-tests.jar:/home/user/.m2/repository/junit/junit/4.11/junit-4.11.jar:/home/user/.m2/repository/org/hamcrest/hamcrest-core/1.3/hamcrest-core-1.3.jar:/home/user/.m2/repository/org/openjdk/jmh/jmh-core/1.19/jmh-core-1.19.jar:/home/user/.m2/repository/net/sf/jopt-simple/jopt-simple/4.6/jopt-simple-4.6.jar:/home/user/.m2/repository/org/apache/commons/commons-math3/3.1.1/commons-math3-3.1.1.jar:/home/user/.m2/repository/org/openjdk/jmh/jmh-generator-annprocess/1.19/jmh-generator-annprocess-1.19.jar:/home/user/.m2/repository/org/mockito/mockito-all/1.8.5/mockito-all-1.8.5.jar:/home/user/.m2/repository/org/apache/hadoop/hadoop-kms/3.2.0/hadoop-kms-3.2.0.jar:/home/user/.m2/repository/org/apache/hadoop/hadoop-auth/3.2.0/hadoop-auth-3.2.0.jar:/home/user/.m2/repository/com/nimbusds/nimbus-jose-jwt/4.41.1/nimbus-jose-jwt-4.41.1.jar:/home/user/.m2/repository/com/github/stephenc/jcip/jcip-annotations/1.0-1/jcip-annotations-1.0-1.jar:/home/user/.m2/repository/net/minidev/json-smart/2.3/json-smart-2.3.jar:/home/user/.m2/repository/net/minidev/accessors-smart/1.2/accessors-smart-1.2.jar:/home/user/.m2/repository/org/ow2/asm/asm/5.0.4/asm-5.0.4.jar:/home/user/.m2/repository/org/apache/curator/curator-framework/2.12.0/curator-framework-2.12.0.jar:/home/user/.m2/repository/com/sun/jersey/jersey-core/1.19/jersey-core-1.19.jar:/home/user/.m2/repository/javax/ws/rs/jsr311-api/1.1.1/jsr311-api-1.1.1.jar:/home/user/.m2/repository/com/sun/jersey/jersey-server/1.19/jersey-server-1.19.jar:/home/user/.m2/repository/javax/servlet/javax.servlet-api/3.1.0/javax.servlet-api-3.1.0.jar:/home/user/.m2/repository/org/eclipse/jetty/jetty-server/9.3.25.v20180904/jetty-server-9.3.25.v20180904.jar:/home/user/.m2/repository/org/eclipse/jetty/jetty-http/9.3.25.v20180904/jetty-http-9.3.25.v20180904.jar:/home/user/.m2/repository/org/eclipse/jetty/jetty-io/9.3.25.v20180904/jetty-io-9.3.25.v20180904.jar:/home/user/.m2/repository/org/eclipse/jetty/jetty-webapp/9.3.25.v20180904/jetty-webapp-9.3.25.v20180904.jar:/home/user/.m2/repository/org/eclipse/jetty/jetty-xml/9.3.25.v20180904/jetty-xml-9.3.25.v20180904.jar:/home/user/.m2/repository/log4j/log4j/1.2.17/log4j-1.2.17.jar:/home/user/.m2/repository/org/slf4j/slf4j-api/1.7.25/slf4j-api-1.7.25.jar:/home/user/.m2/repository/org/slf4j/jul-to-slf4j/1.7.25/jul-to-slf4j-1.7.25.jar:/home/user/.m2/repository/org/eclipse/jetty/jetty-util/9.3.25.v20180904/jetty-util-9.3.25.v20180904.jar:/home/user/.m2/repository/com/fasterxml/jackson/core/jackson-databind/2.9.9/jackson-databind-2.9.9.jar:/home/user/.m2/repository/org/apache/hadoop/hadoop-kms/3.2.0/hadoop-kms-3.2.0-tests.jar:/home/user/.m2/repository/org/apache/hadoop/hadoop-hdds-server-scm/0.5.0-SNAPSHOT/hadoop-hdds-server-scm-0.5.0-SNAPSHOT-tests.jar:/home/user/.m2/repository/org/apache/hadoop/hadoop-hdds-container-service/0.5.0-SNAPSHOT/hadoop-hdds-container-service-0.5.0-SNAPSHOT-tests.jar:/home/user/.m2/repository/org/yaml/snakeyaml/1.16/snakeyaml-1.16.jar:/home/user/.m2/repository/org/apache/hadoop/hadoop-common/3.2.0/hadoop-common-3.2.0-tests.jar:/home/user/.m2/repository/org/apache/hadoop/hadoop-annotations/3.2.0/hadoop-annotations-3.2.0.jar:/usr/lib/jvm/java-1.8-openjdk/jre/../lib/tools.jar:/home/user/.m2/repository/commons-cli/commons-cli/1.2/commons-cli-1.2.jar:/home/user/.m2/repository/org/apache/httpcomponents/httpclient/4.5.2/httpclient-4.5.2.jar:/home/user/.m2/repository/org/apache/httpcomponents/httpcore/4.4.4/httpcore-4.4.4.jar:/home/user/.m2/repository/commons-codec/commons-codec/1.11/commons-codec-1.11.jar:/home/user/.m2/repository/commons-net/commons-net/3.6/commons-net-3.6.jar:/home/user/.m2/repository/commons-collections/commons-collections/3.2.2/commons-collections-3.2.2.jar:/home/user/.m2/repository/org/eclipse/jetty/jetty-servlet/9.3.25.v20180904/jetty-servlet-9.3.25.v20180904.jar:/home/user/.m2/repository/org/eclipse/jetty/jetty-security/9.3.25.v20180904/jetty-security-9.3.25.v20180904.jar:/home/user/.m2/repository/javax/servlet/jsp/jsp-api/2.1/jsp-api-2.1.jar:/home/user/.m2/repository/com/sun/jersey/jersey-servlet/1.19/jersey-servlet-1.19.jar:/home/user/.m2/repository/com/sun/jersey/jersey-json/1.19/jersey-json-1.19.jar:/home/user/.m2/repository/org/codehaus/jettison/jettison/1.1/jettison-1.1.jar:/home/user/.m2/repository/org/codehaus/jackson/jackson-core-asl/1.9.13/jackson-core-asl-1.9.13.jar:/home/user/.m2/repository/org/codehaus/jackson/jackson-mapper-asl/1.9.13/jackson-mapper-asl-1.9.13.jar:/home/user/.m2/repository/org/codehaus/jackson/jackson-jaxrs/1.9.13/jackson-jaxrs-1.9.13.jar:/home/user/.m2/repository/org/codehaus/jackson/jackson-xc/1.9.13/jackson-xc-1.9.13.jar:/home/user/.m2/repository/commons-logging/commons-logging/1.1.3/commons-logging-1.1.3.jar:/home/user/.m2/repository/commons-beanutils/commons-beanutils/1.9.4/commons-beanutils-1.9.4.jar:/home/user/.m2/repository/org/apache/commons/commons-configuration2/2.1.1/commons-configuration2-2.1.1.jar:/home/user/.m2/repository/org/apache/commons/commons-lang3/3.7/commons-lang3-3.7.jar:/home/user/.m2/repository/org/apache/commons/commons-text/1.4/commons-text-1.4.jar:/home/user/.m2/repository/org/apache/avro/avro/1.7.7/avro-1.7.7.jar:/home/user/.m2/repository/com/thoughtworks/paranamer/paranamer/2.3/paranamer-2.3.jar:/home/user/.m2/repository/org/xerial/snappy/snappy-java/1.0.5/snappy-java-1.0.5.jar:/home/user/.m2/repository/com/google/re2j/re2j/1.1/re2j-1.1.jar:/home/user/.m2/repository/com/google/code/gson/gson/2.2.4/gson-2.2.4.jar:/home/user/.m2/repository/com/jcraft/jsch/0.1.54/jsch-0.1.54.jar:/home/user/.m2/repository/org/apache/curator/curator-client/2.12.0/curator-client-2.12.0.jar:/home/user/.m2/repository/org/apache/curator/curator-recipes/2.12.0/curator-recipes-2.12.0.jar:/home/user/.m2/repository/com/google/code/findbugs/jsr305/3.0.0/jsr305-3.0.0.jar:/home/user/.m2/repository/org/apache/htrace/htrace-core4/4.1.0-incubating/htrace-core4-4.1.0-incubating.jar:/home/user/.m2/repository/org/apache/zookeeper/zookeeper/3.4.13/zookeeper-3.4.13.jar:/home/user/.m2/repository/jline/jline/0.9.94/jline-0.9.94.jar:/home/user/.m2/repository/org/apache/yetus/audience-annotations/0.5.0/audience-annotations-0.5.0.jar:/home/user/.m2/repository/org/codehaus/woodstox/stax2-api/3.1.4/stax2-api-3.1.4.jar:/home/user/.m2/repository/com/fasterxml/woodstox/woodstox-core/5.0.3/woodstox-core-5.0.3.jar:/home/user/.m2/repository/dnsjava/dnsjava/2.1.7/dnsjava-2.1.7.jar:/home/user/.m2/repository/org/apache/hadoop/hadoop-hdfs/3.2.0/hadoop-hdfs-3.2.0-tests.jar:/home/user/.m2/repository/org/eclipse/jetty/jetty-util-ajax/9.3.25.v20180904/jetty-util-ajax-9.3.25.v20180904.jar:/home/user/.m2/repository/commons-daemon/commons-daemon/1.0.13/commons-daemon-1.0.13.jar:/home/user/.m2/repository/io/netty/netty/3.10.5.Final/netty-3.10.5.Final.jar:/home/user/.m2/repository/io/netty/netty-all/4.0.52.Final/netty-all-4.0.52.Final.jar:/home/user/.m2/repository/org/fusesource/leveldbjni/leveldbjni-all/1.8/leveldbjni-all-1.8.jar:"/>
    <property name="sun.cpu.endian" value="little"/>
    <property name="user.home" value="/home/user"/>
    <property name="user.language" value="en"/>
    <property name="java.specification.vendor" value="Oracle Corporation"/>
    <property name="java.home" value="/usr/lib/jvm/java-1.8-openjdk/jre"/>
    <property name="surefire.excludesFile" value="/tools/ozone-bad-unit-tests"/>
    <property name="java.security.krb5.conf" value="/workdir/hadoop-ozone/integration-test/target/test-classes/krb5.conf"/>
    <property name="basedir" value="/workdir/hadoop-ozone/integration-test"/>
    <property name="file.separator" value="/"/>
    <property name="line.separator" value="&#10;"/>
    <property name="java.vm.specification.vendor" value="Oracle Corporation"/>
    <property name="java.specification.name" value="Java Platform API Specification"/>
    <property name="java.awt.graphicsenv" value="sun.awt.X11GraphicsEnvironment"/>
    <property name="surefire.real.class.path" value="/workdir/hadoop-ozone/integration-test/target/surefire/surefirebooter6572377823820048183.jar"/>
    <property name="hadoop.log.dir" value="/workdir/hadoop-ozone/integration-test/target/log"/>
    <property name="sun.boot.class.path" value="/usr/lib/jvm/java-1.8-openjdk/jre/lib/resources.jar:/usr/lib/jvm/java-1.8-openjdk/jre/lib/rt.jar:/usr/lib/jvm/java-1.8-openjdk/jre/lib/sunrsasign.jar:/usr/lib/jvm/java-1.8-openjdk/jre/lib/jsse.jar:/usr/lib/jvm/java-1.8-openjdk/jre/lib/jce.jar:/usr/lib/jvm/java-1.8-openjdk/jre/lib/charsets.jar:/usr/lib/jvm/java-1.8-openjdk/jre/lib/jfr.jar:/usr/lib/jvm/java-1.8-openjdk/jre/classes"/>
    <property name="sun.management.compiler" value="HotSpot 64-Bit Tiered Compilers"/>
    <property name="java.runtime.version" value="1.8.0_212-b04"/>
    <property name="java.net.preferIPv4Stack" value="true"/>
    <property name="user.name" value="jenkins1000"/>
    <property name="path.separator" value=":"/>
    <property name="java.security.egd" value="file:///dev/urandom"/>
    <property name="os.version" value="3.10.0-957.12.2.el7.x86_64"/>
    <property name="java.endorsed.dirs" value="/usr/lib/jvm/java-1.8-openjdk/jre/lib/endorsed"/>
    <property name="java.runtime.name" value="OpenJDK Runtime Environment"/>
    <property name="file.encoding" value="UTF-8"/>
    <property name="java.vm.name" value="OpenJDK 64-Bit Server VM"/>
    <property name="test.build.webapps" value=""/>
    <property name="localRepository" value="/home/user/.m2/repository"/>
    <property name="java.vendor.url.bug" value="https://icedtea.classpath.org/bugzilla"/>
    <property name="java.io.tmpdir" value="/tmp"/>
    <property name="require.test.libhadoop" value=""/>
    <property name="java.version" value="1.8.0_212"/>
    <property name="user.dir" value="/workdir/hadoop-ozone/integration-test"/>
    <property name="os.arch" value="amd64"/>
    <property name="java.vm.specification.name" value="Java Virtual Machine Specification"/>
    <property name="test.build.classes" value="/workdir/hadoop-ozone/integration-test/target/test-classes"/>
    <property name="java.awt.printerjob" value="sun.print.PSPrinterJob"/>
    <property name="sun.os.patch.level" value="unknown"/>
    <property name="hadoop.tmp.dir" value="/workdir/hadoop-ozone/integration-test/target/tmp"/>
    <property name="java.library.path" value="/usr/lib/jvm/java-1.8-openjdk/jre/lib/amd64/server:/usr/lib/jvm/java-1.8-openjdk/jre/lib/amd64:/usr/lib/jvm/java-1.8-openjdk/jre/../lib/amd64:/workdir/hadoop-ozone/integration-test/target/native/target/usr/local/lib:/workdir/hadoop-ozone/integration-test/../../hadoop-common-project/hadoop-common/target/native/target/usr/local/lib:/usr/java/packages/lib/amd64:/usr/lib64:/lib64:/lib:/usr/lib"/>
    <property name="java.vm.info" value="mixed mode"/>
    <property name="java.vendor" value="IcedTea"/>
    <property name="java.vm.version" value="25.212-b04"/>
    <property name="java.ext.dirs" value="/usr/lib/jvm/java-1.8-openjdk/jre/lib/ext:/usr/java/packages/lib/ext"/>
    <property name="sun.io.unicode.encoding" value="UnicodeLittle"/>
    <property name="java.class.version" value="52.0"/>
  </properties>
  <testcase name="testPipelineCloseWithPipelineAction" classname="org.apache.hadoop.hdds.scm.pipeline.TestPipelineClose" time="27.247">
    <failure message="Values should be different. Actual: PipelineID=28f02eb3-3181-4867-a39b-aabefbb5b799" type="java.lang.AssertionError">java.lang.AssertionError: Values should be different. Actual: PipelineID=28f02eb3-3181-4867-a39b-aabefbb5b799
	at org.junit.Assert.fail(Assert.java:88)
	at org.junit.Assert.failEquals(Assert.java:185)
	at org.junit.Assert.assertNotEquals(Assert.java:161)
	at org.junit.Assert.assertNotEquals(Assert.java:175)
	at org.apache.hadoop.hdds.scm.pipeline.TestPipelineClose.testPipelineCloseWithPipelineAction(TestPipelineClose.java:180)
	at sun.reflect.NativeMethodAccessorImpl.invoke0(Native Method)
	at sun.reflect.NativeMethodAccessorImpl.invoke(NativeMethodAccessorImpl.java:62)
	at sun.reflect.DelegatingMethodAccessorImpl.invoke(DelegatingMethodAccessorImpl.java:43)
	at java.lang.reflect.Method.invoke(Method.java:498)
	at org.junit.runners.model.FrameworkMethod$1.runReflectiveCall(FrameworkMethod.java:47)
	at org.junit.internal.runners.model.ReflectiveCallable.run(ReflectiveCallable.java:12)
	at org.junit.runners.model.FrameworkMethod.invokeExplosively(FrameworkMethod.java:44)
	at org.junit.internal.runners.statements.InvokeMethod.evaluate(InvokeMethod.java:17)
	at org.junit.internal.runners.statements.RunBefores.evaluate(RunBefores.java:26)
	at org.junit.internal.runners.statements.RunAfters.evaluate(RunAfters.java:27)
	at org.junit.runners.ParentRunner.runLeaf(ParentRunner.java:271)
	at org.junit.runners.BlockJUnit4ClassRunner.runChild(BlockJUnit4ClassRunner.java:70)
	at org.junit.runners.BlockJUnit4ClassRunner.runChild(BlockJUnit4ClassRunner.java:50)
	at org.junit.runners.ParentRunner$3.run(ParentRunner.java:238)
	at org.junit.runners.ParentRunner$1.schedule(ParentRunner.java:63)
	at org.junit.runners.ParentRunner.runChildren(ParentRunner.java:236)
	at org.junit.runners.ParentRunner.access$000(ParentRunner.java:53)
	at org.junit.runners.ParentRunner$2.evaluate(ParentRunner.java:229)
	at org.junit.runners.ParentRunner.run(ParentRunner.java:309)
	at org.apache.maven.surefire.junit4.JUnit4Provider.execute(JUnit4Provider.java:365)
	at org.apache.maven.surefire.junit4.JUnit4Provider.executeWithRerun(JUnit4Provider.java:273)
	at org.apache.maven.surefire.junit4.JUnit4Provider.executeTestSet(JUnit4Provider.java:238)
	at org.apache.maven.surefire.junit4.JUnit4Provider.invoke(JUnit4Provider.java:159)
	at org.apache.maven.surefire.booter.ForkedBooter.invokeProviderInSameClassLoader(ForkedBooter.java:384)
	at org.apache.maven.surefire.booter.ForkedBooter.runSuitesInProcess(ForkedBooter.java:345)
	at org.apache.maven.surefire.booter.ForkedBooter.execute(ForkedBooter.java:126)
	at org.apache.maven.surefire.booter.ForkedBooter.main(ForkedBooter.java:418)
</failure>
    <system-out><![CDATA[2019-10-13 09:54:29,031 [main] WARN  server.ServerUtils (ServerUtils.java:getScmDbDir(145)) - ozone.scm.db.dirs is not configured. We recommend adding this setting. Falling back to ozone.metadata.dirs instead.
2019-10-13 09:54:29,143 [main] WARN  server.ServerUtils (ServerUtils.java:getScmDbDir(145)) - ozone.scm.db.dirs is not configured. We recommend adding this setting. Falling back to ozone.metadata.dirs instead.
2019-10-13 09:54:29,146 [main] WARN  server.ServerUtils (ServerUtils.java:getScmDbDir(145)) - ozone.scm.db.dirs is not configured. We recommend adding this setting. Falling back to ozone.metadata.dirs instead.
2019-10-13 09:54:29,173 [main] INFO  util.log (Log.java:initialized(192)) - Logging initialized @860ms
2019-10-13 09:54:29,270 [main] INFO  db.DBStoreBuilder (DBStoreBuilder.java:addTable(117)) - using custom profile for table: deletedBlocks
2019-10-13 09:54:29,271 [main] INFO  db.DBStoreBuilder (DBStoreBuilder.java:processTables(168)) - Using default column profile:DBProfile.DISK for Table:deletedBlocks
2019-10-13 09:54:29,271 [main] INFO  db.DBStoreBuilder (DBStoreBuilder.java:addTable(117)) - using custom profile for table: validCerts
2019-10-13 09:54:29,271 [main] INFO  db.DBStoreBuilder (DBStoreBuilder.java:processTables(168)) - Using default column profile:DBProfile.DISK for Table:validCerts
2019-10-13 09:54:29,272 [main] INFO  db.DBStoreBuilder (DBStoreBuilder.java:addTable(117)) - using custom profile for table: revokedCerts
2019-10-13 09:54:29,272 [main] INFO  db.DBStoreBuilder (DBStoreBuilder.java:processTables(168)) - Using default column profile:DBProfile.DISK for Table:revokedCerts
2019-10-13 09:54:29,284 [main] INFO  db.DBStoreBuilder (DBStoreBuilder.java:addTable(117)) - using custom profile for table: default
2019-10-13 09:54:29,284 [main] INFO  db.DBStoreBuilder (DBStoreBuilder.java:processTables(174)) - Using default column profile:DBProfile.DISK for Table:default
2019-10-13 09:54:29,285 [main] INFO  db.DBStoreBuilder (DBStoreBuilder.java:getDbProfile(205)) - Using default options. DBProfile.DISK
2019-10-13 09:54:29,735 [main] INFO  net.NodeSchemaLoader (NodeSchemaLoader.java:loadSchemaFromFile(125)) - Loading file from sun.misc.CompoundEnumeration@776aec5c
2019-10-13 09:54:29,737 [main] INFO  net.NodeSchemaLoader (NodeSchemaLoader.java:loadSchema(171)) - Loading network topology layer schema file
2019-10-13 09:54:29,809 [main] WARN  server.ServerUtils (ServerUtils.java:sanitizeUserArgs(70)) - ozone.scm.stale.node.interval value = 300000 is larger than max = 100000 based on the key value of ozone.scm.heartbeat.thread.interval, reset to the max value 100000.
2019-10-13 09:54:29,811 [main] WARN  server.ServerUtils (ServerUtils.java:sanitizeUserArgs(70)) - ozone.scm.stale.node.interval value = 300000 is larger than max = 100000 based on the key value of ozone.scm.heartbeat.thread.interval, reset to the max value 100000.
2019-10-13 09:54:29,813 [main] INFO  node.SCMNodeManager (SCMNodeManager.java:<init>(116)) - Entering startup safe mode.
2019-10-13 09:54:29,882 [main] INFO  algorithms.ContainerPlacementPolicyFactory (ContainerPlacementPolicyFactory.java:getPolicy(57)) - Create container placement policy of type org.apache.hadoop.hdds.scm.container.placement.algorithms.SCMContainerPlacementRandom
2019-10-13 09:54:29,897 [main] WARN  server.ServerUtils (ServerUtils.java:getScmDbDir(145)) - ozone.scm.db.dirs is not configured. We recommend adding this setting. Falling back to ozone.metadata.dirs instead.
2019-10-13 09:54:30,045 [main] INFO  pipeline.SCMPipelineManager (SCMPipelineManager.java:initializePipelineState(132)) - No pipeline exists in current db
2019-10-13 09:54:30,047 [main] WARN  server.ServerUtils (ServerUtils.java:getScmDbDir(145)) - ozone.scm.db.dirs is not configured. We recommend adding this setting. Falling back to ozone.metadata.dirs instead.
2019-10-13 09:54:30,229 [main] WARN  events.EventQueue (EventQueue.java:fireEvent(183)) - No event handler registered for event TypedEvent{payloadType=SafeModeStatus, name='SafeModeStatus'}
2019-10-13 09:54:30,556 [main] INFO  ipc.CallQueueManager (CallQueueManager.java:<init>(84)) - Using callQueue: class java.util.concurrent.LinkedBlockingQueue, queueCapacity: 2000, scheduler: class org.apache.hadoop.ipc.DefaultRpcScheduler, ipcBackoff: false.
2019-10-13 09:54:30,579 [Socket Reader #1 for port 39192] INFO  ipc.Server (Server.java:run(1074)) - Starting Socket Reader #1 for port 39192
2019-10-13 09:54:30,704 [main] INFO  ipc.CallQueueManager (CallQueueManager.java:<init>(84)) - Using callQueue: class java.util.concurrent.LinkedBlockingQueue, queueCapacity: 2000, scheduler: class org.apache.hadoop.ipc.DefaultRpcScheduler, ipcBackoff: false.
2019-10-13 09:54:30,706 [Socket Reader #1 for port 36484] INFO  ipc.Server (Server.java:run(1074)) - Starting Socket Reader #1 for port 36484
2019-10-13 09:54:30,718 [main] INFO  ipc.CallQueueManager (CallQueueManager.java:<init>(84)) - Using callQueue: class java.util.concurrent.LinkedBlockingQueue, queueCapacity: 2000, scheduler: class org.apache.hadoop.ipc.DefaultRpcScheduler, ipcBackoff: false.
2019-10-13 09:54:30,719 [Socket Reader #1 for port 44759] INFO  ipc.Server (Server.java:run(1074)) - Starting Socket Reader #1 for port 44759
2019-10-13 09:54:30,744 [main] INFO  hdfs.DFSUtil (DFSUtil.java:httpServerTemplateForNNAndJN(1641)) - Starting Web-server for scm at: http://0.0.0.0:0
2019-10-13 09:54:30,939 [main] INFO  server.AuthenticationFilter (AuthenticationFilter.java:constructSecretProvider(240)) - Unable to initialize FileSignerSecretProvider, falling back to use random secrets.
2019-10-13 09:54:30,949 [main] WARN  http.HttpRequestLog (HttpRequestLog.java:getRequestLog(97)) - Jetty request log can only be enabled using Log4j
2019-10-13 09:54:30,959 [main] INFO  http.HttpServer2 (HttpServer2.java:addGlobalFilter(975)) - Added global filter 'safety' (class=org.apache.hadoop.http.HttpServer2$QuotingInputFilter)
2019-10-13 09:54:30,962 [main] INFO  http.HttpServer2 (HttpServer2.java:addFilter(948)) - Added filter static_user_filter (class=org.apache.hadoop.http.lib.StaticUserWebFilter$StaticUserFilter) to context scm
2019-10-13 09:54:30,963 [main] INFO  http.HttpServer2 (HttpServer2.java:addFilter(958)) - Added filter static_user_filter (class=org.apache.hadoop.http.lib.StaticUserWebFilter$StaticUserFilter) to context static
2019-10-13 09:54:30,963 [main] INFO  http.HttpServer2 (HttpServer2.java:addFilter(958)) - Added filter static_user_filter (class=org.apache.hadoop.http.lib.StaticUserWebFilter$StaticUserFilter) to context logs
2019-10-13 09:54:30,997 [main] INFO  server.StorageContainerManager (StorageContainerManager.java:start(772)) - StorageContainerLocationProtocol RPC server is listening at /0.0.0.0:44759
2019-10-13 09:54:31,059 [main] WARN  impl.MetricsConfig (MetricsConfig.java:loadFirst(134)) - Cannot locate configuration: tried hadoop-metrics2-storagecontainermanager.properties,hadoop-metrics2.properties
2019-10-13 09:54:31,072 [main] INFO  impl.MetricsSystemImpl (MetricsSystemImpl.java:startTimer(374)) - Scheduled Metric snapshot period at 10 second(s).
2019-10-13 09:54:31,072 [main] INFO  impl.MetricsSystemImpl (MetricsSystemImpl.java:start(191)) - StorageContainerManager metrics system started
2019-10-13 09:54:31,356 [main] INFO  server.SCMClientProtocolServer (SCMClientProtocolServer.java:start(159)) - RPC server for Client  is listening at /0.0.0.0:44759
2019-10-13 09:54:31,356 [IPC Server Responder] INFO  ipc.Server (Server.java:run(1314)) - IPC Server Responder: starting
2019-10-13 09:54:31,356 [IPC Server listener on 44759] INFO  ipc.Server (Server.java:run(1153)) - IPC Server listener on 44759: starting
2019-10-13 09:54:31,359 [main] INFO  server.StorageContainerManager (StorageContainerManager.java:start(782)) - ScmBlockLocationProtocol RPC server is listening at /0.0.0.0:36484
2019-10-13 09:54:31,360 [main] INFO  server.SCMBlockProtocolServer (SCMBlockProtocolServer.java:start(146)) - RPC server for Block Protocol is listening at /0.0.0.0:36484
2019-10-13 09:54:31,361 [IPC Server Responder] INFO  ipc.Server (Server.java:run(1314)) - IPC Server Responder: starting
2019-10-13 09:54:31,361 [IPC Server listener on 36484] INFO  ipc.Server (Server.java:run(1153)) - IPC Server listener on 36484: starting
2019-10-13 09:54:31,363 [main] INFO  server.StorageContainerManager (StorageContainerManager.java:start(786)) - ScmDatanodeProtocl RPC server is listening at /0.0.0.0:39192
2019-10-13 09:54:31,363 [main] INFO  server.SCMDatanodeProtocolServer (SCMDatanodeProtocolServer.java:start(169)) - RPC server for DataNodes is listening at /0.0.0.0:39192
2019-10-13 09:54:31,365 [IPC Server Responder] INFO  ipc.Server (Server.java:run(1314)) - IPC Server Responder: starting
2019-10-13 09:54:31,365 [IPC Server listener on 39192] INFO  ipc.Server (Server.java:run(1153)) - IPC Server listener on 39192: starting
2019-10-13 09:54:31,368 [main] INFO  http.HttpServer2 (HttpServer2.java:bindListener(1191)) - Jetty bound to port 37920
2019-10-13 09:54:31,371 [main] INFO  server.Server (Server.java:doStart(351)) - jetty-9.3.25.v20180904, build timestamp: 2018-09-04T21:11:46Z, git hash: 3ce520221d0240229c862b122d2b06c12a625732
2019-10-13 09:54:31,414 [main] INFO  handler.ContextHandler (ContextHandler.java:doStart(781)) - Started o.e.j.s.ServletContextHandler@180da663{/logs,file:///workdir/hadoop-ozone/integration-test/target/log,AVAILABLE}
2019-10-13 09:54:31,415 [main] INFO  handler.ContextHandler (ContextHandler.java:doStart(781)) - Started o.e.j.s.ServletContextHandler@340da44c{/static,file:///workdir/hadoop-ozone/integration-test/target/test-classes/webapps/static,AVAILABLE}
2019-10-13 09:54:31,449 [main] INFO  handler.ContextHandler (ContextHandler.java:doStart(781)) - Started o.e.j.w.WebAppContext@410954b{/,file:///workdir/hadoop-ozone/integration-test/target/test-classes/webapps/scm/,AVAILABLE}{/scm}
2019-10-13 09:54:31,455 [main] INFO  server.AbstractConnector (AbstractConnector.java:doStart(278)) - Started ServerConnector@5f7f2382{HTTP/1.1,[http/1.1]}{0.0.0.0:37920}
2019-10-13 09:54:31,456 [main] INFO  server.Server (Server.java:doStart(419)) - Started @3142ms
2019-10-13 09:54:31,458 [main] INFO  impl.MetricsSinkAdapter (MetricsSinkAdapter.java:start(204)) - Sink prometheus started
2019-10-13 09:54:31,458 [main] INFO  impl.MetricsSystemImpl (MetricsSystemImpl.java:registerSink(301)) - Registered sink prometheus
2019-10-13 09:54:31,460 [main] INFO  server.BaseHttpServer (BaseHttpServer.java:updateConnectorAddress(215)) - HTTP server of SCM is listening at http://0.0.0.0:37920
2019-10-13 09:54:31,468 [org.apache.hadoop.util.JvmPauseMonitor$Monitor@37cd92d6] INFO  util.JvmPauseMonitor (JvmPauseMonitor.java:run(188)) - Starting JVM pause monitor
2019-10-13 09:54:31,475 [main] WARN  server.ServerUtils (ServerUtils.java:getDBPath(222)) - ozone.om.db.dirs is not configured. We recommend adding this setting. Falling back to ozone.metadata.dirs instead.
2019-10-13 09:54:31,619 [main] INFO  ha.OMHANodeDetails (OMHANodeDetails.java:loadOMHAConfig(190)) - Configuration either no ozone.om.address set. Falling back to the default OM address /127.0.0.1:0
2019-10-13 09:54:31,619 [main] INFO  ha.OMHANodeDetails (OMHANodeDetails.java:getOMNodeDetails(220)) - OM Service ID is not set. Setting it to the default ID: omServiceIdDefault
2019-10-13 09:54:31,621 [main] WARN  server.ServerUtils (ServerUtils.java:getDBPath(222)) - ozone.om.db.dirs is not configured. We recommend adding this setting. Falling back to ozone.metadata.dirs instead.
2019-10-13 09:54:31,621 [main] WARN  server.ServerUtils (ServerUtils.java:getDBPath(222)) - ozone.om.db.dirs is not configured. We recommend adding this setting. Falling back to ozone.metadata.dirs instead.
2019-10-13 09:54:32,373 [main] WARN  server.ServerUtils (ServerUtils.java:getDBPath(222)) - ozone.om.db.dirs is not configured. We recommend adding this setting. Falling back to ozone.metadata.dirs instead.
2019-10-13 09:54:32,381 [main] INFO  db.DBStoreBuilder (DBStoreBuilder.java:addTable(117)) - using custom profile for table: userTable
2019-10-13 09:54:32,381 [main] INFO  db.DBStoreBuilder (DBStoreBuilder.java:processTables(168)) - Using default column profile:DBProfile.DISK for Table:userTable
2019-10-13 09:54:32,382 [main] INFO  db.DBStoreBuilder (DBStoreBuilder.java:addTable(117)) - using custom profile for table: volumeTable
2019-10-13 09:54:32,382 [main] INFO  db.DBStoreBuilder (DBStoreBuilder.java:processTables(168)) - Using default column profile:DBProfile.DISK for Table:volumeTable
2019-10-13 09:54:32,382 [main] INFO  db.DBStoreBuilder (DBStoreBuilder.java:addTable(117)) - using custom profile for table: bucketTable
2019-10-13 09:54:32,383 [main] INFO  db.DBStoreBuilder (DBStoreBuilder.java:processTables(168)) - Using default column profile:DBProfile.DISK for Table:bucketTable
2019-10-13 09:54:32,383 [main] INFO  db.DBStoreBuilder (DBStoreBuilder.java:addTable(117)) - using custom profile for table: keyTable
2019-10-13 09:54:32,383 [main] INFO  db.DBStoreBuilder (DBStoreBuilder.java:processTables(168)) - Using default column profile:DBProfile.DISK for Table:keyTable
2019-10-13 09:54:32,383 [main] INFO  db.DBStoreBuilder (DBStoreBuilder.java:addTable(117)) - using custom profile for table: deletedTable
2019-10-13 09:54:32,384 [main] INFO  db.DBStoreBuilder (DBStoreBuilder.java:processTables(168)) - Using default column profile:DBProfile.DISK for Table:deletedTable
2019-10-13 09:54:32,384 [main] INFO  db.DBStoreBuilder (DBStoreBuilder.java:addTable(117)) - using custom profile for table: openKeyTable
2019-10-13 09:54:32,384 [main] INFO  db.DBStoreBuilder (DBStoreBuilder.java:processTables(168)) - Using default column profile:DBProfile.DISK for Table:openKeyTable
2019-10-13 09:54:32,384 [main] INFO  db.DBStoreBuilder (DBStoreBuilder.java:addTable(117)) - using custom profile for table: s3Table
2019-10-13 09:54:32,385 [main] INFO  db.DBStoreBuilder (DBStoreBuilder.java:processTables(168)) - Using default column profile:DBProfile.DISK for Table:s3Table
2019-10-13 09:54:32,385 [main] INFO  db.DBStoreBuilder (DBStoreBuilder.java:addTable(117)) - using custom profile for table: multipartInfoTable
2019-10-13 09:54:32,385 [main] INFO  db.DBStoreBuilder (DBStoreBuilder.java:processTables(168)) - Using default column profile:DBProfile.DISK for Table:multipartInfoTable
2019-10-13 09:54:32,385 [main] INFO  db.DBStoreBuilder (DBStoreBuilder.java:addTable(117)) - using custom profile for table: dTokenTable
2019-10-13 09:54:32,386 [main] INFO  db.DBStoreBuilder (DBStoreBuilder.java:processTables(168)) - Using default column profile:DBProfile.DISK for Table:dTokenTable
2019-10-13 09:54:32,386 [main] INFO  db.DBStoreBuilder (DBStoreBuilder.java:addTable(117)) - using custom profile for table: s3SecretTable
2019-10-13 09:54:32,386 [main] INFO  db.DBStoreBuilder (DBStoreBuilder.java:processTables(168)) - Using default column profile:DBProfile.DISK for Table:s3SecretTable
2019-10-13 09:54:32,386 [main] INFO  db.DBStoreBuilder (DBStoreBuilder.java:addTable(117)) - using custom profile for table: prefixTable
2019-10-13 09:54:32,387 [main] INFO  db.DBStoreBuilder (DBStoreBuilder.java:processTables(168)) - Using default column profile:DBProfile.DISK for Table:prefixTable
2019-10-13 09:54:32,387 [main] INFO  db.DBStoreBuilder (DBStoreBuilder.java:addTable(117)) - using custom profile for table: default
2019-10-13 09:54:32,387 [main] INFO  db.DBStoreBuilder (DBStoreBuilder.java:processTables(174)) - Using default column profile:DBProfile.DISK for Table:default
2019-10-13 09:54:32,387 [main] INFO  db.DBStoreBuilder (DBStoreBuilder.java:getDbProfile(205)) - Using default options. DBProfile.DISK
2019-10-13 09:54:33,228 [main] INFO  ipc.CallQueueManager (CallQueueManager.java:<init>(84)) - Using callQueue: class java.util.concurrent.LinkedBlockingQueue, queueCapacity: 2000, scheduler: class org.apache.hadoop.ipc.DefaultRpcScheduler, ipcBackoff: false.
2019-10-13 09:54:33,229 [Socket Reader #1 for port 34935] INFO  ipc.Server (Server.java:run(1074)) - Starting Socket Reader #1 for port 34935
2019-10-13 09:54:33,253 [main] INFO  om.OzoneManager (OzoneManager.java:start(1071)) - OzoneManager RPC server is listening at localhost/127.0.0.1:34935
2019-10-13 09:54:33,254 [main] INFO  impl.MetricsSystemImpl (MetricsSystemImpl.java:init(158)) - OzoneManager metrics system started (again)
2019-10-13 09:54:33,264 [IPC Server Responder] INFO  ipc.Server (Server.java:run(1314)) - IPC Server Responder: starting
2019-10-13 09:54:33,265 [IPC Server listener on 34935] INFO  ipc.Server (Server.java:run(1153)) - IPC Server listener on 34935: starting
2019-10-13 09:54:33,271 [main] INFO  hdfs.DFSUtil (DFSUtil.java:httpServerTemplateForNNAndJN(1641)) - Starting Web-server for ozoneManager at: http://0.0.0.0:0
2019-10-13 09:54:33,274 [main] INFO  server.AuthenticationFilter (AuthenticationFilter.java:constructSecretProvider(240)) - Unable to initialize FileSignerSecretProvider, falling back to use random secrets.
2019-10-13 09:54:33,275 [main] WARN  http.HttpRequestLog (HttpRequestLog.java:getRequestLog(97)) - Jetty request log can only be enabled using Log4j
2019-10-13 09:54:33,278 [main] INFO  http.HttpServer2 (HttpServer2.java:addGlobalFilter(975)) - Added global filter 'safety' (class=org.apache.hadoop.http.HttpServer2$QuotingInputFilter)
2019-10-13 09:54:33,280 [main] INFO  http.HttpServer2 (HttpServer2.java:addFilter(948)) - Added filter static_user_filter (class=org.apache.hadoop.http.lib.StaticUserWebFilter$StaticUserFilter) to context ozoneManager
2019-10-13 09:54:33,280 [main] INFO  http.HttpServer2 (HttpServer2.java:addFilter(958)) - Added filter static_user_filter (class=org.apache.hadoop.http.lib.StaticUserWebFilter$StaticUserFilter) to context logs
2019-10-13 09:54:33,281 [main] INFO  http.HttpServer2 (HttpServer2.java:addFilter(958)) - Added filter static_user_filter (class=org.apache.hadoop.http.lib.StaticUserWebFilter$StaticUserFilter) to context static
2019-10-13 09:54:33,284 [main] INFO  http.HttpServer2 (HttpServer2.java:bindListener(1191)) - Jetty bound to port 46565
2019-10-13 09:54:33,285 [main] INFO  server.Server (Server.java:doStart(351)) - jetty-9.3.25.v20180904, build timestamp: 2018-09-04T21:11:46Z, git hash: 3ce520221d0240229c862b122d2b06c12a625732
2019-10-13 09:54:33,287 [main] INFO  handler.ContextHandler (ContextHandler.java:doStart(781)) - Started o.e.j.s.ServletContextHandler@49aa766b{/logs,file:///workdir/hadoop-ozone/integration-test/target/log,AVAILABLE}
2019-10-13 09:54:33,288 [main] INFO  handler.ContextHandler (ContextHandler.java:doStart(781)) - Started o.e.j.s.ServletContextHandler@65004ff6{/static,file:///workdir/hadoop-ozone/integration-test/target/test-classes/webapps/static,AVAILABLE}
2019-10-13 09:54:33,296 [main] INFO  handler.ContextHandler (ContextHandler.java:doStart(781)) - Started o.e.j.w.WebAppContext@4158debd{/,file:///workdir/hadoop-ozone/integration-test/target/test-classes/webapps/ozoneManager/,AVAILABLE}{/ozoneManager}
2019-10-13 09:54:33,298 [main] INFO  server.AbstractConnector (AbstractConnector.java:doStart(278)) - Started ServerConnector@af78c87{HTTP/1.1,[http/1.1]}{0.0.0.0:46565}
2019-10-13 09:54:33,299 [main] INFO  server.Server (Server.java:doStart(419)) - Started @4985ms
2019-10-13 09:54:33,299 [main] WARN  impl.MetricsSystemImpl (MetricsSystemImpl.java:register(276)) - Sink prometheus already exists!
2019-10-13 09:54:33,300 [main] INFO  server.BaseHttpServer (BaseHttpServer.java:updateConnectorAddress(215)) - HTTP server of OZONEMANAGER is listening at http://0.0.0.0:46565
2019-10-13 09:54:33,572 [main] INFO  impl.MetricsSystemImpl (MetricsSystemImpl.java:init(158)) - HddsDatanode metrics system started (again)
2019-10-13 09:54:33,616 [main] INFO  ozone.HddsDatanodeService (HddsDatanodeService.java:start(184)) - HddsDatanodeService host:pr-hdds2071-28zjt-764321718 ip:192.168.164.225
2019-10-13 09:54:33,646 [main] INFO  volume.HddsVolume (HddsVolume.java:<init>(176)) - Creating Volume: /workdir/hadoop-ozone/integration-test/target/test-dir/MiniOzoneClusterImpl-b87b1354-fc2a-4731-a682-e66a18681be7/datanode-0/data/containers/hdds of  storage type : DISK and capacity : 1482555576320
2019-10-13 09:54:33,648 [main] INFO  volume.VolumeSet (VolumeSet.java:initializeVolumeSet(170)) - Added Volume : /workdir/hadoop-ozone/integration-test/target/test-dir/MiniOzoneClusterImpl-b87b1354-fc2a-4731-a682-e66a18681be7/datanode-0/data/containers/hdds to VolumeSet
2019-10-13 09:54:33,651 [main] INFO  volume.ThrottledAsyncChecker (ThrottledAsyncChecker.java:schedule(141)) - Scheduling a check for org.apache.hadoop.ozone.container.common.volume.HddsVolume@2764c546
2019-10-13 09:54:33,667 [main] INFO  volume.HddsVolumeChecker (HddsVolumeChecker.java:checkAllVolumes(204)) - Scheduled health check for volume org.apache.hadoop.ozone.container.common.volume.HddsVolume@2764c546
2019-10-13 09:54:33,784 [main] INFO  impl.RaftServerProxy (ConfUtils.java:logGet(43)) - raft.rpc.type = GRPC (default)
2019-10-13 09:54:33,851 [main] INFO  grpc.GrpcFactory (GrpcFactory.java:checkPooledByteBufAllocatorUseCacheForAllThreads(45)) - PERFORMANCE WARNING: useCacheForAllThreads is true that may cause Netty to create a lot garbage objects and, as a result, trigger GC.
	It is recommended to disable useCacheForAllThreads by setting -Dorg.apache.ratis.thirdparty.io.netty.allocator.useCacheForAllThreads=false in command line.
2019-10-13 09:54:33,855 [main] INFO  grpc.GrpcConfigKeys$Server (ConfUtils.java:logGet(43)) - raft.grpc.server.port = 0 (default)
2019-10-13 09:54:33,856 [main] INFO  server.GrpcService (ConfUtils.java:logGet(43)) - raft.grpc.message.size.max = 33570816 (custom)
2019-10-13 09:54:33,858 [main] INFO  server.RaftServerConfigKeys (ConfUtils.java:logGet(43)) - raft.server.log.appender.buffer.byte-limit = 33554432 (custom)
2019-10-13 09:54:33,858 [main] INFO  server.GrpcService (ConfUtils.java:logGet(43)) - raft.grpc.flow.control.window = 1MB (=1048576) (default)
2019-10-13 09:54:33,859 [main] INFO  server.RaftServerConfigKeys (ConfUtils.java:logGet(43)) - raft.server.rpc.request.timeout = 3000ms (default)
2019-10-13 09:54:34,015 [main] INFO  server.RaftServerConfigKeys (ConfUtils.java:logGet(43)) - raft.server.storage.dir = [/workdir/hadoop-ozone/integration-test/target/test-dir/MiniOzoneClusterImpl-b87b1354-fc2a-4731-a682-e66a18681be7/datanode-0/data/ratis] (custom)
2019-10-13 09:54:34,062 [main] INFO  hdfs.DFSUtil (DFSUtil.java:httpServerTemplateForNNAndJN(1641)) - Starting Web-server for hddsDatanode at: http://0.0.0.0:0
2019-10-13 09:54:34,064 [main] INFO  server.AuthenticationFilter (AuthenticationFilter.java:constructSecretProvider(240)) - Unable to initialize FileSignerSecretProvider, falling back to use random secrets.
2019-10-13 09:54:34,065 [main] WARN  http.HttpRequestLog (HttpRequestLog.java:getRequestLog(97)) - Jetty request log can only be enabled using Log4j
2019-10-13 09:54:34,067 [main] INFO  http.HttpServer2 (HttpServer2.java:addGlobalFilter(975)) - Added global filter 'safety' (class=org.apache.hadoop.http.HttpServer2$QuotingInputFilter)
2019-10-13 09:54:34,068 [main] INFO  http.HttpServer2 (HttpServer2.java:addFilter(948)) - Added filter static_user_filter (class=org.apache.hadoop.http.lib.StaticUserWebFilter$StaticUserFilter) to context hddsDatanode
2019-10-13 09:54:34,068 [main] INFO  http.HttpServer2 (HttpServer2.java:addFilter(958)) - Added filter static_user_filter (class=org.apache.hadoop.http.lib.StaticUserWebFilter$StaticUserFilter) to context logs
2019-10-13 09:54:34,068 [main] INFO  http.HttpServer2 (HttpServer2.java:addFilter(958)) - Added filter static_user_filter (class=org.apache.hadoop.http.lib.StaticUserWebFilter$StaticUserFilter) to context static
2019-10-13 09:54:34,070 [main] INFO  http.HttpServer2 (HttpServer2.java:bindListener(1191)) - Jetty bound to port 39933
2019-10-13 09:54:34,070 [main] INFO  server.Server (Server.java:doStart(351)) - jetty-9.3.25.v20180904, build timestamp: 2018-09-04T21:11:46Z, git hash: 3ce520221d0240229c862b122d2b06c12a625732
2019-10-13 09:54:34,073 [main] INFO  handler.ContextHandler (ContextHandler.java:doStart(781)) - Started o.e.j.s.ServletContextHandler@75ae4a1f{/logs,file:///workdir/hadoop-ozone/integration-test/target/log,AVAILABLE}
2019-10-13 09:54:34,073 [main] INFO  handler.ContextHandler (ContextHandler.java:doStart(781)) - Started o.e.j.s.ServletContextHandler@63c12e52{/static,jar:file:/home/user/.m2/repository/org/apache/hadoop/hadoop-hdds-container-service/0.5.0-SNAPSHOT/hadoop-hdds-container-service-0.5.0-SNAPSHOT.jar!/webapps/static,AVAILABLE}
2019-10-13 09:54:34,123 [main] INFO  handler.ContextHandler (ContextHandler.java:doStart(781)) - Started o.e.j.w.WebAppContext@646c0a67{/,file:///tmp/jetty-0.0.0.0-39933-hddsDatanode-_-any-1176367409450171317.dir/webapp/,AVAILABLE}{/hddsDatanode}
2019-10-13 09:54:34,124 [main] INFO  server.AbstractConnector (AbstractConnector.java:doStart(278)) - Started ServerConnector@3804a9a8{HTTP/1.1,[http/1.1]}{0.0.0.0:39933}
2019-10-13 09:54:34,125 [main] INFO  server.Server (Server.java:doStart(419)) - Started @5812ms
2019-10-13 09:54:34,126 [main] WARN  impl.MetricsSystemImpl (MetricsSystemImpl.java:register(276)) - Sink prometheus already exists!
2019-10-13 09:54:34,127 [main] INFO  server.BaseHttpServer (BaseHttpServer.java:updateConnectorAddress(215)) - HTTP server of HDDSDATANODE is listening at http://0.0.0.0:39933
2019-10-13 09:54:34,129 [main] INFO  impl.MetricsSystemImpl (MetricsSystemImpl.java:init(158)) - HddsDatanode metrics system started (again)
2019-10-13 09:54:34,135 [main] INFO  ozone.HddsDatanodeService (HddsDatanodeService.java:start(184)) - HddsDatanodeService host:pr-hdds2071-28zjt-764321718 ip:192.168.164.225
2019-10-13 09:54:34,135 [org.apache.hadoop.util.JvmPauseMonitor$Monitor@58fa9892] INFO  util.JvmPauseMonitor (JvmPauseMonitor.java:run(188)) - Starting JVM pause monitor
2019-10-13 09:54:34,158 [main] INFO  volume.HddsVolume (HddsVolume.java:<init>(176)) - Creating Volume: /workdir/hadoop-ozone/integration-test/target/test-dir/MiniOzoneClusterImpl-b87b1354-fc2a-4731-a682-e66a18681be7/datanode-1/data/containers/hdds of  storage type : DISK and capacity : 1482555576320
2019-10-13 09:54:34,159 [main] INFO  volume.VolumeSet (VolumeSet.java:initializeVolumeSet(170)) - Added Volume : /workdir/hadoop-ozone/integration-test/target/test-dir/MiniOzoneClusterImpl-b87b1354-fc2a-4731-a682-e66a18681be7/datanode-1/data/containers/hdds to VolumeSet
2019-10-13 09:54:34,159 [main] INFO  volume.ThrottledAsyncChecker (ThrottledAsyncChecker.java:schedule(141)) - Scheduling a check for org.apache.hadoop.ozone.container.common.volume.HddsVolume@1e7ab390
2019-10-13 09:54:34,162 [main] INFO  volume.HddsVolumeChecker (HddsVolumeChecker.java:checkAllVolumes(204)) - Scheduled health check for volume org.apache.hadoop.ozone.container.common.volume.HddsVolume@1e7ab390
2019-10-13 09:54:34,191 [main] INFO  impl.RaftServerProxy (ConfUtils.java:logGet(43)) - raft.rpc.type = GRPC (default)
2019-10-13 09:54:34,192 [main] INFO  grpc.GrpcFactory (GrpcFactory.java:checkPooledByteBufAllocatorUseCacheForAllThreads(45)) - PERFORMANCE WARNING: useCacheForAllThreads is true that may cause Netty to create a lot garbage objects and, as a result, trigger GC.
	It is recommended to disable useCacheForAllThreads by setting -Dorg.apache.ratis.thirdparty.io.netty.allocator.useCacheForAllThreads=false in command line.
2019-10-13 09:54:34,192 [main] INFO  grpc.GrpcConfigKeys$Server (ConfUtils.java:logGet(43)) - raft.grpc.server.port = 0 (default)
2019-10-13 09:54:34,193 [main] INFO  server.GrpcService (ConfUtils.java:logGet(43)) - raft.grpc.message.size.max = 33570816 (custom)
2019-10-13 09:54:34,193 [main] INFO  server.RaftServerConfigKeys (ConfUtils.java:logGet(43)) - raft.server.log.appender.buffer.byte-limit = 33554432 (custom)
2019-10-13 09:54:34,194 [main] INFO  server.GrpcService (ConfUtils.java:logGet(43)) - raft.grpc.flow.control.window = 1MB (=1048576) (default)
2019-10-13 09:54:34,194 [main] INFO  server.RaftServerConfigKeys (ConfUtils.java:logGet(43)) - raft.server.rpc.request.timeout = 3000ms (default)
2019-10-13 09:54:34,195 [main] INFO  server.RaftServerConfigKeys (ConfUtils.java:logGet(43)) - raft.server.storage.dir = [/workdir/hadoop-ozone/integration-test/target/test-dir/MiniOzoneClusterImpl-b87b1354-fc2a-4731-a682-e66a18681be7/datanode-1/data/ratis] (custom)
2019-10-13 09:54:34,198 [main] INFO  hdfs.DFSUtil (DFSUtil.java:httpServerTemplateForNNAndJN(1641)) - Starting Web-server for hddsDatanode at: http://0.0.0.0:0
2019-10-13 09:54:34,200 [main] INFO  server.AuthenticationFilter (AuthenticationFilter.java:constructSecretProvider(240)) - Unable to initialize FileSignerSecretProvider, falling back to use random secrets.
2019-10-13 09:54:34,201 [main] WARN  http.HttpRequestLog (HttpRequestLog.java:getRequestLog(97)) - Jetty request log can only be enabled using Log4j
2019-10-13 09:54:34,203 [main] INFO  http.HttpServer2 (HttpServer2.java:addGlobalFilter(975)) - Added global filter 'safety' (class=org.apache.hadoop.http.HttpServer2$QuotingInputFilter)
2019-10-13 09:54:34,205 [main] INFO  http.HttpServer2 (HttpServer2.java:addFilter(948)) - Added filter static_user_filter (class=org.apache.hadoop.http.lib.StaticUserWebFilter$StaticUserFilter) to context hddsDatanode
2019-10-13 09:54:34,205 [main] INFO  http.HttpServer2 (HttpServer2.java:addFilter(958)) - Added filter static_user_filter (class=org.apache.hadoop.http.lib.StaticUserWebFilter$StaticUserFilter) to context logs
2019-10-13 09:54:34,205 [main] INFO  http.HttpServer2 (HttpServer2.java:addFilter(958)) - Added filter static_user_filter (class=org.apache.hadoop.http.lib.StaticUserWebFilter$StaticUserFilter) to context static
2019-10-13 09:54:34,207 [main] INFO  http.HttpServer2 (HttpServer2.java:bindListener(1191)) - Jetty bound to port 36870
2019-10-13 09:54:34,207 [main] INFO  server.Server (Server.java:doStart(351)) - jetty-9.3.25.v20180904, build timestamp: 2018-09-04T21:11:46Z, git hash: 3ce520221d0240229c862b122d2b06c12a625732
2019-10-13 09:54:34,211 [main] INFO  handler.ContextHandler (ContextHandler.java:doStart(781)) - Started o.e.j.s.ServletContextHandler@3ee0b4f7{/logs,file:///workdir/hadoop-ozone/integration-test/target/log,AVAILABLE}
2019-10-13 09:54:34,212 [main] INFO  handler.ContextHandler (ContextHandler.java:doStart(781)) - Started o.e.j.s.ServletContextHandler@4d41ba0f{/static,jar:file:/home/user/.m2/repository/org/apache/hadoop/hadoop-hdds-container-service/0.5.0-SNAPSHOT/hadoop-hdds-container-service-0.5.0-SNAPSHOT.jar!/webapps/static,AVAILABLE}
2019-10-13 09:54:34,242 [main] INFO  handler.ContextHandler (ContextHandler.java:doStart(781)) - Started o.e.j.w.WebAppContext@7baf1f5a{/,file:///tmp/jetty-0.0.0.0-36870-hddsDatanode-_-any-6083476727090426704.dir/webapp/,AVAILABLE}{/hddsDatanode}
2019-10-13 09:54:34,244 [main] INFO  server.AbstractConnector (AbstractConnector.java:doStart(278)) - Started ServerConnector@6cc86152{HTTP/1.1,[http/1.1]}{0.0.0.0:36870}
2019-10-13 09:54:34,245 [main] INFO  server.Server (Server.java:doStart(419)) - Started @5932ms
2019-10-13 09:54:34,245 [main] WARN  impl.MetricsSystemImpl (MetricsSystemImpl.java:register(276)) - Sink prometheus already exists!
2019-10-13 09:54:34,247 [main] INFO  server.BaseHttpServer (BaseHttpServer.java:updateConnectorAddress(215)) - HTTP server of HDDSDATANODE is listening at http://0.0.0.0:36870
2019-10-13 09:54:34,247 [main] INFO  impl.MetricsSystemImpl (MetricsSystemImpl.java:init(158)) - HddsDatanode metrics system started (again)
2019-10-13 09:54:34,250 [org.apache.hadoop.util.JvmPauseMonitor$Monitor@b699980] INFO  util.JvmPauseMonitor (JvmPauseMonitor.java:run(188)) - Starting JVM pause monitor
2019-10-13 09:54:34,251 [main] INFO  ozone.HddsDatanodeService (HddsDatanodeService.java:start(184)) - HddsDatanodeService host:pr-hdds2071-28zjt-764321718 ip:192.168.164.225
2019-10-13 09:54:34,253 [Datanode State Machine Thread - 0] INFO  datanode.InitDatanodeState (InitDatanodeState.java:persistContainerDatanodeDetails(140)) - DatanodeDetails is persisted to /workdir/hadoop-ozone/integration-test/target/test-dir/MiniOzoneClusterImpl-b87b1354-fc2a-4731-a682-e66a18681be7/datanode-0/meta/datanode.id
2019-10-13 09:54:34,259 [main] INFO  volume.HddsVolume (HddsVolume.java:<init>(176)) - Creating Volume: /workdir/hadoop-ozone/integration-test/target/test-dir/MiniOzoneClusterImpl-b87b1354-fc2a-4731-a682-e66a18681be7/datanode-2/data/containers/hdds of  storage type : DISK and capacity : 1482555576320
2019-10-13 09:54:34,260 [main] INFO  volume.VolumeSet (VolumeSet.java:initializeVolumeSet(170)) - Added Volume : /workdir/hadoop-ozone/integration-test/target/test-dir/MiniOzoneClusterImpl-b87b1354-fc2a-4731-a682-e66a18681be7/datanode-2/data/containers/hdds to VolumeSet
2019-10-13 09:54:34,260 [Datanode State Machine Thread - 0] INFO  datanode.InitDatanodeState (InitDatanodeState.java:persistContainerDatanodeDetails(140)) - DatanodeDetails is persisted to /workdir/hadoop-ozone/integration-test/target/test-dir/MiniOzoneClusterImpl-b87b1354-fc2a-4731-a682-e66a18681be7/datanode-1/meta/datanode.id
2019-10-13 09:54:34,260 [main] INFO  volume.ThrottledAsyncChecker (ThrottledAsyncChecker.java:schedule(141)) - Scheduling a check for org.apache.hadoop.ozone.container.common.volume.HddsVolume@4b65d9f4
2019-10-13 09:54:34,261 [main] INFO  volume.HddsVolumeChecker (HddsVolumeChecker.java:checkAllVolumes(204)) - Scheduled health check for volume org.apache.hadoop.ozone.container.common.volume.HddsVolume@4b65d9f4
2019-10-13 09:54:34,274 [main] INFO  impl.RaftServerProxy (ConfUtils.java:logGet(43)) - raft.rpc.type = GRPC (default)
2019-10-13 09:54:34,274 [main] INFO  grpc.GrpcFactory (GrpcFactory.java:checkPooledByteBufAllocatorUseCacheForAllThreads(45)) - PERFORMANCE WARNING: useCacheForAllThreads is true that may cause Netty to create a lot garbage objects and, as a result, trigger GC.
	It is recommended to disable useCacheForAllThreads by setting -Dorg.apache.ratis.thirdparty.io.netty.allocator.useCacheForAllThreads=false in command line.
2019-10-13 09:54:34,274 [main] INFO  grpc.GrpcConfigKeys$Server (ConfUtils.java:logGet(43)) - raft.grpc.server.port = 0 (default)
2019-10-13 09:54:34,274 [main] INFO  server.GrpcService (ConfUtils.java:logGet(43)) - raft.grpc.message.size.max = 33570816 (custom)
2019-10-13 09:54:34,275 [main] INFO  server.RaftServerConfigKeys (ConfUtils.java:logGet(43)) - raft.server.log.appender.buffer.byte-limit = 33554432 (custom)
2019-10-13 09:54:34,275 [main] INFO  server.GrpcService (ConfUtils.java:logGet(43)) - raft.grpc.flow.control.window = 1MB (=1048576) (default)
2019-10-13 09:54:34,275 [main] INFO  server.RaftServerConfigKeys (ConfUtils.java:logGet(43)) - raft.server.rpc.request.timeout = 3000ms (default)
2019-10-13 09:54:34,276 [main] INFO  server.RaftServerConfigKeys (ConfUtils.java:logGet(43)) - raft.server.storage.dir = [/workdir/hadoop-ozone/integration-test/target/test-dir/MiniOzoneClusterImpl-b87b1354-fc2a-4731-a682-e66a18681be7/datanode-2/data/ratis] (custom)
2019-10-13 09:54:34,277 [main] INFO  hdfs.DFSUtil (DFSUtil.java:httpServerTemplateForNNAndJN(1641)) - Starting Web-server for hddsDatanode at: http://0.0.0.0:0
2019-10-13 09:54:34,279 [main] INFO  server.AuthenticationFilter (AuthenticationFilter.java:constructSecretProvider(240)) - Unable to initialize FileSignerSecretProvider, falling back to use random secrets.
2019-10-13 09:54:34,279 [main] WARN  http.HttpRequestLog (HttpRequestLog.java:getRequestLog(97)) - Jetty request log can only be enabled using Log4j
2019-10-13 09:54:34,280 [main] INFO  http.HttpServer2 (HttpServer2.java:addGlobalFilter(975)) - Added global filter 'safety' (class=org.apache.hadoop.http.HttpServer2$QuotingInputFilter)
2019-10-13 09:54:34,281 [main] INFO  http.HttpServer2 (HttpServer2.java:addFilter(948)) - Added filter static_user_filter (class=org.apache.hadoop.http.lib.StaticUserWebFilter$StaticUserFilter) to context hddsDatanode
2019-10-13 09:54:34,281 [main] INFO  http.HttpServer2 (HttpServer2.java:addFilter(958)) - Added filter static_user_filter (class=org.apache.hadoop.http.lib.StaticUserWebFilter$StaticUserFilter) to context logs
2019-10-13 09:54:34,281 [main] INFO  http.HttpServer2 (HttpServer2.java:addFilter(958)) - Added filter static_user_filter (class=org.apache.hadoop.http.lib.StaticUserWebFilter$StaticUserFilter) to context static
2019-10-13 09:54:34,282 [main] INFO  http.HttpServer2 (HttpServer2.java:bindListener(1191)) - Jetty bound to port 45914
2019-10-13 09:54:34,282 [main] INFO  server.Server (Server.java:doStart(351)) - jetty-9.3.25.v20180904, build timestamp: 2018-09-04T21:11:46Z, git hash: 3ce520221d0240229c862b122d2b06c12a625732
2019-10-13 09:54:34,284 [main] INFO  handler.ContextHandler (ContextHandler.java:doStart(781)) - Started o.e.j.s.ServletContextHandler@40e37b06{/logs,file:///workdir/hadoop-ozone/integration-test/target/log,AVAILABLE}
2019-10-13 09:54:34,284 [main] INFO  handler.ContextHandler (ContextHandler.java:doStart(781)) - Started o.e.j.s.ServletContextHandler@6dcc40f5{/static,jar:file:/home/user/.m2/repository/org/apache/hadoop/hadoop-hdds-container-service/0.5.0-SNAPSHOT/hadoop-hdds-container-service-0.5.0-SNAPSHOT.jar!/webapps/static,AVAILABLE}
2019-10-13 09:54:34,359 [main] INFO  handler.ContextHandler (ContextHandler.java:doStart(781)) - Started o.e.j.w.WebAppContext@6b1dc20f{/,file:///tmp/jetty-0.0.0.0-45914-hddsDatanode-_-any-5208451690765931663.dir/webapp/,AVAILABLE}{/hddsDatanode}
2019-10-13 09:54:34,360 [main] INFO  server.AbstractConnector (AbstractConnector.java:doStart(278)) - Started ServerConnector@4613311f{HTTP/1.1,[http/1.1]}{0.0.0.0:45914}
2019-10-13 09:54:34,361 [main] INFO  server.Server (Server.java:doStart(419)) - Started @6048ms
2019-10-13 09:54:34,361 [main] WARN  impl.MetricsSystemImpl (MetricsSystemImpl.java:register(276)) - Sink prometheus already exists!
2019-10-13 09:54:34,362 [main] INFO  server.BaseHttpServer (BaseHttpServer.java:updateConnectorAddress(215)) - HTTP server of HDDSDATANODE is listening at http://0.0.0.0:45914
2019-10-13 09:54:34,365 [main] INFO  ozone.MiniOzoneClusterImpl (MiniOzoneClusterImpl.java:lambda$waitForClusterToBeReady$0(147)) - Waiting for cluster to be ready. Got 0 of 3 DN Heartbeats.
2019-10-13 09:54:34,366 [org.apache.hadoop.util.JvmPauseMonitor$Monitor@37201648] INFO  util.JvmPauseMonitor (JvmPauseMonitor.java:run(188)) - Starting JVM pause monitor
2019-10-13 09:54:34,368 [Datanode State Machine Thread - 0] INFO  datanode.InitDatanodeState (InitDatanodeState.java:persistContainerDatanodeDetails(140)) - DatanodeDetails is persisted to /workdir/hadoop-ozone/integration-test/target/test-dir/MiniOzoneClusterImpl-b87b1354-fc2a-4731-a682-e66a18681be7/datanode-2/meta/datanode.id
2019-10-13 09:54:35,366 [main] INFO  ozone.MiniOzoneClusterImpl (MiniOzoneClusterImpl.java:lambda$waitForClusterToBeReady$0(147)) - Waiting for cluster to be ready. Got 0 of 3 DN Heartbeats.
2019-10-13 09:54:36,239 [Datanode State Machine Thread - 0] INFO  ozoneimpl.OzoneContainer (OzoneContainer.java:start(213)) - Attempting to start container services.
2019-10-13 09:54:36,243 [Datanode State Machine Thread - 0] INFO  ozoneimpl.OzoneContainer (OzoneContainer.java:startContainerScrub(177)) - Background container scanner has been disabled.
2019-10-13 09:54:36,244 [Datanode State Machine Thread - 0] INFO  ratis.XceiverServerRatis (XceiverServerRatis.java:start(418)) - Starting XceiverServerRatis 7e79c924-bd52-47e6-b840-dab7499902e6 at port 0
2019-10-13 09:54:36,273 [Datanode State Machine Thread - 0] INFO  impl.RaftServerProxy (RaftServerProxy.java:lambda$start$3(299)) - 7e79c924-bd52-47e6-b840-dab7499902e6: start RPC server
2019-10-13 09:54:36,280 [Datanode State Machine Thread - 0] INFO  ozoneimpl.OzoneContainer (OzoneContainer.java:start(213)) - Attempting to start container services.
2019-10-13 09:54:36,288 [Datanode State Machine Thread - 0] INFO  ozoneimpl.OzoneContainer (OzoneContainer.java:startContainerScrub(177)) - Background container scanner has been disabled.
2019-10-13 09:54:36,288 [Datanode State Machine Thread - 0] INFO  ratis.XceiverServerRatis (XceiverServerRatis.java:start(418)) - Starting XceiverServerRatis 029fee23-2087-430f-9704-5b8d11793c8d at port 0
2019-10-13 09:54:36,297 [Datanode State Machine Thread - 0] INFO  impl.RaftServerProxy (RaftServerProxy.java:lambda$start$3(299)) - 029fee23-2087-430f-9704-5b8d11793c8d: start RPC server
2019-10-13 09:54:36,368 [main] INFO  ozone.MiniOzoneClusterImpl (MiniOzoneClusterImpl.java:lambda$waitForClusterToBeReady$0(147)) - Waiting for cluster to be ready. Got 0 of 3 DN Heartbeats.
2019-10-13 09:54:36,392 [Datanode State Machine Thread - 0] INFO  ozoneimpl.OzoneContainer (OzoneContainer.java:start(213)) - Attempting to start container services.
2019-10-13 09:54:36,395 [Datanode State Machine Thread - 0] INFO  ozoneimpl.OzoneContainer (OzoneContainer.java:startContainerScrub(177)) - Background container scanner has been disabled.
2019-10-13 09:54:36,395 [Datanode State Machine Thread - 0] INFO  ratis.XceiverServerRatis (XceiverServerRatis.java:start(418)) - Starting XceiverServerRatis 0932c54c-dae2-4a30-acb6-82d05d8643cd at port 0
2019-10-13 09:54:36,403 [Datanode State Machine Thread - 0] INFO  impl.RaftServerProxy (RaftServerProxy.java:lambda$start$3(299)) - 0932c54c-dae2-4a30-acb6-82d05d8643cd: start RPC server
2019-10-13 09:54:36,440 [Datanode State Machine Thread - 0] INFO  server.GrpcService (GrpcService.java:startImpl(158)) - 7e79c924-bd52-47e6-b840-dab7499902e6: GrpcService started, listening on 0.0.0.0/0.0.0.0:35545
2019-10-13 09:54:36,440 [Datanode State Machine Thread - 0] INFO  server.GrpcService (GrpcService.java:startImpl(158)) - 029fee23-2087-430f-9704-5b8d11793c8d: GrpcService started, listening on 0.0.0.0/0.0.0.0:34603
2019-10-13 09:54:36,440 [Datanode State Machine Thread - 0] INFO  server.GrpcService (GrpcService.java:startImpl(158)) - 0932c54c-dae2-4a30-acb6-82d05d8643cd: GrpcService started, listening on 0.0.0.0/0.0.0.0:39524
2019-10-13 09:54:36,441 [Datanode State Machine Thread - 0] INFO  ratis.XceiverServerRatis (XceiverServerRatis.java:start(428)) - XceiverServerRatis 029fee23-2087-430f-9704-5b8d11793c8d is started using port 34603
2019-10-13 09:54:36,441 [Datanode State Machine Thread - 0] INFO  ratis.XceiverServerRatis (XceiverServerRatis.java:start(428)) - XceiverServerRatis 7e79c924-bd52-47e6-b840-dab7499902e6 is started using port 35545
2019-10-13 09:54:36,441 [Datanode State Machine Thread - 0] INFO  ratis.XceiverServerRatis (XceiverServerRatis.java:start(428)) - XceiverServerRatis 0932c54c-dae2-4a30-acb6-82d05d8643cd is started using port 39524
2019-10-13 09:54:36,449 [Datanode State Machine Thread - 0] INFO  server.XceiverServerGrpc (XceiverServerGrpc.java:start(149)) - XceiverServerGrpc 0932c54c-dae2-4a30-acb6-82d05d8643cd is started using port 35972
2019-10-13 09:54:36,449 [Datanode State Machine Thread - 0] INFO  server.XceiverServerGrpc (XceiverServerGrpc.java:start(149)) - XceiverServerGrpc 029fee23-2087-430f-9704-5b8d11793c8d is started using port 41552
2019-10-13 09:54:36,449 [Datanode State Machine Thread - 0] INFO  server.XceiverServerGrpc (XceiverServerGrpc.java:start(149)) - XceiverServerGrpc 7e79c924-bd52-47e6-b840-dab7499902e6 is started using port 40187
2019-10-13 09:54:37,369 [main] INFO  ozone.MiniOzoneClusterImpl (MiniOzoneClusterImpl.java:lambda$waitForClusterToBeReady$0(147)) - Waiting for cluster to be ready. Got 0 of 3 DN Heartbeats.
2019-10-13 09:54:38,181 [IPC Server handler 18 on 39192] INFO  net.NetworkTopology (NetworkTopologyImpl.java:add(111)) - Added a new node: /default-rack/7e79c924-bd52-47e6-b840-dab7499902e6
2019-10-13 09:54:38,183 [IPC Server handler 18 on 39192] INFO  node.SCMNodeManager (SCMNodeManager.java:register(267)) - Registered Data node : 7e79c924-bd52-47e6-b840-dab7499902e6{ip: 192.168.164.225, host: pr-hdds2071-28zjt-764321718, networkLocation: /default-rack, certSerialId: null}
2019-10-13 09:54:38,185 [EventQueue-NodeRegistrationContainerReportForDataNodeSafeModeRule] INFO  safemode.SCMSafeModeManager (DataNodeSafeModeRule.java:process(71)) - SCM in safe mode. 1 DataNodes registered, 1 required.
2019-10-13 09:54:38,185 [EventQueue-NodeRegistrationContainerReportForDataNodeSafeModeRule] INFO  safemode.SCMSafeModeManager (SCMSafeModeManager.java:validateSafeModeExitRules(177)) - ScmSafeModeManager, all rules are successfully validated
2019-10-13 09:54:38,186 [EventQueue-NodeRegistrationContainerReportForDataNodeSafeModeRule] INFO  safemode.SCMSafeModeManager (SCMSafeModeManager.java:exitSafeMode(193)) - SCM exiting safe mode.
2019-10-13 09:54:38,258 [IPC Server handler 15 on 39192] INFO  net.NetworkTopology (NetworkTopologyImpl.java:add(111)) - Added a new node: /default-rack/029fee23-2087-430f-9704-5b8d11793c8d
2019-10-13 09:54:38,258 [IPC Server handler 15 on 39192] INFO  node.SCMNodeManager (SCMNodeManager.java:register(267)) - Registered Data node : 029fee23-2087-430f-9704-5b8d11793c8d{ip: 192.168.164.225, host: pr-hdds2071-28zjt-764321718, networkLocation: /default-rack, certSerialId: null}
2019-10-13 09:54:38,370 [main] INFO  ozone.MiniOzoneClusterImpl (MiniOzoneClusterImpl.java:lambda$waitForClusterToBeReady$0(147)) - Waiting for cluster to be ready. Got 2 of 3 DN Heartbeats.
2019-10-13 09:54:38,373 [IPC Server handler 17 on 39192] INFO  net.NetworkTopology (NetworkTopologyImpl.java:add(111)) - Added a new node: /default-rack/0932c54c-dae2-4a30-acb6-82d05d8643cd
2019-10-13 09:54:38,373 [IPC Server handler 17 on 39192] INFO  node.SCMNodeManager (SCMNodeManager.java:register(267)) - Registered Data node : 0932c54c-dae2-4a30-acb6-82d05d8643cd{ip: 192.168.164.225, host: pr-hdds2071-28zjt-764321718, networkLocation: /default-rack, certSerialId: null}
2019-10-13 09:54:38,642 [grpc-default-executor-0] INFO  impl.RaftServerProxy (RaftServerProxy.java:addNew(89)) - 7e79c924-bd52-47e6-b840-dab7499902e6: addNew group-5C9D625368F6:[7e79c924-bd52-47e6-b840-dab7499902e6:192.168.164.225:35545] returns group-5C9D625368F6:java.util.concurrent.CompletableFuture@7e59c2af[Not completed]
2019-10-13 09:54:38,657 [pool-27-thread-1] INFO  impl.RaftServerImpl (RaftServerImpl.java:<init>(95)) - 7e79c924-bd52-47e6-b840-dab7499902e6: new RaftServerImpl for group-5C9D625368F6:[7e79c924-bd52-47e6-b840-dab7499902e6:192.168.164.225:35545] with ContainerStateMachine:uninitialized
2019-10-13 09:54:38,661 [pool-27-thread-1] INFO  server.RaftServerConfigKeys (ConfUtils.java:logGet(43)) - raft.server.rpc.timeout.min = 5s (custom)
2019-10-13 09:54:38,662 [pool-27-thread-1] INFO  server.RaftServerConfigKeys (ConfUtils.java:logGet(43)) - raft.server.rpc.timeout.max = 5200ms (custom)
2019-10-13 09:54:38,662 [pool-27-thread-1] INFO  server.RaftServerConfigKeys (ConfUtils.java:logGet(43)) - raft.server.rpcslowness.timeout = 120s (custom)
2019-10-13 09:54:38,663 [pool-27-thread-1] INFO  server.RaftServerConfigKeys (ConfUtils.java:logGet(43)) - raft.server.sleep.deviation.threshold = 300 (default)
2019-10-13 09:54:38,664 [pool-27-thread-1] INFO  server.RaftServerConfigKeys (ConfUtils.java:logGet(43)) - raft.server.log.appender.install.snapshot.enabled = false (custom)
2019-10-13 09:54:38,674 [pool-27-thread-1] INFO  impl.RaftServerImpl (ServerState.java:<init>(103)) - 7e79c924-bd52-47e6-b840-dab7499902e6@group-5C9D625368F6: ConfigurationManager, init=-1: [7e79c924-bd52-47e6-b840-dab7499902e6:192.168.164.225:35545], old=null, confs=<EMPTY_MAP>
2019-10-13 09:54:38,674 [pool-27-thread-1] INFO  server.RaftServerConfigKeys (ConfUtils.java:logGet(43)) - raft.server.storage.dir = [/workdir/hadoop-ozone/integration-test/target/test-dir/MiniOzoneClusterImpl-b87b1354-fc2a-4731-a682-e66a18681be7/datanode-0/data/ratis] (custom)
2019-10-13 09:54:38,681 [pool-27-thread-1] INFO  server.RaftServerConfigKeys (ConfUtils.java:logGet(43)) - raft.server.log.corruption.policy = EXCEPTION (default)
2019-10-13 09:54:38,683 [pool-27-thread-1] INFO  storage.RaftStorageDirectory (RaftStorageDirectory.java:analyzeStorage(246)) - The storage directory /workdir/hadoop-ozone/integration-test/target/test-dir/MiniOzoneClusterImpl-b87b1354-fc2a-4731-a682-e66a18681be7/datanode-0/data/ratis/d0feec43-1495-494a-addf-5c9d625368f6 does not exist. Creating ...
2019-10-13 09:54:38,711 [pool-27-thread-1] INFO  storage.RaftStorageDirectory (RaftStorageDirectory.java:tryLock(328)) - Lock on /workdir/hadoop-ozone/integration-test/target/test-dir/MiniOzoneClusterImpl-b87b1354-fc2a-4731-a682-e66a18681be7/datanode-0/data/ratis/d0feec43-1495-494a-addf-5c9d625368f6/in_use.lock acquired by nodename 6782@pr-hdds2071-28zjt-764321718
2019-10-13 09:54:38,739 [pool-27-thread-1] INFO  storage.RaftStorage (RaftStorage.java:format(84)) - Storage directory /workdir/hadoop-ozone/integration-test/target/test-dir/MiniOzoneClusterImpl-b87b1354-fc2a-4731-a682-e66a18681be7/datanode-0/data/ratis/d0feec43-1495-494a-addf-5c9d625368f6 has been successfully formatted.
2019-10-13 09:54:38,743 [pool-27-thread-1] INFO  ratis.ContainerStateMachine (ContainerStateMachine.java:loadSnapshot(231)) - group-5C9D625368F6: The snapshot info is null. Setting the last applied indexto:(t:0, i:~)
2019-10-13 09:54:38,743 [pool-27-thread-1] INFO  server.RaftServerConfigKeys (ConfUtils.java:logGet(43)) - raft.server.notification.no-leader.timeout = 120s (custom)
2019-10-13 09:54:38,746 [pool-27-thread-1] INFO  server.RaftServerConfigKeys (ConfUtils.java:logGet(43)) - raft.server.log.use.memory = false (default)
2019-10-13 09:54:38,755 [pool-27-thread-1] INFO  server.RaftServerConfigKeys (ConfUtils.java:logGet(43)) - raft.server.log.purge.gap = 1000000 (custom)
2019-10-13 09:54:38,755 [pool-27-thread-1] INFO  server.RaftServerConfigKeys (ConfUtils.java:logGet(43)) - raft.server.log.appender.buffer.byte-limit = 33554432 (custom)
2019-10-13 09:54:38,758 [pool-27-thread-1] INFO  server.RaftServerConfigKeys (ConfUtils.java:logGet(43)) - raft.server.log.segment.size.max = 1048576 (custom)
2019-10-13 09:54:38,760 [pool-27-thread-1] INFO  impl.MetricsSystemImpl (MetricsSystemImpl.java:init(158)) - ratis metrics system started (again)
2019-10-13 09:54:38,765 [pool-27-thread-1] INFO  metrics.MetricRegistries (MetricRegistriesLoader.java:load(64)) - Loaded MetricRegistries class org.apache.ratis.metrics.impl.MetricRegistriesImpl
2019-10-13 09:54:38,808 [pool-27-thread-1] INFO  server.RaftServerConfigKeys (ConfUtils.java:logGet(43)) - raft.server.log.segment.cache.num.max = 2 (custom)
2019-10-13 09:54:38,814 [pool-27-thread-1] INFO  segmented.SegmentedRaftLogWorker (SegmentedRaftLogWorker.java:<init>(173)) - new 7e79c924-bd52-47e6-b840-dab7499902e6@group-5C9D625368F6-SegmentedRaftLogWorker for RaftStorage:Storage Directory /workdir/hadoop-ozone/integration-test/target/test-dir/MiniOzoneClusterImpl-b87b1354-fc2a-4731-a682-e66a18681be7/datanode-0/data/ratis/d0feec43-1495-494a-addf-5c9d625368f6
2019-10-13 09:54:38,815 [pool-27-thread-1] INFO  server.RaftServerConfigKeys (ConfUtils.java:logGet(43)) - raft.server.log.queue.byte-limit = 2147483647 (custom)
2019-10-13 09:54:38,815 [pool-27-thread-1] INFO  server.RaftServerConfigKeys (ConfUtils.java:logGet(43)) - raft.server.log.queue.element-limit = 1024 (custom)
2019-10-13 09:54:38,817 [pool-27-thread-1] INFO  server.RaftServerConfigKeys (ConfUtils.java:logGet(43)) - raft.server.log.segment.size.max = 1048576 (custom)
2019-10-13 09:54:38,817 [pool-27-thread-1] INFO  server.RaftServerConfigKeys (ConfUtils.java:logGet(43)) - raft.server.log.preallocated.size = 16384 (custom)
2019-10-13 09:54:38,818 [pool-27-thread-1] INFO  server.RaftServerConfigKeys (ConfUtils.java:logGet(43)) - raft.server.log.write.buffer.size = 33554432 (custom)
2019-10-13 09:54:38,818 [pool-27-thread-1] INFO  server.RaftServerConfigKeys (ConfUtils.java:logGet(43)) - raft.server.log.force.sync.num = 128 (default)
2019-10-13 09:54:38,819 [pool-27-thread-1] INFO  server.RaftServerConfigKeys (ConfUtils.java:logGet(43)) - raft.server.log.statemachine.data.sync = true (default)
2019-10-13 09:54:38,819 [pool-27-thread-1] INFO  server.RaftServerConfigKeys (ConfUtils.java:logGet(43)) - raft.server.log.statemachine.data.sync.timeout = 10s (default)
2019-10-13 09:54:38,820 [pool-27-thread-1] INFO  server.RaftServerConfigKeys (ConfUtils.java:logGet(43)) - raft.server.log.statemachine.data.sync.timeout.retry = -1 (default)
2019-10-13 09:54:38,832 [pool-27-thread-1] INFO  server.RaftServerConfigKeys (ConfUtils.java:logGet(43)) - raft.server.log.statemachine.data.caching.enabled = true (custom)
2019-10-13 09:54:38,837 [pool-27-thread-1] INFO  segmented.SegmentedRaftLogWorker (SegmentedRaftLogWorker.java:lambda$new$0(128)) - 7e79c924-bd52-47e6-b840-dab7499902e6@group-5C9D625368F6-SegmentedRaftLogWorker: flushIndex: setUnconditionally 0 -> -1
2019-10-13 09:54:38,841 [pool-27-thread-1] INFO  server.RaftServerConfigKeys (ConfUtils.java:logGet(43)) - raft.server.snapshot.auto.trigger.enabled = true (custom)
2019-10-13 09:54:38,842 [pool-27-thread-1] INFO  server.RaftServerConfigKeys (ConfUtils.java:logGet(43)) - raft.server.snapshot.auto.trigger.threshold = 10000 (custom)
2019-10-13 09:54:38,842 [pool-27-thread-1] INFO  server.RaftServerConfigKeys (ConfUtils.java:logGet(43)) - raft.server.snapshot.retention.file.num = 5 (custom)
2019-10-13 09:54:38,843 [pool-27-thread-1] INFO  server.RaftServerConfigKeys (ConfUtils.java:logGet(43)) - raft.server.retrycache.expirytime = 600000ms (custom)
2019-10-13 09:54:38,868 [pool-27-thread-1] INFO  impl.RaftServerImpl (RaftServerImpl.java:start(181)) - 7e79c924-bd52-47e6-b840-dab7499902e6@group-5C9D625368F6: start as a follower, conf=-1: [7e79c924-bd52-47e6-b840-dab7499902e6:192.168.164.225:35545], old=null
2019-10-13 09:54:38,869 [pool-27-thread-1] INFO  impl.RaftServerImpl (RaftServerImpl.java:setRole(170)) - 7e79c924-bd52-47e6-b840-dab7499902e6@group-5C9D625368F6: changes role from      null to FOLLOWER at term 0 for startAsFollower
2019-10-13 09:54:38,871 [pool-27-thread-1] INFO  impl.RoleInfo (RoleInfo.java:updateAndGet(143)) - 7e79c924-bd52-47e6-b840-dab7499902e6: start FollowerState
2019-10-13 09:54:38,872 [pool-27-thread-1] INFO  util.JmxRegister (JmxRegister.java:tryRegister(44)) - Successfully registered JMX Bean with object name Ratis:service=RaftServer,group=group-5C9D625368F6,id=7e79c924-bd52-47e6-b840-dab7499902e6
2019-10-13 09:54:38,950 [RatisPipelineUtilsThread] INFO  pipeline.PipelineStateManager (PipelineStateManager.java:addPipeline(56)) - Created pipeline Pipeline[ Id: d0feec43-1495-494a-addf-5c9d625368f6, Nodes: 7e79c924-bd52-47e6-b840-dab7499902e6{ip: 192.168.164.225, host: pr-hdds2071-28zjt-764321718, networkLocation: /default-rack, certSerialId: null}, Type:RATIS, Factor:ONE, State:OPEN]
2019-10-13 09:54:38,976 [grpc-default-executor-0] INFO  impl.RaftServerProxy (RaftServerProxy.java:addNew(89)) - 0932c54c-dae2-4a30-acb6-82d05d8643cd: addNew group-1ABDEC406A22:[0932c54c-dae2-4a30-acb6-82d05d8643cd:192.168.164.225:39524] returns group-1ABDEC406A22:java.util.concurrent.CompletableFuture@59f8b95b[Not completed]
2019-10-13 09:54:39,009 [pool-47-thread-1] INFO  impl.RaftServerImpl (RaftServerImpl.java:<init>(95)) - 0932c54c-dae2-4a30-acb6-82d05d8643cd: new RaftServerImpl for group-1ABDEC406A22:[0932c54c-dae2-4a30-acb6-82d05d8643cd:192.168.164.225:39524] with ContainerStateMachine:uninitialized
2019-10-13 09:54:39,011 [pool-47-thread-1] INFO  server.RaftServerConfigKeys (ConfUtils.java:logGet(43)) - raft.server.rpc.timeout.min = 5s (custom)
2019-10-13 09:54:39,011 [pool-47-thread-1] INFO  server.RaftServerConfigKeys (ConfUtils.java:logGet(43)) - raft.server.rpc.timeout.max = 5200ms (custom)
2019-10-13 09:54:39,011 [pool-47-thread-1] INFO  server.RaftServerConfigKeys (ConfUtils.java:logGet(43)) - raft.server.rpcslowness.timeout = 120s (custom)
2019-10-13 09:54:39,011 [pool-47-thread-1] INFO  server.RaftServerConfigKeys (ConfUtils.java:logGet(43)) - raft.server.sleep.deviation.threshold = 300 (default)
2019-10-13 09:54:39,012 [pool-47-thread-1] INFO  server.RaftServerConfigKeys (ConfUtils.java:logGet(43)) - raft.server.log.appender.install.snapshot.enabled = false (custom)
2019-10-13 09:54:39,012 [pool-47-thread-1] INFO  impl.RaftServerImpl (ServerState.java:<init>(103)) - 0932c54c-dae2-4a30-acb6-82d05d8643cd@group-1ABDEC406A22: ConfigurationManager, init=-1: [0932c54c-dae2-4a30-acb6-82d05d8643cd:192.168.164.225:39524], old=null, confs=<EMPTY_MAP>
2019-10-13 09:54:39,012 [pool-47-thread-1] INFO  server.RaftServerConfigKeys (ConfUtils.java:logGet(43)) - raft.server.storage.dir = [/workdir/hadoop-ozone/integration-test/target/test-dir/MiniOzoneClusterImpl-b87b1354-fc2a-4731-a682-e66a18681be7/datanode-2/data/ratis] (custom)
2019-10-13 09:54:39,013 [pool-47-thread-1] INFO  server.RaftServerConfigKeys (ConfUtils.java:logGet(43)) - raft.server.log.corruption.policy = EXCEPTION (default)
2019-10-13 09:54:39,013 [pool-47-thread-1] INFO  storage.RaftStorageDirectory (RaftStorageDirectory.java:analyzeStorage(246)) - The storage directory /workdir/hadoop-ozone/integration-test/target/test-dir/MiniOzoneClusterImpl-b87b1354-fc2a-4731-a682-e66a18681be7/datanode-2/data/ratis/ecf69ac6-0ee5-4a77-8e4e-1abdec406a22 does not exist. Creating ...
2019-10-13 09:54:39,037 [pool-47-thread-1] INFO  storage.RaftStorageDirectory (RaftStorageDirectory.java:tryLock(328)) - Lock on /workdir/hadoop-ozone/integration-test/target/test-dir/MiniOzoneClusterImpl-b87b1354-fc2a-4731-a682-e66a18681be7/datanode-2/data/ratis/ecf69ac6-0ee5-4a77-8e4e-1abdec406a22/in_use.lock acquired by nodename 6782@pr-hdds2071-28zjt-764321718
2019-10-13 09:54:39,061 [pool-47-thread-1] INFO  storage.RaftStorage (RaftStorage.java:format(84)) - Storage directory /workdir/hadoop-ozone/integration-test/target/test-dir/MiniOzoneClusterImpl-b87b1354-fc2a-4731-a682-e66a18681be7/datanode-2/data/ratis/ecf69ac6-0ee5-4a77-8e4e-1abdec406a22 has been successfully formatted.
2019-10-13 09:54:39,063 [pool-47-thread-1] INFO  ratis.ContainerStateMachine (ContainerStateMachine.java:loadSnapshot(231)) - group-1ABDEC406A22: The snapshot info is null. Setting the last applied indexto:(t:0, i:~)
2019-10-13 09:54:39,064 [pool-47-thread-1] INFO  server.RaftServerConfigKeys (ConfUtils.java:logGet(43)) - raft.server.notification.no-leader.timeout = 120s (custom)
2019-10-13 09:54:39,065 [pool-47-thread-1] INFO  server.RaftServerConfigKeys (ConfUtils.java:logGet(43)) - raft.server.log.use.memory = false (default)
2019-10-13 09:54:39,065 [pool-47-thread-1] INFO  server.RaftServerConfigKeys (ConfUtils.java:logGet(43)) - raft.server.log.purge.gap = 1000000 (custom)
2019-10-13 09:54:39,065 [pool-47-thread-1] INFO  server.RaftServerConfigKeys (ConfUtils.java:logGet(43)) - raft.server.log.appender.buffer.byte-limit = 33554432 (custom)
2019-10-13 09:54:39,066 [pool-47-thread-1] INFO  server.RaftServerConfigKeys (ConfUtils.java:logGet(43)) - raft.server.log.segment.size.max = 1048576 (custom)
2019-10-13 09:54:39,072 [pool-47-thread-1] INFO  server.RaftServerConfigKeys (ConfUtils.java:logGet(43)) - raft.server.log.segment.cache.num.max = 2 (custom)
2019-10-13 09:54:39,072 [pool-47-thread-1] INFO  segmented.SegmentedRaftLogWorker (SegmentedRaftLogWorker.java:<init>(173)) - new 0932c54c-dae2-4a30-acb6-82d05d8643cd@group-1ABDEC406A22-SegmentedRaftLogWorker for RaftStorage:Storage Directory /workdir/hadoop-ozone/integration-test/target/test-dir/MiniOzoneClusterImpl-b87b1354-fc2a-4731-a682-e66a18681be7/datanode-2/data/ratis/ecf69ac6-0ee5-4a77-8e4e-1abdec406a22
2019-10-13 09:54:39,074 [pool-47-thread-1] INFO  server.RaftServerConfigKeys (ConfUtils.java:logGet(43)) - raft.server.log.queue.byte-limit = 2147483647 (custom)
2019-10-13 09:54:39,074 [pool-47-thread-1] INFO  server.RaftServerConfigKeys (ConfUtils.java:logGet(43)) - raft.server.log.queue.element-limit = 1024 (custom)
2019-10-13 09:54:39,074 [pool-47-thread-1] INFO  server.RaftServerConfigKeys (ConfUtils.java:logGet(43)) - raft.server.log.segment.size.max = 1048576 (custom)
2019-10-13 09:54:39,075 [pool-47-thread-1] INFO  server.RaftServerConfigKeys (ConfUtils.java:logGet(43)) - raft.server.log.preallocated.size = 16384 (custom)
2019-10-13 09:54:39,075 [pool-47-thread-1] INFO  server.RaftServerConfigKeys (ConfUtils.java:logGet(43)) - raft.server.log.write.buffer.size = 33554432 (custom)
2019-10-13 09:54:39,075 [pool-47-thread-1] INFO  server.RaftServerConfigKeys (ConfUtils.java:logGet(43)) - raft.server.log.force.sync.num = 128 (default)
2019-10-13 09:54:39,075 [pool-47-thread-1] INFO  server.RaftServerConfigKeys (ConfUtils.java:logGet(43)) - raft.server.log.statemachine.data.sync = true (default)
2019-10-13 09:54:39,076 [pool-47-thread-1] INFO  server.RaftServerConfigKeys (ConfUtils.java:logGet(43)) - raft.server.log.statemachine.data.sync.timeout = 10s (default)
2019-10-13 09:54:39,076 [pool-47-thread-1] INFO  server.RaftServerConfigKeys (ConfUtils.java:logGet(43)) - raft.server.log.statemachine.data.sync.timeout.retry = -1 (default)
2019-10-13 09:54:39,077 [pool-47-thread-1] INFO  server.RaftServerConfigKeys (ConfUtils.java:logGet(43)) - raft.server.log.statemachine.data.caching.enabled = true (custom)
2019-10-13 09:54:39,077 [pool-47-thread-1] INFO  segmented.SegmentedRaftLogWorker (SegmentedRaftLogWorker.java:lambda$new$0(128)) - 0932c54c-dae2-4a30-acb6-82d05d8643cd@group-1ABDEC406A22-SegmentedRaftLogWorker: flushIndex: setUnconditionally 0 -> -1
2019-10-13 09:54:39,078 [pool-47-thread-1] INFO  server.RaftServerConfigKeys (ConfUtils.java:logGet(43)) - raft.server.snapshot.auto.trigger.enabled = true (custom)
2019-10-13 09:54:39,078 [pool-47-thread-1] INFO  server.RaftServerConfigKeys (ConfUtils.java:logGet(43)) - raft.server.snapshot.auto.trigger.threshold = 10000 (custom)
2019-10-13 09:54:39,078 [pool-47-thread-1] INFO  server.RaftServerConfigKeys (ConfUtils.java:logGet(43)) - raft.server.snapshot.retention.file.num = 5 (custom)
2019-10-13 09:54:39,079 [pool-47-thread-1] INFO  server.RaftServerConfigKeys (ConfUtils.java:logGet(43)) - raft.server.retrycache.expirytime = 600000ms (custom)
2019-10-13 09:54:39,084 [pool-47-thread-1] INFO  impl.RaftServerImpl (RaftServerImpl.java:start(181)) - 0932c54c-dae2-4a30-acb6-82d05d8643cd@group-1ABDEC406A22: start as a follower, conf=-1: [0932c54c-dae2-4a30-acb6-82d05d8643cd:192.168.164.225:39524], old=null
2019-10-13 09:54:39,084 [pool-47-thread-1] INFO  impl.RaftServerImpl (RaftServerImpl.java:setRole(170)) - 0932c54c-dae2-4a30-acb6-82d05d8643cd@group-1ABDEC406A22: changes role from      null to FOLLOWER at term 0 for startAsFollower
2019-10-13 09:54:39,084 [pool-47-thread-1] INFO  impl.RoleInfo (RoleInfo.java:updateAndGet(143)) - 0932c54c-dae2-4a30-acb6-82d05d8643cd: start FollowerState
2019-10-13 09:54:39,086 [pool-47-thread-1] INFO  util.JmxRegister (JmxRegister.java:tryRegister(44)) - Successfully registered JMX Bean with object name Ratis:service=RaftServer,group=group-1ABDEC406A22,id=0932c54c-dae2-4a30-acb6-82d05d8643cd
2019-10-13 09:54:39,106 [RatisPipelineUtilsThread] INFO  pipeline.PipelineStateManager (PipelineStateManager.java:addPipeline(56)) - Created pipeline Pipeline[ Id: ecf69ac6-0ee5-4a77-8e4e-1abdec406a22, Nodes: 0932c54c-dae2-4a30-acb6-82d05d8643cd{ip: 192.168.164.225, host: pr-hdds2071-28zjt-764321718, networkLocation: /default-rack, certSerialId: null}, Type:RATIS, Factor:ONE, State:OPEN]
2019-10-13 09:54:39,128 [grpc-default-executor-0] INFO  impl.RaftServerProxy (RaftServerProxy.java:addNew(89)) - 029fee23-2087-430f-9704-5b8d11793c8d: addNew group-63B4F99A7DA9:[029fee23-2087-430f-9704-5b8d11793c8d:192.168.164.225:34603] returns group-63B4F99A7DA9:java.util.concurrent.CompletableFuture@22ad750c[Not completed]
2019-10-13 09:54:39,148 [pool-37-thread-1] INFO  impl.RaftServerImpl (RaftServerImpl.java:<init>(95)) - 029fee23-2087-430f-9704-5b8d11793c8d: new RaftServerImpl for group-63B4F99A7DA9:[029fee23-2087-430f-9704-5b8d11793c8d:192.168.164.225:34603] with ContainerStateMachine:uninitialized
2019-10-13 09:54:39,149 [pool-37-thread-1] INFO  server.RaftServerConfigKeys (ConfUtils.java:logGet(43)) - raft.server.rpc.timeout.min = 5s (custom)
2019-10-13 09:54:39,149 [pool-37-thread-1] INFO  server.RaftServerConfigKeys (ConfUtils.java:logGet(43)) - raft.server.rpc.timeout.max = 5200ms (custom)
2019-10-13 09:54:39,149 [pool-37-thread-1] INFO  server.RaftServerConfigKeys (ConfUtils.java:logGet(43)) - raft.server.rpcslowness.timeout = 120s (custom)
2019-10-13 09:54:39,149 [pool-37-thread-1] INFO  server.RaftServerConfigKeys (ConfUtils.java:logGet(43)) - raft.server.sleep.deviation.threshold = 300 (default)
2019-10-13 09:54:39,149 [pool-37-thread-1] INFO  server.RaftServerConfigKeys (ConfUtils.java:logGet(43)) - raft.server.log.appender.install.snapshot.enabled = false (custom)
2019-10-13 09:54:39,149 [pool-37-thread-1] INFO  impl.RaftServerImpl (ServerState.java:<init>(103)) - 029fee23-2087-430f-9704-5b8d11793c8d@group-63B4F99A7DA9: ConfigurationManager, init=-1: [029fee23-2087-430f-9704-5b8d11793c8d:192.168.164.225:34603], old=null, confs=<EMPTY_MAP>
2019-10-13 09:54:39,150 [pool-37-thread-1] INFO  server.RaftServerConfigKeys (ConfUtils.java:logGet(43)) - raft.server.storage.dir = [/workdir/hadoop-ozone/integration-test/target/test-dir/MiniOzoneClusterImpl-b87b1354-fc2a-4731-a682-e66a18681be7/datanode-1/data/ratis] (custom)
2019-10-13 09:54:39,150 [pool-37-thread-1] INFO  server.RaftServerConfigKeys (ConfUtils.java:logGet(43)) - raft.server.log.corruption.policy = EXCEPTION (default)
2019-10-13 09:54:39,150 [pool-37-thread-1] INFO  storage.RaftStorageDirectory (RaftStorageDirectory.java:analyzeStorage(246)) - The storage directory /workdir/hadoop-ozone/integration-test/target/test-dir/MiniOzoneClusterImpl-b87b1354-fc2a-4731-a682-e66a18681be7/datanode-1/data/ratis/8c7dbeb4-3a5b-4c5d-87ab-63b4f99a7da9 does not exist. Creating ...
2019-10-13 09:54:39,173 [pool-37-thread-1] INFO  storage.RaftStorageDirectory (RaftStorageDirectory.java:tryLock(328)) - Lock on /workdir/hadoop-ozone/integration-test/target/test-dir/MiniOzoneClusterImpl-b87b1354-fc2a-4731-a682-e66a18681be7/datanode-1/data/ratis/8c7dbeb4-3a5b-4c5d-87ab-63b4f99a7da9/in_use.lock acquired by nodename 6782@pr-hdds2071-28zjt-764321718
2019-10-13 09:54:39,196 [pool-37-thread-1] INFO  storage.RaftStorage (RaftStorage.java:format(84)) - Storage directory /workdir/hadoop-ozone/integration-test/target/test-dir/MiniOzoneClusterImpl-b87b1354-fc2a-4731-a682-e66a18681be7/datanode-1/data/ratis/8c7dbeb4-3a5b-4c5d-87ab-63b4f99a7da9 has been successfully formatted.
2019-10-13 09:54:39,197 [pool-37-thread-1] INFO  ratis.ContainerStateMachine (ContainerStateMachine.java:loadSnapshot(231)) - group-63B4F99A7DA9: The snapshot info is null. Setting the last applied indexto:(t:0, i:~)
2019-10-13 09:54:39,197 [pool-37-thread-1] INFO  server.RaftServerConfigKeys (ConfUtils.java:logGet(43)) - raft.server.notification.no-leader.timeout = 120s (custom)
2019-10-13 09:54:39,197 [pool-37-thread-1] INFO  server.RaftServerConfigKeys (ConfUtils.java:logGet(43)) - raft.server.log.use.memory = false (default)
2019-10-13 09:54:39,197 [pool-37-thread-1] INFO  server.RaftServerConfigKeys (ConfUtils.java:logGet(43)) - raft.server.log.purge.gap = 1000000 (custom)
2019-10-13 09:54:39,198 [pool-37-thread-1] INFO  server.RaftServerConfigKeys (ConfUtils.java:logGet(43)) - raft.server.log.appender.buffer.byte-limit = 33554432 (custom)
2019-10-13 09:54:39,198 [pool-37-thread-1] INFO  server.RaftServerConfigKeys (ConfUtils.java:logGet(43)) - raft.server.log.segment.size.max = 1048576 (custom)
2019-10-13 09:54:39,215 [pool-37-thread-1] INFO  server.RaftServerConfigKeys (ConfUtils.java:logGet(43)) - raft.server.log.segment.cache.num.max = 2 (custom)
2019-10-13 09:54:39,216 [pool-37-thread-1] INFO  segmented.SegmentedRaftLogWorker (SegmentedRaftLogWorker.java:<init>(173)) - new 029fee23-2087-430f-9704-5b8d11793c8d@group-63B4F99A7DA9-SegmentedRaftLogWorker for RaftStorage:Storage Directory /workdir/hadoop-ozone/integration-test/target/test-dir/MiniOzoneClusterImpl-b87b1354-fc2a-4731-a682-e66a18681be7/datanode-1/data/ratis/8c7dbeb4-3a5b-4c5d-87ab-63b4f99a7da9
2019-10-13 09:54:39,216 [pool-37-thread-1] INFO  server.RaftServerConfigKeys (ConfUtils.java:logGet(43)) - raft.server.log.queue.byte-limit = 2147483647 (custom)
2019-10-13 09:54:39,216 [pool-37-thread-1] INFO  server.RaftServerConfigKeys (ConfUtils.java:logGet(43)) - raft.server.log.queue.element-limit = 1024 (custom)
2019-10-13 09:54:39,216 [pool-37-thread-1] INFO  server.RaftServerConfigKeys (ConfUtils.java:logGet(43)) - raft.server.log.segment.size.max = 1048576 (custom)
2019-10-13 09:54:39,216 [pool-37-thread-1] INFO  server.RaftServerConfigKeys (ConfUtils.java:logGet(43)) - raft.server.log.preallocated.size = 16384 (custom)
2019-10-13 09:54:39,216 [pool-37-thread-1] INFO  server.RaftServerConfigKeys (ConfUtils.java:logGet(43)) - raft.server.log.write.buffer.size = 33554432 (custom)
2019-10-13 09:54:39,216 [pool-37-thread-1] INFO  server.RaftServerConfigKeys (ConfUtils.java:logGet(43)) - raft.server.log.force.sync.num = 128 (default)
2019-10-13 09:54:39,216 [pool-37-thread-1] INFO  server.RaftServerConfigKeys (ConfUtils.java:logGet(43)) - raft.server.log.statemachine.data.sync = true (default)
2019-10-13 09:54:39,217 [pool-37-thread-1] INFO  server.RaftServerConfigKeys (ConfUtils.java:logGet(43)) - raft.server.log.statemachine.data.sync.timeout = 10s (default)
2019-10-13 09:54:39,217 [pool-37-thread-1] INFO  server.RaftServerConfigKeys (ConfUtils.java:logGet(43)) - raft.server.log.statemachine.data.sync.timeout.retry = -1 (default)
2019-10-13 09:54:39,217 [pool-37-thread-1] INFO  server.RaftServerConfigKeys (ConfUtils.java:logGet(43)) - raft.server.log.statemachine.data.caching.enabled = true (custom)
2019-10-13 09:54:39,218 [pool-37-thread-1] INFO  segmented.SegmentedRaftLogWorker (SegmentedRaftLogWorker.java:lambda$new$0(128)) - 029fee23-2087-430f-9704-5b8d11793c8d@group-63B4F99A7DA9-SegmentedRaftLogWorker: flushIndex: setUnconditionally 0 -> -1
2019-10-13 09:54:39,218 [pool-37-thread-1] INFO  server.RaftServerConfigKeys (ConfUtils.java:logGet(43)) - raft.server.snapshot.auto.trigger.enabled = true (custom)
2019-10-13 09:54:39,218 [pool-37-thread-1] INFO  server.RaftServerConfigKeys (ConfUtils.java:logGet(43)) - raft.server.snapshot.auto.trigger.threshold = 10000 (custom)
2019-10-13 09:54:39,218 [pool-37-thread-1] INFO  server.RaftServerConfigKeys (ConfUtils.java:logGet(43)) - raft.server.snapshot.retention.file.num = 5 (custom)
2019-10-13 09:54:39,219 [pool-37-thread-1] INFO  server.RaftServerConfigKeys (ConfUtils.java:logGet(43)) - raft.server.retrycache.expirytime = 600000ms (custom)
2019-10-13 09:54:39,223 [pool-37-thread-1] INFO  impl.RaftServerImpl (RaftServerImpl.java:start(181)) - 029fee23-2087-430f-9704-5b8d11793c8d@group-63B4F99A7DA9: start as a follower, conf=-1: [029fee23-2087-430f-9704-5b8d11793c8d:192.168.164.225:34603], old=null
2019-10-13 09:54:39,223 [pool-37-thread-1] INFO  impl.RaftServerImpl (RaftServerImpl.java:setRole(170)) - 029fee23-2087-430f-9704-5b8d11793c8d@group-63B4F99A7DA9: changes role from      null to FOLLOWER at term 0 for startAsFollower
2019-10-13 09:54:39,223 [pool-37-thread-1] INFO  impl.RoleInfo (RoleInfo.java:updateAndGet(143)) - 029fee23-2087-430f-9704-5b8d11793c8d: start FollowerState
2019-10-13 09:54:39,223 [pool-37-thread-1] INFO  util.JmxRegister (JmxRegister.java:tryRegister(44)) - Successfully registered JMX Bean with object name Ratis:service=RaftServer,group=group-63B4F99A7DA9,id=029fee23-2087-430f-9704-5b8d11793c8d
2019-10-13 09:54:39,237 [RatisPipelineUtilsThread] INFO  pipeline.PipelineStateManager (PipelineStateManager.java:addPipeline(56)) - Created pipeline Pipeline[ Id: 8c7dbeb4-3a5b-4c5d-87ab-63b4f99a7da9, Nodes: 029fee23-2087-430f-9704-5b8d11793c8d{ip: 192.168.164.225, host: pr-hdds2071-28zjt-764321718, networkLocation: /default-rack, certSerialId: null}, Type:RATIS, Factor:ONE, State:OPEN]
2019-10-13 09:54:39,269 [grpc-default-executor-0] INFO  impl.RaftServerProxy (RaftServerProxy.java:addNew(89)) - 029fee23-2087-430f-9704-5b8d11793c8d: addNew group-AABEFBB5B799:[7e79c924-bd52-47e6-b840-dab7499902e6:192.168.164.225:35545, 0932c54c-dae2-4a30-acb6-82d05d8643cd:192.168.164.225:39524, 029fee23-2087-430f-9704-5b8d11793c8d:192.168.164.225:34603] returns group-AABEFBB5B799:java.util.concurrent.CompletableFuture@7377747b[Not completed]
2019-10-13 09:54:39,269 [grpc-default-executor-2] INFO  impl.RaftServerProxy (RaftServerProxy.java:addNew(89)) - 0932c54c-dae2-4a30-acb6-82d05d8643cd: addNew group-AABEFBB5B799:[7e79c924-bd52-47e6-b840-dab7499902e6:192.168.164.225:35545, 0932c54c-dae2-4a30-acb6-82d05d8643cd:192.168.164.225:39524, 029fee23-2087-430f-9704-5b8d11793c8d:192.168.164.225:34603] returns group-AABEFBB5B799:java.util.concurrent.CompletableFuture@4d06ff03[Not completed]
2019-10-13 09:54:39,270 [grpc-default-executor-1] INFO  impl.RaftServerProxy (RaftServerProxy.java:addNew(89)) - 7e79c924-bd52-47e6-b840-dab7499902e6: addNew group-AABEFBB5B799:[7e79c924-bd52-47e6-b840-dab7499902e6:192.168.164.225:35545, 0932c54c-dae2-4a30-acb6-82d05d8643cd:192.168.164.225:39524, 029fee23-2087-430f-9704-5b8d11793c8d:192.168.164.225:34603] returns group-AABEFBB5B799:java.util.concurrent.CompletableFuture@72b2ea9[Not completed]
2019-10-13 09:54:39,273 [pool-47-thread-1] INFO  impl.RaftServerImpl (RaftServerImpl.java:<init>(95)) - 0932c54c-dae2-4a30-acb6-82d05d8643cd: new RaftServerImpl for group-AABEFBB5B799:[7e79c924-bd52-47e6-b840-dab7499902e6:192.168.164.225:35545, 0932c54c-dae2-4a30-acb6-82d05d8643cd:192.168.164.225:39524, 029fee23-2087-430f-9704-5b8d11793c8d:192.168.164.225:34603] with ContainerStateMachine:uninitialized
2019-10-13 09:54:39,273 [pool-47-thread-1] INFO  server.RaftServerConfigKeys (ConfUtils.java:logGet(43)) - raft.server.rpc.timeout.min = 5s (custom)
2019-10-13 09:54:39,273 [pool-47-thread-1] INFO  server.RaftServerConfigKeys (ConfUtils.java:logGet(43)) - raft.server.rpc.timeout.max = 5200ms (custom)
2019-10-13 09:54:39,273 [pool-47-thread-1] INFO  server.RaftServerConfigKeys (ConfUtils.java:logGet(43)) - raft.server.rpcslowness.timeout = 120s (custom)
2019-10-13 09:54:39,273 [pool-47-thread-1] INFO  server.RaftServerConfigKeys (ConfUtils.java:logGet(43)) - raft.server.sleep.deviation.threshold = 300 (default)
2019-10-13 09:54:39,274 [pool-47-thread-1] INFO  server.RaftServerConfigKeys (ConfUtils.java:logGet(43)) - raft.server.log.appender.install.snapshot.enabled = false (custom)
2019-10-13 09:54:39,274 [pool-47-thread-1] INFO  impl.RaftServerImpl (ServerState.java:<init>(103)) - 0932c54c-dae2-4a30-acb6-82d05d8643cd@group-AABEFBB5B799: ConfigurationManager, init=-1: [7e79c924-bd52-47e6-b840-dab7499902e6:192.168.164.225:35545, 0932c54c-dae2-4a30-acb6-82d05d8643cd:192.168.164.225:39524, 029fee23-2087-430f-9704-5b8d11793c8d:192.168.164.225:34603], old=null, confs=<EMPTY_MAP>
2019-10-13 09:54:39,274 [pool-47-thread-1] INFO  server.RaftServerConfigKeys (ConfUtils.java:logGet(43)) - raft.server.storage.dir = [/workdir/hadoop-ozone/integration-test/target/test-dir/MiniOzoneClusterImpl-b87b1354-fc2a-4731-a682-e66a18681be7/datanode-2/data/ratis] (custom)
2019-10-13 09:54:39,274 [pool-37-thread-1] INFO  impl.RaftServerImpl (RaftServerImpl.java:<init>(95)) - 029fee23-2087-430f-9704-5b8d11793c8d: new RaftServerImpl for group-AABEFBB5B799:[7e79c924-bd52-47e6-b840-dab7499902e6:192.168.164.225:35545, 0932c54c-dae2-4a30-acb6-82d05d8643cd:192.168.164.225:39524, 029fee23-2087-430f-9704-5b8d11793c8d:192.168.164.225:34603] with ContainerStateMachine:uninitialized
2019-10-13 09:54:39,275 [pool-47-thread-1] INFO  server.RaftServerConfigKeys (ConfUtils.java:logGet(43)) - raft.server.log.corruption.policy = EXCEPTION (default)
2019-10-13 09:54:39,275 [pool-37-thread-1] INFO  server.RaftServerConfigKeys (ConfUtils.java:logGet(43)) - raft.server.rpc.timeout.min = 5s (custom)
2019-10-13 09:54:39,275 [pool-47-thread-1] INFO  storage.RaftStorageDirectory (RaftStorageDirectory.java:analyzeStorage(246)) - The storage directory /workdir/hadoop-ozone/integration-test/target/test-dir/MiniOzoneClusterImpl-b87b1354-fc2a-4731-a682-e66a18681be7/datanode-2/data/ratis/28f02eb3-3181-4867-a39b-aabefbb5b799 does not exist. Creating ...
2019-10-13 09:54:39,275 [pool-37-thread-1] INFO  server.RaftServerConfigKeys (ConfUtils.java:logGet(43)) - raft.server.rpc.timeout.max = 5200ms (custom)
2019-10-13 09:54:39,275 [pool-37-thread-1] INFO  server.RaftServerConfigKeys (ConfUtils.java:logGet(43)) - raft.server.rpcslowness.timeout = 120s (custom)
2019-10-13 09:54:39,275 [pool-27-thread-1] INFO  impl.RaftServerImpl (RaftServerImpl.java:<init>(95)) - 7e79c924-bd52-47e6-b840-dab7499902e6: new RaftServerImpl for group-AABEFBB5B799:[7e79c924-bd52-47e6-b840-dab7499902e6:192.168.164.225:35545, 0932c54c-dae2-4a30-acb6-82d05d8643cd:192.168.164.225:39524, 029fee23-2087-430f-9704-5b8d11793c8d:192.168.164.225:34603] with ContainerStateMachine:uninitialized
2019-10-13 09:54:39,275 [pool-37-thread-1] INFO  server.RaftServerConfigKeys (ConfUtils.java:logGet(43)) - raft.server.sleep.deviation.threshold = 300 (default)
2019-10-13 09:54:39,276 [pool-37-thread-1] INFO  server.RaftServerConfigKeys (ConfUtils.java:logGet(43)) - raft.server.log.appender.install.snapshot.enabled = false (custom)
2019-10-13 09:54:39,276 [pool-27-thread-1] INFO  server.RaftServerConfigKeys (ConfUtils.java:logGet(43)) - raft.server.rpc.timeout.min = 5s (custom)
2019-10-13 09:54:39,276 [pool-37-thread-1] INFO  impl.RaftServerImpl (ServerState.java:<init>(103)) - 029fee23-2087-430f-9704-5b8d11793c8d@group-AABEFBB5B799: ConfigurationManager, init=-1: [7e79c924-bd52-47e6-b840-dab7499902e6:192.168.164.225:35545, 0932c54c-dae2-4a30-acb6-82d05d8643cd:192.168.164.225:39524, 029fee23-2087-430f-9704-5b8d11793c8d:192.168.164.225:34603], old=null, confs=<EMPTY_MAP>
2019-10-13 09:54:39,276 [pool-27-thread-1] INFO  server.RaftServerConfigKeys (ConfUtils.java:logGet(43)) - raft.server.rpc.timeout.max = 5200ms (custom)
2019-10-13 09:54:39,276 [pool-37-thread-1] INFO  server.RaftServerConfigKeys (ConfUtils.java:logGet(43)) - raft.server.storage.dir = [/workdir/hadoop-ozone/integration-test/target/test-dir/MiniOzoneClusterImpl-b87b1354-fc2a-4731-a682-e66a18681be7/datanode-1/data/ratis] (custom)
2019-10-13 09:54:39,276 [pool-27-thread-1] INFO  server.RaftServerConfigKeys (ConfUtils.java:logGet(43)) - raft.server.rpcslowness.timeout = 120s (custom)
2019-10-13 09:54:39,276 [pool-37-thread-1] INFO  server.RaftServerConfigKeys (ConfUtils.java:logGet(43)) - raft.server.log.corruption.policy = EXCEPTION (default)
2019-10-13 09:54:39,276 [pool-27-thread-1] INFO  server.RaftServerConfigKeys (ConfUtils.java:logGet(43)) - raft.server.sleep.deviation.threshold = 300 (default)
2019-10-13 09:54:39,277 [pool-37-thread-1] INFO  storage.RaftStorageDirectory (RaftStorageDirectory.java:analyzeStorage(246)) - The storage directory /workdir/hadoop-ozone/integration-test/target/test-dir/MiniOzoneClusterImpl-b87b1354-fc2a-4731-a682-e66a18681be7/datanode-1/data/ratis/28f02eb3-3181-4867-a39b-aabefbb5b799 does not exist. Creating ...
2019-10-13 09:54:39,277 [pool-27-thread-1] INFO  server.RaftServerConfigKeys (ConfUtils.java:logGet(43)) - raft.server.log.appender.install.snapshot.enabled = false (custom)
2019-10-13 09:54:39,277 [pool-27-thread-1] INFO  impl.RaftServerImpl (ServerState.java:<init>(103)) - 7e79c924-bd52-47e6-b840-dab7499902e6@group-AABEFBB5B799: ConfigurationManager, init=-1: [7e79c924-bd52-47e6-b840-dab7499902e6:192.168.164.225:35545, 0932c54c-dae2-4a30-acb6-82d05d8643cd:192.168.164.225:39524, 029fee23-2087-430f-9704-5b8d11793c8d:192.168.164.225:34603], old=null, confs=<EMPTY_MAP>
2019-10-13 09:54:39,277 [pool-27-thread-1] INFO  server.RaftServerConfigKeys (ConfUtils.java:logGet(43)) - raft.server.storage.dir = [/workdir/hadoop-ozone/integration-test/target/test-dir/MiniOzoneClusterImpl-b87b1354-fc2a-4731-a682-e66a18681be7/datanode-0/data/ratis] (custom)
2019-10-13 09:54:39,278 [pool-27-thread-1] INFO  server.RaftServerConfigKeys (ConfUtils.java:logGet(43)) - raft.server.log.corruption.policy = EXCEPTION (default)
2019-10-13 09:54:39,278 [pool-27-thread-1] INFO  storage.RaftStorageDirectory (RaftStorageDirectory.java:analyzeStorage(246)) - The storage directory /workdir/hadoop-ozone/integration-test/target/test-dir/MiniOzoneClusterImpl-b87b1354-fc2a-4731-a682-e66a18681be7/datanode-0/data/ratis/28f02eb3-3181-4867-a39b-aabefbb5b799 does not exist. Creating ...
2019-10-13 09:54:39,298 [pool-47-thread-1] INFO  storage.RaftStorageDirectory (RaftStorageDirectory.java:tryLock(328)) - Lock on /workdir/hadoop-ozone/integration-test/target/test-dir/MiniOzoneClusterImpl-b87b1354-fc2a-4731-a682-e66a18681be7/datanode-2/data/ratis/28f02eb3-3181-4867-a39b-aabefbb5b799/in_use.lock acquired by nodename 6782@pr-hdds2071-28zjt-764321718
2019-10-13 09:54:39,298 [pool-27-thread-1] INFO  storage.RaftStorageDirectory (RaftStorageDirectory.java:tryLock(328)) - Lock on /workdir/hadoop-ozone/integration-test/target/test-dir/MiniOzoneClusterImpl-b87b1354-fc2a-4731-a682-e66a18681be7/datanode-0/data/ratis/28f02eb3-3181-4867-a39b-aabefbb5b799/in_use.lock acquired by nodename 6782@pr-hdds2071-28zjt-764321718
2019-10-13 09:54:39,298 [pool-37-thread-1] INFO  storage.RaftStorageDirectory (RaftStorageDirectory.java:tryLock(328)) - Lock on /workdir/hadoop-ozone/integration-test/target/test-dir/MiniOzoneClusterImpl-b87b1354-fc2a-4731-a682-e66a18681be7/datanode-1/data/ratis/28f02eb3-3181-4867-a39b-aabefbb5b799/in_use.lock acquired by nodename 6782@pr-hdds2071-28zjt-764321718
2019-10-13 09:54:39,323 [pool-37-thread-1] INFO  storage.RaftStorage (RaftStorage.java:format(84)) - Storage directory /workdir/hadoop-ozone/integration-test/target/test-dir/MiniOzoneClusterImpl-b87b1354-fc2a-4731-a682-e66a18681be7/datanode-1/data/ratis/28f02eb3-3181-4867-a39b-aabefbb5b799 has been successfully formatted.
2019-10-13 09:54:39,323 [pool-47-thread-1] INFO  storage.RaftStorage (RaftStorage.java:format(84)) - Storage directory /workdir/hadoop-ozone/integration-test/target/test-dir/MiniOzoneClusterImpl-b87b1354-fc2a-4731-a682-e66a18681be7/datanode-2/data/ratis/28f02eb3-3181-4867-a39b-aabefbb5b799 has been successfully formatted.
2019-10-13 09:54:39,323 [pool-27-thread-1] INFO  storage.RaftStorage (RaftStorage.java:format(84)) - Storage directory /workdir/hadoop-ozone/integration-test/target/test-dir/MiniOzoneClusterImpl-b87b1354-fc2a-4731-a682-e66a18681be7/datanode-0/data/ratis/28f02eb3-3181-4867-a39b-aabefbb5b799 has been successfully formatted.
2019-10-13 09:54:39,324 [pool-37-thread-1] INFO  ratis.ContainerStateMachine (ContainerStateMachine.java:loadSnapshot(231)) - group-AABEFBB5B799: The snapshot info is null. Setting the last applied indexto:(t:0, i:~)
2019-10-13 09:54:39,324 [pool-47-thread-1] INFO  ratis.ContainerStateMachine (ContainerStateMachine.java:loadSnapshot(231)) - group-AABEFBB5B799: The snapshot info is null. Setting the last applied indexto:(t:0, i:~)
2019-10-13 09:54:39,324 [pool-37-thread-1] INFO  server.RaftServerConfigKeys (ConfUtils.java:logGet(43)) - raft.server.notification.no-leader.timeout = 120s (custom)
2019-10-13 09:54:39,324 [pool-27-thread-1] INFO  ratis.ContainerStateMachine (ContainerStateMachine.java:loadSnapshot(231)) - group-AABEFBB5B799: The snapshot info is null. Setting the last applied indexto:(t:0, i:~)
2019-10-13 09:54:39,324 [pool-37-thread-1] INFO  server.RaftServerConfigKeys (ConfUtils.java:logGet(43)) - raft.server.log.use.memory = false (default)
2019-10-13 09:54:39,324 [pool-47-thread-1] INFO  server.RaftServerConfigKeys (ConfUtils.java:logGet(43)) - raft.server.notification.no-leader.timeout = 120s (custom)
2019-10-13 09:54:39,325 [pool-37-thread-1] INFO  server.RaftServerConfigKeys (ConfUtils.java:logGet(43)) - raft.server.log.purge.gap = 1000000 (custom)
2019-10-13 09:54:39,324 [pool-27-thread-1] INFO  server.RaftServerConfigKeys (ConfUtils.java:logGet(43)) - raft.server.notification.no-leader.timeout = 120s (custom)
2019-10-13 09:54:39,325 [pool-37-thread-1] INFO  server.RaftServerConfigKeys (ConfUtils.java:logGet(43)) - raft.server.log.appender.buffer.byte-limit = 33554432 (custom)
2019-10-13 09:54:39,325 [pool-47-thread-1] INFO  server.RaftServerConfigKeys (ConfUtils.java:logGet(43)) - raft.server.log.use.memory = false (default)
2019-10-13 09:54:39,325 [pool-37-thread-1] INFO  server.RaftServerConfigKeys (ConfUtils.java:logGet(43)) - raft.server.log.segment.size.max = 1048576 (custom)
2019-10-13 09:54:39,325 [pool-27-thread-1] INFO  server.RaftServerConfigKeys (ConfUtils.java:logGet(43)) - raft.server.log.use.memory = false (default)
2019-10-13 09:54:39,326 [pool-37-thread-1] INFO  server.RaftServerConfigKeys (ConfUtils.java:logGet(43)) - raft.server.log.segment.cache.num.max = 2 (custom)
2019-10-13 09:54:39,326 [pool-47-thread-1] INFO  server.RaftServerConfigKeys (ConfUtils.java:logGet(43)) - raft.server.log.purge.gap = 1000000 (custom)
2019-10-13 09:54:39,326 [pool-37-thread-1] INFO  segmented.SegmentedRaftLogWorker (SegmentedRaftLogWorker.java:<init>(173)) - new 029fee23-2087-430f-9704-5b8d11793c8d@group-AABEFBB5B799-SegmentedRaftLogWorker for RaftStorage:Storage Directory /workdir/hadoop-ozone/integration-test/target/test-dir/MiniOzoneClusterImpl-b87b1354-fc2a-4731-a682-e66a18681be7/datanode-1/data/ratis/28f02eb3-3181-4867-a39b-aabefbb5b799
2019-10-13 09:54:39,326 [pool-27-thread-1] INFO  server.RaftServerConfigKeys (ConfUtils.java:logGet(43)) - raft.server.log.purge.gap = 1000000 (custom)
2019-10-13 09:54:39,326 [pool-37-thread-1] INFO  server.RaftServerConfigKeys (ConfUtils.java:logGet(43)) - raft.server.log.queue.byte-limit = 2147483647 (custom)
2019-10-13 09:54:39,326 [pool-47-thread-1] INFO  server.RaftServerConfigKeys (ConfUtils.java:logGet(43)) - raft.server.log.appender.buffer.byte-limit = 33554432 (custom)
2019-10-13 09:54:39,327 [pool-37-thread-1] INFO  server.RaftServerConfigKeys (ConfUtils.java:logGet(43)) - raft.server.log.queue.element-limit = 1024 (custom)
2019-10-13 09:54:39,327 [pool-27-thread-1] INFO  server.RaftServerConfigKeys (ConfUtils.java:logGet(43)) - raft.server.log.appender.buffer.byte-limit = 33554432 (custom)
2019-10-13 09:54:39,327 [pool-37-thread-1] INFO  server.RaftServerConfigKeys (ConfUtils.java:logGet(43)) - raft.server.log.segment.size.max = 1048576 (custom)
2019-10-13 09:54:39,327 [pool-47-thread-1] INFO  server.RaftServerConfigKeys (ConfUtils.java:logGet(43)) - raft.server.log.segment.size.max = 1048576 (custom)
2019-10-13 09:54:39,327 [pool-37-thread-1] INFO  server.RaftServerConfigKeys (ConfUtils.java:logGet(43)) - raft.server.log.preallocated.size = 16384 (custom)
2019-10-13 09:54:39,327 [pool-27-thread-1] INFO  server.RaftServerConfigKeys (ConfUtils.java:logGet(43)) - raft.server.log.segment.size.max = 1048576 (custom)
2019-10-13 09:54:39,327 [pool-37-thread-1] INFO  server.RaftServerConfigKeys (ConfUtils.java:logGet(43)) - raft.server.log.write.buffer.size = 33554432 (custom)
2019-10-13 09:54:39,327 [pool-47-thread-1] INFO  server.RaftServerConfigKeys (ConfUtils.java:logGet(43)) - raft.server.log.segment.cache.num.max = 2 (custom)
2019-10-13 09:54:39,328 [pool-37-thread-1] INFO  server.RaftServerConfigKeys (ConfUtils.java:logGet(43)) - raft.server.log.force.sync.num = 128 (default)
2019-10-13 09:54:39,328 [pool-27-thread-1] INFO  server.RaftServerConfigKeys (ConfUtils.java:logGet(43)) - raft.server.log.segment.cache.num.max = 2 (custom)
2019-10-13 09:54:39,328 [pool-37-thread-1] INFO  server.RaftServerConfigKeys (ConfUtils.java:logGet(43)) - raft.server.log.statemachine.data.sync = true (default)
2019-10-13 09:54:39,328 [pool-47-thread-1] INFO  segmented.SegmentedRaftLogWorker (SegmentedRaftLogWorker.java:<init>(173)) - new 0932c54c-dae2-4a30-acb6-82d05d8643cd@group-AABEFBB5B799-SegmentedRaftLogWorker for RaftStorage:Storage Directory /workdir/hadoop-ozone/integration-test/target/test-dir/MiniOzoneClusterImpl-b87b1354-fc2a-4731-a682-e66a18681be7/datanode-2/data/ratis/28f02eb3-3181-4867-a39b-aabefbb5b799
2019-10-13 09:54:39,328 [pool-37-thread-1] INFO  server.RaftServerConfigKeys (ConfUtils.java:logGet(43)) - raft.server.log.statemachine.data.sync.timeout = 10s (default)
2019-10-13 09:54:39,328 [pool-27-thread-1] INFO  segmented.SegmentedRaftLogWorker (SegmentedRaftLogWorker.java:<init>(173)) - new 7e79c924-bd52-47e6-b840-dab7499902e6@group-AABEFBB5B799-SegmentedRaftLogWorker for RaftStorage:Storage Directory /workdir/hadoop-ozone/integration-test/target/test-dir/MiniOzoneClusterImpl-b87b1354-fc2a-4731-a682-e66a18681be7/datanode-0/data/ratis/28f02eb3-3181-4867-a39b-aabefbb5b799
2019-10-13 09:54:39,329 [pool-37-thread-1] INFO  server.RaftServerConfigKeys (ConfUtils.java:logGet(43)) - raft.server.log.statemachine.data.sync.timeout.retry = -1 (default)
2019-10-13 09:54:39,328 [pool-47-thread-1] INFO  server.RaftServerConfigKeys (ConfUtils.java:logGet(43)) - raft.server.log.queue.byte-limit = 2147483647 (custom)
2019-10-13 09:54:39,329 [pool-37-thread-1] INFO  server.RaftServerConfigKeys (ConfUtils.java:logGet(43)) - raft.server.log.statemachine.data.caching.enabled = true (custom)
2019-10-13 09:54:39,329 [pool-27-thread-1] INFO  server.RaftServerConfigKeys (ConfUtils.java:logGet(43)) - raft.server.log.queue.byte-limit = 2147483647 (custom)
2019-10-13 09:54:39,329 [pool-47-thread-1] INFO  server.RaftServerConfigKeys (ConfUtils.java:logGet(43)) - raft.server.log.queue.element-limit = 1024 (custom)
2019-10-13 09:54:39,330 [pool-27-thread-1] INFO  server.RaftServerConfigKeys (ConfUtils.java:logGet(43)) - raft.server.log.queue.element-limit = 1024 (custom)
2019-10-13 09:54:39,329 [pool-37-thread-1] INFO  segmented.SegmentedRaftLogWorker (SegmentedRaftLogWorker.java:lambda$new$0(128)) - 029fee23-2087-430f-9704-5b8d11793c8d@group-AABEFBB5B799-SegmentedRaftLogWorker: flushIndex: setUnconditionally 0 -> -1
2019-10-13 09:54:39,330 [pool-27-thread-1] INFO  server.RaftServerConfigKeys (ConfUtils.java:logGet(43)) - raft.server.log.segment.size.max = 1048576 (custom)
2019-10-13 09:54:39,330 [pool-47-thread-1] INFO  server.RaftServerConfigKeys (ConfUtils.java:logGet(43)) - raft.server.log.segment.size.max = 1048576 (custom)
2019-10-13 09:54:39,330 [pool-27-thread-1] INFO  server.RaftServerConfigKeys (ConfUtils.java:logGet(43)) - raft.server.log.preallocated.size = 16384 (custom)
2019-10-13 09:54:39,330 [pool-37-thread-1] INFO  server.RaftServerConfigKeys (ConfUtils.java:logGet(43)) - raft.server.snapshot.auto.trigger.enabled = true (custom)
2019-10-13 09:54:39,331 [pool-27-thread-1] INFO  server.RaftServerConfigKeys (ConfUtils.java:logGet(43)) - raft.server.log.write.buffer.size = 33554432 (custom)
2019-10-13 09:54:39,330 [pool-47-thread-1] INFO  server.RaftServerConfigKeys (ConfUtils.java:logGet(43)) - raft.server.log.preallocated.size = 16384 (custom)
2019-10-13 09:54:39,331 [pool-27-thread-1] INFO  server.RaftServerConfigKeys (ConfUtils.java:logGet(43)) - raft.server.log.force.sync.num = 128 (default)
2019-10-13 09:54:39,331 [pool-37-thread-1] INFO  server.RaftServerConfigKeys (ConfUtils.java:logGet(43)) - raft.server.snapshot.auto.trigger.threshold = 10000 (custom)
2019-10-13 09:54:39,331 [pool-27-thread-1] INFO  server.RaftServerConfigKeys (ConfUtils.java:logGet(43)) - raft.server.log.statemachine.data.sync = true (default)
2019-10-13 09:54:39,331 [pool-47-thread-1] INFO  server.RaftServerConfigKeys (ConfUtils.java:logGet(43)) - raft.server.log.write.buffer.size = 33554432 (custom)
2019-10-13 09:54:39,331 [pool-27-thread-1] INFO  server.RaftServerConfigKeys (ConfUtils.java:logGet(43)) - raft.server.log.statemachine.data.sync.timeout = 10s (default)
2019-10-13 09:54:39,331 [pool-37-thread-1] INFO  server.RaftServerConfigKeys (ConfUtils.java:logGet(43)) - raft.server.snapshot.retention.file.num = 5 (custom)
2019-10-13 09:54:39,332 [pool-27-thread-1] INFO  server.RaftServerConfigKeys (ConfUtils.java:logGet(43)) - raft.server.log.statemachine.data.sync.timeout.retry = -1 (default)
2019-10-13 09:54:39,332 [pool-37-thread-1] INFO  server.RaftServerConfigKeys (ConfUtils.java:logGet(43)) - raft.server.retrycache.expirytime = 600000ms (custom)
2019-10-13 09:54:39,332 [pool-47-thread-1] INFO  server.RaftServerConfigKeys (ConfUtils.java:logGet(43)) - raft.server.log.force.sync.num = 128 (default)
2019-10-13 09:54:39,332 [pool-27-thread-1] INFO  server.RaftServerConfigKeys (ConfUtils.java:logGet(43)) - raft.server.log.statemachine.data.caching.enabled = true (custom)
2019-10-13 09:54:39,332 [pool-47-thread-1] INFO  server.RaftServerConfigKeys (ConfUtils.java:logGet(43)) - raft.server.log.statemachine.data.sync = true (default)
2019-10-13 09:54:39,333 [pool-27-thread-1] INFO  segmented.SegmentedRaftLogWorker (SegmentedRaftLogWorker.java:lambda$new$0(128)) - 7e79c924-bd52-47e6-b840-dab7499902e6@group-AABEFBB5B799-SegmentedRaftLogWorker: flushIndex: setUnconditionally 0 -> -1
2019-10-13 09:54:39,333 [pool-47-thread-1] INFO  server.RaftServerConfigKeys (ConfUtils.java:logGet(43)) - raft.server.log.statemachine.data.sync.timeout = 10s (default)
2019-10-13 09:54:39,333 [pool-27-thread-1] INFO  server.RaftServerConfigKeys (ConfUtils.java:logGet(43)) - raft.server.snapshot.auto.trigger.enabled = true (custom)
2019-10-13 09:54:39,333 [pool-47-thread-1] INFO  server.RaftServerConfigKeys (ConfUtils.java:logGet(43)) - raft.server.log.statemachine.data.sync.timeout.retry = -1 (default)
2019-10-13 09:54:39,333 [pool-27-thread-1] INFO  server.RaftServerConfigKeys (ConfUtils.java:logGet(43)) - raft.server.snapshot.auto.trigger.threshold = 10000 (custom)
2019-10-13 09:54:39,334 [pool-47-thread-1] INFO  server.RaftServerConfigKeys (ConfUtils.java:logGet(43)) - raft.server.log.statemachine.data.caching.enabled = true (custom)
2019-10-13 09:54:39,334 [pool-27-thread-1] INFO  server.RaftServerConfigKeys (ConfUtils.java:logGet(43)) - raft.server.snapshot.retention.file.num = 5 (custom)
2019-10-13 09:54:39,334 [pool-27-thread-1] INFO  server.RaftServerConfigKeys (ConfUtils.java:logGet(43)) - raft.server.retrycache.expirytime = 600000ms (custom)
2019-10-13 09:54:39,334 [pool-47-thread-1] INFO  segmented.SegmentedRaftLogWorker (SegmentedRaftLogWorker.java:lambda$new$0(128)) - 0932c54c-dae2-4a30-acb6-82d05d8643cd@group-AABEFBB5B799-SegmentedRaftLogWorker: flushIndex: setUnconditionally 0 -> -1
2019-10-13 09:54:39,335 [pool-47-thread-1] INFO  server.RaftServerConfigKeys (ConfUtils.java:logGet(43)) - raft.server.snapshot.auto.trigger.enabled = true (custom)
2019-10-13 09:54:39,335 [pool-47-thread-1] INFO  server.RaftServerConfigKeys (ConfUtils.java:logGet(43)) - raft.server.snapshot.auto.trigger.threshold = 10000 (custom)
2019-10-13 09:54:39,335 [pool-47-thread-1] INFO  server.RaftServerConfigKeys (ConfUtils.java:logGet(43)) - raft.server.snapshot.retention.file.num = 5 (custom)
2019-10-13 09:54:39,335 [pool-47-thread-1] INFO  server.RaftServerConfigKeys (ConfUtils.java:logGet(43)) - raft.server.retrycache.expirytime = 600000ms (custom)
2019-10-13 09:54:39,337 [pool-37-thread-1] INFO  impl.RaftServerImpl (RaftServerImpl.java:start(181)) - 029fee23-2087-430f-9704-5b8d11793c8d@group-AABEFBB5B799: start as a follower, conf=-1: [7e79c924-bd52-47e6-b840-dab7499902e6:192.168.164.225:35545, 0932c54c-dae2-4a30-acb6-82d05d8643cd:192.168.164.225:39524, 029fee23-2087-430f-9704-5b8d11793c8d:192.168.164.225:34603], old=null
2019-10-13 09:54:39,337 [pool-37-thread-1] INFO  impl.RaftServerImpl (RaftServerImpl.java:setRole(170)) - 029fee23-2087-430f-9704-5b8d11793c8d@group-AABEFBB5B799: changes role from      null to FOLLOWER at term 0 for startAsFollower
2019-10-13 09:54:39,338 [pool-37-thread-1] INFO  impl.RoleInfo (RoleInfo.java:updateAndGet(143)) - 029fee23-2087-430f-9704-5b8d11793c8d: start FollowerState
2019-10-13 09:54:39,338 [pool-37-thread-1] INFO  util.JmxRegister (JmxRegister.java:tryRegister(44)) - Successfully registered JMX Bean with object name Ratis:service=RaftServer,group=group-AABEFBB5B799,id=029fee23-2087-430f-9704-5b8d11793c8d
2019-10-13 09:54:39,340 [pool-27-thread-1] INFO  impl.RaftServerImpl (RaftServerImpl.java:start(181)) - 7e79c924-bd52-47e6-b840-dab7499902e6@group-AABEFBB5B799: start as a follower, conf=-1: [7e79c924-bd52-47e6-b840-dab7499902e6:192.168.164.225:35545, 0932c54c-dae2-4a30-acb6-82d05d8643cd:192.168.164.225:39524, 029fee23-2087-430f-9704-5b8d11793c8d:192.168.164.225:34603], old=null
2019-10-13 09:54:39,340 [pool-27-thread-1] INFO  impl.RaftServerImpl (RaftServerImpl.java:setRole(170)) - 7e79c924-bd52-47e6-b840-dab7499902e6@group-AABEFBB5B799: changes role from      null to FOLLOWER at term 0 for startAsFollower
2019-10-13 09:54:39,340 [pool-27-thread-1] INFO  impl.RoleInfo (RoleInfo.java:updateAndGet(143)) - 7e79c924-bd52-47e6-b840-dab7499902e6: start FollowerState
2019-10-13 09:54:39,341 [pool-27-thread-1] INFO  util.JmxRegister (JmxRegister.java:tryRegister(44)) - Successfully registered JMX Bean with object name Ratis:service=RaftServer,group=group-AABEFBB5B799,id=7e79c924-bd52-47e6-b840-dab7499902e6
2019-10-13 09:54:39,341 [pool-47-thread-1] INFO  impl.RaftServerImpl (RaftServerImpl.java:start(181)) - 0932c54c-dae2-4a30-acb6-82d05d8643cd@group-AABEFBB5B799: start as a follower, conf=-1: [7e79c924-bd52-47e6-b840-dab7499902e6:192.168.164.225:35545, 0932c54c-dae2-4a30-acb6-82d05d8643cd:192.168.164.225:39524, 029fee23-2087-430f-9704-5b8d11793c8d:192.168.164.225:34603], old=null
2019-10-13 09:54:39,341 [pool-47-thread-1] INFO  impl.RaftServerImpl (RaftServerImpl.java:setRole(170)) - 0932c54c-dae2-4a30-acb6-82d05d8643cd@group-AABEFBB5B799: changes role from      null to FOLLOWER at term 0 for startAsFollower
2019-10-13 09:54:39,342 [pool-47-thread-1] INFO  impl.RoleInfo (RoleInfo.java:updateAndGet(143)) - 0932c54c-dae2-4a30-acb6-82d05d8643cd: start FollowerState
2019-10-13 09:54:39,342 [pool-47-thread-1] INFO  util.JmxRegister (JmxRegister.java:tryRegister(44)) - Successfully registered JMX Bean with object name Ratis:service=RaftServer,group=group-AABEFBB5B799,id=0932c54c-dae2-4a30-acb6-82d05d8643cd
2019-10-13 09:54:39,364 [RatisPipelineUtilsThread] INFO  pipeline.PipelineStateManager (PipelineStateManager.java:addPipeline(56)) - Created pipeline Pipeline[ Id: 28f02eb3-3181-4867-a39b-aabefbb5b799, Nodes: 7e79c924-bd52-47e6-b840-dab7499902e6{ip: 192.168.164.225, host: pr-hdds2071-28zjt-764321718, networkLocation: /default-rack, certSerialId: null}0932c54c-dae2-4a30-acb6-82d05d8643cd{ip: 192.168.164.225, host: pr-hdds2071-28zjt-764321718, networkLocation: /default-rack, certSerialId: null}029fee23-2087-430f-9704-5b8d11793c8d{ip: 192.168.164.225, host: pr-hdds2071-28zjt-764321718, networkLocation: /default-rack, certSerialId: null}, Type:RATIS, Factor:THREE, State:OPEN]
2019-10-13 09:54:39,372 [main] INFO  ozone.MiniOzoneClusterImpl (MiniOzoneClusterImpl.java:lambda$waitForClusterToBeReady$0(147)) - Cluster is ready. Got 3 of 3 DN Heartbeats.
2019-10-13 09:54:39,407 [main] ERROR pipeline.PipelineActionHandler (PipelineActionHandler.java:onMessage(60)) - Received pipeline action CLOSE for Pipeline[ Id: 28f02eb3-3181-4867-a39b-aabefbb5b799, Nodes: 7e79c924-bd52-47e6-b840-dab7499902e6{ip: 192.168.164.225, host: pr-hdds2071-28zjt-764321718, networkLocation: /default-rack, certSerialId: null}0932c54c-dae2-4a30-acb6-82d05d8643cd{ip: 192.168.164.225, host: pr-hdds2071-28zjt-764321718, networkLocation: /default-rack, certSerialId: null}029fee23-2087-430f-9704-5b8d11793c8d{ip: 192.168.164.225, host: pr-hdds2071-28zjt-764321718, networkLocation: /default-rack, certSerialId: null}, Type:RATIS, Factor:THREE, State:OPEN] from datanode 7e79c924-bd52-47e6-b840-dab7499902e6{ip: 192.168.164.225, host: pr-hdds2071-28zjt-764321718, networkLocation: /default-rack, certSerialId: null}. Reason : 
2019-10-13 09:54:39,407 [main] INFO  pipeline.SCMPipelineManager (SCMPipelineManager.java:finalizeAndDestroyPipeline(315)) - destroying pipeline:Pipeline[ Id: 28f02eb3-3181-4867-a39b-aabefbb5b799, Nodes: 7e79c924-bd52-47e6-b840-dab7499902e6{ip: 192.168.164.225, host: pr-hdds2071-28zjt-764321718, networkLocation: /default-rack, certSerialId: null}0932c54c-dae2-4a30-acb6-82d05d8643cd{ip: 192.168.164.225, host: pr-hdds2071-28zjt-764321718, networkLocation: /default-rack, certSerialId: null}029fee23-2087-430f-9704-5b8d11793c8d{ip: 192.168.164.225, host: pr-hdds2071-28zjt-764321718, networkLocation: /default-rack, certSerialId: null}, Type:RATIS, Factor:THREE, State:OPEN]
2019-10-13 09:54:39,408 [main] INFO  pipeline.PipelineStateManager (PipelineStateManager.java:finalizePipeline(123)) - Pipeline Pipeline[ Id: 28f02eb3-3181-4867-a39b-aabefbb5b799, Nodes: 7e79c924-bd52-47e6-b840-dab7499902e6{ip: 192.168.164.225, host: pr-hdds2071-28zjt-764321718, networkLocation: /default-rack, certSerialId: null}0932c54c-dae2-4a30-acb6-82d05d8643cd{ip: 192.168.164.225, host: pr-hdds2071-28zjt-764321718, networkLocation: /default-rack, certSerialId: null}029fee23-2087-430f-9704-5b8d11793c8d{ip: 192.168.164.225, host: pr-hdds2071-28zjt-764321718, networkLocation: /default-rack, certSerialId: null}, Type:RATIS, Factor:THREE, State:CLOSED] moved to CLOSED state
2019-10-13 09:54:39,409 [EventQueue-CloseContainerForCloseContainerEventHandler] INFO  container.CloseContainerEventHandler (CloseContainerEventHandler.java:onMessage(61)) - Close container Event triggered for container : #1
2019-10-13 09:54:41,136 [Command processor thread] ERROR commandhandler.CloseContainerCommandHandler (CloseContainerCommandHandler.java:handle(84)) - Container #1 does not exist in datanode. Container close failed.
2019-10-13 09:54:41,191 [Thread-178] INFO  container.ReplicationManager (ReplicationManager.java:start(162)) - Starting Replication Monitor Thread.
2019-10-13 09:54:41,199 [ReplicationMonitor] INFO  container.ReplicationManager (ReplicationManager.java:run(225)) - Replication Monitor Thread took 6 milliseconds for processing 1 containers.
2019-10-13 09:54:41,251 [Command processor thread] ERROR commandhandler.CloseContainerCommandHandler (CloseContainerCommandHandler.java:handle(84)) - Container #1 does not exist in datanode. Container close failed.
2019-10-13 09:54:41,366 [Command processor thread] ERROR commandhandler.CloseContainerCommandHandler (CloseContainerCommandHandler.java:handle(84)) - Container #1 does not exist in datanode. Container close failed.
2019-10-13 09:54:44,061 [Thread-180] INFO  impl.FollowerState (FollowerState.java:run(108)) - 7e79c924-bd52-47e6-b840-dab7499902e6@group-5C9D625368F6-FollowerState: change to CANDIDATE, lastRpcTime:5190ms, electionTimeout:5190ms
2019-10-13 09:54:44,063 [Thread-180] INFO  impl.RoleInfo (RoleInfo.java:shutdownFollowerState(121)) - 7e79c924-bd52-47e6-b840-dab7499902e6: shutdown FollowerState
2019-10-13 09:54:44,063 [Thread-180] INFO  impl.RaftServerImpl (RaftServerImpl.java:setRole(170)) - 7e79c924-bd52-47e6-b840-dab7499902e6@group-5C9D625368F6: changes role from  FOLLOWER to CANDIDATE at term 0 for changeToCandidate
2019-10-13 09:54:44,069 [Thread-180] INFO  impl.RoleInfo (RoleInfo.java:updateAndGet(143)) - 7e79c924-bd52-47e6-b840-dab7499902e6: start LeaderElection
2019-10-13 09:54:44,147 [7e79c924-bd52-47e6-b840-dab7499902e6@group-5C9D625368F6-LeaderElection1] INFO  impl.LeaderElection (LeaderElection.java:askForVotes(178)) - 7e79c924-bd52-47e6-b840-dab7499902e6@group-5C9D625368F6-LeaderElection1: begin an election at term 1 for -1: [7e79c924-bd52-47e6-b840-dab7499902e6:192.168.164.225:35545], old=null
2019-10-13 09:54:44,150 [7e79c924-bd52-47e6-b840-dab7499902e6@group-5C9D625368F6-LeaderElection1] INFO  impl.RoleInfo (RoleInfo.java:shutdownLeaderElection(134)) - 7e79c924-bd52-47e6-b840-dab7499902e6: shutdown LeaderElection
2019-10-13 09:54:44,151 [7e79c924-bd52-47e6-b840-dab7499902e6@group-5C9D625368F6-LeaderElection1] INFO  impl.RaftServerImpl (RaftServerImpl.java:setRole(170)) - 7e79c924-bd52-47e6-b840-dab7499902e6@group-5C9D625368F6: changes role from CANDIDATE to LEADER at term 1 for changeToLeader
2019-10-13 09:54:44,151 [7e79c924-bd52-47e6-b840-dab7499902e6@group-5C9D625368F6-LeaderElection1] INFO  impl.RaftServerImpl (ServerState.java:setLeader(255)) - 7e79c924-bd52-47e6-b840-dab7499902e6@group-5C9D625368F6: change Leader from null to 7e79c924-bd52-47e6-b840-dab7499902e6 at term 1 for becomeLeader, leader elected after 5407ms
2019-10-13 09:54:44,158 [7e79c924-bd52-47e6-b840-dab7499902e6@group-5C9D625368F6-LeaderElection1] INFO  server.RaftServerConfigKeys (ConfUtils.java:logGet(43)) - raft.server.staging.catchup.gap = 1000 (default)
2019-10-13 09:54:44,159 [7e79c924-bd52-47e6-b840-dab7499902e6@group-5C9D625368F6-LeaderElection1] INFO  server.RaftServerConfigKeys (ConfUtils.java:logGet(43)) - raft.server.rpc.sleep.time = 25ms (default)
2019-10-13 09:54:44,165 [7e79c924-bd52-47e6-b840-dab7499902e6@group-5C9D625368F6-LeaderElection1] INFO  server.RaftServerConfigKeys (ConfUtils.java:logGet(43)) - raft.server.write.element-limit = 4096 (default)
2019-10-13 09:54:44,169 [7e79c924-bd52-47e6-b840-dab7499902e6@group-5C9D625368F6-LeaderElection1] INFO  server.RaftServerConfigKeys (ConfUtils.java:logGet(43)) - raft.server.watch.timeout = 10s (default)
2019-10-13 09:54:44,169 [7e79c924-bd52-47e6-b840-dab7499902e6@group-5C9D625368F6-LeaderElection1] INFO  server.RaftServerConfigKeys (ConfUtils.java:logGet(43)) - raft.server.watch.timeout.denomination = 1s (default)
2019-10-13 09:54:44,170 [7e79c924-bd52-47e6-b840-dab7499902e6@group-5C9D625368F6-LeaderElection1] INFO  server.RaftServerConfigKeys (ConfUtils.java:logGet(43)) - raft.server.watch.element-limit = 65536 (default)
2019-10-13 09:54:44,189 [7e79c924-bd52-47e6-b840-dab7499902e6@group-5C9D625368F6-LeaderElection1] INFO  impl.RoleInfo (RoleInfo.java:updateAndGet(143)) - 7e79c924-bd52-47e6-b840-dab7499902e6: start LeaderState
2019-10-13 09:54:44,215 [7e79c924-bd52-47e6-b840-dab7499902e6@group-5C9D625368F6-LeaderElection1] INFO  segmented.SegmentedRaftLogWorker (SegmentedRaftLogWorker.java:startLogSegment(385)) - 7e79c924-bd52-47e6-b840-dab7499902e6@group-5C9D625368F6-SegmentedRaftLogWorker: Starting segment from index:0
2019-10-13 09:54:44,226 [7e79c924-bd52-47e6-b840-dab7499902e6@group-5C9D625368F6-LeaderElection1] INFO  impl.RaftServerImpl (ServerState.java:setRaftConf(356)) - 7e79c924-bd52-47e6-b840-dab7499902e6@group-5C9D625368F6: set configuration 0: [7e79c924-bd52-47e6-b840-dab7499902e6:192.168.164.225:35545], old=null at 0
2019-10-13 09:54:44,228 [Thread-183] INFO  impl.FollowerState (FollowerState.java:run(108)) - 0932c54c-dae2-4a30-acb6-82d05d8643cd@group-1ABDEC406A22-FollowerState: change to CANDIDATE, lastRpcTime:5143ms, electionTimeout:5142ms
2019-10-13 09:54:44,229 [Thread-183] INFO  impl.RoleInfo (RoleInfo.java:shutdownFollowerState(121)) - 0932c54c-dae2-4a30-acb6-82d05d8643cd: shutdown FollowerState
2019-10-13 09:54:44,229 [Thread-183] INFO  impl.RaftServerImpl (RaftServerImpl.java:setRole(170)) - 0932c54c-dae2-4a30-acb6-82d05d8643cd@group-1ABDEC406A22: changes role from  FOLLOWER to CANDIDATE at term 0 for changeToCandidate
2019-10-13 09:54:44,230 [Thread-183] INFO  impl.RoleInfo (RoleInfo.java:updateAndGet(143)) - 0932c54c-dae2-4a30-acb6-82d05d8643cd: start LeaderElection
2019-10-13 09:54:44,262 [0932c54c-dae2-4a30-acb6-82d05d8643cd@group-1ABDEC406A22-LeaderElection2] INFO  impl.LeaderElection (LeaderElection.java:askForVotes(178)) - 0932c54c-dae2-4a30-acb6-82d05d8643cd@group-1ABDEC406A22-LeaderElection2: begin an election at term 1 for -1: [0932c54c-dae2-4a30-acb6-82d05d8643cd:192.168.164.225:39524], old=null
2019-10-13 09:54:44,263 [0932c54c-dae2-4a30-acb6-82d05d8643cd@group-1ABDEC406A22-LeaderElection2] INFO  impl.RoleInfo (RoleInfo.java:shutdownLeaderElection(134)) - 0932c54c-dae2-4a30-acb6-82d05d8643cd: shutdown LeaderElection
2019-10-13 09:54:44,263 [0932c54c-dae2-4a30-acb6-82d05d8643cd@group-1ABDEC406A22-LeaderElection2] INFO  impl.RaftServerImpl (RaftServerImpl.java:setRole(170)) - 0932c54c-dae2-4a30-acb6-82d05d8643cd@group-1ABDEC406A22: changes role from CANDIDATE to LEADER at term 1 for changeToLeader
2019-10-13 09:54:44,263 [0932c54c-dae2-4a30-acb6-82d05d8643cd@group-1ABDEC406A22-LeaderElection2] INFO  impl.RaftServerImpl (ServerState.java:setLeader(255)) - 0932c54c-dae2-4a30-acb6-82d05d8643cd@group-1ABDEC406A22: change Leader from null to 0932c54c-dae2-4a30-acb6-82d05d8643cd at term 1 for becomeLeader, leader elected after 5198ms
2019-10-13 09:54:44,263 [0932c54c-dae2-4a30-acb6-82d05d8643cd@group-1ABDEC406A22-LeaderElection2] INFO  server.RaftServerConfigKeys (ConfUtils.java:logGet(43)) - raft.server.staging.catchup.gap = 1000 (default)
2019-10-13 09:54:44,264 [0932c54c-dae2-4a30-acb6-82d05d8643cd@group-1ABDEC406A22-LeaderElection2] INFO  server.RaftServerConfigKeys (ConfUtils.java:logGet(43)) - raft.server.rpc.sleep.time = 25ms (default)
2019-10-13 09:54:44,264 [0932c54c-dae2-4a30-acb6-82d05d8643cd@group-1ABDEC406A22-LeaderElection2] INFO  server.RaftServerConfigKeys (ConfUtils.java:logGet(43)) - raft.server.write.element-limit = 4096 (default)
2019-10-13 09:54:44,264 [0932c54c-dae2-4a30-acb6-82d05d8643cd@group-1ABDEC406A22-LeaderElection2] INFO  server.RaftServerConfigKeys (ConfUtils.java:logGet(43)) - raft.server.watch.timeout = 10s (default)
2019-10-13 09:54:44,264 [0932c54c-dae2-4a30-acb6-82d05d8643cd@group-1ABDEC406A22-LeaderElection2] INFO  server.RaftServerConfigKeys (ConfUtils.java:logGet(43)) - raft.server.watch.timeout.denomination = 1s (default)
2019-10-13 09:54:44,265 [0932c54c-dae2-4a30-acb6-82d05d8643cd@group-1ABDEC406A22-LeaderElection2] INFO  server.RaftServerConfigKeys (ConfUtils.java:logGet(43)) - raft.server.watch.element-limit = 65536 (default)
2019-10-13 09:54:44,268 [0932c54c-dae2-4a30-acb6-82d05d8643cd@group-1ABDEC406A22-LeaderElection2] INFO  impl.RoleInfo (RoleInfo.java:updateAndGet(143)) - 0932c54c-dae2-4a30-acb6-82d05d8643cd: start LeaderState
2019-10-13 09:54:44,268 [0932c54c-dae2-4a30-acb6-82d05d8643cd@group-1ABDEC406A22-LeaderElection2] INFO  segmented.SegmentedRaftLogWorker (SegmentedRaftLogWorker.java:startLogSegment(385)) - 0932c54c-dae2-4a30-acb6-82d05d8643cd@group-1ABDEC406A22-SegmentedRaftLogWorker: Starting segment from index:0
2019-10-13 09:54:44,269 [0932c54c-dae2-4a30-acb6-82d05d8643cd@group-1ABDEC406A22-LeaderElection2] INFO  impl.RaftServerImpl (ServerState.java:setRaftConf(356)) - 0932c54c-dae2-4a30-acb6-82d05d8643cd@group-1ABDEC406A22: set configuration 0: [0932c54c-dae2-4a30-acb6-82d05d8643cd:192.168.164.225:39524], old=null at 0
2019-10-13 09:54:44,317 [Thread-186] INFO  impl.FollowerState (FollowerState.java:run(108)) - 029fee23-2087-430f-9704-5b8d11793c8d@group-63B4F99A7DA9-FollowerState: change to CANDIDATE, lastRpcTime:5093ms, electionTimeout:5093ms
2019-10-13 09:54:44,317 [Thread-186] INFO  impl.RoleInfo (RoleInfo.java:shutdownFollowerState(121)) - 029fee23-2087-430f-9704-5b8d11793c8d: shutdown FollowerState
2019-10-13 09:54:44,317 [Thread-186] INFO  impl.RaftServerImpl (RaftServerImpl.java:setRole(170)) - 029fee23-2087-430f-9704-5b8d11793c8d@group-63B4F99A7DA9: changes role from  FOLLOWER to CANDIDATE at term 0 for changeToCandidate
2019-10-13 09:54:44,317 [Thread-186] INFO  impl.RoleInfo (RoleInfo.java:updateAndGet(143)) - 029fee23-2087-430f-9704-5b8d11793c8d: start LeaderElection
2019-10-13 09:54:44,356 [029fee23-2087-430f-9704-5b8d11793c8d@group-63B4F99A7DA9-LeaderElection3] INFO  impl.LeaderElection (LeaderElection.java:askForVotes(178)) - 029fee23-2087-430f-9704-5b8d11793c8d@group-63B4F99A7DA9-LeaderElection3: begin an election at term 1 for -1: [029fee23-2087-430f-9704-5b8d11793c8d:192.168.164.225:34603], old=null
2019-10-13 09:54:44,357 [029fee23-2087-430f-9704-5b8d11793c8d@group-63B4F99A7DA9-LeaderElection3] INFO  impl.RoleInfo (RoleInfo.java:shutdownLeaderElection(134)) - 029fee23-2087-430f-9704-5b8d11793c8d: shutdown LeaderElection
2019-10-13 09:54:44,357 [029fee23-2087-430f-9704-5b8d11793c8d@group-63B4F99A7DA9-LeaderElection3] INFO  impl.RaftServerImpl (RaftServerImpl.java:setRole(170)) - 029fee23-2087-430f-9704-5b8d11793c8d@group-63B4F99A7DA9: changes role from CANDIDATE to LEADER at term 1 for changeToLeader
2019-10-13 09:54:44,358 [029fee23-2087-430f-9704-5b8d11793c8d@group-63B4F99A7DA9-LeaderElection3] INFO  impl.RaftServerImpl (ServerState.java:setLeader(255)) - 029fee23-2087-430f-9704-5b8d11793c8d@group-63B4F99A7DA9: change Leader from null to 029fee23-2087-430f-9704-5b8d11793c8d at term 1 for becomeLeader, leader elected after 5160ms
2019-10-13 09:54:44,358 [029fee23-2087-430f-9704-5b8d11793c8d@group-63B4F99A7DA9-LeaderElection3] INFO  server.RaftServerConfigKeys (ConfUtils.java:logGet(43)) - raft.server.staging.catchup.gap = 1000 (default)
2019-10-13 09:54:44,358 [029fee23-2087-430f-9704-5b8d11793c8d@group-63B4F99A7DA9-LeaderElection3] INFO  server.RaftServerConfigKeys (ConfUtils.java:logGet(43)) - raft.server.rpc.sleep.time = 25ms (default)
2019-10-13 09:54:44,358 [029fee23-2087-430f-9704-5b8d11793c8d@group-63B4F99A7DA9-LeaderElection3] INFO  server.RaftServerConfigKeys (ConfUtils.java:logGet(43)) - raft.server.write.element-limit = 4096 (default)
2019-10-13 09:54:44,358 [029fee23-2087-430f-9704-5b8d11793c8d@group-63B4F99A7DA9-LeaderElection3] INFO  server.RaftServerConfigKeys (ConfUtils.java:logGet(43)) - raft.server.watch.timeout = 10s (default)
2019-10-13 09:54:44,359 [029fee23-2087-430f-9704-5b8d11793c8d@group-63B4F99A7DA9-LeaderElection3] INFO  server.RaftServerConfigKeys (ConfUtils.java:logGet(43)) - raft.server.watch.timeout.denomination = 1s (default)
2019-10-13 09:54:44,359 [029fee23-2087-430f-9704-5b8d11793c8d@group-63B4F99A7DA9-LeaderElection3] INFO  server.RaftServerConfigKeys (ConfUtils.java:logGet(43)) - raft.server.watch.element-limit = 65536 (default)
2019-10-13 09:54:44,362 [029fee23-2087-430f-9704-5b8d11793c8d@group-63B4F99A7DA9-LeaderElection3] INFO  impl.RoleInfo (RoleInfo.java:updateAndGet(143)) - 029fee23-2087-430f-9704-5b8d11793c8d: start LeaderState
2019-10-13 09:54:44,362 [029fee23-2087-430f-9704-5b8d11793c8d@group-63B4F99A7DA9-LeaderElection3] INFO  segmented.SegmentedRaftLogWorker (SegmentedRaftLogWorker.java:startLogSegment(385)) - 029fee23-2087-430f-9704-5b8d11793c8d@group-63B4F99A7DA9-SegmentedRaftLogWorker: Starting segment from index:0
2019-10-13 09:54:44,363 [029fee23-2087-430f-9704-5b8d11793c8d@group-63B4F99A7DA9-LeaderElection3] INFO  impl.RaftServerImpl (ServerState.java:setRaftConf(356)) - 029fee23-2087-430f-9704-5b8d11793c8d@group-63B4F99A7DA9: set configuration 0: [029fee23-2087-430f-9704-5b8d11793c8d:192.168.164.225:34603], old=null at 0
2019-10-13 09:54:44,411 [Thread-193] INFO  impl.FollowerState (FollowerState.java:run(108)) - 0932c54c-dae2-4a30-acb6-82d05d8643cd@group-AABEFBB5B799-FollowerState: change to CANDIDATE, lastRpcTime:5069ms, electionTimeout:5069ms
2019-10-13 09:54:44,412 [Thread-193] INFO  impl.RoleInfo (RoleInfo.java:shutdownFollowerState(121)) - 0932c54c-dae2-4a30-acb6-82d05d8643cd: shutdown FollowerState
2019-10-13 09:54:44,412 [Thread-193] INFO  impl.RaftServerImpl (RaftServerImpl.java:setRole(170)) - 0932c54c-dae2-4a30-acb6-82d05d8643cd@group-AABEFBB5B799: changes role from  FOLLOWER to CANDIDATE at term 0 for changeToCandidate
2019-10-13 09:54:44,412 [Thread-193] INFO  impl.RoleInfo (RoleInfo.java:updateAndGet(143)) - 0932c54c-dae2-4a30-acb6-82d05d8643cd: start LeaderElection
2019-10-13 09:54:45,491 [Thread-191] INFO  impl.FollowerState (FollowerState.java:run(108)) - 029fee23-2087-430f-9704-5b8d11793c8d@group-AABEFBB5B799-FollowerState: change to CANDIDATE, lastRpcTime:6153ms, electionTimeout:5132ms
2019-10-13 09:54:45,491 [Thread-192] INFO  impl.FollowerState (FollowerState.java:run(108)) - 7e79c924-bd52-47e6-b840-dab7499902e6@group-AABEFBB5B799-FollowerState: change to CANDIDATE, lastRpcTime:6150ms, electionTimeout:5171ms
2019-10-13 09:54:45,491 [SCM Heartbeat Processing Thread - 0] ERROR node.NodeStateManager (NodeStateManager.java:checkNodesHealth(626)) - Total time spend processing datanode HB's is greater than configured values for datanode heartbeats. Please adjust the heartbeat configs. Time Spend on HB processing: 0 seconds Datanode heartbeat Interval: 100 seconds.
2019-10-13 09:54:45,519 [Thread-192] INFO  impl.RoleInfo (RoleInfo.java:shutdownFollowerState(121)) - 7e79c924-bd52-47e6-b840-dab7499902e6: shutdown FollowerState
2019-10-13 09:54:45,513 [Thread-191] INFO  impl.RoleInfo (RoleInfo.java:shutdownFollowerState(121)) - 029fee23-2087-430f-9704-5b8d11793c8d: shutdown FollowerState
2019-10-13 09:54:45,520 [Thread-192] INFO  impl.RaftServerImpl (RaftServerImpl.java:setRole(170)) - 7e79c924-bd52-47e6-b840-dab7499902e6@group-AABEFBB5B799: changes role from  FOLLOWER to CANDIDATE at term 0 for changeToCandidate
2019-10-13 09:54:45,520 [Thread-191] INFO  impl.RaftServerImpl (RaftServerImpl.java:setRole(170)) - 029fee23-2087-430f-9704-5b8d11793c8d@group-AABEFBB5B799: changes role from  FOLLOWER to CANDIDATE at term 0 for changeToCandidate
2019-10-13 09:54:45,521 [Thread-192] INFO  impl.RoleInfo (RoleInfo.java:updateAndGet(143)) - 7e79c924-bd52-47e6-b840-dab7499902e6: start LeaderElection
2019-10-13 09:54:45,521 [Thread-191] INFO  impl.RoleInfo (RoleInfo.java:updateAndGet(143)) - 029fee23-2087-430f-9704-5b8d11793c8d: start LeaderElection
2019-10-13 09:54:45,531 [main] INFO  ozone.MiniOzoneClusterImpl (MiniOzoneClusterImpl.java:shutdown(314)) - Shutting down the Mini Ozone Cluster
2019-10-13 09:54:45,533 [main] INFO  ozone.MiniOzoneClusterImpl (MiniOzoneClusterImpl.java:stop(330)) - Stopping the Mini Ozone Cluster
2019-10-13 09:54:45,533 [main] INFO  ozone.MiniOzoneClusterImpl (MiniOzoneClusterImpl.java:stopOM(400)) - Stopping the OzoneManager
2019-10-13 09:54:45,534 [main] INFO  ipc.Server (Server.java:stop(3082)) - Stopping server on 34935
2019-10-13 09:54:45,539 [IPC Server listener on 34935] INFO  ipc.Server (Server.java:run(1185)) - Stopping IPC Server listener on 34935
2019-10-13 09:54:45,542 [main] INFO  ratis.OzoneManagerDoubleBuffer (OzoneManagerDoubleBuffer.java:stop(250)) - Stopping OMDoubleBuffer flush thread
2019-10-13 09:54:45,545 [IPC Server Responder] INFO  ipc.Server (Server.java:run(1319)) - Stopping IPC Server Responder
2019-10-13 09:54:45,545 [7e79c924-bd52-47e6-b840-dab7499902e6@group-AABEFBB5B799-LeaderElection5] INFO  impl.LeaderElection (LeaderElection.java:askForVotes(178)) - 7e79c924-bd52-47e6-b840-dab7499902e6@group-AABEFBB5B799-LeaderElection5: begin an election at term 1 for -1: [7e79c924-bd52-47e6-b840-dab7499902e6:192.168.164.225:35545, 0932c54c-dae2-4a30-acb6-82d05d8643cd:192.168.164.225:39524, 029fee23-2087-430f-9704-5b8d11793c8d:192.168.164.225:34603], old=null
2019-10-13 09:54:45,543 [029fee23-2087-430f-9704-5b8d11793c8d@group-AABEFBB5B799-LeaderElection6] INFO  impl.LeaderElection (LeaderElection.java:askForVotes(178)) - 029fee23-2087-430f-9704-5b8d11793c8d@group-AABEFBB5B799-LeaderElection6: begin an election at term 1 for -1: [7e79c924-bd52-47e6-b840-dab7499902e6:192.168.164.225:35545, 0932c54c-dae2-4a30-acb6-82d05d8643cd:192.168.164.225:39524, 029fee23-2087-430f-9704-5b8d11793c8d:192.168.164.225:34603], old=null
2019-10-13 09:54:45,543 [0932c54c-dae2-4a30-acb6-82d05d8643cd@group-AABEFBB5B799-LeaderElection4] INFO  impl.LeaderElection (LeaderElection.java:askForVotes(178)) - 0932c54c-dae2-4a30-acb6-82d05d8643cd@group-AABEFBB5B799-LeaderElection4: begin an election at term 1 for -1: [7e79c924-bd52-47e6-b840-dab7499902e6:192.168.164.225:35545, 0932c54c-dae2-4a30-acb6-82d05d8643cd:192.168.164.225:39524, 029fee23-2087-430f-9704-5b8d11793c8d:192.168.164.225:34603], old=null
2019-10-13 09:54:45,543 [0932c54c-dae2-4a30-acb6-82d05d8643cd@group-1ABDEC406A22-SegmentedRaftLogWorker] INFO  segmented.SegmentedRaftLogWorker (SegmentedRaftLogWorker.java:execute(574)) - 0932c54c-dae2-4a30-acb6-82d05d8643cd@group-1ABDEC406A22-SegmentedRaftLogWorker: created new log segment /workdir/hadoop-ozone/integration-test/target/test-dir/MiniOzoneClusterImpl-b87b1354-fc2a-4731-a682-e66a18681be7/datanode-2/data/ratis/ecf69ac6-0ee5-4a77-8e4e-1abdec406a22/current/log_inprogress_0
2019-10-13 09:54:45,543 [029fee23-2087-430f-9704-5b8d11793c8d@group-63B4F99A7DA9-SegmentedRaftLogWorker] INFO  segmented.SegmentedRaftLogWorker (SegmentedRaftLogWorker.java:execute(574)) - 029fee23-2087-430f-9704-5b8d11793c8d@group-63B4F99A7DA9-SegmentedRaftLogWorker: created new log segment /workdir/hadoop-ozone/integration-test/target/test-dir/MiniOzoneClusterImpl-b87b1354-fc2a-4731-a682-e66a18681be7/datanode-1/data/ratis/8c7dbeb4-3a5b-4c5d-87ab-63b4f99a7da9/current/log_inprogress_0
2019-10-13 09:54:45,543 [7e79c924-bd52-47e6-b840-dab7499902e6@group-5C9D625368F6-SegmentedRaftLogWorker] INFO  segmented.SegmentedRaftLogWorker (SegmentedRaftLogWorker.java:execute(574)) - 7e79c924-bd52-47e6-b840-dab7499902e6@group-5C9D625368F6-SegmentedRaftLogWorker: created new log segment /workdir/hadoop-ozone/integration-test/target/test-dir/MiniOzoneClusterImpl-b87b1354-fc2a-4731-a682-e66a18681be7/datanode-0/data/ratis/d0feec43-1495-494a-addf-5c9d625368f6/current/log_inprogress_0
2019-10-13 09:54:45,554 [OMDoubleBufferFlushThread] INFO  ratis.OzoneManagerDoubleBuffer (OzoneManagerDoubleBuffer.java:flushTransactions(193)) - OMDoubleBuffer flush thread OMDoubleBufferFlushThread is interrupted and will exit. OMDoubleBufferFlushThread
2019-10-13 09:54:45,566 [main] INFO  utils.BackgroundService (BackgroundService.java:shutdown(151)) - Shutting down service KeyDeletingService
2019-10-13 09:54:45,577 [main] INFO  handler.ContextHandler (ContextHandler.java:doStop(910)) - Stopped o.e.j.w.WebAppContext@4158debd{/,null,UNAVAILABLE}{/ozoneManager}
2019-10-13 09:54:45,589 [grpc-default-executor-1] INFO  impl.RaftServerProxy (RaftServerProxy.java:remove(95)) - 7e79c924-bd52-47e6-b840-dab7499902e6: remove CANDIDATE 7e79c924-bd52-47e6-b840-dab7499902e6@group-AABEFBB5B799:t1, leader=null, voted=7e79c924-bd52-47e6-b840-dab7499902e6, raftlog=7e79c924-bd52-47e6-b840-dab7499902e6@group-AABEFBB5B799-SegmentedRaftLog:OPENED:c-1,f-1,i0, conf=-1: [7e79c924-bd52-47e6-b840-dab7499902e6:192.168.164.225:35545, 0932c54c-dae2-4a30-acb6-82d05d8643cd:192.168.164.225:39524, 029fee23-2087-430f-9704-5b8d11793c8d:192.168.164.225:34603], old=null RUNNING
2019-10-13 09:54:45,603 [grpc-default-executor-1] INFO  impl.RaftServerImpl (RaftServerImpl.java:lambda$shutdown$3(247)) - 7e79c924-bd52-47e6-b840-dab7499902e6@group-AABEFBB5B799: shutdown
2019-10-13 09:54:45,605 [grpc-default-executor-1] INFO  util.JmxRegister (JmxRegister.java:unregister(73)) - Successfully un-registered JMX Bean with object name Ratis:service=RaftServer,group=group-AABEFBB5B799,id=7e79c924-bd52-47e6-b840-dab7499902e6
2019-10-13 09:54:45,605 [grpc-default-executor-1] INFO  impl.RoleInfo (RoleInfo.java:shutdownLeaderElection(134)) - 7e79c924-bd52-47e6-b840-dab7499902e6: shutdown LeaderElection
2019-10-13 09:54:45,605 [grpc-default-executor-1] INFO  impl.StateMachineUpdater (StateMachineUpdater.java:stopAndJoin(136)) - 7e79c924-bd52-47e6-b840-dab7499902e6@group-AABEFBB5B799-StateMachineUpdater: set stopIndex = -1
2019-10-13 09:54:45,607 [grpc-default-executor-1] INFO  impl.RaftServerImpl (ServerState.java:close(387)) - 7e79c924-bd52-47e6-b840-dab7499902e6@group-AABEFBB5B799: closes. applyIndex: -1
2019-10-13 09:54:45,609 [7e79c924-bd52-47e6-b840-dab7499902e6@group-AABEFBB5B799-SegmentedRaftLogWorker] INFO  segmented.SegmentedRaftLogWorker (SegmentedRaftLogWorker.java:run(316)) - 7e79c924-bd52-47e6-b840-dab7499902e6@group-AABEFBB5B799-SegmentedRaftLogWorker was interrupted, exiting. There are 0 tasks remaining in the queue.
2019-10-13 09:54:45,611 [grpc-default-executor-1] INFO  segmented.SegmentedRaftLogWorker (SegmentedRaftLogWorker.java:close(224)) - 7e79c924-bd52-47e6-b840-dab7499902e6@group-AABEFBB5B799-SegmentedRaftLogWorker close()
2019-10-13 09:54:45,611 [main] INFO  server.AbstractConnector (AbstractConnector.java:doStop(318)) - Stopped ServerConnector@af78c87{HTTP/1.1,[http/1.1]}{0.0.0.0:0}
2019-10-13 09:54:45,616 [main] INFO  handler.ContextHandler (ContextHandler.java:doStop(910)) - Stopped o.e.j.s.ServletContextHandler@65004ff6{/static,file:///workdir/hadoop-ozone/integration-test/target/test-classes/webapps/static,UNAVAILABLE}
2019-10-13 09:54:45,618 [main] INFO  handler.ContextHandler (ContextHandler.java:doStop(910)) - Stopped o.e.j.s.ServletContextHandler@49aa766b{/logs,file:///workdir/hadoop-ozone/integration-test/target/log,UNAVAILABLE}
2019-10-13 09:54:45,622 [grpc-default-executor-6] WARN  server.GrpcServerProtocolService (LogUtils.java:warn(136)) - 7e79c924-bd52-47e6-b840-dab7499902e6: Failed requestVote 0932c54c-dae2-4a30-acb6-82d05d8643cd->7e79c924-bd52-47e6-b840-dab7499902e6#0
org.apache.ratis.protocol.GroupMismatchException: 7e79c924-bd52-47e6-b840-dab7499902e6: group-AABEFBB5B799 not found.
	at org.apache.ratis.server.impl.RaftServerProxy$ImplMap.get(RaftServerProxy.java:122)
	at org.apache.ratis.server.impl.RaftServerProxy.getImplFuture(RaftServerProxy.java:269)
	at org.apache.ratis.server.impl.RaftServerProxy.getImpl(RaftServerProxy.java:278)
	at org.apache.ratis.server.impl.RaftServerProxy.getImpl(RaftServerProxy.java:273)
	at org.apache.ratis.server.impl.RaftServerProxy.requestVote(RaftServerProxy.java:443)
	at org.apache.ratis.grpc.server.GrpcServerProtocolService.requestVote(GrpcServerProtocolService.java:142)
	at org.apache.ratis.proto.grpc.RaftServerProtocolServiceGrpc$MethodHandlers.invoke(RaftServerProtocolServiceGrpc.java:319)
	at org.apache.ratis.thirdparty.io.grpc.stub.ServerCalls$UnaryServerCallHandler$UnaryServerCallListener.onHalfClose(ServerCalls.java:171)
	at org.apache.ratis.thirdparty.io.grpc.internal.ServerCallImpl$ServerStreamListenerImpl.halfClosed(ServerCallImpl.java:283)
	at org.apache.ratis.thirdparty.io.grpc.internal.ServerImpl$JumpToApplicationThreadServerStreamListener$1HalfClosed.runInContext(ServerImpl.java:710)
	at org.apache.ratis.thirdparty.io.grpc.internal.ContextRunnable.run(ContextRunnable.java:37)
	at org.apache.ratis.thirdparty.io.grpc.internal.SerializingExecutor.run(SerializingExecutor.java:123)
	at java.util.concurrent.ThreadPoolExecutor.runWorker(ThreadPoolExecutor.java:1149)
	at java.util.concurrent.ThreadPoolExecutor$Worker.run(ThreadPoolExecutor.java:624)
	at java.lang.Thread.run(Thread.java:748)
2019-10-13 09:54:45,622 [grpc-default-executor-2] WARN  server.GrpcServerProtocolService (LogUtils.java:warn(136)) - 7e79c924-bd52-47e6-b840-dab7499902e6: Failed requestVote 029fee23-2087-430f-9704-5b8d11793c8d->7e79c924-bd52-47e6-b840-dab7499902e6#0
org.apache.ratis.protocol.GroupMismatchException: 7e79c924-bd52-47e6-b840-dab7499902e6: group-AABEFBB5B799 not found.
	at org.apache.ratis.server.impl.RaftServerProxy$ImplMap.get(RaftServerProxy.java:122)
	at org.apache.ratis.server.impl.RaftServerProxy.getImplFuture(RaftServerProxy.java:269)
	at org.apache.ratis.server.impl.RaftServerProxy.getImpl(RaftServerProxy.java:278)
	at org.apache.ratis.server.impl.RaftServerProxy.getImpl(RaftServerProxy.java:273)
	at org.apache.ratis.server.impl.RaftServerProxy.requestVote(RaftServerProxy.java:443)
	at org.apache.ratis.grpc.server.GrpcServerProtocolService.requestVote(GrpcServerProtocolService.java:142)
	at org.apache.ratis.proto.grpc.RaftServerProtocolServiceGrpc$MethodHandlers.invoke(RaftServerProtocolServiceGrpc.java:319)
	at org.apache.ratis.thirdparty.io.grpc.stub.ServerCalls$UnaryServerCallHandler$UnaryServerCallListener.onHalfClose(ServerCalls.java:171)
	at org.apache.ratis.thirdparty.io.grpc.internal.ServerCallImpl$ServerStreamListenerImpl.halfClosed(ServerCallImpl.java:283)
	at org.apache.ratis.thirdparty.io.grpc.internal.ServerImpl$JumpToApplicationThreadServerStreamListener$1HalfClosed.runInContext(ServerImpl.java:710)
	at org.apache.ratis.thirdparty.io.grpc.internal.ContextRunnable.run(ContextRunnable.java:37)
	at org.apache.ratis.thirdparty.io.grpc.internal.SerializingExecutor.run(SerializingExecutor.java:123)
	at java.util.concurrent.ThreadPoolExecutor.runWorker(ThreadPoolExecutor.java:1149)
	at java.util.concurrent.ThreadPoolExecutor$Worker.run(ThreadPoolExecutor.java:624)
	at java.lang.Thread.run(Thread.java:748)
2019-10-13 09:54:45,628 [main] INFO  ozone.MiniOzoneClusterImpl (MiniOzoneClusterImpl.java:stopDatanodes(377)) - Stopping the HddsDatanodes
2019-10-13 09:54:45,637 [7e79c924-bd52-47e6-b840-dab7499902e6@group-AABEFBB5B799-LeaderElection5] INFO  impl.LeaderElection (LeaderElection.java:logAndReturn(56)) - 7e79c924-bd52-47e6-b840-dab7499902e6@group-AABEFBB5B799-LeaderElection5: Election REJECTED; received 1 response(s) [7e79c924-bd52-47e6-b840-dab7499902e6<-029fee23-2087-430f-9704-5b8d11793c8d#0:FAIL-t1] and 0 exception(s); 7e79c924-bd52-47e6-b840-dab7499902e6@group-AABEFBB5B799:t1, leader=null, voted=7e79c924-bd52-47e6-b840-dab7499902e6, raftlog=7e79c924-bd52-47e6-b840-dab7499902e6@group-AABEFBB5B799-SegmentedRaftLog:CLOSED:c-1, conf=-1: [7e79c924-bd52-47e6-b840-dab7499902e6:192.168.164.225:35545, 0932c54c-dae2-4a30-acb6-82d05d8643cd:192.168.164.225:39524, 029fee23-2087-430f-9704-5b8d11793c8d:192.168.164.225:34603], old=null
2019-10-13 09:54:45,653 [grpc-default-executor-0] INFO  impl.RaftServerProxy (RaftServerProxy.java:remove(95)) - 0932c54c-dae2-4a30-acb6-82d05d8643cd: remove CANDIDATE 0932c54c-dae2-4a30-acb6-82d05d8643cd@group-AABEFBB5B799:t1, leader=null, voted=0932c54c-dae2-4a30-acb6-82d05d8643cd, raftlog=0932c54c-dae2-4a30-acb6-82d05d8643cd@group-AABEFBB5B799-SegmentedRaftLog:OPENED:c-1,f-1,i0, conf=-1: [7e79c924-bd52-47e6-b840-dab7499902e6:192.168.164.225:35545, 0932c54c-dae2-4a30-acb6-82d05d8643cd:192.168.164.225:39524, 029fee23-2087-430f-9704-5b8d11793c8d:192.168.164.225:34603], old=null RUNNING
2019-10-13 09:54:45,654 [grpc-default-executor-0] INFO  impl.RaftServerImpl (RaftServerImpl.java:lambda$shutdown$3(247)) - 0932c54c-dae2-4a30-acb6-82d05d8643cd@group-AABEFBB5B799: shutdown
2019-10-13 09:54:45,654 [grpc-default-executor-0] INFO  util.JmxRegister (JmxRegister.java:unregister(73)) - Successfully un-registered JMX Bean with object name Ratis:service=RaftServer,group=group-AABEFBB5B799,id=0932c54c-dae2-4a30-acb6-82d05d8643cd
2019-10-13 09:54:45,654 [grpc-default-executor-0] INFO  impl.RoleInfo (RoleInfo.java:shutdownLeaderElection(134)) - 0932c54c-dae2-4a30-acb6-82d05d8643cd: shutdown LeaderElection
2019-10-13 09:54:45,654 [grpc-default-executor-0] INFO  impl.StateMachineUpdater (StateMachineUpdater.java:stopAndJoin(136)) - 0932c54c-dae2-4a30-acb6-82d05d8643cd@group-AABEFBB5B799-StateMachineUpdater: set stopIndex = -1
2019-10-13 09:54:45,655 [grpc-default-executor-0] INFO  impl.RaftServerImpl (ServerState.java:close(387)) - 0932c54c-dae2-4a30-acb6-82d05d8643cd@group-AABEFBB5B799: closes. applyIndex: -1
2019-10-13 09:54:45,656 [0932c54c-dae2-4a30-acb6-82d05d8643cd@group-AABEFBB5B799-SegmentedRaftLogWorker] INFO  segmented.SegmentedRaftLogWorker (SegmentedRaftLogWorker.java:run(316)) - 0932c54c-dae2-4a30-acb6-82d05d8643cd@group-AABEFBB5B799-SegmentedRaftLogWorker was interrupted, exiting. There are 0 tasks remaining in the queue.
2019-10-13 09:54:45,656 [grpc-default-executor-0] INFO  segmented.SegmentedRaftLogWorker (SegmentedRaftLogWorker.java:close(224)) - 0932c54c-dae2-4a30-acb6-82d05d8643cd@group-AABEFBB5B799-SegmentedRaftLogWorker close()
2019-10-13 09:54:45,673 [grpc-default-executor-0] INFO  impl.RaftServerProxy (RaftServerProxy.java:remove(95)) - 029fee23-2087-430f-9704-5b8d11793c8d: remove CANDIDATE 029fee23-2087-430f-9704-5b8d11793c8d@group-AABEFBB5B799:t1, leader=null, voted=029fee23-2087-430f-9704-5b8d11793c8d, raftlog=029fee23-2087-430f-9704-5b8d11793c8d@group-AABEFBB5B799-SegmentedRaftLog:OPENED:c-1,f-1,i0, conf=-1: [7e79c924-bd52-47e6-b840-dab7499902e6:192.168.164.225:35545, 0932c54c-dae2-4a30-acb6-82d05d8643cd:192.168.164.225:39524, 029fee23-2087-430f-9704-5b8d11793c8d:192.168.164.225:34603], old=null RUNNING
2019-10-13 09:54:45,674 [grpc-default-executor-0] INFO  impl.RaftServerImpl (RaftServerImpl.java:lambda$shutdown$3(247)) - 029fee23-2087-430f-9704-5b8d11793c8d@group-AABEFBB5B799: shutdown
2019-10-13 09:54:45,674 [grpc-default-executor-0] INFO  util.JmxRegister (JmxRegister.java:unregister(73)) - Successfully un-registered JMX Bean with object name Ratis:service=RaftServer,group=group-AABEFBB5B799,id=029fee23-2087-430f-9704-5b8d11793c8d
2019-10-13 09:54:45,674 [grpc-default-executor-0] INFO  impl.RoleInfo (RoleInfo.java:shutdownLeaderElection(134)) - 029fee23-2087-430f-9704-5b8d11793c8d: shutdown LeaderElection
2019-10-13 09:54:45,674 [grpc-default-executor-0] INFO  impl.StateMachineUpdater (StateMachineUpdater.java:stopAndJoin(136)) - 029fee23-2087-430f-9704-5b8d11793c8d@group-AABEFBB5B799-StateMachineUpdater: set stopIndex = -1
2019-10-13 09:54:45,675 [grpc-default-executor-0] INFO  impl.RaftServerImpl (ServerState.java:close(387)) - 029fee23-2087-430f-9704-5b8d11793c8d@group-AABEFBB5B799: closes. applyIndex: -1
2019-10-13 09:54:45,675 [029fee23-2087-430f-9704-5b8d11793c8d@group-AABEFBB5B799-SegmentedRaftLogWorker] INFO  segmented.SegmentedRaftLogWorker (SegmentedRaftLogWorker.java:run(316)) - 029fee23-2087-430f-9704-5b8d11793c8d@group-AABEFBB5B799-SegmentedRaftLogWorker was interrupted, exiting. There are 0 tasks remaining in the queue.
2019-10-13 09:54:45,677 [grpc-default-executor-0] INFO  segmented.SegmentedRaftLogWorker (SegmentedRaftLogWorker.java:close(224)) - 029fee23-2087-430f-9704-5b8d11793c8d@group-AABEFBB5B799-SegmentedRaftLogWorker close()
2019-10-13 09:54:45,686 [RatisPipelineUtilsThread] INFO  pipeline.PipelineStateManager (PipelineStateManager.java:removePipeline(108)) - Pipeline Pipeline[ Id: 28f02eb3-3181-4867-a39b-aabefbb5b799, Nodes: 7e79c924-bd52-47e6-b840-dab7499902e6{ip: 192.168.164.225, host: pr-hdds2071-28zjt-764321718, networkLocation: /default-rack, certSerialId: null}0932c54c-dae2-4a30-acb6-82d05d8643cd{ip: 192.168.164.225, host: pr-hdds2071-28zjt-764321718, networkLocation: /default-rack, certSerialId: null}029fee23-2087-430f-9704-5b8d11793c8d{ip: 192.168.164.225, host: pr-hdds2071-28zjt-764321718, networkLocation: /default-rack, certSerialId: null}, Type:RATIS, Factor:THREE, State:CLOSED] removed from db
2019-10-13 09:54:45,698 [0932c54c-dae2-4a30-acb6-82d05d8643cd@group-AABEFBB5B799-LeaderElection4] INFO  impl.LeaderElection (LogUtils.java:infoOrTrace(149)) - 0932c54c-dae2-4a30-acb6-82d05d8643cd@group-AABEFBB5B799-LeaderElection4 got exception when requesting votes: {}
java.util.concurrent.ExecutionException: org.apache.ratis.thirdparty.io.grpc.StatusRuntimeException: INTERNAL: 7e79c924-bd52-47e6-b840-dab7499902e6: group-AABEFBB5B799 not found.
	at java.util.concurrent.FutureTask.report(FutureTask.java:122)
	at java.util.concurrent.FutureTask.get(FutureTask.java:192)
	at org.apache.ratis.server.impl.LeaderElection.waitForResults(LeaderElection.java:259)
	at org.apache.ratis.server.impl.LeaderElection.askForVotes(LeaderElection.java:197)
	at org.apache.ratis.server.impl.LeaderElection.run(LeaderElection.java:133)
	at java.lang.Thread.run(Thread.java:748)
Caused by: org.apache.ratis.thirdparty.io.grpc.StatusRuntimeException: INTERNAL: 7e79c924-bd52-47e6-b840-dab7499902e6: group-AABEFBB5B799 not found.
	at org.apache.ratis.thirdparty.io.grpc.stub.ClientCalls.toStatusRuntimeException(ClientCalls.java:233)
	at org.apache.ratis.thirdparty.io.grpc.stub.ClientCalls.getUnchecked(ClientCalls.java:214)
	at org.apache.ratis.thirdparty.io.grpc.stub.ClientCalls.blockingUnaryCall(ClientCalls.java:139)
	at org.apache.ratis.proto.grpc.RaftServerProtocolServiceGrpc$RaftServerProtocolServiceBlockingStub.requestVote(RaftServerProtocolServiceGrpc.java:265)
	at org.apache.ratis.grpc.server.GrpcServerProtocolClient.requestVote(GrpcServerProtocolClient.java:99)
	at org.apache.ratis.grpc.server.GrpcService.requestVote(GrpcService.java:204)
	at org.apache.ratis.server.impl.LeaderElection.lambda$submitRequests$1(LeaderElection.java:234)
	at java.util.concurrent.FutureTask.run(FutureTask.java:266)
	at java.util.concurrent.Executors$RunnableAdapter.call(Executors.java:511)
	at java.util.concurrent.FutureTask.run(FutureTask.java:266)
	at java.util.concurrent.ThreadPoolExecutor.runWorker(ThreadPoolExecutor.java:1149)
	at java.util.concurrent.ThreadPoolExecutor$Worker.run(ThreadPoolExecutor.java:624)
	... 1 more
2019-10-13 09:54:45,698 [029fee23-2087-430f-9704-5b8d11793c8d@group-AABEFBB5B799-LeaderElection6] INFO  impl.LeaderElection (LogUtils.java:infoOrTrace(149)) - 029fee23-2087-430f-9704-5b8d11793c8d@group-AABEFBB5B799-LeaderElection6 got exception when requesting votes: {}
java.util.concurrent.ExecutionException: org.apache.ratis.thirdparty.io.grpc.StatusRuntimeException: INTERNAL: 7e79c924-bd52-47e6-b840-dab7499902e6: group-AABEFBB5B799 not found.
	at java.util.concurrent.FutureTask.report(FutureTask.java:122)
	at java.util.concurrent.FutureTask.get(FutureTask.java:192)
	at org.apache.ratis.server.impl.LeaderElection.waitForResults(LeaderElection.java:259)
	at org.apache.ratis.server.impl.LeaderElection.askForVotes(LeaderElection.java:197)
	at org.apache.ratis.server.impl.LeaderElection.run(LeaderElection.java:133)
	at java.lang.Thread.run(Thread.java:748)
Caused by: org.apache.ratis.thirdparty.io.grpc.StatusRuntimeException: INTERNAL: 7e79c924-bd52-47e6-b840-dab7499902e6: group-AABEFBB5B799 not found.
	at org.apache.ratis.thirdparty.io.grpc.stub.ClientCalls.toStatusRuntimeException(ClientCalls.java:233)
	at org.apache.ratis.thirdparty.io.grpc.stub.ClientCalls.getUnchecked(ClientCalls.java:214)
	at org.apache.ratis.thirdparty.io.grpc.stub.ClientCalls.blockingUnaryCall(ClientCalls.java:139)
	at org.apache.ratis.proto.grpc.RaftServerProtocolServiceGrpc$RaftServerProtocolServiceBlockingStub.requestVote(RaftServerProtocolServiceGrpc.java:265)
	at org.apache.ratis.grpc.server.GrpcServerProtocolClient.requestVote(GrpcServerProtocolClient.java:99)
	at org.apache.ratis.grpc.server.GrpcService.requestVote(GrpcService.java:204)
	at org.apache.ratis.server.impl.LeaderElection.lambda$submitRequests$1(LeaderElection.java:234)
	at java.util.concurrent.FutureTask.run(FutureTask.java:266)
	at java.util.concurrent.Executors$RunnableAdapter.call(Executors.java:511)
	at java.util.concurrent.FutureTask.run(FutureTask.java:266)
	at java.util.concurrent.ThreadPoolExecutor.runWorker(ThreadPoolExecutor.java:1149)
	at java.util.concurrent.ThreadPoolExecutor$Worker.run(ThreadPoolExecutor.java:624)
	... 1 more
2019-10-13 09:54:45,701 [0932c54c-dae2-4a30-acb6-82d05d8643cd@group-AABEFBB5B799-LeaderElection4] INFO  impl.LeaderElection (LeaderElection.java:logAndReturn(56)) - 0932c54c-dae2-4a30-acb6-82d05d8643cd@group-AABEFBB5B799-LeaderElection4: Election REJECTED; received 1 response(s) [0932c54c-dae2-4a30-acb6-82d05d8643cd<-029fee23-2087-430f-9704-5b8d11793c8d#0:FAIL-t1] and 1 exception(s); 0932c54c-dae2-4a30-acb6-82d05d8643cd@group-AABEFBB5B799:t1, leader=null, voted=0932c54c-dae2-4a30-acb6-82d05d8643cd, raftlog=0932c54c-dae2-4a30-acb6-82d05d8643cd@group-AABEFBB5B799-SegmentedRaftLog:CLOSED:c-1, conf=-1: [7e79c924-bd52-47e6-b840-dab7499902e6:192.168.164.225:35545, 0932c54c-dae2-4a30-acb6-82d05d8643cd:192.168.164.225:39524, 029fee23-2087-430f-9704-5b8d11793c8d:192.168.164.225:34603], old=null
2019-10-13 09:54:45,707 [029fee23-2087-430f-9704-5b8d11793c8d@group-AABEFBB5B799-LeaderElection6] INFO  impl.LeaderElection (LeaderElection.java:logAndReturn(56)) - 029fee23-2087-430f-9704-5b8d11793c8d@group-AABEFBB5B799-LeaderElection6: Election REJECTED; received 1 response(s) [029fee23-2087-430f-9704-5b8d11793c8d<-0932c54c-dae2-4a30-acb6-82d05d8643cd#0:FAIL-t1] and 1 exception(s); 029fee23-2087-430f-9704-5b8d11793c8d@group-AABEFBB5B799:t1, leader=null, voted=029fee23-2087-430f-9704-5b8d11793c8d, raftlog=029fee23-2087-430f-9704-5b8d11793c8d@group-AABEFBB5B799-SegmentedRaftLog:CLOSED:c-1, conf=-1: [7e79c924-bd52-47e6-b840-dab7499902e6:192.168.164.225:35545, 0932c54c-dae2-4a30-acb6-82d05d8643cd:192.168.164.225:39524, 029fee23-2087-430f-9704-5b8d11793c8d:192.168.164.225:34603], old=null
2019-10-13 09:54:45,707 [0932c54c-dae2-4a30-acb6-82d05d8643cd@group-AABEFBB5B799-LeaderElection4] INFO  impl.LeaderElection (LogUtils.java:infoOrTrace(149)) -   Exception 0: {}
java.util.concurrent.ExecutionException: org.apache.ratis.thirdparty.io.grpc.StatusRuntimeException: INTERNAL: 7e79c924-bd52-47e6-b840-dab7499902e6: group-AABEFBB5B799 not found.
	at java.util.concurrent.FutureTask.report(FutureTask.java:122)
	at java.util.concurrent.FutureTask.get(FutureTask.java:192)
	at org.apache.ratis.server.impl.LeaderElection.waitForResults(LeaderElection.java:259)
	at org.apache.ratis.server.impl.LeaderElection.askForVotes(LeaderElection.java:197)
	at org.apache.ratis.server.impl.LeaderElection.run(LeaderElection.java:133)
	at java.lang.Thread.run(Thread.java:748)
Caused by: org.apache.ratis.thirdparty.io.grpc.StatusRuntimeException: INTERNAL: 7e79c924-bd52-47e6-b840-dab7499902e6: group-AABEFBB5B799 not found.
	at org.apache.ratis.thirdparty.io.grpc.stub.ClientCalls.toStatusRuntimeException(ClientCalls.java:233)
	at org.apache.ratis.thirdparty.io.grpc.stub.ClientCalls.getUnchecked(ClientCalls.java:214)
	at org.apache.ratis.thirdparty.io.grpc.stub.ClientCalls.blockingUnaryCall(ClientCalls.java:139)
	at org.apache.ratis.proto.grpc.RaftServerProtocolServiceGrpc$RaftServerProtocolServiceBlockingStub.requestVote(RaftServerProtocolServiceGrpc.java:265)
	at org.apache.ratis.grpc.server.GrpcServerProtocolClient.requestVote(GrpcServerProtocolClient.java:99)
	at org.apache.ratis.grpc.server.GrpcService.requestVote(GrpcService.java:204)
	at org.apache.ratis.server.impl.LeaderElection.lambda$submitRequests$1(LeaderElection.java:234)
	at java.util.concurrent.FutureTask.run(FutureTask.java:266)
	at java.util.concurrent.Executors$RunnableAdapter.call(Executors.java:511)
	at java.util.concurrent.FutureTask.run(FutureTask.java:266)
	at java.util.concurrent.ThreadPoolExecutor.runWorker(ThreadPoolExecutor.java:1149)
	at java.util.concurrent.ThreadPoolExecutor$Worker.run(ThreadPoolExecutor.java:624)
	... 1 more
2019-10-13 09:54:45,708 [029fee23-2087-430f-9704-5b8d11793c8d@group-AABEFBB5B799-LeaderElection6] INFO  impl.LeaderElection (LogUtils.java:infoOrTrace(149)) -   Exception 0: {}
java.util.concurrent.ExecutionException: org.apache.ratis.thirdparty.io.grpc.StatusRuntimeException: INTERNAL: 7e79c924-bd52-47e6-b840-dab7499902e6: group-AABEFBB5B799 not found.
	at java.util.concurrent.FutureTask.report(FutureTask.java:122)
	at java.util.concurrent.FutureTask.get(FutureTask.java:192)
	at org.apache.ratis.server.impl.LeaderElection.waitForResults(LeaderElection.java:259)
	at org.apache.ratis.server.impl.LeaderElection.askForVotes(LeaderElection.java:197)
	at org.apache.ratis.server.impl.LeaderElection.run(LeaderElection.java:133)
	at java.lang.Thread.run(Thread.java:748)
Caused by: org.apache.ratis.thirdparty.io.grpc.StatusRuntimeException: INTERNAL: 7e79c924-bd52-47e6-b840-dab7499902e6: group-AABEFBB5B799 not found.
	at org.apache.ratis.thirdparty.io.grpc.stub.ClientCalls.toStatusRuntimeException(ClientCalls.java:233)
	at org.apache.ratis.thirdparty.io.grpc.stub.ClientCalls.getUnchecked(ClientCalls.java:214)
	at org.apache.ratis.thirdparty.io.grpc.stub.ClientCalls.blockingUnaryCall(ClientCalls.java:139)
	at org.apache.ratis.proto.grpc.RaftServerProtocolServiceGrpc$RaftServerProtocolServiceBlockingStub.requestVote(RaftServerProtocolServiceGrpc.java:265)
	at org.apache.ratis.grpc.server.GrpcServerProtocolClient.requestVote(GrpcServerProtocolClient.java:99)
	at org.apache.ratis.grpc.server.GrpcService.requestVote(GrpcService.java:204)
	at org.apache.ratis.server.impl.LeaderElection.lambda$submitRequests$1(LeaderElection.java:234)
	at java.util.concurrent.FutureTask.run(FutureTask.java:266)
	at java.util.concurrent.Executors$RunnableAdapter.call(Executors.java:511)
	at java.util.concurrent.FutureTask.run(FutureTask.java:266)
	at java.util.concurrent.ThreadPoolExecutor.runWorker(ThreadPoolExecutor.java:1149)
	at java.util.concurrent.ThreadPoolExecutor$Worker.run(ThreadPoolExecutor.java:624)
	... 1 more
2019-10-13 09:54:45,718 [grpc-default-executor-0] INFO  impl.RaftServerProxy (RaftServerProxy.java:addNew(89)) - 0932c54c-dae2-4a30-acb6-82d05d8643cd: addNew group-21C6B34CE07D:[7e79c924-bd52-47e6-b840-dab7499902e6:192.168.164.225:35545, 0932c54c-dae2-4a30-acb6-82d05d8643cd:192.168.164.225:39524, 029fee23-2087-430f-9704-5b8d11793c8d:192.168.164.225:34603] returns group-21C6B34CE07D:java.util.concurrent.CompletableFuture@76c45215[Not completed]
2019-10-13 09:54:45,718 [grpc-default-executor-2] INFO  impl.RaftServerProxy (RaftServerProxy.java:addNew(89)) - 029fee23-2087-430f-9704-5b8d11793c8d: addNew group-21C6B34CE07D:[7e79c924-bd52-47e6-b840-dab7499902e6:192.168.164.225:35545, 0932c54c-dae2-4a30-acb6-82d05d8643cd:192.168.164.225:39524, 029fee23-2087-430f-9704-5b8d11793c8d:192.168.164.225:34603] returns group-21C6B34CE07D:java.util.concurrent.CompletableFuture@3dcdeabe[Not completed]
2019-10-13 09:54:45,720 [grpc-default-executor-6] INFO  impl.RaftServerProxy (RaftServerProxy.java:addNew(89)) - 7e79c924-bd52-47e6-b840-dab7499902e6: addNew group-21C6B34CE07D:[7e79c924-bd52-47e6-b840-dab7499902e6:192.168.164.225:35545, 0932c54c-dae2-4a30-acb6-82d05d8643cd:192.168.164.225:39524, 029fee23-2087-430f-9704-5b8d11793c8d:192.168.164.225:34603] returns group-21C6B34CE07D:java.util.concurrent.CompletableFuture@295cd03d[Not completed]
2019-10-13 09:54:45,720 [pool-47-thread-1] INFO  impl.RaftServerImpl (RaftServerImpl.java:<init>(95)) - 0932c54c-dae2-4a30-acb6-82d05d8643cd: new RaftServerImpl for group-21C6B34CE07D:[7e79c924-bd52-47e6-b840-dab7499902e6:192.168.164.225:35545, 0932c54c-dae2-4a30-acb6-82d05d8643cd:192.168.164.225:39524, 029fee23-2087-430f-9704-5b8d11793c8d:192.168.164.225:34603] with ContainerStateMachine:uninitialized
2019-10-13 09:54:45,720 [pool-47-thread-1] INFO  server.RaftServerConfigKeys (ConfUtils.java:logGet(43)) - raft.server.rpc.timeout.min = 5s (custom)
2019-10-13 09:54:45,721 [pool-47-thread-1] INFO  server.RaftServerConfigKeys (ConfUtils.java:logGet(43)) - raft.server.rpc.timeout.max = 5200ms (custom)
2019-10-13 09:54:45,721 [pool-47-thread-1] INFO  server.RaftServerConfigKeys (ConfUtils.java:logGet(43)) - raft.server.rpcslowness.timeout = 120s (custom)
2019-10-13 09:54:45,721 [pool-47-thread-1] INFO  server.RaftServerConfigKeys (ConfUtils.java:logGet(43)) - raft.server.sleep.deviation.threshold = 300 (default)
2019-10-13 09:54:45,721 [pool-27-thread-1] INFO  impl.RaftServerImpl (RaftServerImpl.java:<init>(95)) - 7e79c924-bd52-47e6-b840-dab7499902e6: new RaftServerImpl for group-21C6B34CE07D:[7e79c924-bd52-47e6-b840-dab7499902e6:192.168.164.225:35545, 0932c54c-dae2-4a30-acb6-82d05d8643cd:192.168.164.225:39524, 029fee23-2087-430f-9704-5b8d11793c8d:192.168.164.225:34603] with ContainerStateMachine:uninitialized
2019-10-13 09:54:45,721 [pool-47-thread-1] INFO  server.RaftServerConfigKeys (ConfUtils.java:logGet(43)) - raft.server.log.appender.install.snapshot.enabled = false (custom)
2019-10-13 09:54:45,721 [pool-27-thread-1] INFO  server.RaftServerConfigKeys (ConfUtils.java:logGet(43)) - raft.server.rpc.timeout.min = 5s (custom)
2019-10-13 09:54:45,721 [pool-47-thread-1] INFO  impl.RaftServerImpl (ServerState.java:<init>(103)) - 0932c54c-dae2-4a30-acb6-82d05d8643cd@group-21C6B34CE07D: ConfigurationManager, init=-1: [7e79c924-bd52-47e6-b840-dab7499902e6:192.168.164.225:35545, 0932c54c-dae2-4a30-acb6-82d05d8643cd:192.168.164.225:39524, 029fee23-2087-430f-9704-5b8d11793c8d:192.168.164.225:34603], old=null, confs=<EMPTY_MAP>
2019-10-13 09:54:45,721 [pool-27-thread-1] INFO  server.RaftServerConfigKeys (ConfUtils.java:logGet(43)) - raft.server.rpc.timeout.max = 5200ms (custom)
2019-10-13 09:54:45,721 [pool-27-thread-1] INFO  server.RaftServerConfigKeys (ConfUtils.java:logGet(43)) - raft.server.rpcslowness.timeout = 120s (custom)
2019-10-13 09:54:45,721 [pool-47-thread-1] INFO  server.RaftServerConfigKeys (ConfUtils.java:logGet(43)) - raft.server.storage.dir = [/workdir/hadoop-ozone/integration-test/target/test-dir/MiniOzoneClusterImpl-b87b1354-fc2a-4731-a682-e66a18681be7/datanode-2/data/ratis] (custom)
2019-10-13 09:54:45,722 [pool-27-thread-1] INFO  server.RaftServerConfigKeys (ConfUtils.java:logGet(43)) - raft.server.sleep.deviation.threshold = 300 (default)
2019-10-13 09:54:45,722 [pool-37-thread-1] INFO  impl.RaftServerImpl (RaftServerImpl.java:<init>(95)) - 029fee23-2087-430f-9704-5b8d11793c8d: new RaftServerImpl for group-21C6B34CE07D:[7e79c924-bd52-47e6-b840-dab7499902e6:192.168.164.225:35545, 0932c54c-dae2-4a30-acb6-82d05d8643cd:192.168.164.225:39524, 029fee23-2087-430f-9704-5b8d11793c8d:192.168.164.225:34603] with ContainerStateMachine:uninitialized
2019-10-13 09:54:45,722 [pool-47-thread-1] INFO  server.RaftServerConfigKeys (ConfUtils.java:logGet(43)) - raft.server.log.corruption.policy = EXCEPTION (default)
2019-10-13 09:54:45,722 [pool-27-thread-1] INFO  server.RaftServerConfigKeys (ConfUtils.java:logGet(43)) - raft.server.log.appender.install.snapshot.enabled = false (custom)
2019-10-13 09:54:45,722 [pool-47-thread-1] INFO  storage.RaftStorageDirectory (RaftStorageDirectory.java:analyzeStorage(246)) - The storage directory /workdir/hadoop-ozone/integration-test/target/test-dir/MiniOzoneClusterImpl-b87b1354-fc2a-4731-a682-e66a18681be7/datanode-2/data/ratis/581d416f-cf27-422a-a26d-21c6b34ce07d does not exist. Creating ...
2019-10-13 09:54:45,722 [pool-37-thread-1] INFO  server.RaftServerConfigKeys (ConfUtils.java:logGet(43)) - raft.server.rpc.timeout.min = 5s (custom)
2019-10-13 09:54:45,722 [pool-27-thread-1] INFO  impl.RaftServerImpl (ServerState.java:<init>(103)) - 7e79c924-bd52-47e6-b840-dab7499902e6@group-21C6B34CE07D: ConfigurationManager, init=-1: [7e79c924-bd52-47e6-b840-dab7499902e6:192.168.164.225:35545, 0932c54c-dae2-4a30-acb6-82d05d8643cd:192.168.164.225:39524, 029fee23-2087-430f-9704-5b8d11793c8d:192.168.164.225:34603], old=null, confs=<EMPTY_MAP>
2019-10-13 09:54:45,722 [pool-37-thread-1] INFO  server.RaftServerConfigKeys (ConfUtils.java:logGet(43)) - raft.server.rpc.timeout.max = 5200ms (custom)
2019-10-13 09:54:45,722 [pool-37-thread-1] INFO  server.RaftServerConfigKeys (ConfUtils.java:logGet(43)) - raft.server.rpcslowness.timeout = 120s (custom)
2019-10-13 09:54:45,723 [pool-27-thread-1] INFO  server.RaftServerConfigKeys (ConfUtils.java:logGet(43)) - raft.server.storage.dir = [/workdir/hadoop-ozone/integration-test/target/test-dir/MiniOzoneClusterImpl-b87b1354-fc2a-4731-a682-e66a18681be7/datanode-0/data/ratis] (custom)
2019-10-13 09:54:45,723 [pool-37-thread-1] INFO  server.RaftServerConfigKeys (ConfUtils.java:logGet(43)) - raft.server.sleep.deviation.threshold = 300 (default)
2019-10-13 09:54:45,723 [pool-37-thread-1] INFO  server.RaftServerConfigKeys (ConfUtils.java:logGet(43)) - raft.server.log.appender.install.snapshot.enabled = false (custom)
2019-10-13 09:54:45,723 [pool-27-thread-1] INFO  server.RaftServerConfigKeys (ConfUtils.java:logGet(43)) - raft.server.log.corruption.policy = EXCEPTION (default)
2019-10-13 09:54:45,723 [pool-37-thread-1] INFO  impl.RaftServerImpl (ServerState.java:<init>(103)) - 029fee23-2087-430f-9704-5b8d11793c8d@group-21C6B34CE07D: ConfigurationManager, init=-1: [7e79c924-bd52-47e6-b840-dab7499902e6:192.168.164.225:35545, 0932c54c-dae2-4a30-acb6-82d05d8643cd:192.168.164.225:39524, 029fee23-2087-430f-9704-5b8d11793c8d:192.168.164.225:34603], old=null, confs=<EMPTY_MAP>
2019-10-13 09:54:45,723 [pool-27-thread-1] INFO  storage.RaftStorageDirectory (RaftStorageDirectory.java:analyzeStorage(246)) - The storage directory /workdir/hadoop-ozone/integration-test/target/test-dir/MiniOzoneClusterImpl-b87b1354-fc2a-4731-a682-e66a18681be7/datanode-0/data/ratis/581d416f-cf27-422a-a26d-21c6b34ce07d does not exist. Creating ...
2019-10-13 09:54:45,723 [pool-37-thread-1] INFO  server.RaftServerConfigKeys (ConfUtils.java:logGet(43)) - raft.server.storage.dir = [/workdir/hadoop-ozone/integration-test/target/test-dir/MiniOzoneClusterImpl-b87b1354-fc2a-4731-a682-e66a18681be7/datanode-1/data/ratis] (custom)
2019-10-13 09:54:45,723 [pool-37-thread-1] INFO  server.RaftServerConfigKeys (ConfUtils.java:logGet(43)) - raft.server.log.corruption.policy = EXCEPTION (default)
2019-10-13 09:54:45,724 [pool-37-thread-1] INFO  storage.RaftStorageDirectory (RaftStorageDirectory.java:analyzeStorage(246)) - The storage directory /workdir/hadoop-ozone/integration-test/target/test-dir/MiniOzoneClusterImpl-b87b1354-fc2a-4731-a682-e66a18681be7/datanode-1/data/ratis/581d416f-cf27-422a-a26d-21c6b34ce07d does not exist. Creating ...
2019-10-13 09:54:45,746 [pool-37-thread-1] INFO  storage.RaftStorageDirectory (RaftStorageDirectory.java:tryLock(328)) - Lock on /workdir/hadoop-ozone/integration-test/target/test-dir/MiniOzoneClusterImpl-b87b1354-fc2a-4731-a682-e66a18681be7/datanode-1/data/ratis/581d416f-cf27-422a-a26d-21c6b34ce07d/in_use.lock acquired by nodename 6782@pr-hdds2071-28zjt-764321718
2019-10-13 09:54:45,746 [pool-27-thread-1] INFO  storage.RaftStorageDirectory (RaftStorageDirectory.java:tryLock(328)) - Lock on /workdir/hadoop-ozone/integration-test/target/test-dir/MiniOzoneClusterImpl-b87b1354-fc2a-4731-a682-e66a18681be7/datanode-0/data/ratis/581d416f-cf27-422a-a26d-21c6b34ce07d/in_use.lock acquired by nodename 6782@pr-hdds2071-28zjt-764321718
2019-10-13 09:54:45,746 [pool-47-thread-1] INFO  storage.RaftStorageDirectory (RaftStorageDirectory.java:tryLock(328)) - Lock on /workdir/hadoop-ozone/integration-test/target/test-dir/MiniOzoneClusterImpl-b87b1354-fc2a-4731-a682-e66a18681be7/datanode-2/data/ratis/581d416f-cf27-422a-a26d-21c6b34ce07d/in_use.lock acquired by nodename 6782@pr-hdds2071-28zjt-764321718
2019-10-13 09:54:45,770 [pool-27-thread-1] INFO  storage.RaftStorage (RaftStorage.java:format(84)) - Storage directory /workdir/hadoop-ozone/integration-test/target/test-dir/MiniOzoneClusterImpl-b87b1354-fc2a-4731-a682-e66a18681be7/datanode-0/data/ratis/581d416f-cf27-422a-a26d-21c6b34ce07d has been successfully formatted.
2019-10-13 09:54:45,770 [pool-47-thread-1] INFO  storage.RaftStorage (RaftStorage.java:format(84)) - Storage directory /workdir/hadoop-ozone/integration-test/target/test-dir/MiniOzoneClusterImpl-b87b1354-fc2a-4731-a682-e66a18681be7/datanode-2/data/ratis/581d416f-cf27-422a-a26d-21c6b34ce07d has been successfully formatted.
2019-10-13 09:54:45,770 [pool-37-thread-1] INFO  storage.RaftStorage (RaftStorage.java:format(84)) - Storage directory /workdir/hadoop-ozone/integration-test/target/test-dir/MiniOzoneClusterImpl-b87b1354-fc2a-4731-a682-e66a18681be7/datanode-1/data/ratis/581d416f-cf27-422a-a26d-21c6b34ce07d has been successfully formatted.
2019-10-13 09:54:45,771 [pool-27-thread-1] INFO  ratis.ContainerStateMachine (ContainerStateMachine.java:loadSnapshot(231)) - group-21C6B34CE07D: The snapshot info is null. Setting the last applied indexto:(t:0, i:~)
2019-10-13 09:54:45,771 [pool-47-thread-1] INFO  ratis.ContainerStateMachine (ContainerStateMachine.java:loadSnapshot(231)) - group-21C6B34CE07D: The snapshot info is null. Setting the last applied indexto:(t:0, i:~)
2019-10-13 09:54:45,771 [pool-37-thread-1] INFO  ratis.ContainerStateMachine (ContainerStateMachine.java:loadSnapshot(231)) - group-21C6B34CE07D: The snapshot info is null. Setting the last applied indexto:(t:0, i:~)
2019-10-13 09:54:45,771 [pool-27-thread-1] INFO  server.RaftServerConfigKeys (ConfUtils.java:logGet(43)) - raft.server.notification.no-leader.timeout = 120s (custom)
2019-10-13 09:54:45,771 [pool-47-thread-1] INFO  server.RaftServerConfigKeys (ConfUtils.java:logGet(43)) - raft.server.notification.no-leader.timeout = 120s (custom)
2019-10-13 09:54:45,771 [pool-27-thread-1] INFO  server.RaftServerConfigKeys (ConfUtils.java:logGet(43)) - raft.server.log.use.memory = false (default)
2019-10-13 09:54:45,771 [pool-37-thread-1] INFO  server.RaftServerConfigKeys (ConfUtils.java:logGet(43)) - raft.server.notification.no-leader.timeout = 120s (custom)
2019-10-13 09:54:45,772 [pool-27-thread-1] INFO  server.RaftServerConfigKeys (ConfUtils.java:logGet(43)) - raft.server.log.purge.gap = 1000000 (custom)
2019-10-13 09:54:45,772 [pool-47-thread-1] INFO  server.RaftServerConfigKeys (ConfUtils.java:logGet(43)) - raft.server.log.use.memory = false (default)
2019-10-13 09:54:45,772 [pool-27-thread-1] INFO  server.RaftServerConfigKeys (ConfUtils.java:logGet(43)) - raft.server.log.appender.buffer.byte-limit = 33554432 (custom)
2019-10-13 09:54:45,772 [pool-37-thread-1] INFO  server.RaftServerConfigKeys (ConfUtils.java:logGet(43)) - raft.server.log.use.memory = false (default)
2019-10-13 09:54:45,773 [pool-27-thread-1] INFO  server.RaftServerConfigKeys (ConfUtils.java:logGet(43)) - raft.server.log.segment.size.max = 1048576 (custom)
2019-10-13 09:54:45,772 [pool-47-thread-1] INFO  server.RaftServerConfigKeys (ConfUtils.java:logGet(43)) - raft.server.log.purge.gap = 1000000 (custom)
2019-10-13 09:54:45,773 [pool-27-thread-1] INFO  server.RaftServerConfigKeys (ConfUtils.java:logGet(43)) - raft.server.log.segment.cache.num.max = 2 (custom)
2019-10-13 09:54:45,773 [pool-37-thread-1] INFO  server.RaftServerConfigKeys (ConfUtils.java:logGet(43)) - raft.server.log.purge.gap = 1000000 (custom)
2019-10-13 09:54:45,773 [pool-27-thread-1] INFO  segmented.SegmentedRaftLogWorker (SegmentedRaftLogWorker.java:<init>(173)) - new 7e79c924-bd52-47e6-b840-dab7499902e6@group-21C6B34CE07D-SegmentedRaftLogWorker for RaftStorage:Storage Directory /workdir/hadoop-ozone/integration-test/target/test-dir/MiniOzoneClusterImpl-b87b1354-fc2a-4731-a682-e66a18681be7/datanode-0/data/ratis/581d416f-cf27-422a-a26d-21c6b34ce07d
2019-10-13 09:54:45,773 [pool-47-thread-1] INFO  server.RaftServerConfigKeys (ConfUtils.java:logGet(43)) - raft.server.log.appender.buffer.byte-limit = 33554432 (custom)
2019-10-13 09:54:45,774 [pool-27-thread-1] INFO  server.RaftServerConfigKeys (ConfUtils.java:logGet(43)) - raft.server.log.queue.byte-limit = 2147483647 (custom)
2019-10-13 09:54:45,773 [pool-37-thread-1] INFO  server.RaftServerConfigKeys (ConfUtils.java:logGet(43)) - raft.server.log.appender.buffer.byte-limit = 33554432 (custom)
2019-10-13 09:54:45,774 [pool-27-thread-1] INFO  server.RaftServerConfigKeys (ConfUtils.java:logGet(43)) - raft.server.log.queue.element-limit = 1024 (custom)
2019-10-13 09:54:45,774 [pool-47-thread-1] INFO  server.RaftServerConfigKeys (ConfUtils.java:logGet(43)) - raft.server.log.segment.size.max = 1048576 (custom)
2019-10-13 09:54:45,774 [pool-27-thread-1] INFO  server.RaftServerConfigKeys (ConfUtils.java:logGet(43)) - raft.server.log.segment.size.max = 1048576 (custom)
2019-10-13 09:54:45,774 [pool-37-thread-1] INFO  server.RaftServerConfigKeys (ConfUtils.java:logGet(43)) - raft.server.log.segment.size.max = 1048576 (custom)
2019-10-13 09:54:45,775 [pool-27-thread-1] INFO  server.RaftServerConfigKeys (ConfUtils.java:logGet(43)) - raft.server.log.preallocated.size = 16384 (custom)
2019-10-13 09:54:45,774 [pool-47-thread-1] INFO  server.RaftServerConfigKeys (ConfUtils.java:logGet(43)) - raft.server.log.segment.cache.num.max = 2 (custom)
2019-10-13 09:54:45,775 [pool-27-thread-1] INFO  server.RaftServerConfigKeys (ConfUtils.java:logGet(43)) - raft.server.log.write.buffer.size = 33554432 (custom)
2019-10-13 09:54:45,775 [pool-37-thread-1] INFO  server.RaftServerConfigKeys (ConfUtils.java:logGet(43)) - raft.server.log.segment.cache.num.max = 2 (custom)
2019-10-13 09:54:45,775 [pool-27-thread-1] INFO  server.RaftServerConfigKeys (ConfUtils.java:logGet(43)) - raft.server.log.force.sync.num = 128 (default)
2019-10-13 09:54:45,775 [pool-47-thread-1] INFO  segmented.SegmentedRaftLogWorker (SegmentedRaftLogWorker.java:<init>(173)) - new 0932c54c-dae2-4a30-acb6-82d05d8643cd@group-21C6B34CE07D-SegmentedRaftLogWorker for RaftStorage:Storage Directory /workdir/hadoop-ozone/integration-test/target/test-dir/MiniOzoneClusterImpl-b87b1354-fc2a-4731-a682-e66a18681be7/datanode-2/data/ratis/581d416f-cf27-422a-a26d-21c6b34ce07d
2019-10-13 09:54:45,776 [pool-27-thread-1] INFO  server.RaftServerConfigKeys (ConfUtils.java:logGet(43)) - raft.server.log.statemachine.data.sync = true (default)
2019-10-13 09:54:45,775 [pool-37-thread-1] INFO  segmented.SegmentedRaftLogWorker (SegmentedRaftLogWorker.java:<init>(173)) - new 029fee23-2087-430f-9704-5b8d11793c8d@group-21C6B34CE07D-SegmentedRaftLogWorker for RaftStorage:Storage Directory /workdir/hadoop-ozone/integration-test/target/test-dir/MiniOzoneClusterImpl-b87b1354-fc2a-4731-a682-e66a18681be7/datanode-1/data/ratis/581d416f-cf27-422a-a26d-21c6b34ce07d
2019-10-13 09:54:45,776 [pool-27-thread-1] INFO  server.RaftServerConfigKeys (ConfUtils.java:logGet(43)) - raft.server.log.statemachine.data.sync.timeout = 10s (default)
2019-10-13 09:54:45,776 [pool-47-thread-1] INFO  server.RaftServerConfigKeys (ConfUtils.java:logGet(43)) - raft.server.log.queue.byte-limit = 2147483647 (custom)
2019-10-13 09:54:45,776 [pool-27-thread-1] INFO  server.RaftServerConfigKeys (ConfUtils.java:logGet(43)) - raft.server.log.statemachine.data.sync.timeout.retry = -1 (default)
2019-10-13 09:54:45,776 [pool-37-thread-1] INFO  server.RaftServerConfigKeys (ConfUtils.java:logGet(43)) - raft.server.log.queue.byte-limit = 2147483647 (custom)
2019-10-13 09:54:45,776 [pool-47-thread-1] INFO  server.RaftServerConfigKeys (ConfUtils.java:logGet(43)) - raft.server.log.queue.element-limit = 1024 (custom)
2019-10-13 09:54:45,777 [pool-37-thread-1] INFO  server.RaftServerConfigKeys (ConfUtils.java:logGet(43)) - raft.server.log.queue.element-limit = 1024 (custom)
2019-10-13 09:54:45,777 [pool-27-thread-1] INFO  server.RaftServerConfigKeys (ConfUtils.java:logGet(43)) - raft.server.log.statemachine.data.caching.enabled = true (custom)
2019-10-13 09:54:45,777 [pool-37-thread-1] INFO  server.RaftServerConfigKeys (ConfUtils.java:logGet(43)) - raft.server.log.segment.size.max = 1048576 (custom)
2019-10-13 09:54:45,777 [pool-47-thread-1] INFO  server.RaftServerConfigKeys (ConfUtils.java:logGet(43)) - raft.server.log.segment.size.max = 1048576 (custom)
2019-10-13 09:54:45,778 [pool-37-thread-1] INFO  server.RaftServerConfigKeys (ConfUtils.java:logGet(43)) - raft.server.log.preallocated.size = 16384 (custom)
2019-10-13 09:54:45,778 [pool-27-thread-1] INFO  segmented.SegmentedRaftLogWorker (SegmentedRaftLogWorker.java:lambda$new$0(128)) - 7e79c924-bd52-47e6-b840-dab7499902e6@group-21C6B34CE07D-SegmentedRaftLogWorker: flushIndex: setUnconditionally 0 -> -1
2019-10-13 09:54:45,778 [pool-47-thread-1] INFO  server.RaftServerConfigKeys (ConfUtils.java:logGet(43)) - raft.server.log.preallocated.size = 16384 (custom)
2019-10-13 09:54:45,778 [pool-37-thread-1] INFO  server.RaftServerConfigKeys (ConfUtils.java:logGet(43)) - raft.server.log.write.buffer.size = 33554432 (custom)
2019-10-13 09:54:45,778 [pool-27-thread-1] INFO  server.RaftServerConfigKeys (ConfUtils.java:logGet(43)) - raft.server.snapshot.auto.trigger.enabled = true (custom)
2019-10-13 09:54:45,778 [pool-37-thread-1] INFO  server.RaftServerConfigKeys (ConfUtils.java:logGet(43)) - raft.server.log.force.sync.num = 128 (default)
2019-10-13 09:54:45,778 [pool-47-thread-1] INFO  server.RaftServerConfigKeys (ConfUtils.java:logGet(43)) - raft.server.log.write.buffer.size = 33554432 (custom)
2019-10-13 09:54:45,779 [pool-37-thread-1] INFO  server.RaftServerConfigKeys (ConfUtils.java:logGet(43)) - raft.server.log.statemachine.data.sync = true (default)
2019-10-13 09:54:45,779 [pool-27-thread-1] INFO  server.RaftServerConfigKeys (ConfUtils.java:logGet(43)) - raft.server.snapshot.auto.trigger.threshold = 10000 (custom)
2019-10-13 09:54:45,779 [pool-37-thread-1] INFO  server.RaftServerConfigKeys (ConfUtils.java:logGet(43)) - raft.server.log.statemachine.data.sync.timeout = 10s (default)
2019-10-13 09:54:45,779 [pool-47-thread-1] INFO  server.RaftServerConfigKeys (ConfUtils.java:logGet(43)) - raft.server.log.force.sync.num = 128 (default)
2019-10-13 09:54:45,779 [pool-37-thread-1] INFO  server.RaftServerConfigKeys (ConfUtils.java:logGet(43)) - raft.server.log.statemachine.data.sync.timeout.retry = -1 (default)
2019-10-13 09:54:45,779 [pool-27-thread-1] INFO  server.RaftServerConfigKeys (ConfUtils.java:logGet(43)) - raft.server.snapshot.retention.file.num = 5 (custom)
2019-10-13 09:54:45,780 [pool-47-thread-1] INFO  server.RaftServerConfigKeys (ConfUtils.java:logGet(43)) - raft.server.log.statemachine.data.sync = true (default)
2019-10-13 09:54:45,780 [pool-37-thread-1] INFO  server.RaftServerConfigKeys (ConfUtils.java:logGet(43)) - raft.server.log.statemachine.data.caching.enabled = true (custom)
2019-10-13 09:54:45,780 [pool-27-thread-1] INFO  server.RaftServerConfigKeys (ConfUtils.java:logGet(43)) - raft.server.retrycache.expirytime = 600000ms (custom)
2019-10-13 09:54:45,780 [pool-47-thread-1] INFO  server.RaftServerConfigKeys (ConfUtils.java:logGet(43)) - raft.server.log.statemachine.data.sync.timeout = 10s (default)
2019-10-13 09:54:45,780 [pool-37-thread-1] INFO  segmented.SegmentedRaftLogWorker (SegmentedRaftLogWorker.java:lambda$new$0(128)) - 029fee23-2087-430f-9704-5b8d11793c8d@group-21C6B34CE07D-SegmentedRaftLogWorker: flushIndex: setUnconditionally 0 -> -1
2019-10-13 09:54:45,781 [pool-47-thread-1] INFO  server.RaftServerConfigKeys (ConfUtils.java:logGet(43)) - raft.server.log.statemachine.data.sync.timeout.retry = -1 (default)
2019-10-13 09:54:45,781 [pool-47-thread-1] INFO  server.RaftServerConfigKeys (ConfUtils.java:logGet(43)) - raft.server.log.statemachine.data.caching.enabled = true (custom)
2019-10-13 09:54:45,781 [pool-37-thread-1] INFO  server.RaftServerConfigKeys (ConfUtils.java:logGet(43)) - raft.server.snapshot.auto.trigger.enabled = true (custom)
2019-10-13 09:54:45,781 [pool-37-thread-1] INFO  server.RaftServerConfigKeys (ConfUtils.java:logGet(43)) - raft.server.snapshot.auto.trigger.threshold = 10000 (custom)
2019-10-13 09:54:45,781 [pool-47-thread-1] INFO  segmented.SegmentedRaftLogWorker (SegmentedRaftLogWorker.java:lambda$new$0(128)) - 0932c54c-dae2-4a30-acb6-82d05d8643cd@group-21C6B34CE07D-SegmentedRaftLogWorker: flushIndex: setUnconditionally 0 -> -1
2019-10-13 09:54:45,781 [pool-37-thread-1] INFO  server.RaftServerConfigKeys (ConfUtils.java:logGet(43)) - raft.server.snapshot.retention.file.num = 5 (custom)
2019-10-13 09:54:45,782 [pool-37-thread-1] INFO  server.RaftServerConfigKeys (ConfUtils.java:logGet(43)) - raft.server.retrycache.expirytime = 600000ms (custom)
2019-10-13 09:54:45,782 [pool-47-thread-1] INFO  server.RaftServerConfigKeys (ConfUtils.java:logGet(43)) - raft.server.snapshot.auto.trigger.enabled = true (custom)
2019-10-13 09:54:45,782 [pool-47-thread-1] INFO  server.RaftServerConfigKeys (ConfUtils.java:logGet(43)) - raft.server.snapshot.auto.trigger.threshold = 10000 (custom)
2019-10-13 09:54:45,782 [pool-47-thread-1] INFO  server.RaftServerConfigKeys (ConfUtils.java:logGet(43)) - raft.server.snapshot.retention.file.num = 5 (custom)
2019-10-13 09:54:45,783 [pool-47-thread-1] INFO  server.RaftServerConfigKeys (ConfUtils.java:logGet(43)) - raft.server.retrycache.expirytime = 600000ms (custom)
2019-10-13 09:54:45,785 [pool-27-thread-1] INFO  impl.RaftServerImpl (RaftServerImpl.java:start(181)) - 7e79c924-bd52-47e6-b840-dab7499902e6@group-21C6B34CE07D: start as a follower, conf=-1: [7e79c924-bd52-47e6-b840-dab7499902e6:192.168.164.225:35545, 0932c54c-dae2-4a30-acb6-82d05d8643cd:192.168.164.225:39524, 029fee23-2087-430f-9704-5b8d11793c8d:192.168.164.225:34603], old=null
2019-10-13 09:54:45,785 [pool-27-thread-1] INFO  impl.RaftServerImpl (RaftServerImpl.java:setRole(170)) - 7e79c924-bd52-47e6-b840-dab7499902e6@group-21C6B34CE07D: changes role from      null to FOLLOWER at term 0 for startAsFollower
2019-10-13 09:54:45,785 [pool-27-thread-1] INFO  impl.RoleInfo (RoleInfo.java:updateAndGet(143)) - 7e79c924-bd52-47e6-b840-dab7499902e6: start FollowerState
2019-10-13 09:54:45,787 [pool-27-thread-1] INFO  util.JmxRegister (JmxRegister.java:tryRegister(44)) - Successfully registered JMX Bean with object name Ratis:service=RaftServer,group=group-21C6B34CE07D,id=7e79c924-bd52-47e6-b840-dab7499902e6
2019-10-13 09:54:45,787 [pool-37-thread-1] INFO  impl.RaftServerImpl (RaftServerImpl.java:start(181)) - 029fee23-2087-430f-9704-5b8d11793c8d@group-21C6B34CE07D: start as a follower, conf=-1: [7e79c924-bd52-47e6-b840-dab7499902e6:192.168.164.225:35545, 0932c54c-dae2-4a30-acb6-82d05d8643cd:192.168.164.225:39524, 029fee23-2087-430f-9704-5b8d11793c8d:192.168.164.225:34603], old=null
2019-10-13 09:54:45,787 [pool-47-thread-1] INFO  impl.RaftServerImpl (RaftServerImpl.java:start(181)) - 0932c54c-dae2-4a30-acb6-82d05d8643cd@group-21C6B34CE07D: start as a follower, conf=-1: [7e79c924-bd52-47e6-b840-dab7499902e6:192.168.164.225:35545, 0932c54c-dae2-4a30-acb6-82d05d8643cd:192.168.164.225:39524, 029fee23-2087-430f-9704-5b8d11793c8d:192.168.164.225:34603], old=null
2019-10-13 09:54:45,788 [pool-37-thread-1] INFO  impl.RaftServerImpl (RaftServerImpl.java:setRole(170)) - 029fee23-2087-430f-9704-5b8d11793c8d@group-21C6B34CE07D: changes role from      null to FOLLOWER at term 0 for startAsFollower
2019-10-13 09:54:45,788 [pool-47-thread-1] INFO  impl.RaftServerImpl (RaftServerImpl.java:setRole(170)) - 0932c54c-dae2-4a30-acb6-82d05d8643cd@group-21C6B34CE07D: changes role from      null to FOLLOWER at term 0 for startAsFollower
2019-10-13 09:54:45,788 [pool-37-thread-1] INFO  impl.RoleInfo (RoleInfo.java:updateAndGet(143)) - 029fee23-2087-430f-9704-5b8d11793c8d: start FollowerState
2019-10-13 09:54:45,788 [pool-47-thread-1] INFO  impl.RoleInfo (RoleInfo.java:updateAndGet(143)) - 0932c54c-dae2-4a30-acb6-82d05d8643cd: start FollowerState
2019-10-13 09:54:45,788 [pool-37-thread-1] INFO  util.JmxRegister (JmxRegister.java:tryRegister(44)) - Successfully registered JMX Bean with object name Ratis:service=RaftServer,group=group-21C6B34CE07D,id=029fee23-2087-430f-9704-5b8d11793c8d
2019-10-13 09:54:45,789 [pool-47-thread-1] INFO  util.JmxRegister (JmxRegister.java:tryRegister(44)) - Successfully registered JMX Bean with object name Ratis:service=RaftServer,group=group-21C6B34CE07D,id=0932c54c-dae2-4a30-acb6-82d05d8643cd
2019-10-13 09:54:45,809 [RatisPipelineUtilsThread] INFO  pipeline.PipelineStateManager (PipelineStateManager.java:addPipeline(56)) - Created pipeline Pipeline[ Id: 581d416f-cf27-422a-a26d-21c6b34ce07d, Nodes: 7e79c924-bd52-47e6-b840-dab7499902e6{ip: 192.168.164.225, host: pr-hdds2071-28zjt-764321718, networkLocation: /default-rack, certSerialId: null}0932c54c-dae2-4a30-acb6-82d05d8643cd{ip: 192.168.164.225, host: pr-hdds2071-28zjt-764321718, networkLocation: /default-rack, certSerialId: null}029fee23-2087-430f-9704-5b8d11793c8d{ip: 192.168.164.225, host: pr-hdds2071-28zjt-764321718, networkLocation: /default-rack, certSerialId: null}, Type:RATIS, Factor:THREE, State:OPEN]
2019-10-13 09:54:46,138 [Datanode State Machine Thread - 0] INFO  statemachine.DatanodeStateMachine (DatanodeStateMachine.java:lambda$startDaemon$0(350)) - Ozone container server started.
2019-10-13 09:54:46,254 [Datanode State Machine Thread - 0] INFO  statemachine.DatanodeStateMachine (DatanodeStateMachine.java:lambda$startDaemon$0(350)) - Ozone container server started.
2019-10-13 09:54:50,639 [ForkJoinPool.commonPool-worker-0] INFO  ozoneimpl.OzoneContainer (OzoneContainer.java:stop(227)) - Attempting to stop container services.
2019-10-13 09:54:50,639 [main] INFO  ozoneimpl.OzoneContainer (OzoneContainer.java:stop(227)) - Attempting to stop container services.
2019-10-13 09:54:50,641 [ForkJoinPool.commonPool-worker-0] INFO  impl.RaftServerProxy (RaftServerProxy.java:lambda$close$4(314)) - 7e79c924-bd52-47e6-b840-dab7499902e6: close
2019-10-13 09:54:50,641 [main] INFO  impl.RaftServerProxy (RaftServerProxy.java:lambda$close$4(314)) - 029fee23-2087-430f-9704-5b8d11793c8d: close
2019-10-13 09:54:50,643 [main] INFO  impl.RaftServerImpl (RaftServerImpl.java:lambda$shutdown$3(247)) - 029fee23-2087-430f-9704-5b8d11793c8d@group-63B4F99A7DA9: shutdown
2019-10-13 09:54:50,643 [ForkJoinPool.commonPool-worker-0] INFO  impl.RaftServerImpl (RaftServerImpl.java:lambda$shutdown$3(247)) - 7e79c924-bd52-47e6-b840-dab7499902e6@group-5C9D625368F6: shutdown
2019-10-13 09:54:50,644 [main] INFO  util.JmxRegister (JmxRegister.java:unregister(73)) - Successfully un-registered JMX Bean with object name Ratis:service=RaftServer,group=group-63B4F99A7DA9,id=029fee23-2087-430f-9704-5b8d11793c8d
2019-10-13 09:54:50,644 [ForkJoinPool.commonPool-worker-0] INFO  util.JmxRegister (JmxRegister.java:unregister(73)) - Successfully un-registered JMX Bean with object name Ratis:service=RaftServer,group=group-5C9D625368F6,id=7e79c924-bd52-47e6-b840-dab7499902e6
2019-10-13 09:54:50,644 [main] INFO  impl.RoleInfo (RoleInfo.java:shutdownLeaderState(104)) - 029fee23-2087-430f-9704-5b8d11793c8d: shutdown LeaderState
2019-10-13 09:54:50,644 [ForkJoinPool.commonPool-worker-0] INFO  impl.RoleInfo (RoleInfo.java:shutdownLeaderState(104)) - 7e79c924-bd52-47e6-b840-dab7499902e6: shutdown LeaderState
2019-10-13 09:54:50,647 [ForkJoinPool.commonPool-worker-0] INFO  impl.PendingRequests (PendingRequests.java:sendNotLeaderResponses(202)) - 7e79c924-bd52-47e6-b840-dab7499902e6@group-5C9D625368F6-PendingRequests: sendNotLeaderResponses
2019-10-13 09:54:50,647 [main] INFO  impl.PendingRequests (PendingRequests.java:sendNotLeaderResponses(202)) - 029fee23-2087-430f-9704-5b8d11793c8d@group-63B4F99A7DA9-PendingRequests: sendNotLeaderResponses
2019-10-13 09:54:50,651 [main] INFO  impl.StateMachineUpdater (StateMachineUpdater.java:stopAndJoin(136)) - 029fee23-2087-430f-9704-5b8d11793c8d@group-63B4F99A7DA9-StateMachineUpdater: set stopIndex = 0
2019-10-13 09:54:50,651 [ForkJoinPool.commonPool-worker-0] INFO  impl.StateMachineUpdater (StateMachineUpdater.java:stopAndJoin(136)) - 7e79c924-bd52-47e6-b840-dab7499902e6@group-5C9D625368F6-StateMachineUpdater: set stopIndex = 0
2019-10-13 09:54:50,654 [main] INFO  impl.RaftServerImpl (ServerState.java:close(387)) - 029fee23-2087-430f-9704-5b8d11793c8d@group-63B4F99A7DA9: closes. applyIndex: 0
2019-10-13 09:54:50,654 [ForkJoinPool.commonPool-worker-0] INFO  impl.RaftServerImpl (ServerState.java:close(387)) - 7e79c924-bd52-47e6-b840-dab7499902e6@group-5C9D625368F6: closes. applyIndex: 0
2019-10-13 09:54:50,655 [029fee23-2087-430f-9704-5b8d11793c8d@group-63B4F99A7DA9-SegmentedRaftLogWorker] INFO  segmented.SegmentedRaftLogWorker (SegmentedRaftLogWorker.java:run(316)) - 029fee23-2087-430f-9704-5b8d11793c8d@group-63B4F99A7DA9-SegmentedRaftLogWorker was interrupted, exiting. There are 0 tasks remaining in the queue.
2019-10-13 09:54:50,655 [7e79c924-bd52-47e6-b840-dab7499902e6@group-5C9D625368F6-SegmentedRaftLogWorker] INFO  segmented.SegmentedRaftLogWorker (SegmentedRaftLogWorker.java:run(316)) - 7e79c924-bd52-47e6-b840-dab7499902e6@group-5C9D625368F6-SegmentedRaftLogWorker was interrupted, exiting. There are 0 tasks remaining in the queue.
2019-10-13 09:54:50,657 [ForkJoinPool.commonPool-worker-0] INFO  segmented.SegmentedRaftLogWorker (SegmentedRaftLogWorker.java:close(224)) - 7e79c924-bd52-47e6-b840-dab7499902e6@group-5C9D625368F6-SegmentedRaftLogWorker close()
2019-10-13 09:54:50,657 [main] INFO  segmented.SegmentedRaftLogWorker (SegmentedRaftLogWorker.java:close(224)) - 029fee23-2087-430f-9704-5b8d11793c8d@group-63B4F99A7DA9-SegmentedRaftLogWorker close()
2019-10-13 09:54:50,660 [ForkJoinPool.commonPool-worker-0] INFO  impl.RaftServerImpl (RaftServerImpl.java:lambda$shutdown$3(247)) - 7e79c924-bd52-47e6-b840-dab7499902e6@group-21C6B34CE07D: shutdown
2019-10-13 09:54:50,662 [main] INFO  impl.RaftServerImpl (RaftServerImpl.java:lambda$shutdown$3(247)) - 029fee23-2087-430f-9704-5b8d11793c8d@group-21C6B34CE07D: shutdown
2019-10-13 09:54:50,662 [ForkJoinPool.commonPool-worker-0] INFO  util.JmxRegister (JmxRegister.java:unregister(73)) - Successfully un-registered JMX Bean with object name Ratis:service=RaftServer,group=group-21C6B34CE07D,id=7e79c924-bd52-47e6-b840-dab7499902e6
2019-10-13 09:54:50,663 [main] INFO  util.JmxRegister (JmxRegister.java:unregister(73)) - Successfully un-registered JMX Bean with object name Ratis:service=RaftServer,group=group-21C6B34CE07D,id=029fee23-2087-430f-9704-5b8d11793c8d
2019-10-13 09:54:50,663 [ForkJoinPool.commonPool-worker-0] INFO  impl.RoleInfo (RoleInfo.java:shutdownFollowerState(121)) - 7e79c924-bd52-47e6-b840-dab7499902e6: shutdown FollowerState
2019-10-13 09:54:50,663 [main] INFO  impl.RoleInfo (RoleInfo.java:shutdownFollowerState(121)) - 029fee23-2087-430f-9704-5b8d11793c8d: shutdown FollowerState
2019-10-13 09:54:50,664 [Thread-221] INFO  impl.FollowerState (FollowerState.java:run(117)) - 7e79c924-bd52-47e6-b840-dab7499902e6@group-21C6B34CE07D-FollowerState was interrupted: java.lang.InterruptedException: sleep interrupted
2019-10-13 09:54:50,664 [ForkJoinPool.commonPool-worker-0] INFO  impl.StateMachineUpdater (StateMachineUpdater.java:stopAndJoin(136)) - 7e79c924-bd52-47e6-b840-dab7499902e6@group-21C6B34CE07D-StateMachineUpdater: set stopIndex = -1
2019-10-13 09:54:50,668 [ForkJoinPool.commonPool-worker-0] INFO  impl.RaftServerImpl (ServerState.java:close(387)) - 7e79c924-bd52-47e6-b840-dab7499902e6@group-21C6B34CE07D: closes. applyIndex: -1
2019-10-13 09:54:50,665 [Thread-222] INFO  impl.FollowerState (FollowerState.java:run(117)) - 029fee23-2087-430f-9704-5b8d11793c8d@group-21C6B34CE07D-FollowerState was interrupted: java.lang.InterruptedException: sleep interrupted
2019-10-13 09:54:50,668 [7e79c924-bd52-47e6-b840-dab7499902e6@group-21C6B34CE07D-SegmentedRaftLogWorker] INFO  segmented.SegmentedRaftLogWorker (SegmentedRaftLogWorker.java:run(316)) - 7e79c924-bd52-47e6-b840-dab7499902e6@group-21C6B34CE07D-SegmentedRaftLogWorker was interrupted, exiting. There are 0 tasks remaining in the queue.
2019-10-13 09:54:50,665 [main] INFO  impl.StateMachineUpdater (StateMachineUpdater.java:stopAndJoin(136)) - 029fee23-2087-430f-9704-5b8d11793c8d@group-21C6B34CE07D-StateMachineUpdater: set stopIndex = -1
2019-10-13 09:54:50,669 [ForkJoinPool.commonPool-worker-0] INFO  segmented.SegmentedRaftLogWorker (SegmentedRaftLogWorker.java:close(224)) - 7e79c924-bd52-47e6-b840-dab7499902e6@group-21C6B34CE07D-SegmentedRaftLogWorker close()
2019-10-13 09:54:50,670 [main] INFO  impl.RaftServerImpl (ServerState.java:close(387)) - 029fee23-2087-430f-9704-5b8d11793c8d@group-21C6B34CE07D: closes. applyIndex: -1
2019-10-13 09:54:50,672 [029fee23-2087-430f-9704-5b8d11793c8d@group-21C6B34CE07D-SegmentedRaftLogWorker] INFO  segmented.SegmentedRaftLogWorker (SegmentedRaftLogWorker.java:run(316)) - 029fee23-2087-430f-9704-5b8d11793c8d@group-21C6B34CE07D-SegmentedRaftLogWorker was interrupted, exiting. There are 0 tasks remaining in the queue.
2019-10-13 09:54:50,673 [main] INFO  segmented.SegmentedRaftLogWorker (SegmentedRaftLogWorker.java:close(224)) - 029fee23-2087-430f-9704-5b8d11793c8d@group-21C6B34CE07D-SegmentedRaftLogWorker close()
2019-10-13 09:54:50,673 [ForkJoinPool.commonPool-worker-0] INFO  server.GrpcService (GrpcService.java:closeImpl(164)) - 7e79c924-bd52-47e6-b840-dab7499902e6: shutdown server with port 35545 now
2019-10-13 09:54:50,675 [main] INFO  server.GrpcService (GrpcService.java:closeImpl(164)) - 029fee23-2087-430f-9704-5b8d11793c8d: shutdown server with port 34603 now
2019-10-13 09:54:50,684 [main] INFO  server.GrpcService (GrpcService.java:closeImpl(172)) - 029fee23-2087-430f-9704-5b8d11793c8d: shutdown server with port 34603 successfully
2019-10-13 09:54:50,687 [refreshUsed-/workdir/hadoop-ozone/integration-test/target/test-dir/MiniOzoneClusterImpl-b87b1354-fc2a-4731-a682-e66a18681be7/datanode-1/data/containers] WARN  fs.CachingGetSpaceUsed (CachingGetSpaceUsed.java:run(183)) - Thread Interrupted waiting to refresh disk information: sleep interrupted
2019-10-13 09:54:50,687 [ForkJoinPool.commonPool-worker-0] INFO  server.GrpcService (GrpcService.java:closeImpl(172)) - 7e79c924-bd52-47e6-b840-dab7499902e6: shutdown server with port 35545 successfully
2019-10-13 09:54:50,696 [refreshUsed-/workdir/hadoop-ozone/integration-test/target/test-dir/MiniOzoneClusterImpl-b87b1354-fc2a-4731-a682-e66a18681be7/datanode-0/data/containers] WARN  fs.CachingGetSpaceUsed (CachingGetSpaceUsed.java:run(183)) - Thread Interrupted waiting to refresh disk information: sleep interrupted
2019-10-13 09:54:50,715 [main] INFO  utils.BackgroundService (BackgroundService.java:shutdown(151)) - Shutting down service BlockDeletingService
2019-10-13 09:54:50,716 [ForkJoinPool.commonPool-worker-0] INFO  utils.BackgroundService (BackgroundService.java:shutdown(151)) - Shutting down service BlockDeletingService
2019-10-13 09:54:50,719 [main] INFO  statemachine.DatanodeStateMachine (DatanodeStateMachine.java:stopDaemon(395)) - Ozone container server stopped.
2019-10-13 09:54:50,719 [ForkJoinPool.commonPool-worker-0] INFO  statemachine.DatanodeStateMachine (DatanodeStateMachine.java:stopDaemon(395)) - Ozone container server stopped.
2019-10-13 09:54:50,722 [main] INFO  handler.ContextHandler (ContextHandler.java:doStop(910)) - Stopped o.e.j.w.WebAppContext@7baf1f5a{/,null,UNAVAILABLE}{/hddsDatanode}
2019-10-13 09:54:50,723 [ForkJoinPool.commonPool-worker-0] INFO  handler.ContextHandler (ContextHandler.java:doStop(910)) - Stopped o.e.j.w.WebAppContext@646c0a67{/,null,UNAVAILABLE}{/hddsDatanode}
2019-10-13 09:54:50,723 [main] INFO  server.AbstractConnector (AbstractConnector.java:doStop(318)) - Stopped ServerConnector@6cc86152{HTTP/1.1,[http/1.1]}{0.0.0.0:0}
2019-10-13 09:54:50,723 [ForkJoinPool.commonPool-worker-0] INFO  server.AbstractConnector (AbstractConnector.java:doStop(318)) - Stopped ServerConnector@3804a9a8{HTTP/1.1,[http/1.1]}{0.0.0.0:0}
2019-10-13 09:54:50,724 [main] INFO  handler.ContextHandler (ContextHandler.java:doStop(910)) - Stopped o.e.j.s.ServletContextHandler@4d41ba0f{/static,jar:file:/home/user/.m2/repository/org/apache/hadoop/hadoop-hdds-container-service/0.5.0-SNAPSHOT/hadoop-hdds-container-service-0.5.0-SNAPSHOT.jar!/webapps/static,UNAVAILABLE}
2019-10-13 09:54:50,725 [ForkJoinPool.commonPool-worker-0] INFO  handler.ContextHandler (ContextHandler.java:doStop(910)) - Stopped o.e.j.s.ServletContextHandler@63c12e52{/static,jar:file:/home/user/.m2/repository/org/apache/hadoop/hadoop-hdds-container-service/0.5.0-SNAPSHOT/hadoop-hdds-container-service-0.5.0-SNAPSHOT.jar!/webapps/static,UNAVAILABLE}
2019-10-13 09:54:50,725 [main] INFO  handler.ContextHandler (ContextHandler.java:doStop(910)) - Stopped o.e.j.s.ServletContextHandler@3ee0b4f7{/logs,file:///workdir/hadoop-ozone/integration-test/target/log,UNAVAILABLE}
2019-10-13 09:54:50,726 [ForkJoinPool.commonPool-worker-0] INFO  handler.ContextHandler (ContextHandler.java:doStop(910)) - Stopped o.e.j.s.ServletContextHandler@75ae4a1f{/logs,file:///workdir/hadoop-ozone/integration-test/target/log,UNAVAILABLE}
2019-10-13 09:54:50,898 [Thread-223] INFO  impl.FollowerState (FollowerState.java:run(108)) - 0932c54c-dae2-4a30-acb6-82d05d8643cd@group-21C6B34CE07D-FollowerState: change to CANDIDATE, lastRpcTime:5109ms, electionTimeout:5109ms
2019-10-13 09:54:50,898 [Thread-223] INFO  impl.RoleInfo (RoleInfo.java:shutdownFollowerState(121)) - 0932c54c-dae2-4a30-acb6-82d05d8643cd: shutdown FollowerState
2019-10-13 09:54:50,899 [Thread-223] INFO  impl.RaftServerImpl (RaftServerImpl.java:setRole(170)) - 0932c54c-dae2-4a30-acb6-82d05d8643cd@group-21C6B34CE07D: changes role from  FOLLOWER to CANDIDATE at term 0 for changeToCandidate
2019-10-13 09:54:50,899 [Thread-223] INFO  impl.RoleInfo (RoleInfo.java:updateAndGet(143)) - 0932c54c-dae2-4a30-acb6-82d05d8643cd: start LeaderElection
2019-10-13 09:54:51,366 [Datanode State Machine Thread - 0] INFO  statemachine.DatanodeStateMachine (DatanodeStateMachine.java:lambda$startDaemon$0(350)) - Ozone container server started.
2019-10-13 09:54:52,740 [0932c54c-dae2-4a30-acb6-82d05d8643cd@group-21C6B34CE07D-LeaderElection7] INFO  impl.LeaderElection (LeaderElection.java:askForVotes(178)) - 0932c54c-dae2-4a30-acb6-82d05d8643cd@group-21C6B34CE07D-LeaderElection7: begin an election at term 1 for -1: [7e79c924-bd52-47e6-b840-dab7499902e6:192.168.164.225:35545, 0932c54c-dae2-4a30-acb6-82d05d8643cd:192.168.164.225:39524, 029fee23-2087-430f-9704-5b8d11793c8d:192.168.164.225:34603], old=null
2019-10-13 09:54:52,755 [0932c54c-dae2-4a30-acb6-82d05d8643cd@group-21C6B34CE07D-LeaderElection7] INFO  impl.LeaderElection (LogUtils.java:infoOrTrace(149)) - 0932c54c-dae2-4a30-acb6-82d05d8643cd@group-21C6B34CE07D-LeaderElection7 got exception when requesting votes: {}
java.util.concurrent.ExecutionException: org.apache.ratis.thirdparty.io.grpc.StatusRuntimeException: UNAVAILABLE: io exception
	at java.util.concurrent.FutureTask.report(FutureTask.java:122)
	at java.util.concurrent.FutureTask.get(FutureTask.java:192)
	at org.apache.ratis.server.impl.LeaderElection.waitForResults(LeaderElection.java:259)
	at org.apache.ratis.server.impl.LeaderElection.askForVotes(LeaderElection.java:197)
	at org.apache.ratis.server.impl.LeaderElection.run(LeaderElection.java:133)
	at java.lang.Thread.run(Thread.java:748)
Caused by: org.apache.ratis.thirdparty.io.grpc.StatusRuntimeException: UNAVAILABLE: io exception
	at org.apache.ratis.thirdparty.io.grpc.stub.ClientCalls.toStatusRuntimeException(ClientCalls.java:233)
	at org.apache.ratis.thirdparty.io.grpc.stub.ClientCalls.getUnchecked(ClientCalls.java:214)
	at org.apache.ratis.thirdparty.io.grpc.stub.ClientCalls.blockingUnaryCall(ClientCalls.java:139)
	at org.apache.ratis.proto.grpc.RaftServerProtocolServiceGrpc$RaftServerProtocolServiceBlockingStub.requestVote(RaftServerProtocolServiceGrpc.java:265)
	at org.apache.ratis.grpc.server.GrpcServerProtocolClient.requestVote(GrpcServerProtocolClient.java:99)
	at org.apache.ratis.grpc.server.GrpcService.requestVote(GrpcService.java:204)
	at org.apache.ratis.server.impl.LeaderElection.lambda$submitRequests$1(LeaderElection.java:234)
	at java.util.concurrent.FutureTask.run(FutureTask.java:266)
	at java.util.concurrent.Executors$RunnableAdapter.call(Executors.java:511)
	at java.util.concurrent.FutureTask.run(FutureTask.java:266)
	at java.util.concurrent.ThreadPoolExecutor.runWorker(ThreadPoolExecutor.java:1149)
	at java.util.concurrent.ThreadPoolExecutor$Worker.run(ThreadPoolExecutor.java:624)
	... 1 more
Caused by: org.apache.ratis.thirdparty.io.netty.channel.AbstractChannel$AnnotatedConnectException: Connection refused: /192.168.164.225:34603
	at sun.nio.ch.SocketChannelImpl.checkConnect(Native Method)
	at sun.nio.ch.SocketChannelImpl.finishConnect(SocketChannelImpl.java:717)
	at org.apache.ratis.thirdparty.io.netty.channel.socket.nio.NioSocketChannel.doFinishConnect(NioSocketChannel.java:327)
	at org.apache.ratis.thirdparty.io.netty.channel.nio.AbstractNioChannel$AbstractNioUnsafe.finishConnect(AbstractNioChannel.java:340)
	at org.apache.ratis.thirdparty.io.netty.channel.nio.NioEventLoop.processSelectedKey(NioEventLoop.java:632)
	at org.apache.ratis.thirdparty.io.netty.channel.nio.NioEventLoop.processSelectedKeysOptimized(NioEventLoop.java:579)
	at org.apache.ratis.thirdparty.io.netty.channel.nio.NioEventLoop.processSelectedKeys(NioEventLoop.java:496)
	at org.apache.ratis.thirdparty.io.netty.channel.nio.NioEventLoop.run(NioEventLoop.java:458)
	at org.apache.ratis.thirdparty.io.netty.util.concurrent.SingleThreadEventExecutor$5.run(SingleThreadEventExecutor.java:897)
	at org.apache.ratis.thirdparty.io.netty.util.concurrent.FastThreadLocalRunnable.run(FastThreadLocalRunnable.java:30)
	... 1 more
Caused by: java.net.ConnectException: Connection refused
	... 11 more
2019-10-13 09:54:52,757 [0932c54c-dae2-4a30-acb6-82d05d8643cd@group-21C6B34CE07D-LeaderElection7] INFO  impl.LeaderElection (LogUtils.java:infoOrTrace(149)) - 0932c54c-dae2-4a30-acb6-82d05d8643cd@group-21C6B34CE07D-LeaderElection7 got exception when requesting votes: {}
java.util.concurrent.ExecutionException: org.apache.ratis.thirdparty.io.grpc.StatusRuntimeException: UNAVAILABLE: io exception
	at java.util.concurrent.FutureTask.report(FutureTask.java:122)
	at java.util.concurrent.FutureTask.get(FutureTask.java:192)
	at org.apache.ratis.server.impl.LeaderElection.waitForResults(LeaderElection.java:259)
	at org.apache.ratis.server.impl.LeaderElection.askForVotes(LeaderElection.java:197)
	at org.apache.ratis.server.impl.LeaderElection.run(LeaderElection.java:133)
	at java.lang.Thread.run(Thread.java:748)
Caused by: org.apache.ratis.thirdparty.io.grpc.StatusRuntimeException: UNAVAILABLE: io exception
	at org.apache.ratis.thirdparty.io.grpc.stub.ClientCalls.toStatusRuntimeException(ClientCalls.java:233)
	at org.apache.ratis.thirdparty.io.grpc.stub.ClientCalls.getUnchecked(ClientCalls.java:214)
	at org.apache.ratis.thirdparty.io.grpc.stub.ClientCalls.blockingUnaryCall(ClientCalls.java:139)
	at org.apache.ratis.proto.grpc.RaftServerProtocolServiceGrpc$RaftServerProtocolServiceBlockingStub.requestVote(RaftServerProtocolServiceGrpc.java:265)
	at org.apache.ratis.grpc.server.GrpcServerProtocolClient.requestVote(GrpcServerProtocolClient.java:99)
	at org.apache.ratis.grpc.server.GrpcService.requestVote(GrpcService.java:204)
	at org.apache.ratis.server.impl.LeaderElection.lambda$submitRequests$1(LeaderElection.java:234)
	at java.util.concurrent.FutureTask.run(FutureTask.java:266)
	at java.util.concurrent.Executors$RunnableAdapter.call(Executors.java:511)
	at java.util.concurrent.FutureTask.run(FutureTask.java:266)
	at java.util.concurrent.ThreadPoolExecutor.runWorker(ThreadPoolExecutor.java:1149)
	at java.util.concurrent.ThreadPoolExecutor$Worker.run(ThreadPoolExecutor.java:624)
	... 1 more
Caused by: org.apache.ratis.thirdparty.io.netty.channel.AbstractChannel$AnnotatedConnectException: Connection refused: /192.168.164.225:35545
	at sun.nio.ch.SocketChannelImpl.checkConnect(Native Method)
	at sun.nio.ch.SocketChannelImpl.finishConnect(SocketChannelImpl.java:717)
	at org.apache.ratis.thirdparty.io.netty.channel.socket.nio.NioSocketChannel.doFinishConnect(NioSocketChannel.java:327)
	at org.apache.ratis.thirdparty.io.netty.channel.nio.AbstractNioChannel$AbstractNioUnsafe.finishConnect(AbstractNioChannel.java:340)
	at org.apache.ratis.thirdparty.io.netty.channel.nio.NioEventLoop.processSelectedKey(NioEventLoop.java:632)
	at org.apache.ratis.thirdparty.io.netty.channel.nio.NioEventLoop.processSelectedKeysOptimized(NioEventLoop.java:579)
	at org.apache.ratis.thirdparty.io.netty.channel.nio.NioEventLoop.processSelectedKeys(NioEventLoop.java:496)
	at org.apache.ratis.thirdparty.io.netty.channel.nio.NioEventLoop.run(NioEventLoop.java:458)
	at org.apache.ratis.thirdparty.io.netty.util.concurrent.SingleThreadEventExecutor$5.run(SingleThreadEventExecutor.java:897)
	at org.apache.ratis.thirdparty.io.netty.util.concurrent.FastThreadLocalRunnable.run(FastThreadLocalRunnable.java:30)
	... 1 more
Caused by: java.net.ConnectException: Connection refused
	... 11 more
2019-10-13 09:54:52,759 [0932c54c-dae2-4a30-acb6-82d05d8643cd@group-21C6B34CE07D-LeaderElection7] INFO  impl.LeaderElection (LeaderElection.java:logAndReturn(56)) - 0932c54c-dae2-4a30-acb6-82d05d8643cd@group-21C6B34CE07D-LeaderElection7: Election REJECTED; received 0 response(s) [] and 2 exception(s); 0932c54c-dae2-4a30-acb6-82d05d8643cd@group-21C6B34CE07D:t1, leader=null, voted=0932c54c-dae2-4a30-acb6-82d05d8643cd, raftlog=0932c54c-dae2-4a30-acb6-82d05d8643cd@group-21C6B34CE07D-SegmentedRaftLog:OPENED:c-1,f-1,i0, conf=-1: [7e79c924-bd52-47e6-b840-dab7499902e6:192.168.164.225:35545, 0932c54c-dae2-4a30-acb6-82d05d8643cd:192.168.164.225:39524, 029fee23-2087-430f-9704-5b8d11793c8d:192.168.164.225:34603], old=null
2019-10-13 09:54:52,759 [0932c54c-dae2-4a30-acb6-82d05d8643cd@group-21C6B34CE07D-LeaderElection7] INFO  impl.LeaderElection (LogUtils.java:infoOrTrace(149)) -   Exception 0: {}
java.util.concurrent.ExecutionException: org.apache.ratis.thirdparty.io.grpc.StatusRuntimeException: UNAVAILABLE: io exception
	at java.util.concurrent.FutureTask.report(FutureTask.java:122)
	at java.util.concurrent.FutureTask.get(FutureTask.java:192)
	at org.apache.ratis.server.impl.LeaderElection.waitForResults(LeaderElection.java:259)
	at org.apache.ratis.server.impl.LeaderElection.askForVotes(LeaderElection.java:197)
	at org.apache.ratis.server.impl.LeaderElection.run(LeaderElection.java:133)
	at java.lang.Thread.run(Thread.java:748)
Caused by: org.apache.ratis.thirdparty.io.grpc.StatusRuntimeException: UNAVAILABLE: io exception
	at org.apache.ratis.thirdparty.io.grpc.stub.ClientCalls.toStatusRuntimeException(ClientCalls.java:233)
	at org.apache.ratis.thirdparty.io.grpc.stub.ClientCalls.getUnchecked(ClientCalls.java:214)
	at org.apache.ratis.thirdparty.io.grpc.stub.ClientCalls.blockingUnaryCall(ClientCalls.java:139)
	at org.apache.ratis.proto.grpc.RaftServerProtocolServiceGrpc$RaftServerProtocolServiceBlockingStub.requestVote(RaftServerProtocolServiceGrpc.java:265)
	at org.apache.ratis.grpc.server.GrpcServerProtocolClient.requestVote(GrpcServerProtocolClient.java:99)
	at org.apache.ratis.grpc.server.GrpcService.requestVote(GrpcService.java:204)
	at org.apache.ratis.server.impl.LeaderElection.lambda$submitRequests$1(LeaderElection.java:234)
	at java.util.concurrent.FutureTask.run(FutureTask.java:266)
	at java.util.concurrent.Executors$RunnableAdapter.call(Executors.java:511)
	at java.util.concurrent.FutureTask.run(FutureTask.java:266)
	at java.util.concurrent.ThreadPoolExecutor.runWorker(ThreadPoolExecutor.java:1149)
	at java.util.concurrent.ThreadPoolExecutor$Worker.run(ThreadPoolExecutor.java:624)
	... 1 more
Caused by: org.apache.ratis.thirdparty.io.netty.channel.AbstractChannel$AnnotatedConnectException: Connection refused: /192.168.164.225:34603
	at sun.nio.ch.SocketChannelImpl.checkConnect(Native Method)
	at sun.nio.ch.SocketChannelImpl.finishConnect(SocketChannelImpl.java:717)
	at org.apache.ratis.thirdparty.io.netty.channel.socket.nio.NioSocketChannel.doFinishConnect(NioSocketChannel.java:327)
	at org.apache.ratis.thirdparty.io.netty.channel.nio.AbstractNioChannel$AbstractNioUnsafe.finishConnect(AbstractNioChannel.java:340)
	at org.apache.ratis.thirdparty.io.netty.channel.nio.NioEventLoop.processSelectedKey(NioEventLoop.java:632)
	at org.apache.ratis.thirdparty.io.netty.channel.nio.NioEventLoop.processSelectedKeysOptimized(NioEventLoop.java:579)
	at org.apache.ratis.thirdparty.io.netty.channel.nio.NioEventLoop.processSelectedKeys(NioEventLoop.java:496)
	at org.apache.ratis.thirdparty.io.netty.channel.nio.NioEventLoop.run(NioEventLoop.java:458)
	at org.apache.ratis.thirdparty.io.netty.util.concurrent.SingleThreadEventExecutor$5.run(SingleThreadEventExecutor.java:897)
	at org.apache.ratis.thirdparty.io.netty.util.concurrent.FastThreadLocalRunnable.run(FastThreadLocalRunnable.java:30)
	... 1 more
Caused by: java.net.ConnectException: Connection refused
	... 11 more
2019-10-13 09:54:52,760 [0932c54c-dae2-4a30-acb6-82d05d8643cd@group-21C6B34CE07D-LeaderElection7] INFO  impl.LeaderElection (LogUtils.java:infoOrTrace(149)) -   Exception 1: {}
java.util.concurrent.ExecutionException: org.apache.ratis.thirdparty.io.grpc.StatusRuntimeException: UNAVAILABLE: io exception
	at java.util.concurrent.FutureTask.report(FutureTask.java:122)
	at java.util.concurrent.FutureTask.get(FutureTask.java:192)
	at org.apache.ratis.server.impl.LeaderElection.waitForResults(LeaderElection.java:259)
	at org.apache.ratis.server.impl.LeaderElection.askForVotes(LeaderElection.java:197)
	at org.apache.ratis.server.impl.LeaderElection.run(LeaderElection.java:133)
	at java.lang.Thread.run(Thread.java:748)
Caused by: org.apache.ratis.thirdparty.io.grpc.StatusRuntimeException: UNAVAILABLE: io exception
	at org.apache.ratis.thirdparty.io.grpc.stub.ClientCalls.toStatusRuntimeException(ClientCalls.java:233)
	at org.apache.ratis.thirdparty.io.grpc.stub.ClientCalls.getUnchecked(ClientCalls.java:214)
	at org.apache.ratis.thirdparty.io.grpc.stub.ClientCalls.blockingUnaryCall(ClientCalls.java:139)
	at org.apache.ratis.proto.grpc.RaftServerProtocolServiceGrpc$RaftServerProtocolServiceBlockingStub.requestVote(RaftServerProtocolServiceGrpc.java:265)
	at org.apache.ratis.grpc.server.GrpcServerProtocolClient.requestVote(GrpcServerProtocolClient.java:99)
	at org.apache.ratis.grpc.server.GrpcService.requestVote(GrpcService.java:204)
	at org.apache.ratis.server.impl.LeaderElection.lambda$submitRequests$1(LeaderElection.java:234)
	at java.util.concurrent.FutureTask.run(FutureTask.java:266)
	at java.util.concurrent.Executors$RunnableAdapter.call(Executors.java:511)
	at java.util.concurrent.FutureTask.run(FutureTask.java:266)
	at java.util.concurrent.ThreadPoolExecutor.runWorker(ThreadPoolExecutor.java:1149)
	at java.util.concurrent.ThreadPoolExecutor$Worker.run(ThreadPoolExecutor.java:624)
	... 1 more
Caused by: org.apache.ratis.thirdparty.io.netty.channel.AbstractChannel$AnnotatedConnectException: Connection refused: /192.168.164.225:35545
	at sun.nio.ch.SocketChannelImpl.checkConnect(Native Method)
	at sun.nio.ch.SocketChannelImpl.finishConnect(SocketChannelImpl.java:717)
	at org.apache.ratis.thirdparty.io.netty.channel.socket.nio.NioSocketChannel.doFinishConnect(NioSocketChannel.java:327)
	at org.apache.ratis.thirdparty.io.netty.channel.nio.AbstractNioChannel$AbstractNioUnsafe.finishConnect(AbstractNioChannel.java:340)
	at org.apache.ratis.thirdparty.io.netty.channel.nio.NioEventLoop.processSelectedKey(NioEventLoop.java:632)
	at org.apache.ratis.thirdparty.io.netty.channel.nio.NioEventLoop.processSelectedKeysOptimized(NioEventLoop.java:579)
	at org.apache.ratis.thirdparty.io.netty.channel.nio.NioEventLoop.processSelectedKeys(NioEventLoop.java:496)
	at org.apache.ratis.thirdparty.io.netty.channel.nio.NioEventLoop.run(NioEventLoop.java:458)
	at org.apache.ratis.thirdparty.io.netty.util.concurrent.SingleThreadEventExecutor$5.run(SingleThreadEventExecutor.java:897)
	at org.apache.ratis.thirdparty.io.netty.util.concurrent.FastThreadLocalRunnable.run(FastThreadLocalRunnable.java:30)
	... 1 more
Caused by: java.net.ConnectException: Connection refused
	... 11 more
2019-10-13 09:54:52,764 [0932c54c-dae2-4a30-acb6-82d05d8643cd@group-21C6B34CE07D-LeaderElection7] INFO  impl.RaftServerImpl (RaftServerImpl.java:setRole(170)) - 0932c54c-dae2-4a30-acb6-82d05d8643cd@group-21C6B34CE07D: changes role from CANDIDATE to FOLLOWER at term 1 for DISCOVERED_A_NEW_TERM
2019-10-13 09:54:52,764 [0932c54c-dae2-4a30-acb6-82d05d8643cd@group-21C6B34CE07D-LeaderElection7] INFO  impl.RoleInfo (RoleInfo.java:shutdownLeaderElection(134)) - 0932c54c-dae2-4a30-acb6-82d05d8643cd: shutdown LeaderElection
2019-10-13 09:54:52,764 [0932c54c-dae2-4a30-acb6-82d05d8643cd@group-21C6B34CE07D-LeaderElection7] INFO  impl.RoleInfo (RoleInfo.java:updateAndGet(143)) - 0932c54c-dae2-4a30-acb6-82d05d8643cd: start FollowerState
2019-10-13 09:54:55,728 [main] INFO  ozoneimpl.OzoneContainer (OzoneContainer.java:stop(227)) - Attempting to stop container services.
2019-10-13 09:54:55,729 [main] INFO  impl.RaftServerProxy (RaftServerProxy.java:lambda$close$4(314)) - 0932c54c-dae2-4a30-acb6-82d05d8643cd: close
2019-10-13 09:54:55,730 [main] INFO  impl.RaftServerImpl (RaftServerImpl.java:lambda$shutdown$3(247)) - 0932c54c-dae2-4a30-acb6-82d05d8643cd@group-1ABDEC406A22: shutdown
2019-10-13 09:54:55,730 [main] INFO  util.JmxRegister (JmxRegister.java:unregister(73)) - Successfully un-registered JMX Bean with object name Ratis:service=RaftServer,group=group-1ABDEC406A22,id=0932c54c-dae2-4a30-acb6-82d05d8643cd
2019-10-13 09:54:55,731 [main] INFO  impl.RoleInfo (RoleInfo.java:shutdownLeaderState(104)) - 0932c54c-dae2-4a30-acb6-82d05d8643cd: shutdown LeaderState
2019-10-13 09:54:55,731 [main] INFO  impl.PendingRequests (PendingRequests.java:sendNotLeaderResponses(202)) - 0932c54c-dae2-4a30-acb6-82d05d8643cd@group-1ABDEC406A22-PendingRequests: sendNotLeaderResponses
2019-10-13 09:54:55,732 [main] INFO  impl.StateMachineUpdater (StateMachineUpdater.java:stopAndJoin(136)) - 0932c54c-dae2-4a30-acb6-82d05d8643cd@group-1ABDEC406A22-StateMachineUpdater: set stopIndex = 0
2019-10-13 09:54:55,733 [main] INFO  impl.RaftServerImpl (ServerState.java:close(387)) - 0932c54c-dae2-4a30-acb6-82d05d8643cd@group-1ABDEC406A22: closes. applyIndex: 0
2019-10-13 09:54:55,733 [0932c54c-dae2-4a30-acb6-82d05d8643cd@group-1ABDEC406A22-SegmentedRaftLogWorker] INFO  segmented.SegmentedRaftLogWorker (SegmentedRaftLogWorker.java:run(316)) - 0932c54c-dae2-4a30-acb6-82d05d8643cd@group-1ABDEC406A22-SegmentedRaftLogWorker was interrupted, exiting. There are 0 tasks remaining in the queue.
2019-10-13 09:54:55,734 [main] INFO  segmented.SegmentedRaftLogWorker (SegmentedRaftLogWorker.java:close(224)) - 0932c54c-dae2-4a30-acb6-82d05d8643cd@group-1ABDEC406A22-SegmentedRaftLogWorker close()
2019-10-13 09:54:55,736 [main] INFO  impl.RaftServerImpl (RaftServerImpl.java:lambda$shutdown$3(247)) - 0932c54c-dae2-4a30-acb6-82d05d8643cd@group-21C6B34CE07D: shutdown
2019-10-13 09:54:55,736 [main] INFO  util.JmxRegister (JmxRegister.java:unregister(73)) - Successfully un-registered JMX Bean with object name Ratis:service=RaftServer,group=group-21C6B34CE07D,id=0932c54c-dae2-4a30-acb6-82d05d8643cd
2019-10-13 09:54:55,737 [main] INFO  impl.RoleInfo (RoleInfo.java:shutdownFollowerState(121)) - 0932c54c-dae2-4a30-acb6-82d05d8643cd: shutdown FollowerState
2019-10-13 09:54:55,737 [main] INFO  impl.StateMachineUpdater (StateMachineUpdater.java:stopAndJoin(136)) - 0932c54c-dae2-4a30-acb6-82d05d8643cd@group-21C6B34CE07D-StateMachineUpdater: set stopIndex = -1
2019-10-13 09:54:55,737 [Thread-230] INFO  impl.FollowerState (FollowerState.java:run(117)) - 0932c54c-dae2-4a30-acb6-82d05d8643cd@group-21C6B34CE07D-FollowerState was interrupted: java.lang.InterruptedException: sleep interrupted
2019-10-13 09:54:55,738 [main] INFO  impl.RaftServerImpl (ServerState.java:close(387)) - 0932c54c-dae2-4a30-acb6-82d05d8643cd@group-21C6B34CE07D: closes. applyIndex: -1
2019-10-13 09:54:55,739 [0932c54c-dae2-4a30-acb6-82d05d8643cd@group-21C6B34CE07D-SegmentedRaftLogWorker] INFO  segmented.SegmentedRaftLogWorker (SegmentedRaftLogWorker.java:run(316)) - 0932c54c-dae2-4a30-acb6-82d05d8643cd@group-21C6B34CE07D-SegmentedRaftLogWorker was interrupted, exiting. There are 0 tasks remaining in the queue.
2019-10-13 09:54:55,740 [main] INFO  segmented.SegmentedRaftLogWorker (SegmentedRaftLogWorker.java:close(224)) - 0932c54c-dae2-4a30-acb6-82d05d8643cd@group-21C6B34CE07D-SegmentedRaftLogWorker close()
2019-10-13 09:54:55,741 [main] INFO  server.GrpcService (GrpcService.java:closeImpl(164)) - 0932c54c-dae2-4a30-acb6-82d05d8643cd: shutdown server with port 39524 now
2019-10-13 09:54:55,744 [main] INFO  server.GrpcService (GrpcService.java:closeImpl(172)) - 0932c54c-dae2-4a30-acb6-82d05d8643cd: shutdown server with port 39524 successfully
2019-10-13 09:54:55,748 [refreshUsed-/workdir/hadoop-ozone/integration-test/target/test-dir/MiniOzoneClusterImpl-b87b1354-fc2a-4731-a682-e66a18681be7/datanode-2/data/containers] WARN  fs.CachingGetSpaceUsed (CachingGetSpaceUsed.java:run(183)) - Thread Interrupted waiting to refresh disk information: sleep interrupted
2019-10-13 09:54:55,781 [main] INFO  utils.BackgroundService (BackgroundService.java:shutdown(151)) - Shutting down service BlockDeletingService
2019-10-13 09:54:55,783 [main] INFO  statemachine.DatanodeStateMachine (DatanodeStateMachine.java:stopDaemon(395)) - Ozone container server stopped.
2019-10-13 09:54:55,785 [main] INFO  handler.ContextHandler (ContextHandler.java:doStop(910)) - Stopped o.e.j.w.WebAppContext@6b1dc20f{/,null,UNAVAILABLE}{/hddsDatanode}
2019-10-13 09:54:55,787 [main] INFO  server.AbstractConnector (AbstractConnector.java:doStop(318)) - Stopped ServerConnector@4613311f{HTTP/1.1,[http/1.1]}{0.0.0.0:0}
2019-10-13 09:54:55,787 [main] INFO  handler.ContextHandler (ContextHandler.java:doStop(910)) - Stopped o.e.j.s.ServletContextHandler@6dcc40f5{/static,jar:file:/home/user/.m2/repository/org/apache/hadoop/hadoop-hdds-container-service/0.5.0-SNAPSHOT/hadoop-hdds-container-service-0.5.0-SNAPSHOT.jar!/webapps/static,UNAVAILABLE}
2019-10-13 09:54:55,788 [main] INFO  handler.ContextHandler (ContextHandler.java:doStop(910)) - Stopped o.e.j.s.ServletContextHandler@40e37b06{/logs,file:///workdir/hadoop-ozone/integration-test/target/log,UNAVAILABLE}
2019-10-13 09:54:55,789 [main] INFO  ozone.MiniOzoneClusterImpl (MiniOzoneClusterImpl.java:stopSCM(392)) - Stopping the StorageContainerManager
2019-10-13 09:54:55,790 [main] INFO  server.StorageContainerManager (StorageContainerManager.java:stop(810)) - Stopping Replication Manager Service.
2019-10-13 09:54:55,790 [main] INFO  container.ReplicationManager (ReplicationManager.java:stop(203)) - Stopping Replication Monitor Thread.
2019-10-13 09:54:55,790 [main] INFO  server.StorageContainerManager (StorageContainerManager.java:stop(817)) - Stopping Lease Manager of the command watchers
2019-10-13 09:54:55,791 [main] INFO  server.StorageContainerManager (StorageContainerManager.java:stop(824)) - Stopping datanode service RPC server
2019-10-13 09:54:55,791 [main] INFO  server.SCMDatanodeProtocolServer (SCMDatanodeProtocolServer.java:stop(346)) - Stopping the RPC server for DataNodes
2019-10-13 09:54:55,791 [main] INFO  ipc.Server (Server.java:stop(3082)) - Stopping server on 39192
2019-10-13 09:54:55,793 [IPC Server listener on 39192] INFO  ipc.Server (Server.java:run(1185)) - Stopping IPC Server listener on 39192
2019-10-13 09:54:55,794 [IPC Server Responder] INFO  ipc.Server (Server.java:run(1319)) - Stopping IPC Server Responder
2019-10-13 09:54:55,843 [SCM Heartbeat Processing Thread - 0] WARN  node.NodeStateManager (NodeStateManager.java:scheduleNextHealthCheck(646)) - Current Thread is interrupted, shutting down HB processing thread for Node Manager.
2019-10-13 09:54:55,843 [main] INFO  server.StorageContainerManager (StorageContainerManager.java:stop(832)) - Stopping block service RPC server
2019-10-13 09:54:55,844 [main] INFO  server.SCMBlockProtocolServer (SCMBlockProtocolServer.java:stop(155)) - Stopping the RPC server for Block Protocol
2019-10-13 09:54:55,844 [main] INFO  ipc.Server (Server.java:stop(3082)) - Stopping server on 36484
2019-10-13 09:54:55,845 [main] INFO  server.StorageContainerManager (StorageContainerManager.java:stop(839)) - Stopping the StorageContainerLocationProtocol RPC server
2019-10-13 09:54:55,846 [main] INFO  server.SCMClientProtocolServer (SCMClientProtocolServer.java:stop(168)) - Stopping the RPC server for Client Protocol
2019-10-13 09:54:55,846 [IPC Server listener on 36484] INFO  ipc.Server (Server.java:run(1185)) - Stopping IPC Server listener on 36484
2019-10-13 09:54:55,846 [main] INFO  ipc.Server (Server.java:stop(3082)) - Stopping server on 44759
2019-10-13 09:54:55,846 [IPC Server Responder] INFO  ipc.Server (Server.java:run(1319)) - Stopping IPC Server Responder
2019-10-13 09:54:55,849 [IPC Server listener on 44759] INFO  ipc.Server (Server.java:run(1185)) - Stopping IPC Server listener on 44759
2019-10-13 09:54:55,849 [main] INFO  server.StorageContainerManager (StorageContainerManager.java:stop(846)) - Stopping Storage Container Manager HTTP server.
2019-10-13 09:54:55,849 [IPC Server Responder] INFO  ipc.Server (Server.java:run(1319)) - Stopping IPC Server Responder
2019-10-13 09:54:55,850 [main] INFO  handler.ContextHandler (ContextHandler.java:doStop(910)) - Stopped o.e.j.w.WebAppContext@410954b{/,null,UNAVAILABLE}{/scm}
2019-10-13 09:54:55,851 [main] INFO  server.AbstractConnector (AbstractConnector.java:doStop(318)) - Stopped ServerConnector@5f7f2382{HTTP/1.1,[http/1.1]}{0.0.0.0:0}
2019-10-13 09:54:55,852 [main] INFO  handler.ContextHandler (ContextHandler.java:doStop(910)) - Stopped o.e.j.s.ServletContextHandler@340da44c{/static,file:///workdir/hadoop-ozone/integration-test/target/test-classes/webapps/static,UNAVAILABLE}
2019-10-13 09:54:55,852 [main] INFO  handler.ContextHandler (ContextHandler.java:doStop(910)) - Stopped o.e.j.s.ServletContextHandler@180da663{/logs,file:///workdir/hadoop-ozone/integration-test/target/log,UNAVAILABLE}
2019-10-13 09:54:55,855 [main] INFO  server.StorageContainerManager (StorageContainerManager.java:stop(857)) - Stopping Block Manager Service.
2019-10-13 09:54:55,855 [main] INFO  utils.BackgroundService (BackgroundService.java:shutdown(151)) - Shutting down service SCMBlockDeletingService
2019-10-13 09:54:55,856 [main] INFO  utils.BackgroundService (BackgroundService.java:shutdown(151)) - Shutting down service SCMBlockDeletingService
2019-10-13 09:54:55,857 [main] INFO  server.StorageContainerManager (StorageContainerManager.java:stop(879)) - Stopping SCM Event Queue.
2019-10-13 09:54:55,863 [main] INFO  impl.MetricsSystemImpl (MetricsSystemImpl.java:stop(210)) - Stopping ratis metrics system...
2019-10-13 09:54:55,870 [prometheus] INFO  impl.MetricsSinkAdapter (MetricsSinkAdapter.java:publishMetricsFromQueue(141)) - prometheus thread interrupted.
2019-10-13 09:54:55,870 [main] INFO  impl.MetricsSystemImpl (MetricsSystemImpl.java:stop(216)) - ratis metrics system stopped.
]]></system-out>
    <system-err><![CDATA[ERROR StatusLogger No Log4j 2 configuration file found. Using default configuration (logging only errors to the console), or user programmatically provided configurations. Set system property 'log4j2.debug' to show Log4j 2 internal initialization logging. See https://logging.apache.org/log4j/2.x/manual/configuration.html for instructions on how to configure Log4j 2
]]></system-err>
  </testcase>
  <testcase name="testPipelineCloseWithOpenContainer" classname="org.apache.hadoop.hdds.scm.pipeline.TestPipelineClose" time="112.321">
    <error message="Could not allocate container. Cannot get any matching pipeline for Type:RATIS, Factor:THREE, State:PipelineState.OPEN" type="java.io.IOException">java.io.IOException: Could not allocate container. Cannot get any matching pipeline for Type:RATIS, Factor:THREE, State:PipelineState.OPEN
	at org.apache.hadoop.hdds.scm.container.ContainerStateManager.allocateContainer(ContainerStateManager.java:260)
	at org.apache.hadoop.hdds.scm.container.SCMContainerManager.allocateContainer(SCMContainerManager.java:255)
	at org.apache.hadoop.hdds.scm.pipeline.TestPipelineClose.init(TestPipelineClose.java:92)
	at sun.reflect.NativeMethodAccessorImpl.invoke0(Native Method)
	at sun.reflect.NativeMethodAccessorImpl.invoke(NativeMethodAccessorImpl.java:62)
	at sun.reflect.DelegatingMethodAccessorImpl.invoke(DelegatingMethodAccessorImpl.java:43)
	at java.lang.reflect.Method.invoke(Method.java:498)
	at org.junit.runners.model.FrameworkMethod$1.runReflectiveCall(FrameworkMethod.java:47)
	at org.junit.internal.runners.model.ReflectiveCallable.run(ReflectiveCallable.java:12)
	at org.junit.runners.model.FrameworkMethod.invokeExplosively(FrameworkMethod.java:44)
	at org.junit.internal.runners.statements.RunBefores.evaluate(RunBefores.java:24)
	at org.junit.internal.runners.statements.RunAfters.evaluate(RunAfters.java:27)
	at org.junit.runners.ParentRunner.runLeaf(ParentRunner.java:271)
	at org.junit.runners.BlockJUnit4ClassRunner.runChild(BlockJUnit4ClassRunner.java:70)
	at org.junit.runners.BlockJUnit4ClassRunner.runChild(BlockJUnit4ClassRunner.java:50)
	at org.junit.runners.ParentRunner$3.run(ParentRunner.java:238)
	at org.junit.runners.ParentRunner$1.schedule(ParentRunner.java:63)
	at org.junit.runners.ParentRunner.runChildren(ParentRunner.java:236)
	at org.junit.runners.ParentRunner.access$000(ParentRunner.java:53)
	at org.junit.runners.ParentRunner$2.evaluate(ParentRunner.java:229)
	at org.junit.runners.ParentRunner.run(ParentRunner.java:309)
	at org.apache.maven.surefire.junit4.JUnit4Provider.execute(JUnit4Provider.java:365)
	at org.apache.maven.surefire.junit4.JUnit4Provider.executeWithRerun(JUnit4Provider.java:273)
	at org.apache.maven.surefire.junit4.JUnit4Provider.executeTestSet(JUnit4Provider.java:238)
	at org.apache.maven.surefire.junit4.JUnit4Provider.invoke(JUnit4Provider.java:159)
	at org.apache.maven.surefire.booter.ForkedBooter.invokeProviderInSameClassLoader(ForkedBooter.java:384)
	at org.apache.maven.surefire.booter.ForkedBooter.runSuitesInProcess(ForkedBooter.java:345)
	at org.apache.maven.surefire.booter.ForkedBooter.execute(ForkedBooter.java:126)
	at org.apache.maven.surefire.booter.ForkedBooter.main(ForkedBooter.java:418)
</error>
    <system-out><![CDATA[2019-10-13 09:54:55,927 [main] WARN  server.ServerUtils (ServerUtils.java:getScmDbDir(145)) - ozone.scm.db.dirs is not configured. We recommend adding this setting. Falling back to ozone.metadata.dirs instead.
2019-10-13 09:54:57,894 [main] WARN  server.ServerUtils (ServerUtils.java:getScmDbDir(145)) - ozone.scm.db.dirs is not configured. We recommend adding this setting. Falling back to ozone.metadata.dirs instead.
2019-10-13 09:54:57,894 [main] WARN  server.ServerUtils (ServerUtils.java:getScmDbDir(145)) - ozone.scm.db.dirs is not configured. We recommend adding this setting. Falling back to ozone.metadata.dirs instead.
2019-10-13 09:54:57,895 [main] INFO  db.DBStoreBuilder (DBStoreBuilder.java:addTable(117)) - using custom profile for table: deletedBlocks
2019-10-13 09:54:57,896 [main] INFO  db.DBStoreBuilder (DBStoreBuilder.java:processTables(168)) - Using default column profile:DBProfile.DISK for Table:deletedBlocks
2019-10-13 09:54:57,896 [main] INFO  db.DBStoreBuilder (DBStoreBuilder.java:addTable(117)) - using custom profile for table: validCerts
2019-10-13 09:54:57,896 [main] INFO  db.DBStoreBuilder (DBStoreBuilder.java:processTables(168)) - Using default column profile:DBProfile.DISK for Table:validCerts
2019-10-13 09:54:57,897 [main] INFO  db.DBStoreBuilder (DBStoreBuilder.java:addTable(117)) - using custom profile for table: revokedCerts
2019-10-13 09:54:57,897 [main] INFO  db.DBStoreBuilder (DBStoreBuilder.java:processTables(168)) - Using default column profile:DBProfile.DISK for Table:revokedCerts
2019-10-13 09:54:57,897 [main] INFO  db.DBStoreBuilder (DBStoreBuilder.java:addTable(117)) - using custom profile for table: default
2019-10-13 09:54:57,898 [main] INFO  db.DBStoreBuilder (DBStoreBuilder.java:processTables(174)) - Using default column profile:DBProfile.DISK for Table:default
2019-10-13 09:54:57,898 [main] INFO  db.DBStoreBuilder (DBStoreBuilder.java:getDbProfile(205)) - Using default options. DBProfile.DISK
2019-10-13 09:55:27,753 [main] INFO  net.NodeSchemaLoader (NodeSchemaLoader.java:loadSchemaFromFile(125)) - Loading file from sun.misc.CompoundEnumeration@7ab34619
2019-10-13 09:55:27,754 [main] INFO  net.NodeSchemaLoader (NodeSchemaLoader.java:loadSchema(171)) - Loading network topology layer schema file
2019-10-13 09:55:27,761 [main] WARN  server.ServerUtils (ServerUtils.java:sanitizeUserArgs(70)) - ozone.scm.stale.node.interval value = 300000 is larger than max = 100000 based on the key value of ozone.scm.heartbeat.thread.interval, reset to the max value 100000.
2019-10-13 09:55:27,761 [main] WARN  server.ServerUtils (ServerUtils.java:sanitizeUserArgs(70)) - ozone.scm.stale.node.interval value = 300000 is larger than max = 100000 based on the key value of ozone.scm.heartbeat.thread.interval, reset to the max value 100000.
2019-10-13 09:55:27,762 [main] INFO  node.SCMNodeManager (SCMNodeManager.java:<init>(116)) - Entering startup safe mode.
2019-10-13 09:55:27,763 [main] INFO  algorithms.ContainerPlacementPolicyFactory (ContainerPlacementPolicyFactory.java:getPolicy(57)) - Create container placement policy of type org.apache.hadoop.hdds.scm.container.placement.algorithms.SCMContainerPlacementRandom
2019-10-13 09:55:27,763 [main] WARN  server.ServerUtils (ServerUtils.java:getScmDbDir(145)) - ozone.scm.db.dirs is not configured. We recommend adding this setting. Falling back to ozone.metadata.dirs instead.
2019-10-13 09:55:42,032 [main] INFO  pipeline.SCMPipelineManager (SCMPipelineManager.java:initializePipelineState(132)) - No pipeline exists in current db
2019-10-13 09:55:42,033 [main] WARN  server.ServerUtils (ServerUtils.java:getScmDbDir(145)) - ozone.scm.db.dirs is not configured. We recommend adding this setting. Falling back to ozone.metadata.dirs instead.
2019-10-13 09:55:53,666 [main] WARN  events.EventQueue (EventQueue.java:fireEvent(183)) - No event handler registered for event TypedEvent{payloadType=SafeModeStatus, name='SafeModeStatus'}
2019-10-13 09:55:53,668 [main] INFO  ipc.CallQueueManager (CallQueueManager.java:<init>(84)) - Using callQueue: class java.util.concurrent.LinkedBlockingQueue, queueCapacity: 2000, scheduler: class org.apache.hadoop.ipc.DefaultRpcScheduler, ipcBackoff: false.
2019-10-13 09:55:53,669 [Socket Reader #1 for port 36637] INFO  ipc.Server (Server.java:run(1074)) - Starting Socket Reader #1 for port 36637
2019-10-13 09:55:53,671 [main] INFO  ipc.CallQueueManager (CallQueueManager.java:<init>(84)) - Using callQueue: class java.util.concurrent.LinkedBlockingQueue, queueCapacity: 2000, scheduler: class org.apache.hadoop.ipc.DefaultRpcScheduler, ipcBackoff: false.
2019-10-13 09:55:53,672 [Socket Reader #1 for port 44633] INFO  ipc.Server (Server.java:run(1074)) - Starting Socket Reader #1 for port 44633
2019-10-13 09:55:53,674 [main] INFO  ipc.CallQueueManager (CallQueueManager.java:<init>(84)) - Using callQueue: class java.util.concurrent.LinkedBlockingQueue, queueCapacity: 2000, scheduler: class org.apache.hadoop.ipc.DefaultRpcScheduler, ipcBackoff: false.
2019-10-13 09:55:53,675 [Socket Reader #1 for port 34698] INFO  ipc.Server (Server.java:run(1074)) - Starting Socket Reader #1 for port 34698
2019-10-13 09:55:53,677 [main] INFO  hdfs.DFSUtil (DFSUtil.java:httpServerTemplateForNNAndJN(1641)) - Starting Web-server for scm at: http://0.0.0.0:0
2019-10-13 09:55:53,680 [main] INFO  server.AuthenticationFilter (AuthenticationFilter.java:constructSecretProvider(240)) - Unable to initialize FileSignerSecretProvider, falling back to use random secrets.
2019-10-13 09:55:53,684 [main] WARN  http.HttpRequestLog (HttpRequestLog.java:getRequestLog(97)) - Jetty request log can only be enabled using Log4j
2019-10-13 09:55:53,687 [main] INFO  http.HttpServer2 (HttpServer2.java:addGlobalFilter(975)) - Added global filter 'safety' (class=org.apache.hadoop.http.HttpServer2$QuotingInputFilter)
2019-10-13 09:55:53,688 [main] INFO  http.HttpServer2 (HttpServer2.java:addFilter(948)) - Added filter static_user_filter (class=org.apache.hadoop.http.lib.StaticUserWebFilter$StaticUserFilter) to context scm
2019-10-13 09:55:53,689 [main] INFO  http.HttpServer2 (HttpServer2.java:addFilter(958)) - Added filter static_user_filter (class=org.apache.hadoop.http.lib.StaticUserWebFilter$StaticUserFilter) to context logs
2019-10-13 09:55:53,689 [main] INFO  http.HttpServer2 (HttpServer2.java:addFilter(958)) - Added filter static_user_filter (class=org.apache.hadoop.http.lib.StaticUserWebFilter$StaticUserFilter) to context static
2019-10-13 09:55:53,693 [main] INFO  server.StorageContainerManager (StorageContainerManager.java:start(772)) - StorageContainerLocationProtocol RPC server is listening at /0.0.0.0:34698
2019-10-13 09:55:53,696 [main] WARN  impl.MetricsConfig (MetricsConfig.java:loadFirst(134)) - Cannot locate configuration: tried hadoop-metrics2-storagecontainermanager.properties,hadoop-metrics2.properties
2019-10-13 09:55:53,698 [main] INFO  impl.MetricsSystemImpl (MetricsSystemImpl.java:startTimer(374)) - Scheduled Metric snapshot period at 10 second(s).
2019-10-13 09:55:53,698 [main] INFO  impl.MetricsSystemImpl (MetricsSystemImpl.java:start(191)) - StorageContainerManager metrics system started
2019-10-13 09:55:53,725 [main] WARN  impl.MetricsSystemImpl (MetricsSystemImpl.java:register(276)) - Sink prometheus already exists!
2019-10-13 09:55:53,737 [main] INFO  server.SCMClientProtocolServer (SCMClientProtocolServer.java:start(159)) - RPC server for Client  is listening at /0.0.0.0:34698
2019-10-13 09:55:53,738 [IPC Server Responder] INFO  ipc.Server (Server.java:run(1314)) - IPC Server Responder: starting
2019-10-13 09:55:53,738 [IPC Server listener on 34698] INFO  ipc.Server (Server.java:run(1153)) - IPC Server listener on 34698: starting
2019-10-13 09:55:53,741 [main] INFO  server.StorageContainerManager (StorageContainerManager.java:start(782)) - ScmBlockLocationProtocol RPC server is listening at /0.0.0.0:44633
2019-10-13 09:55:53,742 [main] INFO  server.SCMBlockProtocolServer (SCMBlockProtocolServer.java:start(146)) - RPC server for Block Protocol is listening at /0.0.0.0:44633
2019-10-13 09:55:53,742 [IPC Server Responder] INFO  ipc.Server (Server.java:run(1314)) - IPC Server Responder: starting
2019-10-13 09:55:53,742 [IPC Server listener on 44633] INFO  ipc.Server (Server.java:run(1153)) - IPC Server listener on 44633: starting
2019-10-13 09:55:53,746 [main] INFO  server.StorageContainerManager (StorageContainerManager.java:start(786)) - ScmDatanodeProtocl RPC server is listening at /0.0.0.0:36637
2019-10-13 09:55:53,746 [main] INFO  server.SCMDatanodeProtocolServer (SCMDatanodeProtocolServer.java:start(169)) - RPC server for DataNodes is listening at /0.0.0.0:36637
2019-10-13 09:55:53,746 [IPC Server Responder] INFO  ipc.Server (Server.java:run(1314)) - IPC Server Responder: starting
2019-10-13 09:55:53,747 [IPC Server listener on 36637] INFO  ipc.Server (Server.java:run(1153)) - IPC Server listener on 36637: starting
2019-10-13 09:55:53,750 [main] INFO  http.HttpServer2 (HttpServer2.java:bindListener(1191)) - Jetty bound to port 44736
2019-10-13 09:55:53,750 [main] INFO  server.Server (Server.java:doStart(351)) - jetty-9.3.25.v20180904, build timestamp: 2018-09-04T21:11:46Z, git hash: 3ce520221d0240229c862b122d2b06c12a625732
2019-10-13 09:55:53,752 [main] INFO  handler.ContextHandler (ContextHandler.java:doStart(781)) - Started o.e.j.s.ServletContextHandler@34780cd9{/logs,file:///workdir/hadoop-ozone/integration-test/target/log,AVAILABLE}
2019-10-13 09:55:53,753 [main] INFO  handler.ContextHandler (ContextHandler.java:doStart(781)) - Started o.e.j.s.ServletContextHandler@7c8c70d6{/static,file:///workdir/hadoop-ozone/integration-test/target/test-classes/webapps/static,AVAILABLE}
2019-10-13 09:55:53,758 [main] INFO  handler.ContextHandler (ContextHandler.java:doStart(781)) - Started o.e.j.w.WebAppContext@445bb139{/,file:///workdir/hadoop-ozone/integration-test/target/test-classes/webapps/scm/,AVAILABLE}{/scm}
2019-10-13 09:55:53,759 [main] INFO  server.AbstractConnector (AbstractConnector.java:doStart(278)) - Started ServerConnector@b9a77c8{HTTP/1.1,[http/1.1]}{0.0.0.0:44736}
2019-10-13 09:55:53,759 [main] INFO  server.Server (Server.java:doStart(419)) - Started @85446ms
2019-10-13 09:55:53,759 [main] WARN  impl.MetricsSystemImpl (MetricsSystemImpl.java:register(276)) - Sink prometheus already exists!
2019-10-13 09:55:53,760 [main] INFO  server.BaseHttpServer (BaseHttpServer.java:updateConnectorAddress(215)) - HTTP server of SCM is listening at http://0.0.0.0:44736
2019-10-13 09:55:53,760 [main] WARN  server.ServerUtils (ServerUtils.java:getDBPath(222)) - ozone.om.db.dirs is not configured. We recommend adding this setting. Falling back to ozone.metadata.dirs instead.
2019-10-13 09:55:53,761 [org.apache.hadoop.util.JvmPauseMonitor$Monitor@6cd3ad8a] INFO  util.JvmPauseMonitor (JvmPauseMonitor.java:run(188)) - Starting JVM pause monitor
2019-10-13 09:55:54,194 [main] INFO  ha.OMHANodeDetails (OMHANodeDetails.java:loadOMHAConfig(190)) - Configuration either no ozone.om.address set. Falling back to the default OM address /127.0.0.1:0
2019-10-13 09:55:54,195 [main] INFO  ha.OMHANodeDetails (OMHANodeDetails.java:getOMNodeDetails(220)) - OM Service ID is not set. Setting it to the default ID: omServiceIdDefault
2019-10-13 09:55:54,196 [main] WARN  server.ServerUtils (ServerUtils.java:getDBPath(222)) - ozone.om.db.dirs is not configured. We recommend adding this setting. Falling back to ozone.metadata.dirs instead.
2019-10-13 09:55:54,197 [main] WARN  server.ServerUtils (ServerUtils.java:getDBPath(222)) - ozone.om.db.dirs is not configured. We recommend adding this setting. Falling back to ozone.metadata.dirs instead.
2019-10-13 09:55:54,211 [main] WARN  server.ServerUtils (ServerUtils.java:getDBPath(222)) - ozone.om.db.dirs is not configured. We recommend adding this setting. Falling back to ozone.metadata.dirs instead.
2019-10-13 09:55:54,212 [main] INFO  db.DBStoreBuilder (DBStoreBuilder.java:addTable(117)) - using custom profile for table: userTable
2019-10-13 09:55:54,212 [main] INFO  db.DBStoreBuilder (DBStoreBuilder.java:processTables(168)) - Using default column profile:DBProfile.DISK for Table:userTable
2019-10-13 09:55:54,213 [main] INFO  db.DBStoreBuilder (DBStoreBuilder.java:addTable(117)) - using custom profile for table: volumeTable
2019-10-13 09:55:54,213 [main] INFO  db.DBStoreBuilder (DBStoreBuilder.java:processTables(168)) - Using default column profile:DBProfile.DISK for Table:volumeTable
2019-10-13 09:55:54,214 [main] INFO  db.DBStoreBuilder (DBStoreBuilder.java:addTable(117)) - using custom profile for table: bucketTable
2019-10-13 09:55:54,214 [main] INFO  db.DBStoreBuilder (DBStoreBuilder.java:processTables(168)) - Using default column profile:DBProfile.DISK for Table:bucketTable
2019-10-13 09:55:54,214 [main] INFO  db.DBStoreBuilder (DBStoreBuilder.java:addTable(117)) - using custom profile for table: keyTable
2019-10-13 09:55:54,214 [main] INFO  db.DBStoreBuilder (DBStoreBuilder.java:processTables(168)) - Using default column profile:DBProfile.DISK for Table:keyTable
2019-10-13 09:55:54,215 [main] INFO  db.DBStoreBuilder (DBStoreBuilder.java:addTable(117)) - using custom profile for table: deletedTable
2019-10-13 09:55:54,215 [main] INFO  db.DBStoreBuilder (DBStoreBuilder.java:processTables(168)) - Using default column profile:DBProfile.DISK for Table:deletedTable
2019-10-13 09:55:54,215 [main] INFO  db.DBStoreBuilder (DBStoreBuilder.java:addTable(117)) - using custom profile for table: openKeyTable
2019-10-13 09:55:54,215 [main] INFO  db.DBStoreBuilder (DBStoreBuilder.java:processTables(168)) - Using default column profile:DBProfile.DISK for Table:openKeyTable
2019-10-13 09:55:54,216 [main] INFO  db.DBStoreBuilder (DBStoreBuilder.java:addTable(117)) - using custom profile for table: s3Table
2019-10-13 09:55:54,216 [main] INFO  db.DBStoreBuilder (DBStoreBuilder.java:processTables(168)) - Using default column profile:DBProfile.DISK for Table:s3Table
2019-10-13 09:55:54,216 [main] INFO  db.DBStoreBuilder (DBStoreBuilder.java:addTable(117)) - using custom profile for table: multipartInfoTable
2019-10-13 09:55:54,217 [main] INFO  db.DBStoreBuilder (DBStoreBuilder.java:processTables(168)) - Using default column profile:DBProfile.DISK for Table:multipartInfoTable
2019-10-13 09:55:54,217 [main] INFO  db.DBStoreBuilder (DBStoreBuilder.java:addTable(117)) - using custom profile for table: dTokenTable
2019-10-13 09:55:54,217 [main] INFO  db.DBStoreBuilder (DBStoreBuilder.java:processTables(168)) - Using default column profile:DBProfile.DISK for Table:dTokenTable
2019-10-13 09:55:54,217 [main] INFO  db.DBStoreBuilder (DBStoreBuilder.java:addTable(117)) - using custom profile for table: s3SecretTable
2019-10-13 09:55:54,218 [main] INFO  db.DBStoreBuilder (DBStoreBuilder.java:processTables(168)) - Using default column profile:DBProfile.DISK for Table:s3SecretTable
2019-10-13 09:55:54,218 [main] INFO  db.DBStoreBuilder (DBStoreBuilder.java:addTable(117)) - using custom profile for table: prefixTable
2019-10-13 09:55:54,218 [main] INFO  db.DBStoreBuilder (DBStoreBuilder.java:processTables(168)) - Using default column profile:DBProfile.DISK for Table:prefixTable
2019-10-13 09:55:54,218 [main] INFO  db.DBStoreBuilder (DBStoreBuilder.java:addTable(117)) - using custom profile for table: default
2019-10-13 09:55:54,219 [main] INFO  db.DBStoreBuilder (DBStoreBuilder.java:processTables(174)) - Using default column profile:DBProfile.DISK for Table:default
2019-10-13 09:55:54,219 [main] INFO  db.DBStoreBuilder (DBStoreBuilder.java:getDbProfile(205)) - Using default options. DBProfile.DISK
2019-10-13 09:56:19,664 [main] INFO  ipc.CallQueueManager (CallQueueManager.java:<init>(84)) - Using callQueue: class java.util.concurrent.LinkedBlockingQueue, queueCapacity: 2000, scheduler: class org.apache.hadoop.ipc.DefaultRpcScheduler, ipcBackoff: false.
2019-10-13 09:56:19,666 [Socket Reader #1 for port 34865] INFO  ipc.Server (Server.java:run(1074)) - Starting Socket Reader #1 for port 34865
2019-10-13 09:56:19,683 [main] INFO  om.OzoneManager (OzoneManager.java:start(1071)) - OzoneManager RPC server is listening at localhost/127.0.0.1:34865
2019-10-13 09:56:19,683 [main] INFO  impl.MetricsSystemImpl (MetricsSystemImpl.java:init(158)) - OzoneManager metrics system started (again)
2019-10-13 09:56:19,685 [IPC Server Responder] INFO  ipc.Server (Server.java:run(1314)) - IPC Server Responder: starting
2019-10-13 09:56:19,685 [IPC Server listener on 34865] INFO  ipc.Server (Server.java:run(1153)) - IPC Server listener on 34865: starting
2019-10-13 09:56:19,690 [main] INFO  hdfs.DFSUtil (DFSUtil.java:httpServerTemplateForNNAndJN(1641)) - Starting Web-server for ozoneManager at: http://0.0.0.0:0
2019-10-13 09:56:19,693 [main] INFO  server.AuthenticationFilter (AuthenticationFilter.java:constructSecretProvider(240)) - Unable to initialize FileSignerSecretProvider, falling back to use random secrets.
2019-10-13 09:56:19,695 [main] WARN  http.HttpRequestLog (HttpRequestLog.java:getRequestLog(97)) - Jetty request log can only be enabled using Log4j
2019-10-13 09:56:19,698 [main] INFO  http.HttpServer2 (HttpServer2.java:addGlobalFilter(975)) - Added global filter 'safety' (class=org.apache.hadoop.http.HttpServer2$QuotingInputFilter)
2019-10-13 09:56:19,700 [main] INFO  http.HttpServer2 (HttpServer2.java:addFilter(948)) - Added filter static_user_filter (class=org.apache.hadoop.http.lib.StaticUserWebFilter$StaticUserFilter) to context ozoneManager
2019-10-13 09:56:19,700 [main] INFO  http.HttpServer2 (HttpServer2.java:addFilter(958)) - Added filter static_user_filter (class=org.apache.hadoop.http.lib.StaticUserWebFilter$StaticUserFilter) to context logs
2019-10-13 09:56:19,701 [main] INFO  http.HttpServer2 (HttpServer2.java:addFilter(958)) - Added filter static_user_filter (class=org.apache.hadoop.http.lib.StaticUserWebFilter$StaticUserFilter) to context static
2019-10-13 09:56:19,703 [main] INFO  http.HttpServer2 (HttpServer2.java:bindListener(1191)) - Jetty bound to port 35123
2019-10-13 09:56:19,703 [main] INFO  server.Server (Server.java:doStart(351)) - jetty-9.3.25.v20180904, build timestamp: 2018-09-04T21:11:46Z, git hash: 3ce520221d0240229c862b122d2b06c12a625732
2019-10-13 09:56:19,707 [main] INFO  handler.ContextHandler (ContextHandler.java:doStart(781)) - Started o.e.j.s.ServletContextHandler@2fcd7d3f{/logs,file:///workdir/hadoop-ozone/integration-test/target/log,AVAILABLE}
2019-10-13 09:56:19,708 [main] INFO  handler.ContextHandler (ContextHandler.java:doStart(781)) - Started o.e.j.s.ServletContextHandler@6f70a21b{/static,file:///workdir/hadoop-ozone/integration-test/target/test-classes/webapps/static,AVAILABLE}
2019-10-13 09:56:19,714 [main] INFO  handler.ContextHandler (ContextHandler.java:doStart(781)) - Started o.e.j.w.WebAppContext@424de326{/,file:///workdir/hadoop-ozone/integration-test/target/test-classes/webapps/ozoneManager/,AVAILABLE}{/ozoneManager}
2019-10-13 09:56:19,714 [main] INFO  server.AbstractConnector (AbstractConnector.java:doStart(278)) - Started ServerConnector@4bc33720{HTTP/1.1,[http/1.1]}{0.0.0.0:35123}
2019-10-13 09:56:19,715 [main] INFO  server.Server (Server.java:doStart(419)) - Started @111402ms
2019-10-13 09:56:19,715 [main] WARN  impl.MetricsSystemImpl (MetricsSystemImpl.java:register(276)) - Sink prometheus already exists!
2019-10-13 09:56:19,716 [main] INFO  server.BaseHttpServer (BaseHttpServer.java:updateConnectorAddress(215)) - HTTP server of OZONEMANAGER is listening at http://0.0.0.0:35123
2019-10-13 09:56:19,733 [main] INFO  impl.MetricsSystemImpl (MetricsSystemImpl.java:init(158)) - HddsDatanode metrics system started (again)
2019-10-13 09:56:19,735 [main] INFO  ozone.HddsDatanodeService (HddsDatanodeService.java:start(184)) - HddsDatanodeService host:pr-hdds2071-28zjt-764321718 ip:192.168.164.225
2019-10-13 09:56:19,755 [main] INFO  volume.HddsVolume (HddsVolume.java:<init>(176)) - Creating Volume: /workdir/hadoop-ozone/integration-test/target/test-dir/MiniOzoneClusterImpl-ab2c19e4-bd12-4d81-a7c2-cea9bc284305/datanode-0/data/containers/hdds of  storage type : DISK and capacity : 1482555576320
2019-10-13 09:56:19,755 [main] INFO  volume.VolumeSet (VolumeSet.java:initializeVolumeSet(170)) - Added Volume : /workdir/hadoop-ozone/integration-test/target/test-dir/MiniOzoneClusterImpl-ab2c19e4-bd12-4d81-a7c2-cea9bc284305/datanode-0/data/containers/hdds to VolumeSet
2019-10-13 09:56:19,756 [main] INFO  volume.ThrottledAsyncChecker (ThrottledAsyncChecker.java:schedule(141)) - Scheduling a check for org.apache.hadoop.ozone.container.common.volume.HddsVolume@6535117e
2019-10-13 09:56:19,756 [main] INFO  volume.HddsVolumeChecker (HddsVolumeChecker.java:checkAllVolumes(204)) - Scheduled health check for volume org.apache.hadoop.ozone.container.common.volume.HddsVolume@6535117e
2019-10-13 09:56:19,774 [main] INFO  impl.RaftServerProxy (ConfUtils.java:logGet(43)) - raft.rpc.type = GRPC (default)
2019-10-13 09:56:19,775 [main] INFO  grpc.GrpcFactory (GrpcFactory.java:checkPooledByteBufAllocatorUseCacheForAllThreads(45)) - PERFORMANCE WARNING: useCacheForAllThreads is true that may cause Netty to create a lot garbage objects and, as a result, trigger GC.
	It is recommended to disable useCacheForAllThreads by setting -Dorg.apache.ratis.thirdparty.io.netty.allocator.useCacheForAllThreads=false in command line.
2019-10-13 09:56:19,775 [main] INFO  grpc.GrpcConfigKeys$Server (ConfUtils.java:logGet(43)) - raft.grpc.server.port = 0 (default)
2019-10-13 09:56:19,776 [main] INFO  server.GrpcService (ConfUtils.java:logGet(43)) - raft.grpc.message.size.max = 33570816 (custom)
2019-10-13 09:56:19,776 [main] INFO  server.RaftServerConfigKeys (ConfUtils.java:logGet(43)) - raft.server.log.appender.buffer.byte-limit = 33554432 (custom)
2019-10-13 09:56:19,777 [main] INFO  server.GrpcService (ConfUtils.java:logGet(43)) - raft.grpc.flow.control.window = 1MB (=1048576) (default)
2019-10-13 09:56:19,777 [main] INFO  server.RaftServerConfigKeys (ConfUtils.java:logGet(43)) - raft.server.rpc.request.timeout = 3000ms (default)
2019-10-13 09:56:19,778 [main] INFO  server.RaftServerConfigKeys (ConfUtils.java:logGet(43)) - raft.server.storage.dir = [/workdir/hadoop-ozone/integration-test/target/test-dir/MiniOzoneClusterImpl-ab2c19e4-bd12-4d81-a7c2-cea9bc284305/datanode-0/data/ratis] (custom)
2019-10-13 09:56:19,781 [main] INFO  hdfs.DFSUtil (DFSUtil.java:httpServerTemplateForNNAndJN(1641)) - Starting Web-server for hddsDatanode at: http://0.0.0.0:0
2019-10-13 09:56:19,783 [main] INFO  server.AuthenticationFilter (AuthenticationFilter.java:constructSecretProvider(240)) - Unable to initialize FileSignerSecretProvider, falling back to use random secrets.
2019-10-13 09:56:19,783 [main] WARN  http.HttpRequestLog (HttpRequestLog.java:getRequestLog(97)) - Jetty request log can only be enabled using Log4j
2019-10-13 09:56:19,785 [main] INFO  http.HttpServer2 (HttpServer2.java:addGlobalFilter(975)) - Added global filter 'safety' (class=org.apache.hadoop.http.HttpServer2$QuotingInputFilter)
2019-10-13 09:56:19,786 [main] INFO  http.HttpServer2 (HttpServer2.java:addFilter(948)) - Added filter static_user_filter (class=org.apache.hadoop.http.lib.StaticUserWebFilter$StaticUserFilter) to context hddsDatanode
2019-10-13 09:56:19,786 [main] INFO  http.HttpServer2 (HttpServer2.java:addFilter(958)) - Added filter static_user_filter (class=org.apache.hadoop.http.lib.StaticUserWebFilter$StaticUserFilter) to context logs
2019-10-13 09:56:19,786 [main] INFO  http.HttpServer2 (HttpServer2.java:addFilter(958)) - Added filter static_user_filter (class=org.apache.hadoop.http.lib.StaticUserWebFilter$StaticUserFilter) to context static
2019-10-13 09:56:19,787 [main] INFO  http.HttpServer2 (HttpServer2.java:bindListener(1191)) - Jetty bound to port 42932
2019-10-13 09:56:19,787 [main] INFO  server.Server (Server.java:doStart(351)) - jetty-9.3.25.v20180904, build timestamp: 2018-09-04T21:11:46Z, git hash: 3ce520221d0240229c862b122d2b06c12a625732
2019-10-13 09:56:19,789 [main] INFO  handler.ContextHandler (ContextHandler.java:doStart(781)) - Started o.e.j.s.ServletContextHandler@fe34b86{/logs,file:///workdir/hadoop-ozone/integration-test/target/log,AVAILABLE}
2019-10-13 09:56:19,790 [main] INFO  handler.ContextHandler (ContextHandler.java:doStart(781)) - Started o.e.j.s.ServletContextHandler@3f736a16{/static,jar:file:/home/user/.m2/repository/org/apache/hadoop/hadoop-hdds-container-service/0.5.0-SNAPSHOT/hadoop-hdds-container-service-0.5.0-SNAPSHOT.jar!/webapps/static,AVAILABLE}
2019-10-13 09:56:19,824 [main] INFO  handler.ContextHandler (ContextHandler.java:doStart(781)) - Started o.e.j.w.WebAppContext@432f521f{/,file:///tmp/jetty-0.0.0.0-42932-hddsDatanode-_-any-2085149280948214699.dir/webapp/,AVAILABLE}{/hddsDatanode}
2019-10-13 09:56:19,826 [main] INFO  server.AbstractConnector (AbstractConnector.java:doStart(278)) - Started ServerConnector@2d7a9786{HTTP/1.1,[http/1.1]}{0.0.0.0:42932}
2019-10-13 09:56:19,826 [main] INFO  server.Server (Server.java:doStart(419)) - Started @111513ms
2019-10-13 09:56:19,827 [main] WARN  impl.MetricsSystemImpl (MetricsSystemImpl.java:register(276)) - Sink prometheus already exists!
2019-10-13 09:56:19,827 [main] INFO  server.BaseHttpServer (BaseHttpServer.java:updateConnectorAddress(215)) - HTTP server of HDDSDATANODE is listening at http://0.0.0.0:42932
2019-10-13 09:56:19,828 [main] INFO  impl.MetricsSystemImpl (MetricsSystemImpl.java:init(158)) - HddsDatanode metrics system started (again)
2019-10-13 09:56:19,831 [org.apache.hadoop.util.JvmPauseMonitor$Monitor@13a4a258] INFO  util.JvmPauseMonitor (JvmPauseMonitor.java:run(188)) - Starting JVM pause monitor
2019-10-13 09:56:19,831 [main] INFO  ozone.HddsDatanodeService (HddsDatanodeService.java:start(184)) - HddsDatanodeService host:pr-hdds2071-28zjt-764321718 ip:192.168.164.225
2019-10-13 09:56:19,834 [Datanode State Machine Thread - 0] INFO  datanode.InitDatanodeState (InitDatanodeState.java:persistContainerDatanodeDetails(140)) - DatanodeDetails is persisted to /workdir/hadoop-ozone/integration-test/target/test-dir/MiniOzoneClusterImpl-ab2c19e4-bd12-4d81-a7c2-cea9bc284305/datanode-0/meta/datanode.id
2019-10-13 09:56:19,970 [main] INFO  volume.HddsVolume (HddsVolume.java:<init>(176)) - Creating Volume: /workdir/hadoop-ozone/integration-test/target/test-dir/MiniOzoneClusterImpl-ab2c19e4-bd12-4d81-a7c2-cea9bc284305/datanode-1/data/containers/hdds of  storage type : DISK and capacity : 1482555576320
2019-10-13 09:56:19,971 [main] INFO  volume.VolumeSet (VolumeSet.java:initializeVolumeSet(170)) - Added Volume : /workdir/hadoop-ozone/integration-test/target/test-dir/MiniOzoneClusterImpl-ab2c19e4-bd12-4d81-a7c2-cea9bc284305/datanode-1/data/containers/hdds to VolumeSet
2019-10-13 09:56:19,971 [main] INFO  volume.ThrottledAsyncChecker (ThrottledAsyncChecker.java:schedule(141)) - Scheduling a check for org.apache.hadoop.ozone.container.common.volume.HddsVolume@2c88a3e8
2019-10-13 09:56:19,972 [main] INFO  volume.HddsVolumeChecker (HddsVolumeChecker.java:checkAllVolumes(204)) - Scheduled health check for volume org.apache.hadoop.ozone.container.common.volume.HddsVolume@2c88a3e8
2019-10-13 09:56:19,991 [main] INFO  impl.RaftServerProxy (ConfUtils.java:logGet(43)) - raft.rpc.type = GRPC (default)
2019-10-13 09:56:19,992 [main] INFO  grpc.GrpcFactory (GrpcFactory.java:checkPooledByteBufAllocatorUseCacheForAllThreads(45)) - PERFORMANCE WARNING: useCacheForAllThreads is true that may cause Netty to create a lot garbage objects and, as a result, trigger GC.
	It is recommended to disable useCacheForAllThreads by setting -Dorg.apache.ratis.thirdparty.io.netty.allocator.useCacheForAllThreads=false in command line.
2019-10-13 09:56:19,992 [main] INFO  grpc.GrpcConfigKeys$Server (ConfUtils.java:logGet(43)) - raft.grpc.server.port = 0 (default)
2019-10-13 09:56:19,992 [main] INFO  server.GrpcService (ConfUtils.java:logGet(43)) - raft.grpc.message.size.max = 33570816 (custom)
2019-10-13 09:56:19,992 [main] INFO  server.RaftServerConfigKeys (ConfUtils.java:logGet(43)) - raft.server.log.appender.buffer.byte-limit = 33554432 (custom)
2019-10-13 09:56:19,993 [main] INFO  server.GrpcService (ConfUtils.java:logGet(43)) - raft.grpc.flow.control.window = 1MB (=1048576) (default)
2019-10-13 09:56:19,993 [main] INFO  server.RaftServerConfigKeys (ConfUtils.java:logGet(43)) - raft.server.rpc.request.timeout = 3000ms (default)
2019-10-13 09:56:19,993 [main] INFO  server.RaftServerConfigKeys (ConfUtils.java:logGet(43)) - raft.server.storage.dir = [/workdir/hadoop-ozone/integration-test/target/test-dir/MiniOzoneClusterImpl-ab2c19e4-bd12-4d81-a7c2-cea9bc284305/datanode-1/data/ratis] (custom)
2019-10-13 09:56:19,995 [main] INFO  hdfs.DFSUtil (DFSUtil.java:httpServerTemplateForNNAndJN(1641)) - Starting Web-server for hddsDatanode at: http://0.0.0.0:0
2019-10-13 09:56:19,996 [main] INFO  server.AuthenticationFilter (AuthenticationFilter.java:constructSecretProvider(240)) - Unable to initialize FileSignerSecretProvider, falling back to use random secrets.
2019-10-13 09:56:19,996 [main] WARN  http.HttpRequestLog (HttpRequestLog.java:getRequestLog(97)) - Jetty request log can only be enabled using Log4j
2019-10-13 09:56:19,998 [main] INFO  http.HttpServer2 (HttpServer2.java:addGlobalFilter(975)) - Added global filter 'safety' (class=org.apache.hadoop.http.HttpServer2$QuotingInputFilter)
2019-10-13 09:56:19,999 [main] INFO  http.HttpServer2 (HttpServer2.java:addFilter(948)) - Added filter static_user_filter (class=org.apache.hadoop.http.lib.StaticUserWebFilter$StaticUserFilter) to context hddsDatanode
2019-10-13 09:56:19,999 [main] INFO  http.HttpServer2 (HttpServer2.java:addFilter(958)) - Added filter static_user_filter (class=org.apache.hadoop.http.lib.StaticUserWebFilter$StaticUserFilter) to context logs
2019-10-13 09:56:19,999 [main] INFO  http.HttpServer2 (HttpServer2.java:addFilter(958)) - Added filter static_user_filter (class=org.apache.hadoop.http.lib.StaticUserWebFilter$StaticUserFilter) to context static
2019-10-13 09:56:20,000 [main] INFO  http.HttpServer2 (HttpServer2.java:bindListener(1191)) - Jetty bound to port 42644
2019-10-13 09:56:20,000 [main] INFO  server.Server (Server.java:doStart(351)) - jetty-9.3.25.v20180904, build timestamp: 2018-09-04T21:11:46Z, git hash: 3ce520221d0240229c862b122d2b06c12a625732
2019-10-13 09:56:20,001 [main] INFO  handler.ContextHandler (ContextHandler.java:doStart(781)) - Started o.e.j.s.ServletContextHandler@75a0c890{/logs,file:///workdir/hadoop-ozone/integration-test/target/log,AVAILABLE}
2019-10-13 09:56:20,002 [main] INFO  handler.ContextHandler (ContextHandler.java:doStart(781)) - Started o.e.j.s.ServletContextHandler@e26af6{/static,jar:file:/home/user/.m2/repository/org/apache/hadoop/hadoop-hdds-container-service/0.5.0-SNAPSHOT/hadoop-hdds-container-service-0.5.0-SNAPSHOT.jar!/webapps/static,AVAILABLE}
2019-10-13 09:56:20,032 [main] INFO  handler.ContextHandler (ContextHandler.java:doStart(781)) - Started o.e.j.w.WebAppContext@33956d1a{/,file:///tmp/jetty-0.0.0.0-42644-hddsDatanode-_-any-7964562658216313271.dir/webapp/,AVAILABLE}{/hddsDatanode}
2019-10-13 09:56:20,033 [main] INFO  server.AbstractConnector (AbstractConnector.java:doStart(278)) - Started ServerConnector@2e1ddc90{HTTP/1.1,[http/1.1]}{0.0.0.0:42644}
2019-10-13 09:56:20,033 [main] INFO  server.Server (Server.java:doStart(419)) - Started @111720ms
2019-10-13 09:56:20,033 [main] WARN  impl.MetricsSystemImpl (MetricsSystemImpl.java:register(276)) - Sink prometheus already exists!
2019-10-13 09:56:20,034 [main] INFO  server.BaseHttpServer (BaseHttpServer.java:updateConnectorAddress(215)) - HTTP server of HDDSDATANODE is listening at http://0.0.0.0:42644
2019-10-13 09:56:20,034 [main] INFO  impl.MetricsSystemImpl (MetricsSystemImpl.java:init(158)) - HddsDatanode metrics system started (again)
2019-10-13 09:56:20,037 [org.apache.hadoop.util.JvmPauseMonitor$Monitor@42fae246] INFO  util.JvmPauseMonitor (JvmPauseMonitor.java:run(188)) - Starting JVM pause monitor
2019-10-13 09:56:20,038 [main] INFO  ozone.HddsDatanodeService (HddsDatanodeService.java:start(184)) - HddsDatanodeService host:pr-hdds2071-28zjt-764321718 ip:192.168.164.225
2019-10-13 09:56:20,040 [Datanode State Machine Thread - 0] INFO  datanode.InitDatanodeState (InitDatanodeState.java:persistContainerDatanodeDetails(140)) - DatanodeDetails is persisted to /workdir/hadoop-ozone/integration-test/target/test-dir/MiniOzoneClusterImpl-ab2c19e4-bd12-4d81-a7c2-cea9bc284305/datanode-1/meta/datanode.id
2019-10-13 09:56:20,044 [main] INFO  volume.HddsVolume (HddsVolume.java:<init>(176)) - Creating Volume: /workdir/hadoop-ozone/integration-test/target/test-dir/MiniOzoneClusterImpl-ab2c19e4-bd12-4d81-a7c2-cea9bc284305/datanode-2/data/containers/hdds of  storage type : DISK and capacity : 1482555576320
2019-10-13 09:56:20,044 [main] INFO  volume.VolumeSet (VolumeSet.java:initializeVolumeSet(170)) - Added Volume : /workdir/hadoop-ozone/integration-test/target/test-dir/MiniOzoneClusterImpl-ab2c19e4-bd12-4d81-a7c2-cea9bc284305/datanode-2/data/containers/hdds to VolumeSet
2019-10-13 09:56:20,044 [main] INFO  volume.ThrottledAsyncChecker (ThrottledAsyncChecker.java:schedule(141)) - Scheduling a check for org.apache.hadoop.ozone.container.common.volume.HddsVolume@4b4eced1
2019-10-13 09:56:20,044 [main] INFO  volume.HddsVolumeChecker (HddsVolumeChecker.java:checkAllVolumes(204)) - Scheduled health check for volume org.apache.hadoop.ozone.container.common.volume.HddsVolume@4b4eced1
2019-10-13 09:56:20,059 [main] INFO  impl.RaftServerProxy (ConfUtils.java:logGet(43)) - raft.rpc.type = GRPC (default)
2019-10-13 09:56:20,059 [main] INFO  grpc.GrpcFactory (GrpcFactory.java:checkPooledByteBufAllocatorUseCacheForAllThreads(45)) - PERFORMANCE WARNING: useCacheForAllThreads is true that may cause Netty to create a lot garbage objects and, as a result, trigger GC.
	It is recommended to disable useCacheForAllThreads by setting -Dorg.apache.ratis.thirdparty.io.netty.allocator.useCacheForAllThreads=false in command line.
2019-10-13 09:56:20,059 [main] INFO  grpc.GrpcConfigKeys$Server (ConfUtils.java:logGet(43)) - raft.grpc.server.port = 0 (default)
2019-10-13 09:56:20,059 [main] INFO  server.GrpcService (ConfUtils.java:logGet(43)) - raft.grpc.message.size.max = 33570816 (custom)
2019-10-13 09:56:20,059 [main] INFO  server.RaftServerConfigKeys (ConfUtils.java:logGet(43)) - raft.server.log.appender.buffer.byte-limit = 33554432 (custom)
2019-10-13 09:56:20,060 [main] INFO  server.GrpcService (ConfUtils.java:logGet(43)) - raft.grpc.flow.control.window = 1MB (=1048576) (default)
2019-10-13 09:56:20,060 [main] INFO  server.RaftServerConfigKeys (ConfUtils.java:logGet(43)) - raft.server.rpc.request.timeout = 3000ms (default)
2019-10-13 09:56:20,060 [main] INFO  server.RaftServerConfigKeys (ConfUtils.java:logGet(43)) - raft.server.storage.dir = [/workdir/hadoop-ozone/integration-test/target/test-dir/MiniOzoneClusterImpl-ab2c19e4-bd12-4d81-a7c2-cea9bc284305/datanode-2/data/ratis] (custom)
2019-10-13 09:56:20,062 [main] INFO  hdfs.DFSUtil (DFSUtil.java:httpServerTemplateForNNAndJN(1641)) - Starting Web-server for hddsDatanode at: http://0.0.0.0:0
2019-10-13 09:56:20,063 [main] INFO  server.AuthenticationFilter (AuthenticationFilter.java:constructSecretProvider(240)) - Unable to initialize FileSignerSecretProvider, falling back to use random secrets.
2019-10-13 09:56:20,064 [main] WARN  http.HttpRequestLog (HttpRequestLog.java:getRequestLog(97)) - Jetty request log can only be enabled using Log4j
2019-10-13 09:56:20,065 [main] INFO  http.HttpServer2 (HttpServer2.java:addGlobalFilter(975)) - Added global filter 'safety' (class=org.apache.hadoop.http.HttpServer2$QuotingInputFilter)
2019-10-13 09:56:20,066 [main] INFO  http.HttpServer2 (HttpServer2.java:addFilter(948)) - Added filter static_user_filter (class=org.apache.hadoop.http.lib.StaticUserWebFilter$StaticUserFilter) to context hddsDatanode
2019-10-13 09:56:20,066 [main] INFO  http.HttpServer2 (HttpServer2.java:addFilter(958)) - Added filter static_user_filter (class=org.apache.hadoop.http.lib.StaticUserWebFilter$StaticUserFilter) to context static
2019-10-13 09:56:20,067 [main] INFO  http.HttpServer2 (HttpServer2.java:addFilter(958)) - Added filter static_user_filter (class=org.apache.hadoop.http.lib.StaticUserWebFilter$StaticUserFilter) to context logs
2019-10-13 09:56:20,068 [main] INFO  http.HttpServer2 (HttpServer2.java:bindListener(1191)) - Jetty bound to port 33173
2019-10-13 09:56:20,068 [main] INFO  server.Server (Server.java:doStart(351)) - jetty-9.3.25.v20180904, build timestamp: 2018-09-04T21:11:46Z, git hash: 3ce520221d0240229c862b122d2b06c12a625732
2019-10-13 09:56:20,071 [main] INFO  handler.ContextHandler (ContextHandler.java:doStart(781)) - Started o.e.j.s.ServletContextHandler@4784efd9{/logs,file:///workdir/hadoop-ozone/integration-test/target/log,AVAILABLE}
2019-10-13 09:56:20,071 [main] INFO  handler.ContextHandler (ContextHandler.java:doStart(781)) - Started o.e.j.s.ServletContextHandler@427ae189{/static,jar:file:/home/user/.m2/repository/org/apache/hadoop/hadoop-hdds-container-service/0.5.0-SNAPSHOT/hadoop-hdds-container-service-0.5.0-SNAPSHOT.jar!/webapps/static,AVAILABLE}
2019-10-13 09:56:20,104 [main] INFO  handler.ContextHandler (ContextHandler.java:doStart(781)) - Started o.e.j.w.WebAppContext@474821de{/,file:///tmp/jetty-0.0.0.0-33173-hddsDatanode-_-any-7701546482515115378.dir/webapp/,AVAILABLE}{/hddsDatanode}
2019-10-13 09:56:20,106 [main] INFO  server.AbstractConnector (AbstractConnector.java:doStart(278)) - Started ServerConnector@3d64c581{HTTP/1.1,[http/1.1]}{0.0.0.0:33173}
2019-10-13 09:56:20,106 [main] INFO  server.Server (Server.java:doStart(419)) - Started @111793ms
2019-10-13 09:56:20,106 [main] WARN  impl.MetricsSystemImpl (MetricsSystemImpl.java:register(276)) - Sink prometheus already exists!
2019-10-13 09:56:20,107 [main] INFO  server.BaseHttpServer (BaseHttpServer.java:updateConnectorAddress(215)) - HTTP server of HDDSDATANODE is listening at http://0.0.0.0:33173
2019-10-13 09:56:20,107 [main] INFO  ozone.MiniOzoneClusterImpl (MiniOzoneClusterImpl.java:lambda$waitForClusterToBeReady$0(147)) - Waiting for cluster to be ready. Got 0 of 3 DN Heartbeats.
2019-10-13 09:56:20,109 [org.apache.hadoop.util.JvmPauseMonitor$Monitor@603d6b79] INFO  util.JvmPauseMonitor (JvmPauseMonitor.java:run(188)) - Starting JVM pause monitor
2019-10-13 09:56:20,111 [Datanode State Machine Thread - 0] INFO  datanode.InitDatanodeState (InitDatanodeState.java:persistContainerDatanodeDetails(140)) - DatanodeDetails is persisted to /workdir/hadoop-ozone/integration-test/target/test-dir/MiniOzoneClusterImpl-ab2c19e4-bd12-4d81-a7c2-cea9bc284305/datanode-2/meta/datanode.id
2019-10-13 09:56:21,108 [main] INFO  ozone.MiniOzoneClusterImpl (MiniOzoneClusterImpl.java:lambda$waitForClusterToBeReady$0(147)) - Waiting for cluster to be ready. Got 0 of 3 DN Heartbeats.
2019-10-13 09:56:21,863 [Datanode State Machine Thread - 0] INFO  ozoneimpl.OzoneContainer (OzoneContainer.java:start(213)) - Attempting to start container services.
2019-10-13 09:56:21,864 [Datanode State Machine Thread - 0] INFO  ozoneimpl.OzoneContainer (OzoneContainer.java:startContainerScrub(177)) - Background container scanner has been disabled.
2019-10-13 09:56:21,864 [Datanode State Machine Thread - 0] INFO  ratis.XceiverServerRatis (XceiverServerRatis.java:start(418)) - Starting XceiverServerRatis 5ec5c77b-e482-4ac4-adaa-cbdaadae6a77 at port 0
2019-10-13 09:56:21,944 [Datanode State Machine Thread - 0] INFO  impl.RaftServerProxy (RaftServerProxy.java:lambda$start$3(299)) - 5ec5c77b-e482-4ac4-adaa-cbdaadae6a77: start RPC server
2019-10-13 09:56:21,947 [Datanode State Machine Thread - 0] INFO  server.GrpcService (GrpcService.java:startImpl(158)) - 5ec5c77b-e482-4ac4-adaa-cbdaadae6a77: GrpcService started, listening on 0.0.0.0/0.0.0.0:44259
2019-10-13 09:56:21,947 [Datanode State Machine Thread - 0] INFO  ratis.XceiverServerRatis (XceiverServerRatis.java:start(428)) - XceiverServerRatis 5ec5c77b-e482-4ac4-adaa-cbdaadae6a77 is started using port 44259
2019-10-13 09:56:21,948 [Datanode State Machine Thread - 0] INFO  server.XceiverServerGrpc (XceiverServerGrpc.java:start(149)) - XceiverServerGrpc 5ec5c77b-e482-4ac4-adaa-cbdaadae6a77 is started using port 46188
2019-10-13 09:56:22,075 [Datanode State Machine Thread - 0] INFO  ozoneimpl.OzoneContainer (OzoneContainer.java:start(213)) - Attempting to start container services.
2019-10-13 09:56:22,075 [Datanode State Machine Thread - 0] INFO  ozoneimpl.OzoneContainer (OzoneContainer.java:startContainerScrub(177)) - Background container scanner has been disabled.
2019-10-13 09:56:22,075 [Datanode State Machine Thread - 0] INFO  ratis.XceiverServerRatis (XceiverServerRatis.java:start(418)) - Starting XceiverServerRatis 2e39f6a9-a8a7-4bc7-ab66-c20f98d2b88e at port 0
2019-10-13 09:56:22,088 [Datanode State Machine Thread - 0] INFO  impl.RaftServerProxy (RaftServerProxy.java:lambda$start$3(299)) - 2e39f6a9-a8a7-4bc7-ab66-c20f98d2b88e: start RPC server
2019-10-13 09:56:22,089 [Datanode State Machine Thread - 0] INFO  server.GrpcService (GrpcService.java:startImpl(158)) - 2e39f6a9-a8a7-4bc7-ab66-c20f98d2b88e: GrpcService started, listening on 0.0.0.0/0.0.0.0:36883
2019-10-13 09:56:22,089 [Datanode State Machine Thread - 0] INFO  ratis.XceiverServerRatis (XceiverServerRatis.java:start(428)) - XceiverServerRatis 2e39f6a9-a8a7-4bc7-ab66-c20f98d2b88e is started using port 36883
2019-10-13 09:56:22,091 [Datanode State Machine Thread - 0] INFO  server.XceiverServerGrpc (XceiverServerGrpc.java:start(149)) - XceiverServerGrpc 2e39f6a9-a8a7-4bc7-ab66-c20f98d2b88e is started using port 36969
2019-10-13 09:56:22,109 [main] INFO  ozone.MiniOzoneClusterImpl (MiniOzoneClusterImpl.java:lambda$waitForClusterToBeReady$0(147)) - Waiting for cluster to be ready. Got 0 of 3 DN Heartbeats.
2019-10-13 09:56:22,157 [Datanode State Machine Thread - 0] INFO  ozoneimpl.OzoneContainer (OzoneContainer.java:start(213)) - Attempting to start container services.
2019-10-13 09:56:22,159 [Datanode State Machine Thread - 0] INFO  ozoneimpl.OzoneContainer (OzoneContainer.java:startContainerScrub(177)) - Background container scanner has been disabled.
2019-10-13 09:56:22,159 [Datanode State Machine Thread - 0] INFO  ratis.XceiverServerRatis (XceiverServerRatis.java:start(418)) - Starting XceiverServerRatis a1eedb78-e40d-4a86-8cc8-e22fbad1f292 at port 0
2019-10-13 09:56:22,167 [Datanode State Machine Thread - 0] INFO  impl.RaftServerProxy (RaftServerProxy.java:lambda$start$3(299)) - a1eedb78-e40d-4a86-8cc8-e22fbad1f292: start RPC server
2019-10-13 09:56:22,168 [Datanode State Machine Thread - 0] INFO  server.GrpcService (GrpcService.java:startImpl(158)) - a1eedb78-e40d-4a86-8cc8-e22fbad1f292: GrpcService started, listening on 0.0.0.0/0.0.0.0:43352
2019-10-13 09:56:22,168 [Datanode State Machine Thread - 0] INFO  ratis.XceiverServerRatis (XceiverServerRatis.java:start(428)) - XceiverServerRatis a1eedb78-e40d-4a86-8cc8-e22fbad1f292 is started using port 43352
2019-10-13 09:56:22,169 [Datanode State Machine Thread - 0] INFO  server.XceiverServerGrpc (XceiverServerGrpc.java:start(149)) - XceiverServerGrpc a1eedb78-e40d-4a86-8cc8-e22fbad1f292 is started using port 34327
2019-10-13 09:56:23,109 [main] INFO  ozone.MiniOzoneClusterImpl (MiniOzoneClusterImpl.java:lambda$waitForClusterToBeReady$0(147)) - Waiting for cluster to be ready. Got 0 of 3 DN Heartbeats.
2019-10-13 09:56:23,836 [IPC Server handler 0 on 36637] INFO  net.NetworkTopology (NetworkTopologyImpl.java:add(111)) - Added a new node: /default-rack/5ec5c77b-e482-4ac4-adaa-cbdaadae6a77
2019-10-13 09:56:23,837 [IPC Server handler 0 on 36637] INFO  node.SCMNodeManager (SCMNodeManager.java:register(267)) - Registered Data node : 5ec5c77b-e482-4ac4-adaa-cbdaadae6a77{ip: 192.168.164.225, host: pr-hdds2071-28zjt-764321718, networkLocation: /default-rack, certSerialId: null}
2019-10-13 09:56:23,840 [EventQueue-NodeRegistrationContainerReportForDataNodeSafeModeRule] INFO  safemode.SCMSafeModeManager (DataNodeSafeModeRule.java:process(71)) - SCM in safe mode. 1 DataNodes registered, 1 required.
2019-10-13 09:56:23,842 [EventQueue-NodeRegistrationContainerReportForDataNodeSafeModeRule] INFO  safemode.SCMSafeModeManager (SCMSafeModeManager.java:validateSafeModeExitRules(177)) - ScmSafeModeManager, all rules are successfully validated
2019-10-13 09:56:23,842 [EventQueue-NodeRegistrationContainerReportForDataNodeSafeModeRule] INFO  safemode.SCMSafeModeManager (SCMSafeModeManager.java:exitSafeMode(193)) - SCM exiting safe mode.
2019-10-13 09:56:23,870 [grpc-default-executor-0] INFO  impl.RaftServerProxy (RaftServerProxy.java:addNew(89)) - 5ec5c77b-e482-4ac4-adaa-cbdaadae6a77: addNew group-24612A63177E:[5ec5c77b-e482-4ac4-adaa-cbdaadae6a77:192.168.164.225:44259] returns group-24612A63177E:java.util.concurrent.CompletableFuture@fea31ab[Not completed]
2019-10-13 09:56:23,873 [pool-77-thread-1] INFO  impl.RaftServerImpl (RaftServerImpl.java:<init>(95)) - 5ec5c77b-e482-4ac4-adaa-cbdaadae6a77: new RaftServerImpl for group-24612A63177E:[5ec5c77b-e482-4ac4-adaa-cbdaadae6a77:192.168.164.225:44259] with ContainerStateMachine:uninitialized
2019-10-13 09:56:23,873 [pool-77-thread-1] INFO  server.RaftServerConfigKeys (ConfUtils.java:logGet(43)) - raft.server.rpc.timeout.min = 5s (custom)
2019-10-13 09:56:23,874 [pool-77-thread-1] INFO  server.RaftServerConfigKeys (ConfUtils.java:logGet(43)) - raft.server.rpc.timeout.max = 5200ms (custom)
2019-10-13 09:56:23,874 [pool-77-thread-1] INFO  server.RaftServerConfigKeys (ConfUtils.java:logGet(43)) - raft.server.rpcslowness.timeout = 120s (custom)
2019-10-13 09:56:23,874 [pool-77-thread-1] INFO  server.RaftServerConfigKeys (ConfUtils.java:logGet(43)) - raft.server.sleep.deviation.threshold = 300 (default)
2019-10-13 09:56:23,874 [pool-77-thread-1] INFO  server.RaftServerConfigKeys (ConfUtils.java:logGet(43)) - raft.server.log.appender.install.snapshot.enabled = false (custom)
2019-10-13 09:56:23,874 [pool-77-thread-1] INFO  impl.RaftServerImpl (ServerState.java:<init>(103)) - 5ec5c77b-e482-4ac4-adaa-cbdaadae6a77@group-24612A63177E: ConfigurationManager, init=-1: [5ec5c77b-e482-4ac4-adaa-cbdaadae6a77:192.168.164.225:44259], old=null, confs=<EMPTY_MAP>
2019-10-13 09:56:23,874 [pool-77-thread-1] INFO  server.RaftServerConfigKeys (ConfUtils.java:logGet(43)) - raft.server.storage.dir = [/workdir/hadoop-ozone/integration-test/target/test-dir/MiniOzoneClusterImpl-ab2c19e4-bd12-4d81-a7c2-cea9bc284305/datanode-0/data/ratis] (custom)
2019-10-13 09:56:23,875 [pool-77-thread-1] INFO  server.RaftServerConfigKeys (ConfUtils.java:logGet(43)) - raft.server.log.corruption.policy = EXCEPTION (default)
2019-10-13 09:56:23,875 [pool-77-thread-1] INFO  storage.RaftStorageDirectory (RaftStorageDirectory.java:analyzeStorage(246)) - The storage directory /workdir/hadoop-ozone/integration-test/target/test-dir/MiniOzoneClusterImpl-ab2c19e4-bd12-4d81-a7c2-cea9bc284305/datanode-0/data/ratis/c675a530-2d4a-46f1-a315-24612a63177e does not exist. Creating ...
2019-10-13 09:56:24,040 [IPC Server handler 2 on 36637] INFO  net.NetworkTopology (NetworkTopologyImpl.java:add(111)) - Added a new node: /default-rack/2e39f6a9-a8a7-4bc7-ab66-c20f98d2b88e
2019-10-13 09:56:24,040 [IPC Server handler 2 on 36637] INFO  node.SCMNodeManager (SCMNodeManager.java:register(267)) - Registered Data node : 2e39f6a9-a8a7-4bc7-ab66-c20f98d2b88e{ip: 192.168.164.225, host: pr-hdds2071-28zjt-764321718, networkLocation: /default-rack, certSerialId: null}
2019-10-13 09:56:24,110 [main] INFO  ozone.MiniOzoneClusterImpl (MiniOzoneClusterImpl.java:lambda$waitForClusterToBeReady$0(147)) - Waiting for cluster to be ready. Got 2 of 3 DN Heartbeats.
2019-10-13 09:56:24,113 [IPC Server handler 6 on 36637] INFO  net.NetworkTopology (NetworkTopologyImpl.java:add(111)) - Added a new node: /default-rack/a1eedb78-e40d-4a86-8cc8-e22fbad1f292
2019-10-13 09:56:24,113 [IPC Server handler 6 on 36637] INFO  node.SCMNodeManager (SCMNodeManager.java:register(267)) - Registered Data node : a1eedb78-e40d-4a86-8cc8-e22fbad1f292{ip: 192.168.164.225, host: pr-hdds2071-28zjt-764321718, networkLocation: /default-rack, certSerialId: null}
2019-10-13 09:56:24,315 [pool-77-thread-1] INFO  storage.RaftStorageDirectory (RaftStorageDirectory.java:tryLock(328)) - Lock on /workdir/hadoop-ozone/integration-test/target/test-dir/MiniOzoneClusterImpl-ab2c19e4-bd12-4d81-a7c2-cea9bc284305/datanode-0/data/ratis/c675a530-2d4a-46f1-a315-24612a63177e/in_use.lock acquired by nodename 6782@pr-hdds2071-28zjt-764321718
2019-10-13 09:56:24,654 [pool-77-thread-1] INFO  storage.RaftStorage (RaftStorage.java:format(84)) - Storage directory /workdir/hadoop-ozone/integration-test/target/test-dir/MiniOzoneClusterImpl-ab2c19e4-bd12-4d81-a7c2-cea9bc284305/datanode-0/data/ratis/c675a530-2d4a-46f1-a315-24612a63177e has been successfully formatted.
2019-10-13 09:56:24,655 [pool-77-thread-1] INFO  ratis.ContainerStateMachine (ContainerStateMachine.java:loadSnapshot(231)) - group-24612A63177E: The snapshot info is null. Setting the last applied indexto:(t:0, i:~)
2019-10-13 09:56:24,655 [pool-77-thread-1] INFO  server.RaftServerConfigKeys (ConfUtils.java:logGet(43)) - raft.server.notification.no-leader.timeout = 120s (custom)
2019-10-13 09:56:24,655 [pool-77-thread-1] INFO  server.RaftServerConfigKeys (ConfUtils.java:logGet(43)) - raft.server.log.use.memory = false (default)
2019-10-13 09:56:24,656 [pool-77-thread-1] INFO  server.RaftServerConfigKeys (ConfUtils.java:logGet(43)) - raft.server.log.purge.gap = 1000000 (custom)
2019-10-13 09:56:24,656 [pool-77-thread-1] INFO  server.RaftServerConfigKeys (ConfUtils.java:logGet(43)) - raft.server.log.appender.buffer.byte-limit = 33554432 (custom)
2019-10-13 09:56:24,656 [pool-77-thread-1] INFO  server.RaftServerConfigKeys (ConfUtils.java:logGet(43)) - raft.server.log.segment.size.max = 1048576 (custom)
2019-10-13 09:56:24,658 [pool-77-thread-1] INFO  server.RaftServerConfigKeys (ConfUtils.java:logGet(43)) - raft.server.log.segment.cache.num.max = 2 (custom)
2019-10-13 09:56:24,658 [pool-77-thread-1] INFO  segmented.SegmentedRaftLogWorker (SegmentedRaftLogWorker.java:<init>(173)) - new 5ec5c77b-e482-4ac4-adaa-cbdaadae6a77@group-24612A63177E-SegmentedRaftLogWorker for RaftStorage:Storage Directory /workdir/hadoop-ozone/integration-test/target/test-dir/MiniOzoneClusterImpl-ab2c19e4-bd12-4d81-a7c2-cea9bc284305/datanode-0/data/ratis/c675a530-2d4a-46f1-a315-24612a63177e
2019-10-13 09:56:24,659 [pool-77-thread-1] INFO  server.RaftServerConfigKeys (ConfUtils.java:logGet(43)) - raft.server.log.queue.byte-limit = 2147483647 (custom)
2019-10-13 09:56:24,659 [pool-77-thread-1] INFO  server.RaftServerConfigKeys (ConfUtils.java:logGet(43)) - raft.server.log.queue.element-limit = 1024 (custom)
2019-10-13 09:56:24,659 [pool-77-thread-1] INFO  server.RaftServerConfigKeys (ConfUtils.java:logGet(43)) - raft.server.log.segment.size.max = 1048576 (custom)
2019-10-13 09:56:24,659 [pool-77-thread-1] INFO  server.RaftServerConfigKeys (ConfUtils.java:logGet(43)) - raft.server.log.preallocated.size = 16384 (custom)
2019-10-13 09:56:24,659 [pool-77-thread-1] INFO  server.RaftServerConfigKeys (ConfUtils.java:logGet(43)) - raft.server.log.write.buffer.size = 33554432 (custom)
2019-10-13 09:56:24,659 [pool-77-thread-1] INFO  server.RaftServerConfigKeys (ConfUtils.java:logGet(43)) - raft.server.log.force.sync.num = 128 (default)
2019-10-13 09:56:24,659 [pool-77-thread-1] INFO  server.RaftServerConfigKeys (ConfUtils.java:logGet(43)) - raft.server.log.statemachine.data.sync = true (default)
2019-10-13 09:56:24,659 [pool-77-thread-1] INFO  server.RaftServerConfigKeys (ConfUtils.java:logGet(43)) - raft.server.log.statemachine.data.sync.timeout = 10s (default)
2019-10-13 09:56:24,660 [pool-77-thread-1] INFO  server.RaftServerConfigKeys (ConfUtils.java:logGet(43)) - raft.server.log.statemachine.data.sync.timeout.retry = -1 (default)
2019-10-13 09:56:24,660 [pool-77-thread-1] INFO  server.RaftServerConfigKeys (ConfUtils.java:logGet(43)) - raft.server.log.statemachine.data.caching.enabled = true (custom)
2019-10-13 09:56:24,660 [pool-77-thread-1] INFO  segmented.SegmentedRaftLogWorker (SegmentedRaftLogWorker.java:lambda$new$0(128)) - 5ec5c77b-e482-4ac4-adaa-cbdaadae6a77@group-24612A63177E-SegmentedRaftLogWorker: flushIndex: setUnconditionally 0 -> -1
2019-10-13 09:56:24,661 [pool-77-thread-1] INFO  server.RaftServerConfigKeys (ConfUtils.java:logGet(43)) - raft.server.snapshot.auto.trigger.enabled = true (custom)
2019-10-13 09:56:24,661 [pool-77-thread-1] INFO  server.RaftServerConfigKeys (ConfUtils.java:logGet(43)) - raft.server.snapshot.auto.trigger.threshold = 10000 (custom)
2019-10-13 09:56:24,661 [pool-77-thread-1] INFO  server.RaftServerConfigKeys (ConfUtils.java:logGet(43)) - raft.server.snapshot.retention.file.num = 5 (custom)
2019-10-13 09:56:24,661 [pool-77-thread-1] INFO  server.RaftServerConfigKeys (ConfUtils.java:logGet(43)) - raft.server.retrycache.expirytime = 600000ms (custom)
2019-10-13 09:56:24,664 [pool-77-thread-1] INFO  impl.RaftServerImpl (RaftServerImpl.java:start(181)) - 5ec5c77b-e482-4ac4-adaa-cbdaadae6a77@group-24612A63177E: start as a follower, conf=-1: [5ec5c77b-e482-4ac4-adaa-cbdaadae6a77:192.168.164.225:44259], old=null
2019-10-13 09:56:24,664 [pool-77-thread-1] INFO  impl.RaftServerImpl (RaftServerImpl.java:setRole(170)) - 5ec5c77b-e482-4ac4-adaa-cbdaadae6a77@group-24612A63177E: changes role from      null to FOLLOWER at term 0 for startAsFollower
2019-10-13 09:56:24,664 [pool-77-thread-1] INFO  impl.RoleInfo (RoleInfo.java:updateAndGet(143)) - 5ec5c77b-e482-4ac4-adaa-cbdaadae6a77: start FollowerState
2019-10-13 09:56:24,665 [pool-77-thread-1] INFO  util.JmxRegister (JmxRegister.java:tryRegister(44)) - Successfully registered JMX Bean with object name Ratis:service=RaftServer,group=group-24612A63177E,id=5ec5c77b-e482-4ac4-adaa-cbdaadae6a77
2019-10-13 09:56:24,676 [RatisPipelineUtilsThread] INFO  pipeline.PipelineStateManager (PipelineStateManager.java:addPipeline(56)) - Created pipeline Pipeline[ Id: c675a530-2d4a-46f1-a315-24612a63177e, Nodes: 5ec5c77b-e482-4ac4-adaa-cbdaadae6a77{ip: 192.168.164.225, host: pr-hdds2071-28zjt-764321718, networkLocation: /default-rack, certSerialId: null}, Type:RATIS, Factor:ONE, State:OPEN]
2019-10-13 09:56:24,692 [grpc-default-executor-0] INFO  impl.RaftServerProxy (RaftServerProxy.java:addNew(89)) - 2e39f6a9-a8a7-4bc7-ab66-c20f98d2b88e: addNew group-DED65B60FD4F:[2e39f6a9-a8a7-4bc7-ab66-c20f98d2b88e:192.168.164.225:36883] returns group-DED65B60FD4F:java.util.concurrent.CompletableFuture@317cd609[Not completed]
2019-10-13 09:56:24,695 [pool-87-thread-1] INFO  impl.RaftServerImpl (RaftServerImpl.java:<init>(95)) - 2e39f6a9-a8a7-4bc7-ab66-c20f98d2b88e: new RaftServerImpl for group-DED65B60FD4F:[2e39f6a9-a8a7-4bc7-ab66-c20f98d2b88e:192.168.164.225:36883] with ContainerStateMachine:uninitialized
2019-10-13 09:56:24,695 [pool-87-thread-1] INFO  server.RaftServerConfigKeys (ConfUtils.java:logGet(43)) - raft.server.rpc.timeout.min = 5s (custom)
2019-10-13 09:56:24,696 [pool-87-thread-1] INFO  server.RaftServerConfigKeys (ConfUtils.java:logGet(43)) - raft.server.rpc.timeout.max = 5200ms (custom)
2019-10-13 09:56:24,696 [pool-87-thread-1] INFO  server.RaftServerConfigKeys (ConfUtils.java:logGet(43)) - raft.server.rpcslowness.timeout = 120s (custom)
2019-10-13 09:56:24,696 [pool-87-thread-1] INFO  server.RaftServerConfigKeys (ConfUtils.java:logGet(43)) - raft.server.sleep.deviation.threshold = 300 (default)
2019-10-13 09:56:24,696 [pool-87-thread-1] INFO  server.RaftServerConfigKeys (ConfUtils.java:logGet(43)) - raft.server.log.appender.install.snapshot.enabled = false (custom)
2019-10-13 09:56:24,696 [pool-87-thread-1] INFO  impl.RaftServerImpl (ServerState.java:<init>(103)) - 2e39f6a9-a8a7-4bc7-ab66-c20f98d2b88e@group-DED65B60FD4F: ConfigurationManager, init=-1: [2e39f6a9-a8a7-4bc7-ab66-c20f98d2b88e:192.168.164.225:36883], old=null, confs=<EMPTY_MAP>
2019-10-13 09:56:24,696 [pool-87-thread-1] INFO  server.RaftServerConfigKeys (ConfUtils.java:logGet(43)) - raft.server.storage.dir = [/workdir/hadoop-ozone/integration-test/target/test-dir/MiniOzoneClusterImpl-ab2c19e4-bd12-4d81-a7c2-cea9bc284305/datanode-1/data/ratis] (custom)
2019-10-13 09:56:24,697 [pool-87-thread-1] INFO  server.RaftServerConfigKeys (ConfUtils.java:logGet(43)) - raft.server.log.corruption.policy = EXCEPTION (default)
2019-10-13 09:56:24,697 [pool-87-thread-1] INFO  storage.RaftStorageDirectory (RaftStorageDirectory.java:analyzeStorage(246)) - The storage directory /workdir/hadoop-ozone/integration-test/target/test-dir/MiniOzoneClusterImpl-ab2c19e4-bd12-4d81-a7c2-cea9bc284305/datanode-1/data/ratis/e6eb629e-7bdc-4a81-957f-ded65b60fd4f does not exist. Creating ...
2019-10-13 09:56:25,112 [main] INFO  ozone.MiniOzoneClusterImpl (MiniOzoneClusterImpl.java:lambda$waitForClusterToBeReady$0(147)) - Cluster is ready. Got 3 of 3 DN Heartbeats.
2019-10-13 09:56:25,172 [pool-87-thread-1] INFO  storage.RaftStorageDirectory (RaftStorageDirectory.java:tryLock(328)) - Lock on /workdir/hadoop-ozone/integration-test/target/test-dir/MiniOzoneClusterImpl-ab2c19e4-bd12-4d81-a7c2-cea9bc284305/datanode-1/data/ratis/e6eb629e-7bdc-4a81-957f-ded65b60fd4f/in_use.lock acquired by nodename 6782@pr-hdds2071-28zjt-764321718
2019-10-13 09:56:25,428 [pool-87-thread-1] INFO  storage.RaftStorage (RaftStorage.java:format(84)) - Storage directory /workdir/hadoop-ozone/integration-test/target/test-dir/MiniOzoneClusterImpl-ab2c19e4-bd12-4d81-a7c2-cea9bc284305/datanode-1/data/ratis/e6eb629e-7bdc-4a81-957f-ded65b60fd4f has been successfully formatted.
2019-10-13 09:56:25,429 [pool-87-thread-1] INFO  ratis.ContainerStateMachine (ContainerStateMachine.java:loadSnapshot(231)) - group-DED65B60FD4F: The snapshot info is null. Setting the last applied indexto:(t:0, i:~)
2019-10-13 09:56:25,429 [pool-87-thread-1] INFO  server.RaftServerConfigKeys (ConfUtils.java:logGet(43)) - raft.server.notification.no-leader.timeout = 120s (custom)
2019-10-13 09:56:25,429 [pool-87-thread-1] INFO  server.RaftServerConfigKeys (ConfUtils.java:logGet(43)) - raft.server.log.use.memory = false (default)
2019-10-13 09:56:25,430 [pool-87-thread-1] INFO  server.RaftServerConfigKeys (ConfUtils.java:logGet(43)) - raft.server.log.purge.gap = 1000000 (custom)
2019-10-13 09:56:25,430 [pool-87-thread-1] INFO  server.RaftServerConfigKeys (ConfUtils.java:logGet(43)) - raft.server.log.appender.buffer.byte-limit = 33554432 (custom)
2019-10-13 09:56:25,430 [pool-87-thread-1] INFO  server.RaftServerConfigKeys (ConfUtils.java:logGet(43)) - raft.server.log.segment.size.max = 1048576 (custom)
2019-10-13 09:56:25,433 [pool-87-thread-1] INFO  server.RaftServerConfigKeys (ConfUtils.java:logGet(43)) - raft.server.log.segment.cache.num.max = 2 (custom)
2019-10-13 09:56:25,433 [pool-87-thread-1] INFO  segmented.SegmentedRaftLogWorker (SegmentedRaftLogWorker.java:<init>(173)) - new 2e39f6a9-a8a7-4bc7-ab66-c20f98d2b88e@group-DED65B60FD4F-SegmentedRaftLogWorker for RaftStorage:Storage Directory /workdir/hadoop-ozone/integration-test/target/test-dir/MiniOzoneClusterImpl-ab2c19e4-bd12-4d81-a7c2-cea9bc284305/datanode-1/data/ratis/e6eb629e-7bdc-4a81-957f-ded65b60fd4f
2019-10-13 09:56:25,433 [pool-87-thread-1] INFO  server.RaftServerConfigKeys (ConfUtils.java:logGet(43)) - raft.server.log.queue.byte-limit = 2147483647 (custom)
2019-10-13 09:56:25,433 [pool-87-thread-1] INFO  server.RaftServerConfigKeys (ConfUtils.java:logGet(43)) - raft.server.log.queue.element-limit = 1024 (custom)
2019-10-13 09:56:25,434 [pool-87-thread-1] INFO  server.RaftServerConfigKeys (ConfUtils.java:logGet(43)) - raft.server.log.segment.size.max = 1048576 (custom)
2019-10-13 09:56:25,434 [pool-87-thread-1] INFO  server.RaftServerConfigKeys (ConfUtils.java:logGet(43)) - raft.server.log.preallocated.size = 16384 (custom)
2019-10-13 09:56:25,434 [pool-87-thread-1] INFO  server.RaftServerConfigKeys (ConfUtils.java:logGet(43)) - raft.server.log.write.buffer.size = 33554432 (custom)
2019-10-13 09:56:25,434 [pool-87-thread-1] INFO  server.RaftServerConfigKeys (ConfUtils.java:logGet(43)) - raft.server.log.force.sync.num = 128 (default)
2019-10-13 09:56:25,434 [pool-87-thread-1] INFO  server.RaftServerConfigKeys (ConfUtils.java:logGet(43)) - raft.server.log.statemachine.data.sync = true (default)
2019-10-13 09:56:25,434 [pool-87-thread-1] INFO  server.RaftServerConfigKeys (ConfUtils.java:logGet(43)) - raft.server.log.statemachine.data.sync.timeout = 10s (default)
2019-10-13 09:56:25,434 [pool-87-thread-1] INFO  server.RaftServerConfigKeys (ConfUtils.java:logGet(43)) - raft.server.log.statemachine.data.sync.timeout.retry = -1 (default)
2019-10-13 09:56:25,435 [pool-87-thread-1] INFO  server.RaftServerConfigKeys (ConfUtils.java:logGet(43)) - raft.server.log.statemachine.data.caching.enabled = true (custom)
2019-10-13 09:56:25,435 [pool-87-thread-1] INFO  segmented.SegmentedRaftLogWorker (SegmentedRaftLogWorker.java:lambda$new$0(128)) - 2e39f6a9-a8a7-4bc7-ab66-c20f98d2b88e@group-DED65B60FD4F-SegmentedRaftLogWorker: flushIndex: setUnconditionally 0 -> -1
2019-10-13 09:56:25,435 [pool-87-thread-1] INFO  server.RaftServerConfigKeys (ConfUtils.java:logGet(43)) - raft.server.snapshot.auto.trigger.enabled = true (custom)
2019-10-13 09:56:25,435 [pool-87-thread-1] INFO  server.RaftServerConfigKeys (ConfUtils.java:logGet(43)) - raft.server.snapshot.auto.trigger.threshold = 10000 (custom)
2019-10-13 09:56:25,436 [pool-87-thread-1] INFO  server.RaftServerConfigKeys (ConfUtils.java:logGet(43)) - raft.server.snapshot.retention.file.num = 5 (custom)
2019-10-13 09:56:25,436 [pool-87-thread-1] INFO  server.RaftServerConfigKeys (ConfUtils.java:logGet(43)) - raft.server.retrycache.expirytime = 600000ms (custom)
2019-10-13 09:56:25,438 [pool-87-thread-1] INFO  impl.RaftServerImpl (RaftServerImpl.java:start(181)) - 2e39f6a9-a8a7-4bc7-ab66-c20f98d2b88e@group-DED65B60FD4F: start as a follower, conf=-1: [2e39f6a9-a8a7-4bc7-ab66-c20f98d2b88e:192.168.164.225:36883], old=null
2019-10-13 09:56:25,438 [pool-87-thread-1] INFO  impl.RaftServerImpl (RaftServerImpl.java:setRole(170)) - 2e39f6a9-a8a7-4bc7-ab66-c20f98d2b88e@group-DED65B60FD4F: changes role from      null to FOLLOWER at term 0 for startAsFollower
2019-10-13 09:56:25,438 [pool-87-thread-1] INFO  impl.RoleInfo (RoleInfo.java:updateAndGet(143)) - 2e39f6a9-a8a7-4bc7-ab66-c20f98d2b88e: start FollowerState
2019-10-13 09:56:25,438 [pool-87-thread-1] INFO  util.JmxRegister (JmxRegister.java:tryRegister(44)) - Successfully registered JMX Bean with object name Ratis:service=RaftServer,group=group-DED65B60FD4F,id=2e39f6a9-a8a7-4bc7-ab66-c20f98d2b88e
2019-10-13 09:56:25,453 [RatisPipelineUtilsThread] INFO  pipeline.PipelineStateManager (PipelineStateManager.java:addPipeline(56)) - Created pipeline Pipeline[ Id: e6eb629e-7bdc-4a81-957f-ded65b60fd4f, Nodes: 2e39f6a9-a8a7-4bc7-ab66-c20f98d2b88e{ip: 192.168.164.225, host: pr-hdds2071-28zjt-764321718, networkLocation: /default-rack, certSerialId: null}, Type:RATIS, Factor:ONE, State:OPEN]
2019-10-13 09:56:25,466 [grpc-default-executor-0] INFO  impl.RaftServerProxy (RaftServerProxy.java:addNew(89)) - a1eedb78-e40d-4a86-8cc8-e22fbad1f292: addNew group-B9197D35BAD3:[a1eedb78-e40d-4a86-8cc8-e22fbad1f292:192.168.164.225:43352] returns group-B9197D35BAD3:java.util.concurrent.CompletableFuture@7de3d1e6[Not completed]
2019-10-13 09:56:25,468 [pool-97-thread-1] INFO  impl.RaftServerImpl (RaftServerImpl.java:<init>(95)) - a1eedb78-e40d-4a86-8cc8-e22fbad1f292: new RaftServerImpl for group-B9197D35BAD3:[a1eedb78-e40d-4a86-8cc8-e22fbad1f292:192.168.164.225:43352] with ContainerStateMachine:uninitialized
2019-10-13 09:56:25,469 [pool-97-thread-1] INFO  server.RaftServerConfigKeys (ConfUtils.java:logGet(43)) - raft.server.rpc.timeout.min = 5s (custom)
2019-10-13 09:56:25,469 [pool-97-thread-1] INFO  server.RaftServerConfigKeys (ConfUtils.java:logGet(43)) - raft.server.rpc.timeout.max = 5200ms (custom)
2019-10-13 09:56:25,469 [pool-97-thread-1] INFO  server.RaftServerConfigKeys (ConfUtils.java:logGet(43)) - raft.server.rpcslowness.timeout = 120s (custom)
2019-10-13 09:56:25,470 [pool-97-thread-1] INFO  server.RaftServerConfigKeys (ConfUtils.java:logGet(43)) - raft.server.sleep.deviation.threshold = 300 (default)
2019-10-13 09:56:25,470 [pool-97-thread-1] INFO  server.RaftServerConfigKeys (ConfUtils.java:logGet(43)) - raft.server.log.appender.install.snapshot.enabled = false (custom)
2019-10-13 09:56:25,470 [pool-97-thread-1] INFO  impl.RaftServerImpl (ServerState.java:<init>(103)) - a1eedb78-e40d-4a86-8cc8-e22fbad1f292@group-B9197D35BAD3: ConfigurationManager, init=-1: [a1eedb78-e40d-4a86-8cc8-e22fbad1f292:192.168.164.225:43352], old=null, confs=<EMPTY_MAP>
2019-10-13 09:56:25,470 [pool-97-thread-1] INFO  server.RaftServerConfigKeys (ConfUtils.java:logGet(43)) - raft.server.storage.dir = [/workdir/hadoop-ozone/integration-test/target/test-dir/MiniOzoneClusterImpl-ab2c19e4-bd12-4d81-a7c2-cea9bc284305/datanode-2/data/ratis] (custom)
2019-10-13 09:56:25,470 [pool-97-thread-1] INFO  server.RaftServerConfigKeys (ConfUtils.java:logGet(43)) - raft.server.log.corruption.policy = EXCEPTION (default)
2019-10-13 09:56:25,471 [pool-97-thread-1] INFO  storage.RaftStorageDirectory (RaftStorageDirectory.java:analyzeStorage(246)) - The storage directory /workdir/hadoop-ozone/integration-test/target/test-dir/MiniOzoneClusterImpl-ab2c19e4-bd12-4d81-a7c2-cea9bc284305/datanode-2/data/ratis/990c008b-b15a-4164-a6d5-b9197d35bad3 does not exist. Creating ...
2019-10-13 09:56:26,407 [pool-97-thread-1] INFO  storage.RaftStorageDirectory (RaftStorageDirectory.java:tryLock(328)) - Lock on /workdir/hadoop-ozone/integration-test/target/test-dir/MiniOzoneClusterImpl-ab2c19e4-bd12-4d81-a7c2-cea9bc284305/datanode-2/data/ratis/990c008b-b15a-4164-a6d5-b9197d35bad3/in_use.lock acquired by nodename 6782@pr-hdds2071-28zjt-764321718
2019-10-13 09:56:26,844 [Thread-402] INFO  container.ReplicationManager (ReplicationManager.java:start(162)) - Starting Replication Monitor Thread.
2019-10-13 09:56:27,609 [pool-97-thread-1] INFO  storage.RaftStorage (RaftStorage.java:format(84)) - Storage directory /workdir/hadoop-ozone/integration-test/target/test-dir/MiniOzoneClusterImpl-ab2c19e4-bd12-4d81-a7c2-cea9bc284305/datanode-2/data/ratis/990c008b-b15a-4164-a6d5-b9197d35bad3 has been successfully formatted.
2019-10-13 09:56:27,610 [pool-97-thread-1] INFO  ratis.ContainerStateMachine (ContainerStateMachine.java:loadSnapshot(231)) - group-B9197D35BAD3: The snapshot info is null. Setting the last applied indexto:(t:0, i:~)
2019-10-13 09:56:27,610 [pool-97-thread-1] INFO  server.RaftServerConfigKeys (ConfUtils.java:logGet(43)) - raft.server.notification.no-leader.timeout = 120s (custom)
2019-10-13 09:56:27,610 [pool-97-thread-1] INFO  server.RaftServerConfigKeys (ConfUtils.java:logGet(43)) - raft.server.log.use.memory = false (default)
2019-10-13 09:56:27,611 [pool-97-thread-1] INFO  server.RaftServerConfigKeys (ConfUtils.java:logGet(43)) - raft.server.log.purge.gap = 1000000 (custom)
2019-10-13 09:56:27,611 [pool-97-thread-1] INFO  server.RaftServerConfigKeys (ConfUtils.java:logGet(43)) - raft.server.log.appender.buffer.byte-limit = 33554432 (custom)
2019-10-13 09:56:27,611 [pool-97-thread-1] INFO  server.RaftServerConfigKeys (ConfUtils.java:logGet(43)) - raft.server.log.segment.size.max = 1048576 (custom)
2019-10-13 09:56:27,614 [pool-97-thread-1] INFO  server.RaftServerConfigKeys (ConfUtils.java:logGet(43)) - raft.server.log.segment.cache.num.max = 2 (custom)
2019-10-13 09:56:27,614 [pool-97-thread-1] INFO  segmented.SegmentedRaftLogWorker (SegmentedRaftLogWorker.java:<init>(173)) - new a1eedb78-e40d-4a86-8cc8-e22fbad1f292@group-B9197D35BAD3-SegmentedRaftLogWorker for RaftStorage:Storage Directory /workdir/hadoop-ozone/integration-test/target/test-dir/MiniOzoneClusterImpl-ab2c19e4-bd12-4d81-a7c2-cea9bc284305/datanode-2/data/ratis/990c008b-b15a-4164-a6d5-b9197d35bad3
2019-10-13 09:56:27,615 [pool-97-thread-1] INFO  server.RaftServerConfigKeys (ConfUtils.java:logGet(43)) - raft.server.log.queue.byte-limit = 2147483647 (custom)
2019-10-13 09:56:27,615 [pool-97-thread-1] INFO  server.RaftServerConfigKeys (ConfUtils.java:logGet(43)) - raft.server.log.queue.element-limit = 1024 (custom)
2019-10-13 09:56:27,615 [pool-97-thread-1] INFO  server.RaftServerConfigKeys (ConfUtils.java:logGet(43)) - raft.server.log.segment.size.max = 1048576 (custom)
2019-10-13 09:56:27,615 [pool-97-thread-1] INFO  server.RaftServerConfigKeys (ConfUtils.java:logGet(43)) - raft.server.log.preallocated.size = 16384 (custom)
2019-10-13 09:56:27,615 [pool-97-thread-1] INFO  server.RaftServerConfigKeys (ConfUtils.java:logGet(43)) - raft.server.log.write.buffer.size = 33554432 (custom)
2019-10-13 09:56:27,615 [pool-97-thread-1] INFO  server.RaftServerConfigKeys (ConfUtils.java:logGet(43)) - raft.server.log.force.sync.num = 128 (default)
2019-10-13 09:56:27,616 [pool-97-thread-1] INFO  server.RaftServerConfigKeys (ConfUtils.java:logGet(43)) - raft.server.log.statemachine.data.sync = true (default)
2019-10-13 09:56:27,616 [pool-97-thread-1] INFO  server.RaftServerConfigKeys (ConfUtils.java:logGet(43)) - raft.server.log.statemachine.data.sync.timeout = 10s (default)
2019-10-13 09:56:27,616 [pool-97-thread-1] INFO  server.RaftServerConfigKeys (ConfUtils.java:logGet(43)) - raft.server.log.statemachine.data.sync.timeout.retry = -1 (default)
2019-10-13 09:56:27,617 [pool-97-thread-1] INFO  server.RaftServerConfigKeys (ConfUtils.java:logGet(43)) - raft.server.log.statemachine.data.caching.enabled = true (custom)
2019-10-13 09:56:27,617 [pool-97-thread-1] INFO  segmented.SegmentedRaftLogWorker (SegmentedRaftLogWorker.java:lambda$new$0(128)) - a1eedb78-e40d-4a86-8cc8-e22fbad1f292@group-B9197D35BAD3-SegmentedRaftLogWorker: flushIndex: setUnconditionally 0 -> -1
2019-10-13 09:56:27,617 [pool-97-thread-1] INFO  server.RaftServerConfigKeys (ConfUtils.java:logGet(43)) - raft.server.snapshot.auto.trigger.enabled = true (custom)
2019-10-13 09:56:27,618 [pool-97-thread-1] INFO  server.RaftServerConfigKeys (ConfUtils.java:logGet(43)) - raft.server.snapshot.auto.trigger.threshold = 10000 (custom)
2019-10-13 09:56:27,618 [pool-97-thread-1] INFO  server.RaftServerConfigKeys (ConfUtils.java:logGet(43)) - raft.server.snapshot.retention.file.num = 5 (custom)
2019-10-13 09:56:27,618 [pool-97-thread-1] INFO  server.RaftServerConfigKeys (ConfUtils.java:logGet(43)) - raft.server.retrycache.expirytime = 600000ms (custom)
2019-10-13 09:56:27,621 [pool-97-thread-1] INFO  impl.RaftServerImpl (RaftServerImpl.java:start(181)) - a1eedb78-e40d-4a86-8cc8-e22fbad1f292@group-B9197D35BAD3: start as a follower, conf=-1: [a1eedb78-e40d-4a86-8cc8-e22fbad1f292:192.168.164.225:43352], old=null
2019-10-13 09:56:27,621 [pool-97-thread-1] INFO  impl.RaftServerImpl (RaftServerImpl.java:setRole(170)) - a1eedb78-e40d-4a86-8cc8-e22fbad1f292@group-B9197D35BAD3: changes role from      null to FOLLOWER at term 0 for startAsFollower
2019-10-13 09:56:27,621 [pool-97-thread-1] INFO  impl.RoleInfo (RoleInfo.java:updateAndGet(143)) - a1eedb78-e40d-4a86-8cc8-e22fbad1f292: start FollowerState
2019-10-13 09:56:27,622 [pool-97-thread-1] INFO  util.JmxRegister (JmxRegister.java:tryRegister(44)) - Successfully registered JMX Bean with object name Ratis:service=RaftServer,group=group-B9197D35BAD3,id=a1eedb78-e40d-4a86-8cc8-e22fbad1f292
2019-10-13 09:56:27,631 [RatisPipelineUtilsThread] INFO  pipeline.PipelineStateManager (PipelineStateManager.java:addPipeline(56)) - Created pipeline Pipeline[ Id: 990c008b-b15a-4164-a6d5-b9197d35bad3, Nodes: a1eedb78-e40d-4a86-8cc8-e22fbad1f292{ip: 192.168.164.225, host: pr-hdds2071-28zjt-764321718, networkLocation: /default-rack, certSerialId: null}, Type:RATIS, Factor:ONE, State:OPEN]
2019-10-13 09:56:27,660 [grpc-default-executor-1] INFO  impl.RaftServerProxy (RaftServerProxy.java:addNew(89)) - 2e39f6a9-a8a7-4bc7-ab66-c20f98d2b88e: addNew group-9886E0AC82D1:[2e39f6a9-a8a7-4bc7-ab66-c20f98d2b88e:192.168.164.225:36883, 5ec5c77b-e482-4ac4-adaa-cbdaadae6a77:192.168.164.225:44259, a1eedb78-e40d-4a86-8cc8-e22fbad1f292:192.168.164.225:43352] returns group-9886E0AC82D1:java.util.concurrent.CompletableFuture@3f40826f[Not completed]
2019-10-13 09:56:27,664 [grpc-default-executor-2] INFO  impl.RaftServerProxy (RaftServerProxy.java:addNew(89)) - a1eedb78-e40d-4a86-8cc8-e22fbad1f292: addNew group-9886E0AC82D1:[2e39f6a9-a8a7-4bc7-ab66-c20f98d2b88e:192.168.164.225:36883, 5ec5c77b-e482-4ac4-adaa-cbdaadae6a77:192.168.164.225:44259, a1eedb78-e40d-4a86-8cc8-e22fbad1f292:192.168.164.225:43352] returns group-9886E0AC82D1:java.util.concurrent.CompletableFuture@28028714[Not completed]
2019-10-13 09:56:27,664 [grpc-default-executor-1] INFO  impl.RaftServerProxy (RaftServerProxy.java:addNew(89)) - 5ec5c77b-e482-4ac4-adaa-cbdaadae6a77: addNew group-9886E0AC82D1:[2e39f6a9-a8a7-4bc7-ab66-c20f98d2b88e:192.168.164.225:36883, 5ec5c77b-e482-4ac4-adaa-cbdaadae6a77:192.168.164.225:44259, a1eedb78-e40d-4a86-8cc8-e22fbad1f292:192.168.164.225:43352] returns group-9886E0AC82D1:java.util.concurrent.CompletableFuture@7a420be3[Not completed]
2019-10-13 09:56:27,665 [pool-87-thread-1] INFO  impl.RaftServerImpl (RaftServerImpl.java:<init>(95)) - 2e39f6a9-a8a7-4bc7-ab66-c20f98d2b88e: new RaftServerImpl for group-9886E0AC82D1:[2e39f6a9-a8a7-4bc7-ab66-c20f98d2b88e:192.168.164.225:36883, 5ec5c77b-e482-4ac4-adaa-cbdaadae6a77:192.168.164.225:44259, a1eedb78-e40d-4a86-8cc8-e22fbad1f292:192.168.164.225:43352] with ContainerStateMachine:uninitialized
2019-10-13 09:56:27,666 [pool-87-thread-1] INFO  server.RaftServerConfigKeys (ConfUtils.java:logGet(43)) - raft.server.rpc.timeout.min = 5s (custom)
2019-10-13 09:56:27,666 [pool-87-thread-1] INFO  server.RaftServerConfigKeys (ConfUtils.java:logGet(43)) - raft.server.rpc.timeout.max = 5200ms (custom)
2019-10-13 09:56:27,666 [pool-87-thread-1] INFO  server.RaftServerConfigKeys (ConfUtils.java:logGet(43)) - raft.server.rpcslowness.timeout = 120s (custom)
2019-10-13 09:56:27,666 [pool-87-thread-1] INFO  server.RaftServerConfigKeys (ConfUtils.java:logGet(43)) - raft.server.sleep.deviation.threshold = 300 (default)
2019-10-13 09:56:27,666 [pool-77-thread-1] INFO  impl.RaftServerImpl (RaftServerImpl.java:<init>(95)) - 5ec5c77b-e482-4ac4-adaa-cbdaadae6a77: new RaftServerImpl for group-9886E0AC82D1:[2e39f6a9-a8a7-4bc7-ab66-c20f98d2b88e:192.168.164.225:36883, 5ec5c77b-e482-4ac4-adaa-cbdaadae6a77:192.168.164.225:44259, a1eedb78-e40d-4a86-8cc8-e22fbad1f292:192.168.164.225:43352] with ContainerStateMachine:uninitialized
2019-10-13 09:56:27,666 [pool-87-thread-1] INFO  server.RaftServerConfigKeys (ConfUtils.java:logGet(43)) - raft.server.log.appender.install.snapshot.enabled = false (custom)
2019-10-13 09:56:27,667 [pool-77-thread-1] INFO  server.RaftServerConfigKeys (ConfUtils.java:logGet(43)) - raft.server.rpc.timeout.min = 5s (custom)
2019-10-13 09:56:27,667 [pool-87-thread-1] INFO  impl.RaftServerImpl (ServerState.java:<init>(103)) - 2e39f6a9-a8a7-4bc7-ab66-c20f98d2b88e@group-9886E0AC82D1: ConfigurationManager, init=-1: [2e39f6a9-a8a7-4bc7-ab66-c20f98d2b88e:192.168.164.225:36883, 5ec5c77b-e482-4ac4-adaa-cbdaadae6a77:192.168.164.225:44259, a1eedb78-e40d-4a86-8cc8-e22fbad1f292:192.168.164.225:43352], old=null, confs=<EMPTY_MAP>
2019-10-13 09:56:27,667 [pool-77-thread-1] INFO  server.RaftServerConfigKeys (ConfUtils.java:logGet(43)) - raft.server.rpc.timeout.max = 5200ms (custom)
2019-10-13 09:56:27,667 [pool-97-thread-1] INFO  impl.RaftServerImpl (RaftServerImpl.java:<init>(95)) - a1eedb78-e40d-4a86-8cc8-e22fbad1f292: new RaftServerImpl for group-9886E0AC82D1:[2e39f6a9-a8a7-4bc7-ab66-c20f98d2b88e:192.168.164.225:36883, 5ec5c77b-e482-4ac4-adaa-cbdaadae6a77:192.168.164.225:44259, a1eedb78-e40d-4a86-8cc8-e22fbad1f292:192.168.164.225:43352] with ContainerStateMachine:uninitialized
2019-10-13 09:56:27,667 [pool-77-thread-1] INFO  server.RaftServerConfigKeys (ConfUtils.java:logGet(43)) - raft.server.rpcslowness.timeout = 120s (custom)
2019-10-13 09:56:27,667 [pool-87-thread-1] INFO  server.RaftServerConfigKeys (ConfUtils.java:logGet(43)) - raft.server.storage.dir = [/workdir/hadoop-ozone/integration-test/target/test-dir/MiniOzoneClusterImpl-ab2c19e4-bd12-4d81-a7c2-cea9bc284305/datanode-1/data/ratis] (custom)
2019-10-13 09:56:27,667 [pool-77-thread-1] INFO  server.RaftServerConfigKeys (ConfUtils.java:logGet(43)) - raft.server.sleep.deviation.threshold = 300 (default)
2019-10-13 09:56:27,667 [pool-97-thread-1] INFO  server.RaftServerConfigKeys (ConfUtils.java:logGet(43)) - raft.server.rpc.timeout.min = 5s (custom)
2019-10-13 09:56:27,668 [pool-77-thread-1] INFO  server.RaftServerConfigKeys (ConfUtils.java:logGet(43)) - raft.server.log.appender.install.snapshot.enabled = false (custom)
2019-10-13 09:56:27,668 [pool-87-thread-1] INFO  server.RaftServerConfigKeys (ConfUtils.java:logGet(43)) - raft.server.log.corruption.policy = EXCEPTION (default)
2019-10-13 09:56:27,668 [pool-97-thread-1] INFO  server.RaftServerConfigKeys (ConfUtils.java:logGet(43)) - raft.server.rpc.timeout.max = 5200ms (custom)
2019-10-13 09:56:27,668 [pool-77-thread-1] INFO  impl.RaftServerImpl (ServerState.java:<init>(103)) - 5ec5c77b-e482-4ac4-adaa-cbdaadae6a77@group-9886E0AC82D1: ConfigurationManager, init=-1: [2e39f6a9-a8a7-4bc7-ab66-c20f98d2b88e:192.168.164.225:36883, 5ec5c77b-e482-4ac4-adaa-cbdaadae6a77:192.168.164.225:44259, a1eedb78-e40d-4a86-8cc8-e22fbad1f292:192.168.164.225:43352], old=null, confs=<EMPTY_MAP>
2019-10-13 09:56:27,668 [pool-87-thread-1] INFO  storage.RaftStorageDirectory (RaftStorageDirectory.java:analyzeStorage(246)) - The storage directory /workdir/hadoop-ozone/integration-test/target/test-dir/MiniOzoneClusterImpl-ab2c19e4-bd12-4d81-a7c2-cea9bc284305/datanode-1/data/ratis/01a63c54-3c8e-475b-94d4-9886e0ac82d1 does not exist. Creating ...
2019-10-13 09:56:27,668 [pool-97-thread-1] INFO  server.RaftServerConfigKeys (ConfUtils.java:logGet(43)) - raft.server.rpcslowness.timeout = 120s (custom)
2019-10-13 09:56:27,668 [pool-77-thread-1] INFO  server.RaftServerConfigKeys (ConfUtils.java:logGet(43)) - raft.server.storage.dir = [/workdir/hadoop-ozone/integration-test/target/test-dir/MiniOzoneClusterImpl-ab2c19e4-bd12-4d81-a7c2-cea9bc284305/datanode-0/data/ratis] (custom)
2019-10-13 09:56:27,668 [pool-97-thread-1] INFO  server.RaftServerConfigKeys (ConfUtils.java:logGet(43)) - raft.server.sleep.deviation.threshold = 300 (default)
2019-10-13 09:56:27,669 [pool-97-thread-1] INFO  server.RaftServerConfigKeys (ConfUtils.java:logGet(43)) - raft.server.log.appender.install.snapshot.enabled = false (custom)
2019-10-13 09:56:27,669 [pool-77-thread-1] INFO  server.RaftServerConfigKeys (ConfUtils.java:logGet(43)) - raft.server.log.corruption.policy = EXCEPTION (default)
2019-10-13 09:56:27,669 [pool-97-thread-1] INFO  impl.RaftServerImpl (ServerState.java:<init>(103)) - a1eedb78-e40d-4a86-8cc8-e22fbad1f292@group-9886E0AC82D1: ConfigurationManager, init=-1: [2e39f6a9-a8a7-4bc7-ab66-c20f98d2b88e:192.168.164.225:36883, 5ec5c77b-e482-4ac4-adaa-cbdaadae6a77:192.168.164.225:44259, a1eedb78-e40d-4a86-8cc8-e22fbad1f292:192.168.164.225:43352], old=null, confs=<EMPTY_MAP>
2019-10-13 09:56:27,669 [pool-77-thread-1] INFO  storage.RaftStorageDirectory (RaftStorageDirectory.java:analyzeStorage(246)) - The storage directory /workdir/hadoop-ozone/integration-test/target/test-dir/MiniOzoneClusterImpl-ab2c19e4-bd12-4d81-a7c2-cea9bc284305/datanode-0/data/ratis/01a63c54-3c8e-475b-94d4-9886e0ac82d1 does not exist. Creating ...
2019-10-13 09:56:27,669 [pool-97-thread-1] INFO  server.RaftServerConfigKeys (ConfUtils.java:logGet(43)) - raft.server.storage.dir = [/workdir/hadoop-ozone/integration-test/target/test-dir/MiniOzoneClusterImpl-ab2c19e4-bd12-4d81-a7c2-cea9bc284305/datanode-2/data/ratis] (custom)
2019-10-13 09:56:27,670 [pool-97-thread-1] INFO  server.RaftServerConfigKeys (ConfUtils.java:logGet(43)) - raft.server.log.corruption.policy = EXCEPTION (default)
2019-10-13 09:56:27,670 [pool-97-thread-1] INFO  storage.RaftStorageDirectory (RaftStorageDirectory.java:analyzeStorage(246)) - The storage directory /workdir/hadoop-ozone/integration-test/target/test-dir/MiniOzoneClusterImpl-ab2c19e4-bd12-4d81-a7c2-cea9bc284305/datanode-2/data/ratis/01a63c54-3c8e-475b-94d4-9886e0ac82d1 does not exist. Creating ...
2019-10-13 09:56:28,673 [pool-77-thread-1] INFO  storage.RaftStorageDirectory (RaftStorageDirectory.java:tryLock(328)) - Lock on /workdir/hadoop-ozone/integration-test/target/test-dir/MiniOzoneClusterImpl-ab2c19e4-bd12-4d81-a7c2-cea9bc284305/datanode-0/data/ratis/01a63c54-3c8e-475b-94d4-9886e0ac82d1/in_use.lock acquired by nodename 6782@pr-hdds2071-28zjt-764321718
2019-10-13 09:56:28,674 [pool-87-thread-1] INFO  storage.RaftStorageDirectory (RaftStorageDirectory.java:tryLock(328)) - Lock on /workdir/hadoop-ozone/integration-test/target/test-dir/MiniOzoneClusterImpl-ab2c19e4-bd12-4d81-a7c2-cea9bc284305/datanode-1/data/ratis/01a63c54-3c8e-475b-94d4-9886e0ac82d1/in_use.lock acquired by nodename 6782@pr-hdds2071-28zjt-764321718
2019-10-13 09:56:28,674 [pool-97-thread-1] INFO  storage.RaftStorageDirectory (RaftStorageDirectory.java:tryLock(328)) - Lock on /workdir/hadoop-ozone/integration-test/target/test-dir/MiniOzoneClusterImpl-ab2c19e4-bd12-4d81-a7c2-cea9bc284305/datanode-2/data/ratis/01a63c54-3c8e-475b-94d4-9886e0ac82d1/in_use.lock acquired by nodename 6782@pr-hdds2071-28zjt-764321718
2019-10-13 09:56:29,861 [Thread-404] INFO  impl.FollowerState (FollowerState.java:run(108)) - 5ec5c77b-e482-4ac4-adaa-cbdaadae6a77@group-24612A63177E-FollowerState: change to CANDIDATE, lastRpcTime:5197ms, electionTimeout:5197ms
2019-10-13 09:56:29,862 [Thread-404] INFO  impl.RoleInfo (RoleInfo.java:shutdownFollowerState(121)) - 5ec5c77b-e482-4ac4-adaa-cbdaadae6a77: shutdown FollowerState
2019-10-13 09:56:29,862 [Thread-404] INFO  impl.RaftServerImpl (RaftServerImpl.java:setRole(170)) - 5ec5c77b-e482-4ac4-adaa-cbdaadae6a77@group-24612A63177E: changes role from  FOLLOWER to CANDIDATE at term 0 for changeToCandidate
2019-10-13 09:56:29,863 [Thread-404] INFO  impl.RoleInfo (RoleInfo.java:updateAndGet(143)) - 5ec5c77b-e482-4ac4-adaa-cbdaadae6a77: start LeaderElection
2019-10-13 09:56:29,999 [pool-77-thread-1] INFO  storage.RaftStorage (RaftStorage.java:format(84)) - Storage directory /workdir/hadoop-ozone/integration-test/target/test-dir/MiniOzoneClusterImpl-ab2c19e4-bd12-4d81-a7c2-cea9bc284305/datanode-0/data/ratis/01a63c54-3c8e-475b-94d4-9886e0ac82d1 has been successfully formatted.
2019-10-13 09:56:29,999 [pool-77-thread-1] INFO  ratis.ContainerStateMachine (ContainerStateMachine.java:loadSnapshot(231)) - group-9886E0AC82D1: The snapshot info is null. Setting the last applied indexto:(t:0, i:~)
2019-10-13 09:56:30,000 [pool-77-thread-1] INFO  server.RaftServerConfigKeys (ConfUtils.java:logGet(43)) - raft.server.notification.no-leader.timeout = 120s (custom)
2019-10-13 09:56:30,000 [pool-77-thread-1] INFO  server.RaftServerConfigKeys (ConfUtils.java:logGet(43)) - raft.server.log.use.memory = false (default)
2019-10-13 09:56:30,000 [pool-77-thread-1] INFO  server.RaftServerConfigKeys (ConfUtils.java:logGet(43)) - raft.server.log.purge.gap = 1000000 (custom)
2019-10-13 09:56:30,000 [pool-77-thread-1] INFO  server.RaftServerConfigKeys (ConfUtils.java:logGet(43)) - raft.server.log.appender.buffer.byte-limit = 33554432 (custom)
2019-10-13 09:56:30,001 [pool-77-thread-1] INFO  server.RaftServerConfigKeys (ConfUtils.java:logGet(43)) - raft.server.log.segment.size.max = 1048576 (custom)
2019-10-13 09:56:30,001 [pool-77-thread-1] INFO  server.RaftServerConfigKeys (ConfUtils.java:logGet(43)) - raft.server.log.segment.cache.num.max = 2 (custom)
2019-10-13 09:56:30,001 [pool-77-thread-1] INFO  segmented.SegmentedRaftLogWorker (SegmentedRaftLogWorker.java:<init>(173)) - new 5ec5c77b-e482-4ac4-adaa-cbdaadae6a77@group-9886E0AC82D1-SegmentedRaftLogWorker for RaftStorage:Storage Directory /workdir/hadoop-ozone/integration-test/target/test-dir/MiniOzoneClusterImpl-ab2c19e4-bd12-4d81-a7c2-cea9bc284305/datanode-0/data/ratis/01a63c54-3c8e-475b-94d4-9886e0ac82d1
2019-10-13 09:56:30,001 [pool-77-thread-1] INFO  server.RaftServerConfigKeys (ConfUtils.java:logGet(43)) - raft.server.log.queue.byte-limit = 2147483647 (custom)
2019-10-13 09:56:30,001 [pool-77-thread-1] INFO  server.RaftServerConfigKeys (ConfUtils.java:logGet(43)) - raft.server.log.queue.element-limit = 1024 (custom)
2019-10-13 09:56:30,002 [pool-77-thread-1] INFO  server.RaftServerConfigKeys (ConfUtils.java:logGet(43)) - raft.server.log.segment.size.max = 1048576 (custom)
2019-10-13 09:56:30,002 [pool-77-thread-1] INFO  server.RaftServerConfigKeys (ConfUtils.java:logGet(43)) - raft.server.log.preallocated.size = 16384 (custom)
2019-10-13 09:56:30,002 [pool-77-thread-1] INFO  server.RaftServerConfigKeys (ConfUtils.java:logGet(43)) - raft.server.log.write.buffer.size = 33554432 (custom)
2019-10-13 09:56:30,002 [pool-77-thread-1] INFO  server.RaftServerConfigKeys (ConfUtils.java:logGet(43)) - raft.server.log.force.sync.num = 128 (default)
2019-10-13 09:56:30,003 [pool-77-thread-1] INFO  server.RaftServerConfigKeys (ConfUtils.java:logGet(43)) - raft.server.log.statemachine.data.sync = true (default)
2019-10-13 09:56:30,003 [pool-77-thread-1] INFO  server.RaftServerConfigKeys (ConfUtils.java:logGet(43)) - raft.server.log.statemachine.data.sync.timeout = 10s (default)
2019-10-13 09:56:30,003 [pool-77-thread-1] INFO  server.RaftServerConfigKeys (ConfUtils.java:logGet(43)) - raft.server.log.statemachine.data.sync.timeout.retry = -1 (default)
2019-10-13 09:56:30,004 [pool-77-thread-1] INFO  server.RaftServerConfigKeys (ConfUtils.java:logGet(43)) - raft.server.log.statemachine.data.caching.enabled = true (custom)
2019-10-13 09:56:30,004 [pool-77-thread-1] INFO  segmented.SegmentedRaftLogWorker (SegmentedRaftLogWorker.java:lambda$new$0(128)) - 5ec5c77b-e482-4ac4-adaa-cbdaadae6a77@group-9886E0AC82D1-SegmentedRaftLogWorker: flushIndex: setUnconditionally 0 -> -1
2019-10-13 09:56:30,005 [pool-77-thread-1] INFO  server.RaftServerConfigKeys (ConfUtils.java:logGet(43)) - raft.server.snapshot.auto.trigger.enabled = true (custom)
2019-10-13 09:56:30,005 [pool-77-thread-1] INFO  server.RaftServerConfigKeys (ConfUtils.java:logGet(43)) - raft.server.snapshot.auto.trigger.threshold = 10000 (custom)
2019-10-13 09:56:30,005 [pool-77-thread-1] INFO  server.RaftServerConfigKeys (ConfUtils.java:logGet(43)) - raft.server.snapshot.retention.file.num = 5 (custom)
2019-10-13 09:56:30,005 [pool-77-thread-1] INFO  server.RaftServerConfigKeys (ConfUtils.java:logGet(43)) - raft.server.retrycache.expirytime = 600000ms (custom)
2019-10-13 09:56:30,008 [pool-77-thread-1] INFO  impl.RaftServerImpl (RaftServerImpl.java:start(181)) - 5ec5c77b-e482-4ac4-adaa-cbdaadae6a77@group-9886E0AC82D1: start as a follower, conf=-1: [2e39f6a9-a8a7-4bc7-ab66-c20f98d2b88e:192.168.164.225:36883, 5ec5c77b-e482-4ac4-adaa-cbdaadae6a77:192.168.164.225:44259, a1eedb78-e40d-4a86-8cc8-e22fbad1f292:192.168.164.225:43352], old=null
2019-10-13 09:56:30,009 [pool-77-thread-1] INFO  impl.RaftServerImpl (RaftServerImpl.java:setRole(170)) - 5ec5c77b-e482-4ac4-adaa-cbdaadae6a77@group-9886E0AC82D1: changes role from      null to FOLLOWER at term 0 for startAsFollower
2019-10-13 09:56:30,009 [pool-77-thread-1] INFO  impl.RoleInfo (RoleInfo.java:updateAndGet(143)) - 5ec5c77b-e482-4ac4-adaa-cbdaadae6a77: start FollowerState
2019-10-13 09:56:30,009 [pool-77-thread-1] INFO  util.JmxRegister (JmxRegister.java:tryRegister(44)) - Successfully registered JMX Bean with object name Ratis:service=RaftServer,group=group-9886E0AC82D1,id=5ec5c77b-e482-4ac4-adaa-cbdaadae6a77
2019-10-13 09:56:30,493 [Thread-407] INFO  impl.FollowerState (FollowerState.java:run(108)) - 2e39f6a9-a8a7-4bc7-ab66-c20f98d2b88e@group-DED65B60FD4F-FollowerState: change to CANDIDATE, lastRpcTime:5054ms, electionTimeout:5054ms
2019-10-13 09:56:30,493 [Thread-407] INFO  impl.RoleInfo (RoleInfo.java:shutdownFollowerState(121)) - 2e39f6a9-a8a7-4bc7-ab66-c20f98d2b88e: shutdown FollowerState
2019-10-13 09:56:30,493 [Thread-407] INFO  impl.RaftServerImpl (RaftServerImpl.java:setRole(170)) - 2e39f6a9-a8a7-4bc7-ab66-c20f98d2b88e@group-DED65B60FD4F: changes role from  FOLLOWER to CANDIDATE at term 0 for changeToCandidate
2019-10-13 09:56:30,494 [Thread-407] INFO  impl.RoleInfo (RoleInfo.java:updateAndGet(143)) - 2e39f6a9-a8a7-4bc7-ab66-c20f98d2b88e: start LeaderElection
2019-10-13 09:56:30,646 [RATISCREATEPIPELINE1] ERROR pipeline.RatisPipelineProvider (RatisPipelineProvider.java:lambda$null$5(237)) - Failed invoke Ratis rpc org.apache.hadoop.hdds.scm.pipeline.RatisPipelineProvider$$Lambda$188/692758589@15dc90b1 for 2e39f6a9-a8a7-4bc7-ab66-c20f98d2b88e
org.apache.ratis.protocol.TimeoutIOException: deadline exceeded after 2999722192ns
	at org.apache.ratis.grpc.GrpcUtil.tryUnwrapException(GrpcUtil.java:82)
	at org.apache.ratis.grpc.GrpcUtil.unwrapException(GrpcUtil.java:75)
	at org.apache.ratis.grpc.client.GrpcClientProtocolClient.blockingCall(GrpcClientProtocolClient.java:184)
	at org.apache.ratis.grpc.client.GrpcClientProtocolClient.groupAdd(GrpcClientProtocolClient.java:153)
	at org.apache.ratis.grpc.client.GrpcClientRpc.sendRequest(GrpcClientRpc.java:94)
	at org.apache.ratis.client.impl.RaftClientImpl.sendRequest(RaftClientImpl.java:278)
	at org.apache.ratis.client.impl.RaftClientImpl.groupAdd(RaftClientImpl.java:205)
	at org.apache.hadoop.hdds.scm.pipeline.RatisPipelineProvider.lambda$initializePipeline$4(RatisPipelineProvider.java:198)
	at org.apache.hadoop.hdds.scm.pipeline.RatisPipelineProvider.lambda$null$5(RatisPipelineProvider.java:233)
	at java.util.stream.ForEachOps$ForEachOp$OfRef.accept(ForEachOps.java:184)
	at java.util.ArrayList$ArrayListSpliterator.forEachRemaining(ArrayList.java:1382)
	at java.util.stream.AbstractPipeline.copyInto(AbstractPipeline.java:482)
	at java.util.stream.ForEachOps$ForEachTask.compute(ForEachOps.java:291)
	at java.util.concurrent.CountedCompleter.exec(CountedCompleter.java:731)
	at java.util.concurrent.ForkJoinTask.doExec(ForkJoinTask.java:289)
	at java.util.concurrent.ForkJoinTask.doInvoke(ForkJoinTask.java:401)
	at java.util.concurrent.ForkJoinTask.invoke(ForkJoinTask.java:734)
	at java.util.stream.ForEachOps$ForEachOp.evaluateParallel(ForEachOps.java:160)
	at java.util.stream.ForEachOps$ForEachOp$OfRef.evaluateParallel(ForEachOps.java:174)
	at java.util.stream.AbstractPipeline.evaluate(AbstractPipeline.java:233)
	at java.util.stream.ReferencePipeline.forEach(ReferencePipeline.java:418)
	at java.util.stream.ReferencePipeline$Head.forEach(ReferencePipeline.java:583)
	at org.apache.hadoop.hdds.scm.pipeline.RatisPipelineProvider.lambda$callRatisRpc$6(RatisPipelineProvider.java:227)
	at java.util.concurrent.ForkJoinTask$AdaptedRunnableAction.exec(ForkJoinTask.java:1386)
	at java.util.concurrent.ForkJoinTask.doExec(ForkJoinTask.java:289)
	at java.util.concurrent.ForkJoinPool$WorkQueue.runTask(ForkJoinPool.java:1056)
	at java.util.concurrent.ForkJoinPool.runWorker(ForkJoinPool.java:1692)
	at java.util.concurrent.ForkJoinWorkerThread.run(ForkJoinWorkerThread.java:157)
Caused by: org.apache.ratis.thirdparty.io.grpc.StatusRuntimeException: DEADLINE_EXCEEDED: deadline exceeded after 2999722192ns
	at org.apache.ratis.thirdparty.io.grpc.stub.ClientCalls.toStatusRuntimeException(ClientCalls.java:233)
	at org.apache.ratis.thirdparty.io.grpc.stub.ClientCalls.getUnchecked(ClientCalls.java:214)
	at org.apache.ratis.thirdparty.io.grpc.stub.ClientCalls.blockingUnaryCall(ClientCalls.java:139)
	at org.apache.ratis.proto.grpc.AdminProtocolServiceGrpc$AdminProtocolServiceBlockingStub.groupManagement(AdminProtocolServiceGrpc.java:274)
	at org.apache.ratis.grpc.client.GrpcClientProtocolClient.lambda$groupAdd$3(GrpcClientProtocolClient.java:155)
	at org.apache.ratis.grpc.client.GrpcClientProtocolClient.blockingCall(GrpcClientProtocolClient.java:182)
	... 25 more
2019-10-13 09:56:30,646 [RATISCREATEPIPELINE3] ERROR pipeline.RatisPipelineProvider (RatisPipelineProvider.java:lambda$null$5(237)) - Failed invoke Ratis rpc org.apache.hadoop.hdds.scm.pipeline.RatisPipelineProvider$$Lambda$188/692758589@15dc90b1 for a1eedb78-e40d-4a86-8cc8-e22fbad1f292
org.apache.ratis.protocol.TimeoutIOException: deadline exceeded after 2997936325ns
	at org.apache.ratis.grpc.GrpcUtil.tryUnwrapException(GrpcUtil.java:82)
	at org.apache.ratis.grpc.GrpcUtil.unwrapException(GrpcUtil.java:75)
	at org.apache.ratis.grpc.client.GrpcClientProtocolClient.blockingCall(GrpcClientProtocolClient.java:184)
	at org.apache.ratis.grpc.client.GrpcClientProtocolClient.groupAdd(GrpcClientProtocolClient.java:153)
	at org.apache.ratis.grpc.client.GrpcClientRpc.sendRequest(GrpcClientRpc.java:94)
	at org.apache.ratis.client.impl.RaftClientImpl.sendRequest(RaftClientImpl.java:278)
	at org.apache.ratis.client.impl.RaftClientImpl.groupAdd(RaftClientImpl.java:205)
	at org.apache.hadoop.hdds.scm.pipeline.RatisPipelineProvider.lambda$initializePipeline$4(RatisPipelineProvider.java:198)
	at org.apache.hadoop.hdds.scm.pipeline.RatisPipelineProvider.lambda$null$5(RatisPipelineProvider.java:233)
	at java.util.stream.ForEachOps$ForEachOp$OfRef.accept(ForEachOps.java:184)
	at java.util.ArrayList$ArrayListSpliterator.forEachRemaining(ArrayList.java:1382)
	at java.util.stream.AbstractPipeline.copyInto(AbstractPipeline.java:482)
	at java.util.stream.ForEachOps$ForEachTask.compute(ForEachOps.java:291)
	at java.util.concurrent.CountedCompleter.exec(CountedCompleter.java:731)
	at java.util.concurrent.ForkJoinTask.doExec(ForkJoinTask.java:289)
	at java.util.concurrent.ForkJoinPool$WorkQueue.runTask(ForkJoinPool.java:1056)
	at java.util.concurrent.ForkJoinPool.runWorker(ForkJoinPool.java:1692)
	at java.util.concurrent.ForkJoinWorkerThread.run(ForkJoinWorkerThread.java:157)
Caused by: org.apache.ratis.thirdparty.io.grpc.StatusRuntimeException: DEADLINE_EXCEEDED: deadline exceeded after 2997936325ns
	at org.apache.ratis.thirdparty.io.grpc.stub.ClientCalls.toStatusRuntimeException(ClientCalls.java:233)
	at org.apache.ratis.thirdparty.io.grpc.stub.ClientCalls.getUnchecked(ClientCalls.java:214)
	at org.apache.ratis.thirdparty.io.grpc.stub.ClientCalls.blockingUnaryCall(ClientCalls.java:139)
	at org.apache.ratis.proto.grpc.AdminProtocolServiceGrpc$AdminProtocolServiceBlockingStub.groupManagement(AdminProtocolServiceGrpc.java:274)
	at org.apache.ratis.grpc.client.GrpcClientProtocolClient.lambda$groupAdd$3(GrpcClientProtocolClient.java:155)
	at org.apache.ratis.grpc.client.GrpcClientProtocolClient.blockingCall(GrpcClientProtocolClient.java:182)
	... 15 more
2019-10-13 09:56:30,666 [grpc-default-executor-2] INFO  impl.RaftServerProxy (RaftServerProxy.java:addNew(89)) - 5ec5c77b-e482-4ac4-adaa-cbdaadae6a77: addNew group-702171738496:[2e39f6a9-a8a7-4bc7-ab66-c20f98d2b88e:192.168.164.225:36883, 5ec5c77b-e482-4ac4-adaa-cbdaadae6a77:192.168.164.225:44259, a1eedb78-e40d-4a86-8cc8-e22fbad1f292:192.168.164.225:43352] returns group-702171738496:java.util.concurrent.CompletableFuture@186c5478[Not completed]
2019-10-13 09:56:30,666 [grpc-default-executor-0] INFO  impl.RaftServerProxy (RaftServerProxy.java:addNew(89)) - 2e39f6a9-a8a7-4bc7-ab66-c20f98d2b88e: addNew group-702171738496:[2e39f6a9-a8a7-4bc7-ab66-c20f98d2b88e:192.168.164.225:36883, 5ec5c77b-e482-4ac4-adaa-cbdaadae6a77:192.168.164.225:44259, a1eedb78-e40d-4a86-8cc8-e22fbad1f292:192.168.164.225:43352] returns group-702171738496:java.util.concurrent.CompletableFuture@53ae64f7[Not completed]
2019-10-13 09:56:30,668 [grpc-default-executor-1] INFO  impl.RaftServerProxy (RaftServerProxy.java:addNew(89)) - a1eedb78-e40d-4a86-8cc8-e22fbad1f292: addNew group-702171738496:[2e39f6a9-a8a7-4bc7-ab66-c20f98d2b88e:192.168.164.225:36883, 5ec5c77b-e482-4ac4-adaa-cbdaadae6a77:192.168.164.225:44259, a1eedb78-e40d-4a86-8cc8-e22fbad1f292:192.168.164.225:43352] returns group-702171738496:java.util.concurrent.CompletableFuture@4b7254a4[Not completed]
2019-10-13 09:56:30,669 [pool-77-thread-1] INFO  impl.RaftServerImpl (RaftServerImpl.java:<init>(95)) - 5ec5c77b-e482-4ac4-adaa-cbdaadae6a77: new RaftServerImpl for group-702171738496:[2e39f6a9-a8a7-4bc7-ab66-c20f98d2b88e:192.168.164.225:36883, 5ec5c77b-e482-4ac4-adaa-cbdaadae6a77:192.168.164.225:44259, a1eedb78-e40d-4a86-8cc8-e22fbad1f292:192.168.164.225:43352] with ContainerStateMachine:uninitialized
2019-10-13 09:56:30,669 [pool-77-thread-1] INFO  server.RaftServerConfigKeys (ConfUtils.java:logGet(43)) - raft.server.rpc.timeout.min = 5s (custom)
2019-10-13 09:56:30,669 [pool-77-thread-1] INFO  server.RaftServerConfigKeys (ConfUtils.java:logGet(43)) - raft.server.rpc.timeout.max = 5200ms (custom)
2019-10-13 09:56:30,669 [pool-77-thread-1] INFO  server.RaftServerConfigKeys (ConfUtils.java:logGet(43)) - raft.server.rpcslowness.timeout = 120s (custom)
2019-10-13 09:56:30,670 [pool-77-thread-1] INFO  server.RaftServerConfigKeys (ConfUtils.java:logGet(43)) - raft.server.sleep.deviation.threshold = 300 (default)
2019-10-13 09:56:30,670 [pool-77-thread-1] INFO  server.RaftServerConfigKeys (ConfUtils.java:logGet(43)) - raft.server.log.appender.install.snapshot.enabled = false (custom)
2019-10-13 09:56:30,670 [pool-77-thread-1] INFO  impl.RaftServerImpl (ServerState.java:<init>(103)) - 5ec5c77b-e482-4ac4-adaa-cbdaadae6a77@group-702171738496: ConfigurationManager, init=-1: [2e39f6a9-a8a7-4bc7-ab66-c20f98d2b88e:192.168.164.225:36883, 5ec5c77b-e482-4ac4-adaa-cbdaadae6a77:192.168.164.225:44259, a1eedb78-e40d-4a86-8cc8-e22fbad1f292:192.168.164.225:43352], old=null, confs=<EMPTY_MAP>
2019-10-13 09:56:30,670 [pool-77-thread-1] INFO  server.RaftServerConfigKeys (ConfUtils.java:logGet(43)) - raft.server.storage.dir = [/workdir/hadoop-ozone/integration-test/target/test-dir/MiniOzoneClusterImpl-ab2c19e4-bd12-4d81-a7c2-cea9bc284305/datanode-0/data/ratis] (custom)
2019-10-13 09:56:30,670 [pool-77-thread-1] INFO  server.RaftServerConfigKeys (ConfUtils.java:logGet(43)) - raft.server.log.corruption.policy = EXCEPTION (default)
2019-10-13 09:56:30,671 [pool-77-thread-1] INFO  storage.RaftStorageDirectory (RaftStorageDirectory.java:analyzeStorage(246)) - The storage directory /workdir/hadoop-ozone/integration-test/target/test-dir/MiniOzoneClusterImpl-ab2c19e4-bd12-4d81-a7c2-cea9bc284305/datanode-0/data/ratis/f229792e-6b9a-4f74-9315-702171738496 does not exist. Creating ...
2019-10-13 09:56:31,050 [pool-87-thread-1] INFO  storage.RaftStorage (RaftStorage.java:format(84)) - Storage directory /workdir/hadoop-ozone/integration-test/target/test-dir/MiniOzoneClusterImpl-ab2c19e4-bd12-4d81-a7c2-cea9bc284305/datanode-1/data/ratis/01a63c54-3c8e-475b-94d4-9886e0ac82d1 has been successfully formatted.
2019-10-13 09:56:31,050 [pool-97-thread-1] INFO  storage.RaftStorage (RaftStorage.java:format(84)) - Storage directory /workdir/hadoop-ozone/integration-test/target/test-dir/MiniOzoneClusterImpl-ab2c19e4-bd12-4d81-a7c2-cea9bc284305/datanode-2/data/ratis/01a63c54-3c8e-475b-94d4-9886e0ac82d1 has been successfully formatted.
2019-10-13 09:56:31,050 [pool-87-thread-1] INFO  ratis.ContainerStateMachine (ContainerStateMachine.java:loadSnapshot(231)) - group-9886E0AC82D1: The snapshot info is null. Setting the last applied indexto:(t:0, i:~)
2019-10-13 09:56:31,050 [pool-97-thread-1] INFO  ratis.ContainerStateMachine (ContainerStateMachine.java:loadSnapshot(231)) - group-9886E0AC82D1: The snapshot info is null. Setting the last applied indexto:(t:0, i:~)
2019-10-13 09:56:31,051 [pool-87-thread-1] INFO  server.RaftServerConfigKeys (ConfUtils.java:logGet(43)) - raft.server.notification.no-leader.timeout = 120s (custom)
2019-10-13 09:56:31,051 [pool-97-thread-1] INFO  server.RaftServerConfigKeys (ConfUtils.java:logGet(43)) - raft.server.notification.no-leader.timeout = 120s (custom)
2019-10-13 09:56:31,051 [pool-87-thread-1] INFO  server.RaftServerConfigKeys (ConfUtils.java:logGet(43)) - raft.server.log.use.memory = false (default)
2019-10-13 09:56:31,051 [pool-97-thread-1] INFO  server.RaftServerConfigKeys (ConfUtils.java:logGet(43)) - raft.server.log.use.memory = false (default)
2019-10-13 09:56:31,051 [pool-87-thread-1] INFO  server.RaftServerConfigKeys (ConfUtils.java:logGet(43)) - raft.server.log.purge.gap = 1000000 (custom)
2019-10-13 09:56:31,051 [pool-97-thread-1] INFO  server.RaftServerConfigKeys (ConfUtils.java:logGet(43)) - raft.server.log.purge.gap = 1000000 (custom)
2019-10-13 09:56:31,051 [pool-87-thread-1] INFO  server.RaftServerConfigKeys (ConfUtils.java:logGet(43)) - raft.server.log.appender.buffer.byte-limit = 33554432 (custom)
2019-10-13 09:56:31,052 [pool-97-thread-1] INFO  server.RaftServerConfigKeys (ConfUtils.java:logGet(43)) - raft.server.log.appender.buffer.byte-limit = 33554432 (custom)
2019-10-13 09:56:31,052 [pool-87-thread-1] INFO  server.RaftServerConfigKeys (ConfUtils.java:logGet(43)) - raft.server.log.segment.size.max = 1048576 (custom)
2019-10-13 09:56:31,052 [pool-97-thread-1] INFO  server.RaftServerConfigKeys (ConfUtils.java:logGet(43)) - raft.server.log.segment.size.max = 1048576 (custom)
2019-10-13 09:56:31,052 [pool-87-thread-1] INFO  server.RaftServerConfigKeys (ConfUtils.java:logGet(43)) - raft.server.log.segment.cache.num.max = 2 (custom)
2019-10-13 09:56:31,052 [pool-97-thread-1] INFO  server.RaftServerConfigKeys (ConfUtils.java:logGet(43)) - raft.server.log.segment.cache.num.max = 2 (custom)
2019-10-13 09:56:31,052 [pool-87-thread-1] INFO  segmented.SegmentedRaftLogWorker (SegmentedRaftLogWorker.java:<init>(173)) - new 2e39f6a9-a8a7-4bc7-ab66-c20f98d2b88e@group-9886E0AC82D1-SegmentedRaftLogWorker for RaftStorage:Storage Directory /workdir/hadoop-ozone/integration-test/target/test-dir/MiniOzoneClusterImpl-ab2c19e4-bd12-4d81-a7c2-cea9bc284305/datanode-1/data/ratis/01a63c54-3c8e-475b-94d4-9886e0ac82d1
2019-10-13 09:56:31,053 [pool-97-thread-1] INFO  segmented.SegmentedRaftLogWorker (SegmentedRaftLogWorker.java:<init>(173)) - new a1eedb78-e40d-4a86-8cc8-e22fbad1f292@group-9886E0AC82D1-SegmentedRaftLogWorker for RaftStorage:Storage Directory /workdir/hadoop-ozone/integration-test/target/test-dir/MiniOzoneClusterImpl-ab2c19e4-bd12-4d81-a7c2-cea9bc284305/datanode-2/data/ratis/01a63c54-3c8e-475b-94d4-9886e0ac82d1
2019-10-13 09:56:31,053 [pool-87-thread-1] INFO  server.RaftServerConfigKeys (ConfUtils.java:logGet(43)) - raft.server.log.queue.byte-limit = 2147483647 (custom)
2019-10-13 09:56:31,053 [pool-97-thread-1] INFO  server.RaftServerConfigKeys (ConfUtils.java:logGet(43)) - raft.server.log.queue.byte-limit = 2147483647 (custom)
2019-10-13 09:56:31,053 [pool-87-thread-1] INFO  server.RaftServerConfigKeys (ConfUtils.java:logGet(43)) - raft.server.log.queue.element-limit = 1024 (custom)
2019-10-13 09:56:31,053 [pool-97-thread-1] INFO  server.RaftServerConfigKeys (ConfUtils.java:logGet(43)) - raft.server.log.queue.element-limit = 1024 (custom)
2019-10-13 09:56:31,054 [pool-87-thread-1] INFO  server.RaftServerConfigKeys (ConfUtils.java:logGet(43)) - raft.server.log.segment.size.max = 1048576 (custom)
2019-10-13 09:56:31,054 [pool-97-thread-1] INFO  server.RaftServerConfigKeys (ConfUtils.java:logGet(43)) - raft.server.log.segment.size.max = 1048576 (custom)
2019-10-13 09:56:31,054 [pool-87-thread-1] INFO  server.RaftServerConfigKeys (ConfUtils.java:logGet(43)) - raft.server.log.preallocated.size = 16384 (custom)
2019-10-13 09:56:31,054 [pool-97-thread-1] INFO  server.RaftServerConfigKeys (ConfUtils.java:logGet(43)) - raft.server.log.preallocated.size = 16384 (custom)
2019-10-13 09:56:31,054 [pool-87-thread-1] INFO  server.RaftServerConfigKeys (ConfUtils.java:logGet(43)) - raft.server.log.write.buffer.size = 33554432 (custom)
2019-10-13 09:56:31,054 [pool-97-thread-1] INFO  server.RaftServerConfigKeys (ConfUtils.java:logGet(43)) - raft.server.log.write.buffer.size = 33554432 (custom)
2019-10-13 09:56:31,055 [pool-87-thread-1] INFO  server.RaftServerConfigKeys (ConfUtils.java:logGet(43)) - raft.server.log.force.sync.num = 128 (default)
2019-10-13 09:56:31,055 [pool-97-thread-1] INFO  server.RaftServerConfigKeys (ConfUtils.java:logGet(43)) - raft.server.log.force.sync.num = 128 (default)
2019-10-13 09:56:31,055 [pool-87-thread-1] INFO  server.RaftServerConfigKeys (ConfUtils.java:logGet(43)) - raft.server.log.statemachine.data.sync = true (default)
2019-10-13 09:56:31,055 [pool-97-thread-1] INFO  server.RaftServerConfigKeys (ConfUtils.java:logGet(43)) - raft.server.log.statemachine.data.sync = true (default)
2019-10-13 09:56:31,055 [pool-87-thread-1] INFO  server.RaftServerConfigKeys (ConfUtils.java:logGet(43)) - raft.server.log.statemachine.data.sync.timeout = 10s (default)
2019-10-13 09:56:31,055 [pool-97-thread-1] INFO  server.RaftServerConfigKeys (ConfUtils.java:logGet(43)) - raft.server.log.statemachine.data.sync.timeout = 10s (default)
2019-10-13 09:56:31,056 [pool-87-thread-1] INFO  server.RaftServerConfigKeys (ConfUtils.java:logGet(43)) - raft.server.log.statemachine.data.sync.timeout.retry = -1 (default)
2019-10-13 09:56:31,056 [pool-97-thread-1] INFO  server.RaftServerConfigKeys (ConfUtils.java:logGet(43)) - raft.server.log.statemachine.data.sync.timeout.retry = -1 (default)
2019-10-13 09:56:31,056 [pool-87-thread-1] INFO  server.RaftServerConfigKeys (ConfUtils.java:logGet(43)) - raft.server.log.statemachine.data.caching.enabled = true (custom)
2019-10-13 09:56:31,056 [pool-97-thread-1] INFO  server.RaftServerConfigKeys (ConfUtils.java:logGet(43)) - raft.server.log.statemachine.data.caching.enabled = true (custom)
2019-10-13 09:56:31,057 [pool-87-thread-1] INFO  segmented.SegmentedRaftLogWorker (SegmentedRaftLogWorker.java:lambda$new$0(128)) - 2e39f6a9-a8a7-4bc7-ab66-c20f98d2b88e@group-9886E0AC82D1-SegmentedRaftLogWorker: flushIndex: setUnconditionally 0 -> -1
2019-10-13 09:56:31,057 [pool-97-thread-1] INFO  segmented.SegmentedRaftLogWorker (SegmentedRaftLogWorker.java:lambda$new$0(128)) - a1eedb78-e40d-4a86-8cc8-e22fbad1f292@group-9886E0AC82D1-SegmentedRaftLogWorker: flushIndex: setUnconditionally 0 -> -1
2019-10-13 09:56:31,057 [pool-87-thread-1] INFO  server.RaftServerConfigKeys (ConfUtils.java:logGet(43)) - raft.server.snapshot.auto.trigger.enabled = true (custom)
2019-10-13 09:56:31,057 [pool-97-thread-1] INFO  server.RaftServerConfigKeys (ConfUtils.java:logGet(43)) - raft.server.snapshot.auto.trigger.enabled = true (custom)
2019-10-13 09:56:31,057 [pool-87-thread-1] INFO  server.RaftServerConfigKeys (ConfUtils.java:logGet(43)) - raft.server.snapshot.auto.trigger.threshold = 10000 (custom)
2019-10-13 09:56:31,057 [pool-97-thread-1] INFO  server.RaftServerConfigKeys (ConfUtils.java:logGet(43)) - raft.server.snapshot.auto.trigger.threshold = 10000 (custom)
2019-10-13 09:56:31,058 [pool-87-thread-1] INFO  server.RaftServerConfigKeys (ConfUtils.java:logGet(43)) - raft.server.snapshot.retention.file.num = 5 (custom)
2019-10-13 09:56:31,058 [pool-97-thread-1] INFO  server.RaftServerConfigKeys (ConfUtils.java:logGet(43)) - raft.server.snapshot.retention.file.num = 5 (custom)
2019-10-13 09:56:31,058 [pool-87-thread-1] INFO  server.RaftServerConfigKeys (ConfUtils.java:logGet(43)) - raft.server.retrycache.expirytime = 600000ms (custom)
2019-10-13 09:56:31,058 [pool-97-thread-1] INFO  server.RaftServerConfigKeys (ConfUtils.java:logGet(43)) - raft.server.retrycache.expirytime = 600000ms (custom)
2019-10-13 09:56:31,065 [pool-87-thread-1] INFO  impl.RaftServerImpl (RaftServerImpl.java:<init>(95)) - 2e39f6a9-a8a7-4bc7-ab66-c20f98d2b88e: new RaftServerImpl for group-702171738496:[2e39f6a9-a8a7-4bc7-ab66-c20f98d2b88e:192.168.164.225:36883, 5ec5c77b-e482-4ac4-adaa-cbdaadae6a77:192.168.164.225:44259, a1eedb78-e40d-4a86-8cc8-e22fbad1f292:192.168.164.225:43352] with ContainerStateMachine:uninitialized
2019-10-13 09:56:31,065 [pool-87-thread-1] INFO  server.RaftServerConfigKeys (ConfUtils.java:logGet(43)) - raft.server.rpc.timeout.min = 5s (custom)
2019-10-13 09:56:31,065 [pool-87-thread-1] INFO  server.RaftServerConfigKeys (ConfUtils.java:logGet(43)) - raft.server.rpc.timeout.max = 5200ms (custom)
2019-10-13 09:56:31,065 [pool-87-thread-1] INFO  server.RaftServerConfigKeys (ConfUtils.java:logGet(43)) - raft.server.rpcslowness.timeout = 120s (custom)
2019-10-13 09:56:31,065 [pool-87-thread-1] INFO  server.RaftServerConfigKeys (ConfUtils.java:logGet(43)) - raft.server.sleep.deviation.threshold = 300 (default)
2019-10-13 09:56:31,066 [pool-97-thread-1] INFO  impl.RaftServerImpl (RaftServerImpl.java:<init>(95)) - a1eedb78-e40d-4a86-8cc8-e22fbad1f292: new RaftServerImpl for group-702171738496:[2e39f6a9-a8a7-4bc7-ab66-c20f98d2b88e:192.168.164.225:36883, 5ec5c77b-e482-4ac4-adaa-cbdaadae6a77:192.168.164.225:44259, a1eedb78-e40d-4a86-8cc8-e22fbad1f292:192.168.164.225:43352] with ContainerStateMachine:uninitialized
2019-10-13 09:56:31,066 [pool-87-thread-1] INFO  server.RaftServerConfigKeys (ConfUtils.java:logGet(43)) - raft.server.log.appender.install.snapshot.enabled = false (custom)
2019-10-13 09:56:31,066 [pool-97-thread-1] INFO  server.RaftServerConfigKeys (ConfUtils.java:logGet(43)) - raft.server.rpc.timeout.min = 5s (custom)
2019-10-13 09:56:31,066 [pool-87-thread-1] INFO  impl.RaftServerImpl (ServerState.java:<init>(103)) - 2e39f6a9-a8a7-4bc7-ab66-c20f98d2b88e@group-702171738496: ConfigurationManager, init=-1: [2e39f6a9-a8a7-4bc7-ab66-c20f98d2b88e:192.168.164.225:36883, 5ec5c77b-e482-4ac4-adaa-cbdaadae6a77:192.168.164.225:44259, a1eedb78-e40d-4a86-8cc8-e22fbad1f292:192.168.164.225:43352], old=null, confs=<EMPTY_MAP>
2019-10-13 09:56:31,066 [pool-97-thread-1] INFO  server.RaftServerConfigKeys (ConfUtils.java:logGet(43)) - raft.server.rpc.timeout.max = 5200ms (custom)
2019-10-13 09:56:31,066 [pool-87-thread-1] INFO  server.RaftServerConfigKeys (ConfUtils.java:logGet(43)) - raft.server.storage.dir = [/workdir/hadoop-ozone/integration-test/target/test-dir/MiniOzoneClusterImpl-ab2c19e4-bd12-4d81-a7c2-cea9bc284305/datanode-1/data/ratis] (custom)
2019-10-13 09:56:31,066 [pool-97-thread-1] INFO  server.RaftServerConfigKeys (ConfUtils.java:logGet(43)) - raft.server.rpcslowness.timeout = 120s (custom)
2019-10-13 09:56:31,067 [pool-97-thread-1] INFO  server.RaftServerConfigKeys (ConfUtils.java:logGet(43)) - raft.server.sleep.deviation.threshold = 300 (default)
2019-10-13 09:56:31,067 [pool-87-thread-1] INFO  server.RaftServerConfigKeys (ConfUtils.java:logGet(43)) - raft.server.log.corruption.policy = EXCEPTION (default)
2019-10-13 09:56:31,067 [pool-97-thread-1] INFO  server.RaftServerConfigKeys (ConfUtils.java:logGet(43)) - raft.server.log.appender.install.snapshot.enabled = false (custom)
2019-10-13 09:56:31,067 [pool-87-thread-1] INFO  storage.RaftStorageDirectory (RaftStorageDirectory.java:analyzeStorage(246)) - The storage directory /workdir/hadoop-ozone/integration-test/target/test-dir/MiniOzoneClusterImpl-ab2c19e4-bd12-4d81-a7c2-cea9bc284305/datanode-1/data/ratis/f229792e-6b9a-4f74-9315-702171738496 does not exist. Creating ...
2019-10-13 09:56:31,067 [pool-97-thread-1] INFO  impl.RaftServerImpl (ServerState.java:<init>(103)) - a1eedb78-e40d-4a86-8cc8-e22fbad1f292@group-702171738496: ConfigurationManager, init=-1: [2e39f6a9-a8a7-4bc7-ab66-c20f98d2b88e:192.168.164.225:36883, 5ec5c77b-e482-4ac4-adaa-cbdaadae6a77:192.168.164.225:44259, a1eedb78-e40d-4a86-8cc8-e22fbad1f292:192.168.164.225:43352], old=null, confs=<EMPTY_MAP>
2019-10-13 09:56:31,067 [pool-97-thread-1] INFO  server.RaftServerConfigKeys (ConfUtils.java:logGet(43)) - raft.server.storage.dir = [/workdir/hadoop-ozone/integration-test/target/test-dir/MiniOzoneClusterImpl-ab2c19e4-bd12-4d81-a7c2-cea9bc284305/datanode-2/data/ratis] (custom)
2019-10-13 09:56:31,068 [pool-97-thread-1] INFO  server.RaftServerConfigKeys (ConfUtils.java:logGet(43)) - raft.server.log.corruption.policy = EXCEPTION (default)
2019-10-13 09:56:31,068 [pool-97-thread-1] INFO  storage.RaftStorageDirectory (RaftStorageDirectory.java:analyzeStorage(246)) - The storage directory /workdir/hadoop-ozone/integration-test/target/test-dir/MiniOzoneClusterImpl-ab2c19e4-bd12-4d81-a7c2-cea9bc284305/datanode-2/data/ratis/f229792e-6b9a-4f74-9315-702171738496 does not exist. Creating ...
2019-10-13 09:56:32,763 [Thread-411] INFO  impl.FollowerState (FollowerState.java:run(108)) - a1eedb78-e40d-4a86-8cc8-e22fbad1f292@group-B9197D35BAD3-FollowerState: change to CANDIDATE, lastRpcTime:5141ms, electionTimeout:5141ms
2019-10-13 09:56:32,763 [Thread-411] INFO  impl.RoleInfo (RoleInfo.java:shutdownFollowerState(121)) - a1eedb78-e40d-4a86-8cc8-e22fbad1f292: shutdown FollowerState
2019-10-13 09:56:32,764 [Thread-411] INFO  impl.RaftServerImpl (RaftServerImpl.java:setRole(170)) - a1eedb78-e40d-4a86-8cc8-e22fbad1f292@group-B9197D35BAD3: changes role from  FOLLOWER to CANDIDATE at term 0 for changeToCandidate
2019-10-13 09:56:32,764 [Thread-411] INFO  impl.RoleInfo (RoleInfo.java:updateAndGet(143)) - a1eedb78-e40d-4a86-8cc8-e22fbad1f292: start LeaderElection
2019-10-13 09:56:32,825 [5ec5c77b-e482-4ac4-adaa-cbdaadae6a77@group-24612A63177E-LeaderElection8] INFO  impl.LeaderElection (LeaderElection.java:askForVotes(178)) - 5ec5c77b-e482-4ac4-adaa-cbdaadae6a77@group-24612A63177E-LeaderElection8: begin an election at term 1 for -1: [5ec5c77b-e482-4ac4-adaa-cbdaadae6a77:192.168.164.225:44259], old=null
2019-10-13 09:56:32,825 [5ec5c77b-e482-4ac4-adaa-cbdaadae6a77@group-24612A63177E-LeaderElection8] INFO  impl.RoleInfo (RoleInfo.java:shutdownLeaderElection(134)) - 5ec5c77b-e482-4ac4-adaa-cbdaadae6a77: shutdown LeaderElection
2019-10-13 09:56:32,826 [5ec5c77b-e482-4ac4-adaa-cbdaadae6a77@group-24612A63177E-LeaderElection8] INFO  impl.RaftServerImpl (RaftServerImpl.java:setRole(170)) - 5ec5c77b-e482-4ac4-adaa-cbdaadae6a77@group-24612A63177E: changes role from CANDIDATE to LEADER at term 1 for changeToLeader
2019-10-13 09:56:32,826 [5ec5c77b-e482-4ac4-adaa-cbdaadae6a77@group-24612A63177E-LeaderElection8] INFO  impl.RaftServerImpl (ServerState.java:setLeader(255)) - 5ec5c77b-e482-4ac4-adaa-cbdaadae6a77@group-24612A63177E: change Leader from null to 5ec5c77b-e482-4ac4-adaa-cbdaadae6a77 at term 1 for becomeLeader, leader elected after 8170ms
2019-10-13 09:56:32,828 [5ec5c77b-e482-4ac4-adaa-cbdaadae6a77@group-24612A63177E-LeaderElection8] INFO  server.RaftServerConfigKeys (ConfUtils.java:logGet(43)) - raft.server.staging.catchup.gap = 1000 (default)
2019-10-13 09:56:32,828 [5ec5c77b-e482-4ac4-adaa-cbdaadae6a77@group-24612A63177E-LeaderElection8] INFO  server.RaftServerConfigKeys (ConfUtils.java:logGet(43)) - raft.server.rpc.sleep.time = 25ms (default)
2019-10-13 09:56:32,828 [5ec5c77b-e482-4ac4-adaa-cbdaadae6a77@group-24612A63177E-LeaderElection8] INFO  server.RaftServerConfigKeys (ConfUtils.java:logGet(43)) - raft.server.write.element-limit = 4096 (default)
2019-10-13 09:56:32,828 [5ec5c77b-e482-4ac4-adaa-cbdaadae6a77@group-24612A63177E-LeaderElection8] INFO  server.RaftServerConfigKeys (ConfUtils.java:logGet(43)) - raft.server.watch.timeout = 10s (default)
2019-10-13 09:56:32,829 [5ec5c77b-e482-4ac4-adaa-cbdaadae6a77@group-24612A63177E-LeaderElection8] INFO  server.RaftServerConfigKeys (ConfUtils.java:logGet(43)) - raft.server.watch.timeout.denomination = 1s (default)
2019-10-13 09:56:32,829 [5ec5c77b-e482-4ac4-adaa-cbdaadae6a77@group-24612A63177E-LeaderElection8] INFO  server.RaftServerConfigKeys (ConfUtils.java:logGet(43)) - raft.server.watch.element-limit = 65536 (default)
2019-10-13 09:56:32,832 [5ec5c77b-e482-4ac4-adaa-cbdaadae6a77@group-24612A63177E-LeaderElection8] INFO  impl.RoleInfo (RoleInfo.java:updateAndGet(143)) - 5ec5c77b-e482-4ac4-adaa-cbdaadae6a77: start LeaderState
2019-10-13 09:56:32,833 [5ec5c77b-e482-4ac4-adaa-cbdaadae6a77@group-24612A63177E-LeaderElection8] INFO  segmented.SegmentedRaftLogWorker (SegmentedRaftLogWorker.java:startLogSegment(385)) - 5ec5c77b-e482-4ac4-adaa-cbdaadae6a77@group-24612A63177E-SegmentedRaftLogWorker: Starting segment from index:0
2019-10-13 09:56:32,835 [5ec5c77b-e482-4ac4-adaa-cbdaadae6a77@group-24612A63177E-LeaderElection8] INFO  impl.RaftServerImpl (ServerState.java:setRaftConf(356)) - 5ec5c77b-e482-4ac4-adaa-cbdaadae6a77@group-24612A63177E: set configuration 0: [5ec5c77b-e482-4ac4-adaa-cbdaadae6a77:192.168.164.225:44259], old=null at 0
2019-10-13 09:56:33,178 [pool-97-thread-1] INFO  storage.RaftStorageDirectory (RaftStorageDirectory.java:tryLock(328)) - Lock on /workdir/hadoop-ozone/integration-test/target/test-dir/MiniOzoneClusterImpl-ab2c19e4-bd12-4d81-a7c2-cea9bc284305/datanode-2/data/ratis/f229792e-6b9a-4f74-9315-702171738496/in_use.lock acquired by nodename 6782@pr-hdds2071-28zjt-764321718
2019-10-13 09:56:33,178 [pool-77-thread-1] INFO  storage.RaftStorageDirectory (RaftStorageDirectory.java:tryLock(328)) - Lock on /workdir/hadoop-ozone/integration-test/target/test-dir/MiniOzoneClusterImpl-ab2c19e4-bd12-4d81-a7c2-cea9bc284305/datanode-0/data/ratis/f229792e-6b9a-4f74-9315-702171738496/in_use.lock acquired by nodename 6782@pr-hdds2071-28zjt-764321718
2019-10-13 09:56:33,178 [pool-87-thread-1] INFO  storage.RaftStorageDirectory (RaftStorageDirectory.java:tryLock(328)) - Lock on /workdir/hadoop-ozone/integration-test/target/test-dir/MiniOzoneClusterImpl-ab2c19e4-bd12-4d81-a7c2-cea9bc284305/datanode-1/data/ratis/f229792e-6b9a-4f74-9315-702171738496/in_use.lock acquired by nodename 6782@pr-hdds2071-28zjt-764321718
2019-10-13 09:56:33,664 [RATISCREATEPIPELINE2] ERROR pipeline.RatisPipelineProvider (RatisPipelineProvider.java:lambda$null$5(237)) - Failed invoke Ratis rpc org.apache.hadoop.hdds.scm.pipeline.RatisPipelineProvider$$Lambda$188/692758589@28c3cda9 for 5ec5c77b-e482-4ac4-adaa-cbdaadae6a77
org.apache.ratis.protocol.TimeoutIOException: deadline exceeded after 2999760975ns
	at org.apache.ratis.grpc.GrpcUtil.tryUnwrapException(GrpcUtil.java:82)
	at org.apache.ratis.grpc.GrpcUtil.unwrapException(GrpcUtil.java:75)
	at org.apache.ratis.grpc.client.GrpcClientProtocolClient.blockingCall(GrpcClientProtocolClient.java:184)
	at org.apache.ratis.grpc.client.GrpcClientProtocolClient.groupAdd(GrpcClientProtocolClient.java:153)
	at org.apache.ratis.grpc.client.GrpcClientRpc.sendRequest(GrpcClientRpc.java:94)
	at org.apache.ratis.client.impl.RaftClientImpl.sendRequest(RaftClientImpl.java:278)
	at org.apache.ratis.client.impl.RaftClientImpl.groupAdd(RaftClientImpl.java:205)
	at org.apache.hadoop.hdds.scm.pipeline.RatisPipelineProvider.lambda$initializePipeline$4(RatisPipelineProvider.java:198)
	at org.apache.hadoop.hdds.scm.pipeline.RatisPipelineProvider.lambda$null$5(RatisPipelineProvider.java:233)
	at java.util.stream.ForEachOps$ForEachOp$OfRef.accept(ForEachOps.java:184)
	at java.util.ArrayList$ArrayListSpliterator.forEachRemaining(ArrayList.java:1382)
	at java.util.stream.AbstractPipeline.copyInto(AbstractPipeline.java:482)
	at java.util.stream.ForEachOps$ForEachTask.compute(ForEachOps.java:291)
	at java.util.concurrent.CountedCompleter.exec(CountedCompleter.java:731)
	at java.util.concurrent.ForkJoinTask.doExec(ForkJoinTask.java:289)
	at java.util.concurrent.ForkJoinPool$WorkQueue.runTask(ForkJoinPool.java:1056)
	at java.util.concurrent.ForkJoinPool.runWorker(ForkJoinPool.java:1692)
	at java.util.concurrent.ForkJoinWorkerThread.run(ForkJoinWorkerThread.java:157)
Caused by: org.apache.ratis.thirdparty.io.grpc.StatusRuntimeException: DEADLINE_EXCEEDED: deadline exceeded after 2999760975ns
	at org.apache.ratis.thirdparty.io.grpc.stub.ClientCalls.toStatusRuntimeException(ClientCalls.java:233)
	at org.apache.ratis.thirdparty.io.grpc.stub.ClientCalls.getUnchecked(ClientCalls.java:214)
	at org.apache.ratis.thirdparty.io.grpc.stub.ClientCalls.blockingUnaryCall(ClientCalls.java:139)
	at org.apache.ratis.proto.grpc.AdminProtocolServiceGrpc$AdminProtocolServiceBlockingStub.groupManagement(AdminProtocolServiceGrpc.java:274)
	at org.apache.ratis.grpc.client.GrpcClientProtocolClient.lambda$groupAdd$3(GrpcClientProtocolClient.java:155)
	at org.apache.ratis.grpc.client.GrpcClientProtocolClient.blockingCall(GrpcClientProtocolClient.java:182)
	... 15 more
2019-10-13 09:56:33,665 [RATISCREATEPIPELINE3] ERROR pipeline.RatisPipelineProvider (RatisPipelineProvider.java:lambda$null$5(237)) - Failed invoke Ratis rpc org.apache.hadoop.hdds.scm.pipeline.RatisPipelineProvider$$Lambda$188/692758589@28c3cda9 for a1eedb78-e40d-4a86-8cc8-e22fbad1f292
org.apache.ratis.protocol.TimeoutIOException: deadline exceeded after 2999713871ns
	at org.apache.ratis.grpc.GrpcUtil.tryUnwrapException(GrpcUtil.java:82)
	at org.apache.ratis.grpc.GrpcUtil.unwrapException(GrpcUtil.java:75)
	at org.apache.ratis.grpc.client.GrpcClientProtocolClient.blockingCall(GrpcClientProtocolClient.java:184)
	at org.apache.ratis.grpc.client.GrpcClientProtocolClient.groupAdd(GrpcClientProtocolClient.java:153)
	at org.apache.ratis.grpc.client.GrpcClientRpc.sendRequest(GrpcClientRpc.java:94)
	at org.apache.ratis.client.impl.RaftClientImpl.sendRequest(RaftClientImpl.java:278)
	at org.apache.ratis.client.impl.RaftClientImpl.groupAdd(RaftClientImpl.java:205)
	at org.apache.hadoop.hdds.scm.pipeline.RatisPipelineProvider.lambda$initializePipeline$4(RatisPipelineProvider.java:198)
	at org.apache.hadoop.hdds.scm.pipeline.RatisPipelineProvider.lambda$null$5(RatisPipelineProvider.java:233)
	at java.util.stream.ForEachOps$ForEachOp$OfRef.accept(ForEachOps.java:184)
	at java.util.ArrayList$ArrayListSpliterator.forEachRemaining(ArrayList.java:1382)
	at java.util.stream.AbstractPipeline.copyInto(AbstractPipeline.java:482)
	at java.util.stream.ForEachOps$ForEachTask.compute(ForEachOps.java:291)
	at java.util.concurrent.CountedCompleter.exec(CountedCompleter.java:731)
	at java.util.concurrent.ForkJoinTask.doExec(ForkJoinTask.java:289)
	at java.util.concurrent.ForkJoinPool$WorkQueue.runTask(ForkJoinPool.java:1056)
	at java.util.concurrent.ForkJoinPool.runWorker(ForkJoinPool.java:1692)
	at java.util.concurrent.ForkJoinWorkerThread.run(ForkJoinWorkerThread.java:157)
Caused by: org.apache.ratis.thirdparty.io.grpc.StatusRuntimeException: DEADLINE_EXCEEDED: deadline exceeded after 2999713871ns
	at org.apache.ratis.thirdparty.io.grpc.stub.ClientCalls.toStatusRuntimeException(ClientCalls.java:233)
	at org.apache.ratis.thirdparty.io.grpc.stub.ClientCalls.getUnchecked(ClientCalls.java:214)
	at org.apache.ratis.thirdparty.io.grpc.stub.ClientCalls.blockingUnaryCall(ClientCalls.java:139)
	at org.apache.ratis.proto.grpc.AdminProtocolServiceGrpc$AdminProtocolServiceBlockingStub.groupManagement(AdminProtocolServiceGrpc.java:274)
	at org.apache.ratis.grpc.client.GrpcClientProtocolClient.lambda$groupAdd$3(GrpcClientProtocolClient.java:155)
	at org.apache.ratis.grpc.client.GrpcClientProtocolClient.blockingCall(GrpcClientProtocolClient.java:182)
	... 15 more
2019-10-13 09:56:33,665 [RATISCREATEPIPELINE1] ERROR pipeline.RatisPipelineProvider (RatisPipelineProvider.java:lambda$null$5(237)) - Failed invoke Ratis rpc org.apache.hadoop.hdds.scm.pipeline.RatisPipelineProvider$$Lambda$188/692758589@28c3cda9 for 2e39f6a9-a8a7-4bc7-ab66-c20f98d2b88e
org.apache.ratis.protocol.TimeoutIOException: deadline exceeded after 2999706685ns
	at org.apache.ratis.grpc.GrpcUtil.tryUnwrapException(GrpcUtil.java:82)
	at org.apache.ratis.grpc.GrpcUtil.unwrapException(GrpcUtil.java:75)
	at org.apache.ratis.grpc.client.GrpcClientProtocolClient.blockingCall(GrpcClientProtocolClient.java:184)
	at org.apache.ratis.grpc.client.GrpcClientProtocolClient.groupAdd(GrpcClientProtocolClient.java:153)
	at org.apache.ratis.grpc.client.GrpcClientRpc.sendRequest(GrpcClientRpc.java:94)
	at org.apache.ratis.client.impl.RaftClientImpl.sendRequest(RaftClientImpl.java:278)
	at org.apache.ratis.client.impl.RaftClientImpl.groupAdd(RaftClientImpl.java:205)
	at org.apache.hadoop.hdds.scm.pipeline.RatisPipelineProvider.lambda$initializePipeline$4(RatisPipelineProvider.java:198)
	at org.apache.hadoop.hdds.scm.pipeline.RatisPipelineProvider.lambda$null$5(RatisPipelineProvider.java:233)
	at java.util.stream.ForEachOps$ForEachOp$OfRef.accept(ForEachOps.java:184)
	at java.util.ArrayList$ArrayListSpliterator.forEachRemaining(ArrayList.java:1382)
	at java.util.stream.AbstractPipeline.copyInto(AbstractPipeline.java:482)
	at java.util.stream.ForEachOps$ForEachTask.compute(ForEachOps.java:291)
	at java.util.concurrent.CountedCompleter.exec(CountedCompleter.java:731)
	at java.util.concurrent.ForkJoinTask.doExec(ForkJoinTask.java:289)
	at java.util.concurrent.ForkJoinTask.doInvoke(ForkJoinTask.java:401)
	at java.util.concurrent.ForkJoinTask.invoke(ForkJoinTask.java:734)
	at java.util.stream.ForEachOps$ForEachOp.evaluateParallel(ForEachOps.java:160)
	at java.util.stream.ForEachOps$ForEachOp$OfRef.evaluateParallel(ForEachOps.java:174)
	at java.util.stream.AbstractPipeline.evaluate(AbstractPipeline.java:233)
	at java.util.stream.ReferencePipeline.forEach(ReferencePipeline.java:418)
	at java.util.stream.ReferencePipeline$Head.forEach(ReferencePipeline.java:583)
	at org.apache.hadoop.hdds.scm.pipeline.RatisPipelineProvider.lambda$callRatisRpc$6(RatisPipelineProvider.java:227)
	at java.util.concurrent.ForkJoinTask$AdaptedRunnableAction.exec(ForkJoinTask.java:1386)
	at java.util.concurrent.ForkJoinTask.doExec(ForkJoinTask.java:289)
	at java.util.concurrent.ForkJoinPool$WorkQueue.runTask(ForkJoinPool.java:1056)
	at java.util.concurrent.ForkJoinPool.runWorker(ForkJoinPool.java:1692)
	at java.util.concurrent.ForkJoinWorkerThread.run(ForkJoinWorkerThread.java:157)
Caused by: org.apache.ratis.thirdparty.io.grpc.StatusRuntimeException: DEADLINE_EXCEEDED: deadline exceeded after 2999706685ns
	at org.apache.ratis.thirdparty.io.grpc.stub.ClientCalls.toStatusRuntimeException(ClientCalls.java:233)
	at org.apache.ratis.thirdparty.io.grpc.stub.ClientCalls.getUnchecked(ClientCalls.java:214)
	at org.apache.ratis.thirdparty.io.grpc.stub.ClientCalls.blockingUnaryCall(ClientCalls.java:139)
	at org.apache.ratis.proto.grpc.AdminProtocolServiceGrpc$AdminProtocolServiceBlockingStub.groupManagement(AdminProtocolServiceGrpc.java:274)
	at org.apache.ratis.grpc.client.GrpcClientProtocolClient.lambda$groupAdd$3(GrpcClientProtocolClient.java:155)
	at org.apache.ratis.grpc.client.GrpcClientProtocolClient.blockingCall(GrpcClientProtocolClient.java:182)
	... 25 more
2019-10-13 09:56:33,669 [main] INFO  ozone.MiniOzoneClusterImpl (MiniOzoneClusterImpl.java:shutdown(314)) - Shutting down the Mini Ozone Cluster
2019-10-13 09:56:33,669 [ReplicationMonitor] INFO  container.ReplicationManager (ReplicationManager.java:run(225)) - Replication Monitor Thread took 6822 milliseconds for processing 0 containers.
2019-10-13 09:56:33,670 [main] INFO  ozone.MiniOzoneClusterImpl (MiniOzoneClusterImpl.java:stop(330)) - Stopping the Mini Ozone Cluster
2019-10-13 09:56:33,670 [main] INFO  ozone.MiniOzoneClusterImpl (MiniOzoneClusterImpl.java:stopOM(400)) - Stopping the OzoneManager
2019-10-13 09:56:33,670 [main] INFO  ipc.Server (Server.java:stop(3082)) - Stopping server on 34865
2019-10-13 09:56:33,677 [IPC Server listener on 34865] INFO  ipc.Server (Server.java:run(1185)) - Stopping IPC Server listener on 34865
2019-10-13 09:56:33,680 [main] INFO  ratis.OzoneManagerDoubleBuffer (OzoneManagerDoubleBuffer.java:stop(250)) - Stopping OMDoubleBuffer flush thread
2019-10-13 09:56:33,682 [IPC Server Responder] INFO  ipc.Server (Server.java:run(1319)) - Stopping IPC Server Responder
2019-10-13 09:56:33,692 [OMDoubleBufferFlushThread] INFO  ratis.OzoneManagerDoubleBuffer (OzoneManagerDoubleBuffer.java:flushTransactions(193)) - OMDoubleBuffer flush thread OMDoubleBufferFlushThread is interrupted and will exit. OMDoubleBufferFlushThread
2019-10-13 09:56:33,695 [main] INFO  utils.BackgroundService (BackgroundService.java:shutdown(151)) - Shutting down service KeyDeletingService
2019-10-13 09:56:33,707 [main] INFO  handler.ContextHandler (ContextHandler.java:doStop(910)) - Stopped o.e.j.w.WebAppContext@424de326{/,null,UNAVAILABLE}{/ozoneManager}
2019-10-13 09:56:33,708 [main] INFO  server.AbstractConnector (AbstractConnector.java:doStop(318)) - Stopped ServerConnector@4bc33720{HTTP/1.1,[http/1.1]}{0.0.0.0:0}
2019-10-13 09:56:33,708 [main] INFO  handler.ContextHandler (ContextHandler.java:doStop(910)) - Stopped o.e.j.s.ServletContextHandler@6f70a21b{/static,file:///workdir/hadoop-ozone/integration-test/target/test-classes/webapps/static,UNAVAILABLE}
2019-10-13 09:56:33,709 [main] INFO  handler.ContextHandler (ContextHandler.java:doStop(910)) - Stopped o.e.j.s.ServletContextHandler@2fcd7d3f{/logs,file:///workdir/hadoop-ozone/integration-test/target/log,UNAVAILABLE}
2019-10-13 09:56:33,714 [grpc-default-executor-2] INFO  impl.RaftServerProxy (RaftServerProxy.java:addNew(89)) - 5ec5c77b-e482-4ac4-adaa-cbdaadae6a77: addNew group-DE5BED3D1A7C:[2e39f6a9-a8a7-4bc7-ab66-c20f98d2b88e:192.168.164.225:36883, 5ec5c77b-e482-4ac4-adaa-cbdaadae6a77:192.168.164.225:44259, a1eedb78-e40d-4a86-8cc8-e22fbad1f292:192.168.164.225:43352] returns group-DE5BED3D1A7C:java.util.concurrent.CompletableFuture@602180d7[Not completed]
2019-10-13 09:56:33,714 [grpc-default-executor-1] INFO  impl.RaftServerProxy (RaftServerProxy.java:addNew(89)) - 2e39f6a9-a8a7-4bc7-ab66-c20f98d2b88e: addNew group-DE5BED3D1A7C:[2e39f6a9-a8a7-4bc7-ab66-c20f98d2b88e:192.168.164.225:36883, 5ec5c77b-e482-4ac4-adaa-cbdaadae6a77:192.168.164.225:44259, a1eedb78-e40d-4a86-8cc8-e22fbad1f292:192.168.164.225:43352] returns group-DE5BED3D1A7C:java.util.concurrent.CompletableFuture@1a6df4ac[Not completed]
2019-10-13 09:56:33,714 [grpc-default-executor-0] INFO  impl.RaftServerProxy (RaftServerProxy.java:addNew(89)) - a1eedb78-e40d-4a86-8cc8-e22fbad1f292: addNew group-DE5BED3D1A7C:[2e39f6a9-a8a7-4bc7-ab66-c20f98d2b88e:192.168.164.225:36883, 5ec5c77b-e482-4ac4-adaa-cbdaadae6a77:192.168.164.225:44259, a1eedb78-e40d-4a86-8cc8-e22fbad1f292:192.168.164.225:43352] returns group-DE5BED3D1A7C:java.util.concurrent.CompletableFuture@5ed19fb8[Not completed]
2019-10-13 09:56:34,099 [2e39f6a9-a8a7-4bc7-ab66-c20f98d2b88e@group-DED65B60FD4F-LeaderElection9] INFO  impl.LeaderElection (LeaderElection.java:askForVotes(178)) - 2e39f6a9-a8a7-4bc7-ab66-c20f98d2b88e@group-DED65B60FD4F-LeaderElection9: begin an election at term 1 for -1: [2e39f6a9-a8a7-4bc7-ab66-c20f98d2b88e:192.168.164.225:36883], old=null
2019-10-13 09:56:34,100 [2e39f6a9-a8a7-4bc7-ab66-c20f98d2b88e@group-DED65B60FD4F-LeaderElection9] INFO  impl.RoleInfo (RoleInfo.java:shutdownLeaderElection(134)) - 2e39f6a9-a8a7-4bc7-ab66-c20f98d2b88e: shutdown LeaderElection
2019-10-13 09:56:34,100 [2e39f6a9-a8a7-4bc7-ab66-c20f98d2b88e@group-DED65B60FD4F-LeaderElection9] INFO  impl.RaftServerImpl (RaftServerImpl.java:setRole(170)) - 2e39f6a9-a8a7-4bc7-ab66-c20f98d2b88e@group-DED65B60FD4F: changes role from CANDIDATE to LEADER at term 1 for changeToLeader
2019-10-13 09:56:34,100 [2e39f6a9-a8a7-4bc7-ab66-c20f98d2b88e@group-DED65B60FD4F-LeaderElection9] INFO  impl.RaftServerImpl (ServerState.java:setLeader(255)) - 2e39f6a9-a8a7-4bc7-ab66-c20f98d2b88e@group-DED65B60FD4F: change Leader from null to 2e39f6a9-a8a7-4bc7-ab66-c20f98d2b88e at term 1 for becomeLeader, leader elected after 8671ms
2019-10-13 09:56:34,102 [2e39f6a9-a8a7-4bc7-ab66-c20f98d2b88e@group-DED65B60FD4F-LeaderElection9] INFO  server.RaftServerConfigKeys (ConfUtils.java:logGet(43)) - raft.server.staging.catchup.gap = 1000 (default)
2019-10-13 09:56:34,102 [main] INFO  ozone.MiniOzoneClusterImpl (MiniOzoneClusterImpl.java:stopDatanodes(377)) - Stopping the HddsDatanodes
2019-10-13 09:56:34,102 [2e39f6a9-a8a7-4bc7-ab66-c20f98d2b88e@group-DED65B60FD4F-LeaderElection9] INFO  server.RaftServerConfigKeys (ConfUtils.java:logGet(43)) - raft.server.rpc.sleep.time = 25ms (default)
2019-10-13 09:56:34,103 [2e39f6a9-a8a7-4bc7-ab66-c20f98d2b88e@group-DED65B60FD4F-LeaderElection9] INFO  server.RaftServerConfigKeys (ConfUtils.java:logGet(43)) - raft.server.write.element-limit = 4096 (default)
2019-10-13 09:56:34,103 [2e39f6a9-a8a7-4bc7-ab66-c20f98d2b88e@group-DED65B60FD4F-LeaderElection9] INFO  server.RaftServerConfigKeys (ConfUtils.java:logGet(43)) - raft.server.watch.timeout = 10s (default)
2019-10-13 09:56:34,103 [2e39f6a9-a8a7-4bc7-ab66-c20f98d2b88e@group-DED65B60FD4F-LeaderElection9] INFO  server.RaftServerConfigKeys (ConfUtils.java:logGet(43)) - raft.server.watch.timeout.denomination = 1s (default)
2019-10-13 09:56:34,103 [2e39f6a9-a8a7-4bc7-ab66-c20f98d2b88e@group-DED65B60FD4F-LeaderElection9] INFO  server.RaftServerConfigKeys (ConfUtils.java:logGet(43)) - raft.server.watch.element-limit = 65536 (default)
2019-10-13 09:56:34,107 [2e39f6a9-a8a7-4bc7-ab66-c20f98d2b88e@group-DED65B60FD4F-LeaderElection9] INFO  impl.RoleInfo (RoleInfo.java:updateAndGet(143)) - 2e39f6a9-a8a7-4bc7-ab66-c20f98d2b88e: start LeaderState
2019-10-13 09:56:34,108 [2e39f6a9-a8a7-4bc7-ab66-c20f98d2b88e@group-DED65B60FD4F-LeaderElection9] INFO  segmented.SegmentedRaftLogWorker (SegmentedRaftLogWorker.java:startLogSegment(385)) - 2e39f6a9-a8a7-4bc7-ab66-c20f98d2b88e@group-DED65B60FD4F-SegmentedRaftLogWorker: Starting segment from index:0
2019-10-13 09:56:34,108 [2e39f6a9-a8a7-4bc7-ab66-c20f98d2b88e@group-DED65B60FD4F-LeaderElection9] INFO  impl.RaftServerImpl (ServerState.java:setRaftConf(356)) - 2e39f6a9-a8a7-4bc7-ab66-c20f98d2b88e@group-DED65B60FD4F: set configuration 0: [2e39f6a9-a8a7-4bc7-ab66-c20f98d2b88e:192.168.164.225:36883], old=null at 0
2019-10-13 09:56:34,339 [5ec5c77b-e482-4ac4-adaa-cbdaadae6a77@group-24612A63177E-SegmentedRaftLogWorker] INFO  segmented.SegmentedRaftLogWorker (SegmentedRaftLogWorker.java:execute(574)) - 5ec5c77b-e482-4ac4-adaa-cbdaadae6a77@group-24612A63177E-SegmentedRaftLogWorker: created new log segment /workdir/hadoop-ozone/integration-test/target/test-dir/MiniOzoneClusterImpl-ab2c19e4-bd12-4d81-a7c2-cea9bc284305/datanode-0/data/ratis/c675a530-2d4a-46f1-a315-24612a63177e/current/log_inprogress_0
2019-10-13 09:56:34,339 [a1eedb78-e40d-4a86-8cc8-e22fbad1f292@group-B9197D35BAD3-LeaderElection10] INFO  impl.LeaderElection (LeaderElection.java:askForVotes(178)) - a1eedb78-e40d-4a86-8cc8-e22fbad1f292@group-B9197D35BAD3-LeaderElection10: begin an election at term 1 for -1: [a1eedb78-e40d-4a86-8cc8-e22fbad1f292:192.168.164.225:43352], old=null
2019-10-13 09:56:34,340 [a1eedb78-e40d-4a86-8cc8-e22fbad1f292@group-B9197D35BAD3-LeaderElection10] INFO  impl.RoleInfo (RoleInfo.java:shutdownLeaderElection(134)) - a1eedb78-e40d-4a86-8cc8-e22fbad1f292: shutdown LeaderElection
2019-10-13 09:56:34,340 [a1eedb78-e40d-4a86-8cc8-e22fbad1f292@group-B9197D35BAD3-LeaderElection10] INFO  impl.RaftServerImpl (RaftServerImpl.java:setRole(170)) - a1eedb78-e40d-4a86-8cc8-e22fbad1f292@group-B9197D35BAD3: changes role from CANDIDATE to LEADER at term 1 for changeToLeader
2019-10-13 09:56:34,340 [a1eedb78-e40d-4a86-8cc8-e22fbad1f292@group-B9197D35BAD3-LeaderElection10] INFO  impl.RaftServerImpl (ServerState.java:setLeader(255)) - a1eedb78-e40d-4a86-8cc8-e22fbad1f292@group-B9197D35BAD3: change Leader from null to a1eedb78-e40d-4a86-8cc8-e22fbad1f292 at term 1 for becomeLeader, leader elected after 6729ms
2019-10-13 09:56:34,340 [a1eedb78-e40d-4a86-8cc8-e22fbad1f292@group-B9197D35BAD3-LeaderElection10] INFO  server.RaftServerConfigKeys (ConfUtils.java:logGet(43)) - raft.server.staging.catchup.gap = 1000 (default)
2019-10-13 09:56:34,340 [a1eedb78-e40d-4a86-8cc8-e22fbad1f292@group-B9197D35BAD3-LeaderElection10] INFO  server.RaftServerConfigKeys (ConfUtils.java:logGet(43)) - raft.server.rpc.sleep.time = 25ms (default)
2019-10-13 09:56:34,341 [a1eedb78-e40d-4a86-8cc8-e22fbad1f292@group-B9197D35BAD3-LeaderElection10] INFO  server.RaftServerConfigKeys (ConfUtils.java:logGet(43)) - raft.server.write.element-limit = 4096 (default)
2019-10-13 09:56:34,341 [a1eedb78-e40d-4a86-8cc8-e22fbad1f292@group-B9197D35BAD3-LeaderElection10] INFO  server.RaftServerConfigKeys (ConfUtils.java:logGet(43)) - raft.server.watch.timeout = 10s (default)
2019-10-13 09:56:34,341 [a1eedb78-e40d-4a86-8cc8-e22fbad1f292@group-B9197D35BAD3-LeaderElection10] INFO  server.RaftServerConfigKeys (ConfUtils.java:logGet(43)) - raft.server.watch.timeout.denomination = 1s (default)
2019-10-13 09:56:34,341 [a1eedb78-e40d-4a86-8cc8-e22fbad1f292@group-B9197D35BAD3-LeaderElection10] INFO  server.RaftServerConfigKeys (ConfUtils.java:logGet(43)) - raft.server.watch.element-limit = 65536 (default)
2019-10-13 09:56:34,344 [a1eedb78-e40d-4a86-8cc8-e22fbad1f292@group-B9197D35BAD3-LeaderElection10] INFO  impl.RoleInfo (RoleInfo.java:updateAndGet(143)) - a1eedb78-e40d-4a86-8cc8-e22fbad1f292: start LeaderState
2019-10-13 09:56:34,344 [a1eedb78-e40d-4a86-8cc8-e22fbad1f292@group-B9197D35BAD3-LeaderElection10] INFO  segmented.SegmentedRaftLogWorker (SegmentedRaftLogWorker.java:startLogSegment(385)) - a1eedb78-e40d-4a86-8cc8-e22fbad1f292@group-B9197D35BAD3-SegmentedRaftLogWorker: Starting segment from index:0
2019-10-13 09:56:34,345 [a1eedb78-e40d-4a86-8cc8-e22fbad1f292@group-B9197D35BAD3-LeaderElection10] INFO  impl.RaftServerImpl (ServerState.java:setRaftConf(356)) - a1eedb78-e40d-4a86-8cc8-e22fbad1f292@group-B9197D35BAD3: set configuration 0: [a1eedb78-e40d-4a86-8cc8-e22fbad1f292:192.168.164.225:43352], old=null at 0
2019-10-13 09:56:34,833 [Datanode State Machine Thread - 0] INFO  statemachine.DatanodeStateMachine (DatanodeStateMachine.java:lambda$startDaemon$0(350)) - Ozone container server started.
2019-10-13 09:56:35,037 [Datanode State Machine Thread - 0] INFO  statemachine.DatanodeStateMachine (DatanodeStateMachine.java:lambda$startDaemon$0(350)) - Ozone container server started.
2019-10-13 09:56:35,192 [Thread-415] INFO  impl.FollowerState (FollowerState.java:run(108)) - 5ec5c77b-e482-4ac4-adaa-cbdaadae6a77@group-9886E0AC82D1-FollowerState: change to CANDIDATE, lastRpcTime:5183ms, electionTimeout:5183ms
2019-10-13 09:56:35,193 [Thread-415] INFO  impl.RoleInfo (RoleInfo.java:shutdownFollowerState(121)) - 5ec5c77b-e482-4ac4-adaa-cbdaadae6a77: shutdown FollowerState
2019-10-13 09:56:35,193 [Thread-415] INFO  impl.RaftServerImpl (RaftServerImpl.java:setRole(170)) - 5ec5c77b-e482-4ac4-adaa-cbdaadae6a77@group-9886E0AC82D1: changes role from  FOLLOWER to CANDIDATE at term 0 for changeToCandidate
2019-10-13 09:56:35,193 [Thread-415] INFO  impl.RoleInfo (RoleInfo.java:updateAndGet(143)) - 5ec5c77b-e482-4ac4-adaa-cbdaadae6a77: start LeaderElection
2019-10-13 09:56:35,877 [2e39f6a9-a8a7-4bc7-ab66-c20f98d2b88e@group-DED65B60FD4F-SegmentedRaftLogWorker] INFO  segmented.SegmentedRaftLogWorker (SegmentedRaftLogWorker.java:execute(574)) - 2e39f6a9-a8a7-4bc7-ab66-c20f98d2b88e@group-DED65B60FD4F-SegmentedRaftLogWorker: created new log segment /workdir/hadoop-ozone/integration-test/target/test-dir/MiniOzoneClusterImpl-ab2c19e4-bd12-4d81-a7c2-cea9bc284305/datanode-1/data/ratis/e6eb629e-7bdc-4a81-957f-ded65b60fd4f/current/log_inprogress_0
2019-10-13 09:56:36,700 [RATISCREATEPIPELINE3] ERROR pipeline.RatisPipelineProvider (RatisPipelineProvider.java:lambda$null$5(237)) - Failed invoke Ratis rpc org.apache.hadoop.hdds.scm.pipeline.RatisPipelineProvider$$Lambda$188/692758589@1a1eb0a6 for 5ec5c77b-e482-4ac4-adaa-cbdaadae6a77
org.apache.ratis.protocol.TimeoutIOException: deadline exceeded after 2992142734ns
	at org.apache.ratis.grpc.GrpcUtil.tryUnwrapException(GrpcUtil.java:82)
	at org.apache.ratis.grpc.GrpcUtil.unwrapException(GrpcUtil.java:75)
	at org.apache.ratis.grpc.client.GrpcClientProtocolClient.blockingCall(GrpcClientProtocolClient.java:184)
	at org.apache.ratis.grpc.client.GrpcClientProtocolClient.groupAdd(GrpcClientProtocolClient.java:153)
	at org.apache.ratis.grpc.client.GrpcClientRpc.sendRequest(GrpcClientRpc.java:94)
	at org.apache.ratis.client.impl.RaftClientImpl.sendRequest(RaftClientImpl.java:278)
	at org.apache.ratis.client.impl.RaftClientImpl.groupAdd(RaftClientImpl.java:205)
	at org.apache.hadoop.hdds.scm.pipeline.RatisPipelineProvider.lambda$initializePipeline$4(RatisPipelineProvider.java:198)
	at org.apache.hadoop.hdds.scm.pipeline.RatisPipelineProvider.lambda$null$5(RatisPipelineProvider.java:233)
	at java.util.stream.ForEachOps$ForEachOp$OfRef.accept(ForEachOps.java:184)
	at java.util.ArrayList$ArrayListSpliterator.forEachRemaining(ArrayList.java:1382)
	at java.util.stream.AbstractPipeline.copyInto(AbstractPipeline.java:482)
	at java.util.stream.ForEachOps$ForEachTask.compute(ForEachOps.java:291)
	at java.util.concurrent.CountedCompleter.exec(CountedCompleter.java:731)
	at java.util.concurrent.ForkJoinTask.doExec(ForkJoinTask.java:289)
	at java.util.concurrent.ForkJoinPool$WorkQueue.runTask(ForkJoinPool.java:1056)
	at java.util.concurrent.ForkJoinPool.runWorker(ForkJoinPool.java:1692)
	at java.util.concurrent.ForkJoinWorkerThread.run(ForkJoinWorkerThread.java:157)
Caused by: org.apache.ratis.thirdparty.io.grpc.StatusRuntimeException: DEADLINE_EXCEEDED: deadline exceeded after 2992142734ns
	at org.apache.ratis.thirdparty.io.grpc.stub.ClientCalls.toStatusRuntimeException(ClientCalls.java:233)
	at org.apache.ratis.thirdparty.io.grpc.stub.ClientCalls.getUnchecked(ClientCalls.java:214)
	at org.apache.ratis.thirdparty.io.grpc.stub.ClientCalls.blockingUnaryCall(ClientCalls.java:139)
	at org.apache.ratis.proto.grpc.AdminProtocolServiceGrpc$AdminProtocolServiceBlockingStub.groupManagement(AdminProtocolServiceGrpc.java:274)
	at org.apache.ratis.grpc.client.GrpcClientProtocolClient.lambda$groupAdd$3(GrpcClientProtocolClient.java:155)
	at org.apache.ratis.grpc.client.GrpcClientProtocolClient.blockingCall(GrpcClientProtocolClient.java:182)
	... 15 more
2019-10-13 09:56:36,701 [RATISCREATEPIPELINE2] ERROR pipeline.RatisPipelineProvider (RatisPipelineProvider.java:lambda$null$5(237)) - Failed invoke Ratis rpc org.apache.hadoop.hdds.scm.pipeline.RatisPipelineProvider$$Lambda$188/692758589@1a1eb0a6 for a1eedb78-e40d-4a86-8cc8-e22fbad1f292
org.apache.ratis.protocol.TimeoutIOException: deadline exceeded after 2996087164ns
	at org.apache.ratis.grpc.GrpcUtil.tryUnwrapException(GrpcUtil.java:82)
	at org.apache.ratis.grpc.GrpcUtil.unwrapException(GrpcUtil.java:75)
	at org.apache.ratis.grpc.client.GrpcClientProtocolClient.blockingCall(GrpcClientProtocolClient.java:184)
	at org.apache.ratis.grpc.client.GrpcClientProtocolClient.groupAdd(GrpcClientProtocolClient.java:153)
	at org.apache.ratis.grpc.client.GrpcClientRpc.sendRequest(GrpcClientRpc.java:94)
	at org.apache.ratis.client.impl.RaftClientImpl.sendRequest(RaftClientImpl.java:278)
	at org.apache.ratis.client.impl.RaftClientImpl.groupAdd(RaftClientImpl.java:205)
	at org.apache.hadoop.hdds.scm.pipeline.RatisPipelineProvider.lambda$initializePipeline$4(RatisPipelineProvider.java:198)
	at org.apache.hadoop.hdds.scm.pipeline.RatisPipelineProvider.lambda$null$5(RatisPipelineProvider.java:233)
	at java.util.stream.ForEachOps$ForEachOp$OfRef.accept(ForEachOps.java:184)
	at java.util.ArrayList$ArrayListSpliterator.forEachRemaining(ArrayList.java:1382)
	at java.util.stream.AbstractPipeline.copyInto(AbstractPipeline.java:482)
	at java.util.stream.ForEachOps$ForEachTask.compute(ForEachOps.java:291)
	at java.util.concurrent.CountedCompleter.exec(CountedCompleter.java:731)
	at java.util.concurrent.ForkJoinTask.doExec(ForkJoinTask.java:289)
	at java.util.concurrent.ForkJoinPool$WorkQueue.runTask(ForkJoinPool.java:1056)
	at java.util.concurrent.ForkJoinPool.runWorker(ForkJoinPool.java:1692)
	at java.util.concurrent.ForkJoinWorkerThread.run(ForkJoinWorkerThread.java:157)
Caused by: org.apache.ratis.thirdparty.io.grpc.StatusRuntimeException: DEADLINE_EXCEEDED: deadline exceeded after 2996087164ns
	at org.apache.ratis.thirdparty.io.grpc.stub.ClientCalls.toStatusRuntimeException(ClientCalls.java:233)
	at org.apache.ratis.thirdparty.io.grpc.stub.ClientCalls.getUnchecked(ClientCalls.java:214)
	at org.apache.ratis.thirdparty.io.grpc.stub.ClientCalls.blockingUnaryCall(ClientCalls.java:139)
	at org.apache.ratis.proto.grpc.AdminProtocolServiceGrpc$AdminProtocolServiceBlockingStub.groupManagement(AdminProtocolServiceGrpc.java:274)
	at org.apache.ratis.grpc.client.GrpcClientProtocolClient.lambda$groupAdd$3(GrpcClientProtocolClient.java:155)
	at org.apache.ratis.grpc.client.GrpcClientProtocolClient.blockingCall(GrpcClientProtocolClient.java:182)
	... 15 more
2019-10-13 09:56:36,700 [RATISCREATEPIPELINE1] ERROR pipeline.RatisPipelineProvider (RatisPipelineProvider.java:lambda$null$5(237)) - Failed invoke Ratis rpc org.apache.hadoop.hdds.scm.pipeline.RatisPipelineProvider$$Lambda$188/692758589@1a1eb0a6 for 2e39f6a9-a8a7-4bc7-ab66-c20f98d2b88e
org.apache.ratis.protocol.TimeoutIOException: deadline exceeded after 2986260101ns
	at org.apache.ratis.grpc.GrpcUtil.tryUnwrapException(GrpcUtil.java:82)
	at org.apache.ratis.grpc.GrpcUtil.unwrapException(GrpcUtil.java:75)
	at org.apache.ratis.grpc.client.GrpcClientProtocolClient.blockingCall(GrpcClientProtocolClient.java:184)
	at org.apache.ratis.grpc.client.GrpcClientProtocolClient.groupAdd(GrpcClientProtocolClient.java:153)
	at org.apache.ratis.grpc.client.GrpcClientRpc.sendRequest(GrpcClientRpc.java:94)
	at org.apache.ratis.client.impl.RaftClientImpl.sendRequest(RaftClientImpl.java:278)
	at org.apache.ratis.client.impl.RaftClientImpl.groupAdd(RaftClientImpl.java:205)
	at org.apache.hadoop.hdds.scm.pipeline.RatisPipelineProvider.lambda$initializePipeline$4(RatisPipelineProvider.java:198)
	at org.apache.hadoop.hdds.scm.pipeline.RatisPipelineProvider.lambda$null$5(RatisPipelineProvider.java:233)
	at java.util.stream.ForEachOps$ForEachOp$OfRef.accept(ForEachOps.java:184)
	at java.util.ArrayList$ArrayListSpliterator.forEachRemaining(ArrayList.java:1382)
	at java.util.stream.AbstractPipeline.copyInto(AbstractPipeline.java:482)
	at java.util.stream.ForEachOps$ForEachTask.compute(ForEachOps.java:291)
	at java.util.concurrent.CountedCompleter.exec(CountedCompleter.java:731)
	at java.util.concurrent.ForkJoinTask.doExec(ForkJoinTask.java:289)
	at java.util.concurrent.ForkJoinTask.doInvoke(ForkJoinTask.java:401)
	at java.util.concurrent.ForkJoinTask.invoke(ForkJoinTask.java:734)
	at java.util.stream.ForEachOps$ForEachOp.evaluateParallel(ForEachOps.java:160)
	at java.util.stream.ForEachOps$ForEachOp$OfRef.evaluateParallel(ForEachOps.java:174)
	at java.util.stream.AbstractPipeline.evaluate(AbstractPipeline.java:233)
	at java.util.stream.ReferencePipeline.forEach(ReferencePipeline.java:418)
	at java.util.stream.ReferencePipeline$Head.forEach(ReferencePipeline.java:583)
	at org.apache.hadoop.hdds.scm.pipeline.RatisPipelineProvider.lambda$callRatisRpc$6(RatisPipelineProvider.java:227)
	at java.util.concurrent.ForkJoinTask$AdaptedRunnableAction.exec(ForkJoinTask.java:1386)
	at java.util.concurrent.ForkJoinTask.doExec(ForkJoinTask.java:289)
	at java.util.concurrent.ForkJoinPool$WorkQueue.runTask(ForkJoinPool.java:1056)
	at java.util.concurrent.ForkJoinPool.runWorker(ForkJoinPool.java:1692)
	at java.util.concurrent.ForkJoinWorkerThread.run(ForkJoinWorkerThread.java:157)
Caused by: org.apache.ratis.thirdparty.io.grpc.StatusRuntimeException: DEADLINE_EXCEEDED: deadline exceeded after 2986260101ns
	at org.apache.ratis.thirdparty.io.grpc.stub.ClientCalls.toStatusRuntimeException(ClientCalls.java:233)
	at org.apache.ratis.thirdparty.io.grpc.stub.ClientCalls.getUnchecked(ClientCalls.java:214)
	at org.apache.ratis.thirdparty.io.grpc.stub.ClientCalls.blockingUnaryCall(ClientCalls.java:139)
	at org.apache.ratis.proto.grpc.AdminProtocolServiceGrpc$AdminProtocolServiceBlockingStub.groupManagement(AdminProtocolServiceGrpc.java:274)
	at org.apache.ratis.grpc.client.GrpcClientProtocolClient.lambda$groupAdd$3(GrpcClientProtocolClient.java:155)
	at org.apache.ratis.grpc.client.GrpcClientProtocolClient.blockingCall(GrpcClientProtocolClient.java:182)
	... 25 more
2019-10-13 09:56:37,182 [pool-87-thread-1] INFO  storage.RaftStorage (RaftStorage.java:format(84)) - Storage directory /workdir/hadoop-ozone/integration-test/target/test-dir/MiniOzoneClusterImpl-ab2c19e4-bd12-4d81-a7c2-cea9bc284305/datanode-1/data/ratis/f229792e-6b9a-4f74-9315-702171738496 has been successfully formatted.
2019-10-13 09:56:37,182 [pool-77-thread-1] INFO  storage.RaftStorage (RaftStorage.java:format(84)) - Storage directory /workdir/hadoop-ozone/integration-test/target/test-dir/MiniOzoneClusterImpl-ab2c19e4-bd12-4d81-a7c2-cea9bc284305/datanode-0/data/ratis/f229792e-6b9a-4f74-9315-702171738496 has been successfully formatted.
2019-10-13 09:56:37,182 [pool-97-thread-1] INFO  storage.RaftStorage (RaftStorage.java:format(84)) - Storage directory /workdir/hadoop-ozone/integration-test/target/test-dir/MiniOzoneClusterImpl-ab2c19e4-bd12-4d81-a7c2-cea9bc284305/datanode-2/data/ratis/f229792e-6b9a-4f74-9315-702171738496 has been successfully formatted.
2019-10-13 09:56:37,183 [pool-87-thread-1] INFO  ratis.ContainerStateMachine (ContainerStateMachine.java:loadSnapshot(231)) - group-702171738496: The snapshot info is null. Setting the last applied indexto:(t:0, i:~)
2019-10-13 09:56:37,183 [pool-77-thread-1] INFO  ratis.ContainerStateMachine (ContainerStateMachine.java:loadSnapshot(231)) - group-702171738496: The snapshot info is null. Setting the last applied indexto:(t:0, i:~)
2019-10-13 09:56:37,183 [pool-97-thread-1] INFO  ratis.ContainerStateMachine (ContainerStateMachine.java:loadSnapshot(231)) - group-702171738496: The snapshot info is null. Setting the last applied indexto:(t:0, i:~)
2019-10-13 09:56:37,183 [pool-87-thread-1] INFO  server.RaftServerConfigKeys (ConfUtils.java:logGet(43)) - raft.server.notification.no-leader.timeout = 120s (custom)
2019-10-13 09:56:37,183 [pool-97-thread-1] INFO  server.RaftServerConfigKeys (ConfUtils.java:logGet(43)) - raft.server.notification.no-leader.timeout = 120s (custom)
2019-10-13 09:56:37,183 [pool-77-thread-1] INFO  server.RaftServerConfigKeys (ConfUtils.java:logGet(43)) - raft.server.notification.no-leader.timeout = 120s (custom)
2019-10-13 09:56:37,184 [pool-97-thread-1] INFO  server.RaftServerConfigKeys (ConfUtils.java:logGet(43)) - raft.server.log.use.memory = false (default)
2019-10-13 09:56:37,184 [pool-87-thread-1] INFO  server.RaftServerConfigKeys (ConfUtils.java:logGet(43)) - raft.server.log.use.memory = false (default)
2019-10-13 09:56:37,184 [pool-97-thread-1] INFO  server.RaftServerConfigKeys (ConfUtils.java:logGet(43)) - raft.server.log.purge.gap = 1000000 (custom)
2019-10-13 09:56:37,184 [pool-77-thread-1] INFO  server.RaftServerConfigKeys (ConfUtils.java:logGet(43)) - raft.server.log.use.memory = false (default)
2019-10-13 09:56:37,184 [pool-97-thread-1] INFO  server.RaftServerConfigKeys (ConfUtils.java:logGet(43)) - raft.server.log.appender.buffer.byte-limit = 33554432 (custom)
2019-10-13 09:56:37,184 [pool-87-thread-1] INFO  server.RaftServerConfigKeys (ConfUtils.java:logGet(43)) - raft.server.log.purge.gap = 1000000 (custom)
2019-10-13 09:56:37,185 [pool-97-thread-1] INFO  server.RaftServerConfigKeys (ConfUtils.java:logGet(43)) - raft.server.log.segment.size.max = 1048576 (custom)
2019-10-13 09:56:37,184 [pool-77-thread-1] INFO  server.RaftServerConfigKeys (ConfUtils.java:logGet(43)) - raft.server.log.purge.gap = 1000000 (custom)
2019-10-13 09:56:37,185 [pool-97-thread-1] INFO  server.RaftServerConfigKeys (ConfUtils.java:logGet(43)) - raft.server.log.segment.cache.num.max = 2 (custom)
2019-10-13 09:56:37,185 [pool-87-thread-1] INFO  server.RaftServerConfigKeys (ConfUtils.java:logGet(43)) - raft.server.log.appender.buffer.byte-limit = 33554432 (custom)
2019-10-13 09:56:37,185 [pool-97-thread-1] INFO  segmented.SegmentedRaftLogWorker (SegmentedRaftLogWorker.java:<init>(173)) - new a1eedb78-e40d-4a86-8cc8-e22fbad1f292@group-702171738496-SegmentedRaftLogWorker for RaftStorage:Storage Directory /workdir/hadoop-ozone/integration-test/target/test-dir/MiniOzoneClusterImpl-ab2c19e4-bd12-4d81-a7c2-cea9bc284305/datanode-2/data/ratis/f229792e-6b9a-4f74-9315-702171738496
2019-10-13 09:56:37,185 [pool-77-thread-1] INFO  server.RaftServerConfigKeys (ConfUtils.java:logGet(43)) - raft.server.log.appender.buffer.byte-limit = 33554432 (custom)
2019-10-13 09:56:37,185 [pool-97-thread-1] INFO  server.RaftServerConfigKeys (ConfUtils.java:logGet(43)) - raft.server.log.queue.byte-limit = 2147483647 (custom)
2019-10-13 09:56:37,185 [pool-87-thread-1] INFO  server.RaftServerConfigKeys (ConfUtils.java:logGet(43)) - raft.server.log.segment.size.max = 1048576 (custom)
2019-10-13 09:56:37,186 [pool-97-thread-1] INFO  server.RaftServerConfigKeys (ConfUtils.java:logGet(43)) - raft.server.log.queue.element-limit = 1024 (custom)
2019-10-13 09:56:37,186 [pool-77-thread-1] INFO  server.RaftServerConfigKeys (ConfUtils.java:logGet(43)) - raft.server.log.segment.size.max = 1048576 (custom)
2019-10-13 09:56:37,186 [pool-97-thread-1] INFO  server.RaftServerConfigKeys (ConfUtils.java:logGet(43)) - raft.server.log.segment.size.max = 1048576 (custom)
2019-10-13 09:56:37,186 [pool-87-thread-1] INFO  server.RaftServerConfigKeys (ConfUtils.java:logGet(43)) - raft.server.log.segment.cache.num.max = 2 (custom)
2019-10-13 09:56:37,186 [pool-97-thread-1] INFO  server.RaftServerConfigKeys (ConfUtils.java:logGet(43)) - raft.server.log.preallocated.size = 16384 (custom)
2019-10-13 09:56:37,186 [pool-77-thread-1] INFO  server.RaftServerConfigKeys (ConfUtils.java:logGet(43)) - raft.server.log.segment.cache.num.max = 2 (custom)
2019-10-13 09:56:37,187 [pool-97-thread-1] INFO  server.RaftServerConfigKeys (ConfUtils.java:logGet(43)) - raft.server.log.write.buffer.size = 33554432 (custom)
2019-10-13 09:56:37,187 [pool-87-thread-1] INFO  segmented.SegmentedRaftLogWorker (SegmentedRaftLogWorker.java:<init>(173)) - new 2e39f6a9-a8a7-4bc7-ab66-c20f98d2b88e@group-702171738496-SegmentedRaftLogWorker for RaftStorage:Storage Directory /workdir/hadoop-ozone/integration-test/target/test-dir/MiniOzoneClusterImpl-ab2c19e4-bd12-4d81-a7c2-cea9bc284305/datanode-1/data/ratis/f229792e-6b9a-4f74-9315-702171738496
2019-10-13 09:56:37,187 [pool-97-thread-1] INFO  server.RaftServerConfigKeys (ConfUtils.java:logGet(43)) - raft.server.log.force.sync.num = 128 (default)
2019-10-13 09:56:37,187 [pool-77-thread-1] INFO  segmented.SegmentedRaftLogWorker (SegmentedRaftLogWorker.java:<init>(173)) - new 5ec5c77b-e482-4ac4-adaa-cbdaadae6a77@group-702171738496-SegmentedRaftLogWorker for RaftStorage:Storage Directory /workdir/hadoop-ozone/integration-test/target/test-dir/MiniOzoneClusterImpl-ab2c19e4-bd12-4d81-a7c2-cea9bc284305/datanode-0/data/ratis/f229792e-6b9a-4f74-9315-702171738496
2019-10-13 09:56:37,187 [pool-97-thread-1] INFO  server.RaftServerConfigKeys (ConfUtils.java:logGet(43)) - raft.server.log.statemachine.data.sync = true (default)
2019-10-13 09:56:37,187 [pool-87-thread-1] INFO  server.RaftServerConfigKeys (ConfUtils.java:logGet(43)) - raft.server.log.queue.byte-limit = 2147483647 (custom)
2019-10-13 09:56:37,188 [pool-97-thread-1] INFO  server.RaftServerConfigKeys (ConfUtils.java:logGet(43)) - raft.server.log.statemachine.data.sync.timeout = 10s (default)
2019-10-13 09:56:37,187 [pool-77-thread-1] INFO  server.RaftServerConfigKeys (ConfUtils.java:logGet(43)) - raft.server.log.queue.byte-limit = 2147483647 (custom)
2019-10-13 09:56:37,188 [pool-97-thread-1] INFO  server.RaftServerConfigKeys (ConfUtils.java:logGet(43)) - raft.server.log.statemachine.data.sync.timeout.retry = -1 (default)
2019-10-13 09:56:37,188 [pool-87-thread-1] INFO  server.RaftServerConfigKeys (ConfUtils.java:logGet(43)) - raft.server.log.queue.element-limit = 1024 (custom)
2019-10-13 09:56:37,188 [pool-77-thread-1] INFO  server.RaftServerConfigKeys (ConfUtils.java:logGet(43)) - raft.server.log.queue.element-limit = 1024 (custom)
2019-10-13 09:56:37,188 [pool-87-thread-1] INFO  server.RaftServerConfigKeys (ConfUtils.java:logGet(43)) - raft.server.log.segment.size.max = 1048576 (custom)
2019-10-13 09:56:37,188 [pool-97-thread-1] INFO  server.RaftServerConfigKeys (ConfUtils.java:logGet(43)) - raft.server.log.statemachine.data.caching.enabled = true (custom)
2019-10-13 09:56:37,189 [pool-87-thread-1] INFO  server.RaftServerConfigKeys (ConfUtils.java:logGet(43)) - raft.server.log.preallocated.size = 16384 (custom)
2019-10-13 09:56:37,188 [pool-77-thread-1] INFO  server.RaftServerConfigKeys (ConfUtils.java:logGet(43)) - raft.server.log.segment.size.max = 1048576 (custom)
2019-10-13 09:56:37,189 [pool-97-thread-1] INFO  segmented.SegmentedRaftLogWorker (SegmentedRaftLogWorker.java:lambda$new$0(128)) - a1eedb78-e40d-4a86-8cc8-e22fbad1f292@group-702171738496-SegmentedRaftLogWorker: flushIndex: setUnconditionally 0 -> -1
2019-10-13 09:56:37,189 [pool-87-thread-1] INFO  server.RaftServerConfigKeys (ConfUtils.java:logGet(43)) - raft.server.log.write.buffer.size = 33554432 (custom)
2019-10-13 09:56:37,189 [pool-77-thread-1] INFO  server.RaftServerConfigKeys (ConfUtils.java:logGet(43)) - raft.server.log.preallocated.size = 16384 (custom)
2019-10-13 09:56:37,189 [pool-97-thread-1] INFO  server.RaftServerConfigKeys (ConfUtils.java:logGet(43)) - raft.server.snapshot.auto.trigger.enabled = true (custom)
2019-10-13 09:56:37,189 [pool-87-thread-1] INFO  server.RaftServerConfigKeys (ConfUtils.java:logGet(43)) - raft.server.log.force.sync.num = 128 (default)
2019-10-13 09:56:37,190 [pool-97-thread-1] INFO  server.RaftServerConfigKeys (ConfUtils.java:logGet(43)) - raft.server.snapshot.auto.trigger.threshold = 10000 (custom)
2019-10-13 09:56:37,190 [pool-77-thread-1] INFO  server.RaftServerConfigKeys (ConfUtils.java:logGet(43)) - raft.server.log.write.buffer.size = 33554432 (custom)
2019-10-13 09:56:37,190 [pool-97-thread-1] INFO  server.RaftServerConfigKeys (ConfUtils.java:logGet(43)) - raft.server.snapshot.retention.file.num = 5 (custom)
2019-10-13 09:56:37,190 [pool-87-thread-1] INFO  server.RaftServerConfigKeys (ConfUtils.java:logGet(43)) - raft.server.log.statemachine.data.sync = true (default)
2019-10-13 09:56:37,190 [pool-97-thread-1] INFO  server.RaftServerConfigKeys (ConfUtils.java:logGet(43)) - raft.server.retrycache.expirytime = 600000ms (custom)
2019-10-13 09:56:37,190 [pool-77-thread-1] INFO  server.RaftServerConfigKeys (ConfUtils.java:logGet(43)) - raft.server.log.force.sync.num = 128 (default)
2019-10-13 09:56:37,190 [pool-87-thread-1] INFO  server.RaftServerConfigKeys (ConfUtils.java:logGet(43)) - raft.server.log.statemachine.data.sync.timeout = 10s (default)
2019-10-13 09:56:37,191 [pool-77-thread-1] INFO  server.RaftServerConfigKeys (ConfUtils.java:logGet(43)) - raft.server.log.statemachine.data.sync = true (default)
2019-10-13 09:56:37,191 [pool-87-thread-1] INFO  server.RaftServerConfigKeys (ConfUtils.java:logGet(43)) - raft.server.log.statemachine.data.sync.timeout.retry = -1 (default)
2019-10-13 09:56:37,191 [pool-77-thread-1] INFO  server.RaftServerConfigKeys (ConfUtils.java:logGet(43)) - raft.server.log.statemachine.data.sync.timeout = 10s (default)
2019-10-13 09:56:37,191 [pool-77-thread-1] INFO  server.RaftServerConfigKeys (ConfUtils.java:logGet(43)) - raft.server.log.statemachine.data.sync.timeout.retry = -1 (default)
2019-10-13 09:56:37,191 [pool-87-thread-1] INFO  server.RaftServerConfigKeys (ConfUtils.java:logGet(43)) - raft.server.log.statemachine.data.caching.enabled = true (custom)
2019-10-13 09:56:37,192 [pool-77-thread-1] INFO  server.RaftServerConfigKeys (ConfUtils.java:logGet(43)) - raft.server.log.statemachine.data.caching.enabled = true (custom)
2019-10-13 09:56:37,192 [pool-87-thread-1] INFO  segmented.SegmentedRaftLogWorker (SegmentedRaftLogWorker.java:lambda$new$0(128)) - 2e39f6a9-a8a7-4bc7-ab66-c20f98d2b88e@group-702171738496-SegmentedRaftLogWorker: flushIndex: setUnconditionally 0 -> -1
2019-10-13 09:56:37,192 [pool-77-thread-1] INFO  segmented.SegmentedRaftLogWorker (SegmentedRaftLogWorker.java:lambda$new$0(128)) - 5ec5c77b-e482-4ac4-adaa-cbdaadae6a77@group-702171738496-SegmentedRaftLogWorker: flushIndex: setUnconditionally 0 -> -1
2019-10-13 09:56:37,193 [pool-87-thread-1] INFO  server.RaftServerConfigKeys (ConfUtils.java:logGet(43)) - raft.server.snapshot.auto.trigger.enabled = true (custom)
2019-10-13 09:56:37,193 [pool-77-thread-1] INFO  server.RaftServerConfigKeys (ConfUtils.java:logGet(43)) - raft.server.snapshot.auto.trigger.enabled = true (custom)
2019-10-13 09:56:37,193 [pool-87-thread-1] INFO  server.RaftServerConfigKeys (ConfUtils.java:logGet(43)) - raft.server.snapshot.auto.trigger.threshold = 10000 (custom)
2019-10-13 09:56:37,193 [pool-77-thread-1] INFO  server.RaftServerConfigKeys (ConfUtils.java:logGet(43)) - raft.server.snapshot.auto.trigger.threshold = 10000 (custom)
2019-10-13 09:56:37,193 [pool-87-thread-1] INFO  server.RaftServerConfigKeys (ConfUtils.java:logGet(43)) - raft.server.snapshot.retention.file.num = 5 (custom)
2019-10-13 09:56:37,193 [pool-77-thread-1] INFO  server.RaftServerConfigKeys (ConfUtils.java:logGet(43)) - raft.server.snapshot.retention.file.num = 5 (custom)
2019-10-13 09:56:37,193 [pool-87-thread-1] INFO  server.RaftServerConfigKeys (ConfUtils.java:logGet(43)) - raft.server.retrycache.expirytime = 600000ms (custom)
2019-10-13 09:56:37,194 [pool-77-thread-1] INFO  server.RaftServerConfigKeys (ConfUtils.java:logGet(43)) - raft.server.retrycache.expirytime = 600000ms (custom)
2019-10-13 09:56:37,194 [pool-97-thread-1] INFO  impl.RaftServerImpl (RaftServerImpl.java:start(181)) - a1eedb78-e40d-4a86-8cc8-e22fbad1f292@group-9886E0AC82D1: start as a follower, conf=-1: [2e39f6a9-a8a7-4bc7-ab66-c20f98d2b88e:192.168.164.225:36883, 5ec5c77b-e482-4ac4-adaa-cbdaadae6a77:192.168.164.225:44259, a1eedb78-e40d-4a86-8cc8-e22fbad1f292:192.168.164.225:43352], old=null
2019-10-13 09:56:37,194 [pool-97-thread-1] INFO  impl.RaftServerImpl (RaftServerImpl.java:setRole(170)) - a1eedb78-e40d-4a86-8cc8-e22fbad1f292@group-9886E0AC82D1: changes role from      null to FOLLOWER at term 0 for startAsFollower
2019-10-13 09:56:37,194 [pool-97-thread-1] INFO  impl.RoleInfo (RoleInfo.java:updateAndGet(143)) - a1eedb78-e40d-4a86-8cc8-e22fbad1f292: start FollowerState
2019-10-13 09:56:37,195 [pool-97-thread-1] INFO  util.JmxRegister (JmxRegister.java:tryRegister(44)) - Successfully registered JMX Bean with object name Ratis:service=RaftServer,group=group-9886E0AC82D1,id=a1eedb78-e40d-4a86-8cc8-e22fbad1f292
2019-10-13 09:56:37,200 [pool-87-thread-1] INFO  impl.RaftServerImpl (RaftServerImpl.java:start(181)) - 2e39f6a9-a8a7-4bc7-ab66-c20f98d2b88e@group-9886E0AC82D1: start as a follower, conf=-1: [2e39f6a9-a8a7-4bc7-ab66-c20f98d2b88e:192.168.164.225:36883, 5ec5c77b-e482-4ac4-adaa-cbdaadae6a77:192.168.164.225:44259, a1eedb78-e40d-4a86-8cc8-e22fbad1f292:192.168.164.225:43352], old=null
2019-10-13 09:56:37,200 [pool-87-thread-1] INFO  impl.RaftServerImpl (RaftServerImpl.java:setRole(170)) - 2e39f6a9-a8a7-4bc7-ab66-c20f98d2b88e@group-9886E0AC82D1: changes role from      null to FOLLOWER at term 0 for startAsFollower
2019-10-13 09:56:37,200 [pool-87-thread-1] INFO  impl.RoleInfo (RoleInfo.java:updateAndGet(143)) - 2e39f6a9-a8a7-4bc7-ab66-c20f98d2b88e: start FollowerState
2019-10-13 09:56:37,200 [pool-87-thread-1] INFO  util.JmxRegister (JmxRegister.java:tryRegister(44)) - Successfully registered JMX Bean with object name Ratis:service=RaftServer,group=group-9886E0AC82D1,id=2e39f6a9-a8a7-4bc7-ab66-c20f98d2b88e
2019-10-13 09:56:37,203 [pool-97-thread-1] INFO  impl.RaftServerImpl (RaftServerImpl.java:<init>(95)) - a1eedb78-e40d-4a86-8cc8-e22fbad1f292: new RaftServerImpl for group-DE5BED3D1A7C:[2e39f6a9-a8a7-4bc7-ab66-c20f98d2b88e:192.168.164.225:36883, 5ec5c77b-e482-4ac4-adaa-cbdaadae6a77:192.168.164.225:44259, a1eedb78-e40d-4a86-8cc8-e22fbad1f292:192.168.164.225:43352] with ContainerStateMachine:uninitialized
2019-10-13 09:56:37,203 [pool-97-thread-1] INFO  server.RaftServerConfigKeys (ConfUtils.java:logGet(43)) - raft.server.rpc.timeout.min = 5s (custom)
2019-10-13 09:56:37,203 [pool-97-thread-1] INFO  server.RaftServerConfigKeys (ConfUtils.java:logGet(43)) - raft.server.rpc.timeout.max = 5200ms (custom)
2019-10-13 09:56:37,203 [pool-97-thread-1] INFO  server.RaftServerConfigKeys (ConfUtils.java:logGet(43)) - raft.server.rpcslowness.timeout = 120s (custom)
2019-10-13 09:56:37,203 [pool-97-thread-1] INFO  server.RaftServerConfigKeys (ConfUtils.java:logGet(43)) - raft.server.sleep.deviation.threshold = 300 (default)
2019-10-13 09:56:37,203 [pool-77-thread-1] INFO  impl.RaftServerImpl (RaftServerImpl.java:<init>(95)) - 5ec5c77b-e482-4ac4-adaa-cbdaadae6a77: new RaftServerImpl for group-DE5BED3D1A7C:[2e39f6a9-a8a7-4bc7-ab66-c20f98d2b88e:192.168.164.225:36883, 5ec5c77b-e482-4ac4-adaa-cbdaadae6a77:192.168.164.225:44259, a1eedb78-e40d-4a86-8cc8-e22fbad1f292:192.168.164.225:43352] with ContainerStateMachine:uninitialized
2019-10-13 09:56:37,204 [pool-97-thread-1] INFO  server.RaftServerConfigKeys (ConfUtils.java:logGet(43)) - raft.server.log.appender.install.snapshot.enabled = false (custom)
2019-10-13 09:56:37,204 [pool-77-thread-1] INFO  server.RaftServerConfigKeys (ConfUtils.java:logGet(43)) - raft.server.rpc.timeout.min = 5s (custom)
2019-10-13 09:56:37,204 [pool-97-thread-1] INFO  impl.RaftServerImpl (ServerState.java:<init>(103)) - a1eedb78-e40d-4a86-8cc8-e22fbad1f292@group-DE5BED3D1A7C: ConfigurationManager, init=-1: [2e39f6a9-a8a7-4bc7-ab66-c20f98d2b88e:192.168.164.225:36883, 5ec5c77b-e482-4ac4-adaa-cbdaadae6a77:192.168.164.225:44259, a1eedb78-e40d-4a86-8cc8-e22fbad1f292:192.168.164.225:43352], old=null, confs=<EMPTY_MAP>
2019-10-13 09:56:37,204 [pool-77-thread-1] INFO  server.RaftServerConfigKeys (ConfUtils.java:logGet(43)) - raft.server.rpc.timeout.max = 5200ms (custom)
2019-10-13 09:56:37,204 [pool-97-thread-1] INFO  server.RaftServerConfigKeys (ConfUtils.java:logGet(43)) - raft.server.storage.dir = [/workdir/hadoop-ozone/integration-test/target/test-dir/MiniOzoneClusterImpl-ab2c19e4-bd12-4d81-a7c2-cea9bc284305/datanode-2/data/ratis] (custom)
2019-10-13 09:56:37,204 [pool-77-thread-1] INFO  server.RaftServerConfigKeys (ConfUtils.java:logGet(43)) - raft.server.rpcslowness.timeout = 120s (custom)
2019-10-13 09:56:37,205 [pool-77-thread-1] INFO  server.RaftServerConfigKeys (ConfUtils.java:logGet(43)) - raft.server.sleep.deviation.threshold = 300 (default)
2019-10-13 09:56:37,205 [pool-97-thread-1] INFO  server.RaftServerConfigKeys (ConfUtils.java:logGet(43)) - raft.server.log.corruption.policy = EXCEPTION (default)
2019-10-13 09:56:37,205 [pool-77-thread-1] INFO  server.RaftServerConfigKeys (ConfUtils.java:logGet(43)) - raft.server.log.appender.install.snapshot.enabled = false (custom)
2019-10-13 09:56:37,205 [pool-97-thread-1] INFO  storage.RaftStorageDirectory (RaftStorageDirectory.java:analyzeStorage(246)) - The storage directory /workdir/hadoop-ozone/integration-test/target/test-dir/MiniOzoneClusterImpl-ab2c19e4-bd12-4d81-a7c2-cea9bc284305/datanode-2/data/ratis/19b648c9-33f3-4fb7-85c5-de5bed3d1a7c does not exist. Creating ...
2019-10-13 09:56:37,205 [pool-77-thread-1] INFO  impl.RaftServerImpl (ServerState.java:<init>(103)) - 5ec5c77b-e482-4ac4-adaa-cbdaadae6a77@group-DE5BED3D1A7C: ConfigurationManager, init=-1: [2e39f6a9-a8a7-4bc7-ab66-c20f98d2b88e:192.168.164.225:36883, 5ec5c77b-e482-4ac4-adaa-cbdaadae6a77:192.168.164.225:44259, a1eedb78-e40d-4a86-8cc8-e22fbad1f292:192.168.164.225:43352], old=null, confs=<EMPTY_MAP>
2019-10-13 09:56:37,205 [pool-77-thread-1] INFO  server.RaftServerConfigKeys (ConfUtils.java:logGet(43)) - raft.server.storage.dir = [/workdir/hadoop-ozone/integration-test/target/test-dir/MiniOzoneClusterImpl-ab2c19e4-bd12-4d81-a7c2-cea9bc284305/datanode-0/data/ratis] (custom)
2019-10-13 09:56:37,206 [pool-77-thread-1] INFO  server.RaftServerConfigKeys (ConfUtils.java:logGet(43)) - raft.server.log.corruption.policy = EXCEPTION (default)
2019-10-13 09:56:37,206 [pool-77-thread-1] INFO  storage.RaftStorageDirectory (RaftStorageDirectory.java:analyzeStorage(246)) - The storage directory /workdir/hadoop-ozone/integration-test/target/test-dir/MiniOzoneClusterImpl-ab2c19e4-bd12-4d81-a7c2-cea9bc284305/datanode-0/data/ratis/19b648c9-33f3-4fb7-85c5-de5bed3d1a7c does not exist. Creating ...
2019-10-13 09:56:37,206 [pool-87-thread-1] INFO  impl.RaftServerImpl (RaftServerImpl.java:<init>(95)) - 2e39f6a9-a8a7-4bc7-ab66-c20f98d2b88e: new RaftServerImpl for group-DE5BED3D1A7C:[2e39f6a9-a8a7-4bc7-ab66-c20f98d2b88e:192.168.164.225:36883, 5ec5c77b-e482-4ac4-adaa-cbdaadae6a77:192.168.164.225:44259, a1eedb78-e40d-4a86-8cc8-e22fbad1f292:192.168.164.225:43352] with ContainerStateMachine:uninitialized
2019-10-13 09:56:37,207 [pool-87-thread-1] INFO  server.RaftServerConfigKeys (ConfUtils.java:logGet(43)) - raft.server.rpc.timeout.min = 5s (custom)
2019-10-13 09:56:37,207 [pool-87-thread-1] INFO  server.RaftServerConfigKeys (ConfUtils.java:logGet(43)) - raft.server.rpc.timeout.max = 5200ms (custom)
2019-10-13 09:56:37,207 [pool-87-thread-1] INFO  server.RaftServerConfigKeys (ConfUtils.java:logGet(43)) - raft.server.rpcslowness.timeout = 120s (custom)
2019-10-13 09:56:37,207 [pool-87-thread-1] INFO  server.RaftServerConfigKeys (ConfUtils.java:logGet(43)) - raft.server.sleep.deviation.threshold = 300 (default)
2019-10-13 09:56:37,207 [pool-87-thread-1] INFO  server.RaftServerConfigKeys (ConfUtils.java:logGet(43)) - raft.server.log.appender.install.snapshot.enabled = false (custom)
2019-10-13 09:56:37,207 [pool-87-thread-1] INFO  impl.RaftServerImpl (ServerState.java:<init>(103)) - 2e39f6a9-a8a7-4bc7-ab66-c20f98d2b88e@group-DE5BED3D1A7C: ConfigurationManager, init=-1: [2e39f6a9-a8a7-4bc7-ab66-c20f98d2b88e:192.168.164.225:36883, 5ec5c77b-e482-4ac4-adaa-cbdaadae6a77:192.168.164.225:44259, a1eedb78-e40d-4a86-8cc8-e22fbad1f292:192.168.164.225:43352], old=null, confs=<EMPTY_MAP>
2019-10-13 09:56:37,207 [pool-87-thread-1] INFO  server.RaftServerConfigKeys (ConfUtils.java:logGet(43)) - raft.server.storage.dir = [/workdir/hadoop-ozone/integration-test/target/test-dir/MiniOzoneClusterImpl-ab2c19e4-bd12-4d81-a7c2-cea9bc284305/datanode-1/data/ratis] (custom)
2019-10-13 09:56:37,208 [pool-87-thread-1] INFO  server.RaftServerConfigKeys (ConfUtils.java:logGet(43)) - raft.server.log.corruption.policy = EXCEPTION (default)
2019-10-13 09:56:37,208 [pool-87-thread-1] INFO  storage.RaftStorageDirectory (RaftStorageDirectory.java:analyzeStorage(246)) - The storage directory /workdir/hadoop-ozone/integration-test/target/test-dir/MiniOzoneClusterImpl-ab2c19e4-bd12-4d81-a7c2-cea9bc284305/datanode-1/data/ratis/19b648c9-33f3-4fb7-85c5-de5bed3d1a7c does not exist. Creating ...
2019-10-13 09:56:37,565 [a1eedb78-e40d-4a86-8cc8-e22fbad1f292@group-B9197D35BAD3-SegmentedRaftLogWorker] INFO  segmented.SegmentedRaftLogWorker (SegmentedRaftLogWorker.java:execute(574)) - a1eedb78-e40d-4a86-8cc8-e22fbad1f292@group-B9197D35BAD3-SegmentedRaftLogWorker: created new log segment /workdir/hadoop-ozone/integration-test/target/test-dir/MiniOzoneClusterImpl-ab2c19e4-bd12-4d81-a7c2-cea9bc284305/datanode-2/data/ratis/990c008b-b15a-4164-a6d5-b9197d35bad3/current/log_inprogress_0
2019-10-13 09:56:38,602 [5ec5c77b-e482-4ac4-adaa-cbdaadae6a77@group-9886E0AC82D1-LeaderElection11] INFO  impl.LeaderElection (LeaderElection.java:askForVotes(178)) - 5ec5c77b-e482-4ac4-adaa-cbdaadae6a77@group-9886E0AC82D1-LeaderElection11: begin an election at term 1 for -1: [2e39f6a9-a8a7-4bc7-ab66-c20f98d2b88e:192.168.164.225:36883, 5ec5c77b-e482-4ac4-adaa-cbdaadae6a77:192.168.164.225:44259, a1eedb78-e40d-4a86-8cc8-e22fbad1f292:192.168.164.225:43352], old=null
2019-10-13 09:56:38,620 [grpc-default-executor-0] INFO  impl.RaftServerImpl (RaftServerImpl.java:setRole(170)) - 2e39f6a9-a8a7-4bc7-ab66-c20f98d2b88e@group-9886E0AC82D1: changes role from  FOLLOWER to FOLLOWER at term 1 for recognizeCandidate:5ec5c77b-e482-4ac4-adaa-cbdaadae6a77
2019-10-13 09:56:38,620 [grpc-default-executor-0] INFO  impl.RoleInfo (RoleInfo.java:shutdownFollowerState(121)) - 2e39f6a9-a8a7-4bc7-ab66-c20f98d2b88e: shutdown FollowerState
2019-10-13 09:56:38,620 [grpc-default-executor-1] INFO  impl.RaftServerImpl (RaftServerImpl.java:setRole(170)) - a1eedb78-e40d-4a86-8cc8-e22fbad1f292@group-9886E0AC82D1: changes role from  FOLLOWER to FOLLOWER at term 1 for recognizeCandidate:5ec5c77b-e482-4ac4-adaa-cbdaadae6a77
2019-10-13 09:56:38,621 [Thread-429] INFO  impl.FollowerState (FollowerState.java:run(117)) - 2e39f6a9-a8a7-4bc7-ab66-c20f98d2b88e@group-9886E0AC82D1-FollowerState was interrupted: java.lang.InterruptedException: sleep interrupted
2019-10-13 09:56:38,621 [grpc-default-executor-0] INFO  impl.RoleInfo (RoleInfo.java:updateAndGet(143)) - 2e39f6a9-a8a7-4bc7-ab66-c20f98d2b88e: start FollowerState
2019-10-13 09:56:38,621 [grpc-default-executor-1] INFO  impl.RoleInfo (RoleInfo.java:shutdownFollowerState(121)) - a1eedb78-e40d-4a86-8cc8-e22fbad1f292: shutdown FollowerState
2019-10-13 09:56:38,623 [Thread-428] INFO  impl.FollowerState (FollowerState.java:run(117)) - a1eedb78-e40d-4a86-8cc8-e22fbad1f292@group-9886E0AC82D1-FollowerState was interrupted: java.lang.InterruptedException: sleep interrupted
2019-10-13 09:56:38,623 [grpc-default-executor-1] INFO  impl.RoleInfo (RoleInfo.java:updateAndGet(143)) - a1eedb78-e40d-4a86-8cc8-e22fbad1f292: start FollowerState
2019-10-13 09:56:39,104 [main] INFO  ozoneimpl.OzoneContainer (OzoneContainer.java:stop(227)) - Attempting to stop container services.
2019-10-13 09:56:39,104 [ForkJoinPool.commonPool-worker-1] INFO  ozoneimpl.OzoneContainer (OzoneContainer.java:stop(227)) - Attempting to stop container services.
2019-10-13 09:56:39,231 [pool-87-thread-1] INFO  storage.RaftStorageDirectory (RaftStorageDirectory.java:tryLock(328)) - Lock on /workdir/hadoop-ozone/integration-test/target/test-dir/MiniOzoneClusterImpl-ab2c19e4-bd12-4d81-a7c2-cea9bc284305/datanode-1/data/ratis/19b648c9-33f3-4fb7-85c5-de5bed3d1a7c/in_use.lock acquired by nodename 6782@pr-hdds2071-28zjt-764321718
2019-10-13 09:56:39,231 [pool-97-thread-1] INFO  storage.RaftStorageDirectory (RaftStorageDirectory.java:tryLock(328)) - Lock on /workdir/hadoop-ozone/integration-test/target/test-dir/MiniOzoneClusterImpl-ab2c19e4-bd12-4d81-a7c2-cea9bc284305/datanode-2/data/ratis/19b648c9-33f3-4fb7-85c5-de5bed3d1a7c/in_use.lock acquired by nodename 6782@pr-hdds2071-28zjt-764321718
2019-10-13 09:56:39,231 [pool-77-thread-1] INFO  storage.RaftStorageDirectory (RaftStorageDirectory.java:tryLock(328)) - Lock on /workdir/hadoop-ozone/integration-test/target/test-dir/MiniOzoneClusterImpl-ab2c19e4-bd12-4d81-a7c2-cea9bc284305/datanode-0/data/ratis/19b648c9-33f3-4fb7-85c5-de5bed3d1a7c/in_use.lock acquired by nodename 6782@pr-hdds2071-28zjt-764321718
2019-10-13 09:56:41,610 [5ec5c77b-e482-4ac4-adaa-cbdaadae6a77@group-9886E0AC82D1-LeaderElection11] INFO  impl.LeaderElection (LogUtils.java:infoOrTrace(149)) - 5ec5c77b-e482-4ac4-adaa-cbdaadae6a77@group-9886E0AC82D1-LeaderElection11 got exception when requesting votes: {}
java.util.concurrent.ExecutionException: org.apache.ratis.thirdparty.io.grpc.StatusRuntimeException: DEADLINE_EXCEEDED: deadline exceeded after 2999604601ns
	at java.util.concurrent.FutureTask.report(FutureTask.java:122)
	at java.util.concurrent.FutureTask.get(FutureTask.java:192)
	at org.apache.ratis.server.impl.LeaderElection.waitForResults(LeaderElection.java:259)
	at org.apache.ratis.server.impl.LeaderElection.askForVotes(LeaderElection.java:197)
	at org.apache.ratis.server.impl.LeaderElection.run(LeaderElection.java:133)
	at java.lang.Thread.run(Thread.java:748)
Caused by: org.apache.ratis.thirdparty.io.grpc.StatusRuntimeException: DEADLINE_EXCEEDED: deadline exceeded after 2999604601ns
	at org.apache.ratis.thirdparty.io.grpc.stub.ClientCalls.toStatusRuntimeException(ClientCalls.java:233)
	at org.apache.ratis.thirdparty.io.grpc.stub.ClientCalls.getUnchecked(ClientCalls.java:214)
	at org.apache.ratis.thirdparty.io.grpc.stub.ClientCalls.blockingUnaryCall(ClientCalls.java:139)
	at org.apache.ratis.proto.grpc.RaftServerProtocolServiceGrpc$RaftServerProtocolServiceBlockingStub.requestVote(RaftServerProtocolServiceGrpc.java:265)
	at org.apache.ratis.grpc.server.GrpcServerProtocolClient.requestVote(GrpcServerProtocolClient.java:99)
	at org.apache.ratis.grpc.server.GrpcService.requestVote(GrpcService.java:204)
	at org.apache.ratis.server.impl.LeaderElection.lambda$submitRequests$1(LeaderElection.java:234)
	at java.util.concurrent.FutureTask.run(FutureTask.java:266)
	at java.util.concurrent.Executors$RunnableAdapter.call(Executors.java:511)
	at java.util.concurrent.FutureTask.run(FutureTask.java:266)
	at java.util.concurrent.ThreadPoolExecutor.runWorker(ThreadPoolExecutor.java:1149)
	at java.util.concurrent.ThreadPoolExecutor$Worker.run(ThreadPoolExecutor.java:624)
	... 1 more
2019-10-13 09:56:41,612 [5ec5c77b-e482-4ac4-adaa-cbdaadae6a77@group-9886E0AC82D1-LeaderElection11] INFO  impl.LeaderElection (LogUtils.java:infoOrTrace(149)) - 5ec5c77b-e482-4ac4-adaa-cbdaadae6a77@group-9886E0AC82D1-LeaderElection11 got exception when requesting votes: {}
java.util.concurrent.ExecutionException: org.apache.ratis.thirdparty.io.grpc.StatusRuntimeException: DEADLINE_EXCEEDED: deadline exceeded after 2998080167ns
	at java.util.concurrent.FutureTask.report(FutureTask.java:122)
	at java.util.concurrent.FutureTask.get(FutureTask.java:192)
	at org.apache.ratis.server.impl.LeaderElection.waitForResults(LeaderElection.java:259)
	at org.apache.ratis.server.impl.LeaderElection.askForVotes(LeaderElection.java:197)
	at org.apache.ratis.server.impl.LeaderElection.run(LeaderElection.java:133)
	at java.lang.Thread.run(Thread.java:748)
Caused by: org.apache.ratis.thirdparty.io.grpc.StatusRuntimeException: DEADLINE_EXCEEDED: deadline exceeded after 2998080167ns
	at org.apache.ratis.thirdparty.io.grpc.stub.ClientCalls.toStatusRuntimeException(ClientCalls.java:233)
	at org.apache.ratis.thirdparty.io.grpc.stub.ClientCalls.getUnchecked(ClientCalls.java:214)
	at org.apache.ratis.thirdparty.io.grpc.stub.ClientCalls.blockingUnaryCall(ClientCalls.java:139)
	at org.apache.ratis.proto.grpc.RaftServerProtocolServiceGrpc$RaftServerProtocolServiceBlockingStub.requestVote(RaftServerProtocolServiceGrpc.java:265)
	at org.apache.ratis.grpc.server.GrpcServerProtocolClient.requestVote(GrpcServerProtocolClient.java:99)
	at org.apache.ratis.grpc.server.GrpcService.requestVote(GrpcService.java:204)
	at org.apache.ratis.server.impl.LeaderElection.lambda$submitRequests$1(LeaderElection.java:234)
	at java.util.concurrent.FutureTask.run(FutureTask.java:266)
	at java.util.concurrent.Executors$RunnableAdapter.call(Executors.java:511)
	at java.util.concurrent.FutureTask.run(FutureTask.java:266)
	at java.util.concurrent.ThreadPoolExecutor.runWorker(ThreadPoolExecutor.java:1149)
	at java.util.concurrent.ThreadPoolExecutor$Worker.run(ThreadPoolExecutor.java:624)
	... 1 more
2019-10-13 09:56:41,614 [5ec5c77b-e482-4ac4-adaa-cbdaadae6a77@group-9886E0AC82D1-LeaderElection11] INFO  impl.LeaderElection (LeaderElection.java:logAndReturn(56)) - 5ec5c77b-e482-4ac4-adaa-cbdaadae6a77@group-9886E0AC82D1-LeaderElection11: Election REJECTED; received 0 response(s) [] and 2 exception(s); 5ec5c77b-e482-4ac4-adaa-cbdaadae6a77@group-9886E0AC82D1:t1, leader=null, voted=5ec5c77b-e482-4ac4-adaa-cbdaadae6a77, raftlog=5ec5c77b-e482-4ac4-adaa-cbdaadae6a77@group-9886E0AC82D1-SegmentedRaftLog:OPENED:c-1,f-1,i0, conf=-1: [2e39f6a9-a8a7-4bc7-ab66-c20f98d2b88e:192.168.164.225:36883, 5ec5c77b-e482-4ac4-adaa-cbdaadae6a77:192.168.164.225:44259, a1eedb78-e40d-4a86-8cc8-e22fbad1f292:192.168.164.225:43352], old=null
2019-10-13 09:56:41,614 [5ec5c77b-e482-4ac4-adaa-cbdaadae6a77@group-9886E0AC82D1-LeaderElection11] INFO  impl.LeaderElection (LogUtils.java:infoOrTrace(149)) -   Exception 0: {}
java.util.concurrent.ExecutionException: org.apache.ratis.thirdparty.io.grpc.StatusRuntimeException: DEADLINE_EXCEEDED: deadline exceeded after 2999604601ns
	at java.util.concurrent.FutureTask.report(FutureTask.java:122)
	at java.util.concurrent.FutureTask.get(FutureTask.java:192)
	at org.apache.ratis.server.impl.LeaderElection.waitForResults(LeaderElection.java:259)
	at org.apache.ratis.server.impl.LeaderElection.askForVotes(LeaderElection.java:197)
	at org.apache.ratis.server.impl.LeaderElection.run(LeaderElection.java:133)
	at java.lang.Thread.run(Thread.java:748)
Caused by: org.apache.ratis.thirdparty.io.grpc.StatusRuntimeException: DEADLINE_EXCEEDED: deadline exceeded after 2999604601ns
	at org.apache.ratis.thirdparty.io.grpc.stub.ClientCalls.toStatusRuntimeException(ClientCalls.java:233)
	at org.apache.ratis.thirdparty.io.grpc.stub.ClientCalls.getUnchecked(ClientCalls.java:214)
	at org.apache.ratis.thirdparty.io.grpc.stub.ClientCalls.blockingUnaryCall(ClientCalls.java:139)
	at org.apache.ratis.proto.grpc.RaftServerProtocolServiceGrpc$RaftServerProtocolServiceBlockingStub.requestVote(RaftServerProtocolServiceGrpc.java:265)
	at org.apache.ratis.grpc.server.GrpcServerProtocolClient.requestVote(GrpcServerProtocolClient.java:99)
	at org.apache.ratis.grpc.server.GrpcService.requestVote(GrpcService.java:204)
	at org.apache.ratis.server.impl.LeaderElection.lambda$submitRequests$1(LeaderElection.java:234)
	at java.util.concurrent.FutureTask.run(FutureTask.java:266)
	at java.util.concurrent.Executors$RunnableAdapter.call(Executors.java:511)
	at java.util.concurrent.FutureTask.run(FutureTask.java:266)
	at java.util.concurrent.ThreadPoolExecutor.runWorker(ThreadPoolExecutor.java:1149)
	at java.util.concurrent.ThreadPoolExecutor$Worker.run(ThreadPoolExecutor.java:624)
	... 1 more
2019-10-13 09:56:41,615 [5ec5c77b-e482-4ac4-adaa-cbdaadae6a77@group-9886E0AC82D1-LeaderElection11] INFO  impl.LeaderElection (LogUtils.java:infoOrTrace(149)) -   Exception 1: {}
java.util.concurrent.ExecutionException: org.apache.ratis.thirdparty.io.grpc.StatusRuntimeException: DEADLINE_EXCEEDED: deadline exceeded after 2998080167ns
	at java.util.concurrent.FutureTask.report(FutureTask.java:122)
	at java.util.concurrent.FutureTask.get(FutureTask.java:192)
	at org.apache.ratis.server.impl.LeaderElection.waitForResults(LeaderElection.java:259)
	at org.apache.ratis.server.impl.LeaderElection.askForVotes(LeaderElection.java:197)
	at org.apache.ratis.server.impl.LeaderElection.run(LeaderElection.java:133)
	at java.lang.Thread.run(Thread.java:748)
Caused by: org.apache.ratis.thirdparty.io.grpc.StatusRuntimeException: DEADLINE_EXCEEDED: deadline exceeded after 2998080167ns
	at org.apache.ratis.thirdparty.io.grpc.stub.ClientCalls.toStatusRuntimeException(ClientCalls.java:233)
	at org.apache.ratis.thirdparty.io.grpc.stub.ClientCalls.getUnchecked(ClientCalls.java:214)
	at org.apache.ratis.thirdparty.io.grpc.stub.ClientCalls.blockingUnaryCall(ClientCalls.java:139)
	at org.apache.ratis.proto.grpc.RaftServerProtocolServiceGrpc$RaftServerProtocolServiceBlockingStub.requestVote(RaftServerProtocolServiceGrpc.java:265)
	at org.apache.ratis.grpc.server.GrpcServerProtocolClient.requestVote(GrpcServerProtocolClient.java:99)
	at org.apache.ratis.grpc.server.GrpcService.requestVote(GrpcService.java:204)
	at org.apache.ratis.server.impl.LeaderElection.lambda$submitRequests$1(LeaderElection.java:234)
	at java.util.concurrent.FutureTask.run(FutureTask.java:266)
	at java.util.concurrent.Executors$RunnableAdapter.call(Executors.java:511)
	at java.util.concurrent.FutureTask.run(FutureTask.java:266)
	at java.util.concurrent.ThreadPoolExecutor.runWorker(ThreadPoolExecutor.java:1149)
	at java.util.concurrent.ThreadPoolExecutor$Worker.run(ThreadPoolExecutor.java:624)
	... 1 more
2019-10-13 09:56:41,615 [5ec5c77b-e482-4ac4-adaa-cbdaadae6a77@group-9886E0AC82D1-LeaderElection11] INFO  impl.RaftServerImpl (RaftServerImpl.java:setRole(170)) - 5ec5c77b-e482-4ac4-adaa-cbdaadae6a77@group-9886E0AC82D1: changes role from CANDIDATE to FOLLOWER at term 1 for DISCOVERED_A_NEW_TERM
2019-10-13 09:56:41,616 [5ec5c77b-e482-4ac4-adaa-cbdaadae6a77@group-9886E0AC82D1-LeaderElection11] INFO  impl.RoleInfo (RoleInfo.java:shutdownLeaderElection(134)) - 5ec5c77b-e482-4ac4-adaa-cbdaadae6a77: shutdown LeaderElection
2019-10-13 09:56:41,617 [5ec5c77b-e482-4ac4-adaa-cbdaadae6a77@group-9886E0AC82D1-LeaderElection11] INFO  impl.RoleInfo (RoleInfo.java:updateAndGet(143)) - 5ec5c77b-e482-4ac4-adaa-cbdaadae6a77: start FollowerState
2019-10-13 09:56:42,785 [pool-77-thread-1] INFO  storage.RaftStorage (RaftStorage.java:format(84)) - Storage directory /workdir/hadoop-ozone/integration-test/target/test-dir/MiniOzoneClusterImpl-ab2c19e4-bd12-4d81-a7c2-cea9bc284305/datanode-0/data/ratis/19b648c9-33f3-4fb7-85c5-de5bed3d1a7c has been successfully formatted.
2019-10-13 09:56:42,785 [pool-87-thread-1] INFO  storage.RaftStorage (RaftStorage.java:format(84)) - Storage directory /workdir/hadoop-ozone/integration-test/target/test-dir/MiniOzoneClusterImpl-ab2c19e4-bd12-4d81-a7c2-cea9bc284305/datanode-1/data/ratis/19b648c9-33f3-4fb7-85c5-de5bed3d1a7c has been successfully formatted.
2019-10-13 09:56:42,785 [pool-97-thread-1] INFO  storage.RaftStorage (RaftStorage.java:format(84)) - Storage directory /workdir/hadoop-ozone/integration-test/target/test-dir/MiniOzoneClusterImpl-ab2c19e4-bd12-4d81-a7c2-cea9bc284305/datanode-2/data/ratis/19b648c9-33f3-4fb7-85c5-de5bed3d1a7c has been successfully formatted.
2019-10-13 09:56:42,788 [pool-77-thread-1] INFO  ratis.ContainerStateMachine (ContainerStateMachine.java:loadSnapshot(231)) - group-DE5BED3D1A7C: The snapshot info is null. Setting the last applied indexto:(t:0, i:~)
2019-10-13 09:56:42,788 [pool-87-thread-1] INFO  ratis.ContainerStateMachine (ContainerStateMachine.java:loadSnapshot(231)) - group-DE5BED3D1A7C: The snapshot info is null. Setting the last applied indexto:(t:0, i:~)
2019-10-13 09:56:42,788 [pool-77-thread-1] INFO  server.RaftServerConfigKeys (ConfUtils.java:logGet(43)) - raft.server.notification.no-leader.timeout = 120s (custom)
2019-10-13 09:56:42,788 [pool-97-thread-1] INFO  ratis.ContainerStateMachine (ContainerStateMachine.java:loadSnapshot(231)) - group-DE5BED3D1A7C: The snapshot info is null. Setting the last applied indexto:(t:0, i:~)
2019-10-13 09:56:42,789 [pool-77-thread-1] INFO  server.RaftServerConfigKeys (ConfUtils.java:logGet(43)) - raft.server.log.use.memory = false (default)
2019-10-13 09:56:42,788 [pool-87-thread-1] INFO  server.RaftServerConfigKeys (ConfUtils.java:logGet(43)) - raft.server.notification.no-leader.timeout = 120s (custom)
2019-10-13 09:56:42,789 [pool-77-thread-1] INFO  server.RaftServerConfigKeys (ConfUtils.java:logGet(43)) - raft.server.log.purge.gap = 1000000 (custom)
2019-10-13 09:56:42,789 [pool-97-thread-1] INFO  server.RaftServerConfigKeys (ConfUtils.java:logGet(43)) - raft.server.notification.no-leader.timeout = 120s (custom)
2019-10-13 09:56:42,789 [pool-77-thread-1] INFO  server.RaftServerConfigKeys (ConfUtils.java:logGet(43)) - raft.server.log.appender.buffer.byte-limit = 33554432 (custom)
2019-10-13 09:56:42,789 [pool-87-thread-1] INFO  server.RaftServerConfigKeys (ConfUtils.java:logGet(43)) - raft.server.log.use.memory = false (default)
2019-10-13 09:56:42,789 [pool-77-thread-1] INFO  server.RaftServerConfigKeys (ConfUtils.java:logGet(43)) - raft.server.log.segment.size.max = 1048576 (custom)
2019-10-13 09:56:42,789 [pool-97-thread-1] INFO  server.RaftServerConfigKeys (ConfUtils.java:logGet(43)) - raft.server.log.use.memory = false (default)
2019-10-13 09:56:42,790 [pool-77-thread-1] INFO  server.RaftServerConfigKeys (ConfUtils.java:logGet(43)) - raft.server.log.segment.cache.num.max = 2 (custom)
2019-10-13 09:56:42,790 [pool-97-thread-1] INFO  server.RaftServerConfigKeys (ConfUtils.java:logGet(43)) - raft.server.log.purge.gap = 1000000 (custom)
2019-10-13 09:56:42,790 [pool-87-thread-1] INFO  server.RaftServerConfigKeys (ConfUtils.java:logGet(43)) - raft.server.log.purge.gap = 1000000 (custom)
2019-10-13 09:56:42,790 [pool-97-thread-1] INFO  server.RaftServerConfigKeys (ConfUtils.java:logGet(43)) - raft.server.log.appender.buffer.byte-limit = 33554432 (custom)
2019-10-13 09:56:42,790 [pool-77-thread-1] INFO  segmented.SegmentedRaftLogWorker (SegmentedRaftLogWorker.java:<init>(173)) - new 5ec5c77b-e482-4ac4-adaa-cbdaadae6a77@group-DE5BED3D1A7C-SegmentedRaftLogWorker for RaftStorage:Storage Directory /workdir/hadoop-ozone/integration-test/target/test-dir/MiniOzoneClusterImpl-ab2c19e4-bd12-4d81-a7c2-cea9bc284305/datanode-0/data/ratis/19b648c9-33f3-4fb7-85c5-de5bed3d1a7c
2019-10-13 09:56:42,790 [pool-97-thread-1] INFO  server.RaftServerConfigKeys (ConfUtils.java:logGet(43)) - raft.server.log.segment.size.max = 1048576 (custom)
2019-10-13 09:56:42,790 [pool-87-thread-1] INFO  server.RaftServerConfigKeys (ConfUtils.java:logGet(43)) - raft.server.log.appender.buffer.byte-limit = 33554432 (custom)
2019-10-13 09:56:42,791 [pool-97-thread-1] INFO  server.RaftServerConfigKeys (ConfUtils.java:logGet(43)) - raft.server.log.segment.cache.num.max = 2 (custom)
2019-10-13 09:56:42,791 [pool-77-thread-1] INFO  server.RaftServerConfigKeys (ConfUtils.java:logGet(43)) - raft.server.log.queue.byte-limit = 2147483647 (custom)
2019-10-13 09:56:42,791 [pool-97-thread-1] INFO  segmented.SegmentedRaftLogWorker (SegmentedRaftLogWorker.java:<init>(173)) - new a1eedb78-e40d-4a86-8cc8-e22fbad1f292@group-DE5BED3D1A7C-SegmentedRaftLogWorker for RaftStorage:Storage Directory /workdir/hadoop-ozone/integration-test/target/test-dir/MiniOzoneClusterImpl-ab2c19e4-bd12-4d81-a7c2-cea9bc284305/datanode-2/data/ratis/19b648c9-33f3-4fb7-85c5-de5bed3d1a7c
2019-10-13 09:56:42,791 [pool-87-thread-1] INFO  server.RaftServerConfigKeys (ConfUtils.java:logGet(43)) - raft.server.log.segment.size.max = 1048576 (custom)
2019-10-13 09:56:42,791 [pool-97-thread-1] INFO  server.RaftServerConfigKeys (ConfUtils.java:logGet(43)) - raft.server.log.queue.byte-limit = 2147483647 (custom)
2019-10-13 09:56:42,791 [pool-77-thread-1] INFO  server.RaftServerConfigKeys (ConfUtils.java:logGet(43)) - raft.server.log.queue.element-limit = 1024 (custom)
2019-10-13 09:56:42,791 [pool-97-thread-1] INFO  server.RaftServerConfigKeys (ConfUtils.java:logGet(43)) - raft.server.log.queue.element-limit = 1024 (custom)
2019-10-13 09:56:42,791 [pool-87-thread-1] INFO  server.RaftServerConfigKeys (ConfUtils.java:logGet(43)) - raft.server.log.segment.cache.num.max = 2 (custom)
2019-10-13 09:56:42,792 [pool-97-thread-1] INFO  server.RaftServerConfigKeys (ConfUtils.java:logGet(43)) - raft.server.log.segment.size.max = 1048576 (custom)
2019-10-13 09:56:42,792 [pool-77-thread-1] INFO  server.RaftServerConfigKeys (ConfUtils.java:logGet(43)) - raft.server.log.segment.size.max = 1048576 (custom)
2019-10-13 09:56:42,792 [pool-97-thread-1] INFO  server.RaftServerConfigKeys (ConfUtils.java:logGet(43)) - raft.server.log.preallocated.size = 16384 (custom)
2019-10-13 09:56:42,792 [pool-87-thread-1] INFO  segmented.SegmentedRaftLogWorker (SegmentedRaftLogWorker.java:<init>(173)) - new 2e39f6a9-a8a7-4bc7-ab66-c20f98d2b88e@group-DE5BED3D1A7C-SegmentedRaftLogWorker for RaftStorage:Storage Directory /workdir/hadoop-ozone/integration-test/target/test-dir/MiniOzoneClusterImpl-ab2c19e4-bd12-4d81-a7c2-cea9bc284305/datanode-1/data/ratis/19b648c9-33f3-4fb7-85c5-de5bed3d1a7c
2019-10-13 09:56:42,792 [pool-97-thread-1] INFO  server.RaftServerConfigKeys (ConfUtils.java:logGet(43)) - raft.server.log.write.buffer.size = 33554432 (custom)
2019-10-13 09:56:42,792 [pool-77-thread-1] INFO  server.RaftServerConfigKeys (ConfUtils.java:logGet(43)) - raft.server.log.preallocated.size = 16384 (custom)
2019-10-13 09:56:42,793 [pool-97-thread-1] INFO  server.RaftServerConfigKeys (ConfUtils.java:logGet(43)) - raft.server.log.force.sync.num = 128 (default)
2019-10-13 09:56:42,792 [pool-87-thread-1] INFO  server.RaftServerConfigKeys (ConfUtils.java:logGet(43)) - raft.server.log.queue.byte-limit = 2147483647 (custom)
2019-10-13 09:56:42,793 [pool-97-thread-1] INFO  server.RaftServerConfigKeys (ConfUtils.java:logGet(43)) - raft.server.log.statemachine.data.sync = true (default)
2019-10-13 09:56:42,793 [pool-77-thread-1] INFO  server.RaftServerConfigKeys (ConfUtils.java:logGet(43)) - raft.server.log.write.buffer.size = 33554432 (custom)
2019-10-13 09:56:42,793 [pool-97-thread-1] INFO  server.RaftServerConfigKeys (ConfUtils.java:logGet(43)) - raft.server.log.statemachine.data.sync.timeout = 10s (default)
2019-10-13 09:56:42,793 [pool-87-thread-1] INFO  server.RaftServerConfigKeys (ConfUtils.java:logGet(43)) - raft.server.log.queue.element-limit = 1024 (custom)
2019-10-13 09:56:42,793 [pool-97-thread-1] INFO  server.RaftServerConfigKeys (ConfUtils.java:logGet(43)) - raft.server.log.statemachine.data.sync.timeout.retry = -1 (default)
2019-10-13 09:56:42,793 [pool-77-thread-1] INFO  server.RaftServerConfigKeys (ConfUtils.java:logGet(43)) - raft.server.log.force.sync.num = 128 (default)
2019-10-13 09:56:42,794 [pool-97-thread-1] INFO  server.RaftServerConfigKeys (ConfUtils.java:logGet(43)) - raft.server.log.statemachine.data.caching.enabled = true (custom)
2019-10-13 09:56:42,794 [pool-87-thread-1] INFO  server.RaftServerConfigKeys (ConfUtils.java:logGet(43)) - raft.server.log.segment.size.max = 1048576 (custom)
2019-10-13 09:56:42,794 [pool-77-thread-1] INFO  server.RaftServerConfigKeys (ConfUtils.java:logGet(43)) - raft.server.log.statemachine.data.sync = true (default)
2019-10-13 09:56:42,794 [pool-87-thread-1] INFO  server.RaftServerConfigKeys (ConfUtils.java:logGet(43)) - raft.server.log.preallocated.size = 16384 (custom)
2019-10-13 09:56:42,794 [pool-97-thread-1] INFO  segmented.SegmentedRaftLogWorker (SegmentedRaftLogWorker.java:lambda$new$0(128)) - a1eedb78-e40d-4a86-8cc8-e22fbad1f292@group-DE5BED3D1A7C-SegmentedRaftLogWorker: flushIndex: setUnconditionally 0 -> -1
2019-10-13 09:56:42,794 [pool-87-thread-1] INFO  server.RaftServerConfigKeys (ConfUtils.java:logGet(43)) - raft.server.log.write.buffer.size = 33554432 (custom)
2019-10-13 09:56:42,794 [pool-77-thread-1] INFO  server.RaftServerConfigKeys (ConfUtils.java:logGet(43)) - raft.server.log.statemachine.data.sync.timeout = 10s (default)
2019-10-13 09:56:42,795 [pool-87-thread-1] INFO  server.RaftServerConfigKeys (ConfUtils.java:logGet(43)) - raft.server.log.force.sync.num = 128 (default)
2019-10-13 09:56:42,795 [pool-97-thread-1] INFO  server.RaftServerConfigKeys (ConfUtils.java:logGet(43)) - raft.server.snapshot.auto.trigger.enabled = true (custom)
2019-10-13 09:56:42,795 [pool-87-thread-1] INFO  server.RaftServerConfigKeys (ConfUtils.java:logGet(43)) - raft.server.log.statemachine.data.sync = true (default)
2019-10-13 09:56:42,795 [pool-77-thread-1] INFO  server.RaftServerConfigKeys (ConfUtils.java:logGet(43)) - raft.server.log.statemachine.data.sync.timeout.retry = -1 (default)
2019-10-13 09:56:42,795 [pool-87-thread-1] INFO  server.RaftServerConfigKeys (ConfUtils.java:logGet(43)) - raft.server.log.statemachine.data.sync.timeout = 10s (default)
2019-10-13 09:56:42,795 [pool-97-thread-1] INFO  server.RaftServerConfigKeys (ConfUtils.java:logGet(43)) - raft.server.snapshot.auto.trigger.threshold = 10000 (custom)
2019-10-13 09:56:42,796 [pool-77-thread-1] INFO  server.RaftServerConfigKeys (ConfUtils.java:logGet(43)) - raft.server.log.statemachine.data.caching.enabled = true (custom)
2019-10-13 09:56:42,795 [pool-87-thread-1] INFO  server.RaftServerConfigKeys (ConfUtils.java:logGet(43)) - raft.server.log.statemachine.data.sync.timeout.retry = -1 (default)
2019-10-13 09:56:42,796 [pool-97-thread-1] INFO  server.RaftServerConfigKeys (ConfUtils.java:logGet(43)) - raft.server.snapshot.retention.file.num = 5 (custom)
2019-10-13 09:56:42,796 [pool-87-thread-1] INFO  server.RaftServerConfigKeys (ConfUtils.java:logGet(43)) - raft.server.log.statemachine.data.caching.enabled = true (custom)
2019-10-13 09:56:42,796 [pool-97-thread-1] INFO  server.RaftServerConfigKeys (ConfUtils.java:logGet(43)) - raft.server.retrycache.expirytime = 600000ms (custom)
2019-10-13 09:56:42,796 [pool-77-thread-1] INFO  segmented.SegmentedRaftLogWorker (SegmentedRaftLogWorker.java:lambda$new$0(128)) - 5ec5c77b-e482-4ac4-adaa-cbdaadae6a77@group-DE5BED3D1A7C-SegmentedRaftLogWorker: flushIndex: setUnconditionally 0 -> -1
2019-10-13 09:56:42,796 [pool-87-thread-1] INFO  segmented.SegmentedRaftLogWorker (SegmentedRaftLogWorker.java:lambda$new$0(128)) - 2e39f6a9-a8a7-4bc7-ab66-c20f98d2b88e@group-DE5BED3D1A7C-SegmentedRaftLogWorker: flushIndex: setUnconditionally 0 -> -1
2019-10-13 09:56:42,797 [pool-77-thread-1] INFO  server.RaftServerConfigKeys (ConfUtils.java:logGet(43)) - raft.server.snapshot.auto.trigger.enabled = true (custom)
2019-10-13 09:56:42,797 [pool-77-thread-1] INFO  server.RaftServerConfigKeys (ConfUtils.java:logGet(43)) - raft.server.snapshot.auto.trigger.threshold = 10000 (custom)
2019-10-13 09:56:42,797 [pool-87-thread-1] INFO  server.RaftServerConfigKeys (ConfUtils.java:logGet(43)) - raft.server.snapshot.auto.trigger.enabled = true (custom)
2019-10-13 09:56:42,797 [pool-77-thread-1] INFO  server.RaftServerConfigKeys (ConfUtils.java:logGet(43)) - raft.server.snapshot.retention.file.num = 5 (custom)
2019-10-13 09:56:42,797 [pool-87-thread-1] INFO  server.RaftServerConfigKeys (ConfUtils.java:logGet(43)) - raft.server.snapshot.auto.trigger.threshold = 10000 (custom)
2019-10-13 09:56:42,797 [pool-77-thread-1] INFO  server.RaftServerConfigKeys (ConfUtils.java:logGet(43)) - raft.server.retrycache.expirytime = 600000ms (custom)
2019-10-13 09:56:42,797 [pool-87-thread-1] INFO  server.RaftServerConfigKeys (ConfUtils.java:logGet(43)) - raft.server.snapshot.retention.file.num = 5 (custom)
2019-10-13 09:56:42,798 [pool-87-thread-1] INFO  server.RaftServerConfigKeys (ConfUtils.java:logGet(43)) - raft.server.retrycache.expirytime = 600000ms (custom)
2019-10-13 09:56:42,799 [pool-97-thread-1] INFO  impl.RaftServerImpl (RaftServerImpl.java:start(181)) - a1eedb78-e40d-4a86-8cc8-e22fbad1f292@group-702171738496: start as a follower, conf=-1: [2e39f6a9-a8a7-4bc7-ab66-c20f98d2b88e:192.168.164.225:36883, 5ec5c77b-e482-4ac4-adaa-cbdaadae6a77:192.168.164.225:44259, a1eedb78-e40d-4a86-8cc8-e22fbad1f292:192.168.164.225:43352], old=null
2019-10-13 09:56:42,799 [pool-97-thread-1] INFO  impl.RaftServerImpl (RaftServerImpl.java:setRole(170)) - a1eedb78-e40d-4a86-8cc8-e22fbad1f292@group-702171738496: changes role from      null to FOLLOWER at term 0 for startAsFollower
2019-10-13 09:56:42,799 [pool-97-thread-1] INFO  impl.RoleInfo (RoleInfo.java:updateAndGet(143)) - a1eedb78-e40d-4a86-8cc8-e22fbad1f292: start FollowerState
2019-10-13 09:56:42,799 [pool-97-thread-1] INFO  util.JmxRegister (JmxRegister.java:tryRegister(44)) - Successfully registered JMX Bean with object name Ratis:service=RaftServer,group=group-702171738496,id=a1eedb78-e40d-4a86-8cc8-e22fbad1f292
2019-10-13 09:56:42,802 [pool-77-thread-1] INFO  impl.RaftServerProxy (RaftServerProxy.java:remove(95)) - 5ec5c77b-e482-4ac4-adaa-cbdaadae6a77: remove      null 5ec5c77b-e482-4ac4-adaa-cbdaadae6a77@group-DE5BED3D1A7C:t0, leader=null, voted=null, raftlog=5ec5c77b-e482-4ac4-adaa-cbdaadae6a77@group-DE5BED3D1A7C-SegmentedRaftLog:OPENED:c-1,f-1,i0, conf=-1: [2e39f6a9-a8a7-4bc7-ab66-c20f98d2b88e:192.168.164.225:36883, 5ec5c77b-e482-4ac4-adaa-cbdaadae6a77:192.168.164.225:44259, a1eedb78-e40d-4a86-8cc8-e22fbad1f292:192.168.164.225:43352], old=null NEW
2019-10-13 09:56:42,802 [pool-87-thread-1] INFO  impl.RaftServerProxy (RaftServerProxy.java:remove(95)) - 2e39f6a9-a8a7-4bc7-ab66-c20f98d2b88e: remove      null 2e39f6a9-a8a7-4bc7-ab66-c20f98d2b88e@group-DE5BED3D1A7C:t0, leader=null, voted=null, raftlog=2e39f6a9-a8a7-4bc7-ab66-c20f98d2b88e@group-DE5BED3D1A7C-SegmentedRaftLog:OPENED:c-1,f-1,i0, conf=-1: [2e39f6a9-a8a7-4bc7-ab66-c20f98d2b88e:192.168.164.225:36883, 5ec5c77b-e482-4ac4-adaa-cbdaadae6a77:192.168.164.225:44259, a1eedb78-e40d-4a86-8cc8-e22fbad1f292:192.168.164.225:43352], old=null NEW
2019-10-13 09:56:42,803 [pool-97-thread-1] INFO  impl.RaftServerImpl (RaftServerImpl.java:start(181)) - a1eedb78-e40d-4a86-8cc8-e22fbad1f292@group-DE5BED3D1A7C: start as a follower, conf=-1: [2e39f6a9-a8a7-4bc7-ab66-c20f98d2b88e:192.168.164.225:36883, 5ec5c77b-e482-4ac4-adaa-cbdaadae6a77:192.168.164.225:44259, a1eedb78-e40d-4a86-8cc8-e22fbad1f292:192.168.164.225:43352], old=null
2019-10-13 09:56:42,805 [pool-97-thread-1] INFO  impl.RaftServerImpl (RaftServerImpl.java:setRole(170)) - a1eedb78-e40d-4a86-8cc8-e22fbad1f292@group-DE5BED3D1A7C: changes role from      null to FOLLOWER at term 0 for startAsFollower
2019-10-13 09:56:42,805 [pool-97-thread-1] INFO  impl.RoleInfo (RoleInfo.java:updateAndGet(143)) - a1eedb78-e40d-4a86-8cc8-e22fbad1f292: start FollowerState
2019-10-13 09:56:42,805 [pool-87-thread-1] WARN  impl.RaftServerProxy (RaftServerProxy.java:lambda$groupAddAsync$11(388)) - 2e39f6a9-a8a7-4bc7-ab66-c20f98d2b88e: Failed groupAdd* GroupManagementRequest:client-AF1B73AA5B43->2e39f6a9-a8a7-4bc7-ab66-c20f98d2b88e@group-DE5BED3D1A7C, cid=22, seq=0, RW, null, Add:group-DE5BED3D1A7C:[2e39f6a9-a8a7-4bc7-ab66-c20f98d2b88e:192.168.164.225:36883, 5ec5c77b-e482-4ac4-adaa-cbdaadae6a77:192.168.164.225:44259, a1eedb78-e40d-4a86-8cc8-e22fbad1f292:192.168.164.225:43352]
java.util.concurrent.CompletionException: java.util.concurrent.RejectedExecutionException: Task java.util.concurrent.CompletableFuture$UniApply@5905031 rejected from java.util.concurrent.ThreadPoolExecutor@4f27e688[Shutting down, pool size = 1, active threads = 1, queued tasks = 1, completed tasks = 5]
	at java.util.concurrent.CompletableFuture.encodeThrowable(CompletableFuture.java:273)
	at java.util.concurrent.CompletableFuture.completeThrowable(CompletableFuture.java:280)
	at java.util.concurrent.CompletableFuture.uniApply(CompletableFuture.java:604)
	at java.util.concurrent.CompletableFuture$UniApply.tryFire(CompletableFuture.java:577)
	at java.util.concurrent.CompletableFuture.postComplete(CompletableFuture.java:474)
	at java.util.concurrent.CompletableFuture$AsyncSupply.run(CompletableFuture.java:1595)
	at java.util.concurrent.ThreadPoolExecutor.runWorker(ThreadPoolExecutor.java:1149)
	at java.util.concurrent.ThreadPoolExecutor$Worker.run(ThreadPoolExecutor.java:624)
	at java.lang.Thread.run(Thread.java:748)
Caused by: java.util.concurrent.RejectedExecutionException: Task java.util.concurrent.CompletableFuture$UniApply@5905031 rejected from java.util.concurrent.ThreadPoolExecutor@4f27e688[Shutting down, pool size = 1, active threads = 1, queued tasks = 1, completed tasks = 5]
	at java.util.concurrent.ThreadPoolExecutor$AbortPolicy.rejectedExecution(ThreadPoolExecutor.java:2063)
	at java.util.concurrent.ThreadPoolExecutor.reject(ThreadPoolExecutor.java:830)
	at java.util.concurrent.ThreadPoolExecutor.execute(ThreadPoolExecutor.java:1379)
	at java.util.concurrent.Executors$DelegatedExecutorService.execute(Executors.java:668)
	at java.util.concurrent.CompletableFuture$UniCompletion.claim(CompletableFuture.java:529)
	at java.util.concurrent.CompletableFuture.uniApply(CompletableFuture.java:599)
	... 6 more
2019-10-13 09:56:42,806 [pool-97-thread-1] INFO  util.JmxRegister (JmxRegister.java:tryRegister(44)) - Successfully registered JMX Bean with object name Ratis:service=RaftServer,group=group-DE5BED3D1A7C,id=a1eedb78-e40d-4a86-8cc8-e22fbad1f292
2019-10-13 09:56:42,805 [pool-77-thread-1] WARN  impl.RaftServerProxy (RaftServerProxy.java:lambda$groupAddAsync$11(388)) - 5ec5c77b-e482-4ac4-adaa-cbdaadae6a77: Failed groupAdd* GroupManagementRequest:client-5BA166A219F4->5ec5c77b-e482-4ac4-adaa-cbdaadae6a77@group-DE5BED3D1A7C, cid=21, seq=0, RW, null, Add:group-DE5BED3D1A7C:[2e39f6a9-a8a7-4bc7-ab66-c20f98d2b88e:192.168.164.225:36883, 5ec5c77b-e482-4ac4-adaa-cbdaadae6a77:192.168.164.225:44259, a1eedb78-e40d-4a86-8cc8-e22fbad1f292:192.168.164.225:43352]
java.util.concurrent.CompletionException: java.util.concurrent.RejectedExecutionException: Task java.util.concurrent.CompletableFuture$UniApply@6a985cbc rejected from java.util.concurrent.ThreadPoolExecutor@21e31aa1[Shutting down, pool size = 1, active threads = 1, queued tasks = 1, completed tasks = 5]
	at java.util.concurrent.CompletableFuture.encodeThrowable(CompletableFuture.java:273)
	at java.util.concurrent.CompletableFuture.completeThrowable(CompletableFuture.java:280)
	at java.util.concurrent.CompletableFuture.uniApply(CompletableFuture.java:604)
	at java.util.concurrent.CompletableFuture$UniApply.tryFire(CompletableFuture.java:577)
	at java.util.concurrent.CompletableFuture.postComplete(CompletableFuture.java:474)
	at java.util.concurrent.CompletableFuture$AsyncSupply.run(CompletableFuture.java:1595)
	at java.util.concurrent.ThreadPoolExecutor.runWorker(ThreadPoolExecutor.java:1149)
	at java.util.concurrent.ThreadPoolExecutor$Worker.run(ThreadPoolExecutor.java:624)
	at java.lang.Thread.run(Thread.java:748)
Caused by: java.util.concurrent.RejectedExecutionException: Task java.util.concurrent.CompletableFuture$UniApply@6a985cbc rejected from java.util.concurrent.ThreadPoolExecutor@21e31aa1[Shutting down, pool size = 1, active threads = 1, queued tasks = 1, completed tasks = 5]
	at java.util.concurrent.ThreadPoolExecutor$AbortPolicy.rejectedExecution(ThreadPoolExecutor.java:2063)
	at java.util.concurrent.ThreadPoolExecutor.reject(ThreadPoolExecutor.java:830)
	at java.util.concurrent.ThreadPoolExecutor.execute(ThreadPoolExecutor.java:1379)
	at java.util.concurrent.Executors$DelegatedExecutorService.execute(Executors.java:668)
	at java.util.concurrent.CompletableFuture$UniCompletion.claim(CompletableFuture.java:529)
	at java.util.concurrent.CompletableFuture.uniApply(CompletableFuture.java:599)
	... 6 more
2019-10-13 09:56:42,807 [pool-87-thread-1] INFO  impl.RaftServerImpl (RaftServerImpl.java:start(181)) - 2e39f6a9-a8a7-4bc7-ab66-c20f98d2b88e@group-702171738496: start as a follower, conf=-1: [2e39f6a9-a8a7-4bc7-ab66-c20f98d2b88e:192.168.164.225:36883, 5ec5c77b-e482-4ac4-adaa-cbdaadae6a77:192.168.164.225:44259, a1eedb78-e40d-4a86-8cc8-e22fbad1f292:192.168.164.225:43352], old=null
2019-10-13 09:56:42,808 [pool-87-thread-1] INFO  impl.RaftServerImpl (RaftServerImpl.java:setRole(170)) - 2e39f6a9-a8a7-4bc7-ab66-c20f98d2b88e@group-702171738496: changes role from      null to FOLLOWER at term 0 for startAsFollower
2019-10-13 09:56:42,808 [pool-77-thread-1] INFO  impl.RaftServerImpl (RaftServerImpl.java:start(181)) - 5ec5c77b-e482-4ac4-adaa-cbdaadae6a77@group-702171738496: start as a follower, conf=-1: [2e39f6a9-a8a7-4bc7-ab66-c20f98d2b88e:192.168.164.225:36883, 5ec5c77b-e482-4ac4-adaa-cbdaadae6a77:192.168.164.225:44259, a1eedb78-e40d-4a86-8cc8-e22fbad1f292:192.168.164.225:43352], old=null
2019-10-13 09:56:42,808 [pool-87-thread-1] INFO  impl.RoleInfo (RoleInfo.java:updateAndGet(143)) - 2e39f6a9-a8a7-4bc7-ab66-c20f98d2b88e: start FollowerState
2019-10-13 09:56:42,808 [pool-77-thread-1] INFO  impl.RaftServerImpl (RaftServerImpl.java:setRole(170)) - 5ec5c77b-e482-4ac4-adaa-cbdaadae6a77@group-702171738496: changes role from      null to FOLLOWER at term 0 for startAsFollower
2019-10-13 09:56:42,808 [pool-77-thread-1] INFO  impl.RoleInfo (RoleInfo.java:updateAndGet(143)) - 5ec5c77b-e482-4ac4-adaa-cbdaadae6a77: start FollowerState
2019-10-13 09:56:42,808 [pool-87-thread-1] INFO  util.JmxRegister (JmxRegister.java:tryRegister(44)) - Successfully registered JMX Bean with object name Ratis:service=RaftServer,group=group-702171738496,id=2e39f6a9-a8a7-4bc7-ab66-c20f98d2b88e
2019-10-13 09:56:42,813 [pool-77-thread-1] INFO  util.JmxRegister (JmxRegister.java:tryRegister(44)) - Successfully registered JMX Bean with object name Ratis:service=RaftServer,group=group-702171738496,id=5ec5c77b-e482-4ac4-adaa-cbdaadae6a77
2019-10-13 09:56:42,817 [main] INFO  impl.RaftServerProxy (RaftServerProxy.java:lambda$close$4(314)) - 2e39f6a9-a8a7-4bc7-ab66-c20f98d2b88e: close
2019-10-13 09:56:42,818 [ForkJoinPool.commonPool-worker-1] INFO  impl.RaftServerProxy (RaftServerProxy.java:lambda$close$4(314)) - 5ec5c77b-e482-4ac4-adaa-cbdaadae6a77: close
2019-10-13 09:56:42,818 [main] INFO  impl.RaftServerImpl (RaftServerImpl.java:lambda$shutdown$3(247)) - 2e39f6a9-a8a7-4bc7-ab66-c20f98d2b88e@group-9886E0AC82D1: shutdown
2019-10-13 09:56:42,818 [ForkJoinPool.commonPool-worker-1] INFO  impl.RaftServerImpl (RaftServerImpl.java:lambda$shutdown$3(247)) - 5ec5c77b-e482-4ac4-adaa-cbdaadae6a77@group-24612A63177E: shutdown
2019-10-13 09:56:42,819 [main] INFO  util.JmxRegister (JmxRegister.java:unregister(73)) - Successfully un-registered JMX Bean with object name Ratis:service=RaftServer,group=group-9886E0AC82D1,id=2e39f6a9-a8a7-4bc7-ab66-c20f98d2b88e
2019-10-13 09:56:42,819 [ForkJoinPool.commonPool-worker-1] INFO  util.JmxRegister (JmxRegister.java:unregister(73)) - Successfully un-registered JMX Bean with object name Ratis:service=RaftServer,group=group-24612A63177E,id=5ec5c77b-e482-4ac4-adaa-cbdaadae6a77
2019-10-13 09:56:42,819 [main] INFO  impl.RoleInfo (RoleInfo.java:shutdownFollowerState(121)) - 2e39f6a9-a8a7-4bc7-ab66-c20f98d2b88e: shutdown FollowerState
2019-10-13 09:56:42,819 [ForkJoinPool.commonPool-worker-1] INFO  impl.RoleInfo (RoleInfo.java:shutdownLeaderState(104)) - 5ec5c77b-e482-4ac4-adaa-cbdaadae6a77: shutdown LeaderState
2019-10-13 09:56:42,820 [Thread-434] INFO  impl.FollowerState (FollowerState.java:run(117)) - 2e39f6a9-a8a7-4bc7-ab66-c20f98d2b88e@group-9886E0AC82D1-FollowerState was interrupted: java.lang.InterruptedException: sleep interrupted
2019-10-13 09:56:42,820 [main] INFO  impl.StateMachineUpdater (StateMachineUpdater.java:stopAndJoin(136)) - 2e39f6a9-a8a7-4bc7-ab66-c20f98d2b88e@group-9886E0AC82D1-StateMachineUpdater: set stopIndex = -1
2019-10-13 09:56:42,823 [main] INFO  impl.RaftServerImpl (ServerState.java:close(387)) - 2e39f6a9-a8a7-4bc7-ab66-c20f98d2b88e@group-9886E0AC82D1: closes. applyIndex: -1
2019-10-13 09:56:42,822 [ForkJoinPool.commonPool-worker-1] INFO  impl.PendingRequests (PendingRequests.java:sendNotLeaderResponses(202)) - 5ec5c77b-e482-4ac4-adaa-cbdaadae6a77@group-24612A63177E-PendingRequests: sendNotLeaderResponses
2019-10-13 09:56:42,824 [2e39f6a9-a8a7-4bc7-ab66-c20f98d2b88e@group-9886E0AC82D1-SegmentedRaftLogWorker] INFO  segmented.SegmentedRaftLogWorker (SegmentedRaftLogWorker.java:run(316)) - 2e39f6a9-a8a7-4bc7-ab66-c20f98d2b88e@group-9886E0AC82D1-SegmentedRaftLogWorker was interrupted, exiting. There are 0 tasks remaining in the queue.
2019-10-13 09:56:42,824 [ForkJoinPool.commonPool-worker-1] INFO  impl.StateMachineUpdater (StateMachineUpdater.java:stopAndJoin(136)) - 5ec5c77b-e482-4ac4-adaa-cbdaadae6a77@group-24612A63177E-StateMachineUpdater: set stopIndex = 0
2019-10-13 09:56:42,824 [main] INFO  segmented.SegmentedRaftLogWorker (SegmentedRaftLogWorker.java:close(224)) - 2e39f6a9-a8a7-4bc7-ab66-c20f98d2b88e@group-9886E0AC82D1-SegmentedRaftLogWorker close()
2019-10-13 09:56:42,826 [ForkJoinPool.commonPool-worker-1] INFO  impl.RaftServerImpl (ServerState.java:close(387)) - 5ec5c77b-e482-4ac4-adaa-cbdaadae6a77@group-24612A63177E: closes. applyIndex: 0
2019-10-13 09:56:42,828 [main] INFO  impl.RaftServerImpl (RaftServerImpl.java:lambda$shutdown$3(247)) - 2e39f6a9-a8a7-4bc7-ab66-c20f98d2b88e@group-702171738496: shutdown
2019-10-13 09:56:42,829 [5ec5c77b-e482-4ac4-adaa-cbdaadae6a77@group-24612A63177E-SegmentedRaftLogWorker] INFO  segmented.SegmentedRaftLogWorker (SegmentedRaftLogWorker.java:run(316)) - 5ec5c77b-e482-4ac4-adaa-cbdaadae6a77@group-24612A63177E-SegmentedRaftLogWorker was interrupted, exiting. There are 0 tasks remaining in the queue.
2019-10-13 09:56:42,829 [main] INFO  util.JmxRegister (JmxRegister.java:unregister(73)) - Successfully un-registered JMX Bean with object name Ratis:service=RaftServer,group=group-702171738496,id=2e39f6a9-a8a7-4bc7-ab66-c20f98d2b88e
2019-10-13 09:56:42,830 [ForkJoinPool.commonPool-worker-1] INFO  segmented.SegmentedRaftLogWorker (SegmentedRaftLogWorker.java:close(224)) - 5ec5c77b-e482-4ac4-adaa-cbdaadae6a77@group-24612A63177E-SegmentedRaftLogWorker close()
2019-10-13 09:56:42,830 [main] INFO  impl.RoleInfo (RoleInfo.java:shutdownFollowerState(121)) - 2e39f6a9-a8a7-4bc7-ab66-c20f98d2b88e: shutdown FollowerState
2019-10-13 09:56:42,833 [ForkJoinPool.commonPool-worker-1] INFO  impl.RaftServerImpl (RaftServerImpl.java:lambda$shutdown$3(247)) - 5ec5c77b-e482-4ac4-adaa-cbdaadae6a77@group-9886E0AC82D1: shutdown
2019-10-13 09:56:42,834 [Thread-445] INFO  impl.FollowerState (FollowerState.java:run(117)) - 2e39f6a9-a8a7-4bc7-ab66-c20f98d2b88e@group-702171738496-FollowerState was interrupted: java.lang.InterruptedException: sleep interrupted
2019-10-13 09:56:42,833 [main] INFO  impl.StateMachineUpdater (StateMachineUpdater.java:stopAndJoin(136)) - 2e39f6a9-a8a7-4bc7-ab66-c20f98d2b88e@group-702171738496-StateMachineUpdater: set stopIndex = -1
2019-10-13 09:56:42,835 [ForkJoinPool.commonPool-worker-1] INFO  util.JmxRegister (JmxRegister.java:unregister(73)) - Successfully un-registered JMX Bean with object name Ratis:service=RaftServer,group=group-9886E0AC82D1,id=5ec5c77b-e482-4ac4-adaa-cbdaadae6a77
2019-10-13 09:56:42,837 [main] INFO  impl.RaftServerImpl (ServerState.java:close(387)) - 2e39f6a9-a8a7-4bc7-ab66-c20f98d2b88e@group-702171738496: closes. applyIndex: -1
2019-10-13 09:56:42,837 [ForkJoinPool.commonPool-worker-1] INFO  impl.RoleInfo (RoleInfo.java:shutdownFollowerState(121)) - 5ec5c77b-e482-4ac4-adaa-cbdaadae6a77: shutdown FollowerState
2019-10-13 09:56:42,837 [2e39f6a9-a8a7-4bc7-ab66-c20f98d2b88e@group-702171738496-SegmentedRaftLogWorker] INFO  segmented.SegmentedRaftLogWorker (SegmentedRaftLogWorker.java:run(316)) - 2e39f6a9-a8a7-4bc7-ab66-c20f98d2b88e@group-702171738496-SegmentedRaftLogWorker was interrupted, exiting. There are 0 tasks remaining in the queue.
2019-10-13 09:56:42,838 [Thread-436] INFO  impl.FollowerState (FollowerState.java:run(117)) - 5ec5c77b-e482-4ac4-adaa-cbdaadae6a77@group-9886E0AC82D1-FollowerState was interrupted: java.lang.InterruptedException: sleep interrupted
2019-10-13 09:56:42,838 [ForkJoinPool.commonPool-worker-1] INFO  impl.StateMachineUpdater (StateMachineUpdater.java:stopAndJoin(136)) - 5ec5c77b-e482-4ac4-adaa-cbdaadae6a77@group-9886E0AC82D1-StateMachineUpdater: set stopIndex = -1
2019-10-13 09:56:42,838 [main] INFO  segmented.SegmentedRaftLogWorker (SegmentedRaftLogWorker.java:close(224)) - 2e39f6a9-a8a7-4bc7-ab66-c20f98d2b88e@group-702171738496-SegmentedRaftLogWorker close()
2019-10-13 09:56:42,840 [ForkJoinPool.commonPool-worker-1] INFO  impl.RaftServerImpl (ServerState.java:close(387)) - 5ec5c77b-e482-4ac4-adaa-cbdaadae6a77@group-9886E0AC82D1: closes. applyIndex: -1
2019-10-13 09:56:42,843 [main] INFO  impl.RaftServerImpl (RaftServerImpl.java:lambda$shutdown$3(247)) - 2e39f6a9-a8a7-4bc7-ab66-c20f98d2b88e@group-DED65B60FD4F: shutdown
2019-10-13 09:56:42,843 [5ec5c77b-e482-4ac4-adaa-cbdaadae6a77@group-9886E0AC82D1-SegmentedRaftLogWorker] INFO  segmented.SegmentedRaftLogWorker (SegmentedRaftLogWorker.java:run(316)) - 5ec5c77b-e482-4ac4-adaa-cbdaadae6a77@group-9886E0AC82D1-SegmentedRaftLogWorker was interrupted, exiting. There are 0 tasks remaining in the queue.
2019-10-13 09:56:42,843 [main] INFO  util.JmxRegister (JmxRegister.java:unregister(73)) - Successfully un-registered JMX Bean with object name Ratis:service=RaftServer,group=group-DED65B60FD4F,id=2e39f6a9-a8a7-4bc7-ab66-c20f98d2b88e
2019-10-13 09:56:42,843 [ForkJoinPool.commonPool-worker-1] INFO  segmented.SegmentedRaftLogWorker (SegmentedRaftLogWorker.java:close(224)) - 5ec5c77b-e482-4ac4-adaa-cbdaadae6a77@group-9886E0AC82D1-SegmentedRaftLogWorker close()
2019-10-13 09:56:42,844 [main] INFO  impl.RoleInfo (RoleInfo.java:shutdownLeaderState(104)) - 2e39f6a9-a8a7-4bc7-ab66-c20f98d2b88e: shutdown LeaderState
2019-10-13 09:56:42,846 [ForkJoinPool.commonPool-worker-1] INFO  impl.RaftServerImpl (RaftServerImpl.java:lambda$shutdown$3(247)) - 5ec5c77b-e482-4ac4-adaa-cbdaadae6a77@group-702171738496: shutdown
2019-10-13 09:56:42,846 [main] INFO  impl.PendingRequests (PendingRequests.java:sendNotLeaderResponses(202)) - 2e39f6a9-a8a7-4bc7-ab66-c20f98d2b88e@group-DED65B60FD4F-PendingRequests: sendNotLeaderResponses
2019-10-13 09:56:42,846 [ForkJoinPool.commonPool-worker-1] INFO  util.JmxRegister (JmxRegister.java:unregister(73)) - Successfully un-registered JMX Bean with object name Ratis:service=RaftServer,group=group-702171738496,id=5ec5c77b-e482-4ac4-adaa-cbdaadae6a77
2019-10-13 09:56:42,846 [main] INFO  impl.StateMachineUpdater (StateMachineUpdater.java:stopAndJoin(136)) - 2e39f6a9-a8a7-4bc7-ab66-c20f98d2b88e@group-DED65B60FD4F-StateMachineUpdater: set stopIndex = 0
2019-10-13 09:56:42,847 [ForkJoinPool.commonPool-worker-1] INFO  impl.RoleInfo (RoleInfo.java:shutdownFollowerState(121)) - 5ec5c77b-e482-4ac4-adaa-cbdaadae6a77: shutdown FollowerState
2019-10-13 09:56:42,848 [main] INFO  impl.RaftServerImpl (ServerState.java:close(387)) - 2e39f6a9-a8a7-4bc7-ab66-c20f98d2b88e@group-DED65B60FD4F: closes. applyIndex: 0
2019-10-13 09:56:42,848 [Thread-446] INFO  impl.FollowerState (FollowerState.java:run(117)) - 5ec5c77b-e482-4ac4-adaa-cbdaadae6a77@group-702171738496-FollowerState was interrupted: java.lang.InterruptedException: sleep interrupted
2019-10-13 09:56:42,849 [2e39f6a9-a8a7-4bc7-ab66-c20f98d2b88e@group-DED65B60FD4F-SegmentedRaftLogWorker] INFO  segmented.SegmentedRaftLogWorker (SegmentedRaftLogWorker.java:run(316)) - 2e39f6a9-a8a7-4bc7-ab66-c20f98d2b88e@group-DED65B60FD4F-SegmentedRaftLogWorker was interrupted, exiting. There are 0 tasks remaining in the queue.
2019-10-13 09:56:42,848 [ForkJoinPool.commonPool-worker-1] INFO  impl.StateMachineUpdater (StateMachineUpdater.java:stopAndJoin(136)) - 5ec5c77b-e482-4ac4-adaa-cbdaadae6a77@group-702171738496-StateMachineUpdater: set stopIndex = -1
2019-10-13 09:56:42,854 [ForkJoinPool.commonPool-worker-1] INFO  impl.RaftServerImpl (ServerState.java:close(387)) - 5ec5c77b-e482-4ac4-adaa-cbdaadae6a77@group-702171738496: closes. applyIndex: -1
2019-10-13 09:56:42,854 [main] INFO  segmented.SegmentedRaftLogWorker (SegmentedRaftLogWorker.java:close(224)) - 2e39f6a9-a8a7-4bc7-ab66-c20f98d2b88e@group-DED65B60FD4F-SegmentedRaftLogWorker close()
2019-10-13 09:56:42,855 [5ec5c77b-e482-4ac4-adaa-cbdaadae6a77@group-702171738496-SegmentedRaftLogWorker] INFO  segmented.SegmentedRaftLogWorker (SegmentedRaftLogWorker.java:run(316)) - 5ec5c77b-e482-4ac4-adaa-cbdaadae6a77@group-702171738496-SegmentedRaftLogWorker was interrupted, exiting. There are 0 tasks remaining in the queue.
2019-10-13 09:56:42,857 [ForkJoinPool.commonPool-worker-1] INFO  segmented.SegmentedRaftLogWorker (SegmentedRaftLogWorker.java:close(224)) - 5ec5c77b-e482-4ac4-adaa-cbdaadae6a77@group-702171738496-SegmentedRaftLogWorker close()
2019-10-13 09:56:42,857 [main] INFO  server.GrpcService (GrpcService.java:closeImpl(164)) - 2e39f6a9-a8a7-4bc7-ab66-c20f98d2b88e: shutdown server with port 36883 now
2019-10-13 09:56:42,861 [ForkJoinPool.commonPool-worker-1] INFO  server.GrpcService (GrpcService.java:closeImpl(164)) - 5ec5c77b-e482-4ac4-adaa-cbdaadae6a77: shutdown server with port 44259 now
2019-10-13 09:56:42,863 [main] INFO  server.GrpcService (GrpcService.java:closeImpl(172)) - 2e39f6a9-a8a7-4bc7-ab66-c20f98d2b88e: shutdown server with port 36883 successfully
2019-10-13 09:56:42,865 [ForkJoinPool.commonPool-worker-1] INFO  server.GrpcService (GrpcService.java:closeImpl(172)) - 5ec5c77b-e482-4ac4-adaa-cbdaadae6a77: shutdown server with port 44259 successfully
2019-10-13 09:56:42,868 [refreshUsed-/workdir/hadoop-ozone/integration-test/target/test-dir/MiniOzoneClusterImpl-ab2c19e4-bd12-4d81-a7c2-cea9bc284305/datanode-0/data/containers] WARN  fs.CachingGetSpaceUsed (CachingGetSpaceUsed.java:run(183)) - Thread Interrupted waiting to refresh disk information: sleep interrupted
2019-10-13 09:56:42,873 [refreshUsed-/workdir/hadoop-ozone/integration-test/target/test-dir/MiniOzoneClusterImpl-ab2c19e4-bd12-4d81-a7c2-cea9bc284305/datanode-1/data/containers] WARN  fs.CachingGetSpaceUsed (CachingGetSpaceUsed.java:run(183)) - Thread Interrupted waiting to refresh disk information: sleep interrupted
2019-10-13 09:56:42,888 [main] INFO  utils.BackgroundService (BackgroundService.java:shutdown(151)) - Shutting down service BlockDeletingService
2019-10-13 09:56:42,890 [ForkJoinPool.commonPool-worker-1] INFO  utils.BackgroundService (BackgroundService.java:shutdown(151)) - Shutting down service BlockDeletingService
2019-10-13 09:56:42,891 [main] INFO  statemachine.DatanodeStateMachine (DatanodeStateMachine.java:stopDaemon(395)) - Ozone container server stopped.
2019-10-13 09:56:42,894 [ForkJoinPool.commonPool-worker-1] INFO  statemachine.DatanodeStateMachine (DatanodeStateMachine.java:stopDaemon(395)) - Ozone container server stopped.
2019-10-13 09:56:42,896 [main] INFO  handler.ContextHandler (ContextHandler.java:doStop(910)) - Stopped o.e.j.w.WebAppContext@33956d1a{/,null,UNAVAILABLE}{/hddsDatanode}
2019-10-13 09:56:42,897 [ForkJoinPool.commonPool-worker-1] INFO  handler.ContextHandler (ContextHandler.java:doStop(910)) - Stopped o.e.j.w.WebAppContext@432f521f{/,null,UNAVAILABLE}{/hddsDatanode}
2019-10-13 09:56:42,897 [main] INFO  server.AbstractConnector (AbstractConnector.java:doStop(318)) - Stopped ServerConnector@2e1ddc90{HTTP/1.1,[http/1.1]}{0.0.0.0:0}
2019-10-13 09:56:42,898 [ForkJoinPool.commonPool-worker-1] INFO  server.AbstractConnector (AbstractConnector.java:doStop(318)) - Stopped ServerConnector@2d7a9786{HTTP/1.1,[http/1.1]}{0.0.0.0:0}
2019-10-13 09:56:42,898 [main] INFO  handler.ContextHandler (ContextHandler.java:doStop(910)) - Stopped o.e.j.s.ServletContextHandler@e26af6{/static,jar:file:/home/user/.m2/repository/org/apache/hadoop/hadoop-hdds-container-service/0.5.0-SNAPSHOT/hadoop-hdds-container-service-0.5.0-SNAPSHOT.jar!/webapps/static,UNAVAILABLE}
2019-10-13 09:56:42,899 [ForkJoinPool.commonPool-worker-1] INFO  handler.ContextHandler (ContextHandler.java:doStop(910)) - Stopped o.e.j.s.ServletContextHandler@3f736a16{/static,jar:file:/home/user/.m2/repository/org/apache/hadoop/hadoop-hdds-container-service/0.5.0-SNAPSHOT/hadoop-hdds-container-service-0.5.0-SNAPSHOT.jar!/webapps/static,UNAVAILABLE}
2019-10-13 09:56:42,899 [main] INFO  handler.ContextHandler (ContextHandler.java:doStop(910)) - Stopped o.e.j.s.ServletContextHandler@75a0c890{/logs,file:///workdir/hadoop-ozone/integration-test/target/log,UNAVAILABLE}
2019-10-13 09:56:42,900 [ForkJoinPool.commonPool-worker-1] INFO  handler.ContextHandler (ContextHandler.java:doStop(910)) - Stopped o.e.j.s.ServletContextHandler@fe34b86{/logs,file:///workdir/hadoop-ozone/integration-test/target/log,UNAVAILABLE}
2019-10-13 09:56:43,153 [Datanode State Machine Thread - 0] INFO  statemachine.DatanodeStateMachine (DatanodeStateMachine.java:lambda$startDaemon$0(350)) - Ozone container server started.
2019-10-13 09:56:43,747 [Thread-435] INFO  impl.FollowerState (FollowerState.java:run(108)) - a1eedb78-e40d-4a86-8cc8-e22fbad1f292@group-9886E0AC82D1-FollowerState: change to CANDIDATE, lastRpcTime:5124ms, electionTimeout:5122ms
2019-10-13 09:56:43,748 [Thread-435] INFO  impl.RoleInfo (RoleInfo.java:shutdownFollowerState(121)) - a1eedb78-e40d-4a86-8cc8-e22fbad1f292: shutdown FollowerState
2019-10-13 09:56:43,748 [Thread-435] INFO  impl.RaftServerImpl (RaftServerImpl.java:setRole(170)) - a1eedb78-e40d-4a86-8cc8-e22fbad1f292@group-9886E0AC82D1: changes role from  FOLLOWER to CANDIDATE at term 1 for changeToCandidate
2019-10-13 09:56:43,749 [Thread-435] INFO  impl.RoleInfo (RoleInfo.java:updateAndGet(143)) - a1eedb78-e40d-4a86-8cc8-e22fbad1f292: start LeaderElection
2019-10-13 09:56:44,846 [a1eedb78-e40d-4a86-8cc8-e22fbad1f292@group-9886E0AC82D1-LeaderElection12] INFO  impl.LeaderElection (LeaderElection.java:askForVotes(178)) - a1eedb78-e40d-4a86-8cc8-e22fbad1f292@group-9886E0AC82D1-LeaderElection12: begin an election at term 2 for -1: [2e39f6a9-a8a7-4bc7-ab66-c20f98d2b88e:192.168.164.225:36883, 5ec5c77b-e482-4ac4-adaa-cbdaadae6a77:192.168.164.225:44259, a1eedb78-e40d-4a86-8cc8-e22fbad1f292:192.168.164.225:43352], old=null
2019-10-13 09:56:44,853 [a1eedb78-e40d-4a86-8cc8-e22fbad1f292@group-9886E0AC82D1-LeaderElection12] INFO  impl.LeaderElection (LogUtils.java:infoOrTrace(149)) - a1eedb78-e40d-4a86-8cc8-e22fbad1f292@group-9886E0AC82D1-LeaderElection12 got exception when requesting votes: {}
java.util.concurrent.ExecutionException: org.apache.ratis.thirdparty.io.grpc.StatusRuntimeException: UNAVAILABLE: io exception
	at java.util.concurrent.FutureTask.report(FutureTask.java:122)
	at java.util.concurrent.FutureTask.get(FutureTask.java:192)
	at org.apache.ratis.server.impl.LeaderElection.waitForResults(LeaderElection.java:259)
	at org.apache.ratis.server.impl.LeaderElection.askForVotes(LeaderElection.java:197)
	at org.apache.ratis.server.impl.LeaderElection.run(LeaderElection.java:133)
	at java.lang.Thread.run(Thread.java:748)
Caused by: org.apache.ratis.thirdparty.io.grpc.StatusRuntimeException: UNAVAILABLE: io exception
	at org.apache.ratis.thirdparty.io.grpc.stub.ClientCalls.toStatusRuntimeException(ClientCalls.java:233)
	at org.apache.ratis.thirdparty.io.grpc.stub.ClientCalls.getUnchecked(ClientCalls.java:214)
	at org.apache.ratis.thirdparty.io.grpc.stub.ClientCalls.blockingUnaryCall(ClientCalls.java:139)
	at org.apache.ratis.proto.grpc.RaftServerProtocolServiceGrpc$RaftServerProtocolServiceBlockingStub.requestVote(RaftServerProtocolServiceGrpc.java:265)
	at org.apache.ratis.grpc.server.GrpcServerProtocolClient.requestVote(GrpcServerProtocolClient.java:99)
	at org.apache.ratis.grpc.server.GrpcService.requestVote(GrpcService.java:204)
	at org.apache.ratis.server.impl.LeaderElection.lambda$submitRequests$1(LeaderElection.java:234)
	at java.util.concurrent.FutureTask.run(FutureTask.java:266)
	at java.util.concurrent.Executors$RunnableAdapter.call(Executors.java:511)
	at java.util.concurrent.FutureTask.run(FutureTask.java:266)
	at java.util.concurrent.ThreadPoolExecutor.runWorker(ThreadPoolExecutor.java:1149)
	at java.util.concurrent.ThreadPoolExecutor$Worker.run(ThreadPoolExecutor.java:624)
	... 1 more
Caused by: org.apache.ratis.thirdparty.io.netty.channel.AbstractChannel$AnnotatedConnectException: Connection refused: /192.168.164.225:36883
	at sun.nio.ch.SocketChannelImpl.checkConnect(Native Method)
	at sun.nio.ch.SocketChannelImpl.finishConnect(SocketChannelImpl.java:717)
	at org.apache.ratis.thirdparty.io.netty.channel.socket.nio.NioSocketChannel.doFinishConnect(NioSocketChannel.java:327)
	at org.apache.ratis.thirdparty.io.netty.channel.nio.AbstractNioChannel$AbstractNioUnsafe.finishConnect(AbstractNioChannel.java:340)
	at org.apache.ratis.thirdparty.io.netty.channel.nio.NioEventLoop.processSelectedKey(NioEventLoop.java:632)
	at org.apache.ratis.thirdparty.io.netty.channel.nio.NioEventLoop.processSelectedKeysOptimized(NioEventLoop.java:579)
	at org.apache.ratis.thirdparty.io.netty.channel.nio.NioEventLoop.processSelectedKeys(NioEventLoop.java:496)
	at org.apache.ratis.thirdparty.io.netty.channel.nio.NioEventLoop.run(NioEventLoop.java:458)
	at org.apache.ratis.thirdparty.io.netty.util.concurrent.SingleThreadEventExecutor$5.run(SingleThreadEventExecutor.java:897)
	at org.apache.ratis.thirdparty.io.netty.util.concurrent.FastThreadLocalRunnable.run(FastThreadLocalRunnable.java:30)
	... 1 more
Caused by: java.net.ConnectException: Connection refused
	... 11 more
2019-10-13 09:56:44,855 [a1eedb78-e40d-4a86-8cc8-e22fbad1f292@group-9886E0AC82D1-LeaderElection12] INFO  impl.LeaderElection (LogUtils.java:infoOrTrace(149)) - a1eedb78-e40d-4a86-8cc8-e22fbad1f292@group-9886E0AC82D1-LeaderElection12 got exception when requesting votes: {}
java.util.concurrent.ExecutionException: org.apache.ratis.thirdparty.io.grpc.StatusRuntimeException: UNAVAILABLE: io exception
	at java.util.concurrent.FutureTask.report(FutureTask.java:122)
	at java.util.concurrent.FutureTask.get(FutureTask.java:192)
	at org.apache.ratis.server.impl.LeaderElection.waitForResults(LeaderElection.java:259)
	at org.apache.ratis.server.impl.LeaderElection.askForVotes(LeaderElection.java:197)
	at org.apache.ratis.server.impl.LeaderElection.run(LeaderElection.java:133)
	at java.lang.Thread.run(Thread.java:748)
Caused by: org.apache.ratis.thirdparty.io.grpc.StatusRuntimeException: UNAVAILABLE: io exception
	at org.apache.ratis.thirdparty.io.grpc.stub.ClientCalls.toStatusRuntimeException(ClientCalls.java:233)
	at org.apache.ratis.thirdparty.io.grpc.stub.ClientCalls.getUnchecked(ClientCalls.java:214)
	at org.apache.ratis.thirdparty.io.grpc.stub.ClientCalls.blockingUnaryCall(ClientCalls.java:139)
	at org.apache.ratis.proto.grpc.RaftServerProtocolServiceGrpc$RaftServerProtocolServiceBlockingStub.requestVote(RaftServerProtocolServiceGrpc.java:265)
	at org.apache.ratis.grpc.server.GrpcServerProtocolClient.requestVote(GrpcServerProtocolClient.java:99)
	at org.apache.ratis.grpc.server.GrpcService.requestVote(GrpcService.java:204)
	at org.apache.ratis.server.impl.LeaderElection.lambda$submitRequests$1(LeaderElection.java:234)
	at java.util.concurrent.FutureTask.run(FutureTask.java:266)
	at java.util.concurrent.Executors$RunnableAdapter.call(Executors.java:511)
	at java.util.concurrent.FutureTask.run(FutureTask.java:266)
	at java.util.concurrent.ThreadPoolExecutor.runWorker(ThreadPoolExecutor.java:1149)
	at java.util.concurrent.ThreadPoolExecutor$Worker.run(ThreadPoolExecutor.java:624)
	... 1 more
Caused by: org.apache.ratis.thirdparty.io.netty.channel.AbstractChannel$AnnotatedConnectException: Connection refused: /192.168.164.225:44259
	at sun.nio.ch.SocketChannelImpl.checkConnect(Native Method)
	at sun.nio.ch.SocketChannelImpl.finishConnect(SocketChannelImpl.java:717)
	at org.apache.ratis.thirdparty.io.netty.channel.socket.nio.NioSocketChannel.doFinishConnect(NioSocketChannel.java:327)
	at org.apache.ratis.thirdparty.io.netty.channel.nio.AbstractNioChannel$AbstractNioUnsafe.finishConnect(AbstractNioChannel.java:340)
	at org.apache.ratis.thirdparty.io.netty.channel.nio.NioEventLoop.processSelectedKey(NioEventLoop.java:632)
	at org.apache.ratis.thirdparty.io.netty.channel.nio.NioEventLoop.processSelectedKeysOptimized(NioEventLoop.java:579)
	at org.apache.ratis.thirdparty.io.netty.channel.nio.NioEventLoop.processSelectedKeys(NioEventLoop.java:496)
	at org.apache.ratis.thirdparty.io.netty.channel.nio.NioEventLoop.run(NioEventLoop.java:458)
	at org.apache.ratis.thirdparty.io.netty.util.concurrent.SingleThreadEventExecutor$5.run(SingleThreadEventExecutor.java:897)
	at org.apache.ratis.thirdparty.io.netty.util.concurrent.FastThreadLocalRunnable.run(FastThreadLocalRunnable.java:30)
	... 1 more
Caused by: java.net.ConnectException: Connection refused
	... 11 more
2019-10-13 09:56:44,856 [a1eedb78-e40d-4a86-8cc8-e22fbad1f292@group-9886E0AC82D1-LeaderElection12] INFO  impl.LeaderElection (LeaderElection.java:logAndReturn(56)) - a1eedb78-e40d-4a86-8cc8-e22fbad1f292@group-9886E0AC82D1-LeaderElection12: Election REJECTED; received 0 response(s) [] and 2 exception(s); a1eedb78-e40d-4a86-8cc8-e22fbad1f292@group-9886E0AC82D1:t2, leader=null, voted=a1eedb78-e40d-4a86-8cc8-e22fbad1f292, raftlog=a1eedb78-e40d-4a86-8cc8-e22fbad1f292@group-9886E0AC82D1-SegmentedRaftLog:OPENED:c-1,f-1,i0, conf=-1: [2e39f6a9-a8a7-4bc7-ab66-c20f98d2b88e:192.168.164.225:36883, 5ec5c77b-e482-4ac4-adaa-cbdaadae6a77:192.168.164.225:44259, a1eedb78-e40d-4a86-8cc8-e22fbad1f292:192.168.164.225:43352], old=null
2019-10-13 09:56:44,856 [a1eedb78-e40d-4a86-8cc8-e22fbad1f292@group-9886E0AC82D1-LeaderElection12] INFO  impl.LeaderElection (LogUtils.java:infoOrTrace(149)) -   Exception 0: {}
java.util.concurrent.ExecutionException: org.apache.ratis.thirdparty.io.grpc.StatusRuntimeException: UNAVAILABLE: io exception
	at java.util.concurrent.FutureTask.report(FutureTask.java:122)
	at java.util.concurrent.FutureTask.get(FutureTask.java:192)
	at org.apache.ratis.server.impl.LeaderElection.waitForResults(LeaderElection.java:259)
	at org.apache.ratis.server.impl.LeaderElection.askForVotes(LeaderElection.java:197)
	at org.apache.ratis.server.impl.LeaderElection.run(LeaderElection.java:133)
	at java.lang.Thread.run(Thread.java:748)
Caused by: org.apache.ratis.thirdparty.io.grpc.StatusRuntimeException: UNAVAILABLE: io exception
	at org.apache.ratis.thirdparty.io.grpc.stub.ClientCalls.toStatusRuntimeException(ClientCalls.java:233)
	at org.apache.ratis.thirdparty.io.grpc.stub.ClientCalls.getUnchecked(ClientCalls.java:214)
	at org.apache.ratis.thirdparty.io.grpc.stub.ClientCalls.blockingUnaryCall(ClientCalls.java:139)
	at org.apache.ratis.proto.grpc.RaftServerProtocolServiceGrpc$RaftServerProtocolServiceBlockingStub.requestVote(RaftServerProtocolServiceGrpc.java:265)
	at org.apache.ratis.grpc.server.GrpcServerProtocolClient.requestVote(GrpcServerProtocolClient.java:99)
	at org.apache.ratis.grpc.server.GrpcService.requestVote(GrpcService.java:204)
	at org.apache.ratis.server.impl.LeaderElection.lambda$submitRequests$1(LeaderElection.java:234)
	at java.util.concurrent.FutureTask.run(FutureTask.java:266)
	at java.util.concurrent.Executors$RunnableAdapter.call(Executors.java:511)
	at java.util.concurrent.FutureTask.run(FutureTask.java:266)
	at java.util.concurrent.ThreadPoolExecutor.runWorker(ThreadPoolExecutor.java:1149)
	at java.util.concurrent.ThreadPoolExecutor$Worker.run(ThreadPoolExecutor.java:624)
	... 1 more
Caused by: org.apache.ratis.thirdparty.io.netty.channel.AbstractChannel$AnnotatedConnectException: Connection refused: /192.168.164.225:36883
	at sun.nio.ch.SocketChannelImpl.checkConnect(Native Method)
	at sun.nio.ch.SocketChannelImpl.finishConnect(SocketChannelImpl.java:717)
	at org.apache.ratis.thirdparty.io.netty.channel.socket.nio.NioSocketChannel.doFinishConnect(NioSocketChannel.java:327)
	at org.apache.ratis.thirdparty.io.netty.channel.nio.AbstractNioChannel$AbstractNioUnsafe.finishConnect(AbstractNioChannel.java:340)
	at org.apache.ratis.thirdparty.io.netty.channel.nio.NioEventLoop.processSelectedKey(NioEventLoop.java:632)
	at org.apache.ratis.thirdparty.io.netty.channel.nio.NioEventLoop.processSelectedKeysOptimized(NioEventLoop.java:579)
	at org.apache.ratis.thirdparty.io.netty.channel.nio.NioEventLoop.processSelectedKeys(NioEventLoop.java:496)
	at org.apache.ratis.thirdparty.io.netty.channel.nio.NioEventLoop.run(NioEventLoop.java:458)
	at org.apache.ratis.thirdparty.io.netty.util.concurrent.SingleThreadEventExecutor$5.run(SingleThreadEventExecutor.java:897)
	at org.apache.ratis.thirdparty.io.netty.util.concurrent.FastThreadLocalRunnable.run(FastThreadLocalRunnable.java:30)
	... 1 more
Caused by: java.net.ConnectException: Connection refused
	... 11 more
2019-10-13 09:56:44,856 [a1eedb78-e40d-4a86-8cc8-e22fbad1f292@group-9886E0AC82D1-LeaderElection12] INFO  impl.LeaderElection (LogUtils.java:infoOrTrace(149)) -   Exception 1: {}
java.util.concurrent.ExecutionException: org.apache.ratis.thirdparty.io.grpc.StatusRuntimeException: UNAVAILABLE: io exception
	at java.util.concurrent.FutureTask.report(FutureTask.java:122)
	at java.util.concurrent.FutureTask.get(FutureTask.java:192)
	at org.apache.ratis.server.impl.LeaderElection.waitForResults(LeaderElection.java:259)
	at org.apache.ratis.server.impl.LeaderElection.askForVotes(LeaderElection.java:197)
	at org.apache.ratis.server.impl.LeaderElection.run(LeaderElection.java:133)
	at java.lang.Thread.run(Thread.java:748)
Caused by: org.apache.ratis.thirdparty.io.grpc.StatusRuntimeException: UNAVAILABLE: io exception
	at org.apache.ratis.thirdparty.io.grpc.stub.ClientCalls.toStatusRuntimeException(ClientCalls.java:233)
	at org.apache.ratis.thirdparty.io.grpc.stub.ClientCalls.getUnchecked(ClientCalls.java:214)
	at org.apache.ratis.thirdparty.io.grpc.stub.ClientCalls.blockingUnaryCall(ClientCalls.java:139)
	at org.apache.ratis.proto.grpc.RaftServerProtocolServiceGrpc$RaftServerProtocolServiceBlockingStub.requestVote(RaftServerProtocolServiceGrpc.java:265)
	at org.apache.ratis.grpc.server.GrpcServerProtocolClient.requestVote(GrpcServerProtocolClient.java:99)
	at org.apache.ratis.grpc.server.GrpcService.requestVote(GrpcService.java:204)
	at org.apache.ratis.server.impl.LeaderElection.lambda$submitRequests$1(LeaderElection.java:234)
	at java.util.concurrent.FutureTask.run(FutureTask.java:266)
	at java.util.concurrent.Executors$RunnableAdapter.call(Executors.java:511)
	at java.util.concurrent.FutureTask.run(FutureTask.java:266)
	at java.util.concurrent.ThreadPoolExecutor.runWorker(ThreadPoolExecutor.java:1149)
	at java.util.concurrent.ThreadPoolExecutor$Worker.run(ThreadPoolExecutor.java:624)
	... 1 more
Caused by: org.apache.ratis.thirdparty.io.netty.channel.AbstractChannel$AnnotatedConnectException: Connection refused: /192.168.164.225:44259
	at sun.nio.ch.SocketChannelImpl.checkConnect(Native Method)
	at sun.nio.ch.SocketChannelImpl.finishConnect(SocketChannelImpl.java:717)
	at org.apache.ratis.thirdparty.io.netty.channel.socket.nio.NioSocketChannel.doFinishConnect(NioSocketChannel.java:327)
	at org.apache.ratis.thirdparty.io.netty.channel.nio.AbstractNioChannel$AbstractNioUnsafe.finishConnect(AbstractNioChannel.java:340)
	at org.apache.ratis.thirdparty.io.netty.channel.nio.NioEventLoop.processSelectedKey(NioEventLoop.java:632)
	at org.apache.ratis.thirdparty.io.netty.channel.nio.NioEventLoop.processSelectedKeysOptimized(NioEventLoop.java:579)
	at org.apache.ratis.thirdparty.io.netty.channel.nio.NioEventLoop.processSelectedKeys(NioEventLoop.java:496)
	at org.apache.ratis.thirdparty.io.netty.channel.nio.NioEventLoop.run(NioEventLoop.java:458)
	at org.apache.ratis.thirdparty.io.netty.util.concurrent.SingleThreadEventExecutor$5.run(SingleThreadEventExecutor.java:897)
	at org.apache.ratis.thirdparty.io.netty.util.concurrent.FastThreadLocalRunnable.run(FastThreadLocalRunnable.java:30)
	... 1 more
Caused by: java.net.ConnectException: Connection refused
	... 11 more
2019-10-13 09:56:44,857 [a1eedb78-e40d-4a86-8cc8-e22fbad1f292@group-9886E0AC82D1-LeaderElection12] INFO  impl.RaftServerImpl (RaftServerImpl.java:setRole(170)) - a1eedb78-e40d-4a86-8cc8-e22fbad1f292@group-9886E0AC82D1: changes role from CANDIDATE to FOLLOWER at term 2 for DISCOVERED_A_NEW_TERM
2019-10-13 09:56:44,858 [a1eedb78-e40d-4a86-8cc8-e22fbad1f292@group-9886E0AC82D1-LeaderElection12] INFO  impl.RoleInfo (RoleInfo.java:shutdownLeaderElection(134)) - a1eedb78-e40d-4a86-8cc8-e22fbad1f292: shutdown LeaderElection
2019-10-13 09:56:44,859 [a1eedb78-e40d-4a86-8cc8-e22fbad1f292@group-9886E0AC82D1-LeaderElection12] INFO  impl.RoleInfo (RoleInfo.java:updateAndGet(143)) - a1eedb78-e40d-4a86-8cc8-e22fbad1f292: start FollowerState
2019-10-13 09:56:47,844 [Thread-440] INFO  impl.FollowerState (FollowerState.java:run(108)) - a1eedb78-e40d-4a86-8cc8-e22fbad1f292@group-702171738496-FollowerState: change to CANDIDATE, lastRpcTime:5045ms, electionTimeout:5045ms
2019-10-13 09:56:47,846 [Thread-440] INFO  impl.RoleInfo (RoleInfo.java:shutdownFollowerState(121)) - a1eedb78-e40d-4a86-8cc8-e22fbad1f292: shutdown FollowerState
2019-10-13 09:56:47,846 [Thread-440] INFO  impl.RaftServerImpl (RaftServerImpl.java:setRole(170)) - a1eedb78-e40d-4a86-8cc8-e22fbad1f292@group-702171738496: changes role from  FOLLOWER to CANDIDATE at term 0 for changeToCandidate
2019-10-13 09:56:47,847 [Thread-440] INFO  impl.RoleInfo (RoleInfo.java:updateAndGet(143)) - a1eedb78-e40d-4a86-8cc8-e22fbad1f292: start LeaderElection
2019-10-13 09:56:47,901 [main] INFO  ozoneimpl.OzoneContainer (OzoneContainer.java:stop(227)) - Attempting to stop container services.
2019-10-13 09:56:47,902 [main] INFO  impl.RaftServerProxy (RaftServerProxy.java:lambda$close$4(314)) - a1eedb78-e40d-4a86-8cc8-e22fbad1f292: close
2019-10-13 09:56:47,903 [main] INFO  impl.RaftServerImpl (RaftServerImpl.java:lambda$shutdown$3(247)) - a1eedb78-e40d-4a86-8cc8-e22fbad1f292@group-DE5BED3D1A7C: shutdown
2019-10-13 09:56:47,903 [ForkJoinPool.commonPool-worker-0] INFO  impl.RaftServerImpl (RaftServerImpl.java:lambda$shutdown$3(247)) - a1eedb78-e40d-4a86-8cc8-e22fbad1f292@group-9886E0AC82D1: shutdown
2019-10-13 09:56:47,904 [main] INFO  util.JmxRegister (JmxRegister.java:unregister(73)) - Successfully un-registered JMX Bean with object name Ratis:service=RaftServer,group=group-DE5BED3D1A7C,id=a1eedb78-e40d-4a86-8cc8-e22fbad1f292
2019-10-13 09:56:47,904 [ForkJoinPool.commonPool-worker-0] INFO  util.JmxRegister (JmxRegister.java:unregister(73)) - Successfully un-registered JMX Bean with object name Ratis:service=RaftServer,group=group-9886E0AC82D1,id=a1eedb78-e40d-4a86-8cc8-e22fbad1f292
2019-10-13 09:56:47,904 [main] INFO  impl.RoleInfo (RoleInfo.java:shutdownFollowerState(121)) - a1eedb78-e40d-4a86-8cc8-e22fbad1f292: shutdown FollowerState
2019-10-13 09:56:47,904 [ForkJoinPool.commonPool-worker-0] INFO  impl.RoleInfo (RoleInfo.java:shutdownFollowerState(121)) - a1eedb78-e40d-4a86-8cc8-e22fbad1f292: shutdown FollowerState
2019-10-13 09:56:47,905 [Thread-442] INFO  impl.FollowerState (FollowerState.java:run(117)) - a1eedb78-e40d-4a86-8cc8-e22fbad1f292@group-DE5BED3D1A7C-FollowerState was interrupted: java.lang.InterruptedException: sleep interrupted
2019-10-13 09:56:47,905 [main] INFO  impl.StateMachineUpdater (StateMachineUpdater.java:stopAndJoin(136)) - a1eedb78-e40d-4a86-8cc8-e22fbad1f292@group-DE5BED3D1A7C-StateMachineUpdater: set stopIndex = -1
2019-10-13 09:56:47,906 [Thread-453] INFO  impl.FollowerState (FollowerState.java:run(117)) - a1eedb78-e40d-4a86-8cc8-e22fbad1f292@group-9886E0AC82D1-FollowerState was interrupted: java.lang.InterruptedException: sleep interrupted
2019-10-13 09:56:47,906 [ForkJoinPool.commonPool-worker-0] INFO  impl.StateMachineUpdater (StateMachineUpdater.java:stopAndJoin(136)) - a1eedb78-e40d-4a86-8cc8-e22fbad1f292@group-9886E0AC82D1-StateMachineUpdater: set stopIndex = -1
2019-10-13 09:56:47,908 [main] INFO  impl.RaftServerImpl (ServerState.java:close(387)) - a1eedb78-e40d-4a86-8cc8-e22fbad1f292@group-DE5BED3D1A7C: closes. applyIndex: -1
2019-10-13 09:56:47,909 [ForkJoinPool.commonPool-worker-0] INFO  impl.RaftServerImpl (ServerState.java:close(387)) - a1eedb78-e40d-4a86-8cc8-e22fbad1f292@group-9886E0AC82D1: closes. applyIndex: -1
2019-10-13 09:56:47,910 [a1eedb78-e40d-4a86-8cc8-e22fbad1f292@group-DE5BED3D1A7C-SegmentedRaftLogWorker] INFO  segmented.SegmentedRaftLogWorker (SegmentedRaftLogWorker.java:run(316)) - a1eedb78-e40d-4a86-8cc8-e22fbad1f292@group-DE5BED3D1A7C-SegmentedRaftLogWorker was interrupted, exiting. There are 0 tasks remaining in the queue.
2019-10-13 09:56:47,910 [a1eedb78-e40d-4a86-8cc8-e22fbad1f292@group-9886E0AC82D1-SegmentedRaftLogWorker] INFO  segmented.SegmentedRaftLogWorker (SegmentedRaftLogWorker.java:run(316)) - a1eedb78-e40d-4a86-8cc8-e22fbad1f292@group-9886E0AC82D1-SegmentedRaftLogWorker was interrupted, exiting. There are 0 tasks remaining in the queue.
2019-10-13 09:56:47,910 [main] INFO  segmented.SegmentedRaftLogWorker (SegmentedRaftLogWorker.java:close(224)) - a1eedb78-e40d-4a86-8cc8-e22fbad1f292@group-DE5BED3D1A7C-SegmentedRaftLogWorker close()
2019-10-13 09:56:47,910 [ForkJoinPool.commonPool-worker-0] INFO  segmented.SegmentedRaftLogWorker (SegmentedRaftLogWorker.java:close(224)) - a1eedb78-e40d-4a86-8cc8-e22fbad1f292@group-9886E0AC82D1-SegmentedRaftLogWorker close()
2019-10-13 09:56:47,911 [main] INFO  impl.RaftServerImpl (RaftServerImpl.java:lambda$shutdown$3(247)) - a1eedb78-e40d-4a86-8cc8-e22fbad1f292@group-B9197D35BAD3: shutdown
2019-10-13 09:56:47,912 [ForkJoinPool.commonPool-worker-0] INFO  impl.RaftServerImpl (RaftServerImpl.java:lambda$shutdown$3(247)) - a1eedb78-e40d-4a86-8cc8-e22fbad1f292@group-702171738496: shutdown
2019-10-13 09:56:47,913 [main] INFO  util.JmxRegister (JmxRegister.java:unregister(73)) - Successfully un-registered JMX Bean with object name Ratis:service=RaftServer,group=group-B9197D35BAD3,id=a1eedb78-e40d-4a86-8cc8-e22fbad1f292
2019-10-13 09:56:47,913 [ForkJoinPool.commonPool-worker-0] INFO  util.JmxRegister (JmxRegister.java:unregister(73)) - Successfully un-registered JMX Bean with object name Ratis:service=RaftServer,group=group-702171738496,id=a1eedb78-e40d-4a86-8cc8-e22fbad1f292
2019-10-13 09:56:47,913 [main] INFO  impl.RoleInfo (RoleInfo.java:shutdownLeaderState(104)) - a1eedb78-e40d-4a86-8cc8-e22fbad1f292: shutdown LeaderState
2019-10-13 09:56:47,913 [ForkJoinPool.commonPool-worker-0] INFO  impl.RoleInfo (RoleInfo.java:shutdownLeaderElection(134)) - a1eedb78-e40d-4a86-8cc8-e22fbad1f292: shutdown LeaderElection
2019-10-13 09:56:47,914 [main] INFO  impl.PendingRequests (PendingRequests.java:sendNotLeaderResponses(202)) - a1eedb78-e40d-4a86-8cc8-e22fbad1f292@group-B9197D35BAD3-PendingRequests: sendNotLeaderResponses
2019-10-13 09:56:47,914 [ForkJoinPool.commonPool-worker-0] INFO  impl.StateMachineUpdater (StateMachineUpdater.java:stopAndJoin(136)) - a1eedb78-e40d-4a86-8cc8-e22fbad1f292@group-702171738496-StateMachineUpdater: set stopIndex = -1
2019-10-13 09:56:47,915 [main] INFO  impl.StateMachineUpdater (StateMachineUpdater.java:stopAndJoin(136)) - a1eedb78-e40d-4a86-8cc8-e22fbad1f292@group-B9197D35BAD3-StateMachineUpdater: set stopIndex = 0
2019-10-13 09:56:47,915 [ForkJoinPool.commonPool-worker-0] INFO  impl.RaftServerImpl (ServerState.java:close(387)) - a1eedb78-e40d-4a86-8cc8-e22fbad1f292@group-702171738496: closes. applyIndex: -1
2019-10-13 09:56:47,919 [main] INFO  impl.RaftServerImpl (ServerState.java:close(387)) - a1eedb78-e40d-4a86-8cc8-e22fbad1f292@group-B9197D35BAD3: closes. applyIndex: 0
2019-10-13 09:56:47,919 [a1eedb78-e40d-4a86-8cc8-e22fbad1f292@group-702171738496-SegmentedRaftLogWorker] INFO  segmented.SegmentedRaftLogWorker (SegmentedRaftLogWorker.java:run(316)) - a1eedb78-e40d-4a86-8cc8-e22fbad1f292@group-702171738496-SegmentedRaftLogWorker was interrupted, exiting. There are 0 tasks remaining in the queue.
2019-10-13 09:56:47,920 [ForkJoinPool.commonPool-worker-0] INFO  segmented.SegmentedRaftLogWorker (SegmentedRaftLogWorker.java:close(224)) - a1eedb78-e40d-4a86-8cc8-e22fbad1f292@group-702171738496-SegmentedRaftLogWorker close()
2019-10-13 09:56:47,920 [a1eedb78-e40d-4a86-8cc8-e22fbad1f292@group-B9197D35BAD3-SegmentedRaftLogWorker] INFO  segmented.SegmentedRaftLogWorker (SegmentedRaftLogWorker.java:run(316)) - a1eedb78-e40d-4a86-8cc8-e22fbad1f292@group-B9197D35BAD3-SegmentedRaftLogWorker was interrupted, exiting. There are 0 tasks remaining in the queue.
2019-10-13 09:56:48,073 [main] INFO  segmented.SegmentedRaftLogWorker (SegmentedRaftLogWorker.java:close(224)) - a1eedb78-e40d-4a86-8cc8-e22fbad1f292@group-B9197D35BAD3-SegmentedRaftLogWorker close()
2019-10-13 09:56:48,075 [main] INFO  server.GrpcService (GrpcService.java:closeImpl(164)) - a1eedb78-e40d-4a86-8cc8-e22fbad1f292: shutdown server with port 43352 now
2019-10-13 09:56:48,077 [main] INFO  server.GrpcService (GrpcService.java:closeImpl(172)) - a1eedb78-e40d-4a86-8cc8-e22fbad1f292: shutdown server with port 43352 successfully
2019-10-13 09:56:48,080 [refreshUsed-/workdir/hadoop-ozone/integration-test/target/test-dir/MiniOzoneClusterImpl-ab2c19e4-bd12-4d81-a7c2-cea9bc284305/datanode-2/data/containers] WARN  fs.CachingGetSpaceUsed (CachingGetSpaceUsed.java:run(183)) - Thread Interrupted waiting to refresh disk information: sleep interrupted
2019-10-13 09:56:48,098 [main] INFO  utils.BackgroundService (BackgroundService.java:shutdown(151)) - Shutting down service BlockDeletingService
2019-10-13 09:56:48,101 [main] INFO  statemachine.DatanodeStateMachine (DatanodeStateMachine.java:stopDaemon(395)) - Ozone container server stopped.
2019-10-13 09:56:48,102 [main] INFO  handler.ContextHandler (ContextHandler.java:doStop(910)) - Stopped o.e.j.w.WebAppContext@474821de{/,null,UNAVAILABLE}{/hddsDatanode}
2019-10-13 09:56:48,103 [main] INFO  server.AbstractConnector (AbstractConnector.java:doStop(318)) - Stopped ServerConnector@3d64c581{HTTP/1.1,[http/1.1]}{0.0.0.0:0}
2019-10-13 09:56:48,103 [main] INFO  handler.ContextHandler (ContextHandler.java:doStop(910)) - Stopped o.e.j.s.ServletContextHandler@427ae189{/static,jar:file:/home/user/.m2/repository/org/apache/hadoop/hadoop-hdds-container-service/0.5.0-SNAPSHOT/hadoop-hdds-container-service-0.5.0-SNAPSHOT.jar!/webapps/static,UNAVAILABLE}
2019-10-13 09:56:48,104 [main] INFO  handler.ContextHandler (ContextHandler.java:doStop(910)) - Stopped o.e.j.s.ServletContextHandler@4784efd9{/logs,file:///workdir/hadoop-ozone/integration-test/target/log,UNAVAILABLE}
2019-10-13 09:56:48,104 [main] INFO  ozone.MiniOzoneClusterImpl (MiniOzoneClusterImpl.java:stopSCM(392)) - Stopping the StorageContainerManager
2019-10-13 09:56:48,104 [main] INFO  server.StorageContainerManager (StorageContainerManager.java:stop(810)) - Stopping Replication Manager Service.
2019-10-13 09:56:48,104 [main] INFO  container.ReplicationManager (ReplicationManager.java:stop(203)) - Stopping Replication Monitor Thread.
2019-10-13 09:56:48,105 [main] INFO  server.StorageContainerManager (StorageContainerManager.java:stop(817)) - Stopping Lease Manager of the command watchers
2019-10-13 09:56:48,105 [main] INFO  server.StorageContainerManager (StorageContainerManager.java:stop(824)) - Stopping datanode service RPC server
2019-10-13 09:56:48,105 [main] INFO  server.SCMDatanodeProtocolServer (SCMDatanodeProtocolServer.java:stop(346)) - Stopping the RPC server for DataNodes
2019-10-13 09:56:48,105 [main] INFO  ipc.Server (Server.java:stop(3082)) - Stopping server on 36637
2019-10-13 09:56:48,106 [IPC Server listener on 36637] INFO  ipc.Server (Server.java:run(1185)) - Stopping IPC Server listener on 36637
2019-10-13 09:56:48,108 [IPC Server Responder] INFO  ipc.Server (Server.java:run(1319)) - Stopping IPC Server Responder
2019-10-13 09:56:48,200 [SCM Heartbeat Processing Thread - 0] WARN  node.NodeStateManager (NodeStateManager.java:scheduleNextHealthCheck(646)) - Current Thread is interrupted, shutting down HB processing thread for Node Manager.
2019-10-13 09:56:48,200 [main] INFO  server.StorageContainerManager (StorageContainerManager.java:stop(832)) - Stopping block service RPC server
2019-10-13 09:56:48,200 [a1eedb78-e40d-4a86-8cc8-e22fbad1f292@group-702171738496-LeaderElection13] INFO  impl.LeaderElection (LeaderElection.java:askForVotes(178)) - a1eedb78-e40d-4a86-8cc8-e22fbad1f292@group-702171738496-LeaderElection13: begin an election at term 1 for -1: [2e39f6a9-a8a7-4bc7-ab66-c20f98d2b88e:192.168.164.225:36883, 5ec5c77b-e482-4ac4-adaa-cbdaadae6a77:192.168.164.225:44259, a1eedb78-e40d-4a86-8cc8-e22fbad1f292:192.168.164.225:43352], old=null
2019-10-13 09:56:48,201 [main] INFO  server.SCMBlockProtocolServer (SCMBlockProtocolServer.java:stop(155)) - Stopping the RPC server for Block Protocol
2019-10-13 09:56:48,201 [a1eedb78-e40d-4a86-8cc8-e22fbad1f292@group-702171738496-LeaderElection13] INFO  impl.LeaderElection (LeaderElection.java:run(137)) - a1eedb78-e40d-4a86-8cc8-e22fbad1f292@group-702171738496-LeaderElection13: IllegalArgumentException is safely ignored since this is already CLOSING
java.lang.IllegalArgumentException: a1eedb78-e40d-4a86-8cc8-e22fbad1f292@group-702171738496-SegmentedRaftLog is expected to be opened but it is CLOSED
	at org.apache.ratis.util.OpenCloseState.assertOpen(OpenCloseState.java:63)
	at org.apache.ratis.server.raftlog.RaftLog.checkLogState(RaftLog.java:102)
	at org.apache.ratis.server.raftlog.segmented.SegmentedRaftLog.getLastEntryTermIndex(SegmentedRaftLog.java:345)
	at org.apache.ratis.server.impl.LeaderElection.askForVotes(LeaderElection.java:180)
	at org.apache.ratis.server.impl.LeaderElection.run(LeaderElection.java:133)
	at java.lang.Thread.run(Thread.java:748)
Caused by: org.apache.ratis.util.OpenCloseState$CloseTrace: Close a1eedb78-e40d-4a86-8cc8-e22fbad1f292@group-702171738496-SegmentedRaftLog
	at org.apache.ratis.util.OpenCloseState.lambda$close$1(OpenCloseState.java:109)
	at java.util.concurrent.atomic.AtomicReference.getAndUpdate(AtomicReference.java:160)
	at org.apache.ratis.util.OpenCloseState.close(OpenCloseState.java:109)
	at org.apache.ratis.server.raftlog.RaftLog.close(RaftLog.java:437)
	at org.apache.ratis.server.raftlog.segmented.SegmentedRaftLog.close(SegmentedRaftLog.java:500)
	at org.apache.ratis.server.impl.ServerState.close(ServerState.java:389)
	at org.apache.ratis.server.impl.RaftServerImpl.lambda$shutdown$3(RaftServerImpl.java:269)
	at org.apache.ratis.util.LifeCycle.lambda$checkStateAndClose$2(LifeCycle.java:231)
	at org.apache.ratis.util.LifeCycle.checkStateAndClose(LifeCycle.java:251)
	at org.apache.ratis.util.LifeCycle.checkStateAndClose(LifeCycle.java:229)
	at org.apache.ratis.server.impl.RaftServerImpl.shutdown(RaftServerImpl.java:246)
	at org.apache.ratis.server.impl.RaftServerProxy$ImplMap.lambda$close$0(RaftServerProxy.java:107)
	at java.util.stream.ForEachOps$ForEachOp$OfRef.accept(ForEachOps.java:184)
	at java.util.stream.ReferencePipeline$3$1.accept(ReferencePipeline.java:193)
	at java.util.concurrent.ConcurrentHashMap$ValueSpliterator.forEachRemaining(ConcurrentHashMap.java:3566)
	at java.util.stream.AbstractPipeline.copyInto(AbstractPipeline.java:482)
	at java.util.stream.ForEachOps$ForEachTask.compute(ForEachOps.java:291)
	at java.util.concurrent.CountedCompleter.exec(CountedCompleter.java:731)
	at java.util.concurrent.ForkJoinTask.doExec(ForkJoinTask.java:289)
	at java.util.concurrent.ForkJoinPool$WorkQueue.runTask(ForkJoinPool.java:1056)
	at java.util.concurrent.ForkJoinPool.runWorker(ForkJoinPool.java:1692)
	at java.util.concurrent.ForkJoinWorkerThread.run(ForkJoinWorkerThread.java:157)
2019-10-13 09:56:48,201 [main] INFO  ipc.Server (Server.java:stop(3082)) - Stopping server on 44633
2019-10-13 09:56:48,203 [main] INFO  server.StorageContainerManager (StorageContainerManager.java:stop(839)) - Stopping the StorageContainerLocationProtocol RPC server
2019-10-13 09:56:48,204 [IPC Server listener on 44633] INFO  ipc.Server (Server.java:run(1185)) - Stopping IPC Server listener on 44633
2019-10-13 09:56:48,204 [IPC Server Responder] INFO  ipc.Server (Server.java:run(1319)) - Stopping IPC Server Responder
2019-10-13 09:56:48,204 [main] INFO  server.SCMClientProtocolServer (SCMClientProtocolServer.java:stop(168)) - Stopping the RPC server for Client Protocol
2019-10-13 09:56:48,204 [main] INFO  ipc.Server (Server.java:stop(3082)) - Stopping server on 34698
2019-10-13 09:56:48,206 [IPC Server listener on 34698] INFO  ipc.Server (Server.java:run(1185)) - Stopping IPC Server listener on 34698
2019-10-13 09:56:48,206 [main] INFO  server.StorageContainerManager (StorageContainerManager.java:stop(846)) - Stopping Storage Container Manager HTTP server.
2019-10-13 09:56:48,207 [IPC Server Responder] INFO  ipc.Server (Server.java:run(1319)) - Stopping IPC Server Responder
2019-10-13 09:56:48,207 [main] INFO  handler.ContextHandler (ContextHandler.java:doStop(910)) - Stopped o.e.j.w.WebAppContext@445bb139{/,null,UNAVAILABLE}{/scm}
2019-10-13 09:56:48,208 [main] INFO  server.AbstractConnector (AbstractConnector.java:doStop(318)) - Stopped ServerConnector@b9a77c8{HTTP/1.1,[http/1.1]}{0.0.0.0:0}
2019-10-13 09:56:48,208 [main] INFO  handler.ContextHandler (ContextHandler.java:doStop(910)) - Stopped o.e.j.s.ServletContextHandler@7c8c70d6{/static,file:///workdir/hadoop-ozone/integration-test/target/test-classes/webapps/static,UNAVAILABLE}
2019-10-13 09:56:48,209 [main] INFO  handler.ContextHandler (ContextHandler.java:doStop(910)) - Stopped o.e.j.s.ServletContextHandler@34780cd9{/logs,file:///workdir/hadoop-ozone/integration-test/target/log,UNAVAILABLE}
2019-10-13 09:56:48,209 [main] INFO  server.StorageContainerManager (StorageContainerManager.java:stop(857)) - Stopping Block Manager Service.
2019-10-13 09:56:48,210 [main] INFO  utils.BackgroundService (BackgroundService.java:shutdown(151)) - Shutting down service SCMBlockDeletingService
2019-10-13 09:56:48,210 [main] INFO  utils.BackgroundService (BackgroundService.java:shutdown(151)) - Shutting down service SCMBlockDeletingService
2019-10-13 09:56:48,210 [main] INFO  server.StorageContainerManager (StorageContainerManager.java:stop(879)) - Stopping SCM Event Queue.
2019-10-13 09:56:48,214 [main] INFO  impl.MetricsSystemImpl (MetricsSystemImpl.java:stop(210)) - Stopping HddsDatanode metrics system...
2019-10-13 09:56:48,221 [main] INFO  impl.MetricsSystemImpl (MetricsSystemImpl.java:stop(216)) - HddsDatanode metrics system stopped.
]]></system-out>
  </testcase>
  <testcase name="testPipelineCloseWithClosedContainer" classname="org.apache.hadoop.hdds.scm.pipeline.TestPipelineClose" time="17.794"/>
  <testcase name="testPipelineCloseWithLogFailure" classname="org.apache.hadoop.hdds.scm.pipeline.TestPipelineClose" time="17.533"/>
</testsuite>