<?xml version="1.0" encoding="UTF-8"?>
<testsuite xmlns:xsi="http://www.w3.org/2001/XMLSchema-instance" xsi:noNamespaceSchemaLocation="https://maven.apache.org/surefire/maven-surefire-plugin/xsd/surefire-test-report.xsd" name="org.apache.hadoop.ozone.client.rpc.TestWatchForCommit" time="224.887" tests="5" errors="1" skipped="0" failures="1">
  <properties>
    <property name="awt.toolkit" value="sun.awt.X11.XToolkit"/>
    <property name="file.encoding.pkg" value="sun.io"/>
    <property name="java.specification.version" value="1.8"/>
    <property name="sun.cpu.isalist" value=""/>
    <property name="sun.jnu.encoding" value="UTF-8"/>
    <property name="java.class.path" value="/workdir/hadoop-ozone/integration-test/target/test-classes:/workdir/hadoop-ozone/integration-test/target/classes:/home/user/.m2/repository/org/apache/hadoop/hadoop-ozone-common/0.5.0-SNAPSHOT/hadoop-ozone-common-0.5.0-SNAPSHOT.jar:/home/user/.m2/repository/org/apache/commons/commons-compress/1.4.1/commons-compress-1.4.1.jar:/home/user/.m2/repository/org/tukaani/xz/1.0/xz-1.0.jar:/home/user/.m2/repository/org/apache/hadoop/hadoop-common/3.2.0/hadoop-common-3.2.0.jar:/home/user/.m2/repository/org/apache/hadoop/hadoop-hdfs/3.2.0/hadoop-hdfs-3.2.0.jar:/home/user/.m2/repository/org/apache/hadoop/hadoop-hdfs-client/3.2.0/hadoop-hdfs-client-3.2.0.jar:/home/user/.m2/repository/com/fasterxml/jackson/core/jackson-annotations/2.9.9/jackson-annotations-2.9.9.jar:/home/user/.m2/repository/org/apache/hadoop/hadoop-hdds-common/0.5.0-SNAPSHOT/hadoop-hdds-common-0.5.0-SNAPSHOT.jar:/home/user/.m2/repository/javax/annotation/javax.annotation-api/1.2/javax.annotation-api-1.2.jar:/home/user/.m2/repository/org/apache/ratis/ratis-server/0.5.0-201fc85-SNAPSHOT/ratis-server-0.5.0-201fc85-SNAPSHOT.jar:/home/user/.m2/repository/org/apache/ratis/ratis-thirdparty-misc/0.2.0/ratis-thirdparty-misc-0.2.0.jar:/home/user/.m2/repository/org/apache/ratis/ratis-proto/0.5.0-201fc85-SNAPSHOT/ratis-proto-0.5.0-201fc85-SNAPSHOT.jar:/home/user/.m2/repository/org/apache/ratis/ratis-common/0.5.0-201fc85-SNAPSHOT/ratis-common-0.5.0-201fc85-SNAPSHOT.jar:/home/user/.m2/repository/org/apache/ratis/ratis-client/0.5.0-201fc85-SNAPSHOT/ratis-client-0.5.0-201fc85-SNAPSHOT.jar:/home/user/.m2/repository/org/apache/ratis/ratis-metrics/0.5.0-201fc85-SNAPSHOT/ratis-metrics-0.5.0-201fc85-SNAPSHOT.jar:/home/user/.m2/repository/com/github/joshelser/dropwizard-metrics-hadoop-metrics2-reporter/0.1.2/dropwizard-metrics-hadoop-metrics2-reporter-0.1.2.jar:/home/user/.m2/repository/io/dropwizard/metrics/metrics-jvm/3.2.5/metrics-jvm-3.2.5.jar:/home/user/.m2/repository/io/dropwizard/metrics/metrics-ganglia/3.2.5/metrics-ganglia-3.2.5.jar:/home/user/.m2/repository/info/ganglia/gmetric4j/gmetric4j/1.0.7/gmetric4j-1.0.7.jar:/home/user/.m2/repository/org/apache/ratis/ratis-netty/0.5.0-201fc85-SNAPSHOT/ratis-netty-0.5.0-201fc85-SNAPSHOT.jar:/home/user/.m2/repository/org/apache/ratis/ratis-grpc/0.5.0-201fc85-SNAPSHOT/ratis-grpc-0.5.0-201fc85-SNAPSHOT.jar:/home/user/.m2/repository/org/rocksdb/rocksdbjni/6.0.1/rocksdbjni-6.0.1.jar:/home/user/.m2/repository/org/apache/logging/log4j/log4j-api/2.11.0/log4j-api-2.11.0.jar:/home/user/.m2/repository/org/apache/logging/log4j/log4j-core/2.11.0/log4j-core-2.11.0.jar:/home/user/.m2/repository/com/lmax/disruptor/3.4.2/disruptor-3.4.2.jar:/home/user/.m2/repository/org/apache/commons/commons-pool2/2.6.0/commons-pool2-2.6.0.jar:/home/user/.m2/repository/org/bouncycastle/bcpkix-jdk15on/1.60/bcpkix-jdk15on-1.60.jar:/home/user/.m2/repository/commons-validator/commons-validator/1.6/commons-validator-1.6.jar:/home/user/.m2/repository/commons-digester/commons-digester/1.8.1/commons-digester-1.8.1.jar:/home/user/.m2/repository/io/jaegertracing/jaeger-client/0.34.0/jaeger-client-0.34.0.jar:/home/user/.m2/repository/io/jaegertracing/jaeger-thrift/0.34.0/jaeger-thrift-0.34.0.jar:/home/user/.m2/repository/org/apache/thrift/libthrift/0.12.0/libthrift-0.12.0.jar:/home/user/.m2/repository/com/squareup/okhttp3/okhttp/3.9.0/okhttp-3.9.0.jar:/home/user/.m2/repository/com/squareup/okio/okio/1.13.0/okio-1.13.0.jar:/home/user/.m2/repository/io/jaegertracing/jaeger-core/0.34.0/jaeger-core-0.34.0.jar:/home/user/.m2/repository/io/jaegertracing/jaeger-tracerresolver/0.34.0/jaeger-tracerresolver-0.34.0.jar:/home/user/.m2/repository/io/opentracing/contrib/opentracing-tracerresolver/0.1.5/opentracing-tracerresolver-0.1.5.jar:/home/user/.m2/repository/io/opentracing/opentracing-util/0.31.0/opentracing-util-0.31.0.jar:/home/user/.m2/repository/io/opentracing/opentracing-api/0.31.0/opentracing-api-0.31.0.jar:/home/user/.m2/repository/io/opentracing/opentracing-noop/0.31.0/opentracing-noop-0.31.0.jar:/home/user/.m2/repository/org/apache/hadoop/hadoop-hdds-server-framework/0.5.0-SNAPSHOT/hadoop-hdds-server-framework-0.5.0-SNAPSHOT.jar:/home/user/.m2/repository/org/apache/hadoop/hadoop-hdds-container-service/0.5.0-SNAPSHOT/hadoop-hdds-container-service-0.5.0-SNAPSHOT.jar:/home/user/.m2/repository/org/apache/hadoop/hadoop-hdds-client/0.5.0-SNAPSHOT/hadoop-hdds-client-0.5.0-SNAPSHOT.jar:/home/user/.m2/repository/org/apache/hadoop/hadoop-hdds-tools/0.5.0-SNAPSHOT/hadoop-hdds-tools-0.5.0-SNAPSHOT.jar:/home/user/.m2/repository/org/apache/hadoop/hadoop-hdds-server-scm/0.5.0-SNAPSHOT/hadoop-hdds-server-scm-0.5.0-SNAPSHOT.jar:/home/user/.m2/repository/org/apache/hadoop/hadoop-hdds-docs/0.5.0-SNAPSHOT/hadoop-hdds-docs-0.5.0-SNAPSHOT.jar:/home/user/.m2/repository/io/dropwizard/metrics/metrics-core/3.2.4/metrics-core-3.2.4.jar:/home/user/.m2/repository/org/hamcrest/hamcrest-all/1.3/hamcrest-all-1.3.jar:/home/user/.m2/repository/org/bouncycastle/bcprov-jdk15on/1.60/bcprov-jdk15on-1.60.jar:/home/user/.m2/repository/info/picocli/picocli/3.9.6/picocli-3.9.6.jar:/home/user/.m2/repository/com/google/protobuf/protobuf-java/2.5.0/protobuf-java-2.5.0.jar:/home/user/.m2/repository/com/google/guava/guava/11.0.2/guava-11.0.2.jar:/home/user/.m2/repository/org/apache/hadoop/hadoop-ozone-ozone-manager/0.5.0-SNAPSHOT/hadoop-ozone-ozone-manager-0.5.0-SNAPSHOT.jar:/home/user/.m2/repository/org/apache/hadoop/hadoop-minikdc/3.2.0/hadoop-minikdc-3.2.0.jar:/home/user/.m2/repository/commons-io/commons-io/2.5/commons-io-2.5.jar:/home/user/.m2/repository/org/apache/kerby/kerb-simplekdc/1.0.1/kerb-simplekdc-1.0.1.jar:/home/user/.m2/repository/org/apache/kerby/kerb-client/1.0.1/kerb-client-1.0.1.jar:/home/user/.m2/repository/org/apache/kerby/kerby-config/1.0.1/kerby-config-1.0.1.jar:/home/user/.m2/repository/org/apache/kerby/kerb-core/1.0.1/kerb-core-1.0.1.jar:/home/user/.m2/repository/org/apache/kerby/kerby-pkix/1.0.1/kerby-pkix-1.0.1.jar:/home/user/.m2/repository/org/apache/kerby/kerby-asn1/1.0.1/kerby-asn1-1.0.1.jar:/home/user/.m2/repository/org/apache/kerby/kerby-util/1.0.1/kerby-util-1.0.1.jar:/home/user/.m2/repository/org/apache/kerby/kerb-common/1.0.1/kerb-common-1.0.1.jar:/home/user/.m2/repository/org/apache/kerby/kerb-crypto/1.0.1/kerb-crypto-1.0.1.jar:/home/user/.m2/repository/org/apache/kerby/kerb-util/1.0.1/kerb-util-1.0.1.jar:/home/user/.m2/repository/org/apache/kerby/token-provider/1.0.1/token-provider-1.0.1.jar:/home/user/.m2/repository/org/apache/kerby/kerb-admin/1.0.1/kerb-admin-1.0.1.jar:/home/user/.m2/repository/org/apache/kerby/kerb-server/1.0.1/kerb-server-1.0.1.jar:/home/user/.m2/repository/org/apache/kerby/kerb-identity/1.0.1/kerb-identity-1.0.1.jar:/home/user/.m2/repository/org/apache/kerby/kerby-xdr/1.0.1/kerby-xdr-1.0.1.jar:/home/user/.m2/repository/org/slf4j/slf4j-log4j12/1.7.25/slf4j-log4j12-1.7.25.jar:/home/user/.m2/repository/org/apache/hadoop/hadoop-ozone-s3gateway/0.5.0-SNAPSHOT/hadoop-ozone-s3gateway-0.5.0-SNAPSHOT.jar:/home/user/.m2/repository/org/jboss/weld/servlet/weld-servlet/2.4.7.Final/weld-servlet-2.4.7.Final.jar:/home/user/.m2/repository/org/glassfish/jersey/containers/jersey-container-servlet-core/2.27/jersey-container-servlet-core-2.27.jar:/home/user/.m2/repository/org/glassfish/hk2/external/javax.inject/2.5.0-b42/javax.inject-2.5.0-b42.jar:/home/user/.m2/repository/org/glassfish/jersey/core/jersey-common/2.27/jersey-common-2.27.jar:/home/user/.m2/repository/org/glassfish/hk2/osgi-resource-locator/1.0.1/osgi-resource-locator-1.0.1.jar:/home/user/.m2/repository/javax/ws/rs/javax.ws.rs-api/2.1/javax.ws.rs-api-2.1.jar:/home/user/.m2/repository/org/glassfish/jersey/ext/cdi/jersey-cdi1x/2.27/jersey-cdi1x-2.27.jar:/home/user/.m2/repository/org/glassfish/jersey/inject/jersey-hk2/2.27/jersey-hk2-2.27.jar:/home/user/.m2/repository/org/glassfish/hk2/hk2-locator/2.5.0-b42/hk2-locator-2.5.0-b42.jar:/home/user/.m2/repository/org/javassist/javassist/3.22.0-CR2/javassist-3.22.0-CR2.jar:/home/user/.m2/repository/org/glassfish/hk2/hk2-api/2.5.0/hk2-api-2.5.0.jar:/home/user/.m2/repository/org/glassfish/hk2/external/jakarta.inject/2.5.0/jakarta.inject-2.5.0.jar:/home/user/.m2/repository/org/glassfish/hk2/hk2-utils/2.5.0/hk2-utils-2.5.0.jar:/home/user/.m2/repository/jakarta/annotation/jakarta.annotation-api/1.3.4/jakarta.annotation-api-1.3.4.jar:/home/user/.m2/repository/org/glassfish/hk2/external/aopalliance-repackaged/2.5.0/aopalliance-repackaged-2.5.0.jar:/home/user/.m2/repository/com/fasterxml/jackson/dataformat/jackson-dataformat-xml/2.9.0/jackson-dataformat-xml-2.9.0.jar:/home/user/.m2/repository/com/fasterxml/jackson/core/jackson-core/2.9.9/jackson-core-2.9.9.jar:/home/user/.m2/repository/com/fasterxml/jackson/module/jackson-module-jaxb-annotations/2.9.9/jackson-module-jaxb-annotations-2.9.9.jar:/home/user/.m2/repository/javax/enterprise/cdi-api/1.2/cdi-api-1.2.jar:/home/user/.m2/repository/javax/el/javax.el-api/3.0.0/javax.el-api-3.0.0.jar:/home/user/.m2/repository/javax/interceptor/javax.interceptor-api/1.2/javax.interceptor-api-1.2.jar:/home/user/.m2/repository/javax/inject/javax.inject/1/javax.inject-1.jar:/home/user/.m2/repository/com/sun/xml/bind/jaxb-impl/2.3.0.1/jaxb-impl-2.3.0.1.jar:/home/user/.m2/repository/com/sun/xml/bind/jaxb-core/2.3.0.1/jaxb-core-2.3.0.1.jar:/home/user/.m2/repository/javax/xml/bind/jaxb-api/2.3.0/jaxb-api-2.3.0.jar:/home/user/.m2/repository/javax/activation/activation/1.1.1/activation-1.1.1.jar:/home/user/.m2/repository/org/apache/hadoop/hadoop-ozone-csi/0.5.0-SNAPSHOT/hadoop-ozone-csi-0.5.0-SNAPSHOT.jar:/home/user/.m2/repository/com/google/protobuf/protobuf-java-util/3.5.1/protobuf-java-util-3.5.1.jar:/home/user/.m2/repository/org/apache/hadoop/hadoop-hdds-config/0.5.0-SNAPSHOT/hadoop-hdds-config-0.5.0-SNAPSHOT.jar:/home/user/.m2/repository/io/grpc/grpc-netty/1.17.1/grpc-netty-1.17.1.jar:/home/user/.m2/repository/io/grpc/grpc-core/1.17.1/grpc-core-1.17.1.jar:/home/user/.m2/repository/io/grpc/grpc-context/1.17.1/grpc-context-1.17.1.jar:/home/user/.m2/repository/com/google/errorprone/error_prone_annotations/2.2.0/error_prone_annotations-2.2.0.jar:/home/user/.m2/repository/org/codehaus/mojo/animal-sniffer-annotations/1.17/animal-sniffer-annotations-1.17.jar:/home/user/.m2/repository/io/opencensus/opencensus-api/0.17.0/opencensus-api-0.17.0.jar:/home/user/.m2/repository/io/opencensus/opencensus-contrib-grpc-metrics/0.17.0/opencensus-contrib-grpc-metrics-0.17.0.jar:/home/user/.m2/repository/io/netty/netty-codec-http2/4.1.30.Final/netty-codec-http2-4.1.30.Final.jar:/home/user/.m2/repository/io/netty/netty-codec-http/4.1.30.Final/netty-codec-http-4.1.30.Final.jar:/home/user/.m2/repository/io/netty/netty-codec/4.1.30.Final/netty-codec-4.1.30.Final.jar:/home/user/.m2/repository/io/netty/netty-handler/4.1.30.Final/netty-handler-4.1.30.Final.jar:/home/user/.m2/repository/io/netty/netty-handler-proxy/4.1.30.Final/netty-handler-proxy-4.1.30.Final.jar:/home/user/.m2/repository/io/netty/netty-codec-socks/4.1.30.Final/netty-codec-socks-4.1.30.Final.jar:/home/user/.m2/repository/io/netty/netty-transport-native-epoll/4.1.30.Final/netty-transport-native-epoll-4.1.30.Final.jar:/home/user/.m2/repository/io/netty/netty-common/4.1.30.Final/netty-common-4.1.30.Final.jar:/home/user/.m2/repository/io/netty/netty-buffer/4.1.30.Final/netty-buffer-4.1.30.Final.jar:/home/user/.m2/repository/io/netty/netty-transport/4.1.30.Final/netty-transport-4.1.30.Final.jar:/home/user/.m2/repository/io/netty/netty-resolver/4.1.30.Final/netty-resolver-4.1.30.Final.jar:/home/user/.m2/repository/io/netty/netty-transport-native-unix-common/4.1.30.Final/netty-transport-native-unix-common-4.1.30.Final.jar:/home/user/.m2/repository/io/grpc/grpc-protobuf/1.17.1/grpc-protobuf-1.17.1.jar:/home/user/.m2/repository/com/google/api/grpc/proto-google-common-protos/1.0.0/proto-google-common-protos-1.0.0.jar:/home/user/.m2/repository/io/grpc/grpc-protobuf-lite/1.17.1/grpc-protobuf-lite-1.17.1.jar:/home/user/.m2/repository/io/grpc/grpc-stub/1.17.1/grpc-stub-1.17.1.jar:/home/user/.m2/repository/org/apache/hadoop/hadoop-ozone-recon/0.5.0-SNAPSHOT/hadoop-ozone-recon-0.5.0-SNAPSHOT.jar:/home/user/.m2/repository/org/apache/hadoop/hadoop-ozone-reconcodegen/0.5.0-SNAPSHOT/hadoop-ozone-reconcodegen-0.5.0-SNAPSHOT.jar:/home/user/.m2/repository/com/google/inject/extensions/guice-multibindings/4.0/guice-multibindings-4.0.jar:/home/user/.m2/repository/com/google/inject/guice/4.0/guice-4.0.jar:/home/user/.m2/repository/aopalliance/aopalliance/1.0/aopalliance-1.0.jar:/home/user/.m2/repository/com/google/inject/extensions/guice-servlet/4.0/guice-servlet-4.0.jar:/home/user/.m2/repository/org/glassfish/jersey/containers/jersey-container-servlet/2.27/jersey-container-servlet-2.27.jar:/home/user/.m2/repository/org/glassfish/hk2/guice-bridge/2.5.0/guice-bridge-2.5.0.jar:/home/user/.m2/repository/org/glassfish/jersey/core/jersey-server/2.27/jersey-server-2.27.jar:/home/user/.m2/repository/org/glassfish/jersey/core/jersey-client/2.27/jersey-client-2.27.jar:/home/user/.m2/repository/org/glassfish/jersey/media/jersey-media-jaxb/2.27/jersey-media-jaxb-2.27.jar:/home/user/.m2/repository/javax/validation/validation-api/1.1.0.Final/validation-api-1.1.0.Final.jar:/home/user/.m2/repository/org/glassfish/jersey/media/jersey-media-json-jackson/2.27/jersey-media-json-jackson-2.27.jar:/home/user/.m2/repository/org/glassfish/jersey/ext/jersey-entity-filtering/2.27/jersey-entity-filtering-2.27.jar:/home/user/.m2/repository/com/google/inject/extensions/guice-assistedinject/4.0/guice-assistedinject-4.0.jar:/home/user/.m2/repository/org/jooq/jooq/3.11.10/jooq-3.11.10.jar:/home/user/.m2/repository/org/jooq/jooq-meta/3.11.10/jooq-meta-3.11.10.jar:/home/user/.m2/repository/org/jooq/jooq-codegen/3.11.10/jooq-codegen-3.11.10.jar:/home/user/.m2/repository/com/jolbox/bonecp/0.8.0.RELEASE/bonecp-0.8.0.RELEASE.jar:/home/user/.m2/repository/org/xerial/sqlite-jdbc/3.25.2/sqlite-jdbc-3.25.2.jar:/home/user/.m2/repository/org/springframework/spring-jdbc/5.1.3.RELEASE/spring-jdbc-5.1.3.RELEASE.jar:/home/user/.m2/repository/org/springframework/spring-beans/5.1.3.RELEASE/spring-beans-5.1.3.RELEASE.jar:/home/user/.m2/repository/org/springframework/spring-core/5.1.3.RELEASE/spring-core-5.1.3.RELEASE.jar:/home/user/.m2/repository/org/springframework/spring-jcl/5.1.3.RELEASE/spring-jcl-5.1.3.RELEASE.jar:/home/user/.m2/repository/org/springframework/spring-tx/5.1.3.RELEASE/spring-tx-5.1.3.RELEASE.jar:/home/user/.m2/repository/org/apache/hadoop/hadoop-ozone-client/0.5.0-SNAPSHOT/hadoop-ozone-client-0.5.0-SNAPSHOT.jar:/home/user/.m2/repository/commons-lang/commons-lang/2.6/commons-lang-2.6.jar:/home/user/.m2/repository/org/apache/hadoop/hadoop-ozone-ozone-manager/0.5.0-SNAPSHOT/hadoop-ozone-ozone-manager-0.5.0-SNAPSHOT-tests.jar:/home/user/.m2/repository/junit/junit/4.11/junit-4.11.jar:/home/user/.m2/repository/org/hamcrest/hamcrest-core/1.3/hamcrest-core-1.3.jar:/home/user/.m2/repository/org/openjdk/jmh/jmh-core/1.19/jmh-core-1.19.jar:/home/user/.m2/repository/net/sf/jopt-simple/jopt-simple/4.6/jopt-simple-4.6.jar:/home/user/.m2/repository/org/apache/commons/commons-math3/3.1.1/commons-math3-3.1.1.jar:/home/user/.m2/repository/org/openjdk/jmh/jmh-generator-annprocess/1.19/jmh-generator-annprocess-1.19.jar:/home/user/.m2/repository/org/mockito/mockito-all/1.8.5/mockito-all-1.8.5.jar:/home/user/.m2/repository/org/apache/hadoop/hadoop-kms/3.2.0/hadoop-kms-3.2.0.jar:/home/user/.m2/repository/org/apache/hadoop/hadoop-auth/3.2.0/hadoop-auth-3.2.0.jar:/home/user/.m2/repository/com/nimbusds/nimbus-jose-jwt/4.41.1/nimbus-jose-jwt-4.41.1.jar:/home/user/.m2/repository/com/github/stephenc/jcip/jcip-annotations/1.0-1/jcip-annotations-1.0-1.jar:/home/user/.m2/repository/net/minidev/json-smart/2.3/json-smart-2.3.jar:/home/user/.m2/repository/net/minidev/accessors-smart/1.2/accessors-smart-1.2.jar:/home/user/.m2/repository/org/ow2/asm/asm/5.0.4/asm-5.0.4.jar:/home/user/.m2/repository/org/apache/curator/curator-framework/2.12.0/curator-framework-2.12.0.jar:/home/user/.m2/repository/com/sun/jersey/jersey-core/1.19/jersey-core-1.19.jar:/home/user/.m2/repository/javax/ws/rs/jsr311-api/1.1.1/jsr311-api-1.1.1.jar:/home/user/.m2/repository/com/sun/jersey/jersey-server/1.19/jersey-server-1.19.jar:/home/user/.m2/repository/javax/servlet/javax.servlet-api/3.1.0/javax.servlet-api-3.1.0.jar:/home/user/.m2/repository/org/eclipse/jetty/jetty-server/9.3.25.v20180904/jetty-server-9.3.25.v20180904.jar:/home/user/.m2/repository/org/eclipse/jetty/jetty-http/9.3.25.v20180904/jetty-http-9.3.25.v20180904.jar:/home/user/.m2/repository/org/eclipse/jetty/jetty-io/9.3.25.v20180904/jetty-io-9.3.25.v20180904.jar:/home/user/.m2/repository/org/eclipse/jetty/jetty-webapp/9.3.25.v20180904/jetty-webapp-9.3.25.v20180904.jar:/home/user/.m2/repository/org/eclipse/jetty/jetty-xml/9.3.25.v20180904/jetty-xml-9.3.25.v20180904.jar:/home/user/.m2/repository/log4j/log4j/1.2.17/log4j-1.2.17.jar:/home/user/.m2/repository/org/slf4j/slf4j-api/1.7.25/slf4j-api-1.7.25.jar:/home/user/.m2/repository/org/slf4j/jul-to-slf4j/1.7.25/jul-to-slf4j-1.7.25.jar:/home/user/.m2/repository/org/eclipse/jetty/jetty-util/9.3.25.v20180904/jetty-util-9.3.25.v20180904.jar:/home/user/.m2/repository/com/fasterxml/jackson/core/jackson-databind/2.9.9/jackson-databind-2.9.9.jar:/home/user/.m2/repository/org/apache/hadoop/hadoop-kms/3.2.0/hadoop-kms-3.2.0-tests.jar:/home/user/.m2/repository/org/apache/hadoop/hadoop-hdds-server-scm/0.5.0-SNAPSHOT/hadoop-hdds-server-scm-0.5.0-SNAPSHOT-tests.jar:/home/user/.m2/repository/org/apache/hadoop/hadoop-hdds-container-service/0.5.0-SNAPSHOT/hadoop-hdds-container-service-0.5.0-SNAPSHOT-tests.jar:/home/user/.m2/repository/org/yaml/snakeyaml/1.16/snakeyaml-1.16.jar:/home/user/.m2/repository/org/apache/hadoop/hadoop-common/3.2.0/hadoop-common-3.2.0-tests.jar:/home/user/.m2/repository/org/apache/hadoop/hadoop-annotations/3.2.0/hadoop-annotations-3.2.0.jar:/usr/lib/jvm/java-1.8-openjdk/jre/../lib/tools.jar:/home/user/.m2/repository/commons-cli/commons-cli/1.2/commons-cli-1.2.jar:/home/user/.m2/repository/org/apache/httpcomponents/httpclient/4.5.2/httpclient-4.5.2.jar:/home/user/.m2/repository/org/apache/httpcomponents/httpcore/4.4.4/httpcore-4.4.4.jar:/home/user/.m2/repository/commons-codec/commons-codec/1.11/commons-codec-1.11.jar:/home/user/.m2/repository/commons-net/commons-net/3.6/commons-net-3.6.jar:/home/user/.m2/repository/commons-collections/commons-collections/3.2.2/commons-collections-3.2.2.jar:/home/user/.m2/repository/org/eclipse/jetty/jetty-servlet/9.3.25.v20180904/jetty-servlet-9.3.25.v20180904.jar:/home/user/.m2/repository/org/eclipse/jetty/jetty-security/9.3.25.v20180904/jetty-security-9.3.25.v20180904.jar:/home/user/.m2/repository/javax/servlet/jsp/jsp-api/2.1/jsp-api-2.1.jar:/home/user/.m2/repository/com/sun/jersey/jersey-servlet/1.19/jersey-servlet-1.19.jar:/home/user/.m2/repository/com/sun/jersey/jersey-json/1.19/jersey-json-1.19.jar:/home/user/.m2/repository/org/codehaus/jettison/jettison/1.1/jettison-1.1.jar:/home/user/.m2/repository/org/codehaus/jackson/jackson-core-asl/1.9.13/jackson-core-asl-1.9.13.jar:/home/user/.m2/repository/org/codehaus/jackson/jackson-mapper-asl/1.9.13/jackson-mapper-asl-1.9.13.jar:/home/user/.m2/repository/org/codehaus/jackson/jackson-jaxrs/1.9.13/jackson-jaxrs-1.9.13.jar:/home/user/.m2/repository/org/codehaus/jackson/jackson-xc/1.9.13/jackson-xc-1.9.13.jar:/home/user/.m2/repository/commons-logging/commons-logging/1.1.3/commons-logging-1.1.3.jar:/home/user/.m2/repository/commons-beanutils/commons-beanutils/1.9.4/commons-beanutils-1.9.4.jar:/home/user/.m2/repository/org/apache/commons/commons-configuration2/2.1.1/commons-configuration2-2.1.1.jar:/home/user/.m2/repository/org/apache/commons/commons-lang3/3.7/commons-lang3-3.7.jar:/home/user/.m2/repository/org/apache/commons/commons-text/1.4/commons-text-1.4.jar:/home/user/.m2/repository/org/apache/avro/avro/1.7.7/avro-1.7.7.jar:/home/user/.m2/repository/com/thoughtworks/paranamer/paranamer/2.3/paranamer-2.3.jar:/home/user/.m2/repository/org/xerial/snappy/snappy-java/1.0.5/snappy-java-1.0.5.jar:/home/user/.m2/repository/com/google/re2j/re2j/1.1/re2j-1.1.jar:/home/user/.m2/repository/com/google/code/gson/gson/2.2.4/gson-2.2.4.jar:/home/user/.m2/repository/com/jcraft/jsch/0.1.54/jsch-0.1.54.jar:/home/user/.m2/repository/org/apache/curator/curator-client/2.12.0/curator-client-2.12.0.jar:/home/user/.m2/repository/org/apache/curator/curator-recipes/2.12.0/curator-recipes-2.12.0.jar:/home/user/.m2/repository/com/google/code/findbugs/jsr305/3.0.0/jsr305-3.0.0.jar:/home/user/.m2/repository/org/apache/htrace/htrace-core4/4.1.0-incubating/htrace-core4-4.1.0-incubating.jar:/home/user/.m2/repository/org/apache/zookeeper/zookeeper/3.4.13/zookeeper-3.4.13.jar:/home/user/.m2/repository/jline/jline/0.9.94/jline-0.9.94.jar:/home/user/.m2/repository/org/apache/yetus/audience-annotations/0.5.0/audience-annotations-0.5.0.jar:/home/user/.m2/repository/org/codehaus/woodstox/stax2-api/3.1.4/stax2-api-3.1.4.jar:/home/user/.m2/repository/com/fasterxml/woodstox/woodstox-core/5.0.3/woodstox-core-5.0.3.jar:/home/user/.m2/repository/dnsjava/dnsjava/2.1.7/dnsjava-2.1.7.jar:/home/user/.m2/repository/org/apache/hadoop/hadoop-hdfs/3.2.0/hadoop-hdfs-3.2.0-tests.jar:/home/user/.m2/repository/org/eclipse/jetty/jetty-util-ajax/9.3.25.v20180904/jetty-util-ajax-9.3.25.v20180904.jar:/home/user/.m2/repository/commons-daemon/commons-daemon/1.0.13/commons-daemon-1.0.13.jar:/home/user/.m2/repository/io/netty/netty/3.10.5.Final/netty-3.10.5.Final.jar:/home/user/.m2/repository/io/netty/netty-all/4.0.52.Final/netty-all-4.0.52.Final.jar:/home/user/.m2/repository/org/fusesource/leveldbjni/leveldbjni-all/1.8/leveldbjni-all-1.8.jar:"/>
    <property name="java.vm.vendor" value="IcedTea"/>
    <property name="sun.arch.data.model" value="64"/>
    <property name="test.build.dir" value="/workdir/hadoop-ozone/integration-test/target/test-dir"/>
    <property name="test.cache.data" value=""/>
    <property name="java.vendor.url" value="https://icedtea.classpath.org"/>
    <property name="user.timezone" value=""/>
    <property name="java.vm.specification.version" value="1.8"/>
    <property name="os.name" value="Linux"/>
    <property name="test.build.data" value="/workdir/hadoop-ozone/integration-test/target/test-dir"/>
    <property name="user.country" value="US"/>
    <property name="sun.java.launcher" value="SUN_STANDARD"/>
    <property name="sun.boot.library.path" value="/usr/lib/jvm/java-1.8-openjdk/jre/lib/amd64"/>
    <property name="sun.java.command" value="/workdir/hadoop-ozone/integration-test/target/surefire/surefirebooter4258803683766726533.jar /workdir/hadoop-ozone/integration-test/target/surefire 2019-10-10T20-46-08_245-jvmRun1 surefire2546770610983499714tmp surefire_5578666924371490467tmp"/>
    <property name="test" value="!TestMiniChaosOzoneCluster"/>
    <property name="surefire.test.class.path" value="/workdir/hadoop-ozone/integration-test/target/test-classes:/workdir/hadoop-ozone/integration-test/target/classes:/home/user/.m2/repository/org/apache/hadoop/hadoop-ozone-common/0.5.0-SNAPSHOT/hadoop-ozone-common-0.5.0-SNAPSHOT.jar:/home/user/.m2/repository/org/apache/commons/commons-compress/1.4.1/commons-compress-1.4.1.jar:/home/user/.m2/repository/org/tukaani/xz/1.0/xz-1.0.jar:/home/user/.m2/repository/org/apache/hadoop/hadoop-common/3.2.0/hadoop-common-3.2.0.jar:/home/user/.m2/repository/org/apache/hadoop/hadoop-hdfs/3.2.0/hadoop-hdfs-3.2.0.jar:/home/user/.m2/repository/org/apache/hadoop/hadoop-hdfs-client/3.2.0/hadoop-hdfs-client-3.2.0.jar:/home/user/.m2/repository/com/fasterxml/jackson/core/jackson-annotations/2.9.9/jackson-annotations-2.9.9.jar:/home/user/.m2/repository/org/apache/hadoop/hadoop-hdds-common/0.5.0-SNAPSHOT/hadoop-hdds-common-0.5.0-SNAPSHOT.jar:/home/user/.m2/repository/javax/annotation/javax.annotation-api/1.2/javax.annotation-api-1.2.jar:/home/user/.m2/repository/org/apache/ratis/ratis-server/0.5.0-201fc85-SNAPSHOT/ratis-server-0.5.0-201fc85-SNAPSHOT.jar:/home/user/.m2/repository/org/apache/ratis/ratis-thirdparty-misc/0.2.0/ratis-thirdparty-misc-0.2.0.jar:/home/user/.m2/repository/org/apache/ratis/ratis-proto/0.5.0-201fc85-SNAPSHOT/ratis-proto-0.5.0-201fc85-SNAPSHOT.jar:/home/user/.m2/repository/org/apache/ratis/ratis-common/0.5.0-201fc85-SNAPSHOT/ratis-common-0.5.0-201fc85-SNAPSHOT.jar:/home/user/.m2/repository/org/apache/ratis/ratis-client/0.5.0-201fc85-SNAPSHOT/ratis-client-0.5.0-201fc85-SNAPSHOT.jar:/home/user/.m2/repository/org/apache/ratis/ratis-metrics/0.5.0-201fc85-SNAPSHOT/ratis-metrics-0.5.0-201fc85-SNAPSHOT.jar:/home/user/.m2/repository/com/github/joshelser/dropwizard-metrics-hadoop-metrics2-reporter/0.1.2/dropwizard-metrics-hadoop-metrics2-reporter-0.1.2.jar:/home/user/.m2/repository/io/dropwizard/metrics/metrics-jvm/3.2.5/metrics-jvm-3.2.5.jar:/home/user/.m2/repository/io/dropwizard/metrics/metrics-ganglia/3.2.5/metrics-ganglia-3.2.5.jar:/home/user/.m2/repository/info/ganglia/gmetric4j/gmetric4j/1.0.7/gmetric4j-1.0.7.jar:/home/user/.m2/repository/org/apache/ratis/ratis-netty/0.5.0-201fc85-SNAPSHOT/ratis-netty-0.5.0-201fc85-SNAPSHOT.jar:/home/user/.m2/repository/org/apache/ratis/ratis-grpc/0.5.0-201fc85-SNAPSHOT/ratis-grpc-0.5.0-201fc85-SNAPSHOT.jar:/home/user/.m2/repository/org/rocksdb/rocksdbjni/6.0.1/rocksdbjni-6.0.1.jar:/home/user/.m2/repository/org/apache/logging/log4j/log4j-api/2.11.0/log4j-api-2.11.0.jar:/home/user/.m2/repository/org/apache/logging/log4j/log4j-core/2.11.0/log4j-core-2.11.0.jar:/home/user/.m2/repository/com/lmax/disruptor/3.4.2/disruptor-3.4.2.jar:/home/user/.m2/repository/org/apache/commons/commons-pool2/2.6.0/commons-pool2-2.6.0.jar:/home/user/.m2/repository/org/bouncycastle/bcpkix-jdk15on/1.60/bcpkix-jdk15on-1.60.jar:/home/user/.m2/repository/commons-validator/commons-validator/1.6/commons-validator-1.6.jar:/home/user/.m2/repository/commons-digester/commons-digester/1.8.1/commons-digester-1.8.1.jar:/home/user/.m2/repository/io/jaegertracing/jaeger-client/0.34.0/jaeger-client-0.34.0.jar:/home/user/.m2/repository/io/jaegertracing/jaeger-thrift/0.34.0/jaeger-thrift-0.34.0.jar:/home/user/.m2/repository/org/apache/thrift/libthrift/0.12.0/libthrift-0.12.0.jar:/home/user/.m2/repository/com/squareup/okhttp3/okhttp/3.9.0/okhttp-3.9.0.jar:/home/user/.m2/repository/com/squareup/okio/okio/1.13.0/okio-1.13.0.jar:/home/user/.m2/repository/io/jaegertracing/jaeger-core/0.34.0/jaeger-core-0.34.0.jar:/home/user/.m2/repository/io/jaegertracing/jaeger-tracerresolver/0.34.0/jaeger-tracerresolver-0.34.0.jar:/home/user/.m2/repository/io/opentracing/contrib/opentracing-tracerresolver/0.1.5/opentracing-tracerresolver-0.1.5.jar:/home/user/.m2/repository/io/opentracing/opentracing-util/0.31.0/opentracing-util-0.31.0.jar:/home/user/.m2/repository/io/opentracing/opentracing-api/0.31.0/opentracing-api-0.31.0.jar:/home/user/.m2/repository/io/opentracing/opentracing-noop/0.31.0/opentracing-noop-0.31.0.jar:/home/user/.m2/repository/org/apache/hadoop/hadoop-hdds-server-framework/0.5.0-SNAPSHOT/hadoop-hdds-server-framework-0.5.0-SNAPSHOT.jar:/home/user/.m2/repository/org/apache/hadoop/hadoop-hdds-container-service/0.5.0-SNAPSHOT/hadoop-hdds-container-service-0.5.0-SNAPSHOT.jar:/home/user/.m2/repository/org/apache/hadoop/hadoop-hdds-client/0.5.0-SNAPSHOT/hadoop-hdds-client-0.5.0-SNAPSHOT.jar:/home/user/.m2/repository/org/apache/hadoop/hadoop-hdds-tools/0.5.0-SNAPSHOT/hadoop-hdds-tools-0.5.0-SNAPSHOT.jar:/home/user/.m2/repository/org/apache/hadoop/hadoop-hdds-server-scm/0.5.0-SNAPSHOT/hadoop-hdds-server-scm-0.5.0-SNAPSHOT.jar:/home/user/.m2/repository/org/apache/hadoop/hadoop-hdds-docs/0.5.0-SNAPSHOT/hadoop-hdds-docs-0.5.0-SNAPSHOT.jar:/home/user/.m2/repository/io/dropwizard/metrics/metrics-core/3.2.4/metrics-core-3.2.4.jar:/home/user/.m2/repository/org/hamcrest/hamcrest-all/1.3/hamcrest-all-1.3.jar:/home/user/.m2/repository/org/bouncycastle/bcprov-jdk15on/1.60/bcprov-jdk15on-1.60.jar:/home/user/.m2/repository/info/picocli/picocli/3.9.6/picocli-3.9.6.jar:/home/user/.m2/repository/com/google/protobuf/protobuf-java/2.5.0/protobuf-java-2.5.0.jar:/home/user/.m2/repository/com/google/guava/guava/11.0.2/guava-11.0.2.jar:/home/user/.m2/repository/org/apache/hadoop/hadoop-ozone-ozone-manager/0.5.0-SNAPSHOT/hadoop-ozone-ozone-manager-0.5.0-SNAPSHOT.jar:/home/user/.m2/repository/org/apache/hadoop/hadoop-minikdc/3.2.0/hadoop-minikdc-3.2.0.jar:/home/user/.m2/repository/commons-io/commons-io/2.5/commons-io-2.5.jar:/home/user/.m2/repository/org/apache/kerby/kerb-simplekdc/1.0.1/kerb-simplekdc-1.0.1.jar:/home/user/.m2/repository/org/apache/kerby/kerb-client/1.0.1/kerb-client-1.0.1.jar:/home/user/.m2/repository/org/apache/kerby/kerby-config/1.0.1/kerby-config-1.0.1.jar:/home/user/.m2/repository/org/apache/kerby/kerb-core/1.0.1/kerb-core-1.0.1.jar:/home/user/.m2/repository/org/apache/kerby/kerby-pkix/1.0.1/kerby-pkix-1.0.1.jar:/home/user/.m2/repository/org/apache/kerby/kerby-asn1/1.0.1/kerby-asn1-1.0.1.jar:/home/user/.m2/repository/org/apache/kerby/kerby-util/1.0.1/kerby-util-1.0.1.jar:/home/user/.m2/repository/org/apache/kerby/kerb-common/1.0.1/kerb-common-1.0.1.jar:/home/user/.m2/repository/org/apache/kerby/kerb-crypto/1.0.1/kerb-crypto-1.0.1.jar:/home/user/.m2/repository/org/apache/kerby/kerb-util/1.0.1/kerb-util-1.0.1.jar:/home/user/.m2/repository/org/apache/kerby/token-provider/1.0.1/token-provider-1.0.1.jar:/home/user/.m2/repository/org/apache/kerby/kerb-admin/1.0.1/kerb-admin-1.0.1.jar:/home/user/.m2/repository/org/apache/kerby/kerb-server/1.0.1/kerb-server-1.0.1.jar:/home/user/.m2/repository/org/apache/kerby/kerb-identity/1.0.1/kerb-identity-1.0.1.jar:/home/user/.m2/repository/org/apache/kerby/kerby-xdr/1.0.1/kerby-xdr-1.0.1.jar:/home/user/.m2/repository/org/slf4j/slf4j-log4j12/1.7.25/slf4j-log4j12-1.7.25.jar:/home/user/.m2/repository/org/apache/hadoop/hadoop-ozone-s3gateway/0.5.0-SNAPSHOT/hadoop-ozone-s3gateway-0.5.0-SNAPSHOT.jar:/home/user/.m2/repository/org/jboss/weld/servlet/weld-servlet/2.4.7.Final/weld-servlet-2.4.7.Final.jar:/home/user/.m2/repository/org/glassfish/jersey/containers/jersey-container-servlet-core/2.27/jersey-container-servlet-core-2.27.jar:/home/user/.m2/repository/org/glassfish/hk2/external/javax.inject/2.5.0-b42/javax.inject-2.5.0-b42.jar:/home/user/.m2/repository/org/glassfish/jersey/core/jersey-common/2.27/jersey-common-2.27.jar:/home/user/.m2/repository/org/glassfish/hk2/osgi-resource-locator/1.0.1/osgi-resource-locator-1.0.1.jar:/home/user/.m2/repository/javax/ws/rs/javax.ws.rs-api/2.1/javax.ws.rs-api-2.1.jar:/home/user/.m2/repository/org/glassfish/jersey/ext/cdi/jersey-cdi1x/2.27/jersey-cdi1x-2.27.jar:/home/user/.m2/repository/org/glassfish/jersey/inject/jersey-hk2/2.27/jersey-hk2-2.27.jar:/home/user/.m2/repository/org/glassfish/hk2/hk2-locator/2.5.0-b42/hk2-locator-2.5.0-b42.jar:/home/user/.m2/repository/org/javassist/javassist/3.22.0-CR2/javassist-3.22.0-CR2.jar:/home/user/.m2/repository/org/glassfish/hk2/hk2-api/2.5.0/hk2-api-2.5.0.jar:/home/user/.m2/repository/org/glassfish/hk2/external/jakarta.inject/2.5.0/jakarta.inject-2.5.0.jar:/home/user/.m2/repository/org/glassfish/hk2/hk2-utils/2.5.0/hk2-utils-2.5.0.jar:/home/user/.m2/repository/jakarta/annotation/jakarta.annotation-api/1.3.4/jakarta.annotation-api-1.3.4.jar:/home/user/.m2/repository/org/glassfish/hk2/external/aopalliance-repackaged/2.5.0/aopalliance-repackaged-2.5.0.jar:/home/user/.m2/repository/com/fasterxml/jackson/dataformat/jackson-dataformat-xml/2.9.0/jackson-dataformat-xml-2.9.0.jar:/home/user/.m2/repository/com/fasterxml/jackson/core/jackson-core/2.9.9/jackson-core-2.9.9.jar:/home/user/.m2/repository/com/fasterxml/jackson/module/jackson-module-jaxb-annotations/2.9.9/jackson-module-jaxb-annotations-2.9.9.jar:/home/user/.m2/repository/javax/enterprise/cdi-api/1.2/cdi-api-1.2.jar:/home/user/.m2/repository/javax/el/javax.el-api/3.0.0/javax.el-api-3.0.0.jar:/home/user/.m2/repository/javax/interceptor/javax.interceptor-api/1.2/javax.interceptor-api-1.2.jar:/home/user/.m2/repository/javax/inject/javax.inject/1/javax.inject-1.jar:/home/user/.m2/repository/com/sun/xml/bind/jaxb-impl/2.3.0.1/jaxb-impl-2.3.0.1.jar:/home/user/.m2/repository/com/sun/xml/bind/jaxb-core/2.3.0.1/jaxb-core-2.3.0.1.jar:/home/user/.m2/repository/javax/xml/bind/jaxb-api/2.3.0/jaxb-api-2.3.0.jar:/home/user/.m2/repository/javax/activation/activation/1.1.1/activation-1.1.1.jar:/home/user/.m2/repository/org/apache/hadoop/hadoop-ozone-csi/0.5.0-SNAPSHOT/hadoop-ozone-csi-0.5.0-SNAPSHOT.jar:/home/user/.m2/repository/com/google/protobuf/protobuf-java-util/3.5.1/protobuf-java-util-3.5.1.jar:/home/user/.m2/repository/org/apache/hadoop/hadoop-hdds-config/0.5.0-SNAPSHOT/hadoop-hdds-config-0.5.0-SNAPSHOT.jar:/home/user/.m2/repository/io/grpc/grpc-netty/1.17.1/grpc-netty-1.17.1.jar:/home/user/.m2/repository/io/grpc/grpc-core/1.17.1/grpc-core-1.17.1.jar:/home/user/.m2/repository/io/grpc/grpc-context/1.17.1/grpc-context-1.17.1.jar:/home/user/.m2/repository/com/google/errorprone/error_prone_annotations/2.2.0/error_prone_annotations-2.2.0.jar:/home/user/.m2/repository/org/codehaus/mojo/animal-sniffer-annotations/1.17/animal-sniffer-annotations-1.17.jar:/home/user/.m2/repository/io/opencensus/opencensus-api/0.17.0/opencensus-api-0.17.0.jar:/home/user/.m2/repository/io/opencensus/opencensus-contrib-grpc-metrics/0.17.0/opencensus-contrib-grpc-metrics-0.17.0.jar:/home/user/.m2/repository/io/netty/netty-codec-http2/4.1.30.Final/netty-codec-http2-4.1.30.Final.jar:/home/user/.m2/repository/io/netty/netty-codec-http/4.1.30.Final/netty-codec-http-4.1.30.Final.jar:/home/user/.m2/repository/io/netty/netty-codec/4.1.30.Final/netty-codec-4.1.30.Final.jar:/home/user/.m2/repository/io/netty/netty-handler/4.1.30.Final/netty-handler-4.1.30.Final.jar:/home/user/.m2/repository/io/netty/netty-handler-proxy/4.1.30.Final/netty-handler-proxy-4.1.30.Final.jar:/home/user/.m2/repository/io/netty/netty-codec-socks/4.1.30.Final/netty-codec-socks-4.1.30.Final.jar:/home/user/.m2/repository/io/netty/netty-transport-native-epoll/4.1.30.Final/netty-transport-native-epoll-4.1.30.Final.jar:/home/user/.m2/repository/io/netty/netty-common/4.1.30.Final/netty-common-4.1.30.Final.jar:/home/user/.m2/repository/io/netty/netty-buffer/4.1.30.Final/netty-buffer-4.1.30.Final.jar:/home/user/.m2/repository/io/netty/netty-transport/4.1.30.Final/netty-transport-4.1.30.Final.jar:/home/user/.m2/repository/io/netty/netty-resolver/4.1.30.Final/netty-resolver-4.1.30.Final.jar:/home/user/.m2/repository/io/netty/netty-transport-native-unix-common/4.1.30.Final/netty-transport-native-unix-common-4.1.30.Final.jar:/home/user/.m2/repository/io/grpc/grpc-protobuf/1.17.1/grpc-protobuf-1.17.1.jar:/home/user/.m2/repository/com/google/api/grpc/proto-google-common-protos/1.0.0/proto-google-common-protos-1.0.0.jar:/home/user/.m2/repository/io/grpc/grpc-protobuf-lite/1.17.1/grpc-protobuf-lite-1.17.1.jar:/home/user/.m2/repository/io/grpc/grpc-stub/1.17.1/grpc-stub-1.17.1.jar:/home/user/.m2/repository/org/apache/hadoop/hadoop-ozone-recon/0.5.0-SNAPSHOT/hadoop-ozone-recon-0.5.0-SNAPSHOT.jar:/home/user/.m2/repository/org/apache/hadoop/hadoop-ozone-reconcodegen/0.5.0-SNAPSHOT/hadoop-ozone-reconcodegen-0.5.0-SNAPSHOT.jar:/home/user/.m2/repository/com/google/inject/extensions/guice-multibindings/4.0/guice-multibindings-4.0.jar:/home/user/.m2/repository/com/google/inject/guice/4.0/guice-4.0.jar:/home/user/.m2/repository/aopalliance/aopalliance/1.0/aopalliance-1.0.jar:/home/user/.m2/repository/com/google/inject/extensions/guice-servlet/4.0/guice-servlet-4.0.jar:/home/user/.m2/repository/org/glassfish/jersey/containers/jersey-container-servlet/2.27/jersey-container-servlet-2.27.jar:/home/user/.m2/repository/org/glassfish/hk2/guice-bridge/2.5.0/guice-bridge-2.5.0.jar:/home/user/.m2/repository/org/glassfish/jersey/core/jersey-server/2.27/jersey-server-2.27.jar:/home/user/.m2/repository/org/glassfish/jersey/core/jersey-client/2.27/jersey-client-2.27.jar:/home/user/.m2/repository/org/glassfish/jersey/media/jersey-media-jaxb/2.27/jersey-media-jaxb-2.27.jar:/home/user/.m2/repository/javax/validation/validation-api/1.1.0.Final/validation-api-1.1.0.Final.jar:/home/user/.m2/repository/org/glassfish/jersey/media/jersey-media-json-jackson/2.27/jersey-media-json-jackson-2.27.jar:/home/user/.m2/repository/org/glassfish/jersey/ext/jersey-entity-filtering/2.27/jersey-entity-filtering-2.27.jar:/home/user/.m2/repository/com/google/inject/extensions/guice-assistedinject/4.0/guice-assistedinject-4.0.jar:/home/user/.m2/repository/org/jooq/jooq/3.11.10/jooq-3.11.10.jar:/home/user/.m2/repository/org/jooq/jooq-meta/3.11.10/jooq-meta-3.11.10.jar:/home/user/.m2/repository/org/jooq/jooq-codegen/3.11.10/jooq-codegen-3.11.10.jar:/home/user/.m2/repository/com/jolbox/bonecp/0.8.0.RELEASE/bonecp-0.8.0.RELEASE.jar:/home/user/.m2/repository/org/xerial/sqlite-jdbc/3.25.2/sqlite-jdbc-3.25.2.jar:/home/user/.m2/repository/org/springframework/spring-jdbc/5.1.3.RELEASE/spring-jdbc-5.1.3.RELEASE.jar:/home/user/.m2/repository/org/springframework/spring-beans/5.1.3.RELEASE/spring-beans-5.1.3.RELEASE.jar:/home/user/.m2/repository/org/springframework/spring-core/5.1.3.RELEASE/spring-core-5.1.3.RELEASE.jar:/home/user/.m2/repository/org/springframework/spring-jcl/5.1.3.RELEASE/spring-jcl-5.1.3.RELEASE.jar:/home/user/.m2/repository/org/springframework/spring-tx/5.1.3.RELEASE/spring-tx-5.1.3.RELEASE.jar:/home/user/.m2/repository/org/apache/hadoop/hadoop-ozone-client/0.5.0-SNAPSHOT/hadoop-ozone-client-0.5.0-SNAPSHOT.jar:/home/user/.m2/repository/commons-lang/commons-lang/2.6/commons-lang-2.6.jar:/home/user/.m2/repository/org/apache/hadoop/hadoop-ozone-ozone-manager/0.5.0-SNAPSHOT/hadoop-ozone-ozone-manager-0.5.0-SNAPSHOT-tests.jar:/home/user/.m2/repository/junit/junit/4.11/junit-4.11.jar:/home/user/.m2/repository/org/hamcrest/hamcrest-core/1.3/hamcrest-core-1.3.jar:/home/user/.m2/repository/org/openjdk/jmh/jmh-core/1.19/jmh-core-1.19.jar:/home/user/.m2/repository/net/sf/jopt-simple/jopt-simple/4.6/jopt-simple-4.6.jar:/home/user/.m2/repository/org/apache/commons/commons-math3/3.1.1/commons-math3-3.1.1.jar:/home/user/.m2/repository/org/openjdk/jmh/jmh-generator-annprocess/1.19/jmh-generator-annprocess-1.19.jar:/home/user/.m2/repository/org/mockito/mockito-all/1.8.5/mockito-all-1.8.5.jar:/home/user/.m2/repository/org/apache/hadoop/hadoop-kms/3.2.0/hadoop-kms-3.2.0.jar:/home/user/.m2/repository/org/apache/hadoop/hadoop-auth/3.2.0/hadoop-auth-3.2.0.jar:/home/user/.m2/repository/com/nimbusds/nimbus-jose-jwt/4.41.1/nimbus-jose-jwt-4.41.1.jar:/home/user/.m2/repository/com/github/stephenc/jcip/jcip-annotations/1.0-1/jcip-annotations-1.0-1.jar:/home/user/.m2/repository/net/minidev/json-smart/2.3/json-smart-2.3.jar:/home/user/.m2/repository/net/minidev/accessors-smart/1.2/accessors-smart-1.2.jar:/home/user/.m2/repository/org/ow2/asm/asm/5.0.4/asm-5.0.4.jar:/home/user/.m2/repository/org/apache/curator/curator-framework/2.12.0/curator-framework-2.12.0.jar:/home/user/.m2/repository/com/sun/jersey/jersey-core/1.19/jersey-core-1.19.jar:/home/user/.m2/repository/javax/ws/rs/jsr311-api/1.1.1/jsr311-api-1.1.1.jar:/home/user/.m2/repository/com/sun/jersey/jersey-server/1.19/jersey-server-1.19.jar:/home/user/.m2/repository/javax/servlet/javax.servlet-api/3.1.0/javax.servlet-api-3.1.0.jar:/home/user/.m2/repository/org/eclipse/jetty/jetty-server/9.3.25.v20180904/jetty-server-9.3.25.v20180904.jar:/home/user/.m2/repository/org/eclipse/jetty/jetty-http/9.3.25.v20180904/jetty-http-9.3.25.v20180904.jar:/home/user/.m2/repository/org/eclipse/jetty/jetty-io/9.3.25.v20180904/jetty-io-9.3.25.v20180904.jar:/home/user/.m2/repository/org/eclipse/jetty/jetty-webapp/9.3.25.v20180904/jetty-webapp-9.3.25.v20180904.jar:/home/user/.m2/repository/org/eclipse/jetty/jetty-xml/9.3.25.v20180904/jetty-xml-9.3.25.v20180904.jar:/home/user/.m2/repository/log4j/log4j/1.2.17/log4j-1.2.17.jar:/home/user/.m2/repository/org/slf4j/slf4j-api/1.7.25/slf4j-api-1.7.25.jar:/home/user/.m2/repository/org/slf4j/jul-to-slf4j/1.7.25/jul-to-slf4j-1.7.25.jar:/home/user/.m2/repository/org/eclipse/jetty/jetty-util/9.3.25.v20180904/jetty-util-9.3.25.v20180904.jar:/home/user/.m2/repository/com/fasterxml/jackson/core/jackson-databind/2.9.9/jackson-databind-2.9.9.jar:/home/user/.m2/repository/org/apache/hadoop/hadoop-kms/3.2.0/hadoop-kms-3.2.0-tests.jar:/home/user/.m2/repository/org/apache/hadoop/hadoop-hdds-server-scm/0.5.0-SNAPSHOT/hadoop-hdds-server-scm-0.5.0-SNAPSHOT-tests.jar:/home/user/.m2/repository/org/apache/hadoop/hadoop-hdds-container-service/0.5.0-SNAPSHOT/hadoop-hdds-container-service-0.5.0-SNAPSHOT-tests.jar:/home/user/.m2/repository/org/yaml/snakeyaml/1.16/snakeyaml-1.16.jar:/home/user/.m2/repository/org/apache/hadoop/hadoop-common/3.2.0/hadoop-common-3.2.0-tests.jar:/home/user/.m2/repository/org/apache/hadoop/hadoop-annotations/3.2.0/hadoop-annotations-3.2.0.jar:/usr/lib/jvm/java-1.8-openjdk/jre/../lib/tools.jar:/home/user/.m2/repository/commons-cli/commons-cli/1.2/commons-cli-1.2.jar:/home/user/.m2/repository/org/apache/httpcomponents/httpclient/4.5.2/httpclient-4.5.2.jar:/home/user/.m2/repository/org/apache/httpcomponents/httpcore/4.4.4/httpcore-4.4.4.jar:/home/user/.m2/repository/commons-codec/commons-codec/1.11/commons-codec-1.11.jar:/home/user/.m2/repository/commons-net/commons-net/3.6/commons-net-3.6.jar:/home/user/.m2/repository/commons-collections/commons-collections/3.2.2/commons-collections-3.2.2.jar:/home/user/.m2/repository/org/eclipse/jetty/jetty-servlet/9.3.25.v20180904/jetty-servlet-9.3.25.v20180904.jar:/home/user/.m2/repository/org/eclipse/jetty/jetty-security/9.3.25.v20180904/jetty-security-9.3.25.v20180904.jar:/home/user/.m2/repository/javax/servlet/jsp/jsp-api/2.1/jsp-api-2.1.jar:/home/user/.m2/repository/com/sun/jersey/jersey-servlet/1.19/jersey-servlet-1.19.jar:/home/user/.m2/repository/com/sun/jersey/jersey-json/1.19/jersey-json-1.19.jar:/home/user/.m2/repository/org/codehaus/jettison/jettison/1.1/jettison-1.1.jar:/home/user/.m2/repository/org/codehaus/jackson/jackson-core-asl/1.9.13/jackson-core-asl-1.9.13.jar:/home/user/.m2/repository/org/codehaus/jackson/jackson-mapper-asl/1.9.13/jackson-mapper-asl-1.9.13.jar:/home/user/.m2/repository/org/codehaus/jackson/jackson-jaxrs/1.9.13/jackson-jaxrs-1.9.13.jar:/home/user/.m2/repository/org/codehaus/jackson/jackson-xc/1.9.13/jackson-xc-1.9.13.jar:/home/user/.m2/repository/commons-logging/commons-logging/1.1.3/commons-logging-1.1.3.jar:/home/user/.m2/repository/commons-beanutils/commons-beanutils/1.9.4/commons-beanutils-1.9.4.jar:/home/user/.m2/repository/org/apache/commons/commons-configuration2/2.1.1/commons-configuration2-2.1.1.jar:/home/user/.m2/repository/org/apache/commons/commons-lang3/3.7/commons-lang3-3.7.jar:/home/user/.m2/repository/org/apache/commons/commons-text/1.4/commons-text-1.4.jar:/home/user/.m2/repository/org/apache/avro/avro/1.7.7/avro-1.7.7.jar:/home/user/.m2/repository/com/thoughtworks/paranamer/paranamer/2.3/paranamer-2.3.jar:/home/user/.m2/repository/org/xerial/snappy/snappy-java/1.0.5/snappy-java-1.0.5.jar:/home/user/.m2/repository/com/google/re2j/re2j/1.1/re2j-1.1.jar:/home/user/.m2/repository/com/google/code/gson/gson/2.2.4/gson-2.2.4.jar:/home/user/.m2/repository/com/jcraft/jsch/0.1.54/jsch-0.1.54.jar:/home/user/.m2/repository/org/apache/curator/curator-client/2.12.0/curator-client-2.12.0.jar:/home/user/.m2/repository/org/apache/curator/curator-recipes/2.12.0/curator-recipes-2.12.0.jar:/home/user/.m2/repository/com/google/code/findbugs/jsr305/3.0.0/jsr305-3.0.0.jar:/home/user/.m2/repository/org/apache/htrace/htrace-core4/4.1.0-incubating/htrace-core4-4.1.0-incubating.jar:/home/user/.m2/repository/org/apache/zookeeper/zookeeper/3.4.13/zookeeper-3.4.13.jar:/home/user/.m2/repository/jline/jline/0.9.94/jline-0.9.94.jar:/home/user/.m2/repository/org/apache/yetus/audience-annotations/0.5.0/audience-annotations-0.5.0.jar:/home/user/.m2/repository/org/codehaus/woodstox/stax2-api/3.1.4/stax2-api-3.1.4.jar:/home/user/.m2/repository/com/fasterxml/woodstox/woodstox-core/5.0.3/woodstox-core-5.0.3.jar:/home/user/.m2/repository/dnsjava/dnsjava/2.1.7/dnsjava-2.1.7.jar:/home/user/.m2/repository/org/apache/hadoop/hadoop-hdfs/3.2.0/hadoop-hdfs-3.2.0-tests.jar:/home/user/.m2/repository/org/eclipse/jetty/jetty-util-ajax/9.3.25.v20180904/jetty-util-ajax-9.3.25.v20180904.jar:/home/user/.m2/repository/commons-daemon/commons-daemon/1.0.13/commons-daemon-1.0.13.jar:/home/user/.m2/repository/io/netty/netty/3.10.5.Final/netty-3.10.5.Final.jar:/home/user/.m2/repository/io/netty/netty-all/4.0.52.Final/netty-all-4.0.52.Final.jar:/home/user/.m2/repository/org/fusesource/leveldbjni/leveldbjni-all/1.8/leveldbjni-all-1.8.jar:"/>
    <property name="sun.cpu.endian" value="little"/>
    <property name="user.home" value="/home/user"/>
    <property name="user.language" value="en"/>
    <property name="java.specification.vendor" value="Oracle Corporation"/>
    <property name="java.home" value="/usr/lib/jvm/java-1.8-openjdk/jre"/>
    <property name="java.security.krb5.conf" value="/workdir/hadoop-ozone/integration-test/target/test-classes/krb5.conf"/>
    <property name="basedir" value="/workdir/hadoop-ozone/integration-test"/>
    <property name="file.separator" value="/"/>
    <property name="line.separator" value="&#10;"/>
    <property name="java.vm.specification.vendor" value="Oracle Corporation"/>
    <property name="java.specification.name" value="Java Platform API Specification"/>
    <property name="java.awt.graphicsenv" value="sun.awt.X11GraphicsEnvironment"/>
    <property name="surefire.real.class.path" value="/workdir/hadoop-ozone/integration-test/target/surefire/surefirebooter4258803683766726533.jar"/>
    <property name="hadoop.log.dir" value="/workdir/hadoop-ozone/integration-test/target/log"/>
    <property name="sun.boot.class.path" value="/usr/lib/jvm/java-1.8-openjdk/jre/lib/resources.jar:/usr/lib/jvm/java-1.8-openjdk/jre/lib/rt.jar:/usr/lib/jvm/java-1.8-openjdk/jre/lib/sunrsasign.jar:/usr/lib/jvm/java-1.8-openjdk/jre/lib/jsse.jar:/usr/lib/jvm/java-1.8-openjdk/jre/lib/jce.jar:/usr/lib/jvm/java-1.8-openjdk/jre/lib/charsets.jar:/usr/lib/jvm/java-1.8-openjdk/jre/lib/jfr.jar:/usr/lib/jvm/java-1.8-openjdk/jre/classes"/>
    <property name="sun.management.compiler" value="HotSpot 64-Bit Tiered Compilers"/>
    <property name="java.runtime.version" value="1.8.0_212-b04"/>
    <property name="java.net.preferIPv4Stack" value="true"/>
    <property name="user.name" value="jenkins1000"/>
    <property name="path.separator" value=":"/>
    <property name="java.security.egd" value="file:///dev/urandom"/>
    <property name="os.version" value="3.10.0-957.12.2.el7.x86_64"/>
    <property name="java.endorsed.dirs" value="/usr/lib/jvm/java-1.8-openjdk/jre/lib/endorsed"/>
    <property name="java.runtime.name" value="OpenJDK Runtime Environment"/>
    <property name="file.encoding" value="UTF-8"/>
    <property name="java.vm.name" value="OpenJDK 64-Bit Server VM"/>
    <property name="test.build.webapps" value=""/>
    <property name="localRepository" value="/home/user/.m2/repository"/>
    <property name="java.vendor.url.bug" value="https://icedtea.classpath.org/bugzilla"/>
    <property name="java.io.tmpdir" value="/tmp"/>
    <property name="require.test.libhadoop" value=""/>
    <property name="java.version" value="1.8.0_212"/>
    <property name="user.dir" value="/workdir/hadoop-ozone/integration-test"/>
    <property name="os.arch" value="amd64"/>
    <property name="java.vm.specification.name" value="Java Virtual Machine Specification"/>
    <property name="test.build.classes" value="/workdir/hadoop-ozone/integration-test/target/test-classes"/>
    <property name="java.awt.printerjob" value="sun.print.PSPrinterJob"/>
    <property name="sun.os.patch.level" value="unknown"/>
    <property name="hadoop.tmp.dir" value="/workdir/hadoop-ozone/integration-test/target/tmp"/>
    <property name="java.library.path" value="/usr/lib/jvm/java-1.8-openjdk/jre/lib/amd64/server:/usr/lib/jvm/java-1.8-openjdk/jre/lib/amd64:/usr/lib/jvm/java-1.8-openjdk/jre/../lib/amd64:/workdir/hadoop-ozone/integration-test/target/native/target/usr/local/lib:/workdir/hadoop-ozone/integration-test/../../hadoop-common-project/hadoop-common/target/native/target/usr/local/lib:/usr/java/packages/lib/amd64:/usr/lib64:/lib64:/lib:/usr/lib"/>
    <property name="java.vm.info" value="mixed mode"/>
    <property name="java.vendor" value="IcedTea"/>
    <property name="java.vm.version" value="25.212-b04"/>
    <property name="java.ext.dirs" value="/usr/lib/jvm/java-1.8-openjdk/jre/lib/ext:/usr/java/packages/lib/ext"/>
    <property name="sun.io.unicode.encoding" value="UnicodeLittle"/>
    <property name="java.class.version" value="52.0"/>
  </properties>
  <testcase name="testWatchForCommitWithKeyWrite" classname="org.apache.hadoop.ozone.client.rpc.TestWatchForCommit" time="60.63"/>
  <testcase name="testWatchForCommitWithSmallerTimeoutValue" classname="org.apache.hadoop.ozone.client.rpc.TestWatchForCommit" time="44.233"/>
  <testcase name="testWatchForCommitForRetryfailure" classname="org.apache.hadoop.ozone.client.rpc.TestWatchForCommit" time="61.887">
    <failure type="java.lang.AssertionError">java.lang.AssertionError
	at org.junit.Assert.fail(Assert.java:86)
	at org.junit.Assert.assertTrue(Assert.java:41)
	at org.junit.Assert.assertTrue(Assert.java:52)
	at org.apache.hadoop.ozone.client.rpc.TestWatchForCommit.testWatchForCommitForRetryfailure(TestWatchForCommit.java:348)
	at sun.reflect.NativeMethodAccessorImpl.invoke0(Native Method)
	at sun.reflect.NativeMethodAccessorImpl.invoke(NativeMethodAccessorImpl.java:62)
	at sun.reflect.DelegatingMethodAccessorImpl.invoke(DelegatingMethodAccessorImpl.java:43)
	at java.lang.reflect.Method.invoke(Method.java:498)
	at org.junit.runners.model.FrameworkMethod$1.runReflectiveCall(FrameworkMethod.java:47)
	at org.junit.internal.runners.model.ReflectiveCallable.run(ReflectiveCallable.java:12)
	at org.junit.runners.model.FrameworkMethod.invokeExplosively(FrameworkMethod.java:44)
	at org.junit.internal.runners.statements.InvokeMethod.evaluate(InvokeMethod.java:17)
	at org.junit.runners.ParentRunner.runLeaf(ParentRunner.java:271)
	at org.junit.runners.BlockJUnit4ClassRunner.runChild(BlockJUnit4ClassRunner.java:70)
	at org.junit.runners.BlockJUnit4ClassRunner.runChild(BlockJUnit4ClassRunner.java:50)
	at org.junit.runners.ParentRunner$3.run(ParentRunner.java:238)
	at org.junit.runners.ParentRunner$1.schedule(ParentRunner.java:63)
	at org.junit.runners.ParentRunner.runChildren(ParentRunner.java:236)
	at org.junit.runners.ParentRunner.access$000(ParentRunner.java:53)
	at org.junit.runners.ParentRunner$2.evaluate(ParentRunner.java:229)
	at org.junit.runners.ParentRunner.run(ParentRunner.java:309)
	at org.apache.maven.surefire.junit4.JUnit4Provider.execute(JUnit4Provider.java:365)
	at org.apache.maven.surefire.junit4.JUnit4Provider.executeWithRerun(JUnit4Provider.java:273)
	at org.apache.maven.surefire.junit4.JUnit4Provider.executeTestSet(JUnit4Provider.java:238)
	at org.apache.maven.surefire.junit4.JUnit4Provider.invoke(JUnit4Provider.java:159)
	at org.apache.maven.surefire.booter.ForkedBooter.invokeProviderInSameClassLoader(ForkedBooter.java:384)
	at org.apache.maven.surefire.booter.ForkedBooter.runSuitesInProcess(ForkedBooter.java:345)
	at org.apache.maven.surefire.booter.ForkedBooter.execute(ForkedBooter.java:126)
	at org.apache.maven.surefire.booter.ForkedBooter.main(ForkedBooter.java:418)
</failure>
    <system-out><![CDATA[2019-10-10 21:36:21,472 [main] WARN  server.ServerUtils (ServerUtils.java:getScmDbDir(145)) - ozone.scm.db.dirs is not configured. We recommend adding this setting. Falling back to ozone.metadata.dirs instead.
2019-10-10 21:36:21,498 [main] WARN  server.ServerUtils (ServerUtils.java:getScmDbDir(145)) - ozone.scm.db.dirs is not configured. We recommend adding this setting. Falling back to ozone.metadata.dirs instead.
2019-10-10 21:36:21,498 [main] WARN  server.ServerUtils (ServerUtils.java:getScmDbDir(145)) - ozone.scm.db.dirs is not configured. We recommend adding this setting. Falling back to ozone.metadata.dirs instead.
2019-10-10 21:36:21,499 [main] INFO  db.DBStoreBuilder (DBStoreBuilder.java:addTable(117)) - using custom profile for table: deletedBlocks
2019-10-10 21:36:21,499 [main] INFO  db.DBStoreBuilder (DBStoreBuilder.java:processTables(168)) - Using default column profile:DBProfile.DISK for Table:deletedBlocks
2019-10-10 21:36:21,500 [main] INFO  db.DBStoreBuilder (DBStoreBuilder.java:addTable(117)) - using custom profile for table: validCerts
2019-10-10 21:36:21,500 [main] INFO  db.DBStoreBuilder (DBStoreBuilder.java:processTables(168)) - Using default column profile:DBProfile.DISK for Table:validCerts
2019-10-10 21:36:21,500 [main] INFO  db.DBStoreBuilder (DBStoreBuilder.java:addTable(117)) - using custom profile for table: revokedCerts
2019-10-10 21:36:21,501 [main] INFO  db.DBStoreBuilder (DBStoreBuilder.java:processTables(168)) - Using default column profile:DBProfile.DISK for Table:revokedCerts
2019-10-10 21:36:21,501 [main] INFO  db.DBStoreBuilder (DBStoreBuilder.java:addTable(117)) - using custom profile for table: default
2019-10-10 21:36:21,501 [main] INFO  db.DBStoreBuilder (DBStoreBuilder.java:processTables(174)) - Using default column profile:DBProfile.DISK for Table:default
2019-10-10 21:36:21,501 [main] INFO  db.DBStoreBuilder (DBStoreBuilder.java:getDbProfile(205)) - Using default options. DBProfile.DISK
2019-10-10 21:36:21,743 [main] INFO  net.NodeSchemaLoader (NodeSchemaLoader.java:loadSchemaFromFile(125)) - Loading file from sun.misc.CompoundEnumeration@9f86dc3
2019-10-10 21:36:21,744 [main] INFO  net.NodeSchemaLoader (NodeSchemaLoader.java:loadSchema(171)) - Loading network topology layer schema file
2019-10-10 21:36:21,750 [main] WARN  server.ServerUtils (ServerUtils.java:sanitizeUserArgs(70)) - ozone.scm.stale.node.interval value = 300000 is larger than max = 100000 based on the key value of ozone.scm.heartbeat.thread.interval, reset to the max value 100000.
2019-10-10 21:36:21,751 [main] WARN  server.ServerUtils (ServerUtils.java:sanitizeUserArgs(70)) - ozone.scm.stale.node.interval value = 300000 is larger than max = 100000 based on the key value of ozone.scm.heartbeat.thread.interval, reset to the max value 100000.
2019-10-10 21:36:21,751 [main] INFO  node.SCMNodeManager (SCMNodeManager.java:<init>(116)) - Entering startup safe mode.
2019-10-10 21:36:21,752 [main] INFO  algorithms.ContainerPlacementPolicyFactory (ContainerPlacementPolicyFactory.java:getPolicy(57)) - Create container placement policy of type org.apache.hadoop.hdds.scm.container.placement.algorithms.SCMContainerPlacementRandom
2019-10-10 21:36:21,753 [main] WARN  server.ServerUtils (ServerUtils.java:getScmDbDir(145)) - ozone.scm.db.dirs is not configured. We recommend adding this setting. Falling back to ozone.metadata.dirs instead.
2019-10-10 21:36:21,848 [main] INFO  pipeline.SCMPipelineManager (SCMPipelineManager.java:initializePipelineState(132)) - No pipeline exists in current db
2019-10-10 21:36:21,849 [main] WARN  server.ServerUtils (ServerUtils.java:getScmDbDir(145)) - ozone.scm.db.dirs is not configured. We recommend adding this setting. Falling back to ozone.metadata.dirs instead.
2019-10-10 21:36:21,954 [main] WARN  events.EventQueue (EventQueue.java:fireEvent(183)) - No event handler registered for event TypedEvent{payloadType=SafeModeStatus, name='SafeModeStatus'}
2019-10-10 21:36:21,955 [main] INFO  ipc.CallQueueManager (CallQueueManager.java:<init>(84)) - Using callQueue: class java.util.concurrent.LinkedBlockingQueue, queueCapacity: 2000, scheduler: class org.apache.hadoop.ipc.DefaultRpcScheduler, ipcBackoff: false.
2019-10-10 21:36:21,956 [Socket Reader #1 for port 42149] INFO  ipc.Server (Server.java:run(1074)) - Starting Socket Reader #1 for port 42149
2019-10-10 21:36:21,958 [main] INFO  ipc.CallQueueManager (CallQueueManager.java:<init>(84)) - Using callQueue: class java.util.concurrent.LinkedBlockingQueue, queueCapacity: 2000, scheduler: class org.apache.hadoop.ipc.DefaultRpcScheduler, ipcBackoff: false.
2019-10-10 21:36:21,959 [Socket Reader #1 for port 33602] INFO  ipc.Server (Server.java:run(1074)) - Starting Socket Reader #1 for port 33602
2019-10-10 21:36:21,960 [main] INFO  ipc.CallQueueManager (CallQueueManager.java:<init>(84)) - Using callQueue: class java.util.concurrent.LinkedBlockingQueue, queueCapacity: 2000, scheduler: class org.apache.hadoop.ipc.DefaultRpcScheduler, ipcBackoff: false.
2019-10-10 21:36:21,961 [Socket Reader #1 for port 35583] INFO  ipc.Server (Server.java:run(1074)) - Starting Socket Reader #1 for port 35583
2019-10-10 21:36:21,964 [main] INFO  hdfs.DFSUtil (DFSUtil.java:httpServerTemplateForNNAndJN(1641)) - Starting Web-server for scm at: http://0.0.0.0:0
2019-10-10 21:36:21,967 [main] INFO  server.AuthenticationFilter (AuthenticationFilter.java:constructSecretProvider(240)) - Unable to initialize FileSignerSecretProvider, falling back to use random secrets.
2019-10-10 21:36:21,967 [main] WARN  http.HttpRequestLog (HttpRequestLog.java:getRequestLog(97)) - Jetty request log can only be enabled using Log4j
2019-10-10 21:36:21,970 [main] INFO  http.HttpServer2 (HttpServer2.java:addGlobalFilter(975)) - Added global filter 'safety' (class=org.apache.hadoop.http.HttpServer2$QuotingInputFilter)
2019-10-10 21:36:21,970 [main] INFO  http.HttpServer2 (HttpServer2.java:addFilter(948)) - Added filter static_user_filter (class=org.apache.hadoop.http.lib.StaticUserWebFilter$StaticUserFilter) to context scm
2019-10-10 21:36:21,971 [main] INFO  http.HttpServer2 (HttpServer2.java:addFilter(958)) - Added filter static_user_filter (class=org.apache.hadoop.http.lib.StaticUserWebFilter$StaticUserFilter) to context static
2019-10-10 21:36:21,971 [main] INFO  http.HttpServer2 (HttpServer2.java:addFilter(958)) - Added filter static_user_filter (class=org.apache.hadoop.http.lib.StaticUserWebFilter$StaticUserFilter) to context logs
2019-10-10 21:36:21,973 [main] INFO  server.StorageContainerManager (StorageContainerManager.java:start(772)) - StorageContainerLocationProtocol RPC server is listening at /0.0.0.0:35583
2019-10-10 21:36:21,976 [main] WARN  impl.MetricsConfig (MetricsConfig.java:loadFirst(134)) - Cannot locate configuration: tried hadoop-metrics2-storagecontainermanager.properties,hadoop-metrics2.properties
2019-10-10 21:36:21,977 [main] INFO  impl.MetricsSystemImpl (MetricsSystemImpl.java:startTimer(374)) - Scheduled Metric snapshot period at 10 second(s).
2019-10-10 21:36:21,977 [main] INFO  impl.MetricsSystemImpl (MetricsSystemImpl.java:start(191)) - StorageContainerManager metrics system started
2019-10-10 21:36:22,017 [main] INFO  lib.Interns (Interns.java:removeEldestEntry(50)) - Metrics intern cache overflow at 2011 for MetricsSystem={MetricsSystem=MetricsInfoImpl{name=MetricsSystem, description=MetricsSystem}, MetricsSystem record=MetricsInfoImpl{name=MetricsSystem, description=MetricsSystem record}}
2019-10-10 21:36:22,028 [main] WARN  impl.MetricsSystemImpl (MetricsSystemImpl.java:register(276)) - Sink prometheus already exists!
2019-10-10 21:36:22,087 [main] INFO  server.SCMClientProtocolServer (SCMClientProtocolServer.java:start(159)) - RPC server for Client  is listening at /0.0.0.0:35583
2019-10-10 21:36:22,088 [IPC Server listener on 35583] INFO  ipc.Server (Server.java:run(1153)) - IPC Server listener on 35583: starting
2019-10-10 21:36:22,088 [IPC Server Responder] INFO  ipc.Server (Server.java:run(1314)) - IPC Server Responder: starting
2019-10-10 21:36:22,097 [main] INFO  server.StorageContainerManager (StorageContainerManager.java:start(782)) - ScmBlockLocationProtocol RPC server is listening at /0.0.0.0:33602
2019-10-10 21:36:22,098 [main] INFO  server.SCMBlockProtocolServer (SCMBlockProtocolServer.java:start(146)) - RPC server for Block Protocol is listening at /0.0.0.0:33602
2019-10-10 21:36:22,098 [IPC Server Responder] INFO  ipc.Server (Server.java:run(1314)) - IPC Server Responder: starting
2019-10-10 21:36:22,099 [IPC Server listener on 33602] INFO  ipc.Server (Server.java:run(1153)) - IPC Server listener on 33602: starting
2019-10-10 21:36:22,103 [main] INFO  server.StorageContainerManager (StorageContainerManager.java:start(786)) - ScmDatanodeProtocl RPC server is listening at /0.0.0.0:42149
2019-10-10 21:36:22,104 [main] INFO  server.SCMDatanodeProtocolServer (SCMDatanodeProtocolServer.java:start(169)) - RPC server for DataNodes is listening at /0.0.0.0:42149
2019-10-10 21:36:22,104 [IPC Server Responder] INFO  ipc.Server (Server.java:run(1314)) - IPC Server Responder: starting
2019-10-10 21:36:22,104 [IPC Server listener on 42149] INFO  ipc.Server (Server.java:run(1153)) - IPC Server listener on 42149: starting
2019-10-10 21:36:22,109 [main] INFO  http.HttpServer2 (HttpServer2.java:bindListener(1191)) - Jetty bound to port 36539
2019-10-10 21:36:22,109 [main] INFO  server.Server (Server.java:doStart(351)) - jetty-9.3.25.v20180904, build timestamp: 2018-09-04T21:11:46Z, git hash: 3ce520221d0240229c862b122d2b06c12a625732
2019-10-10 21:36:22,111 [main] INFO  handler.ContextHandler (ContextHandler.java:doStart(781)) - Started o.e.j.s.ServletContextHandler@2f80cb79{/logs,file:///workdir/hadoop-ozone/integration-test/target/log,AVAILABLE}
2019-10-10 21:36:22,111 [main] INFO  handler.ContextHandler (ContextHandler.java:doStart(781)) - Started o.e.j.s.ServletContextHandler@20d33ea{/static,file:///workdir/hadoop-ozone/integration-test/target/test-classes/webapps/static,AVAILABLE}
2019-10-10 21:36:22,116 [main] INFO  handler.ContextHandler (ContextHandler.java:doStart(781)) - Started o.e.j.w.WebAppContext@634ff56{/,file:///workdir/hadoop-ozone/integration-test/target/test-classes/webapps/scm/,AVAILABLE}{/scm}
2019-10-10 21:36:22,116 [main] INFO  server.AbstractConnector (AbstractConnector.java:doStart(278)) - Started ServerConnector@66522ead{HTTP/1.1,[http/1.1]}{0.0.0.0:36539}
2019-10-10 21:36:22,117 [main] INFO  server.Server (Server.java:doStart(419)) - Started @105919ms
2019-10-10 21:36:22,117 [main] WARN  impl.MetricsSystemImpl (MetricsSystemImpl.java:register(276)) - Sink prometheus already exists!
2019-10-10 21:36:22,119 [main] INFO  server.BaseHttpServer (BaseHttpServer.java:updateConnectorAddress(215)) - HTTP server of SCM is listening at http://0.0.0.0:36539
2019-10-10 21:36:22,119 [main] WARN  server.ServerUtils (ServerUtils.java:getDBPath(222)) - ozone.om.db.dirs is not configured. We recommend adding this setting. Falling back to ozone.metadata.dirs instead.
2019-10-10 21:36:22,120 [org.apache.hadoop.util.JvmPauseMonitor$Monitor@e91b4f4] INFO  util.JvmPauseMonitor (JvmPauseMonitor.java:run(188)) - Starting JVM pause monitor
2019-10-10 21:36:22,144 [main] INFO  ha.OMHANodeDetails (OMHANodeDetails.java:loadOMHAConfig(190)) - Configuration either no ozone.om.address set. Falling back to the default OM address /127.0.0.1:0
2019-10-10 21:36:22,144 [main] INFO  ha.OMHANodeDetails (OMHANodeDetails.java:getOMNodeDetails(220)) - OM Service ID is not set. Setting it to the default ID: omServiceIdDefault
2019-10-10 21:36:22,144 [main] WARN  server.ServerUtils (ServerUtils.java:getDBPath(222)) - ozone.om.db.dirs is not configured. We recommend adding this setting. Falling back to ozone.metadata.dirs instead.
2019-10-10 21:36:22,145 [main] WARN  server.ServerUtils (ServerUtils.java:getDBPath(222)) - ozone.om.db.dirs is not configured. We recommend adding this setting. Falling back to ozone.metadata.dirs instead.
2019-10-10 21:36:22,153 [main] WARN  server.ServerUtils (ServerUtils.java:getDBPath(222)) - ozone.om.db.dirs is not configured. We recommend adding this setting. Falling back to ozone.metadata.dirs instead.
2019-10-10 21:36:22,154 [main] INFO  db.DBStoreBuilder (DBStoreBuilder.java:addTable(117)) - using custom profile for table: userTable
2019-10-10 21:36:22,154 [main] INFO  db.DBStoreBuilder (DBStoreBuilder.java:processTables(168)) - Using default column profile:DBProfile.DISK for Table:userTable
2019-10-10 21:36:22,154 [main] INFO  db.DBStoreBuilder (DBStoreBuilder.java:addTable(117)) - using custom profile for table: volumeTable
2019-10-10 21:36:22,154 [main] INFO  db.DBStoreBuilder (DBStoreBuilder.java:processTables(168)) - Using default column profile:DBProfile.DISK for Table:volumeTable
2019-10-10 21:36:22,154 [main] INFO  db.DBStoreBuilder (DBStoreBuilder.java:addTable(117)) - using custom profile for table: bucketTable
2019-10-10 21:36:22,154 [main] INFO  db.DBStoreBuilder (DBStoreBuilder.java:processTables(168)) - Using default column profile:DBProfile.DISK for Table:bucketTable
2019-10-10 21:36:22,155 [main] INFO  db.DBStoreBuilder (DBStoreBuilder.java:addTable(117)) - using custom profile for table: keyTable
2019-10-10 21:36:22,155 [main] INFO  db.DBStoreBuilder (DBStoreBuilder.java:processTables(168)) - Using default column profile:DBProfile.DISK for Table:keyTable
2019-10-10 21:36:22,155 [main] INFO  db.DBStoreBuilder (DBStoreBuilder.java:addTable(117)) - using custom profile for table: deletedTable
2019-10-10 21:36:22,155 [main] INFO  db.DBStoreBuilder (DBStoreBuilder.java:processTables(168)) - Using default column profile:DBProfile.DISK for Table:deletedTable
2019-10-10 21:36:22,155 [main] INFO  db.DBStoreBuilder (DBStoreBuilder.java:addTable(117)) - using custom profile for table: openKeyTable
2019-10-10 21:36:22,155 [main] INFO  db.DBStoreBuilder (DBStoreBuilder.java:processTables(168)) - Using default column profile:DBProfile.DISK for Table:openKeyTable
2019-10-10 21:36:22,156 [main] INFO  db.DBStoreBuilder (DBStoreBuilder.java:addTable(117)) - using custom profile for table: s3Table
2019-10-10 21:36:22,156 [main] INFO  db.DBStoreBuilder (DBStoreBuilder.java:processTables(168)) - Using default column profile:DBProfile.DISK for Table:s3Table
2019-10-10 21:36:22,156 [main] INFO  db.DBStoreBuilder (DBStoreBuilder.java:addTable(117)) - using custom profile for table: multipartInfoTable
2019-10-10 21:36:22,156 [main] INFO  db.DBStoreBuilder (DBStoreBuilder.java:processTables(168)) - Using default column profile:DBProfile.DISK for Table:multipartInfoTable
2019-10-10 21:36:22,156 [main] INFO  db.DBStoreBuilder (DBStoreBuilder.java:addTable(117)) - using custom profile for table: dTokenTable
2019-10-10 21:36:22,156 [main] INFO  db.DBStoreBuilder (DBStoreBuilder.java:processTables(168)) - Using default column profile:DBProfile.DISK for Table:dTokenTable
2019-10-10 21:36:22,157 [main] INFO  db.DBStoreBuilder (DBStoreBuilder.java:addTable(117)) - using custom profile for table: s3SecretTable
2019-10-10 21:36:22,157 [main] INFO  db.DBStoreBuilder (DBStoreBuilder.java:processTables(168)) - Using default column profile:DBProfile.DISK for Table:s3SecretTable
2019-10-10 21:36:22,157 [main] INFO  db.DBStoreBuilder (DBStoreBuilder.java:addTable(117)) - using custom profile for table: prefixTable
2019-10-10 21:36:22,157 [main] INFO  db.DBStoreBuilder (DBStoreBuilder.java:processTables(168)) - Using default column profile:DBProfile.DISK for Table:prefixTable
2019-10-10 21:36:22,157 [main] INFO  db.DBStoreBuilder (DBStoreBuilder.java:addTable(117)) - using custom profile for table: default
2019-10-10 21:36:22,158 [main] INFO  db.DBStoreBuilder (DBStoreBuilder.java:processTables(174)) - Using default column profile:DBProfile.DISK for Table:default
2019-10-10 21:36:22,158 [main] INFO  db.DBStoreBuilder (DBStoreBuilder.java:getDbProfile(205)) - Using default options. DBProfile.DISK
2019-10-10 21:36:22,824 [main] INFO  ipc.CallQueueManager (CallQueueManager.java:<init>(84)) - Using callQueue: class java.util.concurrent.LinkedBlockingQueue, queueCapacity: 2000, scheduler: class org.apache.hadoop.ipc.DefaultRpcScheduler, ipcBackoff: false.
2019-10-10 21:36:22,825 [Socket Reader #1 for port 39486] INFO  ipc.Server (Server.java:run(1074)) - Starting Socket Reader #1 for port 39486
2019-10-10 21:36:22,837 [main] INFO  om.OzoneManager (OzoneManager.java:start(1071)) - OzoneManager RPC server is listening at localhost/127.0.0.1:39486
2019-10-10 21:36:22,837 [main] INFO  impl.MetricsSystemImpl (MetricsSystemImpl.java:init(158)) - OzoneManager metrics system started (again)
2019-10-10 21:36:22,839 [IPC Server Responder] INFO  ipc.Server (Server.java:run(1314)) - IPC Server Responder: starting
2019-10-10 21:36:22,839 [IPC Server listener on 39486] INFO  ipc.Server (Server.java:run(1153)) - IPC Server listener on 39486: starting
2019-10-10 21:36:22,843 [main] INFO  hdfs.DFSUtil (DFSUtil.java:httpServerTemplateForNNAndJN(1641)) - Starting Web-server for ozoneManager at: http://0.0.0.0:0
2019-10-10 21:36:22,845 [main] INFO  server.AuthenticationFilter (AuthenticationFilter.java:constructSecretProvider(240)) - Unable to initialize FileSignerSecretProvider, falling back to use random secrets.
2019-10-10 21:36:22,845 [main] WARN  http.HttpRequestLog (HttpRequestLog.java:getRequestLog(97)) - Jetty request log can only be enabled using Log4j
2019-10-10 21:36:22,846 [main] INFO  http.HttpServer2 (HttpServer2.java:addGlobalFilter(975)) - Added global filter 'safety' (class=org.apache.hadoop.http.HttpServer2$QuotingInputFilter)
2019-10-10 21:36:22,847 [main] INFO  http.HttpServer2 (HttpServer2.java:addFilter(948)) - Added filter static_user_filter (class=org.apache.hadoop.http.lib.StaticUserWebFilter$StaticUserFilter) to context ozoneManager
2019-10-10 21:36:22,847 [main] INFO  http.HttpServer2 (HttpServer2.java:addFilter(958)) - Added filter static_user_filter (class=org.apache.hadoop.http.lib.StaticUserWebFilter$StaticUserFilter) to context static
2019-10-10 21:36:22,847 [main] INFO  http.HttpServer2 (HttpServer2.java:addFilter(958)) - Added filter static_user_filter (class=org.apache.hadoop.http.lib.StaticUserWebFilter$StaticUserFilter) to context logs
2019-10-10 21:36:22,848 [main] INFO  http.HttpServer2 (HttpServer2.java:bindListener(1191)) - Jetty bound to port 34690
2019-10-10 21:36:22,848 [main] INFO  server.Server (Server.java:doStart(351)) - jetty-9.3.25.v20180904, build timestamp: 2018-09-04T21:11:46Z, git hash: 3ce520221d0240229c862b122d2b06c12a625732
2019-10-10 21:36:22,849 [main] INFO  handler.ContextHandler (ContextHandler.java:doStart(781)) - Started o.e.j.s.ServletContextHandler@1dcedc93{/logs,file:///workdir/hadoop-ozone/integration-test/target/log,AVAILABLE}
2019-10-10 21:36:22,850 [main] INFO  handler.ContextHandler (ContextHandler.java:doStart(781)) - Started o.e.j.s.ServletContextHandler@628b819d{/static,file:///workdir/hadoop-ozone/integration-test/target/test-classes/webapps/static,AVAILABLE}
2019-10-10 21:36:22,853 [main] INFO  handler.ContextHandler (ContextHandler.java:doStart(781)) - Started o.e.j.w.WebAppContext@7944b8b4{/,file:///workdir/hadoop-ozone/integration-test/target/test-classes/webapps/ozoneManager/,AVAILABLE}{/ozoneManager}
2019-10-10 21:36:22,854 [main] INFO  server.AbstractConnector (AbstractConnector.java:doStart(278)) - Started ServerConnector@d7bbf12{HTTP/1.1,[http/1.1]}{0.0.0.0:34690}
2019-10-10 21:36:22,855 [main] INFO  server.Server (Server.java:doStart(419)) - Started @106657ms
2019-10-10 21:36:22,855 [main] WARN  impl.MetricsSystemImpl (MetricsSystemImpl.java:register(276)) - Sink prometheus already exists!
2019-10-10 21:36:22,855 [main] INFO  server.BaseHttpServer (BaseHttpServer.java:updateConnectorAddress(215)) - HTTP server of OZONEMANAGER is listening at http://0.0.0.0:34690
2019-10-10 21:36:22,870 [main] INFO  impl.MetricsSystemImpl (MetricsSystemImpl.java:init(158)) - HddsDatanode metrics system started (again)
2019-10-10 21:36:22,872 [main] INFO  ozone.HddsDatanodeService (HddsDatanodeService.java:start(184)) - HddsDatanodeService host:pr-hdds-2281-k4msp-1747625461 ip:192.168.164.253
2019-10-10 21:36:22,878 [main] INFO  volume.HddsVolume (HddsVolume.java:<init>(176)) - Creating Volume: /workdir/hadoop-ozone/integration-test/target/test-dir/MiniOzoneClusterImpl-f3f4975b-3282-43d8-8c1e-6f49492aa572/datanode-0/data/containers/hdds of  storage type : DISK and capacity : 1482555576320
2019-10-10 21:36:22,879 [main] INFO  volume.VolumeSet (VolumeSet.java:initializeVolumeSet(170)) - Added Volume : /workdir/hadoop-ozone/integration-test/target/test-dir/MiniOzoneClusterImpl-f3f4975b-3282-43d8-8c1e-6f49492aa572/datanode-0/data/containers/hdds to VolumeSet
2019-10-10 21:36:22,879 [main] INFO  volume.ThrottledAsyncChecker (ThrottledAsyncChecker.java:schedule(141)) - Scheduling a check for org.apache.hadoop.ozone.container.common.volume.HddsVolume@3becc950
2019-10-10 21:36:22,879 [main] INFO  volume.HddsVolumeChecker (HddsVolumeChecker.java:checkAllVolumes(204)) - Scheduled health check for volume org.apache.hadoop.ozone.container.common.volume.HddsVolume@3becc950
2019-10-10 21:36:22,892 [main] INFO  impl.RaftServerProxy (ConfUtils.java:logGet(43)) - raft.rpc.type = GRPC (default)
2019-10-10 21:36:22,892 [main] INFO  grpc.GrpcFactory (GrpcFactory.java:checkPooledByteBufAllocatorUseCacheForAllThreads(45)) - PERFORMANCE WARNING: useCacheForAllThreads is true that may cause Netty to create a lot garbage objects and, as a result, trigger GC.
	It is recommended to disable useCacheForAllThreads by setting -Dorg.apache.ratis.thirdparty.io.netty.allocator.useCacheForAllThreads=false in command line.
2019-10-10 21:36:22,893 [main] INFO  grpc.GrpcConfigKeys$Server (ConfUtils.java:logGet(43)) - raft.grpc.server.port = 0 (default)
2019-10-10 21:36:22,893 [main] INFO  server.GrpcService (ConfUtils.java:logGet(43)) - raft.grpc.message.size.max = 33570816 (custom)
2019-10-10 21:36:22,893 [main] INFO  server.RaftServerConfigKeys (ConfUtils.java:logGet(43)) - raft.server.log.appender.buffer.byte-limit = 33554432 (custom)
2019-10-10 21:36:22,893 [main] INFO  server.GrpcService (ConfUtils.java:logGet(43)) - raft.grpc.flow.control.window = 1MB (=1048576) (default)
2019-10-10 21:36:22,893 [main] INFO  server.RaftServerConfigKeys (ConfUtils.java:logGet(43)) - raft.server.rpc.request.timeout = 3000ms (default)
2019-10-10 21:36:22,894 [main] INFO  server.RaftServerConfigKeys (ConfUtils.java:logGet(43)) - raft.server.storage.dir = [/workdir/hadoop-ozone/integration-test/target/test-dir/MiniOzoneClusterImpl-f3f4975b-3282-43d8-8c1e-6f49492aa572/datanode-0/data/ratis] (custom)
2019-10-10 21:36:22,895 [main] INFO  hdfs.DFSUtil (DFSUtil.java:httpServerTemplateForNNAndJN(1641)) - Starting Web-server for hddsDatanode at: http://0.0.0.0:0
2019-10-10 21:36:22,900 [main] INFO  server.AuthenticationFilter (AuthenticationFilter.java:constructSecretProvider(240)) - Unable to initialize FileSignerSecretProvider, falling back to use random secrets.
2019-10-10 21:36:22,900 [main] WARN  http.HttpRequestLog (HttpRequestLog.java:getRequestLog(97)) - Jetty request log can only be enabled using Log4j
2019-10-10 21:36:22,901 [main] INFO  http.HttpServer2 (HttpServer2.java:addGlobalFilter(975)) - Added global filter 'safety' (class=org.apache.hadoop.http.HttpServer2$QuotingInputFilter)
2019-10-10 21:36:22,902 [main] INFO  http.HttpServer2 (HttpServer2.java:addFilter(948)) - Added filter static_user_filter (class=org.apache.hadoop.http.lib.StaticUserWebFilter$StaticUserFilter) to context hddsDatanode
2019-10-10 21:36:22,902 [main] INFO  http.HttpServer2 (HttpServer2.java:addFilter(958)) - Added filter static_user_filter (class=org.apache.hadoop.http.lib.StaticUserWebFilter$StaticUserFilter) to context static
2019-10-10 21:36:22,902 [main] INFO  http.HttpServer2 (HttpServer2.java:addFilter(958)) - Added filter static_user_filter (class=org.apache.hadoop.http.lib.StaticUserWebFilter$StaticUserFilter) to context logs
2019-10-10 21:36:22,903 [main] INFO  http.HttpServer2 (HttpServer2.java:bindListener(1191)) - Jetty bound to port 43746
2019-10-10 21:36:22,903 [main] INFO  server.Server (Server.java:doStart(351)) - jetty-9.3.25.v20180904, build timestamp: 2018-09-04T21:11:46Z, git hash: 3ce520221d0240229c862b122d2b06c12a625732
2019-10-10 21:36:22,905 [main] INFO  handler.ContextHandler (ContextHandler.java:doStart(781)) - Started o.e.j.s.ServletContextHandler@61db86bf{/logs,file:///workdir/hadoop-ozone/integration-test/target/log,AVAILABLE}
2019-10-10 21:36:22,905 [main] INFO  handler.ContextHandler (ContextHandler.java:doStart(781)) - Started o.e.j.s.ServletContextHandler@3e377967{/static,jar:file:/home/user/.m2/repository/org/apache/hadoop/hadoop-hdds-container-service/0.5.0-SNAPSHOT/hadoop-hdds-container-service-0.5.0-SNAPSHOT.jar!/webapps/static,AVAILABLE}
2019-10-10 21:36:22,934 [main] INFO  handler.ContextHandler (ContextHandler.java:doStart(781)) - Started o.e.j.w.WebAppContext@4cc65c2{/,file:///tmp/jetty-0.0.0.0-43746-hddsDatanode-_-any-563800952947090160.dir/webapp/,AVAILABLE}{/hddsDatanode}
2019-10-10 21:36:22,934 [main] INFO  server.AbstractConnector (AbstractConnector.java:doStart(278)) - Started ServerConnector@574059d5{HTTP/1.1,[http/1.1]}{0.0.0.0:43746}
2019-10-10 21:36:22,937 [main] INFO  server.Server (Server.java:doStart(419)) - Started @106739ms
2019-10-10 21:36:22,937 [main] WARN  impl.MetricsSystemImpl (MetricsSystemImpl.java:register(276)) - Sink prometheus already exists!
2019-10-10 21:36:22,938 [main] INFO  server.BaseHttpServer (BaseHttpServer.java:updateConnectorAddress(215)) - HTTP server of HDDSDATANODE is listening at http://0.0.0.0:43746
2019-10-10 21:36:22,938 [main] INFO  impl.MetricsSystemImpl (MetricsSystemImpl.java:init(158)) - HddsDatanode metrics system started (again)
2019-10-10 21:36:22,941 [main] INFO  ozone.HddsDatanodeService (HddsDatanodeService.java:start(184)) - HddsDatanodeService host:pr-hdds-2281-k4msp-1747625461 ip:192.168.164.253
2019-10-10 21:36:22,941 [org.apache.hadoop.util.JvmPauseMonitor$Monitor@ed3b20d] INFO  util.JvmPauseMonitor (JvmPauseMonitor.java:run(188)) - Starting JVM pause monitor
2019-10-10 21:36:22,944 [Datanode State Machine Thread - 0] INFO  datanode.InitDatanodeState (InitDatanodeState.java:persistContainerDatanodeDetails(140)) - DatanodeDetails is persisted to /workdir/hadoop-ozone/integration-test/target/test-dir/MiniOzoneClusterImpl-f3f4975b-3282-43d8-8c1e-6f49492aa572/datanode-0/meta/datanode.id
2019-10-10 21:36:22,948 [main] INFO  volume.HddsVolume (HddsVolume.java:<init>(176)) - Creating Volume: /workdir/hadoop-ozone/integration-test/target/test-dir/MiniOzoneClusterImpl-f3f4975b-3282-43d8-8c1e-6f49492aa572/datanode-1/data/containers/hdds of  storage type : DISK and capacity : 1482555576320
2019-10-10 21:36:22,948 [main] INFO  volume.VolumeSet (VolumeSet.java:initializeVolumeSet(170)) - Added Volume : /workdir/hadoop-ozone/integration-test/target/test-dir/MiniOzoneClusterImpl-f3f4975b-3282-43d8-8c1e-6f49492aa572/datanode-1/data/containers/hdds to VolumeSet
2019-10-10 21:36:22,948 [main] INFO  volume.ThrottledAsyncChecker (ThrottledAsyncChecker.java:schedule(141)) - Scheduling a check for org.apache.hadoop.ozone.container.common.volume.HddsVolume@472d0f4
2019-10-10 21:36:22,949 [main] INFO  volume.HddsVolumeChecker (HddsVolumeChecker.java:checkAllVolumes(204)) - Scheduled health check for volume org.apache.hadoop.ozone.container.common.volume.HddsVolume@472d0f4
2019-10-10 21:36:22,963 [main] INFO  impl.RaftServerProxy (ConfUtils.java:logGet(43)) - raft.rpc.type = GRPC (default)
2019-10-10 21:36:22,964 [main] INFO  grpc.GrpcFactory (GrpcFactory.java:checkPooledByteBufAllocatorUseCacheForAllThreads(45)) - PERFORMANCE WARNING: useCacheForAllThreads is true that may cause Netty to create a lot garbage objects and, as a result, trigger GC.
	It is recommended to disable useCacheForAllThreads by setting -Dorg.apache.ratis.thirdparty.io.netty.allocator.useCacheForAllThreads=false in command line.
2019-10-10 21:36:22,964 [main] INFO  grpc.GrpcConfigKeys$Server (ConfUtils.java:logGet(43)) - raft.grpc.server.port = 0 (default)
2019-10-10 21:36:22,964 [main] INFO  server.GrpcService (ConfUtils.java:logGet(43)) - raft.grpc.message.size.max = 33570816 (custom)
2019-10-10 21:36:22,964 [main] INFO  server.RaftServerConfigKeys (ConfUtils.java:logGet(43)) - raft.server.log.appender.buffer.byte-limit = 33554432 (custom)
2019-10-10 21:36:22,964 [main] INFO  server.GrpcService (ConfUtils.java:logGet(43)) - raft.grpc.flow.control.window = 1MB (=1048576) (default)
2019-10-10 21:36:22,965 [main] INFO  server.RaftServerConfigKeys (ConfUtils.java:logGet(43)) - raft.server.rpc.request.timeout = 3000ms (default)
2019-10-10 21:36:22,965 [main] INFO  server.RaftServerConfigKeys (ConfUtils.java:logGet(43)) - raft.server.storage.dir = [/workdir/hadoop-ozone/integration-test/target/test-dir/MiniOzoneClusterImpl-f3f4975b-3282-43d8-8c1e-6f49492aa572/datanode-1/data/ratis] (custom)
2019-10-10 21:36:22,967 [main] INFO  hdfs.DFSUtil (DFSUtil.java:httpServerTemplateForNNAndJN(1641)) - Starting Web-server for hddsDatanode at: http://0.0.0.0:0
2019-10-10 21:36:22,968 [main] INFO  server.AuthenticationFilter (AuthenticationFilter.java:constructSecretProvider(240)) - Unable to initialize FileSignerSecretProvider, falling back to use random secrets.
2019-10-10 21:36:22,969 [main] WARN  http.HttpRequestLog (HttpRequestLog.java:getRequestLog(97)) - Jetty request log can only be enabled using Log4j
2019-10-10 21:36:22,970 [main] INFO  http.HttpServer2 (HttpServer2.java:addGlobalFilter(975)) - Added global filter 'safety' (class=org.apache.hadoop.http.HttpServer2$QuotingInputFilter)
2019-10-10 21:36:22,971 [main] INFO  http.HttpServer2 (HttpServer2.java:addFilter(948)) - Added filter static_user_filter (class=org.apache.hadoop.http.lib.StaticUserWebFilter$StaticUserFilter) to context hddsDatanode
2019-10-10 21:36:22,971 [main] INFO  http.HttpServer2 (HttpServer2.java:addFilter(958)) - Added filter static_user_filter (class=org.apache.hadoop.http.lib.StaticUserWebFilter$StaticUserFilter) to context static
2019-10-10 21:36:22,971 [main] INFO  http.HttpServer2 (HttpServer2.java:addFilter(958)) - Added filter static_user_filter (class=org.apache.hadoop.http.lib.StaticUserWebFilter$StaticUserFilter) to context logs
2019-10-10 21:36:22,972 [main] INFO  http.HttpServer2 (HttpServer2.java:bindListener(1191)) - Jetty bound to port 37865
2019-10-10 21:36:22,972 [main] INFO  server.Server (Server.java:doStart(351)) - jetty-9.3.25.v20180904, build timestamp: 2018-09-04T21:11:46Z, git hash: 3ce520221d0240229c862b122d2b06c12a625732
2019-10-10 21:36:22,973 [main] INFO  handler.ContextHandler (ContextHandler.java:doStart(781)) - Started o.e.j.s.ServletContextHandler@307e4c44{/logs,file:///workdir/hadoop-ozone/integration-test/target/log,AVAILABLE}
2019-10-10 21:36:22,974 [main] INFO  handler.ContextHandler (ContextHandler.java:doStart(781)) - Started o.e.j.s.ServletContextHandler@500051c5{/static,jar:file:/home/user/.m2/repository/org/apache/hadoop/hadoop-hdds-container-service/0.5.0-SNAPSHOT/hadoop-hdds-container-service-0.5.0-SNAPSHOT.jar!/webapps/static,AVAILABLE}
2019-10-10 21:36:23,003 [main] INFO  handler.ContextHandler (ContextHandler.java:doStart(781)) - Started o.e.j.w.WebAppContext@2ec99035{/,file:///tmp/jetty-0.0.0.0-37865-hddsDatanode-_-any-5436555634681056837.dir/webapp/,AVAILABLE}{/hddsDatanode}
2019-10-10 21:36:23,003 [main] INFO  server.AbstractConnector (AbstractConnector.java:doStart(278)) - Started ServerConnector@60743cdb{HTTP/1.1,[http/1.1]}{0.0.0.0:37865}
2019-10-10 21:36:23,005 [main] INFO  server.Server (Server.java:doStart(419)) - Started @106807ms
2019-10-10 21:36:23,005 [main] WARN  impl.MetricsSystemImpl (MetricsSystemImpl.java:register(276)) - Sink prometheus already exists!
2019-10-10 21:36:23,006 [main] INFO  server.BaseHttpServer (BaseHttpServer.java:updateConnectorAddress(215)) - HTTP server of HDDSDATANODE is listening at http://0.0.0.0:37865
2019-10-10 21:36:23,007 [main] INFO  impl.MetricsSystemImpl (MetricsSystemImpl.java:init(158)) - HddsDatanode metrics system started (again)
2019-10-10 21:36:23,010 [org.apache.hadoop.util.JvmPauseMonitor$Monitor@6fbb1289] INFO  util.JvmPauseMonitor (JvmPauseMonitor.java:run(188)) - Starting JVM pause monitor
2019-10-10 21:36:23,011 [main] INFO  ozone.HddsDatanodeService (HddsDatanodeService.java:start(184)) - HddsDatanodeService host:pr-hdds-2281-k4msp-1747625461 ip:192.168.164.253
2019-10-10 21:36:23,014 [Datanode State Machine Thread - 0] INFO  datanode.InitDatanodeState (InitDatanodeState.java:persistContainerDatanodeDetails(140)) - DatanodeDetails is persisted to /workdir/hadoop-ozone/integration-test/target/test-dir/MiniOzoneClusterImpl-f3f4975b-3282-43d8-8c1e-6f49492aa572/datanode-1/meta/datanode.id
2019-10-10 21:36:23,018 [main] INFO  volume.HddsVolume (HddsVolume.java:<init>(176)) - Creating Volume: /workdir/hadoop-ozone/integration-test/target/test-dir/MiniOzoneClusterImpl-f3f4975b-3282-43d8-8c1e-6f49492aa572/datanode-2/data/containers/hdds of  storage type : DISK and capacity : 1482555576320
2019-10-10 21:36:23,019 [main] INFO  volume.VolumeSet (VolumeSet.java:initializeVolumeSet(170)) - Added Volume : /workdir/hadoop-ozone/integration-test/target/test-dir/MiniOzoneClusterImpl-f3f4975b-3282-43d8-8c1e-6f49492aa572/datanode-2/data/containers/hdds to VolumeSet
2019-10-10 21:36:23,019 [main] INFO  volume.ThrottledAsyncChecker (ThrottledAsyncChecker.java:schedule(141)) - Scheduling a check for org.apache.hadoop.ozone.container.common.volume.HddsVolume@627ff1b8
2019-10-10 21:36:23,020 [main] INFO  volume.HddsVolumeChecker (HddsVolumeChecker.java:checkAllVolumes(204)) - Scheduled health check for volume org.apache.hadoop.ozone.container.common.volume.HddsVolume@627ff1b8
2019-10-10 21:36:23,037 [main] INFO  impl.RaftServerProxy (ConfUtils.java:logGet(43)) - raft.rpc.type = GRPC (default)
2019-10-10 21:36:23,038 [main] INFO  grpc.GrpcFactory (GrpcFactory.java:checkPooledByteBufAllocatorUseCacheForAllThreads(45)) - PERFORMANCE WARNING: useCacheForAllThreads is true that may cause Netty to create a lot garbage objects and, as a result, trigger GC.
	It is recommended to disable useCacheForAllThreads by setting -Dorg.apache.ratis.thirdparty.io.netty.allocator.useCacheForAllThreads=false in command line.
2019-10-10 21:36:23,038 [main] INFO  grpc.GrpcConfigKeys$Server (ConfUtils.java:logGet(43)) - raft.grpc.server.port = 0 (default)
2019-10-10 21:36:23,038 [main] INFO  server.GrpcService (ConfUtils.java:logGet(43)) - raft.grpc.message.size.max = 33570816 (custom)
2019-10-10 21:36:23,038 [main] INFO  server.RaftServerConfigKeys (ConfUtils.java:logGet(43)) - raft.server.log.appender.buffer.byte-limit = 33554432 (custom)
2019-10-10 21:36:23,039 [main] INFO  server.GrpcService (ConfUtils.java:logGet(43)) - raft.grpc.flow.control.window = 1MB (=1048576) (default)
2019-10-10 21:36:23,039 [main] INFO  server.RaftServerConfigKeys (ConfUtils.java:logGet(43)) - raft.server.rpc.request.timeout = 3000ms (default)
2019-10-10 21:36:23,039 [main] INFO  server.RaftServerConfigKeys (ConfUtils.java:logGet(43)) - raft.server.storage.dir = [/workdir/hadoop-ozone/integration-test/target/test-dir/MiniOzoneClusterImpl-f3f4975b-3282-43d8-8c1e-6f49492aa572/datanode-2/data/ratis] (custom)
2019-10-10 21:36:23,041 [main] INFO  hdfs.DFSUtil (DFSUtil.java:httpServerTemplateForNNAndJN(1641)) - Starting Web-server for hddsDatanode at: http://0.0.0.0:0
2019-10-10 21:36:23,042 [main] INFO  server.AuthenticationFilter (AuthenticationFilter.java:constructSecretProvider(240)) - Unable to initialize FileSignerSecretProvider, falling back to use random secrets.
2019-10-10 21:36:23,043 [main] WARN  http.HttpRequestLog (HttpRequestLog.java:getRequestLog(97)) - Jetty request log can only be enabled using Log4j
2019-10-10 21:36:23,044 [main] INFO  http.HttpServer2 (HttpServer2.java:addGlobalFilter(975)) - Added global filter 'safety' (class=org.apache.hadoop.http.HttpServer2$QuotingInputFilter)
2019-10-10 21:36:23,045 [main] INFO  http.HttpServer2 (HttpServer2.java:addFilter(948)) - Added filter static_user_filter (class=org.apache.hadoop.http.lib.StaticUserWebFilter$StaticUserFilter) to context hddsDatanode
2019-10-10 21:36:23,045 [main] INFO  http.HttpServer2 (HttpServer2.java:addFilter(958)) - Added filter static_user_filter (class=org.apache.hadoop.http.lib.StaticUserWebFilter$StaticUserFilter) to context static
2019-10-10 21:36:23,045 [main] INFO  http.HttpServer2 (HttpServer2.java:addFilter(958)) - Added filter static_user_filter (class=org.apache.hadoop.http.lib.StaticUserWebFilter$StaticUserFilter) to context logs
2019-10-10 21:36:23,046 [main] INFO  http.HttpServer2 (HttpServer2.java:bindListener(1191)) - Jetty bound to port 34002
2019-10-10 21:36:23,046 [main] INFO  server.Server (Server.java:doStart(351)) - jetty-9.3.25.v20180904, build timestamp: 2018-09-04T21:11:46Z, git hash: 3ce520221d0240229c862b122d2b06c12a625732
2019-10-10 21:36:23,048 [main] INFO  handler.ContextHandler (ContextHandler.java:doStart(781)) - Started o.e.j.s.ServletContextHandler@65ef48f2{/logs,file:///workdir/hadoop-ozone/integration-test/target/log,AVAILABLE}
2019-10-10 21:36:23,049 [main] INFO  handler.ContextHandler (ContextHandler.java:doStart(781)) - Started o.e.j.s.ServletContextHandler@72543547{/static,jar:file:/home/user/.m2/repository/org/apache/hadoop/hadoop-hdds-container-service/0.5.0-SNAPSHOT/hadoop-hdds-container-service-0.5.0-SNAPSHOT.jar!/webapps/static,AVAILABLE}
2019-10-10 21:36:23,084 [main] INFO  handler.ContextHandler (ContextHandler.java:doStart(781)) - Started o.e.j.w.WebAppContext@6ecc02bb{/,file:///tmp/jetty-0.0.0.0-34002-hddsDatanode-_-any-1733156102085745744.dir/webapp/,AVAILABLE}{/hddsDatanode}
2019-10-10 21:36:23,085 [main] INFO  server.AbstractConnector (AbstractConnector.java:doStart(278)) - Started ServerConnector@31973858{HTTP/1.1,[http/1.1]}{0.0.0.0:34002}
2019-10-10 21:36:23,087 [main] INFO  server.Server (Server.java:doStart(419)) - Started @106889ms
2019-10-10 21:36:23,087 [main] WARN  impl.MetricsSystemImpl (MetricsSystemImpl.java:register(276)) - Sink prometheus already exists!
2019-10-10 21:36:23,088 [main] INFO  server.BaseHttpServer (BaseHttpServer.java:updateConnectorAddress(215)) - HTTP server of HDDSDATANODE is listening at http://0.0.0.0:34002
2019-10-10 21:36:23,088 [main] INFO  impl.MetricsSystemImpl (MetricsSystemImpl.java:init(158)) - HddsDatanode metrics system started (again)
2019-10-10 21:36:23,092 [org.apache.hadoop.util.JvmPauseMonitor$Monitor@5149bf48] INFO  util.JvmPauseMonitor (JvmPauseMonitor.java:run(188)) - Starting JVM pause monitor
2019-10-10 21:36:23,093 [main] INFO  ozone.HddsDatanodeService (HddsDatanodeService.java:start(184)) - HddsDatanodeService host:pr-hdds-2281-k4msp-1747625461 ip:192.168.164.253
2019-10-10 21:36:23,094 [Datanode State Machine Thread - 0] INFO  datanode.InitDatanodeState (InitDatanodeState.java:persistContainerDatanodeDetails(140)) - DatanodeDetails is persisted to /workdir/hadoop-ozone/integration-test/target/test-dir/MiniOzoneClusterImpl-f3f4975b-3282-43d8-8c1e-6f49492aa572/datanode-2/meta/datanode.id
2019-10-10 21:36:23,101 [main] INFO  volume.HddsVolume (HddsVolume.java:<init>(176)) - Creating Volume: /workdir/hadoop-ozone/integration-test/target/test-dir/MiniOzoneClusterImpl-f3f4975b-3282-43d8-8c1e-6f49492aa572/datanode-3/data/containers/hdds of  storage type : DISK and capacity : 1482555576320
2019-10-10 21:36:23,102 [main] INFO  volume.VolumeSet (VolumeSet.java:initializeVolumeSet(170)) - Added Volume : /workdir/hadoop-ozone/integration-test/target/test-dir/MiniOzoneClusterImpl-f3f4975b-3282-43d8-8c1e-6f49492aa572/datanode-3/data/containers/hdds to VolumeSet
2019-10-10 21:36:23,102 [main] INFO  volume.ThrottledAsyncChecker (ThrottledAsyncChecker.java:schedule(141)) - Scheduling a check for org.apache.hadoop.ozone.container.common.volume.HddsVolume@3b009e7b
2019-10-10 21:36:23,103 [main] INFO  volume.HddsVolumeChecker (HddsVolumeChecker.java:checkAllVolumes(204)) - Scheduled health check for volume org.apache.hadoop.ozone.container.common.volume.HddsVolume@3b009e7b
2019-10-10 21:36:23,123 [main] INFO  impl.RaftServerProxy (ConfUtils.java:logGet(43)) - raft.rpc.type = GRPC (default)
2019-10-10 21:36:23,124 [main] INFO  grpc.GrpcFactory (GrpcFactory.java:checkPooledByteBufAllocatorUseCacheForAllThreads(45)) - PERFORMANCE WARNING: useCacheForAllThreads is true that may cause Netty to create a lot garbage objects and, as a result, trigger GC.
	It is recommended to disable useCacheForAllThreads by setting -Dorg.apache.ratis.thirdparty.io.netty.allocator.useCacheForAllThreads=false in command line.
2019-10-10 21:36:23,124 [main] INFO  grpc.GrpcConfigKeys$Server (ConfUtils.java:logGet(43)) - raft.grpc.server.port = 0 (default)
2019-10-10 21:36:23,124 [main] INFO  server.GrpcService (ConfUtils.java:logGet(43)) - raft.grpc.message.size.max = 33570816 (custom)
2019-10-10 21:36:23,124 [main] INFO  server.RaftServerConfigKeys (ConfUtils.java:logGet(43)) - raft.server.log.appender.buffer.byte-limit = 33554432 (custom)
2019-10-10 21:36:23,125 [main] INFO  server.GrpcService (ConfUtils.java:logGet(43)) - raft.grpc.flow.control.window = 1MB (=1048576) (default)
2019-10-10 21:36:23,125 [main] INFO  server.RaftServerConfigKeys (ConfUtils.java:logGet(43)) - raft.server.rpc.request.timeout = 3000ms (default)
2019-10-10 21:36:23,126 [main] INFO  server.RaftServerConfigKeys (ConfUtils.java:logGet(43)) - raft.server.storage.dir = [/workdir/hadoop-ozone/integration-test/target/test-dir/MiniOzoneClusterImpl-f3f4975b-3282-43d8-8c1e-6f49492aa572/datanode-3/data/ratis] (custom)
2019-10-10 21:36:23,127 [main] INFO  hdfs.DFSUtil (DFSUtil.java:httpServerTemplateForNNAndJN(1641)) - Starting Web-server for hddsDatanode at: http://0.0.0.0:0
2019-10-10 21:36:23,129 [main] INFO  server.AuthenticationFilter (AuthenticationFilter.java:constructSecretProvider(240)) - Unable to initialize FileSignerSecretProvider, falling back to use random secrets.
2019-10-10 21:36:23,130 [main] WARN  http.HttpRequestLog (HttpRequestLog.java:getRequestLog(97)) - Jetty request log can only be enabled using Log4j
2019-10-10 21:36:23,131 [main] INFO  http.HttpServer2 (HttpServer2.java:addGlobalFilter(975)) - Added global filter 'safety' (class=org.apache.hadoop.http.HttpServer2$QuotingInputFilter)
2019-10-10 21:36:23,132 [main] INFO  http.HttpServer2 (HttpServer2.java:addFilter(948)) - Added filter static_user_filter (class=org.apache.hadoop.http.lib.StaticUserWebFilter$StaticUserFilter) to context hddsDatanode
2019-10-10 21:36:23,132 [main] INFO  http.HttpServer2 (HttpServer2.java:addFilter(958)) - Added filter static_user_filter (class=org.apache.hadoop.http.lib.StaticUserWebFilter$StaticUserFilter) to context logs
2019-10-10 21:36:23,132 [main] INFO  http.HttpServer2 (HttpServer2.java:addFilter(958)) - Added filter static_user_filter (class=org.apache.hadoop.http.lib.StaticUserWebFilter$StaticUserFilter) to context static
2019-10-10 21:36:23,133 [main] INFO  http.HttpServer2 (HttpServer2.java:bindListener(1191)) - Jetty bound to port 45148
2019-10-10 21:36:23,134 [main] INFO  server.Server (Server.java:doStart(351)) - jetty-9.3.25.v20180904, build timestamp: 2018-09-04T21:11:46Z, git hash: 3ce520221d0240229c862b122d2b06c12a625732
2019-10-10 21:36:23,135 [main] INFO  handler.ContextHandler (ContextHandler.java:doStart(781)) - Started o.e.j.s.ServletContextHandler@cfd1075{/logs,file:///workdir/hadoop-ozone/integration-test/target/log,AVAILABLE}
2019-10-10 21:36:23,136 [main] INFO  handler.ContextHandler (ContextHandler.java:doStart(781)) - Started o.e.j.s.ServletContextHandler@7741771e{/static,jar:file:/home/user/.m2/repository/org/apache/hadoop/hadoop-hdds-container-service/0.5.0-SNAPSHOT/hadoop-hdds-container-service-0.5.0-SNAPSHOT.jar!/webapps/static,AVAILABLE}
2019-10-10 21:36:23,172 [main] INFO  handler.ContextHandler (ContextHandler.java:doStart(781)) - Started o.e.j.w.WebAppContext@7fda2001{/,file:///tmp/jetty-0.0.0.0-45148-hddsDatanode-_-any-2607212135298474056.dir/webapp/,AVAILABLE}{/hddsDatanode}
2019-10-10 21:36:23,173 [main] INFO  server.AbstractConnector (AbstractConnector.java:doStart(278)) - Started ServerConnector@162c1dfb{HTTP/1.1,[http/1.1]}{0.0.0.0:45148}
2019-10-10 21:36:23,174 [main] INFO  server.Server (Server.java:doStart(419)) - Started @106976ms
2019-10-10 21:36:23,174 [main] WARN  impl.MetricsSystemImpl (MetricsSystemImpl.java:register(276)) - Sink prometheus already exists!
2019-10-10 21:36:23,175 [main] INFO  server.BaseHttpServer (BaseHttpServer.java:updateConnectorAddress(215)) - HTTP server of HDDSDATANODE is listening at http://0.0.0.0:45148
2019-10-10 21:36:23,175 [main] INFO  impl.MetricsSystemImpl (MetricsSystemImpl.java:init(158)) - HddsDatanode metrics system started (again)
2019-10-10 21:36:23,179 [org.apache.hadoop.util.JvmPauseMonitor$Monitor@47d5aebf] INFO  util.JvmPauseMonitor (JvmPauseMonitor.java:run(188)) - Starting JVM pause monitor
2019-10-10 21:36:23,179 [main] INFO  ozone.HddsDatanodeService (HddsDatanodeService.java:start(184)) - HddsDatanodeService host:pr-hdds-2281-k4msp-1747625461 ip:192.168.164.253
2019-10-10 21:36:23,180 [Datanode State Machine Thread - 0] INFO  datanode.InitDatanodeState (InitDatanodeState.java:persistContainerDatanodeDetails(140)) - DatanodeDetails is persisted to /workdir/hadoop-ozone/integration-test/target/test-dir/MiniOzoneClusterImpl-f3f4975b-3282-43d8-8c1e-6f49492aa572/datanode-3/meta/datanode.id
2019-10-10 21:36:23,189 [main] INFO  volume.HddsVolume (HddsVolume.java:<init>(176)) - Creating Volume: /workdir/hadoop-ozone/integration-test/target/test-dir/MiniOzoneClusterImpl-f3f4975b-3282-43d8-8c1e-6f49492aa572/datanode-4/data/containers/hdds of  storage type : DISK and capacity : 1482555576320
2019-10-10 21:36:23,189 [main] INFO  volume.VolumeSet (VolumeSet.java:initializeVolumeSet(170)) - Added Volume : /workdir/hadoop-ozone/integration-test/target/test-dir/MiniOzoneClusterImpl-f3f4975b-3282-43d8-8c1e-6f49492aa572/datanode-4/data/containers/hdds to VolumeSet
2019-10-10 21:36:23,189 [main] INFO  volume.ThrottledAsyncChecker (ThrottledAsyncChecker.java:schedule(141)) - Scheduling a check for org.apache.hadoop.ozone.container.common.volume.HddsVolume@52454457
2019-10-10 21:36:23,190 [main] INFO  volume.HddsVolumeChecker (HddsVolumeChecker.java:checkAllVolumes(204)) - Scheduled health check for volume org.apache.hadoop.ozone.container.common.volume.HddsVolume@52454457
2019-10-10 21:36:23,202 [main] INFO  impl.RaftServerProxy (ConfUtils.java:logGet(43)) - raft.rpc.type = GRPC (default)
2019-10-10 21:36:23,202 [main] INFO  grpc.GrpcFactory (GrpcFactory.java:checkPooledByteBufAllocatorUseCacheForAllThreads(45)) - PERFORMANCE WARNING: useCacheForAllThreads is true that may cause Netty to create a lot garbage objects and, as a result, trigger GC.
	It is recommended to disable useCacheForAllThreads by setting -Dorg.apache.ratis.thirdparty.io.netty.allocator.useCacheForAllThreads=false in command line.
2019-10-10 21:36:23,202 [main] INFO  grpc.GrpcConfigKeys$Server (ConfUtils.java:logGet(43)) - raft.grpc.server.port = 0 (default)
2019-10-10 21:36:23,202 [main] INFO  server.GrpcService (ConfUtils.java:logGet(43)) - raft.grpc.message.size.max = 33570816 (custom)
2019-10-10 21:36:23,203 [main] INFO  server.RaftServerConfigKeys (ConfUtils.java:logGet(43)) - raft.server.log.appender.buffer.byte-limit = 33554432 (custom)
2019-10-10 21:36:23,203 [main] INFO  server.GrpcService (ConfUtils.java:logGet(43)) - raft.grpc.flow.control.window = 1MB (=1048576) (default)
2019-10-10 21:36:23,203 [main] INFO  server.RaftServerConfigKeys (ConfUtils.java:logGet(43)) - raft.server.rpc.request.timeout = 3000ms (default)
2019-10-10 21:36:23,203 [main] INFO  server.RaftServerConfigKeys (ConfUtils.java:logGet(43)) - raft.server.storage.dir = [/workdir/hadoop-ozone/integration-test/target/test-dir/MiniOzoneClusterImpl-f3f4975b-3282-43d8-8c1e-6f49492aa572/datanode-4/data/ratis] (custom)
2019-10-10 21:36:23,205 [main] INFO  hdfs.DFSUtil (DFSUtil.java:httpServerTemplateForNNAndJN(1641)) - Starting Web-server for hddsDatanode at: http://0.0.0.0:0
2019-10-10 21:36:23,206 [main] INFO  server.AuthenticationFilter (AuthenticationFilter.java:constructSecretProvider(240)) - Unable to initialize FileSignerSecretProvider, falling back to use random secrets.
2019-10-10 21:36:23,206 [main] WARN  http.HttpRequestLog (HttpRequestLog.java:getRequestLog(97)) - Jetty request log can only be enabled using Log4j
2019-10-10 21:36:23,207 [main] INFO  http.HttpServer2 (HttpServer2.java:addGlobalFilter(975)) - Added global filter 'safety' (class=org.apache.hadoop.http.HttpServer2$QuotingInputFilter)
2019-10-10 21:36:23,208 [main] INFO  http.HttpServer2 (HttpServer2.java:addFilter(948)) - Added filter static_user_filter (class=org.apache.hadoop.http.lib.StaticUserWebFilter$StaticUserFilter) to context hddsDatanode
2019-10-10 21:36:23,208 [main] INFO  http.HttpServer2 (HttpServer2.java:addFilter(958)) - Added filter static_user_filter (class=org.apache.hadoop.http.lib.StaticUserWebFilter$StaticUserFilter) to context static
2019-10-10 21:36:23,208 [main] INFO  http.HttpServer2 (HttpServer2.java:addFilter(958)) - Added filter static_user_filter (class=org.apache.hadoop.http.lib.StaticUserWebFilter$StaticUserFilter) to context logs
2019-10-10 21:36:23,209 [main] INFO  http.HttpServer2 (HttpServer2.java:bindListener(1191)) - Jetty bound to port 37858
2019-10-10 21:36:23,209 [main] INFO  server.Server (Server.java:doStart(351)) - jetty-9.3.25.v20180904, build timestamp: 2018-09-04T21:11:46Z, git hash: 3ce520221d0240229c862b122d2b06c12a625732
2019-10-10 21:36:23,210 [main] INFO  handler.ContextHandler (ContextHandler.java:doStart(781)) - Started o.e.j.s.ServletContextHandler@5f8d9767{/logs,file:///workdir/hadoop-ozone/integration-test/target/log,AVAILABLE}
2019-10-10 21:36:23,211 [main] INFO  handler.ContextHandler (ContextHandler.java:doStart(781)) - Started o.e.j.s.ServletContextHandler@62b09715{/static,jar:file:/home/user/.m2/repository/org/apache/hadoop/hadoop-hdds-container-service/0.5.0-SNAPSHOT/hadoop-hdds-container-service-0.5.0-SNAPSHOT.jar!/webapps/static,AVAILABLE}
2019-10-10 21:36:23,239 [main] INFO  handler.ContextHandler (ContextHandler.java:doStart(781)) - Started o.e.j.w.WebAppContext@7a1b8a46{/,file:///tmp/jetty-0.0.0.0-37858-hddsDatanode-_-any-764277936603369298.dir/webapp/,AVAILABLE}{/hddsDatanode}
2019-10-10 21:36:23,239 [main] INFO  server.AbstractConnector (AbstractConnector.java:doStart(278)) - Started ServerConnector@2921199d{HTTP/1.1,[http/1.1]}{0.0.0.0:37858}
2019-10-10 21:36:23,241 [main] INFO  server.Server (Server.java:doStart(419)) - Started @107043ms
2019-10-10 21:36:23,241 [main] WARN  impl.MetricsSystemImpl (MetricsSystemImpl.java:register(276)) - Sink prometheus already exists!
2019-10-10 21:36:23,241 [main] INFO  server.BaseHttpServer (BaseHttpServer.java:updateConnectorAddress(215)) - HTTP server of HDDSDATANODE is listening at http://0.0.0.0:37858
2019-10-10 21:36:23,242 [main] INFO  impl.MetricsSystemImpl (MetricsSystemImpl.java:init(158)) - HddsDatanode metrics system started (again)
2019-10-10 21:36:23,246 [main] INFO  ozone.HddsDatanodeService (HddsDatanodeService.java:start(184)) - HddsDatanodeService host:pr-hdds-2281-k4msp-1747625461 ip:192.168.164.253
2019-10-10 21:36:23,246 [org.apache.hadoop.util.JvmPauseMonitor$Monitor@1a3a37ef] INFO  util.JvmPauseMonitor (JvmPauseMonitor.java:run(188)) - Starting JVM pause monitor
2019-10-10 21:36:23,248 [Datanode State Machine Thread - 0] INFO  datanode.InitDatanodeState (InitDatanodeState.java:persistContainerDatanodeDetails(140)) - DatanodeDetails is persisted to /workdir/hadoop-ozone/integration-test/target/test-dir/MiniOzoneClusterImpl-f3f4975b-3282-43d8-8c1e-6f49492aa572/datanode-4/meta/datanode.id
2019-10-10 21:36:23,252 [main] INFO  volume.HddsVolume (HddsVolume.java:<init>(176)) - Creating Volume: /workdir/hadoop-ozone/integration-test/target/test-dir/MiniOzoneClusterImpl-f3f4975b-3282-43d8-8c1e-6f49492aa572/datanode-5/data/containers/hdds of  storage type : DISK and capacity : 1482555576320
2019-10-10 21:36:23,252 [main] INFO  volume.VolumeSet (VolumeSet.java:initializeVolumeSet(170)) - Added Volume : /workdir/hadoop-ozone/integration-test/target/test-dir/MiniOzoneClusterImpl-f3f4975b-3282-43d8-8c1e-6f49492aa572/datanode-5/data/containers/hdds to VolumeSet
2019-10-10 21:36:23,252 [main] INFO  volume.ThrottledAsyncChecker (ThrottledAsyncChecker.java:schedule(141)) - Scheduling a check for org.apache.hadoop.ozone.container.common.volume.HddsVolume@64aeaf29
2019-10-10 21:36:23,252 [main] INFO  volume.HddsVolumeChecker (HddsVolumeChecker.java:checkAllVolumes(204)) - Scheduled health check for volume org.apache.hadoop.ozone.container.common.volume.HddsVolume@64aeaf29
2019-10-10 21:36:23,265 [main] INFO  impl.RaftServerProxy (ConfUtils.java:logGet(43)) - raft.rpc.type = GRPC (default)
2019-10-10 21:36:23,266 [main] INFO  grpc.GrpcFactory (GrpcFactory.java:checkPooledByteBufAllocatorUseCacheForAllThreads(45)) - PERFORMANCE WARNING: useCacheForAllThreads is true that may cause Netty to create a lot garbage objects and, as a result, trigger GC.
	It is recommended to disable useCacheForAllThreads by setting -Dorg.apache.ratis.thirdparty.io.netty.allocator.useCacheForAllThreads=false in command line.
2019-10-10 21:36:23,266 [main] INFO  grpc.GrpcConfigKeys$Server (ConfUtils.java:logGet(43)) - raft.grpc.server.port = 0 (default)
2019-10-10 21:36:23,266 [main] INFO  server.GrpcService (ConfUtils.java:logGet(43)) - raft.grpc.message.size.max = 33570816 (custom)
2019-10-10 21:36:23,266 [main] INFO  server.RaftServerConfigKeys (ConfUtils.java:logGet(43)) - raft.server.log.appender.buffer.byte-limit = 33554432 (custom)
2019-10-10 21:36:23,266 [main] INFO  server.GrpcService (ConfUtils.java:logGet(43)) - raft.grpc.flow.control.window = 1MB (=1048576) (default)
2019-10-10 21:36:23,267 [main] INFO  server.RaftServerConfigKeys (ConfUtils.java:logGet(43)) - raft.server.rpc.request.timeout = 3000ms (default)
2019-10-10 21:36:23,267 [main] INFO  server.RaftServerConfigKeys (ConfUtils.java:logGet(43)) - raft.server.storage.dir = [/workdir/hadoop-ozone/integration-test/target/test-dir/MiniOzoneClusterImpl-f3f4975b-3282-43d8-8c1e-6f49492aa572/datanode-5/data/ratis] (custom)
2019-10-10 21:36:23,268 [main] INFO  hdfs.DFSUtil (DFSUtil.java:httpServerTemplateForNNAndJN(1641)) - Starting Web-server for hddsDatanode at: http://0.0.0.0:0
2019-10-10 21:36:23,269 [main] INFO  server.AuthenticationFilter (AuthenticationFilter.java:constructSecretProvider(240)) - Unable to initialize FileSignerSecretProvider, falling back to use random secrets.
2019-10-10 21:36:23,270 [main] WARN  http.HttpRequestLog (HttpRequestLog.java:getRequestLog(97)) - Jetty request log can only be enabled using Log4j
2019-10-10 21:36:23,271 [main] INFO  http.HttpServer2 (HttpServer2.java:addGlobalFilter(975)) - Added global filter 'safety' (class=org.apache.hadoop.http.HttpServer2$QuotingInputFilter)
2019-10-10 21:36:23,272 [main] INFO  http.HttpServer2 (HttpServer2.java:addFilter(948)) - Added filter static_user_filter (class=org.apache.hadoop.http.lib.StaticUserWebFilter$StaticUserFilter) to context hddsDatanode
2019-10-10 21:36:23,272 [main] INFO  http.HttpServer2 (HttpServer2.java:addFilter(958)) - Added filter static_user_filter (class=org.apache.hadoop.http.lib.StaticUserWebFilter$StaticUserFilter) to context logs
2019-10-10 21:36:23,272 [main] INFO  http.HttpServer2 (HttpServer2.java:addFilter(958)) - Added filter static_user_filter (class=org.apache.hadoop.http.lib.StaticUserWebFilter$StaticUserFilter) to context static
2019-10-10 21:36:23,272 [main] INFO  http.HttpServer2 (HttpServer2.java:bindListener(1191)) - Jetty bound to port 37255
2019-10-10 21:36:23,273 [main] INFO  server.Server (Server.java:doStart(351)) - jetty-9.3.25.v20180904, build timestamp: 2018-09-04T21:11:46Z, git hash: 3ce520221d0240229c862b122d2b06c12a625732
2019-10-10 21:36:23,274 [main] INFO  handler.ContextHandler (ContextHandler.java:doStart(781)) - Started o.e.j.s.ServletContextHandler@15a3b42{/logs,file:///workdir/hadoop-ozone/integration-test/target/log,AVAILABLE}
2019-10-10 21:36:23,275 [main] INFO  handler.ContextHandler (ContextHandler.java:doStart(781)) - Started o.e.j.s.ServletContextHandler@17207f5b{/static,jar:file:/home/user/.m2/repository/org/apache/hadoop/hadoop-hdds-container-service/0.5.0-SNAPSHOT/hadoop-hdds-container-service-0.5.0-SNAPSHOT.jar!/webapps/static,AVAILABLE}
2019-10-10 21:36:23,302 [main] INFO  handler.ContextHandler (ContextHandler.java:doStart(781)) - Started o.e.j.w.WebAppContext@5d878b25{/,file:///tmp/jetty-0.0.0.0-37255-hddsDatanode-_-any-8965467019757787804.dir/webapp/,AVAILABLE}{/hddsDatanode}
2019-10-10 21:36:23,303 [main] INFO  server.AbstractConnector (AbstractConnector.java:doStart(278)) - Started ServerConnector@28279a49{HTTP/1.1,[http/1.1]}{0.0.0.0:37255}
2019-10-10 21:36:23,304 [main] INFO  server.Server (Server.java:doStart(419)) - Started @107107ms
2019-10-10 21:36:23,305 [main] WARN  impl.MetricsSystemImpl (MetricsSystemImpl.java:register(276)) - Sink prometheus already exists!
2019-10-10 21:36:23,305 [main] INFO  server.BaseHttpServer (BaseHttpServer.java:updateConnectorAddress(215)) - HTTP server of HDDSDATANODE is listening at http://0.0.0.0:37255
2019-10-10 21:36:23,306 [main] INFO  impl.MetricsSystemImpl (MetricsSystemImpl.java:init(158)) - HddsDatanode metrics system started (again)
2019-10-10 21:36:23,310 [org.apache.hadoop.util.JvmPauseMonitor$Monitor@3d4ae43c] INFO  util.JvmPauseMonitor (JvmPauseMonitor.java:run(188)) - Starting JVM pause monitor
2019-10-10 21:36:23,310 [main] INFO  ozone.HddsDatanodeService (HddsDatanodeService.java:start(184)) - HddsDatanodeService host:pr-hdds-2281-k4msp-1747625461 ip:192.168.164.253
2019-10-10 21:36:23,311 [Datanode State Machine Thread - 0] INFO  datanode.InitDatanodeState (InitDatanodeState.java:persistContainerDatanodeDetails(140)) - DatanodeDetails is persisted to /workdir/hadoop-ozone/integration-test/target/test-dir/MiniOzoneClusterImpl-f3f4975b-3282-43d8-8c1e-6f49492aa572/datanode-5/meta/datanode.id
2019-10-10 21:36:23,316 [main] INFO  volume.HddsVolume (HddsVolume.java:<init>(176)) - Creating Volume: /workdir/hadoop-ozone/integration-test/target/test-dir/MiniOzoneClusterImpl-f3f4975b-3282-43d8-8c1e-6f49492aa572/datanode-6/data/containers/hdds of  storage type : DISK and capacity : 1482555576320
2019-10-10 21:36:23,316 [main] INFO  volume.VolumeSet (VolumeSet.java:initializeVolumeSet(170)) - Added Volume : /workdir/hadoop-ozone/integration-test/target/test-dir/MiniOzoneClusterImpl-f3f4975b-3282-43d8-8c1e-6f49492aa572/datanode-6/data/containers/hdds to VolumeSet
2019-10-10 21:36:23,317 [main] INFO  volume.ThrottledAsyncChecker (ThrottledAsyncChecker.java:schedule(141)) - Scheduling a check for org.apache.hadoop.ozone.container.common.volume.HddsVolume@2b08772d
2019-10-10 21:36:23,317 [main] INFO  volume.HddsVolumeChecker (HddsVolumeChecker.java:checkAllVolumes(204)) - Scheduled health check for volume org.apache.hadoop.ozone.container.common.volume.HddsVolume@2b08772d
2019-10-10 21:36:23,329 [main] INFO  impl.RaftServerProxy (ConfUtils.java:logGet(43)) - raft.rpc.type = GRPC (default)
2019-10-10 21:36:23,330 [main] INFO  grpc.GrpcFactory (GrpcFactory.java:checkPooledByteBufAllocatorUseCacheForAllThreads(45)) - PERFORMANCE WARNING: useCacheForAllThreads is true that may cause Netty to create a lot garbage objects and, as a result, trigger GC.
	It is recommended to disable useCacheForAllThreads by setting -Dorg.apache.ratis.thirdparty.io.netty.allocator.useCacheForAllThreads=false in command line.
2019-10-10 21:36:23,330 [main] INFO  grpc.GrpcConfigKeys$Server (ConfUtils.java:logGet(43)) - raft.grpc.server.port = 0 (default)
2019-10-10 21:36:23,330 [main] INFO  server.GrpcService (ConfUtils.java:logGet(43)) - raft.grpc.message.size.max = 33570816 (custom)
2019-10-10 21:36:23,330 [main] INFO  server.RaftServerConfigKeys (ConfUtils.java:logGet(43)) - raft.server.log.appender.buffer.byte-limit = 33554432 (custom)
2019-10-10 21:36:23,330 [main] INFO  server.GrpcService (ConfUtils.java:logGet(43)) - raft.grpc.flow.control.window = 1MB (=1048576) (default)
2019-10-10 21:36:23,331 [main] INFO  server.RaftServerConfigKeys (ConfUtils.java:logGet(43)) - raft.server.rpc.request.timeout = 3000ms (default)
2019-10-10 21:36:23,331 [main] INFO  server.RaftServerConfigKeys (ConfUtils.java:logGet(43)) - raft.server.storage.dir = [/workdir/hadoop-ozone/integration-test/target/test-dir/MiniOzoneClusterImpl-f3f4975b-3282-43d8-8c1e-6f49492aa572/datanode-6/data/ratis] (custom)
2019-10-10 21:36:23,332 [main] INFO  hdfs.DFSUtil (DFSUtil.java:httpServerTemplateForNNAndJN(1641)) - Starting Web-server for hddsDatanode at: http://0.0.0.0:0
2019-10-10 21:36:23,333 [main] INFO  server.AuthenticationFilter (AuthenticationFilter.java:constructSecretProvider(240)) - Unable to initialize FileSignerSecretProvider, falling back to use random secrets.
2019-10-10 21:36:23,333 [main] WARN  http.HttpRequestLog (HttpRequestLog.java:getRequestLog(97)) - Jetty request log can only be enabled using Log4j
2019-10-10 21:36:23,335 [main] INFO  http.HttpServer2 (HttpServer2.java:addGlobalFilter(975)) - Added global filter 'safety' (class=org.apache.hadoop.http.HttpServer2$QuotingInputFilter)
2019-10-10 21:36:23,335 [main] INFO  http.HttpServer2 (HttpServer2.java:addFilter(948)) - Added filter static_user_filter (class=org.apache.hadoop.http.lib.StaticUserWebFilter$StaticUserFilter) to context hddsDatanode
2019-10-10 21:36:23,335 [main] INFO  http.HttpServer2 (HttpServer2.java:addFilter(958)) - Added filter static_user_filter (class=org.apache.hadoop.http.lib.StaticUserWebFilter$StaticUserFilter) to context static
2019-10-10 21:36:23,335 [main] INFO  http.HttpServer2 (HttpServer2.java:addFilter(958)) - Added filter static_user_filter (class=org.apache.hadoop.http.lib.StaticUserWebFilter$StaticUserFilter) to context logs
2019-10-10 21:36:23,336 [main] INFO  http.HttpServer2 (HttpServer2.java:bindListener(1191)) - Jetty bound to port 34630
2019-10-10 21:36:23,336 [main] INFO  server.Server (Server.java:doStart(351)) - jetty-9.3.25.v20180904, build timestamp: 2018-09-04T21:11:46Z, git hash: 3ce520221d0240229c862b122d2b06c12a625732
2019-10-10 21:36:23,337 [main] INFO  handler.ContextHandler (ContextHandler.java:doStart(781)) - Started o.e.j.s.ServletContextHandler@637791d{/logs,file:///workdir/hadoop-ozone/integration-test/target/log,AVAILABLE}
2019-10-10 21:36:23,338 [main] INFO  handler.ContextHandler (ContextHandler.java:doStart(781)) - Started o.e.j.s.ServletContextHandler@60f77af{/static,jar:file:/home/user/.m2/repository/org/apache/hadoop/hadoop-hdds-container-service/0.5.0-SNAPSHOT/hadoop-hdds-container-service-0.5.0-SNAPSHOT.jar!/webapps/static,AVAILABLE}
2019-10-10 21:36:23,371 [main] INFO  handler.ContextHandler (ContextHandler.java:doStart(781)) - Started o.e.j.w.WebAppContext@6b4125ed{/,file:///tmp/jetty-0.0.0.0-34630-hddsDatanode-_-any-7149478650166914773.dir/webapp/,AVAILABLE}{/hddsDatanode}
2019-10-10 21:36:23,372 [main] INFO  server.AbstractConnector (AbstractConnector.java:doStart(278)) - Started ServerConnector@78da899f{HTTP/1.1,[http/1.1]}{0.0.0.0:34630}
2019-10-10 21:36:23,373 [main] INFO  server.Server (Server.java:doStart(419)) - Started @107175ms
2019-10-10 21:36:23,373 [main] WARN  impl.MetricsSystemImpl (MetricsSystemImpl.java:register(276)) - Sink prometheus already exists!
2019-10-10 21:36:23,374 [main] INFO  server.BaseHttpServer (BaseHttpServer.java:updateConnectorAddress(215)) - HTTP server of HDDSDATANODE is listening at http://0.0.0.0:34630
2019-10-10 21:36:23,374 [main] INFO  ozone.MiniOzoneClusterImpl (MiniOzoneClusterImpl.java:lambda$waitForClusterToBeReady$0(147)) - Waiting for cluster to be ready. Got 0 of 7 DN Heartbeats.
2019-10-10 21:36:23,375 [org.apache.hadoop.util.JvmPauseMonitor$Monitor@3f3352ea] INFO  util.JvmPauseMonitor (JvmPauseMonitor.java:run(188)) - Starting JVM pause monitor
2019-10-10 21:36:23,377 [Datanode State Machine Thread - 0] INFO  datanode.InitDatanodeState (InitDatanodeState.java:persistContainerDatanodeDetails(140)) - DatanodeDetails is persisted to /workdir/hadoop-ozone/integration-test/target/test-dir/MiniOzoneClusterImpl-f3f4975b-3282-43d8-8c1e-6f49492aa572/datanode-6/meta/datanode.id
2019-10-10 21:36:24,374 [main] INFO  ozone.MiniOzoneClusterImpl (MiniOzoneClusterImpl.java:lambda$waitForClusterToBeReady$0(147)) - Waiting for cluster to be ready. Got 0 of 7 DN Heartbeats.
2019-10-10 21:36:24,995 [Datanode State Machine Thread - 0] INFO  ozoneimpl.OzoneContainer (OzoneContainer.java:start(213)) - Attempting to start container services.
2019-10-10 21:36:24,995 [Datanode State Machine Thread - 0] INFO  ozoneimpl.OzoneContainer (OzoneContainer.java:startContainerScrub(177)) - Background container scanner has been disabled.
2019-10-10 21:36:24,996 [Datanode State Machine Thread - 0] INFO  ratis.XceiverServerRatis (XceiverServerRatis.java:start(418)) - Starting XceiverServerRatis 36dc106a-b650-4673-a9ea-d6528ce93d44 at port 0
2019-10-10 21:36:25,006 [Datanode State Machine Thread - 0] INFO  impl.RaftServerProxy (RaftServerProxy.java:lambda$start$3(299)) - 36dc106a-b650-4673-a9ea-d6528ce93d44: start RPC server
2019-10-10 21:36:25,010 [Datanode State Machine Thread - 0] INFO  server.GrpcService (GrpcService.java:startImpl(158)) - 36dc106a-b650-4673-a9ea-d6528ce93d44: GrpcService started, listening on 0.0.0.0/0.0.0.0:41511
2019-10-10 21:36:25,010 [Datanode State Machine Thread - 0] INFO  ratis.XceiverServerRatis (XceiverServerRatis.java:start(428)) - XceiverServerRatis 36dc106a-b650-4673-a9ea-d6528ce93d44 is started using port 41511
2019-10-10 21:36:25,011 [Datanode State Machine Thread - 0] INFO  server.XceiverServerGrpc (XceiverServerGrpc.java:start(149)) - XceiverServerGrpc 36dc106a-b650-4673-a9ea-d6528ce93d44 is started using port 39058
2019-10-10 21:36:25,043 [Datanode State Machine Thread - 0] INFO  ozoneimpl.OzoneContainer (OzoneContainer.java:start(213)) - Attempting to start container services.
2019-10-10 21:36:25,043 [Datanode State Machine Thread - 0] INFO  ozoneimpl.OzoneContainer (OzoneContainer.java:startContainerScrub(177)) - Background container scanner has been disabled.
2019-10-10 21:36:25,044 [Datanode State Machine Thread - 0] INFO  ratis.XceiverServerRatis (XceiverServerRatis.java:start(418)) - Starting XceiverServerRatis d78a6a3e-ecdb-4616-bb5f-66f0f6ec0a0c at port 0
2019-10-10 21:36:25,052 [Datanode State Machine Thread - 0] INFO  impl.RaftServerProxy (RaftServerProxy.java:lambda$start$3(299)) - d78a6a3e-ecdb-4616-bb5f-66f0f6ec0a0c: start RPC server
2019-10-10 21:36:25,054 [Datanode State Machine Thread - 0] INFO  server.GrpcService (GrpcService.java:startImpl(158)) - d78a6a3e-ecdb-4616-bb5f-66f0f6ec0a0c: GrpcService started, listening on 0.0.0.0/0.0.0.0:42441
2019-10-10 21:36:25,054 [Datanode State Machine Thread - 0] INFO  ratis.XceiverServerRatis (XceiverServerRatis.java:start(428)) - XceiverServerRatis d78a6a3e-ecdb-4616-bb5f-66f0f6ec0a0c is started using port 42441
2019-10-10 21:36:25,056 [Datanode State Machine Thread - 0] INFO  server.XceiverServerGrpc (XceiverServerGrpc.java:start(149)) - XceiverServerGrpc d78a6a3e-ecdb-4616-bb5f-66f0f6ec0a0c is started using port 41276
2019-10-10 21:36:25,134 [Datanode State Machine Thread - 0] INFO  ozoneimpl.OzoneContainer (OzoneContainer.java:start(213)) - Attempting to start container services.
2019-10-10 21:36:25,137 [Datanode State Machine Thread - 0] INFO  ozoneimpl.OzoneContainer (OzoneContainer.java:startContainerScrub(177)) - Background container scanner has been disabled.
2019-10-10 21:36:25,137 [Datanode State Machine Thread - 0] INFO  ratis.XceiverServerRatis (XceiverServerRatis.java:start(418)) - Starting XceiverServerRatis 4f7e3182-ba03-4a74-afeb-9e55e50d3ea5 at port 0
2019-10-10 21:36:25,145 [Datanode State Machine Thread - 0] INFO  impl.RaftServerProxy (RaftServerProxy.java:lambda$start$3(299)) - 4f7e3182-ba03-4a74-afeb-9e55e50d3ea5: start RPC server
2019-10-10 21:36:25,145 [Datanode State Machine Thread - 0] INFO  server.GrpcService (GrpcService.java:startImpl(158)) - 4f7e3182-ba03-4a74-afeb-9e55e50d3ea5: GrpcService started, listening on 0.0.0.0/0.0.0.0:46366
2019-10-10 21:36:25,146 [Datanode State Machine Thread - 0] INFO  ratis.XceiverServerRatis (XceiverServerRatis.java:start(428)) - XceiverServerRatis 4f7e3182-ba03-4a74-afeb-9e55e50d3ea5 is started using port 46366
2019-10-10 21:36:25,146 [Datanode State Machine Thread - 0] INFO  server.XceiverServerGrpc (XceiverServerGrpc.java:start(149)) - XceiverServerGrpc 4f7e3182-ba03-4a74-afeb-9e55e50d3ea5 is started using port 44529
2019-10-10 21:36:25,209 [Datanode State Machine Thread - 0] INFO  ozoneimpl.OzoneContainer (OzoneContainer.java:start(213)) - Attempting to start container services.
2019-10-10 21:36:25,210 [Datanode State Machine Thread - 0] INFO  ozoneimpl.OzoneContainer (OzoneContainer.java:startContainerScrub(177)) - Background container scanner has been disabled.
2019-10-10 21:36:25,210 [Datanode State Machine Thread - 0] INFO  ratis.XceiverServerRatis (XceiverServerRatis.java:start(418)) - Starting XceiverServerRatis 5efba029-cd49-4dce-a6fc-d5e057562355 at port 0
2019-10-10 21:36:25,217 [Datanode State Machine Thread - 0] INFO  impl.RaftServerProxy (RaftServerProxy.java:lambda$start$3(299)) - 5efba029-cd49-4dce-a6fc-d5e057562355: start RPC server
2019-10-10 21:36:25,218 [Datanode State Machine Thread - 0] INFO  server.GrpcService (GrpcService.java:startImpl(158)) - 5efba029-cd49-4dce-a6fc-d5e057562355: GrpcService started, listening on 0.0.0.0/0.0.0.0:36642
2019-10-10 21:36:25,218 [Datanode State Machine Thread - 0] INFO  ratis.XceiverServerRatis (XceiverServerRatis.java:start(428)) - XceiverServerRatis 5efba029-cd49-4dce-a6fc-d5e057562355 is started using port 36642
2019-10-10 21:36:25,219 [Datanode State Machine Thread - 0] INFO  server.XceiverServerGrpc (XceiverServerGrpc.java:start(149)) - XceiverServerGrpc 5efba029-cd49-4dce-a6fc-d5e057562355 is started using port 43871
2019-10-10 21:36:25,276 [Datanode State Machine Thread - 0] INFO  ozoneimpl.OzoneContainer (OzoneContainer.java:start(213)) - Attempting to start container services.
2019-10-10 21:36:25,277 [Datanode State Machine Thread - 0] INFO  ozoneimpl.OzoneContainer (OzoneContainer.java:startContainerScrub(177)) - Background container scanner has been disabled.
2019-10-10 21:36:25,277 [Datanode State Machine Thread - 0] INFO  ratis.XceiverServerRatis (XceiverServerRatis.java:start(418)) - Starting XceiverServerRatis 4d6c447f-053a-4089-9221-5a9185208761 at port 0
2019-10-10 21:36:25,286 [Datanode State Machine Thread - 0] INFO  impl.RaftServerProxy (RaftServerProxy.java:lambda$start$3(299)) - 4d6c447f-053a-4089-9221-5a9185208761: start RPC server
2019-10-10 21:36:25,287 [Datanode State Machine Thread - 0] INFO  server.GrpcService (GrpcService.java:startImpl(158)) - 4d6c447f-053a-4089-9221-5a9185208761: GrpcService started, listening on 0.0.0.0/0.0.0.0:39487
2019-10-10 21:36:25,287 [Datanode State Machine Thread - 0] INFO  ratis.XceiverServerRatis (XceiverServerRatis.java:start(428)) - XceiverServerRatis 4d6c447f-053a-4089-9221-5a9185208761 is started using port 39487
2019-10-10 21:36:25,288 [Datanode State Machine Thread - 0] INFO  server.XceiverServerGrpc (XceiverServerGrpc.java:start(149)) - XceiverServerGrpc 4d6c447f-053a-4089-9221-5a9185208761 is started using port 40188
2019-10-10 21:36:25,335 [Datanode State Machine Thread - 0] INFO  ozoneimpl.OzoneContainer (OzoneContainer.java:start(213)) - Attempting to start container services.
2019-10-10 21:36:25,335 [Datanode State Machine Thread - 0] INFO  ozoneimpl.OzoneContainer (OzoneContainer.java:startContainerScrub(177)) - Background container scanner has been disabled.
2019-10-10 21:36:25,335 [Datanode State Machine Thread - 0] INFO  ratis.XceiverServerRatis (XceiverServerRatis.java:start(418)) - Starting XceiverServerRatis e470dbc6-b7c3-4cc5-bcba-9849bb7698b4 at port 0
2019-10-10 21:36:25,345 [Datanode State Machine Thread - 0] INFO  impl.RaftServerProxy (RaftServerProxy.java:lambda$start$3(299)) - e470dbc6-b7c3-4cc5-bcba-9849bb7698b4: start RPC server
2019-10-10 21:36:25,351 [Datanode State Machine Thread - 0] INFO  server.GrpcService (GrpcService.java:startImpl(158)) - e470dbc6-b7c3-4cc5-bcba-9849bb7698b4: GrpcService started, listening on 0.0.0.0/0.0.0.0:35241
2019-10-10 21:36:25,351 [Datanode State Machine Thread - 0] INFO  ratis.XceiverServerRatis (XceiverServerRatis.java:start(428)) - XceiverServerRatis e470dbc6-b7c3-4cc5-bcba-9849bb7698b4 is started using port 35241
2019-10-10 21:36:25,352 [Datanode State Machine Thread - 0] INFO  server.XceiverServerGrpc (XceiverServerGrpc.java:start(149)) - XceiverServerGrpc e470dbc6-b7c3-4cc5-bcba-9849bb7698b4 is started using port 37837
2019-10-10 21:36:25,375 [main] INFO  ozone.MiniOzoneClusterImpl (MiniOzoneClusterImpl.java:lambda$waitForClusterToBeReady$0(147)) - Waiting for cluster to be ready. Got 0 of 7 DN Heartbeats.
2019-10-10 21:36:25,402 [Datanode State Machine Thread - 0] INFO  ozoneimpl.OzoneContainer (OzoneContainer.java:start(213)) - Attempting to start container services.
2019-10-10 21:36:25,402 [Datanode State Machine Thread - 0] INFO  ozoneimpl.OzoneContainer (OzoneContainer.java:startContainerScrub(177)) - Background container scanner has been disabled.
2019-10-10 21:36:25,403 [Datanode State Machine Thread - 0] INFO  ratis.XceiverServerRatis (XceiverServerRatis.java:start(418)) - Starting XceiverServerRatis f9704062-a631-4b24-9a2e-8f5e86d811ac at port 0
2019-10-10 21:36:25,409 [Datanode State Machine Thread - 0] INFO  impl.RaftServerProxy (RaftServerProxy.java:lambda$start$3(299)) - f9704062-a631-4b24-9a2e-8f5e86d811ac: start RPC server
2019-10-10 21:36:25,411 [Datanode State Machine Thread - 0] INFO  server.GrpcService (GrpcService.java:startImpl(158)) - f9704062-a631-4b24-9a2e-8f5e86d811ac: GrpcService started, listening on 0.0.0.0/0.0.0.0:45612
2019-10-10 21:36:25,411 [Datanode State Machine Thread - 0] INFO  ratis.XceiverServerRatis (XceiverServerRatis.java:start(428)) - XceiverServerRatis f9704062-a631-4b24-9a2e-8f5e86d811ac is started using port 45612
2019-10-10 21:36:25,414 [Datanode State Machine Thread - 0] INFO  server.XceiverServerGrpc (XceiverServerGrpc.java:start(149)) - XceiverServerGrpc f9704062-a631-4b24-9a2e-8f5e86d811ac is started using port 32798
2019-10-10 21:36:26,379 [main] INFO  ozone.MiniOzoneClusterImpl (MiniOzoneClusterImpl.java:lambda$waitForClusterToBeReady$0(147)) - Waiting for cluster to be ready. Got 0 of 7 DN Heartbeats.
2019-10-10 21:36:26,950 [IPC Server handler 2 on 42149] INFO  net.NetworkTopology (NetworkTopologyImpl.java:add(111)) - Added a new node: /default-rack/36dc106a-b650-4673-a9ea-d6528ce93d44
2019-10-10 21:36:26,953 [IPC Server handler 2 on 42149] INFO  node.SCMNodeManager (SCMNodeManager.java:register(268)) - Registered Data node : 36dc106a-b650-4673-a9ea-d6528ce93d44{ip: 192.168.164.253, host: pr-hdds-2281-k4msp-1747625461, networkLocation: /default-rack, certSerialId: null}
2019-10-10 21:36:26,954 [EventQueue-NodeRegistrationContainerReportForDataNodeSafeModeRule] INFO  safemode.SCMSafeModeManager (DataNodeSafeModeRule.java:process(71)) - SCM in safe mode. 1 DataNodes registered, 1 required.
2019-10-10 21:36:26,957 [EventQueue-NodeRegistrationContainerReportForContainerSafeModeRule] INFO  safemode.SCMSafeModeManager (SCMSafeModeManager.java:validateSafeModeExitRules(177)) - ScmSafeModeManager, all rules are successfully validated
2019-10-10 21:36:26,957 [EventQueue-NodeRegistrationContainerReportForContainerSafeModeRule] INFO  safemode.SCMSafeModeManager (SCMSafeModeManager.java:exitSafeMode(193)) - SCM exiting safe mode.
2019-10-10 21:36:26,970 [grpc-default-executor-8] INFO  impl.RaftServerProxy (RaftServerProxy.java:addNew(89)) - 36dc106a-b650-4673-a9ea-d6528ce93d44: addNew group-645E78760477:[36dc106a-b650-4673-a9ea-d6528ce93d44:192.168.164.253:41511] returns group-645E78760477:java.util.concurrent.CompletableFuture@7d569775[Not completed]
2019-10-10 21:36:26,973 [pool-207-thread-1] INFO  impl.RaftServerImpl (RaftServerImpl.java:<init>(95)) - 36dc106a-b650-4673-a9ea-d6528ce93d44: new RaftServerImpl for group-645E78760477:[36dc106a-b650-4673-a9ea-d6528ce93d44:192.168.164.253:41511] with ContainerStateMachine:uninitialized
2019-10-10 21:36:26,974 [pool-207-thread-1] INFO  server.RaftServerConfigKeys (ConfUtils.java:logGet(43)) - raft.server.rpc.timeout.min = 5s (custom)
2019-10-10 21:36:26,974 [pool-207-thread-1] INFO  server.RaftServerConfigKeys (ConfUtils.java:logGet(43)) - raft.server.rpc.timeout.max = 5200ms (custom)
2019-10-10 21:36:26,974 [pool-207-thread-1] INFO  server.RaftServerConfigKeys (ConfUtils.java:logGet(43)) - raft.server.rpcslowness.timeout = 120s (custom)
2019-10-10 21:36:26,974 [pool-207-thread-1] INFO  server.RaftServerConfigKeys (ConfUtils.java:logGet(43)) - raft.server.sleep.deviation.threshold = 300 (default)
2019-10-10 21:36:26,974 [pool-207-thread-1] INFO  server.RaftServerConfigKeys (ConfUtils.java:logGet(43)) - raft.server.log.appender.install.snapshot.enabled = false (custom)
2019-10-10 21:36:26,974 [pool-207-thread-1] INFO  impl.RaftServerImpl (ServerState.java:<init>(103)) - 36dc106a-b650-4673-a9ea-d6528ce93d44@group-645E78760477: ConfigurationManager, init=-1: [36dc106a-b650-4673-a9ea-d6528ce93d44:192.168.164.253:41511], old=null, confs=<EMPTY_MAP>
2019-10-10 21:36:26,975 [pool-207-thread-1] INFO  server.RaftServerConfigKeys (ConfUtils.java:logGet(43)) - raft.server.storage.dir = [/workdir/hadoop-ozone/integration-test/target/test-dir/MiniOzoneClusterImpl-f3f4975b-3282-43d8-8c1e-6f49492aa572/datanode-0/data/ratis] (custom)
2019-10-10 21:36:26,975 [pool-207-thread-1] INFO  server.RaftServerConfigKeys (ConfUtils.java:logGet(43)) - raft.server.log.corruption.policy = EXCEPTION (default)
2019-10-10 21:36:26,975 [pool-207-thread-1] INFO  storage.RaftStorageDirectory (RaftStorageDirectory.java:analyzeStorage(246)) - The storage directory /workdir/hadoop-ozone/integration-test/target/test-dir/MiniOzoneClusterImpl-f3f4975b-3282-43d8-8c1e-6f49492aa572/datanode-0/data/ratis/8b26f0d7-37d2-4060-8a66-645e78760477 does not exist. Creating ...
2019-10-10 21:36:27,002 [pool-207-thread-1] INFO  storage.RaftStorageDirectory (RaftStorageDirectory.java:tryLock(328)) - Lock on /workdir/hadoop-ozone/integration-test/target/test-dir/MiniOzoneClusterImpl-f3f4975b-3282-43d8-8c1e-6f49492aa572/datanode-0/data/ratis/8b26f0d7-37d2-4060-8a66-645e78760477/in_use.lock acquired by nodename 17759@pr-hdds-2281-k4msp-1747625461
2019-10-10 21:36:27,012 [IPC Server handler 7 on 42149] INFO  net.NetworkTopology (NetworkTopologyImpl.java:add(111)) - Added a new node: /default-rack/d78a6a3e-ecdb-4616-bb5f-66f0f6ec0a0c
2019-10-10 21:36:27,012 [IPC Server handler 7 on 42149] INFO  node.SCMNodeManager (SCMNodeManager.java:register(268)) - Registered Data node : d78a6a3e-ecdb-4616-bb5f-66f0f6ec0a0c{ip: 192.168.164.253, host: pr-hdds-2281-k4msp-1747625461, networkLocation: /default-rack, certSerialId: null}
2019-10-10 21:36:27,028 [pool-207-thread-1] INFO  storage.RaftStorage (RaftStorage.java:format(84)) - Storage directory /workdir/hadoop-ozone/integration-test/target/test-dir/MiniOzoneClusterImpl-f3f4975b-3282-43d8-8c1e-6f49492aa572/datanode-0/data/ratis/8b26f0d7-37d2-4060-8a66-645e78760477 has been successfully formatted.
2019-10-10 21:36:27,028 [pool-207-thread-1] INFO  ratis.ContainerStateMachine (ContainerStateMachine.java:loadSnapshot(231)) - group-645E78760477: The snapshot info is null. Setting the last applied indexto:(t:0, i:~)
2019-10-10 21:36:27,028 [pool-207-thread-1] INFO  server.RaftServerConfigKeys (ConfUtils.java:logGet(43)) - raft.server.notification.no-leader.timeout = 120s (custom)
2019-10-10 21:36:27,028 [pool-207-thread-1] INFO  server.RaftServerConfigKeys (ConfUtils.java:logGet(43)) - raft.server.log.use.memory = false (default)
2019-10-10 21:36:27,029 [pool-207-thread-1] INFO  server.RaftServerConfigKeys (ConfUtils.java:logGet(43)) - raft.server.log.purge.gap = 1000000 (custom)
2019-10-10 21:36:27,029 [pool-207-thread-1] INFO  server.RaftServerConfigKeys (ConfUtils.java:logGet(43)) - raft.server.log.appender.buffer.byte-limit = 33554432 (custom)
2019-10-10 21:36:27,029 [pool-207-thread-1] INFO  server.RaftServerConfigKeys (ConfUtils.java:logGet(43)) - raft.server.log.segment.size.max = 1048576 (custom)
2019-10-10 21:36:27,031 [pool-207-thread-1] INFO  server.RaftServerConfigKeys (ConfUtils.java:logGet(43)) - raft.server.log.segment.cache.num.max = 2 (custom)
2019-10-10 21:36:27,031 [pool-207-thread-1] INFO  segmented.SegmentedRaftLogWorker (SegmentedRaftLogWorker.java:<init>(173)) - new 36dc106a-b650-4673-a9ea-d6528ce93d44@group-645E78760477-SegmentedRaftLogWorker for RaftStorage:Storage Directory /workdir/hadoop-ozone/integration-test/target/test-dir/MiniOzoneClusterImpl-f3f4975b-3282-43d8-8c1e-6f49492aa572/datanode-0/data/ratis/8b26f0d7-37d2-4060-8a66-645e78760477
2019-10-10 21:36:27,031 [pool-207-thread-1] INFO  server.RaftServerConfigKeys (ConfUtils.java:logGet(43)) - raft.server.log.queue.byte-limit = 2147483647 (custom)
2019-10-10 21:36:27,031 [pool-207-thread-1] INFO  server.RaftServerConfigKeys (ConfUtils.java:logGet(43)) - raft.server.log.queue.element-limit = 1024 (custom)
2019-10-10 21:36:27,031 [pool-207-thread-1] INFO  server.RaftServerConfigKeys (ConfUtils.java:logGet(43)) - raft.server.log.segment.size.max = 1048576 (custom)
2019-10-10 21:36:27,031 [pool-207-thread-1] INFO  server.RaftServerConfigKeys (ConfUtils.java:logGet(43)) - raft.server.log.preallocated.size = 16384 (custom)
2019-10-10 21:36:27,032 [pool-207-thread-1] INFO  server.RaftServerConfigKeys (ConfUtils.java:logGet(43)) - raft.server.log.write.buffer.size = 33554432 (custom)
2019-10-10 21:36:27,032 [pool-207-thread-1] INFO  server.RaftServerConfigKeys (ConfUtils.java:logGet(43)) - raft.server.log.force.sync.num = 128 (default)
2019-10-10 21:36:27,032 [pool-207-thread-1] INFO  server.RaftServerConfigKeys (ConfUtils.java:logGet(43)) - raft.server.log.statemachine.data.sync = true (default)
2019-10-10 21:36:27,032 [pool-207-thread-1] INFO  server.RaftServerConfigKeys (ConfUtils.java:logGet(43)) - raft.server.log.statemachine.data.sync.timeout = 10s (default)
2019-10-10 21:36:27,032 [pool-207-thread-1] INFO  server.RaftServerConfigKeys (ConfUtils.java:logGet(43)) - raft.server.log.statemachine.data.sync.timeout.retry = -1 (default)
2019-10-10 21:36:27,032 [pool-207-thread-1] INFO  server.RaftServerConfigKeys (ConfUtils.java:logGet(43)) - raft.server.log.statemachine.data.caching.enabled = true (custom)
2019-10-10 21:36:27,033 [pool-207-thread-1] INFO  segmented.SegmentedRaftLogWorker (SegmentedRaftLogWorker.java:lambda$new$0(128)) - 36dc106a-b650-4673-a9ea-d6528ce93d44@group-645E78760477-SegmentedRaftLogWorker: flushIndex: setUnconditionally 0 -> -1
2019-10-10 21:36:27,033 [pool-207-thread-1] INFO  server.RaftServerConfigKeys (ConfUtils.java:logGet(43)) - raft.server.snapshot.auto.trigger.enabled = true (custom)
2019-10-10 21:36:27,034 [pool-207-thread-1] INFO  server.RaftServerConfigKeys (ConfUtils.java:logGet(43)) - raft.server.snapshot.auto.trigger.threshold = 10000 (custom)
2019-10-10 21:36:27,034 [pool-207-thread-1] INFO  server.RaftServerConfigKeys (ConfUtils.java:logGet(43)) - raft.server.snapshot.retention.file.num = 5 (custom)
2019-10-10 21:36:27,034 [pool-207-thread-1] INFO  server.RaftServerConfigKeys (ConfUtils.java:logGet(43)) - raft.server.retrycache.expirytime = 600000ms (custom)
2019-10-10 21:36:27,035 [pool-207-thread-1] INFO  impl.RaftServerImpl (RaftServerImpl.java:start(181)) - 36dc106a-b650-4673-a9ea-d6528ce93d44@group-645E78760477: start as a follower, conf=-1: [36dc106a-b650-4673-a9ea-d6528ce93d44:192.168.164.253:41511], old=null
2019-10-10 21:36:27,035 [pool-207-thread-1] INFO  impl.RaftServerImpl (RaftServerImpl.java:setRole(170)) - 36dc106a-b650-4673-a9ea-d6528ce93d44@group-645E78760477: changes role from      null to FOLLOWER at term 0 for startAsFollower
2019-10-10 21:36:27,035 [pool-207-thread-1] INFO  impl.RoleInfo (RoleInfo.java:updateAndGet(143)) - 36dc106a-b650-4673-a9ea-d6528ce93d44: start FollowerState
2019-10-10 21:36:27,036 [pool-207-thread-1] INFO  util.JmxRegister (JmxRegister.java:tryRegister(44)) - Successfully registered JMX Bean with object name Ratis:service=RaftServer,group=group-645E78760477,id=36dc106a-b650-4673-a9ea-d6528ce93d44
2019-10-10 21:36:27,044 [RatisPipelineUtilsThread] INFO  pipeline.PipelineStateManager (PipelineStateManager.java:addPipeline(56)) - Created pipeline Pipeline[ Id: 8b26f0d7-37d2-4060-8a66-645e78760477, Nodes: 36dc106a-b650-4673-a9ea-d6528ce93d44{ip: 192.168.164.253, host: pr-hdds-2281-k4msp-1747625461, networkLocation: /default-rack, certSerialId: null}, Type:RATIS, Factor:ONE, State:OPEN]
2019-10-10 21:36:27,066 [grpc-default-executor-8] INFO  impl.RaftServerProxy (RaftServerProxy.java:addNew(89)) - d78a6a3e-ecdb-4616-bb5f-66f0f6ec0a0c: addNew group-7FAFF4816A8C:[d78a6a3e-ecdb-4616-bb5f-66f0f6ec0a0c:192.168.164.253:42441] returns group-7FAFF4816A8C:java.util.concurrent.CompletableFuture@545db0fb[Not completed]
2019-10-10 21:36:27,069 [pool-217-thread-1] INFO  impl.RaftServerImpl (RaftServerImpl.java:<init>(95)) - d78a6a3e-ecdb-4616-bb5f-66f0f6ec0a0c: new RaftServerImpl for group-7FAFF4816A8C:[d78a6a3e-ecdb-4616-bb5f-66f0f6ec0a0c:192.168.164.253:42441] with ContainerStateMachine:uninitialized
2019-10-10 21:36:27,069 [pool-217-thread-1] INFO  server.RaftServerConfigKeys (ConfUtils.java:logGet(43)) - raft.server.rpc.timeout.min = 5s (custom)
2019-10-10 21:36:27,069 [pool-217-thread-1] INFO  server.RaftServerConfigKeys (ConfUtils.java:logGet(43)) - raft.server.rpc.timeout.max = 5200ms (custom)
2019-10-10 21:36:27,069 [pool-217-thread-1] INFO  server.RaftServerConfigKeys (ConfUtils.java:logGet(43)) - raft.server.rpcslowness.timeout = 120s (custom)
2019-10-10 21:36:27,070 [pool-217-thread-1] INFO  server.RaftServerConfigKeys (ConfUtils.java:logGet(43)) - raft.server.sleep.deviation.threshold = 300 (default)
2019-10-10 21:36:27,070 [pool-217-thread-1] INFO  server.RaftServerConfigKeys (ConfUtils.java:logGet(43)) - raft.server.log.appender.install.snapshot.enabled = false (custom)
2019-10-10 21:36:27,070 [pool-217-thread-1] INFO  impl.RaftServerImpl (ServerState.java:<init>(103)) - d78a6a3e-ecdb-4616-bb5f-66f0f6ec0a0c@group-7FAFF4816A8C: ConfigurationManager, init=-1: [d78a6a3e-ecdb-4616-bb5f-66f0f6ec0a0c:192.168.164.253:42441], old=null, confs=<EMPTY_MAP>
2019-10-10 21:36:27,070 [pool-217-thread-1] INFO  server.RaftServerConfigKeys (ConfUtils.java:logGet(43)) - raft.server.storage.dir = [/workdir/hadoop-ozone/integration-test/target/test-dir/MiniOzoneClusterImpl-f3f4975b-3282-43d8-8c1e-6f49492aa572/datanode-1/data/ratis] (custom)
2019-10-10 21:36:27,071 [pool-217-thread-1] INFO  server.RaftServerConfigKeys (ConfUtils.java:logGet(43)) - raft.server.log.corruption.policy = EXCEPTION (default)
2019-10-10 21:36:27,071 [pool-217-thread-1] INFO  storage.RaftStorageDirectory (RaftStorageDirectory.java:analyzeStorage(246)) - The storage directory /workdir/hadoop-ozone/integration-test/target/test-dir/MiniOzoneClusterImpl-f3f4975b-3282-43d8-8c1e-6f49492aa572/datanode-1/data/ratis/158f1d52-b8b5-400c-b3cc-7faff4816a8c does not exist. Creating ...
2019-10-10 21:36:27,094 [IPC Server handler 6 on 42149] INFO  net.NetworkTopology (NetworkTopologyImpl.java:add(111)) - Added a new node: /default-rack/4f7e3182-ba03-4a74-afeb-9e55e50d3ea5
2019-10-10 21:36:27,094 [IPC Server handler 6 on 42149] INFO  node.SCMNodeManager (SCMNodeManager.java:register(268)) - Registered Data node : 4f7e3182-ba03-4a74-afeb-9e55e50d3ea5{ip: 192.168.164.253, host: pr-hdds-2281-k4msp-1747625461, networkLocation: /default-rack, certSerialId: null}
2019-10-10 21:36:27,095 [pool-217-thread-1] INFO  storage.RaftStorageDirectory (RaftStorageDirectory.java:tryLock(328)) - Lock on /workdir/hadoop-ozone/integration-test/target/test-dir/MiniOzoneClusterImpl-f3f4975b-3282-43d8-8c1e-6f49492aa572/datanode-1/data/ratis/158f1d52-b8b5-400c-b3cc-7faff4816a8c/in_use.lock acquired by nodename 17759@pr-hdds-2281-k4msp-1747625461
2019-10-10 21:36:27,120 [pool-217-thread-1] INFO  storage.RaftStorage (RaftStorage.java:format(84)) - Storage directory /workdir/hadoop-ozone/integration-test/target/test-dir/MiniOzoneClusterImpl-f3f4975b-3282-43d8-8c1e-6f49492aa572/datanode-1/data/ratis/158f1d52-b8b5-400c-b3cc-7faff4816a8c has been successfully formatted.
2019-10-10 21:36:27,121 [pool-217-thread-1] INFO  ratis.ContainerStateMachine (ContainerStateMachine.java:loadSnapshot(231)) - group-7FAFF4816A8C: The snapshot info is null. Setting the last applied indexto:(t:0, i:~)
2019-10-10 21:36:27,121 [pool-217-thread-1] INFO  server.RaftServerConfigKeys (ConfUtils.java:logGet(43)) - raft.server.notification.no-leader.timeout = 120s (custom)
2019-10-10 21:36:27,121 [pool-217-thread-1] INFO  server.RaftServerConfigKeys (ConfUtils.java:logGet(43)) - raft.server.log.use.memory = false (default)
2019-10-10 21:36:27,121 [pool-217-thread-1] INFO  server.RaftServerConfigKeys (ConfUtils.java:logGet(43)) - raft.server.log.purge.gap = 1000000 (custom)
2019-10-10 21:36:27,121 [pool-217-thread-1] INFO  server.RaftServerConfigKeys (ConfUtils.java:logGet(43)) - raft.server.log.appender.buffer.byte-limit = 33554432 (custom)
2019-10-10 21:36:27,121 [pool-217-thread-1] INFO  server.RaftServerConfigKeys (ConfUtils.java:logGet(43)) - raft.server.log.segment.size.max = 1048576 (custom)
2019-10-10 21:36:27,124 [pool-217-thread-1] INFO  server.RaftServerConfigKeys (ConfUtils.java:logGet(43)) - raft.server.log.segment.cache.num.max = 2 (custom)
2019-10-10 21:36:27,124 [pool-217-thread-1] INFO  segmented.SegmentedRaftLogWorker (SegmentedRaftLogWorker.java:<init>(173)) - new d78a6a3e-ecdb-4616-bb5f-66f0f6ec0a0c@group-7FAFF4816A8C-SegmentedRaftLogWorker for RaftStorage:Storage Directory /workdir/hadoop-ozone/integration-test/target/test-dir/MiniOzoneClusterImpl-f3f4975b-3282-43d8-8c1e-6f49492aa572/datanode-1/data/ratis/158f1d52-b8b5-400c-b3cc-7faff4816a8c
2019-10-10 21:36:27,125 [pool-217-thread-1] INFO  server.RaftServerConfigKeys (ConfUtils.java:logGet(43)) - raft.server.log.queue.byte-limit = 2147483647 (custom)
2019-10-10 21:36:27,125 [pool-217-thread-1] INFO  server.RaftServerConfigKeys (ConfUtils.java:logGet(43)) - raft.server.log.queue.element-limit = 1024 (custom)
2019-10-10 21:36:27,125 [pool-217-thread-1] INFO  server.RaftServerConfigKeys (ConfUtils.java:logGet(43)) - raft.server.log.segment.size.max = 1048576 (custom)
2019-10-10 21:36:27,125 [pool-217-thread-1] INFO  server.RaftServerConfigKeys (ConfUtils.java:logGet(43)) - raft.server.log.preallocated.size = 16384 (custom)
2019-10-10 21:36:27,125 [pool-217-thread-1] INFO  server.RaftServerConfigKeys (ConfUtils.java:logGet(43)) - raft.server.log.write.buffer.size = 33554432 (custom)
2019-10-10 21:36:27,126 [pool-217-thread-1] INFO  server.RaftServerConfigKeys (ConfUtils.java:logGet(43)) - raft.server.log.force.sync.num = 128 (default)
2019-10-10 21:36:27,126 [pool-217-thread-1] INFO  server.RaftServerConfigKeys (ConfUtils.java:logGet(43)) - raft.server.log.statemachine.data.sync = true (default)
2019-10-10 21:36:27,126 [pool-217-thread-1] INFO  server.RaftServerConfigKeys (ConfUtils.java:logGet(43)) - raft.server.log.statemachine.data.sync.timeout = 10s (default)
2019-10-10 21:36:27,126 [pool-217-thread-1] INFO  server.RaftServerConfigKeys (ConfUtils.java:logGet(43)) - raft.server.log.statemachine.data.sync.timeout.retry = -1 (default)
2019-10-10 21:36:27,127 [pool-217-thread-1] INFO  server.RaftServerConfigKeys (ConfUtils.java:logGet(43)) - raft.server.log.statemachine.data.caching.enabled = true (custom)
2019-10-10 21:36:27,127 [pool-217-thread-1] INFO  segmented.SegmentedRaftLogWorker (SegmentedRaftLogWorker.java:lambda$new$0(128)) - d78a6a3e-ecdb-4616-bb5f-66f0f6ec0a0c@group-7FAFF4816A8C-SegmentedRaftLogWorker: flushIndex: setUnconditionally 0 -> -1
2019-10-10 21:36:27,127 [pool-217-thread-1] INFO  server.RaftServerConfigKeys (ConfUtils.java:logGet(43)) - raft.server.snapshot.auto.trigger.enabled = true (custom)
2019-10-10 21:36:27,128 [pool-217-thread-1] INFO  server.RaftServerConfigKeys (ConfUtils.java:logGet(43)) - raft.server.snapshot.auto.trigger.threshold = 10000 (custom)
2019-10-10 21:36:27,128 [pool-217-thread-1] INFO  server.RaftServerConfigKeys (ConfUtils.java:logGet(43)) - raft.server.snapshot.retention.file.num = 5 (custom)
2019-10-10 21:36:27,128 [pool-217-thread-1] INFO  server.RaftServerConfigKeys (ConfUtils.java:logGet(43)) - raft.server.retrycache.expirytime = 600000ms (custom)
2019-10-10 21:36:27,131 [pool-217-thread-1] INFO  impl.RaftServerImpl (RaftServerImpl.java:start(181)) - d78a6a3e-ecdb-4616-bb5f-66f0f6ec0a0c@group-7FAFF4816A8C: start as a follower, conf=-1: [d78a6a3e-ecdb-4616-bb5f-66f0f6ec0a0c:192.168.164.253:42441], old=null
2019-10-10 21:36:27,131 [pool-217-thread-1] INFO  impl.RaftServerImpl (RaftServerImpl.java:setRole(170)) - d78a6a3e-ecdb-4616-bb5f-66f0f6ec0a0c@group-7FAFF4816A8C: changes role from      null to FOLLOWER at term 0 for startAsFollower
2019-10-10 21:36:27,131 [pool-217-thread-1] INFO  impl.RoleInfo (RoleInfo.java:updateAndGet(143)) - d78a6a3e-ecdb-4616-bb5f-66f0f6ec0a0c: start FollowerState
2019-10-10 21:36:27,132 [pool-217-thread-1] INFO  util.JmxRegister (JmxRegister.java:tryRegister(44)) - Successfully registered JMX Bean with object name Ratis:service=RaftServer,group=group-7FAFF4816A8C,id=d78a6a3e-ecdb-4616-bb5f-66f0f6ec0a0c
2019-10-10 21:36:27,142 [RatisPipelineUtilsThread] INFO  pipeline.PipelineStateManager (PipelineStateManager.java:addPipeline(56)) - Created pipeline Pipeline[ Id: 158f1d52-b8b5-400c-b3cc-7faff4816a8c, Nodes: d78a6a3e-ecdb-4616-bb5f-66f0f6ec0a0c{ip: 192.168.164.253, host: pr-hdds-2281-k4msp-1747625461, networkLocation: /default-rack, certSerialId: null}, Type:RATIS, Factor:ONE, State:OPEN]
2019-10-10 21:36:27,156 [grpc-default-executor-8] INFO  impl.RaftServerProxy (RaftServerProxy.java:addNew(89)) - 4f7e3182-ba03-4a74-afeb-9e55e50d3ea5: addNew group-F0F60EC98A22:[4f7e3182-ba03-4a74-afeb-9e55e50d3ea5:192.168.164.253:46366] returns group-F0F60EC98A22:java.util.concurrent.CompletableFuture@763ab4df[Not completed]
2019-10-10 21:36:27,157 [pool-227-thread-1] INFO  impl.RaftServerImpl (RaftServerImpl.java:<init>(95)) - 4f7e3182-ba03-4a74-afeb-9e55e50d3ea5: new RaftServerImpl for group-F0F60EC98A22:[4f7e3182-ba03-4a74-afeb-9e55e50d3ea5:192.168.164.253:46366] with ContainerStateMachine:uninitialized
2019-10-10 21:36:27,157 [pool-227-thread-1] INFO  server.RaftServerConfigKeys (ConfUtils.java:logGet(43)) - raft.server.rpc.timeout.min = 5s (custom)
2019-10-10 21:36:27,157 [pool-227-thread-1] INFO  server.RaftServerConfigKeys (ConfUtils.java:logGet(43)) - raft.server.rpc.timeout.max = 5200ms (custom)
2019-10-10 21:36:27,157 [pool-227-thread-1] INFO  server.RaftServerConfigKeys (ConfUtils.java:logGet(43)) - raft.server.rpcslowness.timeout = 120s (custom)
2019-10-10 21:36:27,158 [pool-227-thread-1] INFO  server.RaftServerConfigKeys (ConfUtils.java:logGet(43)) - raft.server.sleep.deviation.threshold = 300 (default)
2019-10-10 21:36:27,158 [pool-227-thread-1] INFO  server.RaftServerConfigKeys (ConfUtils.java:logGet(43)) - raft.server.log.appender.install.snapshot.enabled = false (custom)
2019-10-10 21:36:27,158 [pool-227-thread-1] INFO  impl.RaftServerImpl (ServerState.java:<init>(103)) - 4f7e3182-ba03-4a74-afeb-9e55e50d3ea5@group-F0F60EC98A22: ConfigurationManager, init=-1: [4f7e3182-ba03-4a74-afeb-9e55e50d3ea5:192.168.164.253:46366], old=null, confs=<EMPTY_MAP>
2019-10-10 21:36:27,158 [pool-227-thread-1] INFO  server.RaftServerConfigKeys (ConfUtils.java:logGet(43)) - raft.server.storage.dir = [/workdir/hadoop-ozone/integration-test/target/test-dir/MiniOzoneClusterImpl-f3f4975b-3282-43d8-8c1e-6f49492aa572/datanode-2/data/ratis] (custom)
2019-10-10 21:36:27,158 [pool-227-thread-1] INFO  server.RaftServerConfigKeys (ConfUtils.java:logGet(43)) - raft.server.log.corruption.policy = EXCEPTION (default)
2019-10-10 21:36:27,158 [pool-227-thread-1] INFO  storage.RaftStorageDirectory (RaftStorageDirectory.java:analyzeStorage(246)) - The storage directory /workdir/hadoop-ozone/integration-test/target/test-dir/MiniOzoneClusterImpl-f3f4975b-3282-43d8-8c1e-6f49492aa572/datanode-2/data/ratis/32859469-4460-48ca-8e00-f0f60ec98a22 does not exist. Creating ...
2019-10-10 21:36:27,180 [IPC Server handler 0 on 42149] INFO  net.NetworkTopology (NetworkTopologyImpl.java:add(111)) - Added a new node: /default-rack/5efba029-cd49-4dce-a6fc-d5e057562355
2019-10-10 21:36:27,180 [IPC Server handler 0 on 42149] INFO  node.SCMNodeManager (SCMNodeManager.java:register(268)) - Registered Data node : 5efba029-cd49-4dce-a6fc-d5e057562355{ip: 192.168.164.253, host: pr-hdds-2281-k4msp-1747625461, networkLocation: /default-rack, certSerialId: null}
2019-10-10 21:36:27,187 [pool-227-thread-1] INFO  storage.RaftStorageDirectory (RaftStorageDirectory.java:tryLock(328)) - Lock on /workdir/hadoop-ozone/integration-test/target/test-dir/MiniOzoneClusterImpl-f3f4975b-3282-43d8-8c1e-6f49492aa572/datanode-2/data/ratis/32859469-4460-48ca-8e00-f0f60ec98a22/in_use.lock acquired by nodename 17759@pr-hdds-2281-k4msp-1747625461
2019-10-10 21:36:27,213 [pool-227-thread-1] INFO  storage.RaftStorage (RaftStorage.java:format(84)) - Storage directory /workdir/hadoop-ozone/integration-test/target/test-dir/MiniOzoneClusterImpl-f3f4975b-3282-43d8-8c1e-6f49492aa572/datanode-2/data/ratis/32859469-4460-48ca-8e00-f0f60ec98a22 has been successfully formatted.
2019-10-10 21:36:27,213 [pool-227-thread-1] INFO  ratis.ContainerStateMachine (ContainerStateMachine.java:loadSnapshot(231)) - group-F0F60EC98A22: The snapshot info is null. Setting the last applied indexto:(t:0, i:~)
2019-10-10 21:36:27,213 [pool-227-thread-1] INFO  server.RaftServerConfigKeys (ConfUtils.java:logGet(43)) - raft.server.notification.no-leader.timeout = 120s (custom)
2019-10-10 21:36:27,213 [pool-227-thread-1] INFO  server.RaftServerConfigKeys (ConfUtils.java:logGet(43)) - raft.server.log.use.memory = false (default)
2019-10-10 21:36:27,213 [pool-227-thread-1] INFO  server.RaftServerConfigKeys (ConfUtils.java:logGet(43)) - raft.server.log.purge.gap = 1000000 (custom)
2019-10-10 21:36:27,213 [pool-227-thread-1] INFO  server.RaftServerConfigKeys (ConfUtils.java:logGet(43)) - raft.server.log.appender.buffer.byte-limit = 33554432 (custom)
2019-10-10 21:36:27,213 [pool-227-thread-1] INFO  server.RaftServerConfigKeys (ConfUtils.java:logGet(43)) - raft.server.log.segment.size.max = 1048576 (custom)
2019-10-10 21:36:27,215 [pool-227-thread-1] INFO  server.RaftServerConfigKeys (ConfUtils.java:logGet(43)) - raft.server.log.segment.cache.num.max = 2 (custom)
2019-10-10 21:36:27,215 [pool-227-thread-1] INFO  segmented.SegmentedRaftLogWorker (SegmentedRaftLogWorker.java:<init>(173)) - new 4f7e3182-ba03-4a74-afeb-9e55e50d3ea5@group-F0F60EC98A22-SegmentedRaftLogWorker for RaftStorage:Storage Directory /workdir/hadoop-ozone/integration-test/target/test-dir/MiniOzoneClusterImpl-f3f4975b-3282-43d8-8c1e-6f49492aa572/datanode-2/data/ratis/32859469-4460-48ca-8e00-f0f60ec98a22
2019-10-10 21:36:27,215 [pool-227-thread-1] INFO  server.RaftServerConfigKeys (ConfUtils.java:logGet(43)) - raft.server.log.queue.byte-limit = 2147483647 (custom)
2019-10-10 21:36:27,215 [pool-227-thread-1] INFO  server.RaftServerConfigKeys (ConfUtils.java:logGet(43)) - raft.server.log.queue.element-limit = 1024 (custom)
2019-10-10 21:36:27,215 [pool-227-thread-1] INFO  server.RaftServerConfigKeys (ConfUtils.java:logGet(43)) - raft.server.log.segment.size.max = 1048576 (custom)
2019-10-10 21:36:27,215 [pool-227-thread-1] INFO  server.RaftServerConfigKeys (ConfUtils.java:logGet(43)) - raft.server.log.preallocated.size = 16384 (custom)
2019-10-10 21:36:27,216 [pool-227-thread-1] INFO  server.RaftServerConfigKeys (ConfUtils.java:logGet(43)) - raft.server.log.write.buffer.size = 33554432 (custom)
2019-10-10 21:36:27,216 [pool-227-thread-1] INFO  server.RaftServerConfigKeys (ConfUtils.java:logGet(43)) - raft.server.log.force.sync.num = 128 (default)
2019-10-10 21:36:27,216 [pool-227-thread-1] INFO  server.RaftServerConfigKeys (ConfUtils.java:logGet(43)) - raft.server.log.statemachine.data.sync = true (default)
2019-10-10 21:36:27,216 [pool-227-thread-1] INFO  server.RaftServerConfigKeys (ConfUtils.java:logGet(43)) - raft.server.log.statemachine.data.sync.timeout = 10s (default)
2019-10-10 21:36:27,216 [pool-227-thread-1] INFO  server.RaftServerConfigKeys (ConfUtils.java:logGet(43)) - raft.server.log.statemachine.data.sync.timeout.retry = -1 (default)
2019-10-10 21:36:27,216 [pool-227-thread-1] INFO  server.RaftServerConfigKeys (ConfUtils.java:logGet(43)) - raft.server.log.statemachine.data.caching.enabled = true (custom)
2019-10-10 21:36:27,216 [pool-227-thread-1] INFO  segmented.SegmentedRaftLogWorker (SegmentedRaftLogWorker.java:lambda$new$0(128)) - 4f7e3182-ba03-4a74-afeb-9e55e50d3ea5@group-F0F60EC98A22-SegmentedRaftLogWorker: flushIndex: setUnconditionally 0 -> -1
2019-10-10 21:36:27,217 [pool-227-thread-1] INFO  server.RaftServerConfigKeys (ConfUtils.java:logGet(43)) - raft.server.snapshot.auto.trigger.enabled = true (custom)
2019-10-10 21:36:27,217 [pool-227-thread-1] INFO  server.RaftServerConfigKeys (ConfUtils.java:logGet(43)) - raft.server.snapshot.auto.trigger.threshold = 10000 (custom)
2019-10-10 21:36:27,217 [pool-227-thread-1] INFO  server.RaftServerConfigKeys (ConfUtils.java:logGet(43)) - raft.server.snapshot.retention.file.num = 5 (custom)
2019-10-10 21:36:27,217 [pool-227-thread-1] INFO  server.RaftServerConfigKeys (ConfUtils.java:logGet(43)) - raft.server.retrycache.expirytime = 600000ms (custom)
2019-10-10 21:36:27,218 [pool-227-thread-1] INFO  impl.RaftServerImpl (RaftServerImpl.java:start(181)) - 4f7e3182-ba03-4a74-afeb-9e55e50d3ea5@group-F0F60EC98A22: start as a follower, conf=-1: [4f7e3182-ba03-4a74-afeb-9e55e50d3ea5:192.168.164.253:46366], old=null
2019-10-10 21:36:27,218 [pool-227-thread-1] INFO  impl.RaftServerImpl (RaftServerImpl.java:setRole(170)) - 4f7e3182-ba03-4a74-afeb-9e55e50d3ea5@group-F0F60EC98A22: changes role from      null to FOLLOWER at term 0 for startAsFollower
2019-10-10 21:36:27,219 [pool-227-thread-1] INFO  impl.RoleInfo (RoleInfo.java:updateAndGet(143)) - 4f7e3182-ba03-4a74-afeb-9e55e50d3ea5: start FollowerState
2019-10-10 21:36:27,219 [pool-227-thread-1] INFO  util.JmxRegister (JmxRegister.java:tryRegister(44)) - Successfully registered JMX Bean with object name Ratis:service=RaftServer,group=group-F0F60EC98A22,id=4f7e3182-ba03-4a74-afeb-9e55e50d3ea5
2019-10-10 21:36:27,227 [RatisPipelineUtilsThread] INFO  pipeline.PipelineStateManager (PipelineStateManager.java:addPipeline(56)) - Created pipeline Pipeline[ Id: 32859469-4460-48ca-8e00-f0f60ec98a22, Nodes: 4f7e3182-ba03-4a74-afeb-9e55e50d3ea5{ip: 192.168.164.253, host: pr-hdds-2281-k4msp-1747625461, networkLocation: /default-rack, certSerialId: null}, Type:RATIS, Factor:ONE, State:OPEN]
2019-10-10 21:36:27,238 [grpc-default-executor-8] INFO  impl.RaftServerProxy (RaftServerProxy.java:addNew(89)) - 5efba029-cd49-4dce-a6fc-d5e057562355: addNew group-286E6CE991B9:[5efba029-cd49-4dce-a6fc-d5e057562355:192.168.164.253:36642] returns group-286E6CE991B9:java.util.concurrent.CompletableFuture@d4c5817[Not completed]
2019-10-10 21:36:27,240 [pool-237-thread-1] INFO  impl.RaftServerImpl (RaftServerImpl.java:<init>(95)) - 5efba029-cd49-4dce-a6fc-d5e057562355: new RaftServerImpl for group-286E6CE991B9:[5efba029-cd49-4dce-a6fc-d5e057562355:192.168.164.253:36642] with ContainerStateMachine:uninitialized
2019-10-10 21:36:27,240 [pool-237-thread-1] INFO  server.RaftServerConfigKeys (ConfUtils.java:logGet(43)) - raft.server.rpc.timeout.min = 5s (custom)
2019-10-10 21:36:27,241 [pool-237-thread-1] INFO  server.RaftServerConfigKeys (ConfUtils.java:logGet(43)) - raft.server.rpc.timeout.max = 5200ms (custom)
2019-10-10 21:36:27,241 [pool-237-thread-1] INFO  server.RaftServerConfigKeys (ConfUtils.java:logGet(43)) - raft.server.rpcslowness.timeout = 120s (custom)
2019-10-10 21:36:27,241 [pool-237-thread-1] INFO  server.RaftServerConfigKeys (ConfUtils.java:logGet(43)) - raft.server.sleep.deviation.threshold = 300 (default)
2019-10-10 21:36:27,241 [pool-237-thread-1] INFO  server.RaftServerConfigKeys (ConfUtils.java:logGet(43)) - raft.server.log.appender.install.snapshot.enabled = false (custom)
2019-10-10 21:36:27,241 [pool-237-thread-1] INFO  impl.RaftServerImpl (ServerState.java:<init>(103)) - 5efba029-cd49-4dce-a6fc-d5e057562355@group-286E6CE991B9: ConfigurationManager, init=-1: [5efba029-cd49-4dce-a6fc-d5e057562355:192.168.164.253:36642], old=null, confs=<EMPTY_MAP>
2019-10-10 21:36:27,241 [pool-237-thread-1] INFO  server.RaftServerConfigKeys (ConfUtils.java:logGet(43)) - raft.server.storage.dir = [/workdir/hadoop-ozone/integration-test/target/test-dir/MiniOzoneClusterImpl-f3f4975b-3282-43d8-8c1e-6f49492aa572/datanode-3/data/ratis] (custom)
2019-10-10 21:36:27,242 [pool-237-thread-1] INFO  server.RaftServerConfigKeys (ConfUtils.java:logGet(43)) - raft.server.log.corruption.policy = EXCEPTION (default)
2019-10-10 21:36:27,242 [pool-237-thread-1] INFO  storage.RaftStorageDirectory (RaftStorageDirectory.java:analyzeStorage(246)) - The storage directory /workdir/hadoop-ozone/integration-test/target/test-dir/MiniOzoneClusterImpl-f3f4975b-3282-43d8-8c1e-6f49492aa572/datanode-3/data/ratis/022223d6-e95a-439c-b9be-286e6ce991b9 does not exist. Creating ...
2019-10-10 21:36:27,247 [IPC Server handler 1 on 42149] INFO  net.NetworkTopology (NetworkTopologyImpl.java:add(111)) - Added a new node: /default-rack/4d6c447f-053a-4089-9221-5a9185208761
2019-10-10 21:36:27,247 [IPC Server handler 1 on 42149] INFO  node.SCMNodeManager (SCMNodeManager.java:register(268)) - Registered Data node : 4d6c447f-053a-4089-9221-5a9185208761{ip: 192.168.164.253, host: pr-hdds-2281-k4msp-1747625461, networkLocation: /default-rack, certSerialId: null}
2019-10-10 21:36:27,255 [pool-237-thread-1] INFO  storage.RaftStorageDirectory (RaftStorageDirectory.java:tryLock(328)) - Lock on /workdir/hadoop-ozone/integration-test/target/test-dir/MiniOzoneClusterImpl-f3f4975b-3282-43d8-8c1e-6f49492aa572/datanode-3/data/ratis/022223d6-e95a-439c-b9be-286e6ce991b9/in_use.lock acquired by nodename 17759@pr-hdds-2281-k4msp-1747625461
2019-10-10 21:36:27,268 [pool-237-thread-1] INFO  storage.RaftStorage (RaftStorage.java:format(84)) - Storage directory /workdir/hadoop-ozone/integration-test/target/test-dir/MiniOzoneClusterImpl-f3f4975b-3282-43d8-8c1e-6f49492aa572/datanode-3/data/ratis/022223d6-e95a-439c-b9be-286e6ce991b9 has been successfully formatted.
2019-10-10 21:36:27,268 [pool-237-thread-1] INFO  ratis.ContainerStateMachine (ContainerStateMachine.java:loadSnapshot(231)) - group-286E6CE991B9: The snapshot info is null. Setting the last applied indexto:(t:0, i:~)
2019-10-10 21:36:27,268 [pool-237-thread-1] INFO  server.RaftServerConfigKeys (ConfUtils.java:logGet(43)) - raft.server.notification.no-leader.timeout = 120s (custom)
2019-10-10 21:36:27,268 [pool-237-thread-1] INFO  server.RaftServerConfigKeys (ConfUtils.java:logGet(43)) - raft.server.log.use.memory = false (default)
2019-10-10 21:36:27,269 [pool-237-thread-1] INFO  server.RaftServerConfigKeys (ConfUtils.java:logGet(43)) - raft.server.log.purge.gap = 1000000 (custom)
2019-10-10 21:36:27,269 [pool-237-thread-1] INFO  server.RaftServerConfigKeys (ConfUtils.java:logGet(43)) - raft.server.log.appender.buffer.byte-limit = 33554432 (custom)
2019-10-10 21:36:27,269 [pool-237-thread-1] INFO  server.RaftServerConfigKeys (ConfUtils.java:logGet(43)) - raft.server.log.segment.size.max = 1048576 (custom)
2019-10-10 21:36:27,271 [pool-237-thread-1] INFO  server.RaftServerConfigKeys (ConfUtils.java:logGet(43)) - raft.server.log.segment.cache.num.max = 2 (custom)
2019-10-10 21:36:27,272 [pool-237-thread-1] INFO  segmented.SegmentedRaftLogWorker (SegmentedRaftLogWorker.java:<init>(173)) - new 5efba029-cd49-4dce-a6fc-d5e057562355@group-286E6CE991B9-SegmentedRaftLogWorker for RaftStorage:Storage Directory /workdir/hadoop-ozone/integration-test/target/test-dir/MiniOzoneClusterImpl-f3f4975b-3282-43d8-8c1e-6f49492aa572/datanode-3/data/ratis/022223d6-e95a-439c-b9be-286e6ce991b9
2019-10-10 21:36:27,272 [pool-237-thread-1] INFO  server.RaftServerConfigKeys (ConfUtils.java:logGet(43)) - raft.server.log.queue.byte-limit = 2147483647 (custom)
2019-10-10 21:36:27,272 [pool-237-thread-1] INFO  server.RaftServerConfigKeys (ConfUtils.java:logGet(43)) - raft.server.log.queue.element-limit = 1024 (custom)
2019-10-10 21:36:27,272 [pool-237-thread-1] INFO  server.RaftServerConfigKeys (ConfUtils.java:logGet(43)) - raft.server.log.segment.size.max = 1048576 (custom)
2019-10-10 21:36:27,272 [pool-237-thread-1] INFO  server.RaftServerConfigKeys (ConfUtils.java:logGet(43)) - raft.server.log.preallocated.size = 16384 (custom)
2019-10-10 21:36:27,272 [pool-237-thread-1] INFO  server.RaftServerConfigKeys (ConfUtils.java:logGet(43)) - raft.server.log.write.buffer.size = 33554432 (custom)
2019-10-10 21:36:27,273 [pool-237-thread-1] INFO  server.RaftServerConfigKeys (ConfUtils.java:logGet(43)) - raft.server.log.force.sync.num = 128 (default)
2019-10-10 21:36:27,273 [pool-237-thread-1] INFO  server.RaftServerConfigKeys (ConfUtils.java:logGet(43)) - raft.server.log.statemachine.data.sync = true (default)
2019-10-10 21:36:27,273 [pool-237-thread-1] INFO  server.RaftServerConfigKeys (ConfUtils.java:logGet(43)) - raft.server.log.statemachine.data.sync.timeout = 10s (default)
2019-10-10 21:36:27,273 [pool-237-thread-1] INFO  server.RaftServerConfigKeys (ConfUtils.java:logGet(43)) - raft.server.log.statemachine.data.sync.timeout.retry = -1 (default)
2019-10-10 21:36:27,273 [pool-237-thread-1] INFO  server.RaftServerConfigKeys (ConfUtils.java:logGet(43)) - raft.server.log.statemachine.data.caching.enabled = true (custom)
2019-10-10 21:36:27,274 [pool-237-thread-1] INFO  segmented.SegmentedRaftLogWorker (SegmentedRaftLogWorker.java:lambda$new$0(128)) - 5efba029-cd49-4dce-a6fc-d5e057562355@group-286E6CE991B9-SegmentedRaftLogWorker: flushIndex: setUnconditionally 0 -> -1
2019-10-10 21:36:27,274 [pool-237-thread-1] INFO  server.RaftServerConfigKeys (ConfUtils.java:logGet(43)) - raft.server.snapshot.auto.trigger.enabled = true (custom)
2019-10-10 21:36:27,274 [pool-237-thread-1] INFO  server.RaftServerConfigKeys (ConfUtils.java:logGet(43)) - raft.server.snapshot.auto.trigger.threshold = 10000 (custom)
2019-10-10 21:36:27,275 [pool-237-thread-1] INFO  server.RaftServerConfigKeys (ConfUtils.java:logGet(43)) - raft.server.snapshot.retention.file.num = 5 (custom)
2019-10-10 21:36:27,275 [pool-237-thread-1] INFO  server.RaftServerConfigKeys (ConfUtils.java:logGet(43)) - raft.server.retrycache.expirytime = 600000ms (custom)
2019-10-10 21:36:27,277 [pool-237-thread-1] INFO  impl.RaftServerImpl (RaftServerImpl.java:start(181)) - 5efba029-cd49-4dce-a6fc-d5e057562355@group-286E6CE991B9: start as a follower, conf=-1: [5efba029-cd49-4dce-a6fc-d5e057562355:192.168.164.253:36642], old=null
2019-10-10 21:36:27,277 [pool-237-thread-1] INFO  impl.RaftServerImpl (RaftServerImpl.java:setRole(170)) - 5efba029-cd49-4dce-a6fc-d5e057562355@group-286E6CE991B9: changes role from      null to FOLLOWER at term 0 for startAsFollower
2019-10-10 21:36:27,277 [pool-237-thread-1] INFO  impl.RoleInfo (RoleInfo.java:updateAndGet(143)) - 5efba029-cd49-4dce-a6fc-d5e057562355: start FollowerState
2019-10-10 21:36:27,278 [pool-237-thread-1] INFO  util.JmxRegister (JmxRegister.java:tryRegister(44)) - Successfully registered JMX Bean with object name Ratis:service=RaftServer,group=group-286E6CE991B9,id=5efba029-cd49-4dce-a6fc-d5e057562355
2019-10-10 21:36:27,286 [RatisPipelineUtilsThread] INFO  pipeline.PipelineStateManager (PipelineStateManager.java:addPipeline(56)) - Created pipeline Pipeline[ Id: 022223d6-e95a-439c-b9be-286e6ce991b9, Nodes: 5efba029-cd49-4dce-a6fc-d5e057562355{ip: 192.168.164.253, host: pr-hdds-2281-k4msp-1747625461, networkLocation: /default-rack, certSerialId: null}, Type:RATIS, Factor:ONE, State:OPEN]
2019-10-10 21:36:27,295 [grpc-default-executor-8] INFO  impl.RaftServerProxy (RaftServerProxy.java:addNew(89)) - 4d6c447f-053a-4089-9221-5a9185208761: addNew group-B829A026BFF4:[4d6c447f-053a-4089-9221-5a9185208761:192.168.164.253:39487] returns group-B829A026BFF4:java.util.concurrent.CompletableFuture@cf47d66[Not completed]
2019-10-10 21:36:27,296 [pool-247-thread-1] INFO  impl.RaftServerImpl (RaftServerImpl.java:<init>(95)) - 4d6c447f-053a-4089-9221-5a9185208761: new RaftServerImpl for group-B829A026BFF4:[4d6c447f-053a-4089-9221-5a9185208761:192.168.164.253:39487] with ContainerStateMachine:uninitialized
2019-10-10 21:36:27,297 [pool-247-thread-1] INFO  server.RaftServerConfigKeys (ConfUtils.java:logGet(43)) - raft.server.rpc.timeout.min = 5s (custom)
2019-10-10 21:36:27,297 [pool-247-thread-1] INFO  server.RaftServerConfigKeys (ConfUtils.java:logGet(43)) - raft.server.rpc.timeout.max = 5200ms (custom)
2019-10-10 21:36:27,297 [pool-247-thread-1] INFO  server.RaftServerConfigKeys (ConfUtils.java:logGet(43)) - raft.server.rpcslowness.timeout = 120s (custom)
2019-10-10 21:36:27,297 [pool-247-thread-1] INFO  server.RaftServerConfigKeys (ConfUtils.java:logGet(43)) - raft.server.sleep.deviation.threshold = 300 (default)
2019-10-10 21:36:27,297 [pool-247-thread-1] INFO  server.RaftServerConfigKeys (ConfUtils.java:logGet(43)) - raft.server.log.appender.install.snapshot.enabled = false (custom)
2019-10-10 21:36:27,297 [pool-247-thread-1] INFO  impl.RaftServerImpl (ServerState.java:<init>(103)) - 4d6c447f-053a-4089-9221-5a9185208761@group-B829A026BFF4: ConfigurationManager, init=-1: [4d6c447f-053a-4089-9221-5a9185208761:192.168.164.253:39487], old=null, confs=<EMPTY_MAP>
2019-10-10 21:36:27,297 [pool-247-thread-1] INFO  server.RaftServerConfigKeys (ConfUtils.java:logGet(43)) - raft.server.storage.dir = [/workdir/hadoop-ozone/integration-test/target/test-dir/MiniOzoneClusterImpl-f3f4975b-3282-43d8-8c1e-6f49492aa572/datanode-4/data/ratis] (custom)
2019-10-10 21:36:27,298 [pool-247-thread-1] INFO  server.RaftServerConfigKeys (ConfUtils.java:logGet(43)) - raft.server.log.corruption.policy = EXCEPTION (default)
2019-10-10 21:36:27,298 [pool-247-thread-1] INFO  storage.RaftStorageDirectory (RaftStorageDirectory.java:analyzeStorage(246)) - The storage directory /workdir/hadoop-ozone/integration-test/target/test-dir/MiniOzoneClusterImpl-f3f4975b-3282-43d8-8c1e-6f49492aa572/datanode-4/data/ratis/d3c0dc8e-00dd-4907-829c-b829a026bff4 does not exist. Creating ...
2019-10-10 21:36:27,311 [pool-247-thread-1] INFO  storage.RaftStorageDirectory (RaftStorageDirectory.java:tryLock(328)) - Lock on /workdir/hadoop-ozone/integration-test/target/test-dir/MiniOzoneClusterImpl-f3f4975b-3282-43d8-8c1e-6f49492aa572/datanode-4/data/ratis/d3c0dc8e-00dd-4907-829c-b829a026bff4/in_use.lock acquired by nodename 17759@pr-hdds-2281-k4msp-1747625461
2019-10-10 21:36:27,312 [IPC Server handler 4 on 42149] INFO  net.NetworkTopology (NetworkTopologyImpl.java:add(111)) - Added a new node: /default-rack/e470dbc6-b7c3-4cc5-bcba-9849bb7698b4
2019-10-10 21:36:27,312 [IPC Server handler 4 on 42149] INFO  node.SCMNodeManager (SCMNodeManager.java:register(268)) - Registered Data node : e470dbc6-b7c3-4cc5-bcba-9849bb7698b4{ip: 192.168.164.253, host: pr-hdds-2281-k4msp-1747625461, networkLocation: /default-rack, certSerialId: null}
2019-10-10 21:36:27,324 [pool-247-thread-1] INFO  storage.RaftStorage (RaftStorage.java:format(84)) - Storage directory /workdir/hadoop-ozone/integration-test/target/test-dir/MiniOzoneClusterImpl-f3f4975b-3282-43d8-8c1e-6f49492aa572/datanode-4/data/ratis/d3c0dc8e-00dd-4907-829c-b829a026bff4 has been successfully formatted.
2019-10-10 21:36:27,325 [pool-247-thread-1] INFO  ratis.ContainerStateMachine (ContainerStateMachine.java:loadSnapshot(231)) - group-B829A026BFF4: The snapshot info is null. Setting the last applied indexto:(t:0, i:~)
2019-10-10 21:36:27,325 [pool-247-thread-1] INFO  server.RaftServerConfigKeys (ConfUtils.java:logGet(43)) - raft.server.notification.no-leader.timeout = 120s (custom)
2019-10-10 21:36:27,325 [pool-247-thread-1] INFO  server.RaftServerConfigKeys (ConfUtils.java:logGet(43)) - raft.server.log.use.memory = false (default)
2019-10-10 21:36:27,325 [pool-247-thread-1] INFO  server.RaftServerConfigKeys (ConfUtils.java:logGet(43)) - raft.server.log.purge.gap = 1000000 (custom)
2019-10-10 21:36:27,325 [pool-247-thread-1] INFO  server.RaftServerConfigKeys (ConfUtils.java:logGet(43)) - raft.server.log.appender.buffer.byte-limit = 33554432 (custom)
2019-10-10 21:36:27,325 [pool-247-thread-1] INFO  server.RaftServerConfigKeys (ConfUtils.java:logGet(43)) - raft.server.log.segment.size.max = 1048576 (custom)
2019-10-10 21:36:27,327 [pool-247-thread-1] INFO  server.RaftServerConfigKeys (ConfUtils.java:logGet(43)) - raft.server.log.segment.cache.num.max = 2 (custom)
2019-10-10 21:36:27,328 [pool-247-thread-1] INFO  segmented.SegmentedRaftLogWorker (SegmentedRaftLogWorker.java:<init>(173)) - new 4d6c447f-053a-4089-9221-5a9185208761@group-B829A026BFF4-SegmentedRaftLogWorker for RaftStorage:Storage Directory /workdir/hadoop-ozone/integration-test/target/test-dir/MiniOzoneClusterImpl-f3f4975b-3282-43d8-8c1e-6f49492aa572/datanode-4/data/ratis/d3c0dc8e-00dd-4907-829c-b829a026bff4
2019-10-10 21:36:27,328 [pool-247-thread-1] INFO  server.RaftServerConfigKeys (ConfUtils.java:logGet(43)) - raft.server.log.queue.byte-limit = 2147483647 (custom)
2019-10-10 21:36:27,328 [pool-247-thread-1] INFO  server.RaftServerConfigKeys (ConfUtils.java:logGet(43)) - raft.server.log.queue.element-limit = 1024 (custom)
2019-10-10 21:36:27,328 [pool-247-thread-1] INFO  server.RaftServerConfigKeys (ConfUtils.java:logGet(43)) - raft.server.log.segment.size.max = 1048576 (custom)
2019-10-10 21:36:27,328 [pool-247-thread-1] INFO  server.RaftServerConfigKeys (ConfUtils.java:logGet(43)) - raft.server.log.preallocated.size = 16384 (custom)
2019-10-10 21:36:27,328 [pool-247-thread-1] INFO  server.RaftServerConfigKeys (ConfUtils.java:logGet(43)) - raft.server.log.write.buffer.size = 33554432 (custom)
2019-10-10 21:36:27,328 [pool-247-thread-1] INFO  server.RaftServerConfigKeys (ConfUtils.java:logGet(43)) - raft.server.log.force.sync.num = 128 (default)
2019-10-10 21:36:27,329 [pool-247-thread-1] INFO  server.RaftServerConfigKeys (ConfUtils.java:logGet(43)) - raft.server.log.statemachine.data.sync = true (default)
2019-10-10 21:36:27,329 [pool-247-thread-1] INFO  server.RaftServerConfigKeys (ConfUtils.java:logGet(43)) - raft.server.log.statemachine.data.sync.timeout = 10s (default)
2019-10-10 21:36:27,329 [pool-247-thread-1] INFO  server.RaftServerConfigKeys (ConfUtils.java:logGet(43)) - raft.server.log.statemachine.data.sync.timeout.retry = -1 (default)
2019-10-10 21:36:27,329 [pool-247-thread-1] INFO  server.RaftServerConfigKeys (ConfUtils.java:logGet(43)) - raft.server.log.statemachine.data.caching.enabled = true (custom)
2019-10-10 21:36:27,330 [pool-247-thread-1] INFO  segmented.SegmentedRaftLogWorker (SegmentedRaftLogWorker.java:lambda$new$0(128)) - 4d6c447f-053a-4089-9221-5a9185208761@group-B829A026BFF4-SegmentedRaftLogWorker: flushIndex: setUnconditionally 0 -> -1
2019-10-10 21:36:27,330 [pool-247-thread-1] INFO  server.RaftServerConfigKeys (ConfUtils.java:logGet(43)) - raft.server.snapshot.auto.trigger.enabled = true (custom)
2019-10-10 21:36:27,330 [pool-247-thread-1] INFO  server.RaftServerConfigKeys (ConfUtils.java:logGet(43)) - raft.server.snapshot.auto.trigger.threshold = 10000 (custom)
2019-10-10 21:36:27,330 [pool-247-thread-1] INFO  server.RaftServerConfigKeys (ConfUtils.java:logGet(43)) - raft.server.snapshot.retention.file.num = 5 (custom)
2019-10-10 21:36:27,330 [pool-247-thread-1] INFO  server.RaftServerConfigKeys (ConfUtils.java:logGet(43)) - raft.server.retrycache.expirytime = 600000ms (custom)
2019-10-10 21:36:27,332 [pool-247-thread-1] INFO  impl.RaftServerImpl (RaftServerImpl.java:start(181)) - 4d6c447f-053a-4089-9221-5a9185208761@group-B829A026BFF4: start as a follower, conf=-1: [4d6c447f-053a-4089-9221-5a9185208761:192.168.164.253:39487], old=null
2019-10-10 21:36:27,333 [pool-247-thread-1] INFO  impl.RaftServerImpl (RaftServerImpl.java:setRole(170)) - 4d6c447f-053a-4089-9221-5a9185208761@group-B829A026BFF4: changes role from      null to FOLLOWER at term 0 for startAsFollower
2019-10-10 21:36:27,333 [pool-247-thread-1] INFO  impl.RoleInfo (RoleInfo.java:updateAndGet(143)) - 4d6c447f-053a-4089-9221-5a9185208761: start FollowerState
2019-10-10 21:36:27,333 [pool-247-thread-1] INFO  util.JmxRegister (JmxRegister.java:tryRegister(44)) - Successfully registered JMX Bean with object name Ratis:service=RaftServer,group=group-B829A026BFF4,id=4d6c447f-053a-4089-9221-5a9185208761
2019-10-10 21:36:27,341 [RatisPipelineUtilsThread] INFO  pipeline.PipelineStateManager (PipelineStateManager.java:addPipeline(56)) - Created pipeline Pipeline[ Id: d3c0dc8e-00dd-4907-829c-b829a026bff4, Nodes: 4d6c447f-053a-4089-9221-5a9185208761{ip: 192.168.164.253, host: pr-hdds-2281-k4msp-1747625461, networkLocation: /default-rack, certSerialId: null}, Type:RATIS, Factor:ONE, State:OPEN]
2019-10-10 21:36:27,357 [grpc-default-executor-8] INFO  impl.RaftServerProxy (RaftServerProxy.java:addNew(89)) - e470dbc6-b7c3-4cc5-bcba-9849bb7698b4: addNew group-18D7FCCA4C8F:[e470dbc6-b7c3-4cc5-bcba-9849bb7698b4:192.168.164.253:35241] returns group-18D7FCCA4C8F:java.util.concurrent.CompletableFuture@329cac2b[Not completed]
2019-10-10 21:36:27,358 [pool-257-thread-1] INFO  impl.RaftServerImpl (RaftServerImpl.java:<init>(95)) - e470dbc6-b7c3-4cc5-bcba-9849bb7698b4: new RaftServerImpl for group-18D7FCCA4C8F:[e470dbc6-b7c3-4cc5-bcba-9849bb7698b4:192.168.164.253:35241] with ContainerStateMachine:uninitialized
2019-10-10 21:36:27,358 [pool-257-thread-1] INFO  server.RaftServerConfigKeys (ConfUtils.java:logGet(43)) - raft.server.rpc.timeout.min = 5s (custom)
2019-10-10 21:36:27,358 [pool-257-thread-1] INFO  server.RaftServerConfigKeys (ConfUtils.java:logGet(43)) - raft.server.rpc.timeout.max = 5200ms (custom)
2019-10-10 21:36:27,358 [pool-257-thread-1] INFO  server.RaftServerConfigKeys (ConfUtils.java:logGet(43)) - raft.server.rpcslowness.timeout = 120s (custom)
2019-10-10 21:36:27,358 [pool-257-thread-1] INFO  server.RaftServerConfigKeys (ConfUtils.java:logGet(43)) - raft.server.sleep.deviation.threshold = 300 (default)
2019-10-10 21:36:27,358 [pool-257-thread-1] INFO  server.RaftServerConfigKeys (ConfUtils.java:logGet(43)) - raft.server.log.appender.install.snapshot.enabled = false (custom)
2019-10-10 21:36:27,358 [pool-257-thread-1] INFO  impl.RaftServerImpl (ServerState.java:<init>(103)) - e470dbc6-b7c3-4cc5-bcba-9849bb7698b4@group-18D7FCCA4C8F: ConfigurationManager, init=-1: [e470dbc6-b7c3-4cc5-bcba-9849bb7698b4:192.168.164.253:35241], old=null, confs=<EMPTY_MAP>
2019-10-10 21:36:27,359 [pool-257-thread-1] INFO  server.RaftServerConfigKeys (ConfUtils.java:logGet(43)) - raft.server.storage.dir = [/workdir/hadoop-ozone/integration-test/target/test-dir/MiniOzoneClusterImpl-f3f4975b-3282-43d8-8c1e-6f49492aa572/datanode-5/data/ratis] (custom)
2019-10-10 21:36:27,359 [pool-257-thread-1] INFO  server.RaftServerConfigKeys (ConfUtils.java:logGet(43)) - raft.server.log.corruption.policy = EXCEPTION (default)
2019-10-10 21:36:27,359 [pool-257-thread-1] INFO  storage.RaftStorageDirectory (RaftStorageDirectory.java:analyzeStorage(246)) - The storage directory /workdir/hadoop-ozone/integration-test/target/test-dir/MiniOzoneClusterImpl-f3f4975b-3282-43d8-8c1e-6f49492aa572/datanode-5/data/ratis/1d49b462-c72d-4d4d-aee7-18d7fcca4c8f does not exist. Creating ...
2019-10-10 21:36:27,376 [IPC Server handler 2 on 42149] INFO  net.NetworkTopology (NetworkTopologyImpl.java:add(111)) - Added a new node: /default-rack/f9704062-a631-4b24-9a2e-8f5e86d811ac
2019-10-10 21:36:27,376 [IPC Server handler 2 on 42149] INFO  node.SCMNodeManager (SCMNodeManager.java:register(268)) - Registered Data node : f9704062-a631-4b24-9a2e-8f5e86d811ac{ip: 192.168.164.253, host: pr-hdds-2281-k4msp-1747625461, networkLocation: /default-rack, certSerialId: null}
2019-10-10 21:36:27,380 [main] INFO  ozone.MiniOzoneClusterImpl (MiniOzoneClusterImpl.java:lambda$waitForClusterToBeReady$0(147)) - Cluster is ready. Got 7 of 7 DN Heartbeats.
2019-10-10 21:36:27,381 [pool-257-thread-1] INFO  storage.RaftStorageDirectory (RaftStorageDirectory.java:tryLock(328)) - Lock on /workdir/hadoop-ozone/integration-test/target/test-dir/MiniOzoneClusterImpl-f3f4975b-3282-43d8-8c1e-6f49492aa572/datanode-5/data/ratis/1d49b462-c72d-4d4d-aee7-18d7fcca4c8f/in_use.lock acquired by nodename 17759@pr-hdds-2281-k4msp-1747625461
2019-10-10 21:36:27,405 [pool-257-thread-1] INFO  storage.RaftStorage (RaftStorage.java:format(84)) - Storage directory /workdir/hadoop-ozone/integration-test/target/test-dir/MiniOzoneClusterImpl-f3f4975b-3282-43d8-8c1e-6f49492aa572/datanode-5/data/ratis/1d49b462-c72d-4d4d-aee7-18d7fcca4c8f has been successfully formatted.
2019-10-10 21:36:27,405 [pool-257-thread-1] INFO  ratis.ContainerStateMachine (ContainerStateMachine.java:loadSnapshot(231)) - group-18D7FCCA4C8F: The snapshot info is null. Setting the last applied indexto:(t:0, i:~)
2019-10-10 21:36:27,410 [pool-257-thread-1] INFO  server.RaftServerConfigKeys (ConfUtils.java:logGet(43)) - raft.server.notification.no-leader.timeout = 120s (custom)
2019-10-10 21:36:27,410 [pool-257-thread-1] INFO  server.RaftServerConfigKeys (ConfUtils.java:logGet(43)) - raft.server.log.use.memory = false (default)
2019-10-10 21:36:27,418 [pool-257-thread-1] INFO  server.RaftServerConfigKeys (ConfUtils.java:logGet(43)) - raft.server.log.purge.gap = 1000000 (custom)
2019-10-10 21:36:27,418 [pool-257-thread-1] INFO  server.RaftServerConfigKeys (ConfUtils.java:logGet(43)) - raft.server.log.appender.buffer.byte-limit = 33554432 (custom)
2019-10-10 21:36:27,418 [pool-257-thread-1] INFO  server.RaftServerConfigKeys (ConfUtils.java:logGet(43)) - raft.server.log.segment.size.max = 1048576 (custom)
2019-10-10 21:36:27,424 [pool-257-thread-1] INFO  server.RaftServerConfigKeys (ConfUtils.java:logGet(43)) - raft.server.log.segment.cache.num.max = 2 (custom)
2019-10-10 21:36:27,424 [pool-257-thread-1] INFO  segmented.SegmentedRaftLogWorker (SegmentedRaftLogWorker.java:<init>(173)) - new e470dbc6-b7c3-4cc5-bcba-9849bb7698b4@group-18D7FCCA4C8F-SegmentedRaftLogWorker for RaftStorage:Storage Directory /workdir/hadoop-ozone/integration-test/target/test-dir/MiniOzoneClusterImpl-f3f4975b-3282-43d8-8c1e-6f49492aa572/datanode-5/data/ratis/1d49b462-c72d-4d4d-aee7-18d7fcca4c8f
2019-10-10 21:36:27,424 [pool-257-thread-1] INFO  server.RaftServerConfigKeys (ConfUtils.java:logGet(43)) - raft.server.log.queue.byte-limit = 2147483647 (custom)
2019-10-10 21:36:27,424 [pool-257-thread-1] INFO  server.RaftServerConfigKeys (ConfUtils.java:logGet(43)) - raft.server.log.queue.element-limit = 1024 (custom)
2019-10-10 21:36:27,425 [pool-257-thread-1] INFO  server.RaftServerConfigKeys (ConfUtils.java:logGet(43)) - raft.server.log.segment.size.max = 1048576 (custom)
2019-10-10 21:36:27,425 [pool-257-thread-1] INFO  server.RaftServerConfigKeys (ConfUtils.java:logGet(43)) - raft.server.log.preallocated.size = 16384 (custom)
2019-10-10 21:36:27,425 [pool-257-thread-1] INFO  server.RaftServerConfigKeys (ConfUtils.java:logGet(43)) - raft.server.log.write.buffer.size = 33554432 (custom)
2019-10-10 21:36:27,425 [pool-257-thread-1] INFO  server.RaftServerConfigKeys (ConfUtils.java:logGet(43)) - raft.server.log.force.sync.num = 128 (default)
2019-10-10 21:36:27,427 [pool-257-thread-1] INFO  server.RaftServerConfigKeys (ConfUtils.java:logGet(43)) - raft.server.log.statemachine.data.sync = true (default)
2019-10-10 21:36:27,427 [pool-257-thread-1] INFO  server.RaftServerConfigKeys (ConfUtils.java:logGet(43)) - raft.server.log.statemachine.data.sync.timeout = 10s (default)
2019-10-10 21:36:27,427 [pool-257-thread-1] INFO  server.RaftServerConfigKeys (ConfUtils.java:logGet(43)) - raft.server.log.statemachine.data.sync.timeout.retry = -1 (default)
2019-10-10 21:36:27,432 [pool-257-thread-1] INFO  server.RaftServerConfigKeys (ConfUtils.java:logGet(43)) - raft.server.log.statemachine.data.caching.enabled = true (custom)
2019-10-10 21:36:27,432 [pool-257-thread-1] INFO  segmented.SegmentedRaftLogWorker (SegmentedRaftLogWorker.java:lambda$new$0(128)) - e470dbc6-b7c3-4cc5-bcba-9849bb7698b4@group-18D7FCCA4C8F-SegmentedRaftLogWorker: flushIndex: setUnconditionally 0 -> -1
2019-10-10 21:36:27,432 [pool-257-thread-1] INFO  server.RaftServerConfigKeys (ConfUtils.java:logGet(43)) - raft.server.snapshot.auto.trigger.enabled = true (custom)
2019-10-10 21:36:27,432 [pool-257-thread-1] INFO  server.RaftServerConfigKeys (ConfUtils.java:logGet(43)) - raft.server.snapshot.auto.trigger.threshold = 10000 (custom)
2019-10-10 21:36:27,432 [pool-257-thread-1] INFO  server.RaftServerConfigKeys (ConfUtils.java:logGet(43)) - raft.server.snapshot.retention.file.num = 5 (custom)
2019-10-10 21:36:27,433 [pool-257-thread-1] INFO  server.RaftServerConfigKeys (ConfUtils.java:logGet(43)) - raft.server.retrycache.expirytime = 600000ms (custom)
2019-10-10 21:36:27,433 [main] INFO  rpc.RpcClient (RpcClient.java:createVolume(272)) - Creating Volume: watchforcommithandlingtest, with jenkins1000 as owner.
2019-10-10 21:36:27,435 [pool-257-thread-1] INFO  impl.RaftServerImpl (RaftServerImpl.java:start(181)) - e470dbc6-b7c3-4cc5-bcba-9849bb7698b4@group-18D7FCCA4C8F: start as a follower, conf=-1: [e470dbc6-b7c3-4cc5-bcba-9849bb7698b4:192.168.164.253:35241], old=null
2019-10-10 21:36:27,435 [pool-257-thread-1] INFO  impl.RaftServerImpl (RaftServerImpl.java:setRole(170)) - e470dbc6-b7c3-4cc5-bcba-9849bb7698b4@group-18D7FCCA4C8F: changes role from      null to FOLLOWER at term 0 for startAsFollower
2019-10-10 21:36:27,435 [pool-257-thread-1] INFO  impl.RoleInfo (RoleInfo.java:updateAndGet(143)) - e470dbc6-b7c3-4cc5-bcba-9849bb7698b4: start FollowerState
2019-10-10 21:36:27,435 [pool-257-thread-1] INFO  util.JmxRegister (JmxRegister.java:tryRegister(44)) - Successfully registered JMX Bean with object name Ratis:service=RaftServer,group=group-18D7FCCA4C8F,id=e470dbc6-b7c3-4cc5-bcba-9849bb7698b4
2019-10-10 21:36:27,441 [IPC Server handler 2 on 39486] INFO  volume.OMVolumeCreateRequest (OMVolumeCreateRequest.java:validateAndUpdateCache(193)) - created volume:watchforcommithandlingtest for user:jenkins1000
2019-10-10 21:36:27,444 [RatisPipelineUtilsThread] INFO  pipeline.PipelineStateManager (PipelineStateManager.java:addPipeline(56)) - Created pipeline Pipeline[ Id: 1d49b462-c72d-4d4d-aee7-18d7fcca4c8f, Nodes: e470dbc6-b7c3-4cc5-bcba-9849bb7698b4{ip: 192.168.164.253, host: pr-hdds-2281-k4msp-1747625461, networkLocation: /default-rack, certSerialId: null}, Type:RATIS, Factor:ONE, State:OPEN]
2019-10-10 21:36:27,458 [main] INFO  rpc.RpcClient (RpcClient.java:createBucket(411)) - Creating Bucket: watchforcommithandlingtest/watchforcommithandlingtest, with Versioning false and Storage Type set to DISK and Encryption set to false 
2019-10-10 21:36:27,462 [grpc-default-executor-8] INFO  impl.RaftServerProxy (RaftServerProxy.java:addNew(89)) - f9704062-a631-4b24-9a2e-8f5e86d811ac: addNew group-599E3C4809DC:[f9704062-a631-4b24-9a2e-8f5e86d811ac:192.168.164.253:45612] returns group-599E3C4809DC:java.util.concurrent.CompletableFuture@3a4375c1[Not completed]
2019-10-10 21:36:27,465 [pool-267-thread-1] INFO  impl.RaftServerImpl (RaftServerImpl.java:<init>(95)) - f9704062-a631-4b24-9a2e-8f5e86d811ac: new RaftServerImpl for group-599E3C4809DC:[f9704062-a631-4b24-9a2e-8f5e86d811ac:192.168.164.253:45612] with ContainerStateMachine:uninitialized
2019-10-10 21:36:27,465 [main] INFO  ozone.MiniOzoneClusterImpl (MiniOzoneClusterImpl.java:getStorageContainerLocationClient(234)) - Creating StorageContainerLocationProtocol RPC client with address /0.0.0.0:35583
2019-10-10 21:36:27,465 [pool-267-thread-1] INFO  server.RaftServerConfigKeys (ConfUtils.java:logGet(43)) - raft.server.rpc.timeout.min = 5s (custom)
2019-10-10 21:36:27,466 [pool-267-thread-1] INFO  server.RaftServerConfigKeys (ConfUtils.java:logGet(43)) - raft.server.rpc.timeout.max = 5200ms (custom)
2019-10-10 21:36:27,466 [pool-267-thread-1] INFO  server.RaftServerConfigKeys (ConfUtils.java:logGet(43)) - raft.server.rpcslowness.timeout = 120s (custom)
2019-10-10 21:36:27,466 [pool-267-thread-1] INFO  server.RaftServerConfigKeys (ConfUtils.java:logGet(43)) - raft.server.sleep.deviation.threshold = 300 (default)
2019-10-10 21:36:27,466 [pool-267-thread-1] INFO  server.RaftServerConfigKeys (ConfUtils.java:logGet(43)) - raft.server.log.appender.install.snapshot.enabled = false (custom)
2019-10-10 21:36:27,466 [pool-267-thread-1] INFO  impl.RaftServerImpl (ServerState.java:<init>(103)) - f9704062-a631-4b24-9a2e-8f5e86d811ac@group-599E3C4809DC: ConfigurationManager, init=-1: [f9704062-a631-4b24-9a2e-8f5e86d811ac:192.168.164.253:45612], old=null, confs=<EMPTY_MAP>
2019-10-10 21:36:27,466 [pool-267-thread-1] INFO  server.RaftServerConfigKeys (ConfUtils.java:logGet(43)) - raft.server.storage.dir = [/workdir/hadoop-ozone/integration-test/target/test-dir/MiniOzoneClusterImpl-f3f4975b-3282-43d8-8c1e-6f49492aa572/datanode-6/data/ratis] (custom)
2019-10-10 21:36:27,466 [pool-267-thread-1] INFO  server.RaftServerConfigKeys (ConfUtils.java:logGet(43)) - raft.server.log.corruption.policy = EXCEPTION (default)
2019-10-10 21:36:27,467 [pool-267-thread-1] INFO  storage.RaftStorageDirectory (RaftStorageDirectory.java:analyzeStorage(246)) - The storage directory /workdir/hadoop-ozone/integration-test/target/test-dir/MiniOzoneClusterImpl-f3f4975b-3282-43d8-8c1e-6f49492aa572/datanode-6/data/ratis/eaba2bd4-1d49-41c7-808a-599e3c4809dc does not exist. Creating ...
2019-10-10 21:36:27,490 [pool-267-thread-1] INFO  storage.RaftStorageDirectory (RaftStorageDirectory.java:tryLock(328)) - Lock on /workdir/hadoop-ozone/integration-test/target/test-dir/MiniOzoneClusterImpl-f3f4975b-3282-43d8-8c1e-6f49492aa572/datanode-6/data/ratis/eaba2bd4-1d49-41c7-808a-599e3c4809dc/in_use.lock acquired by nodename 17759@pr-hdds-2281-k4msp-1747625461
2019-10-10 21:36:27,514 [pool-267-thread-1] INFO  storage.RaftStorage (RaftStorage.java:format(84)) - Storage directory /workdir/hadoop-ozone/integration-test/target/test-dir/MiniOzoneClusterImpl-f3f4975b-3282-43d8-8c1e-6f49492aa572/datanode-6/data/ratis/eaba2bd4-1d49-41c7-808a-599e3c4809dc has been successfully formatted.
2019-10-10 21:36:27,514 [pool-267-thread-1] INFO  ratis.ContainerStateMachine (ContainerStateMachine.java:loadSnapshot(231)) - group-599E3C4809DC: The snapshot info is null. Setting the last applied indexto:(t:0, i:~)
2019-10-10 21:36:27,514 [pool-267-thread-1] INFO  server.RaftServerConfigKeys (ConfUtils.java:logGet(43)) - raft.server.notification.no-leader.timeout = 120s (custom)
2019-10-10 21:36:27,514 [pool-267-thread-1] INFO  server.RaftServerConfigKeys (ConfUtils.java:logGet(43)) - raft.server.log.use.memory = false (default)
2019-10-10 21:36:27,515 [pool-267-thread-1] INFO  server.RaftServerConfigKeys (ConfUtils.java:logGet(43)) - raft.server.log.purge.gap = 1000000 (custom)
2019-10-10 21:36:27,515 [pool-267-thread-1] INFO  server.RaftServerConfigKeys (ConfUtils.java:logGet(43)) - raft.server.log.appender.buffer.byte-limit = 33554432 (custom)
2019-10-10 21:36:27,515 [pool-267-thread-1] INFO  server.RaftServerConfigKeys (ConfUtils.java:logGet(43)) - raft.server.log.segment.size.max = 1048576 (custom)
2019-10-10 21:36:27,517 [pool-267-thread-1] INFO  server.RaftServerConfigKeys (ConfUtils.java:logGet(43)) - raft.server.log.segment.cache.num.max = 2 (custom)
2019-10-10 21:36:27,517 [pool-267-thread-1] INFO  segmented.SegmentedRaftLogWorker (SegmentedRaftLogWorker.java:<init>(173)) - new f9704062-a631-4b24-9a2e-8f5e86d811ac@group-599E3C4809DC-SegmentedRaftLogWorker for RaftStorage:Storage Directory /workdir/hadoop-ozone/integration-test/target/test-dir/MiniOzoneClusterImpl-f3f4975b-3282-43d8-8c1e-6f49492aa572/datanode-6/data/ratis/eaba2bd4-1d49-41c7-808a-599e3c4809dc
2019-10-10 21:36:27,517 [pool-267-thread-1] INFO  server.RaftServerConfigKeys (ConfUtils.java:logGet(43)) - raft.server.log.queue.byte-limit = 2147483647 (custom)
2019-10-10 21:36:27,517 [pool-267-thread-1] INFO  server.RaftServerConfigKeys (ConfUtils.java:logGet(43)) - raft.server.log.queue.element-limit = 1024 (custom)
2019-10-10 21:36:27,517 [pool-267-thread-1] INFO  server.RaftServerConfigKeys (ConfUtils.java:logGet(43)) - raft.server.log.segment.size.max = 1048576 (custom)
2019-10-10 21:36:27,517 [pool-267-thread-1] INFO  server.RaftServerConfigKeys (ConfUtils.java:logGet(43)) - raft.server.log.preallocated.size = 16384 (custom)
2019-10-10 21:36:27,518 [pool-267-thread-1] INFO  server.RaftServerConfigKeys (ConfUtils.java:logGet(43)) - raft.server.log.write.buffer.size = 33554432 (custom)
2019-10-10 21:36:27,518 [pool-267-thread-1] INFO  server.RaftServerConfigKeys (ConfUtils.java:logGet(43)) - raft.server.log.force.sync.num = 128 (default)
2019-10-10 21:36:27,518 [pool-267-thread-1] INFO  server.RaftServerConfigKeys (ConfUtils.java:logGet(43)) - raft.server.log.statemachine.data.sync = true (default)
2019-10-10 21:36:27,518 [pool-267-thread-1] INFO  server.RaftServerConfigKeys (ConfUtils.java:logGet(43)) - raft.server.log.statemachine.data.sync.timeout = 10s (default)
2019-10-10 21:36:27,518 [pool-267-thread-1] INFO  server.RaftServerConfigKeys (ConfUtils.java:logGet(43)) - raft.server.log.statemachine.data.sync.timeout.retry = -1 (default)
2019-10-10 21:36:27,519 [pool-267-thread-1] INFO  server.RaftServerConfigKeys (ConfUtils.java:logGet(43)) - raft.server.log.statemachine.data.caching.enabled = true (custom)
2019-10-10 21:36:27,519 [pool-267-thread-1] INFO  segmented.SegmentedRaftLogWorker (SegmentedRaftLogWorker.java:lambda$new$0(128)) - f9704062-a631-4b24-9a2e-8f5e86d811ac@group-599E3C4809DC-SegmentedRaftLogWorker: flushIndex: setUnconditionally 0 -> -1
2019-10-10 21:36:27,519 [pool-267-thread-1] INFO  server.RaftServerConfigKeys (ConfUtils.java:logGet(43)) - raft.server.snapshot.auto.trigger.enabled = true (custom)
2019-10-10 21:36:27,520 [pool-267-thread-1] INFO  server.RaftServerConfigKeys (ConfUtils.java:logGet(43)) - raft.server.snapshot.auto.trigger.threshold = 10000 (custom)
2019-10-10 21:36:27,520 [pool-267-thread-1] INFO  server.RaftServerConfigKeys (ConfUtils.java:logGet(43)) - raft.server.snapshot.retention.file.num = 5 (custom)
2019-10-10 21:36:27,520 [pool-267-thread-1] INFO  server.RaftServerConfigKeys (ConfUtils.java:logGet(43)) - raft.server.retrycache.expirytime = 600000ms (custom)
2019-10-10 21:36:27,522 [pool-267-thread-1] INFO  impl.RaftServerImpl (RaftServerImpl.java:start(181)) - f9704062-a631-4b24-9a2e-8f5e86d811ac@group-599E3C4809DC: start as a follower, conf=-1: [f9704062-a631-4b24-9a2e-8f5e86d811ac:192.168.164.253:45612], old=null
2019-10-10 21:36:27,522 [pool-267-thread-1] INFO  impl.RaftServerImpl (RaftServerImpl.java:setRole(170)) - f9704062-a631-4b24-9a2e-8f5e86d811ac@group-599E3C4809DC: changes role from      null to FOLLOWER at term 0 for startAsFollower
2019-10-10 21:36:27,522 [pool-267-thread-1] INFO  impl.RoleInfo (RoleInfo.java:updateAndGet(143)) - f9704062-a631-4b24-9a2e-8f5e86d811ac: start FollowerState
2019-10-10 21:36:27,523 [pool-267-thread-1] INFO  util.JmxRegister (JmxRegister.java:tryRegister(44)) - Successfully registered JMX Bean with object name Ratis:service=RaftServer,group=group-599E3C4809DC,id=f9704062-a631-4b24-9a2e-8f5e86d811ac
2019-10-10 21:36:27,531 [RatisPipelineUtilsThread] INFO  pipeline.PipelineStateManager (PipelineStateManager.java:addPipeline(56)) - Created pipeline Pipeline[ Id: eaba2bd4-1d49-41c7-808a-599e3c4809dc, Nodes: f9704062-a631-4b24-9a2e-8f5e86d811ac{ip: 192.168.164.253, host: pr-hdds-2281-k4msp-1747625461, networkLocation: /default-rack, certSerialId: null}, Type:RATIS, Factor:ONE, State:OPEN]
2019-10-10 21:36:27,551 [grpc-default-executor-1] INFO  impl.RaftServerProxy (RaftServerProxy.java:addNew(89)) - 4d6c447f-053a-4089-9221-5a9185208761: addNew group-E0DA6B936123:[36dc106a-b650-4673-a9ea-d6528ce93d44:192.168.164.253:41511, 4d6c447f-053a-4089-9221-5a9185208761:192.168.164.253:39487, e470dbc6-b7c3-4cc5-bcba-9849bb7698b4:192.168.164.253:35241] returns group-E0DA6B936123:java.util.concurrent.CompletableFuture@7e3be768[Not completed]
2019-10-10 21:36:27,551 [grpc-default-executor-9] INFO  impl.RaftServerProxy (RaftServerProxy.java:addNew(89)) - 36dc106a-b650-4673-a9ea-d6528ce93d44: addNew group-E0DA6B936123:[36dc106a-b650-4673-a9ea-d6528ce93d44:192.168.164.253:41511, 4d6c447f-053a-4089-9221-5a9185208761:192.168.164.253:39487, e470dbc6-b7c3-4cc5-bcba-9849bb7698b4:192.168.164.253:35241] returns group-E0DA6B936123:java.util.concurrent.CompletableFuture@1bdba3e5[Not completed]
2019-10-10 21:36:27,551 [grpc-default-executor-8] INFO  impl.RaftServerProxy (RaftServerProxy.java:addNew(89)) - e470dbc6-b7c3-4cc5-bcba-9849bb7698b4: addNew group-E0DA6B936123:[36dc106a-b650-4673-a9ea-d6528ce93d44:192.168.164.253:41511, 4d6c447f-053a-4089-9221-5a9185208761:192.168.164.253:39487, e470dbc6-b7c3-4cc5-bcba-9849bb7698b4:192.168.164.253:35241] returns group-E0DA6B936123:java.util.concurrent.CompletableFuture@6d5bcbd[Not completed]
2019-10-10 21:36:27,553 [pool-207-thread-1] INFO  impl.RaftServerImpl (RaftServerImpl.java:<init>(95)) - 36dc106a-b650-4673-a9ea-d6528ce93d44: new RaftServerImpl for group-E0DA6B936123:[36dc106a-b650-4673-a9ea-d6528ce93d44:192.168.164.253:41511, 4d6c447f-053a-4089-9221-5a9185208761:192.168.164.253:39487, e470dbc6-b7c3-4cc5-bcba-9849bb7698b4:192.168.164.253:35241] with ContainerStateMachine:uninitialized
2019-10-10 21:36:27,553 [pool-207-thread-1] INFO  server.RaftServerConfigKeys (ConfUtils.java:logGet(43)) - raft.server.rpc.timeout.min = 5s (custom)
2019-10-10 21:36:27,553 [pool-207-thread-1] INFO  server.RaftServerConfigKeys (ConfUtils.java:logGet(43)) - raft.server.rpc.timeout.max = 5200ms (custom)
2019-10-10 21:36:27,553 [pool-207-thread-1] INFO  server.RaftServerConfigKeys (ConfUtils.java:logGet(43)) - raft.server.rpcslowness.timeout = 120s (custom)
2019-10-10 21:36:27,553 [pool-207-thread-1] INFO  server.RaftServerConfigKeys (ConfUtils.java:logGet(43)) - raft.server.sleep.deviation.threshold = 300 (default)
2019-10-10 21:36:27,553 [pool-207-thread-1] INFO  server.RaftServerConfigKeys (ConfUtils.java:logGet(43)) - raft.server.log.appender.install.snapshot.enabled = false (custom)
2019-10-10 21:36:27,554 [pool-207-thread-1] INFO  impl.RaftServerImpl (ServerState.java:<init>(103)) - 36dc106a-b650-4673-a9ea-d6528ce93d44@group-E0DA6B936123: ConfigurationManager, init=-1: [36dc106a-b650-4673-a9ea-d6528ce93d44:192.168.164.253:41511, 4d6c447f-053a-4089-9221-5a9185208761:192.168.164.253:39487, e470dbc6-b7c3-4cc5-bcba-9849bb7698b4:192.168.164.253:35241], old=null, confs=<EMPTY_MAP>
2019-10-10 21:36:27,554 [pool-207-thread-1] INFO  server.RaftServerConfigKeys (ConfUtils.java:logGet(43)) - raft.server.storage.dir = [/workdir/hadoop-ozone/integration-test/target/test-dir/MiniOzoneClusterImpl-f3f4975b-3282-43d8-8c1e-6f49492aa572/datanode-0/data/ratis] (custom)
2019-10-10 21:36:27,554 [pool-207-thread-1] INFO  server.RaftServerConfigKeys (ConfUtils.java:logGet(43)) - raft.server.log.corruption.policy = EXCEPTION (default)
2019-10-10 21:36:27,554 [pool-247-thread-1] INFO  impl.RaftServerImpl (RaftServerImpl.java:<init>(95)) - 4d6c447f-053a-4089-9221-5a9185208761: new RaftServerImpl for group-E0DA6B936123:[36dc106a-b650-4673-a9ea-d6528ce93d44:192.168.164.253:41511, 4d6c447f-053a-4089-9221-5a9185208761:192.168.164.253:39487, e470dbc6-b7c3-4cc5-bcba-9849bb7698b4:192.168.164.253:35241] with ContainerStateMachine:uninitialized
2019-10-10 21:36:27,554 [pool-207-thread-1] INFO  storage.RaftStorageDirectory (RaftStorageDirectory.java:analyzeStorage(246)) - The storage directory /workdir/hadoop-ozone/integration-test/target/test-dir/MiniOzoneClusterImpl-f3f4975b-3282-43d8-8c1e-6f49492aa572/datanode-0/data/ratis/c98dc3eb-1fe6-4a18-9d74-e0da6b936123 does not exist. Creating ...
2019-10-10 21:36:27,555 [pool-247-thread-1] INFO  server.RaftServerConfigKeys (ConfUtils.java:logGet(43)) - raft.server.rpc.timeout.min = 5s (custom)
2019-10-10 21:36:27,555 [pool-247-thread-1] INFO  server.RaftServerConfigKeys (ConfUtils.java:logGet(43)) - raft.server.rpc.timeout.max = 5200ms (custom)
2019-10-10 21:36:27,555 [pool-247-thread-1] INFO  server.RaftServerConfigKeys (ConfUtils.java:logGet(43)) - raft.server.rpcslowness.timeout = 120s (custom)
2019-10-10 21:36:27,556 [pool-247-thread-1] INFO  server.RaftServerConfigKeys (ConfUtils.java:logGet(43)) - raft.server.sleep.deviation.threshold = 300 (default)
2019-10-10 21:36:27,556 [pool-257-thread-1] INFO  impl.RaftServerImpl (RaftServerImpl.java:<init>(95)) - e470dbc6-b7c3-4cc5-bcba-9849bb7698b4: new RaftServerImpl for group-E0DA6B936123:[36dc106a-b650-4673-a9ea-d6528ce93d44:192.168.164.253:41511, 4d6c447f-053a-4089-9221-5a9185208761:192.168.164.253:39487, e470dbc6-b7c3-4cc5-bcba-9849bb7698b4:192.168.164.253:35241] with ContainerStateMachine:uninitialized
2019-10-10 21:36:27,556 [pool-247-thread-1] INFO  server.RaftServerConfigKeys (ConfUtils.java:logGet(43)) - raft.server.log.appender.install.snapshot.enabled = false (custom)
2019-10-10 21:36:27,556 [pool-257-thread-1] INFO  server.RaftServerConfigKeys (ConfUtils.java:logGet(43)) - raft.server.rpc.timeout.min = 5s (custom)
2019-10-10 21:36:27,556 [pool-247-thread-1] INFO  impl.RaftServerImpl (ServerState.java:<init>(103)) - 4d6c447f-053a-4089-9221-5a9185208761@group-E0DA6B936123: ConfigurationManager, init=-1: [36dc106a-b650-4673-a9ea-d6528ce93d44:192.168.164.253:41511, 4d6c447f-053a-4089-9221-5a9185208761:192.168.164.253:39487, e470dbc6-b7c3-4cc5-bcba-9849bb7698b4:192.168.164.253:35241], old=null, confs=<EMPTY_MAP>
2019-10-10 21:36:27,556 [pool-257-thread-1] INFO  server.RaftServerConfigKeys (ConfUtils.java:logGet(43)) - raft.server.rpc.timeout.max = 5200ms (custom)
2019-10-10 21:36:27,557 [pool-247-thread-1] INFO  server.RaftServerConfigKeys (ConfUtils.java:logGet(43)) - raft.server.storage.dir = [/workdir/hadoop-ozone/integration-test/target/test-dir/MiniOzoneClusterImpl-f3f4975b-3282-43d8-8c1e-6f49492aa572/datanode-4/data/ratis] (custom)
2019-10-10 21:36:27,557 [pool-257-thread-1] INFO  server.RaftServerConfigKeys (ConfUtils.java:logGet(43)) - raft.server.rpcslowness.timeout = 120s (custom)
2019-10-10 21:36:27,557 [pool-257-thread-1] INFO  server.RaftServerConfigKeys (ConfUtils.java:logGet(43)) - raft.server.sleep.deviation.threshold = 300 (default)
2019-10-10 21:36:27,557 [pool-247-thread-1] INFO  server.RaftServerConfigKeys (ConfUtils.java:logGet(43)) - raft.server.log.corruption.policy = EXCEPTION (default)
2019-10-10 21:36:27,557 [pool-257-thread-1] INFO  server.RaftServerConfigKeys (ConfUtils.java:logGet(43)) - raft.server.log.appender.install.snapshot.enabled = false (custom)
2019-10-10 21:36:27,558 [pool-247-thread-1] INFO  storage.RaftStorageDirectory (RaftStorageDirectory.java:analyzeStorage(246)) - The storage directory /workdir/hadoop-ozone/integration-test/target/test-dir/MiniOzoneClusterImpl-f3f4975b-3282-43d8-8c1e-6f49492aa572/datanode-4/data/ratis/c98dc3eb-1fe6-4a18-9d74-e0da6b936123 does not exist. Creating ...
2019-10-10 21:36:27,558 [pool-257-thread-1] INFO  impl.RaftServerImpl (ServerState.java:<init>(103)) - e470dbc6-b7c3-4cc5-bcba-9849bb7698b4@group-E0DA6B936123: ConfigurationManager, init=-1: [36dc106a-b650-4673-a9ea-d6528ce93d44:192.168.164.253:41511, 4d6c447f-053a-4089-9221-5a9185208761:192.168.164.253:39487, e470dbc6-b7c3-4cc5-bcba-9849bb7698b4:192.168.164.253:35241], old=null, confs=<EMPTY_MAP>
2019-10-10 21:36:27,558 [pool-257-thread-1] INFO  server.RaftServerConfigKeys (ConfUtils.java:logGet(43)) - raft.server.storage.dir = [/workdir/hadoop-ozone/integration-test/target/test-dir/MiniOzoneClusterImpl-f3f4975b-3282-43d8-8c1e-6f49492aa572/datanode-5/data/ratis] (custom)
2019-10-10 21:36:27,558 [pool-257-thread-1] INFO  server.RaftServerConfigKeys (ConfUtils.java:logGet(43)) - raft.server.log.corruption.policy = EXCEPTION (default)
2019-10-10 21:36:27,559 [pool-257-thread-1] INFO  storage.RaftStorageDirectory (RaftStorageDirectory.java:analyzeStorage(246)) - The storage directory /workdir/hadoop-ozone/integration-test/target/test-dir/MiniOzoneClusterImpl-f3f4975b-3282-43d8-8c1e-6f49492aa572/datanode-5/data/ratis/c98dc3eb-1fe6-4a18-9d74-e0da6b936123 does not exist. Creating ...
2019-10-10 21:36:27,572 [pool-247-thread-1] INFO  storage.RaftStorageDirectory (RaftStorageDirectory.java:tryLock(328)) - Lock on /workdir/hadoop-ozone/integration-test/target/test-dir/MiniOzoneClusterImpl-f3f4975b-3282-43d8-8c1e-6f49492aa572/datanode-4/data/ratis/c98dc3eb-1fe6-4a18-9d74-e0da6b936123/in_use.lock acquired by nodename 17759@pr-hdds-2281-k4msp-1747625461
2019-10-10 21:36:27,572 [pool-257-thread-1] INFO  storage.RaftStorageDirectory (RaftStorageDirectory.java:tryLock(328)) - Lock on /workdir/hadoop-ozone/integration-test/target/test-dir/MiniOzoneClusterImpl-f3f4975b-3282-43d8-8c1e-6f49492aa572/datanode-5/data/ratis/c98dc3eb-1fe6-4a18-9d74-e0da6b936123/in_use.lock acquired by nodename 17759@pr-hdds-2281-k4msp-1747625461
2019-10-10 21:36:27,572 [pool-207-thread-1] INFO  storage.RaftStorageDirectory (RaftStorageDirectory.java:tryLock(328)) - Lock on /workdir/hadoop-ozone/integration-test/target/test-dir/MiniOzoneClusterImpl-f3f4975b-3282-43d8-8c1e-6f49492aa572/datanode-0/data/ratis/c98dc3eb-1fe6-4a18-9d74-e0da6b936123/in_use.lock acquired by nodename 17759@pr-hdds-2281-k4msp-1747625461
2019-10-10 21:36:27,594 [pool-247-thread-1] INFO  storage.RaftStorage (RaftStorage.java:format(84)) - Storage directory /workdir/hadoop-ozone/integration-test/target/test-dir/MiniOzoneClusterImpl-f3f4975b-3282-43d8-8c1e-6f49492aa572/datanode-4/data/ratis/c98dc3eb-1fe6-4a18-9d74-e0da6b936123 has been successfully formatted.
2019-10-10 21:36:27,594 [pool-257-thread-1] INFO  storage.RaftStorage (RaftStorage.java:format(84)) - Storage directory /workdir/hadoop-ozone/integration-test/target/test-dir/MiniOzoneClusterImpl-f3f4975b-3282-43d8-8c1e-6f49492aa572/datanode-5/data/ratis/c98dc3eb-1fe6-4a18-9d74-e0da6b936123 has been successfully formatted.
2019-10-10 21:36:27,595 [pool-247-thread-1] INFO  ratis.ContainerStateMachine (ContainerStateMachine.java:loadSnapshot(231)) - group-E0DA6B936123: The snapshot info is null. Setting the last applied indexto:(t:0, i:~)
2019-10-10 21:36:27,594 [pool-207-thread-1] INFO  storage.RaftStorage (RaftStorage.java:format(84)) - Storage directory /workdir/hadoop-ozone/integration-test/target/test-dir/MiniOzoneClusterImpl-f3f4975b-3282-43d8-8c1e-6f49492aa572/datanode-0/data/ratis/c98dc3eb-1fe6-4a18-9d74-e0da6b936123 has been successfully formatted.
2019-10-10 21:36:27,595 [pool-257-thread-1] INFO  ratis.ContainerStateMachine (ContainerStateMachine.java:loadSnapshot(231)) - group-E0DA6B936123: The snapshot info is null. Setting the last applied indexto:(t:0, i:~)
2019-10-10 21:36:27,595 [pool-247-thread-1] INFO  server.RaftServerConfigKeys (ConfUtils.java:logGet(43)) - raft.server.notification.no-leader.timeout = 120s (custom)
2019-10-10 21:36:27,595 [pool-257-thread-1] INFO  server.RaftServerConfigKeys (ConfUtils.java:logGet(43)) - raft.server.notification.no-leader.timeout = 120s (custom)
2019-10-10 21:36:27,595 [pool-207-thread-1] INFO  ratis.ContainerStateMachine (ContainerStateMachine.java:loadSnapshot(231)) - group-E0DA6B936123: The snapshot info is null. Setting the last applied indexto:(t:0, i:~)
2019-10-10 21:36:27,596 [pool-257-thread-1] INFO  server.RaftServerConfigKeys (ConfUtils.java:logGet(43)) - raft.server.log.use.memory = false (default)
2019-10-10 21:36:27,595 [pool-247-thread-1] INFO  server.RaftServerConfigKeys (ConfUtils.java:logGet(43)) - raft.server.log.use.memory = false (default)
2019-10-10 21:36:27,596 [pool-257-thread-1] INFO  server.RaftServerConfigKeys (ConfUtils.java:logGet(43)) - raft.server.log.purge.gap = 1000000 (custom)
2019-10-10 21:36:27,596 [pool-207-thread-1] INFO  server.RaftServerConfigKeys (ConfUtils.java:logGet(43)) - raft.server.notification.no-leader.timeout = 120s (custom)
2019-10-10 21:36:27,596 [pool-257-thread-1] INFO  server.RaftServerConfigKeys (ConfUtils.java:logGet(43)) - raft.server.log.appender.buffer.byte-limit = 33554432 (custom)
2019-10-10 21:36:27,596 [pool-247-thread-1] INFO  server.RaftServerConfigKeys (ConfUtils.java:logGet(43)) - raft.server.log.purge.gap = 1000000 (custom)
2019-10-10 21:36:27,597 [pool-257-thread-1] INFO  server.RaftServerConfigKeys (ConfUtils.java:logGet(43)) - raft.server.log.segment.size.max = 1048576 (custom)
2019-10-10 21:36:27,597 [pool-207-thread-1] INFO  server.RaftServerConfigKeys (ConfUtils.java:logGet(43)) - raft.server.log.use.memory = false (default)
2019-10-10 21:36:27,597 [pool-257-thread-1] INFO  server.RaftServerConfigKeys (ConfUtils.java:logGet(43)) - raft.server.log.segment.cache.num.max = 2 (custom)
2019-10-10 21:36:27,597 [pool-247-thread-1] INFO  server.RaftServerConfigKeys (ConfUtils.java:logGet(43)) - raft.server.log.appender.buffer.byte-limit = 33554432 (custom)
2019-10-10 21:36:27,598 [pool-257-thread-1] INFO  segmented.SegmentedRaftLogWorker (SegmentedRaftLogWorker.java:<init>(173)) - new e470dbc6-b7c3-4cc5-bcba-9849bb7698b4@group-E0DA6B936123-SegmentedRaftLogWorker for RaftStorage:Storage Directory /workdir/hadoop-ozone/integration-test/target/test-dir/MiniOzoneClusterImpl-f3f4975b-3282-43d8-8c1e-6f49492aa572/datanode-5/data/ratis/c98dc3eb-1fe6-4a18-9d74-e0da6b936123
2019-10-10 21:36:27,597 [pool-207-thread-1] INFO  server.RaftServerConfigKeys (ConfUtils.java:logGet(43)) - raft.server.log.purge.gap = 1000000 (custom)
2019-10-10 21:36:27,598 [pool-257-thread-1] INFO  server.RaftServerConfigKeys (ConfUtils.java:logGet(43)) - raft.server.log.queue.byte-limit = 2147483647 (custom)
2019-10-10 21:36:27,598 [pool-247-thread-1] INFO  server.RaftServerConfigKeys (ConfUtils.java:logGet(43)) - raft.server.log.segment.size.max = 1048576 (custom)
2019-10-10 21:36:27,598 [pool-257-thread-1] INFO  server.RaftServerConfigKeys (ConfUtils.java:logGet(43)) - raft.server.log.queue.element-limit = 1024 (custom)
2019-10-10 21:36:27,598 [pool-207-thread-1] INFO  server.RaftServerConfigKeys (ConfUtils.java:logGet(43)) - raft.server.log.appender.buffer.byte-limit = 33554432 (custom)
2019-10-10 21:36:27,599 [pool-257-thread-1] INFO  server.RaftServerConfigKeys (ConfUtils.java:logGet(43)) - raft.server.log.segment.size.max = 1048576 (custom)
2019-10-10 21:36:27,598 [pool-247-thread-1] INFO  server.RaftServerConfigKeys (ConfUtils.java:logGet(43)) - raft.server.log.segment.cache.num.max = 2 (custom)
2019-10-10 21:36:27,599 [pool-257-thread-1] INFO  server.RaftServerConfigKeys (ConfUtils.java:logGet(43)) - raft.server.log.preallocated.size = 16384 (custom)
2019-10-10 21:36:27,599 [pool-207-thread-1] INFO  server.RaftServerConfigKeys (ConfUtils.java:logGet(43)) - raft.server.log.segment.size.max = 1048576 (custom)
2019-10-10 21:36:27,599 [pool-257-thread-1] INFO  server.RaftServerConfigKeys (ConfUtils.java:logGet(43)) - raft.server.log.write.buffer.size = 33554432 (custom)
2019-10-10 21:36:27,600 [pool-257-thread-1] INFO  server.RaftServerConfigKeys (ConfUtils.java:logGet(43)) - raft.server.log.force.sync.num = 128 (default)
2019-10-10 21:36:27,599 [pool-247-thread-1] INFO  segmented.SegmentedRaftLogWorker (SegmentedRaftLogWorker.java:<init>(173)) - new 4d6c447f-053a-4089-9221-5a9185208761@group-E0DA6B936123-SegmentedRaftLogWorker for RaftStorage:Storage Directory /workdir/hadoop-ozone/integration-test/target/test-dir/MiniOzoneClusterImpl-f3f4975b-3282-43d8-8c1e-6f49492aa572/datanode-4/data/ratis/c98dc3eb-1fe6-4a18-9d74-e0da6b936123
2019-10-10 21:36:27,600 [pool-257-thread-1] INFO  server.RaftServerConfigKeys (ConfUtils.java:logGet(43)) - raft.server.log.statemachine.data.sync = true (default)
2019-10-10 21:36:27,600 [pool-207-thread-1] INFO  server.RaftServerConfigKeys (ConfUtils.java:logGet(43)) - raft.server.log.segment.cache.num.max = 2 (custom)
2019-10-10 21:36:27,600 [pool-257-thread-1] INFO  server.RaftServerConfigKeys (ConfUtils.java:logGet(43)) - raft.server.log.statemachine.data.sync.timeout = 10s (default)
2019-10-10 21:36:27,600 [pool-247-thread-1] INFO  server.RaftServerConfigKeys (ConfUtils.java:logGet(43)) - raft.server.log.queue.byte-limit = 2147483647 (custom)
2019-10-10 21:36:27,601 [pool-257-thread-1] INFO  server.RaftServerConfigKeys (ConfUtils.java:logGet(43)) - raft.server.log.statemachine.data.sync.timeout.retry = -1 (default)
2019-10-10 21:36:27,601 [pool-207-thread-1] INFO  segmented.SegmentedRaftLogWorker (SegmentedRaftLogWorker.java:<init>(173)) - new 36dc106a-b650-4673-a9ea-d6528ce93d44@group-E0DA6B936123-SegmentedRaftLogWorker for RaftStorage:Storage Directory /workdir/hadoop-ozone/integration-test/target/test-dir/MiniOzoneClusterImpl-f3f4975b-3282-43d8-8c1e-6f49492aa572/datanode-0/data/ratis/c98dc3eb-1fe6-4a18-9d74-e0da6b936123
2019-10-10 21:36:27,601 [pool-257-thread-1] INFO  server.RaftServerConfigKeys (ConfUtils.java:logGet(43)) - raft.server.log.statemachine.data.caching.enabled = true (custom)
2019-10-10 21:36:27,601 [pool-247-thread-1] INFO  server.RaftServerConfigKeys (ConfUtils.java:logGet(43)) - raft.server.log.queue.element-limit = 1024 (custom)
2019-10-10 21:36:27,601 [pool-207-thread-1] INFO  server.RaftServerConfigKeys (ConfUtils.java:logGet(43)) - raft.server.log.queue.byte-limit = 2147483647 (custom)
2019-10-10 21:36:27,602 [pool-257-thread-1] INFO  segmented.SegmentedRaftLogWorker (SegmentedRaftLogWorker.java:lambda$new$0(128)) - e470dbc6-b7c3-4cc5-bcba-9849bb7698b4@group-E0DA6B936123-SegmentedRaftLogWorker: flushIndex: setUnconditionally 0 -> -1
2019-10-10 21:36:27,602 [pool-247-thread-1] INFO  server.RaftServerConfigKeys (ConfUtils.java:logGet(43)) - raft.server.log.segment.size.max = 1048576 (custom)
2019-10-10 21:36:27,602 [pool-207-thread-1] INFO  server.RaftServerConfigKeys (ConfUtils.java:logGet(43)) - raft.server.log.queue.element-limit = 1024 (custom)
2019-10-10 21:36:27,602 [pool-257-thread-1] INFO  server.RaftServerConfigKeys (ConfUtils.java:logGet(43)) - raft.server.snapshot.auto.trigger.enabled = true (custom)
2019-10-10 21:36:27,602 [pool-247-thread-1] INFO  server.RaftServerConfigKeys (ConfUtils.java:logGet(43)) - raft.server.log.preallocated.size = 16384 (custom)
2019-10-10 21:36:27,603 [pool-257-thread-1] INFO  server.RaftServerConfigKeys (ConfUtils.java:logGet(43)) - raft.server.snapshot.auto.trigger.threshold = 10000 (custom)
2019-10-10 21:36:27,602 [pool-207-thread-1] INFO  server.RaftServerConfigKeys (ConfUtils.java:logGet(43)) - raft.server.log.segment.size.max = 1048576 (custom)
2019-10-10 21:36:27,603 [pool-257-thread-1] INFO  server.RaftServerConfigKeys (ConfUtils.java:logGet(43)) - raft.server.snapshot.retention.file.num = 5 (custom)
2019-10-10 21:36:27,603 [pool-247-thread-1] INFO  server.RaftServerConfigKeys (ConfUtils.java:logGet(43)) - raft.server.log.write.buffer.size = 33554432 (custom)
2019-10-10 21:36:27,603 [pool-257-thread-1] INFO  server.RaftServerConfigKeys (ConfUtils.java:logGet(43)) - raft.server.retrycache.expirytime = 600000ms (custom)
2019-10-10 21:36:27,603 [pool-207-thread-1] INFO  server.RaftServerConfigKeys (ConfUtils.java:logGet(43)) - raft.server.log.preallocated.size = 16384 (custom)
2019-10-10 21:36:27,604 [pool-247-thread-1] INFO  server.RaftServerConfigKeys (ConfUtils.java:logGet(43)) - raft.server.log.force.sync.num = 128 (default)
2019-10-10 21:36:27,604 [pool-207-thread-1] INFO  server.RaftServerConfigKeys (ConfUtils.java:logGet(43)) - raft.server.log.write.buffer.size = 33554432 (custom)
2019-10-10 21:36:27,604 [pool-247-thread-1] INFO  server.RaftServerConfigKeys (ConfUtils.java:logGet(43)) - raft.server.log.statemachine.data.sync = true (default)
2019-10-10 21:36:27,604 [pool-207-thread-1] INFO  server.RaftServerConfigKeys (ConfUtils.java:logGet(43)) - raft.server.log.force.sync.num = 128 (default)
2019-10-10 21:36:27,605 [pool-247-thread-1] INFO  server.RaftServerConfigKeys (ConfUtils.java:logGet(43)) - raft.server.log.statemachine.data.sync.timeout = 10s (default)
2019-10-10 21:36:27,605 [pool-207-thread-1] INFO  server.RaftServerConfigKeys (ConfUtils.java:logGet(43)) - raft.server.log.statemachine.data.sync = true (default)
2019-10-10 21:36:27,605 [pool-247-thread-1] INFO  server.RaftServerConfigKeys (ConfUtils.java:logGet(43)) - raft.server.log.statemachine.data.sync.timeout.retry = -1 (default)
2019-10-10 21:36:27,605 [pool-207-thread-1] INFO  server.RaftServerConfigKeys (ConfUtils.java:logGet(43)) - raft.server.log.statemachine.data.sync.timeout = 10s (default)
2019-10-10 21:36:27,605 [pool-247-thread-1] INFO  server.RaftServerConfigKeys (ConfUtils.java:logGet(43)) - raft.server.log.statemachine.data.caching.enabled = true (custom)
2019-10-10 21:36:27,605 [pool-207-thread-1] INFO  server.RaftServerConfigKeys (ConfUtils.java:logGet(43)) - raft.server.log.statemachine.data.sync.timeout.retry = -1 (default)
2019-10-10 21:36:27,606 [pool-247-thread-1] INFO  segmented.SegmentedRaftLogWorker (SegmentedRaftLogWorker.java:lambda$new$0(128)) - 4d6c447f-053a-4089-9221-5a9185208761@group-E0DA6B936123-SegmentedRaftLogWorker: flushIndex: setUnconditionally 0 -> -1
2019-10-10 21:36:27,606 [pool-207-thread-1] INFO  server.RaftServerConfigKeys (ConfUtils.java:logGet(43)) - raft.server.log.statemachine.data.caching.enabled = true (custom)
2019-10-10 21:36:27,606 [pool-247-thread-1] INFO  server.RaftServerConfigKeys (ConfUtils.java:logGet(43)) - raft.server.snapshot.auto.trigger.enabled = true (custom)
2019-10-10 21:36:27,606 [pool-247-thread-1] INFO  server.RaftServerConfigKeys (ConfUtils.java:logGet(43)) - raft.server.snapshot.auto.trigger.threshold = 10000 (custom)
2019-10-10 21:36:27,606 [pool-207-thread-1] INFO  segmented.SegmentedRaftLogWorker (SegmentedRaftLogWorker.java:lambda$new$0(128)) - 36dc106a-b650-4673-a9ea-d6528ce93d44@group-E0DA6B936123-SegmentedRaftLogWorker: flushIndex: setUnconditionally 0 -> -1
2019-10-10 21:36:27,606 [pool-247-thread-1] INFO  server.RaftServerConfigKeys (ConfUtils.java:logGet(43)) - raft.server.snapshot.retention.file.num = 5 (custom)
2019-10-10 21:36:27,607 [pool-247-thread-1] INFO  server.RaftServerConfigKeys (ConfUtils.java:logGet(43)) - raft.server.retrycache.expirytime = 600000ms (custom)
2019-10-10 21:36:27,607 [pool-207-thread-1] INFO  server.RaftServerConfigKeys (ConfUtils.java:logGet(43)) - raft.server.snapshot.auto.trigger.enabled = true (custom)
2019-10-10 21:36:27,607 [pool-257-thread-1] INFO  impl.RaftServerImpl (RaftServerImpl.java:start(181)) - e470dbc6-b7c3-4cc5-bcba-9849bb7698b4@group-E0DA6B936123: start as a follower, conf=-1: [36dc106a-b650-4673-a9ea-d6528ce93d44:192.168.164.253:41511, 4d6c447f-053a-4089-9221-5a9185208761:192.168.164.253:39487, e470dbc6-b7c3-4cc5-bcba-9849bb7698b4:192.168.164.253:35241], old=null
2019-10-10 21:36:27,607 [pool-207-thread-1] INFO  server.RaftServerConfigKeys (ConfUtils.java:logGet(43)) - raft.server.snapshot.auto.trigger.threshold = 10000 (custom)
2019-10-10 21:36:27,607 [pool-257-thread-1] INFO  impl.RaftServerImpl (RaftServerImpl.java:setRole(170)) - e470dbc6-b7c3-4cc5-bcba-9849bb7698b4@group-E0DA6B936123: changes role from      null to FOLLOWER at term 0 for startAsFollower
2019-10-10 21:36:27,608 [pool-207-thread-1] INFO  server.RaftServerConfigKeys (ConfUtils.java:logGet(43)) - raft.server.snapshot.retention.file.num = 5 (custom)
2019-10-10 21:36:27,608 [pool-257-thread-1] INFO  impl.RoleInfo (RoleInfo.java:updateAndGet(143)) - e470dbc6-b7c3-4cc5-bcba-9849bb7698b4: start FollowerState
2019-10-10 21:36:27,608 [pool-207-thread-1] INFO  server.RaftServerConfigKeys (ConfUtils.java:logGet(43)) - raft.server.retrycache.expirytime = 600000ms (custom)
2019-10-10 21:36:27,608 [pool-257-thread-1] INFO  util.JmxRegister (JmxRegister.java:tryRegister(44)) - Successfully registered JMX Bean with object name Ratis:service=RaftServer,group=group-E0DA6B936123,id=e470dbc6-b7c3-4cc5-bcba-9849bb7698b4
2019-10-10 21:36:27,610 [pool-247-thread-1] INFO  impl.RaftServerImpl (RaftServerImpl.java:start(181)) - 4d6c447f-053a-4089-9221-5a9185208761@group-E0DA6B936123: start as a follower, conf=-1: [36dc106a-b650-4673-a9ea-d6528ce93d44:192.168.164.253:41511, 4d6c447f-053a-4089-9221-5a9185208761:192.168.164.253:39487, e470dbc6-b7c3-4cc5-bcba-9849bb7698b4:192.168.164.253:35241], old=null
2019-10-10 21:36:27,610 [pool-247-thread-1] INFO  impl.RaftServerImpl (RaftServerImpl.java:setRole(170)) - 4d6c447f-053a-4089-9221-5a9185208761@group-E0DA6B936123: changes role from      null to FOLLOWER at term 0 for startAsFollower
2019-10-10 21:36:27,610 [pool-247-thread-1] INFO  impl.RoleInfo (RoleInfo.java:updateAndGet(143)) - 4d6c447f-053a-4089-9221-5a9185208761: start FollowerState
2019-10-10 21:36:27,611 [pool-247-thread-1] INFO  util.JmxRegister (JmxRegister.java:tryRegister(44)) - Successfully registered JMX Bean with object name Ratis:service=RaftServer,group=group-E0DA6B936123,id=4d6c447f-053a-4089-9221-5a9185208761
2019-10-10 21:36:27,611 [pool-207-thread-1] INFO  impl.RaftServerImpl (RaftServerImpl.java:start(181)) - 36dc106a-b650-4673-a9ea-d6528ce93d44@group-E0DA6B936123: start as a follower, conf=-1: [36dc106a-b650-4673-a9ea-d6528ce93d44:192.168.164.253:41511, 4d6c447f-053a-4089-9221-5a9185208761:192.168.164.253:39487, e470dbc6-b7c3-4cc5-bcba-9849bb7698b4:192.168.164.253:35241], old=null
2019-10-10 21:36:27,612 [pool-207-thread-1] INFO  impl.RaftServerImpl (RaftServerImpl.java:setRole(170)) - 36dc106a-b650-4673-a9ea-d6528ce93d44@group-E0DA6B936123: changes role from      null to FOLLOWER at term 0 for startAsFollower
2019-10-10 21:36:27,612 [pool-207-thread-1] INFO  impl.RoleInfo (RoleInfo.java:updateAndGet(143)) - 36dc106a-b650-4673-a9ea-d6528ce93d44: start FollowerState
2019-10-10 21:36:27,612 [pool-207-thread-1] INFO  util.JmxRegister (JmxRegister.java:tryRegister(44)) - Successfully registered JMX Bean with object name Ratis:service=RaftServer,group=group-E0DA6B936123,id=36dc106a-b650-4673-a9ea-d6528ce93d44
2019-10-10 21:36:27,626 [RatisPipelineUtilsThread] INFO  pipeline.PipelineStateManager (PipelineStateManager.java:addPipeline(56)) - Created pipeline Pipeline[ Id: c98dc3eb-1fe6-4a18-9d74-e0da6b936123, Nodes: 36dc106a-b650-4673-a9ea-d6528ce93d44{ip: 192.168.164.253, host: pr-hdds-2281-k4msp-1747625461, networkLocation: /default-rack, certSerialId: null}4d6c447f-053a-4089-9221-5a9185208761{ip: 192.168.164.253, host: pr-hdds-2281-k4msp-1747625461, networkLocation: /default-rack, certSerialId: null}e470dbc6-b7c3-4cc5-bcba-9849bb7698b4{ip: 192.168.164.253, host: pr-hdds-2281-k4msp-1747625461, networkLocation: /default-rack, certSerialId: null}, Type:RATIS, Factor:THREE, State:OPEN]
2019-10-10 21:36:27,650 [grpc-default-executor-1] INFO  impl.RaftServerProxy (RaftServerProxy.java:addNew(89)) - f9704062-a631-4b24-9a2e-8f5e86d811ac: addNew group-9048C6FB375C:[d78a6a3e-ecdb-4616-bb5f-66f0f6ec0a0c:192.168.164.253:42441, 5efba029-cd49-4dce-a6fc-d5e057562355:192.168.164.253:36642, f9704062-a631-4b24-9a2e-8f5e86d811ac:192.168.164.253:45612] returns group-9048C6FB375C:java.util.concurrent.CompletableFuture@55270f3c[Not completed]
2019-10-10 21:36:27,651 [grpc-default-executor-8] INFO  impl.RaftServerProxy (RaftServerProxy.java:addNew(89)) - d78a6a3e-ecdb-4616-bb5f-66f0f6ec0a0c: addNew group-9048C6FB375C:[d78a6a3e-ecdb-4616-bb5f-66f0f6ec0a0c:192.168.164.253:42441, 5efba029-cd49-4dce-a6fc-d5e057562355:192.168.164.253:36642, f9704062-a631-4b24-9a2e-8f5e86d811ac:192.168.164.253:45612] returns group-9048C6FB375C:java.util.concurrent.CompletableFuture@15b2583[Not completed]
2019-10-10 21:36:27,651 [grpc-default-executor-9] INFO  impl.RaftServerProxy (RaftServerProxy.java:addNew(89)) - 5efba029-cd49-4dce-a6fc-d5e057562355: addNew group-9048C6FB375C:[d78a6a3e-ecdb-4616-bb5f-66f0f6ec0a0c:192.168.164.253:42441, 5efba029-cd49-4dce-a6fc-d5e057562355:192.168.164.253:36642, f9704062-a631-4b24-9a2e-8f5e86d811ac:192.168.164.253:45612] returns group-9048C6FB375C:java.util.concurrent.CompletableFuture@4a94b240[Not completed]
2019-10-10 21:36:27,652 [pool-267-thread-1] INFO  impl.RaftServerImpl (RaftServerImpl.java:<init>(95)) - f9704062-a631-4b24-9a2e-8f5e86d811ac: new RaftServerImpl for group-9048C6FB375C:[d78a6a3e-ecdb-4616-bb5f-66f0f6ec0a0c:192.168.164.253:42441, 5efba029-cd49-4dce-a6fc-d5e057562355:192.168.164.253:36642, f9704062-a631-4b24-9a2e-8f5e86d811ac:192.168.164.253:45612] with ContainerStateMachine:uninitialized
2019-10-10 21:36:27,652 [pool-267-thread-1] INFO  server.RaftServerConfigKeys (ConfUtils.java:logGet(43)) - raft.server.rpc.timeout.min = 5s (custom)
2019-10-10 21:36:27,653 [pool-267-thread-1] INFO  server.RaftServerConfigKeys (ConfUtils.java:logGet(43)) - raft.server.rpc.timeout.max = 5200ms (custom)
2019-10-10 21:36:27,653 [pool-267-thread-1] INFO  server.RaftServerConfigKeys (ConfUtils.java:logGet(43)) - raft.server.rpcslowness.timeout = 120s (custom)
2019-10-10 21:36:27,653 [pool-267-thread-1] INFO  server.RaftServerConfigKeys (ConfUtils.java:logGet(43)) - raft.server.sleep.deviation.threshold = 300 (default)
2019-10-10 21:36:27,653 [pool-217-thread-1] INFO  impl.RaftServerImpl (RaftServerImpl.java:<init>(95)) - d78a6a3e-ecdb-4616-bb5f-66f0f6ec0a0c: new RaftServerImpl for group-9048C6FB375C:[d78a6a3e-ecdb-4616-bb5f-66f0f6ec0a0c:192.168.164.253:42441, 5efba029-cd49-4dce-a6fc-d5e057562355:192.168.164.253:36642, f9704062-a631-4b24-9a2e-8f5e86d811ac:192.168.164.253:45612] with ContainerStateMachine:uninitialized
2019-10-10 21:36:27,653 [pool-267-thread-1] INFO  server.RaftServerConfigKeys (ConfUtils.java:logGet(43)) - raft.server.log.appender.install.snapshot.enabled = false (custom)
2019-10-10 21:36:27,653 [pool-217-thread-1] INFO  server.RaftServerConfigKeys (ConfUtils.java:logGet(43)) - raft.server.rpc.timeout.min = 5s (custom)
2019-10-10 21:36:27,654 [pool-267-thread-1] INFO  impl.RaftServerImpl (ServerState.java:<init>(103)) - f9704062-a631-4b24-9a2e-8f5e86d811ac@group-9048C6FB375C: ConfigurationManager, init=-1: [d78a6a3e-ecdb-4616-bb5f-66f0f6ec0a0c:192.168.164.253:42441, 5efba029-cd49-4dce-a6fc-d5e057562355:192.168.164.253:36642, f9704062-a631-4b24-9a2e-8f5e86d811ac:192.168.164.253:45612], old=null, confs=<EMPTY_MAP>
2019-10-10 21:36:27,654 [pool-237-thread-1] INFO  impl.RaftServerImpl (RaftServerImpl.java:<init>(95)) - 5efba029-cd49-4dce-a6fc-d5e057562355: new RaftServerImpl for group-9048C6FB375C:[d78a6a3e-ecdb-4616-bb5f-66f0f6ec0a0c:192.168.164.253:42441, 5efba029-cd49-4dce-a6fc-d5e057562355:192.168.164.253:36642, f9704062-a631-4b24-9a2e-8f5e86d811ac:192.168.164.253:45612] with ContainerStateMachine:uninitialized
2019-10-10 21:36:27,654 [pool-267-thread-1] INFO  server.RaftServerConfigKeys (ConfUtils.java:logGet(43)) - raft.server.storage.dir = [/workdir/hadoop-ozone/integration-test/target/test-dir/MiniOzoneClusterImpl-f3f4975b-3282-43d8-8c1e-6f49492aa572/datanode-6/data/ratis] (custom)
2019-10-10 21:36:27,654 [pool-217-thread-1] INFO  server.RaftServerConfigKeys (ConfUtils.java:logGet(43)) - raft.server.rpc.timeout.max = 5200ms (custom)
2019-10-10 21:36:27,654 [pool-267-thread-1] INFO  server.RaftServerConfigKeys (ConfUtils.java:logGet(43)) - raft.server.log.corruption.policy = EXCEPTION (default)
2019-10-10 21:36:27,654 [pool-237-thread-1] INFO  server.RaftServerConfigKeys (ConfUtils.java:logGet(43)) - raft.server.rpc.timeout.min = 5s (custom)
2019-10-10 21:36:27,654 [pool-217-thread-1] INFO  server.RaftServerConfigKeys (ConfUtils.java:logGet(43)) - raft.server.rpcslowness.timeout = 120s (custom)
2019-10-10 21:36:27,655 [pool-237-thread-1] INFO  server.RaftServerConfigKeys (ConfUtils.java:logGet(43)) - raft.server.rpc.timeout.max = 5200ms (custom)
2019-10-10 21:36:27,655 [pool-267-thread-1] INFO  storage.RaftStorageDirectory (RaftStorageDirectory.java:analyzeStorage(246)) - The storage directory /workdir/hadoop-ozone/integration-test/target/test-dir/MiniOzoneClusterImpl-f3f4975b-3282-43d8-8c1e-6f49492aa572/datanode-6/data/ratis/cfce29ff-a67c-4391-a25f-9048c6fb375c does not exist. Creating ...
2019-10-10 21:36:27,655 [pool-237-thread-1] INFO  server.RaftServerConfigKeys (ConfUtils.java:logGet(43)) - raft.server.rpcslowness.timeout = 120s (custom)
2019-10-10 21:36:27,655 [pool-217-thread-1] INFO  server.RaftServerConfigKeys (ConfUtils.java:logGet(43)) - raft.server.sleep.deviation.threshold = 300 (default)
2019-10-10 21:36:27,655 [pool-237-thread-1] INFO  server.RaftServerConfigKeys (ConfUtils.java:logGet(43)) - raft.server.sleep.deviation.threshold = 300 (default)
2019-10-10 21:36:27,656 [pool-217-thread-1] INFO  server.RaftServerConfigKeys (ConfUtils.java:logGet(43)) - raft.server.log.appender.install.snapshot.enabled = false (custom)
2019-10-10 21:36:27,656 [pool-237-thread-1] INFO  server.RaftServerConfigKeys (ConfUtils.java:logGet(43)) - raft.server.log.appender.install.snapshot.enabled = false (custom)
2019-10-10 21:36:27,656 [pool-217-thread-1] INFO  impl.RaftServerImpl (ServerState.java:<init>(103)) - d78a6a3e-ecdb-4616-bb5f-66f0f6ec0a0c@group-9048C6FB375C: ConfigurationManager, init=-1: [d78a6a3e-ecdb-4616-bb5f-66f0f6ec0a0c:192.168.164.253:42441, 5efba029-cd49-4dce-a6fc-d5e057562355:192.168.164.253:36642, f9704062-a631-4b24-9a2e-8f5e86d811ac:192.168.164.253:45612], old=null, confs=<EMPTY_MAP>
2019-10-10 21:36:27,656 [pool-237-thread-1] INFO  impl.RaftServerImpl (ServerState.java:<init>(103)) - 5efba029-cd49-4dce-a6fc-d5e057562355@group-9048C6FB375C: ConfigurationManager, init=-1: [d78a6a3e-ecdb-4616-bb5f-66f0f6ec0a0c:192.168.164.253:42441, 5efba029-cd49-4dce-a6fc-d5e057562355:192.168.164.253:36642, f9704062-a631-4b24-9a2e-8f5e86d811ac:192.168.164.253:45612], old=null, confs=<EMPTY_MAP>
2019-10-10 21:36:27,656 [pool-217-thread-1] INFO  server.RaftServerConfigKeys (ConfUtils.java:logGet(43)) - raft.server.storage.dir = [/workdir/hadoop-ozone/integration-test/target/test-dir/MiniOzoneClusterImpl-f3f4975b-3282-43d8-8c1e-6f49492aa572/datanode-1/data/ratis] (custom)
2019-10-10 21:36:27,656 [pool-237-thread-1] INFO  server.RaftServerConfigKeys (ConfUtils.java:logGet(43)) - raft.server.storage.dir = [/workdir/hadoop-ozone/integration-test/target/test-dir/MiniOzoneClusterImpl-f3f4975b-3282-43d8-8c1e-6f49492aa572/datanode-3/data/ratis] (custom)
2019-10-10 21:36:27,657 [pool-217-thread-1] INFO  server.RaftServerConfigKeys (ConfUtils.java:logGet(43)) - raft.server.log.corruption.policy = EXCEPTION (default)
2019-10-10 21:36:27,657 [pool-237-thread-1] INFO  server.RaftServerConfigKeys (ConfUtils.java:logGet(43)) - raft.server.log.corruption.policy = EXCEPTION (default)
2019-10-10 21:36:27,657 [pool-217-thread-1] INFO  storage.RaftStorageDirectory (RaftStorageDirectory.java:analyzeStorage(246)) - The storage directory /workdir/hadoop-ozone/integration-test/target/test-dir/MiniOzoneClusterImpl-f3f4975b-3282-43d8-8c1e-6f49492aa572/datanode-1/data/ratis/cfce29ff-a67c-4391-a25f-9048c6fb375c does not exist. Creating ...
2019-10-10 21:36:27,657 [pool-237-thread-1] INFO  storage.RaftStorageDirectory (RaftStorageDirectory.java:analyzeStorage(246)) - The storage directory /workdir/hadoop-ozone/integration-test/target/test-dir/MiniOzoneClusterImpl-f3f4975b-3282-43d8-8c1e-6f49492aa572/datanode-3/data/ratis/cfce29ff-a67c-4391-a25f-9048c6fb375c does not exist. Creating ...
2019-10-10 21:36:27,670 [pool-237-thread-1] INFO  storage.RaftStorageDirectory (RaftStorageDirectory.java:tryLock(328)) - Lock on /workdir/hadoop-ozone/integration-test/target/test-dir/MiniOzoneClusterImpl-f3f4975b-3282-43d8-8c1e-6f49492aa572/datanode-3/data/ratis/cfce29ff-a67c-4391-a25f-9048c6fb375c/in_use.lock acquired by nodename 17759@pr-hdds-2281-k4msp-1747625461
2019-10-10 21:36:27,670 [pool-267-thread-1] INFO  storage.RaftStorageDirectory (RaftStorageDirectory.java:tryLock(328)) - Lock on /workdir/hadoop-ozone/integration-test/target/test-dir/MiniOzoneClusterImpl-f3f4975b-3282-43d8-8c1e-6f49492aa572/datanode-6/data/ratis/cfce29ff-a67c-4391-a25f-9048c6fb375c/in_use.lock acquired by nodename 17759@pr-hdds-2281-k4msp-1747625461
2019-10-10 21:36:27,670 [pool-217-thread-1] INFO  storage.RaftStorageDirectory (RaftStorageDirectory.java:tryLock(328)) - Lock on /workdir/hadoop-ozone/integration-test/target/test-dir/MiniOzoneClusterImpl-f3f4975b-3282-43d8-8c1e-6f49492aa572/datanode-1/data/ratis/cfce29ff-a67c-4391-a25f-9048c6fb375c/in_use.lock acquired by nodename 17759@pr-hdds-2281-k4msp-1747625461
2019-10-10 21:36:27,694 [pool-237-thread-1] INFO  storage.RaftStorage (RaftStorage.java:format(84)) - Storage directory /workdir/hadoop-ozone/integration-test/target/test-dir/MiniOzoneClusterImpl-f3f4975b-3282-43d8-8c1e-6f49492aa572/datanode-3/data/ratis/cfce29ff-a67c-4391-a25f-9048c6fb375c has been successfully formatted.
2019-10-10 21:36:27,694 [pool-267-thread-1] INFO  storage.RaftStorage (RaftStorage.java:format(84)) - Storage directory /workdir/hadoop-ozone/integration-test/target/test-dir/MiniOzoneClusterImpl-f3f4975b-3282-43d8-8c1e-6f49492aa572/datanode-6/data/ratis/cfce29ff-a67c-4391-a25f-9048c6fb375c has been successfully formatted.
2019-10-10 21:36:27,694 [pool-217-thread-1] INFO  storage.RaftStorage (RaftStorage.java:format(84)) - Storage directory /workdir/hadoop-ozone/integration-test/target/test-dir/MiniOzoneClusterImpl-f3f4975b-3282-43d8-8c1e-6f49492aa572/datanode-1/data/ratis/cfce29ff-a67c-4391-a25f-9048c6fb375c has been successfully formatted.
2019-10-10 21:36:27,694 [pool-267-thread-1] INFO  ratis.ContainerStateMachine (ContainerStateMachine.java:loadSnapshot(231)) - group-9048C6FB375C: The snapshot info is null. Setting the last applied indexto:(t:0, i:~)
2019-10-10 21:36:27,694 [pool-217-thread-1] INFO  ratis.ContainerStateMachine (ContainerStateMachine.java:loadSnapshot(231)) - group-9048C6FB375C: The snapshot info is null. Setting the last applied indexto:(t:0, i:~)
2019-10-10 21:36:27,694 [pool-237-thread-1] INFO  ratis.ContainerStateMachine (ContainerStateMachine.java:loadSnapshot(231)) - group-9048C6FB375C: The snapshot info is null. Setting the last applied indexto:(t:0, i:~)
2019-10-10 21:36:27,694 [pool-217-thread-1] INFO  server.RaftServerConfigKeys (ConfUtils.java:logGet(43)) - raft.server.notification.no-leader.timeout = 120s (custom)
2019-10-10 21:36:27,694 [pool-267-thread-1] INFO  server.RaftServerConfigKeys (ConfUtils.java:logGet(43)) - raft.server.notification.no-leader.timeout = 120s (custom)
2019-10-10 21:36:27,695 [pool-217-thread-1] INFO  server.RaftServerConfigKeys (ConfUtils.java:logGet(43)) - raft.server.log.use.memory = false (default)
2019-10-10 21:36:27,695 [pool-237-thread-1] INFO  server.RaftServerConfigKeys (ConfUtils.java:logGet(43)) - raft.server.notification.no-leader.timeout = 120s (custom)
2019-10-10 21:36:27,695 [pool-217-thread-1] INFO  server.RaftServerConfigKeys (ConfUtils.java:logGet(43)) - raft.server.log.purge.gap = 1000000 (custom)
2019-10-10 21:36:27,695 [pool-267-thread-1] INFO  server.RaftServerConfigKeys (ConfUtils.java:logGet(43)) - raft.server.log.use.memory = false (default)
2019-10-10 21:36:27,695 [pool-217-thread-1] INFO  server.RaftServerConfigKeys (ConfUtils.java:logGet(43)) - raft.server.log.appender.buffer.byte-limit = 33554432 (custom)
2019-10-10 21:36:27,695 [pool-237-thread-1] INFO  server.RaftServerConfigKeys (ConfUtils.java:logGet(43)) - raft.server.log.use.memory = false (default)
2019-10-10 21:36:27,696 [pool-217-thread-1] INFO  server.RaftServerConfigKeys (ConfUtils.java:logGet(43)) - raft.server.log.segment.size.max = 1048576 (custom)
2019-10-10 21:36:27,695 [pool-267-thread-1] INFO  server.RaftServerConfigKeys (ConfUtils.java:logGet(43)) - raft.server.log.purge.gap = 1000000 (custom)
2019-10-10 21:36:27,696 [pool-217-thread-1] INFO  server.RaftServerConfigKeys (ConfUtils.java:logGet(43)) - raft.server.log.segment.cache.num.max = 2 (custom)
2019-10-10 21:36:27,696 [pool-237-thread-1] INFO  server.RaftServerConfigKeys (ConfUtils.java:logGet(43)) - raft.server.log.purge.gap = 1000000 (custom)
2019-10-10 21:36:27,696 [pool-217-thread-1] INFO  segmented.SegmentedRaftLogWorker (SegmentedRaftLogWorker.java:<init>(173)) - new d78a6a3e-ecdb-4616-bb5f-66f0f6ec0a0c@group-9048C6FB375C-SegmentedRaftLogWorker for RaftStorage:Storage Directory /workdir/hadoop-ozone/integration-test/target/test-dir/MiniOzoneClusterImpl-f3f4975b-3282-43d8-8c1e-6f49492aa572/datanode-1/data/ratis/cfce29ff-a67c-4391-a25f-9048c6fb375c
2019-10-10 21:36:27,696 [pool-267-thread-1] INFO  server.RaftServerConfigKeys (ConfUtils.java:logGet(43)) - raft.server.log.appender.buffer.byte-limit = 33554432 (custom)
2019-10-10 21:36:27,697 [pool-217-thread-1] INFO  server.RaftServerConfigKeys (ConfUtils.java:logGet(43)) - raft.server.log.queue.byte-limit = 2147483647 (custom)
2019-10-10 21:36:27,696 [pool-237-thread-1] INFO  server.RaftServerConfigKeys (ConfUtils.java:logGet(43)) - raft.server.log.appender.buffer.byte-limit = 33554432 (custom)
2019-10-10 21:36:27,697 [pool-217-thread-1] INFO  server.RaftServerConfigKeys (ConfUtils.java:logGet(43)) - raft.server.log.queue.element-limit = 1024 (custom)
2019-10-10 21:36:27,697 [pool-267-thread-1] INFO  server.RaftServerConfigKeys (ConfUtils.java:logGet(43)) - raft.server.log.segment.size.max = 1048576 (custom)
2019-10-10 21:36:27,697 [pool-217-thread-1] INFO  server.RaftServerConfigKeys (ConfUtils.java:logGet(43)) - raft.server.log.segment.size.max = 1048576 (custom)
2019-10-10 21:36:27,697 [pool-237-thread-1] INFO  server.RaftServerConfigKeys (ConfUtils.java:logGet(43)) - raft.server.log.segment.size.max = 1048576 (custom)
2019-10-10 21:36:27,697 [pool-217-thread-1] INFO  server.RaftServerConfigKeys (ConfUtils.java:logGet(43)) - raft.server.log.preallocated.size = 16384 (custom)
2019-10-10 21:36:27,697 [pool-267-thread-1] INFO  server.RaftServerConfigKeys (ConfUtils.java:logGet(43)) - raft.server.log.segment.cache.num.max = 2 (custom)
2019-10-10 21:36:27,698 [pool-217-thread-1] INFO  server.RaftServerConfigKeys (ConfUtils.java:logGet(43)) - raft.server.log.write.buffer.size = 33554432 (custom)
2019-10-10 21:36:27,698 [pool-237-thread-1] INFO  server.RaftServerConfigKeys (ConfUtils.java:logGet(43)) - raft.server.log.segment.cache.num.max = 2 (custom)
2019-10-10 21:36:27,698 [pool-217-thread-1] INFO  server.RaftServerConfigKeys (ConfUtils.java:logGet(43)) - raft.server.log.force.sync.num = 128 (default)
2019-10-10 21:36:27,698 [pool-267-thread-1] INFO  segmented.SegmentedRaftLogWorker (SegmentedRaftLogWorker.java:<init>(173)) - new f9704062-a631-4b24-9a2e-8f5e86d811ac@group-9048C6FB375C-SegmentedRaftLogWorker for RaftStorage:Storage Directory /workdir/hadoop-ozone/integration-test/target/test-dir/MiniOzoneClusterImpl-f3f4975b-3282-43d8-8c1e-6f49492aa572/datanode-6/data/ratis/cfce29ff-a67c-4391-a25f-9048c6fb375c
2019-10-10 21:36:27,698 [pool-217-thread-1] INFO  server.RaftServerConfigKeys (ConfUtils.java:logGet(43)) - raft.server.log.statemachine.data.sync = true (default)
2019-10-10 21:36:27,698 [pool-237-thread-1] INFO  segmented.SegmentedRaftLogWorker (SegmentedRaftLogWorker.java:<init>(173)) - new 5efba029-cd49-4dce-a6fc-d5e057562355@group-9048C6FB375C-SegmentedRaftLogWorker for RaftStorage:Storage Directory /workdir/hadoop-ozone/integration-test/target/test-dir/MiniOzoneClusterImpl-f3f4975b-3282-43d8-8c1e-6f49492aa572/datanode-3/data/ratis/cfce29ff-a67c-4391-a25f-9048c6fb375c
2019-10-10 21:36:27,699 [pool-217-thread-1] INFO  server.RaftServerConfigKeys (ConfUtils.java:logGet(43)) - raft.server.log.statemachine.data.sync.timeout = 10s (default)
2019-10-10 21:36:27,699 [pool-267-thread-1] INFO  server.RaftServerConfigKeys (ConfUtils.java:logGet(43)) - raft.server.log.queue.byte-limit = 2147483647 (custom)
2019-10-10 21:36:27,699 [pool-217-thread-1] INFO  server.RaftServerConfigKeys (ConfUtils.java:logGet(43)) - raft.server.log.statemachine.data.sync.timeout.retry = -1 (default)
2019-10-10 21:36:27,699 [pool-237-thread-1] INFO  server.RaftServerConfigKeys (ConfUtils.java:logGet(43)) - raft.server.log.queue.byte-limit = 2147483647 (custom)
2019-10-10 21:36:27,699 [pool-217-thread-1] INFO  server.RaftServerConfigKeys (ConfUtils.java:logGet(43)) - raft.server.log.statemachine.data.caching.enabled = true (custom)
2019-10-10 21:36:27,699 [pool-237-thread-1] INFO  server.RaftServerConfigKeys (ConfUtils.java:logGet(43)) - raft.server.log.queue.element-limit = 1024 (custom)
2019-10-10 21:36:27,699 [pool-267-thread-1] INFO  server.RaftServerConfigKeys (ConfUtils.java:logGet(43)) - raft.server.log.queue.element-limit = 1024 (custom)
2019-10-10 21:36:27,700 [pool-237-thread-1] INFO  server.RaftServerConfigKeys (ConfUtils.java:logGet(43)) - raft.server.log.segment.size.max = 1048576 (custom)
2019-10-10 21:36:27,700 [pool-267-thread-1] INFO  server.RaftServerConfigKeys (ConfUtils.java:logGet(43)) - raft.server.log.segment.size.max = 1048576 (custom)
2019-10-10 21:36:27,700 [pool-217-thread-1] INFO  segmented.SegmentedRaftLogWorker (SegmentedRaftLogWorker.java:lambda$new$0(128)) - d78a6a3e-ecdb-4616-bb5f-66f0f6ec0a0c@group-9048C6FB375C-SegmentedRaftLogWorker: flushIndex: setUnconditionally 0 -> -1
2019-10-10 21:36:27,700 [pool-267-thread-1] INFO  server.RaftServerConfigKeys (ConfUtils.java:logGet(43)) - raft.server.log.preallocated.size = 16384 (custom)
2019-10-10 21:36:27,700 [pool-237-thread-1] INFO  server.RaftServerConfigKeys (ConfUtils.java:logGet(43)) - raft.server.log.preallocated.size = 16384 (custom)
2019-10-10 21:36:27,700 [pool-217-thread-1] INFO  server.RaftServerConfigKeys (ConfUtils.java:logGet(43)) - raft.server.snapshot.auto.trigger.enabled = true (custom)
2019-10-10 21:36:27,700 [pool-267-thread-1] INFO  server.RaftServerConfigKeys (ConfUtils.java:logGet(43)) - raft.server.log.write.buffer.size = 33554432 (custom)
2019-10-10 21:36:27,701 [pool-217-thread-1] INFO  server.RaftServerConfigKeys (ConfUtils.java:logGet(43)) - raft.server.snapshot.auto.trigger.threshold = 10000 (custom)
2019-10-10 21:36:27,701 [pool-237-thread-1] INFO  server.RaftServerConfigKeys (ConfUtils.java:logGet(43)) - raft.server.log.write.buffer.size = 33554432 (custom)
2019-10-10 21:36:27,701 [pool-217-thread-1] INFO  server.RaftServerConfigKeys (ConfUtils.java:logGet(43)) - raft.server.snapshot.retention.file.num = 5 (custom)
2019-10-10 21:36:27,701 [pool-267-thread-1] INFO  server.RaftServerConfigKeys (ConfUtils.java:logGet(43)) - raft.server.log.force.sync.num = 128 (default)
2019-10-10 21:36:27,701 [pool-217-thread-1] INFO  server.RaftServerConfigKeys (ConfUtils.java:logGet(43)) - raft.server.retrycache.expirytime = 600000ms (custom)
2019-10-10 21:36:27,701 [pool-237-thread-1] INFO  server.RaftServerConfigKeys (ConfUtils.java:logGet(43)) - raft.server.log.force.sync.num = 128 (default)
2019-10-10 21:36:27,701 [pool-267-thread-1] INFO  server.RaftServerConfigKeys (ConfUtils.java:logGet(43)) - raft.server.log.statemachine.data.sync = true (default)
2019-10-10 21:36:27,702 [pool-237-thread-1] INFO  server.RaftServerConfigKeys (ConfUtils.java:logGet(43)) - raft.server.log.statemachine.data.sync = true (default)
2019-10-10 21:36:27,702 [pool-267-thread-1] INFO  server.RaftServerConfigKeys (ConfUtils.java:logGet(43)) - raft.server.log.statemachine.data.sync.timeout = 10s (default)
2019-10-10 21:36:27,702 [pool-237-thread-1] INFO  server.RaftServerConfigKeys (ConfUtils.java:logGet(43)) - raft.server.log.statemachine.data.sync.timeout = 10s (default)
2019-10-10 21:36:27,702 [pool-267-thread-1] INFO  server.RaftServerConfigKeys (ConfUtils.java:logGet(43)) - raft.server.log.statemachine.data.sync.timeout.retry = -1 (default)
2019-10-10 21:36:27,702 [pool-237-thread-1] INFO  server.RaftServerConfigKeys (ConfUtils.java:logGet(43)) - raft.server.log.statemachine.data.sync.timeout.retry = -1 (default)
2019-10-10 21:36:27,702 [pool-267-thread-1] INFO  server.RaftServerConfigKeys (ConfUtils.java:logGet(43)) - raft.server.log.statemachine.data.caching.enabled = true (custom)
2019-10-10 21:36:27,703 [pool-237-thread-1] INFO  server.RaftServerConfigKeys (ConfUtils.java:logGet(43)) - raft.server.log.statemachine.data.caching.enabled = true (custom)
2019-10-10 21:36:27,703 [pool-267-thread-1] INFO  segmented.SegmentedRaftLogWorker (SegmentedRaftLogWorker.java:lambda$new$0(128)) - f9704062-a631-4b24-9a2e-8f5e86d811ac@group-9048C6FB375C-SegmentedRaftLogWorker: flushIndex: setUnconditionally 0 -> -1
2019-10-10 21:36:27,703 [pool-237-thread-1] INFO  segmented.SegmentedRaftLogWorker (SegmentedRaftLogWorker.java:lambda$new$0(128)) - 5efba029-cd49-4dce-a6fc-d5e057562355@group-9048C6FB375C-SegmentedRaftLogWorker: flushIndex: setUnconditionally 0 -> -1
2019-10-10 21:36:27,703 [pool-267-thread-1] INFO  server.RaftServerConfigKeys (ConfUtils.java:logGet(43)) - raft.server.snapshot.auto.trigger.enabled = true (custom)
2019-10-10 21:36:27,703 [pool-237-thread-1] INFO  server.RaftServerConfigKeys (ConfUtils.java:logGet(43)) - raft.server.snapshot.auto.trigger.enabled = true (custom)
2019-10-10 21:36:27,703 [pool-267-thread-1] INFO  server.RaftServerConfigKeys (ConfUtils.java:logGet(43)) - raft.server.snapshot.auto.trigger.threshold = 10000 (custom)
2019-10-10 21:36:27,704 [pool-237-thread-1] INFO  server.RaftServerConfigKeys (ConfUtils.java:logGet(43)) - raft.server.snapshot.auto.trigger.threshold = 10000 (custom)
2019-10-10 21:36:27,704 [pool-267-thread-1] INFO  server.RaftServerConfigKeys (ConfUtils.java:logGet(43)) - raft.server.snapshot.retention.file.num = 5 (custom)
2019-10-10 21:36:27,704 [pool-237-thread-1] INFO  server.RaftServerConfigKeys (ConfUtils.java:logGet(43)) - raft.server.snapshot.retention.file.num = 5 (custom)
2019-10-10 21:36:27,704 [pool-267-thread-1] INFO  server.RaftServerConfigKeys (ConfUtils.java:logGet(43)) - raft.server.retrycache.expirytime = 600000ms (custom)
2019-10-10 21:36:27,704 [pool-217-thread-1] INFO  impl.RaftServerImpl (RaftServerImpl.java:start(181)) - d78a6a3e-ecdb-4616-bb5f-66f0f6ec0a0c@group-9048C6FB375C: start as a follower, conf=-1: [d78a6a3e-ecdb-4616-bb5f-66f0f6ec0a0c:192.168.164.253:42441, 5efba029-cd49-4dce-a6fc-d5e057562355:192.168.164.253:36642, f9704062-a631-4b24-9a2e-8f5e86d811ac:192.168.164.253:45612], old=null
2019-10-10 21:36:27,704 [pool-237-thread-1] INFO  server.RaftServerConfigKeys (ConfUtils.java:logGet(43)) - raft.server.retrycache.expirytime = 600000ms (custom)
2019-10-10 21:36:27,704 [pool-217-thread-1] INFO  impl.RaftServerImpl (RaftServerImpl.java:setRole(170)) - d78a6a3e-ecdb-4616-bb5f-66f0f6ec0a0c@group-9048C6FB375C: changes role from      null to FOLLOWER at term 0 for startAsFollower
2019-10-10 21:36:27,705 [pool-217-thread-1] INFO  impl.RoleInfo (RoleInfo.java:updateAndGet(143)) - d78a6a3e-ecdb-4616-bb5f-66f0f6ec0a0c: start FollowerState
2019-10-10 21:36:27,705 [pool-217-thread-1] INFO  util.JmxRegister (JmxRegister.java:tryRegister(44)) - Successfully registered JMX Bean with object name Ratis:service=RaftServer,group=group-9048C6FB375C,id=d78a6a3e-ecdb-4616-bb5f-66f0f6ec0a0c
2019-10-10 21:36:27,707 [pool-267-thread-1] INFO  impl.RaftServerImpl (RaftServerImpl.java:start(181)) - f9704062-a631-4b24-9a2e-8f5e86d811ac@group-9048C6FB375C: start as a follower, conf=-1: [d78a6a3e-ecdb-4616-bb5f-66f0f6ec0a0c:192.168.164.253:42441, 5efba029-cd49-4dce-a6fc-d5e057562355:192.168.164.253:36642, f9704062-a631-4b24-9a2e-8f5e86d811ac:192.168.164.253:45612], old=null
2019-10-10 21:36:27,708 [pool-267-thread-1] INFO  impl.RaftServerImpl (RaftServerImpl.java:setRole(170)) - f9704062-a631-4b24-9a2e-8f5e86d811ac@group-9048C6FB375C: changes role from      null to FOLLOWER at term 0 for startAsFollower
2019-10-10 21:36:27,708 [pool-267-thread-1] INFO  impl.RoleInfo (RoleInfo.java:updateAndGet(143)) - f9704062-a631-4b24-9a2e-8f5e86d811ac: start FollowerState
2019-10-10 21:36:27,708 [pool-237-thread-1] INFO  impl.RaftServerImpl (RaftServerImpl.java:start(181)) - 5efba029-cd49-4dce-a6fc-d5e057562355@group-9048C6FB375C: start as a follower, conf=-1: [d78a6a3e-ecdb-4616-bb5f-66f0f6ec0a0c:192.168.164.253:42441, 5efba029-cd49-4dce-a6fc-d5e057562355:192.168.164.253:36642, f9704062-a631-4b24-9a2e-8f5e86d811ac:192.168.164.253:45612], old=null
2019-10-10 21:36:27,708 [pool-237-thread-1] INFO  impl.RaftServerImpl (RaftServerImpl.java:setRole(170)) - 5efba029-cd49-4dce-a6fc-d5e057562355@group-9048C6FB375C: changes role from      null to FOLLOWER at term 0 for startAsFollower
2019-10-10 21:36:27,708 [pool-237-thread-1] INFO  impl.RoleInfo (RoleInfo.java:updateAndGet(143)) - 5efba029-cd49-4dce-a6fc-d5e057562355: start FollowerState
2019-10-10 21:36:27,708 [pool-267-thread-1] INFO  util.JmxRegister (JmxRegister.java:tryRegister(44)) - Successfully registered JMX Bean with object name Ratis:service=RaftServer,group=group-9048C6FB375C,id=f9704062-a631-4b24-9a2e-8f5e86d811ac
2019-10-10 21:36:27,708 [pool-237-thread-1] INFO  util.JmxRegister (JmxRegister.java:tryRegister(44)) - Successfully registered JMX Bean with object name Ratis:service=RaftServer,group=group-9048C6FB375C,id=5efba029-cd49-4dce-a6fc-d5e057562355
2019-10-10 21:36:27,723 [RatisPipelineUtilsThread] INFO  pipeline.PipelineStateManager (PipelineStateManager.java:addPipeline(56)) - Created pipeline Pipeline[ Id: cfce29ff-a67c-4391-a25f-9048c6fb375c, Nodes: f9704062-a631-4b24-9a2e-8f5e86d811ac{ip: 192.168.164.253, host: pr-hdds-2281-k4msp-1747625461, networkLocation: /default-rack, certSerialId: null}d78a6a3e-ecdb-4616-bb5f-66f0f6ec0a0c{ip: 192.168.164.253, host: pr-hdds-2281-k4msp-1747625461, networkLocation: /default-rack, certSerialId: null}5efba029-cd49-4dce-a6fc-d5e057562355{ip: 192.168.164.253, host: pr-hdds-2281-k4msp-1747625461, networkLocation: /default-rack, certSerialId: null}, Type:RATIS, Factor:THREE, State:OPEN]
2019-10-10 21:36:29,959 [Thread-1438] INFO  container.ReplicationManager (ReplicationManager.java:start(162)) - Starting Replication Monitor Thread.
2019-10-10 21:36:29,964 [ReplicationMonitor] INFO  container.ReplicationManager (ReplicationManager.java:run(225)) - Replication Monitor Thread took 0 milliseconds for processing 1 containers.
2019-10-10 21:36:32,149 [Thread-1443] INFO  impl.FollowerState (FollowerState.java:run(108)) - d78a6a3e-ecdb-4616-bb5f-66f0f6ec0a0c@group-7FAFF4816A8C-FollowerState: change to CANDIDATE, lastRpcTime:5017ms, electionTimeout:5017ms
2019-10-10 21:36:32,149 [Thread-1443] INFO  impl.RoleInfo (RoleInfo.java:shutdownFollowerState(121)) - d78a6a3e-ecdb-4616-bb5f-66f0f6ec0a0c: shutdown FollowerState
2019-10-10 21:36:32,149 [Thread-1443] INFO  impl.RaftServerImpl (RaftServerImpl.java:setRole(170)) - d78a6a3e-ecdb-4616-bb5f-66f0f6ec0a0c@group-7FAFF4816A8C: changes role from  FOLLOWER to CANDIDATE at term 0 for changeToCandidate
2019-10-10 21:36:32,150 [Thread-1443] INFO  impl.RoleInfo (RoleInfo.java:updateAndGet(143)) - d78a6a3e-ecdb-4616-bb5f-66f0f6ec0a0c: start LeaderElection
2019-10-10 21:36:32,183 [d78a6a3e-ecdb-4616-bb5f-66f0f6ec0a0c@group-7FAFF4816A8C-LeaderElection58] INFO  impl.LeaderElection (LeaderElection.java:askForVotes(178)) - d78a6a3e-ecdb-4616-bb5f-66f0f6ec0a0c@group-7FAFF4816A8C-LeaderElection58: begin an election at term 1 for -1: [d78a6a3e-ecdb-4616-bb5f-66f0f6ec0a0c:192.168.164.253:42441], old=null
2019-10-10 21:36:32,184 [d78a6a3e-ecdb-4616-bb5f-66f0f6ec0a0c@group-7FAFF4816A8C-LeaderElection58] INFO  impl.RoleInfo (RoleInfo.java:shutdownLeaderElection(134)) - d78a6a3e-ecdb-4616-bb5f-66f0f6ec0a0c: shutdown LeaderElection
2019-10-10 21:36:32,184 [d78a6a3e-ecdb-4616-bb5f-66f0f6ec0a0c@group-7FAFF4816A8C-LeaderElection58] INFO  impl.RaftServerImpl (RaftServerImpl.java:setRole(170)) - d78a6a3e-ecdb-4616-bb5f-66f0f6ec0a0c@group-7FAFF4816A8C: changes role from CANDIDATE to LEADER at term 1 for changeToLeader
2019-10-10 21:36:32,184 [d78a6a3e-ecdb-4616-bb5f-66f0f6ec0a0c@group-7FAFF4816A8C-LeaderElection58] INFO  impl.RaftServerImpl (ServerState.java:setLeader(255)) - d78a6a3e-ecdb-4616-bb5f-66f0f6ec0a0c@group-7FAFF4816A8C: change Leader from null to d78a6a3e-ecdb-4616-bb5f-66f0f6ec0a0c at term 1 for becomeLeader, leader elected after 5063ms
2019-10-10 21:36:32,184 [d78a6a3e-ecdb-4616-bb5f-66f0f6ec0a0c@group-7FAFF4816A8C-LeaderElection58] INFO  server.RaftServerConfigKeys (ConfUtils.java:logGet(43)) - raft.server.staging.catchup.gap = 1000 (default)
2019-10-10 21:36:32,185 [d78a6a3e-ecdb-4616-bb5f-66f0f6ec0a0c@group-7FAFF4816A8C-LeaderElection58] INFO  server.RaftServerConfigKeys (ConfUtils.java:logGet(43)) - raft.server.rpc.sleep.time = 25ms (default)
2019-10-10 21:36:32,185 [d78a6a3e-ecdb-4616-bb5f-66f0f6ec0a0c@group-7FAFF4816A8C-LeaderElection58] INFO  server.RaftServerConfigKeys (ConfUtils.java:logGet(43)) - raft.server.write.element-limit = 4096 (default)
2019-10-10 21:36:32,185 [d78a6a3e-ecdb-4616-bb5f-66f0f6ec0a0c@group-7FAFF4816A8C-LeaderElection58] INFO  server.RaftServerConfigKeys (ConfUtils.java:logGet(43)) - raft.server.watch.timeout = 10s (default)
2019-10-10 21:36:32,186 [d78a6a3e-ecdb-4616-bb5f-66f0f6ec0a0c@group-7FAFF4816A8C-LeaderElection58] INFO  server.RaftServerConfigKeys (ConfUtils.java:logGet(43)) - raft.server.watch.timeout.denomination = 1s (default)
2019-10-10 21:36:32,186 [d78a6a3e-ecdb-4616-bb5f-66f0f6ec0a0c@group-7FAFF4816A8C-LeaderElection58] INFO  server.RaftServerConfigKeys (ConfUtils.java:logGet(43)) - raft.server.watch.element-limit = 65536 (default)
2019-10-10 21:36:32,190 [d78a6a3e-ecdb-4616-bb5f-66f0f6ec0a0c@group-7FAFF4816A8C-LeaderElection58] INFO  impl.RoleInfo (RoleInfo.java:updateAndGet(143)) - d78a6a3e-ecdb-4616-bb5f-66f0f6ec0a0c: start LeaderState
2019-10-10 21:36:32,191 [d78a6a3e-ecdb-4616-bb5f-66f0f6ec0a0c@group-7FAFF4816A8C-LeaderElection58] INFO  segmented.SegmentedRaftLogWorker (SegmentedRaftLogWorker.java:startLogSegment(385)) - d78a6a3e-ecdb-4616-bb5f-66f0f6ec0a0c@group-7FAFF4816A8C-SegmentedRaftLogWorker: Starting segment from index:0
2019-10-10 21:36:32,192 [d78a6a3e-ecdb-4616-bb5f-66f0f6ec0a0c@group-7FAFF4816A8C-LeaderElection58] INFO  impl.RaftServerImpl (ServerState.java:setRaftConf(356)) - d78a6a3e-ecdb-4616-bb5f-66f0f6ec0a0c@group-7FAFF4816A8C: set configuration 0: [d78a6a3e-ecdb-4616-bb5f-66f0f6ec0a0c:192.168.164.253:42441], old=null at 0
2019-10-10 21:36:32,225 [Thread-1440] INFO  impl.FollowerState (FollowerState.java:run(108)) - 36dc106a-b650-4673-a9ea-d6528ce93d44@group-645E78760477-FollowerState: change to CANDIDATE, lastRpcTime:5189ms, electionTimeout:5189ms
2019-10-10 21:36:32,225 [Thread-1440] INFO  impl.RoleInfo (RoleInfo.java:shutdownFollowerState(121)) - 36dc106a-b650-4673-a9ea-d6528ce93d44: shutdown FollowerState
2019-10-10 21:36:32,225 [Thread-1440] INFO  impl.RaftServerImpl (RaftServerImpl.java:setRole(170)) - 36dc106a-b650-4673-a9ea-d6528ce93d44@group-645E78760477: changes role from  FOLLOWER to CANDIDATE at term 0 for changeToCandidate
2019-10-10 21:36:32,226 [Thread-1440] INFO  impl.RoleInfo (RoleInfo.java:updateAndGet(143)) - 36dc106a-b650-4673-a9ea-d6528ce93d44: start LeaderElection
2019-10-10 21:36:32,245 [d78a6a3e-ecdb-4616-bb5f-66f0f6ec0a0c@group-7FAFF4816A8C-SegmentedRaftLogWorker] INFO  segmented.SegmentedRaftLogWorker (SegmentedRaftLogWorker.java:execute(574)) - d78a6a3e-ecdb-4616-bb5f-66f0f6ec0a0c@group-7FAFF4816A8C-SegmentedRaftLogWorker: created new log segment /workdir/hadoop-ozone/integration-test/target/test-dir/MiniOzoneClusterImpl-f3f4975b-3282-43d8-8c1e-6f49492aa572/datanode-1/data/ratis/158f1d52-b8b5-400c-b3cc-7faff4816a8c/current/log_inprogress_0
2019-10-10 21:36:32,245 [36dc106a-b650-4673-a9ea-d6528ce93d44@group-645E78760477-LeaderElection59] INFO  impl.LeaderElection (LeaderElection.java:askForVotes(178)) - 36dc106a-b650-4673-a9ea-d6528ce93d44@group-645E78760477-LeaderElection59: begin an election at term 1 for -1: [36dc106a-b650-4673-a9ea-d6528ce93d44:192.168.164.253:41511], old=null
2019-10-10 21:36:32,245 [36dc106a-b650-4673-a9ea-d6528ce93d44@group-645E78760477-LeaderElection59] INFO  impl.RoleInfo (RoleInfo.java:shutdownLeaderElection(134)) - 36dc106a-b650-4673-a9ea-d6528ce93d44: shutdown LeaderElection
2019-10-10 21:36:32,245 [36dc106a-b650-4673-a9ea-d6528ce93d44@group-645E78760477-LeaderElection59] INFO  impl.RaftServerImpl (RaftServerImpl.java:setRole(170)) - 36dc106a-b650-4673-a9ea-d6528ce93d44@group-645E78760477: changes role from CANDIDATE to LEADER at term 1 for changeToLeader
2019-10-10 21:36:32,246 [36dc106a-b650-4673-a9ea-d6528ce93d44@group-645E78760477-LeaderElection59] INFO  impl.RaftServerImpl (ServerState.java:setLeader(255)) - 36dc106a-b650-4673-a9ea-d6528ce93d44@group-645E78760477: change Leader from null to 36dc106a-b650-4673-a9ea-d6528ce93d44 at term 1 for becomeLeader, leader elected after 5217ms
2019-10-10 21:36:32,246 [36dc106a-b650-4673-a9ea-d6528ce93d44@group-645E78760477-LeaderElection59] INFO  server.RaftServerConfigKeys (ConfUtils.java:logGet(43)) - raft.server.staging.catchup.gap = 1000 (default)
2019-10-10 21:36:32,246 [36dc106a-b650-4673-a9ea-d6528ce93d44@group-645E78760477-LeaderElection59] INFO  server.RaftServerConfigKeys (ConfUtils.java:logGet(43)) - raft.server.rpc.sleep.time = 25ms (default)
2019-10-10 21:36:32,246 [36dc106a-b650-4673-a9ea-d6528ce93d44@group-645E78760477-LeaderElection59] INFO  server.RaftServerConfigKeys (ConfUtils.java:logGet(43)) - raft.server.write.element-limit = 4096 (default)
2019-10-10 21:36:32,246 [36dc106a-b650-4673-a9ea-d6528ce93d44@group-645E78760477-LeaderElection59] INFO  server.RaftServerConfigKeys (ConfUtils.java:logGet(43)) - raft.server.watch.timeout = 10s (default)
2019-10-10 21:36:32,246 [36dc106a-b650-4673-a9ea-d6528ce93d44@group-645E78760477-LeaderElection59] INFO  server.RaftServerConfigKeys (ConfUtils.java:logGet(43)) - raft.server.watch.timeout.denomination = 1s (default)
2019-10-10 21:36:32,246 [36dc106a-b650-4673-a9ea-d6528ce93d44@group-645E78760477-LeaderElection59] INFO  server.RaftServerConfigKeys (ConfUtils.java:logGet(43)) - raft.server.watch.element-limit = 65536 (default)
2019-10-10 21:36:32,248 [36dc106a-b650-4673-a9ea-d6528ce93d44@group-645E78760477-LeaderElection59] INFO  impl.RoleInfo (RoleInfo.java:updateAndGet(143)) - 36dc106a-b650-4673-a9ea-d6528ce93d44: start LeaderState
2019-10-10 21:36:32,248 [36dc106a-b650-4673-a9ea-d6528ce93d44@group-645E78760477-LeaderElection59] INFO  segmented.SegmentedRaftLogWorker (SegmentedRaftLogWorker.java:startLogSegment(385)) - 36dc106a-b650-4673-a9ea-d6528ce93d44@group-645E78760477-SegmentedRaftLogWorker: Starting segment from index:0
2019-10-10 21:36:32,249 [36dc106a-b650-4673-a9ea-d6528ce93d44@group-645E78760477-LeaderElection59] INFO  impl.RaftServerImpl (ServerState.java:setRaftConf(356)) - 36dc106a-b650-4673-a9ea-d6528ce93d44@group-645E78760477: set configuration 0: [36dc106a-b650-4673-a9ea-d6528ce93d44:192.168.164.253:41511], old=null at 0
2019-10-10 21:36:32,301 [36dc106a-b650-4673-a9ea-d6528ce93d44@group-645E78760477-SegmentedRaftLogWorker] INFO  segmented.SegmentedRaftLogWorker (SegmentedRaftLogWorker.java:execute(574)) - 36dc106a-b650-4673-a9ea-d6528ce93d44@group-645E78760477-SegmentedRaftLogWorker: created new log segment /workdir/hadoop-ozone/integration-test/target/test-dir/MiniOzoneClusterImpl-f3f4975b-3282-43d8-8c1e-6f49492aa572/datanode-0/data/ratis/8b26f0d7-37d2-4060-8a66-645e78760477/current/log_inprogress_0
2019-10-10 21:36:32,389 [Thread-1449] INFO  impl.FollowerState (FollowerState.java:run(108)) - 5efba029-cd49-4dce-a6fc-d5e057562355@group-286E6CE991B9-FollowerState: change to CANDIDATE, lastRpcTime:5111ms, electionTimeout:5111ms
2019-10-10 21:36:32,389 [Thread-1449] INFO  impl.RoleInfo (RoleInfo.java:shutdownFollowerState(121)) - 5efba029-cd49-4dce-a6fc-d5e057562355: shutdown FollowerState
2019-10-10 21:36:32,390 [Thread-1449] INFO  impl.RaftServerImpl (RaftServerImpl.java:setRole(170)) - 5efba029-cd49-4dce-a6fc-d5e057562355@group-286E6CE991B9: changes role from  FOLLOWER to CANDIDATE at term 0 for changeToCandidate
2019-10-10 21:36:32,390 [Thread-1449] INFO  impl.RoleInfo (RoleInfo.java:updateAndGet(143)) - 5efba029-cd49-4dce-a6fc-d5e057562355: start LeaderElection
2019-10-10 21:36:32,399 [Thread-1446] INFO  impl.FollowerState (FollowerState.java:run(108)) - 4f7e3182-ba03-4a74-afeb-9e55e50d3ea5@group-F0F60EC98A22-FollowerState: change to CANDIDATE, lastRpcTime:5175ms, electionTimeout:5172ms
2019-10-10 21:36:32,399 [Thread-1446] INFO  impl.RoleInfo (RoleInfo.java:shutdownFollowerState(121)) - 4f7e3182-ba03-4a74-afeb-9e55e50d3ea5: shutdown FollowerState
2019-10-10 21:36:32,399 [Thread-1446] INFO  impl.RaftServerImpl (RaftServerImpl.java:setRole(170)) - 4f7e3182-ba03-4a74-afeb-9e55e50d3ea5@group-F0F60EC98A22: changes role from  FOLLOWER to CANDIDATE at term 0 for changeToCandidate
2019-10-10 21:36:32,399 [Thread-1446] INFO  impl.RoleInfo (RoleInfo.java:updateAndGet(143)) - 4f7e3182-ba03-4a74-afeb-9e55e50d3ea5: start LeaderElection
2019-10-10 21:36:32,425 [5efba029-cd49-4dce-a6fc-d5e057562355@group-286E6CE991B9-LeaderElection60] INFO  impl.LeaderElection (LeaderElection.java:askForVotes(178)) - 5efba029-cd49-4dce-a6fc-d5e057562355@group-286E6CE991B9-LeaderElection60: begin an election at term 1 for -1: [5efba029-cd49-4dce-a6fc-d5e057562355:192.168.164.253:36642], old=null
2019-10-10 21:36:32,425 [4f7e3182-ba03-4a74-afeb-9e55e50d3ea5@group-F0F60EC98A22-LeaderElection61] INFO  impl.LeaderElection (LeaderElection.java:askForVotes(178)) - 4f7e3182-ba03-4a74-afeb-9e55e50d3ea5@group-F0F60EC98A22-LeaderElection61: begin an election at term 1 for -1: [4f7e3182-ba03-4a74-afeb-9e55e50d3ea5:192.168.164.253:46366], old=null
2019-10-10 21:36:32,426 [5efba029-cd49-4dce-a6fc-d5e057562355@group-286E6CE991B9-LeaderElection60] INFO  impl.RoleInfo (RoleInfo.java:shutdownLeaderElection(134)) - 5efba029-cd49-4dce-a6fc-d5e057562355: shutdown LeaderElection
2019-10-10 21:36:32,426 [4f7e3182-ba03-4a74-afeb-9e55e50d3ea5@group-F0F60EC98A22-LeaderElection61] INFO  impl.RoleInfo (RoleInfo.java:shutdownLeaderElection(134)) - 4f7e3182-ba03-4a74-afeb-9e55e50d3ea5: shutdown LeaderElection
2019-10-10 21:36:32,426 [5efba029-cd49-4dce-a6fc-d5e057562355@group-286E6CE991B9-LeaderElection60] INFO  impl.RaftServerImpl (RaftServerImpl.java:setRole(170)) - 5efba029-cd49-4dce-a6fc-d5e057562355@group-286E6CE991B9: changes role from CANDIDATE to LEADER at term 1 for changeToLeader
2019-10-10 21:36:32,426 [4f7e3182-ba03-4a74-afeb-9e55e50d3ea5@group-F0F60EC98A22-LeaderElection61] INFO  impl.RaftServerImpl (RaftServerImpl.java:setRole(170)) - 4f7e3182-ba03-4a74-afeb-9e55e50d3ea5@group-F0F60EC98A22: changes role from CANDIDATE to LEADER at term 1 for changeToLeader
2019-10-10 21:36:32,426 [5efba029-cd49-4dce-a6fc-d5e057562355@group-286E6CE991B9-LeaderElection60] INFO  impl.RaftServerImpl (ServerState.java:setLeader(255)) - 5efba029-cd49-4dce-a6fc-d5e057562355@group-286E6CE991B9: change Leader from null to 5efba029-cd49-4dce-a6fc-d5e057562355 at term 1 for becomeLeader, leader elected after 5157ms
2019-10-10 21:36:32,426 [4f7e3182-ba03-4a74-afeb-9e55e50d3ea5@group-F0F60EC98A22-LeaderElection61] INFO  impl.RaftServerImpl (ServerState.java:setLeader(255)) - 4f7e3182-ba03-4a74-afeb-9e55e50d3ea5@group-F0F60EC98A22: change Leader from null to 4f7e3182-ba03-4a74-afeb-9e55e50d3ea5 at term 1 for becomeLeader, leader elected after 5213ms
2019-10-10 21:36:32,427 [5efba029-cd49-4dce-a6fc-d5e057562355@group-286E6CE991B9-LeaderElection60] INFO  server.RaftServerConfigKeys (ConfUtils.java:logGet(43)) - raft.server.staging.catchup.gap = 1000 (default)
2019-10-10 21:36:32,427 [4f7e3182-ba03-4a74-afeb-9e55e50d3ea5@group-F0F60EC98A22-LeaderElection61] INFO  server.RaftServerConfigKeys (ConfUtils.java:logGet(43)) - raft.server.staging.catchup.gap = 1000 (default)
2019-10-10 21:36:32,427 [5efba029-cd49-4dce-a6fc-d5e057562355@group-286E6CE991B9-LeaderElection60] INFO  server.RaftServerConfigKeys (ConfUtils.java:logGet(43)) - raft.server.rpc.sleep.time = 25ms (default)
2019-10-10 21:36:32,427 [4f7e3182-ba03-4a74-afeb-9e55e50d3ea5@group-F0F60EC98A22-LeaderElection61] INFO  server.RaftServerConfigKeys (ConfUtils.java:logGet(43)) - raft.server.rpc.sleep.time = 25ms (default)
2019-10-10 21:36:32,427 [5efba029-cd49-4dce-a6fc-d5e057562355@group-286E6CE991B9-LeaderElection60] INFO  server.RaftServerConfigKeys (ConfUtils.java:logGet(43)) - raft.server.write.element-limit = 4096 (default)
2019-10-10 21:36:32,427 [4f7e3182-ba03-4a74-afeb-9e55e50d3ea5@group-F0F60EC98A22-LeaderElection61] INFO  server.RaftServerConfigKeys (ConfUtils.java:logGet(43)) - raft.server.write.element-limit = 4096 (default)
2019-10-10 21:36:32,427 [5efba029-cd49-4dce-a6fc-d5e057562355@group-286E6CE991B9-LeaderElection60] INFO  server.RaftServerConfigKeys (ConfUtils.java:logGet(43)) - raft.server.watch.timeout = 10s (default)
2019-10-10 21:36:32,428 [4f7e3182-ba03-4a74-afeb-9e55e50d3ea5@group-F0F60EC98A22-LeaderElection61] INFO  server.RaftServerConfigKeys (ConfUtils.java:logGet(43)) - raft.server.watch.timeout = 10s (default)
2019-10-10 21:36:32,428 [5efba029-cd49-4dce-a6fc-d5e057562355@group-286E6CE991B9-LeaderElection60] INFO  server.RaftServerConfigKeys (ConfUtils.java:logGet(43)) - raft.server.watch.timeout.denomination = 1s (default)
2019-10-10 21:36:32,428 [4f7e3182-ba03-4a74-afeb-9e55e50d3ea5@group-F0F60EC98A22-LeaderElection61] INFO  server.RaftServerConfigKeys (ConfUtils.java:logGet(43)) - raft.server.watch.timeout.denomination = 1s (default)
2019-10-10 21:36:32,428 [5efba029-cd49-4dce-a6fc-d5e057562355@group-286E6CE991B9-LeaderElection60] INFO  server.RaftServerConfigKeys (ConfUtils.java:logGet(43)) - raft.server.watch.element-limit = 65536 (default)
2019-10-10 21:36:32,428 [4f7e3182-ba03-4a74-afeb-9e55e50d3ea5@group-F0F60EC98A22-LeaderElection61] INFO  server.RaftServerConfigKeys (ConfUtils.java:logGet(43)) - raft.server.watch.element-limit = 65536 (default)
2019-10-10 21:36:32,433 [5efba029-cd49-4dce-a6fc-d5e057562355@group-286E6CE991B9-LeaderElection60] INFO  impl.RoleInfo (RoleInfo.java:updateAndGet(143)) - 5efba029-cd49-4dce-a6fc-d5e057562355: start LeaderState
2019-10-10 21:36:32,433 [4f7e3182-ba03-4a74-afeb-9e55e50d3ea5@group-F0F60EC98A22-LeaderElection61] INFO  impl.RoleInfo (RoleInfo.java:updateAndGet(143)) - 4f7e3182-ba03-4a74-afeb-9e55e50d3ea5: start LeaderState
2019-10-10 21:36:32,433 [5efba029-cd49-4dce-a6fc-d5e057562355@group-286E6CE991B9-LeaderElection60] INFO  segmented.SegmentedRaftLogWorker (SegmentedRaftLogWorker.java:startLogSegment(385)) - 5efba029-cd49-4dce-a6fc-d5e057562355@group-286E6CE991B9-SegmentedRaftLogWorker: Starting segment from index:0
2019-10-10 21:36:32,433 [4f7e3182-ba03-4a74-afeb-9e55e50d3ea5@group-F0F60EC98A22-LeaderElection61] INFO  segmented.SegmentedRaftLogWorker (SegmentedRaftLogWorker.java:startLogSegment(385)) - 4f7e3182-ba03-4a74-afeb-9e55e50d3ea5@group-F0F60EC98A22-SegmentedRaftLogWorker: Starting segment from index:0
2019-10-10 21:36:32,434 [5efba029-cd49-4dce-a6fc-d5e057562355@group-286E6CE991B9-LeaderElection60] INFO  impl.RaftServerImpl (ServerState.java:setRaftConf(356)) - 5efba029-cd49-4dce-a6fc-d5e057562355@group-286E6CE991B9: set configuration 0: [5efba029-cd49-4dce-a6fc-d5e057562355:192.168.164.253:36642], old=null at 0
2019-10-10 21:36:32,434 [4f7e3182-ba03-4a74-afeb-9e55e50d3ea5@group-F0F60EC98A22-LeaderElection61] INFO  impl.RaftServerImpl (ServerState.java:setRaftConf(356)) - 4f7e3182-ba03-4a74-afeb-9e55e50d3ea5@group-F0F60EC98A22: set configuration 0: [4f7e3182-ba03-4a74-afeb-9e55e50d3ea5:192.168.164.253:46366], old=null at 0
2019-10-10 21:36:32,495 [4f7e3182-ba03-4a74-afeb-9e55e50d3ea5@group-F0F60EC98A22-SegmentedRaftLogWorker] INFO  segmented.SegmentedRaftLogWorker (SegmentedRaftLogWorker.java:execute(574)) - 4f7e3182-ba03-4a74-afeb-9e55e50d3ea5@group-F0F60EC98A22-SegmentedRaftLogWorker: created new log segment /workdir/hadoop-ozone/integration-test/target/test-dir/MiniOzoneClusterImpl-f3f4975b-3282-43d8-8c1e-6f49492aa572/datanode-2/data/ratis/32859469-4460-48ca-8e00-f0f60ec98a22/current/log_inprogress_0
2019-10-10 21:36:32,495 [5efba029-cd49-4dce-a6fc-d5e057562355@group-286E6CE991B9-SegmentedRaftLogWorker] INFO  segmented.SegmentedRaftLogWorker (SegmentedRaftLogWorker.java:execute(574)) - 5efba029-cd49-4dce-a6fc-d5e057562355@group-286E6CE991B9-SegmentedRaftLogWorker: created new log segment /workdir/hadoop-ozone/integration-test/target/test-dir/MiniOzoneClusterImpl-f3f4975b-3282-43d8-8c1e-6f49492aa572/datanode-3/data/ratis/022223d6-e95a-439c-b9be-286e6ce991b9/current/log_inprogress_0
2019-10-10 21:36:32,504 [Thread-1452] INFO  impl.FollowerState (FollowerState.java:run(108)) - 4d6c447f-053a-4089-9221-5a9185208761@group-B829A026BFF4-FollowerState: change to CANDIDATE, lastRpcTime:5171ms, electionTimeout:5171ms
2019-10-10 21:36:32,504 [Thread-1452] INFO  impl.RoleInfo (RoleInfo.java:shutdownFollowerState(121)) - 4d6c447f-053a-4089-9221-5a9185208761: shutdown FollowerState
2019-10-10 21:36:32,505 [Thread-1452] INFO  impl.RaftServerImpl (RaftServerImpl.java:setRole(170)) - 4d6c447f-053a-4089-9221-5a9185208761@group-B829A026BFF4: changes role from  FOLLOWER to CANDIDATE at term 0 for changeToCandidate
2019-10-10 21:36:32,505 [Thread-1452] INFO  impl.RoleInfo (RoleInfo.java:updateAndGet(143)) - 4d6c447f-053a-4089-9221-5a9185208761: start LeaderElection
2019-10-10 21:36:32,547 [4d6c447f-053a-4089-9221-5a9185208761@group-B829A026BFF4-LeaderElection62] INFO  impl.LeaderElection (LeaderElection.java:askForVotes(178)) - 4d6c447f-053a-4089-9221-5a9185208761@group-B829A026BFF4-LeaderElection62: begin an election at term 1 for -1: [4d6c447f-053a-4089-9221-5a9185208761:192.168.164.253:39487], old=null
2019-10-10 21:36:32,547 [4d6c447f-053a-4089-9221-5a9185208761@group-B829A026BFF4-LeaderElection62] INFO  impl.RoleInfo (RoleInfo.java:shutdownLeaderElection(134)) - 4d6c447f-053a-4089-9221-5a9185208761: shutdown LeaderElection
2019-10-10 21:36:32,547 [4d6c447f-053a-4089-9221-5a9185208761@group-B829A026BFF4-LeaderElection62] INFO  impl.RaftServerImpl (RaftServerImpl.java:setRole(170)) - 4d6c447f-053a-4089-9221-5a9185208761@group-B829A026BFF4: changes role from CANDIDATE to LEADER at term 1 for changeToLeader
2019-10-10 21:36:32,547 [4d6c447f-053a-4089-9221-5a9185208761@group-B829A026BFF4-LeaderElection62] INFO  impl.RaftServerImpl (ServerState.java:setLeader(255)) - 4d6c447f-053a-4089-9221-5a9185208761@group-B829A026BFF4: change Leader from null to 4d6c447f-053a-4089-9221-5a9185208761 at term 1 for becomeLeader, leader elected after 5222ms
2019-10-10 21:36:32,548 [4d6c447f-053a-4089-9221-5a9185208761@group-B829A026BFF4-LeaderElection62] INFO  server.RaftServerConfigKeys (ConfUtils.java:logGet(43)) - raft.server.staging.catchup.gap = 1000 (default)
2019-10-10 21:36:32,548 [4d6c447f-053a-4089-9221-5a9185208761@group-B829A026BFF4-LeaderElection62] INFO  server.RaftServerConfigKeys (ConfUtils.java:logGet(43)) - raft.server.rpc.sleep.time = 25ms (default)
2019-10-10 21:36:32,548 [4d6c447f-053a-4089-9221-5a9185208761@group-B829A026BFF4-LeaderElection62] INFO  server.RaftServerConfigKeys (ConfUtils.java:logGet(43)) - raft.server.write.element-limit = 4096 (default)
2019-10-10 21:36:32,548 [4d6c447f-053a-4089-9221-5a9185208761@group-B829A026BFF4-LeaderElection62] INFO  server.RaftServerConfigKeys (ConfUtils.java:logGet(43)) - raft.server.watch.timeout = 10s (default)
2019-10-10 21:36:32,548 [4d6c447f-053a-4089-9221-5a9185208761@group-B829A026BFF4-LeaderElection62] INFO  server.RaftServerConfigKeys (ConfUtils.java:logGet(43)) - raft.server.watch.timeout.denomination = 1s (default)
2019-10-10 21:36:32,548 [4d6c447f-053a-4089-9221-5a9185208761@group-B829A026BFF4-LeaderElection62] INFO  server.RaftServerConfigKeys (ConfUtils.java:logGet(43)) - raft.server.watch.element-limit = 65536 (default)
2019-10-10 21:36:32,551 [4d6c447f-053a-4089-9221-5a9185208761@group-B829A026BFF4-LeaderElection62] INFO  impl.RoleInfo (RoleInfo.java:updateAndGet(143)) - 4d6c447f-053a-4089-9221-5a9185208761: start LeaderState
2019-10-10 21:36:32,551 [4d6c447f-053a-4089-9221-5a9185208761@group-B829A026BFF4-LeaderElection62] INFO  segmented.SegmentedRaftLogWorker (SegmentedRaftLogWorker.java:startLogSegment(385)) - 4d6c447f-053a-4089-9221-5a9185208761@group-B829A026BFF4-SegmentedRaftLogWorker: Starting segment from index:0
2019-10-10 21:36:32,552 [4d6c447f-053a-4089-9221-5a9185208761@group-B829A026BFF4-LeaderElection62] INFO  impl.RaftServerImpl (ServerState.java:setRaftConf(356)) - 4d6c447f-053a-4089-9221-5a9185208761@group-B829A026BFF4: set configuration 0: [4d6c447f-053a-4089-9221-5a9185208761:192.168.164.253:39487], old=null at 0
2019-10-10 21:36:32,575 [Thread-1460] INFO  impl.FollowerState (FollowerState.java:run(108)) - e470dbc6-b7c3-4cc5-bcba-9849bb7698b4@group-18D7FCCA4C8F-FollowerState: change to CANDIDATE, lastRpcTime:5139ms, electionTimeout:5139ms
2019-10-10 21:36:32,575 [Thread-1460] INFO  impl.RoleInfo (RoleInfo.java:shutdownFollowerState(121)) - e470dbc6-b7c3-4cc5-bcba-9849bb7698b4: shutdown FollowerState
2019-10-10 21:36:32,575 [Thread-1460] INFO  impl.RaftServerImpl (RaftServerImpl.java:setRole(170)) - e470dbc6-b7c3-4cc5-bcba-9849bb7698b4@group-18D7FCCA4C8F: changes role from  FOLLOWER to CANDIDATE at term 0 for changeToCandidate
2019-10-10 21:36:32,575 [Thread-1460] INFO  impl.RoleInfo (RoleInfo.java:updateAndGet(143)) - e470dbc6-b7c3-4cc5-bcba-9849bb7698b4: start LeaderElection
2019-10-10 21:36:32,614 [4d6c447f-053a-4089-9221-5a9185208761@group-B829A026BFF4-SegmentedRaftLogWorker] INFO  segmented.SegmentedRaftLogWorker (SegmentedRaftLogWorker.java:execute(574)) - 4d6c447f-053a-4089-9221-5a9185208761@group-B829A026BFF4-SegmentedRaftLogWorker: created new log segment /workdir/hadoop-ozone/integration-test/target/test-dir/MiniOzoneClusterImpl-f3f4975b-3282-43d8-8c1e-6f49492aa572/datanode-4/data/ratis/d3c0dc8e-00dd-4907-829c-b829a026bff4/current/log_inprogress_0
2019-10-10 21:36:32,614 [e470dbc6-b7c3-4cc5-bcba-9849bb7698b4@group-18D7FCCA4C8F-LeaderElection63] INFO  impl.LeaderElection (LeaderElection.java:askForVotes(178)) - e470dbc6-b7c3-4cc5-bcba-9849bb7698b4@group-18D7FCCA4C8F-LeaderElection63: begin an election at term 1 for -1: [e470dbc6-b7c3-4cc5-bcba-9849bb7698b4:192.168.164.253:35241], old=null
2019-10-10 21:36:32,614 [e470dbc6-b7c3-4cc5-bcba-9849bb7698b4@group-18D7FCCA4C8F-LeaderElection63] INFO  impl.RoleInfo (RoleInfo.java:shutdownLeaderElection(134)) - e470dbc6-b7c3-4cc5-bcba-9849bb7698b4: shutdown LeaderElection
2019-10-10 21:36:32,614 [e470dbc6-b7c3-4cc5-bcba-9849bb7698b4@group-18D7FCCA4C8F-LeaderElection63] INFO  impl.RaftServerImpl (RaftServerImpl.java:setRole(170)) - e470dbc6-b7c3-4cc5-bcba-9849bb7698b4@group-18D7FCCA4C8F: changes role from CANDIDATE to LEADER at term 1 for changeToLeader
2019-10-10 21:36:32,615 [e470dbc6-b7c3-4cc5-bcba-9849bb7698b4@group-18D7FCCA4C8F-LeaderElection63] INFO  impl.RaftServerImpl (ServerState.java:setLeader(255)) - e470dbc6-b7c3-4cc5-bcba-9849bb7698b4@group-18D7FCCA4C8F: change Leader from null to e470dbc6-b7c3-4cc5-bcba-9849bb7698b4 at term 1 for becomeLeader, leader elected after 5204ms
2019-10-10 21:36:32,615 [e470dbc6-b7c3-4cc5-bcba-9849bb7698b4@group-18D7FCCA4C8F-LeaderElection63] INFO  server.RaftServerConfigKeys (ConfUtils.java:logGet(43)) - raft.server.staging.catchup.gap = 1000 (default)
2019-10-10 21:36:32,615 [e470dbc6-b7c3-4cc5-bcba-9849bb7698b4@group-18D7FCCA4C8F-LeaderElection63] INFO  server.RaftServerConfigKeys (ConfUtils.java:logGet(43)) - raft.server.rpc.sleep.time = 25ms (default)
2019-10-10 21:36:32,615 [e470dbc6-b7c3-4cc5-bcba-9849bb7698b4@group-18D7FCCA4C8F-LeaderElection63] INFO  server.RaftServerConfigKeys (ConfUtils.java:logGet(43)) - raft.server.write.element-limit = 4096 (default)
2019-10-10 21:36:32,615 [e470dbc6-b7c3-4cc5-bcba-9849bb7698b4@group-18D7FCCA4C8F-LeaderElection63] INFO  server.RaftServerConfigKeys (ConfUtils.java:logGet(43)) - raft.server.watch.timeout = 10s (default)
2019-10-10 21:36:32,615 [e470dbc6-b7c3-4cc5-bcba-9849bb7698b4@group-18D7FCCA4C8F-LeaderElection63] INFO  server.RaftServerConfigKeys (ConfUtils.java:logGet(43)) - raft.server.watch.timeout.denomination = 1s (default)
2019-10-10 21:36:32,616 [e470dbc6-b7c3-4cc5-bcba-9849bb7698b4@group-18D7FCCA4C8F-LeaderElection63] INFO  server.RaftServerConfigKeys (ConfUtils.java:logGet(43)) - raft.server.watch.element-limit = 65536 (default)
2019-10-10 21:36:32,618 [Thread-1467] INFO  impl.FollowerState (FollowerState.java:run(108)) - e470dbc6-b7c3-4cc5-bcba-9849bb7698b4@group-E0DA6B936123-FollowerState: change to CANDIDATE, lastRpcTime:5009ms, electionTimeout:5009ms
2019-10-10 21:36:32,618 [Thread-1467] INFO  impl.RoleInfo (RoleInfo.java:shutdownFollowerState(121)) - e470dbc6-b7c3-4cc5-bcba-9849bb7698b4: shutdown FollowerState
2019-10-10 21:36:32,618 [Thread-1467] INFO  impl.RaftServerImpl (RaftServerImpl.java:setRole(170)) - e470dbc6-b7c3-4cc5-bcba-9849bb7698b4@group-E0DA6B936123: changes role from  FOLLOWER to CANDIDATE at term 0 for changeToCandidate
2019-10-10 21:36:32,618 [Thread-1467] INFO  impl.RoleInfo (RoleInfo.java:updateAndGet(143)) - e470dbc6-b7c3-4cc5-bcba-9849bb7698b4: start LeaderElection
2019-10-10 21:36:32,618 [e470dbc6-b7c3-4cc5-bcba-9849bb7698b4@group-18D7FCCA4C8F-LeaderElection63] INFO  impl.RoleInfo (RoleInfo.java:updateAndGet(143)) - e470dbc6-b7c3-4cc5-bcba-9849bb7698b4: start LeaderState
2019-10-10 21:36:32,623 [e470dbc6-b7c3-4cc5-bcba-9849bb7698b4@group-18D7FCCA4C8F-LeaderElection63] INFO  segmented.SegmentedRaftLogWorker (SegmentedRaftLogWorker.java:startLogSegment(385)) - e470dbc6-b7c3-4cc5-bcba-9849bb7698b4@group-18D7FCCA4C8F-SegmentedRaftLogWorker: Starting segment from index:0
2019-10-10 21:36:32,624 [e470dbc6-b7c3-4cc5-bcba-9849bb7698b4@group-18D7FCCA4C8F-LeaderElection63] INFO  impl.RaftServerImpl (ServerState.java:setRaftConf(356)) - e470dbc6-b7c3-4cc5-bcba-9849bb7698b4@group-18D7FCCA4C8F: set configuration 0: [e470dbc6-b7c3-4cc5-bcba-9849bb7698b4:192.168.164.253:35241], old=null at 0
2019-10-10 21:36:32,639 [e470dbc6-b7c3-4cc5-bcba-9849bb7698b4@group-E0DA6B936123-LeaderElection64] INFO  impl.LeaderElection (LeaderElection.java:askForVotes(178)) - e470dbc6-b7c3-4cc5-bcba-9849bb7698b4@group-E0DA6B936123-LeaderElection64: begin an election at term 1 for -1: [36dc106a-b650-4673-a9ea-d6528ce93d44:192.168.164.253:41511, 4d6c447f-053a-4089-9221-5a9185208761:192.168.164.253:39487, e470dbc6-b7c3-4cc5-bcba-9849bb7698b4:192.168.164.253:35241], old=null
2019-10-10 21:36:32,645 [grpc-default-executor-8] INFO  impl.RaftServerImpl (RaftServerImpl.java:setRole(170)) - 36dc106a-b650-4673-a9ea-d6528ce93d44@group-E0DA6B936123: changes role from  FOLLOWER to FOLLOWER at term 1 for recognizeCandidate:e470dbc6-b7c3-4cc5-bcba-9849bb7698b4
2019-10-10 21:36:32,645 [grpc-default-executor-8] INFO  impl.RoleInfo (RoleInfo.java:shutdownFollowerState(121)) - 36dc106a-b650-4673-a9ea-d6528ce93d44: shutdown FollowerState
2019-10-10 21:36:32,646 [grpc-default-executor-8] INFO  impl.RoleInfo (RoleInfo.java:updateAndGet(143)) - 36dc106a-b650-4673-a9ea-d6528ce93d44: start FollowerState
2019-10-10 21:36:32,646 [Thread-1470] INFO  impl.FollowerState (FollowerState.java:run(117)) - 36dc106a-b650-4673-a9ea-d6528ce93d44@group-E0DA6B936123-FollowerState was interrupted: java.lang.InterruptedException: sleep interrupted
2019-10-10 21:36:32,646 [grpc-default-executor-9] INFO  impl.RaftServerImpl (RaftServerImpl.java:setRole(170)) - 4d6c447f-053a-4089-9221-5a9185208761@group-E0DA6B936123: changes role from  FOLLOWER to FOLLOWER at term 1 for recognizeCandidate:e470dbc6-b7c3-4cc5-bcba-9849bb7698b4
2019-10-10 21:36:32,661 [grpc-default-executor-9] INFO  impl.RoleInfo (RoleInfo.java:shutdownFollowerState(121)) - 4d6c447f-053a-4089-9221-5a9185208761: shutdown FollowerState
2019-10-10 21:36:32,661 [grpc-default-executor-9] INFO  impl.RoleInfo (RoleInfo.java:updateAndGet(143)) - 4d6c447f-053a-4089-9221-5a9185208761: start FollowerState
2019-10-10 21:36:32,661 [Thread-1469] INFO  impl.FollowerState (FollowerState.java:run(117)) - 4d6c447f-053a-4089-9221-5a9185208761@group-E0DA6B936123-FollowerState was interrupted: java.lang.InterruptedException: sleep interrupted
2019-10-10 21:36:32,690 [e470dbc6-b7c3-4cc5-bcba-9849bb7698b4@group-18D7FCCA4C8F-SegmentedRaftLogWorker] INFO  segmented.SegmentedRaftLogWorker (SegmentedRaftLogWorker.java:execute(574)) - e470dbc6-b7c3-4cc5-bcba-9849bb7698b4@group-18D7FCCA4C8F-SegmentedRaftLogWorker: created new log segment /workdir/hadoop-ozone/integration-test/target/test-dir/MiniOzoneClusterImpl-f3f4975b-3282-43d8-8c1e-6f49492aa572/datanode-5/data/ratis/1d49b462-c72d-4d4d-aee7-18d7fcca4c8f/current/log_inprogress_0
2019-10-10 21:36:32,711 [Thread-1463] INFO  impl.FollowerState (FollowerState.java:run(108)) - f9704062-a631-4b24-9a2e-8f5e86d811ac@group-599E3C4809DC-FollowerState: change to CANDIDATE, lastRpcTime:5188ms, electionTimeout:5170ms
2019-10-10 21:36:32,711 [e470dbc6-b7c3-4cc5-bcba-9849bb7698b4@group-E0DA6B936123-LeaderElection64] INFO  impl.LeaderElection (LeaderElection.java:logAndReturn(56)) - e470dbc6-b7c3-4cc5-bcba-9849bb7698b4@group-E0DA6B936123-LeaderElection64: Election PASSED; received 1 response(s) [e470dbc6-b7c3-4cc5-bcba-9849bb7698b4<-36dc106a-b650-4673-a9ea-d6528ce93d44#0:OK-t1] and 0 exception(s); e470dbc6-b7c3-4cc5-bcba-9849bb7698b4@group-E0DA6B936123:t1, leader=null, voted=e470dbc6-b7c3-4cc5-bcba-9849bb7698b4, raftlog=e470dbc6-b7c3-4cc5-bcba-9849bb7698b4@group-E0DA6B936123-SegmentedRaftLog:OPENED:c-1,f-1,i0, conf=-1: [36dc106a-b650-4673-a9ea-d6528ce93d44:192.168.164.253:41511, 4d6c447f-053a-4089-9221-5a9185208761:192.168.164.253:39487, e470dbc6-b7c3-4cc5-bcba-9849bb7698b4:192.168.164.253:35241], old=null
2019-10-10 21:36:32,711 [Thread-1463] INFO  impl.RoleInfo (RoleInfo.java:shutdownFollowerState(121)) - f9704062-a631-4b24-9a2e-8f5e86d811ac: shutdown FollowerState
2019-10-10 21:36:32,711 [e470dbc6-b7c3-4cc5-bcba-9849bb7698b4@group-E0DA6B936123-LeaderElection64] INFO  impl.RoleInfo (RoleInfo.java:shutdownLeaderElection(134)) - e470dbc6-b7c3-4cc5-bcba-9849bb7698b4: shutdown LeaderElection
2019-10-10 21:36:32,712 [Thread-1463] INFO  impl.RaftServerImpl (RaftServerImpl.java:setRole(170)) - f9704062-a631-4b24-9a2e-8f5e86d811ac@group-599E3C4809DC: changes role from  FOLLOWER to CANDIDATE at term 0 for changeToCandidate
2019-10-10 21:36:32,712 [e470dbc6-b7c3-4cc5-bcba-9849bb7698b4@group-E0DA6B936123-LeaderElection64] INFO  impl.RaftServerImpl (RaftServerImpl.java:setRole(170)) - e470dbc6-b7c3-4cc5-bcba-9849bb7698b4@group-E0DA6B936123: changes role from CANDIDATE to LEADER at term 1 for changeToLeader
2019-10-10 21:36:32,712 [Thread-1463] INFO  impl.RoleInfo (RoleInfo.java:updateAndGet(143)) - f9704062-a631-4b24-9a2e-8f5e86d811ac: start LeaderElection
2019-10-10 21:36:32,712 [e470dbc6-b7c3-4cc5-bcba-9849bb7698b4@group-E0DA6B936123-LeaderElection64] INFO  impl.RaftServerImpl (ServerState.java:setLeader(255)) - e470dbc6-b7c3-4cc5-bcba-9849bb7698b4@group-E0DA6B936123: change Leader from null to e470dbc6-b7c3-4cc5-bcba-9849bb7698b4 at term 1 for becomeLeader, leader elected after 5116ms
2019-10-10 21:36:32,712 [e470dbc6-b7c3-4cc5-bcba-9849bb7698b4@group-E0DA6B936123-LeaderElection64] INFO  server.RaftServerConfigKeys (ConfUtils.java:logGet(43)) - raft.server.staging.catchup.gap = 1000 (default)
2019-10-10 21:36:32,717 [e470dbc6-b7c3-4cc5-bcba-9849bb7698b4@group-E0DA6B936123-LeaderElection64] INFO  server.RaftServerConfigKeys (ConfUtils.java:logGet(43)) - raft.server.rpc.sleep.time = 25ms (default)
2019-10-10 21:36:32,718 [e470dbc6-b7c3-4cc5-bcba-9849bb7698b4@group-E0DA6B936123-LeaderElection64] INFO  server.RaftServerConfigKeys (ConfUtils.java:logGet(43)) - raft.server.write.element-limit = 4096 (default)
2019-10-10 21:36:32,718 [e470dbc6-b7c3-4cc5-bcba-9849bb7698b4@group-E0DA6B936123-LeaderElection64] INFO  server.RaftServerConfigKeys (ConfUtils.java:logGet(43)) - raft.server.watch.timeout = 10s (default)
2019-10-10 21:36:32,718 [e470dbc6-b7c3-4cc5-bcba-9849bb7698b4@group-E0DA6B936123-LeaderElection64] INFO  server.RaftServerConfigKeys (ConfUtils.java:logGet(43)) - raft.server.watch.timeout.denomination = 1s (default)
2019-10-10 21:36:32,718 [e470dbc6-b7c3-4cc5-bcba-9849bb7698b4@group-E0DA6B936123-LeaderElection64] INFO  server.RaftServerConfigKeys (ConfUtils.java:logGet(43)) - raft.server.watch.element-limit = 65536 (default)
2019-10-10 21:36:32,721 [e470dbc6-b7c3-4cc5-bcba-9849bb7698b4@group-E0DA6B936123-LeaderElection64] INFO  server.RaftServerConfigKeys (ConfUtils.java:logGet(43)) - raft.server.log.appender.snapshot.chunk.size.max = 16MB (=16777216) (default)
2019-10-10 21:36:32,722 [e470dbc6-b7c3-4cc5-bcba-9849bb7698b4@group-E0DA6B936123-LeaderElection64] INFO  server.RaftServerConfigKeys (ConfUtils.java:logGet(43)) - raft.server.log.appender.buffer.byte-limit = 33554432 (custom)
2019-10-10 21:36:32,722 [e470dbc6-b7c3-4cc5-bcba-9849bb7698b4@group-E0DA6B936123-LeaderElection64] INFO  server.RaftServerConfigKeys (ConfUtils.java:logGet(43)) - raft.server.log.appender.buffer.element-limit = 1 (custom)
2019-10-10 21:36:32,722 [e470dbc6-b7c3-4cc5-bcba-9849bb7698b4@group-E0DA6B936123-LeaderElection64] INFO  grpc.GrpcConfigKeys$Server (ConfUtils.java:logGet(43)) - raft.grpc.server.leader.outstanding.appends.max = 128 (default)
2019-10-10 21:36:32,723 [e470dbc6-b7c3-4cc5-bcba-9849bb7698b4@group-E0DA6B936123-LeaderElection64] INFO  server.RaftServerConfigKeys (ConfUtils.java:logGet(43)) - raft.server.rpc.request.timeout = 3000ms (default)
2019-10-10 21:36:32,723 [e470dbc6-b7c3-4cc5-bcba-9849bb7698b4@group-E0DA6B936123-LeaderElection64] INFO  server.RaftServerConfigKeys (ConfUtils.java:logGet(43)) - raft.server.log.appender.install.snapshot.enabled = false (custom)
2019-10-10 21:36:32,723 [e470dbc6-b7c3-4cc5-bcba-9849bb7698b4@group-E0DA6B936123-LeaderElection64] INFO  server.RaftServerConfigKeys (ConfUtils.java:logGet(43)) - raft.server.log.appender.snapshot.chunk.size.max = 16MB (=16777216) (default)
2019-10-10 21:36:32,724 [e470dbc6-b7c3-4cc5-bcba-9849bb7698b4@group-E0DA6B936123-LeaderElection64] INFO  server.RaftServerConfigKeys (ConfUtils.java:logGet(43)) - raft.server.log.appender.buffer.byte-limit = 33554432 (custom)
2019-10-10 21:36:32,724 [e470dbc6-b7c3-4cc5-bcba-9849bb7698b4@group-E0DA6B936123-LeaderElection64] INFO  server.RaftServerConfigKeys (ConfUtils.java:logGet(43)) - raft.server.log.appender.buffer.element-limit = 1 (custom)
2019-10-10 21:36:32,724 [e470dbc6-b7c3-4cc5-bcba-9849bb7698b4@group-E0DA6B936123-LeaderElection64] INFO  grpc.GrpcConfigKeys$Server (ConfUtils.java:logGet(43)) - raft.grpc.server.leader.outstanding.appends.max = 128 (default)
2019-10-10 21:36:32,724 [e470dbc6-b7c3-4cc5-bcba-9849bb7698b4@group-E0DA6B936123-LeaderElection64] INFO  server.RaftServerConfigKeys (ConfUtils.java:logGet(43)) - raft.server.rpc.request.timeout = 3000ms (default)
2019-10-10 21:36:32,724 [e470dbc6-b7c3-4cc5-bcba-9849bb7698b4@group-E0DA6B936123-LeaderElection64] INFO  server.RaftServerConfigKeys (ConfUtils.java:logGet(43)) - raft.server.log.appender.install.snapshot.enabled = false (custom)
2019-10-10 21:36:32,725 [e470dbc6-b7c3-4cc5-bcba-9849bb7698b4@group-E0DA6B936123-LeaderElection64] INFO  impl.RoleInfo (RoleInfo.java:updateAndGet(143)) - e470dbc6-b7c3-4cc5-bcba-9849bb7698b4: start LeaderState
2019-10-10 21:36:32,725 [e470dbc6-b7c3-4cc5-bcba-9849bb7698b4@group-E0DA6B936123-LeaderElection64] INFO  segmented.SegmentedRaftLogWorker (SegmentedRaftLogWorker.java:startLogSegment(385)) - e470dbc6-b7c3-4cc5-bcba-9849bb7698b4@group-E0DA6B936123-SegmentedRaftLogWorker: Starting segment from index:0
2019-10-10 21:36:32,726 [e470dbc6-b7c3-4cc5-bcba-9849bb7698b4@group-E0DA6B936123-LeaderElection64] INFO  impl.RaftServerImpl (ServerState.java:setRaftConf(356)) - e470dbc6-b7c3-4cc5-bcba-9849bb7698b4@group-E0DA6B936123: set configuration 0: [36dc106a-b650-4673-a9ea-d6528ce93d44:192.168.164.253:41511, 4d6c447f-053a-4089-9221-5a9185208761:192.168.164.253:39487, e470dbc6-b7c3-4cc5-bcba-9849bb7698b4:192.168.164.253:35241], old=null at 0
2019-10-10 21:36:32,755 [f9704062-a631-4b24-9a2e-8f5e86d811ac@group-599E3C4809DC-LeaderElection65] INFO  impl.LeaderElection (LeaderElection.java:askForVotes(178)) - f9704062-a631-4b24-9a2e-8f5e86d811ac@group-599E3C4809DC-LeaderElection65: begin an election at term 1 for -1: [f9704062-a631-4b24-9a2e-8f5e86d811ac:192.168.164.253:45612], old=null
2019-10-10 21:36:32,755 [f9704062-a631-4b24-9a2e-8f5e86d811ac@group-599E3C4809DC-LeaderElection65] INFO  impl.RoleInfo (RoleInfo.java:shutdownLeaderElection(134)) - f9704062-a631-4b24-9a2e-8f5e86d811ac: shutdown LeaderElection
2019-10-10 21:36:32,755 [f9704062-a631-4b24-9a2e-8f5e86d811ac@group-599E3C4809DC-LeaderElection65] INFO  impl.RaftServerImpl (RaftServerImpl.java:setRole(170)) - f9704062-a631-4b24-9a2e-8f5e86d811ac@group-599E3C4809DC: changes role from CANDIDATE to LEADER at term 1 for changeToLeader
2019-10-10 21:36:32,755 [f9704062-a631-4b24-9a2e-8f5e86d811ac@group-599E3C4809DC-LeaderElection65] INFO  impl.RaftServerImpl (ServerState.java:setLeader(255)) - f9704062-a631-4b24-9a2e-8f5e86d811ac@group-599E3C4809DC: change Leader from null to f9704062-a631-4b24-9a2e-8f5e86d811ac at term 1 for becomeLeader, leader elected after 5241ms
2019-10-10 21:36:32,756 [f9704062-a631-4b24-9a2e-8f5e86d811ac@group-599E3C4809DC-LeaderElection65] INFO  server.RaftServerConfigKeys (ConfUtils.java:logGet(43)) - raft.server.staging.catchup.gap = 1000 (default)
2019-10-10 21:36:32,756 [f9704062-a631-4b24-9a2e-8f5e86d811ac@group-599E3C4809DC-LeaderElection65] INFO  server.RaftServerConfigKeys (ConfUtils.java:logGet(43)) - raft.server.rpc.sleep.time = 25ms (default)
2019-10-10 21:36:32,756 [f9704062-a631-4b24-9a2e-8f5e86d811ac@group-599E3C4809DC-LeaderElection65] INFO  server.RaftServerConfigKeys (ConfUtils.java:logGet(43)) - raft.server.write.element-limit = 4096 (default)
2019-10-10 21:36:32,756 [f9704062-a631-4b24-9a2e-8f5e86d811ac@group-599E3C4809DC-LeaderElection65] INFO  server.RaftServerConfigKeys (ConfUtils.java:logGet(43)) - raft.server.watch.timeout = 10s (default)
2019-10-10 21:36:32,756 [f9704062-a631-4b24-9a2e-8f5e86d811ac@group-599E3C4809DC-LeaderElection65] INFO  server.RaftServerConfigKeys (ConfUtils.java:logGet(43)) - raft.server.watch.timeout.denomination = 1s (default)
2019-10-10 21:36:32,757 [f9704062-a631-4b24-9a2e-8f5e86d811ac@group-599E3C4809DC-LeaderElection65] INFO  server.RaftServerConfigKeys (ConfUtils.java:logGet(43)) - raft.server.watch.element-limit = 65536 (default)
2019-10-10 21:36:32,760 [grpc-default-executor-9] INFO  impl.RaftServerImpl (ServerState.java:setLeader(255)) - 36dc106a-b650-4673-a9ea-d6528ce93d44@group-E0DA6B936123: change Leader from null to e470dbc6-b7c3-4cc5-bcba-9849bb7698b4 at term 1 for appendEntries, leader elected after 5163ms
2019-10-10 21:36:32,760 [grpc-default-executor-8] INFO  impl.RaftServerImpl (ServerState.java:setLeader(255)) - 4d6c447f-053a-4089-9221-5a9185208761@group-E0DA6B936123: change Leader from null to e470dbc6-b7c3-4cc5-bcba-9849bb7698b4 at term 1 for appendEntries, leader elected after 5164ms
2019-10-10 21:36:32,762 [f9704062-a631-4b24-9a2e-8f5e86d811ac@group-599E3C4809DC-LeaderElection65] INFO  impl.RoleInfo (RoleInfo.java:updateAndGet(143)) - f9704062-a631-4b24-9a2e-8f5e86d811ac: start LeaderState
2019-10-10 21:36:32,762 [f9704062-a631-4b24-9a2e-8f5e86d811ac@group-599E3C4809DC-LeaderElection65] INFO  segmented.SegmentedRaftLogWorker (SegmentedRaftLogWorker.java:startLogSegment(385)) - f9704062-a631-4b24-9a2e-8f5e86d811ac@group-599E3C4809DC-SegmentedRaftLogWorker: Starting segment from index:0
2019-10-10 21:36:32,762 [f9704062-a631-4b24-9a2e-8f5e86d811ac@group-599E3C4809DC-LeaderElection65] INFO  impl.RaftServerImpl (ServerState.java:setRaftConf(356)) - f9704062-a631-4b24-9a2e-8f5e86d811ac@group-599E3C4809DC: set configuration 0: [f9704062-a631-4b24-9a2e-8f5e86d811ac:192.168.164.253:45612], old=null at 0
2019-10-10 21:36:32,763 [grpc-default-executor-8] INFO  impl.RaftServerImpl (ServerState.java:setRaftConf(356)) - 4d6c447f-053a-4089-9221-5a9185208761@group-E0DA6B936123: set configuration 0: [36dc106a-b650-4673-a9ea-d6528ce93d44:192.168.164.253:41511, 4d6c447f-053a-4089-9221-5a9185208761:192.168.164.253:39487, e470dbc6-b7c3-4cc5-bcba-9849bb7698b4:192.168.164.253:35241], old=null at 0
2019-10-10 21:36:32,763 [grpc-default-executor-9] INFO  impl.RaftServerImpl (ServerState.java:setRaftConf(356)) - 36dc106a-b650-4673-a9ea-d6528ce93d44@group-E0DA6B936123: set configuration 0: [36dc106a-b650-4673-a9ea-d6528ce93d44:192.168.164.253:41511, 4d6c447f-053a-4089-9221-5a9185208761:192.168.164.253:39487, e470dbc6-b7c3-4cc5-bcba-9849bb7698b4:192.168.164.253:35241], old=null at 0
2019-10-10 21:36:32,764 [grpc-default-executor-8] INFO  segmented.SegmentedRaftLogWorker (SegmentedRaftLogWorker.java:startLogSegment(385)) - 4d6c447f-053a-4089-9221-5a9185208761@group-E0DA6B936123-SegmentedRaftLogWorker: Starting segment from index:0
2019-10-10 21:36:32,764 [grpc-default-executor-9] INFO  segmented.SegmentedRaftLogWorker (SegmentedRaftLogWorker.java:startLogSegment(385)) - 36dc106a-b650-4673-a9ea-d6528ce93d44@group-E0DA6B936123-SegmentedRaftLogWorker: Starting segment from index:0
2019-10-10 21:36:32,783 [e470dbc6-b7c3-4cc5-bcba-9849bb7698b4@group-E0DA6B936123-SegmentedRaftLogWorker] INFO  segmented.SegmentedRaftLogWorker (SegmentedRaftLogWorker.java:execute(574)) - e470dbc6-b7c3-4cc5-bcba-9849bb7698b4@group-E0DA6B936123-SegmentedRaftLogWorker: created new log segment /workdir/hadoop-ozone/integration-test/target/test-dir/MiniOzoneClusterImpl-f3f4975b-3282-43d8-8c1e-6f49492aa572/datanode-5/data/ratis/c98dc3eb-1fe6-4a18-9d74-e0da6b936123/current/log_inprogress_0
2019-10-10 21:36:32,825 [Thread-1479] INFO  impl.FollowerState (FollowerState.java:run(108)) - 5efba029-cd49-4dce-a6fc-d5e057562355@group-9048C6FB375C-FollowerState: change to CANDIDATE, lastRpcTime:5116ms, electionTimeout:5116ms
2019-10-10 21:36:32,825 [Thread-1479] INFO  impl.RoleInfo (RoleInfo.java:shutdownFollowerState(121)) - 5efba029-cd49-4dce-a6fc-d5e057562355: shutdown FollowerState
2019-10-10 21:36:32,825 [f9704062-a631-4b24-9a2e-8f5e86d811ac@group-599E3C4809DC-SegmentedRaftLogWorker] INFO  segmented.SegmentedRaftLogWorker (SegmentedRaftLogWorker.java:execute(574)) - f9704062-a631-4b24-9a2e-8f5e86d811ac@group-599E3C4809DC-SegmentedRaftLogWorker: created new log segment /workdir/hadoop-ozone/integration-test/target/test-dir/MiniOzoneClusterImpl-f3f4975b-3282-43d8-8c1e-6f49492aa572/datanode-6/data/ratis/eaba2bd4-1d49-41c7-808a-599e3c4809dc/current/log_inprogress_0
2019-10-10 21:36:32,825 [Thread-1479] INFO  impl.RaftServerImpl (RaftServerImpl.java:setRole(170)) - 5efba029-cd49-4dce-a6fc-d5e057562355@group-9048C6FB375C: changes role from  FOLLOWER to CANDIDATE at term 0 for changeToCandidate
2019-10-10 21:36:32,825 [36dc106a-b650-4673-a9ea-d6528ce93d44@group-E0DA6B936123-SegmentedRaftLogWorker] INFO  segmented.SegmentedRaftLogWorker (SegmentedRaftLogWorker.java:execute(574)) - 36dc106a-b650-4673-a9ea-d6528ce93d44@group-E0DA6B936123-SegmentedRaftLogWorker: created new log segment /workdir/hadoop-ozone/integration-test/target/test-dir/MiniOzoneClusterImpl-f3f4975b-3282-43d8-8c1e-6f49492aa572/datanode-0/data/ratis/c98dc3eb-1fe6-4a18-9d74-e0da6b936123/current/log_inprogress_0
2019-10-10 21:36:32,826 [Thread-1479] INFO  impl.RoleInfo (RoleInfo.java:updateAndGet(143)) - 5efba029-cd49-4dce-a6fc-d5e057562355: start LeaderElection
2019-10-10 21:36:32,825 [4d6c447f-053a-4089-9221-5a9185208761@group-E0DA6B936123-SegmentedRaftLogWorker] INFO  segmented.SegmentedRaftLogWorker (SegmentedRaftLogWorker.java:execute(574)) - 4d6c447f-053a-4089-9221-5a9185208761@group-E0DA6B936123-SegmentedRaftLogWorker: created new log segment /workdir/hadoop-ozone/integration-test/target/test-dir/MiniOzoneClusterImpl-f3f4975b-3282-43d8-8c1e-6f49492aa572/datanode-4/data/ratis/c98dc3eb-1fe6-4a18-9d74-e0da6b936123/current/log_inprogress_0
2019-10-10 21:36:32,846 [Thread-1477] INFO  impl.FollowerState (FollowerState.java:run(108)) - d78a6a3e-ecdb-4616-bb5f-66f0f6ec0a0c@group-9048C6FB375C-FollowerState: change to CANDIDATE, lastRpcTime:5141ms, electionTimeout:5141ms
2019-10-10 21:36:32,846 [Thread-1477] INFO  impl.RoleInfo (RoleInfo.java:shutdownFollowerState(121)) - d78a6a3e-ecdb-4616-bb5f-66f0f6ec0a0c: shutdown FollowerState
2019-10-10 21:36:32,847 [Thread-1477] INFO  impl.RaftServerImpl (RaftServerImpl.java:setRole(170)) - d78a6a3e-ecdb-4616-bb5f-66f0f6ec0a0c@group-9048C6FB375C: changes role from  FOLLOWER to CANDIDATE at term 0 for changeToCandidate
2019-10-10 21:36:32,847 [Thread-1477] INFO  impl.RoleInfo (RoleInfo.java:updateAndGet(143)) - d78a6a3e-ecdb-4616-bb5f-66f0f6ec0a0c: start LeaderElection
2019-10-10 21:36:32,853 [5efba029-cd49-4dce-a6fc-d5e057562355@group-9048C6FB375C-LeaderElection66] INFO  impl.LeaderElection (LeaderElection.java:askForVotes(178)) - 5efba029-cd49-4dce-a6fc-d5e057562355@group-9048C6FB375C-LeaderElection66: begin an election at term 1 for -1: [d78a6a3e-ecdb-4616-bb5f-66f0f6ec0a0c:192.168.164.253:42441, 5efba029-cd49-4dce-a6fc-d5e057562355:192.168.164.253:36642, f9704062-a631-4b24-9a2e-8f5e86d811ac:192.168.164.253:45612], old=null
2019-10-10 21:36:32,863 [grpc-default-executor-9] INFO  impl.RaftServerImpl (RaftServerImpl.java:setRole(170)) - f9704062-a631-4b24-9a2e-8f5e86d811ac@group-9048C6FB375C: changes role from  FOLLOWER to FOLLOWER at term 1 for recognizeCandidate:5efba029-cd49-4dce-a6fc-d5e057562355
2019-10-10 21:36:32,863 [grpc-default-executor-9] INFO  impl.RoleInfo (RoleInfo.java:shutdownFollowerState(121)) - f9704062-a631-4b24-9a2e-8f5e86d811ac: shutdown FollowerState
2019-10-10 21:36:32,863 [grpc-default-executor-9] INFO  impl.RoleInfo (RoleInfo.java:updateAndGet(143)) - f9704062-a631-4b24-9a2e-8f5e86d811ac: start FollowerState
2019-10-10 21:36:32,863 [Thread-1478] INFO  impl.FollowerState (FollowerState.java:run(117)) - f9704062-a631-4b24-9a2e-8f5e86d811ac@group-9048C6FB375C-FollowerState was interrupted: java.lang.InterruptedException: sleep interrupted
2019-10-10 21:36:32,876 [d78a6a3e-ecdb-4616-bb5f-66f0f6ec0a0c@group-9048C6FB375C-LeaderElection67] INFO  impl.LeaderElection (LeaderElection.java:askForVotes(178)) - d78a6a3e-ecdb-4616-bb5f-66f0f6ec0a0c@group-9048C6FB375C-LeaderElection67: begin an election at term 1 for -1: [d78a6a3e-ecdb-4616-bb5f-66f0f6ec0a0c:192.168.164.253:42441, 5efba029-cd49-4dce-a6fc-d5e057562355:192.168.164.253:36642, f9704062-a631-4b24-9a2e-8f5e86d811ac:192.168.164.253:45612], old=null
2019-10-10 21:36:32,897 [d78a6a3e-ecdb-4616-bb5f-66f0f6ec0a0c@group-9048C6FB375C-LeaderElection67] INFO  impl.LeaderElection (LeaderElection.java:logAndReturn(56)) - d78a6a3e-ecdb-4616-bb5f-66f0f6ec0a0c@group-9048C6FB375C-LeaderElection67: Election REJECTED; received 2 response(s) [d78a6a3e-ecdb-4616-bb5f-66f0f6ec0a0c<-5efba029-cd49-4dce-a6fc-d5e057562355#0:FAIL-t1, d78a6a3e-ecdb-4616-bb5f-66f0f6ec0a0c<-f9704062-a631-4b24-9a2e-8f5e86d811ac#0:FAIL-t1] and 0 exception(s); d78a6a3e-ecdb-4616-bb5f-66f0f6ec0a0c@group-9048C6FB375C:t1, leader=null, voted=d78a6a3e-ecdb-4616-bb5f-66f0f6ec0a0c, raftlog=d78a6a3e-ecdb-4616-bb5f-66f0f6ec0a0c@group-9048C6FB375C-SegmentedRaftLog:OPENED:c-1,f-1,i0, conf=-1: [d78a6a3e-ecdb-4616-bb5f-66f0f6ec0a0c:192.168.164.253:42441, 5efba029-cd49-4dce-a6fc-d5e057562355:192.168.164.253:36642, f9704062-a631-4b24-9a2e-8f5e86d811ac:192.168.164.253:45612], old=null
2019-10-10 21:36:32,900 [d78a6a3e-ecdb-4616-bb5f-66f0f6ec0a0c@group-9048C6FB375C-LeaderElection67] INFO  impl.RaftServerImpl (RaftServerImpl.java:setRole(170)) - d78a6a3e-ecdb-4616-bb5f-66f0f6ec0a0c@group-9048C6FB375C: changes role from CANDIDATE to FOLLOWER at term 1 for DISCOVERED_A_NEW_TERM
2019-10-10 21:36:32,900 [d78a6a3e-ecdb-4616-bb5f-66f0f6ec0a0c@group-9048C6FB375C-LeaderElection67] INFO  impl.RoleInfo (RoleInfo.java:shutdownLeaderElection(134)) - d78a6a3e-ecdb-4616-bb5f-66f0f6ec0a0c: shutdown LeaderElection
2019-10-10 21:36:32,900 [5efba029-cd49-4dce-a6fc-d5e057562355@group-9048C6FB375C-LeaderElection66] INFO  impl.LeaderElection (LeaderElection.java:logAndReturn(56)) - 5efba029-cd49-4dce-a6fc-d5e057562355@group-9048C6FB375C-LeaderElection66: Election PASSED; received 2 response(s) [5efba029-cd49-4dce-a6fc-d5e057562355<-d78a6a3e-ecdb-4616-bb5f-66f0f6ec0a0c#0:FAIL-t1, 5efba029-cd49-4dce-a6fc-d5e057562355<-f9704062-a631-4b24-9a2e-8f5e86d811ac#0:OK-t1] and 0 exception(s); 5efba029-cd49-4dce-a6fc-d5e057562355@group-9048C6FB375C:t1, leader=null, voted=5efba029-cd49-4dce-a6fc-d5e057562355, raftlog=5efba029-cd49-4dce-a6fc-d5e057562355@group-9048C6FB375C-SegmentedRaftLog:OPENED:c-1,f-1,i0, conf=-1: [d78a6a3e-ecdb-4616-bb5f-66f0f6ec0a0c:192.168.164.253:42441, 5efba029-cd49-4dce-a6fc-d5e057562355:192.168.164.253:36642, f9704062-a631-4b24-9a2e-8f5e86d811ac:192.168.164.253:45612], old=null
2019-10-10 21:36:32,900 [d78a6a3e-ecdb-4616-bb5f-66f0f6ec0a0c@group-9048C6FB375C-LeaderElection67] INFO  impl.RoleInfo (RoleInfo.java:updateAndGet(143)) - d78a6a3e-ecdb-4616-bb5f-66f0f6ec0a0c: start FollowerState
2019-10-10 21:36:32,900 [5efba029-cd49-4dce-a6fc-d5e057562355@group-9048C6FB375C-LeaderElection66] INFO  impl.RoleInfo (RoleInfo.java:shutdownLeaderElection(134)) - 5efba029-cd49-4dce-a6fc-d5e057562355: shutdown LeaderElection
2019-10-10 21:36:32,900 [5efba029-cd49-4dce-a6fc-d5e057562355@group-9048C6FB375C-LeaderElection66] INFO  impl.RaftServerImpl (RaftServerImpl.java:setRole(170)) - 5efba029-cd49-4dce-a6fc-d5e057562355@group-9048C6FB375C: changes role from CANDIDATE to LEADER at term 1 for changeToLeader
2019-10-10 21:36:32,901 [5efba029-cd49-4dce-a6fc-d5e057562355@group-9048C6FB375C-LeaderElection66] INFO  impl.RaftServerImpl (ServerState.java:setLeader(255)) - 5efba029-cd49-4dce-a6fc-d5e057562355@group-9048C6FB375C: change Leader from null to 5efba029-cd49-4dce-a6fc-d5e057562355 at term 1 for becomeLeader, leader elected after 5205ms
2019-10-10 21:36:32,901 [5efba029-cd49-4dce-a6fc-d5e057562355@group-9048C6FB375C-LeaderElection66] INFO  server.RaftServerConfigKeys (ConfUtils.java:logGet(43)) - raft.server.staging.catchup.gap = 1000 (default)
2019-10-10 21:36:32,901 [5efba029-cd49-4dce-a6fc-d5e057562355@group-9048C6FB375C-LeaderElection66] INFO  server.RaftServerConfigKeys (ConfUtils.java:logGet(43)) - raft.server.rpc.sleep.time = 25ms (default)
2019-10-10 21:36:32,901 [5efba029-cd49-4dce-a6fc-d5e057562355@group-9048C6FB375C-LeaderElection66] INFO  server.RaftServerConfigKeys (ConfUtils.java:logGet(43)) - raft.server.write.element-limit = 4096 (default)
2019-10-10 21:36:32,901 [5efba029-cd49-4dce-a6fc-d5e057562355@group-9048C6FB375C-LeaderElection66] INFO  server.RaftServerConfigKeys (ConfUtils.java:logGet(43)) - raft.server.watch.timeout = 10s (default)
2019-10-10 21:36:32,901 [5efba029-cd49-4dce-a6fc-d5e057562355@group-9048C6FB375C-LeaderElection66] INFO  server.RaftServerConfigKeys (ConfUtils.java:logGet(43)) - raft.server.watch.timeout.denomination = 1s (default)
2019-10-10 21:36:32,901 [5efba029-cd49-4dce-a6fc-d5e057562355@group-9048C6FB375C-LeaderElection66] INFO  server.RaftServerConfigKeys (ConfUtils.java:logGet(43)) - raft.server.watch.element-limit = 65536 (default)
2019-10-10 21:36:32,904 [5efba029-cd49-4dce-a6fc-d5e057562355@group-9048C6FB375C-LeaderElection66] INFO  server.RaftServerConfigKeys (ConfUtils.java:logGet(43)) - raft.server.log.appender.snapshot.chunk.size.max = 16MB (=16777216) (default)
2019-10-10 21:36:32,904 [5efba029-cd49-4dce-a6fc-d5e057562355@group-9048C6FB375C-LeaderElection66] INFO  server.RaftServerConfigKeys (ConfUtils.java:logGet(43)) - raft.server.log.appender.buffer.byte-limit = 33554432 (custom)
2019-10-10 21:36:32,904 [5efba029-cd49-4dce-a6fc-d5e057562355@group-9048C6FB375C-LeaderElection66] INFO  server.RaftServerConfigKeys (ConfUtils.java:logGet(43)) - raft.server.log.appender.buffer.element-limit = 1 (custom)
2019-10-10 21:36:32,904 [5efba029-cd49-4dce-a6fc-d5e057562355@group-9048C6FB375C-LeaderElection66] INFO  grpc.GrpcConfigKeys$Server (ConfUtils.java:logGet(43)) - raft.grpc.server.leader.outstanding.appends.max = 128 (default)
2019-10-10 21:36:32,905 [5efba029-cd49-4dce-a6fc-d5e057562355@group-9048C6FB375C-LeaderElection66] INFO  server.RaftServerConfigKeys (ConfUtils.java:logGet(43)) - raft.server.rpc.request.timeout = 3000ms (default)
2019-10-10 21:36:32,905 [5efba029-cd49-4dce-a6fc-d5e057562355@group-9048C6FB375C-LeaderElection66] INFO  server.RaftServerConfigKeys (ConfUtils.java:logGet(43)) - raft.server.log.appender.install.snapshot.enabled = false (custom)
2019-10-10 21:36:32,905 [5efba029-cd49-4dce-a6fc-d5e057562355@group-9048C6FB375C-LeaderElection66] INFO  server.RaftServerConfigKeys (ConfUtils.java:logGet(43)) - raft.server.log.appender.snapshot.chunk.size.max = 16MB (=16777216) (default)
2019-10-10 21:36:32,905 [5efba029-cd49-4dce-a6fc-d5e057562355@group-9048C6FB375C-LeaderElection66] INFO  server.RaftServerConfigKeys (ConfUtils.java:logGet(43)) - raft.server.log.appender.buffer.byte-limit = 33554432 (custom)
2019-10-10 21:36:32,905 [5efba029-cd49-4dce-a6fc-d5e057562355@group-9048C6FB375C-LeaderElection66] INFO  server.RaftServerConfigKeys (ConfUtils.java:logGet(43)) - raft.server.log.appender.buffer.element-limit = 1 (custom)
2019-10-10 21:36:32,906 [5efba029-cd49-4dce-a6fc-d5e057562355@group-9048C6FB375C-LeaderElection66] INFO  grpc.GrpcConfigKeys$Server (ConfUtils.java:logGet(43)) - raft.grpc.server.leader.outstanding.appends.max = 128 (default)
2019-10-10 21:36:32,906 [5efba029-cd49-4dce-a6fc-d5e057562355@group-9048C6FB375C-LeaderElection66] INFO  server.RaftServerConfigKeys (ConfUtils.java:logGet(43)) - raft.server.rpc.request.timeout = 3000ms (default)
2019-10-10 21:36:32,906 [5efba029-cd49-4dce-a6fc-d5e057562355@group-9048C6FB375C-LeaderElection66] INFO  server.RaftServerConfigKeys (ConfUtils.java:logGet(43)) - raft.server.log.appender.install.snapshot.enabled = false (custom)
2019-10-10 21:36:32,906 [5efba029-cd49-4dce-a6fc-d5e057562355@group-9048C6FB375C-LeaderElection66] INFO  impl.RoleInfo (RoleInfo.java:updateAndGet(143)) - 5efba029-cd49-4dce-a6fc-d5e057562355: start LeaderState
2019-10-10 21:36:32,907 [5efba029-cd49-4dce-a6fc-d5e057562355@group-9048C6FB375C-LeaderElection66] INFO  segmented.SegmentedRaftLogWorker (SegmentedRaftLogWorker.java:startLogSegment(385)) - 5efba029-cd49-4dce-a6fc-d5e057562355@group-9048C6FB375C-SegmentedRaftLogWorker: Starting segment from index:0
2019-10-10 21:36:32,908 [5efba029-cd49-4dce-a6fc-d5e057562355@group-9048C6FB375C-LeaderElection66] INFO  impl.RaftServerImpl (ServerState.java:setRaftConf(356)) - 5efba029-cd49-4dce-a6fc-d5e057562355@group-9048C6FB375C: set configuration 0: [d78a6a3e-ecdb-4616-bb5f-66f0f6ec0a0c:192.168.164.253:42441, 5efba029-cd49-4dce-a6fc-d5e057562355:192.168.164.253:36642, f9704062-a631-4b24-9a2e-8f5e86d811ac:192.168.164.253:45612], old=null at 0
2019-10-10 21:36:32,909 [grpc-default-executor-1] INFO  impl.RaftServerImpl (ServerState.java:setLeader(255)) - f9704062-a631-4b24-9a2e-8f5e86d811ac@group-9048C6FB375C: change Leader from null to 5efba029-cd49-4dce-a6fc-d5e057562355 at term 1 for appendEntries, leader elected after 5214ms
2019-10-10 21:36:32,909 [grpc-default-executor-9] INFO  impl.RaftServerImpl (ServerState.java:setLeader(255)) - d78a6a3e-ecdb-4616-bb5f-66f0f6ec0a0c@group-9048C6FB375C: change Leader from null to 5efba029-cd49-4dce-a6fc-d5e057562355 at term 1 for appendEntries, leader elected after 5214ms
2019-10-10 21:36:32,911 [grpc-default-executor-9] INFO  impl.RaftServerImpl (ServerState.java:setRaftConf(356)) - f9704062-a631-4b24-9a2e-8f5e86d811ac@group-9048C6FB375C: set configuration 0: [d78a6a3e-ecdb-4616-bb5f-66f0f6ec0a0c:192.168.164.253:42441, 5efba029-cd49-4dce-a6fc-d5e057562355:192.168.164.253:36642, f9704062-a631-4b24-9a2e-8f5e86d811ac:192.168.164.253:45612], old=null at 0
2019-10-10 21:36:32,911 [grpc-default-executor-9] INFO  segmented.SegmentedRaftLogWorker (SegmentedRaftLogWorker.java:startLogSegment(385)) - f9704062-a631-4b24-9a2e-8f5e86d811ac@group-9048C6FB375C-SegmentedRaftLogWorker: Starting segment from index:0
2019-10-10 21:36:32,912 [grpc-default-executor-1] INFO  impl.RaftServerImpl (ServerState.java:setRaftConf(356)) - d78a6a3e-ecdb-4616-bb5f-66f0f6ec0a0c@group-9048C6FB375C: set configuration 0: [d78a6a3e-ecdb-4616-bb5f-66f0f6ec0a0c:192.168.164.253:42441, 5efba029-cd49-4dce-a6fc-d5e057562355:192.168.164.253:36642, f9704062-a631-4b24-9a2e-8f5e86d811ac:192.168.164.253:45612], old=null at 0
2019-10-10 21:36:32,912 [grpc-default-executor-1] INFO  segmented.SegmentedRaftLogWorker (SegmentedRaftLogWorker.java:startLogSegment(385)) - d78a6a3e-ecdb-4616-bb5f-66f0f6ec0a0c@group-9048C6FB375C-SegmentedRaftLogWorker: Starting segment from index:0
2019-10-10 21:36:32,963 [f9704062-a631-4b24-9a2e-8f5e86d811ac@group-9048C6FB375C-SegmentedRaftLogWorker] INFO  segmented.SegmentedRaftLogWorker (SegmentedRaftLogWorker.java:execute(574)) - f9704062-a631-4b24-9a2e-8f5e86d811ac@group-9048C6FB375C-SegmentedRaftLogWorker: created new log segment /workdir/hadoop-ozone/integration-test/target/test-dir/MiniOzoneClusterImpl-f3f4975b-3282-43d8-8c1e-6f49492aa572/datanode-6/data/ratis/cfce29ff-a67c-4391-a25f-9048c6fb375c/current/log_inprogress_0
2019-10-10 21:36:32,963 [5efba029-cd49-4dce-a6fc-d5e057562355@group-9048C6FB375C-SegmentedRaftLogWorker] INFO  segmented.SegmentedRaftLogWorker (SegmentedRaftLogWorker.java:execute(574)) - 5efba029-cd49-4dce-a6fc-d5e057562355@group-9048C6FB375C-SegmentedRaftLogWorker: created new log segment /workdir/hadoop-ozone/integration-test/target/test-dir/MiniOzoneClusterImpl-f3f4975b-3282-43d8-8c1e-6f49492aa572/datanode-3/data/ratis/cfce29ff-a67c-4391-a25f-9048c6fb375c/current/log_inprogress_0
2019-10-10 21:36:32,984 [d78a6a3e-ecdb-4616-bb5f-66f0f6ec0a0c@group-9048C6FB375C-SegmentedRaftLogWorker] INFO  segmented.SegmentedRaftLogWorker (SegmentedRaftLogWorker.java:execute(574)) - d78a6a3e-ecdb-4616-bb5f-66f0f6ec0a0c@group-9048C6FB375C-SegmentedRaftLogWorker: created new log segment /workdir/hadoop-ozone/integration-test/target/test-dir/MiniOzoneClusterImpl-f3f4975b-3282-43d8-8c1e-6f49492aa572/datanode-1/data/ratis/cfce29ff-a67c-4391-a25f-9048c6fb375c/current/log_inprogress_0
2019-10-10 21:36:33,138 [Datanode State Machine Thread - 0] INFO  statemachine.DatanodeStateMachine (DatanodeStateMachine.java:lambda$startDaemon$0(350)) - Ozone container server started.
2019-10-10 21:36:38,106 [main] INFO  ozoneimpl.OzoneContainer (OzoneContainer.java:stop(227)) - Attempting to stop container services.
2019-10-10 21:36:38,107 [main] INFO  impl.RaftServerProxy (RaftServerProxy.java:lambda$close$4(314)) - 36dc106a-b650-4673-a9ea-d6528ce93d44: close
2019-10-10 21:36:38,107 [main] INFO  impl.RaftServerImpl (RaftServerImpl.java:lambda$shutdown$3(247)) - 36dc106a-b650-4673-a9ea-d6528ce93d44@group-E0DA6B936123: shutdown
2019-10-10 21:36:38,107 [ForkJoinPool.commonPool-worker-0] INFO  impl.RaftServerImpl (RaftServerImpl.java:lambda$shutdown$3(247)) - 36dc106a-b650-4673-a9ea-d6528ce93d44@group-645E78760477: shutdown
2019-10-10 21:36:38,108 [main] INFO  util.JmxRegister (JmxRegister.java:unregister(73)) - Successfully un-registered JMX Bean with object name Ratis:service=RaftServer,group=group-E0DA6B936123,id=36dc106a-b650-4673-a9ea-d6528ce93d44
2019-10-10 21:36:38,108 [ForkJoinPool.commonPool-worker-0] INFO  util.JmxRegister (JmxRegister.java:unregister(73)) - Successfully un-registered JMX Bean with object name Ratis:service=RaftServer,group=group-645E78760477,id=36dc106a-b650-4673-a9ea-d6528ce93d44
2019-10-10 21:36:38,108 [main] INFO  impl.RoleInfo (RoleInfo.java:shutdownFollowerState(121)) - 36dc106a-b650-4673-a9ea-d6528ce93d44: shutdown FollowerState
2019-10-10 21:36:38,108 [ForkJoinPool.commonPool-worker-0] INFO  impl.RoleInfo (RoleInfo.java:shutdownLeaderState(104)) - 36dc106a-b650-4673-a9ea-d6528ce93d44: shutdown LeaderState
2019-10-10 21:36:38,109 [36dc106a-b650-4673-a9ea-d6528ce93d44@group-E0DA6B936123-StateMachineUpdater] INFO  ratis.ContainerStateMachine (ContainerStateMachine.java:takeSnapshot(294)) - group-E0DA6B936123: Taking a snapshot at:(t:1, i:1) file /workdir/hadoop-ozone/integration-test/target/test-dir/MiniOzoneClusterImpl-f3f4975b-3282-43d8-8c1e-6f49492aa572/datanode-0/data/ratis/c98dc3eb-1fe6-4a18-9d74-e0da6b936123/sm/snapshot.1_1
2019-10-10 21:36:38,108 [Thread-1525] INFO  impl.FollowerState (FollowerState.java:run(117)) - 36dc106a-b650-4673-a9ea-d6528ce93d44@group-E0DA6B936123-FollowerState was interrupted: java.lang.InterruptedException: sleep interrupted
2019-10-10 21:36:38,108 [main] INFO  impl.StateMachineUpdater (StateMachineUpdater.java:stopAndJoin(136)) - 36dc106a-b650-4673-a9ea-d6528ce93d44@group-E0DA6B936123-StateMachineUpdater: set stopIndex = 2
2019-10-10 21:36:38,109 [ForkJoinPool.commonPool-worker-0] INFO  impl.PendingRequests (PendingRequests.java:sendNotLeaderResponses(202)) - 36dc106a-b650-4673-a9ea-d6528ce93d44@group-645E78760477-PendingRequests: sendNotLeaderResponses
2019-10-10 21:36:38,112 [ForkJoinPool.commonPool-worker-0] INFO  impl.StateMachineUpdater (StateMachineUpdater.java:stopAndJoin(136)) - 36dc106a-b650-4673-a9ea-d6528ce93d44@group-645E78760477-StateMachineUpdater: set stopIndex = 0
2019-10-10 21:36:38,113 [ForkJoinPool.commonPool-worker-0] INFO  impl.RaftServerImpl (ServerState.java:close(387)) - 36dc106a-b650-4673-a9ea-d6528ce93d44@group-645E78760477: closes. applyIndex: 0
2019-10-10 21:36:38,113 [36dc106a-b650-4673-a9ea-d6528ce93d44@group-645E78760477-SegmentedRaftLogWorker] INFO  segmented.SegmentedRaftLogWorker (SegmentedRaftLogWorker.java:run(316)) - 36dc106a-b650-4673-a9ea-d6528ce93d44@group-645E78760477-SegmentedRaftLogWorker was interrupted, exiting. There are 0 tasks remaining in the queue.
2019-10-10 21:36:38,115 [ForkJoinPool.commonPool-worker-0] INFO  segmented.SegmentedRaftLogWorker (SegmentedRaftLogWorker.java:close(224)) - 36dc106a-b650-4673-a9ea-d6528ce93d44@group-645E78760477-SegmentedRaftLogWorker close()
2019-10-10 21:36:38,143 [36dc106a-b650-4673-a9ea-d6528ce93d44@group-E0DA6B936123-StateMachineUpdater] INFO  ratis.ContainerStateMachine (ContainerStateMachine.java:takeSnapshot(305)) - group-E0DA6B936123: Finished taking a snapshot at:(t:1, i:1) file:/workdir/hadoop-ozone/integration-test/target/test-dir/MiniOzoneClusterImpl-f3f4975b-3282-43d8-8c1e-6f49492aa572/datanode-0/data/ratis/c98dc3eb-1fe6-4a18-9d74-e0da6b936123/sm/snapshot.1_1 time:34
2019-10-10 21:36:38,143 [36dc106a-b650-4673-a9ea-d6528ce93d44@group-E0DA6B936123-StateMachineUpdater] INFO  impl.StateMachineUpdater (StateMachineUpdater.java:takeSnapshot(269)) - 36dc106a-b650-4673-a9ea-d6528ce93d44@group-E0DA6B936123-StateMachineUpdater: Took a snapshot at index 1
2019-10-10 21:36:38,143 [36dc106a-b650-4673-a9ea-d6528ce93d44@group-E0DA6B936123-StateMachineUpdater] INFO  impl.StateMachineUpdater (StateMachineUpdater.java:lambda$new$0(84)) - 36dc106a-b650-4673-a9ea-d6528ce93d44@group-E0DA6B936123-StateMachineUpdater: snapshotIndex: updateIncreasingly -1 -> 1
2019-10-10 21:36:38,144 [36dc106a-b650-4673-a9ea-d6528ce93d44@group-E0DA6B936123-StateMachineUpdater] INFO  ratis.ContainerStateMachine (ContainerStateMachine.java:takeSnapshot(294)) - group-E0DA6B936123: Taking a snapshot at:(t:1, i:1) file /workdir/hadoop-ozone/integration-test/target/test-dir/MiniOzoneClusterImpl-f3f4975b-3282-43d8-8c1e-6f49492aa572/datanode-0/data/ratis/c98dc3eb-1fe6-4a18-9d74-e0da6b936123/sm/snapshot.1_1
2019-10-10 21:36:38,164 [36dc106a-b650-4673-a9ea-d6528ce93d44@group-E0DA6B936123-StateMachineUpdater] INFO  ratis.ContainerStateMachine (ContainerStateMachine.java:takeSnapshot(305)) - group-E0DA6B936123: Finished taking a snapshot at:(t:1, i:1) file:/workdir/hadoop-ozone/integration-test/target/test-dir/MiniOzoneClusterImpl-f3f4975b-3282-43d8-8c1e-6f49492aa572/datanode-0/data/ratis/c98dc3eb-1fe6-4a18-9d74-e0da6b936123/sm/snapshot.1_1 time:20
2019-10-10 21:36:38,164 [36dc106a-b650-4673-a9ea-d6528ce93d44@group-E0DA6B936123-StateMachineUpdater] INFO  impl.StateMachineUpdater (StateMachineUpdater.java:takeSnapshot(269)) - 36dc106a-b650-4673-a9ea-d6528ce93d44@group-E0DA6B936123-StateMachineUpdater: Took a snapshot at index 1
2019-10-10 21:36:38,164 [36dc106a-b650-4673-a9ea-d6528ce93d44@group-E0DA6B936123-StateMachineUpdater] INFO  impl.StateMachineUpdater (StateMachineUpdater.java:lambda$new$0(84)) - 36dc106a-b650-4673-a9ea-d6528ce93d44@group-E0DA6B936123-StateMachineUpdater: snapshotIndex: updateIncreasingly 1 -> 1
2019-10-10 21:36:38,165 [main] INFO  impl.RaftServerImpl (ServerState.java:close(387)) - 36dc106a-b650-4673-a9ea-d6528ce93d44@group-E0DA6B936123: closes. applyIndex: 2
2019-10-10 21:36:38,165 [36dc106a-b650-4673-a9ea-d6528ce93d44@group-E0DA6B936123-SegmentedRaftLogWorker] INFO  segmented.SegmentedRaftLogWorker (SegmentedRaftLogWorker.java:run(316)) - 36dc106a-b650-4673-a9ea-d6528ce93d44@group-E0DA6B936123-SegmentedRaftLogWorker was interrupted, exiting. There are 0 tasks remaining in the queue.
2019-10-10 21:36:38,168 [main] INFO  segmented.SegmentedRaftLogWorker (SegmentedRaftLogWorker.java:close(224)) - 36dc106a-b650-4673-a9ea-d6528ce93d44@group-E0DA6B936123-SegmentedRaftLogWorker close()
2019-10-10 21:36:38,172 [main] INFO  server.GrpcService (GrpcService.java:closeImpl(164)) - 36dc106a-b650-4673-a9ea-d6528ce93d44: shutdown server with port 41511 now
2019-10-10 21:36:38,173 [grpc-default-executor-1] WARN  server.GrpcServerProtocolService (LogUtils.java:warn(134)) - 36dc106a-b650-4673-a9ea-d6528ce93d44: installSnapshot onError, lastRequest: e470dbc6-b7c3-4cc5-bcba-9849bb7698b4->36dc106a-b650-4673-a9ea-d6528ce93d44#5-t1, previous=(t:1, i:2), leaderCommit=2, initializing? false, entries: <empty>: org.apache.ratis.thirdparty.io.grpc.StatusRuntimeException: CANCELLED: cancelled before receiving half close
2019-10-10 21:36:38,173 [grpc-default-executor-8] WARN  server.GrpcLogAppender (LogUtils.java:warn(134)) - e470dbc6-b7c3-4cc5-bcba-9849bb7698b4@group-E0DA6B936123->36dc106a-b650-4673-a9ea-d6528ce93d44-AppendLogResponseHandler: Failed appendEntries: org.apache.ratis.thirdparty.io.grpc.StatusRuntimeException: CANCELLED: HTTP/2 error code: CANCEL
Received Rst Stream
2019-10-10 21:36:38,173 [main] INFO  server.GrpcService (GrpcService.java:closeImpl(172)) - 36dc106a-b650-4673-a9ea-d6528ce93d44: shutdown server with port 41511 successfully
2019-10-10 21:36:38,173 [grpc-default-executor-8] INFO  impl.FollowerInfo (FollowerInfo.java:lambda$new$0(51)) - e470dbc6-b7c3-4cc5-bcba-9849bb7698b4@group-E0DA6B936123->36dc106a-b650-4673-a9ea-d6528ce93d44: nextIndex: updateUnconditionally 3 -> 2
2019-10-10 21:36:38,175 [refreshUsed-/workdir/hadoop-ozone/integration-test/target/test-dir/MiniOzoneClusterImpl-f3f4975b-3282-43d8-8c1e-6f49492aa572/datanode-0/data/containers] WARN  fs.CachingGetSpaceUsed (CachingGetSpaceUsed.java:run(183)) - Thread Interrupted waiting to refresh disk information: sleep interrupted
2019-10-10 21:36:38,193 [main] INFO  utils.BackgroundService (BackgroundService.java:shutdown(151)) - Shutting down service BlockDeletingService
2019-10-10 21:36:38,209 [main] INFO  statemachine.DatanodeStateMachine (DatanodeStateMachine.java:stopDaemon(395)) - Ozone container server stopped.
2019-10-10 21:36:38,211 [main] INFO  handler.ContextHandler (ContextHandler.java:doStop(910)) - Stopped o.e.j.w.WebAppContext@4cc65c2{/,null,UNAVAILABLE}{/hddsDatanode}
2019-10-10 21:36:38,214 [main] INFO  server.AbstractConnector (AbstractConnector.java:doStop(318)) - Stopped ServerConnector@574059d5{HTTP/1.1,[http/1.1]}{0.0.0.0:0}
2019-10-10 21:36:38,214 [main] INFO  handler.ContextHandler (ContextHandler.java:doStop(910)) - Stopped o.e.j.s.ServletContextHandler@3e377967{/static,jar:file:/home/user/.m2/repository/org/apache/hadoop/hadoop-hdds-container-service/0.5.0-SNAPSHOT/hadoop-hdds-container-service-0.5.0-SNAPSHOT.jar!/webapps/static,UNAVAILABLE}
2019-10-10 21:36:38,214 [main] INFO  handler.ContextHandler (ContextHandler.java:doStop(910)) - Stopped o.e.j.s.ServletContextHandler@61db86bf{/logs,file:///workdir/hadoop-ozone/integration-test/target/log,UNAVAILABLE}
2019-10-10 21:36:39,141 [Datanode State Machine Thread - 0] INFO  statemachine.DatanodeStateMachine (DatanodeStateMachine.java:lambda$startDaemon$0(350)) - Ozone container server started.
2019-10-10 21:36:40,428 [grpc-default-executor-1] WARN  server.GrpcLogAppender (LogUtils.java:warn(134)) - e470dbc6-b7c3-4cc5-bcba-9849bb7698b4@group-E0DA6B936123->36dc106a-b650-4673-a9ea-d6528ce93d44-AppendLogResponseHandler: Failed appendEntries: org.apache.ratis.thirdparty.io.grpc.StatusRuntimeException: UNAVAILABLE: io exception
2019-10-10 21:36:40,429 [grpc-default-executor-1] INFO  impl.FollowerInfo (FollowerInfo.java:lambda$new$0(51)) - e470dbc6-b7c3-4cc5-bcba-9849bb7698b4@group-E0DA6B936123->36dc106a-b650-4673-a9ea-d6528ce93d44: nextIndex: updateUnconditionally 2 -> 1
2019-10-10 21:36:42,937 [grpc-default-executor-8] WARN  server.GrpcLogAppender (LogUtils.java:warn(134)) - e470dbc6-b7c3-4cc5-bcba-9849bb7698b4@group-E0DA6B936123->36dc106a-b650-4673-a9ea-d6528ce93d44-AppendLogResponseHandler: Failed appendEntries: org.apache.ratis.thirdparty.io.grpc.StatusRuntimeException: UNAVAILABLE: io exception
2019-10-10 21:36:42,939 [grpc-default-executor-8] INFO  impl.FollowerInfo (FollowerInfo.java:lambda$new$0(51)) - e470dbc6-b7c3-4cc5-bcba-9849bb7698b4@group-E0DA6B936123->36dc106a-b650-4673-a9ea-d6528ce93d44: nextIndex: updateUnconditionally 1 -> 0
2019-10-10 21:36:43,217 [main] INFO  ozoneimpl.OzoneContainer (OzoneContainer.java:stop(227)) - Attempting to stop container services.
2019-10-10 21:36:43,218 [main] INFO  impl.RaftServerProxy (RaftServerProxy.java:lambda$close$4(314)) - 4d6c447f-053a-4089-9221-5a9185208761: close
2019-10-10 21:36:43,219 [main] INFO  impl.RaftServerImpl (RaftServerImpl.java:lambda$shutdown$3(247)) - 4d6c447f-053a-4089-9221-5a9185208761@group-B829A026BFF4: shutdown
2019-10-10 21:36:43,220 [main] INFO  util.JmxRegister (JmxRegister.java:unregister(73)) - Successfully un-registered JMX Bean with object name Ratis:service=RaftServer,group=group-B829A026BFF4,id=4d6c447f-053a-4089-9221-5a9185208761
2019-10-10 21:36:43,220 [main] INFO  impl.RoleInfo (RoleInfo.java:shutdownLeaderState(104)) - 4d6c447f-053a-4089-9221-5a9185208761: shutdown LeaderState
2019-10-10 21:36:43,221 [main] INFO  impl.PendingRequests (PendingRequests.java:sendNotLeaderResponses(202)) - 4d6c447f-053a-4089-9221-5a9185208761@group-B829A026BFF4-PendingRequests: sendNotLeaderResponses
2019-10-10 21:36:43,222 [main] INFO  impl.StateMachineUpdater (StateMachineUpdater.java:stopAndJoin(136)) - 4d6c447f-053a-4089-9221-5a9185208761@group-B829A026BFF4-StateMachineUpdater: set stopIndex = 0
2019-10-10 21:36:43,223 [main] INFO  impl.RaftServerImpl (ServerState.java:close(387)) - 4d6c447f-053a-4089-9221-5a9185208761@group-B829A026BFF4: closes. applyIndex: 0
2019-10-10 21:36:43,224 [4d6c447f-053a-4089-9221-5a9185208761@group-B829A026BFF4-SegmentedRaftLogWorker] INFO  segmented.SegmentedRaftLogWorker (SegmentedRaftLogWorker.java:run(316)) - 4d6c447f-053a-4089-9221-5a9185208761@group-B829A026BFF4-SegmentedRaftLogWorker was interrupted, exiting. There are 0 tasks remaining in the queue.
2019-10-10 21:36:43,227 [main] INFO  segmented.SegmentedRaftLogWorker (SegmentedRaftLogWorker.java:close(224)) - 4d6c447f-053a-4089-9221-5a9185208761@group-B829A026BFF4-SegmentedRaftLogWorker close()
2019-10-10 21:36:43,232 [main] INFO  impl.RaftServerImpl (RaftServerImpl.java:lambda$shutdown$3(247)) - 4d6c447f-053a-4089-9221-5a9185208761@group-E0DA6B936123: shutdown
2019-10-10 21:36:43,233 [main] INFO  util.JmxRegister (JmxRegister.java:unregister(73)) - Successfully un-registered JMX Bean with object name Ratis:service=RaftServer,group=group-E0DA6B936123,id=4d6c447f-053a-4089-9221-5a9185208761
2019-10-10 21:36:43,233 [main] INFO  impl.RoleInfo (RoleInfo.java:shutdownFollowerState(121)) - 4d6c447f-053a-4089-9221-5a9185208761: shutdown FollowerState
2019-10-10 21:36:43,233 [main] INFO  impl.StateMachineUpdater (StateMachineUpdater.java:stopAndJoin(136)) - 4d6c447f-053a-4089-9221-5a9185208761@group-E0DA6B936123-StateMachineUpdater: set stopIndex = 2
2019-10-10 21:36:43,233 [4d6c447f-053a-4089-9221-5a9185208761@group-E0DA6B936123-StateMachineUpdater] INFO  ratis.ContainerStateMachine (ContainerStateMachine.java:takeSnapshot(294)) - group-E0DA6B936123: Taking a snapshot at:(t:1, i:1) file /workdir/hadoop-ozone/integration-test/target/test-dir/MiniOzoneClusterImpl-f3f4975b-3282-43d8-8c1e-6f49492aa572/datanode-4/data/ratis/c98dc3eb-1fe6-4a18-9d74-e0da6b936123/sm/snapshot.1_1
2019-10-10 21:36:43,233 [Thread-1526] INFO  impl.FollowerState (FollowerState.java:run(117)) - 4d6c447f-053a-4089-9221-5a9185208761@group-E0DA6B936123-FollowerState was interrupted: java.lang.InterruptedException: sleep interrupted
2019-10-10 21:36:43,259 [4d6c447f-053a-4089-9221-5a9185208761@group-E0DA6B936123-StateMachineUpdater] INFO  ratis.ContainerStateMachine (ContainerStateMachine.java:takeSnapshot(305)) - group-E0DA6B936123: Finished taking a snapshot at:(t:1, i:1) file:/workdir/hadoop-ozone/integration-test/target/test-dir/MiniOzoneClusterImpl-f3f4975b-3282-43d8-8c1e-6f49492aa572/datanode-4/data/ratis/c98dc3eb-1fe6-4a18-9d74-e0da6b936123/sm/snapshot.1_1 time:25
2019-10-10 21:36:43,259 [4d6c447f-053a-4089-9221-5a9185208761@group-E0DA6B936123-StateMachineUpdater] INFO  impl.StateMachineUpdater (StateMachineUpdater.java:takeSnapshot(269)) - 4d6c447f-053a-4089-9221-5a9185208761@group-E0DA6B936123-StateMachineUpdater: Took a snapshot at index 1
2019-10-10 21:36:43,259 [4d6c447f-053a-4089-9221-5a9185208761@group-E0DA6B936123-StateMachineUpdater] INFO  impl.StateMachineUpdater (StateMachineUpdater.java:lambda$new$0(84)) - 4d6c447f-053a-4089-9221-5a9185208761@group-E0DA6B936123-StateMachineUpdater: snapshotIndex: updateIncreasingly -1 -> 1
2019-10-10 21:36:43,260 [4d6c447f-053a-4089-9221-5a9185208761@group-E0DA6B936123-StateMachineUpdater] INFO  ratis.ContainerStateMachine (ContainerStateMachine.java:takeSnapshot(294)) - group-E0DA6B936123: Taking a snapshot at:(t:1, i:1) file /workdir/hadoop-ozone/integration-test/target/test-dir/MiniOzoneClusterImpl-f3f4975b-3282-43d8-8c1e-6f49492aa572/datanode-4/data/ratis/c98dc3eb-1fe6-4a18-9d74-e0da6b936123/sm/snapshot.1_1
2019-10-10 21:36:43,273 [4d6c447f-053a-4089-9221-5a9185208761@group-E0DA6B936123-StateMachineUpdater] INFO  ratis.ContainerStateMachine (ContainerStateMachine.java:takeSnapshot(305)) - group-E0DA6B936123: Finished taking a snapshot at:(t:1, i:1) file:/workdir/hadoop-ozone/integration-test/target/test-dir/MiniOzoneClusterImpl-f3f4975b-3282-43d8-8c1e-6f49492aa572/datanode-4/data/ratis/c98dc3eb-1fe6-4a18-9d74-e0da6b936123/sm/snapshot.1_1 time:13
2019-10-10 21:36:43,273 [4d6c447f-053a-4089-9221-5a9185208761@group-E0DA6B936123-StateMachineUpdater] INFO  impl.StateMachineUpdater (StateMachineUpdater.java:takeSnapshot(269)) - 4d6c447f-053a-4089-9221-5a9185208761@group-E0DA6B936123-StateMachineUpdater: Took a snapshot at index 1
2019-10-10 21:36:43,273 [4d6c447f-053a-4089-9221-5a9185208761@group-E0DA6B936123-StateMachineUpdater] INFO  impl.StateMachineUpdater (StateMachineUpdater.java:lambda$new$0(84)) - 4d6c447f-053a-4089-9221-5a9185208761@group-E0DA6B936123-StateMachineUpdater: snapshotIndex: updateIncreasingly 1 -> 1
2019-10-10 21:36:43,273 [main] INFO  impl.RaftServerImpl (ServerState.java:close(387)) - 4d6c447f-053a-4089-9221-5a9185208761@group-E0DA6B936123: closes. applyIndex: 2
2019-10-10 21:36:43,274 [4d6c447f-053a-4089-9221-5a9185208761@group-E0DA6B936123-SegmentedRaftLogWorker] INFO  segmented.SegmentedRaftLogWorker (SegmentedRaftLogWorker.java:run(316)) - 4d6c447f-053a-4089-9221-5a9185208761@group-E0DA6B936123-SegmentedRaftLogWorker was interrupted, exiting. There are 0 tasks remaining in the queue.
2019-10-10 21:36:43,277 [main] INFO  segmented.SegmentedRaftLogWorker (SegmentedRaftLogWorker.java:close(224)) - 4d6c447f-053a-4089-9221-5a9185208761@group-E0DA6B936123-SegmentedRaftLogWorker close()
2019-10-10 21:36:43,282 [main] INFO  server.GrpcService (GrpcService.java:closeImpl(164)) - 4d6c447f-053a-4089-9221-5a9185208761: shutdown server with port 39487 now
2019-10-10 21:36:43,284 [grpc-default-executor-1] WARN  server.GrpcServerProtocolService (LogUtils.java:warn(134)) - 4d6c447f-053a-4089-9221-5a9185208761: installSnapshot onError, lastRequest: e470dbc6-b7c3-4cc5-bcba-9849bb7698b4->4d6c447f-053a-4089-9221-5a9185208761#7-t1, previous=(t:1, i:2), leaderCommit=2, initializing? false, entries: <empty>: org.apache.ratis.thirdparty.io.grpc.StatusRuntimeException: CANCELLED: cancelled before receiving half close
2019-10-10 21:36:43,284 [grpc-default-executor-8] WARN  server.GrpcLogAppender (LogUtils.java:warn(134)) - e470dbc6-b7c3-4cc5-bcba-9849bb7698b4@group-E0DA6B936123->4d6c447f-053a-4089-9221-5a9185208761-AppendLogResponseHandler: Failed appendEntries: org.apache.ratis.thirdparty.io.grpc.StatusRuntimeException: CANCELLED: HTTP/2 error code: CANCEL
Received Rst Stream
2019-10-10 21:36:43,284 [main] INFO  server.GrpcService (GrpcService.java:closeImpl(172)) - 4d6c447f-053a-4089-9221-5a9185208761: shutdown server with port 39487 successfully
2019-10-10 21:36:43,284 [grpc-default-executor-8] INFO  impl.FollowerInfo (FollowerInfo.java:lambda$new$0(51)) - e470dbc6-b7c3-4cc5-bcba-9849bb7698b4@group-E0DA6B936123->4d6c447f-053a-4089-9221-5a9185208761: nextIndex: updateUnconditionally 3 -> 2
2019-10-10 21:36:43,287 [refreshUsed-/workdir/hadoop-ozone/integration-test/target/test-dir/MiniOzoneClusterImpl-f3f4975b-3282-43d8-8c1e-6f49492aa572/datanode-4/data/containers] WARN  fs.CachingGetSpaceUsed (CachingGetSpaceUsed.java:run(183)) - Thread Interrupted waiting to refresh disk information: sleep interrupted
2019-10-10 21:36:43,308 [main] INFO  utils.BackgroundService (BackgroundService.java:shutdown(151)) - Shutting down service BlockDeletingService
2019-10-10 21:36:43,314 [main] INFO  statemachine.DatanodeStateMachine (DatanodeStateMachine.java:stopDaemon(395)) - Ozone container server stopped.
2019-10-10 21:36:43,316 [main] INFO  handler.ContextHandler (ContextHandler.java:doStop(910)) - Stopped o.e.j.w.WebAppContext@7a1b8a46{/,null,UNAVAILABLE}{/hddsDatanode}
2019-10-10 21:36:43,317 [main] INFO  server.AbstractConnector (AbstractConnector.java:doStop(318)) - Stopped ServerConnector@2921199d{HTTP/1.1,[http/1.1]}{0.0.0.0:0}
2019-10-10 21:36:43,317 [main] INFO  handler.ContextHandler (ContextHandler.java:doStop(910)) - Stopped o.e.j.s.ServletContextHandler@62b09715{/static,jar:file:/home/user/.m2/repository/org/apache/hadoop/hadoop-hdds-container-service/0.5.0-SNAPSHOT/hadoop-hdds-container-service-0.5.0-SNAPSHOT.jar!/webapps/static,UNAVAILABLE}
2019-10-10 21:36:43,318 [main] INFO  handler.ContextHandler (ContextHandler.java:doStop(910)) - Stopped o.e.j.s.ServletContextHandler@5f8d9767{/logs,file:///workdir/hadoop-ozone/integration-test/target/log,UNAVAILABLE}
2019-10-10 21:36:45,434 [grpc-default-executor-9] WARN  server.GrpcLogAppender (LogUtils.java:warn(134)) - e470dbc6-b7c3-4cc5-bcba-9849bb7698b4@group-E0DA6B936123->36dc106a-b650-4673-a9ea-d6528ce93d44-AppendLogResponseHandler: Failed appendEntries: org.apache.ratis.thirdparty.io.grpc.StatusRuntimeException: UNAVAILABLE: io exception
2019-10-10 21:36:45,435 [grpc-default-executor-9] INFO  impl.FollowerInfo (FollowerInfo.java:lambda$new$0(51)) - e470dbc6-b7c3-4cc5-bcba-9849bb7698b4@group-E0DA6B936123->36dc106a-b650-4673-a9ea-d6528ce93d44: nextIndex: updateUnconditionally 0 -> 0
2019-10-10 21:36:45,439 [grpc-default-executor-8] WARN  server.GrpcLogAppender (LogUtils.java:warn(134)) - e470dbc6-b7c3-4cc5-bcba-9849bb7698b4@group-E0DA6B936123->4d6c447f-053a-4089-9221-5a9185208761-AppendLogResponseHandler: Failed appendEntries: org.apache.ratis.thirdparty.io.grpc.StatusRuntimeException: UNAVAILABLE: io exception
2019-10-10 21:36:45,439 [grpc-default-executor-8] INFO  impl.FollowerInfo (FollowerInfo.java:lambda$new$0(51)) - e470dbc6-b7c3-4cc5-bcba-9849bb7698b4@group-E0DA6B936123->4d6c447f-053a-4089-9221-5a9185208761: nextIndex: updateUnconditionally 2 -> 1
2019-10-10 21:36:47,940 [grpc-default-executor-8] WARN  server.GrpcLogAppender (LogUtils.java:warn(134)) - e470dbc6-b7c3-4cc5-bcba-9849bb7698b4@group-E0DA6B936123->36dc106a-b650-4673-a9ea-d6528ce93d44-AppendLogResponseHandler: Failed appendEntries: org.apache.ratis.thirdparty.io.grpc.StatusRuntimeException: UNAVAILABLE: io exception
2019-10-10 21:36:47,940 [grpc-default-executor-2] WARN  server.GrpcLogAppender (LogUtils.java:warn(134)) - e470dbc6-b7c3-4cc5-bcba-9849bb7698b4@group-E0DA6B936123->4d6c447f-053a-4089-9221-5a9185208761-AppendLogResponseHandler: Failed appendEntries: org.apache.ratis.thirdparty.io.grpc.StatusRuntimeException: UNAVAILABLE: io exception
2019-10-10 21:36:47,941 [grpc-default-executor-8] INFO  impl.FollowerInfo (FollowerInfo.java:lambda$new$0(51)) - e470dbc6-b7c3-4cc5-bcba-9849bb7698b4@group-E0DA6B936123->36dc106a-b650-4673-a9ea-d6528ce93d44: nextIndex: updateUnconditionally 0 -> 0
2019-10-10 21:36:47,941 [grpc-default-executor-2] INFO  impl.FollowerInfo (FollowerInfo.java:lambda$new$0(51)) - e470dbc6-b7c3-4cc5-bcba-9849bb7698b4@group-E0DA6B936123->4d6c447f-053a-4089-9221-5a9185208761: nextIndex: updateUnconditionally 1 -> 0
2019-10-10 21:36:50,441 [grpc-default-executor-8] WARN  server.GrpcLogAppender (LogUtils.java:warn(134)) - e470dbc6-b7c3-4cc5-bcba-9849bb7698b4@group-E0DA6B936123->36dc106a-b650-4673-a9ea-d6528ce93d44-AppendLogResponseHandler: Failed appendEntries: org.apache.ratis.thirdparty.io.grpc.StatusRuntimeException: UNAVAILABLE: io exception
2019-10-10 21:36:50,442 [grpc-default-executor-1] WARN  server.GrpcLogAppender (LogUtils.java:warn(134)) - e470dbc6-b7c3-4cc5-bcba-9849bb7698b4@group-E0DA6B936123->4d6c447f-053a-4089-9221-5a9185208761-AppendLogResponseHandler: Failed appendEntries: org.apache.ratis.thirdparty.io.grpc.StatusRuntimeException: UNAVAILABLE: io exception
2019-10-10 21:36:50,442 [grpc-default-executor-8] INFO  impl.FollowerInfo (FollowerInfo.java:lambda$new$0(51)) - e470dbc6-b7c3-4cc5-bcba-9849bb7698b4@group-E0DA6B936123->36dc106a-b650-4673-a9ea-d6528ce93d44: nextIndex: updateUnconditionally 0 -> 0
2019-10-10 21:36:50,442 [grpc-default-executor-1] INFO  impl.FollowerInfo (FollowerInfo.java:lambda$new$0(51)) - e470dbc6-b7c3-4cc5-bcba-9849bb7698b4@group-E0DA6B936123->4d6c447f-053a-4089-9221-5a9185208761: nextIndex: updateUnconditionally 0 -> 0
2019-10-10 21:36:52,942 [grpc-default-executor-2] WARN  server.GrpcLogAppender (LogUtils.java:warn(134)) - e470dbc6-b7c3-4cc5-bcba-9849bb7698b4@group-E0DA6B936123->36dc106a-b650-4673-a9ea-d6528ce93d44-AppendLogResponseHandler: Failed appendEntries: org.apache.ratis.thirdparty.io.grpc.StatusRuntimeException: UNAVAILABLE: io exception
2019-10-10 21:36:52,942 [grpc-default-executor-9] WARN  server.GrpcLogAppender (LogUtils.java:warn(134)) - e470dbc6-b7c3-4cc5-bcba-9849bb7698b4@group-E0DA6B936123->4d6c447f-053a-4089-9221-5a9185208761-AppendLogResponseHandler: Failed appendEntries: org.apache.ratis.thirdparty.io.grpc.StatusRuntimeException: UNAVAILABLE: io exception
2019-10-10 21:36:52,943 [grpc-default-executor-2] INFO  impl.FollowerInfo (FollowerInfo.java:lambda$new$0(51)) - e470dbc6-b7c3-4cc5-bcba-9849bb7698b4@group-E0DA6B936123->36dc106a-b650-4673-a9ea-d6528ce93d44: nextIndex: updateUnconditionally 0 -> 0
2019-10-10 21:36:52,944 [grpc-default-executor-9] INFO  impl.FollowerInfo (FollowerInfo.java:lambda$new$0(51)) - e470dbc6-b7c3-4cc5-bcba-9849bb7698b4@group-E0DA6B936123->4d6c447f-053a-4089-9221-5a9185208761: nextIndex: updateUnconditionally 0 -> 0
2019-10-10 21:36:53,683 [Thread-1595] INFO  client.GrpcClientProtocolService (GrpcClientProtocolService.java:lambda$processClientRequest$0(278)) - Failed RaftClientRequest:client-9F8D9D269749->e470dbc6-b7c3-4cc5-bcba-9849bb7698b4@group-E0DA6B936123, cid=67, seq=0, Watch-ALL_COMMITTED(23), Message:<EMPTY>, reply=RaftClientReply:client-9F8D9D269749->e470dbc6-b7c3-4cc5-bcba-9849bb7698b4@group-E0DA6B936123, cid=67, FAILED org.apache.ratis.protocol.NotReplicatedException: Request with call Id 67 and log index 23 is not yet replicated to ALL_COMMITTED, logIndex=23, commits[e470dbc6-b7c3-4cc5-bcba-9849bb7698b4:c2, 36dc106a-b650-4673-a9ea-d6528ce93d44:c2, 4d6c447f-053a-4089-9221-5a9185208761:c2]
2019-10-10 21:36:55,443 [grpc-default-executor-9] WARN  server.GrpcLogAppender (LogUtils.java:warn(134)) - e470dbc6-b7c3-4cc5-bcba-9849bb7698b4@group-E0DA6B936123->4d6c447f-053a-4089-9221-5a9185208761-AppendLogResponseHandler: Failed appendEntries: org.apache.ratis.thirdparty.io.grpc.StatusRuntimeException: UNAVAILABLE: io exception
2019-10-10 21:36:55,443 [grpc-default-executor-3] WARN  server.GrpcLogAppender (LogUtils.java:warn(134)) - e470dbc6-b7c3-4cc5-bcba-9849bb7698b4@group-E0DA6B936123->36dc106a-b650-4673-a9ea-d6528ce93d44-AppendLogResponseHandler: Failed appendEntries: org.apache.ratis.thirdparty.io.grpc.StatusRuntimeException: UNAVAILABLE: io exception
2019-10-10 21:36:55,444 [grpc-default-executor-9] INFO  impl.FollowerInfo (FollowerInfo.java:lambda$new$0(51)) - e470dbc6-b7c3-4cc5-bcba-9849bb7698b4@group-E0DA6B936123->4d6c447f-053a-4089-9221-5a9185208761: nextIndex: updateUnconditionally 0 -> 0
2019-10-10 21:36:55,444 [grpc-default-executor-3] INFO  impl.FollowerInfo (FollowerInfo.java:lambda$new$0(51)) - e470dbc6-b7c3-4cc5-bcba-9849bb7698b4@group-E0DA6B936123->36dc106a-b650-4673-a9ea-d6528ce93d44: nextIndex: updateUnconditionally 0 -> 0
2019-10-10 21:36:57,946 [grpc-default-executor-3] WARN  server.GrpcLogAppender (LogUtils.java:warn(134)) - e470dbc6-b7c3-4cc5-bcba-9849bb7698b4@group-E0DA6B936123->36dc106a-b650-4673-a9ea-d6528ce93d44-AppendLogResponseHandler: Failed appendEntries: org.apache.ratis.thirdparty.io.grpc.StatusRuntimeException: UNAVAILABLE: io exception
2019-10-10 21:36:57,946 [grpc-default-executor-1] WARN  server.GrpcLogAppender (LogUtils.java:warn(134)) - e470dbc6-b7c3-4cc5-bcba-9849bb7698b4@group-E0DA6B936123->4d6c447f-053a-4089-9221-5a9185208761-AppendLogResponseHandler: Failed appendEntries: org.apache.ratis.thirdparty.io.grpc.StatusRuntimeException: UNAVAILABLE: io exception
2019-10-10 21:36:57,947 [grpc-default-executor-3] INFO  impl.FollowerInfo (FollowerInfo.java:lambda$new$0(51)) - e470dbc6-b7c3-4cc5-bcba-9849bb7698b4@group-E0DA6B936123->36dc106a-b650-4673-a9ea-d6528ce93d44: nextIndex: updateUnconditionally 0 -> 0
2019-10-10 21:36:57,947 [grpc-default-executor-1] INFO  impl.FollowerInfo (FollowerInfo.java:lambda$new$0(51)) - e470dbc6-b7c3-4cc5-bcba-9849bb7698b4@group-E0DA6B936123->4d6c447f-053a-4089-9221-5a9185208761: nextIndex: updateUnconditionally 0 -> 0
2019-10-10 21:37:00,452 [grpc-default-executor-3] WARN  server.GrpcLogAppender (LogUtils.java:warn(134)) - e470dbc6-b7c3-4cc5-bcba-9849bb7698b4@group-E0DA6B936123->4d6c447f-053a-4089-9221-5a9185208761-AppendLogResponseHandler: Failed appendEntries: org.apache.ratis.thirdparty.io.grpc.StatusRuntimeException: UNAVAILABLE: io exception
2019-10-10 21:37:00,452 [grpc-default-executor-8] WARN  server.GrpcLogAppender (LogUtils.java:warn(134)) - e470dbc6-b7c3-4cc5-bcba-9849bb7698b4@group-E0DA6B936123->36dc106a-b650-4673-a9ea-d6528ce93d44-AppendLogResponseHandler: Failed appendEntries: org.apache.ratis.thirdparty.io.grpc.StatusRuntimeException: UNAVAILABLE: io exception
2019-10-10 21:37:00,453 [grpc-default-executor-3] INFO  impl.FollowerInfo (FollowerInfo.java:lambda$new$0(51)) - e470dbc6-b7c3-4cc5-bcba-9849bb7698b4@group-E0DA6B936123->4d6c447f-053a-4089-9221-5a9185208761: nextIndex: updateUnconditionally 0 -> 0
2019-10-10 21:37:00,453 [grpc-default-executor-8] INFO  impl.FollowerInfo (FollowerInfo.java:lambda$new$0(51)) - e470dbc6-b7c3-4cc5-bcba-9849bb7698b4@group-E0DA6B936123->36dc106a-b650-4673-a9ea-d6528ce93d44: nextIndex: updateUnconditionally 0 -> 0
2019-10-10 21:37:02,952 [grpc-default-executor-9] WARN  server.GrpcLogAppender (LogUtils.java:warn(134)) - e470dbc6-b7c3-4cc5-bcba-9849bb7698b4@group-E0DA6B936123->4d6c447f-053a-4089-9221-5a9185208761-AppendLogResponseHandler: Failed appendEntries: org.apache.ratis.thirdparty.io.grpc.StatusRuntimeException: UNAVAILABLE: io exception
2019-10-10 21:37:02,952 [grpc-default-executor-6] WARN  server.GrpcLogAppender (LogUtils.java:warn(134)) - e470dbc6-b7c3-4cc5-bcba-9849bb7698b4@group-E0DA6B936123->36dc106a-b650-4673-a9ea-d6528ce93d44-AppendLogResponseHandler: Failed appendEntries: org.apache.ratis.thirdparty.io.grpc.StatusRuntimeException: UNAVAILABLE: io exception
2019-10-10 21:37:02,953 [grpc-default-executor-9] INFO  impl.FollowerInfo (FollowerInfo.java:lambda$new$0(51)) - e470dbc6-b7c3-4cc5-bcba-9849bb7698b4@group-E0DA6B936123->4d6c447f-053a-4089-9221-5a9185208761: nextIndex: updateUnconditionally 0 -> 0
2019-10-10 21:37:02,953 [grpc-default-executor-6] INFO  impl.FollowerInfo (FollowerInfo.java:lambda$new$0(51)) - e470dbc6-b7c3-4cc5-bcba-9849bb7698b4@group-E0DA6B936123->36dc106a-b650-4673-a9ea-d6528ce93d44: nextIndex: updateUnconditionally 0 -> 0
2019-10-10 21:37:03,321 [main] WARN  scm.XceiverClientRatis (XceiverClientRatis.java:watchForCommit(277)) - 3 way commit failed on pipeline Pipeline[ Id: c98dc3eb-1fe6-4a18-9d74-e0da6b936123, Nodes: 36dc106a-b650-4673-a9ea-d6528ce93d44{ip: 192.168.164.253, host: pr-hdds-2281-k4msp-1747625461, networkLocation: /default-rack, certSerialId: null}4d6c447f-053a-4089-9221-5a9185208761{ip: 192.168.164.253, host: pr-hdds-2281-k4msp-1747625461, networkLocation: /default-rack, certSerialId: null}e470dbc6-b7c3-4cc5-bcba-9849bb7698b4{ip: 192.168.164.253, host: pr-hdds-2281-k4msp-1747625461, networkLocation: /default-rack, certSerialId: null}, Type:RATIS, Factor:THREE, State:OPEN]
java.util.concurrent.TimeoutException
	at java.util.concurrent.CompletableFuture.timedGet(CompletableFuture.java:1771)
	at java.util.concurrent.CompletableFuture.get(CompletableFuture.java:1915)
	at org.apache.hadoop.hdds.scm.XceiverClientRatis.watchForCommit(XceiverClientRatis.java:274)
	at org.apache.hadoop.ozone.client.rpc.TestWatchForCommit.testWatchForCommitForRetryfailure(TestWatchForCommit.java:345)
	at sun.reflect.NativeMethodAccessorImpl.invoke0(Native Method)
	at sun.reflect.NativeMethodAccessorImpl.invoke(NativeMethodAccessorImpl.java:62)
	at sun.reflect.DelegatingMethodAccessorImpl.invoke(DelegatingMethodAccessorImpl.java:43)
	at java.lang.reflect.Method.invoke(Method.java:498)
	at org.junit.runners.model.FrameworkMethod$1.runReflectiveCall(FrameworkMethod.java:47)
	at org.junit.internal.runners.model.ReflectiveCallable.run(ReflectiveCallable.java:12)
	at org.junit.runners.model.FrameworkMethod.invokeExplosively(FrameworkMethod.java:44)
	at org.junit.internal.runners.statements.InvokeMethod.evaluate(InvokeMethod.java:17)
	at org.junit.runners.ParentRunner.runLeaf(ParentRunner.java:271)
	at org.junit.runners.BlockJUnit4ClassRunner.runChild(BlockJUnit4ClassRunner.java:70)
	at org.junit.runners.BlockJUnit4ClassRunner.runChild(BlockJUnit4ClassRunner.java:50)
	at org.junit.runners.ParentRunner$3.run(ParentRunner.java:238)
	at org.junit.runners.ParentRunner$1.schedule(ParentRunner.java:63)
	at org.junit.runners.ParentRunner.runChildren(ParentRunner.java:236)
	at org.junit.runners.ParentRunner.access$000(ParentRunner.java:53)
	at org.junit.runners.ParentRunner$2.evaluate(ParentRunner.java:229)
	at org.junit.runners.ParentRunner.run(ParentRunner.java:309)
	at org.apache.maven.surefire.junit4.JUnit4Provider.execute(JUnit4Provider.java:365)
	at org.apache.maven.surefire.junit4.JUnit4Provider.executeWithRerun(JUnit4Provider.java:273)
	at org.apache.maven.surefire.junit4.JUnit4Provider.executeTestSet(JUnit4Provider.java:238)
	at org.apache.maven.surefire.junit4.JUnit4Provider.invoke(JUnit4Provider.java:159)
	at org.apache.maven.surefire.booter.ForkedBooter.invokeProviderInSameClassLoader(ForkedBooter.java:384)
	at org.apache.maven.surefire.booter.ForkedBooter.runSuitesInProcess(ForkedBooter.java:345)
	at org.apache.maven.surefire.booter.ForkedBooter.execute(ForkedBooter.java:126)
	at org.apache.maven.surefire.booter.ForkedBooter.main(ForkedBooter.java:418)
2019-10-10 21:37:04,682 [Thread-1609] INFO  client.GrpcClientProtocolService (GrpcClientProtocolService.java:lambda$processClientRequest$0(278)) - Failed RaftClientRequest:client-9F8D9D269749->e470dbc6-b7c3-4cc5-bcba-9849bb7698b4@group-E0DA6B936123, cid=67, seq=0, Watch-ALL_COMMITTED(23), Message:<EMPTY>, reply=RaftClientReply:client-9F8D9D269749->e470dbc6-b7c3-4cc5-bcba-9849bb7698b4@group-E0DA6B936123, cid=67, FAILED org.apache.ratis.protocol.NotReplicatedException: Request with call Id 67 and log index 23 is not yet replicated to ALL_COMMITTED, logIndex=23, commits[e470dbc6-b7c3-4cc5-bcba-9849bb7698b4:c2, 36dc106a-b650-4673-a9ea-d6528ce93d44:c2, 4d6c447f-053a-4089-9221-5a9185208761:c2]
2019-10-10 21:37:05,455 [grpc-default-executor-8] WARN  server.GrpcLogAppender (LogUtils.java:warn(134)) - e470dbc6-b7c3-4cc5-bcba-9849bb7698b4@group-E0DA6B936123->4d6c447f-053a-4089-9221-5a9185208761-AppendLogResponseHandler: Failed appendEntries: org.apache.ratis.thirdparty.io.grpc.StatusRuntimeException: UNAVAILABLE: io exception
2019-10-10 21:37:05,455 [grpc-default-executor-1] WARN  server.GrpcLogAppender (LogUtils.java:warn(134)) - e470dbc6-b7c3-4cc5-bcba-9849bb7698b4@group-E0DA6B936123->36dc106a-b650-4673-a9ea-d6528ce93d44-AppendLogResponseHandler: Failed appendEntries: org.apache.ratis.thirdparty.io.grpc.StatusRuntimeException: UNAVAILABLE: io exception
2019-10-10 21:37:05,456 [grpc-default-executor-8] INFO  impl.FollowerInfo (FollowerInfo.java:lambda$new$0(51)) - e470dbc6-b7c3-4cc5-bcba-9849bb7698b4@group-E0DA6B936123->4d6c447f-053a-4089-9221-5a9185208761: nextIndex: updateUnconditionally 0 -> 0
2019-10-10 21:37:05,456 [grpc-default-executor-1] INFO  impl.FollowerInfo (FollowerInfo.java:lambda$new$0(51)) - e470dbc6-b7c3-4cc5-bcba-9849bb7698b4@group-E0DA6B936123->36dc106a-b650-4673-a9ea-d6528ce93d44: nextIndex: updateUnconditionally 0 -> 0
2019-10-10 21:37:07,957 [grpc-default-executor-1] WARN  server.GrpcLogAppender (LogUtils.java:warn(134)) - e470dbc6-b7c3-4cc5-bcba-9849bb7698b4@group-E0DA6B936123->4d6c447f-053a-4089-9221-5a9185208761-AppendLogResponseHandler: Failed appendEntries: org.apache.ratis.thirdparty.io.grpc.StatusRuntimeException: UNAVAILABLE: io exception
2019-10-10 21:37:07,957 [grpc-default-executor-3] WARN  server.GrpcLogAppender (LogUtils.java:warn(134)) - e470dbc6-b7c3-4cc5-bcba-9849bb7698b4@group-E0DA6B936123->36dc106a-b650-4673-a9ea-d6528ce93d44-AppendLogResponseHandler: Failed appendEntries: org.apache.ratis.thirdparty.io.grpc.StatusRuntimeException: UNAVAILABLE: io exception
2019-10-10 21:37:07,958 [grpc-default-executor-1] INFO  impl.FollowerInfo (FollowerInfo.java:lambda$new$0(51)) - e470dbc6-b7c3-4cc5-bcba-9849bb7698b4@group-E0DA6B936123->4d6c447f-053a-4089-9221-5a9185208761: nextIndex: updateUnconditionally 0 -> 0
2019-10-10 21:37:07,958 [grpc-default-executor-3] INFO  impl.FollowerInfo (FollowerInfo.java:lambda$new$0(51)) - e470dbc6-b7c3-4cc5-bcba-9849bb7698b4@group-E0DA6B936123->36dc106a-b650-4673-a9ea-d6528ce93d44: nextIndex: updateUnconditionally 0 -> 0
2019-10-10 21:37:10,462 [grpc-default-executor-1] WARN  server.GrpcLogAppender (LogUtils.java:warn(134)) - e470dbc6-b7c3-4cc5-bcba-9849bb7698b4@group-E0DA6B936123->36dc106a-b650-4673-a9ea-d6528ce93d44-AppendLogResponseHandler: Failed appendEntries: org.apache.ratis.thirdparty.io.grpc.StatusRuntimeException: UNAVAILABLE: io exception
2019-10-10 21:37:10,462 [grpc-default-executor-9] WARN  server.GrpcLogAppender (LogUtils.java:warn(134)) - e470dbc6-b7c3-4cc5-bcba-9849bb7698b4@group-E0DA6B936123->4d6c447f-053a-4089-9221-5a9185208761-AppendLogResponseHandler: Failed appendEntries: org.apache.ratis.thirdparty.io.grpc.StatusRuntimeException: UNAVAILABLE: io exception
2019-10-10 21:37:10,463 [grpc-default-executor-9] INFO  impl.FollowerInfo (FollowerInfo.java:lambda$new$0(51)) - e470dbc6-b7c3-4cc5-bcba-9849bb7698b4@group-E0DA6B936123->4d6c447f-053a-4089-9221-5a9185208761: nextIndex: updateUnconditionally 0 -> 0
2019-10-10 21:37:10,463 [grpc-default-executor-1] INFO  impl.FollowerInfo (FollowerInfo.java:lambda$new$0(51)) - e470dbc6-b7c3-4cc5-bcba-9849bb7698b4@group-E0DA6B936123->36dc106a-b650-4673-a9ea-d6528ce93d44: nextIndex: updateUnconditionally 0 -> 0
2019-10-10 21:37:12,964 [grpc-default-executor-1] WARN  server.GrpcLogAppender (LogUtils.java:warn(134)) - e470dbc6-b7c3-4cc5-bcba-9849bb7698b4@group-E0DA6B936123->4d6c447f-053a-4089-9221-5a9185208761-AppendLogResponseHandler: Failed appendEntries: org.apache.ratis.thirdparty.io.grpc.StatusRuntimeException: UNAVAILABLE: io exception
2019-10-10 21:37:12,964 [grpc-default-executor-3] WARN  server.GrpcLogAppender (LogUtils.java:warn(134)) - e470dbc6-b7c3-4cc5-bcba-9849bb7698b4@group-E0DA6B936123->36dc106a-b650-4673-a9ea-d6528ce93d44-AppendLogResponseHandler: Failed appendEntries: org.apache.ratis.thirdparty.io.grpc.StatusRuntimeException: UNAVAILABLE: io exception
2019-10-10 21:37:12,966 [grpc-default-executor-1] INFO  impl.FollowerInfo (FollowerInfo.java:lambda$new$0(51)) - e470dbc6-b7c3-4cc5-bcba-9849bb7698b4@group-E0DA6B936123->4d6c447f-053a-4089-9221-5a9185208761: nextIndex: updateUnconditionally 0 -> 0
2019-10-10 21:37:12,966 [grpc-default-executor-3] INFO  impl.FollowerInfo (FollowerInfo.java:lambda$new$0(51)) - e470dbc6-b7c3-4cc5-bcba-9849bb7698b4@group-E0DA6B936123->36dc106a-b650-4673-a9ea-d6528ce93d44: nextIndex: updateUnconditionally 0 -> 0
2019-10-10 21:37:13,683 [Thread-1626] INFO  client.GrpcClientProtocolService (GrpcClientProtocolService.java:lambda$processClientRequest$0(278)) - Failed RaftClientRequest:client-9F8D9D269749->e470dbc6-b7c3-4cc5-bcba-9849bb7698b4@group-E0DA6B936123, cid=67, seq=0, Watch-ALL_COMMITTED(23), Message:<EMPTY>, reply=RaftClientReply:client-9F8D9D269749->e470dbc6-b7c3-4cc5-bcba-9849bb7698b4@group-E0DA6B936123, cid=67, FAILED org.apache.ratis.protocol.NotReplicatedException: Request with call Id 67 and log index 23 is not yet replicated to ALL_COMMITTED, logIndex=23, commits[e470dbc6-b7c3-4cc5-bcba-9849bb7698b4:c2, 36dc106a-b650-4673-a9ea-d6528ce93d44:c2, 4d6c447f-053a-4089-9221-5a9185208761:c2]
2019-10-10 21:37:14,685 [Thread-1628] INFO  client.GrpcClientProtocolService (GrpcClientProtocolService.java:lambda$processClientRequest$0(278)) - Failed RaftClientRequest:client-9F8D9D269749->e470dbc6-b7c3-4cc5-bcba-9849bb7698b4@group-E0DA6B936123, cid=68, seq=0, Watch-MAJORITY_COMMITTED(23), Message:<EMPTY>, reply=RaftClientReply:client-9F8D9D269749->e470dbc6-b7c3-4cc5-bcba-9849bb7698b4@group-E0DA6B936123, cid=68, FAILED org.apache.ratis.protocol.NotReplicatedException: Request with call Id 68 and log index 23 is not yet replicated to MAJORITY_COMMITTED, logIndex=23, commits[e470dbc6-b7c3-4cc5-bcba-9849bb7698b4:c2, 36dc106a-b650-4673-a9ea-d6528ce93d44:c2, 4d6c447f-053a-4089-9221-5a9185208761:c2]
2019-10-10 21:37:15,467 [grpc-default-executor-1] WARN  server.GrpcLogAppender (LogUtils.java:warn(134)) - e470dbc6-b7c3-4cc5-bcba-9849bb7698b4@group-E0DA6B936123->4d6c447f-053a-4089-9221-5a9185208761-AppendLogResponseHandler: Failed appendEntries: org.apache.ratis.thirdparty.io.grpc.StatusRuntimeException: UNAVAILABLE: io exception
2019-10-10 21:37:15,467 [grpc-default-executor-8] WARN  server.GrpcLogAppender (LogUtils.java:warn(134)) - e470dbc6-b7c3-4cc5-bcba-9849bb7698b4@group-E0DA6B936123->36dc106a-b650-4673-a9ea-d6528ce93d44-AppendLogResponseHandler: Failed appendEntries: org.apache.ratis.thirdparty.io.grpc.StatusRuntimeException: UNAVAILABLE: io exception
2019-10-10 21:37:15,468 [grpc-default-executor-1] INFO  impl.FollowerInfo (FollowerInfo.java:lambda$new$0(51)) - e470dbc6-b7c3-4cc5-bcba-9849bb7698b4@group-E0DA6B936123->4d6c447f-053a-4089-9221-5a9185208761: nextIndex: updateUnconditionally 0 -> 0
2019-10-10 21:37:15,468 [grpc-default-executor-8] INFO  impl.FollowerInfo (FollowerInfo.java:lambda$new$0(51)) - e470dbc6-b7c3-4cc5-bcba-9849bb7698b4@group-E0DA6B936123->36dc106a-b650-4673-a9ea-d6528ce93d44: nextIndex: updateUnconditionally 0 -> 0
2019-10-10 21:37:17,970 [grpc-default-executor-9] WARN  server.GrpcLogAppender (LogUtils.java:warn(134)) - e470dbc6-b7c3-4cc5-bcba-9849bb7698b4@group-E0DA6B936123->4d6c447f-053a-4089-9221-5a9185208761-AppendLogResponseHandler: Failed appendEntries: org.apache.ratis.thirdparty.io.grpc.StatusRuntimeException: UNAVAILABLE: io exception
2019-10-10 21:37:17,970 [grpc-default-executor-1] WARN  server.GrpcLogAppender (LogUtils.java:warn(134)) - e470dbc6-b7c3-4cc5-bcba-9849bb7698b4@group-E0DA6B936123->36dc106a-b650-4673-a9ea-d6528ce93d44-AppendLogResponseHandler: Failed appendEntries: org.apache.ratis.thirdparty.io.grpc.StatusRuntimeException: UNAVAILABLE: io exception
2019-10-10 21:37:17,971 [grpc-default-executor-9] INFO  impl.FollowerInfo (FollowerInfo.java:lambda$new$0(51)) - e470dbc6-b7c3-4cc5-bcba-9849bb7698b4@group-E0DA6B936123->4d6c447f-053a-4089-9221-5a9185208761: nextIndex: updateUnconditionally 0 -> 0
2019-10-10 21:37:17,971 [grpc-default-executor-1] INFO  impl.FollowerInfo (FollowerInfo.java:lambda$new$0(51)) - e470dbc6-b7c3-4cc5-bcba-9849bb7698b4@group-E0DA6B936123->36dc106a-b650-4673-a9ea-d6528ce93d44: nextIndex: updateUnconditionally 0 -> 0
2019-10-10 21:37:20,477 [grpc-default-executor-6] WARN  server.GrpcLogAppender (LogUtils.java:warn(134)) - e470dbc6-b7c3-4cc5-bcba-9849bb7698b4@group-E0DA6B936123->4d6c447f-053a-4089-9221-5a9185208761-AppendLogResponseHandler: Failed appendEntries: org.apache.ratis.thirdparty.io.grpc.StatusRuntimeException: UNAVAILABLE: io exception
2019-10-10 21:37:20,477 [grpc-default-executor-9] WARN  server.GrpcLogAppender (LogUtils.java:warn(134)) - e470dbc6-b7c3-4cc5-bcba-9849bb7698b4@group-E0DA6B936123->36dc106a-b650-4673-a9ea-d6528ce93d44-AppendLogResponseHandler: Failed appendEntries: org.apache.ratis.thirdparty.io.grpc.StatusRuntimeException: UNAVAILABLE: io exception
2019-10-10 21:37:20,478 [grpc-default-executor-6] INFO  impl.FollowerInfo (FollowerInfo.java:lambda$new$0(51)) - e470dbc6-b7c3-4cc5-bcba-9849bb7698b4@group-E0DA6B936123->4d6c447f-053a-4089-9221-5a9185208761: nextIndex: updateUnconditionally 0 -> 0
2019-10-10 21:37:20,478 [grpc-default-executor-9] INFO  impl.FollowerInfo (FollowerInfo.java:lambda$new$0(51)) - e470dbc6-b7c3-4cc5-bcba-9849bb7698b4@group-E0DA6B936123->36dc106a-b650-4673-a9ea-d6528ce93d44: nextIndex: updateUnconditionally 0 -> 0
2019-10-10 21:37:22,979 [grpc-default-executor-9] WARN  server.GrpcLogAppender (LogUtils.java:warn(134)) - e470dbc6-b7c3-4cc5-bcba-9849bb7698b4@group-E0DA6B936123->36dc106a-b650-4673-a9ea-d6528ce93d44-AppendLogResponseHandler: Failed appendEntries: org.apache.ratis.thirdparty.io.grpc.StatusRuntimeException: UNAVAILABLE: io exception
2019-10-10 21:37:22,979 [grpc-default-executor-6] WARN  server.GrpcLogAppender (LogUtils.java:warn(134)) - e470dbc6-b7c3-4cc5-bcba-9849bb7698b4@group-E0DA6B936123->4d6c447f-053a-4089-9221-5a9185208761-AppendLogResponseHandler: Failed appendEntries: org.apache.ratis.thirdparty.io.grpc.StatusRuntimeException: UNAVAILABLE: io exception
2019-10-10 21:37:22,981 [grpc-default-executor-9] INFO  impl.FollowerInfo (FollowerInfo.java:lambda$new$0(51)) - e470dbc6-b7c3-4cc5-bcba-9849bb7698b4@group-E0DA6B936123->36dc106a-b650-4673-a9ea-d6528ce93d44: nextIndex: updateUnconditionally 0 -> 0
2019-10-10 21:37:22,981 [grpc-default-executor-6] INFO  impl.FollowerInfo (FollowerInfo.java:lambda$new$0(51)) - e470dbc6-b7c3-4cc5-bcba-9849bb7698b4@group-E0DA6B936123->4d6c447f-053a-4089-9221-5a9185208761: nextIndex: updateUnconditionally 0 -> 0
]]></system-out>
    <system-err><![CDATA[Oct 10, 2019 9:36:38 PM org.apache.ratis.thirdparty.io.grpc.internal.SerializingExecutor run
SEVERE: Exception while executing runnable org.apache.ratis.thirdparty.io.grpc.internal.ServerImpl$JumpToApplicationThreadServerStreamListener$1Closed@54739c17
org.apache.ratis.thirdparty.io.grpc.StatusRuntimeException: CANCELLED: call already cancelled
	at org.apache.ratis.thirdparty.io.grpc.Status.asRuntimeException(Status.java:517)
	at org.apache.ratis.thirdparty.io.grpc.stub.ServerCalls$ServerCallStreamObserverImpl.onCompleted(ServerCalls.java:356)
	at org.apache.ratis.grpc.server.GrpcServerProtocolService$ServerRequestStreamObserver.onError(GrpcServerProtocolService.java:121)
	at org.apache.ratis.thirdparty.io.grpc.stub.ServerCalls$StreamingServerCallHandler$StreamingServerCallListener.onCancel(ServerCalls.java:269)
	at org.apache.ratis.thirdparty.io.grpc.internal.ServerCallImpl$ServerStreamListenerImpl.closed(ServerCallImpl.java:293)
	at org.apache.ratis.thirdparty.io.grpc.internal.ServerImpl$JumpToApplicationThreadServerStreamListener$1Closed.runInContext(ServerImpl.java:741)
	at org.apache.ratis.thirdparty.io.grpc.internal.ContextRunnable.run(ContextRunnable.java:37)
	at org.apache.ratis.thirdparty.io.grpc.internal.SerializingExecutor.run(SerializingExecutor.java:123)
	at java.util.concurrent.ThreadPoolExecutor.runWorker(ThreadPoolExecutor.java:1149)
	at java.util.concurrent.ThreadPoolExecutor$Worker.run(ThreadPoolExecutor.java:624)
	at java.lang.Thread.run(Thread.java:748)

Oct 10, 2019 9:36:43 PM org.apache.ratis.thirdparty.io.grpc.internal.SerializingExecutor run
SEVERE: Exception while executing runnable org.apache.ratis.thirdparty.io.grpc.internal.ServerImpl$JumpToApplicationThreadServerStreamListener$1Closed@3dd90af0
org.apache.ratis.thirdparty.io.grpc.StatusRuntimeException: CANCELLED: call already cancelled
	at org.apache.ratis.thirdparty.io.grpc.Status.asRuntimeException(Status.java:517)
	at org.apache.ratis.thirdparty.io.grpc.stub.ServerCalls$ServerCallStreamObserverImpl.onCompleted(ServerCalls.java:356)
	at org.apache.ratis.grpc.server.GrpcServerProtocolService$ServerRequestStreamObserver.onError(GrpcServerProtocolService.java:121)
	at org.apache.ratis.thirdparty.io.grpc.stub.ServerCalls$StreamingServerCallHandler$StreamingServerCallListener.onCancel(ServerCalls.java:269)
	at org.apache.ratis.thirdparty.io.grpc.internal.ServerCallImpl$ServerStreamListenerImpl.closed(ServerCallImpl.java:293)
	at org.apache.ratis.thirdparty.io.grpc.internal.ServerImpl$JumpToApplicationThreadServerStreamListener$1Closed.runInContext(ServerImpl.java:741)
	at org.apache.ratis.thirdparty.io.grpc.internal.ContextRunnable.run(ContextRunnable.java:37)
	at org.apache.ratis.thirdparty.io.grpc.internal.SerializingExecutor.run(SerializingExecutor.java:123)
	at java.util.concurrent.ThreadPoolExecutor.runWorker(ThreadPoolExecutor.java:1149)
	at java.util.concurrent.ThreadPoolExecutor$Worker.run(ThreadPoolExecutor.java:624)
	at java.lang.Thread.run(Thread.java:748)

]]></system-err>
  </testcase>
  <testcase name="testWatchForCommitForGroupMismatchException" classname="org.apache.hadoop.ozone.client.rpc.TestWatchForCommit" time="34.347"/>
  <testcase name="test2WayCommitForTimeoutException" classname="org.apache.hadoop.ozone.client.rpc.TestWatchForCommit" time="23.73">
    <error type="java.util.concurrent.TimeoutException">java.util.concurrent.TimeoutException
	at java.util.concurrent.CompletableFuture.timedGet(CompletableFuture.java:1771)
	at java.util.concurrent.CompletableFuture.get(CompletableFuture.java:1915)
	at org.apache.hadoop.hdds.scm.XceiverClientRatis.watchForCommit(XceiverClientRatis.java:283)
	at org.apache.hadoop.ozone.client.rpc.TestWatchForCommit.test2WayCommitForTimeoutException(TestWatchForCommit.java:391)
	at sun.reflect.NativeMethodAccessorImpl.invoke0(Native Method)
	at sun.reflect.NativeMethodAccessorImpl.invoke(NativeMethodAccessorImpl.java:62)
	at sun.reflect.DelegatingMethodAccessorImpl.invoke(DelegatingMethodAccessorImpl.java:43)
	at java.lang.reflect.Method.invoke(Method.java:498)
	at org.junit.runners.model.FrameworkMethod$1.runReflectiveCall(FrameworkMethod.java:47)
	at org.junit.internal.runners.model.ReflectiveCallable.run(ReflectiveCallable.java:12)
	at org.junit.runners.model.FrameworkMethod.invokeExplosively(FrameworkMethod.java:44)
	at org.junit.internal.runners.statements.InvokeMethod.evaluate(InvokeMethod.java:17)
	at org.junit.runners.ParentRunner.runLeaf(ParentRunner.java:271)
	at org.junit.runners.BlockJUnit4ClassRunner.runChild(BlockJUnit4ClassRunner.java:70)
	at org.junit.runners.BlockJUnit4ClassRunner.runChild(BlockJUnit4ClassRunner.java:50)
	at org.junit.runners.ParentRunner$3.run(ParentRunner.java:238)
	at org.junit.runners.ParentRunner$1.schedule(ParentRunner.java:63)
	at org.junit.runners.ParentRunner.runChildren(ParentRunner.java:236)
	at org.junit.runners.ParentRunner.access$000(ParentRunner.java:53)
	at org.junit.runners.ParentRunner$2.evaluate(ParentRunner.java:229)
	at org.junit.runners.ParentRunner.run(ParentRunner.java:309)
	at org.apache.maven.surefire.junit4.JUnit4Provider.execute(JUnit4Provider.java:365)
	at org.apache.maven.surefire.junit4.JUnit4Provider.executeWithRerun(JUnit4Provider.java:273)
	at org.apache.maven.surefire.junit4.JUnit4Provider.executeTestSet(JUnit4Provider.java:238)
	at org.apache.maven.surefire.junit4.JUnit4Provider.invoke(JUnit4Provider.java:159)
	at org.apache.maven.surefire.booter.ForkedBooter.invokeProviderInSameClassLoader(ForkedBooter.java:384)
	at org.apache.maven.surefire.booter.ForkedBooter.runSuitesInProcess(ForkedBooter.java:345)
	at org.apache.maven.surefire.booter.ForkedBooter.execute(ForkedBooter.java:126)
	at org.apache.maven.surefire.booter.ForkedBooter.main(ForkedBooter.java:418)
</error>
    <system-out><![CDATA[2019-10-10 21:37:57,706 [main] WARN  server.ServerUtils (ServerUtils.java:getScmDbDir(145)) - ozone.scm.db.dirs is not configured. We recommend adding this setting. Falling back to ozone.metadata.dirs instead.
2019-10-10 21:37:57,731 [main] WARN  server.ServerUtils (ServerUtils.java:getScmDbDir(145)) - ozone.scm.db.dirs is not configured. We recommend adding this setting. Falling back to ozone.metadata.dirs instead.
2019-10-10 21:37:57,731 [main] WARN  server.ServerUtils (ServerUtils.java:getScmDbDir(145)) - ozone.scm.db.dirs is not configured. We recommend adding this setting. Falling back to ozone.metadata.dirs instead.
2019-10-10 21:37:57,732 [main] INFO  db.DBStoreBuilder (DBStoreBuilder.java:addTable(117)) - using custom profile for table: deletedBlocks
2019-10-10 21:37:57,732 [main] INFO  db.DBStoreBuilder (DBStoreBuilder.java:processTables(168)) - Using default column profile:DBProfile.DISK for Table:deletedBlocks
2019-10-10 21:37:57,732 [main] INFO  db.DBStoreBuilder (DBStoreBuilder.java:addTable(117)) - using custom profile for table: validCerts
2019-10-10 21:37:57,732 [main] INFO  db.DBStoreBuilder (DBStoreBuilder.java:processTables(168)) - Using default column profile:DBProfile.DISK for Table:validCerts
2019-10-10 21:37:57,732 [main] INFO  db.DBStoreBuilder (DBStoreBuilder.java:addTable(117)) - using custom profile for table: revokedCerts
2019-10-10 21:37:57,732 [main] INFO  db.DBStoreBuilder (DBStoreBuilder.java:processTables(168)) - Using default column profile:DBProfile.DISK for Table:revokedCerts
2019-10-10 21:37:57,733 [main] INFO  db.DBStoreBuilder (DBStoreBuilder.java:addTable(117)) - using custom profile for table: default
2019-10-10 21:37:57,733 [main] INFO  db.DBStoreBuilder (DBStoreBuilder.java:processTables(174)) - Using default column profile:DBProfile.DISK for Table:default
2019-10-10 21:37:57,733 [main] INFO  db.DBStoreBuilder (DBStoreBuilder.java:getDbProfile(205)) - Using default options. DBProfile.DISK
2019-10-10 21:37:57,996 [grpc-default-executor-1] WARN  server.GrpcLogAppender (LogUtils.java:warn(134)) - e470dbc6-b7c3-4cc5-bcba-9849bb7698b4@group-E0DA6B936123->4d6c447f-053a-4089-9221-5a9185208761-AppendLogResponseHandler: Failed appendEntries: org.apache.ratis.thirdparty.io.grpc.StatusRuntimeException: UNAVAILABLE: io exception
2019-10-10 21:37:57,996 [grpc-default-executor-1] INFO  impl.FollowerInfo (FollowerInfo.java:lambda$new$0(51)) - e470dbc6-b7c3-4cc5-bcba-9849bb7698b4@group-E0DA6B936123->4d6c447f-053a-4089-9221-5a9185208761: nextIndex: updateUnconditionally 0 -> 0
2019-10-10 21:37:58,001 [grpc-default-executor-2] WARN  server.GrpcLogAppender (LogUtils.java:warn(134)) - e470dbc6-b7c3-4cc5-bcba-9849bb7698b4@group-E0DA6B936123->36dc106a-b650-4673-a9ea-d6528ce93d44-AppendLogResponseHandler: Failed appendEntries: org.apache.ratis.thirdparty.io.grpc.StatusRuntimeException: UNAVAILABLE: io exception
2019-10-10 21:37:58,002 [grpc-default-executor-2] INFO  impl.FollowerInfo (FollowerInfo.java:lambda$new$0(51)) - e470dbc6-b7c3-4cc5-bcba-9849bb7698b4@group-E0DA6B936123->36dc106a-b650-4673-a9ea-d6528ce93d44: nextIndex: updateUnconditionally 0 -> 0
2019-10-10 21:37:58,008 [main] INFO  net.NodeSchemaLoader (NodeSchemaLoader.java:loadSchemaFromFile(125)) - Loading file from sun.misc.CompoundEnumeration@56a4abd0
2019-10-10 21:37:58,009 [main] INFO  net.NodeSchemaLoader (NodeSchemaLoader.java:loadSchema(171)) - Loading network topology layer schema file
2019-10-10 21:37:58,015 [main] WARN  server.ServerUtils (ServerUtils.java:sanitizeUserArgs(70)) - ozone.scm.stale.node.interval value = 300000 is larger than max = 100000 based on the key value of ozone.scm.heartbeat.thread.interval, reset to the max value 100000.
2019-10-10 21:37:58,015 [main] WARN  server.ServerUtils (ServerUtils.java:sanitizeUserArgs(70)) - ozone.scm.stale.node.interval value = 300000 is larger than max = 100000 based on the key value of ozone.scm.heartbeat.thread.interval, reset to the max value 100000.
2019-10-10 21:37:58,015 [main] INFO  node.SCMNodeManager (SCMNodeManager.java:<init>(116)) - Entering startup safe mode.
2019-10-10 21:37:58,016 [main] INFO  algorithms.ContainerPlacementPolicyFactory (ContainerPlacementPolicyFactory.java:getPolicy(57)) - Create container placement policy of type org.apache.hadoop.hdds.scm.container.placement.algorithms.SCMContainerPlacementRandom
2019-10-10 21:37:58,017 [main] WARN  server.ServerUtils (ServerUtils.java:getScmDbDir(145)) - ozone.scm.db.dirs is not configured. We recommend adding this setting. Falling back to ozone.metadata.dirs instead.
2019-10-10 21:37:58,102 [main] INFO  pipeline.SCMPipelineManager (SCMPipelineManager.java:initializePipelineState(132)) - No pipeline exists in current db
2019-10-10 21:37:58,102 [main] WARN  server.ServerUtils (ServerUtils.java:getScmDbDir(145)) - ozone.scm.db.dirs is not configured. We recommend adding this setting. Falling back to ozone.metadata.dirs instead.
2019-10-10 21:37:58,212 [main] WARN  events.EventQueue (EventQueue.java:fireEvent(183)) - No event handler registered for event TypedEvent{payloadType=SafeModeStatus, name='SafeModeStatus'}
2019-10-10 21:37:58,213 [main] INFO  ipc.CallQueueManager (CallQueueManager.java:<init>(84)) - Using callQueue: class java.util.concurrent.LinkedBlockingQueue, queueCapacity: 2000, scheduler: class org.apache.hadoop.ipc.DefaultRpcScheduler, ipcBackoff: false.
2019-10-10 21:37:58,214 [Socket Reader #1 for port 42361] INFO  ipc.Server (Server.java:run(1074)) - Starting Socket Reader #1 for port 42361
2019-10-10 21:37:58,218 [main] INFO  ipc.CallQueueManager (CallQueueManager.java:<init>(84)) - Using callQueue: class java.util.concurrent.LinkedBlockingQueue, queueCapacity: 2000, scheduler: class org.apache.hadoop.ipc.DefaultRpcScheduler, ipcBackoff: false.
2019-10-10 21:37:58,219 [Socket Reader #1 for port 45674] INFO  ipc.Server (Server.java:run(1074)) - Starting Socket Reader #1 for port 45674
2019-10-10 21:37:58,223 [main] INFO  ipc.CallQueueManager (CallQueueManager.java:<init>(84)) - Using callQueue: class java.util.concurrent.LinkedBlockingQueue, queueCapacity: 2000, scheduler: class org.apache.hadoop.ipc.DefaultRpcScheduler, ipcBackoff: false.
2019-10-10 21:37:58,224 [Socket Reader #1 for port 41295] INFO  ipc.Server (Server.java:run(1074)) - Starting Socket Reader #1 for port 41295
2019-10-10 21:37:58,229 [main] INFO  hdfs.DFSUtil (DFSUtil.java:httpServerTemplateForNNAndJN(1641)) - Starting Web-server for scm at: http://0.0.0.0:0
2019-10-10 21:37:58,230 [main] INFO  server.AuthenticationFilter (AuthenticationFilter.java:constructSecretProvider(240)) - Unable to initialize FileSignerSecretProvider, falling back to use random secrets.
2019-10-10 21:37:58,231 [main] WARN  http.HttpRequestLog (HttpRequestLog.java:getRequestLog(97)) - Jetty request log can only be enabled using Log4j
2019-10-10 21:37:58,232 [main] INFO  http.HttpServer2 (HttpServer2.java:addGlobalFilter(975)) - Added global filter 'safety' (class=org.apache.hadoop.http.HttpServer2$QuotingInputFilter)
2019-10-10 21:37:58,233 [main] INFO  http.HttpServer2 (HttpServer2.java:addFilter(948)) - Added filter static_user_filter (class=org.apache.hadoop.http.lib.StaticUserWebFilter$StaticUserFilter) to context scm
2019-10-10 21:37:58,233 [main] INFO  http.HttpServer2 (HttpServer2.java:addFilter(958)) - Added filter static_user_filter (class=org.apache.hadoop.http.lib.StaticUserWebFilter$StaticUserFilter) to context logs
2019-10-10 21:37:58,233 [main] INFO  http.HttpServer2 (HttpServer2.java:addFilter(958)) - Added filter static_user_filter (class=org.apache.hadoop.http.lib.StaticUserWebFilter$StaticUserFilter) to context static
2019-10-10 21:37:58,235 [main] INFO  server.StorageContainerManager (StorageContainerManager.java:start(772)) - StorageContainerLocationProtocol RPC server is listening at /0.0.0.0:41295
2019-10-10 21:37:58,237 [main] WARN  impl.MetricsConfig (MetricsConfig.java:loadFirst(134)) - Cannot locate configuration: tried hadoop-metrics2-storagecontainermanager.properties,hadoop-metrics2.properties
2019-10-10 21:37:58,239 [main] INFO  impl.MetricsSystemImpl (MetricsSystemImpl.java:startTimer(374)) - Scheduled Metric snapshot period at 10 second(s).
2019-10-10 21:37:58,239 [main] INFO  impl.MetricsSystemImpl (MetricsSystemImpl.java:start(191)) - StorageContainerManager metrics system started
2019-10-10 21:37:58,522 [main] WARN  impl.MetricsSystemImpl (MetricsSystemImpl.java:register(276)) - Sink prometheus already exists!
2019-10-10 21:37:58,544 [java.util.concurrent.ThreadPoolExecutor$Worker@4e016aa1[State = -1, empty queue]] WARN  util.TimeoutScheduler (LogUtils.java:runAndLog(55)) - Failed to task #1: java.lang.NullPointerException
2019-10-10 21:37:58,783 [main] INFO  server.SCMClientProtocolServer (SCMClientProtocolServer.java:start(159)) - RPC server for Client  is listening at /0.0.0.0:41295
2019-10-10 21:37:58,783 [IPC Server Responder] INFO  ipc.Server (Server.java:run(1314)) - IPC Server Responder: starting
2019-10-10 21:37:58,786 [IPC Server listener on 41295] INFO  ipc.Server (Server.java:run(1153)) - IPC Server listener on 41295: starting
2019-10-10 21:37:58,794 [main] INFO  server.StorageContainerManager (StorageContainerManager.java:start(782)) - ScmBlockLocationProtocol RPC server is listening at /0.0.0.0:45674
2019-10-10 21:37:58,794 [main] INFO  server.SCMBlockProtocolServer (SCMBlockProtocolServer.java:start(146)) - RPC server for Block Protocol is listening at /0.0.0.0:45674
2019-10-10 21:37:58,794 [IPC Server Responder] INFO  ipc.Server (Server.java:run(1314)) - IPC Server Responder: starting
2019-10-10 21:37:58,796 [IPC Server listener on 45674] INFO  ipc.Server (Server.java:run(1153)) - IPC Server listener on 45674: starting
2019-10-10 21:37:58,803 [main] INFO  server.StorageContainerManager (StorageContainerManager.java:start(786)) - ScmDatanodeProtocl RPC server is listening at /0.0.0.0:42361
2019-10-10 21:37:58,803 [main] INFO  server.SCMDatanodeProtocolServer (SCMDatanodeProtocolServer.java:start(169)) - RPC server for DataNodes is listening at /0.0.0.0:42361
2019-10-10 21:37:58,803 [IPC Server listener on 42361] INFO  ipc.Server (Server.java:run(1153)) - IPC Server listener on 42361: starting
2019-10-10 21:37:58,808 [IPC Server Responder] INFO  ipc.Server (Server.java:run(1314)) - IPC Server Responder: starting
2019-10-10 21:37:58,812 [main] INFO  http.HttpServer2 (HttpServer2.java:bindListener(1191)) - Jetty bound to port 34845
2019-10-10 21:37:58,812 [main] INFO  server.Server (Server.java:doStart(351)) - jetty-9.3.25.v20180904, build timestamp: 2018-09-04T21:11:46Z, git hash: 3ce520221d0240229c862b122d2b06c12a625732
2019-10-10 21:37:58,814 [main] INFO  handler.ContextHandler (ContextHandler.java:doStart(781)) - Started o.e.j.s.ServletContextHandler@501957bf{/logs,file:///workdir/hadoop-ozone/integration-test/target/log,AVAILABLE}
2019-10-10 21:37:58,814 [main] INFO  handler.ContextHandler (ContextHandler.java:doStart(781)) - Started o.e.j.s.ServletContextHandler@b30a50d{/static,file:///workdir/hadoop-ozone/integration-test/target/test-classes/webapps/static,AVAILABLE}
2019-10-10 21:37:58,818 [main] INFO  handler.ContextHandler (ContextHandler.java:doStart(781)) - Started o.e.j.w.WebAppContext@75eaba95{/,file:///workdir/hadoop-ozone/integration-test/target/test-classes/webapps/scm/,AVAILABLE}{/scm}
2019-10-10 21:37:58,819 [main] INFO  server.AbstractConnector (AbstractConnector.java:doStart(278)) - Started ServerConnector@320be73{HTTP/1.1,[http/1.1]}{0.0.0.0:34845}
2019-10-10 21:37:58,821 [main] INFO  server.Server (Server.java:doStart(419)) - Started @202624ms
2019-10-10 21:37:58,822 [main] WARN  impl.MetricsSystemImpl (MetricsSystemImpl.java:register(276)) - Sink prometheus already exists!
2019-10-10 21:37:58,823 [main] INFO  server.BaseHttpServer (BaseHttpServer.java:updateConnectorAddress(215)) - HTTP server of SCM is listening at http://0.0.0.0:34845
2019-10-10 21:37:58,823 [main] WARN  server.ServerUtils (ServerUtils.java:getDBPath(222)) - ozone.om.db.dirs is not configured. We recommend adding this setting. Falling back to ozone.metadata.dirs instead.
2019-10-10 21:37:58,826 [org.apache.hadoop.util.JvmPauseMonitor$Monitor@6af310c7] INFO  util.JvmPauseMonitor (JvmPauseMonitor.java:run(188)) - Starting JVM pause monitor
2019-10-10 21:37:58,852 [main] INFO  ha.OMHANodeDetails (OMHANodeDetails.java:loadOMHAConfig(190)) - Configuration either no ozone.om.address set. Falling back to the default OM address /127.0.0.1:0
2019-10-10 21:37:58,852 [main] INFO  ha.OMHANodeDetails (OMHANodeDetails.java:getOMNodeDetails(220)) - OM Service ID is not set. Setting it to the default ID: omServiceIdDefault
2019-10-10 21:37:58,853 [main] WARN  server.ServerUtils (ServerUtils.java:getDBPath(222)) - ozone.om.db.dirs is not configured. We recommend adding this setting. Falling back to ozone.metadata.dirs instead.
2019-10-10 21:37:58,853 [main] WARN  server.ServerUtils (ServerUtils.java:getDBPath(222)) - ozone.om.db.dirs is not configured. We recommend adding this setting. Falling back to ozone.metadata.dirs instead.
2019-10-10 21:37:58,869 [main] WARN  server.ServerUtils (ServerUtils.java:getDBPath(222)) - ozone.om.db.dirs is not configured. We recommend adding this setting. Falling back to ozone.metadata.dirs instead.
2019-10-10 21:37:58,869 [main] INFO  db.DBStoreBuilder (DBStoreBuilder.java:addTable(117)) - using custom profile for table: userTable
2019-10-10 21:37:58,869 [main] INFO  db.DBStoreBuilder (DBStoreBuilder.java:processTables(168)) - Using default column profile:DBProfile.DISK for Table:userTable
2019-10-10 21:37:58,870 [main] INFO  db.DBStoreBuilder (DBStoreBuilder.java:addTable(117)) - using custom profile for table: volumeTable
2019-10-10 21:37:58,870 [main] INFO  db.DBStoreBuilder (DBStoreBuilder.java:processTables(168)) - Using default column profile:DBProfile.DISK for Table:volumeTable
2019-10-10 21:37:58,870 [main] INFO  db.DBStoreBuilder (DBStoreBuilder.java:addTable(117)) - using custom profile for table: bucketTable
2019-10-10 21:37:58,870 [main] INFO  db.DBStoreBuilder (DBStoreBuilder.java:processTables(168)) - Using default column profile:DBProfile.DISK for Table:bucketTable
2019-10-10 21:37:58,871 [main] INFO  db.DBStoreBuilder (DBStoreBuilder.java:addTable(117)) - using custom profile for table: keyTable
2019-10-10 21:37:58,871 [main] INFO  db.DBStoreBuilder (DBStoreBuilder.java:processTables(168)) - Using default column profile:DBProfile.DISK for Table:keyTable
2019-10-10 21:37:58,871 [main] INFO  db.DBStoreBuilder (DBStoreBuilder.java:addTable(117)) - using custom profile for table: deletedTable
2019-10-10 21:37:58,871 [main] INFO  db.DBStoreBuilder (DBStoreBuilder.java:processTables(168)) - Using default column profile:DBProfile.DISK for Table:deletedTable
2019-10-10 21:37:58,872 [main] INFO  db.DBStoreBuilder (DBStoreBuilder.java:addTable(117)) - using custom profile for table: openKeyTable
2019-10-10 21:37:58,872 [main] INFO  db.DBStoreBuilder (DBStoreBuilder.java:processTables(168)) - Using default column profile:DBProfile.DISK for Table:openKeyTable
2019-10-10 21:37:58,872 [main] INFO  db.DBStoreBuilder (DBStoreBuilder.java:addTable(117)) - using custom profile for table: s3Table
2019-10-10 21:37:58,872 [main] INFO  db.DBStoreBuilder (DBStoreBuilder.java:processTables(168)) - Using default column profile:DBProfile.DISK for Table:s3Table
2019-10-10 21:37:58,873 [main] INFO  db.DBStoreBuilder (DBStoreBuilder.java:addTable(117)) - using custom profile for table: multipartInfoTable
2019-10-10 21:37:58,873 [main] INFO  db.DBStoreBuilder (DBStoreBuilder.java:processTables(168)) - Using default column profile:DBProfile.DISK for Table:multipartInfoTable
2019-10-10 21:37:58,873 [main] INFO  db.DBStoreBuilder (DBStoreBuilder.java:addTable(117)) - using custom profile for table: dTokenTable
2019-10-10 21:37:58,873 [main] INFO  db.DBStoreBuilder (DBStoreBuilder.java:processTables(168)) - Using default column profile:DBProfile.DISK for Table:dTokenTable
2019-10-10 21:37:58,874 [main] INFO  db.DBStoreBuilder (DBStoreBuilder.java:addTable(117)) - using custom profile for table: s3SecretTable
2019-10-10 21:37:58,874 [main] INFO  db.DBStoreBuilder (DBStoreBuilder.java:processTables(168)) - Using default column profile:DBProfile.DISK for Table:s3SecretTable
2019-10-10 21:37:58,874 [main] INFO  db.DBStoreBuilder (DBStoreBuilder.java:addTable(117)) - using custom profile for table: prefixTable
2019-10-10 21:37:58,874 [main] INFO  db.DBStoreBuilder (DBStoreBuilder.java:processTables(168)) - Using default column profile:DBProfile.DISK for Table:prefixTable
2019-10-10 21:37:58,874 [main] INFO  db.DBStoreBuilder (DBStoreBuilder.java:addTable(117)) - using custom profile for table: default
2019-10-10 21:37:58,875 [main] INFO  db.DBStoreBuilder (DBStoreBuilder.java:processTables(174)) - Using default column profile:DBProfile.DISK for Table:default
2019-10-10 21:37:58,875 [main] INFO  db.DBStoreBuilder (DBStoreBuilder.java:getDbProfile(205)) - Using default options. DBProfile.DISK
2019-10-10 21:37:59,596 [main] INFO  ipc.CallQueueManager (CallQueueManager.java:<init>(84)) - Using callQueue: class java.util.concurrent.LinkedBlockingQueue, queueCapacity: 2000, scheduler: class org.apache.hadoop.ipc.DefaultRpcScheduler, ipcBackoff: false.
2019-10-10 21:37:59,596 [Socket Reader #1 for port 39271] INFO  ipc.Server (Server.java:run(1074)) - Starting Socket Reader #1 for port 39271
2019-10-10 21:37:59,610 [main] INFO  om.OzoneManager (OzoneManager.java:start(1071)) - OzoneManager RPC server is listening at localhost/127.0.0.1:39271
2019-10-10 21:37:59,610 [main] INFO  impl.MetricsSystemImpl (MetricsSystemImpl.java:init(158)) - OzoneManager metrics system started (again)
2019-10-10 21:37:59,611 [IPC Server Responder] INFO  ipc.Server (Server.java:run(1314)) - IPC Server Responder: starting
2019-10-10 21:37:59,611 [IPC Server listener on 39271] INFO  ipc.Server (Server.java:run(1153)) - IPC Server listener on 39271: starting
2019-10-10 21:37:59,622 [main] INFO  hdfs.DFSUtil (DFSUtil.java:httpServerTemplateForNNAndJN(1641)) - Starting Web-server for ozoneManager at: http://0.0.0.0:0
2019-10-10 21:37:59,623 [main] INFO  server.AuthenticationFilter (AuthenticationFilter.java:constructSecretProvider(240)) - Unable to initialize FileSignerSecretProvider, falling back to use random secrets.
2019-10-10 21:37:59,623 [main] WARN  http.HttpRequestLog (HttpRequestLog.java:getRequestLog(97)) - Jetty request log can only be enabled using Log4j
2019-10-10 21:37:59,625 [main] INFO  http.HttpServer2 (HttpServer2.java:addGlobalFilter(975)) - Added global filter 'safety' (class=org.apache.hadoop.http.HttpServer2$QuotingInputFilter)
2019-10-10 21:37:59,625 [main] INFO  http.HttpServer2 (HttpServer2.java:addFilter(948)) - Added filter static_user_filter (class=org.apache.hadoop.http.lib.StaticUserWebFilter$StaticUserFilter) to context ozoneManager
2019-10-10 21:37:59,625 [main] INFO  http.HttpServer2 (HttpServer2.java:addFilter(958)) - Added filter static_user_filter (class=org.apache.hadoop.http.lib.StaticUserWebFilter$StaticUserFilter) to context static
2019-10-10 21:37:59,625 [main] INFO  http.HttpServer2 (HttpServer2.java:addFilter(958)) - Added filter static_user_filter (class=org.apache.hadoop.http.lib.StaticUserWebFilter$StaticUserFilter) to context logs
2019-10-10 21:37:59,626 [main] INFO  http.HttpServer2 (HttpServer2.java:bindListener(1191)) - Jetty bound to port 34279
2019-10-10 21:37:59,626 [main] INFO  server.Server (Server.java:doStart(351)) - jetty-9.3.25.v20180904, build timestamp: 2018-09-04T21:11:46Z, git hash: 3ce520221d0240229c862b122d2b06c12a625732
2019-10-10 21:37:59,627 [main] INFO  handler.ContextHandler (ContextHandler.java:doStart(781)) - Started o.e.j.s.ServletContextHandler@7e49ded{/logs,file:///workdir/hadoop-ozone/integration-test/target/log,AVAILABLE}
2019-10-10 21:37:59,628 [main] INFO  handler.ContextHandler (ContextHandler.java:doStart(781)) - Started o.e.j.s.ServletContextHandler@2478b629{/static,file:///workdir/hadoop-ozone/integration-test/target/test-classes/webapps/static,AVAILABLE}
2019-10-10 21:37:59,631 [main] INFO  handler.ContextHandler (ContextHandler.java:doStart(781)) - Started o.e.j.w.WebAppContext@66f16742{/,file:///workdir/hadoop-ozone/integration-test/target/test-classes/webapps/ozoneManager/,AVAILABLE}{/ozoneManager}
2019-10-10 21:37:59,631 [main] INFO  server.AbstractConnector (AbstractConnector.java:doStart(278)) - Started ServerConnector@2871ac91{HTTP/1.1,[http/1.1]}{0.0.0.0:34279}
2019-10-10 21:37:59,634 [main] INFO  server.Server (Server.java:doStart(419)) - Started @203436ms
2019-10-10 21:37:59,634 [main] WARN  impl.MetricsSystemImpl (MetricsSystemImpl.java:register(276)) - Sink prometheus already exists!
2019-10-10 21:37:59,635 [main] INFO  server.BaseHttpServer (BaseHttpServer.java:updateConnectorAddress(215)) - HTTP server of OZONEMANAGER is listening at http://0.0.0.0:34279
2019-10-10 21:37:59,652 [main] INFO  impl.MetricsSystemImpl (MetricsSystemImpl.java:init(158)) - HddsDatanode metrics system started (again)
2019-10-10 21:37:59,672 [main] INFO  ozone.HddsDatanodeService (HddsDatanodeService.java:start(184)) - HddsDatanodeService host:pr-hdds-2281-k4msp-1747625461 ip:192.168.164.253
2019-10-10 21:37:59,683 [main] INFO  volume.HddsVolume (HddsVolume.java:<init>(176)) - Creating Volume: /workdir/hadoop-ozone/integration-test/target/test-dir/MiniOzoneClusterImpl-c01b9a90-bcb1-4e29-b08c-a5022a9cdd6b/datanode-0/data/containers/hdds of  storage type : DISK and capacity : 1482555576320
2019-10-10 21:37:59,683 [main] INFO  volume.VolumeSet (VolumeSet.java:initializeVolumeSet(170)) - Added Volume : /workdir/hadoop-ozone/integration-test/target/test-dir/MiniOzoneClusterImpl-c01b9a90-bcb1-4e29-b08c-a5022a9cdd6b/datanode-0/data/containers/hdds to VolumeSet
2019-10-10 21:37:59,684 [main] INFO  volume.ThrottledAsyncChecker (ThrottledAsyncChecker.java:schedule(141)) - Scheduling a check for org.apache.hadoop.ozone.container.common.volume.HddsVolume@6ddd1c51
2019-10-10 21:37:59,684 [main] INFO  volume.HddsVolumeChecker (HddsVolumeChecker.java:checkAllVolumes(204)) - Scheduled health check for volume org.apache.hadoop.ozone.container.common.volume.HddsVolume@6ddd1c51
2019-10-10 21:37:59,700 [main] INFO  impl.RaftServerProxy (ConfUtils.java:logGet(43)) - raft.rpc.type = GRPC (default)
2019-10-10 21:37:59,700 [main] INFO  grpc.GrpcFactory (GrpcFactory.java:checkPooledByteBufAllocatorUseCacheForAllThreads(45)) - PERFORMANCE WARNING: useCacheForAllThreads is true that may cause Netty to create a lot garbage objects and, as a result, trigger GC.
	It is recommended to disable useCacheForAllThreads by setting -Dorg.apache.ratis.thirdparty.io.netty.allocator.useCacheForAllThreads=false in command line.
2019-10-10 21:37:59,701 [main] INFO  grpc.GrpcConfigKeys$Server (ConfUtils.java:logGet(43)) - raft.grpc.server.port = 0 (default)
2019-10-10 21:37:59,701 [main] INFO  server.GrpcService (ConfUtils.java:logGet(43)) - raft.grpc.message.size.max = 33570816 (custom)
2019-10-10 21:37:59,701 [main] INFO  server.RaftServerConfigKeys (ConfUtils.java:logGet(43)) - raft.server.log.appender.buffer.byte-limit = 33554432 (custom)
2019-10-10 21:37:59,701 [main] INFO  server.GrpcService (ConfUtils.java:logGet(43)) - raft.grpc.flow.control.window = 1MB (=1048576) (default)
2019-10-10 21:37:59,701 [main] INFO  server.RaftServerConfigKeys (ConfUtils.java:logGet(43)) - raft.server.rpc.request.timeout = 3000ms (default)
2019-10-10 21:37:59,702 [main] INFO  server.RaftServerConfigKeys (ConfUtils.java:logGet(43)) - raft.server.storage.dir = [/workdir/hadoop-ozone/integration-test/target/test-dir/MiniOzoneClusterImpl-c01b9a90-bcb1-4e29-b08c-a5022a9cdd6b/datanode-0/data/ratis] (custom)
2019-10-10 21:37:59,703 [main] INFO  hdfs.DFSUtil (DFSUtil.java:httpServerTemplateForNNAndJN(1641)) - Starting Web-server for hddsDatanode at: http://0.0.0.0:0
2019-10-10 21:37:59,704 [main] INFO  server.AuthenticationFilter (AuthenticationFilter.java:constructSecretProvider(240)) - Unable to initialize FileSignerSecretProvider, falling back to use random secrets.
2019-10-10 21:37:59,705 [main] WARN  http.HttpRequestLog (HttpRequestLog.java:getRequestLog(97)) - Jetty request log can only be enabled using Log4j
2019-10-10 21:37:59,706 [main] INFO  http.HttpServer2 (HttpServer2.java:addGlobalFilter(975)) - Added global filter 'safety' (class=org.apache.hadoop.http.HttpServer2$QuotingInputFilter)
2019-10-10 21:37:59,706 [main] INFO  http.HttpServer2 (HttpServer2.java:addFilter(948)) - Added filter static_user_filter (class=org.apache.hadoop.http.lib.StaticUserWebFilter$StaticUserFilter) to context hddsDatanode
2019-10-10 21:37:59,706 [main] INFO  http.HttpServer2 (HttpServer2.java:addFilter(958)) - Added filter static_user_filter (class=org.apache.hadoop.http.lib.StaticUserWebFilter$StaticUserFilter) to context logs
2019-10-10 21:37:59,707 [main] INFO  http.HttpServer2 (HttpServer2.java:addFilter(958)) - Added filter static_user_filter (class=org.apache.hadoop.http.lib.StaticUserWebFilter$StaticUserFilter) to context static
2019-10-10 21:37:59,707 [main] INFO  http.HttpServer2 (HttpServer2.java:bindListener(1191)) - Jetty bound to port 46757
2019-10-10 21:37:59,707 [main] INFO  server.Server (Server.java:doStart(351)) - jetty-9.3.25.v20180904, build timestamp: 2018-09-04T21:11:46Z, git hash: 3ce520221d0240229c862b122d2b06c12a625732
2019-10-10 21:37:59,709 [main] INFO  handler.ContextHandler (ContextHandler.java:doStart(781)) - Started o.e.j.s.ServletContextHandler@76396509{/logs,file:///workdir/hadoop-ozone/integration-test/target/log,AVAILABLE}
2019-10-10 21:37:59,709 [main] INFO  handler.ContextHandler (ContextHandler.java:doStart(781)) - Started o.e.j.s.ServletContextHandler@51ac12ac{/static,jar:file:/home/user/.m2/repository/org/apache/hadoop/hadoop-hdds-container-service/0.5.0-SNAPSHOT/hadoop-hdds-container-service-0.5.0-SNAPSHOT.jar!/webapps/static,AVAILABLE}
2019-10-10 21:37:59,737 [main] INFO  handler.ContextHandler (ContextHandler.java:doStart(781)) - Started o.e.j.w.WebAppContext@17ff8810{/,file:///tmp/jetty-0.0.0.0-46757-hddsDatanode-_-any-2652710247864475547.dir/webapp/,AVAILABLE}{/hddsDatanode}
2019-10-10 21:37:59,738 [main] INFO  server.AbstractConnector (AbstractConnector.java:doStart(278)) - Started ServerConnector@6c951ada{HTTP/1.1,[http/1.1]}{0.0.0.0:46757}
2019-10-10 21:37:59,741 [main] INFO  server.Server (Server.java:doStart(419)) - Started @203543ms
2019-10-10 21:37:59,741 [main] WARN  impl.MetricsSystemImpl (MetricsSystemImpl.java:register(276)) - Sink prometheus already exists!
2019-10-10 21:37:59,741 [main] INFO  server.BaseHttpServer (BaseHttpServer.java:updateConnectorAddress(215)) - HTTP server of HDDSDATANODE is listening at http://0.0.0.0:46757
2019-10-10 21:37:59,742 [main] INFO  impl.MetricsSystemImpl (MetricsSystemImpl.java:init(158)) - HddsDatanode metrics system started (again)
2019-10-10 21:37:59,758 [org.apache.hadoop.util.JvmPauseMonitor$Monitor@3e1add67] INFO  util.JvmPauseMonitor (JvmPauseMonitor.java:run(188)) - Starting JVM pause monitor
2019-10-10 21:37:59,759 [main] INFO  ozone.HddsDatanodeService (HddsDatanodeService.java:start(184)) - HddsDatanodeService host:pr-hdds-2281-k4msp-1747625461 ip:192.168.164.253
2019-10-10 21:37:59,760 [Datanode State Machine Thread - 0] INFO  datanode.InitDatanodeState (InitDatanodeState.java:persistContainerDatanodeDetails(140)) - DatanodeDetails is persisted to /workdir/hadoop-ozone/integration-test/target/test-dir/MiniOzoneClusterImpl-c01b9a90-bcb1-4e29-b08c-a5022a9cdd6b/datanode-0/meta/datanode.id
2019-10-10 21:37:59,768 [main] INFO  volume.HddsVolume (HddsVolume.java:<init>(176)) - Creating Volume: /workdir/hadoop-ozone/integration-test/target/test-dir/MiniOzoneClusterImpl-c01b9a90-bcb1-4e29-b08c-a5022a9cdd6b/datanode-1/data/containers/hdds of  storage type : DISK and capacity : 1482555576320
2019-10-10 21:37:59,768 [main] INFO  volume.VolumeSet (VolumeSet.java:initializeVolumeSet(170)) - Added Volume : /workdir/hadoop-ozone/integration-test/target/test-dir/MiniOzoneClusterImpl-c01b9a90-bcb1-4e29-b08c-a5022a9cdd6b/datanode-1/data/containers/hdds to VolumeSet
2019-10-10 21:37:59,768 [main] INFO  volume.ThrottledAsyncChecker (ThrottledAsyncChecker.java:schedule(141)) - Scheduling a check for org.apache.hadoop.ozone.container.common.volume.HddsVolume@6de7778f
2019-10-10 21:37:59,769 [main] INFO  volume.HddsVolumeChecker (HddsVolumeChecker.java:checkAllVolumes(204)) - Scheduled health check for volume org.apache.hadoop.ozone.container.common.volume.HddsVolume@6de7778f
2019-10-10 21:37:59,786 [main] INFO  impl.RaftServerProxy (ConfUtils.java:logGet(43)) - raft.rpc.type = GRPC (default)
2019-10-10 21:37:59,786 [main] INFO  grpc.GrpcFactory (GrpcFactory.java:checkPooledByteBufAllocatorUseCacheForAllThreads(45)) - PERFORMANCE WARNING: useCacheForAllThreads is true that may cause Netty to create a lot garbage objects and, as a result, trigger GC.
	It is recommended to disable useCacheForAllThreads by setting -Dorg.apache.ratis.thirdparty.io.netty.allocator.useCacheForAllThreads=false in command line.
2019-10-10 21:37:59,786 [main] INFO  grpc.GrpcConfigKeys$Server (ConfUtils.java:logGet(43)) - raft.grpc.server.port = 0 (default)
2019-10-10 21:37:59,786 [main] INFO  server.GrpcService (ConfUtils.java:logGet(43)) - raft.grpc.message.size.max = 33570816 (custom)
2019-10-10 21:37:59,787 [main] INFO  server.RaftServerConfigKeys (ConfUtils.java:logGet(43)) - raft.server.log.appender.buffer.byte-limit = 33554432 (custom)
2019-10-10 21:37:59,787 [main] INFO  server.GrpcService (ConfUtils.java:logGet(43)) - raft.grpc.flow.control.window = 1MB (=1048576) (default)
2019-10-10 21:37:59,787 [main] INFO  server.RaftServerConfigKeys (ConfUtils.java:logGet(43)) - raft.server.rpc.request.timeout = 3000ms (default)
2019-10-10 21:37:59,788 [main] INFO  server.RaftServerConfigKeys (ConfUtils.java:logGet(43)) - raft.server.storage.dir = [/workdir/hadoop-ozone/integration-test/target/test-dir/MiniOzoneClusterImpl-c01b9a90-bcb1-4e29-b08c-a5022a9cdd6b/datanode-1/data/ratis] (custom)
2019-10-10 21:37:59,789 [main] INFO  hdfs.DFSUtil (DFSUtil.java:httpServerTemplateForNNAndJN(1641)) - Starting Web-server for hddsDatanode at: http://0.0.0.0:0
2019-10-10 21:37:59,790 [main] INFO  server.AuthenticationFilter (AuthenticationFilter.java:constructSecretProvider(240)) - Unable to initialize FileSignerSecretProvider, falling back to use random secrets.
2019-10-10 21:37:59,790 [main] WARN  http.HttpRequestLog (HttpRequestLog.java:getRequestLog(97)) - Jetty request log can only be enabled using Log4j
2019-10-10 21:37:59,791 [main] INFO  http.HttpServer2 (HttpServer2.java:addGlobalFilter(975)) - Added global filter 'safety' (class=org.apache.hadoop.http.HttpServer2$QuotingInputFilter)
2019-10-10 21:37:59,792 [main] INFO  http.HttpServer2 (HttpServer2.java:addFilter(948)) - Added filter static_user_filter (class=org.apache.hadoop.http.lib.StaticUserWebFilter$StaticUserFilter) to context hddsDatanode
2019-10-10 21:37:59,792 [main] INFO  http.HttpServer2 (HttpServer2.java:addFilter(958)) - Added filter static_user_filter (class=org.apache.hadoop.http.lib.StaticUserWebFilter$StaticUserFilter) to context static
2019-10-10 21:37:59,792 [main] INFO  http.HttpServer2 (HttpServer2.java:addFilter(958)) - Added filter static_user_filter (class=org.apache.hadoop.http.lib.StaticUserWebFilter$StaticUserFilter) to context logs
2019-10-10 21:37:59,793 [main] INFO  http.HttpServer2 (HttpServer2.java:bindListener(1191)) - Jetty bound to port 43366
2019-10-10 21:37:59,793 [main] INFO  server.Server (Server.java:doStart(351)) - jetty-9.3.25.v20180904, build timestamp: 2018-09-04T21:11:46Z, git hash: 3ce520221d0240229c862b122d2b06c12a625732
2019-10-10 21:37:59,794 [main] INFO  handler.ContextHandler (ContextHandler.java:doStart(781)) - Started o.e.j.s.ServletContextHandler@3dfd6220{/logs,file:///workdir/hadoop-ozone/integration-test/target/log,AVAILABLE}
2019-10-10 21:37:59,795 [main] INFO  handler.ContextHandler (ContextHandler.java:doStart(781)) - Started o.e.j.s.ServletContextHandler@6de43bc1{/static,jar:file:/home/user/.m2/repository/org/apache/hadoop/hadoop-hdds-container-service/0.5.0-SNAPSHOT/hadoop-hdds-container-service-0.5.0-SNAPSHOT.jar!/webapps/static,AVAILABLE}
2019-10-10 21:37:59,823 [main] INFO  handler.ContextHandler (ContextHandler.java:doStart(781)) - Started o.e.j.w.WebAppContext@5a592c70{/,file:///tmp/jetty-0.0.0.0-43366-hddsDatanode-_-any-8115054784253571241.dir/webapp/,AVAILABLE}{/hddsDatanode}
2019-10-10 21:37:59,823 [main] INFO  server.AbstractConnector (AbstractConnector.java:doStart(278)) - Started ServerConnector@252ec02e{HTTP/1.1,[http/1.1]}{0.0.0.0:43366}
2019-10-10 21:37:59,828 [main] INFO  server.Server (Server.java:doStart(419)) - Started @203630ms
2019-10-10 21:37:59,828 [main] WARN  impl.MetricsSystemImpl (MetricsSystemImpl.java:register(276)) - Sink prometheus already exists!
2019-10-10 21:37:59,829 [main] INFO  server.BaseHttpServer (BaseHttpServer.java:updateConnectorAddress(215)) - HTTP server of HDDSDATANODE is listening at http://0.0.0.0:43366
2019-10-10 21:37:59,829 [main] INFO  impl.MetricsSystemImpl (MetricsSystemImpl.java:init(158)) - HddsDatanode metrics system started (again)
2019-10-10 21:37:59,846 [org.apache.hadoop.util.JvmPauseMonitor$Monitor@6fb33af] INFO  util.JvmPauseMonitor (JvmPauseMonitor.java:run(188)) - Starting JVM pause monitor
2019-10-10 21:37:59,847 [main] INFO  ozone.HddsDatanodeService (HddsDatanodeService.java:start(184)) - HddsDatanodeService host:pr-hdds-2281-k4msp-1747625461 ip:192.168.164.253
2019-10-10 21:37:59,848 [Datanode State Machine Thread - 0] INFO  datanode.InitDatanodeState (InitDatanodeState.java:persistContainerDatanodeDetails(140)) - DatanodeDetails is persisted to /workdir/hadoop-ozone/integration-test/target/test-dir/MiniOzoneClusterImpl-c01b9a90-bcb1-4e29-b08c-a5022a9cdd6b/datanode-1/meta/datanode.id
2019-10-10 21:37:59,858 [main] INFO  volume.HddsVolume (HddsVolume.java:<init>(176)) - Creating Volume: /workdir/hadoop-ozone/integration-test/target/test-dir/MiniOzoneClusterImpl-c01b9a90-bcb1-4e29-b08c-a5022a9cdd6b/datanode-2/data/containers/hdds of  storage type : DISK and capacity : 1482555576320
2019-10-10 21:37:59,859 [main] INFO  volume.VolumeSet (VolumeSet.java:initializeVolumeSet(170)) - Added Volume : /workdir/hadoop-ozone/integration-test/target/test-dir/MiniOzoneClusterImpl-c01b9a90-bcb1-4e29-b08c-a5022a9cdd6b/datanode-2/data/containers/hdds to VolumeSet
2019-10-10 21:37:59,859 [main] INFO  volume.ThrottledAsyncChecker (ThrottledAsyncChecker.java:schedule(141)) - Scheduling a check for org.apache.hadoop.ozone.container.common.volume.HddsVolume@3e6ec74
2019-10-10 21:37:59,859 [main] INFO  volume.HddsVolumeChecker (HddsVolumeChecker.java:checkAllVolumes(204)) - Scheduled health check for volume org.apache.hadoop.ozone.container.common.volume.HddsVolume@3e6ec74
2019-10-10 21:37:59,873 [main] INFO  impl.RaftServerProxy (ConfUtils.java:logGet(43)) - raft.rpc.type = GRPC (default)
2019-10-10 21:37:59,874 [main] INFO  grpc.GrpcFactory (GrpcFactory.java:checkPooledByteBufAllocatorUseCacheForAllThreads(45)) - PERFORMANCE WARNING: useCacheForAllThreads is true that may cause Netty to create a lot garbage objects and, as a result, trigger GC.
	It is recommended to disable useCacheForAllThreads by setting -Dorg.apache.ratis.thirdparty.io.netty.allocator.useCacheForAllThreads=false in command line.
2019-10-10 21:37:59,874 [main] INFO  grpc.GrpcConfigKeys$Server (ConfUtils.java:logGet(43)) - raft.grpc.server.port = 0 (default)
2019-10-10 21:37:59,874 [main] INFO  server.GrpcService (ConfUtils.java:logGet(43)) - raft.grpc.message.size.max = 33570816 (custom)
2019-10-10 21:37:59,874 [main] INFO  server.RaftServerConfigKeys (ConfUtils.java:logGet(43)) - raft.server.log.appender.buffer.byte-limit = 33554432 (custom)
2019-10-10 21:37:59,874 [main] INFO  server.GrpcService (ConfUtils.java:logGet(43)) - raft.grpc.flow.control.window = 1MB (=1048576) (default)
2019-10-10 21:37:59,874 [main] INFO  server.RaftServerConfigKeys (ConfUtils.java:logGet(43)) - raft.server.rpc.request.timeout = 3000ms (default)
2019-10-10 21:37:59,875 [main] INFO  server.RaftServerConfigKeys (ConfUtils.java:logGet(43)) - raft.server.storage.dir = [/workdir/hadoop-ozone/integration-test/target/test-dir/MiniOzoneClusterImpl-c01b9a90-bcb1-4e29-b08c-a5022a9cdd6b/datanode-2/data/ratis] (custom)
2019-10-10 21:37:59,876 [main] INFO  hdfs.DFSUtil (DFSUtil.java:httpServerTemplateForNNAndJN(1641)) - Starting Web-server for hddsDatanode at: http://0.0.0.0:0
2019-10-10 21:37:59,877 [main] INFO  server.AuthenticationFilter (AuthenticationFilter.java:constructSecretProvider(240)) - Unable to initialize FileSignerSecretProvider, falling back to use random secrets.
2019-10-10 21:37:59,877 [main] WARN  http.HttpRequestLog (HttpRequestLog.java:getRequestLog(97)) - Jetty request log can only be enabled using Log4j
2019-10-10 21:37:59,878 [main] INFO  http.HttpServer2 (HttpServer2.java:addGlobalFilter(975)) - Added global filter 'safety' (class=org.apache.hadoop.http.HttpServer2$QuotingInputFilter)
2019-10-10 21:37:59,879 [main] INFO  http.HttpServer2 (HttpServer2.java:addFilter(948)) - Added filter static_user_filter (class=org.apache.hadoop.http.lib.StaticUserWebFilter$StaticUserFilter) to context hddsDatanode
2019-10-10 21:37:59,879 [main] INFO  http.HttpServer2 (HttpServer2.java:addFilter(958)) - Added filter static_user_filter (class=org.apache.hadoop.http.lib.StaticUserWebFilter$StaticUserFilter) to context static
2019-10-10 21:37:59,879 [main] INFO  http.HttpServer2 (HttpServer2.java:addFilter(958)) - Added filter static_user_filter (class=org.apache.hadoop.http.lib.StaticUserWebFilter$StaticUserFilter) to context logs
2019-10-10 21:37:59,880 [main] INFO  http.HttpServer2 (HttpServer2.java:bindListener(1191)) - Jetty bound to port 37518
2019-10-10 21:37:59,880 [main] INFO  server.Server (Server.java:doStart(351)) - jetty-9.3.25.v20180904, build timestamp: 2018-09-04T21:11:46Z, git hash: 3ce520221d0240229c862b122d2b06c12a625732
2019-10-10 21:37:59,881 [main] INFO  handler.ContextHandler (ContextHandler.java:doStart(781)) - Started o.e.j.s.ServletContextHandler@5785e813{/logs,file:///workdir/hadoop-ozone/integration-test/target/log,AVAILABLE}
2019-10-10 21:37:59,882 [main] INFO  handler.ContextHandler (ContextHandler.java:doStart(781)) - Started o.e.j.s.ServletContextHandler@6d294ddc{/static,jar:file:/home/user/.m2/repository/org/apache/hadoop/hadoop-hdds-container-service/0.5.0-SNAPSHOT/hadoop-hdds-container-service-0.5.0-SNAPSHOT.jar!/webapps/static,AVAILABLE}
2019-10-10 21:37:59,911 [main] INFO  handler.ContextHandler (ContextHandler.java:doStart(781)) - Started o.e.j.w.WebAppContext@5111de7c{/,file:///tmp/jetty-0.0.0.0-37518-hddsDatanode-_-any-5848071802051296918.dir/webapp/,AVAILABLE}{/hddsDatanode}
2019-10-10 21:37:59,911 [main] INFO  server.AbstractConnector (AbstractConnector.java:doStart(278)) - Started ServerConnector@7ac48e10{HTTP/1.1,[http/1.1]}{0.0.0.0:37518}
2019-10-10 21:37:59,914 [main] INFO  server.Server (Server.java:doStart(419)) - Started @203717ms
2019-10-10 21:37:59,915 [main] WARN  impl.MetricsSystemImpl (MetricsSystemImpl.java:register(276)) - Sink prometheus already exists!
2019-10-10 21:37:59,916 [main] INFO  server.BaseHttpServer (BaseHttpServer.java:updateConnectorAddress(215)) - HTTP server of HDDSDATANODE is listening at http://0.0.0.0:37518
2019-10-10 21:37:59,916 [main] INFO  impl.MetricsSystemImpl (MetricsSystemImpl.java:init(158)) - HddsDatanode metrics system started (again)
2019-10-10 21:37:59,934 [org.apache.hadoop.util.JvmPauseMonitor$Monitor@45d5a301] INFO  util.JvmPauseMonitor (JvmPauseMonitor.java:run(188)) - Starting JVM pause monitor
2019-10-10 21:37:59,936 [main] INFO  ozone.HddsDatanodeService (HddsDatanodeService.java:start(184)) - HddsDatanodeService host:pr-hdds-2281-k4msp-1747625461 ip:192.168.164.253
2019-10-10 21:37:59,936 [Datanode State Machine Thread - 0] INFO  datanode.InitDatanodeState (InitDatanodeState.java:persistContainerDatanodeDetails(140)) - DatanodeDetails is persisted to /workdir/hadoop-ozone/integration-test/target/test-dir/MiniOzoneClusterImpl-c01b9a90-bcb1-4e29-b08c-a5022a9cdd6b/datanode-2/meta/datanode.id
2019-10-10 21:37:59,945 [main] INFO  volume.HddsVolume (HddsVolume.java:<init>(176)) - Creating Volume: /workdir/hadoop-ozone/integration-test/target/test-dir/MiniOzoneClusterImpl-c01b9a90-bcb1-4e29-b08c-a5022a9cdd6b/datanode-3/data/containers/hdds of  storage type : DISK and capacity : 1482555576320
2019-10-10 21:37:59,945 [main] INFO  volume.VolumeSet (VolumeSet.java:initializeVolumeSet(170)) - Added Volume : /workdir/hadoop-ozone/integration-test/target/test-dir/MiniOzoneClusterImpl-c01b9a90-bcb1-4e29-b08c-a5022a9cdd6b/datanode-3/data/containers/hdds to VolumeSet
2019-10-10 21:37:59,945 [main] INFO  volume.ThrottledAsyncChecker (ThrottledAsyncChecker.java:schedule(141)) - Scheduling a check for org.apache.hadoop.ozone.container.common.volume.HddsVolume@7a0ab480
2019-10-10 21:37:59,946 [main] INFO  volume.HddsVolumeChecker (HddsVolumeChecker.java:checkAllVolumes(204)) - Scheduled health check for volume org.apache.hadoop.ozone.container.common.volume.HddsVolume@7a0ab480
2019-10-10 21:37:59,959 [main] INFO  impl.RaftServerProxy (ConfUtils.java:logGet(43)) - raft.rpc.type = GRPC (default)
2019-10-10 21:37:59,960 [main] INFO  grpc.GrpcFactory (GrpcFactory.java:checkPooledByteBufAllocatorUseCacheForAllThreads(45)) - PERFORMANCE WARNING: useCacheForAllThreads is true that may cause Netty to create a lot garbage objects and, as a result, trigger GC.
	It is recommended to disable useCacheForAllThreads by setting -Dorg.apache.ratis.thirdparty.io.netty.allocator.useCacheForAllThreads=false in command line.
2019-10-10 21:37:59,960 [main] INFO  grpc.GrpcConfigKeys$Server (ConfUtils.java:logGet(43)) - raft.grpc.server.port = 0 (default)
2019-10-10 21:37:59,960 [main] INFO  server.GrpcService (ConfUtils.java:logGet(43)) - raft.grpc.message.size.max = 33570816 (custom)
2019-10-10 21:37:59,960 [main] INFO  server.RaftServerConfigKeys (ConfUtils.java:logGet(43)) - raft.server.log.appender.buffer.byte-limit = 33554432 (custom)
2019-10-10 21:37:59,960 [main] INFO  server.GrpcService (ConfUtils.java:logGet(43)) - raft.grpc.flow.control.window = 1MB (=1048576) (default)
2019-10-10 21:37:59,961 [main] INFO  server.RaftServerConfigKeys (ConfUtils.java:logGet(43)) - raft.server.rpc.request.timeout = 3000ms (default)
2019-10-10 21:37:59,961 [main] INFO  server.RaftServerConfigKeys (ConfUtils.java:logGet(43)) - raft.server.storage.dir = [/workdir/hadoop-ozone/integration-test/target/test-dir/MiniOzoneClusterImpl-c01b9a90-bcb1-4e29-b08c-a5022a9cdd6b/datanode-3/data/ratis] (custom)
2019-10-10 21:37:59,962 [main] INFO  hdfs.DFSUtil (DFSUtil.java:httpServerTemplateForNNAndJN(1641)) - Starting Web-server for hddsDatanode at: http://0.0.0.0:0
2019-10-10 21:37:59,963 [main] INFO  server.AuthenticationFilter (AuthenticationFilter.java:constructSecretProvider(240)) - Unable to initialize FileSignerSecretProvider, falling back to use random secrets.
2019-10-10 21:37:59,963 [main] WARN  http.HttpRequestLog (HttpRequestLog.java:getRequestLog(97)) - Jetty request log can only be enabled using Log4j
2019-10-10 21:37:59,965 [main] INFO  http.HttpServer2 (HttpServer2.java:addGlobalFilter(975)) - Added global filter 'safety' (class=org.apache.hadoop.http.HttpServer2$QuotingInputFilter)
2019-10-10 21:37:59,965 [main] INFO  http.HttpServer2 (HttpServer2.java:addFilter(948)) - Added filter static_user_filter (class=org.apache.hadoop.http.lib.StaticUserWebFilter$StaticUserFilter) to context hddsDatanode
2019-10-10 21:37:59,965 [main] INFO  http.HttpServer2 (HttpServer2.java:addFilter(958)) - Added filter static_user_filter (class=org.apache.hadoop.http.lib.StaticUserWebFilter$StaticUserFilter) to context static
2019-10-10 21:37:59,965 [main] INFO  http.HttpServer2 (HttpServer2.java:addFilter(958)) - Added filter static_user_filter (class=org.apache.hadoop.http.lib.StaticUserWebFilter$StaticUserFilter) to context logs
2019-10-10 21:37:59,966 [main] INFO  http.HttpServer2 (HttpServer2.java:bindListener(1191)) - Jetty bound to port 44158
2019-10-10 21:37:59,966 [main] INFO  server.Server (Server.java:doStart(351)) - jetty-9.3.25.v20180904, build timestamp: 2018-09-04T21:11:46Z, git hash: 3ce520221d0240229c862b122d2b06c12a625732
2019-10-10 21:37:59,968 [main] INFO  handler.ContextHandler (ContextHandler.java:doStart(781)) - Started o.e.j.s.ServletContextHandler@2b43f314{/logs,file:///workdir/hadoop-ozone/integration-test/target/log,AVAILABLE}
2019-10-10 21:37:59,968 [main] INFO  handler.ContextHandler (ContextHandler.java:doStart(781)) - Started o.e.j.s.ServletContextHandler@4f3356c0{/static,jar:file:/home/user/.m2/repository/org/apache/hadoop/hadoop-hdds-container-service/0.5.0-SNAPSHOT/hadoop-hdds-container-service-0.5.0-SNAPSHOT.jar!/webapps/static,AVAILABLE}
2019-10-10 21:37:59,996 [main] INFO  handler.ContextHandler (ContextHandler.java:doStart(781)) - Started o.e.j.w.WebAppContext@36c07c75{/,file:///tmp/jetty-0.0.0.0-44158-hddsDatanode-_-any-8001864203532455603.dir/webapp/,AVAILABLE}{/hddsDatanode}
2019-10-10 21:37:59,996 [main] INFO  server.AbstractConnector (AbstractConnector.java:doStart(278)) - Started ServerConnector@6750e381{HTTP/1.1,[http/1.1]}{0.0.0.0:44158}
2019-10-10 21:38:00,000 [main] INFO  server.Server (Server.java:doStart(419)) - Started @203802ms
2019-10-10 21:38:00,000 [main] WARN  impl.MetricsSystemImpl (MetricsSystemImpl.java:register(276)) - Sink prometheus already exists!
2019-10-10 21:38:00,001 [main] INFO  server.BaseHttpServer (BaseHttpServer.java:updateConnectorAddress(215)) - HTTP server of HDDSDATANODE is listening at http://0.0.0.0:44158
2019-10-10 21:38:00,002 [main] INFO  impl.MetricsSystemImpl (MetricsSystemImpl.java:init(158)) - HddsDatanode metrics system started (again)
2019-10-10 21:38:00,023 [org.apache.hadoop.util.JvmPauseMonitor$Monitor@707364e3] INFO  util.JvmPauseMonitor (JvmPauseMonitor.java:run(188)) - Starting JVM pause monitor
2019-10-10 21:38:00,024 [main] INFO  ozone.HddsDatanodeService (HddsDatanodeService.java:start(184)) - HddsDatanodeService host:pr-hdds-2281-k4msp-1747625461 ip:192.168.164.253
2019-10-10 21:38:00,026 [Datanode State Machine Thread - 0] INFO  datanode.InitDatanodeState (InitDatanodeState.java:persistContainerDatanodeDetails(140)) - DatanodeDetails is persisted to /workdir/hadoop-ozone/integration-test/target/test-dir/MiniOzoneClusterImpl-c01b9a90-bcb1-4e29-b08c-a5022a9cdd6b/datanode-3/meta/datanode.id
2019-10-10 21:38:00,036 [main] INFO  volume.HddsVolume (HddsVolume.java:<init>(176)) - Creating Volume: /workdir/hadoop-ozone/integration-test/target/test-dir/MiniOzoneClusterImpl-c01b9a90-bcb1-4e29-b08c-a5022a9cdd6b/datanode-4/data/containers/hdds of  storage type : DISK and capacity : 1482555576320
2019-10-10 21:38:00,037 [main] INFO  volume.VolumeSet (VolumeSet.java:initializeVolumeSet(170)) - Added Volume : /workdir/hadoop-ozone/integration-test/target/test-dir/MiniOzoneClusterImpl-c01b9a90-bcb1-4e29-b08c-a5022a9cdd6b/datanode-4/data/containers/hdds to VolumeSet
2019-10-10 21:38:00,037 [main] INFO  volume.ThrottledAsyncChecker (ThrottledAsyncChecker.java:schedule(141)) - Scheduling a check for org.apache.hadoop.ozone.container.common.volume.HddsVolume@6b4a4e40
2019-10-10 21:38:00,037 [main] INFO  volume.HddsVolumeChecker (HddsVolumeChecker.java:checkAllVolumes(204)) - Scheduled health check for volume org.apache.hadoop.ozone.container.common.volume.HddsVolume@6b4a4e40
2019-10-10 21:38:00,056 [main] INFO  impl.RaftServerProxy (ConfUtils.java:logGet(43)) - raft.rpc.type = GRPC (default)
2019-10-10 21:38:00,056 [main] INFO  grpc.GrpcFactory (GrpcFactory.java:checkPooledByteBufAllocatorUseCacheForAllThreads(45)) - PERFORMANCE WARNING: useCacheForAllThreads is true that may cause Netty to create a lot garbage objects and, as a result, trigger GC.
	It is recommended to disable useCacheForAllThreads by setting -Dorg.apache.ratis.thirdparty.io.netty.allocator.useCacheForAllThreads=false in command line.
2019-10-10 21:38:00,056 [main] INFO  grpc.GrpcConfigKeys$Server (ConfUtils.java:logGet(43)) - raft.grpc.server.port = 0 (default)
2019-10-10 21:38:00,056 [main] INFO  server.GrpcService (ConfUtils.java:logGet(43)) - raft.grpc.message.size.max = 33570816 (custom)
2019-10-10 21:38:00,057 [main] INFO  server.RaftServerConfigKeys (ConfUtils.java:logGet(43)) - raft.server.log.appender.buffer.byte-limit = 33554432 (custom)
2019-10-10 21:38:00,057 [main] INFO  server.GrpcService (ConfUtils.java:logGet(43)) - raft.grpc.flow.control.window = 1MB (=1048576) (default)
2019-10-10 21:38:00,057 [main] INFO  server.RaftServerConfigKeys (ConfUtils.java:logGet(43)) - raft.server.rpc.request.timeout = 3000ms (default)
2019-10-10 21:38:00,057 [main] INFO  server.RaftServerConfigKeys (ConfUtils.java:logGet(43)) - raft.server.storage.dir = [/workdir/hadoop-ozone/integration-test/target/test-dir/MiniOzoneClusterImpl-c01b9a90-bcb1-4e29-b08c-a5022a9cdd6b/datanode-4/data/ratis] (custom)
2019-10-10 21:38:00,059 [main] INFO  hdfs.DFSUtil (DFSUtil.java:httpServerTemplateForNNAndJN(1641)) - Starting Web-server for hddsDatanode at: http://0.0.0.0:0
2019-10-10 21:38:00,060 [main] INFO  server.AuthenticationFilter (AuthenticationFilter.java:constructSecretProvider(240)) - Unable to initialize FileSignerSecretProvider, falling back to use random secrets.
2019-10-10 21:38:00,061 [main] WARN  http.HttpRequestLog (HttpRequestLog.java:getRequestLog(97)) - Jetty request log can only be enabled using Log4j
2019-10-10 21:38:00,062 [main] INFO  http.HttpServer2 (HttpServer2.java:addGlobalFilter(975)) - Added global filter 'safety' (class=org.apache.hadoop.http.HttpServer2$QuotingInputFilter)
2019-10-10 21:38:00,063 [main] INFO  http.HttpServer2 (HttpServer2.java:addFilter(948)) - Added filter static_user_filter (class=org.apache.hadoop.http.lib.StaticUserWebFilter$StaticUserFilter) to context hddsDatanode
2019-10-10 21:38:00,063 [main] INFO  http.HttpServer2 (HttpServer2.java:addFilter(958)) - Added filter static_user_filter (class=org.apache.hadoop.http.lib.StaticUserWebFilter$StaticUserFilter) to context static
2019-10-10 21:38:00,063 [main] INFO  http.HttpServer2 (HttpServer2.java:addFilter(958)) - Added filter static_user_filter (class=org.apache.hadoop.http.lib.StaticUserWebFilter$StaticUserFilter) to context logs
2019-10-10 21:38:00,064 [main] INFO  http.HttpServer2 (HttpServer2.java:bindListener(1191)) - Jetty bound to port 36401
2019-10-10 21:38:00,064 [main] INFO  server.Server (Server.java:doStart(351)) - jetty-9.3.25.v20180904, build timestamp: 2018-09-04T21:11:46Z, git hash: 3ce520221d0240229c862b122d2b06c12a625732
2019-10-10 21:38:00,066 [main] INFO  handler.ContextHandler (ContextHandler.java:doStart(781)) - Started o.e.j.s.ServletContextHandler@5bb8e6fc{/logs,file:///workdir/hadoop-ozone/integration-test/target/log,AVAILABLE}
2019-10-10 21:38:00,066 [main] INFO  handler.ContextHandler (ContextHandler.java:doStart(781)) - Started o.e.j.s.ServletContextHandler@72c9ebfa{/static,jar:file:/home/user/.m2/repository/org/apache/hadoop/hadoop-hdds-container-service/0.5.0-SNAPSHOT/hadoop-hdds-container-service-0.5.0-SNAPSHOT.jar!/webapps/static,AVAILABLE}
2019-10-10 21:38:00,098 [main] INFO  handler.ContextHandler (ContextHandler.java:doStart(781)) - Started o.e.j.w.WebAppContext@52ecc989{/,file:///tmp/jetty-0.0.0.0-36401-hddsDatanode-_-any-3432834334811278880.dir/webapp/,AVAILABLE}{/hddsDatanode}
2019-10-10 21:38:00,099 [main] INFO  server.AbstractConnector (AbstractConnector.java:doStart(278)) - Started ServerConnector@756808cc{HTTP/1.1,[http/1.1]}{0.0.0.0:36401}
2019-10-10 21:38:00,102 [main] INFO  server.Server (Server.java:doStart(419)) - Started @203905ms
2019-10-10 21:38:00,103 [main] WARN  impl.MetricsSystemImpl (MetricsSystemImpl.java:register(276)) - Sink prometheus already exists!
2019-10-10 21:38:00,103 [main] INFO  server.BaseHttpServer (BaseHttpServer.java:updateConnectorAddress(215)) - HTTP server of HDDSDATANODE is listening at http://0.0.0.0:36401
2019-10-10 21:38:00,104 [main] INFO  impl.MetricsSystemImpl (MetricsSystemImpl.java:init(158)) - HddsDatanode metrics system started (again)
2019-10-10 21:38:00,124 [org.apache.hadoop.util.JvmPauseMonitor$Monitor@180c898b] INFO  util.JvmPauseMonitor (JvmPauseMonitor.java:run(188)) - Starting JVM pause monitor
2019-10-10 21:38:00,126 [main] INFO  ozone.HddsDatanodeService (HddsDatanodeService.java:start(184)) - HddsDatanodeService host:pr-hdds-2281-k4msp-1747625461 ip:192.168.164.253
2019-10-10 21:38:00,126 [Datanode State Machine Thread - 0] INFO  datanode.InitDatanodeState (InitDatanodeState.java:persistContainerDatanodeDetails(140)) - DatanodeDetails is persisted to /workdir/hadoop-ozone/integration-test/target/test-dir/MiniOzoneClusterImpl-c01b9a90-bcb1-4e29-b08c-a5022a9cdd6b/datanode-4/meta/datanode.id
2019-10-10 21:38:00,135 [main] INFO  volume.HddsVolume (HddsVolume.java:<init>(176)) - Creating Volume: /workdir/hadoop-ozone/integration-test/target/test-dir/MiniOzoneClusterImpl-c01b9a90-bcb1-4e29-b08c-a5022a9cdd6b/datanode-5/data/containers/hdds of  storage type : DISK and capacity : 1482555576320
2019-10-10 21:38:00,135 [main] INFO  volume.VolumeSet (VolumeSet.java:initializeVolumeSet(170)) - Added Volume : /workdir/hadoop-ozone/integration-test/target/test-dir/MiniOzoneClusterImpl-c01b9a90-bcb1-4e29-b08c-a5022a9cdd6b/datanode-5/data/containers/hdds to VolumeSet
2019-10-10 21:38:00,135 [main] INFO  volume.ThrottledAsyncChecker (ThrottledAsyncChecker.java:schedule(141)) - Scheduling a check for org.apache.hadoop.ozone.container.common.volume.HddsVolume@238291d4
2019-10-10 21:38:00,135 [main] INFO  volume.HddsVolumeChecker (HddsVolumeChecker.java:checkAllVolumes(204)) - Scheduled health check for volume org.apache.hadoop.ozone.container.common.volume.HddsVolume@238291d4
2019-10-10 21:38:00,149 [main] INFO  impl.RaftServerProxy (ConfUtils.java:logGet(43)) - raft.rpc.type = GRPC (default)
2019-10-10 21:38:00,149 [main] INFO  grpc.GrpcFactory (GrpcFactory.java:checkPooledByteBufAllocatorUseCacheForAllThreads(45)) - PERFORMANCE WARNING: useCacheForAllThreads is true that may cause Netty to create a lot garbage objects and, as a result, trigger GC.
	It is recommended to disable useCacheForAllThreads by setting -Dorg.apache.ratis.thirdparty.io.netty.allocator.useCacheForAllThreads=false in command line.
2019-10-10 21:38:00,149 [main] INFO  grpc.GrpcConfigKeys$Server (ConfUtils.java:logGet(43)) - raft.grpc.server.port = 0 (default)
2019-10-10 21:38:00,149 [main] INFO  server.GrpcService (ConfUtils.java:logGet(43)) - raft.grpc.message.size.max = 33570816 (custom)
2019-10-10 21:38:00,149 [main] INFO  server.RaftServerConfigKeys (ConfUtils.java:logGet(43)) - raft.server.log.appender.buffer.byte-limit = 33554432 (custom)
2019-10-10 21:38:00,149 [main] INFO  server.GrpcService (ConfUtils.java:logGet(43)) - raft.grpc.flow.control.window = 1MB (=1048576) (default)
2019-10-10 21:38:00,150 [main] INFO  server.RaftServerConfigKeys (ConfUtils.java:logGet(43)) - raft.server.rpc.request.timeout = 3000ms (default)
2019-10-10 21:38:00,150 [main] INFO  server.RaftServerConfigKeys (ConfUtils.java:logGet(43)) - raft.server.storage.dir = [/workdir/hadoop-ozone/integration-test/target/test-dir/MiniOzoneClusterImpl-c01b9a90-bcb1-4e29-b08c-a5022a9cdd6b/datanode-5/data/ratis] (custom)
2019-10-10 21:38:00,151 [main] INFO  hdfs.DFSUtil (DFSUtil.java:httpServerTemplateForNNAndJN(1641)) - Starting Web-server for hddsDatanode at: http://0.0.0.0:0
2019-10-10 21:38:00,152 [main] INFO  server.AuthenticationFilter (AuthenticationFilter.java:constructSecretProvider(240)) - Unable to initialize FileSignerSecretProvider, falling back to use random secrets.
2019-10-10 21:38:00,152 [main] WARN  http.HttpRequestLog (HttpRequestLog.java:getRequestLog(97)) - Jetty request log can only be enabled using Log4j
2019-10-10 21:38:00,154 [main] INFO  http.HttpServer2 (HttpServer2.java:addGlobalFilter(975)) - Added global filter 'safety' (class=org.apache.hadoop.http.HttpServer2$QuotingInputFilter)
2019-10-10 21:38:00,154 [main] INFO  http.HttpServer2 (HttpServer2.java:addFilter(948)) - Added filter static_user_filter (class=org.apache.hadoop.http.lib.StaticUserWebFilter$StaticUserFilter) to context hddsDatanode
2019-10-10 21:38:00,154 [main] INFO  http.HttpServer2 (HttpServer2.java:addFilter(958)) - Added filter static_user_filter (class=org.apache.hadoop.http.lib.StaticUserWebFilter$StaticUserFilter) to context static
2019-10-10 21:38:00,154 [main] INFO  http.HttpServer2 (HttpServer2.java:addFilter(958)) - Added filter static_user_filter (class=org.apache.hadoop.http.lib.StaticUserWebFilter$StaticUserFilter) to context logs
2019-10-10 21:38:00,155 [main] INFO  http.HttpServer2 (HttpServer2.java:bindListener(1191)) - Jetty bound to port 43119
2019-10-10 21:38:00,155 [main] INFO  server.Server (Server.java:doStart(351)) - jetty-9.3.25.v20180904, build timestamp: 2018-09-04T21:11:46Z, git hash: 3ce520221d0240229c862b122d2b06c12a625732
2019-10-10 21:38:00,156 [main] INFO  handler.ContextHandler (ContextHandler.java:doStart(781)) - Started o.e.j.s.ServletContextHandler@755b5f30{/logs,file:///workdir/hadoop-ozone/integration-test/target/log,AVAILABLE}
2019-10-10 21:38:00,157 [main] INFO  handler.ContextHandler (ContextHandler.java:doStart(781)) - Started o.e.j.s.ServletContextHandler@272778ae{/static,jar:file:/home/user/.m2/repository/org/apache/hadoop/hadoop-hdds-container-service/0.5.0-SNAPSHOT/hadoop-hdds-container-service-0.5.0-SNAPSHOT.jar!/webapps/static,AVAILABLE}
2019-10-10 21:38:00,187 [main] INFO  handler.ContextHandler (ContextHandler.java:doStart(781)) - Started o.e.j.w.WebAppContext@77083e41{/,file:///tmp/jetty-0.0.0.0-43119-hddsDatanode-_-any-7884134759767165347.dir/webapp/,AVAILABLE}{/hddsDatanode}
2019-10-10 21:38:00,187 [main] INFO  server.AbstractConnector (AbstractConnector.java:doStart(278)) - Started ServerConnector@231df705{HTTP/1.1,[http/1.1]}{0.0.0.0:43119}
2019-10-10 21:38:00,189 [main] INFO  server.Server (Server.java:doStart(419)) - Started @203991ms
2019-10-10 21:38:00,189 [main] WARN  impl.MetricsSystemImpl (MetricsSystemImpl.java:register(276)) - Sink prometheus already exists!
2019-10-10 21:38:00,190 [main] INFO  server.BaseHttpServer (BaseHttpServer.java:updateConnectorAddress(215)) - HTTP server of HDDSDATANODE is listening at http://0.0.0.0:43119
2019-10-10 21:38:00,190 [main] INFO  impl.MetricsSystemImpl (MetricsSystemImpl.java:init(158)) - HddsDatanode metrics system started (again)
2019-10-10 21:38:00,210 [org.apache.hadoop.util.JvmPauseMonitor$Monitor@1536bffc] INFO  util.JvmPauseMonitor (JvmPauseMonitor.java:run(188)) - Starting JVM pause monitor
2019-10-10 21:38:00,212 [main] INFO  ozone.HddsDatanodeService (HddsDatanodeService.java:start(184)) - HddsDatanodeService host:pr-hdds-2281-k4msp-1747625461 ip:192.168.164.253
2019-10-10 21:38:00,212 [Datanode State Machine Thread - 0] INFO  datanode.InitDatanodeState (InitDatanodeState.java:persistContainerDatanodeDetails(140)) - DatanodeDetails is persisted to /workdir/hadoop-ozone/integration-test/target/test-dir/MiniOzoneClusterImpl-c01b9a90-bcb1-4e29-b08c-a5022a9cdd6b/datanode-5/meta/datanode.id
2019-10-10 21:38:00,220 [main] INFO  volume.HddsVolume (HddsVolume.java:<init>(176)) - Creating Volume: /workdir/hadoop-ozone/integration-test/target/test-dir/MiniOzoneClusterImpl-c01b9a90-bcb1-4e29-b08c-a5022a9cdd6b/datanode-6/data/containers/hdds of  storage type : DISK and capacity : 1482555576320
2019-10-10 21:38:00,221 [main] INFO  volume.VolumeSet (VolumeSet.java:initializeVolumeSet(170)) - Added Volume : /workdir/hadoop-ozone/integration-test/target/test-dir/MiniOzoneClusterImpl-c01b9a90-bcb1-4e29-b08c-a5022a9cdd6b/datanode-6/data/containers/hdds to VolumeSet
2019-10-10 21:38:00,221 [main] INFO  volume.ThrottledAsyncChecker (ThrottledAsyncChecker.java:schedule(141)) - Scheduling a check for org.apache.hadoop.ozone.container.common.volume.HddsVolume@111cba40
2019-10-10 21:38:00,221 [main] INFO  volume.HddsVolumeChecker (HddsVolumeChecker.java:checkAllVolumes(204)) - Scheduled health check for volume org.apache.hadoop.ozone.container.common.volume.HddsVolume@111cba40
2019-10-10 21:38:00,234 [main] INFO  impl.RaftServerProxy (ConfUtils.java:logGet(43)) - raft.rpc.type = GRPC (default)
2019-10-10 21:38:00,234 [main] INFO  grpc.GrpcFactory (GrpcFactory.java:checkPooledByteBufAllocatorUseCacheForAllThreads(45)) - PERFORMANCE WARNING: useCacheForAllThreads is true that may cause Netty to create a lot garbage objects and, as a result, trigger GC.
	It is recommended to disable useCacheForAllThreads by setting -Dorg.apache.ratis.thirdparty.io.netty.allocator.useCacheForAllThreads=false in command line.
2019-10-10 21:38:00,235 [main] INFO  grpc.GrpcConfigKeys$Server (ConfUtils.java:logGet(43)) - raft.grpc.server.port = 0 (default)
2019-10-10 21:38:00,235 [main] INFO  server.GrpcService (ConfUtils.java:logGet(43)) - raft.grpc.message.size.max = 33570816 (custom)
2019-10-10 21:38:00,235 [main] INFO  server.RaftServerConfigKeys (ConfUtils.java:logGet(43)) - raft.server.log.appender.buffer.byte-limit = 33554432 (custom)
2019-10-10 21:38:00,235 [main] INFO  server.GrpcService (ConfUtils.java:logGet(43)) - raft.grpc.flow.control.window = 1MB (=1048576) (default)
2019-10-10 21:38:00,235 [main] INFO  server.RaftServerConfigKeys (ConfUtils.java:logGet(43)) - raft.server.rpc.request.timeout = 3000ms (default)
2019-10-10 21:38:00,236 [main] INFO  server.RaftServerConfigKeys (ConfUtils.java:logGet(43)) - raft.server.storage.dir = [/workdir/hadoop-ozone/integration-test/target/test-dir/MiniOzoneClusterImpl-c01b9a90-bcb1-4e29-b08c-a5022a9cdd6b/datanode-6/data/ratis] (custom)
2019-10-10 21:38:00,237 [main] INFO  hdfs.DFSUtil (DFSUtil.java:httpServerTemplateForNNAndJN(1641)) - Starting Web-server for hddsDatanode at: http://0.0.0.0:0
2019-10-10 21:38:00,238 [main] INFO  server.AuthenticationFilter (AuthenticationFilter.java:constructSecretProvider(240)) - Unable to initialize FileSignerSecretProvider, falling back to use random secrets.
2019-10-10 21:38:00,238 [main] WARN  http.HttpRequestLog (HttpRequestLog.java:getRequestLog(97)) - Jetty request log can only be enabled using Log4j
2019-10-10 21:38:00,239 [main] INFO  http.HttpServer2 (HttpServer2.java:addGlobalFilter(975)) - Added global filter 'safety' (class=org.apache.hadoop.http.HttpServer2$QuotingInputFilter)
2019-10-10 21:38:00,239 [main] INFO  http.HttpServer2 (HttpServer2.java:addFilter(948)) - Added filter static_user_filter (class=org.apache.hadoop.http.lib.StaticUserWebFilter$StaticUserFilter) to context hddsDatanode
2019-10-10 21:38:00,240 [main] INFO  http.HttpServer2 (HttpServer2.java:addFilter(958)) - Added filter static_user_filter (class=org.apache.hadoop.http.lib.StaticUserWebFilter$StaticUserFilter) to context logs
2019-10-10 21:38:00,240 [main] INFO  http.HttpServer2 (HttpServer2.java:addFilter(958)) - Added filter static_user_filter (class=org.apache.hadoop.http.lib.StaticUserWebFilter$StaticUserFilter) to context static
2019-10-10 21:38:00,240 [main] INFO  http.HttpServer2 (HttpServer2.java:bindListener(1191)) - Jetty bound to port 46681
2019-10-10 21:38:00,240 [main] INFO  server.Server (Server.java:doStart(351)) - jetty-9.3.25.v20180904, build timestamp: 2018-09-04T21:11:46Z, git hash: 3ce520221d0240229c862b122d2b06c12a625732
2019-10-10 21:38:00,242 [main] INFO  handler.ContextHandler (ContextHandler.java:doStart(781)) - Started o.e.j.s.ServletContextHandler@75bd28d{/logs,file:///workdir/hadoop-ozone/integration-test/target/log,AVAILABLE}
2019-10-10 21:38:00,242 [main] INFO  handler.ContextHandler (ContextHandler.java:doStart(781)) - Started o.e.j.s.ServletContextHandler@11810917{/static,jar:file:/home/user/.m2/repository/org/apache/hadoop/hadoop-hdds-container-service/0.5.0-SNAPSHOT/hadoop-hdds-container-service-0.5.0-SNAPSHOT.jar!/webapps/static,AVAILABLE}
2019-10-10 21:38:00,270 [main] INFO  handler.ContextHandler (ContextHandler.java:doStart(781)) - Started o.e.j.w.WebAppContext@5fb54740{/,file:///tmp/jetty-0.0.0.0-46681-hddsDatanode-_-any-1190262420967423935.dir/webapp/,AVAILABLE}{/hddsDatanode}
2019-10-10 21:38:00,270 [main] INFO  server.AbstractConnector (AbstractConnector.java:doStart(278)) - Started ServerConnector@325162e9{HTTP/1.1,[http/1.1]}{0.0.0.0:46681}
2019-10-10 21:38:00,272 [main] INFO  server.Server (Server.java:doStart(419)) - Started @204075ms
2019-10-10 21:38:00,272 [main] WARN  impl.MetricsSystemImpl (MetricsSystemImpl.java:register(276)) - Sink prometheus already exists!
2019-10-10 21:38:00,273 [main] INFO  server.BaseHttpServer (BaseHttpServer.java:updateConnectorAddress(215)) - HTTP server of HDDSDATANODE is listening at http://0.0.0.0:46681
2019-10-10 21:38:00,273 [main] INFO  ozone.MiniOzoneClusterImpl (MiniOzoneClusterImpl.java:lambda$waitForClusterToBeReady$0(147)) - Waiting for cluster to be ready. Got 0 of 7 DN Heartbeats.
2019-10-10 21:38:00,274 [org.apache.hadoop.util.JvmPauseMonitor$Monitor@60cd2639] INFO  util.JvmPauseMonitor (JvmPauseMonitor.java:run(188)) - Starting JVM pause monitor
2019-10-10 21:38:00,275 [Datanode State Machine Thread - 0] INFO  datanode.InitDatanodeState (InitDatanodeState.java:persistContainerDatanodeDetails(140)) - DatanodeDetails is persisted to /workdir/hadoop-ozone/integration-test/target/test-dir/MiniOzoneClusterImpl-c01b9a90-bcb1-4e29-b08c-a5022a9cdd6b/datanode-6/meta/datanode.id
2019-10-10 21:38:00,498 [grpc-default-executor-2] WARN  server.GrpcLogAppender (LogUtils.java:warn(134)) - e470dbc6-b7c3-4cc5-bcba-9849bb7698b4@group-E0DA6B936123->4d6c447f-053a-4089-9221-5a9185208761-AppendLogResponseHandler: Failed appendEntries: org.apache.ratis.thirdparty.io.grpc.StatusRuntimeException: UNAVAILABLE: io exception
2019-10-10 21:38:00,499 [grpc-default-executor-2] INFO  impl.FollowerInfo (FollowerInfo.java:lambda$new$0(51)) - e470dbc6-b7c3-4cc5-bcba-9849bb7698b4@group-E0DA6B936123->4d6c447f-053a-4089-9221-5a9185208761: nextIndex: updateUnconditionally 0 -> 0
2019-10-10 21:38:00,502 [grpc-default-executor-6] WARN  server.GrpcLogAppender (LogUtils.java:warn(134)) - e470dbc6-b7c3-4cc5-bcba-9849bb7698b4@group-E0DA6B936123->36dc106a-b650-4673-a9ea-d6528ce93d44-AppendLogResponseHandler: Failed appendEntries: org.apache.ratis.thirdparty.io.grpc.StatusRuntimeException: UNAVAILABLE: io exception
2019-10-10 21:38:00,502 [grpc-default-executor-6] INFO  impl.FollowerInfo (FollowerInfo.java:lambda$new$0(51)) - e470dbc6-b7c3-4cc5-bcba-9849bb7698b4@group-E0DA6B936123->36dc106a-b650-4673-a9ea-d6528ce93d44: nextIndex: updateUnconditionally 0 -> 0
2019-10-10 21:38:01,274 [main] INFO  ozone.MiniOzoneClusterImpl (MiniOzoneClusterImpl.java:lambda$waitForClusterToBeReady$0(147)) - Waiting for cluster to be ready. Got 0 of 7 DN Heartbeats.
2019-10-10 21:38:01,857 [Datanode State Machine Thread - 0] INFO  ozoneimpl.OzoneContainer (OzoneContainer.java:start(213)) - Attempting to start container services.
2019-10-10 21:38:01,857 [Datanode State Machine Thread - 0] INFO  ozoneimpl.OzoneContainer (OzoneContainer.java:startContainerScrub(177)) - Background container scanner has been disabled.
2019-10-10 21:38:01,858 [Datanode State Machine Thread - 0] INFO  ratis.XceiverServerRatis (XceiverServerRatis.java:start(418)) - Starting XceiverServerRatis 2e853c8f-06d9-4a3a-9697-1c4a2c6aedee at port 0
2019-10-10 21:38:01,866 [Datanode State Machine Thread - 0] INFO  impl.RaftServerProxy (RaftServerProxy.java:lambda$start$3(299)) - 2e853c8f-06d9-4a3a-9697-1c4a2c6aedee: start RPC server
2019-10-10 21:38:01,868 [Datanode State Machine Thread - 0] INFO  server.GrpcService (GrpcService.java:startImpl(158)) - 2e853c8f-06d9-4a3a-9697-1c4a2c6aedee: GrpcService started, listening on 0.0.0.0/0.0.0.0:45395
2019-10-10 21:38:01,868 [Datanode State Machine Thread - 0] INFO  ratis.XceiverServerRatis (XceiverServerRatis.java:start(428)) - XceiverServerRatis 2e853c8f-06d9-4a3a-9697-1c4a2c6aedee is started using port 45395
2019-10-10 21:38:01,871 [Datanode State Machine Thread - 0] INFO  server.XceiverServerGrpc (XceiverServerGrpc.java:start(149)) - XceiverServerGrpc 2e853c8f-06d9-4a3a-9697-1c4a2c6aedee is started using port 39889
2019-10-10 21:38:01,872 [Datanode State Machine Thread - 0] INFO  ozoneimpl.OzoneContainer (OzoneContainer.java:start(213)) - Attempting to start container services.
2019-10-10 21:38:01,872 [Datanode State Machine Thread - 0] INFO  ozoneimpl.OzoneContainer (OzoneContainer.java:startContainerScrub(177)) - Background container scanner has been disabled.
2019-10-10 21:38:01,872 [Datanode State Machine Thread - 0] INFO  ratis.XceiverServerRatis (XceiverServerRatis.java:start(418)) - Starting XceiverServerRatis 7c76edd3-534d-42a4-a058-1ba6e617fc38 at port 0
2019-10-10 21:38:01,884 [Datanode State Machine Thread - 0] INFO  impl.RaftServerProxy (RaftServerProxy.java:lambda$start$3(299)) - 7c76edd3-534d-42a4-a058-1ba6e617fc38: start RPC server
2019-10-10 21:38:01,889 [Datanode State Machine Thread - 0] INFO  server.GrpcService (GrpcService.java:startImpl(158)) - 7c76edd3-534d-42a4-a058-1ba6e617fc38: GrpcService started, listening on 0.0.0.0/0.0.0.0:36800
2019-10-10 21:38:01,889 [Datanode State Machine Thread - 0] INFO  ratis.XceiverServerRatis (XceiverServerRatis.java:start(428)) - XceiverServerRatis 7c76edd3-534d-42a4-a058-1ba6e617fc38 is started using port 36800
2019-10-10 21:38:01,890 [Datanode State Machine Thread - 0] INFO  server.XceiverServerGrpc (XceiverServerGrpc.java:start(149)) - XceiverServerGrpc 7c76edd3-534d-42a4-a058-1ba6e617fc38 is started using port 45794
2019-10-10 21:38:01,975 [Datanode State Machine Thread - 0] INFO  ozoneimpl.OzoneContainer (OzoneContainer.java:start(213)) - Attempting to start container services.
2019-10-10 21:38:01,975 [Datanode State Machine Thread - 0] INFO  ozoneimpl.OzoneContainer (OzoneContainer.java:startContainerScrub(177)) - Background container scanner has been disabled.
2019-10-10 21:38:01,976 [Datanode State Machine Thread - 0] INFO  ratis.XceiverServerRatis (XceiverServerRatis.java:start(418)) - Starting XceiverServerRatis 8d399f50-bc32-4264-b3f5-d56cb7cc68f1 at port 0
2019-10-10 21:38:01,982 [Datanode State Machine Thread - 0] INFO  impl.RaftServerProxy (RaftServerProxy.java:lambda$start$3(299)) - 8d399f50-bc32-4264-b3f5-d56cb7cc68f1: start RPC server
2019-10-10 21:38:01,987 [Datanode State Machine Thread - 0] INFO  server.GrpcService (GrpcService.java:startImpl(158)) - 8d399f50-bc32-4264-b3f5-d56cb7cc68f1: GrpcService started, listening on 0.0.0.0/0.0.0.0:33792
2019-10-10 21:38:01,987 [Datanode State Machine Thread - 0] INFO  ratis.XceiverServerRatis (XceiverServerRatis.java:start(428)) - XceiverServerRatis 8d399f50-bc32-4264-b3f5-d56cb7cc68f1 is started using port 33792
2019-10-10 21:38:01,988 [Datanode State Machine Thread - 0] INFO  server.XceiverServerGrpc (XceiverServerGrpc.java:start(149)) - XceiverServerGrpc 8d399f50-bc32-4264-b3f5-d56cb7cc68f1 is started using port 39566
2019-10-10 21:38:02,050 [Datanode State Machine Thread - 0] INFO  ozoneimpl.OzoneContainer (OzoneContainer.java:start(213)) - Attempting to start container services.
2019-10-10 21:38:02,051 [Datanode State Machine Thread - 0] INFO  ozoneimpl.OzoneContainer (OzoneContainer.java:startContainerScrub(177)) - Background container scanner has been disabled.
2019-10-10 21:38:02,051 [Datanode State Machine Thread - 0] INFO  ratis.XceiverServerRatis (XceiverServerRatis.java:start(418)) - Starting XceiverServerRatis 5de4fd98-088a-4136-9385-3639a2af1cfb at port 0
2019-10-10 21:38:02,059 [Datanode State Machine Thread - 0] INFO  impl.RaftServerProxy (RaftServerProxy.java:lambda$start$3(299)) - 5de4fd98-088a-4136-9385-3639a2af1cfb: start RPC server
2019-10-10 21:38:02,064 [Datanode State Machine Thread - 0] INFO  server.GrpcService (GrpcService.java:startImpl(158)) - 5de4fd98-088a-4136-9385-3639a2af1cfb: GrpcService started, listening on 0.0.0.0/0.0.0.0:45074
2019-10-10 21:38:02,064 [Datanode State Machine Thread - 0] INFO  ratis.XceiverServerRatis (XceiverServerRatis.java:start(428)) - XceiverServerRatis 5de4fd98-088a-4136-9385-3639a2af1cfb is started using port 45074
2019-10-10 21:38:02,065 [Datanode State Machine Thread - 0] INFO  server.XceiverServerGrpc (XceiverServerGrpc.java:start(149)) - XceiverServerGrpc 5de4fd98-088a-4136-9385-3639a2af1cfb is started using port 42757
2019-10-10 21:38:02,167 [Datanode State Machine Thread - 0] INFO  ozoneimpl.OzoneContainer (OzoneContainer.java:start(213)) - Attempting to start container services.
2019-10-10 21:38:02,168 [Datanode State Machine Thread - 0] INFO  ozoneimpl.OzoneContainer (OzoneContainer.java:startContainerScrub(177)) - Background container scanner has been disabled.
2019-10-10 21:38:02,168 [Datanode State Machine Thread - 0] INFO  ratis.XceiverServerRatis (XceiverServerRatis.java:start(418)) - Starting XceiverServerRatis 864221b0-e1c8-44e4-acd2-17fd2bfaaa12 at port 0
2019-10-10 21:38:02,182 [Datanode State Machine Thread - 0] INFO  impl.RaftServerProxy (RaftServerProxy.java:lambda$start$3(299)) - 864221b0-e1c8-44e4-acd2-17fd2bfaaa12: start RPC server
2019-10-10 21:38:02,183 [Datanode State Machine Thread - 0] INFO  server.GrpcService (GrpcService.java:startImpl(158)) - 864221b0-e1c8-44e4-acd2-17fd2bfaaa12: GrpcService started, listening on 0.0.0.0/0.0.0.0:35363
2019-10-10 21:38:02,183 [Datanode State Machine Thread - 0] INFO  ratis.XceiverServerRatis (XceiverServerRatis.java:start(428)) - XceiverServerRatis 864221b0-e1c8-44e4-acd2-17fd2bfaaa12 is started using port 35363
2019-10-10 21:38:02,183 [Datanode State Machine Thread - 0] INFO  server.XceiverServerGrpc (XceiverServerGrpc.java:start(149)) - XceiverServerGrpc 864221b0-e1c8-44e4-acd2-17fd2bfaaa12 is started using port 40218
2019-10-10 21:38:02,234 [Datanode State Machine Thread - 0] INFO  ozoneimpl.OzoneContainer (OzoneContainer.java:start(213)) - Attempting to start container services.
2019-10-10 21:38:02,234 [Datanode State Machine Thread - 0] INFO  ozoneimpl.OzoneContainer (OzoneContainer.java:startContainerScrub(177)) - Background container scanner has been disabled.
2019-10-10 21:38:02,234 [Datanode State Machine Thread - 0] INFO  ratis.XceiverServerRatis (XceiverServerRatis.java:start(418)) - Starting XceiverServerRatis 499e5c1f-15d6-4d5e-a71b-72fc5090a2a6 at port 0
2019-10-10 21:38:02,241 [Datanode State Machine Thread - 0] INFO  impl.RaftServerProxy (RaftServerProxy.java:lambda$start$3(299)) - 499e5c1f-15d6-4d5e-a71b-72fc5090a2a6: start RPC server
2019-10-10 21:38:02,242 [Datanode State Machine Thread - 0] INFO  server.GrpcService (GrpcService.java:startImpl(158)) - 499e5c1f-15d6-4d5e-a71b-72fc5090a2a6: GrpcService started, listening on 0.0.0.0/0.0.0.0:36444
2019-10-10 21:38:02,242 [Datanode State Machine Thread - 0] INFO  ratis.XceiverServerRatis (XceiverServerRatis.java:start(428)) - XceiverServerRatis 499e5c1f-15d6-4d5e-a71b-72fc5090a2a6 is started using port 36444
2019-10-10 21:38:02,242 [Datanode State Machine Thread - 0] INFO  server.XceiverServerGrpc (XceiverServerGrpc.java:start(149)) - XceiverServerGrpc 499e5c1f-15d6-4d5e-a71b-72fc5090a2a6 is started using port 40553
2019-10-10 21:38:02,274 [main] INFO  ozone.MiniOzoneClusterImpl (MiniOzoneClusterImpl.java:lambda$waitForClusterToBeReady$0(147)) - Waiting for cluster to be ready. Got 0 of 7 DN Heartbeats.
2019-10-10 21:38:02,298 [Datanode State Machine Thread - 0] INFO  ozoneimpl.OzoneContainer (OzoneContainer.java:start(213)) - Attempting to start container services.
2019-10-10 21:38:02,298 [Datanode State Machine Thread - 0] INFO  ozoneimpl.OzoneContainer (OzoneContainer.java:startContainerScrub(177)) - Background container scanner has been disabled.
2019-10-10 21:38:02,298 [Datanode State Machine Thread - 0] INFO  ratis.XceiverServerRatis (XceiverServerRatis.java:start(418)) - Starting XceiverServerRatis 12ebd3da-2af7-4701-8b4a-ca499acad0da at port 0
2019-10-10 21:38:02,306 [Datanode State Machine Thread - 0] INFO  impl.RaftServerProxy (RaftServerProxy.java:lambda$start$3(299)) - 12ebd3da-2af7-4701-8b4a-ca499acad0da: start RPC server
2019-10-10 21:38:02,306 [Datanode State Machine Thread - 0] INFO  server.GrpcService (GrpcService.java:startImpl(158)) - 12ebd3da-2af7-4701-8b4a-ca499acad0da: GrpcService started, listening on 0.0.0.0/0.0.0.0:40997
2019-10-10 21:38:02,306 [Datanode State Machine Thread - 0] INFO  ratis.XceiverServerRatis (XceiverServerRatis.java:start(428)) - XceiverServerRatis 12ebd3da-2af7-4701-8b4a-ca499acad0da is started using port 40997
2019-10-10 21:38:02,307 [Datanode State Machine Thread - 0] INFO  server.XceiverServerGrpc (XceiverServerGrpc.java:start(149)) - XceiverServerGrpc 12ebd3da-2af7-4701-8b4a-ca499acad0da is started using port 33181
2019-10-10 21:38:02,998 [grpc-default-executor-6] WARN  server.GrpcLogAppender (LogUtils.java:warn(134)) - e470dbc6-b7c3-4cc5-bcba-9849bb7698b4@group-E0DA6B936123->4d6c447f-053a-4089-9221-5a9185208761-AppendLogResponseHandler: Failed appendEntries: org.apache.ratis.thirdparty.io.grpc.StatusRuntimeException: UNAVAILABLE: io exception
2019-10-10 21:38:02,999 [grpc-default-executor-6] INFO  impl.FollowerInfo (FollowerInfo.java:lambda$new$0(51)) - e470dbc6-b7c3-4cc5-bcba-9849bb7698b4@group-E0DA6B936123->4d6c447f-053a-4089-9221-5a9185208761: nextIndex: updateUnconditionally 0 -> 0
2019-10-10 21:38:03,002 [grpc-default-executor-1] WARN  server.GrpcLogAppender (LogUtils.java:warn(134)) - e470dbc6-b7c3-4cc5-bcba-9849bb7698b4@group-E0DA6B936123->36dc106a-b650-4673-a9ea-d6528ce93d44-AppendLogResponseHandler: Failed appendEntries: org.apache.ratis.thirdparty.io.grpc.StatusRuntimeException: UNAVAILABLE: io exception
2019-10-10 21:38:03,003 [grpc-default-executor-1] INFO  impl.FollowerInfo (FollowerInfo.java:lambda$new$0(51)) - e470dbc6-b7c3-4cc5-bcba-9849bb7698b4@group-E0DA6B936123->36dc106a-b650-4673-a9ea-d6528ce93d44: nextIndex: updateUnconditionally 0 -> 0
2019-10-10 21:38:03,275 [main] INFO  ozone.MiniOzoneClusterImpl (MiniOzoneClusterImpl.java:lambda$waitForClusterToBeReady$0(147)) - Waiting for cluster to be ready. Got 0 of 7 DN Heartbeats.
2019-10-10 21:38:03,765 [IPC Server handler 10 on 42361] INFO  net.NetworkTopology (NetworkTopologyImpl.java:add(111)) - Added a new node: /default-rack/2e853c8f-06d9-4a3a-9697-1c4a2c6aedee
2019-10-10 21:38:03,770 [IPC Server handler 10 on 42361] INFO  node.SCMNodeManager (SCMNodeManager.java:register(268)) - Registered Data node : 2e853c8f-06d9-4a3a-9697-1c4a2c6aedee{ip: 192.168.164.253, host: pr-hdds-2281-k4msp-1747625461, networkLocation: /default-rack, certSerialId: null}
2019-10-10 21:38:03,771 [EventQueue-NodeRegistrationContainerReportForDataNodeSafeModeRule] INFO  safemode.SCMSafeModeManager (DataNodeSafeModeRule.java:process(71)) - SCM in safe mode. 1 DataNodes registered, 1 required.
2019-10-10 21:38:03,775 [EventQueue-NodeRegistrationContainerReportForDataNodeSafeModeRule] INFO  safemode.SCMSafeModeManager (SCMSafeModeManager.java:validateSafeModeExitRules(177)) - ScmSafeModeManager, all rules are successfully validated
2019-10-10 21:38:03,776 [EventQueue-NodeRegistrationContainerReportForDataNodeSafeModeRule] INFO  safemode.SCMSafeModeManager (SCMSafeModeManager.java:exitSafeMode(193)) - SCM exiting safe mode.
2019-10-10 21:38:03,787 [grpc-default-executor-6] INFO  impl.RaftServerProxy (RaftServerProxy.java:addNew(89)) - 2e853c8f-06d9-4a3a-9697-1c4a2c6aedee: addNew group-F31FEBA62CAE:[2e853c8f-06d9-4a3a-9697-1c4a2c6aedee:192.168.164.253:45395] returns group-F31FEBA62CAE:java.util.concurrent.CompletableFuture@61efca9f[Not completed]
2019-10-10 21:38:03,790 [pool-383-thread-1] INFO  impl.RaftServerImpl (RaftServerImpl.java:<init>(95)) - 2e853c8f-06d9-4a3a-9697-1c4a2c6aedee: new RaftServerImpl for group-F31FEBA62CAE:[2e853c8f-06d9-4a3a-9697-1c4a2c6aedee:192.168.164.253:45395] with ContainerStateMachine:uninitialized
2019-10-10 21:38:03,790 [pool-383-thread-1] INFO  server.RaftServerConfigKeys (ConfUtils.java:logGet(43)) - raft.server.rpc.timeout.min = 5s (custom)
2019-10-10 21:38:03,790 [pool-383-thread-1] INFO  server.RaftServerConfigKeys (ConfUtils.java:logGet(43)) - raft.server.rpc.timeout.max = 5200ms (custom)
2019-10-10 21:38:03,790 [pool-383-thread-1] INFO  server.RaftServerConfigKeys (ConfUtils.java:logGet(43)) - raft.server.rpcslowness.timeout = 120s (custom)
2019-10-10 21:38:03,790 [pool-383-thread-1] INFO  server.RaftServerConfigKeys (ConfUtils.java:logGet(43)) - raft.server.sleep.deviation.threshold = 300 (default)
2019-10-10 21:38:03,790 [pool-383-thread-1] INFO  server.RaftServerConfigKeys (ConfUtils.java:logGet(43)) - raft.server.log.appender.install.snapshot.enabled = false (custom)
2019-10-10 21:38:03,791 [pool-383-thread-1] INFO  impl.RaftServerImpl (ServerState.java:<init>(103)) - 2e853c8f-06d9-4a3a-9697-1c4a2c6aedee@group-F31FEBA62CAE: ConfigurationManager, init=-1: [2e853c8f-06d9-4a3a-9697-1c4a2c6aedee:192.168.164.253:45395], old=null, confs=<EMPTY_MAP>
2019-10-10 21:38:03,791 [pool-383-thread-1] INFO  server.RaftServerConfigKeys (ConfUtils.java:logGet(43)) - raft.server.storage.dir = [/workdir/hadoop-ozone/integration-test/target/test-dir/MiniOzoneClusterImpl-c01b9a90-bcb1-4e29-b08c-a5022a9cdd6b/datanode-0/data/ratis] (custom)
2019-10-10 21:38:03,791 [pool-383-thread-1] INFO  server.RaftServerConfigKeys (ConfUtils.java:logGet(43)) - raft.server.log.corruption.policy = EXCEPTION (default)
2019-10-10 21:38:03,792 [pool-383-thread-1] INFO  storage.RaftStorageDirectory (RaftStorageDirectory.java:analyzeStorage(246)) - The storage directory /workdir/hadoop-ozone/integration-test/target/test-dir/MiniOzoneClusterImpl-c01b9a90-bcb1-4e29-b08c-a5022a9cdd6b/datanode-0/data/ratis/1ad11771-574e-44ba-afcf-f31feba62cae does not exist. Creating ...
2019-10-10 21:38:03,815 [pool-383-thread-1] INFO  storage.RaftStorageDirectory (RaftStorageDirectory.java:tryLock(328)) - Lock on /workdir/hadoop-ozone/integration-test/target/test-dir/MiniOzoneClusterImpl-c01b9a90-bcb1-4e29-b08c-a5022a9cdd6b/datanode-0/data/ratis/1ad11771-574e-44ba-afcf-f31feba62cae/in_use.lock acquired by nodename 17759@pr-hdds-2281-k4msp-1747625461
2019-10-10 21:38:03,839 [pool-383-thread-1] INFO  storage.RaftStorage (RaftStorage.java:format(84)) - Storage directory /workdir/hadoop-ozone/integration-test/target/test-dir/MiniOzoneClusterImpl-c01b9a90-bcb1-4e29-b08c-a5022a9cdd6b/datanode-0/data/ratis/1ad11771-574e-44ba-afcf-f31feba62cae has been successfully formatted.
2019-10-10 21:38:03,840 [pool-383-thread-1] INFO  ratis.ContainerStateMachine (ContainerStateMachine.java:loadSnapshot(231)) - group-F31FEBA62CAE: The snapshot info is null. Setting the last applied indexto:(t:0, i:~)
2019-10-10 21:38:03,840 [pool-383-thread-1] INFO  server.RaftServerConfigKeys (ConfUtils.java:logGet(43)) - raft.server.notification.no-leader.timeout = 120s (custom)
2019-10-10 21:38:03,840 [pool-383-thread-1] INFO  server.RaftServerConfigKeys (ConfUtils.java:logGet(43)) - raft.server.log.use.memory = false (default)
2019-10-10 21:38:03,840 [pool-383-thread-1] INFO  server.RaftServerConfigKeys (ConfUtils.java:logGet(43)) - raft.server.log.purge.gap = 1000000 (custom)
2019-10-10 21:38:03,840 [pool-383-thread-1] INFO  server.RaftServerConfigKeys (ConfUtils.java:logGet(43)) - raft.server.log.appender.buffer.byte-limit = 33554432 (custom)
2019-10-10 21:38:03,840 [pool-383-thread-1] INFO  server.RaftServerConfigKeys (ConfUtils.java:logGet(43)) - raft.server.log.segment.size.max = 1048576 (custom)
2019-10-10 21:38:03,842 [pool-383-thread-1] INFO  server.RaftServerConfigKeys (ConfUtils.java:logGet(43)) - raft.server.log.segment.cache.num.max = 2 (custom)
2019-10-10 21:38:03,843 [pool-383-thread-1] INFO  segmented.SegmentedRaftLogWorker (SegmentedRaftLogWorker.java:<init>(173)) - new 2e853c8f-06d9-4a3a-9697-1c4a2c6aedee@group-F31FEBA62CAE-SegmentedRaftLogWorker for RaftStorage:Storage Directory /workdir/hadoop-ozone/integration-test/target/test-dir/MiniOzoneClusterImpl-c01b9a90-bcb1-4e29-b08c-a5022a9cdd6b/datanode-0/data/ratis/1ad11771-574e-44ba-afcf-f31feba62cae
2019-10-10 21:38:03,843 [pool-383-thread-1] INFO  server.RaftServerConfigKeys (ConfUtils.java:logGet(43)) - raft.server.log.queue.byte-limit = 2147483647 (custom)
2019-10-10 21:38:03,843 [pool-383-thread-1] INFO  server.RaftServerConfigKeys (ConfUtils.java:logGet(43)) - raft.server.log.queue.element-limit = 1024 (custom)
2019-10-10 21:38:03,843 [pool-383-thread-1] INFO  server.RaftServerConfigKeys (ConfUtils.java:logGet(43)) - raft.server.log.segment.size.max = 1048576 (custom)
2019-10-10 21:38:03,843 [pool-383-thread-1] INFO  server.RaftServerConfigKeys (ConfUtils.java:logGet(43)) - raft.server.log.preallocated.size = 16384 (custom)
2019-10-10 21:38:03,843 [pool-383-thread-1] INFO  server.RaftServerConfigKeys (ConfUtils.java:logGet(43)) - raft.server.log.write.buffer.size = 33554432 (custom)
2019-10-10 21:38:03,843 [pool-383-thread-1] INFO  server.RaftServerConfigKeys (ConfUtils.java:logGet(43)) - raft.server.log.force.sync.num = 128 (default)
2019-10-10 21:38:03,844 [pool-383-thread-1] INFO  server.RaftServerConfigKeys (ConfUtils.java:logGet(43)) - raft.server.log.statemachine.data.sync = true (default)
2019-10-10 21:38:03,844 [pool-383-thread-1] INFO  server.RaftServerConfigKeys (ConfUtils.java:logGet(43)) - raft.server.log.statemachine.data.sync.timeout = 10s (default)
2019-10-10 21:38:03,844 [pool-383-thread-1] INFO  server.RaftServerConfigKeys (ConfUtils.java:logGet(43)) - raft.server.log.statemachine.data.sync.timeout.retry = -1 (default)
2019-10-10 21:38:03,844 [pool-383-thread-1] INFO  server.RaftServerConfigKeys (ConfUtils.java:logGet(43)) - raft.server.log.statemachine.data.caching.enabled = true (custom)
2019-10-10 21:38:03,845 [pool-383-thread-1] INFO  segmented.SegmentedRaftLogWorker (SegmentedRaftLogWorker.java:lambda$new$0(128)) - 2e853c8f-06d9-4a3a-9697-1c4a2c6aedee@group-F31FEBA62CAE-SegmentedRaftLogWorker: flushIndex: setUnconditionally 0 -> -1
2019-10-10 21:38:03,845 [pool-383-thread-1] INFO  server.RaftServerConfigKeys (ConfUtils.java:logGet(43)) - raft.server.snapshot.auto.trigger.enabled = true (custom)
2019-10-10 21:38:03,845 [pool-383-thread-1] INFO  server.RaftServerConfigKeys (ConfUtils.java:logGet(43)) - raft.server.snapshot.auto.trigger.threshold = 10000 (custom)
2019-10-10 21:38:03,845 [pool-383-thread-1] INFO  server.RaftServerConfigKeys (ConfUtils.java:logGet(43)) - raft.server.snapshot.retention.file.num = 5 (custom)
2019-10-10 21:38:03,846 [pool-383-thread-1] INFO  server.RaftServerConfigKeys (ConfUtils.java:logGet(43)) - raft.server.retrycache.expirytime = 600000ms (custom)
2019-10-10 21:38:03,847 [IPC Server handler 19 on 42361] INFO  net.NetworkTopology (NetworkTopologyImpl.java:add(111)) - Added a new node: /default-rack/7c76edd3-534d-42a4-a058-1ba6e617fc38
2019-10-10 21:38:03,847 [IPC Server handler 19 on 42361] INFO  node.SCMNodeManager (SCMNodeManager.java:register(268)) - Registered Data node : 7c76edd3-534d-42a4-a058-1ba6e617fc38{ip: 192.168.164.253, host: pr-hdds-2281-k4msp-1747625461, networkLocation: /default-rack, certSerialId: null}
2019-10-10 21:38:03,847 [pool-383-thread-1] INFO  impl.RaftServerImpl (RaftServerImpl.java:start(181)) - 2e853c8f-06d9-4a3a-9697-1c4a2c6aedee@group-F31FEBA62CAE: start as a follower, conf=-1: [2e853c8f-06d9-4a3a-9697-1c4a2c6aedee:192.168.164.253:45395], old=null
2019-10-10 21:38:03,848 [pool-383-thread-1] INFO  impl.RaftServerImpl (RaftServerImpl.java:setRole(170)) - 2e853c8f-06d9-4a3a-9697-1c4a2c6aedee@group-F31FEBA62CAE: changes role from      null to FOLLOWER at term 0 for startAsFollower
2019-10-10 21:38:03,848 [pool-383-thread-1] INFO  impl.RoleInfo (RoleInfo.java:updateAndGet(143)) - 2e853c8f-06d9-4a3a-9697-1c4a2c6aedee: start FollowerState
2019-10-10 21:38:03,848 [pool-383-thread-1] INFO  util.JmxRegister (JmxRegister.java:tryRegister(44)) - Successfully registered JMX Bean with object name Ratis:service=RaftServer,group=group-F31FEBA62CAE,id=2e853c8f-06d9-4a3a-9697-1c4a2c6aedee
2019-10-10 21:38:03,853 [RatisPipelineUtilsThread] INFO  pipeline.PipelineStateManager (PipelineStateManager.java:addPipeline(56)) - Created pipeline Pipeline[ Id: 1ad11771-574e-44ba-afcf-f31feba62cae, Nodes: 2e853c8f-06d9-4a3a-9697-1c4a2c6aedee{ip: 192.168.164.253, host: pr-hdds-2281-k4msp-1747625461, networkLocation: /default-rack, certSerialId: null}, Type:RATIS, Factor:ONE, State:OPEN]
2019-10-10 21:38:03,863 [grpc-default-executor-6] INFO  impl.RaftServerProxy (RaftServerProxy.java:addNew(89)) - 7c76edd3-534d-42a4-a058-1ba6e617fc38: addNew group-44E1090F69AB:[7c76edd3-534d-42a4-a058-1ba6e617fc38:192.168.164.253:36800] returns group-44E1090F69AB:java.util.concurrent.CompletableFuture@147063b6[Not completed]
2019-10-10 21:38:03,864 [pool-393-thread-1] INFO  impl.RaftServerImpl (RaftServerImpl.java:<init>(95)) - 7c76edd3-534d-42a4-a058-1ba6e617fc38: new RaftServerImpl for group-44E1090F69AB:[7c76edd3-534d-42a4-a058-1ba6e617fc38:192.168.164.253:36800] with ContainerStateMachine:uninitialized
2019-10-10 21:38:03,865 [pool-393-thread-1] INFO  server.RaftServerConfigKeys (ConfUtils.java:logGet(43)) - raft.server.rpc.timeout.min = 5s (custom)
2019-10-10 21:38:03,865 [pool-393-thread-1] INFO  server.RaftServerConfigKeys (ConfUtils.java:logGet(43)) - raft.server.rpc.timeout.max = 5200ms (custom)
2019-10-10 21:38:03,865 [pool-393-thread-1] INFO  server.RaftServerConfigKeys (ConfUtils.java:logGet(43)) - raft.server.rpcslowness.timeout = 120s (custom)
2019-10-10 21:38:03,865 [pool-393-thread-1] INFO  server.RaftServerConfigKeys (ConfUtils.java:logGet(43)) - raft.server.sleep.deviation.threshold = 300 (default)
2019-10-10 21:38:03,865 [pool-393-thread-1] INFO  server.RaftServerConfigKeys (ConfUtils.java:logGet(43)) - raft.server.log.appender.install.snapshot.enabled = false (custom)
2019-10-10 21:38:03,865 [pool-393-thread-1] INFO  impl.RaftServerImpl (ServerState.java:<init>(103)) - 7c76edd3-534d-42a4-a058-1ba6e617fc38@group-44E1090F69AB: ConfigurationManager, init=-1: [7c76edd3-534d-42a4-a058-1ba6e617fc38:192.168.164.253:36800], old=null, confs=<EMPTY_MAP>
2019-10-10 21:38:03,865 [pool-393-thread-1] INFO  server.RaftServerConfigKeys (ConfUtils.java:logGet(43)) - raft.server.storage.dir = [/workdir/hadoop-ozone/integration-test/target/test-dir/MiniOzoneClusterImpl-c01b9a90-bcb1-4e29-b08c-a5022a9cdd6b/datanode-1/data/ratis] (custom)
2019-10-10 21:38:03,865 [pool-393-thread-1] INFO  server.RaftServerConfigKeys (ConfUtils.java:logGet(43)) - raft.server.log.corruption.policy = EXCEPTION (default)
2019-10-10 21:38:03,866 [pool-393-thread-1] INFO  storage.RaftStorageDirectory (RaftStorageDirectory.java:analyzeStorage(246)) - The storage directory /workdir/hadoop-ozone/integration-test/target/test-dir/MiniOzoneClusterImpl-c01b9a90-bcb1-4e29-b08c-a5022a9cdd6b/datanode-1/data/ratis/eab24a1d-a5ba-4e25-97d1-44e1090f69ab does not exist. Creating ...
2019-10-10 21:38:03,888 [pool-393-thread-1] INFO  storage.RaftStorageDirectory (RaftStorageDirectory.java:tryLock(328)) - Lock on /workdir/hadoop-ozone/integration-test/target/test-dir/MiniOzoneClusterImpl-c01b9a90-bcb1-4e29-b08c-a5022a9cdd6b/datanode-1/data/ratis/eab24a1d-a5ba-4e25-97d1-44e1090f69ab/in_use.lock acquired by nodename 17759@pr-hdds-2281-k4msp-1747625461
2019-10-10 21:38:03,912 [pool-393-thread-1] INFO  storage.RaftStorage (RaftStorage.java:format(84)) - Storage directory /workdir/hadoop-ozone/integration-test/target/test-dir/MiniOzoneClusterImpl-c01b9a90-bcb1-4e29-b08c-a5022a9cdd6b/datanode-1/data/ratis/eab24a1d-a5ba-4e25-97d1-44e1090f69ab has been successfully formatted.
2019-10-10 21:38:03,912 [pool-393-thread-1] INFO  ratis.ContainerStateMachine (ContainerStateMachine.java:loadSnapshot(231)) - group-44E1090F69AB: The snapshot info is null. Setting the last applied indexto:(t:0, i:~)
2019-10-10 21:38:03,912 [pool-393-thread-1] INFO  server.RaftServerConfigKeys (ConfUtils.java:logGet(43)) - raft.server.notification.no-leader.timeout = 120s (custom)
2019-10-10 21:38:03,912 [pool-393-thread-1] INFO  server.RaftServerConfigKeys (ConfUtils.java:logGet(43)) - raft.server.log.use.memory = false (default)
2019-10-10 21:38:03,913 [pool-393-thread-1] INFO  server.RaftServerConfigKeys (ConfUtils.java:logGet(43)) - raft.server.log.purge.gap = 1000000 (custom)
2019-10-10 21:38:03,913 [pool-393-thread-1] INFO  server.RaftServerConfigKeys (ConfUtils.java:logGet(43)) - raft.server.log.appender.buffer.byte-limit = 33554432 (custom)
2019-10-10 21:38:03,913 [pool-393-thread-1] INFO  server.RaftServerConfigKeys (ConfUtils.java:logGet(43)) - raft.server.log.segment.size.max = 1048576 (custom)
2019-10-10 21:38:03,914 [pool-393-thread-1] INFO  server.RaftServerConfigKeys (ConfUtils.java:logGet(43)) - raft.server.log.segment.cache.num.max = 2 (custom)
2019-10-10 21:38:03,914 [pool-393-thread-1] INFO  segmented.SegmentedRaftLogWorker (SegmentedRaftLogWorker.java:<init>(173)) - new 7c76edd3-534d-42a4-a058-1ba6e617fc38@group-44E1090F69AB-SegmentedRaftLogWorker for RaftStorage:Storage Directory /workdir/hadoop-ozone/integration-test/target/test-dir/MiniOzoneClusterImpl-c01b9a90-bcb1-4e29-b08c-a5022a9cdd6b/datanode-1/data/ratis/eab24a1d-a5ba-4e25-97d1-44e1090f69ab
2019-10-10 21:38:03,915 [pool-393-thread-1] INFO  server.RaftServerConfigKeys (ConfUtils.java:logGet(43)) - raft.server.log.queue.byte-limit = 2147483647 (custom)
2019-10-10 21:38:03,915 [pool-393-thread-1] INFO  server.RaftServerConfigKeys (ConfUtils.java:logGet(43)) - raft.server.log.queue.element-limit = 1024 (custom)
2019-10-10 21:38:03,915 [pool-393-thread-1] INFO  server.RaftServerConfigKeys (ConfUtils.java:logGet(43)) - raft.server.log.segment.size.max = 1048576 (custom)
2019-10-10 21:38:03,915 [pool-393-thread-1] INFO  server.RaftServerConfigKeys (ConfUtils.java:logGet(43)) - raft.server.log.preallocated.size = 16384 (custom)
2019-10-10 21:38:03,915 [pool-393-thread-1] INFO  server.RaftServerConfigKeys (ConfUtils.java:logGet(43)) - raft.server.log.write.buffer.size = 33554432 (custom)
2019-10-10 21:38:03,915 [pool-393-thread-1] INFO  server.RaftServerConfigKeys (ConfUtils.java:logGet(43)) - raft.server.log.force.sync.num = 128 (default)
2019-10-10 21:38:03,915 [pool-393-thread-1] INFO  server.RaftServerConfigKeys (ConfUtils.java:logGet(43)) - raft.server.log.statemachine.data.sync = true (default)
2019-10-10 21:38:03,915 [pool-393-thread-1] INFO  server.RaftServerConfigKeys (ConfUtils.java:logGet(43)) - raft.server.log.statemachine.data.sync.timeout = 10s (default)
2019-10-10 21:38:03,915 [pool-393-thread-1] INFO  server.RaftServerConfigKeys (ConfUtils.java:logGet(43)) - raft.server.log.statemachine.data.sync.timeout.retry = -1 (default)
2019-10-10 21:38:03,916 [pool-393-thread-1] INFO  server.RaftServerConfigKeys (ConfUtils.java:logGet(43)) - raft.server.log.statemachine.data.caching.enabled = true (custom)
2019-10-10 21:38:03,916 [pool-393-thread-1] INFO  segmented.SegmentedRaftLogWorker (SegmentedRaftLogWorker.java:lambda$new$0(128)) - 7c76edd3-534d-42a4-a058-1ba6e617fc38@group-44E1090F69AB-SegmentedRaftLogWorker: flushIndex: setUnconditionally 0 -> -1
2019-10-10 21:38:03,916 [pool-393-thread-1] INFO  server.RaftServerConfigKeys (ConfUtils.java:logGet(43)) - raft.server.snapshot.auto.trigger.enabled = true (custom)
2019-10-10 21:38:03,916 [pool-393-thread-1] INFO  server.RaftServerConfigKeys (ConfUtils.java:logGet(43)) - raft.server.snapshot.auto.trigger.threshold = 10000 (custom)
2019-10-10 21:38:03,916 [pool-393-thread-1] INFO  server.RaftServerConfigKeys (ConfUtils.java:logGet(43)) - raft.server.snapshot.retention.file.num = 5 (custom)
2019-10-10 21:38:03,916 [pool-393-thread-1] INFO  server.RaftServerConfigKeys (ConfUtils.java:logGet(43)) - raft.server.retrycache.expirytime = 600000ms (custom)
2019-10-10 21:38:03,918 [pool-393-thread-1] INFO  impl.RaftServerImpl (RaftServerImpl.java:start(181)) - 7c76edd3-534d-42a4-a058-1ba6e617fc38@group-44E1090F69AB: start as a follower, conf=-1: [7c76edd3-534d-42a4-a058-1ba6e617fc38:192.168.164.253:36800], old=null
2019-10-10 21:38:03,918 [pool-393-thread-1] INFO  impl.RaftServerImpl (RaftServerImpl.java:setRole(170)) - 7c76edd3-534d-42a4-a058-1ba6e617fc38@group-44E1090F69AB: changes role from      null to FOLLOWER at term 0 for startAsFollower
2019-10-10 21:38:03,918 [pool-393-thread-1] INFO  impl.RoleInfo (RoleInfo.java:updateAndGet(143)) - 7c76edd3-534d-42a4-a058-1ba6e617fc38: start FollowerState
2019-10-10 21:38:03,918 [pool-393-thread-1] INFO  util.JmxRegister (JmxRegister.java:tryRegister(44)) - Successfully registered JMX Bean with object name Ratis:service=RaftServer,group=group-44E1090F69AB,id=7c76edd3-534d-42a4-a058-1ba6e617fc38
2019-10-10 21:38:03,922 [RatisPipelineUtilsThread] INFO  pipeline.PipelineStateManager (PipelineStateManager.java:addPipeline(56)) - Created pipeline Pipeline[ Id: eab24a1d-a5ba-4e25-97d1-44e1090f69ab, Nodes: 7c76edd3-534d-42a4-a058-1ba6e617fc38{ip: 192.168.164.253, host: pr-hdds-2281-k4msp-1747625461, networkLocation: /default-rack, certSerialId: null}, Type:RATIS, Factor:ONE, State:OPEN]
2019-10-10 21:38:03,935 [IPC Server handler 15 on 42361] INFO  net.NetworkTopology (NetworkTopologyImpl.java:add(111)) - Added a new node: /default-rack/8d399f50-bc32-4264-b3f5-d56cb7cc68f1
2019-10-10 21:38:03,935 [IPC Server handler 15 on 42361] INFO  node.SCMNodeManager (SCMNodeManager.java:register(268)) - Registered Data node : 8d399f50-bc32-4264-b3f5-d56cb7cc68f1{ip: 192.168.164.253, host: pr-hdds-2281-k4msp-1747625461, networkLocation: /default-rack, certSerialId: null}
2019-10-10 21:38:03,945 [grpc-default-executor-6] INFO  impl.RaftServerProxy (RaftServerProxy.java:addNew(89)) - 8d399f50-bc32-4264-b3f5-d56cb7cc68f1: addNew group-C5878406614E:[8d399f50-bc32-4264-b3f5-d56cb7cc68f1:192.168.164.253:33792] returns group-C5878406614E:java.util.concurrent.CompletableFuture@5610798d[Not completed]
2019-10-10 21:38:03,948 [pool-403-thread-1] INFO  impl.RaftServerImpl (RaftServerImpl.java:<init>(95)) - 8d399f50-bc32-4264-b3f5-d56cb7cc68f1: new RaftServerImpl for group-C5878406614E:[8d399f50-bc32-4264-b3f5-d56cb7cc68f1:192.168.164.253:33792] with ContainerStateMachine:uninitialized
2019-10-10 21:38:03,948 [pool-403-thread-1] INFO  server.RaftServerConfigKeys (ConfUtils.java:logGet(43)) - raft.server.rpc.timeout.min = 5s (custom)
2019-10-10 21:38:03,948 [pool-403-thread-1] INFO  server.RaftServerConfigKeys (ConfUtils.java:logGet(43)) - raft.server.rpc.timeout.max = 5200ms (custom)
2019-10-10 21:38:03,948 [pool-403-thread-1] INFO  server.RaftServerConfigKeys (ConfUtils.java:logGet(43)) - raft.server.rpcslowness.timeout = 120s (custom)
2019-10-10 21:38:03,948 [pool-403-thread-1] INFO  server.RaftServerConfigKeys (ConfUtils.java:logGet(43)) - raft.server.sleep.deviation.threshold = 300 (default)
2019-10-10 21:38:03,949 [pool-403-thread-1] INFO  server.RaftServerConfigKeys (ConfUtils.java:logGet(43)) - raft.server.log.appender.install.snapshot.enabled = false (custom)
2019-10-10 21:38:03,949 [pool-403-thread-1] INFO  impl.RaftServerImpl (ServerState.java:<init>(103)) - 8d399f50-bc32-4264-b3f5-d56cb7cc68f1@group-C5878406614E: ConfigurationManager, init=-1: [8d399f50-bc32-4264-b3f5-d56cb7cc68f1:192.168.164.253:33792], old=null, confs=<EMPTY_MAP>
2019-10-10 21:38:03,949 [pool-403-thread-1] INFO  server.RaftServerConfigKeys (ConfUtils.java:logGet(43)) - raft.server.storage.dir = [/workdir/hadoop-ozone/integration-test/target/test-dir/MiniOzoneClusterImpl-c01b9a90-bcb1-4e29-b08c-a5022a9cdd6b/datanode-2/data/ratis] (custom)
2019-10-10 21:38:03,949 [pool-403-thread-1] INFO  server.RaftServerConfigKeys (ConfUtils.java:logGet(43)) - raft.server.log.corruption.policy = EXCEPTION (default)
2019-10-10 21:38:03,950 [pool-403-thread-1] INFO  storage.RaftStorageDirectory (RaftStorageDirectory.java:analyzeStorage(246)) - The storage directory /workdir/hadoop-ozone/integration-test/target/test-dir/MiniOzoneClusterImpl-c01b9a90-bcb1-4e29-b08c-a5022a9cdd6b/datanode-2/data/ratis/25591f63-292d-4e6a-9213-c5878406614e does not exist. Creating ...
2019-10-10 21:38:03,972 [pool-403-thread-1] INFO  storage.RaftStorageDirectory (RaftStorageDirectory.java:tryLock(328)) - Lock on /workdir/hadoop-ozone/integration-test/target/test-dir/MiniOzoneClusterImpl-c01b9a90-bcb1-4e29-b08c-a5022a9cdd6b/datanode-2/data/ratis/25591f63-292d-4e6a-9213-c5878406614e/in_use.lock acquired by nodename 17759@pr-hdds-2281-k4msp-1747625461
2019-10-10 21:38:03,996 [pool-403-thread-1] INFO  storage.RaftStorage (RaftStorage.java:format(84)) - Storage directory /workdir/hadoop-ozone/integration-test/target/test-dir/MiniOzoneClusterImpl-c01b9a90-bcb1-4e29-b08c-a5022a9cdd6b/datanode-2/data/ratis/25591f63-292d-4e6a-9213-c5878406614e has been successfully formatted.
2019-10-10 21:38:03,996 [pool-403-thread-1] INFO  ratis.ContainerStateMachine (ContainerStateMachine.java:loadSnapshot(231)) - group-C5878406614E: The snapshot info is null. Setting the last applied indexto:(t:0, i:~)
2019-10-10 21:38:03,996 [pool-403-thread-1] INFO  server.RaftServerConfigKeys (ConfUtils.java:logGet(43)) - raft.server.notification.no-leader.timeout = 120s (custom)
2019-10-10 21:38:03,996 [pool-403-thread-1] INFO  server.RaftServerConfigKeys (ConfUtils.java:logGet(43)) - raft.server.log.use.memory = false (default)
2019-10-10 21:38:03,996 [pool-403-thread-1] INFO  server.RaftServerConfigKeys (ConfUtils.java:logGet(43)) - raft.server.log.purge.gap = 1000000 (custom)
2019-10-10 21:38:03,996 [pool-403-thread-1] INFO  server.RaftServerConfigKeys (ConfUtils.java:logGet(43)) - raft.server.log.appender.buffer.byte-limit = 33554432 (custom)
2019-10-10 21:38:03,997 [pool-403-thread-1] INFO  server.RaftServerConfigKeys (ConfUtils.java:logGet(43)) - raft.server.log.segment.size.max = 1048576 (custom)
2019-10-10 21:38:03,998 [pool-403-thread-1] INFO  server.RaftServerConfigKeys (ConfUtils.java:logGet(43)) - raft.server.log.segment.cache.num.max = 2 (custom)
2019-10-10 21:38:03,998 [pool-403-thread-1] INFO  segmented.SegmentedRaftLogWorker (SegmentedRaftLogWorker.java:<init>(173)) - new 8d399f50-bc32-4264-b3f5-d56cb7cc68f1@group-C5878406614E-SegmentedRaftLogWorker for RaftStorage:Storage Directory /workdir/hadoop-ozone/integration-test/target/test-dir/MiniOzoneClusterImpl-c01b9a90-bcb1-4e29-b08c-a5022a9cdd6b/datanode-2/data/ratis/25591f63-292d-4e6a-9213-c5878406614e
2019-10-10 21:38:03,999 [pool-403-thread-1] INFO  server.RaftServerConfigKeys (ConfUtils.java:logGet(43)) - raft.server.log.queue.byte-limit = 2147483647 (custom)
2019-10-10 21:38:03,999 [pool-403-thread-1] INFO  server.RaftServerConfigKeys (ConfUtils.java:logGet(43)) - raft.server.log.queue.element-limit = 1024 (custom)
2019-10-10 21:38:03,999 [pool-403-thread-1] INFO  server.RaftServerConfigKeys (ConfUtils.java:logGet(43)) - raft.server.log.segment.size.max = 1048576 (custom)
2019-10-10 21:38:03,999 [pool-403-thread-1] INFO  server.RaftServerConfigKeys (ConfUtils.java:logGet(43)) - raft.server.log.preallocated.size = 16384 (custom)
2019-10-10 21:38:03,999 [pool-403-thread-1] INFO  server.RaftServerConfigKeys (ConfUtils.java:logGet(43)) - raft.server.log.write.buffer.size = 33554432 (custom)
2019-10-10 21:38:03,999 [pool-403-thread-1] INFO  server.RaftServerConfigKeys (ConfUtils.java:logGet(43)) - raft.server.log.force.sync.num = 128 (default)
2019-10-10 21:38:03,999 [pool-403-thread-1] INFO  server.RaftServerConfigKeys (ConfUtils.java:logGet(43)) - raft.server.log.statemachine.data.sync = true (default)
2019-10-10 21:38:03,999 [pool-403-thread-1] INFO  server.RaftServerConfigKeys (ConfUtils.java:logGet(43)) - raft.server.log.statemachine.data.sync.timeout = 10s (default)
2019-10-10 21:38:03,999 [pool-403-thread-1] INFO  server.RaftServerConfigKeys (ConfUtils.java:logGet(43)) - raft.server.log.statemachine.data.sync.timeout.retry = -1 (default)
2019-10-10 21:38:04,000 [pool-403-thread-1] INFO  server.RaftServerConfigKeys (ConfUtils.java:logGet(43)) - raft.server.log.statemachine.data.caching.enabled = true (custom)
2019-10-10 21:38:04,000 [pool-403-thread-1] INFO  segmented.SegmentedRaftLogWorker (SegmentedRaftLogWorker.java:lambda$new$0(128)) - 8d399f50-bc32-4264-b3f5-d56cb7cc68f1@group-C5878406614E-SegmentedRaftLogWorker: flushIndex: setUnconditionally 0 -> -1
2019-10-10 21:38:04,000 [pool-403-thread-1] INFO  server.RaftServerConfigKeys (ConfUtils.java:logGet(43)) - raft.server.snapshot.auto.trigger.enabled = true (custom)
2019-10-10 21:38:04,000 [pool-403-thread-1] INFO  server.RaftServerConfigKeys (ConfUtils.java:logGet(43)) - raft.server.snapshot.auto.trigger.threshold = 10000 (custom)
2019-10-10 21:38:04,000 [pool-403-thread-1] INFO  server.RaftServerConfigKeys (ConfUtils.java:logGet(43)) - raft.server.snapshot.retention.file.num = 5 (custom)
2019-10-10 21:38:04,001 [pool-403-thread-1] INFO  server.RaftServerConfigKeys (ConfUtils.java:logGet(43)) - raft.server.retrycache.expirytime = 600000ms (custom)
2019-10-10 21:38:04,002 [pool-403-thread-1] INFO  impl.RaftServerImpl (RaftServerImpl.java:start(181)) - 8d399f50-bc32-4264-b3f5-d56cb7cc68f1@group-C5878406614E: start as a follower, conf=-1: [8d399f50-bc32-4264-b3f5-d56cb7cc68f1:192.168.164.253:33792], old=null
2019-10-10 21:38:04,002 [pool-403-thread-1] INFO  impl.RaftServerImpl (RaftServerImpl.java:setRole(170)) - 8d399f50-bc32-4264-b3f5-d56cb7cc68f1@group-C5878406614E: changes role from      null to FOLLOWER at term 0 for startAsFollower
2019-10-10 21:38:04,002 [pool-403-thread-1] INFO  impl.RoleInfo (RoleInfo.java:updateAndGet(143)) - 8d399f50-bc32-4264-b3f5-d56cb7cc68f1: start FollowerState
2019-10-10 21:38:04,003 [pool-403-thread-1] INFO  util.JmxRegister (JmxRegister.java:tryRegister(44)) - Successfully registered JMX Bean with object name Ratis:service=RaftServer,group=group-C5878406614E,id=8d399f50-bc32-4264-b3f5-d56cb7cc68f1
2019-10-10 21:38:04,006 [RatisPipelineUtilsThread] INFO  pipeline.PipelineStateManager (PipelineStateManager.java:addPipeline(56)) - Created pipeline Pipeline[ Id: 25591f63-292d-4e6a-9213-c5878406614e, Nodes: 8d399f50-bc32-4264-b3f5-d56cb7cc68f1{ip: 192.168.164.253, host: pr-hdds-2281-k4msp-1747625461, networkLocation: /default-rack, certSerialId: null}, Type:RATIS, Factor:ONE, State:OPEN]
2019-10-10 21:38:04,028 [IPC Server handler 14 on 42361] INFO  net.NetworkTopology (NetworkTopologyImpl.java:add(111)) - Added a new node: /default-rack/5de4fd98-088a-4136-9385-3639a2af1cfb
2019-10-10 21:38:04,029 [IPC Server handler 14 on 42361] INFO  node.SCMNodeManager (SCMNodeManager.java:register(268)) - Registered Data node : 5de4fd98-088a-4136-9385-3639a2af1cfb{ip: 192.168.164.253, host: pr-hdds-2281-k4msp-1747625461, networkLocation: /default-rack, certSerialId: null}
2019-10-10 21:38:04,029 [grpc-default-executor-2] INFO  impl.RaftServerProxy (RaftServerProxy.java:addNew(89)) - 2e853c8f-06d9-4a3a-9697-1c4a2c6aedee: addNew group-1B887E67CAC0:[8d399f50-bc32-4264-b3f5-d56cb7cc68f1:192.168.164.253:33792, 2e853c8f-06d9-4a3a-9697-1c4a2c6aedee:192.168.164.253:45395, 7c76edd3-534d-42a4-a058-1ba6e617fc38:192.168.164.253:36800] returns group-1B887E67CAC0:java.util.concurrent.CompletableFuture@665208df[Not completed]
2019-10-10 21:38:04,029 [grpc-default-executor-6] INFO  impl.RaftServerProxy (RaftServerProxy.java:addNew(89)) - 8d399f50-bc32-4264-b3f5-d56cb7cc68f1: addNew group-1B887E67CAC0:[8d399f50-bc32-4264-b3f5-d56cb7cc68f1:192.168.164.253:33792, 2e853c8f-06d9-4a3a-9697-1c4a2c6aedee:192.168.164.253:45395, 7c76edd3-534d-42a4-a058-1ba6e617fc38:192.168.164.253:36800] returns group-1B887E67CAC0:java.util.concurrent.CompletableFuture@6dd685c2[Not completed]
2019-10-10 21:38:04,030 [grpc-default-executor-2] INFO  impl.RaftServerProxy (RaftServerProxy.java:addNew(89)) - 7c76edd3-534d-42a4-a058-1ba6e617fc38: addNew group-1B887E67CAC0:[8d399f50-bc32-4264-b3f5-d56cb7cc68f1:192.168.164.253:33792, 2e853c8f-06d9-4a3a-9697-1c4a2c6aedee:192.168.164.253:45395, 7c76edd3-534d-42a4-a058-1ba6e617fc38:192.168.164.253:36800] returns group-1B887E67CAC0:java.util.concurrent.CompletableFuture@401da455[Not completed]
2019-10-10 21:38:04,030 [pool-383-thread-1] INFO  impl.RaftServerImpl (RaftServerImpl.java:<init>(95)) - 2e853c8f-06d9-4a3a-9697-1c4a2c6aedee: new RaftServerImpl for group-1B887E67CAC0:[8d399f50-bc32-4264-b3f5-d56cb7cc68f1:192.168.164.253:33792, 2e853c8f-06d9-4a3a-9697-1c4a2c6aedee:192.168.164.253:45395, 7c76edd3-534d-42a4-a058-1ba6e617fc38:192.168.164.253:36800] with ContainerStateMachine:uninitialized
2019-10-10 21:38:04,030 [pool-383-thread-1] INFO  server.RaftServerConfigKeys (ConfUtils.java:logGet(43)) - raft.server.rpc.timeout.min = 5s (custom)
2019-10-10 21:38:04,030 [pool-383-thread-1] INFO  server.RaftServerConfigKeys (ConfUtils.java:logGet(43)) - raft.server.rpc.timeout.max = 5200ms (custom)
2019-10-10 21:38:04,031 [pool-383-thread-1] INFO  server.RaftServerConfigKeys (ConfUtils.java:logGet(43)) - raft.server.rpcslowness.timeout = 120s (custom)
2019-10-10 21:38:04,031 [pool-383-thread-1] INFO  server.RaftServerConfigKeys (ConfUtils.java:logGet(43)) - raft.server.sleep.deviation.threshold = 300 (default)
2019-10-10 21:38:04,031 [pool-403-thread-1] INFO  impl.RaftServerImpl (RaftServerImpl.java:<init>(95)) - 8d399f50-bc32-4264-b3f5-d56cb7cc68f1: new RaftServerImpl for group-1B887E67CAC0:[8d399f50-bc32-4264-b3f5-d56cb7cc68f1:192.168.164.253:33792, 2e853c8f-06d9-4a3a-9697-1c4a2c6aedee:192.168.164.253:45395, 7c76edd3-534d-42a4-a058-1ba6e617fc38:192.168.164.253:36800] with ContainerStateMachine:uninitialized
2019-10-10 21:38:04,031 [pool-383-thread-1] INFO  server.RaftServerConfigKeys (ConfUtils.java:logGet(43)) - raft.server.log.appender.install.snapshot.enabled = false (custom)
2019-10-10 21:38:04,031 [pool-403-thread-1] INFO  server.RaftServerConfigKeys (ConfUtils.java:logGet(43)) - raft.server.rpc.timeout.min = 5s (custom)
2019-10-10 21:38:04,031 [pool-383-thread-1] INFO  impl.RaftServerImpl (ServerState.java:<init>(103)) - 2e853c8f-06d9-4a3a-9697-1c4a2c6aedee@group-1B887E67CAC0: ConfigurationManager, init=-1: [8d399f50-bc32-4264-b3f5-d56cb7cc68f1:192.168.164.253:33792, 2e853c8f-06d9-4a3a-9697-1c4a2c6aedee:192.168.164.253:45395, 7c76edd3-534d-42a4-a058-1ba6e617fc38:192.168.164.253:36800], old=null, confs=<EMPTY_MAP>
2019-10-10 21:38:04,031 [pool-403-thread-1] INFO  server.RaftServerConfigKeys (ConfUtils.java:logGet(43)) - raft.server.rpc.timeout.max = 5200ms (custom)
2019-10-10 21:38:04,031 [pool-383-thread-1] INFO  server.RaftServerConfigKeys (ConfUtils.java:logGet(43)) - raft.server.storage.dir = [/workdir/hadoop-ozone/integration-test/target/test-dir/MiniOzoneClusterImpl-c01b9a90-bcb1-4e29-b08c-a5022a9cdd6b/datanode-0/data/ratis] (custom)
2019-10-10 21:38:04,031 [pool-403-thread-1] INFO  server.RaftServerConfigKeys (ConfUtils.java:logGet(43)) - raft.server.rpcslowness.timeout = 120s (custom)
2019-10-10 21:38:04,031 [pool-403-thread-1] INFO  server.RaftServerConfigKeys (ConfUtils.java:logGet(43)) - raft.server.sleep.deviation.threshold = 300 (default)
2019-10-10 21:38:04,032 [pool-383-thread-1] INFO  server.RaftServerConfigKeys (ConfUtils.java:logGet(43)) - raft.server.log.corruption.policy = EXCEPTION (default)
2019-10-10 21:38:04,032 [pool-403-thread-1] INFO  server.RaftServerConfigKeys (ConfUtils.java:logGet(43)) - raft.server.log.appender.install.snapshot.enabled = false (custom)
2019-10-10 21:38:04,032 [pool-383-thread-1] INFO  storage.RaftStorageDirectory (RaftStorageDirectory.java:analyzeStorage(246)) - The storage directory /workdir/hadoop-ozone/integration-test/target/test-dir/MiniOzoneClusterImpl-c01b9a90-bcb1-4e29-b08c-a5022a9cdd6b/datanode-0/data/ratis/99879a59-afab-4b81-a5d7-1b887e67cac0 does not exist. Creating ...
2019-10-10 21:38:04,032 [pool-393-thread-1] INFO  impl.RaftServerImpl (RaftServerImpl.java:<init>(95)) - 7c76edd3-534d-42a4-a058-1ba6e617fc38: new RaftServerImpl for group-1B887E67CAC0:[8d399f50-bc32-4264-b3f5-d56cb7cc68f1:192.168.164.253:33792, 2e853c8f-06d9-4a3a-9697-1c4a2c6aedee:192.168.164.253:45395, 7c76edd3-534d-42a4-a058-1ba6e617fc38:192.168.164.253:36800] with ContainerStateMachine:uninitialized
2019-10-10 21:38:04,032 [pool-403-thread-1] INFO  impl.RaftServerImpl (ServerState.java:<init>(103)) - 8d399f50-bc32-4264-b3f5-d56cb7cc68f1@group-1B887E67CAC0: ConfigurationManager, init=-1: [8d399f50-bc32-4264-b3f5-d56cb7cc68f1:192.168.164.253:33792, 2e853c8f-06d9-4a3a-9697-1c4a2c6aedee:192.168.164.253:45395, 7c76edd3-534d-42a4-a058-1ba6e617fc38:192.168.164.253:36800], old=null, confs=<EMPTY_MAP>
2019-10-10 21:38:04,032 [pool-393-thread-1] INFO  server.RaftServerConfigKeys (ConfUtils.java:logGet(43)) - raft.server.rpc.timeout.min = 5s (custom)
2019-10-10 21:38:04,032 [pool-403-thread-1] INFO  server.RaftServerConfigKeys (ConfUtils.java:logGet(43)) - raft.server.storage.dir = [/workdir/hadoop-ozone/integration-test/target/test-dir/MiniOzoneClusterImpl-c01b9a90-bcb1-4e29-b08c-a5022a9cdd6b/datanode-2/data/ratis] (custom)
2019-10-10 21:38:04,032 [pool-393-thread-1] INFO  server.RaftServerConfigKeys (ConfUtils.java:logGet(43)) - raft.server.rpc.timeout.max = 5200ms (custom)
2019-10-10 21:38:04,032 [pool-393-thread-1] INFO  server.RaftServerConfigKeys (ConfUtils.java:logGet(43)) - raft.server.rpcslowness.timeout = 120s (custom)
2019-10-10 21:38:04,032 [pool-403-thread-1] INFO  server.RaftServerConfigKeys (ConfUtils.java:logGet(43)) - raft.server.log.corruption.policy = EXCEPTION (default)
2019-10-10 21:38:04,032 [pool-393-thread-1] INFO  server.RaftServerConfigKeys (ConfUtils.java:logGet(43)) - raft.server.sleep.deviation.threshold = 300 (default)
2019-10-10 21:38:04,033 [pool-403-thread-1] INFO  storage.RaftStorageDirectory (RaftStorageDirectory.java:analyzeStorage(246)) - The storage directory /workdir/hadoop-ozone/integration-test/target/test-dir/MiniOzoneClusterImpl-c01b9a90-bcb1-4e29-b08c-a5022a9cdd6b/datanode-2/data/ratis/99879a59-afab-4b81-a5d7-1b887e67cac0 does not exist. Creating ...
2019-10-10 21:38:04,033 [pool-393-thread-1] INFO  server.RaftServerConfigKeys (ConfUtils.java:logGet(43)) - raft.server.log.appender.install.snapshot.enabled = false (custom)
2019-10-10 21:38:04,033 [pool-393-thread-1] INFO  impl.RaftServerImpl (ServerState.java:<init>(103)) - 7c76edd3-534d-42a4-a058-1ba6e617fc38@group-1B887E67CAC0: ConfigurationManager, init=-1: [8d399f50-bc32-4264-b3f5-d56cb7cc68f1:192.168.164.253:33792, 2e853c8f-06d9-4a3a-9697-1c4a2c6aedee:192.168.164.253:45395, 7c76edd3-534d-42a4-a058-1ba6e617fc38:192.168.164.253:36800], old=null, confs=<EMPTY_MAP>
2019-10-10 21:38:04,033 [pool-393-thread-1] INFO  server.RaftServerConfigKeys (ConfUtils.java:logGet(43)) - raft.server.storage.dir = [/workdir/hadoop-ozone/integration-test/target/test-dir/MiniOzoneClusterImpl-c01b9a90-bcb1-4e29-b08c-a5022a9cdd6b/datanode-1/data/ratis] (custom)
2019-10-10 21:38:04,033 [pool-393-thread-1] INFO  server.RaftServerConfigKeys (ConfUtils.java:logGet(43)) - raft.server.log.corruption.policy = EXCEPTION (default)
2019-10-10 21:38:04,033 [pool-393-thread-1] INFO  storage.RaftStorageDirectory (RaftStorageDirectory.java:analyzeStorage(246)) - The storage directory /workdir/hadoop-ozone/integration-test/target/test-dir/MiniOzoneClusterImpl-c01b9a90-bcb1-4e29-b08c-a5022a9cdd6b/datanode-1/data/ratis/99879a59-afab-4b81-a5d7-1b887e67cac0 does not exist. Creating ...
2019-10-10 21:38:04,054 [pool-403-thread-1] INFO  storage.RaftStorageDirectory (RaftStorageDirectory.java:tryLock(328)) - Lock on /workdir/hadoop-ozone/integration-test/target/test-dir/MiniOzoneClusterImpl-c01b9a90-bcb1-4e29-b08c-a5022a9cdd6b/datanode-2/data/ratis/99879a59-afab-4b81-a5d7-1b887e67cac0/in_use.lock acquired by nodename 17759@pr-hdds-2281-k4msp-1747625461
2019-10-10 21:38:04,054 [pool-393-thread-1] INFO  storage.RaftStorageDirectory (RaftStorageDirectory.java:tryLock(328)) - Lock on /workdir/hadoop-ozone/integration-test/target/test-dir/MiniOzoneClusterImpl-c01b9a90-bcb1-4e29-b08c-a5022a9cdd6b/datanode-1/data/ratis/99879a59-afab-4b81-a5d7-1b887e67cac0/in_use.lock acquired by nodename 17759@pr-hdds-2281-k4msp-1747625461
2019-10-10 21:38:04,054 [pool-383-thread-1] INFO  storage.RaftStorageDirectory (RaftStorageDirectory.java:tryLock(328)) - Lock on /workdir/hadoop-ozone/integration-test/target/test-dir/MiniOzoneClusterImpl-c01b9a90-bcb1-4e29-b08c-a5022a9cdd6b/datanode-0/data/ratis/99879a59-afab-4b81-a5d7-1b887e67cac0/in_use.lock acquired by nodename 17759@pr-hdds-2281-k4msp-1747625461
2019-10-10 21:38:04,078 [pool-403-thread-1] INFO  storage.RaftStorage (RaftStorage.java:format(84)) - Storage directory /workdir/hadoop-ozone/integration-test/target/test-dir/MiniOzoneClusterImpl-c01b9a90-bcb1-4e29-b08c-a5022a9cdd6b/datanode-2/data/ratis/99879a59-afab-4b81-a5d7-1b887e67cac0 has been successfully formatted.
2019-10-10 21:38:04,078 [pool-393-thread-1] INFO  storage.RaftStorage (RaftStorage.java:format(84)) - Storage directory /workdir/hadoop-ozone/integration-test/target/test-dir/MiniOzoneClusterImpl-c01b9a90-bcb1-4e29-b08c-a5022a9cdd6b/datanode-1/data/ratis/99879a59-afab-4b81-a5d7-1b887e67cac0 has been successfully formatted.
2019-10-10 21:38:04,078 [pool-383-thread-1] INFO  storage.RaftStorage (RaftStorage.java:format(84)) - Storage directory /workdir/hadoop-ozone/integration-test/target/test-dir/MiniOzoneClusterImpl-c01b9a90-bcb1-4e29-b08c-a5022a9cdd6b/datanode-0/data/ratis/99879a59-afab-4b81-a5d7-1b887e67cac0 has been successfully formatted.
2019-10-10 21:38:04,078 [pool-403-thread-1] INFO  ratis.ContainerStateMachine (ContainerStateMachine.java:loadSnapshot(231)) - group-1B887E67CAC0: The snapshot info is null. Setting the last applied indexto:(t:0, i:~)
2019-10-10 21:38:04,078 [pool-393-thread-1] INFO  ratis.ContainerStateMachine (ContainerStateMachine.java:loadSnapshot(231)) - group-1B887E67CAC0: The snapshot info is null. Setting the last applied indexto:(t:0, i:~)
2019-10-10 21:38:04,078 [pool-383-thread-1] INFO  ratis.ContainerStateMachine (ContainerStateMachine.java:loadSnapshot(231)) - group-1B887E67CAC0: The snapshot info is null. Setting the last applied indexto:(t:0, i:~)
2019-10-10 21:38:04,078 [pool-403-thread-1] INFO  server.RaftServerConfigKeys (ConfUtils.java:logGet(43)) - raft.server.notification.no-leader.timeout = 120s (custom)
2019-10-10 21:38:04,079 [pool-383-thread-1] INFO  server.RaftServerConfigKeys (ConfUtils.java:logGet(43)) - raft.server.notification.no-leader.timeout = 120s (custom)
2019-10-10 21:38:04,079 [pool-393-thread-1] INFO  server.RaftServerConfigKeys (ConfUtils.java:logGet(43)) - raft.server.notification.no-leader.timeout = 120s (custom)
2019-10-10 21:38:04,079 [pool-383-thread-1] INFO  server.RaftServerConfigKeys (ConfUtils.java:logGet(43)) - raft.server.log.use.memory = false (default)
2019-10-10 21:38:04,079 [pool-403-thread-1] INFO  server.RaftServerConfigKeys (ConfUtils.java:logGet(43)) - raft.server.log.use.memory = false (default)
2019-10-10 21:38:04,079 [pool-383-thread-1] INFO  server.RaftServerConfigKeys (ConfUtils.java:logGet(43)) - raft.server.log.purge.gap = 1000000 (custom)
2019-10-10 21:38:04,079 [pool-393-thread-1] INFO  server.RaftServerConfigKeys (ConfUtils.java:logGet(43)) - raft.server.log.use.memory = false (default)
2019-10-10 21:38:04,080 [pool-383-thread-1] INFO  server.RaftServerConfigKeys (ConfUtils.java:logGet(43)) - raft.server.log.appender.buffer.byte-limit = 33554432 (custom)
2019-10-10 21:38:04,079 [pool-403-thread-1] INFO  server.RaftServerConfigKeys (ConfUtils.java:logGet(43)) - raft.server.log.purge.gap = 1000000 (custom)
2019-10-10 21:38:04,080 [pool-383-thread-1] INFO  server.RaftServerConfigKeys (ConfUtils.java:logGet(43)) - raft.server.log.segment.size.max = 1048576 (custom)
2019-10-10 21:38:04,080 [pool-393-thread-1] INFO  server.RaftServerConfigKeys (ConfUtils.java:logGet(43)) - raft.server.log.purge.gap = 1000000 (custom)
2019-10-10 21:38:04,080 [pool-383-thread-1] INFO  server.RaftServerConfigKeys (ConfUtils.java:logGet(43)) - raft.server.log.segment.cache.num.max = 2 (custom)
2019-10-10 21:38:04,080 [pool-403-thread-1] INFO  server.RaftServerConfigKeys (ConfUtils.java:logGet(43)) - raft.server.log.appender.buffer.byte-limit = 33554432 (custom)
2019-10-10 21:38:04,081 [pool-383-thread-1] INFO  segmented.SegmentedRaftLogWorker (SegmentedRaftLogWorker.java:<init>(173)) - new 2e853c8f-06d9-4a3a-9697-1c4a2c6aedee@group-1B887E67CAC0-SegmentedRaftLogWorker for RaftStorage:Storage Directory /workdir/hadoop-ozone/integration-test/target/test-dir/MiniOzoneClusterImpl-c01b9a90-bcb1-4e29-b08c-a5022a9cdd6b/datanode-0/data/ratis/99879a59-afab-4b81-a5d7-1b887e67cac0
2019-10-10 21:38:04,080 [pool-393-thread-1] INFO  server.RaftServerConfigKeys (ConfUtils.java:logGet(43)) - raft.server.log.appender.buffer.byte-limit = 33554432 (custom)
2019-10-10 21:38:04,081 [pool-383-thread-1] INFO  server.RaftServerConfigKeys (ConfUtils.java:logGet(43)) - raft.server.log.queue.byte-limit = 2147483647 (custom)
2019-10-10 21:38:04,081 [pool-403-thread-1] INFO  server.RaftServerConfigKeys (ConfUtils.java:logGet(43)) - raft.server.log.segment.size.max = 1048576 (custom)
2019-10-10 21:38:04,081 [pool-383-thread-1] INFO  server.RaftServerConfigKeys (ConfUtils.java:logGet(43)) - raft.server.log.queue.element-limit = 1024 (custom)
2019-10-10 21:38:04,081 [pool-393-thread-1] INFO  server.RaftServerConfigKeys (ConfUtils.java:logGet(43)) - raft.server.log.segment.size.max = 1048576 (custom)
2019-10-10 21:38:04,082 [pool-383-thread-1] INFO  server.RaftServerConfigKeys (ConfUtils.java:logGet(43)) - raft.server.log.segment.size.max = 1048576 (custom)
2019-10-10 21:38:04,081 [pool-403-thread-1] INFO  server.RaftServerConfigKeys (ConfUtils.java:logGet(43)) - raft.server.log.segment.cache.num.max = 2 (custom)
2019-10-10 21:38:04,082 [pool-383-thread-1] INFO  server.RaftServerConfigKeys (ConfUtils.java:logGet(43)) - raft.server.log.preallocated.size = 16384 (custom)
2019-10-10 21:38:04,082 [pool-393-thread-1] INFO  server.RaftServerConfigKeys (ConfUtils.java:logGet(43)) - raft.server.log.segment.cache.num.max = 2 (custom)
2019-10-10 21:38:04,082 [pool-383-thread-1] INFO  server.RaftServerConfigKeys (ConfUtils.java:logGet(43)) - raft.server.log.write.buffer.size = 33554432 (custom)
2019-10-10 21:38:04,082 [pool-403-thread-1] INFO  segmented.SegmentedRaftLogWorker (SegmentedRaftLogWorker.java:<init>(173)) - new 8d399f50-bc32-4264-b3f5-d56cb7cc68f1@group-1B887E67CAC0-SegmentedRaftLogWorker for RaftStorage:Storage Directory /workdir/hadoop-ozone/integration-test/target/test-dir/MiniOzoneClusterImpl-c01b9a90-bcb1-4e29-b08c-a5022a9cdd6b/datanode-2/data/ratis/99879a59-afab-4b81-a5d7-1b887e67cac0
2019-10-10 21:38:04,082 [pool-383-thread-1] INFO  server.RaftServerConfigKeys (ConfUtils.java:logGet(43)) - raft.server.log.force.sync.num = 128 (default)
2019-10-10 21:38:04,082 [pool-393-thread-1] INFO  segmented.SegmentedRaftLogWorker (SegmentedRaftLogWorker.java:<init>(173)) - new 7c76edd3-534d-42a4-a058-1ba6e617fc38@group-1B887E67CAC0-SegmentedRaftLogWorker for RaftStorage:Storage Directory /workdir/hadoop-ozone/integration-test/target/test-dir/MiniOzoneClusterImpl-c01b9a90-bcb1-4e29-b08c-a5022a9cdd6b/datanode-1/data/ratis/99879a59-afab-4b81-a5d7-1b887e67cac0
2019-10-10 21:38:04,083 [pool-383-thread-1] INFO  server.RaftServerConfigKeys (ConfUtils.java:logGet(43)) - raft.server.log.statemachine.data.sync = true (default)
2019-10-10 21:38:04,083 [pool-403-thread-1] INFO  server.RaftServerConfigKeys (ConfUtils.java:logGet(43)) - raft.server.log.queue.byte-limit = 2147483647 (custom)
2019-10-10 21:38:04,083 [pool-383-thread-1] INFO  server.RaftServerConfigKeys (ConfUtils.java:logGet(43)) - raft.server.log.statemachine.data.sync.timeout = 10s (default)
2019-10-10 21:38:04,083 [pool-393-thread-1] INFO  server.RaftServerConfigKeys (ConfUtils.java:logGet(43)) - raft.server.log.queue.byte-limit = 2147483647 (custom)
2019-10-10 21:38:04,083 [pool-383-thread-1] INFO  server.RaftServerConfigKeys (ConfUtils.java:logGet(43)) - raft.server.log.statemachine.data.sync.timeout.retry = -1 (default)
2019-10-10 21:38:04,083 [pool-403-thread-1] INFO  server.RaftServerConfigKeys (ConfUtils.java:logGet(43)) - raft.server.log.queue.element-limit = 1024 (custom)
2019-10-10 21:38:04,083 [pool-393-thread-1] INFO  server.RaftServerConfigKeys (ConfUtils.java:logGet(43)) - raft.server.log.queue.element-limit = 1024 (custom)
2019-10-10 21:38:04,084 [pool-403-thread-1] INFO  server.RaftServerConfigKeys (ConfUtils.java:logGet(43)) - raft.server.log.segment.size.max = 1048576 (custom)
2019-10-10 21:38:04,084 [pool-383-thread-1] INFO  server.RaftServerConfigKeys (ConfUtils.java:logGet(43)) - raft.server.log.statemachine.data.caching.enabled = true (custom)
2019-10-10 21:38:04,084 [pool-403-thread-1] INFO  server.RaftServerConfigKeys (ConfUtils.java:logGet(43)) - raft.server.log.preallocated.size = 16384 (custom)
2019-10-10 21:38:04,084 [pool-393-thread-1] INFO  server.RaftServerConfigKeys (ConfUtils.java:logGet(43)) - raft.server.log.segment.size.max = 1048576 (custom)
2019-10-10 21:38:04,084 [pool-383-thread-1] INFO  segmented.SegmentedRaftLogWorker (SegmentedRaftLogWorker.java:lambda$new$0(128)) - 2e853c8f-06d9-4a3a-9697-1c4a2c6aedee@group-1B887E67CAC0-SegmentedRaftLogWorker: flushIndex: setUnconditionally 0 -> -1
2019-10-10 21:38:04,084 [pool-403-thread-1] INFO  server.RaftServerConfigKeys (ConfUtils.java:logGet(43)) - raft.server.log.write.buffer.size = 33554432 (custom)
2019-10-10 21:38:04,084 [pool-393-thread-1] INFO  server.RaftServerConfigKeys (ConfUtils.java:logGet(43)) - raft.server.log.preallocated.size = 16384 (custom)
2019-10-10 21:38:04,085 [pool-383-thread-1] INFO  server.RaftServerConfigKeys (ConfUtils.java:logGet(43)) - raft.server.snapshot.auto.trigger.enabled = true (custom)
2019-10-10 21:38:04,085 [pool-403-thread-1] INFO  server.RaftServerConfigKeys (ConfUtils.java:logGet(43)) - raft.server.log.force.sync.num = 128 (default)
2019-10-10 21:38:04,085 [pool-383-thread-1] INFO  server.RaftServerConfigKeys (ConfUtils.java:logGet(43)) - raft.server.snapshot.auto.trigger.threshold = 10000 (custom)
2019-10-10 21:38:04,085 [pool-393-thread-1] INFO  server.RaftServerConfigKeys (ConfUtils.java:logGet(43)) - raft.server.log.write.buffer.size = 33554432 (custom)
2019-10-10 21:38:04,085 [pool-383-thread-1] INFO  server.RaftServerConfigKeys (ConfUtils.java:logGet(43)) - raft.server.snapshot.retention.file.num = 5 (custom)
2019-10-10 21:38:04,085 [pool-403-thread-1] INFO  server.RaftServerConfigKeys (ConfUtils.java:logGet(43)) - raft.server.log.statemachine.data.sync = true (default)
2019-10-10 21:38:04,086 [pool-383-thread-1] INFO  server.RaftServerConfigKeys (ConfUtils.java:logGet(43)) - raft.server.retrycache.expirytime = 600000ms (custom)
2019-10-10 21:38:04,086 [pool-393-thread-1] INFO  server.RaftServerConfigKeys (ConfUtils.java:logGet(43)) - raft.server.log.force.sync.num = 128 (default)
2019-10-10 21:38:04,086 [pool-393-thread-1] INFO  server.RaftServerConfigKeys (ConfUtils.java:logGet(43)) - raft.server.log.statemachine.data.sync = true (default)
2019-10-10 21:38:04,086 [pool-403-thread-1] INFO  server.RaftServerConfigKeys (ConfUtils.java:logGet(43)) - raft.server.log.statemachine.data.sync.timeout = 10s (default)
2019-10-10 21:38:04,086 [pool-393-thread-1] INFO  server.RaftServerConfigKeys (ConfUtils.java:logGet(43)) - raft.server.log.statemachine.data.sync.timeout = 10s (default)
2019-10-10 21:38:04,086 [pool-403-thread-1] INFO  server.RaftServerConfigKeys (ConfUtils.java:logGet(43)) - raft.server.log.statemachine.data.sync.timeout.retry = -1 (default)
2019-10-10 21:38:04,087 [pool-393-thread-1] INFO  server.RaftServerConfigKeys (ConfUtils.java:logGet(43)) - raft.server.log.statemachine.data.sync.timeout.retry = -1 (default)
2019-10-10 21:38:04,087 [pool-403-thread-1] INFO  server.RaftServerConfigKeys (ConfUtils.java:logGet(43)) - raft.server.log.statemachine.data.caching.enabled = true (custom)
2019-10-10 21:38:04,087 [pool-393-thread-1] INFO  server.RaftServerConfigKeys (ConfUtils.java:logGet(43)) - raft.server.log.statemachine.data.caching.enabled = true (custom)
2019-10-10 21:38:04,087 [pool-403-thread-1] INFO  segmented.SegmentedRaftLogWorker (SegmentedRaftLogWorker.java:lambda$new$0(128)) - 8d399f50-bc32-4264-b3f5-d56cb7cc68f1@group-1B887E67CAC0-SegmentedRaftLogWorker: flushIndex: setUnconditionally 0 -> -1
2019-10-10 21:38:04,087 [pool-403-thread-1] INFO  server.RaftServerConfigKeys (ConfUtils.java:logGet(43)) - raft.server.snapshot.auto.trigger.enabled = true (custom)
2019-10-10 21:38:04,087 [pool-403-thread-1] INFO  server.RaftServerConfigKeys (ConfUtils.java:logGet(43)) - raft.server.snapshot.auto.trigger.threshold = 10000 (custom)
2019-10-10 21:38:04,088 [pool-403-thread-1] INFO  server.RaftServerConfigKeys (ConfUtils.java:logGet(43)) - raft.server.snapshot.retention.file.num = 5 (custom)
2019-10-10 21:38:04,088 [pool-403-thread-1] INFO  server.RaftServerConfigKeys (ConfUtils.java:logGet(43)) - raft.server.retrycache.expirytime = 600000ms (custom)
2019-10-10 21:38:04,088 [pool-393-thread-1] INFO  segmented.SegmentedRaftLogWorker (SegmentedRaftLogWorker.java:lambda$new$0(128)) - 7c76edd3-534d-42a4-a058-1ba6e617fc38@group-1B887E67CAC0-SegmentedRaftLogWorker: flushIndex: setUnconditionally 0 -> -1
2019-10-10 21:38:04,088 [pool-383-thread-1] INFO  impl.RaftServerImpl (RaftServerImpl.java:start(181)) - 2e853c8f-06d9-4a3a-9697-1c4a2c6aedee@group-1B887E67CAC0: start as a follower, conf=-1: [8d399f50-bc32-4264-b3f5-d56cb7cc68f1:192.168.164.253:33792, 2e853c8f-06d9-4a3a-9697-1c4a2c6aedee:192.168.164.253:45395, 7c76edd3-534d-42a4-a058-1ba6e617fc38:192.168.164.253:36800], old=null
2019-10-10 21:38:04,089 [pool-383-thread-1] INFO  impl.RaftServerImpl (RaftServerImpl.java:setRole(170)) - 2e853c8f-06d9-4a3a-9697-1c4a2c6aedee@group-1B887E67CAC0: changes role from      null to FOLLOWER at term 0 for startAsFollower
2019-10-10 21:38:04,089 [pool-393-thread-1] INFO  server.RaftServerConfigKeys (ConfUtils.java:logGet(43)) - raft.server.snapshot.auto.trigger.enabled = true (custom)
2019-10-10 21:38:04,089 [pool-383-thread-1] INFO  impl.RoleInfo (RoleInfo.java:updateAndGet(143)) - 2e853c8f-06d9-4a3a-9697-1c4a2c6aedee: start FollowerState
2019-10-10 21:38:04,089 [pool-403-thread-1] INFO  impl.RaftServerImpl (RaftServerImpl.java:start(181)) - 8d399f50-bc32-4264-b3f5-d56cb7cc68f1@group-1B887E67CAC0: start as a follower, conf=-1: [8d399f50-bc32-4264-b3f5-d56cb7cc68f1:192.168.164.253:33792, 2e853c8f-06d9-4a3a-9697-1c4a2c6aedee:192.168.164.253:45395, 7c76edd3-534d-42a4-a058-1ba6e617fc38:192.168.164.253:36800], old=null
2019-10-10 21:38:04,089 [pool-393-thread-1] INFO  server.RaftServerConfigKeys (ConfUtils.java:logGet(43)) - raft.server.snapshot.auto.trigger.threshold = 10000 (custom)
2019-10-10 21:38:04,089 [pool-383-thread-1] INFO  util.JmxRegister (JmxRegister.java:tryRegister(44)) - Successfully registered JMX Bean with object name Ratis:service=RaftServer,group=group-1B887E67CAC0,id=2e853c8f-06d9-4a3a-9697-1c4a2c6aedee
2019-10-10 21:38:04,089 [pool-403-thread-1] INFO  impl.RaftServerImpl (RaftServerImpl.java:setRole(170)) - 8d399f50-bc32-4264-b3f5-d56cb7cc68f1@group-1B887E67CAC0: changes role from      null to FOLLOWER at term 0 for startAsFollower
2019-10-10 21:38:04,089 [pool-393-thread-1] INFO  server.RaftServerConfigKeys (ConfUtils.java:logGet(43)) - raft.server.snapshot.retention.file.num = 5 (custom)
2019-10-10 21:38:04,090 [pool-403-thread-1] INFO  impl.RoleInfo (RoleInfo.java:updateAndGet(143)) - 8d399f50-bc32-4264-b3f5-d56cb7cc68f1: start FollowerState
2019-10-10 21:38:04,090 [pool-393-thread-1] INFO  server.RaftServerConfigKeys (ConfUtils.java:logGet(43)) - raft.server.retrycache.expirytime = 600000ms (custom)
2019-10-10 21:38:04,090 [pool-403-thread-1] INFO  util.JmxRegister (JmxRegister.java:tryRegister(44)) - Successfully registered JMX Bean with object name Ratis:service=RaftServer,group=group-1B887E67CAC0,id=8d399f50-bc32-4264-b3f5-d56cb7cc68f1
2019-10-10 21:38:04,094 [pool-393-thread-1] INFO  impl.RaftServerImpl (RaftServerImpl.java:start(181)) - 7c76edd3-534d-42a4-a058-1ba6e617fc38@group-1B887E67CAC0: start as a follower, conf=-1: [8d399f50-bc32-4264-b3f5-d56cb7cc68f1:192.168.164.253:33792, 2e853c8f-06d9-4a3a-9697-1c4a2c6aedee:192.168.164.253:45395, 7c76edd3-534d-42a4-a058-1ba6e617fc38:192.168.164.253:36800], old=null
2019-10-10 21:38:04,094 [pool-393-thread-1] INFO  impl.RaftServerImpl (RaftServerImpl.java:setRole(170)) - 7c76edd3-534d-42a4-a058-1ba6e617fc38@group-1B887E67CAC0: changes role from      null to FOLLOWER at term 0 for startAsFollower
2019-10-10 21:38:04,094 [pool-393-thread-1] INFO  impl.RoleInfo (RoleInfo.java:updateAndGet(143)) - 7c76edd3-534d-42a4-a058-1ba6e617fc38: start FollowerState
2019-10-10 21:38:04,095 [pool-393-thread-1] INFO  util.JmxRegister (JmxRegister.java:tryRegister(44)) - Successfully registered JMX Bean with object name Ratis:service=RaftServer,group=group-1B887E67CAC0,id=7c76edd3-534d-42a4-a058-1ba6e617fc38
2019-10-10 21:38:04,098 [RatisPipelineUtilsThread] INFO  pipeline.PipelineStateManager (PipelineStateManager.java:addPipeline(56)) - Created pipeline Pipeline[ Id: 99879a59-afab-4b81-a5d7-1b887e67cac0, Nodes: 2e853c8f-06d9-4a3a-9697-1c4a2c6aedee{ip: 192.168.164.253, host: pr-hdds-2281-k4msp-1747625461, networkLocation: /default-rack, certSerialId: null}8d399f50-bc32-4264-b3f5-d56cb7cc68f1{ip: 192.168.164.253, host: pr-hdds-2281-k4msp-1747625461, networkLocation: /default-rack, certSerialId: null}7c76edd3-534d-42a4-a058-1ba6e617fc38{ip: 192.168.164.253, host: pr-hdds-2281-k4msp-1747625461, networkLocation: /default-rack, certSerialId: null}, Type:RATIS, Factor:THREE, State:OPEN]
2019-10-10 21:38:04,125 [IPC Server handler 13 on 42361] INFO  net.NetworkTopology (NetworkTopologyImpl.java:add(111)) - Added a new node: /default-rack/864221b0-e1c8-44e4-acd2-17fd2bfaaa12
2019-10-10 21:38:04,125 [IPC Server handler 13 on 42361] INFO  node.SCMNodeManager (SCMNodeManager.java:register(268)) - Registered Data node : 864221b0-e1c8-44e4-acd2-17fd2bfaaa12{ip: 192.168.164.253, host: pr-hdds-2281-k4msp-1747625461, networkLocation: /default-rack, certSerialId: null}
2019-10-10 21:38:04,134 [grpc-default-executor-2] INFO  impl.RaftServerProxy (RaftServerProxy.java:addNew(89)) - 5de4fd98-088a-4136-9385-3639a2af1cfb: addNew group-D4DE98526DF4:[5de4fd98-088a-4136-9385-3639a2af1cfb:192.168.164.253:45074] returns group-D4DE98526DF4:java.util.concurrent.CompletableFuture@3bef481d[Not completed]
2019-10-10 21:38:04,136 [pool-413-thread-1] INFO  impl.RaftServerImpl (RaftServerImpl.java:<init>(95)) - 5de4fd98-088a-4136-9385-3639a2af1cfb: new RaftServerImpl for group-D4DE98526DF4:[5de4fd98-088a-4136-9385-3639a2af1cfb:192.168.164.253:45074] with ContainerStateMachine:uninitialized
2019-10-10 21:38:04,136 [pool-413-thread-1] INFO  server.RaftServerConfigKeys (ConfUtils.java:logGet(43)) - raft.server.rpc.timeout.min = 5s (custom)
2019-10-10 21:38:04,136 [pool-413-thread-1] INFO  server.RaftServerConfigKeys (ConfUtils.java:logGet(43)) - raft.server.rpc.timeout.max = 5200ms (custom)
2019-10-10 21:38:04,136 [pool-413-thread-1] INFO  server.RaftServerConfigKeys (ConfUtils.java:logGet(43)) - raft.server.rpcslowness.timeout = 120s (custom)
2019-10-10 21:38:04,136 [pool-413-thread-1] INFO  server.RaftServerConfigKeys (ConfUtils.java:logGet(43)) - raft.server.sleep.deviation.threshold = 300 (default)
2019-10-10 21:38:04,136 [pool-413-thread-1] INFO  server.RaftServerConfigKeys (ConfUtils.java:logGet(43)) - raft.server.log.appender.install.snapshot.enabled = false (custom)
2019-10-10 21:38:04,136 [pool-413-thread-1] INFO  impl.RaftServerImpl (ServerState.java:<init>(103)) - 5de4fd98-088a-4136-9385-3639a2af1cfb@group-D4DE98526DF4: ConfigurationManager, init=-1: [5de4fd98-088a-4136-9385-3639a2af1cfb:192.168.164.253:45074], old=null, confs=<EMPTY_MAP>
2019-10-10 21:38:04,136 [pool-413-thread-1] INFO  server.RaftServerConfigKeys (ConfUtils.java:logGet(43)) - raft.server.storage.dir = [/workdir/hadoop-ozone/integration-test/target/test-dir/MiniOzoneClusterImpl-c01b9a90-bcb1-4e29-b08c-a5022a9cdd6b/datanode-3/data/ratis] (custom)
2019-10-10 21:38:04,137 [pool-413-thread-1] INFO  server.RaftServerConfigKeys (ConfUtils.java:logGet(43)) - raft.server.log.corruption.policy = EXCEPTION (default)
2019-10-10 21:38:04,137 [pool-413-thread-1] INFO  storage.RaftStorageDirectory (RaftStorageDirectory.java:analyzeStorage(246)) - The storage directory /workdir/hadoop-ozone/integration-test/target/test-dir/MiniOzoneClusterImpl-c01b9a90-bcb1-4e29-b08c-a5022a9cdd6b/datanode-3/data/ratis/b613428a-fb5a-4b56-9e3e-d4de98526df4 does not exist. Creating ...
2019-10-10 21:38:04,165 [pool-413-thread-1] INFO  storage.RaftStorageDirectory (RaftStorageDirectory.java:tryLock(328)) - Lock on /workdir/hadoop-ozone/integration-test/target/test-dir/MiniOzoneClusterImpl-c01b9a90-bcb1-4e29-b08c-a5022a9cdd6b/datanode-3/data/ratis/b613428a-fb5a-4b56-9e3e-d4de98526df4/in_use.lock acquired by nodename 17759@pr-hdds-2281-k4msp-1747625461
2019-10-10 21:38:04,198 [pool-413-thread-1] INFO  storage.RaftStorage (RaftStorage.java:format(84)) - Storage directory /workdir/hadoop-ozone/integration-test/target/test-dir/MiniOzoneClusterImpl-c01b9a90-bcb1-4e29-b08c-a5022a9cdd6b/datanode-3/data/ratis/b613428a-fb5a-4b56-9e3e-d4de98526df4 has been successfully formatted.
2019-10-10 21:38:04,199 [pool-413-thread-1] INFO  ratis.ContainerStateMachine (ContainerStateMachine.java:loadSnapshot(231)) - group-D4DE98526DF4: The snapshot info is null. Setting the last applied indexto:(t:0, i:~)
2019-10-10 21:38:04,199 [pool-413-thread-1] INFO  server.RaftServerConfigKeys (ConfUtils.java:logGet(43)) - raft.server.notification.no-leader.timeout = 120s (custom)
2019-10-10 21:38:04,199 [pool-413-thread-1] INFO  server.RaftServerConfigKeys (ConfUtils.java:logGet(43)) - raft.server.log.use.memory = false (default)
2019-10-10 21:38:04,199 [pool-413-thread-1] INFO  server.RaftServerConfigKeys (ConfUtils.java:logGet(43)) - raft.server.log.purge.gap = 1000000 (custom)
2019-10-10 21:38:04,199 [pool-413-thread-1] INFO  server.RaftServerConfigKeys (ConfUtils.java:logGet(43)) - raft.server.log.appender.buffer.byte-limit = 33554432 (custom)
2019-10-10 21:38:04,199 [pool-413-thread-1] INFO  server.RaftServerConfigKeys (ConfUtils.java:logGet(43)) - raft.server.log.segment.size.max = 1048576 (custom)
2019-10-10 21:38:04,200 [pool-413-thread-1] INFO  server.RaftServerConfigKeys (ConfUtils.java:logGet(43)) - raft.server.log.segment.cache.num.max = 2 (custom)
2019-10-10 21:38:04,201 [pool-413-thread-1] INFO  segmented.SegmentedRaftLogWorker (SegmentedRaftLogWorker.java:<init>(173)) - new 5de4fd98-088a-4136-9385-3639a2af1cfb@group-D4DE98526DF4-SegmentedRaftLogWorker for RaftStorage:Storage Directory /workdir/hadoop-ozone/integration-test/target/test-dir/MiniOzoneClusterImpl-c01b9a90-bcb1-4e29-b08c-a5022a9cdd6b/datanode-3/data/ratis/b613428a-fb5a-4b56-9e3e-d4de98526df4
2019-10-10 21:38:04,201 [pool-413-thread-1] INFO  server.RaftServerConfigKeys (ConfUtils.java:logGet(43)) - raft.server.log.queue.byte-limit = 2147483647 (custom)
2019-10-10 21:38:04,201 [pool-413-thread-1] INFO  server.RaftServerConfigKeys (ConfUtils.java:logGet(43)) - raft.server.log.queue.element-limit = 1024 (custom)
2019-10-10 21:38:04,201 [pool-413-thread-1] INFO  server.RaftServerConfigKeys (ConfUtils.java:logGet(43)) - raft.server.log.segment.size.max = 1048576 (custom)
2019-10-10 21:38:04,201 [pool-413-thread-1] INFO  server.RaftServerConfigKeys (ConfUtils.java:logGet(43)) - raft.server.log.preallocated.size = 16384 (custom)
2019-10-10 21:38:04,201 [pool-413-thread-1] INFO  server.RaftServerConfigKeys (ConfUtils.java:logGet(43)) - raft.server.log.write.buffer.size = 33554432 (custom)
2019-10-10 21:38:04,201 [pool-413-thread-1] INFO  server.RaftServerConfigKeys (ConfUtils.java:logGet(43)) - raft.server.log.force.sync.num = 128 (default)
2019-10-10 21:38:04,201 [pool-413-thread-1] INFO  server.RaftServerConfigKeys (ConfUtils.java:logGet(43)) - raft.server.log.statemachine.data.sync = true (default)
2019-10-10 21:38:04,201 [pool-413-thread-1] INFO  server.RaftServerConfigKeys (ConfUtils.java:logGet(43)) - raft.server.log.statemachine.data.sync.timeout = 10s (default)
2019-10-10 21:38:04,201 [pool-413-thread-1] INFO  server.RaftServerConfigKeys (ConfUtils.java:logGet(43)) - raft.server.log.statemachine.data.sync.timeout.retry = -1 (default)
2019-10-10 21:38:04,202 [pool-413-thread-1] INFO  server.RaftServerConfigKeys (ConfUtils.java:logGet(43)) - raft.server.log.statemachine.data.caching.enabled = true (custom)
2019-10-10 21:38:04,202 [pool-413-thread-1] INFO  segmented.SegmentedRaftLogWorker (SegmentedRaftLogWorker.java:lambda$new$0(128)) - 5de4fd98-088a-4136-9385-3639a2af1cfb@group-D4DE98526DF4-SegmentedRaftLogWorker: flushIndex: setUnconditionally 0 -> -1
2019-10-10 21:38:04,202 [pool-413-thread-1] INFO  server.RaftServerConfigKeys (ConfUtils.java:logGet(43)) - raft.server.snapshot.auto.trigger.enabled = true (custom)
2019-10-10 21:38:04,202 [pool-413-thread-1] INFO  server.RaftServerConfigKeys (ConfUtils.java:logGet(43)) - raft.server.snapshot.auto.trigger.threshold = 10000 (custom)
2019-10-10 21:38:04,202 [pool-413-thread-1] INFO  server.RaftServerConfigKeys (ConfUtils.java:logGet(43)) - raft.server.snapshot.retention.file.num = 5 (custom)
2019-10-10 21:38:04,202 [pool-413-thread-1] INFO  server.RaftServerConfigKeys (ConfUtils.java:logGet(43)) - raft.server.retrycache.expirytime = 600000ms (custom)
2019-10-10 21:38:04,204 [pool-413-thread-1] INFO  impl.RaftServerImpl (RaftServerImpl.java:start(181)) - 5de4fd98-088a-4136-9385-3639a2af1cfb@group-D4DE98526DF4: start as a follower, conf=-1: [5de4fd98-088a-4136-9385-3639a2af1cfb:192.168.164.253:45074], old=null
2019-10-10 21:38:04,204 [pool-413-thread-1] INFO  impl.RaftServerImpl (RaftServerImpl.java:setRole(170)) - 5de4fd98-088a-4136-9385-3639a2af1cfb@group-D4DE98526DF4: changes role from      null to FOLLOWER at term 0 for startAsFollower
2019-10-10 21:38:04,204 [pool-413-thread-1] INFO  impl.RoleInfo (RoleInfo.java:updateAndGet(143)) - 5de4fd98-088a-4136-9385-3639a2af1cfb: start FollowerState
2019-10-10 21:38:04,204 [pool-413-thread-1] INFO  util.JmxRegister (JmxRegister.java:tryRegister(44)) - Successfully registered JMX Bean with object name Ratis:service=RaftServer,group=group-D4DE98526DF4,id=5de4fd98-088a-4136-9385-3639a2af1cfb
2019-10-10 21:38:04,208 [RatisPipelineUtilsThread] INFO  pipeline.PipelineStateManager (PipelineStateManager.java:addPipeline(56)) - Created pipeline Pipeline[ Id: b613428a-fb5a-4b56-9e3e-d4de98526df4, Nodes: 5de4fd98-088a-4136-9385-3639a2af1cfb{ip: 192.168.164.253, host: pr-hdds-2281-k4msp-1747625461, networkLocation: /default-rack, certSerialId: null}, Type:RATIS, Factor:ONE, State:OPEN]
2019-10-10 21:38:04,227 [IPC Server handler 11 on 42361] INFO  net.NetworkTopology (NetworkTopologyImpl.java:add(111)) - Added a new node: /default-rack/499e5c1f-15d6-4d5e-a71b-72fc5090a2a6
2019-10-10 21:38:04,228 [IPC Server handler 11 on 42361] INFO  node.SCMNodeManager (SCMNodeManager.java:register(268)) - Registered Data node : 499e5c1f-15d6-4d5e-a71b-72fc5090a2a6{ip: 192.168.164.253, host: pr-hdds-2281-k4msp-1747625461, networkLocation: /default-rack, certSerialId: null}
2019-10-10 21:38:04,234 [grpc-default-executor-2] INFO  impl.RaftServerProxy (RaftServerProxy.java:addNew(89)) - 864221b0-e1c8-44e4-acd2-17fd2bfaaa12: addNew group-B7930C0FFB75:[864221b0-e1c8-44e4-acd2-17fd2bfaaa12:192.168.164.253:35363] returns group-B7930C0FFB75:java.util.concurrent.CompletableFuture@77192941[Not completed]
2019-10-10 21:38:04,235 [pool-423-thread-1] INFO  impl.RaftServerImpl (RaftServerImpl.java:<init>(95)) - 864221b0-e1c8-44e4-acd2-17fd2bfaaa12: new RaftServerImpl for group-B7930C0FFB75:[864221b0-e1c8-44e4-acd2-17fd2bfaaa12:192.168.164.253:35363] with ContainerStateMachine:uninitialized
2019-10-10 21:38:04,235 [pool-423-thread-1] INFO  server.RaftServerConfigKeys (ConfUtils.java:logGet(43)) - raft.server.rpc.timeout.min = 5s (custom)
2019-10-10 21:38:04,235 [pool-423-thread-1] INFO  server.RaftServerConfigKeys (ConfUtils.java:logGet(43)) - raft.server.rpc.timeout.max = 5200ms (custom)
2019-10-10 21:38:04,235 [pool-423-thread-1] INFO  server.RaftServerConfigKeys (ConfUtils.java:logGet(43)) - raft.server.rpcslowness.timeout = 120s (custom)
2019-10-10 21:38:04,235 [pool-423-thread-1] INFO  server.RaftServerConfigKeys (ConfUtils.java:logGet(43)) - raft.server.sleep.deviation.threshold = 300 (default)
2019-10-10 21:38:04,235 [pool-423-thread-1] INFO  server.RaftServerConfigKeys (ConfUtils.java:logGet(43)) - raft.server.log.appender.install.snapshot.enabled = false (custom)
2019-10-10 21:38:04,235 [pool-423-thread-1] INFO  impl.RaftServerImpl (ServerState.java:<init>(103)) - 864221b0-e1c8-44e4-acd2-17fd2bfaaa12@group-B7930C0FFB75: ConfigurationManager, init=-1: [864221b0-e1c8-44e4-acd2-17fd2bfaaa12:192.168.164.253:35363], old=null, confs=<EMPTY_MAP>
2019-10-10 21:38:04,235 [pool-423-thread-1] INFO  server.RaftServerConfigKeys (ConfUtils.java:logGet(43)) - raft.server.storage.dir = [/workdir/hadoop-ozone/integration-test/target/test-dir/MiniOzoneClusterImpl-c01b9a90-bcb1-4e29-b08c-a5022a9cdd6b/datanode-4/data/ratis] (custom)
2019-10-10 21:38:04,236 [pool-423-thread-1] INFO  server.RaftServerConfigKeys (ConfUtils.java:logGet(43)) - raft.server.log.corruption.policy = EXCEPTION (default)
2019-10-10 21:38:04,236 [pool-423-thread-1] INFO  storage.RaftStorageDirectory (RaftStorageDirectory.java:analyzeStorage(246)) - The storage directory /workdir/hadoop-ozone/integration-test/target/test-dir/MiniOzoneClusterImpl-c01b9a90-bcb1-4e29-b08c-a5022a9cdd6b/datanode-4/data/ratis/21c150b5-c320-479d-82fb-b7930c0ffb75 does not exist. Creating ...
2019-10-10 21:38:04,257 [pool-423-thread-1] INFO  storage.RaftStorageDirectory (RaftStorageDirectory.java:tryLock(328)) - Lock on /workdir/hadoop-ozone/integration-test/target/test-dir/MiniOzoneClusterImpl-c01b9a90-bcb1-4e29-b08c-a5022a9cdd6b/datanode-4/data/ratis/21c150b5-c320-479d-82fb-b7930c0ffb75/in_use.lock acquired by nodename 17759@pr-hdds-2281-k4msp-1747625461
2019-10-10 21:38:04,275 [IPC Server handler 10 on 42361] INFO  net.NetworkTopology (NetworkTopologyImpl.java:add(111)) - Added a new node: /default-rack/12ebd3da-2af7-4701-8b4a-ca499acad0da
2019-10-10 21:38:04,275 [IPC Server handler 10 on 42361] INFO  node.SCMNodeManager (SCMNodeManager.java:register(268)) - Registered Data node : 12ebd3da-2af7-4701-8b4a-ca499acad0da{ip: 192.168.164.253, host: pr-hdds-2281-k4msp-1747625461, networkLocation: /default-rack, certSerialId: null}
2019-10-10 21:38:04,275 [main] INFO  ozone.MiniOzoneClusterImpl (MiniOzoneClusterImpl.java:lambda$waitForClusterToBeReady$0(147)) - Cluster is ready. Got 7 of 7 DN Heartbeats.
2019-10-10 21:38:04,283 [pool-423-thread-1] INFO  storage.RaftStorage (RaftStorage.java:format(84)) - Storage directory /workdir/hadoop-ozone/integration-test/target/test-dir/MiniOzoneClusterImpl-c01b9a90-bcb1-4e29-b08c-a5022a9cdd6b/datanode-4/data/ratis/21c150b5-c320-479d-82fb-b7930c0ffb75 has been successfully formatted.
2019-10-10 21:38:04,288 [pool-423-thread-1] INFO  ratis.ContainerStateMachine (ContainerStateMachine.java:loadSnapshot(231)) - group-B7930C0FFB75: The snapshot info is null. Setting the last applied indexto:(t:0, i:~)
2019-10-10 21:38:04,288 [pool-423-thread-1] INFO  server.RaftServerConfigKeys (ConfUtils.java:logGet(43)) - raft.server.notification.no-leader.timeout = 120s (custom)
2019-10-10 21:38:04,288 [pool-423-thread-1] INFO  server.RaftServerConfigKeys (ConfUtils.java:logGet(43)) - raft.server.log.use.memory = false (default)
2019-10-10 21:38:04,289 [pool-423-thread-1] INFO  server.RaftServerConfigKeys (ConfUtils.java:logGet(43)) - raft.server.log.purge.gap = 1000000 (custom)
2019-10-10 21:38:04,289 [pool-423-thread-1] INFO  server.RaftServerConfigKeys (ConfUtils.java:logGet(43)) - raft.server.log.appender.buffer.byte-limit = 33554432 (custom)
2019-10-10 21:38:04,289 [pool-423-thread-1] INFO  server.RaftServerConfigKeys (ConfUtils.java:logGet(43)) - raft.server.log.segment.size.max = 1048576 (custom)
2019-10-10 21:38:04,291 [pool-423-thread-1] INFO  server.RaftServerConfigKeys (ConfUtils.java:logGet(43)) - raft.server.log.segment.cache.num.max = 2 (custom)
2019-10-10 21:38:04,299 [pool-423-thread-1] INFO  segmented.SegmentedRaftLogWorker (SegmentedRaftLogWorker.java:<init>(173)) - new 864221b0-e1c8-44e4-acd2-17fd2bfaaa12@group-B7930C0FFB75-SegmentedRaftLogWorker for RaftStorage:Storage Directory /workdir/hadoop-ozone/integration-test/target/test-dir/MiniOzoneClusterImpl-c01b9a90-bcb1-4e29-b08c-a5022a9cdd6b/datanode-4/data/ratis/21c150b5-c320-479d-82fb-b7930c0ffb75
2019-10-10 21:38:04,300 [pool-423-thread-1] INFO  server.RaftServerConfigKeys (ConfUtils.java:logGet(43)) - raft.server.log.queue.byte-limit = 2147483647 (custom)
2019-10-10 21:38:04,300 [pool-423-thread-1] INFO  server.RaftServerConfigKeys (ConfUtils.java:logGet(43)) - raft.server.log.queue.element-limit = 1024 (custom)
2019-10-10 21:38:04,300 [pool-423-thread-1] INFO  server.RaftServerConfigKeys (ConfUtils.java:logGet(43)) - raft.server.log.segment.size.max = 1048576 (custom)
2019-10-10 21:38:04,300 [pool-423-thread-1] INFO  server.RaftServerConfigKeys (ConfUtils.java:logGet(43)) - raft.server.log.preallocated.size = 16384 (custom)
2019-10-10 21:38:04,300 [pool-423-thread-1] INFO  server.RaftServerConfigKeys (ConfUtils.java:logGet(43)) - raft.server.log.write.buffer.size = 33554432 (custom)
2019-10-10 21:38:04,300 [pool-423-thread-1] INFO  server.RaftServerConfigKeys (ConfUtils.java:logGet(43)) - raft.server.log.force.sync.num = 128 (default)
2019-10-10 21:38:04,300 [pool-423-thread-1] INFO  server.RaftServerConfigKeys (ConfUtils.java:logGet(43)) - raft.server.log.statemachine.data.sync = true (default)
2019-10-10 21:38:04,300 [pool-423-thread-1] INFO  server.RaftServerConfigKeys (ConfUtils.java:logGet(43)) - raft.server.log.statemachine.data.sync.timeout = 10s (default)
2019-10-10 21:38:04,305 [pool-423-thread-1] INFO  server.RaftServerConfigKeys (ConfUtils.java:logGet(43)) - raft.server.log.statemachine.data.sync.timeout.retry = -1 (default)
2019-10-10 21:38:04,319 [pool-423-thread-1] INFO  server.RaftServerConfigKeys (ConfUtils.java:logGet(43)) - raft.server.log.statemachine.data.caching.enabled = true (custom)
2019-10-10 21:38:04,319 [pool-423-thread-1] INFO  segmented.SegmentedRaftLogWorker (SegmentedRaftLogWorker.java:lambda$new$0(128)) - 864221b0-e1c8-44e4-acd2-17fd2bfaaa12@group-B7930C0FFB75-SegmentedRaftLogWorker: flushIndex: setUnconditionally 0 -> -1
2019-10-10 21:38:04,320 [pool-423-thread-1] INFO  server.RaftServerConfigKeys (ConfUtils.java:logGet(43)) - raft.server.snapshot.auto.trigger.enabled = true (custom)
2019-10-10 21:38:04,320 [pool-423-thread-1] INFO  server.RaftServerConfigKeys (ConfUtils.java:logGet(43)) - raft.server.snapshot.auto.trigger.threshold = 10000 (custom)
2019-10-10 21:38:04,320 [pool-423-thread-1] INFO  server.RaftServerConfigKeys (ConfUtils.java:logGet(43)) - raft.server.snapshot.retention.file.num = 5 (custom)
2019-10-10 21:38:04,320 [pool-423-thread-1] INFO  server.RaftServerConfigKeys (ConfUtils.java:logGet(43)) - raft.server.retrycache.expirytime = 600000ms (custom)
2019-10-10 21:38:04,328 [pool-423-thread-1] INFO  impl.RaftServerImpl (RaftServerImpl.java:start(181)) - 864221b0-e1c8-44e4-acd2-17fd2bfaaa12@group-B7930C0FFB75: start as a follower, conf=-1: [864221b0-e1c8-44e4-acd2-17fd2bfaaa12:192.168.164.253:35363], old=null
2019-10-10 21:38:04,328 [pool-423-thread-1] INFO  impl.RaftServerImpl (RaftServerImpl.java:setRole(170)) - 864221b0-e1c8-44e4-acd2-17fd2bfaaa12@group-B7930C0FFB75: changes role from      null to FOLLOWER at term 0 for startAsFollower
2019-10-10 21:38:04,328 [pool-423-thread-1] INFO  impl.RoleInfo (RoleInfo.java:updateAndGet(143)) - 864221b0-e1c8-44e4-acd2-17fd2bfaaa12: start FollowerState
2019-10-10 21:38:04,328 [pool-423-thread-1] INFO  util.JmxRegister (JmxRegister.java:tryRegister(44)) - Successfully registered JMX Bean with object name Ratis:service=RaftServer,group=group-B7930C0FFB75,id=864221b0-e1c8-44e4-acd2-17fd2bfaaa12
2019-10-10 21:38:04,339 [main] INFO  rpc.RpcClient (RpcClient.java:createVolume(272)) - Creating Volume: watchforcommithandlingtest, with jenkins1000 as owner.
2019-10-10 21:38:04,340 [RatisPipelineUtilsThread] INFO  pipeline.PipelineStateManager (PipelineStateManager.java:addPipeline(56)) - Created pipeline Pipeline[ Id: 21c150b5-c320-479d-82fb-b7930c0ffb75, Nodes: 864221b0-e1c8-44e4-acd2-17fd2bfaaa12{ip: 192.168.164.253, host: pr-hdds-2281-k4msp-1747625461, networkLocation: /default-rack, certSerialId: null}, Type:RATIS, Factor:ONE, State:OPEN]
2019-10-10 21:38:04,342 [IPC Server handler 2 on 39271] INFO  volume.OMVolumeCreateRequest (OMVolumeCreateRequest.java:validateAndUpdateCache(193)) - created volume:watchforcommithandlingtest for user:jenkins1000
2019-10-10 21:38:04,347 [grpc-default-executor-2] INFO  impl.RaftServerProxy (RaftServerProxy.java:addNew(89)) - 12ebd3da-2af7-4701-8b4a-ca499acad0da: addNew group-E19035F5AB65:[12ebd3da-2af7-4701-8b4a-ca499acad0da:192.168.164.253:40997] returns group-E19035F5AB65:java.util.concurrent.CompletableFuture@59e024fd[Not completed]
2019-10-10 21:38:04,351 [pool-443-thread-1] INFO  impl.RaftServerImpl (RaftServerImpl.java:<init>(95)) - 12ebd3da-2af7-4701-8b4a-ca499acad0da: new RaftServerImpl for group-E19035F5AB65:[12ebd3da-2af7-4701-8b4a-ca499acad0da:192.168.164.253:40997] with ContainerStateMachine:uninitialized
2019-10-10 21:38:04,351 [pool-443-thread-1] INFO  server.RaftServerConfigKeys (ConfUtils.java:logGet(43)) - raft.server.rpc.timeout.min = 5s (custom)
2019-10-10 21:38:04,351 [pool-443-thread-1] INFO  server.RaftServerConfigKeys (ConfUtils.java:logGet(43)) - raft.server.rpc.timeout.max = 5200ms (custom)
2019-10-10 21:38:04,358 [pool-443-thread-1] INFO  server.RaftServerConfigKeys (ConfUtils.java:logGet(43)) - raft.server.rpcslowness.timeout = 120s (custom)
2019-10-10 21:38:04,360 [pool-443-thread-1] INFO  server.RaftServerConfigKeys (ConfUtils.java:logGet(43)) - raft.server.sleep.deviation.threshold = 300 (default)
2019-10-10 21:38:04,361 [pool-443-thread-1] INFO  server.RaftServerConfigKeys (ConfUtils.java:logGet(43)) - raft.server.log.appender.install.snapshot.enabled = false (custom)
2019-10-10 21:38:04,361 [pool-443-thread-1] INFO  impl.RaftServerImpl (ServerState.java:<init>(103)) - 12ebd3da-2af7-4701-8b4a-ca499acad0da@group-E19035F5AB65: ConfigurationManager, init=-1: [12ebd3da-2af7-4701-8b4a-ca499acad0da:192.168.164.253:40997], old=null, confs=<EMPTY_MAP>
2019-10-10 21:38:04,361 [pool-443-thread-1] INFO  server.RaftServerConfigKeys (ConfUtils.java:logGet(43)) - raft.server.storage.dir = [/workdir/hadoop-ozone/integration-test/target/test-dir/MiniOzoneClusterImpl-c01b9a90-bcb1-4e29-b08c-a5022a9cdd6b/datanode-6/data/ratis] (custom)
2019-10-10 21:38:04,361 [pool-443-thread-1] INFO  server.RaftServerConfigKeys (ConfUtils.java:logGet(43)) - raft.server.log.corruption.policy = EXCEPTION (default)
2019-10-10 21:38:04,361 [pool-443-thread-1] INFO  storage.RaftStorageDirectory (RaftStorageDirectory.java:analyzeStorage(246)) - The storage directory /workdir/hadoop-ozone/integration-test/target/test-dir/MiniOzoneClusterImpl-c01b9a90-bcb1-4e29-b08c-a5022a9cdd6b/datanode-6/data/ratis/be2f43b2-293f-4266-a91f-e19035f5ab65 does not exist. Creating ...
2019-10-10 21:38:04,361 [main] INFO  rpc.RpcClient (RpcClient.java:createBucket(411)) - Creating Bucket: watchforcommithandlingtest/watchforcommithandlingtest, with Versioning false and Storage Type set to DISK and Encryption set to false 
2019-10-10 21:38:04,366 [main] INFO  ozone.MiniOzoneClusterImpl (MiniOzoneClusterImpl.java:getStorageContainerLocationClient(234)) - Creating StorageContainerLocationProtocol RPC client with address /0.0.0.0:41295
2019-10-10 21:38:04,385 [pool-443-thread-1] INFO  storage.RaftStorageDirectory (RaftStorageDirectory.java:tryLock(328)) - Lock on /workdir/hadoop-ozone/integration-test/target/test-dir/MiniOzoneClusterImpl-c01b9a90-bcb1-4e29-b08c-a5022a9cdd6b/datanode-6/data/ratis/be2f43b2-293f-4266-a91f-e19035f5ab65/in_use.lock acquired by nodename 17759@pr-hdds-2281-k4msp-1747625461
2019-10-10 21:38:04,404 [pool-443-thread-1] INFO  storage.RaftStorage (RaftStorage.java:format(84)) - Storage directory /workdir/hadoop-ozone/integration-test/target/test-dir/MiniOzoneClusterImpl-c01b9a90-bcb1-4e29-b08c-a5022a9cdd6b/datanode-6/data/ratis/be2f43b2-293f-4266-a91f-e19035f5ab65 has been successfully formatted.
2019-10-10 21:38:04,405 [pool-443-thread-1] INFO  ratis.ContainerStateMachine (ContainerStateMachine.java:loadSnapshot(231)) - group-E19035F5AB65: The snapshot info is null. Setting the last applied indexto:(t:0, i:~)
2019-10-10 21:38:04,405 [pool-443-thread-1] INFO  server.RaftServerConfigKeys (ConfUtils.java:logGet(43)) - raft.server.notification.no-leader.timeout = 120s (custom)
2019-10-10 21:38:04,405 [pool-443-thread-1] INFO  server.RaftServerConfigKeys (ConfUtils.java:logGet(43)) - raft.server.log.use.memory = false (default)
2019-10-10 21:38:04,405 [pool-443-thread-1] INFO  server.RaftServerConfigKeys (ConfUtils.java:logGet(43)) - raft.server.log.purge.gap = 1000000 (custom)
2019-10-10 21:38:04,405 [pool-443-thread-1] INFO  server.RaftServerConfigKeys (ConfUtils.java:logGet(43)) - raft.server.log.appender.buffer.byte-limit = 33554432 (custom)
2019-10-10 21:38:04,405 [pool-443-thread-1] INFO  server.RaftServerConfigKeys (ConfUtils.java:logGet(43)) - raft.server.log.segment.size.max = 1048576 (custom)
2019-10-10 21:38:04,407 [pool-443-thread-1] INFO  server.RaftServerConfigKeys (ConfUtils.java:logGet(43)) - raft.server.log.segment.cache.num.max = 2 (custom)
2019-10-10 21:38:04,407 [pool-443-thread-1] INFO  segmented.SegmentedRaftLogWorker (SegmentedRaftLogWorker.java:<init>(173)) - new 12ebd3da-2af7-4701-8b4a-ca499acad0da@group-E19035F5AB65-SegmentedRaftLogWorker for RaftStorage:Storage Directory /workdir/hadoop-ozone/integration-test/target/test-dir/MiniOzoneClusterImpl-c01b9a90-bcb1-4e29-b08c-a5022a9cdd6b/datanode-6/data/ratis/be2f43b2-293f-4266-a91f-e19035f5ab65
2019-10-10 21:38:04,407 [pool-443-thread-1] INFO  server.RaftServerConfigKeys (ConfUtils.java:logGet(43)) - raft.server.log.queue.byte-limit = 2147483647 (custom)
2019-10-10 21:38:04,407 [pool-443-thread-1] INFO  server.RaftServerConfigKeys (ConfUtils.java:logGet(43)) - raft.server.log.queue.element-limit = 1024 (custom)
2019-10-10 21:38:04,407 [pool-443-thread-1] INFO  server.RaftServerConfigKeys (ConfUtils.java:logGet(43)) - raft.server.log.segment.size.max = 1048576 (custom)
2019-10-10 21:38:04,407 [pool-443-thread-1] INFO  server.RaftServerConfigKeys (ConfUtils.java:logGet(43)) - raft.server.log.preallocated.size = 16384 (custom)
2019-10-10 21:38:04,407 [pool-443-thread-1] INFO  server.RaftServerConfigKeys (ConfUtils.java:logGet(43)) - raft.server.log.write.buffer.size = 33554432 (custom)
2019-10-10 21:38:04,407 [pool-443-thread-1] INFO  server.RaftServerConfigKeys (ConfUtils.java:logGet(43)) - raft.server.log.force.sync.num = 128 (default)
2019-10-10 21:38:04,407 [pool-443-thread-1] INFO  server.RaftServerConfigKeys (ConfUtils.java:logGet(43)) - raft.server.log.statemachine.data.sync = true (default)
2019-10-10 21:38:04,407 [pool-443-thread-1] INFO  server.RaftServerConfigKeys (ConfUtils.java:logGet(43)) - raft.server.log.statemachine.data.sync.timeout = 10s (default)
2019-10-10 21:38:04,407 [pool-443-thread-1] INFO  server.RaftServerConfigKeys (ConfUtils.java:logGet(43)) - raft.server.log.statemachine.data.sync.timeout.retry = -1 (default)
2019-10-10 21:38:04,408 [pool-443-thread-1] INFO  server.RaftServerConfigKeys (ConfUtils.java:logGet(43)) - raft.server.log.statemachine.data.caching.enabled = true (custom)
2019-10-10 21:38:04,408 [pool-443-thread-1] INFO  segmented.SegmentedRaftLogWorker (SegmentedRaftLogWorker.java:lambda$new$0(128)) - 12ebd3da-2af7-4701-8b4a-ca499acad0da@group-E19035F5AB65-SegmentedRaftLogWorker: flushIndex: setUnconditionally 0 -> -1
2019-10-10 21:38:04,408 [pool-443-thread-1] INFO  server.RaftServerConfigKeys (ConfUtils.java:logGet(43)) - raft.server.snapshot.auto.trigger.enabled = true (custom)
2019-10-10 21:38:04,408 [pool-443-thread-1] INFO  server.RaftServerConfigKeys (ConfUtils.java:logGet(43)) - raft.server.snapshot.auto.trigger.threshold = 10000 (custom)
2019-10-10 21:38:04,408 [pool-443-thread-1] INFO  server.RaftServerConfigKeys (ConfUtils.java:logGet(43)) - raft.server.snapshot.retention.file.num = 5 (custom)
2019-10-10 21:38:04,408 [pool-443-thread-1] INFO  server.RaftServerConfigKeys (ConfUtils.java:logGet(43)) - raft.server.retrycache.expirytime = 600000ms (custom)
2019-10-10 21:38:04,410 [pool-443-thread-1] INFO  impl.RaftServerImpl (RaftServerImpl.java:start(181)) - 12ebd3da-2af7-4701-8b4a-ca499acad0da@group-E19035F5AB65: start as a follower, conf=-1: [12ebd3da-2af7-4701-8b4a-ca499acad0da:192.168.164.253:40997], old=null
2019-10-10 21:38:04,410 [pool-443-thread-1] INFO  impl.RaftServerImpl (RaftServerImpl.java:setRole(170)) - 12ebd3da-2af7-4701-8b4a-ca499acad0da@group-E19035F5AB65: changes role from      null to FOLLOWER at term 0 for startAsFollower
2019-10-10 21:38:04,410 [pool-443-thread-1] INFO  impl.RoleInfo (RoleInfo.java:updateAndGet(143)) - 12ebd3da-2af7-4701-8b4a-ca499acad0da: start FollowerState
2019-10-10 21:38:04,410 [pool-443-thread-1] INFO  util.JmxRegister (JmxRegister.java:tryRegister(44)) - Successfully registered JMX Bean with object name Ratis:service=RaftServer,group=group-E19035F5AB65,id=12ebd3da-2af7-4701-8b4a-ca499acad0da
2019-10-10 21:38:04,413 [RatisPipelineUtilsThread] INFO  pipeline.PipelineStateManager (PipelineStateManager.java:addPipeline(56)) - Created pipeline Pipeline[ Id: be2f43b2-293f-4266-a91f-e19035f5ab65, Nodes: 12ebd3da-2af7-4701-8b4a-ca499acad0da{ip: 192.168.164.253, host: pr-hdds-2281-k4msp-1747625461, networkLocation: /default-rack, certSerialId: null}, Type:RATIS, Factor:ONE, State:OPEN]
2019-10-10 21:38:04,427 [grpc-default-executor-2] INFO  impl.RaftServerProxy (RaftServerProxy.java:addNew(89)) - 499e5c1f-15d6-4d5e-a71b-72fc5090a2a6: addNew group-75B178B57A1D:[499e5c1f-15d6-4d5e-a71b-72fc5090a2a6:192.168.164.253:36444] returns group-75B178B57A1D:java.util.concurrent.CompletableFuture@13ea69a3[Not completed]
2019-10-10 21:38:04,428 [pool-433-thread-1] INFO  impl.RaftServerImpl (RaftServerImpl.java:<init>(95)) - 499e5c1f-15d6-4d5e-a71b-72fc5090a2a6: new RaftServerImpl for group-75B178B57A1D:[499e5c1f-15d6-4d5e-a71b-72fc5090a2a6:192.168.164.253:36444] with ContainerStateMachine:uninitialized
2019-10-10 21:38:04,428 [pool-433-thread-1] INFO  server.RaftServerConfigKeys (ConfUtils.java:logGet(43)) - raft.server.rpc.timeout.min = 5s (custom)
2019-10-10 21:38:04,428 [pool-433-thread-1] INFO  server.RaftServerConfigKeys (ConfUtils.java:logGet(43)) - raft.server.rpc.timeout.max = 5200ms (custom)
2019-10-10 21:38:04,428 [pool-433-thread-1] INFO  server.RaftServerConfigKeys (ConfUtils.java:logGet(43)) - raft.server.rpcslowness.timeout = 120s (custom)
2019-10-10 21:38:04,428 [pool-433-thread-1] INFO  server.RaftServerConfigKeys (ConfUtils.java:logGet(43)) - raft.server.sleep.deviation.threshold = 300 (default)
2019-10-10 21:38:04,428 [pool-433-thread-1] INFO  server.RaftServerConfigKeys (ConfUtils.java:logGet(43)) - raft.server.log.appender.install.snapshot.enabled = false (custom)
2019-10-10 21:38:04,428 [pool-433-thread-1] INFO  impl.RaftServerImpl (ServerState.java:<init>(103)) - 499e5c1f-15d6-4d5e-a71b-72fc5090a2a6@group-75B178B57A1D: ConfigurationManager, init=-1: [499e5c1f-15d6-4d5e-a71b-72fc5090a2a6:192.168.164.253:36444], old=null, confs=<EMPTY_MAP>
2019-10-10 21:38:04,429 [pool-433-thread-1] INFO  server.RaftServerConfigKeys (ConfUtils.java:logGet(43)) - raft.server.storage.dir = [/workdir/hadoop-ozone/integration-test/target/test-dir/MiniOzoneClusterImpl-c01b9a90-bcb1-4e29-b08c-a5022a9cdd6b/datanode-5/data/ratis] (custom)
2019-10-10 21:38:04,429 [pool-433-thread-1] INFO  server.RaftServerConfigKeys (ConfUtils.java:logGet(43)) - raft.server.log.corruption.policy = EXCEPTION (default)
2019-10-10 21:38:04,429 [pool-433-thread-1] INFO  storage.RaftStorageDirectory (RaftStorageDirectory.java:analyzeStorage(246)) - The storage directory /workdir/hadoop-ozone/integration-test/target/test-dir/MiniOzoneClusterImpl-c01b9a90-bcb1-4e29-b08c-a5022a9cdd6b/datanode-5/data/ratis/6b2a60e3-8007-44d9-a233-75b178b57a1d does not exist. Creating ...
2019-10-10 21:38:04,461 [pool-433-thread-1] INFO  storage.RaftStorageDirectory (RaftStorageDirectory.java:tryLock(328)) - Lock on /workdir/hadoop-ozone/integration-test/target/test-dir/MiniOzoneClusterImpl-c01b9a90-bcb1-4e29-b08c-a5022a9cdd6b/datanode-5/data/ratis/6b2a60e3-8007-44d9-a233-75b178b57a1d/in_use.lock acquired by nodename 17759@pr-hdds-2281-k4msp-1747625461
2019-10-10 21:38:04,485 [pool-433-thread-1] INFO  storage.RaftStorage (RaftStorage.java:format(84)) - Storage directory /workdir/hadoop-ozone/integration-test/target/test-dir/MiniOzoneClusterImpl-c01b9a90-bcb1-4e29-b08c-a5022a9cdd6b/datanode-5/data/ratis/6b2a60e3-8007-44d9-a233-75b178b57a1d has been successfully formatted.
2019-10-10 21:38:04,485 [pool-433-thread-1] INFO  ratis.ContainerStateMachine (ContainerStateMachine.java:loadSnapshot(231)) - group-75B178B57A1D: The snapshot info is null. Setting the last applied indexto:(t:0, i:~)
2019-10-10 21:38:04,485 [pool-433-thread-1] INFO  server.RaftServerConfigKeys (ConfUtils.java:logGet(43)) - raft.server.notification.no-leader.timeout = 120s (custom)
2019-10-10 21:38:04,485 [pool-433-thread-1] INFO  server.RaftServerConfigKeys (ConfUtils.java:logGet(43)) - raft.server.log.use.memory = false (default)
2019-10-10 21:38:04,486 [pool-433-thread-1] INFO  server.RaftServerConfigKeys (ConfUtils.java:logGet(43)) - raft.server.log.purge.gap = 1000000 (custom)
2019-10-10 21:38:04,486 [pool-433-thread-1] INFO  server.RaftServerConfigKeys (ConfUtils.java:logGet(43)) - raft.server.log.appender.buffer.byte-limit = 33554432 (custom)
2019-10-10 21:38:04,486 [pool-433-thread-1] INFO  server.RaftServerConfigKeys (ConfUtils.java:logGet(43)) - raft.server.log.segment.size.max = 1048576 (custom)
2019-10-10 21:38:04,488 [pool-433-thread-1] INFO  server.RaftServerConfigKeys (ConfUtils.java:logGet(43)) - raft.server.log.segment.cache.num.max = 2 (custom)
2019-10-10 21:38:04,488 [pool-433-thread-1] INFO  segmented.SegmentedRaftLogWorker (SegmentedRaftLogWorker.java:<init>(173)) - new 499e5c1f-15d6-4d5e-a71b-72fc5090a2a6@group-75B178B57A1D-SegmentedRaftLogWorker for RaftStorage:Storage Directory /workdir/hadoop-ozone/integration-test/target/test-dir/MiniOzoneClusterImpl-c01b9a90-bcb1-4e29-b08c-a5022a9cdd6b/datanode-5/data/ratis/6b2a60e3-8007-44d9-a233-75b178b57a1d
2019-10-10 21:38:04,488 [pool-433-thread-1] INFO  server.RaftServerConfigKeys (ConfUtils.java:logGet(43)) - raft.server.log.queue.byte-limit = 2147483647 (custom)
2019-10-10 21:38:04,488 [pool-433-thread-1] INFO  server.RaftServerConfigKeys (ConfUtils.java:logGet(43)) - raft.server.log.queue.element-limit = 1024 (custom)
2019-10-10 21:38:04,488 [pool-433-thread-1] INFO  server.RaftServerConfigKeys (ConfUtils.java:logGet(43)) - raft.server.log.segment.size.max = 1048576 (custom)
2019-10-10 21:38:04,488 [pool-433-thread-1] INFO  server.RaftServerConfigKeys (ConfUtils.java:logGet(43)) - raft.server.log.preallocated.size = 16384 (custom)
2019-10-10 21:38:04,488 [pool-433-thread-1] INFO  server.RaftServerConfigKeys (ConfUtils.java:logGet(43)) - raft.server.log.write.buffer.size = 33554432 (custom)
2019-10-10 21:38:04,488 [pool-433-thread-1] INFO  server.RaftServerConfigKeys (ConfUtils.java:logGet(43)) - raft.server.log.force.sync.num = 128 (default)
2019-10-10 21:38:04,488 [pool-433-thread-1] INFO  server.RaftServerConfigKeys (ConfUtils.java:logGet(43)) - raft.server.log.statemachine.data.sync = true (default)
2019-10-10 21:38:04,489 [pool-433-thread-1] INFO  server.RaftServerConfigKeys (ConfUtils.java:logGet(43)) - raft.server.log.statemachine.data.sync.timeout = 10s (default)
2019-10-10 21:38:04,489 [pool-433-thread-1] INFO  server.RaftServerConfigKeys (ConfUtils.java:logGet(43)) - raft.server.log.statemachine.data.sync.timeout.retry = -1 (default)
2019-10-10 21:38:04,489 [pool-433-thread-1] INFO  server.RaftServerConfigKeys (ConfUtils.java:logGet(43)) - raft.server.log.statemachine.data.caching.enabled = true (custom)
2019-10-10 21:38:04,489 [pool-433-thread-1] INFO  segmented.SegmentedRaftLogWorker (SegmentedRaftLogWorker.java:lambda$new$0(128)) - 499e5c1f-15d6-4d5e-a71b-72fc5090a2a6@group-75B178B57A1D-SegmentedRaftLogWorker: flushIndex: setUnconditionally 0 -> -1
2019-10-10 21:38:04,489 [pool-433-thread-1] INFO  server.RaftServerConfigKeys (ConfUtils.java:logGet(43)) - raft.server.snapshot.auto.trigger.enabled = true (custom)
2019-10-10 21:38:04,490 [pool-433-thread-1] INFO  server.RaftServerConfigKeys (ConfUtils.java:logGet(43)) - raft.server.snapshot.auto.trigger.threshold = 10000 (custom)
2019-10-10 21:38:04,490 [pool-433-thread-1] INFO  server.RaftServerConfigKeys (ConfUtils.java:logGet(43)) - raft.server.snapshot.retention.file.num = 5 (custom)
2019-10-10 21:38:04,490 [pool-433-thread-1] INFO  server.RaftServerConfigKeys (ConfUtils.java:logGet(43)) - raft.server.retrycache.expirytime = 600000ms (custom)
2019-10-10 21:38:04,491 [pool-433-thread-1] INFO  impl.RaftServerImpl (RaftServerImpl.java:start(181)) - 499e5c1f-15d6-4d5e-a71b-72fc5090a2a6@group-75B178B57A1D: start as a follower, conf=-1: [499e5c1f-15d6-4d5e-a71b-72fc5090a2a6:192.168.164.253:36444], old=null
2019-10-10 21:38:04,491 [pool-433-thread-1] INFO  impl.RaftServerImpl (RaftServerImpl.java:setRole(170)) - 499e5c1f-15d6-4d5e-a71b-72fc5090a2a6@group-75B178B57A1D: changes role from      null to FOLLOWER at term 0 for startAsFollower
2019-10-10 21:38:04,491 [pool-433-thread-1] INFO  impl.RoleInfo (RoleInfo.java:updateAndGet(143)) - 499e5c1f-15d6-4d5e-a71b-72fc5090a2a6: start FollowerState
2019-10-10 21:38:04,491 [pool-433-thread-1] INFO  util.JmxRegister (JmxRegister.java:tryRegister(44)) - Successfully registered JMX Bean with object name Ratis:service=RaftServer,group=group-75B178B57A1D,id=499e5c1f-15d6-4d5e-a71b-72fc5090a2a6
2019-10-10 21:38:04,494 [RatisPipelineUtilsThread] INFO  pipeline.PipelineStateManager (PipelineStateManager.java:addPipeline(56)) - Created pipeline Pipeline[ Id: 6b2a60e3-8007-44d9-a233-75b178b57a1d, Nodes: 499e5c1f-15d6-4d5e-a71b-72fc5090a2a6{ip: 192.168.164.253, host: pr-hdds-2281-k4msp-1747625461, networkLocation: /default-rack, certSerialId: null}, Type:RATIS, Factor:ONE, State:OPEN]
2019-10-10 21:38:04,514 [grpc-default-executor-6] INFO  impl.RaftServerProxy (RaftServerProxy.java:addNew(89)) - 12ebd3da-2af7-4701-8b4a-ca499acad0da: addNew group-615C6D74C389:[499e5c1f-15d6-4d5e-a71b-72fc5090a2a6:192.168.164.253:36444, 5de4fd98-088a-4136-9385-3639a2af1cfb:192.168.164.253:45074, 12ebd3da-2af7-4701-8b4a-ca499acad0da:192.168.164.253:40997] returns group-615C6D74C389:java.util.concurrent.CompletableFuture@2ffde0c4[Not completed]
2019-10-10 21:38:04,514 [grpc-default-executor-2] INFO  impl.RaftServerProxy (RaftServerProxy.java:addNew(89)) - 499e5c1f-15d6-4d5e-a71b-72fc5090a2a6: addNew group-615C6D74C389:[499e5c1f-15d6-4d5e-a71b-72fc5090a2a6:192.168.164.253:36444, 5de4fd98-088a-4136-9385-3639a2af1cfb:192.168.164.253:45074, 12ebd3da-2af7-4701-8b4a-ca499acad0da:192.168.164.253:40997] returns group-615C6D74C389:java.util.concurrent.CompletableFuture@46985c75[Not completed]
2019-10-10 21:38:04,514 [grpc-default-executor-1] INFO  impl.RaftServerProxy (RaftServerProxy.java:addNew(89)) - 5de4fd98-088a-4136-9385-3639a2af1cfb: addNew group-615C6D74C389:[499e5c1f-15d6-4d5e-a71b-72fc5090a2a6:192.168.164.253:36444, 5de4fd98-088a-4136-9385-3639a2af1cfb:192.168.164.253:45074, 12ebd3da-2af7-4701-8b4a-ca499acad0da:192.168.164.253:40997] returns group-615C6D74C389:java.util.concurrent.CompletableFuture@5443c038[Not completed]
2019-10-10 21:38:04,515 [pool-443-thread-1] INFO  impl.RaftServerImpl (RaftServerImpl.java:<init>(95)) - 12ebd3da-2af7-4701-8b4a-ca499acad0da: new RaftServerImpl for group-615C6D74C389:[499e5c1f-15d6-4d5e-a71b-72fc5090a2a6:192.168.164.253:36444, 5de4fd98-088a-4136-9385-3639a2af1cfb:192.168.164.253:45074, 12ebd3da-2af7-4701-8b4a-ca499acad0da:192.168.164.253:40997] with ContainerStateMachine:uninitialized
2019-10-10 21:38:04,515 [pool-443-thread-1] INFO  server.RaftServerConfigKeys (ConfUtils.java:logGet(43)) - raft.server.rpc.timeout.min = 5s (custom)
2019-10-10 21:38:04,515 [pool-443-thread-1] INFO  server.RaftServerConfigKeys (ConfUtils.java:logGet(43)) - raft.server.rpc.timeout.max = 5200ms (custom)
2019-10-10 21:38:04,515 [pool-443-thread-1] INFO  server.RaftServerConfigKeys (ConfUtils.java:logGet(43)) - raft.server.rpcslowness.timeout = 120s (custom)
2019-10-10 21:38:04,515 [pool-443-thread-1] INFO  server.RaftServerConfigKeys (ConfUtils.java:logGet(43)) - raft.server.sleep.deviation.threshold = 300 (default)
2019-10-10 21:38:04,515 [pool-443-thread-1] INFO  server.RaftServerConfigKeys (ConfUtils.java:logGet(43)) - raft.server.log.appender.install.snapshot.enabled = false (custom)
2019-10-10 21:38:04,516 [pool-443-thread-1] INFO  impl.RaftServerImpl (ServerState.java:<init>(103)) - 12ebd3da-2af7-4701-8b4a-ca499acad0da@group-615C6D74C389: ConfigurationManager, init=-1: [499e5c1f-15d6-4d5e-a71b-72fc5090a2a6:192.168.164.253:36444, 5de4fd98-088a-4136-9385-3639a2af1cfb:192.168.164.253:45074, 12ebd3da-2af7-4701-8b4a-ca499acad0da:192.168.164.253:40997], old=null, confs=<EMPTY_MAP>
2019-10-10 21:38:04,516 [pool-413-thread-1] INFO  impl.RaftServerImpl (RaftServerImpl.java:<init>(95)) - 5de4fd98-088a-4136-9385-3639a2af1cfb: new RaftServerImpl for group-615C6D74C389:[499e5c1f-15d6-4d5e-a71b-72fc5090a2a6:192.168.164.253:36444, 5de4fd98-088a-4136-9385-3639a2af1cfb:192.168.164.253:45074, 12ebd3da-2af7-4701-8b4a-ca499acad0da:192.168.164.253:40997] with ContainerStateMachine:uninitialized
2019-10-10 21:38:04,516 [pool-443-thread-1] INFO  server.RaftServerConfigKeys (ConfUtils.java:logGet(43)) - raft.server.storage.dir = [/workdir/hadoop-ozone/integration-test/target/test-dir/MiniOzoneClusterImpl-c01b9a90-bcb1-4e29-b08c-a5022a9cdd6b/datanode-6/data/ratis] (custom)
2019-10-10 21:38:04,516 [pool-413-thread-1] INFO  server.RaftServerConfigKeys (ConfUtils.java:logGet(43)) - raft.server.rpc.timeout.min = 5s (custom)
2019-10-10 21:38:04,516 [pool-413-thread-1] INFO  server.RaftServerConfigKeys (ConfUtils.java:logGet(43)) - raft.server.rpc.timeout.max = 5200ms (custom)
2019-10-10 21:38:04,516 [pool-433-thread-1] INFO  impl.RaftServerImpl (RaftServerImpl.java:<init>(95)) - 499e5c1f-15d6-4d5e-a71b-72fc5090a2a6: new RaftServerImpl for group-615C6D74C389:[499e5c1f-15d6-4d5e-a71b-72fc5090a2a6:192.168.164.253:36444, 5de4fd98-088a-4136-9385-3639a2af1cfb:192.168.164.253:45074, 12ebd3da-2af7-4701-8b4a-ca499acad0da:192.168.164.253:40997] with ContainerStateMachine:uninitialized
2019-10-10 21:38:04,516 [pool-443-thread-1] INFO  server.RaftServerConfigKeys (ConfUtils.java:logGet(43)) - raft.server.log.corruption.policy = EXCEPTION (default)
2019-10-10 21:38:04,516 [pool-433-thread-1] INFO  server.RaftServerConfigKeys (ConfUtils.java:logGet(43)) - raft.server.rpc.timeout.min = 5s (custom)
2019-10-10 21:38:04,516 [pool-413-thread-1] INFO  server.RaftServerConfigKeys (ConfUtils.java:logGet(43)) - raft.server.rpcslowness.timeout = 120s (custom)
2019-10-10 21:38:04,516 [pool-433-thread-1] INFO  server.RaftServerConfigKeys (ConfUtils.java:logGet(43)) - raft.server.rpc.timeout.max = 5200ms (custom)
2019-10-10 21:38:04,516 [pool-443-thread-1] INFO  storage.RaftStorageDirectory (RaftStorageDirectory.java:analyzeStorage(246)) - The storage directory /workdir/hadoop-ozone/integration-test/target/test-dir/MiniOzoneClusterImpl-c01b9a90-bcb1-4e29-b08c-a5022a9cdd6b/datanode-6/data/ratis/67081f1f-35a3-4df4-bfe5-615c6d74c389 does not exist. Creating ...
2019-10-10 21:38:04,517 [pool-433-thread-1] INFO  server.RaftServerConfigKeys (ConfUtils.java:logGet(43)) - raft.server.rpcslowness.timeout = 120s (custom)
2019-10-10 21:38:04,517 [pool-413-thread-1] INFO  server.RaftServerConfigKeys (ConfUtils.java:logGet(43)) - raft.server.sleep.deviation.threshold = 300 (default)
2019-10-10 21:38:04,517 [pool-433-thread-1] INFO  server.RaftServerConfigKeys (ConfUtils.java:logGet(43)) - raft.server.sleep.deviation.threshold = 300 (default)
2019-10-10 21:38:04,517 [pool-413-thread-1] INFO  server.RaftServerConfigKeys (ConfUtils.java:logGet(43)) - raft.server.log.appender.install.snapshot.enabled = false (custom)
2019-10-10 21:38:04,517 [pool-433-thread-1] INFO  server.RaftServerConfigKeys (ConfUtils.java:logGet(43)) - raft.server.log.appender.install.snapshot.enabled = false (custom)
2019-10-10 21:38:04,517 [pool-413-thread-1] INFO  impl.RaftServerImpl (ServerState.java:<init>(103)) - 5de4fd98-088a-4136-9385-3639a2af1cfb@group-615C6D74C389: ConfigurationManager, init=-1: [499e5c1f-15d6-4d5e-a71b-72fc5090a2a6:192.168.164.253:36444, 5de4fd98-088a-4136-9385-3639a2af1cfb:192.168.164.253:45074, 12ebd3da-2af7-4701-8b4a-ca499acad0da:192.168.164.253:40997], old=null, confs=<EMPTY_MAP>
2019-10-10 21:38:04,517 [pool-433-thread-1] INFO  impl.RaftServerImpl (ServerState.java:<init>(103)) - 499e5c1f-15d6-4d5e-a71b-72fc5090a2a6@group-615C6D74C389: ConfigurationManager, init=-1: [499e5c1f-15d6-4d5e-a71b-72fc5090a2a6:192.168.164.253:36444, 5de4fd98-088a-4136-9385-3639a2af1cfb:192.168.164.253:45074, 12ebd3da-2af7-4701-8b4a-ca499acad0da:192.168.164.253:40997], old=null, confs=<EMPTY_MAP>
2019-10-10 21:38:04,517 [pool-413-thread-1] INFO  server.RaftServerConfigKeys (ConfUtils.java:logGet(43)) - raft.server.storage.dir = [/workdir/hadoop-ozone/integration-test/target/test-dir/MiniOzoneClusterImpl-c01b9a90-bcb1-4e29-b08c-a5022a9cdd6b/datanode-3/data/ratis] (custom)
2019-10-10 21:38:04,517 [pool-433-thread-1] INFO  server.RaftServerConfigKeys (ConfUtils.java:logGet(43)) - raft.server.storage.dir = [/workdir/hadoop-ozone/integration-test/target/test-dir/MiniOzoneClusterImpl-c01b9a90-bcb1-4e29-b08c-a5022a9cdd6b/datanode-5/data/ratis] (custom)
2019-10-10 21:38:04,518 [pool-413-thread-1] INFO  server.RaftServerConfigKeys (ConfUtils.java:logGet(43)) - raft.server.log.corruption.policy = EXCEPTION (default)
2019-10-10 21:38:04,518 [pool-433-thread-1] INFO  server.RaftServerConfigKeys (ConfUtils.java:logGet(43)) - raft.server.log.corruption.policy = EXCEPTION (default)
2019-10-10 21:38:04,518 [pool-413-thread-1] INFO  storage.RaftStorageDirectory (RaftStorageDirectory.java:analyzeStorage(246)) - The storage directory /workdir/hadoop-ozone/integration-test/target/test-dir/MiniOzoneClusterImpl-c01b9a90-bcb1-4e29-b08c-a5022a9cdd6b/datanode-3/data/ratis/67081f1f-35a3-4df4-bfe5-615c6d74c389 does not exist. Creating ...
2019-10-10 21:38:04,518 [pool-433-thread-1] INFO  storage.RaftStorageDirectory (RaftStorageDirectory.java:analyzeStorage(246)) - The storage directory /workdir/hadoop-ozone/integration-test/target/test-dir/MiniOzoneClusterImpl-c01b9a90-bcb1-4e29-b08c-a5022a9cdd6b/datanode-5/data/ratis/67081f1f-35a3-4df4-bfe5-615c6d74c389 does not exist. Creating ...
2019-10-10 21:38:04,539 [pool-433-thread-1] INFO  storage.RaftStorageDirectory (RaftStorageDirectory.java:tryLock(328)) - Lock on /workdir/hadoop-ozone/integration-test/target/test-dir/MiniOzoneClusterImpl-c01b9a90-bcb1-4e29-b08c-a5022a9cdd6b/datanode-5/data/ratis/67081f1f-35a3-4df4-bfe5-615c6d74c389/in_use.lock acquired by nodename 17759@pr-hdds-2281-k4msp-1747625461
2019-10-10 21:38:04,539 [pool-413-thread-1] INFO  storage.RaftStorageDirectory (RaftStorageDirectory.java:tryLock(328)) - Lock on /workdir/hadoop-ozone/integration-test/target/test-dir/MiniOzoneClusterImpl-c01b9a90-bcb1-4e29-b08c-a5022a9cdd6b/datanode-3/data/ratis/67081f1f-35a3-4df4-bfe5-615c6d74c389/in_use.lock acquired by nodename 17759@pr-hdds-2281-k4msp-1747625461
2019-10-10 21:38:04,539 [pool-443-thread-1] INFO  storage.RaftStorageDirectory (RaftStorageDirectory.java:tryLock(328)) - Lock on /workdir/hadoop-ozone/integration-test/target/test-dir/MiniOzoneClusterImpl-c01b9a90-bcb1-4e29-b08c-a5022a9cdd6b/datanode-6/data/ratis/67081f1f-35a3-4df4-bfe5-615c6d74c389/in_use.lock acquired by nodename 17759@pr-hdds-2281-k4msp-1747625461
2019-10-10 21:38:04,562 [pool-413-thread-1] INFO  storage.RaftStorage (RaftStorage.java:format(84)) - Storage directory /workdir/hadoop-ozone/integration-test/target/test-dir/MiniOzoneClusterImpl-c01b9a90-bcb1-4e29-b08c-a5022a9cdd6b/datanode-3/data/ratis/67081f1f-35a3-4df4-bfe5-615c6d74c389 has been successfully formatted.
2019-10-10 21:38:04,562 [pool-433-thread-1] INFO  storage.RaftStorage (RaftStorage.java:format(84)) - Storage directory /workdir/hadoop-ozone/integration-test/target/test-dir/MiniOzoneClusterImpl-c01b9a90-bcb1-4e29-b08c-a5022a9cdd6b/datanode-5/data/ratis/67081f1f-35a3-4df4-bfe5-615c6d74c389 has been successfully formatted.
2019-10-10 21:38:04,562 [pool-413-thread-1] INFO  ratis.ContainerStateMachine (ContainerStateMachine.java:loadSnapshot(231)) - group-615C6D74C389: The snapshot info is null. Setting the last applied indexto:(t:0, i:~)
2019-10-10 21:38:04,562 [pool-443-thread-1] INFO  storage.RaftStorage (RaftStorage.java:format(84)) - Storage directory /workdir/hadoop-ozone/integration-test/target/test-dir/MiniOzoneClusterImpl-c01b9a90-bcb1-4e29-b08c-a5022a9cdd6b/datanode-6/data/ratis/67081f1f-35a3-4df4-bfe5-615c6d74c389 has been successfully formatted.
2019-10-10 21:38:04,563 [pool-433-thread-1] INFO  ratis.ContainerStateMachine (ContainerStateMachine.java:loadSnapshot(231)) - group-615C6D74C389: The snapshot info is null. Setting the last applied indexto:(t:0, i:~)
2019-10-10 21:38:04,563 [pool-413-thread-1] INFO  server.RaftServerConfigKeys (ConfUtils.java:logGet(43)) - raft.server.notification.no-leader.timeout = 120s (custom)
2019-10-10 21:38:04,563 [pool-433-thread-1] INFO  server.RaftServerConfigKeys (ConfUtils.java:logGet(43)) - raft.server.notification.no-leader.timeout = 120s (custom)
2019-10-10 21:38:04,563 [pool-443-thread-1] INFO  ratis.ContainerStateMachine (ContainerStateMachine.java:loadSnapshot(231)) - group-615C6D74C389: The snapshot info is null. Setting the last applied indexto:(t:0, i:~)
2019-10-10 21:38:04,563 [pool-433-thread-1] INFO  server.RaftServerConfigKeys (ConfUtils.java:logGet(43)) - raft.server.log.use.memory = false (default)
2019-10-10 21:38:04,563 [pool-413-thread-1] INFO  server.RaftServerConfigKeys (ConfUtils.java:logGet(43)) - raft.server.log.use.memory = false (default)
2019-10-10 21:38:04,563 [pool-433-thread-1] INFO  server.RaftServerConfigKeys (ConfUtils.java:logGet(43)) - raft.server.log.purge.gap = 1000000 (custom)
2019-10-10 21:38:04,563 [pool-443-thread-1] INFO  server.RaftServerConfigKeys (ConfUtils.java:logGet(43)) - raft.server.notification.no-leader.timeout = 120s (custom)
2019-10-10 21:38:04,564 [pool-433-thread-1] INFO  server.RaftServerConfigKeys (ConfUtils.java:logGet(43)) - raft.server.log.appender.buffer.byte-limit = 33554432 (custom)
2019-10-10 21:38:04,564 [pool-413-thread-1] INFO  server.RaftServerConfigKeys (ConfUtils.java:logGet(43)) - raft.server.log.purge.gap = 1000000 (custom)
2019-10-10 21:38:04,564 [pool-433-thread-1] INFO  server.RaftServerConfigKeys (ConfUtils.java:logGet(43)) - raft.server.log.segment.size.max = 1048576 (custom)
2019-10-10 21:38:04,564 [pool-443-thread-1] INFO  server.RaftServerConfigKeys (ConfUtils.java:logGet(43)) - raft.server.log.use.memory = false (default)
2019-10-10 21:38:04,564 [pool-433-thread-1] INFO  server.RaftServerConfigKeys (ConfUtils.java:logGet(43)) - raft.server.log.segment.cache.num.max = 2 (custom)
2019-10-10 21:38:04,564 [pool-413-thread-1] INFO  server.RaftServerConfigKeys (ConfUtils.java:logGet(43)) - raft.server.log.appender.buffer.byte-limit = 33554432 (custom)
2019-10-10 21:38:04,565 [pool-433-thread-1] INFO  segmented.SegmentedRaftLogWorker (SegmentedRaftLogWorker.java:<init>(173)) - new 499e5c1f-15d6-4d5e-a71b-72fc5090a2a6@group-615C6D74C389-SegmentedRaftLogWorker for RaftStorage:Storage Directory /workdir/hadoop-ozone/integration-test/target/test-dir/MiniOzoneClusterImpl-c01b9a90-bcb1-4e29-b08c-a5022a9cdd6b/datanode-5/data/ratis/67081f1f-35a3-4df4-bfe5-615c6d74c389
2019-10-10 21:38:04,564 [pool-443-thread-1] INFO  server.RaftServerConfigKeys (ConfUtils.java:logGet(43)) - raft.server.log.purge.gap = 1000000 (custom)
2019-10-10 21:38:04,565 [pool-433-thread-1] INFO  server.RaftServerConfigKeys (ConfUtils.java:logGet(43)) - raft.server.log.queue.byte-limit = 2147483647 (custom)
2019-10-10 21:38:04,565 [pool-413-thread-1] INFO  server.RaftServerConfigKeys (ConfUtils.java:logGet(43)) - raft.server.log.segment.size.max = 1048576 (custom)
2019-10-10 21:38:04,565 [pool-433-thread-1] INFO  server.RaftServerConfigKeys (ConfUtils.java:logGet(43)) - raft.server.log.queue.element-limit = 1024 (custom)
2019-10-10 21:38:04,565 [pool-443-thread-1] INFO  server.RaftServerConfigKeys (ConfUtils.java:logGet(43)) - raft.server.log.appender.buffer.byte-limit = 33554432 (custom)
2019-10-10 21:38:04,566 [pool-433-thread-1] INFO  server.RaftServerConfigKeys (ConfUtils.java:logGet(43)) - raft.server.log.segment.size.max = 1048576 (custom)
2019-10-10 21:38:04,565 [pool-413-thread-1] INFO  server.RaftServerConfigKeys (ConfUtils.java:logGet(43)) - raft.server.log.segment.cache.num.max = 2 (custom)
2019-10-10 21:38:04,566 [pool-433-thread-1] INFO  server.RaftServerConfigKeys (ConfUtils.java:logGet(43)) - raft.server.log.preallocated.size = 16384 (custom)
2019-10-10 21:38:04,566 [pool-443-thread-1] INFO  server.RaftServerConfigKeys (ConfUtils.java:logGet(43)) - raft.server.log.segment.size.max = 1048576 (custom)
2019-10-10 21:38:04,566 [pool-433-thread-1] INFO  server.RaftServerConfigKeys (ConfUtils.java:logGet(43)) - raft.server.log.write.buffer.size = 33554432 (custom)
2019-10-10 21:38:04,566 [pool-413-thread-1] INFO  segmented.SegmentedRaftLogWorker (SegmentedRaftLogWorker.java:<init>(173)) - new 5de4fd98-088a-4136-9385-3639a2af1cfb@group-615C6D74C389-SegmentedRaftLogWorker for RaftStorage:Storage Directory /workdir/hadoop-ozone/integration-test/target/test-dir/MiniOzoneClusterImpl-c01b9a90-bcb1-4e29-b08c-a5022a9cdd6b/datanode-3/data/ratis/67081f1f-35a3-4df4-bfe5-615c6d74c389
2019-10-10 21:38:04,567 [pool-433-thread-1] INFO  server.RaftServerConfigKeys (ConfUtils.java:logGet(43)) - raft.server.log.force.sync.num = 128 (default)
2019-10-10 21:38:04,566 [pool-443-thread-1] INFO  server.RaftServerConfigKeys (ConfUtils.java:logGet(43)) - raft.server.log.segment.cache.num.max = 2 (custom)
2019-10-10 21:38:04,567 [pool-433-thread-1] INFO  server.RaftServerConfigKeys (ConfUtils.java:logGet(43)) - raft.server.log.statemachine.data.sync = true (default)
2019-10-10 21:38:04,567 [pool-413-thread-1] INFO  server.RaftServerConfigKeys (ConfUtils.java:logGet(43)) - raft.server.log.queue.byte-limit = 2147483647 (custom)
2019-10-10 21:38:04,567 [pool-433-thread-1] INFO  server.RaftServerConfigKeys (ConfUtils.java:logGet(43)) - raft.server.log.statemachine.data.sync.timeout = 10s (default)
2019-10-10 21:38:04,567 [pool-443-thread-1] INFO  segmented.SegmentedRaftLogWorker (SegmentedRaftLogWorker.java:<init>(173)) - new 12ebd3da-2af7-4701-8b4a-ca499acad0da@group-615C6D74C389-SegmentedRaftLogWorker for RaftStorage:Storage Directory /workdir/hadoop-ozone/integration-test/target/test-dir/MiniOzoneClusterImpl-c01b9a90-bcb1-4e29-b08c-a5022a9cdd6b/datanode-6/data/ratis/67081f1f-35a3-4df4-bfe5-615c6d74c389
2019-10-10 21:38:04,568 [pool-433-thread-1] INFO  server.RaftServerConfigKeys (ConfUtils.java:logGet(43)) - raft.server.log.statemachine.data.sync.timeout.retry = -1 (default)
2019-10-10 21:38:04,567 [pool-413-thread-1] INFO  server.RaftServerConfigKeys (ConfUtils.java:logGet(43)) - raft.server.log.queue.element-limit = 1024 (custom)
2019-10-10 21:38:04,568 [pool-443-thread-1] INFO  server.RaftServerConfigKeys (ConfUtils.java:logGet(43)) - raft.server.log.queue.byte-limit = 2147483647 (custom)
2019-10-10 21:38:04,568 [pool-413-thread-1] INFO  server.RaftServerConfigKeys (ConfUtils.java:logGet(43)) - raft.server.log.segment.size.max = 1048576 (custom)
2019-10-10 21:38:04,568 [pool-433-thread-1] INFO  server.RaftServerConfigKeys (ConfUtils.java:logGet(43)) - raft.server.log.statemachine.data.caching.enabled = true (custom)
2019-10-10 21:38:04,568 [pool-413-thread-1] INFO  server.RaftServerConfigKeys (ConfUtils.java:logGet(43)) - raft.server.log.preallocated.size = 16384 (custom)
2019-10-10 21:38:04,568 [pool-443-thread-1] INFO  server.RaftServerConfigKeys (ConfUtils.java:logGet(43)) - raft.server.log.queue.element-limit = 1024 (custom)
2019-10-10 21:38:04,568 [pool-413-thread-1] INFO  server.RaftServerConfigKeys (ConfUtils.java:logGet(43)) - raft.server.log.write.buffer.size = 33554432 (custom)
2019-10-10 21:38:04,569 [pool-433-thread-1] INFO  segmented.SegmentedRaftLogWorker (SegmentedRaftLogWorker.java:lambda$new$0(128)) - 499e5c1f-15d6-4d5e-a71b-72fc5090a2a6@group-615C6D74C389-SegmentedRaftLogWorker: flushIndex: setUnconditionally 0 -> -1
2019-10-10 21:38:04,569 [pool-443-thread-1] INFO  server.RaftServerConfigKeys (ConfUtils.java:logGet(43)) - raft.server.log.segment.size.max = 1048576 (custom)
2019-10-10 21:38:04,569 [pool-413-thread-1] INFO  server.RaftServerConfigKeys (ConfUtils.java:logGet(43)) - raft.server.log.force.sync.num = 128 (default)
2019-10-10 21:38:04,569 [pool-433-thread-1] INFO  server.RaftServerConfigKeys (ConfUtils.java:logGet(43)) - raft.server.snapshot.auto.trigger.enabled = true (custom)
2019-10-10 21:38:04,569 [pool-443-thread-1] INFO  server.RaftServerConfigKeys (ConfUtils.java:logGet(43)) - raft.server.log.preallocated.size = 16384 (custom)
2019-10-10 21:38:04,569 [pool-433-thread-1] INFO  server.RaftServerConfigKeys (ConfUtils.java:logGet(43)) - raft.server.snapshot.auto.trigger.threshold = 10000 (custom)
2019-10-10 21:38:04,569 [pool-413-thread-1] INFO  server.RaftServerConfigKeys (ConfUtils.java:logGet(43)) - raft.server.log.statemachine.data.sync = true (default)
2019-10-10 21:38:04,569 [pool-433-thread-1] INFO  server.RaftServerConfigKeys (ConfUtils.java:logGet(43)) - raft.server.snapshot.retention.file.num = 5 (custom)
2019-10-10 21:38:04,569 [pool-443-thread-1] INFO  server.RaftServerConfigKeys (ConfUtils.java:logGet(43)) - raft.server.log.write.buffer.size = 33554432 (custom)
2019-10-10 21:38:04,570 [pool-433-thread-1] INFO  server.RaftServerConfigKeys (ConfUtils.java:logGet(43)) - raft.server.retrycache.expirytime = 600000ms (custom)
2019-10-10 21:38:04,570 [pool-413-thread-1] INFO  server.RaftServerConfigKeys (ConfUtils.java:logGet(43)) - raft.server.log.statemachine.data.sync.timeout = 10s (default)
2019-10-10 21:38:04,570 [pool-443-thread-1] INFO  server.RaftServerConfigKeys (ConfUtils.java:logGet(43)) - raft.server.log.force.sync.num = 128 (default)
2019-10-10 21:38:04,570 [pool-413-thread-1] INFO  server.RaftServerConfigKeys (ConfUtils.java:logGet(43)) - raft.server.log.statemachine.data.sync.timeout.retry = -1 (default)
2019-10-10 21:38:04,570 [pool-443-thread-1] INFO  server.RaftServerConfigKeys (ConfUtils.java:logGet(43)) - raft.server.log.statemachine.data.sync = true (default)
2019-10-10 21:38:04,570 [pool-413-thread-1] INFO  server.RaftServerConfigKeys (ConfUtils.java:logGet(43)) - raft.server.log.statemachine.data.caching.enabled = true (custom)
2019-10-10 21:38:04,570 [pool-443-thread-1] INFO  server.RaftServerConfigKeys (ConfUtils.java:logGet(43)) - raft.server.log.statemachine.data.sync.timeout = 10s (default)
2019-10-10 21:38:04,571 [pool-443-thread-1] INFO  server.RaftServerConfigKeys (ConfUtils.java:logGet(43)) - raft.server.log.statemachine.data.sync.timeout.retry = -1 (default)
2019-10-10 21:38:04,571 [pool-413-thread-1] INFO  segmented.SegmentedRaftLogWorker (SegmentedRaftLogWorker.java:lambda$new$0(128)) - 5de4fd98-088a-4136-9385-3639a2af1cfb@group-615C6D74C389-SegmentedRaftLogWorker: flushIndex: setUnconditionally 0 -> -1
2019-10-10 21:38:04,571 [pool-443-thread-1] INFO  server.RaftServerConfigKeys (ConfUtils.java:logGet(43)) - raft.server.log.statemachine.data.caching.enabled = true (custom)
2019-10-10 21:38:04,571 [pool-413-thread-1] INFO  server.RaftServerConfigKeys (ConfUtils.java:logGet(43)) - raft.server.snapshot.auto.trigger.enabled = true (custom)
2019-10-10 21:38:04,571 [pool-443-thread-1] INFO  segmented.SegmentedRaftLogWorker (SegmentedRaftLogWorker.java:lambda$new$0(128)) - 12ebd3da-2af7-4701-8b4a-ca499acad0da@group-615C6D74C389-SegmentedRaftLogWorker: flushIndex: setUnconditionally 0 -> -1
2019-10-10 21:38:04,571 [pool-413-thread-1] INFO  server.RaftServerConfigKeys (ConfUtils.java:logGet(43)) - raft.server.snapshot.auto.trigger.threshold = 10000 (custom)
2019-10-10 21:38:04,571 [pool-433-thread-1] INFO  impl.RaftServerImpl (RaftServerImpl.java:start(181)) - 499e5c1f-15d6-4d5e-a71b-72fc5090a2a6@group-615C6D74C389: start as a follower, conf=-1: [499e5c1f-15d6-4d5e-a71b-72fc5090a2a6:192.168.164.253:36444, 5de4fd98-088a-4136-9385-3639a2af1cfb:192.168.164.253:45074, 12ebd3da-2af7-4701-8b4a-ca499acad0da:192.168.164.253:40997], old=null
2019-10-10 21:38:04,571 [pool-443-thread-1] INFO  server.RaftServerConfigKeys (ConfUtils.java:logGet(43)) - raft.server.snapshot.auto.trigger.enabled = true (custom)
2019-10-10 21:38:04,571 [pool-413-thread-1] INFO  server.RaftServerConfigKeys (ConfUtils.java:logGet(43)) - raft.server.snapshot.retention.file.num = 5 (custom)
2019-10-10 21:38:04,571 [pool-443-thread-1] INFO  server.RaftServerConfigKeys (ConfUtils.java:logGet(43)) - raft.server.snapshot.auto.trigger.threshold = 10000 (custom)
2019-10-10 21:38:04,571 [pool-433-thread-1] INFO  impl.RaftServerImpl (RaftServerImpl.java:setRole(170)) - 499e5c1f-15d6-4d5e-a71b-72fc5090a2a6@group-615C6D74C389: changes role from      null to FOLLOWER at term 0 for startAsFollower
2019-10-10 21:38:04,572 [pool-443-thread-1] INFO  server.RaftServerConfigKeys (ConfUtils.java:logGet(43)) - raft.server.snapshot.retention.file.num = 5 (custom)
2019-10-10 21:38:04,572 [pool-413-thread-1] INFO  server.RaftServerConfigKeys (ConfUtils.java:logGet(43)) - raft.server.retrycache.expirytime = 600000ms (custom)
2019-10-10 21:38:04,572 [pool-443-thread-1] INFO  server.RaftServerConfigKeys (ConfUtils.java:logGet(43)) - raft.server.retrycache.expirytime = 600000ms (custom)
2019-10-10 21:38:04,572 [pool-433-thread-1] INFO  impl.RoleInfo (RoleInfo.java:updateAndGet(143)) - 499e5c1f-15d6-4d5e-a71b-72fc5090a2a6: start FollowerState
2019-10-10 21:38:04,572 [pool-433-thread-1] INFO  util.JmxRegister (JmxRegister.java:tryRegister(44)) - Successfully registered JMX Bean with object name Ratis:service=RaftServer,group=group-615C6D74C389,id=499e5c1f-15d6-4d5e-a71b-72fc5090a2a6
2019-10-10 21:38:04,575 [pool-413-thread-1] INFO  impl.RaftServerImpl (RaftServerImpl.java:start(181)) - 5de4fd98-088a-4136-9385-3639a2af1cfb@group-615C6D74C389: start as a follower, conf=-1: [499e5c1f-15d6-4d5e-a71b-72fc5090a2a6:192.168.164.253:36444, 5de4fd98-088a-4136-9385-3639a2af1cfb:192.168.164.253:45074, 12ebd3da-2af7-4701-8b4a-ca499acad0da:192.168.164.253:40997], old=null
2019-10-10 21:38:04,575 [pool-413-thread-1] INFO  impl.RaftServerImpl (RaftServerImpl.java:setRole(170)) - 5de4fd98-088a-4136-9385-3639a2af1cfb@group-615C6D74C389: changes role from      null to FOLLOWER at term 0 for startAsFollower
2019-10-10 21:38:04,576 [pool-413-thread-1] INFO  impl.RoleInfo (RoleInfo.java:updateAndGet(143)) - 5de4fd98-088a-4136-9385-3639a2af1cfb: start FollowerState
2019-10-10 21:38:04,576 [pool-443-thread-1] INFO  impl.RaftServerImpl (RaftServerImpl.java:start(181)) - 12ebd3da-2af7-4701-8b4a-ca499acad0da@group-615C6D74C389: start as a follower, conf=-1: [499e5c1f-15d6-4d5e-a71b-72fc5090a2a6:192.168.164.253:36444, 5de4fd98-088a-4136-9385-3639a2af1cfb:192.168.164.253:45074, 12ebd3da-2af7-4701-8b4a-ca499acad0da:192.168.164.253:40997], old=null
2019-10-10 21:38:04,576 [pool-413-thread-1] INFO  util.JmxRegister (JmxRegister.java:tryRegister(44)) - Successfully registered JMX Bean with object name Ratis:service=RaftServer,group=group-615C6D74C389,id=5de4fd98-088a-4136-9385-3639a2af1cfb
2019-10-10 21:38:04,576 [pool-443-thread-1] INFO  impl.RaftServerImpl (RaftServerImpl.java:setRole(170)) - 12ebd3da-2af7-4701-8b4a-ca499acad0da@group-615C6D74C389: changes role from      null to FOLLOWER at term 0 for startAsFollower
2019-10-10 21:38:04,576 [pool-443-thread-1] INFO  impl.RoleInfo (RoleInfo.java:updateAndGet(143)) - 12ebd3da-2af7-4701-8b4a-ca499acad0da: start FollowerState
2019-10-10 21:38:04,576 [pool-443-thread-1] INFO  util.JmxRegister (JmxRegister.java:tryRegister(44)) - Successfully registered JMX Bean with object name Ratis:service=RaftServer,group=group-615C6D74C389,id=12ebd3da-2af7-4701-8b4a-ca499acad0da
2019-10-10 21:38:04,581 [RatisPipelineUtilsThread] INFO  pipeline.PipelineStateManager (PipelineStateManager.java:addPipeline(56)) - Created pipeline Pipeline[ Id: 67081f1f-35a3-4df4-bfe5-615c6d74c389, Nodes: 12ebd3da-2af7-4701-8b4a-ca499acad0da{ip: 192.168.164.253, host: pr-hdds-2281-k4msp-1747625461, networkLocation: /default-rack, certSerialId: null}5de4fd98-088a-4136-9385-3639a2af1cfb{ip: 192.168.164.253, host: pr-hdds-2281-k4msp-1747625461, networkLocation: /default-rack, certSerialId: null}499e5c1f-15d6-4d5e-a71b-72fc5090a2a6{ip: 192.168.164.253, host: pr-hdds-2281-k4msp-1747625461, networkLocation: /default-rack, certSerialId: null}, Type:RATIS, Factor:THREE, State:OPEN]
2019-10-10 21:38:05,499 [grpc-default-executor-6] WARN  server.GrpcLogAppender (LogUtils.java:warn(134)) - e470dbc6-b7c3-4cc5-bcba-9849bb7698b4@group-E0DA6B936123->4d6c447f-053a-4089-9221-5a9185208761-AppendLogResponseHandler: Failed appendEntries: org.apache.ratis.thirdparty.io.grpc.StatusRuntimeException: UNAVAILABLE: io exception
2019-10-10 21:38:05,500 [grpc-default-executor-6] INFO  impl.FollowerInfo (FollowerInfo.java:lambda$new$0(51)) - e470dbc6-b7c3-4cc5-bcba-9849bb7698b4@group-E0DA6B936123->4d6c447f-053a-4089-9221-5a9185208761: nextIndex: updateUnconditionally 0 -> 0
2019-10-10 21:38:05,503 [grpc-default-executor-1] WARN  server.GrpcLogAppender (LogUtils.java:warn(134)) - e470dbc6-b7c3-4cc5-bcba-9849bb7698b4@group-E0DA6B936123->36dc106a-b650-4673-a9ea-d6528ce93d44-AppendLogResponseHandler: Failed appendEntries: org.apache.ratis.thirdparty.io.grpc.StatusRuntimeException: UNAVAILABLE: io exception
2019-10-10 21:38:05,504 [grpc-default-executor-1] INFO  impl.FollowerInfo (FollowerInfo.java:lambda$new$0(51)) - e470dbc6-b7c3-4cc5-bcba-9849bb7698b4@group-E0DA6B936123->36dc106a-b650-4673-a9ea-d6528ce93d44: nextIndex: updateUnconditionally 0 -> 0
2019-10-10 21:38:05,682 [Thread-2399] INFO  client.GrpcClientProtocolService (GrpcClientProtocolService.java:lambda$processClientRequest$0(278)) - Failed RaftClientRequest:client-9F8D9D269749->e470dbc6-b7c3-4cc5-bcba-9849bb7698b4@group-E0DA6B936123, cid=67, seq=0, Watch-ALL_COMMITTED(23), Message:<EMPTY>, reply=RaftClientReply:client-9F8D9D269749->e470dbc6-b7c3-4cc5-bcba-9849bb7698b4@group-E0DA6B936123, cid=67, FAILED org.apache.ratis.protocol.NotReplicatedException: Request with call Id 67 and log index 23 is not yet replicated to ALL_COMMITTED, logIndex=23, commits[e470dbc6-b7c3-4cc5-bcba-9849bb7698b4:c2, 36dc106a-b650-4673-a9ea-d6528ce93d44:c2, 4d6c447f-053a-4089-9221-5a9185208761:c2]
2019-10-10 21:38:05,682 [Thread-2400] INFO  client.GrpcClientProtocolService (GrpcClientProtocolService.java:lambda$processClientRequest$0(278)) - Failed RaftClientRequest:client-9F8D9D269749->e470dbc6-b7c3-4cc5-bcba-9849bb7698b4@group-E0DA6B936123, cid=68, seq=0, Watch-MAJORITY_COMMITTED(23), Message:<EMPTY>, reply=RaftClientReply:client-9F8D9D269749->e470dbc6-b7c3-4cc5-bcba-9849bb7698b4@group-E0DA6B936123, cid=68, FAILED org.apache.ratis.protocol.NotReplicatedException: Request with call Id 68 and log index 23 is not yet replicated to MAJORITY_COMMITTED, logIndex=23, commits[e470dbc6-b7c3-4cc5-bcba-9849bb7698b4:c2, 36dc106a-b650-4673-a9ea-d6528ce93d44:c2, 4d6c447f-053a-4089-9221-5a9185208761:c2]
2019-10-10 21:38:06,777 [Thread-2347] INFO  container.ReplicationManager (ReplicationManager.java:start(162)) - Starting Replication Monitor Thread.
2019-10-10 21:38:06,781 [ReplicationMonitor] INFO  container.ReplicationManager (ReplicationManager.java:run(225)) - Replication Monitor Thread took 1 milliseconds for processing 1 containers.
2019-10-10 21:38:08,000 [grpc-default-executor-2] WARN  server.GrpcLogAppender (LogUtils.java:warn(134)) - e470dbc6-b7c3-4cc5-bcba-9849bb7698b4@group-E0DA6B936123->4d6c447f-053a-4089-9221-5a9185208761-AppendLogResponseHandler: Failed appendEntries: org.apache.ratis.thirdparty.io.grpc.StatusRuntimeException: UNAVAILABLE: io exception
2019-10-10 21:38:08,001 [grpc-default-executor-2] INFO  impl.FollowerInfo (FollowerInfo.java:lambda$new$0(51)) - e470dbc6-b7c3-4cc5-bcba-9849bb7698b4@group-E0DA6B936123->4d6c447f-053a-4089-9221-5a9185208761: nextIndex: updateUnconditionally 0 -> 0
2019-10-10 21:38:08,003 [grpc-default-executor-6] WARN  server.GrpcLogAppender (LogUtils.java:warn(134)) - e470dbc6-b7c3-4cc5-bcba-9849bb7698b4@group-E0DA6B936123->36dc106a-b650-4673-a9ea-d6528ce93d44-AppendLogResponseHandler: Failed appendEntries: org.apache.ratis.thirdparty.io.grpc.StatusRuntimeException: UNAVAILABLE: io exception
2019-10-10 21:38:08,004 [grpc-default-executor-6] INFO  impl.FollowerInfo (FollowerInfo.java:lambda$new$0(51)) - e470dbc6-b7c3-4cc5-bcba-9849bb7698b4@group-E0DA6B936123->36dc106a-b650-4673-a9ea-d6528ce93d44: nextIndex: updateUnconditionally 0 -> 0
2019-10-10 21:38:09,016 [Thread-2355] INFO  impl.FollowerState (FollowerState.java:run(108)) - 8d399f50-bc32-4264-b3f5-d56cb7cc68f1@group-C5878406614E-FollowerState: change to CANDIDATE, lastRpcTime:5013ms, electionTimeout:5013ms
2019-10-10 21:38:09,016 [Thread-2355] INFO  impl.RoleInfo (RoleInfo.java:shutdownFollowerState(121)) - 8d399f50-bc32-4264-b3f5-d56cb7cc68f1: shutdown FollowerState
2019-10-10 21:38:09,016 [Thread-2355] INFO  impl.RaftServerImpl (RaftServerImpl.java:setRole(170)) - 8d399f50-bc32-4264-b3f5-d56cb7cc68f1@group-C5878406614E: changes role from  FOLLOWER to CANDIDATE at term 0 for changeToCandidate
2019-10-10 21:38:09,016 [Thread-2355] INFO  impl.RoleInfo (RoleInfo.java:updateAndGet(143)) - 8d399f50-bc32-4264-b3f5-d56cb7cc68f1: start LeaderElection
2019-10-10 21:38:09,042 [Thread-2349] INFO  impl.FollowerState (FollowerState.java:run(108)) - 2e853c8f-06d9-4a3a-9697-1c4a2c6aedee@group-F31FEBA62CAE-FollowerState: change to CANDIDATE, lastRpcTime:5194ms, electionTimeout:5194ms
2019-10-10 21:38:09,042 [Thread-2349] INFO  impl.RoleInfo (RoleInfo.java:shutdownFollowerState(121)) - 2e853c8f-06d9-4a3a-9697-1c4a2c6aedee: shutdown FollowerState
2019-10-10 21:38:09,043 [Thread-2349] INFO  impl.RaftServerImpl (RaftServerImpl.java:setRole(170)) - 2e853c8f-06d9-4a3a-9697-1c4a2c6aedee@group-F31FEBA62CAE: changes role from  FOLLOWER to CANDIDATE at term 0 for changeToCandidate
2019-10-10 21:38:09,043 [Thread-2349] INFO  impl.RoleInfo (RoleInfo.java:updateAndGet(143)) - 2e853c8f-06d9-4a3a-9697-1c4a2c6aedee: start LeaderElection
2019-10-10 21:38:09,055 [8d399f50-bc32-4264-b3f5-d56cb7cc68f1@group-C5878406614E-LeaderElection82] INFO  impl.LeaderElection (LeaderElection.java:askForVotes(178)) - 8d399f50-bc32-4264-b3f5-d56cb7cc68f1@group-C5878406614E-LeaderElection82: begin an election at term 1 for -1: [8d399f50-bc32-4264-b3f5-d56cb7cc68f1:192.168.164.253:33792], old=null
2019-10-10 21:38:09,055 [8d399f50-bc32-4264-b3f5-d56cb7cc68f1@group-C5878406614E-LeaderElection82] INFO  impl.RoleInfo (RoleInfo.java:shutdownLeaderElection(134)) - 8d399f50-bc32-4264-b3f5-d56cb7cc68f1: shutdown LeaderElection
2019-10-10 21:38:09,055 [8d399f50-bc32-4264-b3f5-d56cb7cc68f1@group-C5878406614E-LeaderElection82] INFO  impl.RaftServerImpl (RaftServerImpl.java:setRole(170)) - 8d399f50-bc32-4264-b3f5-d56cb7cc68f1@group-C5878406614E: changes role from CANDIDATE to LEADER at term 1 for changeToLeader
2019-10-10 21:38:09,056 [8d399f50-bc32-4264-b3f5-d56cb7cc68f1@group-C5878406614E-LeaderElection82] INFO  impl.RaftServerImpl (ServerState.java:setLeader(255)) - 8d399f50-bc32-4264-b3f5-d56cb7cc68f1@group-C5878406614E: change Leader from null to 8d399f50-bc32-4264-b3f5-d56cb7cc68f1 at term 1 for becomeLeader, leader elected after 5059ms
2019-10-10 21:38:09,056 [8d399f50-bc32-4264-b3f5-d56cb7cc68f1@group-C5878406614E-LeaderElection82] INFO  server.RaftServerConfigKeys (ConfUtils.java:logGet(43)) - raft.server.staging.catchup.gap = 1000 (default)
2019-10-10 21:38:09,056 [8d399f50-bc32-4264-b3f5-d56cb7cc68f1@group-C5878406614E-LeaderElection82] INFO  server.RaftServerConfigKeys (ConfUtils.java:logGet(43)) - raft.server.rpc.sleep.time = 25ms (default)
2019-10-10 21:38:09,056 [8d399f50-bc32-4264-b3f5-d56cb7cc68f1@group-C5878406614E-LeaderElection82] INFO  server.RaftServerConfigKeys (ConfUtils.java:logGet(43)) - raft.server.write.element-limit = 4096 (default)
2019-10-10 21:38:09,057 [8d399f50-bc32-4264-b3f5-d56cb7cc68f1@group-C5878406614E-LeaderElection82] INFO  server.RaftServerConfigKeys (ConfUtils.java:logGet(43)) - raft.server.watch.timeout = 10s (default)
2019-10-10 21:38:09,057 [8d399f50-bc32-4264-b3f5-d56cb7cc68f1@group-C5878406614E-LeaderElection82] INFO  server.RaftServerConfigKeys (ConfUtils.java:logGet(43)) - raft.server.watch.timeout.denomination = 1s (default)
2019-10-10 21:38:09,057 [8d399f50-bc32-4264-b3f5-d56cb7cc68f1@group-C5878406614E-LeaderElection82] INFO  server.RaftServerConfigKeys (ConfUtils.java:logGet(43)) - raft.server.watch.element-limit = 65536 (default)
2019-10-10 21:38:09,060 [8d399f50-bc32-4264-b3f5-d56cb7cc68f1@group-C5878406614E-LeaderElection82] INFO  impl.RoleInfo (RoleInfo.java:updateAndGet(143)) - 8d399f50-bc32-4264-b3f5-d56cb7cc68f1: start LeaderState
2019-10-10 21:38:09,060 [8d399f50-bc32-4264-b3f5-d56cb7cc68f1@group-C5878406614E-LeaderElection82] INFO  segmented.SegmentedRaftLogWorker (SegmentedRaftLogWorker.java:startLogSegment(385)) - 8d399f50-bc32-4264-b3f5-d56cb7cc68f1@group-C5878406614E-SegmentedRaftLogWorker: Starting segment from index:0
2019-10-10 21:38:09,061 [8d399f50-bc32-4264-b3f5-d56cb7cc68f1@group-C5878406614E-LeaderElection82] INFO  impl.RaftServerImpl (ServerState.java:setRaftConf(356)) - 8d399f50-bc32-4264-b3f5-d56cb7cc68f1@group-C5878406614E: set configuration 0: [8d399f50-bc32-4264-b3f5-d56cb7cc68f1:192.168.164.253:33792], old=null at 0
2019-10-10 21:38:09,070 [2e853c8f-06d9-4a3a-9697-1c4a2c6aedee@group-F31FEBA62CAE-LeaderElection83] INFO  impl.LeaderElection (LeaderElection.java:askForVotes(178)) - 2e853c8f-06d9-4a3a-9697-1c4a2c6aedee@group-F31FEBA62CAE-LeaderElection83: begin an election at term 1 for -1: [2e853c8f-06d9-4a3a-9697-1c4a2c6aedee:192.168.164.253:45395], old=null
2019-10-10 21:38:09,070 [2e853c8f-06d9-4a3a-9697-1c4a2c6aedee@group-F31FEBA62CAE-LeaderElection83] INFO  impl.RoleInfo (RoleInfo.java:shutdownLeaderElection(134)) - 2e853c8f-06d9-4a3a-9697-1c4a2c6aedee: shutdown LeaderElection
2019-10-10 21:38:09,070 [2e853c8f-06d9-4a3a-9697-1c4a2c6aedee@group-F31FEBA62CAE-LeaderElection83] INFO  impl.RaftServerImpl (RaftServerImpl.java:setRole(170)) - 2e853c8f-06d9-4a3a-9697-1c4a2c6aedee@group-F31FEBA62CAE: changes role from CANDIDATE to LEADER at term 1 for changeToLeader
2019-10-10 21:38:09,070 [2e853c8f-06d9-4a3a-9697-1c4a2c6aedee@group-F31FEBA62CAE-LeaderElection83] INFO  impl.RaftServerImpl (ServerState.java:setLeader(255)) - 2e853c8f-06d9-4a3a-9697-1c4a2c6aedee@group-F31FEBA62CAE: change Leader from null to 2e853c8f-06d9-4a3a-9697-1c4a2c6aedee at term 1 for becomeLeader, leader elected after 5230ms
2019-10-10 21:38:09,070 [2e853c8f-06d9-4a3a-9697-1c4a2c6aedee@group-F31FEBA62CAE-LeaderElection83] INFO  server.RaftServerConfigKeys (ConfUtils.java:logGet(43)) - raft.server.staging.catchup.gap = 1000 (default)
2019-10-10 21:38:09,071 [2e853c8f-06d9-4a3a-9697-1c4a2c6aedee@group-F31FEBA62CAE-LeaderElection83] INFO  server.RaftServerConfigKeys (ConfUtils.java:logGet(43)) - raft.server.rpc.sleep.time = 25ms (default)
2019-10-10 21:38:09,071 [2e853c8f-06d9-4a3a-9697-1c4a2c6aedee@group-F31FEBA62CAE-LeaderElection83] INFO  server.RaftServerConfigKeys (ConfUtils.java:logGet(43)) - raft.server.write.element-limit = 4096 (default)
2019-10-10 21:38:09,071 [2e853c8f-06d9-4a3a-9697-1c4a2c6aedee@group-F31FEBA62CAE-LeaderElection83] INFO  server.RaftServerConfigKeys (ConfUtils.java:logGet(43)) - raft.server.watch.timeout = 10s (default)
2019-10-10 21:38:09,071 [2e853c8f-06d9-4a3a-9697-1c4a2c6aedee@group-F31FEBA62CAE-LeaderElection83] INFO  server.RaftServerConfigKeys (ConfUtils.java:logGet(43)) - raft.server.watch.timeout.denomination = 1s (default)
2019-10-10 21:38:09,071 [2e853c8f-06d9-4a3a-9697-1c4a2c6aedee@group-F31FEBA62CAE-LeaderElection83] INFO  server.RaftServerConfigKeys (ConfUtils.java:logGet(43)) - raft.server.watch.element-limit = 65536 (default)
2019-10-10 21:38:09,074 [2e853c8f-06d9-4a3a-9697-1c4a2c6aedee@group-F31FEBA62CAE-LeaderElection83] INFO  impl.RoleInfo (RoleInfo.java:updateAndGet(143)) - 2e853c8f-06d9-4a3a-9697-1c4a2c6aedee: start LeaderState
2019-10-10 21:38:09,074 [2e853c8f-06d9-4a3a-9697-1c4a2c6aedee@group-F31FEBA62CAE-LeaderElection83] INFO  segmented.SegmentedRaftLogWorker (SegmentedRaftLogWorker.java:startLogSegment(385)) - 2e853c8f-06d9-4a3a-9697-1c4a2c6aedee@group-F31FEBA62CAE-SegmentedRaftLogWorker: Starting segment from index:0
2019-10-10 21:38:09,075 [2e853c8f-06d9-4a3a-9697-1c4a2c6aedee@group-F31FEBA62CAE-LeaderElection83] INFO  impl.RaftServerImpl (ServerState.java:setRaftConf(356)) - 2e853c8f-06d9-4a3a-9697-1c4a2c6aedee@group-F31FEBA62CAE: set configuration 0: [2e853c8f-06d9-4a3a-9697-1c4a2c6aedee:192.168.164.253:45395], old=null at 0
2019-10-10 21:38:09,113 [Thread-2352] INFO  impl.FollowerState (FollowerState.java:run(108)) - 7c76edd3-534d-42a4-a058-1ba6e617fc38@group-44E1090F69AB-FollowerState: change to CANDIDATE, lastRpcTime:5194ms, electionTimeout:5194ms
2019-10-10 21:38:09,113 [Thread-2352] INFO  impl.RoleInfo (RoleInfo.java:shutdownFollowerState(121)) - 7c76edd3-534d-42a4-a058-1ba6e617fc38: shutdown FollowerState
2019-10-10 21:38:09,113 [Thread-2352] INFO  impl.RaftServerImpl (RaftServerImpl.java:setRole(170)) - 7c76edd3-534d-42a4-a058-1ba6e617fc38@group-44E1090F69AB: changes role from  FOLLOWER to CANDIDATE at term 0 for changeToCandidate
2019-10-10 21:38:09,113 [Thread-2352] INFO  impl.RoleInfo (RoleInfo.java:updateAndGet(143)) - 7c76edd3-534d-42a4-a058-1ba6e617fc38: start LeaderElection
2019-10-10 21:38:09,119 [8d399f50-bc32-4264-b3f5-d56cb7cc68f1@group-C5878406614E-SegmentedRaftLogWorker] INFO  segmented.SegmentedRaftLogWorker (SegmentedRaftLogWorker.java:execute(574)) - 8d399f50-bc32-4264-b3f5-d56cb7cc68f1@group-C5878406614E-SegmentedRaftLogWorker: created new log segment /workdir/hadoop-ozone/integration-test/target/test-dir/MiniOzoneClusterImpl-c01b9a90-bcb1-4e29-b08c-a5022a9cdd6b/datanode-2/data/ratis/25591f63-292d-4e6a-9213-c5878406614e/current/log_inprogress_0
2019-10-10 21:38:09,140 [2e853c8f-06d9-4a3a-9697-1c4a2c6aedee@group-F31FEBA62CAE-SegmentedRaftLogWorker] INFO  segmented.SegmentedRaftLogWorker (SegmentedRaftLogWorker.java:execute(574)) - 2e853c8f-06d9-4a3a-9697-1c4a2c6aedee@group-F31FEBA62CAE-SegmentedRaftLogWorker: created new log segment /workdir/hadoop-ozone/integration-test/target/test-dir/MiniOzoneClusterImpl-c01b9a90-bcb1-4e29-b08c-a5022a9cdd6b/datanode-0/data/ratis/1ad11771-574e-44ba-afcf-f31feba62cae/current/log_inprogress_0
2019-10-10 21:38:09,140 [7c76edd3-534d-42a4-a058-1ba6e617fc38@group-44E1090F69AB-LeaderElection84] INFO  impl.LeaderElection (LeaderElection.java:askForVotes(178)) - 7c76edd3-534d-42a4-a058-1ba6e617fc38@group-44E1090F69AB-LeaderElection84: begin an election at term 1 for -1: [7c76edd3-534d-42a4-a058-1ba6e617fc38:192.168.164.253:36800], old=null
2019-10-10 21:38:09,141 [7c76edd3-534d-42a4-a058-1ba6e617fc38@group-44E1090F69AB-LeaderElection84] INFO  impl.RoleInfo (RoleInfo.java:shutdownLeaderElection(134)) - 7c76edd3-534d-42a4-a058-1ba6e617fc38: shutdown LeaderElection
2019-10-10 21:38:09,141 [7c76edd3-534d-42a4-a058-1ba6e617fc38@group-44E1090F69AB-LeaderElection84] INFO  impl.RaftServerImpl (RaftServerImpl.java:setRole(170)) - 7c76edd3-534d-42a4-a058-1ba6e617fc38@group-44E1090F69AB: changes role from CANDIDATE to LEADER at term 1 for changeToLeader
2019-10-10 21:38:09,141 [7c76edd3-534d-42a4-a058-1ba6e617fc38@group-44E1090F69AB-LeaderElection84] INFO  impl.RaftServerImpl (ServerState.java:setLeader(255)) - 7c76edd3-534d-42a4-a058-1ba6e617fc38@group-44E1090F69AB: change Leader from null to 7c76edd3-534d-42a4-a058-1ba6e617fc38 at term 1 for becomeLeader, leader elected after 5228ms
2019-10-10 21:38:09,141 [7c76edd3-534d-42a4-a058-1ba6e617fc38@group-44E1090F69AB-LeaderElection84] INFO  server.RaftServerConfigKeys (ConfUtils.java:logGet(43)) - raft.server.staging.catchup.gap = 1000 (default)
2019-10-10 21:38:09,141 [7c76edd3-534d-42a4-a058-1ba6e617fc38@group-44E1090F69AB-LeaderElection84] INFO  server.RaftServerConfigKeys (ConfUtils.java:logGet(43)) - raft.server.rpc.sleep.time = 25ms (default)
2019-10-10 21:38:09,141 [7c76edd3-534d-42a4-a058-1ba6e617fc38@group-44E1090F69AB-LeaderElection84] INFO  server.RaftServerConfigKeys (ConfUtils.java:logGet(43)) - raft.server.write.element-limit = 4096 (default)
2019-10-10 21:38:09,141 [7c76edd3-534d-42a4-a058-1ba6e617fc38@group-44E1090F69AB-LeaderElection84] INFO  server.RaftServerConfigKeys (ConfUtils.java:logGet(43)) - raft.server.watch.timeout = 10s (default)
2019-10-10 21:38:09,142 [7c76edd3-534d-42a4-a058-1ba6e617fc38@group-44E1090F69AB-LeaderElection84] INFO  server.RaftServerConfigKeys (ConfUtils.java:logGet(43)) - raft.server.watch.timeout.denomination = 1s (default)
2019-10-10 21:38:09,142 [7c76edd3-534d-42a4-a058-1ba6e617fc38@group-44E1090F69AB-LeaderElection84] INFO  server.RaftServerConfigKeys (ConfUtils.java:logGet(43)) - raft.server.watch.element-limit = 65536 (default)
2019-10-10 21:38:09,143 [7c76edd3-534d-42a4-a058-1ba6e617fc38@group-44E1090F69AB-LeaderElection84] INFO  impl.RoleInfo (RoleInfo.java:updateAndGet(143)) - 7c76edd3-534d-42a4-a058-1ba6e617fc38: start LeaderState
2019-10-10 21:38:09,144 [7c76edd3-534d-42a4-a058-1ba6e617fc38@group-44E1090F69AB-LeaderElection84] INFO  segmented.SegmentedRaftLogWorker (SegmentedRaftLogWorker.java:startLogSegment(385)) - 7c76edd3-534d-42a4-a058-1ba6e617fc38@group-44E1090F69AB-SegmentedRaftLogWorker: Starting segment from index:0
2019-10-10 21:38:09,144 [7c76edd3-534d-42a4-a058-1ba6e617fc38@group-44E1090F69AB-LeaderElection84] INFO  impl.RaftServerImpl (ServerState.java:setRaftConf(356)) - 7c76edd3-534d-42a4-a058-1ba6e617fc38@group-44E1090F69AB: set configuration 0: [7c76edd3-534d-42a4-a058-1ba6e617fc38:192.168.164.253:36800], old=null at 0
2019-10-10 21:38:09,182 [7c76edd3-534d-42a4-a058-1ba6e617fc38@group-44E1090F69AB-SegmentedRaftLogWorker] INFO  segmented.SegmentedRaftLogWorker (SegmentedRaftLogWorker.java:execute(574)) - 7c76edd3-534d-42a4-a058-1ba6e617fc38@group-44E1090F69AB-SegmentedRaftLogWorker: created new log segment /workdir/hadoop-ozone/integration-test/target/test-dir/MiniOzoneClusterImpl-c01b9a90-bcb1-4e29-b08c-a5022a9cdd6b/datanode-1/data/ratis/eab24a1d-a5ba-4e25-97d1-44e1090f69ab/current/log_inprogress_0
2019-10-10 21:38:09,225 [Thread-2364] INFO  impl.FollowerState (FollowerState.java:run(108)) - 7c76edd3-534d-42a4-a058-1ba6e617fc38@group-1B887E67CAC0-FollowerState: change to CANDIDATE, lastRpcTime:5130ms, electionTimeout:5130ms
2019-10-10 21:38:09,225 [Thread-2364] INFO  impl.RoleInfo (RoleInfo.java:shutdownFollowerState(121)) - 7c76edd3-534d-42a4-a058-1ba6e617fc38: shutdown FollowerState
2019-10-10 21:38:09,225 [Thread-2364] INFO  impl.RaftServerImpl (RaftServerImpl.java:setRole(170)) - 7c76edd3-534d-42a4-a058-1ba6e617fc38@group-1B887E67CAC0: changes role from  FOLLOWER to CANDIDATE at term 0 for changeToCandidate
2019-10-10 21:38:09,225 [Thread-2364] INFO  impl.RoleInfo (RoleInfo.java:updateAndGet(143)) - 7c76edd3-534d-42a4-a058-1ba6e617fc38: start LeaderElection
2019-10-10 21:38:09,257 [7c76edd3-534d-42a4-a058-1ba6e617fc38@group-1B887E67CAC0-LeaderElection85] INFO  impl.LeaderElection (LeaderElection.java:askForVotes(178)) - 7c76edd3-534d-42a4-a058-1ba6e617fc38@group-1B887E67CAC0-LeaderElection85: begin an election at term 1 for -1: [8d399f50-bc32-4264-b3f5-d56cb7cc68f1:192.168.164.253:33792, 2e853c8f-06d9-4a3a-9697-1c4a2c6aedee:192.168.164.253:45395, 7c76edd3-534d-42a4-a058-1ba6e617fc38:192.168.164.253:36800], old=null
2019-10-10 21:38:09,262 [grpc-default-executor-6] INFO  impl.RaftServerImpl (RaftServerImpl.java:setRole(170)) - 2e853c8f-06d9-4a3a-9697-1c4a2c6aedee@group-1B887E67CAC0: changes role from  FOLLOWER to FOLLOWER at term 1 for recognizeCandidate:7c76edd3-534d-42a4-a058-1ba6e617fc38
2019-10-10 21:38:09,262 [grpc-default-executor-1] INFO  impl.RaftServerImpl (RaftServerImpl.java:setRole(170)) - 8d399f50-bc32-4264-b3f5-d56cb7cc68f1@group-1B887E67CAC0: changes role from  FOLLOWER to FOLLOWER at term 1 for recognizeCandidate:7c76edd3-534d-42a4-a058-1ba6e617fc38
2019-10-10 21:38:09,262 [grpc-default-executor-6] INFO  impl.RoleInfo (RoleInfo.java:shutdownFollowerState(121)) - 2e853c8f-06d9-4a3a-9697-1c4a2c6aedee: shutdown FollowerState
2019-10-10 21:38:09,262 [grpc-default-executor-1] INFO  impl.RoleInfo (RoleInfo.java:shutdownFollowerState(121)) - 8d399f50-bc32-4264-b3f5-d56cb7cc68f1: shutdown FollowerState
2019-10-10 21:38:09,263 [Thread-2359] INFO  impl.FollowerState (FollowerState.java:run(117)) - 2e853c8f-06d9-4a3a-9697-1c4a2c6aedee@group-1B887E67CAC0-FollowerState was interrupted: java.lang.InterruptedException: sleep interrupted
2019-10-10 21:38:09,263 [grpc-default-executor-6] INFO  impl.RoleInfo (RoleInfo.java:updateAndGet(143)) - 2e853c8f-06d9-4a3a-9697-1c4a2c6aedee: start FollowerState
2019-10-10 21:38:09,263 [Thread-2360] INFO  impl.FollowerState (FollowerState.java:run(117)) - 8d399f50-bc32-4264-b3f5-d56cb7cc68f1@group-1B887E67CAC0-FollowerState was interrupted: java.lang.InterruptedException: sleep interrupted
2019-10-10 21:38:09,263 [grpc-default-executor-1] INFO  impl.RoleInfo (RoleInfo.java:updateAndGet(143)) - 8d399f50-bc32-4264-b3f5-d56cb7cc68f1: start FollowerState
2019-10-10 21:38:09,294 [7c76edd3-534d-42a4-a058-1ba6e617fc38@group-1B887E67CAC0-LeaderElection85] INFO  impl.LeaderElection (LeaderElection.java:logAndReturn(56)) - 7c76edd3-534d-42a4-a058-1ba6e617fc38@group-1B887E67CAC0-LeaderElection85: Election PASSED; received 1 response(s) [7c76edd3-534d-42a4-a058-1ba6e617fc38<-8d399f50-bc32-4264-b3f5-d56cb7cc68f1#0:OK-t1] and 0 exception(s); 7c76edd3-534d-42a4-a058-1ba6e617fc38@group-1B887E67CAC0:t1, leader=null, voted=7c76edd3-534d-42a4-a058-1ba6e617fc38, raftlog=7c76edd3-534d-42a4-a058-1ba6e617fc38@group-1B887E67CAC0-SegmentedRaftLog:OPENED:c-1,f-1,i0, conf=-1: [8d399f50-bc32-4264-b3f5-d56cb7cc68f1:192.168.164.253:33792, 2e853c8f-06d9-4a3a-9697-1c4a2c6aedee:192.168.164.253:45395, 7c76edd3-534d-42a4-a058-1ba6e617fc38:192.168.164.253:36800], old=null
2019-10-10 21:38:09,295 [7c76edd3-534d-42a4-a058-1ba6e617fc38@group-1B887E67CAC0-LeaderElection85] INFO  impl.RoleInfo (RoleInfo.java:shutdownLeaderElection(134)) - 7c76edd3-534d-42a4-a058-1ba6e617fc38: shutdown LeaderElection
2019-10-10 21:38:09,295 [7c76edd3-534d-42a4-a058-1ba6e617fc38@group-1B887E67CAC0-LeaderElection85] INFO  impl.RaftServerImpl (RaftServerImpl.java:setRole(170)) - 7c76edd3-534d-42a4-a058-1ba6e617fc38@group-1B887E67CAC0: changes role from CANDIDATE to LEADER at term 1 for changeToLeader
2019-10-10 21:38:09,295 [7c76edd3-534d-42a4-a058-1ba6e617fc38@group-1B887E67CAC0-LeaderElection85] INFO  impl.RaftServerImpl (ServerState.java:setLeader(255)) - 7c76edd3-534d-42a4-a058-1ba6e617fc38@group-1B887E67CAC0: change Leader from null to 7c76edd3-534d-42a4-a058-1ba6e617fc38 at term 1 for becomeLeader, leader elected after 5216ms
2019-10-10 21:38:09,295 [7c76edd3-534d-42a4-a058-1ba6e617fc38@group-1B887E67CAC0-LeaderElection85] INFO  server.RaftServerConfigKeys (ConfUtils.java:logGet(43)) - raft.server.staging.catchup.gap = 1000 (default)
2019-10-10 21:38:09,295 [7c76edd3-534d-42a4-a058-1ba6e617fc38@group-1B887E67CAC0-LeaderElection85] INFO  server.RaftServerConfigKeys (ConfUtils.java:logGet(43)) - raft.server.rpc.sleep.time = 25ms (default)
2019-10-10 21:38:09,295 [7c76edd3-534d-42a4-a058-1ba6e617fc38@group-1B887E67CAC0-LeaderElection85] INFO  server.RaftServerConfigKeys (ConfUtils.java:logGet(43)) - raft.server.write.element-limit = 4096 (default)
2019-10-10 21:38:09,295 [7c76edd3-534d-42a4-a058-1ba6e617fc38@group-1B887E67CAC0-LeaderElection85] INFO  server.RaftServerConfigKeys (ConfUtils.java:logGet(43)) - raft.server.watch.timeout = 10s (default)
2019-10-10 21:38:09,295 [7c76edd3-534d-42a4-a058-1ba6e617fc38@group-1B887E67CAC0-LeaderElection85] INFO  server.RaftServerConfigKeys (ConfUtils.java:logGet(43)) - raft.server.watch.timeout.denomination = 1s (default)
2019-10-10 21:38:09,296 [7c76edd3-534d-42a4-a058-1ba6e617fc38@group-1B887E67CAC0-LeaderElection85] INFO  server.RaftServerConfigKeys (ConfUtils.java:logGet(43)) - raft.server.watch.element-limit = 65536 (default)
2019-10-10 21:38:09,297 [7c76edd3-534d-42a4-a058-1ba6e617fc38@group-1B887E67CAC0-LeaderElection85] INFO  server.RaftServerConfigKeys (ConfUtils.java:logGet(43)) - raft.server.log.appender.snapshot.chunk.size.max = 16MB (=16777216) (default)
2019-10-10 21:38:09,297 [7c76edd3-534d-42a4-a058-1ba6e617fc38@group-1B887E67CAC0-LeaderElection85] INFO  server.RaftServerConfigKeys (ConfUtils.java:logGet(43)) - raft.server.log.appender.buffer.byte-limit = 33554432 (custom)
2019-10-10 21:38:09,297 [7c76edd3-534d-42a4-a058-1ba6e617fc38@group-1B887E67CAC0-LeaderElection85] INFO  server.RaftServerConfigKeys (ConfUtils.java:logGet(43)) - raft.server.log.appender.buffer.element-limit = 1 (custom)
2019-10-10 21:38:09,298 [7c76edd3-534d-42a4-a058-1ba6e617fc38@group-1B887E67CAC0-LeaderElection85] INFO  grpc.GrpcConfigKeys$Server (ConfUtils.java:logGet(43)) - raft.grpc.server.leader.outstanding.appends.max = 128 (default)
2019-10-10 21:38:09,298 [7c76edd3-534d-42a4-a058-1ba6e617fc38@group-1B887E67CAC0-LeaderElection85] INFO  server.RaftServerConfigKeys (ConfUtils.java:logGet(43)) - raft.server.rpc.request.timeout = 3000ms (default)
2019-10-10 21:38:09,298 [7c76edd3-534d-42a4-a058-1ba6e617fc38@group-1B887E67CAC0-LeaderElection85] INFO  server.RaftServerConfigKeys (ConfUtils.java:logGet(43)) - raft.server.log.appender.install.snapshot.enabled = false (custom)
2019-10-10 21:38:09,298 [7c76edd3-534d-42a4-a058-1ba6e617fc38@group-1B887E67CAC0-LeaderElection85] INFO  server.RaftServerConfigKeys (ConfUtils.java:logGet(43)) - raft.server.log.appender.snapshot.chunk.size.max = 16MB (=16777216) (default)
2019-10-10 21:38:09,298 [7c76edd3-534d-42a4-a058-1ba6e617fc38@group-1B887E67CAC0-LeaderElection85] INFO  server.RaftServerConfigKeys (ConfUtils.java:logGet(43)) - raft.server.log.appender.buffer.byte-limit = 33554432 (custom)
2019-10-10 21:38:09,298 [7c76edd3-534d-42a4-a058-1ba6e617fc38@group-1B887E67CAC0-LeaderElection85] INFO  server.RaftServerConfigKeys (ConfUtils.java:logGet(43)) - raft.server.log.appender.buffer.element-limit = 1 (custom)
2019-10-10 21:38:09,298 [7c76edd3-534d-42a4-a058-1ba6e617fc38@group-1B887E67CAC0-LeaderElection85] INFO  grpc.GrpcConfigKeys$Server (ConfUtils.java:logGet(43)) - raft.grpc.server.leader.outstanding.appends.max = 128 (default)
2019-10-10 21:38:09,299 [7c76edd3-534d-42a4-a058-1ba6e617fc38@group-1B887E67CAC0-LeaderElection85] INFO  server.RaftServerConfigKeys (ConfUtils.java:logGet(43)) - raft.server.rpc.request.timeout = 3000ms (default)
2019-10-10 21:38:09,299 [7c76edd3-534d-42a4-a058-1ba6e617fc38@group-1B887E67CAC0-LeaderElection85] INFO  server.RaftServerConfigKeys (ConfUtils.java:logGet(43)) - raft.server.log.appender.install.snapshot.enabled = false (custom)
2019-10-10 21:38:09,299 [7c76edd3-534d-42a4-a058-1ba6e617fc38@group-1B887E67CAC0-LeaderElection85] INFO  impl.RoleInfo (RoleInfo.java:updateAndGet(143)) - 7c76edd3-534d-42a4-a058-1ba6e617fc38: start LeaderState
2019-10-10 21:38:09,299 [7c76edd3-534d-42a4-a058-1ba6e617fc38@group-1B887E67CAC0-LeaderElection85] INFO  segmented.SegmentedRaftLogWorker (SegmentedRaftLogWorker.java:startLogSegment(385)) - 7c76edd3-534d-42a4-a058-1ba6e617fc38@group-1B887E67CAC0-SegmentedRaftLogWorker: Starting segment from index:0
2019-10-10 21:38:09,300 [7c76edd3-534d-42a4-a058-1ba6e617fc38@group-1B887E67CAC0-LeaderElection85] INFO  impl.RaftServerImpl (ServerState.java:setRaftConf(356)) - 7c76edd3-534d-42a4-a058-1ba6e617fc38@group-1B887E67CAC0: set configuration 0: [8d399f50-bc32-4264-b3f5-d56cb7cc68f1:192.168.164.253:33792, 2e853c8f-06d9-4a3a-9697-1c4a2c6aedee:192.168.164.253:45395, 7c76edd3-534d-42a4-a058-1ba6e617fc38:192.168.164.253:36800], old=null at 0
2019-10-10 21:38:09,330 [grpc-default-executor-6] INFO  impl.RaftServerImpl (ServerState.java:setLeader(255)) - 2e853c8f-06d9-4a3a-9697-1c4a2c6aedee@group-1B887E67CAC0: change Leader from null to 7c76edd3-534d-42a4-a058-1ba6e617fc38 at term 1 for appendEntries, leader elected after 5251ms
2019-10-10 21:38:09,330 [grpc-default-executor-1] INFO  impl.RaftServerImpl (ServerState.java:setLeader(255)) - 8d399f50-bc32-4264-b3f5-d56cb7cc68f1@group-1B887E67CAC0: change Leader from null to 7c76edd3-534d-42a4-a058-1ba6e617fc38 at term 1 for appendEntries, leader elected after 5251ms
2019-10-10 21:38:09,342 [grpc-default-executor-6] INFO  impl.RaftServerImpl (ServerState.java:setRaftConf(356)) - 8d399f50-bc32-4264-b3f5-d56cb7cc68f1@group-1B887E67CAC0: set configuration 0: [8d399f50-bc32-4264-b3f5-d56cb7cc68f1:192.168.164.253:33792, 2e853c8f-06d9-4a3a-9697-1c4a2c6aedee:192.168.164.253:45395, 7c76edd3-534d-42a4-a058-1ba6e617fc38:192.168.164.253:36800], old=null at 0
2019-10-10 21:38:09,342 [grpc-default-executor-1] INFO  impl.RaftServerImpl (ServerState.java:setRaftConf(356)) - 2e853c8f-06d9-4a3a-9697-1c4a2c6aedee@group-1B887E67CAC0: set configuration 0: [8d399f50-bc32-4264-b3f5-d56cb7cc68f1:192.168.164.253:33792, 2e853c8f-06d9-4a3a-9697-1c4a2c6aedee:192.168.164.253:45395, 7c76edd3-534d-42a4-a058-1ba6e617fc38:192.168.164.253:36800], old=null at 0
2019-10-10 21:38:09,342 [grpc-default-executor-6] INFO  segmented.SegmentedRaftLogWorker (SegmentedRaftLogWorker.java:startLogSegment(385)) - 8d399f50-bc32-4264-b3f5-d56cb7cc68f1@group-1B887E67CAC0-SegmentedRaftLogWorker: Starting segment from index:0
2019-10-10 21:38:09,343 [grpc-default-executor-1] INFO  segmented.SegmentedRaftLogWorker (SegmentedRaftLogWorker.java:startLogSegment(385)) - 2e853c8f-06d9-4a3a-9697-1c4a2c6aedee@group-1B887E67CAC0-SegmentedRaftLogWorker: Starting segment from index:0
2019-10-10 21:38:09,377 [7c76edd3-534d-42a4-a058-1ba6e617fc38@group-1B887E67CAC0-SegmentedRaftLogWorker] INFO  segmented.SegmentedRaftLogWorker (SegmentedRaftLogWorker.java:execute(574)) - 7c76edd3-534d-42a4-a058-1ba6e617fc38@group-1B887E67CAC0-SegmentedRaftLogWorker: created new log segment /workdir/hadoop-ozone/integration-test/target/test-dir/MiniOzoneClusterImpl-c01b9a90-bcb1-4e29-b08c-a5022a9cdd6b/datanode-1/data/ratis/99879a59-afab-4b81-a5d7-1b887e67cac0/current/log_inprogress_0
2019-10-10 21:38:09,395 [8d399f50-bc32-4264-b3f5-d56cb7cc68f1@group-1B887E67CAC0-SegmentedRaftLogWorker] INFO  segmented.SegmentedRaftLogWorker (SegmentedRaftLogWorker.java:execute(574)) - 8d399f50-bc32-4264-b3f5-d56cb7cc68f1@group-1B887E67CAC0-SegmentedRaftLogWorker: created new log segment /workdir/hadoop-ozone/integration-test/target/test-dir/MiniOzoneClusterImpl-c01b9a90-bcb1-4e29-b08c-a5022a9cdd6b/datanode-2/data/ratis/99879a59-afab-4b81-a5d7-1b887e67cac0/current/log_inprogress_0
2019-10-10 21:38:09,395 [2e853c8f-06d9-4a3a-9697-1c4a2c6aedee@group-1B887E67CAC0-SegmentedRaftLogWorker] INFO  segmented.SegmentedRaftLogWorker (SegmentedRaftLogWorker.java:execute(574)) - 2e853c8f-06d9-4a3a-9697-1c4a2c6aedee@group-1B887E67CAC0-SegmentedRaftLogWorker: created new log segment /workdir/hadoop-ozone/integration-test/target/test-dir/MiniOzoneClusterImpl-c01b9a90-bcb1-4e29-b08c-a5022a9cdd6b/datanode-0/data/ratis/99879a59-afab-4b81-a5d7-1b887e67cac0/current/log_inprogress_0
2019-10-10 21:38:09,403 [Thread-2367] INFO  impl.FollowerState (FollowerState.java:run(108)) - 5de4fd98-088a-4136-9385-3639a2af1cfb@group-D4DE98526DF4-FollowerState: change to CANDIDATE, lastRpcTime:5198ms, electionTimeout:5198ms
2019-10-10 21:38:09,403 [Thread-2367] INFO  impl.RoleInfo (RoleInfo.java:shutdownFollowerState(121)) - 5de4fd98-088a-4136-9385-3639a2af1cfb: shutdown FollowerState
2019-10-10 21:38:09,403 [Thread-2367] INFO  impl.RaftServerImpl (RaftServerImpl.java:setRole(170)) - 5de4fd98-088a-4136-9385-3639a2af1cfb@group-D4DE98526DF4: changes role from  FOLLOWER to CANDIDATE at term 0 for changeToCandidate
2019-10-10 21:38:09,403 [Thread-2367] INFO  impl.RoleInfo (RoleInfo.java:updateAndGet(143)) - 5de4fd98-088a-4136-9385-3639a2af1cfb: start LeaderElection
2019-10-10 21:38:09,433 [Thread-2375] INFO  impl.FollowerState (FollowerState.java:run(108)) - 12ebd3da-2af7-4701-8b4a-ca499acad0da@group-E19035F5AB65-FollowerState: change to CANDIDATE, lastRpcTime:5023ms, electionTimeout:5023ms
2019-10-10 21:38:09,433 [Thread-2375] INFO  impl.RoleInfo (RoleInfo.java:shutdownFollowerState(121)) - 12ebd3da-2af7-4701-8b4a-ca499acad0da: shutdown FollowerState
2019-10-10 21:38:09,433 [Thread-2375] INFO  impl.RaftServerImpl (RaftServerImpl.java:setRole(170)) - 12ebd3da-2af7-4701-8b4a-ca499acad0da@group-E19035F5AB65: changes role from  FOLLOWER to CANDIDATE at term 0 for changeToCandidate
2019-10-10 21:38:09,433 [Thread-2375] INFO  impl.RoleInfo (RoleInfo.java:updateAndGet(143)) - 12ebd3da-2af7-4701-8b4a-ca499acad0da: start LeaderElection
2019-10-10 21:38:09,447 [5de4fd98-088a-4136-9385-3639a2af1cfb@group-D4DE98526DF4-LeaderElection86] INFO  impl.LeaderElection (LeaderElection.java:askForVotes(178)) - 5de4fd98-088a-4136-9385-3639a2af1cfb@group-D4DE98526DF4-LeaderElection86: begin an election at term 1 for -1: [5de4fd98-088a-4136-9385-3639a2af1cfb:192.168.164.253:45074], old=null
2019-10-10 21:38:09,447 [5de4fd98-088a-4136-9385-3639a2af1cfb@group-D4DE98526DF4-LeaderElection86] INFO  impl.RoleInfo (RoleInfo.java:shutdownLeaderElection(134)) - 5de4fd98-088a-4136-9385-3639a2af1cfb: shutdown LeaderElection
2019-10-10 21:38:09,447 [5de4fd98-088a-4136-9385-3639a2af1cfb@group-D4DE98526DF4-LeaderElection86] INFO  impl.RaftServerImpl (RaftServerImpl.java:setRole(170)) - 5de4fd98-088a-4136-9385-3639a2af1cfb@group-D4DE98526DF4: changes role from CANDIDATE to LEADER at term 1 for changeToLeader
2019-10-10 21:38:09,447 [5de4fd98-088a-4136-9385-3639a2af1cfb@group-D4DE98526DF4-LeaderElection86] INFO  impl.RaftServerImpl (ServerState.java:setLeader(255)) - 5de4fd98-088a-4136-9385-3639a2af1cfb@group-D4DE98526DF4: change Leader from null to 5de4fd98-088a-4136-9385-3639a2af1cfb at term 1 for becomeLeader, leader elected after 5248ms
2019-10-10 21:38:09,447 [5de4fd98-088a-4136-9385-3639a2af1cfb@group-D4DE98526DF4-LeaderElection86] INFO  server.RaftServerConfigKeys (ConfUtils.java:logGet(43)) - raft.server.staging.catchup.gap = 1000 (default)
2019-10-10 21:38:09,447 [5de4fd98-088a-4136-9385-3639a2af1cfb@group-D4DE98526DF4-LeaderElection86] INFO  server.RaftServerConfigKeys (ConfUtils.java:logGet(43)) - raft.server.rpc.sleep.time = 25ms (default)
2019-10-10 21:38:09,447 [5de4fd98-088a-4136-9385-3639a2af1cfb@group-D4DE98526DF4-LeaderElection86] INFO  server.RaftServerConfigKeys (ConfUtils.java:logGet(43)) - raft.server.write.element-limit = 4096 (default)
2019-10-10 21:38:09,447 [5de4fd98-088a-4136-9385-3639a2af1cfb@group-D4DE98526DF4-LeaderElection86] INFO  server.RaftServerConfigKeys (ConfUtils.java:logGet(43)) - raft.server.watch.timeout = 10s (default)
2019-10-10 21:38:09,447 [5de4fd98-088a-4136-9385-3639a2af1cfb@group-D4DE98526DF4-LeaderElection86] INFO  server.RaftServerConfigKeys (ConfUtils.java:logGet(43)) - raft.server.watch.timeout.denomination = 1s (default)
2019-10-10 21:38:09,447 [5de4fd98-088a-4136-9385-3639a2af1cfb@group-D4DE98526DF4-LeaderElection86] INFO  server.RaftServerConfigKeys (ConfUtils.java:logGet(43)) - raft.server.watch.element-limit = 65536 (default)
2019-10-10 21:38:09,449 [5de4fd98-088a-4136-9385-3639a2af1cfb@group-D4DE98526DF4-LeaderElection86] INFO  impl.RoleInfo (RoleInfo.java:updateAndGet(143)) - 5de4fd98-088a-4136-9385-3639a2af1cfb: start LeaderState
2019-10-10 21:38:09,449 [5de4fd98-088a-4136-9385-3639a2af1cfb@group-D4DE98526DF4-LeaderElection86] INFO  segmented.SegmentedRaftLogWorker (SegmentedRaftLogWorker.java:startLogSegment(385)) - 5de4fd98-088a-4136-9385-3639a2af1cfb@group-D4DE98526DF4-SegmentedRaftLogWorker: Starting segment from index:0
2019-10-10 21:38:09,449 [5de4fd98-088a-4136-9385-3639a2af1cfb@group-D4DE98526DF4-LeaderElection86] INFO  impl.RaftServerImpl (ServerState.java:setRaftConf(356)) - 5de4fd98-088a-4136-9385-3639a2af1cfb@group-D4DE98526DF4: set configuration 0: [5de4fd98-088a-4136-9385-3639a2af1cfb:192.168.164.253:45074], old=null at 0
2019-10-10 21:38:09,471 [12ebd3da-2af7-4701-8b4a-ca499acad0da@group-E19035F5AB65-LeaderElection87] INFO  impl.LeaderElection (LeaderElection.java:askForVotes(178)) - 12ebd3da-2af7-4701-8b4a-ca499acad0da@group-E19035F5AB65-LeaderElection87: begin an election at term 1 for -1: [12ebd3da-2af7-4701-8b4a-ca499acad0da:192.168.164.253:40997], old=null
2019-10-10 21:38:09,471 [12ebd3da-2af7-4701-8b4a-ca499acad0da@group-E19035F5AB65-LeaderElection87] INFO  impl.RoleInfo (RoleInfo.java:shutdownLeaderElection(134)) - 12ebd3da-2af7-4701-8b4a-ca499acad0da: shutdown LeaderElection
2019-10-10 21:38:09,471 [12ebd3da-2af7-4701-8b4a-ca499acad0da@group-E19035F5AB65-LeaderElection87] INFO  impl.RaftServerImpl (RaftServerImpl.java:setRole(170)) - 12ebd3da-2af7-4701-8b4a-ca499acad0da@group-E19035F5AB65: changes role from CANDIDATE to LEADER at term 1 for changeToLeader
2019-10-10 21:38:09,472 [12ebd3da-2af7-4701-8b4a-ca499acad0da@group-E19035F5AB65-LeaderElection87] INFO  impl.RaftServerImpl (ServerState.java:setLeader(255)) - 12ebd3da-2af7-4701-8b4a-ca499acad0da@group-E19035F5AB65: change Leader from null to 12ebd3da-2af7-4701-8b4a-ca499acad0da at term 1 for becomeLeader, leader elected after 5066ms
2019-10-10 21:38:09,472 [12ebd3da-2af7-4701-8b4a-ca499acad0da@group-E19035F5AB65-LeaderElection87] INFO  server.RaftServerConfigKeys (ConfUtils.java:logGet(43)) - raft.server.staging.catchup.gap = 1000 (default)
2019-10-10 21:38:09,472 [12ebd3da-2af7-4701-8b4a-ca499acad0da@group-E19035F5AB65-LeaderElection87] INFO  server.RaftServerConfigKeys (ConfUtils.java:logGet(43)) - raft.server.rpc.sleep.time = 25ms (default)
2019-10-10 21:38:09,472 [12ebd3da-2af7-4701-8b4a-ca499acad0da@group-E19035F5AB65-LeaderElection87] INFO  server.RaftServerConfigKeys (ConfUtils.java:logGet(43)) - raft.server.write.element-limit = 4096 (default)
2019-10-10 21:38:09,472 [12ebd3da-2af7-4701-8b4a-ca499acad0da@group-E19035F5AB65-LeaderElection87] INFO  server.RaftServerConfigKeys (ConfUtils.java:logGet(43)) - raft.server.watch.timeout = 10s (default)
2019-10-10 21:38:09,472 [12ebd3da-2af7-4701-8b4a-ca499acad0da@group-E19035F5AB65-LeaderElection87] INFO  server.RaftServerConfigKeys (ConfUtils.java:logGet(43)) - raft.server.watch.timeout.denomination = 1s (default)
2019-10-10 21:38:09,472 [12ebd3da-2af7-4701-8b4a-ca499acad0da@group-E19035F5AB65-LeaderElection87] INFO  server.RaftServerConfigKeys (ConfUtils.java:logGet(43)) - raft.server.watch.element-limit = 65536 (default)
2019-10-10 21:38:09,474 [12ebd3da-2af7-4701-8b4a-ca499acad0da@group-E19035F5AB65-LeaderElection87] INFO  impl.RoleInfo (RoleInfo.java:updateAndGet(143)) - 12ebd3da-2af7-4701-8b4a-ca499acad0da: start LeaderState
2019-10-10 21:38:09,474 [12ebd3da-2af7-4701-8b4a-ca499acad0da@group-E19035F5AB65-LeaderElection87] INFO  segmented.SegmentedRaftLogWorker (SegmentedRaftLogWorker.java:startLogSegment(385)) - 12ebd3da-2af7-4701-8b4a-ca499acad0da@group-E19035F5AB65-SegmentedRaftLogWorker: Starting segment from index:0
2019-10-10 21:38:09,474 [12ebd3da-2af7-4701-8b4a-ca499acad0da@group-E19035F5AB65-LeaderElection87] INFO  impl.RaftServerImpl (ServerState.java:setRaftConf(356)) - 12ebd3da-2af7-4701-8b4a-ca499acad0da@group-E19035F5AB65: set configuration 0: [12ebd3da-2af7-4701-8b4a-ca499acad0da:192.168.164.253:40997], old=null at 0
2019-10-10 21:38:09,510 [5de4fd98-088a-4136-9385-3639a2af1cfb@group-D4DE98526DF4-SegmentedRaftLogWorker] INFO  segmented.SegmentedRaftLogWorker (SegmentedRaftLogWorker.java:execute(574)) - 5de4fd98-088a-4136-9385-3639a2af1cfb@group-D4DE98526DF4-SegmentedRaftLogWorker: created new log segment /workdir/hadoop-ozone/integration-test/target/test-dir/MiniOzoneClusterImpl-c01b9a90-bcb1-4e29-b08c-a5022a9cdd6b/datanode-3/data/ratis/b613428a-fb5a-4b56-9e3e-d4de98526df4/current/log_inprogress_0
2019-10-10 21:38:09,521 [Thread-2372] INFO  impl.FollowerState (FollowerState.java:run(108)) - 864221b0-e1c8-44e4-acd2-17fd2bfaaa12@group-B7930C0FFB75-FollowerState: change to CANDIDATE, lastRpcTime:5193ms, electionTimeout:5193ms
2019-10-10 21:38:09,521 [Thread-2372] INFO  impl.RoleInfo (RoleInfo.java:shutdownFollowerState(121)) - 864221b0-e1c8-44e4-acd2-17fd2bfaaa12: shutdown FollowerState
2019-10-10 21:38:09,522 [Thread-2372] INFO  impl.RaftServerImpl (RaftServerImpl.java:setRole(170)) - 864221b0-e1c8-44e4-acd2-17fd2bfaaa12@group-B7930C0FFB75: changes role from  FOLLOWER to CANDIDATE at term 0 for changeToCandidate
2019-10-10 21:38:09,522 [12ebd3da-2af7-4701-8b4a-ca499acad0da@group-E19035F5AB65-SegmentedRaftLogWorker] INFO  segmented.SegmentedRaftLogWorker (SegmentedRaftLogWorker.java:execute(574)) - 12ebd3da-2af7-4701-8b4a-ca499acad0da@group-E19035F5AB65-SegmentedRaftLogWorker: created new log segment /workdir/hadoop-ozone/integration-test/target/test-dir/MiniOzoneClusterImpl-c01b9a90-bcb1-4e29-b08c-a5022a9cdd6b/datanode-6/data/ratis/be2f43b2-293f-4266-a91f-e19035f5ab65/current/log_inprogress_0
2019-10-10 21:38:09,522 [Thread-2372] INFO  impl.RoleInfo (RoleInfo.java:updateAndGet(143)) - 864221b0-e1c8-44e4-acd2-17fd2bfaaa12: start LeaderElection
2019-10-10 21:38:09,534 [Thread-2378] INFO  impl.FollowerState (FollowerState.java:run(108)) - 499e5c1f-15d6-4d5e-a71b-72fc5090a2a6@group-75B178B57A1D-FollowerState: change to CANDIDATE, lastRpcTime:5043ms, electionTimeout:5038ms
2019-10-10 21:38:09,535 [Thread-2378] INFO  impl.RoleInfo (RoleInfo.java:shutdownFollowerState(121)) - 499e5c1f-15d6-4d5e-a71b-72fc5090a2a6: shutdown FollowerState
2019-10-10 21:38:09,535 [Thread-2378] INFO  impl.RaftServerImpl (RaftServerImpl.java:setRole(170)) - 499e5c1f-15d6-4d5e-a71b-72fc5090a2a6@group-75B178B57A1D: changes role from  FOLLOWER to CANDIDATE at term 0 for changeToCandidate
2019-10-10 21:38:09,535 [Thread-2378] INFO  impl.RoleInfo (RoleInfo.java:updateAndGet(143)) - 499e5c1f-15d6-4d5e-a71b-72fc5090a2a6: start LeaderElection
2019-10-10 21:38:09,558 [864221b0-e1c8-44e4-acd2-17fd2bfaaa12@group-B7930C0FFB75-LeaderElection88] INFO  impl.LeaderElection (LeaderElection.java:askForVotes(178)) - 864221b0-e1c8-44e4-acd2-17fd2bfaaa12@group-B7930C0FFB75-LeaderElection88: begin an election at term 1 for -1: [864221b0-e1c8-44e4-acd2-17fd2bfaaa12:192.168.164.253:35363], old=null
2019-10-10 21:38:09,558 [864221b0-e1c8-44e4-acd2-17fd2bfaaa12@group-B7930C0FFB75-LeaderElection88] INFO  impl.RoleInfo (RoleInfo.java:shutdownLeaderElection(134)) - 864221b0-e1c8-44e4-acd2-17fd2bfaaa12: shutdown LeaderElection
2019-10-10 21:38:09,558 [864221b0-e1c8-44e4-acd2-17fd2bfaaa12@group-B7930C0FFB75-LeaderElection88] INFO  impl.RaftServerImpl (RaftServerImpl.java:setRole(170)) - 864221b0-e1c8-44e4-acd2-17fd2bfaaa12@group-B7930C0FFB75: changes role from CANDIDATE to LEADER at term 1 for changeToLeader
2019-10-10 21:38:09,558 [864221b0-e1c8-44e4-acd2-17fd2bfaaa12@group-B7930C0FFB75-LeaderElection88] INFO  impl.RaftServerImpl (ServerState.java:setLeader(255)) - 864221b0-e1c8-44e4-acd2-17fd2bfaaa12@group-B7930C0FFB75: change Leader from null to 864221b0-e1c8-44e4-acd2-17fd2bfaaa12 at term 1 for becomeLeader, leader elected after 5269ms
2019-10-10 21:38:09,558 [864221b0-e1c8-44e4-acd2-17fd2bfaaa12@group-B7930C0FFB75-LeaderElection88] INFO  server.RaftServerConfigKeys (ConfUtils.java:logGet(43)) - raft.server.staging.catchup.gap = 1000 (default)
2019-10-10 21:38:09,558 [864221b0-e1c8-44e4-acd2-17fd2bfaaa12@group-B7930C0FFB75-LeaderElection88] INFO  server.RaftServerConfigKeys (ConfUtils.java:logGet(43)) - raft.server.rpc.sleep.time = 25ms (default)
2019-10-10 21:38:09,559 [864221b0-e1c8-44e4-acd2-17fd2bfaaa12@group-B7930C0FFB75-LeaderElection88] INFO  server.RaftServerConfigKeys (ConfUtils.java:logGet(43)) - raft.server.write.element-limit = 4096 (default)
2019-10-10 21:38:09,559 [864221b0-e1c8-44e4-acd2-17fd2bfaaa12@group-B7930C0FFB75-LeaderElection88] INFO  server.RaftServerConfigKeys (ConfUtils.java:logGet(43)) - raft.server.watch.timeout = 10s (default)
2019-10-10 21:38:09,559 [864221b0-e1c8-44e4-acd2-17fd2bfaaa12@group-B7930C0FFB75-LeaderElection88] INFO  server.RaftServerConfigKeys (ConfUtils.java:logGet(43)) - raft.server.watch.timeout.denomination = 1s (default)
2019-10-10 21:38:09,559 [864221b0-e1c8-44e4-acd2-17fd2bfaaa12@group-B7930C0FFB75-LeaderElection88] INFO  server.RaftServerConfigKeys (ConfUtils.java:logGet(43)) - raft.server.watch.element-limit = 65536 (default)
2019-10-10 21:38:09,561 [864221b0-e1c8-44e4-acd2-17fd2bfaaa12@group-B7930C0FFB75-LeaderElection88] INFO  impl.RoleInfo (RoleInfo.java:updateAndGet(143)) - 864221b0-e1c8-44e4-acd2-17fd2bfaaa12: start LeaderState
2019-10-10 21:38:09,561 [864221b0-e1c8-44e4-acd2-17fd2bfaaa12@group-B7930C0FFB75-LeaderElection88] INFO  segmented.SegmentedRaftLogWorker (SegmentedRaftLogWorker.java:startLogSegment(385)) - 864221b0-e1c8-44e4-acd2-17fd2bfaaa12@group-B7930C0FFB75-SegmentedRaftLogWorker: Starting segment from index:0
2019-10-10 21:38:09,561 [864221b0-e1c8-44e4-acd2-17fd2bfaaa12@group-B7930C0FFB75-LeaderElection88] INFO  impl.RaftServerImpl (ServerState.java:setRaftConf(356)) - 864221b0-e1c8-44e4-acd2-17fd2bfaaa12@group-B7930C0FFB75: set configuration 0: [864221b0-e1c8-44e4-acd2-17fd2bfaaa12:192.168.164.253:35363], old=null at 0
2019-10-10 21:38:09,585 [Thread-2383] INFO  impl.FollowerState (FollowerState.java:run(108)) - 499e5c1f-15d6-4d5e-a71b-72fc5090a2a6@group-615C6D74C389-FollowerState: change to CANDIDATE, lastRpcTime:5013ms, electionTimeout:5010ms
2019-10-10 21:38:09,591 [499e5c1f-15d6-4d5e-a71b-72fc5090a2a6@group-75B178B57A1D-LeaderElection89] INFO  impl.LeaderElection (LeaderElection.java:askForVotes(178)) - 499e5c1f-15d6-4d5e-a71b-72fc5090a2a6@group-75B178B57A1D-LeaderElection89: begin an election at term 1 for -1: [499e5c1f-15d6-4d5e-a71b-72fc5090a2a6:192.168.164.253:36444], old=null
2019-10-10 21:38:09,591 [Thread-2383] INFO  impl.RoleInfo (RoleInfo.java:shutdownFollowerState(121)) - 499e5c1f-15d6-4d5e-a71b-72fc5090a2a6: shutdown FollowerState
2019-10-10 21:38:09,594 [499e5c1f-15d6-4d5e-a71b-72fc5090a2a6@group-75B178B57A1D-LeaderElection89] INFO  impl.RoleInfo (RoleInfo.java:shutdownLeaderElection(134)) - 499e5c1f-15d6-4d5e-a71b-72fc5090a2a6: shutdown LeaderElection
2019-10-10 21:38:09,594 [Thread-2383] INFO  impl.RaftServerImpl (RaftServerImpl.java:setRole(170)) - 499e5c1f-15d6-4d5e-a71b-72fc5090a2a6@group-615C6D74C389: changes role from  FOLLOWER to CANDIDATE at term 0 for changeToCandidate
2019-10-10 21:38:09,594 [499e5c1f-15d6-4d5e-a71b-72fc5090a2a6@group-75B178B57A1D-LeaderElection89] INFO  impl.RaftServerImpl (RaftServerImpl.java:setRole(170)) - 499e5c1f-15d6-4d5e-a71b-72fc5090a2a6@group-75B178B57A1D: changes role from CANDIDATE to LEADER at term 1 for changeToLeader
2019-10-10 21:38:09,594 [Thread-2383] INFO  impl.RoleInfo (RoleInfo.java:updateAndGet(143)) - 499e5c1f-15d6-4d5e-a71b-72fc5090a2a6: start LeaderElection
2019-10-10 21:38:09,595 [499e5c1f-15d6-4d5e-a71b-72fc5090a2a6@group-75B178B57A1D-LeaderElection89] INFO  impl.RaftServerImpl (ServerState.java:setLeader(255)) - 499e5c1f-15d6-4d5e-a71b-72fc5090a2a6@group-75B178B57A1D: change Leader from null to 499e5c1f-15d6-4d5e-a71b-72fc5090a2a6 at term 1 for becomeLeader, leader elected after 5109ms
2019-10-10 21:38:09,595 [499e5c1f-15d6-4d5e-a71b-72fc5090a2a6@group-75B178B57A1D-LeaderElection89] INFO  server.RaftServerConfigKeys (ConfUtils.java:logGet(43)) - raft.server.staging.catchup.gap = 1000 (default)
2019-10-10 21:38:09,598 [499e5c1f-15d6-4d5e-a71b-72fc5090a2a6@group-75B178B57A1D-LeaderElection89] INFO  server.RaftServerConfigKeys (ConfUtils.java:logGet(43)) - raft.server.rpc.sleep.time = 25ms (default)
2019-10-10 21:38:09,604 [Thread-2385] INFO  impl.FollowerState (FollowerState.java:run(108)) - 5de4fd98-088a-4136-9385-3639a2af1cfb@group-615C6D74C389-FollowerState: change to CANDIDATE, lastRpcTime:5028ms, electionTimeout:5024ms
2019-10-10 21:38:09,604 [499e5c1f-15d6-4d5e-a71b-72fc5090a2a6@group-75B178B57A1D-LeaderElection89] INFO  server.RaftServerConfigKeys (ConfUtils.java:logGet(43)) - raft.server.write.element-limit = 4096 (default)
2019-10-10 21:38:09,604 [Thread-2385] INFO  impl.RoleInfo (RoleInfo.java:shutdownFollowerState(121)) - 5de4fd98-088a-4136-9385-3639a2af1cfb: shutdown FollowerState
2019-10-10 21:38:09,605 [499e5c1f-15d6-4d5e-a71b-72fc5090a2a6@group-75B178B57A1D-LeaderElection89] INFO  server.RaftServerConfigKeys (ConfUtils.java:logGet(43)) - raft.server.watch.timeout = 10s (default)
2019-10-10 21:38:09,605 [Thread-2385] INFO  impl.RaftServerImpl (RaftServerImpl.java:setRole(170)) - 5de4fd98-088a-4136-9385-3639a2af1cfb@group-615C6D74C389: changes role from  FOLLOWER to CANDIDATE at term 0 for changeToCandidate
2019-10-10 21:38:09,605 [499e5c1f-15d6-4d5e-a71b-72fc5090a2a6@group-75B178B57A1D-LeaderElection89] INFO  server.RaftServerConfigKeys (ConfUtils.java:logGet(43)) - raft.server.watch.timeout.denomination = 1s (default)
2019-10-10 21:38:09,605 [Thread-2385] INFO  impl.RoleInfo (RoleInfo.java:updateAndGet(143)) - 5de4fd98-088a-4136-9385-3639a2af1cfb: start LeaderElection
2019-10-10 21:38:09,605 [499e5c1f-15d6-4d5e-a71b-72fc5090a2a6@group-75B178B57A1D-LeaderElection89] INFO  server.RaftServerConfigKeys (ConfUtils.java:logGet(43)) - raft.server.watch.element-limit = 65536 (default)
2019-10-10 21:38:09,615 [864221b0-e1c8-44e4-acd2-17fd2bfaaa12@group-B7930C0FFB75-SegmentedRaftLogWorker] INFO  segmented.SegmentedRaftLogWorker (SegmentedRaftLogWorker.java:execute(574)) - 864221b0-e1c8-44e4-acd2-17fd2bfaaa12@group-B7930C0FFB75-SegmentedRaftLogWorker: created new log segment /workdir/hadoop-ozone/integration-test/target/test-dir/MiniOzoneClusterImpl-c01b9a90-bcb1-4e29-b08c-a5022a9cdd6b/datanode-4/data/ratis/21c150b5-c320-479d-82fb-b7930c0ffb75/current/log_inprogress_0
2019-10-10 21:38:09,616 [499e5c1f-15d6-4d5e-a71b-72fc5090a2a6@group-75B178B57A1D-LeaderElection89] INFO  impl.RoleInfo (RoleInfo.java:updateAndGet(143)) - 499e5c1f-15d6-4d5e-a71b-72fc5090a2a6: start LeaderState
2019-10-10 21:38:09,616 [499e5c1f-15d6-4d5e-a71b-72fc5090a2a6@group-75B178B57A1D-LeaderElection89] INFO  segmented.SegmentedRaftLogWorker (SegmentedRaftLogWorker.java:startLogSegment(385)) - 499e5c1f-15d6-4d5e-a71b-72fc5090a2a6@group-75B178B57A1D-SegmentedRaftLogWorker: Starting segment from index:0
2019-10-10 21:38:09,617 [499e5c1f-15d6-4d5e-a71b-72fc5090a2a6@group-75B178B57A1D-LeaderElection89] INFO  impl.RaftServerImpl (ServerState.java:setRaftConf(356)) - 499e5c1f-15d6-4d5e-a71b-72fc5090a2a6@group-75B178B57A1D: set configuration 0: [499e5c1f-15d6-4d5e-a71b-72fc5090a2a6:192.168.164.253:36444], old=null at 0
2019-10-10 21:38:09,623 [499e5c1f-15d6-4d5e-a71b-72fc5090a2a6@group-615C6D74C389-LeaderElection90] INFO  impl.LeaderElection (LeaderElection.java:askForVotes(178)) - 499e5c1f-15d6-4d5e-a71b-72fc5090a2a6@group-615C6D74C389-LeaderElection90: begin an election at term 1 for -1: [499e5c1f-15d6-4d5e-a71b-72fc5090a2a6:192.168.164.253:36444, 5de4fd98-088a-4136-9385-3639a2af1cfb:192.168.164.253:45074, 12ebd3da-2af7-4701-8b4a-ca499acad0da:192.168.164.253:40997], old=null
2019-10-10 21:38:09,623 [5de4fd98-088a-4136-9385-3639a2af1cfb@group-615C6D74C389-LeaderElection91] INFO  impl.LeaderElection (LeaderElection.java:askForVotes(178)) - 5de4fd98-088a-4136-9385-3639a2af1cfb@group-615C6D74C389-LeaderElection91: begin an election at term 1 for -1: [499e5c1f-15d6-4d5e-a71b-72fc5090a2a6:192.168.164.253:36444, 5de4fd98-088a-4136-9385-3639a2af1cfb:192.168.164.253:45074, 12ebd3da-2af7-4701-8b4a-ca499acad0da:192.168.164.253:40997], old=null
2019-10-10 21:38:09,655 [grpc-default-executor-2] INFO  impl.RaftServerImpl (RaftServerImpl.java:setRole(170)) - 12ebd3da-2af7-4701-8b4a-ca499acad0da@group-615C6D74C389: changes role from  FOLLOWER to FOLLOWER at term 1 for recognizeCandidate:499e5c1f-15d6-4d5e-a71b-72fc5090a2a6
2019-10-10 21:38:09,655 [grpc-default-executor-2] INFO  impl.RoleInfo (RoleInfo.java:shutdownFollowerState(121)) - 12ebd3da-2af7-4701-8b4a-ca499acad0da: shutdown FollowerState
2019-10-10 21:38:09,659 [Thread-2387] INFO  impl.FollowerState (FollowerState.java:run(117)) - 12ebd3da-2af7-4701-8b4a-ca499acad0da@group-615C6D74C389-FollowerState was interrupted: java.lang.InterruptedException: sleep interrupted
2019-10-10 21:38:09,659 [grpc-default-executor-2] INFO  impl.RoleInfo (RoleInfo.java:updateAndGet(143)) - 12ebd3da-2af7-4701-8b4a-ca499acad0da: start FollowerState
2019-10-10 21:38:09,690 [499e5c1f-15d6-4d5e-a71b-72fc5090a2a6@group-75B178B57A1D-SegmentedRaftLogWorker] INFO  segmented.SegmentedRaftLogWorker (SegmentedRaftLogWorker.java:execute(574)) - 499e5c1f-15d6-4d5e-a71b-72fc5090a2a6@group-75B178B57A1D-SegmentedRaftLogWorker: created new log segment /workdir/hadoop-ozone/integration-test/target/test-dir/MiniOzoneClusterImpl-c01b9a90-bcb1-4e29-b08c-a5022a9cdd6b/datanode-5/data/ratis/6b2a60e3-8007-44d9-a233-75b178b57a1d/current/log_inprogress_0
2019-10-10 21:38:09,691 [5de4fd98-088a-4136-9385-3639a2af1cfb@group-615C6D74C389-LeaderElection91] INFO  impl.LeaderElection (LeaderElection.java:logAndReturn(56)) - 5de4fd98-088a-4136-9385-3639a2af1cfb@group-615C6D74C389-LeaderElection91: Election REJECTED; received 2 response(s) [5de4fd98-088a-4136-9385-3639a2af1cfb<-499e5c1f-15d6-4d5e-a71b-72fc5090a2a6#0:FAIL-t1, 5de4fd98-088a-4136-9385-3639a2af1cfb<-12ebd3da-2af7-4701-8b4a-ca499acad0da#0:FAIL-t1] and 0 exception(s); 5de4fd98-088a-4136-9385-3639a2af1cfb@group-615C6D74C389:t1, leader=null, voted=5de4fd98-088a-4136-9385-3639a2af1cfb, raftlog=5de4fd98-088a-4136-9385-3639a2af1cfb@group-615C6D74C389-SegmentedRaftLog:OPENED:c-1,f-1,i0, conf=-1: [499e5c1f-15d6-4d5e-a71b-72fc5090a2a6:192.168.164.253:36444, 5de4fd98-088a-4136-9385-3639a2af1cfb:192.168.164.253:45074, 12ebd3da-2af7-4701-8b4a-ca499acad0da:192.168.164.253:40997], old=null
2019-10-10 21:38:09,691 [5de4fd98-088a-4136-9385-3639a2af1cfb@group-615C6D74C389-LeaderElection91] INFO  impl.RaftServerImpl (RaftServerImpl.java:setRole(170)) - 5de4fd98-088a-4136-9385-3639a2af1cfb@group-615C6D74C389: changes role from CANDIDATE to FOLLOWER at term 1 for DISCOVERED_A_NEW_TERM
2019-10-10 21:38:09,691 [5de4fd98-088a-4136-9385-3639a2af1cfb@group-615C6D74C389-LeaderElection91] INFO  impl.RoleInfo (RoleInfo.java:shutdownLeaderElection(134)) - 5de4fd98-088a-4136-9385-3639a2af1cfb: shutdown LeaderElection
2019-10-10 21:38:09,691 [499e5c1f-15d6-4d5e-a71b-72fc5090a2a6@group-615C6D74C389-LeaderElection90] INFO  impl.LeaderElection (LeaderElection.java:logAndReturn(56)) - 499e5c1f-15d6-4d5e-a71b-72fc5090a2a6@group-615C6D74C389-LeaderElection90: Election PASSED; received 2 response(s) [499e5c1f-15d6-4d5e-a71b-72fc5090a2a6<-5de4fd98-088a-4136-9385-3639a2af1cfb#0:FAIL-t1, 499e5c1f-15d6-4d5e-a71b-72fc5090a2a6<-12ebd3da-2af7-4701-8b4a-ca499acad0da#0:OK-t1] and 0 exception(s); 499e5c1f-15d6-4d5e-a71b-72fc5090a2a6@group-615C6D74C389:t1, leader=null, voted=499e5c1f-15d6-4d5e-a71b-72fc5090a2a6, raftlog=499e5c1f-15d6-4d5e-a71b-72fc5090a2a6@group-615C6D74C389-SegmentedRaftLog:OPENED:c-1,f-1,i0, conf=-1: [499e5c1f-15d6-4d5e-a71b-72fc5090a2a6:192.168.164.253:36444, 5de4fd98-088a-4136-9385-3639a2af1cfb:192.168.164.253:45074, 12ebd3da-2af7-4701-8b4a-ca499acad0da:192.168.164.253:40997], old=null
2019-10-10 21:38:09,691 [5de4fd98-088a-4136-9385-3639a2af1cfb@group-615C6D74C389-LeaderElection91] INFO  impl.RoleInfo (RoleInfo.java:updateAndGet(143)) - 5de4fd98-088a-4136-9385-3639a2af1cfb: start FollowerState
2019-10-10 21:38:09,691 [499e5c1f-15d6-4d5e-a71b-72fc5090a2a6@group-615C6D74C389-LeaderElection90] INFO  impl.RoleInfo (RoleInfo.java:shutdownLeaderElection(134)) - 499e5c1f-15d6-4d5e-a71b-72fc5090a2a6: shutdown LeaderElection
2019-10-10 21:38:09,692 [499e5c1f-15d6-4d5e-a71b-72fc5090a2a6@group-615C6D74C389-LeaderElection90] INFO  impl.RaftServerImpl (RaftServerImpl.java:setRole(170)) - 499e5c1f-15d6-4d5e-a71b-72fc5090a2a6@group-615C6D74C389: changes role from CANDIDATE to LEADER at term 1 for changeToLeader
2019-10-10 21:38:09,692 [499e5c1f-15d6-4d5e-a71b-72fc5090a2a6@group-615C6D74C389-LeaderElection90] INFO  impl.RaftServerImpl (ServerState.java:setLeader(255)) - 499e5c1f-15d6-4d5e-a71b-72fc5090a2a6@group-615C6D74C389: change Leader from null to 499e5c1f-15d6-4d5e-a71b-72fc5090a2a6 at term 1 for becomeLeader, leader elected after 5129ms
2019-10-10 21:38:09,692 [499e5c1f-15d6-4d5e-a71b-72fc5090a2a6@group-615C6D74C389-LeaderElection90] INFO  server.RaftServerConfigKeys (ConfUtils.java:logGet(43)) - raft.server.staging.catchup.gap = 1000 (default)
2019-10-10 21:38:09,692 [499e5c1f-15d6-4d5e-a71b-72fc5090a2a6@group-615C6D74C389-LeaderElection90] INFO  server.RaftServerConfigKeys (ConfUtils.java:logGet(43)) - raft.server.rpc.sleep.time = 25ms (default)
2019-10-10 21:38:09,692 [499e5c1f-15d6-4d5e-a71b-72fc5090a2a6@group-615C6D74C389-LeaderElection90] INFO  server.RaftServerConfigKeys (ConfUtils.java:logGet(43)) - raft.server.write.element-limit = 4096 (default)
2019-10-10 21:38:09,693 [499e5c1f-15d6-4d5e-a71b-72fc5090a2a6@group-615C6D74C389-LeaderElection90] INFO  server.RaftServerConfigKeys (ConfUtils.java:logGet(43)) - raft.server.watch.timeout = 10s (default)
2019-10-10 21:38:09,693 [499e5c1f-15d6-4d5e-a71b-72fc5090a2a6@group-615C6D74C389-LeaderElection90] INFO  server.RaftServerConfigKeys (ConfUtils.java:logGet(43)) - raft.server.watch.timeout.denomination = 1s (default)
2019-10-10 21:38:09,693 [499e5c1f-15d6-4d5e-a71b-72fc5090a2a6@group-615C6D74C389-LeaderElection90] INFO  server.RaftServerConfigKeys (ConfUtils.java:logGet(43)) - raft.server.watch.element-limit = 65536 (default)
2019-10-10 21:38:09,695 [499e5c1f-15d6-4d5e-a71b-72fc5090a2a6@group-615C6D74C389-LeaderElection90] INFO  server.RaftServerConfigKeys (ConfUtils.java:logGet(43)) - raft.server.log.appender.snapshot.chunk.size.max = 16MB (=16777216) (default)
2019-10-10 21:38:09,695 [499e5c1f-15d6-4d5e-a71b-72fc5090a2a6@group-615C6D74C389-LeaderElection90] INFO  server.RaftServerConfigKeys (ConfUtils.java:logGet(43)) - raft.server.log.appender.buffer.byte-limit = 33554432 (custom)
2019-10-10 21:38:09,695 [499e5c1f-15d6-4d5e-a71b-72fc5090a2a6@group-615C6D74C389-LeaderElection90] INFO  server.RaftServerConfigKeys (ConfUtils.java:logGet(43)) - raft.server.log.appender.buffer.element-limit = 1 (custom)
2019-10-10 21:38:09,695 [499e5c1f-15d6-4d5e-a71b-72fc5090a2a6@group-615C6D74C389-LeaderElection90] INFO  grpc.GrpcConfigKeys$Server (ConfUtils.java:logGet(43)) - raft.grpc.server.leader.outstanding.appends.max = 128 (default)
2019-10-10 21:38:09,696 [499e5c1f-15d6-4d5e-a71b-72fc5090a2a6@group-615C6D74C389-LeaderElection90] INFO  server.RaftServerConfigKeys (ConfUtils.java:logGet(43)) - raft.server.rpc.request.timeout = 3000ms (default)
2019-10-10 21:38:09,696 [499e5c1f-15d6-4d5e-a71b-72fc5090a2a6@group-615C6D74C389-LeaderElection90] INFO  server.RaftServerConfigKeys (ConfUtils.java:logGet(43)) - raft.server.log.appender.install.snapshot.enabled = false (custom)
2019-10-10 21:38:09,696 [499e5c1f-15d6-4d5e-a71b-72fc5090a2a6@group-615C6D74C389-LeaderElection90] INFO  server.RaftServerConfigKeys (ConfUtils.java:logGet(43)) - raft.server.log.appender.snapshot.chunk.size.max = 16MB (=16777216) (default)
2019-10-10 21:38:09,696 [499e5c1f-15d6-4d5e-a71b-72fc5090a2a6@group-615C6D74C389-LeaderElection90] INFO  server.RaftServerConfigKeys (ConfUtils.java:logGet(43)) - raft.server.log.appender.buffer.byte-limit = 33554432 (custom)
2019-10-10 21:38:09,696 [499e5c1f-15d6-4d5e-a71b-72fc5090a2a6@group-615C6D74C389-LeaderElection90] INFO  server.RaftServerConfigKeys (ConfUtils.java:logGet(43)) - raft.server.log.appender.buffer.element-limit = 1 (custom)
2019-10-10 21:38:09,697 [499e5c1f-15d6-4d5e-a71b-72fc5090a2a6@group-615C6D74C389-LeaderElection90] INFO  grpc.GrpcConfigKeys$Server (ConfUtils.java:logGet(43)) - raft.grpc.server.leader.outstanding.appends.max = 128 (default)
2019-10-10 21:38:09,697 [499e5c1f-15d6-4d5e-a71b-72fc5090a2a6@group-615C6D74C389-LeaderElection90] INFO  server.RaftServerConfigKeys (ConfUtils.java:logGet(43)) - raft.server.rpc.request.timeout = 3000ms (default)
2019-10-10 21:38:09,697 [499e5c1f-15d6-4d5e-a71b-72fc5090a2a6@group-615C6D74C389-LeaderElection90] INFO  server.RaftServerConfigKeys (ConfUtils.java:logGet(43)) - raft.server.log.appender.install.snapshot.enabled = false (custom)
2019-10-10 21:38:09,697 [499e5c1f-15d6-4d5e-a71b-72fc5090a2a6@group-615C6D74C389-LeaderElection90] INFO  impl.RoleInfo (RoleInfo.java:updateAndGet(143)) - 499e5c1f-15d6-4d5e-a71b-72fc5090a2a6: start LeaderState
2019-10-10 21:38:09,698 [499e5c1f-15d6-4d5e-a71b-72fc5090a2a6@group-615C6D74C389-LeaderElection90] INFO  segmented.SegmentedRaftLogWorker (SegmentedRaftLogWorker.java:startLogSegment(385)) - 499e5c1f-15d6-4d5e-a71b-72fc5090a2a6@group-615C6D74C389-SegmentedRaftLogWorker: Starting segment from index:0
2019-10-10 21:38:09,698 [499e5c1f-15d6-4d5e-a71b-72fc5090a2a6@group-615C6D74C389-LeaderElection90] INFO  impl.RaftServerImpl (ServerState.java:setRaftConf(356)) - 499e5c1f-15d6-4d5e-a71b-72fc5090a2a6@group-615C6D74C389: set configuration 0: [499e5c1f-15d6-4d5e-a71b-72fc5090a2a6:192.168.164.253:36444, 5de4fd98-088a-4136-9385-3639a2af1cfb:192.168.164.253:45074, 12ebd3da-2af7-4701-8b4a-ca499acad0da:192.168.164.253:40997], old=null at 0
2019-10-10 21:38:09,700 [grpc-default-executor-2] INFO  impl.RaftServerImpl (ServerState.java:setLeader(255)) - 5de4fd98-088a-4136-9385-3639a2af1cfb@group-615C6D74C389: change Leader from null to 499e5c1f-15d6-4d5e-a71b-72fc5090a2a6 at term 1 for appendEntries, leader elected after 5137ms
2019-10-10 21:38:09,701 [grpc-default-executor-1] INFO  impl.RaftServerImpl (ServerState.java:setLeader(255)) - 12ebd3da-2af7-4701-8b4a-ca499acad0da@group-615C6D74C389: change Leader from null to 499e5c1f-15d6-4d5e-a71b-72fc5090a2a6 at term 1 for appendEntries, leader elected after 5137ms
2019-10-10 21:38:09,702 [grpc-default-executor-1] INFO  impl.RaftServerImpl (ServerState.java:setRaftConf(356)) - 5de4fd98-088a-4136-9385-3639a2af1cfb@group-615C6D74C389: set configuration 0: [499e5c1f-15d6-4d5e-a71b-72fc5090a2a6:192.168.164.253:36444, 5de4fd98-088a-4136-9385-3639a2af1cfb:192.168.164.253:45074, 12ebd3da-2af7-4701-8b4a-ca499acad0da:192.168.164.253:40997], old=null at 0
2019-10-10 21:38:09,703 [grpc-default-executor-1] INFO  segmented.SegmentedRaftLogWorker (SegmentedRaftLogWorker.java:startLogSegment(385)) - 5de4fd98-088a-4136-9385-3639a2af1cfb@group-615C6D74C389-SegmentedRaftLogWorker: Starting segment from index:0
2019-10-10 21:38:09,703 [grpc-default-executor-2] INFO  impl.RaftServerImpl (ServerState.java:setRaftConf(356)) - 12ebd3da-2af7-4701-8b4a-ca499acad0da@group-615C6D74C389: set configuration 0: [499e5c1f-15d6-4d5e-a71b-72fc5090a2a6:192.168.164.253:36444, 5de4fd98-088a-4136-9385-3639a2af1cfb:192.168.164.253:45074, 12ebd3da-2af7-4701-8b4a-ca499acad0da:192.168.164.253:40997], old=null at 0
2019-10-10 21:38:09,703 [grpc-default-executor-2] INFO  segmented.SegmentedRaftLogWorker (SegmentedRaftLogWorker.java:startLogSegment(385)) - 12ebd3da-2af7-4701-8b4a-ca499acad0da@group-615C6D74C389-SegmentedRaftLogWorker: Starting segment from index:0
2019-10-10 21:38:09,775 [5de4fd98-088a-4136-9385-3639a2af1cfb@group-615C6D74C389-SegmentedRaftLogWorker] INFO  segmented.SegmentedRaftLogWorker (SegmentedRaftLogWorker.java:execute(574)) - 5de4fd98-088a-4136-9385-3639a2af1cfb@group-615C6D74C389-SegmentedRaftLogWorker: created new log segment /workdir/hadoop-ozone/integration-test/target/test-dir/MiniOzoneClusterImpl-c01b9a90-bcb1-4e29-b08c-a5022a9cdd6b/datanode-3/data/ratis/67081f1f-35a3-4df4-bfe5-615c6d74c389/current/log_inprogress_0
2019-10-10 21:38:09,775 [499e5c1f-15d6-4d5e-a71b-72fc5090a2a6@group-615C6D74C389-SegmentedRaftLogWorker] INFO  segmented.SegmentedRaftLogWorker (SegmentedRaftLogWorker.java:execute(574)) - 499e5c1f-15d6-4d5e-a71b-72fc5090a2a6@group-615C6D74C389-SegmentedRaftLogWorker: created new log segment /workdir/hadoop-ozone/integration-test/target/test-dir/MiniOzoneClusterImpl-c01b9a90-bcb1-4e29-b08c-a5022a9cdd6b/datanode-5/data/ratis/67081f1f-35a3-4df4-bfe5-615c6d74c389/current/log_inprogress_0
2019-10-10 21:38:09,775 [12ebd3da-2af7-4701-8b4a-ca499acad0da@group-615C6D74C389-SegmentedRaftLogWorker] INFO  segmented.SegmentedRaftLogWorker (SegmentedRaftLogWorker.java:execute(574)) - 12ebd3da-2af7-4701-8b4a-ca499acad0da@group-615C6D74C389-SegmentedRaftLogWorker: created new log segment /workdir/hadoop-ozone/integration-test/target/test-dir/MiniOzoneClusterImpl-c01b9a90-bcb1-4e29-b08c-a5022a9cdd6b/datanode-6/data/ratis/67081f1f-35a3-4df4-bfe5-615c6d74c389/current/log_inprogress_0
2019-10-10 21:38:10,501 [grpc-default-executor-6] WARN  server.GrpcLogAppender (LogUtils.java:warn(134)) - e470dbc6-b7c3-4cc5-bcba-9849bb7698b4@group-E0DA6B936123->4d6c447f-053a-4089-9221-5a9185208761-AppendLogResponseHandler: Failed appendEntries: org.apache.ratis.thirdparty.io.grpc.StatusRuntimeException: UNAVAILABLE: io exception
2019-10-10 21:38:10,502 [grpc-default-executor-6] INFO  impl.FollowerInfo (FollowerInfo.java:lambda$new$0(51)) - e470dbc6-b7c3-4cc5-bcba-9849bb7698b4@group-E0DA6B936123->4d6c447f-053a-4089-9221-5a9185208761: nextIndex: updateUnconditionally 0 -> 0
2019-10-10 21:38:10,504 [grpc-default-executor-2] WARN  server.GrpcLogAppender (LogUtils.java:warn(134)) - e470dbc6-b7c3-4cc5-bcba-9849bb7698b4@group-E0DA6B936123->36dc106a-b650-4673-a9ea-d6528ce93d44-AppendLogResponseHandler: Failed appendEntries: org.apache.ratis.thirdparty.io.grpc.StatusRuntimeException: UNAVAILABLE: io exception
2019-10-10 21:38:10,504 [grpc-default-executor-2] INFO  impl.FollowerInfo (FollowerInfo.java:lambda$new$0(51)) - e470dbc6-b7c3-4cc5-bcba-9849bb7698b4@group-E0DA6B936123->36dc106a-b650-4673-a9ea-d6528ce93d44: nextIndex: updateUnconditionally 0 -> 0
2019-10-10 21:38:10,940 [Datanode State Machine Thread - 0] INFO  statemachine.DatanodeStateMachine (DatanodeStateMachine.java:lambda$startDaemon$0(350)) - Ozone container server started.
2019-10-10 21:38:12,965 [EventQueue-StaleNodeForStaleNodeHandler] INFO  node.StaleNodeHandler (StaleNodeHandler.java:onMessage(58)) - Datanode 36dc106a-b650-4673-a9ea-d6528ce93d44{ip: 192.168.164.253, host: pr-hdds-2281-k4msp-1747625461, networkLocation: /default-rack, certSerialId: null} moved to stale state. Finalizing its pipelines [PipelineID=c98dc3eb-1fe6-4a18-9d74-e0da6b936123, PipelineID=8b26f0d7-37d2-4060-8a66-645e78760477]
2019-10-10 21:38:12,966 [EventQueue-StaleNodeForStaleNodeHandler] INFO  pipeline.SCMPipelineManager (SCMPipelineManager.java:finalizeAndDestroyPipeline(315)) - destroying pipeline:Pipeline[ Id: c98dc3eb-1fe6-4a18-9d74-e0da6b936123, Nodes: 36dc106a-b650-4673-a9ea-d6528ce93d44{ip: 192.168.164.253, host: pr-hdds-2281-k4msp-1747625461, networkLocation: /default-rack, certSerialId: null}4d6c447f-053a-4089-9221-5a9185208761{ip: 192.168.164.253, host: pr-hdds-2281-k4msp-1747625461, networkLocation: /default-rack, certSerialId: null}e470dbc6-b7c3-4cc5-bcba-9849bb7698b4{ip: 192.168.164.253, host: pr-hdds-2281-k4msp-1747625461, networkLocation: /default-rack, certSerialId: null}, Type:RATIS, Factor:THREE, State:OPEN]
2019-10-10 21:38:12,966 [EventQueue-StaleNodeForStaleNodeHandler] INFO  pipeline.PipelineStateManager (PipelineStateManager.java:finalizePipeline(123)) - Pipeline Pipeline[ Id: c98dc3eb-1fe6-4a18-9d74-e0da6b936123, Nodes: 36dc106a-b650-4673-a9ea-d6528ce93d44{ip: 192.168.164.253, host: pr-hdds-2281-k4msp-1747625461, networkLocation: /default-rack, certSerialId: null}4d6c447f-053a-4089-9221-5a9185208761{ip: 192.168.164.253, host: pr-hdds-2281-k4msp-1747625461, networkLocation: /default-rack, certSerialId: null}e470dbc6-b7c3-4cc5-bcba-9849bb7698b4{ip: 192.168.164.253, host: pr-hdds-2281-k4msp-1747625461, networkLocation: /default-rack, certSerialId: null}, Type:RATIS, Factor:THREE, State:CLOSED] moved to CLOSED state
2019-10-10 21:38:12,967 [EventQueue-CloseContainerForCloseContainerEventHandler] INFO  container.CloseContainerEventHandler (CloseContainerEventHandler.java:onMessage(61)) - Close container Event triggered for container : #1
2019-10-10 21:38:12,967 [EventQueue-StaleNodeForStaleNodeHandler] INFO  pipeline.SCMPipelineManager (SCMPipelineManager.java:finalizeAndDestroyPipeline(315)) - destroying pipeline:Pipeline[ Id: 8b26f0d7-37d2-4060-8a66-645e78760477, Nodes: 36dc106a-b650-4673-a9ea-d6528ce93d44{ip: 192.168.164.253, host: pr-hdds-2281-k4msp-1747625461, networkLocation: /default-rack, certSerialId: null}, Type:RATIS, Factor:ONE, State:OPEN]
2019-10-10 21:38:12,968 [EventQueue-StaleNodeForStaleNodeHandler] INFO  pipeline.PipelineStateManager (PipelineStateManager.java:finalizePipeline(123)) - Pipeline Pipeline[ Id: 8b26f0d7-37d2-4060-8a66-645e78760477, Nodes: 36dc106a-b650-4673-a9ea-d6528ce93d44{ip: 192.168.164.253, host: pr-hdds-2281-k4msp-1747625461, networkLocation: /default-rack, certSerialId: null}, Type:RATIS, Factor:ONE, State:CLOSED] moved to CLOSED state
2019-10-10 21:38:13,004 [grpc-default-executor-6] WARN  server.GrpcLogAppender (LogUtils.java:warn(134)) - e470dbc6-b7c3-4cc5-bcba-9849bb7698b4@group-E0DA6B936123->4d6c447f-053a-4089-9221-5a9185208761-AppendLogResponseHandler: Failed appendEntries: org.apache.ratis.thirdparty.io.grpc.StatusRuntimeException: UNAVAILABLE: io exception
2019-10-10 21:38:13,004 [grpc-default-executor-9] WARN  server.GrpcLogAppender (LogUtils.java:warn(134)) - e470dbc6-b7c3-4cc5-bcba-9849bb7698b4@group-E0DA6B936123->36dc106a-b650-4673-a9ea-d6528ce93d44-AppendLogResponseHandler: Failed appendEntries: org.apache.ratis.thirdparty.io.grpc.StatusRuntimeException: UNAVAILABLE: io exception
2019-10-10 21:38:13,005 [grpc-default-executor-6] INFO  impl.FollowerInfo (FollowerInfo.java:lambda$new$0(51)) - e470dbc6-b7c3-4cc5-bcba-9849bb7698b4@group-E0DA6B936123->4d6c447f-053a-4089-9221-5a9185208761: nextIndex: updateUnconditionally 0 -> 0
2019-10-10 21:38:13,005 [grpc-default-executor-9] INFO  impl.FollowerInfo (FollowerInfo.java:lambda$new$0(51)) - e470dbc6-b7c3-4cc5-bcba-9849bb7698b4@group-E0DA6B936123->36dc106a-b650-4673-a9ea-d6528ce93d44: nextIndex: updateUnconditionally 0 -> 0
2019-10-10 21:38:14,210 [grpc-default-executor-8] WARN  server.GrpcLogAppender (LogUtils.java:warn(134)) - e470dbc6-b7c3-4cc5-bcba-9849bb7698b4@group-E0DA6B936123->4d6c447f-053a-4089-9221-5a9185208761-AppendLogResponseHandler: Failed appendEntries: org.apache.ratis.thirdparty.io.grpc.StatusRuntimeException: UNAVAILABLE: io exception
2019-10-10 21:38:14,210 [grpc-default-executor-9] WARN  server.GrpcLogAppender (LogUtils.java:warn(134)) - e470dbc6-b7c3-4cc5-bcba-9849bb7698b4@group-E0DA6B936123->36dc106a-b650-4673-a9ea-d6528ce93d44-AppendLogResponseHandler: Failed appendEntries: org.apache.ratis.thirdparty.io.grpc.StatusRuntimeException: UNAVAILABLE: io exception
2019-10-10 21:38:14,210 [grpc-default-executor-8] INFO  impl.FollowerInfo (FollowerInfo.java:lambda$new$0(51)) - e470dbc6-b7c3-4cc5-bcba-9849bb7698b4@group-E0DA6B936123->4d6c447f-053a-4089-9221-5a9185208761: nextIndex: updateUnconditionally 1 -> 0
2019-10-10 21:38:14,211 [grpc-default-executor-9] INFO  impl.FollowerInfo (FollowerInfo.java:lambda$new$0(51)) - e470dbc6-b7c3-4cc5-bcba-9849bb7698b4@group-E0DA6B936123->36dc106a-b650-4673-a9ea-d6528ce93d44: nextIndex: updateUnconditionally 1 -> 0
2019-10-10 21:38:14,987 [main] INFO  ozoneimpl.OzoneContainer (OzoneContainer.java:stop(227)) - Attempting to stop container services.
2019-10-10 21:38:14,988 [main] INFO  impl.RaftServerProxy (RaftServerProxy.java:lambda$close$4(314)) - 2e853c8f-06d9-4a3a-9697-1c4a2c6aedee: close
2019-10-10 21:38:14,989 [main] INFO  impl.RaftServerImpl (RaftServerImpl.java:lambda$shutdown$3(247)) - 2e853c8f-06d9-4a3a-9697-1c4a2c6aedee@group-F31FEBA62CAE: shutdown
2019-10-10 21:38:14,989 [main] INFO  util.JmxRegister (JmxRegister.java:unregister(73)) - Successfully un-registered JMX Bean with object name Ratis:service=RaftServer,group=group-F31FEBA62CAE,id=2e853c8f-06d9-4a3a-9697-1c4a2c6aedee
2019-10-10 21:38:14,989 [main] INFO  impl.RoleInfo (RoleInfo.java:shutdownLeaderState(104)) - 2e853c8f-06d9-4a3a-9697-1c4a2c6aedee: shutdown LeaderState
2019-10-10 21:38:14,990 [main] INFO  impl.PendingRequests (PendingRequests.java:sendNotLeaderResponses(202)) - 2e853c8f-06d9-4a3a-9697-1c4a2c6aedee@group-F31FEBA62CAE-PendingRequests: sendNotLeaderResponses
2019-10-10 21:38:14,990 [main] INFO  impl.StateMachineUpdater (StateMachineUpdater.java:stopAndJoin(136)) - 2e853c8f-06d9-4a3a-9697-1c4a2c6aedee@group-F31FEBA62CAE-StateMachineUpdater: set stopIndex = 0
2019-10-10 21:38:14,990 [main] INFO  impl.RaftServerImpl (ServerState.java:close(387)) - 2e853c8f-06d9-4a3a-9697-1c4a2c6aedee@group-F31FEBA62CAE: closes. applyIndex: 0
2019-10-10 21:38:14,991 [2e853c8f-06d9-4a3a-9697-1c4a2c6aedee@group-F31FEBA62CAE-SegmentedRaftLogWorker] INFO  segmented.SegmentedRaftLogWorker (SegmentedRaftLogWorker.java:run(316)) - 2e853c8f-06d9-4a3a-9697-1c4a2c6aedee@group-F31FEBA62CAE-SegmentedRaftLogWorker was interrupted, exiting. There are 0 tasks remaining in the queue.
2019-10-10 21:38:14,997 [main] INFO  segmented.SegmentedRaftLogWorker (SegmentedRaftLogWorker.java:close(224)) - 2e853c8f-06d9-4a3a-9697-1c4a2c6aedee@group-F31FEBA62CAE-SegmentedRaftLogWorker close()
2019-10-10 21:38:15,005 [main] INFO  impl.RaftServerImpl (RaftServerImpl.java:lambda$shutdown$3(247)) - 2e853c8f-06d9-4a3a-9697-1c4a2c6aedee@group-1B887E67CAC0: shutdown
2019-10-10 21:38:15,006 [main] INFO  util.JmxRegister (JmxRegister.java:unregister(73)) - Successfully un-registered JMX Bean with object name Ratis:service=RaftServer,group=group-1B887E67CAC0,id=2e853c8f-06d9-4a3a-9697-1c4a2c6aedee
2019-10-10 21:38:15,006 [main] INFO  impl.RoleInfo (RoleInfo.java:shutdownFollowerState(121)) - 2e853c8f-06d9-4a3a-9697-1c4a2c6aedee: shutdown FollowerState
2019-10-10 21:38:15,006 [main] INFO  impl.StateMachineUpdater (StateMachineUpdater.java:stopAndJoin(136)) - 2e853c8f-06d9-4a3a-9697-1c4a2c6aedee@group-1B887E67CAC0-StateMachineUpdater: set stopIndex = 2
2019-10-10 21:38:15,006 [Thread-2420] INFO  impl.FollowerState (FollowerState.java:run(117)) - 2e853c8f-06d9-4a3a-9697-1c4a2c6aedee@group-1B887E67CAC0-FollowerState was interrupted: java.lang.InterruptedException: sleep interrupted
2019-10-10 21:38:15,006 [2e853c8f-06d9-4a3a-9697-1c4a2c6aedee@group-1B887E67CAC0-StateMachineUpdater] INFO  ratis.ContainerStateMachine (ContainerStateMachine.java:takeSnapshot(294)) - group-1B887E67CAC0: Taking a snapshot at:(t:1, i:1) file /workdir/hadoop-ozone/integration-test/target/test-dir/MiniOzoneClusterImpl-c01b9a90-bcb1-4e29-b08c-a5022a9cdd6b/datanode-0/data/ratis/99879a59-afab-4b81-a5d7-1b887e67cac0/sm/snapshot.1_1
2019-10-10 21:38:15,035 [2e853c8f-06d9-4a3a-9697-1c4a2c6aedee@group-1B887E67CAC0-StateMachineUpdater] INFO  ratis.ContainerStateMachine (ContainerStateMachine.java:takeSnapshot(305)) - group-1B887E67CAC0: Finished taking a snapshot at:(t:1, i:1) file:/workdir/hadoop-ozone/integration-test/target/test-dir/MiniOzoneClusterImpl-c01b9a90-bcb1-4e29-b08c-a5022a9cdd6b/datanode-0/data/ratis/99879a59-afab-4b81-a5d7-1b887e67cac0/sm/snapshot.1_1 time:28
2019-10-10 21:38:15,035 [2e853c8f-06d9-4a3a-9697-1c4a2c6aedee@group-1B887E67CAC0-StateMachineUpdater] INFO  impl.StateMachineUpdater (StateMachineUpdater.java:takeSnapshot(269)) - 2e853c8f-06d9-4a3a-9697-1c4a2c6aedee@group-1B887E67CAC0-StateMachineUpdater: Took a snapshot at index 1
2019-10-10 21:38:15,035 [2e853c8f-06d9-4a3a-9697-1c4a2c6aedee@group-1B887E67CAC0-StateMachineUpdater] INFO  impl.StateMachineUpdater (StateMachineUpdater.java:lambda$new$0(84)) - 2e853c8f-06d9-4a3a-9697-1c4a2c6aedee@group-1B887E67CAC0-StateMachineUpdater: snapshotIndex: updateIncreasingly -1 -> 1
2019-10-10 21:38:15,036 [2e853c8f-06d9-4a3a-9697-1c4a2c6aedee@group-1B887E67CAC0-StateMachineUpdater] INFO  ratis.ContainerStateMachine (ContainerStateMachine.java:takeSnapshot(294)) - group-1B887E67CAC0: Taking a snapshot at:(t:1, i:1) file /workdir/hadoop-ozone/integration-test/target/test-dir/MiniOzoneClusterImpl-c01b9a90-bcb1-4e29-b08c-a5022a9cdd6b/datanode-0/data/ratis/99879a59-afab-4b81-a5d7-1b887e67cac0/sm/snapshot.1_1
2019-10-10 21:38:15,059 [2e853c8f-06d9-4a3a-9697-1c4a2c6aedee@group-1B887E67CAC0-StateMachineUpdater] INFO  ratis.ContainerStateMachine (ContainerStateMachine.java:takeSnapshot(305)) - group-1B887E67CAC0: Finished taking a snapshot at:(t:1, i:1) file:/workdir/hadoop-ozone/integration-test/target/test-dir/MiniOzoneClusterImpl-c01b9a90-bcb1-4e29-b08c-a5022a9cdd6b/datanode-0/data/ratis/99879a59-afab-4b81-a5d7-1b887e67cac0/sm/snapshot.1_1 time:24
2019-10-10 21:38:15,060 [2e853c8f-06d9-4a3a-9697-1c4a2c6aedee@group-1B887E67CAC0-StateMachineUpdater] INFO  impl.StateMachineUpdater (StateMachineUpdater.java:takeSnapshot(269)) - 2e853c8f-06d9-4a3a-9697-1c4a2c6aedee@group-1B887E67CAC0-StateMachineUpdater: Took a snapshot at index 1
2019-10-10 21:38:15,060 [2e853c8f-06d9-4a3a-9697-1c4a2c6aedee@group-1B887E67CAC0-StateMachineUpdater] INFO  impl.StateMachineUpdater (StateMachineUpdater.java:lambda$new$0(84)) - 2e853c8f-06d9-4a3a-9697-1c4a2c6aedee@group-1B887E67CAC0-StateMachineUpdater: snapshotIndex: updateIncreasingly 1 -> 1
2019-10-10 21:38:15,060 [main] INFO  impl.RaftServerImpl (ServerState.java:close(387)) - 2e853c8f-06d9-4a3a-9697-1c4a2c6aedee@group-1B887E67CAC0: closes. applyIndex: 2
2019-10-10 21:38:15,061 [2e853c8f-06d9-4a3a-9697-1c4a2c6aedee@group-1B887E67CAC0-SegmentedRaftLogWorker] INFO  segmented.SegmentedRaftLogWorker (SegmentedRaftLogWorker.java:run(316)) - 2e853c8f-06d9-4a3a-9697-1c4a2c6aedee@group-1B887E67CAC0-SegmentedRaftLogWorker was interrupted, exiting. There are 0 tasks remaining in the queue.
2019-10-10 21:38:15,067 [main] INFO  segmented.SegmentedRaftLogWorker (SegmentedRaftLogWorker.java:close(224)) - 2e853c8f-06d9-4a3a-9697-1c4a2c6aedee@group-1B887E67CAC0-SegmentedRaftLogWorker close()
2019-10-10 21:38:15,078 [main] INFO  server.GrpcService (GrpcService.java:closeImpl(164)) - 2e853c8f-06d9-4a3a-9697-1c4a2c6aedee: shutdown server with port 45395 now
2019-10-10 21:38:15,080 [grpc-default-executor-8] WARN  server.GrpcServerProtocolService (LogUtils.java:warn(134)) - 2e853c8f-06d9-4a3a-9697-1c4a2c6aedee: installSnapshot onError, lastRequest: 7c76edd3-534d-42a4-a058-1ba6e617fc38->2e853c8f-06d9-4a3a-9697-1c4a2c6aedee#5-t1, previous=(t:1, i:2), leaderCommit=2, initializing? false, entries: <empty>: org.apache.ratis.thirdparty.io.grpc.StatusRuntimeException: CANCELLED: cancelled before receiving half close
2019-10-10 21:38:15,080 [main] INFO  server.GrpcService (GrpcService.java:closeImpl(172)) - 2e853c8f-06d9-4a3a-9697-1c4a2c6aedee: shutdown server with port 45395 successfully
2019-10-10 21:38:15,080 [grpc-default-executor-9] WARN  server.GrpcLogAppender (LogUtils.java:warn(134)) - 7c76edd3-534d-42a4-a058-1ba6e617fc38@group-1B887E67CAC0->2e853c8f-06d9-4a3a-9697-1c4a2c6aedee-AppendLogResponseHandler: Failed appendEntries: org.apache.ratis.thirdparty.io.grpc.StatusRuntimeException: CANCELLED: HTTP/2 error code: CANCEL
Received Rst Stream
2019-10-10 21:38:15,081 [grpc-default-executor-9] INFO  impl.FollowerInfo (FollowerInfo.java:lambda$new$0(51)) - 7c76edd3-534d-42a4-a058-1ba6e617fc38@group-1B887E67CAC0->2e853c8f-06d9-4a3a-9697-1c4a2c6aedee: nextIndex: updateUnconditionally 3 -> 2
2019-10-10 21:38:15,082 [refreshUsed-/workdir/hadoop-ozone/integration-test/target/test-dir/MiniOzoneClusterImpl-c01b9a90-bcb1-4e29-b08c-a5022a9cdd6b/datanode-0/data/containers] WARN  fs.CachingGetSpaceUsed (CachingGetSpaceUsed.java:run(183)) - Thread Interrupted waiting to refresh disk information: sleep interrupted
2019-10-10 21:38:15,108 [main] INFO  utils.BackgroundService (BackgroundService.java:shutdown(151)) - Shutting down service BlockDeletingService
2019-10-10 21:38:15,117 [main] INFO  statemachine.DatanodeStateMachine (DatanodeStateMachine.java:stopDaemon(395)) - Ozone container server stopped.
2019-10-10 21:38:15,119 [main] INFO  handler.ContextHandler (ContextHandler.java:doStop(910)) - Stopped o.e.j.w.WebAppContext@17ff8810{/,null,UNAVAILABLE}{/hddsDatanode}
2019-10-10 21:38:15,120 [main] INFO  server.AbstractConnector (AbstractConnector.java:doStop(318)) - Stopped ServerConnector@6c951ada{HTTP/1.1,[http/1.1]}{0.0.0.0:0}
2019-10-10 21:38:15,121 [main] INFO  handler.ContextHandler (ContextHandler.java:doStop(910)) - Stopped o.e.j.s.ServletContextHandler@51ac12ac{/static,jar:file:/home/user/.m2/repository/org/apache/hadoop/hadoop-hdds-container-service/0.5.0-SNAPSHOT/hadoop-hdds-container-service-0.5.0-SNAPSHOT.jar!/webapps/static,UNAVAILABLE}
2019-10-10 21:38:15,121 [main] INFO  handler.ContextHandler (ContextHandler.java:doStop(910)) - Stopped o.e.j.s.ServletContextHandler@76396509{/logs,file:///workdir/hadoop-ozone/integration-test/target/log,UNAVAILABLE}
2019-10-10 21:38:15,138 [grpc-default-executor-9] WARN  server.GrpcLogAppender (LogUtils.java:warn(134)) - 7c76edd3-534d-42a4-a058-1ba6e617fc38@group-1B887E67CAC0->2e853c8f-06d9-4a3a-9697-1c4a2c6aedee-AppendLogResponseHandler: Failed appendEntries: org.apache.ratis.thirdparty.io.grpc.StatusRuntimeException: UNAVAILABLE: io exception
2019-10-10 21:38:15,138 [grpc-default-executor-9] INFO  impl.FollowerInfo (FollowerInfo.java:lambda$new$0(51)) - 7c76edd3-534d-42a4-a058-1ba6e617fc38@group-1B887E67CAC0->2e853c8f-06d9-4a3a-9697-1c4a2c6aedee: nextIndex: updateUnconditionally 3 -> 2
2019-10-10 21:38:15,150 [grpc-default-executor-1] WARN  server.GrpcLogAppender (LogUtils.java:warn(134)) - 7c76edd3-534d-42a4-a058-1ba6e617fc38@group-1B887E67CAC0->2e853c8f-06d9-4a3a-9697-1c4a2c6aedee-AppendLogResponseHandler: Failed appendEntries: org.apache.ratis.thirdparty.io.grpc.StatusRuntimeException: UNAVAILABLE: io exception
2019-10-10 21:38:15,151 [grpc-default-executor-1] INFO  impl.FollowerInfo (FollowerInfo.java:lambda$new$0(51)) - 7c76edd3-534d-42a4-a058-1ba6e617fc38@group-1B887E67CAC0->2e853c8f-06d9-4a3a-9697-1c4a2c6aedee: nextIndex: updateUnconditionally 3 -> 2
2019-10-10 21:38:15,166 [grpc-default-executor-9] WARN  server.GrpcLogAppender (LogUtils.java:warn(134)) - 7c76edd3-534d-42a4-a058-1ba6e617fc38@group-1B887E67CAC0->2e853c8f-06d9-4a3a-9697-1c4a2c6aedee-AppendLogResponseHandler: Failed appendEntries: org.apache.ratis.thirdparty.io.grpc.StatusRuntimeException: UNAVAILABLE: io exception
2019-10-10 21:38:15,167 [grpc-default-executor-9] INFO  impl.FollowerInfo (FollowerInfo.java:lambda$new$0(51)) - 7c76edd3-534d-42a4-a058-1ba6e617fc38@group-1B887E67CAC0->2e853c8f-06d9-4a3a-9697-1c4a2c6aedee: nextIndex: updateUnconditionally 3 -> 2
2019-10-10 21:38:15,173 [EventQueue-IncrementalContainerReportForIncrementalContainerReportHandler] WARN  container.IncrementalContainerReportHandler (AbstractContainerReportHandler.java:updateContainerState(145)) - Container #1 is in OPEN state, but the datanode 7c76edd3-534d-42a4-a058-1ba6e617fc38{ip: 192.168.164.253, host: pr-hdds-2281-k4msp-1747625461, networkLocation: /default-rack, certSerialId: null} reports an CLOSING replica.
2019-10-10 21:38:15,190 [EventQueue-IncrementalContainerReportForIncrementalContainerReportHandler] WARN  container.IncrementalContainerReportHandler (AbstractContainerReportHandler.java:updateContainerState(145)) - Container #1 is in OPEN state, but the datanode 8d399f50-bc32-4264-b3f5-d56cb7cc68f1{ip: 192.168.164.253, host: pr-hdds-2281-k4msp-1747625461, networkLocation: /default-rack, certSerialId: null} reports an CLOSING replica.
2019-10-10 21:38:15,262 [RatisApplyTransactionExecutor 1] INFO  interfaces.Container (KeyValueContainer.java:flushAndSyncDB(386)) - Container 1 is synced with bcsId 0.
2019-10-10 21:38:15,319 [RatisApplyTransactionExecutor 1] INFO  interfaces.Container (KeyValueContainer.java:flushAndSyncDB(386)) - Container 1 is synced with bcsId 0.
2019-10-10 21:38:15,333 [RatisApplyTransactionExecutor 1] INFO  interfaces.Container (KeyValueContainer.java:flushAndSyncDB(386)) - Container 1 is synced with bcsId 0.
2019-10-10 21:38:15,333 [RatisApplyTransactionExecutor 1] INFO  interfaces.Container (KeyValueContainer.java:flushAndSyncDB(386)) - Container 1 is synced with bcsId 0.
2019-10-10 21:38:15,345 [RatisApplyTransactionExecutor 1] INFO  interfaces.Container (KeyValueContainer.java:close(335)) - Container 1 is closed with bcsId 0.
2019-10-10 21:38:15,375 [RatisApplyTransactionExecutor 1] INFO  interfaces.Container (KeyValueContainer.java:close(335)) - Container 1 is closed with bcsId 0.
2019-10-10 21:38:15,375 [EventQueue-IncrementalContainerReportForIncrementalContainerReportHandler] WARN  container.IncrementalContainerReportHandler (AbstractContainerReportHandler.java:updateContainerState(145)) - Container #1 is in OPEN state, but the datanode 7c76edd3-534d-42a4-a058-1ba6e617fc38{ip: 192.168.164.253, host: pr-hdds-2281-k4msp-1747625461, networkLocation: /default-rack, certSerialId: null} reports an CLOSED replica.
2019-10-10 21:38:15,401 [EventQueue-IncrementalContainerReportForIncrementalContainerReportHandler] WARN  container.IncrementalContainerReportHandler (AbstractContainerReportHandler.java:updateContainerState(145)) - Container #1 is in OPEN state, but the datanode 8d399f50-bc32-4264-b3f5-d56cb7cc68f1{ip: 192.168.164.253, host: pr-hdds-2281-k4msp-1747625461, networkLocation: /default-rack, certSerialId: null} reports an CLOSED replica.
2019-10-10 21:38:16,682 [Thread-2494] INFO  client.GrpcClientProtocolService (GrpcClientProtocolService.java:lambda$processClientRequest$0(278)) - Failed RaftClientRequest:client-9F8D9D269749->e470dbc6-b7c3-4cc5-bcba-9849bb7698b4@group-E0DA6B936123, cid=68, seq=0, Watch-MAJORITY_COMMITTED(23), Message:<EMPTY>, reply=RaftClientReply:client-9F8D9D269749->e470dbc6-b7c3-4cc5-bcba-9849bb7698b4@group-E0DA6B936123, cid=68, FAILED org.apache.ratis.protocol.NotReplicatedException: Request with call Id 68 and log index 23 is not yet replicated to MAJORITY_COMMITTED, logIndex=23, commits[e470dbc6-b7c3-4cc5-bcba-9849bb7698b4:c2, 36dc106a-b650-4673-a9ea-d6528ce93d44:c2, 4d6c447f-053a-4089-9221-5a9185208761:c2]
2019-10-10 21:38:16,711 [grpc-default-executor-8] WARN  server.GrpcLogAppender (LogUtils.java:warn(134)) - e470dbc6-b7c3-4cc5-bcba-9849bb7698b4@group-E0DA6B936123->36dc106a-b650-4673-a9ea-d6528ce93d44-AppendLogResponseHandler: Failed appendEntries: org.apache.ratis.thirdparty.io.grpc.StatusRuntimeException: UNAVAILABLE: io exception
2019-10-10 21:38:16,711 [grpc-default-executor-1] WARN  server.GrpcLogAppender (LogUtils.java:warn(134)) - e470dbc6-b7c3-4cc5-bcba-9849bb7698b4@group-E0DA6B936123->4d6c447f-053a-4089-9221-5a9185208761-AppendLogResponseHandler: Failed appendEntries: org.apache.ratis.thirdparty.io.grpc.StatusRuntimeException: UNAVAILABLE: io exception
2019-10-10 21:38:16,711 [grpc-default-executor-8] INFO  impl.FollowerInfo (FollowerInfo.java:lambda$new$0(51)) - e470dbc6-b7c3-4cc5-bcba-9849bb7698b4@group-E0DA6B936123->36dc106a-b650-4673-a9ea-d6528ce93d44: nextIndex: updateUnconditionally 0 -> 0
2019-10-10 21:38:16,711 [grpc-default-executor-1] INFO  impl.FollowerInfo (FollowerInfo.java:lambda$new$0(51)) - e470dbc6-b7c3-4cc5-bcba-9849bb7698b4@group-E0DA6B936123->4d6c447f-053a-4089-9221-5a9185208761: nextIndex: updateUnconditionally 0 -> 0
2019-10-10 21:38:17,667 [grpc-default-executor-1] WARN  server.GrpcLogAppender (LogUtils.java:warn(134)) - 7c76edd3-534d-42a4-a058-1ba6e617fc38@group-1B887E67CAC0->2e853c8f-06d9-4a3a-9697-1c4a2c6aedee-AppendLogResponseHandler: Failed appendEntries: org.apache.ratis.thirdparty.io.grpc.StatusRuntimeException: UNAVAILABLE: io exception
2019-10-10 21:38:17,667 [grpc-default-executor-1] INFO  impl.FollowerInfo (FollowerInfo.java:lambda$new$0(51)) - 7c76edd3-534d-42a4-a058-1ba6e617fc38@group-1B887E67CAC0->2e853c8f-06d9-4a3a-9697-1c4a2c6aedee: nextIndex: updateUnconditionally 2 -> 1
2019-10-10 21:38:18,179 [EventQueue-StaleNodeForStaleNodeHandler] INFO  node.StaleNodeHandler (StaleNodeHandler.java:onMessage(58)) - Datanode 4d6c447f-053a-4089-9221-5a9185208761{ip: 192.168.164.253, host: pr-hdds-2281-k4msp-1747625461, networkLocation: /default-rack, certSerialId: null} moved to stale state. Finalizing its pipelines [PipelineID=d3c0dc8e-00dd-4907-829c-b829a026bff4, PipelineID=c98dc3eb-1fe6-4a18-9d74-e0da6b936123]
2019-10-10 21:38:18,179 [EventQueue-StaleNodeForStaleNodeHandler] INFO  pipeline.SCMPipelineManager (SCMPipelineManager.java:finalizeAndDestroyPipeline(315)) - destroying pipeline:Pipeline[ Id: d3c0dc8e-00dd-4907-829c-b829a026bff4, Nodes: 4d6c447f-053a-4089-9221-5a9185208761{ip: 192.168.164.253, host: pr-hdds-2281-k4msp-1747625461, networkLocation: /default-rack, certSerialId: null}, Type:RATIS, Factor:ONE, State:OPEN]
2019-10-10 21:38:18,179 [EventQueue-StaleNodeForStaleNodeHandler] INFO  pipeline.PipelineStateManager (PipelineStateManager.java:finalizePipeline(123)) - Pipeline Pipeline[ Id: d3c0dc8e-00dd-4907-829c-b829a026bff4, Nodes: 4d6c447f-053a-4089-9221-5a9185208761{ip: 192.168.164.253, host: pr-hdds-2281-k4msp-1747625461, networkLocation: /default-rack, certSerialId: null}, Type:RATIS, Factor:ONE, State:CLOSED] moved to CLOSED state
2019-10-10 21:38:18,179 [EventQueue-StaleNodeForStaleNodeHandler] INFO  pipeline.SCMPipelineManager (SCMPipelineManager.java:finalizeAndDestroyPipeline(315)) - destroying pipeline:Pipeline[ Id: c98dc3eb-1fe6-4a18-9d74-e0da6b936123, Nodes: 36dc106a-b650-4673-a9ea-d6528ce93d44{ip: 192.168.164.253, host: pr-hdds-2281-k4msp-1747625461, networkLocation: /default-rack, certSerialId: null}4d6c447f-053a-4089-9221-5a9185208761{ip: 192.168.164.253, host: pr-hdds-2281-k4msp-1747625461, networkLocation: /default-rack, certSerialId: null}e470dbc6-b7c3-4cc5-bcba-9849bb7698b4{ip: 192.168.164.253, host: pr-hdds-2281-k4msp-1747625461, networkLocation: /default-rack, certSerialId: null}, Type:RATIS, Factor:THREE, State:CLOSED]
2019-10-10 21:38:18,401 [main] WARN  scm.XceiverClientRatis (XceiverClientRatis.java:watchForCommit(277)) - 3 way commit failed on pipeline Pipeline[ Id: 99879a59-afab-4b81-a5d7-1b887e67cac0, Nodes: 2e853c8f-06d9-4a3a-9697-1c4a2c6aedee{ip: 192.168.164.253, host: pr-hdds-2281-k4msp-1747625461, networkLocation: /default-rack, certSerialId: null}8d399f50-bc32-4264-b3f5-d56cb7cc68f1{ip: 192.168.164.253, host: pr-hdds-2281-k4msp-1747625461, networkLocation: /default-rack, certSerialId: null}7c76edd3-534d-42a4-a058-1ba6e617fc38{ip: 192.168.164.253, host: pr-hdds-2281-k4msp-1747625461, networkLocation: /default-rack, certSerialId: null}, Type:RATIS, Factor:THREE, State:OPEN]
java.util.concurrent.TimeoutException
	at java.util.concurrent.CompletableFuture.timedGet(CompletableFuture.java:1771)
	at java.util.concurrent.CompletableFuture.get(CompletableFuture.java:1915)
	at org.apache.hadoop.hdds.scm.XceiverClientRatis.watchForCommit(XceiverClientRatis.java:274)
	at org.apache.hadoop.ozone.client.rpc.TestWatchForCommit.test2WayCommitForTimeoutException(TestWatchForCommit.java:391)
	at sun.reflect.NativeMethodAccessorImpl.invoke0(Native Method)
	at sun.reflect.NativeMethodAccessorImpl.invoke(NativeMethodAccessorImpl.java:62)
	at sun.reflect.DelegatingMethodAccessorImpl.invoke(DelegatingMethodAccessorImpl.java:43)
	at java.lang.reflect.Method.invoke(Method.java:498)
	at org.junit.runners.model.FrameworkMethod$1.runReflectiveCall(FrameworkMethod.java:47)
	at org.junit.internal.runners.model.ReflectiveCallable.run(ReflectiveCallable.java:12)
	at org.junit.runners.model.FrameworkMethod.invokeExplosively(FrameworkMethod.java:44)
	at org.junit.internal.runners.statements.InvokeMethod.evaluate(InvokeMethod.java:17)
	at org.junit.runners.ParentRunner.runLeaf(ParentRunner.java:271)
	at org.junit.runners.BlockJUnit4ClassRunner.runChild(BlockJUnit4ClassRunner.java:70)
	at org.junit.runners.BlockJUnit4ClassRunner.runChild(BlockJUnit4ClassRunner.java:50)
	at org.junit.runners.ParentRunner$3.run(ParentRunner.java:238)
	at org.junit.runners.ParentRunner$1.schedule(ParentRunner.java:63)
	at org.junit.runners.ParentRunner.runChildren(ParentRunner.java:236)
	at org.junit.runners.ParentRunner.access$000(ParentRunner.java:53)
	at org.junit.runners.ParentRunner$2.evaluate(ParentRunner.java:229)
	at org.junit.runners.ParentRunner.run(ParentRunner.java:309)
	at org.apache.maven.surefire.junit4.JUnit4Provider.execute(JUnit4Provider.java:365)
	at org.apache.maven.surefire.junit4.JUnit4Provider.executeWithRerun(JUnit4Provider.java:273)
	at org.apache.maven.surefire.junit4.JUnit4Provider.executeTestSet(JUnit4Provider.java:238)
	at org.apache.maven.surefire.junit4.JUnit4Provider.invoke(JUnit4Provider.java:159)
	at org.apache.maven.surefire.booter.ForkedBooter.invokeProviderInSameClassLoader(ForkedBooter.java:384)
	at org.apache.maven.surefire.booter.ForkedBooter.runSuitesInProcess(ForkedBooter.java:345)
	at org.apache.maven.surefire.booter.ForkedBooter.execute(ForkedBooter.java:126)
	at org.apache.maven.surefire.booter.ForkedBooter.main(ForkedBooter.java:418)
2019-10-10 21:38:18,421 [Thread-2502] INFO  client.GrpcClientProtocolService (GrpcClientProtocolService.java:lambda$processClientRequest$0(278)) - Failed RaftClientRequest:client-70B80259E19D->8d399f50-bc32-4264-b3f5-d56cb7cc68f1@group-1B887E67CAC0, cid=106, seq=0, Watch-MAJORITY_COMMITTED(3), Message:<EMPTY>, reply=RaftClientReply:client-70B80259E19D->8d399f50-bc32-4264-b3f5-d56cb7cc68f1@group-1B887E67CAC0, cid=106, FAILED org.apache.ratis.protocol.NotLeaderException: Server 8d399f50-bc32-4264-b3f5-d56cb7cc68f1@group-1B887E67CAC0 is not the leader 7c76edd3-534d-42a4-a058-1ba6e617fc38:192.168.164.253:36800, logIndex=0, commits[8d399f50-bc32-4264-b3f5-d56cb7cc68f1:c4, 2e853c8f-06d9-4a3a-9697-1c4a2c6aedee:c2, 7c76edd3-534d-42a4-a058-1ba6e617fc38:c4]
2019-10-10 21:38:19,211 [grpc-default-executor-8] WARN  server.GrpcLogAppender (LogUtils.java:warn(134)) - e470dbc6-b7c3-4cc5-bcba-9849bb7698b4@group-E0DA6B936123->36dc106a-b650-4673-a9ea-d6528ce93d44-AppendLogResponseHandler: Failed appendEntries: org.apache.ratis.thirdparty.io.grpc.StatusRuntimeException: UNAVAILABLE: io exception
2019-10-10 21:38:19,211 [grpc-default-executor-1] WARN  server.GrpcLogAppender (LogUtils.java:warn(134)) - e470dbc6-b7c3-4cc5-bcba-9849bb7698b4@group-E0DA6B936123->4d6c447f-053a-4089-9221-5a9185208761-AppendLogResponseHandler: Failed appendEntries: org.apache.ratis.thirdparty.io.grpc.StatusRuntimeException: UNAVAILABLE: io exception
2019-10-10 21:38:19,212 [grpc-default-executor-8] INFO  impl.FollowerInfo (FollowerInfo.java:lambda$new$0(51)) - e470dbc6-b7c3-4cc5-bcba-9849bb7698b4@group-E0DA6B936123->36dc106a-b650-4673-a9ea-d6528ce93d44: nextIndex: updateUnconditionally 0 -> 0
2019-10-10 21:38:19,212 [grpc-default-executor-1] INFO  impl.FollowerInfo (FollowerInfo.java:lambda$new$0(51)) - e470dbc6-b7c3-4cc5-bcba-9849bb7698b4@group-E0DA6B936123->4d6c447f-053a-4089-9221-5a9185208761: nextIndex: updateUnconditionally 0 -> 0
2019-10-10 21:38:20,169 [grpc-default-executor-8] WARN  server.GrpcLogAppender (LogUtils.java:warn(134)) - 7c76edd3-534d-42a4-a058-1ba6e617fc38@group-1B887E67CAC0->2e853c8f-06d9-4a3a-9697-1c4a2c6aedee-AppendLogResponseHandler: Failed appendEntries: org.apache.ratis.thirdparty.io.grpc.StatusRuntimeException: UNAVAILABLE: io exception
2019-10-10 21:38:20,170 [grpc-default-executor-8] INFO  impl.FollowerInfo (FollowerInfo.java:lambda$new$0(51)) - 7c76edd3-534d-42a4-a058-1ba6e617fc38@group-1B887E67CAC0->2e853c8f-06d9-4a3a-9697-1c4a2c6aedee: nextIndex: updateUnconditionally 1 -> 0
]]></system-out>
    <system-err><![CDATA[Oct 10, 2019 9:38:15 PM org.apache.ratis.thirdparty.io.grpc.internal.SerializingExecutor run
SEVERE: Exception while executing runnable org.apache.ratis.thirdparty.io.grpc.internal.ServerImpl$JumpToApplicationThreadServerStreamListener$1Closed@53084e35
org.apache.ratis.thirdparty.io.grpc.StatusRuntimeException: CANCELLED: call already cancelled
	at org.apache.ratis.thirdparty.io.grpc.Status.asRuntimeException(Status.java:517)
	at org.apache.ratis.thirdparty.io.grpc.stub.ServerCalls$ServerCallStreamObserverImpl.onCompleted(ServerCalls.java:356)
	at org.apache.ratis.grpc.server.GrpcServerProtocolService$ServerRequestStreamObserver.onError(GrpcServerProtocolService.java:121)
	at org.apache.ratis.thirdparty.io.grpc.stub.ServerCalls$StreamingServerCallHandler$StreamingServerCallListener.onCancel(ServerCalls.java:269)
	at org.apache.ratis.thirdparty.io.grpc.internal.ServerCallImpl$ServerStreamListenerImpl.closed(ServerCallImpl.java:293)
	at org.apache.ratis.thirdparty.io.grpc.internal.ServerImpl$JumpToApplicationThreadServerStreamListener$1Closed.runInContext(ServerImpl.java:741)
	at org.apache.ratis.thirdparty.io.grpc.internal.ContextRunnable.run(ContextRunnable.java:37)
	at org.apache.ratis.thirdparty.io.grpc.internal.SerializingExecutor.run(SerializingExecutor.java:123)
	at java.util.concurrent.ThreadPoolExecutor.runWorker(ThreadPoolExecutor.java:1149)
	at java.util.concurrent.ThreadPoolExecutor$Worker.run(ThreadPoolExecutor.java:624)
	at java.lang.Thread.run(Thread.java:748)

]]></system-err>
  </testcase>
</testsuite>