<?xml version="1.0" encoding="UTF-8"?>
<testsuite xmlns:xsi="http://www.w3.org/2001/XMLSchema-instance" xsi:noNamespaceSchemaLocation="https://maven.apache.org/surefire/maven-surefire-plugin/xsd/surefire-test-report.xsd" name="org.apache.hadoop.hdds.scm.pipeline.TestRatisPipelineCreateAndDestory" time="69.834" tests="2" errors="1" skipped="0" failures="0">
  <properties>
    <property name="awt.toolkit" value="sun.awt.X11.XToolkit"/>
    <property name="file.encoding.pkg" value="sun.io"/>
    <property name="java.specification.version" value="1.8"/>
    <property name="sun.cpu.isalist" value=""/>
    <property name="sun.jnu.encoding" value="UTF-8"/>
    <property name="java.class.path" value="/workdir/hadoop-ozone/integration-test/target/test-classes:/workdir/hadoop-ozone/integration-test/target/classes:/home/user/.m2/repository/org/apache/hadoop/hadoop-ozone-common/0.4.1-SNAPSHOT/hadoop-ozone-common-0.4.1-SNAPSHOT.jar:/home/user/.m2/repository/org/apache/commons/commons-compress/1.4.1/commons-compress-1.4.1.jar:/home/user/.m2/repository/org/tukaani/xz/1.0/xz-1.0.jar:/home/user/.m2/repository/org/apache/hadoop/hadoop-common/3.2.0/hadoop-common-3.2.0.jar:/home/user/.m2/repository/org/apache/hadoop/hadoop-hdfs/3.2.0/hadoop-hdfs-3.2.0.jar:/home/user/.m2/repository/org/apache/hadoop/hadoop-hdfs-client/3.2.0/hadoop-hdfs-client-3.2.0.jar:/home/user/.m2/repository/com/fasterxml/jackson/core/jackson-annotations/2.9.5/jackson-annotations-2.9.5.jar:/home/user/.m2/repository/org/apache/hadoop/hadoop-hdds-common/0.4.1-SNAPSHOT/hadoop-hdds-common-0.4.1-SNAPSHOT.jar:/home/user/.m2/repository/javax/annotation/javax.annotation-api/1.2/javax.annotation-api-1.2.jar:/home/user/.m2/repository/org/apache/ratis/ratis-server/0.4.0-2337318-SNAPSHOT/ratis-server-0.4.0-2337318-SNAPSHOT.jar:/home/user/.m2/repository/org/apache/ratis/ratis-thirdparty-misc/0.2.0/ratis-thirdparty-misc-0.2.0.jar:/home/user/.m2/repository/org/apache/ratis/ratis-proto/0.4.0-2337318-SNAPSHOT/ratis-proto-0.4.0-2337318-SNAPSHOT.jar:/home/user/.m2/repository/org/apache/ratis/ratis-common/0.4.0-2337318-SNAPSHOT/ratis-common-0.4.0-2337318-SNAPSHOT.jar:/home/user/.m2/repository/org/apache/ratis/ratis-client/0.4.0-2337318-SNAPSHOT/ratis-client-0.4.0-2337318-SNAPSHOT.jar:/home/user/.m2/repository/org/apache/ratis/ratis-metrics/0.4.0-2337318-SNAPSHOT/ratis-metrics-0.4.0-2337318-SNAPSHOT.jar:/home/user/.m2/repository/org/apache/ratis/ratis-netty/0.4.0-2337318-SNAPSHOT/ratis-netty-0.4.0-2337318-SNAPSHOT.jar:/home/user/.m2/repository/org/apache/ratis/ratis-grpc/0.4.0-2337318-SNAPSHOT/ratis-grpc-0.4.0-2337318-SNAPSHOT.jar:/home/user/.m2/repository/org/rocksdb/rocksdbjni/6.0.1/rocksdbjni-6.0.1.jar:/home/user/.m2/repository/org/apache/logging/log4j/log4j-api/2.11.0/log4j-api-2.11.0.jar:/home/user/.m2/repository/org/apache/logging/log4j/log4j-core/2.11.0/log4j-core-2.11.0.jar:/home/user/.m2/repository/com/lmax/disruptor/3.4.2/disruptor-3.4.2.jar:/home/user/.m2/repository/org/apache/commons/commons-pool2/2.6.0/commons-pool2-2.6.0.jar:/home/user/.m2/repository/org/bouncycastle/bcpkix-jdk15on/1.60/bcpkix-jdk15on-1.60.jar:/home/user/.m2/repository/commons-validator/commons-validator/1.6/commons-validator-1.6.jar:/home/user/.m2/repository/commons-digester/commons-digester/1.8.1/commons-digester-1.8.1.jar:/home/user/.m2/repository/io/jaegertracing/jaeger-client/0.33.1/jaeger-client-0.33.1.jar:/home/user/.m2/repository/io/jaegertracing/jaeger-thrift/0.33.1/jaeger-thrift-0.33.1.jar:/home/user/.m2/repository/org/apache/thrift/libthrift/0.11.0/libthrift-0.11.0.jar:/home/user/.m2/repository/com/squareup/okhttp3/okhttp/3.9.0/okhttp-3.9.0.jar:/home/user/.m2/repository/com/squareup/okio/okio/1.13.0/okio-1.13.0.jar:/home/user/.m2/repository/io/jaegertracing/jaeger-core/0.33.1/jaeger-core-0.33.1.jar:/home/user/.m2/repository/io/jaegertracing/jaeger-tracerresolver/0.33.1/jaeger-tracerresolver-0.33.1.jar:/home/user/.m2/repository/io/opentracing/contrib/opentracing-tracerresolver/0.1.5/opentracing-tracerresolver-0.1.5.jar:/home/user/.m2/repository/io/opentracing/opentracing-util/0.31.0/opentracing-util-0.31.0.jar:/home/user/.m2/repository/io/opentracing/opentracing-api/0.31.0/opentracing-api-0.31.0.jar:/home/user/.m2/repository/io/opentracing/opentracing-noop/0.31.0/opentracing-noop-0.31.0.jar:/home/user/.m2/repository/org/apache/hadoop/hadoop-hdds-server-framework/0.4.1-SNAPSHOT/hadoop-hdds-server-framework-0.4.1-SNAPSHOT.jar:/home/user/.m2/repository/org/apache/hadoop/hadoop-hdds-container-service/0.4.1-SNAPSHOT/hadoop-hdds-container-service-0.4.1-SNAPSHOT.jar:/home/user/.m2/repository/org/apache/hadoop/hadoop-hdds-client/0.4.1-SNAPSHOT/hadoop-hdds-client-0.4.1-SNAPSHOT.jar:/home/user/.m2/repository/org/apache/hadoop/hadoop-hdds-tools/0.4.1-SNAPSHOT/hadoop-hdds-tools-0.4.1-SNAPSHOT.jar:/home/user/.m2/repository/org/apache/hadoop/hadoop-hdds-server-scm/0.4.1-SNAPSHOT/hadoop-hdds-server-scm-0.4.1-SNAPSHOT.jar:/home/user/.m2/repository/org/apache/hadoop/hadoop-hdds-docs/0.4.1-SNAPSHOT/hadoop-hdds-docs-0.4.1-SNAPSHOT.jar:/home/user/.m2/repository/io/dropwizard/metrics/metrics-core/3.2.4/metrics-core-3.2.4.jar:/home/user/.m2/repository/org/hamcrest/hamcrest-all/1.3/hamcrest-all-1.3.jar:/home/user/.m2/repository/org/bouncycastle/bcprov-jdk15on/1.60/bcprov-jdk15on-1.60.jar:/home/user/.m2/repository/info/picocli/picocli/3.9.6/picocli-3.9.6.jar:/home/user/.m2/repository/com/google/protobuf/protobuf-java/2.5.0/protobuf-java-2.5.0.jar:/home/user/.m2/repository/com/google/guava/guava/11.0.2/guava-11.0.2.jar:/home/user/.m2/repository/org/apache/hadoop/hadoop-ozone-ozone-manager/0.4.1-SNAPSHOT/hadoop-ozone-ozone-manager-0.4.1-SNAPSHOT.jar:/home/user/.m2/repository/org/apache/hadoop/hadoop-minikdc/3.2.0/hadoop-minikdc-3.2.0.jar:/home/user/.m2/repository/commons-io/commons-io/2.5/commons-io-2.5.jar:/home/user/.m2/repository/org/apache/kerby/kerb-simplekdc/1.0.1/kerb-simplekdc-1.0.1.jar:/home/user/.m2/repository/org/apache/kerby/kerb-client/1.0.1/kerb-client-1.0.1.jar:/home/user/.m2/repository/org/apache/kerby/kerby-config/1.0.1/kerby-config-1.0.1.jar:/home/user/.m2/repository/org/apache/kerby/kerb-core/1.0.1/kerb-core-1.0.1.jar:/home/user/.m2/repository/org/apache/kerby/kerby-pkix/1.0.1/kerby-pkix-1.0.1.jar:/home/user/.m2/repository/org/apache/kerby/kerby-asn1/1.0.1/kerby-asn1-1.0.1.jar:/home/user/.m2/repository/org/apache/kerby/kerby-util/1.0.1/kerby-util-1.0.1.jar:/home/user/.m2/repository/org/apache/kerby/kerb-common/1.0.1/kerb-common-1.0.1.jar:/home/user/.m2/repository/org/apache/kerby/kerb-crypto/1.0.1/kerb-crypto-1.0.1.jar:/home/user/.m2/repository/org/apache/kerby/kerb-util/1.0.1/kerb-util-1.0.1.jar:/home/user/.m2/repository/org/apache/kerby/token-provider/1.0.1/token-provider-1.0.1.jar:/home/user/.m2/repository/org/apache/kerby/kerb-admin/1.0.1/kerb-admin-1.0.1.jar:/home/user/.m2/repository/org/apache/kerby/kerb-server/1.0.1/kerb-server-1.0.1.jar:/home/user/.m2/repository/org/apache/kerby/kerb-identity/1.0.1/kerb-identity-1.0.1.jar:/home/user/.m2/repository/org/apache/kerby/kerby-xdr/1.0.1/kerby-xdr-1.0.1.jar:/home/user/.m2/repository/org/slf4j/slf4j-log4j12/1.7.25/slf4j-log4j12-1.7.25.jar:/home/user/.m2/repository/org/apache/hadoop/hadoop-ozone-objectstore-service/0.4.1-SNAPSHOT/hadoop-ozone-objectstore-service-0.4.1-SNAPSHOT.jar:/home/user/.m2/repository/org/apache/hadoop/hadoop-ozone-s3gateway/0.4.1-SNAPSHOT/hadoop-ozone-s3gateway-0.4.1-SNAPSHOT.jar:/home/user/.m2/repository/org/jboss/weld/servlet/weld-servlet/2.4.7.Final/weld-servlet-2.4.7.Final.jar:/home/user/.m2/repository/org/glassfish/jersey/containers/jersey-container-servlet-core/2.27/jersey-container-servlet-core-2.27.jar:/home/user/.m2/repository/org/glassfish/hk2/external/javax.inject/2.5.0-b42/javax.inject-2.5.0-b42.jar:/home/user/.m2/repository/org/glassfish/jersey/core/jersey-common/2.27/jersey-common-2.27.jar:/home/user/.m2/repository/org/glassfish/hk2/osgi-resource-locator/1.0.1/osgi-resource-locator-1.0.1.jar:/home/user/.m2/repository/javax/ws/rs/javax.ws.rs-api/2.1/javax.ws.rs-api-2.1.jar:/home/user/.m2/repository/org/glassfish/jersey/ext/cdi/jersey-cdi1x/2.27/jersey-cdi1x-2.27.jar:/home/user/.m2/repository/org/glassfish/jersey/inject/jersey-hk2/2.27/jersey-hk2-2.27.jar:/home/user/.m2/repository/org/glassfish/hk2/hk2-locator/2.5.0-b42/hk2-locator-2.5.0-b42.jar:/home/user/.m2/repository/org/javassist/javassist/3.22.0-CR2/javassist-3.22.0-CR2.jar:/home/user/.m2/repository/org/glassfish/hk2/hk2-api/2.5.0/hk2-api-2.5.0.jar:/home/user/.m2/repository/org/glassfish/hk2/external/jakarta.inject/2.5.0/jakarta.inject-2.5.0.jar:/home/user/.m2/repository/org/glassfish/hk2/hk2-utils/2.5.0/hk2-utils-2.5.0.jar:/home/user/.m2/repository/jakarta/annotation/jakarta.annotation-api/1.3.4/jakarta.annotation-api-1.3.4.jar:/home/user/.m2/repository/org/glassfish/hk2/external/aopalliance-repackaged/2.5.0/aopalliance-repackaged-2.5.0.jar:/home/user/.m2/repository/com/fasterxml/jackson/dataformat/jackson-dataformat-xml/2.9.0/jackson-dataformat-xml-2.9.0.jar:/home/user/.m2/repository/com/fasterxml/jackson/core/jackson-core/2.9.5/jackson-core-2.9.5.jar:/home/user/.m2/repository/com/fasterxml/jackson/module/jackson-module-jaxb-annotations/2.9.5/jackson-module-jaxb-annotations-2.9.5.jar:/home/user/.m2/repository/javax/enterprise/cdi-api/1.2/cdi-api-1.2.jar:/home/user/.m2/repository/javax/el/javax.el-api/3.0.0/javax.el-api-3.0.0.jar:/home/user/.m2/repository/javax/interceptor/javax.interceptor-api/1.2/javax.interceptor-api-1.2.jar:/home/user/.m2/repository/javax/inject/javax.inject/1/javax.inject-1.jar:/home/user/.m2/repository/com/sun/xml/bind/jaxb-impl/2.3.0.1/jaxb-impl-2.3.0.1.jar:/home/user/.m2/repository/com/sun/xml/bind/jaxb-core/2.3.0.1/jaxb-core-2.3.0.1.jar:/home/user/.m2/repository/javax/xml/bind/jaxb-api/2.3.0/jaxb-api-2.3.0.jar:/home/user/.m2/repository/javax/activation/activation/1.1.1/activation-1.1.1.jar:/home/user/.m2/repository/org/apache/hadoop/hadoop-ozone-csi/0.4.1-SNAPSHOT/hadoop-ozone-csi-0.4.1-SNAPSHOT.jar:/home/user/.m2/repository/com/google/protobuf/protobuf-java-util/3.5.1/protobuf-java-util-3.5.1.jar:/home/user/.m2/repository/org/apache/hadoop/hadoop-hdds-config/0.4.1-SNAPSHOT/hadoop-hdds-config-0.4.1-SNAPSHOT.jar:/home/user/.m2/repository/io/grpc/grpc-netty/1.17.1/grpc-netty-1.17.1.jar:/home/user/.m2/repository/io/grpc/grpc-core/1.17.1/grpc-core-1.17.1.jar:/home/user/.m2/repository/io/grpc/grpc-context/1.17.1/grpc-context-1.17.1.jar:/home/user/.m2/repository/com/google/errorprone/error_prone_annotations/2.2.0/error_prone_annotations-2.2.0.jar:/home/user/.m2/repository/org/codehaus/mojo/animal-sniffer-annotations/1.17/animal-sniffer-annotations-1.17.jar:/home/user/.m2/repository/io/opencensus/opencensus-api/0.17.0/opencensus-api-0.17.0.jar:/home/user/.m2/repository/io/opencensus/opencensus-contrib-grpc-metrics/0.17.0/opencensus-contrib-grpc-metrics-0.17.0.jar:/home/user/.m2/repository/io/netty/netty-codec-http2/4.1.30.Final/netty-codec-http2-4.1.30.Final.jar:/home/user/.m2/repository/io/netty/netty-codec-http/4.1.30.Final/netty-codec-http-4.1.30.Final.jar:/home/user/.m2/repository/io/netty/netty-codec/4.1.30.Final/netty-codec-4.1.30.Final.jar:/home/user/.m2/repository/io/netty/netty-handler/4.1.30.Final/netty-handler-4.1.30.Final.jar:/home/user/.m2/repository/io/netty/netty-handler-proxy/4.1.30.Final/netty-handler-proxy-4.1.30.Final.jar:/home/user/.m2/repository/io/netty/netty-codec-socks/4.1.30.Final/netty-codec-socks-4.1.30.Final.jar:/home/user/.m2/repository/io/netty/netty-transport-native-epoll/4.1.30.Final/netty-transport-native-epoll-4.1.30.Final.jar:/home/user/.m2/repository/io/netty/netty-common/4.1.30.Final/netty-common-4.1.30.Final.jar:/home/user/.m2/repository/io/netty/netty-buffer/4.1.30.Final/netty-buffer-4.1.30.Final.jar:/home/user/.m2/repository/io/netty/netty-transport/4.1.30.Final/netty-transport-4.1.30.Final.jar:/home/user/.m2/repository/io/netty/netty-resolver/4.1.30.Final/netty-resolver-4.1.30.Final.jar:/home/user/.m2/repository/io/netty/netty-transport-native-unix-common/4.1.30.Final/netty-transport-native-unix-common-4.1.30.Final.jar:/home/user/.m2/repository/io/grpc/grpc-protobuf/1.17.1/grpc-protobuf-1.17.1.jar:/home/user/.m2/repository/com/google/api/grpc/proto-google-common-protos/1.0.0/proto-google-common-protos-1.0.0.jar:/home/user/.m2/repository/io/grpc/grpc-protobuf-lite/1.17.1/grpc-protobuf-lite-1.17.1.jar:/home/user/.m2/repository/io/grpc/grpc-stub/1.17.1/grpc-stub-1.17.1.jar:/home/user/.m2/repository/org/apache/hadoop/hadoop-ozone-recon/0.4.1-SNAPSHOT/hadoop-ozone-recon-0.4.1-SNAPSHOT.jar:/home/user/.m2/repository/org/apache/hadoop/hadoop-ozone-reconcodegen/0.4.1-SNAPSHOT/hadoop-ozone-reconcodegen-0.4.1-SNAPSHOT.jar:/home/user/.m2/repository/com/google/inject/extensions/guice-multibindings/4.0/guice-multibindings-4.0.jar:/home/user/.m2/repository/com/google/inject/guice/4.0/guice-4.0.jar:/home/user/.m2/repository/aopalliance/aopalliance/1.0/aopalliance-1.0.jar:/home/user/.m2/repository/com/google/inject/extensions/guice-servlet/4.0/guice-servlet-4.0.jar:/home/user/.m2/repository/org/glassfish/jersey/containers/jersey-container-servlet/2.27/jersey-container-servlet-2.27.jar:/home/user/.m2/repository/org/glassfish/hk2/guice-bridge/2.5.0/guice-bridge-2.5.0.jar:/home/user/.m2/repository/org/glassfish/jersey/core/jersey-server/2.27/jersey-server-2.27.jar:/home/user/.m2/repository/org/glassfish/jersey/core/jersey-client/2.27/jersey-client-2.27.jar:/home/user/.m2/repository/org/glassfish/jersey/media/jersey-media-jaxb/2.27/jersey-media-jaxb-2.27.jar:/home/user/.m2/repository/javax/validation/validation-api/1.1.0.Final/validation-api-1.1.0.Final.jar:/home/user/.m2/repository/org/glassfish/jersey/media/jersey-media-json-jackson/2.27/jersey-media-json-jackson-2.27.jar:/home/user/.m2/repository/org/glassfish/jersey/ext/jersey-entity-filtering/2.27/jersey-entity-filtering-2.27.jar:/home/user/.m2/repository/com/google/inject/extensions/guice-assistedinject/4.0/guice-assistedinject-4.0.jar:/home/user/.m2/repository/org/jooq/jooq/3.11.10/jooq-3.11.10.jar:/home/user/.m2/repository/org/jooq/jooq-meta/3.11.10/jooq-meta-3.11.10.jar:/home/user/.m2/repository/org/jooq/jooq-codegen/3.11.10/jooq-codegen-3.11.10.jar:/home/user/.m2/repository/com/jolbox/bonecp/0.8.0.RELEASE/bonecp-0.8.0.RELEASE.jar:/home/user/.m2/repository/org/xerial/sqlite-jdbc/3.25.2/sqlite-jdbc-3.25.2.jar:/home/user/.m2/repository/org/springframework/spring-jdbc/5.1.3.RELEASE/spring-jdbc-5.1.3.RELEASE.jar:/home/user/.m2/repository/org/springframework/spring-beans/5.1.3.RELEASE/spring-beans-5.1.3.RELEASE.jar:/home/user/.m2/repository/org/springframework/spring-core/5.1.3.RELEASE/spring-core-5.1.3.RELEASE.jar:/home/user/.m2/repository/org/springframework/spring-jcl/5.1.3.RELEASE/spring-jcl-5.1.3.RELEASE.jar:/home/user/.m2/repository/org/springframework/spring-tx/5.1.3.RELEASE/spring-tx-5.1.3.RELEASE.jar:/home/user/.m2/repository/org/apache/hadoop/hadoop-ozone-client/0.4.1-SNAPSHOT/hadoop-ozone-client-0.4.1-SNAPSHOT.jar:/home/user/.m2/repository/commons-lang/commons-lang/2.6/commons-lang-2.6.jar:/home/user/.m2/repository/org/apache/hadoop/hadoop-ozone-ozone-manager/0.4.1-SNAPSHOT/hadoop-ozone-ozone-manager-0.4.1-SNAPSHOT-tests.jar:/home/user/.m2/repository/junit/junit/4.11/junit-4.11.jar:/home/user/.m2/repository/org/hamcrest/hamcrest-core/1.3/hamcrest-core-1.3.jar:/home/user/.m2/repository/org/openjdk/jmh/jmh-core/1.19/jmh-core-1.19.jar:/home/user/.m2/repository/net/sf/jopt-simple/jopt-simple/4.6/jopt-simple-4.6.jar:/home/user/.m2/repository/org/apache/commons/commons-math3/3.1.1/commons-math3-3.1.1.jar:/home/user/.m2/repository/org/openjdk/jmh/jmh-generator-annprocess/1.19/jmh-generator-annprocess-1.19.jar:/home/user/.m2/repository/org/mockito/mockito-all/1.8.5/mockito-all-1.8.5.jar:/home/user/.m2/repository/org/apache/hadoop/hadoop-kms/3.2.0/hadoop-kms-3.2.0.jar:/home/user/.m2/repository/org/apache/hadoop/hadoop-auth/3.2.0/hadoop-auth-3.2.0.jar:/home/user/.m2/repository/com/nimbusds/nimbus-jose-jwt/4.41.1/nimbus-jose-jwt-4.41.1.jar:/home/user/.m2/repository/com/github/stephenc/jcip/jcip-annotations/1.0-1/jcip-annotations-1.0-1.jar:/home/user/.m2/repository/net/minidev/json-smart/2.3/json-smart-2.3.jar:/home/user/.m2/repository/net/minidev/accessors-smart/1.2/accessors-smart-1.2.jar:/home/user/.m2/repository/org/ow2/asm/asm/5.0.4/asm-5.0.4.jar:/home/user/.m2/repository/org/apache/curator/curator-framework/2.12.0/curator-framework-2.12.0.jar:/home/user/.m2/repository/com/sun/jersey/jersey-core/1.19/jersey-core-1.19.jar:/home/user/.m2/repository/javax/ws/rs/jsr311-api/1.1.1/jsr311-api-1.1.1.jar:/home/user/.m2/repository/com/sun/jersey/jersey-server/1.19/jersey-server-1.19.jar:/home/user/.m2/repository/javax/servlet/javax.servlet-api/3.1.0/javax.servlet-api-3.1.0.jar:/home/user/.m2/repository/org/eclipse/jetty/jetty-server/9.3.24.v20180605/jetty-server-9.3.24.v20180605.jar:/home/user/.m2/repository/org/eclipse/jetty/jetty-http/9.3.24.v20180605/jetty-http-9.3.24.v20180605.jar:/home/user/.m2/repository/org/eclipse/jetty/jetty-io/9.3.24.v20180605/jetty-io-9.3.24.v20180605.jar:/home/user/.m2/repository/org/eclipse/jetty/jetty-webapp/9.3.24.v20180605/jetty-webapp-9.3.24.v20180605.jar:/home/user/.m2/repository/org/eclipse/jetty/jetty-xml/9.3.24.v20180605/jetty-xml-9.3.24.v20180605.jar:/home/user/.m2/repository/log4j/log4j/1.2.17/log4j-1.2.17.jar:/home/user/.m2/repository/org/slf4j/slf4j-api/1.7.25/slf4j-api-1.7.25.jar:/home/user/.m2/repository/org/slf4j/jul-to-slf4j/1.7.25/jul-to-slf4j-1.7.25.jar:/home/user/.m2/repository/org/eclipse/jetty/jetty-util/9.3.24.v20180605/jetty-util-9.3.24.v20180605.jar:/home/user/.m2/repository/com/fasterxml/jackson/core/jackson-databind/2.9.5/jackson-databind-2.9.5.jar:/home/user/.m2/repository/org/apache/hadoop/hadoop-kms/3.2.0/hadoop-kms-3.2.0-tests.jar:/home/user/.m2/repository/org/apache/hadoop/hadoop-hdds-server-scm/0.4.1-SNAPSHOT/hadoop-hdds-server-scm-0.4.1-SNAPSHOT-tests.jar:/home/user/.m2/repository/org/apache/hadoop/hadoop-hdds-container-service/0.4.1-SNAPSHOT/hadoop-hdds-container-service-0.4.1-SNAPSHOT-tests.jar:/home/user/.m2/repository/org/yaml/snakeyaml/1.16/snakeyaml-1.16.jar:/home/user/.m2/repository/org/apache/hadoop/hadoop-common/3.2.0/hadoop-common-3.2.0-tests.jar:/home/user/.m2/repository/org/apache/hadoop/hadoop-annotations/3.2.0/hadoop-annotations-3.2.0.jar:/usr/lib/jvm/java-1.8-openjdk/jre/../lib/tools.jar:/home/user/.m2/repository/commons-cli/commons-cli/1.2/commons-cli-1.2.jar:/home/user/.m2/repository/org/apache/httpcomponents/httpclient/4.5.2/httpclient-4.5.2.jar:/home/user/.m2/repository/org/apache/httpcomponents/httpcore/4.4.4/httpcore-4.4.4.jar:/home/user/.m2/repository/commons-codec/commons-codec/1.11/commons-codec-1.11.jar:/home/user/.m2/repository/commons-net/commons-net/3.6/commons-net-3.6.jar:/home/user/.m2/repository/commons-collections/commons-collections/3.2.2/commons-collections-3.2.2.jar:/home/user/.m2/repository/org/eclipse/jetty/jetty-servlet/9.3.24.v20180605/jetty-servlet-9.3.24.v20180605.jar:/home/user/.m2/repository/org/eclipse/jetty/jetty-security/9.3.24.v20180605/jetty-security-9.3.24.v20180605.jar:/home/user/.m2/repository/javax/servlet/jsp/jsp-api/2.1/jsp-api-2.1.jar:/home/user/.m2/repository/com/sun/jersey/jersey-servlet/1.19/jersey-servlet-1.19.jar:/home/user/.m2/repository/com/sun/jersey/jersey-json/1.19/jersey-json-1.19.jar:/home/user/.m2/repository/org/codehaus/jettison/jettison/1.1/jettison-1.1.jar:/home/user/.m2/repository/org/codehaus/jackson/jackson-core-asl/1.9.13/jackson-core-asl-1.9.13.jar:/home/user/.m2/repository/org/codehaus/jackson/jackson-mapper-asl/1.9.13/jackson-mapper-asl-1.9.13.jar:/home/user/.m2/repository/org/codehaus/jackson/jackson-jaxrs/1.9.13/jackson-jaxrs-1.9.13.jar:/home/user/.m2/repository/org/codehaus/jackson/jackson-xc/1.9.13/jackson-xc-1.9.13.jar:/home/user/.m2/repository/commons-logging/commons-logging/1.1.3/commons-logging-1.1.3.jar:/home/user/.m2/repository/commons-beanutils/commons-beanutils/1.9.3/commons-beanutils-1.9.3.jar:/home/user/.m2/repository/org/apache/commons/commons-configuration2/2.1.1/commons-configuration2-2.1.1.jar:/home/user/.m2/repository/org/apache/commons/commons-lang3/3.7/commons-lang3-3.7.jar:/home/user/.m2/repository/org/apache/commons/commons-text/1.4/commons-text-1.4.jar:/home/user/.m2/repository/org/apache/avro/avro/1.7.7/avro-1.7.7.jar:/home/user/.m2/repository/com/thoughtworks/paranamer/paranamer/2.3/paranamer-2.3.jar:/home/user/.m2/repository/org/xerial/snappy/snappy-java/1.0.5/snappy-java-1.0.5.jar:/home/user/.m2/repository/com/google/re2j/re2j/1.1/re2j-1.1.jar:/home/user/.m2/repository/com/google/code/gson/gson/2.2.4/gson-2.2.4.jar:/home/user/.m2/repository/com/jcraft/jsch/0.1.54/jsch-0.1.54.jar:/home/user/.m2/repository/org/apache/curator/curator-client/2.12.0/curator-client-2.12.0.jar:/home/user/.m2/repository/org/apache/curator/curator-recipes/2.12.0/curator-recipes-2.12.0.jar:/home/user/.m2/repository/com/google/code/findbugs/jsr305/3.0.0/jsr305-3.0.0.jar:/home/user/.m2/repository/org/apache/htrace/htrace-core4/4.1.0-incubating/htrace-core4-4.1.0-incubating.jar:/home/user/.m2/repository/org/apache/zookeeper/zookeeper/3.4.13/zookeeper-3.4.13.jar:/home/user/.m2/repository/org/apache/yetus/audience-annotations/0.5.0/audience-annotations-0.5.0.jar:/home/user/.m2/repository/org/codehaus/woodstox/stax2-api/3.1.4/stax2-api-3.1.4.jar:/home/user/.m2/repository/com/fasterxml/woodstox/woodstox-core/5.0.3/woodstox-core-5.0.3.jar:/home/user/.m2/repository/dnsjava/dnsjava/2.1.7/dnsjava-2.1.7.jar:/home/user/.m2/repository/org/apache/hadoop/hadoop-hdfs/3.2.0/hadoop-hdfs-3.2.0-tests.jar:/home/user/.m2/repository/org/eclipse/jetty/jetty-util-ajax/9.3.24.v20180605/jetty-util-ajax-9.3.24.v20180605.jar:/home/user/.m2/repository/commons-daemon/commons-daemon/1.0.13/commons-daemon-1.0.13.jar:/home/user/.m2/repository/io/netty/netty/3.10.5.Final/netty-3.10.5.Final.jar:/home/user/.m2/repository/io/netty/netty-all/4.0.52.Final/netty-all-4.0.52.Final.jar:/home/user/.m2/repository/org/fusesource/leveldbjni/leveldbjni-all/1.8/leveldbjni-all-1.8.jar:"/>
    <property name="java.vm.vendor" value="IcedTea"/>
    <property name="sun.arch.data.model" value="64"/>
    <property name="test.build.dir" value="/workdir/hadoop-ozone/integration-test/target/test-dir"/>
    <property name="test.cache.data" value=""/>
    <property name="java.vendor.url" value="https://icedtea.classpath.org"/>
    <property name="user.timezone" value=""/>
    <property name="java.vm.specification.version" value="1.8"/>
    <property name="os.name" value="Linux"/>
    <property name="test.build.data" value="/workdir/hadoop-ozone/integration-test/target/test-dir"/>
    <property name="user.country" value="US"/>
    <property name="sun.java.launcher" value="SUN_STANDARD"/>
    <property name="sun.boot.library.path" value="/usr/lib/jvm/java-1.8-openjdk/jre/lib/amd64"/>
    <property name="sun.java.command" value="/workdir/hadoop-ozone/integration-test/target/surefire/surefirebooter3824023773473363475.jar /workdir/hadoop-ozone/integration-test/target/surefire 2019-09-26T11-36-06_138-jvmRun1 surefire8339622971209839326tmp surefire_926909473047372055184tmp"/>
    <property name="test" value="!TestMiniChaosOzoneCluster"/>
    <property name="surefire.test.class.path" value="/workdir/hadoop-ozone/integration-test/target/test-classes:/workdir/hadoop-ozone/integration-test/target/classes:/home/user/.m2/repository/org/apache/hadoop/hadoop-ozone-common/0.4.1-SNAPSHOT/hadoop-ozone-common-0.4.1-SNAPSHOT.jar:/home/user/.m2/repository/org/apache/commons/commons-compress/1.4.1/commons-compress-1.4.1.jar:/home/user/.m2/repository/org/tukaani/xz/1.0/xz-1.0.jar:/home/user/.m2/repository/org/apache/hadoop/hadoop-common/3.2.0/hadoop-common-3.2.0.jar:/home/user/.m2/repository/org/apache/hadoop/hadoop-hdfs/3.2.0/hadoop-hdfs-3.2.0.jar:/home/user/.m2/repository/org/apache/hadoop/hadoop-hdfs-client/3.2.0/hadoop-hdfs-client-3.2.0.jar:/home/user/.m2/repository/com/fasterxml/jackson/core/jackson-annotations/2.9.5/jackson-annotations-2.9.5.jar:/home/user/.m2/repository/org/apache/hadoop/hadoop-hdds-common/0.4.1-SNAPSHOT/hadoop-hdds-common-0.4.1-SNAPSHOT.jar:/home/user/.m2/repository/javax/annotation/javax.annotation-api/1.2/javax.annotation-api-1.2.jar:/home/user/.m2/repository/org/apache/ratis/ratis-server/0.4.0-2337318-SNAPSHOT/ratis-server-0.4.0-2337318-SNAPSHOT.jar:/home/user/.m2/repository/org/apache/ratis/ratis-thirdparty-misc/0.2.0/ratis-thirdparty-misc-0.2.0.jar:/home/user/.m2/repository/org/apache/ratis/ratis-proto/0.4.0-2337318-SNAPSHOT/ratis-proto-0.4.0-2337318-SNAPSHOT.jar:/home/user/.m2/repository/org/apache/ratis/ratis-common/0.4.0-2337318-SNAPSHOT/ratis-common-0.4.0-2337318-SNAPSHOT.jar:/home/user/.m2/repository/org/apache/ratis/ratis-client/0.4.0-2337318-SNAPSHOT/ratis-client-0.4.0-2337318-SNAPSHOT.jar:/home/user/.m2/repository/org/apache/ratis/ratis-metrics/0.4.0-2337318-SNAPSHOT/ratis-metrics-0.4.0-2337318-SNAPSHOT.jar:/home/user/.m2/repository/org/apache/ratis/ratis-netty/0.4.0-2337318-SNAPSHOT/ratis-netty-0.4.0-2337318-SNAPSHOT.jar:/home/user/.m2/repository/org/apache/ratis/ratis-grpc/0.4.0-2337318-SNAPSHOT/ratis-grpc-0.4.0-2337318-SNAPSHOT.jar:/home/user/.m2/repository/org/rocksdb/rocksdbjni/6.0.1/rocksdbjni-6.0.1.jar:/home/user/.m2/repository/org/apache/logging/log4j/log4j-api/2.11.0/log4j-api-2.11.0.jar:/home/user/.m2/repository/org/apache/logging/log4j/log4j-core/2.11.0/log4j-core-2.11.0.jar:/home/user/.m2/repository/com/lmax/disruptor/3.4.2/disruptor-3.4.2.jar:/home/user/.m2/repository/org/apache/commons/commons-pool2/2.6.0/commons-pool2-2.6.0.jar:/home/user/.m2/repository/org/bouncycastle/bcpkix-jdk15on/1.60/bcpkix-jdk15on-1.60.jar:/home/user/.m2/repository/commons-validator/commons-validator/1.6/commons-validator-1.6.jar:/home/user/.m2/repository/commons-digester/commons-digester/1.8.1/commons-digester-1.8.1.jar:/home/user/.m2/repository/io/jaegertracing/jaeger-client/0.33.1/jaeger-client-0.33.1.jar:/home/user/.m2/repository/io/jaegertracing/jaeger-thrift/0.33.1/jaeger-thrift-0.33.1.jar:/home/user/.m2/repository/org/apache/thrift/libthrift/0.11.0/libthrift-0.11.0.jar:/home/user/.m2/repository/com/squareup/okhttp3/okhttp/3.9.0/okhttp-3.9.0.jar:/home/user/.m2/repository/com/squareup/okio/okio/1.13.0/okio-1.13.0.jar:/home/user/.m2/repository/io/jaegertracing/jaeger-core/0.33.1/jaeger-core-0.33.1.jar:/home/user/.m2/repository/io/jaegertracing/jaeger-tracerresolver/0.33.1/jaeger-tracerresolver-0.33.1.jar:/home/user/.m2/repository/io/opentracing/contrib/opentracing-tracerresolver/0.1.5/opentracing-tracerresolver-0.1.5.jar:/home/user/.m2/repository/io/opentracing/opentracing-util/0.31.0/opentracing-util-0.31.0.jar:/home/user/.m2/repository/io/opentracing/opentracing-api/0.31.0/opentracing-api-0.31.0.jar:/home/user/.m2/repository/io/opentracing/opentracing-noop/0.31.0/opentracing-noop-0.31.0.jar:/home/user/.m2/repository/org/apache/hadoop/hadoop-hdds-server-framework/0.4.1-SNAPSHOT/hadoop-hdds-server-framework-0.4.1-SNAPSHOT.jar:/home/user/.m2/repository/org/apache/hadoop/hadoop-hdds-container-service/0.4.1-SNAPSHOT/hadoop-hdds-container-service-0.4.1-SNAPSHOT.jar:/home/user/.m2/repository/org/apache/hadoop/hadoop-hdds-client/0.4.1-SNAPSHOT/hadoop-hdds-client-0.4.1-SNAPSHOT.jar:/home/user/.m2/repository/org/apache/hadoop/hadoop-hdds-tools/0.4.1-SNAPSHOT/hadoop-hdds-tools-0.4.1-SNAPSHOT.jar:/home/user/.m2/repository/org/apache/hadoop/hadoop-hdds-server-scm/0.4.1-SNAPSHOT/hadoop-hdds-server-scm-0.4.1-SNAPSHOT.jar:/home/user/.m2/repository/org/apache/hadoop/hadoop-hdds-docs/0.4.1-SNAPSHOT/hadoop-hdds-docs-0.4.1-SNAPSHOT.jar:/home/user/.m2/repository/io/dropwizard/metrics/metrics-core/3.2.4/metrics-core-3.2.4.jar:/home/user/.m2/repository/org/hamcrest/hamcrest-all/1.3/hamcrest-all-1.3.jar:/home/user/.m2/repository/org/bouncycastle/bcprov-jdk15on/1.60/bcprov-jdk15on-1.60.jar:/home/user/.m2/repository/info/picocli/picocli/3.9.6/picocli-3.9.6.jar:/home/user/.m2/repository/com/google/protobuf/protobuf-java/2.5.0/protobuf-java-2.5.0.jar:/home/user/.m2/repository/com/google/guava/guava/11.0.2/guava-11.0.2.jar:/home/user/.m2/repository/org/apache/hadoop/hadoop-ozone-ozone-manager/0.4.1-SNAPSHOT/hadoop-ozone-ozone-manager-0.4.1-SNAPSHOT.jar:/home/user/.m2/repository/org/apache/hadoop/hadoop-minikdc/3.2.0/hadoop-minikdc-3.2.0.jar:/home/user/.m2/repository/commons-io/commons-io/2.5/commons-io-2.5.jar:/home/user/.m2/repository/org/apache/kerby/kerb-simplekdc/1.0.1/kerb-simplekdc-1.0.1.jar:/home/user/.m2/repository/org/apache/kerby/kerb-client/1.0.1/kerb-client-1.0.1.jar:/home/user/.m2/repository/org/apache/kerby/kerby-config/1.0.1/kerby-config-1.0.1.jar:/home/user/.m2/repository/org/apache/kerby/kerb-core/1.0.1/kerb-core-1.0.1.jar:/home/user/.m2/repository/org/apache/kerby/kerby-pkix/1.0.1/kerby-pkix-1.0.1.jar:/home/user/.m2/repository/org/apache/kerby/kerby-asn1/1.0.1/kerby-asn1-1.0.1.jar:/home/user/.m2/repository/org/apache/kerby/kerby-util/1.0.1/kerby-util-1.0.1.jar:/home/user/.m2/repository/org/apache/kerby/kerb-common/1.0.1/kerb-common-1.0.1.jar:/home/user/.m2/repository/org/apache/kerby/kerb-crypto/1.0.1/kerb-crypto-1.0.1.jar:/home/user/.m2/repository/org/apache/kerby/kerb-util/1.0.1/kerb-util-1.0.1.jar:/home/user/.m2/repository/org/apache/kerby/token-provider/1.0.1/token-provider-1.0.1.jar:/home/user/.m2/repository/org/apache/kerby/kerb-admin/1.0.1/kerb-admin-1.0.1.jar:/home/user/.m2/repository/org/apache/kerby/kerb-server/1.0.1/kerb-server-1.0.1.jar:/home/user/.m2/repository/org/apache/kerby/kerb-identity/1.0.1/kerb-identity-1.0.1.jar:/home/user/.m2/repository/org/apache/kerby/kerby-xdr/1.0.1/kerby-xdr-1.0.1.jar:/home/user/.m2/repository/org/slf4j/slf4j-log4j12/1.7.25/slf4j-log4j12-1.7.25.jar:/home/user/.m2/repository/org/apache/hadoop/hadoop-ozone-objectstore-service/0.4.1-SNAPSHOT/hadoop-ozone-objectstore-service-0.4.1-SNAPSHOT.jar:/home/user/.m2/repository/org/apache/hadoop/hadoop-ozone-s3gateway/0.4.1-SNAPSHOT/hadoop-ozone-s3gateway-0.4.1-SNAPSHOT.jar:/home/user/.m2/repository/org/jboss/weld/servlet/weld-servlet/2.4.7.Final/weld-servlet-2.4.7.Final.jar:/home/user/.m2/repository/org/glassfish/jersey/containers/jersey-container-servlet-core/2.27/jersey-container-servlet-core-2.27.jar:/home/user/.m2/repository/org/glassfish/hk2/external/javax.inject/2.5.0-b42/javax.inject-2.5.0-b42.jar:/home/user/.m2/repository/org/glassfish/jersey/core/jersey-common/2.27/jersey-common-2.27.jar:/home/user/.m2/repository/org/glassfish/hk2/osgi-resource-locator/1.0.1/osgi-resource-locator-1.0.1.jar:/home/user/.m2/repository/javax/ws/rs/javax.ws.rs-api/2.1/javax.ws.rs-api-2.1.jar:/home/user/.m2/repository/org/glassfish/jersey/ext/cdi/jersey-cdi1x/2.27/jersey-cdi1x-2.27.jar:/home/user/.m2/repository/org/glassfish/jersey/inject/jersey-hk2/2.27/jersey-hk2-2.27.jar:/home/user/.m2/repository/org/glassfish/hk2/hk2-locator/2.5.0-b42/hk2-locator-2.5.0-b42.jar:/home/user/.m2/repository/org/javassist/javassist/3.22.0-CR2/javassist-3.22.0-CR2.jar:/home/user/.m2/repository/org/glassfish/hk2/hk2-api/2.5.0/hk2-api-2.5.0.jar:/home/user/.m2/repository/org/glassfish/hk2/external/jakarta.inject/2.5.0/jakarta.inject-2.5.0.jar:/home/user/.m2/repository/org/glassfish/hk2/hk2-utils/2.5.0/hk2-utils-2.5.0.jar:/home/user/.m2/repository/jakarta/annotation/jakarta.annotation-api/1.3.4/jakarta.annotation-api-1.3.4.jar:/home/user/.m2/repository/org/glassfish/hk2/external/aopalliance-repackaged/2.5.0/aopalliance-repackaged-2.5.0.jar:/home/user/.m2/repository/com/fasterxml/jackson/dataformat/jackson-dataformat-xml/2.9.0/jackson-dataformat-xml-2.9.0.jar:/home/user/.m2/repository/com/fasterxml/jackson/core/jackson-core/2.9.5/jackson-core-2.9.5.jar:/home/user/.m2/repository/com/fasterxml/jackson/module/jackson-module-jaxb-annotations/2.9.5/jackson-module-jaxb-annotations-2.9.5.jar:/home/user/.m2/repository/javax/enterprise/cdi-api/1.2/cdi-api-1.2.jar:/home/user/.m2/repository/javax/el/javax.el-api/3.0.0/javax.el-api-3.0.0.jar:/home/user/.m2/repository/javax/interceptor/javax.interceptor-api/1.2/javax.interceptor-api-1.2.jar:/home/user/.m2/repository/javax/inject/javax.inject/1/javax.inject-1.jar:/home/user/.m2/repository/com/sun/xml/bind/jaxb-impl/2.3.0.1/jaxb-impl-2.3.0.1.jar:/home/user/.m2/repository/com/sun/xml/bind/jaxb-core/2.3.0.1/jaxb-core-2.3.0.1.jar:/home/user/.m2/repository/javax/xml/bind/jaxb-api/2.3.0/jaxb-api-2.3.0.jar:/home/user/.m2/repository/javax/activation/activation/1.1.1/activation-1.1.1.jar:/home/user/.m2/repository/org/apache/hadoop/hadoop-ozone-csi/0.4.1-SNAPSHOT/hadoop-ozone-csi-0.4.1-SNAPSHOT.jar:/home/user/.m2/repository/com/google/protobuf/protobuf-java-util/3.5.1/protobuf-java-util-3.5.1.jar:/home/user/.m2/repository/org/apache/hadoop/hadoop-hdds-config/0.4.1-SNAPSHOT/hadoop-hdds-config-0.4.1-SNAPSHOT.jar:/home/user/.m2/repository/io/grpc/grpc-netty/1.17.1/grpc-netty-1.17.1.jar:/home/user/.m2/repository/io/grpc/grpc-core/1.17.1/grpc-core-1.17.1.jar:/home/user/.m2/repository/io/grpc/grpc-context/1.17.1/grpc-context-1.17.1.jar:/home/user/.m2/repository/com/google/errorprone/error_prone_annotations/2.2.0/error_prone_annotations-2.2.0.jar:/home/user/.m2/repository/org/codehaus/mojo/animal-sniffer-annotations/1.17/animal-sniffer-annotations-1.17.jar:/home/user/.m2/repository/io/opencensus/opencensus-api/0.17.0/opencensus-api-0.17.0.jar:/home/user/.m2/repository/io/opencensus/opencensus-contrib-grpc-metrics/0.17.0/opencensus-contrib-grpc-metrics-0.17.0.jar:/home/user/.m2/repository/io/netty/netty-codec-http2/4.1.30.Final/netty-codec-http2-4.1.30.Final.jar:/home/user/.m2/repository/io/netty/netty-codec-http/4.1.30.Final/netty-codec-http-4.1.30.Final.jar:/home/user/.m2/repository/io/netty/netty-codec/4.1.30.Final/netty-codec-4.1.30.Final.jar:/home/user/.m2/repository/io/netty/netty-handler/4.1.30.Final/netty-handler-4.1.30.Final.jar:/home/user/.m2/repository/io/netty/netty-handler-proxy/4.1.30.Final/netty-handler-proxy-4.1.30.Final.jar:/home/user/.m2/repository/io/netty/netty-codec-socks/4.1.30.Final/netty-codec-socks-4.1.30.Final.jar:/home/user/.m2/repository/io/netty/netty-transport-native-epoll/4.1.30.Final/netty-transport-native-epoll-4.1.30.Final.jar:/home/user/.m2/repository/io/netty/netty-common/4.1.30.Final/netty-common-4.1.30.Final.jar:/home/user/.m2/repository/io/netty/netty-buffer/4.1.30.Final/netty-buffer-4.1.30.Final.jar:/home/user/.m2/repository/io/netty/netty-transport/4.1.30.Final/netty-transport-4.1.30.Final.jar:/home/user/.m2/repository/io/netty/netty-resolver/4.1.30.Final/netty-resolver-4.1.30.Final.jar:/home/user/.m2/repository/io/netty/netty-transport-native-unix-common/4.1.30.Final/netty-transport-native-unix-common-4.1.30.Final.jar:/home/user/.m2/repository/io/grpc/grpc-protobuf/1.17.1/grpc-protobuf-1.17.1.jar:/home/user/.m2/repository/com/google/api/grpc/proto-google-common-protos/1.0.0/proto-google-common-protos-1.0.0.jar:/home/user/.m2/repository/io/grpc/grpc-protobuf-lite/1.17.1/grpc-protobuf-lite-1.17.1.jar:/home/user/.m2/repository/io/grpc/grpc-stub/1.17.1/grpc-stub-1.17.1.jar:/home/user/.m2/repository/org/apache/hadoop/hadoop-ozone-recon/0.4.1-SNAPSHOT/hadoop-ozone-recon-0.4.1-SNAPSHOT.jar:/home/user/.m2/repository/org/apache/hadoop/hadoop-ozone-reconcodegen/0.4.1-SNAPSHOT/hadoop-ozone-reconcodegen-0.4.1-SNAPSHOT.jar:/home/user/.m2/repository/com/google/inject/extensions/guice-multibindings/4.0/guice-multibindings-4.0.jar:/home/user/.m2/repository/com/google/inject/guice/4.0/guice-4.0.jar:/home/user/.m2/repository/aopalliance/aopalliance/1.0/aopalliance-1.0.jar:/home/user/.m2/repository/com/google/inject/extensions/guice-servlet/4.0/guice-servlet-4.0.jar:/home/user/.m2/repository/org/glassfish/jersey/containers/jersey-container-servlet/2.27/jersey-container-servlet-2.27.jar:/home/user/.m2/repository/org/glassfish/hk2/guice-bridge/2.5.0/guice-bridge-2.5.0.jar:/home/user/.m2/repository/org/glassfish/jersey/core/jersey-server/2.27/jersey-server-2.27.jar:/home/user/.m2/repository/org/glassfish/jersey/core/jersey-client/2.27/jersey-client-2.27.jar:/home/user/.m2/repository/org/glassfish/jersey/media/jersey-media-jaxb/2.27/jersey-media-jaxb-2.27.jar:/home/user/.m2/repository/javax/validation/validation-api/1.1.0.Final/validation-api-1.1.0.Final.jar:/home/user/.m2/repository/org/glassfish/jersey/media/jersey-media-json-jackson/2.27/jersey-media-json-jackson-2.27.jar:/home/user/.m2/repository/org/glassfish/jersey/ext/jersey-entity-filtering/2.27/jersey-entity-filtering-2.27.jar:/home/user/.m2/repository/com/google/inject/extensions/guice-assistedinject/4.0/guice-assistedinject-4.0.jar:/home/user/.m2/repository/org/jooq/jooq/3.11.10/jooq-3.11.10.jar:/home/user/.m2/repository/org/jooq/jooq-meta/3.11.10/jooq-meta-3.11.10.jar:/home/user/.m2/repository/org/jooq/jooq-codegen/3.11.10/jooq-codegen-3.11.10.jar:/home/user/.m2/repository/com/jolbox/bonecp/0.8.0.RELEASE/bonecp-0.8.0.RELEASE.jar:/home/user/.m2/repository/org/xerial/sqlite-jdbc/3.25.2/sqlite-jdbc-3.25.2.jar:/home/user/.m2/repository/org/springframework/spring-jdbc/5.1.3.RELEASE/spring-jdbc-5.1.3.RELEASE.jar:/home/user/.m2/repository/org/springframework/spring-beans/5.1.3.RELEASE/spring-beans-5.1.3.RELEASE.jar:/home/user/.m2/repository/org/springframework/spring-core/5.1.3.RELEASE/spring-core-5.1.3.RELEASE.jar:/home/user/.m2/repository/org/springframework/spring-jcl/5.1.3.RELEASE/spring-jcl-5.1.3.RELEASE.jar:/home/user/.m2/repository/org/springframework/spring-tx/5.1.3.RELEASE/spring-tx-5.1.3.RELEASE.jar:/home/user/.m2/repository/org/apache/hadoop/hadoop-ozone-client/0.4.1-SNAPSHOT/hadoop-ozone-client-0.4.1-SNAPSHOT.jar:/home/user/.m2/repository/commons-lang/commons-lang/2.6/commons-lang-2.6.jar:/home/user/.m2/repository/org/apache/hadoop/hadoop-ozone-ozone-manager/0.4.1-SNAPSHOT/hadoop-ozone-ozone-manager-0.4.1-SNAPSHOT-tests.jar:/home/user/.m2/repository/junit/junit/4.11/junit-4.11.jar:/home/user/.m2/repository/org/hamcrest/hamcrest-core/1.3/hamcrest-core-1.3.jar:/home/user/.m2/repository/org/openjdk/jmh/jmh-core/1.19/jmh-core-1.19.jar:/home/user/.m2/repository/net/sf/jopt-simple/jopt-simple/4.6/jopt-simple-4.6.jar:/home/user/.m2/repository/org/apache/commons/commons-math3/3.1.1/commons-math3-3.1.1.jar:/home/user/.m2/repository/org/openjdk/jmh/jmh-generator-annprocess/1.19/jmh-generator-annprocess-1.19.jar:/home/user/.m2/repository/org/mockito/mockito-all/1.8.5/mockito-all-1.8.5.jar:/home/user/.m2/repository/org/apache/hadoop/hadoop-kms/3.2.0/hadoop-kms-3.2.0.jar:/home/user/.m2/repository/org/apache/hadoop/hadoop-auth/3.2.0/hadoop-auth-3.2.0.jar:/home/user/.m2/repository/com/nimbusds/nimbus-jose-jwt/4.41.1/nimbus-jose-jwt-4.41.1.jar:/home/user/.m2/repository/com/github/stephenc/jcip/jcip-annotations/1.0-1/jcip-annotations-1.0-1.jar:/home/user/.m2/repository/net/minidev/json-smart/2.3/json-smart-2.3.jar:/home/user/.m2/repository/net/minidev/accessors-smart/1.2/accessors-smart-1.2.jar:/home/user/.m2/repository/org/ow2/asm/asm/5.0.4/asm-5.0.4.jar:/home/user/.m2/repository/org/apache/curator/curator-framework/2.12.0/curator-framework-2.12.0.jar:/home/user/.m2/repository/com/sun/jersey/jersey-core/1.19/jersey-core-1.19.jar:/home/user/.m2/repository/javax/ws/rs/jsr311-api/1.1.1/jsr311-api-1.1.1.jar:/home/user/.m2/repository/com/sun/jersey/jersey-server/1.19/jersey-server-1.19.jar:/home/user/.m2/repository/javax/servlet/javax.servlet-api/3.1.0/javax.servlet-api-3.1.0.jar:/home/user/.m2/repository/org/eclipse/jetty/jetty-server/9.3.24.v20180605/jetty-server-9.3.24.v20180605.jar:/home/user/.m2/repository/org/eclipse/jetty/jetty-http/9.3.24.v20180605/jetty-http-9.3.24.v20180605.jar:/home/user/.m2/repository/org/eclipse/jetty/jetty-io/9.3.24.v20180605/jetty-io-9.3.24.v20180605.jar:/home/user/.m2/repository/org/eclipse/jetty/jetty-webapp/9.3.24.v20180605/jetty-webapp-9.3.24.v20180605.jar:/home/user/.m2/repository/org/eclipse/jetty/jetty-xml/9.3.24.v20180605/jetty-xml-9.3.24.v20180605.jar:/home/user/.m2/repository/log4j/log4j/1.2.17/log4j-1.2.17.jar:/home/user/.m2/repository/org/slf4j/slf4j-api/1.7.25/slf4j-api-1.7.25.jar:/home/user/.m2/repository/org/slf4j/jul-to-slf4j/1.7.25/jul-to-slf4j-1.7.25.jar:/home/user/.m2/repository/org/eclipse/jetty/jetty-util/9.3.24.v20180605/jetty-util-9.3.24.v20180605.jar:/home/user/.m2/repository/com/fasterxml/jackson/core/jackson-databind/2.9.5/jackson-databind-2.9.5.jar:/home/user/.m2/repository/org/apache/hadoop/hadoop-kms/3.2.0/hadoop-kms-3.2.0-tests.jar:/home/user/.m2/repository/org/apache/hadoop/hadoop-hdds-server-scm/0.4.1-SNAPSHOT/hadoop-hdds-server-scm-0.4.1-SNAPSHOT-tests.jar:/home/user/.m2/repository/org/apache/hadoop/hadoop-hdds-container-service/0.4.1-SNAPSHOT/hadoop-hdds-container-service-0.4.1-SNAPSHOT-tests.jar:/home/user/.m2/repository/org/yaml/snakeyaml/1.16/snakeyaml-1.16.jar:/home/user/.m2/repository/org/apache/hadoop/hadoop-common/3.2.0/hadoop-common-3.2.0-tests.jar:/home/user/.m2/repository/org/apache/hadoop/hadoop-annotations/3.2.0/hadoop-annotations-3.2.0.jar:/usr/lib/jvm/java-1.8-openjdk/jre/../lib/tools.jar:/home/user/.m2/repository/commons-cli/commons-cli/1.2/commons-cli-1.2.jar:/home/user/.m2/repository/org/apache/httpcomponents/httpclient/4.5.2/httpclient-4.5.2.jar:/home/user/.m2/repository/org/apache/httpcomponents/httpcore/4.4.4/httpcore-4.4.4.jar:/home/user/.m2/repository/commons-codec/commons-codec/1.11/commons-codec-1.11.jar:/home/user/.m2/repository/commons-net/commons-net/3.6/commons-net-3.6.jar:/home/user/.m2/repository/commons-collections/commons-collections/3.2.2/commons-collections-3.2.2.jar:/home/user/.m2/repository/org/eclipse/jetty/jetty-servlet/9.3.24.v20180605/jetty-servlet-9.3.24.v20180605.jar:/home/user/.m2/repository/org/eclipse/jetty/jetty-security/9.3.24.v20180605/jetty-security-9.3.24.v20180605.jar:/home/user/.m2/repository/javax/servlet/jsp/jsp-api/2.1/jsp-api-2.1.jar:/home/user/.m2/repository/com/sun/jersey/jersey-servlet/1.19/jersey-servlet-1.19.jar:/home/user/.m2/repository/com/sun/jersey/jersey-json/1.19/jersey-json-1.19.jar:/home/user/.m2/repository/org/codehaus/jettison/jettison/1.1/jettison-1.1.jar:/home/user/.m2/repository/org/codehaus/jackson/jackson-core-asl/1.9.13/jackson-core-asl-1.9.13.jar:/home/user/.m2/repository/org/codehaus/jackson/jackson-mapper-asl/1.9.13/jackson-mapper-asl-1.9.13.jar:/home/user/.m2/repository/org/codehaus/jackson/jackson-jaxrs/1.9.13/jackson-jaxrs-1.9.13.jar:/home/user/.m2/repository/org/codehaus/jackson/jackson-xc/1.9.13/jackson-xc-1.9.13.jar:/home/user/.m2/repository/commons-logging/commons-logging/1.1.3/commons-logging-1.1.3.jar:/home/user/.m2/repository/commons-beanutils/commons-beanutils/1.9.3/commons-beanutils-1.9.3.jar:/home/user/.m2/repository/org/apache/commons/commons-configuration2/2.1.1/commons-configuration2-2.1.1.jar:/home/user/.m2/repository/org/apache/commons/commons-lang3/3.7/commons-lang3-3.7.jar:/home/user/.m2/repository/org/apache/commons/commons-text/1.4/commons-text-1.4.jar:/home/user/.m2/repository/org/apache/avro/avro/1.7.7/avro-1.7.7.jar:/home/user/.m2/repository/com/thoughtworks/paranamer/paranamer/2.3/paranamer-2.3.jar:/home/user/.m2/repository/org/xerial/snappy/snappy-java/1.0.5/snappy-java-1.0.5.jar:/home/user/.m2/repository/com/google/re2j/re2j/1.1/re2j-1.1.jar:/home/user/.m2/repository/com/google/code/gson/gson/2.2.4/gson-2.2.4.jar:/home/user/.m2/repository/com/jcraft/jsch/0.1.54/jsch-0.1.54.jar:/home/user/.m2/repository/org/apache/curator/curator-client/2.12.0/curator-client-2.12.0.jar:/home/user/.m2/repository/org/apache/curator/curator-recipes/2.12.0/curator-recipes-2.12.0.jar:/home/user/.m2/repository/com/google/code/findbugs/jsr305/3.0.0/jsr305-3.0.0.jar:/home/user/.m2/repository/org/apache/htrace/htrace-core4/4.1.0-incubating/htrace-core4-4.1.0-incubating.jar:/home/user/.m2/repository/org/apache/zookeeper/zookeeper/3.4.13/zookeeper-3.4.13.jar:/home/user/.m2/repository/org/apache/yetus/audience-annotations/0.5.0/audience-annotations-0.5.0.jar:/home/user/.m2/repository/org/codehaus/woodstox/stax2-api/3.1.4/stax2-api-3.1.4.jar:/home/user/.m2/repository/com/fasterxml/woodstox/woodstox-core/5.0.3/woodstox-core-5.0.3.jar:/home/user/.m2/repository/dnsjava/dnsjava/2.1.7/dnsjava-2.1.7.jar:/home/user/.m2/repository/org/apache/hadoop/hadoop-hdfs/3.2.0/hadoop-hdfs-3.2.0-tests.jar:/home/user/.m2/repository/org/eclipse/jetty/jetty-util-ajax/9.3.24.v20180605/jetty-util-ajax-9.3.24.v20180605.jar:/home/user/.m2/repository/commons-daemon/commons-daemon/1.0.13/commons-daemon-1.0.13.jar:/home/user/.m2/repository/io/netty/netty/3.10.5.Final/netty-3.10.5.Final.jar:/home/user/.m2/repository/io/netty/netty-all/4.0.52.Final/netty-all-4.0.52.Final.jar:/home/user/.m2/repository/org/fusesource/leveldbjni/leveldbjni-all/1.8/leveldbjni-all-1.8.jar:"/>
    <property name="sun.cpu.endian" value="little"/>
    <property name="user.home" value="/home/user"/>
    <property name="user.language" value="en"/>
    <property name="java.specification.vendor" value="Oracle Corporation"/>
    <property name="java.home" value="/usr/lib/jvm/java-1.8-openjdk/jre"/>
    <property name="java.security.krb5.conf" value="/workdir/hadoop-ozone/integration-test/target/test-classes/krb5.conf"/>
    <property name="basedir" value="/workdir/hadoop-ozone/integration-test"/>
    <property name="file.separator" value="/"/>
    <property name="line.separator" value="&#10;"/>
    <property name="java.vm.specification.vendor" value="Oracle Corporation"/>
    <property name="java.specification.name" value="Java Platform API Specification"/>
    <property name="java.awt.graphicsenv" value="sun.awt.X11GraphicsEnvironment"/>
    <property name="surefire.real.class.path" value="/workdir/hadoop-ozone/integration-test/target/surefire/surefirebooter3824023773473363475.jar"/>
    <property name="hadoop.log.dir" value="/workdir/hadoop-ozone/integration-test/target/log"/>
    <property name="sun.boot.class.path" value="/usr/lib/jvm/java-1.8-openjdk/jre/lib/resources.jar:/usr/lib/jvm/java-1.8-openjdk/jre/lib/rt.jar:/usr/lib/jvm/java-1.8-openjdk/jre/lib/sunrsasign.jar:/usr/lib/jvm/java-1.8-openjdk/jre/lib/jsse.jar:/usr/lib/jvm/java-1.8-openjdk/jre/lib/jce.jar:/usr/lib/jvm/java-1.8-openjdk/jre/lib/charsets.jar:/usr/lib/jvm/java-1.8-openjdk/jre/lib/jfr.jar:/usr/lib/jvm/java-1.8-openjdk/jre/classes"/>
    <property name="sun.management.compiler" value="HotSpot 64-Bit Tiered Compilers"/>
    <property name="java.runtime.version" value="1.8.0_212-b04"/>
    <property name="java.net.preferIPv4Stack" value="true"/>
    <property name="user.name" value="jenkins1000"/>
    <property name="path.separator" value=":"/>
    <property name="java.security.egd" value="file:///dev/urandom"/>
    <property name="os.version" value="3.10.0-957.12.2.el7.x86_64"/>
    <property name="java.endorsed.dirs" value="/usr/lib/jvm/java-1.8-openjdk/jre/lib/endorsed"/>
    <property name="java.runtime.name" value="OpenJDK Runtime Environment"/>
    <property name="file.encoding" value="UTF-8"/>
    <property name="java.vm.name" value="OpenJDK 64-Bit Server VM"/>
    <property name="test.build.webapps" value=""/>
    <property name="localRepository" value="/home/user/.m2/repository"/>
    <property name="java.vendor.url.bug" value="https://icedtea.classpath.org/bugzilla"/>
    <property name="java.io.tmpdir" value="/tmp"/>
    <property name="require.test.libhadoop" value=""/>
    <property name="java.version" value="1.8.0_212"/>
    <property name="user.dir" value="/workdir/hadoop-ozone/integration-test"/>
    <property name="os.arch" value="amd64"/>
    <property name="java.vm.specification.name" value="Java Virtual Machine Specification"/>
    <property name="test.build.classes" value="/workdir/hadoop-ozone/integration-test/target/test-classes"/>
    <property name="java.awt.printerjob" value="sun.print.PSPrinterJob"/>
    <property name="sun.os.patch.level" value="unknown"/>
    <property name="hadoop.tmp.dir" value="/workdir/hadoop-ozone/integration-test/target/tmp"/>
    <property name="java.library.path" value="/usr/lib/jvm/java-1.8-openjdk/jre/lib/amd64/server:/usr/lib/jvm/java-1.8-openjdk/jre/lib/amd64:/usr/lib/jvm/java-1.8-openjdk/jre/../lib/amd64:/workdir/hadoop-ozone/integration-test/target/native/target/usr/local/lib:/workdir/hadoop-ozone/integration-test/../../hadoop-common-project/hadoop-common/target/native/target/usr/local/lib:/usr/java/packages/lib/amd64:/usr/lib64:/lib64:/lib:/usr/lib"/>
    <property name="java.vm.info" value="mixed mode"/>
    <property name="java.vendor" value="IcedTea"/>
    <property name="java.vm.version" value="25.212-b04"/>
    <property name="java.ext.dirs" value="/usr/lib/jvm/java-1.8-openjdk/jre/lib/ext:/usr/java/packages/lib/ext"/>
    <property name="sun.io.unicode.encoding" value="UnicodeLittle"/>
    <property name="java.class.version" value="52.0"/>
  </properties>
  <testcase name="testAutomaticPipelineCreationOnPipelineDestroy" classname="org.apache.hadoop.hdds.scm.pipeline.TestRatisPipelineCreateAndDestory" time="29.303"/>
  <testcase name="testPipelineCreationOnNodeRestart" classname="org.apache.hadoop.hdds.scm.pipeline.TestRatisPipelineCreateAndDestory" time="40.307">
    <error message="test timed out after 30000 milliseconds" type="java.lang.Exception">java.lang.Exception: test timed out after 30000 milliseconds
	at java.lang.Thread.sleep(Native Method)
	at org.apache.hadoop.test.GenericTestUtils.waitFor(GenericTestUtils.java:382)
	at org.apache.hadoop.hdds.scm.pipeline.TestRatisPipelineCreateAndDestory.waitForPipelines(TestRatisPipelineCreateAndDestory.java:126)
	at org.apache.hadoop.hdds.scm.pipeline.TestRatisPipelineCreateAndDestory.testPipelineCreationOnNodeRestart(TestRatisPipelineCreateAndDestory.java:121)
	at sun.reflect.NativeMethodAccessorImpl.invoke0(Native Method)
	at sun.reflect.NativeMethodAccessorImpl.invoke(NativeMethodAccessorImpl.java:62)
	at sun.reflect.DelegatingMethodAccessorImpl.invoke(DelegatingMethodAccessorImpl.java:43)
	at java.lang.reflect.Method.invoke(Method.java:498)
	at org.junit.runners.model.FrameworkMethod$1.runReflectiveCall(FrameworkMethod.java:47)
	at org.junit.internal.runners.model.ReflectiveCallable.run(ReflectiveCallable.java:12)
	at org.junit.runners.model.FrameworkMethod.invokeExplosively(FrameworkMethod.java:44)
	at org.junit.internal.runners.statements.InvokeMethod.evaluate(InvokeMethod.java:17)
	at org.junit.internal.runners.statements.FailOnTimeout$StatementThread.run(FailOnTimeout.java:74)
</error>
    <system-out><![CDATA[2019-09-26 12:59:55,244 WARN  server.ServerUtils (ServerUtils.java:getScmDbDir(145)) - ozone.scm.db.dirs is not configured. We recommend adding this setting. Falling back to ozone.metadata.dirs instead.
2019-09-26 12:59:55,259 WARN  server.ServerUtils (ServerUtils.java:getScmDbDir(145)) - ozone.scm.db.dirs is not configured. We recommend adding this setting. Falling back to ozone.metadata.dirs instead.
2019-09-26 12:59:55,260 WARN  server.ServerUtils (ServerUtils.java:getScmDbDir(145)) - ozone.scm.db.dirs is not configured. We recommend adding this setting. Falling back to ozone.metadata.dirs instead.
2019-09-26 12:59:55,261 INFO  db.DBStoreBuilder (DBStoreBuilder.java:addTable(110)) - using custom profile for table: deletedBlocks
2019-09-26 12:59:55,261 INFO  db.DBStoreBuilder (DBStoreBuilder.java:processTables(161)) - Using default column profile:DBProfile.DISK for Table:deletedBlocks
2019-09-26 12:59:55,261 INFO  db.DBStoreBuilder (DBStoreBuilder.java:addTable(110)) - using custom profile for table: validCerts
2019-09-26 12:59:55,261 INFO  db.DBStoreBuilder (DBStoreBuilder.java:processTables(161)) - Using default column profile:DBProfile.DISK for Table:validCerts
2019-09-26 12:59:55,262 INFO  db.DBStoreBuilder (DBStoreBuilder.java:addTable(110)) - using custom profile for table: revokedCerts
2019-09-26 12:59:55,262 INFO  db.DBStoreBuilder (DBStoreBuilder.java:processTables(161)) - Using default column profile:DBProfile.DISK for Table:revokedCerts
2019-09-26 12:59:55,262 INFO  db.DBStoreBuilder (DBStoreBuilder.java:addTable(110)) - using custom profile for table: default
2019-09-26 12:59:55,262 INFO  db.DBStoreBuilder (DBStoreBuilder.java:processTables(167)) - Using default column profile:DBProfile.DISK for Table:default
2019-09-26 12:59:55,263 INFO  db.DBStoreBuilder (DBStoreBuilder.java:getDbProfile(198)) - Using default options. DBProfile.DISK
2019-09-26 12:59:55,459 INFO  net.NodeSchemaLoader (NodeSchemaLoader.java:loadSchemaFromFile(125)) - Loading file from sun.misc.CompoundEnumeration@7d251de4
2019-09-26 12:59:55,460 INFO  net.NodeSchemaLoader (NodeSchemaLoader.java:loadSchema(171)) - Loading network topology layer schema file
2019-09-26 12:59:55,466 INFO  node.SCMNodeManager (SCMNodeManager.java:<init>(121)) - Entering startup safe mode.
2019-09-26 12:59:55,467 WARN  server.ServerUtils (ServerUtils.java:getScmDbDir(145)) - ozone.scm.db.dirs is not configured. We recommend adding this setting. Falling back to ozone.metadata.dirs instead.
2019-09-26 12:59:55,529 INFO  pipeline.SCMPipelineManager (SCMPipelineManager.java:initializePipelineState(126)) - No pipeline exists in current db
2019-09-26 12:59:55,529 WARN  server.ServerUtils (ServerUtils.java:getScmDbDir(145)) - ozone.scm.db.dirs is not configured. We recommend adding this setting. Falling back to ozone.metadata.dirs instead.
2019-09-26 12:59:55,555 WARN  events.EventQueue (EventQueue.java:fireEvent(175)) - No event handler registered for event TypedEvent{payloadType=SafeModeStatus, name='SafeModeStatus'}
2019-09-26 12:59:55,556 INFO  ipc.CallQueueManager (CallQueueManager.java:<init>(84)) - Using callQueue: class java.util.concurrent.LinkedBlockingQueue, queueCapacity: 2000, scheduler: class org.apache.hadoop.ipc.DefaultRpcScheduler, ipcBackoff: false.
2019-09-26 12:59:55,558 INFO  ipc.Server (Server.java:run(1074)) - Starting Socket Reader #1 for port 36312
2019-09-26 12:59:55,560 INFO  ipc.CallQueueManager (CallQueueManager.java:<init>(84)) - Using callQueue: class java.util.concurrent.LinkedBlockingQueue, queueCapacity: 2000, scheduler: class org.apache.hadoop.ipc.DefaultRpcScheduler, ipcBackoff: false.
2019-09-26 12:59:55,561 INFO  ipc.Server (Server.java:run(1074)) - Starting Socket Reader #1 for port 46315
2019-09-26 12:59:55,562 INFO  ipc.CallQueueManager (CallQueueManager.java:<init>(84)) - Using callQueue: class java.util.concurrent.LinkedBlockingQueue, queueCapacity: 2000, scheduler: class org.apache.hadoop.ipc.DefaultRpcScheduler, ipcBackoff: false.
2019-09-26 12:59:55,563 INFO  ipc.Server (Server.java:run(1074)) - Starting Socket Reader #1 for port 34157
2019-09-26 12:59:55,565 INFO  hdfs.DFSUtil (DFSUtil.java:httpServerTemplateForNNAndJN(1641)) - Starting Web-server for scm at: http://0.0.0.0:0
2019-09-26 12:59:55,568 INFO  server.AuthenticationFilter (AuthenticationFilter.java:constructSecretProvider(240)) - Unable to initialize FileSignerSecretProvider, falling back to use random secrets.
2019-09-26 12:59:55,569 WARN  http.HttpRequestLog (HttpRequestLog.java:getRequestLog(97)) - Jetty request log can only be enabled using Log4j
2019-09-26 12:59:55,572 INFO  http.HttpServer2 (HttpServer2.java:addGlobalFilter(975)) - Added global filter 'safety' (class=org.apache.hadoop.http.HttpServer2$QuotingInputFilter)
2019-09-26 12:59:55,573 INFO  http.HttpServer2 (HttpServer2.java:addFilter(948)) - Added filter static_user_filter (class=org.apache.hadoop.http.lib.StaticUserWebFilter$StaticUserFilter) to context scm
2019-09-26 12:59:55,573 INFO  http.HttpServer2 (HttpServer2.java:addFilter(958)) - Added filter static_user_filter (class=org.apache.hadoop.http.lib.StaticUserWebFilter$StaticUserFilter) to context static
2019-09-26 12:59:55,574 INFO  http.HttpServer2 (HttpServer2.java:addFilter(958)) - Added filter static_user_filter (class=org.apache.hadoop.http.lib.StaticUserWebFilter$StaticUserFilter) to context logs
2019-09-26 12:59:55,578 INFO  server.StorageContainerManager (StorageContainerManager.java:start(759)) - StorageContainerLocationProtocol RPC server is listening at /0.0.0.0:34157
2019-09-26 12:59:55,580 WARN  impl.MetricsConfig (MetricsConfig.java:loadFirst(134)) - Cannot locate configuration: tried hadoop-metrics2-storagecontainermanager.properties,hadoop-metrics2.properties
2019-09-26 12:59:55,582 INFO  impl.MetricsSystemImpl (MetricsSystemImpl.java:startTimer(374)) - Scheduled Metric snapshot period at 10 second(s).
2019-09-26 12:59:55,582 INFO  impl.MetricsSystemImpl (MetricsSystemImpl.java:start(191)) - StorageContainerManager metrics system started
2019-09-26 12:59:55,642 INFO  server.SCMClientProtocolServer (SCMClientProtocolServer.java:start(151)) - RPC server for Client  is listening at /0.0.0.0:34157
2019-09-26 12:59:55,642 INFO  ipc.Server (Server.java:run(1314)) - IPC Server Responder: starting
2019-09-26 12:59:55,642 INFO  ipc.Server (Server.java:run(1153)) - IPC Server listener on 34157: starting
2019-09-26 12:59:55,646 INFO  server.StorageContainerManager (StorageContainerManager.java:start(769)) - ScmBlockLocationProtocol RPC server is listening at /0.0.0.0:46315
2019-09-26 12:59:55,646 INFO  server.SCMBlockProtocolServer (SCMBlockProtocolServer.java:start(140)) - RPC server for Block Protocol is listening at /0.0.0.0:46315
2019-09-26 12:59:55,647 INFO  ipc.Server (Server.java:run(1314)) - IPC Server Responder: starting
2019-09-26 12:59:55,647 INFO  ipc.Server (Server.java:run(1153)) - IPC Server listener on 46315: starting
2019-09-26 12:59:55,650 INFO  server.StorageContainerManager (StorageContainerManager.java:start(773)) - ScmDatanodeProtocl RPC server is listening at /0.0.0.0:36312
2019-09-26 12:59:55,650 INFO  server.SCMDatanodeProtocolServer (SCMDatanodeProtocolServer.java:start(191)) - RPC server for DataNodes is listening at /0.0.0.0:36312
2019-09-26 12:59:55,651 INFO  ipc.Server (Server.java:run(1314)) - IPC Server Responder: starting
2019-09-26 12:59:55,651 INFO  ipc.Server (Server.java:run(1153)) - IPC Server listener on 36312: starting
2019-09-26 12:59:55,654 INFO  http.HttpServer2 (HttpServer2.java:bindListener(1191)) - Jetty bound to port 39701
2019-09-26 12:59:55,654 INFO  server.Server (Server.java:doStart(351)) - jetty-9.3.24.v20180605, build timestamp: 2018-06-05T17:11:56Z, git hash: 84205aa28f11a4f31f2a3b86d1bba2cc8ab69827
2019-09-26 12:59:55,657 INFO  handler.ContextHandler (ContextHandler.java:doStart(781)) - Started o.e.j.s.ServletContextHandler@28b7508e{/logs,file:///workdir/hadoop-ozone/integration-test/target/log,AVAILABLE}
2019-09-26 12:59:55,658 INFO  handler.ContextHandler (ContextHandler.java:doStart(781)) - Started o.e.j.s.ServletContextHandler@461d579d{/static,file:///workdir/hadoop-ozone/integration-test/target/test-classes/webapps/static,AVAILABLE}
2019-09-26 12:59:55,664 INFO  handler.ContextHandler (ContextHandler.java:doStart(781)) - Started o.e.j.w.WebAppContext@3a97531e{/,file:///workdir/hadoop-ozone/integration-test/target/test-classes/webapps/scm/,AVAILABLE}{/scm}
2019-09-26 12:59:55,664 INFO  server.AbstractConnector (AbstractConnector.java:doStart(278)) - Started ServerConnector@353445ee{HTTP/1.1,[http/1.1]}{0.0.0.0:39701}
2019-09-26 12:59:55,665 INFO  server.Server (Server.java:doStart(419)) - Started @30288ms
2019-09-26 12:59:55,666 INFO  server.BaseHttpServer (BaseHttpServer.java:updateConnectorAddress(207)) - HTTP server of SCM is listening at http://0.0.0.0:39701
2019-09-26 12:59:55,666 WARN  server.ServerUtils (ServerUtils.java:getDBPath(222)) - ozone.om.db.dirs is not configured. We recommend adding this setting. Falling back to ozone.metadata.dirs instead.
2019-09-26 12:59:55,667 INFO  util.JvmPauseMonitor (JvmPauseMonitor.java:run(188)) - Starting JVM pause monitor
2019-09-26 12:59:55,681 WARN  server.ServerUtils (ServerUtils.java:getDBPath(222)) - ozone.om.db.dirs is not configured. We recommend adding this setting. Falling back to ozone.metadata.dirs instead.
2019-09-26 12:59:55,681 WARN  server.ServerUtils (ServerUtils.java:getDBPath(222)) - ozone.om.db.dirs is not configured. We recommend adding this setting. Falling back to ozone.metadata.dirs instead.
2019-09-26 12:59:55,681 INFO  om.OzoneManager (OzoneManager.java:setOMNodeDetails(645)) - OM Service ID is not set. Setting it to the default ID: omServiceIdDefault
2019-09-26 12:59:55,682 INFO  om.OzoneManager (OzoneManager.java:setOMNodeDetails(651)) - OM Node ID is not set. Setting it to the OmStorage's OmID: fe939147-456e-4d91-a414-b58c71b4f27d
2019-09-26 12:59:55,682 INFO  om.OzoneManager (OzoneManager.java:loadOMHAConfigs(602)) - Found matching OM address with OMServiceId: null, OMNodeId: null, RPC Address: localhost:0 and Ratis port: 9872
2019-09-26 12:59:55,687 | INFO  | SCMAudit | user=jenkins1000 | ip=192.168.151.70 | op=GET_SCM_INFO null | ret=SUCCESS |  
2019-09-26 12:59:55,691 WARN  server.ServerUtils (ServerUtils.java:getDBPath(222)) - ozone.om.db.dirs is not configured. We recommend adding this setting. Falling back to ozone.metadata.dirs instead.
2019-09-26 12:59:55,691 INFO  db.DBStoreBuilder (DBStoreBuilder.java:addTable(110)) - using custom profile for table: userTable
2019-09-26 12:59:55,692 INFO  db.DBStoreBuilder (DBStoreBuilder.java:processTables(161)) - Using default column profile:DBProfile.DISK for Table:userTable
2019-09-26 12:59:55,692 INFO  db.DBStoreBuilder (DBStoreBuilder.java:addTable(110)) - using custom profile for table: volumeTable
2019-09-26 12:59:55,692 INFO  db.DBStoreBuilder (DBStoreBuilder.java:processTables(161)) - Using default column profile:DBProfile.DISK for Table:volumeTable
2019-09-26 12:59:55,692 INFO  db.DBStoreBuilder (DBStoreBuilder.java:addTable(110)) - using custom profile for table: bucketTable
2019-09-26 12:59:55,693 INFO  db.DBStoreBuilder (DBStoreBuilder.java:processTables(161)) - Using default column profile:DBProfile.DISK for Table:bucketTable
2019-09-26 12:59:55,693 INFO  db.DBStoreBuilder (DBStoreBuilder.java:addTable(110)) - using custom profile for table: keyTable
2019-09-26 12:59:55,693 INFO  db.DBStoreBuilder (DBStoreBuilder.java:processTables(161)) - Using default column profile:DBProfile.DISK for Table:keyTable
2019-09-26 12:59:55,693 INFO  db.DBStoreBuilder (DBStoreBuilder.java:addTable(110)) - using custom profile for table: deletedTable
2019-09-26 12:59:55,694 INFO  db.DBStoreBuilder (DBStoreBuilder.java:processTables(161)) - Using default column profile:DBProfile.DISK for Table:deletedTable
2019-09-26 12:59:55,694 INFO  db.DBStoreBuilder (DBStoreBuilder.java:addTable(110)) - using custom profile for table: openKeyTable
2019-09-26 12:59:55,694 INFO  db.DBStoreBuilder (DBStoreBuilder.java:processTables(161)) - Using default column profile:DBProfile.DISK for Table:openKeyTable
2019-09-26 12:59:55,694 INFO  db.DBStoreBuilder (DBStoreBuilder.java:addTable(110)) - using custom profile for table: s3Table
2019-09-26 12:59:55,694 INFO  db.DBStoreBuilder (DBStoreBuilder.java:processTables(161)) - Using default column profile:DBProfile.DISK for Table:s3Table
2019-09-26 12:59:55,695 INFO  db.DBStoreBuilder (DBStoreBuilder.java:addTable(110)) - using custom profile for table: multipartInfoTable
2019-09-26 12:59:55,695 INFO  db.DBStoreBuilder (DBStoreBuilder.java:processTables(161)) - Using default column profile:DBProfile.DISK for Table:multipartInfoTable
2019-09-26 12:59:55,695 INFO  db.DBStoreBuilder (DBStoreBuilder.java:addTable(110)) - using custom profile for table: dTokenTable
2019-09-26 12:59:55,695 INFO  db.DBStoreBuilder (DBStoreBuilder.java:processTables(161)) - Using default column profile:DBProfile.DISK for Table:dTokenTable
2019-09-26 12:59:55,696 INFO  db.DBStoreBuilder (DBStoreBuilder.java:addTable(110)) - using custom profile for table: s3SecretTable
2019-09-26 12:59:55,696 INFO  db.DBStoreBuilder (DBStoreBuilder.java:processTables(161)) - Using default column profile:DBProfile.DISK for Table:s3SecretTable
2019-09-26 12:59:55,696 INFO  db.DBStoreBuilder (DBStoreBuilder.java:addTable(110)) - using custom profile for table: prefixTable
2019-09-26 12:59:55,696 INFO  db.DBStoreBuilder (DBStoreBuilder.java:processTables(161)) - Using default column profile:DBProfile.DISK for Table:prefixTable
2019-09-26 12:59:55,697 INFO  db.DBStoreBuilder (DBStoreBuilder.java:addTable(110)) - using custom profile for table: default
2019-09-26 12:59:55,697 INFO  db.DBStoreBuilder (DBStoreBuilder.java:processTables(167)) - Using default column profile:DBProfile.DISK for Table:default
2019-09-26 12:59:55,697 INFO  db.DBStoreBuilder (DBStoreBuilder.java:getDbProfile(198)) - Using default options. DBProfile.DISK
2019-09-26 12:59:56,415 INFO  ipc.CallQueueManager (CallQueueManager.java:<init>(84)) - Using callQueue: class java.util.concurrent.LinkedBlockingQueue, queueCapacity: 2000, scheduler: class org.apache.hadoop.ipc.DefaultRpcScheduler, ipcBackoff: false.
2019-09-26 12:59:56,417 INFO  ipc.Server (Server.java:run(1074)) - Starting Socket Reader #1 for port 40639
2019-09-26 12:59:56,434 INFO  om.OzoneManager (OzoneManager.java:start(1256)) - OzoneManager RPC server is listening at localhost/127.0.0.1:40639
2019-09-26 12:59:56,434 INFO  impl.MetricsSystemImpl (MetricsSystemImpl.java:init(158)) - OzoneManager metrics system started (again)
2019-09-26 12:59:56,435 INFO  ipc.Server (Server.java:run(1314)) - IPC Server Responder: starting
2019-09-26 12:59:56,435 INFO  ipc.Server (Server.java:run(1153)) - IPC Server listener on 40639: starting
2019-09-26 12:59:56,442 INFO  hdfs.DFSUtil (DFSUtil.java:httpServerTemplateForNNAndJN(1641)) - Starting Web-server for ozoneManager at: http://0.0.0.0:0
2019-09-26 12:59:56,443 INFO  server.AuthenticationFilter (AuthenticationFilter.java:constructSecretProvider(240)) - Unable to initialize FileSignerSecretProvider, falling back to use random secrets.
2019-09-26 12:59:56,444 WARN  http.HttpRequestLog (HttpRequestLog.java:getRequestLog(97)) - Jetty request log can only be enabled using Log4j
2019-09-26 12:59:56,446 INFO  http.HttpServer2 (HttpServer2.java:addGlobalFilter(975)) - Added global filter 'safety' (class=org.apache.hadoop.http.HttpServer2$QuotingInputFilter)
2019-09-26 12:59:56,446 INFO  http.HttpServer2 (HttpServer2.java:addFilter(948)) - Added filter static_user_filter (class=org.apache.hadoop.http.lib.StaticUserWebFilter$StaticUserFilter) to context ozoneManager
2019-09-26 12:59:56,447 INFO  http.HttpServer2 (HttpServer2.java:addFilter(958)) - Added filter static_user_filter (class=org.apache.hadoop.http.lib.StaticUserWebFilter$StaticUserFilter) to context logs
2019-09-26 12:59:56,447 INFO  http.HttpServer2 (HttpServer2.java:addFilter(958)) - Added filter static_user_filter (class=org.apache.hadoop.http.lib.StaticUserWebFilter$StaticUserFilter) to context static
2019-09-26 12:59:56,448 INFO  http.HttpServer2 (HttpServer2.java:bindListener(1191)) - Jetty bound to port 35233
2019-09-26 12:59:56,448 INFO  server.Server (Server.java:doStart(351)) - jetty-9.3.24.v20180605, build timestamp: 2018-06-05T17:11:56Z, git hash: 84205aa28f11a4f31f2a3b86d1bba2cc8ab69827
2019-09-26 12:59:56,450 INFO  handler.ContextHandler (ContextHandler.java:doStart(781)) - Started o.e.j.s.ServletContextHandler@1eb652ee{/logs,file:///workdir/hadoop-ozone/integration-test/target/log,AVAILABLE}
2019-09-26 12:59:56,451 INFO  handler.ContextHandler (ContextHandler.java:doStart(781)) - Started o.e.j.s.ServletContextHandler@586bf570{/static,file:///workdir/hadoop-ozone/integration-test/target/test-classes/webapps/static,AVAILABLE}
2019-09-26 12:59:56,456 INFO  handler.ContextHandler (ContextHandler.java:doStart(781)) - Started o.e.j.w.WebAppContext@5bf8883d{/,file:///workdir/hadoop-ozone/integration-test/target/test-classes/webapps/ozoneManager/,AVAILABLE}{/ozoneManager}
2019-09-26 12:59:56,456 INFO  server.AbstractConnector (AbstractConnector.java:doStart(278)) - Started ServerConnector@43917244{HTTP/1.1,[http/1.1]}{0.0.0.0:35233}
2019-09-26 12:59:56,457 INFO  server.Server (Server.java:doStart(419)) - Started @31081ms
2019-09-26 12:59:56,459 INFO  server.BaseHttpServer (BaseHttpServer.java:updateConnectorAddress(207)) - HTTP server of OZONEMANAGER is listening at http://0.0.0.0:35233
2019-09-26 12:59:56,471 INFO  impl.MetricsSystemImpl (MetricsSystemImpl.java:init(158)) - HddsDatanode metrics system started (again)
2019-09-26 12:59:56,473 INFO  ozone.HddsDatanodeService (HddsDatanodeService.java:start(184)) - HddsDatanodeService host:byscane-acceptance-20190926-d9prj-792920712 ip:192.168.151.70
2019-09-26 12:59:56,483 INFO  volume.HddsVolume (HddsVolume.java:<init>(176)) - Creating Volume: /workdir/hadoop-ozone/integration-test/target/test-dir/MiniOzoneClusterImpl-5562625b-1625-43ae-b8ef-ca09318140db/datanode-0/data/containers/hdds of  storage type : DISK and capacity : 1482555576320
2019-09-26 12:59:56,483 INFO  volume.VolumeSet (VolumeSet.java:initializeVolumeSet(170)) - Added Volume : /workdir/hadoop-ozone/integration-test/target/test-dir/MiniOzoneClusterImpl-5562625b-1625-43ae-b8ef-ca09318140db/datanode-0/data/containers/hdds to VolumeSet
2019-09-26 12:59:56,484 INFO  volume.ThrottledAsyncChecker (ThrottledAsyncChecker.java:schedule(140)) - Scheduling a check for org.apache.hadoop.ozone.container.common.volume.HddsVolume@394b4af5
2019-09-26 12:59:56,484 INFO  volume.HddsVolumeChecker (HddsVolumeChecker.java:checkAllVolumes(203)) - Scheduled health check for volume org.apache.hadoop.ozone.container.common.volume.HddsVolume@394b4af5
2019-09-26 12:59:56,502 INFO  impl.RaftServerProxy (ConfUtils.java:logGet(43)) - raft.rpc.type = GRPC (default)
2019-09-26 12:59:56,502 INFO  grpc.GrpcFactory (GrpcFactory.java:checkPooledByteBufAllocatorUseCacheForAllThreads(45)) - PERFORMANCE WARNING: useCacheForAllThreads is true that may cause Netty to create a lot garbage objects and, as a result, trigger GC.
	It is recommended to disable useCacheForAllThreads by setting -Dorg.apache.ratis.thirdparty.io.netty.allocator.useCacheForAllThreads=false in command line.
2019-09-26 12:59:56,503 INFO  grpc.GrpcConfigKeys$Server (ConfUtils.java:logGet(43)) - raft.grpc.server.port = 0 (default)
2019-09-26 12:59:56,503 INFO  server.GrpcService (ConfUtils.java:logGet(43)) - raft.grpc.message.size.max = 33570816 (custom)
2019-09-26 12:59:56,503 INFO  server.RaftServerConfigKeys (ConfUtils.java:logGet(43)) - raft.server.log.appender.buffer.byte-limit = 33554432 (custom)
2019-09-26 12:59:56,503 INFO  server.GrpcService (ConfUtils.java:logGet(43)) - raft.grpc.flow.control.window = 1MB (=1048576) (default)
2019-09-26 12:59:56,504 INFO  server.RaftServerConfigKeys (ConfUtils.java:logGet(43)) - raft.server.rpc.request.timeout = 3000ms (default)
2019-09-26 12:59:56,504 INFO  server.RaftServerConfigKeys (ConfUtils.java:logGet(43)) - raft.server.storage.dir = [/workdir/hadoop-ozone/integration-test/target/test-dir/MiniOzoneClusterImpl-5562625b-1625-43ae-b8ef-ca09318140db/datanode-0/data/ratis] (custom)
2019-09-26 12:59:56,505 INFO  replication.SimpleContainerDownloader (SimpleContainerDownloader.java:<init>(72)) - Starting container downloader service to copy containers to replicate.
2019-09-26 12:59:56,506 INFO  hdfs.DFSUtil (DFSUtil.java:httpServerTemplateForNNAndJN(1641)) - Starting Web-server for hddsDatanode at: http://0.0.0.0:0
2019-09-26 12:59:56,508 INFO  server.AuthenticationFilter (AuthenticationFilter.java:constructSecretProvider(240)) - Unable to initialize FileSignerSecretProvider, falling back to use random secrets.
2019-09-26 12:59:56,508 WARN  http.HttpRequestLog (HttpRequestLog.java:getRequestLog(97)) - Jetty request log can only be enabled using Log4j
2019-09-26 12:59:56,510 INFO  http.HttpServer2 (HttpServer2.java:addGlobalFilter(975)) - Added global filter 'safety' (class=org.apache.hadoop.http.HttpServer2$QuotingInputFilter)
2019-09-26 12:59:56,511 INFO  http.HttpServer2 (HttpServer2.java:addFilter(948)) - Added filter static_user_filter (class=org.apache.hadoop.http.lib.StaticUserWebFilter$StaticUserFilter) to context hddsDatanode
2019-09-26 12:59:56,511 INFO  http.HttpServer2 (HttpServer2.java:addFilter(958)) - Added filter static_user_filter (class=org.apache.hadoop.http.lib.StaticUserWebFilter$StaticUserFilter) to context static
2019-09-26 12:59:56,511 INFO  http.HttpServer2 (HttpServer2.java:addFilter(958)) - Added filter static_user_filter (class=org.apache.hadoop.http.lib.StaticUserWebFilter$StaticUserFilter) to context logs
2019-09-26 12:59:56,512 INFO  http.HttpServer2 (HttpServer2.java:bindListener(1191)) - Jetty bound to port 33666
2019-09-26 12:59:56,512 INFO  server.Server (Server.java:doStart(351)) - jetty-9.3.24.v20180605, build timestamp: 2018-06-05T17:11:56Z, git hash: 84205aa28f11a4f31f2a3b86d1bba2cc8ab69827
2019-09-26 12:59:56,514 INFO  handler.ContextHandler (ContextHandler.java:doStart(781)) - Started o.e.j.s.ServletContextHandler@6b3e6522{/logs,file:///workdir/hadoop-ozone/integration-test/target/log,AVAILABLE}
2019-09-26 12:59:56,514 INFO  handler.ContextHandler (ContextHandler.java:doStart(781)) - Started o.e.j.s.ServletContextHandler@77aaa90b{/static,jar:file:/home/user/.m2/repository/org/apache/hadoop/hadoop-hdds-container-service/0.4.1-SNAPSHOT/hadoop-hdds-container-service-0.4.1-SNAPSHOT.jar!/webapps/static,AVAILABLE}
2019-09-26 12:59:56,551 INFO  handler.ContextHandler (ContextHandler.java:doStart(781)) - Started o.e.j.w.WebAppContext@2237738a{/,file:///tmp/jetty-0.0.0.0-33666-hddsDatanode-_-any-979164761091327621.dir/webapp/,AVAILABLE}{/hddsDatanode}
2019-09-26 12:59:56,552 INFO  server.AbstractConnector (AbstractConnector.java:doStart(278)) - Started ServerConnector@af6b7b8{HTTP/1.1,[http/1.1]}{0.0.0.0:33666}
2019-09-26 12:59:56,553 INFO  server.Server (Server.java:doStart(419)) - Started @31177ms
2019-09-26 12:59:56,554 INFO  server.BaseHttpServer (BaseHttpServer.java:updateConnectorAddress(207)) - HTTP server of HDDSDATANODE is listening at http://0.0.0.0:33666
2019-09-26 12:59:56,696 | INFO  | ObjectStoreRestHttpServer | Listening HDDS REST traffic on /0.0.0.0:33481 |  
2019-09-26 12:59:56,696 INFO  ozone.HddsDatanodeService (HddsDatanodeService.java:startPlugins(395)) - Started plug-in org.apache.hadoop.ozone.web.OzoneHddsDatanodeService@5243576a
2019-09-26 12:59:56,696 INFO  impl.MetricsSystemImpl (MetricsSystemImpl.java:init(158)) - HddsDatanode metrics system started (again)
2019-09-26 12:59:56,699 INFO  ozone.HddsDatanodeService (HddsDatanodeService.java:start(184)) - HddsDatanodeService host:byscane-acceptance-20190926-d9prj-792920712 ip:192.168.151.70
2019-09-26 12:59:56,699 INFO  util.JvmPauseMonitor (JvmPauseMonitor.java:run(188)) - Starting JVM pause monitor
2019-09-26 12:59:56,703 INFO  datanode.InitDatanodeState (InitDatanodeState.java:persistContainerDatanodeDetails(140)) - DatanodeDetails is persisted to /workdir/hadoop-ozone/integration-test/target/test-dir/MiniOzoneClusterImpl-5562625b-1625-43ae-b8ef-ca09318140db/datanode-0/meta/datanode.id
2019-09-26 12:59:56,707 INFO  volume.HddsVolume (HddsVolume.java:<init>(176)) - Creating Volume: /workdir/hadoop-ozone/integration-test/target/test-dir/MiniOzoneClusterImpl-5562625b-1625-43ae-b8ef-ca09318140db/datanode-1/data/containers/hdds of  storage type : DISK and capacity : 1482555576320
2019-09-26 12:59:56,707 INFO  volume.VolumeSet (VolumeSet.java:initializeVolumeSet(170)) - Added Volume : /workdir/hadoop-ozone/integration-test/target/test-dir/MiniOzoneClusterImpl-5562625b-1625-43ae-b8ef-ca09318140db/datanode-1/data/containers/hdds to VolumeSet
2019-09-26 12:59:56,708 INFO  volume.ThrottledAsyncChecker (ThrottledAsyncChecker.java:schedule(140)) - Scheduling a check for org.apache.hadoop.ozone.container.common.volume.HddsVolume@5bf908d7
2019-09-26 12:59:56,708 INFO  volume.HddsVolumeChecker (HddsVolumeChecker.java:checkAllVolumes(203)) - Scheduled health check for volume org.apache.hadoop.ozone.container.common.volume.HddsVolume@5bf908d7
2019-09-26 12:59:56,730 INFO  impl.RaftServerProxy (ConfUtils.java:logGet(43)) - raft.rpc.type = GRPC (default)
2019-09-26 12:59:56,730 INFO  grpc.GrpcFactory (GrpcFactory.java:checkPooledByteBufAllocatorUseCacheForAllThreads(45)) - PERFORMANCE WARNING: useCacheForAllThreads is true that may cause Netty to create a lot garbage objects and, as a result, trigger GC.
	It is recommended to disable useCacheForAllThreads by setting -Dorg.apache.ratis.thirdparty.io.netty.allocator.useCacheForAllThreads=false in command line.
2019-09-26 12:59:56,730 INFO  grpc.GrpcConfigKeys$Server (ConfUtils.java:logGet(43)) - raft.grpc.server.port = 0 (default)
2019-09-26 12:59:56,731 INFO  server.GrpcService (ConfUtils.java:logGet(43)) - raft.grpc.message.size.max = 33570816 (custom)
2019-09-26 12:59:56,731 INFO  server.RaftServerConfigKeys (ConfUtils.java:logGet(43)) - raft.server.log.appender.buffer.byte-limit = 33554432 (custom)
2019-09-26 12:59:56,731 INFO  server.GrpcService (ConfUtils.java:logGet(43)) - raft.grpc.flow.control.window = 1MB (=1048576) (default)
2019-09-26 12:59:56,731 INFO  server.RaftServerConfigKeys (ConfUtils.java:logGet(43)) - raft.server.rpc.request.timeout = 3000ms (default)
2019-09-26 12:59:56,732 INFO  server.RaftServerConfigKeys (ConfUtils.java:logGet(43)) - raft.server.storage.dir = [/workdir/hadoop-ozone/integration-test/target/test-dir/MiniOzoneClusterImpl-5562625b-1625-43ae-b8ef-ca09318140db/datanode-1/data/ratis] (custom)
2019-09-26 12:59:56,733 INFO  replication.SimpleContainerDownloader (SimpleContainerDownloader.java:<init>(72)) - Starting container downloader service to copy containers to replicate.
2019-09-26 12:59:56,735 INFO  hdfs.DFSUtil (DFSUtil.java:httpServerTemplateForNNAndJN(1641)) - Starting Web-server for hddsDatanode at: http://0.0.0.0:0
2019-09-26 12:59:56,737 INFO  server.AuthenticationFilter (AuthenticationFilter.java:constructSecretProvider(240)) - Unable to initialize FileSignerSecretProvider, falling back to use random secrets.
2019-09-26 12:59:56,738 WARN  http.HttpRequestLog (HttpRequestLog.java:getRequestLog(97)) - Jetty request log can only be enabled using Log4j
2019-09-26 12:59:56,740 INFO  http.HttpServer2 (HttpServer2.java:addGlobalFilter(975)) - Added global filter 'safety' (class=org.apache.hadoop.http.HttpServer2$QuotingInputFilter)
2019-09-26 12:59:56,740 INFO  http.HttpServer2 (HttpServer2.java:addFilter(948)) - Added filter static_user_filter (class=org.apache.hadoop.http.lib.StaticUserWebFilter$StaticUserFilter) to context hddsDatanode
2019-09-26 12:59:56,740 INFO  http.HttpServer2 (HttpServer2.java:addFilter(958)) - Added filter static_user_filter (class=org.apache.hadoop.http.lib.StaticUserWebFilter$StaticUserFilter) to context static
2019-09-26 12:59:56,741 INFO  http.HttpServer2 (HttpServer2.java:addFilter(958)) - Added filter static_user_filter (class=org.apache.hadoop.http.lib.StaticUserWebFilter$StaticUserFilter) to context logs
2019-09-26 12:59:56,741 INFO  http.HttpServer2 (HttpServer2.java:bindListener(1191)) - Jetty bound to port 39317
2019-09-26 12:59:56,742 INFO  server.Server (Server.java:doStart(351)) - jetty-9.3.24.v20180605, build timestamp: 2018-06-05T17:11:56Z, git hash: 84205aa28f11a4f31f2a3b86d1bba2cc8ab69827
2019-09-26 12:59:56,743 INFO  handler.ContextHandler (ContextHandler.java:doStart(781)) - Started o.e.j.s.ServletContextHandler@510f64e{/logs,file:///workdir/hadoop-ozone/integration-test/target/log,AVAILABLE}
2019-09-26 12:59:56,744 INFO  handler.ContextHandler (ContextHandler.java:doStart(781)) - Started o.e.j.s.ServletContextHandler@5ef63a1b{/static,jar:file:/home/user/.m2/repository/org/apache/hadoop/hadoop-hdds-container-service/0.4.1-SNAPSHOT/hadoop-hdds-container-service-0.4.1-SNAPSHOT.jar!/webapps/static,AVAILABLE}
2019-09-26 12:59:56,780 INFO  handler.ContextHandler (ContextHandler.java:doStart(781)) - Started o.e.j.w.WebAppContext@18305b8{/,file:///tmp/jetty-0.0.0.0-39317-hddsDatanode-_-any-2449908508158325718.dir/webapp/,AVAILABLE}{/hddsDatanode}
2019-09-26 12:59:56,781 INFO  server.AbstractConnector (AbstractConnector.java:doStart(278)) - Started ServerConnector@2a372a48{HTTP/1.1,[http/1.1]}{0.0.0.0:39317}
2019-09-26 12:59:56,782 INFO  server.Server (Server.java:doStart(419)) - Started @31406ms
2019-09-26 12:59:56,783 INFO  server.BaseHttpServer (BaseHttpServer.java:updateConnectorAddress(207)) - HTTP server of HDDSDATANODE is listening at http://0.0.0.0:39317
2019-09-26 12:59:56,943 | INFO  | ObjectStoreRestHttpServer | Listening HDDS REST traffic on /0.0.0.0:38973 |  
2019-09-26 12:59:56,943 INFO  ozone.HddsDatanodeService (HddsDatanodeService.java:startPlugins(395)) - Started plug-in org.apache.hadoop.ozone.web.OzoneHddsDatanodeService@68522233
2019-09-26 12:59:56,944 INFO  impl.MetricsSystemImpl (MetricsSystemImpl.java:init(158)) - HddsDatanode metrics system started (again)
2019-09-26 12:59:56,948 INFO  util.JvmPauseMonitor (JvmPauseMonitor.java:run(188)) - Starting JVM pause monitor
2019-09-26 12:59:56,949 INFO  ozone.HddsDatanodeService (HddsDatanodeService.java:start(184)) - HddsDatanodeService host:byscane-acceptance-20190926-d9prj-792920712 ip:192.168.151.70
2019-09-26 12:59:56,951 INFO  datanode.InitDatanodeState (InitDatanodeState.java:persistContainerDatanodeDetails(140)) - DatanodeDetails is persisted to /workdir/hadoop-ozone/integration-test/target/test-dir/MiniOzoneClusterImpl-5562625b-1625-43ae-b8ef-ca09318140db/datanode-1/meta/datanode.id
2019-09-26 12:59:56,957 INFO  volume.HddsVolume (HddsVolume.java:<init>(176)) - Creating Volume: /workdir/hadoop-ozone/integration-test/target/test-dir/MiniOzoneClusterImpl-5562625b-1625-43ae-b8ef-ca09318140db/datanode-2/data/containers/hdds of  storage type : DISK and capacity : 1482555576320
2019-09-26 12:59:56,957 INFO  volume.VolumeSet (VolumeSet.java:initializeVolumeSet(170)) - Added Volume : /workdir/hadoop-ozone/integration-test/target/test-dir/MiniOzoneClusterImpl-5562625b-1625-43ae-b8ef-ca09318140db/datanode-2/data/containers/hdds to VolumeSet
2019-09-26 12:59:56,958 INFO  volume.ThrottledAsyncChecker (ThrottledAsyncChecker.java:schedule(140)) - Scheduling a check for org.apache.hadoop.ozone.container.common.volume.HddsVolume@4a127316
2019-09-26 12:59:56,958 INFO  volume.HddsVolumeChecker (HddsVolumeChecker.java:checkAllVolumes(203)) - Scheduled health check for volume org.apache.hadoop.ozone.container.common.volume.HddsVolume@4a127316
2019-09-26 12:59:56,978 INFO  impl.RaftServerProxy (ConfUtils.java:logGet(43)) - raft.rpc.type = GRPC (default)
2019-09-26 12:59:56,978 INFO  grpc.GrpcFactory (GrpcFactory.java:checkPooledByteBufAllocatorUseCacheForAllThreads(45)) - PERFORMANCE WARNING: useCacheForAllThreads is true that may cause Netty to create a lot garbage objects and, as a result, trigger GC.
	It is recommended to disable useCacheForAllThreads by setting -Dorg.apache.ratis.thirdparty.io.netty.allocator.useCacheForAllThreads=false in command line.
2019-09-26 12:59:56,978 INFO  grpc.GrpcConfigKeys$Server (ConfUtils.java:logGet(43)) - raft.grpc.server.port = 0 (default)
2019-09-26 12:59:56,978 INFO  server.GrpcService (ConfUtils.java:logGet(43)) - raft.grpc.message.size.max = 33570816 (custom)
2019-09-26 12:59:56,979 INFO  server.RaftServerConfigKeys (ConfUtils.java:logGet(43)) - raft.server.log.appender.buffer.byte-limit = 33554432 (custom)
2019-09-26 12:59:56,979 INFO  server.GrpcService (ConfUtils.java:logGet(43)) - raft.grpc.flow.control.window = 1MB (=1048576) (default)
2019-09-26 12:59:56,979 INFO  server.RaftServerConfigKeys (ConfUtils.java:logGet(43)) - raft.server.rpc.request.timeout = 3000ms (default)
2019-09-26 12:59:56,980 INFO  server.RaftServerConfigKeys (ConfUtils.java:logGet(43)) - raft.server.storage.dir = [/workdir/hadoop-ozone/integration-test/target/test-dir/MiniOzoneClusterImpl-5562625b-1625-43ae-b8ef-ca09318140db/datanode-2/data/ratis] (custom)
2019-09-26 12:59:56,980 INFO  replication.SimpleContainerDownloader (SimpleContainerDownloader.java:<init>(72)) - Starting container downloader service to copy containers to replicate.
2019-09-26 12:59:56,981 INFO  hdfs.DFSUtil (DFSUtil.java:httpServerTemplateForNNAndJN(1641)) - Starting Web-server for hddsDatanode at: http://0.0.0.0:0
2019-09-26 12:59:56,983 INFO  server.AuthenticationFilter (AuthenticationFilter.java:constructSecretProvider(240)) - Unable to initialize FileSignerSecretProvider, falling back to use random secrets.
2019-09-26 12:59:56,983 WARN  http.HttpRequestLog (HttpRequestLog.java:getRequestLog(97)) - Jetty request log can only be enabled using Log4j
2019-09-26 12:59:56,985 INFO  http.HttpServer2 (HttpServer2.java:addGlobalFilter(975)) - Added global filter 'safety' (class=org.apache.hadoop.http.HttpServer2$QuotingInputFilter)
2019-09-26 12:59:56,986 INFO  http.HttpServer2 (HttpServer2.java:addFilter(948)) - Added filter static_user_filter (class=org.apache.hadoop.http.lib.StaticUserWebFilter$StaticUserFilter) to context hddsDatanode
2019-09-26 12:59:56,986 INFO  http.HttpServer2 (HttpServer2.java:addFilter(958)) - Added filter static_user_filter (class=org.apache.hadoop.http.lib.StaticUserWebFilter$StaticUserFilter) to context static
2019-09-26 12:59:56,987 INFO  http.HttpServer2 (HttpServer2.java:addFilter(958)) - Added filter static_user_filter (class=org.apache.hadoop.http.lib.StaticUserWebFilter$StaticUserFilter) to context logs
2019-09-26 12:59:56,987 INFO  http.HttpServer2 (HttpServer2.java:bindListener(1191)) - Jetty bound to port 43283
2019-09-26 12:59:56,987 INFO  server.Server (Server.java:doStart(351)) - jetty-9.3.24.v20180605, build timestamp: 2018-06-05T17:11:56Z, git hash: 84205aa28f11a4f31f2a3b86d1bba2cc8ab69827
2019-09-26 12:59:56,989 INFO  handler.ContextHandler (ContextHandler.java:doStart(781)) - Started o.e.j.s.ServletContextHandler@20d7eb98{/logs,file:///workdir/hadoop-ozone/integration-test/target/log,AVAILABLE}
2019-09-26 12:59:56,990 INFO  handler.ContextHandler (ContextHandler.java:doStart(781)) - Started o.e.j.s.ServletContextHandler@a1c9ef5{/static,jar:file:/home/user/.m2/repository/org/apache/hadoop/hadoop-hdds-container-service/0.4.1-SNAPSHOT/hadoop-hdds-container-service-0.4.1-SNAPSHOT.jar!/webapps/static,AVAILABLE}
2019-09-26 12:59:57,020 INFO  handler.ContextHandler (ContextHandler.java:doStart(781)) - Started o.e.j.w.WebAppContext@483ae917{/,file:///tmp/jetty-0.0.0.0-43283-hddsDatanode-_-any-6066876769497952065.dir/webapp/,AVAILABLE}{/hddsDatanode}
2019-09-26 12:59:57,021 INFO  server.AbstractConnector (AbstractConnector.java:doStart(278)) - Started ServerConnector@5500560{HTTP/1.1,[http/1.1]}{0.0.0.0:43283}
2019-09-26 12:59:57,022 INFO  server.Server (Server.java:doStart(419)) - Started @31646ms
2019-09-26 12:59:57,022 INFO  server.BaseHttpServer (BaseHttpServer.java:updateConnectorAddress(207)) - HTTP server of HDDSDATANODE is listening at http://0.0.0.0:43283
2019-09-26 12:59:57,189 | INFO  | ObjectStoreRestHttpServer | Listening HDDS REST traffic on /0.0.0.0:40570 |  
2019-09-26 12:59:57,189 INFO  ozone.HddsDatanodeService (HddsDatanodeService.java:startPlugins(395)) - Started plug-in org.apache.hadoop.ozone.web.OzoneHddsDatanodeService@1b2ccf18
2019-09-26 12:59:57,189 INFO  ozone.MiniOzoneClusterImpl (MiniOzoneClusterImpl.java:lambda$waitForClusterToBeReady$0(142)) - Waiting for cluster to be ready. Got 0 of 3 DN Heartbeats.
2019-09-26 12:59:57,192 INFO  util.JvmPauseMonitor (JvmPauseMonitor.java:run(188)) - Starting JVM pause monitor
2019-09-26 12:59:57,194 INFO  datanode.InitDatanodeState (InitDatanodeState.java:persistContainerDatanodeDetails(140)) - DatanodeDetails is persisted to /workdir/hadoop-ozone/integration-test/target/test-dir/MiniOzoneClusterImpl-5562625b-1625-43ae-b8ef-ca09318140db/datanode-2/meta/datanode.id
2019-09-26 12:59:57,373 WARN  server.GrpcLogAppender (GrpcLogAppender.java:timeoutAppendRequest(200)) - GrpcLogAppender(eab17f77-96e3-4086-af2d-2eec96cc7872->2d4d826c-2659-4291-8e0f-38dd3d61581d): appendEntries Timeout, request=eab17f77-96e3-4086-af2d-2eec96cc7872->2d4d826c-2659-4291-8e0f-38dd3d61581d#2-t2, previous=(t:0, i:0), leaderCommit=2, initializing? false, entries: size=1, first=(t:1, i:0), CONFIGURATIONENTRY
2019-09-26 12:59:58,189 INFO  ozone.MiniOzoneClusterImpl (MiniOzoneClusterImpl.java:lambda$waitForClusterToBeReady$0(142)) - Waiting for cluster to be ready. Got 0 of 3 DN Heartbeats.
2019-09-26 12:59:58,705 | INFO  | SCMAudit | user=jenkins1000 | ip=192.168.151.70 | op=GET_VERSION null | ret=SUCCESS |  
2019-09-26 12:59:58,723 INFO  ozoneimpl.OzoneContainer (OzoneContainer.java:start(186)) - Attempting to start container services.
2019-09-26 12:59:58,726 INFO  ozoneimpl.OzoneContainer (OzoneContainer.java:startContainerScrub(160)) - Background container scrubber has been disabled by hdds.containerscrub.enabled
2019-09-26 12:59:58,726 INFO  ratis.XceiverServerRatis (XceiverServerRatis.java:start(404)) - Starting XceiverServerRatis 2378ee51-46ca-4d4e-9932-55ed414d7738 at port 0
2019-09-26 12:59:58,735 INFO  impl.RaftServerProxy (RaftServerProxy.java:lambda$start$3(299)) - 2378ee51-46ca-4d4e-9932-55ed414d7738: start RPC server
2019-09-26 12:59:58,740 INFO  server.GrpcService (GrpcService.java:startImpl(149)) - 2378ee51-46ca-4d4e-9932-55ed414d7738: GrpcService started, listening on 0.0.0.0/0.0.0.0:38753
2019-09-26 12:59:58,740 INFO  ratis.XceiverServerRatis (XceiverServerRatis.java:start(414)) - XceiverServerRatis 2378ee51-46ca-4d4e-9932-55ed414d7738 is started using port 38753
2019-09-26 12:59:58,740 INFO  server.XceiverServerGrpc (XceiverServerGrpc.java:start(163)) - XceiverServerGrpc 2378ee51-46ca-4d4e-9932-55ed414d7738 is started using port 41248
2019-09-26 12:59:58,949 | INFO  | SCMAudit | user=jenkins1000 | ip=192.168.151.70 | op=GET_VERSION null | ret=SUCCESS |  
2019-09-26 12:59:58,976 INFO  ozoneimpl.OzoneContainer (OzoneContainer.java:start(186)) - Attempting to start container services.
2019-09-26 12:59:58,976 INFO  ozoneimpl.OzoneContainer (OzoneContainer.java:startContainerScrub(160)) - Background container scrubber has been disabled by hdds.containerscrub.enabled
2019-09-26 12:59:58,977 INFO  ratis.XceiverServerRatis (XceiverServerRatis.java:start(404)) - Starting XceiverServerRatis 42e8478e-59b3-4480-9906-12dff8b32ca3 at port 0
2019-09-26 12:59:58,984 INFO  impl.RaftServerProxy (RaftServerProxy.java:lambda$start$3(299)) - 42e8478e-59b3-4480-9906-12dff8b32ca3: start RPC server
2019-09-26 12:59:58,985 INFO  server.GrpcService (GrpcService.java:startImpl(149)) - 42e8478e-59b3-4480-9906-12dff8b32ca3: GrpcService started, listening on 0.0.0.0/0.0.0.0:38858
2019-09-26 12:59:58,985 INFO  ratis.XceiverServerRatis (XceiverServerRatis.java:start(414)) - XceiverServerRatis 42e8478e-59b3-4480-9906-12dff8b32ca3 is started using port 38858
2019-09-26 12:59:58,986 INFO  server.XceiverServerGrpc (XceiverServerGrpc.java:start(163)) - XceiverServerGrpc 42e8478e-59b3-4480-9906-12dff8b32ca3 is started using port 36541
2019-09-26 12:59:59,190 INFO  ozone.MiniOzoneClusterImpl (MiniOzoneClusterImpl.java:lambda$waitForClusterToBeReady$0(142)) - Waiting for cluster to be ready. Got 0 of 3 DN Heartbeats.
2019-09-26 12:59:59,193 | INFO  | SCMAudit | user=jenkins1000 | ip=192.168.151.70 | op=GET_VERSION null | ret=SUCCESS |  
2019-09-26 12:59:59,220 INFO  ozoneimpl.OzoneContainer (OzoneContainer.java:start(186)) - Attempting to start container services.
2019-09-26 12:59:59,220 INFO  ozoneimpl.OzoneContainer (OzoneContainer.java:startContainerScrub(160)) - Background container scrubber has been disabled by hdds.containerscrub.enabled
2019-09-26 12:59:59,221 INFO  ratis.XceiverServerRatis (XceiverServerRatis.java:start(404)) - Starting XceiverServerRatis 951a7b2a-2ee0-470c-8467-0ef8f4612cc9 at port 0
2019-09-26 12:59:59,228 INFO  impl.RaftServerProxy (RaftServerProxy.java:lambda$start$3(299)) - 951a7b2a-2ee0-470c-8467-0ef8f4612cc9: start RPC server
2019-09-26 12:59:59,229 INFO  server.GrpcService (GrpcService.java:startImpl(149)) - 951a7b2a-2ee0-470c-8467-0ef8f4612cc9: GrpcService started, listening on 0.0.0.0/0.0.0.0:40524
2019-09-26 12:59:59,230 INFO  ratis.XceiverServerRatis (XceiverServerRatis.java:start(414)) - XceiverServerRatis 951a7b2a-2ee0-470c-8467-0ef8f4612cc9 is started using port 40524
2019-09-26 12:59:59,232 INFO  server.XceiverServerGrpc (XceiverServerGrpc.java:start(163)) - XceiverServerGrpc 951a7b2a-2ee0-470c-8467-0ef8f4612cc9 is started using port 42311
2019-09-26 13:00:00,191 INFO  ozone.MiniOzoneClusterImpl (MiniOzoneClusterImpl.java:lambda$waitForClusterToBeReady$0(142)) - Waiting for cluster to be ready. Got 0 of 3 DN Heartbeats.
2019-09-26 13:00:00,705 INFO  net.NetworkTopology (NetworkTopologyImpl.java:add(110)) - Added a new node: /default-rack/2378ee51-46ca-4d4e-9932-55ed414d7738
2019-09-26 13:00:00,707 INFO  node.SCMNodeManager (SCMNodeManager.java:register(273)) - Registered Data node : 2378ee51-46ca-4d4e-9932-55ed414d7738{ip: 192.168.151.70, host: byscane-acceptance-20190926-d9prj-792920712, networkLocation: /default-rack, certSerialId: null}
2019-09-26 13:00:00,708 INFO  safemode.SCMSafeModeManager (DataNodeSafeModeRule.java:process(71)) - SCM in safe mode. 1 DataNodes registered, 1 required.
2019-09-26 13:00:00,708 | INFO  | SCMAudit | user=jenkins1000 | ip=192.168.151.70 | op=REGISTER {datanodeDetails=2378ee51-46ca-4d4e-9932-55ed414d7738{ip: 192.168.151.70, host: byscane-acceptance-20190926-d9prj-792920712, networkLocation: /default-rack, certSerialId: null}} | ret=SUCCESS |  
2019-09-26 13:00:00,710 INFO  safemode.SCMSafeModeManager (SCMSafeModeManager.java:validateSafeModeExitRules(177)) - ScmSafeModeManager, all rules are successfully validated
2019-09-26 13:00:00,710 INFO  safemode.SCMSafeModeManager (SCMSafeModeManager.java:exitSafeMode(193)) - SCM exiting safe mode.
2019-09-26 13:00:00,727 INFO  impl.RaftServerProxy (RaftServerProxy.java:addNew(89)) - 2378ee51-46ca-4d4e-9932-55ed414d7738: addNew group-9AB47179292F:[2378ee51-46ca-4d4e-9932-55ed414d7738:192.168.151.70:38753] returns group-9AB47179292F:java.util.concurrent.CompletableFuture@5b30000d[Not completed]
2019-09-26 13:00:00,730 INFO  impl.RaftServerImpl (RaftServerImpl.java:<init>(93)) - 2378ee51-46ca-4d4e-9932-55ed414d7738: new RaftServerImpl for group-9AB47179292F:[2378ee51-46ca-4d4e-9932-55ed414d7738:192.168.151.70:38753] with ContainerStateMachine:uninitialized
2019-09-26 13:00:00,730 INFO  server.RaftServerConfigKeys (ConfUtils.java:logGet(43)) - raft.server.rpc.timeout.min = 5s (custom)
2019-09-26 13:00:00,730 INFO  server.RaftServerConfigKeys (ConfUtils.java:logGet(43)) - raft.server.rpc.timeout.max = 5200ms (custom)
2019-09-26 13:00:00,730 INFO  server.RaftServerConfigKeys (ConfUtils.java:logGet(43)) - raft.server.rpcslowness.timeout = 120s (custom)
2019-09-26 13:00:00,730 INFO  server.RaftServerConfigKeys (ConfUtils.java:logGet(43)) - raft.server.sleep.deviation.threshold = 300 (default)
2019-09-26 13:00:00,731 INFO  server.RaftServerConfigKeys (ConfUtils.java:logGet(43)) - raft.server.log.appender.install.snapshot.enabled = false (custom)
2019-09-26 13:00:00,731 INFO  impl.RaftServerImpl (ServerState.java:<init>(105)) - 2378ee51-46ca-4d4e-9932-55ed414d7738:group-9AB47179292F ConfigurationManager, init=-1: [2378ee51-46ca-4d4e-9932-55ed414d7738:192.168.151.70:38753], old=null, confs=<EMPTY_MAP>
2019-09-26 13:00:00,731 INFO  server.RaftServerConfigKeys (ConfUtils.java:logGet(43)) - raft.server.storage.dir = [/workdir/hadoop-ozone/integration-test/target/test-dir/MiniOzoneClusterImpl-5562625b-1625-43ae-b8ef-ca09318140db/datanode-0/data/ratis] (custom)
2019-09-26 13:00:00,732 INFO  storage.RaftStorageDirectory (RaftStorageDirectory.java:analyzeStorage(246)) - The storage directory /workdir/hadoop-ozone/integration-test/target/test-dir/MiniOzoneClusterImpl-5562625b-1625-43ae-b8ef-ca09318140db/datanode-0/data/ratis/a527df18-21cd-4421-b064-9ab47179292f does not exist. Creating ...
2019-09-26 13:00:00,753 INFO  storage.RaftStorageDirectory (RaftStorageDirectory.java:tryLock(328)) - Lock on /workdir/hadoop-ozone/integration-test/target/test-dir/MiniOzoneClusterImpl-5562625b-1625-43ae-b8ef-ca09318140db/datanode-0/data/ratis/a527df18-21cd-4421-b064-9ab47179292f/in_use.lock acquired by nodename 10197@byscane-acceptance-20190926-d9prj-792920712
2019-09-26 13:00:00,766 INFO  storage.RaftStorage (RaftStorage.java:format(72)) - Storage directory /workdir/hadoop-ozone/integration-test/target/test-dir/MiniOzoneClusterImpl-5562625b-1625-43ae-b8ef-ca09318140db/datanode-0/data/ratis/a527df18-21cd-4421-b064-9ab47179292f has been successfully formatted.
2019-09-26 13:00:00,767 INFO  ratis.ContainerStateMachine (ContainerStateMachine.java:loadSnapshot(213)) - group-9AB47179292F: The snapshot info is null. Setting the last applied indexto:(t:0, i:~)
2019-09-26 13:00:00,767 INFO  server.RaftServerConfigKeys (ConfUtils.java:logGet(43)) - raft.server.leader.election.timeout = 120s (custom)
2019-09-26 13:00:00,767 INFO  server.RaftServerConfigKeys (ConfUtils.java:logGet(43)) - raft.server.log.use.memory = false (default)
2019-09-26 13:00:00,767 INFO  server.RaftServerConfigKeys (ConfUtils.java:logGet(43)) - raft.server.log.purge.gap = 1000000000 (custom)
2019-09-26 13:00:00,768 INFO  server.RaftServerConfigKeys (ConfUtils.java:logGet(43)) - raft.server.log.appender.buffer.byte-limit = 33554432 (custom)
2019-09-26 13:00:00,768 INFO  server.RaftServerConfigKeys (ConfUtils.java:logGet(43)) - raft.server.log.segment.size.max = 1048576 (custom)
2019-09-26 13:00:00,768 INFO  server.RaftServerConfigKeys (ConfUtils.java:logGet(43)) - raft.server.log.segment.cache.num.max = 2 (custom)
2019-09-26 13:00:00,768 INFO  segmented.SegmentedRaftLogWorker (SegmentedRaftLogWorker.java:<init>(172)) - new 2378ee51-46ca-4d4e-9932-55ed414d7738-SegmentedRaftLogWorker:Storage Directory /workdir/hadoop-ozone/integration-test/target/test-dir/MiniOzoneClusterImpl-5562625b-1625-43ae-b8ef-ca09318140db/datanode-0/data/ratis/a527df18-21cd-4421-b064-9ab47179292f for RaftStorage:Storage Directory /workdir/hadoop-ozone/integration-test/target/test-dir/MiniOzoneClusterImpl-5562625b-1625-43ae-b8ef-ca09318140db/datanode-0/data/ratis/a527df18-21cd-4421-b064-9ab47179292f
2019-09-26 13:00:00,769 INFO  server.RaftServerConfigKeys (ConfUtils.java:logGet(43)) - raft.server.log.queue.byte-limit = 2147483647 (custom)
2019-09-26 13:00:00,769 INFO  server.RaftServerConfigKeys (ConfUtils.java:logGet(43)) - raft.server.log.queue.element-limit = 1024 (custom)
2019-09-26 13:00:00,769 INFO  server.RaftServerConfigKeys (ConfUtils.java:logGet(43)) - raft.server.log.segment.size.max = 1048576 (custom)
2019-09-26 13:00:00,769 INFO  server.RaftServerConfigKeys (ConfUtils.java:logGet(43)) - raft.server.log.preallocated.size = 16384 (custom)
2019-09-26 13:00:00,769 INFO  server.RaftServerConfigKeys (ConfUtils.java:logGet(43)) - raft.server.log.write.buffer.size = 33554432 (custom)
2019-09-26 13:00:00,770 INFO  server.RaftServerConfigKeys (ConfUtils.java:logGet(43)) - raft.server.log.force.sync.num = 128 (default)
2019-09-26 13:00:00,770 INFO  server.RaftServerConfigKeys (ConfUtils.java:logGet(43)) - raft.server.log.statemachine.data.sync = true (default)
2019-09-26 13:00:00,770 INFO  server.RaftServerConfigKeys (ConfUtils.java:logGet(43)) - raft.server.log.statemachine.data.sync.timeout = 10s (default)
2019-09-26 13:00:00,770 INFO  server.RaftServerConfigKeys (ConfUtils.java:logGet(43)) - raft.server.log.statemachine.data.sync.timeout.retry = -1 (default)
2019-09-26 13:00:00,771 INFO  server.RaftServerConfigKeys (ConfUtils.java:logGet(43)) - raft.server.log.statemachine.data.caching.enabled = true (custom)
2019-09-26 13:00:00,771 INFO  segmented.SegmentedRaftLogWorker (SegmentedRaftLogWorker.java:lambda$new$0(132)) - 2378ee51-46ca-4d4e-9932-55ed414d7738-SegmentedRaftLogWorker:Storage Directory /workdir/hadoop-ozone/integration-test/target/test-dir/MiniOzoneClusterImpl-5562625b-1625-43ae-b8ef-ca09318140db/datanode-0/data/ratis/a527df18-21cd-4421-b064-9ab47179292f: flushIndex: setUnconditionally 0 -> -1
2019-09-26 13:00:00,771 INFO  server.RaftServerConfigKeys (ConfUtils.java:logGet(43)) - raft.server.snapshot.auto.trigger.enabled = true (custom)
2019-09-26 13:00:00,772 INFO  server.RaftServerConfigKeys (ConfUtils.java:logGet(43)) - raft.server.snapshot.auto.trigger.threshold = 10000 (custom)
2019-09-26 13:00:00,772 INFO  server.RaftServerConfigKeys (ConfUtils.java:logGet(43)) - raft.server.retrycache.expirytime = 600000ms (custom)
2019-09-26 13:00:00,772 INFO  impl.RaftServerImpl (RaftServerImpl.java:start(180)) - 2378ee51-46ca-4d4e-9932-55ed414d7738: start group-9AB47179292F
2019-09-26 13:00:00,773 INFO  impl.RaftServerImpl (RaftServerImpl.java:setRole(171)) - 2378ee51-46ca-4d4e-9932-55ed414d7738:group-9AB47179292F changes role from null to FOLLOWER at term 0 for startAsFollower
2019-09-26 13:00:00,773 INFO  impl.RoleInfo (RoleInfo.java:updateAndGet(143)) - 2378ee51-46ca-4d4e-9932-55ed414d7738: start FollowerState
2019-09-26 13:00:00,773 INFO  util.JmxRegister (JmxRegister.java:tryRegister(44)) - Successfully registered JMX Bean with object name Ratis:service=RaftServer,group=group-9AB47179292F,id=2378ee51-46ca-4d4e-9932-55ed414d7738
2019-09-26 13:00:00,780 INFO  pipeline.PipelineStateManager (PipelineStateManager.java:addPipeline(56)) - Created pipeline Pipeline[ Id: a527df18-21cd-4421-b064-9ab47179292f, Nodes: 2378ee51-46ca-4d4e-9932-55ed414d7738{ip: 192.168.151.70, host: byscane-acceptance-20190926-d9prj-792920712, networkLocation: /default-rack, certSerialId: null}, Type:RATIS, Factor:ONE, State:OPEN]
2019-09-26 13:00:00,950 INFO  net.NetworkTopology (NetworkTopologyImpl.java:add(110)) - Added a new node: /default-rack/42e8478e-59b3-4480-9906-12dff8b32ca3
2019-09-26 13:00:00,950 INFO  node.SCMNodeManager (SCMNodeManager.java:register(273)) - Registered Data node : 42e8478e-59b3-4480-9906-12dff8b32ca3{ip: 192.168.151.70, host: byscane-acceptance-20190926-d9prj-792920712, networkLocation: /default-rack, certSerialId: null}
2019-09-26 13:00:00,951 | INFO  | SCMAudit | user=jenkins1000 | ip=192.168.151.70 | op=REGISTER {datanodeDetails=42e8478e-59b3-4480-9906-12dff8b32ca3{ip: 192.168.151.70, host: byscane-acceptance-20190926-d9prj-792920712, networkLocation: /default-rack, certSerialId: null}} | ret=SUCCESS |  
2019-09-26 13:00:00,967 INFO  impl.RaftServerProxy (RaftServerProxy.java:addNew(89)) - 42e8478e-59b3-4480-9906-12dff8b32ca3: addNew group-60CB043F43E6:[42e8478e-59b3-4480-9906-12dff8b32ca3:192.168.151.70:38858] returns group-60CB043F43E6:java.util.concurrent.CompletableFuture@6074ab29[Not completed]
2019-09-26 13:00:00,969 INFO  impl.RaftServerImpl (RaftServerImpl.java:<init>(93)) - 42e8478e-59b3-4480-9906-12dff8b32ca3: new RaftServerImpl for group-60CB043F43E6:[42e8478e-59b3-4480-9906-12dff8b32ca3:192.168.151.70:38858] with ContainerStateMachine:uninitialized
2019-09-26 13:00:00,969 INFO  server.RaftServerConfigKeys (ConfUtils.java:logGet(43)) - raft.server.rpc.timeout.min = 5s (custom)
2019-09-26 13:00:00,969 INFO  server.RaftServerConfigKeys (ConfUtils.java:logGet(43)) - raft.server.rpc.timeout.max = 5200ms (custom)
2019-09-26 13:00:00,969 INFO  server.RaftServerConfigKeys (ConfUtils.java:logGet(43)) - raft.server.rpcslowness.timeout = 120s (custom)
2019-09-26 13:00:00,969 INFO  server.RaftServerConfigKeys (ConfUtils.java:logGet(43)) - raft.server.sleep.deviation.threshold = 300 (default)
2019-09-26 13:00:00,970 INFO  server.RaftServerConfigKeys (ConfUtils.java:logGet(43)) - raft.server.log.appender.install.snapshot.enabled = false (custom)
2019-09-26 13:00:00,970 INFO  impl.RaftServerImpl (ServerState.java:<init>(105)) - 42e8478e-59b3-4480-9906-12dff8b32ca3:group-60CB043F43E6 ConfigurationManager, init=-1: [42e8478e-59b3-4480-9906-12dff8b32ca3:192.168.151.70:38858], old=null, confs=<EMPTY_MAP>
2019-09-26 13:00:00,970 INFO  server.RaftServerConfigKeys (ConfUtils.java:logGet(43)) - raft.server.storage.dir = [/workdir/hadoop-ozone/integration-test/target/test-dir/MiniOzoneClusterImpl-5562625b-1625-43ae-b8ef-ca09318140db/datanode-1/data/ratis] (custom)
2019-09-26 13:00:00,971 INFO  storage.RaftStorageDirectory (RaftStorageDirectory.java:analyzeStorage(246)) - The storage directory /workdir/hadoop-ozone/integration-test/target/test-dir/MiniOzoneClusterImpl-5562625b-1625-43ae-b8ef-ca09318140db/datanode-1/data/ratis/6737c98c-3d21-430d-938e-60cb043f43e6 does not exist. Creating ...
2019-09-26 13:00:00,996 INFO  storage.RaftStorageDirectory (RaftStorageDirectory.java:tryLock(328)) - Lock on /workdir/hadoop-ozone/integration-test/target/test-dir/MiniOzoneClusterImpl-5562625b-1625-43ae-b8ef-ca09318140db/datanode-1/data/ratis/6737c98c-3d21-430d-938e-60cb043f43e6/in_use.lock acquired by nodename 10197@byscane-acceptance-20190926-d9prj-792920712
2019-09-26 13:00:01,009 INFO  storage.RaftStorage (RaftStorage.java:format(72)) - Storage directory /workdir/hadoop-ozone/integration-test/target/test-dir/MiniOzoneClusterImpl-5562625b-1625-43ae-b8ef-ca09318140db/datanode-1/data/ratis/6737c98c-3d21-430d-938e-60cb043f43e6 has been successfully formatted.
2019-09-26 13:00:01,010 INFO  ratis.ContainerStateMachine (ContainerStateMachine.java:loadSnapshot(213)) - group-60CB043F43E6: The snapshot info is null. Setting the last applied indexto:(t:0, i:~)
2019-09-26 13:00:01,010 INFO  server.RaftServerConfigKeys (ConfUtils.java:logGet(43)) - raft.server.leader.election.timeout = 120s (custom)
2019-09-26 13:00:01,010 INFO  server.RaftServerConfigKeys (ConfUtils.java:logGet(43)) - raft.server.log.use.memory = false (default)
2019-09-26 13:00:01,010 INFO  server.RaftServerConfigKeys (ConfUtils.java:logGet(43)) - raft.server.log.purge.gap = 1000000000 (custom)
2019-09-26 13:00:01,010 INFO  server.RaftServerConfigKeys (ConfUtils.java:logGet(43)) - raft.server.log.appender.buffer.byte-limit = 33554432 (custom)
2019-09-26 13:00:01,011 INFO  server.RaftServerConfigKeys (ConfUtils.java:logGet(43)) - raft.server.log.segment.size.max = 1048576 (custom)
2019-09-26 13:00:01,011 INFO  server.RaftServerConfigKeys (ConfUtils.java:logGet(43)) - raft.server.log.segment.cache.num.max = 2 (custom)
2019-09-26 13:00:01,011 INFO  segmented.SegmentedRaftLogWorker (SegmentedRaftLogWorker.java:<init>(172)) - new 42e8478e-59b3-4480-9906-12dff8b32ca3-SegmentedRaftLogWorker:Storage Directory /workdir/hadoop-ozone/integration-test/target/test-dir/MiniOzoneClusterImpl-5562625b-1625-43ae-b8ef-ca09318140db/datanode-1/data/ratis/6737c98c-3d21-430d-938e-60cb043f43e6 for RaftStorage:Storage Directory /workdir/hadoop-ozone/integration-test/target/test-dir/MiniOzoneClusterImpl-5562625b-1625-43ae-b8ef-ca09318140db/datanode-1/data/ratis/6737c98c-3d21-430d-938e-60cb043f43e6
2019-09-26 13:00:01,011 INFO  server.RaftServerConfigKeys (ConfUtils.java:logGet(43)) - raft.server.log.queue.byte-limit = 2147483647 (custom)
2019-09-26 13:00:01,011 INFO  server.RaftServerConfigKeys (ConfUtils.java:logGet(43)) - raft.server.log.queue.element-limit = 1024 (custom)
2019-09-26 13:00:01,012 INFO  server.RaftServerConfigKeys (ConfUtils.java:logGet(43)) - raft.server.log.segment.size.max = 1048576 (custom)
2019-09-26 13:00:01,012 INFO  server.RaftServerConfigKeys (ConfUtils.java:logGet(43)) - raft.server.log.preallocated.size = 16384 (custom)
2019-09-26 13:00:01,012 INFO  server.RaftServerConfigKeys (ConfUtils.java:logGet(43)) - raft.server.log.write.buffer.size = 33554432 (custom)
2019-09-26 13:00:01,012 INFO  server.RaftServerConfigKeys (ConfUtils.java:logGet(43)) - raft.server.log.force.sync.num = 128 (default)
2019-09-26 13:00:01,012 INFO  server.RaftServerConfigKeys (ConfUtils.java:logGet(43)) - raft.server.log.statemachine.data.sync = true (default)
2019-09-26 13:00:01,013 INFO  server.RaftServerConfigKeys (ConfUtils.java:logGet(43)) - raft.server.log.statemachine.data.sync.timeout = 10s (default)
2019-09-26 13:00:01,013 INFO  server.RaftServerConfigKeys (ConfUtils.java:logGet(43)) - raft.server.log.statemachine.data.sync.timeout.retry = -1 (default)
2019-09-26 13:00:01,013 INFO  server.RaftServerConfigKeys (ConfUtils.java:logGet(43)) - raft.server.log.statemachine.data.caching.enabled = true (custom)
2019-09-26 13:00:01,014 INFO  segmented.SegmentedRaftLogWorker (SegmentedRaftLogWorker.java:lambda$new$0(132)) - 42e8478e-59b3-4480-9906-12dff8b32ca3-SegmentedRaftLogWorker:Storage Directory /workdir/hadoop-ozone/integration-test/target/test-dir/MiniOzoneClusterImpl-5562625b-1625-43ae-b8ef-ca09318140db/datanode-1/data/ratis/6737c98c-3d21-430d-938e-60cb043f43e6: flushIndex: setUnconditionally 0 -> -1
2019-09-26 13:00:01,014 INFO  server.RaftServerConfigKeys (ConfUtils.java:logGet(43)) - raft.server.snapshot.auto.trigger.enabled = true (custom)
2019-09-26 13:00:01,014 INFO  server.RaftServerConfigKeys (ConfUtils.java:logGet(43)) - raft.server.snapshot.auto.trigger.threshold = 10000 (custom)
2019-09-26 13:00:01,014 INFO  server.RaftServerConfigKeys (ConfUtils.java:logGet(43)) - raft.server.retrycache.expirytime = 600000ms (custom)
2019-09-26 13:00:01,015 INFO  impl.RaftServerImpl (RaftServerImpl.java:start(180)) - 42e8478e-59b3-4480-9906-12dff8b32ca3: start group-60CB043F43E6
2019-09-26 13:00:01,015 INFO  impl.RaftServerImpl (RaftServerImpl.java:setRole(171)) - 42e8478e-59b3-4480-9906-12dff8b32ca3:group-60CB043F43E6 changes role from null to FOLLOWER at term 0 for startAsFollower
2019-09-26 13:00:01,015 INFO  impl.RoleInfo (RoleInfo.java:updateAndGet(143)) - 42e8478e-59b3-4480-9906-12dff8b32ca3: start FollowerState
2019-09-26 13:00:01,021 INFO  util.JmxRegister (JmxRegister.java:tryRegister(44)) - Successfully registered JMX Bean with object name Ratis:service=RaftServer,group=group-60CB043F43E6,id=42e8478e-59b3-4480-9906-12dff8b32ca3
2019-09-26 13:00:01,029 INFO  pipeline.PipelineStateManager (PipelineStateManager.java:addPipeline(56)) - Created pipeline Pipeline[ Id: 6737c98c-3d21-430d-938e-60cb043f43e6, Nodes: 42e8478e-59b3-4480-9906-12dff8b32ca3{ip: 192.168.151.70, host: byscane-acceptance-20190926-d9prj-792920712, networkLocation: /default-rack, certSerialId: null}, Type:RATIS, Factor:ONE, State:OPEN]
2019-09-26 13:00:01,191 INFO  ozone.MiniOzoneClusterImpl (MiniOzoneClusterImpl.java:lambda$waitForClusterToBeReady$0(142)) - Waiting for cluster to be ready. Got 2 of 3 DN Heartbeats.
2019-09-26 13:00:01,193 INFO  net.NetworkTopology (NetworkTopologyImpl.java:add(110)) - Added a new node: /default-rack/951a7b2a-2ee0-470c-8467-0ef8f4612cc9
2019-09-26 13:00:01,194 INFO  node.SCMNodeManager (SCMNodeManager.java:register(273)) - Registered Data node : 951a7b2a-2ee0-470c-8467-0ef8f4612cc9{ip: 192.168.151.70, host: byscane-acceptance-20190926-d9prj-792920712, networkLocation: /default-rack, certSerialId: null}
2019-09-26 13:00:01,194 | INFO  | SCMAudit | user=jenkins1000 | ip=192.168.151.70 | op=REGISTER {datanodeDetails=951a7b2a-2ee0-470c-8467-0ef8f4612cc9{ip: 192.168.151.70, host: byscane-acceptance-20190926-d9prj-792920712, networkLocation: /default-rack, certSerialId: null}} | ret=SUCCESS |  
2019-09-26 13:00:01,208 INFO  impl.RaftServerProxy (RaftServerProxy.java:addNew(89)) - 951a7b2a-2ee0-470c-8467-0ef8f4612cc9: addNew group-79B48B78D141:[951a7b2a-2ee0-470c-8467-0ef8f4612cc9:192.168.151.70:40524] returns group-79B48B78D141:java.util.concurrent.CompletableFuture@3e987c26[Not completed]
2019-09-26 13:00:01,210 INFO  impl.RaftServerImpl (RaftServerImpl.java:<init>(93)) - 951a7b2a-2ee0-470c-8467-0ef8f4612cc9: new RaftServerImpl for group-79B48B78D141:[951a7b2a-2ee0-470c-8467-0ef8f4612cc9:192.168.151.70:40524] with ContainerStateMachine:uninitialized
2019-09-26 13:00:01,210 INFO  server.RaftServerConfigKeys (ConfUtils.java:logGet(43)) - raft.server.rpc.timeout.min = 5s (custom)
2019-09-26 13:00:01,211 INFO  server.RaftServerConfigKeys (ConfUtils.java:logGet(43)) - raft.server.rpc.timeout.max = 5200ms (custom)
2019-09-26 13:00:01,211 INFO  server.RaftServerConfigKeys (ConfUtils.java:logGet(43)) - raft.server.rpcslowness.timeout = 120s (custom)
2019-09-26 13:00:01,211 INFO  server.RaftServerConfigKeys (ConfUtils.java:logGet(43)) - raft.server.sleep.deviation.threshold = 300 (default)
2019-09-26 13:00:01,211 INFO  server.RaftServerConfigKeys (ConfUtils.java:logGet(43)) - raft.server.log.appender.install.snapshot.enabled = false (custom)
2019-09-26 13:00:01,211 INFO  impl.RaftServerImpl (ServerState.java:<init>(105)) - 951a7b2a-2ee0-470c-8467-0ef8f4612cc9:group-79B48B78D141 ConfigurationManager, init=-1: [951a7b2a-2ee0-470c-8467-0ef8f4612cc9:192.168.151.70:40524], old=null, confs=<EMPTY_MAP>
2019-09-26 13:00:01,212 INFO  server.RaftServerConfigKeys (ConfUtils.java:logGet(43)) - raft.server.storage.dir = [/workdir/hadoop-ozone/integration-test/target/test-dir/MiniOzoneClusterImpl-5562625b-1625-43ae-b8ef-ca09318140db/datanode-2/data/ratis] (custom)
2019-09-26 13:00:01,212 INFO  storage.RaftStorageDirectory (RaftStorageDirectory.java:analyzeStorage(246)) - The storage directory /workdir/hadoop-ozone/integration-test/target/test-dir/MiniOzoneClusterImpl-5562625b-1625-43ae-b8ef-ca09318140db/datanode-2/data/ratis/b9944c0f-1fe7-4175-8cb5-79b48b78d141 does not exist. Creating ...
2019-09-26 13:00:01,237 INFO  storage.RaftStorageDirectory (RaftStorageDirectory.java:tryLock(328)) - Lock on /workdir/hadoop-ozone/integration-test/target/test-dir/MiniOzoneClusterImpl-5562625b-1625-43ae-b8ef-ca09318140db/datanode-2/data/ratis/b9944c0f-1fe7-4175-8cb5-79b48b78d141/in_use.lock acquired by nodename 10197@byscane-acceptance-20190926-d9prj-792920712
2019-09-26 13:00:01,259 INFO  storage.RaftStorage (RaftStorage.java:format(72)) - Storage directory /workdir/hadoop-ozone/integration-test/target/test-dir/MiniOzoneClusterImpl-5562625b-1625-43ae-b8ef-ca09318140db/datanode-2/data/ratis/b9944c0f-1fe7-4175-8cb5-79b48b78d141 has been successfully formatted.
2019-09-26 13:00:01,259 INFO  ratis.ContainerStateMachine (ContainerStateMachine.java:loadSnapshot(213)) - group-79B48B78D141: The snapshot info is null. Setting the last applied indexto:(t:0, i:~)
2019-09-26 13:00:01,259 INFO  server.RaftServerConfigKeys (ConfUtils.java:logGet(43)) - raft.server.leader.election.timeout = 120s (custom)
2019-09-26 13:00:01,260 INFO  server.RaftServerConfigKeys (ConfUtils.java:logGet(43)) - raft.server.log.use.memory = false (default)
2019-09-26 13:00:01,260 INFO  server.RaftServerConfigKeys (ConfUtils.java:logGet(43)) - raft.server.log.purge.gap = 1000000000 (custom)
2019-09-26 13:00:01,260 INFO  server.RaftServerConfigKeys (ConfUtils.java:logGet(43)) - raft.server.log.appender.buffer.byte-limit = 33554432 (custom)
2019-09-26 13:00:01,260 INFO  server.RaftServerConfigKeys (ConfUtils.java:logGet(43)) - raft.server.log.segment.size.max = 1048576 (custom)
2019-09-26 13:00:01,260 INFO  server.RaftServerConfigKeys (ConfUtils.java:logGet(43)) - raft.server.log.segment.cache.num.max = 2 (custom)
2019-09-26 13:00:01,260 INFO  segmented.SegmentedRaftLogWorker (SegmentedRaftLogWorker.java:<init>(172)) - new 951a7b2a-2ee0-470c-8467-0ef8f4612cc9-SegmentedRaftLogWorker:Storage Directory /workdir/hadoop-ozone/integration-test/target/test-dir/MiniOzoneClusterImpl-5562625b-1625-43ae-b8ef-ca09318140db/datanode-2/data/ratis/b9944c0f-1fe7-4175-8cb5-79b48b78d141 for RaftStorage:Storage Directory /workdir/hadoop-ozone/integration-test/target/test-dir/MiniOzoneClusterImpl-5562625b-1625-43ae-b8ef-ca09318140db/datanode-2/data/ratis/b9944c0f-1fe7-4175-8cb5-79b48b78d141
2019-09-26 13:00:01,261 INFO  server.RaftServerConfigKeys (ConfUtils.java:logGet(43)) - raft.server.log.queue.byte-limit = 2147483647 (custom)
2019-09-26 13:00:01,261 INFO  server.RaftServerConfigKeys (ConfUtils.java:logGet(43)) - raft.server.log.queue.element-limit = 1024 (custom)
2019-09-26 13:00:01,261 INFO  server.RaftServerConfigKeys (ConfUtils.java:logGet(43)) - raft.server.log.segment.size.max = 1048576 (custom)
2019-09-26 13:00:01,261 INFO  server.RaftServerConfigKeys (ConfUtils.java:logGet(43)) - raft.server.log.preallocated.size = 16384 (custom)
2019-09-26 13:00:01,262 INFO  server.RaftServerConfigKeys (ConfUtils.java:logGet(43)) - raft.server.log.write.buffer.size = 33554432 (custom)
2019-09-26 13:00:01,262 INFO  server.RaftServerConfigKeys (ConfUtils.java:logGet(43)) - raft.server.log.force.sync.num = 128 (default)
2019-09-26 13:00:01,262 INFO  server.RaftServerConfigKeys (ConfUtils.java:logGet(43)) - raft.server.log.statemachine.data.sync = true (default)
2019-09-26 13:00:01,262 INFO  server.RaftServerConfigKeys (ConfUtils.java:logGet(43)) - raft.server.log.statemachine.data.sync.timeout = 10s (default)
2019-09-26 13:00:01,262 INFO  server.RaftServerConfigKeys (ConfUtils.java:logGet(43)) - raft.server.log.statemachine.data.sync.timeout.retry = -1 (default)
2019-09-26 13:00:01,262 INFO  server.RaftServerConfigKeys (ConfUtils.java:logGet(43)) - raft.server.log.statemachine.data.caching.enabled = true (custom)
2019-09-26 13:00:01,263 INFO  segmented.SegmentedRaftLogWorker (SegmentedRaftLogWorker.java:lambda$new$0(132)) - 951a7b2a-2ee0-470c-8467-0ef8f4612cc9-SegmentedRaftLogWorker:Storage Directory /workdir/hadoop-ozone/integration-test/target/test-dir/MiniOzoneClusterImpl-5562625b-1625-43ae-b8ef-ca09318140db/datanode-2/data/ratis/b9944c0f-1fe7-4175-8cb5-79b48b78d141: flushIndex: setUnconditionally 0 -> -1
2019-09-26 13:00:01,263 INFO  server.RaftServerConfigKeys (ConfUtils.java:logGet(43)) - raft.server.snapshot.auto.trigger.enabled = true (custom)
2019-09-26 13:00:01,263 INFO  server.RaftServerConfigKeys (ConfUtils.java:logGet(43)) - raft.server.snapshot.auto.trigger.threshold = 10000 (custom)
2019-09-26 13:00:01,264 INFO  server.RaftServerConfigKeys (ConfUtils.java:logGet(43)) - raft.server.retrycache.expirytime = 600000ms (custom)
2019-09-26 13:00:01,264 INFO  impl.RaftServerImpl (RaftServerImpl.java:start(180)) - 951a7b2a-2ee0-470c-8467-0ef8f4612cc9: start group-79B48B78D141
2019-09-26 13:00:01,264 INFO  impl.RaftServerImpl (RaftServerImpl.java:setRole(171)) - 951a7b2a-2ee0-470c-8467-0ef8f4612cc9:group-79B48B78D141 changes role from null to FOLLOWER at term 0 for startAsFollower
2019-09-26 13:00:01,264 INFO  impl.RoleInfo (RoleInfo.java:updateAndGet(143)) - 951a7b2a-2ee0-470c-8467-0ef8f4612cc9: start FollowerState
2019-09-26 13:00:01,265 INFO  util.JmxRegister (JmxRegister.java:tryRegister(44)) - Successfully registered JMX Bean with object name Ratis:service=RaftServer,group=group-79B48B78D141,id=951a7b2a-2ee0-470c-8467-0ef8f4612cc9
2019-09-26 13:00:01,270 INFO  pipeline.PipelineStateManager (PipelineStateManager.java:addPipeline(56)) - Created pipeline Pipeline[ Id: b9944c0f-1fe7-4175-8cb5-79b48b78d141, Nodes: 951a7b2a-2ee0-470c-8467-0ef8f4612cc9{ip: 192.168.151.70, host: byscane-acceptance-20190926-d9prj-792920712, networkLocation: /default-rack, certSerialId: null}, Type:RATIS, Factor:ONE, State:OPEN]
2019-09-26 13:00:01,295 INFO  impl.RaftServerProxy (RaftServerProxy.java:addNew(89)) - 951a7b2a-2ee0-470c-8467-0ef8f4612cc9: addNew group-6A221178FDF0:[951a7b2a-2ee0-470c-8467-0ef8f4612cc9:192.168.151.70:40524, 42e8478e-59b3-4480-9906-12dff8b32ca3:192.168.151.70:38858, 2378ee51-46ca-4d4e-9932-55ed414d7738:192.168.151.70:38753] returns group-6A221178FDF0:java.util.concurrent.CompletableFuture@1b7268af[Not completed]
2019-09-26 13:00:01,295 INFO  impl.RaftServerProxy (RaftServerProxy.java:addNew(89)) - 42e8478e-59b3-4480-9906-12dff8b32ca3: addNew group-6A221178FDF0:[951a7b2a-2ee0-470c-8467-0ef8f4612cc9:192.168.151.70:40524, 42e8478e-59b3-4480-9906-12dff8b32ca3:192.168.151.70:38858, 2378ee51-46ca-4d4e-9932-55ed414d7738:192.168.151.70:38753] returns group-6A221178FDF0:java.util.concurrent.CompletableFuture@32d8733b[Not completed]
2019-09-26 13:00:01,295 INFO  impl.RaftServerProxy (RaftServerProxy.java:addNew(89)) - 2378ee51-46ca-4d4e-9932-55ed414d7738: addNew group-6A221178FDF0:[951a7b2a-2ee0-470c-8467-0ef8f4612cc9:192.168.151.70:40524, 42e8478e-59b3-4480-9906-12dff8b32ca3:192.168.151.70:38858, 2378ee51-46ca-4d4e-9932-55ed414d7738:192.168.151.70:38753] returns group-6A221178FDF0:java.util.concurrent.CompletableFuture@3f51a0fc[Not completed]
2019-09-26 13:00:01,297 INFO  impl.RaftServerImpl (RaftServerImpl.java:<init>(93)) - 951a7b2a-2ee0-470c-8467-0ef8f4612cc9: new RaftServerImpl for group-6A221178FDF0:[951a7b2a-2ee0-470c-8467-0ef8f4612cc9:192.168.151.70:40524, 42e8478e-59b3-4480-9906-12dff8b32ca3:192.168.151.70:38858, 2378ee51-46ca-4d4e-9932-55ed414d7738:192.168.151.70:38753] with ContainerStateMachine:uninitialized
2019-09-26 13:00:01,297 INFO  server.RaftServerConfigKeys (ConfUtils.java:logGet(43)) - raft.server.rpc.timeout.min = 5s (custom)
2019-09-26 13:00:01,297 INFO  server.RaftServerConfigKeys (ConfUtils.java:logGet(43)) - raft.server.rpc.timeout.max = 5200ms (custom)
2019-09-26 13:00:01,298 INFO  server.RaftServerConfigKeys (ConfUtils.java:logGet(43)) - raft.server.rpcslowness.timeout = 120s (custom)
2019-09-26 13:00:01,298 INFO  impl.RaftServerImpl (RaftServerImpl.java:<init>(93)) - 42e8478e-59b3-4480-9906-12dff8b32ca3: new RaftServerImpl for group-6A221178FDF0:[951a7b2a-2ee0-470c-8467-0ef8f4612cc9:192.168.151.70:40524, 42e8478e-59b3-4480-9906-12dff8b32ca3:192.168.151.70:38858, 2378ee51-46ca-4d4e-9932-55ed414d7738:192.168.151.70:38753] with ContainerStateMachine:uninitialized
2019-09-26 13:00:01,298 INFO  server.RaftServerConfigKeys (ConfUtils.java:logGet(43)) - raft.server.sleep.deviation.threshold = 300 (default)
2019-09-26 13:00:01,298 INFO  server.RaftServerConfigKeys (ConfUtils.java:logGet(43)) - raft.server.rpc.timeout.min = 5s (custom)
2019-09-26 13:00:01,298 INFO  server.RaftServerConfigKeys (ConfUtils.java:logGet(43)) - raft.server.log.appender.install.snapshot.enabled = false (custom)
2019-09-26 13:00:01,298 INFO  server.RaftServerConfigKeys (ConfUtils.java:logGet(43)) - raft.server.rpc.timeout.max = 5200ms (custom)
2019-09-26 13:00:01,298 INFO  impl.RaftServerImpl (ServerState.java:<init>(105)) - 951a7b2a-2ee0-470c-8467-0ef8f4612cc9:group-6A221178FDF0 ConfigurationManager, init=-1: [951a7b2a-2ee0-470c-8467-0ef8f4612cc9:192.168.151.70:40524, 42e8478e-59b3-4480-9906-12dff8b32ca3:192.168.151.70:38858, 2378ee51-46ca-4d4e-9932-55ed414d7738:192.168.151.70:38753], old=null, confs=<EMPTY_MAP>
2019-09-26 13:00:01,299 INFO  server.RaftServerConfigKeys (ConfUtils.java:logGet(43)) - raft.server.rpcslowness.timeout = 120s (custom)
2019-09-26 13:00:01,299 INFO  server.RaftServerConfigKeys (ConfUtils.java:logGet(43)) - raft.server.storage.dir = [/workdir/hadoop-ozone/integration-test/target/test-dir/MiniOzoneClusterImpl-5562625b-1625-43ae-b8ef-ca09318140db/datanode-2/data/ratis] (custom)
2019-09-26 13:00:01,299 INFO  server.RaftServerConfigKeys (ConfUtils.java:logGet(43)) - raft.server.sleep.deviation.threshold = 300 (default)
2019-09-26 13:00:01,299 INFO  server.RaftServerConfigKeys (ConfUtils.java:logGet(43)) - raft.server.log.appender.install.snapshot.enabled = false (custom)
2019-09-26 13:00:01,299 INFO  impl.RaftServerImpl (ServerState.java:<init>(105)) - 42e8478e-59b3-4480-9906-12dff8b32ca3:group-6A221178FDF0 ConfigurationManager, init=-1: [951a7b2a-2ee0-470c-8467-0ef8f4612cc9:192.168.151.70:40524, 42e8478e-59b3-4480-9906-12dff8b32ca3:192.168.151.70:38858, 2378ee51-46ca-4d4e-9932-55ed414d7738:192.168.151.70:38753], old=null, confs=<EMPTY_MAP>
2019-09-26 13:00:01,299 INFO  storage.RaftStorageDirectory (RaftStorageDirectory.java:analyzeStorage(246)) - The storage directory /workdir/hadoop-ozone/integration-test/target/test-dir/MiniOzoneClusterImpl-5562625b-1625-43ae-b8ef-ca09318140db/datanode-2/data/ratis/c2b23c15-1296-4c9a-8056-6a221178fdf0 does not exist. Creating ...
2019-09-26 13:00:01,299 INFO  server.RaftServerConfigKeys (ConfUtils.java:logGet(43)) - raft.server.storage.dir = [/workdir/hadoop-ozone/integration-test/target/test-dir/MiniOzoneClusterImpl-5562625b-1625-43ae-b8ef-ca09318140db/datanode-1/data/ratis] (custom)
2019-09-26 13:00:01,300 INFO  impl.RaftServerImpl (RaftServerImpl.java:<init>(93)) - 2378ee51-46ca-4d4e-9932-55ed414d7738: new RaftServerImpl for group-6A221178FDF0:[951a7b2a-2ee0-470c-8467-0ef8f4612cc9:192.168.151.70:40524, 42e8478e-59b3-4480-9906-12dff8b32ca3:192.168.151.70:38858, 2378ee51-46ca-4d4e-9932-55ed414d7738:192.168.151.70:38753] with ContainerStateMachine:uninitialized
2019-09-26 13:00:01,300 INFO  storage.RaftStorageDirectory (RaftStorageDirectory.java:analyzeStorage(246)) - The storage directory /workdir/hadoop-ozone/integration-test/target/test-dir/MiniOzoneClusterImpl-5562625b-1625-43ae-b8ef-ca09318140db/datanode-1/data/ratis/c2b23c15-1296-4c9a-8056-6a221178fdf0 does not exist. Creating ...
2019-09-26 13:00:01,300 INFO  server.RaftServerConfigKeys (ConfUtils.java:logGet(43)) - raft.server.rpc.timeout.min = 5s (custom)
2019-09-26 13:00:01,300 INFO  server.RaftServerConfigKeys (ConfUtils.java:logGet(43)) - raft.server.rpc.timeout.max = 5200ms (custom)
2019-09-26 13:00:01,301 INFO  server.RaftServerConfigKeys (ConfUtils.java:logGet(43)) - raft.server.rpcslowness.timeout = 120s (custom)
2019-09-26 13:00:01,301 INFO  server.RaftServerConfigKeys (ConfUtils.java:logGet(43)) - raft.server.sleep.deviation.threshold = 300 (default)
2019-09-26 13:00:01,301 INFO  server.RaftServerConfigKeys (ConfUtils.java:logGet(43)) - raft.server.log.appender.install.snapshot.enabled = false (custom)
2019-09-26 13:00:01,301 INFO  impl.RaftServerImpl (ServerState.java:<init>(105)) - 2378ee51-46ca-4d4e-9932-55ed414d7738:group-6A221178FDF0 ConfigurationManager, init=-1: [951a7b2a-2ee0-470c-8467-0ef8f4612cc9:192.168.151.70:40524, 42e8478e-59b3-4480-9906-12dff8b32ca3:192.168.151.70:38858, 2378ee51-46ca-4d4e-9932-55ed414d7738:192.168.151.70:38753], old=null, confs=<EMPTY_MAP>
2019-09-26 13:00:01,302 INFO  server.RaftServerConfigKeys (ConfUtils.java:logGet(43)) - raft.server.storage.dir = [/workdir/hadoop-ozone/integration-test/target/test-dir/MiniOzoneClusterImpl-5562625b-1625-43ae-b8ef-ca09318140db/datanode-0/data/ratis] (custom)
2019-09-26 13:00:01,302 INFO  storage.RaftStorageDirectory (RaftStorageDirectory.java:analyzeStorage(246)) - The storage directory /workdir/hadoop-ozone/integration-test/target/test-dir/MiniOzoneClusterImpl-5562625b-1625-43ae-b8ef-ca09318140db/datanode-0/data/ratis/c2b23c15-1296-4c9a-8056-6a221178fdf0 does not exist. Creating ...
2019-09-26 13:00:01,317 INFO  storage.RaftStorageDirectory (RaftStorageDirectory.java:tryLock(328)) - Lock on /workdir/hadoop-ozone/integration-test/target/test-dir/MiniOzoneClusterImpl-5562625b-1625-43ae-b8ef-ca09318140db/datanode-2/data/ratis/c2b23c15-1296-4c9a-8056-6a221178fdf0/in_use.lock acquired by nodename 10197@byscane-acceptance-20190926-d9prj-792920712
2019-09-26 13:00:01,317 INFO  storage.RaftStorageDirectory (RaftStorageDirectory.java:tryLock(328)) - Lock on /workdir/hadoop-ozone/integration-test/target/test-dir/MiniOzoneClusterImpl-5562625b-1625-43ae-b8ef-ca09318140db/datanode-0/data/ratis/c2b23c15-1296-4c9a-8056-6a221178fdf0/in_use.lock acquired by nodename 10197@byscane-acceptance-20190926-d9prj-792920712
2019-09-26 13:00:01,317 INFO  storage.RaftStorageDirectory (RaftStorageDirectory.java:tryLock(328)) - Lock on /workdir/hadoop-ozone/integration-test/target/test-dir/MiniOzoneClusterImpl-5562625b-1625-43ae-b8ef-ca09318140db/datanode-1/data/ratis/c2b23c15-1296-4c9a-8056-6a221178fdf0/in_use.lock acquired by nodename 10197@byscane-acceptance-20190926-d9prj-792920712
2019-09-26 13:00:01,331 INFO  storage.RaftStorage (RaftStorage.java:format(72)) - Storage directory /workdir/hadoop-ozone/integration-test/target/test-dir/MiniOzoneClusterImpl-5562625b-1625-43ae-b8ef-ca09318140db/datanode-0/data/ratis/c2b23c15-1296-4c9a-8056-6a221178fdf0 has been successfully formatted.
2019-09-26 13:00:01,331 INFO  storage.RaftStorage (RaftStorage.java:format(72)) - Storage directory /workdir/hadoop-ozone/integration-test/target/test-dir/MiniOzoneClusterImpl-5562625b-1625-43ae-b8ef-ca09318140db/datanode-1/data/ratis/c2b23c15-1296-4c9a-8056-6a221178fdf0 has been successfully formatted.
2019-09-26 13:00:01,331 INFO  storage.RaftStorage (RaftStorage.java:format(72)) - Storage directory /workdir/hadoop-ozone/integration-test/target/test-dir/MiniOzoneClusterImpl-5562625b-1625-43ae-b8ef-ca09318140db/datanode-2/data/ratis/c2b23c15-1296-4c9a-8056-6a221178fdf0 has been successfully formatted.
2019-09-26 13:00:01,331 INFO  ratis.ContainerStateMachine (ContainerStateMachine.java:loadSnapshot(213)) - group-6A221178FDF0: The snapshot info is null. Setting the last applied indexto:(t:0, i:~)
2019-09-26 13:00:01,331 INFO  ratis.ContainerStateMachine (ContainerStateMachine.java:loadSnapshot(213)) - group-6A221178FDF0: The snapshot info is null. Setting the last applied indexto:(t:0, i:~)
2019-09-26 13:00:01,331 INFO  server.RaftServerConfigKeys (ConfUtils.java:logGet(43)) - raft.server.leader.election.timeout = 120s (custom)
2019-09-26 13:00:01,331 INFO  ratis.ContainerStateMachine (ContainerStateMachine.java:loadSnapshot(213)) - group-6A221178FDF0: The snapshot info is null. Setting the last applied indexto:(t:0, i:~)
2019-09-26 13:00:01,332 INFO  server.RaftServerConfigKeys (ConfUtils.java:logGet(43)) - raft.server.log.use.memory = false (default)
2019-09-26 13:00:01,332 INFO  server.RaftServerConfigKeys (ConfUtils.java:logGet(43)) - raft.server.leader.election.timeout = 120s (custom)
2019-09-26 13:00:01,332 INFO  server.RaftServerConfigKeys (ConfUtils.java:logGet(43)) - raft.server.log.purge.gap = 1000000000 (custom)
2019-09-26 13:00:01,332 INFO  server.RaftServerConfigKeys (ConfUtils.java:logGet(43)) - raft.server.leader.election.timeout = 120s (custom)
2019-09-26 13:00:01,333 INFO  server.RaftServerConfigKeys (ConfUtils.java:logGet(43)) - raft.server.log.appender.buffer.byte-limit = 33554432 (custom)
2019-09-26 13:00:01,332 INFO  server.RaftServerConfigKeys (ConfUtils.java:logGet(43)) - raft.server.log.use.memory = false (default)
2019-09-26 13:00:01,333 INFO  server.RaftServerConfigKeys (ConfUtils.java:logGet(43)) - raft.server.log.segment.size.max = 1048576 (custom)
2019-09-26 13:00:01,333 INFO  server.RaftServerConfigKeys (ConfUtils.java:logGet(43)) - raft.server.log.use.memory = false (default)
2019-09-26 13:00:01,333 INFO  server.RaftServerConfigKeys (ConfUtils.java:logGet(43)) - raft.server.log.segment.cache.num.max = 2 (custom)
2019-09-26 13:00:01,333 INFO  server.RaftServerConfigKeys (ConfUtils.java:logGet(43)) - raft.server.log.purge.gap = 1000000000 (custom)
2019-09-26 13:00:01,334 INFO  segmented.SegmentedRaftLogWorker (SegmentedRaftLogWorker.java:<init>(172)) - new 2378ee51-46ca-4d4e-9932-55ed414d7738-SegmentedRaftLogWorker:Storage Directory /workdir/hadoop-ozone/integration-test/target/test-dir/MiniOzoneClusterImpl-5562625b-1625-43ae-b8ef-ca09318140db/datanode-0/data/ratis/c2b23c15-1296-4c9a-8056-6a221178fdf0 for RaftStorage:Storage Directory /workdir/hadoop-ozone/integration-test/target/test-dir/MiniOzoneClusterImpl-5562625b-1625-43ae-b8ef-ca09318140db/datanode-0/data/ratis/c2b23c15-1296-4c9a-8056-6a221178fdf0
2019-09-26 13:00:01,333 INFO  server.RaftServerConfigKeys (ConfUtils.java:logGet(43)) - raft.server.log.purge.gap = 1000000000 (custom)
2019-09-26 13:00:01,334 INFO  server.RaftServerConfigKeys (ConfUtils.java:logGet(43)) - raft.server.log.queue.byte-limit = 2147483647 (custom)
2019-09-26 13:00:01,334 INFO  server.RaftServerConfigKeys (ConfUtils.java:logGet(43)) - raft.server.log.appender.buffer.byte-limit = 33554432 (custom)
2019-09-26 13:00:01,334 INFO  server.RaftServerConfigKeys (ConfUtils.java:logGet(43)) - raft.server.log.queue.element-limit = 1024 (custom)
2019-09-26 13:00:01,334 INFO  server.RaftServerConfigKeys (ConfUtils.java:logGet(43)) - raft.server.log.appender.buffer.byte-limit = 33554432 (custom)
2019-09-26 13:00:01,335 INFO  server.RaftServerConfigKeys (ConfUtils.java:logGet(43)) - raft.server.log.segment.size.max = 1048576 (custom)
2019-09-26 13:00:01,334 INFO  server.RaftServerConfigKeys (ConfUtils.java:logGet(43)) - raft.server.log.segment.size.max = 1048576 (custom)
2019-09-26 13:00:01,335 INFO  server.RaftServerConfigKeys (ConfUtils.java:logGet(43)) - raft.server.log.preallocated.size = 16384 (custom)
2019-09-26 13:00:01,335 INFO  server.RaftServerConfigKeys (ConfUtils.java:logGet(43)) - raft.server.log.segment.size.max = 1048576 (custom)
2019-09-26 13:00:01,335 INFO  server.RaftServerConfigKeys (ConfUtils.java:logGet(43)) - raft.server.log.write.buffer.size = 33554432 (custom)
2019-09-26 13:00:01,335 INFO  server.RaftServerConfigKeys (ConfUtils.java:logGet(43)) - raft.server.log.segment.cache.num.max = 2 (custom)
2019-09-26 13:00:01,336 INFO  server.RaftServerConfigKeys (ConfUtils.java:logGet(43)) - raft.server.log.force.sync.num = 128 (default)
2019-09-26 13:00:01,336 INFO  server.RaftServerConfigKeys (ConfUtils.java:logGet(43)) - raft.server.log.segment.cache.num.max = 2 (custom)
2019-09-26 13:00:01,336 INFO  server.RaftServerConfigKeys (ConfUtils.java:logGet(43)) - raft.server.log.statemachine.data.sync = true (default)
2019-09-26 13:00:01,336 INFO  segmented.SegmentedRaftLogWorker (SegmentedRaftLogWorker.java:<init>(172)) - new 42e8478e-59b3-4480-9906-12dff8b32ca3-SegmentedRaftLogWorker:Storage Directory /workdir/hadoop-ozone/integration-test/target/test-dir/MiniOzoneClusterImpl-5562625b-1625-43ae-b8ef-ca09318140db/datanode-1/data/ratis/c2b23c15-1296-4c9a-8056-6a221178fdf0 for RaftStorage:Storage Directory /workdir/hadoop-ozone/integration-test/target/test-dir/MiniOzoneClusterImpl-5562625b-1625-43ae-b8ef-ca09318140db/datanode-1/data/ratis/c2b23c15-1296-4c9a-8056-6a221178fdf0
2019-09-26 13:00:01,337 INFO  server.RaftServerConfigKeys (ConfUtils.java:logGet(43)) - raft.server.log.statemachine.data.sync.timeout = 10s (default)
2019-09-26 13:00:01,336 INFO  segmented.SegmentedRaftLogWorker (SegmentedRaftLogWorker.java:<init>(172)) - new 951a7b2a-2ee0-470c-8467-0ef8f4612cc9-SegmentedRaftLogWorker:Storage Directory /workdir/hadoop-ozone/integration-test/target/test-dir/MiniOzoneClusterImpl-5562625b-1625-43ae-b8ef-ca09318140db/datanode-2/data/ratis/c2b23c15-1296-4c9a-8056-6a221178fdf0 for RaftStorage:Storage Directory /workdir/hadoop-ozone/integration-test/target/test-dir/MiniOzoneClusterImpl-5562625b-1625-43ae-b8ef-ca09318140db/datanode-2/data/ratis/c2b23c15-1296-4c9a-8056-6a221178fdf0
2019-09-26 13:00:01,337 INFO  server.RaftServerConfigKeys (ConfUtils.java:logGet(43)) - raft.server.log.statemachine.data.sync.timeout.retry = -1 (default)
2019-09-26 13:00:01,337 INFO  server.RaftServerConfigKeys (ConfUtils.java:logGet(43)) - raft.server.log.queue.byte-limit = 2147483647 (custom)
2019-09-26 13:00:01,337 INFO  server.RaftServerConfigKeys (ConfUtils.java:logGet(43)) - raft.server.log.statemachine.data.caching.enabled = true (custom)
2019-09-26 13:00:01,337 INFO  server.RaftServerConfigKeys (ConfUtils.java:logGet(43)) - raft.server.log.queue.element-limit = 1024 (custom)
2019-09-26 13:00:01,337 INFO  server.RaftServerConfigKeys (ConfUtils.java:logGet(43)) - raft.server.log.queue.byte-limit = 2147483647 (custom)
2019-09-26 13:00:01,338 INFO  segmented.SegmentedRaftLogWorker (SegmentedRaftLogWorker.java:lambda$new$0(132)) - 2378ee51-46ca-4d4e-9932-55ed414d7738-SegmentedRaftLogWorker:Storage Directory /workdir/hadoop-ozone/integration-test/target/test-dir/MiniOzoneClusterImpl-5562625b-1625-43ae-b8ef-ca09318140db/datanode-0/data/ratis/c2b23c15-1296-4c9a-8056-6a221178fdf0: flushIndex: setUnconditionally 0 -> -1
2019-09-26 13:00:01,338 INFO  server.RaftServerConfigKeys (ConfUtils.java:logGet(43)) - raft.server.log.segment.size.max = 1048576 (custom)
2019-09-26 13:00:01,338 INFO  server.RaftServerConfigKeys (ConfUtils.java:logGet(43)) - raft.server.log.preallocated.size = 16384 (custom)
2019-09-26 13:00:01,338 INFO  server.RaftServerConfigKeys (ConfUtils.java:logGet(43)) - raft.server.log.queue.element-limit = 1024 (custom)
2019-09-26 13:00:01,338 INFO  server.RaftServerConfigKeys (ConfUtils.java:logGet(43)) - raft.server.log.write.buffer.size = 33554432 (custom)
2019-09-26 13:00:01,338 INFO  server.RaftServerConfigKeys (ConfUtils.java:logGet(43)) - raft.server.snapshot.auto.trigger.enabled = true (custom)
2019-09-26 13:00:01,339 INFO  server.RaftServerConfigKeys (ConfUtils.java:logGet(43)) - raft.server.log.force.sync.num = 128 (default)
2019-09-26 13:00:01,339 INFO  server.RaftServerConfigKeys (ConfUtils.java:logGet(43)) - raft.server.log.statemachine.data.sync = true (default)
2019-09-26 13:00:01,339 INFO  server.RaftServerConfigKeys (ConfUtils.java:logGet(43)) - raft.server.log.segment.size.max = 1048576 (custom)
2019-09-26 13:00:01,339 INFO  server.RaftServerConfigKeys (ConfUtils.java:logGet(43)) - raft.server.log.statemachine.data.sync.timeout = 10s (default)
2019-09-26 13:00:01,339 INFO  server.RaftServerConfigKeys (ConfUtils.java:logGet(43)) - raft.server.snapshot.auto.trigger.threshold = 10000 (custom)
2019-09-26 13:00:01,340 INFO  server.RaftServerConfigKeys (ConfUtils.java:logGet(43)) - raft.server.log.statemachine.data.sync.timeout.retry = -1 (default)
2019-09-26 13:00:01,340 INFO  server.RaftServerConfigKeys (ConfUtils.java:logGet(43)) - raft.server.retrycache.expirytime = 600000ms (custom)
2019-09-26 13:00:01,340 INFO  server.RaftServerConfigKeys (ConfUtils.java:logGet(43)) - raft.server.log.preallocated.size = 16384 (custom)
2019-09-26 13:00:01,340 INFO  impl.RaftServerImpl (RaftServerImpl.java:start(180)) - 2378ee51-46ca-4d4e-9932-55ed414d7738: start group-6A221178FDF0
2019-09-26 13:00:01,340 INFO  server.RaftServerConfigKeys (ConfUtils.java:logGet(43)) - raft.server.log.statemachine.data.caching.enabled = true (custom)
2019-09-26 13:00:01,341 INFO  impl.RaftServerImpl (RaftServerImpl.java:setRole(171)) - 2378ee51-46ca-4d4e-9932-55ed414d7738:group-6A221178FDF0 changes role from null to FOLLOWER at term 0 for startAsFollower
2019-09-26 13:00:01,341 INFO  segmented.SegmentedRaftLogWorker (SegmentedRaftLogWorker.java:lambda$new$0(132)) - 42e8478e-59b3-4480-9906-12dff8b32ca3-SegmentedRaftLogWorker:Storage Directory /workdir/hadoop-ozone/integration-test/target/test-dir/MiniOzoneClusterImpl-5562625b-1625-43ae-b8ef-ca09318140db/datanode-1/data/ratis/c2b23c15-1296-4c9a-8056-6a221178fdf0: flushIndex: setUnconditionally 0 -> -1
2019-09-26 13:00:01,340 INFO  server.RaftServerConfigKeys (ConfUtils.java:logGet(43)) - raft.server.log.write.buffer.size = 33554432 (custom)
2019-09-26 13:00:01,341 INFO  server.RaftServerConfigKeys (ConfUtils.java:logGet(43)) - raft.server.snapshot.auto.trigger.enabled = true (custom)
2019-09-26 13:00:01,341 INFO  impl.RoleInfo (RoleInfo.java:updateAndGet(143)) - 2378ee51-46ca-4d4e-9932-55ed414d7738: start FollowerState
2019-09-26 13:00:01,341 INFO  server.RaftServerConfigKeys (ConfUtils.java:logGet(43)) - raft.server.snapshot.auto.trigger.threshold = 10000 (custom)
2019-09-26 13:00:01,341 INFO  server.RaftServerConfigKeys (ConfUtils.java:logGet(43)) - raft.server.log.force.sync.num = 128 (default)
2019-09-26 13:00:01,342 INFO  server.RaftServerConfigKeys (ConfUtils.java:logGet(43)) - raft.server.retrycache.expirytime = 600000ms (custom)
2019-09-26 13:00:01,342 INFO  util.JmxRegister (JmxRegister.java:tryRegister(44)) - Successfully registered JMX Bean with object name Ratis:service=RaftServer,group=group-6A221178FDF0,id=2378ee51-46ca-4d4e-9932-55ed414d7738
2019-09-26 13:00:01,342 INFO  server.RaftServerConfigKeys (ConfUtils.java:logGet(43)) - raft.server.log.statemachine.data.sync = true (default)
2019-09-26 13:00:01,342 INFO  impl.RaftServerImpl (RaftServerImpl.java:start(180)) - 42e8478e-59b3-4480-9906-12dff8b32ca3: start group-6A221178FDF0
2019-09-26 13:00:01,343 INFO  server.RaftServerConfigKeys (ConfUtils.java:logGet(43)) - raft.server.log.statemachine.data.sync.timeout = 10s (default)
2019-09-26 13:00:01,343 INFO  impl.RaftServerImpl (RaftServerImpl.java:setRole(171)) - 42e8478e-59b3-4480-9906-12dff8b32ca3:group-6A221178FDF0 changes role from null to FOLLOWER at term 0 for startAsFollower
2019-09-26 13:00:01,343 INFO  server.RaftServerConfigKeys (ConfUtils.java:logGet(43)) - raft.server.log.statemachine.data.sync.timeout.retry = -1 (default)
2019-09-26 13:00:01,343 INFO  impl.RoleInfo (RoleInfo.java:updateAndGet(143)) - 42e8478e-59b3-4480-9906-12dff8b32ca3: start FollowerState
2019-09-26 13:00:01,343 INFO  server.RaftServerConfigKeys (ConfUtils.java:logGet(43)) - raft.server.log.statemachine.data.caching.enabled = true (custom)
2019-09-26 13:00:01,345 INFO  util.JmxRegister (JmxRegister.java:tryRegister(44)) - Successfully registered JMX Bean with object name Ratis:service=RaftServer,group=group-6A221178FDF0,id=42e8478e-59b3-4480-9906-12dff8b32ca3
2019-09-26 13:00:01,345 INFO  segmented.SegmentedRaftLogWorker (SegmentedRaftLogWorker.java:lambda$new$0(132)) - 951a7b2a-2ee0-470c-8467-0ef8f4612cc9-SegmentedRaftLogWorker:Storage Directory /workdir/hadoop-ozone/integration-test/target/test-dir/MiniOzoneClusterImpl-5562625b-1625-43ae-b8ef-ca09318140db/datanode-2/data/ratis/c2b23c15-1296-4c9a-8056-6a221178fdf0: flushIndex: setUnconditionally 0 -> -1
2019-09-26 13:00:01,347 INFO  server.RaftServerConfigKeys (ConfUtils.java:logGet(43)) - raft.server.snapshot.auto.trigger.enabled = true (custom)
2019-09-26 13:00:01,348 INFO  server.RaftServerConfigKeys (ConfUtils.java:logGet(43)) - raft.server.snapshot.auto.trigger.threshold = 10000 (custom)
2019-09-26 13:00:01,348 INFO  server.RaftServerConfigKeys (ConfUtils.java:logGet(43)) - raft.server.retrycache.expirytime = 600000ms (custom)
2019-09-26 13:00:01,348 INFO  impl.RaftServerImpl (RaftServerImpl.java:start(180)) - 951a7b2a-2ee0-470c-8467-0ef8f4612cc9: start group-6A221178FDF0
2019-09-26 13:00:01,349 INFO  impl.RaftServerImpl (RaftServerImpl.java:setRole(171)) - 951a7b2a-2ee0-470c-8467-0ef8f4612cc9:group-6A221178FDF0 changes role from null to FOLLOWER at term 0 for startAsFollower
2019-09-26 13:00:01,350 INFO  impl.RoleInfo (RoleInfo.java:updateAndGet(143)) - 951a7b2a-2ee0-470c-8467-0ef8f4612cc9: start FollowerState
2019-09-26 13:00:01,352 INFO  util.JmxRegister (JmxRegister.java:tryRegister(44)) - Successfully registered JMX Bean with object name Ratis:service=RaftServer,group=group-6A221178FDF0,id=951a7b2a-2ee0-470c-8467-0ef8f4612cc9
2019-09-26 13:00:01,358 INFO  pipeline.PipelineStateManager (PipelineStateManager.java:addPipeline(56)) - Created pipeline Pipeline[ Id: c2b23c15-1296-4c9a-8056-6a221178fdf0, Nodes: 2378ee51-46ca-4d4e-9932-55ed414d7738{ip: 192.168.151.70, host: byscane-acceptance-20190926-d9prj-792920712, networkLocation: /default-rack, certSerialId: null}951a7b2a-2ee0-470c-8467-0ef8f4612cc9{ip: 192.168.151.70, host: byscane-acceptance-20190926-d9prj-792920712, networkLocation: /default-rack, certSerialId: null}42e8478e-59b3-4480-9906-12dff8b32ca3{ip: 192.168.151.70, host: byscane-acceptance-20190926-d9prj-792920712, networkLocation: /default-rack, certSerialId: null}, Type:RATIS, Factor:THREE, State:OPEN]
2019-09-26 13:00:02,192 INFO  ozone.MiniOzoneClusterImpl (MiniOzoneClusterImpl.java:lambda$waitForClusterToBeReady$0(142)) - Cluster is ready. Got 3 of 3 DN Heartbeats.
2019-09-26 13:00:02,193 INFO  datanode.ObjectStoreHandler (ObjectStoreHandler.java:close(155)) - Closing ObjectStoreHandler.
2019-09-26 13:00:02,194 INFO  ozone.HddsDatanodeService (HddsDatanodeService.java:stop(451)) - Stopped plug-in org.apache.hadoop.ozone.web.OzoneHddsDatanodeService@5243576a
2019-09-26 13:00:02,699 INFO  statemachine.DatanodeStateMachine (DatanodeStateMachine.java:lambda$startDaemon$0(350)) - Ozone container server started.
2019-09-26 13:00:02,949 | INFO  | SCMAudit | user=jenkins1000 | ip=192.168.151.70 | op=SEND_HEARTBEAT {datanodeUUID=42e8478e-59b3-4480-9906-12dff8b32ca3, command=[]} | ret=SUCCESS |  
2019-09-26 13:00:03,193 | INFO  | SCMAudit | user=jenkins1000 | ip=192.168.151.70 | op=SEND_HEARTBEAT {datanodeUUID=951a7b2a-2ee0-470c-8467-0ef8f4612cc9, command=[]} | ret=SUCCESS |  
2019-09-26 13:00:03,711 INFO  container.ReplicationManager (ReplicationManager.java:start(152)) - Starting Replication Monitor Thread.
2019-09-26 13:00:03,714 INFO  container.ReplicationManager (ReplicationManager.java:run(215)) - Replication Monitor Thread took 0 milliseconds for processing 0 containers.
2019-09-26 13:00:03,949 | INFO  | SCMAudit | user=jenkins1000 | ip=192.168.151.70 | op=SEND_HEARTBEAT {datanodeUUID=42e8478e-59b3-4480-9906-12dff8b32ca3, command=[]} | ret=SUCCESS |  
2019-09-26 13:00:04,193 | INFO  | SCMAudit | user=jenkins1000 | ip=192.168.151.70 | op=SEND_HEARTBEAT {datanodeUUID=951a7b2a-2ee0-470c-8467-0ef8f4612cc9, command=[]} | ret=SUCCESS |  
2019-09-26 13:00:04,949 | INFO  | SCMAudit | user=jenkins1000 | ip=192.168.151.70 | op=SEND_HEARTBEAT {datanodeUUID=42e8478e-59b3-4480-9906-12dff8b32ca3, command=[]} | ret=SUCCESS |  
2019-09-26 13:00:05,194 | INFO  | SCMAudit | user=jenkins1000 | ip=192.168.151.70 | op=SEND_HEARTBEAT {datanodeUUID=951a7b2a-2ee0-470c-8467-0ef8f4612cc9, command=[]} | ret=SUCCESS |  
2019-09-26 13:00:05,782 INFO  impl.FollowerState (FollowerState.java:run(106)) - 2378ee51-46ca-4d4e-9932-55ed414d7738:group-9AB47179292F changes to CANDIDATE, lastRpcTime:5009, electionTimeout:5009ms
2019-09-26 13:00:05,783 INFO  impl.RoleInfo (RoleInfo.java:shutdownFollowerState(121)) - 2378ee51-46ca-4d4e-9932-55ed414d7738: shutdown FollowerState
2019-09-26 13:00:05,783 INFO  impl.RaftServerImpl (RaftServerImpl.java:setRole(171)) - 2378ee51-46ca-4d4e-9932-55ed414d7738:group-9AB47179292F changes role from FOLLOWER to CANDIDATE at term 0 for changeToCandidate
2019-09-26 13:00:05,783 INFO  impl.RoleInfo (RoleInfo.java:updateAndGet(143)) - 2378ee51-46ca-4d4e-9932-55ed414d7738: start LeaderElection
2019-09-26 13:00:05,801 INFO  impl.LeaderElection (LeaderElection.java:askForVotes(181)) - 2378ee51-46ca-4d4e-9932-55ed414d7738:group-9AB47179292F:LeaderElection13: begin an election at term 1 for -1: [2378ee51-46ca-4d4e-9932-55ed414d7738:192.168.151.70:38753], old=null
2019-09-26 13:00:05,801 INFO  impl.RoleInfo (RoleInfo.java:shutdownLeaderElection(134)) - 2378ee51-46ca-4d4e-9932-55ed414d7738: shutdown LeaderElection
2019-09-26 13:00:05,802 INFO  impl.RaftServerImpl (RaftServerImpl.java:setRole(171)) - 2378ee51-46ca-4d4e-9932-55ed414d7738:group-9AB47179292F changes role from CANDIDATE to LEADER at term 1 for changeToLeader
2019-09-26 13:00:05,802 INFO  impl.RaftServerImpl (ServerState.java:setLeader(263)) - 2378ee51-46ca-4d4e-9932-55ed414d7738:group-9AB47179292F change Leader from null to 2378ee51-46ca-4d4e-9932-55ed414d7738 at term 1 for becomeLeader, leader elected after 5034ms
2019-09-26 13:00:05,802 INFO  server.RaftServerConfigKeys (ConfUtils.java:logGet(43)) - raft.server.staging.catchup.gap = 1000 (default)
2019-09-26 13:00:05,802 INFO  server.RaftServerConfigKeys (ConfUtils.java:logGet(43)) - raft.server.rpc.sleep.time = 25ms (default)
2019-09-26 13:00:05,803 INFO  server.RaftServerConfigKeys (ConfUtils.java:logGet(43)) - raft.server.write.element-limit = 4096 (default)
2019-09-26 13:00:05,803 INFO  server.RaftServerConfigKeys (ConfUtils.java:logGet(43)) - raft.server.watch.timeout = 10s (default)
2019-09-26 13:00:05,803 INFO  server.RaftServerConfigKeys (ConfUtils.java:logGet(43)) - raft.server.watch.timeout.denomination = 1s (default)
2019-09-26 13:00:05,803 INFO  server.RaftServerConfigKeys (ConfUtils.java:logGet(43)) - raft.server.watch.element-limit = 65536 (default)
2019-09-26 13:00:05,804 INFO  impl.RoleInfo (RoleInfo.java:updateAndGet(143)) - 2378ee51-46ca-4d4e-9932-55ed414d7738: start LeaderState
2019-09-26 13:00:05,804 INFO  segmented.SegmentedRaftLogWorker (SegmentedRaftLogWorker.java:startLogSegment(380)) - 2378ee51-46ca-4d4e-9932-55ed414d7738-SegmentedRaftLogWorker:Storage Directory /workdir/hadoop-ozone/integration-test/target/test-dir/MiniOzoneClusterImpl-5562625b-1625-43ae-b8ef-ca09318140db/datanode-0/data/ratis/a527df18-21cd-4421-b064-9ab47179292f: Starting segment from index:0
2019-09-26 13:00:05,805 INFO  impl.RaftServerImpl (ServerState.java:setRaftConf(361)) - 2378ee51-46ca-4d4e-9932-55ed414d7738:group-9AB47179292F set configuration 0: [2378ee51-46ca-4d4e-9932-55ed414d7738:192.168.151.70:38753], old=null at 0
2019-09-26 13:00:05,861 INFO  segmented.SegmentedRaftLogWorker (SegmentedRaftLogWorker.java:execute(569)) - 2378ee51-46ca-4d4e-9932-55ed414d7738-SegmentedRaftLogWorker:Storage Directory /workdir/hadoop-ozone/integration-test/target/test-dir/MiniOzoneClusterImpl-5562625b-1625-43ae-b8ef-ca09318140db/datanode-0/data/ratis/a527df18-21cd-4421-b064-9ab47179292f: created new log segment /workdir/hadoop-ozone/integration-test/target/test-dir/MiniOzoneClusterImpl-5562625b-1625-43ae-b8ef-ca09318140db/datanode-0/data/ratis/a527df18-21cd-4421-b064-9ab47179292f/current/log_inprogress_0
2019-09-26 13:00:05,949 | INFO  | SCMAudit | user=jenkins1000 | ip=192.168.151.70 | op=SEND_HEARTBEAT {datanodeUUID=42e8478e-59b3-4480-9906-12dff8b32ca3, command=[]} | ret=SUCCESS |  
2019-09-26 13:00:06,084 INFO  impl.FollowerState (FollowerState.java:run(106)) - 42e8478e-59b3-4480-9906-12dff8b32ca3:group-60CB043F43E6 changes to CANDIDATE, lastRpcTime:5068, electionTimeout:5063ms
2019-09-26 13:00:06,084 INFO  impl.RoleInfo (RoleInfo.java:shutdownFollowerState(121)) - 42e8478e-59b3-4480-9906-12dff8b32ca3: shutdown FollowerState
2019-09-26 13:00:06,084 INFO  impl.RaftServerImpl (RaftServerImpl.java:setRole(171)) - 42e8478e-59b3-4480-9906-12dff8b32ca3:group-60CB043F43E6 changes role from FOLLOWER to CANDIDATE at term 0 for changeToCandidate
2019-09-26 13:00:06,085 INFO  impl.RoleInfo (RoleInfo.java:updateAndGet(143)) - 42e8478e-59b3-4480-9906-12dff8b32ca3: start LeaderElection
2019-09-26 13:00:06,127 INFO  impl.LeaderElection (LeaderElection.java:askForVotes(181)) - 42e8478e-59b3-4480-9906-12dff8b32ca3:group-60CB043F43E6:LeaderElection14: begin an election at term 1 for -1: [42e8478e-59b3-4480-9906-12dff8b32ca3:192.168.151.70:38858], old=null
2019-09-26 13:00:06,127 INFO  impl.RoleInfo (RoleInfo.java:shutdownLeaderElection(134)) - 42e8478e-59b3-4480-9906-12dff8b32ca3: shutdown LeaderElection
2019-09-26 13:00:06,127 INFO  impl.RaftServerImpl (RaftServerImpl.java:setRole(171)) - 42e8478e-59b3-4480-9906-12dff8b32ca3:group-60CB043F43E6 changes role from CANDIDATE to LEADER at term 1 for changeToLeader
2019-09-26 13:00:06,128 INFO  impl.RaftServerImpl (ServerState.java:setLeader(263)) - 42e8478e-59b3-4480-9906-12dff8b32ca3:group-60CB043F43E6 change Leader from null to 42e8478e-59b3-4480-9906-12dff8b32ca3 at term 1 for becomeLeader, leader elected after 5117ms
2019-09-26 13:00:06,128 INFO  server.RaftServerConfigKeys (ConfUtils.java:logGet(43)) - raft.server.staging.catchup.gap = 1000 (default)
2019-09-26 13:00:06,128 INFO  server.RaftServerConfigKeys (ConfUtils.java:logGet(43)) - raft.server.rpc.sleep.time = 25ms (default)
2019-09-26 13:00:06,128 INFO  server.RaftServerConfigKeys (ConfUtils.java:logGet(43)) - raft.server.write.element-limit = 4096 (default)
2019-09-26 13:00:06,129 INFO  server.RaftServerConfigKeys (ConfUtils.java:logGet(43)) - raft.server.watch.timeout = 10s (default)
2019-09-26 13:00:06,129 INFO  server.RaftServerConfigKeys (ConfUtils.java:logGet(43)) - raft.server.watch.timeout.denomination = 1s (default)
2019-09-26 13:00:06,129 INFO  server.RaftServerConfigKeys (ConfUtils.java:logGet(43)) - raft.server.watch.element-limit = 65536 (default)
2019-09-26 13:00:06,129 INFO  impl.RoleInfo (RoleInfo.java:updateAndGet(143)) - 42e8478e-59b3-4480-9906-12dff8b32ca3: start LeaderState
2019-09-26 13:00:06,130 INFO  segmented.SegmentedRaftLogWorker (SegmentedRaftLogWorker.java:startLogSegment(380)) - 42e8478e-59b3-4480-9906-12dff8b32ca3-SegmentedRaftLogWorker:Storage Directory /workdir/hadoop-ozone/integration-test/target/test-dir/MiniOzoneClusterImpl-5562625b-1625-43ae-b8ef-ca09318140db/datanode-1/data/ratis/6737c98c-3d21-430d-938e-60cb043f43e6: Starting segment from index:0
2019-09-26 13:00:06,131 INFO  impl.RaftServerImpl (ServerState.java:setRaftConf(361)) - 42e8478e-59b3-4480-9906-12dff8b32ca3:group-60CB043F43E6 set configuration 0: [42e8478e-59b3-4480-9906-12dff8b32ca3:192.168.151.70:38858], old=null at 0
2019-09-26 13:00:06,194 | INFO  | SCMAudit | user=jenkins1000 | ip=192.168.151.70 | op=SEND_HEARTBEAT {datanodeUUID=951a7b2a-2ee0-470c-8467-0ef8f4612cc9, command=[]} | ret=SUCCESS |  
2019-09-26 13:00:06,197 INFO  segmented.SegmentedRaftLogWorker (SegmentedRaftLogWorker.java:execute(569)) - 42e8478e-59b3-4480-9906-12dff8b32ca3-SegmentedRaftLogWorker:Storage Directory /workdir/hadoop-ozone/integration-test/target/test-dir/MiniOzoneClusterImpl-5562625b-1625-43ae-b8ef-ca09318140db/datanode-1/data/ratis/6737c98c-3d21-430d-938e-60cb043f43e6: created new log segment /workdir/hadoop-ozone/integration-test/target/test-dir/MiniOzoneClusterImpl-5562625b-1625-43ae-b8ef-ca09318140db/datanode-1/data/ratis/6737c98c-3d21-430d-938e-60cb043f43e6/current/log_inprogress_0
2019-09-26 13:00:06,337 INFO  impl.FollowerState (FollowerState.java:run(106)) - 951a7b2a-2ee0-470c-8467-0ef8f4612cc9:group-79B48B78D141 changes to CANDIDATE, lastRpcTime:5072, electionTimeout:5072ms
2019-09-26 13:00:06,337 INFO  impl.RoleInfo (RoleInfo.java:shutdownFollowerState(121)) - 951a7b2a-2ee0-470c-8467-0ef8f4612cc9: shutdown FollowerState
2019-09-26 13:00:06,337 INFO  impl.RaftServerImpl (RaftServerImpl.java:setRole(171)) - 951a7b2a-2ee0-470c-8467-0ef8f4612cc9:group-79B48B78D141 changes role from FOLLOWER to CANDIDATE at term 0 for changeToCandidate
2019-09-26 13:00:06,338 INFO  impl.RoleInfo (RoleInfo.java:updateAndGet(143)) - 951a7b2a-2ee0-470c-8467-0ef8f4612cc9: start LeaderElection
2019-09-26 13:00:06,355 INFO  impl.LeaderElection (LeaderElection.java:askForVotes(181)) - 951a7b2a-2ee0-470c-8467-0ef8f4612cc9:group-79B48B78D141:LeaderElection15: begin an election at term 1 for -1: [951a7b2a-2ee0-470c-8467-0ef8f4612cc9:192.168.151.70:40524], old=null
2019-09-26 13:00:06,355 INFO  impl.RoleInfo (RoleInfo.java:shutdownLeaderElection(134)) - 951a7b2a-2ee0-470c-8467-0ef8f4612cc9: shutdown LeaderElection
2019-09-26 13:00:06,355 INFO  impl.RaftServerImpl (RaftServerImpl.java:setRole(171)) - 951a7b2a-2ee0-470c-8467-0ef8f4612cc9:group-79B48B78D141 changes role from CANDIDATE to LEADER at term 1 for changeToLeader
2019-09-26 13:00:06,355 INFO  impl.RaftServerImpl (ServerState.java:setLeader(263)) - 951a7b2a-2ee0-470c-8467-0ef8f4612cc9:group-79B48B78D141 change Leader from null to 951a7b2a-2ee0-470c-8467-0ef8f4612cc9 at term 1 for becomeLeader, leader elected after 5095ms
2019-09-26 13:00:06,356 INFO  server.RaftServerConfigKeys (ConfUtils.java:logGet(43)) - raft.server.staging.catchup.gap = 1000 (default)
2019-09-26 13:00:06,356 INFO  server.RaftServerConfigKeys (ConfUtils.java:logGet(43)) - raft.server.rpc.sleep.time = 25ms (default)
2019-09-26 13:00:06,356 INFO  server.RaftServerConfigKeys (ConfUtils.java:logGet(43)) - raft.server.write.element-limit = 4096 (default)
2019-09-26 13:00:06,356 INFO  server.RaftServerConfigKeys (ConfUtils.java:logGet(43)) - raft.server.watch.timeout = 10s (default)
2019-09-26 13:00:06,357 INFO  server.RaftServerConfigKeys (ConfUtils.java:logGet(43)) - raft.server.watch.timeout.denomination = 1s (default)
2019-09-26 13:00:06,357 INFO  server.RaftServerConfigKeys (ConfUtils.java:logGet(43)) - raft.server.watch.element-limit = 65536 (default)
2019-09-26 13:00:06,358 INFO  impl.RoleInfo (RoleInfo.java:updateAndGet(143)) - 951a7b2a-2ee0-470c-8467-0ef8f4612cc9: start LeaderState
2019-09-26 13:00:06,358 INFO  segmented.SegmentedRaftLogWorker (SegmentedRaftLogWorker.java:startLogSegment(380)) - 951a7b2a-2ee0-470c-8467-0ef8f4612cc9-SegmentedRaftLogWorker:Storage Directory /workdir/hadoop-ozone/integration-test/target/test-dir/MiniOzoneClusterImpl-5562625b-1625-43ae-b8ef-ca09318140db/datanode-2/data/ratis/b9944c0f-1fe7-4175-8cb5-79b48b78d141: Starting segment from index:0
2019-09-26 13:00:06,359 INFO  impl.RaftServerImpl (ServerState.java:setRaftConf(361)) - 951a7b2a-2ee0-470c-8467-0ef8f4612cc9:group-79B48B78D141 set configuration 0: [951a7b2a-2ee0-470c-8467-0ef8f4612cc9:192.168.151.70:40524], old=null at 0
2019-09-26 13:00:06,402 INFO  impl.FollowerState (FollowerState.java:run(106)) - 42e8478e-59b3-4480-9906-12dff8b32ca3:group-6A221178FDF0 changes to CANDIDATE, lastRpcTime:5058, electionTimeout:5019ms
2019-09-26 13:00:06,402 INFO  impl.RoleInfo (RoleInfo.java:shutdownFollowerState(121)) - 42e8478e-59b3-4480-9906-12dff8b32ca3: shutdown FollowerState
2019-09-26 13:00:06,402 INFO  impl.RaftServerImpl (RaftServerImpl.java:setRole(171)) - 42e8478e-59b3-4480-9906-12dff8b32ca3:group-6A221178FDF0 changes role from FOLLOWER to CANDIDATE at term 0 for changeToCandidate
2019-09-26 13:00:06,403 INFO  impl.RoleInfo (RoleInfo.java:updateAndGet(143)) - 42e8478e-59b3-4480-9906-12dff8b32ca3: start LeaderElection
2019-09-26 13:00:06,423 INFO  impl.FollowerState (FollowerState.java:run(106)) - 2378ee51-46ca-4d4e-9932-55ed414d7738:group-6A221178FDF0 changes to CANDIDATE, lastRpcTime:5082, electionTimeout:5081ms
2019-09-26 13:00:06,423 INFO  impl.RoleInfo (RoleInfo.java:shutdownFollowerState(121)) - 2378ee51-46ca-4d4e-9932-55ed414d7738: shutdown FollowerState
2019-09-26 13:00:06,423 INFO  impl.RaftServerImpl (RaftServerImpl.java:setRole(171)) - 2378ee51-46ca-4d4e-9932-55ed414d7738:group-6A221178FDF0 changes role from FOLLOWER to CANDIDATE at term 0 for changeToCandidate
2019-09-26 13:00:06,424 INFO  impl.RoleInfo (RoleInfo.java:updateAndGet(143)) - 2378ee51-46ca-4d4e-9932-55ed414d7738: start LeaderElection
2019-09-26 13:00:06,427 INFO  segmented.SegmentedRaftLogWorker (SegmentedRaftLogWorker.java:execute(569)) - 951a7b2a-2ee0-470c-8467-0ef8f4612cc9-SegmentedRaftLogWorker:Storage Directory /workdir/hadoop-ozone/integration-test/target/test-dir/MiniOzoneClusterImpl-5562625b-1625-43ae-b8ef-ca09318140db/datanode-2/data/ratis/b9944c0f-1fe7-4175-8cb5-79b48b78d141: created new log segment /workdir/hadoop-ozone/integration-test/target/test-dir/MiniOzoneClusterImpl-5562625b-1625-43ae-b8ef-ca09318140db/datanode-2/data/ratis/b9944c0f-1fe7-4175-8cb5-79b48b78d141/current/log_inprogress_0
2019-09-26 13:00:06,427 INFO  impl.LeaderElection (LeaderElection.java:askForVotes(181)) - 42e8478e-59b3-4480-9906-12dff8b32ca3:group-6A221178FDF0:LeaderElection16: begin an election at term 1 for -1: [951a7b2a-2ee0-470c-8467-0ef8f4612cc9:192.168.151.70:40524, 42e8478e-59b3-4480-9906-12dff8b32ca3:192.168.151.70:38858, 2378ee51-46ca-4d4e-9932-55ed414d7738:192.168.151.70:38753], old=null
2019-09-26 13:00:06,438 INFO  impl.RaftServerImpl (RaftServerImpl.java:setRole(171)) - 951a7b2a-2ee0-470c-8467-0ef8f4612cc9:group-6A221178FDF0 changes role from FOLLOWER to FOLLOWER at term 1 for recognizeCandidate:42e8478e-59b3-4480-9906-12dff8b32ca3
2019-09-26 13:00:06,438 INFO  impl.RoleInfo (RoleInfo.java:shutdownFollowerState(121)) - 951a7b2a-2ee0-470c-8467-0ef8f4612cc9: shutdown FollowerState
2019-09-26 13:00:06,438 INFO  impl.RoleInfo (RoleInfo.java:updateAndGet(143)) - 951a7b2a-2ee0-470c-8467-0ef8f4612cc9: start FollowerState
2019-09-26 13:00:06,438 INFO  impl.FollowerState (FollowerState.java:run(114)) - 951a7b2a-2ee0-470c-8467-0ef8f4612cc9: FollowerState was interrupted: java.lang.InterruptedException: sleep interrupted
2019-09-26 13:00:06,441 INFO  impl.LeaderElection (LeaderElection.java:askForVotes(181)) - 2378ee51-46ca-4d4e-9932-55ed414d7738:group-6A221178FDF0:LeaderElection17: begin an election at term 1 for -1: [951a7b2a-2ee0-470c-8467-0ef8f4612cc9:192.168.151.70:40524, 42e8478e-59b3-4480-9906-12dff8b32ca3:192.168.151.70:38858, 2378ee51-46ca-4d4e-9932-55ed414d7738:192.168.151.70:38753], old=null
2019-09-26 13:00:06,462 INFO  impl.LeaderElection (LeaderElection.java:logAndReturn(56)) - 42e8478e-59b3-4480-9906-12dff8b32ca3:group-6A221178FDF0:LeaderElection16: Election PASSED; received 2 response(s) [42e8478e-59b3-4480-9906-12dff8b32ca3<-951a7b2a-2ee0-470c-8467-0ef8f4612cc9#0:OK-t1, 42e8478e-59b3-4480-9906-12dff8b32ca3<-2378ee51-46ca-4d4e-9932-55ed414d7738#0:FAIL-t1] and 0 exception(s); 42e8478e-59b3-4480-9906-12dff8b32ca3:t1, leader=null, voted=42e8478e-59b3-4480-9906-12dff8b32ca3, raftlog=42e8478e-59b3-4480-9906-12dff8b32ca3-SegmentedRaftLog:OPENED:c-1,f-1,i0, conf=-1: [951a7b2a-2ee0-470c-8467-0ef8f4612cc9:192.168.151.70:40524, 42e8478e-59b3-4480-9906-12dff8b32ca3:192.168.151.70:38858, 2378ee51-46ca-4d4e-9932-55ed414d7738:192.168.151.70:38753], old=null
2019-09-26 13:00:06,462 INFO  impl.RoleInfo (RoleInfo.java:shutdownLeaderElection(134)) - 42e8478e-59b3-4480-9906-12dff8b32ca3: shutdown LeaderElection
2019-09-26 13:00:06,462 INFO  impl.LeaderElection (LeaderElection.java:logAndReturn(56)) - 2378ee51-46ca-4d4e-9932-55ed414d7738:group-6A221178FDF0:LeaderElection17: Election REJECTED; received 2 response(s) [2378ee51-46ca-4d4e-9932-55ed414d7738<-951a7b2a-2ee0-470c-8467-0ef8f4612cc9#0:FAIL-t1, 2378ee51-46ca-4d4e-9932-55ed414d7738<-42e8478e-59b3-4480-9906-12dff8b32ca3#0:FAIL-t1] and 0 exception(s); 2378ee51-46ca-4d4e-9932-55ed414d7738:t1, leader=null, voted=2378ee51-46ca-4d4e-9932-55ed414d7738, raftlog=2378ee51-46ca-4d4e-9932-55ed414d7738-SegmentedRaftLog:OPENED:c-1,f-1,i0, conf=-1: [951a7b2a-2ee0-470c-8467-0ef8f4612cc9:192.168.151.70:40524, 42e8478e-59b3-4480-9906-12dff8b32ca3:192.168.151.70:38858, 2378ee51-46ca-4d4e-9932-55ed414d7738:192.168.151.70:38753], old=null
2019-09-26 13:00:06,464 INFO  impl.RaftServerImpl (RaftServerImpl.java:setRole(171)) - 42e8478e-59b3-4480-9906-12dff8b32ca3:group-6A221178FDF0 changes role from CANDIDATE to LEADER at term 1 for changeToLeader
2019-09-26 13:00:06,470 INFO  impl.RaftServerImpl (ServerState.java:setLeader(263)) - 42e8478e-59b3-4480-9906-12dff8b32ca3:group-6A221178FDF0 change Leader from null to 42e8478e-59b3-4480-9906-12dff8b32ca3 at term 1 for becomeLeader, leader elected after 5138ms
2019-09-26 13:00:06,464 INFO  impl.RaftServerImpl (RaftServerImpl.java:setRole(171)) - 2378ee51-46ca-4d4e-9932-55ed414d7738:group-6A221178FDF0 changes role from CANDIDATE to FOLLOWER at term 1 for DISCOVERED_A_NEW_TERM
2019-09-26 13:00:06,470 INFO  server.RaftServerConfigKeys (ConfUtils.java:logGet(43)) - raft.server.staging.catchup.gap = 1000 (default)
2019-09-26 13:00:06,470 INFO  impl.RoleInfo (RoleInfo.java:shutdownLeaderElection(134)) - 2378ee51-46ca-4d4e-9932-55ed414d7738: shutdown LeaderElection
2019-09-26 13:00:06,470 INFO  server.RaftServerConfigKeys (ConfUtils.java:logGet(43)) - raft.server.rpc.sleep.time = 25ms (default)
2019-09-26 13:00:06,471 INFO  impl.RoleInfo (RoleInfo.java:updateAndGet(143)) - 2378ee51-46ca-4d4e-9932-55ed414d7738: start FollowerState
2019-09-26 13:00:06,470 INFO  node.StaleNodeHandler (StaleNodeHandler.java:onMessage(58)) - Datanode 2378ee51-46ca-4d4e-9932-55ed414d7738{ip: 192.168.151.70, host: byscane-acceptance-20190926-d9prj-792920712, networkLocation: /default-rack, certSerialId: null} moved to stale state. Finalizing its pipelines [PipelineID=a527df18-21cd-4421-b064-9ab47179292f, PipelineID=c2b23c15-1296-4c9a-8056-6a221178fdf0]
2019-09-26 13:00:06,471 INFO  server.RaftServerConfigKeys (ConfUtils.java:logGet(43)) - raft.server.write.element-limit = 4096 (default)
2019-09-26 13:00:06,471 INFO  pipeline.SCMPipelineManager (SCMPipelineManager.java:finalizeAndDestroyPipeline(309)) - destroying pipeline:Pipeline[ Id: a527df18-21cd-4421-b064-9ab47179292f, Nodes: 2378ee51-46ca-4d4e-9932-55ed414d7738{ip: 192.168.151.70, host: byscane-acceptance-20190926-d9prj-792920712, networkLocation: /default-rack, certSerialId: null}, Type:RATIS, Factor:ONE, State:OPEN]
2019-09-26 13:00:06,471 INFO  server.RaftServerConfigKeys (ConfUtils.java:logGet(43)) - raft.server.watch.timeout = 10s (default)
2019-09-26 13:00:06,471 INFO  pipeline.PipelineStateManager (PipelineStateManager.java:finalizePipeline(123)) - Pipeline Pipeline[ Id: a527df18-21cd-4421-b064-9ab47179292f, Nodes: 2378ee51-46ca-4d4e-9932-55ed414d7738{ip: 192.168.151.70, host: byscane-acceptance-20190926-d9prj-792920712, networkLocation: /default-rack, certSerialId: null}, Type:RATIS, Factor:ONE, State:CLOSED] moved to CLOSED state
2019-09-26 13:00:06,471 INFO  server.RaftServerConfigKeys (ConfUtils.java:logGet(43)) - raft.server.watch.timeout.denomination = 1s (default)
2019-09-26 13:00:06,472 INFO  server.RaftServerConfigKeys (ConfUtils.java:logGet(43)) - raft.server.watch.element-limit = 65536 (default)
2019-09-26 13:00:06,472 INFO  server.RaftServerConfigKeys (ConfUtils.java:logGet(43)) - raft.server.log.appender.snapshot.chunk.size.max = 16MB (=16777216) (default)
2019-09-26 13:00:06,472 INFO  server.RaftServerConfigKeys (ConfUtils.java:logGet(43)) - raft.server.log.appender.buffer.byte-limit = 33554432 (custom)
2019-09-26 13:00:06,473 INFO  server.RaftServerConfigKeys (ConfUtils.java:logGet(43)) - raft.server.log.appender.buffer.element-limit = 1 (custom)
2019-09-26 13:00:06,473 INFO  grpc.GrpcConfigKeys$Server (ConfUtils.java:logGet(43)) - raft.grpc.server.leader.outstanding.appends.max = 128 (default)
2019-09-26 13:00:06,473 INFO  server.RaftServerConfigKeys (ConfUtils.java:logGet(43)) - raft.server.rpc.request.timeout = 3000ms (default)
2019-09-26 13:00:06,473 INFO  pipeline.SCMPipelineManager (SCMPipelineManager.java:finalizeAndDestroyPipeline(309)) - destroying pipeline:Pipeline[ Id: c2b23c15-1296-4c9a-8056-6a221178fdf0, Nodes: 2378ee51-46ca-4d4e-9932-55ed414d7738{ip: 192.168.151.70, host: byscane-acceptance-20190926-d9prj-792920712, networkLocation: /default-rack, certSerialId: null}951a7b2a-2ee0-470c-8467-0ef8f4612cc9{ip: 192.168.151.70, host: byscane-acceptance-20190926-d9prj-792920712, networkLocation: /default-rack, certSerialId: null}42e8478e-59b3-4480-9906-12dff8b32ca3{ip: 192.168.151.70, host: byscane-acceptance-20190926-d9prj-792920712, networkLocation: /default-rack, certSerialId: null}, Type:RATIS, Factor:THREE, State:OPEN]
2019-09-26 13:00:06,473 INFO  server.RaftServerConfigKeys (ConfUtils.java:logGet(43)) - raft.server.log.appender.install.snapshot.enabled = false (custom)
2019-09-26 13:00:06,474 INFO  pipeline.PipelineStateManager (PipelineStateManager.java:finalizePipeline(123)) - Pipeline Pipeline[ Id: c2b23c15-1296-4c9a-8056-6a221178fdf0, Nodes: 2378ee51-46ca-4d4e-9932-55ed414d7738{ip: 192.168.151.70, host: byscane-acceptance-20190926-d9prj-792920712, networkLocation: /default-rack, certSerialId: null}951a7b2a-2ee0-470c-8467-0ef8f4612cc9{ip: 192.168.151.70, host: byscane-acceptance-20190926-d9prj-792920712, networkLocation: /default-rack, certSerialId: null}42e8478e-59b3-4480-9906-12dff8b32ca3{ip: 192.168.151.70, host: byscane-acceptance-20190926-d9prj-792920712, networkLocation: /default-rack, certSerialId: null}, Type:RATIS, Factor:THREE, State:CLOSED] moved to CLOSED state
2019-09-26 13:00:06,474 INFO  server.RaftServerConfigKeys (ConfUtils.java:logGet(43)) - raft.server.log.appender.snapshot.chunk.size.max = 16MB (=16777216) (default)
2019-09-26 13:00:06,474 INFO  server.RaftServerConfigKeys (ConfUtils.java:logGet(43)) - raft.server.log.appender.buffer.byte-limit = 33554432 (custom)
2019-09-26 13:00:06,474 INFO  server.RaftServerConfigKeys (ConfUtils.java:logGet(43)) - raft.server.log.appender.buffer.element-limit = 1 (custom)
2019-09-26 13:00:06,475 INFO  grpc.GrpcConfigKeys$Server (ConfUtils.java:logGet(43)) - raft.grpc.server.leader.outstanding.appends.max = 128 (default)
2019-09-26 13:00:06,475 INFO  server.RaftServerConfigKeys (ConfUtils.java:logGet(43)) - raft.server.rpc.request.timeout = 3000ms (default)
2019-09-26 13:00:06,475 INFO  server.RaftServerConfigKeys (ConfUtils.java:logGet(43)) - raft.server.log.appender.install.snapshot.enabled = false (custom)
2019-09-26 13:00:06,475 INFO  impl.RoleInfo (RoleInfo.java:updateAndGet(143)) - 42e8478e-59b3-4480-9906-12dff8b32ca3: start LeaderState
2019-09-26 13:00:06,476 INFO  segmented.SegmentedRaftLogWorker (SegmentedRaftLogWorker.java:startLogSegment(380)) - 42e8478e-59b3-4480-9906-12dff8b32ca3-SegmentedRaftLogWorker:Storage Directory /workdir/hadoop-ozone/integration-test/target/test-dir/MiniOzoneClusterImpl-5562625b-1625-43ae-b8ef-ca09318140db/datanode-1/data/ratis/c2b23c15-1296-4c9a-8056-6a221178fdf0: Starting segment from index:0
2019-09-26 13:00:06,476 INFO  impl.RaftServerImpl (ServerState.java:setRaftConf(361)) - 42e8478e-59b3-4480-9906-12dff8b32ca3:group-6A221178FDF0 set configuration 0: [951a7b2a-2ee0-470c-8467-0ef8f4612cc9:192.168.151.70:40524, 42e8478e-59b3-4480-9906-12dff8b32ca3:192.168.151.70:38858, 2378ee51-46ca-4d4e-9932-55ed414d7738:192.168.151.70:38753], old=null at 0
2019-09-26 13:00:06,479 INFO  impl.RaftServerImpl (ServerState.java:setLeader(263)) - 951a7b2a-2ee0-470c-8467-0ef8f4612cc9:group-6A221178FDF0 change Leader from null to 42e8478e-59b3-4480-9906-12dff8b32ca3 at term 1 for appendEntries, leader elected after 5147ms
2019-09-26 13:00:06,479 INFO  impl.RaftServerImpl (ServerState.java:setLeader(263)) - 2378ee51-46ca-4d4e-9932-55ed414d7738:group-6A221178FDF0 change Leader from null to 42e8478e-59b3-4480-9906-12dff8b32ca3 at term 1 for appendEntries, leader elected after 5147ms
2019-09-26 13:00:06,517 INFO  impl.RaftServerImpl (ServerState.java:setRaftConf(361)) - 2378ee51-46ca-4d4e-9932-55ed414d7738:group-6A221178FDF0 set configuration 0: [951a7b2a-2ee0-470c-8467-0ef8f4612cc9:192.168.151.70:40524, 42e8478e-59b3-4480-9906-12dff8b32ca3:192.168.151.70:38858, 2378ee51-46ca-4d4e-9932-55ed414d7738:192.168.151.70:38753], old=null at 0
2019-09-26 13:00:06,517 INFO  impl.RaftServerImpl (ServerState.java:setRaftConf(361)) - 951a7b2a-2ee0-470c-8467-0ef8f4612cc9:group-6A221178FDF0 set configuration 0: [951a7b2a-2ee0-470c-8467-0ef8f4612cc9:192.168.151.70:40524, 42e8478e-59b3-4480-9906-12dff8b32ca3:192.168.151.70:38858, 2378ee51-46ca-4d4e-9932-55ed414d7738:192.168.151.70:38753], old=null at 0
2019-09-26 13:00:06,517 INFO  segmented.SegmentedRaftLogWorker (SegmentedRaftLogWorker.java:startLogSegment(380)) - 2378ee51-46ca-4d4e-9932-55ed414d7738-SegmentedRaftLogWorker:Storage Directory /workdir/hadoop-ozone/integration-test/target/test-dir/MiniOzoneClusterImpl-5562625b-1625-43ae-b8ef-ca09318140db/datanode-0/data/ratis/c2b23c15-1296-4c9a-8056-6a221178fdf0: Starting segment from index:0
2019-09-26 13:00:06,518 INFO  segmented.SegmentedRaftLogWorker (SegmentedRaftLogWorker.java:startLogSegment(380)) - 951a7b2a-2ee0-470c-8467-0ef8f4612cc9-SegmentedRaftLogWorker:Storage Directory /workdir/hadoop-ozone/integration-test/target/test-dir/MiniOzoneClusterImpl-5562625b-1625-43ae-b8ef-ca09318140db/datanode-2/data/ratis/c2b23c15-1296-4c9a-8056-6a221178fdf0: Starting segment from index:0
2019-09-26 13:00:06,538 INFO  segmented.SegmentedRaftLogWorker (SegmentedRaftLogWorker.java:execute(569)) - 42e8478e-59b3-4480-9906-12dff8b32ca3-SegmentedRaftLogWorker:Storage Directory /workdir/hadoop-ozone/integration-test/target/test-dir/MiniOzoneClusterImpl-5562625b-1625-43ae-b8ef-ca09318140db/datanode-1/data/ratis/c2b23c15-1296-4c9a-8056-6a221178fdf0: created new log segment /workdir/hadoop-ozone/integration-test/target/test-dir/MiniOzoneClusterImpl-5562625b-1625-43ae-b8ef-ca09318140db/datanode-1/data/ratis/c2b23c15-1296-4c9a-8056-6a221178fdf0/current/log_inprogress_0
2019-09-26 13:00:06,551 INFO  segmented.SegmentedRaftLogWorker (SegmentedRaftLogWorker.java:execute(569)) - 951a7b2a-2ee0-470c-8467-0ef8f4612cc9-SegmentedRaftLogWorker:Storage Directory /workdir/hadoop-ozone/integration-test/target/test-dir/MiniOzoneClusterImpl-5562625b-1625-43ae-b8ef-ca09318140db/datanode-2/data/ratis/c2b23c15-1296-4c9a-8056-6a221178fdf0: created new log segment /workdir/hadoop-ozone/integration-test/target/test-dir/MiniOzoneClusterImpl-5562625b-1625-43ae-b8ef-ca09318140db/datanode-2/data/ratis/c2b23c15-1296-4c9a-8056-6a221178fdf0/current/log_inprogress_0
2019-09-26 13:00:06,564 INFO  segmented.SegmentedRaftLogWorker (SegmentedRaftLogWorker.java:execute(569)) - 2378ee51-46ca-4d4e-9932-55ed414d7738-SegmentedRaftLogWorker:Storage Directory /workdir/hadoop-ozone/integration-test/target/test-dir/MiniOzoneClusterImpl-5562625b-1625-43ae-b8ef-ca09318140db/datanode-0/data/ratis/c2b23c15-1296-4c9a-8056-6a221178fdf0: created new log segment /workdir/hadoop-ozone/integration-test/target/test-dir/MiniOzoneClusterImpl-5562625b-1625-43ae-b8ef-ca09318140db/datanode-0/data/ratis/c2b23c15-1296-4c9a-8056-6a221178fdf0/current/log_inprogress_0
2019-09-26 13:00:06,950 | INFO  | SCMAudit | user=jenkins1000 | ip=192.168.151.70 | op=SEND_HEARTBEAT {datanodeUUID=42e8478e-59b3-4480-9906-12dff8b32ca3, command=[]} | ret=SUCCESS |  
2019-09-26 13:00:07,193 | INFO  | SCMAudit | user=jenkins1000 | ip=192.168.151.70 | op=SEND_HEARTBEAT {datanodeUUID=951a7b2a-2ee0-470c-8467-0ef8f4612cc9, command=[]} | ret=SUCCESS |  
2019-09-26 13:00:07,195 INFO  ozoneimpl.OzoneContainer (OzoneContainer.java:stop(199)) - Attempting to stop container services.
2019-09-26 13:00:07,196 INFO  impl.RaftServerProxy (RaftServerProxy.java:lambda$close$4(314)) - 2378ee51-46ca-4d4e-9932-55ed414d7738: close
2019-09-26 13:00:07,197 INFO  impl.RaftServerImpl (RaftServerImpl.java:lambda$shutdown$3(245)) - 2378ee51-46ca-4d4e-9932-55ed414d7738: shutdown group-9AB47179292F
2019-09-26 13:00:07,197 INFO  util.JmxRegister (JmxRegister.java:unregister(73)) - Successfully un-registered JMX Bean with object name Ratis:service=RaftServer,group=group-9AB47179292F,id=2378ee51-46ca-4d4e-9932-55ed414d7738
2019-09-26 13:00:07,197 INFO  impl.RoleInfo (RoleInfo.java:shutdownLeaderState(104)) - 2378ee51-46ca-4d4e-9932-55ed414d7738: shutdown LeaderState
2019-09-26 13:00:07,198 INFO  impl.PendingRequests (PendingRequests.java:sendNotLeaderResponses(202)) - 2378ee51-46ca-4d4e-9932-55ed414d7738-PendingRequests: sendNotLeaderResponses
2019-09-26 13:00:07,198 INFO  impl.StateMachineUpdater (StateMachineUpdater.java:stopAndJoin(115)) - StateMachineUpdater:2378ee51-46ca-4d4e-9932-55ed414d7738:group-9AB47179292F: set stopIndex = 0
2019-09-26 13:00:07,199 INFO  impl.RaftServerImpl (ServerState.java:close(394)) - 2378ee51-46ca-4d4e-9932-55ed414d7738:group-9AB47179292F closes. The last applied log index is 0
2019-09-26 13:00:07,199 INFO  segmented.SegmentedRaftLogWorker (SegmentedRaftLogWorker.java:run(313)) - 2378ee51-46ca-4d4e-9932-55ed414d7738-SegmentedRaftLogWorker:Storage Directory /workdir/hadoop-ozone/integration-test/target/test-dir/MiniOzoneClusterImpl-5562625b-1625-43ae-b8ef-ca09318140db/datanode-0/data/ratis/a527df18-21cd-4421-b064-9ab47179292f was interrupted, exiting. There are 0 tasks remaining in the queue.
2019-09-26 13:00:07,201 INFO  segmented.SegmentedRaftLogWorker (SegmentedRaftLogWorker.java:close(228)) - 2378ee51-46ca-4d4e-9932-55ed414d7738-SegmentedRaftLogWorker:Storage Directory /workdir/hadoop-ozone/integration-test/target/test-dir/MiniOzoneClusterImpl-5562625b-1625-43ae-b8ef-ca09318140db/datanode-0/data/ratis/a527df18-21cd-4421-b064-9ab47179292f close()
2019-09-26 13:00:07,205 INFO  impl.RaftServerImpl (RaftServerImpl.java:lambda$shutdown$3(245)) - 2378ee51-46ca-4d4e-9932-55ed414d7738: shutdown group-6A221178FDF0
2019-09-26 13:00:07,205 INFO  util.JmxRegister (JmxRegister.java:unregister(73)) - Successfully un-registered JMX Bean with object name Ratis:service=RaftServer,group=group-6A221178FDF0,id=2378ee51-46ca-4d4e-9932-55ed414d7738
2019-09-26 13:00:07,205 INFO  impl.RoleInfo (RoleInfo.java:shutdownFollowerState(121)) - 2378ee51-46ca-4d4e-9932-55ed414d7738: shutdown FollowerState
2019-09-26 13:00:07,206 INFO  impl.StateMachineUpdater (StateMachineUpdater.java:stopAndJoin(115)) - StateMachineUpdater:2378ee51-46ca-4d4e-9932-55ed414d7738:group-6A221178FDF0: set stopIndex = -1
2019-09-26 13:00:07,206 INFO  impl.FollowerState (FollowerState.java:run(114)) - 2378ee51-46ca-4d4e-9932-55ed414d7738: FollowerState was interrupted: java.lang.InterruptedException: sleep interrupted
2019-09-26 13:00:07,206 INFO  impl.RaftServerImpl (ServerState.java:close(394)) - 2378ee51-46ca-4d4e-9932-55ed414d7738:group-6A221178FDF0 closes. The last applied log index is -1
2019-09-26 13:00:07,208 INFO  segmented.SegmentedRaftLogWorker (SegmentedRaftLogWorker.java:run(313)) - 2378ee51-46ca-4d4e-9932-55ed414d7738-SegmentedRaftLogWorker:Storage Directory /workdir/hadoop-ozone/integration-test/target/test-dir/MiniOzoneClusterImpl-5562625b-1625-43ae-b8ef-ca09318140db/datanode-0/data/ratis/c2b23c15-1296-4c9a-8056-6a221178fdf0 was interrupted, exiting. There are 0 tasks remaining in the queue.
2019-09-26 13:00:07,210 INFO  segmented.SegmentedRaftLogWorker (SegmentedRaftLogWorker.java:close(228)) - 2378ee51-46ca-4d4e-9932-55ed414d7738-SegmentedRaftLogWorker:Storage Directory /workdir/hadoop-ozone/integration-test/target/test-dir/MiniOzoneClusterImpl-5562625b-1625-43ae-b8ef-ca09318140db/datanode-0/data/ratis/c2b23c15-1296-4c9a-8056-6a221178fdf0 close()
2019-09-26 13:00:07,217 INFO  server.GrpcService (GrpcService.java:closeImpl(155)) - 2378ee51-46ca-4d4e-9932-55ed414d7738: shutdown server with port 38753 now
2019-09-26 13:00:07,223 WARN  server.GrpcServerProtocolService (LogUtils.java:warn(134)) - 2378ee51-46ca-4d4e-9932-55ed414d7738: appendEntries onError: org.apache.ratis.thirdparty.io.grpc.StatusRuntimeException: CANCELLED: cancelled before receiving half close
2019-09-26 13:00:07,225 INFO  server.GrpcService (GrpcService.java:closeImpl(163)) - 2378ee51-46ca-4d4e-9932-55ed414d7738: shutdown server with port 38753 successfully
2019-09-26 13:00:07,226 WARN  server.GrpcLogAppender (LogUtils.java:warn(134)) - 42e8478e-59b3-4480-9906-12dff8b32ca3->2378ee51-46ca-4d4e-9932-55ed414d7738: Failed appendEntries: org.apache.ratis.thirdparty.io.grpc.StatusRuntimeException: CANCELLED: HTTP/2 error code: CANCEL
Received Rst Stream
2019-09-26 13:00:07,226 INFO  utils.BackgroundService (BackgroundService.java:shutdown(148)) - Shutting down service BlockDeletingService
2019-09-26 13:00:07,228 INFO  impl.FollowerInfo (FollowerInfo.java:lambda$new$0(50)) - 42e8478e-59b3-4480-9906-12dff8b32ca3->2378ee51-46ca-4d4e-9932-55ed414d7738: nextIndex: updateUnconditionally 1 -> 0
2019-09-26 13:00:07,229 WARN  fs.CachingGetSpaceUsed (CachingGetSpaceUsed.java:run(183)) - Thread Interrupted waiting to refresh disk information: sleep interrupted
2019-09-26 13:00:07,255 INFO  statemachine.DatanodeStateMachine (DatanodeStateMachine.java:stopDaemon(395)) - Ozone container server stopped.
2019-09-26 13:00:07,256 INFO  handler.ContextHandler (ContextHandler.java:doStop(910)) - Stopped o.e.j.w.WebAppContext@2237738a{/,null,UNAVAILABLE}{/hddsDatanode}
2019-09-26 13:00:07,257 INFO  server.AbstractConnector (AbstractConnector.java:doStop(318)) - Stopped ServerConnector@af6b7b8{HTTP/1.1,[http/1.1]}{0.0.0.0:0}
2019-09-26 13:00:07,257 INFO  handler.ContextHandler (ContextHandler.java:doStop(910)) - Stopped o.e.j.s.ServletContextHandler@77aaa90b{/static,jar:file:/home/user/.m2/repository/org/apache/hadoop/hadoop-hdds-container-service/0.4.1-SNAPSHOT/hadoop-hdds-container-service-0.4.1-SNAPSHOT.jar!/webapps/static,UNAVAILABLE}
2019-09-26 13:00:07,258 INFO  handler.ContextHandler (ContextHandler.java:doStop(910)) - Stopped o.e.j.s.ServletContextHandler@6b3e6522{/logs,file:///workdir/hadoop-ozone/integration-test/target/log,UNAVAILABLE}
2019-09-26 13:00:07,259 INFO  datanode.ObjectStoreHandler (ObjectStoreHandler.java:close(155)) - Closing ObjectStoreHandler.
2019-09-26 13:00:07,260 INFO  ozone.HddsDatanodeService (HddsDatanodeService.java:stop(451)) - Stopped plug-in org.apache.hadoop.ozone.web.OzoneHddsDatanodeService@68522233
2019-09-26 13:00:07,948 INFO  statemachine.DatanodeStateMachine (DatanodeStateMachine.java:lambda$startDaemon$0(350)) - Ozone container server started.
2019-09-26 13:00:08,193 | INFO  | SCMAudit | user=jenkins1000 | ip=192.168.151.70 | op=SEND_HEARTBEAT {datanodeUUID=951a7b2a-2ee0-470c-8467-0ef8f4612cc9, command=[]} | ret=SUCCESS |  
2019-09-26 13:00:09,074 WARN  server.GrpcLogAppender (LogUtils.java:warn(134)) - 42e8478e-59b3-4480-9906-12dff8b32ca3->2378ee51-46ca-4d4e-9932-55ed414d7738: Failed appendEntries: org.apache.ratis.thirdparty.io.grpc.StatusRuntimeException: UNAVAILABLE: io exception
2019-09-26 13:00:09,076 INFO  impl.FollowerInfo (FollowerInfo.java:lambda$new$0(50)) - 42e8478e-59b3-4480-9906-12dff8b32ca3->2378ee51-46ca-4d4e-9932-55ed414d7738: nextIndex: updateUnconditionally 0 -> 0
2019-09-26 13:00:09,193 | INFO  | SCMAudit | user=jenkins1000 | ip=192.168.151.70 | op=SEND_HEARTBEAT {datanodeUUID=951a7b2a-2ee0-470c-8467-0ef8f4612cc9, command=[]} | ret=SUCCESS |  
2019-09-26 13:00:10,193 | INFO  | SCMAudit | user=jenkins1000 | ip=192.168.151.70 | op=SEND_HEARTBEAT {datanodeUUID=951a7b2a-2ee0-470c-8467-0ef8f4612cc9, command=[]} | ret=SUCCESS |  
2019-09-26 13:00:11,193 | INFO  | SCMAudit | user=jenkins1000 | ip=192.168.151.70 | op=SEND_HEARTBEAT {datanodeUUID=951a7b2a-2ee0-470c-8467-0ef8f4612cc9, command=[]} | ret=SUCCESS |  
2019-09-26 13:00:11,581 WARN  server.GrpcLogAppender (LogUtils.java:warn(134)) - 42e8478e-59b3-4480-9906-12dff8b32ca3->2378ee51-46ca-4d4e-9932-55ed414d7738: Failed appendEntries: org.apache.ratis.thirdparty.io.grpc.StatusRuntimeException: UNAVAILABLE: io exception
2019-09-26 13:00:11,584 INFO  impl.FollowerInfo (FollowerInfo.java:lambda$new$0(50)) - 42e8478e-59b3-4480-9906-12dff8b32ca3->2378ee51-46ca-4d4e-9932-55ed414d7738: nextIndex: updateUnconditionally 0 -> 0
2019-09-26 13:00:12,194 | INFO  | SCMAudit | user=jenkins1000 | ip=192.168.151.70 | op=SEND_HEARTBEAT {datanodeUUID=951a7b2a-2ee0-470c-8467-0ef8f4612cc9, command=[]} | ret=SUCCESS |  
2019-09-26 13:00:12,261 INFO  ozoneimpl.OzoneContainer (OzoneContainer.java:stop(199)) - Attempting to stop container services.
2019-09-26 13:00:12,262 INFO  impl.RaftServerProxy (RaftServerProxy.java:lambda$close$4(314)) - 42e8478e-59b3-4480-9906-12dff8b32ca3: close
2019-09-26 13:00:12,262 INFO  impl.RaftServerImpl (RaftServerImpl.java:lambda$shutdown$3(245)) - 42e8478e-59b3-4480-9906-12dff8b32ca3: shutdown group-6A221178FDF0
2019-09-26 13:00:12,263 INFO  impl.RaftServerImpl (RaftServerImpl.java:lambda$shutdown$3(245)) - 42e8478e-59b3-4480-9906-12dff8b32ca3: shutdown group-60CB043F43E6
2019-09-26 13:00:12,263 INFO  util.JmxRegister (JmxRegister.java:unregister(73)) - Successfully un-registered JMX Bean with object name Ratis:service=RaftServer,group=group-6A221178FDF0,id=42e8478e-59b3-4480-9906-12dff8b32ca3
2019-09-26 13:00:12,263 INFO  util.JmxRegister (JmxRegister.java:unregister(73)) - Successfully un-registered JMX Bean with object name Ratis:service=RaftServer,group=group-60CB043F43E6,id=42e8478e-59b3-4480-9906-12dff8b32ca3
2019-09-26 13:00:12,263 INFO  impl.RoleInfo (RoleInfo.java:shutdownLeaderState(104)) - 42e8478e-59b3-4480-9906-12dff8b32ca3: shutdown LeaderState
2019-09-26 13:00:12,264 INFO  impl.RoleInfo (RoleInfo.java:shutdownLeaderState(104)) - 42e8478e-59b3-4480-9906-12dff8b32ca3: shutdown LeaderState
2019-09-26 13:00:12,267 WARN  server.GrpcLogAppender (GrpcLogAppender.java:mayWait(143)) - GrpcLogAppender(42e8478e-59b3-4480-9906-12dff8b32ca3->951a7b2a-2ee0-470c-8467-0ef8f4612cc9): Wait interrupted by java.lang.InterruptedException
2019-09-26 13:00:12,267 INFO  impl.PendingRequests (PendingRequests.java:sendNotLeaderResponses(202)) - 42e8478e-59b3-4480-9906-12dff8b32ca3-PendingRequests: sendNotLeaderResponses
2019-09-26 13:00:12,267 WARN  server.GrpcLogAppender (GrpcLogAppender.java:mayWait(143)) - GrpcLogAppender(42e8478e-59b3-4480-9906-12dff8b32ca3->2378ee51-46ca-4d4e-9932-55ed414d7738): Wait interrupted by java.lang.InterruptedException
2019-09-26 13:00:12,267 INFO  impl.PendingRequests (PendingRequests.java:sendNotLeaderResponses(202)) - 42e8478e-59b3-4480-9906-12dff8b32ca3-PendingRequests: sendNotLeaderResponses
2019-09-26 13:00:12,268 INFO  impl.StateMachineUpdater (StateMachineUpdater.java:stopAndJoin(115)) - StateMachineUpdater:42e8478e-59b3-4480-9906-12dff8b32ca3:group-60CB043F43E6: set stopIndex = 0
2019-09-26 13:00:12,269 INFO  server.GrpcServerProtocolService (GrpcServerProtocolService.java:onCompleted(104)) - 951a7b2a-2ee0-470c-8467-0ef8f4612cc9: appendEntries completed
2019-09-26 13:00:12,269 INFO  impl.StateMachineUpdater (StateMachineUpdater.java:stopAndJoin(115)) - StateMachineUpdater:42e8478e-59b3-4480-9906-12dff8b32ca3:group-6A221178FDF0: set stopIndex = 0
2019-09-26 13:00:12,269 INFO  impl.RaftServerImpl (ServerState.java:close(394)) - 42e8478e-59b3-4480-9906-12dff8b32ca3:group-60CB043F43E6 closes. The last applied log index is 0
2019-09-26 13:00:12,269 INFO  impl.RaftServerImpl (ServerState.java:close(394)) - 42e8478e-59b3-4480-9906-12dff8b32ca3:group-6A221178FDF0 closes. The last applied log index is 0
2019-09-26 13:00:12,270 INFO  segmented.SegmentedRaftLogWorker (SegmentedRaftLogWorker.java:run(313)) - 42e8478e-59b3-4480-9906-12dff8b32ca3-SegmentedRaftLogWorker:Storage Directory /workdir/hadoop-ozone/integration-test/target/test-dir/MiniOzoneClusterImpl-5562625b-1625-43ae-b8ef-ca09318140db/datanode-1/data/ratis/6737c98c-3d21-430d-938e-60cb043f43e6 was interrupted, exiting. There are 0 tasks remaining in the queue.
2019-09-26 13:00:12,270 INFO  segmented.SegmentedRaftLogWorker (SegmentedRaftLogWorker.java:run(313)) - 42e8478e-59b3-4480-9906-12dff8b32ca3-SegmentedRaftLogWorker:Storage Directory /workdir/hadoop-ozone/integration-test/target/test-dir/MiniOzoneClusterImpl-5562625b-1625-43ae-b8ef-ca09318140db/datanode-1/data/ratis/c2b23c15-1296-4c9a-8056-6a221178fdf0 was interrupted, exiting. There are 0 tasks remaining in the queue.
2019-09-26 13:00:12,270 INFO  server.GrpcLogAppender (GrpcLogAppender.java:onCompleted(292)) - 42e8478e-59b3-4480-9906-12dff8b32ca3->951a7b2a-2ee0-470c-8467-0ef8f4612cc9: follower responses appendEntries COMPLETED
2019-09-26 13:00:12,273 INFO  segmented.SegmentedRaftLogWorker (SegmentedRaftLogWorker.java:close(228)) - 42e8478e-59b3-4480-9906-12dff8b32ca3-SegmentedRaftLogWorker:Storage Directory /workdir/hadoop-ozone/integration-test/target/test-dir/MiniOzoneClusterImpl-5562625b-1625-43ae-b8ef-ca09318140db/datanode-1/data/ratis/6737c98c-3d21-430d-938e-60cb043f43e6 close()
2019-09-26 13:00:12,273 INFO  segmented.SegmentedRaftLogWorker (SegmentedRaftLogWorker.java:close(228)) - 42e8478e-59b3-4480-9906-12dff8b32ca3-SegmentedRaftLogWorker:Storage Directory /workdir/hadoop-ozone/integration-test/target/test-dir/MiniOzoneClusterImpl-5562625b-1625-43ae-b8ef-ca09318140db/datanode-1/data/ratis/c2b23c15-1296-4c9a-8056-6a221178fdf0 close()
2019-09-26 13:00:12,276 INFO  impl.FollowerInfo (FollowerInfo.java:lambda$new$0(50)) - 42e8478e-59b3-4480-9906-12dff8b32ca3->951a7b2a-2ee0-470c-8467-0ef8f4612cc9: nextIndex: updateUnconditionally 1 -> 0
2019-09-26 13:00:12,277 INFO  server.GrpcService (GrpcService.java:closeImpl(155)) - 42e8478e-59b3-4480-9906-12dff8b32ca3: shutdown server with port 38858 now
2019-09-26 13:00:12,278 INFO  server.GrpcService (GrpcService.java:closeImpl(163)) - 42e8478e-59b3-4480-9906-12dff8b32ca3: shutdown server with port 38858 successfully
2019-09-26 13:00:12,279 INFO  utils.BackgroundService (BackgroundService.java:shutdown(148)) - Shutting down service BlockDeletingService
2019-09-26 13:00:12,281 WARN  fs.CachingGetSpaceUsed (CachingGetSpaceUsed.java:run(183)) - Thread Interrupted waiting to refresh disk information: sleep interrupted
2019-09-26 13:00:12,305 INFO  statemachine.DatanodeStateMachine (DatanodeStateMachine.java:stopDaemon(395)) - Ozone container server stopped.
2019-09-26 13:00:12,306 INFO  handler.ContextHandler (ContextHandler.java:doStop(910)) - Stopped o.e.j.w.WebAppContext@18305b8{/,null,UNAVAILABLE}{/hddsDatanode}
2019-09-26 13:00:12,307 INFO  server.AbstractConnector (AbstractConnector.java:doStop(318)) - Stopped ServerConnector@2a372a48{HTTP/1.1,[http/1.1]}{0.0.0.0:0}
2019-09-26 13:00:12,307 INFO  handler.ContextHandler (ContextHandler.java:doStop(910)) - Stopped o.e.j.s.ServletContextHandler@5ef63a1b{/static,jar:file:/home/user/.m2/repository/org/apache/hadoop/hadoop-hdds-container-service/0.4.1-SNAPSHOT/hadoop-hdds-container-service-0.4.1-SNAPSHOT.jar!/webapps/static,UNAVAILABLE}
2019-09-26 13:00:12,308 INFO  handler.ContextHandler (ContextHandler.java:doStop(910)) - Stopped o.e.j.s.ServletContextHandler@510f64e{/logs,file:///workdir/hadoop-ozone/integration-test/target/log,UNAVAILABLE}
2019-09-26 13:00:12,309 INFO  datanode.ObjectStoreHandler (ObjectStoreHandler.java:close(155)) - Closing ObjectStoreHandler.
2019-09-26 13:00:12,310 INFO  ozone.HddsDatanodeService (HddsDatanodeService.java:stop(451)) - Stopped plug-in org.apache.hadoop.ozone.web.OzoneHddsDatanodeService@1b2ccf18
2019-09-26 13:00:12,472 INFO  node.StaleNodeHandler (StaleNodeHandler.java:onMessage(58)) - Datanode 42e8478e-59b3-4480-9906-12dff8b32ca3{ip: 192.168.151.70, host: byscane-acceptance-20190926-d9prj-792920712, networkLocation: /default-rack, certSerialId: null} moved to stale state. Finalizing its pipelines [PipelineID=c2b23c15-1296-4c9a-8056-6a221178fdf0, PipelineID=6737c98c-3d21-430d-938e-60cb043f43e6]
2019-09-26 13:00:12,472 INFO  pipeline.SCMPipelineManager (SCMPipelineManager.java:finalizeAndDestroyPipeline(309)) - destroying pipeline:Pipeline[ Id: c2b23c15-1296-4c9a-8056-6a221178fdf0, Nodes: 2378ee51-46ca-4d4e-9932-55ed414d7738{ip: 192.168.151.70, host: byscane-acceptance-20190926-d9prj-792920712, networkLocation: /default-rack, certSerialId: null}951a7b2a-2ee0-470c-8467-0ef8f4612cc9{ip: 192.168.151.70, host: byscane-acceptance-20190926-d9prj-792920712, networkLocation: /default-rack, certSerialId: null}42e8478e-59b3-4480-9906-12dff8b32ca3{ip: 192.168.151.70, host: byscane-acceptance-20190926-d9prj-792920712, networkLocation: /default-rack, certSerialId: null}, Type:RATIS, Factor:THREE, State:CLOSED]
2019-09-26 13:00:12,473 INFO  pipeline.SCMPipelineManager (SCMPipelineManager.java:finalizeAndDestroyPipeline(309)) - destroying pipeline:Pipeline[ Id: 6737c98c-3d21-430d-938e-60cb043f43e6, Nodes: 42e8478e-59b3-4480-9906-12dff8b32ca3{ip: 192.168.151.70, host: byscane-acceptance-20190926-d9prj-792920712, networkLocation: /default-rack, certSerialId: null}, Type:RATIS, Factor:ONE, State:OPEN]
2019-09-26 13:00:12,473 INFO  pipeline.PipelineStateManager (PipelineStateManager.java:finalizePipeline(123)) - Pipeline Pipeline[ Id: 6737c98c-3d21-430d-938e-60cb043f43e6, Nodes: 42e8478e-59b3-4480-9906-12dff8b32ca3{ip: 192.168.151.70, host: byscane-acceptance-20190926-d9prj-792920712, networkLocation: /default-rack, certSerialId: null}, Type:RATIS, Factor:ONE, State:CLOSED] moved to CLOSED state
2019-09-26 13:00:13,192 INFO  statemachine.DatanodeStateMachine (DatanodeStateMachine.java:lambda$startDaemon$0(350)) - Ozone container server started.
2019-09-26 13:00:17,311 INFO  ozoneimpl.OzoneContainer (OzoneContainer.java:stop(199)) - Attempting to stop container services.
2019-09-26 13:00:17,312 INFO  impl.RaftServerProxy (RaftServerProxy.java:lambda$close$4(314)) - 951a7b2a-2ee0-470c-8467-0ef8f4612cc9: close
2019-09-26 13:00:17,312 INFO  impl.RaftServerImpl (RaftServerImpl.java:lambda$shutdown$3(245)) - 951a7b2a-2ee0-470c-8467-0ef8f4612cc9: shutdown group-79B48B78D141
2019-09-26 13:00:17,313 INFO  util.JmxRegister (JmxRegister.java:unregister(73)) - Successfully un-registered JMX Bean with object name Ratis:service=RaftServer,group=group-79B48B78D141,id=951a7b2a-2ee0-470c-8467-0ef8f4612cc9
2019-09-26 13:00:17,313 INFO  impl.RoleInfo (RoleInfo.java:shutdownLeaderState(104)) - 951a7b2a-2ee0-470c-8467-0ef8f4612cc9: shutdown LeaderState
2019-09-26 13:00:17,314 INFO  impl.PendingRequests (PendingRequests.java:sendNotLeaderResponses(202)) - 951a7b2a-2ee0-470c-8467-0ef8f4612cc9-PendingRequests: sendNotLeaderResponses
2019-09-26 13:00:17,314 INFO  impl.StateMachineUpdater (StateMachineUpdater.java:stopAndJoin(115)) - StateMachineUpdater:951a7b2a-2ee0-470c-8467-0ef8f4612cc9:group-79B48B78D141: set stopIndex = 0
2019-09-26 13:00:17,315 INFO  impl.RaftServerImpl (ServerState.java:close(394)) - 951a7b2a-2ee0-470c-8467-0ef8f4612cc9:group-79B48B78D141 closes. The last applied log index is 0
2019-09-26 13:00:17,315 INFO  segmented.SegmentedRaftLogWorker (SegmentedRaftLogWorker.java:run(313)) - 951a7b2a-2ee0-470c-8467-0ef8f4612cc9-SegmentedRaftLogWorker:Storage Directory /workdir/hadoop-ozone/integration-test/target/test-dir/MiniOzoneClusterImpl-5562625b-1625-43ae-b8ef-ca09318140db/datanode-2/data/ratis/b9944c0f-1fe7-4175-8cb5-79b48b78d141 was interrupted, exiting. There are 0 tasks remaining in the queue.
2019-09-26 13:00:17,317 INFO  segmented.SegmentedRaftLogWorker (SegmentedRaftLogWorker.java:close(228)) - 951a7b2a-2ee0-470c-8467-0ef8f4612cc9-SegmentedRaftLogWorker:Storage Directory /workdir/hadoop-ozone/integration-test/target/test-dir/MiniOzoneClusterImpl-5562625b-1625-43ae-b8ef-ca09318140db/datanode-2/data/ratis/b9944c0f-1fe7-4175-8cb5-79b48b78d141 close()
2019-09-26 13:00:17,319 INFO  impl.RaftServerImpl (RaftServerImpl.java:lambda$shutdown$3(245)) - 951a7b2a-2ee0-470c-8467-0ef8f4612cc9: shutdown group-6A221178FDF0
2019-09-26 13:00:17,319 INFO  util.JmxRegister (JmxRegister.java:unregister(73)) - Successfully un-registered JMX Bean with object name Ratis:service=RaftServer,group=group-6A221178FDF0,id=951a7b2a-2ee0-470c-8467-0ef8f4612cc9
2019-09-26 13:00:17,319 INFO  impl.RoleInfo (RoleInfo.java:shutdownFollowerState(121)) - 951a7b2a-2ee0-470c-8467-0ef8f4612cc9: shutdown FollowerState
2019-09-26 13:00:17,320 INFO  impl.StateMachineUpdater (StateMachineUpdater.java:stopAndJoin(115)) - StateMachineUpdater:951a7b2a-2ee0-470c-8467-0ef8f4612cc9:group-6A221178FDF0: set stopIndex = 0
2019-09-26 13:00:17,320 INFO  impl.FollowerState (FollowerState.java:run(114)) - 951a7b2a-2ee0-470c-8467-0ef8f4612cc9: FollowerState was interrupted: java.lang.InterruptedException: sleep interrupted
2019-09-26 13:00:17,320 INFO  impl.RaftServerImpl (ServerState.java:close(394)) - 951a7b2a-2ee0-470c-8467-0ef8f4612cc9:group-6A221178FDF0 closes. The last applied log index is 0
2019-09-26 13:00:17,322 INFO  segmented.SegmentedRaftLogWorker (SegmentedRaftLogWorker.java:run(313)) - 951a7b2a-2ee0-470c-8467-0ef8f4612cc9-SegmentedRaftLogWorker:Storage Directory /workdir/hadoop-ozone/integration-test/target/test-dir/MiniOzoneClusterImpl-5562625b-1625-43ae-b8ef-ca09318140db/datanode-2/data/ratis/c2b23c15-1296-4c9a-8056-6a221178fdf0 was interrupted, exiting. There are 0 tasks remaining in the queue.
2019-09-26 13:00:17,331 INFO  segmented.SegmentedRaftLogWorker (SegmentedRaftLogWorker.java:close(228)) - 951a7b2a-2ee0-470c-8467-0ef8f4612cc9-SegmentedRaftLogWorker:Storage Directory /workdir/hadoop-ozone/integration-test/target/test-dir/MiniOzoneClusterImpl-5562625b-1625-43ae-b8ef-ca09318140db/datanode-2/data/ratis/c2b23c15-1296-4c9a-8056-6a221178fdf0 close()
2019-09-26 13:00:17,334 INFO  server.GrpcService (GrpcService.java:closeImpl(155)) - 951a7b2a-2ee0-470c-8467-0ef8f4612cc9: shutdown server with port 40524 now
2019-09-26 13:00:17,334 INFO  server.GrpcService (GrpcService.java:closeImpl(163)) - 951a7b2a-2ee0-470c-8467-0ef8f4612cc9: shutdown server with port 40524 successfully
2019-09-26 13:00:17,342 INFO  utils.BackgroundService (BackgroundService.java:shutdown(148)) - Shutting down service BlockDeletingService
2019-09-26 13:00:17,344 WARN  fs.CachingGetSpaceUsed (CachingGetSpaceUsed.java:run(183)) - Thread Interrupted waiting to refresh disk information: sleep interrupted
2019-09-26 13:00:17,366 INFO  statemachine.DatanodeStateMachine (DatanodeStateMachine.java:stopDaemon(395)) - Ozone container server stopped.
2019-09-26 13:00:17,367 INFO  handler.ContextHandler (ContextHandler.java:doStop(910)) - Stopped o.e.j.w.WebAppContext@483ae917{/,null,UNAVAILABLE}{/hddsDatanode}
2019-09-26 13:00:17,368 INFO  server.AbstractConnector (AbstractConnector.java:doStop(318)) - Stopped ServerConnector@5500560{HTTP/1.1,[http/1.1]}{0.0.0.0:0}
2019-09-26 13:00:17,369 INFO  handler.ContextHandler (ContextHandler.java:doStop(910)) - Stopped o.e.j.s.ServletContextHandler@a1c9ef5{/static,jar:file:/home/user/.m2/repository/org/apache/hadoop/hadoop-hdds-container-service/0.4.1-SNAPSHOT/hadoop-hdds-container-service-0.4.1-SNAPSHOT.jar!/webapps/static,UNAVAILABLE}
2019-09-26 13:00:17,369 INFO  handler.ContextHandler (ContextHandler.java:doStop(910)) - Stopped o.e.j.s.ServletContextHandler@20d7eb98{/logs,file:///workdir/hadoop-ozone/integration-test/target/log,UNAVAILABLE}
2019-09-26 13:00:17,374 INFO  impl.MetricsSystemImpl (MetricsSystemImpl.java:init(158)) - HddsDatanode metrics system started (again)
2019-09-26 13:00:17,424 INFO  ozone.HddsDatanodeService (HddsDatanodeService.java:start(184)) - HddsDatanodeService host:byscane-acceptance-20190926-d9prj-792920712 ip:192.168.151.70
2019-09-26 13:00:17,427 INFO  volume.VolumeUsage (VolumeUsage.java:loadScmUsed(144)) - Cached ScmUsed found for /workdir/hadoop-ozone/integration-test/target/test-dir/MiniOzoneClusterImpl-5562625b-1625-43ae-b8ef-ca09318140db/datanode-0/data/containers : 4096 
2019-09-26 13:00:17,427 INFO  volume.HddsVolume (HddsVolume.java:<init>(176)) - Creating Volume: /workdir/hadoop-ozone/integration-test/target/test-dir/MiniOzoneClusterImpl-5562625b-1625-43ae-b8ef-ca09318140db/datanode-0/data/containers/hdds of  storage type : DISK and capacity : 1482555576320
2019-09-26 13:00:17,428 INFO  volume.VolumeSet (VolumeSet.java:initializeVolumeSet(170)) - Added Volume : /workdir/hadoop-ozone/integration-test/target/test-dir/MiniOzoneClusterImpl-5562625b-1625-43ae-b8ef-ca09318140db/datanode-0/data/containers/hdds to VolumeSet
2019-09-26 13:00:17,428 INFO  volume.ThrottledAsyncChecker (ThrottledAsyncChecker.java:schedule(140)) - Scheduling a check for org.apache.hadoop.ozone.container.common.volume.HddsVolume@526c79d
2019-09-26 13:00:17,429 INFO  volume.HddsVolumeChecker (HddsVolumeChecker.java:checkAllVolumes(203)) - Scheduled health check for volume org.apache.hadoop.ozone.container.common.volume.HddsVolume@526c79d
2019-09-26 13:00:17,448 INFO  impl.RaftServerProxy (ConfUtils.java:logGet(43)) - raft.rpc.type = GRPC (default)
2019-09-26 13:00:17,448 INFO  grpc.GrpcFactory (GrpcFactory.java:checkPooledByteBufAllocatorUseCacheForAllThreads(45)) - PERFORMANCE WARNING: useCacheForAllThreads is true that may cause Netty to create a lot garbage objects and, as a result, trigger GC.
	It is recommended to disable useCacheForAllThreads by setting -Dorg.apache.ratis.thirdparty.io.netty.allocator.useCacheForAllThreads=false in command line.
2019-09-26 13:00:17,448 INFO  grpc.GrpcConfigKeys$Server (ConfUtils.java:logGet(43)) - raft.grpc.server.port = 38753 (custom)
2019-09-26 13:00:17,448 INFO  server.GrpcService (ConfUtils.java:logGet(43)) - raft.grpc.message.size.max = 33570816 (custom)
2019-09-26 13:00:17,449 INFO  server.RaftServerConfigKeys (ConfUtils.java:logGet(43)) - raft.server.log.appender.buffer.byte-limit = 33554432 (custom)
2019-09-26 13:00:17,449 INFO  server.GrpcService (ConfUtils.java:logGet(43)) - raft.grpc.flow.control.window = 1MB (=1048576) (default)
2019-09-26 13:00:17,449 INFO  server.RaftServerConfigKeys (ConfUtils.java:logGet(43)) - raft.server.rpc.request.timeout = 3000ms (default)
2019-09-26 13:00:17,449 INFO  server.RaftServerConfigKeys (ConfUtils.java:logGet(43)) - raft.server.storage.dir = [/workdir/hadoop-ozone/integration-test/target/test-dir/MiniOzoneClusterImpl-5562625b-1625-43ae-b8ef-ca09318140db/datanode-0/data/ratis] (custom)
2019-09-26 13:00:17,450 INFO  impl.RaftServerProxy (RaftServerProxy.java:lambda$null$0(191)) - 2378ee51-46ca-4d4e-9932-55ed414d7738: found a subdirectory /workdir/hadoop-ozone/integration-test/target/test-dir/MiniOzoneClusterImpl-5562625b-1625-43ae-b8ef-ca09318140db/datanode-0/data/ratis/a527df18-21cd-4421-b064-9ab47179292f
2019-09-26 13:00:17,451 INFO  impl.RaftServerProxy (RaftServerProxy.java:addNew(89)) - 2378ee51-46ca-4d4e-9932-55ed414d7738: addNew group-9AB47179292F:[] returns group-9AB47179292F:java.util.concurrent.CompletableFuture@109f4571[Not completed]
2019-09-26 13:00:17,451 INFO  impl.RaftServerProxy (RaftServerProxy.java:lambda$null$0(191)) - 2378ee51-46ca-4d4e-9932-55ed414d7738: found a subdirectory /workdir/hadoop-ozone/integration-test/target/test-dir/MiniOzoneClusterImpl-5562625b-1625-43ae-b8ef-ca09318140db/datanode-0/data/ratis/c2b23c15-1296-4c9a-8056-6a221178fdf0
2019-09-26 13:00:17,451 INFO  impl.RaftServerProxy (RaftServerProxy.java:addNew(89)) - 2378ee51-46ca-4d4e-9932-55ed414d7738: addNew group-6A221178FDF0:[] returns group-6A221178FDF0:java.util.concurrent.CompletableFuture@2ddab9b1[Not completed]
2019-09-26 13:00:17,452 INFO  replication.SimpleContainerDownloader (SimpleContainerDownloader.java:<init>(72)) - Starting container downloader service to copy containers to replicate.
2019-09-26 13:00:17,453 INFO  hdfs.DFSUtil (DFSUtil.java:httpServerTemplateForNNAndJN(1641)) - Starting Web-server for hddsDatanode at: http://0.0.0.0:33666
2019-09-26 13:00:17,453 INFO  impl.RaftServerImpl (RaftServerImpl.java:<init>(93)) - 2378ee51-46ca-4d4e-9932-55ed414d7738: new RaftServerImpl for group-9AB47179292F:[] with ContainerStateMachine:uninitialized
2019-09-26 13:00:17,454 INFO  server.RaftServerConfigKeys (ConfUtils.java:logGet(43)) - raft.server.rpc.timeout.min = 5s (custom)
2019-09-26 13:00:17,454 INFO  server.RaftServerConfigKeys (ConfUtils.java:logGet(43)) - raft.server.rpc.timeout.max = 5200ms (custom)
2019-09-26 13:00:17,454 INFO  server.RaftServerConfigKeys (ConfUtils.java:logGet(43)) - raft.server.rpcslowness.timeout = 120s (custom)
2019-09-26 13:00:17,454 INFO  server.RaftServerConfigKeys (ConfUtils.java:logGet(43)) - raft.server.sleep.deviation.threshold = 300 (default)
2019-09-26 13:00:17,454 INFO  server.RaftServerConfigKeys (ConfUtils.java:logGet(43)) - raft.server.log.appender.install.snapshot.enabled = false (custom)
2019-09-26 13:00:17,454 INFO  impl.RaftServerImpl (ServerState.java:<init>(105)) - 2378ee51-46ca-4d4e-9932-55ed414d7738:group-9AB47179292F ConfigurationManager, init=-1: [], old=null, confs=<EMPTY_MAP>
2019-09-26 13:00:17,455 INFO  server.RaftServerConfigKeys (ConfUtils.java:logGet(43)) - raft.server.storage.dir = [/workdir/hadoop-ozone/integration-test/target/test-dir/MiniOzoneClusterImpl-5562625b-1625-43ae-b8ef-ca09318140db/datanode-0/data/ratis] (custom)
2019-09-26 13:00:17,455 INFO  server.AuthenticationFilter (AuthenticationFilter.java:constructSecretProvider(240)) - Unable to initialize FileSignerSecretProvider, falling back to use random secrets.
2019-09-26 13:00:17,456 WARN  http.HttpRequestLog (HttpRequestLog.java:getRequestLog(97)) - Jetty request log can only be enabled using Log4j
2019-09-26 13:00:17,458 INFO  http.HttpServer2 (HttpServer2.java:addGlobalFilter(975)) - Added global filter 'safety' (class=org.apache.hadoop.http.HttpServer2$QuotingInputFilter)
2019-09-26 13:00:17,459 INFO  http.HttpServer2 (HttpServer2.java:addFilter(948)) - Added filter static_user_filter (class=org.apache.hadoop.http.lib.StaticUserWebFilter$StaticUserFilter) to context hddsDatanode
2019-09-26 13:00:17,459 INFO  http.HttpServer2 (HttpServer2.java:addFilter(958)) - Added filter static_user_filter (class=org.apache.hadoop.http.lib.StaticUserWebFilter$StaticUserFilter) to context logs
2019-09-26 13:00:17,459 INFO  http.HttpServer2 (HttpServer2.java:addFilter(958)) - Added filter static_user_filter (class=org.apache.hadoop.http.lib.StaticUserWebFilter$StaticUserFilter) to context static
2019-09-26 13:00:17,460 INFO  http.HttpServer2 (HttpServer2.java:bindListener(1191)) - Jetty bound to port 33666
2019-09-26 13:00:17,460 INFO  server.Server (Server.java:doStart(351)) - jetty-9.3.24.v20180605, build timestamp: 2018-06-05T17:11:56Z, git hash: 84205aa28f11a4f31f2a3b86d1bba2cc8ab69827
2019-09-26 13:00:17,463 INFO  handler.ContextHandler (ContextHandler.java:doStart(781)) - Started o.e.j.s.ServletContextHandler@3a1b914b{/logs,file:///workdir/hadoop-ozone/integration-test/target/log,AVAILABLE}
2019-09-26 13:00:17,463 INFO  handler.ContextHandler (ContextHandler.java:doStart(781)) - Started o.e.j.s.ServletContextHandler@3bd17d74{/static,jar:file:/home/user/.m2/repository/org/apache/hadoop/hadoop-hdds-container-service/0.4.1-SNAPSHOT/hadoop-hdds-container-service-0.4.1-SNAPSHOT.jar!/webapps/static,AVAILABLE}
2019-09-26 13:00:17,473 INFO  node.StaleNodeHandler (StaleNodeHandler.java:onMessage(58)) - Datanode 951a7b2a-2ee0-470c-8467-0ef8f4612cc9{ip: 192.168.151.70, host: byscane-acceptance-20190926-d9prj-792920712, networkLocation: /default-rack, certSerialId: null} moved to stale state. Finalizing its pipelines [PipelineID=b9944c0f-1fe7-4175-8cb5-79b48b78d141, PipelineID=c2b23c15-1296-4c9a-8056-6a221178fdf0]
2019-09-26 13:00:17,473 INFO  pipeline.SCMPipelineManager (SCMPipelineManager.java:finalizeAndDestroyPipeline(309)) - destroying pipeline:Pipeline[ Id: b9944c0f-1fe7-4175-8cb5-79b48b78d141, Nodes: 951a7b2a-2ee0-470c-8467-0ef8f4612cc9{ip: 192.168.151.70, host: byscane-acceptance-20190926-d9prj-792920712, networkLocation: /default-rack, certSerialId: null}, Type:RATIS, Factor:ONE, State:OPEN]
2019-09-26 13:00:17,474 INFO  pipeline.PipelineStateManager (PipelineStateManager.java:finalizePipeline(123)) - Pipeline Pipeline[ Id: b9944c0f-1fe7-4175-8cb5-79b48b78d141, Nodes: 951a7b2a-2ee0-470c-8467-0ef8f4612cc9{ip: 192.168.151.70, host: byscane-acceptance-20190926-d9prj-792920712, networkLocation: /default-rack, certSerialId: null}, Type:RATIS, Factor:ONE, State:CLOSED] moved to CLOSED state
2019-09-26 13:00:17,474 INFO  pipeline.SCMPipelineManager (SCMPipelineManager.java:finalizeAndDestroyPipeline(309)) - destroying pipeline:Pipeline[ Id: c2b23c15-1296-4c9a-8056-6a221178fdf0, Nodes: 2378ee51-46ca-4d4e-9932-55ed414d7738{ip: 192.168.151.70, host: byscane-acceptance-20190926-d9prj-792920712, networkLocation: /default-rack, certSerialId: null}951a7b2a-2ee0-470c-8467-0ef8f4612cc9{ip: 192.168.151.70, host: byscane-acceptance-20190926-d9prj-792920712, networkLocation: /default-rack, certSerialId: null}42e8478e-59b3-4480-9906-12dff8b32ca3{ip: 192.168.151.70, host: byscane-acceptance-20190926-d9prj-792920712, networkLocation: /default-rack, certSerialId: null}, Type:RATIS, Factor:THREE, State:CLOSED]
2019-09-26 13:00:17,480 INFO  storage.RaftStorageDirectory (RaftStorageDirectory.java:tryLock(328)) - Lock on /workdir/hadoop-ozone/integration-test/target/test-dir/MiniOzoneClusterImpl-5562625b-1625-43ae-b8ef-ca09318140db/datanode-0/data/ratis/a527df18-21cd-4421-b064-9ab47179292f/in_use.lock acquired by nodename 10197@byscane-acceptance-20190926-d9prj-792920712
2019-09-26 13:00:17,482 INFO  ratis.ContainerStateMachine (ContainerStateMachine.java:loadSnapshot(213)) - group-9AB47179292F: The snapshot info is null. Setting the last applied indexto:(t:0, i:~)
2019-09-26 13:00:17,482 INFO  server.RaftServerConfigKeys (ConfUtils.java:logGet(43)) - raft.server.leader.election.timeout = 120s (custom)
2019-09-26 13:00:17,483 INFO  server.RaftServerConfigKeys (ConfUtils.java:logGet(43)) - raft.server.log.use.memory = false (default)
2019-09-26 13:00:17,483 INFO  server.RaftServerConfigKeys (ConfUtils.java:logGet(43)) - raft.server.log.purge.gap = 1000000000 (custom)
2019-09-26 13:00:17,483 INFO  server.RaftServerConfigKeys (ConfUtils.java:logGet(43)) - raft.server.log.appender.buffer.byte-limit = 33554432 (custom)
2019-09-26 13:00:17,483 INFO  server.RaftServerConfigKeys (ConfUtils.java:logGet(43)) - raft.server.log.segment.size.max = 1048576 (custom)
2019-09-26 13:00:17,483 INFO  server.RaftServerConfigKeys (ConfUtils.java:logGet(43)) - raft.server.log.segment.cache.num.max = 2 (custom)
2019-09-26 13:00:17,484 INFO  segmented.SegmentedRaftLogWorker (SegmentedRaftLogWorker.java:<init>(172)) - new 2378ee51-46ca-4d4e-9932-55ed414d7738-SegmentedRaftLogWorker:Storage Directory /workdir/hadoop-ozone/integration-test/target/test-dir/MiniOzoneClusterImpl-5562625b-1625-43ae-b8ef-ca09318140db/datanode-0/data/ratis/a527df18-21cd-4421-b064-9ab47179292f for RaftStorage:Storage Directory /workdir/hadoop-ozone/integration-test/target/test-dir/MiniOzoneClusterImpl-5562625b-1625-43ae-b8ef-ca09318140db/datanode-0/data/ratis/a527df18-21cd-4421-b064-9ab47179292f
2019-09-26 13:00:17,484 INFO  server.RaftServerConfigKeys (ConfUtils.java:logGet(43)) - raft.server.log.queue.byte-limit = 2147483647 (custom)
2019-09-26 13:00:17,484 INFO  server.RaftServerConfigKeys (ConfUtils.java:logGet(43)) - raft.server.log.queue.element-limit = 1024 (custom)
2019-09-26 13:00:17,484 INFO  server.RaftServerConfigKeys (ConfUtils.java:logGet(43)) - raft.server.log.segment.size.max = 1048576 (custom)
2019-09-26 13:00:17,485 INFO  server.RaftServerConfigKeys (ConfUtils.java:logGet(43)) - raft.server.log.preallocated.size = 16384 (custom)
2019-09-26 13:00:17,485 INFO  server.RaftServerConfigKeys (ConfUtils.java:logGet(43)) - raft.server.log.write.buffer.size = 33554432 (custom)
2019-09-26 13:00:17,485 INFO  server.RaftServerConfigKeys (ConfUtils.java:logGet(43)) - raft.server.log.force.sync.num = 128 (default)
2019-09-26 13:00:17,485 INFO  server.RaftServerConfigKeys (ConfUtils.java:logGet(43)) - raft.server.log.statemachine.data.sync = true (default)
2019-09-26 13:00:17,485 INFO  server.RaftServerConfigKeys (ConfUtils.java:logGet(43)) - raft.server.log.statemachine.data.sync.timeout = 10s (default)
2019-09-26 13:00:17,486 INFO  server.RaftServerConfigKeys (ConfUtils.java:logGet(43)) - raft.server.log.statemachine.data.sync.timeout.retry = -1 (default)
2019-09-26 13:00:17,486 INFO  server.RaftServerConfigKeys (ConfUtils.java:logGet(43)) - raft.server.log.statemachine.data.caching.enabled = true (custom)
2019-09-26 13:00:17,497 INFO  impl.RaftServerImpl (ServerState.java:setRaftConf(361)) - 2378ee51-46ca-4d4e-9932-55ed414d7738:group-9AB47179292F set configuration 0: [2378ee51-46ca-4d4e-9932-55ed414d7738:192.168.151.70:38753], old=null at 0
2019-09-26 13:00:17,498 INFO  segmented.LogSegment (LogSegment.java:loadSegment(145)) - Successfully read 1 entries from segment file /workdir/hadoop-ozone/integration-test/target/test-dir/MiniOzoneClusterImpl-5562625b-1625-43ae-b8ef-ca09318140db/datanode-0/data/ratis/a527df18-21cd-4421-b064-9ab47179292f/current/log_inprogress_0
2019-09-26 13:00:17,499 INFO  segmented.SegmentedRaftLogWorker (SegmentedRaftLogWorker.java:lambda$new$0(132)) - 2378ee51-46ca-4d4e-9932-55ed414d7738-SegmentedRaftLogWorker:Storage Directory /workdir/hadoop-ozone/integration-test/target/test-dir/MiniOzoneClusterImpl-5562625b-1625-43ae-b8ef-ca09318140db/datanode-0/data/ratis/a527df18-21cd-4421-b064-9ab47179292f: flushIndex: setUnconditionally 0 -> 0
2019-09-26 13:00:17,504 INFO  handler.ContextHandler (ContextHandler.java:doStart(781)) - Started o.e.j.w.WebAppContext@5a868d92{/,file:///tmp/jetty-0.0.0.0-33666-hddsDatanode-_-any-1914922024599597378.dir/webapp/,AVAILABLE}{/hddsDatanode}
2019-09-26 13:00:17,505 INFO  server.AbstractConnector (AbstractConnector.java:doStart(278)) - Started ServerConnector@215e90d9{HTTP/1.1,[http/1.1]}{0.0.0.0:33666}
2019-09-26 13:00:17,534 INFO  server.Server (Server.java:doStart(419)) - Started @52158ms
2019-09-26 13:00:17,534 INFO  server.RaftServerConfigKeys (ConfUtils.java:logGet(43)) - raft.server.snapshot.auto.trigger.enabled = true (custom)
2019-09-26 13:00:17,535 INFO  server.RaftServerConfigKeys (ConfUtils.java:logGet(43)) - raft.server.snapshot.auto.trigger.threshold = 10000 (custom)
2019-09-26 13:00:17,535 INFO  server.RaftServerConfigKeys (ConfUtils.java:logGet(43)) - raft.server.retrycache.expirytime = 600000ms (custom)
2019-09-26 13:00:17,535 INFO  server.BaseHttpServer (BaseHttpServer.java:updateConnectorAddress(207)) - HTTP server of HDDSDATANODE is listening at http://0.0.0.0:33666
2019-09-26 13:00:17,537 INFO  impl.RaftServerImpl (RaftServerImpl.java:<init>(93)) - 2378ee51-46ca-4d4e-9932-55ed414d7738: new RaftServerImpl for group-6A221178FDF0:[] with ContainerStateMachine:uninitialized
2019-09-26 13:00:17,537 INFO  server.RaftServerConfigKeys (ConfUtils.java:logGet(43)) - raft.server.rpc.timeout.min = 5s (custom)
2019-09-26 13:00:17,538 INFO  server.RaftServerConfigKeys (ConfUtils.java:logGet(43)) - raft.server.rpc.timeout.max = 5200ms (custom)
2019-09-26 13:00:17,538 INFO  server.RaftServerConfigKeys (ConfUtils.java:logGet(43)) - raft.server.rpcslowness.timeout = 120s (custom)
2019-09-26 13:00:17,538 INFO  server.RaftServerConfigKeys (ConfUtils.java:logGet(43)) - raft.server.sleep.deviation.threshold = 300 (default)
2019-09-26 13:00:17,538 INFO  server.RaftServerConfigKeys (ConfUtils.java:logGet(43)) - raft.server.log.appender.install.snapshot.enabled = false (custom)
2019-09-26 13:00:17,538 INFO  impl.RaftServerImpl (ServerState.java:<init>(105)) - 2378ee51-46ca-4d4e-9932-55ed414d7738:group-6A221178FDF0 ConfigurationManager, init=-1: [], old=null, confs=<EMPTY_MAP>
2019-09-26 13:00:17,538 INFO  server.RaftServerConfigKeys (ConfUtils.java:logGet(43)) - raft.server.storage.dir = [/workdir/hadoop-ozone/integration-test/target/test-dir/MiniOzoneClusterImpl-5562625b-1625-43ae-b8ef-ca09318140db/datanode-0/data/ratis] (custom)
2019-09-26 13:00:17,551 INFO  storage.RaftStorageDirectory (RaftStorageDirectory.java:tryLock(328)) - Lock on /workdir/hadoop-ozone/integration-test/target/test-dir/MiniOzoneClusterImpl-5562625b-1625-43ae-b8ef-ca09318140db/datanode-0/data/ratis/c2b23c15-1296-4c9a-8056-6a221178fdf0/in_use.lock acquired by nodename 10197@byscane-acceptance-20190926-d9prj-792920712
2019-09-26 13:00:17,552 INFO  ratis.ContainerStateMachine (ContainerStateMachine.java:loadSnapshot(213)) - group-6A221178FDF0: The snapshot info is null. Setting the last applied indexto:(t:0, i:~)
2019-09-26 13:00:17,552 INFO  server.RaftServerConfigKeys (ConfUtils.java:logGet(43)) - raft.server.leader.election.timeout = 120s (custom)
2019-09-26 13:00:17,552 INFO  server.RaftServerConfigKeys (ConfUtils.java:logGet(43)) - raft.server.log.use.memory = false (default)
2019-09-26 13:00:17,552 INFO  server.RaftServerConfigKeys (ConfUtils.java:logGet(43)) - raft.server.log.purge.gap = 1000000000 (custom)
2019-09-26 13:00:17,552 INFO  server.RaftServerConfigKeys (ConfUtils.java:logGet(43)) - raft.server.log.appender.buffer.byte-limit = 33554432 (custom)
2019-09-26 13:00:17,553 INFO  server.RaftServerConfigKeys (ConfUtils.java:logGet(43)) - raft.server.log.segment.size.max = 1048576 (custom)
2019-09-26 13:00:17,553 INFO  server.RaftServerConfigKeys (ConfUtils.java:logGet(43)) - raft.server.log.segment.cache.num.max = 2 (custom)
2019-09-26 13:00:17,553 INFO  segmented.SegmentedRaftLogWorker (SegmentedRaftLogWorker.java:<init>(172)) - new 2378ee51-46ca-4d4e-9932-55ed414d7738-SegmentedRaftLogWorker:Storage Directory /workdir/hadoop-ozone/integration-test/target/test-dir/MiniOzoneClusterImpl-5562625b-1625-43ae-b8ef-ca09318140db/datanode-0/data/ratis/c2b23c15-1296-4c9a-8056-6a221178fdf0 for RaftStorage:Storage Directory /workdir/hadoop-ozone/integration-test/target/test-dir/MiniOzoneClusterImpl-5562625b-1625-43ae-b8ef-ca09318140db/datanode-0/data/ratis/c2b23c15-1296-4c9a-8056-6a221178fdf0
2019-09-26 13:00:17,553 INFO  server.RaftServerConfigKeys (ConfUtils.java:logGet(43)) - raft.server.log.queue.byte-limit = 2147483647 (custom)
2019-09-26 13:00:17,553 INFO  server.RaftServerConfigKeys (ConfUtils.java:logGet(43)) - raft.server.log.queue.element-limit = 1024 (custom)
2019-09-26 13:00:17,554 INFO  server.RaftServerConfigKeys (ConfUtils.java:logGet(43)) - raft.server.log.segment.size.max = 1048576 (custom)
2019-09-26 13:00:17,554 INFO  server.RaftServerConfigKeys (ConfUtils.java:logGet(43)) - raft.server.log.preallocated.size = 16384 (custom)
2019-09-26 13:00:17,554 INFO  server.RaftServerConfigKeys (ConfUtils.java:logGet(43)) - raft.server.log.write.buffer.size = 33554432 (custom)
2019-09-26 13:00:17,554 INFO  server.RaftServerConfigKeys (ConfUtils.java:logGet(43)) - raft.server.log.force.sync.num = 128 (default)
2019-09-26 13:00:17,554 INFO  server.RaftServerConfigKeys (ConfUtils.java:logGet(43)) - raft.server.log.statemachine.data.sync = true (default)
2019-09-26 13:00:17,554 INFO  server.RaftServerConfigKeys (ConfUtils.java:logGet(43)) - raft.server.log.statemachine.data.sync.timeout = 10s (default)
2019-09-26 13:00:17,555 INFO  server.RaftServerConfigKeys (ConfUtils.java:logGet(43)) - raft.server.log.statemachine.data.sync.timeout.retry = -1 (default)
2019-09-26 13:00:17,555 INFO  server.RaftServerConfigKeys (ConfUtils.java:logGet(43)) - raft.server.log.statemachine.data.caching.enabled = true (custom)
2019-09-26 13:00:17,556 INFO  impl.RaftServerImpl (ServerState.java:setRaftConf(361)) - 2378ee51-46ca-4d4e-9932-55ed414d7738:group-6A221178FDF0 set configuration 0: [951a7b2a-2ee0-470c-8467-0ef8f4612cc9:192.168.151.70:40524, 42e8478e-59b3-4480-9906-12dff8b32ca3:192.168.151.70:38858, 2378ee51-46ca-4d4e-9932-55ed414d7738:192.168.151.70:38753], old=null at 0
2019-09-26 13:00:17,556 INFO  segmented.LogSegment (LogSegment.java:loadSegment(145)) - Successfully read 1 entries from segment file /workdir/hadoop-ozone/integration-test/target/test-dir/MiniOzoneClusterImpl-5562625b-1625-43ae-b8ef-ca09318140db/datanode-0/data/ratis/c2b23c15-1296-4c9a-8056-6a221178fdf0/current/log_inprogress_0
2019-09-26 13:00:17,556 INFO  segmented.SegmentedRaftLogWorker (SegmentedRaftLogWorker.java:lambda$new$0(132)) - 2378ee51-46ca-4d4e-9932-55ed414d7738-SegmentedRaftLogWorker:Storage Directory /workdir/hadoop-ozone/integration-test/target/test-dir/MiniOzoneClusterImpl-5562625b-1625-43ae-b8ef-ca09318140db/datanode-0/data/ratis/c2b23c15-1296-4c9a-8056-6a221178fdf0: flushIndex: setUnconditionally 0 -> 0
2019-09-26 13:00:17,586 INFO  server.RaftServerConfigKeys (ConfUtils.java:logGet(43)) - raft.server.snapshot.auto.trigger.enabled = true (custom)
2019-09-26 13:00:17,586 INFO  server.RaftServerConfigKeys (ConfUtils.java:logGet(43)) - raft.server.snapshot.auto.trigger.threshold = 10000 (custom)
2019-09-26 13:00:17,586 INFO  server.RaftServerConfigKeys (ConfUtils.java:logGet(43)) - raft.server.retrycache.expirytime = 600000ms (custom)
2019-09-26 13:00:17,693 | INFO  | ObjectStoreRestHttpServer | Listening HDDS REST traffic on /0.0.0.0:38397 |  
2019-09-26 13:00:17,693 INFO  ozone.HddsDatanodeService (HddsDatanodeService.java:startPlugins(395)) - Started plug-in org.apache.hadoop.ozone.web.OzoneHddsDatanodeService@28bbeccd
2019-09-26 13:00:17,696 INFO  util.JvmPauseMonitor (JvmPauseMonitor.java:run(188)) - Starting JVM pause monitor
2019-09-26 13:00:17,696 INFO  impl.MetricsSystemImpl (MetricsSystemImpl.java:init(158)) - HddsDatanode metrics system started (again)
2019-09-26 13:00:17,700 INFO  ozone.HddsDatanodeService (HddsDatanodeService.java:start(184)) - HddsDatanodeService host:byscane-acceptance-20190926-d9prj-792920712 ip:192.168.151.70
2019-09-26 13:00:17,703 INFO  volume.VolumeUsage (VolumeUsage.java:loadScmUsed(144)) - Cached ScmUsed found for /workdir/hadoop-ozone/integration-test/target/test-dir/MiniOzoneClusterImpl-5562625b-1625-43ae-b8ef-ca09318140db/datanode-1/data/containers : 4096 
2019-09-26 13:00:17,703 INFO  volume.HddsVolume (HddsVolume.java:<init>(176)) - Creating Volume: /workdir/hadoop-ozone/integration-test/target/test-dir/MiniOzoneClusterImpl-5562625b-1625-43ae-b8ef-ca09318140db/datanode-1/data/containers/hdds of  storage type : DISK and capacity : 1482555576320
2019-09-26 13:00:17,704 INFO  volume.VolumeSet (VolumeSet.java:initializeVolumeSet(170)) - Added Volume : /workdir/hadoop-ozone/integration-test/target/test-dir/MiniOzoneClusterImpl-5562625b-1625-43ae-b8ef-ca09318140db/datanode-1/data/containers/hdds to VolumeSet
2019-09-26 13:00:17,704 INFO  volume.ThrottledAsyncChecker (ThrottledAsyncChecker.java:schedule(140)) - Scheduling a check for org.apache.hadoop.ozone.container.common.volume.HddsVolume@a495b7a
2019-09-26 13:00:17,705 INFO  volume.HddsVolumeChecker (HddsVolumeChecker.java:checkAllVolumes(203)) - Scheduled health check for volume org.apache.hadoop.ozone.container.common.volume.HddsVolume@a495b7a
2019-09-26 13:00:17,725 INFO  impl.RaftServerProxy (ConfUtils.java:logGet(43)) - raft.rpc.type = GRPC (default)
2019-09-26 13:00:17,725 INFO  grpc.GrpcFactory (GrpcFactory.java:checkPooledByteBufAllocatorUseCacheForAllThreads(45)) - PERFORMANCE WARNING: useCacheForAllThreads is true that may cause Netty to create a lot garbage objects and, as a result, trigger GC.
	It is recommended to disable useCacheForAllThreads by setting -Dorg.apache.ratis.thirdparty.io.netty.allocator.useCacheForAllThreads=false in command line.
2019-09-26 13:00:17,725 INFO  grpc.GrpcConfigKeys$Server (ConfUtils.java:logGet(43)) - raft.grpc.server.port = 38858 (custom)
2019-09-26 13:00:17,726 INFO  server.GrpcService (ConfUtils.java:logGet(43)) - raft.grpc.message.size.max = 33570816 (custom)
2019-09-26 13:00:17,726 INFO  server.RaftServerConfigKeys (ConfUtils.java:logGet(43)) - raft.server.log.appender.buffer.byte-limit = 33554432 (custom)
2019-09-26 13:00:17,726 INFO  server.GrpcService (ConfUtils.java:logGet(43)) - raft.grpc.flow.control.window = 1MB (=1048576) (default)
2019-09-26 13:00:17,726 INFO  server.RaftServerConfigKeys (ConfUtils.java:logGet(43)) - raft.server.rpc.request.timeout = 3000ms (default)
2019-09-26 13:00:17,727 INFO  server.RaftServerConfigKeys (ConfUtils.java:logGet(43)) - raft.server.storage.dir = [/workdir/hadoop-ozone/integration-test/target/test-dir/MiniOzoneClusterImpl-5562625b-1625-43ae-b8ef-ca09318140db/datanode-1/data/ratis] (custom)
2019-09-26 13:00:17,727 INFO  impl.RaftServerProxy (RaftServerProxy.java:lambda$null$0(191)) - 42e8478e-59b3-4480-9906-12dff8b32ca3: found a subdirectory /workdir/hadoop-ozone/integration-test/target/test-dir/MiniOzoneClusterImpl-5562625b-1625-43ae-b8ef-ca09318140db/datanode-1/data/ratis/c2b23c15-1296-4c9a-8056-6a221178fdf0
2019-09-26 13:00:17,727 INFO  impl.RaftServerProxy (RaftServerProxy.java:addNew(89)) - 42e8478e-59b3-4480-9906-12dff8b32ca3: addNew group-6A221178FDF0:[] returns group-6A221178FDF0:java.util.concurrent.CompletableFuture@5aacd8b6[Not completed]
2019-09-26 13:00:17,728 INFO  impl.RaftServerProxy (RaftServerProxy.java:lambda$null$0(191)) - 42e8478e-59b3-4480-9906-12dff8b32ca3: found a subdirectory /workdir/hadoop-ozone/integration-test/target/test-dir/MiniOzoneClusterImpl-5562625b-1625-43ae-b8ef-ca09318140db/datanode-1/data/ratis/6737c98c-3d21-430d-938e-60cb043f43e6
2019-09-26 13:00:17,728 INFO  impl.RaftServerProxy (RaftServerProxy.java:addNew(89)) - 42e8478e-59b3-4480-9906-12dff8b32ca3: addNew group-60CB043F43E6:[] returns group-60CB043F43E6:java.util.concurrent.CompletableFuture@7f1272fe[Not completed]
2019-09-26 13:00:17,728 INFO  replication.SimpleContainerDownloader (SimpleContainerDownloader.java:<init>(72)) - Starting container downloader service to copy containers to replicate.
2019-09-26 13:00:17,730 INFO  hdfs.DFSUtil (DFSUtil.java:httpServerTemplateForNNAndJN(1641)) - Starting Web-server for hddsDatanode at: http://0.0.0.0:39317
2019-09-26 13:00:17,731 INFO  impl.RaftServerImpl (RaftServerImpl.java:<init>(93)) - 42e8478e-59b3-4480-9906-12dff8b32ca3: new RaftServerImpl for group-6A221178FDF0:[] with ContainerStateMachine:uninitialized
2019-09-26 13:00:17,731 INFO  server.RaftServerConfigKeys (ConfUtils.java:logGet(43)) - raft.server.rpc.timeout.min = 5s (custom)
2019-09-26 13:00:17,731 INFO  server.RaftServerConfigKeys (ConfUtils.java:logGet(43)) - raft.server.rpc.timeout.max = 5200ms (custom)
2019-09-26 13:00:17,731 INFO  server.RaftServerConfigKeys (ConfUtils.java:logGet(43)) - raft.server.rpcslowness.timeout = 120s (custom)
2019-09-26 13:00:17,732 INFO  server.RaftServerConfigKeys (ConfUtils.java:logGet(43)) - raft.server.sleep.deviation.threshold = 300 (default)
2019-09-26 13:00:17,732 INFO  server.RaftServerConfigKeys (ConfUtils.java:logGet(43)) - raft.server.log.appender.install.snapshot.enabled = false (custom)
2019-09-26 13:00:17,732 INFO  impl.RaftServerImpl (ServerState.java:<init>(105)) - 42e8478e-59b3-4480-9906-12dff8b32ca3:group-6A221178FDF0 ConfigurationManager, init=-1: [], old=null, confs=<EMPTY_MAP>
2019-09-26 13:00:17,732 INFO  server.AuthenticationFilter (AuthenticationFilter.java:constructSecretProvider(240)) - Unable to initialize FileSignerSecretProvider, falling back to use random secrets.
2019-09-26 13:00:17,732 INFO  server.RaftServerConfigKeys (ConfUtils.java:logGet(43)) - raft.server.storage.dir = [/workdir/hadoop-ozone/integration-test/target/test-dir/MiniOzoneClusterImpl-5562625b-1625-43ae-b8ef-ca09318140db/datanode-1/data/ratis] (custom)
2019-09-26 13:00:17,733 WARN  http.HttpRequestLog (HttpRequestLog.java:getRequestLog(97)) - Jetty request log can only be enabled using Log4j
2019-09-26 13:00:17,735 INFO  http.HttpServer2 (HttpServer2.java:addGlobalFilter(975)) - Added global filter 'safety' (class=org.apache.hadoop.http.HttpServer2$QuotingInputFilter)
2019-09-26 13:00:17,736 INFO  http.HttpServer2 (HttpServer2.java:addFilter(948)) - Added filter static_user_filter (class=org.apache.hadoop.http.lib.StaticUserWebFilter$StaticUserFilter) to context hddsDatanode
2019-09-26 13:00:17,736 INFO  http.HttpServer2 (HttpServer2.java:addFilter(958)) - Added filter static_user_filter (class=org.apache.hadoop.http.lib.StaticUserWebFilter$StaticUserFilter) to context logs
2019-09-26 13:00:17,737 INFO  http.HttpServer2 (HttpServer2.java:addFilter(958)) - Added filter static_user_filter (class=org.apache.hadoop.http.lib.StaticUserWebFilter$StaticUserFilter) to context static
2019-09-26 13:00:17,738 INFO  http.HttpServer2 (HttpServer2.java:bindListener(1191)) - Jetty bound to port 39317
2019-09-26 13:00:17,738 INFO  server.Server (Server.java:doStart(351)) - jetty-9.3.24.v20180605, build timestamp: 2018-06-05T17:11:56Z, git hash: 84205aa28f11a4f31f2a3b86d1bba2cc8ab69827
2019-09-26 13:00:17,740 INFO  handler.ContextHandler (ContextHandler.java:doStart(781)) - Started o.e.j.s.ServletContextHandler@6c685aea{/logs,file:///workdir/hadoop-ozone/integration-test/target/log,AVAILABLE}
2019-09-26 13:00:17,741 INFO  handler.ContextHandler (ContextHandler.java:doStart(781)) - Started o.e.j.s.ServletContextHandler@48487920{/static,jar:file:/home/user/.m2/repository/org/apache/hadoop/hadoop-hdds-container-service/0.4.1-SNAPSHOT/hadoop-hdds-container-service-0.4.1-SNAPSHOT.jar!/webapps/static,AVAILABLE}
2019-09-26 13:00:17,754 INFO  storage.RaftStorageDirectory (RaftStorageDirectory.java:tryLock(328)) - Lock on /workdir/hadoop-ozone/integration-test/target/test-dir/MiniOzoneClusterImpl-5562625b-1625-43ae-b8ef-ca09318140db/datanode-1/data/ratis/c2b23c15-1296-4c9a-8056-6a221178fdf0/in_use.lock acquired by nodename 10197@byscane-acceptance-20190926-d9prj-792920712
2019-09-26 13:00:17,754 INFO  ratis.ContainerStateMachine (ContainerStateMachine.java:loadSnapshot(213)) - group-6A221178FDF0: The snapshot info is null. Setting the last applied indexto:(t:0, i:~)
2019-09-26 13:00:17,755 INFO  server.RaftServerConfigKeys (ConfUtils.java:logGet(43)) - raft.server.leader.election.timeout = 120s (custom)
2019-09-26 13:00:17,755 INFO  server.RaftServerConfigKeys (ConfUtils.java:logGet(43)) - raft.server.log.use.memory = false (default)
2019-09-26 13:00:17,755 INFO  server.RaftServerConfigKeys (ConfUtils.java:logGet(43)) - raft.server.log.purge.gap = 1000000000 (custom)
2019-09-26 13:00:17,755 INFO  server.RaftServerConfigKeys (ConfUtils.java:logGet(43)) - raft.server.log.appender.buffer.byte-limit = 33554432 (custom)
2019-09-26 13:00:17,756 INFO  server.RaftServerConfigKeys (ConfUtils.java:logGet(43)) - raft.server.log.segment.size.max = 1048576 (custom)
2019-09-26 13:00:17,756 INFO  server.RaftServerConfigKeys (ConfUtils.java:logGet(43)) - raft.server.log.segment.cache.num.max = 2 (custom)
2019-09-26 13:00:17,756 INFO  segmented.SegmentedRaftLogWorker (SegmentedRaftLogWorker.java:<init>(172)) - new 42e8478e-59b3-4480-9906-12dff8b32ca3-SegmentedRaftLogWorker:Storage Directory /workdir/hadoop-ozone/integration-test/target/test-dir/MiniOzoneClusterImpl-5562625b-1625-43ae-b8ef-ca09318140db/datanode-1/data/ratis/c2b23c15-1296-4c9a-8056-6a221178fdf0 for RaftStorage:Storage Directory /workdir/hadoop-ozone/integration-test/target/test-dir/MiniOzoneClusterImpl-5562625b-1625-43ae-b8ef-ca09318140db/datanode-1/data/ratis/c2b23c15-1296-4c9a-8056-6a221178fdf0
2019-09-26 13:00:17,756 INFO  server.RaftServerConfigKeys (ConfUtils.java:logGet(43)) - raft.server.log.queue.byte-limit = 2147483647 (custom)
2019-09-26 13:00:17,757 INFO  server.RaftServerConfigKeys (ConfUtils.java:logGet(43)) - raft.server.log.queue.element-limit = 1024 (custom)
2019-09-26 13:00:17,757 INFO  server.RaftServerConfigKeys (ConfUtils.java:logGet(43)) - raft.server.log.segment.size.max = 1048576 (custom)
2019-09-26 13:00:17,757 INFO  server.RaftServerConfigKeys (ConfUtils.java:logGet(43)) - raft.server.log.preallocated.size = 16384 (custom)
2019-09-26 13:00:17,757 INFO  server.RaftServerConfigKeys (ConfUtils.java:logGet(43)) - raft.server.log.write.buffer.size = 33554432 (custom)
2019-09-26 13:00:17,758 INFO  server.RaftServerConfigKeys (ConfUtils.java:logGet(43)) - raft.server.log.force.sync.num = 128 (default)
2019-09-26 13:00:17,758 INFO  server.RaftServerConfigKeys (ConfUtils.java:logGet(43)) - raft.server.log.statemachine.data.sync = true (default)
2019-09-26 13:00:17,758 INFO  server.RaftServerConfigKeys (ConfUtils.java:logGet(43)) - raft.server.log.statemachine.data.sync.timeout = 10s (default)
2019-09-26 13:00:17,758 INFO  server.RaftServerConfigKeys (ConfUtils.java:logGet(43)) - raft.server.log.statemachine.data.sync.timeout.retry = -1 (default)
2019-09-26 13:00:17,758 INFO  server.RaftServerConfigKeys (ConfUtils.java:logGet(43)) - raft.server.log.statemachine.data.caching.enabled = true (custom)
2019-09-26 13:00:17,760 INFO  impl.RaftServerImpl (ServerState.java:setRaftConf(361)) - 42e8478e-59b3-4480-9906-12dff8b32ca3:group-6A221178FDF0 set configuration 0: [951a7b2a-2ee0-470c-8467-0ef8f4612cc9:192.168.151.70:40524, 42e8478e-59b3-4480-9906-12dff8b32ca3:192.168.151.70:38858, 2378ee51-46ca-4d4e-9932-55ed414d7738:192.168.151.70:38753], old=null at 0
2019-09-26 13:00:17,760 INFO  segmented.LogSegment (LogSegment.java:loadSegment(145)) - Successfully read 1 entries from segment file /workdir/hadoop-ozone/integration-test/target/test-dir/MiniOzoneClusterImpl-5562625b-1625-43ae-b8ef-ca09318140db/datanode-1/data/ratis/c2b23c15-1296-4c9a-8056-6a221178fdf0/current/log_inprogress_0
2019-09-26 13:00:17,761 INFO  segmented.SegmentedRaftLogWorker (SegmentedRaftLogWorker.java:lambda$new$0(132)) - 42e8478e-59b3-4480-9906-12dff8b32ca3-SegmentedRaftLogWorker:Storage Directory /workdir/hadoop-ozone/integration-test/target/test-dir/MiniOzoneClusterImpl-5562625b-1625-43ae-b8ef-ca09318140db/datanode-1/data/ratis/c2b23c15-1296-4c9a-8056-6a221178fdf0: flushIndex: setUnconditionally 0 -> 0
2019-09-26 13:00:17,795 INFO  handler.ContextHandler (ContextHandler.java:doStart(781)) - Started o.e.j.w.WebAppContext@3b9ee6be{/,file:///tmp/jetty-0.0.0.0-39317-hddsDatanode-_-any-3227115854199695009.dir/webapp/,AVAILABLE}{/hddsDatanode}
2019-09-26 13:00:17,796 INFO  server.AbstractConnector (AbstractConnector.java:doStart(278)) - Started ServerConnector@26d3c23e{HTTP/1.1,[http/1.1]}{0.0.0.0:39317}
2019-09-26 13:00:17,799 INFO  server.RaftServerConfigKeys (ConfUtils.java:logGet(43)) - raft.server.snapshot.auto.trigger.enabled = true (custom)
2019-09-26 13:00:17,799 INFO  server.RaftServerConfigKeys (ConfUtils.java:logGet(43)) - raft.server.snapshot.auto.trigger.threshold = 10000 (custom)
2019-09-26 13:00:17,799 INFO  server.RaftServerConfigKeys (ConfUtils.java:logGet(43)) - raft.server.retrycache.expirytime = 600000ms (custom)
2019-09-26 13:00:17,799 INFO  server.Server (Server.java:doStart(419)) - Started @52423ms
2019-09-26 13:00:17,800 INFO  server.BaseHttpServer (BaseHttpServer.java:updateConnectorAddress(207)) - HTTP server of HDDSDATANODE is listening at http://0.0.0.0:39317
2019-09-26 13:00:17,801 INFO  impl.RaftServerImpl (RaftServerImpl.java:<init>(93)) - 42e8478e-59b3-4480-9906-12dff8b32ca3: new RaftServerImpl for group-60CB043F43E6:[] with ContainerStateMachine:uninitialized
2019-09-26 13:00:17,802 INFO  server.RaftServerConfigKeys (ConfUtils.java:logGet(43)) - raft.server.rpc.timeout.min = 5s (custom)
2019-09-26 13:00:17,802 INFO  server.RaftServerConfigKeys (ConfUtils.java:logGet(43)) - raft.server.rpc.timeout.max = 5200ms (custom)
2019-09-26 13:00:17,802 INFO  server.RaftServerConfigKeys (ConfUtils.java:logGet(43)) - raft.server.rpcslowness.timeout = 120s (custom)
2019-09-26 13:00:17,802 INFO  server.RaftServerConfigKeys (ConfUtils.java:logGet(43)) - raft.server.sleep.deviation.threshold = 300 (default)
2019-09-26 13:00:17,802 INFO  server.RaftServerConfigKeys (ConfUtils.java:logGet(43)) - raft.server.log.appender.install.snapshot.enabled = false (custom)
2019-09-26 13:00:17,802 INFO  impl.RaftServerImpl (ServerState.java:<init>(105)) - 42e8478e-59b3-4480-9906-12dff8b32ca3:group-60CB043F43E6 ConfigurationManager, init=-1: [], old=null, confs=<EMPTY_MAP>
2019-09-26 13:00:17,803 INFO  server.RaftServerConfigKeys (ConfUtils.java:logGet(43)) - raft.server.storage.dir = [/workdir/hadoop-ozone/integration-test/target/test-dir/MiniOzoneClusterImpl-5562625b-1625-43ae-b8ef-ca09318140db/datanode-1/data/ratis] (custom)
2019-09-26 13:00:17,815 INFO  storage.RaftStorageDirectory (RaftStorageDirectory.java:tryLock(328)) - Lock on /workdir/hadoop-ozone/integration-test/target/test-dir/MiniOzoneClusterImpl-5562625b-1625-43ae-b8ef-ca09318140db/datanode-1/data/ratis/6737c98c-3d21-430d-938e-60cb043f43e6/in_use.lock acquired by nodename 10197@byscane-acceptance-20190926-d9prj-792920712
2019-09-26 13:00:17,816 INFO  ratis.ContainerStateMachine (ContainerStateMachine.java:loadSnapshot(213)) - group-60CB043F43E6: The snapshot info is null. Setting the last applied indexto:(t:0, i:~)
2019-09-26 13:00:17,816 INFO  server.RaftServerConfigKeys (ConfUtils.java:logGet(43)) - raft.server.leader.election.timeout = 120s (custom)
2019-09-26 13:00:17,816 INFO  server.RaftServerConfigKeys (ConfUtils.java:logGet(43)) - raft.server.log.use.memory = false (default)
2019-09-26 13:00:17,816 INFO  server.RaftServerConfigKeys (ConfUtils.java:logGet(43)) - raft.server.log.purge.gap = 1000000000 (custom)
2019-09-26 13:00:17,817 INFO  server.RaftServerConfigKeys (ConfUtils.java:logGet(43)) - raft.server.log.appender.buffer.byte-limit = 33554432 (custom)
2019-09-26 13:00:17,817 INFO  server.RaftServerConfigKeys (ConfUtils.java:logGet(43)) - raft.server.log.segment.size.max = 1048576 (custom)
2019-09-26 13:00:17,817 INFO  server.RaftServerConfigKeys (ConfUtils.java:logGet(43)) - raft.server.log.segment.cache.num.max = 2 (custom)
2019-09-26 13:00:17,817 INFO  segmented.SegmentedRaftLogWorker (SegmentedRaftLogWorker.java:<init>(172)) - new 42e8478e-59b3-4480-9906-12dff8b32ca3-SegmentedRaftLogWorker:Storage Directory /workdir/hadoop-ozone/integration-test/target/test-dir/MiniOzoneClusterImpl-5562625b-1625-43ae-b8ef-ca09318140db/datanode-1/data/ratis/6737c98c-3d21-430d-938e-60cb043f43e6 for RaftStorage:Storage Directory /workdir/hadoop-ozone/integration-test/target/test-dir/MiniOzoneClusterImpl-5562625b-1625-43ae-b8ef-ca09318140db/datanode-1/data/ratis/6737c98c-3d21-430d-938e-60cb043f43e6
2019-09-26 13:00:17,818 INFO  server.RaftServerConfigKeys (ConfUtils.java:logGet(43)) - raft.server.log.queue.byte-limit = 2147483647 (custom)
2019-09-26 13:00:17,818 INFO  server.RaftServerConfigKeys (ConfUtils.java:logGet(43)) - raft.server.log.queue.element-limit = 1024 (custom)
2019-09-26 13:00:17,818 INFO  server.RaftServerConfigKeys (ConfUtils.java:logGet(43)) - raft.server.log.segment.size.max = 1048576 (custom)
2019-09-26 13:00:17,818 INFO  server.RaftServerConfigKeys (ConfUtils.java:logGet(43)) - raft.server.log.preallocated.size = 16384 (custom)
2019-09-26 13:00:17,818 INFO  server.RaftServerConfigKeys (ConfUtils.java:logGet(43)) - raft.server.log.write.buffer.size = 33554432 (custom)
2019-09-26 13:00:17,819 INFO  server.RaftServerConfigKeys (ConfUtils.java:logGet(43)) - raft.server.log.force.sync.num = 128 (default)
2019-09-26 13:00:17,819 INFO  server.RaftServerConfigKeys (ConfUtils.java:logGet(43)) - raft.server.log.statemachine.data.sync = true (default)
2019-09-26 13:00:17,819 INFO  server.RaftServerConfigKeys (ConfUtils.java:logGet(43)) - raft.server.log.statemachine.data.sync.timeout = 10s (default)
2019-09-26 13:00:17,819 INFO  server.RaftServerConfigKeys (ConfUtils.java:logGet(43)) - raft.server.log.statemachine.data.sync.timeout.retry = -1 (default)
2019-09-26 13:00:17,819 INFO  server.RaftServerConfigKeys (ConfUtils.java:logGet(43)) - raft.server.log.statemachine.data.caching.enabled = true (custom)
2019-09-26 13:00:17,820 INFO  impl.RaftServerImpl (ServerState.java:setRaftConf(361)) - 42e8478e-59b3-4480-9906-12dff8b32ca3:group-60CB043F43E6 set configuration 0: [42e8478e-59b3-4480-9906-12dff8b32ca3:192.168.151.70:38858], old=null at 0
2019-09-26 13:00:17,821 INFO  segmented.LogSegment (LogSegment.java:loadSegment(145)) - Successfully read 1 entries from segment file /workdir/hadoop-ozone/integration-test/target/test-dir/MiniOzoneClusterImpl-5562625b-1625-43ae-b8ef-ca09318140db/datanode-1/data/ratis/6737c98c-3d21-430d-938e-60cb043f43e6/current/log_inprogress_0
2019-09-26 13:00:17,821 INFO  segmented.SegmentedRaftLogWorker (SegmentedRaftLogWorker.java:lambda$new$0(132)) - 42e8478e-59b3-4480-9906-12dff8b32ca3-SegmentedRaftLogWorker:Storage Directory /workdir/hadoop-ozone/integration-test/target/test-dir/MiniOzoneClusterImpl-5562625b-1625-43ae-b8ef-ca09318140db/datanode-1/data/ratis/6737c98c-3d21-430d-938e-60cb043f43e6: flushIndex: setUnconditionally 0 -> 0
2019-09-26 13:00:17,859 INFO  server.RaftServerConfigKeys (ConfUtils.java:logGet(43)) - raft.server.snapshot.auto.trigger.enabled = true (custom)
2019-09-26 13:00:17,860 INFO  server.RaftServerConfigKeys (ConfUtils.java:logGet(43)) - raft.server.snapshot.auto.trigger.threshold = 10000 (custom)
2019-09-26 13:00:17,860 INFO  server.RaftServerConfigKeys (ConfUtils.java:logGet(43)) - raft.server.retrycache.expirytime = 600000ms (custom)
2019-09-26 13:00:17,961 | INFO  | ObjectStoreRestHttpServer | Listening HDDS REST traffic on /0.0.0.0:37061 |  
2019-09-26 13:00:17,961 INFO  ozone.HddsDatanodeService (HddsDatanodeService.java:startPlugins(395)) - Started plug-in org.apache.hadoop.ozone.web.OzoneHddsDatanodeService@563fb25c
2019-09-26 13:00:17,963 INFO  impl.MetricsSystemImpl (MetricsSystemImpl.java:init(158)) - HddsDatanode metrics system started (again)
2019-09-26 13:00:17,963 INFO  util.JvmPauseMonitor (JvmPauseMonitor.java:run(188)) - Starting JVM pause monitor
2019-09-26 13:00:17,967 INFO  ozone.HddsDatanodeService (HddsDatanodeService.java:start(184)) - HddsDatanodeService host:byscane-acceptance-20190926-d9prj-792920712 ip:192.168.151.70
2019-09-26 13:00:17,969 INFO  volume.VolumeUsage (VolumeUsage.java:loadScmUsed(144)) - Cached ScmUsed found for /workdir/hadoop-ozone/integration-test/target/test-dir/MiniOzoneClusterImpl-5562625b-1625-43ae-b8ef-ca09318140db/datanode-2/data/containers : 4096 
2019-09-26 13:00:17,969 INFO  volume.HddsVolume (HddsVolume.java:<init>(176)) - Creating Volume: /workdir/hadoop-ozone/integration-test/target/test-dir/MiniOzoneClusterImpl-5562625b-1625-43ae-b8ef-ca09318140db/datanode-2/data/containers/hdds of  storage type : DISK and capacity : 1482555576320
2019-09-26 13:00:17,969 INFO  volume.VolumeSet (VolumeSet.java:initializeVolumeSet(170)) - Added Volume : /workdir/hadoop-ozone/integration-test/target/test-dir/MiniOzoneClusterImpl-5562625b-1625-43ae-b8ef-ca09318140db/datanode-2/data/containers/hdds to VolumeSet
2019-09-26 13:00:17,969 INFO  volume.ThrottledAsyncChecker (ThrottledAsyncChecker.java:schedule(140)) - Scheduling a check for org.apache.hadoop.ozone.container.common.volume.HddsVolume@2d278cc2
2019-09-26 13:00:17,970 INFO  volume.HddsVolumeChecker (HddsVolumeChecker.java:checkAllVolumes(203)) - Scheduled health check for volume org.apache.hadoop.ozone.container.common.volume.HddsVolume@2d278cc2
2019-09-26 13:00:17,986 INFO  impl.RaftServerProxy (ConfUtils.java:logGet(43)) - raft.rpc.type = GRPC (default)
2019-09-26 13:00:17,986 INFO  grpc.GrpcFactory (GrpcFactory.java:checkPooledByteBufAllocatorUseCacheForAllThreads(45)) - PERFORMANCE WARNING: useCacheForAllThreads is true that may cause Netty to create a lot garbage objects and, as a result, trigger GC.
	It is recommended to disable useCacheForAllThreads by setting -Dorg.apache.ratis.thirdparty.io.netty.allocator.useCacheForAllThreads=false in command line.
2019-09-26 13:00:17,986 INFO  grpc.GrpcConfigKeys$Server (ConfUtils.java:logGet(43)) - raft.grpc.server.port = 40524 (custom)
2019-09-26 13:00:17,987 INFO  server.GrpcService (ConfUtils.java:logGet(43)) - raft.grpc.message.size.max = 33570816 (custom)
2019-09-26 13:00:17,987 INFO  server.RaftServerConfigKeys (ConfUtils.java:logGet(43)) - raft.server.log.appender.buffer.byte-limit = 33554432 (custom)
2019-09-26 13:00:17,987 INFO  server.GrpcService (ConfUtils.java:logGet(43)) - raft.grpc.flow.control.window = 1MB (=1048576) (default)
2019-09-26 13:00:17,987 INFO  server.RaftServerConfigKeys (ConfUtils.java:logGet(43)) - raft.server.rpc.request.timeout = 3000ms (default)
2019-09-26 13:00:17,987 INFO  server.RaftServerConfigKeys (ConfUtils.java:logGet(43)) - raft.server.storage.dir = [/workdir/hadoop-ozone/integration-test/target/test-dir/MiniOzoneClusterImpl-5562625b-1625-43ae-b8ef-ca09318140db/datanode-2/data/ratis] (custom)
2019-09-26 13:00:17,988 INFO  impl.RaftServerProxy (RaftServerProxy.java:lambda$null$0(191)) - 951a7b2a-2ee0-470c-8467-0ef8f4612cc9: found a subdirectory /workdir/hadoop-ozone/integration-test/target/test-dir/MiniOzoneClusterImpl-5562625b-1625-43ae-b8ef-ca09318140db/datanode-2/data/ratis/b9944c0f-1fe7-4175-8cb5-79b48b78d141
2019-09-26 13:00:17,988 INFO  impl.RaftServerProxy (RaftServerProxy.java:addNew(89)) - 951a7b2a-2ee0-470c-8467-0ef8f4612cc9: addNew group-79B48B78D141:[] returns group-79B48B78D141:java.util.concurrent.CompletableFuture@1c68fc6a[Not completed]
2019-09-26 13:00:17,988 INFO  impl.RaftServerProxy (RaftServerProxy.java:lambda$null$0(191)) - 951a7b2a-2ee0-470c-8467-0ef8f4612cc9: found a subdirectory /workdir/hadoop-ozone/integration-test/target/test-dir/MiniOzoneClusterImpl-5562625b-1625-43ae-b8ef-ca09318140db/datanode-2/data/ratis/c2b23c15-1296-4c9a-8056-6a221178fdf0
2019-09-26 13:00:17,988 INFO  impl.RaftServerProxy (RaftServerProxy.java:addNew(89)) - 951a7b2a-2ee0-470c-8467-0ef8f4612cc9: addNew group-6A221178FDF0:[] returns group-6A221178FDF0:java.util.concurrent.CompletableFuture@3e8bd85c[Not completed]
2019-09-26 13:00:17,989 INFO  replication.SimpleContainerDownloader (SimpleContainerDownloader.java:<init>(72)) - Starting container downloader service to copy containers to replicate.
2019-09-26 13:00:17,990 INFO  hdfs.DFSUtil (DFSUtil.java:httpServerTemplateForNNAndJN(1641)) - Starting Web-server for hddsDatanode at: http://0.0.0.0:43283
2019-09-26 13:00:17,990 INFO  impl.RaftServerImpl (RaftServerImpl.java:<init>(93)) - 951a7b2a-2ee0-470c-8467-0ef8f4612cc9: new RaftServerImpl for group-79B48B78D141:[] with ContainerStateMachine:uninitialized
2019-09-26 13:00:17,991 INFO  server.RaftServerConfigKeys (ConfUtils.java:logGet(43)) - raft.server.rpc.timeout.min = 5s (custom)
2019-09-26 13:00:17,991 INFO  server.RaftServerConfigKeys (ConfUtils.java:logGet(43)) - raft.server.rpc.timeout.max = 5200ms (custom)
2019-09-26 13:00:17,991 INFO  server.RaftServerConfigKeys (ConfUtils.java:logGet(43)) - raft.server.rpcslowness.timeout = 120s (custom)
2019-09-26 13:00:17,992 INFO  server.RaftServerConfigKeys (ConfUtils.java:logGet(43)) - raft.server.sleep.deviation.threshold = 300 (default)
2019-09-26 13:00:17,992 INFO  server.RaftServerConfigKeys (ConfUtils.java:logGet(43)) - raft.server.log.appender.install.snapshot.enabled = false (custom)
2019-09-26 13:00:17,992 INFO  impl.RaftServerImpl (ServerState.java:<init>(105)) - 951a7b2a-2ee0-470c-8467-0ef8f4612cc9:group-79B48B78D141 ConfigurationManager, init=-1: [], old=null, confs=<EMPTY_MAP>
2019-09-26 13:00:17,992 INFO  server.RaftServerConfigKeys (ConfUtils.java:logGet(43)) - raft.server.storage.dir = [/workdir/hadoop-ozone/integration-test/target/test-dir/MiniOzoneClusterImpl-5562625b-1625-43ae-b8ef-ca09318140db/datanode-2/data/ratis] (custom)
2019-09-26 13:00:17,994 INFO  server.AuthenticationFilter (AuthenticationFilter.java:constructSecretProvider(240)) - Unable to initialize FileSignerSecretProvider, falling back to use random secrets.
2019-09-26 13:00:17,994 WARN  http.HttpRequestLog (HttpRequestLog.java:getRequestLog(97)) - Jetty request log can only be enabled using Log4j
2019-09-26 13:00:17,996 INFO  http.HttpServer2 (HttpServer2.java:addGlobalFilter(975)) - Added global filter 'safety' (class=org.apache.hadoop.http.HttpServer2$QuotingInputFilter)
2019-09-26 13:00:17,997 INFO  http.HttpServer2 (HttpServer2.java:addFilter(948)) - Added filter static_user_filter (class=org.apache.hadoop.http.lib.StaticUserWebFilter$StaticUserFilter) to context hddsDatanode
2019-09-26 13:00:17,997 INFO  http.HttpServer2 (HttpServer2.java:addFilter(958)) - Added filter static_user_filter (class=org.apache.hadoop.http.lib.StaticUserWebFilter$StaticUserFilter) to context logs
2019-09-26 13:00:17,998 INFO  http.HttpServer2 (HttpServer2.java:addFilter(958)) - Added filter static_user_filter (class=org.apache.hadoop.http.lib.StaticUserWebFilter$StaticUserFilter) to context static
2019-09-26 13:00:17,999 INFO  http.HttpServer2 (HttpServer2.java:bindListener(1191)) - Jetty bound to port 43283
2019-09-26 13:00:17,999 INFO  server.Server (Server.java:doStart(351)) - jetty-9.3.24.v20180605, build timestamp: 2018-06-05T17:11:56Z, git hash: 84205aa28f11a4f31f2a3b86d1bba2cc8ab69827
2019-09-26 13:00:18,002 INFO  handler.ContextHandler (ContextHandler.java:doStart(781)) - Started o.e.j.s.ServletContextHandler@23354ca7{/logs,file:///workdir/hadoop-ozone/integration-test/target/log,AVAILABLE}
2019-09-26 13:00:18,002 INFO  handler.ContextHandler (ContextHandler.java:doStart(781)) - Started o.e.j.s.ServletContextHandler@5487ef52{/static,jar:file:/home/user/.m2/repository/org/apache/hadoop/hadoop-hdds-container-service/0.4.1-SNAPSHOT/hadoop-hdds-container-service-0.4.1-SNAPSHOT.jar!/webapps/static,AVAILABLE}
2019-09-26 13:00:18,005 INFO  storage.RaftStorageDirectory (RaftStorageDirectory.java:tryLock(328)) - Lock on /workdir/hadoop-ozone/integration-test/target/test-dir/MiniOzoneClusterImpl-5562625b-1625-43ae-b8ef-ca09318140db/datanode-2/data/ratis/b9944c0f-1fe7-4175-8cb5-79b48b78d141/in_use.lock acquired by nodename 10197@byscane-acceptance-20190926-d9prj-792920712
2019-09-26 13:00:18,006 INFO  ratis.ContainerStateMachine (ContainerStateMachine.java:loadSnapshot(213)) - group-79B48B78D141: The snapshot info is null. Setting the last applied indexto:(t:0, i:~)
2019-09-26 13:00:18,007 INFO  server.RaftServerConfigKeys (ConfUtils.java:logGet(43)) - raft.server.leader.election.timeout = 120s (custom)
2019-09-26 13:00:18,007 INFO  server.RaftServerConfigKeys (ConfUtils.java:logGet(43)) - raft.server.log.use.memory = false (default)
2019-09-26 13:00:18,007 INFO  server.RaftServerConfigKeys (ConfUtils.java:logGet(43)) - raft.server.log.purge.gap = 1000000000 (custom)
2019-09-26 13:00:18,007 INFO  server.RaftServerConfigKeys (ConfUtils.java:logGet(43)) - raft.server.log.appender.buffer.byte-limit = 33554432 (custom)
2019-09-26 13:00:18,008 INFO  server.RaftServerConfigKeys (ConfUtils.java:logGet(43)) - raft.server.log.segment.size.max = 1048576 (custom)
2019-09-26 13:00:18,008 INFO  server.RaftServerConfigKeys (ConfUtils.java:logGet(43)) - raft.server.log.segment.cache.num.max = 2 (custom)
2019-09-26 13:00:18,008 INFO  segmented.SegmentedRaftLogWorker (SegmentedRaftLogWorker.java:<init>(172)) - new 951a7b2a-2ee0-470c-8467-0ef8f4612cc9-SegmentedRaftLogWorker:Storage Directory /workdir/hadoop-ozone/integration-test/target/test-dir/MiniOzoneClusterImpl-5562625b-1625-43ae-b8ef-ca09318140db/datanode-2/data/ratis/b9944c0f-1fe7-4175-8cb5-79b48b78d141 for RaftStorage:Storage Directory /workdir/hadoop-ozone/integration-test/target/test-dir/MiniOzoneClusterImpl-5562625b-1625-43ae-b8ef-ca09318140db/datanode-2/data/ratis/b9944c0f-1fe7-4175-8cb5-79b48b78d141
2019-09-26 13:00:18,008 INFO  server.RaftServerConfigKeys (ConfUtils.java:logGet(43)) - raft.server.log.queue.byte-limit = 2147483647 (custom)
2019-09-26 13:00:18,009 INFO  server.RaftServerConfigKeys (ConfUtils.java:logGet(43)) - raft.server.log.queue.element-limit = 1024 (custom)
2019-09-26 13:00:18,009 INFO  server.RaftServerConfigKeys (ConfUtils.java:logGet(43)) - raft.server.log.segment.size.max = 1048576 (custom)
2019-09-26 13:00:18,009 INFO  server.RaftServerConfigKeys (ConfUtils.java:logGet(43)) - raft.server.log.preallocated.size = 16384 (custom)
2019-09-26 13:00:18,009 INFO  server.RaftServerConfigKeys (ConfUtils.java:logGet(43)) - raft.server.log.write.buffer.size = 33554432 (custom)
2019-09-26 13:00:18,010 INFO  server.RaftServerConfigKeys (ConfUtils.java:logGet(43)) - raft.server.log.force.sync.num = 128 (default)
2019-09-26 13:00:18,010 INFO  server.RaftServerConfigKeys (ConfUtils.java:logGet(43)) - raft.server.log.statemachine.data.sync = true (default)
2019-09-26 13:00:18,010 INFO  server.RaftServerConfigKeys (ConfUtils.java:logGet(43)) - raft.server.log.statemachine.data.sync.timeout = 10s (default)
2019-09-26 13:00:18,010 INFO  server.RaftServerConfigKeys (ConfUtils.java:logGet(43)) - raft.server.log.statemachine.data.sync.timeout.retry = -1 (default)
2019-09-26 13:00:18,011 INFO  server.RaftServerConfigKeys (ConfUtils.java:logGet(43)) - raft.server.log.statemachine.data.caching.enabled = true (custom)
2019-09-26 13:00:18,012 INFO  impl.RaftServerImpl (ServerState.java:setRaftConf(361)) - 951a7b2a-2ee0-470c-8467-0ef8f4612cc9:group-79B48B78D141 set configuration 0: [951a7b2a-2ee0-470c-8467-0ef8f4612cc9:192.168.151.70:40524], old=null at 0
2019-09-26 13:00:18,012 INFO  segmented.LogSegment (LogSegment.java:loadSegment(145)) - Successfully read 1 entries from segment file /workdir/hadoop-ozone/integration-test/target/test-dir/MiniOzoneClusterImpl-5562625b-1625-43ae-b8ef-ca09318140db/datanode-2/data/ratis/b9944c0f-1fe7-4175-8cb5-79b48b78d141/current/log_inprogress_0
2019-09-26 13:00:18,012 INFO  segmented.SegmentedRaftLogWorker (SegmentedRaftLogWorker.java:lambda$new$0(132)) - 951a7b2a-2ee0-470c-8467-0ef8f4612cc9-SegmentedRaftLogWorker:Storage Directory /workdir/hadoop-ozone/integration-test/target/test-dir/MiniOzoneClusterImpl-5562625b-1625-43ae-b8ef-ca09318140db/datanode-2/data/ratis/b9944c0f-1fe7-4175-8cb5-79b48b78d141: flushIndex: setUnconditionally 0 -> 0
2019-09-26 13:00:18,052 INFO  server.RaftServerConfigKeys (ConfUtils.java:logGet(43)) - raft.server.snapshot.auto.trigger.enabled = true (custom)
2019-09-26 13:00:18,052 INFO  server.RaftServerConfigKeys (ConfUtils.java:logGet(43)) - raft.server.snapshot.auto.trigger.threshold = 10000 (custom)
2019-09-26 13:00:18,053 INFO  server.RaftServerConfigKeys (ConfUtils.java:logGet(43)) - raft.server.retrycache.expirytime = 600000ms (custom)
2019-09-26 13:00:18,055 INFO  impl.RaftServerImpl (RaftServerImpl.java:<init>(93)) - 951a7b2a-2ee0-470c-8467-0ef8f4612cc9: new RaftServerImpl for group-6A221178FDF0:[] with ContainerStateMachine:uninitialized
2019-09-26 13:00:18,055 INFO  server.RaftServerConfigKeys (ConfUtils.java:logGet(43)) - raft.server.rpc.timeout.min = 5s (custom)
2019-09-26 13:00:18,055 INFO  server.RaftServerConfigKeys (ConfUtils.java:logGet(43)) - raft.server.rpc.timeout.max = 5200ms (custom)
2019-09-26 13:00:18,055 INFO  server.RaftServerConfigKeys (ConfUtils.java:logGet(43)) - raft.server.rpcslowness.timeout = 120s (custom)
2019-09-26 13:00:18,055 INFO  server.RaftServerConfigKeys (ConfUtils.java:logGet(43)) - raft.server.sleep.deviation.threshold = 300 (default)
2019-09-26 13:00:18,056 INFO  server.RaftServerConfigKeys (ConfUtils.java:logGet(43)) - raft.server.log.appender.install.snapshot.enabled = false (custom)
2019-09-26 13:00:18,056 INFO  impl.RaftServerImpl (ServerState.java:<init>(105)) - 951a7b2a-2ee0-470c-8467-0ef8f4612cc9:group-6A221178FDF0 ConfigurationManager, init=-1: [], old=null, confs=<EMPTY_MAP>
2019-09-26 13:00:18,056 INFO  server.RaftServerConfigKeys (ConfUtils.java:logGet(43)) - raft.server.storage.dir = [/workdir/hadoop-ozone/integration-test/target/test-dir/MiniOzoneClusterImpl-5562625b-1625-43ae-b8ef-ca09318140db/datanode-2/data/ratis] (custom)
2019-09-26 13:00:18,060 INFO  handler.ContextHandler (ContextHandler.java:doStart(781)) - Started o.e.j.w.WebAppContext@587aa0da{/,file:///tmp/jetty-0.0.0.0-43283-hddsDatanode-_-any-8993709949835446353.dir/webapp/,AVAILABLE}{/hddsDatanode}
2019-09-26 13:00:18,060 INFO  server.AbstractConnector (AbstractConnector.java:doStart(278)) - Started ServerConnector@3d61fcc4{HTTP/1.1,[http/1.1]}{0.0.0.0:43283}
2019-09-26 13:00:18,062 INFO  server.Server (Server.java:doStart(419)) - Started @52685ms
2019-09-26 13:00:18,062 INFO  server.BaseHttpServer (BaseHttpServer.java:updateConnectorAddress(207)) - HTTP server of HDDSDATANODE is listening at http://0.0.0.0:43283
2019-09-26 13:00:18,068 INFO  storage.RaftStorageDirectory (RaftStorageDirectory.java:tryLock(328)) - Lock on /workdir/hadoop-ozone/integration-test/target/test-dir/MiniOzoneClusterImpl-5562625b-1625-43ae-b8ef-ca09318140db/datanode-2/data/ratis/c2b23c15-1296-4c9a-8056-6a221178fdf0/in_use.lock acquired by nodename 10197@byscane-acceptance-20190926-d9prj-792920712
2019-09-26 13:00:18,069 INFO  ratis.ContainerStateMachine (ContainerStateMachine.java:loadSnapshot(213)) - group-6A221178FDF0: The snapshot info is null. Setting the last applied indexto:(t:0, i:~)
2019-09-26 13:00:18,069 INFO  server.RaftServerConfigKeys (ConfUtils.java:logGet(43)) - raft.server.leader.election.timeout = 120s (custom)
2019-09-26 13:00:18,069 INFO  server.RaftServerConfigKeys (ConfUtils.java:logGet(43)) - raft.server.log.use.memory = false (default)
2019-09-26 13:00:18,069 INFO  server.RaftServerConfigKeys (ConfUtils.java:logGet(43)) - raft.server.log.purge.gap = 1000000000 (custom)
2019-09-26 13:00:18,070 INFO  server.RaftServerConfigKeys (ConfUtils.java:logGet(43)) - raft.server.log.appender.buffer.byte-limit = 33554432 (custom)
2019-09-26 13:00:18,070 INFO  server.RaftServerConfigKeys (ConfUtils.java:logGet(43)) - raft.server.log.segment.size.max = 1048576 (custom)
2019-09-26 13:00:18,070 INFO  server.RaftServerConfigKeys (ConfUtils.java:logGet(43)) - raft.server.log.segment.cache.num.max = 2 (custom)
2019-09-26 13:00:18,070 INFO  segmented.SegmentedRaftLogWorker (SegmentedRaftLogWorker.java:<init>(172)) - new 951a7b2a-2ee0-470c-8467-0ef8f4612cc9-SegmentedRaftLogWorker:Storage Directory /workdir/hadoop-ozone/integration-test/target/test-dir/MiniOzoneClusterImpl-5562625b-1625-43ae-b8ef-ca09318140db/datanode-2/data/ratis/c2b23c15-1296-4c9a-8056-6a221178fdf0 for RaftStorage:Storage Directory /workdir/hadoop-ozone/integration-test/target/test-dir/MiniOzoneClusterImpl-5562625b-1625-43ae-b8ef-ca09318140db/datanode-2/data/ratis/c2b23c15-1296-4c9a-8056-6a221178fdf0
2019-09-26 13:00:18,070 INFO  server.RaftServerConfigKeys (ConfUtils.java:logGet(43)) - raft.server.log.queue.byte-limit = 2147483647 (custom)
2019-09-26 13:00:18,071 INFO  server.RaftServerConfigKeys (ConfUtils.java:logGet(43)) - raft.server.log.queue.element-limit = 1024 (custom)
2019-09-26 13:00:18,071 INFO  server.RaftServerConfigKeys (ConfUtils.java:logGet(43)) - raft.server.log.segment.size.max = 1048576 (custom)
2019-09-26 13:00:18,071 INFO  server.RaftServerConfigKeys (ConfUtils.java:logGet(43)) - raft.server.log.preallocated.size = 16384 (custom)
2019-09-26 13:00:18,071 INFO  server.RaftServerConfigKeys (ConfUtils.java:logGet(43)) - raft.server.log.write.buffer.size = 33554432 (custom)
2019-09-26 13:00:18,071 INFO  server.RaftServerConfigKeys (ConfUtils.java:logGet(43)) - raft.server.log.force.sync.num = 128 (default)
2019-09-26 13:00:18,072 INFO  server.RaftServerConfigKeys (ConfUtils.java:logGet(43)) - raft.server.log.statemachine.data.sync = true (default)
2019-09-26 13:00:18,072 INFO  server.RaftServerConfigKeys (ConfUtils.java:logGet(43)) - raft.server.log.statemachine.data.sync.timeout = 10s (default)
2019-09-26 13:00:18,072 INFO  server.RaftServerConfigKeys (ConfUtils.java:logGet(43)) - raft.server.log.statemachine.data.sync.timeout.retry = -1 (default)
2019-09-26 13:00:18,072 INFO  server.RaftServerConfigKeys (ConfUtils.java:logGet(43)) - raft.server.log.statemachine.data.caching.enabled = true (custom)
2019-09-26 13:00:18,073 INFO  impl.RaftServerImpl (ServerState.java:setRaftConf(361)) - 951a7b2a-2ee0-470c-8467-0ef8f4612cc9:group-6A221178FDF0 set configuration 0: [951a7b2a-2ee0-470c-8467-0ef8f4612cc9:192.168.151.70:40524, 42e8478e-59b3-4480-9906-12dff8b32ca3:192.168.151.70:38858, 2378ee51-46ca-4d4e-9932-55ed414d7738:192.168.151.70:38753], old=null at 0
2019-09-26 13:00:18,073 INFO  segmented.LogSegment (LogSegment.java:loadSegment(145)) - Successfully read 1 entries from segment file /workdir/hadoop-ozone/integration-test/target/test-dir/MiniOzoneClusterImpl-5562625b-1625-43ae-b8ef-ca09318140db/datanode-2/data/ratis/c2b23c15-1296-4c9a-8056-6a221178fdf0/current/log_inprogress_0
2019-09-26 13:00:18,074 INFO  segmented.SegmentedRaftLogWorker (SegmentedRaftLogWorker.java:lambda$new$0(132)) - 951a7b2a-2ee0-470c-8467-0ef8f4612cc9-SegmentedRaftLogWorker:Storage Directory /workdir/hadoop-ozone/integration-test/target/test-dir/MiniOzoneClusterImpl-5562625b-1625-43ae-b8ef-ca09318140db/datanode-2/data/ratis/c2b23c15-1296-4c9a-8056-6a221178fdf0: flushIndex: setUnconditionally 0 -> 0
2019-09-26 13:00:18,107 INFO  server.RaftServerConfigKeys (ConfUtils.java:logGet(43)) - raft.server.snapshot.auto.trigger.enabled = true (custom)
2019-09-26 13:00:18,107 INFO  server.RaftServerConfigKeys (ConfUtils.java:logGet(43)) - raft.server.snapshot.auto.trigger.threshold = 10000 (custom)
2019-09-26 13:00:18,107 INFO  server.RaftServerConfigKeys (ConfUtils.java:logGet(43)) - raft.server.retrycache.expirytime = 600000ms (custom)
2019-09-26 13:00:18,478 | INFO  | ObjectStoreRestHttpServer | Listening HDDS REST traffic on /0.0.0.0:40210 |  
2019-09-26 13:00:18,478 INFO  ozone.HddsDatanodeService (HddsDatanodeService.java:startPlugins(395)) - Started plug-in org.apache.hadoop.ozone.web.OzoneHddsDatanodeService@5feb4d1a
2019-09-26 13:00:18,478 INFO  pipeline.SCMPipelineManager (SCMPipelineManager.java:finalizeAndDestroyPipeline(309)) - destroying pipeline:Pipeline[ Id: c2b23c15-1296-4c9a-8056-6a221178fdf0, Nodes: 2378ee51-46ca-4d4e-9932-55ed414d7738{ip: 192.168.151.70, host: byscane-acceptance-20190926-d9prj-792920712, networkLocation: /default-rack, certSerialId: null}951a7b2a-2ee0-470c-8467-0ef8f4612cc9{ip: 192.168.151.70, host: byscane-acceptance-20190926-d9prj-792920712, networkLocation: /default-rack, certSerialId: null}42e8478e-59b3-4480-9906-12dff8b32ca3{ip: 192.168.151.70, host: byscane-acceptance-20190926-d9prj-792920712, networkLocation: /default-rack, certSerialId: null}, Type:RATIS, Factor:THREE, State:OPEN]
2019-09-26 13:00:18,480 INFO  util.JvmPauseMonitor (JvmPauseMonitor.java:run(188)) - Starting JVM pause monitor
2019-09-26 13:00:18,492 WARN  pipeline.RatisPipelineUtils (RatisPipelineUtils.java:destroyPipeline(66)) - Pipeline destroy failed for pipeline=PipelineID=c2b23c15-1296-4c9a-8056-6a221178fdf0 dn=2378ee51-46ca-4d4e-9932-55ed414d7738{ip: 192.168.151.70, host: byscane-acceptance-20190926-d9prj-792920712, networkLocation: /default-rack, certSerialId: null}
2019-09-26 13:00:18,496 WARN  pipeline.RatisPipelineUtils (RatisPipelineUtils.java:destroyPipeline(66)) - Pipeline destroy failed for pipeline=PipelineID=c2b23c15-1296-4c9a-8056-6a221178fdf0 dn=951a7b2a-2ee0-470c-8467-0ef8f4612cc9{ip: 192.168.151.70, host: byscane-acceptance-20190926-d9prj-792920712, networkLocation: /default-rack, certSerialId: null}
2019-09-26 13:00:18,498 WARN  pipeline.RatisPipelineUtils (RatisPipelineUtils.java:destroyPipeline(66)) - Pipeline destroy failed for pipeline=PipelineID=c2b23c15-1296-4c9a-8056-6a221178fdf0 dn=42e8478e-59b3-4480-9906-12dff8b32ca3{ip: 192.168.151.70, host: byscane-acceptance-20190926-d9prj-792920712, networkLocation: /default-rack, certSerialId: null}
2019-09-26 13:00:18,498 INFO  pipeline.PipelineStateManager (PipelineStateManager.java:removePipeline(108)) - Pipeline Pipeline[ Id: c2b23c15-1296-4c9a-8056-6a221178fdf0, Nodes: 2378ee51-46ca-4d4e-9932-55ed414d7738{ip: 192.168.151.70, host: byscane-acceptance-20190926-d9prj-792920712, networkLocation: /default-rack, certSerialId: null}951a7b2a-2ee0-470c-8467-0ef8f4612cc9{ip: 192.168.151.70, host: byscane-acceptance-20190926-d9prj-792920712, networkLocation: /default-rack, certSerialId: null}42e8478e-59b3-4480-9906-12dff8b32ca3{ip: 192.168.151.70, host: byscane-acceptance-20190926-d9prj-792920712, networkLocation: /default-rack, certSerialId: null}, Type:RATIS, Factor:THREE, State:CLOSED] removed from db
2019-09-26 13:00:19,699 | INFO  | SCMAudit | user=jenkins1000 | ip=192.168.151.70 | op=GET_VERSION null | ret=SUCCESS |  
2019-09-26 13:00:19,701 INFO  ozoneimpl.OzoneContainer (OzoneContainer.java:start(186)) - Attempting to start container services.
2019-09-26 13:00:19,702 INFO  ozoneimpl.OzoneContainer (OzoneContainer.java:startContainerScrub(160)) - Background container scrubber has been disabled by hdds.containerscrub.enabled
2019-09-26 13:00:19,702 INFO  ratis.XceiverServerRatis (XceiverServerRatis.java:start(404)) - Starting XceiverServerRatis 2378ee51-46ca-4d4e-9932-55ed414d7738 at port 38753
2019-09-26 13:00:19,711 INFO  impl.RaftServerImpl (RaftServerImpl.java:start(180)) - 2378ee51-46ca-4d4e-9932-55ed414d7738: start group-6A221178FDF0
2019-09-26 13:00:19,711 INFO  impl.RaftServerImpl (RaftServerImpl.java:start(180)) - 2378ee51-46ca-4d4e-9932-55ed414d7738: start group-9AB47179292F
2019-09-26 13:00:19,713 INFO  impl.RaftServerImpl (RaftServerImpl.java:setRole(171)) - 2378ee51-46ca-4d4e-9932-55ed414d7738:group-6A221178FDF0 changes role from null to FOLLOWER at term 1 for startAsFollower
2019-09-26 13:00:19,714 INFO  impl.RaftServerImpl (RaftServerImpl.java:setRole(171)) - 2378ee51-46ca-4d4e-9932-55ed414d7738:group-9AB47179292F changes role from null to FOLLOWER at term 1 for startAsFollower
2019-09-26 13:00:19,714 INFO  impl.RoleInfo (RoleInfo.java:updateAndGet(143)) - 2378ee51-46ca-4d4e-9932-55ed414d7738: start FollowerState
2019-09-26 13:00:19,714 INFO  impl.RoleInfo (RoleInfo.java:updateAndGet(143)) - 2378ee51-46ca-4d4e-9932-55ed414d7738: start FollowerState
2019-09-26 13:00:19,716 INFO  util.JmxRegister (JmxRegister.java:tryRegister(44)) - Successfully registered JMX Bean with object name Ratis:service=RaftServer,group=group-6A221178FDF0,id=2378ee51-46ca-4d4e-9932-55ed414d7738
2019-09-26 13:00:19,716 INFO  util.JmxRegister (JmxRegister.java:tryRegister(44)) - Successfully registered JMX Bean with object name Ratis:service=RaftServer,group=group-9AB47179292F,id=2378ee51-46ca-4d4e-9932-55ed414d7738
2019-09-26 13:00:19,716 INFO  impl.RaftServerProxy (RaftServerProxy.java:lambda$start$3(299)) - 2378ee51-46ca-4d4e-9932-55ed414d7738: start RPC server
2019-09-26 13:00:19,723 INFO  server.GrpcService (GrpcService.java:startImpl(149)) - 2378ee51-46ca-4d4e-9932-55ed414d7738: GrpcService started, listening on 0.0.0.0/0.0.0.0:38753
2019-09-26 13:00:19,964 | INFO  | SCMAudit | user=jenkins1000 | ip=192.168.151.70 | op=GET_VERSION null | ret=SUCCESS |  
2019-09-26 13:00:19,966 INFO  ozoneimpl.OzoneContainer (OzoneContainer.java:start(186)) - Attempting to start container services.
2019-09-26 13:00:19,966 INFO  ozoneimpl.OzoneContainer (OzoneContainer.java:startContainerScrub(160)) - Background container scrubber has been disabled by hdds.containerscrub.enabled
2019-09-26 13:00:19,967 INFO  ratis.XceiverServerRatis (XceiverServerRatis.java:start(404)) - Starting XceiverServerRatis 42e8478e-59b3-4480-9906-12dff8b32ca3 at port 38858
2019-09-26 13:00:19,977 INFO  impl.RaftServerImpl (RaftServerImpl.java:start(180)) - 42e8478e-59b3-4480-9906-12dff8b32ca3: start group-60CB043F43E6
2019-09-26 13:00:19,977 INFO  impl.RaftServerImpl (RaftServerImpl.java:start(180)) - 42e8478e-59b3-4480-9906-12dff8b32ca3: start group-6A221178FDF0
2019-09-26 13:00:19,978 INFO  impl.RaftServerImpl (RaftServerImpl.java:setRole(171)) - 42e8478e-59b3-4480-9906-12dff8b32ca3:group-60CB043F43E6 changes role from null to FOLLOWER at term 1 for startAsFollower
2019-09-26 13:00:19,980 INFO  impl.RaftServerImpl (RaftServerImpl.java:setRole(171)) - 42e8478e-59b3-4480-9906-12dff8b32ca3:group-6A221178FDF0 changes role from null to FOLLOWER at term 1 for startAsFollower
2019-09-26 13:00:19,980 INFO  impl.RoleInfo (RoleInfo.java:updateAndGet(143)) - 42e8478e-59b3-4480-9906-12dff8b32ca3: start FollowerState
2019-09-26 13:00:19,980 INFO  impl.RoleInfo (RoleInfo.java:updateAndGet(143)) - 42e8478e-59b3-4480-9906-12dff8b32ca3: start FollowerState
2019-09-26 13:00:19,981 INFO  util.JmxRegister (JmxRegister.java:tryRegister(44)) - Successfully registered JMX Bean with object name Ratis:service=RaftServer,group=group-60CB043F43E6,id=42e8478e-59b3-4480-9906-12dff8b32ca3
2019-09-26 13:00:19,981 INFO  util.JmxRegister (JmxRegister.java:tryRegister(44)) - Successfully registered JMX Bean with object name Ratis:service=RaftServer,group=group-6A221178FDF0,id=42e8478e-59b3-4480-9906-12dff8b32ca3
2019-09-26 13:00:19,982 INFO  impl.RaftServerProxy (RaftServerProxy.java:lambda$start$3(299)) - 42e8478e-59b3-4480-9906-12dff8b32ca3: start RPC server
2019-09-26 13:00:19,983 INFO  server.GrpcService (GrpcService.java:startImpl(149)) - 42e8478e-59b3-4480-9906-12dff8b32ca3: GrpcService started, listening on 0.0.0.0/0.0.0.0:38858
2019-09-26 13:00:20,482 | INFO  | SCMAudit | user=jenkins1000 | ip=192.168.151.70 | op=GET_VERSION null | ret=SUCCESS |  
2019-09-26 13:00:20,483 INFO  ozoneimpl.OzoneContainer (OzoneContainer.java:start(186)) - Attempting to start container services.
2019-09-26 13:00:20,483 INFO  ozoneimpl.OzoneContainer (OzoneContainer.java:startContainerScrub(160)) - Background container scrubber has been disabled by hdds.containerscrub.enabled
2019-09-26 13:00:20,484 INFO  ratis.XceiverServerRatis (XceiverServerRatis.java:start(404)) - Starting XceiverServerRatis 951a7b2a-2ee0-470c-8467-0ef8f4612cc9 at port 40524
2019-09-26 13:00:20,493 INFO  impl.RaftServerImpl (RaftServerImpl.java:start(180)) - 951a7b2a-2ee0-470c-8467-0ef8f4612cc9: start group-6A221178FDF0
2019-09-26 13:00:20,493 INFO  impl.RaftServerImpl (RaftServerImpl.java:start(180)) - 951a7b2a-2ee0-470c-8467-0ef8f4612cc9: start group-79B48B78D141
2019-09-26 13:00:20,495 INFO  impl.RaftServerImpl (RaftServerImpl.java:setRole(171)) - 951a7b2a-2ee0-470c-8467-0ef8f4612cc9:group-6A221178FDF0 changes role from null to FOLLOWER at term 1 for startAsFollower
2019-09-26 13:00:20,497 INFO  impl.RaftServerImpl (RaftServerImpl.java:setRole(171)) - 951a7b2a-2ee0-470c-8467-0ef8f4612cc9:group-79B48B78D141 changes role from null to FOLLOWER at term 1 for startAsFollower
2019-09-26 13:00:20,497 INFO  impl.RoleInfo (RoleInfo.java:updateAndGet(143)) - 951a7b2a-2ee0-470c-8467-0ef8f4612cc9: start FollowerState
2019-09-26 13:00:20,497 INFO  impl.RoleInfo (RoleInfo.java:updateAndGet(143)) - 951a7b2a-2ee0-470c-8467-0ef8f4612cc9: start FollowerState
2019-09-26 13:00:20,498 INFO  util.JmxRegister (JmxRegister.java:tryRegister(44)) - Successfully registered JMX Bean with object name Ratis:service=RaftServer,group=group-6A221178FDF0,id=951a7b2a-2ee0-470c-8467-0ef8f4612cc9
2019-09-26 13:00:20,498 INFO  util.JmxRegister (JmxRegister.java:tryRegister(44)) - Successfully registered JMX Bean with object name Ratis:service=RaftServer,group=group-79B48B78D141,id=951a7b2a-2ee0-470c-8467-0ef8f4612cc9
2019-09-26 13:00:20,498 INFO  impl.RaftServerProxy (RaftServerProxy.java:lambda$start$3(299)) - 951a7b2a-2ee0-470c-8467-0ef8f4612cc9: start RPC server
2019-09-26 13:00:20,500 INFO  server.GrpcService (GrpcService.java:startImpl(149)) - 951a7b2a-2ee0-470c-8467-0ef8f4612cc9: GrpcService started, listening on 0.0.0.0/0.0.0.0:40524
2019-09-26 13:00:21,703 | INFO  | SCMAudit | user=jenkins1000 | ip=192.168.151.70 | op=REGISTER {datanodeDetails=2378ee51-46ca-4d4e-9932-55ed414d7738{ip: 192.168.151.70, host: byscane-acceptance-20190926-d9prj-792920712, networkLocation: /default-rack, certSerialId: null}} | ret=SUCCESS |  
2019-09-26 13:00:21,722 INFO  impl.RaftServerProxy (RaftServerProxy.java:remove(95)) - 2378ee51-46ca-4d4e-9932-55ed414d7738: remove FOLLOWER group-6A221178FDF0 2378ee51-46ca-4d4e-9932-55ed414d7738:t1, leader=null, voted=2378ee51-46ca-4d4e-9932-55ed414d7738, raftlog=2378ee51-46ca-4d4e-9932-55ed414d7738-SegmentedRaftLog:OPENED:c-1,f0,i0, conf=0: [951a7b2a-2ee0-470c-8467-0ef8f4612cc9:192.168.151.70:40524, 42e8478e-59b3-4480-9906-12dff8b32ca3:192.168.151.70:38858, 2378ee51-46ca-4d4e-9932-55ed414d7738:192.168.151.70:38753], old=null RUNNING
2019-09-26 13:00:21,722 INFO  impl.RaftServerImpl (RaftServerImpl.java:lambda$shutdown$3(245)) - 2378ee51-46ca-4d4e-9932-55ed414d7738: shutdown group-6A221178FDF0
2019-09-26 13:00:21,723 INFO  util.JmxRegister (JmxRegister.java:unregister(73)) - Successfully un-registered JMX Bean with object name Ratis:service=RaftServer,group=group-6A221178FDF0,id=2378ee51-46ca-4d4e-9932-55ed414d7738
2019-09-26 13:00:21,723 INFO  impl.RoleInfo (RoleInfo.java:shutdownFollowerState(121)) - 2378ee51-46ca-4d4e-9932-55ed414d7738: shutdown FollowerState
2019-09-26 13:00:21,723 INFO  impl.StateMachineUpdater (StateMachineUpdater.java:stopAndJoin(115)) - StateMachineUpdater:2378ee51-46ca-4d4e-9932-55ed414d7738:group-6A221178FDF0: set stopIndex = -1
2019-09-26 13:00:21,723 INFO  impl.FollowerState (FollowerState.java:run(114)) - 2378ee51-46ca-4d4e-9932-55ed414d7738: FollowerState was interrupted: java.lang.InterruptedException: sleep interrupted
2019-09-26 13:00:21,725 INFO  impl.RaftServerImpl (ServerState.java:close(394)) - 2378ee51-46ca-4d4e-9932-55ed414d7738:group-6A221178FDF0 closes. The last applied log index is -1
2019-09-26 13:00:21,726 INFO  segmented.SegmentedRaftLogWorker (SegmentedRaftLogWorker.java:run(313)) - 2378ee51-46ca-4d4e-9932-55ed414d7738-SegmentedRaftLogWorker:Storage Directory /workdir/hadoop-ozone/integration-test/target/test-dir/MiniOzoneClusterImpl-5562625b-1625-43ae-b8ef-ca09318140db/datanode-0/data/ratis/c2b23c15-1296-4c9a-8056-6a221178fdf0 was interrupted, exiting. There are 0 tasks remaining in the queue.
2019-09-26 13:00:21,728 INFO  segmented.SegmentedRaftLogWorker (SegmentedRaftLogWorker.java:close(228)) - 2378ee51-46ca-4d4e-9932-55ed414d7738-SegmentedRaftLogWorker:Storage Directory /workdir/hadoop-ozone/integration-test/target/test-dir/MiniOzoneClusterImpl-5562625b-1625-43ae-b8ef-ca09318140db/datanode-0/data/ratis/c2b23c15-1296-4c9a-8056-6a221178fdf0 close()
2019-09-26 13:00:21,966 | INFO  | SCMAudit | user=jenkins1000 | ip=192.168.151.70 | op=REGISTER {datanodeDetails=42e8478e-59b3-4480-9906-12dff8b32ca3{ip: 192.168.151.70, host: byscane-acceptance-20190926-d9prj-792920712, networkLocation: /default-rack, certSerialId: null}} | ret=SUCCESS |  
2019-09-26 13:00:21,974 INFO  impl.RaftServerProxy (RaftServerProxy.java:remove(95)) - 42e8478e-59b3-4480-9906-12dff8b32ca3: remove FOLLOWER group-6A221178FDF0 42e8478e-59b3-4480-9906-12dff8b32ca3:t1, leader=null, voted=42e8478e-59b3-4480-9906-12dff8b32ca3, raftlog=42e8478e-59b3-4480-9906-12dff8b32ca3-SegmentedRaftLog:OPENED:c-1,f0,i0, conf=0: [951a7b2a-2ee0-470c-8467-0ef8f4612cc9:192.168.151.70:40524, 42e8478e-59b3-4480-9906-12dff8b32ca3:192.168.151.70:38858, 2378ee51-46ca-4d4e-9932-55ed414d7738:192.168.151.70:38753], old=null RUNNING
2019-09-26 13:00:21,974 INFO  impl.RaftServerImpl (RaftServerImpl.java:lambda$shutdown$3(245)) - 42e8478e-59b3-4480-9906-12dff8b32ca3: shutdown group-6A221178FDF0
2019-09-26 13:00:21,974 INFO  util.JmxRegister (JmxRegister.java:unregister(73)) - Successfully un-registered JMX Bean with object name Ratis:service=RaftServer,group=group-6A221178FDF0,id=42e8478e-59b3-4480-9906-12dff8b32ca3
2019-09-26 13:00:21,975 INFO  impl.RoleInfo (RoleInfo.java:shutdownFollowerState(121)) - 42e8478e-59b3-4480-9906-12dff8b32ca3: shutdown FollowerState
2019-09-26 13:00:21,975 INFO  impl.StateMachineUpdater (StateMachineUpdater.java:stopAndJoin(115)) - StateMachineUpdater:42e8478e-59b3-4480-9906-12dff8b32ca3:group-6A221178FDF0: set stopIndex = -1
2019-09-26 13:00:21,975 INFO  impl.FollowerState (FollowerState.java:run(114)) - 42e8478e-59b3-4480-9906-12dff8b32ca3: FollowerState was interrupted: java.lang.InterruptedException: sleep interrupted
2019-09-26 13:00:21,975 INFO  impl.RaftServerImpl (ServerState.java:close(394)) - 42e8478e-59b3-4480-9906-12dff8b32ca3:group-6A221178FDF0 closes. The last applied log index is -1
2019-09-26 13:00:21,978 INFO  segmented.SegmentedRaftLogWorker (SegmentedRaftLogWorker.java:run(313)) - 42e8478e-59b3-4480-9906-12dff8b32ca3-SegmentedRaftLogWorker:Storage Directory /workdir/hadoop-ozone/integration-test/target/test-dir/MiniOzoneClusterImpl-5562625b-1625-43ae-b8ef-ca09318140db/datanode-1/data/ratis/c2b23c15-1296-4c9a-8056-6a221178fdf0 was interrupted, exiting. There are 0 tasks remaining in the queue.
2019-09-26 13:00:21,980 INFO  segmented.SegmentedRaftLogWorker (SegmentedRaftLogWorker.java:close(228)) - 42e8478e-59b3-4480-9906-12dff8b32ca3-SegmentedRaftLogWorker:Storage Directory /workdir/hadoop-ozone/integration-test/target/test-dir/MiniOzoneClusterImpl-5562625b-1625-43ae-b8ef-ca09318140db/datanode-1/data/ratis/c2b23c15-1296-4c9a-8056-6a221178fdf0 close()
2019-09-26 13:00:22,483 | INFO  | SCMAudit | user=jenkins1000 | ip=192.168.151.70 | op=REGISTER {datanodeDetails=951a7b2a-2ee0-470c-8467-0ef8f4612cc9{ip: 192.168.151.70, host: byscane-acceptance-20190926-d9prj-792920712, networkLocation: /default-rack, certSerialId: null}} | ret=SUCCESS |  
2019-09-26 13:00:22,491 INFO  impl.RaftServerProxy (RaftServerProxy.java:remove(95)) - 951a7b2a-2ee0-470c-8467-0ef8f4612cc9: remove FOLLOWER group-6A221178FDF0 951a7b2a-2ee0-470c-8467-0ef8f4612cc9:t1, leader=null, voted=42e8478e-59b3-4480-9906-12dff8b32ca3, raftlog=951a7b2a-2ee0-470c-8467-0ef8f4612cc9-SegmentedRaftLog:OPENED:c-1,f0,i0, conf=0: [951a7b2a-2ee0-470c-8467-0ef8f4612cc9:192.168.151.70:40524, 42e8478e-59b3-4480-9906-12dff8b32ca3:192.168.151.70:38858, 2378ee51-46ca-4d4e-9932-55ed414d7738:192.168.151.70:38753], old=null RUNNING
2019-09-26 13:00:22,492 INFO  impl.RaftServerImpl (RaftServerImpl.java:lambda$shutdown$3(245)) - 951a7b2a-2ee0-470c-8467-0ef8f4612cc9: shutdown group-6A221178FDF0
2019-09-26 13:00:22,492 INFO  util.JmxRegister (JmxRegister.java:unregister(73)) - Successfully un-registered JMX Bean with object name Ratis:service=RaftServer,group=group-6A221178FDF0,id=951a7b2a-2ee0-470c-8467-0ef8f4612cc9
2019-09-26 13:00:22,492 INFO  impl.RoleInfo (RoleInfo.java:shutdownFollowerState(121)) - 951a7b2a-2ee0-470c-8467-0ef8f4612cc9: shutdown FollowerState
2019-09-26 13:00:22,492 INFO  impl.StateMachineUpdater (StateMachineUpdater.java:stopAndJoin(115)) - StateMachineUpdater:951a7b2a-2ee0-470c-8467-0ef8f4612cc9:group-6A221178FDF0: set stopIndex = -1
2019-09-26 13:00:22,492 INFO  impl.FollowerState (FollowerState.java:run(114)) - 951a7b2a-2ee0-470c-8467-0ef8f4612cc9: FollowerState was interrupted: java.lang.InterruptedException: sleep interrupted
2019-09-26 13:00:22,493 INFO  impl.RaftServerImpl (ServerState.java:close(394)) - 951a7b2a-2ee0-470c-8467-0ef8f4612cc9:group-6A221178FDF0 closes. The last applied log index is -1
2019-09-26 13:00:22,495 INFO  segmented.SegmentedRaftLogWorker (SegmentedRaftLogWorker.java:run(313)) - 951a7b2a-2ee0-470c-8467-0ef8f4612cc9-SegmentedRaftLogWorker:Storage Directory /workdir/hadoop-ozone/integration-test/target/test-dir/MiniOzoneClusterImpl-5562625b-1625-43ae-b8ef-ca09318140db/datanode-2/data/ratis/c2b23c15-1296-4c9a-8056-6a221178fdf0 was interrupted, exiting. There are 0 tasks remaining in the queue.
2019-09-26 13:00:22,497 INFO  segmented.SegmentedRaftLogWorker (SegmentedRaftLogWorker.java:close(228)) - 951a7b2a-2ee0-470c-8467-0ef8f4612cc9-SegmentedRaftLogWorker:Storage Directory /workdir/hadoop-ozone/integration-test/target/test-dir/MiniOzoneClusterImpl-5562625b-1625-43ae-b8ef-ca09318140db/datanode-2/data/ratis/c2b23c15-1296-4c9a-8056-6a221178fdf0 close()
2019-09-26 13:00:23,698 | INFO  | SCMAudit | user=jenkins1000 | ip=192.168.151.70 | op=SEND_HEARTBEAT {datanodeUUID=2378ee51-46ca-4d4e-9932-55ed414d7738, command=[]} | ret=SUCCESS |  
2019-09-26 13:00:23,965 | INFO  | SCMAudit | user=jenkins1000 | ip=192.168.151.70 | op=SEND_HEARTBEAT {datanodeUUID=42e8478e-59b3-4480-9906-12dff8b32ca3, command=[]} | ret=SUCCESS |  
2019-09-26 13:00:24,482 | INFO  | SCMAudit | user=jenkins1000 | ip=192.168.151.70 | op=SEND_HEARTBEAT {datanodeUUID=951a7b2a-2ee0-470c-8467-0ef8f4612cc9, command=[]} | ret=SUCCESS |  
2019-09-26 13:00:24,484 INFO  impl.RaftServerProxy (RaftServerProxy.java:addNew(89)) - 2378ee51-46ca-4d4e-9932-55ed414d7738: addNew group-5BD36CDDF966:[2378ee51-46ca-4d4e-9932-55ed414d7738:192.168.151.70:38753] returns group-5BD36CDDF966:java.util.concurrent.CompletableFuture@2f7f23d7[Not completed]
2019-09-26 13:00:24,486 INFO  impl.RaftServerImpl (RaftServerImpl.java:<init>(93)) - 2378ee51-46ca-4d4e-9932-55ed414d7738: new RaftServerImpl for group-5BD36CDDF966:[2378ee51-46ca-4d4e-9932-55ed414d7738:192.168.151.70:38753] with ContainerStateMachine:uninitialized
2019-09-26 13:00:24,487 INFO  server.RaftServerConfigKeys (ConfUtils.java:logGet(43)) - raft.server.rpc.timeout.min = 5s (custom)
2019-09-26 13:00:24,487 INFO  server.RaftServerConfigKeys (ConfUtils.java:logGet(43)) - raft.server.rpc.timeout.max = 5200ms (custom)
2019-09-26 13:00:24,487 INFO  server.RaftServerConfigKeys (ConfUtils.java:logGet(43)) - raft.server.rpcslowness.timeout = 120s (custom)
2019-09-26 13:00:24,488 INFO  server.RaftServerConfigKeys (ConfUtils.java:logGet(43)) - raft.server.sleep.deviation.threshold = 300 (default)
2019-09-26 13:00:24,488 INFO  server.RaftServerConfigKeys (ConfUtils.java:logGet(43)) - raft.server.log.appender.install.snapshot.enabled = false (custom)
2019-09-26 13:00:24,488 INFO  impl.RaftServerImpl (ServerState.java:<init>(105)) - 2378ee51-46ca-4d4e-9932-55ed414d7738:group-5BD36CDDF966 ConfigurationManager, init=-1: [2378ee51-46ca-4d4e-9932-55ed414d7738:192.168.151.70:38753], old=null, confs=<EMPTY_MAP>
2019-09-26 13:00:24,488 INFO  server.RaftServerConfigKeys (ConfUtils.java:logGet(43)) - raft.server.storage.dir = [/workdir/hadoop-ozone/integration-test/target/test-dir/MiniOzoneClusterImpl-5562625b-1625-43ae-b8ef-ca09318140db/datanode-0/data/ratis] (custom)
2019-09-26 13:00:24,489 INFO  storage.RaftStorageDirectory (RaftStorageDirectory.java:analyzeStorage(246)) - The storage directory /workdir/hadoop-ozone/integration-test/target/test-dir/MiniOzoneClusterImpl-5562625b-1625-43ae-b8ef-ca09318140db/datanode-0/data/ratis/6f0e0dbe-fa45-4357-b9a2-5bd36cddf966 does not exist. Creating ...
2019-09-26 13:00:24,502 INFO  storage.RaftStorageDirectory (RaftStorageDirectory.java:tryLock(328)) - Lock on /workdir/hadoop-ozone/integration-test/target/test-dir/MiniOzoneClusterImpl-5562625b-1625-43ae-b8ef-ca09318140db/datanode-0/data/ratis/6f0e0dbe-fa45-4357-b9a2-5bd36cddf966/in_use.lock acquired by nodename 10197@byscane-acceptance-20190926-d9prj-792920712
2019-09-26 13:00:24,516 INFO  storage.RaftStorage (RaftStorage.java:format(72)) - Storage directory /workdir/hadoop-ozone/integration-test/target/test-dir/MiniOzoneClusterImpl-5562625b-1625-43ae-b8ef-ca09318140db/datanode-0/data/ratis/6f0e0dbe-fa45-4357-b9a2-5bd36cddf966 has been successfully formatted.
2019-09-26 13:00:24,516 INFO  ratis.ContainerStateMachine (ContainerStateMachine.java:loadSnapshot(213)) - group-5BD36CDDF966: The snapshot info is null. Setting the last applied indexto:(t:0, i:~)
2019-09-26 13:00:24,517 INFO  server.RaftServerConfigKeys (ConfUtils.java:logGet(43)) - raft.server.leader.election.timeout = 120s (custom)
2019-09-26 13:00:24,517 INFO  server.RaftServerConfigKeys (ConfUtils.java:logGet(43)) - raft.server.log.use.memory = false (default)
2019-09-26 13:00:24,517 INFO  server.RaftServerConfigKeys (ConfUtils.java:logGet(43)) - raft.server.log.purge.gap = 1000000000 (custom)
2019-09-26 13:00:24,517 INFO  server.RaftServerConfigKeys (ConfUtils.java:logGet(43)) - raft.server.log.appender.buffer.byte-limit = 33554432 (custom)
2019-09-26 13:00:24,517 INFO  server.RaftServerConfigKeys (ConfUtils.java:logGet(43)) - raft.server.log.segment.size.max = 1048576 (custom)
2019-09-26 13:00:24,518 INFO  server.RaftServerConfigKeys (ConfUtils.java:logGet(43)) - raft.server.log.segment.cache.num.max = 2 (custom)
2019-09-26 13:00:24,518 INFO  segmented.SegmentedRaftLogWorker (SegmentedRaftLogWorker.java:<init>(172)) - new 2378ee51-46ca-4d4e-9932-55ed414d7738-SegmentedRaftLogWorker:Storage Directory /workdir/hadoop-ozone/integration-test/target/test-dir/MiniOzoneClusterImpl-5562625b-1625-43ae-b8ef-ca09318140db/datanode-0/data/ratis/6f0e0dbe-fa45-4357-b9a2-5bd36cddf966 for RaftStorage:Storage Directory /workdir/hadoop-ozone/integration-test/target/test-dir/MiniOzoneClusterImpl-5562625b-1625-43ae-b8ef-ca09318140db/datanode-0/data/ratis/6f0e0dbe-fa45-4357-b9a2-5bd36cddf966
2019-09-26 13:00:24,518 INFO  server.RaftServerConfigKeys (ConfUtils.java:logGet(43)) - raft.server.log.queue.byte-limit = 2147483647 (custom)
2019-09-26 13:00:24,518 INFO  server.RaftServerConfigKeys (ConfUtils.java:logGet(43)) - raft.server.log.queue.element-limit = 1024 (custom)
2019-09-26 13:00:24,518 INFO  server.RaftServerConfigKeys (ConfUtils.java:logGet(43)) - raft.server.log.segment.size.max = 1048576 (custom)
2019-09-26 13:00:24,518 INFO  server.RaftServerConfigKeys (ConfUtils.java:logGet(43)) - raft.server.log.preallocated.size = 16384 (custom)
2019-09-26 13:00:24,519 INFO  server.RaftServerConfigKeys (ConfUtils.java:logGet(43)) - raft.server.log.write.buffer.size = 33554432 (custom)
2019-09-26 13:00:24,519 INFO  server.RaftServerConfigKeys (ConfUtils.java:logGet(43)) - raft.server.log.force.sync.num = 128 (default)
2019-09-26 13:00:24,519 INFO  server.RaftServerConfigKeys (ConfUtils.java:logGet(43)) - raft.server.log.statemachine.data.sync = true (default)
2019-09-26 13:00:24,519 INFO  server.RaftServerConfigKeys (ConfUtils.java:logGet(43)) - raft.server.log.statemachine.data.sync.timeout = 10s (default)
2019-09-26 13:00:24,519 INFO  server.RaftServerConfigKeys (ConfUtils.java:logGet(43)) - raft.server.log.statemachine.data.sync.timeout.retry = -1 (default)
2019-09-26 13:00:24,519 INFO  server.RaftServerConfigKeys (ConfUtils.java:logGet(43)) - raft.server.log.statemachine.data.caching.enabled = true (custom)
2019-09-26 13:00:24,520 INFO  segmented.SegmentedRaftLogWorker (SegmentedRaftLogWorker.java:lambda$new$0(132)) - 2378ee51-46ca-4d4e-9932-55ed414d7738-SegmentedRaftLogWorker:Storage Directory /workdir/hadoop-ozone/integration-test/target/test-dir/MiniOzoneClusterImpl-5562625b-1625-43ae-b8ef-ca09318140db/datanode-0/data/ratis/6f0e0dbe-fa45-4357-b9a2-5bd36cddf966: flushIndex: setUnconditionally 0 -> -1
2019-09-26 13:00:24,520 INFO  server.RaftServerConfigKeys (ConfUtils.java:logGet(43)) - raft.server.snapshot.auto.trigger.enabled = true (custom)
2019-09-26 13:00:24,521 INFO  server.RaftServerConfigKeys (ConfUtils.java:logGet(43)) - raft.server.snapshot.auto.trigger.threshold = 10000 (custom)
2019-09-26 13:00:24,521 INFO  server.RaftServerConfigKeys (ConfUtils.java:logGet(43)) - raft.server.retrycache.expirytime = 600000ms (custom)
2019-09-26 13:00:24,521 INFO  impl.RaftServerImpl (RaftServerImpl.java:start(180)) - 2378ee51-46ca-4d4e-9932-55ed414d7738: start group-5BD36CDDF966
2019-09-26 13:00:24,521 INFO  impl.RaftServerImpl (RaftServerImpl.java:setRole(171)) - 2378ee51-46ca-4d4e-9932-55ed414d7738:group-5BD36CDDF966 changes role from null to FOLLOWER at term 0 for startAsFollower
2019-09-26 13:00:24,521 INFO  impl.RoleInfo (RoleInfo.java:updateAndGet(143)) - 2378ee51-46ca-4d4e-9932-55ed414d7738: start FollowerState
2019-09-26 13:00:24,522 INFO  util.JmxRegister (JmxRegister.java:tryRegister(44)) - Successfully registered JMX Bean with object name Ratis:service=RaftServer,group=group-5BD36CDDF966,id=2378ee51-46ca-4d4e-9932-55ed414d7738
2019-09-26 13:00:24,527 INFO  pipeline.PipelineStateManager (PipelineStateManager.java:addPipeline(56)) - Created pipeline Pipeline[ Id: 6f0e0dbe-fa45-4357-b9a2-5bd36cddf966, Nodes: 2378ee51-46ca-4d4e-9932-55ed414d7738{ip: 192.168.151.70, host: byscane-acceptance-20190926-d9prj-792920712, networkLocation: /default-rack, certSerialId: null}, Type:RATIS, Factor:ONE, State:OPEN]
2019-09-26 13:00:24,535 INFO  impl.RaftServerProxy (RaftServerProxy.java:addNew(89)) - 42e8478e-59b3-4480-9906-12dff8b32ca3: addNew group-B3168EAA8C18:[42e8478e-59b3-4480-9906-12dff8b32ca3:192.168.151.70:38858] returns group-B3168EAA8C18:java.util.concurrent.CompletableFuture@7e848650[Not completed]
2019-09-26 13:00:24,536 INFO  impl.RaftServerImpl (RaftServerImpl.java:<init>(93)) - 42e8478e-59b3-4480-9906-12dff8b32ca3: new RaftServerImpl for group-B3168EAA8C18:[42e8478e-59b3-4480-9906-12dff8b32ca3:192.168.151.70:38858] with ContainerStateMachine:uninitialized
2019-09-26 13:00:24,536 INFO  server.RaftServerConfigKeys (ConfUtils.java:logGet(43)) - raft.server.rpc.timeout.min = 5s (custom)
2019-09-26 13:00:24,537 INFO  server.RaftServerConfigKeys (ConfUtils.java:logGet(43)) - raft.server.rpc.timeout.max = 5200ms (custom)
2019-09-26 13:00:24,537 INFO  server.RaftServerConfigKeys (ConfUtils.java:logGet(43)) - raft.server.rpcslowness.timeout = 120s (custom)
2019-09-26 13:00:24,537 INFO  server.RaftServerConfigKeys (ConfUtils.java:logGet(43)) - raft.server.sleep.deviation.threshold = 300 (default)
2019-09-26 13:00:24,537 INFO  server.RaftServerConfigKeys (ConfUtils.java:logGet(43)) - raft.server.log.appender.install.snapshot.enabled = false (custom)
2019-09-26 13:00:24,537 INFO  impl.RaftServerImpl (ServerState.java:<init>(105)) - 42e8478e-59b3-4480-9906-12dff8b32ca3:group-B3168EAA8C18 ConfigurationManager, init=-1: [42e8478e-59b3-4480-9906-12dff8b32ca3:192.168.151.70:38858], old=null, confs=<EMPTY_MAP>
2019-09-26 13:00:24,537 INFO  server.RaftServerConfigKeys (ConfUtils.java:logGet(43)) - raft.server.storage.dir = [/workdir/hadoop-ozone/integration-test/target/test-dir/MiniOzoneClusterImpl-5562625b-1625-43ae-b8ef-ca09318140db/datanode-1/data/ratis] (custom)
2019-09-26 13:00:24,538 INFO  storage.RaftStorageDirectory (RaftStorageDirectory.java:analyzeStorage(246)) - The storage directory /workdir/hadoop-ozone/integration-test/target/test-dir/MiniOzoneClusterImpl-5562625b-1625-43ae-b8ef-ca09318140db/datanode-1/data/ratis/1ec8db0d-3762-4885-b066-b3168eaa8c18 does not exist. Creating ...
2019-09-26 13:00:24,552 INFO  storage.RaftStorageDirectory (RaftStorageDirectory.java:tryLock(328)) - Lock on /workdir/hadoop-ozone/integration-test/target/test-dir/MiniOzoneClusterImpl-5562625b-1625-43ae-b8ef-ca09318140db/datanode-1/data/ratis/1ec8db0d-3762-4885-b066-b3168eaa8c18/in_use.lock acquired by nodename 10197@byscane-acceptance-20190926-d9prj-792920712
2019-09-26 13:00:24,566 INFO  storage.RaftStorage (RaftStorage.java:format(72)) - Storage directory /workdir/hadoop-ozone/integration-test/target/test-dir/MiniOzoneClusterImpl-5562625b-1625-43ae-b8ef-ca09318140db/datanode-1/data/ratis/1ec8db0d-3762-4885-b066-b3168eaa8c18 has been successfully formatted.
2019-09-26 13:00:24,566 INFO  ratis.ContainerStateMachine (ContainerStateMachine.java:loadSnapshot(213)) - group-B3168EAA8C18: The snapshot info is null. Setting the last applied indexto:(t:0, i:~)
2019-09-26 13:00:24,566 INFO  server.RaftServerConfigKeys (ConfUtils.java:logGet(43)) - raft.server.leader.election.timeout = 120s (custom)
2019-09-26 13:00:24,566 INFO  server.RaftServerConfigKeys (ConfUtils.java:logGet(43)) - raft.server.log.use.memory = false (default)
2019-09-26 13:00:24,567 INFO  server.RaftServerConfigKeys (ConfUtils.java:logGet(43)) - raft.server.log.purge.gap = 1000000000 (custom)
2019-09-26 13:00:24,567 INFO  server.RaftServerConfigKeys (ConfUtils.java:logGet(43)) - raft.server.log.appender.buffer.byte-limit = 33554432 (custom)
2019-09-26 13:00:24,567 INFO  server.RaftServerConfigKeys (ConfUtils.java:logGet(43)) - raft.server.log.segment.size.max = 1048576 (custom)
2019-09-26 13:00:24,567 INFO  server.RaftServerConfigKeys (ConfUtils.java:logGet(43)) - raft.server.log.segment.cache.num.max = 2 (custom)
2019-09-26 13:00:24,567 INFO  segmented.SegmentedRaftLogWorker (SegmentedRaftLogWorker.java:<init>(172)) - new 42e8478e-59b3-4480-9906-12dff8b32ca3-SegmentedRaftLogWorker:Storage Directory /workdir/hadoop-ozone/integration-test/target/test-dir/MiniOzoneClusterImpl-5562625b-1625-43ae-b8ef-ca09318140db/datanode-1/data/ratis/1ec8db0d-3762-4885-b066-b3168eaa8c18 for RaftStorage:Storage Directory /workdir/hadoop-ozone/integration-test/target/test-dir/MiniOzoneClusterImpl-5562625b-1625-43ae-b8ef-ca09318140db/datanode-1/data/ratis/1ec8db0d-3762-4885-b066-b3168eaa8c18
2019-09-26 13:00:24,567 INFO  server.RaftServerConfigKeys (ConfUtils.java:logGet(43)) - raft.server.log.queue.byte-limit = 2147483647 (custom)
2019-09-26 13:00:24,568 INFO  server.RaftServerConfigKeys (ConfUtils.java:logGet(43)) - raft.server.log.queue.element-limit = 1024 (custom)
2019-09-26 13:00:24,568 INFO  server.RaftServerConfigKeys (ConfUtils.java:logGet(43)) - raft.server.log.segment.size.max = 1048576 (custom)
2019-09-26 13:00:24,568 INFO  server.RaftServerConfigKeys (ConfUtils.java:logGet(43)) - raft.server.log.preallocated.size = 16384 (custom)
2019-09-26 13:00:24,568 INFO  server.RaftServerConfigKeys (ConfUtils.java:logGet(43)) - raft.server.log.write.buffer.size = 33554432 (custom)
2019-09-26 13:00:24,568 INFO  server.RaftServerConfigKeys (ConfUtils.java:logGet(43)) - raft.server.log.force.sync.num = 128 (default)
2019-09-26 13:00:24,568 INFO  server.RaftServerConfigKeys (ConfUtils.java:logGet(43)) - raft.server.log.statemachine.data.sync = true (default)
2019-09-26 13:00:24,569 INFO  server.RaftServerConfigKeys (ConfUtils.java:logGet(43)) - raft.server.log.statemachine.data.sync.timeout = 10s (default)
2019-09-26 13:00:24,569 INFO  server.RaftServerConfigKeys (ConfUtils.java:logGet(43)) - raft.server.log.statemachine.data.sync.timeout.retry = -1 (default)
2019-09-26 13:00:24,569 INFO  server.RaftServerConfigKeys (ConfUtils.java:logGet(43)) - raft.server.log.statemachine.data.caching.enabled = true (custom)
2019-09-26 13:00:24,569 INFO  segmented.SegmentedRaftLogWorker (SegmentedRaftLogWorker.java:lambda$new$0(132)) - 42e8478e-59b3-4480-9906-12dff8b32ca3-SegmentedRaftLogWorker:Storage Directory /workdir/hadoop-ozone/integration-test/target/test-dir/MiniOzoneClusterImpl-5562625b-1625-43ae-b8ef-ca09318140db/datanode-1/data/ratis/1ec8db0d-3762-4885-b066-b3168eaa8c18: flushIndex: setUnconditionally 0 -> -1
2019-09-26 13:00:24,570 INFO  server.RaftServerConfigKeys (ConfUtils.java:logGet(43)) - raft.server.snapshot.auto.trigger.enabled = true (custom)
2019-09-26 13:00:24,570 INFO  server.RaftServerConfigKeys (ConfUtils.java:logGet(43)) - raft.server.snapshot.auto.trigger.threshold = 10000 (custom)
2019-09-26 13:00:24,570 INFO  server.RaftServerConfigKeys (ConfUtils.java:logGet(43)) - raft.server.retrycache.expirytime = 600000ms (custom)
2019-09-26 13:00:24,570 INFO  impl.RaftServerImpl (RaftServerImpl.java:start(180)) - 42e8478e-59b3-4480-9906-12dff8b32ca3: start group-B3168EAA8C18
2019-09-26 13:00:24,571 INFO  impl.RaftServerImpl (RaftServerImpl.java:setRole(171)) - 42e8478e-59b3-4480-9906-12dff8b32ca3:group-B3168EAA8C18 changes role from null to FOLLOWER at term 0 for startAsFollower
2019-09-26 13:00:24,571 INFO  impl.RoleInfo (RoleInfo.java:updateAndGet(143)) - 42e8478e-59b3-4480-9906-12dff8b32ca3: start FollowerState
2019-09-26 13:00:24,571 INFO  util.JmxRegister (JmxRegister.java:tryRegister(44)) - Successfully registered JMX Bean with object name Ratis:service=RaftServer,group=group-B3168EAA8C18,id=42e8478e-59b3-4480-9906-12dff8b32ca3
2019-09-26 13:00:24,577 INFO  pipeline.PipelineStateManager (PipelineStateManager.java:addPipeline(56)) - Created pipeline Pipeline[ Id: 1ec8db0d-3762-4885-b066-b3168eaa8c18, Nodes: 42e8478e-59b3-4480-9906-12dff8b32ca3{ip: 192.168.151.70, host: byscane-acceptance-20190926-d9prj-792920712, networkLocation: /default-rack, certSerialId: null}, Type:RATIS, Factor:ONE, State:OPEN]
2019-09-26 13:00:24,697 | INFO  | SCMAudit | user=jenkins1000 | ip=192.168.151.70 | op=SEND_HEARTBEAT {datanodeUUID=2378ee51-46ca-4d4e-9932-55ed414d7738, command=[]} | ret=SUCCESS |  
2019-09-26 13:00:24,731 INFO  impl.FollowerState (FollowerState.java:run(106)) - 2378ee51-46ca-4d4e-9932-55ed414d7738:group-9AB47179292F changes to CANDIDATE, lastRpcTime:5016, electionTimeout:5016ms
2019-09-26 13:00:24,731 INFO  impl.RoleInfo (RoleInfo.java:shutdownFollowerState(121)) - 2378ee51-46ca-4d4e-9932-55ed414d7738: shutdown FollowerState
2019-09-26 13:00:24,731 INFO  impl.RaftServerImpl (RaftServerImpl.java:setRole(171)) - 2378ee51-46ca-4d4e-9932-55ed414d7738:group-9AB47179292F changes role from FOLLOWER to CANDIDATE at term 1 for changeToCandidate
2019-09-26 13:00:24,732 INFO  impl.RoleInfo (RoleInfo.java:updateAndGet(143)) - 2378ee51-46ca-4d4e-9932-55ed414d7738: start LeaderElection
2019-09-26 13:00:24,750 INFO  impl.LeaderElection (LeaderElection.java:askForVotes(181)) - 2378ee51-46ca-4d4e-9932-55ed414d7738:group-9AB47179292F:LeaderElection18: begin an election at term 2 for 0: [2378ee51-46ca-4d4e-9932-55ed414d7738:192.168.151.70:38753], old=null
2019-09-26 13:00:24,750 INFO  impl.RoleInfo (RoleInfo.java:shutdownLeaderElection(134)) - 2378ee51-46ca-4d4e-9932-55ed414d7738: shutdown LeaderElection
2019-09-26 13:00:24,750 INFO  impl.RaftServerImpl (RaftServerImpl.java:setRole(171)) - 2378ee51-46ca-4d4e-9932-55ed414d7738:group-9AB47179292F changes role from CANDIDATE to LEADER at term 2 for changeToLeader
2019-09-26 13:00:24,750 INFO  impl.RaftServerImpl (ServerState.java:setLeader(263)) - 2378ee51-46ca-4d4e-9932-55ed414d7738:group-9AB47179292F change Leader from null to 2378ee51-46ca-4d4e-9932-55ed414d7738 at term 2 for becomeLeader, leader elected after 7268ms
2019-09-26 13:00:24,751 INFO  server.RaftServerConfigKeys (ConfUtils.java:logGet(43)) - raft.server.staging.catchup.gap = 1000 (default)
2019-09-26 13:00:24,751 INFO  server.RaftServerConfigKeys (ConfUtils.java:logGet(43)) - raft.server.rpc.sleep.time = 25ms (default)
2019-09-26 13:00:24,751 INFO  server.RaftServerConfigKeys (ConfUtils.java:logGet(43)) - raft.server.write.element-limit = 4096 (default)
2019-09-26 13:00:24,751 INFO  server.RaftServerConfigKeys (ConfUtils.java:logGet(43)) - raft.server.watch.timeout = 10s (default)
2019-09-26 13:00:24,751 INFO  server.RaftServerConfigKeys (ConfUtils.java:logGet(43)) - raft.server.watch.timeout.denomination = 1s (default)
2019-09-26 13:00:24,751 INFO  server.RaftServerConfigKeys (ConfUtils.java:logGet(43)) - raft.server.watch.element-limit = 65536 (default)
2019-09-26 13:00:24,752 INFO  impl.RoleInfo (RoleInfo.java:updateAndGet(143)) - 2378ee51-46ca-4d4e-9932-55ed414d7738: start LeaderState
2019-09-26 13:00:24,752 INFO  segmented.SegmentedRaftLogWorker (SegmentedRaftLogWorker.java:rollLogSegment(385)) - 2378ee51-46ca-4d4e-9932-55ed414d7738-SegmentedRaftLogWorker:Storage Directory /workdir/hadoop-ozone/integration-test/target/test-dir/MiniOzoneClusterImpl-5562625b-1625-43ae-b8ef-ca09318140db/datanode-0/data/ratis/a527df18-21cd-4421-b064-9ab47179292f: Rolling segment log-0_0 to index:0
2019-09-26 13:00:24,755 INFO  impl.RaftServerImpl (ServerState.java:setRaftConf(361)) - 2378ee51-46ca-4d4e-9932-55ed414d7738:group-9AB47179292F set configuration 1: [2378ee51-46ca-4d4e-9932-55ed414d7738:192.168.151.70:38753], old=null at 1
2019-09-26 13:00:24,755 INFO  segmented.SegmentedRaftLogWorker (SegmentedRaftLogWorker.java:execute(526)) - 2378ee51-46ca-4d4e-9932-55ed414d7738-SegmentedRaftLogWorker:Storage Directory /workdir/hadoop-ozone/integration-test/target/test-dir/MiniOzoneClusterImpl-5562625b-1625-43ae-b8ef-ca09318140db/datanode-0/data/ratis/a527df18-21cd-4421-b064-9ab47179292f: Rolled log segment from /workdir/hadoop-ozone/integration-test/target/test-dir/MiniOzoneClusterImpl-5562625b-1625-43ae-b8ef-ca09318140db/datanode-0/data/ratis/a527df18-21cd-4421-b064-9ab47179292f/current/log_inprogress_0 to /workdir/hadoop-ozone/integration-test/target/test-dir/MiniOzoneClusterImpl-5562625b-1625-43ae-b8ef-ca09318140db/datanode-0/data/ratis/a527df18-21cd-4421-b064-9ab47179292f/current/log_0-0
2019-09-26 13:00:24,810 INFO  segmented.SegmentedRaftLogWorker (SegmentedRaftLogWorker.java:execute(569)) - 2378ee51-46ca-4d4e-9932-55ed414d7738-SegmentedRaftLogWorker:Storage Directory /workdir/hadoop-ozone/integration-test/target/test-dir/MiniOzoneClusterImpl-5562625b-1625-43ae-b8ef-ca09318140db/datanode-0/data/ratis/a527df18-21cd-4421-b064-9ab47179292f: created new log segment /workdir/hadoop-ozone/integration-test/target/test-dir/MiniOzoneClusterImpl-5562625b-1625-43ae-b8ef-ca09318140db/datanode-0/data/ratis/a527df18-21cd-4421-b064-9ab47179292f/current/log_inprogress_1
2019-09-26 13:00:24,965 | INFO  | SCMAudit | user=jenkins1000 | ip=192.168.151.70 | op=SEND_HEARTBEAT {datanodeUUID=42e8478e-59b3-4480-9906-12dff8b32ca3, command=[]} | ret=SUCCESS |  
2019-09-26 13:00:25,074 INFO  impl.FollowerState (FollowerState.java:run(106)) - 42e8478e-59b3-4480-9906-12dff8b32ca3:group-60CB043F43E6 changes to CANDIDATE, lastRpcTime:5093, electionTimeout:5093ms
2019-09-26 13:00:25,074 INFO  impl.RoleInfo (RoleInfo.java:shutdownFollowerState(121)) - 42e8478e-59b3-4480-9906-12dff8b32ca3: shutdown FollowerState
2019-09-26 13:00:25,074 INFO  impl.RaftServerImpl (RaftServerImpl.java:setRole(171)) - 42e8478e-59b3-4480-9906-12dff8b32ca3:group-60CB043F43E6 changes role from FOLLOWER to CANDIDATE at term 1 for changeToCandidate
2019-09-26 13:00:25,074 INFO  impl.RoleInfo (RoleInfo.java:updateAndGet(143)) - 42e8478e-59b3-4480-9906-12dff8b32ca3: start LeaderElection
2019-09-26 13:00:25,095 INFO  impl.LeaderElection (LeaderElection.java:askForVotes(181)) - 42e8478e-59b3-4480-9906-12dff8b32ca3:group-60CB043F43E6:LeaderElection19: begin an election at term 2 for 0: [42e8478e-59b3-4480-9906-12dff8b32ca3:192.168.151.70:38858], old=null
2019-09-26 13:00:25,096 INFO  impl.RoleInfo (RoleInfo.java:shutdownLeaderElection(134)) - 42e8478e-59b3-4480-9906-12dff8b32ca3: shutdown LeaderElection
2019-09-26 13:00:25,096 INFO  impl.RaftServerImpl (RaftServerImpl.java:setRole(171)) - 42e8478e-59b3-4480-9906-12dff8b32ca3:group-60CB043F43E6 changes role from CANDIDATE to LEADER at term 2 for changeToLeader
2019-09-26 13:00:25,096 INFO  impl.RaftServerImpl (ServerState.java:setLeader(263)) - 42e8478e-59b3-4480-9906-12dff8b32ca3:group-60CB043F43E6 change Leader from null to 42e8478e-59b3-4480-9906-12dff8b32ca3 at term 2 for becomeLeader, leader elected after 7279ms
2019-09-26 13:00:25,096 INFO  server.RaftServerConfigKeys (ConfUtils.java:logGet(43)) - raft.server.staging.catchup.gap = 1000 (default)
2019-09-26 13:00:25,096 INFO  server.RaftServerConfigKeys (ConfUtils.java:logGet(43)) - raft.server.rpc.sleep.time = 25ms (default)
2019-09-26 13:00:25,096 INFO  server.RaftServerConfigKeys (ConfUtils.java:logGet(43)) - raft.server.write.element-limit = 4096 (default)
2019-09-26 13:00:25,097 INFO  server.RaftServerConfigKeys (ConfUtils.java:logGet(43)) - raft.server.watch.timeout = 10s (default)
2019-09-26 13:00:25,097 INFO  server.RaftServerConfigKeys (ConfUtils.java:logGet(43)) - raft.server.watch.timeout.denomination = 1s (default)
2019-09-26 13:00:25,097 INFO  server.RaftServerConfigKeys (ConfUtils.java:logGet(43)) - raft.server.watch.element-limit = 65536 (default)
2019-09-26 13:00:25,097 INFO  impl.RoleInfo (RoleInfo.java:updateAndGet(143)) - 42e8478e-59b3-4480-9906-12dff8b32ca3: start LeaderState
2019-09-26 13:00:25,097 INFO  segmented.SegmentedRaftLogWorker (SegmentedRaftLogWorker.java:rollLogSegment(385)) - 42e8478e-59b3-4480-9906-12dff8b32ca3-SegmentedRaftLogWorker:Storage Directory /workdir/hadoop-ozone/integration-test/target/test-dir/MiniOzoneClusterImpl-5562625b-1625-43ae-b8ef-ca09318140db/datanode-1/data/ratis/6737c98c-3d21-430d-938e-60cb043f43e6: Rolling segment log-0_0 to index:0
2019-09-26 13:00:25,099 INFO  impl.RaftServerImpl (ServerState.java:setRaftConf(361)) - 42e8478e-59b3-4480-9906-12dff8b32ca3:group-60CB043F43E6 set configuration 1: [42e8478e-59b3-4480-9906-12dff8b32ca3:192.168.151.70:38858], old=null at 1
2019-09-26 13:00:25,099 INFO  segmented.SegmentedRaftLogWorker (SegmentedRaftLogWorker.java:execute(526)) - 42e8478e-59b3-4480-9906-12dff8b32ca3-SegmentedRaftLogWorker:Storage Directory /workdir/hadoop-ozone/integration-test/target/test-dir/MiniOzoneClusterImpl-5562625b-1625-43ae-b8ef-ca09318140db/datanode-1/data/ratis/6737c98c-3d21-430d-938e-60cb043f43e6: Rolled log segment from /workdir/hadoop-ozone/integration-test/target/test-dir/MiniOzoneClusterImpl-5562625b-1625-43ae-b8ef-ca09318140db/datanode-1/data/ratis/6737c98c-3d21-430d-938e-60cb043f43e6/current/log_inprogress_0 to /workdir/hadoop-ozone/integration-test/target/test-dir/MiniOzoneClusterImpl-5562625b-1625-43ae-b8ef-ca09318140db/datanode-1/data/ratis/6737c98c-3d21-430d-938e-60cb043f43e6/current/log_0-0
2019-09-26 13:00:25,148 INFO  segmented.SegmentedRaftLogWorker (SegmentedRaftLogWorker.java:execute(569)) - 42e8478e-59b3-4480-9906-12dff8b32ca3-SegmentedRaftLogWorker:Storage Directory /workdir/hadoop-ozone/integration-test/target/test-dir/MiniOzoneClusterImpl-5562625b-1625-43ae-b8ef-ca09318140db/datanode-1/data/ratis/6737c98c-3d21-430d-938e-60cb043f43e6: created new log segment /workdir/hadoop-ozone/integration-test/target/test-dir/MiniOzoneClusterImpl-5562625b-1625-43ae-b8ef-ca09318140db/datanode-1/data/ratis/6737c98c-3d21-430d-938e-60cb043f43e6/current/log_inprogress_1
2019-09-26 13:00:25,231 INFO  ozone.MiniOzoneClusterImpl (MiniOzoneClusterImpl.java:shutdown(321)) - Shutting down the Mini Ozone Cluster
2019-09-26 13:00:25,232 | INFO  | SCMAudit | user=null | ip=null | op=GET_SCM_INFO null | ret=SUCCESS |  
2019-09-26 13:00:25,232 INFO  ozone.MiniOzoneClusterImpl (MiniOzoneClusterImpl.java:stop(336)) - Stopping the Mini Ozone Cluster
2019-09-26 13:00:25,232 INFO  ozone.MiniOzoneClusterImpl (MiniOzoneClusterImpl.java:stop(338)) - Stopping the OzoneManager
2019-09-26 13:00:25,234 INFO  ipc.Server (Server.java:stop(3082)) - Stopping server on 40639
2019-09-26 13:00:25,243 INFO  ipc.Server (Server.java:run(1185)) - Stopping IPC Server listener on 40639
2019-09-26 13:00:25,246 INFO  ipc.Server (Server.java:run(1319)) - Stopping IPC Server Responder
2019-09-26 13:00:25,246 INFO  utils.BackgroundService (BackgroundService.java:shutdown(148)) - Shutting down service KeyDeletingService
2019-09-26 13:00:25,266 INFO  handler.ContextHandler (ContextHandler.java:doStop(910)) - Stopped o.e.j.w.WebAppContext@5bf8883d{/,null,UNAVAILABLE}{/ozoneManager}
2019-09-26 13:00:25,267 INFO  server.AbstractConnector (AbstractConnector.java:doStop(318)) - Stopped ServerConnector@43917244{HTTP/1.1,[http/1.1]}{0.0.0.0:0}
2019-09-26 13:00:25,269 INFO  handler.ContextHandler (ContextHandler.java:doStop(910)) - Stopped o.e.j.s.ServletContextHandler@586bf570{/static,file:///workdir/hadoop-ozone/integration-test/target/test-classes/webapps/static,UNAVAILABLE}
2019-09-26 13:00:25,270 INFO  handler.ContextHandler (ContextHandler.java:doStop(910)) - Stopped o.e.j.s.ServletContextHandler@1eb652ee{/logs,file:///workdir/hadoop-ozone/integration-test/target/log,UNAVAILABLE}
2019-09-26 13:00:25,275 INFO  ozone.MiniOzoneClusterImpl (MiniOzoneClusterImpl.java:stop(344)) - Shutting the HddsDatanodes
2019-09-26 13:00:25,275 INFO  datanode.ObjectStoreHandler (ObjectStoreHandler.java:close(155)) - Closing ObjectStoreHandler.
2019-09-26 13:00:25,275 INFO  datanode.ObjectStoreHandler (ObjectStoreHandler.java:close(155)) - Closing ObjectStoreHandler.
2019-09-26 13:00:25,276 INFO  ozone.HddsDatanodeService (HddsDatanodeService.java:stop(451)) - Stopped plug-in org.apache.hadoop.ozone.web.OzoneHddsDatanodeService@28bbeccd
2019-09-26 13:00:25,276 INFO  ozone.HddsDatanodeService (HddsDatanodeService.java:stop(451)) - Stopped plug-in org.apache.hadoop.ozone.web.OzoneHddsDatanodeService@563fb25c
2019-09-26 13:00:25,482 | INFO  | SCMAudit | user=jenkins1000 | ip=192.168.151.70 | op=SEND_HEARTBEAT {datanodeUUID=951a7b2a-2ee0-470c-8467-0ef8f4612cc9, command=[]} | ret=SUCCESS |  
2019-09-26 13:00:25,484 INFO  impl.RaftServerProxy (RaftServerProxy.java:addNew(89)) - 951a7b2a-2ee0-470c-8467-0ef8f4612cc9: addNew group-1056F6F01BFF:[951a7b2a-2ee0-470c-8467-0ef8f4612cc9:192.168.151.70:40524] returns group-1056F6F01BFF:java.util.concurrent.CompletableFuture@831a5b0[Not completed]
2019-09-26 13:00:25,486 INFO  impl.RaftServerImpl (RaftServerImpl.java:<init>(93)) - 951a7b2a-2ee0-470c-8467-0ef8f4612cc9: new RaftServerImpl for group-1056F6F01BFF:[951a7b2a-2ee0-470c-8467-0ef8f4612cc9:192.168.151.70:40524] with ContainerStateMachine:uninitialized
2019-09-26 13:00:25,486 INFO  server.RaftServerConfigKeys (ConfUtils.java:logGet(43)) - raft.server.rpc.timeout.min = 5s (custom)
2019-09-26 13:00:25,486 INFO  server.RaftServerConfigKeys (ConfUtils.java:logGet(43)) - raft.server.rpc.timeout.max = 5200ms (custom)
2019-09-26 13:00:25,486 INFO  server.RaftServerConfigKeys (ConfUtils.java:logGet(43)) - raft.server.rpcslowness.timeout = 120s (custom)
2019-09-26 13:00:25,486 INFO  server.RaftServerConfigKeys (ConfUtils.java:logGet(43)) - raft.server.sleep.deviation.threshold = 300 (default)
2019-09-26 13:00:25,486 INFO  server.RaftServerConfigKeys (ConfUtils.java:logGet(43)) - raft.server.log.appender.install.snapshot.enabled = false (custom)
2019-09-26 13:00:25,487 INFO  impl.RaftServerImpl (ServerState.java:<init>(105)) - 951a7b2a-2ee0-470c-8467-0ef8f4612cc9:group-1056F6F01BFF ConfigurationManager, init=-1: [951a7b2a-2ee0-470c-8467-0ef8f4612cc9:192.168.151.70:40524], old=null, confs=<EMPTY_MAP>
2019-09-26 13:00:25,487 INFO  server.RaftServerConfigKeys (ConfUtils.java:logGet(43)) - raft.server.storage.dir = [/workdir/hadoop-ozone/integration-test/target/test-dir/MiniOzoneClusterImpl-5562625b-1625-43ae-b8ef-ca09318140db/datanode-2/data/ratis] (custom)
2019-09-26 13:00:25,487 INFO  storage.RaftStorageDirectory (RaftStorageDirectory.java:analyzeStorage(246)) - The storage directory /workdir/hadoop-ozone/integration-test/target/test-dir/MiniOzoneClusterImpl-5562625b-1625-43ae-b8ef-ca09318140db/datanode-2/data/ratis/89249a64-be92-42ca-a7e1-1056f6f01bff does not exist. Creating ...
2019-09-26 13:00:25,513 INFO  storage.RaftStorageDirectory (RaftStorageDirectory.java:tryLock(328)) - Lock on /workdir/hadoop-ozone/integration-test/target/test-dir/MiniOzoneClusterImpl-5562625b-1625-43ae-b8ef-ca09318140db/datanode-2/data/ratis/89249a64-be92-42ca-a7e1-1056f6f01bff/in_use.lock acquired by nodename 10197@byscane-acceptance-20190926-d9prj-792920712
2019-09-26 13:00:25,526 INFO  storage.RaftStorage (RaftStorage.java:format(72)) - Storage directory /workdir/hadoop-ozone/integration-test/target/test-dir/MiniOzoneClusterImpl-5562625b-1625-43ae-b8ef-ca09318140db/datanode-2/data/ratis/89249a64-be92-42ca-a7e1-1056f6f01bff has been successfully formatted.
2019-09-26 13:00:25,526 INFO  ratis.ContainerStateMachine (ContainerStateMachine.java:loadSnapshot(213)) - group-1056F6F01BFF: The snapshot info is null. Setting the last applied indexto:(t:0, i:~)
2019-09-26 13:00:25,526 INFO  server.RaftServerConfigKeys (ConfUtils.java:logGet(43)) - raft.server.leader.election.timeout = 120s (custom)
2019-09-26 13:00:25,527 INFO  server.RaftServerConfigKeys (ConfUtils.java:logGet(43)) - raft.server.log.use.memory = false (default)
2019-09-26 13:00:25,527 INFO  server.RaftServerConfigKeys (ConfUtils.java:logGet(43)) - raft.server.log.purge.gap = 1000000000 (custom)
2019-09-26 13:00:25,527 INFO  server.RaftServerConfigKeys (ConfUtils.java:logGet(43)) - raft.server.log.appender.buffer.byte-limit = 33554432 (custom)
2019-09-26 13:00:25,527 INFO  server.RaftServerConfigKeys (ConfUtils.java:logGet(43)) - raft.server.log.segment.size.max = 1048576 (custom)
2019-09-26 13:00:25,527 INFO  server.RaftServerConfigKeys (ConfUtils.java:logGet(43)) - raft.server.log.segment.cache.num.max = 2 (custom)
2019-09-26 13:00:25,527 INFO  segmented.SegmentedRaftLogWorker (SegmentedRaftLogWorker.java:<init>(172)) - new 951a7b2a-2ee0-470c-8467-0ef8f4612cc9-SegmentedRaftLogWorker:Storage Directory /workdir/hadoop-ozone/integration-test/target/test-dir/MiniOzoneClusterImpl-5562625b-1625-43ae-b8ef-ca09318140db/datanode-2/data/ratis/89249a64-be92-42ca-a7e1-1056f6f01bff for RaftStorage:Storage Directory /workdir/hadoop-ozone/integration-test/target/test-dir/MiniOzoneClusterImpl-5562625b-1625-43ae-b8ef-ca09318140db/datanode-2/data/ratis/89249a64-be92-42ca-a7e1-1056f6f01bff
2019-09-26 13:00:25,528 INFO  server.RaftServerConfigKeys (ConfUtils.java:logGet(43)) - raft.server.log.queue.byte-limit = 2147483647 (custom)
2019-09-26 13:00:25,528 INFO  server.RaftServerConfigKeys (ConfUtils.java:logGet(43)) - raft.server.log.queue.element-limit = 1024 (custom)
2019-09-26 13:00:25,528 INFO  server.RaftServerConfigKeys (ConfUtils.java:logGet(43)) - raft.server.log.segment.size.max = 1048576 (custom)
2019-09-26 13:00:25,528 INFO  server.RaftServerConfigKeys (ConfUtils.java:logGet(43)) - raft.server.log.preallocated.size = 16384 (custom)
2019-09-26 13:00:25,528 INFO  server.RaftServerConfigKeys (ConfUtils.java:logGet(43)) - raft.server.log.write.buffer.size = 33554432 (custom)
2019-09-26 13:00:25,528 INFO  server.RaftServerConfigKeys (ConfUtils.java:logGet(43)) - raft.server.log.force.sync.num = 128 (default)
2019-09-26 13:00:25,529 INFO  server.RaftServerConfigKeys (ConfUtils.java:logGet(43)) - raft.server.log.statemachine.data.sync = true (default)
2019-09-26 13:00:25,529 INFO  server.RaftServerConfigKeys (ConfUtils.java:logGet(43)) - raft.server.log.statemachine.data.sync.timeout = 10s (default)
2019-09-26 13:00:25,529 INFO  server.RaftServerConfigKeys (ConfUtils.java:logGet(43)) - raft.server.log.statemachine.data.sync.timeout.retry = -1 (default)
2019-09-26 13:00:25,529 INFO  server.RaftServerConfigKeys (ConfUtils.java:logGet(43)) - raft.server.log.statemachine.data.caching.enabled = true (custom)
2019-09-26 13:00:25,529 INFO  segmented.SegmentedRaftLogWorker (SegmentedRaftLogWorker.java:lambda$new$0(132)) - 951a7b2a-2ee0-470c-8467-0ef8f4612cc9-SegmentedRaftLogWorker:Storage Directory /workdir/hadoop-ozone/integration-test/target/test-dir/MiniOzoneClusterImpl-5562625b-1625-43ae-b8ef-ca09318140db/datanode-2/data/ratis/89249a64-be92-42ca-a7e1-1056f6f01bff: flushIndex: setUnconditionally 0 -> -1
2019-09-26 13:00:25,530 INFO  server.RaftServerConfigKeys (ConfUtils.java:logGet(43)) - raft.server.snapshot.auto.trigger.enabled = true (custom)
2019-09-26 13:00:25,530 INFO  server.RaftServerConfigKeys (ConfUtils.java:logGet(43)) - raft.server.snapshot.auto.trigger.threshold = 10000 (custom)
2019-09-26 13:00:25,530 INFO  server.RaftServerConfigKeys (ConfUtils.java:logGet(43)) - raft.server.retrycache.expirytime = 600000ms (custom)
2019-09-26 13:00:25,530 INFO  impl.RaftServerImpl (RaftServerImpl.java:start(180)) - 951a7b2a-2ee0-470c-8467-0ef8f4612cc9: start group-1056F6F01BFF
2019-09-26 13:00:25,531 INFO  impl.RaftServerImpl (RaftServerImpl.java:setRole(171)) - 951a7b2a-2ee0-470c-8467-0ef8f4612cc9:group-1056F6F01BFF changes role from null to FOLLOWER at term 0 for startAsFollower
2019-09-26 13:00:25,531 INFO  impl.RoleInfo (RoleInfo.java:updateAndGet(143)) - 951a7b2a-2ee0-470c-8467-0ef8f4612cc9: start FollowerState
2019-09-26 13:00:25,531 INFO  util.JmxRegister (JmxRegister.java:tryRegister(44)) - Successfully registered JMX Bean with object name Ratis:service=RaftServer,group=group-1056F6F01BFF,id=951a7b2a-2ee0-470c-8467-0ef8f4612cc9
2019-09-26 13:00:25,537 INFO  pipeline.PipelineStateManager (PipelineStateManager.java:addPipeline(56)) - Created pipeline Pipeline[ Id: 89249a64-be92-42ca-a7e1-1056f6f01bff, Nodes: 951a7b2a-2ee0-470c-8467-0ef8f4612cc9{ip: 192.168.151.70, host: byscane-acceptance-20190926-d9prj-792920712, networkLocation: /default-rack, certSerialId: null}, Type:RATIS, Factor:ONE, State:OPEN]
2019-09-26 13:00:25,549 INFO  impl.RaftServerProxy (RaftServerProxy.java:addNew(89)) - 951a7b2a-2ee0-470c-8467-0ef8f4612cc9: addNew group-BA3C792A5A69:[951a7b2a-2ee0-470c-8467-0ef8f4612cc9:192.168.151.70:40524, 42e8478e-59b3-4480-9906-12dff8b32ca3:192.168.151.70:38858, 2378ee51-46ca-4d4e-9932-55ed414d7738:192.168.151.70:38753] returns group-BA3C792A5A69:java.util.concurrent.CompletableFuture@6b7a42e3[Not completed]
2019-09-26 13:00:25,549 INFO  impl.RaftServerProxy (RaftServerProxy.java:addNew(89)) - 42e8478e-59b3-4480-9906-12dff8b32ca3: addNew group-BA3C792A5A69:[951a7b2a-2ee0-470c-8467-0ef8f4612cc9:192.168.151.70:40524, 42e8478e-59b3-4480-9906-12dff8b32ca3:192.168.151.70:38858, 2378ee51-46ca-4d4e-9932-55ed414d7738:192.168.151.70:38753] returns group-BA3C792A5A69:java.util.concurrent.CompletableFuture@49f036c7[Not completed]
2019-09-26 13:00:25,549 INFO  impl.RaftServerProxy (RaftServerProxy.java:addNew(89)) - 2378ee51-46ca-4d4e-9932-55ed414d7738: addNew group-BA3C792A5A69:[951a7b2a-2ee0-470c-8467-0ef8f4612cc9:192.168.151.70:40524, 42e8478e-59b3-4480-9906-12dff8b32ca3:192.168.151.70:38858, 2378ee51-46ca-4d4e-9932-55ed414d7738:192.168.151.70:38753] returns group-BA3C792A5A69:java.util.concurrent.CompletableFuture@1681003c[Not completed]
2019-09-26 13:00:25,550 INFO  impl.RaftServerImpl (RaftServerImpl.java:<init>(93)) - 951a7b2a-2ee0-470c-8467-0ef8f4612cc9: new RaftServerImpl for group-BA3C792A5A69:[951a7b2a-2ee0-470c-8467-0ef8f4612cc9:192.168.151.70:40524, 42e8478e-59b3-4480-9906-12dff8b32ca3:192.168.151.70:38858, 2378ee51-46ca-4d4e-9932-55ed414d7738:192.168.151.70:38753] with ContainerStateMachine:uninitialized
2019-09-26 13:00:25,550 INFO  server.RaftServerConfigKeys (ConfUtils.java:logGet(43)) - raft.server.rpc.timeout.min = 5s (custom)
2019-09-26 13:00:25,551 INFO  server.RaftServerConfigKeys (ConfUtils.java:logGet(43)) - raft.server.rpc.timeout.max = 5200ms (custom)
2019-09-26 13:00:25,551 INFO  server.RaftServerConfigKeys (ConfUtils.java:logGet(43)) - raft.server.rpcslowness.timeout = 120s (custom)
2019-09-26 13:00:25,551 INFO  server.RaftServerConfigKeys (ConfUtils.java:logGet(43)) - raft.server.sleep.deviation.threshold = 300 (default)
2019-09-26 13:00:25,551 INFO  server.RaftServerConfigKeys (ConfUtils.java:logGet(43)) - raft.server.log.appender.install.snapshot.enabled = false (custom)
2019-09-26 13:00:25,551 INFO  impl.RaftServerImpl (ServerState.java:<init>(105)) - 951a7b2a-2ee0-470c-8467-0ef8f4612cc9:group-BA3C792A5A69 ConfigurationManager, init=-1: [951a7b2a-2ee0-470c-8467-0ef8f4612cc9:192.168.151.70:40524, 42e8478e-59b3-4480-9906-12dff8b32ca3:192.168.151.70:38858, 2378ee51-46ca-4d4e-9932-55ed414d7738:192.168.151.70:38753], old=null, confs=<EMPTY_MAP>
2019-09-26 13:00:25,551 INFO  server.RaftServerConfigKeys (ConfUtils.java:logGet(43)) - raft.server.storage.dir = [/workdir/hadoop-ozone/integration-test/target/test-dir/MiniOzoneClusterImpl-5562625b-1625-43ae-b8ef-ca09318140db/datanode-2/data/ratis] (custom)
2019-09-26 13:00:25,552 INFO  impl.RaftServerImpl (RaftServerImpl.java:<init>(93)) - 2378ee51-46ca-4d4e-9932-55ed414d7738: new RaftServerImpl for group-BA3C792A5A69:[951a7b2a-2ee0-470c-8467-0ef8f4612cc9:192.168.151.70:40524, 42e8478e-59b3-4480-9906-12dff8b32ca3:192.168.151.70:38858, 2378ee51-46ca-4d4e-9932-55ed414d7738:192.168.151.70:38753] with ContainerStateMachine:uninitialized
2019-09-26 13:00:25,552 INFO  storage.RaftStorageDirectory (RaftStorageDirectory.java:analyzeStorage(246)) - The storage directory /workdir/hadoop-ozone/integration-test/target/test-dir/MiniOzoneClusterImpl-5562625b-1625-43ae-b8ef-ca09318140db/datanode-2/data/ratis/71731802-bce7-4ca0-93b5-ba3c792a5a69 does not exist. Creating ...
2019-09-26 13:00:25,552 INFO  server.RaftServerConfigKeys (ConfUtils.java:logGet(43)) - raft.server.rpc.timeout.min = 5s (custom)
2019-09-26 13:00:25,552 INFO  impl.RaftServerImpl (RaftServerImpl.java:<init>(93)) - 42e8478e-59b3-4480-9906-12dff8b32ca3: new RaftServerImpl for group-BA3C792A5A69:[951a7b2a-2ee0-470c-8467-0ef8f4612cc9:192.168.151.70:40524, 42e8478e-59b3-4480-9906-12dff8b32ca3:192.168.151.70:38858, 2378ee51-46ca-4d4e-9932-55ed414d7738:192.168.151.70:38753] with ContainerStateMachine:uninitialized
2019-09-26 13:00:25,552 INFO  server.RaftServerConfigKeys (ConfUtils.java:logGet(43)) - raft.server.rpc.timeout.max = 5200ms (custom)
2019-09-26 13:00:25,552 INFO  server.RaftServerConfigKeys (ConfUtils.java:logGet(43)) - raft.server.rpc.timeout.min = 5s (custom)
2019-09-26 13:00:25,553 INFO  server.RaftServerConfigKeys (ConfUtils.java:logGet(43)) - raft.server.rpcslowness.timeout = 120s (custom)
2019-09-26 13:00:25,553 INFO  server.RaftServerConfigKeys (ConfUtils.java:logGet(43)) - raft.server.rpc.timeout.max = 5200ms (custom)
2019-09-26 13:00:25,553 INFO  server.RaftServerConfigKeys (ConfUtils.java:logGet(43)) - raft.server.sleep.deviation.threshold = 300 (default)
2019-09-26 13:00:25,553 INFO  server.RaftServerConfigKeys (ConfUtils.java:logGet(43)) - raft.server.rpcslowness.timeout = 120s (custom)
2019-09-26 13:00:25,553 INFO  server.RaftServerConfigKeys (ConfUtils.java:logGet(43)) - raft.server.log.appender.install.snapshot.enabled = false (custom)
2019-09-26 13:00:25,553 INFO  server.RaftServerConfigKeys (ConfUtils.java:logGet(43)) - raft.server.sleep.deviation.threshold = 300 (default)
2019-09-26 13:00:25,554 INFO  impl.RaftServerImpl (ServerState.java:<init>(105)) - 2378ee51-46ca-4d4e-9932-55ed414d7738:group-BA3C792A5A69 ConfigurationManager, init=-1: [951a7b2a-2ee0-470c-8467-0ef8f4612cc9:192.168.151.70:40524, 42e8478e-59b3-4480-9906-12dff8b32ca3:192.168.151.70:38858, 2378ee51-46ca-4d4e-9932-55ed414d7738:192.168.151.70:38753], old=null, confs=<EMPTY_MAP>
2019-09-26 13:00:25,554 INFO  server.RaftServerConfigKeys (ConfUtils.java:logGet(43)) - raft.server.log.appender.install.snapshot.enabled = false (custom)
2019-09-26 13:00:25,554 INFO  server.RaftServerConfigKeys (ConfUtils.java:logGet(43)) - raft.server.storage.dir = [/workdir/hadoop-ozone/integration-test/target/test-dir/MiniOzoneClusterImpl-5562625b-1625-43ae-b8ef-ca09318140db/datanode-0/data/ratis] (custom)
2019-09-26 13:00:25,554 INFO  impl.RaftServerImpl (ServerState.java:<init>(105)) - 42e8478e-59b3-4480-9906-12dff8b32ca3:group-BA3C792A5A69 ConfigurationManager, init=-1: [951a7b2a-2ee0-470c-8467-0ef8f4612cc9:192.168.151.70:40524, 42e8478e-59b3-4480-9906-12dff8b32ca3:192.168.151.70:38858, 2378ee51-46ca-4d4e-9932-55ed414d7738:192.168.151.70:38753], old=null, confs=<EMPTY_MAP>
2019-09-26 13:00:25,555 INFO  server.RaftServerConfigKeys (ConfUtils.java:logGet(43)) - raft.server.storage.dir = [/workdir/hadoop-ozone/integration-test/target/test-dir/MiniOzoneClusterImpl-5562625b-1625-43ae-b8ef-ca09318140db/datanode-1/data/ratis] (custom)
2019-09-26 13:00:25,555 INFO  storage.RaftStorageDirectory (RaftStorageDirectory.java:analyzeStorage(246)) - The storage directory /workdir/hadoop-ozone/integration-test/target/test-dir/MiniOzoneClusterImpl-5562625b-1625-43ae-b8ef-ca09318140db/datanode-0/data/ratis/71731802-bce7-4ca0-93b5-ba3c792a5a69 does not exist. Creating ...
2019-09-26 13:00:25,555 INFO  storage.RaftStorageDirectory (RaftStorageDirectory.java:analyzeStorage(246)) - The storage directory /workdir/hadoop-ozone/integration-test/target/test-dir/MiniOzoneClusterImpl-5562625b-1625-43ae-b8ef-ca09318140db/datanode-1/data/ratis/71731802-bce7-4ca0-93b5-ba3c792a5a69 does not exist. Creating ...
2019-09-26 13:00:25,577 INFO  storage.RaftStorageDirectory (RaftStorageDirectory.java:tryLock(328)) - Lock on /workdir/hadoop-ozone/integration-test/target/test-dir/MiniOzoneClusterImpl-5562625b-1625-43ae-b8ef-ca09318140db/datanode-2/data/ratis/71731802-bce7-4ca0-93b5-ba3c792a5a69/in_use.lock acquired by nodename 10197@byscane-acceptance-20190926-d9prj-792920712
2019-09-26 13:00:25,577 INFO  storage.RaftStorageDirectory (RaftStorageDirectory.java:tryLock(328)) - Lock on /workdir/hadoop-ozone/integration-test/target/test-dir/MiniOzoneClusterImpl-5562625b-1625-43ae-b8ef-ca09318140db/datanode-1/data/ratis/71731802-bce7-4ca0-93b5-ba3c792a5a69/in_use.lock acquired by nodename 10197@byscane-acceptance-20190926-d9prj-792920712
2019-09-26 13:00:25,577 INFO  storage.RaftStorageDirectory (RaftStorageDirectory.java:tryLock(328)) - Lock on /workdir/hadoop-ozone/integration-test/target/test-dir/MiniOzoneClusterImpl-5562625b-1625-43ae-b8ef-ca09318140db/datanode-0/data/ratis/71731802-bce7-4ca0-93b5-ba3c792a5a69/in_use.lock acquired by nodename 10197@byscane-acceptance-20190926-d9prj-792920712
2019-09-26 13:00:25,578 INFO  impl.FollowerState (FollowerState.java:run(106)) - 951a7b2a-2ee0-470c-8467-0ef8f4612cc9:group-79B48B78D141 changes to CANDIDATE, lastRpcTime:5080, electionTimeout:5080ms
2019-09-26 13:00:25,578 INFO  impl.RoleInfo (RoleInfo.java:shutdownFollowerState(121)) - 951a7b2a-2ee0-470c-8467-0ef8f4612cc9: shutdown FollowerState
2019-09-26 13:00:25,578 INFO  impl.RaftServerImpl (RaftServerImpl.java:setRole(171)) - 951a7b2a-2ee0-470c-8467-0ef8f4612cc9:group-79B48B78D141 changes role from FOLLOWER to CANDIDATE at term 1 for changeToCandidate
2019-09-26 13:00:25,579 INFO  impl.RoleInfo (RoleInfo.java:updateAndGet(143)) - 951a7b2a-2ee0-470c-8467-0ef8f4612cc9: start LeaderElection
2019-09-26 13:00:25,603 INFO  storage.RaftStorage (RaftStorage.java:format(72)) - Storage directory /workdir/hadoop-ozone/integration-test/target/test-dir/MiniOzoneClusterImpl-5562625b-1625-43ae-b8ef-ca09318140db/datanode-2/data/ratis/71731802-bce7-4ca0-93b5-ba3c792a5a69 has been successfully formatted.
2019-09-26 13:00:25,603 INFO  impl.LeaderElection (LeaderElection.java:askForVotes(181)) - 951a7b2a-2ee0-470c-8467-0ef8f4612cc9:group-79B48B78D141:LeaderElection20: begin an election at term 2 for 0: [951a7b2a-2ee0-470c-8467-0ef8f4612cc9:192.168.151.70:40524], old=null
2019-09-26 13:00:25,603 INFO  storage.RaftStorage (RaftStorage.java:format(72)) - Storage directory /workdir/hadoop-ozone/integration-test/target/test-dir/MiniOzoneClusterImpl-5562625b-1625-43ae-b8ef-ca09318140db/datanode-1/data/ratis/71731802-bce7-4ca0-93b5-ba3c792a5a69 has been successfully formatted.
2019-09-26 13:00:25,603 INFO  storage.RaftStorage (RaftStorage.java:format(72)) - Storage directory /workdir/hadoop-ozone/integration-test/target/test-dir/MiniOzoneClusterImpl-5562625b-1625-43ae-b8ef-ca09318140db/datanode-0/data/ratis/71731802-bce7-4ca0-93b5-ba3c792a5a69 has been successfully formatted.
2019-09-26 13:00:25,603 INFO  impl.RoleInfo (RoleInfo.java:shutdownLeaderElection(134)) - 951a7b2a-2ee0-470c-8467-0ef8f4612cc9: shutdown LeaderElection
2019-09-26 13:00:25,603 INFO  ratis.ContainerStateMachine (ContainerStateMachine.java:loadSnapshot(213)) - group-BA3C792A5A69: The snapshot info is null. Setting the last applied indexto:(t:0, i:~)
2019-09-26 13:00:25,604 INFO  impl.RaftServerImpl (RaftServerImpl.java:setRole(171)) - 951a7b2a-2ee0-470c-8467-0ef8f4612cc9:group-79B48B78D141 changes role from CANDIDATE to LEADER at term 2 for changeToLeader
2019-09-26 13:00:25,604 INFO  ratis.ContainerStateMachine (ContainerStateMachine.java:loadSnapshot(213)) - group-BA3C792A5A69: The snapshot info is null. Setting the last applied indexto:(t:0, i:~)
2019-09-26 13:00:25,604 INFO  ratis.ContainerStateMachine (ContainerStateMachine.java:loadSnapshot(213)) - group-BA3C792A5A69: The snapshot info is null. Setting the last applied indexto:(t:0, i:~)
2019-09-26 13:00:25,604 INFO  server.RaftServerConfigKeys (ConfUtils.java:logGet(43)) - raft.server.leader.election.timeout = 120s (custom)
2019-09-26 13:00:25,604 INFO  impl.RaftServerImpl (ServerState.java:setLeader(263)) - 951a7b2a-2ee0-470c-8467-0ef8f4612cc9:group-79B48B78D141 change Leader from null to 951a7b2a-2ee0-470c-8467-0ef8f4612cc9 at term 2 for becomeLeader, leader elected after 7597ms
2019-09-26 13:00:25,604 INFO  server.RaftServerConfigKeys (ConfUtils.java:logGet(43)) - raft.server.leader.election.timeout = 120s (custom)
2019-09-26 13:00:25,605 INFO  server.RaftServerConfigKeys (ConfUtils.java:logGet(43)) - raft.server.staging.catchup.gap = 1000 (default)
2019-09-26 13:00:25,605 INFO  server.RaftServerConfigKeys (ConfUtils.java:logGet(43)) - raft.server.log.use.memory = false (default)
2019-09-26 13:00:25,604 INFO  server.RaftServerConfigKeys (ConfUtils.java:logGet(43)) - raft.server.leader.election.timeout = 120s (custom)
2019-09-26 13:00:25,605 INFO  server.RaftServerConfigKeys (ConfUtils.java:logGet(43)) - raft.server.log.purge.gap = 1000000000 (custom)
2019-09-26 13:00:25,605 INFO  server.RaftServerConfigKeys (ConfUtils.java:logGet(43)) - raft.server.rpc.sleep.time = 25ms (default)
2019-09-26 13:00:25,605 INFO  server.RaftServerConfigKeys (ConfUtils.java:logGet(43)) - raft.server.log.use.memory = false (default)
2019-09-26 13:00:25,606 INFO  server.RaftServerConfigKeys (ConfUtils.java:logGet(43)) - raft.server.write.element-limit = 4096 (default)
2019-09-26 13:00:25,605 INFO  server.RaftServerConfigKeys (ConfUtils.java:logGet(43)) - raft.server.log.appender.buffer.byte-limit = 33554432 (custom)
2019-09-26 13:00:25,605 INFO  server.RaftServerConfigKeys (ConfUtils.java:logGet(43)) - raft.server.log.use.memory = false (default)
2019-09-26 13:00:25,606 INFO  server.RaftServerConfigKeys (ConfUtils.java:logGet(43)) - raft.server.log.segment.size.max = 1048576 (custom)
2019-09-26 13:00:25,606 INFO  server.RaftServerConfigKeys (ConfUtils.java:logGet(43)) - raft.server.watch.timeout = 10s (default)
2019-09-26 13:00:25,606 INFO  server.RaftServerConfigKeys (ConfUtils.java:logGet(43)) - raft.server.log.purge.gap = 1000000000 (custom)
2019-09-26 13:00:25,606 INFO  server.RaftServerConfigKeys (ConfUtils.java:logGet(43)) - raft.server.watch.timeout.denomination = 1s (default)
2019-09-26 13:00:25,606 INFO  server.RaftServerConfigKeys (ConfUtils.java:logGet(43)) - raft.server.log.segment.cache.num.max = 2 (custom)
2019-09-26 13:00:25,606 INFO  server.RaftServerConfigKeys (ConfUtils.java:logGet(43)) - raft.server.log.purge.gap = 1000000000 (custom)
2019-09-26 13:00:25,607 INFO  segmented.SegmentedRaftLogWorker (SegmentedRaftLogWorker.java:<init>(172)) - new 2378ee51-46ca-4d4e-9932-55ed414d7738-SegmentedRaftLogWorker:Storage Directory /workdir/hadoop-ozone/integration-test/target/test-dir/MiniOzoneClusterImpl-5562625b-1625-43ae-b8ef-ca09318140db/datanode-0/data/ratis/71731802-bce7-4ca0-93b5-ba3c792a5a69 for RaftStorage:Storage Directory /workdir/hadoop-ozone/integration-test/target/test-dir/MiniOzoneClusterImpl-5562625b-1625-43ae-b8ef-ca09318140db/datanode-0/data/ratis/71731802-bce7-4ca0-93b5-ba3c792a5a69
2019-09-26 13:00:25,607 INFO  server.RaftServerConfigKeys (ConfUtils.java:logGet(43)) - raft.server.watch.element-limit = 65536 (default)
2019-09-26 13:00:25,607 INFO  server.RaftServerConfigKeys (ConfUtils.java:logGet(43)) - raft.server.log.appender.buffer.byte-limit = 33554432 (custom)
2019-09-26 13:00:25,607 INFO  server.RaftServerConfigKeys (ConfUtils.java:logGet(43)) - raft.server.log.queue.byte-limit = 2147483647 (custom)
2019-09-26 13:00:25,607 INFO  server.RaftServerConfigKeys (ConfUtils.java:logGet(43)) - raft.server.log.appender.buffer.byte-limit = 33554432 (custom)
2019-09-26 13:00:25,608 INFO  server.RaftServerConfigKeys (ConfUtils.java:logGet(43)) - raft.server.log.queue.element-limit = 1024 (custom)
2019-09-26 13:00:25,608 INFO  server.RaftServerConfigKeys (ConfUtils.java:logGet(43)) - raft.server.log.segment.size.max = 1048576 (custom)
2019-09-26 13:00:25,608 INFO  impl.RoleInfo (RoleInfo.java:updateAndGet(143)) - 951a7b2a-2ee0-470c-8467-0ef8f4612cc9: start LeaderState
2019-09-26 13:00:25,608 INFO  server.RaftServerConfigKeys (ConfUtils.java:logGet(43)) - raft.server.log.segment.cache.num.max = 2 (custom)
2019-09-26 13:00:25,608 INFO  server.RaftServerConfigKeys (ConfUtils.java:logGet(43)) - raft.server.log.segment.size.max = 1048576 (custom)
2019-09-26 13:00:25,608 INFO  server.RaftServerConfigKeys (ConfUtils.java:logGet(43)) - raft.server.log.segment.size.max = 1048576 (custom)
2019-09-26 13:00:25,609 INFO  server.RaftServerConfigKeys (ConfUtils.java:logGet(43)) - raft.server.log.preallocated.size = 16384 (custom)
2019-09-26 13:00:25,609 INFO  server.RaftServerConfigKeys (ConfUtils.java:logGet(43)) - raft.server.log.write.buffer.size = 33554432 (custom)
2019-09-26 13:00:25,609 INFO  segmented.SegmentedRaftLogWorker (SegmentedRaftLogWorker.java:rollLogSegment(385)) - 951a7b2a-2ee0-470c-8467-0ef8f4612cc9-SegmentedRaftLogWorker:Storage Directory /workdir/hadoop-ozone/integration-test/target/test-dir/MiniOzoneClusterImpl-5562625b-1625-43ae-b8ef-ca09318140db/datanode-2/data/ratis/b9944c0f-1fe7-4175-8cb5-79b48b78d141: Rolling segment log-0_0 to index:0
2019-09-26 13:00:25,608 INFO  segmented.SegmentedRaftLogWorker (SegmentedRaftLogWorker.java:<init>(172)) - new 951a7b2a-2ee0-470c-8467-0ef8f4612cc9-SegmentedRaftLogWorker:Storage Directory /workdir/hadoop-ozone/integration-test/target/test-dir/MiniOzoneClusterImpl-5562625b-1625-43ae-b8ef-ca09318140db/datanode-2/data/ratis/71731802-bce7-4ca0-93b5-ba3c792a5a69 for RaftStorage:Storage Directory /workdir/hadoop-ozone/integration-test/target/test-dir/MiniOzoneClusterImpl-5562625b-1625-43ae-b8ef-ca09318140db/datanode-2/data/ratis/71731802-bce7-4ca0-93b5-ba3c792a5a69
2019-09-26 13:00:25,609 INFO  server.RaftServerConfigKeys (ConfUtils.java:logGet(43)) - raft.server.log.force.sync.num = 128 (default)
2019-09-26 13:00:25,609 INFO  server.RaftServerConfigKeys (ConfUtils.java:logGet(43)) - raft.server.log.segment.cache.num.max = 2 (custom)
2019-09-26 13:00:25,611 INFO  server.RaftServerConfigKeys (ConfUtils.java:logGet(43)) - raft.server.log.statemachine.data.sync = true (default)
2019-09-26 13:00:25,611 INFO  segmented.SegmentedRaftLogWorker (SegmentedRaftLogWorker.java:execute(526)) - 951a7b2a-2ee0-470c-8467-0ef8f4612cc9-SegmentedRaftLogWorker:Storage Directory /workdir/hadoop-ozone/integration-test/target/test-dir/MiniOzoneClusterImpl-5562625b-1625-43ae-b8ef-ca09318140db/datanode-2/data/ratis/b9944c0f-1fe7-4175-8cb5-79b48b78d141: Rolled log segment from /workdir/hadoop-ozone/integration-test/target/test-dir/MiniOzoneClusterImpl-5562625b-1625-43ae-b8ef-ca09318140db/datanode-2/data/ratis/b9944c0f-1fe7-4175-8cb5-79b48b78d141/current/log_inprogress_0 to /workdir/hadoop-ozone/integration-test/target/test-dir/MiniOzoneClusterImpl-5562625b-1625-43ae-b8ef-ca09318140db/datanode-2/data/ratis/b9944c0f-1fe7-4175-8cb5-79b48b78d141/current/log_0-0
2019-09-26 13:00:25,611 INFO  impl.RaftServerImpl (ServerState.java:setRaftConf(361)) - 951a7b2a-2ee0-470c-8467-0ef8f4612cc9:group-79B48B78D141 set configuration 1: [951a7b2a-2ee0-470c-8467-0ef8f4612cc9:192.168.151.70:40524], old=null at 1
2019-09-26 13:00:25,611 INFO  server.RaftServerConfigKeys (ConfUtils.java:logGet(43)) - raft.server.log.queue.byte-limit = 2147483647 (custom)
2019-09-26 13:00:25,612 INFO  server.RaftServerConfigKeys (ConfUtils.java:logGet(43)) - raft.server.log.statemachine.data.sync.timeout = 10s (default)
2019-09-26 13:00:25,612 INFO  server.RaftServerConfigKeys (ConfUtils.java:logGet(43)) - raft.server.log.statemachine.data.sync.timeout.retry = -1 (default)
2019-09-26 13:00:25,612 INFO  segmented.SegmentedRaftLogWorker (SegmentedRaftLogWorker.java:<init>(172)) - new 42e8478e-59b3-4480-9906-12dff8b32ca3-SegmentedRaftLogWorker:Storage Directory /workdir/hadoop-ozone/integration-test/target/test-dir/MiniOzoneClusterImpl-5562625b-1625-43ae-b8ef-ca09318140db/datanode-1/data/ratis/71731802-bce7-4ca0-93b5-ba3c792a5a69 for RaftStorage:Storage Directory /workdir/hadoop-ozone/integration-test/target/test-dir/MiniOzoneClusterImpl-5562625b-1625-43ae-b8ef-ca09318140db/datanode-1/data/ratis/71731802-bce7-4ca0-93b5-ba3c792a5a69
2019-09-26 13:00:25,613 INFO  server.RaftServerConfigKeys (ConfUtils.java:logGet(43)) - raft.server.log.statemachine.data.caching.enabled = true (custom)
2019-09-26 13:00:25,612 INFO  server.RaftServerConfigKeys (ConfUtils.java:logGet(43)) - raft.server.log.queue.element-limit = 1024 (custom)
2019-09-26 13:00:25,613 INFO  server.RaftServerConfigKeys (ConfUtils.java:logGet(43)) - raft.server.log.queue.byte-limit = 2147483647 (custom)
2019-09-26 13:00:25,613 INFO  segmented.SegmentedRaftLogWorker (SegmentedRaftLogWorker.java:lambda$new$0(132)) - 2378ee51-46ca-4d4e-9932-55ed414d7738-SegmentedRaftLogWorker:Storage Directory /workdir/hadoop-ozone/integration-test/target/test-dir/MiniOzoneClusterImpl-5562625b-1625-43ae-b8ef-ca09318140db/datanode-0/data/ratis/71731802-bce7-4ca0-93b5-ba3c792a5a69: flushIndex: setUnconditionally 0 -> -1
2019-09-26 13:00:25,613 INFO  server.RaftServerConfigKeys (ConfUtils.java:logGet(43)) - raft.server.log.segment.size.max = 1048576 (custom)
2019-09-26 13:00:25,613 INFO  server.RaftServerConfigKeys (ConfUtils.java:logGet(43)) - raft.server.log.queue.element-limit = 1024 (custom)
2019-09-26 13:00:25,614 INFO  server.RaftServerConfigKeys (ConfUtils.java:logGet(43)) - raft.server.snapshot.auto.trigger.enabled = true (custom)
2019-09-26 13:00:25,614 INFO  server.RaftServerConfigKeys (ConfUtils.java:logGet(43)) - raft.server.log.preallocated.size = 16384 (custom)
2019-09-26 13:00:25,614 INFO  server.RaftServerConfigKeys (ConfUtils.java:logGet(43)) - raft.server.snapshot.auto.trigger.threshold = 10000 (custom)
2019-09-26 13:00:25,614 INFO  server.RaftServerConfigKeys (ConfUtils.java:logGet(43)) - raft.server.log.segment.size.max = 1048576 (custom)
2019-09-26 13:00:25,614 INFO  server.RaftServerConfigKeys (ConfUtils.java:logGet(43)) - raft.server.retrycache.expirytime = 600000ms (custom)
2019-09-26 13:00:25,614 INFO  server.RaftServerConfigKeys (ConfUtils.java:logGet(43)) - raft.server.log.preallocated.size = 16384 (custom)
2019-09-26 13:00:25,614 INFO  server.RaftServerConfigKeys (ConfUtils.java:logGet(43)) - raft.server.log.write.buffer.size = 33554432 (custom)
2019-09-26 13:00:25,615 INFO  server.RaftServerConfigKeys (ConfUtils.java:logGet(43)) - raft.server.log.write.buffer.size = 33554432 (custom)
2019-09-26 13:00:25,615 INFO  impl.RaftServerImpl (RaftServerImpl.java:start(180)) - 2378ee51-46ca-4d4e-9932-55ed414d7738: start group-BA3C792A5A69
2019-09-26 13:00:25,615 INFO  server.RaftServerConfigKeys (ConfUtils.java:logGet(43)) - raft.server.log.force.sync.num = 128 (default)
2019-09-26 13:00:25,615 INFO  server.RaftServerConfigKeys (ConfUtils.java:logGet(43)) - raft.server.log.force.sync.num = 128 (default)
2019-09-26 13:00:25,615 INFO  server.RaftServerConfigKeys (ConfUtils.java:logGet(43)) - raft.server.log.statemachine.data.sync = true (default)
2019-09-26 13:00:25,615 INFO  impl.RaftServerImpl (RaftServerImpl.java:setRole(171)) - 2378ee51-46ca-4d4e-9932-55ed414d7738:group-BA3C792A5A69 changes role from null to FOLLOWER at term 0 for startAsFollower
2019-09-26 13:00:25,616 INFO  server.RaftServerConfigKeys (ConfUtils.java:logGet(43)) - raft.server.log.statemachine.data.sync.timeout = 10s (default)
2019-09-26 13:00:25,616 INFO  server.RaftServerConfigKeys (ConfUtils.java:logGet(43)) - raft.server.log.statemachine.data.sync.timeout.retry = -1 (default)
2019-09-26 13:00:25,615 INFO  server.RaftServerConfigKeys (ConfUtils.java:logGet(43)) - raft.server.log.statemachine.data.sync = true (default)
2019-09-26 13:00:25,616 INFO  server.RaftServerConfigKeys (ConfUtils.java:logGet(43)) - raft.server.log.statemachine.data.caching.enabled = true (custom)
2019-09-26 13:00:25,616 INFO  impl.RoleInfo (RoleInfo.java:updateAndGet(143)) - 2378ee51-46ca-4d4e-9932-55ed414d7738: start FollowerState
2019-09-26 13:00:25,616 INFO  server.RaftServerConfigKeys (ConfUtils.java:logGet(43)) - raft.server.log.statemachine.data.sync.timeout = 10s (default)
2019-09-26 13:00:25,617 INFO  segmented.SegmentedRaftLogWorker (SegmentedRaftLogWorker.java:lambda$new$0(132)) - 42e8478e-59b3-4480-9906-12dff8b32ca3-SegmentedRaftLogWorker:Storage Directory /workdir/hadoop-ozone/integration-test/target/test-dir/MiniOzoneClusterImpl-5562625b-1625-43ae-b8ef-ca09318140db/datanode-1/data/ratis/71731802-bce7-4ca0-93b5-ba3c792a5a69: flushIndex: setUnconditionally 0 -> -1
2019-09-26 13:00:25,617 INFO  server.RaftServerConfigKeys (ConfUtils.java:logGet(43)) - raft.server.log.statemachine.data.sync.timeout.retry = -1 (default)
2019-09-26 13:00:25,617 INFO  util.JmxRegister (JmxRegister.java:tryRegister(44)) - Successfully registered JMX Bean with object name Ratis:service=RaftServer,group=group-BA3C792A5A69,id=2378ee51-46ca-4d4e-9932-55ed414d7738
2019-09-26 13:00:25,617 INFO  server.RaftServerConfigKeys (ConfUtils.java:logGet(43)) - raft.server.snapshot.auto.trigger.enabled = true (custom)
2019-09-26 13:00:25,617 INFO  server.RaftServerConfigKeys (ConfUtils.java:logGet(43)) - raft.server.log.statemachine.data.caching.enabled = true (custom)
2019-09-26 13:00:25,617 INFO  server.RaftServerConfigKeys (ConfUtils.java:logGet(43)) - raft.server.snapshot.auto.trigger.threshold = 10000 (custom)
2019-09-26 13:00:25,618 INFO  server.RaftServerConfigKeys (ConfUtils.java:logGet(43)) - raft.server.retrycache.expirytime = 600000ms (custom)
2019-09-26 13:00:25,618 INFO  segmented.SegmentedRaftLogWorker (SegmentedRaftLogWorker.java:lambda$new$0(132)) - 951a7b2a-2ee0-470c-8467-0ef8f4612cc9-SegmentedRaftLogWorker:Storage Directory /workdir/hadoop-ozone/integration-test/target/test-dir/MiniOzoneClusterImpl-5562625b-1625-43ae-b8ef-ca09318140db/datanode-2/data/ratis/71731802-bce7-4ca0-93b5-ba3c792a5a69: flushIndex: setUnconditionally 0 -> -1
2019-09-26 13:00:25,618 INFO  impl.RaftServerImpl (RaftServerImpl.java:start(180)) - 42e8478e-59b3-4480-9906-12dff8b32ca3: start group-BA3C792A5A69
2019-09-26 13:00:25,618 INFO  impl.RaftServerImpl (RaftServerImpl.java:setRole(171)) - 42e8478e-59b3-4480-9906-12dff8b32ca3:group-BA3C792A5A69 changes role from null to FOLLOWER at term 0 for startAsFollower
2019-09-26 13:00:25,618 INFO  server.RaftServerConfigKeys (ConfUtils.java:logGet(43)) - raft.server.snapshot.auto.trigger.enabled = true (custom)
2019-09-26 13:00:25,618 INFO  impl.RoleInfo (RoleInfo.java:updateAndGet(143)) - 42e8478e-59b3-4480-9906-12dff8b32ca3: start FollowerState
2019-09-26 13:00:25,618 INFO  server.RaftServerConfigKeys (ConfUtils.java:logGet(43)) - raft.server.snapshot.auto.trigger.threshold = 10000 (custom)
2019-09-26 13:00:25,619 INFO  server.RaftServerConfigKeys (ConfUtils.java:logGet(43)) - raft.server.retrycache.expirytime = 600000ms (custom)
2019-09-26 13:00:25,619 INFO  util.JmxRegister (JmxRegister.java:tryRegister(44)) - Successfully registered JMX Bean with object name Ratis:service=RaftServer,group=group-BA3C792A5A69,id=42e8478e-59b3-4480-9906-12dff8b32ca3
2019-09-26 13:00:25,619 INFO  impl.RaftServerImpl (RaftServerImpl.java:start(180)) - 951a7b2a-2ee0-470c-8467-0ef8f4612cc9: start group-BA3C792A5A69
2019-09-26 13:00:25,619 INFO  impl.RaftServerImpl (RaftServerImpl.java:setRole(171)) - 951a7b2a-2ee0-470c-8467-0ef8f4612cc9:group-BA3C792A5A69 changes role from null to FOLLOWER at term 0 for startAsFollower
2019-09-26 13:00:25,650 INFO  impl.RoleInfo (RoleInfo.java:updateAndGet(143)) - 951a7b2a-2ee0-470c-8467-0ef8f4612cc9: start FollowerState
2019-09-26 13:00:25,651 INFO  util.JmxRegister (JmxRegister.java:tryRegister(44)) - Successfully registered JMX Bean with object name Ratis:service=RaftServer,group=group-BA3C792A5A69,id=951a7b2a-2ee0-470c-8467-0ef8f4612cc9
2019-09-26 13:00:25,656 INFO  pipeline.PipelineStateManager (PipelineStateManager.java:addPipeline(56)) - Created pipeline Pipeline[ Id: 71731802-bce7-4ca0-93b5-ba3c792a5a69, Nodes: 2378ee51-46ca-4d4e-9932-55ed414d7738{ip: 192.168.151.70, host: byscane-acceptance-20190926-d9prj-792920712, networkLocation: /default-rack, certSerialId: null}951a7b2a-2ee0-470c-8467-0ef8f4612cc9{ip: 192.168.151.70, host: byscane-acceptance-20190926-d9prj-792920712, networkLocation: /default-rack, certSerialId: null}42e8478e-59b3-4480-9906-12dff8b32ca3{ip: 192.168.151.70, host: byscane-acceptance-20190926-d9prj-792920712, networkLocation: /default-rack, certSerialId: null}, Type:RATIS, Factor:THREE, State:OPEN]
2019-09-26 13:00:25,675 INFO  segmented.SegmentedRaftLogWorker (SegmentedRaftLogWorker.java:execute(569)) - 951a7b2a-2ee0-470c-8467-0ef8f4612cc9-SegmentedRaftLogWorker:Storage Directory /workdir/hadoop-ozone/integration-test/target/test-dir/MiniOzoneClusterImpl-5562625b-1625-43ae-b8ef-ca09318140db/datanode-2/data/ratis/b9944c0f-1fe7-4175-8cb5-79b48b78d141: created new log segment /workdir/hadoop-ozone/integration-test/target/test-dir/MiniOzoneClusterImpl-5562625b-1625-43ae-b8ef-ca09318140db/datanode-2/data/ratis/b9944c0f-1fe7-4175-8cb5-79b48b78d141/current/log_inprogress_1
2019-09-26 13:00:25,696 INFO  statemachine.DatanodeStateMachine (DatanodeStateMachine.java:lambda$startDaemon$0(350)) - Ozone container server started.
2019-09-26 13:00:25,963 INFO  statemachine.DatanodeStateMachine (DatanodeStateMachine.java:lambda$startDaemon$0(350)) - Ozone container server started.
2019-09-26 13:00:26,483 | INFO  | SCMAudit | user=jenkins1000 | ip=192.168.151.70 | op=SEND_HEARTBEAT {datanodeUUID=951a7b2a-2ee0-470c-8467-0ef8f4612cc9, command=[]} | ret=SUCCESS |  
2019-09-26 13:00:27,483 | INFO  | SCMAudit | user=jenkins1000 | ip=192.168.151.70 | op=SEND_HEARTBEAT {datanodeUUID=951a7b2a-2ee0-470c-8467-0ef8f4612cc9, command=[]} | ret=SUCCESS |  
2019-09-26 13:00:28,483 | INFO  | SCMAudit | user=jenkins1000 | ip=192.168.151.70 | op=SEND_HEARTBEAT {datanodeUUID=951a7b2a-2ee0-470c-8467-0ef8f4612cc9, command=[]} | ret=SUCCESS |  
2019-09-26 13:00:29,484 | INFO  | SCMAudit | user=jenkins1000 | ip=192.168.151.70 | op=SEND_HEARTBEAT {datanodeUUID=951a7b2a-2ee0-470c-8467-0ef8f4612cc9, command=[]} | ret=SUCCESS |  
2019-09-26 13:00:29,631 INFO  impl.FollowerState (FollowerState.java:run(106)) - 2378ee51-46ca-4d4e-9932-55ed414d7738:group-5BD36CDDF966 changes to CANDIDATE, lastRpcTime:5109, electionTimeout:5109ms
2019-09-26 13:00:29,631 INFO  impl.RoleInfo (RoleInfo.java:shutdownFollowerState(121)) - 2378ee51-46ca-4d4e-9932-55ed414d7738: shutdown FollowerState
2019-09-26 13:00:29,631 INFO  impl.RaftServerImpl (RaftServerImpl.java:setRole(171)) - 2378ee51-46ca-4d4e-9932-55ed414d7738:group-5BD36CDDF966 changes role from FOLLOWER to CANDIDATE at term 0 for changeToCandidate
2019-09-26 13:00:29,631 INFO  impl.RoleInfo (RoleInfo.java:updateAndGet(143)) - 2378ee51-46ca-4d4e-9932-55ed414d7738: start LeaderElection
2019-09-26 13:00:29,649 INFO  impl.LeaderElection (LeaderElection.java:askForVotes(181)) - 2378ee51-46ca-4d4e-9932-55ed414d7738:group-5BD36CDDF966:LeaderElection21: begin an election at term 1 for -1: [2378ee51-46ca-4d4e-9932-55ed414d7738:192.168.151.70:38753], old=null
2019-09-26 13:00:29,650 INFO  impl.RoleInfo (RoleInfo.java:shutdownLeaderElection(134)) - 2378ee51-46ca-4d4e-9932-55ed414d7738: shutdown LeaderElection
2019-09-26 13:00:29,650 INFO  impl.RaftServerImpl (RaftServerImpl.java:setRole(171)) - 2378ee51-46ca-4d4e-9932-55ed414d7738:group-5BD36CDDF966 changes role from CANDIDATE to LEADER at term 1 for changeToLeader
2019-09-26 13:00:29,650 INFO  impl.RaftServerImpl (ServerState.java:setLeader(263)) - 2378ee51-46ca-4d4e-9932-55ed414d7738:group-5BD36CDDF966 change Leader from null to 2378ee51-46ca-4d4e-9932-55ed414d7738 at term 1 for becomeLeader, leader elected after 5133ms
2019-09-26 13:00:29,650 INFO  server.RaftServerConfigKeys (ConfUtils.java:logGet(43)) - raft.server.staging.catchup.gap = 1000 (default)
2019-09-26 13:00:29,650 INFO  server.RaftServerConfigKeys (ConfUtils.java:logGet(43)) - raft.server.rpc.sleep.time = 25ms (default)
2019-09-26 13:00:29,651 INFO  server.RaftServerConfigKeys (ConfUtils.java:logGet(43)) - raft.server.write.element-limit = 4096 (default)
2019-09-26 13:00:29,651 INFO  server.RaftServerConfigKeys (ConfUtils.java:logGet(43)) - raft.server.watch.timeout = 10s (default)
2019-09-26 13:00:29,651 INFO  server.RaftServerConfigKeys (ConfUtils.java:logGet(43)) - raft.server.watch.timeout.denomination = 1s (default)
2019-09-26 13:00:29,651 INFO  server.RaftServerConfigKeys (ConfUtils.java:logGet(43)) - raft.server.watch.element-limit = 65536 (default)
2019-09-26 13:00:29,651 INFO  impl.RoleInfo (RoleInfo.java:updateAndGet(143)) - 2378ee51-46ca-4d4e-9932-55ed414d7738: start LeaderState
2019-09-26 13:00:29,652 INFO  segmented.SegmentedRaftLogWorker (SegmentedRaftLogWorker.java:startLogSegment(380)) - 2378ee51-46ca-4d4e-9932-55ed414d7738-SegmentedRaftLogWorker:Storage Directory /workdir/hadoop-ozone/integration-test/target/test-dir/MiniOzoneClusterImpl-5562625b-1625-43ae-b8ef-ca09318140db/datanode-0/data/ratis/6f0e0dbe-fa45-4357-b9a2-5bd36cddf966: Starting segment from index:0
2019-09-26 13:00:29,652 INFO  impl.RaftServerImpl (ServerState.java:setRaftConf(361)) - 2378ee51-46ca-4d4e-9932-55ed414d7738:group-5BD36CDDF966 set configuration 0: [2378ee51-46ca-4d4e-9932-55ed414d7738:192.168.151.70:38753], old=null at 0
2019-09-26 13:00:29,660 INFO  impl.FollowerState (FollowerState.java:run(106)) - 42e8478e-59b3-4480-9906-12dff8b32ca3:group-B3168EAA8C18 changes to CANDIDATE, lastRpcTime:5089, electionTimeout:5089ms
2019-09-26 13:00:29,661 INFO  impl.RoleInfo (RoleInfo.java:shutdownFollowerState(121)) - 42e8478e-59b3-4480-9906-12dff8b32ca3: shutdown FollowerState
2019-09-26 13:00:29,661 INFO  impl.RaftServerImpl (RaftServerImpl.java:setRole(171)) - 42e8478e-59b3-4480-9906-12dff8b32ca3:group-B3168EAA8C18 changes role from FOLLOWER to CANDIDATE at term 0 for changeToCandidate
2019-09-26 13:00:29,661 INFO  impl.RoleInfo (RoleInfo.java:updateAndGet(143)) - 42e8478e-59b3-4480-9906-12dff8b32ca3: start LeaderElection
2019-09-26 13:00:29,704 INFO  segmented.SegmentedRaftLogWorker (SegmentedRaftLogWorker.java:execute(569)) - 2378ee51-46ca-4d4e-9932-55ed414d7738-SegmentedRaftLogWorker:Storage Directory /workdir/hadoop-ozone/integration-test/target/test-dir/MiniOzoneClusterImpl-5562625b-1625-43ae-b8ef-ca09318140db/datanode-0/data/ratis/6f0e0dbe-fa45-4357-b9a2-5bd36cddf966: created new log segment /workdir/hadoop-ozone/integration-test/target/test-dir/MiniOzoneClusterImpl-5562625b-1625-43ae-b8ef-ca09318140db/datanode-0/data/ratis/6f0e0dbe-fa45-4357-b9a2-5bd36cddf966/current/log_inprogress_0
2019-09-26 13:00:29,704 INFO  impl.LeaderElection (LeaderElection.java:askForVotes(181)) - 42e8478e-59b3-4480-9906-12dff8b32ca3:group-B3168EAA8C18:LeaderElection22: begin an election at term 1 for -1: [42e8478e-59b3-4480-9906-12dff8b32ca3:192.168.151.70:38858], old=null
2019-09-26 13:00:29,704 INFO  impl.RoleInfo (RoleInfo.java:shutdownLeaderElection(134)) - 42e8478e-59b3-4480-9906-12dff8b32ca3: shutdown LeaderElection
2019-09-26 13:00:29,705 INFO  impl.RaftServerImpl (RaftServerImpl.java:setRole(171)) - 42e8478e-59b3-4480-9906-12dff8b32ca3:group-B3168EAA8C18 changes role from CANDIDATE to LEADER at term 1 for changeToLeader
2019-09-26 13:00:29,705 INFO  impl.RaftServerImpl (ServerState.java:setLeader(263)) - 42e8478e-59b3-4480-9906-12dff8b32ca3:group-B3168EAA8C18 change Leader from null to 42e8478e-59b3-4480-9906-12dff8b32ca3 at term 1 for becomeLeader, leader elected after 5138ms
2019-09-26 13:00:29,705 INFO  server.RaftServerConfigKeys (ConfUtils.java:logGet(43)) - raft.server.staging.catchup.gap = 1000 (default)
2019-09-26 13:00:29,705 INFO  server.RaftServerConfigKeys (ConfUtils.java:logGet(43)) - raft.server.rpc.sleep.time = 25ms (default)
2019-09-26 13:00:29,705 INFO  server.RaftServerConfigKeys (ConfUtils.java:logGet(43)) - raft.server.write.element-limit = 4096 (default)
2019-09-26 13:00:29,705 INFO  server.RaftServerConfigKeys (ConfUtils.java:logGet(43)) - raft.server.watch.timeout = 10s (default)
2019-09-26 13:00:29,706 INFO  server.RaftServerConfigKeys (ConfUtils.java:logGet(43)) - raft.server.watch.timeout.denomination = 1s (default)
2019-09-26 13:00:29,706 INFO  server.RaftServerConfigKeys (ConfUtils.java:logGet(43)) - raft.server.watch.element-limit = 65536 (default)
2019-09-26 13:00:29,706 INFO  impl.RoleInfo (RoleInfo.java:updateAndGet(143)) - 42e8478e-59b3-4480-9906-12dff8b32ca3: start LeaderState
2019-09-26 13:00:29,706 INFO  segmented.SegmentedRaftLogWorker (SegmentedRaftLogWorker.java:startLogSegment(380)) - 42e8478e-59b3-4480-9906-12dff8b32ca3-SegmentedRaftLogWorker:Storage Directory /workdir/hadoop-ozone/integration-test/target/test-dir/MiniOzoneClusterImpl-5562625b-1625-43ae-b8ef-ca09318140db/datanode-1/data/ratis/1ec8db0d-3762-4885-b066-b3168eaa8c18: Starting segment from index:0
2019-09-26 13:00:29,707 INFO  impl.RaftServerImpl (ServerState.java:setRaftConf(361)) - 42e8478e-59b3-4480-9906-12dff8b32ca3:group-B3168EAA8C18 set configuration 0: [42e8478e-59b3-4480-9906-12dff8b32ca3:192.168.151.70:38858], old=null at 0
2019-09-26 13:00:29,752 INFO  segmented.SegmentedRaftLogWorker (SegmentedRaftLogWorker.java:execute(569)) - 42e8478e-59b3-4480-9906-12dff8b32ca3-SegmentedRaftLogWorker:Storage Directory /workdir/hadoop-ozone/integration-test/target/test-dir/MiniOzoneClusterImpl-5562625b-1625-43ae-b8ef-ca09318140db/datanode-1/data/ratis/1ec8db0d-3762-4885-b066-b3168eaa8c18: created new log segment /workdir/hadoop-ozone/integration-test/target/test-dir/MiniOzoneClusterImpl-5562625b-1625-43ae-b8ef-ca09318140db/datanode-1/data/ratis/1ec8db0d-3762-4885-b066-b3168eaa8c18/current/log_inprogress_0
2019-09-26 13:00:30,277 INFO  ozoneimpl.OzoneContainer (OzoneContainer.java:stop(199)) - Attempting to stop container services.
2019-09-26 13:00:30,277 INFO  ozoneimpl.OzoneContainer (OzoneContainer.java:stop(199)) - Attempting to stop container services.
2019-09-26 13:00:30,278 INFO  impl.RaftServerProxy (RaftServerProxy.java:lambda$close$4(314)) - 2378ee51-46ca-4d4e-9932-55ed414d7738: close
2019-09-26 13:00:30,278 INFO  impl.RaftServerProxy (RaftServerProxy.java:lambda$close$4(314)) - 42e8478e-59b3-4480-9906-12dff8b32ca3: close
2019-09-26 13:00:30,278 INFO  impl.RaftServerImpl (RaftServerImpl.java:lambda$shutdown$3(245)) - 2378ee51-46ca-4d4e-9932-55ed414d7738: shutdown group-9AB47179292F
2019-09-26 13:00:30,279 INFO  impl.RaftServerImpl (RaftServerImpl.java:lambda$shutdown$3(245)) - 42e8478e-59b3-4480-9906-12dff8b32ca3: shutdown group-B3168EAA8C18
2019-09-26 13:00:30,279 INFO  util.JmxRegister (JmxRegister.java:unregister(73)) - Successfully un-registered JMX Bean with object name Ratis:service=RaftServer,group=group-9AB47179292F,id=2378ee51-46ca-4d4e-9932-55ed414d7738
2019-09-26 13:00:30,279 INFO  util.JmxRegister (JmxRegister.java:unregister(73)) - Successfully un-registered JMX Bean with object name Ratis:service=RaftServer,group=group-B3168EAA8C18,id=42e8478e-59b3-4480-9906-12dff8b32ca3
2019-09-26 13:00:30,280 INFO  impl.RoleInfo (RoleInfo.java:shutdownLeaderState(104)) - 42e8478e-59b3-4480-9906-12dff8b32ca3: shutdown LeaderState
2019-09-26 13:00:30,280 INFO  impl.RoleInfo (RoleInfo.java:shutdownLeaderState(104)) - 2378ee51-46ca-4d4e-9932-55ed414d7738: shutdown LeaderState
2019-09-26 13:00:30,281 INFO  impl.PendingRequests (PendingRequests.java:sendNotLeaderResponses(202)) - 42e8478e-59b3-4480-9906-12dff8b32ca3-PendingRequests: sendNotLeaderResponses
2019-09-26 13:00:30,281 INFO  impl.PendingRequests (PendingRequests.java:sendNotLeaderResponses(202)) - 2378ee51-46ca-4d4e-9932-55ed414d7738-PendingRequests: sendNotLeaderResponses
2019-09-26 13:00:30,281 INFO  impl.StateMachineUpdater (StateMachineUpdater.java:stopAndJoin(115)) - StateMachineUpdater:42e8478e-59b3-4480-9906-12dff8b32ca3:group-B3168EAA8C18: set stopIndex = 0
2019-09-26 13:00:30,288 INFO  impl.StateMachineUpdater (StateMachineUpdater.java:stopAndJoin(115)) - StateMachineUpdater:2378ee51-46ca-4d4e-9932-55ed414d7738:group-9AB47179292F: set stopIndex = 2
2019-09-26 13:00:30,289 INFO  impl.RaftServerImpl (ServerState.java:close(394)) - 42e8478e-59b3-4480-9906-12dff8b32ca3:group-B3168EAA8C18 closes. The last applied log index is 0
2019-09-26 13:00:30,289 INFO  impl.RaftServerImpl (ServerState.java:close(394)) - 2378ee51-46ca-4d4e-9932-55ed414d7738:group-9AB47179292F closes. The last applied log index is 2
2019-09-26 13:00:30,289 INFO  segmented.SegmentedRaftLogWorker (SegmentedRaftLogWorker.java:run(313)) - 42e8478e-59b3-4480-9906-12dff8b32ca3-SegmentedRaftLogWorker:Storage Directory /workdir/hadoop-ozone/integration-test/target/test-dir/MiniOzoneClusterImpl-5562625b-1625-43ae-b8ef-ca09318140db/datanode-1/data/ratis/1ec8db0d-3762-4885-b066-b3168eaa8c18 was interrupted, exiting. There are 0 tasks remaining in the queue.
2019-09-26 13:00:30,290 INFO  segmented.SegmentedRaftLogWorker (SegmentedRaftLogWorker.java:run(313)) - 2378ee51-46ca-4d4e-9932-55ed414d7738-SegmentedRaftLogWorker:Storage Directory /workdir/hadoop-ozone/integration-test/target/test-dir/MiniOzoneClusterImpl-5562625b-1625-43ae-b8ef-ca09318140db/datanode-0/data/ratis/a527df18-21cd-4421-b064-9ab47179292f was interrupted, exiting. There are 0 tasks remaining in the queue.
2019-09-26 13:00:30,293 INFO  segmented.SegmentedRaftLogWorker (SegmentedRaftLogWorker.java:close(228)) - 42e8478e-59b3-4480-9906-12dff8b32ca3-SegmentedRaftLogWorker:Storage Directory /workdir/hadoop-ozone/integration-test/target/test-dir/MiniOzoneClusterImpl-5562625b-1625-43ae-b8ef-ca09318140db/datanode-1/data/ratis/1ec8db0d-3762-4885-b066-b3168eaa8c18 close()
2019-09-26 13:00:30,293 INFO  segmented.SegmentedRaftLogWorker (SegmentedRaftLogWorker.java:close(228)) - 2378ee51-46ca-4d4e-9932-55ed414d7738-SegmentedRaftLogWorker:Storage Directory /workdir/hadoop-ozone/integration-test/target/test-dir/MiniOzoneClusterImpl-5562625b-1625-43ae-b8ef-ca09318140db/datanode-0/data/ratis/a527df18-21cd-4421-b064-9ab47179292f close()
2019-09-26 13:00:30,296 INFO  impl.RaftServerImpl (RaftServerImpl.java:lambda$shutdown$3(245)) - 42e8478e-59b3-4480-9906-12dff8b32ca3: shutdown group-60CB043F43E6
2019-09-26 13:00:30,299 INFO  impl.RaftServerImpl (RaftServerImpl.java:lambda$shutdown$3(245)) - 2378ee51-46ca-4d4e-9932-55ed414d7738: shutdown group-5BD36CDDF966
2019-09-26 13:00:30,299 INFO  util.JmxRegister (JmxRegister.java:unregister(73)) - Successfully un-registered JMX Bean with object name Ratis:service=RaftServer,group=group-60CB043F43E6,id=42e8478e-59b3-4480-9906-12dff8b32ca3
2019-09-26 13:00:30,299 INFO  util.JmxRegister (JmxRegister.java:unregister(73)) - Successfully un-registered JMX Bean with object name Ratis:service=RaftServer,group=group-5BD36CDDF966,id=2378ee51-46ca-4d4e-9932-55ed414d7738
2019-09-26 13:00:30,300 INFO  impl.RoleInfo (RoleInfo.java:shutdownLeaderState(104)) - 42e8478e-59b3-4480-9906-12dff8b32ca3: shutdown LeaderState
2019-09-26 13:00:30,300 INFO  impl.RoleInfo (RoleInfo.java:shutdownLeaderState(104)) - 2378ee51-46ca-4d4e-9932-55ed414d7738: shutdown LeaderState
2019-09-26 13:00:30,301 INFO  impl.PendingRequests (PendingRequests.java:sendNotLeaderResponses(202)) - 42e8478e-59b3-4480-9906-12dff8b32ca3-PendingRequests: sendNotLeaderResponses
2019-09-26 13:00:30,301 INFO  impl.PendingRequests (PendingRequests.java:sendNotLeaderResponses(202)) - 2378ee51-46ca-4d4e-9932-55ed414d7738-PendingRequests: sendNotLeaderResponses
2019-09-26 13:00:30,306 INFO  impl.StateMachineUpdater (StateMachineUpdater.java:stopAndJoin(115)) - StateMachineUpdater:42e8478e-59b3-4480-9906-12dff8b32ca3:group-60CB043F43E6: set stopIndex = 2
2019-09-26 13:00:30,307 INFO  impl.RaftServerImpl (ServerState.java:close(394)) - 42e8478e-59b3-4480-9906-12dff8b32ca3:group-60CB043F43E6 closes. The last applied log index is 2
2019-09-26 13:00:30,306 INFO  impl.StateMachineUpdater (StateMachineUpdater.java:stopAndJoin(115)) - StateMachineUpdater:2378ee51-46ca-4d4e-9932-55ed414d7738:group-5BD36CDDF966: set stopIndex = 0
2019-09-26 13:00:30,307 INFO  segmented.SegmentedRaftLogWorker (SegmentedRaftLogWorker.java:run(313)) - 42e8478e-59b3-4480-9906-12dff8b32ca3-SegmentedRaftLogWorker:Storage Directory /workdir/hadoop-ozone/integration-test/target/test-dir/MiniOzoneClusterImpl-5562625b-1625-43ae-b8ef-ca09318140db/datanode-1/data/ratis/6737c98c-3d21-430d-938e-60cb043f43e6 was interrupted, exiting. There are 0 tasks remaining in the queue.
2019-09-26 13:00:30,307 INFO  impl.RaftServerImpl (ServerState.java:close(394)) - 2378ee51-46ca-4d4e-9932-55ed414d7738:group-5BD36CDDF966 closes. The last applied log index is 0
2019-09-26 13:00:30,309 INFO  segmented.SegmentedRaftLogWorker (SegmentedRaftLogWorker.java:close(228)) - 42e8478e-59b3-4480-9906-12dff8b32ca3-SegmentedRaftLogWorker:Storage Directory /workdir/hadoop-ozone/integration-test/target/test-dir/MiniOzoneClusterImpl-5562625b-1625-43ae-b8ef-ca09318140db/datanode-1/data/ratis/6737c98c-3d21-430d-938e-60cb043f43e6 close()
2019-09-26 13:00:30,309 INFO  segmented.SegmentedRaftLogWorker (SegmentedRaftLogWorker.java:run(313)) - 2378ee51-46ca-4d4e-9932-55ed414d7738-SegmentedRaftLogWorker:Storage Directory /workdir/hadoop-ozone/integration-test/target/test-dir/MiniOzoneClusterImpl-5562625b-1625-43ae-b8ef-ca09318140db/datanode-0/data/ratis/6f0e0dbe-fa45-4357-b9a2-5bd36cddf966 was interrupted, exiting. There are 0 tasks remaining in the queue.
2019-09-26 13:00:30,312 INFO  impl.RaftServerImpl (RaftServerImpl.java:lambda$shutdown$3(245)) - 42e8478e-59b3-4480-9906-12dff8b32ca3: shutdown group-BA3C792A5A69
2019-09-26 13:00:30,314 INFO  segmented.SegmentedRaftLogWorker (SegmentedRaftLogWorker.java:close(228)) - 2378ee51-46ca-4d4e-9932-55ed414d7738-SegmentedRaftLogWorker:Storage Directory /workdir/hadoop-ozone/integration-test/target/test-dir/MiniOzoneClusterImpl-5562625b-1625-43ae-b8ef-ca09318140db/datanode-0/data/ratis/6f0e0dbe-fa45-4357-b9a2-5bd36cddf966 close()
2019-09-26 13:00:30,314 INFO  util.JmxRegister (JmxRegister.java:unregister(73)) - Successfully un-registered JMX Bean with object name Ratis:service=RaftServer,group=group-BA3C792A5A69,id=42e8478e-59b3-4480-9906-12dff8b32ca3
2019-09-26 13:00:30,316 INFO  impl.RaftServerImpl (RaftServerImpl.java:lambda$shutdown$3(245)) - 2378ee51-46ca-4d4e-9932-55ed414d7738: shutdown group-BA3C792A5A69
2019-09-26 13:00:30,317 INFO  impl.RoleInfo (RoleInfo.java:shutdownFollowerState(121)) - 42e8478e-59b3-4480-9906-12dff8b32ca3: shutdown FollowerState
2019-09-26 13:00:30,317 INFO  util.JmxRegister (JmxRegister.java:unregister(73)) - Successfully un-registered JMX Bean with object name Ratis:service=RaftServer,group=group-BA3C792A5A69,id=2378ee51-46ca-4d4e-9932-55ed414d7738
2019-09-26 13:00:30,318 INFO  impl.FollowerState (FollowerState.java:run(114)) - 42e8478e-59b3-4480-9906-12dff8b32ca3: FollowerState was interrupted: java.lang.InterruptedException: sleep interrupted
2019-09-26 13:00:30,318 INFO  impl.StateMachineUpdater (StateMachineUpdater.java:stopAndJoin(115)) - StateMachineUpdater:42e8478e-59b3-4480-9906-12dff8b32ca3:group-BA3C792A5A69: set stopIndex = -1
2019-09-26 13:00:30,320 INFO  impl.RaftServerImpl (ServerState.java:close(394)) - 42e8478e-59b3-4480-9906-12dff8b32ca3:group-BA3C792A5A69 closes. The last applied log index is -1
2019-09-26 13:00:30,318 INFO  impl.RoleInfo (RoleInfo.java:shutdownFollowerState(121)) - 2378ee51-46ca-4d4e-9932-55ed414d7738: shutdown FollowerState
2019-09-26 13:00:30,320 INFO  segmented.SegmentedRaftLogWorker (SegmentedRaftLogWorker.java:run(313)) - 42e8478e-59b3-4480-9906-12dff8b32ca3-SegmentedRaftLogWorker:Storage Directory /workdir/hadoop-ozone/integration-test/target/test-dir/MiniOzoneClusterImpl-5562625b-1625-43ae-b8ef-ca09318140db/datanode-1/data/ratis/71731802-bce7-4ca0-93b5-ba3c792a5a69 was interrupted, exiting. There are 0 tasks remaining in the queue.
2019-09-26 13:00:30,321 INFO  impl.FollowerState (FollowerState.java:run(114)) - 2378ee51-46ca-4d4e-9932-55ed414d7738: FollowerState was interrupted: java.lang.InterruptedException: sleep interrupted
2019-09-26 13:00:30,320 INFO  impl.StateMachineUpdater (StateMachineUpdater.java:stopAndJoin(115)) - StateMachineUpdater:2378ee51-46ca-4d4e-9932-55ed414d7738:group-BA3C792A5A69: set stopIndex = -1
2019-09-26 13:00:30,322 INFO  impl.RaftServerImpl (ServerState.java:close(394)) - 2378ee51-46ca-4d4e-9932-55ed414d7738:group-BA3C792A5A69 closes. The last applied log index is -1
2019-09-26 13:00:30,321 INFO  segmented.SegmentedRaftLogWorker (SegmentedRaftLogWorker.java:close(228)) - 42e8478e-59b3-4480-9906-12dff8b32ca3-SegmentedRaftLogWorker:Storage Directory /workdir/hadoop-ozone/integration-test/target/test-dir/MiniOzoneClusterImpl-5562625b-1625-43ae-b8ef-ca09318140db/datanode-1/data/ratis/71731802-bce7-4ca0-93b5-ba3c792a5a69 close()
2019-09-26 13:00:30,323 INFO  segmented.SegmentedRaftLogWorker (SegmentedRaftLogWorker.java:run(313)) - 2378ee51-46ca-4d4e-9932-55ed414d7738-SegmentedRaftLogWorker:Storage Directory /workdir/hadoop-ozone/integration-test/target/test-dir/MiniOzoneClusterImpl-5562625b-1625-43ae-b8ef-ca09318140db/datanode-0/data/ratis/71731802-bce7-4ca0-93b5-ba3c792a5a69 was interrupted, exiting. There are 0 tasks remaining in the queue.
2019-09-26 13:00:30,325 INFO  server.GrpcService (GrpcService.java:closeImpl(155)) - 42e8478e-59b3-4480-9906-12dff8b32ca3: shutdown server with port 38858 now
2019-09-26 13:00:30,325 INFO  segmented.SegmentedRaftLogWorker (SegmentedRaftLogWorker.java:close(228)) - 2378ee51-46ca-4d4e-9932-55ed414d7738-SegmentedRaftLogWorker:Storage Directory /workdir/hadoop-ozone/integration-test/target/test-dir/MiniOzoneClusterImpl-5562625b-1625-43ae-b8ef-ca09318140db/datanode-0/data/ratis/71731802-bce7-4ca0-93b5-ba3c792a5a69 close()
2019-09-26 13:00:30,329 INFO  server.GrpcService (GrpcService.java:closeImpl(163)) - 42e8478e-59b3-4480-9906-12dff8b32ca3: shutdown server with port 38858 successfully
2019-09-26 13:00:30,329 INFO  server.GrpcService (GrpcService.java:closeImpl(155)) - 2378ee51-46ca-4d4e-9932-55ed414d7738: shutdown server with port 38753 now
2019-09-26 13:00:30,330 INFO  server.GrpcService (GrpcService.java:closeImpl(163)) - 2378ee51-46ca-4d4e-9932-55ed414d7738: shutdown server with port 38753 successfully
2019-09-26 13:00:30,331 INFO  utils.BackgroundService (BackgroundService.java:shutdown(148)) - Shutting down service BlockDeletingService
2019-09-26 13:00:30,332 INFO  utils.BackgroundService (BackgroundService.java:shutdown(148)) - Shutting down service BlockDeletingService
2019-09-26 13:00:30,334 WARN  fs.CachingGetSpaceUsed (CachingGetSpaceUsed.java:run(183)) - Thread Interrupted waiting to refresh disk information: sleep interrupted
2019-09-26 13:00:30,335 WARN  fs.CachingGetSpaceUsed (CachingGetSpaceUsed.java:run(183)) - Thread Interrupted waiting to refresh disk information: sleep interrupted
2019-09-26 13:00:30,357 INFO  statemachine.DatanodeStateMachine (DatanodeStateMachine.java:stopDaemon(395)) - Ozone container server stopped.
2019-09-26 13:00:30,360 INFO  statemachine.DatanodeStateMachine (DatanodeStateMachine.java:stopDaemon(395)) - Ozone container server stopped.
2019-09-26 13:00:30,363 INFO  handler.ContextHandler (ContextHandler.java:doStop(910)) - Stopped o.e.j.w.WebAppContext@3b9ee6be{/,null,UNAVAILABLE}{/hddsDatanode}
2019-09-26 13:00:30,364 INFO  handler.ContextHandler (ContextHandler.java:doStop(910)) - Stopped o.e.j.w.WebAppContext@5a868d92{/,null,UNAVAILABLE}{/hddsDatanode}
2019-09-26 13:00:30,365 INFO  server.AbstractConnector (AbstractConnector.java:doStop(318)) - Stopped ServerConnector@26d3c23e{HTTP/1.1,[http/1.1]}{0.0.0.0:39317}
2019-09-26 13:00:30,365 INFO  server.AbstractConnector (AbstractConnector.java:doStop(318)) - Stopped ServerConnector@215e90d9{HTTP/1.1,[http/1.1]}{0.0.0.0:33666}
2019-09-26 13:00:30,366 INFO  handler.ContextHandler (ContextHandler.java:doStop(910)) - Stopped o.e.j.s.ServletContextHandler@48487920{/static,jar:file:/home/user/.m2/repository/org/apache/hadoop/hadoop-hdds-container-service/0.4.1-SNAPSHOT/hadoop-hdds-container-service-0.4.1-SNAPSHOT.jar!/webapps/static,UNAVAILABLE}
2019-09-26 13:00:30,366 INFO  handler.ContextHandler (ContextHandler.java:doStop(910)) - Stopped o.e.j.s.ServletContextHandler@3bd17d74{/static,jar:file:/home/user/.m2/repository/org/apache/hadoop/hadoop-hdds-container-service/0.4.1-SNAPSHOT/hadoop-hdds-container-service-0.4.1-SNAPSHOT.jar!/webapps/static,UNAVAILABLE}
2019-09-26 13:00:30,367 INFO  handler.ContextHandler (ContextHandler.java:doStop(910)) - Stopped o.e.j.s.ServletContextHandler@6c685aea{/logs,file:///workdir/hadoop-ozone/integration-test/target/log,UNAVAILABLE}
2019-09-26 13:00:30,368 INFO  handler.ContextHandler (ContextHandler.java:doStop(910)) - Stopped o.e.j.s.ServletContextHandler@3a1b914b{/logs,file:///workdir/hadoop-ozone/integration-test/target/log,UNAVAILABLE}
2019-09-26 13:00:30,369 INFO  datanode.ObjectStoreHandler (ObjectStoreHandler.java:close(155)) - Closing ObjectStoreHandler.
2019-09-26 13:00:30,370 INFO  ozone.HddsDatanodeService (HddsDatanodeService.java:stop(451)) - Stopped plug-in org.apache.hadoop.ozone.web.OzoneHddsDatanodeService@5feb4d1a
2019-09-26 13:00:30,477 INFO  node.StaleNodeHandler (StaleNodeHandler.java:onMessage(58)) - Datanode 2378ee51-46ca-4d4e-9932-55ed414d7738{ip: 192.168.151.70, host: byscane-acceptance-20190926-d9prj-792920712, networkLocation: /default-rack, certSerialId: null} moved to stale state. Finalizing its pipelines [PipelineID=a527df18-21cd-4421-b064-9ab47179292f, PipelineID=6f0e0dbe-fa45-4357-b9a2-5bd36cddf966, PipelineID=71731802-bce7-4ca0-93b5-ba3c792a5a69]
2019-09-26 13:00:30,478 INFO  pipeline.SCMPipelineManager (SCMPipelineManager.java:finalizeAndDestroyPipeline(309)) - destroying pipeline:Pipeline[ Id: a527df18-21cd-4421-b064-9ab47179292f, Nodes: 2378ee51-46ca-4d4e-9932-55ed414d7738{ip: 192.168.151.70, host: byscane-acceptance-20190926-d9prj-792920712, networkLocation: /default-rack, certSerialId: null}, Type:RATIS, Factor:ONE, State:CLOSED]
2019-09-26 13:00:30,478 INFO  pipeline.SCMPipelineManager (SCMPipelineManager.java:finalizeAndDestroyPipeline(309)) - destroying pipeline:Pipeline[ Id: 6f0e0dbe-fa45-4357-b9a2-5bd36cddf966, Nodes: 2378ee51-46ca-4d4e-9932-55ed414d7738{ip: 192.168.151.70, host: byscane-acceptance-20190926-d9prj-792920712, networkLocation: /default-rack, certSerialId: null}, Type:RATIS, Factor:ONE, State:OPEN]
2019-09-26 13:00:30,478 INFO  pipeline.PipelineStateManager (PipelineStateManager.java:finalizePipeline(123)) - Pipeline Pipeline[ Id: 6f0e0dbe-fa45-4357-b9a2-5bd36cddf966, Nodes: 2378ee51-46ca-4d4e-9932-55ed414d7738{ip: 192.168.151.70, host: byscane-acceptance-20190926-d9prj-792920712, networkLocation: /default-rack, certSerialId: null}, Type:RATIS, Factor:ONE, State:CLOSED] moved to CLOSED state
2019-09-26 13:00:30,478 INFO  pipeline.SCMPipelineManager (SCMPipelineManager.java:finalizeAndDestroyPipeline(309)) - destroying pipeline:Pipeline[ Id: 71731802-bce7-4ca0-93b5-ba3c792a5a69, Nodes: 2378ee51-46ca-4d4e-9932-55ed414d7738{ip: 192.168.151.70, host: byscane-acceptance-20190926-d9prj-792920712, networkLocation: /default-rack, certSerialId: null}951a7b2a-2ee0-470c-8467-0ef8f4612cc9{ip: 192.168.151.70, host: byscane-acceptance-20190926-d9prj-792920712, networkLocation: /default-rack, certSerialId: null}42e8478e-59b3-4480-9906-12dff8b32ca3{ip: 192.168.151.70, host: byscane-acceptance-20190926-d9prj-792920712, networkLocation: /default-rack, certSerialId: null}, Type:RATIS, Factor:THREE, State:OPEN]
2019-09-26 13:00:30,478 INFO  pipeline.PipelineStateManager (PipelineStateManager.java:finalizePipeline(123)) - Pipeline Pipeline[ Id: 71731802-bce7-4ca0-93b5-ba3c792a5a69, Nodes: 2378ee51-46ca-4d4e-9932-55ed414d7738{ip: 192.168.151.70, host: byscane-acceptance-20190926-d9prj-792920712, networkLocation: /default-rack, certSerialId: null}951a7b2a-2ee0-470c-8467-0ef8f4612cc9{ip: 192.168.151.70, host: byscane-acceptance-20190926-d9prj-792920712, networkLocation: /default-rack, certSerialId: null}42e8478e-59b3-4480-9906-12dff8b32ca3{ip: 192.168.151.70, host: byscane-acceptance-20190926-d9prj-792920712, networkLocation: /default-rack, certSerialId: null}, Type:RATIS, Factor:THREE, State:CLOSED] moved to CLOSED state
2019-09-26 13:00:30,479 INFO  node.StaleNodeHandler (StaleNodeHandler.java:onMessage(58)) - Datanode 42e8478e-59b3-4480-9906-12dff8b32ca3{ip: 192.168.151.70, host: byscane-acceptance-20190926-d9prj-792920712, networkLocation: /default-rack, certSerialId: null} moved to stale state. Finalizing its pipelines [PipelineID=1ec8db0d-3762-4885-b066-b3168eaa8c18, PipelineID=6737c98c-3d21-430d-938e-60cb043f43e6, PipelineID=71731802-bce7-4ca0-93b5-ba3c792a5a69]
2019-09-26 13:00:30,479 INFO  pipeline.SCMPipelineManager (SCMPipelineManager.java:finalizeAndDestroyPipeline(309)) - destroying pipeline:Pipeline[ Id: 1ec8db0d-3762-4885-b066-b3168eaa8c18, Nodes: 42e8478e-59b3-4480-9906-12dff8b32ca3{ip: 192.168.151.70, host: byscane-acceptance-20190926-d9prj-792920712, networkLocation: /default-rack, certSerialId: null}, Type:RATIS, Factor:ONE, State:OPEN]
2019-09-26 13:00:30,479 INFO  pipeline.PipelineStateManager (PipelineStateManager.java:finalizePipeline(123)) - Pipeline Pipeline[ Id: 1ec8db0d-3762-4885-b066-b3168eaa8c18, Nodes: 42e8478e-59b3-4480-9906-12dff8b32ca3{ip: 192.168.151.70, host: byscane-acceptance-20190926-d9prj-792920712, networkLocation: /default-rack, certSerialId: null}, Type:RATIS, Factor:ONE, State:CLOSED] moved to CLOSED state
2019-09-26 13:00:30,479 INFO  pipeline.SCMPipelineManager (SCMPipelineManager.java:finalizeAndDestroyPipeline(309)) - destroying pipeline:Pipeline[ Id: 6737c98c-3d21-430d-938e-60cb043f43e6, Nodes: 42e8478e-59b3-4480-9906-12dff8b32ca3{ip: 192.168.151.70, host: byscane-acceptance-20190926-d9prj-792920712, networkLocation: /default-rack, certSerialId: null}, Type:RATIS, Factor:ONE, State:CLOSED]
2019-09-26 13:00:30,479 INFO  pipeline.SCMPipelineManager (SCMPipelineManager.java:finalizeAndDestroyPipeline(309)) - destroying pipeline:Pipeline[ Id: 71731802-bce7-4ca0-93b5-ba3c792a5a69, Nodes: 2378ee51-46ca-4d4e-9932-55ed414d7738{ip: 192.168.151.70, host: byscane-acceptance-20190926-d9prj-792920712, networkLocation: /default-rack, certSerialId: null}951a7b2a-2ee0-470c-8467-0ef8f4612cc9{ip: 192.168.151.70, host: byscane-acceptance-20190926-d9prj-792920712, networkLocation: /default-rack, certSerialId: null}42e8478e-59b3-4480-9906-12dff8b32ca3{ip: 192.168.151.70, host: byscane-acceptance-20190926-d9prj-792920712, networkLocation: /default-rack, certSerialId: null}, Type:RATIS, Factor:THREE, State:CLOSED]
2019-09-26 13:00:30,483 INFO  statemachine.DatanodeStateMachine (DatanodeStateMachine.java:lambda$startDaemon$0(350)) - Ozone container server started.
2019-09-26 13:00:30,560 INFO  impl.FollowerState (FollowerState.java:run(106)) - 951a7b2a-2ee0-470c-8467-0ef8f4612cc9:group-1056F6F01BFF changes to CANDIDATE, lastRpcTime:5029, electionTimeout:5029ms
2019-09-26 13:00:30,561 INFO  impl.RoleInfo (RoleInfo.java:shutdownFollowerState(121)) - 951a7b2a-2ee0-470c-8467-0ef8f4612cc9: shutdown FollowerState
2019-09-26 13:00:30,561 INFO  impl.RaftServerImpl (RaftServerImpl.java:setRole(171)) - 951a7b2a-2ee0-470c-8467-0ef8f4612cc9:group-1056F6F01BFF changes role from FOLLOWER to CANDIDATE at term 0 for changeToCandidate
2019-09-26 13:00:30,561 INFO  impl.RoleInfo (RoleInfo.java:updateAndGet(143)) - 951a7b2a-2ee0-470c-8467-0ef8f4612cc9: start LeaderElection
2019-09-26 13:00:30,578 INFO  impl.LeaderElection (LeaderElection.java:askForVotes(181)) - 951a7b2a-2ee0-470c-8467-0ef8f4612cc9:group-1056F6F01BFF:LeaderElection23: begin an election at term 1 for -1: [951a7b2a-2ee0-470c-8467-0ef8f4612cc9:192.168.151.70:40524], old=null
2019-09-26 13:00:30,579 INFO  impl.RoleInfo (RoleInfo.java:shutdownLeaderElection(134)) - 951a7b2a-2ee0-470c-8467-0ef8f4612cc9: shutdown LeaderElection
2019-09-26 13:00:30,579 INFO  impl.RaftServerImpl (RaftServerImpl.java:setRole(171)) - 951a7b2a-2ee0-470c-8467-0ef8f4612cc9:group-1056F6F01BFF changes role from CANDIDATE to LEADER at term 1 for changeToLeader
2019-09-26 13:00:30,579 INFO  impl.RaftServerImpl (ServerState.java:setLeader(263)) - 951a7b2a-2ee0-470c-8467-0ef8f4612cc9:group-1056F6F01BFF change Leader from null to 951a7b2a-2ee0-470c-8467-0ef8f4612cc9 at term 1 for becomeLeader, leader elected after 5052ms
2019-09-26 13:00:30,579 INFO  server.RaftServerConfigKeys (ConfUtils.java:logGet(43)) - raft.server.staging.catchup.gap = 1000 (default)
2019-09-26 13:00:30,579 INFO  server.RaftServerConfigKeys (ConfUtils.java:logGet(43)) - raft.server.rpc.sleep.time = 25ms (default)
2019-09-26 13:00:30,579 INFO  server.RaftServerConfigKeys (ConfUtils.java:logGet(43)) - raft.server.write.element-limit = 4096 (default)
2019-09-26 13:00:30,579 INFO  server.RaftServerConfigKeys (ConfUtils.java:logGet(43)) - raft.server.watch.timeout = 10s (default)
2019-09-26 13:00:30,580 INFO  server.RaftServerConfigKeys (ConfUtils.java:logGet(43)) - raft.server.watch.timeout.denomination = 1s (default)
2019-09-26 13:00:30,580 INFO  server.RaftServerConfigKeys (ConfUtils.java:logGet(43)) - raft.server.watch.element-limit = 65536 (default)
2019-09-26 13:00:30,580 INFO  impl.RoleInfo (RoleInfo.java:updateAndGet(143)) - 951a7b2a-2ee0-470c-8467-0ef8f4612cc9: start LeaderState
2019-09-26 13:00:30,580 INFO  segmented.SegmentedRaftLogWorker (SegmentedRaftLogWorker.java:startLogSegment(380)) - 951a7b2a-2ee0-470c-8467-0ef8f4612cc9-SegmentedRaftLogWorker:Storage Directory /workdir/hadoop-ozone/integration-test/target/test-dir/MiniOzoneClusterImpl-5562625b-1625-43ae-b8ef-ca09318140db/datanode-2/data/ratis/89249a64-be92-42ca-a7e1-1056f6f01bff: Starting segment from index:0
2019-09-26 13:00:30,581 INFO  impl.RaftServerImpl (ServerState.java:setRaftConf(361)) - 951a7b2a-2ee0-470c-8467-0ef8f4612cc9:group-1056F6F01BFF set configuration 0: [951a7b2a-2ee0-470c-8467-0ef8f4612cc9:192.168.151.70:40524], old=null at 0
2019-09-26 13:00:30,633 INFO  segmented.SegmentedRaftLogWorker (SegmentedRaftLogWorker.java:execute(569)) - 951a7b2a-2ee0-470c-8467-0ef8f4612cc9-SegmentedRaftLogWorker:Storage Directory /workdir/hadoop-ozone/integration-test/target/test-dir/MiniOzoneClusterImpl-5562625b-1625-43ae-b8ef-ca09318140db/datanode-2/data/ratis/89249a64-be92-42ca-a7e1-1056f6f01bff: created new log segment /workdir/hadoop-ozone/integration-test/target/test-dir/MiniOzoneClusterImpl-5562625b-1625-43ae-b8ef-ca09318140db/datanode-2/data/ratis/89249a64-be92-42ca-a7e1-1056f6f01bff/current/log_inprogress_0
2019-09-26 13:00:30,846 INFO  impl.FollowerState (FollowerState.java:run(106)) - 951a7b2a-2ee0-470c-8467-0ef8f4612cc9:group-BA3C792A5A69 changes to CANDIDATE, lastRpcTime:5195, electionTimeout:5195ms
2019-09-26 13:00:30,846 INFO  impl.RoleInfo (RoleInfo.java:shutdownFollowerState(121)) - 951a7b2a-2ee0-470c-8467-0ef8f4612cc9: shutdown FollowerState
2019-09-26 13:00:30,846 INFO  impl.RaftServerImpl (RaftServerImpl.java:setRole(171)) - 951a7b2a-2ee0-470c-8467-0ef8f4612cc9:group-BA3C792A5A69 changes role from FOLLOWER to CANDIDATE at term 0 for changeToCandidate
2019-09-26 13:00:30,846 INFO  impl.RoleInfo (RoleInfo.java:updateAndGet(143)) - 951a7b2a-2ee0-470c-8467-0ef8f4612cc9: start LeaderElection
2019-09-26 13:00:30,870 INFO  impl.LeaderElection (LeaderElection.java:askForVotes(181)) - 951a7b2a-2ee0-470c-8467-0ef8f4612cc9:group-BA3C792A5A69:LeaderElection24: begin an election at term 1 for -1: [951a7b2a-2ee0-470c-8467-0ef8f4612cc9:192.168.151.70:40524, 42e8478e-59b3-4480-9906-12dff8b32ca3:192.168.151.70:38858, 2378ee51-46ca-4d4e-9932-55ed414d7738:192.168.151.70:38753], old=null
2019-09-26 13:00:30,875 INFO  impl.LeaderElection (LogUtils.java:infoOrTrace(149)) - 951a7b2a-2ee0-470c-8467-0ef8f4612cc9:group-BA3C792A5A69:LeaderElection24 got exception when requesting votes: {}
java.util.concurrent.ExecutionException: org.apache.ratis.thirdparty.io.grpc.StatusRuntimeException: UNAVAILABLE: io exception
	at java.util.concurrent.FutureTask.report(FutureTask.java:122)
	at java.util.concurrent.FutureTask.get(FutureTask.java:192)
	at org.apache.ratis.server.impl.LeaderElection.waitForResults(LeaderElection.java:262)
	at org.apache.ratis.server.impl.LeaderElection.askForVotes(LeaderElection.java:200)
	at org.apache.ratis.server.impl.LeaderElection.run(LeaderElection.java:130)
	at java.lang.Thread.run(Thread.java:748)
Caused by: org.apache.ratis.thirdparty.io.grpc.StatusRuntimeException: UNAVAILABLE: io exception
	at org.apache.ratis.thirdparty.io.grpc.stub.ClientCalls.toStatusRuntimeException(ClientCalls.java:233)
	at org.apache.ratis.thirdparty.io.grpc.stub.ClientCalls.getUnchecked(ClientCalls.java:214)
	at org.apache.ratis.thirdparty.io.grpc.stub.ClientCalls.blockingUnaryCall(ClientCalls.java:139)
	at org.apache.ratis.proto.grpc.RaftServerProtocolServiceGrpc$RaftServerProtocolServiceBlockingStub.requestVote(RaftServerProtocolServiceGrpc.java:265)
	at org.apache.ratis.grpc.server.GrpcServerProtocolClient.requestVote(GrpcServerProtocolClient.java:83)
	at org.apache.ratis.grpc.server.GrpcService.requestVote(GrpcService.java:195)
	at org.apache.ratis.server.impl.LeaderElection.lambda$submitRequests$1(LeaderElection.java:237)
	at java.util.concurrent.FutureTask.run(FutureTask.java:266)
	at java.util.concurrent.Executors$RunnableAdapter.call(Executors.java:511)
	at java.util.concurrent.FutureTask.run(FutureTask.java:266)
	at java.util.concurrent.ThreadPoolExecutor.runWorker(ThreadPoolExecutor.java:1149)
	at java.util.concurrent.ThreadPoolExecutor$Worker.run(ThreadPoolExecutor.java:624)
	... 1 more
Caused by: org.apache.ratis.thirdparty.io.netty.channel.AbstractChannel$AnnotatedConnectException: Connection refused: /192.168.151.70:38858
	at sun.nio.ch.SocketChannelImpl.checkConnect(Native Method)
	at sun.nio.ch.SocketChannelImpl.finishConnect(SocketChannelImpl.java:717)
	at org.apache.ratis.thirdparty.io.netty.channel.socket.nio.NioSocketChannel.doFinishConnect(NioSocketChannel.java:327)
	at org.apache.ratis.thirdparty.io.netty.channel.nio.AbstractNioChannel$AbstractNioUnsafe.finishConnect(AbstractNioChannel.java:340)
	at org.apache.ratis.thirdparty.io.netty.channel.nio.NioEventLoop.processSelectedKey(NioEventLoop.java:632)
	at org.apache.ratis.thirdparty.io.netty.channel.nio.NioEventLoop.processSelectedKeysOptimized(NioEventLoop.java:579)
	at org.apache.ratis.thirdparty.io.netty.channel.nio.NioEventLoop.processSelectedKeys(NioEventLoop.java:496)
	at org.apache.ratis.thirdparty.io.netty.channel.nio.NioEventLoop.run(NioEventLoop.java:458)
	at org.apache.ratis.thirdparty.io.netty.util.concurrent.SingleThreadEventExecutor$5.run(SingleThreadEventExecutor.java:897)
	at org.apache.ratis.thirdparty.io.netty.util.concurrent.FastThreadLocalRunnable.run(FastThreadLocalRunnable.java:30)
	... 1 more
Caused by: java.net.ConnectException: Connection refused
	... 11 more
2019-09-26 13:00:30,876 INFO  impl.LeaderElection (LogUtils.java:infoOrTrace(149)) - 951a7b2a-2ee0-470c-8467-0ef8f4612cc9:group-BA3C792A5A69:LeaderElection24 got exception when requesting votes: {}
java.util.concurrent.ExecutionException: org.apache.ratis.thirdparty.io.grpc.StatusRuntimeException: UNAVAILABLE: io exception
	at java.util.concurrent.FutureTask.report(FutureTask.java:122)
	at java.util.concurrent.FutureTask.get(FutureTask.java:192)
	at org.apache.ratis.server.impl.LeaderElection.waitForResults(LeaderElection.java:262)
	at org.apache.ratis.server.impl.LeaderElection.askForVotes(LeaderElection.java:200)
	at org.apache.ratis.server.impl.LeaderElection.run(LeaderElection.java:130)
	at java.lang.Thread.run(Thread.java:748)
Caused by: org.apache.ratis.thirdparty.io.grpc.StatusRuntimeException: UNAVAILABLE: io exception
	at org.apache.ratis.thirdparty.io.grpc.stub.ClientCalls.toStatusRuntimeException(ClientCalls.java:233)
	at org.apache.ratis.thirdparty.io.grpc.stub.ClientCalls.getUnchecked(ClientCalls.java:214)
	at org.apache.ratis.thirdparty.io.grpc.stub.ClientCalls.blockingUnaryCall(ClientCalls.java:139)
	at org.apache.ratis.proto.grpc.RaftServerProtocolServiceGrpc$RaftServerProtocolServiceBlockingStub.requestVote(RaftServerProtocolServiceGrpc.java:265)
	at org.apache.ratis.grpc.server.GrpcServerProtocolClient.requestVote(GrpcServerProtocolClient.java:83)
	at org.apache.ratis.grpc.server.GrpcService.requestVote(GrpcService.java:195)
	at org.apache.ratis.server.impl.LeaderElection.lambda$submitRequests$1(LeaderElection.java:237)
	at java.util.concurrent.FutureTask.run(FutureTask.java:266)
	at java.util.concurrent.Executors$RunnableAdapter.call(Executors.java:511)
	at java.util.concurrent.FutureTask.run(FutureTask.java:266)
	at java.util.concurrent.ThreadPoolExecutor.runWorker(ThreadPoolExecutor.java:1149)
	at java.util.concurrent.ThreadPoolExecutor$Worker.run(ThreadPoolExecutor.java:624)
	... 1 more
Caused by: org.apache.ratis.thirdparty.io.netty.channel.AbstractChannel$AnnotatedConnectException: Connection refused: /192.168.151.70:38753
	at sun.nio.ch.SocketChannelImpl.checkConnect(Native Method)
	at sun.nio.ch.SocketChannelImpl.finishConnect(SocketChannelImpl.java:717)
	at org.apache.ratis.thirdparty.io.netty.channel.socket.nio.NioSocketChannel.doFinishConnect(NioSocketChannel.java:327)
	at org.apache.ratis.thirdparty.io.netty.channel.nio.AbstractNioChannel$AbstractNioUnsafe.finishConnect(AbstractNioChannel.java:340)
	at org.apache.ratis.thirdparty.io.netty.channel.nio.NioEventLoop.processSelectedKey(NioEventLoop.java:632)
	at org.apache.ratis.thirdparty.io.netty.channel.nio.NioEventLoop.processSelectedKeysOptimized(NioEventLoop.java:579)
	at org.apache.ratis.thirdparty.io.netty.channel.nio.NioEventLoop.processSelectedKeys(NioEventLoop.java:496)
	at org.apache.ratis.thirdparty.io.netty.channel.nio.NioEventLoop.run(NioEventLoop.java:458)
	at org.apache.ratis.thirdparty.io.netty.util.concurrent.SingleThreadEventExecutor$5.run(SingleThreadEventExecutor.java:897)
	at org.apache.ratis.thirdparty.io.netty.util.concurrent.FastThreadLocalRunnable.run(FastThreadLocalRunnable.java:30)
	... 1 more
Caused by: java.net.ConnectException: Connection refused
	... 11 more
2019-09-26 13:00:30,878 INFO  impl.LeaderElection (LeaderElection.java:logAndReturn(56)) - 951a7b2a-2ee0-470c-8467-0ef8f4612cc9:group-BA3C792A5A69:LeaderElection24: Election REJECTED; received 0 response(s) [] and 2 exception(s); 951a7b2a-2ee0-470c-8467-0ef8f4612cc9:t1, leader=null, voted=951a7b2a-2ee0-470c-8467-0ef8f4612cc9, raftlog=951a7b2a-2ee0-470c-8467-0ef8f4612cc9-SegmentedRaftLog:OPENED:c-1,f-1,i0, conf=-1: [951a7b2a-2ee0-470c-8467-0ef8f4612cc9:192.168.151.70:40524, 42e8478e-59b3-4480-9906-12dff8b32ca3:192.168.151.70:38858, 2378ee51-46ca-4d4e-9932-55ed414d7738:192.168.151.70:38753], old=null
2019-09-26 13:00:30,878 INFO  impl.LeaderElection (LogUtils.java:infoOrTrace(149)) -   Exception 0: {}
java.util.concurrent.ExecutionException: org.apache.ratis.thirdparty.io.grpc.StatusRuntimeException: UNAVAILABLE: io exception
	at java.util.concurrent.FutureTask.report(FutureTask.java:122)
	at java.util.concurrent.FutureTask.get(FutureTask.java:192)
	at org.apache.ratis.server.impl.LeaderElection.waitForResults(LeaderElection.java:262)
	at org.apache.ratis.server.impl.LeaderElection.askForVotes(LeaderElection.java:200)
	at org.apache.ratis.server.impl.LeaderElection.run(LeaderElection.java:130)
	at java.lang.Thread.run(Thread.java:748)
Caused by: org.apache.ratis.thirdparty.io.grpc.StatusRuntimeException: UNAVAILABLE: io exception
	at org.apache.ratis.thirdparty.io.grpc.stub.ClientCalls.toStatusRuntimeException(ClientCalls.java:233)
	at org.apache.ratis.thirdparty.io.grpc.stub.ClientCalls.getUnchecked(ClientCalls.java:214)
	at org.apache.ratis.thirdparty.io.grpc.stub.ClientCalls.blockingUnaryCall(ClientCalls.java:139)
	at org.apache.ratis.proto.grpc.RaftServerProtocolServiceGrpc$RaftServerProtocolServiceBlockingStub.requestVote(RaftServerProtocolServiceGrpc.java:265)
	at org.apache.ratis.grpc.server.GrpcServerProtocolClient.requestVote(GrpcServerProtocolClient.java:83)
	at org.apache.ratis.grpc.server.GrpcService.requestVote(GrpcService.java:195)
	at org.apache.ratis.server.impl.LeaderElection.lambda$submitRequests$1(LeaderElection.java:237)
	at java.util.concurrent.FutureTask.run(FutureTask.java:266)
	at java.util.concurrent.Executors$RunnableAdapter.call(Executors.java:511)
	at java.util.concurrent.FutureTask.run(FutureTask.java:266)
	at java.util.concurrent.ThreadPoolExecutor.runWorker(ThreadPoolExecutor.java:1149)
	at java.util.concurrent.ThreadPoolExecutor$Worker.run(ThreadPoolExecutor.java:624)
	... 1 more
Caused by: org.apache.ratis.thirdparty.io.netty.channel.AbstractChannel$AnnotatedConnectException: Connection refused: /192.168.151.70:38858
	at sun.nio.ch.SocketChannelImpl.checkConnect(Native Method)
	at sun.nio.ch.SocketChannelImpl.finishConnect(SocketChannelImpl.java:717)
	at org.apache.ratis.thirdparty.io.netty.channel.socket.nio.NioSocketChannel.doFinishConnect(NioSocketChannel.java:327)
	at org.apache.ratis.thirdparty.io.netty.channel.nio.AbstractNioChannel$AbstractNioUnsafe.finishConnect(AbstractNioChannel.java:340)
	at org.apache.ratis.thirdparty.io.netty.channel.nio.NioEventLoop.processSelectedKey(NioEventLoop.java:632)
	at org.apache.ratis.thirdparty.io.netty.channel.nio.NioEventLoop.processSelectedKeysOptimized(NioEventLoop.java:579)
	at org.apache.ratis.thirdparty.io.netty.channel.nio.NioEventLoop.processSelectedKeys(NioEventLoop.java:496)
	at org.apache.ratis.thirdparty.io.netty.channel.nio.NioEventLoop.run(NioEventLoop.java:458)
	at org.apache.ratis.thirdparty.io.netty.util.concurrent.SingleThreadEventExecutor$5.run(SingleThreadEventExecutor.java:897)
	at org.apache.ratis.thirdparty.io.netty.util.concurrent.FastThreadLocalRunnable.run(FastThreadLocalRunnable.java:30)
	... 1 more
Caused by: java.net.ConnectException: Connection refused
	... 11 more
2019-09-26 13:00:30,879 INFO  impl.LeaderElection (LogUtils.java:infoOrTrace(149)) -   Exception 1: {}
java.util.concurrent.ExecutionException: org.apache.ratis.thirdparty.io.grpc.StatusRuntimeException: UNAVAILABLE: io exception
	at java.util.concurrent.FutureTask.report(FutureTask.java:122)
	at java.util.concurrent.FutureTask.get(FutureTask.java:192)
	at org.apache.ratis.server.impl.LeaderElection.waitForResults(LeaderElection.java:262)
	at org.apache.ratis.server.impl.LeaderElection.askForVotes(LeaderElection.java:200)
	at org.apache.ratis.server.impl.LeaderElection.run(LeaderElection.java:130)
	at java.lang.Thread.run(Thread.java:748)
Caused by: org.apache.ratis.thirdparty.io.grpc.StatusRuntimeException: UNAVAILABLE: io exception
	at org.apache.ratis.thirdparty.io.grpc.stub.ClientCalls.toStatusRuntimeException(ClientCalls.java:233)
	at org.apache.ratis.thirdparty.io.grpc.stub.ClientCalls.getUnchecked(ClientCalls.java:214)
	at org.apache.ratis.thirdparty.io.grpc.stub.ClientCalls.blockingUnaryCall(ClientCalls.java:139)
	at org.apache.ratis.proto.grpc.RaftServerProtocolServiceGrpc$RaftServerProtocolServiceBlockingStub.requestVote(RaftServerProtocolServiceGrpc.java:265)
	at org.apache.ratis.grpc.server.GrpcServerProtocolClient.requestVote(GrpcServerProtocolClient.java:83)
	at org.apache.ratis.grpc.server.GrpcService.requestVote(GrpcService.java:195)
	at org.apache.ratis.server.impl.LeaderElection.lambda$submitRequests$1(LeaderElection.java:237)
	at java.util.concurrent.FutureTask.run(FutureTask.java:266)
	at java.util.concurrent.Executors$RunnableAdapter.call(Executors.java:511)
	at java.util.concurrent.FutureTask.run(FutureTask.java:266)
	at java.util.concurrent.ThreadPoolExecutor.runWorker(ThreadPoolExecutor.java:1149)
	at java.util.concurrent.ThreadPoolExecutor$Worker.run(ThreadPoolExecutor.java:624)
	... 1 more
Caused by: org.apache.ratis.thirdparty.io.netty.channel.AbstractChannel$AnnotatedConnectException: Connection refused: /192.168.151.70:38753
	at sun.nio.ch.SocketChannelImpl.checkConnect(Native Method)
	at sun.nio.ch.SocketChannelImpl.finishConnect(SocketChannelImpl.java:717)
	at org.apache.ratis.thirdparty.io.netty.channel.socket.nio.NioSocketChannel.doFinishConnect(NioSocketChannel.java:327)
	at org.apache.ratis.thirdparty.io.netty.channel.nio.AbstractNioChannel$AbstractNioUnsafe.finishConnect(AbstractNioChannel.java:340)
	at org.apache.ratis.thirdparty.io.netty.channel.nio.NioEventLoop.processSelectedKey(NioEventLoop.java:632)
	at org.apache.ratis.thirdparty.io.netty.channel.nio.NioEventLoop.processSelectedKeysOptimized(NioEventLoop.java:579)
	at org.apache.ratis.thirdparty.io.netty.channel.nio.NioEventLoop.processSelectedKeys(NioEventLoop.java:496)
	at org.apache.ratis.thirdparty.io.netty.channel.nio.NioEventLoop.run(NioEventLoop.java:458)
	at org.apache.ratis.thirdparty.io.netty.util.concurrent.SingleThreadEventExecutor$5.run(SingleThreadEventExecutor.java:897)
	at org.apache.ratis.thirdparty.io.netty.util.concurrent.FastThreadLocalRunnable.run(FastThreadLocalRunnable.java:30)
	... 1 more
Caused by: java.net.ConnectException: Connection refused
	... 11 more
2019-09-26 13:00:30,879 INFO  impl.RaftServerImpl (RaftServerImpl.java:setRole(171)) - 951a7b2a-2ee0-470c-8467-0ef8f4612cc9:group-BA3C792A5A69 changes role from CANDIDATE to FOLLOWER at term 1 for DISCOVERED_A_NEW_TERM
2019-09-26 13:00:30,879 INFO  impl.RoleInfo (RoleInfo.java:shutdownLeaderElection(134)) - 951a7b2a-2ee0-470c-8467-0ef8f4612cc9: shutdown LeaderElection
2019-09-26 13:00:30,879 INFO  impl.RoleInfo (RoleInfo.java:updateAndGet(143)) - 951a7b2a-2ee0-470c-8467-0ef8f4612cc9: start FollowerState
2019-09-26 13:00:35,372 INFO  ozoneimpl.OzoneContainer (OzoneContainer.java:stop(199)) - Attempting to stop container services.
2019-09-26 13:00:35,372 INFO  impl.RaftServerProxy (RaftServerProxy.java:lambda$close$4(314)) - 951a7b2a-2ee0-470c-8467-0ef8f4612cc9: close
2019-09-26 13:00:35,373 INFO  impl.RaftServerImpl (RaftServerImpl.java:lambda$shutdown$3(245)) - 951a7b2a-2ee0-470c-8467-0ef8f4612cc9: shutdown group-1056F6F01BFF
2019-09-26 13:00:35,373 INFO  impl.RaftServerImpl (RaftServerImpl.java:lambda$shutdown$3(245)) - 951a7b2a-2ee0-470c-8467-0ef8f4612cc9: shutdown group-BA3C792A5A69
2019-09-26 13:00:35,374 INFO  util.JmxRegister (JmxRegister.java:unregister(73)) - Successfully un-registered JMX Bean with object name Ratis:service=RaftServer,group=group-1056F6F01BFF,id=951a7b2a-2ee0-470c-8467-0ef8f4612cc9
2019-09-26 13:00:35,374 INFO  util.JmxRegister (JmxRegister.java:unregister(73)) - Successfully un-registered JMX Bean with object name Ratis:service=RaftServer,group=group-BA3C792A5A69,id=951a7b2a-2ee0-470c-8467-0ef8f4612cc9
2019-09-26 13:00:35,374 INFO  impl.RoleInfo (RoleInfo.java:shutdownLeaderState(104)) - 951a7b2a-2ee0-470c-8467-0ef8f4612cc9: shutdown LeaderState
2019-09-26 13:00:35,375 INFO  impl.RoleInfo (RoleInfo.java:shutdownFollowerState(121)) - 951a7b2a-2ee0-470c-8467-0ef8f4612cc9: shutdown FollowerState
2019-09-26 13:00:35,375 INFO  impl.PendingRequests (PendingRequests.java:sendNotLeaderResponses(202)) - 951a7b2a-2ee0-470c-8467-0ef8f4612cc9-PendingRequests: sendNotLeaderResponses
2019-09-26 13:00:35,375 INFO  impl.FollowerState (FollowerState.java:run(114)) - 951a7b2a-2ee0-470c-8467-0ef8f4612cc9: FollowerState was interrupted: java.lang.InterruptedException: sleep interrupted
2019-09-26 13:00:35,376 INFO  impl.StateMachineUpdater (StateMachineUpdater.java:stopAndJoin(115)) - StateMachineUpdater:951a7b2a-2ee0-470c-8467-0ef8f4612cc9:group-1056F6F01BFF: set stopIndex = 0
2019-09-26 13:00:35,377 INFO  impl.RaftServerImpl (ServerState.java:close(394)) - 951a7b2a-2ee0-470c-8467-0ef8f4612cc9:group-1056F6F01BFF closes. The last applied log index is 0
2019-09-26 13:00:35,375 INFO  impl.StateMachineUpdater (StateMachineUpdater.java:stopAndJoin(115)) - StateMachineUpdater:951a7b2a-2ee0-470c-8467-0ef8f4612cc9:group-BA3C792A5A69: set stopIndex = -1
2019-09-26 13:00:35,378 INFO  segmented.SegmentedRaftLogWorker (SegmentedRaftLogWorker.java:run(313)) - 951a7b2a-2ee0-470c-8467-0ef8f4612cc9-SegmentedRaftLogWorker:Storage Directory /workdir/hadoop-ozone/integration-test/target/test-dir/MiniOzoneClusterImpl-5562625b-1625-43ae-b8ef-ca09318140db/datanode-2/data/ratis/89249a64-be92-42ca-a7e1-1056f6f01bff was interrupted, exiting. There are 0 tasks remaining in the queue.
2019-09-26 13:00:35,378 INFO  impl.RaftServerImpl (ServerState.java:close(394)) - 951a7b2a-2ee0-470c-8467-0ef8f4612cc9:group-BA3C792A5A69 closes. The last applied log index is -1
2019-09-26 13:00:35,382 INFO  segmented.SegmentedRaftLogWorker (SegmentedRaftLogWorker.java:close(228)) - 951a7b2a-2ee0-470c-8467-0ef8f4612cc9-SegmentedRaftLogWorker:Storage Directory /workdir/hadoop-ozone/integration-test/target/test-dir/MiniOzoneClusterImpl-5562625b-1625-43ae-b8ef-ca09318140db/datanode-2/data/ratis/89249a64-be92-42ca-a7e1-1056f6f01bff close()
2019-09-26 13:00:35,382 INFO  segmented.SegmentedRaftLogWorker (SegmentedRaftLogWorker.java:run(313)) - 951a7b2a-2ee0-470c-8467-0ef8f4612cc9-SegmentedRaftLogWorker:Storage Directory /workdir/hadoop-ozone/integration-test/target/test-dir/MiniOzoneClusterImpl-5562625b-1625-43ae-b8ef-ca09318140db/datanode-2/data/ratis/71731802-bce7-4ca0-93b5-ba3c792a5a69 was interrupted, exiting. There are 0 tasks remaining in the queue.
2019-09-26 13:00:35,383 INFO  impl.RaftServerImpl (RaftServerImpl.java:lambda$shutdown$3(245)) - 951a7b2a-2ee0-470c-8467-0ef8f4612cc9: shutdown group-79B48B78D141
2019-09-26 13:00:35,383 INFO  segmented.SegmentedRaftLogWorker (SegmentedRaftLogWorker.java:close(228)) - 951a7b2a-2ee0-470c-8467-0ef8f4612cc9-SegmentedRaftLogWorker:Storage Directory /workdir/hadoop-ozone/integration-test/target/test-dir/MiniOzoneClusterImpl-5562625b-1625-43ae-b8ef-ca09318140db/datanode-2/data/ratis/71731802-bce7-4ca0-93b5-ba3c792a5a69 close()
2019-09-26 13:00:35,383 INFO  util.JmxRegister (JmxRegister.java:unregister(73)) - Successfully un-registered JMX Bean with object name Ratis:service=RaftServer,group=group-79B48B78D141,id=951a7b2a-2ee0-470c-8467-0ef8f4612cc9
2019-09-26 13:00:35,385 INFO  impl.RoleInfo (RoleInfo.java:shutdownLeaderState(104)) - 951a7b2a-2ee0-470c-8467-0ef8f4612cc9: shutdown LeaderState
2019-09-26 13:00:35,385 INFO  impl.PendingRequests (PendingRequests.java:sendNotLeaderResponses(202)) - 951a7b2a-2ee0-470c-8467-0ef8f4612cc9-PendingRequests: sendNotLeaderResponses
2019-09-26 13:00:35,389 INFO  impl.StateMachineUpdater (StateMachineUpdater.java:stopAndJoin(115)) - StateMachineUpdater:951a7b2a-2ee0-470c-8467-0ef8f4612cc9:group-79B48B78D141: set stopIndex = 2
2019-09-26 13:00:35,389 INFO  impl.RaftServerImpl (ServerState.java:close(394)) - 951a7b2a-2ee0-470c-8467-0ef8f4612cc9:group-79B48B78D141 closes. The last applied log index is 2
2019-09-26 13:00:35,390 INFO  segmented.SegmentedRaftLogWorker (SegmentedRaftLogWorker.java:run(313)) - 951a7b2a-2ee0-470c-8467-0ef8f4612cc9-SegmentedRaftLogWorker:Storage Directory /workdir/hadoop-ozone/integration-test/target/test-dir/MiniOzoneClusterImpl-5562625b-1625-43ae-b8ef-ca09318140db/datanode-2/data/ratis/b9944c0f-1fe7-4175-8cb5-79b48b78d141 was interrupted, exiting. There are 0 tasks remaining in the queue.
2019-09-26 13:00:35,390 INFO  segmented.SegmentedRaftLogWorker (SegmentedRaftLogWorker.java:close(228)) - 951a7b2a-2ee0-470c-8467-0ef8f4612cc9-SegmentedRaftLogWorker:Storage Directory /workdir/hadoop-ozone/integration-test/target/test-dir/MiniOzoneClusterImpl-5562625b-1625-43ae-b8ef-ca09318140db/datanode-2/data/ratis/b9944c0f-1fe7-4175-8cb5-79b48b78d141 close()
2019-09-26 13:00:35,391 INFO  server.GrpcService (GrpcService.java:closeImpl(155)) - 951a7b2a-2ee0-470c-8467-0ef8f4612cc9: shutdown server with port 40524 now
2019-09-26 13:00:35,395 INFO  server.GrpcService (GrpcService.java:closeImpl(163)) - 951a7b2a-2ee0-470c-8467-0ef8f4612cc9: shutdown server with port 40524 successfully
2019-09-26 13:00:35,397 INFO  utils.BackgroundService (BackgroundService.java:shutdown(148)) - Shutting down service BlockDeletingService
2019-09-26 13:00:35,401 WARN  fs.CachingGetSpaceUsed (CachingGetSpaceUsed.java:run(183)) - Thread Interrupted waiting to refresh disk information: sleep interrupted
2019-09-26 13:00:35,413 INFO  statemachine.DatanodeStateMachine (DatanodeStateMachine.java:stopDaemon(395)) - Ozone container server stopped.
2019-09-26 13:00:35,416 INFO  handler.ContextHandler (ContextHandler.java:doStop(910)) - Stopped o.e.j.w.WebAppContext@587aa0da{/,null,UNAVAILABLE}{/hddsDatanode}
2019-09-26 13:00:35,417 INFO  server.AbstractConnector (AbstractConnector.java:doStop(318)) - Stopped ServerConnector@3d61fcc4{HTTP/1.1,[http/1.1]}{0.0.0.0:43283}
2019-09-26 13:00:35,418 INFO  handler.ContextHandler (ContextHandler.java:doStop(910)) - Stopped o.e.j.s.ServletContextHandler@5487ef52{/static,jar:file:/home/user/.m2/repository/org/apache/hadoop/hadoop-hdds-container-service/0.4.1-SNAPSHOT/hadoop-hdds-container-service-0.4.1-SNAPSHOT.jar!/webapps/static,UNAVAILABLE}
2019-09-26 13:00:35,419 INFO  handler.ContextHandler (ContextHandler.java:doStop(910)) - Stopped o.e.j.s.ServletContextHandler@23354ca7{/logs,file:///workdir/hadoop-ozone/integration-test/target/log,UNAVAILABLE}
2019-09-26 13:00:35,420 INFO  ozone.MiniOzoneClusterImpl (MiniOzoneClusterImpl.java:stop(353)) - Stopping the StorageContainerManager
2019-09-26 13:00:35,420 INFO  server.StorageContainerManager (StorageContainerManager.java:stop(797)) - Stopping Replication Manager Service.
2019-09-26 13:00:35,421 INFO  container.ReplicationManager (ReplicationManager.java:stop(193)) - Stopping Replication Monitor Thread.
2019-09-26 13:00:35,421 INFO  server.StorageContainerManager (StorageContainerManager.java:stop(804)) - Stopping Lease Manager of the command watchers
2019-09-26 13:00:35,421 INFO  server.StorageContainerManager (StorageContainerManager.java:stop(811)) - Stopping datanode service RPC server
2019-09-26 13:00:35,421 INFO  server.SCMDatanodeProtocolServer (SCMDatanodeProtocolServer.java:stop(367)) - Stopping the RPC server for DataNodes
2019-09-26 13:00:35,422 INFO  ipc.Server (Server.java:stop(3082)) - Stopping server on 36312
2019-09-26 13:00:35,423 INFO  ipc.Server (Server.java:run(1185)) - Stopping IPC Server listener on 36312
2019-09-26 13:00:35,424 INFO  ipc.Server (Server.java:run(1319)) - Stopping IPC Server Responder
2019-09-26 13:00:35,479 WARN  node.NodeStateManager (NodeStateManager.java:scheduleNextHealthCheck(646)) - Current Thread is interrupted, shutting down HB processing thread for Node Manager.
2019-09-26 13:00:35,479 INFO  node.StaleNodeHandler (StaleNodeHandler.java:onMessage(58)) - Datanode 951a7b2a-2ee0-470c-8467-0ef8f4612cc9{ip: 192.168.151.70, host: byscane-acceptance-20190926-d9prj-792920712, networkLocation: /default-rack, certSerialId: null} moved to stale state. Finalizing its pipelines [PipelineID=89249a64-be92-42ca-a7e1-1056f6f01bff, PipelineID=b9944c0f-1fe7-4175-8cb5-79b48b78d141, PipelineID=71731802-bce7-4ca0-93b5-ba3c792a5a69]
2019-09-26 13:00:35,479 INFO  server.StorageContainerManager (StorageContainerManager.java:stop(819)) - Stopping block service RPC server
2019-09-26 13:00:35,479 INFO  pipeline.SCMPipelineManager (SCMPipelineManager.java:finalizeAndDestroyPipeline(309)) - destroying pipeline:Pipeline[ Id: 89249a64-be92-42ca-a7e1-1056f6f01bff, Nodes: 951a7b2a-2ee0-470c-8467-0ef8f4612cc9{ip: 192.168.151.70, host: byscane-acceptance-20190926-d9prj-792920712, networkLocation: /default-rack, certSerialId: null}, Type:RATIS, Factor:ONE, State:OPEN]
2019-09-26 13:00:35,479 INFO  server.SCMBlockProtocolServer (SCMBlockProtocolServer.java:stop(148)) - Stopping the RPC server for Block Protocol
2019-09-26 13:00:35,480 INFO  pipeline.PipelineStateManager (PipelineStateManager.java:finalizePipeline(123)) - Pipeline Pipeline[ Id: 89249a64-be92-42ca-a7e1-1056f6f01bff, Nodes: 951a7b2a-2ee0-470c-8467-0ef8f4612cc9{ip: 192.168.151.70, host: byscane-acceptance-20190926-d9prj-792920712, networkLocation: /default-rack, certSerialId: null}, Type:RATIS, Factor:ONE, State:CLOSED] moved to CLOSED state
2019-09-26 13:00:35,480 INFO  ipc.Server (Server.java:stop(3082)) - Stopping server on 46315
2019-09-26 13:00:35,481 INFO  pipeline.SCMPipelineManager (SCMPipelineManager.java:finalizeAndDestroyPipeline(309)) - destroying pipeline:Pipeline[ Id: b9944c0f-1fe7-4175-8cb5-79b48b78d141, Nodes: 951a7b2a-2ee0-470c-8467-0ef8f4612cc9{ip: 192.168.151.70, host: byscane-acceptance-20190926-d9prj-792920712, networkLocation: /default-rack, certSerialId: null}, Type:RATIS, Factor:ONE, State:CLOSED]
2019-09-26 13:00:35,481 INFO  pipeline.SCMPipelineManager (SCMPipelineManager.java:finalizeAndDestroyPipeline(309)) - destroying pipeline:Pipeline[ Id: 71731802-bce7-4ca0-93b5-ba3c792a5a69, Nodes: 2378ee51-46ca-4d4e-9932-55ed414d7738{ip: 192.168.151.70, host: byscane-acceptance-20190926-d9prj-792920712, networkLocation: /default-rack, certSerialId: null}951a7b2a-2ee0-470c-8467-0ef8f4612cc9{ip: 192.168.151.70, host: byscane-acceptance-20190926-d9prj-792920712, networkLocation: /default-rack, certSerialId: null}42e8478e-59b3-4480-9906-12dff8b32ca3{ip: 192.168.151.70, host: byscane-acceptance-20190926-d9prj-792920712, networkLocation: /default-rack, certSerialId: null}, Type:RATIS, Factor:THREE, State:CLOSED]
2019-09-26 13:00:35,483 INFO  server.StorageContainerManager (StorageContainerManager.java:stop(826)) - Stopping the StorageContainerLocationProtocol RPC server
2019-09-26 13:00:35,483 INFO  ipc.Server (Server.java:run(1185)) - Stopping IPC Server listener on 46315
2019-09-26 13:00:35,483 INFO  ipc.Server (Server.java:run(1319)) - Stopping IPC Server Responder
2019-09-26 13:00:35,483 INFO  server.SCMClientProtocolServer (SCMClientProtocolServer.java:stop(159)) - Stopping the RPC server for Client Protocol
2019-09-26 13:00:35,485 INFO  ipc.Server (Server.java:stop(3082)) - Stopping server on 34157
2019-09-26 13:00:35,487 INFO  server.StorageContainerManager (StorageContainerManager.java:stop(833)) - Stopping Storage Container Manager HTTP server.
2019-09-26 13:00:35,487 INFO  ipc.Server (Server.java:run(1185)) - Stopping IPC Server listener on 34157
2019-09-26 13:00:35,489 INFO  ipc.Server (Server.java:run(1319)) - Stopping IPC Server Responder
2019-09-26 13:00:35,490 INFO  handler.ContextHandler (ContextHandler.java:doStop(910)) - Stopped o.e.j.w.WebAppContext@3a97531e{/,null,UNAVAILABLE}{/scm}
2019-09-26 13:00:35,491 INFO  server.AbstractConnector (AbstractConnector.java:doStop(318)) - Stopped ServerConnector@353445ee{HTTP/1.1,[http/1.1]}{0.0.0.0:0}
2019-09-26 13:00:35,492 INFO  handler.ContextHandler (ContextHandler.java:doStop(910)) - Stopped o.e.j.s.ServletContextHandler@461d579d{/static,file:///workdir/hadoop-ozone/integration-test/target/test-classes/webapps/static,UNAVAILABLE}
2019-09-26 13:00:35,493 INFO  handler.ContextHandler (ContextHandler.java:doStop(910)) - Stopped o.e.j.s.ServletContextHandler@28b7508e{/logs,file:///workdir/hadoop-ozone/integration-test/target/log,UNAVAILABLE}
2019-09-26 13:00:35,494 INFO  server.StorageContainerManager (StorageContainerManager.java:stop(844)) - Stopping Block Manager Service.
2019-09-26 13:00:35,494 INFO  utils.BackgroundService (BackgroundService.java:shutdown(148)) - Shutting down service SCMBlockDeletingService
2019-09-26 13:00:35,495 INFO  utils.BackgroundService (BackgroundService.java:shutdown(148)) - Shutting down service SCMBlockDeletingService
2019-09-26 13:00:35,496 INFO  server.StorageContainerManager (StorageContainerManager.java:stop(866)) - Stopping SCM Event Queue.
2019-09-26 13:00:35,503 INFO  impl.MetricsSystemImpl (MetricsSystemImpl.java:stop(210)) - Stopping HddsDatanode metrics system...
2019-09-26 13:00:35,512 INFO  impl.MetricsSystemImpl (MetricsSystemImpl.java:stop(216)) - HddsDatanode metrics system stopped.
]]></system-out>
    <system-err><![CDATA[Sep 26, 2019 12:59:56 PM com.sun.jersey.server.impl.application.WebApplicationImpl _initiate
INFO: Initiating Jersey application, version 'Jersey: 1.19 02/11/2015 03:25 AM'
Sep 26, 2019 12:59:56 PM com.sun.jersey.server.impl.application.WebApplicationImpl _initiate
INFO: Initiating Jersey application, version 'Jersey: 1.19 02/11/2015 03:25 AM'
Sep 26, 2019 12:59:57 PM com.sun.jersey.server.impl.application.WebApplicationImpl _initiate
INFO: Initiating Jersey application, version 'Jersey: 1.19 02/11/2015 03:25 AM'
Sep 26, 2019 1:00:17 PM com.sun.jersey.server.impl.application.WebApplicationImpl _initiate
INFO: Initiating Jersey application, version 'Jersey: 1.19 02/11/2015 03:25 AM'
Sep 26, 2019 1:00:17 PM com.sun.jersey.server.impl.application.WebApplicationImpl _initiate
INFO: Initiating Jersey application, version 'Jersey: 1.19 02/11/2015 03:25 AM'
Sep 26, 2019 1:00:18 PM com.sun.jersey.server.impl.application.WebApplicationImpl _initiate
INFO: Initiating Jersey application, version 'Jersey: 1.19 02/11/2015 03:25 AM'
]]></system-err>
  </testcase>
</testsuite>