<?xml version="1.0" encoding="UTF-8"?>
<testsuite xmlns:xsi="http://www.w3.org/2001/XMLSchema-instance" xsi:noNamespaceSchemaLocation="https://maven.apache.org/surefire/maven-surefire-plugin/xsd/surefire-test-report.xsd" name="org.apache.hadoop.ozone.scm.TestSCMContainerPlacementPolicyMetrics" time="86.691" tests="1" errors="1" skipped="0" failures="0">
  <properties>
    <property name="awt.toolkit" value="sun.awt.X11.XToolkit"/>
    <property name="file.encoding.pkg" value="sun.io"/>
    <property name="java.specification.version" value="1.8"/>
    <property name="sun.cpu.isalist" value=""/>
    <property name="sun.jnu.encoding" value="ANSI_X3.4-1968"/>
    <property name="java.class.path" value="/workdir/hadoop-ozone/integration-test/target/test-classes:/workdir/hadoop-ozone/integration-test/target/classes:/home/user/.m2/repository/org/apache/hadoop/hadoop-ozone-common/0.5.0-SNAPSHOT/hadoop-ozone-common-0.5.0-SNAPSHOT.jar:/home/user/.m2/repository/org/apache/commons/commons-compress/1.4.1/commons-compress-1.4.1.jar:/home/user/.m2/repository/org/tukaani/xz/1.0/xz-1.0.jar:/home/user/.m2/repository/org/apache/hadoop/hadoop-common/3.2.0/hadoop-common-3.2.0.jar:/home/user/.m2/repository/org/apache/hadoop/hadoop-hdfs/3.2.0/hadoop-hdfs-3.2.0.jar:/home/user/.m2/repository/org/apache/hadoop/hadoop-hdfs-client/3.2.0/hadoop-hdfs-client-3.2.0.jar:/home/user/.m2/repository/com/fasterxml/jackson/core/jackson-annotations/2.9.9/jackson-annotations-2.9.9.jar:/home/user/.m2/repository/org/apache/hadoop/hadoop-hdds-common/0.5.0-SNAPSHOT/hadoop-hdds-common-0.5.0-SNAPSHOT.jar:/home/user/.m2/repository/javax/annotation/javax.annotation-api/1.2/javax.annotation-api-1.2.jar:/home/user/.m2/repository/org/apache/ratis/ratis-server/0.5.0-3f446aa-SNAPSHOT/ratis-server-0.5.0-3f446aa-SNAPSHOT.jar:/home/user/.m2/repository/org/apache/ratis/ratis-thirdparty-misc/0.2.0/ratis-thirdparty-misc-0.2.0.jar:/home/user/.m2/repository/org/apache/ratis/ratis-proto/0.5.0-3f446aa-SNAPSHOT/ratis-proto-0.5.0-3f446aa-SNAPSHOT.jar:/home/user/.m2/repository/org/apache/ratis/ratis-common/0.5.0-3f446aa-SNAPSHOT/ratis-common-0.5.0-3f446aa-SNAPSHOT.jar:/home/user/.m2/repository/org/apache/ratis/ratis-client/0.5.0-3f446aa-SNAPSHOT/ratis-client-0.5.0-3f446aa-SNAPSHOT.jar:/home/user/.m2/repository/org/apache/ratis/ratis-metrics/0.5.0-3f446aa-SNAPSHOT/ratis-metrics-0.5.0-3f446aa-SNAPSHOT.jar:/home/user/.m2/repository/com/github/joshelser/dropwizard-metrics-hadoop-metrics2-reporter/0.1.2/dropwizard-metrics-hadoop-metrics2-reporter-0.1.2.jar:/home/user/.m2/repository/io/dropwizard/metrics/metrics-jvm/3.2.5/metrics-jvm-3.2.5.jar:/home/user/.m2/repository/io/dropwizard/metrics/metrics-ganglia/3.2.5/metrics-ganglia-3.2.5.jar:/home/user/.m2/repository/info/ganglia/gmetric4j/gmetric4j/1.0.7/gmetric4j-1.0.7.jar:/home/user/.m2/repository/org/apache/ratis/ratis-netty/0.5.0-3f446aa-SNAPSHOT/ratis-netty-0.5.0-3f446aa-SNAPSHOT.jar:/home/user/.m2/repository/org/apache/ratis/ratis-grpc/0.5.0-3f446aa-SNAPSHOT/ratis-grpc-0.5.0-3f446aa-SNAPSHOT.jar:/home/user/.m2/repository/org/rocksdb/rocksdbjni/6.0.1/rocksdbjni-6.0.1.jar:/home/user/.m2/repository/org/apache/logging/log4j/log4j-api/2.11.0/log4j-api-2.11.0.jar:/home/user/.m2/repository/org/apache/logging/log4j/log4j-core/2.11.0/log4j-core-2.11.0.jar:/home/user/.m2/repository/com/lmax/disruptor/3.4.2/disruptor-3.4.2.jar:/home/user/.m2/repository/org/apache/commons/commons-pool2/2.6.0/commons-pool2-2.6.0.jar:/home/user/.m2/repository/org/bouncycastle/bcpkix-jdk15on/1.60/bcpkix-jdk15on-1.60.jar:/home/user/.m2/repository/commons-validator/commons-validator/1.6/commons-validator-1.6.jar:/home/user/.m2/repository/commons-digester/commons-digester/1.8.1/commons-digester-1.8.1.jar:/home/user/.m2/repository/io/jaegertracing/jaeger-client/0.34.0/jaeger-client-0.34.0.jar:/home/user/.m2/repository/io/jaegertracing/jaeger-thrift/0.34.0/jaeger-thrift-0.34.0.jar:/home/user/.m2/repository/org/apache/thrift/libthrift/0.12.0/libthrift-0.12.0.jar:/home/user/.m2/repository/com/squareup/okhttp3/okhttp/3.9.0/okhttp-3.9.0.jar:/home/user/.m2/repository/com/squareup/okio/okio/1.13.0/okio-1.13.0.jar:/home/user/.m2/repository/io/jaegertracing/jaeger-core/0.34.0/jaeger-core-0.34.0.jar:/home/user/.m2/repository/io/jaegertracing/jaeger-tracerresolver/0.34.0/jaeger-tracerresolver-0.34.0.jar:/home/user/.m2/repository/io/opentracing/contrib/opentracing-tracerresolver/0.1.5/opentracing-tracerresolver-0.1.5.jar:/home/user/.m2/repository/io/opentracing/opentracing-util/0.31.0/opentracing-util-0.31.0.jar:/home/user/.m2/repository/io/opentracing/opentracing-api/0.31.0/opentracing-api-0.31.0.jar:/home/user/.m2/repository/io/opentracing/opentracing-noop/0.31.0/opentracing-noop-0.31.0.jar:/home/user/.m2/repository/org/apache/hadoop/hadoop-hdds-server-framework/0.5.0-SNAPSHOT/hadoop-hdds-server-framework-0.5.0-SNAPSHOT.jar:/home/user/.m2/repository/org/apache/hadoop/hadoop-hdds-container-service/0.5.0-SNAPSHOT/hadoop-hdds-container-service-0.5.0-SNAPSHOT.jar:/home/user/.m2/repository/org/apache/hadoop/hadoop-hdds-client/0.5.0-SNAPSHOT/hadoop-hdds-client-0.5.0-SNAPSHOT.jar:/home/user/.m2/repository/org/apache/hadoop/hadoop-hdds-tools/0.5.0-SNAPSHOT/hadoop-hdds-tools-0.5.0-SNAPSHOT.jar:/home/user/.m2/repository/org/apache/hadoop/hadoop-hdds-server-scm/0.5.0-SNAPSHOT/hadoop-hdds-server-scm-0.5.0-SNAPSHOT.jar:/home/user/.m2/repository/org/apache/hadoop/hadoop-hdds-docs/0.5.0-SNAPSHOT/hadoop-hdds-docs-0.5.0-SNAPSHOT.jar:/home/user/.m2/repository/io/dropwizard/metrics/metrics-core/3.2.4/metrics-core-3.2.4.jar:/home/user/.m2/repository/org/hamcrest/hamcrest-all/1.3/hamcrest-all-1.3.jar:/home/user/.m2/repository/org/bouncycastle/bcprov-jdk15on/1.60/bcprov-jdk15on-1.60.jar:/home/user/.m2/repository/info/picocli/picocli/3.9.6/picocli-3.9.6.jar:/home/user/.m2/repository/com/google/protobuf/protobuf-java/2.5.0/protobuf-java-2.5.0.jar:/home/user/.m2/repository/com/google/guava/guava/11.0.2/guava-11.0.2.jar:/home/user/.m2/repository/org/apache/hadoop/hadoop-ozone-ozone-manager/0.5.0-SNAPSHOT/hadoop-ozone-ozone-manager-0.5.0-SNAPSHOT.jar:/home/user/.m2/repository/org/apache/hadoop/hadoop-minikdc/3.2.0/hadoop-minikdc-3.2.0.jar:/home/user/.m2/repository/commons-io/commons-io/2.5/commons-io-2.5.jar:/home/user/.m2/repository/org/apache/kerby/kerb-simplekdc/1.0.1/kerb-simplekdc-1.0.1.jar:/home/user/.m2/repository/org/apache/kerby/kerb-client/1.0.1/kerb-client-1.0.1.jar:/home/user/.m2/repository/org/apache/kerby/kerby-config/1.0.1/kerby-config-1.0.1.jar:/home/user/.m2/repository/org/apache/kerby/kerb-core/1.0.1/kerb-core-1.0.1.jar:/home/user/.m2/repository/org/apache/kerby/kerby-pkix/1.0.1/kerby-pkix-1.0.1.jar:/home/user/.m2/repository/org/apache/kerby/kerby-asn1/1.0.1/kerby-asn1-1.0.1.jar:/home/user/.m2/repository/org/apache/kerby/kerby-util/1.0.1/kerby-util-1.0.1.jar:/home/user/.m2/repository/org/apache/kerby/kerb-common/1.0.1/kerb-common-1.0.1.jar:/home/user/.m2/repository/org/apache/kerby/kerb-crypto/1.0.1/kerb-crypto-1.0.1.jar:/home/user/.m2/repository/org/apache/kerby/kerb-util/1.0.1/kerb-util-1.0.1.jar:/home/user/.m2/repository/org/apache/kerby/token-provider/1.0.1/token-provider-1.0.1.jar:/home/user/.m2/repository/org/apache/kerby/kerb-admin/1.0.1/kerb-admin-1.0.1.jar:/home/user/.m2/repository/org/apache/kerby/kerb-server/1.0.1/kerb-server-1.0.1.jar:/home/user/.m2/repository/org/apache/kerby/kerb-identity/1.0.1/kerb-identity-1.0.1.jar:/home/user/.m2/repository/org/apache/kerby/kerby-xdr/1.0.1/kerby-xdr-1.0.1.jar:/home/user/.m2/repository/org/slf4j/slf4j-log4j12/1.7.25/slf4j-log4j12-1.7.25.jar:/home/user/.m2/repository/org/apache/hadoop/hadoop-ozone-s3gateway/0.5.0-SNAPSHOT/hadoop-ozone-s3gateway-0.5.0-SNAPSHOT.jar:/home/user/.m2/repository/org/jboss/weld/servlet/weld-servlet/2.4.7.Final/weld-servlet-2.4.7.Final.jar:/home/user/.m2/repository/org/glassfish/jersey/containers/jersey-container-servlet-core/2.27/jersey-container-servlet-core-2.27.jar:/home/user/.m2/repository/org/glassfish/hk2/external/javax.inject/2.5.0-b42/javax.inject-2.5.0-b42.jar:/home/user/.m2/repository/org/glassfish/jersey/core/jersey-common/2.27/jersey-common-2.27.jar:/home/user/.m2/repository/org/glassfish/hk2/osgi-resource-locator/1.0.1/osgi-resource-locator-1.0.1.jar:/home/user/.m2/repository/javax/ws/rs/javax.ws.rs-api/2.1/javax.ws.rs-api-2.1.jar:/home/user/.m2/repository/org/glassfish/jersey/ext/cdi/jersey-cdi1x/2.27/jersey-cdi1x-2.27.jar:/home/user/.m2/repository/org/glassfish/jersey/inject/jersey-hk2/2.27/jersey-hk2-2.27.jar:/home/user/.m2/repository/org/glassfish/hk2/hk2-locator/2.5.0-b42/hk2-locator-2.5.0-b42.jar:/home/user/.m2/repository/org/javassist/javassist/3.22.0-CR2/javassist-3.22.0-CR2.jar:/home/user/.m2/repository/org/glassfish/hk2/hk2-api/2.5.0/hk2-api-2.5.0.jar:/home/user/.m2/repository/org/glassfish/hk2/external/jakarta.inject/2.5.0/jakarta.inject-2.5.0.jar:/home/user/.m2/repository/org/glassfish/hk2/hk2-utils/2.5.0/hk2-utils-2.5.0.jar:/home/user/.m2/repository/jakarta/annotation/jakarta.annotation-api/1.3.4/jakarta.annotation-api-1.3.4.jar:/home/user/.m2/repository/org/glassfish/hk2/external/aopalliance-repackaged/2.5.0/aopalliance-repackaged-2.5.0.jar:/home/user/.m2/repository/com/fasterxml/jackson/dataformat/jackson-dataformat-xml/2.9.0/jackson-dataformat-xml-2.9.0.jar:/home/user/.m2/repository/com/fasterxml/jackson/core/jackson-core/2.9.9/jackson-core-2.9.9.jar:/home/user/.m2/repository/com/fasterxml/jackson/module/jackson-module-jaxb-annotations/2.9.9/jackson-module-jaxb-annotations-2.9.9.jar:/home/user/.m2/repository/javax/enterprise/cdi-api/1.2/cdi-api-1.2.jar:/home/user/.m2/repository/javax/el/javax.el-api/3.0.0/javax.el-api-3.0.0.jar:/home/user/.m2/repository/javax/interceptor/javax.interceptor-api/1.2/javax.interceptor-api-1.2.jar:/home/user/.m2/repository/javax/inject/javax.inject/1/javax.inject-1.jar:/home/user/.m2/repository/com/sun/xml/bind/jaxb-impl/2.3.0.1/jaxb-impl-2.3.0.1.jar:/home/user/.m2/repository/com/sun/xml/bind/jaxb-core/2.3.0.1/jaxb-core-2.3.0.1.jar:/home/user/.m2/repository/javax/xml/bind/jaxb-api/2.3.0/jaxb-api-2.3.0.jar:/home/user/.m2/repository/javax/activation/activation/1.1.1/activation-1.1.1.jar:/home/user/.m2/repository/org/apache/hadoop/hadoop-ozone-csi/0.5.0-SNAPSHOT/hadoop-ozone-csi-0.5.0-SNAPSHOT.jar:/home/user/.m2/repository/com/google/protobuf/protobuf-java-util/3.5.1/protobuf-java-util-3.5.1.jar:/home/user/.m2/repository/org/apache/hadoop/hadoop-hdds-config/0.5.0-SNAPSHOT/hadoop-hdds-config-0.5.0-SNAPSHOT.jar:/home/user/.m2/repository/io/grpc/grpc-netty/1.17.1/grpc-netty-1.17.1.jar:/home/user/.m2/repository/io/grpc/grpc-core/1.17.1/grpc-core-1.17.1.jar:/home/user/.m2/repository/io/grpc/grpc-context/1.17.1/grpc-context-1.17.1.jar:/home/user/.m2/repository/com/google/errorprone/error_prone_annotations/2.2.0/error_prone_annotations-2.2.0.jar:/home/user/.m2/repository/org/codehaus/mojo/animal-sniffer-annotations/1.17/animal-sniffer-annotations-1.17.jar:/home/user/.m2/repository/io/opencensus/opencensus-api/0.17.0/opencensus-api-0.17.0.jar:/home/user/.m2/repository/io/opencensus/opencensus-contrib-grpc-metrics/0.17.0/opencensus-contrib-grpc-metrics-0.17.0.jar:/home/user/.m2/repository/io/netty/netty-codec-http2/4.1.30.Final/netty-codec-http2-4.1.30.Final.jar:/home/user/.m2/repository/io/netty/netty-codec-http/4.1.30.Final/netty-codec-http-4.1.30.Final.jar:/home/user/.m2/repository/io/netty/netty-codec/4.1.30.Final/netty-codec-4.1.30.Final.jar:/home/user/.m2/repository/io/netty/netty-handler/4.1.30.Final/netty-handler-4.1.30.Final.jar:/home/user/.m2/repository/io/netty/netty-handler-proxy/4.1.30.Final/netty-handler-proxy-4.1.30.Final.jar:/home/user/.m2/repository/io/netty/netty-codec-socks/4.1.30.Final/netty-codec-socks-4.1.30.Final.jar:/home/user/.m2/repository/io/netty/netty-transport-native-epoll/4.1.30.Final/netty-transport-native-epoll-4.1.30.Final.jar:/home/user/.m2/repository/io/netty/netty-common/4.1.30.Final/netty-common-4.1.30.Final.jar:/home/user/.m2/repository/io/netty/netty-buffer/4.1.30.Final/netty-buffer-4.1.30.Final.jar:/home/user/.m2/repository/io/netty/netty-transport/4.1.30.Final/netty-transport-4.1.30.Final.jar:/home/user/.m2/repository/io/netty/netty-resolver/4.1.30.Final/netty-resolver-4.1.30.Final.jar:/home/user/.m2/repository/io/netty/netty-transport-native-unix-common/4.1.30.Final/netty-transport-native-unix-common-4.1.30.Final.jar:/home/user/.m2/repository/io/grpc/grpc-protobuf/1.17.1/grpc-protobuf-1.17.1.jar:/home/user/.m2/repository/com/google/api/grpc/proto-google-common-protos/1.0.0/proto-google-common-protos-1.0.0.jar:/home/user/.m2/repository/io/grpc/grpc-protobuf-lite/1.17.1/grpc-protobuf-lite-1.17.1.jar:/home/user/.m2/repository/io/grpc/grpc-stub/1.17.1/grpc-stub-1.17.1.jar:/home/user/.m2/repository/org/apache/hadoop/hadoop-ozone-recon/0.5.0-SNAPSHOT/hadoop-ozone-recon-0.5.0-SNAPSHOT.jar:/home/user/.m2/repository/org/apache/hadoop/hadoop-ozone-reconcodegen/0.5.0-SNAPSHOT/hadoop-ozone-reconcodegen-0.5.0-SNAPSHOT.jar:/home/user/.m2/repository/com/google/inject/extensions/guice-multibindings/4.0/guice-multibindings-4.0.jar:/home/user/.m2/repository/com/google/inject/guice/4.0/guice-4.0.jar:/home/user/.m2/repository/aopalliance/aopalliance/1.0/aopalliance-1.0.jar:/home/user/.m2/repository/com/google/inject/extensions/guice-servlet/4.0/guice-servlet-4.0.jar:/home/user/.m2/repository/org/glassfish/jersey/containers/jersey-container-servlet/2.27/jersey-container-servlet-2.27.jar:/home/user/.m2/repository/org/glassfish/hk2/guice-bridge/2.5.0/guice-bridge-2.5.0.jar:/home/user/.m2/repository/org/glassfish/jersey/core/jersey-server/2.27/jersey-server-2.27.jar:/home/user/.m2/repository/org/glassfish/jersey/core/jersey-client/2.27/jersey-client-2.27.jar:/home/user/.m2/repository/org/glassfish/jersey/media/jersey-media-jaxb/2.27/jersey-media-jaxb-2.27.jar:/home/user/.m2/repository/javax/validation/validation-api/1.1.0.Final/validation-api-1.1.0.Final.jar:/home/user/.m2/repository/org/glassfish/jersey/media/jersey-media-json-jackson/2.27/jersey-media-json-jackson-2.27.jar:/home/user/.m2/repository/org/glassfish/jersey/ext/jersey-entity-filtering/2.27/jersey-entity-filtering-2.27.jar:/home/user/.m2/repository/com/google/inject/extensions/guice-assistedinject/4.0/guice-assistedinject-4.0.jar:/home/user/.m2/repository/org/jooq/jooq/3.11.10/jooq-3.11.10.jar:/home/user/.m2/repository/org/jooq/jooq-meta/3.11.10/jooq-meta-3.11.10.jar:/home/user/.m2/repository/org/jooq/jooq-codegen/3.11.10/jooq-codegen-3.11.10.jar:/home/user/.m2/repository/com/jolbox/bonecp/0.8.0.RELEASE/bonecp-0.8.0.RELEASE.jar:/home/user/.m2/repository/org/xerial/sqlite-jdbc/3.25.2/sqlite-jdbc-3.25.2.jar:/home/user/.m2/repository/org/springframework/spring-jdbc/5.1.3.RELEASE/spring-jdbc-5.1.3.RELEASE.jar:/home/user/.m2/repository/org/springframework/spring-beans/5.1.3.RELEASE/spring-beans-5.1.3.RELEASE.jar:/home/user/.m2/repository/org/springframework/spring-core/5.1.3.RELEASE/spring-core-5.1.3.RELEASE.jar:/home/user/.m2/repository/org/springframework/spring-jcl/5.1.3.RELEASE/spring-jcl-5.1.3.RELEASE.jar:/home/user/.m2/repository/org/springframework/spring-tx/5.1.3.RELEASE/spring-tx-5.1.3.RELEASE.jar:/home/user/.m2/repository/org/apache/hadoop/hadoop-ozone-client/0.5.0-SNAPSHOT/hadoop-ozone-client-0.5.0-SNAPSHOT.jar:/home/user/.m2/repository/commons-lang/commons-lang/2.6/commons-lang-2.6.jar:/home/user/.m2/repository/org/apache/hadoop/hadoop-ozone-ozone-manager/0.5.0-SNAPSHOT/hadoop-ozone-ozone-manager-0.5.0-SNAPSHOT-tests.jar:/home/user/.m2/repository/junit/junit/4.11/junit-4.11.jar:/home/user/.m2/repository/org/hamcrest/hamcrest-core/1.3/hamcrest-core-1.3.jar:/home/user/.m2/repository/org/openjdk/jmh/jmh-core/1.19/jmh-core-1.19.jar:/home/user/.m2/repository/net/sf/jopt-simple/jopt-simple/4.6/jopt-simple-4.6.jar:/home/user/.m2/repository/org/apache/commons/commons-math3/3.1.1/commons-math3-3.1.1.jar:/home/user/.m2/repository/org/openjdk/jmh/jmh-generator-annprocess/1.19/jmh-generator-annprocess-1.19.jar:/home/user/.m2/repository/org/mockito/mockito-all/1.8.5/mockito-all-1.8.5.jar:/home/user/.m2/repository/org/apache/hadoop/hadoop-kms/3.2.0/hadoop-kms-3.2.0.jar:/home/user/.m2/repository/org/apache/hadoop/hadoop-auth/3.2.0/hadoop-auth-3.2.0.jar:/home/user/.m2/repository/com/nimbusds/nimbus-jose-jwt/4.41.1/nimbus-jose-jwt-4.41.1.jar:/home/user/.m2/repository/com/github/stephenc/jcip/jcip-annotations/1.0-1/jcip-annotations-1.0-1.jar:/home/user/.m2/repository/net/minidev/json-smart/2.3/json-smart-2.3.jar:/home/user/.m2/repository/net/minidev/accessors-smart/1.2/accessors-smart-1.2.jar:/home/user/.m2/repository/org/ow2/asm/asm/5.0.4/asm-5.0.4.jar:/home/user/.m2/repository/org/apache/curator/curator-framework/2.12.0/curator-framework-2.12.0.jar:/home/user/.m2/repository/com/sun/jersey/jersey-core/1.19/jersey-core-1.19.jar:/home/user/.m2/repository/javax/ws/rs/jsr311-api/1.1.1/jsr311-api-1.1.1.jar:/home/user/.m2/repository/com/sun/jersey/jersey-server/1.19/jersey-server-1.19.jar:/home/user/.m2/repository/javax/servlet/javax.servlet-api/3.1.0/javax.servlet-api-3.1.0.jar:/home/user/.m2/repository/org/eclipse/jetty/jetty-server/9.3.25.v20180904/jetty-server-9.3.25.v20180904.jar:/home/user/.m2/repository/org/eclipse/jetty/jetty-http/9.3.25.v20180904/jetty-http-9.3.25.v20180904.jar:/home/user/.m2/repository/org/eclipse/jetty/jetty-io/9.3.25.v20180904/jetty-io-9.3.25.v20180904.jar:/home/user/.m2/repository/org/eclipse/jetty/jetty-webapp/9.3.25.v20180904/jetty-webapp-9.3.25.v20180904.jar:/home/user/.m2/repository/org/eclipse/jetty/jetty-xml/9.3.25.v20180904/jetty-xml-9.3.25.v20180904.jar:/home/user/.m2/repository/log4j/log4j/1.2.17/log4j-1.2.17.jar:/home/user/.m2/repository/org/slf4j/slf4j-api/1.7.25/slf4j-api-1.7.25.jar:/home/user/.m2/repository/org/slf4j/jul-to-slf4j/1.7.25/jul-to-slf4j-1.7.25.jar:/home/user/.m2/repository/org/eclipse/jetty/jetty-util/9.3.25.v20180904/jetty-util-9.3.25.v20180904.jar:/home/user/.m2/repository/com/fasterxml/jackson/core/jackson-databind/2.9.9/jackson-databind-2.9.9.jar:/home/user/.m2/repository/org/apache/hadoop/hadoop-kms/3.2.0/hadoop-kms-3.2.0-tests.jar:/home/user/.m2/repository/org/apache/hadoop/hadoop-hdds-server-scm/0.5.0-SNAPSHOT/hadoop-hdds-server-scm-0.5.0-SNAPSHOT-tests.jar:/home/user/.m2/repository/org/apache/hadoop/hadoop-hdds-container-service/0.5.0-SNAPSHOT/hadoop-hdds-container-service-0.5.0-SNAPSHOT-tests.jar:/home/user/.m2/repository/org/yaml/snakeyaml/1.16/snakeyaml-1.16.jar:/home/user/.m2/repository/org/apache/hadoop/hadoop-common/3.2.0/hadoop-common-3.2.0-tests.jar:/home/user/.m2/repository/org/apache/hadoop/hadoop-annotations/3.2.0/hadoop-annotations-3.2.0.jar:/usr/lib/jvm/java-1.8.0-openjdk-1.8.0.222.b10-1.el7_7.x86_64/jre/../lib/tools.jar:/home/user/.m2/repository/commons-cli/commons-cli/1.2/commons-cli-1.2.jar:/home/user/.m2/repository/org/apache/httpcomponents/httpclient/4.5.2/httpclient-4.5.2.jar:/home/user/.m2/repository/org/apache/httpcomponents/httpcore/4.4.4/httpcore-4.4.4.jar:/home/user/.m2/repository/commons-codec/commons-codec/1.11/commons-codec-1.11.jar:/home/user/.m2/repository/commons-net/commons-net/3.6/commons-net-3.6.jar:/home/user/.m2/repository/commons-collections/commons-collections/3.2.2/commons-collections-3.2.2.jar:/home/user/.m2/repository/org/eclipse/jetty/jetty-servlet/9.3.25.v20180904/jetty-servlet-9.3.25.v20180904.jar:/home/user/.m2/repository/org/eclipse/jetty/jetty-security/9.3.25.v20180904/jetty-security-9.3.25.v20180904.jar:/home/user/.m2/repository/javax/servlet/jsp/jsp-api/2.1/jsp-api-2.1.jar:/home/user/.m2/repository/com/sun/jersey/jersey-servlet/1.19/jersey-servlet-1.19.jar:/home/user/.m2/repository/com/sun/jersey/jersey-json/1.19/jersey-json-1.19.jar:/home/user/.m2/repository/org/codehaus/jettison/jettison/1.1/jettison-1.1.jar:/home/user/.m2/repository/org/codehaus/jackson/jackson-core-asl/1.9.13/jackson-core-asl-1.9.13.jar:/home/user/.m2/repository/org/codehaus/jackson/jackson-mapper-asl/1.9.13/jackson-mapper-asl-1.9.13.jar:/home/user/.m2/repository/org/codehaus/jackson/jackson-jaxrs/1.9.13/jackson-jaxrs-1.9.13.jar:/home/user/.m2/repository/org/codehaus/jackson/jackson-xc/1.9.13/jackson-xc-1.9.13.jar:/home/user/.m2/repository/commons-logging/commons-logging/1.1.3/commons-logging-1.1.3.jar:/home/user/.m2/repository/commons-beanutils/commons-beanutils/1.9.4/commons-beanutils-1.9.4.jar:/home/user/.m2/repository/org/apache/commons/commons-configuration2/2.1.1/commons-configuration2-2.1.1.jar:/home/user/.m2/repository/org/apache/commons/commons-lang3/3.7/commons-lang3-3.7.jar:/home/user/.m2/repository/org/apache/commons/commons-text/1.4/commons-text-1.4.jar:/home/user/.m2/repository/org/apache/avro/avro/1.7.7/avro-1.7.7.jar:/home/user/.m2/repository/com/thoughtworks/paranamer/paranamer/2.3/paranamer-2.3.jar:/home/user/.m2/repository/org/xerial/snappy/snappy-java/1.0.5/snappy-java-1.0.5.jar:/home/user/.m2/repository/com/google/re2j/re2j/1.1/re2j-1.1.jar:/home/user/.m2/repository/com/google/code/gson/gson/2.2.4/gson-2.2.4.jar:/home/user/.m2/repository/com/jcraft/jsch/0.1.54/jsch-0.1.54.jar:/home/user/.m2/repository/org/apache/curator/curator-client/2.12.0/curator-client-2.12.0.jar:/home/user/.m2/repository/org/apache/curator/curator-recipes/2.12.0/curator-recipes-2.12.0.jar:/home/user/.m2/repository/com/google/code/findbugs/jsr305/3.0.0/jsr305-3.0.0.jar:/home/user/.m2/repository/org/apache/htrace/htrace-core4/4.1.0-incubating/htrace-core4-4.1.0-incubating.jar:/home/user/.m2/repository/org/apache/zookeeper/zookeeper/3.4.13/zookeeper-3.4.13.jar:/home/user/.m2/repository/jline/jline/0.9.94/jline-0.9.94.jar:/home/user/.m2/repository/org/apache/yetus/audience-annotations/0.5.0/audience-annotations-0.5.0.jar:/home/user/.m2/repository/org/codehaus/woodstox/stax2-api/3.1.4/stax2-api-3.1.4.jar:/home/user/.m2/repository/com/fasterxml/woodstox/woodstox-core/5.0.3/woodstox-core-5.0.3.jar:/home/user/.m2/repository/dnsjava/dnsjava/2.1.7/dnsjava-2.1.7.jar:/home/user/.m2/repository/org/apache/hadoop/hadoop-hdfs/3.2.0/hadoop-hdfs-3.2.0-tests.jar:/home/user/.m2/repository/org/eclipse/jetty/jetty-util-ajax/9.3.25.v20180904/jetty-util-ajax-9.3.25.v20180904.jar:/home/user/.m2/repository/commons-daemon/commons-daemon/1.0.13/commons-daemon-1.0.13.jar:/home/user/.m2/repository/io/netty/netty/3.10.5.Final/netty-3.10.5.Final.jar:/home/user/.m2/repository/io/netty/netty-all/4.0.52.Final/netty-all-4.0.52.Final.jar:/home/user/.m2/repository/org/fusesource/leveldbjni/leveldbjni-all/1.8/leveldbjni-all-1.8.jar:"/>
    <property name="java.vm.vendor" value="Oracle Corporation"/>
    <property name="sun.arch.data.model" value="64"/>
    <property name="test.build.dir" value="/workdir/hadoop-ozone/integration-test/target/test-dir"/>
    <property name="test.cache.data" value=""/>
    <property name="java.vendor.url" value="http://java.oracle.com/"/>
    <property name="user.timezone" value=""/>
    <property name="java.vm.specification.version" value="1.8"/>
    <property name="os.name" value="Linux"/>
    <property name="test.build.data" value="/workdir/hadoop-ozone/integration-test/target/test-dir"/>
    <property name="user.country" value="US"/>
    <property name="sun.java.launcher" value="SUN_STANDARD"/>
    <property name="sun.boot.library.path" value="/usr/lib/jvm/java-1.8.0-openjdk-1.8.0.222.b10-1.el7_7.x86_64/jre/lib/amd64"/>
    <property name="sun.java.command" value="/workdir/hadoop-ozone/integration-test/target/surefire/surefirebooter2953312878848386476.jar /workdir/hadoop-ozone/integration-test/target/surefire 2019-10-18T12-01-21_854-jvmRun1 surefire7187248818013992246tmp surefire_344855760573542730554tmp"/>
    <property name="surefire.test.class.path" value="/workdir/hadoop-ozone/integration-test/target/test-classes:/workdir/hadoop-ozone/integration-test/target/classes:/home/user/.m2/repository/org/apache/hadoop/hadoop-ozone-common/0.5.0-SNAPSHOT/hadoop-ozone-common-0.5.0-SNAPSHOT.jar:/home/user/.m2/repository/org/apache/commons/commons-compress/1.4.1/commons-compress-1.4.1.jar:/home/user/.m2/repository/org/tukaani/xz/1.0/xz-1.0.jar:/home/user/.m2/repository/org/apache/hadoop/hadoop-common/3.2.0/hadoop-common-3.2.0.jar:/home/user/.m2/repository/org/apache/hadoop/hadoop-hdfs/3.2.0/hadoop-hdfs-3.2.0.jar:/home/user/.m2/repository/org/apache/hadoop/hadoop-hdfs-client/3.2.0/hadoop-hdfs-client-3.2.0.jar:/home/user/.m2/repository/com/fasterxml/jackson/core/jackson-annotations/2.9.9/jackson-annotations-2.9.9.jar:/home/user/.m2/repository/org/apache/hadoop/hadoop-hdds-common/0.5.0-SNAPSHOT/hadoop-hdds-common-0.5.0-SNAPSHOT.jar:/home/user/.m2/repository/javax/annotation/javax.annotation-api/1.2/javax.annotation-api-1.2.jar:/home/user/.m2/repository/org/apache/ratis/ratis-server/0.5.0-3f446aa-SNAPSHOT/ratis-server-0.5.0-3f446aa-SNAPSHOT.jar:/home/user/.m2/repository/org/apache/ratis/ratis-thirdparty-misc/0.2.0/ratis-thirdparty-misc-0.2.0.jar:/home/user/.m2/repository/org/apache/ratis/ratis-proto/0.5.0-3f446aa-SNAPSHOT/ratis-proto-0.5.0-3f446aa-SNAPSHOT.jar:/home/user/.m2/repository/org/apache/ratis/ratis-common/0.5.0-3f446aa-SNAPSHOT/ratis-common-0.5.0-3f446aa-SNAPSHOT.jar:/home/user/.m2/repository/org/apache/ratis/ratis-client/0.5.0-3f446aa-SNAPSHOT/ratis-client-0.5.0-3f446aa-SNAPSHOT.jar:/home/user/.m2/repository/org/apache/ratis/ratis-metrics/0.5.0-3f446aa-SNAPSHOT/ratis-metrics-0.5.0-3f446aa-SNAPSHOT.jar:/home/user/.m2/repository/com/github/joshelser/dropwizard-metrics-hadoop-metrics2-reporter/0.1.2/dropwizard-metrics-hadoop-metrics2-reporter-0.1.2.jar:/home/user/.m2/repository/io/dropwizard/metrics/metrics-jvm/3.2.5/metrics-jvm-3.2.5.jar:/home/user/.m2/repository/io/dropwizard/metrics/metrics-ganglia/3.2.5/metrics-ganglia-3.2.5.jar:/home/user/.m2/repository/info/ganglia/gmetric4j/gmetric4j/1.0.7/gmetric4j-1.0.7.jar:/home/user/.m2/repository/org/apache/ratis/ratis-netty/0.5.0-3f446aa-SNAPSHOT/ratis-netty-0.5.0-3f446aa-SNAPSHOT.jar:/home/user/.m2/repository/org/apache/ratis/ratis-grpc/0.5.0-3f446aa-SNAPSHOT/ratis-grpc-0.5.0-3f446aa-SNAPSHOT.jar:/home/user/.m2/repository/org/rocksdb/rocksdbjni/6.0.1/rocksdbjni-6.0.1.jar:/home/user/.m2/repository/org/apache/logging/log4j/log4j-api/2.11.0/log4j-api-2.11.0.jar:/home/user/.m2/repository/org/apache/logging/log4j/log4j-core/2.11.0/log4j-core-2.11.0.jar:/home/user/.m2/repository/com/lmax/disruptor/3.4.2/disruptor-3.4.2.jar:/home/user/.m2/repository/org/apache/commons/commons-pool2/2.6.0/commons-pool2-2.6.0.jar:/home/user/.m2/repository/org/bouncycastle/bcpkix-jdk15on/1.60/bcpkix-jdk15on-1.60.jar:/home/user/.m2/repository/commons-validator/commons-validator/1.6/commons-validator-1.6.jar:/home/user/.m2/repository/commons-digester/commons-digester/1.8.1/commons-digester-1.8.1.jar:/home/user/.m2/repository/io/jaegertracing/jaeger-client/0.34.0/jaeger-client-0.34.0.jar:/home/user/.m2/repository/io/jaegertracing/jaeger-thrift/0.34.0/jaeger-thrift-0.34.0.jar:/home/user/.m2/repository/org/apache/thrift/libthrift/0.12.0/libthrift-0.12.0.jar:/home/user/.m2/repository/com/squareup/okhttp3/okhttp/3.9.0/okhttp-3.9.0.jar:/home/user/.m2/repository/com/squareup/okio/okio/1.13.0/okio-1.13.0.jar:/home/user/.m2/repository/io/jaegertracing/jaeger-core/0.34.0/jaeger-core-0.34.0.jar:/home/user/.m2/repository/io/jaegertracing/jaeger-tracerresolver/0.34.0/jaeger-tracerresolver-0.34.0.jar:/home/user/.m2/repository/io/opentracing/contrib/opentracing-tracerresolver/0.1.5/opentracing-tracerresolver-0.1.5.jar:/home/user/.m2/repository/io/opentracing/opentracing-util/0.31.0/opentracing-util-0.31.0.jar:/home/user/.m2/repository/io/opentracing/opentracing-api/0.31.0/opentracing-api-0.31.0.jar:/home/user/.m2/repository/io/opentracing/opentracing-noop/0.31.0/opentracing-noop-0.31.0.jar:/home/user/.m2/repository/org/apache/hadoop/hadoop-hdds-server-framework/0.5.0-SNAPSHOT/hadoop-hdds-server-framework-0.5.0-SNAPSHOT.jar:/home/user/.m2/repository/org/apache/hadoop/hadoop-hdds-container-service/0.5.0-SNAPSHOT/hadoop-hdds-container-service-0.5.0-SNAPSHOT.jar:/home/user/.m2/repository/org/apache/hadoop/hadoop-hdds-client/0.5.0-SNAPSHOT/hadoop-hdds-client-0.5.0-SNAPSHOT.jar:/home/user/.m2/repository/org/apache/hadoop/hadoop-hdds-tools/0.5.0-SNAPSHOT/hadoop-hdds-tools-0.5.0-SNAPSHOT.jar:/home/user/.m2/repository/org/apache/hadoop/hadoop-hdds-server-scm/0.5.0-SNAPSHOT/hadoop-hdds-server-scm-0.5.0-SNAPSHOT.jar:/home/user/.m2/repository/org/apache/hadoop/hadoop-hdds-docs/0.5.0-SNAPSHOT/hadoop-hdds-docs-0.5.0-SNAPSHOT.jar:/home/user/.m2/repository/io/dropwizard/metrics/metrics-core/3.2.4/metrics-core-3.2.4.jar:/home/user/.m2/repository/org/hamcrest/hamcrest-all/1.3/hamcrest-all-1.3.jar:/home/user/.m2/repository/org/bouncycastle/bcprov-jdk15on/1.60/bcprov-jdk15on-1.60.jar:/home/user/.m2/repository/info/picocli/picocli/3.9.6/picocli-3.9.6.jar:/home/user/.m2/repository/com/google/protobuf/protobuf-java/2.5.0/protobuf-java-2.5.0.jar:/home/user/.m2/repository/com/google/guava/guava/11.0.2/guava-11.0.2.jar:/home/user/.m2/repository/org/apache/hadoop/hadoop-ozone-ozone-manager/0.5.0-SNAPSHOT/hadoop-ozone-ozone-manager-0.5.0-SNAPSHOT.jar:/home/user/.m2/repository/org/apache/hadoop/hadoop-minikdc/3.2.0/hadoop-minikdc-3.2.0.jar:/home/user/.m2/repository/commons-io/commons-io/2.5/commons-io-2.5.jar:/home/user/.m2/repository/org/apache/kerby/kerb-simplekdc/1.0.1/kerb-simplekdc-1.0.1.jar:/home/user/.m2/repository/org/apache/kerby/kerb-client/1.0.1/kerb-client-1.0.1.jar:/home/user/.m2/repository/org/apache/kerby/kerby-config/1.0.1/kerby-config-1.0.1.jar:/home/user/.m2/repository/org/apache/kerby/kerb-core/1.0.1/kerb-core-1.0.1.jar:/home/user/.m2/repository/org/apache/kerby/kerby-pkix/1.0.1/kerby-pkix-1.0.1.jar:/home/user/.m2/repository/org/apache/kerby/kerby-asn1/1.0.1/kerby-asn1-1.0.1.jar:/home/user/.m2/repository/org/apache/kerby/kerby-util/1.0.1/kerby-util-1.0.1.jar:/home/user/.m2/repository/org/apache/kerby/kerb-common/1.0.1/kerb-common-1.0.1.jar:/home/user/.m2/repository/org/apache/kerby/kerb-crypto/1.0.1/kerb-crypto-1.0.1.jar:/home/user/.m2/repository/org/apache/kerby/kerb-util/1.0.1/kerb-util-1.0.1.jar:/home/user/.m2/repository/org/apache/kerby/token-provider/1.0.1/token-provider-1.0.1.jar:/home/user/.m2/repository/org/apache/kerby/kerb-admin/1.0.1/kerb-admin-1.0.1.jar:/home/user/.m2/repository/org/apache/kerby/kerb-server/1.0.1/kerb-server-1.0.1.jar:/home/user/.m2/repository/org/apache/kerby/kerb-identity/1.0.1/kerb-identity-1.0.1.jar:/home/user/.m2/repository/org/apache/kerby/kerby-xdr/1.0.1/kerby-xdr-1.0.1.jar:/home/user/.m2/repository/org/slf4j/slf4j-log4j12/1.7.25/slf4j-log4j12-1.7.25.jar:/home/user/.m2/repository/org/apache/hadoop/hadoop-ozone-s3gateway/0.5.0-SNAPSHOT/hadoop-ozone-s3gateway-0.5.0-SNAPSHOT.jar:/home/user/.m2/repository/org/jboss/weld/servlet/weld-servlet/2.4.7.Final/weld-servlet-2.4.7.Final.jar:/home/user/.m2/repository/org/glassfish/jersey/containers/jersey-container-servlet-core/2.27/jersey-container-servlet-core-2.27.jar:/home/user/.m2/repository/org/glassfish/hk2/external/javax.inject/2.5.0-b42/javax.inject-2.5.0-b42.jar:/home/user/.m2/repository/org/glassfish/jersey/core/jersey-common/2.27/jersey-common-2.27.jar:/home/user/.m2/repository/org/glassfish/hk2/osgi-resource-locator/1.0.1/osgi-resource-locator-1.0.1.jar:/home/user/.m2/repository/javax/ws/rs/javax.ws.rs-api/2.1/javax.ws.rs-api-2.1.jar:/home/user/.m2/repository/org/glassfish/jersey/ext/cdi/jersey-cdi1x/2.27/jersey-cdi1x-2.27.jar:/home/user/.m2/repository/org/glassfish/jersey/inject/jersey-hk2/2.27/jersey-hk2-2.27.jar:/home/user/.m2/repository/org/glassfish/hk2/hk2-locator/2.5.0-b42/hk2-locator-2.5.0-b42.jar:/home/user/.m2/repository/org/javassist/javassist/3.22.0-CR2/javassist-3.22.0-CR2.jar:/home/user/.m2/repository/org/glassfish/hk2/hk2-api/2.5.0/hk2-api-2.5.0.jar:/home/user/.m2/repository/org/glassfish/hk2/external/jakarta.inject/2.5.0/jakarta.inject-2.5.0.jar:/home/user/.m2/repository/org/glassfish/hk2/hk2-utils/2.5.0/hk2-utils-2.5.0.jar:/home/user/.m2/repository/jakarta/annotation/jakarta.annotation-api/1.3.4/jakarta.annotation-api-1.3.4.jar:/home/user/.m2/repository/org/glassfish/hk2/external/aopalliance-repackaged/2.5.0/aopalliance-repackaged-2.5.0.jar:/home/user/.m2/repository/com/fasterxml/jackson/dataformat/jackson-dataformat-xml/2.9.0/jackson-dataformat-xml-2.9.0.jar:/home/user/.m2/repository/com/fasterxml/jackson/core/jackson-core/2.9.9/jackson-core-2.9.9.jar:/home/user/.m2/repository/com/fasterxml/jackson/module/jackson-module-jaxb-annotations/2.9.9/jackson-module-jaxb-annotations-2.9.9.jar:/home/user/.m2/repository/javax/enterprise/cdi-api/1.2/cdi-api-1.2.jar:/home/user/.m2/repository/javax/el/javax.el-api/3.0.0/javax.el-api-3.0.0.jar:/home/user/.m2/repository/javax/interceptor/javax.interceptor-api/1.2/javax.interceptor-api-1.2.jar:/home/user/.m2/repository/javax/inject/javax.inject/1/javax.inject-1.jar:/home/user/.m2/repository/com/sun/xml/bind/jaxb-impl/2.3.0.1/jaxb-impl-2.3.0.1.jar:/home/user/.m2/repository/com/sun/xml/bind/jaxb-core/2.3.0.1/jaxb-core-2.3.0.1.jar:/home/user/.m2/repository/javax/xml/bind/jaxb-api/2.3.0/jaxb-api-2.3.0.jar:/home/user/.m2/repository/javax/activation/activation/1.1.1/activation-1.1.1.jar:/home/user/.m2/repository/org/apache/hadoop/hadoop-ozone-csi/0.5.0-SNAPSHOT/hadoop-ozone-csi-0.5.0-SNAPSHOT.jar:/home/user/.m2/repository/com/google/protobuf/protobuf-java-util/3.5.1/protobuf-java-util-3.5.1.jar:/home/user/.m2/repository/org/apache/hadoop/hadoop-hdds-config/0.5.0-SNAPSHOT/hadoop-hdds-config-0.5.0-SNAPSHOT.jar:/home/user/.m2/repository/io/grpc/grpc-netty/1.17.1/grpc-netty-1.17.1.jar:/home/user/.m2/repository/io/grpc/grpc-core/1.17.1/grpc-core-1.17.1.jar:/home/user/.m2/repository/io/grpc/grpc-context/1.17.1/grpc-context-1.17.1.jar:/home/user/.m2/repository/com/google/errorprone/error_prone_annotations/2.2.0/error_prone_annotations-2.2.0.jar:/home/user/.m2/repository/org/codehaus/mojo/animal-sniffer-annotations/1.17/animal-sniffer-annotations-1.17.jar:/home/user/.m2/repository/io/opencensus/opencensus-api/0.17.0/opencensus-api-0.17.0.jar:/home/user/.m2/repository/io/opencensus/opencensus-contrib-grpc-metrics/0.17.0/opencensus-contrib-grpc-metrics-0.17.0.jar:/home/user/.m2/repository/io/netty/netty-codec-http2/4.1.30.Final/netty-codec-http2-4.1.30.Final.jar:/home/user/.m2/repository/io/netty/netty-codec-http/4.1.30.Final/netty-codec-http-4.1.30.Final.jar:/home/user/.m2/repository/io/netty/netty-codec/4.1.30.Final/netty-codec-4.1.30.Final.jar:/home/user/.m2/repository/io/netty/netty-handler/4.1.30.Final/netty-handler-4.1.30.Final.jar:/home/user/.m2/repository/io/netty/netty-handler-proxy/4.1.30.Final/netty-handler-proxy-4.1.30.Final.jar:/home/user/.m2/repository/io/netty/netty-codec-socks/4.1.30.Final/netty-codec-socks-4.1.30.Final.jar:/home/user/.m2/repository/io/netty/netty-transport-native-epoll/4.1.30.Final/netty-transport-native-epoll-4.1.30.Final.jar:/home/user/.m2/repository/io/netty/netty-common/4.1.30.Final/netty-common-4.1.30.Final.jar:/home/user/.m2/repository/io/netty/netty-buffer/4.1.30.Final/netty-buffer-4.1.30.Final.jar:/home/user/.m2/repository/io/netty/netty-transport/4.1.30.Final/netty-transport-4.1.30.Final.jar:/home/user/.m2/repository/io/netty/netty-resolver/4.1.30.Final/netty-resolver-4.1.30.Final.jar:/home/user/.m2/repository/io/netty/netty-transport-native-unix-common/4.1.30.Final/netty-transport-native-unix-common-4.1.30.Final.jar:/home/user/.m2/repository/io/grpc/grpc-protobuf/1.17.1/grpc-protobuf-1.17.1.jar:/home/user/.m2/repository/com/google/api/grpc/proto-google-common-protos/1.0.0/proto-google-common-protos-1.0.0.jar:/home/user/.m2/repository/io/grpc/grpc-protobuf-lite/1.17.1/grpc-protobuf-lite-1.17.1.jar:/home/user/.m2/repository/io/grpc/grpc-stub/1.17.1/grpc-stub-1.17.1.jar:/home/user/.m2/repository/org/apache/hadoop/hadoop-ozone-recon/0.5.0-SNAPSHOT/hadoop-ozone-recon-0.5.0-SNAPSHOT.jar:/home/user/.m2/repository/org/apache/hadoop/hadoop-ozone-reconcodegen/0.5.0-SNAPSHOT/hadoop-ozone-reconcodegen-0.5.0-SNAPSHOT.jar:/home/user/.m2/repository/com/google/inject/extensions/guice-multibindings/4.0/guice-multibindings-4.0.jar:/home/user/.m2/repository/com/google/inject/guice/4.0/guice-4.0.jar:/home/user/.m2/repository/aopalliance/aopalliance/1.0/aopalliance-1.0.jar:/home/user/.m2/repository/com/google/inject/extensions/guice-servlet/4.0/guice-servlet-4.0.jar:/home/user/.m2/repository/org/glassfish/jersey/containers/jersey-container-servlet/2.27/jersey-container-servlet-2.27.jar:/home/user/.m2/repository/org/glassfish/hk2/guice-bridge/2.5.0/guice-bridge-2.5.0.jar:/home/user/.m2/repository/org/glassfish/jersey/core/jersey-server/2.27/jersey-server-2.27.jar:/home/user/.m2/repository/org/glassfish/jersey/core/jersey-client/2.27/jersey-client-2.27.jar:/home/user/.m2/repository/org/glassfish/jersey/media/jersey-media-jaxb/2.27/jersey-media-jaxb-2.27.jar:/home/user/.m2/repository/javax/validation/validation-api/1.1.0.Final/validation-api-1.1.0.Final.jar:/home/user/.m2/repository/org/glassfish/jersey/media/jersey-media-json-jackson/2.27/jersey-media-json-jackson-2.27.jar:/home/user/.m2/repository/org/glassfish/jersey/ext/jersey-entity-filtering/2.27/jersey-entity-filtering-2.27.jar:/home/user/.m2/repository/com/google/inject/extensions/guice-assistedinject/4.0/guice-assistedinject-4.0.jar:/home/user/.m2/repository/org/jooq/jooq/3.11.10/jooq-3.11.10.jar:/home/user/.m2/repository/org/jooq/jooq-meta/3.11.10/jooq-meta-3.11.10.jar:/home/user/.m2/repository/org/jooq/jooq-codegen/3.11.10/jooq-codegen-3.11.10.jar:/home/user/.m2/repository/com/jolbox/bonecp/0.8.0.RELEASE/bonecp-0.8.0.RELEASE.jar:/home/user/.m2/repository/org/xerial/sqlite-jdbc/3.25.2/sqlite-jdbc-3.25.2.jar:/home/user/.m2/repository/org/springframework/spring-jdbc/5.1.3.RELEASE/spring-jdbc-5.1.3.RELEASE.jar:/home/user/.m2/repository/org/springframework/spring-beans/5.1.3.RELEASE/spring-beans-5.1.3.RELEASE.jar:/home/user/.m2/repository/org/springframework/spring-core/5.1.3.RELEASE/spring-core-5.1.3.RELEASE.jar:/home/user/.m2/repository/org/springframework/spring-jcl/5.1.3.RELEASE/spring-jcl-5.1.3.RELEASE.jar:/home/user/.m2/repository/org/springframework/spring-tx/5.1.3.RELEASE/spring-tx-5.1.3.RELEASE.jar:/home/user/.m2/repository/org/apache/hadoop/hadoop-ozone-client/0.5.0-SNAPSHOT/hadoop-ozone-client-0.5.0-SNAPSHOT.jar:/home/user/.m2/repository/commons-lang/commons-lang/2.6/commons-lang-2.6.jar:/home/user/.m2/repository/org/apache/hadoop/hadoop-ozone-ozone-manager/0.5.0-SNAPSHOT/hadoop-ozone-ozone-manager-0.5.0-SNAPSHOT-tests.jar:/home/user/.m2/repository/junit/junit/4.11/junit-4.11.jar:/home/user/.m2/repository/org/hamcrest/hamcrest-core/1.3/hamcrest-core-1.3.jar:/home/user/.m2/repository/org/openjdk/jmh/jmh-core/1.19/jmh-core-1.19.jar:/home/user/.m2/repository/net/sf/jopt-simple/jopt-simple/4.6/jopt-simple-4.6.jar:/home/user/.m2/repository/org/apache/commons/commons-math3/3.1.1/commons-math3-3.1.1.jar:/home/user/.m2/repository/org/openjdk/jmh/jmh-generator-annprocess/1.19/jmh-generator-annprocess-1.19.jar:/home/user/.m2/repository/org/mockito/mockito-all/1.8.5/mockito-all-1.8.5.jar:/home/user/.m2/repository/org/apache/hadoop/hadoop-kms/3.2.0/hadoop-kms-3.2.0.jar:/home/user/.m2/repository/org/apache/hadoop/hadoop-auth/3.2.0/hadoop-auth-3.2.0.jar:/home/user/.m2/repository/com/nimbusds/nimbus-jose-jwt/4.41.1/nimbus-jose-jwt-4.41.1.jar:/home/user/.m2/repository/com/github/stephenc/jcip/jcip-annotations/1.0-1/jcip-annotations-1.0-1.jar:/home/user/.m2/repository/net/minidev/json-smart/2.3/json-smart-2.3.jar:/home/user/.m2/repository/net/minidev/accessors-smart/1.2/accessors-smart-1.2.jar:/home/user/.m2/repository/org/ow2/asm/asm/5.0.4/asm-5.0.4.jar:/home/user/.m2/repository/org/apache/curator/curator-framework/2.12.0/curator-framework-2.12.0.jar:/home/user/.m2/repository/com/sun/jersey/jersey-core/1.19/jersey-core-1.19.jar:/home/user/.m2/repository/javax/ws/rs/jsr311-api/1.1.1/jsr311-api-1.1.1.jar:/home/user/.m2/repository/com/sun/jersey/jersey-server/1.19/jersey-server-1.19.jar:/home/user/.m2/repository/javax/servlet/javax.servlet-api/3.1.0/javax.servlet-api-3.1.0.jar:/home/user/.m2/repository/org/eclipse/jetty/jetty-server/9.3.25.v20180904/jetty-server-9.3.25.v20180904.jar:/home/user/.m2/repository/org/eclipse/jetty/jetty-http/9.3.25.v20180904/jetty-http-9.3.25.v20180904.jar:/home/user/.m2/repository/org/eclipse/jetty/jetty-io/9.3.25.v20180904/jetty-io-9.3.25.v20180904.jar:/home/user/.m2/repository/org/eclipse/jetty/jetty-webapp/9.3.25.v20180904/jetty-webapp-9.3.25.v20180904.jar:/home/user/.m2/repository/org/eclipse/jetty/jetty-xml/9.3.25.v20180904/jetty-xml-9.3.25.v20180904.jar:/home/user/.m2/repository/log4j/log4j/1.2.17/log4j-1.2.17.jar:/home/user/.m2/repository/org/slf4j/slf4j-api/1.7.25/slf4j-api-1.7.25.jar:/home/user/.m2/repository/org/slf4j/jul-to-slf4j/1.7.25/jul-to-slf4j-1.7.25.jar:/home/user/.m2/repository/org/eclipse/jetty/jetty-util/9.3.25.v20180904/jetty-util-9.3.25.v20180904.jar:/home/user/.m2/repository/com/fasterxml/jackson/core/jackson-databind/2.9.9/jackson-databind-2.9.9.jar:/home/user/.m2/repository/org/apache/hadoop/hadoop-kms/3.2.0/hadoop-kms-3.2.0-tests.jar:/home/user/.m2/repository/org/apache/hadoop/hadoop-hdds-server-scm/0.5.0-SNAPSHOT/hadoop-hdds-server-scm-0.5.0-SNAPSHOT-tests.jar:/home/user/.m2/repository/org/apache/hadoop/hadoop-hdds-container-service/0.5.0-SNAPSHOT/hadoop-hdds-container-service-0.5.0-SNAPSHOT-tests.jar:/home/user/.m2/repository/org/yaml/snakeyaml/1.16/snakeyaml-1.16.jar:/home/user/.m2/repository/org/apache/hadoop/hadoop-common/3.2.0/hadoop-common-3.2.0-tests.jar:/home/user/.m2/repository/org/apache/hadoop/hadoop-annotations/3.2.0/hadoop-annotations-3.2.0.jar:/usr/lib/jvm/java-1.8.0-openjdk-1.8.0.222.b10-1.el7_7.x86_64/jre/../lib/tools.jar:/home/user/.m2/repository/commons-cli/commons-cli/1.2/commons-cli-1.2.jar:/home/user/.m2/repository/org/apache/httpcomponents/httpclient/4.5.2/httpclient-4.5.2.jar:/home/user/.m2/repository/org/apache/httpcomponents/httpcore/4.4.4/httpcore-4.4.4.jar:/home/user/.m2/repository/commons-codec/commons-codec/1.11/commons-codec-1.11.jar:/home/user/.m2/repository/commons-net/commons-net/3.6/commons-net-3.6.jar:/home/user/.m2/repository/commons-collections/commons-collections/3.2.2/commons-collections-3.2.2.jar:/home/user/.m2/repository/org/eclipse/jetty/jetty-servlet/9.3.25.v20180904/jetty-servlet-9.3.25.v20180904.jar:/home/user/.m2/repository/org/eclipse/jetty/jetty-security/9.3.25.v20180904/jetty-security-9.3.25.v20180904.jar:/home/user/.m2/repository/javax/servlet/jsp/jsp-api/2.1/jsp-api-2.1.jar:/home/user/.m2/repository/com/sun/jersey/jersey-servlet/1.19/jersey-servlet-1.19.jar:/home/user/.m2/repository/com/sun/jersey/jersey-json/1.19/jersey-json-1.19.jar:/home/user/.m2/repository/org/codehaus/jettison/jettison/1.1/jettison-1.1.jar:/home/user/.m2/repository/org/codehaus/jackson/jackson-core-asl/1.9.13/jackson-core-asl-1.9.13.jar:/home/user/.m2/repository/org/codehaus/jackson/jackson-mapper-asl/1.9.13/jackson-mapper-asl-1.9.13.jar:/home/user/.m2/repository/org/codehaus/jackson/jackson-jaxrs/1.9.13/jackson-jaxrs-1.9.13.jar:/home/user/.m2/repository/org/codehaus/jackson/jackson-xc/1.9.13/jackson-xc-1.9.13.jar:/home/user/.m2/repository/commons-logging/commons-logging/1.1.3/commons-logging-1.1.3.jar:/home/user/.m2/repository/commons-beanutils/commons-beanutils/1.9.4/commons-beanutils-1.9.4.jar:/home/user/.m2/repository/org/apache/commons/commons-configuration2/2.1.1/commons-configuration2-2.1.1.jar:/home/user/.m2/repository/org/apache/commons/commons-lang3/3.7/commons-lang3-3.7.jar:/home/user/.m2/repository/org/apache/commons/commons-text/1.4/commons-text-1.4.jar:/home/user/.m2/repository/org/apache/avro/avro/1.7.7/avro-1.7.7.jar:/home/user/.m2/repository/com/thoughtworks/paranamer/paranamer/2.3/paranamer-2.3.jar:/home/user/.m2/repository/org/xerial/snappy/snappy-java/1.0.5/snappy-java-1.0.5.jar:/home/user/.m2/repository/com/google/re2j/re2j/1.1/re2j-1.1.jar:/home/user/.m2/repository/com/google/code/gson/gson/2.2.4/gson-2.2.4.jar:/home/user/.m2/repository/com/jcraft/jsch/0.1.54/jsch-0.1.54.jar:/home/user/.m2/repository/org/apache/curator/curator-client/2.12.0/curator-client-2.12.0.jar:/home/user/.m2/repository/org/apache/curator/curator-recipes/2.12.0/curator-recipes-2.12.0.jar:/home/user/.m2/repository/com/google/code/findbugs/jsr305/3.0.0/jsr305-3.0.0.jar:/home/user/.m2/repository/org/apache/htrace/htrace-core4/4.1.0-incubating/htrace-core4-4.1.0-incubating.jar:/home/user/.m2/repository/org/apache/zookeeper/zookeeper/3.4.13/zookeeper-3.4.13.jar:/home/user/.m2/repository/jline/jline/0.9.94/jline-0.9.94.jar:/home/user/.m2/repository/org/apache/yetus/audience-annotations/0.5.0/audience-annotations-0.5.0.jar:/home/user/.m2/repository/org/codehaus/woodstox/stax2-api/3.1.4/stax2-api-3.1.4.jar:/home/user/.m2/repository/com/fasterxml/woodstox/woodstox-core/5.0.3/woodstox-core-5.0.3.jar:/home/user/.m2/repository/dnsjava/dnsjava/2.1.7/dnsjava-2.1.7.jar:/home/user/.m2/repository/org/apache/hadoop/hadoop-hdfs/3.2.0/hadoop-hdfs-3.2.0-tests.jar:/home/user/.m2/repository/org/eclipse/jetty/jetty-util-ajax/9.3.25.v20180904/jetty-util-ajax-9.3.25.v20180904.jar:/home/user/.m2/repository/commons-daemon/commons-daemon/1.0.13/commons-daemon-1.0.13.jar:/home/user/.m2/repository/io/netty/netty/3.10.5.Final/netty-3.10.5.Final.jar:/home/user/.m2/repository/io/netty/netty-all/4.0.52.Final/netty-all-4.0.52.Final.jar:/home/user/.m2/repository/org/fusesource/leveldbjni/leveldbjni-all/1.8/leveldbjni-all-1.8.jar:"/>
    <property name="sun.cpu.endian" value="little"/>
    <property name="user.home" value="/home/user"/>
    <property name="user.language" value="en"/>
    <property name="java.specification.vendor" value="Oracle Corporation"/>
    <property name="java.home" value="/usr/lib/jvm/java-1.8.0-openjdk-1.8.0.222.b10-1.el7_7.x86_64/jre"/>
    <property name="surefire.excludesFile" value="/tools/ozone-bad-unit-tests"/>
    <property name="java.security.krb5.conf" value="/workdir/hadoop-ozone/integration-test/target/test-classes/krb5.conf"/>
    <property name="basedir" value="/workdir/hadoop-ozone/integration-test"/>
    <property name="file.separator" value="/"/>
    <property name="line.separator" value="&#10;"/>
    <property name="java.vm.specification.vendor" value="Oracle Corporation"/>
    <property name="java.specification.name" value="Java Platform API Specification"/>
    <property name="java.awt.graphicsenv" value="sun.awt.X11GraphicsEnvironment"/>
    <property name="surefire.real.class.path" value="/workdir/hadoop-ozone/integration-test/target/surefire/surefirebooter2953312878848386476.jar"/>
    <property name="hadoop.log.dir" value="/workdir/hadoop-ozone/integration-test/target/log"/>
    <property name="sun.boot.class.path" value="/usr/lib/jvm/java-1.8.0-openjdk-1.8.0.222.b10-1.el7_7.x86_64/jre/lib/resources.jar:/usr/lib/jvm/java-1.8.0-openjdk-1.8.0.222.b10-1.el7_7.x86_64/jre/lib/rt.jar:/usr/lib/jvm/java-1.8.0-openjdk-1.8.0.222.b10-1.el7_7.x86_64/jre/lib/sunrsasign.jar:/usr/lib/jvm/java-1.8.0-openjdk-1.8.0.222.b10-1.el7_7.x86_64/jre/lib/jsse.jar:/usr/lib/jvm/java-1.8.0-openjdk-1.8.0.222.b10-1.el7_7.x86_64/jre/lib/jce.jar:/usr/lib/jvm/java-1.8.0-openjdk-1.8.0.222.b10-1.el7_7.x86_64/jre/lib/charsets.jar:/usr/lib/jvm/java-1.8.0-openjdk-1.8.0.222.b10-1.el7_7.x86_64/jre/lib/jfr.jar:/usr/lib/jvm/java-1.8.0-openjdk-1.8.0.222.b10-1.el7_7.x86_64/jre/classes"/>
    <property name="sun.management.compiler" value="HotSpot 64-Bit Tiered Compilers"/>
    <property name="java.runtime.version" value="1.8.0_222-b10"/>
    <property name="java.net.preferIPv4Stack" value="true"/>
    <property name="user.name" value="jenkins1000"/>
    <property name="path.separator" value=":"/>
    <property name="java.security.egd" value="file:///dev/urandom"/>
    <property name="os.version" value="3.10.0-957.12.2.el7.x86_64"/>
    <property name="java.endorsed.dirs" value="/usr/lib/jvm/java-1.8.0-openjdk-1.8.0.222.b10-1.el7_7.x86_64/jre/lib/endorsed"/>
    <property name="java.runtime.name" value="OpenJDK Runtime Environment"/>
    <property name="file.encoding" value="ANSI_X3.4-1968"/>
    <property name="java.vm.name" value="OpenJDK 64-Bit Server VM"/>
    <property name="test.build.webapps" value=""/>
    <property name="localRepository" value="/home/user/.m2/repository"/>
    <property name="java.vendor.url.bug" value="http://bugreport.sun.com/bugreport/"/>
    <property name="java.io.tmpdir" value="/tmp"/>
    <property name="require.test.libhadoop" value=""/>
    <property name="java.version" value="1.8.0_222"/>
    <property name="user.dir" value="/workdir/hadoop-ozone/integration-test"/>
    <property name="os.arch" value="amd64"/>
    <property name="java.vm.specification.name" value="Java Virtual Machine Specification"/>
    <property name="test.build.classes" value="/workdir/hadoop-ozone/integration-test/target/test-classes"/>
    <property name="java.awt.printerjob" value="sun.print.PSPrinterJob"/>
    <property name="sun.os.patch.level" value="unknown"/>
    <property name="hadoop.tmp.dir" value="/workdir/hadoop-ozone/integration-test/target/tmp"/>
    <property name="java.library.path" value="/usr/lib:/workdir/hadoop-ozone/integration-test/target/native/target/usr/local/lib:/workdir/hadoop-ozone/integration-test/../../hadoop-common-project/hadoop-common/target/native/target/usr/local/lib:/usr/java/packages/lib/amd64:/usr/lib64:/lib64:/lib:/usr/lib"/>
    <property name="java.vm.info" value="mixed mode"/>
    <property name="java.vendor" value="Oracle Corporation"/>
    <property name="java.vm.version" value="25.222-b10"/>
    <property name="java.ext.dirs" value="/usr/lib/jvm/java-1.8.0-openjdk-1.8.0.222.b10-1.el7_7.x86_64/jre/lib/ext:/usr/java/packages/lib/ext"/>
    <property name="sun.io.unicode.encoding" value="UnicodeLittle"/>
    <property name="java.class.version" value="52.0"/>
  </properties>
  <testcase name="test" classname="org.apache.hadoop.ozone.scm.TestSCMContainerPlacementPolicyMetrics" time="86.621">
    <error message="test timed out after 60000 milliseconds" type="java.lang.Exception">java.lang.Exception: test timed out after 60000 milliseconds
	at sun.misc.Unsafe.park(Native Method)
	at java.util.concurrent.locks.LockSupport.park(LockSupport.java:175)
	at java.util.concurrent.CompletableFuture$Signaller.block(CompletableFuture.java:1693)
	at java.util.concurrent.ForkJoinPool.managedBlock(ForkJoinPool.java:3323)
	at java.util.concurrent.CompletableFuture.waitingGet(CompletableFuture.java:1729)
	at java.util.concurrent.CompletableFuture.get(CompletableFuture.java:1895)
	at org.apache.hadoop.hdds.scm.storage.BlockOutputStream.waitOnFlushFutures(BlockOutputStream.java:518)
	at org.apache.hadoop.hdds.scm.storage.BlockOutputStream.handleFlush(BlockOutputStream.java:481)
	at org.apache.hadoop.hdds.scm.storage.BlockOutputStream.close(BlockOutputStream.java:496)
	at org.apache.hadoop.ozone.client.io.BlockOutputStreamEntry.close(BlockOutputStreamEntry.java:143)
	at org.apache.hadoop.ozone.client.io.KeyOutputStream.handleFlushOrClose(KeyOutputStream.java:435)
	at org.apache.hadoop.ozone.client.io.KeyOutputStream.close(KeyOutputStream.java:473)
	at org.apache.hadoop.ozone.client.io.OzoneOutputStream.close(OzoneOutputStream.java:60)
	at org.apache.hadoop.ozone.scm.TestSCMContainerPlacementPolicyMetrics.test(TestSCMContainerPlacementPolicyMetrics.java:112)
	at sun.reflect.NativeMethodAccessorImpl.invoke0(Native Method)
	at sun.reflect.NativeMethodAccessorImpl.invoke(NativeMethodAccessorImpl.java:62)
	at sun.reflect.DelegatingMethodAccessorImpl.invoke(DelegatingMethodAccessorImpl.java:43)
	at java.lang.reflect.Method.invoke(Method.java:498)
	at org.junit.runners.model.FrameworkMethod$1.runReflectiveCall(FrameworkMethod.java:47)
	at org.junit.internal.runners.model.ReflectiveCallable.run(ReflectiveCallable.java:12)
	at org.junit.runners.model.FrameworkMethod.invokeExplosively(FrameworkMethod.java:44)
	at org.junit.internal.runners.statements.InvokeMethod.evaluate(InvokeMethod.java:17)
	at org.junit.internal.runners.statements.FailOnTimeout$StatementThread.run(FailOnTimeout.java:74)
</error>
    <system-out><![CDATA[2019-10-18 12:31:40,607 [main] WARN  server.ServerUtils (ServerUtils.java:getScmDbDir(145)) - ozone.scm.db.dirs is not configured. We recommend adding this setting. Falling back to ozone.metadata.dirs instead.
2019-10-18 12:31:41,539 [main] WARN  server.ServerUtils (ServerUtils.java:getScmDbDir(145)) - ozone.scm.db.dirs is not configured. We recommend adding this setting. Falling back to ozone.metadata.dirs instead.
2019-10-18 12:31:41,543 [main] WARN  server.ServerUtils (ServerUtils.java:getScmDbDir(145)) - ozone.scm.db.dirs is not configured. We recommend adding this setting. Falling back to ozone.metadata.dirs instead.
2019-10-18 12:31:41,573 [main] INFO  util.log (Log.java:initialized(192)) - Logging initialized @1705ms
2019-10-18 12:31:41,672 [main] INFO  db.DBStoreBuilder (DBStoreBuilder.java:addTable(117)) - using custom profile for table: deletedBlocks
2019-10-18 12:31:41,672 [main] INFO  db.DBStoreBuilder (DBStoreBuilder.java:processTables(168)) - Using default column profile:DBProfile.DISK for Table:deletedBlocks
2019-10-18 12:31:41,673 [main] INFO  db.DBStoreBuilder (DBStoreBuilder.java:addTable(117)) - using custom profile for table: validCerts
2019-10-18 12:31:41,673 [main] INFO  db.DBStoreBuilder (DBStoreBuilder.java:processTables(168)) - Using default column profile:DBProfile.DISK for Table:validCerts
2019-10-18 12:31:41,673 [main] INFO  db.DBStoreBuilder (DBStoreBuilder.java:addTable(117)) - using custom profile for table: revokedCerts
2019-10-18 12:31:41,674 [main] INFO  db.DBStoreBuilder (DBStoreBuilder.java:processTables(168)) - Using default column profile:DBProfile.DISK for Table:revokedCerts
2019-10-18 12:31:41,684 [main] INFO  db.DBStoreBuilder (DBStoreBuilder.java:addTable(117)) - using custom profile for table: default
2019-10-18 12:31:41,684 [main] INFO  db.DBStoreBuilder (DBStoreBuilder.java:processTables(174)) - Using default column profile:DBProfile.DISK for Table:default
2019-10-18 12:31:41,686 [main] INFO  db.DBStoreBuilder (DBStoreBuilder.java:getDbProfile(205)) - Using default options. DBProfile.DISK
2019-10-18 12:31:45,417 [main] INFO  net.NodeSchemaLoader (NodeSchemaLoader.java:loadSchemaFromFile(125)) - Loading file from sun.misc.CompoundEnumeration@75d4a5c2
2019-10-18 12:31:45,420 [main] INFO  net.NodeSchemaLoader (NodeSchemaLoader.java:loadSchema(171)) - Loading network topology layer schema file
2019-10-18 12:31:45,491 [main] WARN  server.ServerUtils (ServerUtils.java:sanitizeUserArgs(70)) - ozone.scm.stale.node.interval value = 300000 is larger than max = 100000 based on the key value of ozone.scm.heartbeat.thread.interval, reset to the max value 100000.
2019-10-18 12:31:45,493 [main] WARN  server.ServerUtils (ServerUtils.java:sanitizeUserArgs(70)) - ozone.scm.stale.node.interval value = 300000 is larger than max = 100000 based on the key value of ozone.scm.heartbeat.thread.interval, reset to the max value 100000.
2019-10-18 12:31:45,495 [main] INFO  node.SCMNodeManager (SCMNodeManager.java:<init>(116)) - Entering startup safe mode.
2019-10-18 12:31:45,550 [main] INFO  Configuration.deprecation (Configuration.java:logDeprecation(1394)) - hadoop.configured.node.mapping is deprecated. Instead, use net.topology.configured.node.mapping
2019-10-18 12:31:45,554 [main] INFO  algorithms.ContainerPlacementPolicyFactory (ContainerPlacementPolicyFactory.java:getPolicy(57)) - Create container placement policy of type org.apache.hadoop.hdds.scm.container.placement.algorithms.SCMContainerPlacementRackAware
2019-10-18 12:31:45,567 [main] WARN  server.ServerUtils (ServerUtils.java:getScmDbDir(145)) - ozone.scm.db.dirs is not configured. We recommend adding this setting. Falling back to ozone.metadata.dirs instead.
2019-10-18 12:31:45,737 [main] INFO  pipeline.SCMPipelineManager (SCMPipelineManager.java:initializePipelineState(132)) - No pipeline exists in current db
2019-10-18 12:31:45,739 [main] WARN  server.ServerUtils (ServerUtils.java:getScmDbDir(145)) - ozone.scm.db.dirs is not configured. We recommend adding this setting. Falling back to ozone.metadata.dirs instead.
2019-10-18 12:31:45,944 [main] WARN  events.EventQueue (EventQueue.java:fireEvent(183)) - No event handler registered for event TypedEvent{payloadType=SafeModeStatus, name='SafeModeStatus'}
2019-10-18 12:31:46,286 [main] INFO  ipc.CallQueueManager (CallQueueManager.java:<init>(84)) - Using callQueue: class java.util.concurrent.LinkedBlockingQueue, queueCapacity: 2000, scheduler: class org.apache.hadoop.ipc.DefaultRpcScheduler, ipcBackoff: false.
2019-10-18 12:31:46,311 [Socket Reader #1 for port 44204] INFO  ipc.Server (Server.java:run(1074)) - Starting Socket Reader #1 for port 44204
2019-10-18 12:31:46,433 [main] INFO  ipc.CallQueueManager (CallQueueManager.java:<init>(84)) - Using callQueue: class java.util.concurrent.LinkedBlockingQueue, queueCapacity: 2000, scheduler: class org.apache.hadoop.ipc.DefaultRpcScheduler, ipcBackoff: false.
2019-10-18 12:31:46,434 [Socket Reader #1 for port 44742] INFO  ipc.Server (Server.java:run(1074)) - Starting Socket Reader #1 for port 44742
2019-10-18 12:31:46,442 [main] INFO  ipc.CallQueueManager (CallQueueManager.java:<init>(84)) - Using callQueue: class java.util.concurrent.LinkedBlockingQueue, queueCapacity: 2000, scheduler: class org.apache.hadoop.ipc.DefaultRpcScheduler, ipcBackoff: false.
2019-10-18 12:31:46,443 [Socket Reader #1 for port 39213] INFO  ipc.Server (Server.java:run(1074)) - Starting Socket Reader #1 for port 39213
2019-10-18 12:31:46,464 [main] INFO  hdfs.DFSUtil (DFSUtil.java:httpServerTemplateForNNAndJN(1641)) - Starting Web-server for scm at: http://0.0.0.0:0
2019-10-18 12:31:46,665 [main] INFO  server.AuthenticationFilter (AuthenticationFilter.java:constructSecretProvider(240)) - Unable to initialize FileSignerSecretProvider, falling back to use random secrets.
2019-10-18 12:31:46,675 [main] WARN  http.HttpRequestLog (HttpRequestLog.java:getRequestLog(97)) - Jetty request log can only be enabled using Log4j
2019-10-18 12:31:46,685 [main] INFO  http.HttpServer2 (HttpServer2.java:addGlobalFilter(975)) - Added global filter 'safety' (class=org.apache.hadoop.http.HttpServer2$QuotingInputFilter)
2019-10-18 12:31:46,688 [main] INFO  http.HttpServer2 (HttpServer2.java:addFilter(948)) - Added filter static_user_filter (class=org.apache.hadoop.http.lib.StaticUserWebFilter$StaticUserFilter) to context scm
2019-10-18 12:31:46,688 [main] INFO  http.HttpServer2 (HttpServer2.java:addFilter(958)) - Added filter static_user_filter (class=org.apache.hadoop.http.lib.StaticUserWebFilter$StaticUserFilter) to context logs
2019-10-18 12:31:46,689 [main] INFO  http.HttpServer2 (HttpServer2.java:addFilter(958)) - Added filter static_user_filter (class=org.apache.hadoop.http.lib.StaticUserWebFilter$StaticUserFilter) to context static
2019-10-18 12:31:46,720 [main] INFO  server.StorageContainerManager (StorageContainerManager.java:start(772)) - StorageContainerLocationProtocol RPC server is listening at /0.0.0.0:39213
2019-10-18 12:31:46,780 [main] WARN  impl.MetricsConfig (MetricsConfig.java:loadFirst(134)) - Cannot locate configuration: tried hadoop-metrics2-storagecontainermanager.properties,hadoop-metrics2.properties
2019-10-18 12:31:46,793 [main] INFO  impl.MetricsSystemImpl (MetricsSystemImpl.java:startTimer(374)) - Scheduled Metric snapshot period at 10 second(s).
2019-10-18 12:31:46,794 [main] INFO  impl.MetricsSystemImpl (MetricsSystemImpl.java:start(191)) - StorageContainerManager metrics system started
2019-10-18 12:31:47,020 [main] INFO  server.SCMClientProtocolServer (SCMClientProtocolServer.java:start(159)) - RPC server for Client  is listening at /0.0.0.0:39213
2019-10-18 12:31:47,021 [IPC Server listener on 39213] INFO  ipc.Server (Server.java:run(1153)) - IPC Server listener on 39213: starting
2019-10-18 12:31:47,021 [IPC Server Responder] INFO  ipc.Server (Server.java:run(1314)) - IPC Server Responder: starting
2019-10-18 12:31:47,025 [main] INFO  server.StorageContainerManager (StorageContainerManager.java:start(782)) - ScmBlockLocationProtocol RPC server is listening at /0.0.0.0:44742
2019-10-18 12:31:47,026 [main] INFO  server.SCMBlockProtocolServer (SCMBlockProtocolServer.java:start(146)) - RPC server for Block Protocol is listening at /0.0.0.0:44742
2019-10-18 12:31:47,027 [IPC Server Responder] INFO  ipc.Server (Server.java:run(1314)) - IPC Server Responder: starting
2019-10-18 12:31:47,027 [IPC Server listener on 44742] INFO  ipc.Server (Server.java:run(1153)) - IPC Server listener on 44742: starting
2019-10-18 12:31:47,030 [main] INFO  server.StorageContainerManager (StorageContainerManager.java:start(786)) - ScmDatanodeProtocl RPC server is listening at /0.0.0.0:44204
2019-10-18 12:31:47,030 [main] INFO  server.SCMDatanodeProtocolServer (SCMDatanodeProtocolServer.java:start(169)) - RPC server for DataNodes is listening at /0.0.0.0:44204
2019-10-18 12:31:47,031 [IPC Server Responder] INFO  ipc.Server (Server.java:run(1314)) - IPC Server Responder: starting
2019-10-18 12:31:47,031 [IPC Server listener on 44204] INFO  ipc.Server (Server.java:run(1153)) - IPC Server listener on 44204: starting
2019-10-18 12:31:47,035 [main] INFO  http.HttpServer2 (HttpServer2.java:bindListener(1191)) - Jetty bound to port 34422
2019-10-18 12:31:47,037 [main] INFO  server.Server (Server.java:doStart(351)) - jetty-9.3.25.v20180904, build timestamp: 2018-09-04T21:11:46Z, git hash: 3ce520221d0240229c862b122d2b06c12a625732
2019-10-18 12:31:47,074 [main] INFO  handler.ContextHandler (ContextHandler.java:doStart(781)) - Started o.e.j.s.ServletContextHandler@a43ce46{/logs,file:///workdir/hadoop-ozone/integration-test/target/log,AVAILABLE}
2019-10-18 12:31:47,075 [main] INFO  handler.ContextHandler (ContextHandler.java:doStart(781)) - Started o.e.j.s.ServletContextHandler@424ebba3{/static,file:///workdir/hadoop-ozone/integration-test/target/test-classes/webapps/static,AVAILABLE}
2019-10-18 12:31:47,106 [main] INFO  handler.ContextHandler (ContextHandler.java:doStart(781)) - Started o.e.j.w.WebAppContext@7fb9f71f{/,file:///workdir/hadoop-ozone/integration-test/target/test-classes/webapps/scm/,AVAILABLE}{/scm}
2019-10-18 12:31:47,112 [main] INFO  server.AbstractConnector (AbstractConnector.java:doStart(278)) - Started ServerConnector@407cf41{HTTP/1.1,[http/1.1]}{0.0.0.0:34422}
2019-10-18 12:31:47,112 [main] INFO  server.Server (Server.java:doStart(419)) - Started @7244ms
2019-10-18 12:31:47,114 [main] INFO  impl.MetricsSinkAdapter (MetricsSinkAdapter.java:start(204)) - Sink prometheus started
2019-10-18 12:31:47,114 [main] INFO  impl.MetricsSystemImpl (MetricsSystemImpl.java:registerSink(301)) - Registered sink prometheus
2019-10-18 12:31:47,116 [main] INFO  server.BaseHttpServer (BaseHttpServer.java:updateConnectorAddress(215)) - HTTP server of SCM is listening at http://0.0.0.0:34422
2019-10-18 12:31:47,127 [org.apache.hadoop.util.JvmPauseMonitor$Monitor@5922ae77] INFO  util.JvmPauseMonitor (JvmPauseMonitor.java:run(188)) - Starting JVM pause monitor
2019-10-18 12:31:47,132 [main] WARN  server.ServerUtils (ServerUtils.java:getDBPath(222)) - ozone.om.db.dirs is not configured. We recommend adding this setting. Falling back to ozone.metadata.dirs instead.
2019-10-18 12:31:47,410 [main] INFO  ha.OMHANodeDetails (OMHANodeDetails.java:loadOMHAConfig(190)) - Configuration either no ozone.om.address set. Falling back to the default OM address /127.0.0.1:0
2019-10-18 12:31:47,410 [main] INFO  ha.OMHANodeDetails (OMHANodeDetails.java:getOMNodeDetails(220)) - OM Service ID is not set. Setting it to the default ID: omServiceIdDefault
2019-10-18 12:31:47,412 [main] WARN  server.ServerUtils (ServerUtils.java:getDBPath(222)) - ozone.om.db.dirs is not configured. We recommend adding this setting. Falling back to ozone.metadata.dirs instead.
2019-10-18 12:31:47,413 [main] WARN  server.ServerUtils (ServerUtils.java:getDBPath(222)) - ozone.om.db.dirs is not configured. We recommend adding this setting. Falling back to ozone.metadata.dirs instead.
2019-10-18 12:31:48,051 [main] WARN  server.ServerUtils (ServerUtils.java:getDBPath(222)) - ozone.om.db.dirs is not configured. We recommend adding this setting. Falling back to ozone.metadata.dirs instead.
2019-10-18 12:31:48,059 [main] INFO  db.DBStoreBuilder (DBStoreBuilder.java:addTable(117)) - using custom profile for table: userTable
2019-10-18 12:31:48,059 [main] INFO  db.DBStoreBuilder (DBStoreBuilder.java:processTables(168)) - Using default column profile:DBProfile.DISK for Table:userTable
2019-10-18 12:31:48,060 [main] INFO  db.DBStoreBuilder (DBStoreBuilder.java:addTable(117)) - using custom profile for table: volumeTable
2019-10-18 12:31:48,060 [main] INFO  db.DBStoreBuilder (DBStoreBuilder.java:processTables(168)) - Using default column profile:DBProfile.DISK for Table:volumeTable
2019-10-18 12:31:48,061 [main] INFO  db.DBStoreBuilder (DBStoreBuilder.java:addTable(117)) - using custom profile for table: bucketTable
2019-10-18 12:31:48,061 [main] INFO  db.DBStoreBuilder (DBStoreBuilder.java:processTables(168)) - Using default column profile:DBProfile.DISK for Table:bucketTable
2019-10-18 12:31:48,061 [main] INFO  db.DBStoreBuilder (DBStoreBuilder.java:addTable(117)) - using custom profile for table: keyTable
2019-10-18 12:31:48,062 [main] INFO  db.DBStoreBuilder (DBStoreBuilder.java:processTables(168)) - Using default column profile:DBProfile.DISK for Table:keyTable
2019-10-18 12:31:48,062 [main] INFO  db.DBStoreBuilder (DBStoreBuilder.java:addTable(117)) - using custom profile for table: deletedTable
2019-10-18 12:31:48,063 [main] INFO  db.DBStoreBuilder (DBStoreBuilder.java:processTables(168)) - Using default column profile:DBProfile.DISK for Table:deletedTable
2019-10-18 12:31:48,063 [main] INFO  db.DBStoreBuilder (DBStoreBuilder.java:addTable(117)) - using custom profile for table: openKeyTable
2019-10-18 12:31:48,063 [main] INFO  db.DBStoreBuilder (DBStoreBuilder.java:processTables(168)) - Using default column profile:DBProfile.DISK for Table:openKeyTable
2019-10-18 12:31:48,064 [main] INFO  db.DBStoreBuilder (DBStoreBuilder.java:addTable(117)) - using custom profile for table: s3Table
2019-10-18 12:31:48,064 [main] INFO  db.DBStoreBuilder (DBStoreBuilder.java:processTables(168)) - Using default column profile:DBProfile.DISK for Table:s3Table
2019-10-18 12:31:48,065 [main] INFO  db.DBStoreBuilder (DBStoreBuilder.java:addTable(117)) - using custom profile for table: multipartInfoTable
2019-10-18 12:31:48,065 [main] INFO  db.DBStoreBuilder (DBStoreBuilder.java:processTables(168)) - Using default column profile:DBProfile.DISK for Table:multipartInfoTable
2019-10-18 12:31:48,066 [main] INFO  db.DBStoreBuilder (DBStoreBuilder.java:addTable(117)) - using custom profile for table: dTokenTable
2019-10-18 12:31:48,066 [main] INFO  db.DBStoreBuilder (DBStoreBuilder.java:processTables(168)) - Using default column profile:DBProfile.DISK for Table:dTokenTable
2019-10-18 12:31:48,066 [main] INFO  db.DBStoreBuilder (DBStoreBuilder.java:addTable(117)) - using custom profile for table: s3SecretTable
2019-10-18 12:31:48,067 [main] INFO  db.DBStoreBuilder (DBStoreBuilder.java:processTables(168)) - Using default column profile:DBProfile.DISK for Table:s3SecretTable
2019-10-18 12:31:48,067 [main] INFO  db.DBStoreBuilder (DBStoreBuilder.java:addTable(117)) - using custom profile for table: prefixTable
2019-10-18 12:31:48,068 [main] INFO  db.DBStoreBuilder (DBStoreBuilder.java:processTables(168)) - Using default column profile:DBProfile.DISK for Table:prefixTable
2019-10-18 12:31:48,068 [main] INFO  db.DBStoreBuilder (DBStoreBuilder.java:addTable(117)) - using custom profile for table: default
2019-10-18 12:31:48,068 [main] INFO  db.DBStoreBuilder (DBStoreBuilder.java:processTables(174)) - Using default column profile:DBProfile.DISK for Table:default
2019-10-18 12:31:48,069 [main] INFO  db.DBStoreBuilder (DBStoreBuilder.java:getDbProfile(205)) - Using default options. DBProfile.DISK
2019-10-18 12:31:48,917 [main] WARN  scm.HddsServerUtil (HddsServerUtil.java:getDefaultRatisDirectory(354)) - Storage directory for Ratis is not configured. It is a good idea to map this to an SSD disk. Falling back to ozone.metadata.dirs
2019-10-18 12:31:48,944 [main] INFO  ratis.OzoneManagerRatisServer (OzoneManagerRatisServer.java:<init>(243)) - Instantiating OM Ratis server with GroupID: omServiceIdDefault and Raft Peers: localhost:9872
2019-10-18 12:31:48,969 [main] INFO  impl.RaftServerProxy (ConfUtils.java:logGet(43)) - raft.rpc.type = GRPC (default)
2019-10-18 12:31:49,144 [main] INFO  grpc.GrpcFactory (GrpcFactory.java:checkPooledByteBufAllocatorUseCacheForAllThreads(45)) - PERFORMANCE WARNING: useCacheForAllThreads is true that may cause Netty to create a lot garbage objects and, as a result, trigger GC.
	It is recommended to disable useCacheForAllThreads by setting -Dorg.apache.ratis.thirdparty.io.netty.allocator.useCacheForAllThreads=false in command line.
2019-10-18 12:31:49,150 [main] INFO  grpc.GrpcConfigKeys$Server (ConfUtils.java:logGet(43)) - raft.grpc.server.port = 9872 (custom)
2019-10-18 12:31:49,151 [main] INFO  server.GrpcService (ConfUtils.java:logGet(43)) - raft.grpc.message.size.max = 33554432 (custom)
2019-10-18 12:31:49,152 [main] INFO  server.RaftServerConfigKeys (ConfUtils.java:logGet(43)) - raft.server.log.appender.buffer.byte-limit = 33554432 (custom)
2019-10-18 12:31:49,153 [main] INFO  server.GrpcService (ConfUtils.java:logGet(43)) - raft.grpc.flow.control.window = 1MB (=1048576) (default)
2019-10-18 12:31:49,154 [main] INFO  server.RaftServerConfigKeys (ConfUtils.java:logGet(43)) - raft.server.rpc.request.timeout = 3000ms (default)
2019-10-18 12:31:49,297 [main] INFO  server.RaftServerConfigKeys (ConfUtils.java:logGet(43)) - raft.server.storage.dir = [/workdir/hadoop-ozone/integration-test/target/test-dir/MiniOzoneClusterImpl-09368371-5dcc-462f-b108-fe46c3d39f8a/ozone-meta/ratis] (custom)
2019-10-18 12:31:49,303 [main] INFO  impl.RaftServerProxy (RaftServerProxy.java:addNew(89)) - 7c291693-f69f-4356-8469-be1934822de0: addNew group-C5BA1605619E:[7c291693-f69f-4356-8469-be1934822de0:localhost:9872] returns group-C5BA1605619E:java.util.concurrent.CompletableFuture@69fa8e76[Not completed]
2019-10-18 12:31:49,304 [main] INFO  om.OzoneManager (OzoneManager.java:initializeRatisServer(1220)) - OzoneManager Ratis server initialized at port 9872
2019-10-18 12:31:49,307 [main] WARN  scm.HddsServerUtil (HddsServerUtil.java:getDefaultRatisDirectory(354)) - Storage directory for Ratis is not configured. It is a good idea to map this to an SSD disk. Falling back to ozone.metadata.dirs
2019-10-18 12:31:49,307 [main] WARN  scm.HddsServerUtil (HddsServerUtil.java:getDefaultRatisDirectory(354)) - Storage directory for Ratis is not configured. It is a good idea to map this to an SSD disk. Falling back to ozone.metadata.dirs
2019-10-18 12:31:49,318 [pool-22-thread-1] INFO  impl.RaftServerImpl (RaftServerImpl.java:<init>(104)) - 7c291693-f69f-4356-8469-be1934822de0: new RaftServerImpl for group-C5BA1605619E:[7c291693-f69f-4356-8469-be1934822de0:localhost:9872] with OzoneManagerStateMachine:uninitialized
2019-10-18 12:31:49,321 [pool-22-thread-1] INFO  server.RaftServerConfigKeys (ConfUtils.java:logGet(43)) - raft.server.rpc.timeout.min = 1s (custom)
2019-10-18 12:31:49,321 [pool-22-thread-1] INFO  server.RaftServerConfigKeys (ConfUtils.java:logGet(43)) - raft.server.rpc.timeout.max = 1200ms (custom)
2019-10-18 12:31:49,322 [pool-22-thread-1] INFO  server.RaftServerConfigKeys (ConfUtils.java:logGet(43)) - raft.server.rpcslowness.timeout = 120s (custom)
2019-10-18 12:31:49,322 [main] INFO  ipc.CallQueueManager (CallQueueManager.java:<init>(84)) - Using callQueue: class java.util.concurrent.LinkedBlockingQueue, queueCapacity: 2000, scheduler: class org.apache.hadoop.ipc.DefaultRpcScheduler, ipcBackoff: false.
2019-10-18 12:31:49,323 [pool-22-thread-1] INFO  server.RaftServerConfigKeys (ConfUtils.java:logGet(43)) - raft.server.sleep.deviation.threshold = 300 (default)
2019-10-18 12:31:49,323 [Socket Reader #1 for port 37445] INFO  ipc.Server (Server.java:run(1074)) - Starting Socket Reader #1 for port 37445
2019-10-18 12:31:49,324 [pool-22-thread-1] INFO  server.RaftServerConfigKeys (ConfUtils.java:logGet(43)) - raft.server.log.appender.install.snapshot.enabled = false (custom)
2019-10-18 12:31:49,334 [pool-22-thread-1] INFO  impl.RaftServerImpl (ServerState.java:<init>(103)) - 7c291693-f69f-4356-8469-be1934822de0@group-C5BA1605619E: ConfigurationManager, init=-1: [7c291693-f69f-4356-8469-be1934822de0:localhost:9872], old=null, confs=<EMPTY_MAP>
2019-10-18 12:31:49,335 [pool-22-thread-1] INFO  server.RaftServerConfigKeys (ConfUtils.java:logGet(43)) - raft.server.storage.dir = [/workdir/hadoop-ozone/integration-test/target/test-dir/MiniOzoneClusterImpl-09368371-5dcc-462f-b108-fe46c3d39f8a/ozone-meta/ratis] (custom)
2019-10-18 12:31:49,344 [main] INFO  om.OzoneManager (OzoneManager.java:start(1074)) - OzoneManager RPC server is listening at localhost/127.0.0.1:37445
2019-10-18 12:31:49,344 [main] INFO  impl.MetricsSystemImpl (MetricsSystemImpl.java:init(158)) - OzoneManager metrics system started (again)
2019-10-18 12:31:49,344 [main] INFO  ratis.OzoneManagerRatisServer (OzoneManagerRatisServer.java:start(333)) - Starting OzoneManagerRatisServer 7c291693-f69f-4356-8469-be1934822de0 at port 9872
2019-10-18 12:31:49,346 [pool-22-thread-1] INFO  server.RaftServerConfigKeys (ConfUtils.java:logGet(43)) - raft.server.log.corruption.policy = EXCEPTION (default)
2019-10-18 12:31:49,348 [pool-22-thread-1] INFO  storage.RaftStorageDirectory (RaftStorageDirectory.java:analyzeStorage(246)) - The storage directory /workdir/hadoop-ozone/integration-test/target/test-dir/MiniOzoneClusterImpl-09368371-5dcc-462f-b108-fe46c3d39f8a/ozone-meta/ratis/bf265839-605b-3f16-9796-c5ba1605619e does not exist. Creating ...
2019-10-18 12:31:49,376 [pool-22-thread-1] INFO  storage.RaftStorageDirectory (RaftStorageDirectory.java:tryLock(328)) - Lock on /workdir/hadoop-ozone/integration-test/target/test-dir/MiniOzoneClusterImpl-09368371-5dcc-462f-b108-fe46c3d39f8a/ozone-meta/ratis/bf265839-605b-3f16-9796-c5ba1605619e/in_use.lock acquired by nodename 7691@pr-hdds-2330-xmbvw-1183399999
2019-10-18 12:31:49,402 [pool-22-thread-1] INFO  storage.RaftStorage (RaftStorage.java:format(84)) - Storage directory /workdir/hadoop-ozone/integration-test/target/test-dir/MiniOzoneClusterImpl-09368371-5dcc-462f-b108-fe46c3d39f8a/ozone-meta/ratis/bf265839-605b-3f16-9796-c5ba1605619e has been successfully formatted.
2019-10-18 12:31:49,406 [pool-22-thread-1] INFO  server.RaftServerConfigKeys (ConfUtils.java:logGet(43)) - raft.server.notification.no-leader.timeout = 120s (custom)
2019-10-18 12:31:49,408 [pool-22-thread-1] INFO  server.RaftServerConfigKeys (ConfUtils.java:logGet(43)) - raft.server.log.use.memory = false (default)
2019-10-18 12:31:49,414 [pool-22-thread-1] INFO  server.RaftServerConfigKeys (ConfUtils.java:logGet(43)) - raft.server.log.purge.gap = 1000000 (custom)
2019-10-18 12:31:49,414 [pool-22-thread-1] INFO  server.RaftServerConfigKeys (ConfUtils.java:logGet(43)) - raft.server.log.appender.buffer.byte-limit = 33554432 (custom)
2019-10-18 12:31:49,416 [pool-22-thread-1] INFO  server.RaftServerConfigKeys (ConfUtils.java:logGet(43)) - raft.server.log.segment.size.max = 16384 (custom)
2019-10-18 12:31:49,418 [pool-22-thread-1] INFO  impl.MetricsSystemImpl (MetricsSystemImpl.java:init(158)) - ratis metrics system started (again)
2019-10-18 12:31:49,421 [pool-22-thread-1] INFO  metrics.MetricRegistries (MetricRegistriesLoader.java:load(64)) - Loaded MetricRegistries class org.apache.ratis.metrics.impl.MetricRegistriesImpl
2019-10-18 12:31:49,466 [pool-22-thread-1] INFO  server.RaftServerConfigKeys (ConfUtils.java:logGet(43)) - raft.server.log.segment.cache.num.max = 2 (custom)
2019-10-18 12:31:49,471 [pool-22-thread-1] INFO  segmented.SegmentedRaftLogWorker (SegmentedRaftLogWorker.java:<init>(173)) - new 7c291693-f69f-4356-8469-be1934822de0@group-C5BA1605619E-SegmentedRaftLogWorker for RaftStorage:Storage Directory /workdir/hadoop-ozone/integration-test/target/test-dir/MiniOzoneClusterImpl-09368371-5dcc-462f-b108-fe46c3d39f8a/ozone-meta/ratis/bf265839-605b-3f16-9796-c5ba1605619e
2019-10-18 12:31:49,472 [pool-22-thread-1] INFO  server.RaftServerConfigKeys (ConfUtils.java:logGet(43)) - raft.server.log.queue.byte-limit = 64MB (=67108864) (default)
2019-10-18 12:31:49,472 [pool-22-thread-1] INFO  server.RaftServerConfigKeys (ConfUtils.java:logGet(43)) - raft.server.log.queue.element-limit = 4096 (default)
2019-10-18 12:31:49,474 [pool-22-thread-1] INFO  server.RaftServerConfigKeys (ConfUtils.java:logGet(43)) - raft.server.log.segment.size.max = 16384 (custom)
2019-10-18 12:31:49,474 [pool-22-thread-1] INFO  server.RaftServerConfigKeys (ConfUtils.java:logGet(43)) - raft.server.log.preallocated.size = 16384 (custom)
2019-10-18 12:31:49,474 [pool-22-thread-1] INFO  server.RaftServerConfigKeys (ConfUtils.java:logGet(43)) - raft.server.log.write.buffer.size = 64KB (=65536) (default)
2019-10-18 12:31:49,475 [pool-22-thread-1] INFO  server.RaftServerConfigKeys (ConfUtils.java:logGet(43)) - raft.server.log.force.sync.num = 128 (default)
2019-10-18 12:31:49,476 [pool-22-thread-1] INFO  server.RaftServerConfigKeys (ConfUtils.java:logGet(43)) - raft.server.log.statemachine.data.sync = true (default)
2019-10-18 12:31:49,477 [pool-22-thread-1] INFO  server.RaftServerConfigKeys (ConfUtils.java:logGet(43)) - raft.server.log.statemachine.data.sync.timeout = 10s (default)
2019-10-18 12:31:49,477 [pool-22-thread-1] INFO  server.RaftServerConfigKeys (ConfUtils.java:logGet(43)) - raft.server.log.statemachine.data.sync.timeout.retry = -1 (default)
2019-10-18 12:31:49,491 [pool-22-thread-1] INFO  server.RaftServerConfigKeys (ConfUtils.java:logGet(43)) - raft.server.log.statemachine.data.caching.enabled = false (default)
2019-10-18 12:31:49,496 [pool-22-thread-1] INFO  segmented.SegmentedRaftLogWorker (SegmentedRaftLogWorker.java:lambda$new$0(128)) - 7c291693-f69f-4356-8469-be1934822de0@group-C5BA1605619E-SegmentedRaftLogWorker: flushIndex: setUnconditionally 0 -> -1
2019-10-18 12:31:49,500 [pool-22-thread-1] INFO  server.RaftServerConfigKeys (ConfUtils.java:logGet(43)) - raft.server.snapshot.auto.trigger.enabled = true (custom)
2019-10-18 12:31:49,502 [pool-22-thread-1] INFO  server.RaftServerConfigKeys (ConfUtils.java:logGet(43)) - raft.server.snapshot.auto.trigger.threshold = 400000 (default)
2019-10-18 12:31:49,509 [pool-22-thread-1] INFO  server.RaftServerConfigKeys (ConfUtils.java:logGet(43)) - raft.server.snapshot.retention.file.num = -1 (default)
2019-10-18 12:31:49,510 [pool-22-thread-1] INFO  server.RaftServerConfigKeys (ConfUtils.java:logGet(43)) - raft.server.retrycache.expirytime = 600000ms (custom)
2019-10-18 12:31:49,547 [main] INFO  impl.RaftServerImpl (RaftServerImpl.java:start(195)) - 7c291693-f69f-4356-8469-be1934822de0@group-C5BA1605619E: start as a follower, conf=-1: [7c291693-f69f-4356-8469-be1934822de0:localhost:9872], old=null
2019-10-18 12:31:49,550 [main] INFO  impl.RaftServerImpl (RaftServerImpl.java:setRole(184)) - 7c291693-f69f-4356-8469-be1934822de0@group-C5BA1605619E: changes role from      null to FOLLOWER at term 0 for startAsFollower
2019-10-18 12:31:49,552 [main] INFO  impl.RoleInfo (RoleInfo.java:updateAndGet(143)) - 7c291693-f69f-4356-8469-be1934822de0: start FollowerState
2019-10-18 12:31:49,556 [main] INFO  util.JmxRegister (JmxRegister.java:tryRegister(44)) - Successfully registered JMX Bean with object name Ratis:service=RaftServer,group=group-C5BA1605619E,id=7c291693-f69f-4356-8469-be1934822de0
2019-10-18 12:31:49,577 [main] INFO  impl.RaftServerProxy (RaftServerProxy.java:lambda$start$3(299)) - 7c291693-f69f-4356-8469-be1934822de0: start RPC server
2019-10-18 12:31:49,688 [main] INFO  server.GrpcService (GrpcService.java:startImpl(158)) - 7c291693-f69f-4356-8469-be1934822de0: GrpcService started, listening on 0.0.0.0/0.0.0.0:9872
2019-10-18 12:31:49,700 [IPC Server Responder] INFO  ipc.Server (Server.java:run(1314)) - IPC Server Responder: starting
2019-10-18 12:31:49,700 [IPC Server listener on 37445] INFO  ipc.Server (Server.java:run(1153)) - IPC Server listener on 37445: starting
2019-10-18 12:31:49,708 [main] INFO  hdfs.DFSUtil (DFSUtil.java:httpServerTemplateForNNAndJN(1641)) - Starting Web-server for ozoneManager at: http://0.0.0.0:0
2019-10-18 12:31:49,713 [main] INFO  server.AuthenticationFilter (AuthenticationFilter.java:constructSecretProvider(240)) - Unable to initialize FileSignerSecretProvider, falling back to use random secrets.
2019-10-18 12:31:49,715 [main] WARN  http.HttpRequestLog (HttpRequestLog.java:getRequestLog(97)) - Jetty request log can only be enabled using Log4j
2019-10-18 12:31:49,719 [main] INFO  http.HttpServer2 (HttpServer2.java:addGlobalFilter(975)) - Added global filter 'safety' (class=org.apache.hadoop.http.HttpServer2$QuotingInputFilter)
2019-10-18 12:31:49,721 [main] INFO  http.HttpServer2 (HttpServer2.java:addFilter(948)) - Added filter static_user_filter (class=org.apache.hadoop.http.lib.StaticUserWebFilter$StaticUserFilter) to context ozoneManager
2019-10-18 12:31:49,722 [main] INFO  http.HttpServer2 (HttpServer2.java:addFilter(958)) - Added filter static_user_filter (class=org.apache.hadoop.http.lib.StaticUserWebFilter$StaticUserFilter) to context logs
2019-10-18 12:31:49,722 [main] INFO  http.HttpServer2 (HttpServer2.java:addFilter(958)) - Added filter static_user_filter (class=org.apache.hadoop.http.lib.StaticUserWebFilter$StaticUserFilter) to context static
2019-10-18 12:31:49,728 [main] INFO  http.HttpServer2 (HttpServer2.java:bindListener(1191)) - Jetty bound to port 37960
2019-10-18 12:31:49,729 [main] INFO  server.Server (Server.java:doStart(351)) - jetty-9.3.25.v20180904, build timestamp: 2018-09-04T21:11:46Z, git hash: 3ce520221d0240229c862b122d2b06c12a625732
2019-10-18 12:31:49,732 [main] INFO  handler.ContextHandler (ContextHandler.java:doStart(781)) - Started o.e.j.s.ServletContextHandler@5fe7f967{/logs,file:///workdir/hadoop-ozone/integration-test/target/log,AVAILABLE}
2019-10-18 12:31:49,733 [main] INFO  handler.ContextHandler (ContextHandler.java:doStart(781)) - Started o.e.j.s.ServletContextHandler@2caa5d7c{/static,file:///workdir/hadoop-ozone/integration-test/target/test-classes/webapps/static,AVAILABLE}
2019-10-18 12:31:49,739 [Thread-93] INFO  impl.FollowerState (FollowerState.java:run(108)) - 7c291693-f69f-4356-8469-be1934822de0@group-C5BA1605619E-FollowerState: change to CANDIDATE, lastRpcTime:187ms, electionTimeout:186ms
2019-10-18 12:31:49,740 [Thread-93] INFO  impl.RoleInfo (RoleInfo.java:shutdownFollowerState(121)) - 7c291693-f69f-4356-8469-be1934822de0: shutdown FollowerState
2019-10-18 12:31:49,741 [Thread-93] INFO  impl.RaftServerImpl (RaftServerImpl.java:setRole(184)) - 7c291693-f69f-4356-8469-be1934822de0@group-C5BA1605619E: changes role from  FOLLOWER to CANDIDATE at term 0 for changeToCandidate
2019-10-18 12:31:49,742 [main] INFO  handler.ContextHandler (ContextHandler.java:doStart(781)) - Started o.e.j.w.WebAppContext@5633dafd{/,file:///workdir/hadoop-ozone/integration-test/target/test-classes/webapps/ozoneManager/,AVAILABLE}{/ozoneManager}
2019-10-18 12:31:49,744 [Thread-93] INFO  impl.RoleInfo (RoleInfo.java:updateAndGet(143)) - 7c291693-f69f-4356-8469-be1934822de0: start LeaderElection
2019-10-18 12:31:49,744 [main] INFO  server.AbstractConnector (AbstractConnector.java:doStart(278)) - Started ServerConnector@5d5160e6{HTTP/1.1,[http/1.1]}{0.0.0.0:37960}
2019-10-18 12:31:49,745 [main] INFO  server.Server (Server.java:doStart(419)) - Started @9877ms
2019-10-18 12:31:49,746 [main] WARN  impl.MetricsSystemImpl (MetricsSystemImpl.java:register(276)) - Sink prometheus already exists!
2019-10-18 12:31:49,748 [main] INFO  server.BaseHttpServer (BaseHttpServer.java:updateConnectorAddress(215)) - HTTP server of OZONEMANAGER is listening at http://0.0.0.0:37960
2019-10-18 12:31:49,769 [7c291693-f69f-4356-8469-be1934822de0@group-C5BA1605619E-LeaderElection1] INFO  impl.LeaderElection (LeaderElection.java:askForVotes(178)) - 7c291693-f69f-4356-8469-be1934822de0@group-C5BA1605619E-LeaderElection1: begin an election at term 1 for -1: [7c291693-f69f-4356-8469-be1934822de0:localhost:9872], old=null
2019-10-18 12:31:49,771 [7c291693-f69f-4356-8469-be1934822de0@group-C5BA1605619E-LeaderElection1] INFO  impl.RoleInfo (RoleInfo.java:shutdownLeaderElection(134)) - 7c291693-f69f-4356-8469-be1934822de0: shutdown LeaderElection
2019-10-18 12:31:49,771 [7c291693-f69f-4356-8469-be1934822de0@group-C5BA1605619E-LeaderElection1] INFO  impl.RaftServerImpl (RaftServerImpl.java:setRole(184)) - 7c291693-f69f-4356-8469-be1934822de0@group-C5BA1605619E: changes role from CANDIDATE to LEADER at term 1 for changeToLeader
2019-10-18 12:31:49,771 [7c291693-f69f-4356-8469-be1934822de0@group-C5BA1605619E-LeaderElection1] INFO  impl.RaftServerImpl (ServerState.java:setLeader(256)) - 7c291693-f69f-4356-8469-be1934822de0@group-C5BA1605619E: change Leader from null to 7c291693-f69f-4356-8469-be1934822de0 at term 1 for becomeLeader, leader elected after 365ms
2019-10-18 12:31:49,777 [7c291693-f69f-4356-8469-be1934822de0@group-C5BA1605619E-LeaderElection1] INFO  server.RaftServerConfigKeys (ConfUtils.java:logGet(43)) - raft.server.staging.catchup.gap = 1000 (default)
2019-10-18 12:31:49,777 [7c291693-f69f-4356-8469-be1934822de0@group-C5BA1605619E-LeaderElection1] INFO  server.RaftServerConfigKeys (ConfUtils.java:logGet(43)) - raft.server.rpc.sleep.time = 25ms (default)
2019-10-18 12:31:49,781 [7c291693-f69f-4356-8469-be1934822de0@group-C5BA1605619E-LeaderElection1] INFO  server.RaftServerConfigKeys (ConfUtils.java:logGet(43)) - raft.server.write.element-limit = 4096 (default)
2019-10-18 12:31:49,785 [7c291693-f69f-4356-8469-be1934822de0@group-C5BA1605619E-LeaderElection1] INFO  server.RaftServerConfigKeys (ConfUtils.java:logGet(43)) - raft.server.watch.timeout = 10s (default)
2019-10-18 12:31:49,785 [7c291693-f69f-4356-8469-be1934822de0@group-C5BA1605619E-LeaderElection1] INFO  server.RaftServerConfigKeys (ConfUtils.java:logGet(43)) - raft.server.watch.timeout.denomination = 1s (default)
2019-10-18 12:31:49,786 [7c291693-f69f-4356-8469-be1934822de0@group-C5BA1605619E-LeaderElection1] INFO  server.RaftServerConfigKeys (ConfUtils.java:logGet(43)) - raft.server.watch.element-limit = 65536 (default)
2019-10-18 12:31:49,809 [7c291693-f69f-4356-8469-be1934822de0@group-C5BA1605619E-LeaderElection1] INFO  impl.RoleInfo (RoleInfo.java:updateAndGet(143)) - 7c291693-f69f-4356-8469-be1934822de0: start LeaderState
2019-10-18 12:31:49,825 [7c291693-f69f-4356-8469-be1934822de0@group-C5BA1605619E-LeaderElection1] INFO  segmented.SegmentedRaftLogWorker (SegmentedRaftLogWorker.java:startLogSegment(385)) - 7c291693-f69f-4356-8469-be1934822de0@group-C5BA1605619E-SegmentedRaftLogWorker: Starting segment from index:0
2019-10-18 12:31:49,842 [7c291693-f69f-4356-8469-be1934822de0@group-C5BA1605619E-LeaderElection1] INFO  impl.RaftServerImpl (ServerState.java:setRaftConf(357)) - 7c291693-f69f-4356-8469-be1934822de0@group-C5BA1605619E: set configuration 0: [7c291693-f69f-4356-8469-be1934822de0:localhost:9872], old=null at 0
2019-10-18 12:31:49,907 [main] INFO  impl.MetricsSystemImpl (MetricsSystemImpl.java:init(158)) - HddsDatanode metrics system started (again)
2019-10-18 12:31:49,950 [main] INFO  ozone.HddsDatanodeService (HddsDatanodeService.java:start(184)) - HddsDatanodeService host:pr-hdds-2330-xmbvw-1183399999 ip:192.168.34.56
2019-10-18 12:31:49,979 [main] INFO  volume.HddsVolume (HddsVolume.java:<init>(176)) - Creating Volume: /workdir/hadoop-ozone/integration-test/target/test-dir/MiniOzoneClusterImpl-09368371-5dcc-462f-b108-fe46c3d39f8a/datanode-0/data/containers/hdds of  storage type : DISK and capacity : 1482555576320
2019-10-18 12:31:49,980 [main] INFO  volume.VolumeSet (VolumeSet.java:initializeVolumeSet(170)) - Added Volume : /workdir/hadoop-ozone/integration-test/target/test-dir/MiniOzoneClusterImpl-09368371-5dcc-462f-b108-fe46c3d39f8a/datanode-0/data/containers/hdds to VolumeSet
2019-10-18 12:31:49,983 [main] INFO  volume.ThrottledAsyncChecker (ThrottledAsyncChecker.java:schedule(141)) - Scheduling a check for /workdir/hadoop-ozone/integration-test/target/test-dir/MiniOzoneClusterImpl-09368371-5dcc-462f-b108-fe46c3d39f8a/datanode-0/data/containers/hdds
2019-10-18 12:31:49,998 [main] INFO  volume.HddsVolumeChecker (HddsVolumeChecker.java:checkAllVolumes(204)) - Scheduled health check for volume /workdir/hadoop-ozone/integration-test/target/test-dir/MiniOzoneClusterImpl-09368371-5dcc-462f-b108-fe46c3d39f8a/datanode-0/data/containers/hdds
2019-10-18 12:31:50,012 [7c291693-f69f-4356-8469-be1934822de0@group-C5BA1605619E-SegmentedRaftLogWorker] INFO  segmented.SegmentedRaftLogWorker (SegmentedRaftLogWorker.java:execute(576)) - 7c291693-f69f-4356-8469-be1934822de0@group-C5BA1605619E-SegmentedRaftLogWorker: created new log segment /workdir/hadoop-ozone/integration-test/target/test-dir/MiniOzoneClusterImpl-09368371-5dcc-462f-b108-fe46c3d39f8a/ozone-meta/ratis/bf265839-605b-3f16-9796-c5ba1605619e/current/log_inprogress_0
2019-10-18 12:31:50,045 [main] INFO  impl.RaftServerProxy (ConfUtils.java:logGet(43)) - raft.rpc.type = GRPC (default)
2019-10-18 12:31:50,046 [main] INFO  grpc.GrpcFactory (GrpcFactory.java:checkPooledByteBufAllocatorUseCacheForAllThreads(45)) - PERFORMANCE WARNING: useCacheForAllThreads is true that may cause Netty to create a lot garbage objects and, as a result, trigger GC.
	It is recommended to disable useCacheForAllThreads by setting -Dorg.apache.ratis.thirdparty.io.netty.allocator.useCacheForAllThreads=false in command line.
2019-10-18 12:31:50,046 [main] INFO  grpc.GrpcConfigKeys$Server (ConfUtils.java:logGet(43)) - raft.grpc.server.port = 0 (default)
2019-10-18 12:31:50,046 [main] INFO  server.GrpcService (ConfUtils.java:logGet(43)) - raft.grpc.message.size.max = 33570816 (custom)
2019-10-18 12:31:50,046 [main] INFO  server.RaftServerConfigKeys (ConfUtils.java:logGet(43)) - raft.server.log.appender.buffer.byte-limit = 33554432 (custom)
2019-10-18 12:31:50,047 [main] INFO  server.GrpcService (ConfUtils.java:logGet(43)) - raft.grpc.flow.control.window = 1MB (=1048576) (default)
2019-10-18 12:31:50,047 [main] INFO  server.RaftServerConfigKeys (ConfUtils.java:logGet(43)) - raft.server.rpc.request.timeout = 3000ms (default)
2019-10-18 12:31:50,047 [main] INFO  server.RaftServerConfigKeys (ConfUtils.java:logGet(43)) - raft.server.storage.dir = [/workdir/hadoop-ozone/integration-test/target/test-dir/MiniOzoneClusterImpl-09368371-5dcc-462f-b108-fe46c3d39f8a/datanode-0/data/ratis] (custom)
2019-10-18 12:31:50,103 [main] INFO  hdfs.DFSUtil (DFSUtil.java:httpServerTemplateForNNAndJN(1641)) - Starting Web-server for hddsDatanode at: http://0.0.0.0:0
2019-10-18 12:31:50,105 [main] INFO  server.AuthenticationFilter (AuthenticationFilter.java:constructSecretProvider(240)) - Unable to initialize FileSignerSecretProvider, falling back to use random secrets.
2019-10-18 12:31:50,105 [main] WARN  http.HttpRequestLog (HttpRequestLog.java:getRequestLog(97)) - Jetty request log can only be enabled using Log4j
2019-10-18 12:31:50,107 [main] INFO  http.HttpServer2 (HttpServer2.java:addGlobalFilter(975)) - Added global filter 'safety' (class=org.apache.hadoop.http.HttpServer2$QuotingInputFilter)
2019-10-18 12:31:50,108 [main] INFO  http.HttpServer2 (HttpServer2.java:addFilter(948)) - Added filter static_user_filter (class=org.apache.hadoop.http.lib.StaticUserWebFilter$StaticUserFilter) to context hddsDatanode
2019-10-18 12:31:50,108 [main] INFO  http.HttpServer2 (HttpServer2.java:addFilter(958)) - Added filter static_user_filter (class=org.apache.hadoop.http.lib.StaticUserWebFilter$StaticUserFilter) to context logs
2019-10-18 12:31:50,108 [main] INFO  http.HttpServer2 (HttpServer2.java:addFilter(958)) - Added filter static_user_filter (class=org.apache.hadoop.http.lib.StaticUserWebFilter$StaticUserFilter) to context static
2019-10-18 12:31:50,109 [main] INFO  http.HttpServer2 (HttpServer2.java:bindListener(1191)) - Jetty bound to port 44433
2019-10-18 12:31:50,109 [main] INFO  server.Server (Server.java:doStart(351)) - jetty-9.3.25.v20180904, build timestamp: 2018-09-04T21:11:46Z, git hash: 3ce520221d0240229c862b122d2b06c12a625732
2019-10-18 12:31:50,116 [main] INFO  handler.ContextHandler (ContextHandler.java:doStart(781)) - Started o.e.j.s.ServletContextHandler@1ab5f08a{/logs,file:///workdir/hadoop-ozone/integration-test/target/log,AVAILABLE}
2019-10-18 12:31:50,116 [main] INFO  handler.ContextHandler (ContextHandler.java:doStart(781)) - Started o.e.j.s.ServletContextHandler@79a04e5f{/static,jar:file:/home/user/.m2/repository/org/apache/hadoop/hadoop-hdds-container-service/0.5.0-SNAPSHOT/hadoop-hdds-container-service-0.5.0-SNAPSHOT.jar!/webapps/static,AVAILABLE}
2019-10-18 12:31:50,148 [main] INFO  handler.ContextHandler (ContextHandler.java:doStart(781)) - Started o.e.j.w.WebAppContext@59696551{/,file:///tmp/jetty-0.0.0.0-44433-hddsDatanode-_-any-7686815013450474903.dir/webapp/,AVAILABLE}{/hddsDatanode}
2019-10-18 12:31:50,149 [main] INFO  server.AbstractConnector (AbstractConnector.java:doStart(278)) - Started ServerConnector@648d0e6d{HTTP/1.1,[http/1.1]}{0.0.0.0:44433}
2019-10-18 12:31:50,149 [main] INFO  server.Server (Server.java:doStart(419)) - Started @10281ms
2019-10-18 12:31:50,149 [main] WARN  impl.MetricsSystemImpl (MetricsSystemImpl.java:register(276)) - Sink prometheus already exists!
2019-10-18 12:31:50,150 [main] INFO  server.BaseHttpServer (BaseHttpServer.java:updateConnectorAddress(215)) - HTTP server of HDDSDATANODE is listening at http://0.0.0.0:44433
2019-10-18 12:31:50,151 [main] INFO  impl.MetricsSystemImpl (MetricsSystemImpl.java:init(158)) - HddsDatanode metrics system started (again)
2019-10-18 12:31:50,154 [main] INFO  ozone.HddsDatanodeService (HddsDatanodeService.java:start(184)) - HddsDatanodeService host:pr-hdds-2330-xmbvw-1183399999 ip:192.168.34.56
2019-10-18 12:31:50,158 [org.apache.hadoop.util.JvmPauseMonitor$Monitor@65ac02e] INFO  util.JvmPauseMonitor (JvmPauseMonitor.java:run(188)) - Starting JVM pause monitor
2019-10-18 12:31:50,163 [main] INFO  volume.HddsVolume (HddsVolume.java:<init>(176)) - Creating Volume: /workdir/hadoop-ozone/integration-test/target/test-dir/MiniOzoneClusterImpl-09368371-5dcc-462f-b108-fe46c3d39f8a/datanode-1/data/containers/hdds of  storage type : DISK and capacity : 1482555576320
2019-10-18 12:31:50,164 [main] INFO  volume.VolumeSet (VolumeSet.java:initializeVolumeSet(170)) - Added Volume : /workdir/hadoop-ozone/integration-test/target/test-dir/MiniOzoneClusterImpl-09368371-5dcc-462f-b108-fe46c3d39f8a/datanode-1/data/containers/hdds to VolumeSet
2019-10-18 12:31:50,164 [main] INFO  volume.ThrottledAsyncChecker (ThrottledAsyncChecker.java:schedule(141)) - Scheduling a check for /workdir/hadoop-ozone/integration-test/target/test-dir/MiniOzoneClusterImpl-09368371-5dcc-462f-b108-fe46c3d39f8a/datanode-1/data/containers/hdds
2019-10-18 12:31:50,164 [main] INFO  volume.HddsVolumeChecker (HddsVolumeChecker.java:checkAllVolumes(204)) - Scheduled health check for volume /workdir/hadoop-ozone/integration-test/target/test-dir/MiniOzoneClusterImpl-09368371-5dcc-462f-b108-fe46c3d39f8a/datanode-1/data/containers/hdds
2019-10-18 12:31:50,180 [main] INFO  impl.RaftServerProxy (ConfUtils.java:logGet(43)) - raft.rpc.type = GRPC (default)
2019-10-18 12:31:50,180 [main] INFO  grpc.GrpcFactory (GrpcFactory.java:checkPooledByteBufAllocatorUseCacheForAllThreads(45)) - PERFORMANCE WARNING: useCacheForAllThreads is true that may cause Netty to create a lot garbage objects and, as a result, trigger GC.
	It is recommended to disable useCacheForAllThreads by setting -Dorg.apache.ratis.thirdparty.io.netty.allocator.useCacheForAllThreads=false in command line.
2019-10-18 12:31:50,180 [main] INFO  grpc.GrpcConfigKeys$Server (ConfUtils.java:logGet(43)) - raft.grpc.server.port = 0 (default)
2019-10-18 12:31:50,180 [main] INFO  server.GrpcService (ConfUtils.java:logGet(43)) - raft.grpc.message.size.max = 33570816 (custom)
2019-10-18 12:31:50,181 [main] INFO  server.RaftServerConfigKeys (ConfUtils.java:logGet(43)) - raft.server.log.appender.buffer.byte-limit = 33554432 (custom)
2019-10-18 12:31:50,181 [main] INFO  server.GrpcService (ConfUtils.java:logGet(43)) - raft.grpc.flow.control.window = 1MB (=1048576) (default)
2019-10-18 12:31:50,181 [main] INFO  server.RaftServerConfigKeys (ConfUtils.java:logGet(43)) - raft.server.rpc.request.timeout = 3000ms (default)
2019-10-18 12:31:50,181 [main] INFO  server.RaftServerConfigKeys (ConfUtils.java:logGet(43)) - raft.server.storage.dir = [/workdir/hadoop-ozone/integration-test/target/test-dir/MiniOzoneClusterImpl-09368371-5dcc-462f-b108-fe46c3d39f8a/datanode-1/data/ratis] (custom)
2019-10-18 12:31:50,183 [main] INFO  hdfs.DFSUtil (DFSUtil.java:httpServerTemplateForNNAndJN(1641)) - Starting Web-server for hddsDatanode at: http://0.0.0.0:0
2019-10-18 12:31:50,185 [main] INFO  server.AuthenticationFilter (AuthenticationFilter.java:constructSecretProvider(240)) - Unable to initialize FileSignerSecretProvider, falling back to use random secrets.
2019-10-18 12:31:50,185 [main] WARN  http.HttpRequestLog (HttpRequestLog.java:getRequestLog(97)) - Jetty request log can only be enabled using Log4j
2019-10-18 12:31:50,186 [main] INFO  http.HttpServer2 (HttpServer2.java:addGlobalFilter(975)) - Added global filter 'safety' (class=org.apache.hadoop.http.HttpServer2$QuotingInputFilter)
2019-10-18 12:31:50,187 [main] INFO  http.HttpServer2 (HttpServer2.java:addFilter(948)) - Added filter static_user_filter (class=org.apache.hadoop.http.lib.StaticUserWebFilter$StaticUserFilter) to context hddsDatanode
2019-10-18 12:31:50,187 [main] INFO  http.HttpServer2 (HttpServer2.java:addFilter(958)) - Added filter static_user_filter (class=org.apache.hadoop.http.lib.StaticUserWebFilter$StaticUserFilter) to context static
2019-10-18 12:31:50,187 [main] INFO  http.HttpServer2 (HttpServer2.java:addFilter(958)) - Added filter static_user_filter (class=org.apache.hadoop.http.lib.StaticUserWebFilter$StaticUserFilter) to context logs
2019-10-18 12:31:50,188 [main] INFO  http.HttpServer2 (HttpServer2.java:bindListener(1191)) - Jetty bound to port 43303
2019-10-18 12:31:50,188 [main] INFO  server.Server (Server.java:doStart(351)) - jetty-9.3.25.v20180904, build timestamp: 2018-09-04T21:11:46Z, git hash: 3ce520221d0240229c862b122d2b06c12a625732
2019-10-18 12:31:50,190 [main] INFO  handler.ContextHandler (ContextHandler.java:doStart(781)) - Started o.e.j.s.ServletContextHandler@2da3b078{/logs,file:///workdir/hadoop-ozone/integration-test/target/log,AVAILABLE}
2019-10-18 12:31:50,191 [main] INFO  handler.ContextHandler (ContextHandler.java:doStart(781)) - Started o.e.j.s.ServletContextHandler@7fb66650{/static,jar:file:/home/user/.m2/repository/org/apache/hadoop/hadoop-hdds-container-service/0.5.0-SNAPSHOT/hadoop-hdds-container-service-0.5.0-SNAPSHOT.jar!/webapps/static,AVAILABLE}
2019-10-18 12:31:50,218 [main] INFO  handler.ContextHandler (ContextHandler.java:doStart(781)) - Started o.e.j.w.WebAppContext@57f9b467{/,file:///tmp/jetty-0.0.0.0-43303-hddsDatanode-_-any-2470082762931658415.dir/webapp/,AVAILABLE}{/hddsDatanode}
2019-10-18 12:31:50,219 [main] INFO  server.AbstractConnector (AbstractConnector.java:doStart(278)) - Started ServerConnector@6d5c2745{HTTP/1.1,[http/1.1]}{0.0.0.0:43303}
2019-10-18 12:31:50,220 [main] INFO  server.Server (Server.java:doStart(419)) - Started @10352ms
2019-10-18 12:31:50,220 [main] WARN  impl.MetricsSystemImpl (MetricsSystemImpl.java:register(276)) - Sink prometheus already exists!
2019-10-18 12:31:50,221 [main] INFO  server.BaseHttpServer (BaseHttpServer.java:updateConnectorAddress(215)) - HTTP server of HDDSDATANODE is listening at http://0.0.0.0:43303
2019-10-18 12:31:50,222 [main] INFO  impl.MetricsSystemImpl (MetricsSystemImpl.java:init(158)) - HddsDatanode metrics system started (again)
2019-10-18 12:31:50,226 [org.apache.hadoop.util.JvmPauseMonitor$Monitor@6805bee1] INFO  util.JvmPauseMonitor (JvmPauseMonitor.java:run(188)) - Starting JVM pause monitor
2019-10-18 12:31:50,226 [main] INFO  ozone.HddsDatanodeService (HddsDatanodeService.java:start(184)) - HddsDatanodeService host:pr-hdds-2330-xmbvw-1183399999 ip:192.168.34.56
2019-10-18 12:31:50,236 [main] INFO  volume.HddsVolume (HddsVolume.java:<init>(176)) - Creating Volume: /workdir/hadoop-ozone/integration-test/target/test-dir/MiniOzoneClusterImpl-09368371-5dcc-462f-b108-fe46c3d39f8a/datanode-2/data/containers/hdds of  storage type : DISK and capacity : 1482555576320
2019-10-18 12:31:50,237 [main] INFO  volume.VolumeSet (VolumeSet.java:initializeVolumeSet(170)) - Added Volume : /workdir/hadoop-ozone/integration-test/target/test-dir/MiniOzoneClusterImpl-09368371-5dcc-462f-b108-fe46c3d39f8a/datanode-2/data/containers/hdds to VolumeSet
2019-10-18 12:31:50,237 [main] INFO  volume.ThrottledAsyncChecker (ThrottledAsyncChecker.java:schedule(141)) - Scheduling a check for /workdir/hadoop-ozone/integration-test/target/test-dir/MiniOzoneClusterImpl-09368371-5dcc-462f-b108-fe46c3d39f8a/datanode-2/data/containers/hdds
2019-10-18 12:31:50,238 [main] INFO  volume.HddsVolumeChecker (HddsVolumeChecker.java:checkAllVolumes(204)) - Scheduled health check for volume /workdir/hadoop-ozone/integration-test/target/test-dir/MiniOzoneClusterImpl-09368371-5dcc-462f-b108-fe46c3d39f8a/datanode-2/data/containers/hdds
2019-10-18 12:31:50,259 [main] INFO  impl.RaftServerProxy (ConfUtils.java:logGet(43)) - raft.rpc.type = GRPC (default)
2019-10-18 12:31:50,259 [main] INFO  grpc.GrpcFactory (GrpcFactory.java:checkPooledByteBufAllocatorUseCacheForAllThreads(45)) - PERFORMANCE WARNING: useCacheForAllThreads is true that may cause Netty to create a lot garbage objects and, as a result, trigger GC.
	It is recommended to disable useCacheForAllThreads by setting -Dorg.apache.ratis.thirdparty.io.netty.allocator.useCacheForAllThreads=false in command line.
2019-10-18 12:31:50,259 [main] INFO  grpc.GrpcConfigKeys$Server (ConfUtils.java:logGet(43)) - raft.grpc.server.port = 0 (default)
2019-10-18 12:31:50,260 [main] INFO  server.GrpcService (ConfUtils.java:logGet(43)) - raft.grpc.message.size.max = 33570816 (custom)
2019-10-18 12:31:50,260 [main] INFO  server.RaftServerConfigKeys (ConfUtils.java:logGet(43)) - raft.server.log.appender.buffer.byte-limit = 33554432 (custom)
2019-10-18 12:31:50,260 [main] INFO  server.GrpcService (ConfUtils.java:logGet(43)) - raft.grpc.flow.control.window = 1MB (=1048576) (default)
2019-10-18 12:31:50,261 [main] INFO  server.RaftServerConfigKeys (ConfUtils.java:logGet(43)) - raft.server.rpc.request.timeout = 3000ms (default)
2019-10-18 12:31:50,262 [main] INFO  server.RaftServerConfigKeys (ConfUtils.java:logGet(43)) - raft.server.storage.dir = [/workdir/hadoop-ozone/integration-test/target/test-dir/MiniOzoneClusterImpl-09368371-5dcc-462f-b108-fe46c3d39f8a/datanode-2/data/ratis] (custom)
2019-10-18 12:31:50,264 [main] INFO  hdfs.DFSUtil (DFSUtil.java:httpServerTemplateForNNAndJN(1641)) - Starting Web-server for hddsDatanode at: http://0.0.0.0:0
2019-10-18 12:31:50,266 [main] INFO  server.AuthenticationFilter (AuthenticationFilter.java:constructSecretProvider(240)) - Unable to initialize FileSignerSecretProvider, falling back to use random secrets.
2019-10-18 12:31:50,267 [main] WARN  http.HttpRequestLog (HttpRequestLog.java:getRequestLog(97)) - Jetty request log can only be enabled using Log4j
2019-10-18 12:31:50,269 [main] INFO  http.HttpServer2 (HttpServer2.java:addGlobalFilter(975)) - Added global filter 'safety' (class=org.apache.hadoop.http.HttpServer2$QuotingInputFilter)
2019-10-18 12:31:50,270 [main] INFO  http.HttpServer2 (HttpServer2.java:addFilter(948)) - Added filter static_user_filter (class=org.apache.hadoop.http.lib.StaticUserWebFilter$StaticUserFilter) to context hddsDatanode
2019-10-18 12:31:50,271 [main] INFO  http.HttpServer2 (HttpServer2.java:addFilter(958)) - Added filter static_user_filter (class=org.apache.hadoop.http.lib.StaticUserWebFilter$StaticUserFilter) to context static
2019-10-18 12:31:50,271 [main] INFO  http.HttpServer2 (HttpServer2.java:addFilter(958)) - Added filter static_user_filter (class=org.apache.hadoop.http.lib.StaticUserWebFilter$StaticUserFilter) to context logs
2019-10-18 12:31:50,272 [main] INFO  http.HttpServer2 (HttpServer2.java:bindListener(1191)) - Jetty bound to port 46749
2019-10-18 12:31:50,272 [main] INFO  server.Server (Server.java:doStart(351)) - jetty-9.3.25.v20180904, build timestamp: 2018-09-04T21:11:46Z, git hash: 3ce520221d0240229c862b122d2b06c12a625732
2019-10-18 12:31:50,277 [main] INFO  handler.ContextHandler (ContextHandler.java:doStart(781)) - Started o.e.j.s.ServletContextHandler@714f3da4{/logs,file:///workdir/hadoop-ozone/integration-test/target/log,AVAILABLE}
2019-10-18 12:31:50,277 [main] INFO  handler.ContextHandler (ContextHandler.java:doStart(781)) - Started o.e.j.s.ServletContextHandler@1f53481b{/static,jar:file:/home/user/.m2/repository/org/apache/hadoop/hadoop-hdds-container-service/0.5.0-SNAPSHOT/hadoop-hdds-container-service-0.5.0-SNAPSHOT.jar!/webapps/static,AVAILABLE}
2019-10-18 12:31:50,283 [Datanode State Machine Thread - 0] INFO  datanode.InitDatanodeState (InitDatanodeState.java:persistContainerDatanodeDetails(140)) - DatanodeDetails is persisted to /workdir/hadoop-ozone/integration-test/target/test-dir/MiniOzoneClusterImpl-09368371-5dcc-462f-b108-fe46c3d39f8a/datanode-0/meta/datanode.id
2019-10-18 12:31:50,287 [Datanode State Machine Thread - 0] INFO  datanode.InitDatanodeState (InitDatanodeState.java:persistContainerDatanodeDetails(140)) - DatanodeDetails is persisted to /workdir/hadoop-ozone/integration-test/target/test-dir/MiniOzoneClusterImpl-09368371-5dcc-462f-b108-fe46c3d39f8a/datanode-1/meta/datanode.id
2019-10-18 12:31:50,313 [main] INFO  handler.ContextHandler (ContextHandler.java:doStart(781)) - Started o.e.j.w.WebAppContext@4cbc2e3b{/,file:///tmp/jetty-0.0.0.0-46749-hddsDatanode-_-any-9089809636610595878.dir/webapp/,AVAILABLE}{/hddsDatanode}
2019-10-18 12:31:50,313 [main] INFO  server.AbstractConnector (AbstractConnector.java:doStart(278)) - Started ServerConnector@2975a9e{HTTP/1.1,[http/1.1]}{0.0.0.0:46749}
2019-10-18 12:31:50,314 [main] INFO  server.Server (Server.java:doStart(419)) - Started @10446ms
2019-10-18 12:31:50,314 [main] WARN  impl.MetricsSystemImpl (MetricsSystemImpl.java:register(276)) - Sink prometheus already exists!
2019-10-18 12:31:50,315 [main] INFO  server.BaseHttpServer (BaseHttpServer.java:updateConnectorAddress(215)) - HTTP server of HDDSDATANODE is listening at http://0.0.0.0:46749
2019-10-18 12:31:50,316 [main] INFO  impl.MetricsSystemImpl (MetricsSystemImpl.java:init(158)) - HddsDatanode metrics system started (again)
2019-10-18 12:31:50,319 [main] INFO  ozone.HddsDatanodeService (HddsDatanodeService.java:start(184)) - HddsDatanodeService host:pr-hdds-2330-xmbvw-1183399999 ip:192.168.34.56
2019-10-18 12:31:50,319 [org.apache.hadoop.util.JvmPauseMonitor$Monitor@226d8a2c] INFO  util.JvmPauseMonitor (JvmPauseMonitor.java:run(188)) - Starting JVM pause monitor
2019-10-18 12:31:50,322 [Datanode State Machine Thread - 0] INFO  datanode.InitDatanodeState (InitDatanodeState.java:persistContainerDatanodeDetails(140)) - DatanodeDetails is persisted to /workdir/hadoop-ozone/integration-test/target/test-dir/MiniOzoneClusterImpl-09368371-5dcc-462f-b108-fe46c3d39f8a/datanode-2/meta/datanode.id
2019-10-18 12:31:50,327 [main] INFO  volume.HddsVolume (HddsVolume.java:<init>(176)) - Creating Volume: /workdir/hadoop-ozone/integration-test/target/test-dir/MiniOzoneClusterImpl-09368371-5dcc-462f-b108-fe46c3d39f8a/datanode-3/data/containers/hdds of  storage type : DISK and capacity : 1482555576320
2019-10-18 12:31:50,328 [main] INFO  volume.VolumeSet (VolumeSet.java:initializeVolumeSet(170)) - Added Volume : /workdir/hadoop-ozone/integration-test/target/test-dir/MiniOzoneClusterImpl-09368371-5dcc-462f-b108-fe46c3d39f8a/datanode-3/data/containers/hdds to VolumeSet
2019-10-18 12:31:50,328 [main] INFO  volume.ThrottledAsyncChecker (ThrottledAsyncChecker.java:schedule(141)) - Scheduling a check for /workdir/hadoop-ozone/integration-test/target/test-dir/MiniOzoneClusterImpl-09368371-5dcc-462f-b108-fe46c3d39f8a/datanode-3/data/containers/hdds
2019-10-18 12:31:50,328 [main] INFO  volume.HddsVolumeChecker (HddsVolumeChecker.java:checkAllVolumes(204)) - Scheduled health check for volume /workdir/hadoop-ozone/integration-test/target/test-dir/MiniOzoneClusterImpl-09368371-5dcc-462f-b108-fe46c3d39f8a/datanode-3/data/containers/hdds
2019-10-18 12:31:50,344 [main] INFO  impl.RaftServerProxy (ConfUtils.java:logGet(43)) - raft.rpc.type = GRPC (default)
2019-10-18 12:31:50,344 [main] INFO  grpc.GrpcFactory (GrpcFactory.java:checkPooledByteBufAllocatorUseCacheForAllThreads(45)) - PERFORMANCE WARNING: useCacheForAllThreads is true that may cause Netty to create a lot garbage objects and, as a result, trigger GC.
	It is recommended to disable useCacheForAllThreads by setting -Dorg.apache.ratis.thirdparty.io.netty.allocator.useCacheForAllThreads=false in command line.
2019-10-18 12:31:50,344 [main] INFO  grpc.GrpcConfigKeys$Server (ConfUtils.java:logGet(43)) - raft.grpc.server.port = 0 (default)
2019-10-18 12:31:50,345 [main] INFO  server.GrpcService (ConfUtils.java:logGet(43)) - raft.grpc.message.size.max = 33570816 (custom)
2019-10-18 12:31:50,345 [main] INFO  server.RaftServerConfigKeys (ConfUtils.java:logGet(43)) - raft.server.log.appender.buffer.byte-limit = 33554432 (custom)
2019-10-18 12:31:50,345 [main] INFO  server.GrpcService (ConfUtils.java:logGet(43)) - raft.grpc.flow.control.window = 1MB (=1048576) (default)
2019-10-18 12:31:50,345 [main] INFO  server.RaftServerConfigKeys (ConfUtils.java:logGet(43)) - raft.server.rpc.request.timeout = 3000ms (default)
2019-10-18 12:31:50,346 [main] INFO  server.RaftServerConfigKeys (ConfUtils.java:logGet(43)) - raft.server.storage.dir = [/workdir/hadoop-ozone/integration-test/target/test-dir/MiniOzoneClusterImpl-09368371-5dcc-462f-b108-fe46c3d39f8a/datanode-3/data/ratis] (custom)
2019-10-18 12:31:50,347 [main] INFO  hdfs.DFSUtil (DFSUtil.java:httpServerTemplateForNNAndJN(1641)) - Starting Web-server for hddsDatanode at: http://0.0.0.0:0
2019-10-18 12:31:50,349 [main] INFO  server.AuthenticationFilter (AuthenticationFilter.java:constructSecretProvider(240)) - Unable to initialize FileSignerSecretProvider, falling back to use random secrets.
2019-10-18 12:31:50,349 [main] WARN  http.HttpRequestLog (HttpRequestLog.java:getRequestLog(97)) - Jetty request log can only be enabled using Log4j
2019-10-18 12:31:50,351 [main] INFO  http.HttpServer2 (HttpServer2.java:addGlobalFilter(975)) - Added global filter 'safety' (class=org.apache.hadoop.http.HttpServer2$QuotingInputFilter)
2019-10-18 12:31:50,351 [main] INFO  http.HttpServer2 (HttpServer2.java:addFilter(948)) - Added filter static_user_filter (class=org.apache.hadoop.http.lib.StaticUserWebFilter$StaticUserFilter) to context hddsDatanode
2019-10-18 12:31:50,352 [main] INFO  http.HttpServer2 (HttpServer2.java:addFilter(958)) - Added filter static_user_filter (class=org.apache.hadoop.http.lib.StaticUserWebFilter$StaticUserFilter) to context logs
2019-10-18 12:31:50,352 [main] INFO  http.HttpServer2 (HttpServer2.java:addFilter(958)) - Added filter static_user_filter (class=org.apache.hadoop.http.lib.StaticUserWebFilter$StaticUserFilter) to context static
2019-10-18 12:31:50,352 [main] INFO  http.HttpServer2 (HttpServer2.java:bindListener(1191)) - Jetty bound to port 38947
2019-10-18 12:31:50,353 [main] INFO  server.Server (Server.java:doStart(351)) - jetty-9.3.25.v20180904, build timestamp: 2018-09-04T21:11:46Z, git hash: 3ce520221d0240229c862b122d2b06c12a625732
2019-10-18 12:31:50,355 [main] INFO  handler.ContextHandler (ContextHandler.java:doStart(781)) - Started o.e.j.s.ServletContextHandler@77049094{/logs,file:///workdir/hadoop-ozone/integration-test/target/log,AVAILABLE}
2019-10-18 12:31:50,355 [main] INFO  handler.ContextHandler (ContextHandler.java:doStart(781)) - Started o.e.j.s.ServletContextHandler@59bbe88a{/static,jar:file:/home/user/.m2/repository/org/apache/hadoop/hadoop-hdds-container-service/0.5.0-SNAPSHOT/hadoop-hdds-container-service-0.5.0-SNAPSHOT.jar!/webapps/static,AVAILABLE}
2019-10-18 12:31:50,385 [main] INFO  handler.ContextHandler (ContextHandler.java:doStart(781)) - Started o.e.j.w.WebAppContext@640ab13c{/,file:///tmp/jetty-0.0.0.0-38947-hddsDatanode-_-any-5344354774717259919.dir/webapp/,AVAILABLE}{/hddsDatanode}
2019-10-18 12:31:50,386 [main] INFO  server.AbstractConnector (AbstractConnector.java:doStart(278)) - Started ServerConnector@1e0a864d{HTTP/1.1,[http/1.1]}{0.0.0.0:38947}
2019-10-18 12:31:50,387 [main] INFO  server.Server (Server.java:doStart(419)) - Started @10519ms
2019-10-18 12:31:50,387 [main] WARN  impl.MetricsSystemImpl (MetricsSystemImpl.java:register(276)) - Sink prometheus already exists!
2019-10-18 12:31:50,388 [main] INFO  server.BaseHttpServer (BaseHttpServer.java:updateConnectorAddress(215)) - HTTP server of HDDSDATANODE is listening at http://0.0.0.0:38947
2019-10-18 12:31:50,390 [main] INFO  ozone.MiniOzoneClusterImpl (MiniOzoneClusterImpl.java:lambda$waitForClusterToBeReady$0(147)) - Waiting for cluster to be ready. Got 0 of 4 DN Heartbeats.
2019-10-18 12:31:50,392 [org.apache.hadoop.util.JvmPauseMonitor$Monitor@3142d87e] INFO  util.JvmPauseMonitor (JvmPauseMonitor.java:run(188)) - Starting JVM pause monitor
2019-10-18 12:31:50,395 [Datanode State Machine Thread - 0] INFO  datanode.InitDatanodeState (InitDatanodeState.java:persistContainerDatanodeDetails(140)) - DatanodeDetails is persisted to /workdir/hadoop-ozone/integration-test/target/test-dir/MiniOzoneClusterImpl-09368371-5dcc-462f-b108-fe46c3d39f8a/datanode-3/meta/datanode.id
2019-10-18 12:31:51,391 [main] INFO  ozone.MiniOzoneClusterImpl (MiniOzoneClusterImpl.java:lambda$waitForClusterToBeReady$0(147)) - Waiting for cluster to be ready. Got 0 of 4 DN Heartbeats.
2019-10-18 12:31:52,263 [Datanode State Machine Thread - 0] INFO  ozoneimpl.OzoneContainer (OzoneContainer.java:start(213)) - Attempting to start container services.
2019-10-18 12:31:52,263 [Datanode State Machine Thread - 0] INFO  ozoneimpl.OzoneContainer (OzoneContainer.java:start(213)) - Attempting to start container services.
2019-10-18 12:31:52,268 [Datanode State Machine Thread - 0] INFO  ozoneimpl.OzoneContainer (OzoneContainer.java:startContainerScrub(177)) - Background container scanner has been disabled.
2019-10-18 12:31:52,268 [Datanode State Machine Thread - 0] INFO  ozoneimpl.OzoneContainer (OzoneContainer.java:startContainerScrub(177)) - Background container scanner has been disabled.
2019-10-18 12:31:52,269 [Datanode State Machine Thread - 0] INFO  ratis.XceiverServerRatis (XceiverServerRatis.java:start(418)) - Starting XceiverServerRatis 6af5dfc0-d4d0-48db-9aa9-c45e51549e54 at port 0
2019-10-18 12:31:52,269 [Datanode State Machine Thread - 0] INFO  ratis.XceiverServerRatis (XceiverServerRatis.java:start(418)) - Starting XceiverServerRatis 844936dc-70ea-40d1-a9e6-b90d8e46784e at port 0
2019-10-18 12:31:52,287 [Datanode State Machine Thread - 0] INFO  impl.RaftServerProxy (RaftServerProxy.java:lambda$start$3(299)) - 844936dc-70ea-40d1-a9e6-b90d8e46784e: start RPC server
2019-10-18 12:31:52,289 [Datanode State Machine Thread - 0] INFO  impl.RaftServerProxy (RaftServerProxy.java:lambda$start$3(299)) - 6af5dfc0-d4d0-48db-9aa9-c45e51549e54: start RPC server
2019-10-18 12:31:52,294 [Datanode State Machine Thread - 0] INFO  server.GrpcService (GrpcService.java:startImpl(158)) - 844936dc-70ea-40d1-a9e6-b90d8e46784e: GrpcService started, listening on 0.0.0.0/0.0.0.0:43167
2019-10-18 12:31:52,294 [Datanode State Machine Thread - 0] INFO  server.GrpcService (GrpcService.java:startImpl(158)) - 6af5dfc0-d4d0-48db-9aa9-c45e51549e54: GrpcService started, listening on 0.0.0.0/0.0.0.0:32981
2019-10-18 12:31:52,295 [Datanode State Machine Thread - 0] INFO  ratis.XceiverServerRatis (XceiverServerRatis.java:start(428)) - XceiverServerRatis 844936dc-70ea-40d1-a9e6-b90d8e46784e is started using port 43167
2019-10-18 12:31:52,295 [Datanode State Machine Thread - 0] INFO  ratis.XceiverServerRatis (XceiverServerRatis.java:start(428)) - XceiverServerRatis 6af5dfc0-d4d0-48db-9aa9-c45e51549e54 is started using port 32981
2019-10-18 12:31:52,299 [Datanode State Machine Thread - 0] INFO  server.XceiverServerGrpc (XceiverServerGrpc.java:start(149)) - XceiverServerGrpc 844936dc-70ea-40d1-a9e6-b90d8e46784e is started using port 33679
2019-10-18 12:31:52,299 [Datanode State Machine Thread - 0] INFO  server.XceiverServerGrpc (XceiverServerGrpc.java:start(149)) - XceiverServerGrpc 6af5dfc0-d4d0-48db-9aa9-c45e51549e54 is started using port 35428
2019-10-18 12:31:52,347 [Datanode State Machine Thread - 0] INFO  ozoneimpl.OzoneContainer (OzoneContainer.java:start(213)) - Attempting to start container services.
2019-10-18 12:31:52,349 [Datanode State Machine Thread - 0] INFO  ozoneimpl.OzoneContainer (OzoneContainer.java:startContainerScrub(177)) - Background container scanner has been disabled.
2019-10-18 12:31:52,349 [Datanode State Machine Thread - 0] INFO  ratis.XceiverServerRatis (XceiverServerRatis.java:start(418)) - Starting XceiverServerRatis 67d877d9-ecd0-4b7d-838e-89aa2c4103c0 at port 0
2019-10-18 12:31:52,358 [Datanode State Machine Thread - 0] INFO  impl.RaftServerProxy (RaftServerProxy.java:lambda$start$3(299)) - 67d877d9-ecd0-4b7d-838e-89aa2c4103c0: start RPC server
2019-10-18 12:31:52,361 [Datanode State Machine Thread - 0] INFO  server.GrpcService (GrpcService.java:startImpl(158)) - 67d877d9-ecd0-4b7d-838e-89aa2c4103c0: GrpcService started, listening on 0.0.0.0/0.0.0.0:33816
2019-10-18 12:31:52,361 [Datanode State Machine Thread - 0] INFO  ratis.XceiverServerRatis (XceiverServerRatis.java:start(428)) - XceiverServerRatis 67d877d9-ecd0-4b7d-838e-89aa2c4103c0 is started using port 33816
2019-10-18 12:31:52,363 [Datanode State Machine Thread - 0] INFO  server.XceiverServerGrpc (XceiverServerGrpc.java:start(149)) - XceiverServerGrpc 67d877d9-ecd0-4b7d-838e-89aa2c4103c0 is started using port 40137
2019-10-18 12:31:52,392 [main] INFO  ozone.MiniOzoneClusterImpl (MiniOzoneClusterImpl.java:lambda$waitForClusterToBeReady$0(147)) - Waiting for cluster to be ready. Got 0 of 4 DN Heartbeats.
2019-10-18 12:31:52,422 [Datanode State Machine Thread - 0] INFO  ozoneimpl.OzoneContainer (OzoneContainer.java:start(213)) - Attempting to start container services.
2019-10-18 12:31:52,424 [Datanode State Machine Thread - 0] INFO  ozoneimpl.OzoneContainer (OzoneContainer.java:startContainerScrub(177)) - Background container scanner has been disabled.
2019-10-18 12:31:52,424 [Datanode State Machine Thread - 0] INFO  ratis.XceiverServerRatis (XceiverServerRatis.java:start(418)) - Starting XceiverServerRatis c39ba312-e57f-4b8c-998e-32538a6d88da at port 0
2019-10-18 12:31:52,434 [Datanode State Machine Thread - 0] INFO  impl.RaftServerProxy (RaftServerProxy.java:lambda$start$3(299)) - c39ba312-e57f-4b8c-998e-32538a6d88da: start RPC server
2019-10-18 12:31:52,437 [Datanode State Machine Thread - 0] INFO  server.GrpcService (GrpcService.java:startImpl(158)) - c39ba312-e57f-4b8c-998e-32538a6d88da: GrpcService started, listening on 0.0.0.0/0.0.0.0:44039
2019-10-18 12:31:52,437 [Datanode State Machine Thread - 0] INFO  ratis.XceiverServerRatis (XceiverServerRatis.java:start(428)) - XceiverServerRatis c39ba312-e57f-4b8c-998e-32538a6d88da is started using port 44039
2019-10-18 12:31:52,439 [Datanode State Machine Thread - 0] INFO  server.XceiverServerGrpc (XceiverServerGrpc.java:start(149)) - XceiverServerGrpc c39ba312-e57f-4b8c-998e-32538a6d88da is started using port 45836
2019-10-18 12:31:53,392 [main] INFO  ozone.MiniOzoneClusterImpl (MiniOzoneClusterImpl.java:lambda$waitForClusterToBeReady$0(147)) - Waiting for cluster to be ready. Got 0 of 4 DN Heartbeats.
2019-10-18 12:31:54,196 [IPC Server handler 17 on 44204] INFO  net.NetworkTopology (NetworkTopologyImpl.java:add(111)) - Added a new node: /rack1/6af5dfc0-d4d0-48db-9aa9-c45e51549e54
2019-10-18 12:31:54,198 [IPC Server handler 17 on 44204] INFO  node.SCMNodeManager (SCMNodeManager.java:register(268)) - Registered Data node : 6af5dfc0-d4d0-48db-9aa9-c45e51549e54{ip: 192.168.34.56, host: pr-hdds-2330-xmbvw-1183399999, networkLocation: /rack1, certSerialId: null}
2019-10-18 12:31:54,202 [EventQueue-NodeRegistrationContainerReportForDataNodeSafeModeRule] INFO  safemode.SCMSafeModeManager (DataNodeSafeModeRule.java:process(71)) - SCM in safe mode. 1 DataNodes registered, 1 required.
2019-10-18 12:31:54,203 [EventQueue-NodeRegistrationContainerReportForDataNodeSafeModeRule] INFO  safemode.SCMSafeModeManager (SCMSafeModeManager.java:validateSafeModeExitRules(177)) - ScmSafeModeManager, all rules are successfully validated
2019-10-18 12:31:54,203 [EventQueue-NodeRegistrationContainerReportForDataNodeSafeModeRule] INFO  safemode.SCMSafeModeManager (SCMSafeModeManager.java:exitSafeMode(193)) - SCM exiting safe mode.
2019-10-18 12:31:54,231 [IPC Server handler 18 on 44204] INFO  net.NetworkTopology (NetworkTopologyImpl.java:add(111)) - Added a new node: /rack1/844936dc-70ea-40d1-a9e6-b90d8e46784e
2019-10-18 12:31:54,232 [IPC Server handler 18 on 44204] INFO  node.SCMNodeManager (SCMNodeManager.java:register(268)) - Registered Data node : 844936dc-70ea-40d1-a9e6-b90d8e46784e{ip: 192.168.34.56, host: pr-hdds-2330-xmbvw-1183399999, networkLocation: /rack1, certSerialId: null}
2019-10-18 12:31:54,322 [IPC Server handler 16 on 44204] INFO  net.NetworkTopology (NetworkTopologyImpl.java:add(111)) - Added a new node: /rack1/67d877d9-ecd0-4b7d-838e-89aa2c4103c0
2019-10-18 12:31:54,322 [IPC Server handler 16 on 44204] INFO  node.SCMNodeManager (SCMNodeManager.java:register(268)) - Registered Data node : 67d877d9-ecd0-4b7d-838e-89aa2c4103c0{ip: 192.168.34.56, host: pr-hdds-2330-xmbvw-1183399999, networkLocation: /rack1, certSerialId: null}
2019-10-18 12:31:54,393 [main] INFO  ozone.MiniOzoneClusterImpl (MiniOzoneClusterImpl.java:lambda$waitForClusterToBeReady$0(147)) - Waiting for cluster to be ready. Got 3 of 4 DN Heartbeats.
2019-10-18 12:31:54,395 [IPC Server handler 9 on 44204] INFO  net.NetworkTopology (NetworkTopologyImpl.java:add(111)) - Added a new node: /rack1/c39ba312-e57f-4b8c-998e-32538a6d88da
2019-10-18 12:31:54,395 [IPC Server handler 9 on 44204] INFO  node.SCMNodeManager (SCMNodeManager.java:register(268)) - Registered Data node : c39ba312-e57f-4b8c-998e-32538a6d88da{ip: 192.168.34.56, host: pr-hdds-2330-xmbvw-1183399999, networkLocation: /rack1, certSerialId: null}
2019-10-18 12:31:54,626 [grpc-default-executor-0] INFO  impl.RaftServerProxy (RaftServerProxy.java:addNew(89)) - 6af5dfc0-d4d0-48db-9aa9-c45e51549e54: addNew group-1B72D90B0FC7:[6af5dfc0-d4d0-48db-9aa9-c45e51549e54:192.168.34.56:32981] returns group-1B72D90B0FC7:java.util.concurrent.CompletableFuture@33f8f1a7[Not completed]
2019-10-18 12:31:54,632 [pool-32-thread-1] INFO  impl.RaftServerImpl (RaftServerImpl.java:<init>(104)) - 6af5dfc0-d4d0-48db-9aa9-c45e51549e54: new RaftServerImpl for group-1B72D90B0FC7:[6af5dfc0-d4d0-48db-9aa9-c45e51549e54:192.168.34.56:32981] with ContainerStateMachine:uninitialized
2019-10-18 12:31:54,633 [pool-32-thread-1] INFO  server.RaftServerConfigKeys (ConfUtils.java:logGet(43)) - raft.server.rpc.timeout.min = 5s (custom)
2019-10-18 12:31:54,633 [pool-32-thread-1] INFO  server.RaftServerConfigKeys (ConfUtils.java:logGet(43)) - raft.server.rpc.timeout.max = 5200ms (custom)
2019-10-18 12:31:54,633 [pool-32-thread-1] INFO  server.RaftServerConfigKeys (ConfUtils.java:logGet(43)) - raft.server.rpcslowness.timeout = 120s (custom)
2019-10-18 12:31:54,634 [pool-32-thread-1] INFO  server.RaftServerConfigKeys (ConfUtils.java:logGet(43)) - raft.server.sleep.deviation.threshold = 300 (default)
2019-10-18 12:31:54,634 [pool-32-thread-1] INFO  server.RaftServerConfigKeys (ConfUtils.java:logGet(43)) - raft.server.log.appender.install.snapshot.enabled = false (custom)
2019-10-18 12:31:54,634 [pool-32-thread-1] INFO  impl.RaftServerImpl (ServerState.java:<init>(103)) - 6af5dfc0-d4d0-48db-9aa9-c45e51549e54@group-1B72D90B0FC7: ConfigurationManager, init=-1: [6af5dfc0-d4d0-48db-9aa9-c45e51549e54:192.168.34.56:32981], old=null, confs=<EMPTY_MAP>
2019-10-18 12:31:54,634 [pool-32-thread-1] INFO  server.RaftServerConfigKeys (ConfUtils.java:logGet(43)) - raft.server.storage.dir = [/workdir/hadoop-ozone/integration-test/target/test-dir/MiniOzoneClusterImpl-09368371-5dcc-462f-b108-fe46c3d39f8a/datanode-0/data/ratis] (custom)
2019-10-18 12:31:54,634 [pool-32-thread-1] INFO  server.RaftServerConfigKeys (ConfUtils.java:logGet(43)) - raft.server.log.corruption.policy = EXCEPTION (default)
2019-10-18 12:31:54,635 [pool-32-thread-1] INFO  storage.RaftStorageDirectory (RaftStorageDirectory.java:analyzeStorage(246)) - The storage directory /workdir/hadoop-ozone/integration-test/target/test-dir/MiniOzoneClusterImpl-09368371-5dcc-462f-b108-fe46c3d39f8a/datanode-0/data/ratis/05912022-26cb-488e-91f2-1b72d90b0fc7 does not exist. Creating ...
2019-10-18 12:31:54,658 [pool-32-thread-1] INFO  storage.RaftStorageDirectory (RaftStorageDirectory.java:tryLock(328)) - Lock on /workdir/hadoop-ozone/integration-test/target/test-dir/MiniOzoneClusterImpl-09368371-5dcc-462f-b108-fe46c3d39f8a/datanode-0/data/ratis/05912022-26cb-488e-91f2-1b72d90b0fc7/in_use.lock acquired by nodename 7691@pr-hdds-2330-xmbvw-1183399999
2019-10-18 12:31:54,682 [pool-32-thread-1] INFO  storage.RaftStorage (RaftStorage.java:format(84)) - Storage directory /workdir/hadoop-ozone/integration-test/target/test-dir/MiniOzoneClusterImpl-09368371-5dcc-462f-b108-fe46c3d39f8a/datanode-0/data/ratis/05912022-26cb-488e-91f2-1b72d90b0fc7 has been successfully formatted.
2019-10-18 12:31:54,684 [pool-32-thread-1] INFO  ratis.ContainerStateMachine (ContainerStateMachine.java:loadSnapshot(231)) - group-1B72D90B0FC7: The snapshot info is null. Setting the last applied indexto:(t:0, i:~)
2019-10-18 12:31:54,685 [pool-32-thread-1] INFO  server.RaftServerConfigKeys (ConfUtils.java:logGet(43)) - raft.server.notification.no-leader.timeout = 120s (custom)
2019-10-18 12:31:54,685 [pool-32-thread-1] INFO  server.RaftServerConfigKeys (ConfUtils.java:logGet(43)) - raft.server.log.use.memory = false (default)
2019-10-18 12:31:54,685 [pool-32-thread-1] INFO  server.RaftServerConfigKeys (ConfUtils.java:logGet(43)) - raft.server.log.purge.gap = 1000000 (custom)
2019-10-18 12:31:54,685 [pool-32-thread-1] INFO  server.RaftServerConfigKeys (ConfUtils.java:logGet(43)) - raft.server.log.appender.buffer.byte-limit = 33554432 (custom)
2019-10-18 12:31:54,686 [pool-32-thread-1] INFO  server.RaftServerConfigKeys (ConfUtils.java:logGet(43)) - raft.server.log.segment.size.max = 1048576 (custom)
2019-10-18 12:31:54,691 [pool-32-thread-1] INFO  server.RaftServerConfigKeys (ConfUtils.java:logGet(43)) - raft.server.log.segment.cache.num.max = 2 (custom)
2019-10-18 12:31:54,692 [pool-32-thread-1] INFO  segmented.SegmentedRaftLogWorker (SegmentedRaftLogWorker.java:<init>(173)) - new 6af5dfc0-d4d0-48db-9aa9-c45e51549e54@group-1B72D90B0FC7-SegmentedRaftLogWorker for RaftStorage:Storage Directory /workdir/hadoop-ozone/integration-test/target/test-dir/MiniOzoneClusterImpl-09368371-5dcc-462f-b108-fe46c3d39f8a/datanode-0/data/ratis/05912022-26cb-488e-91f2-1b72d90b0fc7
2019-10-18 12:31:54,692 [pool-32-thread-1] INFO  server.RaftServerConfigKeys (ConfUtils.java:logGet(43)) - raft.server.log.queue.byte-limit = 2147483647 (custom)
2019-10-18 12:31:54,692 [pool-32-thread-1] INFO  server.RaftServerConfigKeys (ConfUtils.java:logGet(43)) - raft.server.log.queue.element-limit = 1024 (custom)
2019-10-18 12:31:54,692 [pool-32-thread-1] INFO  server.RaftServerConfigKeys (ConfUtils.java:logGet(43)) - raft.server.log.segment.size.max = 1048576 (custom)
2019-10-18 12:31:54,693 [pool-32-thread-1] INFO  server.RaftServerConfigKeys (ConfUtils.java:logGet(43)) - raft.server.log.preallocated.size = 16384 (custom)
2019-10-18 12:31:54,693 [pool-32-thread-1] INFO  server.RaftServerConfigKeys (ConfUtils.java:logGet(43)) - raft.server.log.write.buffer.size = 33554432 (custom)
2019-10-18 12:31:54,693 [pool-32-thread-1] INFO  server.RaftServerConfigKeys (ConfUtils.java:logGet(43)) - raft.server.log.force.sync.num = 128 (default)
2019-10-18 12:31:54,693 [pool-32-thread-1] INFO  server.RaftServerConfigKeys (ConfUtils.java:logGet(43)) - raft.server.log.statemachine.data.sync = true (default)
2019-10-18 12:31:54,693 [pool-32-thread-1] INFO  server.RaftServerConfigKeys (ConfUtils.java:logGet(43)) - raft.server.log.statemachine.data.sync.timeout = 10s (default)
2019-10-18 12:31:54,694 [pool-32-thread-1] INFO  server.RaftServerConfigKeys (ConfUtils.java:logGet(43)) - raft.server.log.statemachine.data.sync.timeout.retry = -1 (default)
2019-10-18 12:31:54,695 [pool-32-thread-1] INFO  server.RaftServerConfigKeys (ConfUtils.java:logGet(43)) - raft.server.log.statemachine.data.caching.enabled = true (custom)
2019-10-18 12:31:54,695 [pool-32-thread-1] INFO  segmented.SegmentedRaftLogWorker (SegmentedRaftLogWorker.java:lambda$new$0(128)) - 6af5dfc0-d4d0-48db-9aa9-c45e51549e54@group-1B72D90B0FC7-SegmentedRaftLogWorker: flushIndex: setUnconditionally 0 -> -1
2019-10-18 12:31:54,695 [pool-32-thread-1] INFO  server.RaftServerConfigKeys (ConfUtils.java:logGet(43)) - raft.server.snapshot.auto.trigger.enabled = true (custom)
2019-10-18 12:31:54,696 [pool-32-thread-1] INFO  server.RaftServerConfigKeys (ConfUtils.java:logGet(43)) - raft.server.snapshot.auto.trigger.threshold = 10000 (custom)
2019-10-18 12:31:54,696 [pool-32-thread-1] INFO  server.RaftServerConfigKeys (ConfUtils.java:logGet(43)) - raft.server.snapshot.retention.file.num = 5 (custom)
2019-10-18 12:31:54,696 [pool-32-thread-1] INFO  server.RaftServerConfigKeys (ConfUtils.java:logGet(43)) - raft.server.retrycache.expirytime = 600000ms (custom)
2019-10-18 12:31:54,706 [pool-32-thread-1] INFO  impl.RaftServerImpl (RaftServerImpl.java:start(195)) - 6af5dfc0-d4d0-48db-9aa9-c45e51549e54@group-1B72D90B0FC7: start as a follower, conf=-1: [6af5dfc0-d4d0-48db-9aa9-c45e51549e54:192.168.34.56:32981], old=null
2019-10-18 12:31:54,706 [pool-32-thread-1] INFO  impl.RaftServerImpl (RaftServerImpl.java:setRole(184)) - 6af5dfc0-d4d0-48db-9aa9-c45e51549e54@group-1B72D90B0FC7: changes role from      null to FOLLOWER at term 0 for startAsFollower
2019-10-18 12:31:54,706 [pool-32-thread-1] INFO  impl.RoleInfo (RoleInfo.java:updateAndGet(143)) - 6af5dfc0-d4d0-48db-9aa9-c45e51549e54: start FollowerState
2019-10-18 12:31:54,711 [pool-32-thread-1] INFO  util.JmxRegister (JmxRegister.java:tryRegister(44)) - Successfully registered JMX Bean with object name Ratis:service=RaftServer,group=group-1B72D90B0FC7,id=6af5dfc0-d4d0-48db-9aa9-c45e51549e54
2019-10-18 12:31:54,767 [Thread-201] INFO  impl.FollowerState (FollowerState.java:run(108)) - 6af5dfc0-d4d0-48db-9aa9-c45e51549e54@group-1B72D90B0FC7-FollowerState: change to CANDIDATE, lastRpcTime:60ms, electionTimeout:60ms
2019-10-18 12:31:54,769 [Thread-201] INFO  impl.RoleInfo (RoleInfo.java:shutdownFollowerState(121)) - 6af5dfc0-d4d0-48db-9aa9-c45e51549e54: shutdown FollowerState
2019-10-18 12:31:54,769 [Thread-201] INFO  impl.RaftServerImpl (RaftServerImpl.java:setRole(184)) - 6af5dfc0-d4d0-48db-9aa9-c45e51549e54@group-1B72D90B0FC7: changes role from  FOLLOWER to CANDIDATE at term 0 for changeToCandidate
2019-10-18 12:31:54,769 [Thread-201] INFO  impl.RoleInfo (RoleInfo.java:updateAndGet(143)) - 6af5dfc0-d4d0-48db-9aa9-c45e51549e54: start LeaderElection
2019-10-18 12:31:54,775 [RatisPipelineUtilsThread] INFO  pipeline.PipelineStateManager (PipelineStateManager.java:addPipeline(56)) - Created pipeline Pipeline[ Id: 05912022-26cb-488e-91f2-1b72d90b0fc7, Nodes: 6af5dfc0-d4d0-48db-9aa9-c45e51549e54{ip: 192.168.34.56, host: pr-hdds-2330-xmbvw-1183399999, networkLocation: /rack1, certSerialId: null}, Type:RATIS, Factor:ONE, State:OPEN]
2019-10-18 12:31:54,794 [grpc-default-executor-0] INFO  impl.RaftServerProxy (RaftServerProxy.java:addNew(89)) - c39ba312-e57f-4b8c-998e-32538a6d88da: addNew group-A32815907D58:[c39ba312-e57f-4b8c-998e-32538a6d88da:192.168.34.56:44039] returns group-A32815907D58:java.util.concurrent.CompletableFuture@327787a4[Not completed]
2019-10-18 12:31:54,794 [6af5dfc0-d4d0-48db-9aa9-c45e51549e54@group-1B72D90B0FC7-LeaderElection2] INFO  impl.LeaderElection (LeaderElection.java:askForVotes(178)) - 6af5dfc0-d4d0-48db-9aa9-c45e51549e54@group-1B72D90B0FC7-LeaderElection2: begin an election at term 1 for -1: [6af5dfc0-d4d0-48db-9aa9-c45e51549e54:192.168.34.56:32981], old=null
2019-10-18 12:31:54,798 [6af5dfc0-d4d0-48db-9aa9-c45e51549e54@group-1B72D90B0FC7-LeaderElection2] INFO  impl.RoleInfo (RoleInfo.java:shutdownLeaderElection(134)) - 6af5dfc0-d4d0-48db-9aa9-c45e51549e54: shutdown LeaderElection
2019-10-18 12:31:54,799 [6af5dfc0-d4d0-48db-9aa9-c45e51549e54@group-1B72D90B0FC7-LeaderElection2] INFO  impl.RaftServerImpl (RaftServerImpl.java:setRole(184)) - 6af5dfc0-d4d0-48db-9aa9-c45e51549e54@group-1B72D90B0FC7: changes role from CANDIDATE to LEADER at term 1 for changeToLeader
2019-10-18 12:31:54,799 [6af5dfc0-d4d0-48db-9aa9-c45e51549e54@group-1B72D90B0FC7-LeaderElection2] INFO  impl.RaftServerImpl (ServerState.java:setLeader(256)) - 6af5dfc0-d4d0-48db-9aa9-c45e51549e54@group-1B72D90B0FC7: change Leader from null to 6af5dfc0-d4d0-48db-9aa9-c45e51549e54 at term 1 for becomeLeader, leader elected after 114ms
2019-10-18 12:31:54,805 [6af5dfc0-d4d0-48db-9aa9-c45e51549e54@group-1B72D90B0FC7-LeaderElection2] INFO  server.RaftServerConfigKeys (ConfUtils.java:logGet(43)) - raft.server.staging.catchup.gap = 1000 (default)
2019-10-18 12:31:54,808 [6af5dfc0-d4d0-48db-9aa9-c45e51549e54@group-1B72D90B0FC7-LeaderElection2] INFO  server.RaftServerConfigKeys (ConfUtils.java:logGet(43)) - raft.server.rpc.sleep.time = 25ms (default)
2019-10-18 12:31:54,809 [6af5dfc0-d4d0-48db-9aa9-c45e51549e54@group-1B72D90B0FC7-LeaderElection2] INFO  server.RaftServerConfigKeys (ConfUtils.java:logGet(43)) - raft.server.write.element-limit = 4096 (default)
2019-10-18 12:31:54,809 [6af5dfc0-d4d0-48db-9aa9-c45e51549e54@group-1B72D90B0FC7-LeaderElection2] INFO  server.RaftServerConfigKeys (ConfUtils.java:logGet(43)) - raft.server.watch.timeout = 10s (default)
2019-10-18 12:31:54,809 [6af5dfc0-d4d0-48db-9aa9-c45e51549e54@group-1B72D90B0FC7-LeaderElection2] INFO  server.RaftServerConfigKeys (ConfUtils.java:logGet(43)) - raft.server.watch.timeout.denomination = 1s (default)
2019-10-18 12:31:54,809 [6af5dfc0-d4d0-48db-9aa9-c45e51549e54@group-1B72D90B0FC7-LeaderElection2] INFO  server.RaftServerConfigKeys (ConfUtils.java:logGet(43)) - raft.server.watch.element-limit = 65536 (default)
2019-10-18 12:31:54,810 [pool-62-thread-1] INFO  impl.RaftServerImpl (RaftServerImpl.java:<init>(104)) - c39ba312-e57f-4b8c-998e-32538a6d88da: new RaftServerImpl for group-A32815907D58:[c39ba312-e57f-4b8c-998e-32538a6d88da:192.168.34.56:44039] with ContainerStateMachine:uninitialized
2019-10-18 12:31:54,813 [pool-62-thread-1] INFO  server.RaftServerConfigKeys (ConfUtils.java:logGet(43)) - raft.server.rpc.timeout.min = 5s (custom)
2019-10-18 12:31:54,814 [pool-62-thread-1] INFO  server.RaftServerConfigKeys (ConfUtils.java:logGet(43)) - raft.server.rpc.timeout.max = 5200ms (custom)
2019-10-18 12:31:54,814 [pool-62-thread-1] INFO  server.RaftServerConfigKeys (ConfUtils.java:logGet(43)) - raft.server.rpcslowness.timeout = 120s (custom)
2019-10-18 12:31:54,814 [pool-62-thread-1] INFO  server.RaftServerConfigKeys (ConfUtils.java:logGet(43)) - raft.server.sleep.deviation.threshold = 300 (default)
2019-10-18 12:31:54,814 [pool-62-thread-1] INFO  server.RaftServerConfigKeys (ConfUtils.java:logGet(43)) - raft.server.log.appender.install.snapshot.enabled = false (custom)
2019-10-18 12:31:54,814 [pool-62-thread-1] INFO  impl.RaftServerImpl (ServerState.java:<init>(103)) - c39ba312-e57f-4b8c-998e-32538a6d88da@group-A32815907D58: ConfigurationManager, init=-1: [c39ba312-e57f-4b8c-998e-32538a6d88da:192.168.34.56:44039], old=null, confs=<EMPTY_MAP>
2019-10-18 12:31:54,815 [pool-62-thread-1] INFO  server.RaftServerConfigKeys (ConfUtils.java:logGet(43)) - raft.server.storage.dir = [/workdir/hadoop-ozone/integration-test/target/test-dir/MiniOzoneClusterImpl-09368371-5dcc-462f-b108-fe46c3d39f8a/datanode-3/data/ratis] (custom)
2019-10-18 12:31:54,815 [pool-62-thread-1] INFO  server.RaftServerConfigKeys (ConfUtils.java:logGet(43)) - raft.server.log.corruption.policy = EXCEPTION (default)
2019-10-18 12:31:54,816 [pool-62-thread-1] INFO  storage.RaftStorageDirectory (RaftStorageDirectory.java:analyzeStorage(246)) - The storage directory /workdir/hadoop-ozone/integration-test/target/test-dir/MiniOzoneClusterImpl-09368371-5dcc-462f-b108-fe46c3d39f8a/datanode-3/data/ratis/6ade2e50-f38d-4e1a-82c9-a32815907d58 does not exist. Creating ...
2019-10-18 12:31:54,817 [6af5dfc0-d4d0-48db-9aa9-c45e51549e54@group-1B72D90B0FC7-LeaderElection2] INFO  impl.RoleInfo (RoleInfo.java:updateAndGet(143)) - 6af5dfc0-d4d0-48db-9aa9-c45e51549e54: start LeaderState
2019-10-18 12:31:54,818 [6af5dfc0-d4d0-48db-9aa9-c45e51549e54@group-1B72D90B0FC7-LeaderElection2] INFO  segmented.SegmentedRaftLogWorker (SegmentedRaftLogWorker.java:startLogSegment(385)) - 6af5dfc0-d4d0-48db-9aa9-c45e51549e54@group-1B72D90B0FC7-SegmentedRaftLogWorker: Starting segment from index:0
2019-10-18 12:31:54,818 [6af5dfc0-d4d0-48db-9aa9-c45e51549e54@group-1B72D90B0FC7-LeaderElection2] INFO  impl.RaftServerImpl (ServerState.java:setRaftConf(357)) - 6af5dfc0-d4d0-48db-9aa9-c45e51549e54@group-1B72D90B0FC7: set configuration 0: [6af5dfc0-d4d0-48db-9aa9-c45e51549e54:192.168.34.56:32981], old=null at 0
2019-10-18 12:31:54,855 [pool-62-thread-1] INFO  storage.RaftStorageDirectory (RaftStorageDirectory.java:tryLock(328)) - Lock on /workdir/hadoop-ozone/integration-test/target/test-dir/MiniOzoneClusterImpl-09368371-5dcc-462f-b108-fe46c3d39f8a/datanode-3/data/ratis/6ade2e50-f38d-4e1a-82c9-a32815907d58/in_use.lock acquired by nodename 7691@pr-hdds-2330-xmbvw-1183399999
2019-10-18 12:31:54,877 [6af5dfc0-d4d0-48db-9aa9-c45e51549e54@group-1B72D90B0FC7-SegmentedRaftLogWorker] INFO  segmented.SegmentedRaftLogWorker (SegmentedRaftLogWorker.java:execute(576)) - 6af5dfc0-d4d0-48db-9aa9-c45e51549e54@group-1B72D90B0FC7-SegmentedRaftLogWorker: created new log segment /workdir/hadoop-ozone/integration-test/target/test-dir/MiniOzoneClusterImpl-09368371-5dcc-462f-b108-fe46c3d39f8a/datanode-0/data/ratis/05912022-26cb-488e-91f2-1b72d90b0fc7/current/log_inprogress_0
2019-10-18 12:31:54,877 [pool-62-thread-1] INFO  storage.RaftStorage (RaftStorage.java:format(84)) - Storage directory /workdir/hadoop-ozone/integration-test/target/test-dir/MiniOzoneClusterImpl-09368371-5dcc-462f-b108-fe46c3d39f8a/datanode-3/data/ratis/6ade2e50-f38d-4e1a-82c9-a32815907d58 has been successfully formatted.
2019-10-18 12:31:54,878 [pool-62-thread-1] INFO  ratis.ContainerStateMachine (ContainerStateMachine.java:loadSnapshot(231)) - group-A32815907D58: The snapshot info is null. Setting the last applied indexto:(t:0, i:~)
2019-10-18 12:31:54,878 [pool-62-thread-1] INFO  server.RaftServerConfigKeys (ConfUtils.java:logGet(43)) - raft.server.notification.no-leader.timeout = 120s (custom)
2019-10-18 12:31:54,878 [pool-62-thread-1] INFO  server.RaftServerConfigKeys (ConfUtils.java:logGet(43)) - raft.server.log.use.memory = false (default)
2019-10-18 12:31:54,878 [pool-62-thread-1] INFO  server.RaftServerConfigKeys (ConfUtils.java:logGet(43)) - raft.server.log.purge.gap = 1000000 (custom)
2019-10-18 12:31:54,878 [pool-62-thread-1] INFO  server.RaftServerConfigKeys (ConfUtils.java:logGet(43)) - raft.server.log.appender.buffer.byte-limit = 33554432 (custom)
2019-10-18 12:31:54,879 [pool-62-thread-1] INFO  server.RaftServerConfigKeys (ConfUtils.java:logGet(43)) - raft.server.log.segment.size.max = 1048576 (custom)
2019-10-18 12:31:54,882 [pool-62-thread-1] INFO  server.RaftServerConfigKeys (ConfUtils.java:logGet(43)) - raft.server.log.segment.cache.num.max = 2 (custom)
2019-10-18 12:31:54,882 [pool-62-thread-1] INFO  segmented.SegmentedRaftLogWorker (SegmentedRaftLogWorker.java:<init>(173)) - new c39ba312-e57f-4b8c-998e-32538a6d88da@group-A32815907D58-SegmentedRaftLogWorker for RaftStorage:Storage Directory /workdir/hadoop-ozone/integration-test/target/test-dir/MiniOzoneClusterImpl-09368371-5dcc-462f-b108-fe46c3d39f8a/datanode-3/data/ratis/6ade2e50-f38d-4e1a-82c9-a32815907d58
2019-10-18 12:31:54,882 [pool-62-thread-1] INFO  server.RaftServerConfigKeys (ConfUtils.java:logGet(43)) - raft.server.log.queue.byte-limit = 2147483647 (custom)
2019-10-18 12:31:54,883 [pool-62-thread-1] INFO  server.RaftServerConfigKeys (ConfUtils.java:logGet(43)) - raft.server.log.queue.element-limit = 1024 (custom)
2019-10-18 12:31:54,883 [pool-62-thread-1] INFO  server.RaftServerConfigKeys (ConfUtils.java:logGet(43)) - raft.server.log.segment.size.max = 1048576 (custom)
2019-10-18 12:31:54,883 [pool-62-thread-1] INFO  server.RaftServerConfigKeys (ConfUtils.java:logGet(43)) - raft.server.log.preallocated.size = 16384 (custom)
2019-10-18 12:31:54,883 [pool-62-thread-1] INFO  server.RaftServerConfigKeys (ConfUtils.java:logGet(43)) - raft.server.log.write.buffer.size = 33554432 (custom)
2019-10-18 12:31:54,883 [pool-62-thread-1] INFO  server.RaftServerConfigKeys (ConfUtils.java:logGet(43)) - raft.server.log.force.sync.num = 128 (default)
2019-10-18 12:31:54,883 [pool-62-thread-1] INFO  server.RaftServerConfigKeys (ConfUtils.java:logGet(43)) - raft.server.log.statemachine.data.sync = true (default)
2019-10-18 12:31:54,883 [pool-62-thread-1] INFO  server.RaftServerConfigKeys (ConfUtils.java:logGet(43)) - raft.server.log.statemachine.data.sync.timeout = 10s (default)
2019-10-18 12:31:54,884 [pool-62-thread-1] INFO  server.RaftServerConfigKeys (ConfUtils.java:logGet(43)) - raft.server.log.statemachine.data.sync.timeout.retry = -1 (default)
2019-10-18 12:31:54,884 [pool-62-thread-1] INFO  server.RaftServerConfigKeys (ConfUtils.java:logGet(43)) - raft.server.log.statemachine.data.caching.enabled = true (custom)
2019-10-18 12:31:54,885 [pool-62-thread-1] INFO  segmented.SegmentedRaftLogWorker (SegmentedRaftLogWorker.java:lambda$new$0(128)) - c39ba312-e57f-4b8c-998e-32538a6d88da@group-A32815907D58-SegmentedRaftLogWorker: flushIndex: setUnconditionally 0 -> -1
2019-10-18 12:31:54,885 [pool-62-thread-1] INFO  server.RaftServerConfigKeys (ConfUtils.java:logGet(43)) - raft.server.snapshot.auto.trigger.enabled = true (custom)
2019-10-18 12:31:54,885 [pool-62-thread-1] INFO  server.RaftServerConfigKeys (ConfUtils.java:logGet(43)) - raft.server.snapshot.auto.trigger.threshold = 10000 (custom)
2019-10-18 12:31:54,885 [pool-62-thread-1] INFO  server.RaftServerConfigKeys (ConfUtils.java:logGet(43)) - raft.server.snapshot.retention.file.num = 5 (custom)
2019-10-18 12:31:54,886 [pool-62-thread-1] INFO  server.RaftServerConfigKeys (ConfUtils.java:logGet(43)) - raft.server.retrycache.expirytime = 600000ms (custom)
2019-10-18 12:31:54,891 [pool-62-thread-1] INFO  impl.RaftServerImpl (RaftServerImpl.java:start(195)) - c39ba312-e57f-4b8c-998e-32538a6d88da@group-A32815907D58: start as a follower, conf=-1: [c39ba312-e57f-4b8c-998e-32538a6d88da:192.168.34.56:44039], old=null
2019-10-18 12:31:54,892 [pool-62-thread-1] INFO  impl.RaftServerImpl (RaftServerImpl.java:setRole(184)) - c39ba312-e57f-4b8c-998e-32538a6d88da@group-A32815907D58: changes role from      null to FOLLOWER at term 0 for startAsFollower
2019-10-18 12:31:54,892 [pool-62-thread-1] INFO  impl.RoleInfo (RoleInfo.java:updateAndGet(143)) - c39ba312-e57f-4b8c-998e-32538a6d88da: start FollowerState
2019-10-18 12:31:54,892 [pool-62-thread-1] INFO  util.JmxRegister (JmxRegister.java:tryRegister(44)) - Successfully registered JMX Bean with object name Ratis:service=RaftServer,group=group-A32815907D58,id=c39ba312-e57f-4b8c-998e-32538a6d88da
2019-10-18 12:31:54,907 [RatisPipelineUtilsThread] INFO  pipeline.PipelineStateManager (PipelineStateManager.java:addPipeline(56)) - Created pipeline Pipeline[ Id: 6ade2e50-f38d-4e1a-82c9-a32815907d58, Nodes: c39ba312-e57f-4b8c-998e-32538a6d88da{ip: 192.168.34.56, host: pr-hdds-2330-xmbvw-1183399999, networkLocation: /rack1, certSerialId: null}, Type:RATIS, Factor:ONE, State:OPEN]
2019-10-18 12:31:54,931 [grpc-default-executor-0] INFO  impl.RaftServerProxy (RaftServerProxy.java:addNew(89)) - 67d877d9-ecd0-4b7d-838e-89aa2c4103c0: addNew group-08B61D1E512D:[67d877d9-ecd0-4b7d-838e-89aa2c4103c0:192.168.34.56:33816] returns group-08B61D1E512D:java.util.concurrent.CompletableFuture@4c329b38[Not completed]
2019-10-18 12:31:54,933 [pool-52-thread-1] INFO  impl.RaftServerImpl (RaftServerImpl.java:<init>(104)) - 67d877d9-ecd0-4b7d-838e-89aa2c4103c0: new RaftServerImpl for group-08B61D1E512D:[67d877d9-ecd0-4b7d-838e-89aa2c4103c0:192.168.34.56:33816] with ContainerStateMachine:uninitialized
2019-10-18 12:31:54,934 [pool-52-thread-1] INFO  server.RaftServerConfigKeys (ConfUtils.java:logGet(43)) - raft.server.rpc.timeout.min = 5s (custom)
2019-10-18 12:31:54,934 [pool-52-thread-1] INFO  server.RaftServerConfigKeys (ConfUtils.java:logGet(43)) - raft.server.rpc.timeout.max = 5200ms (custom)
2019-10-18 12:31:54,934 [pool-52-thread-1] INFO  server.RaftServerConfigKeys (ConfUtils.java:logGet(43)) - raft.server.rpcslowness.timeout = 120s (custom)
2019-10-18 12:31:54,934 [pool-52-thread-1] INFO  server.RaftServerConfigKeys (ConfUtils.java:logGet(43)) - raft.server.sleep.deviation.threshold = 300 (default)
2019-10-18 12:31:54,934 [pool-52-thread-1] INFO  server.RaftServerConfigKeys (ConfUtils.java:logGet(43)) - raft.server.log.appender.install.snapshot.enabled = false (custom)
2019-10-18 12:31:54,935 [pool-52-thread-1] INFO  impl.RaftServerImpl (ServerState.java:<init>(103)) - 67d877d9-ecd0-4b7d-838e-89aa2c4103c0@group-08B61D1E512D: ConfigurationManager, init=-1: [67d877d9-ecd0-4b7d-838e-89aa2c4103c0:192.168.34.56:33816], old=null, confs=<EMPTY_MAP>
2019-10-18 12:31:54,935 [pool-52-thread-1] INFO  server.RaftServerConfigKeys (ConfUtils.java:logGet(43)) - raft.server.storage.dir = [/workdir/hadoop-ozone/integration-test/target/test-dir/MiniOzoneClusterImpl-09368371-5dcc-462f-b108-fe46c3d39f8a/datanode-2/data/ratis] (custom)
2019-10-18 12:31:54,935 [pool-52-thread-1] INFO  server.RaftServerConfigKeys (ConfUtils.java:logGet(43)) - raft.server.log.corruption.policy = EXCEPTION (default)
2019-10-18 12:31:54,936 [pool-52-thread-1] INFO  storage.RaftStorageDirectory (RaftStorageDirectory.java:analyzeStorage(246)) - The storage directory /workdir/hadoop-ozone/integration-test/target/test-dir/MiniOzoneClusterImpl-09368371-5dcc-462f-b108-fe46c3d39f8a/datanode-2/data/ratis/a726e9de-e54e-4b8a-b75b-08b61d1e512d does not exist. Creating ...
2019-10-18 12:31:54,957 [pool-52-thread-1] INFO  storage.RaftStorageDirectory (RaftStorageDirectory.java:tryLock(328)) - Lock on /workdir/hadoop-ozone/integration-test/target/test-dir/MiniOzoneClusterImpl-09368371-5dcc-462f-b108-fe46c3d39f8a/datanode-2/data/ratis/a726e9de-e54e-4b8a-b75b-08b61d1e512d/in_use.lock acquired by nodename 7691@pr-hdds-2330-xmbvw-1183399999
2019-10-18 12:31:54,986 [pool-52-thread-1] INFO  storage.RaftStorage (RaftStorage.java:format(84)) - Storage directory /workdir/hadoop-ozone/integration-test/target/test-dir/MiniOzoneClusterImpl-09368371-5dcc-462f-b108-fe46c3d39f8a/datanode-2/data/ratis/a726e9de-e54e-4b8a-b75b-08b61d1e512d has been successfully formatted.
2019-10-18 12:31:54,987 [pool-52-thread-1] INFO  ratis.ContainerStateMachine (ContainerStateMachine.java:loadSnapshot(231)) - group-08B61D1E512D: The snapshot info is null. Setting the last applied indexto:(t:0, i:~)
2019-10-18 12:31:54,989 [pool-52-thread-1] INFO  server.RaftServerConfigKeys (ConfUtils.java:logGet(43)) - raft.server.notification.no-leader.timeout = 120s (custom)
2019-10-18 12:31:54,989 [pool-52-thread-1] INFO  server.RaftServerConfigKeys (ConfUtils.java:logGet(43)) - raft.server.log.use.memory = false (default)
2019-10-18 12:31:54,989 [pool-52-thread-1] INFO  server.RaftServerConfigKeys (ConfUtils.java:logGet(43)) - raft.server.log.purge.gap = 1000000 (custom)
2019-10-18 12:31:54,989 [pool-52-thread-1] INFO  server.RaftServerConfigKeys (ConfUtils.java:logGet(43)) - raft.server.log.appender.buffer.byte-limit = 33554432 (custom)
2019-10-18 12:31:54,989 [pool-52-thread-1] INFO  server.RaftServerConfigKeys (ConfUtils.java:logGet(43)) - raft.server.log.segment.size.max = 1048576 (custom)
2019-10-18 12:31:54,994 [pool-52-thread-1] INFO  server.RaftServerConfigKeys (ConfUtils.java:logGet(43)) - raft.server.log.segment.cache.num.max = 2 (custom)
2019-10-18 12:31:54,994 [pool-52-thread-1] INFO  segmented.SegmentedRaftLogWorker (SegmentedRaftLogWorker.java:<init>(173)) - new 67d877d9-ecd0-4b7d-838e-89aa2c4103c0@group-08B61D1E512D-SegmentedRaftLogWorker for RaftStorage:Storage Directory /workdir/hadoop-ozone/integration-test/target/test-dir/MiniOzoneClusterImpl-09368371-5dcc-462f-b108-fe46c3d39f8a/datanode-2/data/ratis/a726e9de-e54e-4b8a-b75b-08b61d1e512d
2019-10-18 12:31:54,994 [pool-52-thread-1] INFO  server.RaftServerConfigKeys (ConfUtils.java:logGet(43)) - raft.server.log.queue.byte-limit = 2147483647 (custom)
2019-10-18 12:31:54,994 [pool-52-thread-1] INFO  server.RaftServerConfigKeys (ConfUtils.java:logGet(43)) - raft.server.log.queue.element-limit = 1024 (custom)
2019-10-18 12:31:54,994 [pool-52-thread-1] INFO  server.RaftServerConfigKeys (ConfUtils.java:logGet(43)) - raft.server.log.segment.size.max = 1048576 (custom)
2019-10-18 12:31:54,995 [pool-52-thread-1] INFO  server.RaftServerConfigKeys (ConfUtils.java:logGet(43)) - raft.server.log.preallocated.size = 16384 (custom)
2019-10-18 12:31:54,995 [pool-52-thread-1] INFO  server.RaftServerConfigKeys (ConfUtils.java:logGet(43)) - raft.server.log.write.buffer.size = 33554432 (custom)
2019-10-18 12:31:54,995 [pool-52-thread-1] INFO  server.RaftServerConfigKeys (ConfUtils.java:logGet(43)) - raft.server.log.force.sync.num = 128 (default)
2019-10-18 12:31:54,995 [pool-52-thread-1] INFO  server.RaftServerConfigKeys (ConfUtils.java:logGet(43)) - raft.server.log.statemachine.data.sync = true (default)
2019-10-18 12:31:54,995 [pool-52-thread-1] INFO  server.RaftServerConfigKeys (ConfUtils.java:logGet(43)) - raft.server.log.statemachine.data.sync.timeout = 10s (default)
2019-10-18 12:31:54,996 [pool-52-thread-1] INFO  server.RaftServerConfigKeys (ConfUtils.java:logGet(43)) - raft.server.log.statemachine.data.sync.timeout.retry = -1 (default)
2019-10-18 12:31:54,997 [pool-52-thread-1] INFO  server.RaftServerConfigKeys (ConfUtils.java:logGet(43)) - raft.server.log.statemachine.data.caching.enabled = true (custom)
2019-10-18 12:31:54,997 [pool-52-thread-1] INFO  segmented.SegmentedRaftLogWorker (SegmentedRaftLogWorker.java:lambda$new$0(128)) - 67d877d9-ecd0-4b7d-838e-89aa2c4103c0@group-08B61D1E512D-SegmentedRaftLogWorker: flushIndex: setUnconditionally 0 -> -1
2019-10-18 12:31:54,998 [pool-52-thread-1] INFO  server.RaftServerConfigKeys (ConfUtils.java:logGet(43)) - raft.server.snapshot.auto.trigger.enabled = true (custom)
2019-10-18 12:31:54,998 [pool-52-thread-1] INFO  server.RaftServerConfigKeys (ConfUtils.java:logGet(43)) - raft.server.snapshot.auto.trigger.threshold = 10000 (custom)
2019-10-18 12:31:54,998 [pool-52-thread-1] INFO  server.RaftServerConfigKeys (ConfUtils.java:logGet(43)) - raft.server.snapshot.retention.file.num = 5 (custom)
2019-10-18 12:31:54,998 [pool-52-thread-1] INFO  server.RaftServerConfigKeys (ConfUtils.java:logGet(43)) - raft.server.retrycache.expirytime = 600000ms (custom)
2019-10-18 12:31:55,003 [pool-52-thread-1] INFO  impl.RaftServerImpl (RaftServerImpl.java:start(195)) - 67d877d9-ecd0-4b7d-838e-89aa2c4103c0@group-08B61D1E512D: start as a follower, conf=-1: [67d877d9-ecd0-4b7d-838e-89aa2c4103c0:192.168.34.56:33816], old=null
2019-10-18 12:31:55,004 [pool-52-thread-1] INFO  impl.RaftServerImpl (RaftServerImpl.java:setRole(184)) - 67d877d9-ecd0-4b7d-838e-89aa2c4103c0@group-08B61D1E512D: changes role from      null to FOLLOWER at term 0 for startAsFollower
2019-10-18 12:31:55,004 [pool-52-thread-1] INFO  impl.RoleInfo (RoleInfo.java:updateAndGet(143)) - 67d877d9-ecd0-4b7d-838e-89aa2c4103c0: start FollowerState
2019-10-18 12:31:55,004 [pool-52-thread-1] INFO  util.JmxRegister (JmxRegister.java:tryRegister(44)) - Successfully registered JMX Bean with object name Ratis:service=RaftServer,group=group-08B61D1E512D,id=67d877d9-ecd0-4b7d-838e-89aa2c4103c0
2019-10-18 12:31:55,016 [RatisPipelineUtilsThread] INFO  pipeline.PipelineStateManager (PipelineStateManager.java:addPipeline(56)) - Created pipeline Pipeline[ Id: a726e9de-e54e-4b8a-b75b-08b61d1e512d, Nodes: 67d877d9-ecd0-4b7d-838e-89aa2c4103c0{ip: 192.168.34.56, host: pr-hdds-2330-xmbvw-1183399999, networkLocation: /rack1, certSerialId: null}, Type:RATIS, Factor:ONE, State:OPEN]
2019-10-18 12:31:55,032 [grpc-default-executor-0] INFO  impl.RaftServerProxy (RaftServerProxy.java:addNew(89)) - 844936dc-70ea-40d1-a9e6-b90d8e46784e: addNew group-56434D39015B:[844936dc-70ea-40d1-a9e6-b90d8e46784e:192.168.34.56:43167] returns group-56434D39015B:java.util.concurrent.CompletableFuture@60681dc7[Not completed]
2019-10-18 12:31:55,035 [pool-42-thread-1] INFO  impl.RaftServerImpl (RaftServerImpl.java:<init>(104)) - 844936dc-70ea-40d1-a9e6-b90d8e46784e: new RaftServerImpl for group-56434D39015B:[844936dc-70ea-40d1-a9e6-b90d8e46784e:192.168.34.56:43167] with ContainerStateMachine:uninitialized
2019-10-18 12:31:55,035 [pool-42-thread-1] INFO  server.RaftServerConfigKeys (ConfUtils.java:logGet(43)) - raft.server.rpc.timeout.min = 5s (custom)
2019-10-18 12:31:55,035 [pool-42-thread-1] INFO  server.RaftServerConfigKeys (ConfUtils.java:logGet(43)) - raft.server.rpc.timeout.max = 5200ms (custom)
2019-10-18 12:31:55,036 [pool-42-thread-1] INFO  server.RaftServerConfigKeys (ConfUtils.java:logGet(43)) - raft.server.rpcslowness.timeout = 120s (custom)
2019-10-18 12:31:55,036 [pool-42-thread-1] INFO  server.RaftServerConfigKeys (ConfUtils.java:logGet(43)) - raft.server.sleep.deviation.threshold = 300 (default)
2019-10-18 12:31:55,036 [pool-42-thread-1] INFO  server.RaftServerConfigKeys (ConfUtils.java:logGet(43)) - raft.server.log.appender.install.snapshot.enabled = false (custom)
2019-10-18 12:31:55,036 [pool-42-thread-1] INFO  impl.RaftServerImpl (ServerState.java:<init>(103)) - 844936dc-70ea-40d1-a9e6-b90d8e46784e@group-56434D39015B: ConfigurationManager, init=-1: [844936dc-70ea-40d1-a9e6-b90d8e46784e:192.168.34.56:43167], old=null, confs=<EMPTY_MAP>
2019-10-18 12:31:55,037 [pool-42-thread-1] INFO  server.RaftServerConfigKeys (ConfUtils.java:logGet(43)) - raft.server.storage.dir = [/workdir/hadoop-ozone/integration-test/target/test-dir/MiniOzoneClusterImpl-09368371-5dcc-462f-b108-fe46c3d39f8a/datanode-1/data/ratis] (custom)
2019-10-18 12:31:55,037 [pool-42-thread-1] INFO  server.RaftServerConfigKeys (ConfUtils.java:logGet(43)) - raft.server.log.corruption.policy = EXCEPTION (default)
2019-10-18 12:31:55,038 [pool-42-thread-1] INFO  storage.RaftStorageDirectory (RaftStorageDirectory.java:analyzeStorage(246)) - The storage directory /workdir/hadoop-ozone/integration-test/target/test-dir/MiniOzoneClusterImpl-09368371-5dcc-462f-b108-fe46c3d39f8a/datanode-1/data/ratis/6d67c6d8-bdc1-4941-9084-56434d39015b does not exist. Creating ...
2019-10-18 12:31:55,049 [Thread-206] INFO  impl.FollowerState (FollowerState.java:run(108)) - c39ba312-e57f-4b8c-998e-32538a6d88da@group-A32815907D58-FollowerState: change to CANDIDATE, lastRpcTime:157ms, electionTimeout:157ms
2019-10-18 12:31:55,050 [Thread-206] INFO  impl.RoleInfo (RoleInfo.java:shutdownFollowerState(121)) - c39ba312-e57f-4b8c-998e-32538a6d88da: shutdown FollowerState
2019-10-18 12:31:55,050 [Thread-206] INFO  impl.RaftServerImpl (RaftServerImpl.java:setRole(184)) - c39ba312-e57f-4b8c-998e-32538a6d88da@group-A32815907D58: changes role from  FOLLOWER to CANDIDATE at term 0 for changeToCandidate
2019-10-18 12:31:55,050 [Thread-206] INFO  impl.RoleInfo (RoleInfo.java:updateAndGet(143)) - c39ba312-e57f-4b8c-998e-32538a6d88da: start LeaderElection
2019-10-18 12:31:55,067 [pool-42-thread-1] INFO  storage.RaftStorageDirectory (RaftStorageDirectory.java:tryLock(328)) - Lock on /workdir/hadoop-ozone/integration-test/target/test-dir/MiniOzoneClusterImpl-09368371-5dcc-462f-b108-fe46c3d39f8a/datanode-1/data/ratis/6d67c6d8-bdc1-4941-9084-56434d39015b/in_use.lock acquired by nodename 7691@pr-hdds-2330-xmbvw-1183399999
2019-10-18 12:31:55,079 [Thread-209] INFO  impl.FollowerState (FollowerState.java:run(108)) - 67d877d9-ecd0-4b7d-838e-89aa2c4103c0@group-08B61D1E512D-FollowerState: change to CANDIDATE, lastRpcTime:75ms, electionTimeout:75ms
2019-10-18 12:31:55,079 [Thread-209] INFO  impl.RoleInfo (RoleInfo.java:shutdownFollowerState(121)) - 67d877d9-ecd0-4b7d-838e-89aa2c4103c0: shutdown FollowerState
2019-10-18 12:31:55,080 [Thread-209] INFO  impl.RaftServerImpl (RaftServerImpl.java:setRole(184)) - 67d877d9-ecd0-4b7d-838e-89aa2c4103c0@group-08B61D1E512D: changes role from  FOLLOWER to CANDIDATE at term 0 for changeToCandidate
2019-10-18 12:31:55,080 [Thread-209] INFO  impl.RoleInfo (RoleInfo.java:updateAndGet(143)) - 67d877d9-ecd0-4b7d-838e-89aa2c4103c0: start LeaderElection
2019-10-18 12:31:55,085 [pool-42-thread-1] INFO  storage.RaftStorage (RaftStorage.java:format(84)) - Storage directory /workdir/hadoop-ozone/integration-test/target/test-dir/MiniOzoneClusterImpl-09368371-5dcc-462f-b108-fe46c3d39f8a/datanode-1/data/ratis/6d67c6d8-bdc1-4941-9084-56434d39015b has been successfully formatted.
2019-10-18 12:31:55,085 [c39ba312-e57f-4b8c-998e-32538a6d88da@group-A32815907D58-LeaderElection3] INFO  impl.LeaderElection (LeaderElection.java:askForVotes(178)) - c39ba312-e57f-4b8c-998e-32538a6d88da@group-A32815907D58-LeaderElection3: begin an election at term 1 for -1: [c39ba312-e57f-4b8c-998e-32538a6d88da:192.168.34.56:44039], old=null
2019-10-18 12:31:55,086 [c39ba312-e57f-4b8c-998e-32538a6d88da@group-A32815907D58-LeaderElection3] INFO  impl.RoleInfo (RoleInfo.java:shutdownLeaderElection(134)) - c39ba312-e57f-4b8c-998e-32538a6d88da: shutdown LeaderElection
2019-10-18 12:31:55,086 [pool-42-thread-1] INFO  ratis.ContainerStateMachine (ContainerStateMachine.java:loadSnapshot(231)) - group-56434D39015B: The snapshot info is null. Setting the last applied indexto:(t:0, i:~)
2019-10-18 12:31:55,086 [c39ba312-e57f-4b8c-998e-32538a6d88da@group-A32815907D58-LeaderElection3] INFO  impl.RaftServerImpl (RaftServerImpl.java:setRole(184)) - c39ba312-e57f-4b8c-998e-32538a6d88da@group-A32815907D58: changes role from CANDIDATE to LEADER at term 1 for changeToLeader
2019-10-18 12:31:55,086 [c39ba312-e57f-4b8c-998e-32538a6d88da@group-A32815907D58-LeaderElection3] INFO  impl.RaftServerImpl (ServerState.java:setLeader(256)) - c39ba312-e57f-4b8c-998e-32538a6d88da@group-A32815907D58: change Leader from null to c39ba312-e57f-4b8c-998e-32538a6d88da at term 1 for becomeLeader, leader elected after 208ms
2019-10-18 12:31:55,086 [pool-42-thread-1] INFO  server.RaftServerConfigKeys (ConfUtils.java:logGet(43)) - raft.server.notification.no-leader.timeout = 120s (custom)
2019-10-18 12:31:55,087 [c39ba312-e57f-4b8c-998e-32538a6d88da@group-A32815907D58-LeaderElection3] INFO  server.RaftServerConfigKeys (ConfUtils.java:logGet(43)) - raft.server.staging.catchup.gap = 1000 (default)
2019-10-18 12:31:55,087 [pool-42-thread-1] INFO  server.RaftServerConfigKeys (ConfUtils.java:logGet(43)) - raft.server.log.use.memory = false (default)
2019-10-18 12:31:55,087 [c39ba312-e57f-4b8c-998e-32538a6d88da@group-A32815907D58-LeaderElection3] INFO  server.RaftServerConfigKeys (ConfUtils.java:logGet(43)) - raft.server.rpc.sleep.time = 25ms (default)
2019-10-18 12:31:55,087 [pool-42-thread-1] INFO  server.RaftServerConfigKeys (ConfUtils.java:logGet(43)) - raft.server.log.purge.gap = 1000000 (custom)
2019-10-18 12:31:55,087 [c39ba312-e57f-4b8c-998e-32538a6d88da@group-A32815907D58-LeaderElection3] INFO  server.RaftServerConfigKeys (ConfUtils.java:logGet(43)) - raft.server.write.element-limit = 4096 (default)
2019-10-18 12:31:55,087 [pool-42-thread-1] INFO  server.RaftServerConfigKeys (ConfUtils.java:logGet(43)) - raft.server.log.appender.buffer.byte-limit = 33554432 (custom)
2019-10-18 12:31:55,087 [c39ba312-e57f-4b8c-998e-32538a6d88da@group-A32815907D58-LeaderElection3] INFO  server.RaftServerConfigKeys (ConfUtils.java:logGet(43)) - raft.server.watch.timeout = 10s (default)
2019-10-18 12:31:55,088 [pool-42-thread-1] INFO  server.RaftServerConfigKeys (ConfUtils.java:logGet(43)) - raft.server.log.segment.size.max = 1048576 (custom)
2019-10-18 12:31:55,088 [c39ba312-e57f-4b8c-998e-32538a6d88da@group-A32815907D58-LeaderElection3] INFO  server.RaftServerConfigKeys (ConfUtils.java:logGet(43)) - raft.server.watch.timeout.denomination = 1s (default)
2019-10-18 12:31:55,088 [c39ba312-e57f-4b8c-998e-32538a6d88da@group-A32815907D58-LeaderElection3] INFO  server.RaftServerConfigKeys (ConfUtils.java:logGet(43)) - raft.server.watch.element-limit = 65536 (default)
2019-10-18 12:31:55,092 [c39ba312-e57f-4b8c-998e-32538a6d88da@group-A32815907D58-LeaderElection3] INFO  impl.RoleInfo (RoleInfo.java:updateAndGet(143)) - c39ba312-e57f-4b8c-998e-32538a6d88da: start LeaderState
2019-10-18 12:31:55,092 [pool-42-thread-1] INFO  server.RaftServerConfigKeys (ConfUtils.java:logGet(43)) - raft.server.log.segment.cache.num.max = 2 (custom)
2019-10-18 12:31:55,092 [c39ba312-e57f-4b8c-998e-32538a6d88da@group-A32815907D58-LeaderElection3] INFO  segmented.SegmentedRaftLogWorker (SegmentedRaftLogWorker.java:startLogSegment(385)) - c39ba312-e57f-4b8c-998e-32538a6d88da@group-A32815907D58-SegmentedRaftLogWorker: Starting segment from index:0
2019-10-18 12:31:55,092 [pool-42-thread-1] INFO  segmented.SegmentedRaftLogWorker (SegmentedRaftLogWorker.java:<init>(173)) - new 844936dc-70ea-40d1-a9e6-b90d8e46784e@group-56434D39015B-SegmentedRaftLogWorker for RaftStorage:Storage Directory /workdir/hadoop-ozone/integration-test/target/test-dir/MiniOzoneClusterImpl-09368371-5dcc-462f-b108-fe46c3d39f8a/datanode-1/data/ratis/6d67c6d8-bdc1-4941-9084-56434d39015b
2019-10-18 12:31:55,092 [pool-42-thread-1] INFO  server.RaftServerConfigKeys (ConfUtils.java:logGet(43)) - raft.server.log.queue.byte-limit = 2147483647 (custom)
2019-10-18 12:31:55,092 [pool-42-thread-1] INFO  server.RaftServerConfigKeys (ConfUtils.java:logGet(43)) - raft.server.log.queue.element-limit = 1024 (custom)
2019-10-18 12:31:55,092 [c39ba312-e57f-4b8c-998e-32538a6d88da@group-A32815907D58-LeaderElection3] INFO  impl.RaftServerImpl (ServerState.java:setRaftConf(357)) - c39ba312-e57f-4b8c-998e-32538a6d88da@group-A32815907D58: set configuration 0: [c39ba312-e57f-4b8c-998e-32538a6d88da:192.168.34.56:44039], old=null at 0
2019-10-18 12:31:55,093 [pool-42-thread-1] INFO  server.RaftServerConfigKeys (ConfUtils.java:logGet(43)) - raft.server.log.segment.size.max = 1048576 (custom)
2019-10-18 12:31:55,116 [67d877d9-ecd0-4b7d-838e-89aa2c4103c0@group-08B61D1E512D-LeaderElection4] INFO  impl.LeaderElection (LeaderElection.java:askForVotes(178)) - 67d877d9-ecd0-4b7d-838e-89aa2c4103c0@group-08B61D1E512D-LeaderElection4: begin an election at term 1 for -1: [67d877d9-ecd0-4b7d-838e-89aa2c4103c0:192.168.34.56:33816], old=null
2019-10-18 12:31:55,116 [pool-42-thread-1] INFO  server.RaftServerConfigKeys (ConfUtils.java:logGet(43)) - raft.server.log.preallocated.size = 16384 (custom)
2019-10-18 12:31:55,117 [67d877d9-ecd0-4b7d-838e-89aa2c4103c0@group-08B61D1E512D-LeaderElection4] INFO  impl.RoleInfo (RoleInfo.java:shutdownLeaderElection(134)) - 67d877d9-ecd0-4b7d-838e-89aa2c4103c0: shutdown LeaderElection
2019-10-18 12:31:55,117 [pool-42-thread-1] INFO  server.RaftServerConfigKeys (ConfUtils.java:logGet(43)) - raft.server.log.write.buffer.size = 33554432 (custom)
2019-10-18 12:31:55,117 [67d877d9-ecd0-4b7d-838e-89aa2c4103c0@group-08B61D1E512D-LeaderElection4] INFO  impl.RaftServerImpl (RaftServerImpl.java:setRole(184)) - 67d877d9-ecd0-4b7d-838e-89aa2c4103c0@group-08B61D1E512D: changes role from CANDIDATE to LEADER at term 1 for changeToLeader
2019-10-18 12:31:55,117 [pool-42-thread-1] INFO  server.RaftServerConfigKeys (ConfUtils.java:logGet(43)) - raft.server.log.force.sync.num = 128 (default)
2019-10-18 12:31:55,117 [67d877d9-ecd0-4b7d-838e-89aa2c4103c0@group-08B61D1E512D-LeaderElection4] INFO  impl.RaftServerImpl (ServerState.java:setLeader(256)) - 67d877d9-ecd0-4b7d-838e-89aa2c4103c0@group-08B61D1E512D: change Leader from null to 67d877d9-ecd0-4b7d-838e-89aa2c4103c0 at term 1 for becomeLeader, leader elected after 128ms
2019-10-18 12:31:55,117 [pool-42-thread-1] INFO  server.RaftServerConfigKeys (ConfUtils.java:logGet(43)) - raft.server.log.statemachine.data.sync = true (default)
2019-10-18 12:31:55,118 [67d877d9-ecd0-4b7d-838e-89aa2c4103c0@group-08B61D1E512D-LeaderElection4] INFO  server.RaftServerConfigKeys (ConfUtils.java:logGet(43)) - raft.server.staging.catchup.gap = 1000 (default)
2019-10-18 12:31:55,118 [pool-42-thread-1] INFO  server.RaftServerConfigKeys (ConfUtils.java:logGet(43)) - raft.server.log.statemachine.data.sync.timeout = 10s (default)
2019-10-18 12:31:55,118 [67d877d9-ecd0-4b7d-838e-89aa2c4103c0@group-08B61D1E512D-LeaderElection4] INFO  server.RaftServerConfigKeys (ConfUtils.java:logGet(43)) - raft.server.rpc.sleep.time = 25ms (default)
2019-10-18 12:31:55,118 [pool-42-thread-1] INFO  server.RaftServerConfigKeys (ConfUtils.java:logGet(43)) - raft.server.log.statemachine.data.sync.timeout.retry = -1 (default)
2019-10-18 12:31:55,119 [67d877d9-ecd0-4b7d-838e-89aa2c4103c0@group-08B61D1E512D-LeaderElection4] INFO  server.RaftServerConfigKeys (ConfUtils.java:logGet(43)) - raft.server.write.element-limit = 4096 (default)
2019-10-18 12:31:55,119 [67d877d9-ecd0-4b7d-838e-89aa2c4103c0@group-08B61D1E512D-LeaderElection4] INFO  server.RaftServerConfigKeys (ConfUtils.java:logGet(43)) - raft.server.watch.timeout = 10s (default)
2019-10-18 12:31:55,119 [67d877d9-ecd0-4b7d-838e-89aa2c4103c0@group-08B61D1E512D-LeaderElection4] INFO  server.RaftServerConfigKeys (ConfUtils.java:logGet(43)) - raft.server.watch.timeout.denomination = 1s (default)
2019-10-18 12:31:55,119 [67d877d9-ecd0-4b7d-838e-89aa2c4103c0@group-08B61D1E512D-LeaderElection4] INFO  server.RaftServerConfigKeys (ConfUtils.java:logGet(43)) - raft.server.watch.element-limit = 65536 (default)
2019-10-18 12:31:55,120 [pool-42-thread-1] INFO  server.RaftServerConfigKeys (ConfUtils.java:logGet(43)) - raft.server.log.statemachine.data.caching.enabled = true (custom)
2019-10-18 12:31:55,120 [pool-42-thread-1] INFO  segmented.SegmentedRaftLogWorker (SegmentedRaftLogWorker.java:lambda$new$0(128)) - 844936dc-70ea-40d1-a9e6-b90d8e46784e@group-56434D39015B-SegmentedRaftLogWorker: flushIndex: setUnconditionally 0 -> -1
2019-10-18 12:31:55,121 [pool-42-thread-1] INFO  server.RaftServerConfigKeys (ConfUtils.java:logGet(43)) - raft.server.snapshot.auto.trigger.enabled = true (custom)
2019-10-18 12:31:55,121 [pool-42-thread-1] INFO  server.RaftServerConfigKeys (ConfUtils.java:logGet(43)) - raft.server.snapshot.auto.trigger.threshold = 10000 (custom)
2019-10-18 12:31:55,121 [pool-42-thread-1] INFO  server.RaftServerConfigKeys (ConfUtils.java:logGet(43)) - raft.server.snapshot.retention.file.num = 5 (custom)
2019-10-18 12:31:55,121 [pool-42-thread-1] INFO  server.RaftServerConfigKeys (ConfUtils.java:logGet(43)) - raft.server.retrycache.expirytime = 600000ms (custom)
2019-10-18 12:31:55,123 [67d877d9-ecd0-4b7d-838e-89aa2c4103c0@group-08B61D1E512D-LeaderElection4] INFO  impl.RoleInfo (RoleInfo.java:updateAndGet(143)) - 67d877d9-ecd0-4b7d-838e-89aa2c4103c0: start LeaderState
2019-10-18 12:31:55,124 [67d877d9-ecd0-4b7d-838e-89aa2c4103c0@group-08B61D1E512D-LeaderElection4] INFO  segmented.SegmentedRaftLogWorker (SegmentedRaftLogWorker.java:startLogSegment(385)) - 67d877d9-ecd0-4b7d-838e-89aa2c4103c0@group-08B61D1E512D-SegmentedRaftLogWorker: Starting segment from index:0
2019-10-18 12:31:55,125 [67d877d9-ecd0-4b7d-838e-89aa2c4103c0@group-08B61D1E512D-LeaderElection4] INFO  impl.RaftServerImpl (ServerState.java:setRaftConf(357)) - 67d877d9-ecd0-4b7d-838e-89aa2c4103c0@group-08B61D1E512D: set configuration 0: [67d877d9-ecd0-4b7d-838e-89aa2c4103c0:192.168.34.56:33816], old=null at 0
2019-10-18 12:31:55,160 [c39ba312-e57f-4b8c-998e-32538a6d88da@group-A32815907D58-SegmentedRaftLogWorker] INFO  segmented.SegmentedRaftLogWorker (SegmentedRaftLogWorker.java:execute(576)) - c39ba312-e57f-4b8c-998e-32538a6d88da@group-A32815907D58-SegmentedRaftLogWorker: created new log segment /workdir/hadoop-ozone/integration-test/target/test-dir/MiniOzoneClusterImpl-09368371-5dcc-462f-b108-fe46c3d39f8a/datanode-3/data/ratis/6ade2e50-f38d-4e1a-82c9-a32815907d58/current/log_inprogress_0
2019-10-18 12:31:55,165 [pool-42-thread-1] INFO  impl.RaftServerImpl (RaftServerImpl.java:start(195)) - 844936dc-70ea-40d1-a9e6-b90d8e46784e@group-56434D39015B: start as a follower, conf=-1: [844936dc-70ea-40d1-a9e6-b90d8e46784e:192.168.34.56:43167], old=null
2019-10-18 12:31:55,165 [pool-42-thread-1] INFO  impl.RaftServerImpl (RaftServerImpl.java:setRole(184)) - 844936dc-70ea-40d1-a9e6-b90d8e46784e@group-56434D39015B: changes role from      null to FOLLOWER at term 0 for startAsFollower
2019-10-18 12:31:55,165 [pool-42-thread-1] INFO  impl.RoleInfo (RoleInfo.java:updateAndGet(143)) - 844936dc-70ea-40d1-a9e6-b90d8e46784e: start FollowerState
2019-10-18 12:31:55,166 [pool-42-thread-1] INFO  util.JmxRegister (JmxRegister.java:tryRegister(44)) - Successfully registered JMX Bean with object name Ratis:service=RaftServer,group=group-56434D39015B,id=844936dc-70ea-40d1-a9e6-b90d8e46784e
2019-10-18 12:31:55,179 [RatisPipelineUtilsThread] INFO  pipeline.PipelineStateManager (PipelineStateManager.java:addPipeline(56)) - Created pipeline Pipeline[ Id: 6d67c6d8-bdc1-4941-9084-56434d39015b, Nodes: 844936dc-70ea-40d1-a9e6-b90d8e46784e{ip: 192.168.34.56, host: pr-hdds-2330-xmbvw-1183399999, networkLocation: /rack1, certSerialId: null}, Type:RATIS, Factor:ONE, State:OPEN]
2019-10-18 12:31:55,185 [67d877d9-ecd0-4b7d-838e-89aa2c4103c0@group-08B61D1E512D-SegmentedRaftLogWorker] INFO  segmented.SegmentedRaftLogWorker (SegmentedRaftLogWorker.java:execute(576)) - 67d877d9-ecd0-4b7d-838e-89aa2c4103c0@group-08B61D1E512D-SegmentedRaftLogWorker: created new log segment /workdir/hadoop-ozone/integration-test/target/test-dir/MiniOzoneClusterImpl-09368371-5dcc-462f-b108-fe46c3d39f8a/datanode-2/data/ratis/a726e9de-e54e-4b8a-b75b-08b61d1e512d/current/log_inprogress_0
2019-10-18 12:31:55,216 [grpc-default-executor-1] INFO  impl.RaftServerProxy (RaftServerProxy.java:addNew(89)) - 67d877d9-ecd0-4b7d-838e-89aa2c4103c0: addNew group-A09C527D8C6F:[c39ba312-e57f-4b8c-998e-32538a6d88da:192.168.34.56:44039, 67d877d9-ecd0-4b7d-838e-89aa2c4103c0:192.168.34.56:33816, 6af5dfc0-d4d0-48db-9aa9-c45e51549e54:192.168.34.56:32981] returns group-A09C527D8C6F:java.util.concurrent.CompletableFuture@282e3262[Not completed]
2019-10-18 12:31:55,223 [pool-52-thread-1] INFO  impl.RaftServerImpl (RaftServerImpl.java:<init>(104)) - 67d877d9-ecd0-4b7d-838e-89aa2c4103c0: new RaftServerImpl for group-A09C527D8C6F:[c39ba312-e57f-4b8c-998e-32538a6d88da:192.168.34.56:44039, 67d877d9-ecd0-4b7d-838e-89aa2c4103c0:192.168.34.56:33816, 6af5dfc0-d4d0-48db-9aa9-c45e51549e54:192.168.34.56:32981] with ContainerStateMachine:uninitialized
2019-10-18 12:31:55,223 [grpc-default-executor-1] INFO  impl.RaftServerProxy (RaftServerProxy.java:addNew(89)) - c39ba312-e57f-4b8c-998e-32538a6d88da: addNew group-A09C527D8C6F:[c39ba312-e57f-4b8c-998e-32538a6d88da:192.168.34.56:44039, 67d877d9-ecd0-4b7d-838e-89aa2c4103c0:192.168.34.56:33816, 6af5dfc0-d4d0-48db-9aa9-c45e51549e54:192.168.34.56:32981] returns group-A09C527D8C6F:java.util.concurrent.CompletableFuture@2c11a3bf[Not completed]
2019-10-18 12:31:55,223 [pool-52-thread-1] INFO  server.RaftServerConfigKeys (ConfUtils.java:logGet(43)) - raft.server.rpc.timeout.min = 5s (custom)
2019-10-18 12:31:55,223 [pool-52-thread-1] INFO  server.RaftServerConfigKeys (ConfUtils.java:logGet(43)) - raft.server.rpc.timeout.max = 5200ms (custom)
2019-10-18 12:31:55,223 [pool-52-thread-1] INFO  server.RaftServerConfigKeys (ConfUtils.java:logGet(43)) - raft.server.rpcslowness.timeout = 120s (custom)
2019-10-18 12:31:55,223 [pool-52-thread-1] INFO  server.RaftServerConfigKeys (ConfUtils.java:logGet(43)) - raft.server.sleep.deviation.threshold = 300 (default)
2019-10-18 12:31:55,223 [pool-52-thread-1] INFO  server.RaftServerConfigKeys (ConfUtils.java:logGet(43)) - raft.server.log.appender.install.snapshot.enabled = false (custom)
2019-10-18 12:31:55,224 [pool-52-thread-1] INFO  impl.RaftServerImpl (ServerState.java:<init>(103)) - 67d877d9-ecd0-4b7d-838e-89aa2c4103c0@group-A09C527D8C6F: ConfigurationManager, init=-1: [c39ba312-e57f-4b8c-998e-32538a6d88da:192.168.34.56:44039, 67d877d9-ecd0-4b7d-838e-89aa2c4103c0:192.168.34.56:33816, 6af5dfc0-d4d0-48db-9aa9-c45e51549e54:192.168.34.56:32981], old=null, confs=<EMPTY_MAP>
2019-10-18 12:31:55,224 [pool-52-thread-1] INFO  server.RaftServerConfigKeys (ConfUtils.java:logGet(43)) - raft.server.storage.dir = [/workdir/hadoop-ozone/integration-test/target/test-dir/MiniOzoneClusterImpl-09368371-5dcc-462f-b108-fe46c3d39f8a/datanode-2/data/ratis] (custom)
2019-10-18 12:31:55,224 [pool-52-thread-1] INFO  server.RaftServerConfigKeys (ConfUtils.java:logGet(43)) - raft.server.log.corruption.policy = EXCEPTION (default)
2019-10-18 12:31:55,225 [pool-52-thread-1] INFO  storage.RaftStorageDirectory (RaftStorageDirectory.java:analyzeStorage(246)) - The storage directory /workdir/hadoop-ozone/integration-test/target/test-dir/MiniOzoneClusterImpl-09368371-5dcc-462f-b108-fe46c3d39f8a/datanode-2/data/ratis/a195ed58-ebce-420d-9387-a09c527d8c6f does not exist. Creating ...
2019-10-18 12:31:55,226 [pool-62-thread-1] INFO  impl.RaftServerImpl (RaftServerImpl.java:<init>(104)) - c39ba312-e57f-4b8c-998e-32538a6d88da: new RaftServerImpl for group-A09C527D8C6F:[c39ba312-e57f-4b8c-998e-32538a6d88da:192.168.34.56:44039, 67d877d9-ecd0-4b7d-838e-89aa2c4103c0:192.168.34.56:33816, 6af5dfc0-d4d0-48db-9aa9-c45e51549e54:192.168.34.56:32981] with ContainerStateMachine:uninitialized
2019-10-18 12:31:55,226 [grpc-default-executor-1] INFO  impl.RaftServerProxy (RaftServerProxy.java:addNew(89)) - 6af5dfc0-d4d0-48db-9aa9-c45e51549e54: addNew group-A09C527D8C6F:[c39ba312-e57f-4b8c-998e-32538a6d88da:192.168.34.56:44039, 67d877d9-ecd0-4b7d-838e-89aa2c4103c0:192.168.34.56:33816, 6af5dfc0-d4d0-48db-9aa9-c45e51549e54:192.168.34.56:32981] returns group-A09C527D8C6F:java.util.concurrent.CompletableFuture@1d43a04[Not completed]
2019-10-18 12:31:55,226 [pool-62-thread-1] INFO  server.RaftServerConfigKeys (ConfUtils.java:logGet(43)) - raft.server.rpc.timeout.min = 5s (custom)
2019-10-18 12:31:55,226 [pool-62-thread-1] INFO  server.RaftServerConfigKeys (ConfUtils.java:logGet(43)) - raft.server.rpc.timeout.max = 5200ms (custom)
2019-10-18 12:31:55,226 [pool-62-thread-1] INFO  server.RaftServerConfigKeys (ConfUtils.java:logGet(43)) - raft.server.rpcslowness.timeout = 120s (custom)
2019-10-18 12:31:55,227 [pool-62-thread-1] INFO  server.RaftServerConfigKeys (ConfUtils.java:logGet(43)) - raft.server.sleep.deviation.threshold = 300 (default)
2019-10-18 12:31:55,227 [pool-62-thread-1] INFO  server.RaftServerConfigKeys (ConfUtils.java:logGet(43)) - raft.server.log.appender.install.snapshot.enabled = false (custom)
2019-10-18 12:31:55,227 [pool-62-thread-1] INFO  impl.RaftServerImpl (ServerState.java:<init>(103)) - c39ba312-e57f-4b8c-998e-32538a6d88da@group-A09C527D8C6F: ConfigurationManager, init=-1: [c39ba312-e57f-4b8c-998e-32538a6d88da:192.168.34.56:44039, 67d877d9-ecd0-4b7d-838e-89aa2c4103c0:192.168.34.56:33816, 6af5dfc0-d4d0-48db-9aa9-c45e51549e54:192.168.34.56:32981], old=null, confs=<EMPTY_MAP>
2019-10-18 12:31:55,227 [pool-62-thread-1] INFO  server.RaftServerConfigKeys (ConfUtils.java:logGet(43)) - raft.server.storage.dir = [/workdir/hadoop-ozone/integration-test/target/test-dir/MiniOzoneClusterImpl-09368371-5dcc-462f-b108-fe46c3d39f8a/datanode-3/data/ratis] (custom)
2019-10-18 12:31:55,227 [pool-32-thread-1] INFO  impl.RaftServerImpl (RaftServerImpl.java:<init>(104)) - 6af5dfc0-d4d0-48db-9aa9-c45e51549e54: new RaftServerImpl for group-A09C527D8C6F:[c39ba312-e57f-4b8c-998e-32538a6d88da:192.168.34.56:44039, 67d877d9-ecd0-4b7d-838e-89aa2c4103c0:192.168.34.56:33816, 6af5dfc0-d4d0-48db-9aa9-c45e51549e54:192.168.34.56:32981] with ContainerStateMachine:uninitialized
2019-10-18 12:31:55,227 [pool-62-thread-1] INFO  server.RaftServerConfigKeys (ConfUtils.java:logGet(43)) - raft.server.log.corruption.policy = EXCEPTION (default)
2019-10-18 12:31:55,228 [pool-32-thread-1] INFO  server.RaftServerConfigKeys (ConfUtils.java:logGet(43)) - raft.server.rpc.timeout.min = 5s (custom)
2019-10-18 12:31:55,228 [pool-32-thread-1] INFO  server.RaftServerConfigKeys (ConfUtils.java:logGet(43)) - raft.server.rpc.timeout.max = 5200ms (custom)
2019-10-18 12:31:55,228 [pool-62-thread-1] INFO  storage.RaftStorageDirectory (RaftStorageDirectory.java:analyzeStorage(246)) - The storage directory /workdir/hadoop-ozone/integration-test/target/test-dir/MiniOzoneClusterImpl-09368371-5dcc-462f-b108-fe46c3d39f8a/datanode-3/data/ratis/a195ed58-ebce-420d-9387-a09c527d8c6f does not exist. Creating ...
2019-10-18 12:31:55,228 [pool-32-thread-1] INFO  server.RaftServerConfigKeys (ConfUtils.java:logGet(43)) - raft.server.rpcslowness.timeout = 120s (custom)
2019-10-18 12:31:55,228 [pool-32-thread-1] INFO  server.RaftServerConfigKeys (ConfUtils.java:logGet(43)) - raft.server.sleep.deviation.threshold = 300 (default)
2019-10-18 12:31:55,228 [pool-32-thread-1] INFO  server.RaftServerConfigKeys (ConfUtils.java:logGet(43)) - raft.server.log.appender.install.snapshot.enabled = false (custom)
2019-10-18 12:31:55,229 [pool-32-thread-1] INFO  impl.RaftServerImpl (ServerState.java:<init>(103)) - 6af5dfc0-d4d0-48db-9aa9-c45e51549e54@group-A09C527D8C6F: ConfigurationManager, init=-1: [c39ba312-e57f-4b8c-998e-32538a6d88da:192.168.34.56:44039, 67d877d9-ecd0-4b7d-838e-89aa2c4103c0:192.168.34.56:33816, 6af5dfc0-d4d0-48db-9aa9-c45e51549e54:192.168.34.56:32981], old=null, confs=<EMPTY_MAP>
2019-10-18 12:31:55,229 [pool-32-thread-1] INFO  server.RaftServerConfigKeys (ConfUtils.java:logGet(43)) - raft.server.storage.dir = [/workdir/hadoop-ozone/integration-test/target/test-dir/MiniOzoneClusterImpl-09368371-5dcc-462f-b108-fe46c3d39f8a/datanode-0/data/ratis] (custom)
2019-10-18 12:31:55,229 [pool-32-thread-1] INFO  server.RaftServerConfigKeys (ConfUtils.java:logGet(43)) - raft.server.log.corruption.policy = EXCEPTION (default)
2019-10-18 12:31:55,229 [pool-32-thread-1] INFO  storage.RaftStorageDirectory (RaftStorageDirectory.java:analyzeStorage(246)) - The storage directory /workdir/hadoop-ozone/integration-test/target/test-dir/MiniOzoneClusterImpl-09368371-5dcc-462f-b108-fe46c3d39f8a/datanode-0/data/ratis/a195ed58-ebce-420d-9387-a09c527d8c6f does not exist. Creating ...
2019-10-18 12:31:55,253 [pool-32-thread-1] INFO  storage.RaftStorageDirectory (RaftStorageDirectory.java:tryLock(328)) - Lock on /workdir/hadoop-ozone/integration-test/target/test-dir/MiniOzoneClusterImpl-09368371-5dcc-462f-b108-fe46c3d39f8a/datanode-0/data/ratis/a195ed58-ebce-420d-9387-a09c527d8c6f/in_use.lock acquired by nodename 7691@pr-hdds-2330-xmbvw-1183399999
2019-10-18 12:31:55,253 [pool-62-thread-1] INFO  storage.RaftStorageDirectory (RaftStorageDirectory.java:tryLock(328)) - Lock on /workdir/hadoop-ozone/integration-test/target/test-dir/MiniOzoneClusterImpl-09368371-5dcc-462f-b108-fe46c3d39f8a/datanode-3/data/ratis/a195ed58-ebce-420d-9387-a09c527d8c6f/in_use.lock acquired by nodename 7691@pr-hdds-2330-xmbvw-1183399999
2019-10-18 12:31:55,253 [pool-52-thread-1] INFO  storage.RaftStorageDirectory (RaftStorageDirectory.java:tryLock(328)) - Lock on /workdir/hadoop-ozone/integration-test/target/test-dir/MiniOzoneClusterImpl-09368371-5dcc-462f-b108-fe46c3d39f8a/datanode-2/data/ratis/a195ed58-ebce-420d-9387-a09c527d8c6f/in_use.lock acquired by nodename 7691@pr-hdds-2330-xmbvw-1183399999
2019-10-18 12:31:55,257 [Thread-216] INFO  impl.FollowerState (FollowerState.java:run(108)) - 844936dc-70ea-40d1-a9e6-b90d8e46784e@group-56434D39015B-FollowerState: change to CANDIDATE, lastRpcTime:91ms, electionTimeout:91ms
2019-10-18 12:31:55,257 [Thread-216] INFO  impl.RoleInfo (RoleInfo.java:shutdownFollowerState(121)) - 844936dc-70ea-40d1-a9e6-b90d8e46784e: shutdown FollowerState
2019-10-18 12:31:55,257 [Thread-216] INFO  impl.RaftServerImpl (RaftServerImpl.java:setRole(184)) - 844936dc-70ea-40d1-a9e6-b90d8e46784e@group-56434D39015B: changes role from  FOLLOWER to CANDIDATE at term 0 for changeToCandidate
2019-10-18 12:31:55,257 [Thread-216] INFO  impl.RoleInfo (RoleInfo.java:updateAndGet(143)) - 844936dc-70ea-40d1-a9e6-b90d8e46784e: start LeaderElection
2019-10-18 12:31:55,279 [pool-32-thread-1] INFO  storage.RaftStorage (RaftStorage.java:format(84)) - Storage directory /workdir/hadoop-ozone/integration-test/target/test-dir/MiniOzoneClusterImpl-09368371-5dcc-462f-b108-fe46c3d39f8a/datanode-0/data/ratis/a195ed58-ebce-420d-9387-a09c527d8c6f has been successfully formatted.
2019-10-18 12:31:55,279 [844936dc-70ea-40d1-a9e6-b90d8e46784e@group-56434D39015B-LeaderElection5] INFO  impl.LeaderElection (LeaderElection.java:askForVotes(178)) - 844936dc-70ea-40d1-a9e6-b90d8e46784e@group-56434D39015B-LeaderElection5: begin an election at term 1 for -1: [844936dc-70ea-40d1-a9e6-b90d8e46784e:192.168.34.56:43167], old=null
2019-10-18 12:31:55,279 [pool-62-thread-1] INFO  storage.RaftStorage (RaftStorage.java:format(84)) - Storage directory /workdir/hadoop-ozone/integration-test/target/test-dir/MiniOzoneClusterImpl-09368371-5dcc-462f-b108-fe46c3d39f8a/datanode-3/data/ratis/a195ed58-ebce-420d-9387-a09c527d8c6f has been successfully formatted.
2019-10-18 12:31:55,279 [pool-52-thread-1] INFO  storage.RaftStorage (RaftStorage.java:format(84)) - Storage directory /workdir/hadoop-ozone/integration-test/target/test-dir/MiniOzoneClusterImpl-09368371-5dcc-462f-b108-fe46c3d39f8a/datanode-2/data/ratis/a195ed58-ebce-420d-9387-a09c527d8c6f has been successfully formatted.
2019-10-18 12:31:55,279 [pool-32-thread-1] INFO  ratis.ContainerStateMachine (ContainerStateMachine.java:loadSnapshot(231)) - group-A09C527D8C6F: The snapshot info is null. Setting the last applied indexto:(t:0, i:~)
2019-10-18 12:31:55,279 [pool-52-thread-1] INFO  ratis.ContainerStateMachine (ContainerStateMachine.java:loadSnapshot(231)) - group-A09C527D8C6F: The snapshot info is null. Setting the last applied indexto:(t:0, i:~)
2019-10-18 12:31:55,279 [844936dc-70ea-40d1-a9e6-b90d8e46784e@group-56434D39015B-LeaderElection5] INFO  impl.RoleInfo (RoleInfo.java:shutdownLeaderElection(134)) - 844936dc-70ea-40d1-a9e6-b90d8e46784e: shutdown LeaderElection
2019-10-18 12:31:55,280 [pool-52-thread-1] INFO  server.RaftServerConfigKeys (ConfUtils.java:logGet(43)) - raft.server.notification.no-leader.timeout = 120s (custom)
2019-10-18 12:31:55,279 [pool-32-thread-1] INFO  server.RaftServerConfigKeys (ConfUtils.java:logGet(43)) - raft.server.notification.no-leader.timeout = 120s (custom)
2019-10-18 12:31:55,279 [pool-62-thread-1] INFO  ratis.ContainerStateMachine (ContainerStateMachine.java:loadSnapshot(231)) - group-A09C527D8C6F: The snapshot info is null. Setting the last applied indexto:(t:0, i:~)
2019-10-18 12:31:55,280 [pool-32-thread-1] INFO  server.RaftServerConfigKeys (ConfUtils.java:logGet(43)) - raft.server.log.use.memory = false (default)
2019-10-18 12:31:55,280 [pool-52-thread-1] INFO  server.RaftServerConfigKeys (ConfUtils.java:logGet(43)) - raft.server.log.use.memory = false (default)
2019-10-18 12:31:55,280 [844936dc-70ea-40d1-a9e6-b90d8e46784e@group-56434D39015B-LeaderElection5] INFO  impl.RaftServerImpl (RaftServerImpl.java:setRole(184)) - 844936dc-70ea-40d1-a9e6-b90d8e46784e@group-56434D39015B: changes role from CANDIDATE to LEADER at term 1 for changeToLeader
2019-10-18 12:31:55,280 [pool-52-thread-1] INFO  server.RaftServerConfigKeys (ConfUtils.java:logGet(43)) - raft.server.log.purge.gap = 1000000 (custom)
2019-10-18 12:31:55,280 [pool-32-thread-1] INFO  server.RaftServerConfigKeys (ConfUtils.java:logGet(43)) - raft.server.log.purge.gap = 1000000 (custom)
2019-10-18 12:31:55,280 [pool-62-thread-1] INFO  server.RaftServerConfigKeys (ConfUtils.java:logGet(43)) - raft.server.notification.no-leader.timeout = 120s (custom)
2019-10-18 12:31:55,281 [pool-32-thread-1] INFO  server.RaftServerConfigKeys (ConfUtils.java:logGet(43)) - raft.server.log.appender.buffer.byte-limit = 33554432 (custom)
2019-10-18 12:31:55,280 [pool-52-thread-1] INFO  server.RaftServerConfigKeys (ConfUtils.java:logGet(43)) - raft.server.log.appender.buffer.byte-limit = 33554432 (custom)
2019-10-18 12:31:55,280 [844936dc-70ea-40d1-a9e6-b90d8e46784e@group-56434D39015B-LeaderElection5] INFO  impl.RaftServerImpl (ServerState.java:setLeader(256)) - 844936dc-70ea-40d1-a9e6-b90d8e46784e@group-56434D39015B: change Leader from null to 844936dc-70ea-40d1-a9e6-b90d8e46784e at term 1 for becomeLeader, leader elected after 194ms
2019-10-18 12:31:55,281 [pool-52-thread-1] INFO  server.RaftServerConfigKeys (ConfUtils.java:logGet(43)) - raft.server.log.segment.size.max = 1048576 (custom)
2019-10-18 12:31:55,283 [844936dc-70ea-40d1-a9e6-b90d8e46784e@group-56434D39015B-LeaderElection5] INFO  server.RaftServerConfigKeys (ConfUtils.java:logGet(43)) - raft.server.staging.catchup.gap = 1000 (default)
2019-10-18 12:31:55,281 [pool-32-thread-1] INFO  server.RaftServerConfigKeys (ConfUtils.java:logGet(43)) - raft.server.log.segment.size.max = 1048576 (custom)
2019-10-18 12:31:55,281 [pool-62-thread-1] INFO  server.RaftServerConfigKeys (ConfUtils.java:logGet(43)) - raft.server.log.use.memory = false (default)
2019-10-18 12:31:55,283 [pool-32-thread-1] INFO  server.RaftServerConfigKeys (ConfUtils.java:logGet(43)) - raft.server.log.segment.cache.num.max = 2 (custom)
2019-10-18 12:31:55,283 [844936dc-70ea-40d1-a9e6-b90d8e46784e@group-56434D39015B-LeaderElection5] INFO  server.RaftServerConfigKeys (ConfUtils.java:logGet(43)) - raft.server.rpc.sleep.time = 25ms (default)
2019-10-18 12:31:55,283 [pool-52-thread-1] INFO  server.RaftServerConfigKeys (ConfUtils.java:logGet(43)) - raft.server.log.segment.cache.num.max = 2 (custom)
2019-10-18 12:31:55,283 [pool-32-thread-1] INFO  segmented.SegmentedRaftLogWorker (SegmentedRaftLogWorker.java:<init>(173)) - new 6af5dfc0-d4d0-48db-9aa9-c45e51549e54@group-A09C527D8C6F-SegmentedRaftLogWorker for RaftStorage:Storage Directory /workdir/hadoop-ozone/integration-test/target/test-dir/MiniOzoneClusterImpl-09368371-5dcc-462f-b108-fe46c3d39f8a/datanode-0/data/ratis/a195ed58-ebce-420d-9387-a09c527d8c6f
2019-10-18 12:31:55,284 [844936dc-70ea-40d1-a9e6-b90d8e46784e@group-56434D39015B-LeaderElection5] INFO  server.RaftServerConfigKeys (ConfUtils.java:logGet(43)) - raft.server.write.element-limit = 4096 (default)
2019-10-18 12:31:55,283 [pool-62-thread-1] INFO  server.RaftServerConfigKeys (ConfUtils.java:logGet(43)) - raft.server.log.purge.gap = 1000000 (custom)
2019-10-18 12:31:55,284 [844936dc-70ea-40d1-a9e6-b90d8e46784e@group-56434D39015B-LeaderElection5] INFO  server.RaftServerConfigKeys (ConfUtils.java:logGet(43)) - raft.server.watch.timeout = 10s (default)
2019-10-18 12:31:55,284 [pool-32-thread-1] INFO  server.RaftServerConfigKeys (ConfUtils.java:logGet(43)) - raft.server.log.queue.byte-limit = 2147483647 (custom)
2019-10-18 12:31:55,284 [pool-52-thread-1] INFO  segmented.SegmentedRaftLogWorker (SegmentedRaftLogWorker.java:<init>(173)) - new 67d877d9-ecd0-4b7d-838e-89aa2c4103c0@group-A09C527D8C6F-SegmentedRaftLogWorker for RaftStorage:Storage Directory /workdir/hadoop-ozone/integration-test/target/test-dir/MiniOzoneClusterImpl-09368371-5dcc-462f-b108-fe46c3d39f8a/datanode-2/data/ratis/a195ed58-ebce-420d-9387-a09c527d8c6f
2019-10-18 12:31:55,284 [pool-32-thread-1] INFO  server.RaftServerConfigKeys (ConfUtils.java:logGet(43)) - raft.server.log.queue.element-limit = 1024 (custom)
2019-10-18 12:31:55,284 [844936dc-70ea-40d1-a9e6-b90d8e46784e@group-56434D39015B-LeaderElection5] INFO  server.RaftServerConfigKeys (ConfUtils.java:logGet(43)) - raft.server.watch.timeout.denomination = 1s (default)
2019-10-18 12:31:55,284 [pool-62-thread-1] INFO  server.RaftServerConfigKeys (ConfUtils.java:logGet(43)) - raft.server.log.appender.buffer.byte-limit = 33554432 (custom)
2019-10-18 12:31:55,285 [844936dc-70ea-40d1-a9e6-b90d8e46784e@group-56434D39015B-LeaderElection5] INFO  server.RaftServerConfigKeys (ConfUtils.java:logGet(43)) - raft.server.watch.element-limit = 65536 (default)
2019-10-18 12:31:55,284 [pool-32-thread-1] INFO  server.RaftServerConfigKeys (ConfUtils.java:logGet(43)) - raft.server.log.segment.size.max = 1048576 (custom)
2019-10-18 12:31:55,284 [pool-52-thread-1] INFO  server.RaftServerConfigKeys (ConfUtils.java:logGet(43)) - raft.server.log.queue.byte-limit = 2147483647 (custom)
2019-10-18 12:31:55,285 [pool-32-thread-1] INFO  server.RaftServerConfigKeys (ConfUtils.java:logGet(43)) - raft.server.log.preallocated.size = 16384 (custom)
2019-10-18 12:31:55,285 [pool-62-thread-1] INFO  server.RaftServerConfigKeys (ConfUtils.java:logGet(43)) - raft.server.log.segment.size.max = 1048576 (custom)
2019-10-18 12:31:55,286 [pool-32-thread-1] INFO  server.RaftServerConfigKeys (ConfUtils.java:logGet(43)) - raft.server.log.write.buffer.size = 33554432 (custom)
2019-10-18 12:31:55,285 [pool-52-thread-1] INFO  server.RaftServerConfigKeys (ConfUtils.java:logGet(43)) - raft.server.log.queue.element-limit = 1024 (custom)
2019-10-18 12:31:55,286 [pool-32-thread-1] INFO  server.RaftServerConfigKeys (ConfUtils.java:logGet(43)) - raft.server.log.force.sync.num = 128 (default)
2019-10-18 12:31:55,286 [pool-62-thread-1] INFO  server.RaftServerConfigKeys (ConfUtils.java:logGet(43)) - raft.server.log.segment.cache.num.max = 2 (custom)
2019-10-18 12:31:55,286 [pool-32-thread-1] INFO  server.RaftServerConfigKeys (ConfUtils.java:logGet(43)) - raft.server.log.statemachine.data.sync = true (default)
2019-10-18 12:31:55,286 [pool-52-thread-1] INFO  server.RaftServerConfigKeys (ConfUtils.java:logGet(43)) - raft.server.log.segment.size.max = 1048576 (custom)
2019-10-18 12:31:55,286 [pool-32-thread-1] INFO  server.RaftServerConfigKeys (ConfUtils.java:logGet(43)) - raft.server.log.statemachine.data.sync.timeout = 10s (default)
2019-10-18 12:31:55,286 [pool-62-thread-1] INFO  segmented.SegmentedRaftLogWorker (SegmentedRaftLogWorker.java:<init>(173)) - new c39ba312-e57f-4b8c-998e-32538a6d88da@group-A09C527D8C6F-SegmentedRaftLogWorker for RaftStorage:Storage Directory /workdir/hadoop-ozone/integration-test/target/test-dir/MiniOzoneClusterImpl-09368371-5dcc-462f-b108-fe46c3d39f8a/datanode-3/data/ratis/a195ed58-ebce-420d-9387-a09c527d8c6f
2019-10-18 12:31:55,287 [pool-32-thread-1] INFO  server.RaftServerConfigKeys (ConfUtils.java:logGet(43)) - raft.server.log.statemachine.data.sync.timeout.retry = -1 (default)
2019-10-18 12:31:55,287 [pool-52-thread-1] INFO  server.RaftServerConfigKeys (ConfUtils.java:logGet(43)) - raft.server.log.preallocated.size = 16384 (custom)
2019-10-18 12:31:55,287 [pool-62-thread-1] INFO  server.RaftServerConfigKeys (ConfUtils.java:logGet(43)) - raft.server.log.queue.byte-limit = 2147483647 (custom)
2019-10-18 12:31:55,287 [pool-32-thread-1] INFO  server.RaftServerConfigKeys (ConfUtils.java:logGet(43)) - raft.server.log.statemachine.data.caching.enabled = true (custom)
2019-10-18 12:31:55,287 [pool-52-thread-1] INFO  server.RaftServerConfigKeys (ConfUtils.java:logGet(43)) - raft.server.log.write.buffer.size = 33554432 (custom)
2019-10-18 12:31:55,287 [pool-62-thread-1] INFO  server.RaftServerConfigKeys (ConfUtils.java:logGet(43)) - raft.server.log.queue.element-limit = 1024 (custom)
2019-10-18 12:31:55,287 [pool-52-thread-1] INFO  server.RaftServerConfigKeys (ConfUtils.java:logGet(43)) - raft.server.log.force.sync.num = 128 (default)
2019-10-18 12:31:55,288 [pool-62-thread-1] INFO  server.RaftServerConfigKeys (ConfUtils.java:logGet(43)) - raft.server.log.segment.size.max = 1048576 (custom)
2019-10-18 12:31:55,288 [pool-32-thread-1] INFO  segmented.SegmentedRaftLogWorker (SegmentedRaftLogWorker.java:lambda$new$0(128)) - 6af5dfc0-d4d0-48db-9aa9-c45e51549e54@group-A09C527D8C6F-SegmentedRaftLogWorker: flushIndex: setUnconditionally 0 -> -1
2019-10-18 12:31:55,288 [pool-62-thread-1] INFO  server.RaftServerConfigKeys (ConfUtils.java:logGet(43)) - raft.server.log.preallocated.size = 16384 (custom)
2019-10-18 12:31:55,288 [pool-52-thread-1] INFO  server.RaftServerConfigKeys (ConfUtils.java:logGet(43)) - raft.server.log.statemachine.data.sync = true (default)
2019-10-18 12:31:55,288 [pool-32-thread-1] INFO  server.RaftServerConfigKeys (ConfUtils.java:logGet(43)) - raft.server.snapshot.auto.trigger.enabled = true (custom)
2019-10-18 12:31:55,288 [pool-62-thread-1] INFO  server.RaftServerConfigKeys (ConfUtils.java:logGet(43)) - raft.server.log.write.buffer.size = 33554432 (custom)
2019-10-18 12:31:55,288 [844936dc-70ea-40d1-a9e6-b90d8e46784e@group-56434D39015B-LeaderElection5] INFO  impl.RoleInfo (RoleInfo.java:updateAndGet(143)) - 844936dc-70ea-40d1-a9e6-b90d8e46784e: start LeaderState
2019-10-18 12:31:55,289 [pool-62-thread-1] INFO  server.RaftServerConfigKeys (ConfUtils.java:logGet(43)) - raft.server.log.force.sync.num = 128 (default)
2019-10-18 12:31:55,288 [pool-32-thread-1] INFO  server.RaftServerConfigKeys (ConfUtils.java:logGet(43)) - raft.server.snapshot.auto.trigger.threshold = 10000 (custom)
2019-10-18 12:31:55,288 [pool-52-thread-1] INFO  server.RaftServerConfigKeys (ConfUtils.java:logGet(43)) - raft.server.log.statemachine.data.sync.timeout = 10s (default)
2019-10-18 12:31:55,289 [844936dc-70ea-40d1-a9e6-b90d8e46784e@group-56434D39015B-LeaderElection5] INFO  segmented.SegmentedRaftLogWorker (SegmentedRaftLogWorker.java:startLogSegment(385)) - 844936dc-70ea-40d1-a9e6-b90d8e46784e@group-56434D39015B-SegmentedRaftLogWorker: Starting segment from index:0
2019-10-18 12:31:55,289 [pool-32-thread-1] INFO  server.RaftServerConfigKeys (ConfUtils.java:logGet(43)) - raft.server.snapshot.retention.file.num = 5 (custom)
2019-10-18 12:31:55,289 [pool-62-thread-1] INFO  server.RaftServerConfigKeys (ConfUtils.java:logGet(43)) - raft.server.log.statemachine.data.sync = true (default)
2019-10-18 12:31:55,290 [pool-32-thread-1] INFO  server.RaftServerConfigKeys (ConfUtils.java:logGet(43)) - raft.server.retrycache.expirytime = 600000ms (custom)
2019-10-18 12:31:55,289 [pool-52-thread-1] INFO  server.RaftServerConfigKeys (ConfUtils.java:logGet(43)) - raft.server.log.statemachine.data.sync.timeout.retry = -1 (default)
2019-10-18 12:31:55,290 [844936dc-70ea-40d1-a9e6-b90d8e46784e@group-56434D39015B-LeaderElection5] INFO  impl.RaftServerImpl (ServerState.java:setRaftConf(357)) - 844936dc-70ea-40d1-a9e6-b90d8e46784e@group-56434D39015B: set configuration 0: [844936dc-70ea-40d1-a9e6-b90d8e46784e:192.168.34.56:43167], old=null at 0
2019-10-18 12:31:55,290 [pool-62-thread-1] INFO  server.RaftServerConfigKeys (ConfUtils.java:logGet(43)) - raft.server.log.statemachine.data.sync.timeout = 10s (default)
2019-10-18 12:31:55,290 [pool-52-thread-1] INFO  server.RaftServerConfigKeys (ConfUtils.java:logGet(43)) - raft.server.log.statemachine.data.caching.enabled = true (custom)
2019-10-18 12:31:55,323 [pool-62-thread-1] INFO  server.RaftServerConfigKeys (ConfUtils.java:logGet(43)) - raft.server.log.statemachine.data.sync.timeout.retry = -1 (default)
2019-10-18 12:31:55,324 [pool-62-thread-1] INFO  server.RaftServerConfigKeys (ConfUtils.java:logGet(43)) - raft.server.log.statemachine.data.caching.enabled = true (custom)
2019-10-18 12:31:55,324 [pool-52-thread-1] INFO  segmented.SegmentedRaftLogWorker (SegmentedRaftLogWorker.java:lambda$new$0(128)) - 67d877d9-ecd0-4b7d-838e-89aa2c4103c0@group-A09C527D8C6F-SegmentedRaftLogWorker: flushIndex: setUnconditionally 0 -> -1
2019-10-18 12:31:55,324 [pool-62-thread-1] INFO  segmented.SegmentedRaftLogWorker (SegmentedRaftLogWorker.java:lambda$new$0(128)) - c39ba312-e57f-4b8c-998e-32538a6d88da@group-A09C527D8C6F-SegmentedRaftLogWorker: flushIndex: setUnconditionally 0 -> -1
2019-10-18 12:31:55,324 [pool-52-thread-1] INFO  server.RaftServerConfigKeys (ConfUtils.java:logGet(43)) - raft.server.snapshot.auto.trigger.enabled = true (custom)
2019-10-18 12:31:55,325 [pool-62-thread-1] INFO  server.RaftServerConfigKeys (ConfUtils.java:logGet(43)) - raft.server.snapshot.auto.trigger.enabled = true (custom)
2019-10-18 12:31:55,325 [pool-52-thread-1] INFO  server.RaftServerConfigKeys (ConfUtils.java:logGet(43)) - raft.server.snapshot.auto.trigger.threshold = 10000 (custom)
2019-10-18 12:31:55,325 [pool-62-thread-1] INFO  server.RaftServerConfigKeys (ConfUtils.java:logGet(43)) - raft.server.snapshot.auto.trigger.threshold = 10000 (custom)
2019-10-18 12:31:55,325 [pool-52-thread-1] INFO  server.RaftServerConfigKeys (ConfUtils.java:logGet(43)) - raft.server.snapshot.retention.file.num = 5 (custom)
2019-10-18 12:31:55,325 [pool-62-thread-1] INFO  server.RaftServerConfigKeys (ConfUtils.java:logGet(43)) - raft.server.snapshot.retention.file.num = 5 (custom)
2019-10-18 12:31:55,325 [pool-52-thread-1] INFO  server.RaftServerConfigKeys (ConfUtils.java:logGet(43)) - raft.server.retrycache.expirytime = 600000ms (custom)
2019-10-18 12:31:55,326 [pool-62-thread-1] INFO  server.RaftServerConfigKeys (ConfUtils.java:logGet(43)) - raft.server.retrycache.expirytime = 600000ms (custom)
2019-10-18 12:31:55,326 [pool-32-thread-1] INFO  impl.RaftServerImpl (RaftServerImpl.java:start(195)) - 6af5dfc0-d4d0-48db-9aa9-c45e51549e54@group-A09C527D8C6F: start as a follower, conf=-1: [c39ba312-e57f-4b8c-998e-32538a6d88da:192.168.34.56:44039, 67d877d9-ecd0-4b7d-838e-89aa2c4103c0:192.168.34.56:33816, 6af5dfc0-d4d0-48db-9aa9-c45e51549e54:192.168.34.56:32981], old=null
2019-10-18 12:31:55,326 [pool-32-thread-1] INFO  impl.RaftServerImpl (RaftServerImpl.java:setRole(184)) - 6af5dfc0-d4d0-48db-9aa9-c45e51549e54@group-A09C527D8C6F: changes role from      null to FOLLOWER at term 0 for startAsFollower
2019-10-18 12:31:55,327 [pool-32-thread-1] INFO  impl.RoleInfo (RoleInfo.java:updateAndGet(143)) - 6af5dfc0-d4d0-48db-9aa9-c45e51549e54: start FollowerState
2019-10-18 12:31:55,327 [pool-32-thread-1] INFO  util.JmxRegister (JmxRegister.java:tryRegister(44)) - Successfully registered JMX Bean with object name Ratis:service=RaftServer,group=group-A09C527D8C6F,id=6af5dfc0-d4d0-48db-9aa9-c45e51549e54
2019-10-18 12:31:55,331 [pool-52-thread-1] INFO  impl.RaftServerImpl (RaftServerImpl.java:start(195)) - 67d877d9-ecd0-4b7d-838e-89aa2c4103c0@group-A09C527D8C6F: start as a follower, conf=-1: [c39ba312-e57f-4b8c-998e-32538a6d88da:192.168.34.56:44039, 67d877d9-ecd0-4b7d-838e-89aa2c4103c0:192.168.34.56:33816, 6af5dfc0-d4d0-48db-9aa9-c45e51549e54:192.168.34.56:32981], old=null
2019-10-18 12:31:55,331 [pool-52-thread-1] INFO  impl.RaftServerImpl (RaftServerImpl.java:setRole(184)) - 67d877d9-ecd0-4b7d-838e-89aa2c4103c0@group-A09C527D8C6F: changes role from      null to FOLLOWER at term 0 for startAsFollower
2019-10-18 12:31:55,331 [pool-52-thread-1] INFO  impl.RoleInfo (RoleInfo.java:updateAndGet(143)) - 67d877d9-ecd0-4b7d-838e-89aa2c4103c0: start FollowerState
2019-10-18 12:31:55,331 [pool-62-thread-1] INFO  impl.RaftServerImpl (RaftServerImpl.java:start(195)) - c39ba312-e57f-4b8c-998e-32538a6d88da@group-A09C527D8C6F: start as a follower, conf=-1: [c39ba312-e57f-4b8c-998e-32538a6d88da:192.168.34.56:44039, 67d877d9-ecd0-4b7d-838e-89aa2c4103c0:192.168.34.56:33816, 6af5dfc0-d4d0-48db-9aa9-c45e51549e54:192.168.34.56:32981], old=null
2019-10-18 12:31:55,332 [pool-62-thread-1] INFO  impl.RaftServerImpl (RaftServerImpl.java:setRole(184)) - c39ba312-e57f-4b8c-998e-32538a6d88da@group-A09C527D8C6F: changes role from      null to FOLLOWER at term 0 for startAsFollower
2019-10-18 12:31:55,332 [pool-52-thread-1] INFO  util.JmxRegister (JmxRegister.java:tryRegister(44)) - Successfully registered JMX Bean with object name Ratis:service=RaftServer,group=group-A09C527D8C6F,id=67d877d9-ecd0-4b7d-838e-89aa2c4103c0
2019-10-18 12:31:55,332 [pool-62-thread-1] INFO  impl.RoleInfo (RoleInfo.java:updateAndGet(143)) - c39ba312-e57f-4b8c-998e-32538a6d88da: start FollowerState
2019-10-18 12:31:55,332 [Thread-225] INFO  impl.FollowerState (FollowerState.java:run(108)) - c39ba312-e57f-4b8c-998e-32538a6d88da@group-A09C527D8C6F-FollowerState: change to CANDIDATE, lastRpcTime:0ms, electionTimeout:0ms
2019-10-18 12:31:55,332 [pool-62-thread-1] INFO  util.JmxRegister (JmxRegister.java:tryRegister(44)) - Successfully registered JMX Bean with object name Ratis:service=RaftServer,group=group-A09C527D8C6F,id=c39ba312-e57f-4b8c-998e-32538a6d88da
2019-10-18 12:31:55,333 [Thread-225] INFO  impl.RoleInfo (RoleInfo.java:shutdownFollowerState(121)) - c39ba312-e57f-4b8c-998e-32538a6d88da: shutdown FollowerState
2019-10-18 12:31:55,333 [Thread-225] INFO  impl.RaftServerImpl (RaftServerImpl.java:setRole(184)) - c39ba312-e57f-4b8c-998e-32538a6d88da@group-A09C527D8C6F: changes role from  FOLLOWER to CANDIDATE at term 0 for changeToCandidate
2019-10-18 12:31:55,333 [Thread-225] INFO  impl.RoleInfo (RoleInfo.java:updateAndGet(143)) - c39ba312-e57f-4b8c-998e-32538a6d88da: start LeaderElection
2019-10-18 12:31:55,333 [Thread-223] INFO  impl.FollowerState (FollowerState.java:run(108)) - 6af5dfc0-d4d0-48db-9aa9-c45e51549e54@group-A09C527D8C6F-FollowerState: change to CANDIDATE, lastRpcTime:6ms, electionTimeout:6ms
2019-10-18 12:31:55,335 [Thread-223] INFO  impl.RoleInfo (RoleInfo.java:shutdownFollowerState(121)) - 6af5dfc0-d4d0-48db-9aa9-c45e51549e54: shutdown FollowerState
2019-10-18 12:31:55,336 [Thread-223] INFO  impl.RaftServerImpl (RaftServerImpl.java:setRole(184)) - 6af5dfc0-d4d0-48db-9aa9-c45e51549e54@group-A09C527D8C6F: changes role from  FOLLOWER to CANDIDATE at term 0 for changeToCandidate
2019-10-18 12:31:55,339 [Thread-223] INFO  impl.RoleInfo (RoleInfo.java:updateAndGet(143)) - 6af5dfc0-d4d0-48db-9aa9-c45e51549e54: start LeaderElection
2019-10-18 12:31:55,346 [844936dc-70ea-40d1-a9e6-b90d8e46784e@group-56434D39015B-SegmentedRaftLogWorker] INFO  segmented.SegmentedRaftLogWorker (SegmentedRaftLogWorker.java:execute(576)) - 844936dc-70ea-40d1-a9e6-b90d8e46784e@group-56434D39015B-SegmentedRaftLogWorker: created new log segment /workdir/hadoop-ozone/integration-test/target/test-dir/MiniOzoneClusterImpl-09368371-5dcc-462f-b108-fe46c3d39f8a/datanode-1/data/ratis/6d67c6d8-bdc1-4941-9084-56434d39015b/current/log_inprogress_0
2019-10-18 12:31:55,349 [Thread-224] INFO  impl.FollowerState (FollowerState.java:run(108)) - 67d877d9-ecd0-4b7d-838e-89aa2c4103c0@group-A09C527D8C6F-FollowerState: change to CANDIDATE, lastRpcTime:17ms, electionTimeout:16ms
2019-10-18 12:31:55,349 [Thread-224] INFO  impl.RoleInfo (RoleInfo.java:shutdownFollowerState(121)) - 67d877d9-ecd0-4b7d-838e-89aa2c4103c0: shutdown FollowerState
2019-10-18 12:31:55,350 [Thread-224] INFO  impl.RaftServerImpl (RaftServerImpl.java:setRole(184)) - 67d877d9-ecd0-4b7d-838e-89aa2c4103c0@group-A09C527D8C6F: changes role from  FOLLOWER to CANDIDATE at term 0 for changeToCandidate
2019-10-18 12:31:55,350 [Thread-224] INFO  impl.RoleInfo (RoleInfo.java:updateAndGet(143)) - 67d877d9-ecd0-4b7d-838e-89aa2c4103c0: start LeaderElection
2019-10-18 12:31:55,366 [RatisPipelineUtilsThread] INFO  pipeline.PipelineStateManager (PipelineStateManager.java:addPipeline(56)) - Created pipeline Pipeline[ Id: a195ed58-ebce-420d-9387-a09c527d8c6f, Nodes: c39ba312-e57f-4b8c-998e-32538a6d88da{ip: 192.168.34.56, host: pr-hdds-2330-xmbvw-1183399999, networkLocation: /rack1, certSerialId: null}6af5dfc0-d4d0-48db-9aa9-c45e51549e54{ip: 192.168.34.56, host: pr-hdds-2330-xmbvw-1183399999, networkLocation: /rack1, certSerialId: null}67d877d9-ecd0-4b7d-838e-89aa2c4103c0{ip: 192.168.34.56, host: pr-hdds-2330-xmbvw-1183399999, networkLocation: /rack1, certSerialId: null}, Type:RATIS, Factor:THREE, State:OPEN]
2019-10-18 12:31:55,371 [c39ba312-e57f-4b8c-998e-32538a6d88da@group-A09C527D8C6F-LeaderElection6] INFO  impl.LeaderElection (LeaderElection.java:askForVotes(178)) - c39ba312-e57f-4b8c-998e-32538a6d88da@group-A09C527D8C6F-LeaderElection6: begin an election at term 1 for -1: [c39ba312-e57f-4b8c-998e-32538a6d88da:192.168.34.56:44039, 67d877d9-ecd0-4b7d-838e-89aa2c4103c0:192.168.34.56:33816, 6af5dfc0-d4d0-48db-9aa9-c45e51549e54:192.168.34.56:32981], old=null
2019-10-18 12:31:55,371 [6af5dfc0-d4d0-48db-9aa9-c45e51549e54@group-A09C527D8C6F-LeaderElection7] INFO  impl.LeaderElection (LeaderElection.java:askForVotes(178)) - 6af5dfc0-d4d0-48db-9aa9-c45e51549e54@group-A09C527D8C6F-LeaderElection7: begin an election at term 1 for -1: [c39ba312-e57f-4b8c-998e-32538a6d88da:192.168.34.56:44039, 67d877d9-ecd0-4b7d-838e-89aa2c4103c0:192.168.34.56:33816, 6af5dfc0-d4d0-48db-9aa9-c45e51549e54:192.168.34.56:32981], old=null
2019-10-18 12:31:55,389 [67d877d9-ecd0-4b7d-838e-89aa2c4103c0@group-A09C527D8C6F-LeaderElection8] INFO  impl.LeaderElection (LeaderElection.java:askForVotes(178)) - 67d877d9-ecd0-4b7d-838e-89aa2c4103c0@group-A09C527D8C6F-LeaderElection8: begin an election at term 1 for -1: [c39ba312-e57f-4b8c-998e-32538a6d88da:192.168.34.56:44039, 67d877d9-ecd0-4b7d-838e-89aa2c4103c0:192.168.34.56:33816, 6af5dfc0-d4d0-48db-9aa9-c45e51549e54:192.168.34.56:32981], old=null
2019-10-18 12:31:55,395 [main] INFO  ozone.MiniOzoneClusterImpl (MiniOzoneClusterImpl.java:lambda$waitForClusterToBeReady$0(147)) - Cluster is ready. Got 4 of 4 DN Heartbeats.
2019-10-18 12:31:55,433 [c39ba312-e57f-4b8c-998e-32538a6d88da@group-A09C527D8C6F-LeaderElection6] INFO  impl.LeaderElection (LeaderElection.java:logAndReturn(56)) - c39ba312-e57f-4b8c-998e-32538a6d88da@group-A09C527D8C6F-LeaderElection6: Election REJECTED; received 2 response(s) [c39ba312-e57f-4b8c-998e-32538a6d88da<-67d877d9-ecd0-4b7d-838e-89aa2c4103c0#0:FAIL-t1, c39ba312-e57f-4b8c-998e-32538a6d88da<-6af5dfc0-d4d0-48db-9aa9-c45e51549e54#0:FAIL-t1] and 0 exception(s); c39ba312-e57f-4b8c-998e-32538a6d88da@group-A09C527D8C6F:t1, leader=null, voted=c39ba312-e57f-4b8c-998e-32538a6d88da, raftlog=c39ba312-e57f-4b8c-998e-32538a6d88da@group-A09C527D8C6F-SegmentedRaftLog:OPENED:c-1,f-1,i0, conf=-1: [c39ba312-e57f-4b8c-998e-32538a6d88da:192.168.34.56:44039, 67d877d9-ecd0-4b7d-838e-89aa2c4103c0:192.168.34.56:33816, 6af5dfc0-d4d0-48db-9aa9-c45e51549e54:192.168.34.56:32981], old=null
2019-10-18 12:31:55,433 [6af5dfc0-d4d0-48db-9aa9-c45e51549e54@group-A09C527D8C6F-LeaderElection7] INFO  impl.LeaderElection (LeaderElection.java:logAndReturn(56)) - 6af5dfc0-d4d0-48db-9aa9-c45e51549e54@group-A09C527D8C6F-LeaderElection7: Election REJECTED; received 2 response(s) [6af5dfc0-d4d0-48db-9aa9-c45e51549e54<-c39ba312-e57f-4b8c-998e-32538a6d88da#0:FAIL-t1, 6af5dfc0-d4d0-48db-9aa9-c45e51549e54<-67d877d9-ecd0-4b7d-838e-89aa2c4103c0#0:FAIL-t1] and 0 exception(s); 6af5dfc0-d4d0-48db-9aa9-c45e51549e54@group-A09C527D8C6F:t1, leader=null, voted=6af5dfc0-d4d0-48db-9aa9-c45e51549e54, raftlog=6af5dfc0-d4d0-48db-9aa9-c45e51549e54@group-A09C527D8C6F-SegmentedRaftLog:OPENED:c-1,f-1,i0, conf=-1: [c39ba312-e57f-4b8c-998e-32538a6d88da:192.168.34.56:44039, 67d877d9-ecd0-4b7d-838e-89aa2c4103c0:192.168.34.56:33816, 6af5dfc0-d4d0-48db-9aa9-c45e51549e54:192.168.34.56:32981], old=null
2019-10-18 12:31:55,433 [67d877d9-ecd0-4b7d-838e-89aa2c4103c0@group-A09C527D8C6F-LeaderElection8] INFO  impl.LeaderElection (LeaderElection.java:logAndReturn(56)) - 67d877d9-ecd0-4b7d-838e-89aa2c4103c0@group-A09C527D8C6F-LeaderElection8: Election REJECTED; received 2 response(s) [67d877d9-ecd0-4b7d-838e-89aa2c4103c0<-c39ba312-e57f-4b8c-998e-32538a6d88da#0:FAIL-t1, 67d877d9-ecd0-4b7d-838e-89aa2c4103c0<-6af5dfc0-d4d0-48db-9aa9-c45e51549e54#0:FAIL-t1] and 0 exception(s); 67d877d9-ecd0-4b7d-838e-89aa2c4103c0@group-A09C527D8C6F:t1, leader=null, voted=67d877d9-ecd0-4b7d-838e-89aa2c4103c0, raftlog=67d877d9-ecd0-4b7d-838e-89aa2c4103c0@group-A09C527D8C6F-SegmentedRaftLog:OPENED:c-1,f-1,i0, conf=-1: [c39ba312-e57f-4b8c-998e-32538a6d88da:192.168.34.56:44039, 67d877d9-ecd0-4b7d-838e-89aa2c4103c0:192.168.34.56:33816, 6af5dfc0-d4d0-48db-9aa9-c45e51549e54:192.168.34.56:32981], old=null
2019-10-18 12:31:55,435 [c39ba312-e57f-4b8c-998e-32538a6d88da@group-A09C527D8C6F-LeaderElection6] INFO  impl.RaftServerImpl (RaftServerImpl.java:setRole(184)) - c39ba312-e57f-4b8c-998e-32538a6d88da@group-A09C527D8C6F: changes role from CANDIDATE to FOLLOWER at term 1 for DISCOVERED_A_NEW_TERM
2019-10-18 12:31:55,437 [c39ba312-e57f-4b8c-998e-32538a6d88da@group-A09C527D8C6F-LeaderElection6] INFO  impl.RoleInfo (RoleInfo.java:shutdownLeaderElection(134)) - c39ba312-e57f-4b8c-998e-32538a6d88da: shutdown LeaderElection
2019-10-18 12:31:55,437 [6af5dfc0-d4d0-48db-9aa9-c45e51549e54@group-A09C527D8C6F-LeaderElection7] INFO  impl.RaftServerImpl (RaftServerImpl.java:setRole(184)) - 6af5dfc0-d4d0-48db-9aa9-c45e51549e54@group-A09C527D8C6F: changes role from CANDIDATE to FOLLOWER at term 1 for DISCOVERED_A_NEW_TERM
2019-10-18 12:31:55,438 [67d877d9-ecd0-4b7d-838e-89aa2c4103c0@group-A09C527D8C6F-LeaderElection8] INFO  impl.RaftServerImpl (RaftServerImpl.java:setRole(184)) - 67d877d9-ecd0-4b7d-838e-89aa2c4103c0@group-A09C527D8C6F: changes role from CANDIDATE to FOLLOWER at term 1 for DISCOVERED_A_NEW_TERM
2019-10-18 12:31:55,438 [c39ba312-e57f-4b8c-998e-32538a6d88da@group-A09C527D8C6F-LeaderElection6] INFO  impl.RoleInfo (RoleInfo.java:updateAndGet(143)) - c39ba312-e57f-4b8c-998e-32538a6d88da: start FollowerState
2019-10-18 12:31:55,439 [67d877d9-ecd0-4b7d-838e-89aa2c4103c0@group-A09C527D8C6F-LeaderElection8] INFO  impl.RoleInfo (RoleInfo.java:shutdownLeaderElection(134)) - 67d877d9-ecd0-4b7d-838e-89aa2c4103c0: shutdown LeaderElection
2019-10-18 12:31:55,439 [6af5dfc0-d4d0-48db-9aa9-c45e51549e54@group-A09C527D8C6F-LeaderElection7] INFO  impl.RoleInfo (RoleInfo.java:shutdownLeaderElection(134)) - 6af5dfc0-d4d0-48db-9aa9-c45e51549e54: shutdown LeaderElection
2019-10-18 12:31:55,441 [67d877d9-ecd0-4b7d-838e-89aa2c4103c0@group-A09C527D8C6F-LeaderElection8] INFO  impl.RoleInfo (RoleInfo.java:updateAndGet(143)) - 67d877d9-ecd0-4b7d-838e-89aa2c4103c0: start FollowerState
2019-10-18 12:31:55,441 [6af5dfc0-d4d0-48db-9aa9-c45e51549e54@group-A09C527D8C6F-LeaderElection7] INFO  impl.RoleInfo (RoleInfo.java:updateAndGet(143)) - 6af5dfc0-d4d0-48db-9aa9-c45e51549e54: start FollowerState
2019-10-18 12:31:55,476 [Thread-238] INFO  impl.FollowerState (FollowerState.java:run(108)) - c39ba312-e57f-4b8c-998e-32538a6d88da@group-A09C527D8C6F-FollowerState: change to CANDIDATE, lastRpcTime:38ms, electionTimeout:35ms
2019-10-18 12:31:55,476 [Thread-238] INFO  impl.RoleInfo (RoleInfo.java:shutdownFollowerState(121)) - c39ba312-e57f-4b8c-998e-32538a6d88da: shutdown FollowerState
2019-10-18 12:31:55,476 [Thread-238] INFO  impl.RaftServerImpl (RaftServerImpl.java:setRole(184)) - c39ba312-e57f-4b8c-998e-32538a6d88da@group-A09C527D8C6F: changes role from  FOLLOWER to CANDIDATE at term 1 for changeToCandidate
2019-10-18 12:31:55,476 [Thread-238] INFO  impl.RoleInfo (RoleInfo.java:updateAndGet(143)) - c39ba312-e57f-4b8c-998e-32538a6d88da: start LeaderElection
2019-10-18 12:31:55,506 [c39ba312-e57f-4b8c-998e-32538a6d88da@group-A09C527D8C6F-LeaderElection9] INFO  impl.LeaderElection (LeaderElection.java:askForVotes(178)) - c39ba312-e57f-4b8c-998e-32538a6d88da@group-A09C527D8C6F-LeaderElection9: begin an election at term 2 for -1: [c39ba312-e57f-4b8c-998e-32538a6d88da:192.168.34.56:44039, 67d877d9-ecd0-4b7d-838e-89aa2c4103c0:192.168.34.56:33816, 6af5dfc0-d4d0-48db-9aa9-c45e51549e54:192.168.34.56:32981], old=null
2019-10-18 12:31:55,511 [grpc-default-executor-5] INFO  impl.RaftServerImpl (RaftServerImpl.java:setRole(184)) - 6af5dfc0-d4d0-48db-9aa9-c45e51549e54@group-A09C527D8C6F: changes role from  FOLLOWER to FOLLOWER at term 2 for recognizeCandidate:c39ba312-e57f-4b8c-998e-32538a6d88da
2019-10-18 12:31:55,512 [grpc-default-executor-3] INFO  impl.RaftServerImpl (RaftServerImpl.java:setRole(184)) - 67d877d9-ecd0-4b7d-838e-89aa2c4103c0@group-A09C527D8C6F: changes role from  FOLLOWER to FOLLOWER at term 2 for recognizeCandidate:c39ba312-e57f-4b8c-998e-32538a6d88da
2019-10-18 12:31:55,512 [grpc-default-executor-5] INFO  impl.RoleInfo (RoleInfo.java:shutdownFollowerState(121)) - 6af5dfc0-d4d0-48db-9aa9-c45e51549e54: shutdown FollowerState
2019-10-18 12:31:55,512 [grpc-default-executor-3] INFO  impl.RoleInfo (RoleInfo.java:shutdownFollowerState(121)) - 67d877d9-ecd0-4b7d-838e-89aa2c4103c0: shutdown FollowerState
2019-10-18 12:31:55,512 [grpc-default-executor-5] INFO  impl.RoleInfo (RoleInfo.java:updateAndGet(143)) - 6af5dfc0-d4d0-48db-9aa9-c45e51549e54: start FollowerState
2019-10-18 12:31:55,512 [Thread-240] INFO  impl.FollowerState (FollowerState.java:run(117)) - 6af5dfc0-d4d0-48db-9aa9-c45e51549e54@group-A09C527D8C6F-FollowerState was interrupted: java.lang.InterruptedException: sleep interrupted
2019-10-18 12:31:55,512 [grpc-default-executor-3] INFO  impl.RoleInfo (RoleInfo.java:updateAndGet(143)) - 67d877d9-ecd0-4b7d-838e-89aa2c4103c0: start FollowerState
2019-10-18 12:31:55,512 [Thread-239] INFO  impl.FollowerState (FollowerState.java:run(117)) - 67d877d9-ecd0-4b7d-838e-89aa2c4103c0@group-A09C527D8C6F-FollowerState was interrupted: java.lang.InterruptedException: sleep interrupted
2019-10-18 12:31:55,539 [Thread-245] INFO  impl.FollowerState (FollowerState.java:run(108)) - 67d877d9-ecd0-4b7d-838e-89aa2c4103c0@group-A09C527D8C6F-FollowerState: change to CANDIDATE, lastRpcTime:26ms, electionTimeout:4ms
2019-10-18 12:31:55,539 [Thread-245] INFO  impl.RoleInfo (RoleInfo.java:shutdownFollowerState(121)) - 67d877d9-ecd0-4b7d-838e-89aa2c4103c0: shutdown FollowerState
2019-10-18 12:31:55,540 [Thread-245] INFO  impl.RaftServerImpl (RaftServerImpl.java:setRole(184)) - 67d877d9-ecd0-4b7d-838e-89aa2c4103c0@group-A09C527D8C6F: changes role from  FOLLOWER to CANDIDATE at term 2 for changeToCandidate
2019-10-18 12:31:55,540 [Thread-245] INFO  impl.RoleInfo (RoleInfo.java:updateAndGet(143)) - 67d877d9-ecd0-4b7d-838e-89aa2c4103c0: start LeaderElection
2019-10-18 12:31:55,541 [Thread-244] INFO  impl.FollowerState (FollowerState.java:run(108)) - 6af5dfc0-d4d0-48db-9aa9-c45e51549e54@group-A09C527D8C6F-FollowerState: change to CANDIDATE, lastRpcTime:29ms, electionTimeout:28ms
2019-10-18 12:31:55,542 [Thread-244] INFO  impl.RoleInfo (RoleInfo.java:shutdownFollowerState(121)) - 6af5dfc0-d4d0-48db-9aa9-c45e51549e54: shutdown FollowerState
2019-10-18 12:31:55,542 [Thread-244] INFO  impl.RaftServerImpl (RaftServerImpl.java:setRole(184)) - 6af5dfc0-d4d0-48db-9aa9-c45e51549e54@group-A09C527D8C6F: changes role from  FOLLOWER to CANDIDATE at term 2 for changeToCandidate
2019-10-18 12:31:55,542 [Thread-244] INFO  impl.RoleInfo (RoleInfo.java:updateAndGet(143)) - 6af5dfc0-d4d0-48db-9aa9-c45e51549e54: start LeaderElection
2019-10-18 12:31:55,545 [c39ba312-e57f-4b8c-998e-32538a6d88da@group-A09C527D8C6F-LeaderElection9] INFO  impl.LeaderElection (LeaderElection.java:logAndReturn(56)) - c39ba312-e57f-4b8c-998e-32538a6d88da@group-A09C527D8C6F-LeaderElection9: Election PASSED; received 1 response(s) [c39ba312-e57f-4b8c-998e-32538a6d88da<-67d877d9-ecd0-4b7d-838e-89aa2c4103c0#0:OK-t2] and 0 exception(s); c39ba312-e57f-4b8c-998e-32538a6d88da@group-A09C527D8C6F:t2, leader=null, voted=c39ba312-e57f-4b8c-998e-32538a6d88da, raftlog=c39ba312-e57f-4b8c-998e-32538a6d88da@group-A09C527D8C6F-SegmentedRaftLog:OPENED:c-1,f-1,i0, conf=-1: [c39ba312-e57f-4b8c-998e-32538a6d88da:192.168.34.56:44039, 67d877d9-ecd0-4b7d-838e-89aa2c4103c0:192.168.34.56:33816, 6af5dfc0-d4d0-48db-9aa9-c45e51549e54:192.168.34.56:32981], old=null
2019-10-18 12:31:55,547 [c39ba312-e57f-4b8c-998e-32538a6d88da@group-A09C527D8C6F-LeaderElection9] INFO  impl.RoleInfo (RoleInfo.java:shutdownLeaderElection(134)) - c39ba312-e57f-4b8c-998e-32538a6d88da: shutdown LeaderElection
2019-10-18 12:31:55,548 [c39ba312-e57f-4b8c-998e-32538a6d88da@group-A09C527D8C6F-LeaderElection9] INFO  impl.RaftServerImpl (RaftServerImpl.java:setRole(184)) - c39ba312-e57f-4b8c-998e-32538a6d88da@group-A09C527D8C6F: changes role from CANDIDATE to LEADER at term 2 for changeToLeader
2019-10-18 12:31:55,548 [c39ba312-e57f-4b8c-998e-32538a6d88da@group-A09C527D8C6F-LeaderElection9] INFO  impl.RaftServerImpl (ServerState.java:setLeader(256)) - c39ba312-e57f-4b8c-998e-32538a6d88da@group-A09C527D8C6F: change Leader from null to c39ba312-e57f-4b8c-998e-32538a6d88da at term 2 for becomeLeader, leader elected after 268ms
2019-10-18 12:31:55,548 [c39ba312-e57f-4b8c-998e-32538a6d88da@group-A09C527D8C6F-LeaderElection9] INFO  server.RaftServerConfigKeys (ConfUtils.java:logGet(43)) - raft.server.staging.catchup.gap = 1000 (default)
2019-10-18 12:31:55,548 [c39ba312-e57f-4b8c-998e-32538a6d88da@group-A09C527D8C6F-LeaderElection9] INFO  server.RaftServerConfigKeys (ConfUtils.java:logGet(43)) - raft.server.rpc.sleep.time = 25ms (default)
2019-10-18 12:31:55,549 [c39ba312-e57f-4b8c-998e-32538a6d88da@group-A09C527D8C6F-LeaderElection9] INFO  server.RaftServerConfigKeys (ConfUtils.java:logGet(43)) - raft.server.write.element-limit = 4096 (default)
2019-10-18 12:31:55,549 [c39ba312-e57f-4b8c-998e-32538a6d88da@group-A09C527D8C6F-LeaderElection9] INFO  server.RaftServerConfigKeys (ConfUtils.java:logGet(43)) - raft.server.watch.timeout = 10s (default)
2019-10-18 12:31:55,549 [c39ba312-e57f-4b8c-998e-32538a6d88da@group-A09C527D8C6F-LeaderElection9] INFO  server.RaftServerConfigKeys (ConfUtils.java:logGet(43)) - raft.server.watch.timeout.denomination = 1s (default)
2019-10-18 12:31:55,549 [c39ba312-e57f-4b8c-998e-32538a6d88da@group-A09C527D8C6F-LeaderElection9] INFO  server.RaftServerConfigKeys (ConfUtils.java:logGet(43)) - raft.server.watch.element-limit = 65536 (default)
2019-10-18 12:31:55,559 [c39ba312-e57f-4b8c-998e-32538a6d88da@group-A09C527D8C6F-LeaderElection9] INFO  server.RaftServerConfigKeys (ConfUtils.java:logGet(43)) - raft.server.log.appender.snapshot.chunk.size.max = 16MB (=16777216) (default)
2019-10-18 12:31:55,559 [c39ba312-e57f-4b8c-998e-32538a6d88da@group-A09C527D8C6F-LeaderElection9] INFO  server.RaftServerConfigKeys (ConfUtils.java:logGet(43)) - raft.server.log.appender.buffer.byte-limit = 33554432 (custom)
2019-10-18 12:31:55,559 [c39ba312-e57f-4b8c-998e-32538a6d88da@group-A09C527D8C6F-LeaderElection9] INFO  server.RaftServerConfigKeys (ConfUtils.java:logGet(43)) - raft.server.log.appender.buffer.element-limit = 1 (custom)
2019-10-18 12:31:55,562 [c39ba312-e57f-4b8c-998e-32538a6d88da@group-A09C527D8C6F-LeaderElection9] INFO  grpc.GrpcConfigKeys$Server (ConfUtils.java:logGet(43)) - raft.grpc.server.leader.outstanding.appends.max = 128 (default)
2019-10-18 12:31:55,562 [c39ba312-e57f-4b8c-998e-32538a6d88da@group-A09C527D8C6F-LeaderElection9] INFO  server.RaftServerConfigKeys (ConfUtils.java:logGet(43)) - raft.server.rpc.request.timeout = 3000ms (default)
2019-10-18 12:31:55,563 [c39ba312-e57f-4b8c-998e-32538a6d88da@group-A09C527D8C6F-LeaderElection9] INFO  server.RaftServerConfigKeys (ConfUtils.java:logGet(43)) - raft.server.log.appender.install.snapshot.enabled = false (custom)
2019-10-18 12:31:55,566 [c39ba312-e57f-4b8c-998e-32538a6d88da@group-A09C527D8C6F-LeaderElection9] INFO  server.RaftServerConfigKeys (ConfUtils.java:logGet(43)) - raft.server.log.appender.snapshot.chunk.size.max = 16MB (=16777216) (default)
2019-10-18 12:31:55,566 [c39ba312-e57f-4b8c-998e-32538a6d88da@group-A09C527D8C6F-LeaderElection9] INFO  server.RaftServerConfigKeys (ConfUtils.java:logGet(43)) - raft.server.log.appender.buffer.byte-limit = 33554432 (custom)
2019-10-18 12:31:55,567 [c39ba312-e57f-4b8c-998e-32538a6d88da@group-A09C527D8C6F-LeaderElection9] INFO  server.RaftServerConfigKeys (ConfUtils.java:logGet(43)) - raft.server.log.appender.buffer.element-limit = 1 (custom)
2019-10-18 12:31:55,567 [c39ba312-e57f-4b8c-998e-32538a6d88da@group-A09C527D8C6F-LeaderElection9] INFO  grpc.GrpcConfigKeys$Server (ConfUtils.java:logGet(43)) - raft.grpc.server.leader.outstanding.appends.max = 128 (default)
2019-10-18 12:31:55,567 [c39ba312-e57f-4b8c-998e-32538a6d88da@group-A09C527D8C6F-LeaderElection9] INFO  server.RaftServerConfigKeys (ConfUtils.java:logGet(43)) - raft.server.rpc.request.timeout = 3000ms (default)
2019-10-18 12:31:55,567 [c39ba312-e57f-4b8c-998e-32538a6d88da@group-A09C527D8C6F-LeaderElection9] INFO  server.RaftServerConfigKeys (ConfUtils.java:logGet(43)) - raft.server.log.appender.install.snapshot.enabled = false (custom)
2019-10-18 12:31:55,571 [c39ba312-e57f-4b8c-998e-32538a6d88da@group-A09C527D8C6F-LeaderElection9] INFO  impl.RoleInfo (RoleInfo.java:updateAndGet(143)) - c39ba312-e57f-4b8c-998e-32538a6d88da: start LeaderState
2019-10-18 12:31:55,571 [c39ba312-e57f-4b8c-998e-32538a6d88da@group-A09C527D8C6F-LeaderElection9] INFO  segmented.SegmentedRaftLogWorker (SegmentedRaftLogWorker.java:startLogSegment(385)) - c39ba312-e57f-4b8c-998e-32538a6d88da@group-A09C527D8C6F-SegmentedRaftLogWorker: Starting segment from index:0
2019-10-18 12:31:55,572 [c39ba312-e57f-4b8c-998e-32538a6d88da@group-A09C527D8C6F-LeaderElection9] INFO  impl.RaftServerImpl (ServerState.java:setRaftConf(357)) - c39ba312-e57f-4b8c-998e-32538a6d88da@group-A09C527D8C6F: set configuration 0: [c39ba312-e57f-4b8c-998e-32538a6d88da:192.168.34.56:44039, 67d877d9-ecd0-4b7d-838e-89aa2c4103c0:192.168.34.56:33816, 6af5dfc0-d4d0-48db-9aa9-c45e51549e54:192.168.34.56:32981], old=null at 0
2019-10-18 12:31:55,613 [67d877d9-ecd0-4b7d-838e-89aa2c4103c0@group-A09C527D8C6F-LeaderElection10] INFO  impl.LeaderElection (LeaderElection.java:askForVotes(178)) - 67d877d9-ecd0-4b7d-838e-89aa2c4103c0@group-A09C527D8C6F-LeaderElection10: begin an election at term 3 for -1: [c39ba312-e57f-4b8c-998e-32538a6d88da:192.168.34.56:44039, 67d877d9-ecd0-4b7d-838e-89aa2c4103c0:192.168.34.56:33816, 6af5dfc0-d4d0-48db-9aa9-c45e51549e54:192.168.34.56:32981], old=null
2019-10-18 12:31:55,614 [6af5dfc0-d4d0-48db-9aa9-c45e51549e54@group-A09C527D8C6F-LeaderElection11] INFO  impl.LeaderElection (LeaderElection.java:askForVotes(178)) - 6af5dfc0-d4d0-48db-9aa9-c45e51549e54@group-A09C527D8C6F-LeaderElection11: begin an election at term 3 for -1: [c39ba312-e57f-4b8c-998e-32538a6d88da:192.168.34.56:44039, 67d877d9-ecd0-4b7d-838e-89aa2c4103c0:192.168.34.56:33816, 6af5dfc0-d4d0-48db-9aa9-c45e51549e54:192.168.34.56:32981], old=null
2019-10-18 12:31:55,619 [grpc-default-executor-5] INFO  impl.RaftServerImpl (ServerState.java:setLeader(256)) - c39ba312-e57f-4b8c-998e-32538a6d88da@group-A09C527D8C6F: change Leader from c39ba312-e57f-4b8c-998e-32538a6d88da to null at term 3 for updateCurrentTerm
2019-10-18 12:31:55,620 [grpc-default-executor-5] INFO  impl.RaftServerImpl (RaftServerImpl.java:setRole(184)) - c39ba312-e57f-4b8c-998e-32538a6d88da@group-A09C527D8C6F: changes role from    LEADER to FOLLOWER at term 3 for recognizeCandidate:67d877d9-ecd0-4b7d-838e-89aa2c4103c0
2019-10-18 12:31:55,621 [grpc-default-executor-5] INFO  impl.RoleInfo (RoleInfo.java:shutdownLeaderState(104)) - c39ba312-e57f-4b8c-998e-32538a6d88da: shutdown LeaderState
2019-10-18 12:31:55,626 [grpc-default-executor-5] INFO  impl.PendingRequests (PendingRequests.java:sendNotLeaderResponses(202)) - c39ba312-e57f-4b8c-998e-32538a6d88da@group-A09C527D8C6F-PendingRequests: sendNotLeaderResponses
2019-10-18 12:31:55,628 [org.apache.ratis.server.impl.LogAppender$AppenderDaemon$$Lambda$408/2091836893@6a16fc21] WARN  server.GrpcLogAppender (GrpcLogAppender.java:mayWait(149)) - c39ba312-e57f-4b8c-998e-32538a6d88da@group-A09C527D8C6F->67d877d9-ecd0-4b7d-838e-89aa2c4103c0-GrpcLogAppender: Wait interrupted by java.lang.InterruptedException
2019-10-18 12:31:55,628 [org.apache.ratis.server.impl.LogAppender$AppenderDaemon$$Lambda$408/2091836893@5118b298] WARN  server.GrpcLogAppender (GrpcLogAppender.java:mayWait(149)) - c39ba312-e57f-4b8c-998e-32538a6d88da@group-A09C527D8C6F->6af5dfc0-d4d0-48db-9aa9-c45e51549e54-GrpcLogAppender: Wait interrupted by java.lang.InterruptedException
2019-10-18 12:31:55,630 [grpc-default-executor-5] INFO  impl.RoleInfo (RoleInfo.java:updateAndGet(143)) - c39ba312-e57f-4b8c-998e-32538a6d88da: start FollowerState
2019-10-18 12:31:55,641 [c39ba312-e57f-4b8c-998e-32538a6d88da@group-A09C527D8C6F-SegmentedRaftLogWorker] INFO  segmented.SegmentedRaftLogWorker (SegmentedRaftLogWorker.java:execute(576)) - c39ba312-e57f-4b8c-998e-32538a6d88da@group-A09C527D8C6F-SegmentedRaftLogWorker: created new log segment /workdir/hadoop-ozone/integration-test/target/test-dir/MiniOzoneClusterImpl-09368371-5dcc-462f-b108-fe46c3d39f8a/datanode-3/data/ratis/a195ed58-ebce-420d-9387-a09c527d8c6f/current/log_inprogress_0
2019-10-18 12:31:55,641 [6af5dfc0-d4d0-48db-9aa9-c45e51549e54@group-A09C527D8C6F-LeaderElection11] INFO  impl.LeaderElection (LeaderElection.java:logAndReturn(56)) - 6af5dfc0-d4d0-48db-9aa9-c45e51549e54@group-A09C527D8C6F-LeaderElection11: Election TIMEOUT; received 1 response(s) [6af5dfc0-d4d0-48db-9aa9-c45e51549e54<-67d877d9-ecd0-4b7d-838e-89aa2c4103c0#0:FAIL-t3] and 0 exception(s); 6af5dfc0-d4d0-48db-9aa9-c45e51549e54@group-A09C527D8C6F:t3, leader=null, voted=6af5dfc0-d4d0-48db-9aa9-c45e51549e54, raftlog=6af5dfc0-d4d0-48db-9aa9-c45e51549e54@group-A09C527D8C6F-SegmentedRaftLog:OPENED:c-1,f-1,i0, conf=-1: [c39ba312-e57f-4b8c-998e-32538a6d88da:192.168.34.56:44039, 67d877d9-ecd0-4b7d-838e-89aa2c4103c0:192.168.34.56:33816, 6af5dfc0-d4d0-48db-9aa9-c45e51549e54:192.168.34.56:32981], old=null
2019-10-18 12:31:55,645 [grpc-default-executor-0] INFO  server.GrpcServerProtocolService (GrpcServerProtocolService.java:onCompleted(113)) - 67d877d9-ecd0-4b7d-838e-89aa2c4103c0: Completed APPEND_ENTRIES, lastRequest: null
2019-10-18 12:31:55,645 [grpc-default-executor-1] INFO  server.GrpcServerProtocolService (GrpcServerProtocolService.java:onCompleted(113)) - 6af5dfc0-d4d0-48db-9aa9-c45e51549e54: Completed APPEND_ENTRIES, lastRequest: null
2019-10-18 12:31:55,652 [grpc-default-executor-1] INFO  server.GrpcLogAppender (GrpcLogAppender.java:onCompleted(308)) - c39ba312-e57f-4b8c-998e-32538a6d88da@group-A09C527D8C6F->67d877d9-ecd0-4b7d-838e-89aa2c4103c0-AppendLogResponseHandler: follower responses appendEntries COMPLETED
2019-10-18 12:31:55,652 [grpc-default-executor-0] INFO  server.GrpcLogAppender (GrpcLogAppender.java:onCompleted(308)) - c39ba312-e57f-4b8c-998e-32538a6d88da@group-A09C527D8C6F->6af5dfc0-d4d0-48db-9aa9-c45e51549e54-AppendLogResponseHandler: follower responses appendEntries COMPLETED
2019-10-18 12:31:55,655 [grpc-default-executor-1] INFO  impl.FollowerInfo (FollowerInfo.java:lambda$new$0(51)) - c39ba312-e57f-4b8c-998e-32538a6d88da@group-A09C527D8C6F->67d877d9-ecd0-4b7d-838e-89aa2c4103c0: nextIndex: updateUnconditionally 0 -> 0
2019-10-18 12:31:55,656 [grpc-default-executor-0] INFO  impl.FollowerInfo (FollowerInfo.java:lambda$new$0(51)) - c39ba312-e57f-4b8c-998e-32538a6d88da@group-A09C527D8C6F->6af5dfc0-d4d0-48db-9aa9-c45e51549e54: nextIndex: updateUnconditionally 0 -> 0
2019-10-18 12:31:55,657 [6af5dfc0-d4d0-48db-9aa9-c45e51549e54@group-A09C527D8C6F-LeaderElection11] INFO  impl.LeaderElection (LeaderElection.java:askForVotes(178)) - 6af5dfc0-d4d0-48db-9aa9-c45e51549e54@group-A09C527D8C6F-LeaderElection11: begin an election at term 4 for -1: [c39ba312-e57f-4b8c-998e-32538a6d88da:192.168.34.56:44039, 67d877d9-ecd0-4b7d-838e-89aa2c4103c0:192.168.34.56:33816, 6af5dfc0-d4d0-48db-9aa9-c45e51549e54:192.168.34.56:32981], old=null
2019-10-18 12:31:55,657 [grpc-default-executor-3] INFO  impl.RaftServerImpl (RaftServerImpl.java:setRole(184)) - c39ba312-e57f-4b8c-998e-32538a6d88da@group-A09C527D8C6F: changes role from  FOLLOWER to FOLLOWER at term 3 for recognizeCandidate:6af5dfc0-d4d0-48db-9aa9-c45e51549e54
2019-10-18 12:31:55,657 [grpc-default-executor-3] INFO  impl.RoleInfo (RoleInfo.java:shutdownFollowerState(121)) - c39ba312-e57f-4b8c-998e-32538a6d88da: shutdown FollowerState
2019-10-18 12:31:55,657 [Thread-255] INFO  impl.FollowerState (FollowerState.java:run(117)) - c39ba312-e57f-4b8c-998e-32538a6d88da@group-A09C527D8C6F-FollowerState was interrupted: java.lang.InterruptedException: sleep interrupted
2019-10-18 12:31:55,657 [grpc-default-executor-3] INFO  impl.RoleInfo (RoleInfo.java:updateAndGet(143)) - c39ba312-e57f-4b8c-998e-32538a6d88da: start FollowerState
2019-10-18 12:31:55,660 [67d877d9-ecd0-4b7d-838e-89aa2c4103c0@group-A09C527D8C6F-LeaderElection10] INFO  impl.LeaderElection (LeaderElection.java:logAndReturn(56)) - 67d877d9-ecd0-4b7d-838e-89aa2c4103c0@group-A09C527D8C6F-LeaderElection10: Election REJECTED; received 2 response(s) [67d877d9-ecd0-4b7d-838e-89aa2c4103c0<-c39ba312-e57f-4b8c-998e-32538a6d88da#0:FAIL-t3, 67d877d9-ecd0-4b7d-838e-89aa2c4103c0<-6af5dfc0-d4d0-48db-9aa9-c45e51549e54#0:FAIL-t3] and 0 exception(s); 67d877d9-ecd0-4b7d-838e-89aa2c4103c0@group-A09C527D8C6F:t3, leader=null, voted=67d877d9-ecd0-4b7d-838e-89aa2c4103c0, raftlog=67d877d9-ecd0-4b7d-838e-89aa2c4103c0@group-A09C527D8C6F-SegmentedRaftLog:OPENED:c-1,f-1,i0, conf=-1: [c39ba312-e57f-4b8c-998e-32538a6d88da:192.168.34.56:44039, 67d877d9-ecd0-4b7d-838e-89aa2c4103c0:192.168.34.56:33816, 6af5dfc0-d4d0-48db-9aa9-c45e51549e54:192.168.34.56:32981], old=null
2019-10-18 12:31:55,660 [67d877d9-ecd0-4b7d-838e-89aa2c4103c0@group-A09C527D8C6F-LeaderElection10] INFO  impl.RaftServerImpl (RaftServerImpl.java:setRole(184)) - 67d877d9-ecd0-4b7d-838e-89aa2c4103c0@group-A09C527D8C6F: changes role from CANDIDATE to FOLLOWER at term 3 for DISCOVERED_A_NEW_TERM
2019-10-18 12:31:55,660 [67d877d9-ecd0-4b7d-838e-89aa2c4103c0@group-A09C527D8C6F-LeaderElection10] INFO  impl.RoleInfo (RoleInfo.java:shutdownLeaderElection(134)) - 67d877d9-ecd0-4b7d-838e-89aa2c4103c0: shutdown LeaderElection
2019-10-18 12:31:55,661 [67d877d9-ecd0-4b7d-838e-89aa2c4103c0@group-A09C527D8C6F-LeaderElection10] INFO  impl.RoleInfo (RoleInfo.java:updateAndGet(143)) - 67d877d9-ecd0-4b7d-838e-89aa2c4103c0: start FollowerState
2019-10-18 12:31:55,664 [grpc-default-executor-3] INFO  impl.RaftServerImpl (RaftServerImpl.java:setRole(184)) - c39ba312-e57f-4b8c-998e-32538a6d88da@group-A09C527D8C6F: changes role from  FOLLOWER to FOLLOWER at term 4 for recognizeCandidate:6af5dfc0-d4d0-48db-9aa9-c45e51549e54
2019-10-18 12:31:55,665 [grpc-default-executor-3] INFO  impl.RoleInfo (RoleInfo.java:shutdownFollowerState(121)) - c39ba312-e57f-4b8c-998e-32538a6d88da: shutdown FollowerState
2019-10-18 12:31:55,665 [grpc-default-executor-5] INFO  impl.RaftServerImpl (RaftServerImpl.java:setRole(184)) - 67d877d9-ecd0-4b7d-838e-89aa2c4103c0@group-A09C527D8C6F: changes role from  FOLLOWER to FOLLOWER at term 4 for recognizeCandidate:6af5dfc0-d4d0-48db-9aa9-c45e51549e54
2019-10-18 12:31:55,665 [Thread-258] INFO  impl.FollowerState (FollowerState.java:run(117)) - c39ba312-e57f-4b8c-998e-32538a6d88da@group-A09C527D8C6F-FollowerState was interrupted: java.lang.InterruptedException: sleep interrupted
2019-10-18 12:31:55,665 [grpc-default-executor-3] INFO  impl.RoleInfo (RoleInfo.java:updateAndGet(143)) - c39ba312-e57f-4b8c-998e-32538a6d88da: start FollowerState
2019-10-18 12:31:55,665 [grpc-default-executor-5] INFO  impl.RoleInfo (RoleInfo.java:shutdownFollowerState(121)) - 67d877d9-ecd0-4b7d-838e-89aa2c4103c0: shutdown FollowerState
2019-10-18 12:31:55,666 [Thread-259] INFO  impl.FollowerState (FollowerState.java:run(117)) - 67d877d9-ecd0-4b7d-838e-89aa2c4103c0@group-A09C527D8C6F-FollowerState was interrupted: java.lang.InterruptedException: sleep interrupted
2019-10-18 12:31:55,666 [grpc-default-executor-5] INFO  impl.RoleInfo (RoleInfo.java:updateAndGet(143)) - 67d877d9-ecd0-4b7d-838e-89aa2c4103c0: start FollowerState
2019-10-18 12:31:55,692 [Thread-261] INFO  impl.FollowerState (FollowerState.java:run(108)) - 67d877d9-ecd0-4b7d-838e-89aa2c4103c0@group-A09C527D8C6F-FollowerState: change to CANDIDATE, lastRpcTime:25ms, electionTimeout:2ms
2019-10-18 12:31:55,692 [Thread-261] INFO  impl.RoleInfo (RoleInfo.java:shutdownFollowerState(121)) - 67d877d9-ecd0-4b7d-838e-89aa2c4103c0: shutdown FollowerState
2019-10-18 12:31:55,692 [Thread-261] INFO  impl.RaftServerImpl (RaftServerImpl.java:setRole(184)) - 67d877d9-ecd0-4b7d-838e-89aa2c4103c0@group-A09C527D8C6F: changes role from  FOLLOWER to CANDIDATE at term 4 for changeToCandidate
2019-10-18 12:31:55,692 [Thread-261] INFO  impl.RoleInfo (RoleInfo.java:updateAndGet(143)) - 67d877d9-ecd0-4b7d-838e-89aa2c4103c0: start LeaderElection
2019-10-18 12:31:55,696 [6af5dfc0-d4d0-48db-9aa9-c45e51549e54@group-A09C527D8C6F-LeaderElection11] INFO  impl.LeaderElection (LeaderElection.java:logAndReturn(56)) - 6af5dfc0-d4d0-48db-9aa9-c45e51549e54@group-A09C527D8C6F-LeaderElection11: Election PASSED; received 2 response(s) [6af5dfc0-d4d0-48db-9aa9-c45e51549e54<-c39ba312-e57f-4b8c-998e-32538a6d88da#0:FAIL-t4, 6af5dfc0-d4d0-48db-9aa9-c45e51549e54<-67d877d9-ecd0-4b7d-838e-89aa2c4103c0#0:OK-t4] and 0 exception(s); 6af5dfc0-d4d0-48db-9aa9-c45e51549e54@group-A09C527D8C6F:t4, leader=null, voted=6af5dfc0-d4d0-48db-9aa9-c45e51549e54, raftlog=6af5dfc0-d4d0-48db-9aa9-c45e51549e54@group-A09C527D8C6F-SegmentedRaftLog:OPENED:c-1,f-1,i0, conf=-1: [c39ba312-e57f-4b8c-998e-32538a6d88da:192.168.34.56:44039, 67d877d9-ecd0-4b7d-838e-89aa2c4103c0:192.168.34.56:33816, 6af5dfc0-d4d0-48db-9aa9-c45e51549e54:192.168.34.56:32981], old=null
2019-10-18 12:31:55,696 [6af5dfc0-d4d0-48db-9aa9-c45e51549e54@group-A09C527D8C6F-LeaderElection11] INFO  impl.RoleInfo (RoleInfo.java:shutdownLeaderElection(134)) - 6af5dfc0-d4d0-48db-9aa9-c45e51549e54: shutdown LeaderElection
2019-10-18 12:31:55,696 [6af5dfc0-d4d0-48db-9aa9-c45e51549e54@group-A09C527D8C6F-LeaderElection11] INFO  impl.RaftServerImpl (RaftServerImpl.java:setRole(184)) - 6af5dfc0-d4d0-48db-9aa9-c45e51549e54@group-A09C527D8C6F: changes role from CANDIDATE to LEADER at term 4 for changeToLeader
2019-10-18 12:31:55,698 [6af5dfc0-d4d0-48db-9aa9-c45e51549e54@group-A09C527D8C6F-LeaderElection11] INFO  impl.RaftServerImpl (ServerState.java:setLeader(256)) - 6af5dfc0-d4d0-48db-9aa9-c45e51549e54@group-A09C527D8C6F: change Leader from null to 6af5dfc0-d4d0-48db-9aa9-c45e51549e54 at term 4 for becomeLeader, leader elected after 417ms
2019-10-18 12:31:55,699 [6af5dfc0-d4d0-48db-9aa9-c45e51549e54@group-A09C527D8C6F-LeaderElection11] INFO  server.RaftServerConfigKeys (ConfUtils.java:logGet(43)) - raft.server.staging.catchup.gap = 1000 (default)
2019-10-18 12:31:55,699 [6af5dfc0-d4d0-48db-9aa9-c45e51549e54@group-A09C527D8C6F-LeaderElection11] INFO  server.RaftServerConfigKeys (ConfUtils.java:logGet(43)) - raft.server.rpc.sleep.time = 25ms (default)
2019-10-18 12:31:55,699 [6af5dfc0-d4d0-48db-9aa9-c45e51549e54@group-A09C527D8C6F-LeaderElection11] INFO  server.RaftServerConfigKeys (ConfUtils.java:logGet(43)) - raft.server.write.element-limit = 4096 (default)
2019-10-18 12:31:55,699 [6af5dfc0-d4d0-48db-9aa9-c45e51549e54@group-A09C527D8C6F-LeaderElection11] INFO  server.RaftServerConfigKeys (ConfUtils.java:logGet(43)) - raft.server.watch.timeout = 10s (default)
2019-10-18 12:31:55,699 [6af5dfc0-d4d0-48db-9aa9-c45e51549e54@group-A09C527D8C6F-LeaderElection11] INFO  server.RaftServerConfigKeys (ConfUtils.java:logGet(43)) - raft.server.watch.timeout.denomination = 1s (default)
2019-10-18 12:31:55,699 [6af5dfc0-d4d0-48db-9aa9-c45e51549e54@group-A09C527D8C6F-LeaderElection11] INFO  server.RaftServerConfigKeys (ConfUtils.java:logGet(43)) - raft.server.watch.element-limit = 65536 (default)
2019-10-18 12:31:55,702 [6af5dfc0-d4d0-48db-9aa9-c45e51549e54@group-A09C527D8C6F-LeaderElection11] INFO  server.RaftServerConfigKeys (ConfUtils.java:logGet(43)) - raft.server.log.appender.snapshot.chunk.size.max = 16MB (=16777216) (default)
2019-10-18 12:31:55,702 [6af5dfc0-d4d0-48db-9aa9-c45e51549e54@group-A09C527D8C6F-LeaderElection11] INFO  server.RaftServerConfigKeys (ConfUtils.java:logGet(43)) - raft.server.log.appender.buffer.byte-limit = 33554432 (custom)
2019-10-18 12:31:55,702 [6af5dfc0-d4d0-48db-9aa9-c45e51549e54@group-A09C527D8C6F-LeaderElection11] INFO  server.RaftServerConfigKeys (ConfUtils.java:logGet(43)) - raft.server.log.appender.buffer.element-limit = 1 (custom)
2019-10-18 12:31:55,702 [6af5dfc0-d4d0-48db-9aa9-c45e51549e54@group-A09C527D8C6F-LeaderElection11] INFO  grpc.GrpcConfigKeys$Server (ConfUtils.java:logGet(43)) - raft.grpc.server.leader.outstanding.appends.max = 128 (default)
2019-10-18 12:31:55,703 [6af5dfc0-d4d0-48db-9aa9-c45e51549e54@group-A09C527D8C6F-LeaderElection11] INFO  server.RaftServerConfigKeys (ConfUtils.java:logGet(43)) - raft.server.rpc.request.timeout = 3000ms (default)
2019-10-18 12:31:55,704 [6af5dfc0-d4d0-48db-9aa9-c45e51549e54@group-A09C527D8C6F-LeaderElection11] INFO  server.RaftServerConfigKeys (ConfUtils.java:logGet(43)) - raft.server.log.appender.install.snapshot.enabled = false (custom)
2019-10-18 12:31:55,706 [6af5dfc0-d4d0-48db-9aa9-c45e51549e54@group-A09C527D8C6F-LeaderElection11] INFO  server.RaftServerConfigKeys (ConfUtils.java:logGet(43)) - raft.server.log.appender.snapshot.chunk.size.max = 16MB (=16777216) (default)
2019-10-18 12:31:55,706 [6af5dfc0-d4d0-48db-9aa9-c45e51549e54@group-A09C527D8C6F-LeaderElection11] INFO  server.RaftServerConfigKeys (ConfUtils.java:logGet(43)) - raft.server.log.appender.buffer.byte-limit = 33554432 (custom)
2019-10-18 12:31:55,706 [6af5dfc0-d4d0-48db-9aa9-c45e51549e54@group-A09C527D8C6F-LeaderElection11] INFO  server.RaftServerConfigKeys (ConfUtils.java:logGet(43)) - raft.server.log.appender.buffer.element-limit = 1 (custom)
2019-10-18 12:31:55,706 [6af5dfc0-d4d0-48db-9aa9-c45e51549e54@group-A09C527D8C6F-LeaderElection11] INFO  grpc.GrpcConfigKeys$Server (ConfUtils.java:logGet(43)) - raft.grpc.server.leader.outstanding.appends.max = 128 (default)
2019-10-18 12:31:55,706 [6af5dfc0-d4d0-48db-9aa9-c45e51549e54@group-A09C527D8C6F-LeaderElection11] INFO  server.RaftServerConfigKeys (ConfUtils.java:logGet(43)) - raft.server.rpc.request.timeout = 3000ms (default)
2019-10-18 12:31:55,707 [6af5dfc0-d4d0-48db-9aa9-c45e51549e54@group-A09C527D8C6F-LeaderElection11] INFO  server.RaftServerConfigKeys (ConfUtils.java:logGet(43)) - raft.server.log.appender.install.snapshot.enabled = false (custom)
2019-10-18 12:31:55,709 [6af5dfc0-d4d0-48db-9aa9-c45e51549e54@group-A09C527D8C6F-LeaderElection11] INFO  impl.RoleInfo (RoleInfo.java:updateAndGet(143)) - 6af5dfc0-d4d0-48db-9aa9-c45e51549e54: start LeaderState
2019-10-18 12:31:55,709 [6af5dfc0-d4d0-48db-9aa9-c45e51549e54@group-A09C527D8C6F-LeaderElection11] INFO  segmented.SegmentedRaftLogWorker (SegmentedRaftLogWorker.java:startLogSegment(385)) - 6af5dfc0-d4d0-48db-9aa9-c45e51549e54@group-A09C527D8C6F-SegmentedRaftLogWorker: Starting segment from index:0
2019-10-18 12:31:55,710 [6af5dfc0-d4d0-48db-9aa9-c45e51549e54@group-A09C527D8C6F-LeaderElection11] INFO  impl.RaftServerImpl (ServerState.java:setRaftConf(357)) - 6af5dfc0-d4d0-48db-9aa9-c45e51549e54@group-A09C527D8C6F: set configuration 0: [c39ba312-e57f-4b8c-998e-32538a6d88da:192.168.34.56:44039, 67d877d9-ecd0-4b7d-838e-89aa2c4103c0:192.168.34.56:33816, 6af5dfc0-d4d0-48db-9aa9-c45e51549e54:192.168.34.56:32981], old=null at 0
2019-10-18 12:31:55,745 [67d877d9-ecd0-4b7d-838e-89aa2c4103c0@group-A09C527D8C6F-LeaderElection12] INFO  impl.LeaderElection (LeaderElection.java:askForVotes(178)) - 67d877d9-ecd0-4b7d-838e-89aa2c4103c0@group-A09C527D8C6F-LeaderElection12: begin an election at term 5 for -1: [c39ba312-e57f-4b8c-998e-32538a6d88da:192.168.34.56:44039, 67d877d9-ecd0-4b7d-838e-89aa2c4103c0:192.168.34.56:33816, 6af5dfc0-d4d0-48db-9aa9-c45e51549e54:192.168.34.56:32981], old=null
2019-10-18 12:31:55,750 [grpc-default-executor-3] INFO  impl.RaftServerImpl (ServerState.java:setLeader(256)) - c39ba312-e57f-4b8c-998e-32538a6d88da@group-A09C527D8C6F: change Leader from null to 6af5dfc0-d4d0-48db-9aa9-c45e51549e54 at term 4 for appendEntries, leader elected after 130ms
2019-10-18 12:31:55,755 [grpc-default-executor-1] INFO  impl.RaftServerImpl (ServerState.java:setLeader(256)) - 6af5dfc0-d4d0-48db-9aa9-c45e51549e54@group-A09C527D8C6F: change Leader from 6af5dfc0-d4d0-48db-9aa9-c45e51549e54 to null at term 5 for updateCurrentTerm
2019-10-18 12:31:55,755 [grpc-default-executor-0] INFO  impl.RaftServerImpl (ServerState.java:setLeader(256)) - c39ba312-e57f-4b8c-998e-32538a6d88da@group-A09C527D8C6F: change Leader from 6af5dfc0-d4d0-48db-9aa9-c45e51549e54 to null at term 5 for updateCurrentTerm
2019-10-18 12:31:55,755 [grpc-default-executor-1] INFO  impl.RaftServerImpl (RaftServerImpl.java:setRole(184)) - 6af5dfc0-d4d0-48db-9aa9-c45e51549e54@group-A09C527D8C6F: changes role from    LEADER to FOLLOWER at term 5 for recognizeCandidate:67d877d9-ecd0-4b7d-838e-89aa2c4103c0
2019-10-18 12:31:55,755 [grpc-default-executor-0] INFO  impl.RaftServerImpl (RaftServerImpl.java:setRole(184)) - c39ba312-e57f-4b8c-998e-32538a6d88da@group-A09C527D8C6F: changes role from  FOLLOWER to FOLLOWER at term 5 for recognizeCandidate:67d877d9-ecd0-4b7d-838e-89aa2c4103c0
2019-10-18 12:31:55,755 [grpc-default-executor-1] INFO  impl.RoleInfo (RoleInfo.java:shutdownLeaderState(104)) - 6af5dfc0-d4d0-48db-9aa9-c45e51549e54: shutdown LeaderState
2019-10-18 12:31:55,755 [grpc-default-executor-0] INFO  impl.RoleInfo (RoleInfo.java:shutdownFollowerState(121)) - c39ba312-e57f-4b8c-998e-32538a6d88da: shutdown FollowerState
2019-10-18 12:31:55,757 [org.apache.ratis.server.impl.LogAppender$AppenderDaemon$$Lambda$408/2091836893@34fc9c19] WARN  server.GrpcLogAppender (GrpcLogAppender.java:mayWait(149)) - 6af5dfc0-d4d0-48db-9aa9-c45e51549e54@group-A09C527D8C6F->67d877d9-ecd0-4b7d-838e-89aa2c4103c0-GrpcLogAppender: Wait interrupted by java.lang.InterruptedException
2019-10-18 12:31:55,758 [grpc-default-executor-1] INFO  impl.PendingRequests (PendingRequests.java:sendNotLeaderResponses(202)) - 6af5dfc0-d4d0-48db-9aa9-c45e51549e54@group-A09C527D8C6F-PendingRequests: sendNotLeaderResponses
2019-10-18 12:31:55,758 [Thread-260] INFO  impl.FollowerState (FollowerState.java:run(117)) - c39ba312-e57f-4b8c-998e-32538a6d88da@group-A09C527D8C6F-FollowerState was interrupted: java.lang.InterruptedException: sleep interrupted
2019-10-18 12:31:55,758 [grpc-default-executor-0] INFO  impl.RoleInfo (RoleInfo.java:updateAndGet(143)) - c39ba312-e57f-4b8c-998e-32538a6d88da: start FollowerState
2019-10-18 12:31:55,758 [org.apache.ratis.server.impl.LogAppender$AppenderDaemon$$Lambda$408/2091836893@65cd93fd] WARN  server.GrpcLogAppender (GrpcLogAppender.java:mayWait(149)) - 6af5dfc0-d4d0-48db-9aa9-c45e51549e54@group-A09C527D8C6F->c39ba312-e57f-4b8c-998e-32538a6d88da-GrpcLogAppender: Wait interrupted by java.lang.InterruptedException
2019-10-18 12:31:55,761 [grpc-default-executor-1] INFO  impl.RoleInfo (RoleInfo.java:updateAndGet(143)) - 6af5dfc0-d4d0-48db-9aa9-c45e51549e54: start FollowerState
2019-10-18 12:31:55,768 [6af5dfc0-d4d0-48db-9aa9-c45e51549e54@group-A09C527D8C6F-SegmentedRaftLogWorker] INFO  segmented.SegmentedRaftLogWorker (SegmentedRaftLogWorker.java:execute(576)) - 6af5dfc0-d4d0-48db-9aa9-c45e51549e54@group-A09C527D8C6F-SegmentedRaftLogWorker: created new log segment /workdir/hadoop-ozone/integration-test/target/test-dir/MiniOzoneClusterImpl-09368371-5dcc-462f-b108-fe46c3d39f8a/datanode-0/data/ratis/a195ed58-ebce-420d-9387-a09c527d8c6f/current/log_inprogress_0
2019-10-18 12:31:55,768 [grpc-default-executor-2] INFO  server.GrpcServerProtocolService (GrpcServerProtocolService.java:onCompleted(113)) - 67d877d9-ecd0-4b7d-838e-89aa2c4103c0: Completed APPEND_ENTRIES, lastRequest: 6af5dfc0-d4d0-48db-9aa9-c45e51549e54->67d877d9-ecd0-4b7d-838e-89aa2c4103c0#0-t4, previous=(t:0, i:0), leaderCommit=-1, initializing? false, entries: <empty>
2019-10-18 12:31:55,785 [grpc-default-executor-5] INFO  server.GrpcLogAppender (GrpcLogAppender.java:onCompleted(308)) - 6af5dfc0-d4d0-48db-9aa9-c45e51549e54@group-A09C527D8C6F->67d877d9-ecd0-4b7d-838e-89aa2c4103c0-AppendLogResponseHandler: follower responses appendEntries COMPLETED
2019-10-18 12:31:55,787 [grpc-default-executor-3] INFO  server.GrpcServerProtocolService (GrpcServerProtocolService.java:onCompleted(113)) - c39ba312-e57f-4b8c-998e-32538a6d88da: Completed APPEND_ENTRIES, lastRequest: 6af5dfc0-d4d0-48db-9aa9-c45e51549e54->c39ba312-e57f-4b8c-998e-32538a6d88da#0-t4, previous=(t:0, i:0), leaderCommit=-1, initializing? false, entries: <empty>
2019-10-18 12:31:55,788 [grpc-default-executor-5] INFO  impl.FollowerInfo (FollowerInfo.java:lambda$new$0(51)) - 6af5dfc0-d4d0-48db-9aa9-c45e51549e54@group-A09C527D8C6F->67d877d9-ecd0-4b7d-838e-89aa2c4103c0: nextIndex: updateUnconditionally 0 -> 0
2019-10-18 12:31:55,789 [67d877d9-ecd0-4b7d-838e-89aa2c4103c0@group-A09C527D8C6F-LeaderElection12] INFO  impl.LeaderElection (LeaderElection.java:logAndReturn(56)) - 67d877d9-ecd0-4b7d-838e-89aa2c4103c0@group-A09C527D8C6F-LeaderElection12: Election REJECTED; received 2 response(s) [67d877d9-ecd0-4b7d-838e-89aa2c4103c0<-c39ba312-e57f-4b8c-998e-32538a6d88da#0:FAIL-t5, 67d877d9-ecd0-4b7d-838e-89aa2c4103c0<-6af5dfc0-d4d0-48db-9aa9-c45e51549e54#0:FAIL-t5] and 0 exception(s); 67d877d9-ecd0-4b7d-838e-89aa2c4103c0@group-A09C527D8C6F:t5, leader=null, voted=67d877d9-ecd0-4b7d-838e-89aa2c4103c0, raftlog=67d877d9-ecd0-4b7d-838e-89aa2c4103c0@group-A09C527D8C6F-SegmentedRaftLog:OPENED:c-1,f-1,i0, conf=-1: [c39ba312-e57f-4b8c-998e-32538a6d88da:192.168.34.56:44039, 67d877d9-ecd0-4b7d-838e-89aa2c4103c0:192.168.34.56:33816, 6af5dfc0-d4d0-48db-9aa9-c45e51549e54:192.168.34.56:32981], old=null
2019-10-18 12:31:55,790 [67d877d9-ecd0-4b7d-838e-89aa2c4103c0@group-A09C527D8C6F-LeaderElection12] INFO  impl.RaftServerImpl (RaftServerImpl.java:setRole(184)) - 67d877d9-ecd0-4b7d-838e-89aa2c4103c0@group-A09C527D8C6F: changes role from CANDIDATE to FOLLOWER at term 5 for DISCOVERED_A_NEW_TERM
2019-10-18 12:31:55,792 [67d877d9-ecd0-4b7d-838e-89aa2c4103c0@group-A09C527D8C6F-LeaderElection12] INFO  impl.RoleInfo (RoleInfo.java:shutdownLeaderElection(134)) - 67d877d9-ecd0-4b7d-838e-89aa2c4103c0: shutdown LeaderElection
2019-10-18 12:31:55,792 [67d877d9-ecd0-4b7d-838e-89aa2c4103c0@group-A09C527D8C6F-LeaderElection12] INFO  impl.RoleInfo (RoleInfo.java:updateAndGet(143)) - 67d877d9-ecd0-4b7d-838e-89aa2c4103c0: start FollowerState
2019-10-18 12:31:55,796 [grpc-default-executor-5] INFO  server.GrpcLogAppender (GrpcLogAppender.java:onCompleted(308)) - 6af5dfc0-d4d0-48db-9aa9-c45e51549e54@group-A09C527D8C6F->c39ba312-e57f-4b8c-998e-32538a6d88da-AppendLogResponseHandler: follower responses appendEntries COMPLETED
2019-10-18 12:31:55,798 [grpc-default-executor-5] INFO  impl.FollowerInfo (FollowerInfo.java:lambda$new$0(51)) - 6af5dfc0-d4d0-48db-9aa9-c45e51549e54@group-A09C527D8C6F->c39ba312-e57f-4b8c-998e-32538a6d88da: nextIndex: updateUnconditionally 0 -> 0
2019-10-18 12:31:55,926 [Thread-273] INFO  impl.FollowerState (FollowerState.java:run(108)) - 67d877d9-ecd0-4b7d-838e-89aa2c4103c0@group-A09C527D8C6F-FollowerState: change to CANDIDATE, lastRpcTime:134ms, electionTimeout:132ms
2019-10-18 12:31:55,927 [Thread-273] INFO  impl.RoleInfo (RoleInfo.java:shutdownFollowerState(121)) - 67d877d9-ecd0-4b7d-838e-89aa2c4103c0: shutdown FollowerState
2019-10-18 12:31:55,927 [Thread-273] INFO  impl.RaftServerImpl (RaftServerImpl.java:setRole(184)) - 67d877d9-ecd0-4b7d-838e-89aa2c4103c0@group-A09C527D8C6F: changes role from  FOLLOWER to CANDIDATE at term 5 for changeToCandidate
2019-10-18 12:31:55,927 [Thread-273] INFO  impl.RoleInfo (RoleInfo.java:updateAndGet(143)) - 67d877d9-ecd0-4b7d-838e-89aa2c4103c0: start LeaderElection
2019-10-18 12:31:55,960 [67d877d9-ecd0-4b7d-838e-89aa2c4103c0@group-A09C527D8C6F-LeaderElection13] INFO  impl.LeaderElection (LeaderElection.java:askForVotes(178)) - 67d877d9-ecd0-4b7d-838e-89aa2c4103c0@group-A09C527D8C6F-LeaderElection13: begin an election at term 6 for -1: [c39ba312-e57f-4b8c-998e-32538a6d88da:192.168.34.56:44039, 67d877d9-ecd0-4b7d-838e-89aa2c4103c0:192.168.34.56:33816, 6af5dfc0-d4d0-48db-9aa9-c45e51549e54:192.168.34.56:32981], old=null
2019-10-18 12:31:55,967 [grpc-default-executor-5] INFO  impl.RaftServerImpl (RaftServerImpl.java:setRole(184)) - 6af5dfc0-d4d0-48db-9aa9-c45e51549e54@group-A09C527D8C6F: changes role from  FOLLOWER to FOLLOWER at term 6 for recognizeCandidate:67d877d9-ecd0-4b7d-838e-89aa2c4103c0
2019-10-18 12:31:55,967 [grpc-default-executor-3] INFO  impl.RaftServerImpl (RaftServerImpl.java:setRole(184)) - c39ba312-e57f-4b8c-998e-32538a6d88da@group-A09C527D8C6F: changes role from  FOLLOWER to FOLLOWER at term 6 for recognizeCandidate:67d877d9-ecd0-4b7d-838e-89aa2c4103c0
2019-10-18 12:31:55,968 [grpc-default-executor-5] INFO  impl.RoleInfo (RoleInfo.java:shutdownFollowerState(121)) - 6af5dfc0-d4d0-48db-9aa9-c45e51549e54: shutdown FollowerState
2019-10-18 12:31:55,968 [grpc-default-executor-3] INFO  impl.RoleInfo (RoleInfo.java:shutdownFollowerState(121)) - c39ba312-e57f-4b8c-998e-32538a6d88da: shutdown FollowerState
2019-10-18 12:31:55,968 [grpc-default-executor-5] INFO  impl.RoleInfo (RoleInfo.java:updateAndGet(143)) - 6af5dfc0-d4d0-48db-9aa9-c45e51549e54: start FollowerState
2019-10-18 12:31:55,968 [Thread-271] INFO  impl.FollowerState (FollowerState.java:run(117)) - c39ba312-e57f-4b8c-998e-32538a6d88da@group-A09C527D8C6F-FollowerState was interrupted: java.lang.InterruptedException: sleep interrupted
2019-10-18 12:31:55,968 [grpc-default-executor-3] INFO  impl.RoleInfo (RoleInfo.java:updateAndGet(143)) - c39ba312-e57f-4b8c-998e-32538a6d88da: start FollowerState
2019-10-18 12:31:55,968 [Thread-272] INFO  impl.FollowerState (FollowerState.java:run(117)) - 6af5dfc0-d4d0-48db-9aa9-c45e51549e54@group-A09C527D8C6F-FollowerState was interrupted: java.lang.InterruptedException: sleep interrupted
2019-10-18 12:31:56,005 [67d877d9-ecd0-4b7d-838e-89aa2c4103c0@group-A09C527D8C6F-LeaderElection13] INFO  impl.LeaderElection (LeaderElection.java:logAndReturn(56)) - 67d877d9-ecd0-4b7d-838e-89aa2c4103c0@group-A09C527D8C6F-LeaderElection13: Election REJECTED; received 2 response(s) [67d877d9-ecd0-4b7d-838e-89aa2c4103c0<-c39ba312-e57f-4b8c-998e-32538a6d88da#0:FAIL-t6, 67d877d9-ecd0-4b7d-838e-89aa2c4103c0<-6af5dfc0-d4d0-48db-9aa9-c45e51549e54#0:FAIL-t6] and 0 exception(s); 67d877d9-ecd0-4b7d-838e-89aa2c4103c0@group-A09C527D8C6F:t6, leader=null, voted=67d877d9-ecd0-4b7d-838e-89aa2c4103c0, raftlog=67d877d9-ecd0-4b7d-838e-89aa2c4103c0@group-A09C527D8C6F-SegmentedRaftLog:OPENED:c-1,f-1,i0, conf=-1: [c39ba312-e57f-4b8c-998e-32538a6d88da:192.168.34.56:44039, 67d877d9-ecd0-4b7d-838e-89aa2c4103c0:192.168.34.56:33816, 6af5dfc0-d4d0-48db-9aa9-c45e51549e54:192.168.34.56:32981], old=null
2019-10-18 12:31:56,005 [67d877d9-ecd0-4b7d-838e-89aa2c4103c0@group-A09C527D8C6F-LeaderElection13] INFO  impl.RaftServerImpl (RaftServerImpl.java:setRole(184)) - 67d877d9-ecd0-4b7d-838e-89aa2c4103c0@group-A09C527D8C6F: changes role from CANDIDATE to FOLLOWER at term 6 for DISCOVERED_A_NEW_TERM
2019-10-18 12:31:56,005 [67d877d9-ecd0-4b7d-838e-89aa2c4103c0@group-A09C527D8C6F-LeaderElection13] INFO  impl.RoleInfo (RoleInfo.java:shutdownLeaderElection(134)) - 67d877d9-ecd0-4b7d-838e-89aa2c4103c0: shutdown LeaderElection
2019-10-18 12:31:56,007 [67d877d9-ecd0-4b7d-838e-89aa2c4103c0@group-A09C527D8C6F-LeaderElection13] INFO  impl.RoleInfo (RoleInfo.java:updateAndGet(143)) - 67d877d9-ecd0-4b7d-838e-89aa2c4103c0: start FollowerState
2019-10-18 12:31:56,012 [Thread-281] INFO  impl.FollowerState (FollowerState.java:run(108)) - 67d877d9-ecd0-4b7d-838e-89aa2c4103c0@group-A09C527D8C6F-FollowerState: change to CANDIDATE, lastRpcTime:4ms, electionTimeout:3ms
2019-10-18 12:31:56,013 [Thread-281] INFO  impl.RoleInfo (RoleInfo.java:shutdownFollowerState(121)) - 67d877d9-ecd0-4b7d-838e-89aa2c4103c0: shutdown FollowerState
2019-10-18 12:31:56,013 [Thread-281] INFO  impl.RaftServerImpl (RaftServerImpl.java:setRole(184)) - 67d877d9-ecd0-4b7d-838e-89aa2c4103c0@group-A09C527D8C6F: changes role from  FOLLOWER to CANDIDATE at term 6 for changeToCandidate
2019-10-18 12:31:56,014 [Thread-281] INFO  impl.RoleInfo (RoleInfo.java:updateAndGet(143)) - 67d877d9-ecd0-4b7d-838e-89aa2c4103c0: start LeaderElection
2019-10-18 12:31:56,044 [67d877d9-ecd0-4b7d-838e-89aa2c4103c0@group-A09C527D8C6F-LeaderElection14] INFO  impl.LeaderElection (LeaderElection.java:askForVotes(178)) - 67d877d9-ecd0-4b7d-838e-89aa2c4103c0@group-A09C527D8C6F-LeaderElection14: begin an election at term 7 for -1: [c39ba312-e57f-4b8c-998e-32538a6d88da:192.168.34.56:44039, 67d877d9-ecd0-4b7d-838e-89aa2c4103c0:192.168.34.56:33816, 6af5dfc0-d4d0-48db-9aa9-c45e51549e54:192.168.34.56:32981], old=null
2019-10-18 12:31:56,051 [grpc-default-executor-5] INFO  impl.RaftServerImpl (RaftServerImpl.java:setRole(184)) - c39ba312-e57f-4b8c-998e-32538a6d88da@group-A09C527D8C6F: changes role from  FOLLOWER to FOLLOWER at term 7 for recognizeCandidate:67d877d9-ecd0-4b7d-838e-89aa2c4103c0
2019-10-18 12:31:56,051 [grpc-default-executor-3] INFO  impl.RaftServerImpl (RaftServerImpl.java:setRole(184)) - 6af5dfc0-d4d0-48db-9aa9-c45e51549e54@group-A09C527D8C6F: changes role from  FOLLOWER to FOLLOWER at term 7 for recognizeCandidate:67d877d9-ecd0-4b7d-838e-89aa2c4103c0
2019-10-18 12:31:56,051 [grpc-default-executor-5] INFO  impl.RoleInfo (RoleInfo.java:shutdownFollowerState(121)) - c39ba312-e57f-4b8c-998e-32538a6d88da: shutdown FollowerState
2019-10-18 12:31:56,051 [grpc-default-executor-3] INFO  impl.RoleInfo (RoleInfo.java:shutdownFollowerState(121)) - 6af5dfc0-d4d0-48db-9aa9-c45e51549e54: shutdown FollowerState
2019-10-18 12:31:56,051 [Thread-279] INFO  impl.FollowerState (FollowerState.java:run(117)) - c39ba312-e57f-4b8c-998e-32538a6d88da@group-A09C527D8C6F-FollowerState was interrupted: java.lang.InterruptedException: sleep interrupted
2019-10-18 12:31:56,051 [grpc-default-executor-5] INFO  impl.RoleInfo (RoleInfo.java:updateAndGet(143)) - c39ba312-e57f-4b8c-998e-32538a6d88da: start FollowerState
2019-10-18 12:31:56,052 [Thread-278] INFO  impl.FollowerState (FollowerState.java:run(117)) - 6af5dfc0-d4d0-48db-9aa9-c45e51549e54@group-A09C527D8C6F-FollowerState was interrupted: java.lang.InterruptedException: sleep interrupted
2019-10-18 12:31:56,052 [grpc-default-executor-3] INFO  impl.RoleInfo (RoleInfo.java:updateAndGet(143)) - 6af5dfc0-d4d0-48db-9aa9-c45e51549e54: start FollowerState
2019-10-18 12:31:56,059 [67d877d9-ecd0-4b7d-838e-89aa2c4103c0@group-A09C527D8C6F-LeaderElection14] INFO  impl.LeaderElection (LeaderElection.java:logAndReturn(56)) - 67d877d9-ecd0-4b7d-838e-89aa2c4103c0@group-A09C527D8C6F-LeaderElection14: Election TIMEOUT; received 0 response(s) [] and 0 exception(s); 67d877d9-ecd0-4b7d-838e-89aa2c4103c0@group-A09C527D8C6F:t7, leader=null, voted=67d877d9-ecd0-4b7d-838e-89aa2c4103c0, raftlog=67d877d9-ecd0-4b7d-838e-89aa2c4103c0@group-A09C527D8C6F-SegmentedRaftLog:OPENED:c-1,f-1,i0, conf=-1: [c39ba312-e57f-4b8c-998e-32538a6d88da:192.168.34.56:44039, 67d877d9-ecd0-4b7d-838e-89aa2c4103c0:192.168.34.56:33816, 6af5dfc0-d4d0-48db-9aa9-c45e51549e54:192.168.34.56:32981], old=null
2019-10-18 12:31:56,365 [67d877d9-ecd0-4b7d-838e-89aa2c4103c0@group-A09C527D8C6F-LeaderElection14] INFO  impl.LeaderElection (LeaderElection.java:askForVotes(178)) - 67d877d9-ecd0-4b7d-838e-89aa2c4103c0@group-A09C527D8C6F-LeaderElection14: begin an election at term 8 for -1: [c39ba312-e57f-4b8c-998e-32538a6d88da:192.168.34.56:44039, 67d877d9-ecd0-4b7d-838e-89aa2c4103c0:192.168.34.56:33816, 6af5dfc0-d4d0-48db-9aa9-c45e51549e54:192.168.34.56:32981], old=null
2019-10-18 12:31:56,380 [grpc-default-executor-5] INFO  impl.RaftServerImpl (RaftServerImpl.java:setRole(184)) - c39ba312-e57f-4b8c-998e-32538a6d88da@group-A09C527D8C6F: changes role from  FOLLOWER to FOLLOWER at term 8 for recognizeCandidate:67d877d9-ecd0-4b7d-838e-89aa2c4103c0
2019-10-18 12:31:56,382 [grpc-default-executor-3] INFO  impl.RaftServerImpl (RaftServerImpl.java:setRole(184)) - 6af5dfc0-d4d0-48db-9aa9-c45e51549e54@group-A09C527D8C6F: changes role from  FOLLOWER to FOLLOWER at term 8 for recognizeCandidate:67d877d9-ecd0-4b7d-838e-89aa2c4103c0
2019-10-18 12:31:56,382 [grpc-default-executor-5] INFO  impl.RoleInfo (RoleInfo.java:shutdownFollowerState(121)) - c39ba312-e57f-4b8c-998e-32538a6d88da: shutdown FollowerState
2019-10-18 12:31:56,382 [grpc-default-executor-3] INFO  impl.RoleInfo (RoleInfo.java:shutdownFollowerState(121)) - 6af5dfc0-d4d0-48db-9aa9-c45e51549e54: shutdown FollowerState
2019-10-18 12:31:56,383 [Thread-285] INFO  impl.FollowerState (FollowerState.java:run(117)) - c39ba312-e57f-4b8c-998e-32538a6d88da@group-A09C527D8C6F-FollowerState was interrupted: java.lang.InterruptedException: sleep interrupted
2019-10-18 12:31:56,383 [Thread-286] INFO  impl.FollowerState (FollowerState.java:run(117)) - 6af5dfc0-d4d0-48db-9aa9-c45e51549e54@group-A09C527D8C6F-FollowerState was interrupted: java.lang.InterruptedException: sleep interrupted
2019-10-18 12:31:56,383 [grpc-default-executor-5] INFO  impl.RoleInfo (RoleInfo.java:updateAndGet(143)) - c39ba312-e57f-4b8c-998e-32538a6d88da: start FollowerState
2019-10-18 12:31:56,383 [grpc-default-executor-3] INFO  impl.RoleInfo (RoleInfo.java:updateAndGet(143)) - 6af5dfc0-d4d0-48db-9aa9-c45e51549e54: start FollowerState
2019-10-18 12:31:56,428 [67d877d9-ecd0-4b7d-838e-89aa2c4103c0@group-A09C527D8C6F-LeaderElection14] INFO  impl.LeaderElection (LeaderElection.java:logAndReturn(56)) - 67d877d9-ecd0-4b7d-838e-89aa2c4103c0@group-A09C527D8C6F-LeaderElection14: Election REJECTED; received 2 response(s) [67d877d9-ecd0-4b7d-838e-89aa2c4103c0<-c39ba312-e57f-4b8c-998e-32538a6d88da#0:FAIL-t8, 67d877d9-ecd0-4b7d-838e-89aa2c4103c0<-6af5dfc0-d4d0-48db-9aa9-c45e51549e54#0:FAIL-t8] and 0 exception(s); 67d877d9-ecd0-4b7d-838e-89aa2c4103c0@group-A09C527D8C6F:t8, leader=null, voted=67d877d9-ecd0-4b7d-838e-89aa2c4103c0, raftlog=67d877d9-ecd0-4b7d-838e-89aa2c4103c0@group-A09C527D8C6F-SegmentedRaftLog:OPENED:c-1,f-1,i0, conf=-1: [c39ba312-e57f-4b8c-998e-32538a6d88da:192.168.34.56:44039, 67d877d9-ecd0-4b7d-838e-89aa2c4103c0:192.168.34.56:33816, 6af5dfc0-d4d0-48db-9aa9-c45e51549e54:192.168.34.56:32981], old=null
2019-10-18 12:31:56,428 [67d877d9-ecd0-4b7d-838e-89aa2c4103c0@group-A09C527D8C6F-LeaderElection14] INFO  impl.RaftServerImpl (RaftServerImpl.java:setRole(184)) - 67d877d9-ecd0-4b7d-838e-89aa2c4103c0@group-A09C527D8C6F: changes role from CANDIDATE to FOLLOWER at term 8 for DISCOVERED_A_NEW_TERM
2019-10-18 12:31:56,428 [67d877d9-ecd0-4b7d-838e-89aa2c4103c0@group-A09C527D8C6F-LeaderElection14] INFO  impl.RoleInfo (RoleInfo.java:shutdownLeaderElection(134)) - 67d877d9-ecd0-4b7d-838e-89aa2c4103c0: shutdown LeaderElection
2019-10-18 12:31:56,430 [67d877d9-ecd0-4b7d-838e-89aa2c4103c0@group-A09C527D8C6F-LeaderElection14] INFO  impl.RoleInfo (RoleInfo.java:updateAndGet(143)) - 67d877d9-ecd0-4b7d-838e-89aa2c4103c0: start FollowerState
2019-10-18 12:31:56,475 [Thread-291] INFO  impl.FollowerState (FollowerState.java:run(108)) - 67d877d9-ecd0-4b7d-838e-89aa2c4103c0@group-A09C527D8C6F-FollowerState: change to CANDIDATE, lastRpcTime:43ms, electionTimeout:42ms
2019-10-18 12:31:56,476 [Thread-291] INFO  impl.RoleInfo (RoleInfo.java:shutdownFollowerState(121)) - 67d877d9-ecd0-4b7d-838e-89aa2c4103c0: shutdown FollowerState
2019-10-18 12:31:56,476 [Thread-291] INFO  impl.RaftServerImpl (RaftServerImpl.java:setRole(184)) - 67d877d9-ecd0-4b7d-838e-89aa2c4103c0@group-A09C527D8C6F: changes role from  FOLLOWER to CANDIDATE at term 8 for changeToCandidate
2019-10-18 12:31:56,477 [Thread-291] INFO  impl.RoleInfo (RoleInfo.java:updateAndGet(143)) - 67d877d9-ecd0-4b7d-838e-89aa2c4103c0: start LeaderElection
2019-10-18 12:31:56,503 [67d877d9-ecd0-4b7d-838e-89aa2c4103c0@group-A09C527D8C6F-LeaderElection15] INFO  impl.LeaderElection (LeaderElection.java:askForVotes(178)) - 67d877d9-ecd0-4b7d-838e-89aa2c4103c0@group-A09C527D8C6F-LeaderElection15: begin an election at term 9 for -1: [c39ba312-e57f-4b8c-998e-32538a6d88da:192.168.34.56:44039, 67d877d9-ecd0-4b7d-838e-89aa2c4103c0:192.168.34.56:33816, 6af5dfc0-d4d0-48db-9aa9-c45e51549e54:192.168.34.56:32981], old=null
2019-10-18 12:31:56,510 [grpc-default-executor-5] INFO  impl.RaftServerImpl (RaftServerImpl.java:setRole(184)) - 6af5dfc0-d4d0-48db-9aa9-c45e51549e54@group-A09C527D8C6F: changes role from  FOLLOWER to FOLLOWER at term 9 for recognizeCandidate:67d877d9-ecd0-4b7d-838e-89aa2c4103c0
2019-10-18 12:31:56,510 [grpc-default-executor-3] INFO  impl.RaftServerImpl (RaftServerImpl.java:setRole(184)) - c39ba312-e57f-4b8c-998e-32538a6d88da@group-A09C527D8C6F: changes role from  FOLLOWER to FOLLOWER at term 9 for recognizeCandidate:67d877d9-ecd0-4b7d-838e-89aa2c4103c0
2019-10-18 12:31:56,510 [grpc-default-executor-5] INFO  impl.RoleInfo (RoleInfo.java:shutdownFollowerState(121)) - 6af5dfc0-d4d0-48db-9aa9-c45e51549e54: shutdown FollowerState
2019-10-18 12:31:56,510 [grpc-default-executor-3] INFO  impl.RoleInfo (RoleInfo.java:shutdownFollowerState(121)) - c39ba312-e57f-4b8c-998e-32538a6d88da: shutdown FollowerState
2019-10-18 12:31:56,510 [grpc-default-executor-5] INFO  impl.RoleInfo (RoleInfo.java:updateAndGet(143)) - 6af5dfc0-d4d0-48db-9aa9-c45e51549e54: start FollowerState
2019-10-18 12:31:56,510 [Thread-290] INFO  impl.FollowerState (FollowerState.java:run(117)) - 6af5dfc0-d4d0-48db-9aa9-c45e51549e54@group-A09C527D8C6F-FollowerState was interrupted: java.lang.InterruptedException: sleep interrupted
2019-10-18 12:31:56,510 [grpc-default-executor-3] INFO  impl.RoleInfo (RoleInfo.java:updateAndGet(143)) - c39ba312-e57f-4b8c-998e-32538a6d88da: start FollowerState
2019-10-18 12:31:56,510 [Thread-289] INFO  impl.FollowerState (FollowerState.java:run(117)) - c39ba312-e57f-4b8c-998e-32538a6d88da@group-A09C527D8C6F-FollowerState was interrupted: java.lang.InterruptedException: sleep interrupted
2019-10-18 12:31:56,540 [67d877d9-ecd0-4b7d-838e-89aa2c4103c0@group-A09C527D8C6F-LeaderElection15] INFO  impl.LeaderElection (LeaderElection.java:logAndReturn(56)) - 67d877d9-ecd0-4b7d-838e-89aa2c4103c0@group-A09C527D8C6F-LeaderElection15: Election REJECTED; received 2 response(s) [67d877d9-ecd0-4b7d-838e-89aa2c4103c0<-c39ba312-e57f-4b8c-998e-32538a6d88da#0:FAIL-t9, 67d877d9-ecd0-4b7d-838e-89aa2c4103c0<-6af5dfc0-d4d0-48db-9aa9-c45e51549e54#0:FAIL-t9] and 0 exception(s); 67d877d9-ecd0-4b7d-838e-89aa2c4103c0@group-A09C527D8C6F:t9, leader=null, voted=67d877d9-ecd0-4b7d-838e-89aa2c4103c0, raftlog=67d877d9-ecd0-4b7d-838e-89aa2c4103c0@group-A09C527D8C6F-SegmentedRaftLog:OPENED:c-1,f-1,i0, conf=-1: [c39ba312-e57f-4b8c-998e-32538a6d88da:192.168.34.56:44039, 67d877d9-ecd0-4b7d-838e-89aa2c4103c0:192.168.34.56:33816, 6af5dfc0-d4d0-48db-9aa9-c45e51549e54:192.168.34.56:32981], old=null
2019-10-18 12:31:56,540 [67d877d9-ecd0-4b7d-838e-89aa2c4103c0@group-A09C527D8C6F-LeaderElection15] INFO  impl.RaftServerImpl (RaftServerImpl.java:setRole(184)) - 67d877d9-ecd0-4b7d-838e-89aa2c4103c0@group-A09C527D8C6F: changes role from CANDIDATE to FOLLOWER at term 9 for DISCOVERED_A_NEW_TERM
2019-10-18 12:31:56,542 [67d877d9-ecd0-4b7d-838e-89aa2c4103c0@group-A09C527D8C6F-LeaderElection15] INFO  impl.RoleInfo (RoleInfo.java:shutdownLeaderElection(134)) - 67d877d9-ecd0-4b7d-838e-89aa2c4103c0: shutdown LeaderElection
2019-10-18 12:31:56,543 [67d877d9-ecd0-4b7d-838e-89aa2c4103c0@group-A09C527D8C6F-LeaderElection15] INFO  impl.RoleInfo (RoleInfo.java:updateAndGet(143)) - 67d877d9-ecd0-4b7d-838e-89aa2c4103c0: start FollowerState
2019-10-18 12:31:56,635 [Thread-299] INFO  rpc.RpcClient (RpcClient.java:createVolume(272)) - Creating Volume: 3ad185e7-21fa-4bc4-8daa-52d9a814bc61, with jenkins1000 as owner.
2019-10-18 12:31:56,693 [Thread-298] INFO  impl.FollowerState (FollowerState.java:run(108)) - 67d877d9-ecd0-4b7d-838e-89aa2c4103c0@group-A09C527D8C6F-FollowerState: change to CANDIDATE, lastRpcTime:149ms, electionTimeout:147ms
2019-10-18 12:31:56,693 [Thread-298] INFO  impl.RoleInfo (RoleInfo.java:shutdownFollowerState(121)) - 67d877d9-ecd0-4b7d-838e-89aa2c4103c0: shutdown FollowerState
2019-10-18 12:31:56,693 [Thread-298] INFO  impl.RaftServerImpl (RaftServerImpl.java:setRole(184)) - 67d877d9-ecd0-4b7d-838e-89aa2c4103c0@group-A09C527D8C6F: changes role from  FOLLOWER to CANDIDATE at term 9 for changeToCandidate
2019-10-18 12:31:56,693 [Thread-298] INFO  impl.RoleInfo (RoleInfo.java:updateAndGet(143)) - 67d877d9-ecd0-4b7d-838e-89aa2c4103c0: start LeaderElection
2019-10-18 12:31:56,721 [67d877d9-ecd0-4b7d-838e-89aa2c4103c0@group-A09C527D8C6F-LeaderElection16] INFO  impl.LeaderElection (LeaderElection.java:askForVotes(178)) - 67d877d9-ecd0-4b7d-838e-89aa2c4103c0@group-A09C527D8C6F-LeaderElection16: begin an election at term 10 for -1: [c39ba312-e57f-4b8c-998e-32538a6d88da:192.168.34.56:44039, 67d877d9-ecd0-4b7d-838e-89aa2c4103c0:192.168.34.56:33816, 6af5dfc0-d4d0-48db-9aa9-c45e51549e54:192.168.34.56:32981], old=null
2019-10-18 12:31:56,728 [grpc-default-executor-3] INFO  impl.RaftServerImpl (RaftServerImpl.java:setRole(184)) - c39ba312-e57f-4b8c-998e-32538a6d88da@group-A09C527D8C6F: changes role from  FOLLOWER to FOLLOWER at term 10 for recognizeCandidate:67d877d9-ecd0-4b7d-838e-89aa2c4103c0
2019-10-18 12:31:56,728 [grpc-default-executor-5] INFO  impl.RaftServerImpl (RaftServerImpl.java:setRole(184)) - 6af5dfc0-d4d0-48db-9aa9-c45e51549e54@group-A09C527D8C6F: changes role from  FOLLOWER to FOLLOWER at term 10 for recognizeCandidate:67d877d9-ecd0-4b7d-838e-89aa2c4103c0
2019-10-18 12:31:56,728 [grpc-default-executor-3] INFO  impl.RoleInfo (RoleInfo.java:shutdownFollowerState(121)) - c39ba312-e57f-4b8c-998e-32538a6d88da: shutdown FollowerState
2019-10-18 12:31:56,728 [grpc-default-executor-5] INFO  impl.RoleInfo (RoleInfo.java:shutdownFollowerState(121)) - 6af5dfc0-d4d0-48db-9aa9-c45e51549e54: shutdown FollowerState
2019-10-18 12:31:56,729 [Thread-297] INFO  impl.FollowerState (FollowerState.java:run(117)) - c39ba312-e57f-4b8c-998e-32538a6d88da@group-A09C527D8C6F-FollowerState was interrupted: java.lang.InterruptedException: sleep interrupted
2019-10-18 12:31:56,729 [grpc-default-executor-3] INFO  impl.RoleInfo (RoleInfo.java:updateAndGet(143)) - c39ba312-e57f-4b8c-998e-32538a6d88da: start FollowerState
2019-10-18 12:31:56,729 [Thread-296] INFO  impl.FollowerState (FollowerState.java:run(117)) - 6af5dfc0-d4d0-48db-9aa9-c45e51549e54@group-A09C527D8C6F-FollowerState was interrupted: java.lang.InterruptedException: sleep interrupted
2019-10-18 12:31:56,729 [grpc-default-executor-5] INFO  impl.RoleInfo (RoleInfo.java:updateAndGet(143)) - 6af5dfc0-d4d0-48db-9aa9-c45e51549e54: start FollowerState
2019-10-18 12:31:56,757 [67d877d9-ecd0-4b7d-838e-89aa2c4103c0@group-A09C527D8C6F-LeaderElection16] INFO  impl.LeaderElection (LeaderElection.java:logAndReturn(56)) - 67d877d9-ecd0-4b7d-838e-89aa2c4103c0@group-A09C527D8C6F-LeaderElection16: Election REJECTED; received 2 response(s) [67d877d9-ecd0-4b7d-838e-89aa2c4103c0<-c39ba312-e57f-4b8c-998e-32538a6d88da#0:FAIL-t10, 67d877d9-ecd0-4b7d-838e-89aa2c4103c0<-6af5dfc0-d4d0-48db-9aa9-c45e51549e54#0:FAIL-t10] and 0 exception(s); 67d877d9-ecd0-4b7d-838e-89aa2c4103c0@group-A09C527D8C6F:t10, leader=null, voted=67d877d9-ecd0-4b7d-838e-89aa2c4103c0, raftlog=67d877d9-ecd0-4b7d-838e-89aa2c4103c0@group-A09C527D8C6F-SegmentedRaftLog:OPENED:c-1,f-1,i0, conf=-1: [c39ba312-e57f-4b8c-998e-32538a6d88da:192.168.34.56:44039, 67d877d9-ecd0-4b7d-838e-89aa2c4103c0:192.168.34.56:33816, 6af5dfc0-d4d0-48db-9aa9-c45e51549e54:192.168.34.56:32981], old=null
2019-10-18 12:31:56,757 [67d877d9-ecd0-4b7d-838e-89aa2c4103c0@group-A09C527D8C6F-LeaderElection16] INFO  impl.RaftServerImpl (RaftServerImpl.java:setRole(184)) - 67d877d9-ecd0-4b7d-838e-89aa2c4103c0@group-A09C527D8C6F: changes role from CANDIDATE to FOLLOWER at term 10 for DISCOVERED_A_NEW_TERM
2019-10-18 12:31:56,762 [67d877d9-ecd0-4b7d-838e-89aa2c4103c0@group-A09C527D8C6F-LeaderElection16] INFO  impl.RoleInfo (RoleInfo.java:shutdownLeaderElection(134)) - 67d877d9-ecd0-4b7d-838e-89aa2c4103c0: shutdown LeaderElection
2019-10-18 12:31:56,762 [67d877d9-ecd0-4b7d-838e-89aa2c4103c0@group-A09C527D8C6F-LeaderElection16] INFO  impl.RoleInfo (RoleInfo.java:updateAndGet(143)) - 67d877d9-ecd0-4b7d-838e-89aa2c4103c0: start FollowerState
2019-10-18 12:31:56,783 [OM StateMachine ApplyTransaction Thread - 0] INFO  volume.OMVolumeCreateRequest (OMVolumeCreateRequest.java:validateAndUpdateCache(193)) - created volume:3ad185e7-21fa-4bc4-8daa-52d9a814bc61 for user:jenkins1000
2019-10-18 12:31:56,840 [Thread-299] INFO  rpc.RpcClient (RpcClient.java:createBucket(411)) - Creating Bucket: 3ad185e7-21fa-4bc4-8daa-52d9a814bc61/a86e2be5-5e8a-4f61-95da-144b97214c31, with Versioning false and Storage Type set to DISK and Encryption set to false 
2019-10-18 12:31:56,894 [Thread-306] INFO  impl.FollowerState (FollowerState.java:run(108)) - 67d877d9-ecd0-4b7d-838e-89aa2c4103c0@group-A09C527D8C6F-FollowerState: change to CANDIDATE, lastRpcTime:131ms, electionTimeout:131ms
2019-10-18 12:31:56,894 [Thread-306] INFO  impl.RoleInfo (RoleInfo.java:shutdownFollowerState(121)) - 67d877d9-ecd0-4b7d-838e-89aa2c4103c0: shutdown FollowerState
2019-10-18 12:31:56,894 [Thread-306] INFO  impl.RaftServerImpl (RaftServerImpl.java:setRole(184)) - 67d877d9-ecd0-4b7d-838e-89aa2c4103c0@group-A09C527D8C6F: changes role from  FOLLOWER to CANDIDATE at term 10 for changeToCandidate
2019-10-18 12:31:56,895 [Thread-306] INFO  impl.RoleInfo (RoleInfo.java:updateAndGet(143)) - 67d877d9-ecd0-4b7d-838e-89aa2c4103c0: start LeaderElection
2019-10-18 12:31:56,939 [67d877d9-ecd0-4b7d-838e-89aa2c4103c0@group-A09C527D8C6F-LeaderElection17] INFO  impl.LeaderElection (LeaderElection.java:askForVotes(178)) - 67d877d9-ecd0-4b7d-838e-89aa2c4103c0@group-A09C527D8C6F-LeaderElection17: begin an election at term 11 for -1: [c39ba312-e57f-4b8c-998e-32538a6d88da:192.168.34.56:44039, 67d877d9-ecd0-4b7d-838e-89aa2c4103c0:192.168.34.56:33816, 6af5dfc0-d4d0-48db-9aa9-c45e51549e54:192.168.34.56:32981], old=null
2019-10-18 12:31:56,946 [grpc-default-executor-5] INFO  impl.RaftServerImpl (RaftServerImpl.java:setRole(184)) - 6af5dfc0-d4d0-48db-9aa9-c45e51549e54@group-A09C527D8C6F: changes role from  FOLLOWER to FOLLOWER at term 11 for recognizeCandidate:67d877d9-ecd0-4b7d-838e-89aa2c4103c0
2019-10-18 12:31:56,946 [grpc-default-executor-3] INFO  impl.RaftServerImpl (RaftServerImpl.java:setRole(184)) - c39ba312-e57f-4b8c-998e-32538a6d88da@group-A09C527D8C6F: changes role from  FOLLOWER to FOLLOWER at term 11 for recognizeCandidate:67d877d9-ecd0-4b7d-838e-89aa2c4103c0
2019-10-18 12:31:56,946 [grpc-default-executor-5] INFO  impl.RoleInfo (RoleInfo.java:shutdownFollowerState(121)) - 6af5dfc0-d4d0-48db-9aa9-c45e51549e54: shutdown FollowerState
2019-10-18 12:31:56,946 [grpc-default-executor-3] INFO  impl.RoleInfo (RoleInfo.java:shutdownFollowerState(121)) - c39ba312-e57f-4b8c-998e-32538a6d88da: shutdown FollowerState
2019-10-18 12:31:56,946 [Thread-305] INFO  impl.FollowerState (FollowerState.java:run(117)) - 6af5dfc0-d4d0-48db-9aa9-c45e51549e54@group-A09C527D8C6F-FollowerState was interrupted: java.lang.InterruptedException: sleep interrupted
2019-10-18 12:31:56,946 [Thread-304] INFO  impl.FollowerState (FollowerState.java:run(117)) - c39ba312-e57f-4b8c-998e-32538a6d88da@group-A09C527D8C6F-FollowerState was interrupted: java.lang.InterruptedException: sleep interrupted
2019-10-18 12:31:56,946 [grpc-default-executor-5] INFO  impl.RoleInfo (RoleInfo.java:updateAndGet(143)) - 6af5dfc0-d4d0-48db-9aa9-c45e51549e54: start FollowerState
2019-10-18 12:31:56,946 [grpc-default-executor-3] INFO  impl.RoleInfo (RoleInfo.java:updateAndGet(143)) - c39ba312-e57f-4b8c-998e-32538a6d88da: start FollowerState
2019-10-18 12:31:56,975 [67d877d9-ecd0-4b7d-838e-89aa2c4103c0@group-A09C527D8C6F-LeaderElection17] INFO  impl.LeaderElection (LeaderElection.java:logAndReturn(56)) - 67d877d9-ecd0-4b7d-838e-89aa2c4103c0@group-A09C527D8C6F-LeaderElection17: Election REJECTED; received 2 response(s) [67d877d9-ecd0-4b7d-838e-89aa2c4103c0<-c39ba312-e57f-4b8c-998e-32538a6d88da#0:FAIL-t11, 67d877d9-ecd0-4b7d-838e-89aa2c4103c0<-6af5dfc0-d4d0-48db-9aa9-c45e51549e54#0:FAIL-t11] and 0 exception(s); 67d877d9-ecd0-4b7d-838e-89aa2c4103c0@group-A09C527D8C6F:t11, leader=null, voted=67d877d9-ecd0-4b7d-838e-89aa2c4103c0, raftlog=67d877d9-ecd0-4b7d-838e-89aa2c4103c0@group-A09C527D8C6F-SegmentedRaftLog:OPENED:c-1,f-1,i0, conf=-1: [c39ba312-e57f-4b8c-998e-32538a6d88da:192.168.34.56:44039, 67d877d9-ecd0-4b7d-838e-89aa2c4103c0:192.168.34.56:33816, 6af5dfc0-d4d0-48db-9aa9-c45e51549e54:192.168.34.56:32981], old=null
2019-10-18 12:31:56,975 [67d877d9-ecd0-4b7d-838e-89aa2c4103c0@group-A09C527D8C6F-LeaderElection17] INFO  impl.RaftServerImpl (RaftServerImpl.java:setRole(184)) - 67d877d9-ecd0-4b7d-838e-89aa2c4103c0@group-A09C527D8C6F: changes role from CANDIDATE to FOLLOWER at term 11 for DISCOVERED_A_NEW_TERM
2019-10-18 12:31:56,975 [67d877d9-ecd0-4b7d-838e-89aa2c4103c0@group-A09C527D8C6F-LeaderElection17] INFO  impl.RoleInfo (RoleInfo.java:shutdownLeaderElection(134)) - 67d877d9-ecd0-4b7d-838e-89aa2c4103c0: shutdown LeaderElection
2019-10-18 12:31:56,975 [67d877d9-ecd0-4b7d-838e-89aa2c4103c0@group-A09C527D8C6F-LeaderElection17] INFO  impl.RoleInfo (RoleInfo.java:updateAndGet(143)) - 67d877d9-ecd0-4b7d-838e-89aa2c4103c0: start FollowerState
2019-10-18 12:31:57,001 [Thread-312] INFO  impl.FollowerState (FollowerState.java:run(108)) - 67d877d9-ecd0-4b7d-838e-89aa2c4103c0@group-A09C527D8C6F-FollowerState: change to CANDIDATE, lastRpcTime:25ms, electionTimeout:25ms
2019-10-18 12:31:57,002 [Thread-312] INFO  impl.RoleInfo (RoleInfo.java:shutdownFollowerState(121)) - 67d877d9-ecd0-4b7d-838e-89aa2c4103c0: shutdown FollowerState
2019-10-18 12:31:57,002 [Thread-312] INFO  impl.RaftServerImpl (RaftServerImpl.java:setRole(184)) - 67d877d9-ecd0-4b7d-838e-89aa2c4103c0@group-A09C527D8C6F: changes role from  FOLLOWER to CANDIDATE at term 11 for changeToCandidate
2019-10-18 12:31:57,002 [Thread-312] INFO  impl.RoleInfo (RoleInfo.java:updateAndGet(143)) - 67d877d9-ecd0-4b7d-838e-89aa2c4103c0: start LeaderElection
2019-10-18 12:31:57,031 [67d877d9-ecd0-4b7d-838e-89aa2c4103c0@group-A09C527D8C6F-LeaderElection18] INFO  impl.LeaderElection (LeaderElection.java:askForVotes(178)) - 67d877d9-ecd0-4b7d-838e-89aa2c4103c0@group-A09C527D8C6F-LeaderElection18: begin an election at term 12 for -1: [c39ba312-e57f-4b8c-998e-32538a6d88da:192.168.34.56:44039, 67d877d9-ecd0-4b7d-838e-89aa2c4103c0:192.168.34.56:33816, 6af5dfc0-d4d0-48db-9aa9-c45e51549e54:192.168.34.56:32981], old=null
2019-10-18 12:31:57,040 [grpc-default-executor-3] INFO  impl.RaftServerImpl (RaftServerImpl.java:setRole(184)) - 6af5dfc0-d4d0-48db-9aa9-c45e51549e54@group-A09C527D8C6F: changes role from  FOLLOWER to FOLLOWER at term 12 for recognizeCandidate:67d877d9-ecd0-4b7d-838e-89aa2c4103c0
2019-10-18 12:31:57,040 [grpc-default-executor-3] INFO  impl.RoleInfo (RoleInfo.java:shutdownFollowerState(121)) - 6af5dfc0-d4d0-48db-9aa9-c45e51549e54: shutdown FollowerState
2019-10-18 12:31:57,040 [Thread-310] INFO  impl.FollowerState (FollowerState.java:run(117)) - 6af5dfc0-d4d0-48db-9aa9-c45e51549e54@group-A09C527D8C6F-FollowerState was interrupted: java.lang.InterruptedException: sleep interrupted
2019-10-18 12:31:57,040 [grpc-default-executor-5] INFO  impl.RaftServerImpl (RaftServerImpl.java:setRole(184)) - c39ba312-e57f-4b8c-998e-32538a6d88da@group-A09C527D8C6F: changes role from  FOLLOWER to FOLLOWER at term 12 for recognizeCandidate:67d877d9-ecd0-4b7d-838e-89aa2c4103c0
2019-10-18 12:31:57,040 [grpc-default-executor-3] INFO  impl.RoleInfo (RoleInfo.java:updateAndGet(143)) - 6af5dfc0-d4d0-48db-9aa9-c45e51549e54: start FollowerState
2019-10-18 12:31:57,041 [grpc-default-executor-5] INFO  impl.RoleInfo (RoleInfo.java:shutdownFollowerState(121)) - c39ba312-e57f-4b8c-998e-32538a6d88da: shutdown FollowerState
2019-10-18 12:31:57,042 [Thread-311] INFO  impl.FollowerState (FollowerState.java:run(117)) - c39ba312-e57f-4b8c-998e-32538a6d88da@group-A09C527D8C6F-FollowerState was interrupted: java.lang.InterruptedException: sleep interrupted
2019-10-18 12:31:57,042 [grpc-default-executor-5] INFO  impl.RoleInfo (RoleInfo.java:updateAndGet(143)) - c39ba312-e57f-4b8c-998e-32538a6d88da: start FollowerState
2019-10-18 12:31:57,060 [Thread-299] INFO  impl.MetricsSystemImpl (MetricsSystemImpl.java:init(158)) - XceiverClientMetrics metrics system started (again)
2019-10-18 12:31:57,067 [67d877d9-ecd0-4b7d-838e-89aa2c4103c0@group-A09C527D8C6F-LeaderElection18] INFO  impl.LeaderElection (LeaderElection.java:logAndReturn(56)) - 67d877d9-ecd0-4b7d-838e-89aa2c4103c0@group-A09C527D8C6F-LeaderElection18: Election REJECTED; received 2 response(s) [67d877d9-ecd0-4b7d-838e-89aa2c4103c0<-c39ba312-e57f-4b8c-998e-32538a6d88da#0:FAIL-t12, 67d877d9-ecd0-4b7d-838e-89aa2c4103c0<-6af5dfc0-d4d0-48db-9aa9-c45e51549e54#0:FAIL-t12] and 0 exception(s); 67d877d9-ecd0-4b7d-838e-89aa2c4103c0@group-A09C527D8C6F:t12, leader=null, voted=67d877d9-ecd0-4b7d-838e-89aa2c4103c0, raftlog=67d877d9-ecd0-4b7d-838e-89aa2c4103c0@group-A09C527D8C6F-SegmentedRaftLog:OPENED:c-1,f-1,i0, conf=-1: [c39ba312-e57f-4b8c-998e-32538a6d88da:192.168.34.56:44039, 67d877d9-ecd0-4b7d-838e-89aa2c4103c0:192.168.34.56:33816, 6af5dfc0-d4d0-48db-9aa9-c45e51549e54:192.168.34.56:32981], old=null
2019-10-18 12:31:57,068 [67d877d9-ecd0-4b7d-838e-89aa2c4103c0@group-A09C527D8C6F-LeaderElection18] INFO  impl.RaftServerImpl (RaftServerImpl.java:setRole(184)) - 67d877d9-ecd0-4b7d-838e-89aa2c4103c0@group-A09C527D8C6F: changes role from CANDIDATE to FOLLOWER at term 12 for DISCOVERED_A_NEW_TERM
2019-10-18 12:31:57,068 [67d877d9-ecd0-4b7d-838e-89aa2c4103c0@group-A09C527D8C6F-LeaderElection18] INFO  impl.RoleInfo (RoleInfo.java:shutdownLeaderElection(134)) - 67d877d9-ecd0-4b7d-838e-89aa2c4103c0: shutdown LeaderElection
2019-10-18 12:31:57,068 [67d877d9-ecd0-4b7d-838e-89aa2c4103c0@group-A09C527D8C6F-LeaderElection18] INFO  impl.RoleInfo (RoleInfo.java:updateAndGet(143)) - 67d877d9-ecd0-4b7d-838e-89aa2c4103c0: start FollowerState
2019-10-18 12:31:57,201 [Thread-318] INFO  impl.FollowerState (FollowerState.java:run(108)) - 67d877d9-ecd0-4b7d-838e-89aa2c4103c0@group-A09C527D8C6F-FollowerState: change to CANDIDATE, lastRpcTime:132ms, electionTimeout:132ms
2019-10-18 12:31:57,203 [Thread-318] INFO  impl.RoleInfo (RoleInfo.java:shutdownFollowerState(121)) - 67d877d9-ecd0-4b7d-838e-89aa2c4103c0: shutdown FollowerState
2019-10-18 12:31:57,203 [Thread-318] INFO  impl.RaftServerImpl (RaftServerImpl.java:setRole(184)) - 67d877d9-ecd0-4b7d-838e-89aa2c4103c0@group-A09C527D8C6F: changes role from  FOLLOWER to CANDIDATE at term 12 for changeToCandidate
2019-10-18 12:31:57,203 [Thread-318] INFO  impl.RoleInfo (RoleInfo.java:updateAndGet(143)) - 67d877d9-ecd0-4b7d-838e-89aa2c4103c0: start LeaderElection
2019-10-18 12:31:57,209 [Thread-199] INFO  container.ReplicationManager (ReplicationManager.java:start(162)) - Starting Replication Monitor Thread.
2019-10-18 12:31:57,215 [ReplicationMonitor] INFO  container.ReplicationManager (ReplicationManager.java:run(225)) - Replication Monitor Thread took 4 milliseconds for processing 1 containers.
2019-10-18 12:31:57,232 [67d877d9-ecd0-4b7d-838e-89aa2c4103c0@group-A09C527D8C6F-LeaderElection19] INFO  impl.LeaderElection (LeaderElection.java:askForVotes(178)) - 67d877d9-ecd0-4b7d-838e-89aa2c4103c0@group-A09C527D8C6F-LeaderElection19: begin an election at term 13 for -1: [c39ba312-e57f-4b8c-998e-32538a6d88da:192.168.34.56:44039, 67d877d9-ecd0-4b7d-838e-89aa2c4103c0:192.168.34.56:33816, 6af5dfc0-d4d0-48db-9aa9-c45e51549e54:192.168.34.56:32981], old=null
2019-10-18 12:31:57,238 [grpc-default-executor-3] INFO  impl.RaftServerImpl (RaftServerImpl.java:setRole(184)) - c39ba312-e57f-4b8c-998e-32538a6d88da@group-A09C527D8C6F: changes role from  FOLLOWER to FOLLOWER at term 13 for recognizeCandidate:67d877d9-ecd0-4b7d-838e-89aa2c4103c0
2019-10-18 12:31:57,238 [grpc-default-executor-3] INFO  impl.RoleInfo (RoleInfo.java:shutdownFollowerState(121)) - c39ba312-e57f-4b8c-998e-32538a6d88da: shutdown FollowerState
2019-10-18 12:31:57,238 [grpc-default-executor-5] INFO  impl.RaftServerImpl (RaftServerImpl.java:setRole(184)) - 6af5dfc0-d4d0-48db-9aa9-c45e51549e54@group-A09C527D8C6F: changes role from  FOLLOWER to FOLLOWER at term 13 for recognizeCandidate:67d877d9-ecd0-4b7d-838e-89aa2c4103c0
2019-10-18 12:31:57,238 [Thread-317] INFO  impl.FollowerState (FollowerState.java:run(117)) - c39ba312-e57f-4b8c-998e-32538a6d88da@group-A09C527D8C6F-FollowerState was interrupted: java.lang.InterruptedException: sleep interrupted
2019-10-18 12:31:57,238 [grpc-default-executor-5] INFO  impl.RoleInfo (RoleInfo.java:shutdownFollowerState(121)) - 6af5dfc0-d4d0-48db-9aa9-c45e51549e54: shutdown FollowerState
2019-10-18 12:31:57,238 [grpc-default-executor-3] INFO  impl.RoleInfo (RoleInfo.java:updateAndGet(143)) - c39ba312-e57f-4b8c-998e-32538a6d88da: start FollowerState
2019-10-18 12:31:57,240 [Thread-316] INFO  impl.FollowerState (FollowerState.java:run(117)) - 6af5dfc0-d4d0-48db-9aa9-c45e51549e54@group-A09C527D8C6F-FollowerState was interrupted: java.lang.InterruptedException: sleep interrupted
2019-10-18 12:31:57,240 [grpc-default-executor-5] INFO  impl.RoleInfo (RoleInfo.java:updateAndGet(143)) - 6af5dfc0-d4d0-48db-9aa9-c45e51549e54: start FollowerState
2019-10-18 12:31:57,268 [67d877d9-ecd0-4b7d-838e-89aa2c4103c0@group-A09C527D8C6F-LeaderElection19] INFO  impl.LeaderElection (LeaderElection.java:logAndReturn(56)) - 67d877d9-ecd0-4b7d-838e-89aa2c4103c0@group-A09C527D8C6F-LeaderElection19: Election REJECTED; received 2 response(s) [67d877d9-ecd0-4b7d-838e-89aa2c4103c0<-c39ba312-e57f-4b8c-998e-32538a6d88da#0:FAIL-t13, 67d877d9-ecd0-4b7d-838e-89aa2c4103c0<-6af5dfc0-d4d0-48db-9aa9-c45e51549e54#0:FAIL-t13] and 0 exception(s); 67d877d9-ecd0-4b7d-838e-89aa2c4103c0@group-A09C527D8C6F:t13, leader=null, voted=67d877d9-ecd0-4b7d-838e-89aa2c4103c0, raftlog=67d877d9-ecd0-4b7d-838e-89aa2c4103c0@group-A09C527D8C6F-SegmentedRaftLog:OPENED:c-1,f-1,i0, conf=-1: [c39ba312-e57f-4b8c-998e-32538a6d88da:192.168.34.56:44039, 67d877d9-ecd0-4b7d-838e-89aa2c4103c0:192.168.34.56:33816, 6af5dfc0-d4d0-48db-9aa9-c45e51549e54:192.168.34.56:32981], old=null
2019-10-18 12:31:57,268 [67d877d9-ecd0-4b7d-838e-89aa2c4103c0@group-A09C527D8C6F-LeaderElection19] INFO  impl.RaftServerImpl (RaftServerImpl.java:setRole(184)) - 67d877d9-ecd0-4b7d-838e-89aa2c4103c0@group-A09C527D8C6F: changes role from CANDIDATE to FOLLOWER at term 13 for DISCOVERED_A_NEW_TERM
2019-10-18 12:31:57,269 [67d877d9-ecd0-4b7d-838e-89aa2c4103c0@group-A09C527D8C6F-LeaderElection19] INFO  impl.RoleInfo (RoleInfo.java:shutdownLeaderElection(134)) - 67d877d9-ecd0-4b7d-838e-89aa2c4103c0: shutdown LeaderElection
2019-10-18 12:31:57,269 [67d877d9-ecd0-4b7d-838e-89aa2c4103c0@group-A09C527D8C6F-LeaderElection19] INFO  impl.RoleInfo (RoleInfo.java:updateAndGet(143)) - 67d877d9-ecd0-4b7d-838e-89aa2c4103c0: start FollowerState
2019-10-18 12:31:57,450 [Thread-328] INFO  impl.FollowerState (FollowerState.java:run(108)) - 67d877d9-ecd0-4b7d-838e-89aa2c4103c0@group-A09C527D8C6F-FollowerState: change to CANDIDATE, lastRpcTime:181ms, electionTimeout:181ms
2019-10-18 12:31:57,452 [Thread-328] INFO  impl.RoleInfo (RoleInfo.java:shutdownFollowerState(121)) - 67d877d9-ecd0-4b7d-838e-89aa2c4103c0: shutdown FollowerState
2019-10-18 12:31:57,452 [Thread-328] INFO  impl.RaftServerImpl (RaftServerImpl.java:setRole(184)) - 67d877d9-ecd0-4b7d-838e-89aa2c4103c0@group-A09C527D8C6F: changes role from  FOLLOWER to CANDIDATE at term 13 for changeToCandidate
2019-10-18 12:31:57,452 [Thread-328] INFO  impl.RoleInfo (RoleInfo.java:updateAndGet(143)) - 67d877d9-ecd0-4b7d-838e-89aa2c4103c0: start LeaderElection
2019-10-18 12:31:57,484 [67d877d9-ecd0-4b7d-838e-89aa2c4103c0@group-A09C527D8C6F-LeaderElection20] INFO  impl.LeaderElection (LeaderElection.java:askForVotes(178)) - 67d877d9-ecd0-4b7d-838e-89aa2c4103c0@group-A09C527D8C6F-LeaderElection20: begin an election at term 14 for -1: [c39ba312-e57f-4b8c-998e-32538a6d88da:192.168.34.56:44039, 67d877d9-ecd0-4b7d-838e-89aa2c4103c0:192.168.34.56:33816, 6af5dfc0-d4d0-48db-9aa9-c45e51549e54:192.168.34.56:32981], old=null
2019-10-18 12:31:57,488 [grpc-default-executor-3] INFO  impl.RaftServerImpl (RaftServerImpl.java:setRole(184)) - 6af5dfc0-d4d0-48db-9aa9-c45e51549e54@group-A09C527D8C6F: changes role from  FOLLOWER to FOLLOWER at term 14 for recognizeCandidate:67d877d9-ecd0-4b7d-838e-89aa2c4103c0
2019-10-18 12:31:57,489 [grpc-default-executor-3] INFO  impl.RoleInfo (RoleInfo.java:shutdownFollowerState(121)) - 6af5dfc0-d4d0-48db-9aa9-c45e51549e54: shutdown FollowerState
2019-10-18 12:31:57,488 [grpc-default-executor-5] INFO  impl.RaftServerImpl (RaftServerImpl.java:setRole(184)) - c39ba312-e57f-4b8c-998e-32538a6d88da@group-A09C527D8C6F: changes role from  FOLLOWER to FOLLOWER at term 14 for recognizeCandidate:67d877d9-ecd0-4b7d-838e-89aa2c4103c0
2019-10-18 12:31:57,489 [Thread-327] INFO  impl.FollowerState (FollowerState.java:run(117)) - 6af5dfc0-d4d0-48db-9aa9-c45e51549e54@group-A09C527D8C6F-FollowerState was interrupted: java.lang.InterruptedException: sleep interrupted
2019-10-18 12:31:57,489 [grpc-default-executor-3] INFO  impl.RoleInfo (RoleInfo.java:updateAndGet(143)) - 6af5dfc0-d4d0-48db-9aa9-c45e51549e54: start FollowerState
2019-10-18 12:31:57,489 [grpc-default-executor-5] INFO  impl.RoleInfo (RoleInfo.java:shutdownFollowerState(121)) - c39ba312-e57f-4b8c-998e-32538a6d88da: shutdown FollowerState
2019-10-18 12:31:57,490 [grpc-default-executor-5] INFO  impl.RoleInfo (RoleInfo.java:updateAndGet(143)) - c39ba312-e57f-4b8c-998e-32538a6d88da: start FollowerState
2019-10-18 12:31:57,490 [Thread-326] INFO  impl.FollowerState (FollowerState.java:run(117)) - c39ba312-e57f-4b8c-998e-32538a6d88da@group-A09C527D8C6F-FollowerState was interrupted: java.lang.InterruptedException: sleep interrupted
2019-10-18 12:31:57,520 [67d877d9-ecd0-4b7d-838e-89aa2c4103c0@group-A09C527D8C6F-LeaderElection20] INFO  impl.LeaderElection (LeaderElection.java:logAndReturn(56)) - 67d877d9-ecd0-4b7d-838e-89aa2c4103c0@group-A09C527D8C6F-LeaderElection20: Election REJECTED; received 2 response(s) [67d877d9-ecd0-4b7d-838e-89aa2c4103c0<-c39ba312-e57f-4b8c-998e-32538a6d88da#0:FAIL-t14, 67d877d9-ecd0-4b7d-838e-89aa2c4103c0<-6af5dfc0-d4d0-48db-9aa9-c45e51549e54#0:FAIL-t14] and 0 exception(s); 67d877d9-ecd0-4b7d-838e-89aa2c4103c0@group-A09C527D8C6F:t14, leader=null, voted=67d877d9-ecd0-4b7d-838e-89aa2c4103c0, raftlog=67d877d9-ecd0-4b7d-838e-89aa2c4103c0@group-A09C527D8C6F-SegmentedRaftLog:OPENED:c-1,f-1,i0, conf=-1: [c39ba312-e57f-4b8c-998e-32538a6d88da:192.168.34.56:44039, 67d877d9-ecd0-4b7d-838e-89aa2c4103c0:192.168.34.56:33816, 6af5dfc0-d4d0-48db-9aa9-c45e51549e54:192.168.34.56:32981], old=null
2019-10-18 12:31:57,520 [67d877d9-ecd0-4b7d-838e-89aa2c4103c0@group-A09C527D8C6F-LeaderElection20] INFO  impl.RaftServerImpl (RaftServerImpl.java:setRole(184)) - 67d877d9-ecd0-4b7d-838e-89aa2c4103c0@group-A09C527D8C6F: changes role from CANDIDATE to FOLLOWER at term 14 for DISCOVERED_A_NEW_TERM
2019-10-18 12:31:57,521 [67d877d9-ecd0-4b7d-838e-89aa2c4103c0@group-A09C527D8C6F-LeaderElection20] INFO  impl.RoleInfo (RoleInfo.java:shutdownLeaderElection(134)) - 67d877d9-ecd0-4b7d-838e-89aa2c4103c0: shutdown LeaderElection
2019-10-18 12:31:57,521 [67d877d9-ecd0-4b7d-838e-89aa2c4103c0@group-A09C527D8C6F-LeaderElection20] INFO  impl.RoleInfo (RoleInfo.java:updateAndGet(143)) - 67d877d9-ecd0-4b7d-838e-89aa2c4103c0: start FollowerState
2019-10-18 12:31:57,542 [Thread-334] INFO  impl.FollowerState (FollowerState.java:run(108)) - 67d877d9-ecd0-4b7d-838e-89aa2c4103c0@group-A09C527D8C6F-FollowerState: change to CANDIDATE, lastRpcTime:21ms, electionTimeout:21ms
2019-10-18 12:31:57,544 [Thread-334] INFO  impl.RoleInfo (RoleInfo.java:shutdownFollowerState(121)) - 67d877d9-ecd0-4b7d-838e-89aa2c4103c0: shutdown FollowerState
2019-10-18 12:31:57,545 [Thread-334] INFO  impl.RaftServerImpl (RaftServerImpl.java:setRole(184)) - 67d877d9-ecd0-4b7d-838e-89aa2c4103c0@group-A09C527D8C6F: changes role from  FOLLOWER to CANDIDATE at term 14 for changeToCandidate
2019-10-18 12:31:57,545 [Thread-334] INFO  impl.RoleInfo (RoleInfo.java:updateAndGet(143)) - 67d877d9-ecd0-4b7d-838e-89aa2c4103c0: start LeaderElection
2019-10-18 12:31:57,568 [67d877d9-ecd0-4b7d-838e-89aa2c4103c0@group-A09C527D8C6F-LeaderElection21] INFO  impl.LeaderElection (LeaderElection.java:askForVotes(178)) - 67d877d9-ecd0-4b7d-838e-89aa2c4103c0@group-A09C527D8C6F-LeaderElection21: begin an election at term 15 for -1: [c39ba312-e57f-4b8c-998e-32538a6d88da:192.168.34.56:44039, 67d877d9-ecd0-4b7d-838e-89aa2c4103c0:192.168.34.56:33816, 6af5dfc0-d4d0-48db-9aa9-c45e51549e54:192.168.34.56:32981], old=null
2019-10-18 12:31:57,574 [grpc-default-executor-3] INFO  impl.RaftServerImpl (RaftServerImpl.java:setRole(184)) - c39ba312-e57f-4b8c-998e-32538a6d88da@group-A09C527D8C6F: changes role from  FOLLOWER to FOLLOWER at term 15 for recognizeCandidate:67d877d9-ecd0-4b7d-838e-89aa2c4103c0
2019-10-18 12:31:57,574 [grpc-default-executor-5] INFO  impl.RaftServerImpl (RaftServerImpl.java:setRole(184)) - 6af5dfc0-d4d0-48db-9aa9-c45e51549e54@group-A09C527D8C6F: changes role from  FOLLOWER to FOLLOWER at term 15 for recognizeCandidate:67d877d9-ecd0-4b7d-838e-89aa2c4103c0
2019-10-18 12:31:57,574 [grpc-default-executor-3] INFO  impl.RoleInfo (RoleInfo.java:shutdownFollowerState(121)) - c39ba312-e57f-4b8c-998e-32538a6d88da: shutdown FollowerState
2019-10-18 12:31:57,574 [grpc-default-executor-5] INFO  impl.RoleInfo (RoleInfo.java:shutdownFollowerState(121)) - 6af5dfc0-d4d0-48db-9aa9-c45e51549e54: shutdown FollowerState
2019-10-18 12:31:57,574 [grpc-default-executor-3] INFO  impl.RoleInfo (RoleInfo.java:updateAndGet(143)) - c39ba312-e57f-4b8c-998e-32538a6d88da: start FollowerState
2019-10-18 12:31:57,574 [Thread-333] INFO  impl.FollowerState (FollowerState.java:run(117)) - c39ba312-e57f-4b8c-998e-32538a6d88da@group-A09C527D8C6F-FollowerState was interrupted: java.lang.InterruptedException: sleep interrupted
2019-10-18 12:31:57,575 [Thread-332] INFO  impl.FollowerState (FollowerState.java:run(117)) - 6af5dfc0-d4d0-48db-9aa9-c45e51549e54@group-A09C527D8C6F-FollowerState was interrupted: java.lang.InterruptedException: sleep interrupted
2019-10-18 12:31:57,575 [grpc-default-executor-5] INFO  impl.RoleInfo (RoleInfo.java:updateAndGet(143)) - 6af5dfc0-d4d0-48db-9aa9-c45e51549e54: start FollowerState
2019-10-18 12:31:57,604 [67d877d9-ecd0-4b7d-838e-89aa2c4103c0@group-A09C527D8C6F-LeaderElection21] INFO  impl.LeaderElection (LeaderElection.java:logAndReturn(56)) - 67d877d9-ecd0-4b7d-838e-89aa2c4103c0@group-A09C527D8C6F-LeaderElection21: Election REJECTED; received 2 response(s) [67d877d9-ecd0-4b7d-838e-89aa2c4103c0<-c39ba312-e57f-4b8c-998e-32538a6d88da#0:FAIL-t15, 67d877d9-ecd0-4b7d-838e-89aa2c4103c0<-6af5dfc0-d4d0-48db-9aa9-c45e51549e54#0:FAIL-t15] and 0 exception(s); 67d877d9-ecd0-4b7d-838e-89aa2c4103c0@group-A09C527D8C6F:t15, leader=null, voted=67d877d9-ecd0-4b7d-838e-89aa2c4103c0, raftlog=67d877d9-ecd0-4b7d-838e-89aa2c4103c0@group-A09C527D8C6F-SegmentedRaftLog:OPENED:c-1,f-1,i0, conf=-1: [c39ba312-e57f-4b8c-998e-32538a6d88da:192.168.34.56:44039, 67d877d9-ecd0-4b7d-838e-89aa2c4103c0:192.168.34.56:33816, 6af5dfc0-d4d0-48db-9aa9-c45e51549e54:192.168.34.56:32981], old=null
2019-10-18 12:31:57,604 [67d877d9-ecd0-4b7d-838e-89aa2c4103c0@group-A09C527D8C6F-LeaderElection21] INFO  impl.RaftServerImpl (RaftServerImpl.java:setRole(184)) - 67d877d9-ecd0-4b7d-838e-89aa2c4103c0@group-A09C527D8C6F: changes role from CANDIDATE to FOLLOWER at term 15 for DISCOVERED_A_NEW_TERM
2019-10-18 12:31:57,604 [67d877d9-ecd0-4b7d-838e-89aa2c4103c0@group-A09C527D8C6F-LeaderElection21] INFO  impl.RoleInfo (RoleInfo.java:shutdownLeaderElection(134)) - 67d877d9-ecd0-4b7d-838e-89aa2c4103c0: shutdown LeaderElection
2019-10-18 12:31:57,605 [67d877d9-ecd0-4b7d-838e-89aa2c4103c0@group-A09C527D8C6F-LeaderElection21] INFO  impl.RoleInfo (RoleInfo.java:updateAndGet(143)) - 67d877d9-ecd0-4b7d-838e-89aa2c4103c0: start FollowerState
2019-10-18 12:31:57,617 [Thread-340] INFO  impl.FollowerState (FollowerState.java:run(108)) - 67d877d9-ecd0-4b7d-838e-89aa2c4103c0@group-A09C527D8C6F-FollowerState: change to CANDIDATE, lastRpcTime:12ms, electionTimeout:12ms
2019-10-18 12:31:57,619 [Thread-340] INFO  impl.RoleInfo (RoleInfo.java:shutdownFollowerState(121)) - 67d877d9-ecd0-4b7d-838e-89aa2c4103c0: shutdown FollowerState
2019-10-18 12:31:57,619 [Thread-340] INFO  impl.RaftServerImpl (RaftServerImpl.java:setRole(184)) - 67d877d9-ecd0-4b7d-838e-89aa2c4103c0@group-A09C527D8C6F: changes role from  FOLLOWER to CANDIDATE at term 15 for changeToCandidate
2019-10-18 12:31:57,619 [Thread-340] INFO  impl.RoleInfo (RoleInfo.java:updateAndGet(143)) - 67d877d9-ecd0-4b7d-838e-89aa2c4103c0: start LeaderElection
2019-10-18 12:31:57,644 [67d877d9-ecd0-4b7d-838e-89aa2c4103c0@group-A09C527D8C6F-LeaderElection22] INFO  impl.LeaderElection (LeaderElection.java:askForVotes(178)) - 67d877d9-ecd0-4b7d-838e-89aa2c4103c0@group-A09C527D8C6F-LeaderElection22: begin an election at term 16 for -1: [c39ba312-e57f-4b8c-998e-32538a6d88da:192.168.34.56:44039, 67d877d9-ecd0-4b7d-838e-89aa2c4103c0:192.168.34.56:33816, 6af5dfc0-d4d0-48db-9aa9-c45e51549e54:192.168.34.56:32981], old=null
2019-10-18 12:31:57,648 [grpc-default-executor-5] INFO  impl.RaftServerImpl (RaftServerImpl.java:setRole(184)) - 6af5dfc0-d4d0-48db-9aa9-c45e51549e54@group-A09C527D8C6F: changes role from  FOLLOWER to FOLLOWER at term 16 for recognizeCandidate:67d877d9-ecd0-4b7d-838e-89aa2c4103c0
2019-10-18 12:31:57,648 [grpc-default-executor-3] INFO  impl.RaftServerImpl (RaftServerImpl.java:setRole(184)) - c39ba312-e57f-4b8c-998e-32538a6d88da@group-A09C527D8C6F: changes role from  FOLLOWER to FOLLOWER at term 16 for recognizeCandidate:67d877d9-ecd0-4b7d-838e-89aa2c4103c0
2019-10-18 12:31:57,648 [grpc-default-executor-5] INFO  impl.RoleInfo (RoleInfo.java:shutdownFollowerState(121)) - 6af5dfc0-d4d0-48db-9aa9-c45e51549e54: shutdown FollowerState
2019-10-18 12:31:57,648 [grpc-default-executor-3] INFO  impl.RoleInfo (RoleInfo.java:shutdownFollowerState(121)) - c39ba312-e57f-4b8c-998e-32538a6d88da: shutdown FollowerState
2019-10-18 12:31:57,649 [grpc-default-executor-5] INFO  impl.RoleInfo (RoleInfo.java:updateAndGet(143)) - 6af5dfc0-d4d0-48db-9aa9-c45e51549e54: start FollowerState
2019-10-18 12:31:57,648 [Thread-339] INFO  impl.FollowerState (FollowerState.java:run(117)) - 6af5dfc0-d4d0-48db-9aa9-c45e51549e54@group-A09C527D8C6F-FollowerState was interrupted: java.lang.InterruptedException: sleep interrupted
2019-10-18 12:31:57,649 [grpc-default-executor-3] INFO  impl.RoleInfo (RoleInfo.java:updateAndGet(143)) - c39ba312-e57f-4b8c-998e-32538a6d88da: start FollowerState
2019-10-18 12:31:57,649 [Thread-338] INFO  impl.FollowerState (FollowerState.java:run(117)) - c39ba312-e57f-4b8c-998e-32538a6d88da@group-A09C527D8C6F-FollowerState was interrupted: java.lang.InterruptedException: sleep interrupted
2019-10-18 12:31:57,680 [67d877d9-ecd0-4b7d-838e-89aa2c4103c0@group-A09C527D8C6F-LeaderElection22] INFO  impl.LeaderElection (LeaderElection.java:logAndReturn(56)) - 67d877d9-ecd0-4b7d-838e-89aa2c4103c0@group-A09C527D8C6F-LeaderElection22: Election REJECTED; received 2 response(s) [67d877d9-ecd0-4b7d-838e-89aa2c4103c0<-c39ba312-e57f-4b8c-998e-32538a6d88da#0:FAIL-t16, 67d877d9-ecd0-4b7d-838e-89aa2c4103c0<-6af5dfc0-d4d0-48db-9aa9-c45e51549e54#0:FAIL-t16] and 0 exception(s); 67d877d9-ecd0-4b7d-838e-89aa2c4103c0@group-A09C527D8C6F:t16, leader=null, voted=67d877d9-ecd0-4b7d-838e-89aa2c4103c0, raftlog=67d877d9-ecd0-4b7d-838e-89aa2c4103c0@group-A09C527D8C6F-SegmentedRaftLog:OPENED:c-1,f-1,i0, conf=-1: [c39ba312-e57f-4b8c-998e-32538a6d88da:192.168.34.56:44039, 67d877d9-ecd0-4b7d-838e-89aa2c4103c0:192.168.34.56:33816, 6af5dfc0-d4d0-48db-9aa9-c45e51549e54:192.168.34.56:32981], old=null
2019-10-18 12:31:57,680 [67d877d9-ecd0-4b7d-838e-89aa2c4103c0@group-A09C527D8C6F-LeaderElection22] INFO  impl.RaftServerImpl (RaftServerImpl.java:setRole(184)) - 67d877d9-ecd0-4b7d-838e-89aa2c4103c0@group-A09C527D8C6F: changes role from CANDIDATE to FOLLOWER at term 16 for DISCOVERED_A_NEW_TERM
2019-10-18 12:31:57,680 [67d877d9-ecd0-4b7d-838e-89aa2c4103c0@group-A09C527D8C6F-LeaderElection22] INFO  impl.RoleInfo (RoleInfo.java:shutdownLeaderElection(134)) - 67d877d9-ecd0-4b7d-838e-89aa2c4103c0: shutdown LeaderElection
2019-10-18 12:31:57,680 [67d877d9-ecd0-4b7d-838e-89aa2c4103c0@group-A09C527D8C6F-LeaderElection22] INFO  impl.RoleInfo (RoleInfo.java:updateAndGet(143)) - 67d877d9-ecd0-4b7d-838e-89aa2c4103c0: start FollowerState
2019-10-18 12:31:57,752 [Thread-346] INFO  impl.FollowerState (FollowerState.java:run(108)) - 67d877d9-ecd0-4b7d-838e-89aa2c4103c0@group-A09C527D8C6F-FollowerState: change to CANDIDATE, lastRpcTime:71ms, electionTimeout:71ms
2019-10-18 12:31:57,757 [Thread-346] INFO  impl.RoleInfo (RoleInfo.java:shutdownFollowerState(121)) - 67d877d9-ecd0-4b7d-838e-89aa2c4103c0: shutdown FollowerState
2019-10-18 12:31:57,758 [Thread-346] INFO  impl.RaftServerImpl (RaftServerImpl.java:setRole(184)) - 67d877d9-ecd0-4b7d-838e-89aa2c4103c0@group-A09C527D8C6F: changes role from  FOLLOWER to CANDIDATE at term 16 for changeToCandidate
2019-10-18 12:31:57,758 [Thread-346] INFO  impl.RoleInfo (RoleInfo.java:updateAndGet(143)) - 67d877d9-ecd0-4b7d-838e-89aa2c4103c0: start LeaderElection
2019-10-18 12:31:57,786 [67d877d9-ecd0-4b7d-838e-89aa2c4103c0@group-A09C527D8C6F-LeaderElection23] INFO  impl.LeaderElection (LeaderElection.java:askForVotes(178)) - 67d877d9-ecd0-4b7d-838e-89aa2c4103c0@group-A09C527D8C6F-LeaderElection23: begin an election at term 17 for -1: [c39ba312-e57f-4b8c-998e-32538a6d88da:192.168.34.56:44039, 67d877d9-ecd0-4b7d-838e-89aa2c4103c0:192.168.34.56:33816, 6af5dfc0-d4d0-48db-9aa9-c45e51549e54:192.168.34.56:32981], old=null
2019-10-18 12:31:57,793 [grpc-default-executor-3] INFO  impl.RaftServerImpl (RaftServerImpl.java:setRole(184)) - c39ba312-e57f-4b8c-998e-32538a6d88da@group-A09C527D8C6F: changes role from  FOLLOWER to FOLLOWER at term 17 for recognizeCandidate:67d877d9-ecd0-4b7d-838e-89aa2c4103c0
2019-10-18 12:31:57,793 [grpc-default-executor-5] INFO  impl.RaftServerImpl (RaftServerImpl.java:setRole(184)) - 6af5dfc0-d4d0-48db-9aa9-c45e51549e54@group-A09C527D8C6F: changes role from  FOLLOWER to FOLLOWER at term 17 for recognizeCandidate:67d877d9-ecd0-4b7d-838e-89aa2c4103c0
2019-10-18 12:31:57,793 [grpc-default-executor-3] INFO  impl.RoleInfo (RoleInfo.java:shutdownFollowerState(121)) - c39ba312-e57f-4b8c-998e-32538a6d88da: shutdown FollowerState
2019-10-18 12:31:57,794 [grpc-default-executor-5] INFO  impl.RoleInfo (RoleInfo.java:shutdownFollowerState(121)) - 6af5dfc0-d4d0-48db-9aa9-c45e51549e54: shutdown FollowerState
2019-10-18 12:31:57,794 [Thread-345] INFO  impl.FollowerState (FollowerState.java:run(117)) - c39ba312-e57f-4b8c-998e-32538a6d88da@group-A09C527D8C6F-FollowerState was interrupted: java.lang.InterruptedException: sleep interrupted
2019-10-18 12:31:57,794 [grpc-default-executor-3] INFO  impl.RoleInfo (RoleInfo.java:updateAndGet(143)) - c39ba312-e57f-4b8c-998e-32538a6d88da: start FollowerState
2019-10-18 12:31:57,794 [grpc-default-executor-5] INFO  impl.RoleInfo (RoleInfo.java:updateAndGet(143)) - 6af5dfc0-d4d0-48db-9aa9-c45e51549e54: start FollowerState
2019-10-18 12:31:57,794 [Thread-344] INFO  impl.FollowerState (FollowerState.java:run(117)) - 6af5dfc0-d4d0-48db-9aa9-c45e51549e54@group-A09C527D8C6F-FollowerState was interrupted: java.lang.InterruptedException: sleep interrupted
2019-10-18 12:31:57,822 [67d877d9-ecd0-4b7d-838e-89aa2c4103c0@group-A09C527D8C6F-LeaderElection23] INFO  impl.LeaderElection (LeaderElection.java:logAndReturn(56)) - 67d877d9-ecd0-4b7d-838e-89aa2c4103c0@group-A09C527D8C6F-LeaderElection23: Election REJECTED; received 2 response(s) [67d877d9-ecd0-4b7d-838e-89aa2c4103c0<-c39ba312-e57f-4b8c-998e-32538a6d88da#0:FAIL-t17, 67d877d9-ecd0-4b7d-838e-89aa2c4103c0<-6af5dfc0-d4d0-48db-9aa9-c45e51549e54#0:FAIL-t17] and 0 exception(s); 67d877d9-ecd0-4b7d-838e-89aa2c4103c0@group-A09C527D8C6F:t17, leader=null, voted=67d877d9-ecd0-4b7d-838e-89aa2c4103c0, raftlog=67d877d9-ecd0-4b7d-838e-89aa2c4103c0@group-A09C527D8C6F-SegmentedRaftLog:OPENED:c-1,f-1,i0, conf=-1: [c39ba312-e57f-4b8c-998e-32538a6d88da:192.168.34.56:44039, 67d877d9-ecd0-4b7d-838e-89aa2c4103c0:192.168.34.56:33816, 6af5dfc0-d4d0-48db-9aa9-c45e51549e54:192.168.34.56:32981], old=null
2019-10-18 12:31:57,823 [67d877d9-ecd0-4b7d-838e-89aa2c4103c0@group-A09C527D8C6F-LeaderElection23] INFO  impl.RaftServerImpl (RaftServerImpl.java:setRole(184)) - 67d877d9-ecd0-4b7d-838e-89aa2c4103c0@group-A09C527D8C6F: changes role from CANDIDATE to FOLLOWER at term 17 for DISCOVERED_A_NEW_TERM
2019-10-18 12:31:57,823 [67d877d9-ecd0-4b7d-838e-89aa2c4103c0@group-A09C527D8C6F-LeaderElection23] INFO  impl.RoleInfo (RoleInfo.java:shutdownLeaderElection(134)) - 67d877d9-ecd0-4b7d-838e-89aa2c4103c0: shutdown LeaderElection
2019-10-18 12:31:57,823 [67d877d9-ecd0-4b7d-838e-89aa2c4103c0@group-A09C527D8C6F-LeaderElection23] INFO  impl.RoleInfo (RoleInfo.java:updateAndGet(143)) - 67d877d9-ecd0-4b7d-838e-89aa2c4103c0: start FollowerState
2019-10-18 12:31:57,845 [Thread-352] INFO  impl.FollowerState (FollowerState.java:run(108)) - 67d877d9-ecd0-4b7d-838e-89aa2c4103c0@group-A09C527D8C6F-FollowerState: change to CANDIDATE, lastRpcTime:21ms, electionTimeout:21ms
2019-10-18 12:31:57,847 [Thread-352] INFO  impl.RoleInfo (RoleInfo.java:shutdownFollowerState(121)) - 67d877d9-ecd0-4b7d-838e-89aa2c4103c0: shutdown FollowerState
2019-10-18 12:31:57,847 [Thread-352] INFO  impl.RaftServerImpl (RaftServerImpl.java:setRole(184)) - 67d877d9-ecd0-4b7d-838e-89aa2c4103c0@group-A09C527D8C6F: changes role from  FOLLOWER to CANDIDATE at term 17 for changeToCandidate
2019-10-18 12:31:57,847 [Thread-352] INFO  impl.RoleInfo (RoleInfo.java:updateAndGet(143)) - 67d877d9-ecd0-4b7d-838e-89aa2c4103c0: start LeaderElection
2019-10-18 12:31:57,870 [67d877d9-ecd0-4b7d-838e-89aa2c4103c0@group-A09C527D8C6F-LeaderElection24] INFO  impl.LeaderElection (LeaderElection.java:askForVotes(178)) - 67d877d9-ecd0-4b7d-838e-89aa2c4103c0@group-A09C527D8C6F-LeaderElection24: begin an election at term 18 for -1: [c39ba312-e57f-4b8c-998e-32538a6d88da:192.168.34.56:44039, 67d877d9-ecd0-4b7d-838e-89aa2c4103c0:192.168.34.56:33816, 6af5dfc0-d4d0-48db-9aa9-c45e51549e54:192.168.34.56:32981], old=null
2019-10-18 12:31:57,874 [grpc-default-executor-3] INFO  impl.RaftServerImpl (RaftServerImpl.java:setRole(184)) - c39ba312-e57f-4b8c-998e-32538a6d88da@group-A09C527D8C6F: changes role from  FOLLOWER to FOLLOWER at term 18 for recognizeCandidate:67d877d9-ecd0-4b7d-838e-89aa2c4103c0
2019-10-18 12:31:57,874 [grpc-default-executor-5] INFO  impl.RaftServerImpl (RaftServerImpl.java:setRole(184)) - 6af5dfc0-d4d0-48db-9aa9-c45e51549e54@group-A09C527D8C6F: changes role from  FOLLOWER to FOLLOWER at term 18 for recognizeCandidate:67d877d9-ecd0-4b7d-838e-89aa2c4103c0
2019-10-18 12:31:57,875 [grpc-default-executor-3] INFO  impl.RoleInfo (RoleInfo.java:shutdownFollowerState(121)) - c39ba312-e57f-4b8c-998e-32538a6d88da: shutdown FollowerState
2019-10-18 12:31:57,875 [grpc-default-executor-5] INFO  impl.RoleInfo (RoleInfo.java:shutdownFollowerState(121)) - 6af5dfc0-d4d0-48db-9aa9-c45e51549e54: shutdown FollowerState
2019-10-18 12:31:57,875 [grpc-default-executor-3] INFO  impl.RoleInfo (RoleInfo.java:updateAndGet(143)) - c39ba312-e57f-4b8c-998e-32538a6d88da: start FollowerState
2019-10-18 12:31:57,875 [Thread-350] INFO  impl.FollowerState (FollowerState.java:run(117)) - c39ba312-e57f-4b8c-998e-32538a6d88da@group-A09C527D8C6F-FollowerState was interrupted: java.lang.InterruptedException: sleep interrupted
2019-10-18 12:31:57,875 [Thread-351] INFO  impl.FollowerState (FollowerState.java:run(117)) - 6af5dfc0-d4d0-48db-9aa9-c45e51549e54@group-A09C527D8C6F-FollowerState was interrupted: java.lang.InterruptedException: sleep interrupted
2019-10-18 12:31:57,875 [grpc-default-executor-5] INFO  impl.RoleInfo (RoleInfo.java:updateAndGet(143)) - 6af5dfc0-d4d0-48db-9aa9-c45e51549e54: start FollowerState
2019-10-18 12:31:57,906 [67d877d9-ecd0-4b7d-838e-89aa2c4103c0@group-A09C527D8C6F-LeaderElection24] INFO  impl.LeaderElection (LeaderElection.java:logAndReturn(56)) - 67d877d9-ecd0-4b7d-838e-89aa2c4103c0@group-A09C527D8C6F-LeaderElection24: Election REJECTED; received 2 response(s) [67d877d9-ecd0-4b7d-838e-89aa2c4103c0<-c39ba312-e57f-4b8c-998e-32538a6d88da#0:FAIL-t18, 67d877d9-ecd0-4b7d-838e-89aa2c4103c0<-6af5dfc0-d4d0-48db-9aa9-c45e51549e54#0:FAIL-t18] and 0 exception(s); 67d877d9-ecd0-4b7d-838e-89aa2c4103c0@group-A09C527D8C6F:t18, leader=null, voted=67d877d9-ecd0-4b7d-838e-89aa2c4103c0, raftlog=67d877d9-ecd0-4b7d-838e-89aa2c4103c0@group-A09C527D8C6F-SegmentedRaftLog:OPENED:c-1,f-1,i0, conf=-1: [c39ba312-e57f-4b8c-998e-32538a6d88da:192.168.34.56:44039, 67d877d9-ecd0-4b7d-838e-89aa2c4103c0:192.168.34.56:33816, 6af5dfc0-d4d0-48db-9aa9-c45e51549e54:192.168.34.56:32981], old=null
2019-10-18 12:31:57,906 [67d877d9-ecd0-4b7d-838e-89aa2c4103c0@group-A09C527D8C6F-LeaderElection24] INFO  impl.RaftServerImpl (RaftServerImpl.java:setRole(184)) - 67d877d9-ecd0-4b7d-838e-89aa2c4103c0@group-A09C527D8C6F: changes role from CANDIDATE to FOLLOWER at term 18 for DISCOVERED_A_NEW_TERM
2019-10-18 12:31:57,906 [67d877d9-ecd0-4b7d-838e-89aa2c4103c0@group-A09C527D8C6F-LeaderElection24] INFO  impl.RoleInfo (RoleInfo.java:shutdownLeaderElection(134)) - 67d877d9-ecd0-4b7d-838e-89aa2c4103c0: shutdown LeaderElection
2019-10-18 12:31:57,907 [67d877d9-ecd0-4b7d-838e-89aa2c4103c0@group-A09C527D8C6F-LeaderElection24] INFO  impl.RoleInfo (RoleInfo.java:updateAndGet(143)) - 67d877d9-ecd0-4b7d-838e-89aa2c4103c0: start FollowerState
2019-10-18 12:31:58,079 [Thread-358] INFO  impl.FollowerState (FollowerState.java:run(108)) - 67d877d9-ecd0-4b7d-838e-89aa2c4103c0@group-A09C527D8C6F-FollowerState: change to CANDIDATE, lastRpcTime:172ms, electionTimeout:172ms
2019-10-18 12:31:58,081 [Thread-358] INFO  impl.RoleInfo (RoleInfo.java:shutdownFollowerState(121)) - 67d877d9-ecd0-4b7d-838e-89aa2c4103c0: shutdown FollowerState
2019-10-18 12:31:58,081 [Thread-358] INFO  impl.RaftServerImpl (RaftServerImpl.java:setRole(184)) - 67d877d9-ecd0-4b7d-838e-89aa2c4103c0@group-A09C527D8C6F: changes role from  FOLLOWER to CANDIDATE at term 18 for changeToCandidate
2019-10-18 12:31:58,081 [Thread-358] INFO  impl.RoleInfo (RoleInfo.java:updateAndGet(143)) - 67d877d9-ecd0-4b7d-838e-89aa2c4103c0: start LeaderElection
2019-10-18 12:31:58,104 [67d877d9-ecd0-4b7d-838e-89aa2c4103c0@group-A09C527D8C6F-LeaderElection25] INFO  impl.LeaderElection (LeaderElection.java:askForVotes(178)) - 67d877d9-ecd0-4b7d-838e-89aa2c4103c0@group-A09C527D8C6F-LeaderElection25: begin an election at term 19 for -1: [c39ba312-e57f-4b8c-998e-32538a6d88da:192.168.34.56:44039, 67d877d9-ecd0-4b7d-838e-89aa2c4103c0:192.168.34.56:33816, 6af5dfc0-d4d0-48db-9aa9-c45e51549e54:192.168.34.56:32981], old=null
2019-10-18 12:31:58,109 [grpc-default-executor-5] INFO  impl.RaftServerImpl (RaftServerImpl.java:setRole(184)) - c39ba312-e57f-4b8c-998e-32538a6d88da@group-A09C527D8C6F: changes role from  FOLLOWER to FOLLOWER at term 19 for recognizeCandidate:67d877d9-ecd0-4b7d-838e-89aa2c4103c0
2019-10-18 12:31:58,109 [grpc-default-executor-3] INFO  impl.RaftServerImpl (RaftServerImpl.java:setRole(184)) - 6af5dfc0-d4d0-48db-9aa9-c45e51549e54@group-A09C527D8C6F: changes role from  FOLLOWER to FOLLOWER at term 19 for recognizeCandidate:67d877d9-ecd0-4b7d-838e-89aa2c4103c0
2019-10-18 12:31:58,110 [grpc-default-executor-5] INFO  impl.RoleInfo (RoleInfo.java:shutdownFollowerState(121)) - c39ba312-e57f-4b8c-998e-32538a6d88da: shutdown FollowerState
2019-10-18 12:31:58,110 [grpc-default-executor-3] INFO  impl.RoleInfo (RoleInfo.java:shutdownFollowerState(121)) - 6af5dfc0-d4d0-48db-9aa9-c45e51549e54: shutdown FollowerState
2019-10-18 12:31:58,110 [grpc-default-executor-5] INFO  impl.RoleInfo (RoleInfo.java:updateAndGet(143)) - c39ba312-e57f-4b8c-998e-32538a6d88da: start FollowerState
2019-10-18 12:31:58,110 [Thread-356] INFO  impl.FollowerState (FollowerState.java:run(117)) - c39ba312-e57f-4b8c-998e-32538a6d88da@group-A09C527D8C6F-FollowerState was interrupted: java.lang.InterruptedException: sleep interrupted
2019-10-18 12:31:58,110 [Thread-357] INFO  impl.FollowerState (FollowerState.java:run(117)) - 6af5dfc0-d4d0-48db-9aa9-c45e51549e54@group-A09C527D8C6F-FollowerState was interrupted: java.lang.InterruptedException: sleep interrupted
2019-10-18 12:31:58,110 [grpc-default-executor-3] INFO  impl.RoleInfo (RoleInfo.java:updateAndGet(143)) - 6af5dfc0-d4d0-48db-9aa9-c45e51549e54: start FollowerState
2019-10-18 12:31:58,140 [67d877d9-ecd0-4b7d-838e-89aa2c4103c0@group-A09C527D8C6F-LeaderElection25] INFO  impl.LeaderElection (LeaderElection.java:logAndReturn(56)) - 67d877d9-ecd0-4b7d-838e-89aa2c4103c0@group-A09C527D8C6F-LeaderElection25: Election REJECTED; received 2 response(s) [67d877d9-ecd0-4b7d-838e-89aa2c4103c0<-c39ba312-e57f-4b8c-998e-32538a6d88da#0:FAIL-t19, 67d877d9-ecd0-4b7d-838e-89aa2c4103c0<-6af5dfc0-d4d0-48db-9aa9-c45e51549e54#0:FAIL-t19] and 0 exception(s); 67d877d9-ecd0-4b7d-838e-89aa2c4103c0@group-A09C527D8C6F:t19, leader=null, voted=67d877d9-ecd0-4b7d-838e-89aa2c4103c0, raftlog=67d877d9-ecd0-4b7d-838e-89aa2c4103c0@group-A09C527D8C6F-SegmentedRaftLog:OPENED:c-1,f-1,i0, conf=-1: [c39ba312-e57f-4b8c-998e-32538a6d88da:192.168.34.56:44039, 67d877d9-ecd0-4b7d-838e-89aa2c4103c0:192.168.34.56:33816, 6af5dfc0-d4d0-48db-9aa9-c45e51549e54:192.168.34.56:32981], old=null
2019-10-18 12:31:58,141 [67d877d9-ecd0-4b7d-838e-89aa2c4103c0@group-A09C527D8C6F-LeaderElection25] INFO  impl.RaftServerImpl (RaftServerImpl.java:setRole(184)) - 67d877d9-ecd0-4b7d-838e-89aa2c4103c0@group-A09C527D8C6F: changes role from CANDIDATE to FOLLOWER at term 19 for DISCOVERED_A_NEW_TERM
2019-10-18 12:31:58,141 [67d877d9-ecd0-4b7d-838e-89aa2c4103c0@group-A09C527D8C6F-LeaderElection25] INFO  impl.RoleInfo (RoleInfo.java:shutdownLeaderElection(134)) - 67d877d9-ecd0-4b7d-838e-89aa2c4103c0: shutdown LeaderElection
2019-10-18 12:31:58,141 [67d877d9-ecd0-4b7d-838e-89aa2c4103c0@group-A09C527D8C6F-LeaderElection25] INFO  impl.RoleInfo (RoleInfo.java:updateAndGet(143)) - 67d877d9-ecd0-4b7d-838e-89aa2c4103c0: start FollowerState
2019-10-18 12:31:58,323 [Thread-364] INFO  impl.FollowerState (FollowerState.java:run(108)) - 67d877d9-ecd0-4b7d-838e-89aa2c4103c0@group-A09C527D8C6F-FollowerState: change to CANDIDATE, lastRpcTime:182ms, electionTimeout:182ms
2019-10-18 12:31:58,325 [Thread-364] INFO  impl.RoleInfo (RoleInfo.java:shutdownFollowerState(121)) - 67d877d9-ecd0-4b7d-838e-89aa2c4103c0: shutdown FollowerState
2019-10-18 12:31:58,326 [Thread-364] INFO  impl.RaftServerImpl (RaftServerImpl.java:setRole(184)) - 67d877d9-ecd0-4b7d-838e-89aa2c4103c0@group-A09C527D8C6F: changes role from  FOLLOWER to CANDIDATE at term 19 for changeToCandidate
2019-10-18 12:31:58,326 [Thread-364] INFO  impl.RoleInfo (RoleInfo.java:updateAndGet(143)) - 67d877d9-ecd0-4b7d-838e-89aa2c4103c0: start LeaderElection
2019-10-18 12:31:58,355 [67d877d9-ecd0-4b7d-838e-89aa2c4103c0@group-A09C527D8C6F-LeaderElection26] INFO  impl.LeaderElection (LeaderElection.java:askForVotes(178)) - 67d877d9-ecd0-4b7d-838e-89aa2c4103c0@group-A09C527D8C6F-LeaderElection26: begin an election at term 20 for -1: [c39ba312-e57f-4b8c-998e-32538a6d88da:192.168.34.56:44039, 67d877d9-ecd0-4b7d-838e-89aa2c4103c0:192.168.34.56:33816, 6af5dfc0-d4d0-48db-9aa9-c45e51549e54:192.168.34.56:32981], old=null
2019-10-18 12:31:58,359 [grpc-default-executor-5] INFO  impl.RaftServerImpl (RaftServerImpl.java:setRole(184)) - c39ba312-e57f-4b8c-998e-32538a6d88da@group-A09C527D8C6F: changes role from  FOLLOWER to FOLLOWER at term 20 for recognizeCandidate:67d877d9-ecd0-4b7d-838e-89aa2c4103c0
2019-10-18 12:31:58,359 [grpc-default-executor-3] INFO  impl.RaftServerImpl (RaftServerImpl.java:setRole(184)) - 6af5dfc0-d4d0-48db-9aa9-c45e51549e54@group-A09C527D8C6F: changes role from  FOLLOWER to FOLLOWER at term 20 for recognizeCandidate:67d877d9-ecd0-4b7d-838e-89aa2c4103c0
2019-10-18 12:31:58,359 [grpc-default-executor-5] INFO  impl.RoleInfo (RoleInfo.java:shutdownFollowerState(121)) - c39ba312-e57f-4b8c-998e-32538a6d88da: shutdown FollowerState
2019-10-18 12:31:58,360 [grpc-default-executor-3] INFO  impl.RoleInfo (RoleInfo.java:shutdownFollowerState(121)) - 6af5dfc0-d4d0-48db-9aa9-c45e51549e54: shutdown FollowerState
2019-10-18 12:31:58,360 [grpc-default-executor-5] INFO  impl.RoleInfo (RoleInfo.java:updateAndGet(143)) - c39ba312-e57f-4b8c-998e-32538a6d88da: start FollowerState
2019-10-18 12:31:58,360 [Thread-362] INFO  impl.FollowerState (FollowerState.java:run(117)) - c39ba312-e57f-4b8c-998e-32538a6d88da@group-A09C527D8C6F-FollowerState was interrupted: java.lang.InterruptedException: sleep interrupted
2019-10-18 12:31:58,362 [Thread-363] INFO  impl.FollowerState (FollowerState.java:run(117)) - 6af5dfc0-d4d0-48db-9aa9-c45e51549e54@group-A09C527D8C6F-FollowerState was interrupted: java.lang.InterruptedException: sleep interrupted
2019-10-18 12:31:58,362 [grpc-default-executor-3] INFO  impl.RoleInfo (RoleInfo.java:updateAndGet(143)) - 6af5dfc0-d4d0-48db-9aa9-c45e51549e54: start FollowerState
2019-10-18 12:31:58,372 [67d877d9-ecd0-4b7d-838e-89aa2c4103c0@group-A09C527D8C6F-LeaderElection26] INFO  impl.LeaderElection (LeaderElection.java:logAndReturn(56)) - 67d877d9-ecd0-4b7d-838e-89aa2c4103c0@group-A09C527D8C6F-LeaderElection26: Election TIMEOUT; received 0 response(s) [] and 0 exception(s); 67d877d9-ecd0-4b7d-838e-89aa2c4103c0@group-A09C527D8C6F:t20, leader=null, voted=67d877d9-ecd0-4b7d-838e-89aa2c4103c0, raftlog=67d877d9-ecd0-4b7d-838e-89aa2c4103c0@group-A09C527D8C6F-SegmentedRaftLog:OPENED:c-1,f-1,i0, conf=-1: [c39ba312-e57f-4b8c-998e-32538a6d88da:192.168.34.56:44039, 67d877d9-ecd0-4b7d-838e-89aa2c4103c0:192.168.34.56:33816, 6af5dfc0-d4d0-48db-9aa9-c45e51549e54:192.168.34.56:32981], old=null
2019-10-18 12:31:58,389 [67d877d9-ecd0-4b7d-838e-89aa2c4103c0@group-A09C527D8C6F-LeaderElection26] INFO  impl.LeaderElection (LeaderElection.java:askForVotes(178)) - 67d877d9-ecd0-4b7d-838e-89aa2c4103c0@group-A09C527D8C6F-LeaderElection26: begin an election at term 21 for -1: [c39ba312-e57f-4b8c-998e-32538a6d88da:192.168.34.56:44039, 67d877d9-ecd0-4b7d-838e-89aa2c4103c0:192.168.34.56:33816, 6af5dfc0-d4d0-48db-9aa9-c45e51549e54:192.168.34.56:32981], old=null
2019-10-18 12:31:58,394 [grpc-default-executor-3] INFO  impl.RaftServerImpl (RaftServerImpl.java:setRole(184)) - c39ba312-e57f-4b8c-998e-32538a6d88da@group-A09C527D8C6F: changes role from  FOLLOWER to FOLLOWER at term 21 for recognizeCandidate:67d877d9-ecd0-4b7d-838e-89aa2c4103c0
2019-10-18 12:31:58,395 [grpc-default-executor-5] INFO  impl.RaftServerImpl (RaftServerImpl.java:setRole(184)) - 6af5dfc0-d4d0-48db-9aa9-c45e51549e54@group-A09C527D8C6F: changes role from  FOLLOWER to FOLLOWER at term 21 for recognizeCandidate:67d877d9-ecd0-4b7d-838e-89aa2c4103c0
2019-10-18 12:31:58,395 [grpc-default-executor-3] INFO  impl.RoleInfo (RoleInfo.java:shutdownFollowerState(121)) - c39ba312-e57f-4b8c-998e-32538a6d88da: shutdown FollowerState
2019-10-18 12:31:58,395 [grpc-default-executor-5] INFO  impl.RoleInfo (RoleInfo.java:shutdownFollowerState(121)) - 6af5dfc0-d4d0-48db-9aa9-c45e51549e54: shutdown FollowerState
2019-10-18 12:31:58,395 [grpc-default-executor-3] INFO  impl.RoleInfo (RoleInfo.java:updateAndGet(143)) - c39ba312-e57f-4b8c-998e-32538a6d88da: start FollowerState
2019-10-18 12:31:58,395 [Thread-370] INFO  impl.FollowerState (FollowerState.java:run(117)) - c39ba312-e57f-4b8c-998e-32538a6d88da@group-A09C527D8C6F-FollowerState was interrupted: java.lang.InterruptedException: sleep interrupted
2019-10-18 12:31:58,395 [grpc-default-executor-5] INFO  impl.RoleInfo (RoleInfo.java:updateAndGet(143)) - 6af5dfc0-d4d0-48db-9aa9-c45e51549e54: start FollowerState
2019-10-18 12:31:58,395 [Thread-371] INFO  impl.FollowerState (FollowerState.java:run(117)) - 6af5dfc0-d4d0-48db-9aa9-c45e51549e54@group-A09C527D8C6F-FollowerState was interrupted: java.lang.InterruptedException: sleep interrupted
2019-10-18 12:31:58,417 [67d877d9-ecd0-4b7d-838e-89aa2c4103c0@group-A09C527D8C6F-LeaderElection26] INFO  impl.LeaderElection (LeaderElection.java:logAndReturn(56)) - 67d877d9-ecd0-4b7d-838e-89aa2c4103c0@group-A09C527D8C6F-LeaderElection26: Election REJECTED; received 2 response(s) [67d877d9-ecd0-4b7d-838e-89aa2c4103c0<-c39ba312-e57f-4b8c-998e-32538a6d88da#0:FAIL-t21, 67d877d9-ecd0-4b7d-838e-89aa2c4103c0<-6af5dfc0-d4d0-48db-9aa9-c45e51549e54#0:FAIL-t21] and 0 exception(s); 67d877d9-ecd0-4b7d-838e-89aa2c4103c0@group-A09C527D8C6F:t21, leader=null, voted=67d877d9-ecd0-4b7d-838e-89aa2c4103c0, raftlog=67d877d9-ecd0-4b7d-838e-89aa2c4103c0@group-A09C527D8C6F-SegmentedRaftLog:OPENED:c-1,f-1,i0, conf=-1: [c39ba312-e57f-4b8c-998e-32538a6d88da:192.168.34.56:44039, 67d877d9-ecd0-4b7d-838e-89aa2c4103c0:192.168.34.56:33816, 6af5dfc0-d4d0-48db-9aa9-c45e51549e54:192.168.34.56:32981], old=null
2019-10-18 12:31:58,417 [67d877d9-ecd0-4b7d-838e-89aa2c4103c0@group-A09C527D8C6F-LeaderElection26] INFO  impl.RaftServerImpl (RaftServerImpl.java:setRole(184)) - 67d877d9-ecd0-4b7d-838e-89aa2c4103c0@group-A09C527D8C6F: changes role from CANDIDATE to FOLLOWER at term 21 for DISCOVERED_A_NEW_TERM
2019-10-18 12:31:58,417 [67d877d9-ecd0-4b7d-838e-89aa2c4103c0@group-A09C527D8C6F-LeaderElection26] INFO  impl.RoleInfo (RoleInfo.java:shutdownLeaderElection(134)) - 67d877d9-ecd0-4b7d-838e-89aa2c4103c0: shutdown LeaderElection
2019-10-18 12:31:58,417 [67d877d9-ecd0-4b7d-838e-89aa2c4103c0@group-A09C527D8C6F-LeaderElection26] INFO  impl.RoleInfo (RoleInfo.java:updateAndGet(143)) - 67d877d9-ecd0-4b7d-838e-89aa2c4103c0: start FollowerState
2019-10-18 12:31:58,578 [Thread-376] INFO  impl.FollowerState (FollowerState.java:run(108)) - 67d877d9-ecd0-4b7d-838e-89aa2c4103c0@group-A09C527D8C6F-FollowerState: change to CANDIDATE, lastRpcTime:160ms, electionTimeout:160ms
2019-10-18 12:31:58,580 [Thread-376] INFO  impl.RoleInfo (RoleInfo.java:shutdownFollowerState(121)) - 67d877d9-ecd0-4b7d-838e-89aa2c4103c0: shutdown FollowerState
2019-10-18 12:31:58,580 [Thread-376] INFO  impl.RaftServerImpl (RaftServerImpl.java:setRole(184)) - 67d877d9-ecd0-4b7d-838e-89aa2c4103c0@group-A09C527D8C6F: changes role from  FOLLOWER to CANDIDATE at term 21 for changeToCandidate
2019-10-18 12:31:58,580 [Thread-376] INFO  impl.RoleInfo (RoleInfo.java:updateAndGet(143)) - 67d877d9-ecd0-4b7d-838e-89aa2c4103c0: start LeaderElection
2019-10-18 12:31:58,611 [67d877d9-ecd0-4b7d-838e-89aa2c4103c0@group-A09C527D8C6F-LeaderElection27] INFO  impl.LeaderElection (LeaderElection.java:askForVotes(178)) - 67d877d9-ecd0-4b7d-838e-89aa2c4103c0@group-A09C527D8C6F-LeaderElection27: begin an election at term 22 for -1: [c39ba312-e57f-4b8c-998e-32538a6d88da:192.168.34.56:44039, 67d877d9-ecd0-4b7d-838e-89aa2c4103c0:192.168.34.56:33816, 6af5dfc0-d4d0-48db-9aa9-c45e51549e54:192.168.34.56:32981], old=null
2019-10-18 12:31:58,616 [grpc-default-executor-3] INFO  impl.RaftServerImpl (RaftServerImpl.java:setRole(184)) - c39ba312-e57f-4b8c-998e-32538a6d88da@group-A09C527D8C6F: changes role from  FOLLOWER to FOLLOWER at term 22 for recognizeCandidate:67d877d9-ecd0-4b7d-838e-89aa2c4103c0
2019-10-18 12:31:58,616 [grpc-default-executor-5] INFO  impl.RaftServerImpl (RaftServerImpl.java:setRole(184)) - 6af5dfc0-d4d0-48db-9aa9-c45e51549e54@group-A09C527D8C6F: changes role from  FOLLOWER to FOLLOWER at term 22 for recognizeCandidate:67d877d9-ecd0-4b7d-838e-89aa2c4103c0
2019-10-18 12:31:58,616 [grpc-default-executor-3] INFO  impl.RoleInfo (RoleInfo.java:shutdownFollowerState(121)) - c39ba312-e57f-4b8c-998e-32538a6d88da: shutdown FollowerState
2019-10-18 12:31:58,616 [grpc-default-executor-5] INFO  impl.RoleInfo (RoleInfo.java:shutdownFollowerState(121)) - 6af5dfc0-d4d0-48db-9aa9-c45e51549e54: shutdown FollowerState
2019-10-18 12:31:58,616 [Thread-374] INFO  impl.FollowerState (FollowerState.java:run(117)) - c39ba312-e57f-4b8c-998e-32538a6d88da@group-A09C527D8C6F-FollowerState was interrupted: java.lang.InterruptedException: sleep interrupted
2019-10-18 12:31:58,616 [grpc-default-executor-5] INFO  impl.RoleInfo (RoleInfo.java:updateAndGet(143)) - 6af5dfc0-d4d0-48db-9aa9-c45e51549e54: start FollowerState
2019-10-18 12:31:58,616 [grpc-default-executor-3] INFO  impl.RoleInfo (RoleInfo.java:updateAndGet(143)) - c39ba312-e57f-4b8c-998e-32538a6d88da: start FollowerState
2019-10-18 12:31:58,616 [Thread-375] INFO  impl.FollowerState (FollowerState.java:run(117)) - 6af5dfc0-d4d0-48db-9aa9-c45e51549e54@group-A09C527D8C6F-FollowerState was interrupted: java.lang.InterruptedException: sleep interrupted
2019-10-18 12:31:58,651 [67d877d9-ecd0-4b7d-838e-89aa2c4103c0@group-A09C527D8C6F-LeaderElection27] INFO  impl.LeaderElection (LeaderElection.java:logAndReturn(56)) - 67d877d9-ecd0-4b7d-838e-89aa2c4103c0@group-A09C527D8C6F-LeaderElection27: Election REJECTED; received 2 response(s) [67d877d9-ecd0-4b7d-838e-89aa2c4103c0<-c39ba312-e57f-4b8c-998e-32538a6d88da#0:FAIL-t22, 67d877d9-ecd0-4b7d-838e-89aa2c4103c0<-6af5dfc0-d4d0-48db-9aa9-c45e51549e54#0:FAIL-t22] and 0 exception(s); 67d877d9-ecd0-4b7d-838e-89aa2c4103c0@group-A09C527D8C6F:t22, leader=null, voted=67d877d9-ecd0-4b7d-838e-89aa2c4103c0, raftlog=67d877d9-ecd0-4b7d-838e-89aa2c4103c0@group-A09C527D8C6F-SegmentedRaftLog:OPENED:c-1,f-1,i0, conf=-1: [c39ba312-e57f-4b8c-998e-32538a6d88da:192.168.34.56:44039, 67d877d9-ecd0-4b7d-838e-89aa2c4103c0:192.168.34.56:33816, 6af5dfc0-d4d0-48db-9aa9-c45e51549e54:192.168.34.56:32981], old=null
2019-10-18 12:31:58,651 [67d877d9-ecd0-4b7d-838e-89aa2c4103c0@group-A09C527D8C6F-LeaderElection27] INFO  impl.RaftServerImpl (RaftServerImpl.java:setRole(184)) - 67d877d9-ecd0-4b7d-838e-89aa2c4103c0@group-A09C527D8C6F: changes role from CANDIDATE to FOLLOWER at term 22 for DISCOVERED_A_NEW_TERM
2019-10-18 12:31:58,651 [67d877d9-ecd0-4b7d-838e-89aa2c4103c0@group-A09C527D8C6F-LeaderElection27] INFO  impl.RoleInfo (RoleInfo.java:shutdownLeaderElection(134)) - 67d877d9-ecd0-4b7d-838e-89aa2c4103c0: shutdown LeaderElection
2019-10-18 12:31:58,651 [67d877d9-ecd0-4b7d-838e-89aa2c4103c0@group-A09C527D8C6F-LeaderElection27] INFO  impl.RoleInfo (RoleInfo.java:updateAndGet(143)) - 67d877d9-ecd0-4b7d-838e-89aa2c4103c0: start FollowerState
2019-10-18 12:31:58,655 [Thread-382] INFO  impl.FollowerState (FollowerState.java:run(108)) - 67d877d9-ecd0-4b7d-838e-89aa2c4103c0@group-A09C527D8C6F-FollowerState: change to CANDIDATE, lastRpcTime:3ms, electionTimeout:3ms
2019-10-18 12:31:58,656 [Thread-382] INFO  impl.RoleInfo (RoleInfo.java:shutdownFollowerState(121)) - 67d877d9-ecd0-4b7d-838e-89aa2c4103c0: shutdown FollowerState
2019-10-18 12:31:58,657 [Thread-382] INFO  impl.RaftServerImpl (RaftServerImpl.java:setRole(184)) - 67d877d9-ecd0-4b7d-838e-89aa2c4103c0@group-A09C527D8C6F: changes role from  FOLLOWER to CANDIDATE at term 22 for changeToCandidate
2019-10-18 12:31:58,657 [Thread-382] INFO  impl.RoleInfo (RoleInfo.java:updateAndGet(143)) - 67d877d9-ecd0-4b7d-838e-89aa2c4103c0: start LeaderElection
2019-10-18 12:31:58,682 [67d877d9-ecd0-4b7d-838e-89aa2c4103c0@group-A09C527D8C6F-LeaderElection28] INFO  impl.LeaderElection (LeaderElection.java:askForVotes(178)) - 67d877d9-ecd0-4b7d-838e-89aa2c4103c0@group-A09C527D8C6F-LeaderElection28: begin an election at term 23 for -1: [c39ba312-e57f-4b8c-998e-32538a6d88da:192.168.34.56:44039, 67d877d9-ecd0-4b7d-838e-89aa2c4103c0:192.168.34.56:33816, 6af5dfc0-d4d0-48db-9aa9-c45e51549e54:192.168.34.56:32981], old=null
2019-10-18 12:31:58,691 [grpc-default-executor-3] INFO  impl.RaftServerImpl (RaftServerImpl.java:setRole(184)) - 6af5dfc0-d4d0-48db-9aa9-c45e51549e54@group-A09C527D8C6F: changes role from  FOLLOWER to FOLLOWER at term 23 for recognizeCandidate:67d877d9-ecd0-4b7d-838e-89aa2c4103c0
2019-10-18 12:31:58,691 [grpc-default-executor-5] INFO  impl.RaftServerImpl (RaftServerImpl.java:setRole(184)) - c39ba312-e57f-4b8c-998e-32538a6d88da@group-A09C527D8C6F: changes role from  FOLLOWER to FOLLOWER at term 23 for recognizeCandidate:67d877d9-ecd0-4b7d-838e-89aa2c4103c0
2019-10-18 12:31:58,691 [grpc-default-executor-3] INFO  impl.RoleInfo (RoleInfo.java:shutdownFollowerState(121)) - 6af5dfc0-d4d0-48db-9aa9-c45e51549e54: shutdown FollowerState
2019-10-18 12:31:58,691 [grpc-default-executor-5] INFO  impl.RoleInfo (RoleInfo.java:shutdownFollowerState(121)) - c39ba312-e57f-4b8c-998e-32538a6d88da: shutdown FollowerState
2019-10-18 12:31:58,692 [grpc-default-executor-3] INFO  impl.RoleInfo (RoleInfo.java:updateAndGet(143)) - 6af5dfc0-d4d0-48db-9aa9-c45e51549e54: start FollowerState
2019-10-18 12:31:58,692 [Thread-381] INFO  impl.FollowerState (FollowerState.java:run(117)) - 6af5dfc0-d4d0-48db-9aa9-c45e51549e54@group-A09C527D8C6F-FollowerState was interrupted: java.lang.InterruptedException: sleep interrupted
2019-10-18 12:31:58,692 [grpc-default-executor-5] INFO  impl.RoleInfo (RoleInfo.java:updateAndGet(143)) - c39ba312-e57f-4b8c-998e-32538a6d88da: start FollowerState
2019-10-18 12:31:58,692 [Thread-380] INFO  impl.FollowerState (FollowerState.java:run(117)) - c39ba312-e57f-4b8c-998e-32538a6d88da@group-A09C527D8C6F-FollowerState was interrupted: java.lang.InterruptedException: sleep interrupted
2019-10-18 12:31:58,719 [67d877d9-ecd0-4b7d-838e-89aa2c4103c0@group-A09C527D8C6F-LeaderElection28] INFO  impl.LeaderElection (LeaderElection.java:logAndReturn(56)) - 67d877d9-ecd0-4b7d-838e-89aa2c4103c0@group-A09C527D8C6F-LeaderElection28: Election REJECTED; received 2 response(s) [67d877d9-ecd0-4b7d-838e-89aa2c4103c0<-c39ba312-e57f-4b8c-998e-32538a6d88da#0:FAIL-t23, 67d877d9-ecd0-4b7d-838e-89aa2c4103c0<-6af5dfc0-d4d0-48db-9aa9-c45e51549e54#0:FAIL-t23] and 0 exception(s); 67d877d9-ecd0-4b7d-838e-89aa2c4103c0@group-A09C527D8C6F:t23, leader=null, voted=67d877d9-ecd0-4b7d-838e-89aa2c4103c0, raftlog=67d877d9-ecd0-4b7d-838e-89aa2c4103c0@group-A09C527D8C6F-SegmentedRaftLog:OPENED:c-1,f-1,i0, conf=-1: [c39ba312-e57f-4b8c-998e-32538a6d88da:192.168.34.56:44039, 67d877d9-ecd0-4b7d-838e-89aa2c4103c0:192.168.34.56:33816, 6af5dfc0-d4d0-48db-9aa9-c45e51549e54:192.168.34.56:32981], old=null
2019-10-18 12:31:58,720 [67d877d9-ecd0-4b7d-838e-89aa2c4103c0@group-A09C527D8C6F-LeaderElection28] INFO  impl.RaftServerImpl (RaftServerImpl.java:setRole(184)) - 67d877d9-ecd0-4b7d-838e-89aa2c4103c0@group-A09C527D8C6F: changes role from CANDIDATE to FOLLOWER at term 23 for DISCOVERED_A_NEW_TERM
2019-10-18 12:31:58,720 [67d877d9-ecd0-4b7d-838e-89aa2c4103c0@group-A09C527D8C6F-LeaderElection28] INFO  impl.RoleInfo (RoleInfo.java:shutdownLeaderElection(134)) - 67d877d9-ecd0-4b7d-838e-89aa2c4103c0: shutdown LeaderElection
2019-10-18 12:31:58,720 [67d877d9-ecd0-4b7d-838e-89aa2c4103c0@group-A09C527D8C6F-LeaderElection28] INFO  impl.RoleInfo (RoleInfo.java:updateAndGet(143)) - 67d877d9-ecd0-4b7d-838e-89aa2c4103c0: start FollowerState
2019-10-18 12:31:58,899 [Thread-388] INFO  impl.FollowerState (FollowerState.java:run(108)) - 67d877d9-ecd0-4b7d-838e-89aa2c4103c0@group-A09C527D8C6F-FollowerState: change to CANDIDATE, lastRpcTime:178ms, electionTimeout:178ms
2019-10-18 12:31:58,900 [Thread-388] INFO  impl.RoleInfo (RoleInfo.java:shutdownFollowerState(121)) - 67d877d9-ecd0-4b7d-838e-89aa2c4103c0: shutdown FollowerState
2019-10-18 12:31:58,901 [Thread-388] INFO  impl.RaftServerImpl (RaftServerImpl.java:setRole(184)) - 67d877d9-ecd0-4b7d-838e-89aa2c4103c0@group-A09C527D8C6F: changes role from  FOLLOWER to CANDIDATE at term 23 for changeToCandidate
2019-10-18 12:31:58,901 [Thread-388] INFO  impl.RoleInfo (RoleInfo.java:updateAndGet(143)) - 67d877d9-ecd0-4b7d-838e-89aa2c4103c0: start LeaderElection
2019-10-18 12:31:58,925 [67d877d9-ecd0-4b7d-838e-89aa2c4103c0@group-A09C527D8C6F-LeaderElection29] INFO  impl.LeaderElection (LeaderElection.java:askForVotes(178)) - 67d877d9-ecd0-4b7d-838e-89aa2c4103c0@group-A09C527D8C6F-LeaderElection29: begin an election at term 24 for -1: [c39ba312-e57f-4b8c-998e-32538a6d88da:192.168.34.56:44039, 67d877d9-ecd0-4b7d-838e-89aa2c4103c0:192.168.34.56:33816, 6af5dfc0-d4d0-48db-9aa9-c45e51549e54:192.168.34.56:32981], old=null
2019-10-18 12:31:58,930 [grpc-default-executor-5] INFO  impl.RaftServerImpl (RaftServerImpl.java:setRole(184)) - c39ba312-e57f-4b8c-998e-32538a6d88da@group-A09C527D8C6F: changes role from  FOLLOWER to FOLLOWER at term 24 for recognizeCandidate:67d877d9-ecd0-4b7d-838e-89aa2c4103c0
2019-10-18 12:31:58,930 [grpc-default-executor-3] INFO  impl.RaftServerImpl (RaftServerImpl.java:setRole(184)) - 6af5dfc0-d4d0-48db-9aa9-c45e51549e54@group-A09C527D8C6F: changes role from  FOLLOWER to FOLLOWER at term 24 for recognizeCandidate:67d877d9-ecd0-4b7d-838e-89aa2c4103c0
2019-10-18 12:31:58,930 [grpc-default-executor-5] INFO  impl.RoleInfo (RoleInfo.java:shutdownFollowerState(121)) - c39ba312-e57f-4b8c-998e-32538a6d88da: shutdown FollowerState
2019-10-18 12:31:58,930 [grpc-default-executor-3] INFO  impl.RoleInfo (RoleInfo.java:shutdownFollowerState(121)) - 6af5dfc0-d4d0-48db-9aa9-c45e51549e54: shutdown FollowerState
2019-10-18 12:31:58,930 [Thread-387] INFO  impl.FollowerState (FollowerState.java:run(117)) - c39ba312-e57f-4b8c-998e-32538a6d88da@group-A09C527D8C6F-FollowerState was interrupted: java.lang.InterruptedException: sleep interrupted
2019-10-18 12:31:58,931 [Thread-386] INFO  impl.FollowerState (FollowerState.java:run(117)) - 6af5dfc0-d4d0-48db-9aa9-c45e51549e54@group-A09C527D8C6F-FollowerState was interrupted: java.lang.InterruptedException: sleep interrupted
2019-10-18 12:31:58,930 [grpc-default-executor-5] INFO  impl.RoleInfo (RoleInfo.java:updateAndGet(143)) - c39ba312-e57f-4b8c-998e-32538a6d88da: start FollowerState
2019-10-18 12:31:58,931 [grpc-default-executor-3] INFO  impl.RoleInfo (RoleInfo.java:updateAndGet(143)) - 6af5dfc0-d4d0-48db-9aa9-c45e51549e54: start FollowerState
2019-10-18 12:31:58,952 [67d877d9-ecd0-4b7d-838e-89aa2c4103c0@group-A09C527D8C6F-LeaderElection29] INFO  impl.LeaderElection (LeaderElection.java:logAndReturn(56)) - 67d877d9-ecd0-4b7d-838e-89aa2c4103c0@group-A09C527D8C6F-LeaderElection29: Election REJECTED; received 2 response(s) [67d877d9-ecd0-4b7d-838e-89aa2c4103c0<-c39ba312-e57f-4b8c-998e-32538a6d88da#0:FAIL-t24, 67d877d9-ecd0-4b7d-838e-89aa2c4103c0<-6af5dfc0-d4d0-48db-9aa9-c45e51549e54#0:FAIL-t24] and 0 exception(s); 67d877d9-ecd0-4b7d-838e-89aa2c4103c0@group-A09C527D8C6F:t24, leader=null, voted=67d877d9-ecd0-4b7d-838e-89aa2c4103c0, raftlog=67d877d9-ecd0-4b7d-838e-89aa2c4103c0@group-A09C527D8C6F-SegmentedRaftLog:OPENED:c-1,f-1,i0, conf=-1: [c39ba312-e57f-4b8c-998e-32538a6d88da:192.168.34.56:44039, 67d877d9-ecd0-4b7d-838e-89aa2c4103c0:192.168.34.56:33816, 6af5dfc0-d4d0-48db-9aa9-c45e51549e54:192.168.34.56:32981], old=null
2019-10-18 12:31:58,953 [67d877d9-ecd0-4b7d-838e-89aa2c4103c0@group-A09C527D8C6F-LeaderElection29] INFO  impl.RaftServerImpl (RaftServerImpl.java:setRole(184)) - 67d877d9-ecd0-4b7d-838e-89aa2c4103c0@group-A09C527D8C6F: changes role from CANDIDATE to FOLLOWER at term 24 for DISCOVERED_A_NEW_TERM
2019-10-18 12:31:58,953 [67d877d9-ecd0-4b7d-838e-89aa2c4103c0@group-A09C527D8C6F-LeaderElection29] INFO  impl.RoleInfo (RoleInfo.java:shutdownLeaderElection(134)) - 67d877d9-ecd0-4b7d-838e-89aa2c4103c0: shutdown LeaderElection
2019-10-18 12:31:58,953 [67d877d9-ecd0-4b7d-838e-89aa2c4103c0@group-A09C527D8C6F-LeaderElection29] INFO  impl.RoleInfo (RoleInfo.java:updateAndGet(143)) - 67d877d9-ecd0-4b7d-838e-89aa2c4103c0: start FollowerState
2019-10-18 12:31:58,963 [Thread-394] INFO  impl.FollowerState (FollowerState.java:run(108)) - 67d877d9-ecd0-4b7d-838e-89aa2c4103c0@group-A09C527D8C6F-FollowerState: change to CANDIDATE, lastRpcTime:10ms, electionTimeout:10ms
2019-10-18 12:31:58,965 [Thread-394] INFO  impl.RoleInfo (RoleInfo.java:shutdownFollowerState(121)) - 67d877d9-ecd0-4b7d-838e-89aa2c4103c0: shutdown FollowerState
2019-10-18 12:31:58,965 [Thread-394] INFO  impl.RaftServerImpl (RaftServerImpl.java:setRole(184)) - 67d877d9-ecd0-4b7d-838e-89aa2c4103c0@group-A09C527D8C6F: changes role from  FOLLOWER to CANDIDATE at term 24 for changeToCandidate
2019-10-18 12:31:58,966 [Thread-394] INFO  impl.RoleInfo (RoleInfo.java:updateAndGet(143)) - 67d877d9-ecd0-4b7d-838e-89aa2c4103c0: start LeaderElection
2019-10-18 12:31:58,992 [67d877d9-ecd0-4b7d-838e-89aa2c4103c0@group-A09C527D8C6F-LeaderElection30] INFO  impl.LeaderElection (LeaderElection.java:askForVotes(178)) - 67d877d9-ecd0-4b7d-838e-89aa2c4103c0@group-A09C527D8C6F-LeaderElection30: begin an election at term 25 for -1: [c39ba312-e57f-4b8c-998e-32538a6d88da:192.168.34.56:44039, 67d877d9-ecd0-4b7d-838e-89aa2c4103c0:192.168.34.56:33816, 6af5dfc0-d4d0-48db-9aa9-c45e51549e54:192.168.34.56:32981], old=null
2019-10-18 12:31:58,998 [grpc-default-executor-5] INFO  impl.RaftServerImpl (RaftServerImpl.java:setRole(184)) - c39ba312-e57f-4b8c-998e-32538a6d88da@group-A09C527D8C6F: changes role from  FOLLOWER to FOLLOWER at term 25 for recognizeCandidate:67d877d9-ecd0-4b7d-838e-89aa2c4103c0
2019-10-18 12:31:58,998 [grpc-default-executor-3] INFO  impl.RaftServerImpl (RaftServerImpl.java:setRole(184)) - 6af5dfc0-d4d0-48db-9aa9-c45e51549e54@group-A09C527D8C6F: changes role from  FOLLOWER to FOLLOWER at term 25 for recognizeCandidate:67d877d9-ecd0-4b7d-838e-89aa2c4103c0
2019-10-18 12:31:58,999 [grpc-default-executor-5] INFO  impl.RoleInfo (RoleInfo.java:shutdownFollowerState(121)) - c39ba312-e57f-4b8c-998e-32538a6d88da: shutdown FollowerState
2019-10-18 12:31:58,999 [grpc-default-executor-3] INFO  impl.RoleInfo (RoleInfo.java:shutdownFollowerState(121)) - 6af5dfc0-d4d0-48db-9aa9-c45e51549e54: shutdown FollowerState
2019-10-18 12:31:58,999 [grpc-default-executor-5] INFO  impl.RoleInfo (RoleInfo.java:updateAndGet(143)) - c39ba312-e57f-4b8c-998e-32538a6d88da: start FollowerState
2019-10-18 12:31:58,999 [Thread-393] INFO  impl.FollowerState (FollowerState.java:run(117)) - 6af5dfc0-d4d0-48db-9aa9-c45e51549e54@group-A09C527D8C6F-FollowerState was interrupted: java.lang.InterruptedException: sleep interrupted
2019-10-18 12:31:58,999 [grpc-default-executor-3] INFO  impl.RoleInfo (RoleInfo.java:updateAndGet(143)) - 6af5dfc0-d4d0-48db-9aa9-c45e51549e54: start FollowerState
2019-10-18 12:31:58,999 [Thread-392] INFO  impl.FollowerState (FollowerState.java:run(117)) - c39ba312-e57f-4b8c-998e-32538a6d88da@group-A09C527D8C6F-FollowerState was interrupted: java.lang.InterruptedException: sleep interrupted
2019-10-18 12:31:59,029 [67d877d9-ecd0-4b7d-838e-89aa2c4103c0@group-A09C527D8C6F-LeaderElection30] INFO  impl.LeaderElection (LeaderElection.java:logAndReturn(56)) - 67d877d9-ecd0-4b7d-838e-89aa2c4103c0@group-A09C527D8C6F-LeaderElection30: Election REJECTED; received 2 response(s) [67d877d9-ecd0-4b7d-838e-89aa2c4103c0<-c39ba312-e57f-4b8c-998e-32538a6d88da#0:FAIL-t25, 67d877d9-ecd0-4b7d-838e-89aa2c4103c0<-6af5dfc0-d4d0-48db-9aa9-c45e51549e54#0:FAIL-t25] and 0 exception(s); 67d877d9-ecd0-4b7d-838e-89aa2c4103c0@group-A09C527D8C6F:t25, leader=null, voted=67d877d9-ecd0-4b7d-838e-89aa2c4103c0, raftlog=67d877d9-ecd0-4b7d-838e-89aa2c4103c0@group-A09C527D8C6F-SegmentedRaftLog:OPENED:c-1,f-1,i0, conf=-1: [c39ba312-e57f-4b8c-998e-32538a6d88da:192.168.34.56:44039, 67d877d9-ecd0-4b7d-838e-89aa2c4103c0:192.168.34.56:33816, 6af5dfc0-d4d0-48db-9aa9-c45e51549e54:192.168.34.56:32981], old=null
2019-10-18 12:31:59,029 [67d877d9-ecd0-4b7d-838e-89aa2c4103c0@group-A09C527D8C6F-LeaderElection30] INFO  impl.RaftServerImpl (RaftServerImpl.java:setRole(184)) - 67d877d9-ecd0-4b7d-838e-89aa2c4103c0@group-A09C527D8C6F: changes role from CANDIDATE to FOLLOWER at term 25 for DISCOVERED_A_NEW_TERM
2019-10-18 12:31:59,029 [67d877d9-ecd0-4b7d-838e-89aa2c4103c0@group-A09C527D8C6F-LeaderElection30] INFO  impl.RoleInfo (RoleInfo.java:shutdownLeaderElection(134)) - 67d877d9-ecd0-4b7d-838e-89aa2c4103c0: shutdown LeaderElection
2019-10-18 12:31:59,030 [67d877d9-ecd0-4b7d-838e-89aa2c4103c0@group-A09C527D8C6F-LeaderElection30] INFO  impl.RoleInfo (RoleInfo.java:updateAndGet(143)) - 67d877d9-ecd0-4b7d-838e-89aa2c4103c0: start FollowerState
2019-10-18 12:31:59,164 [Thread-400] INFO  impl.FollowerState (FollowerState.java:run(108)) - 67d877d9-ecd0-4b7d-838e-89aa2c4103c0@group-A09C527D8C6F-FollowerState: change to CANDIDATE, lastRpcTime:134ms, electionTimeout:134ms
2019-10-18 12:31:59,166 [Thread-400] INFO  impl.RoleInfo (RoleInfo.java:shutdownFollowerState(121)) - 67d877d9-ecd0-4b7d-838e-89aa2c4103c0: shutdown FollowerState
2019-10-18 12:31:59,166 [Thread-400] INFO  impl.RaftServerImpl (RaftServerImpl.java:setRole(184)) - 67d877d9-ecd0-4b7d-838e-89aa2c4103c0@group-A09C527D8C6F: changes role from  FOLLOWER to CANDIDATE at term 25 for changeToCandidate
2019-10-18 12:31:59,167 [Thread-400] INFO  impl.RoleInfo (RoleInfo.java:updateAndGet(143)) - 67d877d9-ecd0-4b7d-838e-89aa2c4103c0: start LeaderElection
2019-10-18 12:31:59,202 [67d877d9-ecd0-4b7d-838e-89aa2c4103c0@group-A09C527D8C6F-LeaderElection31] INFO  impl.LeaderElection (LeaderElection.java:askForVotes(178)) - 67d877d9-ecd0-4b7d-838e-89aa2c4103c0@group-A09C527D8C6F-LeaderElection31: begin an election at term 26 for -1: [c39ba312-e57f-4b8c-998e-32538a6d88da:192.168.34.56:44039, 67d877d9-ecd0-4b7d-838e-89aa2c4103c0:192.168.34.56:33816, 6af5dfc0-d4d0-48db-9aa9-c45e51549e54:192.168.34.56:32981], old=null
2019-10-18 12:31:59,211 [grpc-default-executor-0] INFO  impl.RaftServerImpl (RaftServerImpl.java:setRole(184)) - 6af5dfc0-d4d0-48db-9aa9-c45e51549e54@group-A09C527D8C6F: changes role from  FOLLOWER to FOLLOWER at term 26 for recognizeCandidate:67d877d9-ecd0-4b7d-838e-89aa2c4103c0
2019-10-18 12:31:59,212 [grpc-default-executor-0] INFO  impl.RoleInfo (RoleInfo.java:shutdownFollowerState(121)) - 6af5dfc0-d4d0-48db-9aa9-c45e51549e54: shutdown FollowerState
2019-10-18 12:31:59,213 [grpc-default-executor-1] INFO  impl.RaftServerImpl (RaftServerImpl.java:setRole(184)) - c39ba312-e57f-4b8c-998e-32538a6d88da@group-A09C527D8C6F: changes role from  FOLLOWER to FOLLOWER at term 26 for recognizeCandidate:67d877d9-ecd0-4b7d-838e-89aa2c4103c0
2019-10-18 12:31:59,213 [Thread-399] INFO  impl.FollowerState (FollowerState.java:run(117)) - 6af5dfc0-d4d0-48db-9aa9-c45e51549e54@group-A09C527D8C6F-FollowerState was interrupted: java.lang.InterruptedException: sleep interrupted
2019-10-18 12:31:59,213 [grpc-default-executor-1] INFO  impl.RoleInfo (RoleInfo.java:shutdownFollowerState(121)) - c39ba312-e57f-4b8c-998e-32538a6d88da: shutdown FollowerState
2019-10-18 12:31:59,213 [grpc-default-executor-0] INFO  impl.RoleInfo (RoleInfo.java:updateAndGet(143)) - 6af5dfc0-d4d0-48db-9aa9-c45e51549e54: start FollowerState
2019-10-18 12:31:59,213 [grpc-default-executor-1] INFO  impl.RoleInfo (RoleInfo.java:updateAndGet(143)) - c39ba312-e57f-4b8c-998e-32538a6d88da: start FollowerState
2019-10-18 12:31:59,213 [Thread-398] INFO  impl.FollowerState (FollowerState.java:run(117)) - c39ba312-e57f-4b8c-998e-32538a6d88da@group-A09C527D8C6F-FollowerState was interrupted: java.lang.InterruptedException: sleep interrupted
2019-10-18 12:31:59,238 [67d877d9-ecd0-4b7d-838e-89aa2c4103c0@group-A09C527D8C6F-LeaderElection31] INFO  impl.LeaderElection (LeaderElection.java:logAndReturn(56)) - 67d877d9-ecd0-4b7d-838e-89aa2c4103c0@group-A09C527D8C6F-LeaderElection31: Election REJECTED; received 2 response(s) [67d877d9-ecd0-4b7d-838e-89aa2c4103c0<-c39ba312-e57f-4b8c-998e-32538a6d88da#0:FAIL-t26, 67d877d9-ecd0-4b7d-838e-89aa2c4103c0<-6af5dfc0-d4d0-48db-9aa9-c45e51549e54#0:FAIL-t26] and 0 exception(s); 67d877d9-ecd0-4b7d-838e-89aa2c4103c0@group-A09C527D8C6F:t26, leader=null, voted=67d877d9-ecd0-4b7d-838e-89aa2c4103c0, raftlog=67d877d9-ecd0-4b7d-838e-89aa2c4103c0@group-A09C527D8C6F-SegmentedRaftLog:OPENED:c-1,f-1,i0, conf=-1: [c39ba312-e57f-4b8c-998e-32538a6d88da:192.168.34.56:44039, 67d877d9-ecd0-4b7d-838e-89aa2c4103c0:192.168.34.56:33816, 6af5dfc0-d4d0-48db-9aa9-c45e51549e54:192.168.34.56:32981], old=null
2019-10-18 12:31:59,238 [67d877d9-ecd0-4b7d-838e-89aa2c4103c0@group-A09C527D8C6F-LeaderElection31] INFO  impl.RaftServerImpl (RaftServerImpl.java:setRole(184)) - 67d877d9-ecd0-4b7d-838e-89aa2c4103c0@group-A09C527D8C6F: changes role from CANDIDATE to FOLLOWER at term 26 for DISCOVERED_A_NEW_TERM
2019-10-18 12:31:59,238 [67d877d9-ecd0-4b7d-838e-89aa2c4103c0@group-A09C527D8C6F-LeaderElection31] INFO  impl.RoleInfo (RoleInfo.java:shutdownLeaderElection(134)) - 67d877d9-ecd0-4b7d-838e-89aa2c4103c0: shutdown LeaderElection
2019-10-18 12:31:59,238 [67d877d9-ecd0-4b7d-838e-89aa2c4103c0@group-A09C527D8C6F-LeaderElection31] INFO  impl.RoleInfo (RoleInfo.java:updateAndGet(143)) - 67d877d9-ecd0-4b7d-838e-89aa2c4103c0: start FollowerState
2019-10-18 12:31:59,274 [Thread-408] INFO  impl.FollowerState (FollowerState.java:run(108)) - 67d877d9-ecd0-4b7d-838e-89aa2c4103c0@group-A09C527D8C6F-FollowerState: change to CANDIDATE, lastRpcTime:35ms, electionTimeout:35ms
2019-10-18 12:31:59,277 [Thread-408] INFO  impl.RoleInfo (RoleInfo.java:shutdownFollowerState(121)) - 67d877d9-ecd0-4b7d-838e-89aa2c4103c0: shutdown FollowerState
2019-10-18 12:31:59,277 [Thread-408] INFO  impl.RaftServerImpl (RaftServerImpl.java:setRole(184)) - 67d877d9-ecd0-4b7d-838e-89aa2c4103c0@group-A09C527D8C6F: changes role from  FOLLOWER to CANDIDATE at term 26 for changeToCandidate
2019-10-18 12:31:59,277 [Thread-408] INFO  impl.RoleInfo (RoleInfo.java:updateAndGet(143)) - 67d877d9-ecd0-4b7d-838e-89aa2c4103c0: start LeaderElection
2019-10-18 12:31:59,303 [67d877d9-ecd0-4b7d-838e-89aa2c4103c0@group-A09C527D8C6F-LeaderElection32] INFO  impl.LeaderElection (LeaderElection.java:askForVotes(178)) - 67d877d9-ecd0-4b7d-838e-89aa2c4103c0@group-A09C527D8C6F-LeaderElection32: begin an election at term 27 for -1: [c39ba312-e57f-4b8c-998e-32538a6d88da:192.168.34.56:44039, 67d877d9-ecd0-4b7d-838e-89aa2c4103c0:192.168.34.56:33816, 6af5dfc0-d4d0-48db-9aa9-c45e51549e54:192.168.34.56:32981], old=null
2019-10-18 12:31:59,310 [grpc-default-executor-0] INFO  impl.RaftServerImpl (RaftServerImpl.java:setRole(184)) - 6af5dfc0-d4d0-48db-9aa9-c45e51549e54@group-A09C527D8C6F: changes role from  FOLLOWER to FOLLOWER at term 27 for recognizeCandidate:67d877d9-ecd0-4b7d-838e-89aa2c4103c0
2019-10-18 12:31:59,310 [grpc-default-executor-0] INFO  impl.RoleInfo (RoleInfo.java:shutdownFollowerState(121)) - 6af5dfc0-d4d0-48db-9aa9-c45e51549e54: shutdown FollowerState
2019-10-18 12:31:59,310 [grpc-default-executor-1] INFO  impl.RaftServerImpl (RaftServerImpl.java:setRole(184)) - c39ba312-e57f-4b8c-998e-32538a6d88da@group-A09C527D8C6F: changes role from  FOLLOWER to FOLLOWER at term 27 for recognizeCandidate:67d877d9-ecd0-4b7d-838e-89aa2c4103c0
2019-10-18 12:31:59,310 [grpc-default-executor-0] INFO  impl.RoleInfo (RoleInfo.java:updateAndGet(143)) - 6af5dfc0-d4d0-48db-9aa9-c45e51549e54: start FollowerState
2019-10-18 12:31:59,311 [grpc-default-executor-1] INFO  impl.RoleInfo (RoleInfo.java:shutdownFollowerState(121)) - c39ba312-e57f-4b8c-998e-32538a6d88da: shutdown FollowerState
2019-10-18 12:31:59,310 [Thread-406] INFO  impl.FollowerState (FollowerState.java:run(117)) - 6af5dfc0-d4d0-48db-9aa9-c45e51549e54@group-A09C527D8C6F-FollowerState was interrupted: java.lang.InterruptedException: sleep interrupted
2019-10-18 12:31:59,311 [Thread-407] INFO  impl.FollowerState (FollowerState.java:run(117)) - c39ba312-e57f-4b8c-998e-32538a6d88da@group-A09C527D8C6F-FollowerState was interrupted: java.lang.InterruptedException: sleep interrupted
2019-10-18 12:31:59,311 [grpc-default-executor-1] INFO  impl.RoleInfo (RoleInfo.java:updateAndGet(143)) - c39ba312-e57f-4b8c-998e-32538a6d88da: start FollowerState
2019-10-18 12:31:59,339 [67d877d9-ecd0-4b7d-838e-89aa2c4103c0@group-A09C527D8C6F-LeaderElection32] INFO  impl.LeaderElection (LeaderElection.java:logAndReturn(56)) - 67d877d9-ecd0-4b7d-838e-89aa2c4103c0@group-A09C527D8C6F-LeaderElection32: Election REJECTED; received 2 response(s) [67d877d9-ecd0-4b7d-838e-89aa2c4103c0<-c39ba312-e57f-4b8c-998e-32538a6d88da#0:FAIL-t27, 67d877d9-ecd0-4b7d-838e-89aa2c4103c0<-6af5dfc0-d4d0-48db-9aa9-c45e51549e54#0:FAIL-t27] and 0 exception(s); 67d877d9-ecd0-4b7d-838e-89aa2c4103c0@group-A09C527D8C6F:t27, leader=null, voted=67d877d9-ecd0-4b7d-838e-89aa2c4103c0, raftlog=67d877d9-ecd0-4b7d-838e-89aa2c4103c0@group-A09C527D8C6F-SegmentedRaftLog:OPENED:c-1,f-1,i0, conf=-1: [c39ba312-e57f-4b8c-998e-32538a6d88da:192.168.34.56:44039, 67d877d9-ecd0-4b7d-838e-89aa2c4103c0:192.168.34.56:33816, 6af5dfc0-d4d0-48db-9aa9-c45e51549e54:192.168.34.56:32981], old=null
2019-10-18 12:31:59,339 [67d877d9-ecd0-4b7d-838e-89aa2c4103c0@group-A09C527D8C6F-LeaderElection32] INFO  impl.RaftServerImpl (RaftServerImpl.java:setRole(184)) - 67d877d9-ecd0-4b7d-838e-89aa2c4103c0@group-A09C527D8C6F: changes role from CANDIDATE to FOLLOWER at term 27 for DISCOVERED_A_NEW_TERM
2019-10-18 12:31:59,339 [67d877d9-ecd0-4b7d-838e-89aa2c4103c0@group-A09C527D8C6F-LeaderElection32] INFO  impl.RoleInfo (RoleInfo.java:shutdownLeaderElection(134)) - 67d877d9-ecd0-4b7d-838e-89aa2c4103c0: shutdown LeaderElection
2019-10-18 12:31:59,339 [67d877d9-ecd0-4b7d-838e-89aa2c4103c0@group-A09C527D8C6F-LeaderElection32] INFO  impl.RoleInfo (RoleInfo.java:updateAndGet(143)) - 67d877d9-ecd0-4b7d-838e-89aa2c4103c0: start FollowerState
2019-10-18 12:31:59,461 [Thread-414] INFO  impl.FollowerState (FollowerState.java:run(108)) - 67d877d9-ecd0-4b7d-838e-89aa2c4103c0@group-A09C527D8C6F-FollowerState: change to CANDIDATE, lastRpcTime:121ms, electionTimeout:121ms
2019-10-18 12:31:59,463 [Thread-414] INFO  impl.RoleInfo (RoleInfo.java:shutdownFollowerState(121)) - 67d877d9-ecd0-4b7d-838e-89aa2c4103c0: shutdown FollowerState
2019-10-18 12:31:59,463 [Thread-414] INFO  impl.RaftServerImpl (RaftServerImpl.java:setRole(184)) - 67d877d9-ecd0-4b7d-838e-89aa2c4103c0@group-A09C527D8C6F: changes role from  FOLLOWER to CANDIDATE at term 27 for changeToCandidate
2019-10-18 12:31:59,463 [Thread-414] INFO  impl.RoleInfo (RoleInfo.java:updateAndGet(143)) - 67d877d9-ecd0-4b7d-838e-89aa2c4103c0: start LeaderElection
2019-10-18 12:31:59,487 [67d877d9-ecd0-4b7d-838e-89aa2c4103c0@group-A09C527D8C6F-LeaderElection33] INFO  impl.LeaderElection (LeaderElection.java:askForVotes(178)) - 67d877d9-ecd0-4b7d-838e-89aa2c4103c0@group-A09C527D8C6F-LeaderElection33: begin an election at term 28 for -1: [c39ba312-e57f-4b8c-998e-32538a6d88da:192.168.34.56:44039, 67d877d9-ecd0-4b7d-838e-89aa2c4103c0:192.168.34.56:33816, 6af5dfc0-d4d0-48db-9aa9-c45e51549e54:192.168.34.56:32981], old=null
2019-10-18 12:31:59,492 [grpc-default-executor-1] INFO  impl.RaftServerImpl (RaftServerImpl.java:setRole(184)) - c39ba312-e57f-4b8c-998e-32538a6d88da@group-A09C527D8C6F: changes role from  FOLLOWER to FOLLOWER at term 28 for recognizeCandidate:67d877d9-ecd0-4b7d-838e-89aa2c4103c0
2019-10-18 12:31:59,492 [grpc-default-executor-0] INFO  impl.RaftServerImpl (RaftServerImpl.java:setRole(184)) - 6af5dfc0-d4d0-48db-9aa9-c45e51549e54@group-A09C527D8C6F: changes role from  FOLLOWER to FOLLOWER at term 28 for recognizeCandidate:67d877d9-ecd0-4b7d-838e-89aa2c4103c0
2019-10-18 12:31:59,492 [grpc-default-executor-1] INFO  impl.RoleInfo (RoleInfo.java:shutdownFollowerState(121)) - c39ba312-e57f-4b8c-998e-32538a6d88da: shutdown FollowerState
2019-10-18 12:31:59,493 [grpc-default-executor-0] INFO  impl.RoleInfo (RoleInfo.java:shutdownFollowerState(121)) - 6af5dfc0-d4d0-48db-9aa9-c45e51549e54: shutdown FollowerState
2019-10-18 12:31:59,493 [grpc-default-executor-1] INFO  impl.RoleInfo (RoleInfo.java:updateAndGet(143)) - c39ba312-e57f-4b8c-998e-32538a6d88da: start FollowerState
2019-10-18 12:31:59,493 [grpc-default-executor-0] INFO  impl.RoleInfo (RoleInfo.java:updateAndGet(143)) - 6af5dfc0-d4d0-48db-9aa9-c45e51549e54: start FollowerState
2019-10-18 12:31:59,493 [Thread-413] INFO  impl.FollowerState (FollowerState.java:run(117)) - c39ba312-e57f-4b8c-998e-32538a6d88da@group-A09C527D8C6F-FollowerState was interrupted: java.lang.InterruptedException: sleep interrupted
2019-10-18 12:31:59,493 [Thread-412] INFO  impl.FollowerState (FollowerState.java:run(117)) - 6af5dfc0-d4d0-48db-9aa9-c45e51549e54@group-A09C527D8C6F-FollowerState was interrupted: java.lang.InterruptedException: sleep interrupted
2019-10-18 12:31:59,499 [67d877d9-ecd0-4b7d-838e-89aa2c4103c0@group-A09C527D8C6F-LeaderElection33] INFO  impl.LeaderElection (LeaderElection.java:logAndReturn(56)) - 67d877d9-ecd0-4b7d-838e-89aa2c4103c0@group-A09C527D8C6F-LeaderElection33: Election TIMEOUT; received 0 response(s) [] and 0 exception(s); 67d877d9-ecd0-4b7d-838e-89aa2c4103c0@group-A09C527D8C6F:t28, leader=null, voted=67d877d9-ecd0-4b7d-838e-89aa2c4103c0, raftlog=67d877d9-ecd0-4b7d-838e-89aa2c4103c0@group-A09C527D8C6F-SegmentedRaftLog:OPENED:c-1,f-1,i0, conf=-1: [c39ba312-e57f-4b8c-998e-32538a6d88da:192.168.34.56:44039, 67d877d9-ecd0-4b7d-838e-89aa2c4103c0:192.168.34.56:33816, 6af5dfc0-d4d0-48db-9aa9-c45e51549e54:192.168.34.56:32981], old=null
2019-10-18 12:31:59,521 [67d877d9-ecd0-4b7d-838e-89aa2c4103c0@group-A09C527D8C6F-LeaderElection33] INFO  impl.LeaderElection (LeaderElection.java:askForVotes(178)) - 67d877d9-ecd0-4b7d-838e-89aa2c4103c0@group-A09C527D8C6F-LeaderElection33: begin an election at term 29 for -1: [c39ba312-e57f-4b8c-998e-32538a6d88da:192.168.34.56:44039, 67d877d9-ecd0-4b7d-838e-89aa2c4103c0:192.168.34.56:33816, 6af5dfc0-d4d0-48db-9aa9-c45e51549e54:192.168.34.56:32981], old=null
2019-10-18 12:31:59,526 [grpc-default-executor-0] INFO  impl.RaftServerImpl (RaftServerImpl.java:setRole(184)) - 6af5dfc0-d4d0-48db-9aa9-c45e51549e54@group-A09C527D8C6F: changes role from  FOLLOWER to FOLLOWER at term 29 for recognizeCandidate:67d877d9-ecd0-4b7d-838e-89aa2c4103c0
2019-10-18 12:31:59,527 [grpc-default-executor-1] INFO  impl.RaftServerImpl (RaftServerImpl.java:setRole(184)) - c39ba312-e57f-4b8c-998e-32538a6d88da@group-A09C527D8C6F: changes role from  FOLLOWER to FOLLOWER at term 29 for recognizeCandidate:67d877d9-ecd0-4b7d-838e-89aa2c4103c0
2019-10-18 12:31:59,528 [grpc-default-executor-0] INFO  impl.RoleInfo (RoleInfo.java:shutdownFollowerState(121)) - 6af5dfc0-d4d0-48db-9aa9-c45e51549e54: shutdown FollowerState
2019-10-18 12:31:59,528 [grpc-default-executor-1] INFO  impl.RoleInfo (RoleInfo.java:shutdownFollowerState(121)) - c39ba312-e57f-4b8c-998e-32538a6d88da: shutdown FollowerState
2019-10-18 12:31:59,528 [grpc-default-executor-0] INFO  impl.RoleInfo (RoleInfo.java:updateAndGet(143)) - 6af5dfc0-d4d0-48db-9aa9-c45e51549e54: start FollowerState
2019-10-18 12:31:59,528 [Thread-419] INFO  impl.FollowerState (FollowerState.java:run(117)) - 6af5dfc0-d4d0-48db-9aa9-c45e51549e54@group-A09C527D8C6F-FollowerState was interrupted: java.lang.InterruptedException: sleep interrupted
2019-10-18 12:31:59,528 [grpc-default-executor-1] INFO  impl.RoleInfo (RoleInfo.java:updateAndGet(143)) - c39ba312-e57f-4b8c-998e-32538a6d88da: start FollowerState
2019-10-18 12:31:59,528 [Thread-418] INFO  impl.FollowerState (FollowerState.java:run(117)) - c39ba312-e57f-4b8c-998e-32538a6d88da@group-A09C527D8C6F-FollowerState was interrupted: java.lang.InterruptedException: sleep interrupted
2019-10-18 12:31:59,556 [67d877d9-ecd0-4b7d-838e-89aa2c4103c0@group-A09C527D8C6F-LeaderElection33] INFO  impl.LeaderElection (LeaderElection.java:logAndReturn(56)) - 67d877d9-ecd0-4b7d-838e-89aa2c4103c0@group-A09C527D8C6F-LeaderElection33: Election REJECTED; received 2 response(s) [67d877d9-ecd0-4b7d-838e-89aa2c4103c0<-c39ba312-e57f-4b8c-998e-32538a6d88da#0:FAIL-t29, 67d877d9-ecd0-4b7d-838e-89aa2c4103c0<-6af5dfc0-d4d0-48db-9aa9-c45e51549e54#0:FAIL-t29] and 0 exception(s); 67d877d9-ecd0-4b7d-838e-89aa2c4103c0@group-A09C527D8C6F:t29, leader=null, voted=67d877d9-ecd0-4b7d-838e-89aa2c4103c0, raftlog=67d877d9-ecd0-4b7d-838e-89aa2c4103c0@group-A09C527D8C6F-SegmentedRaftLog:OPENED:c-1,f-1,i0, conf=-1: [c39ba312-e57f-4b8c-998e-32538a6d88da:192.168.34.56:44039, 67d877d9-ecd0-4b7d-838e-89aa2c4103c0:192.168.34.56:33816, 6af5dfc0-d4d0-48db-9aa9-c45e51549e54:192.168.34.56:32981], old=null
2019-10-18 12:31:59,557 [67d877d9-ecd0-4b7d-838e-89aa2c4103c0@group-A09C527D8C6F-LeaderElection33] INFO  impl.RaftServerImpl (RaftServerImpl.java:setRole(184)) - 67d877d9-ecd0-4b7d-838e-89aa2c4103c0@group-A09C527D8C6F: changes role from CANDIDATE to FOLLOWER at term 29 for DISCOVERED_A_NEW_TERM
2019-10-18 12:31:59,557 [67d877d9-ecd0-4b7d-838e-89aa2c4103c0@group-A09C527D8C6F-LeaderElection33] INFO  impl.RoleInfo (RoleInfo.java:shutdownLeaderElection(134)) - 67d877d9-ecd0-4b7d-838e-89aa2c4103c0: shutdown LeaderElection
2019-10-18 12:31:59,557 [67d877d9-ecd0-4b7d-838e-89aa2c4103c0@group-A09C527D8C6F-LeaderElection33] INFO  impl.RoleInfo (RoleInfo.java:updateAndGet(143)) - 67d877d9-ecd0-4b7d-838e-89aa2c4103c0: start FollowerState
2019-10-18 12:31:59,607 [Thread-424] INFO  impl.FollowerState (FollowerState.java:run(108)) - 67d877d9-ecd0-4b7d-838e-89aa2c4103c0@group-A09C527D8C6F-FollowerState: change to CANDIDATE, lastRpcTime:49ms, electionTimeout:49ms
2019-10-18 12:31:59,609 [Thread-424] INFO  impl.RoleInfo (RoleInfo.java:shutdownFollowerState(121)) - 67d877d9-ecd0-4b7d-838e-89aa2c4103c0: shutdown FollowerState
2019-10-18 12:31:59,609 [Thread-424] INFO  impl.RaftServerImpl (RaftServerImpl.java:setRole(184)) - 67d877d9-ecd0-4b7d-838e-89aa2c4103c0@group-A09C527D8C6F: changes role from  FOLLOWER to CANDIDATE at term 29 for changeToCandidate
2019-10-18 12:31:59,609 [Thread-424] INFO  impl.RoleInfo (RoleInfo.java:updateAndGet(143)) - 67d877d9-ecd0-4b7d-838e-89aa2c4103c0: start LeaderElection
2019-10-18 12:31:59,638 [67d877d9-ecd0-4b7d-838e-89aa2c4103c0@group-A09C527D8C6F-LeaderElection34] INFO  impl.LeaderElection (LeaderElection.java:askForVotes(178)) - 67d877d9-ecd0-4b7d-838e-89aa2c4103c0@group-A09C527D8C6F-LeaderElection34: begin an election at term 30 for -1: [c39ba312-e57f-4b8c-998e-32538a6d88da:192.168.34.56:44039, 67d877d9-ecd0-4b7d-838e-89aa2c4103c0:192.168.34.56:33816, 6af5dfc0-d4d0-48db-9aa9-c45e51549e54:192.168.34.56:32981], old=null
2019-10-18 12:31:59,644 [grpc-default-executor-1] INFO  impl.RaftServerImpl (RaftServerImpl.java:setRole(184)) - c39ba312-e57f-4b8c-998e-32538a6d88da@group-A09C527D8C6F: changes role from  FOLLOWER to FOLLOWER at term 30 for recognizeCandidate:67d877d9-ecd0-4b7d-838e-89aa2c4103c0
2019-10-18 12:31:59,644 [grpc-default-executor-0] INFO  impl.RaftServerImpl (RaftServerImpl.java:setRole(184)) - 6af5dfc0-d4d0-48db-9aa9-c45e51549e54@group-A09C527D8C6F: changes role from  FOLLOWER to FOLLOWER at term 30 for recognizeCandidate:67d877d9-ecd0-4b7d-838e-89aa2c4103c0
2019-10-18 12:31:59,644 [grpc-default-executor-1] INFO  impl.RoleInfo (RoleInfo.java:shutdownFollowerState(121)) - c39ba312-e57f-4b8c-998e-32538a6d88da: shutdown FollowerState
2019-10-18 12:31:59,644 [grpc-default-executor-0] INFO  impl.RoleInfo (RoleInfo.java:shutdownFollowerState(121)) - 6af5dfc0-d4d0-48db-9aa9-c45e51549e54: shutdown FollowerState
2019-10-18 12:31:59,644 [Thread-423] INFO  impl.FollowerState (FollowerState.java:run(117)) - c39ba312-e57f-4b8c-998e-32538a6d88da@group-A09C527D8C6F-FollowerState was interrupted: java.lang.InterruptedException: sleep interrupted
2019-10-18 12:31:59,644 [grpc-default-executor-1] INFO  impl.RoleInfo (RoleInfo.java:updateAndGet(143)) - c39ba312-e57f-4b8c-998e-32538a6d88da: start FollowerState
2019-10-18 12:31:59,645 [Thread-422] INFO  impl.FollowerState (FollowerState.java:run(117)) - 6af5dfc0-d4d0-48db-9aa9-c45e51549e54@group-A09C527D8C6F-FollowerState was interrupted: java.lang.InterruptedException: sleep interrupted
2019-10-18 12:31:59,644 [grpc-default-executor-0] INFO  impl.RoleInfo (RoleInfo.java:updateAndGet(143)) - 6af5dfc0-d4d0-48db-9aa9-c45e51549e54: start FollowerState
2019-10-18 12:31:59,674 [67d877d9-ecd0-4b7d-838e-89aa2c4103c0@group-A09C527D8C6F-LeaderElection34] INFO  impl.LeaderElection (LeaderElection.java:logAndReturn(56)) - 67d877d9-ecd0-4b7d-838e-89aa2c4103c0@group-A09C527D8C6F-LeaderElection34: Election REJECTED; received 2 response(s) [67d877d9-ecd0-4b7d-838e-89aa2c4103c0<-c39ba312-e57f-4b8c-998e-32538a6d88da#0:FAIL-t30, 67d877d9-ecd0-4b7d-838e-89aa2c4103c0<-6af5dfc0-d4d0-48db-9aa9-c45e51549e54#0:FAIL-t30] and 0 exception(s); 67d877d9-ecd0-4b7d-838e-89aa2c4103c0@group-A09C527D8C6F:t30, leader=null, voted=67d877d9-ecd0-4b7d-838e-89aa2c4103c0, raftlog=67d877d9-ecd0-4b7d-838e-89aa2c4103c0@group-A09C527D8C6F-SegmentedRaftLog:OPENED:c-1,f-1,i0, conf=-1: [c39ba312-e57f-4b8c-998e-32538a6d88da:192.168.34.56:44039, 67d877d9-ecd0-4b7d-838e-89aa2c4103c0:192.168.34.56:33816, 6af5dfc0-d4d0-48db-9aa9-c45e51549e54:192.168.34.56:32981], old=null
2019-10-18 12:31:59,674 [67d877d9-ecd0-4b7d-838e-89aa2c4103c0@group-A09C527D8C6F-LeaderElection34] INFO  impl.RaftServerImpl (RaftServerImpl.java:setRole(184)) - 67d877d9-ecd0-4b7d-838e-89aa2c4103c0@group-A09C527D8C6F: changes role from CANDIDATE to FOLLOWER at term 30 for DISCOVERED_A_NEW_TERM
2019-10-18 12:31:59,675 [67d877d9-ecd0-4b7d-838e-89aa2c4103c0@group-A09C527D8C6F-LeaderElection34] INFO  impl.RoleInfo (RoleInfo.java:shutdownLeaderElection(134)) - 67d877d9-ecd0-4b7d-838e-89aa2c4103c0: shutdown LeaderElection
2019-10-18 12:31:59,675 [67d877d9-ecd0-4b7d-838e-89aa2c4103c0@group-A09C527D8C6F-LeaderElection34] INFO  impl.RoleInfo (RoleInfo.java:updateAndGet(143)) - 67d877d9-ecd0-4b7d-838e-89aa2c4103c0: start FollowerState
2019-10-18 12:31:59,684 [Thread-430] INFO  impl.FollowerState (FollowerState.java:run(108)) - 67d877d9-ecd0-4b7d-838e-89aa2c4103c0@group-A09C527D8C6F-FollowerState: change to CANDIDATE, lastRpcTime:9ms, electionTimeout:9ms
2019-10-18 12:31:59,686 [Thread-430] INFO  impl.RoleInfo (RoleInfo.java:shutdownFollowerState(121)) - 67d877d9-ecd0-4b7d-838e-89aa2c4103c0: shutdown FollowerState
2019-10-18 12:31:59,687 [Thread-430] INFO  impl.RaftServerImpl (RaftServerImpl.java:setRole(184)) - 67d877d9-ecd0-4b7d-838e-89aa2c4103c0@group-A09C527D8C6F: changes role from  FOLLOWER to CANDIDATE at term 30 for changeToCandidate
2019-10-18 12:31:59,687 [Thread-430] INFO  impl.RoleInfo (RoleInfo.java:updateAndGet(143)) - 67d877d9-ecd0-4b7d-838e-89aa2c4103c0: start LeaderElection
2019-10-18 12:31:59,714 [67d877d9-ecd0-4b7d-838e-89aa2c4103c0@group-A09C527D8C6F-LeaderElection35] INFO  impl.LeaderElection (LeaderElection.java:askForVotes(178)) - 67d877d9-ecd0-4b7d-838e-89aa2c4103c0@group-A09C527D8C6F-LeaderElection35: begin an election at term 31 for -1: [c39ba312-e57f-4b8c-998e-32538a6d88da:192.168.34.56:44039, 67d877d9-ecd0-4b7d-838e-89aa2c4103c0:192.168.34.56:33816, 6af5dfc0-d4d0-48db-9aa9-c45e51549e54:192.168.34.56:32981], old=null
2019-10-18 12:31:59,718 [grpc-default-executor-0] INFO  impl.RaftServerImpl (RaftServerImpl.java:setRole(184)) - 6af5dfc0-d4d0-48db-9aa9-c45e51549e54@group-A09C527D8C6F: changes role from  FOLLOWER to FOLLOWER at term 31 for recognizeCandidate:67d877d9-ecd0-4b7d-838e-89aa2c4103c0
2019-10-18 12:31:59,718 [grpc-default-executor-1] INFO  impl.RaftServerImpl (RaftServerImpl.java:setRole(184)) - c39ba312-e57f-4b8c-998e-32538a6d88da@group-A09C527D8C6F: changes role from  FOLLOWER to FOLLOWER at term 31 for recognizeCandidate:67d877d9-ecd0-4b7d-838e-89aa2c4103c0
2019-10-18 12:31:59,718 [grpc-default-executor-0] INFO  impl.RoleInfo (RoleInfo.java:shutdownFollowerState(121)) - 6af5dfc0-d4d0-48db-9aa9-c45e51549e54: shutdown FollowerState
2019-10-18 12:31:59,718 [grpc-default-executor-1] INFO  impl.RoleInfo (RoleInfo.java:shutdownFollowerState(121)) - c39ba312-e57f-4b8c-998e-32538a6d88da: shutdown FollowerState
2019-10-18 12:31:59,718 [Thread-429] INFO  impl.FollowerState (FollowerState.java:run(117)) - 6af5dfc0-d4d0-48db-9aa9-c45e51549e54@group-A09C527D8C6F-FollowerState was interrupted: java.lang.InterruptedException: sleep interrupted
2019-10-18 12:31:59,718 [grpc-default-executor-0] INFO  impl.RoleInfo (RoleInfo.java:updateAndGet(143)) - 6af5dfc0-d4d0-48db-9aa9-c45e51549e54: start FollowerState
2019-10-18 12:31:59,718 [grpc-default-executor-1] INFO  impl.RoleInfo (RoleInfo.java:updateAndGet(143)) - c39ba312-e57f-4b8c-998e-32538a6d88da: start FollowerState
2019-10-18 12:31:59,719 [Thread-428] INFO  impl.FollowerState (FollowerState.java:run(117)) - c39ba312-e57f-4b8c-998e-32538a6d88da@group-A09C527D8C6F-FollowerState was interrupted: java.lang.InterruptedException: sleep interrupted
2019-10-18 12:31:59,750 [67d877d9-ecd0-4b7d-838e-89aa2c4103c0@group-A09C527D8C6F-LeaderElection35] INFO  impl.LeaderElection (LeaderElection.java:logAndReturn(56)) - 67d877d9-ecd0-4b7d-838e-89aa2c4103c0@group-A09C527D8C6F-LeaderElection35: Election REJECTED; received 2 response(s) [67d877d9-ecd0-4b7d-838e-89aa2c4103c0<-c39ba312-e57f-4b8c-998e-32538a6d88da#0:FAIL-t31, 67d877d9-ecd0-4b7d-838e-89aa2c4103c0<-6af5dfc0-d4d0-48db-9aa9-c45e51549e54#0:FAIL-t31] and 0 exception(s); 67d877d9-ecd0-4b7d-838e-89aa2c4103c0@group-A09C527D8C6F:t31, leader=null, voted=67d877d9-ecd0-4b7d-838e-89aa2c4103c0, raftlog=67d877d9-ecd0-4b7d-838e-89aa2c4103c0@group-A09C527D8C6F-SegmentedRaftLog:OPENED:c-1,f-1,i0, conf=-1: [c39ba312-e57f-4b8c-998e-32538a6d88da:192.168.34.56:44039, 67d877d9-ecd0-4b7d-838e-89aa2c4103c0:192.168.34.56:33816, 6af5dfc0-d4d0-48db-9aa9-c45e51549e54:192.168.34.56:32981], old=null
2019-10-18 12:31:59,750 [67d877d9-ecd0-4b7d-838e-89aa2c4103c0@group-A09C527D8C6F-LeaderElection35] INFO  impl.RaftServerImpl (RaftServerImpl.java:setRole(184)) - 67d877d9-ecd0-4b7d-838e-89aa2c4103c0@group-A09C527D8C6F: changes role from CANDIDATE to FOLLOWER at term 31 for DISCOVERED_A_NEW_TERM
2019-10-18 12:31:59,750 [67d877d9-ecd0-4b7d-838e-89aa2c4103c0@group-A09C527D8C6F-LeaderElection35] INFO  impl.RoleInfo (RoleInfo.java:shutdownLeaderElection(134)) - 67d877d9-ecd0-4b7d-838e-89aa2c4103c0: shutdown LeaderElection
2019-10-18 12:31:59,750 [67d877d9-ecd0-4b7d-838e-89aa2c4103c0@group-A09C527D8C6F-LeaderElection35] INFO  impl.RoleInfo (RoleInfo.java:updateAndGet(143)) - 67d877d9-ecd0-4b7d-838e-89aa2c4103c0: start FollowerState
2019-10-18 12:31:59,900 [Thread-436] INFO  impl.FollowerState (FollowerState.java:run(108)) - 67d877d9-ecd0-4b7d-838e-89aa2c4103c0@group-A09C527D8C6F-FollowerState: change to CANDIDATE, lastRpcTime:149ms, electionTimeout:149ms
2019-10-18 12:31:59,902 [Thread-436] INFO  impl.RoleInfo (RoleInfo.java:shutdownFollowerState(121)) - 67d877d9-ecd0-4b7d-838e-89aa2c4103c0: shutdown FollowerState
2019-10-18 12:31:59,902 [Thread-436] INFO  impl.RaftServerImpl (RaftServerImpl.java:setRole(184)) - 67d877d9-ecd0-4b7d-838e-89aa2c4103c0@group-A09C527D8C6F: changes role from  FOLLOWER to CANDIDATE at term 31 for changeToCandidate
2019-10-18 12:31:59,902 [Thread-436] INFO  impl.RoleInfo (RoleInfo.java:updateAndGet(143)) - 67d877d9-ecd0-4b7d-838e-89aa2c4103c0: start LeaderElection
2019-10-18 12:31:59,932 [67d877d9-ecd0-4b7d-838e-89aa2c4103c0@group-A09C527D8C6F-LeaderElection36] INFO  impl.LeaderElection (LeaderElection.java:askForVotes(178)) - 67d877d9-ecd0-4b7d-838e-89aa2c4103c0@group-A09C527D8C6F-LeaderElection36: begin an election at term 32 for -1: [c39ba312-e57f-4b8c-998e-32538a6d88da:192.168.34.56:44039, 67d877d9-ecd0-4b7d-838e-89aa2c4103c0:192.168.34.56:33816, 6af5dfc0-d4d0-48db-9aa9-c45e51549e54:192.168.34.56:32981], old=null
2019-10-18 12:31:59,933 [67d877d9-ecd0-4b7d-838e-89aa2c4103c0@group-A09C527D8C6F-LeaderElection36] INFO  impl.LeaderElection (LeaderElection.java:logAndReturn(56)) - 67d877d9-ecd0-4b7d-838e-89aa2c4103c0@group-A09C527D8C6F-LeaderElection36: Election TIMEOUT; received 0 response(s) [] and 0 exception(s); 67d877d9-ecd0-4b7d-838e-89aa2c4103c0@group-A09C527D8C6F:t32, leader=null, voted=67d877d9-ecd0-4b7d-838e-89aa2c4103c0, raftlog=67d877d9-ecd0-4b7d-838e-89aa2c4103c0@group-A09C527D8C6F-SegmentedRaftLog:OPENED:c-1,f-1,i0, conf=-1: [c39ba312-e57f-4b8c-998e-32538a6d88da:192.168.34.56:44039, 67d877d9-ecd0-4b7d-838e-89aa2c4103c0:192.168.34.56:33816, 6af5dfc0-d4d0-48db-9aa9-c45e51549e54:192.168.34.56:32981], old=null
2019-10-18 12:31:59,938 [grpc-default-executor-0] INFO  impl.RaftServerImpl (RaftServerImpl.java:setRole(184)) - c39ba312-e57f-4b8c-998e-32538a6d88da@group-A09C527D8C6F: changes role from  FOLLOWER to FOLLOWER at term 32 for recognizeCandidate:67d877d9-ecd0-4b7d-838e-89aa2c4103c0
2019-10-18 12:31:59,938 [grpc-default-executor-1] INFO  impl.RaftServerImpl (RaftServerImpl.java:setRole(184)) - 6af5dfc0-d4d0-48db-9aa9-c45e51549e54@group-A09C527D8C6F: changes role from  FOLLOWER to FOLLOWER at term 32 for recognizeCandidate:67d877d9-ecd0-4b7d-838e-89aa2c4103c0
2019-10-18 12:31:59,939 [grpc-default-executor-1] INFO  impl.RoleInfo (RoleInfo.java:shutdownFollowerState(121)) - 6af5dfc0-d4d0-48db-9aa9-c45e51549e54: shutdown FollowerState
2019-10-18 12:31:59,938 [grpc-default-executor-0] INFO  impl.RoleInfo (RoleInfo.java:shutdownFollowerState(121)) - c39ba312-e57f-4b8c-998e-32538a6d88da: shutdown FollowerState
2019-10-18 12:31:59,940 [Thread-434] INFO  impl.FollowerState (FollowerState.java:run(117)) - 6af5dfc0-d4d0-48db-9aa9-c45e51549e54@group-A09C527D8C6F-FollowerState was interrupted: java.lang.InterruptedException: sleep interrupted
2019-10-18 12:31:59,940 [grpc-default-executor-1] INFO  impl.RoleInfo (RoleInfo.java:updateAndGet(143)) - 6af5dfc0-d4d0-48db-9aa9-c45e51549e54: start FollowerState
2019-10-18 12:31:59,940 [Thread-435] INFO  impl.FollowerState (FollowerState.java:run(117)) - c39ba312-e57f-4b8c-998e-32538a6d88da@group-A09C527D8C6F-FollowerState was interrupted: java.lang.InterruptedException: sleep interrupted
2019-10-18 12:31:59,940 [grpc-default-executor-0] INFO  impl.RoleInfo (RoleInfo.java:updateAndGet(143)) - c39ba312-e57f-4b8c-998e-32538a6d88da: start FollowerState
2019-10-18 12:31:59,957 [67d877d9-ecd0-4b7d-838e-89aa2c4103c0@group-A09C527D8C6F-LeaderElection36] INFO  impl.LeaderElection (LeaderElection.java:askForVotes(178)) - 67d877d9-ecd0-4b7d-838e-89aa2c4103c0@group-A09C527D8C6F-LeaderElection36: begin an election at term 33 for -1: [c39ba312-e57f-4b8c-998e-32538a6d88da:192.168.34.56:44039, 67d877d9-ecd0-4b7d-838e-89aa2c4103c0:192.168.34.56:33816, 6af5dfc0-d4d0-48db-9aa9-c45e51549e54:192.168.34.56:32981], old=null
2019-10-18 12:31:59,960 [grpc-default-executor-1] INFO  impl.RaftServerImpl (RaftServerImpl.java:setRole(184)) - 6af5dfc0-d4d0-48db-9aa9-c45e51549e54@group-A09C527D8C6F: changes role from  FOLLOWER to FOLLOWER at term 33 for recognizeCandidate:67d877d9-ecd0-4b7d-838e-89aa2c4103c0
2019-10-18 12:31:59,960 [grpc-default-executor-1] INFO  impl.RoleInfo (RoleInfo.java:shutdownFollowerState(121)) - 6af5dfc0-d4d0-48db-9aa9-c45e51549e54: shutdown FollowerState
2019-10-18 12:31:59,960 [grpc-default-executor-0] INFO  impl.RaftServerImpl (RaftServerImpl.java:setRole(184)) - c39ba312-e57f-4b8c-998e-32538a6d88da@group-A09C527D8C6F: changes role from  FOLLOWER to FOLLOWER at term 33 for recognizeCandidate:67d877d9-ecd0-4b7d-838e-89aa2c4103c0
2019-10-18 12:31:59,960 [grpc-default-executor-1] INFO  impl.RoleInfo (RoleInfo.java:updateAndGet(143)) - 6af5dfc0-d4d0-48db-9aa9-c45e51549e54: start FollowerState
2019-10-18 12:31:59,960 [Thread-440] INFO  impl.FollowerState (FollowerState.java:run(117)) - 6af5dfc0-d4d0-48db-9aa9-c45e51549e54@group-A09C527D8C6F-FollowerState was interrupted: java.lang.InterruptedException: sleep interrupted
2019-10-18 12:31:59,961 [grpc-default-executor-0] INFO  impl.RoleInfo (RoleInfo.java:shutdownFollowerState(121)) - c39ba312-e57f-4b8c-998e-32538a6d88da: shutdown FollowerState
2019-10-18 12:31:59,961 [Thread-441] INFO  impl.FollowerState (FollowerState.java:run(117)) - c39ba312-e57f-4b8c-998e-32538a6d88da@group-A09C527D8C6F-FollowerState was interrupted: java.lang.InterruptedException: sleep interrupted
2019-10-18 12:31:59,961 [grpc-default-executor-0] INFO  impl.RoleInfo (RoleInfo.java:updateAndGet(143)) - c39ba312-e57f-4b8c-998e-32538a6d88da: start FollowerState
2019-10-18 12:31:59,985 [67d877d9-ecd0-4b7d-838e-89aa2c4103c0@group-A09C527D8C6F-LeaderElection36] INFO  impl.LeaderElection (LeaderElection.java:logAndReturn(56)) - 67d877d9-ecd0-4b7d-838e-89aa2c4103c0@group-A09C527D8C6F-LeaderElection36: Election REJECTED; received 2 response(s) [67d877d9-ecd0-4b7d-838e-89aa2c4103c0<-c39ba312-e57f-4b8c-998e-32538a6d88da#0:FAIL-t33, 67d877d9-ecd0-4b7d-838e-89aa2c4103c0<-6af5dfc0-d4d0-48db-9aa9-c45e51549e54#0:FAIL-t33] and 0 exception(s); 67d877d9-ecd0-4b7d-838e-89aa2c4103c0@group-A09C527D8C6F:t33, leader=null, voted=67d877d9-ecd0-4b7d-838e-89aa2c4103c0, raftlog=67d877d9-ecd0-4b7d-838e-89aa2c4103c0@group-A09C527D8C6F-SegmentedRaftLog:OPENED:c-1,f-1,i0, conf=-1: [c39ba312-e57f-4b8c-998e-32538a6d88da:192.168.34.56:44039, 67d877d9-ecd0-4b7d-838e-89aa2c4103c0:192.168.34.56:33816, 6af5dfc0-d4d0-48db-9aa9-c45e51549e54:192.168.34.56:32981], old=null
2019-10-18 12:31:59,985 [67d877d9-ecd0-4b7d-838e-89aa2c4103c0@group-A09C527D8C6F-LeaderElection36] INFO  impl.RaftServerImpl (RaftServerImpl.java:setRole(184)) - 67d877d9-ecd0-4b7d-838e-89aa2c4103c0@group-A09C527D8C6F: changes role from CANDIDATE to FOLLOWER at term 33 for DISCOVERED_A_NEW_TERM
2019-10-18 12:31:59,985 [67d877d9-ecd0-4b7d-838e-89aa2c4103c0@group-A09C527D8C6F-LeaderElection36] INFO  impl.RoleInfo (RoleInfo.java:shutdownLeaderElection(134)) - 67d877d9-ecd0-4b7d-838e-89aa2c4103c0: shutdown LeaderElection
2019-10-18 12:31:59,985 [67d877d9-ecd0-4b7d-838e-89aa2c4103c0@group-A09C527D8C6F-LeaderElection36] INFO  impl.RoleInfo (RoleInfo.java:updateAndGet(143)) - 67d877d9-ecd0-4b7d-838e-89aa2c4103c0: start FollowerState
2019-10-18 12:32:00,110 [Thread-446] INFO  impl.FollowerState (FollowerState.java:run(108)) - 67d877d9-ecd0-4b7d-838e-89aa2c4103c0@group-A09C527D8C6F-FollowerState: change to CANDIDATE, lastRpcTime:124ms, electionTimeout:124ms
2019-10-18 12:32:00,112 [Thread-446] INFO  impl.RoleInfo (RoleInfo.java:shutdownFollowerState(121)) - 67d877d9-ecd0-4b7d-838e-89aa2c4103c0: shutdown FollowerState
2019-10-18 12:32:00,112 [Thread-446] INFO  impl.RaftServerImpl (RaftServerImpl.java:setRole(184)) - 67d877d9-ecd0-4b7d-838e-89aa2c4103c0@group-A09C527D8C6F: changes role from  FOLLOWER to CANDIDATE at term 33 for changeToCandidate
2019-10-18 12:32:00,112 [Thread-446] INFO  impl.RoleInfo (RoleInfo.java:updateAndGet(143)) - 67d877d9-ecd0-4b7d-838e-89aa2c4103c0: start LeaderElection
2019-10-18 12:32:00,142 [67d877d9-ecd0-4b7d-838e-89aa2c4103c0@group-A09C527D8C6F-LeaderElection37] INFO  impl.LeaderElection (LeaderElection.java:askForVotes(178)) - 67d877d9-ecd0-4b7d-838e-89aa2c4103c0@group-A09C527D8C6F-LeaderElection37: begin an election at term 34 for -1: [c39ba312-e57f-4b8c-998e-32538a6d88da:192.168.34.56:44039, 67d877d9-ecd0-4b7d-838e-89aa2c4103c0:192.168.34.56:33816, 6af5dfc0-d4d0-48db-9aa9-c45e51549e54:192.168.34.56:32981], old=null
2019-10-18 12:32:00,146 [grpc-default-executor-0] INFO  impl.RaftServerImpl (RaftServerImpl.java:setRole(184)) - 6af5dfc0-d4d0-48db-9aa9-c45e51549e54@group-A09C527D8C6F: changes role from  FOLLOWER to FOLLOWER at term 34 for recognizeCandidate:67d877d9-ecd0-4b7d-838e-89aa2c4103c0
2019-10-18 12:32:00,146 [grpc-default-executor-1] INFO  impl.RaftServerImpl (RaftServerImpl.java:setRole(184)) - c39ba312-e57f-4b8c-998e-32538a6d88da@group-A09C527D8C6F: changes role from  FOLLOWER to FOLLOWER at term 34 for recognizeCandidate:67d877d9-ecd0-4b7d-838e-89aa2c4103c0
2019-10-18 12:32:00,146 [grpc-default-executor-0] INFO  impl.RoleInfo (RoleInfo.java:shutdownFollowerState(121)) - 6af5dfc0-d4d0-48db-9aa9-c45e51549e54: shutdown FollowerState
2019-10-18 12:32:00,146 [grpc-default-executor-1] INFO  impl.RoleInfo (RoleInfo.java:shutdownFollowerState(121)) - c39ba312-e57f-4b8c-998e-32538a6d88da: shutdown FollowerState
2019-10-18 12:32:00,147 [Thread-444] INFO  impl.FollowerState (FollowerState.java:run(117)) - 6af5dfc0-d4d0-48db-9aa9-c45e51549e54@group-A09C527D8C6F-FollowerState was interrupted: java.lang.InterruptedException: sleep interrupted
2019-10-18 12:32:00,147 [grpc-default-executor-0] INFO  impl.RoleInfo (RoleInfo.java:updateAndGet(143)) - 6af5dfc0-d4d0-48db-9aa9-c45e51549e54: start FollowerState
2019-10-18 12:32:00,147 [Thread-445] INFO  impl.FollowerState (FollowerState.java:run(117)) - c39ba312-e57f-4b8c-998e-32538a6d88da@group-A09C527D8C6F-FollowerState was interrupted: java.lang.InterruptedException: sleep interrupted
2019-10-18 12:32:00,147 [grpc-default-executor-1] INFO  impl.RoleInfo (RoleInfo.java:updateAndGet(143)) - c39ba312-e57f-4b8c-998e-32538a6d88da: start FollowerState
2019-10-18 12:32:00,177 [67d877d9-ecd0-4b7d-838e-89aa2c4103c0@group-A09C527D8C6F-LeaderElection37] INFO  impl.LeaderElection (LeaderElection.java:logAndReturn(56)) - 67d877d9-ecd0-4b7d-838e-89aa2c4103c0@group-A09C527D8C6F-LeaderElection37: Election REJECTED; received 2 response(s) [67d877d9-ecd0-4b7d-838e-89aa2c4103c0<-c39ba312-e57f-4b8c-998e-32538a6d88da#0:FAIL-t34, 67d877d9-ecd0-4b7d-838e-89aa2c4103c0<-6af5dfc0-d4d0-48db-9aa9-c45e51549e54#0:FAIL-t34] and 0 exception(s); 67d877d9-ecd0-4b7d-838e-89aa2c4103c0@group-A09C527D8C6F:t34, leader=null, voted=67d877d9-ecd0-4b7d-838e-89aa2c4103c0, raftlog=67d877d9-ecd0-4b7d-838e-89aa2c4103c0@group-A09C527D8C6F-SegmentedRaftLog:OPENED:c-1,f-1,i0, conf=-1: [c39ba312-e57f-4b8c-998e-32538a6d88da:192.168.34.56:44039, 67d877d9-ecd0-4b7d-838e-89aa2c4103c0:192.168.34.56:33816, 6af5dfc0-d4d0-48db-9aa9-c45e51549e54:192.168.34.56:32981], old=null
2019-10-18 12:32:00,178 [67d877d9-ecd0-4b7d-838e-89aa2c4103c0@group-A09C527D8C6F-LeaderElection37] INFO  impl.RaftServerImpl (RaftServerImpl.java:setRole(184)) - 67d877d9-ecd0-4b7d-838e-89aa2c4103c0@group-A09C527D8C6F: changes role from CANDIDATE to FOLLOWER at term 34 for DISCOVERED_A_NEW_TERM
2019-10-18 12:32:00,178 [67d877d9-ecd0-4b7d-838e-89aa2c4103c0@group-A09C527D8C6F-LeaderElection37] INFO  impl.RoleInfo (RoleInfo.java:shutdownLeaderElection(134)) - 67d877d9-ecd0-4b7d-838e-89aa2c4103c0: shutdown LeaderElection
2019-10-18 12:32:00,178 [67d877d9-ecd0-4b7d-838e-89aa2c4103c0@group-A09C527D8C6F-LeaderElection37] INFO  impl.RoleInfo (RoleInfo.java:updateAndGet(143)) - 67d877d9-ecd0-4b7d-838e-89aa2c4103c0: start FollowerState
2019-10-18 12:32:00,195 [Thread-452] INFO  impl.FollowerState (FollowerState.java:run(108)) - 67d877d9-ecd0-4b7d-838e-89aa2c4103c0@group-A09C527D8C6F-FollowerState: change to CANDIDATE, lastRpcTime:16ms, electionTimeout:16ms
2019-10-18 12:32:00,197 [Thread-452] INFO  impl.RoleInfo (RoleInfo.java:shutdownFollowerState(121)) - 67d877d9-ecd0-4b7d-838e-89aa2c4103c0: shutdown FollowerState
2019-10-18 12:32:00,197 [Thread-452] INFO  impl.RaftServerImpl (RaftServerImpl.java:setRole(184)) - 67d877d9-ecd0-4b7d-838e-89aa2c4103c0@group-A09C527D8C6F: changes role from  FOLLOWER to CANDIDATE at term 34 for changeToCandidate
2019-10-18 12:32:00,197 [Thread-452] INFO  impl.RoleInfo (RoleInfo.java:updateAndGet(143)) - 67d877d9-ecd0-4b7d-838e-89aa2c4103c0: start LeaderElection
2019-10-18 12:32:00,226 [67d877d9-ecd0-4b7d-838e-89aa2c4103c0@group-A09C527D8C6F-LeaderElection38] INFO  impl.LeaderElection (LeaderElection.java:askForVotes(178)) - 67d877d9-ecd0-4b7d-838e-89aa2c4103c0@group-A09C527D8C6F-LeaderElection38: begin an election at term 35 for -1: [c39ba312-e57f-4b8c-998e-32538a6d88da:192.168.34.56:44039, 67d877d9-ecd0-4b7d-838e-89aa2c4103c0:192.168.34.56:33816, 6af5dfc0-d4d0-48db-9aa9-c45e51549e54:192.168.34.56:32981], old=null
2019-10-18 12:32:00,235 [grpc-default-executor-3] INFO  impl.RaftServerImpl (RaftServerImpl.java:setRole(184)) - 6af5dfc0-d4d0-48db-9aa9-c45e51549e54@group-A09C527D8C6F: changes role from  FOLLOWER to FOLLOWER at term 35 for recognizeCandidate:67d877d9-ecd0-4b7d-838e-89aa2c4103c0
2019-10-18 12:32:00,236 [grpc-default-executor-3] INFO  impl.RoleInfo (RoleInfo.java:shutdownFollowerState(121)) - 6af5dfc0-d4d0-48db-9aa9-c45e51549e54: shutdown FollowerState
2019-10-18 12:32:00,236 [grpc-default-executor-0] INFO  impl.RaftServerImpl (RaftServerImpl.java:setRole(184)) - c39ba312-e57f-4b8c-998e-32538a6d88da@group-A09C527D8C6F: changes role from  FOLLOWER to FOLLOWER at term 35 for recognizeCandidate:67d877d9-ecd0-4b7d-838e-89aa2c4103c0
2019-10-18 12:32:00,236 [grpc-default-executor-3] INFO  impl.RoleInfo (RoleInfo.java:updateAndGet(143)) - 6af5dfc0-d4d0-48db-9aa9-c45e51549e54: start FollowerState
2019-10-18 12:32:00,236 [Thread-450] INFO  impl.FollowerState (FollowerState.java:run(117)) - 6af5dfc0-d4d0-48db-9aa9-c45e51549e54@group-A09C527D8C6F-FollowerState was interrupted: java.lang.InterruptedException: sleep interrupted
2019-10-18 12:32:00,236 [grpc-default-executor-0] INFO  impl.RoleInfo (RoleInfo.java:shutdownFollowerState(121)) - c39ba312-e57f-4b8c-998e-32538a6d88da: shutdown FollowerState
2019-10-18 12:32:00,238 [Thread-451] INFO  impl.FollowerState (FollowerState.java:run(117)) - c39ba312-e57f-4b8c-998e-32538a6d88da@group-A09C527D8C6F-FollowerState was interrupted: java.lang.InterruptedException: sleep interrupted
2019-10-18 12:32:00,238 [grpc-default-executor-0] INFO  impl.RoleInfo (RoleInfo.java:updateAndGet(143)) - c39ba312-e57f-4b8c-998e-32538a6d88da: start FollowerState
2019-10-18 12:32:00,261 [67d877d9-ecd0-4b7d-838e-89aa2c4103c0@group-A09C527D8C6F-LeaderElection38] INFO  impl.LeaderElection (LeaderElection.java:logAndReturn(56)) - 67d877d9-ecd0-4b7d-838e-89aa2c4103c0@group-A09C527D8C6F-LeaderElection38: Election REJECTED; received 2 response(s) [67d877d9-ecd0-4b7d-838e-89aa2c4103c0<-c39ba312-e57f-4b8c-998e-32538a6d88da#0:FAIL-t35, 67d877d9-ecd0-4b7d-838e-89aa2c4103c0<-6af5dfc0-d4d0-48db-9aa9-c45e51549e54#0:FAIL-t35] and 0 exception(s); 67d877d9-ecd0-4b7d-838e-89aa2c4103c0@group-A09C527D8C6F:t35, leader=null, voted=67d877d9-ecd0-4b7d-838e-89aa2c4103c0, raftlog=67d877d9-ecd0-4b7d-838e-89aa2c4103c0@group-A09C527D8C6F-SegmentedRaftLog:OPENED:c-1,f-1,i0, conf=-1: [c39ba312-e57f-4b8c-998e-32538a6d88da:192.168.34.56:44039, 67d877d9-ecd0-4b7d-838e-89aa2c4103c0:192.168.34.56:33816, 6af5dfc0-d4d0-48db-9aa9-c45e51549e54:192.168.34.56:32981], old=null
2019-10-18 12:32:00,262 [67d877d9-ecd0-4b7d-838e-89aa2c4103c0@group-A09C527D8C6F-LeaderElection38] INFO  impl.RaftServerImpl (RaftServerImpl.java:setRole(184)) - 67d877d9-ecd0-4b7d-838e-89aa2c4103c0@group-A09C527D8C6F: changes role from CANDIDATE to FOLLOWER at term 35 for DISCOVERED_A_NEW_TERM
2019-10-18 12:32:00,262 [67d877d9-ecd0-4b7d-838e-89aa2c4103c0@group-A09C527D8C6F-LeaderElection38] INFO  impl.RoleInfo (RoleInfo.java:shutdownLeaderElection(134)) - 67d877d9-ecd0-4b7d-838e-89aa2c4103c0: shutdown LeaderElection
2019-10-18 12:32:00,262 [67d877d9-ecd0-4b7d-838e-89aa2c4103c0@group-A09C527D8C6F-LeaderElection38] INFO  impl.RoleInfo (RoleInfo.java:updateAndGet(143)) - 67d877d9-ecd0-4b7d-838e-89aa2c4103c0: start FollowerState
2019-10-18 12:32:00,433 [Thread-460] INFO  impl.FollowerState (FollowerState.java:run(108)) - 67d877d9-ecd0-4b7d-838e-89aa2c4103c0@group-A09C527D8C6F-FollowerState: change to CANDIDATE, lastRpcTime:170ms, electionTimeout:170ms
2019-10-18 12:32:00,441 [Thread-460] INFO  impl.RoleInfo (RoleInfo.java:shutdownFollowerState(121)) - 67d877d9-ecd0-4b7d-838e-89aa2c4103c0: shutdown FollowerState
2019-10-18 12:32:00,441 [Thread-460] INFO  impl.RaftServerImpl (RaftServerImpl.java:setRole(184)) - 67d877d9-ecd0-4b7d-838e-89aa2c4103c0@group-A09C527D8C6F: changes role from  FOLLOWER to CANDIDATE at term 35 for changeToCandidate
2019-10-18 12:32:00,442 [Thread-460] INFO  impl.RoleInfo (RoleInfo.java:updateAndGet(143)) - 67d877d9-ecd0-4b7d-838e-89aa2c4103c0: start LeaderElection
2019-10-18 12:32:00,469 [67d877d9-ecd0-4b7d-838e-89aa2c4103c0@group-A09C527D8C6F-LeaderElection39] INFO  impl.LeaderElection (LeaderElection.java:askForVotes(178)) - 67d877d9-ecd0-4b7d-838e-89aa2c4103c0@group-A09C527D8C6F-LeaderElection39: begin an election at term 36 for -1: [c39ba312-e57f-4b8c-998e-32538a6d88da:192.168.34.56:44039, 67d877d9-ecd0-4b7d-838e-89aa2c4103c0:192.168.34.56:33816, 6af5dfc0-d4d0-48db-9aa9-c45e51549e54:192.168.34.56:32981], old=null
2019-10-18 12:32:00,473 [grpc-default-executor-0] INFO  impl.RaftServerImpl (RaftServerImpl.java:setRole(184)) - c39ba312-e57f-4b8c-998e-32538a6d88da@group-A09C527D8C6F: changes role from  FOLLOWER to FOLLOWER at term 36 for recognizeCandidate:67d877d9-ecd0-4b7d-838e-89aa2c4103c0
2019-10-18 12:32:00,474 [grpc-default-executor-0] INFO  impl.RoleInfo (RoleInfo.java:shutdownFollowerState(121)) - c39ba312-e57f-4b8c-998e-32538a6d88da: shutdown FollowerState
2019-10-18 12:32:00,474 [grpc-default-executor-3] INFO  impl.RaftServerImpl (RaftServerImpl.java:setRole(184)) - 6af5dfc0-d4d0-48db-9aa9-c45e51549e54@group-A09C527D8C6F: changes role from  FOLLOWER to FOLLOWER at term 36 for recognizeCandidate:67d877d9-ecd0-4b7d-838e-89aa2c4103c0
2019-10-18 12:32:00,474 [Thread-459] INFO  impl.FollowerState (FollowerState.java:run(117)) - c39ba312-e57f-4b8c-998e-32538a6d88da@group-A09C527D8C6F-FollowerState was interrupted: java.lang.InterruptedException: sleep interrupted
2019-10-18 12:32:00,474 [grpc-default-executor-0] INFO  impl.RoleInfo (RoleInfo.java:updateAndGet(143)) - c39ba312-e57f-4b8c-998e-32538a6d88da: start FollowerState
2019-10-18 12:32:00,474 [grpc-default-executor-3] INFO  impl.RoleInfo (RoleInfo.java:shutdownFollowerState(121)) - 6af5dfc0-d4d0-48db-9aa9-c45e51549e54: shutdown FollowerState
2019-10-18 12:32:00,475 [Thread-458] INFO  impl.FollowerState (FollowerState.java:run(117)) - 6af5dfc0-d4d0-48db-9aa9-c45e51549e54@group-A09C527D8C6F-FollowerState was interrupted: java.lang.InterruptedException: sleep interrupted
2019-10-18 12:32:00,475 [grpc-default-executor-3] INFO  impl.RoleInfo (RoleInfo.java:updateAndGet(143)) - 6af5dfc0-d4d0-48db-9aa9-c45e51549e54: start FollowerState
2019-10-18 12:32:00,505 [67d877d9-ecd0-4b7d-838e-89aa2c4103c0@group-A09C527D8C6F-LeaderElection39] INFO  impl.LeaderElection (LeaderElection.java:logAndReturn(56)) - 67d877d9-ecd0-4b7d-838e-89aa2c4103c0@group-A09C527D8C6F-LeaderElection39: Election REJECTED; received 2 response(s) [67d877d9-ecd0-4b7d-838e-89aa2c4103c0<-c39ba312-e57f-4b8c-998e-32538a6d88da#0:FAIL-t36, 67d877d9-ecd0-4b7d-838e-89aa2c4103c0<-6af5dfc0-d4d0-48db-9aa9-c45e51549e54#0:FAIL-t36] and 0 exception(s); 67d877d9-ecd0-4b7d-838e-89aa2c4103c0@group-A09C527D8C6F:t36, leader=null, voted=67d877d9-ecd0-4b7d-838e-89aa2c4103c0, raftlog=67d877d9-ecd0-4b7d-838e-89aa2c4103c0@group-A09C527D8C6F-SegmentedRaftLog:OPENED:c-1,f-1,i0, conf=-1: [c39ba312-e57f-4b8c-998e-32538a6d88da:192.168.34.56:44039, 67d877d9-ecd0-4b7d-838e-89aa2c4103c0:192.168.34.56:33816, 6af5dfc0-d4d0-48db-9aa9-c45e51549e54:192.168.34.56:32981], old=null
2019-10-18 12:32:00,506 [67d877d9-ecd0-4b7d-838e-89aa2c4103c0@group-A09C527D8C6F-LeaderElection39] INFO  impl.RaftServerImpl (RaftServerImpl.java:setRole(184)) - 67d877d9-ecd0-4b7d-838e-89aa2c4103c0@group-A09C527D8C6F: changes role from CANDIDATE to FOLLOWER at term 36 for DISCOVERED_A_NEW_TERM
2019-10-18 12:32:00,506 [67d877d9-ecd0-4b7d-838e-89aa2c4103c0@group-A09C527D8C6F-LeaderElection39] INFO  impl.RoleInfo (RoleInfo.java:shutdownLeaderElection(134)) - 67d877d9-ecd0-4b7d-838e-89aa2c4103c0: shutdown LeaderElection
2019-10-18 12:32:00,506 [67d877d9-ecd0-4b7d-838e-89aa2c4103c0@group-A09C527D8C6F-LeaderElection39] INFO  impl.RoleInfo (RoleInfo.java:updateAndGet(143)) - 67d877d9-ecd0-4b7d-838e-89aa2c4103c0: start FollowerState
2019-10-18 12:32:00,623 [Thread-466] INFO  impl.FollowerState (FollowerState.java:run(108)) - 67d877d9-ecd0-4b7d-838e-89aa2c4103c0@group-A09C527D8C6F-FollowerState: change to CANDIDATE, lastRpcTime:116ms, electionTimeout:116ms
2019-10-18 12:32:00,623 [Thread-466] INFO  impl.RoleInfo (RoleInfo.java:shutdownFollowerState(121)) - 67d877d9-ecd0-4b7d-838e-89aa2c4103c0: shutdown FollowerState
2019-10-18 12:32:00,623 [Thread-466] INFO  impl.RaftServerImpl (RaftServerImpl.java:setRole(184)) - 67d877d9-ecd0-4b7d-838e-89aa2c4103c0@group-A09C527D8C6F: changes role from  FOLLOWER to CANDIDATE at term 36 for changeToCandidate
2019-10-18 12:32:00,623 [Thread-466] INFO  impl.RoleInfo (RoleInfo.java:updateAndGet(143)) - 67d877d9-ecd0-4b7d-838e-89aa2c4103c0: start LeaderElection
2019-10-18 12:32:00,654 [67d877d9-ecd0-4b7d-838e-89aa2c4103c0@group-A09C527D8C6F-LeaderElection40] INFO  impl.LeaderElection (LeaderElection.java:askForVotes(178)) - 67d877d9-ecd0-4b7d-838e-89aa2c4103c0@group-A09C527D8C6F-LeaderElection40: begin an election at term 37 for -1: [c39ba312-e57f-4b8c-998e-32538a6d88da:192.168.34.56:44039, 67d877d9-ecd0-4b7d-838e-89aa2c4103c0:192.168.34.56:33816, 6af5dfc0-d4d0-48db-9aa9-c45e51549e54:192.168.34.56:32981], old=null
2019-10-18 12:32:00,659 [grpc-default-executor-3] INFO  impl.RaftServerImpl (RaftServerImpl.java:setRole(184)) - c39ba312-e57f-4b8c-998e-32538a6d88da@group-A09C527D8C6F: changes role from  FOLLOWER to FOLLOWER at term 37 for recognizeCandidate:67d877d9-ecd0-4b7d-838e-89aa2c4103c0
2019-10-18 12:32:00,659 [grpc-default-executor-0] INFO  impl.RaftServerImpl (RaftServerImpl.java:setRole(184)) - 6af5dfc0-d4d0-48db-9aa9-c45e51549e54@group-A09C527D8C6F: changes role from  FOLLOWER to FOLLOWER at term 37 for recognizeCandidate:67d877d9-ecd0-4b7d-838e-89aa2c4103c0
2019-10-18 12:32:00,660 [grpc-default-executor-3] INFO  impl.RoleInfo (RoleInfo.java:shutdownFollowerState(121)) - c39ba312-e57f-4b8c-998e-32538a6d88da: shutdown FollowerState
2019-10-18 12:32:00,660 [grpc-default-executor-0] INFO  impl.RoleInfo (RoleInfo.java:shutdownFollowerState(121)) - 6af5dfc0-d4d0-48db-9aa9-c45e51549e54: shutdown FollowerState
2019-10-18 12:32:00,660 [grpc-default-executor-3] INFO  impl.RoleInfo (RoleInfo.java:updateAndGet(143)) - c39ba312-e57f-4b8c-998e-32538a6d88da: start FollowerState
2019-10-18 12:32:00,660 [Thread-464] INFO  impl.FollowerState (FollowerState.java:run(117)) - c39ba312-e57f-4b8c-998e-32538a6d88da@group-A09C527D8C6F-FollowerState was interrupted: java.lang.InterruptedException: sleep interrupted
2019-10-18 12:32:00,660 [grpc-default-executor-0] INFO  impl.RoleInfo (RoleInfo.java:updateAndGet(143)) - 6af5dfc0-d4d0-48db-9aa9-c45e51549e54: start FollowerState
2019-10-18 12:32:00,660 [Thread-465] INFO  impl.FollowerState (FollowerState.java:run(117)) - 6af5dfc0-d4d0-48db-9aa9-c45e51549e54@group-A09C527D8C6F-FollowerState was interrupted: java.lang.InterruptedException: sleep interrupted
2019-10-18 12:32:00,689 [67d877d9-ecd0-4b7d-838e-89aa2c4103c0@group-A09C527D8C6F-LeaderElection40] INFO  impl.LeaderElection (LeaderElection.java:logAndReturn(56)) - 67d877d9-ecd0-4b7d-838e-89aa2c4103c0@group-A09C527D8C6F-LeaderElection40: Election REJECTED; received 2 response(s) [67d877d9-ecd0-4b7d-838e-89aa2c4103c0<-c39ba312-e57f-4b8c-998e-32538a6d88da#0:FAIL-t37, 67d877d9-ecd0-4b7d-838e-89aa2c4103c0<-6af5dfc0-d4d0-48db-9aa9-c45e51549e54#0:FAIL-t37] and 0 exception(s); 67d877d9-ecd0-4b7d-838e-89aa2c4103c0@group-A09C527D8C6F:t37, leader=null, voted=67d877d9-ecd0-4b7d-838e-89aa2c4103c0, raftlog=67d877d9-ecd0-4b7d-838e-89aa2c4103c0@group-A09C527D8C6F-SegmentedRaftLog:OPENED:c-1,f-1,i0, conf=-1: [c39ba312-e57f-4b8c-998e-32538a6d88da:192.168.34.56:44039, 67d877d9-ecd0-4b7d-838e-89aa2c4103c0:192.168.34.56:33816, 6af5dfc0-d4d0-48db-9aa9-c45e51549e54:192.168.34.56:32981], old=null
2019-10-18 12:32:00,689 [67d877d9-ecd0-4b7d-838e-89aa2c4103c0@group-A09C527D8C6F-LeaderElection40] INFO  impl.RaftServerImpl (RaftServerImpl.java:setRole(184)) - 67d877d9-ecd0-4b7d-838e-89aa2c4103c0@group-A09C527D8C6F: changes role from CANDIDATE to FOLLOWER at term 37 for DISCOVERED_A_NEW_TERM
2019-10-18 12:32:00,690 [67d877d9-ecd0-4b7d-838e-89aa2c4103c0@group-A09C527D8C6F-LeaderElection40] INFO  impl.RoleInfo (RoleInfo.java:shutdownLeaderElection(134)) - 67d877d9-ecd0-4b7d-838e-89aa2c4103c0: shutdown LeaderElection
2019-10-18 12:32:00,690 [67d877d9-ecd0-4b7d-838e-89aa2c4103c0@group-A09C527D8C6F-LeaderElection40] INFO  impl.RoleInfo (RoleInfo.java:updateAndGet(143)) - 67d877d9-ecd0-4b7d-838e-89aa2c4103c0: start FollowerState
2019-10-18 12:32:00,745 [Thread-472] INFO  impl.FollowerState (FollowerState.java:run(108)) - 67d877d9-ecd0-4b7d-838e-89aa2c4103c0@group-A09C527D8C6F-FollowerState: change to CANDIDATE, lastRpcTime:55ms, electionTimeout:55ms
2019-10-18 12:32:00,746 [Thread-472] INFO  impl.RoleInfo (RoleInfo.java:shutdownFollowerState(121)) - 67d877d9-ecd0-4b7d-838e-89aa2c4103c0: shutdown FollowerState
2019-10-18 12:32:00,746 [Thread-472] INFO  impl.RaftServerImpl (RaftServerImpl.java:setRole(184)) - 67d877d9-ecd0-4b7d-838e-89aa2c4103c0@group-A09C527D8C6F: changes role from  FOLLOWER to CANDIDATE at term 37 for changeToCandidate
2019-10-18 12:32:00,746 [Thread-472] INFO  impl.RoleInfo (RoleInfo.java:updateAndGet(143)) - 67d877d9-ecd0-4b7d-838e-89aa2c4103c0: start LeaderElection
2019-10-18 12:32:00,771 [67d877d9-ecd0-4b7d-838e-89aa2c4103c0@group-A09C527D8C6F-LeaderElection41] INFO  impl.LeaderElection (LeaderElection.java:askForVotes(178)) - 67d877d9-ecd0-4b7d-838e-89aa2c4103c0@group-A09C527D8C6F-LeaderElection41: begin an election at term 38 for -1: [c39ba312-e57f-4b8c-998e-32538a6d88da:192.168.34.56:44039, 67d877d9-ecd0-4b7d-838e-89aa2c4103c0:192.168.34.56:33816, 6af5dfc0-d4d0-48db-9aa9-c45e51549e54:192.168.34.56:32981], old=null
2019-10-18 12:32:00,777 [grpc-default-executor-0] INFO  impl.RaftServerImpl (RaftServerImpl.java:setRole(184)) - c39ba312-e57f-4b8c-998e-32538a6d88da@group-A09C527D8C6F: changes role from  FOLLOWER to FOLLOWER at term 38 for recognizeCandidate:67d877d9-ecd0-4b7d-838e-89aa2c4103c0
2019-10-18 12:32:00,777 [grpc-default-executor-3] INFO  impl.RaftServerImpl (RaftServerImpl.java:setRole(184)) - 6af5dfc0-d4d0-48db-9aa9-c45e51549e54@group-A09C527D8C6F: changes role from  FOLLOWER to FOLLOWER at term 38 for recognizeCandidate:67d877d9-ecd0-4b7d-838e-89aa2c4103c0
2019-10-18 12:32:00,777 [grpc-default-executor-0] INFO  impl.RoleInfo (RoleInfo.java:shutdownFollowerState(121)) - c39ba312-e57f-4b8c-998e-32538a6d88da: shutdown FollowerState
2019-10-18 12:32:00,777 [grpc-default-executor-3] INFO  impl.RoleInfo (RoleInfo.java:shutdownFollowerState(121)) - 6af5dfc0-d4d0-48db-9aa9-c45e51549e54: shutdown FollowerState
2019-10-18 12:32:00,777 [Thread-470] INFO  impl.FollowerState (FollowerState.java:run(117)) - c39ba312-e57f-4b8c-998e-32538a6d88da@group-A09C527D8C6F-FollowerState was interrupted: java.lang.InterruptedException: sleep interrupted
2019-10-18 12:32:00,777 [Thread-471] INFO  impl.FollowerState (FollowerState.java:run(117)) - 6af5dfc0-d4d0-48db-9aa9-c45e51549e54@group-A09C527D8C6F-FollowerState was interrupted: java.lang.InterruptedException: sleep interrupted
2019-10-18 12:32:00,777 [grpc-default-executor-3] INFO  impl.RoleInfo (RoleInfo.java:updateAndGet(143)) - 6af5dfc0-d4d0-48db-9aa9-c45e51549e54: start FollowerState
2019-10-18 12:32:00,777 [grpc-default-executor-0] INFO  impl.RoleInfo (RoleInfo.java:updateAndGet(143)) - c39ba312-e57f-4b8c-998e-32538a6d88da: start FollowerState
2019-10-18 12:32:00,787 [67d877d9-ecd0-4b7d-838e-89aa2c4103c0@group-A09C527D8C6F-LeaderElection41] INFO  impl.LeaderElection (LeaderElection.java:logAndReturn(56)) - 67d877d9-ecd0-4b7d-838e-89aa2c4103c0@group-A09C527D8C6F-LeaderElection41: Election TIMEOUT; received 0 response(s) [] and 0 exception(s); 67d877d9-ecd0-4b7d-838e-89aa2c4103c0@group-A09C527D8C6F:t38, leader=null, voted=67d877d9-ecd0-4b7d-838e-89aa2c4103c0, raftlog=67d877d9-ecd0-4b7d-838e-89aa2c4103c0@group-A09C527D8C6F-SegmentedRaftLog:OPENED:c-1,f-1,i0, conf=-1: [c39ba312-e57f-4b8c-998e-32538a6d88da:192.168.34.56:44039, 67d877d9-ecd0-4b7d-838e-89aa2c4103c0:192.168.34.56:33816, 6af5dfc0-d4d0-48db-9aa9-c45e51549e54:192.168.34.56:32981], old=null
2019-10-18 12:32:00,805 [67d877d9-ecd0-4b7d-838e-89aa2c4103c0@group-A09C527D8C6F-LeaderElection41] INFO  impl.LeaderElection (LeaderElection.java:askForVotes(178)) - 67d877d9-ecd0-4b7d-838e-89aa2c4103c0@group-A09C527D8C6F-LeaderElection41: begin an election at term 39 for -1: [c39ba312-e57f-4b8c-998e-32538a6d88da:192.168.34.56:44039, 67d877d9-ecd0-4b7d-838e-89aa2c4103c0:192.168.34.56:33816, 6af5dfc0-d4d0-48db-9aa9-c45e51549e54:192.168.34.56:32981], old=null
2019-10-18 12:32:00,810 [grpc-default-executor-0] INFO  impl.RaftServerImpl (RaftServerImpl.java:setRole(184)) - 6af5dfc0-d4d0-48db-9aa9-c45e51549e54@group-A09C527D8C6F: changes role from  FOLLOWER to FOLLOWER at term 39 for recognizeCandidate:67d877d9-ecd0-4b7d-838e-89aa2c4103c0
2019-10-18 12:32:00,810 [grpc-default-executor-0] INFO  impl.RoleInfo (RoleInfo.java:shutdownFollowerState(121)) - 6af5dfc0-d4d0-48db-9aa9-c45e51549e54: shutdown FollowerState
2019-10-18 12:32:00,810 [grpc-default-executor-0] INFO  impl.RoleInfo (RoleInfo.java:updateAndGet(143)) - 6af5dfc0-d4d0-48db-9aa9-c45e51549e54: start FollowerState
2019-10-18 12:32:00,810 [grpc-default-executor-3] INFO  impl.RaftServerImpl (RaftServerImpl.java:setRole(184)) - c39ba312-e57f-4b8c-998e-32538a6d88da@group-A09C527D8C6F: changes role from  FOLLOWER to FOLLOWER at term 39 for recognizeCandidate:67d877d9-ecd0-4b7d-838e-89aa2c4103c0
2019-10-18 12:32:00,810 [Thread-477] INFO  impl.FollowerState (FollowerState.java:run(117)) - 6af5dfc0-d4d0-48db-9aa9-c45e51549e54@group-A09C527D8C6F-FollowerState was interrupted: java.lang.InterruptedException: sleep interrupted
2019-10-18 12:32:00,810 [grpc-default-executor-3] INFO  impl.RoleInfo (RoleInfo.java:shutdownFollowerState(121)) - c39ba312-e57f-4b8c-998e-32538a6d88da: shutdown FollowerState
2019-10-18 12:32:00,811 [grpc-default-executor-3] INFO  impl.RoleInfo (RoleInfo.java:updateAndGet(143)) - c39ba312-e57f-4b8c-998e-32538a6d88da: start FollowerState
2019-10-18 12:32:00,811 [Thread-476] INFO  impl.FollowerState (FollowerState.java:run(117)) - c39ba312-e57f-4b8c-998e-32538a6d88da@group-A09C527D8C6F-FollowerState was interrupted: java.lang.InterruptedException: sleep interrupted
2019-10-18 12:32:00,832 [67d877d9-ecd0-4b7d-838e-89aa2c4103c0@group-A09C527D8C6F-LeaderElection41] INFO  impl.LeaderElection (LeaderElection.java:logAndReturn(56)) - 67d877d9-ecd0-4b7d-838e-89aa2c4103c0@group-A09C527D8C6F-LeaderElection41: Election REJECTED; received 2 response(s) [67d877d9-ecd0-4b7d-838e-89aa2c4103c0<-c39ba312-e57f-4b8c-998e-32538a6d88da#0:FAIL-t39, 67d877d9-ecd0-4b7d-838e-89aa2c4103c0<-6af5dfc0-d4d0-48db-9aa9-c45e51549e54#0:FAIL-t39] and 0 exception(s); 67d877d9-ecd0-4b7d-838e-89aa2c4103c0@group-A09C527D8C6F:t39, leader=null, voted=67d877d9-ecd0-4b7d-838e-89aa2c4103c0, raftlog=67d877d9-ecd0-4b7d-838e-89aa2c4103c0@group-A09C527D8C6F-SegmentedRaftLog:OPENED:c-1,f-1,i0, conf=-1: [c39ba312-e57f-4b8c-998e-32538a6d88da:192.168.34.56:44039, 67d877d9-ecd0-4b7d-838e-89aa2c4103c0:192.168.34.56:33816, 6af5dfc0-d4d0-48db-9aa9-c45e51549e54:192.168.34.56:32981], old=null
2019-10-18 12:32:00,832 [67d877d9-ecd0-4b7d-838e-89aa2c4103c0@group-A09C527D8C6F-LeaderElection41] INFO  impl.RaftServerImpl (RaftServerImpl.java:setRole(184)) - 67d877d9-ecd0-4b7d-838e-89aa2c4103c0@group-A09C527D8C6F: changes role from CANDIDATE to FOLLOWER at term 39 for DISCOVERED_A_NEW_TERM
2019-10-18 12:32:00,832 [67d877d9-ecd0-4b7d-838e-89aa2c4103c0@group-A09C527D8C6F-LeaderElection41] INFO  impl.RoleInfo (RoleInfo.java:shutdownLeaderElection(134)) - 67d877d9-ecd0-4b7d-838e-89aa2c4103c0: shutdown LeaderElection
2019-10-18 12:32:00,832 [67d877d9-ecd0-4b7d-838e-89aa2c4103c0@group-A09C527D8C6F-LeaderElection41] INFO  impl.RoleInfo (RoleInfo.java:updateAndGet(143)) - 67d877d9-ecd0-4b7d-838e-89aa2c4103c0: start FollowerState
2019-10-18 12:32:00,926 [Thread-482] INFO  impl.FollowerState (FollowerState.java:run(108)) - 67d877d9-ecd0-4b7d-838e-89aa2c4103c0@group-A09C527D8C6F-FollowerState: change to CANDIDATE, lastRpcTime:93ms, electionTimeout:93ms
2019-10-18 12:32:00,926 [Thread-482] INFO  impl.RoleInfo (RoleInfo.java:shutdownFollowerState(121)) - 67d877d9-ecd0-4b7d-838e-89aa2c4103c0: shutdown FollowerState
2019-10-18 12:32:00,926 [Thread-482] INFO  impl.RaftServerImpl (RaftServerImpl.java:setRole(184)) - 67d877d9-ecd0-4b7d-838e-89aa2c4103c0@group-A09C527D8C6F: changes role from  FOLLOWER to CANDIDATE at term 39 for changeToCandidate
2019-10-18 12:32:00,927 [Thread-482] INFO  impl.RoleInfo (RoleInfo.java:updateAndGet(143)) - 67d877d9-ecd0-4b7d-838e-89aa2c4103c0: start LeaderElection
2019-10-18 12:32:00,956 [67d877d9-ecd0-4b7d-838e-89aa2c4103c0@group-A09C527D8C6F-LeaderElection42] INFO  impl.LeaderElection (LeaderElection.java:askForVotes(178)) - 67d877d9-ecd0-4b7d-838e-89aa2c4103c0@group-A09C527D8C6F-LeaderElection42: begin an election at term 40 for -1: [c39ba312-e57f-4b8c-998e-32538a6d88da:192.168.34.56:44039, 67d877d9-ecd0-4b7d-838e-89aa2c4103c0:192.168.34.56:33816, 6af5dfc0-d4d0-48db-9aa9-c45e51549e54:192.168.34.56:32981], old=null
2019-10-18 12:32:00,961 [grpc-default-executor-0] INFO  impl.RaftServerImpl (RaftServerImpl.java:setRole(184)) - 6af5dfc0-d4d0-48db-9aa9-c45e51549e54@group-A09C527D8C6F: changes role from  FOLLOWER to FOLLOWER at term 40 for recognizeCandidate:67d877d9-ecd0-4b7d-838e-89aa2c4103c0
2019-10-18 12:32:00,961 [grpc-default-executor-3] INFO  impl.RaftServerImpl (RaftServerImpl.java:setRole(184)) - c39ba312-e57f-4b8c-998e-32538a6d88da@group-A09C527D8C6F: changes role from  FOLLOWER to FOLLOWER at term 40 for recognizeCandidate:67d877d9-ecd0-4b7d-838e-89aa2c4103c0
2019-10-18 12:32:00,962 [grpc-default-executor-0] INFO  impl.RoleInfo (RoleInfo.java:shutdownFollowerState(121)) - 6af5dfc0-d4d0-48db-9aa9-c45e51549e54: shutdown FollowerState
2019-10-18 12:32:00,962 [grpc-default-executor-3] INFO  impl.RoleInfo (RoleInfo.java:shutdownFollowerState(121)) - c39ba312-e57f-4b8c-998e-32538a6d88da: shutdown FollowerState
2019-10-18 12:32:00,963 [grpc-default-executor-3] INFO  impl.RoleInfo (RoleInfo.java:updateAndGet(143)) - c39ba312-e57f-4b8c-998e-32538a6d88da: start FollowerState
2019-10-18 12:32:00,963 [Thread-481] INFO  impl.FollowerState (FollowerState.java:run(117)) - c39ba312-e57f-4b8c-998e-32538a6d88da@group-A09C527D8C6F-FollowerState was interrupted: java.lang.InterruptedException: sleep interrupted
2019-10-18 12:32:00,962 [Thread-480] INFO  impl.FollowerState (FollowerState.java:run(117)) - 6af5dfc0-d4d0-48db-9aa9-c45e51549e54@group-A09C527D8C6F-FollowerState was interrupted: java.lang.InterruptedException: sleep interrupted
2019-10-18 12:32:00,962 [grpc-default-executor-0] INFO  impl.RoleInfo (RoleInfo.java:updateAndGet(143)) - 6af5dfc0-d4d0-48db-9aa9-c45e51549e54: start FollowerState
2019-10-18 12:32:00,991 [67d877d9-ecd0-4b7d-838e-89aa2c4103c0@group-A09C527D8C6F-LeaderElection42] INFO  impl.LeaderElection (LeaderElection.java:logAndReturn(56)) - 67d877d9-ecd0-4b7d-838e-89aa2c4103c0@group-A09C527D8C6F-LeaderElection42: Election REJECTED; received 2 response(s) [67d877d9-ecd0-4b7d-838e-89aa2c4103c0<-c39ba312-e57f-4b8c-998e-32538a6d88da#0:FAIL-t40, 67d877d9-ecd0-4b7d-838e-89aa2c4103c0<-6af5dfc0-d4d0-48db-9aa9-c45e51549e54#0:FAIL-t40] and 0 exception(s); 67d877d9-ecd0-4b7d-838e-89aa2c4103c0@group-A09C527D8C6F:t40, leader=null, voted=67d877d9-ecd0-4b7d-838e-89aa2c4103c0, raftlog=67d877d9-ecd0-4b7d-838e-89aa2c4103c0@group-A09C527D8C6F-SegmentedRaftLog:OPENED:c-1,f-1,i0, conf=-1: [c39ba312-e57f-4b8c-998e-32538a6d88da:192.168.34.56:44039, 67d877d9-ecd0-4b7d-838e-89aa2c4103c0:192.168.34.56:33816, 6af5dfc0-d4d0-48db-9aa9-c45e51549e54:192.168.34.56:32981], old=null
2019-10-18 12:32:00,991 [67d877d9-ecd0-4b7d-838e-89aa2c4103c0@group-A09C527D8C6F-LeaderElection42] INFO  impl.RaftServerImpl (RaftServerImpl.java:setRole(184)) - 67d877d9-ecd0-4b7d-838e-89aa2c4103c0@group-A09C527D8C6F: changes role from CANDIDATE to FOLLOWER at term 40 for DISCOVERED_A_NEW_TERM
2019-10-18 12:32:00,992 [67d877d9-ecd0-4b7d-838e-89aa2c4103c0@group-A09C527D8C6F-LeaderElection42] INFO  impl.RoleInfo (RoleInfo.java:shutdownLeaderElection(134)) - 67d877d9-ecd0-4b7d-838e-89aa2c4103c0: shutdown LeaderElection
2019-10-18 12:32:00,992 [67d877d9-ecd0-4b7d-838e-89aa2c4103c0@group-A09C527D8C6F-LeaderElection42] INFO  impl.RoleInfo (RoleInfo.java:updateAndGet(143)) - 67d877d9-ecd0-4b7d-838e-89aa2c4103c0: start FollowerState
2019-10-18 12:32:01,058 [Thread-488] INFO  impl.FollowerState (FollowerState.java:run(108)) - 67d877d9-ecd0-4b7d-838e-89aa2c4103c0@group-A09C527D8C6F-FollowerState: change to CANDIDATE, lastRpcTime:66ms, electionTimeout:66ms
2019-10-18 12:32:01,059 [Thread-488] INFO  impl.RoleInfo (RoleInfo.java:shutdownFollowerState(121)) - 67d877d9-ecd0-4b7d-838e-89aa2c4103c0: shutdown FollowerState
2019-10-18 12:32:01,059 [Thread-488] INFO  impl.RaftServerImpl (RaftServerImpl.java:setRole(184)) - 67d877d9-ecd0-4b7d-838e-89aa2c4103c0@group-A09C527D8C6F: changes role from  FOLLOWER to CANDIDATE at term 40 for changeToCandidate
2019-10-18 12:32:01,059 [Thread-488] INFO  impl.RoleInfo (RoleInfo.java:updateAndGet(143)) - 67d877d9-ecd0-4b7d-838e-89aa2c4103c0: start LeaderElection
2019-10-18 12:32:01,089 [67d877d9-ecd0-4b7d-838e-89aa2c4103c0@group-A09C527D8C6F-LeaderElection43] INFO  impl.LeaderElection (LeaderElection.java:askForVotes(178)) - 67d877d9-ecd0-4b7d-838e-89aa2c4103c0@group-A09C527D8C6F-LeaderElection43: begin an election at term 41 for -1: [c39ba312-e57f-4b8c-998e-32538a6d88da:192.168.34.56:44039, 67d877d9-ecd0-4b7d-838e-89aa2c4103c0:192.168.34.56:33816, 6af5dfc0-d4d0-48db-9aa9-c45e51549e54:192.168.34.56:32981], old=null
2019-10-18 12:32:01,092 [grpc-default-executor-0] INFO  impl.RaftServerImpl (RaftServerImpl.java:setRole(184)) - c39ba312-e57f-4b8c-998e-32538a6d88da@group-A09C527D8C6F: changes role from  FOLLOWER to FOLLOWER at term 41 for recognizeCandidate:67d877d9-ecd0-4b7d-838e-89aa2c4103c0
2019-10-18 12:32:01,092 [grpc-default-executor-3] INFO  impl.RaftServerImpl (RaftServerImpl.java:setRole(184)) - 6af5dfc0-d4d0-48db-9aa9-c45e51549e54@group-A09C527D8C6F: changes role from  FOLLOWER to FOLLOWER at term 41 for recognizeCandidate:67d877d9-ecd0-4b7d-838e-89aa2c4103c0
2019-10-18 12:32:01,092 [grpc-default-executor-0] INFO  impl.RoleInfo (RoleInfo.java:shutdownFollowerState(121)) - c39ba312-e57f-4b8c-998e-32538a6d88da: shutdown FollowerState
2019-10-18 12:32:01,092 [grpc-default-executor-3] INFO  impl.RoleInfo (RoleInfo.java:shutdownFollowerState(121)) - 6af5dfc0-d4d0-48db-9aa9-c45e51549e54: shutdown FollowerState
2019-10-18 12:32:01,092 [67d877d9-ecd0-4b7d-838e-89aa2c4103c0@group-A09C527D8C6F-LeaderElection43] INFO  impl.LeaderElection (LeaderElection.java:logAndReturn(56)) - 67d877d9-ecd0-4b7d-838e-89aa2c4103c0@group-A09C527D8C6F-LeaderElection43: Election TIMEOUT; received 0 response(s) [] and 0 exception(s); 67d877d9-ecd0-4b7d-838e-89aa2c4103c0@group-A09C527D8C6F:t41, leader=null, voted=67d877d9-ecd0-4b7d-838e-89aa2c4103c0, raftlog=67d877d9-ecd0-4b7d-838e-89aa2c4103c0@group-A09C527D8C6F-SegmentedRaftLog:OPENED:c-1,f-1,i0, conf=-1: [c39ba312-e57f-4b8c-998e-32538a6d88da:192.168.34.56:44039, 67d877d9-ecd0-4b7d-838e-89aa2c4103c0:192.168.34.56:33816, 6af5dfc0-d4d0-48db-9aa9-c45e51549e54:192.168.34.56:32981], old=null
2019-10-18 12:32:01,093 [grpc-default-executor-3] INFO  impl.RoleInfo (RoleInfo.java:updateAndGet(143)) - 6af5dfc0-d4d0-48db-9aa9-c45e51549e54: start FollowerState
2019-10-18 12:32:01,093 [Thread-486] INFO  impl.FollowerState (FollowerState.java:run(117)) - 6af5dfc0-d4d0-48db-9aa9-c45e51549e54@group-A09C527D8C6F-FollowerState was interrupted: java.lang.InterruptedException: sleep interrupted
2019-10-18 12:32:01,093 [Thread-487] INFO  impl.FollowerState (FollowerState.java:run(117)) - c39ba312-e57f-4b8c-998e-32538a6d88da@group-A09C527D8C6F-FollowerState was interrupted: java.lang.InterruptedException: sleep interrupted
2019-10-18 12:32:01,093 [grpc-default-executor-0] INFO  impl.RoleInfo (RoleInfo.java:updateAndGet(143)) - c39ba312-e57f-4b8c-998e-32538a6d88da: start FollowerState
2019-10-18 12:32:01,117 [67d877d9-ecd0-4b7d-838e-89aa2c4103c0@group-A09C527D8C6F-LeaderElection43] INFO  impl.LeaderElection (LeaderElection.java:askForVotes(178)) - 67d877d9-ecd0-4b7d-838e-89aa2c4103c0@group-A09C527D8C6F-LeaderElection43: begin an election at term 42 for -1: [c39ba312-e57f-4b8c-998e-32538a6d88da:192.168.34.56:44039, 67d877d9-ecd0-4b7d-838e-89aa2c4103c0:192.168.34.56:33816, 6af5dfc0-d4d0-48db-9aa9-c45e51549e54:192.168.34.56:32981], old=null
2019-10-18 12:32:01,122 [grpc-default-executor-3] INFO  impl.RaftServerImpl (RaftServerImpl.java:setRole(184)) - 6af5dfc0-d4d0-48db-9aa9-c45e51549e54@group-A09C527D8C6F: changes role from  FOLLOWER to FOLLOWER at term 42 for recognizeCandidate:67d877d9-ecd0-4b7d-838e-89aa2c4103c0
2019-10-18 12:32:01,122 [grpc-default-executor-3] INFO  impl.RoleInfo (RoleInfo.java:shutdownFollowerState(121)) - 6af5dfc0-d4d0-48db-9aa9-c45e51549e54: shutdown FollowerState
2019-10-18 12:32:01,122 [grpc-default-executor-3] INFO  impl.RoleInfo (RoleInfo.java:updateAndGet(143)) - 6af5dfc0-d4d0-48db-9aa9-c45e51549e54: start FollowerState
2019-10-18 12:32:01,122 [Thread-493] INFO  impl.FollowerState (FollowerState.java:run(117)) - 6af5dfc0-d4d0-48db-9aa9-c45e51549e54@group-A09C527D8C6F-FollowerState was interrupted: java.lang.InterruptedException: sleep interrupted
2019-10-18 12:32:01,123 [grpc-default-executor-0] INFO  impl.RaftServerImpl (RaftServerImpl.java:setRole(184)) - c39ba312-e57f-4b8c-998e-32538a6d88da@group-A09C527D8C6F: changes role from  FOLLOWER to FOLLOWER at term 42 for recognizeCandidate:67d877d9-ecd0-4b7d-838e-89aa2c4103c0
2019-10-18 12:32:01,123 [grpc-default-executor-0] INFO  impl.RoleInfo (RoleInfo.java:shutdownFollowerState(121)) - c39ba312-e57f-4b8c-998e-32538a6d88da: shutdown FollowerState
2019-10-18 12:32:01,123 [Thread-492] INFO  impl.FollowerState (FollowerState.java:run(117)) - c39ba312-e57f-4b8c-998e-32538a6d88da@group-A09C527D8C6F-FollowerState was interrupted: java.lang.InterruptedException: sleep interrupted
2019-10-18 12:32:01,123 [grpc-default-executor-0] INFO  impl.RoleInfo (RoleInfo.java:updateAndGet(143)) - c39ba312-e57f-4b8c-998e-32538a6d88da: start FollowerState
2019-10-18 12:32:01,148 [67d877d9-ecd0-4b7d-838e-89aa2c4103c0@group-A09C527D8C6F-LeaderElection43] INFO  impl.LeaderElection (LeaderElection.java:logAndReturn(56)) - 67d877d9-ecd0-4b7d-838e-89aa2c4103c0@group-A09C527D8C6F-LeaderElection43: Election REJECTED; received 2 response(s) [67d877d9-ecd0-4b7d-838e-89aa2c4103c0<-c39ba312-e57f-4b8c-998e-32538a6d88da#0:FAIL-t42, 67d877d9-ecd0-4b7d-838e-89aa2c4103c0<-6af5dfc0-d4d0-48db-9aa9-c45e51549e54#0:FAIL-t42] and 0 exception(s); 67d877d9-ecd0-4b7d-838e-89aa2c4103c0@group-A09C527D8C6F:t42, leader=null, voted=67d877d9-ecd0-4b7d-838e-89aa2c4103c0, raftlog=67d877d9-ecd0-4b7d-838e-89aa2c4103c0@group-A09C527D8C6F-SegmentedRaftLog:OPENED:c-1,f-1,i0, conf=-1: [c39ba312-e57f-4b8c-998e-32538a6d88da:192.168.34.56:44039, 67d877d9-ecd0-4b7d-838e-89aa2c4103c0:192.168.34.56:33816, 6af5dfc0-d4d0-48db-9aa9-c45e51549e54:192.168.34.56:32981], old=null
2019-10-18 12:32:01,149 [67d877d9-ecd0-4b7d-838e-89aa2c4103c0@group-A09C527D8C6F-LeaderElection43] INFO  impl.RaftServerImpl (RaftServerImpl.java:setRole(184)) - 67d877d9-ecd0-4b7d-838e-89aa2c4103c0@group-A09C527D8C6F: changes role from CANDIDATE to FOLLOWER at term 42 for DISCOVERED_A_NEW_TERM
2019-10-18 12:32:01,149 [67d877d9-ecd0-4b7d-838e-89aa2c4103c0@group-A09C527D8C6F-LeaderElection43] INFO  impl.RoleInfo (RoleInfo.java:shutdownLeaderElection(134)) - 67d877d9-ecd0-4b7d-838e-89aa2c4103c0: shutdown LeaderElection
2019-10-18 12:32:01,149 [67d877d9-ecd0-4b7d-838e-89aa2c4103c0@group-A09C527D8C6F-LeaderElection43] INFO  impl.RoleInfo (RoleInfo.java:updateAndGet(143)) - 67d877d9-ecd0-4b7d-838e-89aa2c4103c0: start FollowerState
2019-10-18 12:32:01,327 [Thread-498] INFO  impl.FollowerState (FollowerState.java:run(108)) - 67d877d9-ecd0-4b7d-838e-89aa2c4103c0@group-A09C527D8C6F-FollowerState: change to CANDIDATE, lastRpcTime:177ms, electionTimeout:177ms
2019-10-18 12:32:01,327 [Thread-498] INFO  impl.RoleInfo (RoleInfo.java:shutdownFollowerState(121)) - 67d877d9-ecd0-4b7d-838e-89aa2c4103c0: shutdown FollowerState
2019-10-18 12:32:01,327 [Thread-498] INFO  impl.RaftServerImpl (RaftServerImpl.java:setRole(184)) - 67d877d9-ecd0-4b7d-838e-89aa2c4103c0@group-A09C527D8C6F: changes role from  FOLLOWER to CANDIDATE at term 42 for changeToCandidate
2019-10-18 12:32:01,327 [Thread-498] INFO  impl.RoleInfo (RoleInfo.java:updateAndGet(143)) - 67d877d9-ecd0-4b7d-838e-89aa2c4103c0: start LeaderElection
2019-10-18 12:32:01,353 [67d877d9-ecd0-4b7d-838e-89aa2c4103c0@group-A09C527D8C6F-LeaderElection44] INFO  impl.LeaderElection (LeaderElection.java:askForVotes(178)) - 67d877d9-ecd0-4b7d-838e-89aa2c4103c0@group-A09C527D8C6F-LeaderElection44: begin an election at term 43 for -1: [c39ba312-e57f-4b8c-998e-32538a6d88da:192.168.34.56:44039, 67d877d9-ecd0-4b7d-838e-89aa2c4103c0:192.168.34.56:33816, 6af5dfc0-d4d0-48db-9aa9-c45e51549e54:192.168.34.56:32981], old=null
2019-10-18 12:32:01,359 [grpc-default-executor-0] INFO  impl.RaftServerImpl (RaftServerImpl.java:setRole(184)) - c39ba312-e57f-4b8c-998e-32538a6d88da@group-A09C527D8C6F: changes role from  FOLLOWER to FOLLOWER at term 43 for recognizeCandidate:67d877d9-ecd0-4b7d-838e-89aa2c4103c0
2019-10-18 12:32:01,359 [grpc-default-executor-3] INFO  impl.RaftServerImpl (RaftServerImpl.java:setRole(184)) - 6af5dfc0-d4d0-48db-9aa9-c45e51549e54@group-A09C527D8C6F: changes role from  FOLLOWER to FOLLOWER at term 43 for recognizeCandidate:67d877d9-ecd0-4b7d-838e-89aa2c4103c0
2019-10-18 12:32:01,359 [grpc-default-executor-0] INFO  impl.RoleInfo (RoleInfo.java:shutdownFollowerState(121)) - c39ba312-e57f-4b8c-998e-32538a6d88da: shutdown FollowerState
2019-10-18 12:32:01,359 [grpc-default-executor-3] INFO  impl.RoleInfo (RoleInfo.java:shutdownFollowerState(121)) - 6af5dfc0-d4d0-48db-9aa9-c45e51549e54: shutdown FollowerState
2019-10-18 12:32:01,359 [grpc-default-executor-0] INFO  impl.RoleInfo (RoleInfo.java:updateAndGet(143)) - c39ba312-e57f-4b8c-998e-32538a6d88da: start FollowerState
2019-10-18 12:32:01,359 [Thread-497] INFO  impl.FollowerState (FollowerState.java:run(117)) - c39ba312-e57f-4b8c-998e-32538a6d88da@group-A09C527D8C6F-FollowerState was interrupted: java.lang.InterruptedException: sleep interrupted
2019-10-18 12:32:01,359 [grpc-default-executor-3] INFO  impl.RoleInfo (RoleInfo.java:updateAndGet(143)) - 6af5dfc0-d4d0-48db-9aa9-c45e51549e54: start FollowerState
2019-10-18 12:32:01,359 [Thread-496] INFO  impl.FollowerState (FollowerState.java:run(117)) - 6af5dfc0-d4d0-48db-9aa9-c45e51549e54@group-A09C527D8C6F-FollowerState was interrupted: java.lang.InterruptedException: sleep interrupted
2019-10-18 12:32:01,380 [67d877d9-ecd0-4b7d-838e-89aa2c4103c0@group-A09C527D8C6F-LeaderElection44] INFO  impl.LeaderElection (LeaderElection.java:logAndReturn(56)) - 67d877d9-ecd0-4b7d-838e-89aa2c4103c0@group-A09C527D8C6F-LeaderElection44: Election REJECTED; received 2 response(s) [67d877d9-ecd0-4b7d-838e-89aa2c4103c0<-c39ba312-e57f-4b8c-998e-32538a6d88da#0:FAIL-t43, 67d877d9-ecd0-4b7d-838e-89aa2c4103c0<-6af5dfc0-d4d0-48db-9aa9-c45e51549e54#0:FAIL-t43] and 0 exception(s); 67d877d9-ecd0-4b7d-838e-89aa2c4103c0@group-A09C527D8C6F:t43, leader=null, voted=67d877d9-ecd0-4b7d-838e-89aa2c4103c0, raftlog=67d877d9-ecd0-4b7d-838e-89aa2c4103c0@group-A09C527D8C6F-SegmentedRaftLog:OPENED:c-1,f-1,i0, conf=-1: [c39ba312-e57f-4b8c-998e-32538a6d88da:192.168.34.56:44039, 67d877d9-ecd0-4b7d-838e-89aa2c4103c0:192.168.34.56:33816, 6af5dfc0-d4d0-48db-9aa9-c45e51549e54:192.168.34.56:32981], old=null
2019-10-18 12:32:01,380 [67d877d9-ecd0-4b7d-838e-89aa2c4103c0@group-A09C527D8C6F-LeaderElection44] INFO  impl.RaftServerImpl (RaftServerImpl.java:setRole(184)) - 67d877d9-ecd0-4b7d-838e-89aa2c4103c0@group-A09C527D8C6F: changes role from CANDIDATE to FOLLOWER at term 43 for DISCOVERED_A_NEW_TERM
2019-10-18 12:32:01,381 [67d877d9-ecd0-4b7d-838e-89aa2c4103c0@group-A09C527D8C6F-LeaderElection44] INFO  impl.RoleInfo (RoleInfo.java:shutdownLeaderElection(134)) - 67d877d9-ecd0-4b7d-838e-89aa2c4103c0: shutdown LeaderElection
2019-10-18 12:32:01,381 [67d877d9-ecd0-4b7d-838e-89aa2c4103c0@group-A09C527D8C6F-LeaderElection44] INFO  impl.RoleInfo (RoleInfo.java:updateAndGet(143)) - 67d877d9-ecd0-4b7d-838e-89aa2c4103c0: start FollowerState
2019-10-18 12:32:01,411 [Thread-506] INFO  impl.FollowerState (FollowerState.java:run(108)) - 67d877d9-ecd0-4b7d-838e-89aa2c4103c0@group-A09C527D8C6F-FollowerState: change to CANDIDATE, lastRpcTime:30ms, electionTimeout:30ms
2019-10-18 12:32:01,411 [Thread-506] INFO  impl.RoleInfo (RoleInfo.java:shutdownFollowerState(121)) - 67d877d9-ecd0-4b7d-838e-89aa2c4103c0: shutdown FollowerState
2019-10-18 12:32:01,412 [Thread-506] INFO  impl.RaftServerImpl (RaftServerImpl.java:setRole(184)) - 67d877d9-ecd0-4b7d-838e-89aa2c4103c0@group-A09C527D8C6F: changes role from  FOLLOWER to CANDIDATE at term 43 for changeToCandidate
2019-10-18 12:32:01,412 [Thread-506] INFO  impl.RoleInfo (RoleInfo.java:updateAndGet(143)) - 67d877d9-ecd0-4b7d-838e-89aa2c4103c0: start LeaderElection
2019-10-18 12:32:01,436 [67d877d9-ecd0-4b7d-838e-89aa2c4103c0@group-A09C527D8C6F-LeaderElection45] INFO  impl.LeaderElection (LeaderElection.java:askForVotes(178)) - 67d877d9-ecd0-4b7d-838e-89aa2c4103c0@group-A09C527D8C6F-LeaderElection45: begin an election at term 44 for -1: [c39ba312-e57f-4b8c-998e-32538a6d88da:192.168.34.56:44039, 67d877d9-ecd0-4b7d-838e-89aa2c4103c0:192.168.34.56:33816, 6af5dfc0-d4d0-48db-9aa9-c45e51549e54:192.168.34.56:32981], old=null
2019-10-18 12:32:01,440 [grpc-default-executor-0] INFO  impl.RaftServerImpl (RaftServerImpl.java:setRole(184)) - c39ba312-e57f-4b8c-998e-32538a6d88da@group-A09C527D8C6F: changes role from  FOLLOWER to FOLLOWER at term 44 for recognizeCandidate:67d877d9-ecd0-4b7d-838e-89aa2c4103c0
2019-10-18 12:32:01,440 [grpc-default-executor-3] INFO  impl.RaftServerImpl (RaftServerImpl.java:setRole(184)) - 6af5dfc0-d4d0-48db-9aa9-c45e51549e54@group-A09C527D8C6F: changes role from  FOLLOWER to FOLLOWER at term 44 for recognizeCandidate:67d877d9-ecd0-4b7d-838e-89aa2c4103c0
2019-10-18 12:32:01,440 [grpc-default-executor-0] INFO  impl.RoleInfo (RoleInfo.java:shutdownFollowerState(121)) - c39ba312-e57f-4b8c-998e-32538a6d88da: shutdown FollowerState
2019-10-18 12:32:01,440 [grpc-default-executor-3] INFO  impl.RoleInfo (RoleInfo.java:shutdownFollowerState(121)) - 6af5dfc0-d4d0-48db-9aa9-c45e51549e54: shutdown FollowerState
2019-10-18 12:32:01,441 [Thread-504] INFO  impl.FollowerState (FollowerState.java:run(117)) - c39ba312-e57f-4b8c-998e-32538a6d88da@group-A09C527D8C6F-FollowerState was interrupted: java.lang.InterruptedException: sleep interrupted
2019-10-18 12:32:01,441 [Thread-505] INFO  impl.FollowerState (FollowerState.java:run(117)) - 6af5dfc0-d4d0-48db-9aa9-c45e51549e54@group-A09C527D8C6F-FollowerState was interrupted: java.lang.InterruptedException: sleep interrupted
2019-10-18 12:32:01,441 [grpc-default-executor-0] INFO  impl.RoleInfo (RoleInfo.java:updateAndGet(143)) - c39ba312-e57f-4b8c-998e-32538a6d88da: start FollowerState
2019-10-18 12:32:01,441 [grpc-default-executor-3] INFO  impl.RoleInfo (RoleInfo.java:updateAndGet(143)) - 6af5dfc0-d4d0-48db-9aa9-c45e51549e54: start FollowerState
2019-10-18 12:32:01,467 [67d877d9-ecd0-4b7d-838e-89aa2c4103c0@group-A09C527D8C6F-LeaderElection45] INFO  impl.LeaderElection (LeaderElection.java:logAndReturn(56)) - 67d877d9-ecd0-4b7d-838e-89aa2c4103c0@group-A09C527D8C6F-LeaderElection45: Election REJECTED; received 2 response(s) [67d877d9-ecd0-4b7d-838e-89aa2c4103c0<-c39ba312-e57f-4b8c-998e-32538a6d88da#0:FAIL-t44, 67d877d9-ecd0-4b7d-838e-89aa2c4103c0<-6af5dfc0-d4d0-48db-9aa9-c45e51549e54#0:FAIL-t44] and 0 exception(s); 67d877d9-ecd0-4b7d-838e-89aa2c4103c0@group-A09C527D8C6F:t44, leader=null, voted=67d877d9-ecd0-4b7d-838e-89aa2c4103c0, raftlog=67d877d9-ecd0-4b7d-838e-89aa2c4103c0@group-A09C527D8C6F-SegmentedRaftLog:OPENED:c-1,f-1,i0, conf=-1: [c39ba312-e57f-4b8c-998e-32538a6d88da:192.168.34.56:44039, 67d877d9-ecd0-4b7d-838e-89aa2c4103c0:192.168.34.56:33816, 6af5dfc0-d4d0-48db-9aa9-c45e51549e54:192.168.34.56:32981], old=null
2019-10-18 12:32:01,467 [67d877d9-ecd0-4b7d-838e-89aa2c4103c0@group-A09C527D8C6F-LeaderElection45] INFO  impl.RaftServerImpl (RaftServerImpl.java:setRole(184)) - 67d877d9-ecd0-4b7d-838e-89aa2c4103c0@group-A09C527D8C6F: changes role from CANDIDATE to FOLLOWER at term 44 for DISCOVERED_A_NEW_TERM
2019-10-18 12:32:01,467 [67d877d9-ecd0-4b7d-838e-89aa2c4103c0@group-A09C527D8C6F-LeaderElection45] INFO  impl.RoleInfo (RoleInfo.java:shutdownLeaderElection(134)) - 67d877d9-ecd0-4b7d-838e-89aa2c4103c0: shutdown LeaderElection
2019-10-18 12:32:01,467 [67d877d9-ecd0-4b7d-838e-89aa2c4103c0@group-A09C527D8C6F-LeaderElection45] INFO  impl.RoleInfo (RoleInfo.java:updateAndGet(143)) - 67d877d9-ecd0-4b7d-838e-89aa2c4103c0: start FollowerState
2019-10-18 12:32:01,553 [Thread-512] INFO  impl.FollowerState (FollowerState.java:run(108)) - 67d877d9-ecd0-4b7d-838e-89aa2c4103c0@group-A09C527D8C6F-FollowerState: change to CANDIDATE, lastRpcTime:85ms, electionTimeout:85ms
2019-10-18 12:32:01,553 [Thread-512] INFO  impl.RoleInfo (RoleInfo.java:shutdownFollowerState(121)) - 67d877d9-ecd0-4b7d-838e-89aa2c4103c0: shutdown FollowerState
2019-10-18 12:32:01,553 [Thread-512] INFO  impl.RaftServerImpl (RaftServerImpl.java:setRole(184)) - 67d877d9-ecd0-4b7d-838e-89aa2c4103c0@group-A09C527D8C6F: changes role from  FOLLOWER to CANDIDATE at term 44 for changeToCandidate
2019-10-18 12:32:01,554 [Thread-512] INFO  impl.RoleInfo (RoleInfo.java:updateAndGet(143)) - 67d877d9-ecd0-4b7d-838e-89aa2c4103c0: start LeaderElection
2019-10-18 12:32:01,593 [67d877d9-ecd0-4b7d-838e-89aa2c4103c0@group-A09C527D8C6F-LeaderElection46] INFO  impl.LeaderElection (LeaderElection.java:askForVotes(178)) - 67d877d9-ecd0-4b7d-838e-89aa2c4103c0@group-A09C527D8C6F-LeaderElection46: begin an election at term 45 for -1: [c39ba312-e57f-4b8c-998e-32538a6d88da:192.168.34.56:44039, 67d877d9-ecd0-4b7d-838e-89aa2c4103c0:192.168.34.56:33816, 6af5dfc0-d4d0-48db-9aa9-c45e51549e54:192.168.34.56:32981], old=null
2019-10-18 12:32:01,597 [grpc-default-executor-3] INFO  impl.RaftServerImpl (RaftServerImpl.java:setRole(184)) - 6af5dfc0-d4d0-48db-9aa9-c45e51549e54@group-A09C527D8C6F: changes role from  FOLLOWER to FOLLOWER at term 45 for recognizeCandidate:67d877d9-ecd0-4b7d-838e-89aa2c4103c0
2019-10-18 12:32:01,597 [grpc-default-executor-0] INFO  impl.RaftServerImpl (RaftServerImpl.java:setRole(184)) - c39ba312-e57f-4b8c-998e-32538a6d88da@group-A09C527D8C6F: changes role from  FOLLOWER to FOLLOWER at term 45 for recognizeCandidate:67d877d9-ecd0-4b7d-838e-89aa2c4103c0
2019-10-18 12:32:01,597 [grpc-default-executor-3] INFO  impl.RoleInfo (RoleInfo.java:shutdownFollowerState(121)) - 6af5dfc0-d4d0-48db-9aa9-c45e51549e54: shutdown FollowerState
2019-10-18 12:32:01,597 [grpc-default-executor-0] INFO  impl.RoleInfo (RoleInfo.java:shutdownFollowerState(121)) - c39ba312-e57f-4b8c-998e-32538a6d88da: shutdown FollowerState
2019-10-18 12:32:01,598 [Thread-511] INFO  impl.FollowerState (FollowerState.java:run(117)) - 6af5dfc0-d4d0-48db-9aa9-c45e51549e54@group-A09C527D8C6F-FollowerState was interrupted: java.lang.InterruptedException: sleep interrupted
2019-10-18 12:32:01,598 [grpc-default-executor-3] INFO  impl.RoleInfo (RoleInfo.java:updateAndGet(143)) - 6af5dfc0-d4d0-48db-9aa9-c45e51549e54: start FollowerState
2019-10-18 12:32:01,598 [grpc-default-executor-0] INFO  impl.RoleInfo (RoleInfo.java:updateAndGet(143)) - c39ba312-e57f-4b8c-998e-32538a6d88da: start FollowerState
2019-10-18 12:32:01,598 [Thread-510] INFO  impl.FollowerState (FollowerState.java:run(117)) - c39ba312-e57f-4b8c-998e-32538a6d88da@group-A09C527D8C6F-FollowerState was interrupted: java.lang.InterruptedException: sleep interrupted
2019-10-18 12:32:01,614 [67d877d9-ecd0-4b7d-838e-89aa2c4103c0@group-A09C527D8C6F-LeaderElection46] INFO  impl.LeaderElection (LeaderElection.java:logAndReturn(56)) - 67d877d9-ecd0-4b7d-838e-89aa2c4103c0@group-A09C527D8C6F-LeaderElection46: Election TIMEOUT; received 0 response(s) [] and 0 exception(s); 67d877d9-ecd0-4b7d-838e-89aa2c4103c0@group-A09C527D8C6F:t45, leader=null, voted=67d877d9-ecd0-4b7d-838e-89aa2c4103c0, raftlog=67d877d9-ecd0-4b7d-838e-89aa2c4103c0@group-A09C527D8C6F-SegmentedRaftLog:OPENED:c-1,f-1,i0, conf=-1: [c39ba312-e57f-4b8c-998e-32538a6d88da:192.168.34.56:44039, 67d877d9-ecd0-4b7d-838e-89aa2c4103c0:192.168.34.56:33816, 6af5dfc0-d4d0-48db-9aa9-c45e51549e54:192.168.34.56:32981], old=null
2019-10-18 12:32:01,644 [67d877d9-ecd0-4b7d-838e-89aa2c4103c0@group-A09C527D8C6F-LeaderElection46] INFO  impl.LeaderElection (LeaderElection.java:askForVotes(178)) - 67d877d9-ecd0-4b7d-838e-89aa2c4103c0@group-A09C527D8C6F-LeaderElection46: begin an election at term 46 for -1: [c39ba312-e57f-4b8c-998e-32538a6d88da:192.168.34.56:44039, 67d877d9-ecd0-4b7d-838e-89aa2c4103c0:192.168.34.56:33816, 6af5dfc0-d4d0-48db-9aa9-c45e51549e54:192.168.34.56:32981], old=null
2019-10-18 12:32:01,647 [grpc-default-executor-3] INFO  impl.RaftServerImpl (RaftServerImpl.java:setRole(184)) - c39ba312-e57f-4b8c-998e-32538a6d88da@group-A09C527D8C6F: changes role from  FOLLOWER to FOLLOWER at term 46 for recognizeCandidate:67d877d9-ecd0-4b7d-838e-89aa2c4103c0
2019-10-18 12:32:01,647 [grpc-default-executor-3] INFO  impl.RoleInfo (RoleInfo.java:shutdownFollowerState(121)) - c39ba312-e57f-4b8c-998e-32538a6d88da: shutdown FollowerState
2019-10-18 12:32:01,648 [grpc-default-executor-3] INFO  impl.RoleInfo (RoleInfo.java:updateAndGet(143)) - c39ba312-e57f-4b8c-998e-32538a6d88da: start FollowerState
2019-10-18 12:32:01,648 [Thread-517] INFO  impl.FollowerState (FollowerState.java:run(117)) - c39ba312-e57f-4b8c-998e-32538a6d88da@group-A09C527D8C6F-FollowerState was interrupted: java.lang.InterruptedException: sleep interrupted
2019-10-18 12:32:01,648 [grpc-default-executor-0] INFO  impl.RaftServerImpl (RaftServerImpl.java:setRole(184)) - 6af5dfc0-d4d0-48db-9aa9-c45e51549e54@group-A09C527D8C6F: changes role from  FOLLOWER to FOLLOWER at term 46 for recognizeCandidate:67d877d9-ecd0-4b7d-838e-89aa2c4103c0
2019-10-18 12:32:01,648 [grpc-default-executor-0] INFO  impl.RoleInfo (RoleInfo.java:shutdownFollowerState(121)) - 6af5dfc0-d4d0-48db-9aa9-c45e51549e54: shutdown FollowerState
2019-10-18 12:32:01,648 [grpc-default-executor-0] INFO  impl.RoleInfo (RoleInfo.java:updateAndGet(143)) - 6af5dfc0-d4d0-48db-9aa9-c45e51549e54: start FollowerState
2019-10-18 12:32:01,648 [Thread-516] INFO  impl.FollowerState (FollowerState.java:run(117)) - 6af5dfc0-d4d0-48db-9aa9-c45e51549e54@group-A09C527D8C6F-FollowerState was interrupted: java.lang.InterruptedException: sleep interrupted
2019-10-18 12:32:01,663 [67d877d9-ecd0-4b7d-838e-89aa2c4103c0@group-A09C527D8C6F-LeaderElection46] INFO  impl.LeaderElection (LeaderElection.java:logAndReturn(56)) - 67d877d9-ecd0-4b7d-838e-89aa2c4103c0@group-A09C527D8C6F-LeaderElection46: Election REJECTED; received 2 response(s) [67d877d9-ecd0-4b7d-838e-89aa2c4103c0<-c39ba312-e57f-4b8c-998e-32538a6d88da#0:FAIL-t46, 67d877d9-ecd0-4b7d-838e-89aa2c4103c0<-6af5dfc0-d4d0-48db-9aa9-c45e51549e54#0:FAIL-t46] and 0 exception(s); 67d877d9-ecd0-4b7d-838e-89aa2c4103c0@group-A09C527D8C6F:t46, leader=null, voted=67d877d9-ecd0-4b7d-838e-89aa2c4103c0, raftlog=67d877d9-ecd0-4b7d-838e-89aa2c4103c0@group-A09C527D8C6F-SegmentedRaftLog:OPENED:c-1,f-1,i0, conf=-1: [c39ba312-e57f-4b8c-998e-32538a6d88da:192.168.34.56:44039, 67d877d9-ecd0-4b7d-838e-89aa2c4103c0:192.168.34.56:33816, 6af5dfc0-d4d0-48db-9aa9-c45e51549e54:192.168.34.56:32981], old=null
2019-10-18 12:32:01,664 [67d877d9-ecd0-4b7d-838e-89aa2c4103c0@group-A09C527D8C6F-LeaderElection46] INFO  impl.RaftServerImpl (RaftServerImpl.java:setRole(184)) - 67d877d9-ecd0-4b7d-838e-89aa2c4103c0@group-A09C527D8C6F: changes role from CANDIDATE to FOLLOWER at term 46 for DISCOVERED_A_NEW_TERM
2019-10-18 12:32:01,664 [67d877d9-ecd0-4b7d-838e-89aa2c4103c0@group-A09C527D8C6F-LeaderElection46] INFO  impl.RoleInfo (RoleInfo.java:shutdownLeaderElection(134)) - 67d877d9-ecd0-4b7d-838e-89aa2c4103c0: shutdown LeaderElection
2019-10-18 12:32:01,664 [67d877d9-ecd0-4b7d-838e-89aa2c4103c0@group-A09C527D8C6F-LeaderElection46] INFO  impl.RoleInfo (RoleInfo.java:updateAndGet(143)) - 67d877d9-ecd0-4b7d-838e-89aa2c4103c0: start FollowerState
2019-10-18 12:32:01,674 [Thread-522] INFO  impl.FollowerState (FollowerState.java:run(108)) - 67d877d9-ecd0-4b7d-838e-89aa2c4103c0@group-A09C527D8C6F-FollowerState: change to CANDIDATE, lastRpcTime:9ms, electionTimeout:9ms
2019-10-18 12:32:01,674 [Thread-522] INFO  impl.RoleInfo (RoleInfo.java:shutdownFollowerState(121)) - 67d877d9-ecd0-4b7d-838e-89aa2c4103c0: shutdown FollowerState
2019-10-18 12:32:01,674 [Thread-522] INFO  impl.RaftServerImpl (RaftServerImpl.java:setRole(184)) - 67d877d9-ecd0-4b7d-838e-89aa2c4103c0@group-A09C527D8C6F: changes role from  FOLLOWER to CANDIDATE at term 46 for changeToCandidate
2019-10-18 12:32:01,674 [Thread-522] INFO  impl.RoleInfo (RoleInfo.java:updateAndGet(143)) - 67d877d9-ecd0-4b7d-838e-89aa2c4103c0: start LeaderElection
2019-10-18 12:32:01,704 [67d877d9-ecd0-4b7d-838e-89aa2c4103c0@group-A09C527D8C6F-LeaderElection47] INFO  impl.LeaderElection (LeaderElection.java:askForVotes(178)) - 67d877d9-ecd0-4b7d-838e-89aa2c4103c0@group-A09C527D8C6F-LeaderElection47: begin an election at term 47 for -1: [c39ba312-e57f-4b8c-998e-32538a6d88da:192.168.34.56:44039, 67d877d9-ecd0-4b7d-838e-89aa2c4103c0:192.168.34.56:33816, 6af5dfc0-d4d0-48db-9aa9-c45e51549e54:192.168.34.56:32981], old=null
2019-10-18 12:32:01,707 [grpc-default-executor-0] INFO  impl.RaftServerImpl (RaftServerImpl.java:setRole(184)) - c39ba312-e57f-4b8c-998e-32538a6d88da@group-A09C527D8C6F: changes role from  FOLLOWER to FOLLOWER at term 47 for recognizeCandidate:67d877d9-ecd0-4b7d-838e-89aa2c4103c0
2019-10-18 12:32:01,707 [grpc-default-executor-3] INFO  impl.RaftServerImpl (RaftServerImpl.java:setRole(184)) - 6af5dfc0-d4d0-48db-9aa9-c45e51549e54@group-A09C527D8C6F: changes role from  FOLLOWER to FOLLOWER at term 47 for recognizeCandidate:67d877d9-ecd0-4b7d-838e-89aa2c4103c0
2019-10-18 12:32:01,708 [grpc-default-executor-0] INFO  impl.RoleInfo (RoleInfo.java:shutdownFollowerState(121)) - c39ba312-e57f-4b8c-998e-32538a6d88da: shutdown FollowerState
2019-10-18 12:32:01,708 [grpc-default-executor-3] INFO  impl.RoleInfo (RoleInfo.java:shutdownFollowerState(121)) - 6af5dfc0-d4d0-48db-9aa9-c45e51549e54: shutdown FollowerState
2019-10-18 12:32:01,708 [Thread-520] INFO  impl.FollowerState (FollowerState.java:run(117)) - c39ba312-e57f-4b8c-998e-32538a6d88da@group-A09C527D8C6F-FollowerState was interrupted: java.lang.InterruptedException: sleep interrupted
2019-10-18 12:32:01,708 [Thread-521] INFO  impl.FollowerState (FollowerState.java:run(117)) - 6af5dfc0-d4d0-48db-9aa9-c45e51549e54@group-A09C527D8C6F-FollowerState was interrupted: java.lang.InterruptedException: sleep interrupted
2019-10-18 12:32:01,708 [grpc-default-executor-0] INFO  impl.RoleInfo (RoleInfo.java:updateAndGet(143)) - c39ba312-e57f-4b8c-998e-32538a6d88da: start FollowerState
2019-10-18 12:32:01,708 [grpc-default-executor-3] INFO  impl.RoleInfo (RoleInfo.java:updateAndGet(143)) - 6af5dfc0-d4d0-48db-9aa9-c45e51549e54: start FollowerState
2019-10-18 12:32:01,740 [67d877d9-ecd0-4b7d-838e-89aa2c4103c0@group-A09C527D8C6F-LeaderElection47] INFO  impl.LeaderElection (LeaderElection.java:logAndReturn(56)) - 67d877d9-ecd0-4b7d-838e-89aa2c4103c0@group-A09C527D8C6F-LeaderElection47: Election REJECTED; received 2 response(s) [67d877d9-ecd0-4b7d-838e-89aa2c4103c0<-c39ba312-e57f-4b8c-998e-32538a6d88da#0:FAIL-t47, 67d877d9-ecd0-4b7d-838e-89aa2c4103c0<-6af5dfc0-d4d0-48db-9aa9-c45e51549e54#0:FAIL-t47] and 0 exception(s); 67d877d9-ecd0-4b7d-838e-89aa2c4103c0@group-A09C527D8C6F:t47, leader=null, voted=67d877d9-ecd0-4b7d-838e-89aa2c4103c0, raftlog=67d877d9-ecd0-4b7d-838e-89aa2c4103c0@group-A09C527D8C6F-SegmentedRaftLog:OPENED:c-1,f-1,i0, conf=-1: [c39ba312-e57f-4b8c-998e-32538a6d88da:192.168.34.56:44039, 67d877d9-ecd0-4b7d-838e-89aa2c4103c0:192.168.34.56:33816, 6af5dfc0-d4d0-48db-9aa9-c45e51549e54:192.168.34.56:32981], old=null
2019-10-18 12:32:01,740 [67d877d9-ecd0-4b7d-838e-89aa2c4103c0@group-A09C527D8C6F-LeaderElection47] INFO  impl.RaftServerImpl (RaftServerImpl.java:setRole(184)) - 67d877d9-ecd0-4b7d-838e-89aa2c4103c0@group-A09C527D8C6F: changes role from CANDIDATE to FOLLOWER at term 47 for DISCOVERED_A_NEW_TERM
2019-10-18 12:32:01,740 [67d877d9-ecd0-4b7d-838e-89aa2c4103c0@group-A09C527D8C6F-LeaderElection47] INFO  impl.RoleInfo (RoleInfo.java:shutdownLeaderElection(134)) - 67d877d9-ecd0-4b7d-838e-89aa2c4103c0: shutdown LeaderElection
2019-10-18 12:32:01,741 [67d877d9-ecd0-4b7d-838e-89aa2c4103c0@group-A09C527D8C6F-LeaderElection47] INFO  impl.RoleInfo (RoleInfo.java:updateAndGet(143)) - 67d877d9-ecd0-4b7d-838e-89aa2c4103c0: start FollowerState
2019-10-18 12:32:01,927 [Thread-528] INFO  impl.FollowerState (FollowerState.java:run(108)) - 67d877d9-ecd0-4b7d-838e-89aa2c4103c0@group-A09C527D8C6F-FollowerState: change to CANDIDATE, lastRpcTime:186ms, electionTimeout:186ms
2019-10-18 12:32:01,927 [Thread-528] INFO  impl.RoleInfo (RoleInfo.java:shutdownFollowerState(121)) - 67d877d9-ecd0-4b7d-838e-89aa2c4103c0: shutdown FollowerState
2019-10-18 12:32:01,928 [Thread-528] INFO  impl.RaftServerImpl (RaftServerImpl.java:setRole(184)) - 67d877d9-ecd0-4b7d-838e-89aa2c4103c0@group-A09C527D8C6F: changes role from  FOLLOWER to CANDIDATE at term 47 for changeToCandidate
2019-10-18 12:32:01,928 [Thread-528] INFO  impl.RoleInfo (RoleInfo.java:updateAndGet(143)) - 67d877d9-ecd0-4b7d-838e-89aa2c4103c0: start LeaderElection
2019-10-18 12:32:01,963 [67d877d9-ecd0-4b7d-838e-89aa2c4103c0@group-A09C527D8C6F-LeaderElection48] INFO  impl.LeaderElection (LeaderElection.java:askForVotes(178)) - 67d877d9-ecd0-4b7d-838e-89aa2c4103c0@group-A09C527D8C6F-LeaderElection48: begin an election at term 48 for -1: [c39ba312-e57f-4b8c-998e-32538a6d88da:192.168.34.56:44039, 67d877d9-ecd0-4b7d-838e-89aa2c4103c0:192.168.34.56:33816, 6af5dfc0-d4d0-48db-9aa9-c45e51549e54:192.168.34.56:32981], old=null
2019-10-18 12:32:01,967 [grpc-default-executor-3] INFO  impl.RaftServerImpl (RaftServerImpl.java:setRole(184)) - c39ba312-e57f-4b8c-998e-32538a6d88da@group-A09C527D8C6F: changes role from  FOLLOWER to FOLLOWER at term 48 for recognizeCandidate:67d877d9-ecd0-4b7d-838e-89aa2c4103c0
2019-10-18 12:32:01,967 [grpc-default-executor-0] INFO  impl.RaftServerImpl (RaftServerImpl.java:setRole(184)) - 6af5dfc0-d4d0-48db-9aa9-c45e51549e54@group-A09C527D8C6F: changes role from  FOLLOWER to FOLLOWER at term 48 for recognizeCandidate:67d877d9-ecd0-4b7d-838e-89aa2c4103c0
2019-10-18 12:32:01,967 [grpc-default-executor-3] INFO  impl.RoleInfo (RoleInfo.java:shutdownFollowerState(121)) - c39ba312-e57f-4b8c-998e-32538a6d88da: shutdown FollowerState
2019-10-18 12:32:01,967 [grpc-default-executor-0] INFO  impl.RoleInfo (RoleInfo.java:shutdownFollowerState(121)) - 6af5dfc0-d4d0-48db-9aa9-c45e51549e54: shutdown FollowerState
2019-10-18 12:32:01,968 [grpc-default-executor-3] INFO  impl.RoleInfo (RoleInfo.java:updateAndGet(143)) - c39ba312-e57f-4b8c-998e-32538a6d88da: start FollowerState
2019-10-18 12:32:01,968 [Thread-526] INFO  impl.FollowerState (FollowerState.java:run(117)) - c39ba312-e57f-4b8c-998e-32538a6d88da@group-A09C527D8C6F-FollowerState was interrupted: java.lang.InterruptedException: sleep interrupted
2019-10-18 12:32:01,968 [Thread-527] INFO  impl.FollowerState (FollowerState.java:run(117)) - 6af5dfc0-d4d0-48db-9aa9-c45e51549e54@group-A09C527D8C6F-FollowerState was interrupted: java.lang.InterruptedException: sleep interrupted
2019-10-18 12:32:01,968 [grpc-default-executor-0] INFO  impl.RoleInfo (RoleInfo.java:updateAndGet(143)) - 6af5dfc0-d4d0-48db-9aa9-c45e51549e54: start FollowerState
2019-10-18 12:32:01,999 [67d877d9-ecd0-4b7d-838e-89aa2c4103c0@group-A09C527D8C6F-LeaderElection48] INFO  impl.LeaderElection (LeaderElection.java:logAndReturn(56)) - 67d877d9-ecd0-4b7d-838e-89aa2c4103c0@group-A09C527D8C6F-LeaderElection48: Election REJECTED; received 2 response(s) [67d877d9-ecd0-4b7d-838e-89aa2c4103c0<-c39ba312-e57f-4b8c-998e-32538a6d88da#0:FAIL-t48, 67d877d9-ecd0-4b7d-838e-89aa2c4103c0<-6af5dfc0-d4d0-48db-9aa9-c45e51549e54#0:FAIL-t48] and 0 exception(s); 67d877d9-ecd0-4b7d-838e-89aa2c4103c0@group-A09C527D8C6F:t48, leader=null, voted=67d877d9-ecd0-4b7d-838e-89aa2c4103c0, raftlog=67d877d9-ecd0-4b7d-838e-89aa2c4103c0@group-A09C527D8C6F-SegmentedRaftLog:OPENED:c-1,f-1,i0, conf=-1: [c39ba312-e57f-4b8c-998e-32538a6d88da:192.168.34.56:44039, 67d877d9-ecd0-4b7d-838e-89aa2c4103c0:192.168.34.56:33816, 6af5dfc0-d4d0-48db-9aa9-c45e51549e54:192.168.34.56:32981], old=null
2019-10-18 12:32:01,999 [67d877d9-ecd0-4b7d-838e-89aa2c4103c0@group-A09C527D8C6F-LeaderElection48] INFO  impl.RaftServerImpl (RaftServerImpl.java:setRole(184)) - 67d877d9-ecd0-4b7d-838e-89aa2c4103c0@group-A09C527D8C6F: changes role from CANDIDATE to FOLLOWER at term 48 for DISCOVERED_A_NEW_TERM
2019-10-18 12:32:01,999 [67d877d9-ecd0-4b7d-838e-89aa2c4103c0@group-A09C527D8C6F-LeaderElection48] INFO  impl.RoleInfo (RoleInfo.java:shutdownLeaderElection(134)) - 67d877d9-ecd0-4b7d-838e-89aa2c4103c0: shutdown LeaderElection
2019-10-18 12:32:01,999 [67d877d9-ecd0-4b7d-838e-89aa2c4103c0@group-A09C527D8C6F-LeaderElection48] INFO  impl.RoleInfo (RoleInfo.java:updateAndGet(143)) - 67d877d9-ecd0-4b7d-838e-89aa2c4103c0: start FollowerState
2019-10-18 12:32:02,095 [Thread-534] INFO  impl.FollowerState (FollowerState.java:run(108)) - 67d877d9-ecd0-4b7d-838e-89aa2c4103c0@group-A09C527D8C6F-FollowerState: change to CANDIDATE, lastRpcTime:95ms, electionTimeout:95ms
2019-10-18 12:32:02,095 [Thread-534] INFO  impl.RoleInfo (RoleInfo.java:shutdownFollowerState(121)) - 67d877d9-ecd0-4b7d-838e-89aa2c4103c0: shutdown FollowerState
2019-10-18 12:32:02,095 [Thread-534] INFO  impl.RaftServerImpl (RaftServerImpl.java:setRole(184)) - 67d877d9-ecd0-4b7d-838e-89aa2c4103c0@group-A09C527D8C6F: changes role from  FOLLOWER to CANDIDATE at term 48 for changeToCandidate
2019-10-18 12:32:02,096 [Thread-534] INFO  impl.RoleInfo (RoleInfo.java:updateAndGet(143)) - 67d877d9-ecd0-4b7d-838e-89aa2c4103c0: start LeaderElection
2019-10-18 12:32:02,122 [67d877d9-ecd0-4b7d-838e-89aa2c4103c0@group-A09C527D8C6F-LeaderElection49] INFO  impl.LeaderElection (LeaderElection.java:askForVotes(178)) - 67d877d9-ecd0-4b7d-838e-89aa2c4103c0@group-A09C527D8C6F-LeaderElection49: begin an election at term 49 for -1: [c39ba312-e57f-4b8c-998e-32538a6d88da:192.168.34.56:44039, 67d877d9-ecd0-4b7d-838e-89aa2c4103c0:192.168.34.56:33816, 6af5dfc0-d4d0-48db-9aa9-c45e51549e54:192.168.34.56:32981], old=null
2019-10-18 12:32:02,126 [grpc-default-executor-3] INFO  impl.RaftServerImpl (RaftServerImpl.java:setRole(184)) - 6af5dfc0-d4d0-48db-9aa9-c45e51549e54@group-A09C527D8C6F: changes role from  FOLLOWER to FOLLOWER at term 49 for recognizeCandidate:67d877d9-ecd0-4b7d-838e-89aa2c4103c0
2019-10-18 12:32:02,126 [grpc-default-executor-0] INFO  impl.RaftServerImpl (RaftServerImpl.java:setRole(184)) - c39ba312-e57f-4b8c-998e-32538a6d88da@group-A09C527D8C6F: changes role from  FOLLOWER to FOLLOWER at term 49 for recognizeCandidate:67d877d9-ecd0-4b7d-838e-89aa2c4103c0
2019-10-18 12:32:02,127 [grpc-default-executor-3] INFO  impl.RoleInfo (RoleInfo.java:shutdownFollowerState(121)) - 6af5dfc0-d4d0-48db-9aa9-c45e51549e54: shutdown FollowerState
2019-10-18 12:32:02,127 [grpc-default-executor-0] INFO  impl.RoleInfo (RoleInfo.java:shutdownFollowerState(121)) - c39ba312-e57f-4b8c-998e-32538a6d88da: shutdown FollowerState
2019-10-18 12:32:02,127 [grpc-default-executor-3] INFO  impl.RoleInfo (RoleInfo.java:updateAndGet(143)) - 6af5dfc0-d4d0-48db-9aa9-c45e51549e54: start FollowerState
2019-10-18 12:32:02,127 [Thread-533] INFO  impl.FollowerState (FollowerState.java:run(117)) - 6af5dfc0-d4d0-48db-9aa9-c45e51549e54@group-A09C527D8C6F-FollowerState was interrupted: java.lang.InterruptedException: sleep interrupted
2019-10-18 12:32:02,127 [Thread-532] INFO  impl.FollowerState (FollowerState.java:run(117)) - c39ba312-e57f-4b8c-998e-32538a6d88da@group-A09C527D8C6F-FollowerState was interrupted: java.lang.InterruptedException: sleep interrupted
2019-10-18 12:32:02,127 [grpc-default-executor-0] INFO  impl.RoleInfo (RoleInfo.java:updateAndGet(143)) - c39ba312-e57f-4b8c-998e-32538a6d88da: start FollowerState
2019-10-18 12:32:02,149 [67d877d9-ecd0-4b7d-838e-89aa2c4103c0@group-A09C527D8C6F-LeaderElection49] INFO  impl.LeaderElection (LeaderElection.java:logAndReturn(56)) - 67d877d9-ecd0-4b7d-838e-89aa2c4103c0@group-A09C527D8C6F-LeaderElection49: Election REJECTED; received 2 response(s) [67d877d9-ecd0-4b7d-838e-89aa2c4103c0<-c39ba312-e57f-4b8c-998e-32538a6d88da#0:FAIL-t49, 67d877d9-ecd0-4b7d-838e-89aa2c4103c0<-6af5dfc0-d4d0-48db-9aa9-c45e51549e54#0:FAIL-t49] and 0 exception(s); 67d877d9-ecd0-4b7d-838e-89aa2c4103c0@group-A09C527D8C6F:t49, leader=null, voted=67d877d9-ecd0-4b7d-838e-89aa2c4103c0, raftlog=67d877d9-ecd0-4b7d-838e-89aa2c4103c0@group-A09C527D8C6F-SegmentedRaftLog:OPENED:c-1,f-1,i0, conf=-1: [c39ba312-e57f-4b8c-998e-32538a6d88da:192.168.34.56:44039, 67d877d9-ecd0-4b7d-838e-89aa2c4103c0:192.168.34.56:33816, 6af5dfc0-d4d0-48db-9aa9-c45e51549e54:192.168.34.56:32981], old=null
2019-10-18 12:32:02,150 [67d877d9-ecd0-4b7d-838e-89aa2c4103c0@group-A09C527D8C6F-LeaderElection49] INFO  impl.RaftServerImpl (RaftServerImpl.java:setRole(184)) - 67d877d9-ecd0-4b7d-838e-89aa2c4103c0@group-A09C527D8C6F: changes role from CANDIDATE to FOLLOWER at term 49 for DISCOVERED_A_NEW_TERM
2019-10-18 12:32:02,150 [67d877d9-ecd0-4b7d-838e-89aa2c4103c0@group-A09C527D8C6F-LeaderElection49] INFO  impl.RoleInfo (RoleInfo.java:shutdownLeaderElection(134)) - 67d877d9-ecd0-4b7d-838e-89aa2c4103c0: shutdown LeaderElection
2019-10-18 12:32:02,150 [67d877d9-ecd0-4b7d-838e-89aa2c4103c0@group-A09C527D8C6F-LeaderElection49] INFO  impl.RoleInfo (RoleInfo.java:updateAndGet(143)) - 67d877d9-ecd0-4b7d-838e-89aa2c4103c0: start FollowerState
2019-10-18 12:32:02,306 [Thread-540] INFO  impl.FollowerState (FollowerState.java:run(108)) - 67d877d9-ecd0-4b7d-838e-89aa2c4103c0@group-A09C527D8C6F-FollowerState: change to CANDIDATE, lastRpcTime:155ms, electionTimeout:155ms
2019-10-18 12:32:02,306 [Thread-540] INFO  impl.RoleInfo (RoleInfo.java:shutdownFollowerState(121)) - 67d877d9-ecd0-4b7d-838e-89aa2c4103c0: shutdown FollowerState
2019-10-18 12:32:02,306 [Thread-540] INFO  impl.RaftServerImpl (RaftServerImpl.java:setRole(184)) - 67d877d9-ecd0-4b7d-838e-89aa2c4103c0@group-A09C527D8C6F: changes role from  FOLLOWER to CANDIDATE at term 49 for changeToCandidate
2019-10-18 12:32:02,306 [Thread-540] INFO  impl.RoleInfo (RoleInfo.java:updateAndGet(143)) - 67d877d9-ecd0-4b7d-838e-89aa2c4103c0: start LeaderElection
2019-10-18 12:32:02,332 [67d877d9-ecd0-4b7d-838e-89aa2c4103c0@group-A09C527D8C6F-LeaderElection50] INFO  impl.LeaderElection (LeaderElection.java:askForVotes(178)) - 67d877d9-ecd0-4b7d-838e-89aa2c4103c0@group-A09C527D8C6F-LeaderElection50: begin an election at term 50 for -1: [c39ba312-e57f-4b8c-998e-32538a6d88da:192.168.34.56:44039, 67d877d9-ecd0-4b7d-838e-89aa2c4103c0:192.168.34.56:33816, 6af5dfc0-d4d0-48db-9aa9-c45e51549e54:192.168.34.56:32981], old=null
2019-10-18 12:32:02,334 [67d877d9-ecd0-4b7d-838e-89aa2c4103c0@group-A09C527D8C6F-LeaderElection50] INFO  impl.LeaderElection (LeaderElection.java:logAndReturn(56)) - 67d877d9-ecd0-4b7d-838e-89aa2c4103c0@group-A09C527D8C6F-LeaderElection50: Election TIMEOUT; received 0 response(s) [] and 0 exception(s); 67d877d9-ecd0-4b7d-838e-89aa2c4103c0@group-A09C527D8C6F:t50, leader=null, voted=67d877d9-ecd0-4b7d-838e-89aa2c4103c0, raftlog=67d877d9-ecd0-4b7d-838e-89aa2c4103c0@group-A09C527D8C6F-SegmentedRaftLog:OPENED:c-1,f-1,i0, conf=-1: [c39ba312-e57f-4b8c-998e-32538a6d88da:192.168.34.56:44039, 67d877d9-ecd0-4b7d-838e-89aa2c4103c0:192.168.34.56:33816, 6af5dfc0-d4d0-48db-9aa9-c45e51549e54:192.168.34.56:32981], old=null
2019-10-18 12:32:02,335 [grpc-default-executor-0] INFO  impl.RaftServerImpl (RaftServerImpl.java:setRole(184)) - c39ba312-e57f-4b8c-998e-32538a6d88da@group-A09C527D8C6F: changes role from  FOLLOWER to FOLLOWER at term 50 for recognizeCandidate:67d877d9-ecd0-4b7d-838e-89aa2c4103c0
2019-10-18 12:32:02,335 [grpc-default-executor-0] INFO  impl.RoleInfo (RoleInfo.java:shutdownFollowerState(121)) - c39ba312-e57f-4b8c-998e-32538a6d88da: shutdown FollowerState
2019-10-18 12:32:02,335 [grpc-default-executor-3] INFO  impl.RaftServerImpl (RaftServerImpl.java:setRole(184)) - 6af5dfc0-d4d0-48db-9aa9-c45e51549e54@group-A09C527D8C6F: changes role from  FOLLOWER to FOLLOWER at term 50 for recognizeCandidate:67d877d9-ecd0-4b7d-838e-89aa2c4103c0
2019-10-18 12:32:02,336 [Thread-539] INFO  impl.FollowerState (FollowerState.java:run(117)) - c39ba312-e57f-4b8c-998e-32538a6d88da@group-A09C527D8C6F-FollowerState was interrupted: java.lang.InterruptedException: sleep interrupted
2019-10-18 12:32:02,336 [grpc-default-executor-0] INFO  impl.RoleInfo (RoleInfo.java:updateAndGet(143)) - c39ba312-e57f-4b8c-998e-32538a6d88da: start FollowerState
2019-10-18 12:32:02,336 [grpc-default-executor-3] INFO  impl.RoleInfo (RoleInfo.java:shutdownFollowerState(121)) - 6af5dfc0-d4d0-48db-9aa9-c45e51549e54: shutdown FollowerState
2019-10-18 12:32:02,336 [grpc-default-executor-3] INFO  impl.RoleInfo (RoleInfo.java:updateAndGet(143)) - 6af5dfc0-d4d0-48db-9aa9-c45e51549e54: start FollowerState
2019-10-18 12:32:02,336 [Thread-538] INFO  impl.FollowerState (FollowerState.java:run(117)) - 6af5dfc0-d4d0-48db-9aa9-c45e51549e54@group-A09C527D8C6F-FollowerState was interrupted: java.lang.InterruptedException: sleep interrupted
2019-10-18 12:32:02,357 [67d877d9-ecd0-4b7d-838e-89aa2c4103c0@group-A09C527D8C6F-LeaderElection50] INFO  impl.LeaderElection (LeaderElection.java:askForVotes(178)) - 67d877d9-ecd0-4b7d-838e-89aa2c4103c0@group-A09C527D8C6F-LeaderElection50: begin an election at term 51 for -1: [c39ba312-e57f-4b8c-998e-32538a6d88da:192.168.34.56:44039, 67d877d9-ecd0-4b7d-838e-89aa2c4103c0:192.168.34.56:33816, 6af5dfc0-d4d0-48db-9aa9-c45e51549e54:192.168.34.56:32981], old=null
2019-10-18 12:32:02,360 [grpc-default-executor-3] INFO  impl.RaftServerImpl (RaftServerImpl.java:setRole(184)) - c39ba312-e57f-4b8c-998e-32538a6d88da@group-A09C527D8C6F: changes role from  FOLLOWER to FOLLOWER at term 51 for recognizeCandidate:67d877d9-ecd0-4b7d-838e-89aa2c4103c0
2019-10-18 12:32:02,360 [grpc-default-executor-0] INFO  impl.RaftServerImpl (RaftServerImpl.java:setRole(184)) - 6af5dfc0-d4d0-48db-9aa9-c45e51549e54@group-A09C527D8C6F: changes role from  FOLLOWER to FOLLOWER at term 51 for recognizeCandidate:67d877d9-ecd0-4b7d-838e-89aa2c4103c0
2019-10-18 12:32:02,360 [grpc-default-executor-3] INFO  impl.RoleInfo (RoleInfo.java:shutdownFollowerState(121)) - c39ba312-e57f-4b8c-998e-32538a6d88da: shutdown FollowerState
2019-10-18 12:32:02,360 [grpc-default-executor-0] INFO  impl.RoleInfo (RoleInfo.java:shutdownFollowerState(121)) - 6af5dfc0-d4d0-48db-9aa9-c45e51549e54: shutdown FollowerState
2019-10-18 12:32:02,360 [Thread-546] INFO  impl.FollowerState (FollowerState.java:run(117)) - c39ba312-e57f-4b8c-998e-32538a6d88da@group-A09C527D8C6F-FollowerState was interrupted: java.lang.InterruptedException: sleep interrupted
2019-10-18 12:32:02,360 [grpc-default-executor-3] INFO  impl.RoleInfo (RoleInfo.java:updateAndGet(143)) - c39ba312-e57f-4b8c-998e-32538a6d88da: start FollowerState
2019-10-18 12:32:02,360 [Thread-547] INFO  impl.FollowerState (FollowerState.java:run(117)) - 6af5dfc0-d4d0-48db-9aa9-c45e51549e54@group-A09C527D8C6F-FollowerState was interrupted: java.lang.InterruptedException: sleep interrupted
2019-10-18 12:32:02,360 [grpc-default-executor-0] INFO  impl.RoleInfo (RoleInfo.java:updateAndGet(143)) - 6af5dfc0-d4d0-48db-9aa9-c45e51549e54: start FollowerState
2019-10-18 12:32:02,384 [67d877d9-ecd0-4b7d-838e-89aa2c4103c0@group-A09C527D8C6F-LeaderElection50] INFO  impl.LeaderElection (LeaderElection.java:logAndReturn(56)) - 67d877d9-ecd0-4b7d-838e-89aa2c4103c0@group-A09C527D8C6F-LeaderElection50: Election REJECTED; received 2 response(s) [67d877d9-ecd0-4b7d-838e-89aa2c4103c0<-c39ba312-e57f-4b8c-998e-32538a6d88da#0:FAIL-t51, 67d877d9-ecd0-4b7d-838e-89aa2c4103c0<-6af5dfc0-d4d0-48db-9aa9-c45e51549e54#0:FAIL-t51] and 0 exception(s); 67d877d9-ecd0-4b7d-838e-89aa2c4103c0@group-A09C527D8C6F:t51, leader=null, voted=67d877d9-ecd0-4b7d-838e-89aa2c4103c0, raftlog=67d877d9-ecd0-4b7d-838e-89aa2c4103c0@group-A09C527D8C6F-SegmentedRaftLog:OPENED:c-1,f-1,i0, conf=-1: [c39ba312-e57f-4b8c-998e-32538a6d88da:192.168.34.56:44039, 67d877d9-ecd0-4b7d-838e-89aa2c4103c0:192.168.34.56:33816, 6af5dfc0-d4d0-48db-9aa9-c45e51549e54:192.168.34.56:32981], old=null
2019-10-18 12:32:02,384 [67d877d9-ecd0-4b7d-838e-89aa2c4103c0@group-A09C527D8C6F-LeaderElection50] INFO  impl.RaftServerImpl (RaftServerImpl.java:setRole(184)) - 67d877d9-ecd0-4b7d-838e-89aa2c4103c0@group-A09C527D8C6F: changes role from CANDIDATE to FOLLOWER at term 51 for DISCOVERED_A_NEW_TERM
2019-10-18 12:32:02,385 [67d877d9-ecd0-4b7d-838e-89aa2c4103c0@group-A09C527D8C6F-LeaderElection50] INFO  impl.RoleInfo (RoleInfo.java:shutdownLeaderElection(134)) - 67d877d9-ecd0-4b7d-838e-89aa2c4103c0: shutdown LeaderElection
2019-10-18 12:32:02,385 [67d877d9-ecd0-4b7d-838e-89aa2c4103c0@group-A09C527D8C6F-LeaderElection50] INFO  impl.RoleInfo (RoleInfo.java:updateAndGet(143)) - 67d877d9-ecd0-4b7d-838e-89aa2c4103c0: start FollowerState
2019-10-18 12:32:02,483 [Thread-552] INFO  impl.FollowerState (FollowerState.java:run(108)) - 67d877d9-ecd0-4b7d-838e-89aa2c4103c0@group-A09C527D8C6F-FollowerState: change to CANDIDATE, lastRpcTime:98ms, electionTimeout:98ms
2019-10-18 12:32:02,484 [Thread-552] INFO  impl.RoleInfo (RoleInfo.java:shutdownFollowerState(121)) - 67d877d9-ecd0-4b7d-838e-89aa2c4103c0: shutdown FollowerState
2019-10-18 12:32:02,484 [Thread-552] INFO  impl.RaftServerImpl (RaftServerImpl.java:setRole(184)) - 67d877d9-ecd0-4b7d-838e-89aa2c4103c0@group-A09C527D8C6F: changes role from  FOLLOWER to CANDIDATE at term 51 for changeToCandidate
2019-10-18 12:32:02,484 [Thread-552] INFO  impl.RoleInfo (RoleInfo.java:updateAndGet(143)) - 67d877d9-ecd0-4b7d-838e-89aa2c4103c0: start LeaderElection
2019-10-18 12:32:02,508 [67d877d9-ecd0-4b7d-838e-89aa2c4103c0@group-A09C527D8C6F-LeaderElection51] INFO  impl.LeaderElection (LeaderElection.java:askForVotes(178)) - 67d877d9-ecd0-4b7d-838e-89aa2c4103c0@group-A09C527D8C6F-LeaderElection51: begin an election at term 52 for -1: [c39ba312-e57f-4b8c-998e-32538a6d88da:192.168.34.56:44039, 67d877d9-ecd0-4b7d-838e-89aa2c4103c0:192.168.34.56:33816, 6af5dfc0-d4d0-48db-9aa9-c45e51549e54:192.168.34.56:32981], old=null
2019-10-18 12:32:02,513 [grpc-default-executor-3] INFO  impl.RaftServerImpl (RaftServerImpl.java:setRole(184)) - 6af5dfc0-d4d0-48db-9aa9-c45e51549e54@group-A09C527D8C6F: changes role from  FOLLOWER to FOLLOWER at term 52 for recognizeCandidate:67d877d9-ecd0-4b7d-838e-89aa2c4103c0
2019-10-18 12:32:02,513 [grpc-default-executor-0] INFO  impl.RaftServerImpl (RaftServerImpl.java:setRole(184)) - c39ba312-e57f-4b8c-998e-32538a6d88da@group-A09C527D8C6F: changes role from  FOLLOWER to FOLLOWER at term 52 for recognizeCandidate:67d877d9-ecd0-4b7d-838e-89aa2c4103c0
2019-10-18 12:32:02,514 [grpc-default-executor-3] INFO  impl.RoleInfo (RoleInfo.java:shutdownFollowerState(121)) - 6af5dfc0-d4d0-48db-9aa9-c45e51549e54: shutdown FollowerState
2019-10-18 12:32:02,514 [grpc-default-executor-0] INFO  impl.RoleInfo (RoleInfo.java:shutdownFollowerState(121)) - c39ba312-e57f-4b8c-998e-32538a6d88da: shutdown FollowerState
2019-10-18 12:32:02,514 [Thread-551] INFO  impl.FollowerState (FollowerState.java:run(117)) - 6af5dfc0-d4d0-48db-9aa9-c45e51549e54@group-A09C527D8C6F-FollowerState was interrupted: java.lang.InterruptedException: sleep interrupted
2019-10-18 12:32:02,514 [grpc-default-executor-3] INFO  impl.RoleInfo (RoleInfo.java:updateAndGet(143)) - 6af5dfc0-d4d0-48db-9aa9-c45e51549e54: start FollowerState
2019-10-18 12:32:02,514 [grpc-default-executor-0] INFO  impl.RoleInfo (RoleInfo.java:updateAndGet(143)) - c39ba312-e57f-4b8c-998e-32538a6d88da: start FollowerState
2019-10-18 12:32:02,514 [Thread-550] INFO  impl.FollowerState (FollowerState.java:run(117)) - c39ba312-e57f-4b8c-998e-32538a6d88da@group-A09C527D8C6F-FollowerState was interrupted: java.lang.InterruptedException: sleep interrupted
2019-10-18 12:32:02,543 [67d877d9-ecd0-4b7d-838e-89aa2c4103c0@group-A09C527D8C6F-LeaderElection51] INFO  impl.LeaderElection (LeaderElection.java:logAndReturn(56)) - 67d877d9-ecd0-4b7d-838e-89aa2c4103c0@group-A09C527D8C6F-LeaderElection51: Election REJECTED; received 2 response(s) [67d877d9-ecd0-4b7d-838e-89aa2c4103c0<-c39ba312-e57f-4b8c-998e-32538a6d88da#0:FAIL-t52, 67d877d9-ecd0-4b7d-838e-89aa2c4103c0<-6af5dfc0-d4d0-48db-9aa9-c45e51549e54#0:FAIL-t52] and 0 exception(s); 67d877d9-ecd0-4b7d-838e-89aa2c4103c0@group-A09C527D8C6F:t52, leader=null, voted=67d877d9-ecd0-4b7d-838e-89aa2c4103c0, raftlog=67d877d9-ecd0-4b7d-838e-89aa2c4103c0@group-A09C527D8C6F-SegmentedRaftLog:OPENED:c-1,f-1,i0, conf=-1: [c39ba312-e57f-4b8c-998e-32538a6d88da:192.168.34.56:44039, 67d877d9-ecd0-4b7d-838e-89aa2c4103c0:192.168.34.56:33816, 6af5dfc0-d4d0-48db-9aa9-c45e51549e54:192.168.34.56:32981], old=null
2019-10-18 12:32:02,544 [67d877d9-ecd0-4b7d-838e-89aa2c4103c0@group-A09C527D8C6F-LeaderElection51] INFO  impl.RaftServerImpl (RaftServerImpl.java:setRole(184)) - 67d877d9-ecd0-4b7d-838e-89aa2c4103c0@group-A09C527D8C6F: changes role from CANDIDATE to FOLLOWER at term 52 for DISCOVERED_A_NEW_TERM
2019-10-18 12:32:02,544 [67d877d9-ecd0-4b7d-838e-89aa2c4103c0@group-A09C527D8C6F-LeaderElection51] INFO  impl.RoleInfo (RoleInfo.java:shutdownLeaderElection(134)) - 67d877d9-ecd0-4b7d-838e-89aa2c4103c0: shutdown LeaderElection
2019-10-18 12:32:02,544 [67d877d9-ecd0-4b7d-838e-89aa2c4103c0@group-A09C527D8C6F-LeaderElection51] INFO  impl.RoleInfo (RoleInfo.java:updateAndGet(143)) - 67d877d9-ecd0-4b7d-838e-89aa2c4103c0: start FollowerState
2019-10-18 12:32:02,621 [Thread-558] INFO  impl.FollowerState (FollowerState.java:run(108)) - 67d877d9-ecd0-4b7d-838e-89aa2c4103c0@group-A09C527D8C6F-FollowerState: change to CANDIDATE, lastRpcTime:76ms, electionTimeout:76ms
2019-10-18 12:32:02,621 [Thread-558] INFO  impl.RoleInfo (RoleInfo.java:shutdownFollowerState(121)) - 67d877d9-ecd0-4b7d-838e-89aa2c4103c0: shutdown FollowerState
2019-10-18 12:32:02,621 [Thread-558] INFO  impl.RaftServerImpl (RaftServerImpl.java:setRole(184)) - 67d877d9-ecd0-4b7d-838e-89aa2c4103c0@group-A09C527D8C6F: changes role from  FOLLOWER to CANDIDATE at term 52 for changeToCandidate
2019-10-18 12:32:02,621 [Thread-558] INFO  impl.RoleInfo (RoleInfo.java:updateAndGet(143)) - 67d877d9-ecd0-4b7d-838e-89aa2c4103c0: start LeaderElection
2019-10-18 12:32:02,650 [67d877d9-ecd0-4b7d-838e-89aa2c4103c0@group-A09C527D8C6F-LeaderElection52] INFO  impl.LeaderElection (LeaderElection.java:askForVotes(178)) - 67d877d9-ecd0-4b7d-838e-89aa2c4103c0@group-A09C527D8C6F-LeaderElection52: begin an election at term 53 for -1: [c39ba312-e57f-4b8c-998e-32538a6d88da:192.168.34.56:44039, 67d877d9-ecd0-4b7d-838e-89aa2c4103c0:192.168.34.56:33816, 6af5dfc0-d4d0-48db-9aa9-c45e51549e54:192.168.34.56:32981], old=null
2019-10-18 12:32:02,656 [grpc-default-executor-0] INFO  impl.RaftServerImpl (RaftServerImpl.java:setRole(184)) - c39ba312-e57f-4b8c-998e-32538a6d88da@group-A09C527D8C6F: changes role from  FOLLOWER to FOLLOWER at term 53 for recognizeCandidate:67d877d9-ecd0-4b7d-838e-89aa2c4103c0
2019-10-18 12:32:02,656 [grpc-default-executor-0] INFO  impl.RoleInfo (RoleInfo.java:shutdownFollowerState(121)) - c39ba312-e57f-4b8c-998e-32538a6d88da: shutdown FollowerState
2019-10-18 12:32:02,656 [grpc-default-executor-3] INFO  impl.RaftServerImpl (RaftServerImpl.java:setRole(184)) - 6af5dfc0-d4d0-48db-9aa9-c45e51549e54@group-A09C527D8C6F: changes role from  FOLLOWER to FOLLOWER at term 53 for recognizeCandidate:67d877d9-ecd0-4b7d-838e-89aa2c4103c0
2019-10-18 12:32:02,656 [Thread-557] INFO  impl.FollowerState (FollowerState.java:run(117)) - c39ba312-e57f-4b8c-998e-32538a6d88da@group-A09C527D8C6F-FollowerState was interrupted: java.lang.InterruptedException: sleep interrupted
2019-10-18 12:32:02,656 [grpc-default-executor-0] INFO  impl.RoleInfo (RoleInfo.java:updateAndGet(143)) - c39ba312-e57f-4b8c-998e-32538a6d88da: start FollowerState
2019-10-18 12:32:02,656 [grpc-default-executor-3] INFO  impl.RoleInfo (RoleInfo.java:shutdownFollowerState(121)) - 6af5dfc0-d4d0-48db-9aa9-c45e51549e54: shutdown FollowerState
2019-10-18 12:32:02,657 [grpc-default-executor-3] INFO  impl.RoleInfo (RoleInfo.java:updateAndGet(143)) - 6af5dfc0-d4d0-48db-9aa9-c45e51549e54: start FollowerState
2019-10-18 12:32:02,657 [Thread-556] INFO  impl.FollowerState (FollowerState.java:run(117)) - 6af5dfc0-d4d0-48db-9aa9-c45e51549e54@group-A09C527D8C6F-FollowerState was interrupted: java.lang.InterruptedException: sleep interrupted
2019-10-18 12:32:02,658 [67d877d9-ecd0-4b7d-838e-89aa2c4103c0@group-A09C527D8C6F-LeaderElection52] INFO  impl.LeaderElection (LeaderElection.java:logAndReturn(56)) - 67d877d9-ecd0-4b7d-838e-89aa2c4103c0@group-A09C527D8C6F-LeaderElection52: Election TIMEOUT; received 0 response(s) [] and 0 exception(s); 67d877d9-ecd0-4b7d-838e-89aa2c4103c0@group-A09C527D8C6F:t53, leader=null, voted=67d877d9-ecd0-4b7d-838e-89aa2c4103c0, raftlog=67d877d9-ecd0-4b7d-838e-89aa2c4103c0@group-A09C527D8C6F-SegmentedRaftLog:OPENED:c-1,f-1,i0, conf=-1: [c39ba312-e57f-4b8c-998e-32538a6d88da:192.168.34.56:44039, 67d877d9-ecd0-4b7d-838e-89aa2c4103c0:192.168.34.56:33816, 6af5dfc0-d4d0-48db-9aa9-c45e51549e54:192.168.34.56:32981], old=null
2019-10-18 12:32:02,684 [67d877d9-ecd0-4b7d-838e-89aa2c4103c0@group-A09C527D8C6F-LeaderElection52] INFO  impl.LeaderElection (LeaderElection.java:askForVotes(178)) - 67d877d9-ecd0-4b7d-838e-89aa2c4103c0@group-A09C527D8C6F-LeaderElection52: begin an election at term 54 for -1: [c39ba312-e57f-4b8c-998e-32538a6d88da:192.168.34.56:44039, 67d877d9-ecd0-4b7d-838e-89aa2c4103c0:192.168.34.56:33816, 6af5dfc0-d4d0-48db-9aa9-c45e51549e54:192.168.34.56:32981], old=null
2019-10-18 12:32:02,687 [grpc-default-executor-3] INFO  impl.RaftServerImpl (RaftServerImpl.java:setRole(184)) - 6af5dfc0-d4d0-48db-9aa9-c45e51549e54@group-A09C527D8C6F: changes role from  FOLLOWER to FOLLOWER at term 54 for recognizeCandidate:67d877d9-ecd0-4b7d-838e-89aa2c4103c0
2019-10-18 12:32:02,687 [grpc-default-executor-0] INFO  impl.RaftServerImpl (RaftServerImpl.java:setRole(184)) - c39ba312-e57f-4b8c-998e-32538a6d88da@group-A09C527D8C6F: changes role from  FOLLOWER to FOLLOWER at term 54 for recognizeCandidate:67d877d9-ecd0-4b7d-838e-89aa2c4103c0
2019-10-18 12:32:02,687 [grpc-default-executor-3] INFO  impl.RoleInfo (RoleInfo.java:shutdownFollowerState(121)) - 6af5dfc0-d4d0-48db-9aa9-c45e51549e54: shutdown FollowerState
2019-10-18 12:32:02,687 [grpc-default-executor-0] INFO  impl.RoleInfo (RoleInfo.java:shutdownFollowerState(121)) - c39ba312-e57f-4b8c-998e-32538a6d88da: shutdown FollowerState
2019-10-18 12:32:02,688 [grpc-default-executor-3] INFO  impl.RoleInfo (RoleInfo.java:updateAndGet(143)) - 6af5dfc0-d4d0-48db-9aa9-c45e51549e54: start FollowerState
2019-10-18 12:32:02,688 [Thread-562] INFO  impl.FollowerState (FollowerState.java:run(117)) - c39ba312-e57f-4b8c-998e-32538a6d88da@group-A09C527D8C6F-FollowerState was interrupted: java.lang.InterruptedException: sleep interrupted
2019-10-18 12:32:02,688 [grpc-default-executor-0] INFO  impl.RoleInfo (RoleInfo.java:updateAndGet(143)) - c39ba312-e57f-4b8c-998e-32538a6d88da: start FollowerState
2019-10-18 12:32:02,688 [Thread-563] INFO  impl.FollowerState (FollowerState.java:run(117)) - 6af5dfc0-d4d0-48db-9aa9-c45e51549e54@group-A09C527D8C6F-FollowerState was interrupted: java.lang.InterruptedException: sleep interrupted
2019-10-18 12:32:02,690 [67d877d9-ecd0-4b7d-838e-89aa2c4103c0@group-A09C527D8C6F-LeaderElection52] INFO  impl.LeaderElection (LeaderElection.java:logAndReturn(56)) - 67d877d9-ecd0-4b7d-838e-89aa2c4103c0@group-A09C527D8C6F-LeaderElection52: Election TIMEOUT; received 0 response(s) [] and 0 exception(s); 67d877d9-ecd0-4b7d-838e-89aa2c4103c0@group-A09C527D8C6F:t54, leader=null, voted=67d877d9-ecd0-4b7d-838e-89aa2c4103c0, raftlog=67d877d9-ecd0-4b7d-838e-89aa2c4103c0@group-A09C527D8C6F-SegmentedRaftLog:OPENED:c-1,f-1,i0, conf=-1: [c39ba312-e57f-4b8c-998e-32538a6d88da:192.168.34.56:44039, 67d877d9-ecd0-4b7d-838e-89aa2c4103c0:192.168.34.56:33816, 6af5dfc0-d4d0-48db-9aa9-c45e51549e54:192.168.34.56:32981], old=null
2019-10-18 12:32:02,710 [67d877d9-ecd0-4b7d-838e-89aa2c4103c0@group-A09C527D8C6F-LeaderElection52] INFO  impl.LeaderElection (LeaderElection.java:askForVotes(178)) - 67d877d9-ecd0-4b7d-838e-89aa2c4103c0@group-A09C527D8C6F-LeaderElection52: begin an election at term 55 for -1: [c39ba312-e57f-4b8c-998e-32538a6d88da:192.168.34.56:44039, 67d877d9-ecd0-4b7d-838e-89aa2c4103c0:192.168.34.56:33816, 6af5dfc0-d4d0-48db-9aa9-c45e51549e54:192.168.34.56:32981], old=null
2019-10-18 12:32:02,713 [grpc-default-executor-0] INFO  impl.RaftServerImpl (RaftServerImpl.java:setRole(184)) - 6af5dfc0-d4d0-48db-9aa9-c45e51549e54@group-A09C527D8C6F: changes role from  FOLLOWER to FOLLOWER at term 55 for recognizeCandidate:67d877d9-ecd0-4b7d-838e-89aa2c4103c0
2019-10-18 12:32:02,713 [grpc-default-executor-3] INFO  impl.RaftServerImpl (RaftServerImpl.java:setRole(184)) - c39ba312-e57f-4b8c-998e-32538a6d88da@group-A09C527D8C6F: changes role from  FOLLOWER to FOLLOWER at term 55 for recognizeCandidate:67d877d9-ecd0-4b7d-838e-89aa2c4103c0
2019-10-18 12:32:02,713 [grpc-default-executor-0] INFO  impl.RoleInfo (RoleInfo.java:shutdownFollowerState(121)) - 6af5dfc0-d4d0-48db-9aa9-c45e51549e54: shutdown FollowerState
2019-10-18 12:32:02,713 [grpc-default-executor-3] INFO  impl.RoleInfo (RoleInfo.java:shutdownFollowerState(121)) - c39ba312-e57f-4b8c-998e-32538a6d88da: shutdown FollowerState
2019-10-18 12:32:02,713 [Thread-566] INFO  impl.FollowerState (FollowerState.java:run(117)) - 6af5dfc0-d4d0-48db-9aa9-c45e51549e54@group-A09C527D8C6F-FollowerState was interrupted: java.lang.InterruptedException: sleep interrupted
2019-10-18 12:32:02,713 [grpc-default-executor-0] INFO  impl.RoleInfo (RoleInfo.java:updateAndGet(143)) - 6af5dfc0-d4d0-48db-9aa9-c45e51549e54: start FollowerState
2019-10-18 12:32:02,714 [Thread-567] INFO  impl.FollowerState (FollowerState.java:run(117)) - c39ba312-e57f-4b8c-998e-32538a6d88da@group-A09C527D8C6F-FollowerState was interrupted: java.lang.InterruptedException: sleep interrupted
2019-10-18 12:32:02,714 [grpc-default-executor-3] INFO  impl.RoleInfo (RoleInfo.java:updateAndGet(143)) - c39ba312-e57f-4b8c-998e-32538a6d88da: start FollowerState
2019-10-18 12:32:02,753 [67d877d9-ecd0-4b7d-838e-89aa2c4103c0@group-A09C527D8C6F-LeaderElection52] INFO  impl.LeaderElection (LeaderElection.java:logAndReturn(56)) - 67d877d9-ecd0-4b7d-838e-89aa2c4103c0@group-A09C527D8C6F-LeaderElection52: Election REJECTED; received 2 response(s) [67d877d9-ecd0-4b7d-838e-89aa2c4103c0<-c39ba312-e57f-4b8c-998e-32538a6d88da#0:FAIL-t55, 67d877d9-ecd0-4b7d-838e-89aa2c4103c0<-6af5dfc0-d4d0-48db-9aa9-c45e51549e54#0:FAIL-t55] and 0 exception(s); 67d877d9-ecd0-4b7d-838e-89aa2c4103c0@group-A09C527D8C6F:t55, leader=null, voted=67d877d9-ecd0-4b7d-838e-89aa2c4103c0, raftlog=67d877d9-ecd0-4b7d-838e-89aa2c4103c0@group-A09C527D8C6F-SegmentedRaftLog:OPENED:c-1,f-1,i0, conf=-1: [c39ba312-e57f-4b8c-998e-32538a6d88da:192.168.34.56:44039, 67d877d9-ecd0-4b7d-838e-89aa2c4103c0:192.168.34.56:33816, 6af5dfc0-d4d0-48db-9aa9-c45e51549e54:192.168.34.56:32981], old=null
2019-10-18 12:32:02,754 [67d877d9-ecd0-4b7d-838e-89aa2c4103c0@group-A09C527D8C6F-LeaderElection52] INFO  impl.RaftServerImpl (RaftServerImpl.java:setRole(184)) - 67d877d9-ecd0-4b7d-838e-89aa2c4103c0@group-A09C527D8C6F: changes role from CANDIDATE to FOLLOWER at term 55 for DISCOVERED_A_NEW_TERM
2019-10-18 12:32:02,754 [67d877d9-ecd0-4b7d-838e-89aa2c4103c0@group-A09C527D8C6F-LeaderElection52] INFO  impl.RoleInfo (RoleInfo.java:shutdownLeaderElection(134)) - 67d877d9-ecd0-4b7d-838e-89aa2c4103c0: shutdown LeaderElection
2019-10-18 12:32:02,754 [67d877d9-ecd0-4b7d-838e-89aa2c4103c0@group-A09C527D8C6F-LeaderElection52] INFO  impl.RoleInfo (RoleInfo.java:updateAndGet(143)) - 67d877d9-ecd0-4b7d-838e-89aa2c4103c0: start FollowerState
2019-10-18 12:32:02,864 [Thread-572] INFO  impl.FollowerState (FollowerState.java:run(108)) - 67d877d9-ecd0-4b7d-838e-89aa2c4103c0@group-A09C527D8C6F-FollowerState: change to CANDIDATE, lastRpcTime:109ms, electionTimeout:109ms
2019-10-18 12:32:02,864 [Thread-572] INFO  impl.RoleInfo (RoleInfo.java:shutdownFollowerState(121)) - 67d877d9-ecd0-4b7d-838e-89aa2c4103c0: shutdown FollowerState
2019-10-18 12:32:02,864 [Thread-572] INFO  impl.RaftServerImpl (RaftServerImpl.java:setRole(184)) - 67d877d9-ecd0-4b7d-838e-89aa2c4103c0@group-A09C527D8C6F: changes role from  FOLLOWER to CANDIDATE at term 55 for changeToCandidate
2019-10-18 12:32:02,864 [Thread-572] INFO  impl.RoleInfo (RoleInfo.java:updateAndGet(143)) - 67d877d9-ecd0-4b7d-838e-89aa2c4103c0: start LeaderElection
2019-10-18 12:32:02,894 [67d877d9-ecd0-4b7d-838e-89aa2c4103c0@group-A09C527D8C6F-LeaderElection53] INFO  impl.LeaderElection (LeaderElection.java:askForVotes(178)) - 67d877d9-ecd0-4b7d-838e-89aa2c4103c0@group-A09C527D8C6F-LeaderElection53: begin an election at term 56 for -1: [c39ba312-e57f-4b8c-998e-32538a6d88da:192.168.34.56:44039, 67d877d9-ecd0-4b7d-838e-89aa2c4103c0:192.168.34.56:33816, 6af5dfc0-d4d0-48db-9aa9-c45e51549e54:192.168.34.56:32981], old=null
2019-10-18 12:32:02,898 [grpc-default-executor-0] INFO  impl.RaftServerImpl (RaftServerImpl.java:setRole(184)) - c39ba312-e57f-4b8c-998e-32538a6d88da@group-A09C527D8C6F: changes role from  FOLLOWER to FOLLOWER at term 56 for recognizeCandidate:67d877d9-ecd0-4b7d-838e-89aa2c4103c0
2019-10-18 12:32:02,898 [grpc-default-executor-0] INFO  impl.RoleInfo (RoleInfo.java:shutdownFollowerState(121)) - c39ba312-e57f-4b8c-998e-32538a6d88da: shutdown FollowerState
2019-10-18 12:32:02,898 [grpc-default-executor-3] INFO  impl.RaftServerImpl (RaftServerImpl.java:setRole(184)) - 6af5dfc0-d4d0-48db-9aa9-c45e51549e54@group-A09C527D8C6F: changes role from  FOLLOWER to FOLLOWER at term 56 for recognizeCandidate:67d877d9-ecd0-4b7d-838e-89aa2c4103c0
2019-10-18 12:32:02,898 [Thread-571] INFO  impl.FollowerState (FollowerState.java:run(117)) - c39ba312-e57f-4b8c-998e-32538a6d88da@group-A09C527D8C6F-FollowerState was interrupted: java.lang.InterruptedException: sleep interrupted
2019-10-18 12:32:02,898 [grpc-default-executor-0] INFO  impl.RoleInfo (RoleInfo.java:updateAndGet(143)) - c39ba312-e57f-4b8c-998e-32538a6d88da: start FollowerState
2019-10-18 12:32:02,899 [grpc-default-executor-3] INFO  impl.RoleInfo (RoleInfo.java:shutdownFollowerState(121)) - 6af5dfc0-d4d0-48db-9aa9-c45e51549e54: shutdown FollowerState
2019-10-18 12:32:02,899 [grpc-default-executor-3] INFO  impl.RoleInfo (RoleInfo.java:updateAndGet(143)) - 6af5dfc0-d4d0-48db-9aa9-c45e51549e54: start FollowerState
2019-10-18 12:32:02,899 [Thread-570] INFO  impl.FollowerState (FollowerState.java:run(117)) - 6af5dfc0-d4d0-48db-9aa9-c45e51549e54@group-A09C527D8C6F-FollowerState was interrupted: java.lang.InterruptedException: sleep interrupted
2019-10-18 12:32:02,929 [67d877d9-ecd0-4b7d-838e-89aa2c4103c0@group-A09C527D8C6F-LeaderElection53] INFO  impl.LeaderElection (LeaderElection.java:logAndReturn(56)) - 67d877d9-ecd0-4b7d-838e-89aa2c4103c0@group-A09C527D8C6F-LeaderElection53: Election REJECTED; received 2 response(s) [67d877d9-ecd0-4b7d-838e-89aa2c4103c0<-c39ba312-e57f-4b8c-998e-32538a6d88da#0:FAIL-t56, 67d877d9-ecd0-4b7d-838e-89aa2c4103c0<-6af5dfc0-d4d0-48db-9aa9-c45e51549e54#0:FAIL-t56] and 0 exception(s); 67d877d9-ecd0-4b7d-838e-89aa2c4103c0@group-A09C527D8C6F:t56, leader=null, voted=67d877d9-ecd0-4b7d-838e-89aa2c4103c0, raftlog=67d877d9-ecd0-4b7d-838e-89aa2c4103c0@group-A09C527D8C6F-SegmentedRaftLog:OPENED:c-1,f-1,i0, conf=-1: [c39ba312-e57f-4b8c-998e-32538a6d88da:192.168.34.56:44039, 67d877d9-ecd0-4b7d-838e-89aa2c4103c0:192.168.34.56:33816, 6af5dfc0-d4d0-48db-9aa9-c45e51549e54:192.168.34.56:32981], old=null
2019-10-18 12:32:02,930 [67d877d9-ecd0-4b7d-838e-89aa2c4103c0@group-A09C527D8C6F-LeaderElection53] INFO  impl.RaftServerImpl (RaftServerImpl.java:setRole(184)) - 67d877d9-ecd0-4b7d-838e-89aa2c4103c0@group-A09C527D8C6F: changes role from CANDIDATE to FOLLOWER at term 56 for DISCOVERED_A_NEW_TERM
2019-10-18 12:32:02,930 [67d877d9-ecd0-4b7d-838e-89aa2c4103c0@group-A09C527D8C6F-LeaderElection53] INFO  impl.RoleInfo (RoleInfo.java:shutdownLeaderElection(134)) - 67d877d9-ecd0-4b7d-838e-89aa2c4103c0: shutdown LeaderElection
2019-10-18 12:32:02,930 [67d877d9-ecd0-4b7d-838e-89aa2c4103c0@group-A09C527D8C6F-LeaderElection53] INFO  impl.RoleInfo (RoleInfo.java:updateAndGet(143)) - 67d877d9-ecd0-4b7d-838e-89aa2c4103c0: start FollowerState
2019-10-18 12:32:02,932 [Thread-578] INFO  impl.FollowerState (FollowerState.java:run(108)) - 67d877d9-ecd0-4b7d-838e-89aa2c4103c0@group-A09C527D8C6F-FollowerState: change to CANDIDATE, lastRpcTime:2ms, electionTimeout:2ms
2019-10-18 12:32:02,932 [Thread-578] INFO  impl.RoleInfo (RoleInfo.java:shutdownFollowerState(121)) - 67d877d9-ecd0-4b7d-838e-89aa2c4103c0: shutdown FollowerState
2019-10-18 12:32:02,933 [Thread-578] INFO  impl.RaftServerImpl (RaftServerImpl.java:setRole(184)) - 67d877d9-ecd0-4b7d-838e-89aa2c4103c0@group-A09C527D8C6F: changes role from  FOLLOWER to CANDIDATE at term 56 for changeToCandidate
2019-10-18 12:32:02,933 [Thread-578] INFO  impl.RoleInfo (RoleInfo.java:updateAndGet(143)) - 67d877d9-ecd0-4b7d-838e-89aa2c4103c0: start LeaderElection
2019-10-18 12:32:02,961 [67d877d9-ecd0-4b7d-838e-89aa2c4103c0@group-A09C527D8C6F-LeaderElection54] INFO  impl.LeaderElection (LeaderElection.java:askForVotes(178)) - 67d877d9-ecd0-4b7d-838e-89aa2c4103c0@group-A09C527D8C6F-LeaderElection54: begin an election at term 57 for -1: [c39ba312-e57f-4b8c-998e-32538a6d88da:192.168.34.56:44039, 67d877d9-ecd0-4b7d-838e-89aa2c4103c0:192.168.34.56:33816, 6af5dfc0-d4d0-48db-9aa9-c45e51549e54:192.168.34.56:32981], old=null
2019-10-18 12:32:02,965 [grpc-default-executor-3] INFO  impl.RaftServerImpl (RaftServerImpl.java:setRole(184)) - c39ba312-e57f-4b8c-998e-32538a6d88da@group-A09C527D8C6F: changes role from  FOLLOWER to FOLLOWER at term 57 for recognizeCandidate:67d877d9-ecd0-4b7d-838e-89aa2c4103c0
2019-10-18 12:32:02,965 [grpc-default-executor-0] INFO  impl.RaftServerImpl (RaftServerImpl.java:setRole(184)) - 6af5dfc0-d4d0-48db-9aa9-c45e51549e54@group-A09C527D8C6F: changes role from  FOLLOWER to FOLLOWER at term 57 for recognizeCandidate:67d877d9-ecd0-4b7d-838e-89aa2c4103c0
2019-10-18 12:32:02,965 [grpc-default-executor-3] INFO  impl.RoleInfo (RoleInfo.java:shutdownFollowerState(121)) - c39ba312-e57f-4b8c-998e-32538a6d88da: shutdown FollowerState
2019-10-18 12:32:02,965 [grpc-default-executor-0] INFO  impl.RoleInfo (RoleInfo.java:shutdownFollowerState(121)) - 6af5dfc0-d4d0-48db-9aa9-c45e51549e54: shutdown FollowerState
2019-10-18 12:32:02,966 [Thread-576] INFO  impl.FollowerState (FollowerState.java:run(117)) - c39ba312-e57f-4b8c-998e-32538a6d88da@group-A09C527D8C6F-FollowerState was interrupted: java.lang.InterruptedException: sleep interrupted
2019-10-18 12:32:02,966 [Thread-577] INFO  impl.FollowerState (FollowerState.java:run(117)) - 6af5dfc0-d4d0-48db-9aa9-c45e51549e54@group-A09C527D8C6F-FollowerState was interrupted: java.lang.InterruptedException: sleep interrupted
2019-10-18 12:32:02,966 [grpc-default-executor-0] INFO  impl.RoleInfo (RoleInfo.java:updateAndGet(143)) - 6af5dfc0-d4d0-48db-9aa9-c45e51549e54: start FollowerState
2019-10-18 12:32:02,966 [grpc-default-executor-3] INFO  impl.RoleInfo (RoleInfo.java:updateAndGet(143)) - c39ba312-e57f-4b8c-998e-32538a6d88da: start FollowerState
2019-10-18 12:32:02,996 [67d877d9-ecd0-4b7d-838e-89aa2c4103c0@group-A09C527D8C6F-LeaderElection54] INFO  impl.LeaderElection (LeaderElection.java:logAndReturn(56)) - 67d877d9-ecd0-4b7d-838e-89aa2c4103c0@group-A09C527D8C6F-LeaderElection54: Election REJECTED; received 2 response(s) [67d877d9-ecd0-4b7d-838e-89aa2c4103c0<-c39ba312-e57f-4b8c-998e-32538a6d88da#0:FAIL-t57, 67d877d9-ecd0-4b7d-838e-89aa2c4103c0<-6af5dfc0-d4d0-48db-9aa9-c45e51549e54#0:FAIL-t57] and 0 exception(s); 67d877d9-ecd0-4b7d-838e-89aa2c4103c0@group-A09C527D8C6F:t57, leader=null, voted=67d877d9-ecd0-4b7d-838e-89aa2c4103c0, raftlog=67d877d9-ecd0-4b7d-838e-89aa2c4103c0@group-A09C527D8C6F-SegmentedRaftLog:OPENED:c-1,f-1,i0, conf=-1: [c39ba312-e57f-4b8c-998e-32538a6d88da:192.168.34.56:44039, 67d877d9-ecd0-4b7d-838e-89aa2c4103c0:192.168.34.56:33816, 6af5dfc0-d4d0-48db-9aa9-c45e51549e54:192.168.34.56:32981], old=null
2019-10-18 12:32:02,997 [67d877d9-ecd0-4b7d-838e-89aa2c4103c0@group-A09C527D8C6F-LeaderElection54] INFO  impl.RaftServerImpl (RaftServerImpl.java:setRole(184)) - 67d877d9-ecd0-4b7d-838e-89aa2c4103c0@group-A09C527D8C6F: changes role from CANDIDATE to FOLLOWER at term 57 for DISCOVERED_A_NEW_TERM
2019-10-18 12:32:02,997 [67d877d9-ecd0-4b7d-838e-89aa2c4103c0@group-A09C527D8C6F-LeaderElection54] INFO  impl.RoleInfo (RoleInfo.java:shutdownLeaderElection(134)) - 67d877d9-ecd0-4b7d-838e-89aa2c4103c0: shutdown LeaderElection
2019-10-18 12:32:02,997 [67d877d9-ecd0-4b7d-838e-89aa2c4103c0@group-A09C527D8C6F-LeaderElection54] INFO  impl.RoleInfo (RoleInfo.java:updateAndGet(143)) - 67d877d9-ecd0-4b7d-838e-89aa2c4103c0: start FollowerState
2019-10-18 12:32:03,163 [Thread-584] INFO  impl.FollowerState (FollowerState.java:run(108)) - 67d877d9-ecd0-4b7d-838e-89aa2c4103c0@group-A09C527D8C6F-FollowerState: change to CANDIDATE, lastRpcTime:165ms, electionTimeout:165ms
2019-10-18 12:32:03,163 [Thread-584] INFO  impl.RoleInfo (RoleInfo.java:shutdownFollowerState(121)) - 67d877d9-ecd0-4b7d-838e-89aa2c4103c0: shutdown FollowerState
2019-10-18 12:32:03,163 [Thread-584] INFO  impl.RaftServerImpl (RaftServerImpl.java:setRole(184)) - 67d877d9-ecd0-4b7d-838e-89aa2c4103c0@group-A09C527D8C6F: changes role from  FOLLOWER to CANDIDATE at term 57 for changeToCandidate
2019-10-18 12:32:03,164 [Thread-584] INFO  impl.RoleInfo (RoleInfo.java:updateAndGet(143)) - 67d877d9-ecd0-4b7d-838e-89aa2c4103c0: start LeaderElection
2019-10-18 12:32:03,196 [67d877d9-ecd0-4b7d-838e-89aa2c4103c0@group-A09C527D8C6F-LeaderElection55] INFO  impl.LeaderElection (LeaderElection.java:askForVotes(178)) - 67d877d9-ecd0-4b7d-838e-89aa2c4103c0@group-A09C527D8C6F-LeaderElection55: begin an election at term 58 for -1: [c39ba312-e57f-4b8c-998e-32538a6d88da:192.168.34.56:44039, 67d877d9-ecd0-4b7d-838e-89aa2c4103c0:192.168.34.56:33816, 6af5dfc0-d4d0-48db-9aa9-c45e51549e54:192.168.34.56:32981], old=null
2019-10-18 12:32:03,200 [grpc-default-executor-0] INFO  impl.RaftServerImpl (RaftServerImpl.java:setRole(184)) - c39ba312-e57f-4b8c-998e-32538a6d88da@group-A09C527D8C6F: changes role from  FOLLOWER to FOLLOWER at term 58 for recognizeCandidate:67d877d9-ecd0-4b7d-838e-89aa2c4103c0
2019-10-18 12:32:03,200 [grpc-default-executor-3] INFO  impl.RaftServerImpl (RaftServerImpl.java:setRole(184)) - 6af5dfc0-d4d0-48db-9aa9-c45e51549e54@group-A09C527D8C6F: changes role from  FOLLOWER to FOLLOWER at term 58 for recognizeCandidate:67d877d9-ecd0-4b7d-838e-89aa2c4103c0
2019-10-18 12:32:03,200 [grpc-default-executor-0] INFO  impl.RoleInfo (RoleInfo.java:shutdownFollowerState(121)) - c39ba312-e57f-4b8c-998e-32538a6d88da: shutdown FollowerState
2019-10-18 12:32:03,200 [grpc-default-executor-3] INFO  impl.RoleInfo (RoleInfo.java:shutdownFollowerState(121)) - 6af5dfc0-d4d0-48db-9aa9-c45e51549e54: shutdown FollowerState
2019-10-18 12:32:03,200 [grpc-default-executor-0] INFO  impl.RoleInfo (RoleInfo.java:updateAndGet(143)) - c39ba312-e57f-4b8c-998e-32538a6d88da: start FollowerState
2019-10-18 12:32:03,201 [Thread-583] INFO  impl.FollowerState (FollowerState.java:run(117)) - 6af5dfc0-d4d0-48db-9aa9-c45e51549e54@group-A09C527D8C6F-FollowerState was interrupted: java.lang.InterruptedException: sleep interrupted
2019-10-18 12:32:03,201 [grpc-default-executor-3] INFO  impl.RoleInfo (RoleInfo.java:updateAndGet(143)) - 6af5dfc0-d4d0-48db-9aa9-c45e51549e54: start FollowerState
2019-10-18 12:32:03,201 [Thread-582] INFO  impl.FollowerState (FollowerState.java:run(117)) - c39ba312-e57f-4b8c-998e-32538a6d88da@group-A09C527D8C6F-FollowerState was interrupted: java.lang.InterruptedException: sleep interrupted
2019-10-18 12:32:03,231 [67d877d9-ecd0-4b7d-838e-89aa2c4103c0@group-A09C527D8C6F-LeaderElection55] INFO  impl.LeaderElection (LeaderElection.java:logAndReturn(56)) - 67d877d9-ecd0-4b7d-838e-89aa2c4103c0@group-A09C527D8C6F-LeaderElection55: Election REJECTED; received 2 response(s) [67d877d9-ecd0-4b7d-838e-89aa2c4103c0<-c39ba312-e57f-4b8c-998e-32538a6d88da#0:FAIL-t58, 67d877d9-ecd0-4b7d-838e-89aa2c4103c0<-6af5dfc0-d4d0-48db-9aa9-c45e51549e54#0:FAIL-t58] and 0 exception(s); 67d877d9-ecd0-4b7d-838e-89aa2c4103c0@group-A09C527D8C6F:t58, leader=null, voted=67d877d9-ecd0-4b7d-838e-89aa2c4103c0, raftlog=67d877d9-ecd0-4b7d-838e-89aa2c4103c0@group-A09C527D8C6F-SegmentedRaftLog:OPENED:c-1,f-1,i0, conf=-1: [c39ba312-e57f-4b8c-998e-32538a6d88da:192.168.34.56:44039, 67d877d9-ecd0-4b7d-838e-89aa2c4103c0:192.168.34.56:33816, 6af5dfc0-d4d0-48db-9aa9-c45e51549e54:192.168.34.56:32981], old=null
2019-10-18 12:32:03,232 [67d877d9-ecd0-4b7d-838e-89aa2c4103c0@group-A09C527D8C6F-LeaderElection55] INFO  impl.RaftServerImpl (RaftServerImpl.java:setRole(184)) - 67d877d9-ecd0-4b7d-838e-89aa2c4103c0@group-A09C527D8C6F: changes role from CANDIDATE to FOLLOWER at term 58 for DISCOVERED_A_NEW_TERM
2019-10-18 12:32:03,232 [67d877d9-ecd0-4b7d-838e-89aa2c4103c0@group-A09C527D8C6F-LeaderElection55] INFO  impl.RoleInfo (RoleInfo.java:shutdownLeaderElection(134)) - 67d877d9-ecd0-4b7d-838e-89aa2c4103c0: shutdown LeaderElection
2019-10-18 12:32:03,232 [67d877d9-ecd0-4b7d-838e-89aa2c4103c0@group-A09C527D8C6F-LeaderElection55] INFO  impl.RoleInfo (RoleInfo.java:updateAndGet(143)) - 67d877d9-ecd0-4b7d-838e-89aa2c4103c0: start FollowerState
2019-10-18 12:32:03,243 [Thread-590] INFO  impl.FollowerState (FollowerState.java:run(108)) - 67d877d9-ecd0-4b7d-838e-89aa2c4103c0@group-A09C527D8C6F-FollowerState: change to CANDIDATE, lastRpcTime:10ms, electionTimeout:10ms
2019-10-18 12:32:03,243 [Thread-590] INFO  impl.RoleInfo (RoleInfo.java:shutdownFollowerState(121)) - 67d877d9-ecd0-4b7d-838e-89aa2c4103c0: shutdown FollowerState
2019-10-18 12:32:03,243 [Thread-590] INFO  impl.RaftServerImpl (RaftServerImpl.java:setRole(184)) - 67d877d9-ecd0-4b7d-838e-89aa2c4103c0@group-A09C527D8C6F: changes role from  FOLLOWER to CANDIDATE at term 58 for changeToCandidate
2019-10-18 12:32:03,243 [Thread-590] INFO  impl.RoleInfo (RoleInfo.java:updateAndGet(143)) - 67d877d9-ecd0-4b7d-838e-89aa2c4103c0: start LeaderElection
2019-10-18 12:32:03,272 [67d877d9-ecd0-4b7d-838e-89aa2c4103c0@group-A09C527D8C6F-LeaderElection56] INFO  impl.LeaderElection (LeaderElection.java:askForVotes(178)) - 67d877d9-ecd0-4b7d-838e-89aa2c4103c0@group-A09C527D8C6F-LeaderElection56: begin an election at term 59 for -1: [c39ba312-e57f-4b8c-998e-32538a6d88da:192.168.34.56:44039, 67d877d9-ecd0-4b7d-838e-89aa2c4103c0:192.168.34.56:33816, 6af5dfc0-d4d0-48db-9aa9-c45e51549e54:192.168.34.56:32981], old=null
2019-10-18 12:32:03,276 [grpc-default-executor-0] INFO  impl.RaftServerImpl (RaftServerImpl.java:setRole(184)) - c39ba312-e57f-4b8c-998e-32538a6d88da@group-A09C527D8C6F: changes role from  FOLLOWER to FOLLOWER at term 59 for recognizeCandidate:67d877d9-ecd0-4b7d-838e-89aa2c4103c0
2019-10-18 12:32:03,276 [grpc-default-executor-3] INFO  impl.RaftServerImpl (RaftServerImpl.java:setRole(184)) - 6af5dfc0-d4d0-48db-9aa9-c45e51549e54@group-A09C527D8C6F: changes role from  FOLLOWER to FOLLOWER at term 59 for recognizeCandidate:67d877d9-ecd0-4b7d-838e-89aa2c4103c0
2019-10-18 12:32:03,276 [grpc-default-executor-0] INFO  impl.RoleInfo (RoleInfo.java:shutdownFollowerState(121)) - c39ba312-e57f-4b8c-998e-32538a6d88da: shutdown FollowerState
2019-10-18 12:32:03,276 [grpc-default-executor-3] INFO  impl.RoleInfo (RoleInfo.java:shutdownFollowerState(121)) - 6af5dfc0-d4d0-48db-9aa9-c45e51549e54: shutdown FollowerState
2019-10-18 12:32:03,276 [Thread-588] INFO  impl.FollowerState (FollowerState.java:run(117)) - c39ba312-e57f-4b8c-998e-32538a6d88da@group-A09C527D8C6F-FollowerState was interrupted: java.lang.InterruptedException: sleep interrupted
2019-10-18 12:32:03,276 [grpc-default-executor-0] INFO  impl.RoleInfo (RoleInfo.java:updateAndGet(143)) - c39ba312-e57f-4b8c-998e-32538a6d88da: start FollowerState
2019-10-18 12:32:03,276 [Thread-589] INFO  impl.FollowerState (FollowerState.java:run(117)) - 6af5dfc0-d4d0-48db-9aa9-c45e51549e54@group-A09C527D8C6F-FollowerState was interrupted: java.lang.InterruptedException: sleep interrupted
2019-10-18 12:32:03,276 [grpc-default-executor-3] INFO  impl.RoleInfo (RoleInfo.java:updateAndGet(143)) - 6af5dfc0-d4d0-48db-9aa9-c45e51549e54: start FollowerState
2019-10-18 12:32:03,307 [67d877d9-ecd0-4b7d-838e-89aa2c4103c0@group-A09C527D8C6F-LeaderElection56] INFO  impl.LeaderElection (LeaderElection.java:logAndReturn(56)) - 67d877d9-ecd0-4b7d-838e-89aa2c4103c0@group-A09C527D8C6F-LeaderElection56: Election REJECTED; received 2 response(s) [67d877d9-ecd0-4b7d-838e-89aa2c4103c0<-c39ba312-e57f-4b8c-998e-32538a6d88da#0:FAIL-t59, 67d877d9-ecd0-4b7d-838e-89aa2c4103c0<-6af5dfc0-d4d0-48db-9aa9-c45e51549e54#0:FAIL-t59] and 0 exception(s); 67d877d9-ecd0-4b7d-838e-89aa2c4103c0@group-A09C527D8C6F:t59, leader=null, voted=67d877d9-ecd0-4b7d-838e-89aa2c4103c0, raftlog=67d877d9-ecd0-4b7d-838e-89aa2c4103c0@group-A09C527D8C6F-SegmentedRaftLog:OPENED:c-1,f-1,i0, conf=-1: [c39ba312-e57f-4b8c-998e-32538a6d88da:192.168.34.56:44039, 67d877d9-ecd0-4b7d-838e-89aa2c4103c0:192.168.34.56:33816, 6af5dfc0-d4d0-48db-9aa9-c45e51549e54:192.168.34.56:32981], old=null
2019-10-18 12:32:03,307 [67d877d9-ecd0-4b7d-838e-89aa2c4103c0@group-A09C527D8C6F-LeaderElection56] INFO  impl.RaftServerImpl (RaftServerImpl.java:setRole(184)) - 67d877d9-ecd0-4b7d-838e-89aa2c4103c0@group-A09C527D8C6F: changes role from CANDIDATE to FOLLOWER at term 59 for DISCOVERED_A_NEW_TERM
2019-10-18 12:32:03,307 [67d877d9-ecd0-4b7d-838e-89aa2c4103c0@group-A09C527D8C6F-LeaderElection56] INFO  impl.RoleInfo (RoleInfo.java:shutdownLeaderElection(134)) - 67d877d9-ecd0-4b7d-838e-89aa2c4103c0: shutdown LeaderElection
2019-10-18 12:32:03,308 [67d877d9-ecd0-4b7d-838e-89aa2c4103c0@group-A09C527D8C6F-LeaderElection56] INFO  impl.RoleInfo (RoleInfo.java:updateAndGet(143)) - 67d877d9-ecd0-4b7d-838e-89aa2c4103c0: start FollowerState
2019-10-18 12:32:03,357 [Thread-598] INFO  impl.FollowerState (FollowerState.java:run(108)) - 67d877d9-ecd0-4b7d-838e-89aa2c4103c0@group-A09C527D8C6F-FollowerState: change to CANDIDATE, lastRpcTime:49ms, electionTimeout:49ms
2019-10-18 12:32:03,357 [Thread-598] INFO  impl.RoleInfo (RoleInfo.java:shutdownFollowerState(121)) - 67d877d9-ecd0-4b7d-838e-89aa2c4103c0: shutdown FollowerState
2019-10-18 12:32:03,358 [Thread-598] INFO  impl.RaftServerImpl (RaftServerImpl.java:setRole(184)) - 67d877d9-ecd0-4b7d-838e-89aa2c4103c0@group-A09C527D8C6F: changes role from  FOLLOWER to CANDIDATE at term 59 for changeToCandidate
2019-10-18 12:32:03,358 [Thread-598] INFO  impl.RoleInfo (RoleInfo.java:updateAndGet(143)) - 67d877d9-ecd0-4b7d-838e-89aa2c4103c0: start LeaderElection
2019-10-18 12:32:03,381 [67d877d9-ecd0-4b7d-838e-89aa2c4103c0@group-A09C527D8C6F-LeaderElection57] INFO  impl.LeaderElection (LeaderElection.java:askForVotes(178)) - 67d877d9-ecd0-4b7d-838e-89aa2c4103c0@group-A09C527D8C6F-LeaderElection57: begin an election at term 60 for -1: [c39ba312-e57f-4b8c-998e-32538a6d88da:192.168.34.56:44039, 67d877d9-ecd0-4b7d-838e-89aa2c4103c0:192.168.34.56:33816, 6af5dfc0-d4d0-48db-9aa9-c45e51549e54:192.168.34.56:32981], old=null
2019-10-18 12:32:03,385 [grpc-default-executor-3] INFO  impl.RaftServerImpl (RaftServerImpl.java:setRole(184)) - c39ba312-e57f-4b8c-998e-32538a6d88da@group-A09C527D8C6F: changes role from  FOLLOWER to FOLLOWER at term 60 for recognizeCandidate:67d877d9-ecd0-4b7d-838e-89aa2c4103c0
2019-10-18 12:32:03,385 [grpc-default-executor-3] INFO  impl.RoleInfo (RoleInfo.java:shutdownFollowerState(121)) - c39ba312-e57f-4b8c-998e-32538a6d88da: shutdown FollowerState
2019-10-18 12:32:03,385 [grpc-default-executor-0] INFO  impl.RaftServerImpl (RaftServerImpl.java:setRole(184)) - 6af5dfc0-d4d0-48db-9aa9-c45e51549e54@group-A09C527D8C6F: changes role from  FOLLOWER to FOLLOWER at term 60 for recognizeCandidate:67d877d9-ecd0-4b7d-838e-89aa2c4103c0
2019-10-18 12:32:03,385 [Thread-594] INFO  impl.FollowerState (FollowerState.java:run(117)) - c39ba312-e57f-4b8c-998e-32538a6d88da@group-A09C527D8C6F-FollowerState was interrupted: java.lang.InterruptedException: sleep interrupted
2019-10-18 12:32:03,385 [grpc-default-executor-3] INFO  impl.RoleInfo (RoleInfo.java:updateAndGet(143)) - c39ba312-e57f-4b8c-998e-32538a6d88da: start FollowerState
2019-10-18 12:32:03,385 [grpc-default-executor-0] INFO  impl.RoleInfo (RoleInfo.java:shutdownFollowerState(121)) - 6af5dfc0-d4d0-48db-9aa9-c45e51549e54: shutdown FollowerState
2019-10-18 12:32:03,386 [grpc-default-executor-0] INFO  impl.RoleInfo (RoleInfo.java:updateAndGet(143)) - 6af5dfc0-d4d0-48db-9aa9-c45e51549e54: start FollowerState
2019-10-18 12:32:03,386 [Thread-595] INFO  impl.FollowerState (FollowerState.java:run(117)) - 6af5dfc0-d4d0-48db-9aa9-c45e51549e54@group-A09C527D8C6F-FollowerState was interrupted: java.lang.InterruptedException: sleep interrupted
2019-10-18 12:32:03,416 [67d877d9-ecd0-4b7d-838e-89aa2c4103c0@group-A09C527D8C6F-LeaderElection57] INFO  impl.LeaderElection (LeaderElection.java:logAndReturn(56)) - 67d877d9-ecd0-4b7d-838e-89aa2c4103c0@group-A09C527D8C6F-LeaderElection57: Election REJECTED; received 2 response(s) [67d877d9-ecd0-4b7d-838e-89aa2c4103c0<-c39ba312-e57f-4b8c-998e-32538a6d88da#0:FAIL-t60, 67d877d9-ecd0-4b7d-838e-89aa2c4103c0<-6af5dfc0-d4d0-48db-9aa9-c45e51549e54#0:FAIL-t60] and 0 exception(s); 67d877d9-ecd0-4b7d-838e-89aa2c4103c0@group-A09C527D8C6F:t60, leader=null, voted=67d877d9-ecd0-4b7d-838e-89aa2c4103c0, raftlog=67d877d9-ecd0-4b7d-838e-89aa2c4103c0@group-A09C527D8C6F-SegmentedRaftLog:OPENED:c-1,f-1,i0, conf=-1: [c39ba312-e57f-4b8c-998e-32538a6d88da:192.168.34.56:44039, 67d877d9-ecd0-4b7d-838e-89aa2c4103c0:192.168.34.56:33816, 6af5dfc0-d4d0-48db-9aa9-c45e51549e54:192.168.34.56:32981], old=null
2019-10-18 12:32:03,417 [67d877d9-ecd0-4b7d-838e-89aa2c4103c0@group-A09C527D8C6F-LeaderElection57] INFO  impl.RaftServerImpl (RaftServerImpl.java:setRole(184)) - 67d877d9-ecd0-4b7d-838e-89aa2c4103c0@group-A09C527D8C6F: changes role from CANDIDATE to FOLLOWER at term 60 for DISCOVERED_A_NEW_TERM
2019-10-18 12:32:03,417 [67d877d9-ecd0-4b7d-838e-89aa2c4103c0@group-A09C527D8C6F-LeaderElection57] INFO  impl.RoleInfo (RoleInfo.java:shutdownLeaderElection(134)) - 67d877d9-ecd0-4b7d-838e-89aa2c4103c0: shutdown LeaderElection
2019-10-18 12:32:03,417 [67d877d9-ecd0-4b7d-838e-89aa2c4103c0@group-A09C527D8C6F-LeaderElection57] INFO  impl.RoleInfo (RoleInfo.java:updateAndGet(143)) - 67d877d9-ecd0-4b7d-838e-89aa2c4103c0: start FollowerState
2019-10-18 12:32:03,577 [Thread-604] INFO  impl.FollowerState (FollowerState.java:run(108)) - 67d877d9-ecd0-4b7d-838e-89aa2c4103c0@group-A09C527D8C6F-FollowerState: change to CANDIDATE, lastRpcTime:160ms, electionTimeout:160ms
2019-10-18 12:32:03,578 [Thread-604] INFO  impl.RoleInfo (RoleInfo.java:shutdownFollowerState(121)) - 67d877d9-ecd0-4b7d-838e-89aa2c4103c0: shutdown FollowerState
2019-10-18 12:32:03,578 [Thread-604] INFO  impl.RaftServerImpl (RaftServerImpl.java:setRole(184)) - 67d877d9-ecd0-4b7d-838e-89aa2c4103c0@group-A09C527D8C6F: changes role from  FOLLOWER to CANDIDATE at term 60 for changeToCandidate
2019-10-18 12:32:03,578 [Thread-604] INFO  impl.RoleInfo (RoleInfo.java:updateAndGet(143)) - 67d877d9-ecd0-4b7d-838e-89aa2c4103c0: start LeaderElection
2019-10-18 12:32:03,607 [67d877d9-ecd0-4b7d-838e-89aa2c4103c0@group-A09C527D8C6F-LeaderElection58] INFO  impl.LeaderElection (LeaderElection.java:askForVotes(178)) - 67d877d9-ecd0-4b7d-838e-89aa2c4103c0@group-A09C527D8C6F-LeaderElection58: begin an election at term 61 for -1: [c39ba312-e57f-4b8c-998e-32538a6d88da:192.168.34.56:44039, 67d877d9-ecd0-4b7d-838e-89aa2c4103c0:192.168.34.56:33816, 6af5dfc0-d4d0-48db-9aa9-c45e51549e54:192.168.34.56:32981], old=null
2019-10-18 12:32:03,611 [grpc-default-executor-3] INFO  impl.RaftServerImpl (RaftServerImpl.java:setRole(184)) - 6af5dfc0-d4d0-48db-9aa9-c45e51549e54@group-A09C527D8C6F: changes role from  FOLLOWER to FOLLOWER at term 61 for recognizeCandidate:67d877d9-ecd0-4b7d-838e-89aa2c4103c0
2019-10-18 12:32:03,611 [grpc-default-executor-0] INFO  impl.RaftServerImpl (RaftServerImpl.java:setRole(184)) - c39ba312-e57f-4b8c-998e-32538a6d88da@group-A09C527D8C6F: changes role from  FOLLOWER to FOLLOWER at term 61 for recognizeCandidate:67d877d9-ecd0-4b7d-838e-89aa2c4103c0
2019-10-18 12:32:03,611 [grpc-default-executor-3] INFO  impl.RoleInfo (RoleInfo.java:shutdownFollowerState(121)) - 6af5dfc0-d4d0-48db-9aa9-c45e51549e54: shutdown FollowerState
2019-10-18 12:32:03,611 [grpc-default-executor-0] INFO  impl.RoleInfo (RoleInfo.java:shutdownFollowerState(121)) - c39ba312-e57f-4b8c-998e-32538a6d88da: shutdown FollowerState
2019-10-18 12:32:03,611 [Thread-603] INFO  impl.FollowerState (FollowerState.java:run(117)) - 6af5dfc0-d4d0-48db-9aa9-c45e51549e54@group-A09C527D8C6F-FollowerState was interrupted: java.lang.InterruptedException: sleep interrupted
2019-10-18 12:32:03,611 [grpc-default-executor-3] INFO  impl.RoleInfo (RoleInfo.java:updateAndGet(143)) - 6af5dfc0-d4d0-48db-9aa9-c45e51549e54: start FollowerState
2019-10-18 12:32:03,612 [Thread-602] INFO  impl.FollowerState (FollowerState.java:run(117)) - c39ba312-e57f-4b8c-998e-32538a6d88da@group-A09C527D8C6F-FollowerState was interrupted: java.lang.InterruptedException: sleep interrupted
2019-10-18 12:32:03,612 [grpc-default-executor-0] INFO  impl.RoleInfo (RoleInfo.java:updateAndGet(143)) - c39ba312-e57f-4b8c-998e-32538a6d88da: start FollowerState
2019-10-18 12:32:03,642 [67d877d9-ecd0-4b7d-838e-89aa2c4103c0@group-A09C527D8C6F-LeaderElection58] INFO  impl.LeaderElection (LeaderElection.java:logAndReturn(56)) - 67d877d9-ecd0-4b7d-838e-89aa2c4103c0@group-A09C527D8C6F-LeaderElection58: Election REJECTED; received 2 response(s) [67d877d9-ecd0-4b7d-838e-89aa2c4103c0<-c39ba312-e57f-4b8c-998e-32538a6d88da#0:FAIL-t61, 67d877d9-ecd0-4b7d-838e-89aa2c4103c0<-6af5dfc0-d4d0-48db-9aa9-c45e51549e54#0:FAIL-t61] and 0 exception(s); 67d877d9-ecd0-4b7d-838e-89aa2c4103c0@group-A09C527D8C6F:t61, leader=null, voted=67d877d9-ecd0-4b7d-838e-89aa2c4103c0, raftlog=67d877d9-ecd0-4b7d-838e-89aa2c4103c0@group-A09C527D8C6F-SegmentedRaftLog:OPENED:c-1,f-1,i0, conf=-1: [c39ba312-e57f-4b8c-998e-32538a6d88da:192.168.34.56:44039, 67d877d9-ecd0-4b7d-838e-89aa2c4103c0:192.168.34.56:33816, 6af5dfc0-d4d0-48db-9aa9-c45e51549e54:192.168.34.56:32981], old=null
2019-10-18 12:32:03,642 [67d877d9-ecd0-4b7d-838e-89aa2c4103c0@group-A09C527D8C6F-LeaderElection58] INFO  impl.RaftServerImpl (RaftServerImpl.java:setRole(184)) - 67d877d9-ecd0-4b7d-838e-89aa2c4103c0@group-A09C527D8C6F: changes role from CANDIDATE to FOLLOWER at term 61 for DISCOVERED_A_NEW_TERM
2019-10-18 12:32:03,642 [67d877d9-ecd0-4b7d-838e-89aa2c4103c0@group-A09C527D8C6F-LeaderElection58] INFO  impl.RoleInfo (RoleInfo.java:shutdownLeaderElection(134)) - 67d877d9-ecd0-4b7d-838e-89aa2c4103c0: shutdown LeaderElection
2019-10-18 12:32:03,643 [67d877d9-ecd0-4b7d-838e-89aa2c4103c0@group-A09C527D8C6F-LeaderElection58] INFO  impl.RoleInfo (RoleInfo.java:updateAndGet(143)) - 67d877d9-ecd0-4b7d-838e-89aa2c4103c0: start FollowerState
2019-10-18 12:32:03,669 [Thread-610] INFO  impl.FollowerState (FollowerState.java:run(108)) - 67d877d9-ecd0-4b7d-838e-89aa2c4103c0@group-A09C527D8C6F-FollowerState: change to CANDIDATE, lastRpcTime:26ms, electionTimeout:26ms
2019-10-18 12:32:03,669 [Thread-610] INFO  impl.RoleInfo (RoleInfo.java:shutdownFollowerState(121)) - 67d877d9-ecd0-4b7d-838e-89aa2c4103c0: shutdown FollowerState
2019-10-18 12:32:03,670 [Thread-610] INFO  impl.RaftServerImpl (RaftServerImpl.java:setRole(184)) - 67d877d9-ecd0-4b7d-838e-89aa2c4103c0@group-A09C527D8C6F: changes role from  FOLLOWER to CANDIDATE at term 61 for changeToCandidate
2019-10-18 12:32:03,670 [Thread-610] INFO  impl.RoleInfo (RoleInfo.java:updateAndGet(143)) - 67d877d9-ecd0-4b7d-838e-89aa2c4103c0: start LeaderElection
2019-10-18 12:32:03,699 [67d877d9-ecd0-4b7d-838e-89aa2c4103c0@group-A09C527D8C6F-LeaderElection59] INFO  impl.LeaderElection (LeaderElection.java:askForVotes(178)) - 67d877d9-ecd0-4b7d-838e-89aa2c4103c0@group-A09C527D8C6F-LeaderElection59: begin an election at term 62 for -1: [c39ba312-e57f-4b8c-998e-32538a6d88da:192.168.34.56:44039, 67d877d9-ecd0-4b7d-838e-89aa2c4103c0:192.168.34.56:33816, 6af5dfc0-d4d0-48db-9aa9-c45e51549e54:192.168.34.56:32981], old=null
2019-10-18 12:32:03,703 [grpc-default-executor-0] INFO  impl.RaftServerImpl (RaftServerImpl.java:setRole(184)) - c39ba312-e57f-4b8c-998e-32538a6d88da@group-A09C527D8C6F: changes role from  FOLLOWER to FOLLOWER at term 62 for recognizeCandidate:67d877d9-ecd0-4b7d-838e-89aa2c4103c0
2019-10-18 12:32:03,703 [grpc-default-executor-3] INFO  impl.RaftServerImpl (RaftServerImpl.java:setRole(184)) - 6af5dfc0-d4d0-48db-9aa9-c45e51549e54@group-A09C527D8C6F: changes role from  FOLLOWER to FOLLOWER at term 62 for recognizeCandidate:67d877d9-ecd0-4b7d-838e-89aa2c4103c0
2019-10-18 12:32:03,703 [grpc-default-executor-0] INFO  impl.RoleInfo (RoleInfo.java:shutdownFollowerState(121)) - c39ba312-e57f-4b8c-998e-32538a6d88da: shutdown FollowerState
2019-10-18 12:32:03,703 [grpc-default-executor-3] INFO  impl.RoleInfo (RoleInfo.java:shutdownFollowerState(121)) - 6af5dfc0-d4d0-48db-9aa9-c45e51549e54: shutdown FollowerState
2019-10-18 12:32:03,703 [Thread-609] INFO  impl.FollowerState (FollowerState.java:run(117)) - c39ba312-e57f-4b8c-998e-32538a6d88da@group-A09C527D8C6F-FollowerState was interrupted: java.lang.InterruptedException: sleep interrupted
2019-10-18 12:32:03,703 [grpc-default-executor-0] INFO  impl.RoleInfo (RoleInfo.java:updateAndGet(143)) - c39ba312-e57f-4b8c-998e-32538a6d88da: start FollowerState
2019-10-18 12:32:03,703 [Thread-608] INFO  impl.FollowerState (FollowerState.java:run(117)) - 6af5dfc0-d4d0-48db-9aa9-c45e51549e54@group-A09C527D8C6F-FollowerState was interrupted: java.lang.InterruptedException: sleep interrupted
2019-10-18 12:32:03,703 [grpc-default-executor-3] INFO  impl.RoleInfo (RoleInfo.java:updateAndGet(143)) - 6af5dfc0-d4d0-48db-9aa9-c45e51549e54: start FollowerState
2019-10-18 12:32:03,726 [67d877d9-ecd0-4b7d-838e-89aa2c4103c0@group-A09C527D8C6F-LeaderElection59] INFO  impl.LeaderElection (LeaderElection.java:logAndReturn(56)) - 67d877d9-ecd0-4b7d-838e-89aa2c4103c0@group-A09C527D8C6F-LeaderElection59: Election REJECTED; received 2 response(s) [67d877d9-ecd0-4b7d-838e-89aa2c4103c0<-c39ba312-e57f-4b8c-998e-32538a6d88da#0:FAIL-t62, 67d877d9-ecd0-4b7d-838e-89aa2c4103c0<-6af5dfc0-d4d0-48db-9aa9-c45e51549e54#0:FAIL-t62] and 0 exception(s); 67d877d9-ecd0-4b7d-838e-89aa2c4103c0@group-A09C527D8C6F:t62, leader=null, voted=67d877d9-ecd0-4b7d-838e-89aa2c4103c0, raftlog=67d877d9-ecd0-4b7d-838e-89aa2c4103c0@group-A09C527D8C6F-SegmentedRaftLog:OPENED:c-1,f-1,i0, conf=-1: [c39ba312-e57f-4b8c-998e-32538a6d88da:192.168.34.56:44039, 67d877d9-ecd0-4b7d-838e-89aa2c4103c0:192.168.34.56:33816, 6af5dfc0-d4d0-48db-9aa9-c45e51549e54:192.168.34.56:32981], old=null
2019-10-18 12:32:03,726 [67d877d9-ecd0-4b7d-838e-89aa2c4103c0@group-A09C527D8C6F-LeaderElection59] INFO  impl.RaftServerImpl (RaftServerImpl.java:setRole(184)) - 67d877d9-ecd0-4b7d-838e-89aa2c4103c0@group-A09C527D8C6F: changes role from CANDIDATE to FOLLOWER at term 62 for DISCOVERED_A_NEW_TERM
2019-10-18 12:32:03,726 [67d877d9-ecd0-4b7d-838e-89aa2c4103c0@group-A09C527D8C6F-LeaderElection59] INFO  impl.RoleInfo (RoleInfo.java:shutdownLeaderElection(134)) - 67d877d9-ecd0-4b7d-838e-89aa2c4103c0: shutdown LeaderElection
2019-10-18 12:32:03,726 [67d877d9-ecd0-4b7d-838e-89aa2c4103c0@group-A09C527D8C6F-LeaderElection59] INFO  impl.RoleInfo (RoleInfo.java:updateAndGet(143)) - 67d877d9-ecd0-4b7d-838e-89aa2c4103c0: start FollowerState
2019-10-18 12:32:03,920 [Thread-616] INFO  impl.FollowerState (FollowerState.java:run(108)) - 67d877d9-ecd0-4b7d-838e-89aa2c4103c0@group-A09C527D8C6F-FollowerState: change to CANDIDATE, lastRpcTime:193ms, electionTimeout:193ms
2019-10-18 12:32:03,920 [Thread-616] INFO  impl.RoleInfo (RoleInfo.java:shutdownFollowerState(121)) - 67d877d9-ecd0-4b7d-838e-89aa2c4103c0: shutdown FollowerState
2019-10-18 12:32:03,920 [Thread-616] INFO  impl.RaftServerImpl (RaftServerImpl.java:setRole(184)) - 67d877d9-ecd0-4b7d-838e-89aa2c4103c0@group-A09C527D8C6F: changes role from  FOLLOWER to CANDIDATE at term 62 for changeToCandidate
2019-10-18 12:32:03,920 [Thread-616] INFO  impl.RoleInfo (RoleInfo.java:updateAndGet(143)) - 67d877d9-ecd0-4b7d-838e-89aa2c4103c0: start LeaderElection
2019-10-18 12:32:03,950 [67d877d9-ecd0-4b7d-838e-89aa2c4103c0@group-A09C527D8C6F-LeaderElection60] INFO  impl.LeaderElection (LeaderElection.java:askForVotes(178)) - 67d877d9-ecd0-4b7d-838e-89aa2c4103c0@group-A09C527D8C6F-LeaderElection60: begin an election at term 63 for -1: [c39ba312-e57f-4b8c-998e-32538a6d88da:192.168.34.56:44039, 67d877d9-ecd0-4b7d-838e-89aa2c4103c0:192.168.34.56:33816, 6af5dfc0-d4d0-48db-9aa9-c45e51549e54:192.168.34.56:32981], old=null
2019-10-18 12:32:03,953 [grpc-default-executor-0] INFO  impl.RaftServerImpl (RaftServerImpl.java:setRole(184)) - c39ba312-e57f-4b8c-998e-32538a6d88da@group-A09C527D8C6F: changes role from  FOLLOWER to FOLLOWER at term 63 for recognizeCandidate:67d877d9-ecd0-4b7d-838e-89aa2c4103c0
2019-10-18 12:32:03,953 [grpc-default-executor-3] INFO  impl.RaftServerImpl (RaftServerImpl.java:setRole(184)) - 6af5dfc0-d4d0-48db-9aa9-c45e51549e54@group-A09C527D8C6F: changes role from  FOLLOWER to FOLLOWER at term 63 for recognizeCandidate:67d877d9-ecd0-4b7d-838e-89aa2c4103c0
2019-10-18 12:32:03,953 [grpc-default-executor-0] INFO  impl.RoleInfo (RoleInfo.java:shutdownFollowerState(121)) - c39ba312-e57f-4b8c-998e-32538a6d88da: shutdown FollowerState
2019-10-18 12:32:03,953 [grpc-default-executor-3] INFO  impl.RoleInfo (RoleInfo.java:shutdownFollowerState(121)) - 6af5dfc0-d4d0-48db-9aa9-c45e51549e54: shutdown FollowerState
2019-10-18 12:32:03,953 [grpc-default-executor-0] INFO  impl.RoleInfo (RoleInfo.java:updateAndGet(143)) - c39ba312-e57f-4b8c-998e-32538a6d88da: start FollowerState
2019-10-18 12:32:03,953 [Thread-615] INFO  impl.FollowerState (FollowerState.java:run(117)) - 6af5dfc0-d4d0-48db-9aa9-c45e51549e54@group-A09C527D8C6F-FollowerState was interrupted: java.lang.InterruptedException: sleep interrupted
2019-10-18 12:32:03,953 [grpc-default-executor-3] INFO  impl.RoleInfo (RoleInfo.java:updateAndGet(143)) - 6af5dfc0-d4d0-48db-9aa9-c45e51549e54: start FollowerState
2019-10-18 12:32:03,953 [Thread-614] INFO  impl.FollowerState (FollowerState.java:run(117)) - c39ba312-e57f-4b8c-998e-32538a6d88da@group-A09C527D8C6F-FollowerState was interrupted: java.lang.InterruptedException: sleep interrupted
2019-10-18 12:32:03,977 [67d877d9-ecd0-4b7d-838e-89aa2c4103c0@group-A09C527D8C6F-LeaderElection60] INFO  impl.LeaderElection (LeaderElection.java:logAndReturn(56)) - 67d877d9-ecd0-4b7d-838e-89aa2c4103c0@group-A09C527D8C6F-LeaderElection60: Election REJECTED; received 2 response(s) [67d877d9-ecd0-4b7d-838e-89aa2c4103c0<-c39ba312-e57f-4b8c-998e-32538a6d88da#0:FAIL-t63, 67d877d9-ecd0-4b7d-838e-89aa2c4103c0<-6af5dfc0-d4d0-48db-9aa9-c45e51549e54#0:FAIL-t63] and 0 exception(s); 67d877d9-ecd0-4b7d-838e-89aa2c4103c0@group-A09C527D8C6F:t63, leader=null, voted=67d877d9-ecd0-4b7d-838e-89aa2c4103c0, raftlog=67d877d9-ecd0-4b7d-838e-89aa2c4103c0@group-A09C527D8C6F-SegmentedRaftLog:OPENED:c-1,f-1,i0, conf=-1: [c39ba312-e57f-4b8c-998e-32538a6d88da:192.168.34.56:44039, 67d877d9-ecd0-4b7d-838e-89aa2c4103c0:192.168.34.56:33816, 6af5dfc0-d4d0-48db-9aa9-c45e51549e54:192.168.34.56:32981], old=null
2019-10-18 12:32:03,977 [67d877d9-ecd0-4b7d-838e-89aa2c4103c0@group-A09C527D8C6F-LeaderElection60] INFO  impl.RaftServerImpl (RaftServerImpl.java:setRole(184)) - 67d877d9-ecd0-4b7d-838e-89aa2c4103c0@group-A09C527D8C6F: changes role from CANDIDATE to FOLLOWER at term 63 for DISCOVERED_A_NEW_TERM
2019-10-18 12:32:03,977 [67d877d9-ecd0-4b7d-838e-89aa2c4103c0@group-A09C527D8C6F-LeaderElection60] INFO  impl.RoleInfo (RoleInfo.java:shutdownLeaderElection(134)) - 67d877d9-ecd0-4b7d-838e-89aa2c4103c0: shutdown LeaderElection
2019-10-18 12:32:03,977 [67d877d9-ecd0-4b7d-838e-89aa2c4103c0@group-A09C527D8C6F-LeaderElection60] INFO  impl.RoleInfo (RoleInfo.java:updateAndGet(143)) - 67d877d9-ecd0-4b7d-838e-89aa2c4103c0: start FollowerState
2019-10-18 12:32:04,090 [Thread-622] INFO  impl.FollowerState (FollowerState.java:run(108)) - 67d877d9-ecd0-4b7d-838e-89aa2c4103c0@group-A09C527D8C6F-FollowerState: change to CANDIDATE, lastRpcTime:113ms, electionTimeout:113ms
2019-10-18 12:32:04,091 [Thread-622] INFO  impl.RoleInfo (RoleInfo.java:shutdownFollowerState(121)) - 67d877d9-ecd0-4b7d-838e-89aa2c4103c0: shutdown FollowerState
2019-10-18 12:32:04,091 [Thread-622] INFO  impl.RaftServerImpl (RaftServerImpl.java:setRole(184)) - 67d877d9-ecd0-4b7d-838e-89aa2c4103c0@group-A09C527D8C6F: changes role from  FOLLOWER to CANDIDATE at term 63 for changeToCandidate
2019-10-18 12:32:04,091 [Thread-622] INFO  impl.RoleInfo (RoleInfo.java:updateAndGet(143)) - 67d877d9-ecd0-4b7d-838e-89aa2c4103c0: start LeaderElection
2019-10-18 12:32:04,118 [67d877d9-ecd0-4b7d-838e-89aa2c4103c0@group-A09C527D8C6F-LeaderElection61] INFO  impl.LeaderElection (LeaderElection.java:askForVotes(178)) - 67d877d9-ecd0-4b7d-838e-89aa2c4103c0@group-A09C527D8C6F-LeaderElection61: begin an election at term 64 for -1: [c39ba312-e57f-4b8c-998e-32538a6d88da:192.168.34.56:44039, 67d877d9-ecd0-4b7d-838e-89aa2c4103c0:192.168.34.56:33816, 6af5dfc0-d4d0-48db-9aa9-c45e51549e54:192.168.34.56:32981], old=null
2019-10-18 12:32:04,121 [grpc-default-executor-0] INFO  impl.RaftServerImpl (RaftServerImpl.java:setRole(184)) - 6af5dfc0-d4d0-48db-9aa9-c45e51549e54@group-A09C527D8C6F: changes role from  FOLLOWER to FOLLOWER at term 64 for recognizeCandidate:67d877d9-ecd0-4b7d-838e-89aa2c4103c0
2019-10-18 12:32:04,121 [grpc-default-executor-3] INFO  impl.RaftServerImpl (RaftServerImpl.java:setRole(184)) - c39ba312-e57f-4b8c-998e-32538a6d88da@group-A09C527D8C6F: changes role from  FOLLOWER to FOLLOWER at term 64 for recognizeCandidate:67d877d9-ecd0-4b7d-838e-89aa2c4103c0
2019-10-18 12:32:04,121 [grpc-default-executor-0] INFO  impl.RoleInfo (RoleInfo.java:shutdownFollowerState(121)) - 6af5dfc0-d4d0-48db-9aa9-c45e51549e54: shutdown FollowerState
2019-10-18 12:32:04,121 [grpc-default-executor-3] INFO  impl.RoleInfo (RoleInfo.java:shutdownFollowerState(121)) - c39ba312-e57f-4b8c-998e-32538a6d88da: shutdown FollowerState
2019-10-18 12:32:04,121 [grpc-default-executor-0] INFO  impl.RoleInfo (RoleInfo.java:updateAndGet(143)) - 6af5dfc0-d4d0-48db-9aa9-c45e51549e54: start FollowerState
2019-10-18 12:32:04,121 [Thread-621] INFO  impl.FollowerState (FollowerState.java:run(117)) - 6af5dfc0-d4d0-48db-9aa9-c45e51549e54@group-A09C527D8C6F-FollowerState was interrupted: java.lang.InterruptedException: sleep interrupted
2019-10-18 12:32:04,121 [grpc-default-executor-3] INFO  impl.RoleInfo (RoleInfo.java:updateAndGet(143)) - c39ba312-e57f-4b8c-998e-32538a6d88da: start FollowerState
2019-10-18 12:32:04,121 [Thread-620] INFO  impl.FollowerState (FollowerState.java:run(117)) - c39ba312-e57f-4b8c-998e-32538a6d88da@group-A09C527D8C6F-FollowerState was interrupted: java.lang.InterruptedException: sleep interrupted
2019-10-18 12:32:04,144 [67d877d9-ecd0-4b7d-838e-89aa2c4103c0@group-A09C527D8C6F-LeaderElection61] INFO  impl.LeaderElection (LeaderElection.java:logAndReturn(56)) - 67d877d9-ecd0-4b7d-838e-89aa2c4103c0@group-A09C527D8C6F-LeaderElection61: Election REJECTED; received 2 response(s) [67d877d9-ecd0-4b7d-838e-89aa2c4103c0<-c39ba312-e57f-4b8c-998e-32538a6d88da#0:FAIL-t64, 67d877d9-ecd0-4b7d-838e-89aa2c4103c0<-6af5dfc0-d4d0-48db-9aa9-c45e51549e54#0:FAIL-t64] and 0 exception(s); 67d877d9-ecd0-4b7d-838e-89aa2c4103c0@group-A09C527D8C6F:t64, leader=null, voted=67d877d9-ecd0-4b7d-838e-89aa2c4103c0, raftlog=67d877d9-ecd0-4b7d-838e-89aa2c4103c0@group-A09C527D8C6F-SegmentedRaftLog:OPENED:c-1,f-1,i0, conf=-1: [c39ba312-e57f-4b8c-998e-32538a6d88da:192.168.34.56:44039, 67d877d9-ecd0-4b7d-838e-89aa2c4103c0:192.168.34.56:33816, 6af5dfc0-d4d0-48db-9aa9-c45e51549e54:192.168.34.56:32981], old=null
2019-10-18 12:32:04,144 [67d877d9-ecd0-4b7d-838e-89aa2c4103c0@group-A09C527D8C6F-LeaderElection61] INFO  impl.RaftServerImpl (RaftServerImpl.java:setRole(184)) - 67d877d9-ecd0-4b7d-838e-89aa2c4103c0@group-A09C527D8C6F: changes role from CANDIDATE to FOLLOWER at term 64 for DISCOVERED_A_NEW_TERM
2019-10-18 12:32:04,145 [67d877d9-ecd0-4b7d-838e-89aa2c4103c0@group-A09C527D8C6F-LeaderElection61] INFO  impl.RoleInfo (RoleInfo.java:shutdownLeaderElection(134)) - 67d877d9-ecd0-4b7d-838e-89aa2c4103c0: shutdown LeaderElection
2019-10-18 12:32:04,145 [67d877d9-ecd0-4b7d-838e-89aa2c4103c0@group-A09C527D8C6F-LeaderElection61] INFO  impl.RoleInfo (RoleInfo.java:updateAndGet(143)) - 67d877d9-ecd0-4b7d-838e-89aa2c4103c0: start FollowerState
2019-10-18 12:32:04,340 [Thread-628] INFO  impl.FollowerState (FollowerState.java:run(108)) - 67d877d9-ecd0-4b7d-838e-89aa2c4103c0@group-A09C527D8C6F-FollowerState: change to CANDIDATE, lastRpcTime:195ms, electionTimeout:195ms
2019-10-18 12:32:04,340 [Thread-628] INFO  impl.RoleInfo (RoleInfo.java:shutdownFollowerState(121)) - 67d877d9-ecd0-4b7d-838e-89aa2c4103c0: shutdown FollowerState
2019-10-18 12:32:04,341 [Thread-628] INFO  impl.RaftServerImpl (RaftServerImpl.java:setRole(184)) - 67d877d9-ecd0-4b7d-838e-89aa2c4103c0@group-A09C527D8C6F: changes role from  FOLLOWER to CANDIDATE at term 64 for changeToCandidate
2019-10-18 12:32:04,341 [Thread-628] INFO  impl.RoleInfo (RoleInfo.java:updateAndGet(143)) - 67d877d9-ecd0-4b7d-838e-89aa2c4103c0: start LeaderElection
2019-10-18 12:32:04,368 [67d877d9-ecd0-4b7d-838e-89aa2c4103c0@group-A09C527D8C6F-LeaderElection62] INFO  impl.LeaderElection (LeaderElection.java:askForVotes(178)) - 67d877d9-ecd0-4b7d-838e-89aa2c4103c0@group-A09C527D8C6F-LeaderElection62: begin an election at term 65 for -1: [c39ba312-e57f-4b8c-998e-32538a6d88da:192.168.34.56:44039, 67d877d9-ecd0-4b7d-838e-89aa2c4103c0:192.168.34.56:33816, 6af5dfc0-d4d0-48db-9aa9-c45e51549e54:192.168.34.56:32981], old=null
2019-10-18 12:32:04,371 [grpc-default-executor-3] INFO  impl.RaftServerImpl (RaftServerImpl.java:setRole(184)) - 6af5dfc0-d4d0-48db-9aa9-c45e51549e54@group-A09C527D8C6F: changes role from  FOLLOWER to FOLLOWER at term 65 for recognizeCandidate:67d877d9-ecd0-4b7d-838e-89aa2c4103c0
2019-10-18 12:32:04,372 [grpc-default-executor-0] INFO  impl.RaftServerImpl (RaftServerImpl.java:setRole(184)) - c39ba312-e57f-4b8c-998e-32538a6d88da@group-A09C527D8C6F: changes role from  FOLLOWER to FOLLOWER at term 65 for recognizeCandidate:67d877d9-ecd0-4b7d-838e-89aa2c4103c0
2019-10-18 12:32:04,372 [grpc-default-executor-3] INFO  impl.RoleInfo (RoleInfo.java:shutdownFollowerState(121)) - 6af5dfc0-d4d0-48db-9aa9-c45e51549e54: shutdown FollowerState
2019-10-18 12:32:04,372 [grpc-default-executor-0] INFO  impl.RoleInfo (RoleInfo.java:shutdownFollowerState(121)) - c39ba312-e57f-4b8c-998e-32538a6d88da: shutdown FollowerState
2019-10-18 12:32:04,372 [Thread-626] INFO  impl.FollowerState (FollowerState.java:run(117)) - 6af5dfc0-d4d0-48db-9aa9-c45e51549e54@group-A09C527D8C6F-FollowerState was interrupted: java.lang.InterruptedException: sleep interrupted
2019-10-18 12:32:04,372 [grpc-default-executor-3] INFO  impl.RoleInfo (RoleInfo.java:updateAndGet(143)) - 6af5dfc0-d4d0-48db-9aa9-c45e51549e54: start FollowerState
2019-10-18 12:32:04,372 [Thread-627] INFO  impl.FollowerState (FollowerState.java:run(117)) - c39ba312-e57f-4b8c-998e-32538a6d88da@group-A09C527D8C6F-FollowerState was interrupted: java.lang.InterruptedException: sleep interrupted
2019-10-18 12:32:04,372 [grpc-default-executor-0] INFO  impl.RoleInfo (RoleInfo.java:updateAndGet(143)) - c39ba312-e57f-4b8c-998e-32538a6d88da: start FollowerState
2019-10-18 12:32:04,404 [67d877d9-ecd0-4b7d-838e-89aa2c4103c0@group-A09C527D8C6F-LeaderElection62] INFO  impl.LeaderElection (LeaderElection.java:logAndReturn(56)) - 67d877d9-ecd0-4b7d-838e-89aa2c4103c0@group-A09C527D8C6F-LeaderElection62: Election REJECTED; received 2 response(s) [67d877d9-ecd0-4b7d-838e-89aa2c4103c0<-c39ba312-e57f-4b8c-998e-32538a6d88da#0:FAIL-t65, 67d877d9-ecd0-4b7d-838e-89aa2c4103c0<-6af5dfc0-d4d0-48db-9aa9-c45e51549e54#0:FAIL-t65] and 0 exception(s); 67d877d9-ecd0-4b7d-838e-89aa2c4103c0@group-A09C527D8C6F:t65, leader=null, voted=67d877d9-ecd0-4b7d-838e-89aa2c4103c0, raftlog=67d877d9-ecd0-4b7d-838e-89aa2c4103c0@group-A09C527D8C6F-SegmentedRaftLog:OPENED:c-1,f-1,i0, conf=-1: [c39ba312-e57f-4b8c-998e-32538a6d88da:192.168.34.56:44039, 67d877d9-ecd0-4b7d-838e-89aa2c4103c0:192.168.34.56:33816, 6af5dfc0-d4d0-48db-9aa9-c45e51549e54:192.168.34.56:32981], old=null
2019-10-18 12:32:04,404 [67d877d9-ecd0-4b7d-838e-89aa2c4103c0@group-A09C527D8C6F-LeaderElection62] INFO  impl.RaftServerImpl (RaftServerImpl.java:setRole(184)) - 67d877d9-ecd0-4b7d-838e-89aa2c4103c0@group-A09C527D8C6F: changes role from CANDIDATE to FOLLOWER at term 65 for DISCOVERED_A_NEW_TERM
2019-10-18 12:32:04,404 [67d877d9-ecd0-4b7d-838e-89aa2c4103c0@group-A09C527D8C6F-LeaderElection62] INFO  impl.RoleInfo (RoleInfo.java:shutdownLeaderElection(134)) - 67d877d9-ecd0-4b7d-838e-89aa2c4103c0: shutdown LeaderElection
2019-10-18 12:32:04,404 [67d877d9-ecd0-4b7d-838e-89aa2c4103c0@group-A09C527D8C6F-LeaderElection62] INFO  impl.RoleInfo (RoleInfo.java:updateAndGet(143)) - 67d877d9-ecd0-4b7d-838e-89aa2c4103c0: start FollowerState
2019-10-18 12:32:04,505 [Thread-636] INFO  impl.FollowerState (FollowerState.java:run(108)) - 67d877d9-ecd0-4b7d-838e-89aa2c4103c0@group-A09C527D8C6F-FollowerState: change to CANDIDATE, lastRpcTime:100ms, electionTimeout:100ms
2019-10-18 12:32:04,505 [Thread-636] INFO  impl.RoleInfo (RoleInfo.java:shutdownFollowerState(121)) - 67d877d9-ecd0-4b7d-838e-89aa2c4103c0: shutdown FollowerState
2019-10-18 12:32:04,505 [Thread-636] INFO  impl.RaftServerImpl (RaftServerImpl.java:setRole(184)) - 67d877d9-ecd0-4b7d-838e-89aa2c4103c0@group-A09C527D8C6F: changes role from  FOLLOWER to CANDIDATE at term 65 for changeToCandidate
2019-10-18 12:32:04,505 [Thread-636] INFO  impl.RoleInfo (RoleInfo.java:updateAndGet(143)) - 67d877d9-ecd0-4b7d-838e-89aa2c4103c0: start LeaderElection
2019-10-18 12:32:05,008 [67d877d9-ecd0-4b7d-838e-89aa2c4103c0@group-A09C527D8C6F-LeaderElection63] INFO  impl.LeaderElection (LeaderElection.java:askForVotes(178)) - 67d877d9-ecd0-4b7d-838e-89aa2c4103c0@group-A09C527D8C6F-LeaderElection63: begin an election at term 66 for -1: [c39ba312-e57f-4b8c-998e-32538a6d88da:192.168.34.56:44039, 67d877d9-ecd0-4b7d-838e-89aa2c4103c0:192.168.34.56:33816, 6af5dfc0-d4d0-48db-9aa9-c45e51549e54:192.168.34.56:32981], old=null
2019-10-18 12:32:05,015 [grpc-default-executor-0] INFO  impl.RaftServerImpl (RaftServerImpl.java:setRole(184)) - 6af5dfc0-d4d0-48db-9aa9-c45e51549e54@group-A09C527D8C6F: changes role from  FOLLOWER to FOLLOWER at term 66 for recognizeCandidate:67d877d9-ecd0-4b7d-838e-89aa2c4103c0
2019-10-18 12:32:05,015 [grpc-default-executor-3] INFO  impl.RaftServerImpl (RaftServerImpl.java:setRole(184)) - c39ba312-e57f-4b8c-998e-32538a6d88da@group-A09C527D8C6F: changes role from  FOLLOWER to FOLLOWER at term 66 for recognizeCandidate:67d877d9-ecd0-4b7d-838e-89aa2c4103c0
2019-10-18 12:32:05,015 [grpc-default-executor-0] INFO  impl.RoleInfo (RoleInfo.java:shutdownFollowerState(121)) - 6af5dfc0-d4d0-48db-9aa9-c45e51549e54: shutdown FollowerState
2019-10-18 12:32:05,015 [grpc-default-executor-3] INFO  impl.RoleInfo (RoleInfo.java:shutdownFollowerState(121)) - c39ba312-e57f-4b8c-998e-32538a6d88da: shutdown FollowerState
2019-10-18 12:32:05,015 [grpc-default-executor-0] INFO  impl.RoleInfo (RoleInfo.java:updateAndGet(143)) - 6af5dfc0-d4d0-48db-9aa9-c45e51549e54: start FollowerState
2019-10-18 12:32:05,015 [Thread-634] INFO  impl.FollowerState (FollowerState.java:run(117)) - 6af5dfc0-d4d0-48db-9aa9-c45e51549e54@group-A09C527D8C6F-FollowerState was interrupted: java.lang.InterruptedException: sleep interrupted
2019-10-18 12:32:05,016 [Thread-635] INFO  impl.FollowerState (FollowerState.java:run(117)) - c39ba312-e57f-4b8c-998e-32538a6d88da@group-A09C527D8C6F-FollowerState was interrupted: java.lang.InterruptedException: sleep interrupted
2019-10-18 12:32:05,016 [grpc-default-executor-3] INFO  impl.RoleInfo (RoleInfo.java:updateAndGet(143)) - c39ba312-e57f-4b8c-998e-32538a6d88da: start FollowerState
2019-10-18 12:32:05,141 [67d877d9-ecd0-4b7d-838e-89aa2c4103c0@group-A09C527D8C6F-LeaderElection63] INFO  impl.LeaderElection (LeaderElection.java:logAndReturn(56)) - 67d877d9-ecd0-4b7d-838e-89aa2c4103c0@group-A09C527D8C6F-LeaderElection63: Election TIMEOUT; received 0 response(s) [] and 0 exception(s); 67d877d9-ecd0-4b7d-838e-89aa2c4103c0@group-A09C527D8C6F:t66, leader=null, voted=67d877d9-ecd0-4b7d-838e-89aa2c4103c0, raftlog=67d877d9-ecd0-4b7d-838e-89aa2c4103c0@group-A09C527D8C6F-SegmentedRaftLog:OPENED:c-1,f-1,i0, conf=-1: [c39ba312-e57f-4b8c-998e-32538a6d88da:192.168.34.56:44039, 67d877d9-ecd0-4b7d-838e-89aa2c4103c0:192.168.34.56:33816, 6af5dfc0-d4d0-48db-9aa9-c45e51549e54:192.168.34.56:32981], old=null
2019-10-18 12:32:05,583 [67d877d9-ecd0-4b7d-838e-89aa2c4103c0@group-A09C527D8C6F-LeaderElection63] INFO  impl.LeaderElection (LeaderElection.java:askForVotes(178)) - 67d877d9-ecd0-4b7d-838e-89aa2c4103c0@group-A09C527D8C6F-LeaderElection63: begin an election at term 67 for -1: [c39ba312-e57f-4b8c-998e-32538a6d88da:192.168.34.56:44039, 67d877d9-ecd0-4b7d-838e-89aa2c4103c0:192.168.34.56:33816, 6af5dfc0-d4d0-48db-9aa9-c45e51549e54:192.168.34.56:32981], old=null
2019-10-18 12:32:05,588 [grpc-default-executor-3] INFO  impl.RaftServerImpl (RaftServerImpl.java:setRole(184)) - c39ba312-e57f-4b8c-998e-32538a6d88da@group-A09C527D8C6F: changes role from  FOLLOWER to FOLLOWER at term 67 for recognizeCandidate:67d877d9-ecd0-4b7d-838e-89aa2c4103c0
2019-10-18 12:32:05,588 [grpc-default-executor-0] INFO  impl.RaftServerImpl (RaftServerImpl.java:setRole(184)) - 6af5dfc0-d4d0-48db-9aa9-c45e51549e54@group-A09C527D8C6F: changes role from  FOLLOWER to FOLLOWER at term 67 for recognizeCandidate:67d877d9-ecd0-4b7d-838e-89aa2c4103c0
2019-10-18 12:32:05,588 [grpc-default-executor-3] INFO  impl.RoleInfo (RoleInfo.java:shutdownFollowerState(121)) - c39ba312-e57f-4b8c-998e-32538a6d88da: shutdown FollowerState
2019-10-18 12:32:05,588 [grpc-default-executor-0] INFO  impl.RoleInfo (RoleInfo.java:shutdownFollowerState(121)) - 6af5dfc0-d4d0-48db-9aa9-c45e51549e54: shutdown FollowerState
2019-10-18 12:32:05,589 [Thread-641] INFO  impl.FollowerState (FollowerState.java:run(117)) - c39ba312-e57f-4b8c-998e-32538a6d88da@group-A09C527D8C6F-FollowerState was interrupted: java.lang.InterruptedException: sleep interrupted
2019-10-18 12:32:05,589 [grpc-default-executor-3] INFO  impl.RoleInfo (RoleInfo.java:updateAndGet(143)) - c39ba312-e57f-4b8c-998e-32538a6d88da: start FollowerState
2019-10-18 12:32:05,589 [Thread-640] INFO  impl.FollowerState (FollowerState.java:run(117)) - 6af5dfc0-d4d0-48db-9aa9-c45e51549e54@group-A09C527D8C6F-FollowerState was interrupted: java.lang.InterruptedException: sleep interrupted
2019-10-18 12:32:05,589 [grpc-default-executor-0] INFO  impl.RoleInfo (RoleInfo.java:updateAndGet(143)) - 6af5dfc0-d4d0-48db-9aa9-c45e51549e54: start FollowerState
2019-10-18 12:32:05,607 [67d877d9-ecd0-4b7d-838e-89aa2c4103c0@group-A09C527D8C6F-LeaderElection63] INFO  impl.LeaderElection (LeaderElection.java:logAndReturn(56)) - 67d877d9-ecd0-4b7d-838e-89aa2c4103c0@group-A09C527D8C6F-LeaderElection63: Election REJECTED; received 2 response(s) [67d877d9-ecd0-4b7d-838e-89aa2c4103c0<-c39ba312-e57f-4b8c-998e-32538a6d88da#0:FAIL-t67, 67d877d9-ecd0-4b7d-838e-89aa2c4103c0<-6af5dfc0-d4d0-48db-9aa9-c45e51549e54#0:FAIL-t67] and 0 exception(s); 67d877d9-ecd0-4b7d-838e-89aa2c4103c0@group-A09C527D8C6F:t67, leader=null, voted=67d877d9-ecd0-4b7d-838e-89aa2c4103c0, raftlog=67d877d9-ecd0-4b7d-838e-89aa2c4103c0@group-A09C527D8C6F-SegmentedRaftLog:OPENED:c-1,f-1,i0, conf=-1: [c39ba312-e57f-4b8c-998e-32538a6d88da:192.168.34.56:44039, 67d877d9-ecd0-4b7d-838e-89aa2c4103c0:192.168.34.56:33816, 6af5dfc0-d4d0-48db-9aa9-c45e51549e54:192.168.34.56:32981], old=null
2019-10-18 12:32:05,607 [67d877d9-ecd0-4b7d-838e-89aa2c4103c0@group-A09C527D8C6F-LeaderElection63] INFO  impl.RaftServerImpl (RaftServerImpl.java:setRole(184)) - 67d877d9-ecd0-4b7d-838e-89aa2c4103c0@group-A09C527D8C6F: changes role from CANDIDATE to FOLLOWER at term 67 for DISCOVERED_A_NEW_TERM
2019-10-18 12:32:05,608 [67d877d9-ecd0-4b7d-838e-89aa2c4103c0@group-A09C527D8C6F-LeaderElection63] INFO  impl.RoleInfo (RoleInfo.java:shutdownLeaderElection(134)) - 67d877d9-ecd0-4b7d-838e-89aa2c4103c0: shutdown LeaderElection
2019-10-18 12:32:05,608 [67d877d9-ecd0-4b7d-838e-89aa2c4103c0@group-A09C527D8C6F-LeaderElection63] INFO  impl.RoleInfo (RoleInfo.java:updateAndGet(143)) - 67d877d9-ecd0-4b7d-838e-89aa2c4103c0: start FollowerState
2019-10-18 12:32:05,668 [Thread-649] INFO  impl.FollowerState (FollowerState.java:run(108)) - 67d877d9-ecd0-4b7d-838e-89aa2c4103c0@group-A09C527D8C6F-FollowerState: change to CANDIDATE, lastRpcTime:60ms, electionTimeout:60ms
2019-10-18 12:32:05,668 [Thread-649] INFO  impl.RoleInfo (RoleInfo.java:shutdownFollowerState(121)) - 67d877d9-ecd0-4b7d-838e-89aa2c4103c0: shutdown FollowerState
2019-10-18 12:32:05,669 [Thread-649] INFO  impl.RaftServerImpl (RaftServerImpl.java:setRole(184)) - 67d877d9-ecd0-4b7d-838e-89aa2c4103c0@group-A09C527D8C6F: changes role from  FOLLOWER to CANDIDATE at term 67 for changeToCandidate
2019-10-18 12:32:05,669 [Thread-649] INFO  impl.RoleInfo (RoleInfo.java:updateAndGet(143)) - 67d877d9-ecd0-4b7d-838e-89aa2c4103c0: start LeaderElection
2019-10-18 12:32:05,693 [67d877d9-ecd0-4b7d-838e-89aa2c4103c0@group-A09C527D8C6F-LeaderElection64] INFO  impl.LeaderElection (LeaderElection.java:askForVotes(178)) - 67d877d9-ecd0-4b7d-838e-89aa2c4103c0@group-A09C527D8C6F-LeaderElection64: begin an election at term 68 for -1: [c39ba312-e57f-4b8c-998e-32538a6d88da:192.168.34.56:44039, 67d877d9-ecd0-4b7d-838e-89aa2c4103c0:192.168.34.56:33816, 6af5dfc0-d4d0-48db-9aa9-c45e51549e54:192.168.34.56:32981], old=null
2019-10-18 12:32:05,696 [grpc-default-executor-3] INFO  impl.RaftServerImpl (RaftServerImpl.java:setRole(184)) - c39ba312-e57f-4b8c-998e-32538a6d88da@group-A09C527D8C6F: changes role from  FOLLOWER to FOLLOWER at term 68 for recognizeCandidate:67d877d9-ecd0-4b7d-838e-89aa2c4103c0
2019-10-18 12:32:05,696 [grpc-default-executor-0] INFO  impl.RaftServerImpl (RaftServerImpl.java:setRole(184)) - 6af5dfc0-d4d0-48db-9aa9-c45e51549e54@group-A09C527D8C6F: changes role from  FOLLOWER to FOLLOWER at term 68 for recognizeCandidate:67d877d9-ecd0-4b7d-838e-89aa2c4103c0
2019-10-18 12:32:05,697 [grpc-default-executor-3] INFO  impl.RoleInfo (RoleInfo.java:shutdownFollowerState(121)) - c39ba312-e57f-4b8c-998e-32538a6d88da: shutdown FollowerState
2019-10-18 12:32:05,697 [grpc-default-executor-0] INFO  impl.RoleInfo (RoleInfo.java:shutdownFollowerState(121)) - 6af5dfc0-d4d0-48db-9aa9-c45e51549e54: shutdown FollowerState
2019-10-18 12:32:05,697 [Thread-647] INFO  impl.FollowerState (FollowerState.java:run(117)) - c39ba312-e57f-4b8c-998e-32538a6d88da@group-A09C527D8C6F-FollowerState was interrupted: java.lang.InterruptedException: sleep interrupted
2019-10-18 12:32:05,697 [grpc-default-executor-3] INFO  impl.RoleInfo (RoleInfo.java:updateAndGet(143)) - c39ba312-e57f-4b8c-998e-32538a6d88da: start FollowerState
2019-10-18 12:32:05,697 [grpc-default-executor-0] INFO  impl.RoleInfo (RoleInfo.java:updateAndGet(143)) - 6af5dfc0-d4d0-48db-9aa9-c45e51549e54: start FollowerState
2019-10-18 12:32:05,697 [Thread-648] INFO  impl.FollowerState (FollowerState.java:run(117)) - 6af5dfc0-d4d0-48db-9aa9-c45e51549e54@group-A09C527D8C6F-FollowerState was interrupted: java.lang.InterruptedException: sleep interrupted
2019-10-18 12:32:05,723 [67d877d9-ecd0-4b7d-838e-89aa2c4103c0@group-A09C527D8C6F-LeaderElection64] INFO  impl.LeaderElection (LeaderElection.java:logAndReturn(56)) - 67d877d9-ecd0-4b7d-838e-89aa2c4103c0@group-A09C527D8C6F-LeaderElection64: Election REJECTED; received 2 response(s) [67d877d9-ecd0-4b7d-838e-89aa2c4103c0<-c39ba312-e57f-4b8c-998e-32538a6d88da#0:FAIL-t68, 67d877d9-ecd0-4b7d-838e-89aa2c4103c0<-6af5dfc0-d4d0-48db-9aa9-c45e51549e54#0:FAIL-t68] and 0 exception(s); 67d877d9-ecd0-4b7d-838e-89aa2c4103c0@group-A09C527D8C6F:t68, leader=null, voted=67d877d9-ecd0-4b7d-838e-89aa2c4103c0, raftlog=67d877d9-ecd0-4b7d-838e-89aa2c4103c0@group-A09C527D8C6F-SegmentedRaftLog:OPENED:c-1,f-1,i0, conf=-1: [c39ba312-e57f-4b8c-998e-32538a6d88da:192.168.34.56:44039, 67d877d9-ecd0-4b7d-838e-89aa2c4103c0:192.168.34.56:33816, 6af5dfc0-d4d0-48db-9aa9-c45e51549e54:192.168.34.56:32981], old=null
2019-10-18 12:32:05,723 [67d877d9-ecd0-4b7d-838e-89aa2c4103c0@group-A09C527D8C6F-LeaderElection64] INFO  impl.RaftServerImpl (RaftServerImpl.java:setRole(184)) - 67d877d9-ecd0-4b7d-838e-89aa2c4103c0@group-A09C527D8C6F: changes role from CANDIDATE to FOLLOWER at term 68 for DISCOVERED_A_NEW_TERM
2019-10-18 12:32:05,723 [67d877d9-ecd0-4b7d-838e-89aa2c4103c0@group-A09C527D8C6F-LeaderElection64] INFO  impl.RoleInfo (RoleInfo.java:shutdownLeaderElection(134)) - 67d877d9-ecd0-4b7d-838e-89aa2c4103c0: shutdown LeaderElection
2019-10-18 12:32:05,723 [67d877d9-ecd0-4b7d-838e-89aa2c4103c0@group-A09C527D8C6F-LeaderElection64] INFO  impl.RoleInfo (RoleInfo.java:updateAndGet(143)) - 67d877d9-ecd0-4b7d-838e-89aa2c4103c0: start FollowerState
2019-10-18 12:32:05,844 [Thread-655] INFO  impl.FollowerState (FollowerState.java:run(108)) - 67d877d9-ecd0-4b7d-838e-89aa2c4103c0@group-A09C527D8C6F-FollowerState: change to CANDIDATE, lastRpcTime:121ms, electionTimeout:121ms
2019-10-18 12:32:05,845 [Thread-655] INFO  impl.RoleInfo (RoleInfo.java:shutdownFollowerState(121)) - 67d877d9-ecd0-4b7d-838e-89aa2c4103c0: shutdown FollowerState
2019-10-18 12:32:05,845 [Thread-655] INFO  impl.RaftServerImpl (RaftServerImpl.java:setRole(184)) - 67d877d9-ecd0-4b7d-838e-89aa2c4103c0@group-A09C527D8C6F: changes role from  FOLLOWER to CANDIDATE at term 68 for changeToCandidate
2019-10-18 12:32:05,845 [Thread-655] INFO  impl.RoleInfo (RoleInfo.java:updateAndGet(143)) - 67d877d9-ecd0-4b7d-838e-89aa2c4103c0: start LeaderElection
2019-10-18 12:32:05,889 [67d877d9-ecd0-4b7d-838e-89aa2c4103c0@group-A09C527D8C6F-LeaderElection65] INFO  impl.LeaderElection (LeaderElection.java:askForVotes(178)) - 67d877d9-ecd0-4b7d-838e-89aa2c4103c0@group-A09C527D8C6F-LeaderElection65: begin an election at term 69 for -1: [c39ba312-e57f-4b8c-998e-32538a6d88da:192.168.34.56:44039, 67d877d9-ecd0-4b7d-838e-89aa2c4103c0:192.168.34.56:33816, 6af5dfc0-d4d0-48db-9aa9-c45e51549e54:192.168.34.56:32981], old=null
2019-10-18 12:32:05,892 [grpc-default-executor-0] INFO  impl.RaftServerImpl (RaftServerImpl.java:setRole(184)) - c39ba312-e57f-4b8c-998e-32538a6d88da@group-A09C527D8C6F: changes role from  FOLLOWER to FOLLOWER at term 69 for recognizeCandidate:67d877d9-ecd0-4b7d-838e-89aa2c4103c0
2019-10-18 12:32:05,892 [grpc-default-executor-0] INFO  impl.RoleInfo (RoleInfo.java:shutdownFollowerState(121)) - c39ba312-e57f-4b8c-998e-32538a6d88da: shutdown FollowerState
2019-10-18 12:32:05,892 [grpc-default-executor-3] INFO  impl.RaftServerImpl (RaftServerImpl.java:setRole(184)) - 6af5dfc0-d4d0-48db-9aa9-c45e51549e54@group-A09C527D8C6F: changes role from  FOLLOWER to FOLLOWER at term 69 for recognizeCandidate:67d877d9-ecd0-4b7d-838e-89aa2c4103c0
2019-10-18 12:32:05,892 [Thread-653] INFO  impl.FollowerState (FollowerState.java:run(117)) - c39ba312-e57f-4b8c-998e-32538a6d88da@group-A09C527D8C6F-FollowerState was interrupted: java.lang.InterruptedException: sleep interrupted
2019-10-18 12:32:05,892 [grpc-default-executor-0] INFO  impl.RoleInfo (RoleInfo.java:updateAndGet(143)) - c39ba312-e57f-4b8c-998e-32538a6d88da: start FollowerState
2019-10-18 12:32:05,892 [grpc-default-executor-3] INFO  impl.RoleInfo (RoleInfo.java:shutdownFollowerState(121)) - 6af5dfc0-d4d0-48db-9aa9-c45e51549e54: shutdown FollowerState
2019-10-18 12:32:05,893 [grpc-default-executor-3] INFO  impl.RoleInfo (RoleInfo.java:updateAndGet(143)) - 6af5dfc0-d4d0-48db-9aa9-c45e51549e54: start FollowerState
2019-10-18 12:32:05,893 [Thread-654] INFO  impl.FollowerState (FollowerState.java:run(117)) - 6af5dfc0-d4d0-48db-9aa9-c45e51549e54@group-A09C527D8C6F-FollowerState was interrupted: java.lang.InterruptedException: sleep interrupted
2019-10-18 12:32:05,918 [67d877d9-ecd0-4b7d-838e-89aa2c4103c0@group-A09C527D8C6F-LeaderElection65] INFO  impl.LeaderElection (LeaderElection.java:logAndReturn(56)) - 67d877d9-ecd0-4b7d-838e-89aa2c4103c0@group-A09C527D8C6F-LeaderElection65: Election REJECTED; received 2 response(s) [67d877d9-ecd0-4b7d-838e-89aa2c4103c0<-c39ba312-e57f-4b8c-998e-32538a6d88da#0:FAIL-t69, 67d877d9-ecd0-4b7d-838e-89aa2c4103c0<-6af5dfc0-d4d0-48db-9aa9-c45e51549e54#0:FAIL-t69] and 0 exception(s); 67d877d9-ecd0-4b7d-838e-89aa2c4103c0@group-A09C527D8C6F:t69, leader=null, voted=67d877d9-ecd0-4b7d-838e-89aa2c4103c0, raftlog=67d877d9-ecd0-4b7d-838e-89aa2c4103c0@group-A09C527D8C6F-SegmentedRaftLog:OPENED:c-1,f-1,i0, conf=-1: [c39ba312-e57f-4b8c-998e-32538a6d88da:192.168.34.56:44039, 67d877d9-ecd0-4b7d-838e-89aa2c4103c0:192.168.34.56:33816, 6af5dfc0-d4d0-48db-9aa9-c45e51549e54:192.168.34.56:32981], old=null
2019-10-18 12:32:05,918 [67d877d9-ecd0-4b7d-838e-89aa2c4103c0@group-A09C527D8C6F-LeaderElection65] INFO  impl.RaftServerImpl (RaftServerImpl.java:setRole(184)) - 67d877d9-ecd0-4b7d-838e-89aa2c4103c0@group-A09C527D8C6F: changes role from CANDIDATE to FOLLOWER at term 69 for DISCOVERED_A_NEW_TERM
2019-10-18 12:32:05,918 [67d877d9-ecd0-4b7d-838e-89aa2c4103c0@group-A09C527D8C6F-LeaderElection65] INFO  impl.RoleInfo (RoleInfo.java:shutdownLeaderElection(134)) - 67d877d9-ecd0-4b7d-838e-89aa2c4103c0: shutdown LeaderElection
2019-10-18 12:32:05,919 [67d877d9-ecd0-4b7d-838e-89aa2c4103c0@group-A09C527D8C6F-LeaderElection65] INFO  impl.RoleInfo (RoleInfo.java:updateAndGet(143)) - 67d877d9-ecd0-4b7d-838e-89aa2c4103c0: start FollowerState
2019-10-18 12:32:06,048 [Thread-661] INFO  impl.FollowerState (FollowerState.java:run(108)) - 67d877d9-ecd0-4b7d-838e-89aa2c4103c0@group-A09C527D8C6F-FollowerState: change to CANDIDATE, lastRpcTime:129ms, electionTimeout:129ms
2019-10-18 12:32:06,048 [Thread-661] INFO  impl.RoleInfo (RoleInfo.java:shutdownFollowerState(121)) - 67d877d9-ecd0-4b7d-838e-89aa2c4103c0: shutdown FollowerState
2019-10-18 12:32:06,048 [Thread-661] INFO  impl.RaftServerImpl (RaftServerImpl.java:setRole(184)) - 67d877d9-ecd0-4b7d-838e-89aa2c4103c0@group-A09C527D8C6F: changes role from  FOLLOWER to CANDIDATE at term 69 for changeToCandidate
2019-10-18 12:32:06,049 [Thread-661] INFO  impl.RoleInfo (RoleInfo.java:updateAndGet(143)) - 67d877d9-ecd0-4b7d-838e-89aa2c4103c0: start LeaderElection
2019-10-18 12:32:06,064 [67d877d9-ecd0-4b7d-838e-89aa2c4103c0@group-A09C527D8C6F-LeaderElection66] INFO  impl.LeaderElection (LeaderElection.java:askForVotes(178)) - 67d877d9-ecd0-4b7d-838e-89aa2c4103c0@group-A09C527D8C6F-LeaderElection66: begin an election at term 70 for -1: [c39ba312-e57f-4b8c-998e-32538a6d88da:192.168.34.56:44039, 67d877d9-ecd0-4b7d-838e-89aa2c4103c0:192.168.34.56:33816, 6af5dfc0-d4d0-48db-9aa9-c45e51549e54:192.168.34.56:32981], old=null
2019-10-18 12:32:06,067 [grpc-default-executor-0] INFO  impl.RaftServerImpl (RaftServerImpl.java:setRole(184)) - c39ba312-e57f-4b8c-998e-32538a6d88da@group-A09C527D8C6F: changes role from  FOLLOWER to FOLLOWER at term 70 for recognizeCandidate:67d877d9-ecd0-4b7d-838e-89aa2c4103c0
2019-10-18 12:32:06,067 [grpc-default-executor-3] INFO  impl.RaftServerImpl (RaftServerImpl.java:setRole(184)) - 6af5dfc0-d4d0-48db-9aa9-c45e51549e54@group-A09C527D8C6F: changes role from  FOLLOWER to FOLLOWER at term 70 for recognizeCandidate:67d877d9-ecd0-4b7d-838e-89aa2c4103c0
2019-10-18 12:32:06,067 [grpc-default-executor-0] INFO  impl.RoleInfo (RoleInfo.java:shutdownFollowerState(121)) - c39ba312-e57f-4b8c-998e-32538a6d88da: shutdown FollowerState
2019-10-18 12:32:06,067 [grpc-default-executor-3] INFO  impl.RoleInfo (RoleInfo.java:shutdownFollowerState(121)) - 6af5dfc0-d4d0-48db-9aa9-c45e51549e54: shutdown FollowerState
2019-10-18 12:32:06,068 [Thread-659] INFO  impl.FollowerState (FollowerState.java:run(117)) - c39ba312-e57f-4b8c-998e-32538a6d88da@group-A09C527D8C6F-FollowerState was interrupted: java.lang.InterruptedException: sleep interrupted
2019-10-18 12:32:06,068 [grpc-default-executor-0] INFO  impl.RoleInfo (RoleInfo.java:updateAndGet(143)) - c39ba312-e57f-4b8c-998e-32538a6d88da: start FollowerState
2019-10-18 12:32:06,068 [Thread-660] INFO  impl.FollowerState (FollowerState.java:run(117)) - 6af5dfc0-d4d0-48db-9aa9-c45e51549e54@group-A09C527D8C6F-FollowerState was interrupted: java.lang.InterruptedException: sleep interrupted
2019-10-18 12:32:06,068 [grpc-default-executor-3] INFO  impl.RoleInfo (RoleInfo.java:updateAndGet(143)) - 6af5dfc0-d4d0-48db-9aa9-c45e51549e54: start FollowerState
2019-10-18 12:32:06,088 [67d877d9-ecd0-4b7d-838e-89aa2c4103c0@group-A09C527D8C6F-LeaderElection66] INFO  impl.LeaderElection (LeaderElection.java:logAndReturn(56)) - 67d877d9-ecd0-4b7d-838e-89aa2c4103c0@group-A09C527D8C6F-LeaderElection66: Election TIMEOUT; received 0 response(s) [] and 0 exception(s); 67d877d9-ecd0-4b7d-838e-89aa2c4103c0@group-A09C527D8C6F:t70, leader=null, voted=67d877d9-ecd0-4b7d-838e-89aa2c4103c0, raftlog=67d877d9-ecd0-4b7d-838e-89aa2c4103c0@group-A09C527D8C6F-SegmentedRaftLog:OPENED:c-1,f-1,i0, conf=-1: [c39ba312-e57f-4b8c-998e-32538a6d88da:192.168.34.56:44039, 67d877d9-ecd0-4b7d-838e-89aa2c4103c0:192.168.34.56:33816, 6af5dfc0-d4d0-48db-9aa9-c45e51549e54:192.168.34.56:32981], old=null
2019-10-18 12:32:06,108 [67d877d9-ecd0-4b7d-838e-89aa2c4103c0@group-A09C527D8C6F-LeaderElection66] INFO  impl.LeaderElection (LeaderElection.java:askForVotes(178)) - 67d877d9-ecd0-4b7d-838e-89aa2c4103c0@group-A09C527D8C6F-LeaderElection66: begin an election at term 71 for -1: [c39ba312-e57f-4b8c-998e-32538a6d88da:192.168.34.56:44039, 67d877d9-ecd0-4b7d-838e-89aa2c4103c0:192.168.34.56:33816, 6af5dfc0-d4d0-48db-9aa9-c45e51549e54:192.168.34.56:32981], old=null
2019-10-18 12:32:06,111 [grpc-default-executor-0] INFO  impl.RaftServerImpl (RaftServerImpl.java:setRole(184)) - c39ba312-e57f-4b8c-998e-32538a6d88da@group-A09C527D8C6F: changes role from  FOLLOWER to FOLLOWER at term 71 for recognizeCandidate:67d877d9-ecd0-4b7d-838e-89aa2c4103c0
2019-10-18 12:32:06,111 [grpc-default-executor-3] INFO  impl.RaftServerImpl (RaftServerImpl.java:setRole(184)) - 6af5dfc0-d4d0-48db-9aa9-c45e51549e54@group-A09C527D8C6F: changes role from  FOLLOWER to FOLLOWER at term 71 for recognizeCandidate:67d877d9-ecd0-4b7d-838e-89aa2c4103c0
2019-10-18 12:32:06,111 [grpc-default-executor-0] INFO  impl.RoleInfo (RoleInfo.java:shutdownFollowerState(121)) - c39ba312-e57f-4b8c-998e-32538a6d88da: shutdown FollowerState
2019-10-18 12:32:06,111 [grpc-default-executor-3] INFO  impl.RoleInfo (RoleInfo.java:shutdownFollowerState(121)) - 6af5dfc0-d4d0-48db-9aa9-c45e51549e54: shutdown FollowerState
2019-10-18 12:32:06,111 [Thread-665] INFO  impl.FollowerState (FollowerState.java:run(117)) - c39ba312-e57f-4b8c-998e-32538a6d88da@group-A09C527D8C6F-FollowerState was interrupted: java.lang.InterruptedException: sleep interrupted
2019-10-18 12:32:06,112 [Thread-666] INFO  impl.FollowerState (FollowerState.java:run(117)) - 6af5dfc0-d4d0-48db-9aa9-c45e51549e54@group-A09C527D8C6F-FollowerState was interrupted: java.lang.InterruptedException: sleep interrupted
2019-10-18 12:32:06,111 [grpc-default-executor-0] INFO  impl.RoleInfo (RoleInfo.java:updateAndGet(143)) - c39ba312-e57f-4b8c-998e-32538a6d88da: start FollowerState
2019-10-18 12:32:06,111 [grpc-default-executor-3] INFO  impl.RoleInfo (RoleInfo.java:updateAndGet(143)) - 6af5dfc0-d4d0-48db-9aa9-c45e51549e54: start FollowerState
2019-10-18 12:32:06,151 [67d877d9-ecd0-4b7d-838e-89aa2c4103c0@group-A09C527D8C6F-LeaderElection66] INFO  impl.LeaderElection (LeaderElection.java:logAndReturn(56)) - 67d877d9-ecd0-4b7d-838e-89aa2c4103c0@group-A09C527D8C6F-LeaderElection66: Election REJECTED; received 2 response(s) [67d877d9-ecd0-4b7d-838e-89aa2c4103c0<-c39ba312-e57f-4b8c-998e-32538a6d88da#0:FAIL-t71, 67d877d9-ecd0-4b7d-838e-89aa2c4103c0<-6af5dfc0-d4d0-48db-9aa9-c45e51549e54#0:FAIL-t71] and 0 exception(s); 67d877d9-ecd0-4b7d-838e-89aa2c4103c0@group-A09C527D8C6F:t71, leader=null, voted=67d877d9-ecd0-4b7d-838e-89aa2c4103c0, raftlog=67d877d9-ecd0-4b7d-838e-89aa2c4103c0@group-A09C527D8C6F-SegmentedRaftLog:OPENED:c-1,f-1,i0, conf=-1: [c39ba312-e57f-4b8c-998e-32538a6d88da:192.168.34.56:44039, 67d877d9-ecd0-4b7d-838e-89aa2c4103c0:192.168.34.56:33816, 6af5dfc0-d4d0-48db-9aa9-c45e51549e54:192.168.34.56:32981], old=null
2019-10-18 12:32:06,152 [67d877d9-ecd0-4b7d-838e-89aa2c4103c0@group-A09C527D8C6F-LeaderElection66] INFO  impl.RaftServerImpl (RaftServerImpl.java:setRole(184)) - 67d877d9-ecd0-4b7d-838e-89aa2c4103c0@group-A09C527D8C6F: changes role from CANDIDATE to FOLLOWER at term 71 for DISCOVERED_A_NEW_TERM
2019-10-18 12:32:06,152 [67d877d9-ecd0-4b7d-838e-89aa2c4103c0@group-A09C527D8C6F-LeaderElection66] INFO  impl.RoleInfo (RoleInfo.java:shutdownLeaderElection(134)) - 67d877d9-ecd0-4b7d-838e-89aa2c4103c0: shutdown LeaderElection
2019-10-18 12:32:06,152 [67d877d9-ecd0-4b7d-838e-89aa2c4103c0@group-A09C527D8C6F-LeaderElection66] INFO  impl.RoleInfo (RoleInfo.java:updateAndGet(143)) - 67d877d9-ecd0-4b7d-838e-89aa2c4103c0: start FollowerState
2019-10-18 12:32:06,322 [Thread-671] INFO  impl.FollowerState (FollowerState.java:run(108)) - 67d877d9-ecd0-4b7d-838e-89aa2c4103c0@group-A09C527D8C6F-FollowerState: change to CANDIDATE, lastRpcTime:170ms, electionTimeout:170ms
2019-10-18 12:32:06,323 [Thread-671] INFO  impl.RoleInfo (RoleInfo.java:shutdownFollowerState(121)) - 67d877d9-ecd0-4b7d-838e-89aa2c4103c0: shutdown FollowerState
2019-10-18 12:32:06,323 [Thread-671] INFO  impl.RaftServerImpl (RaftServerImpl.java:setRole(184)) - 67d877d9-ecd0-4b7d-838e-89aa2c4103c0@group-A09C527D8C6F: changes role from  FOLLOWER to CANDIDATE at term 71 for changeToCandidate
2019-10-18 12:32:06,323 [Thread-671] INFO  impl.RoleInfo (RoleInfo.java:updateAndGet(143)) - 67d877d9-ecd0-4b7d-838e-89aa2c4103c0: start LeaderElection
2019-10-18 12:32:06,349 [67d877d9-ecd0-4b7d-838e-89aa2c4103c0@group-A09C527D8C6F-LeaderElection67] INFO  impl.LeaderElection (LeaderElection.java:askForVotes(178)) - 67d877d9-ecd0-4b7d-838e-89aa2c4103c0@group-A09C527D8C6F-LeaderElection67: begin an election at term 72 for -1: [c39ba312-e57f-4b8c-998e-32538a6d88da:192.168.34.56:44039, 67d877d9-ecd0-4b7d-838e-89aa2c4103c0:192.168.34.56:33816, 6af5dfc0-d4d0-48db-9aa9-c45e51549e54:192.168.34.56:32981], old=null
2019-10-18 12:32:06,356 [grpc-default-executor-0] INFO  impl.RaftServerImpl (RaftServerImpl.java:setRole(184)) - c39ba312-e57f-4b8c-998e-32538a6d88da@group-A09C527D8C6F: changes role from  FOLLOWER to FOLLOWER at term 72 for recognizeCandidate:67d877d9-ecd0-4b7d-838e-89aa2c4103c0
2019-10-18 12:32:06,356 [grpc-default-executor-3] INFO  impl.RaftServerImpl (RaftServerImpl.java:setRole(184)) - 6af5dfc0-d4d0-48db-9aa9-c45e51549e54@group-A09C527D8C6F: changes role from  FOLLOWER to FOLLOWER at term 72 for recognizeCandidate:67d877d9-ecd0-4b7d-838e-89aa2c4103c0
2019-10-18 12:32:06,356 [grpc-default-executor-0] INFO  impl.RoleInfo (RoleInfo.java:shutdownFollowerState(121)) - c39ba312-e57f-4b8c-998e-32538a6d88da: shutdown FollowerState
2019-10-18 12:32:06,357 [grpc-default-executor-3] INFO  impl.RoleInfo (RoleInfo.java:shutdownFollowerState(121)) - 6af5dfc0-d4d0-48db-9aa9-c45e51549e54: shutdown FollowerState
2019-10-18 12:32:06,357 [Thread-669] INFO  impl.FollowerState (FollowerState.java:run(117)) - c39ba312-e57f-4b8c-998e-32538a6d88da@group-A09C527D8C6F-FollowerState was interrupted: java.lang.InterruptedException: sleep interrupted
2019-10-18 12:32:06,357 [grpc-default-executor-0] INFO  impl.RoleInfo (RoleInfo.java:updateAndGet(143)) - c39ba312-e57f-4b8c-998e-32538a6d88da: start FollowerState
2019-10-18 12:32:06,357 [Thread-670] INFO  impl.FollowerState (FollowerState.java:run(117)) - 6af5dfc0-d4d0-48db-9aa9-c45e51549e54@group-A09C527D8C6F-FollowerState was interrupted: java.lang.InterruptedException: sleep interrupted
2019-10-18 12:32:06,357 [grpc-default-executor-3] INFO  impl.RoleInfo (RoleInfo.java:updateAndGet(143)) - 6af5dfc0-d4d0-48db-9aa9-c45e51549e54: start FollowerState
2019-10-18 12:32:06,367 [67d877d9-ecd0-4b7d-838e-89aa2c4103c0@group-A09C527D8C6F-LeaderElection67] INFO  impl.LeaderElection (LeaderElection.java:logAndReturn(56)) - 67d877d9-ecd0-4b7d-838e-89aa2c4103c0@group-A09C527D8C6F-LeaderElection67: Election TIMEOUT; received 0 response(s) [] and 0 exception(s); 67d877d9-ecd0-4b7d-838e-89aa2c4103c0@group-A09C527D8C6F:t72, leader=null, voted=67d877d9-ecd0-4b7d-838e-89aa2c4103c0, raftlog=67d877d9-ecd0-4b7d-838e-89aa2c4103c0@group-A09C527D8C6F-SegmentedRaftLog:OPENED:c-1,f-1,i0, conf=-1: [c39ba312-e57f-4b8c-998e-32538a6d88da:192.168.34.56:44039, 67d877d9-ecd0-4b7d-838e-89aa2c4103c0:192.168.34.56:33816, 6af5dfc0-d4d0-48db-9aa9-c45e51549e54:192.168.34.56:32981], old=null
2019-10-18 12:32:06,380 [67d877d9-ecd0-4b7d-838e-89aa2c4103c0@group-A09C527D8C6F-LeaderElection67] INFO  impl.LeaderElection (LeaderElection.java:askForVotes(178)) - 67d877d9-ecd0-4b7d-838e-89aa2c4103c0@group-A09C527D8C6F-LeaderElection67: begin an election at term 73 for -1: [c39ba312-e57f-4b8c-998e-32538a6d88da:192.168.34.56:44039, 67d877d9-ecd0-4b7d-838e-89aa2c4103c0:192.168.34.56:33816, 6af5dfc0-d4d0-48db-9aa9-c45e51549e54:192.168.34.56:32981], old=null
2019-10-18 12:32:06,383 [grpc-default-executor-0] INFO  impl.RaftServerImpl (RaftServerImpl.java:setRole(184)) - c39ba312-e57f-4b8c-998e-32538a6d88da@group-A09C527D8C6F: changes role from  FOLLOWER to FOLLOWER at term 73 for recognizeCandidate:67d877d9-ecd0-4b7d-838e-89aa2c4103c0
2019-10-18 12:32:06,383 [grpc-default-executor-0] INFO  impl.RoleInfo (RoleInfo.java:shutdownFollowerState(121)) - c39ba312-e57f-4b8c-998e-32538a6d88da: shutdown FollowerState
2019-10-18 12:32:06,383 [grpc-default-executor-3] INFO  impl.RaftServerImpl (RaftServerImpl.java:setRole(184)) - 6af5dfc0-d4d0-48db-9aa9-c45e51549e54@group-A09C527D8C6F: changes role from  FOLLOWER to FOLLOWER at term 73 for recognizeCandidate:67d877d9-ecd0-4b7d-838e-89aa2c4103c0
2019-10-18 12:32:06,383 [Thread-677] INFO  impl.FollowerState (FollowerState.java:run(117)) - c39ba312-e57f-4b8c-998e-32538a6d88da@group-A09C527D8C6F-FollowerState was interrupted: java.lang.InterruptedException: sleep interrupted
2019-10-18 12:32:06,383 [grpc-default-executor-0] INFO  impl.RoleInfo (RoleInfo.java:updateAndGet(143)) - c39ba312-e57f-4b8c-998e-32538a6d88da: start FollowerState
2019-10-18 12:32:06,383 [grpc-default-executor-3] INFO  impl.RoleInfo (RoleInfo.java:shutdownFollowerState(121)) - 6af5dfc0-d4d0-48db-9aa9-c45e51549e54: shutdown FollowerState
2019-10-18 12:32:06,384 [grpc-default-executor-3] INFO  impl.RoleInfo (RoleInfo.java:updateAndGet(143)) - 6af5dfc0-d4d0-48db-9aa9-c45e51549e54: start FollowerState
2019-10-18 12:32:06,384 [Thread-678] INFO  impl.FollowerState (FollowerState.java:run(117)) - 6af5dfc0-d4d0-48db-9aa9-c45e51549e54@group-A09C527D8C6F-FollowerState was interrupted: java.lang.InterruptedException: sleep interrupted
2019-10-18 12:32:06,403 [67d877d9-ecd0-4b7d-838e-89aa2c4103c0@group-A09C527D8C6F-LeaderElection67] INFO  impl.LeaderElection (LeaderElection.java:logAndReturn(56)) - 67d877d9-ecd0-4b7d-838e-89aa2c4103c0@group-A09C527D8C6F-LeaderElection67: Election REJECTED; received 2 response(s) [67d877d9-ecd0-4b7d-838e-89aa2c4103c0<-c39ba312-e57f-4b8c-998e-32538a6d88da#0:FAIL-t73, 67d877d9-ecd0-4b7d-838e-89aa2c4103c0<-6af5dfc0-d4d0-48db-9aa9-c45e51549e54#0:FAIL-t73] and 0 exception(s); 67d877d9-ecd0-4b7d-838e-89aa2c4103c0@group-A09C527D8C6F:t73, leader=null, voted=67d877d9-ecd0-4b7d-838e-89aa2c4103c0, raftlog=67d877d9-ecd0-4b7d-838e-89aa2c4103c0@group-A09C527D8C6F-SegmentedRaftLog:OPENED:c-1,f-1,i0, conf=-1: [c39ba312-e57f-4b8c-998e-32538a6d88da:192.168.34.56:44039, 67d877d9-ecd0-4b7d-838e-89aa2c4103c0:192.168.34.56:33816, 6af5dfc0-d4d0-48db-9aa9-c45e51549e54:192.168.34.56:32981], old=null
2019-10-18 12:32:06,404 [67d877d9-ecd0-4b7d-838e-89aa2c4103c0@group-A09C527D8C6F-LeaderElection67] INFO  impl.RaftServerImpl (RaftServerImpl.java:setRole(184)) - 67d877d9-ecd0-4b7d-838e-89aa2c4103c0@group-A09C527D8C6F: changes role from CANDIDATE to FOLLOWER at term 73 for DISCOVERED_A_NEW_TERM
2019-10-18 12:32:06,404 [67d877d9-ecd0-4b7d-838e-89aa2c4103c0@group-A09C527D8C6F-LeaderElection67] INFO  impl.RoleInfo (RoleInfo.java:shutdownLeaderElection(134)) - 67d877d9-ecd0-4b7d-838e-89aa2c4103c0: shutdown LeaderElection
2019-10-18 12:32:06,404 [67d877d9-ecd0-4b7d-838e-89aa2c4103c0@group-A09C527D8C6F-LeaderElection67] INFO  impl.RoleInfo (RoleInfo.java:updateAndGet(143)) - 67d877d9-ecd0-4b7d-838e-89aa2c4103c0: start FollowerState
2019-10-18 12:32:06,502 [Thread-683] INFO  impl.FollowerState (FollowerState.java:run(108)) - 67d877d9-ecd0-4b7d-838e-89aa2c4103c0@group-A09C527D8C6F-FollowerState: change to CANDIDATE, lastRpcTime:98ms, electionTimeout:98ms
2019-10-18 12:32:06,503 [Thread-683] INFO  impl.RoleInfo (RoleInfo.java:shutdownFollowerState(121)) - 67d877d9-ecd0-4b7d-838e-89aa2c4103c0: shutdown FollowerState
2019-10-18 12:32:06,503 [Thread-683] INFO  impl.RaftServerImpl (RaftServerImpl.java:setRole(184)) - 67d877d9-ecd0-4b7d-838e-89aa2c4103c0@group-A09C527D8C6F: changes role from  FOLLOWER to CANDIDATE at term 73 for changeToCandidate
2019-10-18 12:32:06,503 [Thread-683] INFO  impl.RoleInfo (RoleInfo.java:updateAndGet(143)) - 67d877d9-ecd0-4b7d-838e-89aa2c4103c0: start LeaderElection
2019-10-18 12:32:06,527 [67d877d9-ecd0-4b7d-838e-89aa2c4103c0@group-A09C527D8C6F-LeaderElection68] INFO  impl.LeaderElection (LeaderElection.java:askForVotes(178)) - 67d877d9-ecd0-4b7d-838e-89aa2c4103c0@group-A09C527D8C6F-LeaderElection68: begin an election at term 74 for -1: [c39ba312-e57f-4b8c-998e-32538a6d88da:192.168.34.56:44039, 67d877d9-ecd0-4b7d-838e-89aa2c4103c0:192.168.34.56:33816, 6af5dfc0-d4d0-48db-9aa9-c45e51549e54:192.168.34.56:32981], old=null
2019-10-18 12:32:06,530 [grpc-default-executor-0] INFO  impl.RaftServerImpl (RaftServerImpl.java:setRole(184)) - c39ba312-e57f-4b8c-998e-32538a6d88da@group-A09C527D8C6F: changes role from  FOLLOWER to FOLLOWER at term 74 for recognizeCandidate:67d877d9-ecd0-4b7d-838e-89aa2c4103c0
2019-10-18 12:32:06,531 [grpc-default-executor-0] INFO  impl.RoleInfo (RoleInfo.java:shutdownFollowerState(121)) - c39ba312-e57f-4b8c-998e-32538a6d88da: shutdown FollowerState
2019-10-18 12:32:06,531 [grpc-default-executor-3] INFO  impl.RaftServerImpl (RaftServerImpl.java:setRole(184)) - 6af5dfc0-d4d0-48db-9aa9-c45e51549e54@group-A09C527D8C6F: changes role from  FOLLOWER to FOLLOWER at term 74 for recognizeCandidate:67d877d9-ecd0-4b7d-838e-89aa2c4103c0
2019-10-18 12:32:06,531 [Thread-681] INFO  impl.FollowerState (FollowerState.java:run(117)) - c39ba312-e57f-4b8c-998e-32538a6d88da@group-A09C527D8C6F-FollowerState was interrupted: java.lang.InterruptedException: sleep interrupted
2019-10-18 12:32:06,531 [grpc-default-executor-0] INFO  impl.RoleInfo (RoleInfo.java:updateAndGet(143)) - c39ba312-e57f-4b8c-998e-32538a6d88da: start FollowerState
2019-10-18 12:32:06,531 [grpc-default-executor-3] INFO  impl.RoleInfo (RoleInfo.java:shutdownFollowerState(121)) - 6af5dfc0-d4d0-48db-9aa9-c45e51549e54: shutdown FollowerState
2019-10-18 12:32:06,532 [grpc-default-executor-3] INFO  impl.RoleInfo (RoleInfo.java:updateAndGet(143)) - 6af5dfc0-d4d0-48db-9aa9-c45e51549e54: start FollowerState
2019-10-18 12:32:06,532 [Thread-682] INFO  impl.FollowerState (FollowerState.java:run(117)) - 6af5dfc0-d4d0-48db-9aa9-c45e51549e54@group-A09C527D8C6F-FollowerState was interrupted: java.lang.InterruptedException: sleep interrupted
2019-10-18 12:32:06,556 [67d877d9-ecd0-4b7d-838e-89aa2c4103c0@group-A09C527D8C6F-LeaderElection68] INFO  impl.LeaderElection (LeaderElection.java:logAndReturn(56)) - 67d877d9-ecd0-4b7d-838e-89aa2c4103c0@group-A09C527D8C6F-LeaderElection68: Election REJECTED; received 2 response(s) [67d877d9-ecd0-4b7d-838e-89aa2c4103c0<-c39ba312-e57f-4b8c-998e-32538a6d88da#0:FAIL-t74, 67d877d9-ecd0-4b7d-838e-89aa2c4103c0<-6af5dfc0-d4d0-48db-9aa9-c45e51549e54#0:FAIL-t74] and 0 exception(s); 67d877d9-ecd0-4b7d-838e-89aa2c4103c0@group-A09C527D8C6F:t74, leader=null, voted=67d877d9-ecd0-4b7d-838e-89aa2c4103c0, raftlog=67d877d9-ecd0-4b7d-838e-89aa2c4103c0@group-A09C527D8C6F-SegmentedRaftLog:OPENED:c-1,f-1,i0, conf=-1: [c39ba312-e57f-4b8c-998e-32538a6d88da:192.168.34.56:44039, 67d877d9-ecd0-4b7d-838e-89aa2c4103c0:192.168.34.56:33816, 6af5dfc0-d4d0-48db-9aa9-c45e51549e54:192.168.34.56:32981], old=null
2019-10-18 12:32:06,556 [67d877d9-ecd0-4b7d-838e-89aa2c4103c0@group-A09C527D8C6F-LeaderElection68] INFO  impl.RaftServerImpl (RaftServerImpl.java:setRole(184)) - 67d877d9-ecd0-4b7d-838e-89aa2c4103c0@group-A09C527D8C6F: changes role from CANDIDATE to FOLLOWER at term 74 for DISCOVERED_A_NEW_TERM
2019-10-18 12:32:06,556 [67d877d9-ecd0-4b7d-838e-89aa2c4103c0@group-A09C527D8C6F-LeaderElection68] INFO  impl.RoleInfo (RoleInfo.java:shutdownLeaderElection(134)) - 67d877d9-ecd0-4b7d-838e-89aa2c4103c0: shutdown LeaderElection
2019-10-18 12:32:06,556 [67d877d9-ecd0-4b7d-838e-89aa2c4103c0@group-A09C527D8C6F-LeaderElection68] INFO  impl.RoleInfo (RoleInfo.java:updateAndGet(143)) - 67d877d9-ecd0-4b7d-838e-89aa2c4103c0: start FollowerState
2019-10-18 12:32:06,694 [Thread-689] INFO  impl.FollowerState (FollowerState.java:run(108)) - 67d877d9-ecd0-4b7d-838e-89aa2c4103c0@group-A09C527D8C6F-FollowerState: change to CANDIDATE, lastRpcTime:137ms, electionTimeout:137ms
2019-10-18 12:32:06,694 [Thread-689] INFO  impl.RoleInfo (RoleInfo.java:shutdownFollowerState(121)) - 67d877d9-ecd0-4b7d-838e-89aa2c4103c0: shutdown FollowerState
2019-10-18 12:32:06,694 [Thread-689] INFO  impl.RaftServerImpl (RaftServerImpl.java:setRole(184)) - 67d877d9-ecd0-4b7d-838e-89aa2c4103c0@group-A09C527D8C6F: changes role from  FOLLOWER to CANDIDATE at term 74 for changeToCandidate
2019-10-18 12:32:06,695 [Thread-689] INFO  impl.RoleInfo (RoleInfo.java:updateAndGet(143)) - 67d877d9-ecd0-4b7d-838e-89aa2c4103c0: start LeaderElection
2019-10-18 12:32:06,719 [67d877d9-ecd0-4b7d-838e-89aa2c4103c0@group-A09C527D8C6F-LeaderElection69] INFO  impl.LeaderElection (LeaderElection.java:askForVotes(178)) - 67d877d9-ecd0-4b7d-838e-89aa2c4103c0@group-A09C527D8C6F-LeaderElection69: begin an election at term 75 for -1: [c39ba312-e57f-4b8c-998e-32538a6d88da:192.168.34.56:44039, 67d877d9-ecd0-4b7d-838e-89aa2c4103c0:192.168.34.56:33816, 6af5dfc0-d4d0-48db-9aa9-c45e51549e54:192.168.34.56:32981], old=null
2019-10-18 12:32:06,722 [grpc-default-executor-0] INFO  impl.RaftServerImpl (RaftServerImpl.java:setRole(184)) - c39ba312-e57f-4b8c-998e-32538a6d88da@group-A09C527D8C6F: changes role from  FOLLOWER to FOLLOWER at term 75 for recognizeCandidate:67d877d9-ecd0-4b7d-838e-89aa2c4103c0
2019-10-18 12:32:06,722 [grpc-default-executor-3] INFO  impl.RaftServerImpl (RaftServerImpl.java:setRole(184)) - 6af5dfc0-d4d0-48db-9aa9-c45e51549e54@group-A09C527D8C6F: changes role from  FOLLOWER to FOLLOWER at term 75 for recognizeCandidate:67d877d9-ecd0-4b7d-838e-89aa2c4103c0
2019-10-18 12:32:06,723 [grpc-default-executor-0] INFO  impl.RoleInfo (RoleInfo.java:shutdownFollowerState(121)) - c39ba312-e57f-4b8c-998e-32538a6d88da: shutdown FollowerState
2019-10-18 12:32:06,723 [grpc-default-executor-3] INFO  impl.RoleInfo (RoleInfo.java:shutdownFollowerState(121)) - 6af5dfc0-d4d0-48db-9aa9-c45e51549e54: shutdown FollowerState
2019-10-18 12:32:06,723 [grpc-default-executor-0] INFO  impl.RoleInfo (RoleInfo.java:updateAndGet(143)) - c39ba312-e57f-4b8c-998e-32538a6d88da: start FollowerState
2019-10-18 12:32:06,723 [Thread-687] INFO  impl.FollowerState (FollowerState.java:run(117)) - c39ba312-e57f-4b8c-998e-32538a6d88da@group-A09C527D8C6F-FollowerState was interrupted: java.lang.InterruptedException: sleep interrupted
2019-10-18 12:32:06,723 [Thread-688] INFO  impl.FollowerState (FollowerState.java:run(117)) - 6af5dfc0-d4d0-48db-9aa9-c45e51549e54@group-A09C527D8C6F-FollowerState was interrupted: java.lang.InterruptedException: sleep interrupted
2019-10-18 12:32:06,723 [grpc-default-executor-3] INFO  impl.RoleInfo (RoleInfo.java:updateAndGet(143)) - 6af5dfc0-d4d0-48db-9aa9-c45e51549e54: start FollowerState
2019-10-18 12:32:06,749 [67d877d9-ecd0-4b7d-838e-89aa2c4103c0@group-A09C527D8C6F-LeaderElection69] INFO  impl.LeaderElection (LeaderElection.java:logAndReturn(56)) - 67d877d9-ecd0-4b7d-838e-89aa2c4103c0@group-A09C527D8C6F-LeaderElection69: Election REJECTED; received 2 response(s) [67d877d9-ecd0-4b7d-838e-89aa2c4103c0<-c39ba312-e57f-4b8c-998e-32538a6d88da#0:FAIL-t75, 67d877d9-ecd0-4b7d-838e-89aa2c4103c0<-6af5dfc0-d4d0-48db-9aa9-c45e51549e54#0:FAIL-t75] and 0 exception(s); 67d877d9-ecd0-4b7d-838e-89aa2c4103c0@group-A09C527D8C6F:t75, leader=null, voted=67d877d9-ecd0-4b7d-838e-89aa2c4103c0, raftlog=67d877d9-ecd0-4b7d-838e-89aa2c4103c0@group-A09C527D8C6F-SegmentedRaftLog:OPENED:c-1,f-1,i0, conf=-1: [c39ba312-e57f-4b8c-998e-32538a6d88da:192.168.34.56:44039, 67d877d9-ecd0-4b7d-838e-89aa2c4103c0:192.168.34.56:33816, 6af5dfc0-d4d0-48db-9aa9-c45e51549e54:192.168.34.56:32981], old=null
2019-10-18 12:32:06,749 [67d877d9-ecd0-4b7d-838e-89aa2c4103c0@group-A09C527D8C6F-LeaderElection69] INFO  impl.RaftServerImpl (RaftServerImpl.java:setRole(184)) - 67d877d9-ecd0-4b7d-838e-89aa2c4103c0@group-A09C527D8C6F: changes role from CANDIDATE to FOLLOWER at term 75 for DISCOVERED_A_NEW_TERM
2019-10-18 12:32:06,749 [67d877d9-ecd0-4b7d-838e-89aa2c4103c0@group-A09C527D8C6F-LeaderElection69] INFO  impl.RoleInfo (RoleInfo.java:shutdownLeaderElection(134)) - 67d877d9-ecd0-4b7d-838e-89aa2c4103c0: shutdown LeaderElection
2019-10-18 12:32:06,749 [67d877d9-ecd0-4b7d-838e-89aa2c4103c0@group-A09C527D8C6F-LeaderElection69] INFO  impl.RoleInfo (RoleInfo.java:updateAndGet(143)) - 67d877d9-ecd0-4b7d-838e-89aa2c4103c0: start FollowerState
2019-10-18 12:32:06,871 [Thread-695] INFO  impl.FollowerState (FollowerState.java:run(108)) - 67d877d9-ecd0-4b7d-838e-89aa2c4103c0@group-A09C527D8C6F-FollowerState: change to CANDIDATE, lastRpcTime:121ms, electionTimeout:120ms
2019-10-18 12:32:06,875 [Thread-695] INFO  impl.RoleInfo (RoleInfo.java:shutdownFollowerState(121)) - 67d877d9-ecd0-4b7d-838e-89aa2c4103c0: shutdown FollowerState
2019-10-18 12:32:06,877 [Thread-695] INFO  impl.RaftServerImpl (RaftServerImpl.java:setRole(184)) - 67d877d9-ecd0-4b7d-838e-89aa2c4103c0@group-A09C527D8C6F: changes role from  FOLLOWER to CANDIDATE at term 75 for changeToCandidate
2019-10-18 12:32:06,880 [Thread-695] INFO  impl.RoleInfo (RoleInfo.java:updateAndGet(143)) - 67d877d9-ecd0-4b7d-838e-89aa2c4103c0: start LeaderElection
2019-10-18 12:32:06,904 [67d877d9-ecd0-4b7d-838e-89aa2c4103c0@group-A09C527D8C6F-LeaderElection70] INFO  impl.LeaderElection (LeaderElection.java:askForVotes(178)) - 67d877d9-ecd0-4b7d-838e-89aa2c4103c0@group-A09C527D8C6F-LeaderElection70: begin an election at term 76 for -1: [c39ba312-e57f-4b8c-998e-32538a6d88da:192.168.34.56:44039, 67d877d9-ecd0-4b7d-838e-89aa2c4103c0:192.168.34.56:33816, 6af5dfc0-d4d0-48db-9aa9-c45e51549e54:192.168.34.56:32981], old=null
2019-10-18 12:32:06,908 [grpc-default-executor-0] INFO  impl.RaftServerImpl (RaftServerImpl.java:setRole(184)) - c39ba312-e57f-4b8c-998e-32538a6d88da@group-A09C527D8C6F: changes role from  FOLLOWER to FOLLOWER at term 76 for recognizeCandidate:67d877d9-ecd0-4b7d-838e-89aa2c4103c0
2019-10-18 12:32:06,908 [grpc-default-executor-0] INFO  impl.RoleInfo (RoleInfo.java:shutdownFollowerState(121)) - c39ba312-e57f-4b8c-998e-32538a6d88da: shutdown FollowerState
2019-10-18 12:32:06,908 [grpc-default-executor-3] INFO  impl.RaftServerImpl (RaftServerImpl.java:setRole(184)) - 6af5dfc0-d4d0-48db-9aa9-c45e51549e54@group-A09C527D8C6F: changes role from  FOLLOWER to FOLLOWER at term 76 for recognizeCandidate:67d877d9-ecd0-4b7d-838e-89aa2c4103c0
2019-10-18 12:32:06,908 [Thread-693] INFO  impl.FollowerState (FollowerState.java:run(117)) - c39ba312-e57f-4b8c-998e-32538a6d88da@group-A09C527D8C6F-FollowerState was interrupted: java.lang.InterruptedException: sleep interrupted
2019-10-18 12:32:06,908 [grpc-default-executor-0] INFO  impl.RoleInfo (RoleInfo.java:updateAndGet(143)) - c39ba312-e57f-4b8c-998e-32538a6d88da: start FollowerState
2019-10-18 12:32:06,908 [grpc-default-executor-3] INFO  impl.RoleInfo (RoleInfo.java:shutdownFollowerState(121)) - 6af5dfc0-d4d0-48db-9aa9-c45e51549e54: shutdown FollowerState
2019-10-18 12:32:06,909 [grpc-default-executor-3] INFO  impl.RoleInfo (RoleInfo.java:updateAndGet(143)) - 6af5dfc0-d4d0-48db-9aa9-c45e51549e54: start FollowerState
2019-10-18 12:32:06,909 [Thread-694] INFO  impl.FollowerState (FollowerState.java:run(117)) - 6af5dfc0-d4d0-48db-9aa9-c45e51549e54@group-A09C527D8C6F-FollowerState was interrupted: java.lang.InterruptedException: sleep interrupted
2019-10-18 12:32:06,955 [67d877d9-ecd0-4b7d-838e-89aa2c4103c0@group-A09C527D8C6F-LeaderElection70] INFO  impl.LeaderElection (LeaderElection.java:logAndReturn(56)) - 67d877d9-ecd0-4b7d-838e-89aa2c4103c0@group-A09C527D8C6F-LeaderElection70: Election REJECTED; received 2 response(s) [67d877d9-ecd0-4b7d-838e-89aa2c4103c0<-c39ba312-e57f-4b8c-998e-32538a6d88da#0:FAIL-t76, 67d877d9-ecd0-4b7d-838e-89aa2c4103c0<-6af5dfc0-d4d0-48db-9aa9-c45e51549e54#0:FAIL-t76] and 0 exception(s); 67d877d9-ecd0-4b7d-838e-89aa2c4103c0@group-A09C527D8C6F:t76, leader=null, voted=67d877d9-ecd0-4b7d-838e-89aa2c4103c0, raftlog=67d877d9-ecd0-4b7d-838e-89aa2c4103c0@group-A09C527D8C6F-SegmentedRaftLog:OPENED:c-1,f-1,i0, conf=-1: [c39ba312-e57f-4b8c-998e-32538a6d88da:192.168.34.56:44039, 67d877d9-ecd0-4b7d-838e-89aa2c4103c0:192.168.34.56:33816, 6af5dfc0-d4d0-48db-9aa9-c45e51549e54:192.168.34.56:32981], old=null
2019-10-18 12:32:06,956 [67d877d9-ecd0-4b7d-838e-89aa2c4103c0@group-A09C527D8C6F-LeaderElection70] INFO  impl.RaftServerImpl (RaftServerImpl.java:setRole(184)) - 67d877d9-ecd0-4b7d-838e-89aa2c4103c0@group-A09C527D8C6F: changes role from CANDIDATE to FOLLOWER at term 76 for DISCOVERED_A_NEW_TERM
2019-10-18 12:32:06,956 [67d877d9-ecd0-4b7d-838e-89aa2c4103c0@group-A09C527D8C6F-LeaderElection70] INFO  impl.RoleInfo (RoleInfo.java:shutdownLeaderElection(134)) - 67d877d9-ecd0-4b7d-838e-89aa2c4103c0: shutdown LeaderElection
2019-10-18 12:32:06,956 [67d877d9-ecd0-4b7d-838e-89aa2c4103c0@group-A09C527D8C6F-LeaderElection70] INFO  impl.RoleInfo (RoleInfo.java:updateAndGet(143)) - 67d877d9-ecd0-4b7d-838e-89aa2c4103c0: start FollowerState
2019-10-18 12:32:07,155 [Thread-701] INFO  impl.FollowerState (FollowerState.java:run(108)) - 67d877d9-ecd0-4b7d-838e-89aa2c4103c0@group-A09C527D8C6F-FollowerState: change to CANDIDATE, lastRpcTime:198ms, electionTimeout:198ms
2019-10-18 12:32:07,155 [Thread-701] INFO  impl.RoleInfo (RoleInfo.java:shutdownFollowerState(121)) - 67d877d9-ecd0-4b7d-838e-89aa2c4103c0: shutdown FollowerState
2019-10-18 12:32:07,156 [Thread-701] INFO  impl.RaftServerImpl (RaftServerImpl.java:setRole(184)) - 67d877d9-ecd0-4b7d-838e-89aa2c4103c0@group-A09C527D8C6F: changes role from  FOLLOWER to CANDIDATE at term 76 for changeToCandidate
2019-10-18 12:32:07,156 [Thread-701] INFO  impl.RoleInfo (RoleInfo.java:updateAndGet(143)) - 67d877d9-ecd0-4b7d-838e-89aa2c4103c0: start LeaderElection
2019-10-18 12:32:07,179 [67d877d9-ecd0-4b7d-838e-89aa2c4103c0@group-A09C527D8C6F-LeaderElection71] INFO  impl.LeaderElection (LeaderElection.java:askForVotes(178)) - 67d877d9-ecd0-4b7d-838e-89aa2c4103c0@group-A09C527D8C6F-LeaderElection71: begin an election at term 77 for -1: [c39ba312-e57f-4b8c-998e-32538a6d88da:192.168.34.56:44039, 67d877d9-ecd0-4b7d-838e-89aa2c4103c0:192.168.34.56:33816, 6af5dfc0-d4d0-48db-9aa9-c45e51549e54:192.168.34.56:32981], old=null
2019-10-18 12:32:07,182 [grpc-default-executor-3] INFO  impl.RaftServerImpl (RaftServerImpl.java:setRole(184)) - c39ba312-e57f-4b8c-998e-32538a6d88da@group-A09C527D8C6F: changes role from  FOLLOWER to FOLLOWER at term 77 for recognizeCandidate:67d877d9-ecd0-4b7d-838e-89aa2c4103c0
2019-10-18 12:32:07,183 [grpc-default-executor-3] INFO  impl.RoleInfo (RoleInfo.java:shutdownFollowerState(121)) - c39ba312-e57f-4b8c-998e-32538a6d88da: shutdown FollowerState
2019-10-18 12:32:07,182 [grpc-default-executor-0] INFO  impl.RaftServerImpl (RaftServerImpl.java:setRole(184)) - 6af5dfc0-d4d0-48db-9aa9-c45e51549e54@group-A09C527D8C6F: changes role from  FOLLOWER to FOLLOWER at term 77 for recognizeCandidate:67d877d9-ecd0-4b7d-838e-89aa2c4103c0
2019-10-18 12:32:07,183 [Thread-699] INFO  impl.FollowerState (FollowerState.java:run(117)) - c39ba312-e57f-4b8c-998e-32538a6d88da@group-A09C527D8C6F-FollowerState was interrupted: java.lang.InterruptedException: sleep interrupted
2019-10-18 12:32:07,183 [grpc-default-executor-3] INFO  impl.RoleInfo (RoleInfo.java:updateAndGet(143)) - c39ba312-e57f-4b8c-998e-32538a6d88da: start FollowerState
2019-10-18 12:32:07,183 [grpc-default-executor-0] INFO  impl.RoleInfo (RoleInfo.java:shutdownFollowerState(121)) - 6af5dfc0-d4d0-48db-9aa9-c45e51549e54: shutdown FollowerState
2019-10-18 12:32:07,184 [grpc-default-executor-0] INFO  impl.RoleInfo (RoleInfo.java:updateAndGet(143)) - 6af5dfc0-d4d0-48db-9aa9-c45e51549e54: start FollowerState
2019-10-18 12:32:07,184 [Thread-700] INFO  impl.FollowerState (FollowerState.java:run(117)) - 6af5dfc0-d4d0-48db-9aa9-c45e51549e54@group-A09C527D8C6F-FollowerState was interrupted: java.lang.InterruptedException: sleep interrupted
2019-10-18 12:32:07,225 [67d877d9-ecd0-4b7d-838e-89aa2c4103c0@group-A09C527D8C6F-LeaderElection71] INFO  impl.LeaderElection (LeaderElection.java:logAndReturn(56)) - 67d877d9-ecd0-4b7d-838e-89aa2c4103c0@group-A09C527D8C6F-LeaderElection71: Election TIMEOUT; received 0 response(s) [] and 0 exception(s); 67d877d9-ecd0-4b7d-838e-89aa2c4103c0@group-A09C527D8C6F:t77, leader=null, voted=67d877d9-ecd0-4b7d-838e-89aa2c4103c0, raftlog=67d877d9-ecd0-4b7d-838e-89aa2c4103c0@group-A09C527D8C6F-SegmentedRaftLog:OPENED:c-1,f-1,i0, conf=-1: [c39ba312-e57f-4b8c-998e-32538a6d88da:192.168.34.56:44039, 67d877d9-ecd0-4b7d-838e-89aa2c4103c0:192.168.34.56:33816, 6af5dfc0-d4d0-48db-9aa9-c45e51549e54:192.168.34.56:32981], old=null
2019-10-18 12:32:07,255 [67d877d9-ecd0-4b7d-838e-89aa2c4103c0@group-A09C527D8C6F-LeaderElection71] INFO  impl.LeaderElection (LeaderElection.java:askForVotes(178)) - 67d877d9-ecd0-4b7d-838e-89aa2c4103c0@group-A09C527D8C6F-LeaderElection71: begin an election at term 78 for -1: [c39ba312-e57f-4b8c-998e-32538a6d88da:192.168.34.56:44039, 67d877d9-ecd0-4b7d-838e-89aa2c4103c0:192.168.34.56:33816, 6af5dfc0-d4d0-48db-9aa9-c45e51549e54:192.168.34.56:32981], old=null
2019-10-18 12:32:07,258 [grpc-default-executor-3] INFO  impl.RaftServerImpl (RaftServerImpl.java:setRole(184)) - c39ba312-e57f-4b8c-998e-32538a6d88da@group-A09C527D8C6F: changes role from  FOLLOWER to FOLLOWER at term 78 for recognizeCandidate:67d877d9-ecd0-4b7d-838e-89aa2c4103c0
2019-10-18 12:32:07,258 [grpc-default-executor-0] INFO  impl.RaftServerImpl (RaftServerImpl.java:setRole(184)) - 6af5dfc0-d4d0-48db-9aa9-c45e51549e54@group-A09C527D8C6F: changes role from  FOLLOWER to FOLLOWER at term 78 for recognizeCandidate:67d877d9-ecd0-4b7d-838e-89aa2c4103c0
2019-10-18 12:32:07,258 [grpc-default-executor-3] INFO  impl.RoleInfo (RoleInfo.java:shutdownFollowerState(121)) - c39ba312-e57f-4b8c-998e-32538a6d88da: shutdown FollowerState
2019-10-18 12:32:07,258 [grpc-default-executor-0] INFO  impl.RoleInfo (RoleInfo.java:shutdownFollowerState(121)) - 6af5dfc0-d4d0-48db-9aa9-c45e51549e54: shutdown FollowerState
2019-10-18 12:32:07,258 [grpc-default-executor-3] INFO  impl.RoleInfo (RoleInfo.java:updateAndGet(143)) - c39ba312-e57f-4b8c-998e-32538a6d88da: start FollowerState
2019-10-18 12:32:07,259 [Thread-705] INFO  impl.FollowerState (FollowerState.java:run(117)) - c39ba312-e57f-4b8c-998e-32538a6d88da@group-A09C527D8C6F-FollowerState was interrupted: java.lang.InterruptedException: sleep interrupted
2019-10-18 12:32:07,259 [Thread-706] INFO  impl.FollowerState (FollowerState.java:run(117)) - 6af5dfc0-d4d0-48db-9aa9-c45e51549e54@group-A09C527D8C6F-FollowerState was interrupted: java.lang.InterruptedException: sleep interrupted
2019-10-18 12:32:07,259 [grpc-default-executor-0] INFO  impl.RoleInfo (RoleInfo.java:updateAndGet(143)) - 6af5dfc0-d4d0-48db-9aa9-c45e51549e54: start FollowerState
2019-10-18 12:32:07,272 [67d877d9-ecd0-4b7d-838e-89aa2c4103c0@group-A09C527D8C6F-LeaderElection71] INFO  impl.LeaderElection (LeaderElection.java:logAndReturn(56)) - 67d877d9-ecd0-4b7d-838e-89aa2c4103c0@group-A09C527D8C6F-LeaderElection71: Election TIMEOUT; received 0 response(s) [] and 0 exception(s); 67d877d9-ecd0-4b7d-838e-89aa2c4103c0@group-A09C527D8C6F:t78, leader=null, voted=67d877d9-ecd0-4b7d-838e-89aa2c4103c0, raftlog=67d877d9-ecd0-4b7d-838e-89aa2c4103c0@group-A09C527D8C6F-SegmentedRaftLog:OPENED:c-1,f-1,i0, conf=-1: [c39ba312-e57f-4b8c-998e-32538a6d88da:192.168.34.56:44039, 67d877d9-ecd0-4b7d-838e-89aa2c4103c0:192.168.34.56:33816, 6af5dfc0-d4d0-48db-9aa9-c45e51549e54:192.168.34.56:32981], old=null
2019-10-18 12:32:07,305 [67d877d9-ecd0-4b7d-838e-89aa2c4103c0@group-A09C527D8C6F-LeaderElection71] INFO  impl.LeaderElection (LeaderElection.java:askForVotes(178)) - 67d877d9-ecd0-4b7d-838e-89aa2c4103c0@group-A09C527D8C6F-LeaderElection71: begin an election at term 79 for -1: [c39ba312-e57f-4b8c-998e-32538a6d88da:192.168.34.56:44039, 67d877d9-ecd0-4b7d-838e-89aa2c4103c0:192.168.34.56:33816, 6af5dfc0-d4d0-48db-9aa9-c45e51549e54:192.168.34.56:32981], old=null
2019-10-18 12:32:07,309 [grpc-default-executor-3] INFO  impl.RaftServerImpl (RaftServerImpl.java:setRole(184)) - c39ba312-e57f-4b8c-998e-32538a6d88da@group-A09C527D8C6F: changes role from  FOLLOWER to FOLLOWER at term 79 for recognizeCandidate:67d877d9-ecd0-4b7d-838e-89aa2c4103c0
2019-10-18 12:32:07,309 [grpc-default-executor-0] INFO  impl.RaftServerImpl (RaftServerImpl.java:setRole(184)) - 6af5dfc0-d4d0-48db-9aa9-c45e51549e54@group-A09C527D8C6F: changes role from  FOLLOWER to FOLLOWER at term 79 for recognizeCandidate:67d877d9-ecd0-4b7d-838e-89aa2c4103c0
2019-10-18 12:32:07,309 [grpc-default-executor-3] INFO  impl.RoleInfo (RoleInfo.java:shutdownFollowerState(121)) - c39ba312-e57f-4b8c-998e-32538a6d88da: shutdown FollowerState
2019-10-18 12:32:07,309 [grpc-default-executor-0] INFO  impl.RoleInfo (RoleInfo.java:shutdownFollowerState(121)) - 6af5dfc0-d4d0-48db-9aa9-c45e51549e54: shutdown FollowerState
2019-10-18 12:32:07,309 [Thread-709] INFO  impl.FollowerState (FollowerState.java:run(117)) - c39ba312-e57f-4b8c-998e-32538a6d88da@group-A09C527D8C6F-FollowerState was interrupted: java.lang.InterruptedException: sleep interrupted
2019-10-18 12:32:07,309 [grpc-default-executor-3] INFO  impl.RoleInfo (RoleInfo.java:updateAndGet(143)) - c39ba312-e57f-4b8c-998e-32538a6d88da: start FollowerState
2019-10-18 12:32:07,310 [Thread-710] INFO  impl.FollowerState (FollowerState.java:run(117)) - 6af5dfc0-d4d0-48db-9aa9-c45e51549e54@group-A09C527D8C6F-FollowerState was interrupted: java.lang.InterruptedException: sleep interrupted
2019-10-18 12:32:07,309 [grpc-default-executor-0] INFO  impl.RoleInfo (RoleInfo.java:updateAndGet(143)) - 6af5dfc0-d4d0-48db-9aa9-c45e51549e54: start FollowerState
2019-10-18 12:32:07,311 [67d877d9-ecd0-4b7d-838e-89aa2c4103c0@group-A09C527D8C6F-LeaderElection71] INFO  impl.LeaderElection (LeaderElection.java:logAndReturn(56)) - 67d877d9-ecd0-4b7d-838e-89aa2c4103c0@group-A09C527D8C6F-LeaderElection71: Election TIMEOUT; received 0 response(s) [] and 0 exception(s); 67d877d9-ecd0-4b7d-838e-89aa2c4103c0@group-A09C527D8C6F:t79, leader=null, voted=67d877d9-ecd0-4b7d-838e-89aa2c4103c0, raftlog=67d877d9-ecd0-4b7d-838e-89aa2c4103c0@group-A09C527D8C6F-SegmentedRaftLog:OPENED:c-1,f-1,i0, conf=-1: [c39ba312-e57f-4b8c-998e-32538a6d88da:192.168.34.56:44039, 67d877d9-ecd0-4b7d-838e-89aa2c4103c0:192.168.34.56:33816, 6af5dfc0-d4d0-48db-9aa9-c45e51549e54:192.168.34.56:32981], old=null
2019-10-18 12:32:07,332 [67d877d9-ecd0-4b7d-838e-89aa2c4103c0@group-A09C527D8C6F-LeaderElection71] INFO  impl.LeaderElection (LeaderElection.java:askForVotes(178)) - 67d877d9-ecd0-4b7d-838e-89aa2c4103c0@group-A09C527D8C6F-LeaderElection71: begin an election at term 80 for -1: [c39ba312-e57f-4b8c-998e-32538a6d88da:192.168.34.56:44039, 67d877d9-ecd0-4b7d-838e-89aa2c4103c0:192.168.34.56:33816, 6af5dfc0-d4d0-48db-9aa9-c45e51549e54:192.168.34.56:32981], old=null
2019-10-18 12:32:07,334 [grpc-default-executor-3] INFO  impl.RaftServerImpl (RaftServerImpl.java:setRole(184)) - c39ba312-e57f-4b8c-998e-32538a6d88da@group-A09C527D8C6F: changes role from  FOLLOWER to FOLLOWER at term 80 for recognizeCandidate:67d877d9-ecd0-4b7d-838e-89aa2c4103c0
2019-10-18 12:32:07,334 [grpc-default-executor-0] INFO  impl.RaftServerImpl (RaftServerImpl.java:setRole(184)) - 6af5dfc0-d4d0-48db-9aa9-c45e51549e54@group-A09C527D8C6F: changes role from  FOLLOWER to FOLLOWER at term 80 for recognizeCandidate:67d877d9-ecd0-4b7d-838e-89aa2c4103c0
2019-10-18 12:32:07,335 [grpc-default-executor-3] INFO  impl.RoleInfo (RoleInfo.java:shutdownFollowerState(121)) - c39ba312-e57f-4b8c-998e-32538a6d88da: shutdown FollowerState
2019-10-18 12:32:07,335 [grpc-default-executor-0] INFO  impl.RoleInfo (RoleInfo.java:shutdownFollowerState(121)) - 6af5dfc0-d4d0-48db-9aa9-c45e51549e54: shutdown FollowerState
2019-10-18 12:32:07,335 [Thread-713] INFO  impl.FollowerState (FollowerState.java:run(117)) - c39ba312-e57f-4b8c-998e-32538a6d88da@group-A09C527D8C6F-FollowerState was interrupted: java.lang.InterruptedException: sleep interrupted
2019-10-18 12:32:07,335 [grpc-default-executor-3] INFO  impl.RoleInfo (RoleInfo.java:updateAndGet(143)) - c39ba312-e57f-4b8c-998e-32538a6d88da: start FollowerState
2019-10-18 12:32:07,335 [Thread-714] INFO  impl.FollowerState (FollowerState.java:run(117)) - 6af5dfc0-d4d0-48db-9aa9-c45e51549e54@group-A09C527D8C6F-FollowerState was interrupted: java.lang.InterruptedException: sleep interrupted
2019-10-18 12:32:07,335 [grpc-default-executor-0] INFO  impl.RoleInfo (RoleInfo.java:updateAndGet(143)) - 6af5dfc0-d4d0-48db-9aa9-c45e51549e54: start FollowerState
2019-10-18 12:32:07,359 [67d877d9-ecd0-4b7d-838e-89aa2c4103c0@group-A09C527D8C6F-LeaderElection71] INFO  impl.LeaderElection (LeaderElection.java:logAndReturn(56)) - 67d877d9-ecd0-4b7d-838e-89aa2c4103c0@group-A09C527D8C6F-LeaderElection71: Election REJECTED; received 2 response(s) [67d877d9-ecd0-4b7d-838e-89aa2c4103c0<-c39ba312-e57f-4b8c-998e-32538a6d88da#0:FAIL-t80, 67d877d9-ecd0-4b7d-838e-89aa2c4103c0<-6af5dfc0-d4d0-48db-9aa9-c45e51549e54#0:FAIL-t80] and 0 exception(s); 67d877d9-ecd0-4b7d-838e-89aa2c4103c0@group-A09C527D8C6F:t80, leader=null, voted=67d877d9-ecd0-4b7d-838e-89aa2c4103c0, raftlog=67d877d9-ecd0-4b7d-838e-89aa2c4103c0@group-A09C527D8C6F-SegmentedRaftLog:OPENED:c-1,f-1,i0, conf=-1: [c39ba312-e57f-4b8c-998e-32538a6d88da:192.168.34.56:44039, 67d877d9-ecd0-4b7d-838e-89aa2c4103c0:192.168.34.56:33816, 6af5dfc0-d4d0-48db-9aa9-c45e51549e54:192.168.34.56:32981], old=null
2019-10-18 12:32:07,360 [67d877d9-ecd0-4b7d-838e-89aa2c4103c0@group-A09C527D8C6F-LeaderElection71] INFO  impl.RaftServerImpl (RaftServerImpl.java:setRole(184)) - 67d877d9-ecd0-4b7d-838e-89aa2c4103c0@group-A09C527D8C6F: changes role from CANDIDATE to FOLLOWER at term 80 for DISCOVERED_A_NEW_TERM
2019-10-18 12:32:07,360 [67d877d9-ecd0-4b7d-838e-89aa2c4103c0@group-A09C527D8C6F-LeaderElection71] INFO  impl.RoleInfo (RoleInfo.java:shutdownLeaderElection(134)) - 67d877d9-ecd0-4b7d-838e-89aa2c4103c0: shutdown LeaderElection
2019-10-18 12:32:07,360 [67d877d9-ecd0-4b7d-838e-89aa2c4103c0@group-A09C527D8C6F-LeaderElection71] INFO  impl.RoleInfo (RoleInfo.java:updateAndGet(143)) - 67d877d9-ecd0-4b7d-838e-89aa2c4103c0: start FollowerState
2019-10-18 12:32:07,503 [Thread-720] INFO  impl.FollowerState (FollowerState.java:run(108)) - 67d877d9-ecd0-4b7d-838e-89aa2c4103c0@group-A09C527D8C6F-FollowerState: change to CANDIDATE, lastRpcTime:142ms, electionTimeout:142ms
2019-10-18 12:32:07,503 [Thread-720] INFO  impl.RoleInfo (RoleInfo.java:shutdownFollowerState(121)) - 67d877d9-ecd0-4b7d-838e-89aa2c4103c0: shutdown FollowerState
2019-10-18 12:32:07,504 [Thread-720] INFO  impl.RaftServerImpl (RaftServerImpl.java:setRole(184)) - 67d877d9-ecd0-4b7d-838e-89aa2c4103c0@group-A09C527D8C6F: changes role from  FOLLOWER to CANDIDATE at term 80 for changeToCandidate
2019-10-18 12:32:07,504 [Thread-720] INFO  impl.RoleInfo (RoleInfo.java:updateAndGet(143)) - 67d877d9-ecd0-4b7d-838e-89aa2c4103c0: start LeaderElection
2019-10-18 12:32:07,541 [67d877d9-ecd0-4b7d-838e-89aa2c4103c0@group-A09C527D8C6F-LeaderElection72] INFO  impl.LeaderElection (LeaderElection.java:askForVotes(178)) - 67d877d9-ecd0-4b7d-838e-89aa2c4103c0@group-A09C527D8C6F-LeaderElection72: begin an election at term 81 for -1: [c39ba312-e57f-4b8c-998e-32538a6d88da:192.168.34.56:44039, 67d877d9-ecd0-4b7d-838e-89aa2c4103c0:192.168.34.56:33816, 6af5dfc0-d4d0-48db-9aa9-c45e51549e54:192.168.34.56:32981], old=null
2019-10-18 12:32:07,544 [grpc-default-executor-1] INFO  impl.RaftServerImpl (RaftServerImpl.java:setRole(184)) - 6af5dfc0-d4d0-48db-9aa9-c45e51549e54@group-A09C527D8C6F: changes role from  FOLLOWER to FOLLOWER at term 81 for recognizeCandidate:67d877d9-ecd0-4b7d-838e-89aa2c4103c0
2019-10-18 12:32:07,545 [grpc-default-executor-1] INFO  impl.RoleInfo (RoleInfo.java:shutdownFollowerState(121)) - 6af5dfc0-d4d0-48db-9aa9-c45e51549e54: shutdown FollowerState
2019-10-18 12:32:07,544 [grpc-default-executor-3] INFO  impl.RaftServerImpl (RaftServerImpl.java:setRole(184)) - c39ba312-e57f-4b8c-998e-32538a6d88da@group-A09C527D8C6F: changes role from  FOLLOWER to FOLLOWER at term 81 for recognizeCandidate:67d877d9-ecd0-4b7d-838e-89aa2c4103c0
2019-10-18 12:32:07,545 [Thread-718] INFO  impl.FollowerState (FollowerState.java:run(117)) - 6af5dfc0-d4d0-48db-9aa9-c45e51549e54@group-A09C527D8C6F-FollowerState was interrupted: java.lang.InterruptedException: sleep interrupted
2019-10-18 12:32:07,545 [grpc-default-executor-1] INFO  impl.RoleInfo (RoleInfo.java:updateAndGet(143)) - 6af5dfc0-d4d0-48db-9aa9-c45e51549e54: start FollowerState
2019-10-18 12:32:07,545 [grpc-default-executor-3] INFO  impl.RoleInfo (RoleInfo.java:shutdownFollowerState(121)) - c39ba312-e57f-4b8c-998e-32538a6d88da: shutdown FollowerState
2019-10-18 12:32:07,546 [grpc-default-executor-3] INFO  impl.RoleInfo (RoleInfo.java:updateAndGet(143)) - c39ba312-e57f-4b8c-998e-32538a6d88da: start FollowerState
2019-10-18 12:32:07,546 [Thread-717] INFO  impl.FollowerState (FollowerState.java:run(117)) - c39ba312-e57f-4b8c-998e-32538a6d88da@group-A09C527D8C6F-FollowerState was interrupted: java.lang.InterruptedException: sleep interrupted
2019-10-18 12:32:07,576 [67d877d9-ecd0-4b7d-838e-89aa2c4103c0@group-A09C527D8C6F-LeaderElection72] INFO  impl.LeaderElection (LeaderElection.java:logAndReturn(56)) - 67d877d9-ecd0-4b7d-838e-89aa2c4103c0@group-A09C527D8C6F-LeaderElection72: Election REJECTED; received 2 response(s) [67d877d9-ecd0-4b7d-838e-89aa2c4103c0<-c39ba312-e57f-4b8c-998e-32538a6d88da#0:FAIL-t81, 67d877d9-ecd0-4b7d-838e-89aa2c4103c0<-6af5dfc0-d4d0-48db-9aa9-c45e51549e54#0:FAIL-t81] and 0 exception(s); 67d877d9-ecd0-4b7d-838e-89aa2c4103c0@group-A09C527D8C6F:t81, leader=null, voted=67d877d9-ecd0-4b7d-838e-89aa2c4103c0, raftlog=67d877d9-ecd0-4b7d-838e-89aa2c4103c0@group-A09C527D8C6F-SegmentedRaftLog:OPENED:c-1,f-1,i0, conf=-1: [c39ba312-e57f-4b8c-998e-32538a6d88da:192.168.34.56:44039, 67d877d9-ecd0-4b7d-838e-89aa2c4103c0:192.168.34.56:33816, 6af5dfc0-d4d0-48db-9aa9-c45e51549e54:192.168.34.56:32981], old=null
2019-10-18 12:32:07,577 [67d877d9-ecd0-4b7d-838e-89aa2c4103c0@group-A09C527D8C6F-LeaderElection72] INFO  impl.RaftServerImpl (RaftServerImpl.java:setRole(184)) - 67d877d9-ecd0-4b7d-838e-89aa2c4103c0@group-A09C527D8C6F: changes role from CANDIDATE to FOLLOWER at term 81 for DISCOVERED_A_NEW_TERM
2019-10-18 12:32:07,577 [67d877d9-ecd0-4b7d-838e-89aa2c4103c0@group-A09C527D8C6F-LeaderElection72] INFO  impl.RoleInfo (RoleInfo.java:shutdownLeaderElection(134)) - 67d877d9-ecd0-4b7d-838e-89aa2c4103c0: shutdown LeaderElection
2019-10-18 12:32:07,577 [67d877d9-ecd0-4b7d-838e-89aa2c4103c0@group-A09C527D8C6F-LeaderElection72] INFO  impl.RoleInfo (RoleInfo.java:updateAndGet(143)) - 67d877d9-ecd0-4b7d-838e-89aa2c4103c0: start FollowerState
2019-10-18 12:32:07,675 [Thread-727] INFO  impl.FollowerState (FollowerState.java:run(108)) - 67d877d9-ecd0-4b7d-838e-89aa2c4103c0@group-A09C527D8C6F-FollowerState: change to CANDIDATE, lastRpcTime:98ms, electionTimeout:98ms
2019-10-18 12:32:07,676 [Thread-727] INFO  impl.RoleInfo (RoleInfo.java:shutdownFollowerState(121)) - 67d877d9-ecd0-4b7d-838e-89aa2c4103c0: shutdown FollowerState
2019-10-18 12:32:07,676 [Thread-727] INFO  impl.RaftServerImpl (RaftServerImpl.java:setRole(184)) - 67d877d9-ecd0-4b7d-838e-89aa2c4103c0@group-A09C527D8C6F: changes role from  FOLLOWER to CANDIDATE at term 81 for changeToCandidate
2019-10-18 12:32:07,676 [Thread-727] INFO  impl.RoleInfo (RoleInfo.java:updateAndGet(143)) - 67d877d9-ecd0-4b7d-838e-89aa2c4103c0: start LeaderElection
2019-10-18 12:32:07,700 [67d877d9-ecd0-4b7d-838e-89aa2c4103c0@group-A09C527D8C6F-LeaderElection73] INFO  impl.LeaderElection (LeaderElection.java:askForVotes(178)) - 67d877d9-ecd0-4b7d-838e-89aa2c4103c0@group-A09C527D8C6F-LeaderElection73: begin an election at term 82 for -1: [c39ba312-e57f-4b8c-998e-32538a6d88da:192.168.34.56:44039, 67d877d9-ecd0-4b7d-838e-89aa2c4103c0:192.168.34.56:33816, 6af5dfc0-d4d0-48db-9aa9-c45e51549e54:192.168.34.56:32981], old=null
2019-10-18 12:32:07,703 [grpc-default-executor-1] INFO  impl.RaftServerImpl (RaftServerImpl.java:setRole(184)) - c39ba312-e57f-4b8c-998e-32538a6d88da@group-A09C527D8C6F: changes role from  FOLLOWER to FOLLOWER at term 82 for recognizeCandidate:67d877d9-ecd0-4b7d-838e-89aa2c4103c0
2019-10-18 12:32:07,703 [grpc-default-executor-3] INFO  impl.RaftServerImpl (RaftServerImpl.java:setRole(184)) - 6af5dfc0-d4d0-48db-9aa9-c45e51549e54@group-A09C527D8C6F: changes role from  FOLLOWER to FOLLOWER at term 82 for recognizeCandidate:67d877d9-ecd0-4b7d-838e-89aa2c4103c0
2019-10-18 12:32:07,704 [grpc-default-executor-1] INFO  impl.RoleInfo (RoleInfo.java:shutdownFollowerState(121)) - c39ba312-e57f-4b8c-998e-32538a6d88da: shutdown FollowerState
2019-10-18 12:32:07,704 [grpc-default-executor-3] INFO  impl.RoleInfo (RoleInfo.java:shutdownFollowerState(121)) - 6af5dfc0-d4d0-48db-9aa9-c45e51549e54: shutdown FollowerState
2019-10-18 12:32:07,704 [Thread-726] INFO  impl.FollowerState (FollowerState.java:run(117)) - c39ba312-e57f-4b8c-998e-32538a6d88da@group-A09C527D8C6F-FollowerState was interrupted: java.lang.InterruptedException: sleep interrupted
2019-10-18 12:32:07,704 [grpc-default-executor-1] INFO  impl.RoleInfo (RoleInfo.java:updateAndGet(143)) - c39ba312-e57f-4b8c-998e-32538a6d88da: start FollowerState
2019-10-18 12:32:07,704 [Thread-725] INFO  impl.FollowerState (FollowerState.java:run(117)) - 6af5dfc0-d4d0-48db-9aa9-c45e51549e54@group-A09C527D8C6F-FollowerState was interrupted: java.lang.InterruptedException: sleep interrupted
2019-10-18 12:32:07,704 [grpc-default-executor-3] INFO  impl.RoleInfo (RoleInfo.java:updateAndGet(143)) - 6af5dfc0-d4d0-48db-9aa9-c45e51549e54: start FollowerState
2019-10-18 12:32:07,719 [67d877d9-ecd0-4b7d-838e-89aa2c4103c0@group-A09C527D8C6F-LeaderElection73] INFO  impl.LeaderElection (LeaderElection.java:logAndReturn(56)) - 67d877d9-ecd0-4b7d-838e-89aa2c4103c0@group-A09C527D8C6F-LeaderElection73: Election TIMEOUT; received 0 response(s) [] and 0 exception(s); 67d877d9-ecd0-4b7d-838e-89aa2c4103c0@group-A09C527D8C6F:t82, leader=null, voted=67d877d9-ecd0-4b7d-838e-89aa2c4103c0, raftlog=67d877d9-ecd0-4b7d-838e-89aa2c4103c0@group-A09C527D8C6F-SegmentedRaftLog:OPENED:c-1,f-1,i0, conf=-1: [c39ba312-e57f-4b8c-998e-32538a6d88da:192.168.34.56:44039, 67d877d9-ecd0-4b7d-838e-89aa2c4103c0:192.168.34.56:33816, 6af5dfc0-d4d0-48db-9aa9-c45e51549e54:192.168.34.56:32981], old=null
2019-10-18 12:32:07,784 [67d877d9-ecd0-4b7d-838e-89aa2c4103c0@group-A09C527D8C6F-LeaderElection73] INFO  impl.LeaderElection (LeaderElection.java:askForVotes(178)) - 67d877d9-ecd0-4b7d-838e-89aa2c4103c0@group-A09C527D8C6F-LeaderElection73: begin an election at term 83 for -1: [c39ba312-e57f-4b8c-998e-32538a6d88da:192.168.34.56:44039, 67d877d9-ecd0-4b7d-838e-89aa2c4103c0:192.168.34.56:33816, 6af5dfc0-d4d0-48db-9aa9-c45e51549e54:192.168.34.56:32981], old=null
2019-10-18 12:32:07,787 [grpc-default-executor-3] INFO  impl.RaftServerImpl (RaftServerImpl.java:setRole(184)) - c39ba312-e57f-4b8c-998e-32538a6d88da@group-A09C527D8C6F: changes role from  FOLLOWER to FOLLOWER at term 83 for recognizeCandidate:67d877d9-ecd0-4b7d-838e-89aa2c4103c0
2019-10-18 12:32:07,787 [grpc-default-executor-1] INFO  impl.RaftServerImpl (RaftServerImpl.java:setRole(184)) - 6af5dfc0-d4d0-48db-9aa9-c45e51549e54@group-A09C527D8C6F: changes role from  FOLLOWER to FOLLOWER at term 83 for recognizeCandidate:67d877d9-ecd0-4b7d-838e-89aa2c4103c0
2019-10-18 12:32:07,788 [grpc-default-executor-3] INFO  impl.RoleInfo (RoleInfo.java:shutdownFollowerState(121)) - c39ba312-e57f-4b8c-998e-32538a6d88da: shutdown FollowerState
2019-10-18 12:32:07,788 [grpc-default-executor-1] INFO  impl.RoleInfo (RoleInfo.java:shutdownFollowerState(121)) - 6af5dfc0-d4d0-48db-9aa9-c45e51549e54: shutdown FollowerState
2019-10-18 12:32:07,788 [Thread-731] INFO  impl.FollowerState (FollowerState.java:run(117)) - c39ba312-e57f-4b8c-998e-32538a6d88da@group-A09C527D8C6F-FollowerState was interrupted: java.lang.InterruptedException: sleep interrupted
2019-10-18 12:32:07,788 [grpc-default-executor-3] INFO  impl.RoleInfo (RoleInfo.java:updateAndGet(143)) - c39ba312-e57f-4b8c-998e-32538a6d88da: start FollowerState
2019-10-18 12:32:07,788 [Thread-732] INFO  impl.FollowerState (FollowerState.java:run(117)) - 6af5dfc0-d4d0-48db-9aa9-c45e51549e54@group-A09C527D8C6F-FollowerState was interrupted: java.lang.InterruptedException: sleep interrupted
2019-10-18 12:32:07,788 [grpc-default-executor-1] INFO  impl.RoleInfo (RoleInfo.java:updateAndGet(143)) - 6af5dfc0-d4d0-48db-9aa9-c45e51549e54: start FollowerState
2019-10-18 12:32:07,819 [67d877d9-ecd0-4b7d-838e-89aa2c4103c0@group-A09C527D8C6F-LeaderElection73] INFO  impl.LeaderElection (LeaderElection.java:logAndReturn(56)) - 67d877d9-ecd0-4b7d-838e-89aa2c4103c0@group-A09C527D8C6F-LeaderElection73: Election REJECTED; received 2 response(s) [67d877d9-ecd0-4b7d-838e-89aa2c4103c0<-c39ba312-e57f-4b8c-998e-32538a6d88da#0:FAIL-t83, 67d877d9-ecd0-4b7d-838e-89aa2c4103c0<-6af5dfc0-d4d0-48db-9aa9-c45e51549e54#0:FAIL-t83] and 0 exception(s); 67d877d9-ecd0-4b7d-838e-89aa2c4103c0@group-A09C527D8C6F:t83, leader=null, voted=67d877d9-ecd0-4b7d-838e-89aa2c4103c0, raftlog=67d877d9-ecd0-4b7d-838e-89aa2c4103c0@group-A09C527D8C6F-SegmentedRaftLog:OPENED:c-1,f-1,i0, conf=-1: [c39ba312-e57f-4b8c-998e-32538a6d88da:192.168.34.56:44039, 67d877d9-ecd0-4b7d-838e-89aa2c4103c0:192.168.34.56:33816, 6af5dfc0-d4d0-48db-9aa9-c45e51549e54:192.168.34.56:32981], old=null
2019-10-18 12:32:07,820 [67d877d9-ecd0-4b7d-838e-89aa2c4103c0@group-A09C527D8C6F-LeaderElection73] INFO  impl.RaftServerImpl (RaftServerImpl.java:setRole(184)) - 67d877d9-ecd0-4b7d-838e-89aa2c4103c0@group-A09C527D8C6F: changes role from CANDIDATE to FOLLOWER at term 83 for DISCOVERED_A_NEW_TERM
2019-10-18 12:32:07,820 [67d877d9-ecd0-4b7d-838e-89aa2c4103c0@group-A09C527D8C6F-LeaderElection73] INFO  impl.RoleInfo (RoleInfo.java:shutdownLeaderElection(134)) - 67d877d9-ecd0-4b7d-838e-89aa2c4103c0: shutdown LeaderElection
2019-10-18 12:32:07,820 [67d877d9-ecd0-4b7d-838e-89aa2c4103c0@group-A09C527D8C6F-LeaderElection73] INFO  impl.RoleInfo (RoleInfo.java:updateAndGet(143)) - 67d877d9-ecd0-4b7d-838e-89aa2c4103c0: start FollowerState
2019-10-18 12:32:07,834 [Thread-737] INFO  impl.FollowerState (FollowerState.java:run(108)) - 67d877d9-ecd0-4b7d-838e-89aa2c4103c0@group-A09C527D8C6F-FollowerState: change to CANDIDATE, lastRpcTime:13ms, electionTimeout:13ms
2019-10-18 12:32:07,834 [Thread-737] INFO  impl.RoleInfo (RoleInfo.java:shutdownFollowerState(121)) - 67d877d9-ecd0-4b7d-838e-89aa2c4103c0: shutdown FollowerState
2019-10-18 12:32:07,835 [Thread-737] INFO  impl.RaftServerImpl (RaftServerImpl.java:setRole(184)) - 67d877d9-ecd0-4b7d-838e-89aa2c4103c0@group-A09C527D8C6F: changes role from  FOLLOWER to CANDIDATE at term 83 for changeToCandidate
2019-10-18 12:32:07,835 [Thread-737] INFO  impl.RoleInfo (RoleInfo.java:updateAndGet(143)) - 67d877d9-ecd0-4b7d-838e-89aa2c4103c0: start LeaderElection
2019-10-18 12:32:07,860 [67d877d9-ecd0-4b7d-838e-89aa2c4103c0@group-A09C527D8C6F-LeaderElection74] INFO  impl.LeaderElection (LeaderElection.java:askForVotes(178)) - 67d877d9-ecd0-4b7d-838e-89aa2c4103c0@group-A09C527D8C6F-LeaderElection74: begin an election at term 84 for -1: [c39ba312-e57f-4b8c-998e-32538a6d88da:192.168.34.56:44039, 67d877d9-ecd0-4b7d-838e-89aa2c4103c0:192.168.34.56:33816, 6af5dfc0-d4d0-48db-9aa9-c45e51549e54:192.168.34.56:32981], old=null
2019-10-18 12:32:07,867 [grpc-default-executor-1] INFO  impl.RaftServerImpl (RaftServerImpl.java:setRole(184)) - c39ba312-e57f-4b8c-998e-32538a6d88da@group-A09C527D8C6F: changes role from  FOLLOWER to FOLLOWER at term 84 for recognizeCandidate:67d877d9-ecd0-4b7d-838e-89aa2c4103c0
2019-10-18 12:32:07,867 [grpc-default-executor-3] INFO  impl.RaftServerImpl (RaftServerImpl.java:setRole(184)) - 6af5dfc0-d4d0-48db-9aa9-c45e51549e54@group-A09C527D8C6F: changes role from  FOLLOWER to FOLLOWER at term 84 for recognizeCandidate:67d877d9-ecd0-4b7d-838e-89aa2c4103c0
2019-10-18 12:32:07,867 [grpc-default-executor-1] INFO  impl.RoleInfo (RoleInfo.java:shutdownFollowerState(121)) - c39ba312-e57f-4b8c-998e-32538a6d88da: shutdown FollowerState
2019-10-18 12:32:07,867 [grpc-default-executor-3] INFO  impl.RoleInfo (RoleInfo.java:shutdownFollowerState(121)) - 6af5dfc0-d4d0-48db-9aa9-c45e51549e54: shutdown FollowerState
2019-10-18 12:32:07,867 [Thread-735] INFO  impl.FollowerState (FollowerState.java:run(117)) - c39ba312-e57f-4b8c-998e-32538a6d88da@group-A09C527D8C6F-FollowerState was interrupted: java.lang.InterruptedException: sleep interrupted
2019-10-18 12:32:07,867 [grpc-default-executor-1] INFO  impl.RoleInfo (RoleInfo.java:updateAndGet(143)) - c39ba312-e57f-4b8c-998e-32538a6d88da: start FollowerState
2019-10-18 12:32:07,868 [Thread-736] INFO  impl.FollowerState (FollowerState.java:run(117)) - 6af5dfc0-d4d0-48db-9aa9-c45e51549e54@group-A09C527D8C6F-FollowerState was interrupted: java.lang.InterruptedException: sleep interrupted
2019-10-18 12:32:07,868 [grpc-default-executor-3] INFO  impl.RoleInfo (RoleInfo.java:updateAndGet(143)) - 6af5dfc0-d4d0-48db-9aa9-c45e51549e54: start FollowerState
2019-10-18 12:32:07,895 [67d877d9-ecd0-4b7d-838e-89aa2c4103c0@group-A09C527D8C6F-LeaderElection74] INFO  impl.LeaderElection (LeaderElection.java:logAndReturn(56)) - 67d877d9-ecd0-4b7d-838e-89aa2c4103c0@group-A09C527D8C6F-LeaderElection74: Election REJECTED; received 2 response(s) [67d877d9-ecd0-4b7d-838e-89aa2c4103c0<-c39ba312-e57f-4b8c-998e-32538a6d88da#0:FAIL-t84, 67d877d9-ecd0-4b7d-838e-89aa2c4103c0<-6af5dfc0-d4d0-48db-9aa9-c45e51549e54#0:FAIL-t84] and 0 exception(s); 67d877d9-ecd0-4b7d-838e-89aa2c4103c0@group-A09C527D8C6F:t84, leader=null, voted=67d877d9-ecd0-4b7d-838e-89aa2c4103c0, raftlog=67d877d9-ecd0-4b7d-838e-89aa2c4103c0@group-A09C527D8C6F-SegmentedRaftLog:OPENED:c-1,f-1,i0, conf=-1: [c39ba312-e57f-4b8c-998e-32538a6d88da:192.168.34.56:44039, 67d877d9-ecd0-4b7d-838e-89aa2c4103c0:192.168.34.56:33816, 6af5dfc0-d4d0-48db-9aa9-c45e51549e54:192.168.34.56:32981], old=null
2019-10-18 12:32:07,896 [67d877d9-ecd0-4b7d-838e-89aa2c4103c0@group-A09C527D8C6F-LeaderElection74] INFO  impl.RaftServerImpl (RaftServerImpl.java:setRole(184)) - 67d877d9-ecd0-4b7d-838e-89aa2c4103c0@group-A09C527D8C6F: changes role from CANDIDATE to FOLLOWER at term 84 for DISCOVERED_A_NEW_TERM
2019-10-18 12:32:07,896 [67d877d9-ecd0-4b7d-838e-89aa2c4103c0@group-A09C527D8C6F-LeaderElection74] INFO  impl.RoleInfo (RoleInfo.java:shutdownLeaderElection(134)) - 67d877d9-ecd0-4b7d-838e-89aa2c4103c0: shutdown LeaderElection
2019-10-18 12:32:07,896 [67d877d9-ecd0-4b7d-838e-89aa2c4103c0@group-A09C527D8C6F-LeaderElection74] INFO  impl.RoleInfo (RoleInfo.java:updateAndGet(143)) - 67d877d9-ecd0-4b7d-838e-89aa2c4103c0: start FollowerState
2019-10-18 12:32:08,096 [Thread-743] INFO  impl.FollowerState (FollowerState.java:run(108)) - 67d877d9-ecd0-4b7d-838e-89aa2c4103c0@group-A09C527D8C6F-FollowerState: change to CANDIDATE, lastRpcTime:199ms, electionTimeout:199ms
2019-10-18 12:32:08,096 [Thread-743] INFO  impl.RoleInfo (RoleInfo.java:shutdownFollowerState(121)) - 67d877d9-ecd0-4b7d-838e-89aa2c4103c0: shutdown FollowerState
2019-10-18 12:32:08,096 [Thread-743] INFO  impl.RaftServerImpl (RaftServerImpl.java:setRole(184)) - 67d877d9-ecd0-4b7d-838e-89aa2c4103c0@group-A09C527D8C6F: changes role from  FOLLOWER to CANDIDATE at term 84 for changeToCandidate
2019-10-18 12:32:08,096 [Thread-743] INFO  impl.RoleInfo (RoleInfo.java:updateAndGet(143)) - 67d877d9-ecd0-4b7d-838e-89aa2c4103c0: start LeaderElection
2019-10-18 12:32:08,127 [67d877d9-ecd0-4b7d-838e-89aa2c4103c0@group-A09C527D8C6F-LeaderElection75] INFO  impl.LeaderElection (LeaderElection.java:askForVotes(178)) - 67d877d9-ecd0-4b7d-838e-89aa2c4103c0@group-A09C527D8C6F-LeaderElection75: begin an election at term 85 for -1: [c39ba312-e57f-4b8c-998e-32538a6d88da:192.168.34.56:44039, 67d877d9-ecd0-4b7d-838e-89aa2c4103c0:192.168.34.56:33816, 6af5dfc0-d4d0-48db-9aa9-c45e51549e54:192.168.34.56:32981], old=null
2019-10-18 12:32:08,131 [grpc-default-executor-1] INFO  impl.RaftServerImpl (RaftServerImpl.java:setRole(184)) - 6af5dfc0-d4d0-48db-9aa9-c45e51549e54@group-A09C527D8C6F: changes role from  FOLLOWER to FOLLOWER at term 85 for recognizeCandidate:67d877d9-ecd0-4b7d-838e-89aa2c4103c0
2019-10-18 12:32:08,131 [grpc-default-executor-3] INFO  impl.RaftServerImpl (RaftServerImpl.java:setRole(184)) - c39ba312-e57f-4b8c-998e-32538a6d88da@group-A09C527D8C6F: changes role from  FOLLOWER to FOLLOWER at term 85 for recognizeCandidate:67d877d9-ecd0-4b7d-838e-89aa2c4103c0
2019-10-18 12:32:08,131 [grpc-default-executor-1] INFO  impl.RoleInfo (RoleInfo.java:shutdownFollowerState(121)) - 6af5dfc0-d4d0-48db-9aa9-c45e51549e54: shutdown FollowerState
2019-10-18 12:32:08,131 [grpc-default-executor-3] INFO  impl.RoleInfo (RoleInfo.java:shutdownFollowerState(121)) - c39ba312-e57f-4b8c-998e-32538a6d88da: shutdown FollowerState
2019-10-18 12:32:08,132 [Thread-742] INFO  impl.FollowerState (FollowerState.java:run(117)) - 6af5dfc0-d4d0-48db-9aa9-c45e51549e54@group-A09C527D8C6F-FollowerState was interrupted: java.lang.InterruptedException: sleep interrupted
2019-10-18 12:32:08,131 [grpc-default-executor-1] INFO  impl.RoleInfo (RoleInfo.java:updateAndGet(143)) - 6af5dfc0-d4d0-48db-9aa9-c45e51549e54: start FollowerState
2019-10-18 12:32:08,132 [Thread-741] INFO  impl.FollowerState (FollowerState.java:run(117)) - c39ba312-e57f-4b8c-998e-32538a6d88da@group-A09C527D8C6F-FollowerState was interrupted: java.lang.InterruptedException: sleep interrupted
2019-10-18 12:32:08,132 [grpc-default-executor-3] INFO  impl.RoleInfo (RoleInfo.java:updateAndGet(143)) - c39ba312-e57f-4b8c-998e-32538a6d88da: start FollowerState
2019-10-18 12:32:08,162 [67d877d9-ecd0-4b7d-838e-89aa2c4103c0@group-A09C527D8C6F-LeaderElection75] INFO  impl.LeaderElection (LeaderElection.java:logAndReturn(56)) - 67d877d9-ecd0-4b7d-838e-89aa2c4103c0@group-A09C527D8C6F-LeaderElection75: Election REJECTED; received 2 response(s) [67d877d9-ecd0-4b7d-838e-89aa2c4103c0<-c39ba312-e57f-4b8c-998e-32538a6d88da#0:FAIL-t85, 67d877d9-ecd0-4b7d-838e-89aa2c4103c0<-6af5dfc0-d4d0-48db-9aa9-c45e51549e54#0:FAIL-t85] and 0 exception(s); 67d877d9-ecd0-4b7d-838e-89aa2c4103c0@group-A09C527D8C6F:t85, leader=null, voted=67d877d9-ecd0-4b7d-838e-89aa2c4103c0, raftlog=67d877d9-ecd0-4b7d-838e-89aa2c4103c0@group-A09C527D8C6F-SegmentedRaftLog:OPENED:c-1,f-1,i0, conf=-1: [c39ba312-e57f-4b8c-998e-32538a6d88da:192.168.34.56:44039, 67d877d9-ecd0-4b7d-838e-89aa2c4103c0:192.168.34.56:33816, 6af5dfc0-d4d0-48db-9aa9-c45e51549e54:192.168.34.56:32981], old=null
2019-10-18 12:32:08,163 [67d877d9-ecd0-4b7d-838e-89aa2c4103c0@group-A09C527D8C6F-LeaderElection75] INFO  impl.RaftServerImpl (RaftServerImpl.java:setRole(184)) - 67d877d9-ecd0-4b7d-838e-89aa2c4103c0@group-A09C527D8C6F: changes role from CANDIDATE to FOLLOWER at term 85 for DISCOVERED_A_NEW_TERM
2019-10-18 12:32:08,163 [67d877d9-ecd0-4b7d-838e-89aa2c4103c0@group-A09C527D8C6F-LeaderElection75] INFO  impl.RoleInfo (RoleInfo.java:shutdownLeaderElection(134)) - 67d877d9-ecd0-4b7d-838e-89aa2c4103c0: shutdown LeaderElection
2019-10-18 12:32:08,163 [67d877d9-ecd0-4b7d-838e-89aa2c4103c0@group-A09C527D8C6F-LeaderElection75] INFO  impl.RoleInfo (RoleInfo.java:updateAndGet(143)) - 67d877d9-ecd0-4b7d-838e-89aa2c4103c0: start FollowerState
2019-10-18 12:32:08,364 [Thread-749] INFO  impl.FollowerState (FollowerState.java:run(108)) - 67d877d9-ecd0-4b7d-838e-89aa2c4103c0@group-A09C527D8C6F-FollowerState: change to CANDIDATE, lastRpcTime:200ms, electionTimeout:200ms
2019-10-18 12:32:08,364 [Thread-749] INFO  impl.RoleInfo (RoleInfo.java:shutdownFollowerState(121)) - 67d877d9-ecd0-4b7d-838e-89aa2c4103c0: shutdown FollowerState
2019-10-18 12:32:08,364 [Thread-749] INFO  impl.RaftServerImpl (RaftServerImpl.java:setRole(184)) - 67d877d9-ecd0-4b7d-838e-89aa2c4103c0@group-A09C527D8C6F: changes role from  FOLLOWER to CANDIDATE at term 85 for changeToCandidate
2019-10-18 12:32:08,364 [Thread-749] INFO  impl.RoleInfo (RoleInfo.java:updateAndGet(143)) - 67d877d9-ecd0-4b7d-838e-89aa2c4103c0: start LeaderElection
2019-10-18 12:32:08,395 [67d877d9-ecd0-4b7d-838e-89aa2c4103c0@group-A09C527D8C6F-LeaderElection76] INFO  impl.LeaderElection (LeaderElection.java:askForVotes(178)) - 67d877d9-ecd0-4b7d-838e-89aa2c4103c0@group-A09C527D8C6F-LeaderElection76: begin an election at term 86 for -1: [c39ba312-e57f-4b8c-998e-32538a6d88da:192.168.34.56:44039, 67d877d9-ecd0-4b7d-838e-89aa2c4103c0:192.168.34.56:33816, 6af5dfc0-d4d0-48db-9aa9-c45e51549e54:192.168.34.56:32981], old=null
2019-10-18 12:32:08,399 [grpc-default-executor-1] INFO  impl.RaftServerImpl (RaftServerImpl.java:setRole(184)) - 6af5dfc0-d4d0-48db-9aa9-c45e51549e54@group-A09C527D8C6F: changes role from  FOLLOWER to FOLLOWER at term 86 for recognizeCandidate:67d877d9-ecd0-4b7d-838e-89aa2c4103c0
2019-10-18 12:32:08,399 [grpc-default-executor-1] INFO  impl.RoleInfo (RoleInfo.java:shutdownFollowerState(121)) - 6af5dfc0-d4d0-48db-9aa9-c45e51549e54: shutdown FollowerState
2019-10-18 12:32:08,399 [grpc-default-executor-1] INFO  impl.RoleInfo (RoleInfo.java:updateAndGet(143)) - 6af5dfc0-d4d0-48db-9aa9-c45e51549e54: start FollowerState
2019-10-18 12:32:08,399 [Thread-747] INFO  impl.FollowerState (FollowerState.java:run(117)) - 6af5dfc0-d4d0-48db-9aa9-c45e51549e54@group-A09C527D8C6F-FollowerState was interrupted: java.lang.InterruptedException: sleep interrupted
2019-10-18 12:32:08,404 [grpc-default-executor-3] INFO  impl.RaftServerImpl (RaftServerImpl.java:setRole(184)) - c39ba312-e57f-4b8c-998e-32538a6d88da@group-A09C527D8C6F: changes role from  FOLLOWER to FOLLOWER at term 86 for recognizeCandidate:67d877d9-ecd0-4b7d-838e-89aa2c4103c0
2019-10-18 12:32:08,404 [grpc-default-executor-3] INFO  impl.RoleInfo (RoleInfo.java:shutdownFollowerState(121)) - c39ba312-e57f-4b8c-998e-32538a6d88da: shutdown FollowerState
2019-10-18 12:32:08,404 [grpc-default-executor-3] INFO  impl.RoleInfo (RoleInfo.java:updateAndGet(143)) - c39ba312-e57f-4b8c-998e-32538a6d88da: start FollowerState
2019-10-18 12:32:08,404 [Thread-748] INFO  impl.FollowerState (FollowerState.java:run(117)) - c39ba312-e57f-4b8c-998e-32538a6d88da@group-A09C527D8C6F-FollowerState was interrupted: java.lang.InterruptedException: sleep interrupted
2019-10-18 12:32:08,422 [67d877d9-ecd0-4b7d-838e-89aa2c4103c0@group-A09C527D8C6F-LeaderElection76] INFO  impl.LeaderElection (LeaderElection.java:logAndReturn(56)) - 67d877d9-ecd0-4b7d-838e-89aa2c4103c0@group-A09C527D8C6F-LeaderElection76: Election TIMEOUT; received 0 response(s) [] and 0 exception(s); 67d877d9-ecd0-4b7d-838e-89aa2c4103c0@group-A09C527D8C6F:t86, leader=null, voted=67d877d9-ecd0-4b7d-838e-89aa2c4103c0, raftlog=67d877d9-ecd0-4b7d-838e-89aa2c4103c0@group-A09C527D8C6F-SegmentedRaftLog:OPENED:c-1,f-1,i0, conf=-1: [c39ba312-e57f-4b8c-998e-32538a6d88da:192.168.34.56:44039, 67d877d9-ecd0-4b7d-838e-89aa2c4103c0:192.168.34.56:33816, 6af5dfc0-d4d0-48db-9aa9-c45e51549e54:192.168.34.56:32981], old=null
2019-10-18 12:32:08,446 [67d877d9-ecd0-4b7d-838e-89aa2c4103c0@group-A09C527D8C6F-LeaderElection76] INFO  impl.LeaderElection (LeaderElection.java:askForVotes(178)) - 67d877d9-ecd0-4b7d-838e-89aa2c4103c0@group-A09C527D8C6F-LeaderElection76: begin an election at term 87 for -1: [c39ba312-e57f-4b8c-998e-32538a6d88da:192.168.34.56:44039, 67d877d9-ecd0-4b7d-838e-89aa2c4103c0:192.168.34.56:33816, 6af5dfc0-d4d0-48db-9aa9-c45e51549e54:192.168.34.56:32981], old=null
2019-10-18 12:32:08,448 [grpc-default-executor-1] INFO  impl.RaftServerImpl (RaftServerImpl.java:setRole(184)) - c39ba312-e57f-4b8c-998e-32538a6d88da@group-A09C527D8C6F: changes role from  FOLLOWER to FOLLOWER at term 87 for recognizeCandidate:67d877d9-ecd0-4b7d-838e-89aa2c4103c0
2019-10-18 12:32:08,448 [grpc-default-executor-3] INFO  impl.RaftServerImpl (RaftServerImpl.java:setRole(184)) - 6af5dfc0-d4d0-48db-9aa9-c45e51549e54@group-A09C527D8C6F: changes role from  FOLLOWER to FOLLOWER at term 87 for recognizeCandidate:67d877d9-ecd0-4b7d-838e-89aa2c4103c0
2019-10-18 12:32:08,448 [grpc-default-executor-1] INFO  impl.RoleInfo (RoleInfo.java:shutdownFollowerState(121)) - c39ba312-e57f-4b8c-998e-32538a6d88da: shutdown FollowerState
2019-10-18 12:32:08,449 [grpc-default-executor-3] INFO  impl.RoleInfo (RoleInfo.java:shutdownFollowerState(121)) - 6af5dfc0-d4d0-48db-9aa9-c45e51549e54: shutdown FollowerState
2019-10-18 12:32:08,449 [grpc-default-executor-1] INFO  impl.RoleInfo (RoleInfo.java:updateAndGet(143)) - c39ba312-e57f-4b8c-998e-32538a6d88da: start FollowerState
2019-10-18 12:32:08,449 [Thread-755] INFO  impl.FollowerState (FollowerState.java:run(117)) - 6af5dfc0-d4d0-48db-9aa9-c45e51549e54@group-A09C527D8C6F-FollowerState was interrupted: java.lang.InterruptedException: sleep interrupted
2019-10-18 12:32:08,449 [grpc-default-executor-3] INFO  impl.RoleInfo (RoleInfo.java:updateAndGet(143)) - 6af5dfc0-d4d0-48db-9aa9-c45e51549e54: start FollowerState
2019-10-18 12:32:08,449 [Thread-756] INFO  impl.FollowerState (FollowerState.java:run(117)) - c39ba312-e57f-4b8c-998e-32538a6d88da@group-A09C527D8C6F-FollowerState was interrupted: java.lang.InterruptedException: sleep interrupted
2019-10-18 12:32:08,464 [67d877d9-ecd0-4b7d-838e-89aa2c4103c0@group-A09C527D8C6F-LeaderElection76] INFO  impl.LeaderElection (LeaderElection.java:logAndReturn(56)) - 67d877d9-ecd0-4b7d-838e-89aa2c4103c0@group-A09C527D8C6F-LeaderElection76: Election TIMEOUT; received 0 response(s) [] and 0 exception(s); 67d877d9-ecd0-4b7d-838e-89aa2c4103c0@group-A09C527D8C6F:t87, leader=null, voted=67d877d9-ecd0-4b7d-838e-89aa2c4103c0, raftlog=67d877d9-ecd0-4b7d-838e-89aa2c4103c0@group-A09C527D8C6F-SegmentedRaftLog:OPENED:c-1,f-1,i0, conf=-1: [c39ba312-e57f-4b8c-998e-32538a6d88da:192.168.34.56:44039, 67d877d9-ecd0-4b7d-838e-89aa2c4103c0:192.168.34.56:33816, 6af5dfc0-d4d0-48db-9aa9-c45e51549e54:192.168.34.56:32981], old=null
2019-10-18 12:32:08,488 [67d877d9-ecd0-4b7d-838e-89aa2c4103c0@group-A09C527D8C6F-LeaderElection76] INFO  impl.LeaderElection (LeaderElection.java:askForVotes(178)) - 67d877d9-ecd0-4b7d-838e-89aa2c4103c0@group-A09C527D8C6F-LeaderElection76: begin an election at term 88 for -1: [c39ba312-e57f-4b8c-998e-32538a6d88da:192.168.34.56:44039, 67d877d9-ecd0-4b7d-838e-89aa2c4103c0:192.168.34.56:33816, 6af5dfc0-d4d0-48db-9aa9-c45e51549e54:192.168.34.56:32981], old=null
2019-10-18 12:32:08,490 [grpc-default-executor-3] INFO  impl.RaftServerImpl (RaftServerImpl.java:setRole(184)) - c39ba312-e57f-4b8c-998e-32538a6d88da@group-A09C527D8C6F: changes role from  FOLLOWER to FOLLOWER at term 88 for recognizeCandidate:67d877d9-ecd0-4b7d-838e-89aa2c4103c0
2019-10-18 12:32:08,491 [grpc-default-executor-1] INFO  impl.RaftServerImpl (RaftServerImpl.java:setRole(184)) - 6af5dfc0-d4d0-48db-9aa9-c45e51549e54@group-A09C527D8C6F: changes role from  FOLLOWER to FOLLOWER at term 88 for recognizeCandidate:67d877d9-ecd0-4b7d-838e-89aa2c4103c0
2019-10-18 12:32:08,491 [grpc-default-executor-3] INFO  impl.RoleInfo (RoleInfo.java:shutdownFollowerState(121)) - c39ba312-e57f-4b8c-998e-32538a6d88da: shutdown FollowerState
2019-10-18 12:32:08,491 [grpc-default-executor-1] INFO  impl.RoleInfo (RoleInfo.java:shutdownFollowerState(121)) - 6af5dfc0-d4d0-48db-9aa9-c45e51549e54: shutdown FollowerState
2019-10-18 12:32:08,491 [Thread-759] INFO  impl.FollowerState (FollowerState.java:run(117)) - c39ba312-e57f-4b8c-998e-32538a6d88da@group-A09C527D8C6F-FollowerState was interrupted: java.lang.InterruptedException: sleep interrupted
2019-10-18 12:32:08,491 [grpc-default-executor-3] INFO  impl.RoleInfo (RoleInfo.java:updateAndGet(143)) - c39ba312-e57f-4b8c-998e-32538a6d88da: start FollowerState
2019-10-18 12:32:08,491 [Thread-760] INFO  impl.FollowerState (FollowerState.java:run(117)) - 6af5dfc0-d4d0-48db-9aa9-c45e51549e54@group-A09C527D8C6F-FollowerState was interrupted: java.lang.InterruptedException: sleep interrupted
2019-10-18 12:32:08,491 [grpc-default-executor-1] INFO  impl.RoleInfo (RoleInfo.java:updateAndGet(143)) - 6af5dfc0-d4d0-48db-9aa9-c45e51549e54: start FollowerState
2019-10-18 12:32:08,514 [67d877d9-ecd0-4b7d-838e-89aa2c4103c0@group-A09C527D8C6F-LeaderElection76] INFO  impl.LeaderElection (LeaderElection.java:logAndReturn(56)) - 67d877d9-ecd0-4b7d-838e-89aa2c4103c0@group-A09C527D8C6F-LeaderElection76: Election REJECTED; received 2 response(s) [67d877d9-ecd0-4b7d-838e-89aa2c4103c0<-c39ba312-e57f-4b8c-998e-32538a6d88da#0:FAIL-t88, 67d877d9-ecd0-4b7d-838e-89aa2c4103c0<-6af5dfc0-d4d0-48db-9aa9-c45e51549e54#0:FAIL-t88] and 0 exception(s); 67d877d9-ecd0-4b7d-838e-89aa2c4103c0@group-A09C527D8C6F:t88, leader=null, voted=67d877d9-ecd0-4b7d-838e-89aa2c4103c0, raftlog=67d877d9-ecd0-4b7d-838e-89aa2c4103c0@group-A09C527D8C6F-SegmentedRaftLog:OPENED:c-1,f-1,i0, conf=-1: [c39ba312-e57f-4b8c-998e-32538a6d88da:192.168.34.56:44039, 67d877d9-ecd0-4b7d-838e-89aa2c4103c0:192.168.34.56:33816, 6af5dfc0-d4d0-48db-9aa9-c45e51549e54:192.168.34.56:32981], old=null
2019-10-18 12:32:08,515 [67d877d9-ecd0-4b7d-838e-89aa2c4103c0@group-A09C527D8C6F-LeaderElection76] INFO  impl.RaftServerImpl (RaftServerImpl.java:setRole(184)) - 67d877d9-ecd0-4b7d-838e-89aa2c4103c0@group-A09C527D8C6F: changes role from CANDIDATE to FOLLOWER at term 88 for DISCOVERED_A_NEW_TERM
2019-10-18 12:32:08,515 [67d877d9-ecd0-4b7d-838e-89aa2c4103c0@group-A09C527D8C6F-LeaderElection76] INFO  impl.RoleInfo (RoleInfo.java:shutdownLeaderElection(134)) - 67d877d9-ecd0-4b7d-838e-89aa2c4103c0: shutdown LeaderElection
2019-10-18 12:32:08,515 [67d877d9-ecd0-4b7d-838e-89aa2c4103c0@group-A09C527D8C6F-LeaderElection76] INFO  impl.RoleInfo (RoleInfo.java:updateAndGet(143)) - 67d877d9-ecd0-4b7d-838e-89aa2c4103c0: start FollowerState
2019-10-18 12:32:08,573 [Thread-765] INFO  impl.FollowerState (FollowerState.java:run(108)) - 67d877d9-ecd0-4b7d-838e-89aa2c4103c0@group-A09C527D8C6F-FollowerState: change to CANDIDATE, lastRpcTime:58ms, electionTimeout:58ms
2019-10-18 12:32:08,574 [Thread-765] INFO  impl.RoleInfo (RoleInfo.java:shutdownFollowerState(121)) - 67d877d9-ecd0-4b7d-838e-89aa2c4103c0: shutdown FollowerState
2019-10-18 12:32:08,574 [Thread-765] INFO  impl.RaftServerImpl (RaftServerImpl.java:setRole(184)) - 67d877d9-ecd0-4b7d-838e-89aa2c4103c0@group-A09C527D8C6F: changes role from  FOLLOWER to CANDIDATE at term 88 for changeToCandidate
2019-10-18 12:32:08,574 [Thread-765] INFO  impl.RoleInfo (RoleInfo.java:updateAndGet(143)) - 67d877d9-ecd0-4b7d-838e-89aa2c4103c0: start LeaderElection
2019-10-18 12:32:08,597 [67d877d9-ecd0-4b7d-838e-89aa2c4103c0@group-A09C527D8C6F-LeaderElection77] INFO  impl.LeaderElection (LeaderElection.java:askForVotes(178)) - 67d877d9-ecd0-4b7d-838e-89aa2c4103c0@group-A09C527D8C6F-LeaderElection77: begin an election at term 89 for -1: [c39ba312-e57f-4b8c-998e-32538a6d88da:192.168.34.56:44039, 67d877d9-ecd0-4b7d-838e-89aa2c4103c0:192.168.34.56:33816, 6af5dfc0-d4d0-48db-9aa9-c45e51549e54:192.168.34.56:32981], old=null
2019-10-18 12:32:08,600 [grpc-default-executor-1] INFO  impl.RaftServerImpl (RaftServerImpl.java:setRole(184)) - 6af5dfc0-d4d0-48db-9aa9-c45e51549e54@group-A09C527D8C6F: changes role from  FOLLOWER to FOLLOWER at term 89 for recognizeCandidate:67d877d9-ecd0-4b7d-838e-89aa2c4103c0
2019-10-18 12:32:08,600 [grpc-default-executor-1] INFO  impl.RoleInfo (RoleInfo.java:shutdownFollowerState(121)) - 6af5dfc0-d4d0-48db-9aa9-c45e51549e54: shutdown FollowerState
2019-10-18 12:32:08,600 [grpc-default-executor-3] INFO  impl.RaftServerImpl (RaftServerImpl.java:setRole(184)) - c39ba312-e57f-4b8c-998e-32538a6d88da@group-A09C527D8C6F: changes role from  FOLLOWER to FOLLOWER at term 89 for recognizeCandidate:67d877d9-ecd0-4b7d-838e-89aa2c4103c0
2019-10-18 12:32:08,600 [Thread-764] INFO  impl.FollowerState (FollowerState.java:run(117)) - 6af5dfc0-d4d0-48db-9aa9-c45e51549e54@group-A09C527D8C6F-FollowerState was interrupted: java.lang.InterruptedException: sleep interrupted
2019-10-18 12:32:08,600 [grpc-default-executor-1] INFO  impl.RoleInfo (RoleInfo.java:updateAndGet(143)) - 6af5dfc0-d4d0-48db-9aa9-c45e51549e54: start FollowerState
2019-10-18 12:32:08,600 [grpc-default-executor-3] INFO  impl.RoleInfo (RoleInfo.java:shutdownFollowerState(121)) - c39ba312-e57f-4b8c-998e-32538a6d88da: shutdown FollowerState
2019-10-18 12:32:08,601 [grpc-default-executor-3] INFO  impl.RoleInfo (RoleInfo.java:updateAndGet(143)) - c39ba312-e57f-4b8c-998e-32538a6d88da: start FollowerState
2019-10-18 12:32:08,601 [Thread-763] INFO  impl.FollowerState (FollowerState.java:run(117)) - c39ba312-e57f-4b8c-998e-32538a6d88da@group-A09C527D8C6F-FollowerState was interrupted: java.lang.InterruptedException: sleep interrupted
2019-10-18 12:32:08,624 [67d877d9-ecd0-4b7d-838e-89aa2c4103c0@group-A09C527D8C6F-LeaderElection77] INFO  impl.LeaderElection (LeaderElection.java:logAndReturn(56)) - 67d877d9-ecd0-4b7d-838e-89aa2c4103c0@group-A09C527D8C6F-LeaderElection77: Election REJECTED; received 2 response(s) [67d877d9-ecd0-4b7d-838e-89aa2c4103c0<-c39ba312-e57f-4b8c-998e-32538a6d88da#0:FAIL-t89, 67d877d9-ecd0-4b7d-838e-89aa2c4103c0<-6af5dfc0-d4d0-48db-9aa9-c45e51549e54#0:FAIL-t89] and 0 exception(s); 67d877d9-ecd0-4b7d-838e-89aa2c4103c0@group-A09C527D8C6F:t89, leader=null, voted=67d877d9-ecd0-4b7d-838e-89aa2c4103c0, raftlog=67d877d9-ecd0-4b7d-838e-89aa2c4103c0@group-A09C527D8C6F-SegmentedRaftLog:OPENED:c-1,f-1,i0, conf=-1: [c39ba312-e57f-4b8c-998e-32538a6d88da:192.168.34.56:44039, 67d877d9-ecd0-4b7d-838e-89aa2c4103c0:192.168.34.56:33816, 6af5dfc0-d4d0-48db-9aa9-c45e51549e54:192.168.34.56:32981], old=null
2019-10-18 12:32:08,624 [67d877d9-ecd0-4b7d-838e-89aa2c4103c0@group-A09C527D8C6F-LeaderElection77] INFO  impl.RaftServerImpl (RaftServerImpl.java:setRole(184)) - 67d877d9-ecd0-4b7d-838e-89aa2c4103c0@group-A09C527D8C6F: changes role from CANDIDATE to FOLLOWER at term 89 for DISCOVERED_A_NEW_TERM
2019-10-18 12:32:08,624 [67d877d9-ecd0-4b7d-838e-89aa2c4103c0@group-A09C527D8C6F-LeaderElection77] INFO  impl.RoleInfo (RoleInfo.java:shutdownLeaderElection(134)) - 67d877d9-ecd0-4b7d-838e-89aa2c4103c0: shutdown LeaderElection
2019-10-18 12:32:08,624 [67d877d9-ecd0-4b7d-838e-89aa2c4103c0@group-A09C527D8C6F-LeaderElection77] INFO  impl.RoleInfo (RoleInfo.java:updateAndGet(143)) - 67d877d9-ecd0-4b7d-838e-89aa2c4103c0: start FollowerState
2019-10-18 12:32:08,750 [Thread-771] INFO  impl.FollowerState (FollowerState.java:run(108)) - 67d877d9-ecd0-4b7d-838e-89aa2c4103c0@group-A09C527D8C6F-FollowerState: change to CANDIDATE, lastRpcTime:125ms, electionTimeout:125ms
2019-10-18 12:32:08,750 [Thread-771] INFO  impl.RoleInfo (RoleInfo.java:shutdownFollowerState(121)) - 67d877d9-ecd0-4b7d-838e-89aa2c4103c0: shutdown FollowerState
2019-10-18 12:32:08,750 [Thread-771] INFO  impl.RaftServerImpl (RaftServerImpl.java:setRole(184)) - 67d877d9-ecd0-4b7d-838e-89aa2c4103c0@group-A09C527D8C6F: changes role from  FOLLOWER to CANDIDATE at term 89 for changeToCandidate
2019-10-18 12:32:08,751 [Thread-771] INFO  impl.RoleInfo (RoleInfo.java:updateAndGet(143)) - 67d877d9-ecd0-4b7d-838e-89aa2c4103c0: start LeaderElection
2019-10-18 12:32:08,781 [67d877d9-ecd0-4b7d-838e-89aa2c4103c0@group-A09C527D8C6F-LeaderElection78] INFO  impl.LeaderElection (LeaderElection.java:askForVotes(178)) - 67d877d9-ecd0-4b7d-838e-89aa2c4103c0@group-A09C527D8C6F-LeaderElection78: begin an election at term 90 for -1: [c39ba312-e57f-4b8c-998e-32538a6d88da:192.168.34.56:44039, 67d877d9-ecd0-4b7d-838e-89aa2c4103c0:192.168.34.56:33816, 6af5dfc0-d4d0-48db-9aa9-c45e51549e54:192.168.34.56:32981], old=null
2019-10-18 12:32:08,785 [grpc-default-executor-3] INFO  impl.RaftServerImpl (RaftServerImpl.java:setRole(184)) - 6af5dfc0-d4d0-48db-9aa9-c45e51549e54@group-A09C527D8C6F: changes role from  FOLLOWER to FOLLOWER at term 90 for recognizeCandidate:67d877d9-ecd0-4b7d-838e-89aa2c4103c0
2019-10-18 12:32:08,785 [grpc-default-executor-1] INFO  impl.RaftServerImpl (RaftServerImpl.java:setRole(184)) - c39ba312-e57f-4b8c-998e-32538a6d88da@group-A09C527D8C6F: changes role from  FOLLOWER to FOLLOWER at term 90 for recognizeCandidate:67d877d9-ecd0-4b7d-838e-89aa2c4103c0
2019-10-18 12:32:08,785 [grpc-default-executor-1] INFO  impl.RoleInfo (RoleInfo.java:shutdownFollowerState(121)) - c39ba312-e57f-4b8c-998e-32538a6d88da: shutdown FollowerState
2019-10-18 12:32:08,785 [grpc-default-executor-3] INFO  impl.RoleInfo (RoleInfo.java:shutdownFollowerState(121)) - 6af5dfc0-d4d0-48db-9aa9-c45e51549e54: shutdown FollowerState
2019-10-18 12:32:08,786 [grpc-default-executor-1] INFO  impl.RoleInfo (RoleInfo.java:updateAndGet(143)) - c39ba312-e57f-4b8c-998e-32538a6d88da: start FollowerState
2019-10-18 12:32:08,786 [Thread-770] INFO  impl.FollowerState (FollowerState.java:run(117)) - c39ba312-e57f-4b8c-998e-32538a6d88da@group-A09C527D8C6F-FollowerState was interrupted: java.lang.InterruptedException: sleep interrupted
2019-10-18 12:32:08,786 [Thread-769] INFO  impl.FollowerState (FollowerState.java:run(117)) - 6af5dfc0-d4d0-48db-9aa9-c45e51549e54@group-A09C527D8C6F-FollowerState was interrupted: java.lang.InterruptedException: sleep interrupted
2019-10-18 12:32:08,786 [grpc-default-executor-3] INFO  impl.RoleInfo (RoleInfo.java:updateAndGet(143)) - 6af5dfc0-d4d0-48db-9aa9-c45e51549e54: start FollowerState
2019-10-18 12:32:08,817 [67d877d9-ecd0-4b7d-838e-89aa2c4103c0@group-A09C527D8C6F-LeaderElection78] INFO  impl.LeaderElection (LeaderElection.java:logAndReturn(56)) - 67d877d9-ecd0-4b7d-838e-89aa2c4103c0@group-A09C527D8C6F-LeaderElection78: Election REJECTED; received 2 response(s) [67d877d9-ecd0-4b7d-838e-89aa2c4103c0<-c39ba312-e57f-4b8c-998e-32538a6d88da#0:FAIL-t90, 67d877d9-ecd0-4b7d-838e-89aa2c4103c0<-6af5dfc0-d4d0-48db-9aa9-c45e51549e54#0:FAIL-t90] and 0 exception(s); 67d877d9-ecd0-4b7d-838e-89aa2c4103c0@group-A09C527D8C6F:t90, leader=null, voted=67d877d9-ecd0-4b7d-838e-89aa2c4103c0, raftlog=67d877d9-ecd0-4b7d-838e-89aa2c4103c0@group-A09C527D8C6F-SegmentedRaftLog:OPENED:c-1,f-1,i0, conf=-1: [c39ba312-e57f-4b8c-998e-32538a6d88da:192.168.34.56:44039, 67d877d9-ecd0-4b7d-838e-89aa2c4103c0:192.168.34.56:33816, 6af5dfc0-d4d0-48db-9aa9-c45e51549e54:192.168.34.56:32981], old=null
2019-10-18 12:32:08,818 [67d877d9-ecd0-4b7d-838e-89aa2c4103c0@group-A09C527D8C6F-LeaderElection78] INFO  impl.RaftServerImpl (RaftServerImpl.java:setRole(184)) - 67d877d9-ecd0-4b7d-838e-89aa2c4103c0@group-A09C527D8C6F: changes role from CANDIDATE to FOLLOWER at term 90 for DISCOVERED_A_NEW_TERM
2019-10-18 12:32:08,818 [67d877d9-ecd0-4b7d-838e-89aa2c4103c0@group-A09C527D8C6F-LeaderElection78] INFO  impl.RoleInfo (RoleInfo.java:shutdownLeaderElection(134)) - 67d877d9-ecd0-4b7d-838e-89aa2c4103c0: shutdown LeaderElection
2019-10-18 12:32:08,818 [67d877d9-ecd0-4b7d-838e-89aa2c4103c0@group-A09C527D8C6F-LeaderElection78] INFO  impl.RoleInfo (RoleInfo.java:updateAndGet(143)) - 67d877d9-ecd0-4b7d-838e-89aa2c4103c0: start FollowerState
2019-10-18 12:32:08,915 [Thread-777] INFO  impl.FollowerState (FollowerState.java:run(108)) - 67d877d9-ecd0-4b7d-838e-89aa2c4103c0@group-A09C527D8C6F-FollowerState: change to CANDIDATE, lastRpcTime:96ms, electionTimeout:96ms
2019-10-18 12:32:08,915 [Thread-777] INFO  impl.RoleInfo (RoleInfo.java:shutdownFollowerState(121)) - 67d877d9-ecd0-4b7d-838e-89aa2c4103c0: shutdown FollowerState
2019-10-18 12:32:08,915 [Thread-777] INFO  impl.RaftServerImpl (RaftServerImpl.java:setRole(184)) - 67d877d9-ecd0-4b7d-838e-89aa2c4103c0@group-A09C527D8C6F: changes role from  FOLLOWER to CANDIDATE at term 90 for changeToCandidate
2019-10-18 12:32:08,915 [Thread-777] INFO  impl.RoleInfo (RoleInfo.java:updateAndGet(143)) - 67d877d9-ecd0-4b7d-838e-89aa2c4103c0: start LeaderElection
2019-10-18 12:32:08,967 [67d877d9-ecd0-4b7d-838e-89aa2c4103c0@group-A09C527D8C6F-LeaderElection79] INFO  impl.LeaderElection (LeaderElection.java:askForVotes(178)) - 67d877d9-ecd0-4b7d-838e-89aa2c4103c0@group-A09C527D8C6F-LeaderElection79: begin an election at term 91 for -1: [c39ba312-e57f-4b8c-998e-32538a6d88da:192.168.34.56:44039, 67d877d9-ecd0-4b7d-838e-89aa2c4103c0:192.168.34.56:33816, 6af5dfc0-d4d0-48db-9aa9-c45e51549e54:192.168.34.56:32981], old=null
2019-10-18 12:32:08,971 [grpc-default-executor-1] INFO  impl.RaftServerImpl (RaftServerImpl.java:setRole(184)) - 6af5dfc0-d4d0-48db-9aa9-c45e51549e54@group-A09C527D8C6F: changes role from  FOLLOWER to FOLLOWER at term 91 for recognizeCandidate:67d877d9-ecd0-4b7d-838e-89aa2c4103c0
2019-10-18 12:32:08,971 [grpc-default-executor-3] INFO  impl.RaftServerImpl (RaftServerImpl.java:setRole(184)) - c39ba312-e57f-4b8c-998e-32538a6d88da@group-A09C527D8C6F: changes role from  FOLLOWER to FOLLOWER at term 91 for recognizeCandidate:67d877d9-ecd0-4b7d-838e-89aa2c4103c0
2019-10-18 12:32:08,971 [grpc-default-executor-1] INFO  impl.RoleInfo (RoleInfo.java:shutdownFollowerState(121)) - 6af5dfc0-d4d0-48db-9aa9-c45e51549e54: shutdown FollowerState
2019-10-18 12:32:08,971 [grpc-default-executor-3] INFO  impl.RoleInfo (RoleInfo.java:shutdownFollowerState(121)) - c39ba312-e57f-4b8c-998e-32538a6d88da: shutdown FollowerState
2019-10-18 12:32:08,972 [Thread-776] INFO  impl.FollowerState (FollowerState.java:run(117)) - 6af5dfc0-d4d0-48db-9aa9-c45e51549e54@group-A09C527D8C6F-FollowerState was interrupted: java.lang.InterruptedException: sleep interrupted
2019-10-18 12:32:08,972 [grpc-default-executor-1] INFO  impl.RoleInfo (RoleInfo.java:updateAndGet(143)) - 6af5dfc0-d4d0-48db-9aa9-c45e51549e54: start FollowerState
2019-10-18 12:32:08,972 [Thread-775] INFO  impl.FollowerState (FollowerState.java:run(117)) - c39ba312-e57f-4b8c-998e-32538a6d88da@group-A09C527D8C6F-FollowerState was interrupted: java.lang.InterruptedException: sleep interrupted
2019-10-18 12:32:08,972 [grpc-default-executor-3] INFO  impl.RoleInfo (RoleInfo.java:updateAndGet(143)) - c39ba312-e57f-4b8c-998e-32538a6d88da: start FollowerState
2019-10-18 12:32:09,010 [67d877d9-ecd0-4b7d-838e-89aa2c4103c0@group-A09C527D8C6F-LeaderElection79] INFO  impl.LeaderElection (LeaderElection.java:logAndReturn(56)) - 67d877d9-ecd0-4b7d-838e-89aa2c4103c0@group-A09C527D8C6F-LeaderElection79: Election REJECTED; received 2 response(s) [67d877d9-ecd0-4b7d-838e-89aa2c4103c0<-c39ba312-e57f-4b8c-998e-32538a6d88da#0:FAIL-t91, 67d877d9-ecd0-4b7d-838e-89aa2c4103c0<-6af5dfc0-d4d0-48db-9aa9-c45e51549e54#0:FAIL-t91] and 0 exception(s); 67d877d9-ecd0-4b7d-838e-89aa2c4103c0@group-A09C527D8C6F:t91, leader=null, voted=67d877d9-ecd0-4b7d-838e-89aa2c4103c0, raftlog=67d877d9-ecd0-4b7d-838e-89aa2c4103c0@group-A09C527D8C6F-SegmentedRaftLog:OPENED:c-1,f-1,i0, conf=-1: [c39ba312-e57f-4b8c-998e-32538a6d88da:192.168.34.56:44039, 67d877d9-ecd0-4b7d-838e-89aa2c4103c0:192.168.34.56:33816, 6af5dfc0-d4d0-48db-9aa9-c45e51549e54:192.168.34.56:32981], old=null
2019-10-18 12:32:09,010 [67d877d9-ecd0-4b7d-838e-89aa2c4103c0@group-A09C527D8C6F-LeaderElection79] INFO  impl.RaftServerImpl (RaftServerImpl.java:setRole(184)) - 67d877d9-ecd0-4b7d-838e-89aa2c4103c0@group-A09C527D8C6F: changes role from CANDIDATE to FOLLOWER at term 91 for DISCOVERED_A_NEW_TERM
2019-10-18 12:32:09,010 [67d877d9-ecd0-4b7d-838e-89aa2c4103c0@group-A09C527D8C6F-LeaderElection79] INFO  impl.RoleInfo (RoleInfo.java:shutdownLeaderElection(134)) - 67d877d9-ecd0-4b7d-838e-89aa2c4103c0: shutdown LeaderElection
2019-10-18 12:32:09,010 [67d877d9-ecd0-4b7d-838e-89aa2c4103c0@group-A09C527D8C6F-LeaderElection79] INFO  impl.RoleInfo (RoleInfo.java:updateAndGet(143)) - 67d877d9-ecd0-4b7d-838e-89aa2c4103c0: start FollowerState
2019-10-18 12:32:09,151 [Thread-783] INFO  impl.FollowerState (FollowerState.java:run(108)) - 67d877d9-ecd0-4b7d-838e-89aa2c4103c0@group-A09C527D8C6F-FollowerState: change to CANDIDATE, lastRpcTime:140ms, electionTimeout:140ms
2019-10-18 12:32:09,151 [Thread-783] INFO  impl.RoleInfo (RoleInfo.java:shutdownFollowerState(121)) - 67d877d9-ecd0-4b7d-838e-89aa2c4103c0: shutdown FollowerState
2019-10-18 12:32:09,151 [Thread-783] INFO  impl.RaftServerImpl (RaftServerImpl.java:setRole(184)) - 67d877d9-ecd0-4b7d-838e-89aa2c4103c0@group-A09C527D8C6F: changes role from  FOLLOWER to CANDIDATE at term 91 for changeToCandidate
2019-10-18 12:32:09,151 [Thread-783] INFO  impl.RoleInfo (RoleInfo.java:updateAndGet(143)) - 67d877d9-ecd0-4b7d-838e-89aa2c4103c0: start LeaderElection
2019-10-18 12:32:09,176 [67d877d9-ecd0-4b7d-838e-89aa2c4103c0@group-A09C527D8C6F-LeaderElection80] INFO  impl.LeaderElection (LeaderElection.java:askForVotes(178)) - 67d877d9-ecd0-4b7d-838e-89aa2c4103c0@group-A09C527D8C6F-LeaderElection80: begin an election at term 92 for -1: [c39ba312-e57f-4b8c-998e-32538a6d88da:192.168.34.56:44039, 67d877d9-ecd0-4b7d-838e-89aa2c4103c0:192.168.34.56:33816, 6af5dfc0-d4d0-48db-9aa9-c45e51549e54:192.168.34.56:32981], old=null
2019-10-18 12:32:09,178 [grpc-default-executor-1] INFO  impl.RaftServerImpl (RaftServerImpl.java:setRole(184)) - 6af5dfc0-d4d0-48db-9aa9-c45e51549e54@group-A09C527D8C6F: changes role from  FOLLOWER to FOLLOWER at term 92 for recognizeCandidate:67d877d9-ecd0-4b7d-838e-89aa2c4103c0
2019-10-18 12:32:09,179 [grpc-default-executor-1] INFO  impl.RoleInfo (RoleInfo.java:shutdownFollowerState(121)) - 6af5dfc0-d4d0-48db-9aa9-c45e51549e54: shutdown FollowerState
2019-10-18 12:32:09,178 [grpc-default-executor-3] INFO  impl.RaftServerImpl (RaftServerImpl.java:setRole(184)) - c39ba312-e57f-4b8c-998e-32538a6d88da@group-A09C527D8C6F: changes role from  FOLLOWER to FOLLOWER at term 92 for recognizeCandidate:67d877d9-ecd0-4b7d-838e-89aa2c4103c0
2019-10-18 12:32:09,179 [Thread-781] INFO  impl.FollowerState (FollowerState.java:run(117)) - 6af5dfc0-d4d0-48db-9aa9-c45e51549e54@group-A09C527D8C6F-FollowerState was interrupted: java.lang.InterruptedException: sleep interrupted
2019-10-18 12:32:09,179 [grpc-default-executor-1] INFO  impl.RoleInfo (RoleInfo.java:updateAndGet(143)) - 6af5dfc0-d4d0-48db-9aa9-c45e51549e54: start FollowerState
2019-10-18 12:32:09,179 [grpc-default-executor-3] INFO  impl.RoleInfo (RoleInfo.java:shutdownFollowerState(121)) - c39ba312-e57f-4b8c-998e-32538a6d88da: shutdown FollowerState
2019-10-18 12:32:09,180 [Thread-782] INFO  impl.FollowerState (FollowerState.java:run(117)) - c39ba312-e57f-4b8c-998e-32538a6d88da@group-A09C527D8C6F-FollowerState was interrupted: java.lang.InterruptedException: sleep interrupted
2019-10-18 12:32:09,180 [grpc-default-executor-3] INFO  impl.RoleInfo (RoleInfo.java:updateAndGet(143)) - c39ba312-e57f-4b8c-998e-32538a6d88da: start FollowerState
2019-10-18 12:32:09,202 [67d877d9-ecd0-4b7d-838e-89aa2c4103c0@group-A09C527D8C6F-LeaderElection80] INFO  impl.LeaderElection (LeaderElection.java:logAndReturn(56)) - 67d877d9-ecd0-4b7d-838e-89aa2c4103c0@group-A09C527D8C6F-LeaderElection80: Election REJECTED; received 2 response(s) [67d877d9-ecd0-4b7d-838e-89aa2c4103c0<-c39ba312-e57f-4b8c-998e-32538a6d88da#0:FAIL-t92, 67d877d9-ecd0-4b7d-838e-89aa2c4103c0<-6af5dfc0-d4d0-48db-9aa9-c45e51549e54#0:FAIL-t92] and 0 exception(s); 67d877d9-ecd0-4b7d-838e-89aa2c4103c0@group-A09C527D8C6F:t92, leader=null, voted=67d877d9-ecd0-4b7d-838e-89aa2c4103c0, raftlog=67d877d9-ecd0-4b7d-838e-89aa2c4103c0@group-A09C527D8C6F-SegmentedRaftLog:OPENED:c-1,f-1,i0, conf=-1: [c39ba312-e57f-4b8c-998e-32538a6d88da:192.168.34.56:44039, 67d877d9-ecd0-4b7d-838e-89aa2c4103c0:192.168.34.56:33816, 6af5dfc0-d4d0-48db-9aa9-c45e51549e54:192.168.34.56:32981], old=null
2019-10-18 12:32:09,202 [67d877d9-ecd0-4b7d-838e-89aa2c4103c0@group-A09C527D8C6F-LeaderElection80] INFO  impl.RaftServerImpl (RaftServerImpl.java:setRole(184)) - 67d877d9-ecd0-4b7d-838e-89aa2c4103c0@group-A09C527D8C6F: changes role from CANDIDATE to FOLLOWER at term 92 for DISCOVERED_A_NEW_TERM
2019-10-18 12:32:09,203 [67d877d9-ecd0-4b7d-838e-89aa2c4103c0@group-A09C527D8C6F-LeaderElection80] INFO  impl.RoleInfo (RoleInfo.java:shutdownLeaderElection(134)) - 67d877d9-ecd0-4b7d-838e-89aa2c4103c0: shutdown LeaderElection
2019-10-18 12:32:09,203 [67d877d9-ecd0-4b7d-838e-89aa2c4103c0@group-A09C527D8C6F-LeaderElection80] INFO  impl.RoleInfo (RoleInfo.java:updateAndGet(143)) - 67d877d9-ecd0-4b7d-838e-89aa2c4103c0: start FollowerState
2019-10-18 12:32:09,280 [Thread-789] INFO  impl.FollowerState (FollowerState.java:run(108)) - 67d877d9-ecd0-4b7d-838e-89aa2c4103c0@group-A09C527D8C6F-FollowerState: change to CANDIDATE, lastRpcTime:77ms, electionTimeout:77ms
2019-10-18 12:32:09,280 [Thread-789] INFO  impl.RoleInfo (RoleInfo.java:shutdownFollowerState(121)) - 67d877d9-ecd0-4b7d-838e-89aa2c4103c0: shutdown FollowerState
2019-10-18 12:32:09,280 [Thread-789] INFO  impl.RaftServerImpl (RaftServerImpl.java:setRole(184)) - 67d877d9-ecd0-4b7d-838e-89aa2c4103c0@group-A09C527D8C6F: changes role from  FOLLOWER to CANDIDATE at term 92 for changeToCandidate
2019-10-18 12:32:09,281 [Thread-789] INFO  impl.RoleInfo (RoleInfo.java:updateAndGet(143)) - 67d877d9-ecd0-4b7d-838e-89aa2c4103c0: start LeaderElection
2019-10-18 12:32:09,310 [67d877d9-ecd0-4b7d-838e-89aa2c4103c0@group-A09C527D8C6F-LeaderElection81] INFO  impl.LeaderElection (LeaderElection.java:askForVotes(178)) - 67d877d9-ecd0-4b7d-838e-89aa2c4103c0@group-A09C527D8C6F-LeaderElection81: begin an election at term 93 for -1: [c39ba312-e57f-4b8c-998e-32538a6d88da:192.168.34.56:44039, 67d877d9-ecd0-4b7d-838e-89aa2c4103c0:192.168.34.56:33816, 6af5dfc0-d4d0-48db-9aa9-c45e51549e54:192.168.34.56:32981], old=null
2019-10-18 12:32:09,313 [grpc-default-executor-1] INFO  impl.RaftServerImpl (RaftServerImpl.java:setRole(184)) - c39ba312-e57f-4b8c-998e-32538a6d88da@group-A09C527D8C6F: changes role from  FOLLOWER to FOLLOWER at term 93 for recognizeCandidate:67d877d9-ecd0-4b7d-838e-89aa2c4103c0
2019-10-18 12:32:09,313 [grpc-default-executor-1] INFO  impl.RoleInfo (RoleInfo.java:shutdownFollowerState(121)) - c39ba312-e57f-4b8c-998e-32538a6d88da: shutdown FollowerState
2019-10-18 12:32:09,313 [grpc-default-executor-3] INFO  impl.RaftServerImpl (RaftServerImpl.java:setRole(184)) - 6af5dfc0-d4d0-48db-9aa9-c45e51549e54@group-A09C527D8C6F: changes role from  FOLLOWER to FOLLOWER at term 93 for recognizeCandidate:67d877d9-ecd0-4b7d-838e-89aa2c4103c0
2019-10-18 12:32:09,313 [Thread-788] INFO  impl.FollowerState (FollowerState.java:run(117)) - c39ba312-e57f-4b8c-998e-32538a6d88da@group-A09C527D8C6F-FollowerState was interrupted: java.lang.InterruptedException: sleep interrupted
2019-10-18 12:32:09,313 [grpc-default-executor-1] INFO  impl.RoleInfo (RoleInfo.java:updateAndGet(143)) - c39ba312-e57f-4b8c-998e-32538a6d88da: start FollowerState
2019-10-18 12:32:09,314 [grpc-default-executor-3] INFO  impl.RoleInfo (RoleInfo.java:shutdownFollowerState(121)) - 6af5dfc0-d4d0-48db-9aa9-c45e51549e54: shutdown FollowerState
2019-10-18 12:32:09,314 [grpc-default-executor-3] INFO  impl.RoleInfo (RoleInfo.java:updateAndGet(143)) - 6af5dfc0-d4d0-48db-9aa9-c45e51549e54: start FollowerState
2019-10-18 12:32:09,314 [Thread-787] INFO  impl.FollowerState (FollowerState.java:run(117)) - 6af5dfc0-d4d0-48db-9aa9-c45e51549e54@group-A09C527D8C6F-FollowerState was interrupted: java.lang.InterruptedException: sleep interrupted
2019-10-18 12:32:09,345 [67d877d9-ecd0-4b7d-838e-89aa2c4103c0@group-A09C527D8C6F-LeaderElection81] INFO  impl.LeaderElection (LeaderElection.java:logAndReturn(56)) - 67d877d9-ecd0-4b7d-838e-89aa2c4103c0@group-A09C527D8C6F-LeaderElection81: Election REJECTED; received 2 response(s) [67d877d9-ecd0-4b7d-838e-89aa2c4103c0<-c39ba312-e57f-4b8c-998e-32538a6d88da#0:FAIL-t93, 67d877d9-ecd0-4b7d-838e-89aa2c4103c0<-6af5dfc0-d4d0-48db-9aa9-c45e51549e54#0:FAIL-t93] and 0 exception(s); 67d877d9-ecd0-4b7d-838e-89aa2c4103c0@group-A09C527D8C6F:t93, leader=null, voted=67d877d9-ecd0-4b7d-838e-89aa2c4103c0, raftlog=67d877d9-ecd0-4b7d-838e-89aa2c4103c0@group-A09C527D8C6F-SegmentedRaftLog:OPENED:c-1,f-1,i0, conf=-1: [c39ba312-e57f-4b8c-998e-32538a6d88da:192.168.34.56:44039, 67d877d9-ecd0-4b7d-838e-89aa2c4103c0:192.168.34.56:33816, 6af5dfc0-d4d0-48db-9aa9-c45e51549e54:192.168.34.56:32981], old=null
2019-10-18 12:32:09,345 [67d877d9-ecd0-4b7d-838e-89aa2c4103c0@group-A09C527D8C6F-LeaderElection81] INFO  impl.RaftServerImpl (RaftServerImpl.java:setRole(184)) - 67d877d9-ecd0-4b7d-838e-89aa2c4103c0@group-A09C527D8C6F: changes role from CANDIDATE to FOLLOWER at term 93 for DISCOVERED_A_NEW_TERM
2019-10-18 12:32:09,346 [67d877d9-ecd0-4b7d-838e-89aa2c4103c0@group-A09C527D8C6F-LeaderElection81] INFO  impl.RoleInfo (RoleInfo.java:shutdownLeaderElection(134)) - 67d877d9-ecd0-4b7d-838e-89aa2c4103c0: shutdown LeaderElection
2019-10-18 12:32:09,346 [67d877d9-ecd0-4b7d-838e-89aa2c4103c0@group-A09C527D8C6F-LeaderElection81] INFO  impl.RoleInfo (RoleInfo.java:updateAndGet(143)) - 67d877d9-ecd0-4b7d-838e-89aa2c4103c0: start FollowerState
2019-10-18 12:32:09,500 [Thread-795] INFO  impl.FollowerState (FollowerState.java:run(108)) - 67d877d9-ecd0-4b7d-838e-89aa2c4103c0@group-A09C527D8C6F-FollowerState: change to CANDIDATE, lastRpcTime:154ms, electionTimeout:154ms
2019-10-18 12:32:09,500 [Thread-795] INFO  impl.RoleInfo (RoleInfo.java:shutdownFollowerState(121)) - 67d877d9-ecd0-4b7d-838e-89aa2c4103c0: shutdown FollowerState
2019-10-18 12:32:09,501 [Thread-795] INFO  impl.RaftServerImpl (RaftServerImpl.java:setRole(184)) - 67d877d9-ecd0-4b7d-838e-89aa2c4103c0@group-A09C527D8C6F: changes role from  FOLLOWER to CANDIDATE at term 93 for changeToCandidate
2019-10-18 12:32:09,501 [Thread-795] INFO  impl.RoleInfo (RoleInfo.java:updateAndGet(143)) - 67d877d9-ecd0-4b7d-838e-89aa2c4103c0: start LeaderElection
2019-10-18 12:32:09,527 [67d877d9-ecd0-4b7d-838e-89aa2c4103c0@group-A09C527D8C6F-LeaderElection82] INFO  impl.LeaderElection (LeaderElection.java:askForVotes(178)) - 67d877d9-ecd0-4b7d-838e-89aa2c4103c0@group-A09C527D8C6F-LeaderElection82: begin an election at term 94 for -1: [c39ba312-e57f-4b8c-998e-32538a6d88da:192.168.34.56:44039, 67d877d9-ecd0-4b7d-838e-89aa2c4103c0:192.168.34.56:33816, 6af5dfc0-d4d0-48db-9aa9-c45e51549e54:192.168.34.56:32981], old=null
2019-10-18 12:32:09,531 [grpc-default-executor-3] INFO  impl.RaftServerImpl (RaftServerImpl.java:setRole(184)) - 6af5dfc0-d4d0-48db-9aa9-c45e51549e54@group-A09C527D8C6F: changes role from  FOLLOWER to FOLLOWER at term 94 for recognizeCandidate:67d877d9-ecd0-4b7d-838e-89aa2c4103c0
2019-10-18 12:32:09,531 [grpc-default-executor-1] INFO  impl.RaftServerImpl (RaftServerImpl.java:setRole(184)) - c39ba312-e57f-4b8c-998e-32538a6d88da@group-A09C527D8C6F: changes role from  FOLLOWER to FOLLOWER at term 94 for recognizeCandidate:67d877d9-ecd0-4b7d-838e-89aa2c4103c0
2019-10-18 12:32:09,532 [grpc-default-executor-3] INFO  impl.RoleInfo (RoleInfo.java:shutdownFollowerState(121)) - 6af5dfc0-d4d0-48db-9aa9-c45e51549e54: shutdown FollowerState
2019-10-18 12:32:09,532 [grpc-default-executor-1] INFO  impl.RoleInfo (RoleInfo.java:shutdownFollowerState(121)) - c39ba312-e57f-4b8c-998e-32538a6d88da: shutdown FollowerState
2019-10-18 12:32:09,532 [Thread-794] INFO  impl.FollowerState (FollowerState.java:run(117)) - 6af5dfc0-d4d0-48db-9aa9-c45e51549e54@group-A09C527D8C6F-FollowerState was interrupted: java.lang.InterruptedException: sleep interrupted
2019-10-18 12:32:09,532 [grpc-default-executor-3] INFO  impl.RoleInfo (RoleInfo.java:updateAndGet(143)) - 6af5dfc0-d4d0-48db-9aa9-c45e51549e54: start FollowerState
2019-10-18 12:32:09,532 [Thread-793] INFO  impl.FollowerState (FollowerState.java:run(117)) - c39ba312-e57f-4b8c-998e-32538a6d88da@group-A09C527D8C6F-FollowerState was interrupted: java.lang.InterruptedException: sleep interrupted
2019-10-18 12:32:09,532 [grpc-default-executor-1] INFO  impl.RoleInfo (RoleInfo.java:updateAndGet(143)) - c39ba312-e57f-4b8c-998e-32538a6d88da: start FollowerState
2019-10-18 12:32:09,563 [67d877d9-ecd0-4b7d-838e-89aa2c4103c0@group-A09C527D8C6F-LeaderElection82] INFO  impl.LeaderElection (LeaderElection.java:logAndReturn(56)) - 67d877d9-ecd0-4b7d-838e-89aa2c4103c0@group-A09C527D8C6F-LeaderElection82: Election REJECTED; received 2 response(s) [67d877d9-ecd0-4b7d-838e-89aa2c4103c0<-c39ba312-e57f-4b8c-998e-32538a6d88da#0:FAIL-t94, 67d877d9-ecd0-4b7d-838e-89aa2c4103c0<-6af5dfc0-d4d0-48db-9aa9-c45e51549e54#0:FAIL-t94] and 0 exception(s); 67d877d9-ecd0-4b7d-838e-89aa2c4103c0@group-A09C527D8C6F:t94, leader=null, voted=67d877d9-ecd0-4b7d-838e-89aa2c4103c0, raftlog=67d877d9-ecd0-4b7d-838e-89aa2c4103c0@group-A09C527D8C6F-SegmentedRaftLog:OPENED:c-1,f-1,i0, conf=-1: [c39ba312-e57f-4b8c-998e-32538a6d88da:192.168.34.56:44039, 67d877d9-ecd0-4b7d-838e-89aa2c4103c0:192.168.34.56:33816, 6af5dfc0-d4d0-48db-9aa9-c45e51549e54:192.168.34.56:32981], old=null
2019-10-18 12:32:09,563 [67d877d9-ecd0-4b7d-838e-89aa2c4103c0@group-A09C527D8C6F-LeaderElection82] INFO  impl.RaftServerImpl (RaftServerImpl.java:setRole(184)) - 67d877d9-ecd0-4b7d-838e-89aa2c4103c0@group-A09C527D8C6F: changes role from CANDIDATE to FOLLOWER at term 94 for DISCOVERED_A_NEW_TERM
2019-10-18 12:32:09,563 [67d877d9-ecd0-4b7d-838e-89aa2c4103c0@group-A09C527D8C6F-LeaderElection82] INFO  impl.RoleInfo (RoleInfo.java:shutdownLeaderElection(134)) - 67d877d9-ecd0-4b7d-838e-89aa2c4103c0: shutdown LeaderElection
2019-10-18 12:32:09,563 [67d877d9-ecd0-4b7d-838e-89aa2c4103c0@group-A09C527D8C6F-LeaderElection82] INFO  impl.RoleInfo (RoleInfo.java:updateAndGet(143)) - 67d877d9-ecd0-4b7d-838e-89aa2c4103c0: start FollowerState
2019-10-18 12:32:09,735 [Thread-803] INFO  impl.FollowerState (FollowerState.java:run(108)) - 67d877d9-ecd0-4b7d-838e-89aa2c4103c0@group-A09C527D8C6F-FollowerState: change to CANDIDATE, lastRpcTime:171ms, electionTimeout:171ms
2019-10-18 12:32:09,735 [Thread-803] INFO  impl.RoleInfo (RoleInfo.java:shutdownFollowerState(121)) - 67d877d9-ecd0-4b7d-838e-89aa2c4103c0: shutdown FollowerState
2019-10-18 12:32:09,735 [Thread-803] INFO  impl.RaftServerImpl (RaftServerImpl.java:setRole(184)) - 67d877d9-ecd0-4b7d-838e-89aa2c4103c0@group-A09C527D8C6F: changes role from  FOLLOWER to CANDIDATE at term 94 for changeToCandidate
2019-10-18 12:32:09,735 [Thread-803] INFO  impl.RoleInfo (RoleInfo.java:updateAndGet(143)) - 67d877d9-ecd0-4b7d-838e-89aa2c4103c0: start LeaderElection
2019-10-18 12:32:09,761 [67d877d9-ecd0-4b7d-838e-89aa2c4103c0@group-A09C527D8C6F-LeaderElection83] INFO  impl.LeaderElection (LeaderElection.java:askForVotes(178)) - 67d877d9-ecd0-4b7d-838e-89aa2c4103c0@group-A09C527D8C6F-LeaderElection83: begin an election at term 95 for -1: [c39ba312-e57f-4b8c-998e-32538a6d88da:192.168.34.56:44039, 67d877d9-ecd0-4b7d-838e-89aa2c4103c0:192.168.34.56:33816, 6af5dfc0-d4d0-48db-9aa9-c45e51549e54:192.168.34.56:32981], old=null
2019-10-18 12:32:09,765 [grpc-default-executor-1] INFO  impl.RaftServerImpl (RaftServerImpl.java:setRole(184)) - c39ba312-e57f-4b8c-998e-32538a6d88da@group-A09C527D8C6F: changes role from  FOLLOWER to FOLLOWER at term 95 for recognizeCandidate:67d877d9-ecd0-4b7d-838e-89aa2c4103c0
2019-10-18 12:32:09,765 [grpc-default-executor-3] INFO  impl.RaftServerImpl (RaftServerImpl.java:setRole(184)) - 6af5dfc0-d4d0-48db-9aa9-c45e51549e54@group-A09C527D8C6F: changes role from  FOLLOWER to FOLLOWER at term 95 for recognizeCandidate:67d877d9-ecd0-4b7d-838e-89aa2c4103c0
2019-10-18 12:32:09,765 [grpc-default-executor-1] INFO  impl.RoleInfo (RoleInfo.java:shutdownFollowerState(121)) - c39ba312-e57f-4b8c-998e-32538a6d88da: shutdown FollowerState
2019-10-18 12:32:09,766 [grpc-default-executor-3] INFO  impl.RoleInfo (RoleInfo.java:shutdownFollowerState(121)) - 6af5dfc0-d4d0-48db-9aa9-c45e51549e54: shutdown FollowerState
2019-10-18 12:32:09,766 [grpc-default-executor-3] INFO  impl.RoleInfo (RoleInfo.java:updateAndGet(143)) - 6af5dfc0-d4d0-48db-9aa9-c45e51549e54: start FollowerState
2019-10-18 12:32:09,766 [Thread-802] INFO  impl.FollowerState (FollowerState.java:run(117)) - c39ba312-e57f-4b8c-998e-32538a6d88da@group-A09C527D8C6F-FollowerState was interrupted: java.lang.InterruptedException: sleep interrupted
2019-10-18 12:32:09,766 [grpc-default-executor-1] INFO  impl.RoleInfo (RoleInfo.java:updateAndGet(143)) - c39ba312-e57f-4b8c-998e-32538a6d88da: start FollowerState
2019-10-18 12:32:09,766 [Thread-801] INFO  impl.FollowerState (FollowerState.java:run(117)) - 6af5dfc0-d4d0-48db-9aa9-c45e51549e54@group-A09C527D8C6F-FollowerState was interrupted: java.lang.InterruptedException: sleep interrupted
2019-10-18 12:32:09,797 [67d877d9-ecd0-4b7d-838e-89aa2c4103c0@group-A09C527D8C6F-LeaderElection83] INFO  impl.LeaderElection (LeaderElection.java:logAndReturn(56)) - 67d877d9-ecd0-4b7d-838e-89aa2c4103c0@group-A09C527D8C6F-LeaderElection83: Election REJECTED; received 2 response(s) [67d877d9-ecd0-4b7d-838e-89aa2c4103c0<-c39ba312-e57f-4b8c-998e-32538a6d88da#0:FAIL-t95, 67d877d9-ecd0-4b7d-838e-89aa2c4103c0<-6af5dfc0-d4d0-48db-9aa9-c45e51549e54#0:FAIL-t95] and 0 exception(s); 67d877d9-ecd0-4b7d-838e-89aa2c4103c0@group-A09C527D8C6F:t95, leader=null, voted=67d877d9-ecd0-4b7d-838e-89aa2c4103c0, raftlog=67d877d9-ecd0-4b7d-838e-89aa2c4103c0@group-A09C527D8C6F-SegmentedRaftLog:OPENED:c-1,f-1,i0, conf=-1: [c39ba312-e57f-4b8c-998e-32538a6d88da:192.168.34.56:44039, 67d877d9-ecd0-4b7d-838e-89aa2c4103c0:192.168.34.56:33816, 6af5dfc0-d4d0-48db-9aa9-c45e51549e54:192.168.34.56:32981], old=null
2019-10-18 12:32:09,797 [67d877d9-ecd0-4b7d-838e-89aa2c4103c0@group-A09C527D8C6F-LeaderElection83] INFO  impl.RaftServerImpl (RaftServerImpl.java:setRole(184)) - 67d877d9-ecd0-4b7d-838e-89aa2c4103c0@group-A09C527D8C6F: changes role from CANDIDATE to FOLLOWER at term 95 for DISCOVERED_A_NEW_TERM
2019-10-18 12:32:09,797 [67d877d9-ecd0-4b7d-838e-89aa2c4103c0@group-A09C527D8C6F-LeaderElection83] INFO  impl.RoleInfo (RoleInfo.java:shutdownLeaderElection(134)) - 67d877d9-ecd0-4b7d-838e-89aa2c4103c0: shutdown LeaderElection
2019-10-18 12:32:09,797 [67d877d9-ecd0-4b7d-838e-89aa2c4103c0@group-A09C527D8C6F-LeaderElection83] INFO  impl.RoleInfo (RoleInfo.java:updateAndGet(143)) - 67d877d9-ecd0-4b7d-838e-89aa2c4103c0: start FollowerState
2019-10-18 12:32:09,874 [Thread-809] INFO  impl.FollowerState (FollowerState.java:run(108)) - 67d877d9-ecd0-4b7d-838e-89aa2c4103c0@group-A09C527D8C6F-FollowerState: change to CANDIDATE, lastRpcTime:76ms, electionTimeout:76ms
2019-10-18 12:32:09,874 [Thread-809] INFO  impl.RoleInfo (RoleInfo.java:shutdownFollowerState(121)) - 67d877d9-ecd0-4b7d-838e-89aa2c4103c0: shutdown FollowerState
2019-10-18 12:32:09,874 [Thread-809] INFO  impl.RaftServerImpl (RaftServerImpl.java:setRole(184)) - 67d877d9-ecd0-4b7d-838e-89aa2c4103c0@group-A09C527D8C6F: changes role from  FOLLOWER to CANDIDATE at term 95 for changeToCandidate
2019-10-18 12:32:09,875 [Thread-809] INFO  impl.RoleInfo (RoleInfo.java:updateAndGet(143)) - 67d877d9-ecd0-4b7d-838e-89aa2c4103c0: start LeaderElection
2019-10-18 12:32:09,904 [67d877d9-ecd0-4b7d-838e-89aa2c4103c0@group-A09C527D8C6F-LeaderElection84] INFO  impl.LeaderElection (LeaderElection.java:askForVotes(178)) - 67d877d9-ecd0-4b7d-838e-89aa2c4103c0@group-A09C527D8C6F-LeaderElection84: begin an election at term 96 for -1: [c39ba312-e57f-4b8c-998e-32538a6d88da:192.168.34.56:44039, 67d877d9-ecd0-4b7d-838e-89aa2c4103c0:192.168.34.56:33816, 6af5dfc0-d4d0-48db-9aa9-c45e51549e54:192.168.34.56:32981], old=null
2019-10-18 12:32:09,909 [grpc-default-executor-3] INFO  impl.RaftServerImpl (RaftServerImpl.java:setRole(184)) - c39ba312-e57f-4b8c-998e-32538a6d88da@group-A09C527D8C6F: changes role from  FOLLOWER to FOLLOWER at term 96 for recognizeCandidate:67d877d9-ecd0-4b7d-838e-89aa2c4103c0
2019-10-18 12:32:09,909 [grpc-default-executor-1] INFO  impl.RaftServerImpl (RaftServerImpl.java:setRole(184)) - 6af5dfc0-d4d0-48db-9aa9-c45e51549e54@group-A09C527D8C6F: changes role from  FOLLOWER to FOLLOWER at term 96 for recognizeCandidate:67d877d9-ecd0-4b7d-838e-89aa2c4103c0
2019-10-18 12:32:09,909 [grpc-default-executor-3] INFO  impl.RoleInfo (RoleInfo.java:shutdownFollowerState(121)) - c39ba312-e57f-4b8c-998e-32538a6d88da: shutdown FollowerState
2019-10-18 12:32:09,909 [grpc-default-executor-1] INFO  impl.RoleInfo (RoleInfo.java:shutdownFollowerState(121)) - 6af5dfc0-d4d0-48db-9aa9-c45e51549e54: shutdown FollowerState
2019-10-18 12:32:09,909 [Thread-807] INFO  impl.FollowerState (FollowerState.java:run(117)) - c39ba312-e57f-4b8c-998e-32538a6d88da@group-A09C527D8C6F-FollowerState was interrupted: java.lang.InterruptedException: sleep interrupted
2019-10-18 12:32:09,909 [grpc-default-executor-3] INFO  impl.RoleInfo (RoleInfo.java:updateAndGet(143)) - c39ba312-e57f-4b8c-998e-32538a6d88da: start FollowerState
2019-10-18 12:32:09,909 [grpc-default-executor-1] INFO  impl.RoleInfo (RoleInfo.java:updateAndGet(143)) - 6af5dfc0-d4d0-48db-9aa9-c45e51549e54: start FollowerState
2019-10-18 12:32:09,909 [Thread-808] INFO  impl.FollowerState (FollowerState.java:run(117)) - 6af5dfc0-d4d0-48db-9aa9-c45e51549e54@group-A09C527D8C6F-FollowerState was interrupted: java.lang.InterruptedException: sleep interrupted
2019-10-18 12:32:09,916 [67d877d9-ecd0-4b7d-838e-89aa2c4103c0@group-A09C527D8C6F-LeaderElection84] INFO  impl.LeaderElection (LeaderElection.java:logAndReturn(56)) - 67d877d9-ecd0-4b7d-838e-89aa2c4103c0@group-A09C527D8C6F-LeaderElection84: Election TIMEOUT; received 0 response(s) [] and 0 exception(s); 67d877d9-ecd0-4b7d-838e-89aa2c4103c0@group-A09C527D8C6F:t96, leader=null, voted=67d877d9-ecd0-4b7d-838e-89aa2c4103c0, raftlog=67d877d9-ecd0-4b7d-838e-89aa2c4103c0@group-A09C527D8C6F-SegmentedRaftLog:OPENED:c-1,f-1,i0, conf=-1: [c39ba312-e57f-4b8c-998e-32538a6d88da:192.168.34.56:44039, 67d877d9-ecd0-4b7d-838e-89aa2c4103c0:192.168.34.56:33816, 6af5dfc0-d4d0-48db-9aa9-c45e51549e54:192.168.34.56:32981], old=null
2019-10-18 12:32:09,938 [67d877d9-ecd0-4b7d-838e-89aa2c4103c0@group-A09C527D8C6F-LeaderElection84] INFO  impl.LeaderElection (LeaderElection.java:askForVotes(178)) - 67d877d9-ecd0-4b7d-838e-89aa2c4103c0@group-A09C527D8C6F-LeaderElection84: begin an election at term 97 for -1: [c39ba312-e57f-4b8c-998e-32538a6d88da:192.168.34.56:44039, 67d877d9-ecd0-4b7d-838e-89aa2c4103c0:192.168.34.56:33816, 6af5dfc0-d4d0-48db-9aa9-c45e51549e54:192.168.34.56:32981], old=null
2019-10-18 12:32:09,940 [grpc-default-executor-1] INFO  impl.RaftServerImpl (RaftServerImpl.java:setRole(184)) - 6af5dfc0-d4d0-48db-9aa9-c45e51549e54@group-A09C527D8C6F: changes role from  FOLLOWER to FOLLOWER at term 97 for recognizeCandidate:67d877d9-ecd0-4b7d-838e-89aa2c4103c0
2019-10-18 12:32:09,940 [grpc-default-executor-1] INFO  impl.RoleInfo (RoleInfo.java:shutdownFollowerState(121)) - 6af5dfc0-d4d0-48db-9aa9-c45e51549e54: shutdown FollowerState
2019-10-18 12:32:09,940 [grpc-default-executor-3] INFO  impl.RaftServerImpl (RaftServerImpl.java:setRole(184)) - c39ba312-e57f-4b8c-998e-32538a6d88da@group-A09C527D8C6F: changes role from  FOLLOWER to FOLLOWER at term 97 for recognizeCandidate:67d877d9-ecd0-4b7d-838e-89aa2c4103c0
2019-10-18 12:32:09,940 [grpc-default-executor-1] INFO  impl.RoleInfo (RoleInfo.java:updateAndGet(143)) - 6af5dfc0-d4d0-48db-9aa9-c45e51549e54: start FollowerState
2019-10-18 12:32:09,940 [Thread-814] INFO  impl.FollowerState (FollowerState.java:run(117)) - 6af5dfc0-d4d0-48db-9aa9-c45e51549e54@group-A09C527D8C6F-FollowerState was interrupted: java.lang.InterruptedException: sleep interrupted
2019-10-18 12:32:09,941 [grpc-default-executor-3] INFO  impl.RoleInfo (RoleInfo.java:shutdownFollowerState(121)) - c39ba312-e57f-4b8c-998e-32538a6d88da: shutdown FollowerState
2019-10-18 12:32:09,941 [grpc-default-executor-3] INFO  impl.RoleInfo (RoleInfo.java:updateAndGet(143)) - c39ba312-e57f-4b8c-998e-32538a6d88da: start FollowerState
2019-10-18 12:32:09,941 [Thread-813] INFO  impl.FollowerState (FollowerState.java:run(117)) - c39ba312-e57f-4b8c-998e-32538a6d88da@group-A09C527D8C6F-FollowerState was interrupted: java.lang.InterruptedException: sleep interrupted
2019-10-18 12:32:09,964 [67d877d9-ecd0-4b7d-838e-89aa2c4103c0@group-A09C527D8C6F-LeaderElection84] INFO  impl.LeaderElection (LeaderElection.java:logAndReturn(56)) - 67d877d9-ecd0-4b7d-838e-89aa2c4103c0@group-A09C527D8C6F-LeaderElection84: Election REJECTED; received 2 response(s) [67d877d9-ecd0-4b7d-838e-89aa2c4103c0<-c39ba312-e57f-4b8c-998e-32538a6d88da#0:FAIL-t97, 67d877d9-ecd0-4b7d-838e-89aa2c4103c0<-6af5dfc0-d4d0-48db-9aa9-c45e51549e54#0:FAIL-t97] and 0 exception(s); 67d877d9-ecd0-4b7d-838e-89aa2c4103c0@group-A09C527D8C6F:t97, leader=null, voted=67d877d9-ecd0-4b7d-838e-89aa2c4103c0, raftlog=67d877d9-ecd0-4b7d-838e-89aa2c4103c0@group-A09C527D8C6F-SegmentedRaftLog:OPENED:c-1,f-1,i0, conf=-1: [c39ba312-e57f-4b8c-998e-32538a6d88da:192.168.34.56:44039, 67d877d9-ecd0-4b7d-838e-89aa2c4103c0:192.168.34.56:33816, 6af5dfc0-d4d0-48db-9aa9-c45e51549e54:192.168.34.56:32981], old=null
2019-10-18 12:32:09,965 [67d877d9-ecd0-4b7d-838e-89aa2c4103c0@group-A09C527D8C6F-LeaderElection84] INFO  impl.RaftServerImpl (RaftServerImpl.java:setRole(184)) - 67d877d9-ecd0-4b7d-838e-89aa2c4103c0@group-A09C527D8C6F: changes role from CANDIDATE to FOLLOWER at term 97 for DISCOVERED_A_NEW_TERM
2019-10-18 12:32:09,965 [67d877d9-ecd0-4b7d-838e-89aa2c4103c0@group-A09C527D8C6F-LeaderElection84] INFO  impl.RoleInfo (RoleInfo.java:shutdownLeaderElection(134)) - 67d877d9-ecd0-4b7d-838e-89aa2c4103c0: shutdown LeaderElection
2019-10-18 12:32:09,965 [67d877d9-ecd0-4b7d-838e-89aa2c4103c0@group-A09C527D8C6F-LeaderElection84] INFO  impl.RoleInfo (RoleInfo.java:updateAndGet(143)) - 67d877d9-ecd0-4b7d-838e-89aa2c4103c0: start FollowerState
2019-10-18 12:32:10,061 [Thread-819] INFO  impl.FollowerState (FollowerState.java:run(108)) - 67d877d9-ecd0-4b7d-838e-89aa2c4103c0@group-A09C527D8C6F-FollowerState: change to CANDIDATE, lastRpcTime:96ms, electionTimeout:96ms
2019-10-18 12:32:10,062 [Thread-819] INFO  impl.RoleInfo (RoleInfo.java:shutdownFollowerState(121)) - 67d877d9-ecd0-4b7d-838e-89aa2c4103c0: shutdown FollowerState
2019-10-18 12:32:10,062 [Thread-819] INFO  impl.RaftServerImpl (RaftServerImpl.java:setRole(184)) - 67d877d9-ecd0-4b7d-838e-89aa2c4103c0@group-A09C527D8C6F: changes role from  FOLLOWER to CANDIDATE at term 97 for changeToCandidate
2019-10-18 12:32:10,062 [Thread-819] INFO  impl.RoleInfo (RoleInfo.java:updateAndGet(143)) - 67d877d9-ecd0-4b7d-838e-89aa2c4103c0: start LeaderElection
2019-10-18 12:32:10,089 [67d877d9-ecd0-4b7d-838e-89aa2c4103c0@group-A09C527D8C6F-LeaderElection85] INFO  impl.LeaderElection (LeaderElection.java:askForVotes(178)) - 67d877d9-ecd0-4b7d-838e-89aa2c4103c0@group-A09C527D8C6F-LeaderElection85: begin an election at term 98 for -1: [c39ba312-e57f-4b8c-998e-32538a6d88da:192.168.34.56:44039, 67d877d9-ecd0-4b7d-838e-89aa2c4103c0:192.168.34.56:33816, 6af5dfc0-d4d0-48db-9aa9-c45e51549e54:192.168.34.56:32981], old=null
2019-10-18 12:32:10,092 [grpc-default-executor-1] INFO  impl.RaftServerImpl (RaftServerImpl.java:setRole(184)) - 6af5dfc0-d4d0-48db-9aa9-c45e51549e54@group-A09C527D8C6F: changes role from  FOLLOWER to FOLLOWER at term 98 for recognizeCandidate:67d877d9-ecd0-4b7d-838e-89aa2c4103c0
2019-10-18 12:32:10,092 [grpc-default-executor-1] INFO  impl.RoleInfo (RoleInfo.java:shutdownFollowerState(121)) - 6af5dfc0-d4d0-48db-9aa9-c45e51549e54: shutdown FollowerState
2019-10-18 12:32:10,092 [grpc-default-executor-3] INFO  impl.RaftServerImpl (RaftServerImpl.java:setRole(184)) - c39ba312-e57f-4b8c-998e-32538a6d88da@group-A09C527D8C6F: changes role from  FOLLOWER to FOLLOWER at term 98 for recognizeCandidate:67d877d9-ecd0-4b7d-838e-89aa2c4103c0
2019-10-18 12:32:10,092 [Thread-817] INFO  impl.FollowerState (FollowerState.java:run(117)) - 6af5dfc0-d4d0-48db-9aa9-c45e51549e54@group-A09C527D8C6F-FollowerState was interrupted: java.lang.InterruptedException: sleep interrupted
2019-10-18 12:32:10,092 [grpc-default-executor-1] INFO  impl.RoleInfo (RoleInfo.java:updateAndGet(143)) - 6af5dfc0-d4d0-48db-9aa9-c45e51549e54: start FollowerState
2019-10-18 12:32:10,093 [grpc-default-executor-3] INFO  impl.RoleInfo (RoleInfo.java:shutdownFollowerState(121)) - c39ba312-e57f-4b8c-998e-32538a6d88da: shutdown FollowerState
2019-10-18 12:32:10,093 [grpc-default-executor-3] INFO  impl.RoleInfo (RoleInfo.java:updateAndGet(143)) - c39ba312-e57f-4b8c-998e-32538a6d88da: start FollowerState
2019-10-18 12:32:10,093 [Thread-818] INFO  impl.FollowerState (FollowerState.java:run(117)) - c39ba312-e57f-4b8c-998e-32538a6d88da@group-A09C527D8C6F-FollowerState was interrupted: java.lang.InterruptedException: sleep interrupted
2019-10-18 12:32:10,124 [67d877d9-ecd0-4b7d-838e-89aa2c4103c0@group-A09C527D8C6F-LeaderElection85] INFO  impl.LeaderElection (LeaderElection.java:logAndReturn(56)) - 67d877d9-ecd0-4b7d-838e-89aa2c4103c0@group-A09C527D8C6F-LeaderElection85: Election REJECTED; received 2 response(s) [67d877d9-ecd0-4b7d-838e-89aa2c4103c0<-c39ba312-e57f-4b8c-998e-32538a6d88da#0:FAIL-t98, 67d877d9-ecd0-4b7d-838e-89aa2c4103c0<-6af5dfc0-d4d0-48db-9aa9-c45e51549e54#0:FAIL-t98] and 0 exception(s); 67d877d9-ecd0-4b7d-838e-89aa2c4103c0@group-A09C527D8C6F:t98, leader=null, voted=67d877d9-ecd0-4b7d-838e-89aa2c4103c0, raftlog=67d877d9-ecd0-4b7d-838e-89aa2c4103c0@group-A09C527D8C6F-SegmentedRaftLog:OPENED:c-1,f-1,i0, conf=-1: [c39ba312-e57f-4b8c-998e-32538a6d88da:192.168.34.56:44039, 67d877d9-ecd0-4b7d-838e-89aa2c4103c0:192.168.34.56:33816, 6af5dfc0-d4d0-48db-9aa9-c45e51549e54:192.168.34.56:32981], old=null
2019-10-18 12:32:10,124 [67d877d9-ecd0-4b7d-838e-89aa2c4103c0@group-A09C527D8C6F-LeaderElection85] INFO  impl.RaftServerImpl (RaftServerImpl.java:setRole(184)) - 67d877d9-ecd0-4b7d-838e-89aa2c4103c0@group-A09C527D8C6F: changes role from CANDIDATE to FOLLOWER at term 98 for DISCOVERED_A_NEW_TERM
2019-10-18 12:32:10,124 [67d877d9-ecd0-4b7d-838e-89aa2c4103c0@group-A09C527D8C6F-LeaderElection85] INFO  impl.RoleInfo (RoleInfo.java:shutdownLeaderElection(134)) - 67d877d9-ecd0-4b7d-838e-89aa2c4103c0: shutdown LeaderElection
2019-10-18 12:32:10,125 [67d877d9-ecd0-4b7d-838e-89aa2c4103c0@group-A09C527D8C6F-LeaderElection85] INFO  impl.RoleInfo (RoleInfo.java:updateAndGet(143)) - 67d877d9-ecd0-4b7d-838e-89aa2c4103c0: start FollowerState
2019-10-18 12:32:10,302 [Thread-825] INFO  impl.FollowerState (FollowerState.java:run(108)) - 67d877d9-ecd0-4b7d-838e-89aa2c4103c0@group-A09C527D8C6F-FollowerState: change to CANDIDATE, lastRpcTime:177ms, electionTimeout:177ms
2019-10-18 12:32:10,302 [Thread-825] INFO  impl.RoleInfo (RoleInfo.java:shutdownFollowerState(121)) - 67d877d9-ecd0-4b7d-838e-89aa2c4103c0: shutdown FollowerState
2019-10-18 12:32:10,302 [Thread-825] INFO  impl.RaftServerImpl (RaftServerImpl.java:setRole(184)) - 67d877d9-ecd0-4b7d-838e-89aa2c4103c0@group-A09C527D8C6F: changes role from  FOLLOWER to CANDIDATE at term 98 for changeToCandidate
2019-10-18 12:32:10,303 [Thread-825] INFO  impl.RoleInfo (RoleInfo.java:updateAndGet(143)) - 67d877d9-ecd0-4b7d-838e-89aa2c4103c0: start LeaderElection
2019-10-18 12:32:11,314 [67d877d9-ecd0-4b7d-838e-89aa2c4103c0@group-A09C527D8C6F-LeaderElection86] INFO  impl.LeaderElection (LeaderElection.java:askForVotes(178)) - 67d877d9-ecd0-4b7d-838e-89aa2c4103c0@group-A09C527D8C6F-LeaderElection86: begin an election at term 99 for -1: [c39ba312-e57f-4b8c-998e-32538a6d88da:192.168.34.56:44039, 67d877d9-ecd0-4b7d-838e-89aa2c4103c0:192.168.34.56:33816, 6af5dfc0-d4d0-48db-9aa9-c45e51549e54:192.168.34.56:32981], old=null
2019-10-18 12:32:11,322 [grpc-default-executor-1] INFO  impl.RaftServerImpl (RaftServerImpl.java:setRole(184)) - 6af5dfc0-d4d0-48db-9aa9-c45e51549e54@group-A09C527D8C6F: changes role from  FOLLOWER to FOLLOWER at term 99 for recognizeCandidate:67d877d9-ecd0-4b7d-838e-89aa2c4103c0
2019-10-18 12:32:11,322 [grpc-default-executor-3] INFO  impl.RaftServerImpl (RaftServerImpl.java:setRole(184)) - c39ba312-e57f-4b8c-998e-32538a6d88da@group-A09C527D8C6F: changes role from  FOLLOWER to FOLLOWER at term 99 for recognizeCandidate:67d877d9-ecd0-4b7d-838e-89aa2c4103c0
2019-10-18 12:32:11,323 [grpc-default-executor-1] INFO  impl.RoleInfo (RoleInfo.java:shutdownFollowerState(121)) - 6af5dfc0-d4d0-48db-9aa9-c45e51549e54: shutdown FollowerState
2019-10-18 12:32:11,323 [grpc-default-executor-3] INFO  impl.RoleInfo (RoleInfo.java:shutdownFollowerState(121)) - c39ba312-e57f-4b8c-998e-32538a6d88da: shutdown FollowerState
2019-10-18 12:32:11,324 [grpc-default-executor-1] INFO  impl.RoleInfo (RoleInfo.java:updateAndGet(143)) - 6af5dfc0-d4d0-48db-9aa9-c45e51549e54: start FollowerState
2019-10-18 12:32:11,324 [Thread-824] INFO  impl.FollowerState (FollowerState.java:run(117)) - c39ba312-e57f-4b8c-998e-32538a6d88da@group-A09C527D8C6F-FollowerState was interrupted: java.lang.InterruptedException: sleep interrupted
2019-10-18 12:32:11,324 [grpc-default-executor-3] INFO  impl.RoleInfo (RoleInfo.java:updateAndGet(143)) - c39ba312-e57f-4b8c-998e-32538a6d88da: start FollowerState
2019-10-18 12:32:11,324 [Thread-823] INFO  impl.FollowerState (FollowerState.java:run(117)) - 6af5dfc0-d4d0-48db-9aa9-c45e51549e54@group-A09C527D8C6F-FollowerState was interrupted: java.lang.InterruptedException: sleep interrupted
2019-10-18 12:32:11,441 [67d877d9-ecd0-4b7d-838e-89aa2c4103c0@group-A09C527D8C6F-LeaderElection86] INFO  impl.LeaderElection (LeaderElection.java:logAndReturn(56)) - 67d877d9-ecd0-4b7d-838e-89aa2c4103c0@group-A09C527D8C6F-LeaderElection86: Election TIMEOUT; received 0 response(s) [] and 0 exception(s); 67d877d9-ecd0-4b7d-838e-89aa2c4103c0@group-A09C527D8C6F:t99, leader=null, voted=67d877d9-ecd0-4b7d-838e-89aa2c4103c0, raftlog=67d877d9-ecd0-4b7d-838e-89aa2c4103c0@group-A09C527D8C6F-SegmentedRaftLog:OPENED:c-1,f-1,i0, conf=-1: [c39ba312-e57f-4b8c-998e-32538a6d88da:192.168.34.56:44039, 67d877d9-ecd0-4b7d-838e-89aa2c4103c0:192.168.34.56:33816, 6af5dfc0-d4d0-48db-9aa9-c45e51549e54:192.168.34.56:32981], old=null
2019-10-18 12:32:13,958 [67d877d9-ecd0-4b7d-838e-89aa2c4103c0@group-A09C527D8C6F-LeaderElection86] INFO  impl.LeaderElection (LeaderElection.java:askForVotes(178)) - 67d877d9-ecd0-4b7d-838e-89aa2c4103c0@group-A09C527D8C6F-LeaderElection86: begin an election at term 100 for -1: [c39ba312-e57f-4b8c-998e-32538a6d88da:192.168.34.56:44039, 67d877d9-ecd0-4b7d-838e-89aa2c4103c0:192.168.34.56:33816, 6af5dfc0-d4d0-48db-9aa9-c45e51549e54:192.168.34.56:32981], old=null
2019-10-18 12:32:13,961 [grpc-default-executor-3] INFO  impl.RaftServerImpl (RaftServerImpl.java:setRole(184)) - c39ba312-e57f-4b8c-998e-32538a6d88da@group-A09C527D8C6F: changes role from  FOLLOWER to FOLLOWER at term 100 for recognizeCandidate:67d877d9-ecd0-4b7d-838e-89aa2c4103c0
2019-10-18 12:32:13,961 [grpc-default-executor-3] INFO  impl.RoleInfo (RoleInfo.java:shutdownFollowerState(121)) - c39ba312-e57f-4b8c-998e-32538a6d88da: shutdown FollowerState
2019-10-18 12:32:13,961 [grpc-default-executor-1] INFO  impl.RaftServerImpl (RaftServerImpl.java:setRole(184)) - 6af5dfc0-d4d0-48db-9aa9-c45e51549e54@group-A09C527D8C6F: changes role from  FOLLOWER to FOLLOWER at term 100 for recognizeCandidate:67d877d9-ecd0-4b7d-838e-89aa2c4103c0
2019-10-18 12:32:13,961 [grpc-default-executor-3] INFO  impl.RoleInfo (RoleInfo.java:updateAndGet(143)) - c39ba312-e57f-4b8c-998e-32538a6d88da: start FollowerState
2019-10-18 12:32:13,961 [Thread-832] INFO  impl.FollowerState (FollowerState.java:run(117)) - c39ba312-e57f-4b8c-998e-32538a6d88da@group-A09C527D8C6F-FollowerState was interrupted: java.lang.InterruptedException: sleep interrupted
2019-10-18 12:32:13,962 [grpc-default-executor-1] INFO  impl.RoleInfo (RoleInfo.java:shutdownFollowerState(121)) - 6af5dfc0-d4d0-48db-9aa9-c45e51549e54: shutdown FollowerState
2019-10-18 12:32:13,962 [grpc-default-executor-1] INFO  impl.RoleInfo (RoleInfo.java:updateAndGet(143)) - 6af5dfc0-d4d0-48db-9aa9-c45e51549e54: start FollowerState
2019-10-18 12:32:13,962 [Thread-831] INFO  impl.FollowerState (FollowerState.java:run(117)) - 6af5dfc0-d4d0-48db-9aa9-c45e51549e54@group-A09C527D8C6F-FollowerState was interrupted: java.lang.InterruptedException: sleep interrupted
2019-10-18 12:32:14,107 [67d877d9-ecd0-4b7d-838e-89aa2c4103c0@group-A09C527D8C6F-LeaderElection86] INFO  impl.LeaderElection (LeaderElection.java:logAndReturn(56)) - 67d877d9-ecd0-4b7d-838e-89aa2c4103c0@group-A09C527D8C6F-LeaderElection86: Election TIMEOUT; received 0 response(s) [] and 0 exception(s); 67d877d9-ecd0-4b7d-838e-89aa2c4103c0@group-A09C527D8C6F:t100, leader=null, voted=67d877d9-ecd0-4b7d-838e-89aa2c4103c0, raftlog=67d877d9-ecd0-4b7d-838e-89aa2c4103c0@group-A09C527D8C6F-SegmentedRaftLog:OPENED:c-1,f-1,i0, conf=-1: [c39ba312-e57f-4b8c-998e-32538a6d88da:192.168.34.56:44039, 67d877d9-ecd0-4b7d-838e-89aa2c4103c0:192.168.34.56:33816, 6af5dfc0-d4d0-48db-9aa9-c45e51549e54:192.168.34.56:32981], old=null
2019-10-18 12:32:17,862 [67d877d9-ecd0-4b7d-838e-89aa2c4103c0@group-A09C527D8C6F-LeaderElection86] INFO  impl.LeaderElection (LeaderElection.java:askForVotes(178)) - 67d877d9-ecd0-4b7d-838e-89aa2c4103c0@group-A09C527D8C6F-LeaderElection86: begin an election at term 101 for -1: [c39ba312-e57f-4b8c-998e-32538a6d88da:192.168.34.56:44039, 67d877d9-ecd0-4b7d-838e-89aa2c4103c0:192.168.34.56:33816, 6af5dfc0-d4d0-48db-9aa9-c45e51549e54:192.168.34.56:32981], old=null
2019-10-18 12:32:17,865 [grpc-default-executor-3] INFO  impl.RaftServerImpl (RaftServerImpl.java:setRole(184)) - 6af5dfc0-d4d0-48db-9aa9-c45e51549e54@group-A09C527D8C6F: changes role from  FOLLOWER to FOLLOWER at term 101 for recognizeCandidate:67d877d9-ecd0-4b7d-838e-89aa2c4103c0
2019-10-18 12:32:17,865 [grpc-default-executor-1] INFO  impl.RaftServerImpl (RaftServerImpl.java:setRole(184)) - c39ba312-e57f-4b8c-998e-32538a6d88da@group-A09C527D8C6F: changes role from  FOLLOWER to FOLLOWER at term 101 for recognizeCandidate:67d877d9-ecd0-4b7d-838e-89aa2c4103c0
2019-10-18 12:32:17,866 [grpc-default-executor-3] INFO  impl.RoleInfo (RoleInfo.java:shutdownFollowerState(121)) - 6af5dfc0-d4d0-48db-9aa9-c45e51549e54: shutdown FollowerState
2019-10-18 12:32:17,866 [grpc-default-executor-1] INFO  impl.RoleInfo (RoleInfo.java:shutdownFollowerState(121)) - c39ba312-e57f-4b8c-998e-32538a6d88da: shutdown FollowerState
2019-10-18 12:32:17,866 [Thread-842] INFO  impl.FollowerState (FollowerState.java:run(117)) - 6af5dfc0-d4d0-48db-9aa9-c45e51549e54@group-A09C527D8C6F-FollowerState was interrupted: java.lang.InterruptedException: sleep interrupted
2019-10-18 12:32:17,866 [Thread-841] INFO  impl.FollowerState (FollowerState.java:run(117)) - c39ba312-e57f-4b8c-998e-32538a6d88da@group-A09C527D8C6F-FollowerState was interrupted: java.lang.InterruptedException: sleep interrupted
2019-10-18 12:32:17,866 [grpc-default-executor-3] INFO  impl.RoleInfo (RoleInfo.java:updateAndGet(143)) - 6af5dfc0-d4d0-48db-9aa9-c45e51549e54: start FollowerState
2019-10-18 12:32:17,866 [grpc-default-executor-1] INFO  impl.RoleInfo (RoleInfo.java:updateAndGet(143)) - c39ba312-e57f-4b8c-998e-32538a6d88da: start FollowerState
2019-10-18 12:32:17,918 [67d877d9-ecd0-4b7d-838e-89aa2c4103c0@group-A09C527D8C6F-LeaderElection86] INFO  impl.LeaderElection (LeaderElection.java:logAndReturn(56)) - 67d877d9-ecd0-4b7d-838e-89aa2c4103c0@group-A09C527D8C6F-LeaderElection86: Election TIMEOUT; received 0 response(s) [] and 0 exception(s); 67d877d9-ecd0-4b7d-838e-89aa2c4103c0@group-A09C527D8C6F:t101, leader=null, voted=67d877d9-ecd0-4b7d-838e-89aa2c4103c0, raftlog=67d877d9-ecd0-4b7d-838e-89aa2c4103c0@group-A09C527D8C6F-SegmentedRaftLog:OPENED:c-1,f-1,i0, conf=-1: [c39ba312-e57f-4b8c-998e-32538a6d88da:192.168.34.56:44039, 67d877d9-ecd0-4b7d-838e-89aa2c4103c0:192.168.34.56:33816, 6af5dfc0-d4d0-48db-9aa9-c45e51549e54:192.168.34.56:32981], old=null
2019-10-18 12:32:22,422 [67d877d9-ecd0-4b7d-838e-89aa2c4103c0@group-A09C527D8C6F-LeaderElection86] INFO  impl.LeaderElection (LeaderElection.java:askForVotes(178)) - 67d877d9-ecd0-4b7d-838e-89aa2c4103c0@group-A09C527D8C6F-LeaderElection86: begin an election at term 102 for -1: [c39ba312-e57f-4b8c-998e-32538a6d88da:192.168.34.56:44039, 67d877d9-ecd0-4b7d-838e-89aa2c4103c0:192.168.34.56:33816, 6af5dfc0-d4d0-48db-9aa9-c45e51549e54:192.168.34.56:32981], old=null
2019-10-18 12:32:22,426 [grpc-default-executor-1] INFO  impl.RaftServerImpl (RaftServerImpl.java:setRole(184)) - 6af5dfc0-d4d0-48db-9aa9-c45e51549e54@group-A09C527D8C6F: changes role from  FOLLOWER to FOLLOWER at term 102 for recognizeCandidate:67d877d9-ecd0-4b7d-838e-89aa2c4103c0
2019-10-18 12:32:22,426 [grpc-default-executor-3] INFO  impl.RaftServerImpl (RaftServerImpl.java:setRole(184)) - c39ba312-e57f-4b8c-998e-32538a6d88da@group-A09C527D8C6F: changes role from  FOLLOWER to FOLLOWER at term 102 for recognizeCandidate:67d877d9-ecd0-4b7d-838e-89aa2c4103c0
2019-10-18 12:32:22,426 [grpc-default-executor-1] INFO  impl.RoleInfo (RoleInfo.java:shutdownFollowerState(121)) - 6af5dfc0-d4d0-48db-9aa9-c45e51549e54: shutdown FollowerState
2019-10-18 12:32:22,426 [grpc-default-executor-3] INFO  impl.RoleInfo (RoleInfo.java:shutdownFollowerState(121)) - c39ba312-e57f-4b8c-998e-32538a6d88da: shutdown FollowerState
2019-10-18 12:32:22,426 [grpc-default-executor-1] INFO  impl.RoleInfo (RoleInfo.java:updateAndGet(143)) - 6af5dfc0-d4d0-48db-9aa9-c45e51549e54: start FollowerState
2019-10-18 12:32:22,427 [grpc-default-executor-3] INFO  impl.RoleInfo (RoleInfo.java:updateAndGet(143)) - c39ba312-e57f-4b8c-998e-32538a6d88da: start FollowerState
2019-10-18 12:32:22,427 [Thread-853] INFO  impl.FollowerState (FollowerState.java:run(117)) - 6af5dfc0-d4d0-48db-9aa9-c45e51549e54@group-A09C527D8C6F-FollowerState was interrupted: java.lang.InterruptedException: sleep interrupted
2019-10-18 12:32:22,427 [Thread-854] INFO  impl.FollowerState (FollowerState.java:run(117)) - c39ba312-e57f-4b8c-998e-32538a6d88da@group-A09C527D8C6F-FollowerState was interrupted: java.lang.InterruptedException: sleep interrupted
2019-10-18 12:32:22,452 [67d877d9-ecd0-4b7d-838e-89aa2c4103c0@group-A09C527D8C6F-LeaderElection86] INFO  impl.LeaderElection (LeaderElection.java:logAndReturn(56)) - 67d877d9-ecd0-4b7d-838e-89aa2c4103c0@group-A09C527D8C6F-LeaderElection86: Election REJECTED; received 2 response(s) [67d877d9-ecd0-4b7d-838e-89aa2c4103c0<-c39ba312-e57f-4b8c-998e-32538a6d88da#0:FAIL-t102, 67d877d9-ecd0-4b7d-838e-89aa2c4103c0<-6af5dfc0-d4d0-48db-9aa9-c45e51549e54#0:FAIL-t102] and 0 exception(s); 67d877d9-ecd0-4b7d-838e-89aa2c4103c0@group-A09C527D8C6F:t102, leader=null, voted=67d877d9-ecd0-4b7d-838e-89aa2c4103c0, raftlog=67d877d9-ecd0-4b7d-838e-89aa2c4103c0@group-A09C527D8C6F-SegmentedRaftLog:OPENED:c-1,f-1,i0, conf=-1: [c39ba312-e57f-4b8c-998e-32538a6d88da:192.168.34.56:44039, 67d877d9-ecd0-4b7d-838e-89aa2c4103c0:192.168.34.56:33816, 6af5dfc0-d4d0-48db-9aa9-c45e51549e54:192.168.34.56:32981], old=null
2019-10-18 12:32:22,452 [67d877d9-ecd0-4b7d-838e-89aa2c4103c0@group-A09C527D8C6F-LeaderElection86] INFO  impl.RaftServerImpl (RaftServerImpl.java:setRole(184)) - 67d877d9-ecd0-4b7d-838e-89aa2c4103c0@group-A09C527D8C6F: changes role from CANDIDATE to FOLLOWER at term 102 for DISCOVERED_A_NEW_TERM
2019-10-18 12:32:22,452 [67d877d9-ecd0-4b7d-838e-89aa2c4103c0@group-A09C527D8C6F-LeaderElection86] INFO  impl.RoleInfo (RoleInfo.java:shutdownLeaderElection(134)) - 67d877d9-ecd0-4b7d-838e-89aa2c4103c0: shutdown LeaderElection
2019-10-18 12:32:22,452 [67d877d9-ecd0-4b7d-838e-89aa2c4103c0@group-A09C527D8C6F-LeaderElection86] INFO  impl.RoleInfo (RoleInfo.java:updateAndGet(143)) - 67d877d9-ecd0-4b7d-838e-89aa2c4103c0: start FollowerState
2019-10-18 12:32:22,520 [Thread-868] INFO  impl.FollowerState (FollowerState.java:run(108)) - 67d877d9-ecd0-4b7d-838e-89aa2c4103c0@group-A09C527D8C6F-FollowerState: change to CANDIDATE, lastRpcTime:67ms, electionTimeout:67ms
2019-10-18 12:32:22,520 [Thread-868] INFO  impl.RoleInfo (RoleInfo.java:shutdownFollowerState(121)) - 67d877d9-ecd0-4b7d-838e-89aa2c4103c0: shutdown FollowerState
2019-10-18 12:32:22,520 [Thread-868] INFO  impl.RaftServerImpl (RaftServerImpl.java:setRole(184)) - 67d877d9-ecd0-4b7d-838e-89aa2c4103c0@group-A09C527D8C6F: changes role from  FOLLOWER to CANDIDATE at term 102 for changeToCandidate
2019-10-18 12:32:22,520 [Thread-868] INFO  impl.RoleInfo (RoleInfo.java:updateAndGet(143)) - 67d877d9-ecd0-4b7d-838e-89aa2c4103c0: start LeaderElection
2019-10-18 12:32:22,547 [67d877d9-ecd0-4b7d-838e-89aa2c4103c0@group-A09C527D8C6F-LeaderElection87] INFO  impl.LeaderElection (LeaderElection.java:askForVotes(178)) - 67d877d9-ecd0-4b7d-838e-89aa2c4103c0@group-A09C527D8C6F-LeaderElection87: begin an election at term 103 for -1: [c39ba312-e57f-4b8c-998e-32538a6d88da:192.168.34.56:44039, 67d877d9-ecd0-4b7d-838e-89aa2c4103c0:192.168.34.56:33816, 6af5dfc0-d4d0-48db-9aa9-c45e51549e54:192.168.34.56:32981], old=null
2019-10-18 12:32:22,550 [grpc-default-executor-1] INFO  impl.RaftServerImpl (RaftServerImpl.java:setRole(184)) - 6af5dfc0-d4d0-48db-9aa9-c45e51549e54@group-A09C527D8C6F: changes role from  FOLLOWER to FOLLOWER at term 103 for recognizeCandidate:67d877d9-ecd0-4b7d-838e-89aa2c4103c0
2019-10-18 12:32:22,550 [grpc-default-executor-3] INFO  impl.RaftServerImpl (RaftServerImpl.java:setRole(184)) - c39ba312-e57f-4b8c-998e-32538a6d88da@group-A09C527D8C6F: changes role from  FOLLOWER to FOLLOWER at term 103 for recognizeCandidate:67d877d9-ecd0-4b7d-838e-89aa2c4103c0
2019-10-18 12:32:22,550 [grpc-default-executor-1] INFO  impl.RoleInfo (RoleInfo.java:shutdownFollowerState(121)) - 6af5dfc0-d4d0-48db-9aa9-c45e51549e54: shutdown FollowerState
2019-10-18 12:32:22,550 [grpc-default-executor-3] INFO  impl.RoleInfo (RoleInfo.java:shutdownFollowerState(121)) - c39ba312-e57f-4b8c-998e-32538a6d88da: shutdown FollowerState
2019-10-18 12:32:22,551 [Thread-866] INFO  impl.FollowerState (FollowerState.java:run(117)) - 6af5dfc0-d4d0-48db-9aa9-c45e51549e54@group-A09C527D8C6F-FollowerState was interrupted: java.lang.InterruptedException: sleep interrupted
2019-10-18 12:32:22,551 [grpc-default-executor-1] INFO  impl.RoleInfo (RoleInfo.java:updateAndGet(143)) - 6af5dfc0-d4d0-48db-9aa9-c45e51549e54: start FollowerState
2019-10-18 12:32:22,551 [Thread-867] INFO  impl.FollowerState (FollowerState.java:run(117)) - c39ba312-e57f-4b8c-998e-32538a6d88da@group-A09C527D8C6F-FollowerState was interrupted: java.lang.InterruptedException: sleep interrupted
2019-10-18 12:32:22,551 [grpc-default-executor-3] INFO  impl.RoleInfo (RoleInfo.java:updateAndGet(143)) - c39ba312-e57f-4b8c-998e-32538a6d88da: start FollowerState
2019-10-18 12:32:22,574 [67d877d9-ecd0-4b7d-838e-89aa2c4103c0@group-A09C527D8C6F-LeaderElection87] INFO  impl.LeaderElection (LeaderElection.java:logAndReturn(56)) - 67d877d9-ecd0-4b7d-838e-89aa2c4103c0@group-A09C527D8C6F-LeaderElection87: Election REJECTED; received 2 response(s) [67d877d9-ecd0-4b7d-838e-89aa2c4103c0<-c39ba312-e57f-4b8c-998e-32538a6d88da#0:FAIL-t103, 67d877d9-ecd0-4b7d-838e-89aa2c4103c0<-6af5dfc0-d4d0-48db-9aa9-c45e51549e54#0:FAIL-t103] and 0 exception(s); 67d877d9-ecd0-4b7d-838e-89aa2c4103c0@group-A09C527D8C6F:t103, leader=null, voted=67d877d9-ecd0-4b7d-838e-89aa2c4103c0, raftlog=67d877d9-ecd0-4b7d-838e-89aa2c4103c0@group-A09C527D8C6F-SegmentedRaftLog:OPENED:c-1,f-1,i0, conf=-1: [c39ba312-e57f-4b8c-998e-32538a6d88da:192.168.34.56:44039, 67d877d9-ecd0-4b7d-838e-89aa2c4103c0:192.168.34.56:33816, 6af5dfc0-d4d0-48db-9aa9-c45e51549e54:192.168.34.56:32981], old=null
2019-10-18 12:32:22,574 [67d877d9-ecd0-4b7d-838e-89aa2c4103c0@group-A09C527D8C6F-LeaderElection87] INFO  impl.RaftServerImpl (RaftServerImpl.java:setRole(184)) - 67d877d9-ecd0-4b7d-838e-89aa2c4103c0@group-A09C527D8C6F: changes role from CANDIDATE to FOLLOWER at term 103 for DISCOVERED_A_NEW_TERM
2019-10-18 12:32:22,574 [67d877d9-ecd0-4b7d-838e-89aa2c4103c0@group-A09C527D8C6F-LeaderElection87] INFO  impl.RoleInfo (RoleInfo.java:shutdownLeaderElection(134)) - 67d877d9-ecd0-4b7d-838e-89aa2c4103c0: shutdown LeaderElection
2019-10-18 12:32:22,574 [67d877d9-ecd0-4b7d-838e-89aa2c4103c0@group-A09C527D8C6F-LeaderElection87] INFO  impl.RoleInfo (RoleInfo.java:updateAndGet(143)) - 67d877d9-ecd0-4b7d-838e-89aa2c4103c0: start FollowerState
2019-10-18 12:32:22,596 [Thread-874] INFO  impl.FollowerState (FollowerState.java:run(108)) - 67d877d9-ecd0-4b7d-838e-89aa2c4103c0@group-A09C527D8C6F-FollowerState: change to CANDIDATE, lastRpcTime:21ms, electionTimeout:21ms
2019-10-18 12:32:22,596 [Thread-874] INFO  impl.RoleInfo (RoleInfo.java:shutdownFollowerState(121)) - 67d877d9-ecd0-4b7d-838e-89aa2c4103c0: shutdown FollowerState
2019-10-18 12:32:22,596 [Thread-874] INFO  impl.RaftServerImpl (RaftServerImpl.java:setRole(184)) - 67d877d9-ecd0-4b7d-838e-89aa2c4103c0@group-A09C527D8C6F: changes role from  FOLLOWER to CANDIDATE at term 103 for changeToCandidate
2019-10-18 12:32:22,596 [Thread-874] INFO  impl.RoleInfo (RoleInfo.java:updateAndGet(143)) - 67d877d9-ecd0-4b7d-838e-89aa2c4103c0: start LeaderElection
2019-10-18 12:32:22,620 [67d877d9-ecd0-4b7d-838e-89aa2c4103c0@group-A09C527D8C6F-LeaderElection88] INFO  impl.LeaderElection (LeaderElection.java:askForVotes(178)) - 67d877d9-ecd0-4b7d-838e-89aa2c4103c0@group-A09C527D8C6F-LeaderElection88: begin an election at term 104 for -1: [c39ba312-e57f-4b8c-998e-32538a6d88da:192.168.34.56:44039, 67d877d9-ecd0-4b7d-838e-89aa2c4103c0:192.168.34.56:33816, 6af5dfc0-d4d0-48db-9aa9-c45e51549e54:192.168.34.56:32981], old=null
2019-10-18 12:32:22,623 [grpc-default-executor-1] INFO  impl.RaftServerImpl (RaftServerImpl.java:setRole(184)) - c39ba312-e57f-4b8c-998e-32538a6d88da@group-A09C527D8C6F: changes role from  FOLLOWER to FOLLOWER at term 104 for recognizeCandidate:67d877d9-ecd0-4b7d-838e-89aa2c4103c0
2019-10-18 12:32:22,623 [grpc-default-executor-3] INFO  impl.RaftServerImpl (RaftServerImpl.java:setRole(184)) - 6af5dfc0-d4d0-48db-9aa9-c45e51549e54@group-A09C527D8C6F: changes role from  FOLLOWER to FOLLOWER at term 104 for recognizeCandidate:67d877d9-ecd0-4b7d-838e-89aa2c4103c0
2019-10-18 12:32:22,624 [grpc-default-executor-1] INFO  impl.RoleInfo (RoleInfo.java:shutdownFollowerState(121)) - c39ba312-e57f-4b8c-998e-32538a6d88da: shutdown FollowerState
2019-10-18 12:32:22,624 [grpc-default-executor-3] INFO  impl.RoleInfo (RoleInfo.java:shutdownFollowerState(121)) - 6af5dfc0-d4d0-48db-9aa9-c45e51549e54: shutdown FollowerState
2019-10-18 12:32:22,624 [grpc-default-executor-1] INFO  impl.RoleInfo (RoleInfo.java:updateAndGet(143)) - c39ba312-e57f-4b8c-998e-32538a6d88da: start FollowerState
2019-10-18 12:32:22,624 [Thread-872] INFO  impl.FollowerState (FollowerState.java:run(117)) - 6af5dfc0-d4d0-48db-9aa9-c45e51549e54@group-A09C527D8C6F-FollowerState was interrupted: java.lang.InterruptedException: sleep interrupted
2019-10-18 12:32:22,624 [Thread-873] INFO  impl.FollowerState (FollowerState.java:run(117)) - c39ba312-e57f-4b8c-998e-32538a6d88da@group-A09C527D8C6F-FollowerState was interrupted: java.lang.InterruptedException: sleep interrupted
2019-10-18 12:32:22,624 [grpc-default-executor-3] INFO  impl.RoleInfo (RoleInfo.java:updateAndGet(143)) - 6af5dfc0-d4d0-48db-9aa9-c45e51549e54: start FollowerState
2019-10-18 12:32:22,646 [67d877d9-ecd0-4b7d-838e-89aa2c4103c0@group-A09C527D8C6F-LeaderElection88] INFO  impl.LeaderElection (LeaderElection.java:logAndReturn(56)) - 67d877d9-ecd0-4b7d-838e-89aa2c4103c0@group-A09C527D8C6F-LeaderElection88: Election REJECTED; received 2 response(s) [67d877d9-ecd0-4b7d-838e-89aa2c4103c0<-c39ba312-e57f-4b8c-998e-32538a6d88da#0:FAIL-t104, 67d877d9-ecd0-4b7d-838e-89aa2c4103c0<-6af5dfc0-d4d0-48db-9aa9-c45e51549e54#0:FAIL-t104] and 0 exception(s); 67d877d9-ecd0-4b7d-838e-89aa2c4103c0@group-A09C527D8C6F:t104, leader=null, voted=67d877d9-ecd0-4b7d-838e-89aa2c4103c0, raftlog=67d877d9-ecd0-4b7d-838e-89aa2c4103c0@group-A09C527D8C6F-SegmentedRaftLog:OPENED:c-1,f-1,i0, conf=-1: [c39ba312-e57f-4b8c-998e-32538a6d88da:192.168.34.56:44039, 67d877d9-ecd0-4b7d-838e-89aa2c4103c0:192.168.34.56:33816, 6af5dfc0-d4d0-48db-9aa9-c45e51549e54:192.168.34.56:32981], old=null
2019-10-18 12:32:22,646 [67d877d9-ecd0-4b7d-838e-89aa2c4103c0@group-A09C527D8C6F-LeaderElection88] INFO  impl.RaftServerImpl (RaftServerImpl.java:setRole(184)) - 67d877d9-ecd0-4b7d-838e-89aa2c4103c0@group-A09C527D8C6F: changes role from CANDIDATE to FOLLOWER at term 104 for DISCOVERED_A_NEW_TERM
2019-10-18 12:32:22,646 [67d877d9-ecd0-4b7d-838e-89aa2c4103c0@group-A09C527D8C6F-LeaderElection88] INFO  impl.RoleInfo (RoleInfo.java:shutdownLeaderElection(134)) - 67d877d9-ecd0-4b7d-838e-89aa2c4103c0: shutdown LeaderElection
2019-10-18 12:32:22,647 [67d877d9-ecd0-4b7d-838e-89aa2c4103c0@group-A09C527D8C6F-LeaderElection88] INFO  impl.RoleInfo (RoleInfo.java:updateAndGet(143)) - 67d877d9-ecd0-4b7d-838e-89aa2c4103c0: start FollowerState
2019-10-18 12:32:22,725 [Thread-880] INFO  impl.FollowerState (FollowerState.java:run(108)) - 67d877d9-ecd0-4b7d-838e-89aa2c4103c0@group-A09C527D8C6F-FollowerState: change to CANDIDATE, lastRpcTime:78ms, electionTimeout:78ms
2019-10-18 12:32:22,725 [Thread-880] INFO  impl.RoleInfo (RoleInfo.java:shutdownFollowerState(121)) - 67d877d9-ecd0-4b7d-838e-89aa2c4103c0: shutdown FollowerState
2019-10-18 12:32:22,726 [Thread-880] INFO  impl.RaftServerImpl (RaftServerImpl.java:setRole(184)) - 67d877d9-ecd0-4b7d-838e-89aa2c4103c0@group-A09C527D8C6F: changes role from  FOLLOWER to CANDIDATE at term 104 for changeToCandidate
2019-10-18 12:32:22,726 [Thread-880] INFO  impl.RoleInfo (RoleInfo.java:updateAndGet(143)) - 67d877d9-ecd0-4b7d-838e-89aa2c4103c0: start LeaderElection
2019-10-18 12:32:22,755 [67d877d9-ecd0-4b7d-838e-89aa2c4103c0@group-A09C527D8C6F-LeaderElection89] INFO  impl.LeaderElection (LeaderElection.java:askForVotes(178)) - 67d877d9-ecd0-4b7d-838e-89aa2c4103c0@group-A09C527D8C6F-LeaderElection89: begin an election at term 105 for -1: [c39ba312-e57f-4b8c-998e-32538a6d88da:192.168.34.56:44039, 67d877d9-ecd0-4b7d-838e-89aa2c4103c0:192.168.34.56:33816, 6af5dfc0-d4d0-48db-9aa9-c45e51549e54:192.168.34.56:32981], old=null
2019-10-18 12:32:22,760 [grpc-default-executor-1] INFO  impl.RaftServerImpl (RaftServerImpl.java:setRole(184)) - c39ba312-e57f-4b8c-998e-32538a6d88da@group-A09C527D8C6F: changes role from  FOLLOWER to FOLLOWER at term 105 for recognizeCandidate:67d877d9-ecd0-4b7d-838e-89aa2c4103c0
2019-10-18 12:32:22,760 [grpc-default-executor-3] INFO  impl.RaftServerImpl (RaftServerImpl.java:setRole(184)) - 6af5dfc0-d4d0-48db-9aa9-c45e51549e54@group-A09C527D8C6F: changes role from  FOLLOWER to FOLLOWER at term 105 for recognizeCandidate:67d877d9-ecd0-4b7d-838e-89aa2c4103c0
2019-10-18 12:32:22,760 [grpc-default-executor-1] INFO  impl.RoleInfo (RoleInfo.java:shutdownFollowerState(121)) - c39ba312-e57f-4b8c-998e-32538a6d88da: shutdown FollowerState
2019-10-18 12:32:22,760 [grpc-default-executor-3] INFO  impl.RoleInfo (RoleInfo.java:shutdownFollowerState(121)) - 6af5dfc0-d4d0-48db-9aa9-c45e51549e54: shutdown FollowerState
2019-10-18 12:32:22,761 [grpc-default-executor-1] INFO  impl.RoleInfo (RoleInfo.java:updateAndGet(143)) - c39ba312-e57f-4b8c-998e-32538a6d88da: start FollowerState
2019-10-18 12:32:22,761 [grpc-default-executor-3] INFO  impl.RoleInfo (RoleInfo.java:updateAndGet(143)) - 6af5dfc0-d4d0-48db-9aa9-c45e51549e54: start FollowerState
2019-10-18 12:32:22,761 [Thread-878] INFO  impl.FollowerState (FollowerState.java:run(117)) - c39ba312-e57f-4b8c-998e-32538a6d88da@group-A09C527D8C6F-FollowerState was interrupted: java.lang.InterruptedException: sleep interrupted
2019-10-18 12:32:22,761 [Thread-879] INFO  impl.FollowerState (FollowerState.java:run(117)) - 6af5dfc0-d4d0-48db-9aa9-c45e51549e54@group-A09C527D8C6F-FollowerState was interrupted: java.lang.InterruptedException: sleep interrupted
2019-10-18 12:32:22,789 [67d877d9-ecd0-4b7d-838e-89aa2c4103c0@group-A09C527D8C6F-LeaderElection89] INFO  impl.LeaderElection (LeaderElection.java:logAndReturn(56)) - 67d877d9-ecd0-4b7d-838e-89aa2c4103c0@group-A09C527D8C6F-LeaderElection89: Election REJECTED; received 2 response(s) [67d877d9-ecd0-4b7d-838e-89aa2c4103c0<-c39ba312-e57f-4b8c-998e-32538a6d88da#0:FAIL-t105, 67d877d9-ecd0-4b7d-838e-89aa2c4103c0<-6af5dfc0-d4d0-48db-9aa9-c45e51549e54#0:FAIL-t105] and 0 exception(s); 67d877d9-ecd0-4b7d-838e-89aa2c4103c0@group-A09C527D8C6F:t105, leader=null, voted=67d877d9-ecd0-4b7d-838e-89aa2c4103c0, raftlog=67d877d9-ecd0-4b7d-838e-89aa2c4103c0@group-A09C527D8C6F-SegmentedRaftLog:OPENED:c-1,f-1,i0, conf=-1: [c39ba312-e57f-4b8c-998e-32538a6d88da:192.168.34.56:44039, 67d877d9-ecd0-4b7d-838e-89aa2c4103c0:192.168.34.56:33816, 6af5dfc0-d4d0-48db-9aa9-c45e51549e54:192.168.34.56:32981], old=null
2019-10-18 12:32:22,790 [67d877d9-ecd0-4b7d-838e-89aa2c4103c0@group-A09C527D8C6F-LeaderElection89] INFO  impl.RaftServerImpl (RaftServerImpl.java:setRole(184)) - 67d877d9-ecd0-4b7d-838e-89aa2c4103c0@group-A09C527D8C6F: changes role from CANDIDATE to FOLLOWER at term 105 for DISCOVERED_A_NEW_TERM
2019-10-18 12:32:22,790 [67d877d9-ecd0-4b7d-838e-89aa2c4103c0@group-A09C527D8C6F-LeaderElection89] INFO  impl.RoleInfo (RoleInfo.java:shutdownLeaderElection(134)) - 67d877d9-ecd0-4b7d-838e-89aa2c4103c0: shutdown LeaderElection
2019-10-18 12:32:22,790 [67d877d9-ecd0-4b7d-838e-89aa2c4103c0@group-A09C527D8C6F-LeaderElection89] INFO  impl.RoleInfo (RoleInfo.java:updateAndGet(143)) - 67d877d9-ecd0-4b7d-838e-89aa2c4103c0: start FollowerState
2019-10-18 12:32:22,873 [Thread-888] INFO  impl.FollowerState (FollowerState.java:run(108)) - 67d877d9-ecd0-4b7d-838e-89aa2c4103c0@group-A09C527D8C6F-FollowerState: change to CANDIDATE, lastRpcTime:83ms, electionTimeout:83ms
2019-10-18 12:32:22,874 [Thread-888] INFO  impl.RoleInfo (RoleInfo.java:shutdownFollowerState(121)) - 67d877d9-ecd0-4b7d-838e-89aa2c4103c0: shutdown FollowerState
2019-10-18 12:32:22,874 [Thread-888] INFO  impl.RaftServerImpl (RaftServerImpl.java:setRole(184)) - 67d877d9-ecd0-4b7d-838e-89aa2c4103c0@group-A09C527D8C6F: changes role from  FOLLOWER to CANDIDATE at term 105 for changeToCandidate
2019-10-18 12:32:22,874 [Thread-888] INFO  impl.RoleInfo (RoleInfo.java:updateAndGet(143)) - 67d877d9-ecd0-4b7d-838e-89aa2c4103c0: start LeaderElection
2019-10-18 12:32:22,913 [67d877d9-ecd0-4b7d-838e-89aa2c4103c0@group-A09C527D8C6F-LeaderElection90] INFO  impl.LeaderElection (LeaderElection.java:askForVotes(178)) - 67d877d9-ecd0-4b7d-838e-89aa2c4103c0@group-A09C527D8C6F-LeaderElection90: begin an election at term 106 for -1: [c39ba312-e57f-4b8c-998e-32538a6d88da:192.168.34.56:44039, 67d877d9-ecd0-4b7d-838e-89aa2c4103c0:192.168.34.56:33816, 6af5dfc0-d4d0-48db-9aa9-c45e51549e54:192.168.34.56:32981], old=null
2019-10-18 12:32:22,916 [grpc-default-executor-3] INFO  impl.RaftServerImpl (RaftServerImpl.java:setRole(184)) - c39ba312-e57f-4b8c-998e-32538a6d88da@group-A09C527D8C6F: changes role from  FOLLOWER to FOLLOWER at term 106 for recognizeCandidate:67d877d9-ecd0-4b7d-838e-89aa2c4103c0
2019-10-18 12:32:22,916 [grpc-default-executor-1] INFO  impl.RaftServerImpl (RaftServerImpl.java:setRole(184)) - 6af5dfc0-d4d0-48db-9aa9-c45e51549e54@group-A09C527D8C6F: changes role from  FOLLOWER to FOLLOWER at term 106 for recognizeCandidate:67d877d9-ecd0-4b7d-838e-89aa2c4103c0
2019-10-18 12:32:22,916 [grpc-default-executor-3] INFO  impl.RoleInfo (RoleInfo.java:shutdownFollowerState(121)) - c39ba312-e57f-4b8c-998e-32538a6d88da: shutdown FollowerState
2019-10-18 12:32:22,917 [grpc-default-executor-1] INFO  impl.RoleInfo (RoleInfo.java:shutdownFollowerState(121)) - 6af5dfc0-d4d0-48db-9aa9-c45e51549e54: shutdown FollowerState
2019-10-18 12:32:22,917 [Thread-886] INFO  impl.FollowerState (FollowerState.java:run(117)) - c39ba312-e57f-4b8c-998e-32538a6d88da@group-A09C527D8C6F-FollowerState was interrupted: java.lang.InterruptedException: sleep interrupted
2019-10-18 12:32:22,917 [Thread-887] INFO  impl.FollowerState (FollowerState.java:run(117)) - 6af5dfc0-d4d0-48db-9aa9-c45e51549e54@group-A09C527D8C6F-FollowerState was interrupted: java.lang.InterruptedException: sleep interrupted
2019-10-18 12:32:22,917 [grpc-default-executor-3] INFO  impl.RoleInfo (RoleInfo.java:updateAndGet(143)) - c39ba312-e57f-4b8c-998e-32538a6d88da: start FollowerState
2019-10-18 12:32:22,917 [grpc-default-executor-1] INFO  impl.RoleInfo (RoleInfo.java:updateAndGet(143)) - 6af5dfc0-d4d0-48db-9aa9-c45e51549e54: start FollowerState
2019-10-18 12:32:22,944 [67d877d9-ecd0-4b7d-838e-89aa2c4103c0@group-A09C527D8C6F-LeaderElection90] INFO  impl.LeaderElection (LeaderElection.java:logAndReturn(56)) - 67d877d9-ecd0-4b7d-838e-89aa2c4103c0@group-A09C527D8C6F-LeaderElection90: Election REJECTED; received 2 response(s) [67d877d9-ecd0-4b7d-838e-89aa2c4103c0<-c39ba312-e57f-4b8c-998e-32538a6d88da#0:FAIL-t106, 67d877d9-ecd0-4b7d-838e-89aa2c4103c0<-6af5dfc0-d4d0-48db-9aa9-c45e51549e54#0:FAIL-t106] and 0 exception(s); 67d877d9-ecd0-4b7d-838e-89aa2c4103c0@group-A09C527D8C6F:t106, leader=null, voted=67d877d9-ecd0-4b7d-838e-89aa2c4103c0, raftlog=67d877d9-ecd0-4b7d-838e-89aa2c4103c0@group-A09C527D8C6F-SegmentedRaftLog:OPENED:c-1,f-1,i0, conf=-1: [c39ba312-e57f-4b8c-998e-32538a6d88da:192.168.34.56:44039, 67d877d9-ecd0-4b7d-838e-89aa2c4103c0:192.168.34.56:33816, 6af5dfc0-d4d0-48db-9aa9-c45e51549e54:192.168.34.56:32981], old=null
2019-10-18 12:32:22,944 [67d877d9-ecd0-4b7d-838e-89aa2c4103c0@group-A09C527D8C6F-LeaderElection90] INFO  impl.RaftServerImpl (RaftServerImpl.java:setRole(184)) - 67d877d9-ecd0-4b7d-838e-89aa2c4103c0@group-A09C527D8C6F: changes role from CANDIDATE to FOLLOWER at term 106 for DISCOVERED_A_NEW_TERM
2019-10-18 12:32:22,944 [67d877d9-ecd0-4b7d-838e-89aa2c4103c0@group-A09C527D8C6F-LeaderElection90] INFO  impl.RoleInfo (RoleInfo.java:shutdownLeaderElection(134)) - 67d877d9-ecd0-4b7d-838e-89aa2c4103c0: shutdown LeaderElection
2019-10-18 12:32:22,944 [67d877d9-ecd0-4b7d-838e-89aa2c4103c0@group-A09C527D8C6F-LeaderElection90] INFO  impl.RoleInfo (RoleInfo.java:updateAndGet(143)) - 67d877d9-ecd0-4b7d-838e-89aa2c4103c0: start FollowerState
2019-10-18 12:32:23,097 [Thread-894] INFO  impl.FollowerState (FollowerState.java:run(108)) - 67d877d9-ecd0-4b7d-838e-89aa2c4103c0@group-A09C527D8C6F-FollowerState: change to CANDIDATE, lastRpcTime:152ms, electionTimeout:152ms
2019-10-18 12:32:23,097 [Thread-894] INFO  impl.RoleInfo (RoleInfo.java:shutdownFollowerState(121)) - 67d877d9-ecd0-4b7d-838e-89aa2c4103c0: shutdown FollowerState
2019-10-18 12:32:23,098 [Thread-894] INFO  impl.RaftServerImpl (RaftServerImpl.java:setRole(184)) - 67d877d9-ecd0-4b7d-838e-89aa2c4103c0@group-A09C527D8C6F: changes role from  FOLLOWER to CANDIDATE at term 106 for changeToCandidate
2019-10-18 12:32:23,098 [Thread-894] INFO  impl.RoleInfo (RoleInfo.java:updateAndGet(143)) - 67d877d9-ecd0-4b7d-838e-89aa2c4103c0: start LeaderElection
2019-10-18 12:32:23,131 [67d877d9-ecd0-4b7d-838e-89aa2c4103c0@group-A09C527D8C6F-LeaderElection91] INFO  impl.LeaderElection (LeaderElection.java:askForVotes(178)) - 67d877d9-ecd0-4b7d-838e-89aa2c4103c0@group-A09C527D8C6F-LeaderElection91: begin an election at term 107 for -1: [c39ba312-e57f-4b8c-998e-32538a6d88da:192.168.34.56:44039, 67d877d9-ecd0-4b7d-838e-89aa2c4103c0:192.168.34.56:33816, 6af5dfc0-d4d0-48db-9aa9-c45e51549e54:192.168.34.56:32981], old=null
2019-10-18 12:32:23,134 [grpc-default-executor-1] INFO  impl.RaftServerImpl (RaftServerImpl.java:setRole(184)) - c39ba312-e57f-4b8c-998e-32538a6d88da@group-A09C527D8C6F: changes role from  FOLLOWER to FOLLOWER at term 107 for recognizeCandidate:67d877d9-ecd0-4b7d-838e-89aa2c4103c0
2019-10-18 12:32:23,134 [grpc-default-executor-3] INFO  impl.RaftServerImpl (RaftServerImpl.java:setRole(184)) - 6af5dfc0-d4d0-48db-9aa9-c45e51549e54@group-A09C527D8C6F: changes role from  FOLLOWER to FOLLOWER at term 107 for recognizeCandidate:67d877d9-ecd0-4b7d-838e-89aa2c4103c0
2019-10-18 12:32:23,134 [grpc-default-executor-1] INFO  impl.RoleInfo (RoleInfo.java:shutdownFollowerState(121)) - c39ba312-e57f-4b8c-998e-32538a6d88da: shutdown FollowerState
2019-10-18 12:32:23,134 [grpc-default-executor-3] INFO  impl.RoleInfo (RoleInfo.java:shutdownFollowerState(121)) - 6af5dfc0-d4d0-48db-9aa9-c45e51549e54: shutdown FollowerState
2019-10-18 12:32:23,135 [Thread-892] INFO  impl.FollowerState (FollowerState.java:run(117)) - c39ba312-e57f-4b8c-998e-32538a6d88da@group-A09C527D8C6F-FollowerState was interrupted: java.lang.InterruptedException: sleep interrupted
2019-10-18 12:32:23,135 [grpc-default-executor-1] INFO  impl.RoleInfo (RoleInfo.java:updateAndGet(143)) - c39ba312-e57f-4b8c-998e-32538a6d88da: start FollowerState
2019-10-18 12:32:23,135 [Thread-893] INFO  impl.FollowerState (FollowerState.java:run(117)) - 6af5dfc0-d4d0-48db-9aa9-c45e51549e54@group-A09C527D8C6F-FollowerState was interrupted: java.lang.InterruptedException: sleep interrupted
2019-10-18 12:32:23,135 [grpc-default-executor-3] INFO  impl.RoleInfo (RoleInfo.java:updateAndGet(143)) - 6af5dfc0-d4d0-48db-9aa9-c45e51549e54: start FollowerState
2019-10-18 12:32:23,166 [67d877d9-ecd0-4b7d-838e-89aa2c4103c0@group-A09C527D8C6F-LeaderElection91] INFO  impl.LeaderElection (LeaderElection.java:logAndReturn(56)) - 67d877d9-ecd0-4b7d-838e-89aa2c4103c0@group-A09C527D8C6F-LeaderElection91: Election REJECTED; received 2 response(s) [67d877d9-ecd0-4b7d-838e-89aa2c4103c0<-c39ba312-e57f-4b8c-998e-32538a6d88da#0:FAIL-t107, 67d877d9-ecd0-4b7d-838e-89aa2c4103c0<-6af5dfc0-d4d0-48db-9aa9-c45e51549e54#0:FAIL-t107] and 0 exception(s); 67d877d9-ecd0-4b7d-838e-89aa2c4103c0@group-A09C527D8C6F:t107, leader=null, voted=67d877d9-ecd0-4b7d-838e-89aa2c4103c0, raftlog=67d877d9-ecd0-4b7d-838e-89aa2c4103c0@group-A09C527D8C6F-SegmentedRaftLog:OPENED:c-1,f-1,i0, conf=-1: [c39ba312-e57f-4b8c-998e-32538a6d88da:192.168.34.56:44039, 67d877d9-ecd0-4b7d-838e-89aa2c4103c0:192.168.34.56:33816, 6af5dfc0-d4d0-48db-9aa9-c45e51549e54:192.168.34.56:32981], old=null
2019-10-18 12:32:23,166 [67d877d9-ecd0-4b7d-838e-89aa2c4103c0@group-A09C527D8C6F-LeaderElection91] INFO  impl.RaftServerImpl (RaftServerImpl.java:setRole(184)) - 67d877d9-ecd0-4b7d-838e-89aa2c4103c0@group-A09C527D8C6F: changes role from CANDIDATE to FOLLOWER at term 107 for DISCOVERED_A_NEW_TERM
2019-10-18 12:32:23,166 [67d877d9-ecd0-4b7d-838e-89aa2c4103c0@group-A09C527D8C6F-LeaderElection91] INFO  impl.RoleInfo (RoleInfo.java:shutdownLeaderElection(134)) - 67d877d9-ecd0-4b7d-838e-89aa2c4103c0: shutdown LeaderElection
2019-10-18 12:32:23,166 [67d877d9-ecd0-4b7d-838e-89aa2c4103c0@group-A09C527D8C6F-LeaderElection91] INFO  impl.RoleInfo (RoleInfo.java:updateAndGet(143)) - 67d877d9-ecd0-4b7d-838e-89aa2c4103c0: start FollowerState
2019-10-18 12:32:23,267 [Thread-900] INFO  impl.FollowerState (FollowerState.java:run(108)) - 67d877d9-ecd0-4b7d-838e-89aa2c4103c0@group-A09C527D8C6F-FollowerState: change to CANDIDATE, lastRpcTime:100ms, electionTimeout:100ms
2019-10-18 12:32:23,268 [Thread-900] INFO  impl.RoleInfo (RoleInfo.java:shutdownFollowerState(121)) - 67d877d9-ecd0-4b7d-838e-89aa2c4103c0: shutdown FollowerState
2019-10-18 12:32:23,268 [Thread-900] INFO  impl.RaftServerImpl (RaftServerImpl.java:setRole(184)) - 67d877d9-ecd0-4b7d-838e-89aa2c4103c0@group-A09C527D8C6F: changes role from  FOLLOWER to CANDIDATE at term 107 for changeToCandidate
2019-10-18 12:32:23,269 [Thread-900] INFO  impl.RoleInfo (RoleInfo.java:updateAndGet(143)) - 67d877d9-ecd0-4b7d-838e-89aa2c4103c0: start LeaderElection
2019-10-18 12:32:23,299 [67d877d9-ecd0-4b7d-838e-89aa2c4103c0@group-A09C527D8C6F-LeaderElection92] INFO  impl.LeaderElection (LeaderElection.java:askForVotes(178)) - 67d877d9-ecd0-4b7d-838e-89aa2c4103c0@group-A09C527D8C6F-LeaderElection92: begin an election at term 108 for -1: [c39ba312-e57f-4b8c-998e-32538a6d88da:192.168.34.56:44039, 67d877d9-ecd0-4b7d-838e-89aa2c4103c0:192.168.34.56:33816, 6af5dfc0-d4d0-48db-9aa9-c45e51549e54:192.168.34.56:32981], old=null
2019-10-18 12:32:23,306 [grpc-default-executor-3] INFO  impl.RaftServerImpl (RaftServerImpl.java:setRole(184)) - 6af5dfc0-d4d0-48db-9aa9-c45e51549e54@group-A09C527D8C6F: changes role from  FOLLOWER to FOLLOWER at term 108 for recognizeCandidate:67d877d9-ecd0-4b7d-838e-89aa2c4103c0
2019-10-18 12:32:23,306 [grpc-default-executor-1] INFO  impl.RaftServerImpl (RaftServerImpl.java:setRole(184)) - c39ba312-e57f-4b8c-998e-32538a6d88da@group-A09C527D8C6F: changes role from  FOLLOWER to FOLLOWER at term 108 for recognizeCandidate:67d877d9-ecd0-4b7d-838e-89aa2c4103c0
2019-10-18 12:32:23,306 [grpc-default-executor-3] INFO  impl.RoleInfo (RoleInfo.java:shutdownFollowerState(121)) - 6af5dfc0-d4d0-48db-9aa9-c45e51549e54: shutdown FollowerState
2019-10-18 12:32:23,307 [grpc-default-executor-1] INFO  impl.RoleInfo (RoleInfo.java:shutdownFollowerState(121)) - c39ba312-e57f-4b8c-998e-32538a6d88da: shutdown FollowerState
2019-10-18 12:32:23,307 [grpc-default-executor-3] INFO  impl.RoleInfo (RoleInfo.java:updateAndGet(143)) - 6af5dfc0-d4d0-48db-9aa9-c45e51549e54: start FollowerState
2019-10-18 12:32:23,307 [Thread-898] INFO  impl.FollowerState (FollowerState.java:run(117)) - c39ba312-e57f-4b8c-998e-32538a6d88da@group-A09C527D8C6F-FollowerState was interrupted: java.lang.InterruptedException: sleep interrupted
2019-10-18 12:32:23,307 [Thread-899] INFO  impl.FollowerState (FollowerState.java:run(117)) - 6af5dfc0-d4d0-48db-9aa9-c45e51549e54@group-A09C527D8C6F-FollowerState was interrupted: java.lang.InterruptedException: sleep interrupted
2019-10-18 12:32:23,307 [grpc-default-executor-1] INFO  impl.RoleInfo (RoleInfo.java:updateAndGet(143)) - c39ba312-e57f-4b8c-998e-32538a6d88da: start FollowerState
2019-10-18 12:32:23,351 [67d877d9-ecd0-4b7d-838e-89aa2c4103c0@group-A09C527D8C6F-LeaderElection92] INFO  impl.LeaderElection (LeaderElection.java:logAndReturn(56)) - 67d877d9-ecd0-4b7d-838e-89aa2c4103c0@group-A09C527D8C6F-LeaderElection92: Election REJECTED; received 2 response(s) [67d877d9-ecd0-4b7d-838e-89aa2c4103c0<-c39ba312-e57f-4b8c-998e-32538a6d88da#0:FAIL-t108, 67d877d9-ecd0-4b7d-838e-89aa2c4103c0<-6af5dfc0-d4d0-48db-9aa9-c45e51549e54#0:FAIL-t108] and 0 exception(s); 67d877d9-ecd0-4b7d-838e-89aa2c4103c0@group-A09C527D8C6F:t108, leader=null, voted=67d877d9-ecd0-4b7d-838e-89aa2c4103c0, raftlog=67d877d9-ecd0-4b7d-838e-89aa2c4103c0@group-A09C527D8C6F-SegmentedRaftLog:OPENED:c-1,f-1,i0, conf=-1: [c39ba312-e57f-4b8c-998e-32538a6d88da:192.168.34.56:44039, 67d877d9-ecd0-4b7d-838e-89aa2c4103c0:192.168.34.56:33816, 6af5dfc0-d4d0-48db-9aa9-c45e51549e54:192.168.34.56:32981], old=null
2019-10-18 12:32:23,351 [67d877d9-ecd0-4b7d-838e-89aa2c4103c0@group-A09C527D8C6F-LeaderElection92] INFO  impl.RaftServerImpl (RaftServerImpl.java:setRole(184)) - 67d877d9-ecd0-4b7d-838e-89aa2c4103c0@group-A09C527D8C6F: changes role from CANDIDATE to FOLLOWER at term 108 for DISCOVERED_A_NEW_TERM
2019-10-18 12:32:23,351 [67d877d9-ecd0-4b7d-838e-89aa2c4103c0@group-A09C527D8C6F-LeaderElection92] INFO  impl.RoleInfo (RoleInfo.java:shutdownLeaderElection(134)) - 67d877d9-ecd0-4b7d-838e-89aa2c4103c0: shutdown LeaderElection
2019-10-18 12:32:23,351 [67d877d9-ecd0-4b7d-838e-89aa2c4103c0@group-A09C527D8C6F-LeaderElection92] INFO  impl.RoleInfo (RoleInfo.java:updateAndGet(143)) - 67d877d9-ecd0-4b7d-838e-89aa2c4103c0: start FollowerState
2019-10-18 12:32:23,453 [Thread-906] INFO  impl.FollowerState (FollowerState.java:run(108)) - 67d877d9-ecd0-4b7d-838e-89aa2c4103c0@group-A09C527D8C6F-FollowerState: change to CANDIDATE, lastRpcTime:101ms, electionTimeout:101ms
2019-10-18 12:32:23,453 [Thread-906] INFO  impl.RoleInfo (RoleInfo.java:shutdownFollowerState(121)) - 67d877d9-ecd0-4b7d-838e-89aa2c4103c0: shutdown FollowerState
2019-10-18 12:32:23,453 [Thread-906] INFO  impl.RaftServerImpl (RaftServerImpl.java:setRole(184)) - 67d877d9-ecd0-4b7d-838e-89aa2c4103c0@group-A09C527D8C6F: changes role from  FOLLOWER to CANDIDATE at term 108 for changeToCandidate
2019-10-18 12:32:23,454 [Thread-906] INFO  impl.RoleInfo (RoleInfo.java:updateAndGet(143)) - 67d877d9-ecd0-4b7d-838e-89aa2c4103c0: start LeaderElection
2019-10-18 12:32:23,490 [67d877d9-ecd0-4b7d-838e-89aa2c4103c0@group-A09C527D8C6F-LeaderElection93] INFO  impl.LeaderElection (LeaderElection.java:askForVotes(178)) - 67d877d9-ecd0-4b7d-838e-89aa2c4103c0@group-A09C527D8C6F-LeaderElection93: begin an election at term 109 for -1: [c39ba312-e57f-4b8c-998e-32538a6d88da:192.168.34.56:44039, 67d877d9-ecd0-4b7d-838e-89aa2c4103c0:192.168.34.56:33816, 6af5dfc0-d4d0-48db-9aa9-c45e51549e54:192.168.34.56:32981], old=null
2019-10-18 12:32:23,494 [grpc-default-executor-1] INFO  impl.RaftServerImpl (RaftServerImpl.java:setRole(184)) - 6af5dfc0-d4d0-48db-9aa9-c45e51549e54@group-A09C527D8C6F: changes role from  FOLLOWER to FOLLOWER at term 109 for recognizeCandidate:67d877d9-ecd0-4b7d-838e-89aa2c4103c0
2019-10-18 12:32:23,494 [grpc-default-executor-3] INFO  impl.RaftServerImpl (RaftServerImpl.java:setRole(184)) - c39ba312-e57f-4b8c-998e-32538a6d88da@group-A09C527D8C6F: changes role from  FOLLOWER to FOLLOWER at term 109 for recognizeCandidate:67d877d9-ecd0-4b7d-838e-89aa2c4103c0
2019-10-18 12:32:23,494 [grpc-default-executor-1] INFO  impl.RoleInfo (RoleInfo.java:shutdownFollowerState(121)) - 6af5dfc0-d4d0-48db-9aa9-c45e51549e54: shutdown FollowerState
2019-10-18 12:32:23,494 [grpc-default-executor-3] INFO  impl.RoleInfo (RoleInfo.java:shutdownFollowerState(121)) - c39ba312-e57f-4b8c-998e-32538a6d88da: shutdown FollowerState
2019-10-18 12:32:23,494 [Thread-904] INFO  impl.FollowerState (FollowerState.java:run(117)) - 6af5dfc0-d4d0-48db-9aa9-c45e51549e54@group-A09C527D8C6F-FollowerState was interrupted: java.lang.InterruptedException: sleep interrupted
2019-10-18 12:32:23,494 [grpc-default-executor-1] INFO  impl.RoleInfo (RoleInfo.java:updateAndGet(143)) - 6af5dfc0-d4d0-48db-9aa9-c45e51549e54: start FollowerState
2019-10-18 12:32:23,494 [Thread-905] INFO  impl.FollowerState (FollowerState.java:run(117)) - c39ba312-e57f-4b8c-998e-32538a6d88da@group-A09C527D8C6F-FollowerState was interrupted: java.lang.InterruptedException: sleep interrupted
2019-10-18 12:32:23,494 [grpc-default-executor-3] INFO  impl.RoleInfo (RoleInfo.java:updateAndGet(143)) - c39ba312-e57f-4b8c-998e-32538a6d88da: start FollowerState
2019-10-18 12:32:23,517 [67d877d9-ecd0-4b7d-838e-89aa2c4103c0@group-A09C527D8C6F-LeaderElection93] INFO  impl.LeaderElection (LeaderElection.java:logAndReturn(56)) - 67d877d9-ecd0-4b7d-838e-89aa2c4103c0@group-A09C527D8C6F-LeaderElection93: Election REJECTED; received 2 response(s) [67d877d9-ecd0-4b7d-838e-89aa2c4103c0<-c39ba312-e57f-4b8c-998e-32538a6d88da#0:FAIL-t109, 67d877d9-ecd0-4b7d-838e-89aa2c4103c0<-6af5dfc0-d4d0-48db-9aa9-c45e51549e54#0:FAIL-t109] and 0 exception(s); 67d877d9-ecd0-4b7d-838e-89aa2c4103c0@group-A09C527D8C6F:t109, leader=null, voted=67d877d9-ecd0-4b7d-838e-89aa2c4103c0, raftlog=67d877d9-ecd0-4b7d-838e-89aa2c4103c0@group-A09C527D8C6F-SegmentedRaftLog:OPENED:c-1,f-1,i0, conf=-1: [c39ba312-e57f-4b8c-998e-32538a6d88da:192.168.34.56:44039, 67d877d9-ecd0-4b7d-838e-89aa2c4103c0:192.168.34.56:33816, 6af5dfc0-d4d0-48db-9aa9-c45e51549e54:192.168.34.56:32981], old=null
2019-10-18 12:32:23,517 [67d877d9-ecd0-4b7d-838e-89aa2c4103c0@group-A09C527D8C6F-LeaderElection93] INFO  impl.RaftServerImpl (RaftServerImpl.java:setRole(184)) - 67d877d9-ecd0-4b7d-838e-89aa2c4103c0@group-A09C527D8C6F: changes role from CANDIDATE to FOLLOWER at term 109 for DISCOVERED_A_NEW_TERM
2019-10-18 12:32:23,518 [67d877d9-ecd0-4b7d-838e-89aa2c4103c0@group-A09C527D8C6F-LeaderElection93] INFO  impl.RoleInfo (RoleInfo.java:shutdownLeaderElection(134)) - 67d877d9-ecd0-4b7d-838e-89aa2c4103c0: shutdown LeaderElection
2019-10-18 12:32:23,518 [67d877d9-ecd0-4b7d-838e-89aa2c4103c0@group-A09C527D8C6F-LeaderElection93] INFO  impl.RoleInfo (RoleInfo.java:updateAndGet(143)) - 67d877d9-ecd0-4b7d-838e-89aa2c4103c0: start FollowerState
2019-10-18 12:32:23,546 [Thread-912] INFO  impl.FollowerState (FollowerState.java:run(108)) - 67d877d9-ecd0-4b7d-838e-89aa2c4103c0@group-A09C527D8C6F-FollowerState: change to CANDIDATE, lastRpcTime:28ms, electionTimeout:28ms
2019-10-18 12:32:23,546 [Thread-912] INFO  impl.RoleInfo (RoleInfo.java:shutdownFollowerState(121)) - 67d877d9-ecd0-4b7d-838e-89aa2c4103c0: shutdown FollowerState
2019-10-18 12:32:23,547 [Thread-912] INFO  impl.RaftServerImpl (RaftServerImpl.java:setRole(184)) - 67d877d9-ecd0-4b7d-838e-89aa2c4103c0@group-A09C527D8C6F: changes role from  FOLLOWER to CANDIDATE at term 109 for changeToCandidate
2019-10-18 12:32:23,547 [Thread-912] INFO  impl.RoleInfo (RoleInfo.java:updateAndGet(143)) - 67d877d9-ecd0-4b7d-838e-89aa2c4103c0: start LeaderElection
2019-10-18 12:32:23,624 [67d877d9-ecd0-4b7d-838e-89aa2c4103c0@group-A09C527D8C6F-LeaderElection94] INFO  impl.LeaderElection (LeaderElection.java:askForVotes(178)) - 67d877d9-ecd0-4b7d-838e-89aa2c4103c0@group-A09C527D8C6F-LeaderElection94: begin an election at term 110 for -1: [c39ba312-e57f-4b8c-998e-32538a6d88da:192.168.34.56:44039, 67d877d9-ecd0-4b7d-838e-89aa2c4103c0:192.168.34.56:33816, 6af5dfc0-d4d0-48db-9aa9-c45e51549e54:192.168.34.56:32981], old=null
2019-10-18 12:32:23,628 [grpc-default-executor-1] INFO  impl.RaftServerImpl (RaftServerImpl.java:setRole(184)) - c39ba312-e57f-4b8c-998e-32538a6d88da@group-A09C527D8C6F: changes role from  FOLLOWER to FOLLOWER at term 110 for recognizeCandidate:67d877d9-ecd0-4b7d-838e-89aa2c4103c0
2019-10-18 12:32:23,628 [grpc-default-executor-3] INFO  impl.RaftServerImpl (RaftServerImpl.java:setRole(184)) - 6af5dfc0-d4d0-48db-9aa9-c45e51549e54@group-A09C527D8C6F: changes role from  FOLLOWER to FOLLOWER at term 110 for recognizeCandidate:67d877d9-ecd0-4b7d-838e-89aa2c4103c0
2019-10-18 12:32:23,628 [grpc-default-executor-1] INFO  impl.RoleInfo (RoleInfo.java:shutdownFollowerState(121)) - c39ba312-e57f-4b8c-998e-32538a6d88da: shutdown FollowerState
2019-10-18 12:32:23,628 [grpc-default-executor-3] INFO  impl.RoleInfo (RoleInfo.java:shutdownFollowerState(121)) - 6af5dfc0-d4d0-48db-9aa9-c45e51549e54: shutdown FollowerState
2019-10-18 12:32:23,628 [grpc-default-executor-1] INFO  impl.RoleInfo (RoleInfo.java:updateAndGet(143)) - c39ba312-e57f-4b8c-998e-32538a6d88da: start FollowerState
2019-10-18 12:32:23,628 [grpc-default-executor-3] INFO  impl.RoleInfo (RoleInfo.java:updateAndGet(143)) - 6af5dfc0-d4d0-48db-9aa9-c45e51549e54: start FollowerState
2019-10-18 12:32:23,628 [Thread-910] INFO  impl.FollowerState (FollowerState.java:run(117)) - 6af5dfc0-d4d0-48db-9aa9-c45e51549e54@group-A09C527D8C6F-FollowerState was interrupted: java.lang.InterruptedException: sleep interrupted
2019-10-18 12:32:23,628 [Thread-911] INFO  impl.FollowerState (FollowerState.java:run(117)) - c39ba312-e57f-4b8c-998e-32538a6d88da@group-A09C527D8C6F-FollowerState was interrupted: java.lang.InterruptedException: sleep interrupted
2019-10-18 12:32:23,651 [67d877d9-ecd0-4b7d-838e-89aa2c4103c0@group-A09C527D8C6F-LeaderElection94] INFO  impl.LeaderElection (LeaderElection.java:logAndReturn(56)) - 67d877d9-ecd0-4b7d-838e-89aa2c4103c0@group-A09C527D8C6F-LeaderElection94: Election REJECTED; received 2 response(s) [67d877d9-ecd0-4b7d-838e-89aa2c4103c0<-c39ba312-e57f-4b8c-998e-32538a6d88da#0:FAIL-t110, 67d877d9-ecd0-4b7d-838e-89aa2c4103c0<-6af5dfc0-d4d0-48db-9aa9-c45e51549e54#0:FAIL-t110] and 0 exception(s); 67d877d9-ecd0-4b7d-838e-89aa2c4103c0@group-A09C527D8C6F:t110, leader=null, voted=67d877d9-ecd0-4b7d-838e-89aa2c4103c0, raftlog=67d877d9-ecd0-4b7d-838e-89aa2c4103c0@group-A09C527D8C6F-SegmentedRaftLog:OPENED:c-1,f-1,i0, conf=-1: [c39ba312-e57f-4b8c-998e-32538a6d88da:192.168.34.56:44039, 67d877d9-ecd0-4b7d-838e-89aa2c4103c0:192.168.34.56:33816, 6af5dfc0-d4d0-48db-9aa9-c45e51549e54:192.168.34.56:32981], old=null
2019-10-18 12:32:23,651 [67d877d9-ecd0-4b7d-838e-89aa2c4103c0@group-A09C527D8C6F-LeaderElection94] INFO  impl.RaftServerImpl (RaftServerImpl.java:setRole(184)) - 67d877d9-ecd0-4b7d-838e-89aa2c4103c0@group-A09C527D8C6F: changes role from CANDIDATE to FOLLOWER at term 110 for DISCOVERED_A_NEW_TERM
2019-10-18 12:32:23,652 [67d877d9-ecd0-4b7d-838e-89aa2c4103c0@group-A09C527D8C6F-LeaderElection94] INFO  impl.RoleInfo (RoleInfo.java:shutdownLeaderElection(134)) - 67d877d9-ecd0-4b7d-838e-89aa2c4103c0: shutdown LeaderElection
2019-10-18 12:32:23,652 [67d877d9-ecd0-4b7d-838e-89aa2c4103c0@group-A09C527D8C6F-LeaderElection94] INFO  impl.RoleInfo (RoleInfo.java:updateAndGet(143)) - 67d877d9-ecd0-4b7d-838e-89aa2c4103c0: start FollowerState
2019-10-18 12:32:23,696 [Thread-918] INFO  impl.FollowerState (FollowerState.java:run(108)) - 67d877d9-ecd0-4b7d-838e-89aa2c4103c0@group-A09C527D8C6F-FollowerState: change to CANDIDATE, lastRpcTime:44ms, electionTimeout:39ms
2019-10-18 12:32:23,696 [Thread-918] INFO  impl.RoleInfo (RoleInfo.java:shutdownFollowerState(121)) - 67d877d9-ecd0-4b7d-838e-89aa2c4103c0: shutdown FollowerState
2019-10-18 12:32:23,696 [Thread-918] INFO  impl.RaftServerImpl (RaftServerImpl.java:setRole(184)) - 67d877d9-ecd0-4b7d-838e-89aa2c4103c0@group-A09C527D8C6F: changes role from  FOLLOWER to CANDIDATE at term 110 for changeToCandidate
2019-10-18 12:32:23,697 [Thread-918] INFO  impl.RoleInfo (RoleInfo.java:updateAndGet(143)) - 67d877d9-ecd0-4b7d-838e-89aa2c4103c0: start LeaderElection
2019-10-18 12:32:23,725 [67d877d9-ecd0-4b7d-838e-89aa2c4103c0@group-A09C527D8C6F-LeaderElection95] INFO  impl.LeaderElection (LeaderElection.java:askForVotes(178)) - 67d877d9-ecd0-4b7d-838e-89aa2c4103c0@group-A09C527D8C6F-LeaderElection95: begin an election at term 111 for -1: [c39ba312-e57f-4b8c-998e-32538a6d88da:192.168.34.56:44039, 67d877d9-ecd0-4b7d-838e-89aa2c4103c0:192.168.34.56:33816, 6af5dfc0-d4d0-48db-9aa9-c45e51549e54:192.168.34.56:32981], old=null
2019-10-18 12:32:23,728 [grpc-default-executor-1] INFO  impl.RaftServerImpl (RaftServerImpl.java:setRole(184)) - 6af5dfc0-d4d0-48db-9aa9-c45e51549e54@group-A09C527D8C6F: changes role from  FOLLOWER to FOLLOWER at term 111 for recognizeCandidate:67d877d9-ecd0-4b7d-838e-89aa2c4103c0
2019-10-18 12:32:23,728 [grpc-default-executor-1] INFO  impl.RoleInfo (RoleInfo.java:shutdownFollowerState(121)) - 6af5dfc0-d4d0-48db-9aa9-c45e51549e54: shutdown FollowerState
2019-10-18 12:32:23,728 [grpc-default-executor-3] INFO  impl.RaftServerImpl (RaftServerImpl.java:setRole(184)) - c39ba312-e57f-4b8c-998e-32538a6d88da@group-A09C527D8C6F: changes role from  FOLLOWER to FOLLOWER at term 111 for recognizeCandidate:67d877d9-ecd0-4b7d-838e-89aa2c4103c0
2019-10-18 12:32:23,728 [Thread-917] INFO  impl.FollowerState (FollowerState.java:run(117)) - 6af5dfc0-d4d0-48db-9aa9-c45e51549e54@group-A09C527D8C6F-FollowerState was interrupted: java.lang.InterruptedException: sleep interrupted
2019-10-18 12:32:23,728 [grpc-default-executor-1] INFO  impl.RoleInfo (RoleInfo.java:updateAndGet(143)) - 6af5dfc0-d4d0-48db-9aa9-c45e51549e54: start FollowerState
2019-10-18 12:32:23,728 [grpc-default-executor-3] INFO  impl.RoleInfo (RoleInfo.java:shutdownFollowerState(121)) - c39ba312-e57f-4b8c-998e-32538a6d88da: shutdown FollowerState
2019-10-18 12:32:23,729 [grpc-default-executor-3] INFO  impl.RoleInfo (RoleInfo.java:updateAndGet(143)) - c39ba312-e57f-4b8c-998e-32538a6d88da: start FollowerState
2019-10-18 12:32:23,729 [Thread-916] INFO  impl.FollowerState (FollowerState.java:run(117)) - c39ba312-e57f-4b8c-998e-32538a6d88da@group-A09C527D8C6F-FollowerState was interrupted: java.lang.InterruptedException: sleep interrupted
2019-10-18 12:32:23,752 [67d877d9-ecd0-4b7d-838e-89aa2c4103c0@group-A09C527D8C6F-LeaderElection95] INFO  impl.LeaderElection (LeaderElection.java:logAndReturn(56)) - 67d877d9-ecd0-4b7d-838e-89aa2c4103c0@group-A09C527D8C6F-LeaderElection95: Election REJECTED; received 2 response(s) [67d877d9-ecd0-4b7d-838e-89aa2c4103c0<-c39ba312-e57f-4b8c-998e-32538a6d88da#0:FAIL-t111, 67d877d9-ecd0-4b7d-838e-89aa2c4103c0<-6af5dfc0-d4d0-48db-9aa9-c45e51549e54#0:FAIL-t111] and 0 exception(s); 67d877d9-ecd0-4b7d-838e-89aa2c4103c0@group-A09C527D8C6F:t111, leader=null, voted=67d877d9-ecd0-4b7d-838e-89aa2c4103c0, raftlog=67d877d9-ecd0-4b7d-838e-89aa2c4103c0@group-A09C527D8C6F-SegmentedRaftLog:OPENED:c-1,f-1,i0, conf=-1: [c39ba312-e57f-4b8c-998e-32538a6d88da:192.168.34.56:44039, 67d877d9-ecd0-4b7d-838e-89aa2c4103c0:192.168.34.56:33816, 6af5dfc0-d4d0-48db-9aa9-c45e51549e54:192.168.34.56:32981], old=null
2019-10-18 12:32:23,752 [67d877d9-ecd0-4b7d-838e-89aa2c4103c0@group-A09C527D8C6F-LeaderElection95] INFO  impl.RaftServerImpl (RaftServerImpl.java:setRole(184)) - 67d877d9-ecd0-4b7d-838e-89aa2c4103c0@group-A09C527D8C6F: changes role from CANDIDATE to FOLLOWER at term 111 for DISCOVERED_A_NEW_TERM
2019-10-18 12:32:23,752 [67d877d9-ecd0-4b7d-838e-89aa2c4103c0@group-A09C527D8C6F-LeaderElection95] INFO  impl.RoleInfo (RoleInfo.java:shutdownLeaderElection(134)) - 67d877d9-ecd0-4b7d-838e-89aa2c4103c0: shutdown LeaderElection
2019-10-18 12:32:23,752 [67d877d9-ecd0-4b7d-838e-89aa2c4103c0@group-A09C527D8C6F-LeaderElection95] INFO  impl.RoleInfo (RoleInfo.java:updateAndGet(143)) - 67d877d9-ecd0-4b7d-838e-89aa2c4103c0: start FollowerState
2019-10-18 12:32:23,800 [Thread-926] INFO  impl.FollowerState (FollowerState.java:run(108)) - 67d877d9-ecd0-4b7d-838e-89aa2c4103c0@group-A09C527D8C6F-FollowerState: change to CANDIDATE, lastRpcTime:47ms, electionTimeout:47ms
2019-10-18 12:32:23,800 [Thread-926] INFO  impl.RoleInfo (RoleInfo.java:shutdownFollowerState(121)) - 67d877d9-ecd0-4b7d-838e-89aa2c4103c0: shutdown FollowerState
2019-10-18 12:32:23,800 [Thread-926] INFO  impl.RaftServerImpl (RaftServerImpl.java:setRole(184)) - 67d877d9-ecd0-4b7d-838e-89aa2c4103c0@group-A09C527D8C6F: changes role from  FOLLOWER to CANDIDATE at term 111 for changeToCandidate
2019-10-18 12:32:23,801 [Thread-926] INFO  impl.RoleInfo (RoleInfo.java:updateAndGet(143)) - 67d877d9-ecd0-4b7d-838e-89aa2c4103c0: start LeaderElection
2019-10-18 12:32:23,826 [67d877d9-ecd0-4b7d-838e-89aa2c4103c0@group-A09C527D8C6F-LeaderElection96] INFO  impl.LeaderElection (LeaderElection.java:askForVotes(178)) - 67d877d9-ecd0-4b7d-838e-89aa2c4103c0@group-A09C527D8C6F-LeaderElection96: begin an election at term 112 for -1: [c39ba312-e57f-4b8c-998e-32538a6d88da:192.168.34.56:44039, 67d877d9-ecd0-4b7d-838e-89aa2c4103c0:192.168.34.56:33816, 6af5dfc0-d4d0-48db-9aa9-c45e51549e54:192.168.34.56:32981], old=null
2019-10-18 12:32:23,828 [grpc-default-executor-3] INFO  impl.RaftServerImpl (RaftServerImpl.java:setRole(184)) - 6af5dfc0-d4d0-48db-9aa9-c45e51549e54@group-A09C527D8C6F: changes role from  FOLLOWER to FOLLOWER at term 112 for recognizeCandidate:67d877d9-ecd0-4b7d-838e-89aa2c4103c0
2019-10-18 12:32:23,828 [grpc-default-executor-1] INFO  impl.RaftServerImpl (RaftServerImpl.java:setRole(184)) - c39ba312-e57f-4b8c-998e-32538a6d88da@group-A09C527D8C6F: changes role from  FOLLOWER to FOLLOWER at term 112 for recognizeCandidate:67d877d9-ecd0-4b7d-838e-89aa2c4103c0
2019-10-18 12:32:23,829 [grpc-default-executor-3] INFO  impl.RoleInfo (RoleInfo.java:shutdownFollowerState(121)) - 6af5dfc0-d4d0-48db-9aa9-c45e51549e54: shutdown FollowerState
2019-10-18 12:32:23,829 [grpc-default-executor-1] INFO  impl.RoleInfo (RoleInfo.java:shutdownFollowerState(121)) - c39ba312-e57f-4b8c-998e-32538a6d88da: shutdown FollowerState
2019-10-18 12:32:23,829 [grpc-default-executor-3] INFO  impl.RoleInfo (RoleInfo.java:updateAndGet(143)) - 6af5dfc0-d4d0-48db-9aa9-c45e51549e54: start FollowerState
2019-10-18 12:32:23,829 [Thread-925] INFO  impl.FollowerState (FollowerState.java:run(117)) - c39ba312-e57f-4b8c-998e-32538a6d88da@group-A09C527D8C6F-FollowerState was interrupted: java.lang.InterruptedException: sleep interrupted
2019-10-18 12:32:23,829 [grpc-default-executor-1] INFO  impl.RoleInfo (RoleInfo.java:updateAndGet(143)) - c39ba312-e57f-4b8c-998e-32538a6d88da: start FollowerState
2019-10-18 12:32:23,829 [Thread-924] INFO  impl.FollowerState (FollowerState.java:run(117)) - 6af5dfc0-d4d0-48db-9aa9-c45e51549e54@group-A09C527D8C6F-FollowerState was interrupted: java.lang.InterruptedException: sleep interrupted
2019-10-18 12:32:23,872 [67d877d9-ecd0-4b7d-838e-89aa2c4103c0@group-A09C527D8C6F-LeaderElection96] INFO  impl.LeaderElection (LeaderElection.java:logAndReturn(56)) - 67d877d9-ecd0-4b7d-838e-89aa2c4103c0@group-A09C527D8C6F-LeaderElection96: Election TIMEOUT; received 0 response(s) [] and 0 exception(s); 67d877d9-ecd0-4b7d-838e-89aa2c4103c0@group-A09C527D8C6F:t112, leader=null, voted=67d877d9-ecd0-4b7d-838e-89aa2c4103c0, raftlog=67d877d9-ecd0-4b7d-838e-89aa2c4103c0@group-A09C527D8C6F-SegmentedRaftLog:OPENED:c-1,f-1,i0, conf=-1: [c39ba312-e57f-4b8c-998e-32538a6d88da:192.168.34.56:44039, 67d877d9-ecd0-4b7d-838e-89aa2c4103c0:192.168.34.56:33816, 6af5dfc0-d4d0-48db-9aa9-c45e51549e54:192.168.34.56:32981], old=null
2019-10-18 12:32:23,894 [67d877d9-ecd0-4b7d-838e-89aa2c4103c0@group-A09C527D8C6F-LeaderElection96] INFO  impl.LeaderElection (LeaderElection.java:askForVotes(178)) - 67d877d9-ecd0-4b7d-838e-89aa2c4103c0@group-A09C527D8C6F-LeaderElection96: begin an election at term 113 for -1: [c39ba312-e57f-4b8c-998e-32538a6d88da:192.168.34.56:44039, 67d877d9-ecd0-4b7d-838e-89aa2c4103c0:192.168.34.56:33816, 6af5dfc0-d4d0-48db-9aa9-c45e51549e54:192.168.34.56:32981], old=null
2019-10-18 12:32:23,897 [grpc-default-executor-3] INFO  impl.RaftServerImpl (RaftServerImpl.java:setRole(184)) - 6af5dfc0-d4d0-48db-9aa9-c45e51549e54@group-A09C527D8C6F: changes role from  FOLLOWER to FOLLOWER at term 113 for recognizeCandidate:67d877d9-ecd0-4b7d-838e-89aa2c4103c0
2019-10-18 12:32:23,897 [grpc-default-executor-1] INFO  impl.RaftServerImpl (RaftServerImpl.java:setRole(184)) - c39ba312-e57f-4b8c-998e-32538a6d88da@group-A09C527D8C6F: changes role from  FOLLOWER to FOLLOWER at term 113 for recognizeCandidate:67d877d9-ecd0-4b7d-838e-89aa2c4103c0
2019-10-18 12:32:23,897 [grpc-default-executor-3] INFO  impl.RoleInfo (RoleInfo.java:shutdownFollowerState(121)) - 6af5dfc0-d4d0-48db-9aa9-c45e51549e54: shutdown FollowerState
2019-10-18 12:32:23,897 [grpc-default-executor-1] INFO  impl.RoleInfo (RoleInfo.java:shutdownFollowerState(121)) - c39ba312-e57f-4b8c-998e-32538a6d88da: shutdown FollowerState
2019-10-18 12:32:23,897 [Thread-930] INFO  impl.FollowerState (FollowerState.java:run(117)) - 6af5dfc0-d4d0-48db-9aa9-c45e51549e54@group-A09C527D8C6F-FollowerState was interrupted: java.lang.InterruptedException: sleep interrupted
2019-10-18 12:32:23,897 [Thread-931] INFO  impl.FollowerState (FollowerState.java:run(117)) - c39ba312-e57f-4b8c-998e-32538a6d88da@group-A09C527D8C6F-FollowerState was interrupted: java.lang.InterruptedException: sleep interrupted
2019-10-18 12:32:23,897 [grpc-default-executor-3] INFO  impl.RoleInfo (RoleInfo.java:updateAndGet(143)) - 6af5dfc0-d4d0-48db-9aa9-c45e51549e54: start FollowerState
2019-10-18 12:32:23,897 [grpc-default-executor-1] INFO  impl.RoleInfo (RoleInfo.java:updateAndGet(143)) - c39ba312-e57f-4b8c-998e-32538a6d88da: start FollowerState
2019-10-18 12:32:23,921 [67d877d9-ecd0-4b7d-838e-89aa2c4103c0@group-A09C527D8C6F-LeaderElection96] INFO  impl.LeaderElection (LeaderElection.java:logAndReturn(56)) - 67d877d9-ecd0-4b7d-838e-89aa2c4103c0@group-A09C527D8C6F-LeaderElection96: Election REJECTED; received 2 response(s) [67d877d9-ecd0-4b7d-838e-89aa2c4103c0<-c39ba312-e57f-4b8c-998e-32538a6d88da#0:FAIL-t113, 67d877d9-ecd0-4b7d-838e-89aa2c4103c0<-6af5dfc0-d4d0-48db-9aa9-c45e51549e54#0:FAIL-t113] and 0 exception(s); 67d877d9-ecd0-4b7d-838e-89aa2c4103c0@group-A09C527D8C6F:t113, leader=null, voted=67d877d9-ecd0-4b7d-838e-89aa2c4103c0, raftlog=67d877d9-ecd0-4b7d-838e-89aa2c4103c0@group-A09C527D8C6F-SegmentedRaftLog:OPENED:c-1,f-1,i0, conf=-1: [c39ba312-e57f-4b8c-998e-32538a6d88da:192.168.34.56:44039, 67d877d9-ecd0-4b7d-838e-89aa2c4103c0:192.168.34.56:33816, 6af5dfc0-d4d0-48db-9aa9-c45e51549e54:192.168.34.56:32981], old=null
2019-10-18 12:32:23,921 [67d877d9-ecd0-4b7d-838e-89aa2c4103c0@group-A09C527D8C6F-LeaderElection96] INFO  impl.RaftServerImpl (RaftServerImpl.java:setRole(184)) - 67d877d9-ecd0-4b7d-838e-89aa2c4103c0@group-A09C527D8C6F: changes role from CANDIDATE to FOLLOWER at term 113 for DISCOVERED_A_NEW_TERM
2019-10-18 12:32:23,921 [67d877d9-ecd0-4b7d-838e-89aa2c4103c0@group-A09C527D8C6F-LeaderElection96] INFO  impl.RoleInfo (RoleInfo.java:shutdownLeaderElection(134)) - 67d877d9-ecd0-4b7d-838e-89aa2c4103c0: shutdown LeaderElection
2019-10-18 12:32:23,922 [67d877d9-ecd0-4b7d-838e-89aa2c4103c0@group-A09C527D8C6F-LeaderElection96] INFO  impl.RoleInfo (RoleInfo.java:updateAndGet(143)) - 67d877d9-ecd0-4b7d-838e-89aa2c4103c0: start FollowerState
2019-10-18 12:32:23,931 [Thread-936] INFO  impl.FollowerState (FollowerState.java:run(108)) - 67d877d9-ecd0-4b7d-838e-89aa2c4103c0@group-A09C527D8C6F-FollowerState: change to CANDIDATE, lastRpcTime:9ms, electionTimeout:9ms
2019-10-18 12:32:23,931 [Thread-936] INFO  impl.RoleInfo (RoleInfo.java:shutdownFollowerState(121)) - 67d877d9-ecd0-4b7d-838e-89aa2c4103c0: shutdown FollowerState
2019-10-18 12:32:23,931 [Thread-936] INFO  impl.RaftServerImpl (RaftServerImpl.java:setRole(184)) - 67d877d9-ecd0-4b7d-838e-89aa2c4103c0@group-A09C527D8C6F: changes role from  FOLLOWER to CANDIDATE at term 113 for changeToCandidate
2019-10-18 12:32:23,932 [Thread-936] INFO  impl.RoleInfo (RoleInfo.java:updateAndGet(143)) - 67d877d9-ecd0-4b7d-838e-89aa2c4103c0: start LeaderElection
2019-10-18 12:32:23,953 [67d877d9-ecd0-4b7d-838e-89aa2c4103c0@group-A09C527D8C6F-LeaderElection97] INFO  impl.LeaderElection (LeaderElection.java:askForVotes(178)) - 67d877d9-ecd0-4b7d-838e-89aa2c4103c0@group-A09C527D8C6F-LeaderElection97: begin an election at term 114 for -1: [c39ba312-e57f-4b8c-998e-32538a6d88da:192.168.34.56:44039, 67d877d9-ecd0-4b7d-838e-89aa2c4103c0:192.168.34.56:33816, 6af5dfc0-d4d0-48db-9aa9-c45e51549e54:192.168.34.56:32981], old=null
2019-10-18 12:32:23,956 [grpc-default-executor-1] INFO  impl.RaftServerImpl (RaftServerImpl.java:setRole(184)) - c39ba312-e57f-4b8c-998e-32538a6d88da@group-A09C527D8C6F: changes role from  FOLLOWER to FOLLOWER at term 114 for recognizeCandidate:67d877d9-ecd0-4b7d-838e-89aa2c4103c0
2019-10-18 12:32:23,956 [grpc-default-executor-3] INFO  impl.RaftServerImpl (RaftServerImpl.java:setRole(184)) - 6af5dfc0-d4d0-48db-9aa9-c45e51549e54@group-A09C527D8C6F: changes role from  FOLLOWER to FOLLOWER at term 114 for recognizeCandidate:67d877d9-ecd0-4b7d-838e-89aa2c4103c0
2019-10-18 12:32:23,956 [grpc-default-executor-1] INFO  impl.RoleInfo (RoleInfo.java:shutdownFollowerState(121)) - c39ba312-e57f-4b8c-998e-32538a6d88da: shutdown FollowerState
2019-10-18 12:32:23,956 [grpc-default-executor-3] INFO  impl.RoleInfo (RoleInfo.java:shutdownFollowerState(121)) - 6af5dfc0-d4d0-48db-9aa9-c45e51549e54: shutdown FollowerState
2019-10-18 12:32:23,956 [Thread-935] INFO  impl.FollowerState (FollowerState.java:run(117)) - c39ba312-e57f-4b8c-998e-32538a6d88da@group-A09C527D8C6F-FollowerState was interrupted: java.lang.InterruptedException: sleep interrupted
2019-10-18 12:32:23,956 [grpc-default-executor-1] INFO  impl.RoleInfo (RoleInfo.java:updateAndGet(143)) - c39ba312-e57f-4b8c-998e-32538a6d88da: start FollowerState
2019-10-18 12:32:23,956 [Thread-934] INFO  impl.FollowerState (FollowerState.java:run(117)) - 6af5dfc0-d4d0-48db-9aa9-c45e51549e54@group-A09C527D8C6F-FollowerState was interrupted: java.lang.InterruptedException: sleep interrupted
2019-10-18 12:32:23,956 [grpc-default-executor-3] INFO  impl.RoleInfo (RoleInfo.java:updateAndGet(143)) - 6af5dfc0-d4d0-48db-9aa9-c45e51549e54: start FollowerState
2019-10-18 12:32:23,980 [67d877d9-ecd0-4b7d-838e-89aa2c4103c0@group-A09C527D8C6F-LeaderElection97] INFO  impl.LeaderElection (LeaderElection.java:logAndReturn(56)) - 67d877d9-ecd0-4b7d-838e-89aa2c4103c0@group-A09C527D8C6F-LeaderElection97: Election REJECTED; received 2 response(s) [67d877d9-ecd0-4b7d-838e-89aa2c4103c0<-c39ba312-e57f-4b8c-998e-32538a6d88da#0:FAIL-t114, 67d877d9-ecd0-4b7d-838e-89aa2c4103c0<-6af5dfc0-d4d0-48db-9aa9-c45e51549e54#0:FAIL-t114] and 0 exception(s); 67d877d9-ecd0-4b7d-838e-89aa2c4103c0@group-A09C527D8C6F:t114, leader=null, voted=67d877d9-ecd0-4b7d-838e-89aa2c4103c0, raftlog=67d877d9-ecd0-4b7d-838e-89aa2c4103c0@group-A09C527D8C6F-SegmentedRaftLog:OPENED:c-1,f-1,i0, conf=-1: [c39ba312-e57f-4b8c-998e-32538a6d88da:192.168.34.56:44039, 67d877d9-ecd0-4b7d-838e-89aa2c4103c0:192.168.34.56:33816, 6af5dfc0-d4d0-48db-9aa9-c45e51549e54:192.168.34.56:32981], old=null
2019-10-18 12:32:23,980 [67d877d9-ecd0-4b7d-838e-89aa2c4103c0@group-A09C527D8C6F-LeaderElection97] INFO  impl.RaftServerImpl (RaftServerImpl.java:setRole(184)) - 67d877d9-ecd0-4b7d-838e-89aa2c4103c0@group-A09C527D8C6F: changes role from CANDIDATE to FOLLOWER at term 114 for DISCOVERED_A_NEW_TERM
2019-10-18 12:32:23,980 [67d877d9-ecd0-4b7d-838e-89aa2c4103c0@group-A09C527D8C6F-LeaderElection97] INFO  impl.RoleInfo (RoleInfo.java:shutdownLeaderElection(134)) - 67d877d9-ecd0-4b7d-838e-89aa2c4103c0: shutdown LeaderElection
2019-10-18 12:32:23,980 [67d877d9-ecd0-4b7d-838e-89aa2c4103c0@group-A09C527D8C6F-LeaderElection97] INFO  impl.RoleInfo (RoleInfo.java:updateAndGet(143)) - 67d877d9-ecd0-4b7d-838e-89aa2c4103c0: start FollowerState
2019-10-18 12:32:24,111 [Thread-942] INFO  impl.FollowerState (FollowerState.java:run(108)) - 67d877d9-ecd0-4b7d-838e-89aa2c4103c0@group-A09C527D8C6F-FollowerState: change to CANDIDATE, lastRpcTime:130ms, electionTimeout:130ms
2019-10-18 12:32:24,111 [Thread-942] INFO  impl.RoleInfo (RoleInfo.java:shutdownFollowerState(121)) - 67d877d9-ecd0-4b7d-838e-89aa2c4103c0: shutdown FollowerState
2019-10-18 12:32:24,111 [Thread-942] INFO  impl.RaftServerImpl (RaftServerImpl.java:setRole(184)) - 67d877d9-ecd0-4b7d-838e-89aa2c4103c0@group-A09C527D8C6F: changes role from  FOLLOWER to CANDIDATE at term 114 for changeToCandidate
2019-10-18 12:32:24,111 [Thread-942] INFO  impl.RoleInfo (RoleInfo.java:updateAndGet(143)) - 67d877d9-ecd0-4b7d-838e-89aa2c4103c0: start LeaderElection
2019-10-18 12:32:24,136 [67d877d9-ecd0-4b7d-838e-89aa2c4103c0@group-A09C527D8C6F-LeaderElection98] INFO  impl.LeaderElection (LeaderElection.java:askForVotes(178)) - 67d877d9-ecd0-4b7d-838e-89aa2c4103c0@group-A09C527D8C6F-LeaderElection98: begin an election at term 115 for -1: [c39ba312-e57f-4b8c-998e-32538a6d88da:192.168.34.56:44039, 67d877d9-ecd0-4b7d-838e-89aa2c4103c0:192.168.34.56:33816, 6af5dfc0-d4d0-48db-9aa9-c45e51549e54:192.168.34.56:32981], old=null
2019-10-18 12:32:24,138 [grpc-default-executor-1] INFO  impl.RaftServerImpl (RaftServerImpl.java:setRole(184)) - c39ba312-e57f-4b8c-998e-32538a6d88da@group-A09C527D8C6F: changes role from  FOLLOWER to FOLLOWER at term 115 for recognizeCandidate:67d877d9-ecd0-4b7d-838e-89aa2c4103c0
2019-10-18 12:32:24,138 [grpc-default-executor-3] INFO  impl.RaftServerImpl (RaftServerImpl.java:setRole(184)) - 6af5dfc0-d4d0-48db-9aa9-c45e51549e54@group-A09C527D8C6F: changes role from  FOLLOWER to FOLLOWER at term 115 for recognizeCandidate:67d877d9-ecd0-4b7d-838e-89aa2c4103c0
2019-10-18 12:32:24,138 [grpc-default-executor-1] INFO  impl.RoleInfo (RoleInfo.java:shutdownFollowerState(121)) - c39ba312-e57f-4b8c-998e-32538a6d88da: shutdown FollowerState
2019-10-18 12:32:24,138 [grpc-default-executor-3] INFO  impl.RoleInfo (RoleInfo.java:shutdownFollowerState(121)) - 6af5dfc0-d4d0-48db-9aa9-c45e51549e54: shutdown FollowerState
2019-10-18 12:32:24,139 [Thread-940] INFO  impl.FollowerState (FollowerState.java:run(117)) - c39ba312-e57f-4b8c-998e-32538a6d88da@group-A09C527D8C6F-FollowerState was interrupted: java.lang.InterruptedException: sleep interrupted
2019-10-18 12:32:24,139 [grpc-default-executor-1] INFO  impl.RoleInfo (RoleInfo.java:updateAndGet(143)) - c39ba312-e57f-4b8c-998e-32538a6d88da: start FollowerState
2019-10-18 12:32:24,139 [Thread-941] INFO  impl.FollowerState (FollowerState.java:run(117)) - 6af5dfc0-d4d0-48db-9aa9-c45e51549e54@group-A09C527D8C6F-FollowerState was interrupted: java.lang.InterruptedException: sleep interrupted
2019-10-18 12:32:24,139 [grpc-default-executor-3] INFO  impl.RoleInfo (RoleInfo.java:updateAndGet(143)) - 6af5dfc0-d4d0-48db-9aa9-c45e51549e54: start FollowerState
2019-10-18 12:32:24,165 [67d877d9-ecd0-4b7d-838e-89aa2c4103c0@group-A09C527D8C6F-LeaderElection98] INFO  impl.LeaderElection (LeaderElection.java:logAndReturn(56)) - 67d877d9-ecd0-4b7d-838e-89aa2c4103c0@group-A09C527D8C6F-LeaderElection98: Election REJECTED; received 2 response(s) [67d877d9-ecd0-4b7d-838e-89aa2c4103c0<-c39ba312-e57f-4b8c-998e-32538a6d88da#0:FAIL-t115, 67d877d9-ecd0-4b7d-838e-89aa2c4103c0<-6af5dfc0-d4d0-48db-9aa9-c45e51549e54#0:FAIL-t115] and 0 exception(s); 67d877d9-ecd0-4b7d-838e-89aa2c4103c0@group-A09C527D8C6F:t115, leader=null, voted=67d877d9-ecd0-4b7d-838e-89aa2c4103c0, raftlog=67d877d9-ecd0-4b7d-838e-89aa2c4103c0@group-A09C527D8C6F-SegmentedRaftLog:OPENED:c-1,f-1,i0, conf=-1: [c39ba312-e57f-4b8c-998e-32538a6d88da:192.168.34.56:44039, 67d877d9-ecd0-4b7d-838e-89aa2c4103c0:192.168.34.56:33816, 6af5dfc0-d4d0-48db-9aa9-c45e51549e54:192.168.34.56:32981], old=null
2019-10-18 12:32:24,165 [67d877d9-ecd0-4b7d-838e-89aa2c4103c0@group-A09C527D8C6F-LeaderElection98] INFO  impl.RaftServerImpl (RaftServerImpl.java:setRole(184)) - 67d877d9-ecd0-4b7d-838e-89aa2c4103c0@group-A09C527D8C6F: changes role from CANDIDATE to FOLLOWER at term 115 for DISCOVERED_A_NEW_TERM
2019-10-18 12:32:24,165 [67d877d9-ecd0-4b7d-838e-89aa2c4103c0@group-A09C527D8C6F-LeaderElection98] INFO  impl.RoleInfo (RoleInfo.java:shutdownLeaderElection(134)) - 67d877d9-ecd0-4b7d-838e-89aa2c4103c0: shutdown LeaderElection
2019-10-18 12:32:24,166 [67d877d9-ecd0-4b7d-838e-89aa2c4103c0@group-A09C527D8C6F-LeaderElection98] INFO  impl.RoleInfo (RoleInfo.java:updateAndGet(143)) - 67d877d9-ecd0-4b7d-838e-89aa2c4103c0: start FollowerState
2019-10-18 12:32:24,174 [Thread-948] INFO  impl.FollowerState (FollowerState.java:run(108)) - 67d877d9-ecd0-4b7d-838e-89aa2c4103c0@group-A09C527D8C6F-FollowerState: change to CANDIDATE, lastRpcTime:8ms, electionTimeout:8ms
2019-10-18 12:32:24,174 [Thread-948] INFO  impl.RoleInfo (RoleInfo.java:shutdownFollowerState(121)) - 67d877d9-ecd0-4b7d-838e-89aa2c4103c0: shutdown FollowerState
2019-10-18 12:32:24,174 [Thread-948] INFO  impl.RaftServerImpl (RaftServerImpl.java:setRole(184)) - 67d877d9-ecd0-4b7d-838e-89aa2c4103c0@group-A09C527D8C6F: changes role from  FOLLOWER to CANDIDATE at term 115 for changeToCandidate
2019-10-18 12:32:24,174 [Thread-948] INFO  impl.RoleInfo (RoleInfo.java:updateAndGet(143)) - 67d877d9-ecd0-4b7d-838e-89aa2c4103c0: start LeaderElection
2019-10-18 12:32:24,198 [67d877d9-ecd0-4b7d-838e-89aa2c4103c0@group-A09C527D8C6F-LeaderElection99] INFO  impl.LeaderElection (LeaderElection.java:askForVotes(178)) - 67d877d9-ecd0-4b7d-838e-89aa2c4103c0@group-A09C527D8C6F-LeaderElection99: begin an election at term 116 for -1: [c39ba312-e57f-4b8c-998e-32538a6d88da:192.168.34.56:44039, 67d877d9-ecd0-4b7d-838e-89aa2c4103c0:192.168.34.56:33816, 6af5dfc0-d4d0-48db-9aa9-c45e51549e54:192.168.34.56:32981], old=null
2019-10-18 12:32:24,200 [grpc-default-executor-3] INFO  impl.RaftServerImpl (RaftServerImpl.java:setRole(184)) - c39ba312-e57f-4b8c-998e-32538a6d88da@group-A09C527D8C6F: changes role from  FOLLOWER to FOLLOWER at term 116 for recognizeCandidate:67d877d9-ecd0-4b7d-838e-89aa2c4103c0
2019-10-18 12:32:24,200 [grpc-default-executor-1] INFO  impl.RaftServerImpl (RaftServerImpl.java:setRole(184)) - 6af5dfc0-d4d0-48db-9aa9-c45e51549e54@group-A09C527D8C6F: changes role from  FOLLOWER to FOLLOWER at term 116 for recognizeCandidate:67d877d9-ecd0-4b7d-838e-89aa2c4103c0
2019-10-18 12:32:24,200 [grpc-default-executor-3] INFO  impl.RoleInfo (RoleInfo.java:shutdownFollowerState(121)) - c39ba312-e57f-4b8c-998e-32538a6d88da: shutdown FollowerState
2019-10-18 12:32:24,200 [grpc-default-executor-1] INFO  impl.RoleInfo (RoleInfo.java:shutdownFollowerState(121)) - 6af5dfc0-d4d0-48db-9aa9-c45e51549e54: shutdown FollowerState
2019-10-18 12:32:24,200 [Thread-946] INFO  impl.FollowerState (FollowerState.java:run(117)) - c39ba312-e57f-4b8c-998e-32538a6d88da@group-A09C527D8C6F-FollowerState was interrupted: java.lang.InterruptedException: sleep interrupted
2019-10-18 12:32:24,200 [grpc-default-executor-3] INFO  impl.RoleInfo (RoleInfo.java:updateAndGet(143)) - c39ba312-e57f-4b8c-998e-32538a6d88da: start FollowerState
2019-10-18 12:32:24,200 [grpc-default-executor-1] INFO  impl.RoleInfo (RoleInfo.java:updateAndGet(143)) - 6af5dfc0-d4d0-48db-9aa9-c45e51549e54: start FollowerState
2019-10-18 12:32:24,200 [Thread-947] INFO  impl.FollowerState (FollowerState.java:run(117)) - 6af5dfc0-d4d0-48db-9aa9-c45e51549e54@group-A09C527D8C6F-FollowerState was interrupted: java.lang.InterruptedException: sleep interrupted
2019-10-18 12:32:24,224 [67d877d9-ecd0-4b7d-838e-89aa2c4103c0@group-A09C527D8C6F-LeaderElection99] INFO  impl.LeaderElection (LeaderElection.java:logAndReturn(56)) - 67d877d9-ecd0-4b7d-838e-89aa2c4103c0@group-A09C527D8C6F-LeaderElection99: Election REJECTED; received 2 response(s) [67d877d9-ecd0-4b7d-838e-89aa2c4103c0<-c39ba312-e57f-4b8c-998e-32538a6d88da#0:FAIL-t116, 67d877d9-ecd0-4b7d-838e-89aa2c4103c0<-6af5dfc0-d4d0-48db-9aa9-c45e51549e54#0:FAIL-t116] and 0 exception(s); 67d877d9-ecd0-4b7d-838e-89aa2c4103c0@group-A09C527D8C6F:t116, leader=null, voted=67d877d9-ecd0-4b7d-838e-89aa2c4103c0, raftlog=67d877d9-ecd0-4b7d-838e-89aa2c4103c0@group-A09C527D8C6F-SegmentedRaftLog:OPENED:c-1,f-1,i0, conf=-1: [c39ba312-e57f-4b8c-998e-32538a6d88da:192.168.34.56:44039, 67d877d9-ecd0-4b7d-838e-89aa2c4103c0:192.168.34.56:33816, 6af5dfc0-d4d0-48db-9aa9-c45e51549e54:192.168.34.56:32981], old=null
2019-10-18 12:32:24,225 [67d877d9-ecd0-4b7d-838e-89aa2c4103c0@group-A09C527D8C6F-LeaderElection99] INFO  impl.RaftServerImpl (RaftServerImpl.java:setRole(184)) - 67d877d9-ecd0-4b7d-838e-89aa2c4103c0@group-A09C527D8C6F: changes role from CANDIDATE to FOLLOWER at term 116 for DISCOVERED_A_NEW_TERM
2019-10-18 12:32:24,225 [67d877d9-ecd0-4b7d-838e-89aa2c4103c0@group-A09C527D8C6F-LeaderElection99] INFO  impl.RoleInfo (RoleInfo.java:shutdownLeaderElection(134)) - 67d877d9-ecd0-4b7d-838e-89aa2c4103c0: shutdown LeaderElection
2019-10-18 12:32:24,225 [67d877d9-ecd0-4b7d-838e-89aa2c4103c0@group-A09C527D8C6F-LeaderElection99] INFO  impl.RoleInfo (RoleInfo.java:updateAndGet(143)) - 67d877d9-ecd0-4b7d-838e-89aa2c4103c0: start FollowerState
2019-10-18 12:32:24,337 [Thread-954] INFO  impl.FollowerState (FollowerState.java:run(108)) - 67d877d9-ecd0-4b7d-838e-89aa2c4103c0@group-A09C527D8C6F-FollowerState: change to CANDIDATE, lastRpcTime:112ms, electionTimeout:112ms
2019-10-18 12:32:24,338 [Thread-954] INFO  impl.RoleInfo (RoleInfo.java:shutdownFollowerState(121)) - 67d877d9-ecd0-4b7d-838e-89aa2c4103c0: shutdown FollowerState
2019-10-18 12:32:24,338 [Thread-954] INFO  impl.RaftServerImpl (RaftServerImpl.java:setRole(184)) - 67d877d9-ecd0-4b7d-838e-89aa2c4103c0@group-A09C527D8C6F: changes role from  FOLLOWER to CANDIDATE at term 116 for changeToCandidate
2019-10-18 12:32:24,338 [Thread-954] INFO  impl.RoleInfo (RoleInfo.java:updateAndGet(143)) - 67d877d9-ecd0-4b7d-838e-89aa2c4103c0: start LeaderElection
2019-10-18 12:32:24,361 [67d877d9-ecd0-4b7d-838e-89aa2c4103c0@group-A09C527D8C6F-LeaderElection100] INFO  impl.LeaderElection (LeaderElection.java:askForVotes(178)) - 67d877d9-ecd0-4b7d-838e-89aa2c4103c0@group-A09C527D8C6F-LeaderElection100: begin an election at term 117 for -1: [c39ba312-e57f-4b8c-998e-32538a6d88da:192.168.34.56:44039, 67d877d9-ecd0-4b7d-838e-89aa2c4103c0:192.168.34.56:33816, 6af5dfc0-d4d0-48db-9aa9-c45e51549e54:192.168.34.56:32981], old=null
2019-10-18 12:32:24,366 [grpc-default-executor-1] INFO  impl.RaftServerImpl (RaftServerImpl.java:setRole(184)) - 6af5dfc0-d4d0-48db-9aa9-c45e51549e54@group-A09C527D8C6F: changes role from  FOLLOWER to FOLLOWER at term 117 for recognizeCandidate:67d877d9-ecd0-4b7d-838e-89aa2c4103c0
2019-10-18 12:32:24,366 [grpc-default-executor-3] INFO  impl.RaftServerImpl (RaftServerImpl.java:setRole(184)) - c39ba312-e57f-4b8c-998e-32538a6d88da@group-A09C527D8C6F: changes role from  FOLLOWER to FOLLOWER at term 117 for recognizeCandidate:67d877d9-ecd0-4b7d-838e-89aa2c4103c0
2019-10-18 12:32:24,366 [grpc-default-executor-1] INFO  impl.RoleInfo (RoleInfo.java:shutdownFollowerState(121)) - 6af5dfc0-d4d0-48db-9aa9-c45e51549e54: shutdown FollowerState
2019-10-18 12:32:24,366 [grpc-default-executor-3] INFO  impl.RoleInfo (RoleInfo.java:shutdownFollowerState(121)) - c39ba312-e57f-4b8c-998e-32538a6d88da: shutdown FollowerState
2019-10-18 12:32:24,366 [Thread-953] INFO  impl.FollowerState (FollowerState.java:run(117)) - 6af5dfc0-d4d0-48db-9aa9-c45e51549e54@group-A09C527D8C6F-FollowerState was interrupted: java.lang.InterruptedException: sleep interrupted
2019-10-18 12:32:24,367 [Thread-952] INFO  impl.FollowerState (FollowerState.java:run(117)) - c39ba312-e57f-4b8c-998e-32538a6d88da@group-A09C527D8C6F-FollowerState was interrupted: java.lang.InterruptedException: sleep interrupted
2019-10-18 12:32:24,366 [grpc-default-executor-1] INFO  impl.RoleInfo (RoleInfo.java:updateAndGet(143)) - 6af5dfc0-d4d0-48db-9aa9-c45e51549e54: start FollowerState
2019-10-18 12:32:24,367 [grpc-default-executor-3] INFO  impl.RoleInfo (RoleInfo.java:updateAndGet(143)) - c39ba312-e57f-4b8c-998e-32538a6d88da: start FollowerState
2019-10-18 12:32:24,398 [67d877d9-ecd0-4b7d-838e-89aa2c4103c0@group-A09C527D8C6F-LeaderElection100] INFO  impl.LeaderElection (LeaderElection.java:logAndReturn(56)) - 67d877d9-ecd0-4b7d-838e-89aa2c4103c0@group-A09C527D8C6F-LeaderElection100: Election REJECTED; received 2 response(s) [67d877d9-ecd0-4b7d-838e-89aa2c4103c0<-c39ba312-e57f-4b8c-998e-32538a6d88da#0:FAIL-t117, 67d877d9-ecd0-4b7d-838e-89aa2c4103c0<-6af5dfc0-d4d0-48db-9aa9-c45e51549e54#0:FAIL-t117] and 0 exception(s); 67d877d9-ecd0-4b7d-838e-89aa2c4103c0@group-A09C527D8C6F:t117, leader=null, voted=67d877d9-ecd0-4b7d-838e-89aa2c4103c0, raftlog=67d877d9-ecd0-4b7d-838e-89aa2c4103c0@group-A09C527D8C6F-SegmentedRaftLog:OPENED:c-1,f-1,i0, conf=-1: [c39ba312-e57f-4b8c-998e-32538a6d88da:192.168.34.56:44039, 67d877d9-ecd0-4b7d-838e-89aa2c4103c0:192.168.34.56:33816, 6af5dfc0-d4d0-48db-9aa9-c45e51549e54:192.168.34.56:32981], old=null
2019-10-18 12:32:24,398 [67d877d9-ecd0-4b7d-838e-89aa2c4103c0@group-A09C527D8C6F-LeaderElection100] INFO  impl.RaftServerImpl (RaftServerImpl.java:setRole(184)) - 67d877d9-ecd0-4b7d-838e-89aa2c4103c0@group-A09C527D8C6F: changes role from CANDIDATE to FOLLOWER at term 117 for DISCOVERED_A_NEW_TERM
2019-10-18 12:32:24,399 [67d877d9-ecd0-4b7d-838e-89aa2c4103c0@group-A09C527D8C6F-LeaderElection100] INFO  impl.RoleInfo (RoleInfo.java:shutdownLeaderElection(134)) - 67d877d9-ecd0-4b7d-838e-89aa2c4103c0: shutdown LeaderElection
2019-10-18 12:32:24,399 [67d877d9-ecd0-4b7d-838e-89aa2c4103c0@group-A09C527D8C6F-LeaderElection100] INFO  impl.RoleInfo (RoleInfo.java:updateAndGet(143)) - 67d877d9-ecd0-4b7d-838e-89aa2c4103c0: start FollowerState
2019-10-18 12:32:24,461 [Thread-960] INFO  impl.FollowerState (FollowerState.java:run(108)) - 67d877d9-ecd0-4b7d-838e-89aa2c4103c0@group-A09C527D8C6F-FollowerState: change to CANDIDATE, lastRpcTime:62ms, electionTimeout:62ms
2019-10-18 12:32:24,462 [Thread-960] INFO  impl.RoleInfo (RoleInfo.java:shutdownFollowerState(121)) - 67d877d9-ecd0-4b7d-838e-89aa2c4103c0: shutdown FollowerState
2019-10-18 12:32:24,462 [Thread-960] INFO  impl.RaftServerImpl (RaftServerImpl.java:setRole(184)) - 67d877d9-ecd0-4b7d-838e-89aa2c4103c0@group-A09C527D8C6F: changes role from  FOLLOWER to CANDIDATE at term 117 for changeToCandidate
2019-10-18 12:32:24,462 [Thread-960] INFO  impl.RoleInfo (RoleInfo.java:updateAndGet(143)) - 67d877d9-ecd0-4b7d-838e-89aa2c4103c0: start LeaderElection
2019-10-18 12:32:24,487 [67d877d9-ecd0-4b7d-838e-89aa2c4103c0@group-A09C527D8C6F-LeaderElection101] INFO  impl.LeaderElection (LeaderElection.java:askForVotes(178)) - 67d877d9-ecd0-4b7d-838e-89aa2c4103c0@group-A09C527D8C6F-LeaderElection101: begin an election at term 118 for -1: [c39ba312-e57f-4b8c-998e-32538a6d88da:192.168.34.56:44039, 67d877d9-ecd0-4b7d-838e-89aa2c4103c0:192.168.34.56:33816, 6af5dfc0-d4d0-48db-9aa9-c45e51549e54:192.168.34.56:32981], old=null
2019-10-18 12:32:24,489 [grpc-default-executor-1] INFO  impl.RaftServerImpl (RaftServerImpl.java:setRole(184)) - c39ba312-e57f-4b8c-998e-32538a6d88da@group-A09C527D8C6F: changes role from  FOLLOWER to FOLLOWER at term 118 for recognizeCandidate:67d877d9-ecd0-4b7d-838e-89aa2c4103c0
2019-10-18 12:32:24,489 [grpc-default-executor-1] INFO  impl.RoleInfo (RoleInfo.java:shutdownFollowerState(121)) - c39ba312-e57f-4b8c-998e-32538a6d88da: shutdown FollowerState
2019-10-18 12:32:24,489 [grpc-default-executor-3] INFO  impl.RaftServerImpl (RaftServerImpl.java:setRole(184)) - 6af5dfc0-d4d0-48db-9aa9-c45e51549e54@group-A09C527D8C6F: changes role from  FOLLOWER to FOLLOWER at term 118 for recognizeCandidate:67d877d9-ecd0-4b7d-838e-89aa2c4103c0
2019-10-18 12:32:24,490 [Thread-959] INFO  impl.FollowerState (FollowerState.java:run(117)) - c39ba312-e57f-4b8c-998e-32538a6d88da@group-A09C527D8C6F-FollowerState was interrupted: java.lang.InterruptedException: sleep interrupted
2019-10-18 12:32:24,490 [grpc-default-executor-1] INFO  impl.RoleInfo (RoleInfo.java:updateAndGet(143)) - c39ba312-e57f-4b8c-998e-32538a6d88da: start FollowerState
2019-10-18 12:32:24,490 [grpc-default-executor-3] INFO  impl.RoleInfo (RoleInfo.java:shutdownFollowerState(121)) - 6af5dfc0-d4d0-48db-9aa9-c45e51549e54: shutdown FollowerState
2019-10-18 12:32:24,490 [grpc-default-executor-3] INFO  impl.RoleInfo (RoleInfo.java:updateAndGet(143)) - 6af5dfc0-d4d0-48db-9aa9-c45e51549e54: start FollowerState
2019-10-18 12:32:24,490 [Thread-958] INFO  impl.FollowerState (FollowerState.java:run(117)) - 6af5dfc0-d4d0-48db-9aa9-c45e51549e54@group-A09C527D8C6F-FollowerState was interrupted: java.lang.InterruptedException: sleep interrupted
2019-10-18 12:32:24,525 [67d877d9-ecd0-4b7d-838e-89aa2c4103c0@group-A09C527D8C6F-LeaderElection101] INFO  impl.LeaderElection (LeaderElection.java:logAndReturn(56)) - 67d877d9-ecd0-4b7d-838e-89aa2c4103c0@group-A09C527D8C6F-LeaderElection101: Election REJECTED; received 2 response(s) [67d877d9-ecd0-4b7d-838e-89aa2c4103c0<-c39ba312-e57f-4b8c-998e-32538a6d88da#0:FAIL-t118, 67d877d9-ecd0-4b7d-838e-89aa2c4103c0<-6af5dfc0-d4d0-48db-9aa9-c45e51549e54#0:FAIL-t118] and 0 exception(s); 67d877d9-ecd0-4b7d-838e-89aa2c4103c0@group-A09C527D8C6F:t118, leader=null, voted=67d877d9-ecd0-4b7d-838e-89aa2c4103c0, raftlog=67d877d9-ecd0-4b7d-838e-89aa2c4103c0@group-A09C527D8C6F-SegmentedRaftLog:OPENED:c-1,f-1,i0, conf=-1: [c39ba312-e57f-4b8c-998e-32538a6d88da:192.168.34.56:44039, 67d877d9-ecd0-4b7d-838e-89aa2c4103c0:192.168.34.56:33816, 6af5dfc0-d4d0-48db-9aa9-c45e51549e54:192.168.34.56:32981], old=null
2019-10-18 12:32:24,525 [67d877d9-ecd0-4b7d-838e-89aa2c4103c0@group-A09C527D8C6F-LeaderElection101] INFO  impl.RaftServerImpl (RaftServerImpl.java:setRole(184)) - 67d877d9-ecd0-4b7d-838e-89aa2c4103c0@group-A09C527D8C6F: changes role from CANDIDATE to FOLLOWER at term 118 for DISCOVERED_A_NEW_TERM
2019-10-18 12:32:24,525 [67d877d9-ecd0-4b7d-838e-89aa2c4103c0@group-A09C527D8C6F-LeaderElection101] INFO  impl.RoleInfo (RoleInfo.java:shutdownLeaderElection(134)) - 67d877d9-ecd0-4b7d-838e-89aa2c4103c0: shutdown LeaderElection
2019-10-18 12:32:24,526 [67d877d9-ecd0-4b7d-838e-89aa2c4103c0@group-A09C527D8C6F-LeaderElection101] INFO  impl.RoleInfo (RoleInfo.java:updateAndGet(143)) - 67d877d9-ecd0-4b7d-838e-89aa2c4103c0: start FollowerState
2019-10-18 12:32:24,588 [Thread-966] INFO  impl.FollowerState (FollowerState.java:run(108)) - 67d877d9-ecd0-4b7d-838e-89aa2c4103c0@group-A09C527D8C6F-FollowerState: change to CANDIDATE, lastRpcTime:62ms, electionTimeout:62ms
2019-10-18 12:32:24,588 [Thread-966] INFO  impl.RoleInfo (RoleInfo.java:shutdownFollowerState(121)) - 67d877d9-ecd0-4b7d-838e-89aa2c4103c0: shutdown FollowerState
2019-10-18 12:32:24,589 [Thread-966] INFO  impl.RaftServerImpl (RaftServerImpl.java:setRole(184)) - 67d877d9-ecd0-4b7d-838e-89aa2c4103c0@group-A09C527D8C6F: changes role from  FOLLOWER to CANDIDATE at term 118 for changeToCandidate
2019-10-18 12:32:24,589 [Thread-966] INFO  impl.RoleInfo (RoleInfo.java:updateAndGet(143)) - 67d877d9-ecd0-4b7d-838e-89aa2c4103c0: start LeaderElection
2019-10-18 12:32:24,616 [67d877d9-ecd0-4b7d-838e-89aa2c4103c0@group-A09C527D8C6F-LeaderElection102] INFO  impl.LeaderElection (LeaderElection.java:askForVotes(178)) - 67d877d9-ecd0-4b7d-838e-89aa2c4103c0@group-A09C527D8C6F-LeaderElection102: begin an election at term 119 for -1: [c39ba312-e57f-4b8c-998e-32538a6d88da:192.168.34.56:44039, 67d877d9-ecd0-4b7d-838e-89aa2c4103c0:192.168.34.56:33816, 6af5dfc0-d4d0-48db-9aa9-c45e51549e54:192.168.34.56:32981], old=null
2019-10-18 12:32:24,618 [grpc-default-executor-3] INFO  impl.RaftServerImpl (RaftServerImpl.java:setRole(184)) - c39ba312-e57f-4b8c-998e-32538a6d88da@group-A09C527D8C6F: changes role from  FOLLOWER to FOLLOWER at term 119 for recognizeCandidate:67d877d9-ecd0-4b7d-838e-89aa2c4103c0
2019-10-18 12:32:24,618 [grpc-default-executor-3] INFO  impl.RoleInfo (RoleInfo.java:shutdownFollowerState(121)) - c39ba312-e57f-4b8c-998e-32538a6d88da: shutdown FollowerState
2019-10-18 12:32:24,618 [grpc-default-executor-1] INFO  impl.RaftServerImpl (RaftServerImpl.java:setRole(184)) - 6af5dfc0-d4d0-48db-9aa9-c45e51549e54@group-A09C527D8C6F: changes role from  FOLLOWER to FOLLOWER at term 119 for recognizeCandidate:67d877d9-ecd0-4b7d-838e-89aa2c4103c0
2019-10-18 12:32:24,619 [grpc-default-executor-1] INFO  impl.RoleInfo (RoleInfo.java:shutdownFollowerState(121)) - 6af5dfc0-d4d0-48db-9aa9-c45e51549e54: shutdown FollowerState
2019-10-18 12:32:24,619 [Thread-964] INFO  impl.FollowerState (FollowerState.java:run(117)) - c39ba312-e57f-4b8c-998e-32538a6d88da@group-A09C527D8C6F-FollowerState was interrupted: java.lang.InterruptedException: sleep interrupted
2019-10-18 12:32:24,619 [grpc-default-executor-3] INFO  impl.RoleInfo (RoleInfo.java:updateAndGet(143)) - c39ba312-e57f-4b8c-998e-32538a6d88da: start FollowerState
2019-10-18 12:32:24,619 [Thread-965] INFO  impl.FollowerState (FollowerState.java:run(117)) - 6af5dfc0-d4d0-48db-9aa9-c45e51549e54@group-A09C527D8C6F-FollowerState was interrupted: java.lang.InterruptedException: sleep interrupted
2019-10-18 12:32:24,619 [grpc-default-executor-1] INFO  impl.RoleInfo (RoleInfo.java:updateAndGet(143)) - 6af5dfc0-d4d0-48db-9aa9-c45e51549e54: start FollowerState
2019-10-18 12:32:24,637 [67d877d9-ecd0-4b7d-838e-89aa2c4103c0@group-A09C527D8C6F-LeaderElection102] INFO  impl.LeaderElection (LeaderElection.java:logAndReturn(56)) - 67d877d9-ecd0-4b7d-838e-89aa2c4103c0@group-A09C527D8C6F-LeaderElection102: Election TIMEOUT; received 0 response(s) [] and 0 exception(s); 67d877d9-ecd0-4b7d-838e-89aa2c4103c0@group-A09C527D8C6F:t119, leader=null, voted=67d877d9-ecd0-4b7d-838e-89aa2c4103c0, raftlog=67d877d9-ecd0-4b7d-838e-89aa2c4103c0@group-A09C527D8C6F-SegmentedRaftLog:OPENED:c-1,f-1,i0, conf=-1: [c39ba312-e57f-4b8c-998e-32538a6d88da:192.168.34.56:44039, 67d877d9-ecd0-4b7d-838e-89aa2c4103c0:192.168.34.56:33816, 6af5dfc0-d4d0-48db-9aa9-c45e51549e54:192.168.34.56:32981], old=null
2019-10-18 12:32:24,666 [67d877d9-ecd0-4b7d-838e-89aa2c4103c0@group-A09C527D8C6F-LeaderElection102] INFO  impl.LeaderElection (LeaderElection.java:askForVotes(178)) - 67d877d9-ecd0-4b7d-838e-89aa2c4103c0@group-A09C527D8C6F-LeaderElection102: begin an election at term 120 for -1: [c39ba312-e57f-4b8c-998e-32538a6d88da:192.168.34.56:44039, 67d877d9-ecd0-4b7d-838e-89aa2c4103c0:192.168.34.56:33816, 6af5dfc0-d4d0-48db-9aa9-c45e51549e54:192.168.34.56:32981], old=null
2019-10-18 12:32:24,669 [grpc-default-executor-1] INFO  impl.RaftServerImpl (RaftServerImpl.java:setRole(184)) - 6af5dfc0-d4d0-48db-9aa9-c45e51549e54@group-A09C527D8C6F: changes role from  FOLLOWER to FOLLOWER at term 120 for recognizeCandidate:67d877d9-ecd0-4b7d-838e-89aa2c4103c0
2019-10-18 12:32:24,669 [grpc-default-executor-1] INFO  impl.RoleInfo (RoleInfo.java:shutdownFollowerState(121)) - 6af5dfc0-d4d0-48db-9aa9-c45e51549e54: shutdown FollowerState
2019-10-18 12:32:24,669 [grpc-default-executor-3] INFO  impl.RaftServerImpl (RaftServerImpl.java:setRole(184)) - c39ba312-e57f-4b8c-998e-32538a6d88da@group-A09C527D8C6F: changes role from  FOLLOWER to FOLLOWER at term 120 for recognizeCandidate:67d877d9-ecd0-4b7d-838e-89aa2c4103c0
2019-10-18 12:32:24,670 [grpc-default-executor-3] INFO  impl.RoleInfo (RoleInfo.java:shutdownFollowerState(121)) - c39ba312-e57f-4b8c-998e-32538a6d88da: shutdown FollowerState
2019-10-18 12:32:24,670 [Thread-971] INFO  impl.FollowerState (FollowerState.java:run(117)) - 6af5dfc0-d4d0-48db-9aa9-c45e51549e54@group-A09C527D8C6F-FollowerState was interrupted: java.lang.InterruptedException: sleep interrupted
2019-10-18 12:32:24,670 [grpc-default-executor-1] INFO  impl.RoleInfo (RoleInfo.java:updateAndGet(143)) - 6af5dfc0-d4d0-48db-9aa9-c45e51549e54: start FollowerState
2019-10-18 12:32:24,670 [Thread-970] INFO  impl.FollowerState (FollowerState.java:run(117)) - c39ba312-e57f-4b8c-998e-32538a6d88da@group-A09C527D8C6F-FollowerState was interrupted: java.lang.InterruptedException: sleep interrupted
2019-10-18 12:32:24,670 [grpc-default-executor-3] INFO  impl.RoleInfo (RoleInfo.java:updateAndGet(143)) - c39ba312-e57f-4b8c-998e-32538a6d88da: start FollowerState
2019-10-18 12:32:24,693 [67d877d9-ecd0-4b7d-838e-89aa2c4103c0@group-A09C527D8C6F-LeaderElection102] INFO  impl.LeaderElection (LeaderElection.java:logAndReturn(56)) - 67d877d9-ecd0-4b7d-838e-89aa2c4103c0@group-A09C527D8C6F-LeaderElection102: Election REJECTED; received 2 response(s) [67d877d9-ecd0-4b7d-838e-89aa2c4103c0<-c39ba312-e57f-4b8c-998e-32538a6d88da#0:FAIL-t120, 67d877d9-ecd0-4b7d-838e-89aa2c4103c0<-6af5dfc0-d4d0-48db-9aa9-c45e51549e54#0:FAIL-t120] and 0 exception(s); 67d877d9-ecd0-4b7d-838e-89aa2c4103c0@group-A09C527D8C6F:t120, leader=null, voted=67d877d9-ecd0-4b7d-838e-89aa2c4103c0, raftlog=67d877d9-ecd0-4b7d-838e-89aa2c4103c0@group-A09C527D8C6F-SegmentedRaftLog:OPENED:c-1,f-1,i0, conf=-1: [c39ba312-e57f-4b8c-998e-32538a6d88da:192.168.34.56:44039, 67d877d9-ecd0-4b7d-838e-89aa2c4103c0:192.168.34.56:33816, 6af5dfc0-d4d0-48db-9aa9-c45e51549e54:192.168.34.56:32981], old=null
2019-10-18 12:32:24,693 [67d877d9-ecd0-4b7d-838e-89aa2c4103c0@group-A09C527D8C6F-LeaderElection102] INFO  impl.RaftServerImpl (RaftServerImpl.java:setRole(184)) - 67d877d9-ecd0-4b7d-838e-89aa2c4103c0@group-A09C527D8C6F: changes role from CANDIDATE to FOLLOWER at term 120 for DISCOVERED_A_NEW_TERM
2019-10-18 12:32:24,693 [67d877d9-ecd0-4b7d-838e-89aa2c4103c0@group-A09C527D8C6F-LeaderElection102] INFO  impl.RoleInfo (RoleInfo.java:shutdownLeaderElection(134)) - 67d877d9-ecd0-4b7d-838e-89aa2c4103c0: shutdown LeaderElection
2019-10-18 12:32:24,694 [67d877d9-ecd0-4b7d-838e-89aa2c4103c0@group-A09C527D8C6F-LeaderElection102] INFO  impl.RoleInfo (RoleInfo.java:updateAndGet(143)) - 67d877d9-ecd0-4b7d-838e-89aa2c4103c0: start FollowerState
2019-10-18 12:32:24,840 [Thread-976] INFO  impl.FollowerState (FollowerState.java:run(108)) - 67d877d9-ecd0-4b7d-838e-89aa2c4103c0@group-A09C527D8C6F-FollowerState: change to CANDIDATE, lastRpcTime:146ms, electionTimeout:146ms
2019-10-18 12:32:24,840 [Thread-976] INFO  impl.RoleInfo (RoleInfo.java:shutdownFollowerState(121)) - 67d877d9-ecd0-4b7d-838e-89aa2c4103c0: shutdown FollowerState
2019-10-18 12:32:24,840 [Thread-976] INFO  impl.RaftServerImpl (RaftServerImpl.java:setRole(184)) - 67d877d9-ecd0-4b7d-838e-89aa2c4103c0@group-A09C527D8C6F: changes role from  FOLLOWER to CANDIDATE at term 120 for changeToCandidate
2019-10-18 12:32:24,841 [Thread-976] INFO  impl.RoleInfo (RoleInfo.java:updateAndGet(143)) - 67d877d9-ecd0-4b7d-838e-89aa2c4103c0: start LeaderElection
2019-10-18 12:32:24,867 [67d877d9-ecd0-4b7d-838e-89aa2c4103c0@group-A09C527D8C6F-LeaderElection103] INFO  impl.LeaderElection (LeaderElection.java:askForVotes(178)) - 67d877d9-ecd0-4b7d-838e-89aa2c4103c0@group-A09C527D8C6F-LeaderElection103: begin an election at term 121 for -1: [c39ba312-e57f-4b8c-998e-32538a6d88da:192.168.34.56:44039, 67d877d9-ecd0-4b7d-838e-89aa2c4103c0:192.168.34.56:33816, 6af5dfc0-d4d0-48db-9aa9-c45e51549e54:192.168.34.56:32981], old=null
2019-10-18 12:32:24,870 [grpc-default-executor-1] INFO  impl.RaftServerImpl (RaftServerImpl.java:setRole(184)) - c39ba312-e57f-4b8c-998e-32538a6d88da@group-A09C527D8C6F: changes role from  FOLLOWER to FOLLOWER at term 121 for recognizeCandidate:67d877d9-ecd0-4b7d-838e-89aa2c4103c0
2019-10-18 12:32:24,870 [grpc-default-executor-1] INFO  impl.RoleInfo (RoleInfo.java:shutdownFollowerState(121)) - c39ba312-e57f-4b8c-998e-32538a6d88da: shutdown FollowerState
2019-10-18 12:32:24,871 [grpc-default-executor-1] INFO  impl.RoleInfo (RoleInfo.java:updateAndGet(143)) - c39ba312-e57f-4b8c-998e-32538a6d88da: start FollowerState
2019-10-18 12:32:24,871 [Thread-975] INFO  impl.FollowerState (FollowerState.java:run(117)) - c39ba312-e57f-4b8c-998e-32538a6d88da@group-A09C527D8C6F-FollowerState was interrupted: java.lang.InterruptedException: sleep interrupted
2019-10-18 12:32:24,871 [grpc-default-executor-3] INFO  impl.RaftServerImpl (RaftServerImpl.java:setRole(184)) - 6af5dfc0-d4d0-48db-9aa9-c45e51549e54@group-A09C527D8C6F: changes role from  FOLLOWER to FOLLOWER at term 121 for recognizeCandidate:67d877d9-ecd0-4b7d-838e-89aa2c4103c0
2019-10-18 12:32:24,871 [grpc-default-executor-3] INFO  impl.RoleInfo (RoleInfo.java:shutdownFollowerState(121)) - 6af5dfc0-d4d0-48db-9aa9-c45e51549e54: shutdown FollowerState
2019-10-18 12:32:24,871 [Thread-974] INFO  impl.FollowerState (FollowerState.java:run(117)) - 6af5dfc0-d4d0-48db-9aa9-c45e51549e54@group-A09C527D8C6F-FollowerState was interrupted: java.lang.InterruptedException: sleep interrupted
2019-10-18 12:32:24,871 [grpc-default-executor-3] INFO  impl.RoleInfo (RoleInfo.java:updateAndGet(143)) - 6af5dfc0-d4d0-48db-9aa9-c45e51549e54: start FollowerState
2019-10-18 12:32:24,894 [67d877d9-ecd0-4b7d-838e-89aa2c4103c0@group-A09C527D8C6F-LeaderElection103] INFO  impl.LeaderElection (LeaderElection.java:logAndReturn(56)) - 67d877d9-ecd0-4b7d-838e-89aa2c4103c0@group-A09C527D8C6F-LeaderElection103: Election REJECTED; received 2 response(s) [67d877d9-ecd0-4b7d-838e-89aa2c4103c0<-c39ba312-e57f-4b8c-998e-32538a6d88da#0:FAIL-t121, 67d877d9-ecd0-4b7d-838e-89aa2c4103c0<-6af5dfc0-d4d0-48db-9aa9-c45e51549e54#0:FAIL-t121] and 0 exception(s); 67d877d9-ecd0-4b7d-838e-89aa2c4103c0@group-A09C527D8C6F:t121, leader=null, voted=67d877d9-ecd0-4b7d-838e-89aa2c4103c0, raftlog=67d877d9-ecd0-4b7d-838e-89aa2c4103c0@group-A09C527D8C6F-SegmentedRaftLog:OPENED:c-1,f-1,i0, conf=-1: [c39ba312-e57f-4b8c-998e-32538a6d88da:192.168.34.56:44039, 67d877d9-ecd0-4b7d-838e-89aa2c4103c0:192.168.34.56:33816, 6af5dfc0-d4d0-48db-9aa9-c45e51549e54:192.168.34.56:32981], old=null
2019-10-18 12:32:24,894 [67d877d9-ecd0-4b7d-838e-89aa2c4103c0@group-A09C527D8C6F-LeaderElection103] INFO  impl.RaftServerImpl (RaftServerImpl.java:setRole(184)) - 67d877d9-ecd0-4b7d-838e-89aa2c4103c0@group-A09C527D8C6F: changes role from CANDIDATE to FOLLOWER at term 121 for DISCOVERED_A_NEW_TERM
2019-10-18 12:32:24,894 [67d877d9-ecd0-4b7d-838e-89aa2c4103c0@group-A09C527D8C6F-LeaderElection103] INFO  impl.RoleInfo (RoleInfo.java:shutdownLeaderElection(134)) - 67d877d9-ecd0-4b7d-838e-89aa2c4103c0: shutdown LeaderElection
2019-10-18 12:32:24,894 [67d877d9-ecd0-4b7d-838e-89aa2c4103c0@group-A09C527D8C6F-LeaderElection103] INFO  impl.RoleInfo (RoleInfo.java:updateAndGet(143)) - 67d877d9-ecd0-4b7d-838e-89aa2c4103c0: start FollowerState
2019-10-18 12:32:25,087 [Thread-984] INFO  impl.FollowerState (FollowerState.java:run(108)) - 67d877d9-ecd0-4b7d-838e-89aa2c4103c0@group-A09C527D8C6F-FollowerState: change to CANDIDATE, lastRpcTime:192ms, electionTimeout:192ms
2019-10-18 12:32:25,087 [Thread-984] INFO  impl.RoleInfo (RoleInfo.java:shutdownFollowerState(121)) - 67d877d9-ecd0-4b7d-838e-89aa2c4103c0: shutdown FollowerState
2019-10-18 12:32:25,087 [Thread-984] INFO  impl.RaftServerImpl (RaftServerImpl.java:setRole(184)) - 67d877d9-ecd0-4b7d-838e-89aa2c4103c0@group-A09C527D8C6F: changes role from  FOLLOWER to CANDIDATE at term 121 for changeToCandidate
2019-10-18 12:32:25,088 [Thread-984] INFO  impl.RoleInfo (RoleInfo.java:updateAndGet(143)) - 67d877d9-ecd0-4b7d-838e-89aa2c4103c0: start LeaderElection
2019-10-18 12:32:25,118 [67d877d9-ecd0-4b7d-838e-89aa2c4103c0@group-A09C527D8C6F-LeaderElection104] INFO  impl.LeaderElection (LeaderElection.java:askForVotes(178)) - 67d877d9-ecd0-4b7d-838e-89aa2c4103c0@group-A09C527D8C6F-LeaderElection104: begin an election at term 122 for -1: [c39ba312-e57f-4b8c-998e-32538a6d88da:192.168.34.56:44039, 67d877d9-ecd0-4b7d-838e-89aa2c4103c0:192.168.34.56:33816, 6af5dfc0-d4d0-48db-9aa9-c45e51549e54:192.168.34.56:32981], old=null
2019-10-18 12:32:25,121 [grpc-default-executor-3] INFO  impl.RaftServerImpl (RaftServerImpl.java:setRole(184)) - c39ba312-e57f-4b8c-998e-32538a6d88da@group-A09C527D8C6F: changes role from  FOLLOWER to FOLLOWER at term 122 for recognizeCandidate:67d877d9-ecd0-4b7d-838e-89aa2c4103c0
2019-10-18 12:32:25,121 [grpc-default-executor-1] INFO  impl.RaftServerImpl (RaftServerImpl.java:setRole(184)) - 6af5dfc0-d4d0-48db-9aa9-c45e51549e54@group-A09C527D8C6F: changes role from  FOLLOWER to FOLLOWER at term 122 for recognizeCandidate:67d877d9-ecd0-4b7d-838e-89aa2c4103c0
2019-10-18 12:32:25,121 [grpc-default-executor-3] INFO  impl.RoleInfo (RoleInfo.java:shutdownFollowerState(121)) - c39ba312-e57f-4b8c-998e-32538a6d88da: shutdown FollowerState
2019-10-18 12:32:25,121 [grpc-default-executor-1] INFO  impl.RoleInfo (RoleInfo.java:shutdownFollowerState(121)) - 6af5dfc0-d4d0-48db-9aa9-c45e51549e54: shutdown FollowerState
2019-10-18 12:32:25,121 [Thread-982] INFO  impl.FollowerState (FollowerState.java:run(117)) - c39ba312-e57f-4b8c-998e-32538a6d88da@group-A09C527D8C6F-FollowerState was interrupted: java.lang.InterruptedException: sleep interrupted
2019-10-18 12:32:25,121 [grpc-default-executor-3] INFO  impl.RoleInfo (RoleInfo.java:updateAndGet(143)) - c39ba312-e57f-4b8c-998e-32538a6d88da: start FollowerState
2019-10-18 12:32:25,122 [Thread-983] INFO  impl.FollowerState (FollowerState.java:run(117)) - 6af5dfc0-d4d0-48db-9aa9-c45e51549e54@group-A09C527D8C6F-FollowerState was interrupted: java.lang.InterruptedException: sleep interrupted
2019-10-18 12:32:25,122 [grpc-default-executor-1] INFO  impl.RoleInfo (RoleInfo.java:updateAndGet(143)) - 6af5dfc0-d4d0-48db-9aa9-c45e51549e54: start FollowerState
2019-10-18 12:32:25,135 [67d877d9-ecd0-4b7d-838e-89aa2c4103c0@group-A09C527D8C6F-LeaderElection104] INFO  impl.LeaderElection (LeaderElection.java:logAndReturn(56)) - 67d877d9-ecd0-4b7d-838e-89aa2c4103c0@group-A09C527D8C6F-LeaderElection104: Election TIMEOUT; received 0 response(s) [] and 0 exception(s); 67d877d9-ecd0-4b7d-838e-89aa2c4103c0@group-A09C527D8C6F:t122, leader=null, voted=67d877d9-ecd0-4b7d-838e-89aa2c4103c0, raftlog=67d877d9-ecd0-4b7d-838e-89aa2c4103c0@group-A09C527D8C6F-SegmentedRaftLog:OPENED:c-1,f-1,i0, conf=-1: [c39ba312-e57f-4b8c-998e-32538a6d88da:192.168.34.56:44039, 67d877d9-ecd0-4b7d-838e-89aa2c4103c0:192.168.34.56:33816, 6af5dfc0-d4d0-48db-9aa9-c45e51549e54:192.168.34.56:32981], old=null
2019-10-18 12:32:25,170 [67d877d9-ecd0-4b7d-838e-89aa2c4103c0@group-A09C527D8C6F-LeaderElection104] INFO  impl.LeaderElection (LeaderElection.java:askForVotes(178)) - 67d877d9-ecd0-4b7d-838e-89aa2c4103c0@group-A09C527D8C6F-LeaderElection104: begin an election at term 123 for -1: [c39ba312-e57f-4b8c-998e-32538a6d88da:192.168.34.56:44039, 67d877d9-ecd0-4b7d-838e-89aa2c4103c0:192.168.34.56:33816, 6af5dfc0-d4d0-48db-9aa9-c45e51549e54:192.168.34.56:32981], old=null
2019-10-18 12:32:25,172 [grpc-default-executor-1] INFO  impl.RaftServerImpl (RaftServerImpl.java:setRole(184)) - c39ba312-e57f-4b8c-998e-32538a6d88da@group-A09C527D8C6F: changes role from  FOLLOWER to FOLLOWER at term 123 for recognizeCandidate:67d877d9-ecd0-4b7d-838e-89aa2c4103c0
2019-10-18 12:32:25,172 [grpc-default-executor-1] INFO  impl.RoleInfo (RoleInfo.java:shutdownFollowerState(121)) - c39ba312-e57f-4b8c-998e-32538a6d88da: shutdown FollowerState
2019-10-18 12:32:25,172 [grpc-default-executor-3] INFO  impl.RaftServerImpl (RaftServerImpl.java:setRole(184)) - 6af5dfc0-d4d0-48db-9aa9-c45e51549e54@group-A09C527D8C6F: changes role from  FOLLOWER to FOLLOWER at term 123 for recognizeCandidate:67d877d9-ecd0-4b7d-838e-89aa2c4103c0
2019-10-18 12:32:25,173 [grpc-default-executor-3] INFO  impl.RoleInfo (RoleInfo.java:shutdownFollowerState(121)) - 6af5dfc0-d4d0-48db-9aa9-c45e51549e54: shutdown FollowerState
2019-10-18 12:32:25,173 [Thread-988] INFO  impl.FollowerState (FollowerState.java:run(117)) - c39ba312-e57f-4b8c-998e-32538a6d88da@group-A09C527D8C6F-FollowerState was interrupted: java.lang.InterruptedException: sleep interrupted
2019-10-18 12:32:25,173 [grpc-default-executor-1] INFO  impl.RoleInfo (RoleInfo.java:updateAndGet(143)) - c39ba312-e57f-4b8c-998e-32538a6d88da: start FollowerState
2019-10-18 12:32:25,173 [Thread-989] INFO  impl.FollowerState (FollowerState.java:run(117)) - 6af5dfc0-d4d0-48db-9aa9-c45e51549e54@group-A09C527D8C6F-FollowerState was interrupted: java.lang.InterruptedException: sleep interrupted
2019-10-18 12:32:25,173 [grpc-default-executor-3] INFO  impl.RoleInfo (RoleInfo.java:updateAndGet(143)) - 6af5dfc0-d4d0-48db-9aa9-c45e51549e54: start FollowerState
2019-10-18 12:32:25,196 [67d877d9-ecd0-4b7d-838e-89aa2c4103c0@group-A09C527D8C6F-LeaderElection104] INFO  impl.LeaderElection (LeaderElection.java:logAndReturn(56)) - 67d877d9-ecd0-4b7d-838e-89aa2c4103c0@group-A09C527D8C6F-LeaderElection104: Election REJECTED; received 2 response(s) [67d877d9-ecd0-4b7d-838e-89aa2c4103c0<-c39ba312-e57f-4b8c-998e-32538a6d88da#0:FAIL-t123, 67d877d9-ecd0-4b7d-838e-89aa2c4103c0<-6af5dfc0-d4d0-48db-9aa9-c45e51549e54#0:FAIL-t123] and 0 exception(s); 67d877d9-ecd0-4b7d-838e-89aa2c4103c0@group-A09C527D8C6F:t123, leader=null, voted=67d877d9-ecd0-4b7d-838e-89aa2c4103c0, raftlog=67d877d9-ecd0-4b7d-838e-89aa2c4103c0@group-A09C527D8C6F-SegmentedRaftLog:OPENED:c-1,f-1,i0, conf=-1: [c39ba312-e57f-4b8c-998e-32538a6d88da:192.168.34.56:44039, 67d877d9-ecd0-4b7d-838e-89aa2c4103c0:192.168.34.56:33816, 6af5dfc0-d4d0-48db-9aa9-c45e51549e54:192.168.34.56:32981], old=null
2019-10-18 12:32:25,196 [67d877d9-ecd0-4b7d-838e-89aa2c4103c0@group-A09C527D8C6F-LeaderElection104] INFO  impl.RaftServerImpl (RaftServerImpl.java:setRole(184)) - 67d877d9-ecd0-4b7d-838e-89aa2c4103c0@group-A09C527D8C6F: changes role from CANDIDATE to FOLLOWER at term 123 for DISCOVERED_A_NEW_TERM
2019-10-18 12:32:25,197 [67d877d9-ecd0-4b7d-838e-89aa2c4103c0@group-A09C527D8C6F-LeaderElection104] INFO  impl.RoleInfo (RoleInfo.java:shutdownLeaderElection(134)) - 67d877d9-ecd0-4b7d-838e-89aa2c4103c0: shutdown LeaderElection
2019-10-18 12:32:25,197 [67d877d9-ecd0-4b7d-838e-89aa2c4103c0@group-A09C527D8C6F-LeaderElection104] INFO  impl.RoleInfo (RoleInfo.java:updateAndGet(143)) - 67d877d9-ecd0-4b7d-838e-89aa2c4103c0: start FollowerState
2019-10-18 12:32:25,344 [Thread-994] INFO  impl.FollowerState (FollowerState.java:run(108)) - 67d877d9-ecd0-4b7d-838e-89aa2c4103c0@group-A09C527D8C6F-FollowerState: change to CANDIDATE, lastRpcTime:147ms, electionTimeout:147ms
2019-10-18 12:32:25,345 [Thread-994] INFO  impl.RoleInfo (RoleInfo.java:shutdownFollowerState(121)) - 67d877d9-ecd0-4b7d-838e-89aa2c4103c0: shutdown FollowerState
2019-10-18 12:32:25,345 [Thread-994] INFO  impl.RaftServerImpl (RaftServerImpl.java:setRole(184)) - 67d877d9-ecd0-4b7d-838e-89aa2c4103c0@group-A09C527D8C6F: changes role from  FOLLOWER to CANDIDATE at term 123 for changeToCandidate
2019-10-18 12:32:25,345 [Thread-994] INFO  impl.RoleInfo (RoleInfo.java:updateAndGet(143)) - 67d877d9-ecd0-4b7d-838e-89aa2c4103c0: start LeaderElection
2019-10-18 12:32:25,371 [67d877d9-ecd0-4b7d-838e-89aa2c4103c0@group-A09C527D8C6F-LeaderElection105] INFO  impl.LeaderElection (LeaderElection.java:askForVotes(178)) - 67d877d9-ecd0-4b7d-838e-89aa2c4103c0@group-A09C527D8C6F-LeaderElection105: begin an election at term 124 for -1: [c39ba312-e57f-4b8c-998e-32538a6d88da:192.168.34.56:44039, 67d877d9-ecd0-4b7d-838e-89aa2c4103c0:192.168.34.56:33816, 6af5dfc0-d4d0-48db-9aa9-c45e51549e54:192.168.34.56:32981], old=null
2019-10-18 12:32:25,380 [grpc-default-executor-1] INFO  impl.RaftServerImpl (RaftServerImpl.java:setRole(184)) - c39ba312-e57f-4b8c-998e-32538a6d88da@group-A09C527D8C6F: changes role from  FOLLOWER to FOLLOWER at term 124 for recognizeCandidate:67d877d9-ecd0-4b7d-838e-89aa2c4103c0
2019-10-18 12:32:25,380 [grpc-default-executor-1] INFO  impl.RoleInfo (RoleInfo.java:shutdownFollowerState(121)) - c39ba312-e57f-4b8c-998e-32538a6d88da: shutdown FollowerState
2019-10-18 12:32:25,380 [grpc-default-executor-3] INFO  impl.RaftServerImpl (RaftServerImpl.java:setRole(184)) - 6af5dfc0-d4d0-48db-9aa9-c45e51549e54@group-A09C527D8C6F: changes role from  FOLLOWER to FOLLOWER at term 124 for recognizeCandidate:67d877d9-ecd0-4b7d-838e-89aa2c4103c0
2019-10-18 12:32:25,380 [Thread-992] INFO  impl.FollowerState (FollowerState.java:run(117)) - c39ba312-e57f-4b8c-998e-32538a6d88da@group-A09C527D8C6F-FollowerState was interrupted: java.lang.InterruptedException: sleep interrupted
2019-10-18 12:32:25,380 [grpc-default-executor-1] INFO  impl.RoleInfo (RoleInfo.java:updateAndGet(143)) - c39ba312-e57f-4b8c-998e-32538a6d88da: start FollowerState
2019-10-18 12:32:25,381 [grpc-default-executor-3] INFO  impl.RoleInfo (RoleInfo.java:shutdownFollowerState(121)) - 6af5dfc0-d4d0-48db-9aa9-c45e51549e54: shutdown FollowerState
2019-10-18 12:32:25,381 [grpc-default-executor-3] INFO  impl.RoleInfo (RoleInfo.java:updateAndGet(143)) - 6af5dfc0-d4d0-48db-9aa9-c45e51549e54: start FollowerState
2019-10-18 12:32:25,381 [Thread-993] INFO  impl.FollowerState (FollowerState.java:run(117)) - 6af5dfc0-d4d0-48db-9aa9-c45e51549e54@group-A09C527D8C6F-FollowerState was interrupted: java.lang.InterruptedException: sleep interrupted
2019-10-18 12:32:25,405 [67d877d9-ecd0-4b7d-838e-89aa2c4103c0@group-A09C527D8C6F-LeaderElection105] INFO  impl.LeaderElection (LeaderElection.java:logAndReturn(56)) - 67d877d9-ecd0-4b7d-838e-89aa2c4103c0@group-A09C527D8C6F-LeaderElection105: Election REJECTED; received 2 response(s) [67d877d9-ecd0-4b7d-838e-89aa2c4103c0<-c39ba312-e57f-4b8c-998e-32538a6d88da#0:FAIL-t124, 67d877d9-ecd0-4b7d-838e-89aa2c4103c0<-6af5dfc0-d4d0-48db-9aa9-c45e51549e54#0:FAIL-t124] and 0 exception(s); 67d877d9-ecd0-4b7d-838e-89aa2c4103c0@group-A09C527D8C6F:t124, leader=null, voted=67d877d9-ecd0-4b7d-838e-89aa2c4103c0, raftlog=67d877d9-ecd0-4b7d-838e-89aa2c4103c0@group-A09C527D8C6F-SegmentedRaftLog:OPENED:c-1,f-1,i0, conf=-1: [c39ba312-e57f-4b8c-998e-32538a6d88da:192.168.34.56:44039, 67d877d9-ecd0-4b7d-838e-89aa2c4103c0:192.168.34.56:33816, 6af5dfc0-d4d0-48db-9aa9-c45e51549e54:192.168.34.56:32981], old=null
2019-10-18 12:32:25,406 [67d877d9-ecd0-4b7d-838e-89aa2c4103c0@group-A09C527D8C6F-LeaderElection105] INFO  impl.RaftServerImpl (RaftServerImpl.java:setRole(184)) - 67d877d9-ecd0-4b7d-838e-89aa2c4103c0@group-A09C527D8C6F: changes role from CANDIDATE to FOLLOWER at term 124 for DISCOVERED_A_NEW_TERM
2019-10-18 12:32:25,406 [67d877d9-ecd0-4b7d-838e-89aa2c4103c0@group-A09C527D8C6F-LeaderElection105] INFO  impl.RoleInfo (RoleInfo.java:shutdownLeaderElection(134)) - 67d877d9-ecd0-4b7d-838e-89aa2c4103c0: shutdown LeaderElection
2019-10-18 12:32:25,406 [67d877d9-ecd0-4b7d-838e-89aa2c4103c0@group-A09C527D8C6F-LeaderElection105] INFO  impl.RoleInfo (RoleInfo.java:updateAndGet(143)) - 67d877d9-ecd0-4b7d-838e-89aa2c4103c0: start FollowerState
2019-10-18 12:32:25,505 [Thread-1000] INFO  impl.FollowerState (FollowerState.java:run(108)) - 67d877d9-ecd0-4b7d-838e-89aa2c4103c0@group-A09C527D8C6F-FollowerState: change to CANDIDATE, lastRpcTime:98ms, electionTimeout:98ms
2019-10-18 12:32:25,505 [Thread-1000] INFO  impl.RoleInfo (RoleInfo.java:shutdownFollowerState(121)) - 67d877d9-ecd0-4b7d-838e-89aa2c4103c0: shutdown FollowerState
2019-10-18 12:32:25,505 [Thread-1000] INFO  impl.RaftServerImpl (RaftServerImpl.java:setRole(184)) - 67d877d9-ecd0-4b7d-838e-89aa2c4103c0@group-A09C527D8C6F: changes role from  FOLLOWER to CANDIDATE at term 124 for changeToCandidate
2019-10-18 12:32:25,505 [Thread-1000] INFO  impl.RoleInfo (RoleInfo.java:updateAndGet(143)) - 67d877d9-ecd0-4b7d-838e-89aa2c4103c0: start LeaderElection
2019-10-18 12:32:25,530 [67d877d9-ecd0-4b7d-838e-89aa2c4103c0@group-A09C527D8C6F-LeaderElection106] INFO  impl.LeaderElection (LeaderElection.java:askForVotes(178)) - 67d877d9-ecd0-4b7d-838e-89aa2c4103c0@group-A09C527D8C6F-LeaderElection106: begin an election at term 125 for -1: [c39ba312-e57f-4b8c-998e-32538a6d88da:192.168.34.56:44039, 67d877d9-ecd0-4b7d-838e-89aa2c4103c0:192.168.34.56:33816, 6af5dfc0-d4d0-48db-9aa9-c45e51549e54:192.168.34.56:32981], old=null
2019-10-18 12:32:25,532 [grpc-default-executor-1] INFO  impl.RaftServerImpl (RaftServerImpl.java:setRole(184)) - 6af5dfc0-d4d0-48db-9aa9-c45e51549e54@group-A09C527D8C6F: changes role from  FOLLOWER to FOLLOWER at term 125 for recognizeCandidate:67d877d9-ecd0-4b7d-838e-89aa2c4103c0
2019-10-18 12:32:25,533 [grpc-default-executor-3] INFO  impl.RaftServerImpl (RaftServerImpl.java:setRole(184)) - c39ba312-e57f-4b8c-998e-32538a6d88da@group-A09C527D8C6F: changes role from  FOLLOWER to FOLLOWER at term 125 for recognizeCandidate:67d877d9-ecd0-4b7d-838e-89aa2c4103c0
2019-10-18 12:32:25,533 [grpc-default-executor-1] INFO  impl.RoleInfo (RoleInfo.java:shutdownFollowerState(121)) - 6af5dfc0-d4d0-48db-9aa9-c45e51549e54: shutdown FollowerState
2019-10-18 12:32:25,533 [grpc-default-executor-3] INFO  impl.RoleInfo (RoleInfo.java:shutdownFollowerState(121)) - c39ba312-e57f-4b8c-998e-32538a6d88da: shutdown FollowerState
2019-10-18 12:32:25,533 [Thread-999] INFO  impl.FollowerState (FollowerState.java:run(117)) - 6af5dfc0-d4d0-48db-9aa9-c45e51549e54@group-A09C527D8C6F-FollowerState was interrupted: java.lang.InterruptedException: sleep interrupted
2019-10-18 12:32:25,533 [grpc-default-executor-1] INFO  impl.RoleInfo (RoleInfo.java:updateAndGet(143)) - 6af5dfc0-d4d0-48db-9aa9-c45e51549e54: start FollowerState
2019-10-18 12:32:25,533 [Thread-998] INFO  impl.FollowerState (FollowerState.java:run(117)) - c39ba312-e57f-4b8c-998e-32538a6d88da@group-A09C527D8C6F-FollowerState was interrupted: java.lang.InterruptedException: sleep interrupted
2019-10-18 12:32:25,533 [grpc-default-executor-3] INFO  impl.RoleInfo (RoleInfo.java:updateAndGet(143)) - c39ba312-e57f-4b8c-998e-32538a6d88da: start FollowerState
2019-10-18 12:32:25,556 [67d877d9-ecd0-4b7d-838e-89aa2c4103c0@group-A09C527D8C6F-LeaderElection106] INFO  impl.LeaderElection (LeaderElection.java:logAndReturn(56)) - 67d877d9-ecd0-4b7d-838e-89aa2c4103c0@group-A09C527D8C6F-LeaderElection106: Election REJECTED; received 2 response(s) [67d877d9-ecd0-4b7d-838e-89aa2c4103c0<-c39ba312-e57f-4b8c-998e-32538a6d88da#0:FAIL-t125, 67d877d9-ecd0-4b7d-838e-89aa2c4103c0<-6af5dfc0-d4d0-48db-9aa9-c45e51549e54#0:FAIL-t125] and 0 exception(s); 67d877d9-ecd0-4b7d-838e-89aa2c4103c0@group-A09C527D8C6F:t125, leader=null, voted=67d877d9-ecd0-4b7d-838e-89aa2c4103c0, raftlog=67d877d9-ecd0-4b7d-838e-89aa2c4103c0@group-A09C527D8C6F-SegmentedRaftLog:OPENED:c-1,f-1,i0, conf=-1: [c39ba312-e57f-4b8c-998e-32538a6d88da:192.168.34.56:44039, 67d877d9-ecd0-4b7d-838e-89aa2c4103c0:192.168.34.56:33816, 6af5dfc0-d4d0-48db-9aa9-c45e51549e54:192.168.34.56:32981], old=null
2019-10-18 12:32:25,557 [67d877d9-ecd0-4b7d-838e-89aa2c4103c0@group-A09C527D8C6F-LeaderElection106] INFO  impl.RaftServerImpl (RaftServerImpl.java:setRole(184)) - 67d877d9-ecd0-4b7d-838e-89aa2c4103c0@group-A09C527D8C6F: changes role from CANDIDATE to FOLLOWER at term 125 for DISCOVERED_A_NEW_TERM
2019-10-18 12:32:25,557 [67d877d9-ecd0-4b7d-838e-89aa2c4103c0@group-A09C527D8C6F-LeaderElection106] INFO  impl.RoleInfo (RoleInfo.java:shutdownLeaderElection(134)) - 67d877d9-ecd0-4b7d-838e-89aa2c4103c0: shutdown LeaderElection
2019-10-18 12:32:25,557 [67d877d9-ecd0-4b7d-838e-89aa2c4103c0@group-A09C527D8C6F-LeaderElection106] INFO  impl.RoleInfo (RoleInfo.java:updateAndGet(143)) - 67d877d9-ecd0-4b7d-838e-89aa2c4103c0: start FollowerState
2019-10-18 12:32:25,698 [Thread-1006] INFO  impl.FollowerState (FollowerState.java:run(108)) - 67d877d9-ecd0-4b7d-838e-89aa2c4103c0@group-A09C527D8C6F-FollowerState: change to CANDIDATE, lastRpcTime:141ms, electionTimeout:141ms
2019-10-18 12:32:25,699 [Thread-1006] INFO  impl.RoleInfo (RoleInfo.java:shutdownFollowerState(121)) - 67d877d9-ecd0-4b7d-838e-89aa2c4103c0: shutdown FollowerState
2019-10-18 12:32:25,699 [Thread-1006] INFO  impl.RaftServerImpl (RaftServerImpl.java:setRole(184)) - 67d877d9-ecd0-4b7d-838e-89aa2c4103c0@group-A09C527D8C6F: changes role from  FOLLOWER to CANDIDATE at term 125 for changeToCandidate
2019-10-18 12:32:25,699 [Thread-1006] INFO  impl.RoleInfo (RoleInfo.java:updateAndGet(143)) - 67d877d9-ecd0-4b7d-838e-89aa2c4103c0: start LeaderElection
2019-10-18 12:32:25,731 [67d877d9-ecd0-4b7d-838e-89aa2c4103c0@group-A09C527D8C6F-LeaderElection107] INFO  impl.LeaderElection (LeaderElection.java:askForVotes(178)) - 67d877d9-ecd0-4b7d-838e-89aa2c4103c0@group-A09C527D8C6F-LeaderElection107: begin an election at term 126 for -1: [c39ba312-e57f-4b8c-998e-32538a6d88da:192.168.34.56:44039, 67d877d9-ecd0-4b7d-838e-89aa2c4103c0:192.168.34.56:33816, 6af5dfc0-d4d0-48db-9aa9-c45e51549e54:192.168.34.56:32981], old=null
2019-10-18 12:32:25,735 [grpc-default-executor-1] INFO  impl.RaftServerImpl (RaftServerImpl.java:setRole(184)) - c39ba312-e57f-4b8c-998e-32538a6d88da@group-A09C527D8C6F: changes role from  FOLLOWER to FOLLOWER at term 126 for recognizeCandidate:67d877d9-ecd0-4b7d-838e-89aa2c4103c0
2019-10-18 12:32:25,735 [grpc-default-executor-5] INFO  impl.RaftServerImpl (RaftServerImpl.java:setRole(184)) - 6af5dfc0-d4d0-48db-9aa9-c45e51549e54@group-A09C527D8C6F: changes role from  FOLLOWER to FOLLOWER at term 126 for recognizeCandidate:67d877d9-ecd0-4b7d-838e-89aa2c4103c0
2019-10-18 12:32:25,736 [grpc-default-executor-1] INFO  impl.RoleInfo (RoleInfo.java:shutdownFollowerState(121)) - c39ba312-e57f-4b8c-998e-32538a6d88da: shutdown FollowerState
2019-10-18 12:32:25,736 [grpc-default-executor-5] INFO  impl.RoleInfo (RoleInfo.java:shutdownFollowerState(121)) - 6af5dfc0-d4d0-48db-9aa9-c45e51549e54: shutdown FollowerState
2019-10-18 12:32:25,736 [Thread-1005] INFO  impl.FollowerState (FollowerState.java:run(117)) - c39ba312-e57f-4b8c-998e-32538a6d88da@group-A09C527D8C6F-FollowerState was interrupted: java.lang.InterruptedException: sleep interrupted
2019-10-18 12:32:25,736 [grpc-default-executor-1] INFO  impl.RoleInfo (RoleInfo.java:updateAndGet(143)) - c39ba312-e57f-4b8c-998e-32538a6d88da: start FollowerState
2019-10-18 12:32:25,736 [Thread-1004] INFO  impl.FollowerState (FollowerState.java:run(117)) - 6af5dfc0-d4d0-48db-9aa9-c45e51549e54@group-A09C527D8C6F-FollowerState was interrupted: java.lang.InterruptedException: sleep interrupted
2019-10-18 12:32:25,736 [grpc-default-executor-5] INFO  impl.RoleInfo (RoleInfo.java:updateAndGet(143)) - 6af5dfc0-d4d0-48db-9aa9-c45e51549e54: start FollowerState
2019-10-18 12:32:25,749 [67d877d9-ecd0-4b7d-838e-89aa2c4103c0@group-A09C527D8C6F-LeaderElection107] INFO  impl.LeaderElection (LeaderElection.java:logAndReturn(56)) - 67d877d9-ecd0-4b7d-838e-89aa2c4103c0@group-A09C527D8C6F-LeaderElection107: Election TIMEOUT; received 0 response(s) [] and 0 exception(s); 67d877d9-ecd0-4b7d-838e-89aa2c4103c0@group-A09C527D8C6F:t126, leader=null, voted=67d877d9-ecd0-4b7d-838e-89aa2c4103c0, raftlog=67d877d9-ecd0-4b7d-838e-89aa2c4103c0@group-A09C527D8C6F-SegmentedRaftLog:OPENED:c-1,f-1,i0, conf=-1: [c39ba312-e57f-4b8c-998e-32538a6d88da:192.168.34.56:44039, 67d877d9-ecd0-4b7d-838e-89aa2c4103c0:192.168.34.56:33816, 6af5dfc0-d4d0-48db-9aa9-c45e51549e54:192.168.34.56:32981], old=null
2019-10-18 12:32:25,781 [67d877d9-ecd0-4b7d-838e-89aa2c4103c0@group-A09C527D8C6F-LeaderElection107] INFO  impl.LeaderElection (LeaderElection.java:askForVotes(178)) - 67d877d9-ecd0-4b7d-838e-89aa2c4103c0@group-A09C527D8C6F-LeaderElection107: begin an election at term 127 for -1: [c39ba312-e57f-4b8c-998e-32538a6d88da:192.168.34.56:44039, 67d877d9-ecd0-4b7d-838e-89aa2c4103c0:192.168.34.56:33816, 6af5dfc0-d4d0-48db-9aa9-c45e51549e54:192.168.34.56:32981], old=null
2019-10-18 12:32:25,784 [grpc-default-executor-1] INFO  impl.RaftServerImpl (RaftServerImpl.java:setRole(184)) - c39ba312-e57f-4b8c-998e-32538a6d88da@group-A09C527D8C6F: changes role from  FOLLOWER to FOLLOWER at term 127 for recognizeCandidate:67d877d9-ecd0-4b7d-838e-89aa2c4103c0
2019-10-18 12:32:25,784 [grpc-default-executor-5] INFO  impl.RaftServerImpl (RaftServerImpl.java:setRole(184)) - 6af5dfc0-d4d0-48db-9aa9-c45e51549e54@group-A09C527D8C6F: changes role from  FOLLOWER to FOLLOWER at term 127 for recognizeCandidate:67d877d9-ecd0-4b7d-838e-89aa2c4103c0
2019-10-18 12:32:25,784 [grpc-default-executor-1] INFO  impl.RoleInfo (RoleInfo.java:shutdownFollowerState(121)) - c39ba312-e57f-4b8c-998e-32538a6d88da: shutdown FollowerState
2019-10-18 12:32:25,784 [grpc-default-executor-5] INFO  impl.RoleInfo (RoleInfo.java:shutdownFollowerState(121)) - 6af5dfc0-d4d0-48db-9aa9-c45e51549e54: shutdown FollowerState
2019-10-18 12:32:25,784 [grpc-default-executor-1] INFO  impl.RoleInfo (RoleInfo.java:updateAndGet(143)) - c39ba312-e57f-4b8c-998e-32538a6d88da: start FollowerState
2019-10-18 12:32:25,785 [grpc-default-executor-5] INFO  impl.RoleInfo (RoleInfo.java:updateAndGet(143)) - 6af5dfc0-d4d0-48db-9aa9-c45e51549e54: start FollowerState
2019-10-18 12:32:25,785 [Thread-1011] INFO  impl.FollowerState (FollowerState.java:run(117)) - c39ba312-e57f-4b8c-998e-32538a6d88da@group-A09C527D8C6F-FollowerState was interrupted: java.lang.InterruptedException: sleep interrupted
2019-10-18 12:32:25,785 [Thread-1012] INFO  impl.FollowerState (FollowerState.java:run(117)) - 6af5dfc0-d4d0-48db-9aa9-c45e51549e54@group-A09C527D8C6F-FollowerState was interrupted: java.lang.InterruptedException: sleep interrupted
2019-10-18 12:32:25,787 [67d877d9-ecd0-4b7d-838e-89aa2c4103c0@group-A09C527D8C6F-LeaderElection107] INFO  impl.LeaderElection (LeaderElection.java:logAndReturn(56)) - 67d877d9-ecd0-4b7d-838e-89aa2c4103c0@group-A09C527D8C6F-LeaderElection107: Election TIMEOUT; received 0 response(s) [] and 0 exception(s); 67d877d9-ecd0-4b7d-838e-89aa2c4103c0@group-A09C527D8C6F:t127, leader=null, voted=67d877d9-ecd0-4b7d-838e-89aa2c4103c0, raftlog=67d877d9-ecd0-4b7d-838e-89aa2c4103c0@group-A09C527D8C6F-SegmentedRaftLog:OPENED:c-1,f-1,i0, conf=-1: [c39ba312-e57f-4b8c-998e-32538a6d88da:192.168.34.56:44039, 67d877d9-ecd0-4b7d-838e-89aa2c4103c0:192.168.34.56:33816, 6af5dfc0-d4d0-48db-9aa9-c45e51549e54:192.168.34.56:32981], old=null
2019-10-18 12:32:25,807 [67d877d9-ecd0-4b7d-838e-89aa2c4103c0@group-A09C527D8C6F-LeaderElection107] INFO  impl.LeaderElection (LeaderElection.java:askForVotes(178)) - 67d877d9-ecd0-4b7d-838e-89aa2c4103c0@group-A09C527D8C6F-LeaderElection107: begin an election at term 128 for -1: [c39ba312-e57f-4b8c-998e-32538a6d88da:192.168.34.56:44039, 67d877d9-ecd0-4b7d-838e-89aa2c4103c0:192.168.34.56:33816, 6af5dfc0-d4d0-48db-9aa9-c45e51549e54:192.168.34.56:32981], old=null
2019-10-18 12:32:25,809 [grpc-default-executor-1] INFO  impl.RaftServerImpl (RaftServerImpl.java:setRole(184)) - c39ba312-e57f-4b8c-998e-32538a6d88da@group-A09C527D8C6F: changes role from  FOLLOWER to FOLLOWER at term 128 for recognizeCandidate:67d877d9-ecd0-4b7d-838e-89aa2c4103c0
2019-10-18 12:32:25,809 [grpc-default-executor-1] INFO  impl.RoleInfo (RoleInfo.java:shutdownFollowerState(121)) - c39ba312-e57f-4b8c-998e-32538a6d88da: shutdown FollowerState
2019-10-18 12:32:25,809 [grpc-default-executor-5] INFO  impl.RaftServerImpl (RaftServerImpl.java:setRole(184)) - 6af5dfc0-d4d0-48db-9aa9-c45e51549e54@group-A09C527D8C6F: changes role from  FOLLOWER to FOLLOWER at term 128 for recognizeCandidate:67d877d9-ecd0-4b7d-838e-89aa2c4103c0
2019-10-18 12:32:25,809 [grpc-default-executor-5] INFO  impl.RoleInfo (RoleInfo.java:shutdownFollowerState(121)) - 6af5dfc0-d4d0-48db-9aa9-c45e51549e54: shutdown FollowerState
2019-10-18 12:32:25,809 [Thread-1016] INFO  impl.FollowerState (FollowerState.java:run(117)) - c39ba312-e57f-4b8c-998e-32538a6d88da@group-A09C527D8C6F-FollowerState was interrupted: java.lang.InterruptedException: sleep interrupted
2019-10-18 12:32:25,809 [Thread-1017] INFO  impl.FollowerState (FollowerState.java:run(117)) - 6af5dfc0-d4d0-48db-9aa9-c45e51549e54@group-A09C527D8C6F-FollowerState was interrupted: java.lang.InterruptedException: sleep interrupted
2019-10-18 12:32:25,809 [grpc-default-executor-1] INFO  impl.RoleInfo (RoleInfo.java:updateAndGet(143)) - c39ba312-e57f-4b8c-998e-32538a6d88da: start FollowerState
2019-10-18 12:32:25,809 [grpc-default-executor-5] INFO  impl.RoleInfo (RoleInfo.java:updateAndGet(143)) - 6af5dfc0-d4d0-48db-9aa9-c45e51549e54: start FollowerState
2019-10-18 12:32:25,819 [67d877d9-ecd0-4b7d-838e-89aa2c4103c0@group-A09C527D8C6F-LeaderElection107] INFO  impl.LeaderElection (LeaderElection.java:logAndReturn(56)) - 67d877d9-ecd0-4b7d-838e-89aa2c4103c0@group-A09C527D8C6F-LeaderElection107: Election TIMEOUT; received 0 response(s) [] and 0 exception(s); 67d877d9-ecd0-4b7d-838e-89aa2c4103c0@group-A09C527D8C6F:t128, leader=null, voted=67d877d9-ecd0-4b7d-838e-89aa2c4103c0, raftlog=67d877d9-ecd0-4b7d-838e-89aa2c4103c0@group-A09C527D8C6F-SegmentedRaftLog:OPENED:c-1,f-1,i0, conf=-1: [c39ba312-e57f-4b8c-998e-32538a6d88da:192.168.34.56:44039, 67d877d9-ecd0-4b7d-838e-89aa2c4103c0:192.168.34.56:33816, 6af5dfc0-d4d0-48db-9aa9-c45e51549e54:192.168.34.56:32981], old=null
2019-10-18 12:32:25,832 [67d877d9-ecd0-4b7d-838e-89aa2c4103c0@group-A09C527D8C6F-LeaderElection107] INFO  impl.LeaderElection (LeaderElection.java:askForVotes(178)) - 67d877d9-ecd0-4b7d-838e-89aa2c4103c0@group-A09C527D8C6F-LeaderElection107: begin an election at term 129 for -1: [c39ba312-e57f-4b8c-998e-32538a6d88da:192.168.34.56:44039, 67d877d9-ecd0-4b7d-838e-89aa2c4103c0:192.168.34.56:33816, 6af5dfc0-d4d0-48db-9aa9-c45e51549e54:192.168.34.56:32981], old=null
2019-10-18 12:32:25,835 [grpc-default-executor-1] INFO  impl.RaftServerImpl (RaftServerImpl.java:setRole(184)) - c39ba312-e57f-4b8c-998e-32538a6d88da@group-A09C527D8C6F: changes role from  FOLLOWER to FOLLOWER at term 129 for recognizeCandidate:67d877d9-ecd0-4b7d-838e-89aa2c4103c0
2019-10-18 12:32:25,835 [grpc-default-executor-1] INFO  impl.RoleInfo (RoleInfo.java:shutdownFollowerState(121)) - c39ba312-e57f-4b8c-998e-32538a6d88da: shutdown FollowerState
2019-10-18 12:32:25,835 [grpc-default-executor-1] INFO  impl.RoleInfo (RoleInfo.java:updateAndGet(143)) - c39ba312-e57f-4b8c-998e-32538a6d88da: start FollowerState
2019-10-18 12:32:25,835 [67d877d9-ecd0-4b7d-838e-89aa2c4103c0@group-A09C527D8C6F-LeaderElection107] INFO  impl.LeaderElection (LeaderElection.java:logAndReturn(56)) - 67d877d9-ecd0-4b7d-838e-89aa2c4103c0@group-A09C527D8C6F-LeaderElection107: Election TIMEOUT; received 0 response(s) [] and 0 exception(s); 67d877d9-ecd0-4b7d-838e-89aa2c4103c0@group-A09C527D8C6F:t129, leader=null, voted=67d877d9-ecd0-4b7d-838e-89aa2c4103c0, raftlog=67d877d9-ecd0-4b7d-838e-89aa2c4103c0@group-A09C527D8C6F-SegmentedRaftLog:OPENED:c-1,f-1,i0, conf=-1: [c39ba312-e57f-4b8c-998e-32538a6d88da:192.168.34.56:44039, 67d877d9-ecd0-4b7d-838e-89aa2c4103c0:192.168.34.56:33816, 6af5dfc0-d4d0-48db-9aa9-c45e51549e54:192.168.34.56:32981], old=null
2019-10-18 12:32:25,835 [grpc-default-executor-5] INFO  impl.RaftServerImpl (RaftServerImpl.java:setRole(184)) - 6af5dfc0-d4d0-48db-9aa9-c45e51549e54@group-A09C527D8C6F: changes role from  FOLLOWER to FOLLOWER at term 129 for recognizeCandidate:67d877d9-ecd0-4b7d-838e-89aa2c4103c0
2019-10-18 12:32:25,835 [Thread-1020] INFO  impl.FollowerState (FollowerState.java:run(117)) - c39ba312-e57f-4b8c-998e-32538a6d88da@group-A09C527D8C6F-FollowerState was interrupted: java.lang.InterruptedException: sleep interrupted
2019-10-18 12:32:25,835 [grpc-default-executor-5] INFO  impl.RoleInfo (RoleInfo.java:shutdownFollowerState(121)) - 6af5dfc0-d4d0-48db-9aa9-c45e51549e54: shutdown FollowerState
2019-10-18 12:32:25,836 [grpc-default-executor-5] INFO  impl.RoleInfo (RoleInfo.java:updateAndGet(143)) - 6af5dfc0-d4d0-48db-9aa9-c45e51549e54: start FollowerState
2019-10-18 12:32:25,836 [Thread-1021] INFO  impl.FollowerState (FollowerState.java:run(117)) - 6af5dfc0-d4d0-48db-9aa9-c45e51549e54@group-A09C527D8C6F-FollowerState was interrupted: java.lang.InterruptedException: sleep interrupted
2019-10-18 12:32:25,858 [67d877d9-ecd0-4b7d-838e-89aa2c4103c0@group-A09C527D8C6F-LeaderElection107] INFO  impl.LeaderElection (LeaderElection.java:askForVotes(178)) - 67d877d9-ecd0-4b7d-838e-89aa2c4103c0@group-A09C527D8C6F-LeaderElection107: begin an election at term 130 for -1: [c39ba312-e57f-4b8c-998e-32538a6d88da:192.168.34.56:44039, 67d877d9-ecd0-4b7d-838e-89aa2c4103c0:192.168.34.56:33816, 6af5dfc0-d4d0-48db-9aa9-c45e51549e54:192.168.34.56:32981], old=null
2019-10-18 12:32:25,859 [grpc-default-executor-5] INFO  impl.RaftServerImpl (RaftServerImpl.java:setRole(184)) - c39ba312-e57f-4b8c-998e-32538a6d88da@group-A09C527D8C6F: changes role from  FOLLOWER to FOLLOWER at term 130 for recognizeCandidate:67d877d9-ecd0-4b7d-838e-89aa2c4103c0
2019-10-18 12:32:25,860 [grpc-default-executor-1] INFO  impl.RaftServerImpl (RaftServerImpl.java:setRole(184)) - 6af5dfc0-d4d0-48db-9aa9-c45e51549e54@group-A09C527D8C6F: changes role from  FOLLOWER to FOLLOWER at term 130 for recognizeCandidate:67d877d9-ecd0-4b7d-838e-89aa2c4103c0
2019-10-18 12:32:25,860 [grpc-default-executor-5] INFO  impl.RoleInfo (RoleInfo.java:shutdownFollowerState(121)) - c39ba312-e57f-4b8c-998e-32538a6d88da: shutdown FollowerState
2019-10-18 12:32:25,860 [grpc-default-executor-1] INFO  impl.RoleInfo (RoleInfo.java:shutdownFollowerState(121)) - 6af5dfc0-d4d0-48db-9aa9-c45e51549e54: shutdown FollowerState
2019-10-18 12:32:25,860 [grpc-default-executor-5] INFO  impl.RoleInfo (RoleInfo.java:updateAndGet(143)) - c39ba312-e57f-4b8c-998e-32538a6d88da: start FollowerState
2019-10-18 12:32:25,860 [Thread-1025] INFO  impl.FollowerState (FollowerState.java:run(117)) - 6af5dfc0-d4d0-48db-9aa9-c45e51549e54@group-A09C527D8C6F-FollowerState was interrupted: java.lang.InterruptedException: sleep interrupted
2019-10-18 12:32:25,860 [Thread-1024] INFO  impl.FollowerState (FollowerState.java:run(117)) - c39ba312-e57f-4b8c-998e-32538a6d88da@group-A09C527D8C6F-FollowerState was interrupted: java.lang.InterruptedException: sleep interrupted
2019-10-18 12:32:25,860 [grpc-default-executor-1] INFO  impl.RoleInfo (RoleInfo.java:updateAndGet(143)) - 6af5dfc0-d4d0-48db-9aa9-c45e51549e54: start FollowerState
2019-10-18 12:32:25,884 [67d877d9-ecd0-4b7d-838e-89aa2c4103c0@group-A09C527D8C6F-LeaderElection107] INFO  impl.LeaderElection (LeaderElection.java:logAndReturn(56)) - 67d877d9-ecd0-4b7d-838e-89aa2c4103c0@group-A09C527D8C6F-LeaderElection107: Election REJECTED; received 2 response(s) [67d877d9-ecd0-4b7d-838e-89aa2c4103c0<-c39ba312-e57f-4b8c-998e-32538a6d88da#0:FAIL-t130, 67d877d9-ecd0-4b7d-838e-89aa2c4103c0<-6af5dfc0-d4d0-48db-9aa9-c45e51549e54#0:FAIL-t130] and 0 exception(s); 67d877d9-ecd0-4b7d-838e-89aa2c4103c0@group-A09C527D8C6F:t130, leader=null, voted=67d877d9-ecd0-4b7d-838e-89aa2c4103c0, raftlog=67d877d9-ecd0-4b7d-838e-89aa2c4103c0@group-A09C527D8C6F-SegmentedRaftLog:OPENED:c-1,f-1,i0, conf=-1: [c39ba312-e57f-4b8c-998e-32538a6d88da:192.168.34.56:44039, 67d877d9-ecd0-4b7d-838e-89aa2c4103c0:192.168.34.56:33816, 6af5dfc0-d4d0-48db-9aa9-c45e51549e54:192.168.34.56:32981], old=null
2019-10-18 12:32:25,884 [67d877d9-ecd0-4b7d-838e-89aa2c4103c0@group-A09C527D8C6F-LeaderElection107] INFO  impl.RaftServerImpl (RaftServerImpl.java:setRole(184)) - 67d877d9-ecd0-4b7d-838e-89aa2c4103c0@group-A09C527D8C6F: changes role from CANDIDATE to FOLLOWER at term 130 for DISCOVERED_A_NEW_TERM
2019-10-18 12:32:25,884 [67d877d9-ecd0-4b7d-838e-89aa2c4103c0@group-A09C527D8C6F-LeaderElection107] INFO  impl.RoleInfo (RoleInfo.java:shutdownLeaderElection(134)) - 67d877d9-ecd0-4b7d-838e-89aa2c4103c0: shutdown LeaderElection
2019-10-18 12:32:25,885 [67d877d9-ecd0-4b7d-838e-89aa2c4103c0@group-A09C527D8C6F-LeaderElection107] INFO  impl.RoleInfo (RoleInfo.java:updateAndGet(143)) - 67d877d9-ecd0-4b7d-838e-89aa2c4103c0: start FollowerState
2019-10-18 12:32:25,995 [Thread-1030] INFO  impl.FollowerState (FollowerState.java:run(108)) - 67d877d9-ecd0-4b7d-838e-89aa2c4103c0@group-A09C527D8C6F-FollowerState: change to CANDIDATE, lastRpcTime:110ms, electionTimeout:110ms
2019-10-18 12:32:25,995 [Thread-1030] INFO  impl.RoleInfo (RoleInfo.java:shutdownFollowerState(121)) - 67d877d9-ecd0-4b7d-838e-89aa2c4103c0: shutdown FollowerState
2019-10-18 12:32:25,995 [Thread-1030] INFO  impl.RaftServerImpl (RaftServerImpl.java:setRole(184)) - 67d877d9-ecd0-4b7d-838e-89aa2c4103c0@group-A09C527D8C6F: changes role from  FOLLOWER to CANDIDATE at term 130 for changeToCandidate
2019-10-18 12:32:25,996 [Thread-1030] INFO  impl.RoleInfo (RoleInfo.java:updateAndGet(143)) - 67d877d9-ecd0-4b7d-838e-89aa2c4103c0: start LeaderElection
2019-10-18 12:32:26,025 [67d877d9-ecd0-4b7d-838e-89aa2c4103c0@group-A09C527D8C6F-LeaderElection108] INFO  impl.LeaderElection (LeaderElection.java:askForVotes(178)) - 67d877d9-ecd0-4b7d-838e-89aa2c4103c0@group-A09C527D8C6F-LeaderElection108: begin an election at term 131 for -1: [c39ba312-e57f-4b8c-998e-32538a6d88da:192.168.34.56:44039, 67d877d9-ecd0-4b7d-838e-89aa2c4103c0:192.168.34.56:33816, 6af5dfc0-d4d0-48db-9aa9-c45e51549e54:192.168.34.56:32981], old=null
2019-10-18 12:32:26,028 [grpc-default-executor-5] INFO  impl.RaftServerImpl (RaftServerImpl.java:setRole(184)) - 6af5dfc0-d4d0-48db-9aa9-c45e51549e54@group-A09C527D8C6F: changes role from  FOLLOWER to FOLLOWER at term 131 for recognizeCandidate:67d877d9-ecd0-4b7d-838e-89aa2c4103c0
2019-10-18 12:32:26,028 [grpc-default-executor-5] INFO  impl.RoleInfo (RoleInfo.java:shutdownFollowerState(121)) - 6af5dfc0-d4d0-48db-9aa9-c45e51549e54: shutdown FollowerState
2019-10-18 12:32:26,028 [grpc-default-executor-5] INFO  impl.RoleInfo (RoleInfo.java:updateAndGet(143)) - 6af5dfc0-d4d0-48db-9aa9-c45e51549e54: start FollowerState
2019-10-18 12:32:26,028 [Thread-1029] INFO  impl.FollowerState (FollowerState.java:run(117)) - 6af5dfc0-d4d0-48db-9aa9-c45e51549e54@group-A09C527D8C6F-FollowerState was interrupted: java.lang.InterruptedException: sleep interrupted
2019-10-18 12:32:26,028 [grpc-default-executor-1] INFO  impl.RaftServerImpl (RaftServerImpl.java:setRole(184)) - c39ba312-e57f-4b8c-998e-32538a6d88da@group-A09C527D8C6F: changes role from  FOLLOWER to FOLLOWER at term 131 for recognizeCandidate:67d877d9-ecd0-4b7d-838e-89aa2c4103c0
2019-10-18 12:32:26,028 [grpc-default-executor-1] INFO  impl.RoleInfo (RoleInfo.java:shutdownFollowerState(121)) - c39ba312-e57f-4b8c-998e-32538a6d88da: shutdown FollowerState
2019-10-18 12:32:26,029 [grpc-default-executor-1] INFO  impl.RoleInfo (RoleInfo.java:updateAndGet(143)) - c39ba312-e57f-4b8c-998e-32538a6d88da: start FollowerState
2019-10-18 12:32:26,029 [Thread-1028] INFO  impl.FollowerState (FollowerState.java:run(117)) - c39ba312-e57f-4b8c-998e-32538a6d88da@group-A09C527D8C6F-FollowerState was interrupted: java.lang.InterruptedException: sleep interrupted
2019-10-18 12:32:26,035 [67d877d9-ecd0-4b7d-838e-89aa2c4103c0@group-A09C527D8C6F-LeaderElection108] INFO  impl.LeaderElection (LeaderElection.java:logAndReturn(56)) - 67d877d9-ecd0-4b7d-838e-89aa2c4103c0@group-A09C527D8C6F-LeaderElection108: Election TIMEOUT; received 0 response(s) [] and 0 exception(s); 67d877d9-ecd0-4b7d-838e-89aa2c4103c0@group-A09C527D8C6F:t131, leader=null, voted=67d877d9-ecd0-4b7d-838e-89aa2c4103c0, raftlog=67d877d9-ecd0-4b7d-838e-89aa2c4103c0@group-A09C527D8C6F-SegmentedRaftLog:OPENED:c-1,f-1,i0, conf=-1: [c39ba312-e57f-4b8c-998e-32538a6d88da:192.168.34.56:44039, 67d877d9-ecd0-4b7d-838e-89aa2c4103c0:192.168.34.56:33816, 6af5dfc0-d4d0-48db-9aa9-c45e51549e54:192.168.34.56:32981], old=null
2019-10-18 12:32:26,051 [67d877d9-ecd0-4b7d-838e-89aa2c4103c0@group-A09C527D8C6F-LeaderElection108] INFO  impl.LeaderElection (LeaderElection.java:askForVotes(178)) - 67d877d9-ecd0-4b7d-838e-89aa2c4103c0@group-A09C527D8C6F-LeaderElection108: begin an election at term 132 for -1: [c39ba312-e57f-4b8c-998e-32538a6d88da:192.168.34.56:44039, 67d877d9-ecd0-4b7d-838e-89aa2c4103c0:192.168.34.56:33816, 6af5dfc0-d4d0-48db-9aa9-c45e51549e54:192.168.34.56:32981], old=null
2019-10-18 12:32:26,053 [grpc-default-executor-1] INFO  impl.RaftServerImpl (RaftServerImpl.java:setRole(184)) - 6af5dfc0-d4d0-48db-9aa9-c45e51549e54@group-A09C527D8C6F: changes role from  FOLLOWER to FOLLOWER at term 132 for recognizeCandidate:67d877d9-ecd0-4b7d-838e-89aa2c4103c0
2019-10-18 12:32:26,053 [grpc-default-executor-5] INFO  impl.RaftServerImpl (RaftServerImpl.java:setRole(184)) - c39ba312-e57f-4b8c-998e-32538a6d88da@group-A09C527D8C6F: changes role from  FOLLOWER to FOLLOWER at term 132 for recognizeCandidate:67d877d9-ecd0-4b7d-838e-89aa2c4103c0
2019-10-18 12:32:26,053 [grpc-default-executor-1] INFO  impl.RoleInfo (RoleInfo.java:shutdownFollowerState(121)) - 6af5dfc0-d4d0-48db-9aa9-c45e51549e54: shutdown FollowerState
2019-10-18 12:32:26,053 [grpc-default-executor-5] INFO  impl.RoleInfo (RoleInfo.java:shutdownFollowerState(121)) - c39ba312-e57f-4b8c-998e-32538a6d88da: shutdown FollowerState
2019-10-18 12:32:26,054 [Thread-1034] INFO  impl.FollowerState (FollowerState.java:run(117)) - 6af5dfc0-d4d0-48db-9aa9-c45e51549e54@group-A09C527D8C6F-FollowerState was interrupted: java.lang.InterruptedException: sleep interrupted
2019-10-18 12:32:26,054 [grpc-default-executor-5] INFO  impl.RoleInfo (RoleInfo.java:updateAndGet(143)) - c39ba312-e57f-4b8c-998e-32538a6d88da: start FollowerState
2019-10-18 12:32:26,054 [grpc-default-executor-1] INFO  impl.RoleInfo (RoleInfo.java:updateAndGet(143)) - 6af5dfc0-d4d0-48db-9aa9-c45e51549e54: start FollowerState
2019-10-18 12:32:26,054 [Thread-1035] INFO  impl.FollowerState (FollowerState.java:run(117)) - c39ba312-e57f-4b8c-998e-32538a6d88da@group-A09C527D8C6F-FollowerState was interrupted: java.lang.InterruptedException: sleep interrupted
2019-10-18 12:32:26,077 [67d877d9-ecd0-4b7d-838e-89aa2c4103c0@group-A09C527D8C6F-LeaderElection108] INFO  impl.LeaderElection (LeaderElection.java:logAndReturn(56)) - 67d877d9-ecd0-4b7d-838e-89aa2c4103c0@group-A09C527D8C6F-LeaderElection108: Election REJECTED; received 2 response(s) [67d877d9-ecd0-4b7d-838e-89aa2c4103c0<-c39ba312-e57f-4b8c-998e-32538a6d88da#0:FAIL-t132, 67d877d9-ecd0-4b7d-838e-89aa2c4103c0<-6af5dfc0-d4d0-48db-9aa9-c45e51549e54#0:FAIL-t132] and 0 exception(s); 67d877d9-ecd0-4b7d-838e-89aa2c4103c0@group-A09C527D8C6F:t132, leader=null, voted=67d877d9-ecd0-4b7d-838e-89aa2c4103c0, raftlog=67d877d9-ecd0-4b7d-838e-89aa2c4103c0@group-A09C527D8C6F-SegmentedRaftLog:OPENED:c-1,f-1,i0, conf=-1: [c39ba312-e57f-4b8c-998e-32538a6d88da:192.168.34.56:44039, 67d877d9-ecd0-4b7d-838e-89aa2c4103c0:192.168.34.56:33816, 6af5dfc0-d4d0-48db-9aa9-c45e51549e54:192.168.34.56:32981], old=null
2019-10-18 12:32:26,077 [67d877d9-ecd0-4b7d-838e-89aa2c4103c0@group-A09C527D8C6F-LeaderElection108] INFO  impl.RaftServerImpl (RaftServerImpl.java:setRole(184)) - 67d877d9-ecd0-4b7d-838e-89aa2c4103c0@group-A09C527D8C6F: changes role from CANDIDATE to FOLLOWER at term 132 for DISCOVERED_A_NEW_TERM
2019-10-18 12:32:26,078 [67d877d9-ecd0-4b7d-838e-89aa2c4103c0@group-A09C527D8C6F-LeaderElection108] INFO  impl.RoleInfo (RoleInfo.java:shutdownLeaderElection(134)) - 67d877d9-ecd0-4b7d-838e-89aa2c4103c0: shutdown LeaderElection
2019-10-18 12:32:26,078 [67d877d9-ecd0-4b7d-838e-89aa2c4103c0@group-A09C527D8C6F-LeaderElection108] INFO  impl.RoleInfo (RoleInfo.java:updateAndGet(143)) - 67d877d9-ecd0-4b7d-838e-89aa2c4103c0: start FollowerState
2019-10-18 12:32:26,132 [Thread-1040] INFO  impl.FollowerState (FollowerState.java:run(108)) - 67d877d9-ecd0-4b7d-838e-89aa2c4103c0@group-A09C527D8C6F-FollowerState: change to CANDIDATE, lastRpcTime:54ms, electionTimeout:54ms
2019-10-18 12:32:26,133 [Thread-1040] INFO  impl.RoleInfo (RoleInfo.java:shutdownFollowerState(121)) - 67d877d9-ecd0-4b7d-838e-89aa2c4103c0: shutdown FollowerState
2019-10-18 12:32:26,133 [Thread-1040] INFO  impl.RaftServerImpl (RaftServerImpl.java:setRole(184)) - 67d877d9-ecd0-4b7d-838e-89aa2c4103c0@group-A09C527D8C6F: changes role from  FOLLOWER to CANDIDATE at term 132 for changeToCandidate
2019-10-18 12:32:26,133 [Thread-1040] INFO  impl.RoleInfo (RoleInfo.java:updateAndGet(143)) - 67d877d9-ecd0-4b7d-838e-89aa2c4103c0: start LeaderElection
2019-10-18 12:32:26,160 [67d877d9-ecd0-4b7d-838e-89aa2c4103c0@group-A09C527D8C6F-LeaderElection109] INFO  impl.LeaderElection (LeaderElection.java:askForVotes(178)) - 67d877d9-ecd0-4b7d-838e-89aa2c4103c0@group-A09C527D8C6F-LeaderElection109: begin an election at term 133 for -1: [c39ba312-e57f-4b8c-998e-32538a6d88da:192.168.34.56:44039, 67d877d9-ecd0-4b7d-838e-89aa2c4103c0:192.168.34.56:33816, 6af5dfc0-d4d0-48db-9aa9-c45e51549e54:192.168.34.56:32981], old=null
2019-10-18 12:32:26,162 [grpc-default-executor-5] INFO  impl.RaftServerImpl (RaftServerImpl.java:setRole(184)) - 6af5dfc0-d4d0-48db-9aa9-c45e51549e54@group-A09C527D8C6F: changes role from  FOLLOWER to FOLLOWER at term 133 for recognizeCandidate:67d877d9-ecd0-4b7d-838e-89aa2c4103c0
2019-10-18 12:32:26,163 [grpc-default-executor-5] INFO  impl.RoleInfo (RoleInfo.java:shutdownFollowerState(121)) - 6af5dfc0-d4d0-48db-9aa9-c45e51549e54: shutdown FollowerState
2019-10-18 12:32:26,163 [grpc-default-executor-5] INFO  impl.RoleInfo (RoleInfo.java:updateAndGet(143)) - 6af5dfc0-d4d0-48db-9aa9-c45e51549e54: start FollowerState
2019-10-18 12:32:26,163 [Thread-1038] INFO  impl.FollowerState (FollowerState.java:run(117)) - 6af5dfc0-d4d0-48db-9aa9-c45e51549e54@group-A09C527D8C6F-FollowerState was interrupted: java.lang.InterruptedException: sleep interrupted
2019-10-18 12:32:26,163 [grpc-default-executor-1] INFO  impl.RaftServerImpl (RaftServerImpl.java:setRole(184)) - c39ba312-e57f-4b8c-998e-32538a6d88da@group-A09C527D8C6F: changes role from  FOLLOWER to FOLLOWER at term 133 for recognizeCandidate:67d877d9-ecd0-4b7d-838e-89aa2c4103c0
2019-10-18 12:32:26,163 [grpc-default-executor-1] INFO  impl.RoleInfo (RoleInfo.java:shutdownFollowerState(121)) - c39ba312-e57f-4b8c-998e-32538a6d88da: shutdown FollowerState
2019-10-18 12:32:26,163 [grpc-default-executor-1] INFO  impl.RoleInfo (RoleInfo.java:updateAndGet(143)) - c39ba312-e57f-4b8c-998e-32538a6d88da: start FollowerState
2019-10-18 12:32:26,164 [Thread-1039] INFO  impl.FollowerState (FollowerState.java:run(117)) - c39ba312-e57f-4b8c-998e-32538a6d88da@group-A09C527D8C6F-FollowerState was interrupted: java.lang.InterruptedException: sleep interrupted
2019-10-18 12:32:26,170 [67d877d9-ecd0-4b7d-838e-89aa2c4103c0@group-A09C527D8C6F-LeaderElection109] INFO  impl.LeaderElection (LeaderElection.java:logAndReturn(56)) - 67d877d9-ecd0-4b7d-838e-89aa2c4103c0@group-A09C527D8C6F-LeaderElection109: Election TIMEOUT; received 0 response(s) [] and 0 exception(s); 67d877d9-ecd0-4b7d-838e-89aa2c4103c0@group-A09C527D8C6F:t133, leader=null, voted=67d877d9-ecd0-4b7d-838e-89aa2c4103c0, raftlog=67d877d9-ecd0-4b7d-838e-89aa2c4103c0@group-A09C527D8C6F-SegmentedRaftLog:OPENED:c-1,f-1,i0, conf=-1: [c39ba312-e57f-4b8c-998e-32538a6d88da:192.168.34.56:44039, 67d877d9-ecd0-4b7d-838e-89aa2c4103c0:192.168.34.56:33816, 6af5dfc0-d4d0-48db-9aa9-c45e51549e54:192.168.34.56:32981], old=null
2019-10-18 12:32:26,202 [67d877d9-ecd0-4b7d-838e-89aa2c4103c0@group-A09C527D8C6F-LeaderElection109] INFO  impl.LeaderElection (LeaderElection.java:askForVotes(178)) - 67d877d9-ecd0-4b7d-838e-89aa2c4103c0@group-A09C527D8C6F-LeaderElection109: begin an election at term 134 for -1: [c39ba312-e57f-4b8c-998e-32538a6d88da:192.168.34.56:44039, 67d877d9-ecd0-4b7d-838e-89aa2c4103c0:192.168.34.56:33816, 6af5dfc0-d4d0-48db-9aa9-c45e51549e54:192.168.34.56:32981], old=null
2019-10-18 12:32:26,204 [grpc-default-executor-5] INFO  impl.RaftServerImpl (RaftServerImpl.java:setRole(184)) - c39ba312-e57f-4b8c-998e-32538a6d88da@group-A09C527D8C6F: changes role from  FOLLOWER to FOLLOWER at term 134 for recognizeCandidate:67d877d9-ecd0-4b7d-838e-89aa2c4103c0
2019-10-18 12:32:26,204 [grpc-default-executor-1] INFO  impl.RaftServerImpl (RaftServerImpl.java:setRole(184)) - 6af5dfc0-d4d0-48db-9aa9-c45e51549e54@group-A09C527D8C6F: changes role from  FOLLOWER to FOLLOWER at term 134 for recognizeCandidate:67d877d9-ecd0-4b7d-838e-89aa2c4103c0
2019-10-18 12:32:26,204 [grpc-default-executor-5] INFO  impl.RoleInfo (RoleInfo.java:shutdownFollowerState(121)) - c39ba312-e57f-4b8c-998e-32538a6d88da: shutdown FollowerState
2019-10-18 12:32:26,205 [grpc-default-executor-1] INFO  impl.RoleInfo (RoleInfo.java:shutdownFollowerState(121)) - 6af5dfc0-d4d0-48db-9aa9-c45e51549e54: shutdown FollowerState
2019-10-18 12:32:26,205 [grpc-default-executor-5] INFO  impl.RoleInfo (RoleInfo.java:updateAndGet(143)) - c39ba312-e57f-4b8c-998e-32538a6d88da: start FollowerState
2019-10-18 12:32:26,205 [Thread-1044] INFO  impl.FollowerState (FollowerState.java:run(117)) - 6af5dfc0-d4d0-48db-9aa9-c45e51549e54@group-A09C527D8C6F-FollowerState was interrupted: java.lang.InterruptedException: sleep interrupted
2019-10-18 12:32:26,205 [Thread-1045] INFO  impl.FollowerState (FollowerState.java:run(117)) - c39ba312-e57f-4b8c-998e-32538a6d88da@group-A09C527D8C6F-FollowerState was interrupted: java.lang.InterruptedException: sleep interrupted
2019-10-18 12:32:26,205 [grpc-default-executor-1] INFO  impl.RoleInfo (RoleInfo.java:updateAndGet(143)) - 6af5dfc0-d4d0-48db-9aa9-c45e51549e54: start FollowerState
2019-10-18 12:32:26,229 [67d877d9-ecd0-4b7d-838e-89aa2c4103c0@group-A09C527D8C6F-LeaderElection109] INFO  impl.LeaderElection (LeaderElection.java:logAndReturn(56)) - 67d877d9-ecd0-4b7d-838e-89aa2c4103c0@group-A09C527D8C6F-LeaderElection109: Election REJECTED; received 2 response(s) [67d877d9-ecd0-4b7d-838e-89aa2c4103c0<-c39ba312-e57f-4b8c-998e-32538a6d88da#0:FAIL-t134, 67d877d9-ecd0-4b7d-838e-89aa2c4103c0<-6af5dfc0-d4d0-48db-9aa9-c45e51549e54#0:FAIL-t134] and 0 exception(s); 67d877d9-ecd0-4b7d-838e-89aa2c4103c0@group-A09C527D8C6F:t134, leader=null, voted=67d877d9-ecd0-4b7d-838e-89aa2c4103c0, raftlog=67d877d9-ecd0-4b7d-838e-89aa2c4103c0@group-A09C527D8C6F-SegmentedRaftLog:OPENED:c-1,f-1,i0, conf=-1: [c39ba312-e57f-4b8c-998e-32538a6d88da:192.168.34.56:44039, 67d877d9-ecd0-4b7d-838e-89aa2c4103c0:192.168.34.56:33816, 6af5dfc0-d4d0-48db-9aa9-c45e51549e54:192.168.34.56:32981], old=null
2019-10-18 12:32:26,229 [67d877d9-ecd0-4b7d-838e-89aa2c4103c0@group-A09C527D8C6F-LeaderElection109] INFO  impl.RaftServerImpl (RaftServerImpl.java:setRole(184)) - 67d877d9-ecd0-4b7d-838e-89aa2c4103c0@group-A09C527D8C6F: changes role from CANDIDATE to FOLLOWER at term 134 for DISCOVERED_A_NEW_TERM
2019-10-18 12:32:26,229 [67d877d9-ecd0-4b7d-838e-89aa2c4103c0@group-A09C527D8C6F-LeaderElection109] INFO  impl.RoleInfo (RoleInfo.java:shutdownLeaderElection(134)) - 67d877d9-ecd0-4b7d-838e-89aa2c4103c0: shutdown LeaderElection
2019-10-18 12:32:26,229 [67d877d9-ecd0-4b7d-838e-89aa2c4103c0@group-A09C527D8C6F-LeaderElection109] INFO  impl.RoleInfo (RoleInfo.java:updateAndGet(143)) - 67d877d9-ecd0-4b7d-838e-89aa2c4103c0: start FollowerState
2019-10-18 12:32:26,304 [Thread-1050] INFO  impl.FollowerState (FollowerState.java:run(108)) - 67d877d9-ecd0-4b7d-838e-89aa2c4103c0@group-A09C527D8C6F-FollowerState: change to CANDIDATE, lastRpcTime:75ms, electionTimeout:75ms
2019-10-18 12:32:26,305 [Thread-1050] INFO  impl.RoleInfo (RoleInfo.java:shutdownFollowerState(121)) - 67d877d9-ecd0-4b7d-838e-89aa2c4103c0: shutdown FollowerState
2019-10-18 12:32:26,305 [Thread-1050] INFO  impl.RaftServerImpl (RaftServerImpl.java:setRole(184)) - 67d877d9-ecd0-4b7d-838e-89aa2c4103c0@group-A09C527D8C6F: changes role from  FOLLOWER to CANDIDATE at term 134 for changeToCandidate
2019-10-18 12:32:26,305 [Thread-1050] INFO  impl.RoleInfo (RoleInfo.java:updateAndGet(143)) - 67d877d9-ecd0-4b7d-838e-89aa2c4103c0: start LeaderElection
2019-10-18 12:32:26,329 [67d877d9-ecd0-4b7d-838e-89aa2c4103c0@group-A09C527D8C6F-LeaderElection110] INFO  impl.LeaderElection (LeaderElection.java:askForVotes(178)) - 67d877d9-ecd0-4b7d-838e-89aa2c4103c0@group-A09C527D8C6F-LeaderElection110: begin an election at term 135 for -1: [c39ba312-e57f-4b8c-998e-32538a6d88da:192.168.34.56:44039, 67d877d9-ecd0-4b7d-838e-89aa2c4103c0:192.168.34.56:33816, 6af5dfc0-d4d0-48db-9aa9-c45e51549e54:192.168.34.56:32981], old=null
2019-10-18 12:32:26,332 [grpc-default-executor-5] INFO  impl.RaftServerImpl (RaftServerImpl.java:setRole(184)) - c39ba312-e57f-4b8c-998e-32538a6d88da@group-A09C527D8C6F: changes role from  FOLLOWER to FOLLOWER at term 135 for recognizeCandidate:67d877d9-ecd0-4b7d-838e-89aa2c4103c0
2019-10-18 12:32:26,332 [grpc-default-executor-1] INFO  impl.RaftServerImpl (RaftServerImpl.java:setRole(184)) - 6af5dfc0-d4d0-48db-9aa9-c45e51549e54@group-A09C527D8C6F: changes role from  FOLLOWER to FOLLOWER at term 135 for recognizeCandidate:67d877d9-ecd0-4b7d-838e-89aa2c4103c0
2019-10-18 12:32:26,332 [grpc-default-executor-5] INFO  impl.RoleInfo (RoleInfo.java:shutdownFollowerState(121)) - c39ba312-e57f-4b8c-998e-32538a6d88da: shutdown FollowerState
2019-10-18 12:32:26,332 [grpc-default-executor-1] INFO  impl.RoleInfo (RoleInfo.java:shutdownFollowerState(121)) - 6af5dfc0-d4d0-48db-9aa9-c45e51549e54: shutdown FollowerState
2019-10-18 12:32:26,332 [Thread-1048] INFO  impl.FollowerState (FollowerState.java:run(117)) - c39ba312-e57f-4b8c-998e-32538a6d88da@group-A09C527D8C6F-FollowerState was interrupted: java.lang.InterruptedException: sleep interrupted
2019-10-18 12:32:26,332 [grpc-default-executor-1] INFO  impl.RoleInfo (RoleInfo.java:updateAndGet(143)) - 6af5dfc0-d4d0-48db-9aa9-c45e51549e54: start FollowerState
2019-10-18 12:32:26,332 [grpc-default-executor-5] INFO  impl.RoleInfo (RoleInfo.java:updateAndGet(143)) - c39ba312-e57f-4b8c-998e-32538a6d88da: start FollowerState
2019-10-18 12:32:26,333 [Thread-1049] INFO  impl.FollowerState (FollowerState.java:run(117)) - 6af5dfc0-d4d0-48db-9aa9-c45e51549e54@group-A09C527D8C6F-FollowerState was interrupted: java.lang.InterruptedException: sleep interrupted
2019-10-18 12:32:26,355 [67d877d9-ecd0-4b7d-838e-89aa2c4103c0@group-A09C527D8C6F-LeaderElection110] INFO  impl.LeaderElection (LeaderElection.java:logAndReturn(56)) - 67d877d9-ecd0-4b7d-838e-89aa2c4103c0@group-A09C527D8C6F-LeaderElection110: Election REJECTED; received 2 response(s) [67d877d9-ecd0-4b7d-838e-89aa2c4103c0<-c39ba312-e57f-4b8c-998e-32538a6d88da#0:FAIL-t135, 67d877d9-ecd0-4b7d-838e-89aa2c4103c0<-6af5dfc0-d4d0-48db-9aa9-c45e51549e54#0:FAIL-t135] and 0 exception(s); 67d877d9-ecd0-4b7d-838e-89aa2c4103c0@group-A09C527D8C6F:t135, leader=null, voted=67d877d9-ecd0-4b7d-838e-89aa2c4103c0, raftlog=67d877d9-ecd0-4b7d-838e-89aa2c4103c0@group-A09C527D8C6F-SegmentedRaftLog:OPENED:c-1,f-1,i0, conf=-1: [c39ba312-e57f-4b8c-998e-32538a6d88da:192.168.34.56:44039, 67d877d9-ecd0-4b7d-838e-89aa2c4103c0:192.168.34.56:33816, 6af5dfc0-d4d0-48db-9aa9-c45e51549e54:192.168.34.56:32981], old=null
2019-10-18 12:32:26,356 [67d877d9-ecd0-4b7d-838e-89aa2c4103c0@group-A09C527D8C6F-LeaderElection110] INFO  impl.RaftServerImpl (RaftServerImpl.java:setRole(184)) - 67d877d9-ecd0-4b7d-838e-89aa2c4103c0@group-A09C527D8C6F: changes role from CANDIDATE to FOLLOWER at term 135 for DISCOVERED_A_NEW_TERM
2019-10-18 12:32:26,356 [67d877d9-ecd0-4b7d-838e-89aa2c4103c0@group-A09C527D8C6F-LeaderElection110] INFO  impl.RoleInfo (RoleInfo.java:shutdownLeaderElection(134)) - 67d877d9-ecd0-4b7d-838e-89aa2c4103c0: shutdown LeaderElection
2019-10-18 12:32:26,356 [67d877d9-ecd0-4b7d-838e-89aa2c4103c0@group-A09C527D8C6F-LeaderElection110] INFO  impl.RoleInfo (RoleInfo.java:updateAndGet(143)) - 67d877d9-ecd0-4b7d-838e-89aa2c4103c0: start FollowerState
2019-10-18 12:32:26,519 [Thread-1056] INFO  impl.FollowerState (FollowerState.java:run(108)) - 67d877d9-ecd0-4b7d-838e-89aa2c4103c0@group-A09C527D8C6F-FollowerState: change to CANDIDATE, lastRpcTime:163ms, electionTimeout:163ms
2019-10-18 12:32:26,520 [Thread-1056] INFO  impl.RoleInfo (RoleInfo.java:shutdownFollowerState(121)) - 67d877d9-ecd0-4b7d-838e-89aa2c4103c0: shutdown FollowerState
2019-10-18 12:32:26,520 [Thread-1056] INFO  impl.RaftServerImpl (RaftServerImpl.java:setRole(184)) - 67d877d9-ecd0-4b7d-838e-89aa2c4103c0@group-A09C527D8C6F: changes role from  FOLLOWER to CANDIDATE at term 135 for changeToCandidate
2019-10-18 12:32:26,520 [Thread-1056] INFO  impl.RoleInfo (RoleInfo.java:updateAndGet(143)) - 67d877d9-ecd0-4b7d-838e-89aa2c4103c0: start LeaderElection
2019-10-18 12:32:26,546 [67d877d9-ecd0-4b7d-838e-89aa2c4103c0@group-A09C527D8C6F-LeaderElection111] INFO  impl.LeaderElection (LeaderElection.java:askForVotes(178)) - 67d877d9-ecd0-4b7d-838e-89aa2c4103c0@group-A09C527D8C6F-LeaderElection111: begin an election at term 136 for -1: [c39ba312-e57f-4b8c-998e-32538a6d88da:192.168.34.56:44039, 67d877d9-ecd0-4b7d-838e-89aa2c4103c0:192.168.34.56:33816, 6af5dfc0-d4d0-48db-9aa9-c45e51549e54:192.168.34.56:32981], old=null
2019-10-18 12:32:26,549 [grpc-default-executor-1] INFO  impl.RaftServerImpl (RaftServerImpl.java:setRole(184)) - c39ba312-e57f-4b8c-998e-32538a6d88da@group-A09C527D8C6F: changes role from  FOLLOWER to FOLLOWER at term 136 for recognizeCandidate:67d877d9-ecd0-4b7d-838e-89aa2c4103c0
2019-10-18 12:32:26,549 [grpc-default-executor-5] INFO  impl.RaftServerImpl (RaftServerImpl.java:setRole(184)) - 6af5dfc0-d4d0-48db-9aa9-c45e51549e54@group-A09C527D8C6F: changes role from  FOLLOWER to FOLLOWER at term 136 for recognizeCandidate:67d877d9-ecd0-4b7d-838e-89aa2c4103c0
2019-10-18 12:32:26,549 [grpc-default-executor-5] INFO  impl.RoleInfo (RoleInfo.java:shutdownFollowerState(121)) - 6af5dfc0-d4d0-48db-9aa9-c45e51549e54: shutdown FollowerState
2019-10-18 12:32:26,549 [67d877d9-ecd0-4b7d-838e-89aa2c4103c0@group-A09C527D8C6F-LeaderElection111] INFO  impl.LeaderElection (LeaderElection.java:logAndReturn(56)) - 67d877d9-ecd0-4b7d-838e-89aa2c4103c0@group-A09C527D8C6F-LeaderElection111: Election TIMEOUT; received 0 response(s) [] and 0 exception(s); 67d877d9-ecd0-4b7d-838e-89aa2c4103c0@group-A09C527D8C6F:t136, leader=null, voted=67d877d9-ecd0-4b7d-838e-89aa2c4103c0, raftlog=67d877d9-ecd0-4b7d-838e-89aa2c4103c0@group-A09C527D8C6F-SegmentedRaftLog:OPENED:c-1,f-1,i0, conf=-1: [c39ba312-e57f-4b8c-998e-32538a6d88da:192.168.34.56:44039, 67d877d9-ecd0-4b7d-838e-89aa2c4103c0:192.168.34.56:33816, 6af5dfc0-d4d0-48db-9aa9-c45e51549e54:192.168.34.56:32981], old=null
2019-10-18 12:32:26,550 [Thread-1055] INFO  impl.FollowerState (FollowerState.java:run(117)) - 6af5dfc0-d4d0-48db-9aa9-c45e51549e54@group-A09C527D8C6F-FollowerState was interrupted: java.lang.InterruptedException: sleep interrupted
2019-10-18 12:32:26,549 [grpc-default-executor-1] INFO  impl.RoleInfo (RoleInfo.java:shutdownFollowerState(121)) - c39ba312-e57f-4b8c-998e-32538a6d88da: shutdown FollowerState
2019-10-18 12:32:26,550 [grpc-default-executor-5] INFO  impl.RoleInfo (RoleInfo.java:updateAndGet(143)) - 6af5dfc0-d4d0-48db-9aa9-c45e51549e54: start FollowerState
2019-10-18 12:32:26,550 [Thread-1054] INFO  impl.FollowerState (FollowerState.java:run(117)) - c39ba312-e57f-4b8c-998e-32538a6d88da@group-A09C527D8C6F-FollowerState was interrupted: java.lang.InterruptedException: sleep interrupted
2019-10-18 12:32:26,550 [grpc-default-executor-1] INFO  impl.RoleInfo (RoleInfo.java:updateAndGet(143)) - c39ba312-e57f-4b8c-998e-32538a6d88da: start FollowerState
2019-10-18 12:32:26,572 [67d877d9-ecd0-4b7d-838e-89aa2c4103c0@group-A09C527D8C6F-LeaderElection111] INFO  impl.LeaderElection (LeaderElection.java:askForVotes(178)) - 67d877d9-ecd0-4b7d-838e-89aa2c4103c0@group-A09C527D8C6F-LeaderElection111: begin an election at term 137 for -1: [c39ba312-e57f-4b8c-998e-32538a6d88da:192.168.34.56:44039, 67d877d9-ecd0-4b7d-838e-89aa2c4103c0:192.168.34.56:33816, 6af5dfc0-d4d0-48db-9aa9-c45e51549e54:192.168.34.56:32981], old=null
2019-10-18 12:32:26,574 [grpc-default-executor-1] INFO  impl.RaftServerImpl (RaftServerImpl.java:setRole(184)) - c39ba312-e57f-4b8c-998e-32538a6d88da@group-A09C527D8C6F: changes role from  FOLLOWER to FOLLOWER at term 137 for recognizeCandidate:67d877d9-ecd0-4b7d-838e-89aa2c4103c0
2019-10-18 12:32:26,574 [grpc-default-executor-1] INFO  impl.RoleInfo (RoleInfo.java:shutdownFollowerState(121)) - c39ba312-e57f-4b8c-998e-32538a6d88da: shutdown FollowerState
2019-10-18 12:32:26,575 [grpc-default-executor-1] INFO  impl.RoleInfo (RoleInfo.java:updateAndGet(143)) - c39ba312-e57f-4b8c-998e-32538a6d88da: start FollowerState
2019-10-18 12:32:26,575 [Thread-1061] INFO  impl.FollowerState (FollowerState.java:run(117)) - c39ba312-e57f-4b8c-998e-32538a6d88da@group-A09C527D8C6F-FollowerState was interrupted: java.lang.InterruptedException: sleep interrupted
2019-10-18 12:32:26,575 [grpc-default-executor-5] INFO  impl.RaftServerImpl (RaftServerImpl.java:setRole(184)) - 6af5dfc0-d4d0-48db-9aa9-c45e51549e54@group-A09C527D8C6F: changes role from  FOLLOWER to FOLLOWER at term 137 for recognizeCandidate:67d877d9-ecd0-4b7d-838e-89aa2c4103c0
2019-10-18 12:32:26,575 [grpc-default-executor-5] INFO  impl.RoleInfo (RoleInfo.java:shutdownFollowerState(121)) - 6af5dfc0-d4d0-48db-9aa9-c45e51549e54: shutdown FollowerState
2019-10-18 12:32:26,575 [grpc-default-executor-5] INFO  impl.RoleInfo (RoleInfo.java:updateAndGet(143)) - 6af5dfc0-d4d0-48db-9aa9-c45e51549e54: start FollowerState
2019-10-18 12:32:26,576 [Thread-1060] INFO  impl.FollowerState (FollowerState.java:run(117)) - 6af5dfc0-d4d0-48db-9aa9-c45e51549e54@group-A09C527D8C6F-FollowerState was interrupted: java.lang.InterruptedException: sleep interrupted
2019-10-18 12:32:26,598 [67d877d9-ecd0-4b7d-838e-89aa2c4103c0@group-A09C527D8C6F-LeaderElection111] INFO  impl.LeaderElection (LeaderElection.java:logAndReturn(56)) - 67d877d9-ecd0-4b7d-838e-89aa2c4103c0@group-A09C527D8C6F-LeaderElection111: Election REJECTED; received 2 response(s) [67d877d9-ecd0-4b7d-838e-89aa2c4103c0<-c39ba312-e57f-4b8c-998e-32538a6d88da#0:FAIL-t137, 67d877d9-ecd0-4b7d-838e-89aa2c4103c0<-6af5dfc0-d4d0-48db-9aa9-c45e51549e54#0:FAIL-t137] and 0 exception(s); 67d877d9-ecd0-4b7d-838e-89aa2c4103c0@group-A09C527D8C6F:t137, leader=null, voted=67d877d9-ecd0-4b7d-838e-89aa2c4103c0, raftlog=67d877d9-ecd0-4b7d-838e-89aa2c4103c0@group-A09C527D8C6F-SegmentedRaftLog:OPENED:c-1,f-1,i0, conf=-1: [c39ba312-e57f-4b8c-998e-32538a6d88da:192.168.34.56:44039, 67d877d9-ecd0-4b7d-838e-89aa2c4103c0:192.168.34.56:33816, 6af5dfc0-d4d0-48db-9aa9-c45e51549e54:192.168.34.56:32981], old=null
2019-10-18 12:32:26,598 [67d877d9-ecd0-4b7d-838e-89aa2c4103c0@group-A09C527D8C6F-LeaderElection111] INFO  impl.RaftServerImpl (RaftServerImpl.java:setRole(184)) - 67d877d9-ecd0-4b7d-838e-89aa2c4103c0@group-A09C527D8C6F: changes role from CANDIDATE to FOLLOWER at term 137 for DISCOVERED_A_NEW_TERM
2019-10-18 12:32:26,599 [67d877d9-ecd0-4b7d-838e-89aa2c4103c0@group-A09C527D8C6F-LeaderElection111] INFO  impl.RoleInfo (RoleInfo.java:shutdownLeaderElection(134)) - 67d877d9-ecd0-4b7d-838e-89aa2c4103c0: shutdown LeaderElection
2019-10-18 12:32:26,599 [67d877d9-ecd0-4b7d-838e-89aa2c4103c0@group-A09C527D8C6F-LeaderElection111] INFO  impl.RoleInfo (RoleInfo.java:updateAndGet(143)) - 67d877d9-ecd0-4b7d-838e-89aa2c4103c0: start FollowerState
2019-10-18 12:32:26,732 [Thread-1066] INFO  impl.FollowerState (FollowerState.java:run(108)) - 67d877d9-ecd0-4b7d-838e-89aa2c4103c0@group-A09C527D8C6F-FollowerState: change to CANDIDATE, lastRpcTime:133ms, electionTimeout:133ms
2019-10-18 12:32:26,732 [Thread-1066] INFO  impl.RoleInfo (RoleInfo.java:shutdownFollowerState(121)) - 67d877d9-ecd0-4b7d-838e-89aa2c4103c0: shutdown FollowerState
2019-10-18 12:32:26,733 [Thread-1066] INFO  impl.RaftServerImpl (RaftServerImpl.java:setRole(184)) - 67d877d9-ecd0-4b7d-838e-89aa2c4103c0@group-A09C527D8C6F: changes role from  FOLLOWER to CANDIDATE at term 137 for changeToCandidate
2019-10-18 12:32:26,733 [Thread-1066] INFO  impl.RoleInfo (RoleInfo.java:updateAndGet(143)) - 67d877d9-ecd0-4b7d-838e-89aa2c4103c0: start LeaderElection
2019-10-18 12:32:26,757 [67d877d9-ecd0-4b7d-838e-89aa2c4103c0@group-A09C527D8C6F-LeaderElection112] INFO  impl.LeaderElection (LeaderElection.java:askForVotes(178)) - 67d877d9-ecd0-4b7d-838e-89aa2c4103c0@group-A09C527D8C6F-LeaderElection112: begin an election at term 138 for -1: [c39ba312-e57f-4b8c-998e-32538a6d88da:192.168.34.56:44039, 67d877d9-ecd0-4b7d-838e-89aa2c4103c0:192.168.34.56:33816, 6af5dfc0-d4d0-48db-9aa9-c45e51549e54:192.168.34.56:32981], old=null
2019-10-18 12:32:26,764 [grpc-default-executor-3] INFO  impl.RaftServerImpl (RaftServerImpl.java:setRole(184)) - c39ba312-e57f-4b8c-998e-32538a6d88da@group-A09C527D8C6F: changes role from  FOLLOWER to FOLLOWER at term 138 for recognizeCandidate:67d877d9-ecd0-4b7d-838e-89aa2c4103c0
2019-10-18 12:32:26,764 [grpc-default-executor-3] INFO  impl.RoleInfo (RoleInfo.java:shutdownFollowerState(121)) - c39ba312-e57f-4b8c-998e-32538a6d88da: shutdown FollowerState
2019-10-18 12:32:26,764 [grpc-default-executor-3] INFO  impl.RoleInfo (RoleInfo.java:updateAndGet(143)) - c39ba312-e57f-4b8c-998e-32538a6d88da: start FollowerState
2019-10-18 12:32:26,765 [grpc-default-executor-5] INFO  impl.RaftServerImpl (RaftServerImpl.java:setRole(184)) - 6af5dfc0-d4d0-48db-9aa9-c45e51549e54@group-A09C527D8C6F: changes role from  FOLLOWER to FOLLOWER at term 138 for recognizeCandidate:67d877d9-ecd0-4b7d-838e-89aa2c4103c0
2019-10-18 12:32:26,765 [Thread-1064] INFO  impl.FollowerState (FollowerState.java:run(117)) - c39ba312-e57f-4b8c-998e-32538a6d88da@group-A09C527D8C6F-FollowerState was interrupted: java.lang.InterruptedException: sleep interrupted
2019-10-18 12:32:26,765 [grpc-default-executor-5] INFO  impl.RoleInfo (RoleInfo.java:shutdownFollowerState(121)) - 6af5dfc0-d4d0-48db-9aa9-c45e51549e54: shutdown FollowerState
2019-10-18 12:32:26,766 [grpc-default-executor-5] INFO  impl.RoleInfo (RoleInfo.java:updateAndGet(143)) - 6af5dfc0-d4d0-48db-9aa9-c45e51549e54: start FollowerState
2019-10-18 12:32:26,766 [Thread-1065] INFO  impl.FollowerState (FollowerState.java:run(117)) - 6af5dfc0-d4d0-48db-9aa9-c45e51549e54@group-A09C527D8C6F-FollowerState was interrupted: java.lang.InterruptedException: sleep interrupted
2019-10-18 12:32:26,791 [67d877d9-ecd0-4b7d-838e-89aa2c4103c0@group-A09C527D8C6F-LeaderElection112] INFO  impl.LeaderElection (LeaderElection.java:logAndReturn(56)) - 67d877d9-ecd0-4b7d-838e-89aa2c4103c0@group-A09C527D8C6F-LeaderElection112: Election REJECTED; received 2 response(s) [67d877d9-ecd0-4b7d-838e-89aa2c4103c0<-c39ba312-e57f-4b8c-998e-32538a6d88da#0:FAIL-t138, 67d877d9-ecd0-4b7d-838e-89aa2c4103c0<-6af5dfc0-d4d0-48db-9aa9-c45e51549e54#0:FAIL-t138] and 0 exception(s); 67d877d9-ecd0-4b7d-838e-89aa2c4103c0@group-A09C527D8C6F:t138, leader=null, voted=67d877d9-ecd0-4b7d-838e-89aa2c4103c0, raftlog=67d877d9-ecd0-4b7d-838e-89aa2c4103c0@group-A09C527D8C6F-SegmentedRaftLog:OPENED:c-1,f-1,i0, conf=-1: [c39ba312-e57f-4b8c-998e-32538a6d88da:192.168.34.56:44039, 67d877d9-ecd0-4b7d-838e-89aa2c4103c0:192.168.34.56:33816, 6af5dfc0-d4d0-48db-9aa9-c45e51549e54:192.168.34.56:32981], old=null
2019-10-18 12:32:26,791 [67d877d9-ecd0-4b7d-838e-89aa2c4103c0@group-A09C527D8C6F-LeaderElection112] INFO  impl.RaftServerImpl (RaftServerImpl.java:setRole(184)) - 67d877d9-ecd0-4b7d-838e-89aa2c4103c0@group-A09C527D8C6F: changes role from CANDIDATE to FOLLOWER at term 138 for DISCOVERED_A_NEW_TERM
2019-10-18 12:32:26,791 [67d877d9-ecd0-4b7d-838e-89aa2c4103c0@group-A09C527D8C6F-LeaderElection112] INFO  impl.RoleInfo (RoleInfo.java:shutdownLeaderElection(134)) - 67d877d9-ecd0-4b7d-838e-89aa2c4103c0: shutdown LeaderElection
2019-10-18 12:32:26,791 [67d877d9-ecd0-4b7d-838e-89aa2c4103c0@group-A09C527D8C6F-LeaderElection112] INFO  impl.RoleInfo (RoleInfo.java:updateAndGet(143)) - 67d877d9-ecd0-4b7d-838e-89aa2c4103c0: start FollowerState
2019-10-18 12:32:26,966 [Thread-1074] INFO  impl.FollowerState (FollowerState.java:run(108)) - 67d877d9-ecd0-4b7d-838e-89aa2c4103c0@group-A09C527D8C6F-FollowerState: change to CANDIDATE, lastRpcTime:174ms, electionTimeout:174ms
2019-10-18 12:32:26,966 [Thread-1074] INFO  impl.RoleInfo (RoleInfo.java:shutdownFollowerState(121)) - 67d877d9-ecd0-4b7d-838e-89aa2c4103c0: shutdown FollowerState
2019-10-18 12:32:26,966 [Thread-1074] INFO  impl.RaftServerImpl (RaftServerImpl.java:setRole(184)) - 67d877d9-ecd0-4b7d-838e-89aa2c4103c0@group-A09C527D8C6F: changes role from  FOLLOWER to CANDIDATE at term 138 for changeToCandidate
2019-10-18 12:32:26,966 [Thread-1074] INFO  impl.RoleInfo (RoleInfo.java:updateAndGet(143)) - 67d877d9-ecd0-4b7d-838e-89aa2c4103c0: start LeaderElection
2019-10-18 12:32:27,504 [67d877d9-ecd0-4b7d-838e-89aa2c4103c0@group-A09C527D8C6F-LeaderElection113] INFO  impl.LeaderElection (LeaderElection.java:askForVotes(178)) - 67d877d9-ecd0-4b7d-838e-89aa2c4103c0@group-A09C527D8C6F-LeaderElection113: begin an election at term 139 for -1: [c39ba312-e57f-4b8c-998e-32538a6d88da:192.168.34.56:44039, 67d877d9-ecd0-4b7d-838e-89aa2c4103c0:192.168.34.56:33816, 6af5dfc0-d4d0-48db-9aa9-c45e51549e54:192.168.34.56:32981], old=null
2019-10-18 12:32:27,508 [grpc-default-executor-5] INFO  impl.RaftServerImpl (RaftServerImpl.java:setRole(184)) - 6af5dfc0-d4d0-48db-9aa9-c45e51549e54@group-A09C527D8C6F: changes role from  FOLLOWER to FOLLOWER at term 139 for recognizeCandidate:67d877d9-ecd0-4b7d-838e-89aa2c4103c0
2019-10-18 12:32:27,509 [grpc-default-executor-5] INFO  impl.RoleInfo (RoleInfo.java:shutdownFollowerState(121)) - 6af5dfc0-d4d0-48db-9aa9-c45e51549e54: shutdown FollowerState
2019-10-18 12:32:27,508 [grpc-default-executor-3] INFO  impl.RaftServerImpl (RaftServerImpl.java:setRole(184)) - c39ba312-e57f-4b8c-998e-32538a6d88da@group-A09C527D8C6F: changes role from  FOLLOWER to FOLLOWER at term 139 for recognizeCandidate:67d877d9-ecd0-4b7d-838e-89aa2c4103c0
2019-10-18 12:32:27,509 [grpc-default-executor-5] INFO  impl.RoleInfo (RoleInfo.java:updateAndGet(143)) - 6af5dfc0-d4d0-48db-9aa9-c45e51549e54: start FollowerState
2019-10-18 12:32:27,509 [Thread-1073] INFO  impl.FollowerState (FollowerState.java:run(117)) - 6af5dfc0-d4d0-48db-9aa9-c45e51549e54@group-A09C527D8C6F-FollowerState was interrupted: java.lang.InterruptedException: sleep interrupted
2019-10-18 12:32:27,509 [grpc-default-executor-3] INFO  impl.RoleInfo (RoleInfo.java:shutdownFollowerState(121)) - c39ba312-e57f-4b8c-998e-32538a6d88da: shutdown FollowerState
2019-10-18 12:32:27,571 [grpc-default-executor-3] INFO  impl.RoleInfo (RoleInfo.java:updateAndGet(143)) - c39ba312-e57f-4b8c-998e-32538a6d88da: start FollowerState
2019-10-18 12:32:27,571 [Thread-1072] INFO  impl.FollowerState (FollowerState.java:run(117)) - c39ba312-e57f-4b8c-998e-32538a6d88da@group-A09C527D8C6F-FollowerState was interrupted: java.lang.InterruptedException: sleep interrupted
2019-10-18 12:32:27,591 [67d877d9-ecd0-4b7d-838e-89aa2c4103c0@group-A09C527D8C6F-LeaderElection113] INFO  impl.LeaderElection (LeaderElection.java:logAndReturn(56)) - 67d877d9-ecd0-4b7d-838e-89aa2c4103c0@group-A09C527D8C6F-LeaderElection113: Election TIMEOUT; received 0 response(s) [] and 0 exception(s); 67d877d9-ecd0-4b7d-838e-89aa2c4103c0@group-A09C527D8C6F:t139, leader=null, voted=67d877d9-ecd0-4b7d-838e-89aa2c4103c0, raftlog=67d877d9-ecd0-4b7d-838e-89aa2c4103c0@group-A09C527D8C6F-SegmentedRaftLog:OPENED:c-1,f-1,i0, conf=-1: [c39ba312-e57f-4b8c-998e-32538a6d88da:192.168.34.56:44039, 67d877d9-ecd0-4b7d-838e-89aa2c4103c0:192.168.34.56:33816, 6af5dfc0-d4d0-48db-9aa9-c45e51549e54:192.168.34.56:32981], old=null
2019-10-18 12:32:29,201 [67d877d9-ecd0-4b7d-838e-89aa2c4103c0@group-A09C527D8C6F-LeaderElection113] INFO  impl.LeaderElection (LeaderElection.java:askForVotes(178)) - 67d877d9-ecd0-4b7d-838e-89aa2c4103c0@group-A09C527D8C6F-LeaderElection113: begin an election at term 140 for -1: [c39ba312-e57f-4b8c-998e-32538a6d88da:192.168.34.56:44039, 67d877d9-ecd0-4b7d-838e-89aa2c4103c0:192.168.34.56:33816, 6af5dfc0-d4d0-48db-9aa9-c45e51549e54:192.168.34.56:32981], old=null
2019-10-18 12:32:29,205 [grpc-default-executor-5] INFO  impl.RaftServerImpl (RaftServerImpl.java:setRole(184)) - 6af5dfc0-d4d0-48db-9aa9-c45e51549e54@group-A09C527D8C6F: changes role from  FOLLOWER to FOLLOWER at term 140 for recognizeCandidate:67d877d9-ecd0-4b7d-838e-89aa2c4103c0
2019-10-18 12:32:29,205 [grpc-default-executor-3] INFO  impl.RaftServerImpl (RaftServerImpl.java:setRole(184)) - c39ba312-e57f-4b8c-998e-32538a6d88da@group-A09C527D8C6F: changes role from  FOLLOWER to FOLLOWER at term 140 for recognizeCandidate:67d877d9-ecd0-4b7d-838e-89aa2c4103c0
2019-10-18 12:32:29,206 [grpc-default-executor-5] INFO  impl.RoleInfo (RoleInfo.java:shutdownFollowerState(121)) - 6af5dfc0-d4d0-48db-9aa9-c45e51549e54: shutdown FollowerState
2019-10-18 12:32:29,206 [grpc-default-executor-3] INFO  impl.RoleInfo (RoleInfo.java:shutdownFollowerState(121)) - c39ba312-e57f-4b8c-998e-32538a6d88da: shutdown FollowerState
2019-10-18 12:32:29,206 [grpc-default-executor-5] INFO  impl.RoleInfo (RoleInfo.java:updateAndGet(143)) - 6af5dfc0-d4d0-48db-9aa9-c45e51549e54: start FollowerState
2019-10-18 12:32:29,206 [grpc-default-executor-3] INFO  impl.RoleInfo (RoleInfo.java:updateAndGet(143)) - c39ba312-e57f-4b8c-998e-32538a6d88da: start FollowerState
2019-10-18 12:32:29,206 [Thread-1078] INFO  impl.FollowerState (FollowerState.java:run(117)) - 6af5dfc0-d4d0-48db-9aa9-c45e51549e54@group-A09C527D8C6F-FollowerState was interrupted: java.lang.InterruptedException: sleep interrupted
2019-10-18 12:32:29,206 [Thread-1079] INFO  impl.FollowerState (FollowerState.java:run(117)) - c39ba312-e57f-4b8c-998e-32538a6d88da@group-A09C527D8C6F-FollowerState was interrupted: java.lang.InterruptedException: sleep interrupted
2019-10-18 12:32:29,224 [67d877d9-ecd0-4b7d-838e-89aa2c4103c0@group-A09C527D8C6F-LeaderElection113] INFO  impl.LeaderElection (LeaderElection.java:logAndReturn(56)) - 67d877d9-ecd0-4b7d-838e-89aa2c4103c0@group-A09C527D8C6F-LeaderElection113: Election TIMEOUT; received 0 response(s) [] and 0 exception(s); 67d877d9-ecd0-4b7d-838e-89aa2c4103c0@group-A09C527D8C6F:t140, leader=null, voted=67d877d9-ecd0-4b7d-838e-89aa2c4103c0, raftlog=67d877d9-ecd0-4b7d-838e-89aa2c4103c0@group-A09C527D8C6F-SegmentedRaftLog:OPENED:c-1,f-1,i0, conf=-1: [c39ba312-e57f-4b8c-998e-32538a6d88da:192.168.34.56:44039, 67d877d9-ecd0-4b7d-838e-89aa2c4103c0:192.168.34.56:33816, 6af5dfc0-d4d0-48db-9aa9-c45e51549e54:192.168.34.56:32981], old=null
2019-10-18 12:32:29,291 [67d877d9-ecd0-4b7d-838e-89aa2c4103c0@group-A09C527D8C6F-LeaderElection113] INFO  impl.LeaderElection (LeaderElection.java:askForVotes(178)) - 67d877d9-ecd0-4b7d-838e-89aa2c4103c0@group-A09C527D8C6F-LeaderElection113: begin an election at term 141 for -1: [c39ba312-e57f-4b8c-998e-32538a6d88da:192.168.34.56:44039, 67d877d9-ecd0-4b7d-838e-89aa2c4103c0:192.168.34.56:33816, 6af5dfc0-d4d0-48db-9aa9-c45e51549e54:192.168.34.56:32981], old=null
2019-10-18 12:32:29,294 [grpc-default-executor-5] INFO  impl.RaftServerImpl (RaftServerImpl.java:setRole(184)) - 6af5dfc0-d4d0-48db-9aa9-c45e51549e54@group-A09C527D8C6F: changes role from  FOLLOWER to FOLLOWER at term 141 for recognizeCandidate:67d877d9-ecd0-4b7d-838e-89aa2c4103c0
2019-10-18 12:32:29,294 [grpc-default-executor-3] INFO  impl.RaftServerImpl (RaftServerImpl.java:setRole(184)) - c39ba312-e57f-4b8c-998e-32538a6d88da@group-A09C527D8C6F: changes role from  FOLLOWER to FOLLOWER at term 141 for recognizeCandidate:67d877d9-ecd0-4b7d-838e-89aa2c4103c0
2019-10-18 12:32:29,294 [grpc-default-executor-5] INFO  impl.RoleInfo (RoleInfo.java:shutdownFollowerState(121)) - 6af5dfc0-d4d0-48db-9aa9-c45e51549e54: shutdown FollowerState
2019-10-18 12:32:29,295 [grpc-default-executor-3] INFO  impl.RoleInfo (RoleInfo.java:shutdownFollowerState(121)) - c39ba312-e57f-4b8c-998e-32538a6d88da: shutdown FollowerState
2019-10-18 12:32:29,295 [grpc-default-executor-5] INFO  impl.RoleInfo (RoleInfo.java:updateAndGet(143)) - 6af5dfc0-d4d0-48db-9aa9-c45e51549e54: start FollowerState
2019-10-18 12:32:29,295 [grpc-default-executor-3] INFO  impl.RoleInfo (RoleInfo.java:updateAndGet(143)) - c39ba312-e57f-4b8c-998e-32538a6d88da: start FollowerState
2019-10-18 12:32:29,295 [Thread-1086] INFO  impl.FollowerState (FollowerState.java:run(117)) - 6af5dfc0-d4d0-48db-9aa9-c45e51549e54@group-A09C527D8C6F-FollowerState was interrupted: java.lang.InterruptedException: sleep interrupted
2019-10-18 12:32:29,295 [Thread-1087] INFO  impl.FollowerState (FollowerState.java:run(117)) - c39ba312-e57f-4b8c-998e-32538a6d88da@group-A09C527D8C6F-FollowerState was interrupted: java.lang.InterruptedException: sleep interrupted
2019-10-18 12:32:29,322 [67d877d9-ecd0-4b7d-838e-89aa2c4103c0@group-A09C527D8C6F-LeaderElection113] INFO  impl.LeaderElection (LeaderElection.java:logAndReturn(56)) - 67d877d9-ecd0-4b7d-838e-89aa2c4103c0@group-A09C527D8C6F-LeaderElection113: Election REJECTED; received 2 response(s) [67d877d9-ecd0-4b7d-838e-89aa2c4103c0<-c39ba312-e57f-4b8c-998e-32538a6d88da#0:FAIL-t141, 67d877d9-ecd0-4b7d-838e-89aa2c4103c0<-6af5dfc0-d4d0-48db-9aa9-c45e51549e54#0:FAIL-t141] and 0 exception(s); 67d877d9-ecd0-4b7d-838e-89aa2c4103c0@group-A09C527D8C6F:t141, leader=null, voted=67d877d9-ecd0-4b7d-838e-89aa2c4103c0, raftlog=67d877d9-ecd0-4b7d-838e-89aa2c4103c0@group-A09C527D8C6F-SegmentedRaftLog:OPENED:c-1,f-1,i0, conf=-1: [c39ba312-e57f-4b8c-998e-32538a6d88da:192.168.34.56:44039, 67d877d9-ecd0-4b7d-838e-89aa2c4103c0:192.168.34.56:33816, 6af5dfc0-d4d0-48db-9aa9-c45e51549e54:192.168.34.56:32981], old=null
2019-10-18 12:32:29,322 [67d877d9-ecd0-4b7d-838e-89aa2c4103c0@group-A09C527D8C6F-LeaderElection113] INFO  impl.RaftServerImpl (RaftServerImpl.java:setRole(184)) - 67d877d9-ecd0-4b7d-838e-89aa2c4103c0@group-A09C527D8C6F: changes role from CANDIDATE to FOLLOWER at term 141 for DISCOVERED_A_NEW_TERM
2019-10-18 12:32:29,323 [67d877d9-ecd0-4b7d-838e-89aa2c4103c0@group-A09C527D8C6F-LeaderElection113] INFO  impl.RoleInfo (RoleInfo.java:shutdownLeaderElection(134)) - 67d877d9-ecd0-4b7d-838e-89aa2c4103c0: shutdown LeaderElection
2019-10-18 12:32:29,323 [67d877d9-ecd0-4b7d-838e-89aa2c4103c0@group-A09C527D8C6F-LeaderElection113] INFO  impl.RoleInfo (RoleInfo.java:updateAndGet(143)) - 67d877d9-ecd0-4b7d-838e-89aa2c4103c0: start FollowerState
2019-10-18 12:32:29,415 [Thread-1092] INFO  impl.FollowerState (FollowerState.java:run(108)) - 67d877d9-ecd0-4b7d-838e-89aa2c4103c0@group-A09C527D8C6F-FollowerState: change to CANDIDATE, lastRpcTime:91ms, electionTimeout:91ms
2019-10-18 12:32:29,415 [Thread-1092] INFO  impl.RoleInfo (RoleInfo.java:shutdownFollowerState(121)) - 67d877d9-ecd0-4b7d-838e-89aa2c4103c0: shutdown FollowerState
2019-10-18 12:32:29,415 [Thread-1092] INFO  impl.RaftServerImpl (RaftServerImpl.java:setRole(184)) - 67d877d9-ecd0-4b7d-838e-89aa2c4103c0@group-A09C527D8C6F: changes role from  FOLLOWER to CANDIDATE at term 141 for changeToCandidate
2019-10-18 12:32:29,415 [Thread-1092] INFO  impl.RoleInfo (RoleInfo.java:updateAndGet(143)) - 67d877d9-ecd0-4b7d-838e-89aa2c4103c0: start LeaderElection
2019-10-18 12:32:29,441 [67d877d9-ecd0-4b7d-838e-89aa2c4103c0@group-A09C527D8C6F-LeaderElection114] INFO  impl.LeaderElection (LeaderElection.java:askForVotes(178)) - 67d877d9-ecd0-4b7d-838e-89aa2c4103c0@group-A09C527D8C6F-LeaderElection114: begin an election at term 142 for -1: [c39ba312-e57f-4b8c-998e-32538a6d88da:192.168.34.56:44039, 67d877d9-ecd0-4b7d-838e-89aa2c4103c0:192.168.34.56:33816, 6af5dfc0-d4d0-48db-9aa9-c45e51549e54:192.168.34.56:32981], old=null
2019-10-18 12:32:29,443 [grpc-default-executor-5] INFO  impl.RaftServerImpl (RaftServerImpl.java:setRole(184)) - c39ba312-e57f-4b8c-998e-32538a6d88da@group-A09C527D8C6F: changes role from  FOLLOWER to FOLLOWER at term 142 for recognizeCandidate:67d877d9-ecd0-4b7d-838e-89aa2c4103c0
2019-10-18 12:32:29,443 [grpc-default-executor-5] INFO  impl.RoleInfo (RoleInfo.java:shutdownFollowerState(121)) - c39ba312-e57f-4b8c-998e-32538a6d88da: shutdown FollowerState
2019-10-18 12:32:29,443 [grpc-default-executor-3] INFO  impl.RaftServerImpl (RaftServerImpl.java:setRole(184)) - 6af5dfc0-d4d0-48db-9aa9-c45e51549e54@group-A09C527D8C6F: changes role from  FOLLOWER to FOLLOWER at term 142 for recognizeCandidate:67d877d9-ecd0-4b7d-838e-89aa2c4103c0
2019-10-18 12:32:29,444 [Thread-1091] INFO  impl.FollowerState (FollowerState.java:run(117)) - c39ba312-e57f-4b8c-998e-32538a6d88da@group-A09C527D8C6F-FollowerState was interrupted: java.lang.InterruptedException: sleep interrupted
2019-10-18 12:32:29,444 [grpc-default-executor-5] INFO  impl.RoleInfo (RoleInfo.java:updateAndGet(143)) - c39ba312-e57f-4b8c-998e-32538a6d88da: start FollowerState
2019-10-18 12:32:29,444 [grpc-default-executor-3] INFO  impl.RoleInfo (RoleInfo.java:shutdownFollowerState(121)) - 6af5dfc0-d4d0-48db-9aa9-c45e51549e54: shutdown FollowerState
2019-10-18 12:32:29,444 [grpc-default-executor-3] INFO  impl.RoleInfo (RoleInfo.java:updateAndGet(143)) - 6af5dfc0-d4d0-48db-9aa9-c45e51549e54: start FollowerState
2019-10-18 12:32:29,444 [Thread-1090] INFO  impl.FollowerState (FollowerState.java:run(117)) - 6af5dfc0-d4d0-48db-9aa9-c45e51549e54@group-A09C527D8C6F-FollowerState was interrupted: java.lang.InterruptedException: sleep interrupted
2019-10-18 12:32:29,467 [67d877d9-ecd0-4b7d-838e-89aa2c4103c0@group-A09C527D8C6F-LeaderElection114] INFO  impl.LeaderElection (LeaderElection.java:logAndReturn(56)) - 67d877d9-ecd0-4b7d-838e-89aa2c4103c0@group-A09C527D8C6F-LeaderElection114: Election REJECTED; received 2 response(s) [67d877d9-ecd0-4b7d-838e-89aa2c4103c0<-c39ba312-e57f-4b8c-998e-32538a6d88da#0:FAIL-t142, 67d877d9-ecd0-4b7d-838e-89aa2c4103c0<-6af5dfc0-d4d0-48db-9aa9-c45e51549e54#0:FAIL-t142] and 0 exception(s); 67d877d9-ecd0-4b7d-838e-89aa2c4103c0@group-A09C527D8C6F:t142, leader=null, voted=67d877d9-ecd0-4b7d-838e-89aa2c4103c0, raftlog=67d877d9-ecd0-4b7d-838e-89aa2c4103c0@group-A09C527D8C6F-SegmentedRaftLog:OPENED:c-1,f-1,i0, conf=-1: [c39ba312-e57f-4b8c-998e-32538a6d88da:192.168.34.56:44039, 67d877d9-ecd0-4b7d-838e-89aa2c4103c0:192.168.34.56:33816, 6af5dfc0-d4d0-48db-9aa9-c45e51549e54:192.168.34.56:32981], old=null
2019-10-18 12:32:29,467 [67d877d9-ecd0-4b7d-838e-89aa2c4103c0@group-A09C527D8C6F-LeaderElection114] INFO  impl.RaftServerImpl (RaftServerImpl.java:setRole(184)) - 67d877d9-ecd0-4b7d-838e-89aa2c4103c0@group-A09C527D8C6F: changes role from CANDIDATE to FOLLOWER at term 142 for DISCOVERED_A_NEW_TERM
2019-10-18 12:32:29,467 [67d877d9-ecd0-4b7d-838e-89aa2c4103c0@group-A09C527D8C6F-LeaderElection114] INFO  impl.RoleInfo (RoleInfo.java:shutdownLeaderElection(134)) - 67d877d9-ecd0-4b7d-838e-89aa2c4103c0: shutdown LeaderElection
2019-10-18 12:32:29,468 [67d877d9-ecd0-4b7d-838e-89aa2c4103c0@group-A09C527D8C6F-LeaderElection114] INFO  impl.RoleInfo (RoleInfo.java:updateAndGet(143)) - 67d877d9-ecd0-4b7d-838e-89aa2c4103c0: start FollowerState
2019-10-18 12:32:29,556 [Thread-1098] INFO  impl.FollowerState (FollowerState.java:run(108)) - 67d877d9-ecd0-4b7d-838e-89aa2c4103c0@group-A09C527D8C6F-FollowerState: change to CANDIDATE, lastRpcTime:88ms, electionTimeout:88ms
2019-10-18 12:32:29,557 [Thread-1098] INFO  impl.RoleInfo (RoleInfo.java:shutdownFollowerState(121)) - 67d877d9-ecd0-4b7d-838e-89aa2c4103c0: shutdown FollowerState
2019-10-18 12:32:29,557 [Thread-1098] INFO  impl.RaftServerImpl (RaftServerImpl.java:setRole(184)) - 67d877d9-ecd0-4b7d-838e-89aa2c4103c0@group-A09C527D8C6F: changes role from  FOLLOWER to CANDIDATE at term 142 for changeToCandidate
2019-10-18 12:32:29,558 [Thread-1098] INFO  impl.RoleInfo (RoleInfo.java:updateAndGet(143)) - 67d877d9-ecd0-4b7d-838e-89aa2c4103c0: start LeaderElection
2019-10-18 12:32:29,576 [67d877d9-ecd0-4b7d-838e-89aa2c4103c0@group-A09C527D8C6F-LeaderElection115] INFO  impl.LeaderElection (LeaderElection.java:askForVotes(178)) - 67d877d9-ecd0-4b7d-838e-89aa2c4103c0@group-A09C527D8C6F-LeaderElection115: begin an election at term 143 for -1: [c39ba312-e57f-4b8c-998e-32538a6d88da:192.168.34.56:44039, 67d877d9-ecd0-4b7d-838e-89aa2c4103c0:192.168.34.56:33816, 6af5dfc0-d4d0-48db-9aa9-c45e51549e54:192.168.34.56:32981], old=null
2019-10-18 12:32:29,578 [grpc-default-executor-3] INFO  impl.RaftServerImpl (RaftServerImpl.java:setRole(184)) - c39ba312-e57f-4b8c-998e-32538a6d88da@group-A09C527D8C6F: changes role from  FOLLOWER to FOLLOWER at term 143 for recognizeCandidate:67d877d9-ecd0-4b7d-838e-89aa2c4103c0
2019-10-18 12:32:29,579 [grpc-default-executor-3] INFO  impl.RoleInfo (RoleInfo.java:shutdownFollowerState(121)) - c39ba312-e57f-4b8c-998e-32538a6d88da: shutdown FollowerState
2019-10-18 12:32:29,579 [grpc-default-executor-5] INFO  impl.RaftServerImpl (RaftServerImpl.java:setRole(184)) - 6af5dfc0-d4d0-48db-9aa9-c45e51549e54@group-A09C527D8C6F: changes role from  FOLLOWER to FOLLOWER at term 143 for recognizeCandidate:67d877d9-ecd0-4b7d-838e-89aa2c4103c0
2019-10-18 12:32:29,579 [Thread-1096] INFO  impl.FollowerState (FollowerState.java:run(117)) - c39ba312-e57f-4b8c-998e-32538a6d88da@group-A09C527D8C6F-FollowerState was interrupted: java.lang.InterruptedException: sleep interrupted
2019-10-18 12:32:29,579 [grpc-default-executor-3] INFO  impl.RoleInfo (RoleInfo.java:updateAndGet(143)) - c39ba312-e57f-4b8c-998e-32538a6d88da: start FollowerState
2019-10-18 12:32:29,579 [grpc-default-executor-5] INFO  impl.RoleInfo (RoleInfo.java:shutdownFollowerState(121)) - 6af5dfc0-d4d0-48db-9aa9-c45e51549e54: shutdown FollowerState
2019-10-18 12:32:29,579 [grpc-default-executor-5] INFO  impl.RoleInfo (RoleInfo.java:updateAndGet(143)) - 6af5dfc0-d4d0-48db-9aa9-c45e51549e54: start FollowerState
2019-10-18 12:32:29,580 [Thread-1097] INFO  impl.FollowerState (FollowerState.java:run(117)) - 6af5dfc0-d4d0-48db-9aa9-c45e51549e54@group-A09C527D8C6F-FollowerState was interrupted: java.lang.InterruptedException: sleep interrupted
2019-10-18 12:32:29,597 [67d877d9-ecd0-4b7d-838e-89aa2c4103c0@group-A09C527D8C6F-LeaderElection115] INFO  impl.LeaderElection (LeaderElection.java:logAndReturn(56)) - 67d877d9-ecd0-4b7d-838e-89aa2c4103c0@group-A09C527D8C6F-LeaderElection115: Election REJECTED; received 2 response(s) [67d877d9-ecd0-4b7d-838e-89aa2c4103c0<-c39ba312-e57f-4b8c-998e-32538a6d88da#0:FAIL-t143, 67d877d9-ecd0-4b7d-838e-89aa2c4103c0<-6af5dfc0-d4d0-48db-9aa9-c45e51549e54#0:FAIL-t143] and 0 exception(s); 67d877d9-ecd0-4b7d-838e-89aa2c4103c0@group-A09C527D8C6F:t143, leader=null, voted=67d877d9-ecd0-4b7d-838e-89aa2c4103c0, raftlog=67d877d9-ecd0-4b7d-838e-89aa2c4103c0@group-A09C527D8C6F-SegmentedRaftLog:OPENED:c-1,f-1,i0, conf=-1: [c39ba312-e57f-4b8c-998e-32538a6d88da:192.168.34.56:44039, 67d877d9-ecd0-4b7d-838e-89aa2c4103c0:192.168.34.56:33816, 6af5dfc0-d4d0-48db-9aa9-c45e51549e54:192.168.34.56:32981], old=null
2019-10-18 12:32:29,598 [67d877d9-ecd0-4b7d-838e-89aa2c4103c0@group-A09C527D8C6F-LeaderElection115] INFO  impl.RaftServerImpl (RaftServerImpl.java:setRole(184)) - 67d877d9-ecd0-4b7d-838e-89aa2c4103c0@group-A09C527D8C6F: changes role from CANDIDATE to FOLLOWER at term 143 for DISCOVERED_A_NEW_TERM
2019-10-18 12:32:29,598 [67d877d9-ecd0-4b7d-838e-89aa2c4103c0@group-A09C527D8C6F-LeaderElection115] INFO  impl.RoleInfo (RoleInfo.java:shutdownLeaderElection(134)) - 67d877d9-ecd0-4b7d-838e-89aa2c4103c0: shutdown LeaderElection
2019-10-18 12:32:29,598 [67d877d9-ecd0-4b7d-838e-89aa2c4103c0@group-A09C527D8C6F-LeaderElection115] INFO  impl.RoleInfo (RoleInfo.java:updateAndGet(143)) - 67d877d9-ecd0-4b7d-838e-89aa2c4103c0: start FollowerState
2019-10-18 12:32:29,688 [Thread-1104] INFO  impl.FollowerState (FollowerState.java:run(108)) - 67d877d9-ecd0-4b7d-838e-89aa2c4103c0@group-A09C527D8C6F-FollowerState: change to CANDIDATE, lastRpcTime:90ms, electionTimeout:90ms
2019-10-18 12:32:29,689 [Thread-1104] INFO  impl.RoleInfo (RoleInfo.java:shutdownFollowerState(121)) - 67d877d9-ecd0-4b7d-838e-89aa2c4103c0: shutdown FollowerState
2019-10-18 12:32:29,689 [Thread-1104] INFO  impl.RaftServerImpl (RaftServerImpl.java:setRole(184)) - 67d877d9-ecd0-4b7d-838e-89aa2c4103c0@group-A09C527D8C6F: changes role from  FOLLOWER to CANDIDATE at term 143 for changeToCandidate
2019-10-18 12:32:29,689 [Thread-1104] INFO  impl.RoleInfo (RoleInfo.java:updateAndGet(143)) - 67d877d9-ecd0-4b7d-838e-89aa2c4103c0: start LeaderElection
2019-10-18 12:32:29,719 [67d877d9-ecd0-4b7d-838e-89aa2c4103c0@group-A09C527D8C6F-LeaderElection116] INFO  impl.LeaderElection (LeaderElection.java:askForVotes(178)) - 67d877d9-ecd0-4b7d-838e-89aa2c4103c0@group-A09C527D8C6F-LeaderElection116: begin an election at term 144 for -1: [c39ba312-e57f-4b8c-998e-32538a6d88da:192.168.34.56:44039, 67d877d9-ecd0-4b7d-838e-89aa2c4103c0:192.168.34.56:33816, 6af5dfc0-d4d0-48db-9aa9-c45e51549e54:192.168.34.56:32981], old=null
2019-10-18 12:32:29,722 [grpc-default-executor-5] INFO  impl.RaftServerImpl (RaftServerImpl.java:setRole(184)) - c39ba312-e57f-4b8c-998e-32538a6d88da@group-A09C527D8C6F: changes role from  FOLLOWER to FOLLOWER at term 144 for recognizeCandidate:67d877d9-ecd0-4b7d-838e-89aa2c4103c0
2019-10-18 12:32:29,722 [grpc-default-executor-3] INFO  impl.RaftServerImpl (RaftServerImpl.java:setRole(184)) - 6af5dfc0-d4d0-48db-9aa9-c45e51549e54@group-A09C527D8C6F: changes role from  FOLLOWER to FOLLOWER at term 144 for recognizeCandidate:67d877d9-ecd0-4b7d-838e-89aa2c4103c0
2019-10-18 12:32:29,722 [grpc-default-executor-5] INFO  impl.RoleInfo (RoleInfo.java:shutdownFollowerState(121)) - c39ba312-e57f-4b8c-998e-32538a6d88da: shutdown FollowerState
2019-10-18 12:32:29,722 [grpc-default-executor-3] INFO  impl.RoleInfo (RoleInfo.java:shutdownFollowerState(121)) - 6af5dfc0-d4d0-48db-9aa9-c45e51549e54: shutdown FollowerState
2019-10-18 12:32:29,722 [grpc-default-executor-5] INFO  impl.RoleInfo (RoleInfo.java:updateAndGet(143)) - c39ba312-e57f-4b8c-998e-32538a6d88da: start FollowerState
2019-10-18 12:32:29,723 [Thread-1103] INFO  impl.FollowerState (FollowerState.java:run(117)) - 6af5dfc0-d4d0-48db-9aa9-c45e51549e54@group-A09C527D8C6F-FollowerState was interrupted: java.lang.InterruptedException: sleep interrupted
2019-10-18 12:32:29,723 [grpc-default-executor-3] INFO  impl.RoleInfo (RoleInfo.java:updateAndGet(143)) - 6af5dfc0-d4d0-48db-9aa9-c45e51549e54: start FollowerState
2019-10-18 12:32:29,723 [Thread-1102] INFO  impl.FollowerState (FollowerState.java:run(117)) - c39ba312-e57f-4b8c-998e-32538a6d88da@group-A09C527D8C6F-FollowerState was interrupted: java.lang.InterruptedException: sleep interrupted
2019-10-18 12:32:29,745 [67d877d9-ecd0-4b7d-838e-89aa2c4103c0@group-A09C527D8C6F-LeaderElection116] INFO  impl.LeaderElection (LeaderElection.java:logAndReturn(56)) - 67d877d9-ecd0-4b7d-838e-89aa2c4103c0@group-A09C527D8C6F-LeaderElection116: Election REJECTED; received 2 response(s) [67d877d9-ecd0-4b7d-838e-89aa2c4103c0<-c39ba312-e57f-4b8c-998e-32538a6d88da#0:FAIL-t144, 67d877d9-ecd0-4b7d-838e-89aa2c4103c0<-6af5dfc0-d4d0-48db-9aa9-c45e51549e54#0:FAIL-t144] and 0 exception(s); 67d877d9-ecd0-4b7d-838e-89aa2c4103c0@group-A09C527D8C6F:t144, leader=null, voted=67d877d9-ecd0-4b7d-838e-89aa2c4103c0, raftlog=67d877d9-ecd0-4b7d-838e-89aa2c4103c0@group-A09C527D8C6F-SegmentedRaftLog:OPENED:c-1,f-1,i0, conf=-1: [c39ba312-e57f-4b8c-998e-32538a6d88da:192.168.34.56:44039, 67d877d9-ecd0-4b7d-838e-89aa2c4103c0:192.168.34.56:33816, 6af5dfc0-d4d0-48db-9aa9-c45e51549e54:192.168.34.56:32981], old=null
2019-10-18 12:32:29,746 [67d877d9-ecd0-4b7d-838e-89aa2c4103c0@group-A09C527D8C6F-LeaderElection116] INFO  impl.RaftServerImpl (RaftServerImpl.java:setRole(184)) - 67d877d9-ecd0-4b7d-838e-89aa2c4103c0@group-A09C527D8C6F: changes role from CANDIDATE to FOLLOWER at term 144 for DISCOVERED_A_NEW_TERM
2019-10-18 12:32:29,746 [67d877d9-ecd0-4b7d-838e-89aa2c4103c0@group-A09C527D8C6F-LeaderElection116] INFO  impl.RoleInfo (RoleInfo.java:shutdownLeaderElection(134)) - 67d877d9-ecd0-4b7d-838e-89aa2c4103c0: shutdown LeaderElection
2019-10-18 12:32:29,746 [67d877d9-ecd0-4b7d-838e-89aa2c4103c0@group-A09C527D8C6F-LeaderElection116] INFO  impl.RoleInfo (RoleInfo.java:updateAndGet(143)) - 67d877d9-ecd0-4b7d-838e-89aa2c4103c0: start FollowerState
2019-10-18 12:32:29,816 [Thread-1110] INFO  impl.FollowerState (FollowerState.java:run(108)) - 67d877d9-ecd0-4b7d-838e-89aa2c4103c0@group-A09C527D8C6F-FollowerState: change to CANDIDATE, lastRpcTime:70ms, electionTimeout:70ms
2019-10-18 12:32:29,817 [Thread-1110] INFO  impl.RoleInfo (RoleInfo.java:shutdownFollowerState(121)) - 67d877d9-ecd0-4b7d-838e-89aa2c4103c0: shutdown FollowerState
2019-10-18 12:32:29,817 [Thread-1110] INFO  impl.RaftServerImpl (RaftServerImpl.java:setRole(184)) - 67d877d9-ecd0-4b7d-838e-89aa2c4103c0@group-A09C527D8C6F: changes role from  FOLLOWER to CANDIDATE at term 144 for changeToCandidate
2019-10-18 12:32:29,834 [Thread-1110] INFO  impl.RoleInfo (RoleInfo.java:updateAndGet(143)) - 67d877d9-ecd0-4b7d-838e-89aa2c4103c0: start LeaderElection
2019-10-18 12:32:29,853 [67d877d9-ecd0-4b7d-838e-89aa2c4103c0@group-A09C527D8C6F-LeaderElection117] INFO  impl.LeaderElection (LeaderElection.java:askForVotes(178)) - 67d877d9-ecd0-4b7d-838e-89aa2c4103c0@group-A09C527D8C6F-LeaderElection117: begin an election at term 145 for -1: [c39ba312-e57f-4b8c-998e-32538a6d88da:192.168.34.56:44039, 67d877d9-ecd0-4b7d-838e-89aa2c4103c0:192.168.34.56:33816, 6af5dfc0-d4d0-48db-9aa9-c45e51549e54:192.168.34.56:32981], old=null
2019-10-18 12:32:29,894 [grpc-default-executor-5] INFO  impl.RaftServerImpl (RaftServerImpl.java:setRole(184)) - c39ba312-e57f-4b8c-998e-32538a6d88da@group-A09C527D8C6F: changes role from  FOLLOWER to FOLLOWER at term 145 for recognizeCandidate:67d877d9-ecd0-4b7d-838e-89aa2c4103c0
2019-10-18 12:32:29,894 [grpc-default-executor-3] INFO  impl.RaftServerImpl (RaftServerImpl.java:setRole(184)) - 6af5dfc0-d4d0-48db-9aa9-c45e51549e54@group-A09C527D8C6F: changes role from  FOLLOWER to FOLLOWER at term 145 for recognizeCandidate:67d877d9-ecd0-4b7d-838e-89aa2c4103c0
2019-10-18 12:32:29,894 [grpc-default-executor-5] INFO  impl.RoleInfo (RoleInfo.java:shutdownFollowerState(121)) - c39ba312-e57f-4b8c-998e-32538a6d88da: shutdown FollowerState
2019-10-18 12:32:29,894 [grpc-default-executor-3] INFO  impl.RoleInfo (RoleInfo.java:shutdownFollowerState(121)) - 6af5dfc0-d4d0-48db-9aa9-c45e51549e54: shutdown FollowerState
2019-10-18 12:32:29,894 [grpc-default-executor-5] INFO  impl.RoleInfo (RoleInfo.java:updateAndGet(143)) - c39ba312-e57f-4b8c-998e-32538a6d88da: start FollowerState
2019-10-18 12:32:29,894 [grpc-default-executor-3] INFO  impl.RoleInfo (RoleInfo.java:updateAndGet(143)) - 6af5dfc0-d4d0-48db-9aa9-c45e51549e54: start FollowerState
2019-10-18 12:32:29,894 [Thread-1108] INFO  impl.FollowerState (FollowerState.java:run(117)) - c39ba312-e57f-4b8c-998e-32538a6d88da@group-A09C527D8C6F-FollowerState was interrupted: java.lang.InterruptedException: sleep interrupted
2019-10-18 12:32:29,895 [Thread-1109] INFO  impl.FollowerState (FollowerState.java:run(117)) - 6af5dfc0-d4d0-48db-9aa9-c45e51549e54@group-A09C527D8C6F-FollowerState was interrupted: java.lang.InterruptedException: sleep interrupted
2019-10-18 12:32:29,935 [67d877d9-ecd0-4b7d-838e-89aa2c4103c0@group-A09C527D8C6F-LeaderElection117] INFO  impl.LeaderElection (LeaderElection.java:logAndReturn(56)) - 67d877d9-ecd0-4b7d-838e-89aa2c4103c0@group-A09C527D8C6F-LeaderElection117: Election REJECTED; received 2 response(s) [67d877d9-ecd0-4b7d-838e-89aa2c4103c0<-c39ba312-e57f-4b8c-998e-32538a6d88da#0:FAIL-t145, 67d877d9-ecd0-4b7d-838e-89aa2c4103c0<-6af5dfc0-d4d0-48db-9aa9-c45e51549e54#0:FAIL-t145] and 0 exception(s); 67d877d9-ecd0-4b7d-838e-89aa2c4103c0@group-A09C527D8C6F:t145, leader=null, voted=67d877d9-ecd0-4b7d-838e-89aa2c4103c0, raftlog=67d877d9-ecd0-4b7d-838e-89aa2c4103c0@group-A09C527D8C6F-SegmentedRaftLog:OPENED:c-1,f-1,i0, conf=-1: [c39ba312-e57f-4b8c-998e-32538a6d88da:192.168.34.56:44039, 67d877d9-ecd0-4b7d-838e-89aa2c4103c0:192.168.34.56:33816, 6af5dfc0-d4d0-48db-9aa9-c45e51549e54:192.168.34.56:32981], old=null
2019-10-18 12:32:29,937 [67d877d9-ecd0-4b7d-838e-89aa2c4103c0@group-A09C527D8C6F-LeaderElection117] INFO  impl.RaftServerImpl (RaftServerImpl.java:setRole(184)) - 67d877d9-ecd0-4b7d-838e-89aa2c4103c0@group-A09C527D8C6F: changes role from CANDIDATE to FOLLOWER at term 145 for DISCOVERED_A_NEW_TERM
2019-10-18 12:32:29,937 [67d877d9-ecd0-4b7d-838e-89aa2c4103c0@group-A09C527D8C6F-LeaderElection117] INFO  impl.RoleInfo (RoleInfo.java:shutdownLeaderElection(134)) - 67d877d9-ecd0-4b7d-838e-89aa2c4103c0: shutdown LeaderElection
2019-10-18 12:32:29,938 [67d877d9-ecd0-4b7d-838e-89aa2c4103c0@group-A09C527D8C6F-LeaderElection117] INFO  impl.RoleInfo (RoleInfo.java:updateAndGet(143)) - 67d877d9-ecd0-4b7d-838e-89aa2c4103c0: start FollowerState
2019-10-18 12:32:30,047 [Thread-1118] INFO  impl.FollowerState (FollowerState.java:run(108)) - 67d877d9-ecd0-4b7d-838e-89aa2c4103c0@group-A09C527D8C6F-FollowerState: change to CANDIDATE, lastRpcTime:109ms, electionTimeout:109ms
2019-10-18 12:32:30,048 [Thread-1118] INFO  impl.RoleInfo (RoleInfo.java:shutdownFollowerState(121)) - 67d877d9-ecd0-4b7d-838e-89aa2c4103c0: shutdown FollowerState
2019-10-18 12:32:30,048 [Thread-1118] INFO  impl.RaftServerImpl (RaftServerImpl.java:setRole(184)) - 67d877d9-ecd0-4b7d-838e-89aa2c4103c0@group-A09C527D8C6F: changes role from  FOLLOWER to CANDIDATE at term 145 for changeToCandidate
2019-10-18 12:32:30,048 [Thread-1118] INFO  impl.RoleInfo (RoleInfo.java:updateAndGet(143)) - 67d877d9-ecd0-4b7d-838e-89aa2c4103c0: start LeaderElection
2019-10-18 12:32:30,079 [67d877d9-ecd0-4b7d-838e-89aa2c4103c0@group-A09C527D8C6F-LeaderElection118] INFO  impl.LeaderElection (LeaderElection.java:askForVotes(178)) - 67d877d9-ecd0-4b7d-838e-89aa2c4103c0@group-A09C527D8C6F-LeaderElection118: begin an election at term 146 for -1: [c39ba312-e57f-4b8c-998e-32538a6d88da:192.168.34.56:44039, 67d877d9-ecd0-4b7d-838e-89aa2c4103c0:192.168.34.56:33816, 6af5dfc0-d4d0-48db-9aa9-c45e51549e54:192.168.34.56:32981], old=null
2019-10-18 12:32:30,084 [grpc-default-executor-5] INFO  impl.RaftServerImpl (RaftServerImpl.java:setRole(184)) - 6af5dfc0-d4d0-48db-9aa9-c45e51549e54@group-A09C527D8C6F: changes role from  FOLLOWER to FOLLOWER at term 146 for recognizeCandidate:67d877d9-ecd0-4b7d-838e-89aa2c4103c0
2019-10-18 12:32:30,084 [grpc-default-executor-5] INFO  impl.RoleInfo (RoleInfo.java:shutdownFollowerState(121)) - 6af5dfc0-d4d0-48db-9aa9-c45e51549e54: shutdown FollowerState
2019-10-18 12:32:30,084 [grpc-default-executor-3] INFO  impl.RaftServerImpl (RaftServerImpl.java:setRole(184)) - c39ba312-e57f-4b8c-998e-32538a6d88da@group-A09C527D8C6F: changes role from  FOLLOWER to FOLLOWER at term 146 for recognizeCandidate:67d877d9-ecd0-4b7d-838e-89aa2c4103c0
2019-10-18 12:32:30,085 [grpc-default-executor-5] INFO  impl.RoleInfo (RoleInfo.java:updateAndGet(143)) - 6af5dfc0-d4d0-48db-9aa9-c45e51549e54: start FollowerState
2019-10-18 12:32:30,085 [Thread-1117] INFO  impl.FollowerState (FollowerState.java:run(117)) - 6af5dfc0-d4d0-48db-9aa9-c45e51549e54@group-A09C527D8C6F-FollowerState was interrupted: java.lang.InterruptedException: sleep interrupted
2019-10-18 12:32:30,085 [grpc-default-executor-3] INFO  impl.RoleInfo (RoleInfo.java:shutdownFollowerState(121)) - c39ba312-e57f-4b8c-998e-32538a6d88da: shutdown FollowerState
2019-10-18 12:32:30,086 [grpc-default-executor-3] INFO  impl.RoleInfo (RoleInfo.java:updateAndGet(143)) - c39ba312-e57f-4b8c-998e-32538a6d88da: start FollowerState
2019-10-18 12:32:30,086 [Thread-1116] INFO  impl.FollowerState (FollowerState.java:run(117)) - c39ba312-e57f-4b8c-998e-32538a6d88da@group-A09C527D8C6F-FollowerState was interrupted: java.lang.InterruptedException: sleep interrupted
2019-10-18 12:32:30,115 [67d877d9-ecd0-4b7d-838e-89aa2c4103c0@group-A09C527D8C6F-LeaderElection118] INFO  impl.LeaderElection (LeaderElection.java:logAndReturn(56)) - 67d877d9-ecd0-4b7d-838e-89aa2c4103c0@group-A09C527D8C6F-LeaderElection118: Election REJECTED; received 2 response(s) [67d877d9-ecd0-4b7d-838e-89aa2c4103c0<-c39ba312-e57f-4b8c-998e-32538a6d88da#0:FAIL-t146, 67d877d9-ecd0-4b7d-838e-89aa2c4103c0<-6af5dfc0-d4d0-48db-9aa9-c45e51549e54#0:FAIL-t146] and 0 exception(s); 67d877d9-ecd0-4b7d-838e-89aa2c4103c0@group-A09C527D8C6F:t146, leader=null, voted=67d877d9-ecd0-4b7d-838e-89aa2c4103c0, raftlog=67d877d9-ecd0-4b7d-838e-89aa2c4103c0@group-A09C527D8C6F-SegmentedRaftLog:OPENED:c-1,f-1,i0, conf=-1: [c39ba312-e57f-4b8c-998e-32538a6d88da:192.168.34.56:44039, 67d877d9-ecd0-4b7d-838e-89aa2c4103c0:192.168.34.56:33816, 6af5dfc0-d4d0-48db-9aa9-c45e51549e54:192.168.34.56:32981], old=null
2019-10-18 12:32:30,115 [67d877d9-ecd0-4b7d-838e-89aa2c4103c0@group-A09C527D8C6F-LeaderElection118] INFO  impl.RaftServerImpl (RaftServerImpl.java:setRole(184)) - 67d877d9-ecd0-4b7d-838e-89aa2c4103c0@group-A09C527D8C6F: changes role from CANDIDATE to FOLLOWER at term 146 for DISCOVERED_A_NEW_TERM
2019-10-18 12:32:30,115 [67d877d9-ecd0-4b7d-838e-89aa2c4103c0@group-A09C527D8C6F-LeaderElection118] INFO  impl.RoleInfo (RoleInfo.java:shutdownLeaderElection(134)) - 67d877d9-ecd0-4b7d-838e-89aa2c4103c0: shutdown LeaderElection
2019-10-18 12:32:30,115 [67d877d9-ecd0-4b7d-838e-89aa2c4103c0@group-A09C527D8C6F-LeaderElection118] INFO  impl.RoleInfo (RoleInfo.java:updateAndGet(143)) - 67d877d9-ecd0-4b7d-838e-89aa2c4103c0: start FollowerState
2019-10-18 12:32:30,193 [Thread-1124] INFO  impl.FollowerState (FollowerState.java:run(108)) - 67d877d9-ecd0-4b7d-838e-89aa2c4103c0@group-A09C527D8C6F-FollowerState: change to CANDIDATE, lastRpcTime:77ms, electionTimeout:77ms
2019-10-18 12:32:30,193 [Thread-1124] INFO  impl.RoleInfo (RoleInfo.java:shutdownFollowerState(121)) - 67d877d9-ecd0-4b7d-838e-89aa2c4103c0: shutdown FollowerState
2019-10-18 12:32:30,193 [Thread-1124] INFO  impl.RaftServerImpl (RaftServerImpl.java:setRole(184)) - 67d877d9-ecd0-4b7d-838e-89aa2c4103c0@group-A09C527D8C6F: changes role from  FOLLOWER to CANDIDATE at term 146 for changeToCandidate
2019-10-18 12:32:30,193 [Thread-1124] INFO  impl.RoleInfo (RoleInfo.java:updateAndGet(143)) - 67d877d9-ecd0-4b7d-838e-89aa2c4103c0: start LeaderElection
2019-10-18 12:32:30,222 [67d877d9-ecd0-4b7d-838e-89aa2c4103c0@group-A09C527D8C6F-LeaderElection119] INFO  impl.LeaderElection (LeaderElection.java:askForVotes(178)) - 67d877d9-ecd0-4b7d-838e-89aa2c4103c0@group-A09C527D8C6F-LeaderElection119: begin an election at term 147 for -1: [c39ba312-e57f-4b8c-998e-32538a6d88da:192.168.34.56:44039, 67d877d9-ecd0-4b7d-838e-89aa2c4103c0:192.168.34.56:33816, 6af5dfc0-d4d0-48db-9aa9-c45e51549e54:192.168.34.56:32981], old=null
2019-10-18 12:32:30,235 [grpc-default-executor-3] INFO  impl.RaftServerImpl (RaftServerImpl.java:setRole(184)) - c39ba312-e57f-4b8c-998e-32538a6d88da@group-A09C527D8C6F: changes role from  FOLLOWER to FOLLOWER at term 147 for recognizeCandidate:67d877d9-ecd0-4b7d-838e-89aa2c4103c0
2019-10-18 12:32:30,236 [grpc-default-executor-3] INFO  impl.RoleInfo (RoleInfo.java:shutdownFollowerState(121)) - c39ba312-e57f-4b8c-998e-32538a6d88da: shutdown FollowerState
2019-10-18 12:32:30,236 [grpc-default-executor-3] INFO  impl.RoleInfo (RoleInfo.java:updateAndGet(143)) - c39ba312-e57f-4b8c-998e-32538a6d88da: start FollowerState
2019-10-18 12:32:30,236 [Thread-1123] INFO  impl.FollowerState (FollowerState.java:run(117)) - c39ba312-e57f-4b8c-998e-32538a6d88da@group-A09C527D8C6F-FollowerState was interrupted: java.lang.InterruptedException: sleep interrupted
2019-10-18 12:32:30,236 [grpc-default-executor-5] INFO  impl.RaftServerImpl (RaftServerImpl.java:setRole(184)) - 6af5dfc0-d4d0-48db-9aa9-c45e51549e54@group-A09C527D8C6F: changes role from  FOLLOWER to FOLLOWER at term 147 for recognizeCandidate:67d877d9-ecd0-4b7d-838e-89aa2c4103c0
2019-10-18 12:32:30,236 [grpc-default-executor-5] INFO  impl.RoleInfo (RoleInfo.java:shutdownFollowerState(121)) - 6af5dfc0-d4d0-48db-9aa9-c45e51549e54: shutdown FollowerState
2019-10-18 12:32:30,237 [grpc-default-executor-5] INFO  impl.RoleInfo (RoleInfo.java:updateAndGet(143)) - 6af5dfc0-d4d0-48db-9aa9-c45e51549e54: start FollowerState
2019-10-18 12:32:30,237 [Thread-1122] INFO  impl.FollowerState (FollowerState.java:run(117)) - 6af5dfc0-d4d0-48db-9aa9-c45e51549e54@group-A09C527D8C6F-FollowerState was interrupted: java.lang.InterruptedException: sleep interrupted
2019-10-18 12:32:30,265 [67d877d9-ecd0-4b7d-838e-89aa2c4103c0@group-A09C527D8C6F-LeaderElection119] INFO  impl.LeaderElection (LeaderElection.java:logAndReturn(56)) - 67d877d9-ecd0-4b7d-838e-89aa2c4103c0@group-A09C527D8C6F-LeaderElection119: Election REJECTED; received 2 response(s) [67d877d9-ecd0-4b7d-838e-89aa2c4103c0<-c39ba312-e57f-4b8c-998e-32538a6d88da#0:FAIL-t147, 67d877d9-ecd0-4b7d-838e-89aa2c4103c0<-6af5dfc0-d4d0-48db-9aa9-c45e51549e54#0:FAIL-t147] and 0 exception(s); 67d877d9-ecd0-4b7d-838e-89aa2c4103c0@group-A09C527D8C6F:t147, leader=null, voted=67d877d9-ecd0-4b7d-838e-89aa2c4103c0, raftlog=67d877d9-ecd0-4b7d-838e-89aa2c4103c0@group-A09C527D8C6F-SegmentedRaftLog:OPENED:c-1,f-1,i0, conf=-1: [c39ba312-e57f-4b8c-998e-32538a6d88da:192.168.34.56:44039, 67d877d9-ecd0-4b7d-838e-89aa2c4103c0:192.168.34.56:33816, 6af5dfc0-d4d0-48db-9aa9-c45e51549e54:192.168.34.56:32981], old=null
2019-10-18 12:32:30,266 [67d877d9-ecd0-4b7d-838e-89aa2c4103c0@group-A09C527D8C6F-LeaderElection119] INFO  impl.RaftServerImpl (RaftServerImpl.java:setRole(184)) - 67d877d9-ecd0-4b7d-838e-89aa2c4103c0@group-A09C527D8C6F: changes role from CANDIDATE to FOLLOWER at term 147 for DISCOVERED_A_NEW_TERM
2019-10-18 12:32:30,266 [67d877d9-ecd0-4b7d-838e-89aa2c4103c0@group-A09C527D8C6F-LeaderElection119] INFO  impl.RoleInfo (RoleInfo.java:shutdownLeaderElection(134)) - 67d877d9-ecd0-4b7d-838e-89aa2c4103c0: shutdown LeaderElection
2019-10-18 12:32:30,266 [67d877d9-ecd0-4b7d-838e-89aa2c4103c0@group-A09C527D8C6F-LeaderElection119] INFO  impl.RoleInfo (RoleInfo.java:updateAndGet(143)) - 67d877d9-ecd0-4b7d-838e-89aa2c4103c0: start FollowerState
2019-10-18 12:32:30,411 [Thread-1130] INFO  impl.FollowerState (FollowerState.java:run(108)) - 67d877d9-ecd0-4b7d-838e-89aa2c4103c0@group-A09C527D8C6F-FollowerState: change to CANDIDATE, lastRpcTime:145ms, electionTimeout:145ms
2019-10-18 12:32:30,412 [Thread-1130] INFO  impl.RoleInfo (RoleInfo.java:shutdownFollowerState(121)) - 67d877d9-ecd0-4b7d-838e-89aa2c4103c0: shutdown FollowerState
2019-10-18 12:32:30,412 [Thread-1130] INFO  impl.RaftServerImpl (RaftServerImpl.java:setRole(184)) - 67d877d9-ecd0-4b7d-838e-89aa2c4103c0@group-A09C527D8C6F: changes role from  FOLLOWER to CANDIDATE at term 147 for changeToCandidate
2019-10-18 12:32:30,412 [Thread-1130] INFO  impl.RoleInfo (RoleInfo.java:updateAndGet(143)) - 67d877d9-ecd0-4b7d-838e-89aa2c4103c0: start LeaderElection
2019-10-18 12:32:30,456 [67d877d9-ecd0-4b7d-838e-89aa2c4103c0@group-A09C527D8C6F-LeaderElection120] INFO  impl.LeaderElection (LeaderElection.java:askForVotes(178)) - 67d877d9-ecd0-4b7d-838e-89aa2c4103c0@group-A09C527D8C6F-LeaderElection120: begin an election at term 148 for -1: [c39ba312-e57f-4b8c-998e-32538a6d88da:192.168.34.56:44039, 67d877d9-ecd0-4b7d-838e-89aa2c4103c0:192.168.34.56:33816, 6af5dfc0-d4d0-48db-9aa9-c45e51549e54:192.168.34.56:32981], old=null
2019-10-18 12:32:30,459 [grpc-default-executor-3] INFO  impl.RaftServerImpl (RaftServerImpl.java:setRole(184)) - c39ba312-e57f-4b8c-998e-32538a6d88da@group-A09C527D8C6F: changes role from  FOLLOWER to FOLLOWER at term 148 for recognizeCandidate:67d877d9-ecd0-4b7d-838e-89aa2c4103c0
2019-10-18 12:32:30,459 [grpc-default-executor-5] INFO  impl.RaftServerImpl (RaftServerImpl.java:setRole(184)) - 6af5dfc0-d4d0-48db-9aa9-c45e51549e54@group-A09C527D8C6F: changes role from  FOLLOWER to FOLLOWER at term 148 for recognizeCandidate:67d877d9-ecd0-4b7d-838e-89aa2c4103c0
2019-10-18 12:32:30,459 [grpc-default-executor-3] INFO  impl.RoleInfo (RoleInfo.java:shutdownFollowerState(121)) - c39ba312-e57f-4b8c-998e-32538a6d88da: shutdown FollowerState
2019-10-18 12:32:30,460 [grpc-default-executor-5] INFO  impl.RoleInfo (RoleInfo.java:shutdownFollowerState(121)) - 6af5dfc0-d4d0-48db-9aa9-c45e51549e54: shutdown FollowerState
2019-10-18 12:32:30,460 [grpc-default-executor-3] INFO  impl.RoleInfo (RoleInfo.java:updateAndGet(143)) - c39ba312-e57f-4b8c-998e-32538a6d88da: start FollowerState
2019-10-18 12:32:30,460 [Thread-1129] INFO  impl.FollowerState (FollowerState.java:run(117)) - 6af5dfc0-d4d0-48db-9aa9-c45e51549e54@group-A09C527D8C6F-FollowerState was interrupted: java.lang.InterruptedException: sleep interrupted
2019-10-18 12:32:30,460 [Thread-1128] INFO  impl.FollowerState (FollowerState.java:run(117)) - c39ba312-e57f-4b8c-998e-32538a6d88da@group-A09C527D8C6F-FollowerState was interrupted: java.lang.InterruptedException: sleep interrupted
2019-10-18 12:32:30,460 [grpc-default-executor-5] INFO  impl.RoleInfo (RoleInfo.java:updateAndGet(143)) - 6af5dfc0-d4d0-48db-9aa9-c45e51549e54: start FollowerState
2019-10-18 12:32:30,491 [67d877d9-ecd0-4b7d-838e-89aa2c4103c0@group-A09C527D8C6F-LeaderElection120] INFO  impl.LeaderElection (LeaderElection.java:logAndReturn(56)) - 67d877d9-ecd0-4b7d-838e-89aa2c4103c0@group-A09C527D8C6F-LeaderElection120: Election REJECTED; received 2 response(s) [67d877d9-ecd0-4b7d-838e-89aa2c4103c0<-c39ba312-e57f-4b8c-998e-32538a6d88da#0:FAIL-t148, 67d877d9-ecd0-4b7d-838e-89aa2c4103c0<-6af5dfc0-d4d0-48db-9aa9-c45e51549e54#0:FAIL-t148] and 0 exception(s); 67d877d9-ecd0-4b7d-838e-89aa2c4103c0@group-A09C527D8C6F:t148, leader=null, voted=67d877d9-ecd0-4b7d-838e-89aa2c4103c0, raftlog=67d877d9-ecd0-4b7d-838e-89aa2c4103c0@group-A09C527D8C6F-SegmentedRaftLog:OPENED:c-1,f-1,i0, conf=-1: [c39ba312-e57f-4b8c-998e-32538a6d88da:192.168.34.56:44039, 67d877d9-ecd0-4b7d-838e-89aa2c4103c0:192.168.34.56:33816, 6af5dfc0-d4d0-48db-9aa9-c45e51549e54:192.168.34.56:32981], old=null
2019-10-18 12:32:30,491 [67d877d9-ecd0-4b7d-838e-89aa2c4103c0@group-A09C527D8C6F-LeaderElection120] INFO  impl.RaftServerImpl (RaftServerImpl.java:setRole(184)) - 67d877d9-ecd0-4b7d-838e-89aa2c4103c0@group-A09C527D8C6F: changes role from CANDIDATE to FOLLOWER at term 148 for DISCOVERED_A_NEW_TERM
2019-10-18 12:32:30,491 [67d877d9-ecd0-4b7d-838e-89aa2c4103c0@group-A09C527D8C6F-LeaderElection120] INFO  impl.RoleInfo (RoleInfo.java:shutdownLeaderElection(134)) - 67d877d9-ecd0-4b7d-838e-89aa2c4103c0: shutdown LeaderElection
2019-10-18 12:32:30,492 [67d877d9-ecd0-4b7d-838e-89aa2c4103c0@group-A09C527D8C6F-LeaderElection120] INFO  impl.RoleInfo (RoleInfo.java:updateAndGet(143)) - 67d877d9-ecd0-4b7d-838e-89aa2c4103c0: start FollowerState
2019-10-18 12:32:30,641 [Thread-1136] INFO  impl.FollowerState (FollowerState.java:run(108)) - 67d877d9-ecd0-4b7d-838e-89aa2c4103c0@group-A09C527D8C6F-FollowerState: change to CANDIDATE, lastRpcTime:149ms, electionTimeout:149ms
2019-10-18 12:32:30,642 [Thread-1136] INFO  impl.RoleInfo (RoleInfo.java:shutdownFollowerState(121)) - 67d877d9-ecd0-4b7d-838e-89aa2c4103c0: shutdown FollowerState
2019-10-18 12:32:30,642 [Thread-1136] INFO  impl.RaftServerImpl (RaftServerImpl.java:setRole(184)) - 67d877d9-ecd0-4b7d-838e-89aa2c4103c0@group-A09C527D8C6F: changes role from  FOLLOWER to CANDIDATE at term 148 for changeToCandidate
2019-10-18 12:32:30,642 [Thread-1136] INFO  impl.RoleInfo (RoleInfo.java:updateAndGet(143)) - 67d877d9-ecd0-4b7d-838e-89aa2c4103c0: start LeaderElection
2019-10-18 12:32:30,665 [67d877d9-ecd0-4b7d-838e-89aa2c4103c0@group-A09C527D8C6F-LeaderElection121] INFO  impl.LeaderElection (LeaderElection.java:askForVotes(178)) - 67d877d9-ecd0-4b7d-838e-89aa2c4103c0@group-A09C527D8C6F-LeaderElection121: begin an election at term 149 for -1: [c39ba312-e57f-4b8c-998e-32538a6d88da:192.168.34.56:44039, 67d877d9-ecd0-4b7d-838e-89aa2c4103c0:192.168.34.56:33816, 6af5dfc0-d4d0-48db-9aa9-c45e51549e54:192.168.34.56:32981], old=null
2019-10-18 12:32:30,668 [grpc-default-executor-3] INFO  impl.RaftServerImpl (RaftServerImpl.java:setRole(184)) - 6af5dfc0-d4d0-48db-9aa9-c45e51549e54@group-A09C527D8C6F: changes role from  FOLLOWER to FOLLOWER at term 149 for recognizeCandidate:67d877d9-ecd0-4b7d-838e-89aa2c4103c0
2019-10-18 12:32:30,668 [grpc-default-executor-5] INFO  impl.RaftServerImpl (RaftServerImpl.java:setRole(184)) - c39ba312-e57f-4b8c-998e-32538a6d88da@group-A09C527D8C6F: changes role from  FOLLOWER to FOLLOWER at term 149 for recognizeCandidate:67d877d9-ecd0-4b7d-838e-89aa2c4103c0
2019-10-18 12:32:30,669 [grpc-default-executor-3] INFO  impl.RoleInfo (RoleInfo.java:shutdownFollowerState(121)) - 6af5dfc0-d4d0-48db-9aa9-c45e51549e54: shutdown FollowerState
2019-10-18 12:32:30,669 [grpc-default-executor-5] INFO  impl.RoleInfo (RoleInfo.java:shutdownFollowerState(121)) - c39ba312-e57f-4b8c-998e-32538a6d88da: shutdown FollowerState
2019-10-18 12:32:30,669 [grpc-default-executor-3] INFO  impl.RoleInfo (RoleInfo.java:updateAndGet(143)) - 6af5dfc0-d4d0-48db-9aa9-c45e51549e54: start FollowerState
2019-10-18 12:32:30,669 [grpc-default-executor-5] INFO  impl.RoleInfo (RoleInfo.java:updateAndGet(143)) - c39ba312-e57f-4b8c-998e-32538a6d88da: start FollowerState
2019-10-18 12:32:30,669 [Thread-1135] INFO  impl.FollowerState (FollowerState.java:run(117)) - 6af5dfc0-d4d0-48db-9aa9-c45e51549e54@group-A09C527D8C6F-FollowerState was interrupted: java.lang.InterruptedException: sleep interrupted
2019-10-18 12:32:30,669 [Thread-1134] INFO  impl.FollowerState (FollowerState.java:run(117)) - c39ba312-e57f-4b8c-998e-32538a6d88da@group-A09C527D8C6F-FollowerState was interrupted: java.lang.InterruptedException: sleep interrupted
2019-10-18 12:32:30,717 [67d877d9-ecd0-4b7d-838e-89aa2c4103c0@group-A09C527D8C6F-LeaderElection121] INFO  impl.LeaderElection (LeaderElection.java:logAndReturn(56)) - 67d877d9-ecd0-4b7d-838e-89aa2c4103c0@group-A09C527D8C6F-LeaderElection121: Election REJECTED; received 2 response(s) [67d877d9-ecd0-4b7d-838e-89aa2c4103c0<-c39ba312-e57f-4b8c-998e-32538a6d88da#0:FAIL-t149, 67d877d9-ecd0-4b7d-838e-89aa2c4103c0<-6af5dfc0-d4d0-48db-9aa9-c45e51549e54#0:FAIL-t149] and 0 exception(s); 67d877d9-ecd0-4b7d-838e-89aa2c4103c0@group-A09C527D8C6F:t149, leader=null, voted=67d877d9-ecd0-4b7d-838e-89aa2c4103c0, raftlog=67d877d9-ecd0-4b7d-838e-89aa2c4103c0@group-A09C527D8C6F-SegmentedRaftLog:OPENED:c-1,f-1,i0, conf=-1: [c39ba312-e57f-4b8c-998e-32538a6d88da:192.168.34.56:44039, 67d877d9-ecd0-4b7d-838e-89aa2c4103c0:192.168.34.56:33816, 6af5dfc0-d4d0-48db-9aa9-c45e51549e54:192.168.34.56:32981], old=null
2019-10-18 12:32:30,717 [67d877d9-ecd0-4b7d-838e-89aa2c4103c0@group-A09C527D8C6F-LeaderElection121] INFO  impl.RaftServerImpl (RaftServerImpl.java:setRole(184)) - 67d877d9-ecd0-4b7d-838e-89aa2c4103c0@group-A09C527D8C6F: changes role from CANDIDATE to FOLLOWER at term 149 for DISCOVERED_A_NEW_TERM
2019-10-18 12:32:30,717 [67d877d9-ecd0-4b7d-838e-89aa2c4103c0@group-A09C527D8C6F-LeaderElection121] INFO  impl.RoleInfo (RoleInfo.java:shutdownLeaderElection(134)) - 67d877d9-ecd0-4b7d-838e-89aa2c4103c0: shutdown LeaderElection
2019-10-18 12:32:30,717 [67d877d9-ecd0-4b7d-838e-89aa2c4103c0@group-A09C527D8C6F-LeaderElection121] INFO  impl.RoleInfo (RoleInfo.java:updateAndGet(143)) - 67d877d9-ecd0-4b7d-838e-89aa2c4103c0: start FollowerState
2019-10-18 12:32:30,810 [Thread-1142] INFO  impl.FollowerState (FollowerState.java:run(108)) - 67d877d9-ecd0-4b7d-838e-89aa2c4103c0@group-A09C527D8C6F-FollowerState: change to CANDIDATE, lastRpcTime:92ms, electionTimeout:92ms
2019-10-18 12:32:30,810 [Thread-1142] INFO  impl.RoleInfo (RoleInfo.java:shutdownFollowerState(121)) - 67d877d9-ecd0-4b7d-838e-89aa2c4103c0: shutdown FollowerState
2019-10-18 12:32:30,811 [Thread-1142] INFO  impl.RaftServerImpl (RaftServerImpl.java:setRole(184)) - 67d877d9-ecd0-4b7d-838e-89aa2c4103c0@group-A09C527D8C6F: changes role from  FOLLOWER to CANDIDATE at term 149 for changeToCandidate
2019-10-18 12:32:30,811 [Thread-1142] INFO  impl.RoleInfo (RoleInfo.java:updateAndGet(143)) - 67d877d9-ecd0-4b7d-838e-89aa2c4103c0: start LeaderElection
2019-10-18 12:32:30,841 [67d877d9-ecd0-4b7d-838e-89aa2c4103c0@group-A09C527D8C6F-LeaderElection122] INFO  impl.LeaderElection (LeaderElection.java:askForVotes(178)) - 67d877d9-ecd0-4b7d-838e-89aa2c4103c0@group-A09C527D8C6F-LeaderElection122: begin an election at term 150 for -1: [c39ba312-e57f-4b8c-998e-32538a6d88da:192.168.34.56:44039, 67d877d9-ecd0-4b7d-838e-89aa2c4103c0:192.168.34.56:33816, 6af5dfc0-d4d0-48db-9aa9-c45e51549e54:192.168.34.56:32981], old=null
2019-10-18 12:32:30,844 [grpc-default-executor-5] INFO  impl.RaftServerImpl (RaftServerImpl.java:setRole(184)) - 6af5dfc0-d4d0-48db-9aa9-c45e51549e54@group-A09C527D8C6F: changes role from  FOLLOWER to FOLLOWER at term 150 for recognizeCandidate:67d877d9-ecd0-4b7d-838e-89aa2c4103c0
2019-10-18 12:32:30,844 [grpc-default-executor-3] INFO  impl.RaftServerImpl (RaftServerImpl.java:setRole(184)) - c39ba312-e57f-4b8c-998e-32538a6d88da@group-A09C527D8C6F: changes role from  FOLLOWER to FOLLOWER at term 150 for recognizeCandidate:67d877d9-ecd0-4b7d-838e-89aa2c4103c0
2019-10-18 12:32:30,844 [grpc-default-executor-5] INFO  impl.RoleInfo (RoleInfo.java:shutdownFollowerState(121)) - 6af5dfc0-d4d0-48db-9aa9-c45e51549e54: shutdown FollowerState
2019-10-18 12:32:30,845 [grpc-default-executor-3] INFO  impl.RoleInfo (RoleInfo.java:shutdownFollowerState(121)) - c39ba312-e57f-4b8c-998e-32538a6d88da: shutdown FollowerState
2019-10-18 12:32:30,845 [grpc-default-executor-5] INFO  impl.RoleInfo (RoleInfo.java:updateAndGet(143)) - 6af5dfc0-d4d0-48db-9aa9-c45e51549e54: start FollowerState
2019-10-18 12:32:30,845 [Thread-1140] INFO  impl.FollowerState (FollowerState.java:run(117)) - 6af5dfc0-d4d0-48db-9aa9-c45e51549e54@group-A09C527D8C6F-FollowerState was interrupted: java.lang.InterruptedException: sleep interrupted
2019-10-18 12:32:30,845 [Thread-1141] INFO  impl.FollowerState (FollowerState.java:run(117)) - c39ba312-e57f-4b8c-998e-32538a6d88da@group-A09C527D8C6F-FollowerState was interrupted: java.lang.InterruptedException: sleep interrupted
2019-10-18 12:32:30,845 [grpc-default-executor-3] INFO  impl.RoleInfo (RoleInfo.java:updateAndGet(143)) - c39ba312-e57f-4b8c-998e-32538a6d88da: start FollowerState
2019-10-18 12:32:30,876 [67d877d9-ecd0-4b7d-838e-89aa2c4103c0@group-A09C527D8C6F-LeaderElection122] INFO  impl.LeaderElection (LeaderElection.java:logAndReturn(56)) - 67d877d9-ecd0-4b7d-838e-89aa2c4103c0@group-A09C527D8C6F-LeaderElection122: Election REJECTED; received 2 response(s) [67d877d9-ecd0-4b7d-838e-89aa2c4103c0<-c39ba312-e57f-4b8c-998e-32538a6d88da#0:FAIL-t150, 67d877d9-ecd0-4b7d-838e-89aa2c4103c0<-6af5dfc0-d4d0-48db-9aa9-c45e51549e54#0:FAIL-t150] and 0 exception(s); 67d877d9-ecd0-4b7d-838e-89aa2c4103c0@group-A09C527D8C6F:t150, leader=null, voted=67d877d9-ecd0-4b7d-838e-89aa2c4103c0, raftlog=67d877d9-ecd0-4b7d-838e-89aa2c4103c0@group-A09C527D8C6F-SegmentedRaftLog:OPENED:c-1,f-1,i0, conf=-1: [c39ba312-e57f-4b8c-998e-32538a6d88da:192.168.34.56:44039, 67d877d9-ecd0-4b7d-838e-89aa2c4103c0:192.168.34.56:33816, 6af5dfc0-d4d0-48db-9aa9-c45e51549e54:192.168.34.56:32981], old=null
2019-10-18 12:32:30,876 [67d877d9-ecd0-4b7d-838e-89aa2c4103c0@group-A09C527D8C6F-LeaderElection122] INFO  impl.RaftServerImpl (RaftServerImpl.java:setRole(184)) - 67d877d9-ecd0-4b7d-838e-89aa2c4103c0@group-A09C527D8C6F: changes role from CANDIDATE to FOLLOWER at term 150 for DISCOVERED_A_NEW_TERM
2019-10-18 12:32:30,876 [67d877d9-ecd0-4b7d-838e-89aa2c4103c0@group-A09C527D8C6F-LeaderElection122] INFO  impl.RoleInfo (RoleInfo.java:shutdownLeaderElection(134)) - 67d877d9-ecd0-4b7d-838e-89aa2c4103c0: shutdown LeaderElection
2019-10-18 12:32:30,876 [67d877d9-ecd0-4b7d-838e-89aa2c4103c0@group-A09C527D8C6F-LeaderElection122] INFO  impl.RoleInfo (RoleInfo.java:updateAndGet(143)) - 67d877d9-ecd0-4b7d-838e-89aa2c4103c0: start FollowerState
2019-10-18 12:32:30,885 [Thread-1150] INFO  impl.FollowerState (FollowerState.java:run(108)) - 67d877d9-ecd0-4b7d-838e-89aa2c4103c0@group-A09C527D8C6F-FollowerState: change to CANDIDATE, lastRpcTime:8ms, electionTimeout:8ms
2019-10-18 12:32:30,885 [Thread-1150] INFO  impl.RoleInfo (RoleInfo.java:shutdownFollowerState(121)) - 67d877d9-ecd0-4b7d-838e-89aa2c4103c0: shutdown FollowerState
2019-10-18 12:32:30,885 [Thread-1150] INFO  impl.RaftServerImpl (RaftServerImpl.java:setRole(184)) - 67d877d9-ecd0-4b7d-838e-89aa2c4103c0@group-A09C527D8C6F: changes role from  FOLLOWER to CANDIDATE at term 150 for changeToCandidate
2019-10-18 12:32:30,885 [Thread-1150] INFO  impl.RoleInfo (RoleInfo.java:updateAndGet(143)) - 67d877d9-ecd0-4b7d-838e-89aa2c4103c0: start LeaderElection
2019-10-18 12:32:30,908 [67d877d9-ecd0-4b7d-838e-89aa2c4103c0@group-A09C527D8C6F-LeaderElection123] INFO  impl.LeaderElection (LeaderElection.java:askForVotes(178)) - 67d877d9-ecd0-4b7d-838e-89aa2c4103c0@group-A09C527D8C6F-LeaderElection123: begin an election at term 151 for -1: [c39ba312-e57f-4b8c-998e-32538a6d88da:192.168.34.56:44039, 67d877d9-ecd0-4b7d-838e-89aa2c4103c0:192.168.34.56:33816, 6af5dfc0-d4d0-48db-9aa9-c45e51549e54:192.168.34.56:32981], old=null
2019-10-18 12:32:30,911 [grpc-default-executor-5] INFO  impl.RaftServerImpl (RaftServerImpl.java:setRole(184)) - 6af5dfc0-d4d0-48db-9aa9-c45e51549e54@group-A09C527D8C6F: changes role from  FOLLOWER to FOLLOWER at term 151 for recognizeCandidate:67d877d9-ecd0-4b7d-838e-89aa2c4103c0
2019-10-18 12:32:30,911 [grpc-default-executor-3] INFO  impl.RaftServerImpl (RaftServerImpl.java:setRole(184)) - c39ba312-e57f-4b8c-998e-32538a6d88da@group-A09C527D8C6F: changes role from  FOLLOWER to FOLLOWER at term 151 for recognizeCandidate:67d877d9-ecd0-4b7d-838e-89aa2c4103c0
2019-10-18 12:32:30,911 [grpc-default-executor-5] INFO  impl.RoleInfo (RoleInfo.java:shutdownFollowerState(121)) - 6af5dfc0-d4d0-48db-9aa9-c45e51549e54: shutdown FollowerState
2019-10-18 12:32:30,912 [grpc-default-executor-3] INFO  impl.RoleInfo (RoleInfo.java:shutdownFollowerState(121)) - c39ba312-e57f-4b8c-998e-32538a6d88da: shutdown FollowerState
2019-10-18 12:32:30,912 [Thread-1146] INFO  impl.FollowerState (FollowerState.java:run(117)) - 6af5dfc0-d4d0-48db-9aa9-c45e51549e54@group-A09C527D8C6F-FollowerState was interrupted: java.lang.InterruptedException: sleep interrupted
2019-10-18 12:32:30,912 [grpc-default-executor-5] INFO  impl.RoleInfo (RoleInfo.java:updateAndGet(143)) - 6af5dfc0-d4d0-48db-9aa9-c45e51549e54: start FollowerState
2019-10-18 12:32:30,912 [Thread-1147] INFO  impl.FollowerState (FollowerState.java:run(117)) - c39ba312-e57f-4b8c-998e-32538a6d88da@group-A09C527D8C6F-FollowerState was interrupted: java.lang.InterruptedException: sleep interrupted
2019-10-18 12:32:30,912 [grpc-default-executor-3] INFO  impl.RoleInfo (RoleInfo.java:updateAndGet(143)) - c39ba312-e57f-4b8c-998e-32538a6d88da: start FollowerState
2019-10-18 12:32:30,951 [67d877d9-ecd0-4b7d-838e-89aa2c4103c0@group-A09C527D8C6F-LeaderElection123] INFO  impl.LeaderElection (LeaderElection.java:logAndReturn(56)) - 67d877d9-ecd0-4b7d-838e-89aa2c4103c0@group-A09C527D8C6F-LeaderElection123: Election REJECTED; received 2 response(s) [67d877d9-ecd0-4b7d-838e-89aa2c4103c0<-c39ba312-e57f-4b8c-998e-32538a6d88da#0:FAIL-t151, 67d877d9-ecd0-4b7d-838e-89aa2c4103c0<-6af5dfc0-d4d0-48db-9aa9-c45e51549e54#0:FAIL-t151] and 0 exception(s); 67d877d9-ecd0-4b7d-838e-89aa2c4103c0@group-A09C527D8C6F:t151, leader=null, voted=67d877d9-ecd0-4b7d-838e-89aa2c4103c0, raftlog=67d877d9-ecd0-4b7d-838e-89aa2c4103c0@group-A09C527D8C6F-SegmentedRaftLog:OPENED:c-1,f-1,i0, conf=-1: [c39ba312-e57f-4b8c-998e-32538a6d88da:192.168.34.56:44039, 67d877d9-ecd0-4b7d-838e-89aa2c4103c0:192.168.34.56:33816, 6af5dfc0-d4d0-48db-9aa9-c45e51549e54:192.168.34.56:32981], old=null
2019-10-18 12:32:30,952 [67d877d9-ecd0-4b7d-838e-89aa2c4103c0@group-A09C527D8C6F-LeaderElection123] INFO  impl.RaftServerImpl (RaftServerImpl.java:setRole(184)) - 67d877d9-ecd0-4b7d-838e-89aa2c4103c0@group-A09C527D8C6F: changes role from CANDIDATE to FOLLOWER at term 151 for DISCOVERED_A_NEW_TERM
2019-10-18 12:32:30,952 [67d877d9-ecd0-4b7d-838e-89aa2c4103c0@group-A09C527D8C6F-LeaderElection123] INFO  impl.RoleInfo (RoleInfo.java:shutdownLeaderElection(134)) - 67d877d9-ecd0-4b7d-838e-89aa2c4103c0: shutdown LeaderElection
2019-10-18 12:32:30,952 [67d877d9-ecd0-4b7d-838e-89aa2c4103c0@group-A09C527D8C6F-LeaderElection123] INFO  impl.RoleInfo (RoleInfo.java:updateAndGet(143)) - 67d877d9-ecd0-4b7d-838e-89aa2c4103c0: start FollowerState
2019-10-18 12:32:31,092 [Thread-1156] INFO  impl.FollowerState (FollowerState.java:run(108)) - 67d877d9-ecd0-4b7d-838e-89aa2c4103c0@group-A09C527D8C6F-FollowerState: change to CANDIDATE, lastRpcTime:140ms, electionTimeout:140ms
2019-10-18 12:32:31,093 [Thread-1156] INFO  impl.RoleInfo (RoleInfo.java:shutdownFollowerState(121)) - 67d877d9-ecd0-4b7d-838e-89aa2c4103c0: shutdown FollowerState
2019-10-18 12:32:31,093 [Thread-1156] INFO  impl.RaftServerImpl (RaftServerImpl.java:setRole(184)) - 67d877d9-ecd0-4b7d-838e-89aa2c4103c0@group-A09C527D8C6F: changes role from  FOLLOWER to CANDIDATE at term 151 for changeToCandidate
2019-10-18 12:32:31,093 [Thread-1156] INFO  impl.RoleInfo (RoleInfo.java:updateAndGet(143)) - 67d877d9-ecd0-4b7d-838e-89aa2c4103c0: start LeaderElection
2019-10-18 12:32:31,118 [67d877d9-ecd0-4b7d-838e-89aa2c4103c0@group-A09C527D8C6F-LeaderElection124] INFO  impl.LeaderElection (LeaderElection.java:askForVotes(178)) - 67d877d9-ecd0-4b7d-838e-89aa2c4103c0@group-A09C527D8C6F-LeaderElection124: begin an election at term 152 for -1: [c39ba312-e57f-4b8c-998e-32538a6d88da:192.168.34.56:44039, 67d877d9-ecd0-4b7d-838e-89aa2c4103c0:192.168.34.56:33816, 6af5dfc0-d4d0-48db-9aa9-c45e51549e54:192.168.34.56:32981], old=null
2019-10-18 12:32:31,121 [grpc-default-executor-3] INFO  impl.RaftServerImpl (RaftServerImpl.java:setRole(184)) - c39ba312-e57f-4b8c-998e-32538a6d88da@group-A09C527D8C6F: changes role from  FOLLOWER to FOLLOWER at term 152 for recognizeCandidate:67d877d9-ecd0-4b7d-838e-89aa2c4103c0
2019-10-18 12:32:31,121 [grpc-default-executor-3] INFO  impl.RoleInfo (RoleInfo.java:shutdownFollowerState(121)) - c39ba312-e57f-4b8c-998e-32538a6d88da: shutdown FollowerState
2019-10-18 12:32:31,121 [grpc-default-executor-5] INFO  impl.RaftServerImpl (RaftServerImpl.java:setRole(184)) - 6af5dfc0-d4d0-48db-9aa9-c45e51549e54@group-A09C527D8C6F: changes role from  FOLLOWER to FOLLOWER at term 152 for recognizeCandidate:67d877d9-ecd0-4b7d-838e-89aa2c4103c0
2019-10-18 12:32:31,121 [Thread-1155] INFO  impl.FollowerState (FollowerState.java:run(117)) - c39ba312-e57f-4b8c-998e-32538a6d88da@group-A09C527D8C6F-FollowerState was interrupted: java.lang.InterruptedException: sleep interrupted
2019-10-18 12:32:31,121 [grpc-default-executor-3] INFO  impl.RoleInfo (RoleInfo.java:updateAndGet(143)) - c39ba312-e57f-4b8c-998e-32538a6d88da: start FollowerState
2019-10-18 12:32:31,121 [grpc-default-executor-5] INFO  impl.RoleInfo (RoleInfo.java:shutdownFollowerState(121)) - 6af5dfc0-d4d0-48db-9aa9-c45e51549e54: shutdown FollowerState
2019-10-18 12:32:31,122 [grpc-default-executor-5] INFO  impl.RoleInfo (RoleInfo.java:updateAndGet(143)) - 6af5dfc0-d4d0-48db-9aa9-c45e51549e54: start FollowerState
2019-10-18 12:32:31,122 [Thread-1154] INFO  impl.FollowerState (FollowerState.java:run(117)) - 6af5dfc0-d4d0-48db-9aa9-c45e51549e54@group-A09C527D8C6F-FollowerState was interrupted: java.lang.InterruptedException: sleep interrupted
2019-10-18 12:32:31,144 [67d877d9-ecd0-4b7d-838e-89aa2c4103c0@group-A09C527D8C6F-LeaderElection124] INFO  impl.LeaderElection (LeaderElection.java:logAndReturn(56)) - 67d877d9-ecd0-4b7d-838e-89aa2c4103c0@group-A09C527D8C6F-LeaderElection124: Election REJECTED; received 2 response(s) [67d877d9-ecd0-4b7d-838e-89aa2c4103c0<-c39ba312-e57f-4b8c-998e-32538a6d88da#0:FAIL-t152, 67d877d9-ecd0-4b7d-838e-89aa2c4103c0<-6af5dfc0-d4d0-48db-9aa9-c45e51549e54#0:FAIL-t152] and 0 exception(s); 67d877d9-ecd0-4b7d-838e-89aa2c4103c0@group-A09C527D8C6F:t152, leader=null, voted=67d877d9-ecd0-4b7d-838e-89aa2c4103c0, raftlog=67d877d9-ecd0-4b7d-838e-89aa2c4103c0@group-A09C527D8C6F-SegmentedRaftLog:OPENED:c-1,f-1,i0, conf=-1: [c39ba312-e57f-4b8c-998e-32538a6d88da:192.168.34.56:44039, 67d877d9-ecd0-4b7d-838e-89aa2c4103c0:192.168.34.56:33816, 6af5dfc0-d4d0-48db-9aa9-c45e51549e54:192.168.34.56:32981], old=null
2019-10-18 12:32:31,144 [67d877d9-ecd0-4b7d-838e-89aa2c4103c0@group-A09C527D8C6F-LeaderElection124] INFO  impl.RaftServerImpl (RaftServerImpl.java:setRole(184)) - 67d877d9-ecd0-4b7d-838e-89aa2c4103c0@group-A09C527D8C6F: changes role from CANDIDATE to FOLLOWER at term 152 for DISCOVERED_A_NEW_TERM
2019-10-18 12:32:31,144 [67d877d9-ecd0-4b7d-838e-89aa2c4103c0@group-A09C527D8C6F-LeaderElection124] INFO  impl.RoleInfo (RoleInfo.java:shutdownLeaderElection(134)) - 67d877d9-ecd0-4b7d-838e-89aa2c4103c0: shutdown LeaderElection
2019-10-18 12:32:31,145 [67d877d9-ecd0-4b7d-838e-89aa2c4103c0@group-A09C527D8C6F-LeaderElection124] INFO  impl.RoleInfo (RoleInfo.java:updateAndGet(143)) - 67d877d9-ecd0-4b7d-838e-89aa2c4103c0: start FollowerState
2019-10-18 12:32:31,301 [Thread-1162] INFO  impl.FollowerState (FollowerState.java:run(108)) - 67d877d9-ecd0-4b7d-838e-89aa2c4103c0@group-A09C527D8C6F-FollowerState: change to CANDIDATE, lastRpcTime:156ms, electionTimeout:156ms
2019-10-18 12:32:31,301 [Thread-1162] INFO  impl.RoleInfo (RoleInfo.java:shutdownFollowerState(121)) - 67d877d9-ecd0-4b7d-838e-89aa2c4103c0: shutdown FollowerState
2019-10-18 12:32:31,301 [Thread-1162] INFO  impl.RaftServerImpl (RaftServerImpl.java:setRole(184)) - 67d877d9-ecd0-4b7d-838e-89aa2c4103c0@group-A09C527D8C6F: changes role from  FOLLOWER to CANDIDATE at term 152 for changeToCandidate
2019-10-18 12:32:31,302 [Thread-1162] INFO  impl.RoleInfo (RoleInfo.java:updateAndGet(143)) - 67d877d9-ecd0-4b7d-838e-89aa2c4103c0: start LeaderElection
2019-10-18 12:32:31,327 [67d877d9-ecd0-4b7d-838e-89aa2c4103c0@group-A09C527D8C6F-LeaderElection125] INFO  impl.LeaderElection (LeaderElection.java:askForVotes(178)) - 67d877d9-ecd0-4b7d-838e-89aa2c4103c0@group-A09C527D8C6F-LeaderElection125: begin an election at term 153 for -1: [c39ba312-e57f-4b8c-998e-32538a6d88da:192.168.34.56:44039, 67d877d9-ecd0-4b7d-838e-89aa2c4103c0:192.168.34.56:33816, 6af5dfc0-d4d0-48db-9aa9-c45e51549e54:192.168.34.56:32981], old=null
2019-10-18 12:32:31,329 [grpc-default-executor-3] INFO  impl.RaftServerImpl (RaftServerImpl.java:setRole(184)) - c39ba312-e57f-4b8c-998e-32538a6d88da@group-A09C527D8C6F: changes role from  FOLLOWER to FOLLOWER at term 153 for recognizeCandidate:67d877d9-ecd0-4b7d-838e-89aa2c4103c0
2019-10-18 12:32:31,330 [grpc-default-executor-3] INFO  impl.RoleInfo (RoleInfo.java:shutdownFollowerState(121)) - c39ba312-e57f-4b8c-998e-32538a6d88da: shutdown FollowerState
2019-10-18 12:32:31,330 [grpc-default-executor-5] INFO  impl.RaftServerImpl (RaftServerImpl.java:setRole(184)) - 6af5dfc0-d4d0-48db-9aa9-c45e51549e54@group-A09C527D8C6F: changes role from  FOLLOWER to FOLLOWER at term 153 for recognizeCandidate:67d877d9-ecd0-4b7d-838e-89aa2c4103c0
2019-10-18 12:32:31,330 [grpc-default-executor-5] INFO  impl.RoleInfo (RoleInfo.java:shutdownFollowerState(121)) - 6af5dfc0-d4d0-48db-9aa9-c45e51549e54: shutdown FollowerState
2019-10-18 12:32:31,330 [Thread-1160] INFO  impl.FollowerState (FollowerState.java:run(117)) - c39ba312-e57f-4b8c-998e-32538a6d88da@group-A09C527D8C6F-FollowerState was interrupted: java.lang.InterruptedException: sleep interrupted
2019-10-18 12:32:31,330 [grpc-default-executor-3] INFO  impl.RoleInfo (RoleInfo.java:updateAndGet(143)) - c39ba312-e57f-4b8c-998e-32538a6d88da: start FollowerState
2019-10-18 12:32:31,330 [Thread-1161] INFO  impl.FollowerState (FollowerState.java:run(117)) - 6af5dfc0-d4d0-48db-9aa9-c45e51549e54@group-A09C527D8C6F-FollowerState was interrupted: java.lang.InterruptedException: sleep interrupted
2019-10-18 12:32:31,330 [grpc-default-executor-5] INFO  impl.RoleInfo (RoleInfo.java:updateAndGet(143)) - 6af5dfc0-d4d0-48db-9aa9-c45e51549e54: start FollowerState
2019-10-18 12:32:31,353 [67d877d9-ecd0-4b7d-838e-89aa2c4103c0@group-A09C527D8C6F-LeaderElection125] INFO  impl.LeaderElection (LeaderElection.java:logAndReturn(56)) - 67d877d9-ecd0-4b7d-838e-89aa2c4103c0@group-A09C527D8C6F-LeaderElection125: Election REJECTED; received 2 response(s) [67d877d9-ecd0-4b7d-838e-89aa2c4103c0<-c39ba312-e57f-4b8c-998e-32538a6d88da#0:FAIL-t153, 67d877d9-ecd0-4b7d-838e-89aa2c4103c0<-6af5dfc0-d4d0-48db-9aa9-c45e51549e54#0:FAIL-t153] and 0 exception(s); 67d877d9-ecd0-4b7d-838e-89aa2c4103c0@group-A09C527D8C6F:t153, leader=null, voted=67d877d9-ecd0-4b7d-838e-89aa2c4103c0, raftlog=67d877d9-ecd0-4b7d-838e-89aa2c4103c0@group-A09C527D8C6F-SegmentedRaftLog:OPENED:c-1,f-1,i0, conf=-1: [c39ba312-e57f-4b8c-998e-32538a6d88da:192.168.34.56:44039, 67d877d9-ecd0-4b7d-838e-89aa2c4103c0:192.168.34.56:33816, 6af5dfc0-d4d0-48db-9aa9-c45e51549e54:192.168.34.56:32981], old=null
2019-10-18 12:32:31,353 [67d877d9-ecd0-4b7d-838e-89aa2c4103c0@group-A09C527D8C6F-LeaderElection125] INFO  impl.RaftServerImpl (RaftServerImpl.java:setRole(184)) - 67d877d9-ecd0-4b7d-838e-89aa2c4103c0@group-A09C527D8C6F: changes role from CANDIDATE to FOLLOWER at term 153 for DISCOVERED_A_NEW_TERM
2019-10-18 12:32:31,354 [67d877d9-ecd0-4b7d-838e-89aa2c4103c0@group-A09C527D8C6F-LeaderElection125] INFO  impl.RoleInfo (RoleInfo.java:shutdownLeaderElection(134)) - 67d877d9-ecd0-4b7d-838e-89aa2c4103c0: shutdown LeaderElection
2019-10-18 12:32:31,354 [67d877d9-ecd0-4b7d-838e-89aa2c4103c0@group-A09C527D8C6F-LeaderElection125] INFO  impl.RoleInfo (RoleInfo.java:updateAndGet(143)) - 67d877d9-ecd0-4b7d-838e-89aa2c4103c0: start FollowerState
2019-10-18 12:32:31,460 [Thread-1168] INFO  impl.FollowerState (FollowerState.java:run(108)) - 67d877d9-ecd0-4b7d-838e-89aa2c4103c0@group-A09C527D8C6F-FollowerState: change to CANDIDATE, lastRpcTime:106ms, electionTimeout:106ms
2019-10-18 12:32:31,461 [Thread-1168] INFO  impl.RoleInfo (RoleInfo.java:shutdownFollowerState(121)) - 67d877d9-ecd0-4b7d-838e-89aa2c4103c0: shutdown FollowerState
2019-10-18 12:32:31,461 [Thread-1168] INFO  impl.RaftServerImpl (RaftServerImpl.java:setRole(184)) - 67d877d9-ecd0-4b7d-838e-89aa2c4103c0@group-A09C527D8C6F: changes role from  FOLLOWER to CANDIDATE at term 153 for changeToCandidate
2019-10-18 12:32:31,461 [Thread-1168] INFO  impl.RoleInfo (RoleInfo.java:updateAndGet(143)) - 67d877d9-ecd0-4b7d-838e-89aa2c4103c0: start LeaderElection
2019-10-18 12:32:31,486 [67d877d9-ecd0-4b7d-838e-89aa2c4103c0@group-A09C527D8C6F-LeaderElection126] INFO  impl.LeaderElection (LeaderElection.java:askForVotes(178)) - 67d877d9-ecd0-4b7d-838e-89aa2c4103c0@group-A09C527D8C6F-LeaderElection126: begin an election at term 154 for -1: [c39ba312-e57f-4b8c-998e-32538a6d88da:192.168.34.56:44039, 67d877d9-ecd0-4b7d-838e-89aa2c4103c0:192.168.34.56:33816, 6af5dfc0-d4d0-48db-9aa9-c45e51549e54:192.168.34.56:32981], old=null
2019-10-18 12:32:31,488 [grpc-default-executor-3] INFO  impl.RaftServerImpl (RaftServerImpl.java:setRole(184)) - c39ba312-e57f-4b8c-998e-32538a6d88da@group-A09C527D8C6F: changes role from  FOLLOWER to FOLLOWER at term 154 for recognizeCandidate:67d877d9-ecd0-4b7d-838e-89aa2c4103c0
2019-10-18 12:32:31,488 [grpc-default-executor-5] INFO  impl.RaftServerImpl (RaftServerImpl.java:setRole(184)) - 6af5dfc0-d4d0-48db-9aa9-c45e51549e54@group-A09C527D8C6F: changes role from  FOLLOWER to FOLLOWER at term 154 for recognizeCandidate:67d877d9-ecd0-4b7d-838e-89aa2c4103c0
2019-10-18 12:32:31,488 [grpc-default-executor-3] INFO  impl.RoleInfo (RoleInfo.java:shutdownFollowerState(121)) - c39ba312-e57f-4b8c-998e-32538a6d88da: shutdown FollowerState
2019-10-18 12:32:31,489 [grpc-default-executor-5] INFO  impl.RoleInfo (RoleInfo.java:shutdownFollowerState(121)) - 6af5dfc0-d4d0-48db-9aa9-c45e51549e54: shutdown FollowerState
2019-10-18 12:32:31,489 [grpc-default-executor-3] INFO  impl.RoleInfo (RoleInfo.java:updateAndGet(143)) - c39ba312-e57f-4b8c-998e-32538a6d88da: start FollowerState
2019-10-18 12:32:31,489 [grpc-default-executor-5] INFO  impl.RoleInfo (RoleInfo.java:updateAndGet(143)) - 6af5dfc0-d4d0-48db-9aa9-c45e51549e54: start FollowerState
2019-10-18 12:32:31,489 [Thread-1166] INFO  impl.FollowerState (FollowerState.java:run(117)) - c39ba312-e57f-4b8c-998e-32538a6d88da@group-A09C527D8C6F-FollowerState was interrupted: java.lang.InterruptedException: sleep interrupted
2019-10-18 12:32:31,489 [Thread-1167] INFO  impl.FollowerState (FollowerState.java:run(117)) - 6af5dfc0-d4d0-48db-9aa9-c45e51549e54@group-A09C527D8C6F-FollowerState was interrupted: java.lang.InterruptedException: sleep interrupted
2019-10-18 12:32:31,512 [67d877d9-ecd0-4b7d-838e-89aa2c4103c0@group-A09C527D8C6F-LeaderElection126] INFO  impl.LeaderElection (LeaderElection.java:logAndReturn(56)) - 67d877d9-ecd0-4b7d-838e-89aa2c4103c0@group-A09C527D8C6F-LeaderElection126: Election REJECTED; received 2 response(s) [67d877d9-ecd0-4b7d-838e-89aa2c4103c0<-c39ba312-e57f-4b8c-998e-32538a6d88da#0:FAIL-t154, 67d877d9-ecd0-4b7d-838e-89aa2c4103c0<-6af5dfc0-d4d0-48db-9aa9-c45e51549e54#0:FAIL-t154] and 0 exception(s); 67d877d9-ecd0-4b7d-838e-89aa2c4103c0@group-A09C527D8C6F:t154, leader=null, voted=67d877d9-ecd0-4b7d-838e-89aa2c4103c0, raftlog=67d877d9-ecd0-4b7d-838e-89aa2c4103c0@group-A09C527D8C6F-SegmentedRaftLog:OPENED:c-1,f-1,i0, conf=-1: [c39ba312-e57f-4b8c-998e-32538a6d88da:192.168.34.56:44039, 67d877d9-ecd0-4b7d-838e-89aa2c4103c0:192.168.34.56:33816, 6af5dfc0-d4d0-48db-9aa9-c45e51549e54:192.168.34.56:32981], old=null
2019-10-18 12:32:31,512 [67d877d9-ecd0-4b7d-838e-89aa2c4103c0@group-A09C527D8C6F-LeaderElection126] INFO  impl.RaftServerImpl (RaftServerImpl.java:setRole(184)) - 67d877d9-ecd0-4b7d-838e-89aa2c4103c0@group-A09C527D8C6F: changes role from CANDIDATE to FOLLOWER at term 154 for DISCOVERED_A_NEW_TERM
2019-10-18 12:32:31,512 [67d877d9-ecd0-4b7d-838e-89aa2c4103c0@group-A09C527D8C6F-LeaderElection126] INFO  impl.RoleInfo (RoleInfo.java:shutdownLeaderElection(134)) - 67d877d9-ecd0-4b7d-838e-89aa2c4103c0: shutdown LeaderElection
2019-10-18 12:32:31,513 [67d877d9-ecd0-4b7d-838e-89aa2c4103c0@group-A09C527D8C6F-LeaderElection126] INFO  impl.RoleInfo (RoleInfo.java:updateAndGet(143)) - 67d877d9-ecd0-4b7d-838e-89aa2c4103c0: start FollowerState
2019-10-18 12:32:31,579 [Thread-1174] INFO  impl.FollowerState (FollowerState.java:run(108)) - 67d877d9-ecd0-4b7d-838e-89aa2c4103c0@group-A09C527D8C6F-FollowerState: change to CANDIDATE, lastRpcTime:66ms, electionTimeout:66ms
2019-10-18 12:32:31,579 [Thread-1174] INFO  impl.RoleInfo (RoleInfo.java:shutdownFollowerState(121)) - 67d877d9-ecd0-4b7d-838e-89aa2c4103c0: shutdown FollowerState
2019-10-18 12:32:31,579 [Thread-1174] INFO  impl.RaftServerImpl (RaftServerImpl.java:setRole(184)) - 67d877d9-ecd0-4b7d-838e-89aa2c4103c0@group-A09C527D8C6F: changes role from  FOLLOWER to CANDIDATE at term 154 for changeToCandidate
2019-10-18 12:32:31,580 [Thread-1174] INFO  impl.RoleInfo (RoleInfo.java:updateAndGet(143)) - 67d877d9-ecd0-4b7d-838e-89aa2c4103c0: start LeaderElection
2019-10-18 12:32:31,603 [67d877d9-ecd0-4b7d-838e-89aa2c4103c0@group-A09C527D8C6F-LeaderElection127] INFO  impl.LeaderElection (LeaderElection.java:askForVotes(178)) - 67d877d9-ecd0-4b7d-838e-89aa2c4103c0@group-A09C527D8C6F-LeaderElection127: begin an election at term 155 for -1: [c39ba312-e57f-4b8c-998e-32538a6d88da:192.168.34.56:44039, 67d877d9-ecd0-4b7d-838e-89aa2c4103c0:192.168.34.56:33816, 6af5dfc0-d4d0-48db-9aa9-c45e51549e54:192.168.34.56:32981], old=null
2019-10-18 12:32:31,606 [grpc-default-executor-5] INFO  impl.RaftServerImpl (RaftServerImpl.java:setRole(184)) - 6af5dfc0-d4d0-48db-9aa9-c45e51549e54@group-A09C527D8C6F: changes role from  FOLLOWER to FOLLOWER at term 155 for recognizeCandidate:67d877d9-ecd0-4b7d-838e-89aa2c4103c0
2019-10-18 12:32:31,606 [grpc-default-executor-3] INFO  impl.RaftServerImpl (RaftServerImpl.java:setRole(184)) - c39ba312-e57f-4b8c-998e-32538a6d88da@group-A09C527D8C6F: changes role from  FOLLOWER to FOLLOWER at term 155 for recognizeCandidate:67d877d9-ecd0-4b7d-838e-89aa2c4103c0
2019-10-18 12:32:31,606 [grpc-default-executor-5] INFO  impl.RoleInfo (RoleInfo.java:shutdownFollowerState(121)) - 6af5dfc0-d4d0-48db-9aa9-c45e51549e54: shutdown FollowerState
2019-10-18 12:32:31,606 [grpc-default-executor-3] INFO  impl.RoleInfo (RoleInfo.java:shutdownFollowerState(121)) - c39ba312-e57f-4b8c-998e-32538a6d88da: shutdown FollowerState
2019-10-18 12:32:31,606 [Thread-1173] INFO  impl.FollowerState (FollowerState.java:run(117)) - 6af5dfc0-d4d0-48db-9aa9-c45e51549e54@group-A09C527D8C6F-FollowerState was interrupted: java.lang.InterruptedException: sleep interrupted
2019-10-18 12:32:31,606 [grpc-default-executor-5] INFO  impl.RoleInfo (RoleInfo.java:updateAndGet(143)) - 6af5dfc0-d4d0-48db-9aa9-c45e51549e54: start FollowerState
2019-10-18 12:32:31,607 [Thread-1172] INFO  impl.FollowerState (FollowerState.java:run(117)) - c39ba312-e57f-4b8c-998e-32538a6d88da@group-A09C527D8C6F-FollowerState was interrupted: java.lang.InterruptedException: sleep interrupted
2019-10-18 12:32:31,606 [grpc-default-executor-3] INFO  impl.RoleInfo (RoleInfo.java:updateAndGet(143)) - c39ba312-e57f-4b8c-998e-32538a6d88da: start FollowerState
2019-10-18 12:32:31,630 [67d877d9-ecd0-4b7d-838e-89aa2c4103c0@group-A09C527D8C6F-LeaderElection127] INFO  impl.LeaderElection (LeaderElection.java:logAndReturn(56)) - 67d877d9-ecd0-4b7d-838e-89aa2c4103c0@group-A09C527D8C6F-LeaderElection127: Election REJECTED; received 2 response(s) [67d877d9-ecd0-4b7d-838e-89aa2c4103c0<-c39ba312-e57f-4b8c-998e-32538a6d88da#0:FAIL-t155, 67d877d9-ecd0-4b7d-838e-89aa2c4103c0<-6af5dfc0-d4d0-48db-9aa9-c45e51549e54#0:FAIL-t155] and 0 exception(s); 67d877d9-ecd0-4b7d-838e-89aa2c4103c0@group-A09C527D8C6F:t155, leader=null, voted=67d877d9-ecd0-4b7d-838e-89aa2c4103c0, raftlog=67d877d9-ecd0-4b7d-838e-89aa2c4103c0@group-A09C527D8C6F-SegmentedRaftLog:OPENED:c-1,f-1,i0, conf=-1: [c39ba312-e57f-4b8c-998e-32538a6d88da:192.168.34.56:44039, 67d877d9-ecd0-4b7d-838e-89aa2c4103c0:192.168.34.56:33816, 6af5dfc0-d4d0-48db-9aa9-c45e51549e54:192.168.34.56:32981], old=null
2019-10-18 12:32:31,630 [67d877d9-ecd0-4b7d-838e-89aa2c4103c0@group-A09C527D8C6F-LeaderElection127] INFO  impl.RaftServerImpl (RaftServerImpl.java:setRole(184)) - 67d877d9-ecd0-4b7d-838e-89aa2c4103c0@group-A09C527D8C6F: changes role from CANDIDATE to FOLLOWER at term 155 for DISCOVERED_A_NEW_TERM
2019-10-18 12:32:31,630 [67d877d9-ecd0-4b7d-838e-89aa2c4103c0@group-A09C527D8C6F-LeaderElection127] INFO  impl.RoleInfo (RoleInfo.java:shutdownLeaderElection(134)) - 67d877d9-ecd0-4b7d-838e-89aa2c4103c0: shutdown LeaderElection
2019-10-18 12:32:31,630 [67d877d9-ecd0-4b7d-838e-89aa2c4103c0@group-A09C527D8C6F-LeaderElection127] INFO  impl.RoleInfo (RoleInfo.java:updateAndGet(143)) - 67d877d9-ecd0-4b7d-838e-89aa2c4103c0: start FollowerState
2019-10-18 12:32:31,641 [Thread-1180] INFO  impl.FollowerState (FollowerState.java:run(108)) - 67d877d9-ecd0-4b7d-838e-89aa2c4103c0@group-A09C527D8C6F-FollowerState: change to CANDIDATE, lastRpcTime:11ms, electionTimeout:11ms
2019-10-18 12:32:31,642 [Thread-1180] INFO  impl.RoleInfo (RoleInfo.java:shutdownFollowerState(121)) - 67d877d9-ecd0-4b7d-838e-89aa2c4103c0: shutdown FollowerState
2019-10-18 12:32:31,642 [Thread-1180] INFO  impl.RaftServerImpl (RaftServerImpl.java:setRole(184)) - 67d877d9-ecd0-4b7d-838e-89aa2c4103c0@group-A09C527D8C6F: changes role from  FOLLOWER to CANDIDATE at term 155 for changeToCandidate
2019-10-18 12:32:31,642 [Thread-1180] INFO  impl.RoleInfo (RoleInfo.java:updateAndGet(143)) - 67d877d9-ecd0-4b7d-838e-89aa2c4103c0: start LeaderElection
2019-10-18 12:32:31,671 [67d877d9-ecd0-4b7d-838e-89aa2c4103c0@group-A09C527D8C6F-LeaderElection128] INFO  impl.LeaderElection (LeaderElection.java:askForVotes(178)) - 67d877d9-ecd0-4b7d-838e-89aa2c4103c0@group-A09C527D8C6F-LeaderElection128: begin an election at term 156 for -1: [c39ba312-e57f-4b8c-998e-32538a6d88da:192.168.34.56:44039, 67d877d9-ecd0-4b7d-838e-89aa2c4103c0:192.168.34.56:33816, 6af5dfc0-d4d0-48db-9aa9-c45e51549e54:192.168.34.56:32981], old=null
2019-10-18 12:32:31,673 [grpc-default-executor-3] INFO  impl.RaftServerImpl (RaftServerImpl.java:setRole(184)) - c39ba312-e57f-4b8c-998e-32538a6d88da@group-A09C527D8C6F: changes role from  FOLLOWER to FOLLOWER at term 156 for recognizeCandidate:67d877d9-ecd0-4b7d-838e-89aa2c4103c0
2019-10-18 12:32:31,674 [grpc-default-executor-3] INFO  impl.RoleInfo (RoleInfo.java:shutdownFollowerState(121)) - c39ba312-e57f-4b8c-998e-32538a6d88da: shutdown FollowerState
2019-10-18 12:32:31,674 [grpc-default-executor-3] INFO  impl.RoleInfo (RoleInfo.java:updateAndGet(143)) - c39ba312-e57f-4b8c-998e-32538a6d88da: start FollowerState
2019-10-18 12:32:31,674 [grpc-default-executor-5] INFO  impl.RaftServerImpl (RaftServerImpl.java:setRole(184)) - 6af5dfc0-d4d0-48db-9aa9-c45e51549e54@group-A09C527D8C6F: changes role from  FOLLOWER to FOLLOWER at term 156 for recognizeCandidate:67d877d9-ecd0-4b7d-838e-89aa2c4103c0
2019-10-18 12:32:31,674 [Thread-1179] INFO  impl.FollowerState (FollowerState.java:run(117)) - c39ba312-e57f-4b8c-998e-32538a6d88da@group-A09C527D8C6F-FollowerState was interrupted: java.lang.InterruptedException: sleep interrupted
2019-10-18 12:32:31,674 [grpc-default-executor-5] INFO  impl.RoleInfo (RoleInfo.java:shutdownFollowerState(121)) - 6af5dfc0-d4d0-48db-9aa9-c45e51549e54: shutdown FollowerState
2019-10-18 12:32:31,674 [grpc-default-executor-5] INFO  impl.RoleInfo (RoleInfo.java:updateAndGet(143)) - 6af5dfc0-d4d0-48db-9aa9-c45e51549e54: start FollowerState
2019-10-18 12:32:31,675 [Thread-1178] INFO  impl.FollowerState (FollowerState.java:run(117)) - 6af5dfc0-d4d0-48db-9aa9-c45e51549e54@group-A09C527D8C6F-FollowerState was interrupted: java.lang.InterruptedException: sleep interrupted
2019-10-18 12:32:31,697 [67d877d9-ecd0-4b7d-838e-89aa2c4103c0@group-A09C527D8C6F-LeaderElection128] INFO  impl.LeaderElection (LeaderElection.java:logAndReturn(56)) - 67d877d9-ecd0-4b7d-838e-89aa2c4103c0@group-A09C527D8C6F-LeaderElection128: Election REJECTED; received 2 response(s) [67d877d9-ecd0-4b7d-838e-89aa2c4103c0<-c39ba312-e57f-4b8c-998e-32538a6d88da#0:FAIL-t156, 67d877d9-ecd0-4b7d-838e-89aa2c4103c0<-6af5dfc0-d4d0-48db-9aa9-c45e51549e54#0:FAIL-t156] and 0 exception(s); 67d877d9-ecd0-4b7d-838e-89aa2c4103c0@group-A09C527D8C6F:t156, leader=null, voted=67d877d9-ecd0-4b7d-838e-89aa2c4103c0, raftlog=67d877d9-ecd0-4b7d-838e-89aa2c4103c0@group-A09C527D8C6F-SegmentedRaftLog:OPENED:c-1,f-1,i0, conf=-1: [c39ba312-e57f-4b8c-998e-32538a6d88da:192.168.34.56:44039, 67d877d9-ecd0-4b7d-838e-89aa2c4103c0:192.168.34.56:33816, 6af5dfc0-d4d0-48db-9aa9-c45e51549e54:192.168.34.56:32981], old=null
2019-10-18 12:32:31,698 [67d877d9-ecd0-4b7d-838e-89aa2c4103c0@group-A09C527D8C6F-LeaderElection128] INFO  impl.RaftServerImpl (RaftServerImpl.java:setRole(184)) - 67d877d9-ecd0-4b7d-838e-89aa2c4103c0@group-A09C527D8C6F: changes role from CANDIDATE to FOLLOWER at term 156 for DISCOVERED_A_NEW_TERM
2019-10-18 12:32:31,698 [67d877d9-ecd0-4b7d-838e-89aa2c4103c0@group-A09C527D8C6F-LeaderElection128] INFO  impl.RoleInfo (RoleInfo.java:shutdownLeaderElection(134)) - 67d877d9-ecd0-4b7d-838e-89aa2c4103c0: shutdown LeaderElection
2019-10-18 12:32:31,698 [67d877d9-ecd0-4b7d-838e-89aa2c4103c0@group-A09C527D8C6F-LeaderElection128] INFO  impl.RoleInfo (RoleInfo.java:updateAndGet(143)) - 67d877d9-ecd0-4b7d-838e-89aa2c4103c0: start FollowerState
2019-10-18 12:32:31,829 [Thread-1186] INFO  impl.FollowerState (FollowerState.java:run(108)) - 67d877d9-ecd0-4b7d-838e-89aa2c4103c0@group-A09C527D8C6F-FollowerState: change to CANDIDATE, lastRpcTime:131ms, electionTimeout:131ms
2019-10-18 12:32:31,830 [Thread-1186] INFO  impl.RoleInfo (RoleInfo.java:shutdownFollowerState(121)) - 67d877d9-ecd0-4b7d-838e-89aa2c4103c0: shutdown FollowerState
2019-10-18 12:32:31,830 [Thread-1186] INFO  impl.RaftServerImpl (RaftServerImpl.java:setRole(184)) - 67d877d9-ecd0-4b7d-838e-89aa2c4103c0@group-A09C527D8C6F: changes role from  FOLLOWER to CANDIDATE at term 156 for changeToCandidate
2019-10-18 12:32:31,830 [Thread-1186] INFO  impl.RoleInfo (RoleInfo.java:updateAndGet(143)) - 67d877d9-ecd0-4b7d-838e-89aa2c4103c0: start LeaderElection
2019-10-18 12:32:31,856 [67d877d9-ecd0-4b7d-838e-89aa2c4103c0@group-A09C527D8C6F-LeaderElection129] INFO  impl.LeaderElection (LeaderElection.java:askForVotes(178)) - 67d877d9-ecd0-4b7d-838e-89aa2c4103c0@group-A09C527D8C6F-LeaderElection129: begin an election at term 157 for -1: [c39ba312-e57f-4b8c-998e-32538a6d88da:192.168.34.56:44039, 67d877d9-ecd0-4b7d-838e-89aa2c4103c0:192.168.34.56:33816, 6af5dfc0-d4d0-48db-9aa9-c45e51549e54:192.168.34.56:32981], old=null
2019-10-18 12:32:31,859 [grpc-default-executor-3] INFO  impl.RaftServerImpl (RaftServerImpl.java:setRole(184)) - 6af5dfc0-d4d0-48db-9aa9-c45e51549e54@group-A09C527D8C6F: changes role from  FOLLOWER to FOLLOWER at term 157 for recognizeCandidate:67d877d9-ecd0-4b7d-838e-89aa2c4103c0
2019-10-18 12:32:31,859 [grpc-default-executor-5] INFO  impl.RaftServerImpl (RaftServerImpl.java:setRole(184)) - c39ba312-e57f-4b8c-998e-32538a6d88da@group-A09C527D8C6F: changes role from  FOLLOWER to FOLLOWER at term 157 for recognizeCandidate:67d877d9-ecd0-4b7d-838e-89aa2c4103c0
2019-10-18 12:32:31,859 [grpc-default-executor-3] INFO  impl.RoleInfo (RoleInfo.java:shutdownFollowerState(121)) - 6af5dfc0-d4d0-48db-9aa9-c45e51549e54: shutdown FollowerState
2019-10-18 12:32:31,859 [grpc-default-executor-5] INFO  impl.RoleInfo (RoleInfo.java:shutdownFollowerState(121)) - c39ba312-e57f-4b8c-998e-32538a6d88da: shutdown FollowerState
2019-10-18 12:32:31,860 [grpc-default-executor-3] INFO  impl.RoleInfo (RoleInfo.java:updateAndGet(143)) - 6af5dfc0-d4d0-48db-9aa9-c45e51549e54: start FollowerState
2019-10-18 12:32:31,860 [Thread-1184] INFO  impl.FollowerState (FollowerState.java:run(117)) - c39ba312-e57f-4b8c-998e-32538a6d88da@group-A09C527D8C6F-FollowerState was interrupted: java.lang.InterruptedException: sleep interrupted
2019-10-18 12:32:31,860 [Thread-1185] INFO  impl.FollowerState (FollowerState.java:run(117)) - 6af5dfc0-d4d0-48db-9aa9-c45e51549e54@group-A09C527D8C6F-FollowerState was interrupted: java.lang.InterruptedException: sleep interrupted
2019-10-18 12:32:31,860 [grpc-default-executor-5] INFO  impl.RoleInfo (RoleInfo.java:updateAndGet(143)) - c39ba312-e57f-4b8c-998e-32538a6d88da: start FollowerState
2019-10-18 12:32:31,869 [67d877d9-ecd0-4b7d-838e-89aa2c4103c0@group-A09C527D8C6F-LeaderElection129] INFO  impl.LeaderElection (LeaderElection.java:logAndReturn(56)) - 67d877d9-ecd0-4b7d-838e-89aa2c4103c0@group-A09C527D8C6F-LeaderElection129: Election TIMEOUT; received 0 response(s) [] and 0 exception(s); 67d877d9-ecd0-4b7d-838e-89aa2c4103c0@group-A09C527D8C6F:t157, leader=null, voted=67d877d9-ecd0-4b7d-838e-89aa2c4103c0, raftlog=67d877d9-ecd0-4b7d-838e-89aa2c4103c0@group-A09C527D8C6F-SegmentedRaftLog:OPENED:c-1,f-1,i0, conf=-1: [c39ba312-e57f-4b8c-998e-32538a6d88da:192.168.34.56:44039, 67d877d9-ecd0-4b7d-838e-89aa2c4103c0:192.168.34.56:33816, 6af5dfc0-d4d0-48db-9aa9-c45e51549e54:192.168.34.56:32981], old=null
2019-10-18 12:32:31,898 [67d877d9-ecd0-4b7d-838e-89aa2c4103c0@group-A09C527D8C6F-LeaderElection129] INFO  impl.LeaderElection (LeaderElection.java:askForVotes(178)) - 67d877d9-ecd0-4b7d-838e-89aa2c4103c0@group-A09C527D8C6F-LeaderElection129: begin an election at term 158 for -1: [c39ba312-e57f-4b8c-998e-32538a6d88da:192.168.34.56:44039, 67d877d9-ecd0-4b7d-838e-89aa2c4103c0:192.168.34.56:33816, 6af5dfc0-d4d0-48db-9aa9-c45e51549e54:192.168.34.56:32981], old=null
2019-10-18 12:32:31,900 [grpc-default-executor-3] INFO  impl.RaftServerImpl (RaftServerImpl.java:setRole(184)) - c39ba312-e57f-4b8c-998e-32538a6d88da@group-A09C527D8C6F: changes role from  FOLLOWER to FOLLOWER at term 158 for recognizeCandidate:67d877d9-ecd0-4b7d-838e-89aa2c4103c0
2019-10-18 12:32:31,900 [grpc-default-executor-3] INFO  impl.RoleInfo (RoleInfo.java:shutdownFollowerState(121)) - c39ba312-e57f-4b8c-998e-32538a6d88da: shutdown FollowerState
2019-10-18 12:32:31,901 [grpc-default-executor-3] INFO  impl.RoleInfo (RoleInfo.java:updateAndGet(143)) - c39ba312-e57f-4b8c-998e-32538a6d88da: start FollowerState
2019-10-18 12:32:31,901 [Thread-1191] INFO  impl.FollowerState (FollowerState.java:run(117)) - c39ba312-e57f-4b8c-998e-32538a6d88da@group-A09C527D8C6F-FollowerState was interrupted: java.lang.InterruptedException: sleep interrupted
2019-10-18 12:32:31,902 [grpc-default-executor-5] INFO  impl.RaftServerImpl (RaftServerImpl.java:setRole(184)) - 6af5dfc0-d4d0-48db-9aa9-c45e51549e54@group-A09C527D8C6F: changes role from  FOLLOWER to FOLLOWER at term 158 for recognizeCandidate:67d877d9-ecd0-4b7d-838e-89aa2c4103c0
2019-10-18 12:32:31,902 [grpc-default-executor-5] INFO  impl.RoleInfo (RoleInfo.java:shutdownFollowerState(121)) - 6af5dfc0-d4d0-48db-9aa9-c45e51549e54: shutdown FollowerState
2019-10-18 12:32:31,902 [grpc-default-executor-5] INFO  impl.RoleInfo (RoleInfo.java:updateAndGet(143)) - 6af5dfc0-d4d0-48db-9aa9-c45e51549e54: start FollowerState
2019-10-18 12:32:31,902 [Thread-1190] INFO  impl.FollowerState (FollowerState.java:run(117)) - 6af5dfc0-d4d0-48db-9aa9-c45e51549e54@group-A09C527D8C6F-FollowerState was interrupted: java.lang.InterruptedException: sleep interrupted
2019-10-18 12:32:31,919 [67d877d9-ecd0-4b7d-838e-89aa2c4103c0@group-A09C527D8C6F-LeaderElection129] INFO  impl.LeaderElection (LeaderElection.java:logAndReturn(56)) - 67d877d9-ecd0-4b7d-838e-89aa2c4103c0@group-A09C527D8C6F-LeaderElection129: Election TIMEOUT; received 0 response(s) [] and 0 exception(s); 67d877d9-ecd0-4b7d-838e-89aa2c4103c0@group-A09C527D8C6F:t158, leader=null, voted=67d877d9-ecd0-4b7d-838e-89aa2c4103c0, raftlog=67d877d9-ecd0-4b7d-838e-89aa2c4103c0@group-A09C527D8C6F-SegmentedRaftLog:OPENED:c-1,f-1,i0, conf=-1: [c39ba312-e57f-4b8c-998e-32538a6d88da:192.168.34.56:44039, 67d877d9-ecd0-4b7d-838e-89aa2c4103c0:192.168.34.56:33816, 6af5dfc0-d4d0-48db-9aa9-c45e51549e54:192.168.34.56:32981], old=null
2019-10-18 12:32:31,940 [67d877d9-ecd0-4b7d-838e-89aa2c4103c0@group-A09C527D8C6F-LeaderElection129] INFO  impl.LeaderElection (LeaderElection.java:askForVotes(178)) - 67d877d9-ecd0-4b7d-838e-89aa2c4103c0@group-A09C527D8C6F-LeaderElection129: begin an election at term 159 for -1: [c39ba312-e57f-4b8c-998e-32538a6d88da:192.168.34.56:44039, 67d877d9-ecd0-4b7d-838e-89aa2c4103c0:192.168.34.56:33816, 6af5dfc0-d4d0-48db-9aa9-c45e51549e54:192.168.34.56:32981], old=null
2019-10-18 12:32:31,943 [grpc-default-executor-5] INFO  impl.RaftServerImpl (RaftServerImpl.java:setRole(184)) - c39ba312-e57f-4b8c-998e-32538a6d88da@group-A09C527D8C6F: changes role from  FOLLOWER to FOLLOWER at term 159 for recognizeCandidate:67d877d9-ecd0-4b7d-838e-89aa2c4103c0
2019-10-18 12:32:31,943 [grpc-default-executor-5] INFO  impl.RoleInfo (RoleInfo.java:shutdownFollowerState(121)) - c39ba312-e57f-4b8c-998e-32538a6d88da: shutdown FollowerState
2019-10-18 12:32:31,943 [grpc-default-executor-5] INFO  impl.RoleInfo (RoleInfo.java:updateAndGet(143)) - c39ba312-e57f-4b8c-998e-32538a6d88da: start FollowerState
2019-10-18 12:32:31,943 [grpc-default-executor-3] INFO  impl.RaftServerImpl (RaftServerImpl.java:setRole(184)) - 6af5dfc0-d4d0-48db-9aa9-c45e51549e54@group-A09C527D8C6F: changes role from  FOLLOWER to FOLLOWER at term 159 for recognizeCandidate:67d877d9-ecd0-4b7d-838e-89aa2c4103c0
2019-10-18 12:32:31,943 [Thread-1196] INFO  impl.FollowerState (FollowerState.java:run(117)) - c39ba312-e57f-4b8c-998e-32538a6d88da@group-A09C527D8C6F-FollowerState was interrupted: java.lang.InterruptedException: sleep interrupted
2019-10-18 12:32:31,944 [grpc-default-executor-3] INFO  impl.RoleInfo (RoleInfo.java:shutdownFollowerState(121)) - 6af5dfc0-d4d0-48db-9aa9-c45e51549e54: shutdown FollowerState
2019-10-18 12:32:31,944 [grpc-default-executor-3] INFO  impl.RoleInfo (RoleInfo.java:updateAndGet(143)) - 6af5dfc0-d4d0-48db-9aa9-c45e51549e54: start FollowerState
2019-10-18 12:32:31,944 [Thread-1197] INFO  impl.FollowerState (FollowerState.java:run(117)) - 6af5dfc0-d4d0-48db-9aa9-c45e51549e54@group-A09C527D8C6F-FollowerState was interrupted: java.lang.InterruptedException: sleep interrupted
2019-10-18 12:32:31,967 [67d877d9-ecd0-4b7d-838e-89aa2c4103c0@group-A09C527D8C6F-LeaderElection129] INFO  impl.LeaderElection (LeaderElection.java:logAndReturn(56)) - 67d877d9-ecd0-4b7d-838e-89aa2c4103c0@group-A09C527D8C6F-LeaderElection129: Election REJECTED; received 2 response(s) [67d877d9-ecd0-4b7d-838e-89aa2c4103c0<-c39ba312-e57f-4b8c-998e-32538a6d88da#0:FAIL-t159, 67d877d9-ecd0-4b7d-838e-89aa2c4103c0<-6af5dfc0-d4d0-48db-9aa9-c45e51549e54#0:FAIL-t159] and 0 exception(s); 67d877d9-ecd0-4b7d-838e-89aa2c4103c0@group-A09C527D8C6F:t159, leader=null, voted=67d877d9-ecd0-4b7d-838e-89aa2c4103c0, raftlog=67d877d9-ecd0-4b7d-838e-89aa2c4103c0@group-A09C527D8C6F-SegmentedRaftLog:OPENED:c-1,f-1,i0, conf=-1: [c39ba312-e57f-4b8c-998e-32538a6d88da:192.168.34.56:44039, 67d877d9-ecd0-4b7d-838e-89aa2c4103c0:192.168.34.56:33816, 6af5dfc0-d4d0-48db-9aa9-c45e51549e54:192.168.34.56:32981], old=null
2019-10-18 12:32:31,967 [67d877d9-ecd0-4b7d-838e-89aa2c4103c0@group-A09C527D8C6F-LeaderElection129] INFO  impl.RaftServerImpl (RaftServerImpl.java:setRole(184)) - 67d877d9-ecd0-4b7d-838e-89aa2c4103c0@group-A09C527D8C6F: changes role from CANDIDATE to FOLLOWER at term 159 for DISCOVERED_A_NEW_TERM
2019-10-18 12:32:31,967 [67d877d9-ecd0-4b7d-838e-89aa2c4103c0@group-A09C527D8C6F-LeaderElection129] INFO  impl.RoleInfo (RoleInfo.java:shutdownLeaderElection(134)) - 67d877d9-ecd0-4b7d-838e-89aa2c4103c0: shutdown LeaderElection
2019-10-18 12:32:31,967 [67d877d9-ecd0-4b7d-838e-89aa2c4103c0@group-A09C527D8C6F-LeaderElection129] INFO  impl.RoleInfo (RoleInfo.java:updateAndGet(143)) - 67d877d9-ecd0-4b7d-838e-89aa2c4103c0: start FollowerState
2019-10-18 12:32:32,011 [Thread-1202] INFO  impl.FollowerState (FollowerState.java:run(108)) - 67d877d9-ecd0-4b7d-838e-89aa2c4103c0@group-A09C527D8C6F-FollowerState: change to CANDIDATE, lastRpcTime:43ms, electionTimeout:43ms
2019-10-18 12:32:32,011 [Thread-1202] INFO  impl.RoleInfo (RoleInfo.java:shutdownFollowerState(121)) - 67d877d9-ecd0-4b7d-838e-89aa2c4103c0: shutdown FollowerState
2019-10-18 12:32:32,011 [Thread-1202] INFO  impl.RaftServerImpl (RaftServerImpl.java:setRole(184)) - 67d877d9-ecd0-4b7d-838e-89aa2c4103c0@group-A09C527D8C6F: changes role from  FOLLOWER to CANDIDATE at term 159 for changeToCandidate
2019-10-18 12:32:32,011 [Thread-1202] INFO  impl.RoleInfo (RoleInfo.java:updateAndGet(143)) - 67d877d9-ecd0-4b7d-838e-89aa2c4103c0: start LeaderElection
2019-10-18 12:32:32,041 [67d877d9-ecd0-4b7d-838e-89aa2c4103c0@group-A09C527D8C6F-LeaderElection130] INFO  impl.LeaderElection (LeaderElection.java:askForVotes(178)) - 67d877d9-ecd0-4b7d-838e-89aa2c4103c0@group-A09C527D8C6F-LeaderElection130: begin an election at term 160 for -1: [c39ba312-e57f-4b8c-998e-32538a6d88da:192.168.34.56:44039, 67d877d9-ecd0-4b7d-838e-89aa2c4103c0:192.168.34.56:33816, 6af5dfc0-d4d0-48db-9aa9-c45e51549e54:192.168.34.56:32981], old=null
2019-10-18 12:32:32,043 [grpc-default-executor-3] INFO  impl.RaftServerImpl (RaftServerImpl.java:setRole(184)) - 6af5dfc0-d4d0-48db-9aa9-c45e51549e54@group-A09C527D8C6F: changes role from  FOLLOWER to FOLLOWER at term 160 for recognizeCandidate:67d877d9-ecd0-4b7d-838e-89aa2c4103c0
2019-10-18 12:32:32,044 [grpc-default-executor-3] INFO  impl.RoleInfo (RoleInfo.java:shutdownFollowerState(121)) - 6af5dfc0-d4d0-48db-9aa9-c45e51549e54: shutdown FollowerState
2019-10-18 12:32:32,044 [grpc-default-executor-3] INFO  impl.RoleInfo (RoleInfo.java:updateAndGet(143)) - 6af5dfc0-d4d0-48db-9aa9-c45e51549e54: start FollowerState
2019-10-18 12:32:32,044 [Thread-1201] INFO  impl.FollowerState (FollowerState.java:run(117)) - 6af5dfc0-d4d0-48db-9aa9-c45e51549e54@group-A09C527D8C6F-FollowerState was interrupted: java.lang.InterruptedException: sleep interrupted
2019-10-18 12:32:32,044 [grpc-default-executor-5] INFO  impl.RaftServerImpl (RaftServerImpl.java:setRole(184)) - c39ba312-e57f-4b8c-998e-32538a6d88da@group-A09C527D8C6F: changes role from  FOLLOWER to FOLLOWER at term 160 for recognizeCandidate:67d877d9-ecd0-4b7d-838e-89aa2c4103c0
2019-10-18 12:32:32,045 [grpc-default-executor-5] INFO  impl.RoleInfo (RoleInfo.java:shutdownFollowerState(121)) - c39ba312-e57f-4b8c-998e-32538a6d88da: shutdown FollowerState
2019-10-18 12:32:32,045 [grpc-default-executor-5] INFO  impl.RoleInfo (RoleInfo.java:updateAndGet(143)) - c39ba312-e57f-4b8c-998e-32538a6d88da: start FollowerState
2019-10-18 12:32:32,045 [Thread-1200] INFO  impl.FollowerState (FollowerState.java:run(117)) - c39ba312-e57f-4b8c-998e-32538a6d88da@group-A09C527D8C6F-FollowerState was interrupted: java.lang.InterruptedException: sleep interrupted
2019-10-18 12:32:32,067 [67d877d9-ecd0-4b7d-838e-89aa2c4103c0@group-A09C527D8C6F-LeaderElection130] INFO  impl.LeaderElection (LeaderElection.java:logAndReturn(56)) - 67d877d9-ecd0-4b7d-838e-89aa2c4103c0@group-A09C527D8C6F-LeaderElection130: Election REJECTED; received 2 response(s) [67d877d9-ecd0-4b7d-838e-89aa2c4103c0<-c39ba312-e57f-4b8c-998e-32538a6d88da#0:FAIL-t160, 67d877d9-ecd0-4b7d-838e-89aa2c4103c0<-6af5dfc0-d4d0-48db-9aa9-c45e51549e54#0:FAIL-t160] and 0 exception(s); 67d877d9-ecd0-4b7d-838e-89aa2c4103c0@group-A09C527D8C6F:t160, leader=null, voted=67d877d9-ecd0-4b7d-838e-89aa2c4103c0, raftlog=67d877d9-ecd0-4b7d-838e-89aa2c4103c0@group-A09C527D8C6F-SegmentedRaftLog:OPENED:c-1,f-1,i0, conf=-1: [c39ba312-e57f-4b8c-998e-32538a6d88da:192.168.34.56:44039, 67d877d9-ecd0-4b7d-838e-89aa2c4103c0:192.168.34.56:33816, 6af5dfc0-d4d0-48db-9aa9-c45e51549e54:192.168.34.56:32981], old=null
2019-10-18 12:32:32,068 [67d877d9-ecd0-4b7d-838e-89aa2c4103c0@group-A09C527D8C6F-LeaderElection130] INFO  impl.RaftServerImpl (RaftServerImpl.java:setRole(184)) - 67d877d9-ecd0-4b7d-838e-89aa2c4103c0@group-A09C527D8C6F: changes role from CANDIDATE to FOLLOWER at term 160 for DISCOVERED_A_NEW_TERM
2019-10-18 12:32:32,068 [67d877d9-ecd0-4b7d-838e-89aa2c4103c0@group-A09C527D8C6F-LeaderElection130] INFO  impl.RoleInfo (RoleInfo.java:shutdownLeaderElection(134)) - 67d877d9-ecd0-4b7d-838e-89aa2c4103c0: shutdown LeaderElection
2019-10-18 12:32:32,068 [67d877d9-ecd0-4b7d-838e-89aa2c4103c0@group-A09C527D8C6F-LeaderElection130] INFO  impl.RoleInfo (RoleInfo.java:updateAndGet(143)) - 67d877d9-ecd0-4b7d-838e-89aa2c4103c0: start FollowerState
2019-10-18 12:32:32,151 [Thread-1208] INFO  impl.FollowerState (FollowerState.java:run(108)) - 67d877d9-ecd0-4b7d-838e-89aa2c4103c0@group-A09C527D8C6F-FollowerState: change to CANDIDATE, lastRpcTime:83ms, electionTimeout:83ms
2019-10-18 12:32:32,152 [Thread-1208] INFO  impl.RoleInfo (RoleInfo.java:shutdownFollowerState(121)) - 67d877d9-ecd0-4b7d-838e-89aa2c4103c0: shutdown FollowerState
2019-10-18 12:32:32,152 [Thread-1208] INFO  impl.RaftServerImpl (RaftServerImpl.java:setRole(184)) - 67d877d9-ecd0-4b7d-838e-89aa2c4103c0@group-A09C527D8C6F: changes role from  FOLLOWER to CANDIDATE at term 160 for changeToCandidate
2019-10-18 12:32:32,152 [Thread-1208] INFO  impl.RoleInfo (RoleInfo.java:updateAndGet(143)) - 67d877d9-ecd0-4b7d-838e-89aa2c4103c0: start LeaderElection
2019-10-18 12:32:32,175 [67d877d9-ecd0-4b7d-838e-89aa2c4103c0@group-A09C527D8C6F-LeaderElection131] INFO  impl.LeaderElection (LeaderElection.java:askForVotes(178)) - 67d877d9-ecd0-4b7d-838e-89aa2c4103c0@group-A09C527D8C6F-LeaderElection131: begin an election at term 161 for -1: [c39ba312-e57f-4b8c-998e-32538a6d88da:192.168.34.56:44039, 67d877d9-ecd0-4b7d-838e-89aa2c4103c0:192.168.34.56:33816, 6af5dfc0-d4d0-48db-9aa9-c45e51549e54:192.168.34.56:32981], old=null
2019-10-18 12:32:32,178 [grpc-default-executor-3] INFO  impl.RaftServerImpl (RaftServerImpl.java:setRole(184)) - c39ba312-e57f-4b8c-998e-32538a6d88da@group-A09C527D8C6F: changes role from  FOLLOWER to FOLLOWER at term 161 for recognizeCandidate:67d877d9-ecd0-4b7d-838e-89aa2c4103c0
2019-10-18 12:32:32,178 [grpc-default-executor-3] INFO  impl.RoleInfo (RoleInfo.java:shutdownFollowerState(121)) - c39ba312-e57f-4b8c-998e-32538a6d88da: shutdown FollowerState
2019-10-18 12:32:32,178 [grpc-default-executor-3] INFO  impl.RoleInfo (RoleInfo.java:updateAndGet(143)) - c39ba312-e57f-4b8c-998e-32538a6d88da: start FollowerState
2019-10-18 12:32:32,178 [Thread-1207] INFO  impl.FollowerState (FollowerState.java:run(117)) - c39ba312-e57f-4b8c-998e-32538a6d88da@group-A09C527D8C6F-FollowerState was interrupted: java.lang.InterruptedException: sleep interrupted
2019-10-18 12:32:32,178 [grpc-default-executor-5] INFO  impl.RaftServerImpl (RaftServerImpl.java:setRole(184)) - 6af5dfc0-d4d0-48db-9aa9-c45e51549e54@group-A09C527D8C6F: changes role from  FOLLOWER to FOLLOWER at term 161 for recognizeCandidate:67d877d9-ecd0-4b7d-838e-89aa2c4103c0
2019-10-18 12:32:32,179 [grpc-default-executor-5] INFO  impl.RoleInfo (RoleInfo.java:shutdownFollowerState(121)) - 6af5dfc0-d4d0-48db-9aa9-c45e51549e54: shutdown FollowerState
2019-10-18 12:32:32,179 [grpc-default-executor-5] INFO  impl.RoleInfo (RoleInfo.java:updateAndGet(143)) - 6af5dfc0-d4d0-48db-9aa9-c45e51549e54: start FollowerState
2019-10-18 12:32:32,179 [Thread-1206] INFO  impl.FollowerState (FollowerState.java:run(117)) - 6af5dfc0-d4d0-48db-9aa9-c45e51549e54@group-A09C527D8C6F-FollowerState was interrupted: java.lang.InterruptedException: sleep interrupted
2019-10-18 12:32:32,202 [67d877d9-ecd0-4b7d-838e-89aa2c4103c0@group-A09C527D8C6F-LeaderElection131] INFO  impl.LeaderElection (LeaderElection.java:logAndReturn(56)) - 67d877d9-ecd0-4b7d-838e-89aa2c4103c0@group-A09C527D8C6F-LeaderElection131: Election REJECTED; received 2 response(s) [67d877d9-ecd0-4b7d-838e-89aa2c4103c0<-c39ba312-e57f-4b8c-998e-32538a6d88da#0:FAIL-t161, 67d877d9-ecd0-4b7d-838e-89aa2c4103c0<-6af5dfc0-d4d0-48db-9aa9-c45e51549e54#0:FAIL-t161] and 0 exception(s); 67d877d9-ecd0-4b7d-838e-89aa2c4103c0@group-A09C527D8C6F:t161, leader=null, voted=67d877d9-ecd0-4b7d-838e-89aa2c4103c0, raftlog=67d877d9-ecd0-4b7d-838e-89aa2c4103c0@group-A09C527D8C6F-SegmentedRaftLog:OPENED:c-1,f-1,i0, conf=-1: [c39ba312-e57f-4b8c-998e-32538a6d88da:192.168.34.56:44039, 67d877d9-ecd0-4b7d-838e-89aa2c4103c0:192.168.34.56:33816, 6af5dfc0-d4d0-48db-9aa9-c45e51549e54:192.168.34.56:32981], old=null
2019-10-18 12:32:32,202 [67d877d9-ecd0-4b7d-838e-89aa2c4103c0@group-A09C527D8C6F-LeaderElection131] INFO  impl.RaftServerImpl (RaftServerImpl.java:setRole(184)) - 67d877d9-ecd0-4b7d-838e-89aa2c4103c0@group-A09C527D8C6F: changes role from CANDIDATE to FOLLOWER at term 161 for DISCOVERED_A_NEW_TERM
2019-10-18 12:32:32,202 [67d877d9-ecd0-4b7d-838e-89aa2c4103c0@group-A09C527D8C6F-LeaderElection131] INFO  impl.RoleInfo (RoleInfo.java:shutdownLeaderElection(134)) - 67d877d9-ecd0-4b7d-838e-89aa2c4103c0: shutdown LeaderElection
2019-10-18 12:32:32,202 [67d877d9-ecd0-4b7d-838e-89aa2c4103c0@group-A09C527D8C6F-LeaderElection131] INFO  impl.RoleInfo (RoleInfo.java:updateAndGet(143)) - 67d877d9-ecd0-4b7d-838e-89aa2c4103c0: start FollowerState
2019-10-18 12:32:32,371 [Thread-1214] INFO  impl.FollowerState (FollowerState.java:run(108)) - 67d877d9-ecd0-4b7d-838e-89aa2c4103c0@group-A09C527D8C6F-FollowerState: change to CANDIDATE, lastRpcTime:168ms, electionTimeout:168ms
2019-10-18 12:32:32,371 [Thread-1214] INFO  impl.RoleInfo (RoleInfo.java:shutdownFollowerState(121)) - 67d877d9-ecd0-4b7d-838e-89aa2c4103c0: shutdown FollowerState
2019-10-18 12:32:32,371 [Thread-1214] INFO  impl.RaftServerImpl (RaftServerImpl.java:setRole(184)) - 67d877d9-ecd0-4b7d-838e-89aa2c4103c0@group-A09C527D8C6F: changes role from  FOLLOWER to CANDIDATE at term 161 for changeToCandidate
2019-10-18 12:32:32,371 [Thread-1214] INFO  impl.RoleInfo (RoleInfo.java:updateAndGet(143)) - 67d877d9-ecd0-4b7d-838e-89aa2c4103c0: start LeaderElection
2019-10-18 12:32:32,401 [67d877d9-ecd0-4b7d-838e-89aa2c4103c0@group-A09C527D8C6F-LeaderElection132] INFO  impl.LeaderElection (LeaderElection.java:askForVotes(178)) - 67d877d9-ecd0-4b7d-838e-89aa2c4103c0@group-A09C527D8C6F-LeaderElection132: begin an election at term 162 for -1: [c39ba312-e57f-4b8c-998e-32538a6d88da:192.168.34.56:44039, 67d877d9-ecd0-4b7d-838e-89aa2c4103c0:192.168.34.56:33816, 6af5dfc0-d4d0-48db-9aa9-c45e51549e54:192.168.34.56:32981], old=null
2019-10-18 12:32:32,405 [grpc-default-executor-3] INFO  impl.RaftServerImpl (RaftServerImpl.java:setRole(184)) - 6af5dfc0-d4d0-48db-9aa9-c45e51549e54@group-A09C527D8C6F: changes role from  FOLLOWER to FOLLOWER at term 162 for recognizeCandidate:67d877d9-ecd0-4b7d-838e-89aa2c4103c0
2019-10-18 12:32:32,405 [grpc-default-executor-5] INFO  impl.RaftServerImpl (RaftServerImpl.java:setRole(184)) - c39ba312-e57f-4b8c-998e-32538a6d88da@group-A09C527D8C6F: changes role from  FOLLOWER to FOLLOWER at term 162 for recognizeCandidate:67d877d9-ecd0-4b7d-838e-89aa2c4103c0
2019-10-18 12:32:32,406 [grpc-default-executor-3] INFO  impl.RoleInfo (RoleInfo.java:shutdownFollowerState(121)) - 6af5dfc0-d4d0-48db-9aa9-c45e51549e54: shutdown FollowerState
2019-10-18 12:32:32,406 [grpc-default-executor-5] INFO  impl.RoleInfo (RoleInfo.java:shutdownFollowerState(121)) - c39ba312-e57f-4b8c-998e-32538a6d88da: shutdown FollowerState
2019-10-18 12:32:32,406 [grpc-default-executor-3] INFO  impl.RoleInfo (RoleInfo.java:updateAndGet(143)) - 6af5dfc0-d4d0-48db-9aa9-c45e51549e54: start FollowerState
2019-10-18 12:32:32,406 [Thread-1212] INFO  impl.FollowerState (FollowerState.java:run(117)) - c39ba312-e57f-4b8c-998e-32538a6d88da@group-A09C527D8C6F-FollowerState was interrupted: java.lang.InterruptedException: sleep interrupted
2019-10-18 12:32:32,406 [Thread-1213] INFO  impl.FollowerState (FollowerState.java:run(117)) - 6af5dfc0-d4d0-48db-9aa9-c45e51549e54@group-A09C527D8C6F-FollowerState was interrupted: java.lang.InterruptedException: sleep interrupted
2019-10-18 12:32:32,406 [grpc-default-executor-5] INFO  impl.RoleInfo (RoleInfo.java:updateAndGet(143)) - c39ba312-e57f-4b8c-998e-32538a6d88da: start FollowerState
2019-10-18 12:32:32,432 [67d877d9-ecd0-4b7d-838e-89aa2c4103c0@group-A09C527D8C6F-LeaderElection132] INFO  impl.LeaderElection (LeaderElection.java:logAndReturn(56)) - 67d877d9-ecd0-4b7d-838e-89aa2c4103c0@group-A09C527D8C6F-LeaderElection132: Election TIMEOUT; received 0 response(s) [] and 0 exception(s); 67d877d9-ecd0-4b7d-838e-89aa2c4103c0@group-A09C527D8C6F:t162, leader=null, voted=67d877d9-ecd0-4b7d-838e-89aa2c4103c0, raftlog=67d877d9-ecd0-4b7d-838e-89aa2c4103c0@group-A09C527D8C6F-SegmentedRaftLog:OPENED:c-1,f-1,i0, conf=-1: [c39ba312-e57f-4b8c-998e-32538a6d88da:192.168.34.56:44039, 67d877d9-ecd0-4b7d-838e-89aa2c4103c0:192.168.34.56:33816, 6af5dfc0-d4d0-48db-9aa9-c45e51549e54:192.168.34.56:32981], old=null
2019-10-18 12:32:32,460 [67d877d9-ecd0-4b7d-838e-89aa2c4103c0@group-A09C527D8C6F-LeaderElection132] INFO  impl.LeaderElection (LeaderElection.java:askForVotes(178)) - 67d877d9-ecd0-4b7d-838e-89aa2c4103c0@group-A09C527D8C6F-LeaderElection132: begin an election at term 163 for -1: [c39ba312-e57f-4b8c-998e-32538a6d88da:192.168.34.56:44039, 67d877d9-ecd0-4b7d-838e-89aa2c4103c0:192.168.34.56:33816, 6af5dfc0-d4d0-48db-9aa9-c45e51549e54:192.168.34.56:32981], old=null
2019-10-18 12:32:32,463 [grpc-default-executor-3] INFO  impl.RaftServerImpl (RaftServerImpl.java:setRole(184)) - 6af5dfc0-d4d0-48db-9aa9-c45e51549e54@group-A09C527D8C6F: changes role from  FOLLOWER to FOLLOWER at term 163 for recognizeCandidate:67d877d9-ecd0-4b7d-838e-89aa2c4103c0
2019-10-18 12:32:32,463 [grpc-default-executor-3] INFO  impl.RoleInfo (RoleInfo.java:shutdownFollowerState(121)) - 6af5dfc0-d4d0-48db-9aa9-c45e51549e54: shutdown FollowerState
2019-10-18 12:32:32,463 [grpc-default-executor-3] INFO  impl.RoleInfo (RoleInfo.java:updateAndGet(143)) - 6af5dfc0-d4d0-48db-9aa9-c45e51549e54: start FollowerState
2019-10-18 12:32:32,463 [Thread-1218] INFO  impl.FollowerState (FollowerState.java:run(117)) - 6af5dfc0-d4d0-48db-9aa9-c45e51549e54@group-A09C527D8C6F-FollowerState was interrupted: java.lang.InterruptedException: sleep interrupted
2019-10-18 12:32:32,463 [grpc-default-executor-5] INFO  impl.RaftServerImpl (RaftServerImpl.java:setRole(184)) - c39ba312-e57f-4b8c-998e-32538a6d88da@group-A09C527D8C6F: changes role from  FOLLOWER to FOLLOWER at term 163 for recognizeCandidate:67d877d9-ecd0-4b7d-838e-89aa2c4103c0
2019-10-18 12:32:32,463 [grpc-default-executor-5] INFO  impl.RoleInfo (RoleInfo.java:shutdownFollowerState(121)) - c39ba312-e57f-4b8c-998e-32538a6d88da: shutdown FollowerState
2019-10-18 12:32:32,464 [grpc-default-executor-5] INFO  impl.RoleInfo (RoleInfo.java:updateAndGet(143)) - c39ba312-e57f-4b8c-998e-32538a6d88da: start FollowerState
2019-10-18 12:32:32,464 [Thread-1219] INFO  impl.FollowerState (FollowerState.java:run(117)) - c39ba312-e57f-4b8c-998e-32538a6d88da@group-A09C527D8C6F-FollowerState was interrupted: java.lang.InterruptedException: sleep interrupted
2019-10-18 12:32:32,487 [67d877d9-ecd0-4b7d-838e-89aa2c4103c0@group-A09C527D8C6F-LeaderElection132] INFO  impl.LeaderElection (LeaderElection.java:logAndReturn(56)) - 67d877d9-ecd0-4b7d-838e-89aa2c4103c0@group-A09C527D8C6F-LeaderElection132: Election REJECTED; received 2 response(s) [67d877d9-ecd0-4b7d-838e-89aa2c4103c0<-c39ba312-e57f-4b8c-998e-32538a6d88da#0:FAIL-t163, 67d877d9-ecd0-4b7d-838e-89aa2c4103c0<-6af5dfc0-d4d0-48db-9aa9-c45e51549e54#0:FAIL-t163] and 0 exception(s); 67d877d9-ecd0-4b7d-838e-89aa2c4103c0@group-A09C527D8C6F:t163, leader=null, voted=67d877d9-ecd0-4b7d-838e-89aa2c4103c0, raftlog=67d877d9-ecd0-4b7d-838e-89aa2c4103c0@group-A09C527D8C6F-SegmentedRaftLog:OPENED:c-1,f-1,i0, conf=-1: [c39ba312-e57f-4b8c-998e-32538a6d88da:192.168.34.56:44039, 67d877d9-ecd0-4b7d-838e-89aa2c4103c0:192.168.34.56:33816, 6af5dfc0-d4d0-48db-9aa9-c45e51549e54:192.168.34.56:32981], old=null
2019-10-18 12:32:32,487 [67d877d9-ecd0-4b7d-838e-89aa2c4103c0@group-A09C527D8C6F-LeaderElection132] INFO  impl.RaftServerImpl (RaftServerImpl.java:setRole(184)) - 67d877d9-ecd0-4b7d-838e-89aa2c4103c0@group-A09C527D8C6F: changes role from CANDIDATE to FOLLOWER at term 163 for DISCOVERED_A_NEW_TERM
2019-10-18 12:32:32,487 [67d877d9-ecd0-4b7d-838e-89aa2c4103c0@group-A09C527D8C6F-LeaderElection132] INFO  impl.RoleInfo (RoleInfo.java:shutdownLeaderElection(134)) - 67d877d9-ecd0-4b7d-838e-89aa2c4103c0: shutdown LeaderElection
2019-10-18 12:32:32,488 [67d877d9-ecd0-4b7d-838e-89aa2c4103c0@group-A09C527D8C6F-LeaderElection132] INFO  impl.RoleInfo (RoleInfo.java:updateAndGet(143)) - 67d877d9-ecd0-4b7d-838e-89aa2c4103c0: start FollowerState
2019-10-18 12:32:32,629 [Thread-1224] INFO  impl.FollowerState (FollowerState.java:run(108)) - 67d877d9-ecd0-4b7d-838e-89aa2c4103c0@group-A09C527D8C6F-FollowerState: change to CANDIDATE, lastRpcTime:141ms, electionTimeout:141ms
2019-10-18 12:32:32,629 [Thread-1224] INFO  impl.RoleInfo (RoleInfo.java:shutdownFollowerState(121)) - 67d877d9-ecd0-4b7d-838e-89aa2c4103c0: shutdown FollowerState
2019-10-18 12:32:32,629 [Thread-1224] INFO  impl.RaftServerImpl (RaftServerImpl.java:setRole(184)) - 67d877d9-ecd0-4b7d-838e-89aa2c4103c0@group-A09C527D8C6F: changes role from  FOLLOWER to CANDIDATE at term 163 for changeToCandidate
2019-10-18 12:32:32,630 [Thread-1224] INFO  impl.RoleInfo (RoleInfo.java:updateAndGet(143)) - 67d877d9-ecd0-4b7d-838e-89aa2c4103c0: start LeaderElection
2019-10-18 12:32:32,661 [67d877d9-ecd0-4b7d-838e-89aa2c4103c0@group-A09C527D8C6F-LeaderElection133] INFO  impl.LeaderElection (LeaderElection.java:askForVotes(178)) - 67d877d9-ecd0-4b7d-838e-89aa2c4103c0@group-A09C527D8C6F-LeaderElection133: begin an election at term 164 for -1: [c39ba312-e57f-4b8c-998e-32538a6d88da:192.168.34.56:44039, 67d877d9-ecd0-4b7d-838e-89aa2c4103c0:192.168.34.56:33816, 6af5dfc0-d4d0-48db-9aa9-c45e51549e54:192.168.34.56:32981], old=null
2019-10-18 12:32:32,664 [grpc-default-executor-3] INFO  impl.RaftServerImpl (RaftServerImpl.java:setRole(184)) - 6af5dfc0-d4d0-48db-9aa9-c45e51549e54@group-A09C527D8C6F: changes role from  FOLLOWER to FOLLOWER at term 164 for recognizeCandidate:67d877d9-ecd0-4b7d-838e-89aa2c4103c0
2019-10-18 12:32:32,664 [grpc-default-executor-3] INFO  impl.RoleInfo (RoleInfo.java:shutdownFollowerState(121)) - 6af5dfc0-d4d0-48db-9aa9-c45e51549e54: shutdown FollowerState
2019-10-18 12:32:32,664 [grpc-default-executor-5] INFO  impl.RaftServerImpl (RaftServerImpl.java:setRole(184)) - c39ba312-e57f-4b8c-998e-32538a6d88da@group-A09C527D8C6F: changes role from  FOLLOWER to FOLLOWER at term 164 for recognizeCandidate:67d877d9-ecd0-4b7d-838e-89aa2c4103c0
2019-10-18 12:32:32,664 [Thread-1222] INFO  impl.FollowerState (FollowerState.java:run(117)) - 6af5dfc0-d4d0-48db-9aa9-c45e51549e54@group-A09C527D8C6F-FollowerState was interrupted: java.lang.InterruptedException: sleep interrupted
2019-10-18 12:32:32,664 [grpc-default-executor-3] INFO  impl.RoleInfo (RoleInfo.java:updateAndGet(143)) - 6af5dfc0-d4d0-48db-9aa9-c45e51549e54: start FollowerState
2019-10-18 12:32:32,664 [grpc-default-executor-5] INFO  impl.RoleInfo (RoleInfo.java:shutdownFollowerState(121)) - c39ba312-e57f-4b8c-998e-32538a6d88da: shutdown FollowerState
2019-10-18 12:32:32,665 [grpc-default-executor-5] INFO  impl.RoleInfo (RoleInfo.java:updateAndGet(143)) - c39ba312-e57f-4b8c-998e-32538a6d88da: start FollowerState
2019-10-18 12:32:32,665 [Thread-1223] INFO  impl.FollowerState (FollowerState.java:run(117)) - c39ba312-e57f-4b8c-998e-32538a6d88da@group-A09C527D8C6F-FollowerState was interrupted: java.lang.InterruptedException: sleep interrupted
2019-10-18 12:32:32,688 [67d877d9-ecd0-4b7d-838e-89aa2c4103c0@group-A09C527D8C6F-LeaderElection133] INFO  impl.LeaderElection (LeaderElection.java:logAndReturn(56)) - 67d877d9-ecd0-4b7d-838e-89aa2c4103c0@group-A09C527D8C6F-LeaderElection133: Election REJECTED; received 2 response(s) [67d877d9-ecd0-4b7d-838e-89aa2c4103c0<-c39ba312-e57f-4b8c-998e-32538a6d88da#0:FAIL-t164, 67d877d9-ecd0-4b7d-838e-89aa2c4103c0<-6af5dfc0-d4d0-48db-9aa9-c45e51549e54#0:FAIL-t164] and 0 exception(s); 67d877d9-ecd0-4b7d-838e-89aa2c4103c0@group-A09C527D8C6F:t164, leader=null, voted=67d877d9-ecd0-4b7d-838e-89aa2c4103c0, raftlog=67d877d9-ecd0-4b7d-838e-89aa2c4103c0@group-A09C527D8C6F-SegmentedRaftLog:OPENED:c-1,f-1,i0, conf=-1: [c39ba312-e57f-4b8c-998e-32538a6d88da:192.168.34.56:44039, 67d877d9-ecd0-4b7d-838e-89aa2c4103c0:192.168.34.56:33816, 6af5dfc0-d4d0-48db-9aa9-c45e51549e54:192.168.34.56:32981], old=null
2019-10-18 12:32:32,688 [67d877d9-ecd0-4b7d-838e-89aa2c4103c0@group-A09C527D8C6F-LeaderElection133] INFO  impl.RaftServerImpl (RaftServerImpl.java:setRole(184)) - 67d877d9-ecd0-4b7d-838e-89aa2c4103c0@group-A09C527D8C6F: changes role from CANDIDATE to FOLLOWER at term 164 for DISCOVERED_A_NEW_TERM
2019-10-18 12:32:32,688 [67d877d9-ecd0-4b7d-838e-89aa2c4103c0@group-A09C527D8C6F-LeaderElection133] INFO  impl.RoleInfo (RoleInfo.java:shutdownLeaderElection(134)) - 67d877d9-ecd0-4b7d-838e-89aa2c4103c0: shutdown LeaderElection
2019-10-18 12:32:32,688 [67d877d9-ecd0-4b7d-838e-89aa2c4103c0@group-A09C527D8C6F-LeaderElection133] INFO  impl.RoleInfo (RoleInfo.java:updateAndGet(143)) - 67d877d9-ecd0-4b7d-838e-89aa2c4103c0: start FollowerState
2019-10-18 12:32:32,689 [Thread-1230] INFO  impl.FollowerState (FollowerState.java:run(108)) - 67d877d9-ecd0-4b7d-838e-89aa2c4103c0@group-A09C527D8C6F-FollowerState: change to CANDIDATE, lastRpcTime:1ms, electionTimeout:1ms
2019-10-18 12:32:32,690 [Thread-1230] INFO  impl.RoleInfo (RoleInfo.java:shutdownFollowerState(121)) - 67d877d9-ecd0-4b7d-838e-89aa2c4103c0: shutdown FollowerState
2019-10-18 12:32:32,690 [Thread-1230] INFO  impl.RaftServerImpl (RaftServerImpl.java:setRole(184)) - 67d877d9-ecd0-4b7d-838e-89aa2c4103c0@group-A09C527D8C6F: changes role from  FOLLOWER to CANDIDATE at term 164 for changeToCandidate
2019-10-18 12:32:32,690 [Thread-1230] INFO  impl.RoleInfo (RoleInfo.java:updateAndGet(143)) - 67d877d9-ecd0-4b7d-838e-89aa2c4103c0: start LeaderElection
2019-10-18 12:32:32,712 [67d877d9-ecd0-4b7d-838e-89aa2c4103c0@group-A09C527D8C6F-LeaderElection134] INFO  impl.LeaderElection (LeaderElection.java:askForVotes(178)) - 67d877d9-ecd0-4b7d-838e-89aa2c4103c0@group-A09C527D8C6F-LeaderElection134: begin an election at term 165 for -1: [c39ba312-e57f-4b8c-998e-32538a6d88da:192.168.34.56:44039, 67d877d9-ecd0-4b7d-838e-89aa2c4103c0:192.168.34.56:33816, 6af5dfc0-d4d0-48db-9aa9-c45e51549e54:192.168.34.56:32981], old=null
2019-10-18 12:32:32,715 [grpc-default-executor-3] INFO  impl.RaftServerImpl (RaftServerImpl.java:setRole(184)) - c39ba312-e57f-4b8c-998e-32538a6d88da@group-A09C527D8C6F: changes role from  FOLLOWER to FOLLOWER at term 165 for recognizeCandidate:67d877d9-ecd0-4b7d-838e-89aa2c4103c0
2019-10-18 12:32:32,715 [grpc-default-executor-3] INFO  impl.RoleInfo (RoleInfo.java:shutdownFollowerState(121)) - c39ba312-e57f-4b8c-998e-32538a6d88da: shutdown FollowerState
2019-10-18 12:32:32,715 [grpc-default-executor-5] INFO  impl.RaftServerImpl (RaftServerImpl.java:setRole(184)) - 6af5dfc0-d4d0-48db-9aa9-c45e51549e54@group-A09C527D8C6F: changes role from  FOLLOWER to FOLLOWER at term 165 for recognizeCandidate:67d877d9-ecd0-4b7d-838e-89aa2c4103c0
2019-10-18 12:32:32,715 [Thread-1229] INFO  impl.FollowerState (FollowerState.java:run(117)) - c39ba312-e57f-4b8c-998e-32538a6d88da@group-A09C527D8C6F-FollowerState was interrupted: java.lang.InterruptedException: sleep interrupted
2019-10-18 12:32:32,715 [grpc-default-executor-3] INFO  impl.RoleInfo (RoleInfo.java:updateAndGet(143)) - c39ba312-e57f-4b8c-998e-32538a6d88da: start FollowerState
2019-10-18 12:32:32,715 [grpc-default-executor-5] INFO  impl.RoleInfo (RoleInfo.java:shutdownFollowerState(121)) - 6af5dfc0-d4d0-48db-9aa9-c45e51549e54: shutdown FollowerState
2019-10-18 12:32:32,715 [grpc-default-executor-5] INFO  impl.RoleInfo (RoleInfo.java:updateAndGet(143)) - 6af5dfc0-d4d0-48db-9aa9-c45e51549e54: start FollowerState
2019-10-18 12:32:32,715 [Thread-1228] INFO  impl.FollowerState (FollowerState.java:run(117)) - 6af5dfc0-d4d0-48db-9aa9-c45e51549e54@group-A09C527D8C6F-FollowerState was interrupted: java.lang.InterruptedException: sleep interrupted
2019-10-18 12:32:32,738 [67d877d9-ecd0-4b7d-838e-89aa2c4103c0@group-A09C527D8C6F-LeaderElection134] INFO  impl.LeaderElection (LeaderElection.java:logAndReturn(56)) - 67d877d9-ecd0-4b7d-838e-89aa2c4103c0@group-A09C527D8C6F-LeaderElection134: Election REJECTED; received 2 response(s) [67d877d9-ecd0-4b7d-838e-89aa2c4103c0<-c39ba312-e57f-4b8c-998e-32538a6d88da#0:FAIL-t165, 67d877d9-ecd0-4b7d-838e-89aa2c4103c0<-6af5dfc0-d4d0-48db-9aa9-c45e51549e54#0:FAIL-t165] and 0 exception(s); 67d877d9-ecd0-4b7d-838e-89aa2c4103c0@group-A09C527D8C6F:t165, leader=null, voted=67d877d9-ecd0-4b7d-838e-89aa2c4103c0, raftlog=67d877d9-ecd0-4b7d-838e-89aa2c4103c0@group-A09C527D8C6F-SegmentedRaftLog:OPENED:c-1,f-1,i0, conf=-1: [c39ba312-e57f-4b8c-998e-32538a6d88da:192.168.34.56:44039, 67d877d9-ecd0-4b7d-838e-89aa2c4103c0:192.168.34.56:33816, 6af5dfc0-d4d0-48db-9aa9-c45e51549e54:192.168.34.56:32981], old=null
2019-10-18 12:32:32,738 [67d877d9-ecd0-4b7d-838e-89aa2c4103c0@group-A09C527D8C6F-LeaderElection134] INFO  impl.RaftServerImpl (RaftServerImpl.java:setRole(184)) - 67d877d9-ecd0-4b7d-838e-89aa2c4103c0@group-A09C527D8C6F: changes role from CANDIDATE to FOLLOWER at term 165 for DISCOVERED_A_NEW_TERM
2019-10-18 12:32:32,738 [67d877d9-ecd0-4b7d-838e-89aa2c4103c0@group-A09C527D8C6F-LeaderElection134] INFO  impl.RoleInfo (RoleInfo.java:shutdownLeaderElection(134)) - 67d877d9-ecd0-4b7d-838e-89aa2c4103c0: shutdown LeaderElection
2019-10-18 12:32:32,739 [67d877d9-ecd0-4b7d-838e-89aa2c4103c0@group-A09C527D8C6F-LeaderElection134] INFO  impl.RoleInfo (RoleInfo.java:updateAndGet(143)) - 67d877d9-ecd0-4b7d-838e-89aa2c4103c0: start FollowerState
2019-10-18 12:32:32,739 [Thread-1236] INFO  impl.FollowerState (FollowerState.java:run(108)) - 67d877d9-ecd0-4b7d-838e-89aa2c4103c0@group-A09C527D8C6F-FollowerState: change to CANDIDATE, lastRpcTime:0ms, electionTimeout:0ms
2019-10-18 12:32:32,739 [Thread-1236] INFO  impl.RoleInfo (RoleInfo.java:shutdownFollowerState(121)) - 67d877d9-ecd0-4b7d-838e-89aa2c4103c0: shutdown FollowerState
2019-10-18 12:32:32,739 [Thread-1236] INFO  impl.RaftServerImpl (RaftServerImpl.java:setRole(184)) - 67d877d9-ecd0-4b7d-838e-89aa2c4103c0@group-A09C527D8C6F: changes role from  FOLLOWER to CANDIDATE at term 165 for changeToCandidate
2019-10-18 12:32:32,739 [Thread-1236] INFO  impl.RoleInfo (RoleInfo.java:updateAndGet(143)) - 67d877d9-ecd0-4b7d-838e-89aa2c4103c0: start LeaderElection
2019-10-18 12:32:32,796 [67d877d9-ecd0-4b7d-838e-89aa2c4103c0@group-A09C527D8C6F-LeaderElection135] INFO  impl.LeaderElection (LeaderElection.java:askForVotes(178)) - 67d877d9-ecd0-4b7d-838e-89aa2c4103c0@group-A09C527D8C6F-LeaderElection135: begin an election at term 166 for -1: [c39ba312-e57f-4b8c-998e-32538a6d88da:192.168.34.56:44039, 67d877d9-ecd0-4b7d-838e-89aa2c4103c0:192.168.34.56:33816, 6af5dfc0-d4d0-48db-9aa9-c45e51549e54:192.168.34.56:32981], old=null
2019-10-18 12:32:32,799 [grpc-default-executor-3] INFO  impl.RaftServerImpl (RaftServerImpl.java:setRole(184)) - c39ba312-e57f-4b8c-998e-32538a6d88da@group-A09C527D8C6F: changes role from  FOLLOWER to FOLLOWER at term 166 for recognizeCandidate:67d877d9-ecd0-4b7d-838e-89aa2c4103c0
2019-10-18 12:32:32,799 [grpc-default-executor-5] INFO  impl.RaftServerImpl (RaftServerImpl.java:setRole(184)) - 6af5dfc0-d4d0-48db-9aa9-c45e51549e54@group-A09C527D8C6F: changes role from  FOLLOWER to FOLLOWER at term 166 for recognizeCandidate:67d877d9-ecd0-4b7d-838e-89aa2c4103c0
2019-10-18 12:32:32,799 [grpc-default-executor-3] INFO  impl.RoleInfo (RoleInfo.java:shutdownFollowerState(121)) - c39ba312-e57f-4b8c-998e-32538a6d88da: shutdown FollowerState
2019-10-18 12:32:32,799 [grpc-default-executor-5] INFO  impl.RoleInfo (RoleInfo.java:shutdownFollowerState(121)) - 6af5dfc0-d4d0-48db-9aa9-c45e51549e54: shutdown FollowerState
2019-10-18 12:32:32,799 [grpc-default-executor-3] INFO  impl.RoleInfo (RoleInfo.java:updateAndGet(143)) - c39ba312-e57f-4b8c-998e-32538a6d88da: start FollowerState
2019-10-18 12:32:32,799 [grpc-default-executor-5] INFO  impl.RoleInfo (RoleInfo.java:updateAndGet(143)) - 6af5dfc0-d4d0-48db-9aa9-c45e51549e54: start FollowerState
2019-10-18 12:32:32,799 [Thread-1234] INFO  impl.FollowerState (FollowerState.java:run(117)) - c39ba312-e57f-4b8c-998e-32538a6d88da@group-A09C527D8C6F-FollowerState was interrupted: java.lang.InterruptedException: sleep interrupted
2019-10-18 12:32:32,799 [Thread-1235] INFO  impl.FollowerState (FollowerState.java:run(117)) - 6af5dfc0-d4d0-48db-9aa9-c45e51549e54@group-A09C527D8C6F-FollowerState was interrupted: java.lang.InterruptedException: sleep interrupted
2019-10-18 12:32:32,822 [67d877d9-ecd0-4b7d-838e-89aa2c4103c0@group-A09C527D8C6F-LeaderElection135] INFO  impl.LeaderElection (LeaderElection.java:logAndReturn(56)) - 67d877d9-ecd0-4b7d-838e-89aa2c4103c0@group-A09C527D8C6F-LeaderElection135: Election REJECTED; received 2 response(s) [67d877d9-ecd0-4b7d-838e-89aa2c4103c0<-c39ba312-e57f-4b8c-998e-32538a6d88da#0:FAIL-t166, 67d877d9-ecd0-4b7d-838e-89aa2c4103c0<-6af5dfc0-d4d0-48db-9aa9-c45e51549e54#0:FAIL-t166] and 0 exception(s); 67d877d9-ecd0-4b7d-838e-89aa2c4103c0@group-A09C527D8C6F:t166, leader=null, voted=67d877d9-ecd0-4b7d-838e-89aa2c4103c0, raftlog=67d877d9-ecd0-4b7d-838e-89aa2c4103c0@group-A09C527D8C6F-SegmentedRaftLog:OPENED:c-1,f-1,i0, conf=-1: [c39ba312-e57f-4b8c-998e-32538a6d88da:192.168.34.56:44039, 67d877d9-ecd0-4b7d-838e-89aa2c4103c0:192.168.34.56:33816, 6af5dfc0-d4d0-48db-9aa9-c45e51549e54:192.168.34.56:32981], old=null
2019-10-18 12:32:32,823 [67d877d9-ecd0-4b7d-838e-89aa2c4103c0@group-A09C527D8C6F-LeaderElection135] INFO  impl.RaftServerImpl (RaftServerImpl.java:setRole(184)) - 67d877d9-ecd0-4b7d-838e-89aa2c4103c0@group-A09C527D8C6F: changes role from CANDIDATE to FOLLOWER at term 166 for DISCOVERED_A_NEW_TERM
2019-10-18 12:32:32,823 [67d877d9-ecd0-4b7d-838e-89aa2c4103c0@group-A09C527D8C6F-LeaderElection135] INFO  impl.RoleInfo (RoleInfo.java:shutdownLeaderElection(134)) - 67d877d9-ecd0-4b7d-838e-89aa2c4103c0: shutdown LeaderElection
2019-10-18 12:32:32,823 [67d877d9-ecd0-4b7d-838e-89aa2c4103c0@group-A09C527D8C6F-LeaderElection135] INFO  impl.RoleInfo (RoleInfo.java:updateAndGet(143)) - 67d877d9-ecd0-4b7d-838e-89aa2c4103c0: start FollowerState
2019-10-18 12:32:32,897 [Thread-1242] INFO  impl.FollowerState (FollowerState.java:run(108)) - 67d877d9-ecd0-4b7d-838e-89aa2c4103c0@group-A09C527D8C6F-FollowerState: change to CANDIDATE, lastRpcTime:73ms, electionTimeout:73ms
2019-10-18 12:32:32,906 [Thread-1242] INFO  impl.RoleInfo (RoleInfo.java:shutdownFollowerState(121)) - 67d877d9-ecd0-4b7d-838e-89aa2c4103c0: shutdown FollowerState
2019-10-18 12:32:32,907 [Thread-1242] INFO  impl.RaftServerImpl (RaftServerImpl.java:setRole(184)) - 67d877d9-ecd0-4b7d-838e-89aa2c4103c0@group-A09C527D8C6F: changes role from  FOLLOWER to CANDIDATE at term 166 for changeToCandidate
2019-10-18 12:32:32,907 [Thread-1242] INFO  impl.RoleInfo (RoleInfo.java:updateAndGet(143)) - 67d877d9-ecd0-4b7d-838e-89aa2c4103c0: start LeaderElection
2019-10-18 12:32:32,938 [67d877d9-ecd0-4b7d-838e-89aa2c4103c0@group-A09C527D8C6F-LeaderElection136] INFO  impl.LeaderElection (LeaderElection.java:askForVotes(178)) - 67d877d9-ecd0-4b7d-838e-89aa2c4103c0@group-A09C527D8C6F-LeaderElection136: begin an election at term 167 for -1: [c39ba312-e57f-4b8c-998e-32538a6d88da:192.168.34.56:44039, 67d877d9-ecd0-4b7d-838e-89aa2c4103c0:192.168.34.56:33816, 6af5dfc0-d4d0-48db-9aa9-c45e51549e54:192.168.34.56:32981], old=null
2019-10-18 12:32:32,942 [grpc-default-executor-3] INFO  impl.RaftServerImpl (RaftServerImpl.java:setRole(184)) - c39ba312-e57f-4b8c-998e-32538a6d88da@group-A09C527D8C6F: changes role from  FOLLOWER to FOLLOWER at term 167 for recognizeCandidate:67d877d9-ecd0-4b7d-838e-89aa2c4103c0
2019-10-18 12:32:32,942 [grpc-default-executor-5] INFO  impl.RaftServerImpl (RaftServerImpl.java:setRole(184)) - 6af5dfc0-d4d0-48db-9aa9-c45e51549e54@group-A09C527D8C6F: changes role from  FOLLOWER to FOLLOWER at term 167 for recognizeCandidate:67d877d9-ecd0-4b7d-838e-89aa2c4103c0
2019-10-18 12:32:32,942 [grpc-default-executor-3] INFO  impl.RoleInfo (RoleInfo.java:shutdownFollowerState(121)) - c39ba312-e57f-4b8c-998e-32538a6d88da: shutdown FollowerState
2019-10-18 12:32:32,942 [grpc-default-executor-5] INFO  impl.RoleInfo (RoleInfo.java:shutdownFollowerState(121)) - 6af5dfc0-d4d0-48db-9aa9-c45e51549e54: shutdown FollowerState
2019-10-18 12:32:32,942 [grpc-default-executor-3] INFO  impl.RoleInfo (RoleInfo.java:updateAndGet(143)) - c39ba312-e57f-4b8c-998e-32538a6d88da: start FollowerState
2019-10-18 12:32:32,943 [grpc-default-executor-5] INFO  impl.RoleInfo (RoleInfo.java:updateAndGet(143)) - 6af5dfc0-d4d0-48db-9aa9-c45e51549e54: start FollowerState
2019-10-18 12:32:32,943 [Thread-1240] INFO  impl.FollowerState (FollowerState.java:run(117)) - c39ba312-e57f-4b8c-998e-32538a6d88da@group-A09C527D8C6F-FollowerState was interrupted: java.lang.InterruptedException: sleep interrupted
2019-10-18 12:32:32,943 [Thread-1241] INFO  impl.FollowerState (FollowerState.java:run(117)) - 6af5dfc0-d4d0-48db-9aa9-c45e51549e54@group-A09C527D8C6F-FollowerState was interrupted: java.lang.InterruptedException: sleep interrupted
2019-10-18 12:32:32,973 [67d877d9-ecd0-4b7d-838e-89aa2c4103c0@group-A09C527D8C6F-LeaderElection136] INFO  impl.LeaderElection (LeaderElection.java:logAndReturn(56)) - 67d877d9-ecd0-4b7d-838e-89aa2c4103c0@group-A09C527D8C6F-LeaderElection136: Election REJECTED; received 2 response(s) [67d877d9-ecd0-4b7d-838e-89aa2c4103c0<-c39ba312-e57f-4b8c-998e-32538a6d88da#0:FAIL-t167, 67d877d9-ecd0-4b7d-838e-89aa2c4103c0<-6af5dfc0-d4d0-48db-9aa9-c45e51549e54#0:FAIL-t167] and 0 exception(s); 67d877d9-ecd0-4b7d-838e-89aa2c4103c0@group-A09C527D8C6F:t167, leader=null, voted=67d877d9-ecd0-4b7d-838e-89aa2c4103c0, raftlog=67d877d9-ecd0-4b7d-838e-89aa2c4103c0@group-A09C527D8C6F-SegmentedRaftLog:OPENED:c-1,f-1,i0, conf=-1: [c39ba312-e57f-4b8c-998e-32538a6d88da:192.168.34.56:44039, 67d877d9-ecd0-4b7d-838e-89aa2c4103c0:192.168.34.56:33816, 6af5dfc0-d4d0-48db-9aa9-c45e51549e54:192.168.34.56:32981], old=null
2019-10-18 12:32:32,974 [67d877d9-ecd0-4b7d-838e-89aa2c4103c0@group-A09C527D8C6F-LeaderElection136] INFO  impl.RaftServerImpl (RaftServerImpl.java:setRole(184)) - 67d877d9-ecd0-4b7d-838e-89aa2c4103c0@group-A09C527D8C6F: changes role from CANDIDATE to FOLLOWER at term 167 for DISCOVERED_A_NEW_TERM
2019-10-18 12:32:32,974 [67d877d9-ecd0-4b7d-838e-89aa2c4103c0@group-A09C527D8C6F-LeaderElection136] INFO  impl.RoleInfo (RoleInfo.java:shutdownLeaderElection(134)) - 67d877d9-ecd0-4b7d-838e-89aa2c4103c0: shutdown LeaderElection
2019-10-18 12:32:32,974 [67d877d9-ecd0-4b7d-838e-89aa2c4103c0@group-A09C527D8C6F-LeaderElection136] INFO  impl.RoleInfo (RoleInfo.java:updateAndGet(143)) - 67d877d9-ecd0-4b7d-838e-89aa2c4103c0: start FollowerState
2019-10-18 12:32:33,147 [Thread-1250] INFO  impl.FollowerState (FollowerState.java:run(108)) - 67d877d9-ecd0-4b7d-838e-89aa2c4103c0@group-A09C527D8C6F-FollowerState: change to CANDIDATE, lastRpcTime:172ms, electionTimeout:172ms
2019-10-18 12:32:33,147 [Thread-1250] INFO  impl.RoleInfo (RoleInfo.java:shutdownFollowerState(121)) - 67d877d9-ecd0-4b7d-838e-89aa2c4103c0: shutdown FollowerState
2019-10-18 12:32:33,147 [Thread-1250] INFO  impl.RaftServerImpl (RaftServerImpl.java:setRole(184)) - 67d877d9-ecd0-4b7d-838e-89aa2c4103c0@group-A09C527D8C6F: changes role from  FOLLOWER to CANDIDATE at term 167 for changeToCandidate
2019-10-18 12:32:33,147 [Thread-1250] INFO  impl.RoleInfo (RoleInfo.java:updateAndGet(143)) - 67d877d9-ecd0-4b7d-838e-89aa2c4103c0: start LeaderElection
2019-10-18 12:32:33,172 [67d877d9-ecd0-4b7d-838e-89aa2c4103c0@group-A09C527D8C6F-LeaderElection137] INFO  impl.LeaderElection (LeaderElection.java:askForVotes(178)) - 67d877d9-ecd0-4b7d-838e-89aa2c4103c0@group-A09C527D8C6F-LeaderElection137: begin an election at term 168 for -1: [c39ba312-e57f-4b8c-998e-32538a6d88da:192.168.34.56:44039, 67d877d9-ecd0-4b7d-838e-89aa2c4103c0:192.168.34.56:33816, 6af5dfc0-d4d0-48db-9aa9-c45e51549e54:192.168.34.56:32981], old=null
2019-10-18 12:32:33,176 [grpc-default-executor-5] INFO  impl.RaftServerImpl (RaftServerImpl.java:setRole(184)) - 6af5dfc0-d4d0-48db-9aa9-c45e51549e54@group-A09C527D8C6F: changes role from  FOLLOWER to FOLLOWER at term 168 for recognizeCandidate:67d877d9-ecd0-4b7d-838e-89aa2c4103c0
2019-10-18 12:32:33,176 [grpc-default-executor-3] INFO  impl.RaftServerImpl (RaftServerImpl.java:setRole(184)) - c39ba312-e57f-4b8c-998e-32538a6d88da@group-A09C527D8C6F: changes role from  FOLLOWER to FOLLOWER at term 168 for recognizeCandidate:67d877d9-ecd0-4b7d-838e-89aa2c4103c0
2019-10-18 12:32:33,176 [grpc-default-executor-3] INFO  impl.RoleInfo (RoleInfo.java:shutdownFollowerState(121)) - c39ba312-e57f-4b8c-998e-32538a6d88da: shutdown FollowerState
2019-10-18 12:32:33,176 [grpc-default-executor-5] INFO  impl.RoleInfo (RoleInfo.java:shutdownFollowerState(121)) - 6af5dfc0-d4d0-48db-9aa9-c45e51549e54: shutdown FollowerState
2019-10-18 12:32:33,176 [grpc-default-executor-3] INFO  impl.RoleInfo (RoleInfo.java:updateAndGet(143)) - c39ba312-e57f-4b8c-998e-32538a6d88da: start FollowerState
2019-10-18 12:32:33,176 [grpc-default-executor-5] INFO  impl.RoleInfo (RoleInfo.java:updateAndGet(143)) - 6af5dfc0-d4d0-48db-9aa9-c45e51549e54: start FollowerState
2019-10-18 12:32:33,176 [Thread-1248] INFO  impl.FollowerState (FollowerState.java:run(117)) - c39ba312-e57f-4b8c-998e-32538a6d88da@group-A09C527D8C6F-FollowerState was interrupted: java.lang.InterruptedException: sleep interrupted
2019-10-18 12:32:33,177 [Thread-1249] INFO  impl.FollowerState (FollowerState.java:run(117)) - 6af5dfc0-d4d0-48db-9aa9-c45e51549e54@group-A09C527D8C6F-FollowerState was interrupted: java.lang.InterruptedException: sleep interrupted
2019-10-18 12:32:33,200 [67d877d9-ecd0-4b7d-838e-89aa2c4103c0@group-A09C527D8C6F-LeaderElection137] INFO  impl.LeaderElection (LeaderElection.java:logAndReturn(56)) - 67d877d9-ecd0-4b7d-838e-89aa2c4103c0@group-A09C527D8C6F-LeaderElection137: Election REJECTED; received 2 response(s) [67d877d9-ecd0-4b7d-838e-89aa2c4103c0<-c39ba312-e57f-4b8c-998e-32538a6d88da#0:FAIL-t168, 67d877d9-ecd0-4b7d-838e-89aa2c4103c0<-6af5dfc0-d4d0-48db-9aa9-c45e51549e54#0:FAIL-t168] and 0 exception(s); 67d877d9-ecd0-4b7d-838e-89aa2c4103c0@group-A09C527D8C6F:t168, leader=null, voted=67d877d9-ecd0-4b7d-838e-89aa2c4103c0, raftlog=67d877d9-ecd0-4b7d-838e-89aa2c4103c0@group-A09C527D8C6F-SegmentedRaftLog:OPENED:c-1,f-1,i0, conf=-1: [c39ba312-e57f-4b8c-998e-32538a6d88da:192.168.34.56:44039, 67d877d9-ecd0-4b7d-838e-89aa2c4103c0:192.168.34.56:33816, 6af5dfc0-d4d0-48db-9aa9-c45e51549e54:192.168.34.56:32981], old=null
2019-10-18 12:32:33,200 [67d877d9-ecd0-4b7d-838e-89aa2c4103c0@group-A09C527D8C6F-LeaderElection137] INFO  impl.RaftServerImpl (RaftServerImpl.java:setRole(184)) - 67d877d9-ecd0-4b7d-838e-89aa2c4103c0@group-A09C527D8C6F: changes role from CANDIDATE to FOLLOWER at term 168 for DISCOVERED_A_NEW_TERM
2019-10-18 12:32:33,200 [67d877d9-ecd0-4b7d-838e-89aa2c4103c0@group-A09C527D8C6F-LeaderElection137] INFO  impl.RoleInfo (RoleInfo.java:shutdownLeaderElection(134)) - 67d877d9-ecd0-4b7d-838e-89aa2c4103c0: shutdown LeaderElection
2019-10-18 12:32:33,201 [67d877d9-ecd0-4b7d-838e-89aa2c4103c0@group-A09C527D8C6F-LeaderElection137] INFO  impl.RoleInfo (RoleInfo.java:updateAndGet(143)) - 67d877d9-ecd0-4b7d-838e-89aa2c4103c0: start FollowerState
2019-10-18 12:32:33,331 [Thread-1256] INFO  impl.FollowerState (FollowerState.java:run(108)) - 67d877d9-ecd0-4b7d-838e-89aa2c4103c0@group-A09C527D8C6F-FollowerState: change to CANDIDATE, lastRpcTime:130ms, electionTimeout:130ms
2019-10-18 12:32:33,331 [Thread-1256] INFO  impl.RoleInfo (RoleInfo.java:shutdownFollowerState(121)) - 67d877d9-ecd0-4b7d-838e-89aa2c4103c0: shutdown FollowerState
2019-10-18 12:32:33,332 [Thread-1256] INFO  impl.RaftServerImpl (RaftServerImpl.java:setRole(184)) - 67d877d9-ecd0-4b7d-838e-89aa2c4103c0@group-A09C527D8C6F: changes role from  FOLLOWER to CANDIDATE at term 168 for changeToCandidate
2019-10-18 12:32:33,332 [Thread-1256] INFO  impl.RoleInfo (RoleInfo.java:updateAndGet(143)) - 67d877d9-ecd0-4b7d-838e-89aa2c4103c0: start LeaderElection
2019-10-18 12:32:33,358 [67d877d9-ecd0-4b7d-838e-89aa2c4103c0@group-A09C527D8C6F-LeaderElection138] INFO  impl.LeaderElection (LeaderElection.java:askForVotes(178)) - 67d877d9-ecd0-4b7d-838e-89aa2c4103c0@group-A09C527D8C6F-LeaderElection138: begin an election at term 169 for -1: [c39ba312-e57f-4b8c-998e-32538a6d88da:192.168.34.56:44039, 67d877d9-ecd0-4b7d-838e-89aa2c4103c0:192.168.34.56:33816, 6af5dfc0-d4d0-48db-9aa9-c45e51549e54:192.168.34.56:32981], old=null
2019-10-18 12:32:33,360 [grpc-default-executor-3] INFO  impl.RaftServerImpl (RaftServerImpl.java:setRole(184)) - c39ba312-e57f-4b8c-998e-32538a6d88da@group-A09C527D8C6F: changes role from  FOLLOWER to FOLLOWER at term 169 for recognizeCandidate:67d877d9-ecd0-4b7d-838e-89aa2c4103c0
2019-10-18 12:32:33,361 [grpc-default-executor-3] INFO  impl.RoleInfo (RoleInfo.java:shutdownFollowerState(121)) - c39ba312-e57f-4b8c-998e-32538a6d88da: shutdown FollowerState
2019-10-18 12:32:33,360 [grpc-default-executor-5] INFO  impl.RaftServerImpl (RaftServerImpl.java:setRole(184)) - 6af5dfc0-d4d0-48db-9aa9-c45e51549e54@group-A09C527D8C6F: changes role from  FOLLOWER to FOLLOWER at term 169 for recognizeCandidate:67d877d9-ecd0-4b7d-838e-89aa2c4103c0
2019-10-18 12:32:33,361 [Thread-1254] INFO  impl.FollowerState (FollowerState.java:run(117)) - c39ba312-e57f-4b8c-998e-32538a6d88da@group-A09C527D8C6F-FollowerState was interrupted: java.lang.InterruptedException: sleep interrupted
2019-10-18 12:32:33,361 [grpc-default-executor-3] INFO  impl.RoleInfo (RoleInfo.java:updateAndGet(143)) - c39ba312-e57f-4b8c-998e-32538a6d88da: start FollowerState
2019-10-18 12:32:33,361 [grpc-default-executor-5] INFO  impl.RoleInfo (RoleInfo.java:shutdownFollowerState(121)) - 6af5dfc0-d4d0-48db-9aa9-c45e51549e54: shutdown FollowerState
2019-10-18 12:32:33,361 [grpc-default-executor-5] INFO  impl.RoleInfo (RoleInfo.java:updateAndGet(143)) - 6af5dfc0-d4d0-48db-9aa9-c45e51549e54: start FollowerState
2019-10-18 12:32:33,361 [Thread-1255] INFO  impl.FollowerState (FollowerState.java:run(117)) - 6af5dfc0-d4d0-48db-9aa9-c45e51549e54@group-A09C527D8C6F-FollowerState was interrupted: java.lang.InterruptedException: sleep interrupted
2019-10-18 12:32:33,384 [67d877d9-ecd0-4b7d-838e-89aa2c4103c0@group-A09C527D8C6F-LeaderElection138] INFO  impl.LeaderElection (LeaderElection.java:logAndReturn(56)) - 67d877d9-ecd0-4b7d-838e-89aa2c4103c0@group-A09C527D8C6F-LeaderElection138: Election REJECTED; received 2 response(s) [67d877d9-ecd0-4b7d-838e-89aa2c4103c0<-c39ba312-e57f-4b8c-998e-32538a6d88da#0:FAIL-t169, 67d877d9-ecd0-4b7d-838e-89aa2c4103c0<-6af5dfc0-d4d0-48db-9aa9-c45e51549e54#0:FAIL-t169] and 0 exception(s); 67d877d9-ecd0-4b7d-838e-89aa2c4103c0@group-A09C527D8C6F:t169, leader=null, voted=67d877d9-ecd0-4b7d-838e-89aa2c4103c0, raftlog=67d877d9-ecd0-4b7d-838e-89aa2c4103c0@group-A09C527D8C6F-SegmentedRaftLog:OPENED:c-1,f-1,i0, conf=-1: [c39ba312-e57f-4b8c-998e-32538a6d88da:192.168.34.56:44039, 67d877d9-ecd0-4b7d-838e-89aa2c4103c0:192.168.34.56:33816, 6af5dfc0-d4d0-48db-9aa9-c45e51549e54:192.168.34.56:32981], old=null
2019-10-18 12:32:33,384 [67d877d9-ecd0-4b7d-838e-89aa2c4103c0@group-A09C527D8C6F-LeaderElection138] INFO  impl.RaftServerImpl (RaftServerImpl.java:setRole(184)) - 67d877d9-ecd0-4b7d-838e-89aa2c4103c0@group-A09C527D8C6F: changes role from CANDIDATE to FOLLOWER at term 169 for DISCOVERED_A_NEW_TERM
2019-10-18 12:32:33,384 [67d877d9-ecd0-4b7d-838e-89aa2c4103c0@group-A09C527D8C6F-LeaderElection138] INFO  impl.RoleInfo (RoleInfo.java:shutdownLeaderElection(134)) - 67d877d9-ecd0-4b7d-838e-89aa2c4103c0: shutdown LeaderElection
2019-10-18 12:32:33,385 [67d877d9-ecd0-4b7d-838e-89aa2c4103c0@group-A09C527D8C6F-LeaderElection138] INFO  impl.RoleInfo (RoleInfo.java:updateAndGet(143)) - 67d877d9-ecd0-4b7d-838e-89aa2c4103c0: start FollowerState
2019-10-18 12:32:33,425 [Thread-1262] INFO  impl.FollowerState (FollowerState.java:run(108)) - 67d877d9-ecd0-4b7d-838e-89aa2c4103c0@group-A09C527D8C6F-FollowerState: change to CANDIDATE, lastRpcTime:40ms, electionTimeout:40ms
2019-10-18 12:32:33,425 [Thread-1262] INFO  impl.RoleInfo (RoleInfo.java:shutdownFollowerState(121)) - 67d877d9-ecd0-4b7d-838e-89aa2c4103c0: shutdown FollowerState
2019-10-18 12:32:33,425 [Thread-1262] INFO  impl.RaftServerImpl (RaftServerImpl.java:setRole(184)) - 67d877d9-ecd0-4b7d-838e-89aa2c4103c0@group-A09C527D8C6F: changes role from  FOLLOWER to CANDIDATE at term 169 for changeToCandidate
2019-10-18 12:32:33,426 [Thread-1262] INFO  impl.RoleInfo (RoleInfo.java:updateAndGet(143)) - 67d877d9-ecd0-4b7d-838e-89aa2c4103c0: start LeaderElection
2019-10-18 12:32:33,450 [67d877d9-ecd0-4b7d-838e-89aa2c4103c0@group-A09C527D8C6F-LeaderElection139] INFO  impl.LeaderElection (LeaderElection.java:askForVotes(178)) - 67d877d9-ecd0-4b7d-838e-89aa2c4103c0@group-A09C527D8C6F-LeaderElection139: begin an election at term 170 for -1: [c39ba312-e57f-4b8c-998e-32538a6d88da:192.168.34.56:44039, 67d877d9-ecd0-4b7d-838e-89aa2c4103c0:192.168.34.56:33816, 6af5dfc0-d4d0-48db-9aa9-c45e51549e54:192.168.34.56:32981], old=null
2019-10-18 12:32:33,453 [grpc-default-executor-3] INFO  impl.RaftServerImpl (RaftServerImpl.java:setRole(184)) - c39ba312-e57f-4b8c-998e-32538a6d88da@group-A09C527D8C6F: changes role from  FOLLOWER to FOLLOWER at term 170 for recognizeCandidate:67d877d9-ecd0-4b7d-838e-89aa2c4103c0
2019-10-18 12:32:33,453 [grpc-default-executor-5] INFO  impl.RaftServerImpl (RaftServerImpl.java:setRole(184)) - 6af5dfc0-d4d0-48db-9aa9-c45e51549e54@group-A09C527D8C6F: changes role from  FOLLOWER to FOLLOWER at term 170 for recognizeCandidate:67d877d9-ecd0-4b7d-838e-89aa2c4103c0
2019-10-18 12:32:33,454 [grpc-default-executor-3] INFO  impl.RoleInfo (RoleInfo.java:shutdownFollowerState(121)) - c39ba312-e57f-4b8c-998e-32538a6d88da: shutdown FollowerState
2019-10-18 12:32:33,454 [grpc-default-executor-5] INFO  impl.RoleInfo (RoleInfo.java:shutdownFollowerState(121)) - 6af5dfc0-d4d0-48db-9aa9-c45e51549e54: shutdown FollowerState
2019-10-18 12:32:33,454 [grpc-default-executor-3] INFO  impl.RoleInfo (RoleInfo.java:updateAndGet(143)) - c39ba312-e57f-4b8c-998e-32538a6d88da: start FollowerState
2019-10-18 12:32:33,454 [grpc-default-executor-5] INFO  impl.RoleInfo (RoleInfo.java:updateAndGet(143)) - 6af5dfc0-d4d0-48db-9aa9-c45e51549e54: start FollowerState
2019-10-18 12:32:33,454 [Thread-1260] INFO  impl.FollowerState (FollowerState.java:run(117)) - c39ba312-e57f-4b8c-998e-32538a6d88da@group-A09C527D8C6F-FollowerState was interrupted: java.lang.InterruptedException: sleep interrupted
2019-10-18 12:32:33,454 [Thread-1261] INFO  impl.FollowerState (FollowerState.java:run(117)) - 6af5dfc0-d4d0-48db-9aa9-c45e51549e54@group-A09C527D8C6F-FollowerState was interrupted: java.lang.InterruptedException: sleep interrupted
2019-10-18 12:32:33,475 [67d877d9-ecd0-4b7d-838e-89aa2c4103c0@group-A09C527D8C6F-LeaderElection139] INFO  impl.LeaderElection (LeaderElection.java:logAndReturn(56)) - 67d877d9-ecd0-4b7d-838e-89aa2c4103c0@group-A09C527D8C6F-LeaderElection139: Election TIMEOUT; received 0 response(s) [] and 0 exception(s); 67d877d9-ecd0-4b7d-838e-89aa2c4103c0@group-A09C527D8C6F:t170, leader=null, voted=67d877d9-ecd0-4b7d-838e-89aa2c4103c0, raftlog=67d877d9-ecd0-4b7d-838e-89aa2c4103c0@group-A09C527D8C6F-SegmentedRaftLog:OPENED:c-1,f-1,i0, conf=-1: [c39ba312-e57f-4b8c-998e-32538a6d88da:192.168.34.56:44039, 67d877d9-ecd0-4b7d-838e-89aa2c4103c0:192.168.34.56:33816, 6af5dfc0-d4d0-48db-9aa9-c45e51549e54:192.168.34.56:32981], old=null
2019-10-18 12:32:33,501 [67d877d9-ecd0-4b7d-838e-89aa2c4103c0@group-A09C527D8C6F-LeaderElection139] INFO  impl.LeaderElection (LeaderElection.java:askForVotes(178)) - 67d877d9-ecd0-4b7d-838e-89aa2c4103c0@group-A09C527D8C6F-LeaderElection139: begin an election at term 171 for -1: [c39ba312-e57f-4b8c-998e-32538a6d88da:192.168.34.56:44039, 67d877d9-ecd0-4b7d-838e-89aa2c4103c0:192.168.34.56:33816, 6af5dfc0-d4d0-48db-9aa9-c45e51549e54:192.168.34.56:32981], old=null
2019-10-18 12:32:33,503 [grpc-default-executor-3] INFO  impl.RaftServerImpl (RaftServerImpl.java:setRole(184)) - 6af5dfc0-d4d0-48db-9aa9-c45e51549e54@group-A09C527D8C6F: changes role from  FOLLOWER to FOLLOWER at term 171 for recognizeCandidate:67d877d9-ecd0-4b7d-838e-89aa2c4103c0
2019-10-18 12:32:33,503 [grpc-default-executor-5] INFO  impl.RaftServerImpl (RaftServerImpl.java:setRole(184)) - c39ba312-e57f-4b8c-998e-32538a6d88da@group-A09C527D8C6F: changes role from  FOLLOWER to FOLLOWER at term 171 for recognizeCandidate:67d877d9-ecd0-4b7d-838e-89aa2c4103c0
2019-10-18 12:32:33,503 [grpc-default-executor-3] INFO  impl.RoleInfo (RoleInfo.java:shutdownFollowerState(121)) - 6af5dfc0-d4d0-48db-9aa9-c45e51549e54: shutdown FollowerState
2019-10-18 12:32:33,504 [grpc-default-executor-5] INFO  impl.RoleInfo (RoleInfo.java:shutdownFollowerState(121)) - c39ba312-e57f-4b8c-998e-32538a6d88da: shutdown FollowerState
2019-10-18 12:32:33,504 [grpc-default-executor-3] INFO  impl.RoleInfo (RoleInfo.java:updateAndGet(143)) - 6af5dfc0-d4d0-48db-9aa9-c45e51549e54: start FollowerState
2019-10-18 12:32:33,504 [grpc-default-executor-5] INFO  impl.RoleInfo (RoleInfo.java:updateAndGet(143)) - c39ba312-e57f-4b8c-998e-32538a6d88da: start FollowerState
2019-10-18 12:32:33,504 [Thread-1267] INFO  impl.FollowerState (FollowerState.java:run(117)) - 6af5dfc0-d4d0-48db-9aa9-c45e51549e54@group-A09C527D8C6F-FollowerState was interrupted: java.lang.InterruptedException: sleep interrupted
2019-10-18 12:32:33,504 [Thread-1266] INFO  impl.FollowerState (FollowerState.java:run(117)) - c39ba312-e57f-4b8c-998e-32538a6d88da@group-A09C527D8C6F-FollowerState was interrupted: java.lang.InterruptedException: sleep interrupted
2019-10-18 12:32:33,527 [67d877d9-ecd0-4b7d-838e-89aa2c4103c0@group-A09C527D8C6F-LeaderElection139] INFO  impl.LeaderElection (LeaderElection.java:logAndReturn(56)) - 67d877d9-ecd0-4b7d-838e-89aa2c4103c0@group-A09C527D8C6F-LeaderElection139: Election REJECTED; received 2 response(s) [67d877d9-ecd0-4b7d-838e-89aa2c4103c0<-c39ba312-e57f-4b8c-998e-32538a6d88da#0:FAIL-t171, 67d877d9-ecd0-4b7d-838e-89aa2c4103c0<-6af5dfc0-d4d0-48db-9aa9-c45e51549e54#0:FAIL-t171] and 0 exception(s); 67d877d9-ecd0-4b7d-838e-89aa2c4103c0@group-A09C527D8C6F:t171, leader=null, voted=67d877d9-ecd0-4b7d-838e-89aa2c4103c0, raftlog=67d877d9-ecd0-4b7d-838e-89aa2c4103c0@group-A09C527D8C6F-SegmentedRaftLog:OPENED:c-1,f-1,i0, conf=-1: [c39ba312-e57f-4b8c-998e-32538a6d88da:192.168.34.56:44039, 67d877d9-ecd0-4b7d-838e-89aa2c4103c0:192.168.34.56:33816, 6af5dfc0-d4d0-48db-9aa9-c45e51549e54:192.168.34.56:32981], old=null
2019-10-18 12:32:33,527 [67d877d9-ecd0-4b7d-838e-89aa2c4103c0@group-A09C527D8C6F-LeaderElection139] INFO  impl.RaftServerImpl (RaftServerImpl.java:setRole(184)) - 67d877d9-ecd0-4b7d-838e-89aa2c4103c0@group-A09C527D8C6F: changes role from CANDIDATE to FOLLOWER at term 171 for DISCOVERED_A_NEW_TERM
2019-10-18 12:32:33,527 [67d877d9-ecd0-4b7d-838e-89aa2c4103c0@group-A09C527D8C6F-LeaderElection139] INFO  impl.RoleInfo (RoleInfo.java:shutdownLeaderElection(134)) - 67d877d9-ecd0-4b7d-838e-89aa2c4103c0: shutdown LeaderElection
2019-10-18 12:32:33,528 [67d877d9-ecd0-4b7d-838e-89aa2c4103c0@group-A09C527D8C6F-LeaderElection139] INFO  impl.RoleInfo (RoleInfo.java:updateAndGet(143)) - 67d877d9-ecd0-4b7d-838e-89aa2c4103c0: start FollowerState
2019-10-18 12:32:33,659 [Thread-1272] INFO  impl.FollowerState (FollowerState.java:run(108)) - 67d877d9-ecd0-4b7d-838e-89aa2c4103c0@group-A09C527D8C6F-FollowerState: change to CANDIDATE, lastRpcTime:131ms, electionTimeout:131ms
2019-10-18 12:32:33,659 [Thread-1272] INFO  impl.RoleInfo (RoleInfo.java:shutdownFollowerState(121)) - 67d877d9-ecd0-4b7d-838e-89aa2c4103c0: shutdown FollowerState
2019-10-18 12:32:33,659 [Thread-1272] INFO  impl.RaftServerImpl (RaftServerImpl.java:setRole(184)) - 67d877d9-ecd0-4b7d-838e-89aa2c4103c0@group-A09C527D8C6F: changes role from  FOLLOWER to CANDIDATE at term 171 for changeToCandidate
2019-10-18 12:32:33,660 [Thread-1272] INFO  impl.RoleInfo (RoleInfo.java:updateAndGet(143)) - 67d877d9-ecd0-4b7d-838e-89aa2c4103c0: start LeaderElection
2019-10-18 12:32:33,685 [67d877d9-ecd0-4b7d-838e-89aa2c4103c0@group-A09C527D8C6F-LeaderElection140] INFO  impl.LeaderElection (LeaderElection.java:askForVotes(178)) - 67d877d9-ecd0-4b7d-838e-89aa2c4103c0@group-A09C527D8C6F-LeaderElection140: begin an election at term 172 for -1: [c39ba312-e57f-4b8c-998e-32538a6d88da:192.168.34.56:44039, 67d877d9-ecd0-4b7d-838e-89aa2c4103c0:192.168.34.56:33816, 6af5dfc0-d4d0-48db-9aa9-c45e51549e54:192.168.34.56:32981], old=null
2019-10-18 12:32:33,688 [grpc-default-executor-3] INFO  impl.RaftServerImpl (RaftServerImpl.java:setRole(184)) - c39ba312-e57f-4b8c-998e-32538a6d88da@group-A09C527D8C6F: changes role from  FOLLOWER to FOLLOWER at term 172 for recognizeCandidate:67d877d9-ecd0-4b7d-838e-89aa2c4103c0
2019-10-18 12:32:33,688 [grpc-default-executor-5] INFO  impl.RaftServerImpl (RaftServerImpl.java:setRole(184)) - 6af5dfc0-d4d0-48db-9aa9-c45e51549e54@group-A09C527D8C6F: changes role from  FOLLOWER to FOLLOWER at term 172 for recognizeCandidate:67d877d9-ecd0-4b7d-838e-89aa2c4103c0
2019-10-18 12:32:33,688 [grpc-default-executor-3] INFO  impl.RoleInfo (RoleInfo.java:shutdownFollowerState(121)) - c39ba312-e57f-4b8c-998e-32538a6d88da: shutdown FollowerState
2019-10-18 12:32:33,688 [grpc-default-executor-5] INFO  impl.RoleInfo (RoleInfo.java:shutdownFollowerState(121)) - 6af5dfc0-d4d0-48db-9aa9-c45e51549e54: shutdown FollowerState
2019-10-18 12:32:33,688 [Thread-1271] INFO  impl.FollowerState (FollowerState.java:run(117)) - c39ba312-e57f-4b8c-998e-32538a6d88da@group-A09C527D8C6F-FollowerState was interrupted: java.lang.InterruptedException: sleep interrupted
2019-10-18 12:32:33,688 [grpc-default-executor-3] INFO  impl.RoleInfo (RoleInfo.java:updateAndGet(143)) - c39ba312-e57f-4b8c-998e-32538a6d88da: start FollowerState
2019-10-18 12:32:33,688 [Thread-1270] INFO  impl.FollowerState (FollowerState.java:run(117)) - 6af5dfc0-d4d0-48db-9aa9-c45e51549e54@group-A09C527D8C6F-FollowerState was interrupted: java.lang.InterruptedException: sleep interrupted
2019-10-18 12:32:33,688 [grpc-default-executor-5] INFO  impl.RoleInfo (RoleInfo.java:updateAndGet(143)) - 6af5dfc0-d4d0-48db-9aa9-c45e51549e54: start FollowerState
2019-10-18 12:32:33,711 [67d877d9-ecd0-4b7d-838e-89aa2c4103c0@group-A09C527D8C6F-LeaderElection140] INFO  impl.LeaderElection (LeaderElection.java:logAndReturn(56)) - 67d877d9-ecd0-4b7d-838e-89aa2c4103c0@group-A09C527D8C6F-LeaderElection140: Election REJECTED; received 2 response(s) [67d877d9-ecd0-4b7d-838e-89aa2c4103c0<-c39ba312-e57f-4b8c-998e-32538a6d88da#0:FAIL-t172, 67d877d9-ecd0-4b7d-838e-89aa2c4103c0<-6af5dfc0-d4d0-48db-9aa9-c45e51549e54#0:FAIL-t172] and 0 exception(s); 67d877d9-ecd0-4b7d-838e-89aa2c4103c0@group-A09C527D8C6F:t172, leader=null, voted=67d877d9-ecd0-4b7d-838e-89aa2c4103c0, raftlog=67d877d9-ecd0-4b7d-838e-89aa2c4103c0@group-A09C527D8C6F-SegmentedRaftLog:OPENED:c-1,f-1,i0, conf=-1: [c39ba312-e57f-4b8c-998e-32538a6d88da:192.168.34.56:44039, 67d877d9-ecd0-4b7d-838e-89aa2c4103c0:192.168.34.56:33816, 6af5dfc0-d4d0-48db-9aa9-c45e51549e54:192.168.34.56:32981], old=null
2019-10-18 12:32:33,711 [67d877d9-ecd0-4b7d-838e-89aa2c4103c0@group-A09C527D8C6F-LeaderElection140] INFO  impl.RaftServerImpl (RaftServerImpl.java:setRole(184)) - 67d877d9-ecd0-4b7d-838e-89aa2c4103c0@group-A09C527D8C6F: changes role from CANDIDATE to FOLLOWER at term 172 for DISCOVERED_A_NEW_TERM
2019-10-18 12:32:33,712 [67d877d9-ecd0-4b7d-838e-89aa2c4103c0@group-A09C527D8C6F-LeaderElection140] INFO  impl.RoleInfo (RoleInfo.java:shutdownLeaderElection(134)) - 67d877d9-ecd0-4b7d-838e-89aa2c4103c0: shutdown LeaderElection
2019-10-18 12:32:33,712 [67d877d9-ecd0-4b7d-838e-89aa2c4103c0@group-A09C527D8C6F-LeaderElection140] INFO  impl.RoleInfo (RoleInfo.java:updateAndGet(143)) - 67d877d9-ecd0-4b7d-838e-89aa2c4103c0: start FollowerState
2019-10-18 12:32:33,809 [Thread-1278] INFO  impl.FollowerState (FollowerState.java:run(108)) - 67d877d9-ecd0-4b7d-838e-89aa2c4103c0@group-A09C527D8C6F-FollowerState: change to CANDIDATE, lastRpcTime:97ms, electionTimeout:97ms
2019-10-18 12:32:33,809 [Thread-1278] INFO  impl.RoleInfo (RoleInfo.java:shutdownFollowerState(121)) - 67d877d9-ecd0-4b7d-838e-89aa2c4103c0: shutdown FollowerState
2019-10-18 12:32:33,809 [Thread-1278] INFO  impl.RaftServerImpl (RaftServerImpl.java:setRole(184)) - 67d877d9-ecd0-4b7d-838e-89aa2c4103c0@group-A09C527D8C6F: changes role from  FOLLOWER to CANDIDATE at term 172 for changeToCandidate
2019-10-18 12:32:33,810 [Thread-1278] INFO  impl.RoleInfo (RoleInfo.java:updateAndGet(143)) - 67d877d9-ecd0-4b7d-838e-89aa2c4103c0: start LeaderElection
2019-10-18 12:32:33,836 [67d877d9-ecd0-4b7d-838e-89aa2c4103c0@group-A09C527D8C6F-LeaderElection141] INFO  impl.LeaderElection (LeaderElection.java:askForVotes(178)) - 67d877d9-ecd0-4b7d-838e-89aa2c4103c0@group-A09C527D8C6F-LeaderElection141: begin an election at term 173 for -1: [c39ba312-e57f-4b8c-998e-32538a6d88da:192.168.34.56:44039, 67d877d9-ecd0-4b7d-838e-89aa2c4103c0:192.168.34.56:33816, 6af5dfc0-d4d0-48db-9aa9-c45e51549e54:192.168.34.56:32981], old=null
2019-10-18 12:32:33,838 [grpc-default-executor-3] INFO  impl.RaftServerImpl (RaftServerImpl.java:setRole(184)) - 6af5dfc0-d4d0-48db-9aa9-c45e51549e54@group-A09C527D8C6F: changes role from  FOLLOWER to FOLLOWER at term 173 for recognizeCandidate:67d877d9-ecd0-4b7d-838e-89aa2c4103c0
2019-10-18 12:32:33,838 [grpc-default-executor-5] INFO  impl.RaftServerImpl (RaftServerImpl.java:setRole(184)) - c39ba312-e57f-4b8c-998e-32538a6d88da@group-A09C527D8C6F: changes role from  FOLLOWER to FOLLOWER at term 173 for recognizeCandidate:67d877d9-ecd0-4b7d-838e-89aa2c4103c0
2019-10-18 12:32:33,838 [grpc-default-executor-3] INFO  impl.RoleInfo (RoleInfo.java:shutdownFollowerState(121)) - 6af5dfc0-d4d0-48db-9aa9-c45e51549e54: shutdown FollowerState
2019-10-18 12:32:33,838 [grpc-default-executor-5] INFO  impl.RoleInfo (RoleInfo.java:shutdownFollowerState(121)) - c39ba312-e57f-4b8c-998e-32538a6d88da: shutdown FollowerState
2019-10-18 12:32:33,839 [Thread-1277] INFO  impl.FollowerState (FollowerState.java:run(117)) - 6af5dfc0-d4d0-48db-9aa9-c45e51549e54@group-A09C527D8C6F-FollowerState was interrupted: java.lang.InterruptedException: sleep interrupted
2019-10-18 12:32:33,839 [grpc-default-executor-3] INFO  impl.RoleInfo (RoleInfo.java:updateAndGet(143)) - 6af5dfc0-d4d0-48db-9aa9-c45e51549e54: start FollowerState
2019-10-18 12:32:33,839 [grpc-default-executor-5] INFO  impl.RoleInfo (RoleInfo.java:updateAndGet(143)) - c39ba312-e57f-4b8c-998e-32538a6d88da: start FollowerState
2019-10-18 12:32:33,839 [Thread-1276] INFO  impl.FollowerState (FollowerState.java:run(117)) - c39ba312-e57f-4b8c-998e-32538a6d88da@group-A09C527D8C6F-FollowerState was interrupted: java.lang.InterruptedException: sleep interrupted
2019-10-18 12:32:33,862 [67d877d9-ecd0-4b7d-838e-89aa2c4103c0@group-A09C527D8C6F-LeaderElection141] INFO  impl.LeaderElection (LeaderElection.java:logAndReturn(56)) - 67d877d9-ecd0-4b7d-838e-89aa2c4103c0@group-A09C527D8C6F-LeaderElection141: Election REJECTED; received 2 response(s) [67d877d9-ecd0-4b7d-838e-89aa2c4103c0<-c39ba312-e57f-4b8c-998e-32538a6d88da#0:FAIL-t173, 67d877d9-ecd0-4b7d-838e-89aa2c4103c0<-6af5dfc0-d4d0-48db-9aa9-c45e51549e54#0:FAIL-t173] and 0 exception(s); 67d877d9-ecd0-4b7d-838e-89aa2c4103c0@group-A09C527D8C6F:t173, leader=null, voted=67d877d9-ecd0-4b7d-838e-89aa2c4103c0, raftlog=67d877d9-ecd0-4b7d-838e-89aa2c4103c0@group-A09C527D8C6F-SegmentedRaftLog:OPENED:c-1,f-1,i0, conf=-1: [c39ba312-e57f-4b8c-998e-32538a6d88da:192.168.34.56:44039, 67d877d9-ecd0-4b7d-838e-89aa2c4103c0:192.168.34.56:33816, 6af5dfc0-d4d0-48db-9aa9-c45e51549e54:192.168.34.56:32981], old=null
2019-10-18 12:32:33,862 [67d877d9-ecd0-4b7d-838e-89aa2c4103c0@group-A09C527D8C6F-LeaderElection141] INFO  impl.RaftServerImpl (RaftServerImpl.java:setRole(184)) - 67d877d9-ecd0-4b7d-838e-89aa2c4103c0@group-A09C527D8C6F: changes role from CANDIDATE to FOLLOWER at term 173 for DISCOVERED_A_NEW_TERM
2019-10-18 12:32:33,862 [67d877d9-ecd0-4b7d-838e-89aa2c4103c0@group-A09C527D8C6F-LeaderElection141] INFO  impl.RoleInfo (RoleInfo.java:shutdownLeaderElection(134)) - 67d877d9-ecd0-4b7d-838e-89aa2c4103c0: shutdown LeaderElection
2019-10-18 12:32:33,862 [67d877d9-ecd0-4b7d-838e-89aa2c4103c0@group-A09C527D8C6F-LeaderElection141] INFO  impl.RoleInfo (RoleInfo.java:updateAndGet(143)) - 67d877d9-ecd0-4b7d-838e-89aa2c4103c0: start FollowerState
2019-10-18 12:32:33,933 [Thread-1284] INFO  impl.FollowerState (FollowerState.java:run(108)) - 67d877d9-ecd0-4b7d-838e-89aa2c4103c0@group-A09C527D8C6F-FollowerState: change to CANDIDATE, lastRpcTime:70ms, electionTimeout:70ms
2019-10-18 12:32:33,933 [Thread-1284] INFO  impl.RoleInfo (RoleInfo.java:shutdownFollowerState(121)) - 67d877d9-ecd0-4b7d-838e-89aa2c4103c0: shutdown FollowerState
2019-10-18 12:32:33,933 [Thread-1284] INFO  impl.RaftServerImpl (RaftServerImpl.java:setRole(184)) - 67d877d9-ecd0-4b7d-838e-89aa2c4103c0@group-A09C527D8C6F: changes role from  FOLLOWER to CANDIDATE at term 173 for changeToCandidate
2019-10-18 12:32:33,933 [Thread-1284] INFO  impl.RoleInfo (RoleInfo.java:updateAndGet(143)) - 67d877d9-ecd0-4b7d-838e-89aa2c4103c0: start LeaderElection
2019-10-18 12:32:34,130 [67d877d9-ecd0-4b7d-838e-89aa2c4103c0@group-A09C527D8C6F-LeaderElection142] INFO  impl.LeaderElection (LeaderElection.java:askForVotes(178)) - 67d877d9-ecd0-4b7d-838e-89aa2c4103c0@group-A09C527D8C6F-LeaderElection142: begin an election at term 174 for -1: [c39ba312-e57f-4b8c-998e-32538a6d88da:192.168.34.56:44039, 67d877d9-ecd0-4b7d-838e-89aa2c4103c0:192.168.34.56:33816, 6af5dfc0-d4d0-48db-9aa9-c45e51549e54:192.168.34.56:32981], old=null
2019-10-18 12:32:34,138 [grpc-default-executor-5] INFO  impl.RaftServerImpl (RaftServerImpl.java:setRole(184)) - c39ba312-e57f-4b8c-998e-32538a6d88da@group-A09C527D8C6F: changes role from  FOLLOWER to FOLLOWER at term 174 for recognizeCandidate:67d877d9-ecd0-4b7d-838e-89aa2c4103c0
2019-10-18 12:32:34,138 [grpc-default-executor-3] INFO  impl.RaftServerImpl (RaftServerImpl.java:setRole(184)) - 6af5dfc0-d4d0-48db-9aa9-c45e51549e54@group-A09C527D8C6F: changes role from  FOLLOWER to FOLLOWER at term 174 for recognizeCandidate:67d877d9-ecd0-4b7d-838e-89aa2c4103c0
2019-10-18 12:32:34,138 [grpc-default-executor-5] INFO  impl.RoleInfo (RoleInfo.java:shutdownFollowerState(121)) - c39ba312-e57f-4b8c-998e-32538a6d88da: shutdown FollowerState
2019-10-18 12:32:34,138 [grpc-default-executor-3] INFO  impl.RoleInfo (RoleInfo.java:shutdownFollowerState(121)) - 6af5dfc0-d4d0-48db-9aa9-c45e51549e54: shutdown FollowerState
2019-10-18 12:32:34,138 [grpc-default-executor-5] INFO  impl.RoleInfo (RoleInfo.java:updateAndGet(143)) - c39ba312-e57f-4b8c-998e-32538a6d88da: start FollowerState
2019-10-18 12:32:34,139 [Thread-1283] INFO  impl.FollowerState (FollowerState.java:run(117)) - c39ba312-e57f-4b8c-998e-32538a6d88da@group-A09C527D8C6F-FollowerState was interrupted: java.lang.InterruptedException: sleep interrupted
2019-10-18 12:32:34,138 [grpc-default-executor-3] INFO  impl.RoleInfo (RoleInfo.java:updateAndGet(143)) - 6af5dfc0-d4d0-48db-9aa9-c45e51549e54: start FollowerState
2019-10-18 12:32:34,139 [Thread-1282] INFO  impl.FollowerState (FollowerState.java:run(117)) - 6af5dfc0-d4d0-48db-9aa9-c45e51549e54@group-A09C527D8C6F-FollowerState was interrupted: java.lang.InterruptedException: sleep interrupted
2019-10-18 12:32:34,214 [67d877d9-ecd0-4b7d-838e-89aa2c4103c0@group-A09C527D8C6F-LeaderElection142] INFO  impl.LeaderElection (LeaderElection.java:logAndReturn(56)) - 67d877d9-ecd0-4b7d-838e-89aa2c4103c0@group-A09C527D8C6F-LeaderElection142: Election TIMEOUT; received 0 response(s) [] and 0 exception(s); 67d877d9-ecd0-4b7d-838e-89aa2c4103c0@group-A09C527D8C6F:t174, leader=null, voted=67d877d9-ecd0-4b7d-838e-89aa2c4103c0, raftlog=67d877d9-ecd0-4b7d-838e-89aa2c4103c0@group-A09C527D8C6F-SegmentedRaftLog:OPENED:c-1,f-1,i0, conf=-1: [c39ba312-e57f-4b8c-998e-32538a6d88da:192.168.34.56:44039, 67d877d9-ecd0-4b7d-838e-89aa2c4103c0:192.168.34.56:33816, 6af5dfc0-d4d0-48db-9aa9-c45e51549e54:192.168.34.56:32981], old=null
2019-10-18 12:32:35,175 [67d877d9-ecd0-4b7d-838e-89aa2c4103c0@group-A09C527D8C6F-LeaderElection142] INFO  impl.LeaderElection (LeaderElection.java:askForVotes(178)) - 67d877d9-ecd0-4b7d-838e-89aa2c4103c0@group-A09C527D8C6F-LeaderElection142: begin an election at term 175 for -1: [c39ba312-e57f-4b8c-998e-32538a6d88da:192.168.34.56:44039, 67d877d9-ecd0-4b7d-838e-89aa2c4103c0:192.168.34.56:33816, 6af5dfc0-d4d0-48db-9aa9-c45e51549e54:192.168.34.56:32981], old=null
2019-10-18 12:32:35,178 [grpc-default-executor-3] INFO  impl.RaftServerImpl (RaftServerImpl.java:setRole(184)) - c39ba312-e57f-4b8c-998e-32538a6d88da@group-A09C527D8C6F: changes role from  FOLLOWER to FOLLOWER at term 175 for recognizeCandidate:67d877d9-ecd0-4b7d-838e-89aa2c4103c0
2019-10-18 12:32:35,178 [grpc-default-executor-5] INFO  impl.RaftServerImpl (RaftServerImpl.java:setRole(184)) - 6af5dfc0-d4d0-48db-9aa9-c45e51549e54@group-A09C527D8C6F: changes role from  FOLLOWER to FOLLOWER at term 175 for recognizeCandidate:67d877d9-ecd0-4b7d-838e-89aa2c4103c0
2019-10-18 12:32:35,178 [grpc-default-executor-3] INFO  impl.RoleInfo (RoleInfo.java:shutdownFollowerState(121)) - c39ba312-e57f-4b8c-998e-32538a6d88da: shutdown FollowerState
2019-10-18 12:32:35,178 [grpc-default-executor-5] INFO  impl.RoleInfo (RoleInfo.java:shutdownFollowerState(121)) - 6af5dfc0-d4d0-48db-9aa9-c45e51549e54: shutdown FollowerState
2019-10-18 12:32:35,179 [grpc-default-executor-3] INFO  impl.RoleInfo (RoleInfo.java:updateAndGet(143)) - c39ba312-e57f-4b8c-998e-32538a6d88da: start FollowerState
2019-10-18 12:32:35,179 [grpc-default-executor-5] INFO  impl.RoleInfo (RoleInfo.java:updateAndGet(143)) - 6af5dfc0-d4d0-48db-9aa9-c45e51549e54: start FollowerState
2019-10-18 12:32:35,179 [Thread-1290] INFO  impl.FollowerState (FollowerState.java:run(117)) - c39ba312-e57f-4b8c-998e-32538a6d88da@group-A09C527D8C6F-FollowerState was interrupted: java.lang.InterruptedException: sleep interrupted
2019-10-18 12:32:35,179 [Thread-1291] INFO  impl.FollowerState (FollowerState.java:run(117)) - 6af5dfc0-d4d0-48db-9aa9-c45e51549e54@group-A09C527D8C6F-FollowerState was interrupted: java.lang.InterruptedException: sleep interrupted
2019-10-18 12:32:35,218 [67d877d9-ecd0-4b7d-838e-89aa2c4103c0@group-A09C527D8C6F-LeaderElection142] INFO  impl.LeaderElection (LeaderElection.java:logAndReturn(56)) - 67d877d9-ecd0-4b7d-838e-89aa2c4103c0@group-A09C527D8C6F-LeaderElection142: Election REJECTED; received 2 response(s) [67d877d9-ecd0-4b7d-838e-89aa2c4103c0<-c39ba312-e57f-4b8c-998e-32538a6d88da#0:FAIL-t175, 67d877d9-ecd0-4b7d-838e-89aa2c4103c0<-6af5dfc0-d4d0-48db-9aa9-c45e51549e54#0:FAIL-t175] and 0 exception(s); 67d877d9-ecd0-4b7d-838e-89aa2c4103c0@group-A09C527D8C6F:t175, leader=null, voted=67d877d9-ecd0-4b7d-838e-89aa2c4103c0, raftlog=67d877d9-ecd0-4b7d-838e-89aa2c4103c0@group-A09C527D8C6F-SegmentedRaftLog:OPENED:c-1,f-1,i0, conf=-1: [c39ba312-e57f-4b8c-998e-32538a6d88da:192.168.34.56:44039, 67d877d9-ecd0-4b7d-838e-89aa2c4103c0:192.168.34.56:33816, 6af5dfc0-d4d0-48db-9aa9-c45e51549e54:192.168.34.56:32981], old=null
2019-10-18 12:32:35,218 [67d877d9-ecd0-4b7d-838e-89aa2c4103c0@group-A09C527D8C6F-LeaderElection142] INFO  impl.RaftServerImpl (RaftServerImpl.java:setRole(184)) - 67d877d9-ecd0-4b7d-838e-89aa2c4103c0@group-A09C527D8C6F: changes role from CANDIDATE to FOLLOWER at term 175 for DISCOVERED_A_NEW_TERM
2019-10-18 12:32:35,218 [67d877d9-ecd0-4b7d-838e-89aa2c4103c0@group-A09C527D8C6F-LeaderElection142] INFO  impl.RoleInfo (RoleInfo.java:shutdownLeaderElection(134)) - 67d877d9-ecd0-4b7d-838e-89aa2c4103c0: shutdown LeaderElection
2019-10-18 12:32:35,219 [67d877d9-ecd0-4b7d-838e-89aa2c4103c0@group-A09C527D8C6F-LeaderElection142] INFO  impl.RoleInfo (RoleInfo.java:updateAndGet(143)) - 67d877d9-ecd0-4b7d-838e-89aa2c4103c0: start FollowerState
2019-10-18 12:32:35,277 [Thread-1298] INFO  impl.FollowerState (FollowerState.java:run(108)) - 67d877d9-ecd0-4b7d-838e-89aa2c4103c0@group-A09C527D8C6F-FollowerState: change to CANDIDATE, lastRpcTime:58ms, electionTimeout:58ms
2019-10-18 12:32:35,278 [Thread-1298] INFO  impl.RoleInfo (RoleInfo.java:shutdownFollowerState(121)) - 67d877d9-ecd0-4b7d-838e-89aa2c4103c0: shutdown FollowerState
2019-10-18 12:32:35,278 [Thread-1298] INFO  impl.RaftServerImpl (RaftServerImpl.java:setRole(184)) - 67d877d9-ecd0-4b7d-838e-89aa2c4103c0@group-A09C527D8C6F: changes role from  FOLLOWER to CANDIDATE at term 175 for changeToCandidate
2019-10-18 12:32:35,278 [Thread-1298] INFO  impl.RoleInfo (RoleInfo.java:updateAndGet(143)) - 67d877d9-ecd0-4b7d-838e-89aa2c4103c0: start LeaderElection
2019-10-18 12:32:35,312 [67d877d9-ecd0-4b7d-838e-89aa2c4103c0@group-A09C527D8C6F-LeaderElection143] INFO  impl.LeaderElection (LeaderElection.java:askForVotes(178)) - 67d877d9-ecd0-4b7d-838e-89aa2c4103c0@group-A09C527D8C6F-LeaderElection143: begin an election at term 176 for -1: [c39ba312-e57f-4b8c-998e-32538a6d88da:192.168.34.56:44039, 67d877d9-ecd0-4b7d-838e-89aa2c4103c0:192.168.34.56:33816, 6af5dfc0-d4d0-48db-9aa9-c45e51549e54:192.168.34.56:32981], old=null
2019-10-18 12:32:35,315 [grpc-default-executor-3] INFO  impl.RaftServerImpl (RaftServerImpl.java:setRole(184)) - 6af5dfc0-d4d0-48db-9aa9-c45e51549e54@group-A09C527D8C6F: changes role from  FOLLOWER to FOLLOWER at term 176 for recognizeCandidate:67d877d9-ecd0-4b7d-838e-89aa2c4103c0
2019-10-18 12:32:35,315 [grpc-default-executor-5] INFO  impl.RaftServerImpl (RaftServerImpl.java:setRole(184)) - c39ba312-e57f-4b8c-998e-32538a6d88da@group-A09C527D8C6F: changes role from  FOLLOWER to FOLLOWER at term 176 for recognizeCandidate:67d877d9-ecd0-4b7d-838e-89aa2c4103c0
2019-10-18 12:32:35,315 [grpc-default-executor-3] INFO  impl.RoleInfo (RoleInfo.java:shutdownFollowerState(121)) - 6af5dfc0-d4d0-48db-9aa9-c45e51549e54: shutdown FollowerState
2019-10-18 12:32:35,316 [grpc-default-executor-5] INFO  impl.RoleInfo (RoleInfo.java:shutdownFollowerState(121)) - c39ba312-e57f-4b8c-998e-32538a6d88da: shutdown FollowerState
2019-10-18 12:32:35,316 [grpc-default-executor-3] INFO  impl.RoleInfo (RoleInfo.java:updateAndGet(143)) - 6af5dfc0-d4d0-48db-9aa9-c45e51549e54: start FollowerState
2019-10-18 12:32:35,316 [Thread-1297] INFO  impl.FollowerState (FollowerState.java:run(117)) - 6af5dfc0-d4d0-48db-9aa9-c45e51549e54@group-A09C527D8C6F-FollowerState was interrupted: java.lang.InterruptedException: sleep interrupted
2019-10-18 12:32:35,316 [grpc-default-executor-5] INFO  impl.RoleInfo (RoleInfo.java:updateAndGet(143)) - c39ba312-e57f-4b8c-998e-32538a6d88da: start FollowerState
2019-10-18 12:32:35,316 [Thread-1296] INFO  impl.FollowerState (FollowerState.java:run(117)) - c39ba312-e57f-4b8c-998e-32538a6d88da@group-A09C527D8C6F-FollowerState was interrupted: java.lang.InterruptedException: sleep interrupted
2019-10-18 12:32:35,338 [67d877d9-ecd0-4b7d-838e-89aa2c4103c0@group-A09C527D8C6F-LeaderElection143] INFO  impl.LeaderElection (LeaderElection.java:logAndReturn(56)) - 67d877d9-ecd0-4b7d-838e-89aa2c4103c0@group-A09C527D8C6F-LeaderElection143: Election REJECTED; received 2 response(s) [67d877d9-ecd0-4b7d-838e-89aa2c4103c0<-c39ba312-e57f-4b8c-998e-32538a6d88da#0:FAIL-t176, 67d877d9-ecd0-4b7d-838e-89aa2c4103c0<-6af5dfc0-d4d0-48db-9aa9-c45e51549e54#0:FAIL-t176] and 0 exception(s); 67d877d9-ecd0-4b7d-838e-89aa2c4103c0@group-A09C527D8C6F:t176, leader=null, voted=67d877d9-ecd0-4b7d-838e-89aa2c4103c0, raftlog=67d877d9-ecd0-4b7d-838e-89aa2c4103c0@group-A09C527D8C6F-SegmentedRaftLog:OPENED:c-1,f-1,i0, conf=-1: [c39ba312-e57f-4b8c-998e-32538a6d88da:192.168.34.56:44039, 67d877d9-ecd0-4b7d-838e-89aa2c4103c0:192.168.34.56:33816, 6af5dfc0-d4d0-48db-9aa9-c45e51549e54:192.168.34.56:32981], old=null
2019-10-18 12:32:35,338 [67d877d9-ecd0-4b7d-838e-89aa2c4103c0@group-A09C527D8C6F-LeaderElection143] INFO  impl.RaftServerImpl (RaftServerImpl.java:setRole(184)) - 67d877d9-ecd0-4b7d-838e-89aa2c4103c0@group-A09C527D8C6F: changes role from CANDIDATE to FOLLOWER at term 176 for DISCOVERED_A_NEW_TERM
2019-10-18 12:32:35,338 [67d877d9-ecd0-4b7d-838e-89aa2c4103c0@group-A09C527D8C6F-LeaderElection143] INFO  impl.RoleInfo (RoleInfo.java:shutdownLeaderElection(134)) - 67d877d9-ecd0-4b7d-838e-89aa2c4103c0: shutdown LeaderElection
2019-10-18 12:32:35,338 [67d877d9-ecd0-4b7d-838e-89aa2c4103c0@group-A09C527D8C6F-LeaderElection143] INFO  impl.RoleInfo (RoleInfo.java:updateAndGet(143)) - 67d877d9-ecd0-4b7d-838e-89aa2c4103c0: start FollowerState
2019-10-18 12:32:35,422 [Thread-1305] INFO  impl.FollowerState (FollowerState.java:run(108)) - 67d877d9-ecd0-4b7d-838e-89aa2c4103c0@group-A09C527D8C6F-FollowerState: change to CANDIDATE, lastRpcTime:83ms, electionTimeout:83ms
2019-10-18 12:32:35,422 [Thread-1305] INFO  impl.RoleInfo (RoleInfo.java:shutdownFollowerState(121)) - 67d877d9-ecd0-4b7d-838e-89aa2c4103c0: shutdown FollowerState
2019-10-18 12:32:35,422 [Thread-1305] INFO  impl.RaftServerImpl (RaftServerImpl.java:setRole(184)) - 67d877d9-ecd0-4b7d-838e-89aa2c4103c0@group-A09C527D8C6F: changes role from  FOLLOWER to CANDIDATE at term 176 for changeToCandidate
2019-10-18 12:32:35,423 [Thread-1305] INFO  impl.RoleInfo (RoleInfo.java:updateAndGet(143)) - 67d877d9-ecd0-4b7d-838e-89aa2c4103c0: start LeaderElection
2019-10-18 12:32:35,461 [67d877d9-ecd0-4b7d-838e-89aa2c4103c0@group-A09C527D8C6F-LeaderElection144] INFO  impl.LeaderElection (LeaderElection.java:askForVotes(178)) - 67d877d9-ecd0-4b7d-838e-89aa2c4103c0@group-A09C527D8C6F-LeaderElection144: begin an election at term 177 for -1: [c39ba312-e57f-4b8c-998e-32538a6d88da:192.168.34.56:44039, 67d877d9-ecd0-4b7d-838e-89aa2c4103c0:192.168.34.56:33816, 6af5dfc0-d4d0-48db-9aa9-c45e51549e54:192.168.34.56:32981], old=null
2019-10-18 12:32:35,464 [grpc-default-executor-3] INFO  impl.RaftServerImpl (RaftServerImpl.java:setRole(184)) - c39ba312-e57f-4b8c-998e-32538a6d88da@group-A09C527D8C6F: changes role from  FOLLOWER to FOLLOWER at term 177 for recognizeCandidate:67d877d9-ecd0-4b7d-838e-89aa2c4103c0
2019-10-18 12:32:35,464 [grpc-default-executor-3] INFO  impl.RoleInfo (RoleInfo.java:shutdownFollowerState(121)) - c39ba312-e57f-4b8c-998e-32538a6d88da: shutdown FollowerState
2019-10-18 12:32:35,464 [grpc-default-executor-5] INFO  impl.RaftServerImpl (RaftServerImpl.java:setRole(184)) - 6af5dfc0-d4d0-48db-9aa9-c45e51549e54@group-A09C527D8C6F: changes role from  FOLLOWER to FOLLOWER at term 177 for recognizeCandidate:67d877d9-ecd0-4b7d-838e-89aa2c4103c0
2019-10-18 12:32:35,465 [grpc-default-executor-5] INFO  impl.RoleInfo (RoleInfo.java:shutdownFollowerState(121)) - 6af5dfc0-d4d0-48db-9aa9-c45e51549e54: shutdown FollowerState
2019-10-18 12:32:35,465 [Thread-1304] INFO  impl.FollowerState (FollowerState.java:run(117)) - c39ba312-e57f-4b8c-998e-32538a6d88da@group-A09C527D8C6F-FollowerState was interrupted: java.lang.InterruptedException: sleep interrupted
2019-10-18 12:32:35,465 [grpc-default-executor-3] INFO  impl.RoleInfo (RoleInfo.java:updateAndGet(143)) - c39ba312-e57f-4b8c-998e-32538a6d88da: start FollowerState
2019-10-18 12:32:35,465 [Thread-1303] INFO  impl.FollowerState (FollowerState.java:run(117)) - 6af5dfc0-d4d0-48db-9aa9-c45e51549e54@group-A09C527D8C6F-FollowerState was interrupted: java.lang.InterruptedException: sleep interrupted
2019-10-18 12:32:35,465 [grpc-default-executor-5] INFO  impl.RoleInfo (RoleInfo.java:updateAndGet(143)) - 6af5dfc0-d4d0-48db-9aa9-c45e51549e54: start FollowerState
2019-10-18 12:32:35,497 [67d877d9-ecd0-4b7d-838e-89aa2c4103c0@group-A09C527D8C6F-LeaderElection144] INFO  impl.LeaderElection (LeaderElection.java:logAndReturn(56)) - 67d877d9-ecd0-4b7d-838e-89aa2c4103c0@group-A09C527D8C6F-LeaderElection144: Election REJECTED; received 2 response(s) [67d877d9-ecd0-4b7d-838e-89aa2c4103c0<-c39ba312-e57f-4b8c-998e-32538a6d88da#0:FAIL-t177, 67d877d9-ecd0-4b7d-838e-89aa2c4103c0<-6af5dfc0-d4d0-48db-9aa9-c45e51549e54#0:FAIL-t177] and 0 exception(s); 67d877d9-ecd0-4b7d-838e-89aa2c4103c0@group-A09C527D8C6F:t177, leader=null, voted=67d877d9-ecd0-4b7d-838e-89aa2c4103c0, raftlog=67d877d9-ecd0-4b7d-838e-89aa2c4103c0@group-A09C527D8C6F-SegmentedRaftLog:OPENED:c-1,f-1,i0, conf=-1: [c39ba312-e57f-4b8c-998e-32538a6d88da:192.168.34.56:44039, 67d877d9-ecd0-4b7d-838e-89aa2c4103c0:192.168.34.56:33816, 6af5dfc0-d4d0-48db-9aa9-c45e51549e54:192.168.34.56:32981], old=null
2019-10-18 12:32:35,498 [67d877d9-ecd0-4b7d-838e-89aa2c4103c0@group-A09C527D8C6F-LeaderElection144] INFO  impl.RaftServerImpl (RaftServerImpl.java:setRole(184)) - 67d877d9-ecd0-4b7d-838e-89aa2c4103c0@group-A09C527D8C6F: changes role from CANDIDATE to FOLLOWER at term 177 for DISCOVERED_A_NEW_TERM
2019-10-18 12:32:35,498 [67d877d9-ecd0-4b7d-838e-89aa2c4103c0@group-A09C527D8C6F-LeaderElection144] INFO  impl.RoleInfo (RoleInfo.java:shutdownLeaderElection(134)) - 67d877d9-ecd0-4b7d-838e-89aa2c4103c0: shutdown LeaderElection
2019-10-18 12:32:35,498 [67d877d9-ecd0-4b7d-838e-89aa2c4103c0@group-A09C527D8C6F-LeaderElection144] INFO  impl.RoleInfo (RoleInfo.java:updateAndGet(143)) - 67d877d9-ecd0-4b7d-838e-89aa2c4103c0: start FollowerState
2019-10-18 12:32:35,626 [Thread-1311] INFO  impl.FollowerState (FollowerState.java:run(108)) - 67d877d9-ecd0-4b7d-838e-89aa2c4103c0@group-A09C527D8C6F-FollowerState: change to CANDIDATE, lastRpcTime:128ms, electionTimeout:128ms
2019-10-18 12:32:35,627 [Thread-1311] INFO  impl.RoleInfo (RoleInfo.java:shutdownFollowerState(121)) - 67d877d9-ecd0-4b7d-838e-89aa2c4103c0: shutdown FollowerState
2019-10-18 12:32:35,627 [Thread-1311] INFO  impl.RaftServerImpl (RaftServerImpl.java:setRole(184)) - 67d877d9-ecd0-4b7d-838e-89aa2c4103c0@group-A09C527D8C6F: changes role from  FOLLOWER to CANDIDATE at term 177 for changeToCandidate
2019-10-18 12:32:35,627 [Thread-1311] INFO  impl.RoleInfo (RoleInfo.java:updateAndGet(143)) - 67d877d9-ecd0-4b7d-838e-89aa2c4103c0: start LeaderElection
2019-10-18 12:32:35,650 [67d877d9-ecd0-4b7d-838e-89aa2c4103c0@group-A09C527D8C6F-LeaderElection145] INFO  impl.LeaderElection (LeaderElection.java:askForVotes(178)) - 67d877d9-ecd0-4b7d-838e-89aa2c4103c0@group-A09C527D8C6F-LeaderElection145: begin an election at term 178 for -1: [c39ba312-e57f-4b8c-998e-32538a6d88da:192.168.34.56:44039, 67d877d9-ecd0-4b7d-838e-89aa2c4103c0:192.168.34.56:33816, 6af5dfc0-d4d0-48db-9aa9-c45e51549e54:192.168.34.56:32981], old=null
2019-10-18 12:32:35,653 [grpc-default-executor-5] INFO  impl.RaftServerImpl (RaftServerImpl.java:setRole(184)) - 6af5dfc0-d4d0-48db-9aa9-c45e51549e54@group-A09C527D8C6F: changes role from  FOLLOWER to FOLLOWER at term 178 for recognizeCandidate:67d877d9-ecd0-4b7d-838e-89aa2c4103c0
2019-10-18 12:32:35,653 [grpc-default-executor-5] INFO  impl.RoleInfo (RoleInfo.java:shutdownFollowerState(121)) - 6af5dfc0-d4d0-48db-9aa9-c45e51549e54: shutdown FollowerState
2019-10-18 12:32:35,653 [grpc-default-executor-3] INFO  impl.RaftServerImpl (RaftServerImpl.java:setRole(184)) - c39ba312-e57f-4b8c-998e-32538a6d88da@group-A09C527D8C6F: changes role from  FOLLOWER to FOLLOWER at term 178 for recognizeCandidate:67d877d9-ecd0-4b7d-838e-89aa2c4103c0
2019-10-18 12:32:35,653 [grpc-default-executor-5] INFO  impl.RoleInfo (RoleInfo.java:updateAndGet(143)) - 6af5dfc0-d4d0-48db-9aa9-c45e51549e54: start FollowerState
2019-10-18 12:32:35,653 [Thread-1310] INFO  impl.FollowerState (FollowerState.java:run(117)) - 6af5dfc0-d4d0-48db-9aa9-c45e51549e54@group-A09C527D8C6F-FollowerState was interrupted: java.lang.InterruptedException: sleep interrupted
2019-10-18 12:32:35,654 [grpc-default-executor-3] INFO  impl.RoleInfo (RoleInfo.java:shutdownFollowerState(121)) - c39ba312-e57f-4b8c-998e-32538a6d88da: shutdown FollowerState
2019-10-18 12:32:35,654 [grpc-default-executor-3] INFO  impl.RoleInfo (RoleInfo.java:updateAndGet(143)) - c39ba312-e57f-4b8c-998e-32538a6d88da: start FollowerState
2019-10-18 12:32:35,654 [Thread-1309] INFO  impl.FollowerState (FollowerState.java:run(117)) - c39ba312-e57f-4b8c-998e-32538a6d88da@group-A09C527D8C6F-FollowerState was interrupted: java.lang.InterruptedException: sleep interrupted
2019-10-18 12:32:35,691 [67d877d9-ecd0-4b7d-838e-89aa2c4103c0@group-A09C527D8C6F-LeaderElection145] INFO  impl.LeaderElection (LeaderElection.java:logAndReturn(56)) - 67d877d9-ecd0-4b7d-838e-89aa2c4103c0@group-A09C527D8C6F-LeaderElection145: Election REJECTED; received 2 response(s) [67d877d9-ecd0-4b7d-838e-89aa2c4103c0<-c39ba312-e57f-4b8c-998e-32538a6d88da#0:FAIL-t178, 67d877d9-ecd0-4b7d-838e-89aa2c4103c0<-6af5dfc0-d4d0-48db-9aa9-c45e51549e54#0:FAIL-t178] and 0 exception(s); 67d877d9-ecd0-4b7d-838e-89aa2c4103c0@group-A09C527D8C6F:t178, leader=null, voted=67d877d9-ecd0-4b7d-838e-89aa2c4103c0, raftlog=67d877d9-ecd0-4b7d-838e-89aa2c4103c0@group-A09C527D8C6F-SegmentedRaftLog:OPENED:c-1,f-1,i0, conf=-1: [c39ba312-e57f-4b8c-998e-32538a6d88da:192.168.34.56:44039, 67d877d9-ecd0-4b7d-838e-89aa2c4103c0:192.168.34.56:33816, 6af5dfc0-d4d0-48db-9aa9-c45e51549e54:192.168.34.56:32981], old=null
2019-10-18 12:32:35,691 [67d877d9-ecd0-4b7d-838e-89aa2c4103c0@group-A09C527D8C6F-LeaderElection145] INFO  impl.RaftServerImpl (RaftServerImpl.java:setRole(184)) - 67d877d9-ecd0-4b7d-838e-89aa2c4103c0@group-A09C527D8C6F: changes role from CANDIDATE to FOLLOWER at term 178 for DISCOVERED_A_NEW_TERM
2019-10-18 12:32:35,691 [67d877d9-ecd0-4b7d-838e-89aa2c4103c0@group-A09C527D8C6F-LeaderElection145] INFO  impl.RoleInfo (RoleInfo.java:shutdownLeaderElection(134)) - 67d877d9-ecd0-4b7d-838e-89aa2c4103c0: shutdown LeaderElection
2019-10-18 12:32:35,691 [67d877d9-ecd0-4b7d-838e-89aa2c4103c0@group-A09C527D8C6F-LeaderElection145] INFO  impl.RoleInfo (RoleInfo.java:updateAndGet(143)) - 67d877d9-ecd0-4b7d-838e-89aa2c4103c0: start FollowerState
2019-10-18 12:32:35,829 [Thread-1317] INFO  impl.FollowerState (FollowerState.java:run(108)) - 67d877d9-ecd0-4b7d-838e-89aa2c4103c0@group-A09C527D8C6F-FollowerState: change to CANDIDATE, lastRpcTime:137ms, electionTimeout:137ms
2019-10-18 12:32:35,829 [Thread-1317] INFO  impl.RoleInfo (RoleInfo.java:shutdownFollowerState(121)) - 67d877d9-ecd0-4b7d-838e-89aa2c4103c0: shutdown FollowerState
2019-10-18 12:32:35,829 [Thread-1317] INFO  impl.RaftServerImpl (RaftServerImpl.java:setRole(184)) - 67d877d9-ecd0-4b7d-838e-89aa2c4103c0@group-A09C527D8C6F: changes role from  FOLLOWER to CANDIDATE at term 178 for changeToCandidate
2019-10-18 12:32:35,829 [Thread-1317] INFO  impl.RoleInfo (RoleInfo.java:updateAndGet(143)) - 67d877d9-ecd0-4b7d-838e-89aa2c4103c0: start LeaderElection
2019-10-18 12:32:35,858 [67d877d9-ecd0-4b7d-838e-89aa2c4103c0@group-A09C527D8C6F-LeaderElection146] INFO  impl.LeaderElection (LeaderElection.java:askForVotes(178)) - 67d877d9-ecd0-4b7d-838e-89aa2c4103c0@group-A09C527D8C6F-LeaderElection146: begin an election at term 179 for -1: [c39ba312-e57f-4b8c-998e-32538a6d88da:192.168.34.56:44039, 67d877d9-ecd0-4b7d-838e-89aa2c4103c0:192.168.34.56:33816, 6af5dfc0-d4d0-48db-9aa9-c45e51549e54:192.168.34.56:32981], old=null
2019-10-18 12:32:35,860 [grpc-default-executor-5] INFO  impl.RaftServerImpl (RaftServerImpl.java:setRole(184)) - 6af5dfc0-d4d0-48db-9aa9-c45e51549e54@group-A09C527D8C6F: changes role from  FOLLOWER to FOLLOWER at term 179 for recognizeCandidate:67d877d9-ecd0-4b7d-838e-89aa2c4103c0
2019-10-18 12:32:35,860 [grpc-default-executor-3] INFO  impl.RaftServerImpl (RaftServerImpl.java:setRole(184)) - c39ba312-e57f-4b8c-998e-32538a6d88da@group-A09C527D8C6F: changes role from  FOLLOWER to FOLLOWER at term 179 for recognizeCandidate:67d877d9-ecd0-4b7d-838e-89aa2c4103c0
2019-10-18 12:32:35,860 [grpc-default-executor-5] INFO  impl.RoleInfo (RoleInfo.java:shutdownFollowerState(121)) - 6af5dfc0-d4d0-48db-9aa9-c45e51549e54: shutdown FollowerState
2019-10-18 12:32:35,861 [grpc-default-executor-3] INFO  impl.RoleInfo (RoleInfo.java:shutdownFollowerState(121)) - c39ba312-e57f-4b8c-998e-32538a6d88da: shutdown FollowerState
2019-10-18 12:32:35,861 [Thread-1315] INFO  impl.FollowerState (FollowerState.java:run(117)) - 6af5dfc0-d4d0-48db-9aa9-c45e51549e54@group-A09C527D8C6F-FollowerState was interrupted: java.lang.InterruptedException: sleep interrupted
2019-10-18 12:32:35,861 [grpc-default-executor-5] INFO  impl.RoleInfo (RoleInfo.java:updateAndGet(143)) - 6af5dfc0-d4d0-48db-9aa9-c45e51549e54: start FollowerState
2019-10-18 12:32:35,861 [Thread-1316] INFO  impl.FollowerState (FollowerState.java:run(117)) - c39ba312-e57f-4b8c-998e-32538a6d88da@group-A09C527D8C6F-FollowerState was interrupted: java.lang.InterruptedException: sleep interrupted
2019-10-18 12:32:35,861 [grpc-default-executor-3] INFO  impl.RoleInfo (RoleInfo.java:updateAndGet(143)) - c39ba312-e57f-4b8c-998e-32538a6d88da: start FollowerState
2019-10-18 12:32:35,884 [67d877d9-ecd0-4b7d-838e-89aa2c4103c0@group-A09C527D8C6F-LeaderElection146] INFO  impl.LeaderElection (LeaderElection.java:logAndReturn(56)) - 67d877d9-ecd0-4b7d-838e-89aa2c4103c0@group-A09C527D8C6F-LeaderElection146: Election REJECTED; received 2 response(s) [67d877d9-ecd0-4b7d-838e-89aa2c4103c0<-c39ba312-e57f-4b8c-998e-32538a6d88da#0:FAIL-t179, 67d877d9-ecd0-4b7d-838e-89aa2c4103c0<-6af5dfc0-d4d0-48db-9aa9-c45e51549e54#0:FAIL-t179] and 0 exception(s); 67d877d9-ecd0-4b7d-838e-89aa2c4103c0@group-A09C527D8C6F:t179, leader=null, voted=67d877d9-ecd0-4b7d-838e-89aa2c4103c0, raftlog=67d877d9-ecd0-4b7d-838e-89aa2c4103c0@group-A09C527D8C6F-SegmentedRaftLog:OPENED:c-1,f-1,i0, conf=-1: [c39ba312-e57f-4b8c-998e-32538a6d88da:192.168.34.56:44039, 67d877d9-ecd0-4b7d-838e-89aa2c4103c0:192.168.34.56:33816, 6af5dfc0-d4d0-48db-9aa9-c45e51549e54:192.168.34.56:32981], old=null
2019-10-18 12:32:35,884 [67d877d9-ecd0-4b7d-838e-89aa2c4103c0@group-A09C527D8C6F-LeaderElection146] INFO  impl.RaftServerImpl (RaftServerImpl.java:setRole(184)) - 67d877d9-ecd0-4b7d-838e-89aa2c4103c0@group-A09C527D8C6F: changes role from CANDIDATE to FOLLOWER at term 179 for DISCOVERED_A_NEW_TERM
2019-10-18 12:32:35,884 [67d877d9-ecd0-4b7d-838e-89aa2c4103c0@group-A09C527D8C6F-LeaderElection146] INFO  impl.RoleInfo (RoleInfo.java:shutdownLeaderElection(134)) - 67d877d9-ecd0-4b7d-838e-89aa2c4103c0: shutdown LeaderElection
2019-10-18 12:32:35,885 [67d877d9-ecd0-4b7d-838e-89aa2c4103c0@group-A09C527D8C6F-LeaderElection146] INFO  impl.RoleInfo (RoleInfo.java:updateAndGet(143)) - 67d877d9-ecd0-4b7d-838e-89aa2c4103c0: start FollowerState
2019-10-18 12:32:36,054 [Thread-1323] INFO  impl.FollowerState (FollowerState.java:run(108)) - 67d877d9-ecd0-4b7d-838e-89aa2c4103c0@group-A09C527D8C6F-FollowerState: change to CANDIDATE, lastRpcTime:169ms, electionTimeout:169ms
2019-10-18 12:32:36,054 [Thread-1323] INFO  impl.RoleInfo (RoleInfo.java:shutdownFollowerState(121)) - 67d877d9-ecd0-4b7d-838e-89aa2c4103c0: shutdown FollowerState
2019-10-18 12:32:36,055 [Thread-1323] INFO  impl.RaftServerImpl (RaftServerImpl.java:setRole(184)) - 67d877d9-ecd0-4b7d-838e-89aa2c4103c0@group-A09C527D8C6F: changes role from  FOLLOWER to CANDIDATE at term 179 for changeToCandidate
2019-10-18 12:32:36,055 [Thread-1323] INFO  impl.RoleInfo (RoleInfo.java:updateAndGet(143)) - 67d877d9-ecd0-4b7d-838e-89aa2c4103c0: start LeaderElection
2019-10-18 12:32:36,095 [67d877d9-ecd0-4b7d-838e-89aa2c4103c0@group-A09C527D8C6F-LeaderElection147] INFO  impl.LeaderElection (LeaderElection.java:askForVotes(178)) - 67d877d9-ecd0-4b7d-838e-89aa2c4103c0@group-A09C527D8C6F-LeaderElection147: begin an election at term 180 for -1: [c39ba312-e57f-4b8c-998e-32538a6d88da:192.168.34.56:44039, 67d877d9-ecd0-4b7d-838e-89aa2c4103c0:192.168.34.56:33816, 6af5dfc0-d4d0-48db-9aa9-c45e51549e54:192.168.34.56:32981], old=null
2019-10-18 12:32:36,097 [grpc-default-executor-3] INFO  impl.RaftServerImpl (RaftServerImpl.java:setRole(184)) - c39ba312-e57f-4b8c-998e-32538a6d88da@group-A09C527D8C6F: changes role from  FOLLOWER to FOLLOWER at term 180 for recognizeCandidate:67d877d9-ecd0-4b7d-838e-89aa2c4103c0
2019-10-18 12:32:36,097 [grpc-default-executor-5] INFO  impl.RaftServerImpl (RaftServerImpl.java:setRole(184)) - 6af5dfc0-d4d0-48db-9aa9-c45e51549e54@group-A09C527D8C6F: changes role from  FOLLOWER to FOLLOWER at term 180 for recognizeCandidate:67d877d9-ecd0-4b7d-838e-89aa2c4103c0
2019-10-18 12:32:36,097 [grpc-default-executor-3] INFO  impl.RoleInfo (RoleInfo.java:shutdownFollowerState(121)) - c39ba312-e57f-4b8c-998e-32538a6d88da: shutdown FollowerState
2019-10-18 12:32:36,098 [grpc-default-executor-5] INFO  impl.RoleInfo (RoleInfo.java:shutdownFollowerState(121)) - 6af5dfc0-d4d0-48db-9aa9-c45e51549e54: shutdown FollowerState
2019-10-18 12:32:36,098 [Thread-1322] INFO  impl.FollowerState (FollowerState.java:run(117)) - c39ba312-e57f-4b8c-998e-32538a6d88da@group-A09C527D8C6F-FollowerState was interrupted: java.lang.InterruptedException: sleep interrupted
2019-10-18 12:32:36,098 [grpc-default-executor-3] INFO  impl.RoleInfo (RoleInfo.java:updateAndGet(143)) - c39ba312-e57f-4b8c-998e-32538a6d88da: start FollowerState
2019-10-18 12:32:36,098 [grpc-default-executor-5] INFO  impl.RoleInfo (RoleInfo.java:updateAndGet(143)) - 6af5dfc0-d4d0-48db-9aa9-c45e51549e54: start FollowerState
2019-10-18 12:32:36,098 [Thread-1321] INFO  impl.FollowerState (FollowerState.java:run(117)) - 6af5dfc0-d4d0-48db-9aa9-c45e51549e54@group-A09C527D8C6F-FollowerState was interrupted: java.lang.InterruptedException: sleep interrupted
2019-10-18 12:32:36,109 [67d877d9-ecd0-4b7d-838e-89aa2c4103c0@group-A09C527D8C6F-LeaderElection147] INFO  impl.LeaderElection (LeaderElection.java:logAndReturn(56)) - 67d877d9-ecd0-4b7d-838e-89aa2c4103c0@group-A09C527D8C6F-LeaderElection147: Election TIMEOUT; received 0 response(s) [] and 0 exception(s); 67d877d9-ecd0-4b7d-838e-89aa2c4103c0@group-A09C527D8C6F:t180, leader=null, voted=67d877d9-ecd0-4b7d-838e-89aa2c4103c0, raftlog=67d877d9-ecd0-4b7d-838e-89aa2c4103c0@group-A09C527D8C6F-SegmentedRaftLog:OPENED:c-1,f-1,i0, conf=-1: [c39ba312-e57f-4b8c-998e-32538a6d88da:192.168.34.56:44039, 67d877d9-ecd0-4b7d-838e-89aa2c4103c0:192.168.34.56:33816, 6af5dfc0-d4d0-48db-9aa9-c45e51549e54:192.168.34.56:32981], old=null
2019-10-18 12:32:36,136 [67d877d9-ecd0-4b7d-838e-89aa2c4103c0@group-A09C527D8C6F-LeaderElection147] INFO  impl.LeaderElection (LeaderElection.java:askForVotes(178)) - 67d877d9-ecd0-4b7d-838e-89aa2c4103c0@group-A09C527D8C6F-LeaderElection147: begin an election at term 181 for -1: [c39ba312-e57f-4b8c-998e-32538a6d88da:192.168.34.56:44039, 67d877d9-ecd0-4b7d-838e-89aa2c4103c0:192.168.34.56:33816, 6af5dfc0-d4d0-48db-9aa9-c45e51549e54:192.168.34.56:32981], old=null
2019-10-18 12:32:36,139 [grpc-default-executor-5] INFO  impl.RaftServerImpl (RaftServerImpl.java:setRole(184)) - c39ba312-e57f-4b8c-998e-32538a6d88da@group-A09C527D8C6F: changes role from  FOLLOWER to FOLLOWER at term 181 for recognizeCandidate:67d877d9-ecd0-4b7d-838e-89aa2c4103c0
2019-10-18 12:32:36,139 [grpc-default-executor-5] INFO  impl.RoleInfo (RoleInfo.java:shutdownFollowerState(121)) - c39ba312-e57f-4b8c-998e-32538a6d88da: shutdown FollowerState
2019-10-18 12:32:36,139 [grpc-default-executor-3] INFO  impl.RaftServerImpl (RaftServerImpl.java:setRole(184)) - 6af5dfc0-d4d0-48db-9aa9-c45e51549e54@group-A09C527D8C6F: changes role from  FOLLOWER to FOLLOWER at term 181 for recognizeCandidate:67d877d9-ecd0-4b7d-838e-89aa2c4103c0
2019-10-18 12:32:36,140 [Thread-1329] INFO  impl.FollowerState (FollowerState.java:run(117)) - c39ba312-e57f-4b8c-998e-32538a6d88da@group-A09C527D8C6F-FollowerState was interrupted: java.lang.InterruptedException: sleep interrupted
2019-10-18 12:32:36,140 [grpc-default-executor-5] INFO  impl.RoleInfo (RoleInfo.java:updateAndGet(143)) - c39ba312-e57f-4b8c-998e-32538a6d88da: start FollowerState
2019-10-18 12:32:36,140 [grpc-default-executor-3] INFO  impl.RoleInfo (RoleInfo.java:shutdownFollowerState(121)) - 6af5dfc0-d4d0-48db-9aa9-c45e51549e54: shutdown FollowerState
2019-10-18 12:32:36,140 [grpc-default-executor-3] INFO  impl.RoleInfo (RoleInfo.java:updateAndGet(143)) - 6af5dfc0-d4d0-48db-9aa9-c45e51549e54: start FollowerState
2019-10-18 12:32:36,140 [Thread-1330] INFO  impl.FollowerState (FollowerState.java:run(117)) - 6af5dfc0-d4d0-48db-9aa9-c45e51549e54@group-A09C527D8C6F-FollowerState was interrupted: java.lang.InterruptedException: sleep interrupted
2019-10-18 12:32:36,163 [67d877d9-ecd0-4b7d-838e-89aa2c4103c0@group-A09C527D8C6F-LeaderElection147] INFO  impl.LeaderElection (LeaderElection.java:logAndReturn(56)) - 67d877d9-ecd0-4b7d-838e-89aa2c4103c0@group-A09C527D8C6F-LeaderElection147: Election REJECTED; received 2 response(s) [67d877d9-ecd0-4b7d-838e-89aa2c4103c0<-c39ba312-e57f-4b8c-998e-32538a6d88da#0:FAIL-t181, 67d877d9-ecd0-4b7d-838e-89aa2c4103c0<-6af5dfc0-d4d0-48db-9aa9-c45e51549e54#0:FAIL-t181] and 0 exception(s); 67d877d9-ecd0-4b7d-838e-89aa2c4103c0@group-A09C527D8C6F:t181, leader=null, voted=67d877d9-ecd0-4b7d-838e-89aa2c4103c0, raftlog=67d877d9-ecd0-4b7d-838e-89aa2c4103c0@group-A09C527D8C6F-SegmentedRaftLog:OPENED:c-1,f-1,i0, conf=-1: [c39ba312-e57f-4b8c-998e-32538a6d88da:192.168.34.56:44039, 67d877d9-ecd0-4b7d-838e-89aa2c4103c0:192.168.34.56:33816, 6af5dfc0-d4d0-48db-9aa9-c45e51549e54:192.168.34.56:32981], old=null
2019-10-18 12:32:36,163 [67d877d9-ecd0-4b7d-838e-89aa2c4103c0@group-A09C527D8C6F-LeaderElection147] INFO  impl.RaftServerImpl (RaftServerImpl.java:setRole(184)) - 67d877d9-ecd0-4b7d-838e-89aa2c4103c0@group-A09C527D8C6F: changes role from CANDIDATE to FOLLOWER at term 181 for DISCOVERED_A_NEW_TERM
2019-10-18 12:32:36,163 [67d877d9-ecd0-4b7d-838e-89aa2c4103c0@group-A09C527D8C6F-LeaderElection147] INFO  impl.RoleInfo (RoleInfo.java:shutdownLeaderElection(134)) - 67d877d9-ecd0-4b7d-838e-89aa2c4103c0: shutdown LeaderElection
2019-10-18 12:32:36,164 [67d877d9-ecd0-4b7d-838e-89aa2c4103c0@group-A09C527D8C6F-LeaderElection147] INFO  impl.RoleInfo (RoleInfo.java:updateAndGet(143)) - 67d877d9-ecd0-4b7d-838e-89aa2c4103c0: start FollowerState
2019-10-18 12:32:36,346 [Thread-1335] INFO  impl.FollowerState (FollowerState.java:run(108)) - 67d877d9-ecd0-4b7d-838e-89aa2c4103c0@group-A09C527D8C6F-FollowerState: change to CANDIDATE, lastRpcTime:182ms, electionTimeout:182ms
2019-10-18 12:32:36,346 [Thread-1335] INFO  impl.RoleInfo (RoleInfo.java:shutdownFollowerState(121)) - 67d877d9-ecd0-4b7d-838e-89aa2c4103c0: shutdown FollowerState
2019-10-18 12:32:36,347 [Thread-1335] INFO  impl.RaftServerImpl (RaftServerImpl.java:setRole(184)) - 67d877d9-ecd0-4b7d-838e-89aa2c4103c0@group-A09C527D8C6F: changes role from  FOLLOWER to CANDIDATE at term 181 for changeToCandidate
2019-10-18 12:32:36,347 [Thread-1335] INFO  impl.RoleInfo (RoleInfo.java:updateAndGet(143)) - 67d877d9-ecd0-4b7d-838e-89aa2c4103c0: start LeaderElection
2019-10-18 12:32:36,371 [67d877d9-ecd0-4b7d-838e-89aa2c4103c0@group-A09C527D8C6F-LeaderElection148] INFO  impl.LeaderElection (LeaderElection.java:askForVotes(178)) - 67d877d9-ecd0-4b7d-838e-89aa2c4103c0@group-A09C527D8C6F-LeaderElection148: begin an election at term 182 for -1: [c39ba312-e57f-4b8c-998e-32538a6d88da:192.168.34.56:44039, 67d877d9-ecd0-4b7d-838e-89aa2c4103c0:192.168.34.56:33816, 6af5dfc0-d4d0-48db-9aa9-c45e51549e54:192.168.34.56:32981], old=null
2019-10-18 12:32:36,373 [grpc-default-executor-3] INFO  impl.RaftServerImpl (RaftServerImpl.java:setRole(184)) - c39ba312-e57f-4b8c-998e-32538a6d88da@group-A09C527D8C6F: changes role from  FOLLOWER to FOLLOWER at term 182 for recognizeCandidate:67d877d9-ecd0-4b7d-838e-89aa2c4103c0
2019-10-18 12:32:36,373 [grpc-default-executor-5] INFO  impl.RaftServerImpl (RaftServerImpl.java:setRole(184)) - 6af5dfc0-d4d0-48db-9aa9-c45e51549e54@group-A09C527D8C6F: changes role from  FOLLOWER to FOLLOWER at term 182 for recognizeCandidate:67d877d9-ecd0-4b7d-838e-89aa2c4103c0
2019-10-18 12:32:36,373 [grpc-default-executor-5] INFO  impl.RoleInfo (RoleInfo.java:shutdownFollowerState(121)) - 6af5dfc0-d4d0-48db-9aa9-c45e51549e54: shutdown FollowerState
2019-10-18 12:32:36,373 [grpc-default-executor-3] INFO  impl.RoleInfo (RoleInfo.java:shutdownFollowerState(121)) - c39ba312-e57f-4b8c-998e-32538a6d88da: shutdown FollowerState
2019-10-18 12:32:36,374 [Thread-1334] INFO  impl.FollowerState (FollowerState.java:run(117)) - 6af5dfc0-d4d0-48db-9aa9-c45e51549e54@group-A09C527D8C6F-FollowerState was interrupted: java.lang.InterruptedException: sleep interrupted
2019-10-18 12:32:36,374 [grpc-default-executor-5] INFO  impl.RoleInfo (RoleInfo.java:updateAndGet(143)) - 6af5dfc0-d4d0-48db-9aa9-c45e51549e54: start FollowerState
2019-10-18 12:32:36,374 [Thread-1333] INFO  impl.FollowerState (FollowerState.java:run(117)) - c39ba312-e57f-4b8c-998e-32538a6d88da@group-A09C527D8C6F-FollowerState was interrupted: java.lang.InterruptedException: sleep interrupted
2019-10-18 12:32:36,374 [grpc-default-executor-3] INFO  impl.RoleInfo (RoleInfo.java:updateAndGet(143)) - c39ba312-e57f-4b8c-998e-32538a6d88da: start FollowerState
2019-10-18 12:32:36,398 [67d877d9-ecd0-4b7d-838e-89aa2c4103c0@group-A09C527D8C6F-LeaderElection148] INFO  impl.LeaderElection (LeaderElection.java:logAndReturn(56)) - 67d877d9-ecd0-4b7d-838e-89aa2c4103c0@group-A09C527D8C6F-LeaderElection148: Election REJECTED; received 2 response(s) [67d877d9-ecd0-4b7d-838e-89aa2c4103c0<-c39ba312-e57f-4b8c-998e-32538a6d88da#0:FAIL-t182, 67d877d9-ecd0-4b7d-838e-89aa2c4103c0<-6af5dfc0-d4d0-48db-9aa9-c45e51549e54#0:FAIL-t182] and 0 exception(s); 67d877d9-ecd0-4b7d-838e-89aa2c4103c0@group-A09C527D8C6F:t182, leader=null, voted=67d877d9-ecd0-4b7d-838e-89aa2c4103c0, raftlog=67d877d9-ecd0-4b7d-838e-89aa2c4103c0@group-A09C527D8C6F-SegmentedRaftLog:OPENED:c-1,f-1,i0, conf=-1: [c39ba312-e57f-4b8c-998e-32538a6d88da:192.168.34.56:44039, 67d877d9-ecd0-4b7d-838e-89aa2c4103c0:192.168.34.56:33816, 6af5dfc0-d4d0-48db-9aa9-c45e51549e54:192.168.34.56:32981], old=null
2019-10-18 12:32:36,398 [67d877d9-ecd0-4b7d-838e-89aa2c4103c0@group-A09C527D8C6F-LeaderElection148] INFO  impl.RaftServerImpl (RaftServerImpl.java:setRole(184)) - 67d877d9-ecd0-4b7d-838e-89aa2c4103c0@group-A09C527D8C6F: changes role from CANDIDATE to FOLLOWER at term 182 for DISCOVERED_A_NEW_TERM
2019-10-18 12:32:36,398 [67d877d9-ecd0-4b7d-838e-89aa2c4103c0@group-A09C527D8C6F-LeaderElection148] INFO  impl.RoleInfo (RoleInfo.java:shutdownLeaderElection(134)) - 67d877d9-ecd0-4b7d-838e-89aa2c4103c0: shutdown LeaderElection
2019-10-18 12:32:36,399 [67d877d9-ecd0-4b7d-838e-89aa2c4103c0@group-A09C527D8C6F-LeaderElection148] INFO  impl.RoleInfo (RoleInfo.java:updateAndGet(143)) - 67d877d9-ecd0-4b7d-838e-89aa2c4103c0: start FollowerState
2019-10-18 12:32:36,545 [Thread-1341] INFO  impl.FollowerState (FollowerState.java:run(108)) - 67d877d9-ecd0-4b7d-838e-89aa2c4103c0@group-A09C527D8C6F-FollowerState: change to CANDIDATE, lastRpcTime:146ms, electionTimeout:146ms
2019-10-18 12:32:36,545 [Thread-1341] INFO  impl.RoleInfo (RoleInfo.java:shutdownFollowerState(121)) - 67d877d9-ecd0-4b7d-838e-89aa2c4103c0: shutdown FollowerState
2019-10-18 12:32:36,545 [Thread-1341] INFO  impl.RaftServerImpl (RaftServerImpl.java:setRole(184)) - 67d877d9-ecd0-4b7d-838e-89aa2c4103c0@group-A09C527D8C6F: changes role from  FOLLOWER to CANDIDATE at term 182 for changeToCandidate
2019-10-18 12:32:36,546 [Thread-1341] INFO  impl.RoleInfo (RoleInfo.java:updateAndGet(143)) - 67d877d9-ecd0-4b7d-838e-89aa2c4103c0: start LeaderElection
2019-10-18 12:32:36,569 [67d877d9-ecd0-4b7d-838e-89aa2c4103c0@group-A09C527D8C6F-LeaderElection149] INFO  impl.LeaderElection (LeaderElection.java:askForVotes(178)) - 67d877d9-ecd0-4b7d-838e-89aa2c4103c0@group-A09C527D8C6F-LeaderElection149: begin an election at term 183 for -1: [c39ba312-e57f-4b8c-998e-32538a6d88da:192.168.34.56:44039, 67d877d9-ecd0-4b7d-838e-89aa2c4103c0:192.168.34.56:33816, 6af5dfc0-d4d0-48db-9aa9-c45e51549e54:192.168.34.56:32981], old=null
2019-10-18 12:32:36,571 [grpc-default-executor-3] INFO  impl.RaftServerImpl (RaftServerImpl.java:setRole(184)) - c39ba312-e57f-4b8c-998e-32538a6d88da@group-A09C527D8C6F: changes role from  FOLLOWER to FOLLOWER at term 183 for recognizeCandidate:67d877d9-ecd0-4b7d-838e-89aa2c4103c0
2019-10-18 12:32:36,571 [grpc-default-executor-5] INFO  impl.RaftServerImpl (RaftServerImpl.java:setRole(184)) - 6af5dfc0-d4d0-48db-9aa9-c45e51549e54@group-A09C527D8C6F: changes role from  FOLLOWER to FOLLOWER at term 183 for recognizeCandidate:67d877d9-ecd0-4b7d-838e-89aa2c4103c0
2019-10-18 12:32:36,572 [grpc-default-executor-3] INFO  impl.RoleInfo (RoleInfo.java:shutdownFollowerState(121)) - c39ba312-e57f-4b8c-998e-32538a6d88da: shutdown FollowerState
2019-10-18 12:32:36,572 [grpc-default-executor-5] INFO  impl.RoleInfo (RoleInfo.java:shutdownFollowerState(121)) - 6af5dfc0-d4d0-48db-9aa9-c45e51549e54: shutdown FollowerState
2019-10-18 12:32:36,572 [Thread-1340] INFO  impl.FollowerState (FollowerState.java:run(117)) - c39ba312-e57f-4b8c-998e-32538a6d88da@group-A09C527D8C6F-FollowerState was interrupted: java.lang.InterruptedException: sleep interrupted
2019-10-18 12:32:36,572 [Thread-1339] INFO  impl.FollowerState (FollowerState.java:run(117)) - 6af5dfc0-d4d0-48db-9aa9-c45e51549e54@group-A09C527D8C6F-FollowerState was interrupted: java.lang.InterruptedException: sleep interrupted
2019-10-18 12:32:36,572 [grpc-default-executor-3] INFO  impl.RoleInfo (RoleInfo.java:updateAndGet(143)) - c39ba312-e57f-4b8c-998e-32538a6d88da: start FollowerState
2019-10-18 12:32:36,572 [grpc-default-executor-5] INFO  impl.RoleInfo (RoleInfo.java:updateAndGet(143)) - 6af5dfc0-d4d0-48db-9aa9-c45e51549e54: start FollowerState
2019-10-18 12:32:36,604 [67d877d9-ecd0-4b7d-838e-89aa2c4103c0@group-A09C527D8C6F-LeaderElection149] INFO  impl.LeaderElection (LeaderElection.java:logAndReturn(56)) - 67d877d9-ecd0-4b7d-838e-89aa2c4103c0@group-A09C527D8C6F-LeaderElection149: Election REJECTED; received 2 response(s) [67d877d9-ecd0-4b7d-838e-89aa2c4103c0<-c39ba312-e57f-4b8c-998e-32538a6d88da#0:FAIL-t183, 67d877d9-ecd0-4b7d-838e-89aa2c4103c0<-6af5dfc0-d4d0-48db-9aa9-c45e51549e54#0:FAIL-t183] and 0 exception(s); 67d877d9-ecd0-4b7d-838e-89aa2c4103c0@group-A09C527D8C6F:t183, leader=null, voted=67d877d9-ecd0-4b7d-838e-89aa2c4103c0, raftlog=67d877d9-ecd0-4b7d-838e-89aa2c4103c0@group-A09C527D8C6F-SegmentedRaftLog:OPENED:c-1,f-1,i0, conf=-1: [c39ba312-e57f-4b8c-998e-32538a6d88da:192.168.34.56:44039, 67d877d9-ecd0-4b7d-838e-89aa2c4103c0:192.168.34.56:33816, 6af5dfc0-d4d0-48db-9aa9-c45e51549e54:192.168.34.56:32981], old=null
2019-10-18 12:32:36,604 [67d877d9-ecd0-4b7d-838e-89aa2c4103c0@group-A09C527D8C6F-LeaderElection149] INFO  impl.RaftServerImpl (RaftServerImpl.java:setRole(184)) - 67d877d9-ecd0-4b7d-838e-89aa2c4103c0@group-A09C527D8C6F: changes role from CANDIDATE to FOLLOWER at term 183 for DISCOVERED_A_NEW_TERM
2019-10-18 12:32:36,604 [67d877d9-ecd0-4b7d-838e-89aa2c4103c0@group-A09C527D8C6F-LeaderElection149] INFO  impl.RoleInfo (RoleInfo.java:shutdownLeaderElection(134)) - 67d877d9-ecd0-4b7d-838e-89aa2c4103c0: shutdown LeaderElection
2019-10-18 12:32:36,604 [67d877d9-ecd0-4b7d-838e-89aa2c4103c0@group-A09C527D8C6F-LeaderElection149] INFO  impl.RoleInfo (RoleInfo.java:updateAndGet(143)) - 67d877d9-ecd0-4b7d-838e-89aa2c4103c0: start FollowerState
2019-10-18 12:32:36,672 [Thread-1347] INFO  impl.FollowerState (FollowerState.java:run(108)) - 67d877d9-ecd0-4b7d-838e-89aa2c4103c0@group-A09C527D8C6F-FollowerState: change to CANDIDATE, lastRpcTime:67ms, electionTimeout:67ms
2019-10-18 12:32:36,672 [Thread-1347] INFO  impl.RoleInfo (RoleInfo.java:shutdownFollowerState(121)) - 67d877d9-ecd0-4b7d-838e-89aa2c4103c0: shutdown FollowerState
2019-10-18 12:32:36,672 [Thread-1347] INFO  impl.RaftServerImpl (RaftServerImpl.java:setRole(184)) - 67d877d9-ecd0-4b7d-838e-89aa2c4103c0@group-A09C527D8C6F: changes role from  FOLLOWER to CANDIDATE at term 183 for changeToCandidate
2019-10-18 12:32:36,673 [Thread-1347] INFO  impl.RoleInfo (RoleInfo.java:updateAndGet(143)) - 67d877d9-ecd0-4b7d-838e-89aa2c4103c0: start LeaderElection
2019-10-18 12:32:36,703 [67d877d9-ecd0-4b7d-838e-89aa2c4103c0@group-A09C527D8C6F-LeaderElection150] INFO  impl.LeaderElection (LeaderElection.java:askForVotes(178)) - 67d877d9-ecd0-4b7d-838e-89aa2c4103c0@group-A09C527D8C6F-LeaderElection150: begin an election at term 184 for -1: [c39ba312-e57f-4b8c-998e-32538a6d88da:192.168.34.56:44039, 67d877d9-ecd0-4b7d-838e-89aa2c4103c0:192.168.34.56:33816, 6af5dfc0-d4d0-48db-9aa9-c45e51549e54:192.168.34.56:32981], old=null
2019-10-18 12:32:36,706 [grpc-default-executor-3] INFO  impl.RaftServerImpl (RaftServerImpl.java:setRole(184)) - c39ba312-e57f-4b8c-998e-32538a6d88da@group-A09C527D8C6F: changes role from  FOLLOWER to FOLLOWER at term 184 for recognizeCandidate:67d877d9-ecd0-4b7d-838e-89aa2c4103c0
2019-10-18 12:32:36,706 [grpc-default-executor-5] INFO  impl.RaftServerImpl (RaftServerImpl.java:setRole(184)) - 6af5dfc0-d4d0-48db-9aa9-c45e51549e54@group-A09C527D8C6F: changes role from  FOLLOWER to FOLLOWER at term 184 for recognizeCandidate:67d877d9-ecd0-4b7d-838e-89aa2c4103c0
2019-10-18 12:32:36,706 [grpc-default-executor-5] INFO  impl.RoleInfo (RoleInfo.java:shutdownFollowerState(121)) - 6af5dfc0-d4d0-48db-9aa9-c45e51549e54: shutdown FollowerState
2019-10-18 12:32:36,706 [grpc-default-executor-3] INFO  impl.RoleInfo (RoleInfo.java:shutdownFollowerState(121)) - c39ba312-e57f-4b8c-998e-32538a6d88da: shutdown FollowerState
2019-10-18 12:32:36,706 [Thread-1346] INFO  impl.FollowerState (FollowerState.java:run(117)) - 6af5dfc0-d4d0-48db-9aa9-c45e51549e54@group-A09C527D8C6F-FollowerState was interrupted: java.lang.InterruptedException: sleep interrupted
2019-10-18 12:32:36,706 [grpc-default-executor-5] INFO  impl.RoleInfo (RoleInfo.java:updateAndGet(143)) - 6af5dfc0-d4d0-48db-9aa9-c45e51549e54: start FollowerState
2019-10-18 12:32:36,707 [Thread-1345] INFO  impl.FollowerState (FollowerState.java:run(117)) - c39ba312-e57f-4b8c-998e-32538a6d88da@group-A09C527D8C6F-FollowerState was interrupted: java.lang.InterruptedException: sleep interrupted
2019-10-18 12:32:36,707 [grpc-default-executor-3] INFO  impl.RoleInfo (RoleInfo.java:updateAndGet(143)) - c39ba312-e57f-4b8c-998e-32538a6d88da: start FollowerState
2019-10-18 12:32:36,729 [67d877d9-ecd0-4b7d-838e-89aa2c4103c0@group-A09C527D8C6F-LeaderElection150] INFO  impl.LeaderElection (LeaderElection.java:logAndReturn(56)) - 67d877d9-ecd0-4b7d-838e-89aa2c4103c0@group-A09C527D8C6F-LeaderElection150: Election REJECTED; received 2 response(s) [67d877d9-ecd0-4b7d-838e-89aa2c4103c0<-c39ba312-e57f-4b8c-998e-32538a6d88da#0:FAIL-t184, 67d877d9-ecd0-4b7d-838e-89aa2c4103c0<-6af5dfc0-d4d0-48db-9aa9-c45e51549e54#0:FAIL-t184] and 0 exception(s); 67d877d9-ecd0-4b7d-838e-89aa2c4103c0@group-A09C527D8C6F:t184, leader=null, voted=67d877d9-ecd0-4b7d-838e-89aa2c4103c0, raftlog=67d877d9-ecd0-4b7d-838e-89aa2c4103c0@group-A09C527D8C6F-SegmentedRaftLog:OPENED:c-1,f-1,i0, conf=-1: [c39ba312-e57f-4b8c-998e-32538a6d88da:192.168.34.56:44039, 67d877d9-ecd0-4b7d-838e-89aa2c4103c0:192.168.34.56:33816, 6af5dfc0-d4d0-48db-9aa9-c45e51549e54:192.168.34.56:32981], old=null
2019-10-18 12:32:36,730 [67d877d9-ecd0-4b7d-838e-89aa2c4103c0@group-A09C527D8C6F-LeaderElection150] INFO  impl.RaftServerImpl (RaftServerImpl.java:setRole(184)) - 67d877d9-ecd0-4b7d-838e-89aa2c4103c0@group-A09C527D8C6F: changes role from CANDIDATE to FOLLOWER at term 184 for DISCOVERED_A_NEW_TERM
2019-10-18 12:32:36,730 [67d877d9-ecd0-4b7d-838e-89aa2c4103c0@group-A09C527D8C6F-LeaderElection150] INFO  impl.RoleInfo (RoleInfo.java:shutdownLeaderElection(134)) - 67d877d9-ecd0-4b7d-838e-89aa2c4103c0: shutdown LeaderElection
2019-10-18 12:32:36,730 [67d877d9-ecd0-4b7d-838e-89aa2c4103c0@group-A09C527D8C6F-LeaderElection150] INFO  impl.RoleInfo (RoleInfo.java:updateAndGet(143)) - 67d877d9-ecd0-4b7d-838e-89aa2c4103c0: start FollowerState
2019-10-18 12:32:36,794 [Thread-1353] INFO  impl.FollowerState (FollowerState.java:run(108)) - 67d877d9-ecd0-4b7d-838e-89aa2c4103c0@group-A09C527D8C6F-FollowerState: change to CANDIDATE, lastRpcTime:64ms, electionTimeout:64ms
2019-10-18 12:32:36,795 [Thread-1353] INFO  impl.RoleInfo (RoleInfo.java:shutdownFollowerState(121)) - 67d877d9-ecd0-4b7d-838e-89aa2c4103c0: shutdown FollowerState
2019-10-18 12:32:36,795 [Thread-1353] INFO  impl.RaftServerImpl (RaftServerImpl.java:setRole(184)) - 67d877d9-ecd0-4b7d-838e-89aa2c4103c0@group-A09C527D8C6F: changes role from  FOLLOWER to CANDIDATE at term 184 for changeToCandidate
2019-10-18 12:32:36,795 [Thread-1353] INFO  impl.RoleInfo (RoleInfo.java:updateAndGet(143)) - 67d877d9-ecd0-4b7d-838e-89aa2c4103c0: start LeaderElection
2019-10-18 12:32:36,821 [67d877d9-ecd0-4b7d-838e-89aa2c4103c0@group-A09C527D8C6F-LeaderElection151] INFO  impl.LeaderElection (LeaderElection.java:askForVotes(178)) - 67d877d9-ecd0-4b7d-838e-89aa2c4103c0@group-A09C527D8C6F-LeaderElection151: begin an election at term 185 for -1: [c39ba312-e57f-4b8c-998e-32538a6d88da:192.168.34.56:44039, 67d877d9-ecd0-4b7d-838e-89aa2c4103c0:192.168.34.56:33816, 6af5dfc0-d4d0-48db-9aa9-c45e51549e54:192.168.34.56:32981], old=null
2019-10-18 12:32:36,830 [grpc-default-executor-3] INFO  impl.RaftServerImpl (RaftServerImpl.java:setRole(184)) - c39ba312-e57f-4b8c-998e-32538a6d88da@group-A09C527D8C6F: changes role from  FOLLOWER to FOLLOWER at term 185 for recognizeCandidate:67d877d9-ecd0-4b7d-838e-89aa2c4103c0
2019-10-18 12:32:36,830 [grpc-default-executor-3] INFO  impl.RoleInfo (RoleInfo.java:shutdownFollowerState(121)) - c39ba312-e57f-4b8c-998e-32538a6d88da: shutdown FollowerState
2019-10-18 12:32:36,830 [grpc-default-executor-5] INFO  impl.RaftServerImpl (RaftServerImpl.java:setRole(184)) - 6af5dfc0-d4d0-48db-9aa9-c45e51549e54@group-A09C527D8C6F: changes role from  FOLLOWER to FOLLOWER at term 185 for recognizeCandidate:67d877d9-ecd0-4b7d-838e-89aa2c4103c0
2019-10-18 12:32:36,830 [grpc-default-executor-5] INFO  impl.RoleInfo (RoleInfo.java:shutdownFollowerState(121)) - 6af5dfc0-d4d0-48db-9aa9-c45e51549e54: shutdown FollowerState
2019-10-18 12:32:36,831 [67d877d9-ecd0-4b7d-838e-89aa2c4103c0@group-A09C527D8C6F-LeaderElection151] INFO  impl.LeaderElection (LeaderElection.java:logAndReturn(56)) - 67d877d9-ecd0-4b7d-838e-89aa2c4103c0@group-A09C527D8C6F-LeaderElection151: Election TIMEOUT; received 0 response(s) [] and 0 exception(s); 67d877d9-ecd0-4b7d-838e-89aa2c4103c0@group-A09C527D8C6F:t185, leader=null, voted=67d877d9-ecd0-4b7d-838e-89aa2c4103c0, raftlog=67d877d9-ecd0-4b7d-838e-89aa2c4103c0@group-A09C527D8C6F-SegmentedRaftLog:OPENED:c-1,f-1,i0, conf=-1: [c39ba312-e57f-4b8c-998e-32538a6d88da:192.168.34.56:44039, 67d877d9-ecd0-4b7d-838e-89aa2c4103c0:192.168.34.56:33816, 6af5dfc0-d4d0-48db-9aa9-c45e51549e54:192.168.34.56:32981], old=null
2019-10-18 12:32:36,835 [grpc-default-executor-5] INFO  impl.RoleInfo (RoleInfo.java:updateAndGet(143)) - 6af5dfc0-d4d0-48db-9aa9-c45e51549e54: start FollowerState
2019-10-18 12:32:36,835 [Thread-1351] INFO  impl.FollowerState (FollowerState.java:run(117)) - 6af5dfc0-d4d0-48db-9aa9-c45e51549e54@group-A09C527D8C6F-FollowerState was interrupted: java.lang.InterruptedException: sleep interrupted
2019-10-18 12:32:36,835 [grpc-default-executor-3] INFO  impl.RoleInfo (RoleInfo.java:updateAndGet(143)) - c39ba312-e57f-4b8c-998e-32538a6d88da: start FollowerState
2019-10-18 12:32:36,835 [Thread-1352] INFO  impl.FollowerState (FollowerState.java:run(117)) - c39ba312-e57f-4b8c-998e-32538a6d88da@group-A09C527D8C6F-FollowerState was interrupted: java.lang.InterruptedException: sleep interrupted
2019-10-18 12:32:36,880 [67d877d9-ecd0-4b7d-838e-89aa2c4103c0@group-A09C527D8C6F-LeaderElection151] INFO  impl.LeaderElection (LeaderElection.java:askForVotes(178)) - 67d877d9-ecd0-4b7d-838e-89aa2c4103c0@group-A09C527D8C6F-LeaderElection151: begin an election at term 186 for -1: [c39ba312-e57f-4b8c-998e-32538a6d88da:192.168.34.56:44039, 67d877d9-ecd0-4b7d-838e-89aa2c4103c0:192.168.34.56:33816, 6af5dfc0-d4d0-48db-9aa9-c45e51549e54:192.168.34.56:32981], old=null
2019-10-18 12:32:36,882 [grpc-default-executor-5] INFO  impl.RaftServerImpl (RaftServerImpl.java:setRole(184)) - c39ba312-e57f-4b8c-998e-32538a6d88da@group-A09C527D8C6F: changes role from  FOLLOWER to FOLLOWER at term 186 for recognizeCandidate:67d877d9-ecd0-4b7d-838e-89aa2c4103c0
2019-10-18 12:32:36,882 [grpc-default-executor-5] INFO  impl.RoleInfo (RoleInfo.java:shutdownFollowerState(121)) - c39ba312-e57f-4b8c-998e-32538a6d88da: shutdown FollowerState
2019-10-18 12:32:36,882 [grpc-default-executor-3] INFO  impl.RaftServerImpl (RaftServerImpl.java:setRole(184)) - 6af5dfc0-d4d0-48db-9aa9-c45e51549e54@group-A09C527D8C6F: changes role from  FOLLOWER to FOLLOWER at term 186 for recognizeCandidate:67d877d9-ecd0-4b7d-838e-89aa2c4103c0
2019-10-18 12:32:36,883 [Thread-1358] INFO  impl.FollowerState (FollowerState.java:run(117)) - c39ba312-e57f-4b8c-998e-32538a6d88da@group-A09C527D8C6F-FollowerState was interrupted: java.lang.InterruptedException: sleep interrupted
2019-10-18 12:32:36,882 [grpc-default-executor-5] INFO  impl.RoleInfo (RoleInfo.java:updateAndGet(143)) - c39ba312-e57f-4b8c-998e-32538a6d88da: start FollowerState
2019-10-18 12:32:36,883 [grpc-default-executor-3] INFO  impl.RoleInfo (RoleInfo.java:shutdownFollowerState(121)) - 6af5dfc0-d4d0-48db-9aa9-c45e51549e54: shutdown FollowerState
2019-10-18 12:32:36,883 [Thread-1357] INFO  impl.FollowerState (FollowerState.java:run(117)) - 6af5dfc0-d4d0-48db-9aa9-c45e51549e54@group-A09C527D8C6F-FollowerState was interrupted: java.lang.InterruptedException: sleep interrupted
2019-10-18 12:32:36,883 [grpc-default-executor-3] INFO  impl.RoleInfo (RoleInfo.java:updateAndGet(143)) - 6af5dfc0-d4d0-48db-9aa9-c45e51549e54: start FollowerState
2019-10-18 12:32:36,906 [67d877d9-ecd0-4b7d-838e-89aa2c4103c0@group-A09C527D8C6F-LeaderElection151] INFO  impl.LeaderElection (LeaderElection.java:logAndReturn(56)) - 67d877d9-ecd0-4b7d-838e-89aa2c4103c0@group-A09C527D8C6F-LeaderElection151: Election REJECTED; received 2 response(s) [67d877d9-ecd0-4b7d-838e-89aa2c4103c0<-c39ba312-e57f-4b8c-998e-32538a6d88da#0:FAIL-t186, 67d877d9-ecd0-4b7d-838e-89aa2c4103c0<-6af5dfc0-d4d0-48db-9aa9-c45e51549e54#0:FAIL-t186] and 0 exception(s); 67d877d9-ecd0-4b7d-838e-89aa2c4103c0@group-A09C527D8C6F:t186, leader=null, voted=67d877d9-ecd0-4b7d-838e-89aa2c4103c0, raftlog=67d877d9-ecd0-4b7d-838e-89aa2c4103c0@group-A09C527D8C6F-SegmentedRaftLog:OPENED:c-1,f-1,i0, conf=-1: [c39ba312-e57f-4b8c-998e-32538a6d88da:192.168.34.56:44039, 67d877d9-ecd0-4b7d-838e-89aa2c4103c0:192.168.34.56:33816, 6af5dfc0-d4d0-48db-9aa9-c45e51549e54:192.168.34.56:32981], old=null
2019-10-18 12:32:36,906 [67d877d9-ecd0-4b7d-838e-89aa2c4103c0@group-A09C527D8C6F-LeaderElection151] INFO  impl.RaftServerImpl (RaftServerImpl.java:setRole(184)) - 67d877d9-ecd0-4b7d-838e-89aa2c4103c0@group-A09C527D8C6F: changes role from CANDIDATE to FOLLOWER at term 186 for DISCOVERED_A_NEW_TERM
2019-10-18 12:32:36,906 [67d877d9-ecd0-4b7d-838e-89aa2c4103c0@group-A09C527D8C6F-LeaderElection151] INFO  impl.RoleInfo (RoleInfo.java:shutdownLeaderElection(134)) - 67d877d9-ecd0-4b7d-838e-89aa2c4103c0: shutdown LeaderElection
2019-10-18 12:32:36,907 [67d877d9-ecd0-4b7d-838e-89aa2c4103c0@group-A09C527D8C6F-LeaderElection151] INFO  impl.RoleInfo (RoleInfo.java:updateAndGet(143)) - 67d877d9-ecd0-4b7d-838e-89aa2c4103c0: start FollowerState
2019-10-18 12:32:36,934 [Thread-1363] INFO  impl.FollowerState (FollowerState.java:run(108)) - 67d877d9-ecd0-4b7d-838e-89aa2c4103c0@group-A09C527D8C6F-FollowerState: change to CANDIDATE, lastRpcTime:27ms, electionTimeout:27ms
2019-10-18 12:32:36,934 [Thread-1363] INFO  impl.RoleInfo (RoleInfo.java:shutdownFollowerState(121)) - 67d877d9-ecd0-4b7d-838e-89aa2c4103c0: shutdown FollowerState
2019-10-18 12:32:36,934 [Thread-1363] INFO  impl.RaftServerImpl (RaftServerImpl.java:setRole(184)) - 67d877d9-ecd0-4b7d-838e-89aa2c4103c0@group-A09C527D8C6F: changes role from  FOLLOWER to CANDIDATE at term 186 for changeToCandidate
2019-10-18 12:32:36,935 [Thread-1363] INFO  impl.RoleInfo (RoleInfo.java:updateAndGet(143)) - 67d877d9-ecd0-4b7d-838e-89aa2c4103c0: start LeaderElection
2019-10-18 12:32:36,964 [67d877d9-ecd0-4b7d-838e-89aa2c4103c0@group-A09C527D8C6F-LeaderElection152] INFO  impl.LeaderElection (LeaderElection.java:askForVotes(178)) - 67d877d9-ecd0-4b7d-838e-89aa2c4103c0@group-A09C527D8C6F-LeaderElection152: begin an election at term 187 for -1: [c39ba312-e57f-4b8c-998e-32538a6d88da:192.168.34.56:44039, 67d877d9-ecd0-4b7d-838e-89aa2c4103c0:192.168.34.56:33816, 6af5dfc0-d4d0-48db-9aa9-c45e51549e54:192.168.34.56:32981], old=null
2019-10-18 12:32:36,966 [grpc-default-executor-3] INFO  impl.RaftServerImpl (RaftServerImpl.java:setRole(184)) - c39ba312-e57f-4b8c-998e-32538a6d88da@group-A09C527D8C6F: changes role from  FOLLOWER to FOLLOWER at term 187 for recognizeCandidate:67d877d9-ecd0-4b7d-838e-89aa2c4103c0
2019-10-18 12:32:36,966 [grpc-default-executor-3] INFO  impl.RoleInfo (RoleInfo.java:shutdownFollowerState(121)) - c39ba312-e57f-4b8c-998e-32538a6d88da: shutdown FollowerState
2019-10-18 12:32:36,966 [grpc-default-executor-3] INFO  impl.RoleInfo (RoleInfo.java:updateAndGet(143)) - c39ba312-e57f-4b8c-998e-32538a6d88da: start FollowerState
2019-10-18 12:32:36,966 [Thread-1361] INFO  impl.FollowerState (FollowerState.java:run(117)) - c39ba312-e57f-4b8c-998e-32538a6d88da@group-A09C527D8C6F-FollowerState was interrupted: java.lang.InterruptedException: sleep interrupted
2019-10-18 12:32:36,967 [grpc-default-executor-1] INFO  impl.RaftServerImpl (RaftServerImpl.java:setRole(184)) - 6af5dfc0-d4d0-48db-9aa9-c45e51549e54@group-A09C527D8C6F: changes role from  FOLLOWER to FOLLOWER at term 187 for recognizeCandidate:67d877d9-ecd0-4b7d-838e-89aa2c4103c0
2019-10-18 12:32:36,967 [grpc-default-executor-1] INFO  impl.RoleInfo (RoleInfo.java:shutdownFollowerState(121)) - 6af5dfc0-d4d0-48db-9aa9-c45e51549e54: shutdown FollowerState
2019-10-18 12:32:36,968 [grpc-default-executor-1] INFO  impl.RoleInfo (RoleInfo.java:updateAndGet(143)) - 6af5dfc0-d4d0-48db-9aa9-c45e51549e54: start FollowerState
2019-10-18 12:32:36,968 [Thread-1362] INFO  impl.FollowerState (FollowerState.java:run(117)) - 6af5dfc0-d4d0-48db-9aa9-c45e51549e54@group-A09C527D8C6F-FollowerState was interrupted: java.lang.InterruptedException: sleep interrupted
2019-10-18 12:32:36,990 [67d877d9-ecd0-4b7d-838e-89aa2c4103c0@group-A09C527D8C6F-LeaderElection152] INFO  impl.LeaderElection (LeaderElection.java:logAndReturn(56)) - 67d877d9-ecd0-4b7d-838e-89aa2c4103c0@group-A09C527D8C6F-LeaderElection152: Election REJECTED; received 2 response(s) [67d877d9-ecd0-4b7d-838e-89aa2c4103c0<-c39ba312-e57f-4b8c-998e-32538a6d88da#0:FAIL-t187, 67d877d9-ecd0-4b7d-838e-89aa2c4103c0<-6af5dfc0-d4d0-48db-9aa9-c45e51549e54#0:FAIL-t187] and 0 exception(s); 67d877d9-ecd0-4b7d-838e-89aa2c4103c0@group-A09C527D8C6F:t187, leader=null, voted=67d877d9-ecd0-4b7d-838e-89aa2c4103c0, raftlog=67d877d9-ecd0-4b7d-838e-89aa2c4103c0@group-A09C527D8C6F-SegmentedRaftLog:OPENED:c-1,f-1,i0, conf=-1: [c39ba312-e57f-4b8c-998e-32538a6d88da:192.168.34.56:44039, 67d877d9-ecd0-4b7d-838e-89aa2c4103c0:192.168.34.56:33816, 6af5dfc0-d4d0-48db-9aa9-c45e51549e54:192.168.34.56:32981], old=null
2019-10-18 12:32:36,990 [67d877d9-ecd0-4b7d-838e-89aa2c4103c0@group-A09C527D8C6F-LeaderElection152] INFO  impl.RaftServerImpl (RaftServerImpl.java:setRole(184)) - 67d877d9-ecd0-4b7d-838e-89aa2c4103c0@group-A09C527D8C6F: changes role from CANDIDATE to FOLLOWER at term 187 for DISCOVERED_A_NEW_TERM
2019-10-18 12:32:36,991 [67d877d9-ecd0-4b7d-838e-89aa2c4103c0@group-A09C527D8C6F-LeaderElection152] INFO  impl.RoleInfo (RoleInfo.java:shutdownLeaderElection(134)) - 67d877d9-ecd0-4b7d-838e-89aa2c4103c0: shutdown LeaderElection
2019-10-18 12:32:36,991 [67d877d9-ecd0-4b7d-838e-89aa2c4103c0@group-A09C527D8C6F-LeaderElection152] INFO  impl.RoleInfo (RoleInfo.java:updateAndGet(143)) - 67d877d9-ecd0-4b7d-838e-89aa2c4103c0: start FollowerState
2019-10-18 12:32:37,039 [Thread-1371] INFO  impl.FollowerState (FollowerState.java:run(108)) - 67d877d9-ecd0-4b7d-838e-89aa2c4103c0@group-A09C527D8C6F-FollowerState: change to CANDIDATE, lastRpcTime:48ms, electionTimeout:48ms
2019-10-18 12:32:37,040 [Thread-1371] INFO  impl.RoleInfo (RoleInfo.java:shutdownFollowerState(121)) - 67d877d9-ecd0-4b7d-838e-89aa2c4103c0: shutdown FollowerState
2019-10-18 12:32:37,040 [Thread-1371] INFO  impl.RaftServerImpl (RaftServerImpl.java:setRole(184)) - 67d877d9-ecd0-4b7d-838e-89aa2c4103c0@group-A09C527D8C6F: changes role from  FOLLOWER to CANDIDATE at term 187 for changeToCandidate
2019-10-18 12:32:37,040 [Thread-1371] INFO  impl.RoleInfo (RoleInfo.java:updateAndGet(143)) - 67d877d9-ecd0-4b7d-838e-89aa2c4103c0: start LeaderElection
2019-10-18 12:32:37,065 [67d877d9-ecd0-4b7d-838e-89aa2c4103c0@group-A09C527D8C6F-LeaderElection153] INFO  impl.LeaderElection (LeaderElection.java:askForVotes(178)) - 67d877d9-ecd0-4b7d-838e-89aa2c4103c0@group-A09C527D8C6F-LeaderElection153: begin an election at term 188 for -1: [c39ba312-e57f-4b8c-998e-32538a6d88da:192.168.34.56:44039, 67d877d9-ecd0-4b7d-838e-89aa2c4103c0:192.168.34.56:33816, 6af5dfc0-d4d0-48db-9aa9-c45e51549e54:192.168.34.56:32981], old=null
2019-10-18 12:32:37,067 [grpc-default-executor-1] INFO  impl.RaftServerImpl (RaftServerImpl.java:setRole(184)) - c39ba312-e57f-4b8c-998e-32538a6d88da@group-A09C527D8C6F: changes role from  FOLLOWER to FOLLOWER at term 188 for recognizeCandidate:67d877d9-ecd0-4b7d-838e-89aa2c4103c0
2019-10-18 12:32:37,067 [grpc-default-executor-3] INFO  impl.RaftServerImpl (RaftServerImpl.java:setRole(184)) - 6af5dfc0-d4d0-48db-9aa9-c45e51549e54@group-A09C527D8C6F: changes role from  FOLLOWER to FOLLOWER at term 188 for recognizeCandidate:67d877d9-ecd0-4b7d-838e-89aa2c4103c0
2019-10-18 12:32:37,067 [grpc-default-executor-1] INFO  impl.RoleInfo (RoleInfo.java:shutdownFollowerState(121)) - c39ba312-e57f-4b8c-998e-32538a6d88da: shutdown FollowerState
2019-10-18 12:32:37,068 [grpc-default-executor-3] INFO  impl.RoleInfo (RoleInfo.java:shutdownFollowerState(121)) - 6af5dfc0-d4d0-48db-9aa9-c45e51549e54: shutdown FollowerState
2019-10-18 12:32:37,068 [Thread-1368] INFO  impl.FollowerState (FollowerState.java:run(117)) - c39ba312-e57f-4b8c-998e-32538a6d88da@group-A09C527D8C6F-FollowerState was interrupted: java.lang.InterruptedException: sleep interrupted
2019-10-18 12:32:37,068 [grpc-default-executor-1] INFO  impl.RoleInfo (RoleInfo.java:updateAndGet(143)) - c39ba312-e57f-4b8c-998e-32538a6d88da: start FollowerState
2019-10-18 12:32:37,068 [Thread-1370] INFO  impl.FollowerState (FollowerState.java:run(117)) - 6af5dfc0-d4d0-48db-9aa9-c45e51549e54@group-A09C527D8C6F-FollowerState was interrupted: java.lang.InterruptedException: sleep interrupted
2019-10-18 12:32:37,068 [grpc-default-executor-3] INFO  impl.RoleInfo (RoleInfo.java:updateAndGet(143)) - 6af5dfc0-d4d0-48db-9aa9-c45e51549e54: start FollowerState
2019-10-18 12:32:37,124 [67d877d9-ecd0-4b7d-838e-89aa2c4103c0@group-A09C527D8C6F-LeaderElection153] INFO  impl.LeaderElection (LeaderElection.java:logAndReturn(56)) - 67d877d9-ecd0-4b7d-838e-89aa2c4103c0@group-A09C527D8C6F-LeaderElection153: Election REJECTED; received 2 response(s) [67d877d9-ecd0-4b7d-838e-89aa2c4103c0<-c39ba312-e57f-4b8c-998e-32538a6d88da#0:FAIL-t188, 67d877d9-ecd0-4b7d-838e-89aa2c4103c0<-6af5dfc0-d4d0-48db-9aa9-c45e51549e54#0:FAIL-t188] and 0 exception(s); 67d877d9-ecd0-4b7d-838e-89aa2c4103c0@group-A09C527D8C6F:t188, leader=null, voted=67d877d9-ecd0-4b7d-838e-89aa2c4103c0, raftlog=67d877d9-ecd0-4b7d-838e-89aa2c4103c0@group-A09C527D8C6F-SegmentedRaftLog:OPENED:c-1,f-1,i0, conf=-1: [c39ba312-e57f-4b8c-998e-32538a6d88da:192.168.34.56:44039, 67d877d9-ecd0-4b7d-838e-89aa2c4103c0:192.168.34.56:33816, 6af5dfc0-d4d0-48db-9aa9-c45e51549e54:192.168.34.56:32981], old=null
2019-10-18 12:32:37,124 [67d877d9-ecd0-4b7d-838e-89aa2c4103c0@group-A09C527D8C6F-LeaderElection153] INFO  impl.RaftServerImpl (RaftServerImpl.java:setRole(184)) - 67d877d9-ecd0-4b7d-838e-89aa2c4103c0@group-A09C527D8C6F: changes role from CANDIDATE to FOLLOWER at term 188 for DISCOVERED_A_NEW_TERM
2019-10-18 12:32:37,125 [67d877d9-ecd0-4b7d-838e-89aa2c4103c0@group-A09C527D8C6F-LeaderElection153] INFO  impl.RoleInfo (RoleInfo.java:shutdownLeaderElection(134)) - 67d877d9-ecd0-4b7d-838e-89aa2c4103c0: shutdown LeaderElection
2019-10-18 12:32:37,125 [67d877d9-ecd0-4b7d-838e-89aa2c4103c0@group-A09C527D8C6F-LeaderElection153] INFO  impl.RoleInfo (RoleInfo.java:updateAndGet(143)) - 67d877d9-ecd0-4b7d-838e-89aa2c4103c0: start FollowerState
2019-10-18 12:32:37,127 [Thread-1377] INFO  impl.FollowerState (FollowerState.java:run(108)) - 67d877d9-ecd0-4b7d-838e-89aa2c4103c0@group-A09C527D8C6F-FollowerState: change to CANDIDATE, lastRpcTime:2ms, electionTimeout:2ms
2019-10-18 12:32:37,127 [Thread-1377] INFO  impl.RoleInfo (RoleInfo.java:shutdownFollowerState(121)) - 67d877d9-ecd0-4b7d-838e-89aa2c4103c0: shutdown FollowerState
2019-10-18 12:32:37,127 [Thread-1377] INFO  impl.RaftServerImpl (RaftServerImpl.java:setRole(184)) - 67d877d9-ecd0-4b7d-838e-89aa2c4103c0@group-A09C527D8C6F: changes role from  FOLLOWER to CANDIDATE at term 188 for changeToCandidate
2019-10-18 12:32:37,128 [Thread-1377] INFO  impl.RoleInfo (RoleInfo.java:updateAndGet(143)) - 67d877d9-ecd0-4b7d-838e-89aa2c4103c0: start LeaderElection
2019-10-18 12:32:37,157 [67d877d9-ecd0-4b7d-838e-89aa2c4103c0@group-A09C527D8C6F-LeaderElection154] INFO  impl.LeaderElection (LeaderElection.java:askForVotes(178)) - 67d877d9-ecd0-4b7d-838e-89aa2c4103c0@group-A09C527D8C6F-LeaderElection154: begin an election at term 189 for -1: [c39ba312-e57f-4b8c-998e-32538a6d88da:192.168.34.56:44039, 67d877d9-ecd0-4b7d-838e-89aa2c4103c0:192.168.34.56:33816, 6af5dfc0-d4d0-48db-9aa9-c45e51549e54:192.168.34.56:32981], old=null
2019-10-18 12:32:37,159 [grpc-default-executor-1] INFO  impl.RaftServerImpl (RaftServerImpl.java:setRole(184)) - 6af5dfc0-d4d0-48db-9aa9-c45e51549e54@group-A09C527D8C6F: changes role from  FOLLOWER to FOLLOWER at term 189 for recognizeCandidate:67d877d9-ecd0-4b7d-838e-89aa2c4103c0
2019-10-18 12:32:37,159 [grpc-default-executor-3] INFO  impl.RaftServerImpl (RaftServerImpl.java:setRole(184)) - c39ba312-e57f-4b8c-998e-32538a6d88da@group-A09C527D8C6F: changes role from  FOLLOWER to FOLLOWER at term 189 for recognizeCandidate:67d877d9-ecd0-4b7d-838e-89aa2c4103c0
2019-10-18 12:32:37,160 [grpc-default-executor-1] INFO  impl.RoleInfo (RoleInfo.java:shutdownFollowerState(121)) - 6af5dfc0-d4d0-48db-9aa9-c45e51549e54: shutdown FollowerState
2019-10-18 12:32:37,160 [grpc-default-executor-3] INFO  impl.RoleInfo (RoleInfo.java:shutdownFollowerState(121)) - c39ba312-e57f-4b8c-998e-32538a6d88da: shutdown FollowerState
2019-10-18 12:32:37,160 [Thread-1376] INFO  impl.FollowerState (FollowerState.java:run(117)) - 6af5dfc0-d4d0-48db-9aa9-c45e51549e54@group-A09C527D8C6F-FollowerState was interrupted: java.lang.InterruptedException: sleep interrupted
2019-10-18 12:32:37,160 [grpc-default-executor-1] INFO  impl.RoleInfo (RoleInfo.java:updateAndGet(143)) - 6af5dfc0-d4d0-48db-9aa9-c45e51549e54: start FollowerState
2019-10-18 12:32:37,160 [Thread-1375] INFO  impl.FollowerState (FollowerState.java:run(117)) - c39ba312-e57f-4b8c-998e-32538a6d88da@group-A09C527D8C6F-FollowerState was interrupted: java.lang.InterruptedException: sleep interrupted
2019-10-18 12:32:37,160 [grpc-default-executor-3] INFO  impl.RoleInfo (RoleInfo.java:updateAndGet(143)) - c39ba312-e57f-4b8c-998e-32538a6d88da: start FollowerState
2019-10-18 12:32:37,170 [67d877d9-ecd0-4b7d-838e-89aa2c4103c0@group-A09C527D8C6F-LeaderElection154] INFO  impl.LeaderElection (LeaderElection.java:logAndReturn(56)) - 67d877d9-ecd0-4b7d-838e-89aa2c4103c0@group-A09C527D8C6F-LeaderElection154: Election TIMEOUT; received 0 response(s) [] and 0 exception(s); 67d877d9-ecd0-4b7d-838e-89aa2c4103c0@group-A09C527D8C6F:t189, leader=null, voted=67d877d9-ecd0-4b7d-838e-89aa2c4103c0, raftlog=67d877d9-ecd0-4b7d-838e-89aa2c4103c0@group-A09C527D8C6F-SegmentedRaftLog:OPENED:c-1,f-1,i0, conf=-1: [c39ba312-e57f-4b8c-998e-32538a6d88da:192.168.34.56:44039, 67d877d9-ecd0-4b7d-838e-89aa2c4103c0:192.168.34.56:33816, 6af5dfc0-d4d0-48db-9aa9-c45e51549e54:192.168.34.56:32981], old=null
2019-10-18 12:32:37,182 [67d877d9-ecd0-4b7d-838e-89aa2c4103c0@group-A09C527D8C6F-LeaderElection154] INFO  impl.LeaderElection (LeaderElection.java:askForVotes(178)) - 67d877d9-ecd0-4b7d-838e-89aa2c4103c0@group-A09C527D8C6F-LeaderElection154: begin an election at term 190 for -1: [c39ba312-e57f-4b8c-998e-32538a6d88da:192.168.34.56:44039, 67d877d9-ecd0-4b7d-838e-89aa2c4103c0:192.168.34.56:33816, 6af5dfc0-d4d0-48db-9aa9-c45e51549e54:192.168.34.56:32981], old=null
2019-10-18 12:32:37,185 [grpc-default-executor-1] INFO  impl.RaftServerImpl (RaftServerImpl.java:setRole(184)) - c39ba312-e57f-4b8c-998e-32538a6d88da@group-A09C527D8C6F: changes role from  FOLLOWER to FOLLOWER at term 190 for recognizeCandidate:67d877d9-ecd0-4b7d-838e-89aa2c4103c0
2019-10-18 12:32:37,185 [grpc-default-executor-1] INFO  impl.RoleInfo (RoleInfo.java:shutdownFollowerState(121)) - c39ba312-e57f-4b8c-998e-32538a6d88da: shutdown FollowerState
2019-10-18 12:32:37,185 [grpc-default-executor-3] INFO  impl.RaftServerImpl (RaftServerImpl.java:setRole(184)) - 6af5dfc0-d4d0-48db-9aa9-c45e51549e54@group-A09C527D8C6F: changes role from  FOLLOWER to FOLLOWER at term 190 for recognizeCandidate:67d877d9-ecd0-4b7d-838e-89aa2c4103c0
2019-10-18 12:32:37,185 [Thread-1382] INFO  impl.FollowerState (FollowerState.java:run(117)) - c39ba312-e57f-4b8c-998e-32538a6d88da@group-A09C527D8C6F-FollowerState was interrupted: java.lang.InterruptedException: sleep interrupted
2019-10-18 12:32:37,185 [grpc-default-executor-1] INFO  impl.RoleInfo (RoleInfo.java:updateAndGet(143)) - c39ba312-e57f-4b8c-998e-32538a6d88da: start FollowerState
2019-10-18 12:32:37,185 [grpc-default-executor-3] INFO  impl.RoleInfo (RoleInfo.java:shutdownFollowerState(121)) - 6af5dfc0-d4d0-48db-9aa9-c45e51549e54: shutdown FollowerState
2019-10-18 12:32:37,186 [grpc-default-executor-3] INFO  impl.RoleInfo (RoleInfo.java:updateAndGet(143)) - 6af5dfc0-d4d0-48db-9aa9-c45e51549e54: start FollowerState
2019-10-18 12:32:37,186 [Thread-1381] INFO  impl.FollowerState (FollowerState.java:run(117)) - 6af5dfc0-d4d0-48db-9aa9-c45e51549e54@group-A09C527D8C6F-FollowerState was interrupted: java.lang.InterruptedException: sleep interrupted
2019-10-18 12:32:37,209 [67d877d9-ecd0-4b7d-838e-89aa2c4103c0@group-A09C527D8C6F-LeaderElection154] INFO  impl.LeaderElection (LeaderElection.java:logAndReturn(56)) - 67d877d9-ecd0-4b7d-838e-89aa2c4103c0@group-A09C527D8C6F-LeaderElection154: Election REJECTED; received 2 response(s) [67d877d9-ecd0-4b7d-838e-89aa2c4103c0<-c39ba312-e57f-4b8c-998e-32538a6d88da#0:FAIL-t190, 67d877d9-ecd0-4b7d-838e-89aa2c4103c0<-6af5dfc0-d4d0-48db-9aa9-c45e51549e54#0:FAIL-t190] and 0 exception(s); 67d877d9-ecd0-4b7d-838e-89aa2c4103c0@group-A09C527D8C6F:t190, leader=null, voted=67d877d9-ecd0-4b7d-838e-89aa2c4103c0, raftlog=67d877d9-ecd0-4b7d-838e-89aa2c4103c0@group-A09C527D8C6F-SegmentedRaftLog:OPENED:c-1,f-1,i0, conf=-1: [c39ba312-e57f-4b8c-998e-32538a6d88da:192.168.34.56:44039, 67d877d9-ecd0-4b7d-838e-89aa2c4103c0:192.168.34.56:33816, 6af5dfc0-d4d0-48db-9aa9-c45e51549e54:192.168.34.56:32981], old=null
2019-10-18 12:32:37,209 [67d877d9-ecd0-4b7d-838e-89aa2c4103c0@group-A09C527D8C6F-LeaderElection154] INFO  impl.RaftServerImpl (RaftServerImpl.java:setRole(184)) - 67d877d9-ecd0-4b7d-838e-89aa2c4103c0@group-A09C527D8C6F: changes role from CANDIDATE to FOLLOWER at term 190 for DISCOVERED_A_NEW_TERM
2019-10-18 12:32:37,209 [67d877d9-ecd0-4b7d-838e-89aa2c4103c0@group-A09C527D8C6F-LeaderElection154] INFO  impl.RoleInfo (RoleInfo.java:shutdownLeaderElection(134)) - 67d877d9-ecd0-4b7d-838e-89aa2c4103c0: shutdown LeaderElection
2019-10-18 12:32:37,209 [67d877d9-ecd0-4b7d-838e-89aa2c4103c0@group-A09C527D8C6F-LeaderElection154] INFO  impl.RoleInfo (RoleInfo.java:updateAndGet(143)) - 67d877d9-ecd0-4b7d-838e-89aa2c4103c0: start FollowerState
2019-10-18 12:32:37,221 [Thread-1387] INFO  impl.FollowerState (FollowerState.java:run(108)) - 67d877d9-ecd0-4b7d-838e-89aa2c4103c0@group-A09C527D8C6F-FollowerState: change to CANDIDATE, lastRpcTime:12ms, electionTimeout:12ms
2019-10-18 12:32:37,222 [Thread-1387] INFO  impl.RoleInfo (RoleInfo.java:shutdownFollowerState(121)) - 67d877d9-ecd0-4b7d-838e-89aa2c4103c0: shutdown FollowerState
2019-10-18 12:32:37,222 [Thread-1387] INFO  impl.RaftServerImpl (RaftServerImpl.java:setRole(184)) - 67d877d9-ecd0-4b7d-838e-89aa2c4103c0@group-A09C527D8C6F: changes role from  FOLLOWER to CANDIDATE at term 190 for changeToCandidate
2019-10-18 12:32:37,222 [Thread-1387] INFO  impl.RoleInfo (RoleInfo.java:updateAndGet(143)) - 67d877d9-ecd0-4b7d-838e-89aa2c4103c0: start LeaderElection
2019-10-18 12:32:37,251 [67d877d9-ecd0-4b7d-838e-89aa2c4103c0@group-A09C527D8C6F-LeaderElection155] INFO  impl.LeaderElection (LeaderElection.java:askForVotes(178)) - 67d877d9-ecd0-4b7d-838e-89aa2c4103c0@group-A09C527D8C6F-LeaderElection155: begin an election at term 191 for -1: [c39ba312-e57f-4b8c-998e-32538a6d88da:192.168.34.56:44039, 67d877d9-ecd0-4b7d-838e-89aa2c4103c0:192.168.34.56:33816, 6af5dfc0-d4d0-48db-9aa9-c45e51549e54:192.168.34.56:32981], old=null
2019-10-18 12:32:37,253 [grpc-default-executor-1] INFO  impl.RaftServerImpl (RaftServerImpl.java:setRole(184)) - 6af5dfc0-d4d0-48db-9aa9-c45e51549e54@group-A09C527D8C6F: changes role from  FOLLOWER to FOLLOWER at term 191 for recognizeCandidate:67d877d9-ecd0-4b7d-838e-89aa2c4103c0
2019-10-18 12:32:37,253 [grpc-default-executor-3] INFO  impl.RaftServerImpl (RaftServerImpl.java:setRole(184)) - c39ba312-e57f-4b8c-998e-32538a6d88da@group-A09C527D8C6F: changes role from  FOLLOWER to FOLLOWER at term 191 for recognizeCandidate:67d877d9-ecd0-4b7d-838e-89aa2c4103c0
2019-10-18 12:32:37,254 [grpc-default-executor-1] INFO  impl.RoleInfo (RoleInfo.java:shutdownFollowerState(121)) - 6af5dfc0-d4d0-48db-9aa9-c45e51549e54: shutdown FollowerState
2019-10-18 12:32:37,254 [grpc-default-executor-3] INFO  impl.RoleInfo (RoleInfo.java:shutdownFollowerState(121)) - c39ba312-e57f-4b8c-998e-32538a6d88da: shutdown FollowerState
2019-10-18 12:32:37,254 [Thread-1386] INFO  impl.FollowerState (FollowerState.java:run(117)) - 6af5dfc0-d4d0-48db-9aa9-c45e51549e54@group-A09C527D8C6F-FollowerState was interrupted: java.lang.InterruptedException: sleep interrupted
2019-10-18 12:32:37,254 [grpc-default-executor-1] INFO  impl.RoleInfo (RoleInfo.java:updateAndGet(143)) - 6af5dfc0-d4d0-48db-9aa9-c45e51549e54: start FollowerState
2019-10-18 12:32:37,254 [Thread-1385] INFO  impl.FollowerState (FollowerState.java:run(117)) - c39ba312-e57f-4b8c-998e-32538a6d88da@group-A09C527D8C6F-FollowerState was interrupted: java.lang.InterruptedException: sleep interrupted
2019-10-18 12:32:37,254 [grpc-default-executor-3] INFO  impl.RoleInfo (RoleInfo.java:updateAndGet(143)) - c39ba312-e57f-4b8c-998e-32538a6d88da: start FollowerState
2019-10-18 12:32:37,285 [67d877d9-ecd0-4b7d-838e-89aa2c4103c0@group-A09C527D8C6F-LeaderElection155] INFO  impl.LeaderElection (LeaderElection.java:logAndReturn(56)) - 67d877d9-ecd0-4b7d-838e-89aa2c4103c0@group-A09C527D8C6F-LeaderElection155: Election REJECTED; received 2 response(s) [67d877d9-ecd0-4b7d-838e-89aa2c4103c0<-c39ba312-e57f-4b8c-998e-32538a6d88da#0:FAIL-t191, 67d877d9-ecd0-4b7d-838e-89aa2c4103c0<-6af5dfc0-d4d0-48db-9aa9-c45e51549e54#0:FAIL-t191] and 0 exception(s); 67d877d9-ecd0-4b7d-838e-89aa2c4103c0@group-A09C527D8C6F:t191, leader=null, voted=67d877d9-ecd0-4b7d-838e-89aa2c4103c0, raftlog=67d877d9-ecd0-4b7d-838e-89aa2c4103c0@group-A09C527D8C6F-SegmentedRaftLog:OPENED:c-1,f-1,i0, conf=-1: [c39ba312-e57f-4b8c-998e-32538a6d88da:192.168.34.56:44039, 67d877d9-ecd0-4b7d-838e-89aa2c4103c0:192.168.34.56:33816, 6af5dfc0-d4d0-48db-9aa9-c45e51549e54:192.168.34.56:32981], old=null
2019-10-18 12:32:37,286 [67d877d9-ecd0-4b7d-838e-89aa2c4103c0@group-A09C527D8C6F-LeaderElection155] INFO  impl.RaftServerImpl (RaftServerImpl.java:setRole(184)) - 67d877d9-ecd0-4b7d-838e-89aa2c4103c0@group-A09C527D8C6F: changes role from CANDIDATE to FOLLOWER at term 191 for DISCOVERED_A_NEW_TERM
2019-10-18 12:32:37,286 [67d877d9-ecd0-4b7d-838e-89aa2c4103c0@group-A09C527D8C6F-LeaderElection155] INFO  impl.RoleInfo (RoleInfo.java:shutdownLeaderElection(134)) - 67d877d9-ecd0-4b7d-838e-89aa2c4103c0: shutdown LeaderElection
2019-10-18 12:32:37,286 [67d877d9-ecd0-4b7d-838e-89aa2c4103c0@group-A09C527D8C6F-LeaderElection155] INFO  impl.RoleInfo (RoleInfo.java:updateAndGet(143)) - 67d877d9-ecd0-4b7d-838e-89aa2c4103c0: start FollowerState
2019-10-18 12:32:37,330 [Thread-1393] INFO  impl.FollowerState (FollowerState.java:run(108)) - 67d877d9-ecd0-4b7d-838e-89aa2c4103c0@group-A09C527D8C6F-FollowerState: change to CANDIDATE, lastRpcTime:44ms, electionTimeout:44ms
2019-10-18 12:32:37,331 [Thread-1393] INFO  impl.RoleInfo (RoleInfo.java:shutdownFollowerState(121)) - 67d877d9-ecd0-4b7d-838e-89aa2c4103c0: shutdown FollowerState
2019-10-18 12:32:37,331 [Thread-1393] INFO  impl.RaftServerImpl (RaftServerImpl.java:setRole(184)) - 67d877d9-ecd0-4b7d-838e-89aa2c4103c0@group-A09C527D8C6F: changes role from  FOLLOWER to CANDIDATE at term 191 for changeToCandidate
2019-10-18 12:32:37,331 [Thread-1393] INFO  impl.RoleInfo (RoleInfo.java:updateAndGet(143)) - 67d877d9-ecd0-4b7d-838e-89aa2c4103c0: start LeaderElection
2019-10-18 12:32:37,360 [67d877d9-ecd0-4b7d-838e-89aa2c4103c0@group-A09C527D8C6F-LeaderElection156] INFO  impl.LeaderElection (LeaderElection.java:askForVotes(178)) - 67d877d9-ecd0-4b7d-838e-89aa2c4103c0@group-A09C527D8C6F-LeaderElection156: begin an election at term 192 for -1: [c39ba312-e57f-4b8c-998e-32538a6d88da:192.168.34.56:44039, 67d877d9-ecd0-4b7d-838e-89aa2c4103c0:192.168.34.56:33816, 6af5dfc0-d4d0-48db-9aa9-c45e51549e54:192.168.34.56:32981], old=null
2019-10-18 12:32:37,362 [grpc-default-executor-3] INFO  impl.RaftServerImpl (RaftServerImpl.java:setRole(184)) - c39ba312-e57f-4b8c-998e-32538a6d88da@group-A09C527D8C6F: changes role from  FOLLOWER to FOLLOWER at term 192 for recognizeCandidate:67d877d9-ecd0-4b7d-838e-89aa2c4103c0
2019-10-18 12:32:37,362 [grpc-default-executor-3] INFO  impl.RoleInfo (RoleInfo.java:shutdownFollowerState(121)) - c39ba312-e57f-4b8c-998e-32538a6d88da: shutdown FollowerState
2019-10-18 12:32:37,362 [grpc-default-executor-1] INFO  impl.RaftServerImpl (RaftServerImpl.java:setRole(184)) - 6af5dfc0-d4d0-48db-9aa9-c45e51549e54@group-A09C527D8C6F: changes role from  FOLLOWER to FOLLOWER at term 192 for recognizeCandidate:67d877d9-ecd0-4b7d-838e-89aa2c4103c0
2019-10-18 12:32:37,363 [grpc-default-executor-3] INFO  impl.RoleInfo (RoleInfo.java:updateAndGet(143)) - c39ba312-e57f-4b8c-998e-32538a6d88da: start FollowerState
2019-10-18 12:32:37,363 [Thread-1392] INFO  impl.FollowerState (FollowerState.java:run(117)) - c39ba312-e57f-4b8c-998e-32538a6d88da@group-A09C527D8C6F-FollowerState was interrupted: java.lang.InterruptedException: sleep interrupted
2019-10-18 12:32:37,363 [grpc-default-executor-1] INFO  impl.RoleInfo (RoleInfo.java:shutdownFollowerState(121)) - 6af5dfc0-d4d0-48db-9aa9-c45e51549e54: shutdown FollowerState
2019-10-18 12:32:37,363 [grpc-default-executor-1] INFO  impl.RoleInfo (RoleInfo.java:updateAndGet(143)) - 6af5dfc0-d4d0-48db-9aa9-c45e51549e54: start FollowerState
2019-10-18 12:32:37,363 [Thread-1391] INFO  impl.FollowerState (FollowerState.java:run(117)) - 6af5dfc0-d4d0-48db-9aa9-c45e51549e54@group-A09C527D8C6F-FollowerState was interrupted: java.lang.InterruptedException: sleep interrupted
2019-10-18 12:32:37,378 [67d877d9-ecd0-4b7d-838e-89aa2c4103c0@group-A09C527D8C6F-LeaderElection156] INFO  impl.LeaderElection (LeaderElection.java:logAndReturn(56)) - 67d877d9-ecd0-4b7d-838e-89aa2c4103c0@group-A09C527D8C6F-LeaderElection156: Election TIMEOUT; received 0 response(s) [] and 0 exception(s); 67d877d9-ecd0-4b7d-838e-89aa2c4103c0@group-A09C527D8C6F:t192, leader=null, voted=67d877d9-ecd0-4b7d-838e-89aa2c4103c0, raftlog=67d877d9-ecd0-4b7d-838e-89aa2c4103c0@group-A09C527D8C6F-SegmentedRaftLog:OPENED:c-1,f-1,i0, conf=-1: [c39ba312-e57f-4b8c-998e-32538a6d88da:192.168.34.56:44039, 67d877d9-ecd0-4b7d-838e-89aa2c4103c0:192.168.34.56:33816, 6af5dfc0-d4d0-48db-9aa9-c45e51549e54:192.168.34.56:32981], old=null
2019-10-18 12:32:37,435 [67d877d9-ecd0-4b7d-838e-89aa2c4103c0@group-A09C527D8C6F-LeaderElection156] INFO  impl.LeaderElection (LeaderElection.java:askForVotes(178)) - 67d877d9-ecd0-4b7d-838e-89aa2c4103c0@group-A09C527D8C6F-LeaderElection156: begin an election at term 193 for -1: [c39ba312-e57f-4b8c-998e-32538a6d88da:192.168.34.56:44039, 67d877d9-ecd0-4b7d-838e-89aa2c4103c0:192.168.34.56:33816, 6af5dfc0-d4d0-48db-9aa9-c45e51549e54:192.168.34.56:32981], old=null
2019-10-18 12:32:37,438 [grpc-default-executor-1] INFO  impl.RaftServerImpl (RaftServerImpl.java:setRole(184)) - 6af5dfc0-d4d0-48db-9aa9-c45e51549e54@group-A09C527D8C6F: changes role from  FOLLOWER to FOLLOWER at term 193 for recognizeCandidate:67d877d9-ecd0-4b7d-838e-89aa2c4103c0
2019-10-18 12:32:37,438 [grpc-default-executor-3] INFO  impl.RaftServerImpl (RaftServerImpl.java:setRole(184)) - c39ba312-e57f-4b8c-998e-32538a6d88da@group-A09C527D8C6F: changes role from  FOLLOWER to FOLLOWER at term 193 for recognizeCandidate:67d877d9-ecd0-4b7d-838e-89aa2c4103c0
2019-10-18 12:32:37,438 [grpc-default-executor-3] INFO  impl.RoleInfo (RoleInfo.java:shutdownFollowerState(121)) - c39ba312-e57f-4b8c-998e-32538a6d88da: shutdown FollowerState
2019-10-18 12:32:37,438 [grpc-default-executor-1] INFO  impl.RoleInfo (RoleInfo.java:shutdownFollowerState(121)) - 6af5dfc0-d4d0-48db-9aa9-c45e51549e54: shutdown FollowerState
2019-10-18 12:32:37,438 [Thread-1397] INFO  impl.FollowerState (FollowerState.java:run(117)) - c39ba312-e57f-4b8c-998e-32538a6d88da@group-A09C527D8C6F-FollowerState was interrupted: java.lang.InterruptedException: sleep interrupted
2019-10-18 12:32:37,438 [grpc-default-executor-3] INFO  impl.RoleInfo (RoleInfo.java:updateAndGet(143)) - c39ba312-e57f-4b8c-998e-32538a6d88da: start FollowerState
2019-10-18 12:32:37,439 [Thread-1398] INFO  impl.FollowerState (FollowerState.java:run(117)) - 6af5dfc0-d4d0-48db-9aa9-c45e51549e54@group-A09C527D8C6F-FollowerState was interrupted: java.lang.InterruptedException: sleep interrupted
2019-10-18 12:32:37,439 [grpc-default-executor-1] INFO  impl.RoleInfo (RoleInfo.java:updateAndGet(143)) - 6af5dfc0-d4d0-48db-9aa9-c45e51549e54: start FollowerState
2019-10-18 12:32:37,462 [67d877d9-ecd0-4b7d-838e-89aa2c4103c0@group-A09C527D8C6F-LeaderElection156] INFO  impl.LeaderElection (LeaderElection.java:logAndReturn(56)) - 67d877d9-ecd0-4b7d-838e-89aa2c4103c0@group-A09C527D8C6F-LeaderElection156: Election REJECTED; received 2 response(s) [67d877d9-ecd0-4b7d-838e-89aa2c4103c0<-c39ba312-e57f-4b8c-998e-32538a6d88da#0:FAIL-t193, 67d877d9-ecd0-4b7d-838e-89aa2c4103c0<-6af5dfc0-d4d0-48db-9aa9-c45e51549e54#0:FAIL-t193] and 0 exception(s); 67d877d9-ecd0-4b7d-838e-89aa2c4103c0@group-A09C527D8C6F:t193, leader=null, voted=67d877d9-ecd0-4b7d-838e-89aa2c4103c0, raftlog=67d877d9-ecd0-4b7d-838e-89aa2c4103c0@group-A09C527D8C6F-SegmentedRaftLog:OPENED:c-1,f-1,i0, conf=-1: [c39ba312-e57f-4b8c-998e-32538a6d88da:192.168.34.56:44039, 67d877d9-ecd0-4b7d-838e-89aa2c4103c0:192.168.34.56:33816, 6af5dfc0-d4d0-48db-9aa9-c45e51549e54:192.168.34.56:32981], old=null
2019-10-18 12:32:37,462 [67d877d9-ecd0-4b7d-838e-89aa2c4103c0@group-A09C527D8C6F-LeaderElection156] INFO  impl.RaftServerImpl (RaftServerImpl.java:setRole(184)) - 67d877d9-ecd0-4b7d-838e-89aa2c4103c0@group-A09C527D8C6F: changes role from CANDIDATE to FOLLOWER at term 193 for DISCOVERED_A_NEW_TERM
2019-10-18 12:32:37,462 [67d877d9-ecd0-4b7d-838e-89aa2c4103c0@group-A09C527D8C6F-LeaderElection156] INFO  impl.RoleInfo (RoleInfo.java:shutdownLeaderElection(134)) - 67d877d9-ecd0-4b7d-838e-89aa2c4103c0: shutdown LeaderElection
2019-10-18 12:32:37,462 [67d877d9-ecd0-4b7d-838e-89aa2c4103c0@group-A09C527D8C6F-LeaderElection156] INFO  impl.RoleInfo (RoleInfo.java:updateAndGet(143)) - 67d877d9-ecd0-4b7d-838e-89aa2c4103c0: start FollowerState
2019-10-18 12:32:37,659 [Thread-1403] INFO  impl.FollowerState (FollowerState.java:run(108)) - 67d877d9-ecd0-4b7d-838e-89aa2c4103c0@group-A09C527D8C6F-FollowerState: change to CANDIDATE, lastRpcTime:196ms, electionTimeout:196ms
2019-10-18 12:32:37,660 [Thread-1403] INFO  impl.RoleInfo (RoleInfo.java:shutdownFollowerState(121)) - 67d877d9-ecd0-4b7d-838e-89aa2c4103c0: shutdown FollowerState
2019-10-18 12:32:37,660 [Thread-1403] INFO  impl.RaftServerImpl (RaftServerImpl.java:setRole(184)) - 67d877d9-ecd0-4b7d-838e-89aa2c4103c0@group-A09C527D8C6F: changes role from  FOLLOWER to CANDIDATE at term 193 for changeToCandidate
2019-10-18 12:32:37,661 [Thread-1403] INFO  impl.RoleInfo (RoleInfo.java:updateAndGet(143)) - 67d877d9-ecd0-4b7d-838e-89aa2c4103c0: start LeaderElection
2019-10-18 12:32:37,695 [67d877d9-ecd0-4b7d-838e-89aa2c4103c0@group-A09C527D8C6F-LeaderElection157] INFO  impl.LeaderElection (LeaderElection.java:askForVotes(178)) - 67d877d9-ecd0-4b7d-838e-89aa2c4103c0@group-A09C527D8C6F-LeaderElection157: begin an election at term 194 for -1: [c39ba312-e57f-4b8c-998e-32538a6d88da:192.168.34.56:44039, 67d877d9-ecd0-4b7d-838e-89aa2c4103c0:192.168.34.56:33816, 6af5dfc0-d4d0-48db-9aa9-c45e51549e54:192.168.34.56:32981], old=null
2019-10-18 12:32:37,699 [grpc-default-executor-1] INFO  impl.RaftServerImpl (RaftServerImpl.java:setRole(184)) - c39ba312-e57f-4b8c-998e-32538a6d88da@group-A09C527D8C6F: changes role from  FOLLOWER to FOLLOWER at term 194 for recognizeCandidate:67d877d9-ecd0-4b7d-838e-89aa2c4103c0
2019-10-18 12:32:37,699 [grpc-default-executor-3] INFO  impl.RaftServerImpl (RaftServerImpl.java:setRole(184)) - 6af5dfc0-d4d0-48db-9aa9-c45e51549e54@group-A09C527D8C6F: changes role from  FOLLOWER to FOLLOWER at term 194 for recognizeCandidate:67d877d9-ecd0-4b7d-838e-89aa2c4103c0
2019-10-18 12:32:37,700 [grpc-default-executor-1] INFO  impl.RoleInfo (RoleInfo.java:shutdownFollowerState(121)) - c39ba312-e57f-4b8c-998e-32538a6d88da: shutdown FollowerState
2019-10-18 12:32:37,700 [grpc-default-executor-3] INFO  impl.RoleInfo (RoleInfo.java:shutdownFollowerState(121)) - 6af5dfc0-d4d0-48db-9aa9-c45e51549e54: shutdown FollowerState
2019-10-18 12:32:37,700 [Thread-1401] INFO  impl.FollowerState (FollowerState.java:run(117)) - c39ba312-e57f-4b8c-998e-32538a6d88da@group-A09C527D8C6F-FollowerState was interrupted: java.lang.InterruptedException: sleep interrupted
2019-10-18 12:32:37,700 [grpc-default-executor-1] INFO  impl.RoleInfo (RoleInfo.java:updateAndGet(143)) - c39ba312-e57f-4b8c-998e-32538a6d88da: start FollowerState
2019-10-18 12:32:37,700 [Thread-1402] INFO  impl.FollowerState (FollowerState.java:run(117)) - 6af5dfc0-d4d0-48db-9aa9-c45e51549e54@group-A09C527D8C6F-FollowerState was interrupted: java.lang.InterruptedException: sleep interrupted
2019-10-18 12:32:37,700 [grpc-default-executor-3] INFO  impl.RoleInfo (RoleInfo.java:updateAndGet(143)) - 6af5dfc0-d4d0-48db-9aa9-c45e51549e54: start FollowerState
2019-10-18 12:32:37,729 [67d877d9-ecd0-4b7d-838e-89aa2c4103c0@group-A09C527D8C6F-LeaderElection157] INFO  impl.LeaderElection (LeaderElection.java:logAndReturn(56)) - 67d877d9-ecd0-4b7d-838e-89aa2c4103c0@group-A09C527D8C6F-LeaderElection157: Election REJECTED; received 2 response(s) [67d877d9-ecd0-4b7d-838e-89aa2c4103c0<-c39ba312-e57f-4b8c-998e-32538a6d88da#0:FAIL-t194, 67d877d9-ecd0-4b7d-838e-89aa2c4103c0<-6af5dfc0-d4d0-48db-9aa9-c45e51549e54#0:FAIL-t194] and 0 exception(s); 67d877d9-ecd0-4b7d-838e-89aa2c4103c0@group-A09C527D8C6F:t194, leader=null, voted=67d877d9-ecd0-4b7d-838e-89aa2c4103c0, raftlog=67d877d9-ecd0-4b7d-838e-89aa2c4103c0@group-A09C527D8C6F-SegmentedRaftLog:OPENED:c-1,f-1,i0, conf=-1: [c39ba312-e57f-4b8c-998e-32538a6d88da:192.168.34.56:44039, 67d877d9-ecd0-4b7d-838e-89aa2c4103c0:192.168.34.56:33816, 6af5dfc0-d4d0-48db-9aa9-c45e51549e54:192.168.34.56:32981], old=null
2019-10-18 12:32:37,730 [67d877d9-ecd0-4b7d-838e-89aa2c4103c0@group-A09C527D8C6F-LeaderElection157] INFO  impl.RaftServerImpl (RaftServerImpl.java:setRole(184)) - 67d877d9-ecd0-4b7d-838e-89aa2c4103c0@group-A09C527D8C6F: changes role from CANDIDATE to FOLLOWER at term 194 for DISCOVERED_A_NEW_TERM
2019-10-18 12:32:37,730 [67d877d9-ecd0-4b7d-838e-89aa2c4103c0@group-A09C527D8C6F-LeaderElection157] INFO  impl.RoleInfo (RoleInfo.java:shutdownLeaderElection(134)) - 67d877d9-ecd0-4b7d-838e-89aa2c4103c0: shutdown LeaderElection
2019-10-18 12:32:37,730 [67d877d9-ecd0-4b7d-838e-89aa2c4103c0@group-A09C527D8C6F-LeaderElection157] INFO  impl.RoleInfo (RoleInfo.java:updateAndGet(143)) - 67d877d9-ecd0-4b7d-838e-89aa2c4103c0: start FollowerState
2019-10-18 12:32:37,747 [Thread-1409] INFO  impl.FollowerState (FollowerState.java:run(108)) - 67d877d9-ecd0-4b7d-838e-89aa2c4103c0@group-A09C527D8C6F-FollowerState: change to CANDIDATE, lastRpcTime:17ms, electionTimeout:17ms
2019-10-18 12:32:37,748 [Thread-1409] INFO  impl.RoleInfo (RoleInfo.java:shutdownFollowerState(121)) - 67d877d9-ecd0-4b7d-838e-89aa2c4103c0: shutdown FollowerState
2019-10-18 12:32:37,748 [Thread-1409] INFO  impl.RaftServerImpl (RaftServerImpl.java:setRole(184)) - 67d877d9-ecd0-4b7d-838e-89aa2c4103c0@group-A09C527D8C6F: changes role from  FOLLOWER to CANDIDATE at term 194 for changeToCandidate
2019-10-18 12:32:37,748 [Thread-1409] INFO  impl.RoleInfo (RoleInfo.java:updateAndGet(143)) - 67d877d9-ecd0-4b7d-838e-89aa2c4103c0: start LeaderElection
2019-10-18 12:32:37,779 [67d877d9-ecd0-4b7d-838e-89aa2c4103c0@group-A09C527D8C6F-LeaderElection158] INFO  impl.LeaderElection (LeaderElection.java:askForVotes(178)) - 67d877d9-ecd0-4b7d-838e-89aa2c4103c0@group-A09C527D8C6F-LeaderElection158: begin an election at term 195 for -1: [c39ba312-e57f-4b8c-998e-32538a6d88da:192.168.34.56:44039, 67d877d9-ecd0-4b7d-838e-89aa2c4103c0:192.168.34.56:33816, 6af5dfc0-d4d0-48db-9aa9-c45e51549e54:192.168.34.56:32981], old=null
2019-10-18 12:32:37,781 [grpc-default-executor-3] INFO  impl.RaftServerImpl (RaftServerImpl.java:setRole(184)) - c39ba312-e57f-4b8c-998e-32538a6d88da@group-A09C527D8C6F: changes role from  FOLLOWER to FOLLOWER at term 195 for recognizeCandidate:67d877d9-ecd0-4b7d-838e-89aa2c4103c0
2019-10-18 12:32:37,781 [grpc-default-executor-3] INFO  impl.RoleInfo (RoleInfo.java:shutdownFollowerState(121)) - c39ba312-e57f-4b8c-998e-32538a6d88da: shutdown FollowerState
2019-10-18 12:32:37,781 [grpc-default-executor-3] INFO  impl.RoleInfo (RoleInfo.java:updateAndGet(143)) - c39ba312-e57f-4b8c-998e-32538a6d88da: start FollowerState
2019-10-18 12:32:37,781 [Thread-1407] INFO  impl.FollowerState (FollowerState.java:run(117)) - c39ba312-e57f-4b8c-998e-32538a6d88da@group-A09C527D8C6F-FollowerState was interrupted: java.lang.InterruptedException: sleep interrupted
2019-10-18 12:32:37,781 [grpc-default-executor-1] INFO  impl.RaftServerImpl (RaftServerImpl.java:setRole(184)) - 6af5dfc0-d4d0-48db-9aa9-c45e51549e54@group-A09C527D8C6F: changes role from  FOLLOWER to FOLLOWER at term 195 for recognizeCandidate:67d877d9-ecd0-4b7d-838e-89aa2c4103c0
2019-10-18 12:32:37,782 [grpc-default-executor-1] INFO  impl.RoleInfo (RoleInfo.java:shutdownFollowerState(121)) - 6af5dfc0-d4d0-48db-9aa9-c45e51549e54: shutdown FollowerState
2019-10-18 12:32:37,782 [grpc-default-executor-1] INFO  impl.RoleInfo (RoleInfo.java:updateAndGet(143)) - 6af5dfc0-d4d0-48db-9aa9-c45e51549e54: start FollowerState
2019-10-18 12:32:37,782 [Thread-1408] INFO  impl.FollowerState (FollowerState.java:run(117)) - 6af5dfc0-d4d0-48db-9aa9-c45e51549e54@group-A09C527D8C6F-FollowerState was interrupted: java.lang.InterruptedException: sleep interrupted
2019-10-18 12:32:37,805 [67d877d9-ecd0-4b7d-838e-89aa2c4103c0@group-A09C527D8C6F-LeaderElection158] INFO  impl.LeaderElection (LeaderElection.java:logAndReturn(56)) - 67d877d9-ecd0-4b7d-838e-89aa2c4103c0@group-A09C527D8C6F-LeaderElection158: Election REJECTED; received 2 response(s) [67d877d9-ecd0-4b7d-838e-89aa2c4103c0<-c39ba312-e57f-4b8c-998e-32538a6d88da#0:FAIL-t195, 67d877d9-ecd0-4b7d-838e-89aa2c4103c0<-6af5dfc0-d4d0-48db-9aa9-c45e51549e54#0:FAIL-t195] and 0 exception(s); 67d877d9-ecd0-4b7d-838e-89aa2c4103c0@group-A09C527D8C6F:t195, leader=null, voted=67d877d9-ecd0-4b7d-838e-89aa2c4103c0, raftlog=67d877d9-ecd0-4b7d-838e-89aa2c4103c0@group-A09C527D8C6F-SegmentedRaftLog:OPENED:c-1,f-1,i0, conf=-1: [c39ba312-e57f-4b8c-998e-32538a6d88da:192.168.34.56:44039, 67d877d9-ecd0-4b7d-838e-89aa2c4103c0:192.168.34.56:33816, 6af5dfc0-d4d0-48db-9aa9-c45e51549e54:192.168.34.56:32981], old=null
2019-10-18 12:32:37,805 [67d877d9-ecd0-4b7d-838e-89aa2c4103c0@group-A09C527D8C6F-LeaderElection158] INFO  impl.RaftServerImpl (RaftServerImpl.java:setRole(184)) - 67d877d9-ecd0-4b7d-838e-89aa2c4103c0@group-A09C527D8C6F: changes role from CANDIDATE to FOLLOWER at term 195 for DISCOVERED_A_NEW_TERM
2019-10-18 12:32:37,805 [67d877d9-ecd0-4b7d-838e-89aa2c4103c0@group-A09C527D8C6F-LeaderElection158] INFO  impl.RoleInfo (RoleInfo.java:shutdownLeaderElection(134)) - 67d877d9-ecd0-4b7d-838e-89aa2c4103c0: shutdown LeaderElection
2019-10-18 12:32:37,805 [67d877d9-ecd0-4b7d-838e-89aa2c4103c0@group-A09C527D8C6F-LeaderElection158] INFO  impl.RoleInfo (RoleInfo.java:updateAndGet(143)) - 67d877d9-ecd0-4b7d-838e-89aa2c4103c0: start FollowerState
2019-10-18 12:32:37,840 [Thread-1415] INFO  impl.FollowerState (FollowerState.java:run(108)) - 67d877d9-ecd0-4b7d-838e-89aa2c4103c0@group-A09C527D8C6F-FollowerState: change to CANDIDATE, lastRpcTime:34ms, electionTimeout:34ms
2019-10-18 12:32:37,840 [Thread-1415] INFO  impl.RoleInfo (RoleInfo.java:shutdownFollowerState(121)) - 67d877d9-ecd0-4b7d-838e-89aa2c4103c0: shutdown FollowerState
2019-10-18 12:32:37,840 [Thread-1415] INFO  impl.RaftServerImpl (RaftServerImpl.java:setRole(184)) - 67d877d9-ecd0-4b7d-838e-89aa2c4103c0@group-A09C527D8C6F: changes role from  FOLLOWER to CANDIDATE at term 195 for changeToCandidate
2019-10-18 12:32:37,840 [Thread-1415] INFO  impl.RoleInfo (RoleInfo.java:updateAndGet(143)) - 67d877d9-ecd0-4b7d-838e-89aa2c4103c0: start LeaderElection
2019-10-18 12:32:37,863 [67d877d9-ecd0-4b7d-838e-89aa2c4103c0@group-A09C527D8C6F-LeaderElection159] INFO  impl.LeaderElection (LeaderElection.java:askForVotes(178)) - 67d877d9-ecd0-4b7d-838e-89aa2c4103c0@group-A09C527D8C6F-LeaderElection159: begin an election at term 196 for -1: [c39ba312-e57f-4b8c-998e-32538a6d88da:192.168.34.56:44039, 67d877d9-ecd0-4b7d-838e-89aa2c4103c0:192.168.34.56:33816, 6af5dfc0-d4d0-48db-9aa9-c45e51549e54:192.168.34.56:32981], old=null
2019-10-18 12:32:37,866 [grpc-default-executor-1] INFO  impl.RaftServerImpl (RaftServerImpl.java:setRole(184)) - c39ba312-e57f-4b8c-998e-32538a6d88da@group-A09C527D8C6F: changes role from  FOLLOWER to FOLLOWER at term 196 for recognizeCandidate:67d877d9-ecd0-4b7d-838e-89aa2c4103c0
2019-10-18 12:32:37,866 [grpc-default-executor-1] INFO  impl.RoleInfo (RoleInfo.java:shutdownFollowerState(121)) - c39ba312-e57f-4b8c-998e-32538a6d88da: shutdown FollowerState
2019-10-18 12:32:37,866 [grpc-default-executor-3] INFO  impl.RaftServerImpl (RaftServerImpl.java:setRole(184)) - 6af5dfc0-d4d0-48db-9aa9-c45e51549e54@group-A09C527D8C6F: changes role from  FOLLOWER to FOLLOWER at term 196 for recognizeCandidate:67d877d9-ecd0-4b7d-838e-89aa2c4103c0
2019-10-18 12:32:37,866 [grpc-default-executor-1] INFO  impl.RoleInfo (RoleInfo.java:updateAndGet(143)) - c39ba312-e57f-4b8c-998e-32538a6d88da: start FollowerState
2019-10-18 12:32:37,866 [Thread-1413] INFO  impl.FollowerState (FollowerState.java:run(117)) - c39ba312-e57f-4b8c-998e-32538a6d88da@group-A09C527D8C6F-FollowerState was interrupted: java.lang.InterruptedException: sleep interrupted
2019-10-18 12:32:37,866 [grpc-default-executor-3] INFO  impl.RoleInfo (RoleInfo.java:shutdownFollowerState(121)) - 6af5dfc0-d4d0-48db-9aa9-c45e51549e54: shutdown FollowerState
2019-10-18 12:32:37,867 [grpc-default-executor-3] INFO  impl.RoleInfo (RoleInfo.java:updateAndGet(143)) - 6af5dfc0-d4d0-48db-9aa9-c45e51549e54: start FollowerState
2019-10-18 12:32:37,867 [Thread-1414] INFO  impl.FollowerState (FollowerState.java:run(117)) - 6af5dfc0-d4d0-48db-9aa9-c45e51549e54@group-A09C527D8C6F-FollowerState was interrupted: java.lang.InterruptedException: sleep interrupted
2019-10-18 12:32:37,882 [67d877d9-ecd0-4b7d-838e-89aa2c4103c0@group-A09C527D8C6F-LeaderElection159] INFO  impl.LeaderElection (LeaderElection.java:logAndReturn(56)) - 67d877d9-ecd0-4b7d-838e-89aa2c4103c0@group-A09C527D8C6F-LeaderElection159: Election TIMEOUT; received 0 response(s) [] and 0 exception(s); 67d877d9-ecd0-4b7d-838e-89aa2c4103c0@group-A09C527D8C6F:t196, leader=null, voted=67d877d9-ecd0-4b7d-838e-89aa2c4103c0, raftlog=67d877d9-ecd0-4b7d-838e-89aa2c4103c0@group-A09C527D8C6F-SegmentedRaftLog:OPENED:c-1,f-1,i0, conf=-1: [c39ba312-e57f-4b8c-998e-32538a6d88da:192.168.34.56:44039, 67d877d9-ecd0-4b7d-838e-89aa2c4103c0:192.168.34.56:33816, 6af5dfc0-d4d0-48db-9aa9-c45e51549e54:192.168.34.56:32981], old=null
2019-10-18 12:32:37,914 [67d877d9-ecd0-4b7d-838e-89aa2c4103c0@group-A09C527D8C6F-LeaderElection159] INFO  impl.LeaderElection (LeaderElection.java:askForVotes(178)) - 67d877d9-ecd0-4b7d-838e-89aa2c4103c0@group-A09C527D8C6F-LeaderElection159: begin an election at term 197 for -1: [c39ba312-e57f-4b8c-998e-32538a6d88da:192.168.34.56:44039, 67d877d9-ecd0-4b7d-838e-89aa2c4103c0:192.168.34.56:33816, 6af5dfc0-d4d0-48db-9aa9-c45e51549e54:192.168.34.56:32981], old=null
2019-10-18 12:32:37,916 [grpc-default-executor-1] INFO  impl.RaftServerImpl (RaftServerImpl.java:setRole(184)) - 6af5dfc0-d4d0-48db-9aa9-c45e51549e54@group-A09C527D8C6F: changes role from  FOLLOWER to FOLLOWER at term 197 for recognizeCandidate:67d877d9-ecd0-4b7d-838e-89aa2c4103c0
2019-10-18 12:32:37,916 [grpc-default-executor-1] INFO  impl.RoleInfo (RoleInfo.java:shutdownFollowerState(121)) - 6af5dfc0-d4d0-48db-9aa9-c45e51549e54: shutdown FollowerState
2019-10-18 12:32:37,916 [grpc-default-executor-3] INFO  impl.RaftServerImpl (RaftServerImpl.java:setRole(184)) - c39ba312-e57f-4b8c-998e-32538a6d88da@group-A09C527D8C6F: changes role from  FOLLOWER to FOLLOWER at term 197 for recognizeCandidate:67d877d9-ecd0-4b7d-838e-89aa2c4103c0
2019-10-18 12:32:37,916 [Thread-1420] INFO  impl.FollowerState (FollowerState.java:run(117)) - 6af5dfc0-d4d0-48db-9aa9-c45e51549e54@group-A09C527D8C6F-FollowerState was interrupted: java.lang.InterruptedException: sleep interrupted
2019-10-18 12:32:37,916 [grpc-default-executor-1] INFO  impl.RoleInfo (RoleInfo.java:updateAndGet(143)) - 6af5dfc0-d4d0-48db-9aa9-c45e51549e54: start FollowerState
2019-10-18 12:32:37,917 [grpc-default-executor-3] INFO  impl.RoleInfo (RoleInfo.java:shutdownFollowerState(121)) - c39ba312-e57f-4b8c-998e-32538a6d88da: shutdown FollowerState
2019-10-18 12:32:37,917 [grpc-default-executor-3] INFO  impl.RoleInfo (RoleInfo.java:updateAndGet(143)) - c39ba312-e57f-4b8c-998e-32538a6d88da: start FollowerState
2019-10-18 12:32:37,917 [Thread-1419] INFO  impl.FollowerState (FollowerState.java:run(117)) - c39ba312-e57f-4b8c-998e-32538a6d88da@group-A09C527D8C6F-FollowerState was interrupted: java.lang.InterruptedException: sleep interrupted
2019-10-18 12:32:37,957 [67d877d9-ecd0-4b7d-838e-89aa2c4103c0@group-A09C527D8C6F-LeaderElection159] INFO  impl.LeaderElection (LeaderElection.java:logAndReturn(56)) - 67d877d9-ecd0-4b7d-838e-89aa2c4103c0@group-A09C527D8C6F-LeaderElection159: Election REJECTED; received 2 response(s) [67d877d9-ecd0-4b7d-838e-89aa2c4103c0<-c39ba312-e57f-4b8c-998e-32538a6d88da#0:FAIL-t197, 67d877d9-ecd0-4b7d-838e-89aa2c4103c0<-6af5dfc0-d4d0-48db-9aa9-c45e51549e54#0:FAIL-t197] and 0 exception(s); 67d877d9-ecd0-4b7d-838e-89aa2c4103c0@group-A09C527D8C6F:t197, leader=null, voted=67d877d9-ecd0-4b7d-838e-89aa2c4103c0, raftlog=67d877d9-ecd0-4b7d-838e-89aa2c4103c0@group-A09C527D8C6F-SegmentedRaftLog:OPENED:c-1,f-1,i0, conf=-1: [c39ba312-e57f-4b8c-998e-32538a6d88da:192.168.34.56:44039, 67d877d9-ecd0-4b7d-838e-89aa2c4103c0:192.168.34.56:33816, 6af5dfc0-d4d0-48db-9aa9-c45e51549e54:192.168.34.56:32981], old=null
2019-10-18 12:32:37,957 [67d877d9-ecd0-4b7d-838e-89aa2c4103c0@group-A09C527D8C6F-LeaderElection159] INFO  impl.RaftServerImpl (RaftServerImpl.java:setRole(184)) - 67d877d9-ecd0-4b7d-838e-89aa2c4103c0@group-A09C527D8C6F: changes role from CANDIDATE to FOLLOWER at term 197 for DISCOVERED_A_NEW_TERM
2019-10-18 12:32:37,957 [67d877d9-ecd0-4b7d-838e-89aa2c4103c0@group-A09C527D8C6F-LeaderElection159] INFO  impl.RoleInfo (RoleInfo.java:shutdownLeaderElection(134)) - 67d877d9-ecd0-4b7d-838e-89aa2c4103c0: shutdown LeaderElection
2019-10-18 12:32:37,957 [67d877d9-ecd0-4b7d-838e-89aa2c4103c0@group-A09C527D8C6F-LeaderElection159] INFO  impl.RoleInfo (RoleInfo.java:updateAndGet(143)) - 67d877d9-ecd0-4b7d-838e-89aa2c4103c0: start FollowerState
2019-10-18 12:32:38,075 [Thread-1425] INFO  impl.FollowerState (FollowerState.java:run(108)) - 67d877d9-ecd0-4b7d-838e-89aa2c4103c0@group-A09C527D8C6F-FollowerState: change to CANDIDATE, lastRpcTime:117ms, electionTimeout:117ms
2019-10-18 12:32:38,075 [Thread-1425] INFO  impl.RoleInfo (RoleInfo.java:shutdownFollowerState(121)) - 67d877d9-ecd0-4b7d-838e-89aa2c4103c0: shutdown FollowerState
2019-10-18 12:32:38,075 [Thread-1425] INFO  impl.RaftServerImpl (RaftServerImpl.java:setRole(184)) - 67d877d9-ecd0-4b7d-838e-89aa2c4103c0@group-A09C527D8C6F: changes role from  FOLLOWER to CANDIDATE at term 197 for changeToCandidate
2019-10-18 12:32:38,075 [Thread-1425] INFO  impl.RoleInfo (RoleInfo.java:updateAndGet(143)) - 67d877d9-ecd0-4b7d-838e-89aa2c4103c0: start LeaderElection
2019-10-18 12:32:38,107 [67d877d9-ecd0-4b7d-838e-89aa2c4103c0@group-A09C527D8C6F-LeaderElection160] INFO  impl.LeaderElection (LeaderElection.java:askForVotes(178)) - 67d877d9-ecd0-4b7d-838e-89aa2c4103c0@group-A09C527D8C6F-LeaderElection160: begin an election at term 198 for -1: [c39ba312-e57f-4b8c-998e-32538a6d88da:192.168.34.56:44039, 67d877d9-ecd0-4b7d-838e-89aa2c4103c0:192.168.34.56:33816, 6af5dfc0-d4d0-48db-9aa9-c45e51549e54:192.168.34.56:32981], old=null
2019-10-18 12:32:38,110 [grpc-default-executor-3] INFO  impl.RaftServerImpl (RaftServerImpl.java:setRole(184)) - 6af5dfc0-d4d0-48db-9aa9-c45e51549e54@group-A09C527D8C6F: changes role from  FOLLOWER to FOLLOWER at term 198 for recognizeCandidate:67d877d9-ecd0-4b7d-838e-89aa2c4103c0
2019-10-18 12:32:38,110 [grpc-default-executor-1] INFO  impl.RaftServerImpl (RaftServerImpl.java:setRole(184)) - c39ba312-e57f-4b8c-998e-32538a6d88da@group-A09C527D8C6F: changes role from  FOLLOWER to FOLLOWER at term 198 for recognizeCandidate:67d877d9-ecd0-4b7d-838e-89aa2c4103c0
2019-10-18 12:32:38,110 [grpc-default-executor-3] INFO  impl.RoleInfo (RoleInfo.java:shutdownFollowerState(121)) - 6af5dfc0-d4d0-48db-9aa9-c45e51549e54: shutdown FollowerState
2019-10-18 12:32:38,111 [grpc-default-executor-1] INFO  impl.RoleInfo (RoleInfo.java:shutdownFollowerState(121)) - c39ba312-e57f-4b8c-998e-32538a6d88da: shutdown FollowerState
2019-10-18 12:32:38,111 [grpc-default-executor-3] INFO  impl.RoleInfo (RoleInfo.java:updateAndGet(143)) - 6af5dfc0-d4d0-48db-9aa9-c45e51549e54: start FollowerState
2019-10-18 12:32:38,111 [Thread-1423] INFO  impl.FollowerState (FollowerState.java:run(117)) - 6af5dfc0-d4d0-48db-9aa9-c45e51549e54@group-A09C527D8C6F-FollowerState was interrupted: java.lang.InterruptedException: sleep interrupted
2019-10-18 12:32:38,111 [Thread-1424] INFO  impl.FollowerState (FollowerState.java:run(117)) - c39ba312-e57f-4b8c-998e-32538a6d88da@group-A09C527D8C6F-FollowerState was interrupted: java.lang.InterruptedException: sleep interrupted
2019-10-18 12:32:38,111 [grpc-default-executor-1] INFO  impl.RoleInfo (RoleInfo.java:updateAndGet(143)) - c39ba312-e57f-4b8c-998e-32538a6d88da: start FollowerState
2019-10-18 12:32:38,134 [67d877d9-ecd0-4b7d-838e-89aa2c4103c0@group-A09C527D8C6F-LeaderElection160] INFO  impl.LeaderElection (LeaderElection.java:logAndReturn(56)) - 67d877d9-ecd0-4b7d-838e-89aa2c4103c0@group-A09C527D8C6F-LeaderElection160: Election REJECTED; received 2 response(s) [67d877d9-ecd0-4b7d-838e-89aa2c4103c0<-c39ba312-e57f-4b8c-998e-32538a6d88da#0:FAIL-t198, 67d877d9-ecd0-4b7d-838e-89aa2c4103c0<-6af5dfc0-d4d0-48db-9aa9-c45e51549e54#0:FAIL-t198] and 0 exception(s); 67d877d9-ecd0-4b7d-838e-89aa2c4103c0@group-A09C527D8C6F:t198, leader=null, voted=67d877d9-ecd0-4b7d-838e-89aa2c4103c0, raftlog=67d877d9-ecd0-4b7d-838e-89aa2c4103c0@group-A09C527D8C6F-SegmentedRaftLog:OPENED:c-1,f-1,i0, conf=-1: [c39ba312-e57f-4b8c-998e-32538a6d88da:192.168.34.56:44039, 67d877d9-ecd0-4b7d-838e-89aa2c4103c0:192.168.34.56:33816, 6af5dfc0-d4d0-48db-9aa9-c45e51549e54:192.168.34.56:32981], old=null
2019-10-18 12:32:38,134 [67d877d9-ecd0-4b7d-838e-89aa2c4103c0@group-A09C527D8C6F-LeaderElection160] INFO  impl.RaftServerImpl (RaftServerImpl.java:setRole(184)) - 67d877d9-ecd0-4b7d-838e-89aa2c4103c0@group-A09C527D8C6F: changes role from CANDIDATE to FOLLOWER at term 198 for DISCOVERED_A_NEW_TERM
2019-10-18 12:32:38,134 [67d877d9-ecd0-4b7d-838e-89aa2c4103c0@group-A09C527D8C6F-LeaderElection160] INFO  impl.RoleInfo (RoleInfo.java:shutdownLeaderElection(134)) - 67d877d9-ecd0-4b7d-838e-89aa2c4103c0: shutdown LeaderElection
2019-10-18 12:32:38,134 [67d877d9-ecd0-4b7d-838e-89aa2c4103c0@group-A09C527D8C6F-LeaderElection160] INFO  impl.RoleInfo (RoleInfo.java:updateAndGet(143)) - 67d877d9-ecd0-4b7d-838e-89aa2c4103c0: start FollowerState
2019-10-18 12:32:38,175 [Thread-1433] INFO  impl.FollowerState (FollowerState.java:run(108)) - 67d877d9-ecd0-4b7d-838e-89aa2c4103c0@group-A09C527D8C6F-FollowerState: change to CANDIDATE, lastRpcTime:40ms, electionTimeout:40ms
2019-10-18 12:32:38,175 [Thread-1433] INFO  impl.RoleInfo (RoleInfo.java:shutdownFollowerState(121)) - 67d877d9-ecd0-4b7d-838e-89aa2c4103c0: shutdown FollowerState
2019-10-18 12:32:38,175 [Thread-1433] INFO  impl.RaftServerImpl (RaftServerImpl.java:setRole(184)) - 67d877d9-ecd0-4b7d-838e-89aa2c4103c0@group-A09C527D8C6F: changes role from  FOLLOWER to CANDIDATE at term 198 for changeToCandidate
2019-10-18 12:32:38,176 [Thread-1433] INFO  impl.RoleInfo (RoleInfo.java:updateAndGet(143)) - 67d877d9-ecd0-4b7d-838e-89aa2c4103c0: start LeaderElection
2019-10-18 12:32:38,210 [67d877d9-ecd0-4b7d-838e-89aa2c4103c0@group-A09C527D8C6F-LeaderElection161] INFO  impl.LeaderElection (LeaderElection.java:askForVotes(178)) - 67d877d9-ecd0-4b7d-838e-89aa2c4103c0@group-A09C527D8C6F-LeaderElection161: begin an election at term 199 for -1: [c39ba312-e57f-4b8c-998e-32538a6d88da:192.168.34.56:44039, 67d877d9-ecd0-4b7d-838e-89aa2c4103c0:192.168.34.56:33816, 6af5dfc0-d4d0-48db-9aa9-c45e51549e54:192.168.34.56:32981], old=null
2019-10-18 12:32:38,213 [67d877d9-ecd0-4b7d-838e-89aa2c4103c0@group-A09C527D8C6F-LeaderElection161] INFO  impl.LeaderElection (LeaderElection.java:logAndReturn(56)) - 67d877d9-ecd0-4b7d-838e-89aa2c4103c0@group-A09C527D8C6F-LeaderElection161: Election TIMEOUT; received 0 response(s) [] and 0 exception(s); 67d877d9-ecd0-4b7d-838e-89aa2c4103c0@group-A09C527D8C6F:t199, leader=null, voted=67d877d9-ecd0-4b7d-838e-89aa2c4103c0, raftlog=67d877d9-ecd0-4b7d-838e-89aa2c4103c0@group-A09C527D8C6F-SegmentedRaftLog:OPENED:c-1,f-1,i0, conf=-1: [c39ba312-e57f-4b8c-998e-32538a6d88da:192.168.34.56:44039, 67d877d9-ecd0-4b7d-838e-89aa2c4103c0:192.168.34.56:33816, 6af5dfc0-d4d0-48db-9aa9-c45e51549e54:192.168.34.56:32981], old=null
2019-10-18 12:32:38,214 [grpc-default-executor-1] INFO  impl.RaftServerImpl (RaftServerImpl.java:setRole(184)) - 6af5dfc0-d4d0-48db-9aa9-c45e51549e54@group-A09C527D8C6F: changes role from  FOLLOWER to FOLLOWER at term 199 for recognizeCandidate:67d877d9-ecd0-4b7d-838e-89aa2c4103c0
2019-10-18 12:32:38,214 [grpc-default-executor-3] INFO  impl.RaftServerImpl (RaftServerImpl.java:setRole(184)) - c39ba312-e57f-4b8c-998e-32538a6d88da@group-A09C527D8C6F: changes role from  FOLLOWER to FOLLOWER at term 199 for recognizeCandidate:67d877d9-ecd0-4b7d-838e-89aa2c4103c0
2019-10-18 12:32:38,214 [grpc-default-executor-1] INFO  impl.RoleInfo (RoleInfo.java:shutdownFollowerState(121)) - 6af5dfc0-d4d0-48db-9aa9-c45e51549e54: shutdown FollowerState
2019-10-18 12:32:38,214 [grpc-default-executor-3] INFO  impl.RoleInfo (RoleInfo.java:shutdownFollowerState(121)) - c39ba312-e57f-4b8c-998e-32538a6d88da: shutdown FollowerState
2019-10-18 12:32:38,214 [grpc-default-executor-1] INFO  impl.RoleInfo (RoleInfo.java:updateAndGet(143)) - 6af5dfc0-d4d0-48db-9aa9-c45e51549e54: start FollowerState
2019-10-18 12:32:38,214 [Thread-1431] INFO  impl.FollowerState (FollowerState.java:run(117)) - 6af5dfc0-d4d0-48db-9aa9-c45e51549e54@group-A09C527D8C6F-FollowerState was interrupted: java.lang.InterruptedException: sleep interrupted
2019-10-18 12:32:38,214 [Thread-1432] INFO  impl.FollowerState (FollowerState.java:run(117)) - c39ba312-e57f-4b8c-998e-32538a6d88da@group-A09C527D8C6F-FollowerState was interrupted: java.lang.InterruptedException: sleep interrupted
2019-10-18 12:32:38,214 [grpc-default-executor-3] INFO  impl.RoleInfo (RoleInfo.java:updateAndGet(143)) - c39ba312-e57f-4b8c-998e-32538a6d88da: start FollowerState
2019-10-18 12:32:38,236 [67d877d9-ecd0-4b7d-838e-89aa2c4103c0@group-A09C527D8C6F-LeaderElection161] INFO  impl.LeaderElection (LeaderElection.java:askForVotes(178)) - 67d877d9-ecd0-4b7d-838e-89aa2c4103c0@group-A09C527D8C6F-LeaderElection161: begin an election at term 200 for -1: [c39ba312-e57f-4b8c-998e-32538a6d88da:192.168.34.56:44039, 67d877d9-ecd0-4b7d-838e-89aa2c4103c0:192.168.34.56:33816, 6af5dfc0-d4d0-48db-9aa9-c45e51549e54:192.168.34.56:32981], old=null
2019-10-18 12:32:38,239 [grpc-default-executor-1] INFO  impl.RaftServerImpl (RaftServerImpl.java:setRole(184)) - 6af5dfc0-d4d0-48db-9aa9-c45e51549e54@group-A09C527D8C6F: changes role from  FOLLOWER to FOLLOWER at term 200 for recognizeCandidate:67d877d9-ecd0-4b7d-838e-89aa2c4103c0
2019-10-18 12:32:38,239 [grpc-default-executor-1] INFO  impl.RoleInfo (RoleInfo.java:shutdownFollowerState(121)) - 6af5dfc0-d4d0-48db-9aa9-c45e51549e54: shutdown FollowerState
2019-10-18 12:32:38,239 [grpc-default-executor-1] INFO  impl.RoleInfo (RoleInfo.java:updateAndGet(143)) - 6af5dfc0-d4d0-48db-9aa9-c45e51549e54: start FollowerState
2019-10-18 12:32:38,239 [Thread-1437] INFO  impl.FollowerState (FollowerState.java:run(117)) - 6af5dfc0-d4d0-48db-9aa9-c45e51549e54@group-A09C527D8C6F-FollowerState was interrupted: java.lang.InterruptedException: sleep interrupted
2019-10-18 12:32:38,239 [grpc-default-executor-3] INFO  impl.RaftServerImpl (RaftServerImpl.java:setRole(184)) - c39ba312-e57f-4b8c-998e-32538a6d88da@group-A09C527D8C6F: changes role from  FOLLOWER to FOLLOWER at term 200 for recognizeCandidate:67d877d9-ecd0-4b7d-838e-89aa2c4103c0
2019-10-18 12:32:38,240 [grpc-default-executor-3] INFO  impl.RoleInfo (RoleInfo.java:shutdownFollowerState(121)) - c39ba312-e57f-4b8c-998e-32538a6d88da: shutdown FollowerState
2019-10-18 12:32:38,240 [grpc-default-executor-3] INFO  impl.RoleInfo (RoleInfo.java:updateAndGet(143)) - c39ba312-e57f-4b8c-998e-32538a6d88da: start FollowerState
2019-10-18 12:32:38,240 [Thread-1438] INFO  impl.FollowerState (FollowerState.java:run(117)) - c39ba312-e57f-4b8c-998e-32538a6d88da@group-A09C527D8C6F-FollowerState was interrupted: java.lang.InterruptedException: sleep interrupted
2019-10-18 12:32:38,263 [67d877d9-ecd0-4b7d-838e-89aa2c4103c0@group-A09C527D8C6F-LeaderElection161] INFO  impl.LeaderElection (LeaderElection.java:logAndReturn(56)) - 67d877d9-ecd0-4b7d-838e-89aa2c4103c0@group-A09C527D8C6F-LeaderElection161: Election REJECTED; received 2 response(s) [67d877d9-ecd0-4b7d-838e-89aa2c4103c0<-c39ba312-e57f-4b8c-998e-32538a6d88da#0:FAIL-t200, 67d877d9-ecd0-4b7d-838e-89aa2c4103c0<-6af5dfc0-d4d0-48db-9aa9-c45e51549e54#0:FAIL-t200] and 0 exception(s); 67d877d9-ecd0-4b7d-838e-89aa2c4103c0@group-A09C527D8C6F:t200, leader=null, voted=67d877d9-ecd0-4b7d-838e-89aa2c4103c0, raftlog=67d877d9-ecd0-4b7d-838e-89aa2c4103c0@group-A09C527D8C6F-SegmentedRaftLog:OPENED:c-1,f-1,i0, conf=-1: [c39ba312-e57f-4b8c-998e-32538a6d88da:192.168.34.56:44039, 67d877d9-ecd0-4b7d-838e-89aa2c4103c0:192.168.34.56:33816, 6af5dfc0-d4d0-48db-9aa9-c45e51549e54:192.168.34.56:32981], old=null
2019-10-18 12:32:38,263 [67d877d9-ecd0-4b7d-838e-89aa2c4103c0@group-A09C527D8C6F-LeaderElection161] INFO  impl.RaftServerImpl (RaftServerImpl.java:setRole(184)) - 67d877d9-ecd0-4b7d-838e-89aa2c4103c0@group-A09C527D8C6F: changes role from CANDIDATE to FOLLOWER at term 200 for DISCOVERED_A_NEW_TERM
2019-10-18 12:32:38,263 [67d877d9-ecd0-4b7d-838e-89aa2c4103c0@group-A09C527D8C6F-LeaderElection161] INFO  impl.RoleInfo (RoleInfo.java:shutdownLeaderElection(134)) - 67d877d9-ecd0-4b7d-838e-89aa2c4103c0: shutdown LeaderElection
2019-10-18 12:32:38,263 [67d877d9-ecd0-4b7d-838e-89aa2c4103c0@group-A09C527D8C6F-LeaderElection161] INFO  impl.RoleInfo (RoleInfo.java:updateAndGet(143)) - 67d877d9-ecd0-4b7d-838e-89aa2c4103c0: start FollowerState
2019-10-18 12:32:38,298 [Thread-1443] INFO  impl.FollowerState (FollowerState.java:run(108)) - 67d877d9-ecd0-4b7d-838e-89aa2c4103c0@group-A09C527D8C6F-FollowerState: change to CANDIDATE, lastRpcTime:34ms, electionTimeout:34ms
2019-10-18 12:32:38,298 [Thread-1443] INFO  impl.RoleInfo (RoleInfo.java:shutdownFollowerState(121)) - 67d877d9-ecd0-4b7d-838e-89aa2c4103c0: shutdown FollowerState
2019-10-18 12:32:38,298 [Thread-1443] INFO  impl.RaftServerImpl (RaftServerImpl.java:setRole(184)) - 67d877d9-ecd0-4b7d-838e-89aa2c4103c0@group-A09C527D8C6F: changes role from  FOLLOWER to CANDIDATE at term 200 for changeToCandidate
2019-10-18 12:32:38,298 [Thread-1443] INFO  impl.RoleInfo (RoleInfo.java:updateAndGet(143)) - 67d877d9-ecd0-4b7d-838e-89aa2c4103c0: start LeaderElection
2019-10-18 12:32:38,321 [67d877d9-ecd0-4b7d-838e-89aa2c4103c0@group-A09C527D8C6F-LeaderElection162] INFO  impl.LeaderElection (LeaderElection.java:askForVotes(178)) - 67d877d9-ecd0-4b7d-838e-89aa2c4103c0@group-A09C527D8C6F-LeaderElection162: begin an election at term 201 for -1: [c39ba312-e57f-4b8c-998e-32538a6d88da:192.168.34.56:44039, 67d877d9-ecd0-4b7d-838e-89aa2c4103c0:192.168.34.56:33816, 6af5dfc0-d4d0-48db-9aa9-c45e51549e54:192.168.34.56:32981], old=null
2019-10-18 12:32:38,323 [grpc-default-executor-3] INFO  impl.RaftServerImpl (RaftServerImpl.java:setRole(184)) - c39ba312-e57f-4b8c-998e-32538a6d88da@group-A09C527D8C6F: changes role from  FOLLOWER to FOLLOWER at term 201 for recognizeCandidate:67d877d9-ecd0-4b7d-838e-89aa2c4103c0
2019-10-18 12:32:38,324 [grpc-default-executor-3] INFO  impl.RoleInfo (RoleInfo.java:shutdownFollowerState(121)) - c39ba312-e57f-4b8c-998e-32538a6d88da: shutdown FollowerState
2019-10-18 12:32:38,324 [grpc-default-executor-1] INFO  impl.RaftServerImpl (RaftServerImpl.java:setRole(184)) - 6af5dfc0-d4d0-48db-9aa9-c45e51549e54@group-A09C527D8C6F: changes role from  FOLLOWER to FOLLOWER at term 201 for recognizeCandidate:67d877d9-ecd0-4b7d-838e-89aa2c4103c0
2019-10-18 12:32:38,325 [grpc-default-executor-3] INFO  impl.RoleInfo (RoleInfo.java:updateAndGet(143)) - c39ba312-e57f-4b8c-998e-32538a6d88da: start FollowerState
2019-10-18 12:32:38,325 [Thread-1442] INFO  impl.FollowerState (FollowerState.java:run(117)) - c39ba312-e57f-4b8c-998e-32538a6d88da@group-A09C527D8C6F-FollowerState was interrupted: java.lang.InterruptedException: sleep interrupted
2019-10-18 12:32:38,325 [grpc-default-executor-1] INFO  impl.RoleInfo (RoleInfo.java:shutdownFollowerState(121)) - 6af5dfc0-d4d0-48db-9aa9-c45e51549e54: shutdown FollowerState
2019-10-18 12:32:38,325 [grpc-default-executor-1] INFO  impl.RoleInfo (RoleInfo.java:updateAndGet(143)) - 6af5dfc0-d4d0-48db-9aa9-c45e51549e54: start FollowerState
2019-10-18 12:32:38,325 [Thread-1441] INFO  impl.FollowerState (FollowerState.java:run(117)) - 6af5dfc0-d4d0-48db-9aa9-c45e51549e54@group-A09C527D8C6F-FollowerState was interrupted: java.lang.InterruptedException: sleep interrupted
2019-10-18 12:32:38,348 [67d877d9-ecd0-4b7d-838e-89aa2c4103c0@group-A09C527D8C6F-LeaderElection162] INFO  impl.LeaderElection (LeaderElection.java:logAndReturn(56)) - 67d877d9-ecd0-4b7d-838e-89aa2c4103c0@group-A09C527D8C6F-LeaderElection162: Election REJECTED; received 2 response(s) [67d877d9-ecd0-4b7d-838e-89aa2c4103c0<-c39ba312-e57f-4b8c-998e-32538a6d88da#0:FAIL-t201, 67d877d9-ecd0-4b7d-838e-89aa2c4103c0<-6af5dfc0-d4d0-48db-9aa9-c45e51549e54#0:FAIL-t201] and 0 exception(s); 67d877d9-ecd0-4b7d-838e-89aa2c4103c0@group-A09C527D8C6F:t201, leader=null, voted=67d877d9-ecd0-4b7d-838e-89aa2c4103c0, raftlog=67d877d9-ecd0-4b7d-838e-89aa2c4103c0@group-A09C527D8C6F-SegmentedRaftLog:OPENED:c-1,f-1,i0, conf=-1: [c39ba312-e57f-4b8c-998e-32538a6d88da:192.168.34.56:44039, 67d877d9-ecd0-4b7d-838e-89aa2c4103c0:192.168.34.56:33816, 6af5dfc0-d4d0-48db-9aa9-c45e51549e54:192.168.34.56:32981], old=null
2019-10-18 12:32:38,348 [67d877d9-ecd0-4b7d-838e-89aa2c4103c0@group-A09C527D8C6F-LeaderElection162] INFO  impl.RaftServerImpl (RaftServerImpl.java:setRole(184)) - 67d877d9-ecd0-4b7d-838e-89aa2c4103c0@group-A09C527D8C6F: changes role from CANDIDATE to FOLLOWER at term 201 for DISCOVERED_A_NEW_TERM
2019-10-18 12:32:38,349 [67d877d9-ecd0-4b7d-838e-89aa2c4103c0@group-A09C527D8C6F-LeaderElection162] INFO  impl.RoleInfo (RoleInfo.java:shutdownLeaderElection(134)) - 67d877d9-ecd0-4b7d-838e-89aa2c4103c0: shutdown LeaderElection
2019-10-18 12:32:38,349 [67d877d9-ecd0-4b7d-838e-89aa2c4103c0@group-A09C527D8C6F-LeaderElection162] INFO  impl.RoleInfo (RoleInfo.java:updateAndGet(143)) - 67d877d9-ecd0-4b7d-838e-89aa2c4103c0: start FollowerState
2019-10-18 12:32:38,456 [Thread-1449] INFO  impl.FollowerState (FollowerState.java:run(108)) - 67d877d9-ecd0-4b7d-838e-89aa2c4103c0@group-A09C527D8C6F-FollowerState: change to CANDIDATE, lastRpcTime:107ms, electionTimeout:107ms
2019-10-18 12:32:38,456 [Thread-1449] INFO  impl.RoleInfo (RoleInfo.java:shutdownFollowerState(121)) - 67d877d9-ecd0-4b7d-838e-89aa2c4103c0: shutdown FollowerState
2019-10-18 12:32:38,457 [Thread-1449] INFO  impl.RaftServerImpl (RaftServerImpl.java:setRole(184)) - 67d877d9-ecd0-4b7d-838e-89aa2c4103c0@group-A09C527D8C6F: changes role from  FOLLOWER to CANDIDATE at term 201 for changeToCandidate
2019-10-18 12:32:38,457 [Thread-1449] INFO  impl.RoleInfo (RoleInfo.java:updateAndGet(143)) - 67d877d9-ecd0-4b7d-838e-89aa2c4103c0: start LeaderElection
2019-10-18 12:32:38,510 [67d877d9-ecd0-4b7d-838e-89aa2c4103c0@group-A09C527D8C6F-LeaderElection163] INFO  impl.LeaderElection (LeaderElection.java:askForVotes(178)) - 67d877d9-ecd0-4b7d-838e-89aa2c4103c0@group-A09C527D8C6F-LeaderElection163: begin an election at term 202 for -1: [c39ba312-e57f-4b8c-998e-32538a6d88da:192.168.34.56:44039, 67d877d9-ecd0-4b7d-838e-89aa2c4103c0:192.168.34.56:33816, 6af5dfc0-d4d0-48db-9aa9-c45e51549e54:192.168.34.56:32981], old=null
2019-10-18 12:32:38,512 [grpc-default-executor-1] INFO  impl.RaftServerImpl (RaftServerImpl.java:setRole(184)) - 6af5dfc0-d4d0-48db-9aa9-c45e51549e54@group-A09C527D8C6F: changes role from  FOLLOWER to FOLLOWER at term 202 for recognizeCandidate:67d877d9-ecd0-4b7d-838e-89aa2c4103c0
2019-10-18 12:32:38,512 [grpc-default-executor-3] INFO  impl.RaftServerImpl (RaftServerImpl.java:setRole(184)) - c39ba312-e57f-4b8c-998e-32538a6d88da@group-A09C527D8C6F: changes role from  FOLLOWER to FOLLOWER at term 202 for recognizeCandidate:67d877d9-ecd0-4b7d-838e-89aa2c4103c0
2019-10-18 12:32:38,513 [grpc-default-executor-1] INFO  impl.RoleInfo (RoleInfo.java:shutdownFollowerState(121)) - 6af5dfc0-d4d0-48db-9aa9-c45e51549e54: shutdown FollowerState
2019-10-18 12:32:38,513 [grpc-default-executor-3] INFO  impl.RoleInfo (RoleInfo.java:shutdownFollowerState(121)) - c39ba312-e57f-4b8c-998e-32538a6d88da: shutdown FollowerState
2019-10-18 12:32:38,513 [Thread-1448] INFO  impl.FollowerState (FollowerState.java:run(117)) - 6af5dfc0-d4d0-48db-9aa9-c45e51549e54@group-A09C527D8C6F-FollowerState was interrupted: java.lang.InterruptedException: sleep interrupted
2019-10-18 12:32:38,513 [Thread-1447] INFO  impl.FollowerState (FollowerState.java:run(117)) - c39ba312-e57f-4b8c-998e-32538a6d88da@group-A09C527D8C6F-FollowerState was interrupted: java.lang.InterruptedException: sleep interrupted
2019-10-18 12:32:38,513 [grpc-default-executor-1] INFO  impl.RoleInfo (RoleInfo.java:updateAndGet(143)) - 6af5dfc0-d4d0-48db-9aa9-c45e51549e54: start FollowerState
2019-10-18 12:32:38,513 [grpc-default-executor-3] INFO  impl.RoleInfo (RoleInfo.java:updateAndGet(143)) - c39ba312-e57f-4b8c-998e-32538a6d88da: start FollowerState
2019-10-18 12:32:38,538 [67d877d9-ecd0-4b7d-838e-89aa2c4103c0@group-A09C527D8C6F-LeaderElection163] INFO  impl.LeaderElection (LeaderElection.java:logAndReturn(56)) - 67d877d9-ecd0-4b7d-838e-89aa2c4103c0@group-A09C527D8C6F-LeaderElection163: Election REJECTED; received 2 response(s) [67d877d9-ecd0-4b7d-838e-89aa2c4103c0<-c39ba312-e57f-4b8c-998e-32538a6d88da#0:FAIL-t202, 67d877d9-ecd0-4b7d-838e-89aa2c4103c0<-6af5dfc0-d4d0-48db-9aa9-c45e51549e54#0:FAIL-t202] and 0 exception(s); 67d877d9-ecd0-4b7d-838e-89aa2c4103c0@group-A09C527D8C6F:t202, leader=null, voted=67d877d9-ecd0-4b7d-838e-89aa2c4103c0, raftlog=67d877d9-ecd0-4b7d-838e-89aa2c4103c0@group-A09C527D8C6F-SegmentedRaftLog:OPENED:c-1,f-1,i0, conf=-1: [c39ba312-e57f-4b8c-998e-32538a6d88da:192.168.34.56:44039, 67d877d9-ecd0-4b7d-838e-89aa2c4103c0:192.168.34.56:33816, 6af5dfc0-d4d0-48db-9aa9-c45e51549e54:192.168.34.56:32981], old=null
2019-10-18 12:32:38,538 [67d877d9-ecd0-4b7d-838e-89aa2c4103c0@group-A09C527D8C6F-LeaderElection163] INFO  impl.RaftServerImpl (RaftServerImpl.java:setRole(184)) - 67d877d9-ecd0-4b7d-838e-89aa2c4103c0@group-A09C527D8C6F: changes role from CANDIDATE to FOLLOWER at term 202 for DISCOVERED_A_NEW_TERM
2019-10-18 12:32:38,538 [67d877d9-ecd0-4b7d-838e-89aa2c4103c0@group-A09C527D8C6F-LeaderElection163] INFO  impl.RoleInfo (RoleInfo.java:shutdownLeaderElection(134)) - 67d877d9-ecd0-4b7d-838e-89aa2c4103c0: shutdown LeaderElection
2019-10-18 12:32:38,539 [67d877d9-ecd0-4b7d-838e-89aa2c4103c0@group-A09C527D8C6F-LeaderElection163] INFO  impl.RoleInfo (RoleInfo.java:updateAndGet(143)) - 67d877d9-ecd0-4b7d-838e-89aa2c4103c0: start FollowerState
2019-10-18 12:32:38,734 [Thread-1455] INFO  impl.FollowerState (FollowerState.java:run(108)) - 67d877d9-ecd0-4b7d-838e-89aa2c4103c0@group-A09C527D8C6F-FollowerState: change to CANDIDATE, lastRpcTime:195ms, electionTimeout:195ms
2019-10-18 12:32:38,734 [Thread-1455] INFO  impl.RoleInfo (RoleInfo.java:shutdownFollowerState(121)) - 67d877d9-ecd0-4b7d-838e-89aa2c4103c0: shutdown FollowerState
2019-10-18 12:32:38,734 [Thread-1455] INFO  impl.RaftServerImpl (RaftServerImpl.java:setRole(184)) - 67d877d9-ecd0-4b7d-838e-89aa2c4103c0@group-A09C527D8C6F: changes role from  FOLLOWER to CANDIDATE at term 202 for changeToCandidate
2019-10-18 12:32:38,734 [Thread-1455] INFO  impl.RoleInfo (RoleInfo.java:updateAndGet(143)) - 67d877d9-ecd0-4b7d-838e-89aa2c4103c0: start LeaderElection
2019-10-18 12:32:38,758 [67d877d9-ecd0-4b7d-838e-89aa2c4103c0@group-A09C527D8C6F-LeaderElection164] INFO  impl.LeaderElection (LeaderElection.java:askForVotes(178)) - 67d877d9-ecd0-4b7d-838e-89aa2c4103c0@group-A09C527D8C6F-LeaderElection164: begin an election at term 203 for -1: [c39ba312-e57f-4b8c-998e-32538a6d88da:192.168.34.56:44039, 67d877d9-ecd0-4b7d-838e-89aa2c4103c0:192.168.34.56:33816, 6af5dfc0-d4d0-48db-9aa9-c45e51549e54:192.168.34.56:32981], old=null
2019-10-18 12:32:38,760 [grpc-default-executor-3] INFO  impl.RaftServerImpl (RaftServerImpl.java:setRole(184)) - 6af5dfc0-d4d0-48db-9aa9-c45e51549e54@group-A09C527D8C6F: changes role from  FOLLOWER to FOLLOWER at term 203 for recognizeCandidate:67d877d9-ecd0-4b7d-838e-89aa2c4103c0
2019-10-18 12:32:38,760 [grpc-default-executor-3] INFO  impl.RoleInfo (RoleInfo.java:shutdownFollowerState(121)) - 6af5dfc0-d4d0-48db-9aa9-c45e51549e54: shutdown FollowerState
2019-10-18 12:32:38,760 [grpc-default-executor-1] INFO  impl.RaftServerImpl (RaftServerImpl.java:setRole(184)) - c39ba312-e57f-4b8c-998e-32538a6d88da@group-A09C527D8C6F: changes role from  FOLLOWER to FOLLOWER at term 203 for recognizeCandidate:67d877d9-ecd0-4b7d-838e-89aa2c4103c0
2019-10-18 12:32:38,760 [Thread-1453] INFO  impl.FollowerState (FollowerState.java:run(117)) - 6af5dfc0-d4d0-48db-9aa9-c45e51549e54@group-A09C527D8C6F-FollowerState was interrupted: java.lang.InterruptedException: sleep interrupted
2019-10-18 12:32:38,760 [grpc-default-executor-3] INFO  impl.RoleInfo (RoleInfo.java:updateAndGet(143)) - 6af5dfc0-d4d0-48db-9aa9-c45e51549e54: start FollowerState
2019-10-18 12:32:38,760 [grpc-default-executor-1] INFO  impl.RoleInfo (RoleInfo.java:shutdownFollowerState(121)) - c39ba312-e57f-4b8c-998e-32538a6d88da: shutdown FollowerState
2019-10-18 12:32:38,761 [grpc-default-executor-1] INFO  impl.RoleInfo (RoleInfo.java:updateAndGet(143)) - c39ba312-e57f-4b8c-998e-32538a6d88da: start FollowerState
2019-10-18 12:32:38,761 [Thread-1454] INFO  impl.FollowerState (FollowerState.java:run(117)) - c39ba312-e57f-4b8c-998e-32538a6d88da@group-A09C527D8C6F-FollowerState was interrupted: java.lang.InterruptedException: sleep interrupted
2019-10-18 12:32:38,776 [67d877d9-ecd0-4b7d-838e-89aa2c4103c0@group-A09C527D8C6F-LeaderElection164] INFO  impl.LeaderElection (LeaderElection.java:logAndReturn(56)) - 67d877d9-ecd0-4b7d-838e-89aa2c4103c0@group-A09C527D8C6F-LeaderElection164: Election REJECTED; received 2 response(s) [67d877d9-ecd0-4b7d-838e-89aa2c4103c0<-c39ba312-e57f-4b8c-998e-32538a6d88da#0:FAIL-t203, 67d877d9-ecd0-4b7d-838e-89aa2c4103c0<-6af5dfc0-d4d0-48db-9aa9-c45e51549e54#0:FAIL-t203] and 0 exception(s); 67d877d9-ecd0-4b7d-838e-89aa2c4103c0@group-A09C527D8C6F:t203, leader=null, voted=67d877d9-ecd0-4b7d-838e-89aa2c4103c0, raftlog=67d877d9-ecd0-4b7d-838e-89aa2c4103c0@group-A09C527D8C6F-SegmentedRaftLog:OPENED:c-1,f-1,i0, conf=-1: [c39ba312-e57f-4b8c-998e-32538a6d88da:192.168.34.56:44039, 67d877d9-ecd0-4b7d-838e-89aa2c4103c0:192.168.34.56:33816, 6af5dfc0-d4d0-48db-9aa9-c45e51549e54:192.168.34.56:32981], old=null
2019-10-18 12:32:38,776 [67d877d9-ecd0-4b7d-838e-89aa2c4103c0@group-A09C527D8C6F-LeaderElection164] INFO  impl.RaftServerImpl (RaftServerImpl.java:setRole(184)) - 67d877d9-ecd0-4b7d-838e-89aa2c4103c0@group-A09C527D8C6F: changes role from CANDIDATE to FOLLOWER at term 203 for DISCOVERED_A_NEW_TERM
2019-10-18 12:32:38,776 [67d877d9-ecd0-4b7d-838e-89aa2c4103c0@group-A09C527D8C6F-LeaderElection164] INFO  impl.RoleInfo (RoleInfo.java:shutdownLeaderElection(134)) - 67d877d9-ecd0-4b7d-838e-89aa2c4103c0: shutdown LeaderElection
2019-10-18 12:32:38,776 [67d877d9-ecd0-4b7d-838e-89aa2c4103c0@group-A09C527D8C6F-LeaderElection164] INFO  impl.RoleInfo (RoleInfo.java:updateAndGet(143)) - 67d877d9-ecd0-4b7d-838e-89aa2c4103c0: start FollowerState
2019-10-18 12:32:38,969 [Thread-1461] INFO  impl.FollowerState (FollowerState.java:run(108)) - 67d877d9-ecd0-4b7d-838e-89aa2c4103c0@group-A09C527D8C6F-FollowerState: change to CANDIDATE, lastRpcTime:192ms, electionTimeout:192ms
2019-10-18 12:32:38,969 [Thread-1461] INFO  impl.RoleInfo (RoleInfo.java:shutdownFollowerState(121)) - 67d877d9-ecd0-4b7d-838e-89aa2c4103c0: shutdown FollowerState
2019-10-18 12:32:38,969 [Thread-1461] INFO  impl.RaftServerImpl (RaftServerImpl.java:setRole(184)) - 67d877d9-ecd0-4b7d-838e-89aa2c4103c0@group-A09C527D8C6F: changes role from  FOLLOWER to CANDIDATE at term 203 for changeToCandidate
2019-10-18 12:32:38,969 [Thread-1461] INFO  impl.RoleInfo (RoleInfo.java:updateAndGet(143)) - 67d877d9-ecd0-4b7d-838e-89aa2c4103c0: start LeaderElection
2019-10-18 12:32:39,001 [67d877d9-ecd0-4b7d-838e-89aa2c4103c0@group-A09C527D8C6F-LeaderElection165] INFO  impl.LeaderElection (LeaderElection.java:askForVotes(178)) - 67d877d9-ecd0-4b7d-838e-89aa2c4103c0@group-A09C527D8C6F-LeaderElection165: begin an election at term 204 for -1: [c39ba312-e57f-4b8c-998e-32538a6d88da:192.168.34.56:44039, 67d877d9-ecd0-4b7d-838e-89aa2c4103c0:192.168.34.56:33816, 6af5dfc0-d4d0-48db-9aa9-c45e51549e54:192.168.34.56:32981], old=null
2019-10-18 12:32:39,003 [grpc-default-executor-3] INFO  impl.RaftServerImpl (RaftServerImpl.java:setRole(184)) - c39ba312-e57f-4b8c-998e-32538a6d88da@group-A09C527D8C6F: changes role from  FOLLOWER to FOLLOWER at term 204 for recognizeCandidate:67d877d9-ecd0-4b7d-838e-89aa2c4103c0
2019-10-18 12:32:39,003 [grpc-default-executor-1] INFO  impl.RaftServerImpl (RaftServerImpl.java:setRole(184)) - 6af5dfc0-d4d0-48db-9aa9-c45e51549e54@group-A09C527D8C6F: changes role from  FOLLOWER to FOLLOWER at term 204 for recognizeCandidate:67d877d9-ecd0-4b7d-838e-89aa2c4103c0
2019-10-18 12:32:39,003 [grpc-default-executor-3] INFO  impl.RoleInfo (RoleInfo.java:shutdownFollowerState(121)) - c39ba312-e57f-4b8c-998e-32538a6d88da: shutdown FollowerState
2019-10-18 12:32:39,004 [grpc-default-executor-1] INFO  impl.RoleInfo (RoleInfo.java:shutdownFollowerState(121)) - 6af5dfc0-d4d0-48db-9aa9-c45e51549e54: shutdown FollowerState
2019-10-18 12:32:39,004 [Thread-1460] INFO  impl.FollowerState (FollowerState.java:run(117)) - c39ba312-e57f-4b8c-998e-32538a6d88da@group-A09C527D8C6F-FollowerState was interrupted: java.lang.InterruptedException: sleep interrupted
2019-10-18 12:32:39,004 [grpc-default-executor-3] INFO  impl.RoleInfo (RoleInfo.java:updateAndGet(143)) - c39ba312-e57f-4b8c-998e-32538a6d88da: start FollowerState
2019-10-18 12:32:39,004 [grpc-default-executor-1] INFO  impl.RoleInfo (RoleInfo.java:updateAndGet(143)) - 6af5dfc0-d4d0-48db-9aa9-c45e51549e54: start FollowerState
2019-10-18 12:32:39,004 [Thread-1459] INFO  impl.FollowerState (FollowerState.java:run(117)) - 6af5dfc0-d4d0-48db-9aa9-c45e51549e54@group-A09C527D8C6F-FollowerState was interrupted: java.lang.InterruptedException: sleep interrupted
2019-10-18 12:32:39,020 [67d877d9-ecd0-4b7d-838e-89aa2c4103c0@group-A09C527D8C6F-LeaderElection165] INFO  impl.LeaderElection (LeaderElection.java:logAndReturn(56)) - 67d877d9-ecd0-4b7d-838e-89aa2c4103c0@group-A09C527D8C6F-LeaderElection165: Election REJECTED; received 2 response(s) [67d877d9-ecd0-4b7d-838e-89aa2c4103c0<-c39ba312-e57f-4b8c-998e-32538a6d88da#0:FAIL-t204, 67d877d9-ecd0-4b7d-838e-89aa2c4103c0<-6af5dfc0-d4d0-48db-9aa9-c45e51549e54#0:FAIL-t204] and 0 exception(s); 67d877d9-ecd0-4b7d-838e-89aa2c4103c0@group-A09C527D8C6F:t204, leader=null, voted=67d877d9-ecd0-4b7d-838e-89aa2c4103c0, raftlog=67d877d9-ecd0-4b7d-838e-89aa2c4103c0@group-A09C527D8C6F-SegmentedRaftLog:OPENED:c-1,f-1,i0, conf=-1: [c39ba312-e57f-4b8c-998e-32538a6d88da:192.168.34.56:44039, 67d877d9-ecd0-4b7d-838e-89aa2c4103c0:192.168.34.56:33816, 6af5dfc0-d4d0-48db-9aa9-c45e51549e54:192.168.34.56:32981], old=null
2019-10-18 12:32:39,020 [67d877d9-ecd0-4b7d-838e-89aa2c4103c0@group-A09C527D8C6F-LeaderElection165] INFO  impl.RaftServerImpl (RaftServerImpl.java:setRole(184)) - 67d877d9-ecd0-4b7d-838e-89aa2c4103c0@group-A09C527D8C6F: changes role from CANDIDATE to FOLLOWER at term 204 for DISCOVERED_A_NEW_TERM
2019-10-18 12:32:39,021 [67d877d9-ecd0-4b7d-838e-89aa2c4103c0@group-A09C527D8C6F-LeaderElection165] INFO  impl.RoleInfo (RoleInfo.java:shutdownLeaderElection(134)) - 67d877d9-ecd0-4b7d-838e-89aa2c4103c0: shutdown LeaderElection
2019-10-18 12:32:39,021 [67d877d9-ecd0-4b7d-838e-89aa2c4103c0@group-A09C527D8C6F-LeaderElection165] INFO  impl.RoleInfo (RoleInfo.java:updateAndGet(143)) - 67d877d9-ecd0-4b7d-838e-89aa2c4103c0: start FollowerState
2019-10-18 12:32:39,048 [Thread-1469] INFO  impl.FollowerState (FollowerState.java:run(108)) - 67d877d9-ecd0-4b7d-838e-89aa2c4103c0@group-A09C527D8C6F-FollowerState: change to CANDIDATE, lastRpcTime:27ms, electionTimeout:27ms
2019-10-18 12:32:39,048 [Thread-1469] INFO  impl.RoleInfo (RoleInfo.java:shutdownFollowerState(121)) - 67d877d9-ecd0-4b7d-838e-89aa2c4103c0: shutdown FollowerState
2019-10-18 12:32:39,048 [Thread-1469] INFO  impl.RaftServerImpl (RaftServerImpl.java:setRole(184)) - 67d877d9-ecd0-4b7d-838e-89aa2c4103c0@group-A09C527D8C6F: changes role from  FOLLOWER to CANDIDATE at term 204 for changeToCandidate
2019-10-18 12:32:39,049 [Thread-1469] INFO  impl.RoleInfo (RoleInfo.java:updateAndGet(143)) - 67d877d9-ecd0-4b7d-838e-89aa2c4103c0: start LeaderElection
2019-10-18 12:32:39,097 [67d877d9-ecd0-4b7d-838e-89aa2c4103c0@group-A09C527D8C6F-LeaderElection166] INFO  impl.LeaderElection (LeaderElection.java:askForVotes(178)) - 67d877d9-ecd0-4b7d-838e-89aa2c4103c0@group-A09C527D8C6F-LeaderElection166: begin an election at term 205 for -1: [c39ba312-e57f-4b8c-998e-32538a6d88da:192.168.34.56:44039, 67d877d9-ecd0-4b7d-838e-89aa2c4103c0:192.168.34.56:33816, 6af5dfc0-d4d0-48db-9aa9-c45e51549e54:192.168.34.56:32981], old=null
2019-10-18 12:32:39,099 [grpc-default-executor-1] INFO  impl.RaftServerImpl (RaftServerImpl.java:setRole(184)) - c39ba312-e57f-4b8c-998e-32538a6d88da@group-A09C527D8C6F: changes role from  FOLLOWER to FOLLOWER at term 205 for recognizeCandidate:67d877d9-ecd0-4b7d-838e-89aa2c4103c0
2019-10-18 12:32:39,099 [grpc-default-executor-3] INFO  impl.RaftServerImpl (RaftServerImpl.java:setRole(184)) - 6af5dfc0-d4d0-48db-9aa9-c45e51549e54@group-A09C527D8C6F: changes role from  FOLLOWER to FOLLOWER at term 205 for recognizeCandidate:67d877d9-ecd0-4b7d-838e-89aa2c4103c0
2019-10-18 12:32:39,099 [grpc-default-executor-1] INFO  impl.RoleInfo (RoleInfo.java:shutdownFollowerState(121)) - c39ba312-e57f-4b8c-998e-32538a6d88da: shutdown FollowerState
2019-10-18 12:32:39,100 [grpc-default-executor-3] INFO  impl.RoleInfo (RoleInfo.java:shutdownFollowerState(121)) - 6af5dfc0-d4d0-48db-9aa9-c45e51549e54: shutdown FollowerState
2019-10-18 12:32:39,100 [Thread-1467] INFO  impl.FollowerState (FollowerState.java:run(117)) - c39ba312-e57f-4b8c-998e-32538a6d88da@group-A09C527D8C6F-FollowerState was interrupted: java.lang.InterruptedException: sleep interrupted
2019-10-18 12:32:39,100 [grpc-default-executor-1] INFO  impl.RoleInfo (RoleInfo.java:updateAndGet(143)) - c39ba312-e57f-4b8c-998e-32538a6d88da: start FollowerState
2019-10-18 12:32:39,100 [grpc-default-executor-3] INFO  impl.RoleInfo (RoleInfo.java:updateAndGet(143)) - 6af5dfc0-d4d0-48db-9aa9-c45e51549e54: start FollowerState
2019-10-18 12:32:39,100 [Thread-1468] INFO  impl.FollowerState (FollowerState.java:run(117)) - 6af5dfc0-d4d0-48db-9aa9-c45e51549e54@group-A09C527D8C6F-FollowerState was interrupted: java.lang.InterruptedException: sleep interrupted
2019-10-18 12:32:39,124 [67d877d9-ecd0-4b7d-838e-89aa2c4103c0@group-A09C527D8C6F-LeaderElection166] INFO  impl.LeaderElection (LeaderElection.java:logAndReturn(56)) - 67d877d9-ecd0-4b7d-838e-89aa2c4103c0@group-A09C527D8C6F-LeaderElection166: Election REJECTED; received 2 response(s) [67d877d9-ecd0-4b7d-838e-89aa2c4103c0<-c39ba312-e57f-4b8c-998e-32538a6d88da#0:FAIL-t205, 67d877d9-ecd0-4b7d-838e-89aa2c4103c0<-6af5dfc0-d4d0-48db-9aa9-c45e51549e54#0:FAIL-t205] and 0 exception(s); 67d877d9-ecd0-4b7d-838e-89aa2c4103c0@group-A09C527D8C6F:t205, leader=null, voted=67d877d9-ecd0-4b7d-838e-89aa2c4103c0, raftlog=67d877d9-ecd0-4b7d-838e-89aa2c4103c0@group-A09C527D8C6F-SegmentedRaftLog:OPENED:c-1,f-1,i0, conf=-1: [c39ba312-e57f-4b8c-998e-32538a6d88da:192.168.34.56:44039, 67d877d9-ecd0-4b7d-838e-89aa2c4103c0:192.168.34.56:33816, 6af5dfc0-d4d0-48db-9aa9-c45e51549e54:192.168.34.56:32981], old=null
2019-10-18 12:32:39,124 [67d877d9-ecd0-4b7d-838e-89aa2c4103c0@group-A09C527D8C6F-LeaderElection166] INFO  impl.RaftServerImpl (RaftServerImpl.java:setRole(184)) - 67d877d9-ecd0-4b7d-838e-89aa2c4103c0@group-A09C527D8C6F: changes role from CANDIDATE to FOLLOWER at term 205 for DISCOVERED_A_NEW_TERM
2019-10-18 12:32:39,124 [67d877d9-ecd0-4b7d-838e-89aa2c4103c0@group-A09C527D8C6F-LeaderElection166] INFO  impl.RoleInfo (RoleInfo.java:shutdownLeaderElection(134)) - 67d877d9-ecd0-4b7d-838e-89aa2c4103c0: shutdown LeaderElection
2019-10-18 12:32:39,124 [67d877d9-ecd0-4b7d-838e-89aa2c4103c0@group-A09C527D8C6F-LeaderElection166] INFO  impl.RoleInfo (RoleInfo.java:updateAndGet(143)) - 67d877d9-ecd0-4b7d-838e-89aa2c4103c0: start FollowerState
2019-10-18 12:32:39,190 [Thread-1475] INFO  impl.FollowerState (FollowerState.java:run(108)) - 67d877d9-ecd0-4b7d-838e-89aa2c4103c0@group-A09C527D8C6F-FollowerState: change to CANDIDATE, lastRpcTime:65ms, electionTimeout:65ms
2019-10-18 12:32:39,190 [Thread-1475] INFO  impl.RoleInfo (RoleInfo.java:shutdownFollowerState(121)) - 67d877d9-ecd0-4b7d-838e-89aa2c4103c0: shutdown FollowerState
2019-10-18 12:32:39,190 [Thread-1475] INFO  impl.RaftServerImpl (RaftServerImpl.java:setRole(184)) - 67d877d9-ecd0-4b7d-838e-89aa2c4103c0@group-A09C527D8C6F: changes role from  FOLLOWER to CANDIDATE at term 205 for changeToCandidate
2019-10-18 12:32:39,190 [Thread-1475] INFO  impl.RoleInfo (RoleInfo.java:updateAndGet(143)) - 67d877d9-ecd0-4b7d-838e-89aa2c4103c0: start LeaderElection
2019-10-18 12:32:39,214 [67d877d9-ecd0-4b7d-838e-89aa2c4103c0@group-A09C527D8C6F-LeaderElection167] INFO  impl.LeaderElection (LeaderElection.java:askForVotes(178)) - 67d877d9-ecd0-4b7d-838e-89aa2c4103c0@group-A09C527D8C6F-LeaderElection167: begin an election at term 206 for -1: [c39ba312-e57f-4b8c-998e-32538a6d88da:192.168.34.56:44039, 67d877d9-ecd0-4b7d-838e-89aa2c4103c0:192.168.34.56:33816, 6af5dfc0-d4d0-48db-9aa9-c45e51549e54:192.168.34.56:32981], old=null
2019-10-18 12:32:39,216 [grpc-default-executor-3] INFO  impl.RaftServerImpl (RaftServerImpl.java:setRole(184)) - c39ba312-e57f-4b8c-998e-32538a6d88da@group-A09C527D8C6F: changes role from  FOLLOWER to FOLLOWER at term 206 for recognizeCandidate:67d877d9-ecd0-4b7d-838e-89aa2c4103c0
2019-10-18 12:32:39,216 [grpc-default-executor-1] INFO  impl.RaftServerImpl (RaftServerImpl.java:setRole(184)) - 6af5dfc0-d4d0-48db-9aa9-c45e51549e54@group-A09C527D8C6F: changes role from  FOLLOWER to FOLLOWER at term 206 for recognizeCandidate:67d877d9-ecd0-4b7d-838e-89aa2c4103c0
2019-10-18 12:32:39,217 [grpc-default-executor-1] INFO  impl.RoleInfo (RoleInfo.java:shutdownFollowerState(121)) - 6af5dfc0-d4d0-48db-9aa9-c45e51549e54: shutdown FollowerState
2019-10-18 12:32:39,216 [grpc-default-executor-3] INFO  impl.RoleInfo (RoleInfo.java:shutdownFollowerState(121)) - c39ba312-e57f-4b8c-998e-32538a6d88da: shutdown FollowerState
2019-10-18 12:32:39,217 [Thread-1474] INFO  impl.FollowerState (FollowerState.java:run(117)) - 6af5dfc0-d4d0-48db-9aa9-c45e51549e54@group-A09C527D8C6F-FollowerState was interrupted: java.lang.InterruptedException: sleep interrupted
2019-10-18 12:32:39,217 [grpc-default-executor-1] INFO  impl.RoleInfo (RoleInfo.java:updateAndGet(143)) - 6af5dfc0-d4d0-48db-9aa9-c45e51549e54: start FollowerState
2019-10-18 12:32:39,217 [Thread-1473] INFO  impl.FollowerState (FollowerState.java:run(117)) - c39ba312-e57f-4b8c-998e-32538a6d88da@group-A09C527D8C6F-FollowerState was interrupted: java.lang.InterruptedException: sleep interrupted
2019-10-18 12:32:39,217 [grpc-default-executor-3] INFO  impl.RoleInfo (RoleInfo.java:updateAndGet(143)) - c39ba312-e57f-4b8c-998e-32538a6d88da: start FollowerState
2019-10-18 12:32:39,241 [67d877d9-ecd0-4b7d-838e-89aa2c4103c0@group-A09C527D8C6F-LeaderElection167] INFO  impl.LeaderElection (LeaderElection.java:logAndReturn(56)) - 67d877d9-ecd0-4b7d-838e-89aa2c4103c0@group-A09C527D8C6F-LeaderElection167: Election REJECTED; received 2 response(s) [67d877d9-ecd0-4b7d-838e-89aa2c4103c0<-c39ba312-e57f-4b8c-998e-32538a6d88da#0:FAIL-t206, 67d877d9-ecd0-4b7d-838e-89aa2c4103c0<-6af5dfc0-d4d0-48db-9aa9-c45e51549e54#0:FAIL-t206] and 0 exception(s); 67d877d9-ecd0-4b7d-838e-89aa2c4103c0@group-A09C527D8C6F:t206, leader=null, voted=67d877d9-ecd0-4b7d-838e-89aa2c4103c0, raftlog=67d877d9-ecd0-4b7d-838e-89aa2c4103c0@group-A09C527D8C6F-SegmentedRaftLog:OPENED:c-1,f-1,i0, conf=-1: [c39ba312-e57f-4b8c-998e-32538a6d88da:192.168.34.56:44039, 67d877d9-ecd0-4b7d-838e-89aa2c4103c0:192.168.34.56:33816, 6af5dfc0-d4d0-48db-9aa9-c45e51549e54:192.168.34.56:32981], old=null
2019-10-18 12:32:39,241 [67d877d9-ecd0-4b7d-838e-89aa2c4103c0@group-A09C527D8C6F-LeaderElection167] INFO  impl.RaftServerImpl (RaftServerImpl.java:setRole(184)) - 67d877d9-ecd0-4b7d-838e-89aa2c4103c0@group-A09C527D8C6F: changes role from CANDIDATE to FOLLOWER at term 206 for DISCOVERED_A_NEW_TERM
2019-10-18 12:32:39,241 [67d877d9-ecd0-4b7d-838e-89aa2c4103c0@group-A09C527D8C6F-LeaderElection167] INFO  impl.RoleInfo (RoleInfo.java:shutdownLeaderElection(134)) - 67d877d9-ecd0-4b7d-838e-89aa2c4103c0: shutdown LeaderElection
2019-10-18 12:32:39,242 [67d877d9-ecd0-4b7d-838e-89aa2c4103c0@group-A09C527D8C6F-LeaderElection167] INFO  impl.RoleInfo (RoleInfo.java:updateAndGet(143)) - 67d877d9-ecd0-4b7d-838e-89aa2c4103c0: start FollowerState
2019-10-18 12:32:39,435 [Thread-1481] INFO  impl.FollowerState (FollowerState.java:run(108)) - 67d877d9-ecd0-4b7d-838e-89aa2c4103c0@group-A09C527D8C6F-FollowerState: change to CANDIDATE, lastRpcTime:193ms, electionTimeout:193ms
2019-10-18 12:32:39,435 [Thread-1481] INFO  impl.RoleInfo (RoleInfo.java:shutdownFollowerState(121)) - 67d877d9-ecd0-4b7d-838e-89aa2c4103c0: shutdown FollowerState
2019-10-18 12:32:39,435 [Thread-1481] INFO  impl.RaftServerImpl (RaftServerImpl.java:setRole(184)) - 67d877d9-ecd0-4b7d-838e-89aa2c4103c0@group-A09C527D8C6F: changes role from  FOLLOWER to CANDIDATE at term 206 for changeToCandidate
2019-10-18 12:32:39,435 [Thread-1481] INFO  impl.RoleInfo (RoleInfo.java:updateAndGet(143)) - 67d877d9-ecd0-4b7d-838e-89aa2c4103c0: start LeaderElection
2019-10-18 12:32:39,460 [67d877d9-ecd0-4b7d-838e-89aa2c4103c0@group-A09C527D8C6F-LeaderElection168] INFO  impl.LeaderElection (LeaderElection.java:askForVotes(178)) - 67d877d9-ecd0-4b7d-838e-89aa2c4103c0@group-A09C527D8C6F-LeaderElection168: begin an election at term 207 for -1: [c39ba312-e57f-4b8c-998e-32538a6d88da:192.168.34.56:44039, 67d877d9-ecd0-4b7d-838e-89aa2c4103c0:192.168.34.56:33816, 6af5dfc0-d4d0-48db-9aa9-c45e51549e54:192.168.34.56:32981], old=null
2019-10-18 12:32:39,463 [grpc-default-executor-3] INFO  impl.RaftServerImpl (RaftServerImpl.java:setRole(184)) - 6af5dfc0-d4d0-48db-9aa9-c45e51549e54@group-A09C527D8C6F: changes role from  FOLLOWER to FOLLOWER at term 207 for recognizeCandidate:67d877d9-ecd0-4b7d-838e-89aa2c4103c0
2019-10-18 12:32:39,463 [grpc-default-executor-3] INFO  impl.RoleInfo (RoleInfo.java:shutdownFollowerState(121)) - 6af5dfc0-d4d0-48db-9aa9-c45e51549e54: shutdown FollowerState
2019-10-18 12:32:39,463 [grpc-default-executor-3] INFO  impl.RoleInfo (RoleInfo.java:updateAndGet(143)) - 6af5dfc0-d4d0-48db-9aa9-c45e51549e54: start FollowerState
2019-10-18 12:32:39,463 [Thread-1479] INFO  impl.FollowerState (FollowerState.java:run(117)) - 6af5dfc0-d4d0-48db-9aa9-c45e51549e54@group-A09C527D8C6F-FollowerState was interrupted: java.lang.InterruptedException: sleep interrupted
2019-10-18 12:32:39,463 [grpc-default-executor-1] INFO  impl.RaftServerImpl (RaftServerImpl.java:setRole(184)) - c39ba312-e57f-4b8c-998e-32538a6d88da@group-A09C527D8C6F: changes role from  FOLLOWER to FOLLOWER at term 207 for recognizeCandidate:67d877d9-ecd0-4b7d-838e-89aa2c4103c0
2019-10-18 12:32:39,463 [grpc-default-executor-1] INFO  impl.RoleInfo (RoleInfo.java:shutdownFollowerState(121)) - c39ba312-e57f-4b8c-998e-32538a6d88da: shutdown FollowerState
2019-10-18 12:32:39,464 [grpc-default-executor-1] INFO  impl.RoleInfo (RoleInfo.java:updateAndGet(143)) - c39ba312-e57f-4b8c-998e-32538a6d88da: start FollowerState
2019-10-18 12:32:39,464 [Thread-1480] INFO  impl.FollowerState (FollowerState.java:run(117)) - c39ba312-e57f-4b8c-998e-32538a6d88da@group-A09C527D8C6F-FollowerState was interrupted: java.lang.InterruptedException: sleep interrupted
2019-10-18 12:32:39,487 [67d877d9-ecd0-4b7d-838e-89aa2c4103c0@group-A09C527D8C6F-LeaderElection168] INFO  impl.LeaderElection (LeaderElection.java:logAndReturn(56)) - 67d877d9-ecd0-4b7d-838e-89aa2c4103c0@group-A09C527D8C6F-LeaderElection168: Election REJECTED; received 2 response(s) [67d877d9-ecd0-4b7d-838e-89aa2c4103c0<-c39ba312-e57f-4b8c-998e-32538a6d88da#0:FAIL-t207, 67d877d9-ecd0-4b7d-838e-89aa2c4103c0<-6af5dfc0-d4d0-48db-9aa9-c45e51549e54#0:FAIL-t207] and 0 exception(s); 67d877d9-ecd0-4b7d-838e-89aa2c4103c0@group-A09C527D8C6F:t207, leader=null, voted=67d877d9-ecd0-4b7d-838e-89aa2c4103c0, raftlog=67d877d9-ecd0-4b7d-838e-89aa2c4103c0@group-A09C527D8C6F-SegmentedRaftLog:OPENED:c-1,f-1,i0, conf=-1: [c39ba312-e57f-4b8c-998e-32538a6d88da:192.168.34.56:44039, 67d877d9-ecd0-4b7d-838e-89aa2c4103c0:192.168.34.56:33816, 6af5dfc0-d4d0-48db-9aa9-c45e51549e54:192.168.34.56:32981], old=null
2019-10-18 12:32:39,488 [67d877d9-ecd0-4b7d-838e-89aa2c4103c0@group-A09C527D8C6F-LeaderElection168] INFO  impl.RaftServerImpl (RaftServerImpl.java:setRole(184)) - 67d877d9-ecd0-4b7d-838e-89aa2c4103c0@group-A09C527D8C6F: changes role from CANDIDATE to FOLLOWER at term 207 for DISCOVERED_A_NEW_TERM
2019-10-18 12:32:39,488 [67d877d9-ecd0-4b7d-838e-89aa2c4103c0@group-A09C527D8C6F-LeaderElection168] INFO  impl.RoleInfo (RoleInfo.java:shutdownLeaderElection(134)) - 67d877d9-ecd0-4b7d-838e-89aa2c4103c0: shutdown LeaderElection
2019-10-18 12:32:39,488 [67d877d9-ecd0-4b7d-838e-89aa2c4103c0@group-A09C527D8C6F-LeaderElection168] INFO  impl.RoleInfo (RoleInfo.java:updateAndGet(143)) - 67d877d9-ecd0-4b7d-838e-89aa2c4103c0: start FollowerState
2019-10-18 12:32:39,596 [Thread-1487] INFO  impl.FollowerState (FollowerState.java:run(108)) - 67d877d9-ecd0-4b7d-838e-89aa2c4103c0@group-A09C527D8C6F-FollowerState: change to CANDIDATE, lastRpcTime:108ms, electionTimeout:108ms
2019-10-18 12:32:39,597 [Thread-1487] INFO  impl.RoleInfo (RoleInfo.java:shutdownFollowerState(121)) - 67d877d9-ecd0-4b7d-838e-89aa2c4103c0: shutdown FollowerState
2019-10-18 12:32:39,597 [Thread-1487] INFO  impl.RaftServerImpl (RaftServerImpl.java:setRole(184)) - 67d877d9-ecd0-4b7d-838e-89aa2c4103c0@group-A09C527D8C6F: changes role from  FOLLOWER to CANDIDATE at term 207 for changeToCandidate
2019-10-18 12:32:39,597 [Thread-1487] INFO  impl.RoleInfo (RoleInfo.java:updateAndGet(143)) - 67d877d9-ecd0-4b7d-838e-89aa2c4103c0: start LeaderElection
2019-10-18 12:32:39,621 [67d877d9-ecd0-4b7d-838e-89aa2c4103c0@group-A09C527D8C6F-LeaderElection169] INFO  impl.LeaderElection (LeaderElection.java:askForVotes(178)) - 67d877d9-ecd0-4b7d-838e-89aa2c4103c0@group-A09C527D8C6F-LeaderElection169: begin an election at term 208 for -1: [c39ba312-e57f-4b8c-998e-32538a6d88da:192.168.34.56:44039, 67d877d9-ecd0-4b7d-838e-89aa2c4103c0:192.168.34.56:33816, 6af5dfc0-d4d0-48db-9aa9-c45e51549e54:192.168.34.56:32981], old=null
2019-10-18 12:32:39,623 [grpc-default-executor-1] INFO  impl.RaftServerImpl (RaftServerImpl.java:setRole(184)) - c39ba312-e57f-4b8c-998e-32538a6d88da@group-A09C527D8C6F: changes role from  FOLLOWER to FOLLOWER at term 208 for recognizeCandidate:67d877d9-ecd0-4b7d-838e-89aa2c4103c0
2019-10-18 12:32:39,623 [grpc-default-executor-3] INFO  impl.RaftServerImpl (RaftServerImpl.java:setRole(184)) - 6af5dfc0-d4d0-48db-9aa9-c45e51549e54@group-A09C527D8C6F: changes role from  FOLLOWER to FOLLOWER at term 208 for recognizeCandidate:67d877d9-ecd0-4b7d-838e-89aa2c4103c0
2019-10-18 12:32:39,623 [grpc-default-executor-1] INFO  impl.RoleInfo (RoleInfo.java:shutdownFollowerState(121)) - c39ba312-e57f-4b8c-998e-32538a6d88da: shutdown FollowerState
2019-10-18 12:32:39,624 [grpc-default-executor-3] INFO  impl.RoleInfo (RoleInfo.java:shutdownFollowerState(121)) - 6af5dfc0-d4d0-48db-9aa9-c45e51549e54: shutdown FollowerState
2019-10-18 12:32:39,624 [Thread-1486] INFO  impl.FollowerState (FollowerState.java:run(117)) - c39ba312-e57f-4b8c-998e-32538a6d88da@group-A09C527D8C6F-FollowerState was interrupted: java.lang.InterruptedException: sleep interrupted
2019-10-18 12:32:39,624 [grpc-default-executor-1] INFO  impl.RoleInfo (RoleInfo.java:updateAndGet(143)) - c39ba312-e57f-4b8c-998e-32538a6d88da: start FollowerState
2019-10-18 12:32:39,624 [Thread-1485] INFO  impl.FollowerState (FollowerState.java:run(117)) - 6af5dfc0-d4d0-48db-9aa9-c45e51549e54@group-A09C527D8C6F-FollowerState was interrupted: java.lang.InterruptedException: sleep interrupted
2019-10-18 12:32:39,624 [grpc-default-executor-3] INFO  impl.RoleInfo (RoleInfo.java:updateAndGet(143)) - 6af5dfc0-d4d0-48db-9aa9-c45e51549e54: start FollowerState
2019-10-18 12:32:39,648 [67d877d9-ecd0-4b7d-838e-89aa2c4103c0@group-A09C527D8C6F-LeaderElection169] INFO  impl.LeaderElection (LeaderElection.java:logAndReturn(56)) - 67d877d9-ecd0-4b7d-838e-89aa2c4103c0@group-A09C527D8C6F-LeaderElection169: Election REJECTED; received 2 response(s) [67d877d9-ecd0-4b7d-838e-89aa2c4103c0<-c39ba312-e57f-4b8c-998e-32538a6d88da#0:FAIL-t208, 67d877d9-ecd0-4b7d-838e-89aa2c4103c0<-6af5dfc0-d4d0-48db-9aa9-c45e51549e54#0:FAIL-t208] and 0 exception(s); 67d877d9-ecd0-4b7d-838e-89aa2c4103c0@group-A09C527D8C6F:t208, leader=null, voted=67d877d9-ecd0-4b7d-838e-89aa2c4103c0, raftlog=67d877d9-ecd0-4b7d-838e-89aa2c4103c0@group-A09C527D8C6F-SegmentedRaftLog:OPENED:c-1,f-1,i0, conf=-1: [c39ba312-e57f-4b8c-998e-32538a6d88da:192.168.34.56:44039, 67d877d9-ecd0-4b7d-838e-89aa2c4103c0:192.168.34.56:33816, 6af5dfc0-d4d0-48db-9aa9-c45e51549e54:192.168.34.56:32981], old=null
2019-10-18 12:32:39,649 [67d877d9-ecd0-4b7d-838e-89aa2c4103c0@group-A09C527D8C6F-LeaderElection169] INFO  impl.RaftServerImpl (RaftServerImpl.java:setRole(184)) - 67d877d9-ecd0-4b7d-838e-89aa2c4103c0@group-A09C527D8C6F: changes role from CANDIDATE to FOLLOWER at term 208 for DISCOVERED_A_NEW_TERM
2019-10-18 12:32:39,649 [67d877d9-ecd0-4b7d-838e-89aa2c4103c0@group-A09C527D8C6F-LeaderElection169] INFO  impl.RoleInfo (RoleInfo.java:shutdownLeaderElection(134)) - 67d877d9-ecd0-4b7d-838e-89aa2c4103c0: shutdown LeaderElection
2019-10-18 12:32:39,649 [67d877d9-ecd0-4b7d-838e-89aa2c4103c0@group-A09C527D8C6F-LeaderElection169] INFO  impl.RoleInfo (RoleInfo.java:updateAndGet(143)) - 67d877d9-ecd0-4b7d-838e-89aa2c4103c0: start FollowerState
2019-10-18 12:32:39,806 [Thread-1493] INFO  impl.FollowerState (FollowerState.java:run(108)) - 67d877d9-ecd0-4b7d-838e-89aa2c4103c0@group-A09C527D8C6F-FollowerState: change to CANDIDATE, lastRpcTime:157ms, electionTimeout:157ms
2019-10-18 12:32:39,807 [Thread-1493] INFO  impl.RoleInfo (RoleInfo.java:shutdownFollowerState(121)) - 67d877d9-ecd0-4b7d-838e-89aa2c4103c0: shutdown FollowerState
2019-10-18 12:32:39,807 [Thread-1493] INFO  impl.RaftServerImpl (RaftServerImpl.java:setRole(184)) - 67d877d9-ecd0-4b7d-838e-89aa2c4103c0@group-A09C527D8C6F: changes role from  FOLLOWER to CANDIDATE at term 208 for changeToCandidate
2019-10-18 12:32:39,807 [Thread-1493] INFO  impl.RoleInfo (RoleInfo.java:updateAndGet(143)) - 67d877d9-ecd0-4b7d-838e-89aa2c4103c0: start LeaderElection
2019-10-18 12:32:39,829 [67d877d9-ecd0-4b7d-838e-89aa2c4103c0@group-A09C527D8C6F-LeaderElection170] INFO  impl.LeaderElection (LeaderElection.java:askForVotes(178)) - 67d877d9-ecd0-4b7d-838e-89aa2c4103c0@group-A09C527D8C6F-LeaderElection170: begin an election at term 209 for -1: [c39ba312-e57f-4b8c-998e-32538a6d88da:192.168.34.56:44039, 67d877d9-ecd0-4b7d-838e-89aa2c4103c0:192.168.34.56:33816, 6af5dfc0-d4d0-48db-9aa9-c45e51549e54:192.168.34.56:32981], old=null
2019-10-18 12:32:39,832 [grpc-default-executor-1] INFO  impl.RaftServerImpl (RaftServerImpl.java:setRole(184)) - c39ba312-e57f-4b8c-998e-32538a6d88da@group-A09C527D8C6F: changes role from  FOLLOWER to FOLLOWER at term 209 for recognizeCandidate:67d877d9-ecd0-4b7d-838e-89aa2c4103c0
2019-10-18 12:32:39,832 [grpc-default-executor-3] INFO  impl.RaftServerImpl (RaftServerImpl.java:setRole(184)) - 6af5dfc0-d4d0-48db-9aa9-c45e51549e54@group-A09C527D8C6F: changes role from  FOLLOWER to FOLLOWER at term 209 for recognizeCandidate:67d877d9-ecd0-4b7d-838e-89aa2c4103c0
2019-10-18 12:32:39,832 [grpc-default-executor-1] INFO  impl.RoleInfo (RoleInfo.java:shutdownFollowerState(121)) - c39ba312-e57f-4b8c-998e-32538a6d88da: shutdown FollowerState
2019-10-18 12:32:39,833 [grpc-default-executor-3] INFO  impl.RoleInfo (RoleInfo.java:shutdownFollowerState(121)) - 6af5dfc0-d4d0-48db-9aa9-c45e51549e54: shutdown FollowerState
2019-10-18 12:32:39,833 [Thread-1491] INFO  impl.FollowerState (FollowerState.java:run(117)) - c39ba312-e57f-4b8c-998e-32538a6d88da@group-A09C527D8C6F-FollowerState was interrupted: java.lang.InterruptedException: sleep interrupted
2019-10-18 12:32:39,833 [grpc-default-executor-1] INFO  impl.RoleInfo (RoleInfo.java:updateAndGet(143)) - c39ba312-e57f-4b8c-998e-32538a6d88da: start FollowerState
2019-10-18 12:32:39,833 [Thread-1492] INFO  impl.FollowerState (FollowerState.java:run(117)) - 6af5dfc0-d4d0-48db-9aa9-c45e51549e54@group-A09C527D8C6F-FollowerState was interrupted: java.lang.InterruptedException: sleep interrupted
2019-10-18 12:32:39,833 [grpc-default-executor-3] INFO  impl.RoleInfo (RoleInfo.java:updateAndGet(143)) - 6af5dfc0-d4d0-48db-9aa9-c45e51549e54: start FollowerState
2019-10-18 12:32:39,852 [67d877d9-ecd0-4b7d-838e-89aa2c4103c0@group-A09C527D8C6F-LeaderElection170] INFO  impl.LeaderElection (LeaderElection.java:logAndReturn(56)) - 67d877d9-ecd0-4b7d-838e-89aa2c4103c0@group-A09C527D8C6F-LeaderElection170: Election REJECTED; received 2 response(s) [67d877d9-ecd0-4b7d-838e-89aa2c4103c0<-c39ba312-e57f-4b8c-998e-32538a6d88da#0:FAIL-t209, 67d877d9-ecd0-4b7d-838e-89aa2c4103c0<-6af5dfc0-d4d0-48db-9aa9-c45e51549e54#0:FAIL-t209] and 0 exception(s); 67d877d9-ecd0-4b7d-838e-89aa2c4103c0@group-A09C527D8C6F:t209, leader=null, voted=67d877d9-ecd0-4b7d-838e-89aa2c4103c0, raftlog=67d877d9-ecd0-4b7d-838e-89aa2c4103c0@group-A09C527D8C6F-SegmentedRaftLog:OPENED:c-1,f-1,i0, conf=-1: [c39ba312-e57f-4b8c-998e-32538a6d88da:192.168.34.56:44039, 67d877d9-ecd0-4b7d-838e-89aa2c4103c0:192.168.34.56:33816, 6af5dfc0-d4d0-48db-9aa9-c45e51549e54:192.168.34.56:32981], old=null
2019-10-18 12:32:39,852 [67d877d9-ecd0-4b7d-838e-89aa2c4103c0@group-A09C527D8C6F-LeaderElection170] INFO  impl.RaftServerImpl (RaftServerImpl.java:setRole(184)) - 67d877d9-ecd0-4b7d-838e-89aa2c4103c0@group-A09C527D8C6F: changes role from CANDIDATE to FOLLOWER at term 209 for DISCOVERED_A_NEW_TERM
2019-10-18 12:32:39,852 [67d877d9-ecd0-4b7d-838e-89aa2c4103c0@group-A09C527D8C6F-LeaderElection170] INFO  impl.RoleInfo (RoleInfo.java:shutdownLeaderElection(134)) - 67d877d9-ecd0-4b7d-838e-89aa2c4103c0: shutdown LeaderElection
2019-10-18 12:32:39,852 [67d877d9-ecd0-4b7d-838e-89aa2c4103c0@group-A09C527D8C6F-LeaderElection170] INFO  impl.RoleInfo (RoleInfo.java:updateAndGet(143)) - 67d877d9-ecd0-4b7d-838e-89aa2c4103c0: start FollowerState
2019-10-18 12:32:39,972 [Thread-1499] INFO  impl.FollowerState (FollowerState.java:run(108)) - 67d877d9-ecd0-4b7d-838e-89aa2c4103c0@group-A09C527D8C6F-FollowerState: change to CANDIDATE, lastRpcTime:120ms, electionTimeout:120ms
2019-10-18 12:32:39,973 [Thread-1499] INFO  impl.RoleInfo (RoleInfo.java:shutdownFollowerState(121)) - 67d877d9-ecd0-4b7d-838e-89aa2c4103c0: shutdown FollowerState
2019-10-18 12:32:39,973 [Thread-1499] INFO  impl.RaftServerImpl (RaftServerImpl.java:setRole(184)) - 67d877d9-ecd0-4b7d-838e-89aa2c4103c0@group-A09C527D8C6F: changes role from  FOLLOWER to CANDIDATE at term 209 for changeToCandidate
2019-10-18 12:32:39,973 [Thread-1499] INFO  impl.RoleInfo (RoleInfo.java:updateAndGet(143)) - 67d877d9-ecd0-4b7d-838e-89aa2c4103c0: start LeaderElection
2019-10-18 12:32:40,181 [67d877d9-ecd0-4b7d-838e-89aa2c4103c0@group-A09C527D8C6F-LeaderElection171] INFO  impl.LeaderElection (LeaderElection.java:askForVotes(178)) - 67d877d9-ecd0-4b7d-838e-89aa2c4103c0@group-A09C527D8C6F-LeaderElection171: begin an election at term 210 for -1: [c39ba312-e57f-4b8c-998e-32538a6d88da:192.168.34.56:44039, 67d877d9-ecd0-4b7d-838e-89aa2c4103c0:192.168.34.56:33816, 6af5dfc0-d4d0-48db-9aa9-c45e51549e54:192.168.34.56:32981], old=null
2019-10-18 12:32:40,185 [grpc-default-executor-3] INFO  impl.RaftServerImpl (RaftServerImpl.java:setRole(184)) - c39ba312-e57f-4b8c-998e-32538a6d88da@group-A09C527D8C6F: changes role from  FOLLOWER to FOLLOWER at term 210 for recognizeCandidate:67d877d9-ecd0-4b7d-838e-89aa2c4103c0
2019-10-18 12:32:40,185 [grpc-default-executor-3] INFO  impl.RoleInfo (RoleInfo.java:shutdownFollowerState(121)) - c39ba312-e57f-4b8c-998e-32538a6d88da: shutdown FollowerState
2019-10-18 12:32:40,185 [grpc-default-executor-1] INFO  impl.RaftServerImpl (RaftServerImpl.java:setRole(184)) - 6af5dfc0-d4d0-48db-9aa9-c45e51549e54@group-A09C527D8C6F: changes role from  FOLLOWER to FOLLOWER at term 210 for recognizeCandidate:67d877d9-ecd0-4b7d-838e-89aa2c4103c0
2019-10-18 12:32:40,185 [Thread-1497] INFO  impl.FollowerState (FollowerState.java:run(117)) - c39ba312-e57f-4b8c-998e-32538a6d88da@group-A09C527D8C6F-FollowerState was interrupted: java.lang.InterruptedException: sleep interrupted
2019-10-18 12:32:40,185 [grpc-default-executor-3] INFO  impl.RoleInfo (RoleInfo.java:updateAndGet(143)) - c39ba312-e57f-4b8c-998e-32538a6d88da: start FollowerState
2019-10-18 12:32:40,185 [grpc-default-executor-1] INFO  impl.RoleInfo (RoleInfo.java:shutdownFollowerState(121)) - 6af5dfc0-d4d0-48db-9aa9-c45e51549e54: shutdown FollowerState
2019-10-18 12:32:40,185 [grpc-default-executor-1] INFO  impl.RoleInfo (RoleInfo.java:updateAndGet(143)) - 6af5dfc0-d4d0-48db-9aa9-c45e51549e54: start FollowerState
2019-10-18 12:32:40,186 [Thread-1498] INFO  impl.FollowerState (FollowerState.java:run(117)) - 6af5dfc0-d4d0-48db-9aa9-c45e51549e54@group-A09C527D8C6F-FollowerState was interrupted: java.lang.InterruptedException: sleep interrupted
2019-10-18 12:32:40,209 [67d877d9-ecd0-4b7d-838e-89aa2c4103c0@group-A09C527D8C6F-LeaderElection171] INFO  impl.LeaderElection (LeaderElection.java:logAndReturn(56)) - 67d877d9-ecd0-4b7d-838e-89aa2c4103c0@group-A09C527D8C6F-LeaderElection171: Election REJECTED; received 2 response(s) [67d877d9-ecd0-4b7d-838e-89aa2c4103c0<-c39ba312-e57f-4b8c-998e-32538a6d88da#0:FAIL-t210, 67d877d9-ecd0-4b7d-838e-89aa2c4103c0<-6af5dfc0-d4d0-48db-9aa9-c45e51549e54#0:FAIL-t210] and 0 exception(s); 67d877d9-ecd0-4b7d-838e-89aa2c4103c0@group-A09C527D8C6F:t210, leader=null, voted=67d877d9-ecd0-4b7d-838e-89aa2c4103c0, raftlog=67d877d9-ecd0-4b7d-838e-89aa2c4103c0@group-A09C527D8C6F-SegmentedRaftLog:OPENED:c-1,f-1,i0, conf=-1: [c39ba312-e57f-4b8c-998e-32538a6d88da:192.168.34.56:44039, 67d877d9-ecd0-4b7d-838e-89aa2c4103c0:192.168.34.56:33816, 6af5dfc0-d4d0-48db-9aa9-c45e51549e54:192.168.34.56:32981], old=null
2019-10-18 12:32:40,210 [67d877d9-ecd0-4b7d-838e-89aa2c4103c0@group-A09C527D8C6F-LeaderElection171] INFO  impl.RaftServerImpl (RaftServerImpl.java:setRole(184)) - 67d877d9-ecd0-4b7d-838e-89aa2c4103c0@group-A09C527D8C6F: changes role from CANDIDATE to FOLLOWER at term 210 for DISCOVERED_A_NEW_TERM
2019-10-18 12:32:40,210 [67d877d9-ecd0-4b7d-838e-89aa2c4103c0@group-A09C527D8C6F-LeaderElection171] INFO  impl.RoleInfo (RoleInfo.java:shutdownLeaderElection(134)) - 67d877d9-ecd0-4b7d-838e-89aa2c4103c0: shutdown LeaderElection
2019-10-18 12:32:40,210 [67d877d9-ecd0-4b7d-838e-89aa2c4103c0@group-A09C527D8C6F-LeaderElection171] INFO  impl.RoleInfo (RoleInfo.java:updateAndGet(143)) - 67d877d9-ecd0-4b7d-838e-89aa2c4103c0: start FollowerState
2019-10-18 12:32:40,401 [Thread-1507] INFO  impl.FollowerState (FollowerState.java:run(108)) - 67d877d9-ecd0-4b7d-838e-89aa2c4103c0@group-A09C527D8C6F-FollowerState: change to CANDIDATE, lastRpcTime:191ms, electionTimeout:191ms
2019-10-18 12:32:40,402 [Thread-1507] INFO  impl.RoleInfo (RoleInfo.java:shutdownFollowerState(121)) - 67d877d9-ecd0-4b7d-838e-89aa2c4103c0: shutdown FollowerState
2019-10-18 12:32:40,402 [Thread-1507] INFO  impl.RaftServerImpl (RaftServerImpl.java:setRole(184)) - 67d877d9-ecd0-4b7d-838e-89aa2c4103c0@group-A09C527D8C6F: changes role from  FOLLOWER to CANDIDATE at term 210 for changeToCandidate
2019-10-18 12:32:40,402 [Thread-1507] INFO  impl.RoleInfo (RoleInfo.java:updateAndGet(143)) - 67d877d9-ecd0-4b7d-838e-89aa2c4103c0: start LeaderElection
2019-10-18 12:32:40,428 [67d877d9-ecd0-4b7d-838e-89aa2c4103c0@group-A09C527D8C6F-LeaderElection172] INFO  impl.LeaderElection (LeaderElection.java:askForVotes(178)) - 67d877d9-ecd0-4b7d-838e-89aa2c4103c0@group-A09C527D8C6F-LeaderElection172: begin an election at term 211 for -1: [c39ba312-e57f-4b8c-998e-32538a6d88da:192.168.34.56:44039, 67d877d9-ecd0-4b7d-838e-89aa2c4103c0:192.168.34.56:33816, 6af5dfc0-d4d0-48db-9aa9-c45e51549e54:192.168.34.56:32981], old=null
2019-10-18 12:32:40,430 [grpc-default-executor-3] INFO  impl.RaftServerImpl (RaftServerImpl.java:setRole(184)) - c39ba312-e57f-4b8c-998e-32538a6d88da@group-A09C527D8C6F: changes role from  FOLLOWER to FOLLOWER at term 211 for recognizeCandidate:67d877d9-ecd0-4b7d-838e-89aa2c4103c0
2019-10-18 12:32:40,430 [grpc-default-executor-1] INFO  impl.RaftServerImpl (RaftServerImpl.java:setRole(184)) - 6af5dfc0-d4d0-48db-9aa9-c45e51549e54@group-A09C527D8C6F: changes role from  FOLLOWER to FOLLOWER at term 211 for recognizeCandidate:67d877d9-ecd0-4b7d-838e-89aa2c4103c0
2019-10-18 12:32:40,430 [grpc-default-executor-3] INFO  impl.RoleInfo (RoleInfo.java:shutdownFollowerState(121)) - c39ba312-e57f-4b8c-998e-32538a6d88da: shutdown FollowerState
2019-10-18 12:32:40,430 [grpc-default-executor-1] INFO  impl.RoleInfo (RoleInfo.java:shutdownFollowerState(121)) - 6af5dfc0-d4d0-48db-9aa9-c45e51549e54: shutdown FollowerState
2019-10-18 12:32:40,431 [Thread-1505] INFO  impl.FollowerState (FollowerState.java:run(117)) - c39ba312-e57f-4b8c-998e-32538a6d88da@group-A09C527D8C6F-FollowerState was interrupted: java.lang.InterruptedException: sleep interrupted
2019-10-18 12:32:40,431 [grpc-default-executor-1] INFO  impl.RoleInfo (RoleInfo.java:updateAndGet(143)) - 6af5dfc0-d4d0-48db-9aa9-c45e51549e54: start FollowerState
2019-10-18 12:32:40,431 [grpc-default-executor-3] INFO  impl.RoleInfo (RoleInfo.java:updateAndGet(143)) - c39ba312-e57f-4b8c-998e-32538a6d88da: start FollowerState
2019-10-18 12:32:40,431 [Thread-1506] INFO  impl.FollowerState (FollowerState.java:run(117)) - 6af5dfc0-d4d0-48db-9aa9-c45e51549e54@group-A09C527D8C6F-FollowerState was interrupted: java.lang.InterruptedException: sleep interrupted
2019-10-18 12:32:40,455 [67d877d9-ecd0-4b7d-838e-89aa2c4103c0@group-A09C527D8C6F-LeaderElection172] INFO  impl.LeaderElection (LeaderElection.java:logAndReturn(56)) - 67d877d9-ecd0-4b7d-838e-89aa2c4103c0@group-A09C527D8C6F-LeaderElection172: Election REJECTED; received 2 response(s) [67d877d9-ecd0-4b7d-838e-89aa2c4103c0<-c39ba312-e57f-4b8c-998e-32538a6d88da#0:FAIL-t211, 67d877d9-ecd0-4b7d-838e-89aa2c4103c0<-6af5dfc0-d4d0-48db-9aa9-c45e51549e54#0:FAIL-t211] and 0 exception(s); 67d877d9-ecd0-4b7d-838e-89aa2c4103c0@group-A09C527D8C6F:t211, leader=null, voted=67d877d9-ecd0-4b7d-838e-89aa2c4103c0, raftlog=67d877d9-ecd0-4b7d-838e-89aa2c4103c0@group-A09C527D8C6F-SegmentedRaftLog:OPENED:c-1,f-1,i0, conf=-1: [c39ba312-e57f-4b8c-998e-32538a6d88da:192.168.34.56:44039, 67d877d9-ecd0-4b7d-838e-89aa2c4103c0:192.168.34.56:33816, 6af5dfc0-d4d0-48db-9aa9-c45e51549e54:192.168.34.56:32981], old=null
2019-10-18 12:32:40,455 [67d877d9-ecd0-4b7d-838e-89aa2c4103c0@group-A09C527D8C6F-LeaderElection172] INFO  impl.RaftServerImpl (RaftServerImpl.java:setRole(184)) - 67d877d9-ecd0-4b7d-838e-89aa2c4103c0@group-A09C527D8C6F: changes role from CANDIDATE to FOLLOWER at term 211 for DISCOVERED_A_NEW_TERM
2019-10-18 12:32:40,455 [67d877d9-ecd0-4b7d-838e-89aa2c4103c0@group-A09C527D8C6F-LeaderElection172] INFO  impl.RoleInfo (RoleInfo.java:shutdownLeaderElection(134)) - 67d877d9-ecd0-4b7d-838e-89aa2c4103c0: shutdown LeaderElection
2019-10-18 12:32:40,455 [67d877d9-ecd0-4b7d-838e-89aa2c4103c0@group-A09C527D8C6F-LeaderElection172] INFO  impl.RoleInfo (RoleInfo.java:updateAndGet(143)) - 67d877d9-ecd0-4b7d-838e-89aa2c4103c0: start FollowerState
2019-10-18 12:32:40,599 [Thread-1513] INFO  impl.FollowerState (FollowerState.java:run(108)) - 67d877d9-ecd0-4b7d-838e-89aa2c4103c0@group-A09C527D8C6F-FollowerState: change to CANDIDATE, lastRpcTime:143ms, electionTimeout:143ms
2019-10-18 12:32:40,600 [Thread-1513] INFO  impl.RoleInfo (RoleInfo.java:shutdownFollowerState(121)) - 67d877d9-ecd0-4b7d-838e-89aa2c4103c0: shutdown FollowerState
2019-10-18 12:32:40,600 [Thread-1513] INFO  impl.RaftServerImpl (RaftServerImpl.java:setRole(184)) - 67d877d9-ecd0-4b7d-838e-89aa2c4103c0@group-A09C527D8C6F: changes role from  FOLLOWER to CANDIDATE at term 211 for changeToCandidate
2019-10-18 12:32:40,601 [Thread-1513] INFO  impl.RoleInfo (RoleInfo.java:updateAndGet(143)) - 67d877d9-ecd0-4b7d-838e-89aa2c4103c0: start LeaderElection
2019-10-18 12:32:40,626 [67d877d9-ecd0-4b7d-838e-89aa2c4103c0@group-A09C527D8C6F-LeaderElection173] INFO  impl.LeaderElection (LeaderElection.java:askForVotes(178)) - 67d877d9-ecd0-4b7d-838e-89aa2c4103c0@group-A09C527D8C6F-LeaderElection173: begin an election at term 212 for -1: [c39ba312-e57f-4b8c-998e-32538a6d88da:192.168.34.56:44039, 67d877d9-ecd0-4b7d-838e-89aa2c4103c0:192.168.34.56:33816, 6af5dfc0-d4d0-48db-9aa9-c45e51549e54:192.168.34.56:32981], old=null
2019-10-18 12:32:40,631 [grpc-default-executor-3] INFO  impl.RaftServerImpl (RaftServerImpl.java:setRole(184)) - 6af5dfc0-d4d0-48db-9aa9-c45e51549e54@group-A09C527D8C6F: changes role from  FOLLOWER to FOLLOWER at term 212 for recognizeCandidate:67d877d9-ecd0-4b7d-838e-89aa2c4103c0
2019-10-18 12:32:40,631 [grpc-default-executor-1] INFO  impl.RaftServerImpl (RaftServerImpl.java:setRole(184)) - c39ba312-e57f-4b8c-998e-32538a6d88da@group-A09C527D8C6F: changes role from  FOLLOWER to FOLLOWER at term 212 for recognizeCandidate:67d877d9-ecd0-4b7d-838e-89aa2c4103c0
2019-10-18 12:32:40,632 [grpc-default-executor-3] INFO  impl.RoleInfo (RoleInfo.java:shutdownFollowerState(121)) - 6af5dfc0-d4d0-48db-9aa9-c45e51549e54: shutdown FollowerState
2019-10-18 12:32:40,632 [grpc-default-executor-1] INFO  impl.RoleInfo (RoleInfo.java:shutdownFollowerState(121)) - c39ba312-e57f-4b8c-998e-32538a6d88da: shutdown FollowerState
2019-10-18 12:32:40,632 [Thread-1512] INFO  impl.FollowerState (FollowerState.java:run(117)) - 6af5dfc0-d4d0-48db-9aa9-c45e51549e54@group-A09C527D8C6F-FollowerState was interrupted: java.lang.InterruptedException: sleep interrupted
2019-10-18 12:32:40,632 [Thread-1511] INFO  impl.FollowerState (FollowerState.java:run(117)) - c39ba312-e57f-4b8c-998e-32538a6d88da@group-A09C527D8C6F-FollowerState was interrupted: java.lang.InterruptedException: sleep interrupted
2019-10-18 12:32:40,632 [grpc-default-executor-3] INFO  impl.RoleInfo (RoleInfo.java:updateAndGet(143)) - 6af5dfc0-d4d0-48db-9aa9-c45e51549e54: start FollowerState
2019-10-18 12:32:40,632 [grpc-default-executor-1] INFO  impl.RoleInfo (RoleInfo.java:updateAndGet(143)) - c39ba312-e57f-4b8c-998e-32538a6d88da: start FollowerState
2019-10-18 12:32:40,658 [67d877d9-ecd0-4b7d-838e-89aa2c4103c0@group-A09C527D8C6F-LeaderElection173] INFO  impl.LeaderElection (LeaderElection.java:logAndReturn(56)) - 67d877d9-ecd0-4b7d-838e-89aa2c4103c0@group-A09C527D8C6F-LeaderElection173: Election REJECTED; received 2 response(s) [67d877d9-ecd0-4b7d-838e-89aa2c4103c0<-c39ba312-e57f-4b8c-998e-32538a6d88da#0:FAIL-t212, 67d877d9-ecd0-4b7d-838e-89aa2c4103c0<-6af5dfc0-d4d0-48db-9aa9-c45e51549e54#0:FAIL-t212] and 0 exception(s); 67d877d9-ecd0-4b7d-838e-89aa2c4103c0@group-A09C527D8C6F:t212, leader=null, voted=67d877d9-ecd0-4b7d-838e-89aa2c4103c0, raftlog=67d877d9-ecd0-4b7d-838e-89aa2c4103c0@group-A09C527D8C6F-SegmentedRaftLog:OPENED:c-1,f-1,i0, conf=-1: [c39ba312-e57f-4b8c-998e-32538a6d88da:192.168.34.56:44039, 67d877d9-ecd0-4b7d-838e-89aa2c4103c0:192.168.34.56:33816, 6af5dfc0-d4d0-48db-9aa9-c45e51549e54:192.168.34.56:32981], old=null
2019-10-18 12:32:40,658 [67d877d9-ecd0-4b7d-838e-89aa2c4103c0@group-A09C527D8C6F-LeaderElection173] INFO  impl.RaftServerImpl (RaftServerImpl.java:setRole(184)) - 67d877d9-ecd0-4b7d-838e-89aa2c4103c0@group-A09C527D8C6F: changes role from CANDIDATE to FOLLOWER at term 212 for DISCOVERED_A_NEW_TERM
2019-10-18 12:32:40,658 [67d877d9-ecd0-4b7d-838e-89aa2c4103c0@group-A09C527D8C6F-LeaderElection173] INFO  impl.RoleInfo (RoleInfo.java:shutdownLeaderElection(134)) - 67d877d9-ecd0-4b7d-838e-89aa2c4103c0: shutdown LeaderElection
2019-10-18 12:32:40,658 [67d877d9-ecd0-4b7d-838e-89aa2c4103c0@group-A09C527D8C6F-LeaderElection173] INFO  impl.RoleInfo (RoleInfo.java:updateAndGet(143)) - 67d877d9-ecd0-4b7d-838e-89aa2c4103c0: start FollowerState
2019-10-18 12:32:40,703 [Thread-1519] INFO  impl.FollowerState (FollowerState.java:run(108)) - 67d877d9-ecd0-4b7d-838e-89aa2c4103c0@group-A09C527D8C6F-FollowerState: change to CANDIDATE, lastRpcTime:44ms, electionTimeout:44ms
2019-10-18 12:32:40,703 [Thread-1519] INFO  impl.RoleInfo (RoleInfo.java:shutdownFollowerState(121)) - 67d877d9-ecd0-4b7d-838e-89aa2c4103c0: shutdown FollowerState
2019-10-18 12:32:40,703 [Thread-1519] INFO  impl.RaftServerImpl (RaftServerImpl.java:setRole(184)) - 67d877d9-ecd0-4b7d-838e-89aa2c4103c0@group-A09C527D8C6F: changes role from  FOLLOWER to CANDIDATE at term 212 for changeToCandidate
2019-10-18 12:32:40,703 [Thread-1519] INFO  impl.RoleInfo (RoleInfo.java:updateAndGet(143)) - 67d877d9-ecd0-4b7d-838e-89aa2c4103c0: start LeaderElection
2019-10-18 12:32:40,727 [67d877d9-ecd0-4b7d-838e-89aa2c4103c0@group-A09C527D8C6F-LeaderElection174] INFO  impl.LeaderElection (LeaderElection.java:askForVotes(178)) - 67d877d9-ecd0-4b7d-838e-89aa2c4103c0@group-A09C527D8C6F-LeaderElection174: begin an election at term 213 for -1: [c39ba312-e57f-4b8c-998e-32538a6d88da:192.168.34.56:44039, 67d877d9-ecd0-4b7d-838e-89aa2c4103c0:192.168.34.56:33816, 6af5dfc0-d4d0-48db-9aa9-c45e51549e54:192.168.34.56:32981], old=null
2019-10-18 12:32:40,729 [grpc-default-executor-1] INFO  impl.RaftServerImpl (RaftServerImpl.java:setRole(184)) - c39ba312-e57f-4b8c-998e-32538a6d88da@group-A09C527D8C6F: changes role from  FOLLOWER to FOLLOWER at term 213 for recognizeCandidate:67d877d9-ecd0-4b7d-838e-89aa2c4103c0
2019-10-18 12:32:40,729 [grpc-default-executor-1] INFO  impl.RoleInfo (RoleInfo.java:shutdownFollowerState(121)) - c39ba312-e57f-4b8c-998e-32538a6d88da: shutdown FollowerState
2019-10-18 12:32:40,729 [grpc-default-executor-1] INFO  impl.RoleInfo (RoleInfo.java:updateAndGet(143)) - c39ba312-e57f-4b8c-998e-32538a6d88da: start FollowerState
2019-10-18 12:32:40,729 [Thread-1518] INFO  impl.FollowerState (FollowerState.java:run(117)) - c39ba312-e57f-4b8c-998e-32538a6d88da@group-A09C527D8C6F-FollowerState was interrupted: java.lang.InterruptedException: sleep interrupted
2019-10-18 12:32:40,729 [grpc-default-executor-3] INFO  impl.RaftServerImpl (RaftServerImpl.java:setRole(184)) - 6af5dfc0-d4d0-48db-9aa9-c45e51549e54@group-A09C527D8C6F: changes role from  FOLLOWER to FOLLOWER at term 213 for recognizeCandidate:67d877d9-ecd0-4b7d-838e-89aa2c4103c0
2019-10-18 12:32:40,730 [grpc-default-executor-3] INFO  impl.RoleInfo (RoleInfo.java:shutdownFollowerState(121)) - 6af5dfc0-d4d0-48db-9aa9-c45e51549e54: shutdown FollowerState
2019-10-18 12:32:40,730 [Thread-1517] INFO  impl.FollowerState (FollowerState.java:run(117)) - 6af5dfc0-d4d0-48db-9aa9-c45e51549e54@group-A09C527D8C6F-FollowerState was interrupted: java.lang.InterruptedException: sleep interrupted
2019-10-18 12:32:40,730 [grpc-default-executor-3] INFO  impl.RoleInfo (RoleInfo.java:updateAndGet(143)) - 6af5dfc0-d4d0-48db-9aa9-c45e51549e54: start FollowerState
2019-10-18 12:32:40,754 [67d877d9-ecd0-4b7d-838e-89aa2c4103c0@group-A09C527D8C6F-LeaderElection174] INFO  impl.LeaderElection (LeaderElection.java:logAndReturn(56)) - 67d877d9-ecd0-4b7d-838e-89aa2c4103c0@group-A09C527D8C6F-LeaderElection174: Election REJECTED; received 2 response(s) [67d877d9-ecd0-4b7d-838e-89aa2c4103c0<-c39ba312-e57f-4b8c-998e-32538a6d88da#0:FAIL-t213, 67d877d9-ecd0-4b7d-838e-89aa2c4103c0<-6af5dfc0-d4d0-48db-9aa9-c45e51549e54#0:FAIL-t213] and 0 exception(s); 67d877d9-ecd0-4b7d-838e-89aa2c4103c0@group-A09C527D8C6F:t213, leader=null, voted=67d877d9-ecd0-4b7d-838e-89aa2c4103c0, raftlog=67d877d9-ecd0-4b7d-838e-89aa2c4103c0@group-A09C527D8C6F-SegmentedRaftLog:OPENED:c-1,f-1,i0, conf=-1: [c39ba312-e57f-4b8c-998e-32538a6d88da:192.168.34.56:44039, 67d877d9-ecd0-4b7d-838e-89aa2c4103c0:192.168.34.56:33816, 6af5dfc0-d4d0-48db-9aa9-c45e51549e54:192.168.34.56:32981], old=null
2019-10-18 12:32:40,754 [67d877d9-ecd0-4b7d-838e-89aa2c4103c0@group-A09C527D8C6F-LeaderElection174] INFO  impl.RaftServerImpl (RaftServerImpl.java:setRole(184)) - 67d877d9-ecd0-4b7d-838e-89aa2c4103c0@group-A09C527D8C6F: changes role from CANDIDATE to FOLLOWER at term 213 for DISCOVERED_A_NEW_TERM
2019-10-18 12:32:40,754 [67d877d9-ecd0-4b7d-838e-89aa2c4103c0@group-A09C527D8C6F-LeaderElection174] INFO  impl.RoleInfo (RoleInfo.java:shutdownLeaderElection(134)) - 67d877d9-ecd0-4b7d-838e-89aa2c4103c0: shutdown LeaderElection
2019-10-18 12:32:40,754 [67d877d9-ecd0-4b7d-838e-89aa2c4103c0@group-A09C527D8C6F-LeaderElection174] INFO  impl.RoleInfo (RoleInfo.java:updateAndGet(143)) - 67d877d9-ecd0-4b7d-838e-89aa2c4103c0: start FollowerState
2019-10-18 12:32:40,809 [Thread-1525] INFO  impl.FollowerState (FollowerState.java:run(108)) - 67d877d9-ecd0-4b7d-838e-89aa2c4103c0@group-A09C527D8C6F-FollowerState: change to CANDIDATE, lastRpcTime:55ms, electionTimeout:55ms
2019-10-18 12:32:40,810 [Thread-1525] INFO  impl.RoleInfo (RoleInfo.java:shutdownFollowerState(121)) - 67d877d9-ecd0-4b7d-838e-89aa2c4103c0: shutdown FollowerState
2019-10-18 12:32:40,810 [Thread-1525] INFO  impl.RaftServerImpl (RaftServerImpl.java:setRole(184)) - 67d877d9-ecd0-4b7d-838e-89aa2c4103c0@group-A09C527D8C6F: changes role from  FOLLOWER to CANDIDATE at term 213 for changeToCandidate
2019-10-18 12:32:40,810 [Thread-1525] INFO  impl.RoleInfo (RoleInfo.java:updateAndGet(143)) - 67d877d9-ecd0-4b7d-838e-89aa2c4103c0: start LeaderElection
2019-10-18 12:32:40,833 [67d877d9-ecd0-4b7d-838e-89aa2c4103c0@group-A09C527D8C6F-LeaderElection175] INFO  impl.LeaderElection (LeaderElection.java:askForVotes(178)) - 67d877d9-ecd0-4b7d-838e-89aa2c4103c0@group-A09C527D8C6F-LeaderElection175: begin an election at term 214 for -1: [c39ba312-e57f-4b8c-998e-32538a6d88da:192.168.34.56:44039, 67d877d9-ecd0-4b7d-838e-89aa2c4103c0:192.168.34.56:33816, 6af5dfc0-d4d0-48db-9aa9-c45e51549e54:192.168.34.56:32981], old=null
2019-10-18 12:32:40,835 [grpc-default-executor-1] INFO  impl.RaftServerImpl (RaftServerImpl.java:setRole(184)) - 6af5dfc0-d4d0-48db-9aa9-c45e51549e54@group-A09C527D8C6F: changes role from  FOLLOWER to FOLLOWER at term 214 for recognizeCandidate:67d877d9-ecd0-4b7d-838e-89aa2c4103c0
2019-10-18 12:32:40,836 [grpc-default-executor-1] INFO  impl.RoleInfo (RoleInfo.java:shutdownFollowerState(121)) - 6af5dfc0-d4d0-48db-9aa9-c45e51549e54: shutdown FollowerState
2019-10-18 12:32:40,836 [grpc-default-executor-1] INFO  impl.RoleInfo (RoleInfo.java:updateAndGet(143)) - 6af5dfc0-d4d0-48db-9aa9-c45e51549e54: start FollowerState
2019-10-18 12:32:40,836 [grpc-default-executor-3] INFO  impl.RaftServerImpl (RaftServerImpl.java:setRole(184)) - c39ba312-e57f-4b8c-998e-32538a6d88da@group-A09C527D8C6F: changes role from  FOLLOWER to FOLLOWER at term 214 for recognizeCandidate:67d877d9-ecd0-4b7d-838e-89aa2c4103c0
2019-10-18 12:32:40,836 [grpc-default-executor-3] INFO  impl.RoleInfo (RoleInfo.java:shutdownFollowerState(121)) - c39ba312-e57f-4b8c-998e-32538a6d88da: shutdown FollowerState
2019-10-18 12:32:40,836 [Thread-1524] INFO  impl.FollowerState (FollowerState.java:run(117)) - 6af5dfc0-d4d0-48db-9aa9-c45e51549e54@group-A09C527D8C6F-FollowerState was interrupted: java.lang.InterruptedException: sleep interrupted
2019-10-18 12:32:40,836 [grpc-default-executor-3] INFO  impl.RoleInfo (RoleInfo.java:updateAndGet(143)) - c39ba312-e57f-4b8c-998e-32538a6d88da: start FollowerState
2019-10-18 12:32:40,836 [Thread-1523] INFO  impl.FollowerState (FollowerState.java:run(117)) - c39ba312-e57f-4b8c-998e-32538a6d88da@group-A09C527D8C6F-FollowerState was interrupted: java.lang.InterruptedException: sleep interrupted
2019-10-18 12:32:40,859 [67d877d9-ecd0-4b7d-838e-89aa2c4103c0@group-A09C527D8C6F-LeaderElection175] INFO  impl.LeaderElection (LeaderElection.java:logAndReturn(56)) - 67d877d9-ecd0-4b7d-838e-89aa2c4103c0@group-A09C527D8C6F-LeaderElection175: Election REJECTED; received 2 response(s) [67d877d9-ecd0-4b7d-838e-89aa2c4103c0<-c39ba312-e57f-4b8c-998e-32538a6d88da#0:FAIL-t214, 67d877d9-ecd0-4b7d-838e-89aa2c4103c0<-6af5dfc0-d4d0-48db-9aa9-c45e51549e54#0:FAIL-t214] and 0 exception(s); 67d877d9-ecd0-4b7d-838e-89aa2c4103c0@group-A09C527D8C6F:t214, leader=null, voted=67d877d9-ecd0-4b7d-838e-89aa2c4103c0, raftlog=67d877d9-ecd0-4b7d-838e-89aa2c4103c0@group-A09C527D8C6F-SegmentedRaftLog:OPENED:c-1,f-1,i0, conf=-1: [c39ba312-e57f-4b8c-998e-32538a6d88da:192.168.34.56:44039, 67d877d9-ecd0-4b7d-838e-89aa2c4103c0:192.168.34.56:33816, 6af5dfc0-d4d0-48db-9aa9-c45e51549e54:192.168.34.56:32981], old=null
2019-10-18 12:32:40,859 [67d877d9-ecd0-4b7d-838e-89aa2c4103c0@group-A09C527D8C6F-LeaderElection175] INFO  impl.RaftServerImpl (RaftServerImpl.java:setRole(184)) - 67d877d9-ecd0-4b7d-838e-89aa2c4103c0@group-A09C527D8C6F: changes role from CANDIDATE to FOLLOWER at term 214 for DISCOVERED_A_NEW_TERM
2019-10-18 12:32:40,859 [67d877d9-ecd0-4b7d-838e-89aa2c4103c0@group-A09C527D8C6F-LeaderElection175] INFO  impl.RoleInfo (RoleInfo.java:shutdownLeaderElection(134)) - 67d877d9-ecd0-4b7d-838e-89aa2c4103c0: shutdown LeaderElection
2019-10-18 12:32:40,859 [67d877d9-ecd0-4b7d-838e-89aa2c4103c0@group-A09C527D8C6F-LeaderElection175] INFO  impl.RoleInfo (RoleInfo.java:updateAndGet(143)) - 67d877d9-ecd0-4b7d-838e-89aa2c4103c0: start FollowerState
2019-10-18 12:32:41,053 [Thread-1531] INFO  impl.FollowerState (FollowerState.java:run(108)) - 67d877d9-ecd0-4b7d-838e-89aa2c4103c0@group-A09C527D8C6F-FollowerState: change to CANDIDATE, lastRpcTime:194ms, electionTimeout:194ms
2019-10-18 12:32:41,054 [Thread-1531] INFO  impl.RoleInfo (RoleInfo.java:shutdownFollowerState(121)) - 67d877d9-ecd0-4b7d-838e-89aa2c4103c0: shutdown FollowerState
2019-10-18 12:32:41,054 [Thread-1531] INFO  impl.RaftServerImpl (RaftServerImpl.java:setRole(184)) - 67d877d9-ecd0-4b7d-838e-89aa2c4103c0@group-A09C527D8C6F: changes role from  FOLLOWER to CANDIDATE at term 214 for changeToCandidate
2019-10-18 12:32:41,054 [Thread-1531] INFO  impl.RoleInfo (RoleInfo.java:updateAndGet(143)) - 67d877d9-ecd0-4b7d-838e-89aa2c4103c0: start LeaderElection
2019-10-18 12:32:41,079 [67d877d9-ecd0-4b7d-838e-89aa2c4103c0@group-A09C527D8C6F-LeaderElection176] INFO  impl.LeaderElection (LeaderElection.java:askForVotes(178)) - 67d877d9-ecd0-4b7d-838e-89aa2c4103c0@group-A09C527D8C6F-LeaderElection176: begin an election at term 215 for -1: [c39ba312-e57f-4b8c-998e-32538a6d88da:192.168.34.56:44039, 67d877d9-ecd0-4b7d-838e-89aa2c4103c0:192.168.34.56:33816, 6af5dfc0-d4d0-48db-9aa9-c45e51549e54:192.168.34.56:32981], old=null
2019-10-18 12:32:41,082 [grpc-default-executor-3] INFO  impl.RaftServerImpl (RaftServerImpl.java:setRole(184)) - 6af5dfc0-d4d0-48db-9aa9-c45e51549e54@group-A09C527D8C6F: changes role from  FOLLOWER to FOLLOWER at term 215 for recognizeCandidate:67d877d9-ecd0-4b7d-838e-89aa2c4103c0
2019-10-18 12:32:41,082 [grpc-default-executor-3] INFO  impl.RoleInfo (RoleInfo.java:shutdownFollowerState(121)) - 6af5dfc0-d4d0-48db-9aa9-c45e51549e54: shutdown FollowerState
2019-10-18 12:32:41,082 [grpc-default-executor-1] INFO  impl.RaftServerImpl (RaftServerImpl.java:setRole(184)) - c39ba312-e57f-4b8c-998e-32538a6d88da@group-A09C527D8C6F: changes role from  FOLLOWER to FOLLOWER at term 215 for recognizeCandidate:67d877d9-ecd0-4b7d-838e-89aa2c4103c0
2019-10-18 12:32:41,082 [Thread-1529] INFO  impl.FollowerState (FollowerState.java:run(117)) - 6af5dfc0-d4d0-48db-9aa9-c45e51549e54@group-A09C527D8C6F-FollowerState was interrupted: java.lang.InterruptedException: sleep interrupted
2019-10-18 12:32:41,082 [grpc-default-executor-1] INFO  impl.RoleInfo (RoleInfo.java:shutdownFollowerState(121)) - c39ba312-e57f-4b8c-998e-32538a6d88da: shutdown FollowerState
2019-10-18 12:32:41,082 [grpc-default-executor-3] INFO  impl.RoleInfo (RoleInfo.java:updateAndGet(143)) - 6af5dfc0-d4d0-48db-9aa9-c45e51549e54: start FollowerState
2019-10-18 12:32:41,082 [Thread-1530] INFO  impl.FollowerState (FollowerState.java:run(117)) - c39ba312-e57f-4b8c-998e-32538a6d88da@group-A09C527D8C6F-FollowerState was interrupted: java.lang.InterruptedException: sleep interrupted
2019-10-18 12:32:41,082 [grpc-default-executor-1] INFO  impl.RoleInfo (RoleInfo.java:updateAndGet(143)) - c39ba312-e57f-4b8c-998e-32538a6d88da: start FollowerState
2019-10-18 12:32:41,103 [67d877d9-ecd0-4b7d-838e-89aa2c4103c0@group-A09C527D8C6F-LeaderElection176] INFO  impl.LeaderElection (LeaderElection.java:logAndReturn(56)) - 67d877d9-ecd0-4b7d-838e-89aa2c4103c0@group-A09C527D8C6F-LeaderElection176: Election REJECTED; received 2 response(s) [67d877d9-ecd0-4b7d-838e-89aa2c4103c0<-c39ba312-e57f-4b8c-998e-32538a6d88da#0:FAIL-t215, 67d877d9-ecd0-4b7d-838e-89aa2c4103c0<-6af5dfc0-d4d0-48db-9aa9-c45e51549e54#0:FAIL-t215] and 0 exception(s); 67d877d9-ecd0-4b7d-838e-89aa2c4103c0@group-A09C527D8C6F:t215, leader=null, voted=67d877d9-ecd0-4b7d-838e-89aa2c4103c0, raftlog=67d877d9-ecd0-4b7d-838e-89aa2c4103c0@group-A09C527D8C6F-SegmentedRaftLog:OPENED:c-1,f-1,i0, conf=-1: [c39ba312-e57f-4b8c-998e-32538a6d88da:192.168.34.56:44039, 67d877d9-ecd0-4b7d-838e-89aa2c4103c0:192.168.34.56:33816, 6af5dfc0-d4d0-48db-9aa9-c45e51549e54:192.168.34.56:32981], old=null
2019-10-18 12:32:41,103 [67d877d9-ecd0-4b7d-838e-89aa2c4103c0@group-A09C527D8C6F-LeaderElection176] INFO  impl.RaftServerImpl (RaftServerImpl.java:setRole(184)) - 67d877d9-ecd0-4b7d-838e-89aa2c4103c0@group-A09C527D8C6F: changes role from CANDIDATE to FOLLOWER at term 215 for DISCOVERED_A_NEW_TERM
2019-10-18 12:32:41,103 [67d877d9-ecd0-4b7d-838e-89aa2c4103c0@group-A09C527D8C6F-LeaderElection176] INFO  impl.RoleInfo (RoleInfo.java:shutdownLeaderElection(134)) - 67d877d9-ecd0-4b7d-838e-89aa2c4103c0: shutdown LeaderElection
2019-10-18 12:32:41,104 [67d877d9-ecd0-4b7d-838e-89aa2c4103c0@group-A09C527D8C6F-LeaderElection176] INFO  impl.RoleInfo (RoleInfo.java:updateAndGet(143)) - 67d877d9-ecd0-4b7d-838e-89aa2c4103c0: start FollowerState
2019-10-18 12:32:41,180 [Thread-1539] INFO  impl.FollowerState (FollowerState.java:run(108)) - 67d877d9-ecd0-4b7d-838e-89aa2c4103c0@group-A09C527D8C6F-FollowerState: change to CANDIDATE, lastRpcTime:76ms, electionTimeout:76ms
2019-10-18 12:32:41,180 [Thread-1539] INFO  impl.RoleInfo (RoleInfo.java:shutdownFollowerState(121)) - 67d877d9-ecd0-4b7d-838e-89aa2c4103c0: shutdown FollowerState
2019-10-18 12:32:41,180 [Thread-1539] INFO  impl.RaftServerImpl (RaftServerImpl.java:setRole(184)) - 67d877d9-ecd0-4b7d-838e-89aa2c4103c0@group-A09C527D8C6F: changes role from  FOLLOWER to CANDIDATE at term 215 for changeToCandidate
2019-10-18 12:32:41,181 [Thread-1539] INFO  impl.RoleInfo (RoleInfo.java:updateAndGet(143)) - 67d877d9-ecd0-4b7d-838e-89aa2c4103c0: start LeaderElection
2019-10-18 12:32:41,203 [67d877d9-ecd0-4b7d-838e-89aa2c4103c0@group-A09C527D8C6F-LeaderElection177] INFO  impl.LeaderElection (LeaderElection.java:askForVotes(178)) - 67d877d9-ecd0-4b7d-838e-89aa2c4103c0@group-A09C527D8C6F-LeaderElection177: begin an election at term 216 for -1: [c39ba312-e57f-4b8c-998e-32538a6d88da:192.168.34.56:44039, 67d877d9-ecd0-4b7d-838e-89aa2c4103c0:192.168.34.56:33816, 6af5dfc0-d4d0-48db-9aa9-c45e51549e54:192.168.34.56:32981], old=null
2019-10-18 12:32:41,206 [grpc-default-executor-1] INFO  impl.RaftServerImpl (RaftServerImpl.java:setRole(184)) - 6af5dfc0-d4d0-48db-9aa9-c45e51549e54@group-A09C527D8C6F: changes role from  FOLLOWER to FOLLOWER at term 216 for recognizeCandidate:67d877d9-ecd0-4b7d-838e-89aa2c4103c0
2019-10-18 12:32:41,206 [grpc-default-executor-3] INFO  impl.RaftServerImpl (RaftServerImpl.java:setRole(184)) - c39ba312-e57f-4b8c-998e-32538a6d88da@group-A09C527D8C6F: changes role from  FOLLOWER to FOLLOWER at term 216 for recognizeCandidate:67d877d9-ecd0-4b7d-838e-89aa2c4103c0
2019-10-18 12:32:41,206 [grpc-default-executor-3] INFO  impl.RoleInfo (RoleInfo.java:shutdownFollowerState(121)) - c39ba312-e57f-4b8c-998e-32538a6d88da: shutdown FollowerState
2019-10-18 12:32:41,206 [grpc-default-executor-1] INFO  impl.RoleInfo (RoleInfo.java:shutdownFollowerState(121)) - 6af5dfc0-d4d0-48db-9aa9-c45e51549e54: shutdown FollowerState
2019-10-18 12:32:41,206 [Thread-1538] INFO  impl.FollowerState (FollowerState.java:run(117)) - c39ba312-e57f-4b8c-998e-32538a6d88da@group-A09C527D8C6F-FollowerState was interrupted: java.lang.InterruptedException: sleep interrupted
2019-10-18 12:32:41,206 [grpc-default-executor-3] INFO  impl.RoleInfo (RoleInfo.java:updateAndGet(143)) - c39ba312-e57f-4b8c-998e-32538a6d88da: start FollowerState
2019-10-18 12:32:41,206 [Thread-1537] INFO  impl.FollowerState (FollowerState.java:run(117)) - 6af5dfc0-d4d0-48db-9aa9-c45e51549e54@group-A09C527D8C6F-FollowerState was interrupted: java.lang.InterruptedException: sleep interrupted
2019-10-18 12:32:41,206 [grpc-default-executor-1] INFO  impl.RoleInfo (RoleInfo.java:updateAndGet(143)) - 6af5dfc0-d4d0-48db-9aa9-c45e51549e54: start FollowerState
2019-10-18 12:32:41,227 [67d877d9-ecd0-4b7d-838e-89aa2c4103c0@group-A09C527D8C6F-LeaderElection177] INFO  impl.LeaderElection (LeaderElection.java:logAndReturn(56)) - 67d877d9-ecd0-4b7d-838e-89aa2c4103c0@group-A09C527D8C6F-LeaderElection177: Election REJECTED; received 2 response(s) [67d877d9-ecd0-4b7d-838e-89aa2c4103c0<-c39ba312-e57f-4b8c-998e-32538a6d88da#0:FAIL-t216, 67d877d9-ecd0-4b7d-838e-89aa2c4103c0<-6af5dfc0-d4d0-48db-9aa9-c45e51549e54#0:FAIL-t216] and 0 exception(s); 67d877d9-ecd0-4b7d-838e-89aa2c4103c0@group-A09C527D8C6F:t216, leader=null, voted=67d877d9-ecd0-4b7d-838e-89aa2c4103c0, raftlog=67d877d9-ecd0-4b7d-838e-89aa2c4103c0@group-A09C527D8C6F-SegmentedRaftLog:OPENED:c-1,f-1,i0, conf=-1: [c39ba312-e57f-4b8c-998e-32538a6d88da:192.168.34.56:44039, 67d877d9-ecd0-4b7d-838e-89aa2c4103c0:192.168.34.56:33816, 6af5dfc0-d4d0-48db-9aa9-c45e51549e54:192.168.34.56:32981], old=null
2019-10-18 12:32:41,227 [67d877d9-ecd0-4b7d-838e-89aa2c4103c0@group-A09C527D8C6F-LeaderElection177] INFO  impl.RaftServerImpl (RaftServerImpl.java:setRole(184)) - 67d877d9-ecd0-4b7d-838e-89aa2c4103c0@group-A09C527D8C6F: changes role from CANDIDATE to FOLLOWER at term 216 for DISCOVERED_A_NEW_TERM
2019-10-18 12:32:41,227 [67d877d9-ecd0-4b7d-838e-89aa2c4103c0@group-A09C527D8C6F-LeaderElection177] INFO  impl.RoleInfo (RoleInfo.java:shutdownLeaderElection(134)) - 67d877d9-ecd0-4b7d-838e-89aa2c4103c0: shutdown LeaderElection
2019-10-18 12:32:41,227 [67d877d9-ecd0-4b7d-838e-89aa2c4103c0@group-A09C527D8C6F-LeaderElection177] INFO  impl.RoleInfo (RoleInfo.java:updateAndGet(143)) - 67d877d9-ecd0-4b7d-838e-89aa2c4103c0: start FollowerState
2019-10-18 12:32:41,277 [Thread-1545] INFO  impl.FollowerState (FollowerState.java:run(108)) - 67d877d9-ecd0-4b7d-838e-89aa2c4103c0@group-A09C527D8C6F-FollowerState: change to CANDIDATE, lastRpcTime:49ms, electionTimeout:49ms
2019-10-18 12:32:41,277 [Thread-1545] INFO  impl.RoleInfo (RoleInfo.java:shutdownFollowerState(121)) - 67d877d9-ecd0-4b7d-838e-89aa2c4103c0: shutdown FollowerState
2019-10-18 12:32:41,277 [Thread-1545] INFO  impl.RaftServerImpl (RaftServerImpl.java:setRole(184)) - 67d877d9-ecd0-4b7d-838e-89aa2c4103c0@group-A09C527D8C6F: changes role from  FOLLOWER to CANDIDATE at term 216 for changeToCandidate
2019-10-18 12:32:41,277 [Thread-1545] INFO  impl.RoleInfo (RoleInfo.java:updateAndGet(143)) - 67d877d9-ecd0-4b7d-838e-89aa2c4103c0: start LeaderElection
2019-10-18 12:32:41,293 [67d877d9-ecd0-4b7d-838e-89aa2c4103c0@group-A09C527D8C6F-LeaderElection178] INFO  impl.LeaderElection (LeaderElection.java:askForVotes(178)) - 67d877d9-ecd0-4b7d-838e-89aa2c4103c0@group-A09C527D8C6F-LeaderElection178: begin an election at term 217 for -1: [c39ba312-e57f-4b8c-998e-32538a6d88da:192.168.34.56:44039, 67d877d9-ecd0-4b7d-838e-89aa2c4103c0:192.168.34.56:33816, 6af5dfc0-d4d0-48db-9aa9-c45e51549e54:192.168.34.56:32981], old=null
2019-10-18 12:32:41,295 [grpc-default-executor-1] INFO  impl.RaftServerImpl (RaftServerImpl.java:setRole(184)) - 6af5dfc0-d4d0-48db-9aa9-c45e51549e54@group-A09C527D8C6F: changes role from  FOLLOWER to FOLLOWER at term 217 for recognizeCandidate:67d877d9-ecd0-4b7d-838e-89aa2c4103c0
2019-10-18 12:32:41,295 [grpc-default-executor-1] INFO  impl.RoleInfo (RoleInfo.java:shutdownFollowerState(121)) - 6af5dfc0-d4d0-48db-9aa9-c45e51549e54: shutdown FollowerState
2019-10-18 12:32:41,295 [grpc-default-executor-3] INFO  impl.RaftServerImpl (RaftServerImpl.java:setRole(184)) - c39ba312-e57f-4b8c-998e-32538a6d88da@group-A09C527D8C6F: changes role from  FOLLOWER to FOLLOWER at term 217 for recognizeCandidate:67d877d9-ecd0-4b7d-838e-89aa2c4103c0
2019-10-18 12:32:41,295 [Thread-1544] INFO  impl.FollowerState (FollowerState.java:run(117)) - 6af5dfc0-d4d0-48db-9aa9-c45e51549e54@group-A09C527D8C6F-FollowerState was interrupted: java.lang.InterruptedException: sleep interrupted
2019-10-18 12:32:41,295 [grpc-default-executor-1] INFO  impl.RoleInfo (RoleInfo.java:updateAndGet(143)) - 6af5dfc0-d4d0-48db-9aa9-c45e51549e54: start FollowerState
2019-10-18 12:32:41,295 [grpc-default-executor-3] INFO  impl.RoleInfo (RoleInfo.java:shutdownFollowerState(121)) - c39ba312-e57f-4b8c-998e-32538a6d88da: shutdown FollowerState
2019-10-18 12:32:41,296 [grpc-default-executor-3] INFO  impl.RoleInfo (RoleInfo.java:updateAndGet(143)) - c39ba312-e57f-4b8c-998e-32538a6d88da: start FollowerState
2019-10-18 12:32:41,296 [Thread-1543] INFO  impl.FollowerState (FollowerState.java:run(117)) - c39ba312-e57f-4b8c-998e-32538a6d88da@group-A09C527D8C6F-FollowerState was interrupted: java.lang.InterruptedException: sleep interrupted
2019-10-18 12:32:41,313 [67d877d9-ecd0-4b7d-838e-89aa2c4103c0@group-A09C527D8C6F-LeaderElection178] INFO  impl.LeaderElection (LeaderElection.java:logAndReturn(56)) - 67d877d9-ecd0-4b7d-838e-89aa2c4103c0@group-A09C527D8C6F-LeaderElection178: Election REJECTED; received 2 response(s) [67d877d9-ecd0-4b7d-838e-89aa2c4103c0<-c39ba312-e57f-4b8c-998e-32538a6d88da#0:FAIL-t217, 67d877d9-ecd0-4b7d-838e-89aa2c4103c0<-6af5dfc0-d4d0-48db-9aa9-c45e51549e54#0:FAIL-t217] and 0 exception(s); 67d877d9-ecd0-4b7d-838e-89aa2c4103c0@group-A09C527D8C6F:t217, leader=null, voted=67d877d9-ecd0-4b7d-838e-89aa2c4103c0, raftlog=67d877d9-ecd0-4b7d-838e-89aa2c4103c0@group-A09C527D8C6F-SegmentedRaftLog:OPENED:c-1,f-1,i0, conf=-1: [c39ba312-e57f-4b8c-998e-32538a6d88da:192.168.34.56:44039, 67d877d9-ecd0-4b7d-838e-89aa2c4103c0:192.168.34.56:33816, 6af5dfc0-d4d0-48db-9aa9-c45e51549e54:192.168.34.56:32981], old=null
2019-10-18 12:32:41,313 [67d877d9-ecd0-4b7d-838e-89aa2c4103c0@group-A09C527D8C6F-LeaderElection178] INFO  impl.RaftServerImpl (RaftServerImpl.java:setRole(184)) - 67d877d9-ecd0-4b7d-838e-89aa2c4103c0@group-A09C527D8C6F: changes role from CANDIDATE to FOLLOWER at term 217 for DISCOVERED_A_NEW_TERM
2019-10-18 12:32:41,313 [67d877d9-ecd0-4b7d-838e-89aa2c4103c0@group-A09C527D8C6F-LeaderElection178] INFO  impl.RoleInfo (RoleInfo.java:shutdownLeaderElection(134)) - 67d877d9-ecd0-4b7d-838e-89aa2c4103c0: shutdown LeaderElection
2019-10-18 12:32:41,313 [67d877d9-ecd0-4b7d-838e-89aa2c4103c0@group-A09C527D8C6F-LeaderElection178] INFO  impl.RoleInfo (RoleInfo.java:updateAndGet(143)) - 67d877d9-ecd0-4b7d-838e-89aa2c4103c0: start FollowerState
2019-10-18 12:32:41,504 [Thread-1551] INFO  impl.FollowerState (FollowerState.java:run(108)) - 67d877d9-ecd0-4b7d-838e-89aa2c4103c0@group-A09C527D8C6F-FollowerState: change to CANDIDATE, lastRpcTime:190ms, electionTimeout:190ms
2019-10-18 12:32:41,504 [Thread-1551] INFO  impl.RoleInfo (RoleInfo.java:shutdownFollowerState(121)) - 67d877d9-ecd0-4b7d-838e-89aa2c4103c0: shutdown FollowerState
2019-10-18 12:32:41,504 [Thread-1551] INFO  impl.RaftServerImpl (RaftServerImpl.java:setRole(184)) - 67d877d9-ecd0-4b7d-838e-89aa2c4103c0@group-A09C527D8C6F: changes role from  FOLLOWER to CANDIDATE at term 217 for changeToCandidate
2019-10-18 12:32:41,504 [Thread-1551] INFO  impl.RoleInfo (RoleInfo.java:updateAndGet(143)) - 67d877d9-ecd0-4b7d-838e-89aa2c4103c0: start LeaderElection
2019-10-18 12:32:41,528 [67d877d9-ecd0-4b7d-838e-89aa2c4103c0@group-A09C527D8C6F-LeaderElection179] INFO  impl.LeaderElection (LeaderElection.java:askForVotes(178)) - 67d877d9-ecd0-4b7d-838e-89aa2c4103c0@group-A09C527D8C6F-LeaderElection179: begin an election at term 218 for -1: [c39ba312-e57f-4b8c-998e-32538a6d88da:192.168.34.56:44039, 67d877d9-ecd0-4b7d-838e-89aa2c4103c0:192.168.34.56:33816, 6af5dfc0-d4d0-48db-9aa9-c45e51549e54:192.168.34.56:32981], old=null
2019-10-18 12:32:41,530 [grpc-default-executor-3] INFO  impl.RaftServerImpl (RaftServerImpl.java:setRole(184)) - c39ba312-e57f-4b8c-998e-32538a6d88da@group-A09C527D8C6F: changes role from  FOLLOWER to FOLLOWER at term 218 for recognizeCandidate:67d877d9-ecd0-4b7d-838e-89aa2c4103c0
2019-10-18 12:32:41,530 [grpc-default-executor-1] INFO  impl.RaftServerImpl (RaftServerImpl.java:setRole(184)) - 6af5dfc0-d4d0-48db-9aa9-c45e51549e54@group-A09C527D8C6F: changes role from  FOLLOWER to FOLLOWER at term 218 for recognizeCandidate:67d877d9-ecd0-4b7d-838e-89aa2c4103c0
2019-10-18 12:32:41,530 [grpc-default-executor-3] INFO  impl.RoleInfo (RoleInfo.java:shutdownFollowerState(121)) - c39ba312-e57f-4b8c-998e-32538a6d88da: shutdown FollowerState
2019-10-18 12:32:41,530 [grpc-default-executor-1] INFO  impl.RoleInfo (RoleInfo.java:shutdownFollowerState(121)) - 6af5dfc0-d4d0-48db-9aa9-c45e51549e54: shutdown FollowerState
2019-10-18 12:32:41,530 [Thread-1550] INFO  impl.FollowerState (FollowerState.java:run(117)) - c39ba312-e57f-4b8c-998e-32538a6d88da@group-A09C527D8C6F-FollowerState was interrupted: java.lang.InterruptedException: sleep interrupted
2019-10-18 12:32:41,530 [grpc-default-executor-3] INFO  impl.RoleInfo (RoleInfo.java:updateAndGet(143)) - c39ba312-e57f-4b8c-998e-32538a6d88da: start FollowerState
2019-10-18 12:32:41,531 [Thread-1549] INFO  impl.FollowerState (FollowerState.java:run(117)) - 6af5dfc0-d4d0-48db-9aa9-c45e51549e54@group-A09C527D8C6F-FollowerState was interrupted: java.lang.InterruptedException: sleep interrupted
2019-10-18 12:32:41,531 [grpc-default-executor-1] INFO  impl.RoleInfo (RoleInfo.java:updateAndGet(143)) - 6af5dfc0-d4d0-48db-9aa9-c45e51549e54: start FollowerState
2019-10-18 12:32:41,552 [67d877d9-ecd0-4b7d-838e-89aa2c4103c0@group-A09C527D8C6F-LeaderElection179] INFO  impl.LeaderElection (LeaderElection.java:logAndReturn(56)) - 67d877d9-ecd0-4b7d-838e-89aa2c4103c0@group-A09C527D8C6F-LeaderElection179: Election REJECTED; received 2 response(s) [67d877d9-ecd0-4b7d-838e-89aa2c4103c0<-c39ba312-e57f-4b8c-998e-32538a6d88da#0:FAIL-t218, 67d877d9-ecd0-4b7d-838e-89aa2c4103c0<-6af5dfc0-d4d0-48db-9aa9-c45e51549e54#0:FAIL-t218] and 0 exception(s); 67d877d9-ecd0-4b7d-838e-89aa2c4103c0@group-A09C527D8C6F:t218, leader=null, voted=67d877d9-ecd0-4b7d-838e-89aa2c4103c0, raftlog=67d877d9-ecd0-4b7d-838e-89aa2c4103c0@group-A09C527D8C6F-SegmentedRaftLog:OPENED:c-1,f-1,i0, conf=-1: [c39ba312-e57f-4b8c-998e-32538a6d88da:192.168.34.56:44039, 67d877d9-ecd0-4b7d-838e-89aa2c4103c0:192.168.34.56:33816, 6af5dfc0-d4d0-48db-9aa9-c45e51549e54:192.168.34.56:32981], old=null
2019-10-18 12:32:41,552 [67d877d9-ecd0-4b7d-838e-89aa2c4103c0@group-A09C527D8C6F-LeaderElection179] INFO  impl.RaftServerImpl (RaftServerImpl.java:setRole(184)) - 67d877d9-ecd0-4b7d-838e-89aa2c4103c0@group-A09C527D8C6F: changes role from CANDIDATE to FOLLOWER at term 218 for DISCOVERED_A_NEW_TERM
2019-10-18 12:32:41,552 [67d877d9-ecd0-4b7d-838e-89aa2c4103c0@group-A09C527D8C6F-LeaderElection179] INFO  impl.RoleInfo (RoleInfo.java:shutdownLeaderElection(134)) - 67d877d9-ecd0-4b7d-838e-89aa2c4103c0: shutdown LeaderElection
2019-10-18 12:32:41,552 [67d877d9-ecd0-4b7d-838e-89aa2c4103c0@group-A09C527D8C6F-LeaderElection179] INFO  impl.RoleInfo (RoleInfo.java:updateAndGet(143)) - 67d877d9-ecd0-4b7d-838e-89aa2c4103c0: start FollowerState
2019-10-18 12:32:41,681 [Thread-1557] INFO  impl.FollowerState (FollowerState.java:run(108)) - 67d877d9-ecd0-4b7d-838e-89aa2c4103c0@group-A09C527D8C6F-FollowerState: change to CANDIDATE, lastRpcTime:129ms, electionTimeout:129ms
2019-10-18 12:32:41,681 [Thread-1557] INFO  impl.RoleInfo (RoleInfo.java:shutdownFollowerState(121)) - 67d877d9-ecd0-4b7d-838e-89aa2c4103c0: shutdown FollowerState
2019-10-18 12:32:41,682 [Thread-1557] INFO  impl.RaftServerImpl (RaftServerImpl.java:setRole(184)) - 67d877d9-ecd0-4b7d-838e-89aa2c4103c0@group-A09C527D8C6F: changes role from  FOLLOWER to CANDIDATE at term 218 for changeToCandidate
2019-10-18 12:32:41,682 [Thread-1557] INFO  impl.RoleInfo (RoleInfo.java:updateAndGet(143)) - 67d877d9-ecd0-4b7d-838e-89aa2c4103c0: start LeaderElection
2019-10-18 12:32:41,706 [67d877d9-ecd0-4b7d-838e-89aa2c4103c0@group-A09C527D8C6F-LeaderElection180] INFO  impl.LeaderElection (LeaderElection.java:askForVotes(178)) - 67d877d9-ecd0-4b7d-838e-89aa2c4103c0@group-A09C527D8C6F-LeaderElection180: begin an election at term 219 for -1: [c39ba312-e57f-4b8c-998e-32538a6d88da:192.168.34.56:44039, 67d877d9-ecd0-4b7d-838e-89aa2c4103c0:192.168.34.56:33816, 6af5dfc0-d4d0-48db-9aa9-c45e51549e54:192.168.34.56:32981], old=null
2019-10-18 12:32:41,708 [grpc-default-executor-3] INFO  impl.RaftServerImpl (RaftServerImpl.java:setRole(184)) - c39ba312-e57f-4b8c-998e-32538a6d88da@group-A09C527D8C6F: changes role from  FOLLOWER to FOLLOWER at term 219 for recognizeCandidate:67d877d9-ecd0-4b7d-838e-89aa2c4103c0
2019-10-18 12:32:41,708 [grpc-default-executor-3] INFO  impl.RoleInfo (RoleInfo.java:shutdownFollowerState(121)) - c39ba312-e57f-4b8c-998e-32538a6d88da: shutdown FollowerState
2019-10-18 12:32:41,708 [grpc-default-executor-1] INFO  impl.RaftServerImpl (RaftServerImpl.java:setRole(184)) - 6af5dfc0-d4d0-48db-9aa9-c45e51549e54@group-A09C527D8C6F: changes role from  FOLLOWER to FOLLOWER at term 219 for recognizeCandidate:67d877d9-ecd0-4b7d-838e-89aa2c4103c0
2019-10-18 12:32:41,708 [Thread-1555] INFO  impl.FollowerState (FollowerState.java:run(117)) - c39ba312-e57f-4b8c-998e-32538a6d88da@group-A09C527D8C6F-FollowerState was interrupted: java.lang.InterruptedException: sleep interrupted
2019-10-18 12:32:41,708 [grpc-default-executor-3] INFO  impl.RoleInfo (RoleInfo.java:updateAndGet(143)) - c39ba312-e57f-4b8c-998e-32538a6d88da: start FollowerState
2019-10-18 12:32:41,708 [grpc-default-executor-1] INFO  impl.RoleInfo (RoleInfo.java:shutdownFollowerState(121)) - 6af5dfc0-d4d0-48db-9aa9-c45e51549e54: shutdown FollowerState
2019-10-18 12:32:41,709 [grpc-default-executor-1] INFO  impl.RoleInfo (RoleInfo.java:updateAndGet(143)) - 6af5dfc0-d4d0-48db-9aa9-c45e51549e54: start FollowerState
2019-10-18 12:32:41,709 [Thread-1556] INFO  impl.FollowerState (FollowerState.java:run(117)) - 6af5dfc0-d4d0-48db-9aa9-c45e51549e54@group-A09C527D8C6F-FollowerState was interrupted: java.lang.InterruptedException: sleep interrupted
2019-10-18 12:32:41,730 [67d877d9-ecd0-4b7d-838e-89aa2c4103c0@group-A09C527D8C6F-LeaderElection180] INFO  impl.LeaderElection (LeaderElection.java:logAndReturn(56)) - 67d877d9-ecd0-4b7d-838e-89aa2c4103c0@group-A09C527D8C6F-LeaderElection180: Election REJECTED; received 2 response(s) [67d877d9-ecd0-4b7d-838e-89aa2c4103c0<-c39ba312-e57f-4b8c-998e-32538a6d88da#0:FAIL-t219, 67d877d9-ecd0-4b7d-838e-89aa2c4103c0<-6af5dfc0-d4d0-48db-9aa9-c45e51549e54#0:FAIL-t219] and 0 exception(s); 67d877d9-ecd0-4b7d-838e-89aa2c4103c0@group-A09C527D8C6F:t219, leader=null, voted=67d877d9-ecd0-4b7d-838e-89aa2c4103c0, raftlog=67d877d9-ecd0-4b7d-838e-89aa2c4103c0@group-A09C527D8C6F-SegmentedRaftLog:OPENED:c-1,f-1,i0, conf=-1: [c39ba312-e57f-4b8c-998e-32538a6d88da:192.168.34.56:44039, 67d877d9-ecd0-4b7d-838e-89aa2c4103c0:192.168.34.56:33816, 6af5dfc0-d4d0-48db-9aa9-c45e51549e54:192.168.34.56:32981], old=null
2019-10-18 12:32:41,730 [67d877d9-ecd0-4b7d-838e-89aa2c4103c0@group-A09C527D8C6F-LeaderElection180] INFO  impl.RaftServerImpl (RaftServerImpl.java:setRole(184)) - 67d877d9-ecd0-4b7d-838e-89aa2c4103c0@group-A09C527D8C6F: changes role from CANDIDATE to FOLLOWER at term 219 for DISCOVERED_A_NEW_TERM
2019-10-18 12:32:41,730 [67d877d9-ecd0-4b7d-838e-89aa2c4103c0@group-A09C527D8C6F-LeaderElection180] INFO  impl.RoleInfo (RoleInfo.java:shutdownLeaderElection(134)) - 67d877d9-ecd0-4b7d-838e-89aa2c4103c0: shutdown LeaderElection
2019-10-18 12:32:41,730 [67d877d9-ecd0-4b7d-838e-89aa2c4103c0@group-A09C527D8C6F-LeaderElection180] INFO  impl.RoleInfo (RoleInfo.java:updateAndGet(143)) - 67d877d9-ecd0-4b7d-838e-89aa2c4103c0: start FollowerState
2019-10-18 12:32:41,758 [Thread-1563] INFO  impl.FollowerState (FollowerState.java:run(108)) - 67d877d9-ecd0-4b7d-838e-89aa2c4103c0@group-A09C527D8C6F-FollowerState: change to CANDIDATE, lastRpcTime:28ms, electionTimeout:28ms
2019-10-18 12:32:41,759 [Thread-1563] INFO  impl.RoleInfo (RoleInfo.java:shutdownFollowerState(121)) - 67d877d9-ecd0-4b7d-838e-89aa2c4103c0: shutdown FollowerState
2019-10-18 12:32:41,759 [Thread-1563] INFO  impl.RaftServerImpl (RaftServerImpl.java:setRole(184)) - 67d877d9-ecd0-4b7d-838e-89aa2c4103c0@group-A09C527D8C6F: changes role from  FOLLOWER to CANDIDATE at term 219 for changeToCandidate
2019-10-18 12:32:41,759 [Thread-1563] INFO  impl.RoleInfo (RoleInfo.java:updateAndGet(143)) - 67d877d9-ecd0-4b7d-838e-89aa2c4103c0: start LeaderElection
2019-10-18 12:32:41,783 [67d877d9-ecd0-4b7d-838e-89aa2c4103c0@group-A09C527D8C6F-LeaderElection181] INFO  impl.LeaderElection (LeaderElection.java:askForVotes(178)) - 67d877d9-ecd0-4b7d-838e-89aa2c4103c0@group-A09C527D8C6F-LeaderElection181: begin an election at term 220 for -1: [c39ba312-e57f-4b8c-998e-32538a6d88da:192.168.34.56:44039, 67d877d9-ecd0-4b7d-838e-89aa2c4103c0:192.168.34.56:33816, 6af5dfc0-d4d0-48db-9aa9-c45e51549e54:192.168.34.56:32981], old=null
2019-10-18 12:32:41,785 [grpc-default-executor-1] INFO  impl.RaftServerImpl (RaftServerImpl.java:setRole(184)) - c39ba312-e57f-4b8c-998e-32538a6d88da@group-A09C527D8C6F: changes role from  FOLLOWER to FOLLOWER at term 220 for recognizeCandidate:67d877d9-ecd0-4b7d-838e-89aa2c4103c0
2019-10-18 12:32:41,786 [grpc-default-executor-3] INFO  impl.RaftServerImpl (RaftServerImpl.java:setRole(184)) - 6af5dfc0-d4d0-48db-9aa9-c45e51549e54@group-A09C527D8C6F: changes role from  FOLLOWER to FOLLOWER at term 220 for recognizeCandidate:67d877d9-ecd0-4b7d-838e-89aa2c4103c0
2019-10-18 12:32:41,786 [grpc-default-executor-3] INFO  impl.RoleInfo (RoleInfo.java:shutdownFollowerState(121)) - 6af5dfc0-d4d0-48db-9aa9-c45e51549e54: shutdown FollowerState
2019-10-18 12:32:41,786 [grpc-default-executor-1] INFO  impl.RoleInfo (RoleInfo.java:shutdownFollowerState(121)) - c39ba312-e57f-4b8c-998e-32538a6d88da: shutdown FollowerState
2019-10-18 12:32:41,786 [Thread-1562] INFO  impl.FollowerState (FollowerState.java:run(117)) - 6af5dfc0-d4d0-48db-9aa9-c45e51549e54@group-A09C527D8C6F-FollowerState was interrupted: java.lang.InterruptedException: sleep interrupted
2019-10-18 12:32:41,786 [grpc-default-executor-3] INFO  impl.RoleInfo (RoleInfo.java:updateAndGet(143)) - 6af5dfc0-d4d0-48db-9aa9-c45e51549e54: start FollowerState
2019-10-18 12:32:41,786 [grpc-default-executor-1] INFO  impl.RoleInfo (RoleInfo.java:updateAndGet(143)) - c39ba312-e57f-4b8c-998e-32538a6d88da: start FollowerState
2019-10-18 12:32:41,786 [Thread-1561] INFO  impl.FollowerState (FollowerState.java:run(117)) - c39ba312-e57f-4b8c-998e-32538a6d88da@group-A09C527D8C6F-FollowerState was interrupted: java.lang.InterruptedException: sleep interrupted
2019-10-18 12:32:41,810 [67d877d9-ecd0-4b7d-838e-89aa2c4103c0@group-A09C527D8C6F-LeaderElection181] INFO  impl.LeaderElection (LeaderElection.java:logAndReturn(56)) - 67d877d9-ecd0-4b7d-838e-89aa2c4103c0@group-A09C527D8C6F-LeaderElection181: Election REJECTED; received 2 response(s) [67d877d9-ecd0-4b7d-838e-89aa2c4103c0<-c39ba312-e57f-4b8c-998e-32538a6d88da#0:FAIL-t220, 67d877d9-ecd0-4b7d-838e-89aa2c4103c0<-6af5dfc0-d4d0-48db-9aa9-c45e51549e54#0:FAIL-t220] and 0 exception(s); 67d877d9-ecd0-4b7d-838e-89aa2c4103c0@group-A09C527D8C6F:t220, leader=null, voted=67d877d9-ecd0-4b7d-838e-89aa2c4103c0, raftlog=67d877d9-ecd0-4b7d-838e-89aa2c4103c0@group-A09C527D8C6F-SegmentedRaftLog:OPENED:c-1,f-1,i0, conf=-1: [c39ba312-e57f-4b8c-998e-32538a6d88da:192.168.34.56:44039, 67d877d9-ecd0-4b7d-838e-89aa2c4103c0:192.168.34.56:33816, 6af5dfc0-d4d0-48db-9aa9-c45e51549e54:192.168.34.56:32981], old=null
2019-10-18 12:32:41,811 [67d877d9-ecd0-4b7d-838e-89aa2c4103c0@group-A09C527D8C6F-LeaderElection181] INFO  impl.RaftServerImpl (RaftServerImpl.java:setRole(184)) - 67d877d9-ecd0-4b7d-838e-89aa2c4103c0@group-A09C527D8C6F: changes role from CANDIDATE to FOLLOWER at term 220 for DISCOVERED_A_NEW_TERM
2019-10-18 12:32:41,811 [67d877d9-ecd0-4b7d-838e-89aa2c4103c0@group-A09C527D8C6F-LeaderElection181] INFO  impl.RoleInfo (RoleInfo.java:shutdownLeaderElection(134)) - 67d877d9-ecd0-4b7d-838e-89aa2c4103c0: shutdown LeaderElection
2019-10-18 12:32:41,811 [67d877d9-ecd0-4b7d-838e-89aa2c4103c0@group-A09C527D8C6F-LeaderElection181] INFO  impl.RoleInfo (RoleInfo.java:updateAndGet(143)) - 67d877d9-ecd0-4b7d-838e-89aa2c4103c0: start FollowerState
2019-10-18 12:32:41,904 [Thread-1569] INFO  impl.FollowerState (FollowerState.java:run(108)) - 67d877d9-ecd0-4b7d-838e-89aa2c4103c0@group-A09C527D8C6F-FollowerState: change to CANDIDATE, lastRpcTime:93ms, electionTimeout:93ms
2019-10-18 12:32:41,904 [Thread-1569] INFO  impl.RoleInfo (RoleInfo.java:shutdownFollowerState(121)) - 67d877d9-ecd0-4b7d-838e-89aa2c4103c0: shutdown FollowerState
2019-10-18 12:32:41,904 [Thread-1569] INFO  impl.RaftServerImpl (RaftServerImpl.java:setRole(184)) - 67d877d9-ecd0-4b7d-838e-89aa2c4103c0@group-A09C527D8C6F: changes role from  FOLLOWER to CANDIDATE at term 220 for changeToCandidate
2019-10-18 12:32:41,905 [Thread-1569] INFO  impl.RoleInfo (RoleInfo.java:updateAndGet(143)) - 67d877d9-ecd0-4b7d-838e-89aa2c4103c0: start LeaderElection
2019-10-18 12:32:41,947 [67d877d9-ecd0-4b7d-838e-89aa2c4103c0@group-A09C527D8C6F-LeaderElection182] INFO  impl.LeaderElection (LeaderElection.java:askForVotes(178)) - 67d877d9-ecd0-4b7d-838e-89aa2c4103c0@group-A09C527D8C6F-LeaderElection182: begin an election at term 221 for -1: [c39ba312-e57f-4b8c-998e-32538a6d88da:192.168.34.56:44039, 67d877d9-ecd0-4b7d-838e-89aa2c4103c0:192.168.34.56:33816, 6af5dfc0-d4d0-48db-9aa9-c45e51549e54:192.168.34.56:32981], old=null
2019-10-18 12:32:41,949 [grpc-default-executor-1] INFO  impl.RaftServerImpl (RaftServerImpl.java:setRole(184)) - 6af5dfc0-d4d0-48db-9aa9-c45e51549e54@group-A09C527D8C6F: changes role from  FOLLOWER to FOLLOWER at term 221 for recognizeCandidate:67d877d9-ecd0-4b7d-838e-89aa2c4103c0
2019-10-18 12:32:41,949 [grpc-default-executor-1] INFO  impl.RoleInfo (RoleInfo.java:shutdownFollowerState(121)) - 6af5dfc0-d4d0-48db-9aa9-c45e51549e54: shutdown FollowerState
2019-10-18 12:32:41,949 [grpc-default-executor-3] INFO  impl.RaftServerImpl (RaftServerImpl.java:setRole(184)) - c39ba312-e57f-4b8c-998e-32538a6d88da@group-A09C527D8C6F: changes role from  FOLLOWER to FOLLOWER at term 221 for recognizeCandidate:67d877d9-ecd0-4b7d-838e-89aa2c4103c0
2019-10-18 12:32:41,950 [grpc-default-executor-3] INFO  impl.RoleInfo (RoleInfo.java:shutdownFollowerState(121)) - c39ba312-e57f-4b8c-998e-32538a6d88da: shutdown FollowerState
2019-10-18 12:32:41,950 [Thread-1567] INFO  impl.FollowerState (FollowerState.java:run(117)) - 6af5dfc0-d4d0-48db-9aa9-c45e51549e54@group-A09C527D8C6F-FollowerState was interrupted: java.lang.InterruptedException: sleep interrupted
2019-10-18 12:32:41,950 [grpc-default-executor-1] INFO  impl.RoleInfo (RoleInfo.java:updateAndGet(143)) - 6af5dfc0-d4d0-48db-9aa9-c45e51549e54: start FollowerState
2019-10-18 12:32:41,950 [Thread-1568] INFO  impl.FollowerState (FollowerState.java:run(117)) - c39ba312-e57f-4b8c-998e-32538a6d88da@group-A09C527D8C6F-FollowerState was interrupted: java.lang.InterruptedException: sleep interrupted
2019-10-18 12:32:41,950 [grpc-default-executor-3] INFO  impl.RoleInfo (RoleInfo.java:updateAndGet(143)) - c39ba312-e57f-4b8c-998e-32538a6d88da: start FollowerState
2019-10-18 12:32:41,980 [67d877d9-ecd0-4b7d-838e-89aa2c4103c0@group-A09C527D8C6F-LeaderElection182] INFO  impl.LeaderElection (LeaderElection.java:logAndReturn(56)) - 67d877d9-ecd0-4b7d-838e-89aa2c4103c0@group-A09C527D8C6F-LeaderElection182: Election REJECTED; received 2 response(s) [67d877d9-ecd0-4b7d-838e-89aa2c4103c0<-c39ba312-e57f-4b8c-998e-32538a6d88da#0:FAIL-t221, 67d877d9-ecd0-4b7d-838e-89aa2c4103c0<-6af5dfc0-d4d0-48db-9aa9-c45e51549e54#0:FAIL-t221] and 0 exception(s); 67d877d9-ecd0-4b7d-838e-89aa2c4103c0@group-A09C527D8C6F:t221, leader=null, voted=67d877d9-ecd0-4b7d-838e-89aa2c4103c0, raftlog=67d877d9-ecd0-4b7d-838e-89aa2c4103c0@group-A09C527D8C6F-SegmentedRaftLog:OPENED:c-1,f-1,i0, conf=-1: [c39ba312-e57f-4b8c-998e-32538a6d88da:192.168.34.56:44039, 67d877d9-ecd0-4b7d-838e-89aa2c4103c0:192.168.34.56:33816, 6af5dfc0-d4d0-48db-9aa9-c45e51549e54:192.168.34.56:32981], old=null
2019-10-18 12:32:41,981 [67d877d9-ecd0-4b7d-838e-89aa2c4103c0@group-A09C527D8C6F-LeaderElection182] INFO  impl.RaftServerImpl (RaftServerImpl.java:setRole(184)) - 67d877d9-ecd0-4b7d-838e-89aa2c4103c0@group-A09C527D8C6F: changes role from CANDIDATE to FOLLOWER at term 221 for DISCOVERED_A_NEW_TERM
2019-10-18 12:32:41,981 [67d877d9-ecd0-4b7d-838e-89aa2c4103c0@group-A09C527D8C6F-LeaderElection182] INFO  impl.RoleInfo (RoleInfo.java:shutdownLeaderElection(134)) - 67d877d9-ecd0-4b7d-838e-89aa2c4103c0: shutdown LeaderElection
2019-10-18 12:32:41,981 [67d877d9-ecd0-4b7d-838e-89aa2c4103c0@group-A09C527D8C6F-LeaderElection182] INFO  impl.RoleInfo (RoleInfo.java:updateAndGet(143)) - 67d877d9-ecd0-4b7d-838e-89aa2c4103c0: start FollowerState
2019-10-18 12:32:42,049 [Thread-1575] INFO  impl.FollowerState (FollowerState.java:run(108)) - 67d877d9-ecd0-4b7d-838e-89aa2c4103c0@group-A09C527D8C6F-FollowerState: change to CANDIDATE, lastRpcTime:68ms, electionTimeout:68ms
2019-10-18 12:32:42,050 [Thread-1575] INFO  impl.RoleInfo (RoleInfo.java:shutdownFollowerState(121)) - 67d877d9-ecd0-4b7d-838e-89aa2c4103c0: shutdown FollowerState
2019-10-18 12:32:42,050 [Thread-1575] INFO  impl.RaftServerImpl (RaftServerImpl.java:setRole(184)) - 67d877d9-ecd0-4b7d-838e-89aa2c4103c0@group-A09C527D8C6F: changes role from  FOLLOWER to CANDIDATE at term 221 for changeToCandidate
2019-10-18 12:32:42,050 [Thread-1575] INFO  impl.RoleInfo (RoleInfo.java:updateAndGet(143)) - 67d877d9-ecd0-4b7d-838e-89aa2c4103c0: start LeaderElection
2019-10-18 12:32:42,106 [67d877d9-ecd0-4b7d-838e-89aa2c4103c0@group-A09C527D8C6F-LeaderElection183] INFO  impl.LeaderElection (LeaderElection.java:askForVotes(178)) - 67d877d9-ecd0-4b7d-838e-89aa2c4103c0@group-A09C527D8C6F-LeaderElection183: begin an election at term 222 for -1: [c39ba312-e57f-4b8c-998e-32538a6d88da:192.168.34.56:44039, 67d877d9-ecd0-4b7d-838e-89aa2c4103c0:192.168.34.56:33816, 6af5dfc0-d4d0-48db-9aa9-c45e51549e54:192.168.34.56:32981], old=null
2019-10-18 12:32:42,109 [grpc-default-executor-3] INFO  impl.RaftServerImpl (RaftServerImpl.java:setRole(184)) - c39ba312-e57f-4b8c-998e-32538a6d88da@group-A09C527D8C6F: changes role from  FOLLOWER to FOLLOWER at term 222 for recognizeCandidate:67d877d9-ecd0-4b7d-838e-89aa2c4103c0
2019-10-18 12:32:42,109 [grpc-default-executor-1] INFO  impl.RaftServerImpl (RaftServerImpl.java:setRole(184)) - 6af5dfc0-d4d0-48db-9aa9-c45e51549e54@group-A09C527D8C6F: changes role from  FOLLOWER to FOLLOWER at term 222 for recognizeCandidate:67d877d9-ecd0-4b7d-838e-89aa2c4103c0
2019-10-18 12:32:42,109 [grpc-default-executor-1] INFO  impl.RoleInfo (RoleInfo.java:shutdownFollowerState(121)) - 6af5dfc0-d4d0-48db-9aa9-c45e51549e54: shutdown FollowerState
2019-10-18 12:32:42,109 [grpc-default-executor-3] INFO  impl.RoleInfo (RoleInfo.java:shutdownFollowerState(121)) - c39ba312-e57f-4b8c-998e-32538a6d88da: shutdown FollowerState
2019-10-18 12:32:42,110 [Thread-1573] INFO  impl.FollowerState (FollowerState.java:run(117)) - 6af5dfc0-d4d0-48db-9aa9-c45e51549e54@group-A09C527D8C6F-FollowerState was interrupted: java.lang.InterruptedException: sleep interrupted
2019-10-18 12:32:42,109 [grpc-default-executor-1] INFO  impl.RoleInfo (RoleInfo.java:updateAndGet(143)) - 6af5dfc0-d4d0-48db-9aa9-c45e51549e54: start FollowerState
2019-10-18 12:32:42,110 [Thread-1574] INFO  impl.FollowerState (FollowerState.java:run(117)) - c39ba312-e57f-4b8c-998e-32538a6d88da@group-A09C527D8C6F-FollowerState was interrupted: java.lang.InterruptedException: sleep interrupted
2019-10-18 12:32:42,110 [grpc-default-executor-3] INFO  impl.RoleInfo (RoleInfo.java:updateAndGet(143)) - c39ba312-e57f-4b8c-998e-32538a6d88da: start FollowerState
2019-10-18 12:32:42,148 [67d877d9-ecd0-4b7d-838e-89aa2c4103c0@group-A09C527D8C6F-LeaderElection183] INFO  impl.LeaderElection (LeaderElection.java:logAndReturn(56)) - 67d877d9-ecd0-4b7d-838e-89aa2c4103c0@group-A09C527D8C6F-LeaderElection183: Election REJECTED; received 2 response(s) [67d877d9-ecd0-4b7d-838e-89aa2c4103c0<-c39ba312-e57f-4b8c-998e-32538a6d88da#0:FAIL-t222, 67d877d9-ecd0-4b7d-838e-89aa2c4103c0<-6af5dfc0-d4d0-48db-9aa9-c45e51549e54#0:FAIL-t222] and 0 exception(s); 67d877d9-ecd0-4b7d-838e-89aa2c4103c0@group-A09C527D8C6F:t222, leader=null, voted=67d877d9-ecd0-4b7d-838e-89aa2c4103c0, raftlog=67d877d9-ecd0-4b7d-838e-89aa2c4103c0@group-A09C527D8C6F-SegmentedRaftLog:OPENED:c-1,f-1,i0, conf=-1: [c39ba312-e57f-4b8c-998e-32538a6d88da:192.168.34.56:44039, 67d877d9-ecd0-4b7d-838e-89aa2c4103c0:192.168.34.56:33816, 6af5dfc0-d4d0-48db-9aa9-c45e51549e54:192.168.34.56:32981], old=null
2019-10-18 12:32:42,148 [67d877d9-ecd0-4b7d-838e-89aa2c4103c0@group-A09C527D8C6F-LeaderElection183] INFO  impl.RaftServerImpl (RaftServerImpl.java:setRole(184)) - 67d877d9-ecd0-4b7d-838e-89aa2c4103c0@group-A09C527D8C6F: changes role from CANDIDATE to FOLLOWER at term 222 for DISCOVERED_A_NEW_TERM
2019-10-18 12:32:42,149 [67d877d9-ecd0-4b7d-838e-89aa2c4103c0@group-A09C527D8C6F-LeaderElection183] INFO  impl.RoleInfo (RoleInfo.java:shutdownLeaderElection(134)) - 67d877d9-ecd0-4b7d-838e-89aa2c4103c0: shutdown LeaderElection
2019-10-18 12:32:42,149 [67d877d9-ecd0-4b7d-838e-89aa2c4103c0@group-A09C527D8C6F-LeaderElection183] INFO  impl.RoleInfo (RoleInfo.java:updateAndGet(143)) - 67d877d9-ecd0-4b7d-838e-89aa2c4103c0: start FollowerState
2019-10-18 12:32:42,193 [Thread-1583] INFO  impl.FollowerState (FollowerState.java:run(108)) - 67d877d9-ecd0-4b7d-838e-89aa2c4103c0@group-A09C527D8C6F-FollowerState: change to CANDIDATE, lastRpcTime:44ms, electionTimeout:44ms
2019-10-18 12:32:42,193 [Thread-1583] INFO  impl.RoleInfo (RoleInfo.java:shutdownFollowerState(121)) - 67d877d9-ecd0-4b7d-838e-89aa2c4103c0: shutdown FollowerState
2019-10-18 12:32:42,194 [Thread-1583] INFO  impl.RaftServerImpl (RaftServerImpl.java:setRole(184)) - 67d877d9-ecd0-4b7d-838e-89aa2c4103c0@group-A09C527D8C6F: changes role from  FOLLOWER to CANDIDATE at term 222 for changeToCandidate
2019-10-18 12:32:42,194 [Thread-1583] INFO  impl.RoleInfo (RoleInfo.java:updateAndGet(143)) - 67d877d9-ecd0-4b7d-838e-89aa2c4103c0: start LeaderElection
2019-10-18 12:32:42,251 [67d877d9-ecd0-4b7d-838e-89aa2c4103c0@group-A09C527D8C6F-LeaderElection184] INFO  impl.LeaderElection (LeaderElection.java:askForVotes(178)) - 67d877d9-ecd0-4b7d-838e-89aa2c4103c0@group-A09C527D8C6F-LeaderElection184: begin an election at term 223 for -1: [c39ba312-e57f-4b8c-998e-32538a6d88da:192.168.34.56:44039, 67d877d9-ecd0-4b7d-838e-89aa2c4103c0:192.168.34.56:33816, 6af5dfc0-d4d0-48db-9aa9-c45e51549e54:192.168.34.56:32981], old=null
2019-10-18 12:32:42,254 [grpc-default-executor-3] INFO  impl.RaftServerImpl (RaftServerImpl.java:setRole(184)) - c39ba312-e57f-4b8c-998e-32538a6d88da@group-A09C527D8C6F: changes role from  FOLLOWER to FOLLOWER at term 223 for recognizeCandidate:67d877d9-ecd0-4b7d-838e-89aa2c4103c0
2019-10-18 12:32:42,254 [grpc-default-executor-1] INFO  impl.RaftServerImpl (RaftServerImpl.java:setRole(184)) - 6af5dfc0-d4d0-48db-9aa9-c45e51549e54@group-A09C527D8C6F: changes role from  FOLLOWER to FOLLOWER at term 223 for recognizeCandidate:67d877d9-ecd0-4b7d-838e-89aa2c4103c0
2019-10-18 12:32:42,254 [grpc-default-executor-1] INFO  impl.RoleInfo (RoleInfo.java:shutdownFollowerState(121)) - 6af5dfc0-d4d0-48db-9aa9-c45e51549e54: shutdown FollowerState
2019-10-18 12:32:42,254 [grpc-default-executor-3] INFO  impl.RoleInfo (RoleInfo.java:shutdownFollowerState(121)) - c39ba312-e57f-4b8c-998e-32538a6d88da: shutdown FollowerState
2019-10-18 12:32:42,254 [Thread-1581] INFO  impl.FollowerState (FollowerState.java:run(117)) - 6af5dfc0-d4d0-48db-9aa9-c45e51549e54@group-A09C527D8C6F-FollowerState was interrupted: java.lang.InterruptedException: sleep interrupted
2019-10-18 12:32:42,254 [grpc-default-executor-1] INFO  impl.RoleInfo (RoleInfo.java:updateAndGet(143)) - 6af5dfc0-d4d0-48db-9aa9-c45e51549e54: start FollowerState
2019-10-18 12:32:42,254 [grpc-default-executor-3] INFO  impl.RoleInfo (RoleInfo.java:updateAndGet(143)) - c39ba312-e57f-4b8c-998e-32538a6d88da: start FollowerState
2019-10-18 12:32:42,254 [Thread-1582] INFO  impl.FollowerState (FollowerState.java:run(117)) - c39ba312-e57f-4b8c-998e-32538a6d88da@group-A09C527D8C6F-FollowerState was interrupted: java.lang.InterruptedException: sleep interrupted
2019-10-18 12:32:42,293 [67d877d9-ecd0-4b7d-838e-89aa2c4103c0@group-A09C527D8C6F-LeaderElection184] INFO  impl.LeaderElection (LeaderElection.java:logAndReturn(56)) - 67d877d9-ecd0-4b7d-838e-89aa2c4103c0@group-A09C527D8C6F-LeaderElection184: Election REJECTED; received 2 response(s) [67d877d9-ecd0-4b7d-838e-89aa2c4103c0<-c39ba312-e57f-4b8c-998e-32538a6d88da#0:FAIL-t223, 67d877d9-ecd0-4b7d-838e-89aa2c4103c0<-6af5dfc0-d4d0-48db-9aa9-c45e51549e54#0:FAIL-t223] and 0 exception(s); 67d877d9-ecd0-4b7d-838e-89aa2c4103c0@group-A09C527D8C6F:t223, leader=null, voted=67d877d9-ecd0-4b7d-838e-89aa2c4103c0, raftlog=67d877d9-ecd0-4b7d-838e-89aa2c4103c0@group-A09C527D8C6F-SegmentedRaftLog:OPENED:c-1,f-1,i0, conf=-1: [c39ba312-e57f-4b8c-998e-32538a6d88da:192.168.34.56:44039, 67d877d9-ecd0-4b7d-838e-89aa2c4103c0:192.168.34.56:33816, 6af5dfc0-d4d0-48db-9aa9-c45e51549e54:192.168.34.56:32981], old=null
2019-10-18 12:32:42,294 [67d877d9-ecd0-4b7d-838e-89aa2c4103c0@group-A09C527D8C6F-LeaderElection184] INFO  impl.RaftServerImpl (RaftServerImpl.java:setRole(184)) - 67d877d9-ecd0-4b7d-838e-89aa2c4103c0@group-A09C527D8C6F: changes role from CANDIDATE to FOLLOWER at term 223 for DISCOVERED_A_NEW_TERM
2019-10-18 12:32:42,294 [67d877d9-ecd0-4b7d-838e-89aa2c4103c0@group-A09C527D8C6F-LeaderElection184] INFO  impl.RoleInfo (RoleInfo.java:shutdownLeaderElection(134)) - 67d877d9-ecd0-4b7d-838e-89aa2c4103c0: shutdown LeaderElection
2019-10-18 12:32:42,294 [67d877d9-ecd0-4b7d-838e-89aa2c4103c0@group-A09C527D8C6F-LeaderElection184] INFO  impl.RoleInfo (RoleInfo.java:updateAndGet(143)) - 67d877d9-ecd0-4b7d-838e-89aa2c4103c0: start FollowerState
2019-10-18 12:32:42,440 [Thread-1589] INFO  impl.FollowerState (FollowerState.java:run(108)) - 67d877d9-ecd0-4b7d-838e-89aa2c4103c0@group-A09C527D8C6F-FollowerState: change to CANDIDATE, lastRpcTime:145ms, electionTimeout:145ms
2019-10-18 12:32:42,440 [Thread-1589] INFO  impl.RoleInfo (RoleInfo.java:shutdownFollowerState(121)) - 67d877d9-ecd0-4b7d-838e-89aa2c4103c0: shutdown FollowerState
2019-10-18 12:32:42,440 [Thread-1589] INFO  impl.RaftServerImpl (RaftServerImpl.java:setRole(184)) - 67d877d9-ecd0-4b7d-838e-89aa2c4103c0@group-A09C527D8C6F: changes role from  FOLLOWER to CANDIDATE at term 223 for changeToCandidate
2019-10-18 12:32:42,440 [Thread-1589] INFO  impl.RoleInfo (RoleInfo.java:updateAndGet(143)) - 67d877d9-ecd0-4b7d-838e-89aa2c4103c0: start LeaderElection
2019-10-18 12:32:42,497 [67d877d9-ecd0-4b7d-838e-89aa2c4103c0@group-A09C527D8C6F-LeaderElection185] INFO  impl.LeaderElection (LeaderElection.java:askForVotes(178)) - 67d877d9-ecd0-4b7d-838e-89aa2c4103c0@group-A09C527D8C6F-LeaderElection185: begin an election at term 224 for -1: [c39ba312-e57f-4b8c-998e-32538a6d88da:192.168.34.56:44039, 67d877d9-ecd0-4b7d-838e-89aa2c4103c0:192.168.34.56:33816, 6af5dfc0-d4d0-48db-9aa9-c45e51549e54:192.168.34.56:32981], old=null
2019-10-18 12:32:42,499 [grpc-default-executor-3] INFO  impl.RaftServerImpl (RaftServerImpl.java:setRole(184)) - 6af5dfc0-d4d0-48db-9aa9-c45e51549e54@group-A09C527D8C6F: changes role from  FOLLOWER to FOLLOWER at term 224 for recognizeCandidate:67d877d9-ecd0-4b7d-838e-89aa2c4103c0
2019-10-18 12:32:42,499 [grpc-default-executor-1] INFO  impl.RaftServerImpl (RaftServerImpl.java:setRole(184)) - c39ba312-e57f-4b8c-998e-32538a6d88da@group-A09C527D8C6F: changes role from  FOLLOWER to FOLLOWER at term 224 for recognizeCandidate:67d877d9-ecd0-4b7d-838e-89aa2c4103c0
2019-10-18 12:32:42,500 [grpc-default-executor-1] INFO  impl.RoleInfo (RoleInfo.java:shutdownFollowerState(121)) - c39ba312-e57f-4b8c-998e-32538a6d88da: shutdown FollowerState
2019-10-18 12:32:42,499 [grpc-default-executor-3] INFO  impl.RoleInfo (RoleInfo.java:shutdownFollowerState(121)) - 6af5dfc0-d4d0-48db-9aa9-c45e51549e54: shutdown FollowerState
2019-10-18 12:32:42,500 [Thread-1588] INFO  impl.FollowerState (FollowerState.java:run(117)) - c39ba312-e57f-4b8c-998e-32538a6d88da@group-A09C527D8C6F-FollowerState was interrupted: java.lang.InterruptedException: sleep interrupted
2019-10-18 12:32:42,500 [grpc-default-executor-1] INFO  impl.RoleInfo (RoleInfo.java:updateAndGet(143)) - c39ba312-e57f-4b8c-998e-32538a6d88da: start FollowerState
2019-10-18 12:32:42,500 [Thread-1587] INFO  impl.FollowerState (FollowerState.java:run(117)) - 6af5dfc0-d4d0-48db-9aa9-c45e51549e54@group-A09C527D8C6F-FollowerState was interrupted: java.lang.InterruptedException: sleep interrupted
2019-10-18 12:32:42,500 [grpc-default-executor-3] INFO  impl.RoleInfo (RoleInfo.java:updateAndGet(143)) - 6af5dfc0-d4d0-48db-9aa9-c45e51549e54: start FollowerState
2019-10-18 12:32:42,531 [67d877d9-ecd0-4b7d-838e-89aa2c4103c0@group-A09C527D8C6F-LeaderElection185] INFO  impl.LeaderElection (LeaderElection.java:logAndReturn(56)) - 67d877d9-ecd0-4b7d-838e-89aa2c4103c0@group-A09C527D8C6F-LeaderElection185: Election REJECTED; received 2 response(s) [67d877d9-ecd0-4b7d-838e-89aa2c4103c0<-c39ba312-e57f-4b8c-998e-32538a6d88da#0:FAIL-t224, 67d877d9-ecd0-4b7d-838e-89aa2c4103c0<-6af5dfc0-d4d0-48db-9aa9-c45e51549e54#0:FAIL-t224] and 0 exception(s); 67d877d9-ecd0-4b7d-838e-89aa2c4103c0@group-A09C527D8C6F:t224, leader=null, voted=67d877d9-ecd0-4b7d-838e-89aa2c4103c0, raftlog=67d877d9-ecd0-4b7d-838e-89aa2c4103c0@group-A09C527D8C6F-SegmentedRaftLog:OPENED:c-1,f-1,i0, conf=-1: [c39ba312-e57f-4b8c-998e-32538a6d88da:192.168.34.56:44039, 67d877d9-ecd0-4b7d-838e-89aa2c4103c0:192.168.34.56:33816, 6af5dfc0-d4d0-48db-9aa9-c45e51549e54:192.168.34.56:32981], old=null
2019-10-18 12:32:42,531 [67d877d9-ecd0-4b7d-838e-89aa2c4103c0@group-A09C527D8C6F-LeaderElection185] INFO  impl.RaftServerImpl (RaftServerImpl.java:setRole(184)) - 67d877d9-ecd0-4b7d-838e-89aa2c4103c0@group-A09C527D8C6F: changes role from CANDIDATE to FOLLOWER at term 224 for DISCOVERED_A_NEW_TERM
2019-10-18 12:32:42,532 [67d877d9-ecd0-4b7d-838e-89aa2c4103c0@group-A09C527D8C6F-LeaderElection185] INFO  impl.RoleInfo (RoleInfo.java:shutdownLeaderElection(134)) - 67d877d9-ecd0-4b7d-838e-89aa2c4103c0: shutdown LeaderElection
2019-10-18 12:32:42,532 [67d877d9-ecd0-4b7d-838e-89aa2c4103c0@group-A09C527D8C6F-LeaderElection185] INFO  impl.RoleInfo (RoleInfo.java:updateAndGet(143)) - 67d877d9-ecd0-4b7d-838e-89aa2c4103c0: start FollowerState
2019-10-18 12:32:42,607 [Thread-1595] INFO  impl.FollowerState (FollowerState.java:run(108)) - 67d877d9-ecd0-4b7d-838e-89aa2c4103c0@group-A09C527D8C6F-FollowerState: change to CANDIDATE, lastRpcTime:75ms, electionTimeout:75ms
2019-10-18 12:32:42,607 [Thread-1595] INFO  impl.RoleInfo (RoleInfo.java:shutdownFollowerState(121)) - 67d877d9-ecd0-4b7d-838e-89aa2c4103c0: shutdown FollowerState
2019-10-18 12:32:42,608 [Thread-1595] INFO  impl.RaftServerImpl (RaftServerImpl.java:setRole(184)) - 67d877d9-ecd0-4b7d-838e-89aa2c4103c0@group-A09C527D8C6F: changes role from  FOLLOWER to CANDIDATE at term 224 for changeToCandidate
2019-10-18 12:32:42,608 [Thread-1595] INFO  impl.RoleInfo (RoleInfo.java:updateAndGet(143)) - 67d877d9-ecd0-4b7d-838e-89aa2c4103c0: start LeaderElection
2019-10-18 12:32:42,631 [67d877d9-ecd0-4b7d-838e-89aa2c4103c0@group-A09C527D8C6F-LeaderElection186] INFO  impl.LeaderElection (LeaderElection.java:askForVotes(178)) - 67d877d9-ecd0-4b7d-838e-89aa2c4103c0@group-A09C527D8C6F-LeaderElection186: begin an election at term 225 for -1: [c39ba312-e57f-4b8c-998e-32538a6d88da:192.168.34.56:44039, 67d877d9-ecd0-4b7d-838e-89aa2c4103c0:192.168.34.56:33816, 6af5dfc0-d4d0-48db-9aa9-c45e51549e54:192.168.34.56:32981], old=null
2019-10-18 12:32:42,633 [grpc-default-executor-3] INFO  impl.RaftServerImpl (RaftServerImpl.java:setRole(184)) - c39ba312-e57f-4b8c-998e-32538a6d88da@group-A09C527D8C6F: changes role from  FOLLOWER to FOLLOWER at term 225 for recognizeCandidate:67d877d9-ecd0-4b7d-838e-89aa2c4103c0
2019-10-18 12:32:42,633 [grpc-default-executor-3] INFO  impl.RoleInfo (RoleInfo.java:shutdownFollowerState(121)) - c39ba312-e57f-4b8c-998e-32538a6d88da: shutdown FollowerState
2019-10-18 12:32:42,634 [grpc-default-executor-1] INFO  impl.RaftServerImpl (RaftServerImpl.java:setRole(184)) - 6af5dfc0-d4d0-48db-9aa9-c45e51549e54@group-A09C527D8C6F: changes role from  FOLLOWER to FOLLOWER at term 225 for recognizeCandidate:67d877d9-ecd0-4b7d-838e-89aa2c4103c0
2019-10-18 12:32:42,634 [grpc-default-executor-1] INFO  impl.RoleInfo (RoleInfo.java:shutdownFollowerState(121)) - 6af5dfc0-d4d0-48db-9aa9-c45e51549e54: shutdown FollowerState
2019-10-18 12:32:42,634 [Thread-1593] INFO  impl.FollowerState (FollowerState.java:run(117)) - c39ba312-e57f-4b8c-998e-32538a6d88da@group-A09C527D8C6F-FollowerState was interrupted: java.lang.InterruptedException: sleep interrupted
2019-10-18 12:32:42,634 [grpc-default-executor-3] INFO  impl.RoleInfo (RoleInfo.java:updateAndGet(143)) - c39ba312-e57f-4b8c-998e-32538a6d88da: start FollowerState
2019-10-18 12:32:42,634 [Thread-1594] INFO  impl.FollowerState (FollowerState.java:run(117)) - 6af5dfc0-d4d0-48db-9aa9-c45e51549e54@group-A09C527D8C6F-FollowerState was interrupted: java.lang.InterruptedException: sleep interrupted
2019-10-18 12:32:42,634 [grpc-default-executor-1] INFO  impl.RoleInfo (RoleInfo.java:updateAndGet(143)) - 6af5dfc0-d4d0-48db-9aa9-c45e51549e54: start FollowerState
2019-10-18 12:32:42,657 [67d877d9-ecd0-4b7d-838e-89aa2c4103c0@group-A09C527D8C6F-LeaderElection186] INFO  impl.LeaderElection (LeaderElection.java:logAndReturn(56)) - 67d877d9-ecd0-4b7d-838e-89aa2c4103c0@group-A09C527D8C6F-LeaderElection186: Election REJECTED; received 2 response(s) [67d877d9-ecd0-4b7d-838e-89aa2c4103c0<-c39ba312-e57f-4b8c-998e-32538a6d88da#0:FAIL-t225, 67d877d9-ecd0-4b7d-838e-89aa2c4103c0<-6af5dfc0-d4d0-48db-9aa9-c45e51549e54#0:FAIL-t225] and 0 exception(s); 67d877d9-ecd0-4b7d-838e-89aa2c4103c0@group-A09C527D8C6F:t225, leader=null, voted=67d877d9-ecd0-4b7d-838e-89aa2c4103c0, raftlog=67d877d9-ecd0-4b7d-838e-89aa2c4103c0@group-A09C527D8C6F-SegmentedRaftLog:OPENED:c-1,f-1,i0, conf=-1: [c39ba312-e57f-4b8c-998e-32538a6d88da:192.168.34.56:44039, 67d877d9-ecd0-4b7d-838e-89aa2c4103c0:192.168.34.56:33816, 6af5dfc0-d4d0-48db-9aa9-c45e51549e54:192.168.34.56:32981], old=null
2019-10-18 12:32:42,657 [67d877d9-ecd0-4b7d-838e-89aa2c4103c0@group-A09C527D8C6F-LeaderElection186] INFO  impl.RaftServerImpl (RaftServerImpl.java:setRole(184)) - 67d877d9-ecd0-4b7d-838e-89aa2c4103c0@group-A09C527D8C6F: changes role from CANDIDATE to FOLLOWER at term 225 for DISCOVERED_A_NEW_TERM
2019-10-18 12:32:42,657 [67d877d9-ecd0-4b7d-838e-89aa2c4103c0@group-A09C527D8C6F-LeaderElection186] INFO  impl.RoleInfo (RoleInfo.java:shutdownLeaderElection(134)) - 67d877d9-ecd0-4b7d-838e-89aa2c4103c0: shutdown LeaderElection
2019-10-18 12:32:42,657 [67d877d9-ecd0-4b7d-838e-89aa2c4103c0@group-A09C527D8C6F-LeaderElection186] INFO  impl.RoleInfo (RoleInfo.java:updateAndGet(143)) - 67d877d9-ecd0-4b7d-838e-89aa2c4103c0: start FollowerState
2019-10-18 12:32:42,837 [Thread-1601] INFO  impl.FollowerState (FollowerState.java:run(108)) - 67d877d9-ecd0-4b7d-838e-89aa2c4103c0@group-A09C527D8C6F-FollowerState: change to CANDIDATE, lastRpcTime:179ms, electionTimeout:179ms
2019-10-18 12:32:42,837 [Thread-1601] INFO  impl.RoleInfo (RoleInfo.java:shutdownFollowerState(121)) - 67d877d9-ecd0-4b7d-838e-89aa2c4103c0: shutdown FollowerState
2019-10-18 12:32:42,838 [Thread-1601] INFO  impl.RaftServerImpl (RaftServerImpl.java:setRole(184)) - 67d877d9-ecd0-4b7d-838e-89aa2c4103c0@group-A09C527D8C6F: changes role from  FOLLOWER to CANDIDATE at term 225 for changeToCandidate
2019-10-18 12:32:42,838 [Thread-1601] INFO  impl.RoleInfo (RoleInfo.java:updateAndGet(143)) - 67d877d9-ecd0-4b7d-838e-89aa2c4103c0: start LeaderElection
2019-10-18 12:32:42,873 [67d877d9-ecd0-4b7d-838e-89aa2c4103c0@group-A09C527D8C6F-LeaderElection187] INFO  impl.LeaderElection (LeaderElection.java:askForVotes(178)) - 67d877d9-ecd0-4b7d-838e-89aa2c4103c0@group-A09C527D8C6F-LeaderElection187: begin an election at term 226 for -1: [c39ba312-e57f-4b8c-998e-32538a6d88da:192.168.34.56:44039, 67d877d9-ecd0-4b7d-838e-89aa2c4103c0:192.168.34.56:33816, 6af5dfc0-d4d0-48db-9aa9-c45e51549e54:192.168.34.56:32981], old=null
2019-10-18 12:32:42,876 [grpc-default-executor-1] INFO  impl.RaftServerImpl (RaftServerImpl.java:setRole(184)) - 6af5dfc0-d4d0-48db-9aa9-c45e51549e54@group-A09C527D8C6F: changes role from  FOLLOWER to FOLLOWER at term 226 for recognizeCandidate:67d877d9-ecd0-4b7d-838e-89aa2c4103c0
2019-10-18 12:32:42,877 [grpc-default-executor-1] INFO  impl.RoleInfo (RoleInfo.java:shutdownFollowerState(121)) - 6af5dfc0-d4d0-48db-9aa9-c45e51549e54: shutdown FollowerState
2019-10-18 12:32:42,876 [grpc-default-executor-3] INFO  impl.RaftServerImpl (RaftServerImpl.java:setRole(184)) - c39ba312-e57f-4b8c-998e-32538a6d88da@group-A09C527D8C6F: changes role from  FOLLOWER to FOLLOWER at term 226 for recognizeCandidate:67d877d9-ecd0-4b7d-838e-89aa2c4103c0
2019-10-18 12:32:42,877 [Thread-1600] INFO  impl.FollowerState (FollowerState.java:run(117)) - 6af5dfc0-d4d0-48db-9aa9-c45e51549e54@group-A09C527D8C6F-FollowerState was interrupted: java.lang.InterruptedException: sleep interrupted
2019-10-18 12:32:42,877 [grpc-default-executor-1] INFO  impl.RoleInfo (RoleInfo.java:updateAndGet(143)) - 6af5dfc0-d4d0-48db-9aa9-c45e51549e54: start FollowerState
2019-10-18 12:32:42,877 [grpc-default-executor-3] INFO  impl.RoleInfo (RoleInfo.java:shutdownFollowerState(121)) - c39ba312-e57f-4b8c-998e-32538a6d88da: shutdown FollowerState
2019-10-18 12:32:42,878 [grpc-default-executor-3] INFO  impl.RoleInfo (RoleInfo.java:updateAndGet(143)) - c39ba312-e57f-4b8c-998e-32538a6d88da: start FollowerState
2019-10-18 12:32:42,878 [Thread-1599] INFO  impl.FollowerState (FollowerState.java:run(117)) - c39ba312-e57f-4b8c-998e-32538a6d88da@group-A09C527D8C6F-FollowerState was interrupted: java.lang.InterruptedException: sleep interrupted
2019-10-18 12:32:42,908 [67d877d9-ecd0-4b7d-838e-89aa2c4103c0@group-A09C527D8C6F-LeaderElection187] INFO  impl.LeaderElection (LeaderElection.java:logAndReturn(56)) - 67d877d9-ecd0-4b7d-838e-89aa2c4103c0@group-A09C527D8C6F-LeaderElection187: Election REJECTED; received 2 response(s) [67d877d9-ecd0-4b7d-838e-89aa2c4103c0<-c39ba312-e57f-4b8c-998e-32538a6d88da#0:FAIL-t226, 67d877d9-ecd0-4b7d-838e-89aa2c4103c0<-6af5dfc0-d4d0-48db-9aa9-c45e51549e54#0:FAIL-t226] and 0 exception(s); 67d877d9-ecd0-4b7d-838e-89aa2c4103c0@group-A09C527D8C6F:t226, leader=null, voted=67d877d9-ecd0-4b7d-838e-89aa2c4103c0, raftlog=67d877d9-ecd0-4b7d-838e-89aa2c4103c0@group-A09C527D8C6F-SegmentedRaftLog:OPENED:c-1,f-1,i0, conf=-1: [c39ba312-e57f-4b8c-998e-32538a6d88da:192.168.34.56:44039, 67d877d9-ecd0-4b7d-838e-89aa2c4103c0:192.168.34.56:33816, 6af5dfc0-d4d0-48db-9aa9-c45e51549e54:192.168.34.56:32981], old=null
2019-10-18 12:32:42,908 [67d877d9-ecd0-4b7d-838e-89aa2c4103c0@group-A09C527D8C6F-LeaderElection187] INFO  impl.RaftServerImpl (RaftServerImpl.java:setRole(184)) - 67d877d9-ecd0-4b7d-838e-89aa2c4103c0@group-A09C527D8C6F: changes role from CANDIDATE to FOLLOWER at term 226 for DISCOVERED_A_NEW_TERM
2019-10-18 12:32:42,908 [67d877d9-ecd0-4b7d-838e-89aa2c4103c0@group-A09C527D8C6F-LeaderElection187] INFO  impl.RoleInfo (RoleInfo.java:shutdownLeaderElection(134)) - 67d877d9-ecd0-4b7d-838e-89aa2c4103c0: shutdown LeaderElection
2019-10-18 12:32:42,909 [67d877d9-ecd0-4b7d-838e-89aa2c4103c0@group-A09C527D8C6F-LeaderElection187] INFO  impl.RoleInfo (RoleInfo.java:updateAndGet(143)) - 67d877d9-ecd0-4b7d-838e-89aa2c4103c0: start FollowerState
2019-10-18 12:32:42,967 [Thread-1607] INFO  impl.FollowerState (FollowerState.java:run(108)) - 67d877d9-ecd0-4b7d-838e-89aa2c4103c0@group-A09C527D8C6F-FollowerState: change to CANDIDATE, lastRpcTime:58ms, electionTimeout:58ms
2019-10-18 12:32:42,967 [Thread-1607] INFO  impl.RoleInfo (RoleInfo.java:shutdownFollowerState(121)) - 67d877d9-ecd0-4b7d-838e-89aa2c4103c0: shutdown FollowerState
2019-10-18 12:32:42,967 [Thread-1607] INFO  impl.RaftServerImpl (RaftServerImpl.java:setRole(184)) - 67d877d9-ecd0-4b7d-838e-89aa2c4103c0@group-A09C527D8C6F: changes role from  FOLLOWER to CANDIDATE at term 226 for changeToCandidate
2019-10-18 12:32:42,967 [Thread-1607] INFO  impl.RoleInfo (RoleInfo.java:updateAndGet(143)) - 67d877d9-ecd0-4b7d-838e-89aa2c4103c0: start LeaderElection
2019-10-18 12:32:42,993 [67d877d9-ecd0-4b7d-838e-89aa2c4103c0@group-A09C527D8C6F-LeaderElection188] INFO  impl.LeaderElection (LeaderElection.java:askForVotes(178)) - 67d877d9-ecd0-4b7d-838e-89aa2c4103c0@group-A09C527D8C6F-LeaderElection188: begin an election at term 227 for -1: [c39ba312-e57f-4b8c-998e-32538a6d88da:192.168.34.56:44039, 67d877d9-ecd0-4b7d-838e-89aa2c4103c0:192.168.34.56:33816, 6af5dfc0-d4d0-48db-9aa9-c45e51549e54:192.168.34.56:32981], old=null
2019-10-18 12:32:42,996 [grpc-default-executor-1] INFO  impl.RaftServerImpl (RaftServerImpl.java:setRole(184)) - c39ba312-e57f-4b8c-998e-32538a6d88da@group-A09C527D8C6F: changes role from  FOLLOWER to FOLLOWER at term 227 for recognizeCandidate:67d877d9-ecd0-4b7d-838e-89aa2c4103c0
2019-10-18 12:32:42,996 [grpc-default-executor-1] INFO  impl.RoleInfo (RoleInfo.java:shutdownFollowerState(121)) - c39ba312-e57f-4b8c-998e-32538a6d88da: shutdown FollowerState
2019-10-18 12:32:42,997 [grpc-default-executor-1] INFO  impl.RoleInfo (RoleInfo.java:updateAndGet(143)) - c39ba312-e57f-4b8c-998e-32538a6d88da: start FollowerState
2019-10-18 12:32:42,997 [Thread-1606] INFO  impl.FollowerState (FollowerState.java:run(117)) - c39ba312-e57f-4b8c-998e-32538a6d88da@group-A09C527D8C6F-FollowerState was interrupted: java.lang.InterruptedException: sleep interrupted
2019-10-18 12:32:42,997 [grpc-default-executor-3] INFO  impl.RaftServerImpl (RaftServerImpl.java:setRole(184)) - 6af5dfc0-d4d0-48db-9aa9-c45e51549e54@group-A09C527D8C6F: changes role from  FOLLOWER to FOLLOWER at term 227 for recognizeCandidate:67d877d9-ecd0-4b7d-838e-89aa2c4103c0
2019-10-18 12:32:42,997 [grpc-default-executor-3] INFO  impl.RoleInfo (RoleInfo.java:shutdownFollowerState(121)) - 6af5dfc0-d4d0-48db-9aa9-c45e51549e54: shutdown FollowerState
2019-10-18 12:32:42,997 [grpc-default-executor-3] INFO  impl.RoleInfo (RoleInfo.java:updateAndGet(143)) - 6af5dfc0-d4d0-48db-9aa9-c45e51549e54: start FollowerState
2019-10-18 12:32:42,997 [Thread-1605] INFO  impl.FollowerState (FollowerState.java:run(117)) - 6af5dfc0-d4d0-48db-9aa9-c45e51549e54@group-A09C527D8C6F-FollowerState was interrupted: java.lang.InterruptedException: sleep interrupted
2019-10-18 12:32:43,019 [67d877d9-ecd0-4b7d-838e-89aa2c4103c0@group-A09C527D8C6F-LeaderElection188] INFO  impl.LeaderElection (LeaderElection.java:logAndReturn(56)) - 67d877d9-ecd0-4b7d-838e-89aa2c4103c0@group-A09C527D8C6F-LeaderElection188: Election REJECTED; received 2 response(s) [67d877d9-ecd0-4b7d-838e-89aa2c4103c0<-c39ba312-e57f-4b8c-998e-32538a6d88da#0:FAIL-t227, 67d877d9-ecd0-4b7d-838e-89aa2c4103c0<-6af5dfc0-d4d0-48db-9aa9-c45e51549e54#0:FAIL-t227] and 0 exception(s); 67d877d9-ecd0-4b7d-838e-89aa2c4103c0@group-A09C527D8C6F:t227, leader=null, voted=67d877d9-ecd0-4b7d-838e-89aa2c4103c0, raftlog=67d877d9-ecd0-4b7d-838e-89aa2c4103c0@group-A09C527D8C6F-SegmentedRaftLog:OPENED:c-1,f-1,i0, conf=-1: [c39ba312-e57f-4b8c-998e-32538a6d88da:192.168.34.56:44039, 67d877d9-ecd0-4b7d-838e-89aa2c4103c0:192.168.34.56:33816, 6af5dfc0-d4d0-48db-9aa9-c45e51549e54:192.168.34.56:32981], old=null
2019-10-18 12:32:43,019 [67d877d9-ecd0-4b7d-838e-89aa2c4103c0@group-A09C527D8C6F-LeaderElection188] INFO  impl.RaftServerImpl (RaftServerImpl.java:setRole(184)) - 67d877d9-ecd0-4b7d-838e-89aa2c4103c0@group-A09C527D8C6F: changes role from CANDIDATE to FOLLOWER at term 227 for DISCOVERED_A_NEW_TERM
2019-10-18 12:32:43,020 [67d877d9-ecd0-4b7d-838e-89aa2c4103c0@group-A09C527D8C6F-LeaderElection188] INFO  impl.RoleInfo (RoleInfo.java:shutdownLeaderElection(134)) - 67d877d9-ecd0-4b7d-838e-89aa2c4103c0: shutdown LeaderElection
2019-10-18 12:32:43,020 [67d877d9-ecd0-4b7d-838e-89aa2c4103c0@group-A09C527D8C6F-LeaderElection188] INFO  impl.RoleInfo (RoleInfo.java:updateAndGet(143)) - 67d877d9-ecd0-4b7d-838e-89aa2c4103c0: start FollowerState
2019-10-18 12:32:43,078 [Thread-1613] INFO  impl.FollowerState (FollowerState.java:run(108)) - 67d877d9-ecd0-4b7d-838e-89aa2c4103c0@group-A09C527D8C6F-FollowerState: change to CANDIDATE, lastRpcTime:58ms, electionTimeout:58ms
2019-10-18 12:32:43,079 [Thread-1613] INFO  impl.RoleInfo (RoleInfo.java:shutdownFollowerState(121)) - 67d877d9-ecd0-4b7d-838e-89aa2c4103c0: shutdown FollowerState
2019-10-18 12:32:43,079 [Thread-1613] INFO  impl.RaftServerImpl (RaftServerImpl.java:setRole(184)) - 67d877d9-ecd0-4b7d-838e-89aa2c4103c0@group-A09C527D8C6F: changes role from  FOLLOWER to CANDIDATE at term 227 for changeToCandidate
2019-10-18 12:32:43,079 [Thread-1613] INFO  impl.RoleInfo (RoleInfo.java:updateAndGet(143)) - 67d877d9-ecd0-4b7d-838e-89aa2c4103c0: start LeaderElection
2019-10-18 12:32:43,110 [67d877d9-ecd0-4b7d-838e-89aa2c4103c0@group-A09C527D8C6F-LeaderElection189] INFO  impl.LeaderElection (LeaderElection.java:askForVotes(178)) - 67d877d9-ecd0-4b7d-838e-89aa2c4103c0@group-A09C527D8C6F-LeaderElection189: begin an election at term 228 for -1: [c39ba312-e57f-4b8c-998e-32538a6d88da:192.168.34.56:44039, 67d877d9-ecd0-4b7d-838e-89aa2c4103c0:192.168.34.56:33816, 6af5dfc0-d4d0-48db-9aa9-c45e51549e54:192.168.34.56:32981], old=null
2019-10-18 12:32:43,112 [grpc-default-executor-1] INFO  impl.RaftServerImpl (RaftServerImpl.java:setRole(184)) - 6af5dfc0-d4d0-48db-9aa9-c45e51549e54@group-A09C527D8C6F: changes role from  FOLLOWER to FOLLOWER at term 228 for recognizeCandidate:67d877d9-ecd0-4b7d-838e-89aa2c4103c0
2019-10-18 12:32:43,112 [grpc-default-executor-3] INFO  impl.RaftServerImpl (RaftServerImpl.java:setRole(184)) - c39ba312-e57f-4b8c-998e-32538a6d88da@group-A09C527D8C6F: changes role from  FOLLOWER to FOLLOWER at term 228 for recognizeCandidate:67d877d9-ecd0-4b7d-838e-89aa2c4103c0
2019-10-18 12:32:43,112 [grpc-default-executor-1] INFO  impl.RoleInfo (RoleInfo.java:shutdownFollowerState(121)) - 6af5dfc0-d4d0-48db-9aa9-c45e51549e54: shutdown FollowerState
2019-10-18 12:32:43,112 [grpc-default-executor-3] INFO  impl.RoleInfo (RoleInfo.java:shutdownFollowerState(121)) - c39ba312-e57f-4b8c-998e-32538a6d88da: shutdown FollowerState
2019-10-18 12:32:43,113 [Thread-1612] INFO  impl.FollowerState (FollowerState.java:run(117)) - 6af5dfc0-d4d0-48db-9aa9-c45e51549e54@group-A09C527D8C6F-FollowerState was interrupted: java.lang.InterruptedException: sleep interrupted
2019-10-18 12:32:43,113 [Thread-1611] INFO  impl.FollowerState (FollowerState.java:run(117)) - c39ba312-e57f-4b8c-998e-32538a6d88da@group-A09C527D8C6F-FollowerState was interrupted: java.lang.InterruptedException: sleep interrupted
2019-10-18 12:32:43,113 [grpc-default-executor-1] INFO  impl.RoleInfo (RoleInfo.java:updateAndGet(143)) - 6af5dfc0-d4d0-48db-9aa9-c45e51549e54: start FollowerState
2019-10-18 12:32:43,113 [grpc-default-executor-3] INFO  impl.RoleInfo (RoleInfo.java:updateAndGet(143)) - c39ba312-e57f-4b8c-998e-32538a6d88da: start FollowerState
2019-10-18 12:32:43,115 [67d877d9-ecd0-4b7d-838e-89aa2c4103c0@group-A09C527D8C6F-LeaderElection189] INFO  impl.LeaderElection (LeaderElection.java:logAndReturn(56)) - 67d877d9-ecd0-4b7d-838e-89aa2c4103c0@group-A09C527D8C6F-LeaderElection189: Election TIMEOUT; received 0 response(s) [] and 0 exception(s); 67d877d9-ecd0-4b7d-838e-89aa2c4103c0@group-A09C527D8C6F:t228, leader=null, voted=67d877d9-ecd0-4b7d-838e-89aa2c4103c0, raftlog=67d877d9-ecd0-4b7d-838e-89aa2c4103c0@group-A09C527D8C6F-SegmentedRaftLog:OPENED:c-1,f-1,i0, conf=-1: [c39ba312-e57f-4b8c-998e-32538a6d88da:192.168.34.56:44039, 67d877d9-ecd0-4b7d-838e-89aa2c4103c0:192.168.34.56:33816, 6af5dfc0-d4d0-48db-9aa9-c45e51549e54:192.168.34.56:32981], old=null
2019-10-18 12:32:43,135 [67d877d9-ecd0-4b7d-838e-89aa2c4103c0@group-A09C527D8C6F-LeaderElection189] INFO  impl.LeaderElection (LeaderElection.java:askForVotes(178)) - 67d877d9-ecd0-4b7d-838e-89aa2c4103c0@group-A09C527D8C6F-LeaderElection189: begin an election at term 229 for -1: [c39ba312-e57f-4b8c-998e-32538a6d88da:192.168.34.56:44039, 67d877d9-ecd0-4b7d-838e-89aa2c4103c0:192.168.34.56:33816, 6af5dfc0-d4d0-48db-9aa9-c45e51549e54:192.168.34.56:32981], old=null
2019-10-18 12:32:43,137 [grpc-default-executor-1] INFO  impl.RaftServerImpl (RaftServerImpl.java:setRole(184)) - 6af5dfc0-d4d0-48db-9aa9-c45e51549e54@group-A09C527D8C6F: changes role from  FOLLOWER to FOLLOWER at term 229 for recognizeCandidate:67d877d9-ecd0-4b7d-838e-89aa2c4103c0
2019-10-18 12:32:43,137 [grpc-default-executor-1] INFO  impl.RoleInfo (RoleInfo.java:shutdownFollowerState(121)) - 6af5dfc0-d4d0-48db-9aa9-c45e51549e54: shutdown FollowerState
2019-10-18 12:32:43,137 [grpc-default-executor-3] INFO  impl.RaftServerImpl (RaftServerImpl.java:setRole(184)) - c39ba312-e57f-4b8c-998e-32538a6d88da@group-A09C527D8C6F: changes role from  FOLLOWER to FOLLOWER at term 229 for recognizeCandidate:67d877d9-ecd0-4b7d-838e-89aa2c4103c0
2019-10-18 12:32:43,137 [Thread-1619] INFO  impl.FollowerState (FollowerState.java:run(117)) - 6af5dfc0-d4d0-48db-9aa9-c45e51549e54@group-A09C527D8C6F-FollowerState was interrupted: java.lang.InterruptedException: sleep interrupted
2019-10-18 12:32:43,137 [grpc-default-executor-1] INFO  impl.RoleInfo (RoleInfo.java:updateAndGet(143)) - 6af5dfc0-d4d0-48db-9aa9-c45e51549e54: start FollowerState
2019-10-18 12:32:43,137 [grpc-default-executor-3] INFO  impl.RoleInfo (RoleInfo.java:shutdownFollowerState(121)) - c39ba312-e57f-4b8c-998e-32538a6d88da: shutdown FollowerState
2019-10-18 12:32:43,138 [grpc-default-executor-3] INFO  impl.RoleInfo (RoleInfo.java:updateAndGet(143)) - c39ba312-e57f-4b8c-998e-32538a6d88da: start FollowerState
2019-10-18 12:32:43,138 [Thread-1620] INFO  impl.FollowerState (FollowerState.java:run(117)) - c39ba312-e57f-4b8c-998e-32538a6d88da@group-A09C527D8C6F-FollowerState was interrupted: java.lang.InterruptedException: sleep interrupted
2019-10-18 12:32:43,149 [67d877d9-ecd0-4b7d-838e-89aa2c4103c0@group-A09C527D8C6F-LeaderElection189] INFO  impl.LeaderElection (LeaderElection.java:logAndReturn(56)) - 67d877d9-ecd0-4b7d-838e-89aa2c4103c0@group-A09C527D8C6F-LeaderElection189: Election TIMEOUT; received 0 response(s) [] and 0 exception(s); 67d877d9-ecd0-4b7d-838e-89aa2c4103c0@group-A09C527D8C6F:t229, leader=null, voted=67d877d9-ecd0-4b7d-838e-89aa2c4103c0, raftlog=67d877d9-ecd0-4b7d-838e-89aa2c4103c0@group-A09C527D8C6F-SegmentedRaftLog:OPENED:c-1,f-1,i0, conf=-1: [c39ba312-e57f-4b8c-998e-32538a6d88da:192.168.34.56:44039, 67d877d9-ecd0-4b7d-838e-89aa2c4103c0:192.168.34.56:33816, 6af5dfc0-d4d0-48db-9aa9-c45e51549e54:192.168.34.56:32981], old=null
2019-10-18 12:32:43,178 [67d877d9-ecd0-4b7d-838e-89aa2c4103c0@group-A09C527D8C6F-LeaderElection189] INFO  impl.LeaderElection (LeaderElection.java:askForVotes(178)) - 67d877d9-ecd0-4b7d-838e-89aa2c4103c0@group-A09C527D8C6F-LeaderElection189: begin an election at term 230 for -1: [c39ba312-e57f-4b8c-998e-32538a6d88da:192.168.34.56:44039, 67d877d9-ecd0-4b7d-838e-89aa2c4103c0:192.168.34.56:33816, 6af5dfc0-d4d0-48db-9aa9-c45e51549e54:192.168.34.56:32981], old=null
2019-10-18 12:32:43,179 [grpc-default-executor-3] INFO  impl.RaftServerImpl (RaftServerImpl.java:setRole(184)) - c39ba312-e57f-4b8c-998e-32538a6d88da@group-A09C527D8C6F: changes role from  FOLLOWER to FOLLOWER at term 230 for recognizeCandidate:67d877d9-ecd0-4b7d-838e-89aa2c4103c0
2019-10-18 12:32:43,179 [grpc-default-executor-3] INFO  impl.RoleInfo (RoleInfo.java:shutdownFollowerState(121)) - c39ba312-e57f-4b8c-998e-32538a6d88da: shutdown FollowerState
2019-10-18 12:32:43,179 [grpc-default-executor-1] INFO  impl.RaftServerImpl (RaftServerImpl.java:setRole(184)) - 6af5dfc0-d4d0-48db-9aa9-c45e51549e54@group-A09C527D8C6F: changes role from  FOLLOWER to FOLLOWER at term 230 for recognizeCandidate:67d877d9-ecd0-4b7d-838e-89aa2c4103c0
2019-10-18 12:32:43,179 [Thread-1624] INFO  impl.FollowerState (FollowerState.java:run(117)) - c39ba312-e57f-4b8c-998e-32538a6d88da@group-A09C527D8C6F-FollowerState was interrupted: java.lang.InterruptedException: sleep interrupted
2019-10-18 12:32:43,179 [grpc-default-executor-3] INFO  impl.RoleInfo (RoleInfo.java:updateAndGet(143)) - c39ba312-e57f-4b8c-998e-32538a6d88da: start FollowerState
2019-10-18 12:32:43,180 [grpc-default-executor-1] INFO  impl.RoleInfo (RoleInfo.java:shutdownFollowerState(121)) - 6af5dfc0-d4d0-48db-9aa9-c45e51549e54: shutdown FollowerState
2019-10-18 12:32:43,180 [grpc-default-executor-1] INFO  impl.RoleInfo (RoleInfo.java:updateAndGet(143)) - 6af5dfc0-d4d0-48db-9aa9-c45e51549e54: start FollowerState
2019-10-18 12:32:43,180 [Thread-1623] INFO  impl.FollowerState (FollowerState.java:run(117)) - 6af5dfc0-d4d0-48db-9aa9-c45e51549e54@group-A09C527D8C6F-FollowerState was interrupted: java.lang.InterruptedException: sleep interrupted
2019-10-18 12:32:43,204 [67d877d9-ecd0-4b7d-838e-89aa2c4103c0@group-A09C527D8C6F-LeaderElection189] INFO  impl.LeaderElection (LeaderElection.java:logAndReturn(56)) - 67d877d9-ecd0-4b7d-838e-89aa2c4103c0@group-A09C527D8C6F-LeaderElection189: Election REJECTED; received 2 response(s) [67d877d9-ecd0-4b7d-838e-89aa2c4103c0<-c39ba312-e57f-4b8c-998e-32538a6d88da#0:FAIL-t230, 67d877d9-ecd0-4b7d-838e-89aa2c4103c0<-6af5dfc0-d4d0-48db-9aa9-c45e51549e54#0:FAIL-t230] and 0 exception(s); 67d877d9-ecd0-4b7d-838e-89aa2c4103c0@group-A09C527D8C6F:t230, leader=null, voted=67d877d9-ecd0-4b7d-838e-89aa2c4103c0, raftlog=67d877d9-ecd0-4b7d-838e-89aa2c4103c0@group-A09C527D8C6F-SegmentedRaftLog:OPENED:c-1,f-1,i0, conf=-1: [c39ba312-e57f-4b8c-998e-32538a6d88da:192.168.34.56:44039, 67d877d9-ecd0-4b7d-838e-89aa2c4103c0:192.168.34.56:33816, 6af5dfc0-d4d0-48db-9aa9-c45e51549e54:192.168.34.56:32981], old=null
2019-10-18 12:32:43,204 [67d877d9-ecd0-4b7d-838e-89aa2c4103c0@group-A09C527D8C6F-LeaderElection189] INFO  impl.RaftServerImpl (RaftServerImpl.java:setRole(184)) - 67d877d9-ecd0-4b7d-838e-89aa2c4103c0@group-A09C527D8C6F: changes role from CANDIDATE to FOLLOWER at term 230 for DISCOVERED_A_NEW_TERM
2019-10-18 12:32:43,204 [67d877d9-ecd0-4b7d-838e-89aa2c4103c0@group-A09C527D8C6F-LeaderElection189] INFO  impl.RoleInfo (RoleInfo.java:shutdownLeaderElection(134)) - 67d877d9-ecd0-4b7d-838e-89aa2c4103c0: shutdown LeaderElection
2019-10-18 12:32:43,204 [67d877d9-ecd0-4b7d-838e-89aa2c4103c0@group-A09C527D8C6F-LeaderElection189] INFO  impl.RoleInfo (RoleInfo.java:updateAndGet(143)) - 67d877d9-ecd0-4b7d-838e-89aa2c4103c0: start FollowerState
2019-10-18 12:32:43,272 [Thread-1629] INFO  impl.FollowerState (FollowerState.java:run(108)) - 67d877d9-ecd0-4b7d-838e-89aa2c4103c0@group-A09C527D8C6F-FollowerState: change to CANDIDATE, lastRpcTime:68ms, electionTimeout:68ms
2019-10-18 12:32:43,273 [Thread-1629] INFO  impl.RoleInfo (RoleInfo.java:shutdownFollowerState(121)) - 67d877d9-ecd0-4b7d-838e-89aa2c4103c0: shutdown FollowerState
2019-10-18 12:32:43,273 [Thread-1629] INFO  impl.RaftServerImpl (RaftServerImpl.java:setRole(184)) - 67d877d9-ecd0-4b7d-838e-89aa2c4103c0@group-A09C527D8C6F: changes role from  FOLLOWER to CANDIDATE at term 230 for changeToCandidate
2019-10-18 12:32:43,273 [Thread-1629] INFO  impl.RoleInfo (RoleInfo.java:updateAndGet(143)) - 67d877d9-ecd0-4b7d-838e-89aa2c4103c0: start LeaderElection
2019-10-18 12:32:43,297 [67d877d9-ecd0-4b7d-838e-89aa2c4103c0@group-A09C527D8C6F-LeaderElection190] INFO  impl.LeaderElection (LeaderElection.java:askForVotes(178)) - 67d877d9-ecd0-4b7d-838e-89aa2c4103c0@group-A09C527D8C6F-LeaderElection190: begin an election at term 231 for -1: [c39ba312-e57f-4b8c-998e-32538a6d88da:192.168.34.56:44039, 67d877d9-ecd0-4b7d-838e-89aa2c4103c0:192.168.34.56:33816, 6af5dfc0-d4d0-48db-9aa9-c45e51549e54:192.168.34.56:32981], old=null
2019-10-18 12:32:43,299 [grpc-default-executor-3] INFO  impl.RaftServerImpl (RaftServerImpl.java:setRole(184)) - 6af5dfc0-d4d0-48db-9aa9-c45e51549e54@group-A09C527D8C6F: changes role from  FOLLOWER to FOLLOWER at term 231 for recognizeCandidate:67d877d9-ecd0-4b7d-838e-89aa2c4103c0
2019-10-18 12:32:43,299 [grpc-default-executor-1] INFO  impl.RaftServerImpl (RaftServerImpl.java:setRole(184)) - c39ba312-e57f-4b8c-998e-32538a6d88da@group-A09C527D8C6F: changes role from  FOLLOWER to FOLLOWER at term 231 for recognizeCandidate:67d877d9-ecd0-4b7d-838e-89aa2c4103c0
2019-10-18 12:32:43,299 [grpc-default-executor-3] INFO  impl.RoleInfo (RoleInfo.java:shutdownFollowerState(121)) - 6af5dfc0-d4d0-48db-9aa9-c45e51549e54: shutdown FollowerState
2019-10-18 12:32:43,299 [grpc-default-executor-1] INFO  impl.RoleInfo (RoleInfo.java:shutdownFollowerState(121)) - c39ba312-e57f-4b8c-998e-32538a6d88da: shutdown FollowerState
2019-10-18 12:32:43,299 [Thread-1628] INFO  impl.FollowerState (FollowerState.java:run(117)) - 6af5dfc0-d4d0-48db-9aa9-c45e51549e54@group-A09C527D8C6F-FollowerState was interrupted: java.lang.InterruptedException: sleep interrupted
2019-10-18 12:32:43,299 [grpc-default-executor-3] INFO  impl.RoleInfo (RoleInfo.java:updateAndGet(143)) - 6af5dfc0-d4d0-48db-9aa9-c45e51549e54: start FollowerState
2019-10-18 12:32:43,300 [grpc-default-executor-1] INFO  impl.RoleInfo (RoleInfo.java:updateAndGet(143)) - c39ba312-e57f-4b8c-998e-32538a6d88da: start FollowerState
2019-10-18 12:32:43,300 [Thread-1627] INFO  impl.FollowerState (FollowerState.java:run(117)) - c39ba312-e57f-4b8c-998e-32538a6d88da@group-A09C527D8C6F-FollowerState was interrupted: java.lang.InterruptedException: sleep interrupted
2019-10-18 12:32:43,324 [67d877d9-ecd0-4b7d-838e-89aa2c4103c0@group-A09C527D8C6F-LeaderElection190] INFO  impl.LeaderElection (LeaderElection.java:logAndReturn(56)) - 67d877d9-ecd0-4b7d-838e-89aa2c4103c0@group-A09C527D8C6F-LeaderElection190: Election REJECTED; received 2 response(s) [67d877d9-ecd0-4b7d-838e-89aa2c4103c0<-c39ba312-e57f-4b8c-998e-32538a6d88da#0:FAIL-t231, 67d877d9-ecd0-4b7d-838e-89aa2c4103c0<-6af5dfc0-d4d0-48db-9aa9-c45e51549e54#0:FAIL-t231] and 0 exception(s); 67d877d9-ecd0-4b7d-838e-89aa2c4103c0@group-A09C527D8C6F:t231, leader=null, voted=67d877d9-ecd0-4b7d-838e-89aa2c4103c0, raftlog=67d877d9-ecd0-4b7d-838e-89aa2c4103c0@group-A09C527D8C6F-SegmentedRaftLog:OPENED:c-1,f-1,i0, conf=-1: [c39ba312-e57f-4b8c-998e-32538a6d88da:192.168.34.56:44039, 67d877d9-ecd0-4b7d-838e-89aa2c4103c0:192.168.34.56:33816, 6af5dfc0-d4d0-48db-9aa9-c45e51549e54:192.168.34.56:32981], old=null
2019-10-18 12:32:43,324 [67d877d9-ecd0-4b7d-838e-89aa2c4103c0@group-A09C527D8C6F-LeaderElection190] INFO  impl.RaftServerImpl (RaftServerImpl.java:setRole(184)) - 67d877d9-ecd0-4b7d-838e-89aa2c4103c0@group-A09C527D8C6F: changes role from CANDIDATE to FOLLOWER at term 231 for DISCOVERED_A_NEW_TERM
2019-10-18 12:32:43,324 [67d877d9-ecd0-4b7d-838e-89aa2c4103c0@group-A09C527D8C6F-LeaderElection190] INFO  impl.RoleInfo (RoleInfo.java:shutdownLeaderElection(134)) - 67d877d9-ecd0-4b7d-838e-89aa2c4103c0: shutdown LeaderElection
2019-10-18 12:32:43,324 [67d877d9-ecd0-4b7d-838e-89aa2c4103c0@group-A09C527D8C6F-LeaderElection190] INFO  impl.RoleInfo (RoleInfo.java:updateAndGet(143)) - 67d877d9-ecd0-4b7d-838e-89aa2c4103c0: start FollowerState
2019-10-18 12:32:43,428 [Thread-1635] INFO  impl.FollowerState (FollowerState.java:run(108)) - 67d877d9-ecd0-4b7d-838e-89aa2c4103c0@group-A09C527D8C6F-FollowerState: change to CANDIDATE, lastRpcTime:104ms, electionTimeout:104ms
2019-10-18 12:32:43,429 [Thread-1635] INFO  impl.RoleInfo (RoleInfo.java:shutdownFollowerState(121)) - 67d877d9-ecd0-4b7d-838e-89aa2c4103c0: shutdown FollowerState
2019-10-18 12:32:43,429 [Thread-1635] INFO  impl.RaftServerImpl (RaftServerImpl.java:setRole(184)) - 67d877d9-ecd0-4b7d-838e-89aa2c4103c0@group-A09C527D8C6F: changes role from  FOLLOWER to CANDIDATE at term 231 for changeToCandidate
2019-10-18 12:32:43,429 [Thread-1635] INFO  impl.RoleInfo (RoleInfo.java:updateAndGet(143)) - 67d877d9-ecd0-4b7d-838e-89aa2c4103c0: start LeaderElection
2019-10-18 12:32:43,450 [67d877d9-ecd0-4b7d-838e-89aa2c4103c0@group-A09C527D8C6F-LeaderElection191] INFO  impl.LeaderElection (LeaderElection.java:askForVotes(178)) - 67d877d9-ecd0-4b7d-838e-89aa2c4103c0@group-A09C527D8C6F-LeaderElection191: begin an election at term 232 for -1: [c39ba312-e57f-4b8c-998e-32538a6d88da:192.168.34.56:44039, 67d877d9-ecd0-4b7d-838e-89aa2c4103c0:192.168.34.56:33816, 6af5dfc0-d4d0-48db-9aa9-c45e51549e54:192.168.34.56:32981], old=null
2019-10-18 12:32:43,453 [grpc-default-executor-3] INFO  impl.RaftServerImpl (RaftServerImpl.java:setRole(184)) - c39ba312-e57f-4b8c-998e-32538a6d88da@group-A09C527D8C6F: changes role from  FOLLOWER to FOLLOWER at term 232 for recognizeCandidate:67d877d9-ecd0-4b7d-838e-89aa2c4103c0
2019-10-18 12:32:43,453 [grpc-default-executor-1] INFO  impl.RaftServerImpl (RaftServerImpl.java:setRole(184)) - 6af5dfc0-d4d0-48db-9aa9-c45e51549e54@group-A09C527D8C6F: changes role from  FOLLOWER to FOLLOWER at term 232 for recognizeCandidate:67d877d9-ecd0-4b7d-838e-89aa2c4103c0
2019-10-18 12:32:43,453 [grpc-default-executor-3] INFO  impl.RoleInfo (RoleInfo.java:shutdownFollowerState(121)) - c39ba312-e57f-4b8c-998e-32538a6d88da: shutdown FollowerState
2019-10-18 12:32:43,453 [grpc-default-executor-1] INFO  impl.RoleInfo (RoleInfo.java:shutdownFollowerState(121)) - 6af5dfc0-d4d0-48db-9aa9-c45e51549e54: shutdown FollowerState
2019-10-18 12:32:43,453 [Thread-1634] INFO  impl.FollowerState (FollowerState.java:run(117)) - c39ba312-e57f-4b8c-998e-32538a6d88da@group-A09C527D8C6F-FollowerState was interrupted: java.lang.InterruptedException: sleep interrupted
2019-10-18 12:32:43,453 [grpc-default-executor-3] INFO  impl.RoleInfo (RoleInfo.java:updateAndGet(143)) - c39ba312-e57f-4b8c-998e-32538a6d88da: start FollowerState
2019-10-18 12:32:43,454 [Thread-1633] INFO  impl.FollowerState (FollowerState.java:run(117)) - 6af5dfc0-d4d0-48db-9aa9-c45e51549e54@group-A09C527D8C6F-FollowerState was interrupted: java.lang.InterruptedException: sleep interrupted
2019-10-18 12:32:43,453 [grpc-default-executor-1] INFO  impl.RoleInfo (RoleInfo.java:updateAndGet(143)) - 6af5dfc0-d4d0-48db-9aa9-c45e51549e54: start FollowerState
2019-10-18 12:32:43,478 [67d877d9-ecd0-4b7d-838e-89aa2c4103c0@group-A09C527D8C6F-LeaderElection191] INFO  impl.LeaderElection (LeaderElection.java:logAndReturn(56)) - 67d877d9-ecd0-4b7d-838e-89aa2c4103c0@group-A09C527D8C6F-LeaderElection191: Election REJECTED; received 2 response(s) [67d877d9-ecd0-4b7d-838e-89aa2c4103c0<-c39ba312-e57f-4b8c-998e-32538a6d88da#0:FAIL-t232, 67d877d9-ecd0-4b7d-838e-89aa2c4103c0<-6af5dfc0-d4d0-48db-9aa9-c45e51549e54#0:FAIL-t232] and 0 exception(s); 67d877d9-ecd0-4b7d-838e-89aa2c4103c0@group-A09C527D8C6F:t232, leader=null, voted=67d877d9-ecd0-4b7d-838e-89aa2c4103c0, raftlog=67d877d9-ecd0-4b7d-838e-89aa2c4103c0@group-A09C527D8C6F-SegmentedRaftLog:OPENED:c-1,f-1,i0, conf=-1: [c39ba312-e57f-4b8c-998e-32538a6d88da:192.168.34.56:44039, 67d877d9-ecd0-4b7d-838e-89aa2c4103c0:192.168.34.56:33816, 6af5dfc0-d4d0-48db-9aa9-c45e51549e54:192.168.34.56:32981], old=null
2019-10-18 12:32:43,478 [67d877d9-ecd0-4b7d-838e-89aa2c4103c0@group-A09C527D8C6F-LeaderElection191] INFO  impl.RaftServerImpl (RaftServerImpl.java:setRole(184)) - 67d877d9-ecd0-4b7d-838e-89aa2c4103c0@group-A09C527D8C6F: changes role from CANDIDATE to FOLLOWER at term 232 for DISCOVERED_A_NEW_TERM
2019-10-18 12:32:43,478 [67d877d9-ecd0-4b7d-838e-89aa2c4103c0@group-A09C527D8C6F-LeaderElection191] INFO  impl.RoleInfo (RoleInfo.java:shutdownLeaderElection(134)) - 67d877d9-ecd0-4b7d-838e-89aa2c4103c0: shutdown LeaderElection
2019-10-18 12:32:43,478 [67d877d9-ecd0-4b7d-838e-89aa2c4103c0@group-A09C527D8C6F-LeaderElection191] INFO  impl.RoleInfo (RoleInfo.java:updateAndGet(143)) - 67d877d9-ecd0-4b7d-838e-89aa2c4103c0: start FollowerState
2019-10-18 12:32:43,581 [Thread-1641] INFO  impl.FollowerState (FollowerState.java:run(108)) - 67d877d9-ecd0-4b7d-838e-89aa2c4103c0@group-A09C527D8C6F-FollowerState: change to CANDIDATE, lastRpcTime:102ms, electionTimeout:102ms
2019-10-18 12:32:43,581 [Thread-1641] INFO  impl.RoleInfo (RoleInfo.java:shutdownFollowerState(121)) - 67d877d9-ecd0-4b7d-838e-89aa2c4103c0: shutdown FollowerState
2019-10-18 12:32:43,581 [Thread-1641] INFO  impl.RaftServerImpl (RaftServerImpl.java:setRole(184)) - 67d877d9-ecd0-4b7d-838e-89aa2c4103c0@group-A09C527D8C6F: changes role from  FOLLOWER to CANDIDATE at term 232 for changeToCandidate
2019-10-18 12:32:43,581 [Thread-1641] INFO  impl.RoleInfo (RoleInfo.java:updateAndGet(143)) - 67d877d9-ecd0-4b7d-838e-89aa2c4103c0: start LeaderElection
2019-10-18 12:32:43,606 [67d877d9-ecd0-4b7d-838e-89aa2c4103c0@group-A09C527D8C6F-LeaderElection192] INFO  impl.LeaderElection (LeaderElection.java:askForVotes(178)) - 67d877d9-ecd0-4b7d-838e-89aa2c4103c0@group-A09C527D8C6F-LeaderElection192: begin an election at term 233 for -1: [c39ba312-e57f-4b8c-998e-32538a6d88da:192.168.34.56:44039, 67d877d9-ecd0-4b7d-838e-89aa2c4103c0:192.168.34.56:33816, 6af5dfc0-d4d0-48db-9aa9-c45e51549e54:192.168.34.56:32981], old=null
2019-10-18 12:32:43,608 [grpc-default-executor-1] INFO  impl.RaftServerImpl (RaftServerImpl.java:setRole(184)) - 6af5dfc0-d4d0-48db-9aa9-c45e51549e54@group-A09C527D8C6F: changes role from  FOLLOWER to FOLLOWER at term 233 for recognizeCandidate:67d877d9-ecd0-4b7d-838e-89aa2c4103c0
2019-10-18 12:32:43,608 [grpc-default-executor-3] INFO  impl.RaftServerImpl (RaftServerImpl.java:setRole(184)) - c39ba312-e57f-4b8c-998e-32538a6d88da@group-A09C527D8C6F: changes role from  FOLLOWER to FOLLOWER at term 233 for recognizeCandidate:67d877d9-ecd0-4b7d-838e-89aa2c4103c0
2019-10-18 12:32:43,608 [grpc-default-executor-1] INFO  impl.RoleInfo (RoleInfo.java:shutdownFollowerState(121)) - 6af5dfc0-d4d0-48db-9aa9-c45e51549e54: shutdown FollowerState
2019-10-18 12:32:43,608 [grpc-default-executor-3] INFO  impl.RoleInfo (RoleInfo.java:shutdownFollowerState(121)) - c39ba312-e57f-4b8c-998e-32538a6d88da: shutdown FollowerState
2019-10-18 12:32:43,609 [Thread-1640] INFO  impl.FollowerState (FollowerState.java:run(117)) - 6af5dfc0-d4d0-48db-9aa9-c45e51549e54@group-A09C527D8C6F-FollowerState was interrupted: java.lang.InterruptedException: sleep interrupted
2019-10-18 12:32:43,609 [grpc-default-executor-1] INFO  impl.RoleInfo (RoleInfo.java:updateAndGet(143)) - 6af5dfc0-d4d0-48db-9aa9-c45e51549e54: start FollowerState
2019-10-18 12:32:43,609 [Thread-1639] INFO  impl.FollowerState (FollowerState.java:run(117)) - c39ba312-e57f-4b8c-998e-32538a6d88da@group-A09C527D8C6F-FollowerState was interrupted: java.lang.InterruptedException: sleep interrupted
2019-10-18 12:32:43,609 [grpc-default-executor-3] INFO  impl.RoleInfo (RoleInfo.java:updateAndGet(143)) - c39ba312-e57f-4b8c-998e-32538a6d88da: start FollowerState
2019-10-18 12:32:43,633 [67d877d9-ecd0-4b7d-838e-89aa2c4103c0@group-A09C527D8C6F-LeaderElection192] INFO  impl.LeaderElection (LeaderElection.java:logAndReturn(56)) - 67d877d9-ecd0-4b7d-838e-89aa2c4103c0@group-A09C527D8C6F-LeaderElection192: Election REJECTED; received 2 response(s) [67d877d9-ecd0-4b7d-838e-89aa2c4103c0<-c39ba312-e57f-4b8c-998e-32538a6d88da#0:FAIL-t233, 67d877d9-ecd0-4b7d-838e-89aa2c4103c0<-6af5dfc0-d4d0-48db-9aa9-c45e51549e54#0:FAIL-t233] and 0 exception(s); 67d877d9-ecd0-4b7d-838e-89aa2c4103c0@group-A09C527D8C6F:t233, leader=null, voted=67d877d9-ecd0-4b7d-838e-89aa2c4103c0, raftlog=67d877d9-ecd0-4b7d-838e-89aa2c4103c0@group-A09C527D8C6F-SegmentedRaftLog:OPENED:c-1,f-1,i0, conf=-1: [c39ba312-e57f-4b8c-998e-32538a6d88da:192.168.34.56:44039, 67d877d9-ecd0-4b7d-838e-89aa2c4103c0:192.168.34.56:33816, 6af5dfc0-d4d0-48db-9aa9-c45e51549e54:192.168.34.56:32981], old=null
2019-10-18 12:32:43,633 [67d877d9-ecd0-4b7d-838e-89aa2c4103c0@group-A09C527D8C6F-LeaderElection192] INFO  impl.RaftServerImpl (RaftServerImpl.java:setRole(184)) - 67d877d9-ecd0-4b7d-838e-89aa2c4103c0@group-A09C527D8C6F: changes role from CANDIDATE to FOLLOWER at term 233 for DISCOVERED_A_NEW_TERM
2019-10-18 12:32:43,633 [67d877d9-ecd0-4b7d-838e-89aa2c4103c0@group-A09C527D8C6F-LeaderElection192] INFO  impl.RoleInfo (RoleInfo.java:shutdownLeaderElection(134)) - 67d877d9-ecd0-4b7d-838e-89aa2c4103c0: shutdown LeaderElection
2019-10-18 12:32:43,633 [67d877d9-ecd0-4b7d-838e-89aa2c4103c0@group-A09C527D8C6F-LeaderElection192] INFO  impl.RoleInfo (RoleInfo.java:updateAndGet(143)) - 67d877d9-ecd0-4b7d-838e-89aa2c4103c0: start FollowerState
2019-10-18 12:32:43,821 [Thread-1647] INFO  impl.FollowerState (FollowerState.java:run(108)) - 67d877d9-ecd0-4b7d-838e-89aa2c4103c0@group-A09C527D8C6F-FollowerState: change to CANDIDATE, lastRpcTime:187ms, electionTimeout:187ms
2019-10-18 12:32:43,821 [Thread-1647] INFO  impl.RoleInfo (RoleInfo.java:shutdownFollowerState(121)) - 67d877d9-ecd0-4b7d-838e-89aa2c4103c0: shutdown FollowerState
2019-10-18 12:32:43,821 [Thread-1647] INFO  impl.RaftServerImpl (RaftServerImpl.java:setRole(184)) - 67d877d9-ecd0-4b7d-838e-89aa2c4103c0@group-A09C527D8C6F: changes role from  FOLLOWER to CANDIDATE at term 233 for changeToCandidate
2019-10-18 12:32:43,821 [Thread-1647] INFO  impl.RoleInfo (RoleInfo.java:updateAndGet(143)) - 67d877d9-ecd0-4b7d-838e-89aa2c4103c0: start LeaderElection
2019-10-18 12:32:43,845 [67d877d9-ecd0-4b7d-838e-89aa2c4103c0@group-A09C527D8C6F-LeaderElection193] INFO  impl.LeaderElection (LeaderElection.java:askForVotes(178)) - 67d877d9-ecd0-4b7d-838e-89aa2c4103c0@group-A09C527D8C6F-LeaderElection193: begin an election at term 234 for -1: [c39ba312-e57f-4b8c-998e-32538a6d88da:192.168.34.56:44039, 67d877d9-ecd0-4b7d-838e-89aa2c4103c0:192.168.34.56:33816, 6af5dfc0-d4d0-48db-9aa9-c45e51549e54:192.168.34.56:32981], old=null
2019-10-18 12:32:43,847 [grpc-default-executor-3] INFO  impl.RaftServerImpl (RaftServerImpl.java:setRole(184)) - c39ba312-e57f-4b8c-998e-32538a6d88da@group-A09C527D8C6F: changes role from  FOLLOWER to FOLLOWER at term 234 for recognizeCandidate:67d877d9-ecd0-4b7d-838e-89aa2c4103c0
2019-10-18 12:32:43,847 [grpc-default-executor-1] INFO  impl.RaftServerImpl (RaftServerImpl.java:setRole(184)) - 6af5dfc0-d4d0-48db-9aa9-c45e51549e54@group-A09C527D8C6F: changes role from  FOLLOWER to FOLLOWER at term 234 for recognizeCandidate:67d877d9-ecd0-4b7d-838e-89aa2c4103c0
2019-10-18 12:32:43,847 [grpc-default-executor-3] INFO  impl.RoleInfo (RoleInfo.java:shutdownFollowerState(121)) - c39ba312-e57f-4b8c-998e-32538a6d88da: shutdown FollowerState
2019-10-18 12:32:43,848 [grpc-default-executor-1] INFO  impl.RoleInfo (RoleInfo.java:shutdownFollowerState(121)) - 6af5dfc0-d4d0-48db-9aa9-c45e51549e54: shutdown FollowerState
2019-10-18 12:32:43,848 [Thread-1646] INFO  impl.FollowerState (FollowerState.java:run(117)) - c39ba312-e57f-4b8c-998e-32538a6d88da@group-A09C527D8C6F-FollowerState was interrupted: java.lang.InterruptedException: sleep interrupted
2019-10-18 12:32:43,848 [grpc-default-executor-3] INFO  impl.RoleInfo (RoleInfo.java:updateAndGet(143)) - c39ba312-e57f-4b8c-998e-32538a6d88da: start FollowerState
2019-10-18 12:32:43,848 [Thread-1645] INFO  impl.FollowerState (FollowerState.java:run(117)) - 6af5dfc0-d4d0-48db-9aa9-c45e51549e54@group-A09C527D8C6F-FollowerState was interrupted: java.lang.InterruptedException: sleep interrupted
2019-10-18 12:32:43,848 [grpc-default-executor-1] INFO  impl.RoleInfo (RoleInfo.java:updateAndGet(143)) - 6af5dfc0-d4d0-48db-9aa9-c45e51549e54: start FollowerState
2019-10-18 12:32:43,883 [67d877d9-ecd0-4b7d-838e-89aa2c4103c0@group-A09C527D8C6F-LeaderElection193] INFO  impl.LeaderElection (LeaderElection.java:logAndReturn(56)) - 67d877d9-ecd0-4b7d-838e-89aa2c4103c0@group-A09C527D8C6F-LeaderElection193: Election REJECTED; received 2 response(s) [67d877d9-ecd0-4b7d-838e-89aa2c4103c0<-c39ba312-e57f-4b8c-998e-32538a6d88da#0:FAIL-t234, 67d877d9-ecd0-4b7d-838e-89aa2c4103c0<-6af5dfc0-d4d0-48db-9aa9-c45e51549e54#0:FAIL-t234] and 0 exception(s); 67d877d9-ecd0-4b7d-838e-89aa2c4103c0@group-A09C527D8C6F:t234, leader=null, voted=67d877d9-ecd0-4b7d-838e-89aa2c4103c0, raftlog=67d877d9-ecd0-4b7d-838e-89aa2c4103c0@group-A09C527D8C6F-SegmentedRaftLog:OPENED:c-1,f-1,i0, conf=-1: [c39ba312-e57f-4b8c-998e-32538a6d88da:192.168.34.56:44039, 67d877d9-ecd0-4b7d-838e-89aa2c4103c0:192.168.34.56:33816, 6af5dfc0-d4d0-48db-9aa9-c45e51549e54:192.168.34.56:32981], old=null
2019-10-18 12:32:43,883 [67d877d9-ecd0-4b7d-838e-89aa2c4103c0@group-A09C527D8C6F-LeaderElection193] INFO  impl.RaftServerImpl (RaftServerImpl.java:setRole(184)) - 67d877d9-ecd0-4b7d-838e-89aa2c4103c0@group-A09C527D8C6F: changes role from CANDIDATE to FOLLOWER at term 234 for DISCOVERED_A_NEW_TERM
2019-10-18 12:32:43,883 [67d877d9-ecd0-4b7d-838e-89aa2c4103c0@group-A09C527D8C6F-LeaderElection193] INFO  impl.RoleInfo (RoleInfo.java:shutdownLeaderElection(134)) - 67d877d9-ecd0-4b7d-838e-89aa2c4103c0: shutdown LeaderElection
2019-10-18 12:32:43,883 [67d877d9-ecd0-4b7d-838e-89aa2c4103c0@group-A09C527D8C6F-LeaderElection193] INFO  impl.RoleInfo (RoleInfo.java:updateAndGet(143)) - 67d877d9-ecd0-4b7d-838e-89aa2c4103c0: start FollowerState
2019-10-18 12:32:44,041 [Thread-1653] INFO  impl.FollowerState (FollowerState.java:run(108)) - 67d877d9-ecd0-4b7d-838e-89aa2c4103c0@group-A09C527D8C6F-FollowerState: change to CANDIDATE, lastRpcTime:157ms, electionTimeout:157ms
2019-10-18 12:32:44,041 [Thread-1653] INFO  impl.RoleInfo (RoleInfo.java:shutdownFollowerState(121)) - 67d877d9-ecd0-4b7d-838e-89aa2c4103c0: shutdown FollowerState
2019-10-18 12:32:44,041 [Thread-1653] INFO  impl.RaftServerImpl (RaftServerImpl.java:setRole(184)) - 67d877d9-ecd0-4b7d-838e-89aa2c4103c0@group-A09C527D8C6F: changes role from  FOLLOWER to CANDIDATE at term 234 for changeToCandidate
2019-10-18 12:32:44,042 [Thread-1653] INFO  impl.RoleInfo (RoleInfo.java:updateAndGet(143)) - 67d877d9-ecd0-4b7d-838e-89aa2c4103c0: start LeaderElection
2019-10-18 12:32:44,066 [67d877d9-ecd0-4b7d-838e-89aa2c4103c0@group-A09C527D8C6F-LeaderElection194] INFO  impl.LeaderElection (LeaderElection.java:askForVotes(178)) - 67d877d9-ecd0-4b7d-838e-89aa2c4103c0@group-A09C527D8C6F-LeaderElection194: begin an election at term 235 for -1: [c39ba312-e57f-4b8c-998e-32538a6d88da:192.168.34.56:44039, 67d877d9-ecd0-4b7d-838e-89aa2c4103c0:192.168.34.56:33816, 6af5dfc0-d4d0-48db-9aa9-c45e51549e54:192.168.34.56:32981], old=null
2019-10-18 12:32:44,068 [grpc-default-executor-3] INFO  impl.RaftServerImpl (RaftServerImpl.java:setRole(184)) - 6af5dfc0-d4d0-48db-9aa9-c45e51549e54@group-A09C527D8C6F: changes role from  FOLLOWER to FOLLOWER at term 235 for recognizeCandidate:67d877d9-ecd0-4b7d-838e-89aa2c4103c0
2019-10-18 12:32:44,068 [grpc-default-executor-1] INFO  impl.RaftServerImpl (RaftServerImpl.java:setRole(184)) - c39ba312-e57f-4b8c-998e-32538a6d88da@group-A09C527D8C6F: changes role from  FOLLOWER to FOLLOWER at term 235 for recognizeCandidate:67d877d9-ecd0-4b7d-838e-89aa2c4103c0
2019-10-18 12:32:44,068 [grpc-default-executor-3] INFO  impl.RoleInfo (RoleInfo.java:shutdownFollowerState(121)) - 6af5dfc0-d4d0-48db-9aa9-c45e51549e54: shutdown FollowerState
2019-10-18 12:32:44,068 [grpc-default-executor-1] INFO  impl.RoleInfo (RoleInfo.java:shutdownFollowerState(121)) - c39ba312-e57f-4b8c-998e-32538a6d88da: shutdown FollowerState
2019-10-18 12:32:44,069 [Thread-1652] INFO  impl.FollowerState (FollowerState.java:run(117)) - 6af5dfc0-d4d0-48db-9aa9-c45e51549e54@group-A09C527D8C6F-FollowerState was interrupted: java.lang.InterruptedException: sleep interrupted
2019-10-18 12:32:44,069 [grpc-default-executor-3] INFO  impl.RoleInfo (RoleInfo.java:updateAndGet(143)) - 6af5dfc0-d4d0-48db-9aa9-c45e51549e54: start FollowerState
2019-10-18 12:32:44,069 [grpc-default-executor-1] INFO  impl.RoleInfo (RoleInfo.java:updateAndGet(143)) - c39ba312-e57f-4b8c-998e-32538a6d88da: start FollowerState
2019-10-18 12:32:44,069 [Thread-1651] INFO  impl.FollowerState (FollowerState.java:run(117)) - c39ba312-e57f-4b8c-998e-32538a6d88da@group-A09C527D8C6F-FollowerState was interrupted: java.lang.InterruptedException: sleep interrupted
2019-10-18 12:32:44,100 [67d877d9-ecd0-4b7d-838e-89aa2c4103c0@group-A09C527D8C6F-LeaderElection194] INFO  impl.LeaderElection (LeaderElection.java:logAndReturn(56)) - 67d877d9-ecd0-4b7d-838e-89aa2c4103c0@group-A09C527D8C6F-LeaderElection194: Election REJECTED; received 2 response(s) [67d877d9-ecd0-4b7d-838e-89aa2c4103c0<-c39ba312-e57f-4b8c-998e-32538a6d88da#0:FAIL-t235, 67d877d9-ecd0-4b7d-838e-89aa2c4103c0<-6af5dfc0-d4d0-48db-9aa9-c45e51549e54#0:FAIL-t235] and 0 exception(s); 67d877d9-ecd0-4b7d-838e-89aa2c4103c0@group-A09C527D8C6F:t235, leader=null, voted=67d877d9-ecd0-4b7d-838e-89aa2c4103c0, raftlog=67d877d9-ecd0-4b7d-838e-89aa2c4103c0@group-A09C527D8C6F-SegmentedRaftLog:OPENED:c-1,f-1,i0, conf=-1: [c39ba312-e57f-4b8c-998e-32538a6d88da:192.168.34.56:44039, 67d877d9-ecd0-4b7d-838e-89aa2c4103c0:192.168.34.56:33816, 6af5dfc0-d4d0-48db-9aa9-c45e51549e54:192.168.34.56:32981], old=null
2019-10-18 12:32:44,101 [67d877d9-ecd0-4b7d-838e-89aa2c4103c0@group-A09C527D8C6F-LeaderElection194] INFO  impl.RaftServerImpl (RaftServerImpl.java:setRole(184)) - 67d877d9-ecd0-4b7d-838e-89aa2c4103c0@group-A09C527D8C6F: changes role from CANDIDATE to FOLLOWER at term 235 for DISCOVERED_A_NEW_TERM
2019-10-18 12:32:44,101 [67d877d9-ecd0-4b7d-838e-89aa2c4103c0@group-A09C527D8C6F-LeaderElection194] INFO  impl.RoleInfo (RoleInfo.java:shutdownLeaderElection(134)) - 67d877d9-ecd0-4b7d-838e-89aa2c4103c0: shutdown LeaderElection
2019-10-18 12:32:44,101 [67d877d9-ecd0-4b7d-838e-89aa2c4103c0@group-A09C527D8C6F-LeaderElection194] INFO  impl.RoleInfo (RoleInfo.java:updateAndGet(143)) - 67d877d9-ecd0-4b7d-838e-89aa2c4103c0: start FollowerState
2019-10-18 12:32:44,211 [Thread-1661] INFO  impl.FollowerState (FollowerState.java:run(108)) - 67d877d9-ecd0-4b7d-838e-89aa2c4103c0@group-A09C527D8C6F-FollowerState: change to CANDIDATE, lastRpcTime:109ms, electionTimeout:109ms
2019-10-18 12:32:44,211 [Thread-1661] INFO  impl.RoleInfo (RoleInfo.java:shutdownFollowerState(121)) - 67d877d9-ecd0-4b7d-838e-89aa2c4103c0: shutdown FollowerState
2019-10-18 12:32:44,211 [Thread-1661] INFO  impl.RaftServerImpl (RaftServerImpl.java:setRole(184)) - 67d877d9-ecd0-4b7d-838e-89aa2c4103c0@group-A09C527D8C6F: changes role from  FOLLOWER to CANDIDATE at term 235 for changeToCandidate
2019-10-18 12:32:44,211 [Thread-1661] INFO  impl.RoleInfo (RoleInfo.java:updateAndGet(143)) - 67d877d9-ecd0-4b7d-838e-89aa2c4103c0: start LeaderElection
2019-10-18 12:32:44,242 [67d877d9-ecd0-4b7d-838e-89aa2c4103c0@group-A09C527D8C6F-LeaderElection195] INFO  impl.LeaderElection (LeaderElection.java:askForVotes(178)) - 67d877d9-ecd0-4b7d-838e-89aa2c4103c0@group-A09C527D8C6F-LeaderElection195: begin an election at term 236 for -1: [c39ba312-e57f-4b8c-998e-32538a6d88da:192.168.34.56:44039, 67d877d9-ecd0-4b7d-838e-89aa2c4103c0:192.168.34.56:33816, 6af5dfc0-d4d0-48db-9aa9-c45e51549e54:192.168.34.56:32981], old=null
2019-10-18 12:32:44,244 [grpc-default-executor-1] INFO  impl.RaftServerImpl (RaftServerImpl.java:setRole(184)) - c39ba312-e57f-4b8c-998e-32538a6d88da@group-A09C527D8C6F: changes role from  FOLLOWER to FOLLOWER at term 236 for recognizeCandidate:67d877d9-ecd0-4b7d-838e-89aa2c4103c0
2019-10-18 12:32:44,244 [grpc-default-executor-3] INFO  impl.RaftServerImpl (RaftServerImpl.java:setRole(184)) - 6af5dfc0-d4d0-48db-9aa9-c45e51549e54@group-A09C527D8C6F: changes role from  FOLLOWER to FOLLOWER at term 236 for recognizeCandidate:67d877d9-ecd0-4b7d-838e-89aa2c4103c0
2019-10-18 12:32:44,244 [grpc-default-executor-1] INFO  impl.RoleInfo (RoleInfo.java:shutdownFollowerState(121)) - c39ba312-e57f-4b8c-998e-32538a6d88da: shutdown FollowerState
2019-10-18 12:32:44,244 [grpc-default-executor-3] INFO  impl.RoleInfo (RoleInfo.java:shutdownFollowerState(121)) - 6af5dfc0-d4d0-48db-9aa9-c45e51549e54: shutdown FollowerState
2019-10-18 12:32:44,244 [Thread-1660] INFO  impl.FollowerState (FollowerState.java:run(117)) - c39ba312-e57f-4b8c-998e-32538a6d88da@group-A09C527D8C6F-FollowerState was interrupted: java.lang.InterruptedException: sleep interrupted
2019-10-18 12:32:44,244 [Thread-1659] INFO  impl.FollowerState (FollowerState.java:run(117)) - 6af5dfc0-d4d0-48db-9aa9-c45e51549e54@group-A09C527D8C6F-FollowerState was interrupted: java.lang.InterruptedException: sleep interrupted
2019-10-18 12:32:44,244 [grpc-default-executor-1] INFO  impl.RoleInfo (RoleInfo.java:updateAndGet(143)) - c39ba312-e57f-4b8c-998e-32538a6d88da: start FollowerState
2019-10-18 12:32:44,244 [grpc-default-executor-3] INFO  impl.RoleInfo (RoleInfo.java:updateAndGet(143)) - 6af5dfc0-d4d0-48db-9aa9-c45e51549e54: start FollowerState
2019-10-18 12:32:44,268 [67d877d9-ecd0-4b7d-838e-89aa2c4103c0@group-A09C527D8C6F-LeaderElection195] INFO  impl.LeaderElection (LeaderElection.java:logAndReturn(56)) - 67d877d9-ecd0-4b7d-838e-89aa2c4103c0@group-A09C527D8C6F-LeaderElection195: Election REJECTED; received 2 response(s) [67d877d9-ecd0-4b7d-838e-89aa2c4103c0<-c39ba312-e57f-4b8c-998e-32538a6d88da#0:FAIL-t236, 67d877d9-ecd0-4b7d-838e-89aa2c4103c0<-6af5dfc0-d4d0-48db-9aa9-c45e51549e54#0:FAIL-t236] and 0 exception(s); 67d877d9-ecd0-4b7d-838e-89aa2c4103c0@group-A09C527D8C6F:t236, leader=null, voted=67d877d9-ecd0-4b7d-838e-89aa2c4103c0, raftlog=67d877d9-ecd0-4b7d-838e-89aa2c4103c0@group-A09C527D8C6F-SegmentedRaftLog:OPENED:c-1,f-1,i0, conf=-1: [c39ba312-e57f-4b8c-998e-32538a6d88da:192.168.34.56:44039, 67d877d9-ecd0-4b7d-838e-89aa2c4103c0:192.168.34.56:33816, 6af5dfc0-d4d0-48db-9aa9-c45e51549e54:192.168.34.56:32981], old=null
2019-10-18 12:32:44,268 [67d877d9-ecd0-4b7d-838e-89aa2c4103c0@group-A09C527D8C6F-LeaderElection195] INFO  impl.RaftServerImpl (RaftServerImpl.java:setRole(184)) - 67d877d9-ecd0-4b7d-838e-89aa2c4103c0@group-A09C527D8C6F: changes role from CANDIDATE to FOLLOWER at term 236 for DISCOVERED_A_NEW_TERM
2019-10-18 12:32:44,268 [67d877d9-ecd0-4b7d-838e-89aa2c4103c0@group-A09C527D8C6F-LeaderElection195] INFO  impl.RoleInfo (RoleInfo.java:shutdownLeaderElection(134)) - 67d877d9-ecd0-4b7d-838e-89aa2c4103c0: shutdown LeaderElection
2019-10-18 12:32:44,268 [67d877d9-ecd0-4b7d-838e-89aa2c4103c0@group-A09C527D8C6F-LeaderElection195] INFO  impl.RoleInfo (RoleInfo.java:updateAndGet(143)) - 67d877d9-ecd0-4b7d-838e-89aa2c4103c0: start FollowerState
2019-10-18 12:32:44,326 [Thread-1667] INFO  impl.FollowerState (FollowerState.java:run(108)) - 67d877d9-ecd0-4b7d-838e-89aa2c4103c0@group-A09C527D8C6F-FollowerState: change to CANDIDATE, lastRpcTime:57ms, electionTimeout:57ms
2019-10-18 12:32:44,326 [Thread-1667] INFO  impl.RoleInfo (RoleInfo.java:shutdownFollowerState(121)) - 67d877d9-ecd0-4b7d-838e-89aa2c4103c0: shutdown FollowerState
2019-10-18 12:32:44,326 [Thread-1667] INFO  impl.RaftServerImpl (RaftServerImpl.java:setRole(184)) - 67d877d9-ecd0-4b7d-838e-89aa2c4103c0@group-A09C527D8C6F: changes role from  FOLLOWER to CANDIDATE at term 236 for changeToCandidate
2019-10-18 12:32:44,326 [Thread-1667] INFO  impl.RoleInfo (RoleInfo.java:updateAndGet(143)) - 67d877d9-ecd0-4b7d-838e-89aa2c4103c0: start LeaderElection
2019-10-18 12:32:44,351 [67d877d9-ecd0-4b7d-838e-89aa2c4103c0@group-A09C527D8C6F-LeaderElection196] INFO  impl.LeaderElection (LeaderElection.java:askForVotes(178)) - 67d877d9-ecd0-4b7d-838e-89aa2c4103c0@group-A09C527D8C6F-LeaderElection196: begin an election at term 237 for -1: [c39ba312-e57f-4b8c-998e-32538a6d88da:192.168.34.56:44039, 67d877d9-ecd0-4b7d-838e-89aa2c4103c0:192.168.34.56:33816, 6af5dfc0-d4d0-48db-9aa9-c45e51549e54:192.168.34.56:32981], old=null
2019-10-18 12:32:44,353 [grpc-default-executor-3] INFO  impl.RaftServerImpl (RaftServerImpl.java:setRole(184)) - 6af5dfc0-d4d0-48db-9aa9-c45e51549e54@group-A09C527D8C6F: changes role from  FOLLOWER to FOLLOWER at term 237 for recognizeCandidate:67d877d9-ecd0-4b7d-838e-89aa2c4103c0
2019-10-18 12:32:44,353 [grpc-default-executor-1] INFO  impl.RaftServerImpl (RaftServerImpl.java:setRole(184)) - c39ba312-e57f-4b8c-998e-32538a6d88da@group-A09C527D8C6F: changes role from  FOLLOWER to FOLLOWER at term 237 for recognizeCandidate:67d877d9-ecd0-4b7d-838e-89aa2c4103c0
2019-10-18 12:32:44,354 [grpc-default-executor-3] INFO  impl.RoleInfo (RoleInfo.java:shutdownFollowerState(121)) - 6af5dfc0-d4d0-48db-9aa9-c45e51549e54: shutdown FollowerState
2019-10-18 12:32:44,354 [grpc-default-executor-1] INFO  impl.RoleInfo (RoleInfo.java:shutdownFollowerState(121)) - c39ba312-e57f-4b8c-998e-32538a6d88da: shutdown FollowerState
2019-10-18 12:32:44,354 [Thread-1666] INFO  impl.FollowerState (FollowerState.java:run(117)) - 6af5dfc0-d4d0-48db-9aa9-c45e51549e54@group-A09C527D8C6F-FollowerState was interrupted: java.lang.InterruptedException: sleep interrupted
2019-10-18 12:32:44,354 [grpc-default-executor-3] INFO  impl.RoleInfo (RoleInfo.java:updateAndGet(143)) - 6af5dfc0-d4d0-48db-9aa9-c45e51549e54: start FollowerState
2019-10-18 12:32:44,354 [Thread-1665] INFO  impl.FollowerState (FollowerState.java:run(117)) - c39ba312-e57f-4b8c-998e-32538a6d88da@group-A09C527D8C6F-FollowerState was interrupted: java.lang.InterruptedException: sleep interrupted
2019-10-18 12:32:44,354 [grpc-default-executor-1] INFO  impl.RoleInfo (RoleInfo.java:updateAndGet(143)) - c39ba312-e57f-4b8c-998e-32538a6d88da: start FollowerState
2019-10-18 12:32:44,377 [67d877d9-ecd0-4b7d-838e-89aa2c4103c0@group-A09C527D8C6F-LeaderElection196] INFO  impl.LeaderElection (LeaderElection.java:logAndReturn(56)) - 67d877d9-ecd0-4b7d-838e-89aa2c4103c0@group-A09C527D8C6F-LeaderElection196: Election REJECTED; received 2 response(s) [67d877d9-ecd0-4b7d-838e-89aa2c4103c0<-c39ba312-e57f-4b8c-998e-32538a6d88da#0:FAIL-t237, 67d877d9-ecd0-4b7d-838e-89aa2c4103c0<-6af5dfc0-d4d0-48db-9aa9-c45e51549e54#0:FAIL-t237] and 0 exception(s); 67d877d9-ecd0-4b7d-838e-89aa2c4103c0@group-A09C527D8C6F:t237, leader=null, voted=67d877d9-ecd0-4b7d-838e-89aa2c4103c0, raftlog=67d877d9-ecd0-4b7d-838e-89aa2c4103c0@group-A09C527D8C6F-SegmentedRaftLog:OPENED:c-1,f-1,i0, conf=-1: [c39ba312-e57f-4b8c-998e-32538a6d88da:192.168.34.56:44039, 67d877d9-ecd0-4b7d-838e-89aa2c4103c0:192.168.34.56:33816, 6af5dfc0-d4d0-48db-9aa9-c45e51549e54:192.168.34.56:32981], old=null
2019-10-18 12:32:44,378 [67d877d9-ecd0-4b7d-838e-89aa2c4103c0@group-A09C527D8C6F-LeaderElection196] INFO  impl.RaftServerImpl (RaftServerImpl.java:setRole(184)) - 67d877d9-ecd0-4b7d-838e-89aa2c4103c0@group-A09C527D8C6F: changes role from CANDIDATE to FOLLOWER at term 237 for DISCOVERED_A_NEW_TERM
2019-10-18 12:32:44,378 [67d877d9-ecd0-4b7d-838e-89aa2c4103c0@group-A09C527D8C6F-LeaderElection196] INFO  impl.RoleInfo (RoleInfo.java:shutdownLeaderElection(134)) - 67d877d9-ecd0-4b7d-838e-89aa2c4103c0: shutdown LeaderElection
2019-10-18 12:32:44,378 [67d877d9-ecd0-4b7d-838e-89aa2c4103c0@group-A09C527D8C6F-LeaderElection196] INFO  impl.RoleInfo (RoleInfo.java:updateAndGet(143)) - 67d877d9-ecd0-4b7d-838e-89aa2c4103c0: start FollowerState
2019-10-18 12:32:44,533 [Thread-1673] INFO  impl.FollowerState (FollowerState.java:run(108)) - 67d877d9-ecd0-4b7d-838e-89aa2c4103c0@group-A09C527D8C6F-FollowerState: change to CANDIDATE, lastRpcTime:155ms, electionTimeout:155ms
2019-10-18 12:32:44,534 [Thread-1673] INFO  impl.RoleInfo (RoleInfo.java:shutdownFollowerState(121)) - 67d877d9-ecd0-4b7d-838e-89aa2c4103c0: shutdown FollowerState
2019-10-18 12:32:44,534 [Thread-1673] INFO  impl.RaftServerImpl (RaftServerImpl.java:setRole(184)) - 67d877d9-ecd0-4b7d-838e-89aa2c4103c0@group-A09C527D8C6F: changes role from  FOLLOWER to CANDIDATE at term 237 for changeToCandidate
2019-10-18 12:32:44,534 [Thread-1673] INFO  impl.RoleInfo (RoleInfo.java:updateAndGet(143)) - 67d877d9-ecd0-4b7d-838e-89aa2c4103c0: start LeaderElection
2019-10-18 12:32:44,569 [67d877d9-ecd0-4b7d-838e-89aa2c4103c0@group-A09C527D8C6F-LeaderElection197] INFO  impl.LeaderElection (LeaderElection.java:askForVotes(178)) - 67d877d9-ecd0-4b7d-838e-89aa2c4103c0@group-A09C527D8C6F-LeaderElection197: begin an election at term 238 for -1: [c39ba312-e57f-4b8c-998e-32538a6d88da:192.168.34.56:44039, 67d877d9-ecd0-4b7d-838e-89aa2c4103c0:192.168.34.56:33816, 6af5dfc0-d4d0-48db-9aa9-c45e51549e54:192.168.34.56:32981], old=null
2019-10-18 12:32:44,571 [grpc-default-executor-3] INFO  impl.RaftServerImpl (RaftServerImpl.java:setRole(184)) - 6af5dfc0-d4d0-48db-9aa9-c45e51549e54@group-A09C527D8C6F: changes role from  FOLLOWER to FOLLOWER at term 238 for recognizeCandidate:67d877d9-ecd0-4b7d-838e-89aa2c4103c0
2019-10-18 12:32:44,571 [grpc-default-executor-1] INFO  impl.RaftServerImpl (RaftServerImpl.java:setRole(184)) - c39ba312-e57f-4b8c-998e-32538a6d88da@group-A09C527D8C6F: changes role from  FOLLOWER to FOLLOWER at term 238 for recognizeCandidate:67d877d9-ecd0-4b7d-838e-89aa2c4103c0
2019-10-18 12:32:44,571 [grpc-default-executor-3] INFO  impl.RoleInfo (RoleInfo.java:shutdownFollowerState(121)) - 6af5dfc0-d4d0-48db-9aa9-c45e51549e54: shutdown FollowerState
2019-10-18 12:32:44,572 [grpc-default-executor-1] INFO  impl.RoleInfo (RoleInfo.java:shutdownFollowerState(121)) - c39ba312-e57f-4b8c-998e-32538a6d88da: shutdown FollowerState
2019-10-18 12:32:44,572 [Thread-1671] INFO  impl.FollowerState (FollowerState.java:run(117)) - 6af5dfc0-d4d0-48db-9aa9-c45e51549e54@group-A09C527D8C6F-FollowerState was interrupted: java.lang.InterruptedException: sleep interrupted
2019-10-18 12:32:44,572 [grpc-default-executor-3] INFO  impl.RoleInfo (RoleInfo.java:updateAndGet(143)) - 6af5dfc0-d4d0-48db-9aa9-c45e51549e54: start FollowerState
2019-10-18 12:32:44,572 [Thread-1672] INFO  impl.FollowerState (FollowerState.java:run(117)) - c39ba312-e57f-4b8c-998e-32538a6d88da@group-A09C527D8C6F-FollowerState was interrupted: java.lang.InterruptedException: sleep interrupted
2019-10-18 12:32:44,572 [grpc-default-executor-1] INFO  impl.RoleInfo (RoleInfo.java:updateAndGet(143)) - c39ba312-e57f-4b8c-998e-32538a6d88da: start FollowerState
2019-10-18 12:32:44,595 [67d877d9-ecd0-4b7d-838e-89aa2c4103c0@group-A09C527D8C6F-LeaderElection197] INFO  impl.LeaderElection (LeaderElection.java:logAndReturn(56)) - 67d877d9-ecd0-4b7d-838e-89aa2c4103c0@group-A09C527D8C6F-LeaderElection197: Election REJECTED; received 2 response(s) [67d877d9-ecd0-4b7d-838e-89aa2c4103c0<-c39ba312-e57f-4b8c-998e-32538a6d88da#0:FAIL-t238, 67d877d9-ecd0-4b7d-838e-89aa2c4103c0<-6af5dfc0-d4d0-48db-9aa9-c45e51549e54#0:FAIL-t238] and 0 exception(s); 67d877d9-ecd0-4b7d-838e-89aa2c4103c0@group-A09C527D8C6F:t238, leader=null, voted=67d877d9-ecd0-4b7d-838e-89aa2c4103c0, raftlog=67d877d9-ecd0-4b7d-838e-89aa2c4103c0@group-A09C527D8C6F-SegmentedRaftLog:OPENED:c-1,f-1,i0, conf=-1: [c39ba312-e57f-4b8c-998e-32538a6d88da:192.168.34.56:44039, 67d877d9-ecd0-4b7d-838e-89aa2c4103c0:192.168.34.56:33816, 6af5dfc0-d4d0-48db-9aa9-c45e51549e54:192.168.34.56:32981], old=null
2019-10-18 12:32:44,596 [67d877d9-ecd0-4b7d-838e-89aa2c4103c0@group-A09C527D8C6F-LeaderElection197] INFO  impl.RaftServerImpl (RaftServerImpl.java:setRole(184)) - 67d877d9-ecd0-4b7d-838e-89aa2c4103c0@group-A09C527D8C6F: changes role from CANDIDATE to FOLLOWER at term 238 for DISCOVERED_A_NEW_TERM
2019-10-18 12:32:44,596 [67d877d9-ecd0-4b7d-838e-89aa2c4103c0@group-A09C527D8C6F-LeaderElection197] INFO  impl.RoleInfo (RoleInfo.java:shutdownLeaderElection(134)) - 67d877d9-ecd0-4b7d-838e-89aa2c4103c0: shutdown LeaderElection
2019-10-18 12:32:44,596 [67d877d9-ecd0-4b7d-838e-89aa2c4103c0@group-A09C527D8C6F-LeaderElection197] INFO  impl.RoleInfo (RoleInfo.java:updateAndGet(143)) - 67d877d9-ecd0-4b7d-838e-89aa2c4103c0: start FollowerState
2019-10-18 12:32:44,707 [Thread-1679] INFO  impl.FollowerState (FollowerState.java:run(108)) - 67d877d9-ecd0-4b7d-838e-89aa2c4103c0@group-A09C527D8C6F-FollowerState: change to CANDIDATE, lastRpcTime:111ms, electionTimeout:111ms
2019-10-18 12:32:44,708 [Thread-1679] INFO  impl.RoleInfo (RoleInfo.java:shutdownFollowerState(121)) - 67d877d9-ecd0-4b7d-838e-89aa2c4103c0: shutdown FollowerState
2019-10-18 12:32:44,708 [Thread-1679] INFO  impl.RaftServerImpl (RaftServerImpl.java:setRole(184)) - 67d877d9-ecd0-4b7d-838e-89aa2c4103c0@group-A09C527D8C6F: changes role from  FOLLOWER to CANDIDATE at term 238 for changeToCandidate
2019-10-18 12:32:44,708 [Thread-1679] INFO  impl.RoleInfo (RoleInfo.java:updateAndGet(143)) - 67d877d9-ecd0-4b7d-838e-89aa2c4103c0: start LeaderElection
2019-10-18 12:32:44,730 [67d877d9-ecd0-4b7d-838e-89aa2c4103c0@group-A09C527D8C6F-LeaderElection198] INFO  impl.LeaderElection (LeaderElection.java:askForVotes(178)) - 67d877d9-ecd0-4b7d-838e-89aa2c4103c0@group-A09C527D8C6F-LeaderElection198: begin an election at term 239 for -1: [c39ba312-e57f-4b8c-998e-32538a6d88da:192.168.34.56:44039, 67d877d9-ecd0-4b7d-838e-89aa2c4103c0:192.168.34.56:33816, 6af5dfc0-d4d0-48db-9aa9-c45e51549e54:192.168.34.56:32981], old=null
2019-10-18 12:32:44,733 [grpc-default-executor-3] INFO  impl.RaftServerImpl (RaftServerImpl.java:setRole(184)) - 6af5dfc0-d4d0-48db-9aa9-c45e51549e54@group-A09C527D8C6F: changes role from  FOLLOWER to FOLLOWER at term 239 for recognizeCandidate:67d877d9-ecd0-4b7d-838e-89aa2c4103c0
2019-10-18 12:32:44,733 [grpc-default-executor-1] INFO  impl.RaftServerImpl (RaftServerImpl.java:setRole(184)) - c39ba312-e57f-4b8c-998e-32538a6d88da@group-A09C527D8C6F: changes role from  FOLLOWER to FOLLOWER at term 239 for recognizeCandidate:67d877d9-ecd0-4b7d-838e-89aa2c4103c0
2019-10-18 12:32:44,733 [grpc-default-executor-3] INFO  impl.RoleInfo (RoleInfo.java:shutdownFollowerState(121)) - 6af5dfc0-d4d0-48db-9aa9-c45e51549e54: shutdown FollowerState
2019-10-18 12:32:44,733 [grpc-default-executor-1] INFO  impl.RoleInfo (RoleInfo.java:shutdownFollowerState(121)) - c39ba312-e57f-4b8c-998e-32538a6d88da: shutdown FollowerState
2019-10-18 12:32:44,733 [Thread-1677] INFO  impl.FollowerState (FollowerState.java:run(117)) - 6af5dfc0-d4d0-48db-9aa9-c45e51549e54@group-A09C527D8C6F-FollowerState was interrupted: java.lang.InterruptedException: sleep interrupted
2019-10-18 12:32:44,733 [grpc-default-executor-3] INFO  impl.RoleInfo (RoleInfo.java:updateAndGet(143)) - 6af5dfc0-d4d0-48db-9aa9-c45e51549e54: start FollowerState
2019-10-18 12:32:44,733 [Thread-1678] INFO  impl.FollowerState (FollowerState.java:run(117)) - c39ba312-e57f-4b8c-998e-32538a6d88da@group-A09C527D8C6F-FollowerState was interrupted: java.lang.InterruptedException: sleep interrupted
2019-10-18 12:32:44,733 [grpc-default-executor-1] INFO  impl.RoleInfo (RoleInfo.java:updateAndGet(143)) - c39ba312-e57f-4b8c-998e-32538a6d88da: start FollowerState
2019-10-18 12:32:44,758 [67d877d9-ecd0-4b7d-838e-89aa2c4103c0@group-A09C527D8C6F-LeaderElection198] INFO  impl.LeaderElection (LeaderElection.java:logAndReturn(56)) - 67d877d9-ecd0-4b7d-838e-89aa2c4103c0@group-A09C527D8C6F-LeaderElection198: Election REJECTED; received 2 response(s) [67d877d9-ecd0-4b7d-838e-89aa2c4103c0<-c39ba312-e57f-4b8c-998e-32538a6d88da#0:FAIL-t239, 67d877d9-ecd0-4b7d-838e-89aa2c4103c0<-6af5dfc0-d4d0-48db-9aa9-c45e51549e54#0:FAIL-t239] and 0 exception(s); 67d877d9-ecd0-4b7d-838e-89aa2c4103c0@group-A09C527D8C6F:t239, leader=null, voted=67d877d9-ecd0-4b7d-838e-89aa2c4103c0, raftlog=67d877d9-ecd0-4b7d-838e-89aa2c4103c0@group-A09C527D8C6F-SegmentedRaftLog:OPENED:c-1,f-1,i0, conf=-1: [c39ba312-e57f-4b8c-998e-32538a6d88da:192.168.34.56:44039, 67d877d9-ecd0-4b7d-838e-89aa2c4103c0:192.168.34.56:33816, 6af5dfc0-d4d0-48db-9aa9-c45e51549e54:192.168.34.56:32981], old=null
2019-10-18 12:32:44,758 [67d877d9-ecd0-4b7d-838e-89aa2c4103c0@group-A09C527D8C6F-LeaderElection198] INFO  impl.RaftServerImpl (RaftServerImpl.java:setRole(184)) - 67d877d9-ecd0-4b7d-838e-89aa2c4103c0@group-A09C527D8C6F: changes role from CANDIDATE to FOLLOWER at term 239 for DISCOVERED_A_NEW_TERM
2019-10-18 12:32:44,758 [67d877d9-ecd0-4b7d-838e-89aa2c4103c0@group-A09C527D8C6F-LeaderElection198] INFO  impl.RoleInfo (RoleInfo.java:shutdownLeaderElection(134)) - 67d877d9-ecd0-4b7d-838e-89aa2c4103c0: shutdown LeaderElection
2019-10-18 12:32:44,758 [67d877d9-ecd0-4b7d-838e-89aa2c4103c0@group-A09C527D8C6F-LeaderElection198] INFO  impl.RoleInfo (RoleInfo.java:updateAndGet(143)) - 67d877d9-ecd0-4b7d-838e-89aa2c4103c0: start FollowerState
2019-10-18 12:32:44,832 [Thread-1685] INFO  impl.FollowerState (FollowerState.java:run(108)) - 67d877d9-ecd0-4b7d-838e-89aa2c4103c0@group-A09C527D8C6F-FollowerState: change to CANDIDATE, lastRpcTime:73ms, electionTimeout:73ms
2019-10-18 12:32:44,832 [Thread-1685] INFO  impl.RoleInfo (RoleInfo.java:shutdownFollowerState(121)) - 67d877d9-ecd0-4b7d-838e-89aa2c4103c0: shutdown FollowerState
2019-10-18 12:32:44,832 [Thread-1685] INFO  impl.RaftServerImpl (RaftServerImpl.java:setRole(184)) - 67d877d9-ecd0-4b7d-838e-89aa2c4103c0@group-A09C527D8C6F: changes role from  FOLLOWER to CANDIDATE at term 239 for changeToCandidate
2019-10-18 12:32:44,832 [Thread-1685] INFO  impl.RoleInfo (RoleInfo.java:updateAndGet(143)) - 67d877d9-ecd0-4b7d-838e-89aa2c4103c0: start LeaderElection
2019-10-18 12:32:44,857 [67d877d9-ecd0-4b7d-838e-89aa2c4103c0@group-A09C527D8C6F-LeaderElection199] INFO  impl.LeaderElection (LeaderElection.java:askForVotes(178)) - 67d877d9-ecd0-4b7d-838e-89aa2c4103c0@group-A09C527D8C6F-LeaderElection199: begin an election at term 240 for -1: [c39ba312-e57f-4b8c-998e-32538a6d88da:192.168.34.56:44039, 67d877d9-ecd0-4b7d-838e-89aa2c4103c0:192.168.34.56:33816, 6af5dfc0-d4d0-48db-9aa9-c45e51549e54:192.168.34.56:32981], old=null
2019-10-18 12:32:44,859 [grpc-default-executor-3] INFO  impl.RaftServerImpl (RaftServerImpl.java:setRole(184)) - 6af5dfc0-d4d0-48db-9aa9-c45e51549e54@group-A09C527D8C6F: changes role from  FOLLOWER to FOLLOWER at term 240 for recognizeCandidate:67d877d9-ecd0-4b7d-838e-89aa2c4103c0
2019-10-18 12:32:44,859 [grpc-default-executor-1] INFO  impl.RaftServerImpl (RaftServerImpl.java:setRole(184)) - c39ba312-e57f-4b8c-998e-32538a6d88da@group-A09C527D8C6F: changes role from  FOLLOWER to FOLLOWER at term 240 for recognizeCandidate:67d877d9-ecd0-4b7d-838e-89aa2c4103c0
2019-10-18 12:32:44,859 [grpc-default-executor-3] INFO  impl.RoleInfo (RoleInfo.java:shutdownFollowerState(121)) - 6af5dfc0-d4d0-48db-9aa9-c45e51549e54: shutdown FollowerState
2019-10-18 12:32:44,859 [grpc-default-executor-1] INFO  impl.RoleInfo (RoleInfo.java:shutdownFollowerState(121)) - c39ba312-e57f-4b8c-998e-32538a6d88da: shutdown FollowerState
2019-10-18 12:32:44,860 [Thread-1683] INFO  impl.FollowerState (FollowerState.java:run(117)) - 6af5dfc0-d4d0-48db-9aa9-c45e51549e54@group-A09C527D8C6F-FollowerState was interrupted: java.lang.InterruptedException: sleep interrupted
2019-10-18 12:32:44,860 [grpc-default-executor-3] INFO  impl.RoleInfo (RoleInfo.java:updateAndGet(143)) - 6af5dfc0-d4d0-48db-9aa9-c45e51549e54: start FollowerState
2019-10-18 12:32:44,860 [Thread-1684] INFO  impl.FollowerState (FollowerState.java:run(117)) - c39ba312-e57f-4b8c-998e-32538a6d88da@group-A09C527D8C6F-FollowerState was interrupted: java.lang.InterruptedException: sleep interrupted
2019-10-18 12:32:44,860 [grpc-default-executor-1] INFO  impl.RoleInfo (RoleInfo.java:updateAndGet(143)) - c39ba312-e57f-4b8c-998e-32538a6d88da: start FollowerState
2019-10-18 12:32:44,881 [67d877d9-ecd0-4b7d-838e-89aa2c4103c0@group-A09C527D8C6F-LeaderElection199] INFO  impl.LeaderElection (LeaderElection.java:logAndReturn(56)) - 67d877d9-ecd0-4b7d-838e-89aa2c4103c0@group-A09C527D8C6F-LeaderElection199: Election REJECTED; received 2 response(s) [67d877d9-ecd0-4b7d-838e-89aa2c4103c0<-c39ba312-e57f-4b8c-998e-32538a6d88da#0:FAIL-t240, 67d877d9-ecd0-4b7d-838e-89aa2c4103c0<-6af5dfc0-d4d0-48db-9aa9-c45e51549e54#0:FAIL-t240] and 0 exception(s); 67d877d9-ecd0-4b7d-838e-89aa2c4103c0@group-A09C527D8C6F:t240, leader=null, voted=67d877d9-ecd0-4b7d-838e-89aa2c4103c0, raftlog=67d877d9-ecd0-4b7d-838e-89aa2c4103c0@group-A09C527D8C6F-SegmentedRaftLog:OPENED:c-1,f-1,i0, conf=-1: [c39ba312-e57f-4b8c-998e-32538a6d88da:192.168.34.56:44039, 67d877d9-ecd0-4b7d-838e-89aa2c4103c0:192.168.34.56:33816, 6af5dfc0-d4d0-48db-9aa9-c45e51549e54:192.168.34.56:32981], old=null
2019-10-18 12:32:44,881 [67d877d9-ecd0-4b7d-838e-89aa2c4103c0@group-A09C527D8C6F-LeaderElection199] INFO  impl.RaftServerImpl (RaftServerImpl.java:setRole(184)) - 67d877d9-ecd0-4b7d-838e-89aa2c4103c0@group-A09C527D8C6F: changes role from CANDIDATE to FOLLOWER at term 240 for DISCOVERED_A_NEW_TERM
2019-10-18 12:32:44,881 [67d877d9-ecd0-4b7d-838e-89aa2c4103c0@group-A09C527D8C6F-LeaderElection199] INFO  impl.RoleInfo (RoleInfo.java:shutdownLeaderElection(134)) - 67d877d9-ecd0-4b7d-838e-89aa2c4103c0: shutdown LeaderElection
2019-10-18 12:32:44,881 [67d877d9-ecd0-4b7d-838e-89aa2c4103c0@group-A09C527D8C6F-LeaderElection199] INFO  impl.RoleInfo (RoleInfo.java:updateAndGet(143)) - 67d877d9-ecd0-4b7d-838e-89aa2c4103c0: start FollowerState
2019-10-18 12:32:44,905 [Thread-1691] INFO  impl.FollowerState (FollowerState.java:run(108)) - 67d877d9-ecd0-4b7d-838e-89aa2c4103c0@group-A09C527D8C6F-FollowerState: change to CANDIDATE, lastRpcTime:23ms, electionTimeout:23ms
2019-10-18 12:32:44,905 [Thread-1691] INFO  impl.RoleInfo (RoleInfo.java:shutdownFollowerState(121)) - 67d877d9-ecd0-4b7d-838e-89aa2c4103c0: shutdown FollowerState
2019-10-18 12:32:44,905 [Thread-1691] INFO  impl.RaftServerImpl (RaftServerImpl.java:setRole(184)) - 67d877d9-ecd0-4b7d-838e-89aa2c4103c0@group-A09C527D8C6F: changes role from  FOLLOWER to CANDIDATE at term 240 for changeToCandidate
2019-10-18 12:32:44,905 [Thread-1691] INFO  impl.RoleInfo (RoleInfo.java:updateAndGet(143)) - 67d877d9-ecd0-4b7d-838e-89aa2c4103c0: start LeaderElection
2019-10-18 12:32:44,929 [67d877d9-ecd0-4b7d-838e-89aa2c4103c0@group-A09C527D8C6F-LeaderElection200] INFO  impl.LeaderElection (LeaderElection.java:askForVotes(178)) - 67d877d9-ecd0-4b7d-838e-89aa2c4103c0@group-A09C527D8C6F-LeaderElection200: begin an election at term 241 for -1: [c39ba312-e57f-4b8c-998e-32538a6d88da:192.168.34.56:44039, 67d877d9-ecd0-4b7d-838e-89aa2c4103c0:192.168.34.56:33816, 6af5dfc0-d4d0-48db-9aa9-c45e51549e54:192.168.34.56:32981], old=null
2019-10-18 12:32:44,930 [grpc-default-executor-3] INFO  impl.RaftServerImpl (RaftServerImpl.java:setRole(184)) - 6af5dfc0-d4d0-48db-9aa9-c45e51549e54@group-A09C527D8C6F: changes role from  FOLLOWER to FOLLOWER at term 241 for recognizeCandidate:67d877d9-ecd0-4b7d-838e-89aa2c4103c0
2019-10-18 12:32:44,931 [grpc-default-executor-3] INFO  impl.RoleInfo (RoleInfo.java:shutdownFollowerState(121)) - 6af5dfc0-d4d0-48db-9aa9-c45e51549e54: shutdown FollowerState
2019-10-18 12:32:44,931 [grpc-default-executor-1] INFO  impl.RaftServerImpl (RaftServerImpl.java:setRole(184)) - c39ba312-e57f-4b8c-998e-32538a6d88da@group-A09C527D8C6F: changes role from  FOLLOWER to FOLLOWER at term 241 for recognizeCandidate:67d877d9-ecd0-4b7d-838e-89aa2c4103c0
2019-10-18 12:32:44,931 [Thread-1689] INFO  impl.FollowerState (FollowerState.java:run(117)) - 6af5dfc0-d4d0-48db-9aa9-c45e51549e54@group-A09C527D8C6F-FollowerState was interrupted: java.lang.InterruptedException: sleep interrupted
2019-10-18 12:32:44,931 [grpc-default-executor-3] INFO  impl.RoleInfo (RoleInfo.java:updateAndGet(143)) - 6af5dfc0-d4d0-48db-9aa9-c45e51549e54: start FollowerState
2019-10-18 12:32:44,931 [grpc-default-executor-1] INFO  impl.RoleInfo (RoleInfo.java:shutdownFollowerState(121)) - c39ba312-e57f-4b8c-998e-32538a6d88da: shutdown FollowerState
2019-10-18 12:32:44,931 [grpc-default-executor-1] INFO  impl.RoleInfo (RoleInfo.java:updateAndGet(143)) - c39ba312-e57f-4b8c-998e-32538a6d88da: start FollowerState
2019-10-18 12:32:44,931 [Thread-1690] INFO  impl.FollowerState (FollowerState.java:run(117)) - c39ba312-e57f-4b8c-998e-32538a6d88da@group-A09C527D8C6F-FollowerState was interrupted: java.lang.InterruptedException: sleep interrupted
2019-10-18 12:32:44,956 [67d877d9-ecd0-4b7d-838e-89aa2c4103c0@group-A09C527D8C6F-LeaderElection200] INFO  impl.LeaderElection (LeaderElection.java:logAndReturn(56)) - 67d877d9-ecd0-4b7d-838e-89aa2c4103c0@group-A09C527D8C6F-LeaderElection200: Election REJECTED; received 2 response(s) [67d877d9-ecd0-4b7d-838e-89aa2c4103c0<-c39ba312-e57f-4b8c-998e-32538a6d88da#0:FAIL-t241, 67d877d9-ecd0-4b7d-838e-89aa2c4103c0<-6af5dfc0-d4d0-48db-9aa9-c45e51549e54#0:FAIL-t241] and 0 exception(s); 67d877d9-ecd0-4b7d-838e-89aa2c4103c0@group-A09C527D8C6F:t241, leader=null, voted=67d877d9-ecd0-4b7d-838e-89aa2c4103c0, raftlog=67d877d9-ecd0-4b7d-838e-89aa2c4103c0@group-A09C527D8C6F-SegmentedRaftLog:OPENED:c-1,f-1,i0, conf=-1: [c39ba312-e57f-4b8c-998e-32538a6d88da:192.168.34.56:44039, 67d877d9-ecd0-4b7d-838e-89aa2c4103c0:192.168.34.56:33816, 6af5dfc0-d4d0-48db-9aa9-c45e51549e54:192.168.34.56:32981], old=null
2019-10-18 12:32:44,956 [67d877d9-ecd0-4b7d-838e-89aa2c4103c0@group-A09C527D8C6F-LeaderElection200] INFO  impl.RaftServerImpl (RaftServerImpl.java:setRole(184)) - 67d877d9-ecd0-4b7d-838e-89aa2c4103c0@group-A09C527D8C6F: changes role from CANDIDATE to FOLLOWER at term 241 for DISCOVERED_A_NEW_TERM
2019-10-18 12:32:44,956 [67d877d9-ecd0-4b7d-838e-89aa2c4103c0@group-A09C527D8C6F-LeaderElection200] INFO  impl.RoleInfo (RoleInfo.java:shutdownLeaderElection(134)) - 67d877d9-ecd0-4b7d-838e-89aa2c4103c0: shutdown LeaderElection
2019-10-18 12:32:44,956 [67d877d9-ecd0-4b7d-838e-89aa2c4103c0@group-A09C527D8C6F-LeaderElection200] INFO  impl.RoleInfo (RoleInfo.java:updateAndGet(143)) - 67d877d9-ecd0-4b7d-838e-89aa2c4103c0: start FollowerState
2019-10-18 12:32:45,070 [Thread-1697] INFO  impl.FollowerState (FollowerState.java:run(108)) - 67d877d9-ecd0-4b7d-838e-89aa2c4103c0@group-A09C527D8C6F-FollowerState: change to CANDIDATE, lastRpcTime:113ms, electionTimeout:113ms
2019-10-18 12:32:45,070 [Thread-1697] INFO  impl.RoleInfo (RoleInfo.java:shutdownFollowerState(121)) - 67d877d9-ecd0-4b7d-838e-89aa2c4103c0: shutdown FollowerState
2019-10-18 12:32:45,070 [Thread-1697] INFO  impl.RaftServerImpl (RaftServerImpl.java:setRole(184)) - 67d877d9-ecd0-4b7d-838e-89aa2c4103c0@group-A09C527D8C6F: changes role from  FOLLOWER to CANDIDATE at term 241 for changeToCandidate
2019-10-18 12:32:45,070 [Thread-1697] INFO  impl.RoleInfo (RoleInfo.java:updateAndGet(143)) - 67d877d9-ecd0-4b7d-838e-89aa2c4103c0: start LeaderElection
2019-10-18 12:32:45,344 [67d877d9-ecd0-4b7d-838e-89aa2c4103c0@group-A09C527D8C6F-LeaderElection201] INFO  impl.LeaderElection (LeaderElection.java:askForVotes(178)) - 67d877d9-ecd0-4b7d-838e-89aa2c4103c0@group-A09C527D8C6F-LeaderElection201: begin an election at term 242 for -1: [c39ba312-e57f-4b8c-998e-32538a6d88da:192.168.34.56:44039, 67d877d9-ecd0-4b7d-838e-89aa2c4103c0:192.168.34.56:33816, 6af5dfc0-d4d0-48db-9aa9-c45e51549e54:192.168.34.56:32981], old=null
2019-10-18 12:32:45,346 [grpc-default-executor-1] INFO  impl.RaftServerImpl (RaftServerImpl.java:setRole(184)) - c39ba312-e57f-4b8c-998e-32538a6d88da@group-A09C527D8C6F: changes role from  FOLLOWER to FOLLOWER at term 242 for recognizeCandidate:67d877d9-ecd0-4b7d-838e-89aa2c4103c0
2019-10-18 12:32:45,346 [grpc-default-executor-3] INFO  impl.RaftServerImpl (RaftServerImpl.java:setRole(184)) - 6af5dfc0-d4d0-48db-9aa9-c45e51549e54@group-A09C527D8C6F: changes role from  FOLLOWER to FOLLOWER at term 242 for recognizeCandidate:67d877d9-ecd0-4b7d-838e-89aa2c4103c0
2019-10-18 12:32:45,346 [grpc-default-executor-1] INFO  impl.RoleInfo (RoleInfo.java:shutdownFollowerState(121)) - c39ba312-e57f-4b8c-998e-32538a6d88da: shutdown FollowerState
2019-10-18 12:32:45,346 [grpc-default-executor-3] INFO  impl.RoleInfo (RoleInfo.java:shutdownFollowerState(121)) - 6af5dfc0-d4d0-48db-9aa9-c45e51549e54: shutdown FollowerState
2019-10-18 12:32:45,346 [Thread-1696] INFO  impl.FollowerState (FollowerState.java:run(117)) - c39ba312-e57f-4b8c-998e-32538a6d88da@group-A09C527D8C6F-FollowerState was interrupted: java.lang.InterruptedException: sleep interrupted
2019-10-18 12:32:45,346 [grpc-default-executor-1] INFO  impl.RoleInfo (RoleInfo.java:updateAndGet(143)) - c39ba312-e57f-4b8c-998e-32538a6d88da: start FollowerState
2019-10-18 12:32:45,347 [67d877d9-ecd0-4b7d-838e-89aa2c4103c0@group-A09C527D8C6F-LeaderElection201] INFO  impl.LeaderElection (LeaderElection.java:logAndReturn(56)) - 67d877d9-ecd0-4b7d-838e-89aa2c4103c0@group-A09C527D8C6F-LeaderElection201: Election TIMEOUT; received 0 response(s) [] and 0 exception(s); 67d877d9-ecd0-4b7d-838e-89aa2c4103c0@group-A09C527D8C6F:t242, leader=null, voted=67d877d9-ecd0-4b7d-838e-89aa2c4103c0, raftlog=67d877d9-ecd0-4b7d-838e-89aa2c4103c0@group-A09C527D8C6F-SegmentedRaftLog:OPENED:c-1,f-1,i0, conf=-1: [c39ba312-e57f-4b8c-998e-32538a6d88da:192.168.34.56:44039, 67d877d9-ecd0-4b7d-838e-89aa2c4103c0:192.168.34.56:33816, 6af5dfc0-d4d0-48db-9aa9-c45e51549e54:192.168.34.56:32981], old=null
2019-10-18 12:32:45,347 [grpc-default-executor-3] INFO  impl.RoleInfo (RoleInfo.java:updateAndGet(143)) - 6af5dfc0-d4d0-48db-9aa9-c45e51549e54: start FollowerState
2019-10-18 12:32:45,347 [Thread-1695] INFO  impl.FollowerState (FollowerState.java:run(117)) - 6af5dfc0-d4d0-48db-9aa9-c45e51549e54@group-A09C527D8C6F-FollowerState was interrupted: java.lang.InterruptedException: sleep interrupted
2019-10-18 12:32:45,542 [67d877d9-ecd0-4b7d-838e-89aa2c4103c0@group-A09C527D8C6F-LeaderElection201] INFO  impl.LeaderElection (LeaderElection.java:askForVotes(178)) - 67d877d9-ecd0-4b7d-838e-89aa2c4103c0@group-A09C527D8C6F-LeaderElection201: begin an election at term 243 for -1: [c39ba312-e57f-4b8c-998e-32538a6d88da:192.168.34.56:44039, 67d877d9-ecd0-4b7d-838e-89aa2c4103c0:192.168.34.56:33816, 6af5dfc0-d4d0-48db-9aa9-c45e51549e54:192.168.34.56:32981], old=null
2019-10-18 12:32:45,545 [grpc-default-executor-1] INFO  impl.RaftServerImpl (RaftServerImpl.java:setRole(184)) - c39ba312-e57f-4b8c-998e-32538a6d88da@group-A09C527D8C6F: changes role from  FOLLOWER to FOLLOWER at term 243 for recognizeCandidate:67d877d9-ecd0-4b7d-838e-89aa2c4103c0
2019-10-18 12:32:45,545 [grpc-default-executor-1] INFO  impl.RoleInfo (RoleInfo.java:shutdownFollowerState(121)) - c39ba312-e57f-4b8c-998e-32538a6d88da: shutdown FollowerState
2019-10-18 12:32:45,545 [grpc-default-executor-1] INFO  impl.RoleInfo (RoleInfo.java:updateAndGet(143)) - c39ba312-e57f-4b8c-998e-32538a6d88da: start FollowerState
2019-10-18 12:32:45,545 [Thread-1703] INFO  impl.FollowerState (FollowerState.java:run(117)) - c39ba312-e57f-4b8c-998e-32538a6d88da@group-A09C527D8C6F-FollowerState was interrupted: java.lang.InterruptedException: sleep interrupted
2019-10-18 12:32:45,545 [grpc-default-executor-3] INFO  impl.RaftServerImpl (RaftServerImpl.java:setRole(184)) - 6af5dfc0-d4d0-48db-9aa9-c45e51549e54@group-A09C527D8C6F: changes role from  FOLLOWER to FOLLOWER at term 243 for recognizeCandidate:67d877d9-ecd0-4b7d-838e-89aa2c4103c0
2019-10-18 12:32:45,545 [grpc-default-executor-3] INFO  impl.RoleInfo (RoleInfo.java:shutdownFollowerState(121)) - 6af5dfc0-d4d0-48db-9aa9-c45e51549e54: shutdown FollowerState
2019-10-18 12:32:45,546 [grpc-default-executor-3] INFO  impl.RoleInfo (RoleInfo.java:updateAndGet(143)) - 6af5dfc0-d4d0-48db-9aa9-c45e51549e54: start FollowerState
2019-10-18 12:32:45,546 [Thread-1704] INFO  impl.FollowerState (FollowerState.java:run(117)) - 6af5dfc0-d4d0-48db-9aa9-c45e51549e54@group-A09C527D8C6F-FollowerState was interrupted: java.lang.InterruptedException: sleep interrupted
2019-10-18 12:32:45,631 [67d877d9-ecd0-4b7d-838e-89aa2c4103c0@group-A09C527D8C6F-LeaderElection201] INFO  impl.LeaderElection (LeaderElection.java:logAndReturn(56)) - 67d877d9-ecd0-4b7d-838e-89aa2c4103c0@group-A09C527D8C6F-LeaderElection201: Election REJECTED; received 2 response(s) [67d877d9-ecd0-4b7d-838e-89aa2c4103c0<-c39ba312-e57f-4b8c-998e-32538a6d88da#0:FAIL-t243, 67d877d9-ecd0-4b7d-838e-89aa2c4103c0<-6af5dfc0-d4d0-48db-9aa9-c45e51549e54#0:FAIL-t243] and 0 exception(s); 67d877d9-ecd0-4b7d-838e-89aa2c4103c0@group-A09C527D8C6F:t243, leader=null, voted=67d877d9-ecd0-4b7d-838e-89aa2c4103c0, raftlog=67d877d9-ecd0-4b7d-838e-89aa2c4103c0@group-A09C527D8C6F-SegmentedRaftLog:OPENED:c-1,f-1,i0, conf=-1: [c39ba312-e57f-4b8c-998e-32538a6d88da:192.168.34.56:44039, 67d877d9-ecd0-4b7d-838e-89aa2c4103c0:192.168.34.56:33816, 6af5dfc0-d4d0-48db-9aa9-c45e51549e54:192.168.34.56:32981], old=null
2019-10-18 12:32:45,631 [67d877d9-ecd0-4b7d-838e-89aa2c4103c0@group-A09C527D8C6F-LeaderElection201] INFO  impl.RaftServerImpl (RaftServerImpl.java:setRole(184)) - 67d877d9-ecd0-4b7d-838e-89aa2c4103c0@group-A09C527D8C6F: changes role from CANDIDATE to FOLLOWER at term 243 for DISCOVERED_A_NEW_TERM
2019-10-18 12:32:45,631 [67d877d9-ecd0-4b7d-838e-89aa2c4103c0@group-A09C527D8C6F-LeaderElection201] INFO  impl.RoleInfo (RoleInfo.java:shutdownLeaderElection(134)) - 67d877d9-ecd0-4b7d-838e-89aa2c4103c0: shutdown LeaderElection
2019-10-18 12:32:45,631 [67d877d9-ecd0-4b7d-838e-89aa2c4103c0@group-A09C527D8C6F-LeaderElection201] INFO  impl.RoleInfo (RoleInfo.java:updateAndGet(143)) - 67d877d9-ecd0-4b7d-838e-89aa2c4103c0: start FollowerState
2019-10-18 12:32:45,673 [Thread-1709] INFO  impl.FollowerState (FollowerState.java:run(108)) - 67d877d9-ecd0-4b7d-838e-89aa2c4103c0@group-A09C527D8C6F-FollowerState: change to CANDIDATE, lastRpcTime:41ms, electionTimeout:41ms
2019-10-18 12:32:45,673 [Thread-1709] INFO  impl.RoleInfo (RoleInfo.java:shutdownFollowerState(121)) - 67d877d9-ecd0-4b7d-838e-89aa2c4103c0: shutdown FollowerState
2019-10-18 12:32:45,673 [Thread-1709] INFO  impl.RaftServerImpl (RaftServerImpl.java:setRole(184)) - 67d877d9-ecd0-4b7d-838e-89aa2c4103c0@group-A09C527D8C6F: changes role from  FOLLOWER to CANDIDATE at term 243 for changeToCandidate
2019-10-18 12:32:45,673 [Thread-1709] INFO  impl.RoleInfo (RoleInfo.java:updateAndGet(143)) - 67d877d9-ecd0-4b7d-838e-89aa2c4103c0: start LeaderElection
2019-10-18 12:32:45,690 [67d877d9-ecd0-4b7d-838e-89aa2c4103c0@group-A09C527D8C6F-LeaderElection202] INFO  impl.LeaderElection (LeaderElection.java:askForVotes(178)) - 67d877d9-ecd0-4b7d-838e-89aa2c4103c0@group-A09C527D8C6F-LeaderElection202: begin an election at term 244 for -1: [c39ba312-e57f-4b8c-998e-32538a6d88da:192.168.34.56:44039, 67d877d9-ecd0-4b7d-838e-89aa2c4103c0:192.168.34.56:33816, 6af5dfc0-d4d0-48db-9aa9-c45e51549e54:192.168.34.56:32981], old=null
2019-10-18 12:32:45,692 [grpc-default-executor-3] INFO  impl.RaftServerImpl (RaftServerImpl.java:setRole(184)) - 6af5dfc0-d4d0-48db-9aa9-c45e51549e54@group-A09C527D8C6F: changes role from  FOLLOWER to FOLLOWER at term 244 for recognizeCandidate:67d877d9-ecd0-4b7d-838e-89aa2c4103c0
2019-10-18 12:32:45,692 [grpc-default-executor-3] INFO  impl.RoleInfo (RoleInfo.java:shutdownFollowerState(121)) - 6af5dfc0-d4d0-48db-9aa9-c45e51549e54: shutdown FollowerState
2019-10-18 12:32:45,692 [grpc-default-executor-3] INFO  impl.RoleInfo (RoleInfo.java:updateAndGet(143)) - 6af5dfc0-d4d0-48db-9aa9-c45e51549e54: start FollowerState
2019-10-18 12:32:45,692 [Thread-1708] INFO  impl.FollowerState (FollowerState.java:run(117)) - 6af5dfc0-d4d0-48db-9aa9-c45e51549e54@group-A09C527D8C6F-FollowerState was interrupted: java.lang.InterruptedException: sleep interrupted
2019-10-18 12:32:45,692 [grpc-default-executor-1] INFO  impl.RaftServerImpl (RaftServerImpl.java:setRole(184)) - c39ba312-e57f-4b8c-998e-32538a6d88da@group-A09C527D8C6F: changes role from  FOLLOWER to FOLLOWER at term 244 for recognizeCandidate:67d877d9-ecd0-4b7d-838e-89aa2c4103c0
2019-10-18 12:32:45,692 [grpc-default-executor-1] INFO  impl.RoleInfo (RoleInfo.java:shutdownFollowerState(121)) - c39ba312-e57f-4b8c-998e-32538a6d88da: shutdown FollowerState
2019-10-18 12:32:45,693 [grpc-default-executor-1] INFO  impl.RoleInfo (RoleInfo.java:updateAndGet(143)) - c39ba312-e57f-4b8c-998e-32538a6d88da: start FollowerState
2019-10-18 12:32:45,693 [Thread-1707] INFO  impl.FollowerState (FollowerState.java:run(117)) - c39ba312-e57f-4b8c-998e-32538a6d88da@group-A09C527D8C6F-FollowerState was interrupted: java.lang.InterruptedException: sleep interrupted
2019-10-18 12:32:45,705 [67d877d9-ecd0-4b7d-838e-89aa2c4103c0@group-A09C527D8C6F-LeaderElection202] INFO  impl.LeaderElection (LeaderElection.java:logAndReturn(56)) - 67d877d9-ecd0-4b7d-838e-89aa2c4103c0@group-A09C527D8C6F-LeaderElection202: Election REJECTED; received 2 response(s) [67d877d9-ecd0-4b7d-838e-89aa2c4103c0<-c39ba312-e57f-4b8c-998e-32538a6d88da#0:FAIL-t244, 67d877d9-ecd0-4b7d-838e-89aa2c4103c0<-6af5dfc0-d4d0-48db-9aa9-c45e51549e54#0:FAIL-t244] and 0 exception(s); 67d877d9-ecd0-4b7d-838e-89aa2c4103c0@group-A09C527D8C6F:t244, leader=null, voted=67d877d9-ecd0-4b7d-838e-89aa2c4103c0, raftlog=67d877d9-ecd0-4b7d-838e-89aa2c4103c0@group-A09C527D8C6F-SegmentedRaftLog:OPENED:c-1,f-1,i0, conf=-1: [c39ba312-e57f-4b8c-998e-32538a6d88da:192.168.34.56:44039, 67d877d9-ecd0-4b7d-838e-89aa2c4103c0:192.168.34.56:33816, 6af5dfc0-d4d0-48db-9aa9-c45e51549e54:192.168.34.56:32981], old=null
2019-10-18 12:32:45,705 [67d877d9-ecd0-4b7d-838e-89aa2c4103c0@group-A09C527D8C6F-LeaderElection202] INFO  impl.RaftServerImpl (RaftServerImpl.java:setRole(184)) - 67d877d9-ecd0-4b7d-838e-89aa2c4103c0@group-A09C527D8C6F: changes role from CANDIDATE to FOLLOWER at term 244 for DISCOVERED_A_NEW_TERM
2019-10-18 12:32:45,705 [67d877d9-ecd0-4b7d-838e-89aa2c4103c0@group-A09C527D8C6F-LeaderElection202] INFO  impl.RoleInfo (RoleInfo.java:shutdownLeaderElection(134)) - 67d877d9-ecd0-4b7d-838e-89aa2c4103c0: shutdown LeaderElection
2019-10-18 12:32:45,706 [67d877d9-ecd0-4b7d-838e-89aa2c4103c0@group-A09C527D8C6F-LeaderElection202] INFO  impl.RoleInfo (RoleInfo.java:updateAndGet(143)) - 67d877d9-ecd0-4b7d-838e-89aa2c4103c0: start FollowerState
2019-10-18 12:32:45,868 [Thread-1715] INFO  impl.FollowerState (FollowerState.java:run(108)) - 67d877d9-ecd0-4b7d-838e-89aa2c4103c0@group-A09C527D8C6F-FollowerState: change to CANDIDATE, lastRpcTime:162ms, electionTimeout:162ms
2019-10-18 12:32:45,868 [Thread-1715] INFO  impl.RoleInfo (RoleInfo.java:shutdownFollowerState(121)) - 67d877d9-ecd0-4b7d-838e-89aa2c4103c0: shutdown FollowerState
2019-10-18 12:32:45,868 [Thread-1715] INFO  impl.RaftServerImpl (RaftServerImpl.java:setRole(184)) - 67d877d9-ecd0-4b7d-838e-89aa2c4103c0@group-A09C527D8C6F: changes role from  FOLLOWER to CANDIDATE at term 244 for changeToCandidate
2019-10-18 12:32:45,869 [Thread-1715] INFO  impl.RoleInfo (RoleInfo.java:updateAndGet(143)) - 67d877d9-ecd0-4b7d-838e-89aa2c4103c0: start LeaderElection
2019-10-18 12:32:45,889 [67d877d9-ecd0-4b7d-838e-89aa2c4103c0@group-A09C527D8C6F-LeaderElection203] INFO  impl.LeaderElection (LeaderElection.java:askForVotes(178)) - 67d877d9-ecd0-4b7d-838e-89aa2c4103c0@group-A09C527D8C6F-LeaderElection203: begin an election at term 245 for -1: [c39ba312-e57f-4b8c-998e-32538a6d88da:192.168.34.56:44039, 67d877d9-ecd0-4b7d-838e-89aa2c4103c0:192.168.34.56:33816, 6af5dfc0-d4d0-48db-9aa9-c45e51549e54:192.168.34.56:32981], old=null
2019-10-18 12:32:45,892 [grpc-default-executor-1] INFO  impl.RaftServerImpl (RaftServerImpl.java:setRole(184)) - c39ba312-e57f-4b8c-998e-32538a6d88da@group-A09C527D8C6F: changes role from  FOLLOWER to FOLLOWER at term 245 for recognizeCandidate:67d877d9-ecd0-4b7d-838e-89aa2c4103c0
2019-10-18 12:32:45,892 [grpc-default-executor-3] INFO  impl.RaftServerImpl (RaftServerImpl.java:setRole(184)) - 6af5dfc0-d4d0-48db-9aa9-c45e51549e54@group-A09C527D8C6F: changes role from  FOLLOWER to FOLLOWER at term 245 for recognizeCandidate:67d877d9-ecd0-4b7d-838e-89aa2c4103c0
2019-10-18 12:32:45,892 [grpc-default-executor-1] INFO  impl.RoleInfo (RoleInfo.java:shutdownFollowerState(121)) - c39ba312-e57f-4b8c-998e-32538a6d88da: shutdown FollowerState
2019-10-18 12:32:45,892 [grpc-default-executor-3] INFO  impl.RoleInfo (RoleInfo.java:shutdownFollowerState(121)) - 6af5dfc0-d4d0-48db-9aa9-c45e51549e54: shutdown FollowerState
2019-10-18 12:32:45,892 [grpc-default-executor-1] INFO  impl.RoleInfo (RoleInfo.java:updateAndGet(143)) - c39ba312-e57f-4b8c-998e-32538a6d88da: start FollowerState
2019-10-18 12:32:45,892 [Thread-1713] INFO  impl.FollowerState (FollowerState.java:run(117)) - 6af5dfc0-d4d0-48db-9aa9-c45e51549e54@group-A09C527D8C6F-FollowerState was interrupted: java.lang.InterruptedException: sleep interrupted
2019-10-18 12:32:45,892 [grpc-default-executor-3] INFO  impl.RoleInfo (RoleInfo.java:updateAndGet(143)) - 6af5dfc0-d4d0-48db-9aa9-c45e51549e54: start FollowerState
2019-10-18 12:32:45,892 [Thread-1714] INFO  impl.FollowerState (FollowerState.java:run(117)) - c39ba312-e57f-4b8c-998e-32538a6d88da@group-A09C527D8C6F-FollowerState was interrupted: java.lang.InterruptedException: sleep interrupted
2019-10-18 12:32:45,923 [67d877d9-ecd0-4b7d-838e-89aa2c4103c0@group-A09C527D8C6F-LeaderElection203] INFO  impl.LeaderElection (LeaderElection.java:logAndReturn(56)) - 67d877d9-ecd0-4b7d-838e-89aa2c4103c0@group-A09C527D8C6F-LeaderElection203: Election REJECTED; received 2 response(s) [67d877d9-ecd0-4b7d-838e-89aa2c4103c0<-c39ba312-e57f-4b8c-998e-32538a6d88da#0:FAIL-t245, 67d877d9-ecd0-4b7d-838e-89aa2c4103c0<-6af5dfc0-d4d0-48db-9aa9-c45e51549e54#0:FAIL-t245] and 0 exception(s); 67d877d9-ecd0-4b7d-838e-89aa2c4103c0@group-A09C527D8C6F:t245, leader=null, voted=67d877d9-ecd0-4b7d-838e-89aa2c4103c0, raftlog=67d877d9-ecd0-4b7d-838e-89aa2c4103c0@group-A09C527D8C6F-SegmentedRaftLog:OPENED:c-1,f-1,i0, conf=-1: [c39ba312-e57f-4b8c-998e-32538a6d88da:192.168.34.56:44039, 67d877d9-ecd0-4b7d-838e-89aa2c4103c0:192.168.34.56:33816, 6af5dfc0-d4d0-48db-9aa9-c45e51549e54:192.168.34.56:32981], old=null
2019-10-18 12:32:45,924 [67d877d9-ecd0-4b7d-838e-89aa2c4103c0@group-A09C527D8C6F-LeaderElection203] INFO  impl.RaftServerImpl (RaftServerImpl.java:setRole(184)) - 67d877d9-ecd0-4b7d-838e-89aa2c4103c0@group-A09C527D8C6F: changes role from CANDIDATE to FOLLOWER at term 245 for DISCOVERED_A_NEW_TERM
2019-10-18 12:32:45,924 [67d877d9-ecd0-4b7d-838e-89aa2c4103c0@group-A09C527D8C6F-LeaderElection203] INFO  impl.RoleInfo (RoleInfo.java:shutdownLeaderElection(134)) - 67d877d9-ecd0-4b7d-838e-89aa2c4103c0: shutdown LeaderElection
2019-10-18 12:32:45,925 [67d877d9-ecd0-4b7d-838e-89aa2c4103c0@group-A09C527D8C6F-LeaderElection203] INFO  impl.RoleInfo (RoleInfo.java:updateAndGet(143)) - 67d877d9-ecd0-4b7d-838e-89aa2c4103c0: start FollowerState
2019-10-18 12:32:45,995 [Thread-1721] INFO  impl.FollowerState (FollowerState.java:run(108)) - 67d877d9-ecd0-4b7d-838e-89aa2c4103c0@group-A09C527D8C6F-FollowerState: change to CANDIDATE, lastRpcTime:70ms, electionTimeout:70ms
2019-10-18 12:32:45,995 [Thread-1721] INFO  impl.RoleInfo (RoleInfo.java:shutdownFollowerState(121)) - 67d877d9-ecd0-4b7d-838e-89aa2c4103c0: shutdown FollowerState
2019-10-18 12:32:45,996 [Thread-1721] INFO  impl.RaftServerImpl (RaftServerImpl.java:setRole(184)) - 67d877d9-ecd0-4b7d-838e-89aa2c4103c0@group-A09C527D8C6F: changes role from  FOLLOWER to CANDIDATE at term 245 for changeToCandidate
2019-10-18 12:32:45,996 [Thread-1721] INFO  impl.RoleInfo (RoleInfo.java:updateAndGet(143)) - 67d877d9-ecd0-4b7d-838e-89aa2c4103c0: start LeaderElection
2019-10-18 12:32:46,021 [67d877d9-ecd0-4b7d-838e-89aa2c4103c0@group-A09C527D8C6F-LeaderElection204] INFO  impl.LeaderElection (LeaderElection.java:askForVotes(178)) - 67d877d9-ecd0-4b7d-838e-89aa2c4103c0@group-A09C527D8C6F-LeaderElection204: begin an election at term 246 for -1: [c39ba312-e57f-4b8c-998e-32538a6d88da:192.168.34.56:44039, 67d877d9-ecd0-4b7d-838e-89aa2c4103c0:192.168.34.56:33816, 6af5dfc0-d4d0-48db-9aa9-c45e51549e54:192.168.34.56:32981], old=null
2019-10-18 12:32:46,022 [grpc-default-executor-1] INFO  impl.RaftServerImpl (RaftServerImpl.java:setRole(184)) - 6af5dfc0-d4d0-48db-9aa9-c45e51549e54@group-A09C527D8C6F: changes role from  FOLLOWER to FOLLOWER at term 246 for recognizeCandidate:67d877d9-ecd0-4b7d-838e-89aa2c4103c0
2019-10-18 12:32:46,023 [grpc-default-executor-1] INFO  impl.RoleInfo (RoleInfo.java:shutdownFollowerState(121)) - 6af5dfc0-d4d0-48db-9aa9-c45e51549e54: shutdown FollowerState
2019-10-18 12:32:46,023 [grpc-default-executor-3] INFO  impl.RaftServerImpl (RaftServerImpl.java:setRole(184)) - c39ba312-e57f-4b8c-998e-32538a6d88da@group-A09C527D8C6F: changes role from  FOLLOWER to FOLLOWER at term 246 for recognizeCandidate:67d877d9-ecd0-4b7d-838e-89aa2c4103c0
2019-10-18 12:32:46,023 [grpc-default-executor-3] INFO  impl.RoleInfo (RoleInfo.java:shutdownFollowerState(121)) - c39ba312-e57f-4b8c-998e-32538a6d88da: shutdown FollowerState
2019-10-18 12:32:46,023 [Thread-1720] INFO  impl.FollowerState (FollowerState.java:run(117)) - 6af5dfc0-d4d0-48db-9aa9-c45e51549e54@group-A09C527D8C6F-FollowerState was interrupted: java.lang.InterruptedException: sleep interrupted
2019-10-18 12:32:46,023 [grpc-default-executor-1] INFO  impl.RoleInfo (RoleInfo.java:updateAndGet(143)) - 6af5dfc0-d4d0-48db-9aa9-c45e51549e54: start FollowerState
2019-10-18 12:32:46,023 [Thread-1719] INFO  impl.FollowerState (FollowerState.java:run(117)) - c39ba312-e57f-4b8c-998e-32538a6d88da@group-A09C527D8C6F-FollowerState was interrupted: java.lang.InterruptedException: sleep interrupted
2019-10-18 12:32:46,023 [grpc-default-executor-3] INFO  impl.RoleInfo (RoleInfo.java:updateAndGet(143)) - c39ba312-e57f-4b8c-998e-32538a6d88da: start FollowerState
2019-10-18 12:32:46,045 [67d877d9-ecd0-4b7d-838e-89aa2c4103c0@group-A09C527D8C6F-LeaderElection204] INFO  impl.LeaderElection (LeaderElection.java:logAndReturn(56)) - 67d877d9-ecd0-4b7d-838e-89aa2c4103c0@group-A09C527D8C6F-LeaderElection204: Election REJECTED; received 2 response(s) [67d877d9-ecd0-4b7d-838e-89aa2c4103c0<-c39ba312-e57f-4b8c-998e-32538a6d88da#0:FAIL-t246, 67d877d9-ecd0-4b7d-838e-89aa2c4103c0<-6af5dfc0-d4d0-48db-9aa9-c45e51549e54#0:FAIL-t246] and 0 exception(s); 67d877d9-ecd0-4b7d-838e-89aa2c4103c0@group-A09C527D8C6F:t246, leader=null, voted=67d877d9-ecd0-4b7d-838e-89aa2c4103c0, raftlog=67d877d9-ecd0-4b7d-838e-89aa2c4103c0@group-A09C527D8C6F-SegmentedRaftLog:OPENED:c-1,f-1,i0, conf=-1: [c39ba312-e57f-4b8c-998e-32538a6d88da:192.168.34.56:44039, 67d877d9-ecd0-4b7d-838e-89aa2c4103c0:192.168.34.56:33816, 6af5dfc0-d4d0-48db-9aa9-c45e51549e54:192.168.34.56:32981], old=null
2019-10-18 12:32:46,045 [67d877d9-ecd0-4b7d-838e-89aa2c4103c0@group-A09C527D8C6F-LeaderElection204] INFO  impl.RaftServerImpl (RaftServerImpl.java:setRole(184)) - 67d877d9-ecd0-4b7d-838e-89aa2c4103c0@group-A09C527D8C6F: changes role from CANDIDATE to FOLLOWER at term 246 for DISCOVERED_A_NEW_TERM
2019-10-18 12:32:46,045 [67d877d9-ecd0-4b7d-838e-89aa2c4103c0@group-A09C527D8C6F-LeaderElection204] INFO  impl.RoleInfo (RoleInfo.java:shutdownLeaderElection(134)) - 67d877d9-ecd0-4b7d-838e-89aa2c4103c0: shutdown LeaderElection
2019-10-18 12:32:46,045 [67d877d9-ecd0-4b7d-838e-89aa2c4103c0@group-A09C527D8C6F-LeaderElection204] INFO  impl.RoleInfo (RoleInfo.java:updateAndGet(143)) - 67d877d9-ecd0-4b7d-838e-89aa2c4103c0: start FollowerState
2019-10-18 12:32:46,246 [Thread-1729] INFO  impl.FollowerState (FollowerState.java:run(108)) - 67d877d9-ecd0-4b7d-838e-89aa2c4103c0@group-A09C527D8C6F-FollowerState: change to CANDIDATE, lastRpcTime:200ms, electionTimeout:200ms
2019-10-18 12:32:46,246 [Thread-1729] INFO  impl.RoleInfo (RoleInfo.java:shutdownFollowerState(121)) - 67d877d9-ecd0-4b7d-838e-89aa2c4103c0: shutdown FollowerState
2019-10-18 12:32:46,246 [Thread-1729] INFO  impl.RaftServerImpl (RaftServerImpl.java:setRole(184)) - 67d877d9-ecd0-4b7d-838e-89aa2c4103c0@group-A09C527D8C6F: changes role from  FOLLOWER to CANDIDATE at term 246 for changeToCandidate
2019-10-18 12:32:46,246 [Thread-1729] INFO  impl.RoleInfo (RoleInfo.java:updateAndGet(143)) - 67d877d9-ecd0-4b7d-838e-89aa2c4103c0: start LeaderElection
2019-10-18 12:32:46,502 [67d877d9-ecd0-4b7d-838e-89aa2c4103c0@group-A09C527D8C6F-LeaderElection205] INFO  impl.LeaderElection (LeaderElection.java:askForVotes(178)) - 67d877d9-ecd0-4b7d-838e-89aa2c4103c0@group-A09C527D8C6F-LeaderElection205: begin an election at term 247 for -1: [c39ba312-e57f-4b8c-998e-32538a6d88da:192.168.34.56:44039, 67d877d9-ecd0-4b7d-838e-89aa2c4103c0:192.168.34.56:33816, 6af5dfc0-d4d0-48db-9aa9-c45e51549e54:192.168.34.56:32981], old=null
2019-10-18 12:32:46,504 [grpc-default-executor-1] INFO  impl.RaftServerImpl (RaftServerImpl.java:setRole(184)) - c39ba312-e57f-4b8c-998e-32538a6d88da@group-A09C527D8C6F: changes role from  FOLLOWER to FOLLOWER at term 247 for recognizeCandidate:67d877d9-ecd0-4b7d-838e-89aa2c4103c0
2019-10-18 12:32:46,504 [grpc-default-executor-5] INFO  impl.RaftServerImpl (RaftServerImpl.java:setRole(184)) - 6af5dfc0-d4d0-48db-9aa9-c45e51549e54@group-A09C527D8C6F: changes role from  FOLLOWER to FOLLOWER at term 247 for recognizeCandidate:67d877d9-ecd0-4b7d-838e-89aa2c4103c0
2019-10-18 12:32:46,504 [grpc-default-executor-1] INFO  impl.RoleInfo (RoleInfo.java:shutdownFollowerState(121)) - c39ba312-e57f-4b8c-998e-32538a6d88da: shutdown FollowerState
2019-10-18 12:32:46,504 [grpc-default-executor-5] INFO  impl.RoleInfo (RoleInfo.java:shutdownFollowerState(121)) - 6af5dfc0-d4d0-48db-9aa9-c45e51549e54: shutdown FollowerState
2019-10-18 12:32:46,505 [Thread-1726] INFO  impl.FollowerState (FollowerState.java:run(117)) - c39ba312-e57f-4b8c-998e-32538a6d88da@group-A09C527D8C6F-FollowerState was interrupted: java.lang.InterruptedException: sleep interrupted
2019-10-18 12:32:46,505 [grpc-default-executor-1] INFO  impl.RoleInfo (RoleInfo.java:updateAndGet(143)) - c39ba312-e57f-4b8c-998e-32538a6d88da: start FollowerState
2019-10-18 12:32:46,505 [Thread-1725] INFO  impl.FollowerState (FollowerState.java:run(117)) - 6af5dfc0-d4d0-48db-9aa9-c45e51549e54@group-A09C527D8C6F-FollowerState was interrupted: java.lang.InterruptedException: sleep interrupted
2019-10-18 12:32:46,505 [grpc-default-executor-5] INFO  impl.RoleInfo (RoleInfo.java:updateAndGet(143)) - 6af5dfc0-d4d0-48db-9aa9-c45e51549e54: start FollowerState
2019-10-18 12:32:46,523 [67d877d9-ecd0-4b7d-838e-89aa2c4103c0@group-A09C527D8C6F-LeaderElection205] INFO  impl.LeaderElection (LeaderElection.java:logAndReturn(56)) - 67d877d9-ecd0-4b7d-838e-89aa2c4103c0@group-A09C527D8C6F-LeaderElection205: Election REJECTED; received 2 response(s) [67d877d9-ecd0-4b7d-838e-89aa2c4103c0<-c39ba312-e57f-4b8c-998e-32538a6d88da#0:FAIL-t247, 67d877d9-ecd0-4b7d-838e-89aa2c4103c0<-6af5dfc0-d4d0-48db-9aa9-c45e51549e54#0:FAIL-t247] and 0 exception(s); 67d877d9-ecd0-4b7d-838e-89aa2c4103c0@group-A09C527D8C6F:t247, leader=null, voted=67d877d9-ecd0-4b7d-838e-89aa2c4103c0, raftlog=67d877d9-ecd0-4b7d-838e-89aa2c4103c0@group-A09C527D8C6F-SegmentedRaftLog:OPENED:c-1,f-1,i0, conf=-1: [c39ba312-e57f-4b8c-998e-32538a6d88da:192.168.34.56:44039, 67d877d9-ecd0-4b7d-838e-89aa2c4103c0:192.168.34.56:33816, 6af5dfc0-d4d0-48db-9aa9-c45e51549e54:192.168.34.56:32981], old=null
2019-10-18 12:32:46,524 [67d877d9-ecd0-4b7d-838e-89aa2c4103c0@group-A09C527D8C6F-LeaderElection205] INFO  impl.RaftServerImpl (RaftServerImpl.java:setRole(184)) - 67d877d9-ecd0-4b7d-838e-89aa2c4103c0@group-A09C527D8C6F: changes role from CANDIDATE to FOLLOWER at term 247 for DISCOVERED_A_NEW_TERM
2019-10-18 12:32:46,524 [67d877d9-ecd0-4b7d-838e-89aa2c4103c0@group-A09C527D8C6F-LeaderElection205] INFO  impl.RoleInfo (RoleInfo.java:shutdownLeaderElection(134)) - 67d877d9-ecd0-4b7d-838e-89aa2c4103c0: shutdown LeaderElection
2019-10-18 12:32:46,524 [67d877d9-ecd0-4b7d-838e-89aa2c4103c0@group-A09C527D8C6F-LeaderElection205] INFO  impl.RoleInfo (RoleInfo.java:updateAndGet(143)) - 67d877d9-ecd0-4b7d-838e-89aa2c4103c0: start FollowerState
2019-10-18 12:32:46,643 [Thread-1735] INFO  impl.FollowerState (FollowerState.java:run(108)) - 67d877d9-ecd0-4b7d-838e-89aa2c4103c0@group-A09C527D8C6F-FollowerState: change to CANDIDATE, lastRpcTime:119ms, electionTimeout:119ms
2019-10-18 12:32:46,643 [Thread-1735] INFO  impl.RoleInfo (RoleInfo.java:shutdownFollowerState(121)) - 67d877d9-ecd0-4b7d-838e-89aa2c4103c0: shutdown FollowerState
2019-10-18 12:32:46,644 [Thread-1735] INFO  impl.RaftServerImpl (RaftServerImpl.java:setRole(184)) - 67d877d9-ecd0-4b7d-838e-89aa2c4103c0@group-A09C527D8C6F: changes role from  FOLLOWER to CANDIDATE at term 247 for changeToCandidate
2019-10-18 12:32:46,644 [Thread-1735] INFO  impl.RoleInfo (RoleInfo.java:updateAndGet(143)) - 67d877d9-ecd0-4b7d-838e-89aa2c4103c0: start LeaderElection
2019-10-18 12:32:46,678 [67d877d9-ecd0-4b7d-838e-89aa2c4103c0@group-A09C527D8C6F-LeaderElection206] INFO  impl.LeaderElection (LeaderElection.java:askForVotes(178)) - 67d877d9-ecd0-4b7d-838e-89aa2c4103c0@group-A09C527D8C6F-LeaderElection206: begin an election at term 248 for -1: [c39ba312-e57f-4b8c-998e-32538a6d88da:192.168.34.56:44039, 67d877d9-ecd0-4b7d-838e-89aa2c4103c0:192.168.34.56:33816, 6af5dfc0-d4d0-48db-9aa9-c45e51549e54:192.168.34.56:32981], old=null
2019-10-18 12:32:46,680 [grpc-default-executor-5] INFO  impl.RaftServerImpl (RaftServerImpl.java:setRole(184)) - 6af5dfc0-d4d0-48db-9aa9-c45e51549e54@group-A09C527D8C6F: changes role from  FOLLOWER to FOLLOWER at term 248 for recognizeCandidate:67d877d9-ecd0-4b7d-838e-89aa2c4103c0
2019-10-18 12:32:46,680 [grpc-default-executor-1] INFO  impl.RaftServerImpl (RaftServerImpl.java:setRole(184)) - c39ba312-e57f-4b8c-998e-32538a6d88da@group-A09C527D8C6F: changes role from  FOLLOWER to FOLLOWER at term 248 for recognizeCandidate:67d877d9-ecd0-4b7d-838e-89aa2c4103c0
2019-10-18 12:32:46,681 [grpc-default-executor-5] INFO  impl.RoleInfo (RoleInfo.java:shutdownFollowerState(121)) - 6af5dfc0-d4d0-48db-9aa9-c45e51549e54: shutdown FollowerState
2019-10-18 12:32:46,681 [grpc-default-executor-1] INFO  impl.RoleInfo (RoleInfo.java:shutdownFollowerState(121)) - c39ba312-e57f-4b8c-998e-32538a6d88da: shutdown FollowerState
2019-10-18 12:32:46,681 [Thread-1734] INFO  impl.FollowerState (FollowerState.java:run(117)) - 6af5dfc0-d4d0-48db-9aa9-c45e51549e54@group-A09C527D8C6F-FollowerState was interrupted: java.lang.InterruptedException: sleep interrupted
2019-10-18 12:32:46,681 [grpc-default-executor-5] INFO  impl.RoleInfo (RoleInfo.java:updateAndGet(143)) - 6af5dfc0-d4d0-48db-9aa9-c45e51549e54: start FollowerState
2019-10-18 12:32:46,681 [Thread-1733] INFO  impl.FollowerState (FollowerState.java:run(117)) - c39ba312-e57f-4b8c-998e-32538a6d88da@group-A09C527D8C6F-FollowerState was interrupted: java.lang.InterruptedException: sleep interrupted
2019-10-18 12:32:46,681 [grpc-default-executor-1] INFO  impl.RoleInfo (RoleInfo.java:updateAndGet(143)) - c39ba312-e57f-4b8c-998e-32538a6d88da: start FollowerState
2019-10-18 12:32:46,700 [67d877d9-ecd0-4b7d-838e-89aa2c4103c0@group-A09C527D8C6F-LeaderElection206] INFO  impl.LeaderElection (LeaderElection.java:logAndReturn(56)) - 67d877d9-ecd0-4b7d-838e-89aa2c4103c0@group-A09C527D8C6F-LeaderElection206: Election REJECTED; received 2 response(s) [67d877d9-ecd0-4b7d-838e-89aa2c4103c0<-c39ba312-e57f-4b8c-998e-32538a6d88da#0:FAIL-t248, 67d877d9-ecd0-4b7d-838e-89aa2c4103c0<-6af5dfc0-d4d0-48db-9aa9-c45e51549e54#0:FAIL-t248] and 0 exception(s); 67d877d9-ecd0-4b7d-838e-89aa2c4103c0@group-A09C527D8C6F:t248, leader=null, voted=67d877d9-ecd0-4b7d-838e-89aa2c4103c0, raftlog=67d877d9-ecd0-4b7d-838e-89aa2c4103c0@group-A09C527D8C6F-SegmentedRaftLog:OPENED:c-1,f-1,i0, conf=-1: [c39ba312-e57f-4b8c-998e-32538a6d88da:192.168.34.56:44039, 67d877d9-ecd0-4b7d-838e-89aa2c4103c0:192.168.34.56:33816, 6af5dfc0-d4d0-48db-9aa9-c45e51549e54:192.168.34.56:32981], old=null
2019-10-18 12:32:46,701 [67d877d9-ecd0-4b7d-838e-89aa2c4103c0@group-A09C527D8C6F-LeaderElection206] INFO  impl.RaftServerImpl (RaftServerImpl.java:setRole(184)) - 67d877d9-ecd0-4b7d-838e-89aa2c4103c0@group-A09C527D8C6F: changes role from CANDIDATE to FOLLOWER at term 248 for DISCOVERED_A_NEW_TERM
2019-10-18 12:32:46,701 [67d877d9-ecd0-4b7d-838e-89aa2c4103c0@group-A09C527D8C6F-LeaderElection206] INFO  impl.RoleInfo (RoleInfo.java:shutdownLeaderElection(134)) - 67d877d9-ecd0-4b7d-838e-89aa2c4103c0: shutdown LeaderElection
2019-10-18 12:32:46,701 [67d877d9-ecd0-4b7d-838e-89aa2c4103c0@group-A09C527D8C6F-LeaderElection206] INFO  impl.RoleInfo (RoleInfo.java:updateAndGet(143)) - 67d877d9-ecd0-4b7d-838e-89aa2c4103c0: start FollowerState
2019-10-18 12:32:46,769 [Thread-1741] INFO  impl.FollowerState (FollowerState.java:run(108)) - 67d877d9-ecd0-4b7d-838e-89aa2c4103c0@group-A09C527D8C6F-FollowerState: change to CANDIDATE, lastRpcTime:68ms, electionTimeout:68ms
2019-10-18 12:32:46,769 [Thread-1741] INFO  impl.RoleInfo (RoleInfo.java:shutdownFollowerState(121)) - 67d877d9-ecd0-4b7d-838e-89aa2c4103c0: shutdown FollowerState
2019-10-18 12:32:46,770 [Thread-1741] INFO  impl.RaftServerImpl (RaftServerImpl.java:setRole(184)) - 67d877d9-ecd0-4b7d-838e-89aa2c4103c0@group-A09C527D8C6F: changes role from  FOLLOWER to CANDIDATE at term 248 for changeToCandidate
2019-10-18 12:32:46,770 [Thread-1741] INFO  impl.RoleInfo (RoleInfo.java:updateAndGet(143)) - 67d877d9-ecd0-4b7d-838e-89aa2c4103c0: start LeaderElection
2019-10-18 12:32:46,796 [67d877d9-ecd0-4b7d-838e-89aa2c4103c0@group-A09C527D8C6F-LeaderElection207] INFO  impl.LeaderElection (LeaderElection.java:askForVotes(178)) - 67d877d9-ecd0-4b7d-838e-89aa2c4103c0@group-A09C527D8C6F-LeaderElection207: begin an election at term 249 for -1: [c39ba312-e57f-4b8c-998e-32538a6d88da:192.168.34.56:44039, 67d877d9-ecd0-4b7d-838e-89aa2c4103c0:192.168.34.56:33816, 6af5dfc0-d4d0-48db-9aa9-c45e51549e54:192.168.34.56:32981], old=null
2019-10-18 12:32:46,798 [grpc-default-executor-1] INFO  impl.RaftServerImpl (RaftServerImpl.java:setRole(184)) - c39ba312-e57f-4b8c-998e-32538a6d88da@group-A09C527D8C6F: changes role from  FOLLOWER to FOLLOWER at term 249 for recognizeCandidate:67d877d9-ecd0-4b7d-838e-89aa2c4103c0
2019-10-18 12:32:46,798 [grpc-default-executor-5] INFO  impl.RaftServerImpl (RaftServerImpl.java:setRole(184)) - 6af5dfc0-d4d0-48db-9aa9-c45e51549e54@group-A09C527D8C6F: changes role from  FOLLOWER to FOLLOWER at term 249 for recognizeCandidate:67d877d9-ecd0-4b7d-838e-89aa2c4103c0
2019-10-18 12:32:46,799 [grpc-default-executor-5] INFO  impl.RoleInfo (RoleInfo.java:shutdownFollowerState(121)) - 6af5dfc0-d4d0-48db-9aa9-c45e51549e54: shutdown FollowerState
2019-10-18 12:32:46,799 [grpc-default-executor-1] INFO  impl.RoleInfo (RoleInfo.java:shutdownFollowerState(121)) - c39ba312-e57f-4b8c-998e-32538a6d88da: shutdown FollowerState
2019-10-18 12:32:46,802 [grpc-default-executor-1] INFO  impl.RoleInfo (RoleInfo.java:updateAndGet(143)) - c39ba312-e57f-4b8c-998e-32538a6d88da: start FollowerState
2019-10-18 12:32:46,802 [Thread-1740] INFO  impl.FollowerState (FollowerState.java:run(117)) - c39ba312-e57f-4b8c-998e-32538a6d88da@group-A09C527D8C6F-FollowerState was interrupted: java.lang.InterruptedException: sleep interrupted
2019-10-18 12:32:46,802 [grpc-default-executor-5] INFO  impl.RoleInfo (RoleInfo.java:updateAndGet(143)) - 6af5dfc0-d4d0-48db-9aa9-c45e51549e54: start FollowerState
2019-10-18 12:32:46,802 [Thread-1739] INFO  impl.FollowerState (FollowerState.java:run(117)) - 6af5dfc0-d4d0-48db-9aa9-c45e51549e54@group-A09C527D8C6F-FollowerState was interrupted: java.lang.InterruptedException: sleep interrupted
2019-10-18 12:32:46,831 [67d877d9-ecd0-4b7d-838e-89aa2c4103c0@group-A09C527D8C6F-LeaderElection207] INFO  impl.LeaderElection (LeaderElection.java:logAndReturn(56)) - 67d877d9-ecd0-4b7d-838e-89aa2c4103c0@group-A09C527D8C6F-LeaderElection207: Election REJECTED; received 2 response(s) [67d877d9-ecd0-4b7d-838e-89aa2c4103c0<-c39ba312-e57f-4b8c-998e-32538a6d88da#0:FAIL-t249, 67d877d9-ecd0-4b7d-838e-89aa2c4103c0<-6af5dfc0-d4d0-48db-9aa9-c45e51549e54#0:FAIL-t249] and 0 exception(s); 67d877d9-ecd0-4b7d-838e-89aa2c4103c0@group-A09C527D8C6F:t249, leader=null, voted=67d877d9-ecd0-4b7d-838e-89aa2c4103c0, raftlog=67d877d9-ecd0-4b7d-838e-89aa2c4103c0@group-A09C527D8C6F-SegmentedRaftLog:OPENED:c-1,f-1,i0, conf=-1: [c39ba312-e57f-4b8c-998e-32538a6d88da:192.168.34.56:44039, 67d877d9-ecd0-4b7d-838e-89aa2c4103c0:192.168.34.56:33816, 6af5dfc0-d4d0-48db-9aa9-c45e51549e54:192.168.34.56:32981], old=null
2019-10-18 12:32:46,831 [67d877d9-ecd0-4b7d-838e-89aa2c4103c0@group-A09C527D8C6F-LeaderElection207] INFO  impl.RaftServerImpl (RaftServerImpl.java:setRole(184)) - 67d877d9-ecd0-4b7d-838e-89aa2c4103c0@group-A09C527D8C6F: changes role from CANDIDATE to FOLLOWER at term 249 for DISCOVERED_A_NEW_TERM
2019-10-18 12:32:46,831 [67d877d9-ecd0-4b7d-838e-89aa2c4103c0@group-A09C527D8C6F-LeaderElection207] INFO  impl.RoleInfo (RoleInfo.java:shutdownLeaderElection(134)) - 67d877d9-ecd0-4b7d-838e-89aa2c4103c0: shutdown LeaderElection
2019-10-18 12:32:46,832 [67d877d9-ecd0-4b7d-838e-89aa2c4103c0@group-A09C527D8C6F-LeaderElection207] INFO  impl.RoleInfo (RoleInfo.java:updateAndGet(143)) - 67d877d9-ecd0-4b7d-838e-89aa2c4103c0: start FollowerState
2019-10-18 12:32:46,964 [Thread-1747] INFO  impl.FollowerState (FollowerState.java:run(108)) - 67d877d9-ecd0-4b7d-838e-89aa2c4103c0@group-A09C527D8C6F-FollowerState: change to CANDIDATE, lastRpcTime:132ms, electionTimeout:132ms
2019-10-18 12:32:46,964 [Thread-1747] INFO  impl.RoleInfo (RoleInfo.java:shutdownFollowerState(121)) - 67d877d9-ecd0-4b7d-838e-89aa2c4103c0: shutdown FollowerState
2019-10-18 12:32:46,964 [Thread-1747] INFO  impl.RaftServerImpl (RaftServerImpl.java:setRole(184)) - 67d877d9-ecd0-4b7d-838e-89aa2c4103c0@group-A09C527D8C6F: changes role from  FOLLOWER to CANDIDATE at term 249 for changeToCandidate
2019-10-18 12:32:46,964 [Thread-1747] INFO  impl.RoleInfo (RoleInfo.java:updateAndGet(143)) - 67d877d9-ecd0-4b7d-838e-89aa2c4103c0: start LeaderElection
2019-10-18 12:32:46,989 [67d877d9-ecd0-4b7d-838e-89aa2c4103c0@group-A09C527D8C6F-LeaderElection208] INFO  impl.LeaderElection (LeaderElection.java:askForVotes(178)) - 67d877d9-ecd0-4b7d-838e-89aa2c4103c0@group-A09C527D8C6F-LeaderElection208: begin an election at term 250 for -1: [c39ba312-e57f-4b8c-998e-32538a6d88da:192.168.34.56:44039, 67d877d9-ecd0-4b7d-838e-89aa2c4103c0:192.168.34.56:33816, 6af5dfc0-d4d0-48db-9aa9-c45e51549e54:192.168.34.56:32981], old=null
2019-10-18 12:32:46,991 [grpc-default-executor-5] INFO  impl.RaftServerImpl (RaftServerImpl.java:setRole(184)) - c39ba312-e57f-4b8c-998e-32538a6d88da@group-A09C527D8C6F: changes role from  FOLLOWER to FOLLOWER at term 250 for recognizeCandidate:67d877d9-ecd0-4b7d-838e-89aa2c4103c0
2019-10-18 12:32:46,991 [grpc-default-executor-1] INFO  impl.RaftServerImpl (RaftServerImpl.java:setRole(184)) - 6af5dfc0-d4d0-48db-9aa9-c45e51549e54@group-A09C527D8C6F: changes role from  FOLLOWER to FOLLOWER at term 250 for recognizeCandidate:67d877d9-ecd0-4b7d-838e-89aa2c4103c0
2019-10-18 12:32:46,991 [grpc-default-executor-5] INFO  impl.RoleInfo (RoleInfo.java:shutdownFollowerState(121)) - c39ba312-e57f-4b8c-998e-32538a6d88da: shutdown FollowerState
2019-10-18 12:32:46,991 [grpc-default-executor-1] INFO  impl.RoleInfo (RoleInfo.java:shutdownFollowerState(121)) - 6af5dfc0-d4d0-48db-9aa9-c45e51549e54: shutdown FollowerState
2019-10-18 12:32:46,991 [Thread-1745] INFO  impl.FollowerState (FollowerState.java:run(117)) - c39ba312-e57f-4b8c-998e-32538a6d88da@group-A09C527D8C6F-FollowerState was interrupted: java.lang.InterruptedException: sleep interrupted
2019-10-18 12:32:46,991 [Thread-1746] INFO  impl.FollowerState (FollowerState.java:run(117)) - 6af5dfc0-d4d0-48db-9aa9-c45e51549e54@group-A09C527D8C6F-FollowerState was interrupted: java.lang.InterruptedException: sleep interrupted
2019-10-18 12:32:46,991 [grpc-default-executor-5] INFO  impl.RoleInfo (RoleInfo.java:updateAndGet(143)) - c39ba312-e57f-4b8c-998e-32538a6d88da: start FollowerState
2019-10-18 12:32:46,991 [grpc-default-executor-1] INFO  impl.RoleInfo (RoleInfo.java:updateAndGet(143)) - 6af5dfc0-d4d0-48db-9aa9-c45e51549e54: start FollowerState
2019-10-18 12:32:47,026 [67d877d9-ecd0-4b7d-838e-89aa2c4103c0@group-A09C527D8C6F-LeaderElection208] INFO  impl.LeaderElection (LeaderElection.java:logAndReturn(56)) - 67d877d9-ecd0-4b7d-838e-89aa2c4103c0@group-A09C527D8C6F-LeaderElection208: Election REJECTED; received 2 response(s) [67d877d9-ecd0-4b7d-838e-89aa2c4103c0<-c39ba312-e57f-4b8c-998e-32538a6d88da#0:FAIL-t250, 67d877d9-ecd0-4b7d-838e-89aa2c4103c0<-6af5dfc0-d4d0-48db-9aa9-c45e51549e54#0:FAIL-t250] and 0 exception(s); 67d877d9-ecd0-4b7d-838e-89aa2c4103c0@group-A09C527D8C6F:t250, leader=null, voted=67d877d9-ecd0-4b7d-838e-89aa2c4103c0, raftlog=67d877d9-ecd0-4b7d-838e-89aa2c4103c0@group-A09C527D8C6F-SegmentedRaftLog:OPENED:c-1,f-1,i0, conf=-1: [c39ba312-e57f-4b8c-998e-32538a6d88da:192.168.34.56:44039, 67d877d9-ecd0-4b7d-838e-89aa2c4103c0:192.168.34.56:33816, 6af5dfc0-d4d0-48db-9aa9-c45e51549e54:192.168.34.56:32981], old=null
2019-10-18 12:32:47,026 [67d877d9-ecd0-4b7d-838e-89aa2c4103c0@group-A09C527D8C6F-LeaderElection208] INFO  impl.RaftServerImpl (RaftServerImpl.java:setRole(184)) - 67d877d9-ecd0-4b7d-838e-89aa2c4103c0@group-A09C527D8C6F: changes role from CANDIDATE to FOLLOWER at term 250 for DISCOVERED_A_NEW_TERM
2019-10-18 12:32:47,026 [67d877d9-ecd0-4b7d-838e-89aa2c4103c0@group-A09C527D8C6F-LeaderElection208] INFO  impl.RoleInfo (RoleInfo.java:shutdownLeaderElection(134)) - 67d877d9-ecd0-4b7d-838e-89aa2c4103c0: shutdown LeaderElection
2019-10-18 12:32:47,026 [67d877d9-ecd0-4b7d-838e-89aa2c4103c0@group-A09C527D8C6F-LeaderElection208] INFO  impl.RoleInfo (RoleInfo.java:updateAndGet(143)) - 67d877d9-ecd0-4b7d-838e-89aa2c4103c0: start FollowerState
2019-10-18 12:32:47,153 [Thread-1753] INFO  impl.FollowerState (FollowerState.java:run(108)) - 67d877d9-ecd0-4b7d-838e-89aa2c4103c0@group-A09C527D8C6F-FollowerState: change to CANDIDATE, lastRpcTime:127ms, electionTimeout:127ms
2019-10-18 12:32:47,154 [Thread-1753] INFO  impl.RoleInfo (RoleInfo.java:shutdownFollowerState(121)) - 67d877d9-ecd0-4b7d-838e-89aa2c4103c0: shutdown FollowerState
2019-10-18 12:32:47,154 [Thread-1753] INFO  impl.RaftServerImpl (RaftServerImpl.java:setRole(184)) - 67d877d9-ecd0-4b7d-838e-89aa2c4103c0@group-A09C527D8C6F: changes role from  FOLLOWER to CANDIDATE at term 250 for changeToCandidate
2019-10-18 12:32:47,154 [Thread-1753] INFO  impl.RoleInfo (RoleInfo.java:updateAndGet(143)) - 67d877d9-ecd0-4b7d-838e-89aa2c4103c0: start LeaderElection
2019-10-18 12:32:47,178 [67d877d9-ecd0-4b7d-838e-89aa2c4103c0@group-A09C527D8C6F-LeaderElection209] INFO  impl.LeaderElection (LeaderElection.java:askForVotes(178)) - 67d877d9-ecd0-4b7d-838e-89aa2c4103c0@group-A09C527D8C6F-LeaderElection209: begin an election at term 251 for -1: [c39ba312-e57f-4b8c-998e-32538a6d88da:192.168.34.56:44039, 67d877d9-ecd0-4b7d-838e-89aa2c4103c0:192.168.34.56:33816, 6af5dfc0-d4d0-48db-9aa9-c45e51549e54:192.168.34.56:32981], old=null
2019-10-18 12:32:47,180 [grpc-default-executor-5] INFO  impl.RaftServerImpl (RaftServerImpl.java:setRole(184)) - 6af5dfc0-d4d0-48db-9aa9-c45e51549e54@group-A09C527D8C6F: changes role from  FOLLOWER to FOLLOWER at term 251 for recognizeCandidate:67d877d9-ecd0-4b7d-838e-89aa2c4103c0
2019-10-18 12:32:47,180 [grpc-default-executor-5] INFO  impl.RoleInfo (RoleInfo.java:shutdownFollowerState(121)) - 6af5dfc0-d4d0-48db-9aa9-c45e51549e54: shutdown FollowerState
2019-10-18 12:32:47,181 [grpc-default-executor-1] INFO  impl.RaftServerImpl (RaftServerImpl.java:setRole(184)) - c39ba312-e57f-4b8c-998e-32538a6d88da@group-A09C527D8C6F: changes role from  FOLLOWER to FOLLOWER at term 251 for recognizeCandidate:67d877d9-ecd0-4b7d-838e-89aa2c4103c0
2019-10-18 12:32:47,181 [grpc-default-executor-5] INFO  impl.RoleInfo (RoleInfo.java:updateAndGet(143)) - 6af5dfc0-d4d0-48db-9aa9-c45e51549e54: start FollowerState
2019-10-18 12:32:47,181 [Thread-1752] INFO  impl.FollowerState (FollowerState.java:run(117)) - 6af5dfc0-d4d0-48db-9aa9-c45e51549e54@group-A09C527D8C6F-FollowerState was interrupted: java.lang.InterruptedException: sleep interrupted
2019-10-18 12:32:47,181 [grpc-default-executor-1] INFO  impl.RoleInfo (RoleInfo.java:shutdownFollowerState(121)) - c39ba312-e57f-4b8c-998e-32538a6d88da: shutdown FollowerState
2019-10-18 12:32:47,181 [grpc-default-executor-1] INFO  impl.RoleInfo (RoleInfo.java:updateAndGet(143)) - c39ba312-e57f-4b8c-998e-32538a6d88da: start FollowerState
2019-10-18 12:32:47,181 [Thread-1751] INFO  impl.FollowerState (FollowerState.java:run(117)) - c39ba312-e57f-4b8c-998e-32538a6d88da@group-A09C527D8C6F-FollowerState was interrupted: java.lang.InterruptedException: sleep interrupted
2019-10-18 12:32:47,205 [67d877d9-ecd0-4b7d-838e-89aa2c4103c0@group-A09C527D8C6F-LeaderElection209] INFO  impl.LeaderElection (LeaderElection.java:logAndReturn(56)) - 67d877d9-ecd0-4b7d-838e-89aa2c4103c0@group-A09C527D8C6F-LeaderElection209: Election REJECTED; received 2 response(s) [67d877d9-ecd0-4b7d-838e-89aa2c4103c0<-c39ba312-e57f-4b8c-998e-32538a6d88da#0:FAIL-t251, 67d877d9-ecd0-4b7d-838e-89aa2c4103c0<-6af5dfc0-d4d0-48db-9aa9-c45e51549e54#0:FAIL-t251] and 0 exception(s); 67d877d9-ecd0-4b7d-838e-89aa2c4103c0@group-A09C527D8C6F:t251, leader=null, voted=67d877d9-ecd0-4b7d-838e-89aa2c4103c0, raftlog=67d877d9-ecd0-4b7d-838e-89aa2c4103c0@group-A09C527D8C6F-SegmentedRaftLog:OPENED:c-1,f-1,i0, conf=-1: [c39ba312-e57f-4b8c-998e-32538a6d88da:192.168.34.56:44039, 67d877d9-ecd0-4b7d-838e-89aa2c4103c0:192.168.34.56:33816, 6af5dfc0-d4d0-48db-9aa9-c45e51549e54:192.168.34.56:32981], old=null
2019-10-18 12:32:47,205 [67d877d9-ecd0-4b7d-838e-89aa2c4103c0@group-A09C527D8C6F-LeaderElection209] INFO  impl.RaftServerImpl (RaftServerImpl.java:setRole(184)) - 67d877d9-ecd0-4b7d-838e-89aa2c4103c0@group-A09C527D8C6F: changes role from CANDIDATE to FOLLOWER at term 251 for DISCOVERED_A_NEW_TERM
2019-10-18 12:32:47,205 [67d877d9-ecd0-4b7d-838e-89aa2c4103c0@group-A09C527D8C6F-LeaderElection209] INFO  impl.RoleInfo (RoleInfo.java:shutdownLeaderElection(134)) - 67d877d9-ecd0-4b7d-838e-89aa2c4103c0: shutdown LeaderElection
2019-10-18 12:32:47,205 [67d877d9-ecd0-4b7d-838e-89aa2c4103c0@group-A09C527D8C6F-LeaderElection209] INFO  impl.RoleInfo (RoleInfo.java:updateAndGet(143)) - 67d877d9-ecd0-4b7d-838e-89aa2c4103c0: start FollowerState
2019-10-18 12:32:47,354 [Thread-1761] INFO  impl.FollowerState (FollowerState.java:run(108)) - 67d877d9-ecd0-4b7d-838e-89aa2c4103c0@group-A09C527D8C6F-FollowerState: change to CANDIDATE, lastRpcTime:148ms, electionTimeout:148ms
2019-10-18 12:32:47,354 [Thread-1761] INFO  impl.RoleInfo (RoleInfo.java:shutdownFollowerState(121)) - 67d877d9-ecd0-4b7d-838e-89aa2c4103c0: shutdown FollowerState
2019-10-18 12:32:47,354 [Thread-1761] INFO  impl.RaftServerImpl (RaftServerImpl.java:setRole(184)) - 67d877d9-ecd0-4b7d-838e-89aa2c4103c0@group-A09C527D8C6F: changes role from  FOLLOWER to CANDIDATE at term 251 for changeToCandidate
2019-10-18 12:32:47,354 [Thread-1761] INFO  impl.RoleInfo (RoleInfo.java:updateAndGet(143)) - 67d877d9-ecd0-4b7d-838e-89aa2c4103c0: start LeaderElection
2019-10-18 12:32:47,375 [67d877d9-ecd0-4b7d-838e-89aa2c4103c0@group-A09C527D8C6F-LeaderElection210] INFO  impl.LeaderElection (LeaderElection.java:askForVotes(178)) - 67d877d9-ecd0-4b7d-838e-89aa2c4103c0@group-A09C527D8C6F-LeaderElection210: begin an election at term 252 for -1: [c39ba312-e57f-4b8c-998e-32538a6d88da:192.168.34.56:44039, 67d877d9-ecd0-4b7d-838e-89aa2c4103c0:192.168.34.56:33816, 6af5dfc0-d4d0-48db-9aa9-c45e51549e54:192.168.34.56:32981], old=null
2019-10-18 12:32:47,376 [grpc-default-executor-1] INFO  impl.RaftServerImpl (RaftServerImpl.java:setRole(184)) - 6af5dfc0-d4d0-48db-9aa9-c45e51549e54@group-A09C527D8C6F: changes role from  FOLLOWER to FOLLOWER at term 252 for recognizeCandidate:67d877d9-ecd0-4b7d-838e-89aa2c4103c0
2019-10-18 12:32:47,377 [grpc-default-executor-1] INFO  impl.RoleInfo (RoleInfo.java:shutdownFollowerState(121)) - 6af5dfc0-d4d0-48db-9aa9-c45e51549e54: shutdown FollowerState
2019-10-18 12:32:47,376 [grpc-default-executor-5] INFO  impl.RaftServerImpl (RaftServerImpl.java:setRole(184)) - c39ba312-e57f-4b8c-998e-32538a6d88da@group-A09C527D8C6F: changes role from  FOLLOWER to FOLLOWER at term 252 for recognizeCandidate:67d877d9-ecd0-4b7d-838e-89aa2c4103c0
2019-10-18 12:32:47,377 [grpc-default-executor-1] INFO  impl.RoleInfo (RoleInfo.java:updateAndGet(143)) - 6af5dfc0-d4d0-48db-9aa9-c45e51549e54: start FollowerState
2019-10-18 12:32:47,377 [Thread-1759] INFO  impl.FollowerState (FollowerState.java:run(117)) - 6af5dfc0-d4d0-48db-9aa9-c45e51549e54@group-A09C527D8C6F-FollowerState was interrupted: java.lang.InterruptedException: sleep interrupted
2019-10-18 12:32:47,377 [grpc-default-executor-5] INFO  impl.RoleInfo (RoleInfo.java:shutdownFollowerState(121)) - c39ba312-e57f-4b8c-998e-32538a6d88da: shutdown FollowerState
2019-10-18 12:32:47,377 [grpc-default-executor-5] INFO  impl.RoleInfo (RoleInfo.java:updateAndGet(143)) - c39ba312-e57f-4b8c-998e-32538a6d88da: start FollowerState
2019-10-18 12:32:47,377 [Thread-1760] INFO  impl.FollowerState (FollowerState.java:run(117)) - c39ba312-e57f-4b8c-998e-32538a6d88da@group-A09C527D8C6F-FollowerState was interrupted: java.lang.InterruptedException: sleep interrupted
2019-10-18 12:32:47,435 [67d877d9-ecd0-4b7d-838e-89aa2c4103c0@group-A09C527D8C6F-LeaderElection210] INFO  impl.LeaderElection (LeaderElection.java:logAndReturn(56)) - 67d877d9-ecd0-4b7d-838e-89aa2c4103c0@group-A09C527D8C6F-LeaderElection210: Election REJECTED; received 2 response(s) [67d877d9-ecd0-4b7d-838e-89aa2c4103c0<-c39ba312-e57f-4b8c-998e-32538a6d88da#0:FAIL-t252, 67d877d9-ecd0-4b7d-838e-89aa2c4103c0<-6af5dfc0-d4d0-48db-9aa9-c45e51549e54#0:FAIL-t252] and 0 exception(s); 67d877d9-ecd0-4b7d-838e-89aa2c4103c0@group-A09C527D8C6F:t252, leader=null, voted=67d877d9-ecd0-4b7d-838e-89aa2c4103c0, raftlog=67d877d9-ecd0-4b7d-838e-89aa2c4103c0@group-A09C527D8C6F-SegmentedRaftLog:OPENED:c-1,f-1,i0, conf=-1: [c39ba312-e57f-4b8c-998e-32538a6d88da:192.168.34.56:44039, 67d877d9-ecd0-4b7d-838e-89aa2c4103c0:192.168.34.56:33816, 6af5dfc0-d4d0-48db-9aa9-c45e51549e54:192.168.34.56:32981], old=null
2019-10-18 12:32:47,435 [67d877d9-ecd0-4b7d-838e-89aa2c4103c0@group-A09C527D8C6F-LeaderElection210] INFO  impl.RaftServerImpl (RaftServerImpl.java:setRole(184)) - 67d877d9-ecd0-4b7d-838e-89aa2c4103c0@group-A09C527D8C6F: changes role from CANDIDATE to FOLLOWER at term 252 for DISCOVERED_A_NEW_TERM
2019-10-18 12:32:47,435 [67d877d9-ecd0-4b7d-838e-89aa2c4103c0@group-A09C527D8C6F-LeaderElection210] INFO  impl.RoleInfo (RoleInfo.java:shutdownLeaderElection(134)) - 67d877d9-ecd0-4b7d-838e-89aa2c4103c0: shutdown LeaderElection
2019-10-18 12:32:47,435 [67d877d9-ecd0-4b7d-838e-89aa2c4103c0@group-A09C527D8C6F-LeaderElection210] INFO  impl.RoleInfo (RoleInfo.java:updateAndGet(143)) - 67d877d9-ecd0-4b7d-838e-89aa2c4103c0: start FollowerState
2019-10-18 12:32:47,506 [Thread-1767] INFO  impl.FollowerState (FollowerState.java:run(108)) - 67d877d9-ecd0-4b7d-838e-89aa2c4103c0@group-A09C527D8C6F-FollowerState: change to CANDIDATE, lastRpcTime:70ms, electionTimeout:70ms
2019-10-18 12:32:47,506 [Thread-1767] INFO  impl.RoleInfo (RoleInfo.java:shutdownFollowerState(121)) - 67d877d9-ecd0-4b7d-838e-89aa2c4103c0: shutdown FollowerState
2019-10-18 12:32:47,506 [Thread-1767] INFO  impl.RaftServerImpl (RaftServerImpl.java:setRole(184)) - 67d877d9-ecd0-4b7d-838e-89aa2c4103c0@group-A09C527D8C6F: changes role from  FOLLOWER to CANDIDATE at term 252 for changeToCandidate
2019-10-18 12:32:47,506 [Thread-1767] INFO  impl.RoleInfo (RoleInfo.java:updateAndGet(143)) - 67d877d9-ecd0-4b7d-838e-89aa2c4103c0: start LeaderElection
2019-10-18 12:32:47,529 [67d877d9-ecd0-4b7d-838e-89aa2c4103c0@group-A09C527D8C6F-LeaderElection211] INFO  impl.LeaderElection (LeaderElection.java:askForVotes(178)) - 67d877d9-ecd0-4b7d-838e-89aa2c4103c0@group-A09C527D8C6F-LeaderElection211: begin an election at term 253 for -1: [c39ba312-e57f-4b8c-998e-32538a6d88da:192.168.34.56:44039, 67d877d9-ecd0-4b7d-838e-89aa2c4103c0:192.168.34.56:33816, 6af5dfc0-d4d0-48db-9aa9-c45e51549e54:192.168.34.56:32981], old=null
2019-10-18 12:32:47,531 [grpc-default-executor-5] INFO  impl.RaftServerImpl (RaftServerImpl.java:setRole(184)) - c39ba312-e57f-4b8c-998e-32538a6d88da@group-A09C527D8C6F: changes role from  FOLLOWER to FOLLOWER at term 253 for recognizeCandidate:67d877d9-ecd0-4b7d-838e-89aa2c4103c0
2019-10-18 12:32:47,531 [grpc-default-executor-1] INFO  impl.RaftServerImpl (RaftServerImpl.java:setRole(184)) - 6af5dfc0-d4d0-48db-9aa9-c45e51549e54@group-A09C527D8C6F: changes role from  FOLLOWER to FOLLOWER at term 253 for recognizeCandidate:67d877d9-ecd0-4b7d-838e-89aa2c4103c0
2019-10-18 12:32:47,531 [grpc-default-executor-5] INFO  impl.RoleInfo (RoleInfo.java:shutdownFollowerState(121)) - c39ba312-e57f-4b8c-998e-32538a6d88da: shutdown FollowerState
2019-10-18 12:32:47,531 [grpc-default-executor-1] INFO  impl.RoleInfo (RoleInfo.java:shutdownFollowerState(121)) - 6af5dfc0-d4d0-48db-9aa9-c45e51549e54: shutdown FollowerState
2019-10-18 12:32:47,532 [Thread-1766] INFO  impl.FollowerState (FollowerState.java:run(117)) - c39ba312-e57f-4b8c-998e-32538a6d88da@group-A09C527D8C6F-FollowerState was interrupted: java.lang.InterruptedException: sleep interrupted
2019-10-18 12:32:47,532 [grpc-default-executor-5] INFO  impl.RoleInfo (RoleInfo.java:updateAndGet(143)) - c39ba312-e57f-4b8c-998e-32538a6d88da: start FollowerState
2019-10-18 12:32:47,532 [Thread-1765] INFO  impl.FollowerState (FollowerState.java:run(117)) - 6af5dfc0-d4d0-48db-9aa9-c45e51549e54@group-A09C527D8C6F-FollowerState was interrupted: java.lang.InterruptedException: sleep interrupted
2019-10-18 12:32:47,532 [grpc-default-executor-1] INFO  impl.RoleInfo (RoleInfo.java:updateAndGet(143)) - 6af5dfc0-d4d0-48db-9aa9-c45e51549e54: start FollowerState
2019-10-18 12:32:47,546 [67d877d9-ecd0-4b7d-838e-89aa2c4103c0@group-A09C527D8C6F-LeaderElection211] INFO  impl.LeaderElection (LeaderElection.java:logAndReturn(56)) - 67d877d9-ecd0-4b7d-838e-89aa2c4103c0@group-A09C527D8C6F-LeaderElection211: Election REJECTED; received 2 response(s) [67d877d9-ecd0-4b7d-838e-89aa2c4103c0<-c39ba312-e57f-4b8c-998e-32538a6d88da#0:FAIL-t253, 67d877d9-ecd0-4b7d-838e-89aa2c4103c0<-6af5dfc0-d4d0-48db-9aa9-c45e51549e54#0:FAIL-t253] and 0 exception(s); 67d877d9-ecd0-4b7d-838e-89aa2c4103c0@group-A09C527D8C6F:t253, leader=null, voted=67d877d9-ecd0-4b7d-838e-89aa2c4103c0, raftlog=67d877d9-ecd0-4b7d-838e-89aa2c4103c0@group-A09C527D8C6F-SegmentedRaftLog:OPENED:c-1,f-1,i0, conf=-1: [c39ba312-e57f-4b8c-998e-32538a6d88da:192.168.34.56:44039, 67d877d9-ecd0-4b7d-838e-89aa2c4103c0:192.168.34.56:33816, 6af5dfc0-d4d0-48db-9aa9-c45e51549e54:192.168.34.56:32981], old=null
2019-10-18 12:32:47,547 [67d877d9-ecd0-4b7d-838e-89aa2c4103c0@group-A09C527D8C6F-LeaderElection211] INFO  impl.RaftServerImpl (RaftServerImpl.java:setRole(184)) - 67d877d9-ecd0-4b7d-838e-89aa2c4103c0@group-A09C527D8C6F: changes role from CANDIDATE to FOLLOWER at term 253 for DISCOVERED_A_NEW_TERM
2019-10-18 12:32:47,547 [67d877d9-ecd0-4b7d-838e-89aa2c4103c0@group-A09C527D8C6F-LeaderElection211] INFO  impl.RoleInfo (RoleInfo.java:shutdownLeaderElection(134)) - 67d877d9-ecd0-4b7d-838e-89aa2c4103c0: shutdown LeaderElection
2019-10-18 12:32:47,547 [67d877d9-ecd0-4b7d-838e-89aa2c4103c0@group-A09C527D8C6F-LeaderElection211] INFO  impl.RoleInfo (RoleInfo.java:updateAndGet(143)) - 67d877d9-ecd0-4b7d-838e-89aa2c4103c0: start FollowerState
2019-10-18 12:32:47,716 [Thread-1773] INFO  impl.FollowerState (FollowerState.java:run(108)) - 67d877d9-ecd0-4b7d-838e-89aa2c4103c0@group-A09C527D8C6F-FollowerState: change to CANDIDATE, lastRpcTime:169ms, electionTimeout:169ms
2019-10-18 12:32:47,717 [Thread-1773] INFO  impl.RoleInfo (RoleInfo.java:shutdownFollowerState(121)) - 67d877d9-ecd0-4b7d-838e-89aa2c4103c0: shutdown FollowerState
2019-10-18 12:32:47,717 [Thread-1773] INFO  impl.RaftServerImpl (RaftServerImpl.java:setRole(184)) - 67d877d9-ecd0-4b7d-838e-89aa2c4103c0@group-A09C527D8C6F: changes role from  FOLLOWER to CANDIDATE at term 253 for changeToCandidate
2019-10-18 12:32:47,717 [Thread-1773] INFO  impl.RoleInfo (RoleInfo.java:updateAndGet(143)) - 67d877d9-ecd0-4b7d-838e-89aa2c4103c0: start LeaderElection
2019-10-18 12:32:47,741 [67d877d9-ecd0-4b7d-838e-89aa2c4103c0@group-A09C527D8C6F-LeaderElection212] INFO  impl.LeaderElection (LeaderElection.java:askForVotes(178)) - 67d877d9-ecd0-4b7d-838e-89aa2c4103c0@group-A09C527D8C6F-LeaderElection212: begin an election at term 254 for -1: [c39ba312-e57f-4b8c-998e-32538a6d88da:192.168.34.56:44039, 67d877d9-ecd0-4b7d-838e-89aa2c4103c0:192.168.34.56:33816, 6af5dfc0-d4d0-48db-9aa9-c45e51549e54:192.168.34.56:32981], old=null
2019-10-18 12:32:47,743 [grpc-default-executor-5] INFO  impl.RaftServerImpl (RaftServerImpl.java:setRole(184)) - c39ba312-e57f-4b8c-998e-32538a6d88da@group-A09C527D8C6F: changes role from  FOLLOWER to FOLLOWER at term 254 for recognizeCandidate:67d877d9-ecd0-4b7d-838e-89aa2c4103c0
2019-10-18 12:32:47,743 [grpc-default-executor-1] INFO  impl.RaftServerImpl (RaftServerImpl.java:setRole(184)) - 6af5dfc0-d4d0-48db-9aa9-c45e51549e54@group-A09C527D8C6F: changes role from  FOLLOWER to FOLLOWER at term 254 for recognizeCandidate:67d877d9-ecd0-4b7d-838e-89aa2c4103c0
2019-10-18 12:32:47,743 [grpc-default-executor-5] INFO  impl.RoleInfo (RoleInfo.java:shutdownFollowerState(121)) - c39ba312-e57f-4b8c-998e-32538a6d88da: shutdown FollowerState
2019-10-18 12:32:47,744 [grpc-default-executor-1] INFO  impl.RoleInfo (RoleInfo.java:shutdownFollowerState(121)) - 6af5dfc0-d4d0-48db-9aa9-c45e51549e54: shutdown FollowerState
2019-10-18 12:32:47,744 [Thread-1771] INFO  impl.FollowerState (FollowerState.java:run(117)) - c39ba312-e57f-4b8c-998e-32538a6d88da@group-A09C527D8C6F-FollowerState was interrupted: java.lang.InterruptedException: sleep interrupted
2019-10-18 12:32:47,744 [grpc-default-executor-5] INFO  impl.RoleInfo (RoleInfo.java:updateAndGet(143)) - c39ba312-e57f-4b8c-998e-32538a6d88da: start FollowerState
2019-10-18 12:32:47,744 [grpc-default-executor-1] INFO  impl.RoleInfo (RoleInfo.java:updateAndGet(143)) - 6af5dfc0-d4d0-48db-9aa9-c45e51549e54: start FollowerState
2019-10-18 12:32:47,744 [Thread-1772] INFO  impl.FollowerState (FollowerState.java:run(117)) - 6af5dfc0-d4d0-48db-9aa9-c45e51549e54@group-A09C527D8C6F-FollowerState was interrupted: java.lang.InterruptedException: sleep interrupted
2019-10-18 12:32:47,769 [67d877d9-ecd0-4b7d-838e-89aa2c4103c0@group-A09C527D8C6F-LeaderElection212] INFO  impl.LeaderElection (LeaderElection.java:logAndReturn(56)) - 67d877d9-ecd0-4b7d-838e-89aa2c4103c0@group-A09C527D8C6F-LeaderElection212: Election REJECTED; received 2 response(s) [67d877d9-ecd0-4b7d-838e-89aa2c4103c0<-c39ba312-e57f-4b8c-998e-32538a6d88da#0:FAIL-t254, 67d877d9-ecd0-4b7d-838e-89aa2c4103c0<-6af5dfc0-d4d0-48db-9aa9-c45e51549e54#0:FAIL-t254] and 0 exception(s); 67d877d9-ecd0-4b7d-838e-89aa2c4103c0@group-A09C527D8C6F:t254, leader=null, voted=67d877d9-ecd0-4b7d-838e-89aa2c4103c0, raftlog=67d877d9-ecd0-4b7d-838e-89aa2c4103c0@group-A09C527D8C6F-SegmentedRaftLog:OPENED:c-1,f-1,i0, conf=-1: [c39ba312-e57f-4b8c-998e-32538a6d88da:192.168.34.56:44039, 67d877d9-ecd0-4b7d-838e-89aa2c4103c0:192.168.34.56:33816, 6af5dfc0-d4d0-48db-9aa9-c45e51549e54:192.168.34.56:32981], old=null
2019-10-18 12:32:47,769 [67d877d9-ecd0-4b7d-838e-89aa2c4103c0@group-A09C527D8C6F-LeaderElection212] INFO  impl.RaftServerImpl (RaftServerImpl.java:setRole(184)) - 67d877d9-ecd0-4b7d-838e-89aa2c4103c0@group-A09C527D8C6F: changes role from CANDIDATE to FOLLOWER at term 254 for DISCOVERED_A_NEW_TERM
2019-10-18 12:32:47,769 [67d877d9-ecd0-4b7d-838e-89aa2c4103c0@group-A09C527D8C6F-LeaderElection212] INFO  impl.RoleInfo (RoleInfo.java:shutdownLeaderElection(134)) - 67d877d9-ecd0-4b7d-838e-89aa2c4103c0: shutdown LeaderElection
2019-10-18 12:32:47,769 [67d877d9-ecd0-4b7d-838e-89aa2c4103c0@group-A09C527D8C6F-LeaderElection212] INFO  impl.RoleInfo (RoleInfo.java:updateAndGet(143)) - 67d877d9-ecd0-4b7d-838e-89aa2c4103c0: start FollowerState
2019-10-18 12:32:47,772 [Thread-1779] INFO  impl.FollowerState (FollowerState.java:run(108)) - 67d877d9-ecd0-4b7d-838e-89aa2c4103c0@group-A09C527D8C6F-FollowerState: change to CANDIDATE, lastRpcTime:3ms, electionTimeout:3ms
2019-10-18 12:32:47,773 [Thread-1779] INFO  impl.RoleInfo (RoleInfo.java:shutdownFollowerState(121)) - 67d877d9-ecd0-4b7d-838e-89aa2c4103c0: shutdown FollowerState
2019-10-18 12:32:47,773 [Thread-1779] INFO  impl.RaftServerImpl (RaftServerImpl.java:setRole(184)) - 67d877d9-ecd0-4b7d-838e-89aa2c4103c0@group-A09C527D8C6F: changes role from  FOLLOWER to CANDIDATE at term 254 for changeToCandidate
2019-10-18 12:32:47,773 [Thread-1779] INFO  impl.RoleInfo (RoleInfo.java:updateAndGet(143)) - 67d877d9-ecd0-4b7d-838e-89aa2c4103c0: start LeaderElection
2019-10-18 12:32:47,797 [67d877d9-ecd0-4b7d-838e-89aa2c4103c0@group-A09C527D8C6F-LeaderElection213] INFO  impl.LeaderElection (LeaderElection.java:askForVotes(178)) - 67d877d9-ecd0-4b7d-838e-89aa2c4103c0@group-A09C527D8C6F-LeaderElection213: begin an election at term 255 for -1: [c39ba312-e57f-4b8c-998e-32538a6d88da:192.168.34.56:44039, 67d877d9-ecd0-4b7d-838e-89aa2c4103c0:192.168.34.56:33816, 6af5dfc0-d4d0-48db-9aa9-c45e51549e54:192.168.34.56:32981], old=null
2019-10-18 12:32:47,799 [grpc-default-executor-1] INFO  impl.RaftServerImpl (RaftServerImpl.java:setRole(184)) - c39ba312-e57f-4b8c-998e-32538a6d88da@group-A09C527D8C6F: changes role from  FOLLOWER to FOLLOWER at term 255 for recognizeCandidate:67d877d9-ecd0-4b7d-838e-89aa2c4103c0
2019-10-18 12:32:47,799 [grpc-default-executor-5] INFO  impl.RaftServerImpl (RaftServerImpl.java:setRole(184)) - 6af5dfc0-d4d0-48db-9aa9-c45e51549e54@group-A09C527D8C6F: changes role from  FOLLOWER to FOLLOWER at term 255 for recognizeCandidate:67d877d9-ecd0-4b7d-838e-89aa2c4103c0
2019-10-18 12:32:47,799 [grpc-default-executor-1] INFO  impl.RoleInfo (RoleInfo.java:shutdownFollowerState(121)) - c39ba312-e57f-4b8c-998e-32538a6d88da: shutdown FollowerState
2019-10-18 12:32:47,799 [grpc-default-executor-5] INFO  impl.RoleInfo (RoleInfo.java:shutdownFollowerState(121)) - 6af5dfc0-d4d0-48db-9aa9-c45e51549e54: shutdown FollowerState
2019-10-18 12:32:47,799 [Thread-1777] INFO  impl.FollowerState (FollowerState.java:run(117)) - c39ba312-e57f-4b8c-998e-32538a6d88da@group-A09C527D8C6F-FollowerState was interrupted: java.lang.InterruptedException: sleep interrupted
2019-10-18 12:32:47,799 [grpc-default-executor-1] INFO  impl.RoleInfo (RoleInfo.java:updateAndGet(143)) - c39ba312-e57f-4b8c-998e-32538a6d88da: start FollowerState
2019-10-18 12:32:47,799 [Thread-1778] INFO  impl.FollowerState (FollowerState.java:run(117)) - 6af5dfc0-d4d0-48db-9aa9-c45e51549e54@group-A09C527D8C6F-FollowerState was interrupted: java.lang.InterruptedException: sleep interrupted
2019-10-18 12:32:47,799 [grpc-default-executor-5] INFO  impl.RoleInfo (RoleInfo.java:updateAndGet(143)) - 6af5dfc0-d4d0-48db-9aa9-c45e51549e54: start FollowerState
2019-10-18 12:32:47,815 [67d877d9-ecd0-4b7d-838e-89aa2c4103c0@group-A09C527D8C6F-LeaderElection213] INFO  impl.LeaderElection (LeaderElection.java:logAndReturn(56)) - 67d877d9-ecd0-4b7d-838e-89aa2c4103c0@group-A09C527D8C6F-LeaderElection213: Election REJECTED; received 2 response(s) [67d877d9-ecd0-4b7d-838e-89aa2c4103c0<-c39ba312-e57f-4b8c-998e-32538a6d88da#0:FAIL-t255, 67d877d9-ecd0-4b7d-838e-89aa2c4103c0<-6af5dfc0-d4d0-48db-9aa9-c45e51549e54#0:FAIL-t255] and 0 exception(s); 67d877d9-ecd0-4b7d-838e-89aa2c4103c0@group-A09C527D8C6F:t255, leader=null, voted=67d877d9-ecd0-4b7d-838e-89aa2c4103c0, raftlog=67d877d9-ecd0-4b7d-838e-89aa2c4103c0@group-A09C527D8C6F-SegmentedRaftLog:OPENED:c-1,f-1,i0, conf=-1: [c39ba312-e57f-4b8c-998e-32538a6d88da:192.168.34.56:44039, 67d877d9-ecd0-4b7d-838e-89aa2c4103c0:192.168.34.56:33816, 6af5dfc0-d4d0-48db-9aa9-c45e51549e54:192.168.34.56:32981], old=null
2019-10-18 12:32:47,815 [67d877d9-ecd0-4b7d-838e-89aa2c4103c0@group-A09C527D8C6F-LeaderElection213] INFO  impl.RaftServerImpl (RaftServerImpl.java:setRole(184)) - 67d877d9-ecd0-4b7d-838e-89aa2c4103c0@group-A09C527D8C6F: changes role from CANDIDATE to FOLLOWER at term 255 for DISCOVERED_A_NEW_TERM
2019-10-18 12:32:47,816 [67d877d9-ecd0-4b7d-838e-89aa2c4103c0@group-A09C527D8C6F-LeaderElection213] INFO  impl.RoleInfo (RoleInfo.java:shutdownLeaderElection(134)) - 67d877d9-ecd0-4b7d-838e-89aa2c4103c0: shutdown LeaderElection
2019-10-18 12:32:47,816 [67d877d9-ecd0-4b7d-838e-89aa2c4103c0@group-A09C527D8C6F-LeaderElection213] INFO  impl.RoleInfo (RoleInfo.java:updateAndGet(143)) - 67d877d9-ecd0-4b7d-838e-89aa2c4103c0: start FollowerState
2019-10-18 12:32:48,015 [Thread-1785] INFO  impl.FollowerState (FollowerState.java:run(108)) - 67d877d9-ecd0-4b7d-838e-89aa2c4103c0@group-A09C527D8C6F-FollowerState: change to CANDIDATE, lastRpcTime:199ms, electionTimeout:198ms
2019-10-18 12:32:48,015 [Thread-1785] INFO  impl.RoleInfo (RoleInfo.java:shutdownFollowerState(121)) - 67d877d9-ecd0-4b7d-838e-89aa2c4103c0: shutdown FollowerState
2019-10-18 12:32:48,016 [Thread-1785] INFO  impl.RaftServerImpl (RaftServerImpl.java:setRole(184)) - 67d877d9-ecd0-4b7d-838e-89aa2c4103c0@group-A09C527D8C6F: changes role from  FOLLOWER to CANDIDATE at term 255 for changeToCandidate
2019-10-18 12:32:48,016 [Thread-1785] INFO  impl.RoleInfo (RoleInfo.java:updateAndGet(143)) - 67d877d9-ecd0-4b7d-838e-89aa2c4103c0: start LeaderElection
2019-10-18 12:32:48,040 [67d877d9-ecd0-4b7d-838e-89aa2c4103c0@group-A09C527D8C6F-LeaderElection214] INFO  impl.LeaderElection (LeaderElection.java:askForVotes(178)) - 67d877d9-ecd0-4b7d-838e-89aa2c4103c0@group-A09C527D8C6F-LeaderElection214: begin an election at term 256 for -1: [c39ba312-e57f-4b8c-998e-32538a6d88da:192.168.34.56:44039, 67d877d9-ecd0-4b7d-838e-89aa2c4103c0:192.168.34.56:33816, 6af5dfc0-d4d0-48db-9aa9-c45e51549e54:192.168.34.56:32981], old=null
2019-10-18 12:32:48,042 [grpc-default-executor-1] INFO  impl.RaftServerImpl (RaftServerImpl.java:setRole(184)) - c39ba312-e57f-4b8c-998e-32538a6d88da@group-A09C527D8C6F: changes role from  FOLLOWER to FOLLOWER at term 256 for recognizeCandidate:67d877d9-ecd0-4b7d-838e-89aa2c4103c0
2019-10-18 12:32:48,042 [grpc-default-executor-5] INFO  impl.RaftServerImpl (RaftServerImpl.java:setRole(184)) - 6af5dfc0-d4d0-48db-9aa9-c45e51549e54@group-A09C527D8C6F: changes role from  FOLLOWER to FOLLOWER at term 256 for recognizeCandidate:67d877d9-ecd0-4b7d-838e-89aa2c4103c0
2019-10-18 12:32:48,042 [grpc-default-executor-5] INFO  impl.RoleInfo (RoleInfo.java:shutdownFollowerState(121)) - 6af5dfc0-d4d0-48db-9aa9-c45e51549e54: shutdown FollowerState
2019-10-18 12:32:48,042 [grpc-default-executor-1] INFO  impl.RoleInfo (RoleInfo.java:shutdownFollowerState(121)) - c39ba312-e57f-4b8c-998e-32538a6d88da: shutdown FollowerState
2019-10-18 12:32:48,042 [Thread-1784] INFO  impl.FollowerState (FollowerState.java:run(117)) - 6af5dfc0-d4d0-48db-9aa9-c45e51549e54@group-A09C527D8C6F-FollowerState was interrupted: java.lang.InterruptedException: sleep interrupted
2019-10-18 12:32:48,042 [Thread-1783] INFO  impl.FollowerState (FollowerState.java:run(117)) - c39ba312-e57f-4b8c-998e-32538a6d88da@group-A09C527D8C6F-FollowerState was interrupted: java.lang.InterruptedException: sleep interrupted
2019-10-18 12:32:48,042 [grpc-default-executor-5] INFO  impl.RoleInfo (RoleInfo.java:updateAndGet(143)) - 6af5dfc0-d4d0-48db-9aa9-c45e51549e54: start FollowerState
2019-10-18 12:32:48,042 [grpc-default-executor-1] INFO  impl.RoleInfo (RoleInfo.java:updateAndGet(143)) - c39ba312-e57f-4b8c-998e-32538a6d88da: start FollowerState
2019-10-18 12:32:48,060 [67d877d9-ecd0-4b7d-838e-89aa2c4103c0@group-A09C527D8C6F-LeaderElection214] INFO  impl.LeaderElection (LeaderElection.java:logAndReturn(56)) - 67d877d9-ecd0-4b7d-838e-89aa2c4103c0@group-A09C527D8C6F-LeaderElection214: Election REJECTED; received 2 response(s) [67d877d9-ecd0-4b7d-838e-89aa2c4103c0<-c39ba312-e57f-4b8c-998e-32538a6d88da#0:FAIL-t256, 67d877d9-ecd0-4b7d-838e-89aa2c4103c0<-6af5dfc0-d4d0-48db-9aa9-c45e51549e54#0:FAIL-t256] and 0 exception(s); 67d877d9-ecd0-4b7d-838e-89aa2c4103c0@group-A09C527D8C6F:t256, leader=null, voted=67d877d9-ecd0-4b7d-838e-89aa2c4103c0, raftlog=67d877d9-ecd0-4b7d-838e-89aa2c4103c0@group-A09C527D8C6F-SegmentedRaftLog:OPENED:c-1,f-1,i0, conf=-1: [c39ba312-e57f-4b8c-998e-32538a6d88da:192.168.34.56:44039, 67d877d9-ecd0-4b7d-838e-89aa2c4103c0:192.168.34.56:33816, 6af5dfc0-d4d0-48db-9aa9-c45e51549e54:192.168.34.56:32981], old=null
2019-10-18 12:32:48,060 [67d877d9-ecd0-4b7d-838e-89aa2c4103c0@group-A09C527D8C6F-LeaderElection214] INFO  impl.RaftServerImpl (RaftServerImpl.java:setRole(184)) - 67d877d9-ecd0-4b7d-838e-89aa2c4103c0@group-A09C527D8C6F: changes role from CANDIDATE to FOLLOWER at term 256 for DISCOVERED_A_NEW_TERM
2019-10-18 12:32:48,060 [67d877d9-ecd0-4b7d-838e-89aa2c4103c0@group-A09C527D8C6F-LeaderElection214] INFO  impl.RoleInfo (RoleInfo.java:shutdownLeaderElection(134)) - 67d877d9-ecd0-4b7d-838e-89aa2c4103c0: shutdown LeaderElection
2019-10-18 12:32:48,060 [67d877d9-ecd0-4b7d-838e-89aa2c4103c0@group-A09C527D8C6F-LeaderElection214] INFO  impl.RoleInfo (RoleInfo.java:updateAndGet(143)) - 67d877d9-ecd0-4b7d-838e-89aa2c4103c0: start FollowerState
2019-10-18 12:32:48,156 [Thread-1793] INFO  impl.FollowerState (FollowerState.java:run(108)) - 67d877d9-ecd0-4b7d-838e-89aa2c4103c0@group-A09C527D8C6F-FollowerState: change to CANDIDATE, lastRpcTime:96ms, electionTimeout:96ms
2019-10-18 12:32:48,157 [Thread-1793] INFO  impl.RoleInfo (RoleInfo.java:shutdownFollowerState(121)) - 67d877d9-ecd0-4b7d-838e-89aa2c4103c0: shutdown FollowerState
2019-10-18 12:32:48,157 [Thread-1793] INFO  impl.RaftServerImpl (RaftServerImpl.java:setRole(184)) - 67d877d9-ecd0-4b7d-838e-89aa2c4103c0@group-A09C527D8C6F: changes role from  FOLLOWER to CANDIDATE at term 256 for changeToCandidate
2019-10-18 12:32:48,157 [Thread-1793] INFO  impl.RoleInfo (RoleInfo.java:updateAndGet(143)) - 67d877d9-ecd0-4b7d-838e-89aa2c4103c0: start LeaderElection
2019-10-18 12:32:48,181 [67d877d9-ecd0-4b7d-838e-89aa2c4103c0@group-A09C527D8C6F-LeaderElection215] INFO  impl.LeaderElection (LeaderElection.java:askForVotes(178)) - 67d877d9-ecd0-4b7d-838e-89aa2c4103c0@group-A09C527D8C6F-LeaderElection215: begin an election at term 257 for -1: [c39ba312-e57f-4b8c-998e-32538a6d88da:192.168.34.56:44039, 67d877d9-ecd0-4b7d-838e-89aa2c4103c0:192.168.34.56:33816, 6af5dfc0-d4d0-48db-9aa9-c45e51549e54:192.168.34.56:32981], old=null
2019-10-18 12:32:48,183 [grpc-default-executor-1] INFO  impl.RaftServerImpl (RaftServerImpl.java:setRole(184)) - 6af5dfc0-d4d0-48db-9aa9-c45e51549e54@group-A09C527D8C6F: changes role from  FOLLOWER to FOLLOWER at term 257 for recognizeCandidate:67d877d9-ecd0-4b7d-838e-89aa2c4103c0
2019-10-18 12:32:48,183 [grpc-default-executor-5] INFO  impl.RaftServerImpl (RaftServerImpl.java:setRole(184)) - c39ba312-e57f-4b8c-998e-32538a6d88da@group-A09C527D8C6F: changes role from  FOLLOWER to FOLLOWER at term 257 for recognizeCandidate:67d877d9-ecd0-4b7d-838e-89aa2c4103c0
2019-10-18 12:32:48,183 [grpc-default-executor-1] INFO  impl.RoleInfo (RoleInfo.java:shutdownFollowerState(121)) - 6af5dfc0-d4d0-48db-9aa9-c45e51549e54: shutdown FollowerState
2019-10-18 12:32:48,183 [grpc-default-executor-5] INFO  impl.RoleInfo (RoleInfo.java:shutdownFollowerState(121)) - c39ba312-e57f-4b8c-998e-32538a6d88da: shutdown FollowerState
2019-10-18 12:32:48,183 [grpc-default-executor-1] INFO  impl.RoleInfo (RoleInfo.java:updateAndGet(143)) - 6af5dfc0-d4d0-48db-9aa9-c45e51549e54: start FollowerState
2019-10-18 12:32:48,183 [Thread-1789] INFO  impl.FollowerState (FollowerState.java:run(117)) - 6af5dfc0-d4d0-48db-9aa9-c45e51549e54@group-A09C527D8C6F-FollowerState was interrupted: java.lang.InterruptedException: sleep interrupted
2019-10-18 12:32:48,184 [Thread-1790] INFO  impl.FollowerState (FollowerState.java:run(117)) - c39ba312-e57f-4b8c-998e-32538a6d88da@group-A09C527D8C6F-FollowerState was interrupted: java.lang.InterruptedException: sleep interrupted
2019-10-18 12:32:48,183 [grpc-default-executor-5] INFO  impl.RoleInfo (RoleInfo.java:updateAndGet(143)) - c39ba312-e57f-4b8c-998e-32538a6d88da: start FollowerState
2019-10-18 12:32:48,207 [67d877d9-ecd0-4b7d-838e-89aa2c4103c0@group-A09C527D8C6F-LeaderElection215] INFO  impl.LeaderElection (LeaderElection.java:logAndReturn(56)) - 67d877d9-ecd0-4b7d-838e-89aa2c4103c0@group-A09C527D8C6F-LeaderElection215: Election REJECTED; received 2 response(s) [67d877d9-ecd0-4b7d-838e-89aa2c4103c0<-c39ba312-e57f-4b8c-998e-32538a6d88da#0:FAIL-t257, 67d877d9-ecd0-4b7d-838e-89aa2c4103c0<-6af5dfc0-d4d0-48db-9aa9-c45e51549e54#0:FAIL-t257] and 0 exception(s); 67d877d9-ecd0-4b7d-838e-89aa2c4103c0@group-A09C527D8C6F:t257, leader=null, voted=67d877d9-ecd0-4b7d-838e-89aa2c4103c0, raftlog=67d877d9-ecd0-4b7d-838e-89aa2c4103c0@group-A09C527D8C6F-SegmentedRaftLog:OPENED:c-1,f-1,i0, conf=-1: [c39ba312-e57f-4b8c-998e-32538a6d88da:192.168.34.56:44039, 67d877d9-ecd0-4b7d-838e-89aa2c4103c0:192.168.34.56:33816, 6af5dfc0-d4d0-48db-9aa9-c45e51549e54:192.168.34.56:32981], old=null
2019-10-18 12:32:48,207 [67d877d9-ecd0-4b7d-838e-89aa2c4103c0@group-A09C527D8C6F-LeaderElection215] INFO  impl.RaftServerImpl (RaftServerImpl.java:setRole(184)) - 67d877d9-ecd0-4b7d-838e-89aa2c4103c0@group-A09C527D8C6F: changes role from CANDIDATE to FOLLOWER at term 257 for DISCOVERED_A_NEW_TERM
2019-10-18 12:32:48,207 [67d877d9-ecd0-4b7d-838e-89aa2c4103c0@group-A09C527D8C6F-LeaderElection215] INFO  impl.RoleInfo (RoleInfo.java:shutdownLeaderElection(134)) - 67d877d9-ecd0-4b7d-838e-89aa2c4103c0: shutdown LeaderElection
2019-10-18 12:32:48,207 [67d877d9-ecd0-4b7d-838e-89aa2c4103c0@group-A09C527D8C6F-LeaderElection215] INFO  impl.RoleInfo (RoleInfo.java:updateAndGet(143)) - 67d877d9-ecd0-4b7d-838e-89aa2c4103c0: start FollowerState
2019-10-18 12:32:48,328 [Thread-1799] INFO  impl.FollowerState (FollowerState.java:run(108)) - 67d877d9-ecd0-4b7d-838e-89aa2c4103c0@group-A09C527D8C6F-FollowerState: change to CANDIDATE, lastRpcTime:121ms, electionTimeout:121ms
2019-10-18 12:32:48,329 [Thread-1799] INFO  impl.RoleInfo (RoleInfo.java:shutdownFollowerState(121)) - 67d877d9-ecd0-4b7d-838e-89aa2c4103c0: shutdown FollowerState
2019-10-18 12:32:48,329 [Thread-1799] INFO  impl.RaftServerImpl (RaftServerImpl.java:setRole(184)) - 67d877d9-ecd0-4b7d-838e-89aa2c4103c0@group-A09C527D8C6F: changes role from  FOLLOWER to CANDIDATE at term 257 for changeToCandidate
2019-10-18 12:32:48,329 [Thread-1799] INFO  impl.RoleInfo (RoleInfo.java:updateAndGet(143)) - 67d877d9-ecd0-4b7d-838e-89aa2c4103c0: start LeaderElection
2019-10-18 12:32:48,349 [67d877d9-ecd0-4b7d-838e-89aa2c4103c0@group-A09C527D8C6F-LeaderElection216] INFO  impl.LeaderElection (LeaderElection.java:askForVotes(178)) - 67d877d9-ecd0-4b7d-838e-89aa2c4103c0@group-A09C527D8C6F-LeaderElection216: begin an election at term 258 for -1: [c39ba312-e57f-4b8c-998e-32538a6d88da:192.168.34.56:44039, 67d877d9-ecd0-4b7d-838e-89aa2c4103c0:192.168.34.56:33816, 6af5dfc0-d4d0-48db-9aa9-c45e51549e54:192.168.34.56:32981], old=null
2019-10-18 12:32:48,351 [grpc-default-executor-5] INFO  impl.RaftServerImpl (RaftServerImpl.java:setRole(184)) - c39ba312-e57f-4b8c-998e-32538a6d88da@group-A09C527D8C6F: changes role from  FOLLOWER to FOLLOWER at term 258 for recognizeCandidate:67d877d9-ecd0-4b7d-838e-89aa2c4103c0
2019-10-18 12:32:48,351 [grpc-default-executor-1] INFO  impl.RaftServerImpl (RaftServerImpl.java:setRole(184)) - 6af5dfc0-d4d0-48db-9aa9-c45e51549e54@group-A09C527D8C6F: changes role from  FOLLOWER to FOLLOWER at term 258 for recognizeCandidate:67d877d9-ecd0-4b7d-838e-89aa2c4103c0
2019-10-18 12:32:48,351 [grpc-default-executor-5] INFO  impl.RoleInfo (RoleInfo.java:shutdownFollowerState(121)) - c39ba312-e57f-4b8c-998e-32538a6d88da: shutdown FollowerState
2019-10-18 12:32:48,352 [grpc-default-executor-1] INFO  impl.RoleInfo (RoleInfo.java:shutdownFollowerState(121)) - 6af5dfc0-d4d0-48db-9aa9-c45e51549e54: shutdown FollowerState
2019-10-18 12:32:48,352 [Thread-1798] INFO  impl.FollowerState (FollowerState.java:run(117)) - c39ba312-e57f-4b8c-998e-32538a6d88da@group-A09C527D8C6F-FollowerState was interrupted: java.lang.InterruptedException: sleep interrupted
2019-10-18 12:32:48,352 [grpc-default-executor-5] INFO  impl.RoleInfo (RoleInfo.java:updateAndGet(143)) - c39ba312-e57f-4b8c-998e-32538a6d88da: start FollowerState
2019-10-18 12:32:48,352 [Thread-1797] INFO  impl.FollowerState (FollowerState.java:run(117)) - 6af5dfc0-d4d0-48db-9aa9-c45e51549e54@group-A09C527D8C6F-FollowerState was interrupted: java.lang.InterruptedException: sleep interrupted
2019-10-18 12:32:48,352 [grpc-default-executor-1] INFO  impl.RoleInfo (RoleInfo.java:updateAndGet(143)) - 6af5dfc0-d4d0-48db-9aa9-c45e51549e54: start FollowerState
2019-10-18 12:32:48,375 [67d877d9-ecd0-4b7d-838e-89aa2c4103c0@group-A09C527D8C6F-LeaderElection216] INFO  impl.LeaderElection (LeaderElection.java:logAndReturn(56)) - 67d877d9-ecd0-4b7d-838e-89aa2c4103c0@group-A09C527D8C6F-LeaderElection216: Election REJECTED; received 2 response(s) [67d877d9-ecd0-4b7d-838e-89aa2c4103c0<-c39ba312-e57f-4b8c-998e-32538a6d88da#0:FAIL-t258, 67d877d9-ecd0-4b7d-838e-89aa2c4103c0<-6af5dfc0-d4d0-48db-9aa9-c45e51549e54#0:FAIL-t258] and 0 exception(s); 67d877d9-ecd0-4b7d-838e-89aa2c4103c0@group-A09C527D8C6F:t258, leader=null, voted=67d877d9-ecd0-4b7d-838e-89aa2c4103c0, raftlog=67d877d9-ecd0-4b7d-838e-89aa2c4103c0@group-A09C527D8C6F-SegmentedRaftLog:OPENED:c-1,f-1,i0, conf=-1: [c39ba312-e57f-4b8c-998e-32538a6d88da:192.168.34.56:44039, 67d877d9-ecd0-4b7d-838e-89aa2c4103c0:192.168.34.56:33816, 6af5dfc0-d4d0-48db-9aa9-c45e51549e54:192.168.34.56:32981], old=null
2019-10-18 12:32:48,376 [67d877d9-ecd0-4b7d-838e-89aa2c4103c0@group-A09C527D8C6F-LeaderElection216] INFO  impl.RaftServerImpl (RaftServerImpl.java:setRole(184)) - 67d877d9-ecd0-4b7d-838e-89aa2c4103c0@group-A09C527D8C6F: changes role from CANDIDATE to FOLLOWER at term 258 for DISCOVERED_A_NEW_TERM
2019-10-18 12:32:48,376 [67d877d9-ecd0-4b7d-838e-89aa2c4103c0@group-A09C527D8C6F-LeaderElection216] INFO  impl.RoleInfo (RoleInfo.java:shutdownLeaderElection(134)) - 67d877d9-ecd0-4b7d-838e-89aa2c4103c0: shutdown LeaderElection
2019-10-18 12:32:48,376 [67d877d9-ecd0-4b7d-838e-89aa2c4103c0@group-A09C527D8C6F-LeaderElection216] INFO  impl.RoleInfo (RoleInfo.java:updateAndGet(143)) - 67d877d9-ecd0-4b7d-838e-89aa2c4103c0: start FollowerState
2019-10-18 12:32:48,571 [Thread-1805] INFO  impl.FollowerState (FollowerState.java:run(108)) - 67d877d9-ecd0-4b7d-838e-89aa2c4103c0@group-A09C527D8C6F-FollowerState: change to CANDIDATE, lastRpcTime:195ms, electionTimeout:195ms
2019-10-18 12:32:48,571 [Thread-1805] INFO  impl.RoleInfo (RoleInfo.java:shutdownFollowerState(121)) - 67d877d9-ecd0-4b7d-838e-89aa2c4103c0: shutdown FollowerState
2019-10-18 12:32:48,571 [Thread-1805] INFO  impl.RaftServerImpl (RaftServerImpl.java:setRole(184)) - 67d877d9-ecd0-4b7d-838e-89aa2c4103c0@group-A09C527D8C6F: changes role from  FOLLOWER to CANDIDATE at term 258 for changeToCandidate
2019-10-18 12:32:48,572 [Thread-1805] INFO  impl.RoleInfo (RoleInfo.java:updateAndGet(143)) - 67d877d9-ecd0-4b7d-838e-89aa2c4103c0: start LeaderElection
2019-10-18 12:32:48,605 [67d877d9-ecd0-4b7d-838e-89aa2c4103c0@group-A09C527D8C6F-LeaderElection217] INFO  impl.LeaderElection (LeaderElection.java:askForVotes(178)) - 67d877d9-ecd0-4b7d-838e-89aa2c4103c0@group-A09C527D8C6F-LeaderElection217: begin an election at term 259 for -1: [c39ba312-e57f-4b8c-998e-32538a6d88da:192.168.34.56:44039, 67d877d9-ecd0-4b7d-838e-89aa2c4103c0:192.168.34.56:33816, 6af5dfc0-d4d0-48db-9aa9-c45e51549e54:192.168.34.56:32981], old=null
2019-10-18 12:32:48,606 [grpc-default-executor-5] INFO  impl.RaftServerImpl (RaftServerImpl.java:setRole(184)) - 6af5dfc0-d4d0-48db-9aa9-c45e51549e54@group-A09C527D8C6F: changes role from  FOLLOWER to FOLLOWER at term 259 for recognizeCandidate:67d877d9-ecd0-4b7d-838e-89aa2c4103c0
2019-10-18 12:32:48,606 [grpc-default-executor-1] INFO  impl.RaftServerImpl (RaftServerImpl.java:setRole(184)) - c39ba312-e57f-4b8c-998e-32538a6d88da@group-A09C527D8C6F: changes role from  FOLLOWER to FOLLOWER at term 259 for recognizeCandidate:67d877d9-ecd0-4b7d-838e-89aa2c4103c0
2019-10-18 12:32:48,606 [grpc-default-executor-5] INFO  impl.RoleInfo (RoleInfo.java:shutdownFollowerState(121)) - 6af5dfc0-d4d0-48db-9aa9-c45e51549e54: shutdown FollowerState
2019-10-18 12:32:48,606 [grpc-default-executor-1] INFO  impl.RoleInfo (RoleInfo.java:shutdownFollowerState(121)) - c39ba312-e57f-4b8c-998e-32538a6d88da: shutdown FollowerState
2019-10-18 12:32:48,607 [Thread-1804] INFO  impl.FollowerState (FollowerState.java:run(117)) - 6af5dfc0-d4d0-48db-9aa9-c45e51549e54@group-A09C527D8C6F-FollowerState was interrupted: java.lang.InterruptedException: sleep interrupted
2019-10-18 12:32:48,607 [grpc-default-executor-5] INFO  impl.RoleInfo (RoleInfo.java:updateAndGet(143)) - 6af5dfc0-d4d0-48db-9aa9-c45e51549e54: start FollowerState
2019-10-18 12:32:48,607 [Thread-1803] INFO  impl.FollowerState (FollowerState.java:run(117)) - c39ba312-e57f-4b8c-998e-32538a6d88da@group-A09C527D8C6F-FollowerState was interrupted: java.lang.InterruptedException: sleep interrupted
2019-10-18 12:32:48,607 [grpc-default-executor-1] INFO  impl.RoleInfo (RoleInfo.java:updateAndGet(143)) - c39ba312-e57f-4b8c-998e-32538a6d88da: start FollowerState
2019-10-18 12:32:48,623 [67d877d9-ecd0-4b7d-838e-89aa2c4103c0@group-A09C527D8C6F-LeaderElection217] INFO  impl.LeaderElection (LeaderElection.java:logAndReturn(56)) - 67d877d9-ecd0-4b7d-838e-89aa2c4103c0@group-A09C527D8C6F-LeaderElection217: Election REJECTED; received 2 response(s) [67d877d9-ecd0-4b7d-838e-89aa2c4103c0<-c39ba312-e57f-4b8c-998e-32538a6d88da#0:FAIL-t259, 67d877d9-ecd0-4b7d-838e-89aa2c4103c0<-6af5dfc0-d4d0-48db-9aa9-c45e51549e54#0:FAIL-t259] and 0 exception(s); 67d877d9-ecd0-4b7d-838e-89aa2c4103c0@group-A09C527D8C6F:t259, leader=null, voted=67d877d9-ecd0-4b7d-838e-89aa2c4103c0, raftlog=67d877d9-ecd0-4b7d-838e-89aa2c4103c0@group-A09C527D8C6F-SegmentedRaftLog:OPENED:c-1,f-1,i0, conf=-1: [c39ba312-e57f-4b8c-998e-32538a6d88da:192.168.34.56:44039, 67d877d9-ecd0-4b7d-838e-89aa2c4103c0:192.168.34.56:33816, 6af5dfc0-d4d0-48db-9aa9-c45e51549e54:192.168.34.56:32981], old=null
2019-10-18 12:32:48,623 [67d877d9-ecd0-4b7d-838e-89aa2c4103c0@group-A09C527D8C6F-LeaderElection217] INFO  impl.RaftServerImpl (RaftServerImpl.java:setRole(184)) - 67d877d9-ecd0-4b7d-838e-89aa2c4103c0@group-A09C527D8C6F: changes role from CANDIDATE to FOLLOWER at term 259 for DISCOVERED_A_NEW_TERM
2019-10-18 12:32:48,623 [67d877d9-ecd0-4b7d-838e-89aa2c4103c0@group-A09C527D8C6F-LeaderElection217] INFO  impl.RoleInfo (RoleInfo.java:shutdownLeaderElection(134)) - 67d877d9-ecd0-4b7d-838e-89aa2c4103c0: shutdown LeaderElection
2019-10-18 12:32:48,624 [67d877d9-ecd0-4b7d-838e-89aa2c4103c0@group-A09C527D8C6F-LeaderElection217] INFO  impl.RoleInfo (RoleInfo.java:updateAndGet(143)) - 67d877d9-ecd0-4b7d-838e-89aa2c4103c0: start FollowerState
2019-10-18 12:32:48,777 [Thread-1811] INFO  impl.FollowerState (FollowerState.java:run(108)) - 67d877d9-ecd0-4b7d-838e-89aa2c4103c0@group-A09C527D8C6F-FollowerState: change to CANDIDATE, lastRpcTime:153ms, electionTimeout:153ms
2019-10-18 12:32:48,777 [Thread-1811] INFO  impl.RoleInfo (RoleInfo.java:shutdownFollowerState(121)) - 67d877d9-ecd0-4b7d-838e-89aa2c4103c0: shutdown FollowerState
2019-10-18 12:32:48,777 [Thread-1811] INFO  impl.RaftServerImpl (RaftServerImpl.java:setRole(184)) - 67d877d9-ecd0-4b7d-838e-89aa2c4103c0@group-A09C527D8C6F: changes role from  FOLLOWER to CANDIDATE at term 259 for changeToCandidate
2019-10-18 12:32:48,777 [Thread-1811] INFO  impl.RoleInfo (RoleInfo.java:updateAndGet(143)) - 67d877d9-ecd0-4b7d-838e-89aa2c4103c0: start LeaderElection
2019-10-18 12:32:48,800 [67d877d9-ecd0-4b7d-838e-89aa2c4103c0@group-A09C527D8C6F-LeaderElection218] INFO  impl.LeaderElection (LeaderElection.java:askForVotes(178)) - 67d877d9-ecd0-4b7d-838e-89aa2c4103c0@group-A09C527D8C6F-LeaderElection218: begin an election at term 260 for -1: [c39ba312-e57f-4b8c-998e-32538a6d88da:192.168.34.56:44039, 67d877d9-ecd0-4b7d-838e-89aa2c4103c0:192.168.34.56:33816, 6af5dfc0-d4d0-48db-9aa9-c45e51549e54:192.168.34.56:32981], old=null
2019-10-18 12:32:48,802 [grpc-default-executor-1] INFO  impl.RaftServerImpl (RaftServerImpl.java:setRole(184)) - c39ba312-e57f-4b8c-998e-32538a6d88da@group-A09C527D8C6F: changes role from  FOLLOWER to FOLLOWER at term 260 for recognizeCandidate:67d877d9-ecd0-4b7d-838e-89aa2c4103c0
2019-10-18 12:32:48,802 [grpc-default-executor-5] INFO  impl.RaftServerImpl (RaftServerImpl.java:setRole(184)) - 6af5dfc0-d4d0-48db-9aa9-c45e51549e54@group-A09C527D8C6F: changes role from  FOLLOWER to FOLLOWER at term 260 for recognizeCandidate:67d877d9-ecd0-4b7d-838e-89aa2c4103c0
2019-10-18 12:32:48,802 [grpc-default-executor-1] INFO  impl.RoleInfo (RoleInfo.java:shutdownFollowerState(121)) - c39ba312-e57f-4b8c-998e-32538a6d88da: shutdown FollowerState
2019-10-18 12:32:48,802 [grpc-default-executor-5] INFO  impl.RoleInfo (RoleInfo.java:shutdownFollowerState(121)) - 6af5dfc0-d4d0-48db-9aa9-c45e51549e54: shutdown FollowerState
2019-10-18 12:32:48,802 [Thread-1810] INFO  impl.FollowerState (FollowerState.java:run(117)) - c39ba312-e57f-4b8c-998e-32538a6d88da@group-A09C527D8C6F-FollowerState was interrupted: java.lang.InterruptedException: sleep interrupted
2019-10-18 12:32:48,802 [Thread-1809] INFO  impl.FollowerState (FollowerState.java:run(117)) - 6af5dfc0-d4d0-48db-9aa9-c45e51549e54@group-A09C527D8C6F-FollowerState was interrupted: java.lang.InterruptedException: sleep interrupted
2019-10-18 12:32:48,802 [grpc-default-executor-1] INFO  impl.RoleInfo (RoleInfo.java:updateAndGet(143)) - c39ba312-e57f-4b8c-998e-32538a6d88da: start FollowerState
2019-10-18 12:32:48,802 [grpc-default-executor-5] INFO  impl.RoleInfo (RoleInfo.java:updateAndGet(143)) - 6af5dfc0-d4d0-48db-9aa9-c45e51549e54: start FollowerState
2019-10-18 12:32:48,823 [67d877d9-ecd0-4b7d-838e-89aa2c4103c0@group-A09C527D8C6F-LeaderElection218] INFO  impl.LeaderElection (LeaderElection.java:logAndReturn(56)) - 67d877d9-ecd0-4b7d-838e-89aa2c4103c0@group-A09C527D8C6F-LeaderElection218: Election TIMEOUT; received 0 response(s) [] and 0 exception(s); 67d877d9-ecd0-4b7d-838e-89aa2c4103c0@group-A09C527D8C6F:t260, leader=null, voted=67d877d9-ecd0-4b7d-838e-89aa2c4103c0, raftlog=67d877d9-ecd0-4b7d-838e-89aa2c4103c0@group-A09C527D8C6F-SegmentedRaftLog:OPENED:c-1,f-1,i0, conf=-1: [c39ba312-e57f-4b8c-998e-32538a6d88da:192.168.34.56:44039, 67d877d9-ecd0-4b7d-838e-89aa2c4103c0:192.168.34.56:33816, 6af5dfc0-d4d0-48db-9aa9-c45e51549e54:192.168.34.56:32981], old=null
2019-10-18 12:32:48,842 [67d877d9-ecd0-4b7d-838e-89aa2c4103c0@group-A09C527D8C6F-LeaderElection218] INFO  impl.LeaderElection (LeaderElection.java:askForVotes(178)) - 67d877d9-ecd0-4b7d-838e-89aa2c4103c0@group-A09C527D8C6F-LeaderElection218: begin an election at term 261 for -1: [c39ba312-e57f-4b8c-998e-32538a6d88da:192.168.34.56:44039, 67d877d9-ecd0-4b7d-838e-89aa2c4103c0:192.168.34.56:33816, 6af5dfc0-d4d0-48db-9aa9-c45e51549e54:192.168.34.56:32981], old=null
2019-10-18 12:32:48,843 [grpc-default-executor-1] INFO  impl.RaftServerImpl (RaftServerImpl.java:setRole(184)) - c39ba312-e57f-4b8c-998e-32538a6d88da@group-A09C527D8C6F: changes role from  FOLLOWER to FOLLOWER at term 261 for recognizeCandidate:67d877d9-ecd0-4b7d-838e-89aa2c4103c0
2019-10-18 12:32:48,843 [grpc-default-executor-5] INFO  impl.RaftServerImpl (RaftServerImpl.java:setRole(184)) - 6af5dfc0-d4d0-48db-9aa9-c45e51549e54@group-A09C527D8C6F: changes role from  FOLLOWER to FOLLOWER at term 261 for recognizeCandidate:67d877d9-ecd0-4b7d-838e-89aa2c4103c0
2019-10-18 12:32:48,843 [grpc-default-executor-1] INFO  impl.RoleInfo (RoleInfo.java:shutdownFollowerState(121)) - c39ba312-e57f-4b8c-998e-32538a6d88da: shutdown FollowerState
2019-10-18 12:32:48,843 [grpc-default-executor-5] INFO  impl.RoleInfo (RoleInfo.java:shutdownFollowerState(121)) - 6af5dfc0-d4d0-48db-9aa9-c45e51549e54: shutdown FollowerState
2019-10-18 12:32:48,843 [Thread-1815] INFO  impl.FollowerState (FollowerState.java:run(117)) - c39ba312-e57f-4b8c-998e-32538a6d88da@group-A09C527D8C6F-FollowerState was interrupted: java.lang.InterruptedException: sleep interrupted
2019-10-18 12:32:48,843 [grpc-default-executor-1] INFO  impl.RoleInfo (RoleInfo.java:updateAndGet(143)) - c39ba312-e57f-4b8c-998e-32538a6d88da: start FollowerState
2019-10-18 12:32:48,843 [Thread-1816] INFO  impl.FollowerState (FollowerState.java:run(117)) - 6af5dfc0-d4d0-48db-9aa9-c45e51549e54@group-A09C527D8C6F-FollowerState was interrupted: java.lang.InterruptedException: sleep interrupted
2019-10-18 12:32:48,843 [grpc-default-executor-5] INFO  impl.RoleInfo (RoleInfo.java:updateAndGet(143)) - 6af5dfc0-d4d0-48db-9aa9-c45e51549e54: start FollowerState
2019-10-18 12:32:48,861 [67d877d9-ecd0-4b7d-838e-89aa2c4103c0@group-A09C527D8C6F-LeaderElection218] INFO  impl.LeaderElection (LeaderElection.java:logAndReturn(56)) - 67d877d9-ecd0-4b7d-838e-89aa2c4103c0@group-A09C527D8C6F-LeaderElection218: Election REJECTED; received 2 response(s) [67d877d9-ecd0-4b7d-838e-89aa2c4103c0<-c39ba312-e57f-4b8c-998e-32538a6d88da#0:FAIL-t261, 67d877d9-ecd0-4b7d-838e-89aa2c4103c0<-6af5dfc0-d4d0-48db-9aa9-c45e51549e54#0:FAIL-t261] and 0 exception(s); 67d877d9-ecd0-4b7d-838e-89aa2c4103c0@group-A09C527D8C6F:t261, leader=null, voted=67d877d9-ecd0-4b7d-838e-89aa2c4103c0, raftlog=67d877d9-ecd0-4b7d-838e-89aa2c4103c0@group-A09C527D8C6F-SegmentedRaftLog:OPENED:c-1,f-1,i0, conf=-1: [c39ba312-e57f-4b8c-998e-32538a6d88da:192.168.34.56:44039, 67d877d9-ecd0-4b7d-838e-89aa2c4103c0:192.168.34.56:33816, 6af5dfc0-d4d0-48db-9aa9-c45e51549e54:192.168.34.56:32981], old=null
2019-10-18 12:32:48,861 [67d877d9-ecd0-4b7d-838e-89aa2c4103c0@group-A09C527D8C6F-LeaderElection218] INFO  impl.RaftServerImpl (RaftServerImpl.java:setRole(184)) - 67d877d9-ecd0-4b7d-838e-89aa2c4103c0@group-A09C527D8C6F: changes role from CANDIDATE to FOLLOWER at term 261 for DISCOVERED_A_NEW_TERM
2019-10-18 12:32:48,861 [67d877d9-ecd0-4b7d-838e-89aa2c4103c0@group-A09C527D8C6F-LeaderElection218] INFO  impl.RoleInfo (RoleInfo.java:shutdownLeaderElection(134)) - 67d877d9-ecd0-4b7d-838e-89aa2c4103c0: shutdown LeaderElection
2019-10-18 12:32:48,862 [67d877d9-ecd0-4b7d-838e-89aa2c4103c0@group-A09C527D8C6F-LeaderElection218] INFO  impl.RoleInfo (RoleInfo.java:updateAndGet(143)) - 67d877d9-ecd0-4b7d-838e-89aa2c4103c0: start FollowerState
2019-10-18 12:32:49,036 [Thread-1821] INFO  impl.FollowerState (FollowerState.java:run(108)) - 67d877d9-ecd0-4b7d-838e-89aa2c4103c0@group-A09C527D8C6F-FollowerState: change to CANDIDATE, lastRpcTime:174ms, electionTimeout:174ms
2019-10-18 12:32:49,036 [Thread-1821] INFO  impl.RoleInfo (RoleInfo.java:shutdownFollowerState(121)) - 67d877d9-ecd0-4b7d-838e-89aa2c4103c0: shutdown FollowerState
2019-10-18 12:32:49,036 [Thread-1821] INFO  impl.RaftServerImpl (RaftServerImpl.java:setRole(184)) - 67d877d9-ecd0-4b7d-838e-89aa2c4103c0@group-A09C527D8C6F: changes role from  FOLLOWER to CANDIDATE at term 261 for changeToCandidate
2019-10-18 12:32:49,036 [Thread-1821] INFO  impl.RoleInfo (RoleInfo.java:updateAndGet(143)) - 67d877d9-ecd0-4b7d-838e-89aa2c4103c0: start LeaderElection
2019-10-18 12:32:49,061 [67d877d9-ecd0-4b7d-838e-89aa2c4103c0@group-A09C527D8C6F-LeaderElection219] INFO  impl.LeaderElection (LeaderElection.java:askForVotes(178)) - 67d877d9-ecd0-4b7d-838e-89aa2c4103c0@group-A09C527D8C6F-LeaderElection219: begin an election at term 262 for -1: [c39ba312-e57f-4b8c-998e-32538a6d88da:192.168.34.56:44039, 67d877d9-ecd0-4b7d-838e-89aa2c4103c0:192.168.34.56:33816, 6af5dfc0-d4d0-48db-9aa9-c45e51549e54:192.168.34.56:32981], old=null
2019-10-18 12:32:49,063 [grpc-default-executor-5] INFO  impl.RaftServerImpl (RaftServerImpl.java:setRole(184)) - 6af5dfc0-d4d0-48db-9aa9-c45e51549e54@group-A09C527D8C6F: changes role from  FOLLOWER to FOLLOWER at term 262 for recognizeCandidate:67d877d9-ecd0-4b7d-838e-89aa2c4103c0
2019-10-18 12:32:49,063 [grpc-default-executor-5] INFO  impl.RoleInfo (RoleInfo.java:shutdownFollowerState(121)) - 6af5dfc0-d4d0-48db-9aa9-c45e51549e54: shutdown FollowerState
2019-10-18 12:32:49,063 [grpc-default-executor-5] INFO  impl.RoleInfo (RoleInfo.java:updateAndGet(143)) - 6af5dfc0-d4d0-48db-9aa9-c45e51549e54: start FollowerState
2019-10-18 12:32:49,063 [Thread-1820] INFO  impl.FollowerState (FollowerState.java:run(117)) - 6af5dfc0-d4d0-48db-9aa9-c45e51549e54@group-A09C527D8C6F-FollowerState was interrupted: java.lang.InterruptedException: sleep interrupted
2019-10-18 12:32:49,063 [grpc-default-executor-3] INFO  impl.RaftServerImpl (RaftServerImpl.java:setRole(184)) - c39ba312-e57f-4b8c-998e-32538a6d88da@group-A09C527D8C6F: changes role from  FOLLOWER to FOLLOWER at term 262 for recognizeCandidate:67d877d9-ecd0-4b7d-838e-89aa2c4103c0
2019-10-18 12:32:49,064 [grpc-default-executor-3] INFO  impl.RoleInfo (RoleInfo.java:shutdownFollowerState(121)) - c39ba312-e57f-4b8c-998e-32538a6d88da: shutdown FollowerState
2019-10-18 12:32:49,064 [grpc-default-executor-3] INFO  impl.RoleInfo (RoleInfo.java:updateAndGet(143)) - c39ba312-e57f-4b8c-998e-32538a6d88da: start FollowerState
2019-10-18 12:32:49,064 [Thread-1819] INFO  impl.FollowerState (FollowerState.java:run(117)) - c39ba312-e57f-4b8c-998e-32538a6d88da@group-A09C527D8C6F-FollowerState was interrupted: java.lang.InterruptedException: sleep interrupted
2019-10-18 12:32:49,088 [67d877d9-ecd0-4b7d-838e-89aa2c4103c0@group-A09C527D8C6F-LeaderElection219] INFO  impl.LeaderElection (LeaderElection.java:logAndReturn(56)) - 67d877d9-ecd0-4b7d-838e-89aa2c4103c0@group-A09C527D8C6F-LeaderElection219: Election REJECTED; received 2 response(s) [67d877d9-ecd0-4b7d-838e-89aa2c4103c0<-c39ba312-e57f-4b8c-998e-32538a6d88da#0:FAIL-t262, 67d877d9-ecd0-4b7d-838e-89aa2c4103c0<-6af5dfc0-d4d0-48db-9aa9-c45e51549e54#0:FAIL-t262] and 0 exception(s); 67d877d9-ecd0-4b7d-838e-89aa2c4103c0@group-A09C527D8C6F:t262, leader=null, voted=67d877d9-ecd0-4b7d-838e-89aa2c4103c0, raftlog=67d877d9-ecd0-4b7d-838e-89aa2c4103c0@group-A09C527D8C6F-SegmentedRaftLog:OPENED:c-1,f-1,i0, conf=-1: [c39ba312-e57f-4b8c-998e-32538a6d88da:192.168.34.56:44039, 67d877d9-ecd0-4b7d-838e-89aa2c4103c0:192.168.34.56:33816, 6af5dfc0-d4d0-48db-9aa9-c45e51549e54:192.168.34.56:32981], old=null
2019-10-18 12:32:49,088 [67d877d9-ecd0-4b7d-838e-89aa2c4103c0@group-A09C527D8C6F-LeaderElection219] INFO  impl.RaftServerImpl (RaftServerImpl.java:setRole(184)) - 67d877d9-ecd0-4b7d-838e-89aa2c4103c0@group-A09C527D8C6F: changes role from CANDIDATE to FOLLOWER at term 262 for DISCOVERED_A_NEW_TERM
2019-10-18 12:32:49,088 [67d877d9-ecd0-4b7d-838e-89aa2c4103c0@group-A09C527D8C6F-LeaderElection219] INFO  impl.RoleInfo (RoleInfo.java:shutdownLeaderElection(134)) - 67d877d9-ecd0-4b7d-838e-89aa2c4103c0: shutdown LeaderElection
2019-10-18 12:32:49,088 [67d877d9-ecd0-4b7d-838e-89aa2c4103c0@group-A09C527D8C6F-LeaderElection219] INFO  impl.RoleInfo (RoleInfo.java:updateAndGet(143)) - 67d877d9-ecd0-4b7d-838e-89aa2c4103c0: start FollowerState
2019-10-18 12:32:49,153 [Thread-1829] INFO  impl.FollowerState (FollowerState.java:run(108)) - 67d877d9-ecd0-4b7d-838e-89aa2c4103c0@group-A09C527D8C6F-FollowerState: change to CANDIDATE, lastRpcTime:64ms, electionTimeout:64ms
2019-10-18 12:32:49,153 [Thread-1829] INFO  impl.RoleInfo (RoleInfo.java:shutdownFollowerState(121)) - 67d877d9-ecd0-4b7d-838e-89aa2c4103c0: shutdown FollowerState
2019-10-18 12:32:49,153 [Thread-1829] INFO  impl.RaftServerImpl (RaftServerImpl.java:setRole(184)) - 67d877d9-ecd0-4b7d-838e-89aa2c4103c0@group-A09C527D8C6F: changes role from  FOLLOWER to CANDIDATE at term 262 for changeToCandidate
2019-10-18 12:32:49,153 [Thread-1829] INFO  impl.RoleInfo (RoleInfo.java:updateAndGet(143)) - 67d877d9-ecd0-4b7d-838e-89aa2c4103c0: start LeaderElection
2019-10-18 12:32:49,176 [67d877d9-ecd0-4b7d-838e-89aa2c4103c0@group-A09C527D8C6F-LeaderElection220] INFO  impl.LeaderElection (LeaderElection.java:askForVotes(178)) - 67d877d9-ecd0-4b7d-838e-89aa2c4103c0@group-A09C527D8C6F-LeaderElection220: begin an election at term 263 for -1: [c39ba312-e57f-4b8c-998e-32538a6d88da:192.168.34.56:44039, 67d877d9-ecd0-4b7d-838e-89aa2c4103c0:192.168.34.56:33816, 6af5dfc0-d4d0-48db-9aa9-c45e51549e54:192.168.34.56:32981], old=null
2019-10-18 12:32:49,178 [grpc-default-executor-5] INFO  impl.RaftServerImpl (RaftServerImpl.java:setRole(184)) - c39ba312-e57f-4b8c-998e-32538a6d88da@group-A09C527D8C6F: changes role from  FOLLOWER to FOLLOWER at term 263 for recognizeCandidate:67d877d9-ecd0-4b7d-838e-89aa2c4103c0
2019-10-18 12:32:49,178 [grpc-default-executor-3] INFO  impl.RaftServerImpl (RaftServerImpl.java:setRole(184)) - 6af5dfc0-d4d0-48db-9aa9-c45e51549e54@group-A09C527D8C6F: changes role from  FOLLOWER to FOLLOWER at term 263 for recognizeCandidate:67d877d9-ecd0-4b7d-838e-89aa2c4103c0
2019-10-18 12:32:49,178 [grpc-default-executor-5] INFO  impl.RoleInfo (RoleInfo.java:shutdownFollowerState(121)) - c39ba312-e57f-4b8c-998e-32538a6d88da: shutdown FollowerState
2019-10-18 12:32:49,178 [grpc-default-executor-3] INFO  impl.RoleInfo (RoleInfo.java:shutdownFollowerState(121)) - 6af5dfc0-d4d0-48db-9aa9-c45e51549e54: shutdown FollowerState
2019-10-18 12:32:49,178 [Thread-1828] INFO  impl.FollowerState (FollowerState.java:run(117)) - c39ba312-e57f-4b8c-998e-32538a6d88da@group-A09C527D8C6F-FollowerState was interrupted: java.lang.InterruptedException: sleep interrupted
2019-10-18 12:32:49,178 [grpc-default-executor-5] INFO  impl.RoleInfo (RoleInfo.java:updateAndGet(143)) - c39ba312-e57f-4b8c-998e-32538a6d88da: start FollowerState
2019-10-18 12:32:49,178 [Thread-1826] INFO  impl.FollowerState (FollowerState.java:run(117)) - 6af5dfc0-d4d0-48db-9aa9-c45e51549e54@group-A09C527D8C6F-FollowerState was interrupted: java.lang.InterruptedException: sleep interrupted
2019-10-18 12:32:49,178 [grpc-default-executor-3] INFO  impl.RoleInfo (RoleInfo.java:updateAndGet(143)) - 6af5dfc0-d4d0-48db-9aa9-c45e51549e54: start FollowerState
2019-10-18 12:32:49,203 [67d877d9-ecd0-4b7d-838e-89aa2c4103c0@group-A09C527D8C6F-LeaderElection220] INFO  impl.LeaderElection (LeaderElection.java:logAndReturn(56)) - 67d877d9-ecd0-4b7d-838e-89aa2c4103c0@group-A09C527D8C6F-LeaderElection220: Election REJECTED; received 2 response(s) [67d877d9-ecd0-4b7d-838e-89aa2c4103c0<-c39ba312-e57f-4b8c-998e-32538a6d88da#0:FAIL-t263, 67d877d9-ecd0-4b7d-838e-89aa2c4103c0<-6af5dfc0-d4d0-48db-9aa9-c45e51549e54#0:FAIL-t263] and 0 exception(s); 67d877d9-ecd0-4b7d-838e-89aa2c4103c0@group-A09C527D8C6F:t263, leader=null, voted=67d877d9-ecd0-4b7d-838e-89aa2c4103c0, raftlog=67d877d9-ecd0-4b7d-838e-89aa2c4103c0@group-A09C527D8C6F-SegmentedRaftLog:OPENED:c-1,f-1,i0, conf=-1: [c39ba312-e57f-4b8c-998e-32538a6d88da:192.168.34.56:44039, 67d877d9-ecd0-4b7d-838e-89aa2c4103c0:192.168.34.56:33816, 6af5dfc0-d4d0-48db-9aa9-c45e51549e54:192.168.34.56:32981], old=null
2019-10-18 12:32:49,203 [67d877d9-ecd0-4b7d-838e-89aa2c4103c0@group-A09C527D8C6F-LeaderElection220] INFO  impl.RaftServerImpl (RaftServerImpl.java:setRole(184)) - 67d877d9-ecd0-4b7d-838e-89aa2c4103c0@group-A09C527D8C6F: changes role from CANDIDATE to FOLLOWER at term 263 for DISCOVERED_A_NEW_TERM
2019-10-18 12:32:49,203 [67d877d9-ecd0-4b7d-838e-89aa2c4103c0@group-A09C527D8C6F-LeaderElection220] INFO  impl.RoleInfo (RoleInfo.java:shutdownLeaderElection(134)) - 67d877d9-ecd0-4b7d-838e-89aa2c4103c0: shutdown LeaderElection
2019-10-18 12:32:49,203 [67d877d9-ecd0-4b7d-838e-89aa2c4103c0@group-A09C527D8C6F-LeaderElection220] INFO  impl.RoleInfo (RoleInfo.java:updateAndGet(143)) - 67d877d9-ecd0-4b7d-838e-89aa2c4103c0: start FollowerState
2019-10-18 12:32:49,244 [Thread-1835] INFO  impl.FollowerState (FollowerState.java:run(108)) - 67d877d9-ecd0-4b7d-838e-89aa2c4103c0@group-A09C527D8C6F-FollowerState: change to CANDIDATE, lastRpcTime:40ms, electionTimeout:40ms
2019-10-18 12:32:49,244 [Thread-1835] INFO  impl.RoleInfo (RoleInfo.java:shutdownFollowerState(121)) - 67d877d9-ecd0-4b7d-838e-89aa2c4103c0: shutdown FollowerState
2019-10-18 12:32:49,244 [Thread-1835] INFO  impl.RaftServerImpl (RaftServerImpl.java:setRole(184)) - 67d877d9-ecd0-4b7d-838e-89aa2c4103c0@group-A09C527D8C6F: changes role from  FOLLOWER to CANDIDATE at term 263 for changeToCandidate
2019-10-18 12:32:49,244 [Thread-1835] INFO  impl.RoleInfo (RoleInfo.java:updateAndGet(143)) - 67d877d9-ecd0-4b7d-838e-89aa2c4103c0: start LeaderElection
2019-10-18 12:32:49,267 [67d877d9-ecd0-4b7d-838e-89aa2c4103c0@group-A09C527D8C6F-LeaderElection221] INFO  impl.LeaderElection (LeaderElection.java:askForVotes(178)) - 67d877d9-ecd0-4b7d-838e-89aa2c4103c0@group-A09C527D8C6F-LeaderElection221: begin an election at term 264 for -1: [c39ba312-e57f-4b8c-998e-32538a6d88da:192.168.34.56:44039, 67d877d9-ecd0-4b7d-838e-89aa2c4103c0:192.168.34.56:33816, 6af5dfc0-d4d0-48db-9aa9-c45e51549e54:192.168.34.56:32981], old=null
2019-10-18 12:32:49,269 [grpc-default-executor-3] INFO  impl.RaftServerImpl (RaftServerImpl.java:setRole(184)) - c39ba312-e57f-4b8c-998e-32538a6d88da@group-A09C527D8C6F: changes role from  FOLLOWER to FOLLOWER at term 264 for recognizeCandidate:67d877d9-ecd0-4b7d-838e-89aa2c4103c0
2019-10-18 12:32:49,269 [grpc-default-executor-5] INFO  impl.RaftServerImpl (RaftServerImpl.java:setRole(184)) - 6af5dfc0-d4d0-48db-9aa9-c45e51549e54@group-A09C527D8C6F: changes role from  FOLLOWER to FOLLOWER at term 264 for recognizeCandidate:67d877d9-ecd0-4b7d-838e-89aa2c4103c0
2019-10-18 12:32:49,269 [grpc-default-executor-3] INFO  impl.RoleInfo (RoleInfo.java:shutdownFollowerState(121)) - c39ba312-e57f-4b8c-998e-32538a6d88da: shutdown FollowerState
2019-10-18 12:32:49,269 [grpc-default-executor-5] INFO  impl.RoleInfo (RoleInfo.java:shutdownFollowerState(121)) - 6af5dfc0-d4d0-48db-9aa9-c45e51549e54: shutdown FollowerState
2019-10-18 12:32:49,269 [Thread-1833] INFO  impl.FollowerState (FollowerState.java:run(117)) - c39ba312-e57f-4b8c-998e-32538a6d88da@group-A09C527D8C6F-FollowerState was interrupted: java.lang.InterruptedException: sleep interrupted
2019-10-18 12:32:49,269 [grpc-default-executor-3] INFO  impl.RoleInfo (RoleInfo.java:updateAndGet(143)) - c39ba312-e57f-4b8c-998e-32538a6d88da: start FollowerState
2019-10-18 12:32:49,269 [Thread-1834] INFO  impl.FollowerState (FollowerState.java:run(117)) - 6af5dfc0-d4d0-48db-9aa9-c45e51549e54@group-A09C527D8C6F-FollowerState was interrupted: java.lang.InterruptedException: sleep interrupted
2019-10-18 12:32:49,269 [grpc-default-executor-5] INFO  impl.RoleInfo (RoleInfo.java:updateAndGet(143)) - 6af5dfc0-d4d0-48db-9aa9-c45e51549e54: start FollowerState
2019-10-18 12:32:49,294 [67d877d9-ecd0-4b7d-838e-89aa2c4103c0@group-A09C527D8C6F-LeaderElection221] INFO  impl.LeaderElection (LeaderElection.java:logAndReturn(56)) - 67d877d9-ecd0-4b7d-838e-89aa2c4103c0@group-A09C527D8C6F-LeaderElection221: Election REJECTED; received 2 response(s) [67d877d9-ecd0-4b7d-838e-89aa2c4103c0<-c39ba312-e57f-4b8c-998e-32538a6d88da#0:FAIL-t264, 67d877d9-ecd0-4b7d-838e-89aa2c4103c0<-6af5dfc0-d4d0-48db-9aa9-c45e51549e54#0:FAIL-t264] and 0 exception(s); 67d877d9-ecd0-4b7d-838e-89aa2c4103c0@group-A09C527D8C6F:t264, leader=null, voted=67d877d9-ecd0-4b7d-838e-89aa2c4103c0, raftlog=67d877d9-ecd0-4b7d-838e-89aa2c4103c0@group-A09C527D8C6F-SegmentedRaftLog:OPENED:c-1,f-1,i0, conf=-1: [c39ba312-e57f-4b8c-998e-32538a6d88da:192.168.34.56:44039, 67d877d9-ecd0-4b7d-838e-89aa2c4103c0:192.168.34.56:33816, 6af5dfc0-d4d0-48db-9aa9-c45e51549e54:192.168.34.56:32981], old=null
2019-10-18 12:32:49,294 [67d877d9-ecd0-4b7d-838e-89aa2c4103c0@group-A09C527D8C6F-LeaderElection221] INFO  impl.RaftServerImpl (RaftServerImpl.java:setRole(184)) - 67d877d9-ecd0-4b7d-838e-89aa2c4103c0@group-A09C527D8C6F: changes role from CANDIDATE to FOLLOWER at term 264 for DISCOVERED_A_NEW_TERM
2019-10-18 12:32:49,294 [67d877d9-ecd0-4b7d-838e-89aa2c4103c0@group-A09C527D8C6F-LeaderElection221] INFO  impl.RoleInfo (RoleInfo.java:shutdownLeaderElection(134)) - 67d877d9-ecd0-4b7d-838e-89aa2c4103c0: shutdown LeaderElection
2019-10-18 12:32:49,294 [67d877d9-ecd0-4b7d-838e-89aa2c4103c0@group-A09C527D8C6F-LeaderElection221] INFO  impl.RoleInfo (RoleInfo.java:updateAndGet(143)) - 67d877d9-ecd0-4b7d-838e-89aa2c4103c0: start FollowerState
2019-10-18 12:32:49,422 [Thread-1841] INFO  impl.FollowerState (FollowerState.java:run(108)) - 67d877d9-ecd0-4b7d-838e-89aa2c4103c0@group-A09C527D8C6F-FollowerState: change to CANDIDATE, lastRpcTime:128ms, electionTimeout:128ms
2019-10-18 12:32:49,422 [Thread-1841] INFO  impl.RoleInfo (RoleInfo.java:shutdownFollowerState(121)) - 67d877d9-ecd0-4b7d-838e-89aa2c4103c0: shutdown FollowerState
2019-10-18 12:32:49,422 [Thread-1841] INFO  impl.RaftServerImpl (RaftServerImpl.java:setRole(184)) - 67d877d9-ecd0-4b7d-838e-89aa2c4103c0@group-A09C527D8C6F: changes role from  FOLLOWER to CANDIDATE at term 264 for changeToCandidate
2019-10-18 12:32:49,423 [Thread-1841] INFO  impl.RoleInfo (RoleInfo.java:updateAndGet(143)) - 67d877d9-ecd0-4b7d-838e-89aa2c4103c0: start LeaderElection
2019-10-18 12:32:49,439 [67d877d9-ecd0-4b7d-838e-89aa2c4103c0@group-A09C527D8C6F-LeaderElection222] INFO  impl.LeaderElection (LeaderElection.java:askForVotes(178)) - 67d877d9-ecd0-4b7d-838e-89aa2c4103c0@group-A09C527D8C6F-LeaderElection222: begin an election at term 265 for -1: [c39ba312-e57f-4b8c-998e-32538a6d88da:192.168.34.56:44039, 67d877d9-ecd0-4b7d-838e-89aa2c4103c0:192.168.34.56:33816, 6af5dfc0-d4d0-48db-9aa9-c45e51549e54:192.168.34.56:32981], old=null
2019-10-18 12:32:49,441 [grpc-default-executor-3] INFO  impl.RaftServerImpl (RaftServerImpl.java:setRole(184)) - 6af5dfc0-d4d0-48db-9aa9-c45e51549e54@group-A09C527D8C6F: changes role from  FOLLOWER to FOLLOWER at term 265 for recognizeCandidate:67d877d9-ecd0-4b7d-838e-89aa2c4103c0
2019-10-18 12:32:49,441 [grpc-default-executor-5] INFO  impl.RaftServerImpl (RaftServerImpl.java:setRole(184)) - c39ba312-e57f-4b8c-998e-32538a6d88da@group-A09C527D8C6F: changes role from  FOLLOWER to FOLLOWER at term 265 for recognizeCandidate:67d877d9-ecd0-4b7d-838e-89aa2c4103c0
2019-10-18 12:32:49,441 [grpc-default-executor-3] INFO  impl.RoleInfo (RoleInfo.java:shutdownFollowerState(121)) - 6af5dfc0-d4d0-48db-9aa9-c45e51549e54: shutdown FollowerState
2019-10-18 12:32:49,441 [grpc-default-executor-5] INFO  impl.RoleInfo (RoleInfo.java:shutdownFollowerState(121)) - c39ba312-e57f-4b8c-998e-32538a6d88da: shutdown FollowerState
2019-10-18 12:32:49,441 [Thread-1840] INFO  impl.FollowerState (FollowerState.java:run(117)) - 6af5dfc0-d4d0-48db-9aa9-c45e51549e54@group-A09C527D8C6F-FollowerState was interrupted: java.lang.InterruptedException: sleep interrupted
2019-10-18 12:32:49,441 [grpc-default-executor-3] INFO  impl.RoleInfo (RoleInfo.java:updateAndGet(143)) - 6af5dfc0-d4d0-48db-9aa9-c45e51549e54: start FollowerState
2019-10-18 12:32:49,441 [Thread-1839] INFO  impl.FollowerState (FollowerState.java:run(117)) - c39ba312-e57f-4b8c-998e-32538a6d88da@group-A09C527D8C6F-FollowerState was interrupted: java.lang.InterruptedException: sleep interrupted
2019-10-18 12:32:49,441 [grpc-default-executor-5] INFO  impl.RoleInfo (RoleInfo.java:updateAndGet(143)) - c39ba312-e57f-4b8c-998e-32538a6d88da: start FollowerState
2019-10-18 12:32:49,466 [67d877d9-ecd0-4b7d-838e-89aa2c4103c0@group-A09C527D8C6F-LeaderElection222] INFO  impl.LeaderElection (LeaderElection.java:logAndReturn(56)) - 67d877d9-ecd0-4b7d-838e-89aa2c4103c0@group-A09C527D8C6F-LeaderElection222: Election REJECTED; received 2 response(s) [67d877d9-ecd0-4b7d-838e-89aa2c4103c0<-c39ba312-e57f-4b8c-998e-32538a6d88da#0:FAIL-t265, 67d877d9-ecd0-4b7d-838e-89aa2c4103c0<-6af5dfc0-d4d0-48db-9aa9-c45e51549e54#0:FAIL-t265] and 0 exception(s); 67d877d9-ecd0-4b7d-838e-89aa2c4103c0@group-A09C527D8C6F:t265, leader=null, voted=67d877d9-ecd0-4b7d-838e-89aa2c4103c0, raftlog=67d877d9-ecd0-4b7d-838e-89aa2c4103c0@group-A09C527D8C6F-SegmentedRaftLog:OPENED:c-1,f-1,i0, conf=-1: [c39ba312-e57f-4b8c-998e-32538a6d88da:192.168.34.56:44039, 67d877d9-ecd0-4b7d-838e-89aa2c4103c0:192.168.34.56:33816, 6af5dfc0-d4d0-48db-9aa9-c45e51549e54:192.168.34.56:32981], old=null
2019-10-18 12:32:49,466 [67d877d9-ecd0-4b7d-838e-89aa2c4103c0@group-A09C527D8C6F-LeaderElection222] INFO  impl.RaftServerImpl (RaftServerImpl.java:setRole(184)) - 67d877d9-ecd0-4b7d-838e-89aa2c4103c0@group-A09C527D8C6F: changes role from CANDIDATE to FOLLOWER at term 265 for DISCOVERED_A_NEW_TERM
2019-10-18 12:32:49,466 [67d877d9-ecd0-4b7d-838e-89aa2c4103c0@group-A09C527D8C6F-LeaderElection222] INFO  impl.RoleInfo (RoleInfo.java:shutdownLeaderElection(134)) - 67d877d9-ecd0-4b7d-838e-89aa2c4103c0: shutdown LeaderElection
2019-10-18 12:32:49,466 [67d877d9-ecd0-4b7d-838e-89aa2c4103c0@group-A09C527D8C6F-LeaderElection222] INFO  impl.RoleInfo (RoleInfo.java:updateAndGet(143)) - 67d877d9-ecd0-4b7d-838e-89aa2c4103c0: start FollowerState
2019-10-18 12:32:49,545 [Thread-1847] INFO  impl.FollowerState (FollowerState.java:run(108)) - 67d877d9-ecd0-4b7d-838e-89aa2c4103c0@group-A09C527D8C6F-FollowerState: change to CANDIDATE, lastRpcTime:78ms, electionTimeout:78ms
2019-10-18 12:32:49,545 [Thread-1847] INFO  impl.RoleInfo (RoleInfo.java:shutdownFollowerState(121)) - 67d877d9-ecd0-4b7d-838e-89aa2c4103c0: shutdown FollowerState
2019-10-18 12:32:49,545 [Thread-1847] INFO  impl.RaftServerImpl (RaftServerImpl.java:setRole(184)) - 67d877d9-ecd0-4b7d-838e-89aa2c4103c0@group-A09C527D8C6F: changes role from  FOLLOWER to CANDIDATE at term 265 for changeToCandidate
2019-10-18 12:32:49,545 [Thread-1847] INFO  impl.RoleInfo (RoleInfo.java:updateAndGet(143)) - 67d877d9-ecd0-4b7d-838e-89aa2c4103c0: start LeaderElection
2019-10-18 12:32:49,559 [67d877d9-ecd0-4b7d-838e-89aa2c4103c0@group-A09C527D8C6F-LeaderElection223] INFO  impl.LeaderElection (LeaderElection.java:askForVotes(178)) - 67d877d9-ecd0-4b7d-838e-89aa2c4103c0@group-A09C527D8C6F-LeaderElection223: begin an election at term 266 for -1: [c39ba312-e57f-4b8c-998e-32538a6d88da:192.168.34.56:44039, 67d877d9-ecd0-4b7d-838e-89aa2c4103c0:192.168.34.56:33816, 6af5dfc0-d4d0-48db-9aa9-c45e51549e54:192.168.34.56:32981], old=null
2019-10-18 12:32:49,561 [grpc-default-executor-3] INFO  impl.RaftServerImpl (RaftServerImpl.java:setRole(184)) - 6af5dfc0-d4d0-48db-9aa9-c45e51549e54@group-A09C527D8C6F: changes role from  FOLLOWER to FOLLOWER at term 266 for recognizeCandidate:67d877d9-ecd0-4b7d-838e-89aa2c4103c0
2019-10-18 12:32:49,561 [grpc-default-executor-5] INFO  impl.RaftServerImpl (RaftServerImpl.java:setRole(184)) - c39ba312-e57f-4b8c-998e-32538a6d88da@group-A09C527D8C6F: changes role from  FOLLOWER to FOLLOWER at term 266 for recognizeCandidate:67d877d9-ecd0-4b7d-838e-89aa2c4103c0
2019-10-18 12:32:49,561 [grpc-default-executor-3] INFO  impl.RoleInfo (RoleInfo.java:shutdownFollowerState(121)) - 6af5dfc0-d4d0-48db-9aa9-c45e51549e54: shutdown FollowerState
2019-10-18 12:32:49,561 [grpc-default-executor-5] INFO  impl.RoleInfo (RoleInfo.java:shutdownFollowerState(121)) - c39ba312-e57f-4b8c-998e-32538a6d88da: shutdown FollowerState
2019-10-18 12:32:49,561 [Thread-1845] INFO  impl.FollowerState (FollowerState.java:run(117)) - 6af5dfc0-d4d0-48db-9aa9-c45e51549e54@group-A09C527D8C6F-FollowerState was interrupted: java.lang.InterruptedException: sleep interrupted
2019-10-18 12:32:49,561 [Thread-1846] INFO  impl.FollowerState (FollowerState.java:run(117)) - c39ba312-e57f-4b8c-998e-32538a6d88da@group-A09C527D8C6F-FollowerState was interrupted: java.lang.InterruptedException: sleep interrupted
2019-10-18 12:32:49,561 [grpc-default-executor-3] INFO  impl.RoleInfo (RoleInfo.java:updateAndGet(143)) - 6af5dfc0-d4d0-48db-9aa9-c45e51549e54: start FollowerState
2019-10-18 12:32:49,561 [grpc-default-executor-5] INFO  impl.RoleInfo (RoleInfo.java:updateAndGet(143)) - c39ba312-e57f-4b8c-998e-32538a6d88da: start FollowerState
2019-10-18 12:32:49,584 [67d877d9-ecd0-4b7d-838e-89aa2c4103c0@group-A09C527D8C6F-LeaderElection223] INFO  impl.LeaderElection (LeaderElection.java:logAndReturn(56)) - 67d877d9-ecd0-4b7d-838e-89aa2c4103c0@group-A09C527D8C6F-LeaderElection223: Election REJECTED; received 2 response(s) [67d877d9-ecd0-4b7d-838e-89aa2c4103c0<-c39ba312-e57f-4b8c-998e-32538a6d88da#0:FAIL-t266, 67d877d9-ecd0-4b7d-838e-89aa2c4103c0<-6af5dfc0-d4d0-48db-9aa9-c45e51549e54#0:FAIL-t266] and 0 exception(s); 67d877d9-ecd0-4b7d-838e-89aa2c4103c0@group-A09C527D8C6F:t266, leader=null, voted=67d877d9-ecd0-4b7d-838e-89aa2c4103c0, raftlog=67d877d9-ecd0-4b7d-838e-89aa2c4103c0@group-A09C527D8C6F-SegmentedRaftLog:OPENED:c-1,f-1,i0, conf=-1: [c39ba312-e57f-4b8c-998e-32538a6d88da:192.168.34.56:44039, 67d877d9-ecd0-4b7d-838e-89aa2c4103c0:192.168.34.56:33816, 6af5dfc0-d4d0-48db-9aa9-c45e51549e54:192.168.34.56:32981], old=null
2019-10-18 12:32:49,584 [67d877d9-ecd0-4b7d-838e-89aa2c4103c0@group-A09C527D8C6F-LeaderElection223] INFO  impl.RaftServerImpl (RaftServerImpl.java:setRole(184)) - 67d877d9-ecd0-4b7d-838e-89aa2c4103c0@group-A09C527D8C6F: changes role from CANDIDATE to FOLLOWER at term 266 for DISCOVERED_A_NEW_TERM
2019-10-18 12:32:49,585 [67d877d9-ecd0-4b7d-838e-89aa2c4103c0@group-A09C527D8C6F-LeaderElection223] INFO  impl.RoleInfo (RoleInfo.java:shutdownLeaderElection(134)) - 67d877d9-ecd0-4b7d-838e-89aa2c4103c0: shutdown LeaderElection
2019-10-18 12:32:49,585 [67d877d9-ecd0-4b7d-838e-89aa2c4103c0@group-A09C527D8C6F-LeaderElection223] INFO  impl.RoleInfo (RoleInfo.java:updateAndGet(143)) - 67d877d9-ecd0-4b7d-838e-89aa2c4103c0: start FollowerState
2019-10-18 12:32:49,608 [Thread-1853] INFO  impl.FollowerState (FollowerState.java:run(108)) - 67d877d9-ecd0-4b7d-838e-89aa2c4103c0@group-A09C527D8C6F-FollowerState: change to CANDIDATE, lastRpcTime:23ms, electionTimeout:23ms
2019-10-18 12:32:49,608 [Thread-1853] INFO  impl.RoleInfo (RoleInfo.java:shutdownFollowerState(121)) - 67d877d9-ecd0-4b7d-838e-89aa2c4103c0: shutdown FollowerState
2019-10-18 12:32:49,608 [Thread-1853] INFO  impl.RaftServerImpl (RaftServerImpl.java:setRole(184)) - 67d877d9-ecd0-4b7d-838e-89aa2c4103c0@group-A09C527D8C6F: changes role from  FOLLOWER to CANDIDATE at term 266 for changeToCandidate
2019-10-18 12:32:49,608 [Thread-1853] INFO  impl.RoleInfo (RoleInfo.java:updateAndGet(143)) - 67d877d9-ecd0-4b7d-838e-89aa2c4103c0: start LeaderElection
2019-10-18 12:32:49,645 [67d877d9-ecd0-4b7d-838e-89aa2c4103c0@group-A09C527D8C6F-LeaderElection224] INFO  impl.LeaderElection (LeaderElection.java:askForVotes(178)) - 67d877d9-ecd0-4b7d-838e-89aa2c4103c0@group-A09C527D8C6F-LeaderElection224: begin an election at term 267 for -1: [c39ba312-e57f-4b8c-998e-32538a6d88da:192.168.34.56:44039, 67d877d9-ecd0-4b7d-838e-89aa2c4103c0:192.168.34.56:33816, 6af5dfc0-d4d0-48db-9aa9-c45e51549e54:192.168.34.56:32981], old=null
2019-10-18 12:32:49,647 [grpc-default-executor-3] INFO  impl.RaftServerImpl (RaftServerImpl.java:setRole(184)) - 6af5dfc0-d4d0-48db-9aa9-c45e51549e54@group-A09C527D8C6F: changes role from  FOLLOWER to FOLLOWER at term 267 for recognizeCandidate:67d877d9-ecd0-4b7d-838e-89aa2c4103c0
2019-10-18 12:32:49,647 [grpc-default-executor-5] INFO  impl.RaftServerImpl (RaftServerImpl.java:setRole(184)) - c39ba312-e57f-4b8c-998e-32538a6d88da@group-A09C527D8C6F: changes role from  FOLLOWER to FOLLOWER at term 267 for recognizeCandidate:67d877d9-ecd0-4b7d-838e-89aa2c4103c0
2019-10-18 12:32:49,647 [grpc-default-executor-3] INFO  impl.RoleInfo (RoleInfo.java:shutdownFollowerState(121)) - 6af5dfc0-d4d0-48db-9aa9-c45e51549e54: shutdown FollowerState
2019-10-18 12:32:49,647 [grpc-default-executor-5] INFO  impl.RoleInfo (RoleInfo.java:shutdownFollowerState(121)) - c39ba312-e57f-4b8c-998e-32538a6d88da: shutdown FollowerState
2019-10-18 12:32:49,647 [Thread-1851] INFO  impl.FollowerState (FollowerState.java:run(117)) - 6af5dfc0-d4d0-48db-9aa9-c45e51549e54@group-A09C527D8C6F-FollowerState was interrupted: java.lang.InterruptedException: sleep interrupted
2019-10-18 12:32:49,647 [Thread-1852] INFO  impl.FollowerState (FollowerState.java:run(117)) - c39ba312-e57f-4b8c-998e-32538a6d88da@group-A09C527D8C6F-FollowerState was interrupted: java.lang.InterruptedException: sleep interrupted
2019-10-18 12:32:49,647 [grpc-default-executor-3] INFO  impl.RoleInfo (RoleInfo.java:updateAndGet(143)) - 6af5dfc0-d4d0-48db-9aa9-c45e51549e54: start FollowerState
2019-10-18 12:32:49,647 [grpc-default-executor-5] INFO  impl.RoleInfo (RoleInfo.java:updateAndGet(143)) - c39ba312-e57f-4b8c-998e-32538a6d88da: start FollowerState
2019-10-18 12:32:49,672 [67d877d9-ecd0-4b7d-838e-89aa2c4103c0@group-A09C527D8C6F-LeaderElection224] INFO  impl.LeaderElection (LeaderElection.java:logAndReturn(56)) - 67d877d9-ecd0-4b7d-838e-89aa2c4103c0@group-A09C527D8C6F-LeaderElection224: Election REJECTED; received 2 response(s) [67d877d9-ecd0-4b7d-838e-89aa2c4103c0<-c39ba312-e57f-4b8c-998e-32538a6d88da#0:FAIL-t267, 67d877d9-ecd0-4b7d-838e-89aa2c4103c0<-6af5dfc0-d4d0-48db-9aa9-c45e51549e54#0:FAIL-t267] and 0 exception(s); 67d877d9-ecd0-4b7d-838e-89aa2c4103c0@group-A09C527D8C6F:t267, leader=null, voted=67d877d9-ecd0-4b7d-838e-89aa2c4103c0, raftlog=67d877d9-ecd0-4b7d-838e-89aa2c4103c0@group-A09C527D8C6F-SegmentedRaftLog:OPENED:c-1,f-1,i0, conf=-1: [c39ba312-e57f-4b8c-998e-32538a6d88da:192.168.34.56:44039, 67d877d9-ecd0-4b7d-838e-89aa2c4103c0:192.168.34.56:33816, 6af5dfc0-d4d0-48db-9aa9-c45e51549e54:192.168.34.56:32981], old=null
2019-10-18 12:32:49,672 [67d877d9-ecd0-4b7d-838e-89aa2c4103c0@group-A09C527D8C6F-LeaderElection224] INFO  impl.RaftServerImpl (RaftServerImpl.java:setRole(184)) - 67d877d9-ecd0-4b7d-838e-89aa2c4103c0@group-A09C527D8C6F: changes role from CANDIDATE to FOLLOWER at term 267 for DISCOVERED_A_NEW_TERM
2019-10-18 12:32:49,672 [67d877d9-ecd0-4b7d-838e-89aa2c4103c0@group-A09C527D8C6F-LeaderElection224] INFO  impl.RoleInfo (RoleInfo.java:shutdownLeaderElection(134)) - 67d877d9-ecd0-4b7d-838e-89aa2c4103c0: shutdown LeaderElection
2019-10-18 12:32:49,672 [67d877d9-ecd0-4b7d-838e-89aa2c4103c0@group-A09C527D8C6F-LeaderElection224] INFO  impl.RoleInfo (RoleInfo.java:updateAndGet(143)) - 67d877d9-ecd0-4b7d-838e-89aa2c4103c0: start FollowerState
2019-10-18 12:32:49,739 [Thread-1859] INFO  impl.FollowerState (FollowerState.java:run(108)) - 67d877d9-ecd0-4b7d-838e-89aa2c4103c0@group-A09C527D8C6F-FollowerState: change to CANDIDATE, lastRpcTime:67ms, electionTimeout:67ms
2019-10-18 12:32:49,740 [Thread-1859] INFO  impl.RoleInfo (RoleInfo.java:shutdownFollowerState(121)) - 67d877d9-ecd0-4b7d-838e-89aa2c4103c0: shutdown FollowerState
2019-10-18 12:32:49,740 [Thread-1859] INFO  impl.RaftServerImpl (RaftServerImpl.java:setRole(184)) - 67d877d9-ecd0-4b7d-838e-89aa2c4103c0@group-A09C527D8C6F: changes role from  FOLLOWER to CANDIDATE at term 267 for changeToCandidate
2019-10-18 12:32:49,740 [Thread-1859] INFO  impl.RoleInfo (RoleInfo.java:updateAndGet(143)) - 67d877d9-ecd0-4b7d-838e-89aa2c4103c0: start LeaderElection
2019-10-18 12:32:49,764 [67d877d9-ecd0-4b7d-838e-89aa2c4103c0@group-A09C527D8C6F-LeaderElection225] INFO  impl.LeaderElection (LeaderElection.java:askForVotes(178)) - 67d877d9-ecd0-4b7d-838e-89aa2c4103c0@group-A09C527D8C6F-LeaderElection225: begin an election at term 268 for -1: [c39ba312-e57f-4b8c-998e-32538a6d88da:192.168.34.56:44039, 67d877d9-ecd0-4b7d-838e-89aa2c4103c0:192.168.34.56:33816, 6af5dfc0-d4d0-48db-9aa9-c45e51549e54:192.168.34.56:32981], old=null
2019-10-18 12:32:49,766 [grpc-default-executor-3] INFO  impl.RaftServerImpl (RaftServerImpl.java:setRole(184)) - c39ba312-e57f-4b8c-998e-32538a6d88da@group-A09C527D8C6F: changes role from  FOLLOWER to FOLLOWER at term 268 for recognizeCandidate:67d877d9-ecd0-4b7d-838e-89aa2c4103c0
2019-10-18 12:32:49,766 [grpc-default-executor-5] INFO  impl.RaftServerImpl (RaftServerImpl.java:setRole(184)) - 6af5dfc0-d4d0-48db-9aa9-c45e51549e54@group-A09C527D8C6F: changes role from  FOLLOWER to FOLLOWER at term 268 for recognizeCandidate:67d877d9-ecd0-4b7d-838e-89aa2c4103c0
2019-10-18 12:32:49,766 [grpc-default-executor-3] INFO  impl.RoleInfo (RoleInfo.java:shutdownFollowerState(121)) - c39ba312-e57f-4b8c-998e-32538a6d88da: shutdown FollowerState
2019-10-18 12:32:49,766 [grpc-default-executor-5] INFO  impl.RoleInfo (RoleInfo.java:shutdownFollowerState(121)) - 6af5dfc0-d4d0-48db-9aa9-c45e51549e54: shutdown FollowerState
2019-10-18 12:32:49,766 [grpc-default-executor-3] INFO  impl.RoleInfo (RoleInfo.java:updateAndGet(143)) - c39ba312-e57f-4b8c-998e-32538a6d88da: start FollowerState
2019-10-18 12:32:49,767 [Thread-1857] INFO  impl.FollowerState (FollowerState.java:run(117)) - 6af5dfc0-d4d0-48db-9aa9-c45e51549e54@group-A09C527D8C6F-FollowerState was interrupted: java.lang.InterruptedException: sleep interrupted
2019-10-18 12:32:49,766 [Thread-1858] INFO  impl.FollowerState (FollowerState.java:run(117)) - c39ba312-e57f-4b8c-998e-32538a6d88da@group-A09C527D8C6F-FollowerState was interrupted: java.lang.InterruptedException: sleep interrupted
2019-10-18 12:32:49,766 [grpc-default-executor-5] INFO  impl.RoleInfo (RoleInfo.java:updateAndGet(143)) - 6af5dfc0-d4d0-48db-9aa9-c45e51549e54: start FollowerState
2019-10-18 12:32:49,790 [67d877d9-ecd0-4b7d-838e-89aa2c4103c0@group-A09C527D8C6F-LeaderElection225] INFO  impl.LeaderElection (LeaderElection.java:logAndReturn(56)) - 67d877d9-ecd0-4b7d-838e-89aa2c4103c0@group-A09C527D8C6F-LeaderElection225: Election REJECTED; received 2 response(s) [67d877d9-ecd0-4b7d-838e-89aa2c4103c0<-c39ba312-e57f-4b8c-998e-32538a6d88da#0:FAIL-t268, 67d877d9-ecd0-4b7d-838e-89aa2c4103c0<-6af5dfc0-d4d0-48db-9aa9-c45e51549e54#0:FAIL-t268] and 0 exception(s); 67d877d9-ecd0-4b7d-838e-89aa2c4103c0@group-A09C527D8C6F:t268, leader=null, voted=67d877d9-ecd0-4b7d-838e-89aa2c4103c0, raftlog=67d877d9-ecd0-4b7d-838e-89aa2c4103c0@group-A09C527D8C6F-SegmentedRaftLog:OPENED:c-1,f-1,i0, conf=-1: [c39ba312-e57f-4b8c-998e-32538a6d88da:192.168.34.56:44039, 67d877d9-ecd0-4b7d-838e-89aa2c4103c0:192.168.34.56:33816, 6af5dfc0-d4d0-48db-9aa9-c45e51549e54:192.168.34.56:32981], old=null
2019-10-18 12:32:49,790 [67d877d9-ecd0-4b7d-838e-89aa2c4103c0@group-A09C527D8C6F-LeaderElection225] INFO  impl.RaftServerImpl (RaftServerImpl.java:setRole(184)) - 67d877d9-ecd0-4b7d-838e-89aa2c4103c0@group-A09C527D8C6F: changes role from CANDIDATE to FOLLOWER at term 268 for DISCOVERED_A_NEW_TERM
2019-10-18 12:32:49,790 [67d877d9-ecd0-4b7d-838e-89aa2c4103c0@group-A09C527D8C6F-LeaderElection225] INFO  impl.RoleInfo (RoleInfo.java:shutdownLeaderElection(134)) - 67d877d9-ecd0-4b7d-838e-89aa2c4103c0: shutdown LeaderElection
2019-10-18 12:32:49,790 [67d877d9-ecd0-4b7d-838e-89aa2c4103c0@group-A09C527D8C6F-LeaderElection225] INFO  impl.RoleInfo (RoleInfo.java:updateAndGet(143)) - 67d877d9-ecd0-4b7d-838e-89aa2c4103c0: start FollowerState
2019-10-18 12:32:49,930 [Thread-1865] INFO  impl.FollowerState (FollowerState.java:run(108)) - 67d877d9-ecd0-4b7d-838e-89aa2c4103c0@group-A09C527D8C6F-FollowerState: change to CANDIDATE, lastRpcTime:139ms, electionTimeout:139ms
2019-10-18 12:32:49,930 [Thread-1865] INFO  impl.RoleInfo (RoleInfo.java:shutdownFollowerState(121)) - 67d877d9-ecd0-4b7d-838e-89aa2c4103c0: shutdown FollowerState
2019-10-18 12:32:49,930 [Thread-1865] INFO  impl.RaftServerImpl (RaftServerImpl.java:setRole(184)) - 67d877d9-ecd0-4b7d-838e-89aa2c4103c0@group-A09C527D8C6F: changes role from  FOLLOWER to CANDIDATE at term 268 for changeToCandidate
2019-10-18 12:32:49,930 [Thread-1865] INFO  impl.RoleInfo (RoleInfo.java:updateAndGet(143)) - 67d877d9-ecd0-4b7d-838e-89aa2c4103c0: start LeaderElection
2019-10-18 12:32:49,949 [67d877d9-ecd0-4b7d-838e-89aa2c4103c0@group-A09C527D8C6F-LeaderElection226] INFO  impl.LeaderElection (LeaderElection.java:askForVotes(178)) - 67d877d9-ecd0-4b7d-838e-89aa2c4103c0@group-A09C527D8C6F-LeaderElection226: begin an election at term 269 for -1: [c39ba312-e57f-4b8c-998e-32538a6d88da:192.168.34.56:44039, 67d877d9-ecd0-4b7d-838e-89aa2c4103c0:192.168.34.56:33816, 6af5dfc0-d4d0-48db-9aa9-c45e51549e54:192.168.34.56:32981], old=null
2019-10-18 12:32:49,951 [grpc-default-executor-5] INFO  impl.RaftServerImpl (RaftServerImpl.java:setRole(184)) - 6af5dfc0-d4d0-48db-9aa9-c45e51549e54@group-A09C527D8C6F: changes role from  FOLLOWER to FOLLOWER at term 269 for recognizeCandidate:67d877d9-ecd0-4b7d-838e-89aa2c4103c0
2019-10-18 12:32:49,951 [grpc-default-executor-3] INFO  impl.RaftServerImpl (RaftServerImpl.java:setRole(184)) - c39ba312-e57f-4b8c-998e-32538a6d88da@group-A09C527D8C6F: changes role from  FOLLOWER to FOLLOWER at term 269 for recognizeCandidate:67d877d9-ecd0-4b7d-838e-89aa2c4103c0
2019-10-18 12:32:49,951 [grpc-default-executor-3] INFO  impl.RoleInfo (RoleInfo.java:shutdownFollowerState(121)) - c39ba312-e57f-4b8c-998e-32538a6d88da: shutdown FollowerState
2019-10-18 12:32:49,951 [grpc-default-executor-5] INFO  impl.RoleInfo (RoleInfo.java:shutdownFollowerState(121)) - 6af5dfc0-d4d0-48db-9aa9-c45e51549e54: shutdown FollowerState
2019-10-18 12:32:49,951 [Thread-1863] INFO  impl.FollowerState (FollowerState.java:run(117)) - c39ba312-e57f-4b8c-998e-32538a6d88da@group-A09C527D8C6F-FollowerState was interrupted: java.lang.InterruptedException: sleep interrupted
2019-10-18 12:32:49,951 [grpc-default-executor-3] INFO  impl.RoleInfo (RoleInfo.java:updateAndGet(143)) - c39ba312-e57f-4b8c-998e-32538a6d88da: start FollowerState
2019-10-18 12:32:49,951 [Thread-1864] INFO  impl.FollowerState (FollowerState.java:run(117)) - 6af5dfc0-d4d0-48db-9aa9-c45e51549e54@group-A09C527D8C6F-FollowerState was interrupted: java.lang.InterruptedException: sleep interrupted
2019-10-18 12:32:49,951 [grpc-default-executor-5] INFO  impl.RoleInfo (RoleInfo.java:updateAndGet(143)) - 6af5dfc0-d4d0-48db-9aa9-c45e51549e54: start FollowerState
2019-10-18 12:32:49,973 [67d877d9-ecd0-4b7d-838e-89aa2c4103c0@group-A09C527D8C6F-LeaderElection226] INFO  impl.LeaderElection (LeaderElection.java:logAndReturn(56)) - 67d877d9-ecd0-4b7d-838e-89aa2c4103c0@group-A09C527D8C6F-LeaderElection226: Election REJECTED; received 2 response(s) [67d877d9-ecd0-4b7d-838e-89aa2c4103c0<-c39ba312-e57f-4b8c-998e-32538a6d88da#0:FAIL-t269, 67d877d9-ecd0-4b7d-838e-89aa2c4103c0<-6af5dfc0-d4d0-48db-9aa9-c45e51549e54#0:FAIL-t269] and 0 exception(s); 67d877d9-ecd0-4b7d-838e-89aa2c4103c0@group-A09C527D8C6F:t269, leader=null, voted=67d877d9-ecd0-4b7d-838e-89aa2c4103c0, raftlog=67d877d9-ecd0-4b7d-838e-89aa2c4103c0@group-A09C527D8C6F-SegmentedRaftLog:OPENED:c-1,f-1,i0, conf=-1: [c39ba312-e57f-4b8c-998e-32538a6d88da:192.168.34.56:44039, 67d877d9-ecd0-4b7d-838e-89aa2c4103c0:192.168.34.56:33816, 6af5dfc0-d4d0-48db-9aa9-c45e51549e54:192.168.34.56:32981], old=null
2019-10-18 12:32:49,973 [67d877d9-ecd0-4b7d-838e-89aa2c4103c0@group-A09C527D8C6F-LeaderElection226] INFO  impl.RaftServerImpl (RaftServerImpl.java:setRole(184)) - 67d877d9-ecd0-4b7d-838e-89aa2c4103c0@group-A09C527D8C6F: changes role from CANDIDATE to FOLLOWER at term 269 for DISCOVERED_A_NEW_TERM
2019-10-18 12:32:49,973 [67d877d9-ecd0-4b7d-838e-89aa2c4103c0@group-A09C527D8C6F-LeaderElection226] INFO  impl.RoleInfo (RoleInfo.java:shutdownLeaderElection(134)) - 67d877d9-ecd0-4b7d-838e-89aa2c4103c0: shutdown LeaderElection
2019-10-18 12:32:49,974 [67d877d9-ecd0-4b7d-838e-89aa2c4103c0@group-A09C527D8C6F-LeaderElection226] INFO  impl.RoleInfo (RoleInfo.java:updateAndGet(143)) - 67d877d9-ecd0-4b7d-838e-89aa2c4103c0: start FollowerState
2019-10-18 12:32:50,081 [Thread-1871] INFO  impl.FollowerState (FollowerState.java:run(108)) - 67d877d9-ecd0-4b7d-838e-89aa2c4103c0@group-A09C527D8C6F-FollowerState: change to CANDIDATE, lastRpcTime:107ms, electionTimeout:107ms
2019-10-18 12:32:50,081 [Thread-1871] INFO  impl.RoleInfo (RoleInfo.java:shutdownFollowerState(121)) - 67d877d9-ecd0-4b7d-838e-89aa2c4103c0: shutdown FollowerState
2019-10-18 12:32:50,081 [Thread-1871] INFO  impl.RaftServerImpl (RaftServerImpl.java:setRole(184)) - 67d877d9-ecd0-4b7d-838e-89aa2c4103c0@group-A09C527D8C6F: changes role from  FOLLOWER to CANDIDATE at term 269 for changeToCandidate
2019-10-18 12:32:50,081 [Thread-1871] INFO  impl.RoleInfo (RoleInfo.java:updateAndGet(143)) - 67d877d9-ecd0-4b7d-838e-89aa2c4103c0: start LeaderElection
2019-10-18 12:32:50,103 [67d877d9-ecd0-4b7d-838e-89aa2c4103c0@group-A09C527D8C6F-LeaderElection227] INFO  impl.LeaderElection (LeaderElection.java:askForVotes(178)) - 67d877d9-ecd0-4b7d-838e-89aa2c4103c0@group-A09C527D8C6F-LeaderElection227: begin an election at term 270 for -1: [c39ba312-e57f-4b8c-998e-32538a6d88da:192.168.34.56:44039, 67d877d9-ecd0-4b7d-838e-89aa2c4103c0:192.168.34.56:33816, 6af5dfc0-d4d0-48db-9aa9-c45e51549e54:192.168.34.56:32981], old=null
2019-10-18 12:32:50,105 [grpc-default-executor-5] INFO  impl.RaftServerImpl (RaftServerImpl.java:setRole(184)) - c39ba312-e57f-4b8c-998e-32538a6d88da@group-A09C527D8C6F: changes role from  FOLLOWER to FOLLOWER at term 270 for recognizeCandidate:67d877d9-ecd0-4b7d-838e-89aa2c4103c0
2019-10-18 12:32:50,105 [grpc-default-executor-3] INFO  impl.RaftServerImpl (RaftServerImpl.java:setRole(184)) - 6af5dfc0-d4d0-48db-9aa9-c45e51549e54@group-A09C527D8C6F: changes role from  FOLLOWER to FOLLOWER at term 270 for recognizeCandidate:67d877d9-ecd0-4b7d-838e-89aa2c4103c0
2019-10-18 12:32:50,105 [grpc-default-executor-5] INFO  impl.RoleInfo (RoleInfo.java:shutdownFollowerState(121)) - c39ba312-e57f-4b8c-998e-32538a6d88da: shutdown FollowerState
2019-10-18 12:32:50,105 [grpc-default-executor-3] INFO  impl.RoleInfo (RoleInfo.java:shutdownFollowerState(121)) - 6af5dfc0-d4d0-48db-9aa9-c45e51549e54: shutdown FollowerState
2019-10-18 12:32:50,106 [Thread-1869] INFO  impl.FollowerState (FollowerState.java:run(117)) - c39ba312-e57f-4b8c-998e-32538a6d88da@group-A09C527D8C6F-FollowerState was interrupted: java.lang.InterruptedException: sleep interrupted
2019-10-18 12:32:50,105 [grpc-default-executor-5] INFO  impl.RoleInfo (RoleInfo.java:updateAndGet(143)) - c39ba312-e57f-4b8c-998e-32538a6d88da: start FollowerState
2019-10-18 12:32:50,106 [Thread-1870] INFO  impl.FollowerState (FollowerState.java:run(117)) - 6af5dfc0-d4d0-48db-9aa9-c45e51549e54@group-A09C527D8C6F-FollowerState was interrupted: java.lang.InterruptedException: sleep interrupted
2019-10-18 12:32:50,106 [grpc-default-executor-3] INFO  impl.RoleInfo (RoleInfo.java:updateAndGet(143)) - 6af5dfc0-d4d0-48db-9aa9-c45e51549e54: start FollowerState
2019-10-18 12:32:50,129 [67d877d9-ecd0-4b7d-838e-89aa2c4103c0@group-A09C527D8C6F-LeaderElection227] INFO  impl.LeaderElection (LeaderElection.java:logAndReturn(56)) - 67d877d9-ecd0-4b7d-838e-89aa2c4103c0@group-A09C527D8C6F-LeaderElection227: Election REJECTED; received 2 response(s) [67d877d9-ecd0-4b7d-838e-89aa2c4103c0<-c39ba312-e57f-4b8c-998e-32538a6d88da#0:FAIL-t270, 67d877d9-ecd0-4b7d-838e-89aa2c4103c0<-6af5dfc0-d4d0-48db-9aa9-c45e51549e54#0:FAIL-t270] and 0 exception(s); 67d877d9-ecd0-4b7d-838e-89aa2c4103c0@group-A09C527D8C6F:t270, leader=null, voted=67d877d9-ecd0-4b7d-838e-89aa2c4103c0, raftlog=67d877d9-ecd0-4b7d-838e-89aa2c4103c0@group-A09C527D8C6F-SegmentedRaftLog:OPENED:c-1,f-1,i0, conf=-1: [c39ba312-e57f-4b8c-998e-32538a6d88da:192.168.34.56:44039, 67d877d9-ecd0-4b7d-838e-89aa2c4103c0:192.168.34.56:33816, 6af5dfc0-d4d0-48db-9aa9-c45e51549e54:192.168.34.56:32981], old=null
2019-10-18 12:32:50,129 [67d877d9-ecd0-4b7d-838e-89aa2c4103c0@group-A09C527D8C6F-LeaderElection227] INFO  impl.RaftServerImpl (RaftServerImpl.java:setRole(184)) - 67d877d9-ecd0-4b7d-838e-89aa2c4103c0@group-A09C527D8C6F: changes role from CANDIDATE to FOLLOWER at term 270 for DISCOVERED_A_NEW_TERM
2019-10-18 12:32:50,129 [67d877d9-ecd0-4b7d-838e-89aa2c4103c0@group-A09C527D8C6F-LeaderElection227] INFO  impl.RoleInfo (RoleInfo.java:shutdownLeaderElection(134)) - 67d877d9-ecd0-4b7d-838e-89aa2c4103c0: shutdown LeaderElection
2019-10-18 12:32:50,130 [67d877d9-ecd0-4b7d-838e-89aa2c4103c0@group-A09C527D8C6F-LeaderElection227] INFO  impl.RoleInfo (RoleInfo.java:updateAndGet(143)) - 67d877d9-ecd0-4b7d-838e-89aa2c4103c0: start FollowerState
2019-10-18 12:32:50,240 [Thread-1879] INFO  impl.FollowerState (FollowerState.java:run(108)) - 67d877d9-ecd0-4b7d-838e-89aa2c4103c0@group-A09C527D8C6F-FollowerState: change to CANDIDATE, lastRpcTime:110ms, electionTimeout:110ms
2019-10-18 12:32:50,240 [Thread-1879] INFO  impl.RoleInfo (RoleInfo.java:shutdownFollowerState(121)) - 67d877d9-ecd0-4b7d-838e-89aa2c4103c0: shutdown FollowerState
2019-10-18 12:32:50,240 [Thread-1879] INFO  impl.RaftServerImpl (RaftServerImpl.java:setRole(184)) - 67d877d9-ecd0-4b7d-838e-89aa2c4103c0@group-A09C527D8C6F: changes role from  FOLLOWER to CANDIDATE at term 270 for changeToCandidate
2019-10-18 12:32:50,240 [Thread-1879] INFO  impl.RoleInfo (RoleInfo.java:updateAndGet(143)) - 67d877d9-ecd0-4b7d-838e-89aa2c4103c0: start LeaderElection
2019-10-18 12:32:50,259 [67d877d9-ecd0-4b7d-838e-89aa2c4103c0@group-A09C527D8C6F-LeaderElection228] INFO  impl.LeaderElection (LeaderElection.java:askForVotes(178)) - 67d877d9-ecd0-4b7d-838e-89aa2c4103c0@group-A09C527D8C6F-LeaderElection228: begin an election at term 271 for -1: [c39ba312-e57f-4b8c-998e-32538a6d88da:192.168.34.56:44039, 67d877d9-ecd0-4b7d-838e-89aa2c4103c0:192.168.34.56:33816, 6af5dfc0-d4d0-48db-9aa9-c45e51549e54:192.168.34.56:32981], old=null
2019-10-18 12:32:50,260 [grpc-default-executor-5] INFO  impl.RaftServerImpl (RaftServerImpl.java:setRole(184)) - c39ba312-e57f-4b8c-998e-32538a6d88da@group-A09C527D8C6F: changes role from  FOLLOWER to FOLLOWER at term 271 for recognizeCandidate:67d877d9-ecd0-4b7d-838e-89aa2c4103c0
2019-10-18 12:32:50,261 [grpc-default-executor-3] INFO  impl.RaftServerImpl (RaftServerImpl.java:setRole(184)) - 6af5dfc0-d4d0-48db-9aa9-c45e51549e54@group-A09C527D8C6F: changes role from  FOLLOWER to FOLLOWER at term 271 for recognizeCandidate:67d877d9-ecd0-4b7d-838e-89aa2c4103c0
2019-10-18 12:32:50,261 [grpc-default-executor-5] INFO  impl.RoleInfo (RoleInfo.java:shutdownFollowerState(121)) - c39ba312-e57f-4b8c-998e-32538a6d88da: shutdown FollowerState
2019-10-18 12:32:50,261 [grpc-default-executor-3] INFO  impl.RoleInfo (RoleInfo.java:shutdownFollowerState(121)) - 6af5dfc0-d4d0-48db-9aa9-c45e51549e54: shutdown FollowerState
2019-10-18 12:32:50,261 [Thread-1877] INFO  impl.FollowerState (FollowerState.java:run(117)) - c39ba312-e57f-4b8c-998e-32538a6d88da@group-A09C527D8C6F-FollowerState was interrupted: java.lang.InterruptedException: sleep interrupted
2019-10-18 12:32:50,261 [grpc-default-executor-5] INFO  impl.RoleInfo (RoleInfo.java:updateAndGet(143)) - c39ba312-e57f-4b8c-998e-32538a6d88da: start FollowerState
2019-10-18 12:32:50,261 [Thread-1878] INFO  impl.FollowerState (FollowerState.java:run(117)) - 6af5dfc0-d4d0-48db-9aa9-c45e51549e54@group-A09C527D8C6F-FollowerState was interrupted: java.lang.InterruptedException: sleep interrupted
2019-10-18 12:32:50,261 [grpc-default-executor-3] INFO  impl.RoleInfo (RoleInfo.java:updateAndGet(143)) - 6af5dfc0-d4d0-48db-9aa9-c45e51549e54: start FollowerState
2019-10-18 12:32:50,284 [67d877d9-ecd0-4b7d-838e-89aa2c4103c0@group-A09C527D8C6F-LeaderElection228] INFO  impl.LeaderElection (LeaderElection.java:logAndReturn(56)) - 67d877d9-ecd0-4b7d-838e-89aa2c4103c0@group-A09C527D8C6F-LeaderElection228: Election REJECTED; received 2 response(s) [67d877d9-ecd0-4b7d-838e-89aa2c4103c0<-c39ba312-e57f-4b8c-998e-32538a6d88da#0:FAIL-t271, 67d877d9-ecd0-4b7d-838e-89aa2c4103c0<-6af5dfc0-d4d0-48db-9aa9-c45e51549e54#0:FAIL-t271] and 0 exception(s); 67d877d9-ecd0-4b7d-838e-89aa2c4103c0@group-A09C527D8C6F:t271, leader=null, voted=67d877d9-ecd0-4b7d-838e-89aa2c4103c0, raftlog=67d877d9-ecd0-4b7d-838e-89aa2c4103c0@group-A09C527D8C6F-SegmentedRaftLog:OPENED:c-1,f-1,i0, conf=-1: [c39ba312-e57f-4b8c-998e-32538a6d88da:192.168.34.56:44039, 67d877d9-ecd0-4b7d-838e-89aa2c4103c0:192.168.34.56:33816, 6af5dfc0-d4d0-48db-9aa9-c45e51549e54:192.168.34.56:32981], old=null
2019-10-18 12:32:50,284 [67d877d9-ecd0-4b7d-838e-89aa2c4103c0@group-A09C527D8C6F-LeaderElection228] INFO  impl.RaftServerImpl (RaftServerImpl.java:setRole(184)) - 67d877d9-ecd0-4b7d-838e-89aa2c4103c0@group-A09C527D8C6F: changes role from CANDIDATE to FOLLOWER at term 271 for DISCOVERED_A_NEW_TERM
2019-10-18 12:32:50,285 [67d877d9-ecd0-4b7d-838e-89aa2c4103c0@group-A09C527D8C6F-LeaderElection228] INFO  impl.RoleInfo (RoleInfo.java:shutdownLeaderElection(134)) - 67d877d9-ecd0-4b7d-838e-89aa2c4103c0: shutdown LeaderElection
2019-10-18 12:32:50,285 [67d877d9-ecd0-4b7d-838e-89aa2c4103c0@group-A09C527D8C6F-LeaderElection228] INFO  impl.RoleInfo (RoleInfo.java:updateAndGet(143)) - 67d877d9-ecd0-4b7d-838e-89aa2c4103c0: start FollowerState
2019-10-18 12:32:50,311 [Thread-1885] INFO  impl.FollowerState (FollowerState.java:run(108)) - 67d877d9-ecd0-4b7d-838e-89aa2c4103c0@group-A09C527D8C6F-FollowerState: change to CANDIDATE, lastRpcTime:26ms, electionTimeout:26ms
2019-10-18 12:32:50,311 [Thread-1885] INFO  impl.RoleInfo (RoleInfo.java:shutdownFollowerState(121)) - 67d877d9-ecd0-4b7d-838e-89aa2c4103c0: shutdown FollowerState
2019-10-18 12:32:50,311 [Thread-1885] INFO  impl.RaftServerImpl (RaftServerImpl.java:setRole(184)) - 67d877d9-ecd0-4b7d-838e-89aa2c4103c0@group-A09C527D8C6F: changes role from  FOLLOWER to CANDIDATE at term 271 for changeToCandidate
2019-10-18 12:32:50,312 [Thread-1885] INFO  impl.RoleInfo (RoleInfo.java:updateAndGet(143)) - 67d877d9-ecd0-4b7d-838e-89aa2c4103c0: start LeaderElection
2019-10-18 12:32:50,336 [67d877d9-ecd0-4b7d-838e-89aa2c4103c0@group-A09C527D8C6F-LeaderElection229] INFO  impl.LeaderElection (LeaderElection.java:askForVotes(178)) - 67d877d9-ecd0-4b7d-838e-89aa2c4103c0@group-A09C527D8C6F-LeaderElection229: begin an election at term 272 for -1: [c39ba312-e57f-4b8c-998e-32538a6d88da:192.168.34.56:44039, 67d877d9-ecd0-4b7d-838e-89aa2c4103c0:192.168.34.56:33816, 6af5dfc0-d4d0-48db-9aa9-c45e51549e54:192.168.34.56:32981], old=null
2019-10-18 12:32:50,337 [grpc-default-executor-5] INFO  impl.RaftServerImpl (RaftServerImpl.java:setRole(184)) - 6af5dfc0-d4d0-48db-9aa9-c45e51549e54@group-A09C527D8C6F: changes role from  FOLLOWER to FOLLOWER at term 272 for recognizeCandidate:67d877d9-ecd0-4b7d-838e-89aa2c4103c0
2019-10-18 12:32:50,337 [grpc-default-executor-3] INFO  impl.RaftServerImpl (RaftServerImpl.java:setRole(184)) - c39ba312-e57f-4b8c-998e-32538a6d88da@group-A09C527D8C6F: changes role from  FOLLOWER to FOLLOWER at term 272 for recognizeCandidate:67d877d9-ecd0-4b7d-838e-89aa2c4103c0
2019-10-18 12:32:50,337 [grpc-default-executor-5] INFO  impl.RoleInfo (RoleInfo.java:shutdownFollowerState(121)) - 6af5dfc0-d4d0-48db-9aa9-c45e51549e54: shutdown FollowerState
2019-10-18 12:32:50,338 [grpc-default-executor-3] INFO  impl.RoleInfo (RoleInfo.java:shutdownFollowerState(121)) - c39ba312-e57f-4b8c-998e-32538a6d88da: shutdown FollowerState
2019-10-18 12:32:50,338 [Thread-1884] INFO  impl.FollowerState (FollowerState.java:run(117)) - 6af5dfc0-d4d0-48db-9aa9-c45e51549e54@group-A09C527D8C6F-FollowerState was interrupted: java.lang.InterruptedException: sleep interrupted
2019-10-18 12:32:50,338 [grpc-default-executor-5] INFO  impl.RoleInfo (RoleInfo.java:updateAndGet(143)) - 6af5dfc0-d4d0-48db-9aa9-c45e51549e54: start FollowerState
2019-10-18 12:32:50,338 [Thread-1883] INFO  impl.FollowerState (FollowerState.java:run(117)) - c39ba312-e57f-4b8c-998e-32538a6d88da@group-A09C527D8C6F-FollowerState was interrupted: java.lang.InterruptedException: sleep interrupted
2019-10-18 12:32:50,338 [grpc-default-executor-3] INFO  impl.RoleInfo (RoleInfo.java:updateAndGet(143)) - c39ba312-e57f-4b8c-998e-32538a6d88da: start FollowerState
2019-10-18 12:32:50,361 [67d877d9-ecd0-4b7d-838e-89aa2c4103c0@group-A09C527D8C6F-LeaderElection229] INFO  impl.LeaderElection (LeaderElection.java:logAndReturn(56)) - 67d877d9-ecd0-4b7d-838e-89aa2c4103c0@group-A09C527D8C6F-LeaderElection229: Election REJECTED; received 2 response(s) [67d877d9-ecd0-4b7d-838e-89aa2c4103c0<-c39ba312-e57f-4b8c-998e-32538a6d88da#0:FAIL-t272, 67d877d9-ecd0-4b7d-838e-89aa2c4103c0<-6af5dfc0-d4d0-48db-9aa9-c45e51549e54#0:FAIL-t272] and 0 exception(s); 67d877d9-ecd0-4b7d-838e-89aa2c4103c0@group-A09C527D8C6F:t272, leader=null, voted=67d877d9-ecd0-4b7d-838e-89aa2c4103c0, raftlog=67d877d9-ecd0-4b7d-838e-89aa2c4103c0@group-A09C527D8C6F-SegmentedRaftLog:OPENED:c-1,f-1,i0, conf=-1: [c39ba312-e57f-4b8c-998e-32538a6d88da:192.168.34.56:44039, 67d877d9-ecd0-4b7d-838e-89aa2c4103c0:192.168.34.56:33816, 6af5dfc0-d4d0-48db-9aa9-c45e51549e54:192.168.34.56:32981], old=null
2019-10-18 12:32:50,362 [67d877d9-ecd0-4b7d-838e-89aa2c4103c0@group-A09C527D8C6F-LeaderElection229] INFO  impl.RaftServerImpl (RaftServerImpl.java:setRole(184)) - 67d877d9-ecd0-4b7d-838e-89aa2c4103c0@group-A09C527D8C6F: changes role from CANDIDATE to FOLLOWER at term 272 for DISCOVERED_A_NEW_TERM
2019-10-18 12:32:50,362 [67d877d9-ecd0-4b7d-838e-89aa2c4103c0@group-A09C527D8C6F-LeaderElection229] INFO  impl.RoleInfo (RoleInfo.java:shutdownLeaderElection(134)) - 67d877d9-ecd0-4b7d-838e-89aa2c4103c0: shutdown LeaderElection
2019-10-18 12:32:50,362 [67d877d9-ecd0-4b7d-838e-89aa2c4103c0@group-A09C527D8C6F-LeaderElection229] INFO  impl.RoleInfo (RoleInfo.java:updateAndGet(143)) - 67d877d9-ecd0-4b7d-838e-89aa2c4103c0: start FollowerState
2019-10-18 12:32:50,387 [Thread-1892] INFO  impl.FollowerState (FollowerState.java:run(108)) - 67d877d9-ecd0-4b7d-838e-89aa2c4103c0@group-A09C527D8C6F-FollowerState: change to CANDIDATE, lastRpcTime:25ms, electionTimeout:25ms
2019-10-18 12:32:50,387 [Thread-1892] INFO  impl.RoleInfo (RoleInfo.java:shutdownFollowerState(121)) - 67d877d9-ecd0-4b7d-838e-89aa2c4103c0: shutdown FollowerState
2019-10-18 12:32:50,388 [Thread-1892] INFO  impl.RaftServerImpl (RaftServerImpl.java:setRole(184)) - 67d877d9-ecd0-4b7d-838e-89aa2c4103c0@group-A09C527D8C6F: changes role from  FOLLOWER to CANDIDATE at term 272 for changeToCandidate
2019-10-18 12:32:50,388 [Thread-1892] INFO  impl.RoleInfo (RoleInfo.java:updateAndGet(143)) - 67d877d9-ecd0-4b7d-838e-89aa2c4103c0: start LeaderElection
2019-10-18 12:32:50,411 [67d877d9-ecd0-4b7d-838e-89aa2c4103c0@group-A09C527D8C6F-LeaderElection230] INFO  impl.LeaderElection (LeaderElection.java:askForVotes(178)) - 67d877d9-ecd0-4b7d-838e-89aa2c4103c0@group-A09C527D8C6F-LeaderElection230: begin an election at term 273 for -1: [c39ba312-e57f-4b8c-998e-32538a6d88da:192.168.34.56:44039, 67d877d9-ecd0-4b7d-838e-89aa2c4103c0:192.168.34.56:33816, 6af5dfc0-d4d0-48db-9aa9-c45e51549e54:192.168.34.56:32981], old=null
2019-10-18 12:32:50,412 [grpc-default-executor-3] INFO  impl.RaftServerImpl (RaftServerImpl.java:setRole(184)) - c39ba312-e57f-4b8c-998e-32538a6d88da@group-A09C527D8C6F: changes role from  FOLLOWER to FOLLOWER at term 273 for recognizeCandidate:67d877d9-ecd0-4b7d-838e-89aa2c4103c0
2019-10-18 12:32:50,412 [grpc-default-executor-3] INFO  impl.RoleInfo (RoleInfo.java:shutdownFollowerState(121)) - c39ba312-e57f-4b8c-998e-32538a6d88da: shutdown FollowerState
2019-10-18 12:32:50,412 [grpc-default-executor-3] INFO  impl.RoleInfo (RoleInfo.java:updateAndGet(143)) - c39ba312-e57f-4b8c-998e-32538a6d88da: start FollowerState
2019-10-18 12:32:50,412 [grpc-default-executor-5] INFO  impl.RaftServerImpl (RaftServerImpl.java:setRole(184)) - 6af5dfc0-d4d0-48db-9aa9-c45e51549e54@group-A09C527D8C6F: changes role from  FOLLOWER to FOLLOWER at term 273 for recognizeCandidate:67d877d9-ecd0-4b7d-838e-89aa2c4103c0
2019-10-18 12:32:50,412 [Thread-1891] INFO  impl.FollowerState (FollowerState.java:run(117)) - c39ba312-e57f-4b8c-998e-32538a6d88da@group-A09C527D8C6F-FollowerState was interrupted: java.lang.InterruptedException: sleep interrupted
2019-10-18 12:32:50,413 [grpc-default-executor-5] INFO  impl.RoleInfo (RoleInfo.java:shutdownFollowerState(121)) - 6af5dfc0-d4d0-48db-9aa9-c45e51549e54: shutdown FollowerState
2019-10-18 12:32:50,413 [grpc-default-executor-5] INFO  impl.RoleInfo (RoleInfo.java:updateAndGet(143)) - 6af5dfc0-d4d0-48db-9aa9-c45e51549e54: start FollowerState
2019-10-18 12:32:50,413 [Thread-1890] INFO  impl.FollowerState (FollowerState.java:run(117)) - 6af5dfc0-d4d0-48db-9aa9-c45e51549e54@group-A09C527D8C6F-FollowerState was interrupted: java.lang.InterruptedException: sleep interrupted
2019-10-18 12:32:50,434 [67d877d9-ecd0-4b7d-838e-89aa2c4103c0@group-A09C527D8C6F-LeaderElection230] INFO  impl.LeaderElection (LeaderElection.java:logAndReturn(56)) - 67d877d9-ecd0-4b7d-838e-89aa2c4103c0@group-A09C527D8C6F-LeaderElection230: Election REJECTED; received 2 response(s) [67d877d9-ecd0-4b7d-838e-89aa2c4103c0<-c39ba312-e57f-4b8c-998e-32538a6d88da#0:FAIL-t273, 67d877d9-ecd0-4b7d-838e-89aa2c4103c0<-6af5dfc0-d4d0-48db-9aa9-c45e51549e54#0:FAIL-t273] and 0 exception(s); 67d877d9-ecd0-4b7d-838e-89aa2c4103c0@group-A09C527D8C6F:t273, leader=null, voted=67d877d9-ecd0-4b7d-838e-89aa2c4103c0, raftlog=67d877d9-ecd0-4b7d-838e-89aa2c4103c0@group-A09C527D8C6F-SegmentedRaftLog:OPENED:c-1,f-1,i0, conf=-1: [c39ba312-e57f-4b8c-998e-32538a6d88da:192.168.34.56:44039, 67d877d9-ecd0-4b7d-838e-89aa2c4103c0:192.168.34.56:33816, 6af5dfc0-d4d0-48db-9aa9-c45e51549e54:192.168.34.56:32981], old=null
2019-10-18 12:32:50,434 [67d877d9-ecd0-4b7d-838e-89aa2c4103c0@group-A09C527D8C6F-LeaderElection230] INFO  impl.RaftServerImpl (RaftServerImpl.java:setRole(184)) - 67d877d9-ecd0-4b7d-838e-89aa2c4103c0@group-A09C527D8C6F: changes role from CANDIDATE to FOLLOWER at term 273 for DISCOVERED_A_NEW_TERM
2019-10-18 12:32:50,434 [67d877d9-ecd0-4b7d-838e-89aa2c4103c0@group-A09C527D8C6F-LeaderElection230] INFO  impl.RoleInfo (RoleInfo.java:shutdownLeaderElection(134)) - 67d877d9-ecd0-4b7d-838e-89aa2c4103c0: shutdown LeaderElection
2019-10-18 12:32:50,434 [67d877d9-ecd0-4b7d-838e-89aa2c4103c0@group-A09C527D8C6F-LeaderElection230] INFO  impl.RoleInfo (RoleInfo.java:updateAndGet(143)) - 67d877d9-ecd0-4b7d-838e-89aa2c4103c0: start FollowerState
2019-10-18 12:32:50,538 [Thread-1899] INFO  impl.FollowerState (FollowerState.java:run(108)) - 67d877d9-ecd0-4b7d-838e-89aa2c4103c0@group-A09C527D8C6F-FollowerState: change to CANDIDATE, lastRpcTime:103ms, electionTimeout:103ms
2019-10-18 12:32:50,538 [Thread-1899] INFO  impl.RoleInfo (RoleInfo.java:shutdownFollowerState(121)) - 67d877d9-ecd0-4b7d-838e-89aa2c4103c0: shutdown FollowerState
2019-10-18 12:32:50,538 [Thread-1899] INFO  impl.RaftServerImpl (RaftServerImpl.java:setRole(184)) - 67d877d9-ecd0-4b7d-838e-89aa2c4103c0@group-A09C527D8C6F: changes role from  FOLLOWER to CANDIDATE at term 273 for changeToCandidate
2019-10-18 12:32:50,538 [Thread-1899] INFO  impl.RoleInfo (RoleInfo.java:updateAndGet(143)) - 67d877d9-ecd0-4b7d-838e-89aa2c4103c0: start LeaderElection
2019-10-18 12:32:50,953 [67d877d9-ecd0-4b7d-838e-89aa2c4103c0@group-A09C527D8C6F-LeaderElection231] INFO  impl.LeaderElection (LeaderElection.java:askForVotes(178)) - 67d877d9-ecd0-4b7d-838e-89aa2c4103c0@group-A09C527D8C6F-LeaderElection231: begin an election at term 274 for -1: [c39ba312-e57f-4b8c-998e-32538a6d88da:192.168.34.56:44039, 67d877d9-ecd0-4b7d-838e-89aa2c4103c0:192.168.34.56:33816, 6af5dfc0-d4d0-48db-9aa9-c45e51549e54:192.168.34.56:32981], old=null
2019-10-18 12:32:50,956 [grpc-default-executor-3] INFO  impl.RaftServerImpl (RaftServerImpl.java:setRole(184)) - c39ba312-e57f-4b8c-998e-32538a6d88da@group-A09C527D8C6F: changes role from  FOLLOWER to FOLLOWER at term 274 for recognizeCandidate:67d877d9-ecd0-4b7d-838e-89aa2c4103c0
2019-10-18 12:32:50,956 [grpc-default-executor-3] INFO  impl.RoleInfo (RoleInfo.java:shutdownFollowerState(121)) - c39ba312-e57f-4b8c-998e-32538a6d88da: shutdown FollowerState
2019-10-18 12:32:50,956 [grpc-default-executor-3] INFO  impl.RoleInfo (RoleInfo.java:updateAndGet(143)) - c39ba312-e57f-4b8c-998e-32538a6d88da: start FollowerState
2019-10-18 12:32:50,956 [Thread-1897] INFO  impl.FollowerState (FollowerState.java:run(117)) - c39ba312-e57f-4b8c-998e-32538a6d88da@group-A09C527D8C6F-FollowerState was interrupted: java.lang.InterruptedException: sleep interrupted
2019-10-18 12:32:50,956 [grpc-default-executor-5] INFO  impl.RaftServerImpl (RaftServerImpl.java:setRole(184)) - 6af5dfc0-d4d0-48db-9aa9-c45e51549e54@group-A09C527D8C6F: changes role from  FOLLOWER to FOLLOWER at term 274 for recognizeCandidate:67d877d9-ecd0-4b7d-838e-89aa2c4103c0
2019-10-18 12:32:50,957 [grpc-default-executor-5] INFO  impl.RoleInfo (RoleInfo.java:shutdownFollowerState(121)) - 6af5dfc0-d4d0-48db-9aa9-c45e51549e54: shutdown FollowerState
2019-10-18 12:32:50,957 [grpc-default-executor-5] INFO  impl.RoleInfo (RoleInfo.java:updateAndGet(143)) - 6af5dfc0-d4d0-48db-9aa9-c45e51549e54: start FollowerState
2019-10-18 12:32:50,957 [Thread-1898] INFO  impl.FollowerState (FollowerState.java:run(117)) - 6af5dfc0-d4d0-48db-9aa9-c45e51549e54@group-A09C527D8C6F-FollowerState was interrupted: java.lang.InterruptedException: sleep interrupted
2019-10-18 12:32:51,064 [67d877d9-ecd0-4b7d-838e-89aa2c4103c0@group-A09C527D8C6F-LeaderElection231] INFO  impl.LeaderElection (LeaderElection.java:logAndReturn(56)) - 67d877d9-ecd0-4b7d-838e-89aa2c4103c0@group-A09C527D8C6F-LeaderElection231: Election TIMEOUT; received 0 response(s) [] and 0 exception(s); 67d877d9-ecd0-4b7d-838e-89aa2c4103c0@group-A09C527D8C6F:t274, leader=null, voted=67d877d9-ecd0-4b7d-838e-89aa2c4103c0, raftlog=67d877d9-ecd0-4b7d-838e-89aa2c4103c0@group-A09C527D8C6F-SegmentedRaftLog:OPENED:c-1,f-1,i0, conf=-1: [c39ba312-e57f-4b8c-998e-32538a6d88da:192.168.34.56:44039, 67d877d9-ecd0-4b7d-838e-89aa2c4103c0:192.168.34.56:33816, 6af5dfc0-d4d0-48db-9aa9-c45e51549e54:192.168.34.56:32981], old=null
2019-10-18 12:32:52,476 [67d877d9-ecd0-4b7d-838e-89aa2c4103c0@group-A09C527D8C6F-LeaderElection231] INFO  impl.LeaderElection (LeaderElection.java:askForVotes(178)) - 67d877d9-ecd0-4b7d-838e-89aa2c4103c0@group-A09C527D8C6F-LeaderElection231: begin an election at term 275 for -1: [c39ba312-e57f-4b8c-998e-32538a6d88da:192.168.34.56:44039, 67d877d9-ecd0-4b7d-838e-89aa2c4103c0:192.168.34.56:33816, 6af5dfc0-d4d0-48db-9aa9-c45e51549e54:192.168.34.56:32981], old=null
2019-10-18 12:32:52,478 [grpc-default-executor-5] INFO  impl.RaftServerImpl (RaftServerImpl.java:setRole(184)) - c39ba312-e57f-4b8c-998e-32538a6d88da@group-A09C527D8C6F: changes role from  FOLLOWER to FOLLOWER at term 275 for recognizeCandidate:67d877d9-ecd0-4b7d-838e-89aa2c4103c0
2019-10-18 12:32:52,478 [grpc-default-executor-5] INFO  impl.RoleInfo (RoleInfo.java:shutdownFollowerState(121)) - c39ba312-e57f-4b8c-998e-32538a6d88da: shutdown FollowerState
2019-10-18 12:32:52,478 [grpc-default-executor-5] INFO  impl.RoleInfo (RoleInfo.java:updateAndGet(143)) - c39ba312-e57f-4b8c-998e-32538a6d88da: start FollowerState
2019-10-18 12:32:52,478 [Thread-1903] INFO  impl.FollowerState (FollowerState.java:run(117)) - c39ba312-e57f-4b8c-998e-32538a6d88da@group-A09C527D8C6F-FollowerState was interrupted: java.lang.InterruptedException: sleep interrupted
2019-10-18 12:32:52,478 [grpc-default-executor-3] INFO  impl.RaftServerImpl (RaftServerImpl.java:setRole(184)) - 6af5dfc0-d4d0-48db-9aa9-c45e51549e54@group-A09C527D8C6F: changes role from  FOLLOWER to FOLLOWER at term 275 for recognizeCandidate:67d877d9-ecd0-4b7d-838e-89aa2c4103c0
2019-10-18 12:32:52,478 [grpc-default-executor-3] INFO  impl.RoleInfo (RoleInfo.java:shutdownFollowerState(121)) - 6af5dfc0-d4d0-48db-9aa9-c45e51549e54: shutdown FollowerState
2019-10-18 12:32:52,479 [grpc-default-executor-3] INFO  impl.RoleInfo (RoleInfo.java:updateAndGet(143)) - 6af5dfc0-d4d0-48db-9aa9-c45e51549e54: start FollowerState
2019-10-18 12:32:52,479 [Thread-1904] INFO  impl.FollowerState (FollowerState.java:run(117)) - 6af5dfc0-d4d0-48db-9aa9-c45e51549e54@group-A09C527D8C6F-FollowerState was interrupted: java.lang.InterruptedException: sleep interrupted
2019-10-18 12:32:52,529 [67d877d9-ecd0-4b7d-838e-89aa2c4103c0@group-A09C527D8C6F-LeaderElection231] INFO  impl.LeaderElection (LeaderElection.java:logAndReturn(56)) - 67d877d9-ecd0-4b7d-838e-89aa2c4103c0@group-A09C527D8C6F-LeaderElection231: Election TIMEOUT; received 0 response(s) [] and 0 exception(s); 67d877d9-ecd0-4b7d-838e-89aa2c4103c0@group-A09C527D8C6F:t275, leader=null, voted=67d877d9-ecd0-4b7d-838e-89aa2c4103c0, raftlog=67d877d9-ecd0-4b7d-838e-89aa2c4103c0@group-A09C527D8C6F-SegmentedRaftLog:OPENED:c-1,f-1,i0, conf=-1: [c39ba312-e57f-4b8c-998e-32538a6d88da:192.168.34.56:44039, 67d877d9-ecd0-4b7d-838e-89aa2c4103c0:192.168.34.56:33816, 6af5dfc0-d4d0-48db-9aa9-c45e51549e54:192.168.34.56:32981], old=null
2019-10-18 12:32:53,159 [67d877d9-ecd0-4b7d-838e-89aa2c4103c0@group-A09C527D8C6F-LeaderElection231] INFO  impl.LeaderElection (LeaderElection.java:askForVotes(178)) - 67d877d9-ecd0-4b7d-838e-89aa2c4103c0@group-A09C527D8C6F-LeaderElection231: begin an election at term 276 for -1: [c39ba312-e57f-4b8c-998e-32538a6d88da:192.168.34.56:44039, 67d877d9-ecd0-4b7d-838e-89aa2c4103c0:192.168.34.56:33816, 6af5dfc0-d4d0-48db-9aa9-c45e51549e54:192.168.34.56:32981], old=null
2019-10-18 12:32:53,161 [grpc-default-executor-3] INFO  impl.RaftServerImpl (RaftServerImpl.java:setRole(184)) - c39ba312-e57f-4b8c-998e-32538a6d88da@group-A09C527D8C6F: changes role from  FOLLOWER to FOLLOWER at term 276 for recognizeCandidate:67d877d9-ecd0-4b7d-838e-89aa2c4103c0
2019-10-18 12:32:53,161 [grpc-default-executor-5] INFO  impl.RaftServerImpl (RaftServerImpl.java:setRole(184)) - 6af5dfc0-d4d0-48db-9aa9-c45e51549e54@group-A09C527D8C6F: changes role from  FOLLOWER to FOLLOWER at term 276 for recognizeCandidate:67d877d9-ecd0-4b7d-838e-89aa2c4103c0
2019-10-18 12:32:53,161 [grpc-default-executor-3] INFO  impl.RoleInfo (RoleInfo.java:shutdownFollowerState(121)) - c39ba312-e57f-4b8c-998e-32538a6d88da: shutdown FollowerState
2019-10-18 12:32:53,161 [grpc-default-executor-5] INFO  impl.RoleInfo (RoleInfo.java:shutdownFollowerState(121)) - 6af5dfc0-d4d0-48db-9aa9-c45e51549e54: shutdown FollowerState
2019-10-18 12:32:53,161 [grpc-default-executor-3] INFO  impl.RoleInfo (RoleInfo.java:updateAndGet(143)) - c39ba312-e57f-4b8c-998e-32538a6d88da: start FollowerState
2019-10-18 12:32:53,162 [Thread-1915] INFO  impl.FollowerState (FollowerState.java:run(117)) - c39ba312-e57f-4b8c-998e-32538a6d88da@group-A09C527D8C6F-FollowerState was interrupted: java.lang.InterruptedException: sleep interrupted
2019-10-18 12:32:53,162 [Thread-1916] INFO  impl.FollowerState (FollowerState.java:run(117)) - 6af5dfc0-d4d0-48db-9aa9-c45e51549e54@group-A09C527D8C6F-FollowerState was interrupted: java.lang.InterruptedException: sleep interrupted
2019-10-18 12:32:53,162 [grpc-default-executor-5] INFO  impl.RoleInfo (RoleInfo.java:updateAndGet(143)) - 6af5dfc0-d4d0-48db-9aa9-c45e51549e54: start FollowerState
2019-10-18 12:32:53,202 [67d877d9-ecd0-4b7d-838e-89aa2c4103c0@group-A09C527D8C6F-LeaderElection231] INFO  impl.LeaderElection (LeaderElection.java:logAndReturn(56)) - 67d877d9-ecd0-4b7d-838e-89aa2c4103c0@group-A09C527D8C6F-LeaderElection231: Election TIMEOUT; received 0 response(s) [] and 0 exception(s); 67d877d9-ecd0-4b7d-838e-89aa2c4103c0@group-A09C527D8C6F:t276, leader=null, voted=67d877d9-ecd0-4b7d-838e-89aa2c4103c0, raftlog=67d877d9-ecd0-4b7d-838e-89aa2c4103c0@group-A09C527D8C6F-SegmentedRaftLog:OPENED:c-1,f-1,i0, conf=-1: [c39ba312-e57f-4b8c-998e-32538a6d88da:192.168.34.56:44039, 67d877d9-ecd0-4b7d-838e-89aa2c4103c0:192.168.34.56:33816, 6af5dfc0-d4d0-48db-9aa9-c45e51549e54:192.168.34.56:32981], old=null
2019-10-18 12:32:53,349 [67d877d9-ecd0-4b7d-838e-89aa2c4103c0@group-A09C527D8C6F-LeaderElection231] INFO  impl.LeaderElection (LeaderElection.java:askForVotes(178)) - 67d877d9-ecd0-4b7d-838e-89aa2c4103c0@group-A09C527D8C6F-LeaderElection231: begin an election at term 277 for -1: [c39ba312-e57f-4b8c-998e-32538a6d88da:192.168.34.56:44039, 67d877d9-ecd0-4b7d-838e-89aa2c4103c0:192.168.34.56:33816, 6af5dfc0-d4d0-48db-9aa9-c45e51549e54:192.168.34.56:32981], old=null
2019-10-18 12:32:53,350 [grpc-default-executor-5] INFO  impl.RaftServerImpl (RaftServerImpl.java:setRole(184)) - c39ba312-e57f-4b8c-998e-32538a6d88da@group-A09C527D8C6F: changes role from  FOLLOWER to FOLLOWER at term 277 for recognizeCandidate:67d877d9-ecd0-4b7d-838e-89aa2c4103c0
2019-10-18 12:32:53,350 [grpc-default-executor-5] INFO  impl.RoleInfo (RoleInfo.java:shutdownFollowerState(121)) - c39ba312-e57f-4b8c-998e-32538a6d88da: shutdown FollowerState
2019-10-18 12:32:53,351 [grpc-default-executor-5] INFO  impl.RoleInfo (RoleInfo.java:updateAndGet(143)) - c39ba312-e57f-4b8c-998e-32538a6d88da: start FollowerState
2019-10-18 12:32:53,351 [grpc-default-executor-3] INFO  impl.RaftServerImpl (RaftServerImpl.java:setRole(184)) - 6af5dfc0-d4d0-48db-9aa9-c45e51549e54@group-A09C527D8C6F: changes role from  FOLLOWER to FOLLOWER at term 277 for recognizeCandidate:67d877d9-ecd0-4b7d-838e-89aa2c4103c0
2019-10-18 12:32:53,351 [grpc-default-executor-3] INFO  impl.RoleInfo (RoleInfo.java:shutdownFollowerState(121)) - 6af5dfc0-d4d0-48db-9aa9-c45e51549e54: shutdown FollowerState
2019-10-18 12:32:53,351 [Thread-1921] INFO  impl.FollowerState (FollowerState.java:run(117)) - c39ba312-e57f-4b8c-998e-32538a6d88da@group-A09C527D8C6F-FollowerState was interrupted: java.lang.InterruptedException: sleep interrupted
2019-10-18 12:32:53,351 [Thread-1922] INFO  impl.FollowerState (FollowerState.java:run(117)) - 6af5dfc0-d4d0-48db-9aa9-c45e51549e54@group-A09C527D8C6F-FollowerState was interrupted: java.lang.InterruptedException: sleep interrupted
2019-10-18 12:32:53,351 [grpc-default-executor-3] INFO  impl.RoleInfo (RoleInfo.java:updateAndGet(143)) - 6af5dfc0-d4d0-48db-9aa9-c45e51549e54: start FollowerState
2019-10-18 12:32:53,372 [67d877d9-ecd0-4b7d-838e-89aa2c4103c0@group-A09C527D8C6F-LeaderElection231] INFO  impl.LeaderElection (LeaderElection.java:logAndReturn(56)) - 67d877d9-ecd0-4b7d-838e-89aa2c4103c0@group-A09C527D8C6F-LeaderElection231: Election REJECTED; received 2 response(s) [67d877d9-ecd0-4b7d-838e-89aa2c4103c0<-c39ba312-e57f-4b8c-998e-32538a6d88da#0:FAIL-t277, 67d877d9-ecd0-4b7d-838e-89aa2c4103c0<-6af5dfc0-d4d0-48db-9aa9-c45e51549e54#0:FAIL-t277] and 0 exception(s); 67d877d9-ecd0-4b7d-838e-89aa2c4103c0@group-A09C527D8C6F:t277, leader=null, voted=67d877d9-ecd0-4b7d-838e-89aa2c4103c0, raftlog=67d877d9-ecd0-4b7d-838e-89aa2c4103c0@group-A09C527D8C6F-SegmentedRaftLog:OPENED:c-1,f-1,i0, conf=-1: [c39ba312-e57f-4b8c-998e-32538a6d88da:192.168.34.56:44039, 67d877d9-ecd0-4b7d-838e-89aa2c4103c0:192.168.34.56:33816, 6af5dfc0-d4d0-48db-9aa9-c45e51549e54:192.168.34.56:32981], old=null
2019-10-18 12:32:53,372 [67d877d9-ecd0-4b7d-838e-89aa2c4103c0@group-A09C527D8C6F-LeaderElection231] INFO  impl.RaftServerImpl (RaftServerImpl.java:setRole(184)) - 67d877d9-ecd0-4b7d-838e-89aa2c4103c0@group-A09C527D8C6F: changes role from CANDIDATE to FOLLOWER at term 277 for DISCOVERED_A_NEW_TERM
2019-10-18 12:32:53,373 [67d877d9-ecd0-4b7d-838e-89aa2c4103c0@group-A09C527D8C6F-LeaderElection231] INFO  impl.RoleInfo (RoleInfo.java:shutdownLeaderElection(134)) - 67d877d9-ecd0-4b7d-838e-89aa2c4103c0: shutdown LeaderElection
2019-10-18 12:32:53,373 [67d877d9-ecd0-4b7d-838e-89aa2c4103c0@group-A09C527D8C6F-LeaderElection231] INFO  impl.RoleInfo (RoleInfo.java:updateAndGet(143)) - 67d877d9-ecd0-4b7d-838e-89aa2c4103c0: start FollowerState
2019-10-18 12:32:53,374 [Thread-1927] INFO  impl.FollowerState (FollowerState.java:run(108)) - 67d877d9-ecd0-4b7d-838e-89aa2c4103c0@group-A09C527D8C6F-FollowerState: change to CANDIDATE, lastRpcTime:1ms, electionTimeout:1ms
2019-10-18 12:32:53,374 [Thread-1927] INFO  impl.RoleInfo (RoleInfo.java:shutdownFollowerState(121)) - 67d877d9-ecd0-4b7d-838e-89aa2c4103c0: shutdown FollowerState
2019-10-18 12:32:53,374 [Thread-1927] INFO  impl.RaftServerImpl (RaftServerImpl.java:setRole(184)) - 67d877d9-ecd0-4b7d-838e-89aa2c4103c0@group-A09C527D8C6F: changes role from  FOLLOWER to CANDIDATE at term 277 for changeToCandidate
2019-10-18 12:32:53,375 [Thread-1927] INFO  impl.RoleInfo (RoleInfo.java:updateAndGet(143)) - 67d877d9-ecd0-4b7d-838e-89aa2c4103c0: start LeaderElection
2019-10-18 12:32:53,407 [67d877d9-ecd0-4b7d-838e-89aa2c4103c0@group-A09C527D8C6F-LeaderElection232] INFO  impl.LeaderElection (LeaderElection.java:askForVotes(178)) - 67d877d9-ecd0-4b7d-838e-89aa2c4103c0@group-A09C527D8C6F-LeaderElection232: begin an election at term 278 for -1: [c39ba312-e57f-4b8c-998e-32538a6d88da:192.168.34.56:44039, 67d877d9-ecd0-4b7d-838e-89aa2c4103c0:192.168.34.56:33816, 6af5dfc0-d4d0-48db-9aa9-c45e51549e54:192.168.34.56:32981], old=null
2019-10-18 12:32:53,409 [grpc-default-executor-3] INFO  impl.RaftServerImpl (RaftServerImpl.java:setRole(184)) - c39ba312-e57f-4b8c-998e-32538a6d88da@group-A09C527D8C6F: changes role from  FOLLOWER to FOLLOWER at term 278 for recognizeCandidate:67d877d9-ecd0-4b7d-838e-89aa2c4103c0
2019-10-18 12:32:53,409 [grpc-default-executor-5] INFO  impl.RaftServerImpl (RaftServerImpl.java:setRole(184)) - 6af5dfc0-d4d0-48db-9aa9-c45e51549e54@group-A09C527D8C6F: changes role from  FOLLOWER to FOLLOWER at term 278 for recognizeCandidate:67d877d9-ecd0-4b7d-838e-89aa2c4103c0
2019-10-18 12:32:53,410 [grpc-default-executor-3] INFO  impl.RoleInfo (RoleInfo.java:shutdownFollowerState(121)) - c39ba312-e57f-4b8c-998e-32538a6d88da: shutdown FollowerState
2019-10-18 12:32:53,410 [grpc-default-executor-5] INFO  impl.RoleInfo (RoleInfo.java:shutdownFollowerState(121)) - 6af5dfc0-d4d0-48db-9aa9-c45e51549e54: shutdown FollowerState
2019-10-18 12:32:53,410 [Thread-1925] INFO  impl.FollowerState (FollowerState.java:run(117)) - c39ba312-e57f-4b8c-998e-32538a6d88da@group-A09C527D8C6F-FollowerState was interrupted: java.lang.InterruptedException: sleep interrupted
2019-10-18 12:32:53,410 [grpc-default-executor-3] INFO  impl.RoleInfo (RoleInfo.java:updateAndGet(143)) - c39ba312-e57f-4b8c-998e-32538a6d88da: start FollowerState
2019-10-18 12:32:53,410 [grpc-default-executor-5] INFO  impl.RoleInfo (RoleInfo.java:updateAndGet(143)) - 6af5dfc0-d4d0-48db-9aa9-c45e51549e54: start FollowerState
2019-10-18 12:32:53,410 [Thread-1926] INFO  impl.FollowerState (FollowerState.java:run(117)) - 6af5dfc0-d4d0-48db-9aa9-c45e51549e54@group-A09C527D8C6F-FollowerState was interrupted: java.lang.InterruptedException: sleep interrupted
2019-10-18 12:32:53,442 [67d877d9-ecd0-4b7d-838e-89aa2c4103c0@group-A09C527D8C6F-LeaderElection232] INFO  impl.LeaderElection (LeaderElection.java:logAndReturn(56)) - 67d877d9-ecd0-4b7d-838e-89aa2c4103c0@group-A09C527D8C6F-LeaderElection232: Election REJECTED; received 2 response(s) [67d877d9-ecd0-4b7d-838e-89aa2c4103c0<-c39ba312-e57f-4b8c-998e-32538a6d88da#0:FAIL-t278, 67d877d9-ecd0-4b7d-838e-89aa2c4103c0<-6af5dfc0-d4d0-48db-9aa9-c45e51549e54#0:FAIL-t278] and 0 exception(s); 67d877d9-ecd0-4b7d-838e-89aa2c4103c0@group-A09C527D8C6F:t278, leader=null, voted=67d877d9-ecd0-4b7d-838e-89aa2c4103c0, raftlog=67d877d9-ecd0-4b7d-838e-89aa2c4103c0@group-A09C527D8C6F-SegmentedRaftLog:OPENED:c-1,f-1,i0, conf=-1: [c39ba312-e57f-4b8c-998e-32538a6d88da:192.168.34.56:44039, 67d877d9-ecd0-4b7d-838e-89aa2c4103c0:192.168.34.56:33816, 6af5dfc0-d4d0-48db-9aa9-c45e51549e54:192.168.34.56:32981], old=null
2019-10-18 12:32:53,442 [67d877d9-ecd0-4b7d-838e-89aa2c4103c0@group-A09C527D8C6F-LeaderElection232] INFO  impl.RaftServerImpl (RaftServerImpl.java:setRole(184)) - 67d877d9-ecd0-4b7d-838e-89aa2c4103c0@group-A09C527D8C6F: changes role from CANDIDATE to FOLLOWER at term 278 for DISCOVERED_A_NEW_TERM
2019-10-18 12:32:53,442 [67d877d9-ecd0-4b7d-838e-89aa2c4103c0@group-A09C527D8C6F-LeaderElection232] INFO  impl.RoleInfo (RoleInfo.java:shutdownLeaderElection(134)) - 67d877d9-ecd0-4b7d-838e-89aa2c4103c0: shutdown LeaderElection
2019-10-18 12:32:53,442 [67d877d9-ecd0-4b7d-838e-89aa2c4103c0@group-A09C527D8C6F-LeaderElection232] INFO  impl.RoleInfo (RoleInfo.java:updateAndGet(143)) - 67d877d9-ecd0-4b7d-838e-89aa2c4103c0: start FollowerState
2019-10-18 12:32:53,489 [Thread-1933] INFO  impl.FollowerState (FollowerState.java:run(108)) - 67d877d9-ecd0-4b7d-838e-89aa2c4103c0@group-A09C527D8C6F-FollowerState: change to CANDIDATE, lastRpcTime:46ms, electionTimeout:46ms
2019-10-18 12:32:53,489 [Thread-1933] INFO  impl.RoleInfo (RoleInfo.java:shutdownFollowerState(121)) - 67d877d9-ecd0-4b7d-838e-89aa2c4103c0: shutdown FollowerState
2019-10-18 12:32:53,489 [Thread-1933] INFO  impl.RaftServerImpl (RaftServerImpl.java:setRole(184)) - 67d877d9-ecd0-4b7d-838e-89aa2c4103c0@group-A09C527D8C6F: changes role from  FOLLOWER to CANDIDATE at term 278 for changeToCandidate
2019-10-18 12:32:53,489 [Thread-1933] INFO  impl.RoleInfo (RoleInfo.java:updateAndGet(143)) - 67d877d9-ecd0-4b7d-838e-89aa2c4103c0: start LeaderElection
2019-10-18 12:32:53,514 [67d877d9-ecd0-4b7d-838e-89aa2c4103c0@group-A09C527D8C6F-LeaderElection233] INFO  impl.LeaderElection (LeaderElection.java:askForVotes(178)) - 67d877d9-ecd0-4b7d-838e-89aa2c4103c0@group-A09C527D8C6F-LeaderElection233: begin an election at term 279 for -1: [c39ba312-e57f-4b8c-998e-32538a6d88da:192.168.34.56:44039, 67d877d9-ecd0-4b7d-838e-89aa2c4103c0:192.168.34.56:33816, 6af5dfc0-d4d0-48db-9aa9-c45e51549e54:192.168.34.56:32981], old=null
2019-10-18 12:32:53,516 [grpc-default-executor-3] INFO  impl.RaftServerImpl (RaftServerImpl.java:setRole(184)) - c39ba312-e57f-4b8c-998e-32538a6d88da@group-A09C527D8C6F: changes role from  FOLLOWER to FOLLOWER at term 279 for recognizeCandidate:67d877d9-ecd0-4b7d-838e-89aa2c4103c0
2019-10-18 12:32:53,516 [grpc-default-executor-3] INFO  impl.RoleInfo (RoleInfo.java:shutdownFollowerState(121)) - c39ba312-e57f-4b8c-998e-32538a6d88da: shutdown FollowerState
2019-10-18 12:32:53,516 [grpc-default-executor-5] INFO  impl.RaftServerImpl (RaftServerImpl.java:setRole(184)) - 6af5dfc0-d4d0-48db-9aa9-c45e51549e54@group-A09C527D8C6F: changes role from  FOLLOWER to FOLLOWER at term 279 for recognizeCandidate:67d877d9-ecd0-4b7d-838e-89aa2c4103c0
2019-10-18 12:32:53,516 [grpc-default-executor-5] INFO  impl.RoleInfo (RoleInfo.java:shutdownFollowerState(121)) - 6af5dfc0-d4d0-48db-9aa9-c45e51549e54: shutdown FollowerState
2019-10-18 12:32:53,516 [Thread-1931] INFO  impl.FollowerState (FollowerState.java:run(117)) - c39ba312-e57f-4b8c-998e-32538a6d88da@group-A09C527D8C6F-FollowerState was interrupted: java.lang.InterruptedException: sleep interrupted
2019-10-18 12:32:53,516 [grpc-default-executor-3] INFO  impl.RoleInfo (RoleInfo.java:updateAndGet(143)) - c39ba312-e57f-4b8c-998e-32538a6d88da: start FollowerState
2019-10-18 12:32:53,516 [Thread-1932] INFO  impl.FollowerState (FollowerState.java:run(117)) - 6af5dfc0-d4d0-48db-9aa9-c45e51549e54@group-A09C527D8C6F-FollowerState was interrupted: java.lang.InterruptedException: sleep interrupted
2019-10-18 12:32:53,516 [grpc-default-executor-5] INFO  impl.RoleInfo (RoleInfo.java:updateAndGet(143)) - 6af5dfc0-d4d0-48db-9aa9-c45e51549e54: start FollowerState
2019-10-18 12:32:53,551 [67d877d9-ecd0-4b7d-838e-89aa2c4103c0@group-A09C527D8C6F-LeaderElection233] INFO  impl.LeaderElection (LeaderElection.java:logAndReturn(56)) - 67d877d9-ecd0-4b7d-838e-89aa2c4103c0@group-A09C527D8C6F-LeaderElection233: Election REJECTED; received 2 response(s) [67d877d9-ecd0-4b7d-838e-89aa2c4103c0<-c39ba312-e57f-4b8c-998e-32538a6d88da#0:FAIL-t279, 67d877d9-ecd0-4b7d-838e-89aa2c4103c0<-6af5dfc0-d4d0-48db-9aa9-c45e51549e54#0:FAIL-t279] and 0 exception(s); 67d877d9-ecd0-4b7d-838e-89aa2c4103c0@group-A09C527D8C6F:t279, leader=null, voted=67d877d9-ecd0-4b7d-838e-89aa2c4103c0, raftlog=67d877d9-ecd0-4b7d-838e-89aa2c4103c0@group-A09C527D8C6F-SegmentedRaftLog:OPENED:c-1,f-1,i0, conf=-1: [c39ba312-e57f-4b8c-998e-32538a6d88da:192.168.34.56:44039, 67d877d9-ecd0-4b7d-838e-89aa2c4103c0:192.168.34.56:33816, 6af5dfc0-d4d0-48db-9aa9-c45e51549e54:192.168.34.56:32981], old=null
2019-10-18 12:32:53,551 [67d877d9-ecd0-4b7d-838e-89aa2c4103c0@group-A09C527D8C6F-LeaderElection233] INFO  impl.RaftServerImpl (RaftServerImpl.java:setRole(184)) - 67d877d9-ecd0-4b7d-838e-89aa2c4103c0@group-A09C527D8C6F: changes role from CANDIDATE to FOLLOWER at term 279 for DISCOVERED_A_NEW_TERM
2019-10-18 12:32:53,551 [67d877d9-ecd0-4b7d-838e-89aa2c4103c0@group-A09C527D8C6F-LeaderElection233] INFO  impl.RoleInfo (RoleInfo.java:shutdownLeaderElection(134)) - 67d877d9-ecd0-4b7d-838e-89aa2c4103c0: shutdown LeaderElection
2019-10-18 12:32:53,551 [67d877d9-ecd0-4b7d-838e-89aa2c4103c0@group-A09C527D8C6F-LeaderElection233] INFO  impl.RoleInfo (RoleInfo.java:updateAndGet(143)) - 67d877d9-ecd0-4b7d-838e-89aa2c4103c0: start FollowerState
2019-10-18 12:32:53,629 [Thread-1939] INFO  impl.FollowerState (FollowerState.java:run(108)) - 67d877d9-ecd0-4b7d-838e-89aa2c4103c0@group-A09C527D8C6F-FollowerState: change to CANDIDATE, lastRpcTime:77ms, electionTimeout:77ms
2019-10-18 12:32:53,629 [Thread-1939] INFO  impl.RoleInfo (RoleInfo.java:shutdownFollowerState(121)) - 67d877d9-ecd0-4b7d-838e-89aa2c4103c0: shutdown FollowerState
2019-10-18 12:32:53,629 [Thread-1939] INFO  impl.RaftServerImpl (RaftServerImpl.java:setRole(184)) - 67d877d9-ecd0-4b7d-838e-89aa2c4103c0@group-A09C527D8C6F: changes role from  FOLLOWER to CANDIDATE at term 279 for changeToCandidate
2019-10-18 12:32:53,629 [Thread-1939] INFO  impl.RoleInfo (RoleInfo.java:updateAndGet(143)) - 67d877d9-ecd0-4b7d-838e-89aa2c4103c0: start LeaderElection
2019-10-18 12:32:53,648 [67d877d9-ecd0-4b7d-838e-89aa2c4103c0@group-A09C527D8C6F-LeaderElection234] INFO  impl.LeaderElection (LeaderElection.java:askForVotes(178)) - 67d877d9-ecd0-4b7d-838e-89aa2c4103c0@group-A09C527D8C6F-LeaderElection234: begin an election at term 280 for -1: [c39ba312-e57f-4b8c-998e-32538a6d88da:192.168.34.56:44039, 67d877d9-ecd0-4b7d-838e-89aa2c4103c0:192.168.34.56:33816, 6af5dfc0-d4d0-48db-9aa9-c45e51549e54:192.168.34.56:32981], old=null
2019-10-18 12:32:53,650 [grpc-default-executor-5] INFO  impl.RaftServerImpl (RaftServerImpl.java:setRole(184)) - 6af5dfc0-d4d0-48db-9aa9-c45e51549e54@group-A09C527D8C6F: changes role from  FOLLOWER to FOLLOWER at term 280 for recognizeCandidate:67d877d9-ecd0-4b7d-838e-89aa2c4103c0
2019-10-18 12:32:53,650 [grpc-default-executor-3] INFO  impl.RaftServerImpl (RaftServerImpl.java:setRole(184)) - c39ba312-e57f-4b8c-998e-32538a6d88da@group-A09C527D8C6F: changes role from  FOLLOWER to FOLLOWER at term 280 for recognizeCandidate:67d877d9-ecd0-4b7d-838e-89aa2c4103c0
2019-10-18 12:32:53,650 [grpc-default-executor-5] INFO  impl.RoleInfo (RoleInfo.java:shutdownFollowerState(121)) - 6af5dfc0-d4d0-48db-9aa9-c45e51549e54: shutdown FollowerState
2019-10-18 12:32:53,650 [grpc-default-executor-3] INFO  impl.RoleInfo (RoleInfo.java:shutdownFollowerState(121)) - c39ba312-e57f-4b8c-998e-32538a6d88da: shutdown FollowerState
2019-10-18 12:32:53,650 [Thread-1938] INFO  impl.FollowerState (FollowerState.java:run(117)) - 6af5dfc0-d4d0-48db-9aa9-c45e51549e54@group-A09C527D8C6F-FollowerState was interrupted: java.lang.InterruptedException: sleep interrupted
2019-10-18 12:32:53,650 [grpc-default-executor-5] INFO  impl.RoleInfo (RoleInfo.java:updateAndGet(143)) - 6af5dfc0-d4d0-48db-9aa9-c45e51549e54: start FollowerState
2019-10-18 12:32:53,650 [Thread-1937] INFO  impl.FollowerState (FollowerState.java:run(117)) - c39ba312-e57f-4b8c-998e-32538a6d88da@group-A09C527D8C6F-FollowerState was interrupted: java.lang.InterruptedException: sleep interrupted
2019-10-18 12:32:53,650 [grpc-default-executor-3] INFO  impl.RoleInfo (RoleInfo.java:updateAndGet(143)) - c39ba312-e57f-4b8c-998e-32538a6d88da: start FollowerState
2019-10-18 12:32:53,667 [67d877d9-ecd0-4b7d-838e-89aa2c4103c0@group-A09C527D8C6F-LeaderElection234] INFO  impl.LeaderElection (LeaderElection.java:logAndReturn(56)) - 67d877d9-ecd0-4b7d-838e-89aa2c4103c0@group-A09C527D8C6F-LeaderElection234: Election REJECTED; received 2 response(s) [67d877d9-ecd0-4b7d-838e-89aa2c4103c0<-c39ba312-e57f-4b8c-998e-32538a6d88da#0:FAIL-t280, 67d877d9-ecd0-4b7d-838e-89aa2c4103c0<-6af5dfc0-d4d0-48db-9aa9-c45e51549e54#0:FAIL-t280] and 0 exception(s); 67d877d9-ecd0-4b7d-838e-89aa2c4103c0@group-A09C527D8C6F:t280, leader=null, voted=67d877d9-ecd0-4b7d-838e-89aa2c4103c0, raftlog=67d877d9-ecd0-4b7d-838e-89aa2c4103c0@group-A09C527D8C6F-SegmentedRaftLog:OPENED:c-1,f-1,i0, conf=-1: [c39ba312-e57f-4b8c-998e-32538a6d88da:192.168.34.56:44039, 67d877d9-ecd0-4b7d-838e-89aa2c4103c0:192.168.34.56:33816, 6af5dfc0-d4d0-48db-9aa9-c45e51549e54:192.168.34.56:32981], old=null
2019-10-18 12:32:53,667 [67d877d9-ecd0-4b7d-838e-89aa2c4103c0@group-A09C527D8C6F-LeaderElection234] INFO  impl.RaftServerImpl (RaftServerImpl.java:setRole(184)) - 67d877d9-ecd0-4b7d-838e-89aa2c4103c0@group-A09C527D8C6F: changes role from CANDIDATE to FOLLOWER at term 280 for DISCOVERED_A_NEW_TERM
2019-10-18 12:32:53,667 [67d877d9-ecd0-4b7d-838e-89aa2c4103c0@group-A09C527D8C6F-LeaderElection234] INFO  impl.RoleInfo (RoleInfo.java:shutdownLeaderElection(134)) - 67d877d9-ecd0-4b7d-838e-89aa2c4103c0: shutdown LeaderElection
2019-10-18 12:32:53,667 [67d877d9-ecd0-4b7d-838e-89aa2c4103c0@group-A09C527D8C6F-LeaderElection234] INFO  impl.RoleInfo (RoleInfo.java:updateAndGet(143)) - 67d877d9-ecd0-4b7d-838e-89aa2c4103c0: start FollowerState
2019-10-18 12:32:53,833 [Thread-1945] INFO  impl.FollowerState (FollowerState.java:run(108)) - 67d877d9-ecd0-4b7d-838e-89aa2c4103c0@group-A09C527D8C6F-FollowerState: change to CANDIDATE, lastRpcTime:165ms, electionTimeout:165ms
2019-10-18 12:32:53,833 [Thread-1945] INFO  impl.RoleInfo (RoleInfo.java:shutdownFollowerState(121)) - 67d877d9-ecd0-4b7d-838e-89aa2c4103c0: shutdown FollowerState
2019-10-18 12:32:53,833 [Thread-1945] INFO  impl.RaftServerImpl (RaftServerImpl.java:setRole(184)) - 67d877d9-ecd0-4b7d-838e-89aa2c4103c0@group-A09C527D8C6F: changes role from  FOLLOWER to CANDIDATE at term 280 for changeToCandidate
2019-10-18 12:32:53,833 [Thread-1945] INFO  impl.RoleInfo (RoleInfo.java:updateAndGet(143)) - 67d877d9-ecd0-4b7d-838e-89aa2c4103c0: start LeaderElection
2019-10-18 12:32:53,851 [67d877d9-ecd0-4b7d-838e-89aa2c4103c0@group-A09C527D8C6F-LeaderElection235] INFO  impl.LeaderElection (LeaderElection.java:askForVotes(178)) - 67d877d9-ecd0-4b7d-838e-89aa2c4103c0@group-A09C527D8C6F-LeaderElection235: begin an election at term 281 for -1: [c39ba312-e57f-4b8c-998e-32538a6d88da:192.168.34.56:44039, 67d877d9-ecd0-4b7d-838e-89aa2c4103c0:192.168.34.56:33816, 6af5dfc0-d4d0-48db-9aa9-c45e51549e54:192.168.34.56:32981], old=null
2019-10-18 12:32:53,852 [grpc-default-executor-3] INFO  impl.RaftServerImpl (RaftServerImpl.java:setRole(184)) - c39ba312-e57f-4b8c-998e-32538a6d88da@group-A09C527D8C6F: changes role from  FOLLOWER to FOLLOWER at term 281 for recognizeCandidate:67d877d9-ecd0-4b7d-838e-89aa2c4103c0
2019-10-18 12:32:53,852 [grpc-default-executor-5] INFO  impl.RaftServerImpl (RaftServerImpl.java:setRole(184)) - 6af5dfc0-d4d0-48db-9aa9-c45e51549e54@group-A09C527D8C6F: changes role from  FOLLOWER to FOLLOWER at term 281 for recognizeCandidate:67d877d9-ecd0-4b7d-838e-89aa2c4103c0
2019-10-18 12:32:53,853 [grpc-default-executor-3] INFO  impl.RoleInfo (RoleInfo.java:shutdownFollowerState(121)) - c39ba312-e57f-4b8c-998e-32538a6d88da: shutdown FollowerState
2019-10-18 12:32:53,853 [grpc-default-executor-5] INFO  impl.RoleInfo (RoleInfo.java:shutdownFollowerState(121)) - 6af5dfc0-d4d0-48db-9aa9-c45e51549e54: shutdown FollowerState
2019-10-18 12:32:53,853 [Thread-1944] INFO  impl.FollowerState (FollowerState.java:run(117)) - c39ba312-e57f-4b8c-998e-32538a6d88da@group-A09C527D8C6F-FollowerState was interrupted: java.lang.InterruptedException: sleep interrupted
2019-10-18 12:32:53,853 [Thread-1943] INFO  impl.FollowerState (FollowerState.java:run(117)) - 6af5dfc0-d4d0-48db-9aa9-c45e51549e54@group-A09C527D8C6F-FollowerState was interrupted: java.lang.InterruptedException: sleep interrupted
2019-10-18 12:32:53,853 [grpc-default-executor-3] INFO  impl.RoleInfo (RoleInfo.java:updateAndGet(143)) - c39ba312-e57f-4b8c-998e-32538a6d88da: start FollowerState
2019-10-18 12:32:53,853 [grpc-default-executor-5] INFO  impl.RoleInfo (RoleInfo.java:updateAndGet(143)) - 6af5dfc0-d4d0-48db-9aa9-c45e51549e54: start FollowerState
2019-10-18 12:32:53,869 [67d877d9-ecd0-4b7d-838e-89aa2c4103c0@group-A09C527D8C6F-LeaderElection235] INFO  impl.LeaderElection (LeaderElection.java:logAndReturn(56)) - 67d877d9-ecd0-4b7d-838e-89aa2c4103c0@group-A09C527D8C6F-LeaderElection235: Election REJECTED; received 2 response(s) [67d877d9-ecd0-4b7d-838e-89aa2c4103c0<-c39ba312-e57f-4b8c-998e-32538a6d88da#0:FAIL-t281, 67d877d9-ecd0-4b7d-838e-89aa2c4103c0<-6af5dfc0-d4d0-48db-9aa9-c45e51549e54#0:FAIL-t281] and 0 exception(s); 67d877d9-ecd0-4b7d-838e-89aa2c4103c0@group-A09C527D8C6F:t281, leader=null, voted=67d877d9-ecd0-4b7d-838e-89aa2c4103c0, raftlog=67d877d9-ecd0-4b7d-838e-89aa2c4103c0@group-A09C527D8C6F-SegmentedRaftLog:OPENED:c-1,f-1,i0, conf=-1: [c39ba312-e57f-4b8c-998e-32538a6d88da:192.168.34.56:44039, 67d877d9-ecd0-4b7d-838e-89aa2c4103c0:192.168.34.56:33816, 6af5dfc0-d4d0-48db-9aa9-c45e51549e54:192.168.34.56:32981], old=null
2019-10-18 12:32:53,869 [67d877d9-ecd0-4b7d-838e-89aa2c4103c0@group-A09C527D8C6F-LeaderElection235] INFO  impl.RaftServerImpl (RaftServerImpl.java:setRole(184)) - 67d877d9-ecd0-4b7d-838e-89aa2c4103c0@group-A09C527D8C6F: changes role from CANDIDATE to FOLLOWER at term 281 for DISCOVERED_A_NEW_TERM
2019-10-18 12:32:53,869 [67d877d9-ecd0-4b7d-838e-89aa2c4103c0@group-A09C527D8C6F-LeaderElection235] INFO  impl.RoleInfo (RoleInfo.java:shutdownLeaderElection(134)) - 67d877d9-ecd0-4b7d-838e-89aa2c4103c0: shutdown LeaderElection
2019-10-18 12:32:53,869 [67d877d9-ecd0-4b7d-838e-89aa2c4103c0@group-A09C527D8C6F-LeaderElection235] INFO  impl.RoleInfo (RoleInfo.java:updateAndGet(143)) - 67d877d9-ecd0-4b7d-838e-89aa2c4103c0: start FollowerState
2019-10-18 12:32:54,006 [Thread-1951] INFO  impl.FollowerState (FollowerState.java:run(108)) - 67d877d9-ecd0-4b7d-838e-89aa2c4103c0@group-A09C527D8C6F-FollowerState: change to CANDIDATE, lastRpcTime:136ms, electionTimeout:136ms
2019-10-18 12:32:54,006 [Thread-1951] INFO  impl.RoleInfo (RoleInfo.java:shutdownFollowerState(121)) - 67d877d9-ecd0-4b7d-838e-89aa2c4103c0: shutdown FollowerState
2019-10-18 12:32:54,006 [Thread-1951] INFO  impl.RaftServerImpl (RaftServerImpl.java:setRole(184)) - 67d877d9-ecd0-4b7d-838e-89aa2c4103c0@group-A09C527D8C6F: changes role from  FOLLOWER to CANDIDATE at term 281 for changeToCandidate
2019-10-18 12:32:54,006 [Thread-1951] INFO  impl.RoleInfo (RoleInfo.java:updateAndGet(143)) - 67d877d9-ecd0-4b7d-838e-89aa2c4103c0: start LeaderElection
2019-10-18 12:32:54,026 [67d877d9-ecd0-4b7d-838e-89aa2c4103c0@group-A09C527D8C6F-LeaderElection236] INFO  impl.LeaderElection (LeaderElection.java:askForVotes(178)) - 67d877d9-ecd0-4b7d-838e-89aa2c4103c0@group-A09C527D8C6F-LeaderElection236: begin an election at term 282 for -1: [c39ba312-e57f-4b8c-998e-32538a6d88da:192.168.34.56:44039, 67d877d9-ecd0-4b7d-838e-89aa2c4103c0:192.168.34.56:33816, 6af5dfc0-d4d0-48db-9aa9-c45e51549e54:192.168.34.56:32981], old=null
2019-10-18 12:32:54,028 [grpc-default-executor-5] INFO  impl.RaftServerImpl (RaftServerImpl.java:setRole(184)) - 6af5dfc0-d4d0-48db-9aa9-c45e51549e54@group-A09C527D8C6F: changes role from  FOLLOWER to FOLLOWER at term 282 for recognizeCandidate:67d877d9-ecd0-4b7d-838e-89aa2c4103c0
2019-10-18 12:32:54,028 [grpc-default-executor-5] INFO  impl.RoleInfo (RoleInfo.java:shutdownFollowerState(121)) - 6af5dfc0-d4d0-48db-9aa9-c45e51549e54: shutdown FollowerState
2019-10-18 12:32:54,028 [grpc-default-executor-3] INFO  impl.RaftServerImpl (RaftServerImpl.java:setRole(184)) - c39ba312-e57f-4b8c-998e-32538a6d88da@group-A09C527D8C6F: changes role from  FOLLOWER to FOLLOWER at term 282 for recognizeCandidate:67d877d9-ecd0-4b7d-838e-89aa2c4103c0
2019-10-18 12:32:54,028 [Thread-1950] INFO  impl.FollowerState (FollowerState.java:run(117)) - 6af5dfc0-d4d0-48db-9aa9-c45e51549e54@group-A09C527D8C6F-FollowerState was interrupted: java.lang.InterruptedException: sleep interrupted
2019-10-18 12:32:54,028 [grpc-default-executor-5] INFO  impl.RoleInfo (RoleInfo.java:updateAndGet(143)) - 6af5dfc0-d4d0-48db-9aa9-c45e51549e54: start FollowerState
2019-10-18 12:32:54,028 [grpc-default-executor-3] INFO  impl.RoleInfo (RoleInfo.java:shutdownFollowerState(121)) - c39ba312-e57f-4b8c-998e-32538a6d88da: shutdown FollowerState
2019-10-18 12:32:54,028 [grpc-default-executor-3] INFO  impl.RoleInfo (RoleInfo.java:updateAndGet(143)) - c39ba312-e57f-4b8c-998e-32538a6d88da: start FollowerState
2019-10-18 12:32:54,028 [Thread-1949] INFO  impl.FollowerState (FollowerState.java:run(117)) - c39ba312-e57f-4b8c-998e-32538a6d88da@group-A09C527D8C6F-FollowerState was interrupted: java.lang.InterruptedException: sleep interrupted
2019-10-18 12:32:54,052 [67d877d9-ecd0-4b7d-838e-89aa2c4103c0@group-A09C527D8C6F-LeaderElection236] INFO  impl.LeaderElection (LeaderElection.java:logAndReturn(56)) - 67d877d9-ecd0-4b7d-838e-89aa2c4103c0@group-A09C527D8C6F-LeaderElection236: Election REJECTED; received 2 response(s) [67d877d9-ecd0-4b7d-838e-89aa2c4103c0<-c39ba312-e57f-4b8c-998e-32538a6d88da#0:FAIL-t282, 67d877d9-ecd0-4b7d-838e-89aa2c4103c0<-6af5dfc0-d4d0-48db-9aa9-c45e51549e54#0:FAIL-t282] and 0 exception(s); 67d877d9-ecd0-4b7d-838e-89aa2c4103c0@group-A09C527D8C6F:t282, leader=null, voted=67d877d9-ecd0-4b7d-838e-89aa2c4103c0, raftlog=67d877d9-ecd0-4b7d-838e-89aa2c4103c0@group-A09C527D8C6F-SegmentedRaftLog:OPENED:c-1,f-1,i0, conf=-1: [c39ba312-e57f-4b8c-998e-32538a6d88da:192.168.34.56:44039, 67d877d9-ecd0-4b7d-838e-89aa2c4103c0:192.168.34.56:33816, 6af5dfc0-d4d0-48db-9aa9-c45e51549e54:192.168.34.56:32981], old=null
2019-10-18 12:32:54,052 [67d877d9-ecd0-4b7d-838e-89aa2c4103c0@group-A09C527D8C6F-LeaderElection236] INFO  impl.RaftServerImpl (RaftServerImpl.java:setRole(184)) - 67d877d9-ecd0-4b7d-838e-89aa2c4103c0@group-A09C527D8C6F: changes role from CANDIDATE to FOLLOWER at term 282 for DISCOVERED_A_NEW_TERM
2019-10-18 12:32:54,052 [67d877d9-ecd0-4b7d-838e-89aa2c4103c0@group-A09C527D8C6F-LeaderElection236] INFO  impl.RoleInfo (RoleInfo.java:shutdownLeaderElection(134)) - 67d877d9-ecd0-4b7d-838e-89aa2c4103c0: shutdown LeaderElection
2019-10-18 12:32:54,053 [67d877d9-ecd0-4b7d-838e-89aa2c4103c0@group-A09C527D8C6F-LeaderElection236] INFO  impl.RoleInfo (RoleInfo.java:updateAndGet(143)) - 67d877d9-ecd0-4b7d-838e-89aa2c4103c0: start FollowerState
2019-10-18 12:32:54,122 [Thread-1957] INFO  impl.FollowerState (FollowerState.java:run(108)) - 67d877d9-ecd0-4b7d-838e-89aa2c4103c0@group-A09C527D8C6F-FollowerState: change to CANDIDATE, lastRpcTime:69ms, electionTimeout:69ms
2019-10-18 12:32:54,122 [Thread-1957] INFO  impl.RoleInfo (RoleInfo.java:shutdownFollowerState(121)) - 67d877d9-ecd0-4b7d-838e-89aa2c4103c0: shutdown FollowerState
2019-10-18 12:32:54,122 [Thread-1957] INFO  impl.RaftServerImpl (RaftServerImpl.java:setRole(184)) - 67d877d9-ecd0-4b7d-838e-89aa2c4103c0@group-A09C527D8C6F: changes role from  FOLLOWER to CANDIDATE at term 282 for changeToCandidate
2019-10-18 12:32:54,123 [Thread-1957] INFO  impl.RoleInfo (RoleInfo.java:updateAndGet(143)) - 67d877d9-ecd0-4b7d-838e-89aa2c4103c0: start LeaderElection
2019-10-18 12:32:54,147 [67d877d9-ecd0-4b7d-838e-89aa2c4103c0@group-A09C527D8C6F-LeaderElection237] INFO  impl.LeaderElection (LeaderElection.java:askForVotes(178)) - 67d877d9-ecd0-4b7d-838e-89aa2c4103c0@group-A09C527D8C6F-LeaderElection237: begin an election at term 283 for -1: [c39ba312-e57f-4b8c-998e-32538a6d88da:192.168.34.56:44039, 67d877d9-ecd0-4b7d-838e-89aa2c4103c0:192.168.34.56:33816, 6af5dfc0-d4d0-48db-9aa9-c45e51549e54:192.168.34.56:32981], old=null
2019-10-18 12:32:54,149 [grpc-default-executor-5] INFO  impl.RaftServerImpl (RaftServerImpl.java:setRole(184)) - c39ba312-e57f-4b8c-998e-32538a6d88da@group-A09C527D8C6F: changes role from  FOLLOWER to FOLLOWER at term 283 for recognizeCandidate:67d877d9-ecd0-4b7d-838e-89aa2c4103c0
2019-10-18 12:32:54,149 [grpc-default-executor-3] INFO  impl.RaftServerImpl (RaftServerImpl.java:setRole(184)) - 6af5dfc0-d4d0-48db-9aa9-c45e51549e54@group-A09C527D8C6F: changes role from  FOLLOWER to FOLLOWER at term 283 for recognizeCandidate:67d877d9-ecd0-4b7d-838e-89aa2c4103c0
2019-10-18 12:32:54,149 [grpc-default-executor-5] INFO  impl.RoleInfo (RoleInfo.java:shutdownFollowerState(121)) - c39ba312-e57f-4b8c-998e-32538a6d88da: shutdown FollowerState
2019-10-18 12:32:54,149 [grpc-default-executor-3] INFO  impl.RoleInfo (RoleInfo.java:shutdownFollowerState(121)) - 6af5dfc0-d4d0-48db-9aa9-c45e51549e54: shutdown FollowerState
2019-10-18 12:32:54,149 [Thread-1956] INFO  impl.FollowerState (FollowerState.java:run(117)) - c39ba312-e57f-4b8c-998e-32538a6d88da@group-A09C527D8C6F-FollowerState was interrupted: java.lang.InterruptedException: sleep interrupted
2019-10-18 12:32:54,149 [grpc-default-executor-5] INFO  impl.RoleInfo (RoleInfo.java:updateAndGet(143)) - c39ba312-e57f-4b8c-998e-32538a6d88da: start FollowerState
2019-10-18 12:32:54,150 [Thread-1955] INFO  impl.FollowerState (FollowerState.java:run(117)) - 6af5dfc0-d4d0-48db-9aa9-c45e51549e54@group-A09C527D8C6F-FollowerState was interrupted: java.lang.InterruptedException: sleep interrupted
2019-10-18 12:32:54,150 [grpc-default-executor-3] INFO  impl.RoleInfo (RoleInfo.java:updateAndGet(143)) - 6af5dfc0-d4d0-48db-9aa9-c45e51549e54: start FollowerState
2019-10-18 12:32:54,180 [67d877d9-ecd0-4b7d-838e-89aa2c4103c0@group-A09C527D8C6F-LeaderElection237] INFO  impl.LeaderElection (LeaderElection.java:logAndReturn(56)) - 67d877d9-ecd0-4b7d-838e-89aa2c4103c0@group-A09C527D8C6F-LeaderElection237: Election REJECTED; received 2 response(s) [67d877d9-ecd0-4b7d-838e-89aa2c4103c0<-c39ba312-e57f-4b8c-998e-32538a6d88da#0:FAIL-t283, 67d877d9-ecd0-4b7d-838e-89aa2c4103c0<-6af5dfc0-d4d0-48db-9aa9-c45e51549e54#0:FAIL-t283] and 0 exception(s); 67d877d9-ecd0-4b7d-838e-89aa2c4103c0@group-A09C527D8C6F:t283, leader=null, voted=67d877d9-ecd0-4b7d-838e-89aa2c4103c0, raftlog=67d877d9-ecd0-4b7d-838e-89aa2c4103c0@group-A09C527D8C6F-SegmentedRaftLog:OPENED:c-1,f-1,i0, conf=-1: [c39ba312-e57f-4b8c-998e-32538a6d88da:192.168.34.56:44039, 67d877d9-ecd0-4b7d-838e-89aa2c4103c0:192.168.34.56:33816, 6af5dfc0-d4d0-48db-9aa9-c45e51549e54:192.168.34.56:32981], old=null
2019-10-18 12:32:54,180 [67d877d9-ecd0-4b7d-838e-89aa2c4103c0@group-A09C527D8C6F-LeaderElection237] INFO  impl.RaftServerImpl (RaftServerImpl.java:setRole(184)) - 67d877d9-ecd0-4b7d-838e-89aa2c4103c0@group-A09C527D8C6F: changes role from CANDIDATE to FOLLOWER at term 283 for DISCOVERED_A_NEW_TERM
2019-10-18 12:32:54,180 [67d877d9-ecd0-4b7d-838e-89aa2c4103c0@group-A09C527D8C6F-LeaderElection237] INFO  impl.RoleInfo (RoleInfo.java:shutdownLeaderElection(134)) - 67d877d9-ecd0-4b7d-838e-89aa2c4103c0: shutdown LeaderElection
2019-10-18 12:32:54,180 [67d877d9-ecd0-4b7d-838e-89aa2c4103c0@group-A09C527D8C6F-LeaderElection237] INFO  impl.RoleInfo (RoleInfo.java:updateAndGet(143)) - 67d877d9-ecd0-4b7d-838e-89aa2c4103c0: start FollowerState
2019-10-18 12:32:54,207 [Thread-1965] INFO  impl.FollowerState (FollowerState.java:run(108)) - 67d877d9-ecd0-4b7d-838e-89aa2c4103c0@group-A09C527D8C6F-FollowerState: change to CANDIDATE, lastRpcTime:26ms, electionTimeout:26ms
2019-10-18 12:32:54,207 [Thread-1965] INFO  impl.RoleInfo (RoleInfo.java:shutdownFollowerState(121)) - 67d877d9-ecd0-4b7d-838e-89aa2c4103c0: shutdown FollowerState
2019-10-18 12:32:54,207 [Thread-1965] INFO  impl.RaftServerImpl (RaftServerImpl.java:setRole(184)) - 67d877d9-ecd0-4b7d-838e-89aa2c4103c0@group-A09C527D8C6F: changes role from  FOLLOWER to CANDIDATE at term 283 for changeToCandidate
2019-10-18 12:32:54,207 [Thread-1965] INFO  impl.RoleInfo (RoleInfo.java:updateAndGet(143)) - 67d877d9-ecd0-4b7d-838e-89aa2c4103c0: start LeaderElection
2019-10-18 12:32:54,238 [67d877d9-ecd0-4b7d-838e-89aa2c4103c0@group-A09C527D8C6F-LeaderElection238] INFO  impl.LeaderElection (LeaderElection.java:askForVotes(178)) - 67d877d9-ecd0-4b7d-838e-89aa2c4103c0@group-A09C527D8C6F-LeaderElection238: begin an election at term 284 for -1: [c39ba312-e57f-4b8c-998e-32538a6d88da:192.168.34.56:44039, 67d877d9-ecd0-4b7d-838e-89aa2c4103c0:192.168.34.56:33816, 6af5dfc0-d4d0-48db-9aa9-c45e51549e54:192.168.34.56:32981], old=null
2019-10-18 12:32:54,240 [grpc-default-executor-3] INFO  impl.RaftServerImpl (RaftServerImpl.java:setRole(184)) - 6af5dfc0-d4d0-48db-9aa9-c45e51549e54@group-A09C527D8C6F: changes role from  FOLLOWER to FOLLOWER at term 284 for recognizeCandidate:67d877d9-ecd0-4b7d-838e-89aa2c4103c0
2019-10-18 12:32:54,240 [grpc-default-executor-5] INFO  impl.RaftServerImpl (RaftServerImpl.java:setRole(184)) - c39ba312-e57f-4b8c-998e-32538a6d88da@group-A09C527D8C6F: changes role from  FOLLOWER to FOLLOWER at term 284 for recognizeCandidate:67d877d9-ecd0-4b7d-838e-89aa2c4103c0
2019-10-18 12:32:54,241 [grpc-default-executor-5] INFO  impl.RoleInfo (RoleInfo.java:shutdownFollowerState(121)) - c39ba312-e57f-4b8c-998e-32538a6d88da: shutdown FollowerState
2019-10-18 12:32:54,240 [grpc-default-executor-3] INFO  impl.RoleInfo (RoleInfo.java:shutdownFollowerState(121)) - 6af5dfc0-d4d0-48db-9aa9-c45e51549e54: shutdown FollowerState
2019-10-18 12:32:54,241 [Thread-1963] INFO  impl.FollowerState (FollowerState.java:run(117)) - c39ba312-e57f-4b8c-998e-32538a6d88da@group-A09C527D8C6F-FollowerState was interrupted: java.lang.InterruptedException: sleep interrupted
2019-10-18 12:32:54,241 [grpc-default-executor-5] INFO  impl.RoleInfo (RoleInfo.java:updateAndGet(143)) - c39ba312-e57f-4b8c-998e-32538a6d88da: start FollowerState
2019-10-18 12:32:54,241 [grpc-default-executor-3] INFO  impl.RoleInfo (RoleInfo.java:updateAndGet(143)) - 6af5dfc0-d4d0-48db-9aa9-c45e51549e54: start FollowerState
2019-10-18 12:32:54,241 [Thread-1964] INFO  impl.FollowerState (FollowerState.java:run(117)) - 6af5dfc0-d4d0-48db-9aa9-c45e51549e54@group-A09C527D8C6F-FollowerState was interrupted: java.lang.InterruptedException: sleep interrupted
2019-10-18 12:32:54,273 [67d877d9-ecd0-4b7d-838e-89aa2c4103c0@group-A09C527D8C6F-LeaderElection238] INFO  impl.LeaderElection (LeaderElection.java:logAndReturn(56)) - 67d877d9-ecd0-4b7d-838e-89aa2c4103c0@group-A09C527D8C6F-LeaderElection238: Election REJECTED; received 2 response(s) [67d877d9-ecd0-4b7d-838e-89aa2c4103c0<-c39ba312-e57f-4b8c-998e-32538a6d88da#0:FAIL-t284, 67d877d9-ecd0-4b7d-838e-89aa2c4103c0<-6af5dfc0-d4d0-48db-9aa9-c45e51549e54#0:FAIL-t284] and 0 exception(s); 67d877d9-ecd0-4b7d-838e-89aa2c4103c0@group-A09C527D8C6F:t284, leader=null, voted=67d877d9-ecd0-4b7d-838e-89aa2c4103c0, raftlog=67d877d9-ecd0-4b7d-838e-89aa2c4103c0@group-A09C527D8C6F-SegmentedRaftLog:OPENED:c-1,f-1,i0, conf=-1: [c39ba312-e57f-4b8c-998e-32538a6d88da:192.168.34.56:44039, 67d877d9-ecd0-4b7d-838e-89aa2c4103c0:192.168.34.56:33816, 6af5dfc0-d4d0-48db-9aa9-c45e51549e54:192.168.34.56:32981], old=null
2019-10-18 12:32:54,273 [67d877d9-ecd0-4b7d-838e-89aa2c4103c0@group-A09C527D8C6F-LeaderElection238] INFO  impl.RaftServerImpl (RaftServerImpl.java:setRole(184)) - 67d877d9-ecd0-4b7d-838e-89aa2c4103c0@group-A09C527D8C6F: changes role from CANDIDATE to FOLLOWER at term 284 for DISCOVERED_A_NEW_TERM
2019-10-18 12:32:54,273 [67d877d9-ecd0-4b7d-838e-89aa2c4103c0@group-A09C527D8C6F-LeaderElection238] INFO  impl.RoleInfo (RoleInfo.java:shutdownLeaderElection(134)) - 67d877d9-ecd0-4b7d-838e-89aa2c4103c0: shutdown LeaderElection
2019-10-18 12:32:54,273 [67d877d9-ecd0-4b7d-838e-89aa2c4103c0@group-A09C527D8C6F-LeaderElection238] INFO  impl.RoleInfo (RoleInfo.java:updateAndGet(143)) - 67d877d9-ecd0-4b7d-838e-89aa2c4103c0: start FollowerState
2019-10-18 12:32:54,389 [Thread-1971] INFO  impl.FollowerState (FollowerState.java:run(108)) - 67d877d9-ecd0-4b7d-838e-89aa2c4103c0@group-A09C527D8C6F-FollowerState: change to CANDIDATE, lastRpcTime:116ms, electionTimeout:116ms
2019-10-18 12:32:54,389 [Thread-1971] INFO  impl.RoleInfo (RoleInfo.java:shutdownFollowerState(121)) - 67d877d9-ecd0-4b7d-838e-89aa2c4103c0: shutdown FollowerState
2019-10-18 12:32:54,390 [Thread-1971] INFO  impl.RaftServerImpl (RaftServerImpl.java:setRole(184)) - 67d877d9-ecd0-4b7d-838e-89aa2c4103c0@group-A09C527D8C6F: changes role from  FOLLOWER to CANDIDATE at term 284 for changeToCandidate
2019-10-18 12:32:54,390 [Thread-1971] INFO  impl.RoleInfo (RoleInfo.java:updateAndGet(143)) - 67d877d9-ecd0-4b7d-838e-89aa2c4103c0: start LeaderElection
2019-10-18 12:32:54,413 [67d877d9-ecd0-4b7d-838e-89aa2c4103c0@group-A09C527D8C6F-LeaderElection239] INFO  impl.LeaderElection (LeaderElection.java:askForVotes(178)) - 67d877d9-ecd0-4b7d-838e-89aa2c4103c0@group-A09C527D8C6F-LeaderElection239: begin an election at term 285 for -1: [c39ba312-e57f-4b8c-998e-32538a6d88da:192.168.34.56:44039, 67d877d9-ecd0-4b7d-838e-89aa2c4103c0:192.168.34.56:33816, 6af5dfc0-d4d0-48db-9aa9-c45e51549e54:192.168.34.56:32981], old=null
2019-10-18 12:32:54,415 [grpc-default-executor-3] INFO  impl.RaftServerImpl (RaftServerImpl.java:setRole(184)) - c39ba312-e57f-4b8c-998e-32538a6d88da@group-A09C527D8C6F: changes role from  FOLLOWER to FOLLOWER at term 285 for recognizeCandidate:67d877d9-ecd0-4b7d-838e-89aa2c4103c0
2019-10-18 12:32:54,415 [grpc-default-executor-5] INFO  impl.RaftServerImpl (RaftServerImpl.java:setRole(184)) - 6af5dfc0-d4d0-48db-9aa9-c45e51549e54@group-A09C527D8C6F: changes role from  FOLLOWER to FOLLOWER at term 285 for recognizeCandidate:67d877d9-ecd0-4b7d-838e-89aa2c4103c0
2019-10-18 12:32:54,416 [grpc-default-executor-5] INFO  impl.RoleInfo (RoleInfo.java:shutdownFollowerState(121)) - 6af5dfc0-d4d0-48db-9aa9-c45e51549e54: shutdown FollowerState
2019-10-18 12:32:54,416 [grpc-default-executor-3] INFO  impl.RoleInfo (RoleInfo.java:shutdownFollowerState(121)) - c39ba312-e57f-4b8c-998e-32538a6d88da: shutdown FollowerState
2019-10-18 12:32:54,416 [grpc-default-executor-5] INFO  impl.RoleInfo (RoleInfo.java:updateAndGet(143)) - 6af5dfc0-d4d0-48db-9aa9-c45e51549e54: start FollowerState
2019-10-18 12:32:54,416 [Thread-1970] INFO  impl.FollowerState (FollowerState.java:run(117)) - 6af5dfc0-d4d0-48db-9aa9-c45e51549e54@group-A09C527D8C6F-FollowerState was interrupted: java.lang.InterruptedException: sleep interrupted
2019-10-18 12:32:54,416 [Thread-1969] INFO  impl.FollowerState (FollowerState.java:run(117)) - c39ba312-e57f-4b8c-998e-32538a6d88da@group-A09C527D8C6F-FollowerState was interrupted: java.lang.InterruptedException: sleep interrupted
2019-10-18 12:32:54,416 [grpc-default-executor-3] INFO  impl.RoleInfo (RoleInfo.java:updateAndGet(143)) - c39ba312-e57f-4b8c-998e-32538a6d88da: start FollowerState
2019-10-18 12:32:54,440 [67d877d9-ecd0-4b7d-838e-89aa2c4103c0@group-A09C527D8C6F-LeaderElection239] INFO  impl.LeaderElection (LeaderElection.java:logAndReturn(56)) - 67d877d9-ecd0-4b7d-838e-89aa2c4103c0@group-A09C527D8C6F-LeaderElection239: Election REJECTED; received 2 response(s) [67d877d9-ecd0-4b7d-838e-89aa2c4103c0<-c39ba312-e57f-4b8c-998e-32538a6d88da#0:FAIL-t285, 67d877d9-ecd0-4b7d-838e-89aa2c4103c0<-6af5dfc0-d4d0-48db-9aa9-c45e51549e54#0:FAIL-t285] and 0 exception(s); 67d877d9-ecd0-4b7d-838e-89aa2c4103c0@group-A09C527D8C6F:t285, leader=null, voted=67d877d9-ecd0-4b7d-838e-89aa2c4103c0, raftlog=67d877d9-ecd0-4b7d-838e-89aa2c4103c0@group-A09C527D8C6F-SegmentedRaftLog:OPENED:c-1,f-1,i0, conf=-1: [c39ba312-e57f-4b8c-998e-32538a6d88da:192.168.34.56:44039, 67d877d9-ecd0-4b7d-838e-89aa2c4103c0:192.168.34.56:33816, 6af5dfc0-d4d0-48db-9aa9-c45e51549e54:192.168.34.56:32981], old=null
2019-10-18 12:32:54,440 [67d877d9-ecd0-4b7d-838e-89aa2c4103c0@group-A09C527D8C6F-LeaderElection239] INFO  impl.RaftServerImpl (RaftServerImpl.java:setRole(184)) - 67d877d9-ecd0-4b7d-838e-89aa2c4103c0@group-A09C527D8C6F: changes role from CANDIDATE to FOLLOWER at term 285 for DISCOVERED_A_NEW_TERM
2019-10-18 12:32:54,440 [67d877d9-ecd0-4b7d-838e-89aa2c4103c0@group-A09C527D8C6F-LeaderElection239] INFO  impl.RoleInfo (RoleInfo.java:shutdownLeaderElection(134)) - 67d877d9-ecd0-4b7d-838e-89aa2c4103c0: shutdown LeaderElection
2019-10-18 12:32:54,440 [67d877d9-ecd0-4b7d-838e-89aa2c4103c0@group-A09C527D8C6F-LeaderElection239] INFO  impl.RoleInfo (RoleInfo.java:updateAndGet(143)) - 67d877d9-ecd0-4b7d-838e-89aa2c4103c0: start FollowerState
2019-10-18 12:32:54,468 [Thread-1977] INFO  impl.FollowerState (FollowerState.java:run(108)) - 67d877d9-ecd0-4b7d-838e-89aa2c4103c0@group-A09C527D8C6F-FollowerState: change to CANDIDATE, lastRpcTime:28ms, electionTimeout:28ms
2019-10-18 12:32:54,469 [Thread-1977] INFO  impl.RoleInfo (RoleInfo.java:shutdownFollowerState(121)) - 67d877d9-ecd0-4b7d-838e-89aa2c4103c0: shutdown FollowerState
2019-10-18 12:32:54,469 [Thread-1977] INFO  impl.RaftServerImpl (RaftServerImpl.java:setRole(184)) - 67d877d9-ecd0-4b7d-838e-89aa2c4103c0@group-A09C527D8C6F: changes role from  FOLLOWER to CANDIDATE at term 285 for changeToCandidate
2019-10-18 12:32:54,469 [Thread-1977] INFO  impl.RoleInfo (RoleInfo.java:updateAndGet(143)) - 67d877d9-ecd0-4b7d-838e-89aa2c4103c0: start LeaderElection
2019-10-18 12:32:54,516 [67d877d9-ecd0-4b7d-838e-89aa2c4103c0@group-A09C527D8C6F-LeaderElection240] INFO  impl.LeaderElection (LeaderElection.java:askForVotes(178)) - 67d877d9-ecd0-4b7d-838e-89aa2c4103c0@group-A09C527D8C6F-LeaderElection240: begin an election at term 286 for -1: [c39ba312-e57f-4b8c-998e-32538a6d88da:192.168.34.56:44039, 67d877d9-ecd0-4b7d-838e-89aa2c4103c0:192.168.34.56:33816, 6af5dfc0-d4d0-48db-9aa9-c45e51549e54:192.168.34.56:32981], old=null
2019-10-18 12:32:54,520 [grpc-default-executor-5] INFO  impl.RaftServerImpl (RaftServerImpl.java:setRole(184)) - c39ba312-e57f-4b8c-998e-32538a6d88da@group-A09C527D8C6F: changes role from  FOLLOWER to FOLLOWER at term 286 for recognizeCandidate:67d877d9-ecd0-4b7d-838e-89aa2c4103c0
2019-10-18 12:32:54,520 [grpc-default-executor-3] INFO  impl.RaftServerImpl (RaftServerImpl.java:setRole(184)) - 6af5dfc0-d4d0-48db-9aa9-c45e51549e54@group-A09C527D8C6F: changes role from  FOLLOWER to FOLLOWER at term 286 for recognizeCandidate:67d877d9-ecd0-4b7d-838e-89aa2c4103c0
2019-10-18 12:32:54,520 [grpc-default-executor-3] INFO  impl.RoleInfo (RoleInfo.java:shutdownFollowerState(121)) - 6af5dfc0-d4d0-48db-9aa9-c45e51549e54: shutdown FollowerState
2019-10-18 12:32:54,520 [grpc-default-executor-5] INFO  impl.RoleInfo (RoleInfo.java:shutdownFollowerState(121)) - c39ba312-e57f-4b8c-998e-32538a6d88da: shutdown FollowerState
2019-10-18 12:32:54,520 [Thread-1975] INFO  impl.FollowerState (FollowerState.java:run(117)) - 6af5dfc0-d4d0-48db-9aa9-c45e51549e54@group-A09C527D8C6F-FollowerState was interrupted: java.lang.InterruptedException: sleep interrupted
2019-10-18 12:32:54,521 [Thread-1976] INFO  impl.FollowerState (FollowerState.java:run(117)) - c39ba312-e57f-4b8c-998e-32538a6d88da@group-A09C527D8C6F-FollowerState was interrupted: java.lang.InterruptedException: sleep interrupted
2019-10-18 12:32:54,520 [grpc-default-executor-3] INFO  impl.RoleInfo (RoleInfo.java:updateAndGet(143)) - 6af5dfc0-d4d0-48db-9aa9-c45e51549e54: start FollowerState
2019-10-18 12:32:54,520 [grpc-default-executor-5] INFO  impl.RoleInfo (RoleInfo.java:updateAndGet(143)) - c39ba312-e57f-4b8c-998e-32538a6d88da: start FollowerState
2019-10-18 12:32:54,543 [67d877d9-ecd0-4b7d-838e-89aa2c4103c0@group-A09C527D8C6F-LeaderElection240] INFO  impl.LeaderElection (LeaderElection.java:logAndReturn(56)) - 67d877d9-ecd0-4b7d-838e-89aa2c4103c0@group-A09C527D8C6F-LeaderElection240: Election REJECTED; received 2 response(s) [67d877d9-ecd0-4b7d-838e-89aa2c4103c0<-c39ba312-e57f-4b8c-998e-32538a6d88da#0:FAIL-t286, 67d877d9-ecd0-4b7d-838e-89aa2c4103c0<-6af5dfc0-d4d0-48db-9aa9-c45e51549e54#0:FAIL-t286] and 0 exception(s); 67d877d9-ecd0-4b7d-838e-89aa2c4103c0@group-A09C527D8C6F:t286, leader=null, voted=67d877d9-ecd0-4b7d-838e-89aa2c4103c0, raftlog=67d877d9-ecd0-4b7d-838e-89aa2c4103c0@group-A09C527D8C6F-SegmentedRaftLog:OPENED:c-1,f-1,i0, conf=-1: [c39ba312-e57f-4b8c-998e-32538a6d88da:192.168.34.56:44039, 67d877d9-ecd0-4b7d-838e-89aa2c4103c0:192.168.34.56:33816, 6af5dfc0-d4d0-48db-9aa9-c45e51549e54:192.168.34.56:32981], old=null
2019-10-18 12:32:54,544 [67d877d9-ecd0-4b7d-838e-89aa2c4103c0@group-A09C527D8C6F-LeaderElection240] INFO  impl.RaftServerImpl (RaftServerImpl.java:setRole(184)) - 67d877d9-ecd0-4b7d-838e-89aa2c4103c0@group-A09C527D8C6F: changes role from CANDIDATE to FOLLOWER at term 286 for DISCOVERED_A_NEW_TERM
2019-10-18 12:32:54,544 [67d877d9-ecd0-4b7d-838e-89aa2c4103c0@group-A09C527D8C6F-LeaderElection240] INFO  impl.RoleInfo (RoleInfo.java:shutdownLeaderElection(134)) - 67d877d9-ecd0-4b7d-838e-89aa2c4103c0: shutdown LeaderElection
2019-10-18 12:32:54,544 [67d877d9-ecd0-4b7d-838e-89aa2c4103c0@group-A09C527D8C6F-LeaderElection240] INFO  impl.RoleInfo (RoleInfo.java:updateAndGet(143)) - 67d877d9-ecd0-4b7d-838e-89aa2c4103c0: start FollowerState
2019-10-18 12:32:54,622 [Thread-1983] INFO  impl.FollowerState (FollowerState.java:run(108)) - 67d877d9-ecd0-4b7d-838e-89aa2c4103c0@group-A09C527D8C6F-FollowerState: change to CANDIDATE, lastRpcTime:78ms, electionTimeout:78ms
2019-10-18 12:32:54,622 [Thread-1983] INFO  impl.RoleInfo (RoleInfo.java:shutdownFollowerState(121)) - 67d877d9-ecd0-4b7d-838e-89aa2c4103c0: shutdown FollowerState
2019-10-18 12:32:54,623 [Thread-1983] INFO  impl.RaftServerImpl (RaftServerImpl.java:setRole(184)) - 67d877d9-ecd0-4b7d-838e-89aa2c4103c0@group-A09C527D8C6F: changes role from  FOLLOWER to CANDIDATE at term 286 for changeToCandidate
2019-10-18 12:32:54,623 [Thread-1983] INFO  impl.RoleInfo (RoleInfo.java:updateAndGet(143)) - 67d877d9-ecd0-4b7d-838e-89aa2c4103c0: start LeaderElection
2019-10-18 12:32:54,646 [67d877d9-ecd0-4b7d-838e-89aa2c4103c0@group-A09C527D8C6F-LeaderElection241] INFO  impl.LeaderElection (LeaderElection.java:askForVotes(178)) - 67d877d9-ecd0-4b7d-838e-89aa2c4103c0@group-A09C527D8C6F-LeaderElection241: begin an election at term 287 for -1: [c39ba312-e57f-4b8c-998e-32538a6d88da:192.168.34.56:44039, 67d877d9-ecd0-4b7d-838e-89aa2c4103c0:192.168.34.56:33816, 6af5dfc0-d4d0-48db-9aa9-c45e51549e54:192.168.34.56:32981], old=null
2019-10-18 12:32:54,648 [grpc-default-executor-5] INFO  impl.RaftServerImpl (RaftServerImpl.java:setRole(184)) - 6af5dfc0-d4d0-48db-9aa9-c45e51549e54@group-A09C527D8C6F: changes role from  FOLLOWER to FOLLOWER at term 287 for recognizeCandidate:67d877d9-ecd0-4b7d-838e-89aa2c4103c0
2019-10-18 12:32:54,648 [grpc-default-executor-5] INFO  impl.RoleInfo (RoleInfo.java:shutdownFollowerState(121)) - 6af5dfc0-d4d0-48db-9aa9-c45e51549e54: shutdown FollowerState
2019-10-18 12:32:54,648 [grpc-default-executor-3] INFO  impl.RaftServerImpl (RaftServerImpl.java:setRole(184)) - c39ba312-e57f-4b8c-998e-32538a6d88da@group-A09C527D8C6F: changes role from  FOLLOWER to FOLLOWER at term 287 for recognizeCandidate:67d877d9-ecd0-4b7d-838e-89aa2c4103c0
2019-10-18 12:32:54,649 [Thread-1981] INFO  impl.FollowerState (FollowerState.java:run(117)) - 6af5dfc0-d4d0-48db-9aa9-c45e51549e54@group-A09C527D8C6F-FollowerState was interrupted: java.lang.InterruptedException: sleep interrupted
2019-10-18 12:32:54,649 [grpc-default-executor-5] INFO  impl.RoleInfo (RoleInfo.java:updateAndGet(143)) - 6af5dfc0-d4d0-48db-9aa9-c45e51549e54: start FollowerState
2019-10-18 12:32:54,649 [grpc-default-executor-3] INFO  impl.RoleInfo (RoleInfo.java:shutdownFollowerState(121)) - c39ba312-e57f-4b8c-998e-32538a6d88da: shutdown FollowerState
2019-10-18 12:32:54,649 [grpc-default-executor-3] INFO  impl.RoleInfo (RoleInfo.java:updateAndGet(143)) - c39ba312-e57f-4b8c-998e-32538a6d88da: start FollowerState
2019-10-18 12:32:54,649 [Thread-1982] INFO  impl.FollowerState (FollowerState.java:run(117)) - c39ba312-e57f-4b8c-998e-32538a6d88da@group-A09C527D8C6F-FollowerState was interrupted: java.lang.InterruptedException: sleep interrupted
2019-10-18 12:32:54,673 [67d877d9-ecd0-4b7d-838e-89aa2c4103c0@group-A09C527D8C6F-LeaderElection241] INFO  impl.LeaderElection (LeaderElection.java:logAndReturn(56)) - 67d877d9-ecd0-4b7d-838e-89aa2c4103c0@group-A09C527D8C6F-LeaderElection241: Election REJECTED; received 2 response(s) [67d877d9-ecd0-4b7d-838e-89aa2c4103c0<-c39ba312-e57f-4b8c-998e-32538a6d88da#0:FAIL-t287, 67d877d9-ecd0-4b7d-838e-89aa2c4103c0<-6af5dfc0-d4d0-48db-9aa9-c45e51549e54#0:FAIL-t287] and 0 exception(s); 67d877d9-ecd0-4b7d-838e-89aa2c4103c0@group-A09C527D8C6F:t287, leader=null, voted=67d877d9-ecd0-4b7d-838e-89aa2c4103c0, raftlog=67d877d9-ecd0-4b7d-838e-89aa2c4103c0@group-A09C527D8C6F-SegmentedRaftLog:OPENED:c-1,f-1,i0, conf=-1: [c39ba312-e57f-4b8c-998e-32538a6d88da:192.168.34.56:44039, 67d877d9-ecd0-4b7d-838e-89aa2c4103c0:192.168.34.56:33816, 6af5dfc0-d4d0-48db-9aa9-c45e51549e54:192.168.34.56:32981], old=null
2019-10-18 12:32:54,673 [67d877d9-ecd0-4b7d-838e-89aa2c4103c0@group-A09C527D8C6F-LeaderElection241] INFO  impl.RaftServerImpl (RaftServerImpl.java:setRole(184)) - 67d877d9-ecd0-4b7d-838e-89aa2c4103c0@group-A09C527D8C6F: changes role from CANDIDATE to FOLLOWER at term 287 for DISCOVERED_A_NEW_TERM
2019-10-18 12:32:54,673 [67d877d9-ecd0-4b7d-838e-89aa2c4103c0@group-A09C527D8C6F-LeaderElection241] INFO  impl.RoleInfo (RoleInfo.java:shutdownLeaderElection(134)) - 67d877d9-ecd0-4b7d-838e-89aa2c4103c0: shutdown LeaderElection
2019-10-18 12:32:54,673 [67d877d9-ecd0-4b7d-838e-89aa2c4103c0@group-A09C527D8C6F-LeaderElection241] INFO  impl.RoleInfo (RoleInfo.java:updateAndGet(143)) - 67d877d9-ecd0-4b7d-838e-89aa2c4103c0: start FollowerState
2019-10-18 12:32:54,733 [Thread-1989] INFO  impl.FollowerState (FollowerState.java:run(108)) - 67d877d9-ecd0-4b7d-838e-89aa2c4103c0@group-A09C527D8C6F-FollowerState: change to CANDIDATE, lastRpcTime:60ms, electionTimeout:60ms
2019-10-18 12:32:54,734 [Thread-1989] INFO  impl.RoleInfo (RoleInfo.java:shutdownFollowerState(121)) - 67d877d9-ecd0-4b7d-838e-89aa2c4103c0: shutdown FollowerState
2019-10-18 12:32:54,734 [Thread-1989] INFO  impl.RaftServerImpl (RaftServerImpl.java:setRole(184)) - 67d877d9-ecd0-4b7d-838e-89aa2c4103c0@group-A09C527D8C6F: changes role from  FOLLOWER to CANDIDATE at term 287 for changeToCandidate
2019-10-18 12:32:54,734 [Thread-1989] INFO  impl.RoleInfo (RoleInfo.java:updateAndGet(143)) - 67d877d9-ecd0-4b7d-838e-89aa2c4103c0: start LeaderElection
2019-10-18 12:32:54,757 [67d877d9-ecd0-4b7d-838e-89aa2c4103c0@group-A09C527D8C6F-LeaderElection242] INFO  impl.LeaderElection (LeaderElection.java:askForVotes(178)) - 67d877d9-ecd0-4b7d-838e-89aa2c4103c0@group-A09C527D8C6F-LeaderElection242: begin an election at term 288 for -1: [c39ba312-e57f-4b8c-998e-32538a6d88da:192.168.34.56:44039, 67d877d9-ecd0-4b7d-838e-89aa2c4103c0:192.168.34.56:33816, 6af5dfc0-d4d0-48db-9aa9-c45e51549e54:192.168.34.56:32981], old=null
2019-10-18 12:32:54,758 [grpc-default-executor-3] INFO  impl.RaftServerImpl (RaftServerImpl.java:setRole(184)) - 6af5dfc0-d4d0-48db-9aa9-c45e51549e54@group-A09C527D8C6F: changes role from  FOLLOWER to FOLLOWER at term 288 for recognizeCandidate:67d877d9-ecd0-4b7d-838e-89aa2c4103c0
2019-10-18 12:32:54,759 [grpc-default-executor-5] INFO  impl.RaftServerImpl (RaftServerImpl.java:setRole(184)) - c39ba312-e57f-4b8c-998e-32538a6d88da@group-A09C527D8C6F: changes role from  FOLLOWER to FOLLOWER at term 288 for recognizeCandidate:67d877d9-ecd0-4b7d-838e-89aa2c4103c0
2019-10-18 12:32:54,759 [grpc-default-executor-5] INFO  impl.RoleInfo (RoleInfo.java:shutdownFollowerState(121)) - c39ba312-e57f-4b8c-998e-32538a6d88da: shutdown FollowerState
2019-10-18 12:32:54,759 [grpc-default-executor-3] INFO  impl.RoleInfo (RoleInfo.java:shutdownFollowerState(121)) - 6af5dfc0-d4d0-48db-9aa9-c45e51549e54: shutdown FollowerState
2019-10-18 12:32:54,759 [Thread-1988] INFO  impl.FollowerState (FollowerState.java:run(117)) - c39ba312-e57f-4b8c-998e-32538a6d88da@group-A09C527D8C6F-FollowerState was interrupted: java.lang.InterruptedException: sleep interrupted
2019-10-18 12:32:54,759 [grpc-default-executor-5] INFO  impl.RoleInfo (RoleInfo.java:updateAndGet(143)) - c39ba312-e57f-4b8c-998e-32538a6d88da: start FollowerState
2019-10-18 12:32:54,759 [grpc-default-executor-3] INFO  impl.RoleInfo (RoleInfo.java:updateAndGet(143)) - 6af5dfc0-d4d0-48db-9aa9-c45e51549e54: start FollowerState
2019-10-18 12:32:54,759 [Thread-1987] INFO  impl.FollowerState (FollowerState.java:run(117)) - 6af5dfc0-d4d0-48db-9aa9-c45e51549e54@group-A09C527D8C6F-FollowerState was interrupted: java.lang.InterruptedException: sleep interrupted
2019-10-18 12:32:54,792 [67d877d9-ecd0-4b7d-838e-89aa2c4103c0@group-A09C527D8C6F-LeaderElection242] INFO  impl.LeaderElection (LeaderElection.java:logAndReturn(56)) - 67d877d9-ecd0-4b7d-838e-89aa2c4103c0@group-A09C527D8C6F-LeaderElection242: Election REJECTED; received 2 response(s) [67d877d9-ecd0-4b7d-838e-89aa2c4103c0<-c39ba312-e57f-4b8c-998e-32538a6d88da#0:FAIL-t288, 67d877d9-ecd0-4b7d-838e-89aa2c4103c0<-6af5dfc0-d4d0-48db-9aa9-c45e51549e54#0:FAIL-t288] and 0 exception(s); 67d877d9-ecd0-4b7d-838e-89aa2c4103c0@group-A09C527D8C6F:t288, leader=null, voted=67d877d9-ecd0-4b7d-838e-89aa2c4103c0, raftlog=67d877d9-ecd0-4b7d-838e-89aa2c4103c0@group-A09C527D8C6F-SegmentedRaftLog:OPENED:c-1,f-1,i0, conf=-1: [c39ba312-e57f-4b8c-998e-32538a6d88da:192.168.34.56:44039, 67d877d9-ecd0-4b7d-838e-89aa2c4103c0:192.168.34.56:33816, 6af5dfc0-d4d0-48db-9aa9-c45e51549e54:192.168.34.56:32981], old=null
2019-10-18 12:32:54,793 [67d877d9-ecd0-4b7d-838e-89aa2c4103c0@group-A09C527D8C6F-LeaderElection242] INFO  impl.RaftServerImpl (RaftServerImpl.java:setRole(184)) - 67d877d9-ecd0-4b7d-838e-89aa2c4103c0@group-A09C527D8C6F: changes role from CANDIDATE to FOLLOWER at term 288 for DISCOVERED_A_NEW_TERM
2019-10-18 12:32:54,793 [67d877d9-ecd0-4b7d-838e-89aa2c4103c0@group-A09C527D8C6F-LeaderElection242] INFO  impl.RoleInfo (RoleInfo.java:shutdownLeaderElection(134)) - 67d877d9-ecd0-4b7d-838e-89aa2c4103c0: shutdown LeaderElection
2019-10-18 12:32:54,793 [67d877d9-ecd0-4b7d-838e-89aa2c4103c0@group-A09C527D8C6F-LeaderElection242] INFO  impl.RoleInfo (RoleInfo.java:updateAndGet(143)) - 67d877d9-ecd0-4b7d-838e-89aa2c4103c0: start FollowerState
2019-10-18 12:32:54,910 [Thread-1995] INFO  impl.FollowerState (FollowerState.java:run(108)) - 67d877d9-ecd0-4b7d-838e-89aa2c4103c0@group-A09C527D8C6F-FollowerState: change to CANDIDATE, lastRpcTime:117ms, electionTimeout:117ms
2019-10-18 12:32:54,910 [Thread-1995] INFO  impl.RoleInfo (RoleInfo.java:shutdownFollowerState(121)) - 67d877d9-ecd0-4b7d-838e-89aa2c4103c0: shutdown FollowerState
2019-10-18 12:32:54,910 [Thread-1995] INFO  impl.RaftServerImpl (RaftServerImpl.java:setRole(184)) - 67d877d9-ecd0-4b7d-838e-89aa2c4103c0@group-A09C527D8C6F: changes role from  FOLLOWER to CANDIDATE at term 288 for changeToCandidate
2019-10-18 12:32:54,911 [Thread-1995] INFO  impl.RoleInfo (RoleInfo.java:updateAndGet(143)) - 67d877d9-ecd0-4b7d-838e-89aa2c4103c0: start LeaderElection
2019-10-18 12:32:54,942 [67d877d9-ecd0-4b7d-838e-89aa2c4103c0@group-A09C527D8C6F-LeaderElection243] INFO  impl.LeaderElection (LeaderElection.java:askForVotes(178)) - 67d877d9-ecd0-4b7d-838e-89aa2c4103c0@group-A09C527D8C6F-LeaderElection243: begin an election at term 289 for -1: [c39ba312-e57f-4b8c-998e-32538a6d88da:192.168.34.56:44039, 67d877d9-ecd0-4b7d-838e-89aa2c4103c0:192.168.34.56:33816, 6af5dfc0-d4d0-48db-9aa9-c45e51549e54:192.168.34.56:32981], old=null
2019-10-18 12:32:54,951 [grpc-default-executor-3] INFO  impl.RaftServerImpl (RaftServerImpl.java:setRole(184)) - c39ba312-e57f-4b8c-998e-32538a6d88da@group-A09C527D8C6F: changes role from  FOLLOWER to FOLLOWER at term 289 for recognizeCandidate:67d877d9-ecd0-4b7d-838e-89aa2c4103c0
2019-10-18 12:32:54,951 [grpc-default-executor-3] INFO  impl.RoleInfo (RoleInfo.java:shutdownFollowerState(121)) - c39ba312-e57f-4b8c-998e-32538a6d88da: shutdown FollowerState
2019-10-18 12:32:54,951 [grpc-default-executor-5] INFO  impl.RaftServerImpl (RaftServerImpl.java:setRole(184)) - 6af5dfc0-d4d0-48db-9aa9-c45e51549e54@group-A09C527D8C6F: changes role from  FOLLOWER to FOLLOWER at term 289 for recognizeCandidate:67d877d9-ecd0-4b7d-838e-89aa2c4103c0
2019-10-18 12:32:54,951 [Thread-1993] INFO  impl.FollowerState (FollowerState.java:run(117)) - c39ba312-e57f-4b8c-998e-32538a6d88da@group-A09C527D8C6F-FollowerState was interrupted: java.lang.InterruptedException: sleep interrupted
2019-10-18 12:32:54,951 [grpc-default-executor-3] INFO  impl.RoleInfo (RoleInfo.java:updateAndGet(143)) - c39ba312-e57f-4b8c-998e-32538a6d88da: start FollowerState
2019-10-18 12:32:54,952 [grpc-default-executor-5] INFO  impl.RoleInfo (RoleInfo.java:shutdownFollowerState(121)) - 6af5dfc0-d4d0-48db-9aa9-c45e51549e54: shutdown FollowerState
2019-10-18 12:32:54,952 [grpc-default-executor-5] INFO  impl.RoleInfo (RoleInfo.java:updateAndGet(143)) - 6af5dfc0-d4d0-48db-9aa9-c45e51549e54: start FollowerState
2019-10-18 12:32:54,952 [Thread-1994] INFO  impl.FollowerState (FollowerState.java:run(117)) - 6af5dfc0-d4d0-48db-9aa9-c45e51549e54@group-A09C527D8C6F-FollowerState was interrupted: java.lang.InterruptedException: sleep interrupted
2019-10-18 12:32:54,967 [67d877d9-ecd0-4b7d-838e-89aa2c4103c0@group-A09C527D8C6F-LeaderElection243] INFO  impl.LeaderElection (LeaderElection.java:logAndReturn(56)) - 67d877d9-ecd0-4b7d-838e-89aa2c4103c0@group-A09C527D8C6F-LeaderElection243: Election TIMEOUT; received 0 response(s) [] and 0 exception(s); 67d877d9-ecd0-4b7d-838e-89aa2c4103c0@group-A09C527D8C6F:t289, leader=null, voted=67d877d9-ecd0-4b7d-838e-89aa2c4103c0, raftlog=67d877d9-ecd0-4b7d-838e-89aa2c4103c0@group-A09C527D8C6F-SegmentedRaftLog:OPENED:c-1,f-1,i0, conf=-1: [c39ba312-e57f-4b8c-998e-32538a6d88da:192.168.34.56:44039, 67d877d9-ecd0-4b7d-838e-89aa2c4103c0:192.168.34.56:33816, 6af5dfc0-d4d0-48db-9aa9-c45e51549e54:192.168.34.56:32981], old=null
2019-10-18 12:32:54,993 [67d877d9-ecd0-4b7d-838e-89aa2c4103c0@group-A09C527D8C6F-LeaderElection243] INFO  impl.LeaderElection (LeaderElection.java:askForVotes(178)) - 67d877d9-ecd0-4b7d-838e-89aa2c4103c0@group-A09C527D8C6F-LeaderElection243: begin an election at term 290 for -1: [c39ba312-e57f-4b8c-998e-32538a6d88da:192.168.34.56:44039, 67d877d9-ecd0-4b7d-838e-89aa2c4103c0:192.168.34.56:33816, 6af5dfc0-d4d0-48db-9aa9-c45e51549e54:192.168.34.56:32981], old=null
2019-10-18 12:32:54,995 [grpc-default-executor-5] INFO  impl.RaftServerImpl (RaftServerImpl.java:setRole(184)) - 6af5dfc0-d4d0-48db-9aa9-c45e51549e54@group-A09C527D8C6F: changes role from  FOLLOWER to FOLLOWER at term 290 for recognizeCandidate:67d877d9-ecd0-4b7d-838e-89aa2c4103c0
2019-10-18 12:32:54,995 [grpc-default-executor-3] INFO  impl.RaftServerImpl (RaftServerImpl.java:setRole(184)) - c39ba312-e57f-4b8c-998e-32538a6d88da@group-A09C527D8C6F: changes role from  FOLLOWER to FOLLOWER at term 290 for recognizeCandidate:67d877d9-ecd0-4b7d-838e-89aa2c4103c0
2019-10-18 12:32:54,995 [grpc-default-executor-5] INFO  impl.RoleInfo (RoleInfo.java:shutdownFollowerState(121)) - 6af5dfc0-d4d0-48db-9aa9-c45e51549e54: shutdown FollowerState
2019-10-18 12:32:54,995 [grpc-default-executor-3] INFO  impl.RoleInfo (RoleInfo.java:shutdownFollowerState(121)) - c39ba312-e57f-4b8c-998e-32538a6d88da: shutdown FollowerState
2019-10-18 12:32:54,995 [Thread-2000] INFO  impl.FollowerState (FollowerState.java:run(117)) - 6af5dfc0-d4d0-48db-9aa9-c45e51549e54@group-A09C527D8C6F-FollowerState was interrupted: java.lang.InterruptedException: sleep interrupted
2019-10-18 12:32:54,995 [grpc-default-executor-5] INFO  impl.RoleInfo (RoleInfo.java:updateAndGet(143)) - 6af5dfc0-d4d0-48db-9aa9-c45e51549e54: start FollowerState
2019-10-18 12:32:54,996 [Thread-1999] INFO  impl.FollowerState (FollowerState.java:run(117)) - c39ba312-e57f-4b8c-998e-32538a6d88da@group-A09C527D8C6F-FollowerState was interrupted: java.lang.InterruptedException: sleep interrupted
2019-10-18 12:32:54,995 [grpc-default-executor-3] INFO  impl.RoleInfo (RoleInfo.java:updateAndGet(143)) - c39ba312-e57f-4b8c-998e-32538a6d88da: start FollowerState
2019-10-18 12:32:55,528 [67d877d9-ecd0-4b7d-838e-89aa2c4103c0@group-A09C527D8C6F-LeaderElection243] INFO  impl.LeaderElection (LeaderElection.java:logAndReturn(56)) - 67d877d9-ecd0-4b7d-838e-89aa2c4103c0@group-A09C527D8C6F-LeaderElection243: Election TIMEOUT; received 0 response(s) [] and 0 exception(s); 67d877d9-ecd0-4b7d-838e-89aa2c4103c0@group-A09C527D8C6F:t290, leader=null, voted=67d877d9-ecd0-4b7d-838e-89aa2c4103c0, raftlog=67d877d9-ecd0-4b7d-838e-89aa2c4103c0@group-A09C527D8C6F-SegmentedRaftLog:OPENED:c-1,f-1,i0, conf=-1: [c39ba312-e57f-4b8c-998e-32538a6d88da:192.168.34.56:44039, 67d877d9-ecd0-4b7d-838e-89aa2c4103c0:192.168.34.56:33816, 6af5dfc0-d4d0-48db-9aa9-c45e51549e54:192.168.34.56:32981], old=null
2019-10-18 12:32:55,551 [67d877d9-ecd0-4b7d-838e-89aa2c4103c0@group-A09C527D8C6F-LeaderElection243] INFO  impl.LeaderElection (LeaderElection.java:askForVotes(178)) - 67d877d9-ecd0-4b7d-838e-89aa2c4103c0@group-A09C527D8C6F-LeaderElection243: begin an election at term 291 for -1: [c39ba312-e57f-4b8c-998e-32538a6d88da:192.168.34.56:44039, 67d877d9-ecd0-4b7d-838e-89aa2c4103c0:192.168.34.56:33816, 6af5dfc0-d4d0-48db-9aa9-c45e51549e54:192.168.34.56:32981], old=null
2019-10-18 12:32:55,553 [grpc-default-executor-5] INFO  impl.RaftServerImpl (RaftServerImpl.java:setRole(184)) - c39ba312-e57f-4b8c-998e-32538a6d88da@group-A09C527D8C6F: changes role from  FOLLOWER to FOLLOWER at term 291 for recognizeCandidate:67d877d9-ecd0-4b7d-838e-89aa2c4103c0
2019-10-18 12:32:55,553 [grpc-default-executor-5] INFO  impl.RoleInfo (RoleInfo.java:shutdownFollowerState(121)) - c39ba312-e57f-4b8c-998e-32538a6d88da: shutdown FollowerState
2019-10-18 12:32:55,554 [grpc-default-executor-3] INFO  impl.RaftServerImpl (RaftServerImpl.java:setRole(184)) - 6af5dfc0-d4d0-48db-9aa9-c45e51549e54@group-A09C527D8C6F: changes role from  FOLLOWER to FOLLOWER at term 291 for recognizeCandidate:67d877d9-ecd0-4b7d-838e-89aa2c4103c0
2019-10-18 12:32:55,554 [grpc-default-executor-3] INFO  impl.RoleInfo (RoleInfo.java:shutdownFollowerState(121)) - 6af5dfc0-d4d0-48db-9aa9-c45e51549e54: shutdown FollowerState
2019-10-18 12:32:55,554 [Thread-2004] INFO  impl.FollowerState (FollowerState.java:run(117)) - c39ba312-e57f-4b8c-998e-32538a6d88da@group-A09C527D8C6F-FollowerState was interrupted: java.lang.InterruptedException: sleep interrupted
2019-10-18 12:32:55,554 [grpc-default-executor-5] INFO  impl.RoleInfo (RoleInfo.java:updateAndGet(143)) - c39ba312-e57f-4b8c-998e-32538a6d88da: start FollowerState
2019-10-18 12:32:55,554 [grpc-default-executor-3] INFO  impl.RoleInfo (RoleInfo.java:updateAndGet(143)) - 6af5dfc0-d4d0-48db-9aa9-c45e51549e54: start FollowerState
2019-10-18 12:32:55,554 [Thread-2003] INFO  impl.FollowerState (FollowerState.java:run(117)) - 6af5dfc0-d4d0-48db-9aa9-c45e51549e54@group-A09C527D8C6F-FollowerState was interrupted: java.lang.InterruptedException: sleep interrupted
2019-10-18 12:32:55,573 [67d877d9-ecd0-4b7d-838e-89aa2c4103c0@group-A09C527D8C6F-LeaderElection243] INFO  impl.LeaderElection (LeaderElection.java:logAndReturn(56)) - 67d877d9-ecd0-4b7d-838e-89aa2c4103c0@group-A09C527D8C6F-LeaderElection243: Election TIMEOUT; received 0 response(s) [] and 0 exception(s); 67d877d9-ecd0-4b7d-838e-89aa2c4103c0@group-A09C527D8C6F:t291, leader=null, voted=67d877d9-ecd0-4b7d-838e-89aa2c4103c0, raftlog=67d877d9-ecd0-4b7d-838e-89aa2c4103c0@group-A09C527D8C6F-SegmentedRaftLog:OPENED:c-1,f-1,i0, conf=-1: [c39ba312-e57f-4b8c-998e-32538a6d88da:192.168.34.56:44039, 67d877d9-ecd0-4b7d-838e-89aa2c4103c0:192.168.34.56:33816, 6af5dfc0-d4d0-48db-9aa9-c45e51549e54:192.168.34.56:32981], old=null
2019-10-18 12:32:55,600 [67d877d9-ecd0-4b7d-838e-89aa2c4103c0@group-A09C527D8C6F-LeaderElection243] INFO  impl.LeaderElection (LeaderElection.java:askForVotes(178)) - 67d877d9-ecd0-4b7d-838e-89aa2c4103c0@group-A09C527D8C6F-LeaderElection243: begin an election at term 292 for -1: [c39ba312-e57f-4b8c-998e-32538a6d88da:192.168.34.56:44039, 67d877d9-ecd0-4b7d-838e-89aa2c4103c0:192.168.34.56:33816, 6af5dfc0-d4d0-48db-9aa9-c45e51549e54:192.168.34.56:32981], old=null
2019-10-18 12:32:55,602 [grpc-default-executor-3] INFO  impl.RaftServerImpl (RaftServerImpl.java:setRole(184)) - 6af5dfc0-d4d0-48db-9aa9-c45e51549e54@group-A09C527D8C6F: changes role from  FOLLOWER to FOLLOWER at term 292 for recognizeCandidate:67d877d9-ecd0-4b7d-838e-89aa2c4103c0
2019-10-18 12:32:55,602 [grpc-default-executor-5] INFO  impl.RaftServerImpl (RaftServerImpl.java:setRole(184)) - c39ba312-e57f-4b8c-998e-32538a6d88da@group-A09C527D8C6F: changes role from  FOLLOWER to FOLLOWER at term 292 for recognizeCandidate:67d877d9-ecd0-4b7d-838e-89aa2c4103c0
2019-10-18 12:32:55,602 [grpc-default-executor-3] INFO  impl.RoleInfo (RoleInfo.java:shutdownFollowerState(121)) - 6af5dfc0-d4d0-48db-9aa9-c45e51549e54: shutdown FollowerState
2019-10-18 12:32:55,602 [grpc-default-executor-5] INFO  impl.RoleInfo (RoleInfo.java:shutdownFollowerState(121)) - c39ba312-e57f-4b8c-998e-32538a6d88da: shutdown FollowerState
2019-10-18 12:32:55,602 [grpc-default-executor-3] INFO  impl.RoleInfo (RoleInfo.java:updateAndGet(143)) - 6af5dfc0-d4d0-48db-9aa9-c45e51549e54: start FollowerState
2019-10-18 12:32:55,602 [Thread-2009] INFO  impl.FollowerState (FollowerState.java:run(117)) - c39ba312-e57f-4b8c-998e-32538a6d88da@group-A09C527D8C6F-FollowerState was interrupted: java.lang.InterruptedException: sleep interrupted
2019-10-18 12:32:55,602 [grpc-default-executor-5] INFO  impl.RoleInfo (RoleInfo.java:updateAndGet(143)) - c39ba312-e57f-4b8c-998e-32538a6d88da: start FollowerState
2019-10-18 12:32:55,602 [Thread-2010] INFO  impl.FollowerState (FollowerState.java:run(117)) - 6af5dfc0-d4d0-48db-9aa9-c45e51549e54@group-A09C527D8C6F-FollowerState was interrupted: java.lang.InterruptedException: sleep interrupted
2019-10-18 12:32:55,626 [67d877d9-ecd0-4b7d-838e-89aa2c4103c0@group-A09C527D8C6F-LeaderElection243] INFO  impl.LeaderElection (LeaderElection.java:logAndReturn(56)) - 67d877d9-ecd0-4b7d-838e-89aa2c4103c0@group-A09C527D8C6F-LeaderElection243: Election REJECTED; received 2 response(s) [67d877d9-ecd0-4b7d-838e-89aa2c4103c0<-c39ba312-e57f-4b8c-998e-32538a6d88da#0:FAIL-t292, 67d877d9-ecd0-4b7d-838e-89aa2c4103c0<-6af5dfc0-d4d0-48db-9aa9-c45e51549e54#0:FAIL-t292] and 0 exception(s); 67d877d9-ecd0-4b7d-838e-89aa2c4103c0@group-A09C527D8C6F:t292, leader=null, voted=67d877d9-ecd0-4b7d-838e-89aa2c4103c0, raftlog=67d877d9-ecd0-4b7d-838e-89aa2c4103c0@group-A09C527D8C6F-SegmentedRaftLog:OPENED:c-1,f-1,i0, conf=-1: [c39ba312-e57f-4b8c-998e-32538a6d88da:192.168.34.56:44039, 67d877d9-ecd0-4b7d-838e-89aa2c4103c0:192.168.34.56:33816, 6af5dfc0-d4d0-48db-9aa9-c45e51549e54:192.168.34.56:32981], old=null
2019-10-18 12:32:55,627 [67d877d9-ecd0-4b7d-838e-89aa2c4103c0@group-A09C527D8C6F-LeaderElection243] INFO  impl.RaftServerImpl (RaftServerImpl.java:setRole(184)) - 67d877d9-ecd0-4b7d-838e-89aa2c4103c0@group-A09C527D8C6F: changes role from CANDIDATE to FOLLOWER at term 292 for DISCOVERED_A_NEW_TERM
2019-10-18 12:32:55,627 [67d877d9-ecd0-4b7d-838e-89aa2c4103c0@group-A09C527D8C6F-LeaderElection243] INFO  impl.RoleInfo (RoleInfo.java:shutdownLeaderElection(134)) - 67d877d9-ecd0-4b7d-838e-89aa2c4103c0: shutdown LeaderElection
2019-10-18 12:32:55,627 [67d877d9-ecd0-4b7d-838e-89aa2c4103c0@group-A09C527D8C6F-LeaderElection243] INFO  impl.RoleInfo (RoleInfo.java:updateAndGet(143)) - 67d877d9-ecd0-4b7d-838e-89aa2c4103c0: start FollowerState
2019-10-18 12:32:55,643 [Thread-2015] INFO  impl.FollowerState (FollowerState.java:run(108)) - 67d877d9-ecd0-4b7d-838e-89aa2c4103c0@group-A09C527D8C6F-FollowerState: change to CANDIDATE, lastRpcTime:16ms, electionTimeout:16ms
2019-10-18 12:32:55,643 [Thread-2015] INFO  impl.RoleInfo (RoleInfo.java:shutdownFollowerState(121)) - 67d877d9-ecd0-4b7d-838e-89aa2c4103c0: shutdown FollowerState
2019-10-18 12:32:55,644 [Thread-2015] INFO  impl.RaftServerImpl (RaftServerImpl.java:setRole(184)) - 67d877d9-ecd0-4b7d-838e-89aa2c4103c0@group-A09C527D8C6F: changes role from  FOLLOWER to CANDIDATE at term 292 for changeToCandidate
2019-10-18 12:32:55,644 [Thread-2015] INFO  impl.RoleInfo (RoleInfo.java:updateAndGet(143)) - 67d877d9-ecd0-4b7d-838e-89aa2c4103c0: start LeaderElection
2019-10-18 12:32:55,668 [67d877d9-ecd0-4b7d-838e-89aa2c4103c0@group-A09C527D8C6F-LeaderElection244] INFO  impl.LeaderElection (LeaderElection.java:askForVotes(178)) - 67d877d9-ecd0-4b7d-838e-89aa2c4103c0@group-A09C527D8C6F-LeaderElection244: begin an election at term 293 for -1: [c39ba312-e57f-4b8c-998e-32538a6d88da:192.168.34.56:44039, 67d877d9-ecd0-4b7d-838e-89aa2c4103c0:192.168.34.56:33816, 6af5dfc0-d4d0-48db-9aa9-c45e51549e54:192.168.34.56:32981], old=null
2019-10-18 12:32:55,669 [grpc-default-executor-5] INFO  impl.RaftServerImpl (RaftServerImpl.java:setRole(184)) - c39ba312-e57f-4b8c-998e-32538a6d88da@group-A09C527D8C6F: changes role from  FOLLOWER to FOLLOWER at term 293 for recognizeCandidate:67d877d9-ecd0-4b7d-838e-89aa2c4103c0
2019-10-18 12:32:55,669 [grpc-default-executor-3] INFO  impl.RaftServerImpl (RaftServerImpl.java:setRole(184)) - 6af5dfc0-d4d0-48db-9aa9-c45e51549e54@group-A09C527D8C6F: changes role from  FOLLOWER to FOLLOWER at term 293 for recognizeCandidate:67d877d9-ecd0-4b7d-838e-89aa2c4103c0
2019-10-18 12:32:55,669 [grpc-default-executor-5] INFO  impl.RoleInfo (RoleInfo.java:shutdownFollowerState(121)) - c39ba312-e57f-4b8c-998e-32538a6d88da: shutdown FollowerState
2019-10-18 12:32:55,670 [grpc-default-executor-3] INFO  impl.RoleInfo (RoleInfo.java:shutdownFollowerState(121)) - 6af5dfc0-d4d0-48db-9aa9-c45e51549e54: shutdown FollowerState
2019-10-18 12:32:55,670 [Thread-2014] INFO  impl.FollowerState (FollowerState.java:run(117)) - c39ba312-e57f-4b8c-998e-32538a6d88da@group-A09C527D8C6F-FollowerState was interrupted: java.lang.InterruptedException: sleep interrupted
2019-10-18 12:32:55,670 [grpc-default-executor-5] INFO  impl.RoleInfo (RoleInfo.java:updateAndGet(143)) - c39ba312-e57f-4b8c-998e-32538a6d88da: start FollowerState
2019-10-18 12:32:55,670 [Thread-2013] INFO  impl.FollowerState (FollowerState.java:run(117)) - 6af5dfc0-d4d0-48db-9aa9-c45e51549e54@group-A09C527D8C6F-FollowerState was interrupted: java.lang.InterruptedException: sleep interrupted
2019-10-18 12:32:55,670 [grpc-default-executor-3] INFO  impl.RoleInfo (RoleInfo.java:updateAndGet(143)) - 6af5dfc0-d4d0-48db-9aa9-c45e51549e54: start FollowerState
2019-10-18 12:32:55,686 [67d877d9-ecd0-4b7d-838e-89aa2c4103c0@group-A09C527D8C6F-LeaderElection244] INFO  impl.LeaderElection (LeaderElection.java:logAndReturn(56)) - 67d877d9-ecd0-4b7d-838e-89aa2c4103c0@group-A09C527D8C6F-LeaderElection244: Election TIMEOUT; received 0 response(s) [] and 0 exception(s); 67d877d9-ecd0-4b7d-838e-89aa2c4103c0@group-A09C527D8C6F:t293, leader=null, voted=67d877d9-ecd0-4b7d-838e-89aa2c4103c0, raftlog=67d877d9-ecd0-4b7d-838e-89aa2c4103c0@group-A09C527D8C6F-SegmentedRaftLog:OPENED:c-1,f-1,i0, conf=-1: [c39ba312-e57f-4b8c-998e-32538a6d88da:192.168.34.56:44039, 67d877d9-ecd0-4b7d-838e-89aa2c4103c0:192.168.34.56:33816, 6af5dfc0-d4d0-48db-9aa9-c45e51549e54:192.168.34.56:32981], old=null
2019-10-18 12:32:55,716 [67d877d9-ecd0-4b7d-838e-89aa2c4103c0@group-A09C527D8C6F-LeaderElection244] INFO  impl.LeaderElection (LeaderElection.java:askForVotes(178)) - 67d877d9-ecd0-4b7d-838e-89aa2c4103c0@group-A09C527D8C6F-LeaderElection244: begin an election at term 294 for -1: [c39ba312-e57f-4b8c-998e-32538a6d88da:192.168.34.56:44039, 67d877d9-ecd0-4b7d-838e-89aa2c4103c0:192.168.34.56:33816, 6af5dfc0-d4d0-48db-9aa9-c45e51549e54:192.168.34.56:32981], old=null
2019-10-18 12:32:55,717 [grpc-default-executor-5] INFO  impl.RaftServerImpl (RaftServerImpl.java:setRole(184)) - 6af5dfc0-d4d0-48db-9aa9-c45e51549e54@group-A09C527D8C6F: changes role from  FOLLOWER to FOLLOWER at term 294 for recognizeCandidate:67d877d9-ecd0-4b7d-838e-89aa2c4103c0
2019-10-18 12:32:55,718 [grpc-default-executor-3] INFO  impl.RaftServerImpl (RaftServerImpl.java:setRole(184)) - c39ba312-e57f-4b8c-998e-32538a6d88da@group-A09C527D8C6F: changes role from  FOLLOWER to FOLLOWER at term 294 for recognizeCandidate:67d877d9-ecd0-4b7d-838e-89aa2c4103c0
2019-10-18 12:32:55,718 [grpc-default-executor-5] INFO  impl.RoleInfo (RoleInfo.java:shutdownFollowerState(121)) - 6af5dfc0-d4d0-48db-9aa9-c45e51549e54: shutdown FollowerState
2019-10-18 12:32:55,718 [grpc-default-executor-3] INFO  impl.RoleInfo (RoleInfo.java:shutdownFollowerState(121)) - c39ba312-e57f-4b8c-998e-32538a6d88da: shutdown FollowerState
2019-10-18 12:32:55,718 [grpc-default-executor-3] INFO  impl.RoleInfo (RoleInfo.java:updateAndGet(143)) - c39ba312-e57f-4b8c-998e-32538a6d88da: start FollowerState
2019-10-18 12:32:55,718 [Thread-2020] INFO  impl.FollowerState (FollowerState.java:run(117)) - 6af5dfc0-d4d0-48db-9aa9-c45e51549e54@group-A09C527D8C6F-FollowerState was interrupted: java.lang.InterruptedException: sleep interrupted
2019-10-18 12:32:55,718 [grpc-default-executor-5] INFO  impl.RoleInfo (RoleInfo.java:updateAndGet(143)) - 6af5dfc0-d4d0-48db-9aa9-c45e51549e54: start FollowerState
2019-10-18 12:32:55,718 [Thread-2019] INFO  impl.FollowerState (FollowerState.java:run(117)) - c39ba312-e57f-4b8c-998e-32538a6d88da@group-A09C527D8C6F-FollowerState was interrupted: java.lang.InterruptedException: sleep interrupted
2019-10-18 12:32:55,756 [67d877d9-ecd0-4b7d-838e-89aa2c4103c0@group-A09C527D8C6F-LeaderElection244] INFO  impl.LeaderElection (LeaderElection.java:logAndReturn(56)) - 67d877d9-ecd0-4b7d-838e-89aa2c4103c0@group-A09C527D8C6F-LeaderElection244: Election REJECTED; received 2 response(s) [67d877d9-ecd0-4b7d-838e-89aa2c4103c0<-c39ba312-e57f-4b8c-998e-32538a6d88da#0:FAIL-t294, 67d877d9-ecd0-4b7d-838e-89aa2c4103c0<-6af5dfc0-d4d0-48db-9aa9-c45e51549e54#0:FAIL-t294] and 0 exception(s); 67d877d9-ecd0-4b7d-838e-89aa2c4103c0@group-A09C527D8C6F:t294, leader=null, voted=67d877d9-ecd0-4b7d-838e-89aa2c4103c0, raftlog=67d877d9-ecd0-4b7d-838e-89aa2c4103c0@group-A09C527D8C6F-SegmentedRaftLog:OPENED:c-1,f-1,i0, conf=-1: [c39ba312-e57f-4b8c-998e-32538a6d88da:192.168.34.56:44039, 67d877d9-ecd0-4b7d-838e-89aa2c4103c0:192.168.34.56:33816, 6af5dfc0-d4d0-48db-9aa9-c45e51549e54:192.168.34.56:32981], old=null
2019-10-18 12:32:55,756 [67d877d9-ecd0-4b7d-838e-89aa2c4103c0@group-A09C527D8C6F-LeaderElection244] INFO  impl.RaftServerImpl (RaftServerImpl.java:setRole(184)) - 67d877d9-ecd0-4b7d-838e-89aa2c4103c0@group-A09C527D8C6F: changes role from CANDIDATE to FOLLOWER at term 294 for DISCOVERED_A_NEW_TERM
2019-10-18 12:32:55,756 [67d877d9-ecd0-4b7d-838e-89aa2c4103c0@group-A09C527D8C6F-LeaderElection244] INFO  impl.RoleInfo (RoleInfo.java:shutdownLeaderElection(134)) - 67d877d9-ecd0-4b7d-838e-89aa2c4103c0: shutdown LeaderElection
2019-10-18 12:32:55,756 [67d877d9-ecd0-4b7d-838e-89aa2c4103c0@group-A09C527D8C6F-LeaderElection244] INFO  impl.RoleInfo (RoleInfo.java:updateAndGet(143)) - 67d877d9-ecd0-4b7d-838e-89aa2c4103c0: start FollowerState
2019-10-18 12:32:55,819 [Thread-2025] INFO  impl.FollowerState (FollowerState.java:run(108)) - 67d877d9-ecd0-4b7d-838e-89aa2c4103c0@group-A09C527D8C6F-FollowerState: change to CANDIDATE, lastRpcTime:62ms, electionTimeout:62ms
2019-10-18 12:32:55,819 [Thread-2025] INFO  impl.RoleInfo (RoleInfo.java:shutdownFollowerState(121)) - 67d877d9-ecd0-4b7d-838e-89aa2c4103c0: shutdown FollowerState
2019-10-18 12:32:55,819 [Thread-2025] INFO  impl.RaftServerImpl (RaftServerImpl.java:setRole(184)) - 67d877d9-ecd0-4b7d-838e-89aa2c4103c0@group-A09C527D8C6F: changes role from  FOLLOWER to CANDIDATE at term 294 for changeToCandidate
2019-10-18 12:32:55,819 [Thread-2025] INFO  impl.RoleInfo (RoleInfo.java:updateAndGet(143)) - 67d877d9-ecd0-4b7d-838e-89aa2c4103c0: start LeaderElection
2019-10-18 12:32:55,847 [67d877d9-ecd0-4b7d-838e-89aa2c4103c0@group-A09C527D8C6F-LeaderElection245] INFO  impl.LeaderElection (LeaderElection.java:askForVotes(178)) - 67d877d9-ecd0-4b7d-838e-89aa2c4103c0@group-A09C527D8C6F-LeaderElection245: begin an election at term 295 for -1: [c39ba312-e57f-4b8c-998e-32538a6d88da:192.168.34.56:44039, 67d877d9-ecd0-4b7d-838e-89aa2c4103c0:192.168.34.56:33816, 6af5dfc0-d4d0-48db-9aa9-c45e51549e54:192.168.34.56:32981], old=null
2019-10-18 12:32:55,849 [grpc-default-executor-5] INFO  impl.RaftServerImpl (RaftServerImpl.java:setRole(184)) - 6af5dfc0-d4d0-48db-9aa9-c45e51549e54@group-A09C527D8C6F: changes role from  FOLLOWER to FOLLOWER at term 295 for recognizeCandidate:67d877d9-ecd0-4b7d-838e-89aa2c4103c0
2019-10-18 12:32:55,849 [grpc-default-executor-3] INFO  impl.RaftServerImpl (RaftServerImpl.java:setRole(184)) - c39ba312-e57f-4b8c-998e-32538a6d88da@group-A09C527D8C6F: changes role from  FOLLOWER to FOLLOWER at term 295 for recognizeCandidate:67d877d9-ecd0-4b7d-838e-89aa2c4103c0
2019-10-18 12:32:55,849 [grpc-default-executor-5] INFO  impl.RoleInfo (RoleInfo.java:shutdownFollowerState(121)) - 6af5dfc0-d4d0-48db-9aa9-c45e51549e54: shutdown FollowerState
2019-10-18 12:32:55,850 [grpc-default-executor-3] INFO  impl.RoleInfo (RoleInfo.java:shutdownFollowerState(121)) - c39ba312-e57f-4b8c-998e-32538a6d88da: shutdown FollowerState
2019-10-18 12:32:55,850 [Thread-2023] INFO  impl.FollowerState (FollowerState.java:run(117)) - 6af5dfc0-d4d0-48db-9aa9-c45e51549e54@group-A09C527D8C6F-FollowerState was interrupted: java.lang.InterruptedException: sleep interrupted
2019-10-18 12:32:55,850 [grpc-default-executor-5] INFO  impl.RoleInfo (RoleInfo.java:updateAndGet(143)) - 6af5dfc0-d4d0-48db-9aa9-c45e51549e54: start FollowerState
2019-10-18 12:32:55,850 [Thread-2024] INFO  impl.FollowerState (FollowerState.java:run(117)) - c39ba312-e57f-4b8c-998e-32538a6d88da@group-A09C527D8C6F-FollowerState was interrupted: java.lang.InterruptedException: sleep interrupted
2019-10-18 12:32:55,850 [grpc-default-executor-3] INFO  impl.RoleInfo (RoleInfo.java:updateAndGet(143)) - c39ba312-e57f-4b8c-998e-32538a6d88da: start FollowerState
2019-10-18 12:32:55,865 [67d877d9-ecd0-4b7d-838e-89aa2c4103c0@group-A09C527D8C6F-LeaderElection245] INFO  impl.LeaderElection (LeaderElection.java:logAndReturn(56)) - 67d877d9-ecd0-4b7d-838e-89aa2c4103c0@group-A09C527D8C6F-LeaderElection245: Election REJECTED; received 2 response(s) [67d877d9-ecd0-4b7d-838e-89aa2c4103c0<-c39ba312-e57f-4b8c-998e-32538a6d88da#0:FAIL-t295, 67d877d9-ecd0-4b7d-838e-89aa2c4103c0<-6af5dfc0-d4d0-48db-9aa9-c45e51549e54#0:FAIL-t295] and 0 exception(s); 67d877d9-ecd0-4b7d-838e-89aa2c4103c0@group-A09C527D8C6F:t295, leader=null, voted=67d877d9-ecd0-4b7d-838e-89aa2c4103c0, raftlog=67d877d9-ecd0-4b7d-838e-89aa2c4103c0@group-A09C527D8C6F-SegmentedRaftLog:OPENED:c-1,f-1,i0, conf=-1: [c39ba312-e57f-4b8c-998e-32538a6d88da:192.168.34.56:44039, 67d877d9-ecd0-4b7d-838e-89aa2c4103c0:192.168.34.56:33816, 6af5dfc0-d4d0-48db-9aa9-c45e51549e54:192.168.34.56:32981], old=null
2019-10-18 12:32:55,865 [67d877d9-ecd0-4b7d-838e-89aa2c4103c0@group-A09C527D8C6F-LeaderElection245] INFO  impl.RaftServerImpl (RaftServerImpl.java:setRole(184)) - 67d877d9-ecd0-4b7d-838e-89aa2c4103c0@group-A09C527D8C6F: changes role from CANDIDATE to FOLLOWER at term 295 for DISCOVERED_A_NEW_TERM
2019-10-18 12:32:55,865 [67d877d9-ecd0-4b7d-838e-89aa2c4103c0@group-A09C527D8C6F-LeaderElection245] INFO  impl.RoleInfo (RoleInfo.java:shutdownLeaderElection(134)) - 67d877d9-ecd0-4b7d-838e-89aa2c4103c0: shutdown LeaderElection
2019-10-18 12:32:55,865 [67d877d9-ecd0-4b7d-838e-89aa2c4103c0@group-A09C527D8C6F-LeaderElection245] INFO  impl.RoleInfo (RoleInfo.java:updateAndGet(143)) - 67d877d9-ecd0-4b7d-838e-89aa2c4103c0: start FollowerState
2019-10-18 12:32:55,921 [Thread-2031] INFO  impl.FollowerState (FollowerState.java:run(108)) - 67d877d9-ecd0-4b7d-838e-89aa2c4103c0@group-A09C527D8C6F-FollowerState: change to CANDIDATE, lastRpcTime:55ms, electionTimeout:55ms
2019-10-18 12:32:55,921 [Thread-2031] INFO  impl.RoleInfo (RoleInfo.java:shutdownFollowerState(121)) - 67d877d9-ecd0-4b7d-838e-89aa2c4103c0: shutdown FollowerState
2019-10-18 12:32:55,921 [Thread-2031] INFO  impl.RaftServerImpl (RaftServerImpl.java:setRole(184)) - 67d877d9-ecd0-4b7d-838e-89aa2c4103c0@group-A09C527D8C6F: changes role from  FOLLOWER to CANDIDATE at term 295 for changeToCandidate
2019-10-18 12:32:55,921 [Thread-2031] INFO  impl.RoleInfo (RoleInfo.java:updateAndGet(143)) - 67d877d9-ecd0-4b7d-838e-89aa2c4103c0: start LeaderElection
2019-10-18 12:32:55,957 [67d877d9-ecd0-4b7d-838e-89aa2c4103c0@group-A09C527D8C6F-LeaderElection246] INFO  impl.LeaderElection (LeaderElection.java:askForVotes(178)) - 67d877d9-ecd0-4b7d-838e-89aa2c4103c0@group-A09C527D8C6F-LeaderElection246: begin an election at term 296 for -1: [c39ba312-e57f-4b8c-998e-32538a6d88da:192.168.34.56:44039, 67d877d9-ecd0-4b7d-838e-89aa2c4103c0:192.168.34.56:33816, 6af5dfc0-d4d0-48db-9aa9-c45e51549e54:192.168.34.56:32981], old=null
2019-10-18 12:32:55,959 [grpc-default-executor-5] INFO  impl.RaftServerImpl (RaftServerImpl.java:setRole(184)) - 6af5dfc0-d4d0-48db-9aa9-c45e51549e54@group-A09C527D8C6F: changes role from  FOLLOWER to FOLLOWER at term 296 for recognizeCandidate:67d877d9-ecd0-4b7d-838e-89aa2c4103c0
2019-10-18 12:32:55,959 [grpc-default-executor-3] INFO  impl.RaftServerImpl (RaftServerImpl.java:setRole(184)) - c39ba312-e57f-4b8c-998e-32538a6d88da@group-A09C527D8C6F: changes role from  FOLLOWER to FOLLOWER at term 296 for recognizeCandidate:67d877d9-ecd0-4b7d-838e-89aa2c4103c0
2019-10-18 12:32:55,959 [grpc-default-executor-5] INFO  impl.RoleInfo (RoleInfo.java:shutdownFollowerState(121)) - 6af5dfc0-d4d0-48db-9aa9-c45e51549e54: shutdown FollowerState
2019-10-18 12:32:55,959 [grpc-default-executor-3] INFO  impl.RoleInfo (RoleInfo.java:shutdownFollowerState(121)) - c39ba312-e57f-4b8c-998e-32538a6d88da: shutdown FollowerState
2019-10-18 12:32:55,959 [grpc-default-executor-5] INFO  impl.RoleInfo (RoleInfo.java:updateAndGet(143)) - 6af5dfc0-d4d0-48db-9aa9-c45e51549e54: start FollowerState
2019-10-18 12:32:55,959 [Thread-2030] INFO  impl.FollowerState (FollowerState.java:run(117)) - c39ba312-e57f-4b8c-998e-32538a6d88da@group-A09C527D8C6F-FollowerState was interrupted: java.lang.InterruptedException: sleep interrupted
2019-10-18 12:32:55,959 [Thread-2029] INFO  impl.FollowerState (FollowerState.java:run(117)) - 6af5dfc0-d4d0-48db-9aa9-c45e51549e54@group-A09C527D8C6F-FollowerState was interrupted: java.lang.InterruptedException: sleep interrupted
2019-10-18 12:32:55,959 [grpc-default-executor-3] INFO  impl.RoleInfo (RoleInfo.java:updateAndGet(143)) - c39ba312-e57f-4b8c-998e-32538a6d88da: start FollowerState
2019-10-18 12:32:55,983 [67d877d9-ecd0-4b7d-838e-89aa2c4103c0@group-A09C527D8C6F-LeaderElection246] INFO  impl.LeaderElection (LeaderElection.java:logAndReturn(56)) - 67d877d9-ecd0-4b7d-838e-89aa2c4103c0@group-A09C527D8C6F-LeaderElection246: Election REJECTED; received 2 response(s) [67d877d9-ecd0-4b7d-838e-89aa2c4103c0<-c39ba312-e57f-4b8c-998e-32538a6d88da#0:FAIL-t296, 67d877d9-ecd0-4b7d-838e-89aa2c4103c0<-6af5dfc0-d4d0-48db-9aa9-c45e51549e54#0:FAIL-t296] and 0 exception(s); 67d877d9-ecd0-4b7d-838e-89aa2c4103c0@group-A09C527D8C6F:t296, leader=null, voted=67d877d9-ecd0-4b7d-838e-89aa2c4103c0, raftlog=67d877d9-ecd0-4b7d-838e-89aa2c4103c0@group-A09C527D8C6F-SegmentedRaftLog:OPENED:c-1,f-1,i0, conf=-1: [c39ba312-e57f-4b8c-998e-32538a6d88da:192.168.34.56:44039, 67d877d9-ecd0-4b7d-838e-89aa2c4103c0:192.168.34.56:33816, 6af5dfc0-d4d0-48db-9aa9-c45e51549e54:192.168.34.56:32981], old=null
2019-10-18 12:32:55,983 [67d877d9-ecd0-4b7d-838e-89aa2c4103c0@group-A09C527D8C6F-LeaderElection246] INFO  impl.RaftServerImpl (RaftServerImpl.java:setRole(184)) - 67d877d9-ecd0-4b7d-838e-89aa2c4103c0@group-A09C527D8C6F: changes role from CANDIDATE to FOLLOWER at term 296 for DISCOVERED_A_NEW_TERM
2019-10-18 12:32:55,983 [67d877d9-ecd0-4b7d-838e-89aa2c4103c0@group-A09C527D8C6F-LeaderElection246] INFO  impl.RoleInfo (RoleInfo.java:shutdownLeaderElection(134)) - 67d877d9-ecd0-4b7d-838e-89aa2c4103c0: shutdown LeaderElection
2019-10-18 12:32:55,983 [67d877d9-ecd0-4b7d-838e-89aa2c4103c0@group-A09C527D8C6F-LeaderElection246] INFO  impl.RoleInfo (RoleInfo.java:updateAndGet(143)) - 67d877d9-ecd0-4b7d-838e-89aa2c4103c0: start FollowerState
2019-10-18 12:32:55,992 [Thread-2037] INFO  impl.FollowerState (FollowerState.java:run(108)) - 67d877d9-ecd0-4b7d-838e-89aa2c4103c0@group-A09C527D8C6F-FollowerState: change to CANDIDATE, lastRpcTime:9ms, electionTimeout:9ms
2019-10-18 12:32:55,993 [Thread-2037] INFO  impl.RoleInfo (RoleInfo.java:shutdownFollowerState(121)) - 67d877d9-ecd0-4b7d-838e-89aa2c4103c0: shutdown FollowerState
2019-10-18 12:32:55,993 [Thread-2037] INFO  impl.RaftServerImpl (RaftServerImpl.java:setRole(184)) - 67d877d9-ecd0-4b7d-838e-89aa2c4103c0@group-A09C527D8C6F: changes role from  FOLLOWER to CANDIDATE at term 296 for changeToCandidate
2019-10-18 12:32:55,993 [Thread-2037] INFO  impl.RoleInfo (RoleInfo.java:updateAndGet(143)) - 67d877d9-ecd0-4b7d-838e-89aa2c4103c0: start LeaderElection
2019-10-18 12:32:56,016 [67d877d9-ecd0-4b7d-838e-89aa2c4103c0@group-A09C527D8C6F-LeaderElection247] INFO  impl.LeaderElection (LeaderElection.java:askForVotes(178)) - 67d877d9-ecd0-4b7d-838e-89aa2c4103c0@group-A09C527D8C6F-LeaderElection247: begin an election at term 297 for -1: [c39ba312-e57f-4b8c-998e-32538a6d88da:192.168.34.56:44039, 67d877d9-ecd0-4b7d-838e-89aa2c4103c0:192.168.34.56:33816, 6af5dfc0-d4d0-48db-9aa9-c45e51549e54:192.168.34.56:32981], old=null
2019-10-18 12:32:56,018 [grpc-default-executor-5] INFO  impl.RaftServerImpl (RaftServerImpl.java:setRole(184)) - c39ba312-e57f-4b8c-998e-32538a6d88da@group-A09C527D8C6F: changes role from  FOLLOWER to FOLLOWER at term 297 for recognizeCandidate:67d877d9-ecd0-4b7d-838e-89aa2c4103c0
2019-10-18 12:32:56,018 [grpc-default-executor-3] INFO  impl.RaftServerImpl (RaftServerImpl.java:setRole(184)) - 6af5dfc0-d4d0-48db-9aa9-c45e51549e54@group-A09C527D8C6F: changes role from  FOLLOWER to FOLLOWER at term 297 for recognizeCandidate:67d877d9-ecd0-4b7d-838e-89aa2c4103c0
2019-10-18 12:32:56,018 [grpc-default-executor-3] INFO  impl.RoleInfo (RoleInfo.java:shutdownFollowerState(121)) - 6af5dfc0-d4d0-48db-9aa9-c45e51549e54: shutdown FollowerState
2019-10-18 12:32:56,018 [grpc-default-executor-5] INFO  impl.RoleInfo (RoleInfo.java:shutdownFollowerState(121)) - c39ba312-e57f-4b8c-998e-32538a6d88da: shutdown FollowerState
2019-10-18 12:32:56,018 [Thread-2035] INFO  impl.FollowerState (FollowerState.java:run(117)) - 6af5dfc0-d4d0-48db-9aa9-c45e51549e54@group-A09C527D8C6F-FollowerState was interrupted: java.lang.InterruptedException: sleep interrupted
2019-10-18 12:32:56,018 [grpc-default-executor-3] INFO  impl.RoleInfo (RoleInfo.java:updateAndGet(143)) - 6af5dfc0-d4d0-48db-9aa9-c45e51549e54: start FollowerState
2019-10-18 12:32:56,019 [Thread-2036] INFO  impl.FollowerState (FollowerState.java:run(117)) - c39ba312-e57f-4b8c-998e-32538a6d88da@group-A09C527D8C6F-FollowerState was interrupted: java.lang.InterruptedException: sleep interrupted
2019-10-18 12:32:56,018 [grpc-default-executor-5] INFO  impl.RoleInfo (RoleInfo.java:updateAndGet(143)) - c39ba312-e57f-4b8c-998e-32538a6d88da: start FollowerState
2019-10-18 12:32:56,050 [67d877d9-ecd0-4b7d-838e-89aa2c4103c0@group-A09C527D8C6F-LeaderElection247] INFO  impl.LeaderElection (LeaderElection.java:logAndReturn(56)) - 67d877d9-ecd0-4b7d-838e-89aa2c4103c0@group-A09C527D8C6F-LeaderElection247: Election REJECTED; received 2 response(s) [67d877d9-ecd0-4b7d-838e-89aa2c4103c0<-c39ba312-e57f-4b8c-998e-32538a6d88da#0:FAIL-t297, 67d877d9-ecd0-4b7d-838e-89aa2c4103c0<-6af5dfc0-d4d0-48db-9aa9-c45e51549e54#0:FAIL-t297] and 0 exception(s); 67d877d9-ecd0-4b7d-838e-89aa2c4103c0@group-A09C527D8C6F:t297, leader=null, voted=67d877d9-ecd0-4b7d-838e-89aa2c4103c0, raftlog=67d877d9-ecd0-4b7d-838e-89aa2c4103c0@group-A09C527D8C6F-SegmentedRaftLog:OPENED:c-1,f-1,i0, conf=-1: [c39ba312-e57f-4b8c-998e-32538a6d88da:192.168.34.56:44039, 67d877d9-ecd0-4b7d-838e-89aa2c4103c0:192.168.34.56:33816, 6af5dfc0-d4d0-48db-9aa9-c45e51549e54:192.168.34.56:32981], old=null
2019-10-18 12:32:56,050 [67d877d9-ecd0-4b7d-838e-89aa2c4103c0@group-A09C527D8C6F-LeaderElection247] INFO  impl.RaftServerImpl (RaftServerImpl.java:setRole(184)) - 67d877d9-ecd0-4b7d-838e-89aa2c4103c0@group-A09C527D8C6F: changes role from CANDIDATE to FOLLOWER at term 297 for DISCOVERED_A_NEW_TERM
2019-10-18 12:32:56,050 [67d877d9-ecd0-4b7d-838e-89aa2c4103c0@group-A09C527D8C6F-LeaderElection247] INFO  impl.RoleInfo (RoleInfo.java:shutdownLeaderElection(134)) - 67d877d9-ecd0-4b7d-838e-89aa2c4103c0: shutdown LeaderElection
2019-10-18 12:32:56,051 [67d877d9-ecd0-4b7d-838e-89aa2c4103c0@group-A09C527D8C6F-LeaderElection247] INFO  impl.RoleInfo (RoleInfo.java:updateAndGet(143)) - 67d877d9-ecd0-4b7d-838e-89aa2c4103c0: start FollowerState
2019-10-18 12:32:56,081 [Thread-2043] INFO  impl.FollowerState (FollowerState.java:run(108)) - 67d877d9-ecd0-4b7d-838e-89aa2c4103c0@group-A09C527D8C6F-FollowerState: change to CANDIDATE, lastRpcTime:30ms, electionTimeout:30ms
2019-10-18 12:32:56,081 [Thread-2043] INFO  impl.RoleInfo (RoleInfo.java:shutdownFollowerState(121)) - 67d877d9-ecd0-4b7d-838e-89aa2c4103c0: shutdown FollowerState
2019-10-18 12:32:56,081 [Thread-2043] INFO  impl.RaftServerImpl (RaftServerImpl.java:setRole(184)) - 67d877d9-ecd0-4b7d-838e-89aa2c4103c0@group-A09C527D8C6F: changes role from  FOLLOWER to CANDIDATE at term 297 for changeToCandidate
2019-10-18 12:32:56,082 [Thread-2043] INFO  impl.RoleInfo (RoleInfo.java:updateAndGet(143)) - 67d877d9-ecd0-4b7d-838e-89aa2c4103c0: start LeaderElection
2019-10-18 12:32:56,108 [67d877d9-ecd0-4b7d-838e-89aa2c4103c0@group-A09C527D8C6F-LeaderElection248] INFO  impl.LeaderElection (LeaderElection.java:askForVotes(178)) - 67d877d9-ecd0-4b7d-838e-89aa2c4103c0@group-A09C527D8C6F-LeaderElection248: begin an election at term 298 for -1: [c39ba312-e57f-4b8c-998e-32538a6d88da:192.168.34.56:44039, 67d877d9-ecd0-4b7d-838e-89aa2c4103c0:192.168.34.56:33816, 6af5dfc0-d4d0-48db-9aa9-c45e51549e54:192.168.34.56:32981], old=null
2019-10-18 12:32:56,110 [grpc-default-executor-5] INFO  impl.RaftServerImpl (RaftServerImpl.java:setRole(184)) - 6af5dfc0-d4d0-48db-9aa9-c45e51549e54@group-A09C527D8C6F: changes role from  FOLLOWER to FOLLOWER at term 298 for recognizeCandidate:67d877d9-ecd0-4b7d-838e-89aa2c4103c0
2019-10-18 12:32:56,110 [grpc-default-executor-3] INFO  impl.RaftServerImpl (RaftServerImpl.java:setRole(184)) - c39ba312-e57f-4b8c-998e-32538a6d88da@group-A09C527D8C6F: changes role from  FOLLOWER to FOLLOWER at term 298 for recognizeCandidate:67d877d9-ecd0-4b7d-838e-89aa2c4103c0
2019-10-18 12:32:56,110 [grpc-default-executor-5] INFO  impl.RoleInfo (RoleInfo.java:shutdownFollowerState(121)) - 6af5dfc0-d4d0-48db-9aa9-c45e51549e54: shutdown FollowerState
2019-10-18 12:32:56,110 [grpc-default-executor-3] INFO  impl.RoleInfo (RoleInfo.java:shutdownFollowerState(121)) - c39ba312-e57f-4b8c-998e-32538a6d88da: shutdown FollowerState
2019-10-18 12:32:56,110 [Thread-2041] INFO  impl.FollowerState (FollowerState.java:run(117)) - 6af5dfc0-d4d0-48db-9aa9-c45e51549e54@group-A09C527D8C6F-FollowerState was interrupted: java.lang.InterruptedException: sleep interrupted
2019-10-18 12:32:56,110 [grpc-default-executor-5] INFO  impl.RoleInfo (RoleInfo.java:updateAndGet(143)) - 6af5dfc0-d4d0-48db-9aa9-c45e51549e54: start FollowerState
2019-10-18 12:32:56,111 [Thread-2042] INFO  impl.FollowerState (FollowerState.java:run(117)) - c39ba312-e57f-4b8c-998e-32538a6d88da@group-A09C527D8C6F-FollowerState was interrupted: java.lang.InterruptedException: sleep interrupted
2019-10-18 12:32:56,111 [grpc-default-executor-3] INFO  impl.RoleInfo (RoleInfo.java:updateAndGet(143)) - c39ba312-e57f-4b8c-998e-32538a6d88da: start FollowerState
2019-10-18 12:32:56,134 [67d877d9-ecd0-4b7d-838e-89aa2c4103c0@group-A09C527D8C6F-LeaderElection248] INFO  impl.LeaderElection (LeaderElection.java:logAndReturn(56)) - 67d877d9-ecd0-4b7d-838e-89aa2c4103c0@group-A09C527D8C6F-LeaderElection248: Election REJECTED; received 2 response(s) [67d877d9-ecd0-4b7d-838e-89aa2c4103c0<-c39ba312-e57f-4b8c-998e-32538a6d88da#0:FAIL-t298, 67d877d9-ecd0-4b7d-838e-89aa2c4103c0<-6af5dfc0-d4d0-48db-9aa9-c45e51549e54#0:FAIL-t298] and 0 exception(s); 67d877d9-ecd0-4b7d-838e-89aa2c4103c0@group-A09C527D8C6F:t298, leader=null, voted=67d877d9-ecd0-4b7d-838e-89aa2c4103c0, raftlog=67d877d9-ecd0-4b7d-838e-89aa2c4103c0@group-A09C527D8C6F-SegmentedRaftLog:OPENED:c-1,f-1,i0, conf=-1: [c39ba312-e57f-4b8c-998e-32538a6d88da:192.168.34.56:44039, 67d877d9-ecd0-4b7d-838e-89aa2c4103c0:192.168.34.56:33816, 6af5dfc0-d4d0-48db-9aa9-c45e51549e54:192.168.34.56:32981], old=null
2019-10-18 12:32:56,134 [67d877d9-ecd0-4b7d-838e-89aa2c4103c0@group-A09C527D8C6F-LeaderElection248] INFO  impl.RaftServerImpl (RaftServerImpl.java:setRole(184)) - 67d877d9-ecd0-4b7d-838e-89aa2c4103c0@group-A09C527D8C6F: changes role from CANDIDATE to FOLLOWER at term 298 for DISCOVERED_A_NEW_TERM
2019-10-18 12:32:56,135 [67d877d9-ecd0-4b7d-838e-89aa2c4103c0@group-A09C527D8C6F-LeaderElection248] INFO  impl.RoleInfo (RoleInfo.java:shutdownLeaderElection(134)) - 67d877d9-ecd0-4b7d-838e-89aa2c4103c0: shutdown LeaderElection
2019-10-18 12:32:56,135 [67d877d9-ecd0-4b7d-838e-89aa2c4103c0@group-A09C527D8C6F-LeaderElection248] INFO  impl.RoleInfo (RoleInfo.java:updateAndGet(143)) - 67d877d9-ecd0-4b7d-838e-89aa2c4103c0: start FollowerState
2019-10-18 12:32:56,289 [Thread-2049] INFO  impl.FollowerState (FollowerState.java:run(108)) - 67d877d9-ecd0-4b7d-838e-89aa2c4103c0@group-A09C527D8C6F-FollowerState: change to CANDIDATE, lastRpcTime:154ms, electionTimeout:154ms
2019-10-18 12:32:56,289 [Thread-2049] INFO  impl.RoleInfo (RoleInfo.java:shutdownFollowerState(121)) - 67d877d9-ecd0-4b7d-838e-89aa2c4103c0: shutdown FollowerState
2019-10-18 12:32:56,290 [Thread-2049] INFO  impl.RaftServerImpl (RaftServerImpl.java:setRole(184)) - 67d877d9-ecd0-4b7d-838e-89aa2c4103c0@group-A09C527D8C6F: changes role from  FOLLOWER to CANDIDATE at term 298 for changeToCandidate
2019-10-18 12:32:56,290 [Thread-2049] INFO  impl.RoleInfo (RoleInfo.java:updateAndGet(143)) - 67d877d9-ecd0-4b7d-838e-89aa2c4103c0: start LeaderElection
2019-10-18 12:32:56,317 [67d877d9-ecd0-4b7d-838e-89aa2c4103c0@group-A09C527D8C6F-LeaderElection249] INFO  impl.LeaderElection (LeaderElection.java:askForVotes(178)) - 67d877d9-ecd0-4b7d-838e-89aa2c4103c0@group-A09C527D8C6F-LeaderElection249: begin an election at term 299 for -1: [c39ba312-e57f-4b8c-998e-32538a6d88da:192.168.34.56:44039, 67d877d9-ecd0-4b7d-838e-89aa2c4103c0:192.168.34.56:33816, 6af5dfc0-d4d0-48db-9aa9-c45e51549e54:192.168.34.56:32981], old=null
2019-10-18 12:32:56,319 [grpc-default-executor-3] INFO  impl.RaftServerImpl (RaftServerImpl.java:setRole(184)) - 6af5dfc0-d4d0-48db-9aa9-c45e51549e54@group-A09C527D8C6F: changes role from  FOLLOWER to FOLLOWER at term 299 for recognizeCandidate:67d877d9-ecd0-4b7d-838e-89aa2c4103c0
2019-10-18 12:32:56,319 [grpc-default-executor-5] INFO  impl.RaftServerImpl (RaftServerImpl.java:setRole(184)) - c39ba312-e57f-4b8c-998e-32538a6d88da@group-A09C527D8C6F: changes role from  FOLLOWER to FOLLOWER at term 299 for recognizeCandidate:67d877d9-ecd0-4b7d-838e-89aa2c4103c0
2019-10-18 12:32:56,320 [grpc-default-executor-3] INFO  impl.RoleInfo (RoleInfo.java:shutdownFollowerState(121)) - 6af5dfc0-d4d0-48db-9aa9-c45e51549e54: shutdown FollowerState
2019-10-18 12:32:56,320 [grpc-default-executor-5] INFO  impl.RoleInfo (RoleInfo.java:shutdownFollowerState(121)) - c39ba312-e57f-4b8c-998e-32538a6d88da: shutdown FollowerState
2019-10-18 12:32:56,320 [grpc-default-executor-3] INFO  impl.RoleInfo (RoleInfo.java:updateAndGet(143)) - 6af5dfc0-d4d0-48db-9aa9-c45e51549e54: start FollowerState
2019-10-18 12:32:56,320 [Thread-2048] INFO  impl.FollowerState (FollowerState.java:run(117)) - c39ba312-e57f-4b8c-998e-32538a6d88da@group-A09C527D8C6F-FollowerState was interrupted: java.lang.InterruptedException: sleep interrupted
2019-10-18 12:32:56,320 [grpc-default-executor-5] INFO  impl.RoleInfo (RoleInfo.java:updateAndGet(143)) - c39ba312-e57f-4b8c-998e-32538a6d88da: start FollowerState
2019-10-18 12:32:56,320 [Thread-2047] INFO  impl.FollowerState (FollowerState.java:run(117)) - 6af5dfc0-d4d0-48db-9aa9-c45e51549e54@group-A09C527D8C6F-FollowerState was interrupted: java.lang.InterruptedException: sleep interrupted
2019-10-18 12:32:56,343 [67d877d9-ecd0-4b7d-838e-89aa2c4103c0@group-A09C527D8C6F-LeaderElection249] INFO  impl.LeaderElection (LeaderElection.java:logAndReturn(56)) - 67d877d9-ecd0-4b7d-838e-89aa2c4103c0@group-A09C527D8C6F-LeaderElection249: Election REJECTED; received 2 response(s) [67d877d9-ecd0-4b7d-838e-89aa2c4103c0<-c39ba312-e57f-4b8c-998e-32538a6d88da#0:FAIL-t299, 67d877d9-ecd0-4b7d-838e-89aa2c4103c0<-6af5dfc0-d4d0-48db-9aa9-c45e51549e54#0:FAIL-t299] and 0 exception(s); 67d877d9-ecd0-4b7d-838e-89aa2c4103c0@group-A09C527D8C6F:t299, leader=null, voted=67d877d9-ecd0-4b7d-838e-89aa2c4103c0, raftlog=67d877d9-ecd0-4b7d-838e-89aa2c4103c0@group-A09C527D8C6F-SegmentedRaftLog:OPENED:c-1,f-1,i0, conf=-1: [c39ba312-e57f-4b8c-998e-32538a6d88da:192.168.34.56:44039, 67d877d9-ecd0-4b7d-838e-89aa2c4103c0:192.168.34.56:33816, 6af5dfc0-d4d0-48db-9aa9-c45e51549e54:192.168.34.56:32981], old=null
2019-10-18 12:32:56,343 [67d877d9-ecd0-4b7d-838e-89aa2c4103c0@group-A09C527D8C6F-LeaderElection249] INFO  impl.RaftServerImpl (RaftServerImpl.java:setRole(184)) - 67d877d9-ecd0-4b7d-838e-89aa2c4103c0@group-A09C527D8C6F: changes role from CANDIDATE to FOLLOWER at term 299 for DISCOVERED_A_NEW_TERM
2019-10-18 12:32:56,344 [67d877d9-ecd0-4b7d-838e-89aa2c4103c0@group-A09C527D8C6F-LeaderElection249] INFO  impl.RoleInfo (RoleInfo.java:shutdownLeaderElection(134)) - 67d877d9-ecd0-4b7d-838e-89aa2c4103c0: shutdown LeaderElection
2019-10-18 12:32:56,344 [67d877d9-ecd0-4b7d-838e-89aa2c4103c0@group-A09C527D8C6F-LeaderElection249] INFO  impl.RoleInfo (RoleInfo.java:updateAndGet(143)) - 67d877d9-ecd0-4b7d-838e-89aa2c4103c0: start FollowerState
2019-10-18 12:32:56,364 [Thread-2055] INFO  impl.FollowerState (FollowerState.java:run(108)) - 67d877d9-ecd0-4b7d-838e-89aa2c4103c0@group-A09C527D8C6F-FollowerState: change to CANDIDATE, lastRpcTime:20ms, electionTimeout:20ms
2019-10-18 12:32:56,364 [Thread-2055] INFO  impl.RoleInfo (RoleInfo.java:shutdownFollowerState(121)) - 67d877d9-ecd0-4b7d-838e-89aa2c4103c0: shutdown FollowerState
2019-10-18 12:32:56,365 [Thread-2055] INFO  impl.RaftServerImpl (RaftServerImpl.java:setRole(184)) - 67d877d9-ecd0-4b7d-838e-89aa2c4103c0@group-A09C527D8C6F: changes role from  FOLLOWER to CANDIDATE at term 299 for changeToCandidate
2019-10-18 12:32:56,365 [Thread-2055] INFO  impl.RoleInfo (RoleInfo.java:updateAndGet(143)) - 67d877d9-ecd0-4b7d-838e-89aa2c4103c0: start LeaderElection
2019-10-18 12:32:56,393 [67d877d9-ecd0-4b7d-838e-89aa2c4103c0@group-A09C527D8C6F-LeaderElection250] INFO  impl.LeaderElection (LeaderElection.java:askForVotes(178)) - 67d877d9-ecd0-4b7d-838e-89aa2c4103c0@group-A09C527D8C6F-LeaderElection250: begin an election at term 300 for -1: [c39ba312-e57f-4b8c-998e-32538a6d88da:192.168.34.56:44039, 67d877d9-ecd0-4b7d-838e-89aa2c4103c0:192.168.34.56:33816, 6af5dfc0-d4d0-48db-9aa9-c45e51549e54:192.168.34.56:32981], old=null
2019-10-18 12:32:56,395 [grpc-default-executor-5] INFO  impl.RaftServerImpl (RaftServerImpl.java:setRole(184)) - c39ba312-e57f-4b8c-998e-32538a6d88da@group-A09C527D8C6F: changes role from  FOLLOWER to FOLLOWER at term 300 for recognizeCandidate:67d877d9-ecd0-4b7d-838e-89aa2c4103c0
2019-10-18 12:32:56,395 [grpc-default-executor-5] INFO  impl.RoleInfo (RoleInfo.java:shutdownFollowerState(121)) - c39ba312-e57f-4b8c-998e-32538a6d88da: shutdown FollowerState
2019-10-18 12:32:56,395 [grpc-default-executor-3] INFO  impl.RaftServerImpl (RaftServerImpl.java:setRole(184)) - 6af5dfc0-d4d0-48db-9aa9-c45e51549e54@group-A09C527D8C6F: changes role from  FOLLOWER to FOLLOWER at term 300 for recognizeCandidate:67d877d9-ecd0-4b7d-838e-89aa2c4103c0
2019-10-18 12:32:56,395 [grpc-default-executor-5] INFO  impl.RoleInfo (RoleInfo.java:updateAndGet(143)) - c39ba312-e57f-4b8c-998e-32538a6d88da: start FollowerState
2019-10-18 12:32:56,395 [Thread-2054] INFO  impl.FollowerState (FollowerState.java:run(117)) - c39ba312-e57f-4b8c-998e-32538a6d88da@group-A09C527D8C6F-FollowerState was interrupted: java.lang.InterruptedException: sleep interrupted
2019-10-18 12:32:56,395 [grpc-default-executor-3] INFO  impl.RoleInfo (RoleInfo.java:shutdownFollowerState(121)) - 6af5dfc0-d4d0-48db-9aa9-c45e51549e54: shutdown FollowerState
2019-10-18 12:32:56,395 [grpc-default-executor-3] INFO  impl.RoleInfo (RoleInfo.java:updateAndGet(143)) - 6af5dfc0-d4d0-48db-9aa9-c45e51549e54: start FollowerState
2019-10-18 12:32:56,396 [Thread-2053] INFO  impl.FollowerState (FollowerState.java:run(117)) - 6af5dfc0-d4d0-48db-9aa9-c45e51549e54@group-A09C527D8C6F-FollowerState was interrupted: java.lang.InterruptedException: sleep interrupted
2019-10-18 12:32:56,419 [67d877d9-ecd0-4b7d-838e-89aa2c4103c0@group-A09C527D8C6F-LeaderElection250] INFO  impl.LeaderElection (LeaderElection.java:logAndReturn(56)) - 67d877d9-ecd0-4b7d-838e-89aa2c4103c0@group-A09C527D8C6F-LeaderElection250: Election REJECTED; received 2 response(s) [67d877d9-ecd0-4b7d-838e-89aa2c4103c0<-c39ba312-e57f-4b8c-998e-32538a6d88da#0:FAIL-t300, 67d877d9-ecd0-4b7d-838e-89aa2c4103c0<-6af5dfc0-d4d0-48db-9aa9-c45e51549e54#0:FAIL-t300] and 0 exception(s); 67d877d9-ecd0-4b7d-838e-89aa2c4103c0@group-A09C527D8C6F:t300, leader=null, voted=67d877d9-ecd0-4b7d-838e-89aa2c4103c0, raftlog=67d877d9-ecd0-4b7d-838e-89aa2c4103c0@group-A09C527D8C6F-SegmentedRaftLog:OPENED:c-1,f-1,i0, conf=-1: [c39ba312-e57f-4b8c-998e-32538a6d88da:192.168.34.56:44039, 67d877d9-ecd0-4b7d-838e-89aa2c4103c0:192.168.34.56:33816, 6af5dfc0-d4d0-48db-9aa9-c45e51549e54:192.168.34.56:32981], old=null
2019-10-18 12:32:56,419 [67d877d9-ecd0-4b7d-838e-89aa2c4103c0@group-A09C527D8C6F-LeaderElection250] INFO  impl.RaftServerImpl (RaftServerImpl.java:setRole(184)) - 67d877d9-ecd0-4b7d-838e-89aa2c4103c0@group-A09C527D8C6F: changes role from CANDIDATE to FOLLOWER at term 300 for DISCOVERED_A_NEW_TERM
2019-10-18 12:32:56,419 [67d877d9-ecd0-4b7d-838e-89aa2c4103c0@group-A09C527D8C6F-LeaderElection250] INFO  impl.RoleInfo (RoleInfo.java:shutdownLeaderElection(134)) - 67d877d9-ecd0-4b7d-838e-89aa2c4103c0: shutdown LeaderElection
2019-10-18 12:32:56,420 [67d877d9-ecd0-4b7d-838e-89aa2c4103c0@group-A09C527D8C6F-LeaderElection250] INFO  impl.RoleInfo (RoleInfo.java:updateAndGet(143)) - 67d877d9-ecd0-4b7d-838e-89aa2c4103c0: start FollowerState
2019-10-18 12:32:56,549 [Thread-2061] INFO  impl.FollowerState (FollowerState.java:run(108)) - 67d877d9-ecd0-4b7d-838e-89aa2c4103c0@group-A09C527D8C6F-FollowerState: change to CANDIDATE, lastRpcTime:129ms, electionTimeout:129ms
2019-10-18 12:32:56,549 [Thread-2061] INFO  impl.RoleInfo (RoleInfo.java:shutdownFollowerState(121)) - 67d877d9-ecd0-4b7d-838e-89aa2c4103c0: shutdown FollowerState
2019-10-18 12:32:56,550 [Thread-2061] INFO  impl.RaftServerImpl (RaftServerImpl.java:setRole(184)) - 67d877d9-ecd0-4b7d-838e-89aa2c4103c0@group-A09C527D8C6F: changes role from  FOLLOWER to CANDIDATE at term 300 for changeToCandidate
2019-10-18 12:32:56,550 [Thread-2061] INFO  impl.RoleInfo (RoleInfo.java:updateAndGet(143)) - 67d877d9-ecd0-4b7d-838e-89aa2c4103c0: start LeaderElection
2019-10-18 12:32:56,577 [67d877d9-ecd0-4b7d-838e-89aa2c4103c0@group-A09C527D8C6F-LeaderElection251] INFO  impl.LeaderElection (LeaderElection.java:askForVotes(178)) - 67d877d9-ecd0-4b7d-838e-89aa2c4103c0@group-A09C527D8C6F-LeaderElection251: begin an election at term 301 for -1: [c39ba312-e57f-4b8c-998e-32538a6d88da:192.168.34.56:44039, 67d877d9-ecd0-4b7d-838e-89aa2c4103c0:192.168.34.56:33816, 6af5dfc0-d4d0-48db-9aa9-c45e51549e54:192.168.34.56:32981], old=null
2019-10-18 12:32:56,579 [grpc-default-executor-3] INFO  impl.RaftServerImpl (RaftServerImpl.java:setRole(184)) - 6af5dfc0-d4d0-48db-9aa9-c45e51549e54@group-A09C527D8C6F: changes role from  FOLLOWER to FOLLOWER at term 301 for recognizeCandidate:67d877d9-ecd0-4b7d-838e-89aa2c4103c0
2019-10-18 12:32:56,579 [grpc-default-executor-5] INFO  impl.RaftServerImpl (RaftServerImpl.java:setRole(184)) - c39ba312-e57f-4b8c-998e-32538a6d88da@group-A09C527D8C6F: changes role from  FOLLOWER to FOLLOWER at term 301 for recognizeCandidate:67d877d9-ecd0-4b7d-838e-89aa2c4103c0
2019-10-18 12:32:56,579 [grpc-default-executor-3] INFO  impl.RoleInfo (RoleInfo.java:shutdownFollowerState(121)) - 6af5dfc0-d4d0-48db-9aa9-c45e51549e54: shutdown FollowerState
2019-10-18 12:32:56,579 [grpc-default-executor-5] INFO  impl.RoleInfo (RoleInfo.java:shutdownFollowerState(121)) - c39ba312-e57f-4b8c-998e-32538a6d88da: shutdown FollowerState
2019-10-18 12:32:56,580 [Thread-2060] INFO  impl.FollowerState (FollowerState.java:run(117)) - 6af5dfc0-d4d0-48db-9aa9-c45e51549e54@group-A09C527D8C6F-FollowerState was interrupted: java.lang.InterruptedException: sleep interrupted
2019-10-18 12:32:56,579 [grpc-default-executor-3] INFO  impl.RoleInfo (RoleInfo.java:updateAndGet(143)) - 6af5dfc0-d4d0-48db-9aa9-c45e51549e54: start FollowerState
2019-10-18 12:32:56,580 [Thread-2059] INFO  impl.FollowerState (FollowerState.java:run(117)) - c39ba312-e57f-4b8c-998e-32538a6d88da@group-A09C527D8C6F-FollowerState was interrupted: java.lang.InterruptedException: sleep interrupted
2019-10-18 12:32:56,580 [grpc-default-executor-5] INFO  impl.RoleInfo (RoleInfo.java:updateAndGet(143)) - c39ba312-e57f-4b8c-998e-32538a6d88da: start FollowerState
2019-10-18 12:32:56,603 [67d877d9-ecd0-4b7d-838e-89aa2c4103c0@group-A09C527D8C6F-LeaderElection251] INFO  impl.LeaderElection (LeaderElection.java:logAndReturn(56)) - 67d877d9-ecd0-4b7d-838e-89aa2c4103c0@group-A09C527D8C6F-LeaderElection251: Election REJECTED; received 2 response(s) [67d877d9-ecd0-4b7d-838e-89aa2c4103c0<-c39ba312-e57f-4b8c-998e-32538a6d88da#0:FAIL-t301, 67d877d9-ecd0-4b7d-838e-89aa2c4103c0<-6af5dfc0-d4d0-48db-9aa9-c45e51549e54#0:FAIL-t301] and 0 exception(s); 67d877d9-ecd0-4b7d-838e-89aa2c4103c0@group-A09C527D8C6F:t301, leader=null, voted=67d877d9-ecd0-4b7d-838e-89aa2c4103c0, raftlog=67d877d9-ecd0-4b7d-838e-89aa2c4103c0@group-A09C527D8C6F-SegmentedRaftLog:OPENED:c-1,f-1,i0, conf=-1: [c39ba312-e57f-4b8c-998e-32538a6d88da:192.168.34.56:44039, 67d877d9-ecd0-4b7d-838e-89aa2c4103c0:192.168.34.56:33816, 6af5dfc0-d4d0-48db-9aa9-c45e51549e54:192.168.34.56:32981], old=null
2019-10-18 12:32:56,603 [67d877d9-ecd0-4b7d-838e-89aa2c4103c0@group-A09C527D8C6F-LeaderElection251] INFO  impl.RaftServerImpl (RaftServerImpl.java:setRole(184)) - 67d877d9-ecd0-4b7d-838e-89aa2c4103c0@group-A09C527D8C6F: changes role from CANDIDATE to FOLLOWER at term 301 for DISCOVERED_A_NEW_TERM
2019-10-18 12:32:56,604 [67d877d9-ecd0-4b7d-838e-89aa2c4103c0@group-A09C527D8C6F-LeaderElection251] INFO  impl.RoleInfo (RoleInfo.java:shutdownLeaderElection(134)) - 67d877d9-ecd0-4b7d-838e-89aa2c4103c0: shutdown LeaderElection
2019-10-18 12:32:56,604 [67d877d9-ecd0-4b7d-838e-89aa2c4103c0@group-A09C527D8C6F-LeaderElection251] INFO  impl.RoleInfo (RoleInfo.java:updateAndGet(143)) - 67d877d9-ecd0-4b7d-838e-89aa2c4103c0: start FollowerState
2019-10-18 12:32:56,606 [main] INFO  ozone.MiniOzoneClusterImpl (MiniOzoneClusterImpl.java:shutdown(314)) - Shutting down the Mini Ozone Cluster
2019-10-18 12:32:56,607 [main] INFO  ozone.MiniOzoneClusterImpl (MiniOzoneClusterImpl.java:stop(330)) - Stopping the Mini Ozone Cluster
2019-10-18 12:32:56,607 [main] INFO  ozone.MiniOzoneClusterImpl (MiniOzoneClusterImpl.java:stopOM(400)) - Stopping the OzoneManager
2019-10-18 12:32:56,607 [main] INFO  ipc.Server (Server.java:stop(3082)) - Stopping server on 37445
2019-10-18 12:32:56,620 [IPC Server listener on 37445] INFO  ipc.Server (Server.java:run(1185)) - Stopping IPC Server listener on 37445
2019-10-18 12:32:56,625 [IPC Server Responder] INFO  ipc.Server (Server.java:run(1319)) - Stopping IPC Server Responder
2019-10-18 12:32:56,626 [main] INFO  impl.RaftServerProxy (RaftServerProxy.java:lambda$close$4(314)) - 7c291693-f69f-4356-8469-be1934822de0: close
2019-10-18 12:32:56,628 [main] INFO  impl.RaftServerImpl (RaftServerImpl.java:lambda$shutdown$3(261)) - 7c291693-f69f-4356-8469-be1934822de0@group-C5BA1605619E: shutdown
2019-10-18 12:32:56,629 [main] INFO  util.JmxRegister (JmxRegister.java:unregister(73)) - Successfully un-registered JMX Bean with object name Ratis:service=RaftServer,group=group-C5BA1605619E,id=7c291693-f69f-4356-8469-be1934822de0
2019-10-18 12:32:56,629 [main] INFO  impl.RoleInfo (RoleInfo.java:shutdownLeaderState(104)) - 7c291693-f69f-4356-8469-be1934822de0: shutdown LeaderState
2019-10-18 12:32:56,629 [main] INFO  impl.PendingRequests (PendingRequests.java:sendNotLeaderResponses(202)) - 7c291693-f69f-4356-8469-be1934822de0@group-C5BA1605619E-PendingRequests: sendNotLeaderResponses
2019-10-18 12:32:56,632 [main] INFO  impl.StateMachineUpdater (StateMachineUpdater.java:stopAndJoin(136)) - 7c291693-f69f-4356-8469-be1934822de0@group-C5BA1605619E-StateMachineUpdater: set stopIndex = 6
2019-10-18 12:32:56,633 [7c291693-f69f-4356-8469-be1934822de0@group-C5BA1605619E-StateMachineUpdater] INFO  ratis.OzoneManagerStateMachine (OzoneManagerStateMachine.java:takeSnapshot(254)) - Saving Ratis snapshot on the OM.
2019-10-18 12:32:56,640 [7c291693-f69f-4356-8469-be1934822de0@group-C5BA1605619E-StateMachineUpdater] INFO  ratis.OMRatisSnapshotInfo (OMRatisSnapshotInfo.java:saveRatisSnapshotToDisk(107)) - Saved Ratis Snapshot on the OM with snapshotIndex 5
2019-10-18 12:32:56,643 [7c291693-f69f-4356-8469-be1934822de0@group-C5BA1605619E-StateMachineUpdater] INFO  impl.StateMachineUpdater (StateMachineUpdater.java:takeSnapshot(269)) - 7c291693-f69f-4356-8469-be1934822de0@group-C5BA1605619E-StateMachineUpdater: Took a snapshot at index 5
2019-10-18 12:32:56,644 [7c291693-f69f-4356-8469-be1934822de0@group-C5BA1605619E-StateMachineUpdater] INFO  impl.StateMachineUpdater (StateMachineUpdater.java:lambda$new$0(84)) - 7c291693-f69f-4356-8469-be1934822de0@group-C5BA1605619E-StateMachineUpdater: snapshotIndex: updateIncreasingly -1 -> 5
2019-10-18 12:32:56,648 [7c291693-f69f-4356-8469-be1934822de0@group-C5BA1605619E-StateMachineUpdater] INFO  ratis.OzoneManagerStateMachine (OzoneManagerStateMachine.java:takeSnapshot(254)) - Saving Ratis snapshot on the OM.
2019-10-18 12:32:56,649 [7c291693-f69f-4356-8469-be1934822de0@group-C5BA1605619E-StateMachineUpdater] INFO  ratis.OMRatisSnapshotInfo (OMRatisSnapshotInfo.java:saveRatisSnapshotToDisk(107)) - Saved Ratis Snapshot on the OM with snapshotIndex 5
2019-10-18 12:32:56,649 [7c291693-f69f-4356-8469-be1934822de0@group-C5BA1605619E-StateMachineUpdater] INFO  impl.StateMachineUpdater (StateMachineUpdater.java:takeSnapshot(269)) - 7c291693-f69f-4356-8469-be1934822de0@group-C5BA1605619E-StateMachineUpdater: Took a snapshot at index 5
2019-10-18 12:32:56,649 [7c291693-f69f-4356-8469-be1934822de0@group-C5BA1605619E-StateMachineUpdater] INFO  impl.StateMachineUpdater (StateMachineUpdater.java:lambda$new$0(84)) - 7c291693-f69f-4356-8469-be1934822de0@group-C5BA1605619E-StateMachineUpdater: snapshotIndex: updateIncreasingly 5 -> 5
2019-10-18 12:32:56,650 [main] INFO  impl.RaftServerImpl (ServerState.java:close(388)) - 7c291693-f69f-4356-8469-be1934822de0@group-C5BA1605619E: closes. applyIndex: 6
2019-10-18 12:32:56,652 [7c291693-f69f-4356-8469-be1934822de0@group-C5BA1605619E-SegmentedRaftLogWorker] INFO  segmented.SegmentedRaftLogWorker (SegmentedRaftLogWorker.java:run(316)) - 7c291693-f69f-4356-8469-be1934822de0@group-C5BA1605619E-SegmentedRaftLogWorker was interrupted, exiting. There are 0 tasks remaining in the queue.
2019-10-18 12:32:56,653 [main] INFO  segmented.SegmentedRaftLogWorker (SegmentedRaftLogWorker.java:close(224)) - 7c291693-f69f-4356-8469-be1934822de0@group-C5BA1605619E-SegmentedRaftLogWorker close()
2019-10-18 12:32:56,655 [main] INFO  server.GrpcService (GrpcService.java:closeImpl(164)) - 7c291693-f69f-4356-8469-be1934822de0: shutdown server with port 9872 now
2019-10-18 12:32:56,657 [main] INFO  server.GrpcService (GrpcService.java:closeImpl(172)) - 7c291693-f69f-4356-8469-be1934822de0: shutdown server with port 9872 successfully
2019-10-18 12:32:56,657 [main] INFO  ratis.OzoneManagerDoubleBuffer (OzoneManagerDoubleBuffer.java:stop(250)) - Stopping OMDoubleBuffer flush thread
2019-10-18 12:32:56,657 [OMDoubleBufferFlushThread] INFO  ratis.OzoneManagerDoubleBuffer (OzoneManagerDoubleBuffer.java:flushTransactions(193)) - OMDoubleBuffer flush thread OMDoubleBufferFlushThread is interrupted and will exit. OMDoubleBufferFlushThread
2019-10-18 12:32:56,659 [main] INFO  utils.BackgroundService (BackgroundService.java:shutdown(151)) - Shutting down service KeyDeletingService
2019-10-18 12:32:56,663 [main] INFO  handler.ContextHandler (ContextHandler.java:doStop(910)) - Stopped o.e.j.w.WebAppContext@5633dafd{/,null,UNAVAILABLE}{/ozoneManager}
2019-10-18 12:32:56,669 [main] INFO  server.AbstractConnector (AbstractConnector.java:doStop(318)) - Stopped ServerConnector@5d5160e6{HTTP/1.1,[http/1.1]}{0.0.0.0:0}
2019-10-18 12:32:56,670 [main] INFO  handler.ContextHandler (ContextHandler.java:doStop(910)) - Stopped o.e.j.s.ServletContextHandler@2caa5d7c{/static,file:///workdir/hadoop-ozone/integration-test/target/test-classes/webapps/static,UNAVAILABLE}
2019-10-18 12:32:56,670 [main] INFO  handler.ContextHandler (ContextHandler.java:doStop(910)) - Stopped o.e.j.s.ServletContextHandler@5fe7f967{/logs,file:///workdir/hadoop-ozone/integration-test/target/log,UNAVAILABLE}
2019-10-18 12:32:56,675 [main] INFO  ozone.MiniOzoneClusterImpl (MiniOzoneClusterImpl.java:stopDatanodes(377)) - Stopping the HddsDatanodes
2019-10-18 12:32:56,717 [Thread-2069] INFO  impl.FollowerState (FollowerState.java:run(108)) - 67d877d9-ecd0-4b7d-838e-89aa2c4103c0@group-A09C527D8C6F-FollowerState: change to CANDIDATE, lastRpcTime:113ms, electionTimeout:113ms
2019-10-18 12:32:56,717 [Thread-2069] INFO  impl.RoleInfo (RoleInfo.java:shutdownFollowerState(121)) - 67d877d9-ecd0-4b7d-838e-89aa2c4103c0: shutdown FollowerState
2019-10-18 12:32:56,717 [Thread-2069] INFO  impl.RaftServerImpl (RaftServerImpl.java:setRole(184)) - 67d877d9-ecd0-4b7d-838e-89aa2c4103c0@group-A09C527D8C6F: changes role from  FOLLOWER to CANDIDATE at term 301 for changeToCandidate
2019-10-18 12:32:56,718 [Thread-2069] INFO  impl.RoleInfo (RoleInfo.java:updateAndGet(143)) - 67d877d9-ecd0-4b7d-838e-89aa2c4103c0: start LeaderElection
2019-10-18 12:32:56,745 [67d877d9-ecd0-4b7d-838e-89aa2c4103c0@group-A09C527D8C6F-LeaderElection252] INFO  impl.LeaderElection (LeaderElection.java:askForVotes(178)) - 67d877d9-ecd0-4b7d-838e-89aa2c4103c0@group-A09C527D8C6F-LeaderElection252: begin an election at term 302 for -1: [c39ba312-e57f-4b8c-998e-32538a6d88da:192.168.34.56:44039, 67d877d9-ecd0-4b7d-838e-89aa2c4103c0:192.168.34.56:33816, 6af5dfc0-d4d0-48db-9aa9-c45e51549e54:192.168.34.56:32981], old=null
2019-10-18 12:32:56,746 [67d877d9-ecd0-4b7d-838e-89aa2c4103c0@group-A09C527D8C6F-LeaderElection252] INFO  impl.LeaderElection (LeaderElection.java:logAndReturn(56)) - 67d877d9-ecd0-4b7d-838e-89aa2c4103c0@group-A09C527D8C6F-LeaderElection252: Election TIMEOUT; received 0 response(s) [] and 0 exception(s); 67d877d9-ecd0-4b7d-838e-89aa2c4103c0@group-A09C527D8C6F:t302, leader=null, voted=67d877d9-ecd0-4b7d-838e-89aa2c4103c0, raftlog=67d877d9-ecd0-4b7d-838e-89aa2c4103c0@group-A09C527D8C6F-SegmentedRaftLog:OPENED:c-1,f-1,i0, conf=-1: [c39ba312-e57f-4b8c-998e-32538a6d88da:192.168.34.56:44039, 67d877d9-ecd0-4b7d-838e-89aa2c4103c0:192.168.34.56:33816, 6af5dfc0-d4d0-48db-9aa9-c45e51549e54:192.168.34.56:32981], old=null
2019-10-18 12:32:56,747 [grpc-default-executor-5] INFO  impl.RaftServerImpl (RaftServerImpl.java:setRole(184)) - c39ba312-e57f-4b8c-998e-32538a6d88da@group-A09C527D8C6F: changes role from  FOLLOWER to FOLLOWER at term 302 for recognizeCandidate:67d877d9-ecd0-4b7d-838e-89aa2c4103c0
2019-10-18 12:32:56,747 [grpc-default-executor-3] INFO  impl.RaftServerImpl (RaftServerImpl.java:setRole(184)) - 6af5dfc0-d4d0-48db-9aa9-c45e51549e54@group-A09C527D8C6F: changes role from  FOLLOWER to FOLLOWER at term 302 for recognizeCandidate:67d877d9-ecd0-4b7d-838e-89aa2c4103c0
2019-10-18 12:32:56,747 [grpc-default-executor-5] INFO  impl.RoleInfo (RoleInfo.java:shutdownFollowerState(121)) - c39ba312-e57f-4b8c-998e-32538a6d88da: shutdown FollowerState
2019-10-18 12:32:56,747 [grpc-default-executor-3] INFO  impl.RoleInfo (RoleInfo.java:shutdownFollowerState(121)) - 6af5dfc0-d4d0-48db-9aa9-c45e51549e54: shutdown FollowerState
2019-10-18 12:32:56,747 [Thread-2068] INFO  impl.FollowerState (FollowerState.java:run(117)) - c39ba312-e57f-4b8c-998e-32538a6d88da@group-A09C527D8C6F-FollowerState was interrupted: java.lang.InterruptedException: sleep interrupted
2019-10-18 12:32:56,747 [grpc-default-executor-5] INFO  impl.RoleInfo (RoleInfo.java:updateAndGet(143)) - c39ba312-e57f-4b8c-998e-32538a6d88da: start FollowerState
2019-10-18 12:32:56,747 [Thread-2067] INFO  impl.FollowerState (FollowerState.java:run(117)) - 6af5dfc0-d4d0-48db-9aa9-c45e51549e54@group-A09C527D8C6F-FollowerState was interrupted: java.lang.InterruptedException: sleep interrupted
2019-10-18 12:32:56,747 [grpc-default-executor-3] INFO  impl.RoleInfo (RoleInfo.java:updateAndGet(143)) - 6af5dfc0-d4d0-48db-9aa9-c45e51549e54: start FollowerState
2019-10-18 12:32:56,770 [67d877d9-ecd0-4b7d-838e-89aa2c4103c0@group-A09C527D8C6F-LeaderElection252] INFO  impl.LeaderElection (LeaderElection.java:askForVotes(178)) - 67d877d9-ecd0-4b7d-838e-89aa2c4103c0@group-A09C527D8C6F-LeaderElection252: begin an election at term 303 for -1: [c39ba312-e57f-4b8c-998e-32538a6d88da:192.168.34.56:44039, 67d877d9-ecd0-4b7d-838e-89aa2c4103c0:192.168.34.56:33816, 6af5dfc0-d4d0-48db-9aa9-c45e51549e54:192.168.34.56:32981], old=null
2019-10-18 12:32:56,772 [grpc-default-executor-5] INFO  impl.RaftServerImpl (RaftServerImpl.java:setRole(184)) - c39ba312-e57f-4b8c-998e-32538a6d88da@group-A09C527D8C6F: changes role from  FOLLOWER to FOLLOWER at term 303 for recognizeCandidate:67d877d9-ecd0-4b7d-838e-89aa2c4103c0
2019-10-18 12:32:56,772 [grpc-default-executor-5] INFO  impl.RoleInfo (RoleInfo.java:shutdownFollowerState(121)) - c39ba312-e57f-4b8c-998e-32538a6d88da: shutdown FollowerState
2019-10-18 12:32:56,772 [grpc-default-executor-3] INFO  impl.RaftServerImpl (RaftServerImpl.java:setRole(184)) - 6af5dfc0-d4d0-48db-9aa9-c45e51549e54@group-A09C527D8C6F: changes role from  FOLLOWER to FOLLOWER at term 303 for recognizeCandidate:67d877d9-ecd0-4b7d-838e-89aa2c4103c0
2019-10-18 12:32:56,772 [Thread-2074] INFO  impl.FollowerState (FollowerState.java:run(117)) - c39ba312-e57f-4b8c-998e-32538a6d88da@group-A09C527D8C6F-FollowerState was interrupted: java.lang.InterruptedException: sleep interrupted
2019-10-18 12:32:56,772 [grpc-default-executor-5] INFO  impl.RoleInfo (RoleInfo.java:updateAndGet(143)) - c39ba312-e57f-4b8c-998e-32538a6d88da: start FollowerState
2019-10-18 12:32:56,772 [grpc-default-executor-3] INFO  impl.RoleInfo (RoleInfo.java:shutdownFollowerState(121)) - 6af5dfc0-d4d0-48db-9aa9-c45e51549e54: shutdown FollowerState
2019-10-18 12:32:56,773 [grpc-default-executor-3] INFO  impl.RoleInfo (RoleInfo.java:updateAndGet(143)) - 6af5dfc0-d4d0-48db-9aa9-c45e51549e54: start FollowerState
2019-10-18 12:32:56,773 [Thread-2075] INFO  impl.FollowerState (FollowerState.java:run(117)) - 6af5dfc0-d4d0-48db-9aa9-c45e51549e54@group-A09C527D8C6F-FollowerState was interrupted: java.lang.InterruptedException: sleep interrupted
2019-10-18 12:32:56,800 [67d877d9-ecd0-4b7d-838e-89aa2c4103c0@group-A09C527D8C6F-LeaderElection252] INFO  impl.LeaderElection (LeaderElection.java:logAndReturn(56)) - 67d877d9-ecd0-4b7d-838e-89aa2c4103c0@group-A09C527D8C6F-LeaderElection252: Election REJECTED; received 2 response(s) [67d877d9-ecd0-4b7d-838e-89aa2c4103c0<-c39ba312-e57f-4b8c-998e-32538a6d88da#0:FAIL-t303, 67d877d9-ecd0-4b7d-838e-89aa2c4103c0<-6af5dfc0-d4d0-48db-9aa9-c45e51549e54#0:FAIL-t303] and 0 exception(s); 67d877d9-ecd0-4b7d-838e-89aa2c4103c0@group-A09C527D8C6F:t303, leader=null, voted=67d877d9-ecd0-4b7d-838e-89aa2c4103c0, raftlog=67d877d9-ecd0-4b7d-838e-89aa2c4103c0@group-A09C527D8C6F-SegmentedRaftLog:OPENED:c-1,f-1,i0, conf=-1: [c39ba312-e57f-4b8c-998e-32538a6d88da:192.168.34.56:44039, 67d877d9-ecd0-4b7d-838e-89aa2c4103c0:192.168.34.56:33816, 6af5dfc0-d4d0-48db-9aa9-c45e51549e54:192.168.34.56:32981], old=null
2019-10-18 12:32:56,800 [67d877d9-ecd0-4b7d-838e-89aa2c4103c0@group-A09C527D8C6F-LeaderElection252] INFO  impl.RaftServerImpl (RaftServerImpl.java:setRole(184)) - 67d877d9-ecd0-4b7d-838e-89aa2c4103c0@group-A09C527D8C6F: changes role from CANDIDATE to FOLLOWER at term 303 for DISCOVERED_A_NEW_TERM
2019-10-18 12:32:56,800 [67d877d9-ecd0-4b7d-838e-89aa2c4103c0@group-A09C527D8C6F-LeaderElection252] INFO  impl.RoleInfo (RoleInfo.java:shutdownLeaderElection(134)) - 67d877d9-ecd0-4b7d-838e-89aa2c4103c0: shutdown LeaderElection
2019-10-18 12:32:56,801 [67d877d9-ecd0-4b7d-838e-89aa2c4103c0@group-A09C527D8C6F-LeaderElection252] INFO  impl.RoleInfo (RoleInfo.java:updateAndGet(143)) - 67d877d9-ecd0-4b7d-838e-89aa2c4103c0: start FollowerState
2019-10-18 12:32:56,920 [Thread-2080] INFO  impl.FollowerState (FollowerState.java:run(108)) - 67d877d9-ecd0-4b7d-838e-89aa2c4103c0@group-A09C527D8C6F-FollowerState: change to CANDIDATE, lastRpcTime:119ms, electionTimeout:119ms
2019-10-18 12:32:56,920 [Thread-2080] INFO  impl.RoleInfo (RoleInfo.java:shutdownFollowerState(121)) - 67d877d9-ecd0-4b7d-838e-89aa2c4103c0: shutdown FollowerState
2019-10-18 12:32:56,920 [Thread-2080] INFO  impl.RaftServerImpl (RaftServerImpl.java:setRole(184)) - 67d877d9-ecd0-4b7d-838e-89aa2c4103c0@group-A09C527D8C6F: changes role from  FOLLOWER to CANDIDATE at term 303 for changeToCandidate
2019-10-18 12:32:56,920 [Thread-2080] INFO  impl.RoleInfo (RoleInfo.java:updateAndGet(143)) - 67d877d9-ecd0-4b7d-838e-89aa2c4103c0: start LeaderElection
2019-10-18 12:32:56,964 [67d877d9-ecd0-4b7d-838e-89aa2c4103c0@group-A09C527D8C6F-LeaderElection253] INFO  impl.LeaderElection (LeaderElection.java:askForVotes(178)) - 67d877d9-ecd0-4b7d-838e-89aa2c4103c0@group-A09C527D8C6F-LeaderElection253: begin an election at term 304 for -1: [c39ba312-e57f-4b8c-998e-32538a6d88da:192.168.34.56:44039, 67d877d9-ecd0-4b7d-838e-89aa2c4103c0:192.168.34.56:33816, 6af5dfc0-d4d0-48db-9aa9-c45e51549e54:192.168.34.56:32981], old=null
2019-10-18 12:32:56,966 [grpc-default-executor-5] INFO  impl.RaftServerImpl (RaftServerImpl.java:setRole(184)) - c39ba312-e57f-4b8c-998e-32538a6d88da@group-A09C527D8C6F: changes role from  FOLLOWER to FOLLOWER at term 304 for recognizeCandidate:67d877d9-ecd0-4b7d-838e-89aa2c4103c0
2019-10-18 12:32:56,966 [grpc-default-executor-1] INFO  impl.RaftServerImpl (RaftServerImpl.java:setRole(184)) - 6af5dfc0-d4d0-48db-9aa9-c45e51549e54@group-A09C527D8C6F: changes role from  FOLLOWER to FOLLOWER at term 304 for recognizeCandidate:67d877d9-ecd0-4b7d-838e-89aa2c4103c0
2019-10-18 12:32:56,966 [grpc-default-executor-1] INFO  impl.RoleInfo (RoleInfo.java:shutdownFollowerState(121)) - 6af5dfc0-d4d0-48db-9aa9-c45e51549e54: shutdown FollowerState
2019-10-18 12:32:56,966 [grpc-default-executor-5] INFO  impl.RoleInfo (RoleInfo.java:shutdownFollowerState(121)) - c39ba312-e57f-4b8c-998e-32538a6d88da: shutdown FollowerState
2019-10-18 12:32:56,966 [Thread-2079] INFO  impl.FollowerState (FollowerState.java:run(117)) - 6af5dfc0-d4d0-48db-9aa9-c45e51549e54@group-A09C527D8C6F-FollowerState was interrupted: java.lang.InterruptedException: sleep interrupted
2019-10-18 12:32:56,967 [Thread-2078] INFO  impl.FollowerState (FollowerState.java:run(117)) - c39ba312-e57f-4b8c-998e-32538a6d88da@group-A09C527D8C6F-FollowerState was interrupted: java.lang.InterruptedException: sleep interrupted
2019-10-18 12:32:56,966 [grpc-default-executor-1] INFO  impl.RoleInfo (RoleInfo.java:updateAndGet(143)) - 6af5dfc0-d4d0-48db-9aa9-c45e51549e54: start FollowerState
2019-10-18 12:32:56,967 [grpc-default-executor-5] INFO  impl.RoleInfo (RoleInfo.java:updateAndGet(143)) - c39ba312-e57f-4b8c-998e-32538a6d88da: start FollowerState
2019-10-18 12:32:56,990 [67d877d9-ecd0-4b7d-838e-89aa2c4103c0@group-A09C527D8C6F-LeaderElection253] INFO  impl.LeaderElection (LeaderElection.java:logAndReturn(56)) - 67d877d9-ecd0-4b7d-838e-89aa2c4103c0@group-A09C527D8C6F-LeaderElection253: Election REJECTED; received 2 response(s) [67d877d9-ecd0-4b7d-838e-89aa2c4103c0<-c39ba312-e57f-4b8c-998e-32538a6d88da#0:FAIL-t304, 67d877d9-ecd0-4b7d-838e-89aa2c4103c0<-6af5dfc0-d4d0-48db-9aa9-c45e51549e54#0:FAIL-t304] and 0 exception(s); 67d877d9-ecd0-4b7d-838e-89aa2c4103c0@group-A09C527D8C6F:t304, leader=null, voted=67d877d9-ecd0-4b7d-838e-89aa2c4103c0, raftlog=67d877d9-ecd0-4b7d-838e-89aa2c4103c0@group-A09C527D8C6F-SegmentedRaftLog:OPENED:c-1,f-1,i0, conf=-1: [c39ba312-e57f-4b8c-998e-32538a6d88da:192.168.34.56:44039, 67d877d9-ecd0-4b7d-838e-89aa2c4103c0:192.168.34.56:33816, 6af5dfc0-d4d0-48db-9aa9-c45e51549e54:192.168.34.56:32981], old=null
2019-10-18 12:32:56,990 [67d877d9-ecd0-4b7d-838e-89aa2c4103c0@group-A09C527D8C6F-LeaderElection253] INFO  impl.RaftServerImpl (RaftServerImpl.java:setRole(184)) - 67d877d9-ecd0-4b7d-838e-89aa2c4103c0@group-A09C527D8C6F: changes role from CANDIDATE to FOLLOWER at term 304 for DISCOVERED_A_NEW_TERM
2019-10-18 12:32:56,990 [67d877d9-ecd0-4b7d-838e-89aa2c4103c0@group-A09C527D8C6F-LeaderElection253] INFO  impl.RoleInfo (RoleInfo.java:shutdownLeaderElection(134)) - 67d877d9-ecd0-4b7d-838e-89aa2c4103c0: shutdown LeaderElection
2019-10-18 12:32:56,990 [67d877d9-ecd0-4b7d-838e-89aa2c4103c0@group-A09C527D8C6F-LeaderElection253] INFO  impl.RoleInfo (RoleInfo.java:updateAndGet(143)) - 67d877d9-ecd0-4b7d-838e-89aa2c4103c0: start FollowerState
2019-10-18 12:32:57,073 [Thread-2086] INFO  impl.FollowerState (FollowerState.java:run(108)) - 67d877d9-ecd0-4b7d-838e-89aa2c4103c0@group-A09C527D8C6F-FollowerState: change to CANDIDATE, lastRpcTime:82ms, electionTimeout:82ms
2019-10-18 12:32:57,073 [Thread-2086] INFO  impl.RoleInfo (RoleInfo.java:shutdownFollowerState(121)) - 67d877d9-ecd0-4b7d-838e-89aa2c4103c0: shutdown FollowerState
2019-10-18 12:32:57,073 [Thread-2086] INFO  impl.RaftServerImpl (RaftServerImpl.java:setRole(184)) - 67d877d9-ecd0-4b7d-838e-89aa2c4103c0@group-A09C527D8C6F: changes role from  FOLLOWER to CANDIDATE at term 304 for changeToCandidate
2019-10-18 12:32:57,073 [Thread-2086] INFO  impl.RoleInfo (RoleInfo.java:updateAndGet(143)) - 67d877d9-ecd0-4b7d-838e-89aa2c4103c0: start LeaderElection
2019-10-18 12:32:57,098 [67d877d9-ecd0-4b7d-838e-89aa2c4103c0@group-A09C527D8C6F-LeaderElection254] INFO  impl.LeaderElection (LeaderElection.java:askForVotes(178)) - 67d877d9-ecd0-4b7d-838e-89aa2c4103c0@group-A09C527D8C6F-LeaderElection254: begin an election at term 305 for -1: [c39ba312-e57f-4b8c-998e-32538a6d88da:192.168.34.56:44039, 67d877d9-ecd0-4b7d-838e-89aa2c4103c0:192.168.34.56:33816, 6af5dfc0-d4d0-48db-9aa9-c45e51549e54:192.168.34.56:32981], old=null
2019-10-18 12:32:57,100 [grpc-default-executor-1] INFO  impl.RaftServerImpl (RaftServerImpl.java:setRole(184)) - 6af5dfc0-d4d0-48db-9aa9-c45e51549e54@group-A09C527D8C6F: changes role from  FOLLOWER to FOLLOWER at term 305 for recognizeCandidate:67d877d9-ecd0-4b7d-838e-89aa2c4103c0
2019-10-18 12:32:57,100 [grpc-default-executor-5] INFO  impl.RaftServerImpl (RaftServerImpl.java:setRole(184)) - c39ba312-e57f-4b8c-998e-32538a6d88da@group-A09C527D8C6F: changes role from  FOLLOWER to FOLLOWER at term 305 for recognizeCandidate:67d877d9-ecd0-4b7d-838e-89aa2c4103c0
2019-10-18 12:32:57,100 [grpc-default-executor-5] INFO  impl.RoleInfo (RoleInfo.java:shutdownFollowerState(121)) - c39ba312-e57f-4b8c-998e-32538a6d88da: shutdown FollowerState
2019-10-18 12:32:57,100 [grpc-default-executor-1] INFO  impl.RoleInfo (RoleInfo.java:shutdownFollowerState(121)) - 6af5dfc0-d4d0-48db-9aa9-c45e51549e54: shutdown FollowerState
2019-10-18 12:32:57,100 [Thread-2085] INFO  impl.FollowerState (FollowerState.java:run(117)) - c39ba312-e57f-4b8c-998e-32538a6d88da@group-A09C527D8C6F-FollowerState was interrupted: java.lang.InterruptedException: sleep interrupted
2019-10-18 12:32:57,100 [Thread-2084] INFO  impl.FollowerState (FollowerState.java:run(117)) - 6af5dfc0-d4d0-48db-9aa9-c45e51549e54@group-A09C527D8C6F-FollowerState was interrupted: java.lang.InterruptedException: sleep interrupted
2019-10-18 12:32:57,100 [grpc-default-executor-1] INFO  impl.RoleInfo (RoleInfo.java:updateAndGet(143)) - 6af5dfc0-d4d0-48db-9aa9-c45e51549e54: start FollowerState
2019-10-18 12:32:57,100 [grpc-default-executor-5] INFO  impl.RoleInfo (RoleInfo.java:updateAndGet(143)) - c39ba312-e57f-4b8c-998e-32538a6d88da: start FollowerState
2019-10-18 12:32:57,124 [67d877d9-ecd0-4b7d-838e-89aa2c4103c0@group-A09C527D8C6F-LeaderElection254] INFO  impl.LeaderElection (LeaderElection.java:logAndReturn(56)) - 67d877d9-ecd0-4b7d-838e-89aa2c4103c0@group-A09C527D8C6F-LeaderElection254: Election REJECTED; received 2 response(s) [67d877d9-ecd0-4b7d-838e-89aa2c4103c0<-c39ba312-e57f-4b8c-998e-32538a6d88da#0:FAIL-t305, 67d877d9-ecd0-4b7d-838e-89aa2c4103c0<-6af5dfc0-d4d0-48db-9aa9-c45e51549e54#0:FAIL-t305] and 0 exception(s); 67d877d9-ecd0-4b7d-838e-89aa2c4103c0@group-A09C527D8C6F:t305, leader=null, voted=67d877d9-ecd0-4b7d-838e-89aa2c4103c0, raftlog=67d877d9-ecd0-4b7d-838e-89aa2c4103c0@group-A09C527D8C6F-SegmentedRaftLog:OPENED:c-1,f-1,i0, conf=-1: [c39ba312-e57f-4b8c-998e-32538a6d88da:192.168.34.56:44039, 67d877d9-ecd0-4b7d-838e-89aa2c4103c0:192.168.34.56:33816, 6af5dfc0-d4d0-48db-9aa9-c45e51549e54:192.168.34.56:32981], old=null
2019-10-18 12:32:57,124 [67d877d9-ecd0-4b7d-838e-89aa2c4103c0@group-A09C527D8C6F-LeaderElection254] INFO  impl.RaftServerImpl (RaftServerImpl.java:setRole(184)) - 67d877d9-ecd0-4b7d-838e-89aa2c4103c0@group-A09C527D8C6F: changes role from CANDIDATE to FOLLOWER at term 305 for DISCOVERED_A_NEW_TERM
2019-10-18 12:32:57,124 [67d877d9-ecd0-4b7d-838e-89aa2c4103c0@group-A09C527D8C6F-LeaderElection254] INFO  impl.RoleInfo (RoleInfo.java:shutdownLeaderElection(134)) - 67d877d9-ecd0-4b7d-838e-89aa2c4103c0: shutdown LeaderElection
2019-10-18 12:32:57,124 [67d877d9-ecd0-4b7d-838e-89aa2c4103c0@group-A09C527D8C6F-LeaderElection254] INFO  impl.RoleInfo (RoleInfo.java:updateAndGet(143)) - 67d877d9-ecd0-4b7d-838e-89aa2c4103c0: start FollowerState
2019-10-18 12:32:57,208 [Thread-2092] INFO  impl.FollowerState (FollowerState.java:run(108)) - 67d877d9-ecd0-4b7d-838e-89aa2c4103c0@group-A09C527D8C6F-FollowerState: change to CANDIDATE, lastRpcTime:83ms, electionTimeout:83ms
2019-10-18 12:32:57,208 [Thread-2092] INFO  impl.RoleInfo (RoleInfo.java:shutdownFollowerState(121)) - 67d877d9-ecd0-4b7d-838e-89aa2c4103c0: shutdown FollowerState
2019-10-18 12:32:57,208 [Thread-2092] INFO  impl.RaftServerImpl (RaftServerImpl.java:setRole(184)) - 67d877d9-ecd0-4b7d-838e-89aa2c4103c0@group-A09C527D8C6F: changes role from  FOLLOWER to CANDIDATE at term 305 for changeToCandidate
2019-10-18 12:32:57,208 [Thread-2092] INFO  impl.RoleInfo (RoleInfo.java:updateAndGet(143)) - 67d877d9-ecd0-4b7d-838e-89aa2c4103c0: start LeaderElection
2019-10-18 12:32:57,232 [67d877d9-ecd0-4b7d-838e-89aa2c4103c0@group-A09C527D8C6F-LeaderElection255] INFO  impl.LeaderElection (LeaderElection.java:askForVotes(178)) - 67d877d9-ecd0-4b7d-838e-89aa2c4103c0@group-A09C527D8C6F-LeaderElection255: begin an election at term 306 for -1: [c39ba312-e57f-4b8c-998e-32538a6d88da:192.168.34.56:44039, 67d877d9-ecd0-4b7d-838e-89aa2c4103c0:192.168.34.56:33816, 6af5dfc0-d4d0-48db-9aa9-c45e51549e54:192.168.34.56:32981], old=null
2019-10-18 12:32:57,234 [grpc-default-executor-5] INFO  impl.RaftServerImpl (RaftServerImpl.java:setRole(184)) - c39ba312-e57f-4b8c-998e-32538a6d88da@group-A09C527D8C6F: changes role from  FOLLOWER to FOLLOWER at term 306 for recognizeCandidate:67d877d9-ecd0-4b7d-838e-89aa2c4103c0
2019-10-18 12:32:57,234 [grpc-default-executor-1] INFO  impl.RaftServerImpl (RaftServerImpl.java:setRole(184)) - 6af5dfc0-d4d0-48db-9aa9-c45e51549e54@group-A09C527D8C6F: changes role from  FOLLOWER to FOLLOWER at term 306 for recognizeCandidate:67d877d9-ecd0-4b7d-838e-89aa2c4103c0
2019-10-18 12:32:57,234 [grpc-default-executor-5] INFO  impl.RoleInfo (RoleInfo.java:shutdownFollowerState(121)) - c39ba312-e57f-4b8c-998e-32538a6d88da: shutdown FollowerState
2019-10-18 12:32:57,234 [grpc-default-executor-1] INFO  impl.RoleInfo (RoleInfo.java:shutdownFollowerState(121)) - 6af5dfc0-d4d0-48db-9aa9-c45e51549e54: shutdown FollowerState
2019-10-18 12:32:57,234 [Thread-2090] INFO  impl.FollowerState (FollowerState.java:run(117)) - c39ba312-e57f-4b8c-998e-32538a6d88da@group-A09C527D8C6F-FollowerState was interrupted: java.lang.InterruptedException: sleep interrupted
2019-10-18 12:32:57,234 [Thread-2091] INFO  impl.FollowerState (FollowerState.java:run(117)) - 6af5dfc0-d4d0-48db-9aa9-c45e51549e54@group-A09C527D8C6F-FollowerState was interrupted: java.lang.InterruptedException: sleep interrupted
2019-10-18 12:32:57,234 [grpc-default-executor-5] INFO  impl.RoleInfo (RoleInfo.java:updateAndGet(143)) - c39ba312-e57f-4b8c-998e-32538a6d88da: start FollowerState
2019-10-18 12:32:57,234 [grpc-default-executor-1] INFO  impl.RoleInfo (RoleInfo.java:updateAndGet(143)) - 6af5dfc0-d4d0-48db-9aa9-c45e51549e54: start FollowerState
2019-10-18 12:32:57,258 [67d877d9-ecd0-4b7d-838e-89aa2c4103c0@group-A09C527D8C6F-LeaderElection255] INFO  impl.LeaderElection (LeaderElection.java:logAndReturn(56)) - 67d877d9-ecd0-4b7d-838e-89aa2c4103c0@group-A09C527D8C6F-LeaderElection255: Election REJECTED; received 2 response(s) [67d877d9-ecd0-4b7d-838e-89aa2c4103c0<-c39ba312-e57f-4b8c-998e-32538a6d88da#0:FAIL-t306, 67d877d9-ecd0-4b7d-838e-89aa2c4103c0<-6af5dfc0-d4d0-48db-9aa9-c45e51549e54#0:FAIL-t306] and 0 exception(s); 67d877d9-ecd0-4b7d-838e-89aa2c4103c0@group-A09C527D8C6F:t306, leader=null, voted=67d877d9-ecd0-4b7d-838e-89aa2c4103c0, raftlog=67d877d9-ecd0-4b7d-838e-89aa2c4103c0@group-A09C527D8C6F-SegmentedRaftLog:OPENED:c-1,f-1,i0, conf=-1: [c39ba312-e57f-4b8c-998e-32538a6d88da:192.168.34.56:44039, 67d877d9-ecd0-4b7d-838e-89aa2c4103c0:192.168.34.56:33816, 6af5dfc0-d4d0-48db-9aa9-c45e51549e54:192.168.34.56:32981], old=null
2019-10-18 12:32:57,258 [67d877d9-ecd0-4b7d-838e-89aa2c4103c0@group-A09C527D8C6F-LeaderElection255] INFO  impl.RaftServerImpl (RaftServerImpl.java:setRole(184)) - 67d877d9-ecd0-4b7d-838e-89aa2c4103c0@group-A09C527D8C6F: changes role from CANDIDATE to FOLLOWER at term 306 for DISCOVERED_A_NEW_TERM
2019-10-18 12:32:57,258 [67d877d9-ecd0-4b7d-838e-89aa2c4103c0@group-A09C527D8C6F-LeaderElection255] INFO  impl.RoleInfo (RoleInfo.java:shutdownLeaderElection(134)) - 67d877d9-ecd0-4b7d-838e-89aa2c4103c0: shutdown LeaderElection
2019-10-18 12:32:57,259 [67d877d9-ecd0-4b7d-838e-89aa2c4103c0@group-A09C527D8C6F-LeaderElection255] INFO  impl.RoleInfo (RoleInfo.java:updateAndGet(143)) - 67d877d9-ecd0-4b7d-838e-89aa2c4103c0: start FollowerState
2019-10-18 12:32:57,315 [Thread-2098] INFO  impl.FollowerState (FollowerState.java:run(108)) - 67d877d9-ecd0-4b7d-838e-89aa2c4103c0@group-A09C527D8C6F-FollowerState: change to CANDIDATE, lastRpcTime:56ms, electionTimeout:56ms
2019-10-18 12:32:57,315 [Thread-2098] INFO  impl.RoleInfo (RoleInfo.java:shutdownFollowerState(121)) - 67d877d9-ecd0-4b7d-838e-89aa2c4103c0: shutdown FollowerState
2019-10-18 12:32:57,315 [Thread-2098] INFO  impl.RaftServerImpl (RaftServerImpl.java:setRole(184)) - 67d877d9-ecd0-4b7d-838e-89aa2c4103c0@group-A09C527D8C6F: changes role from  FOLLOWER to CANDIDATE at term 306 for changeToCandidate
2019-10-18 12:32:57,316 [Thread-2098] INFO  impl.RoleInfo (RoleInfo.java:updateAndGet(143)) - 67d877d9-ecd0-4b7d-838e-89aa2c4103c0: start LeaderElection
2019-10-18 12:32:57,344 [67d877d9-ecd0-4b7d-838e-89aa2c4103c0@group-A09C527D8C6F-LeaderElection256] INFO  impl.LeaderElection (LeaderElection.java:askForVotes(178)) - 67d877d9-ecd0-4b7d-838e-89aa2c4103c0@group-A09C527D8C6F-LeaderElection256: begin an election at term 307 for -1: [c39ba312-e57f-4b8c-998e-32538a6d88da:192.168.34.56:44039, 67d877d9-ecd0-4b7d-838e-89aa2c4103c0:192.168.34.56:33816, 6af5dfc0-d4d0-48db-9aa9-c45e51549e54:192.168.34.56:32981], old=null
2019-10-18 12:32:57,345 [grpc-default-executor-1] INFO  impl.RaftServerImpl (RaftServerImpl.java:setRole(184)) - c39ba312-e57f-4b8c-998e-32538a6d88da@group-A09C527D8C6F: changes role from  FOLLOWER to FOLLOWER at term 307 for recognizeCandidate:67d877d9-ecd0-4b7d-838e-89aa2c4103c0
2019-10-18 12:32:57,345 [grpc-default-executor-5] INFO  impl.RaftServerImpl (RaftServerImpl.java:setRole(184)) - 6af5dfc0-d4d0-48db-9aa9-c45e51549e54@group-A09C527D8C6F: changes role from  FOLLOWER to FOLLOWER at term 307 for recognizeCandidate:67d877d9-ecd0-4b7d-838e-89aa2c4103c0
2019-10-18 12:32:57,346 [grpc-default-executor-5] INFO  impl.RoleInfo (RoleInfo.java:shutdownFollowerState(121)) - 6af5dfc0-d4d0-48db-9aa9-c45e51549e54: shutdown FollowerState
2019-10-18 12:32:57,345 [grpc-default-executor-1] INFO  impl.RoleInfo (RoleInfo.java:shutdownFollowerState(121)) - c39ba312-e57f-4b8c-998e-32538a6d88da: shutdown FollowerState
2019-10-18 12:32:57,346 [Thread-2097] INFO  impl.FollowerState (FollowerState.java:run(117)) - 6af5dfc0-d4d0-48db-9aa9-c45e51549e54@group-A09C527D8C6F-FollowerState was interrupted: java.lang.InterruptedException: sleep interrupted
2019-10-18 12:32:57,346 [Thread-2096] INFO  impl.FollowerState (FollowerState.java:run(117)) - c39ba312-e57f-4b8c-998e-32538a6d88da@group-A09C527D8C6F-FollowerState was interrupted: java.lang.InterruptedException: sleep interrupted
2019-10-18 12:32:57,346 [grpc-default-executor-5] INFO  impl.RoleInfo (RoleInfo.java:updateAndGet(143)) - 6af5dfc0-d4d0-48db-9aa9-c45e51549e54: start FollowerState
2019-10-18 12:32:57,346 [grpc-default-executor-1] INFO  impl.RoleInfo (RoleInfo.java:updateAndGet(143)) - c39ba312-e57f-4b8c-998e-32538a6d88da: start FollowerState
2019-10-18 12:32:57,369 [67d877d9-ecd0-4b7d-838e-89aa2c4103c0@group-A09C527D8C6F-LeaderElection256] INFO  impl.LeaderElection (LeaderElection.java:logAndReturn(56)) - 67d877d9-ecd0-4b7d-838e-89aa2c4103c0@group-A09C527D8C6F-LeaderElection256: Election REJECTED; received 2 response(s) [67d877d9-ecd0-4b7d-838e-89aa2c4103c0<-c39ba312-e57f-4b8c-998e-32538a6d88da#0:FAIL-t307, 67d877d9-ecd0-4b7d-838e-89aa2c4103c0<-6af5dfc0-d4d0-48db-9aa9-c45e51549e54#0:FAIL-t307] and 0 exception(s); 67d877d9-ecd0-4b7d-838e-89aa2c4103c0@group-A09C527D8C6F:t307, leader=null, voted=67d877d9-ecd0-4b7d-838e-89aa2c4103c0, raftlog=67d877d9-ecd0-4b7d-838e-89aa2c4103c0@group-A09C527D8C6F-SegmentedRaftLog:OPENED:c-1,f-1,i0, conf=-1: [c39ba312-e57f-4b8c-998e-32538a6d88da:192.168.34.56:44039, 67d877d9-ecd0-4b7d-838e-89aa2c4103c0:192.168.34.56:33816, 6af5dfc0-d4d0-48db-9aa9-c45e51549e54:192.168.34.56:32981], old=null
2019-10-18 12:32:57,369 [67d877d9-ecd0-4b7d-838e-89aa2c4103c0@group-A09C527D8C6F-LeaderElection256] INFO  impl.RaftServerImpl (RaftServerImpl.java:setRole(184)) - 67d877d9-ecd0-4b7d-838e-89aa2c4103c0@group-A09C527D8C6F: changes role from CANDIDATE to FOLLOWER at term 307 for DISCOVERED_A_NEW_TERM
2019-10-18 12:32:57,369 [67d877d9-ecd0-4b7d-838e-89aa2c4103c0@group-A09C527D8C6F-LeaderElection256] INFO  impl.RoleInfo (RoleInfo.java:shutdownLeaderElection(134)) - 67d877d9-ecd0-4b7d-838e-89aa2c4103c0: shutdown LeaderElection
2019-10-18 12:32:57,370 [67d877d9-ecd0-4b7d-838e-89aa2c4103c0@group-A09C527D8C6F-LeaderElection256] INFO  impl.RoleInfo (RoleInfo.java:updateAndGet(143)) - 67d877d9-ecd0-4b7d-838e-89aa2c4103c0: start FollowerState
2019-10-18 12:32:57,374 [Datanode State Machine Thread - 0] INFO  statemachine.DatanodeStateMachine (DatanodeStateMachine.java:lambda$startDaemon$0(350)) - Ozone container server started.
2019-10-18 12:32:57,377 [Datanode State Machine Thread - 0] INFO  statemachine.DatanodeStateMachine (DatanodeStateMachine.java:lambda$startDaemon$0(350)) - Ozone container server started.
2019-10-18 12:32:57,453 [Thread-2104] INFO  impl.FollowerState (FollowerState.java:run(108)) - 67d877d9-ecd0-4b7d-838e-89aa2c4103c0@group-A09C527D8C6F-FollowerState: change to CANDIDATE, lastRpcTime:83ms, electionTimeout:83ms
2019-10-18 12:32:57,453 [Thread-2104] INFO  impl.RoleInfo (RoleInfo.java:shutdownFollowerState(121)) - 67d877d9-ecd0-4b7d-838e-89aa2c4103c0: shutdown FollowerState
2019-10-18 12:32:57,453 [Thread-2104] INFO  impl.RaftServerImpl (RaftServerImpl.java:setRole(184)) - 67d877d9-ecd0-4b7d-838e-89aa2c4103c0@group-A09C527D8C6F: changes role from  FOLLOWER to CANDIDATE at term 307 for changeToCandidate
2019-10-18 12:32:57,454 [Thread-2104] INFO  impl.RoleInfo (RoleInfo.java:updateAndGet(143)) - 67d877d9-ecd0-4b7d-838e-89aa2c4103c0: start LeaderElection
2019-10-18 12:32:57,489 [67d877d9-ecd0-4b7d-838e-89aa2c4103c0@group-A09C527D8C6F-LeaderElection257] INFO  impl.LeaderElection (LeaderElection.java:askForVotes(178)) - 67d877d9-ecd0-4b7d-838e-89aa2c4103c0@group-A09C527D8C6F-LeaderElection257: begin an election at term 308 for -1: [c39ba312-e57f-4b8c-998e-32538a6d88da:192.168.34.56:44039, 67d877d9-ecd0-4b7d-838e-89aa2c4103c0:192.168.34.56:33816, 6af5dfc0-d4d0-48db-9aa9-c45e51549e54:192.168.34.56:32981], old=null
2019-10-18 12:32:57,490 [grpc-default-executor-1] INFO  impl.RaftServerImpl (RaftServerImpl.java:setRole(184)) - c39ba312-e57f-4b8c-998e-32538a6d88da@group-A09C527D8C6F: changes role from  FOLLOWER to FOLLOWER at term 308 for recognizeCandidate:67d877d9-ecd0-4b7d-838e-89aa2c4103c0
2019-10-18 12:32:57,490 [grpc-default-executor-5] INFO  impl.RaftServerImpl (RaftServerImpl.java:setRole(184)) - 6af5dfc0-d4d0-48db-9aa9-c45e51549e54@group-A09C527D8C6F: changes role from  FOLLOWER to FOLLOWER at term 308 for recognizeCandidate:67d877d9-ecd0-4b7d-838e-89aa2c4103c0
2019-10-18 12:32:57,491 [grpc-default-executor-5] INFO  impl.RoleInfo (RoleInfo.java:shutdownFollowerState(121)) - 6af5dfc0-d4d0-48db-9aa9-c45e51549e54: shutdown FollowerState
2019-10-18 12:32:57,491 [grpc-default-executor-1] INFO  impl.RoleInfo (RoleInfo.java:shutdownFollowerState(121)) - c39ba312-e57f-4b8c-998e-32538a6d88da: shutdown FollowerState
2019-10-18 12:32:57,491 [Thread-2102] INFO  impl.FollowerState (FollowerState.java:run(117)) - 6af5dfc0-d4d0-48db-9aa9-c45e51549e54@group-A09C527D8C6F-FollowerState was interrupted: java.lang.InterruptedException: sleep interrupted
2019-10-18 12:32:57,491 [grpc-default-executor-5] INFO  impl.RoleInfo (RoleInfo.java:updateAndGet(143)) - 6af5dfc0-d4d0-48db-9aa9-c45e51549e54: start FollowerState
2019-10-18 12:32:57,491 [Thread-2103] INFO  impl.FollowerState (FollowerState.java:run(117)) - c39ba312-e57f-4b8c-998e-32538a6d88da@group-A09C527D8C6F-FollowerState was interrupted: java.lang.InterruptedException: sleep interrupted
2019-10-18 12:32:57,491 [grpc-default-executor-1] INFO  impl.RoleInfo (RoleInfo.java:updateAndGet(143)) - c39ba312-e57f-4b8c-998e-32538a6d88da: start FollowerState
2019-10-18 12:32:57,528 [67d877d9-ecd0-4b7d-838e-89aa2c4103c0@group-A09C527D8C6F-LeaderElection257] INFO  impl.LeaderElection (LeaderElection.java:logAndReturn(56)) - 67d877d9-ecd0-4b7d-838e-89aa2c4103c0@group-A09C527D8C6F-LeaderElection257: Election REJECTED; received 2 response(s) [67d877d9-ecd0-4b7d-838e-89aa2c4103c0<-c39ba312-e57f-4b8c-998e-32538a6d88da#0:FAIL-t308, 67d877d9-ecd0-4b7d-838e-89aa2c4103c0<-6af5dfc0-d4d0-48db-9aa9-c45e51549e54#0:FAIL-t308] and 0 exception(s); 67d877d9-ecd0-4b7d-838e-89aa2c4103c0@group-A09C527D8C6F:t308, leader=null, voted=67d877d9-ecd0-4b7d-838e-89aa2c4103c0, raftlog=67d877d9-ecd0-4b7d-838e-89aa2c4103c0@group-A09C527D8C6F-SegmentedRaftLog:OPENED:c-1,f-1,i0, conf=-1: [c39ba312-e57f-4b8c-998e-32538a6d88da:192.168.34.56:44039, 67d877d9-ecd0-4b7d-838e-89aa2c4103c0:192.168.34.56:33816, 6af5dfc0-d4d0-48db-9aa9-c45e51549e54:192.168.34.56:32981], old=null
2019-10-18 12:32:57,528 [67d877d9-ecd0-4b7d-838e-89aa2c4103c0@group-A09C527D8C6F-LeaderElection257] INFO  impl.RaftServerImpl (RaftServerImpl.java:setRole(184)) - 67d877d9-ecd0-4b7d-838e-89aa2c4103c0@group-A09C527D8C6F: changes role from CANDIDATE to FOLLOWER at term 308 for DISCOVERED_A_NEW_TERM
2019-10-18 12:32:57,528 [67d877d9-ecd0-4b7d-838e-89aa2c4103c0@group-A09C527D8C6F-LeaderElection257] INFO  impl.RoleInfo (RoleInfo.java:shutdownLeaderElection(134)) - 67d877d9-ecd0-4b7d-838e-89aa2c4103c0: shutdown LeaderElection
2019-10-18 12:32:57,529 [67d877d9-ecd0-4b7d-838e-89aa2c4103c0@group-A09C527D8C6F-LeaderElection257] INFO  impl.RoleInfo (RoleInfo.java:updateAndGet(143)) - 67d877d9-ecd0-4b7d-838e-89aa2c4103c0: start FollowerState
2019-10-18 12:32:57,690 [Thread-2110] INFO  impl.FollowerState (FollowerState.java:run(108)) - 67d877d9-ecd0-4b7d-838e-89aa2c4103c0@group-A09C527D8C6F-FollowerState: change to CANDIDATE, lastRpcTime:161ms, electionTimeout:161ms
2019-10-18 12:32:57,690 [Thread-2110] INFO  impl.RoleInfo (RoleInfo.java:shutdownFollowerState(121)) - 67d877d9-ecd0-4b7d-838e-89aa2c4103c0: shutdown FollowerState
2019-10-18 12:32:57,690 [Thread-2110] INFO  impl.RaftServerImpl (RaftServerImpl.java:setRole(184)) - 67d877d9-ecd0-4b7d-838e-89aa2c4103c0@group-A09C527D8C6F: changes role from  FOLLOWER to CANDIDATE at term 308 for changeToCandidate
2019-10-18 12:32:57,691 [Thread-2110] INFO  impl.RoleInfo (RoleInfo.java:updateAndGet(143)) - 67d877d9-ecd0-4b7d-838e-89aa2c4103c0: start LeaderElection
2019-10-18 12:32:57,714 [67d877d9-ecd0-4b7d-838e-89aa2c4103c0@group-A09C527D8C6F-LeaderElection258] INFO  impl.LeaderElection (LeaderElection.java:askForVotes(178)) - 67d877d9-ecd0-4b7d-838e-89aa2c4103c0@group-A09C527D8C6F-LeaderElection258: begin an election at term 309 for -1: [c39ba312-e57f-4b8c-998e-32538a6d88da:192.168.34.56:44039, 67d877d9-ecd0-4b7d-838e-89aa2c4103c0:192.168.34.56:33816, 6af5dfc0-d4d0-48db-9aa9-c45e51549e54:192.168.34.56:32981], old=null
2019-10-18 12:32:57,716 [grpc-default-executor-1] INFO  impl.RaftServerImpl (RaftServerImpl.java:setRole(184)) - 6af5dfc0-d4d0-48db-9aa9-c45e51549e54@group-A09C527D8C6F: changes role from  FOLLOWER to FOLLOWER at term 309 for recognizeCandidate:67d877d9-ecd0-4b7d-838e-89aa2c4103c0
2019-10-18 12:32:57,717 [grpc-default-executor-5] INFO  impl.RaftServerImpl (RaftServerImpl.java:setRole(184)) - c39ba312-e57f-4b8c-998e-32538a6d88da@group-A09C527D8C6F: changes role from  FOLLOWER to FOLLOWER at term 309 for recognizeCandidate:67d877d9-ecd0-4b7d-838e-89aa2c4103c0
2019-10-18 12:32:57,717 [grpc-default-executor-1] INFO  impl.RoleInfo (RoleInfo.java:shutdownFollowerState(121)) - 6af5dfc0-d4d0-48db-9aa9-c45e51549e54: shutdown FollowerState
2019-10-18 12:32:57,717 [grpc-default-executor-5] INFO  impl.RoleInfo (RoleInfo.java:shutdownFollowerState(121)) - c39ba312-e57f-4b8c-998e-32538a6d88da: shutdown FollowerState
2019-10-18 12:32:57,717 [grpc-default-executor-1] INFO  impl.RoleInfo (RoleInfo.java:updateAndGet(143)) - 6af5dfc0-d4d0-48db-9aa9-c45e51549e54: start FollowerState
2019-10-18 12:32:57,717 [Thread-2108] INFO  impl.FollowerState (FollowerState.java:run(117)) - 6af5dfc0-d4d0-48db-9aa9-c45e51549e54@group-A09C527D8C6F-FollowerState was interrupted: java.lang.InterruptedException: sleep interrupted
2019-10-18 12:32:57,717 [grpc-default-executor-5] INFO  impl.RoleInfo (RoleInfo.java:updateAndGet(143)) - c39ba312-e57f-4b8c-998e-32538a6d88da: start FollowerState
2019-10-18 12:32:57,717 [Thread-2109] INFO  impl.FollowerState (FollowerState.java:run(117)) - c39ba312-e57f-4b8c-998e-32538a6d88da@group-A09C527D8C6F-FollowerState was interrupted: java.lang.InterruptedException: sleep interrupted
2019-10-18 12:32:57,742 [67d877d9-ecd0-4b7d-838e-89aa2c4103c0@group-A09C527D8C6F-LeaderElection258] INFO  impl.LeaderElection (LeaderElection.java:logAndReturn(56)) - 67d877d9-ecd0-4b7d-838e-89aa2c4103c0@group-A09C527D8C6F-LeaderElection258: Election TIMEOUT; received 0 response(s) [] and 0 exception(s); 67d877d9-ecd0-4b7d-838e-89aa2c4103c0@group-A09C527D8C6F:t309, leader=null, voted=67d877d9-ecd0-4b7d-838e-89aa2c4103c0, raftlog=67d877d9-ecd0-4b7d-838e-89aa2c4103c0@group-A09C527D8C6F-SegmentedRaftLog:OPENED:c-1,f-1,i0, conf=-1: [c39ba312-e57f-4b8c-998e-32538a6d88da:192.168.34.56:44039, 67d877d9-ecd0-4b7d-838e-89aa2c4103c0:192.168.34.56:33816, 6af5dfc0-d4d0-48db-9aa9-c45e51549e54:192.168.34.56:32981], old=null
2019-10-18 12:32:57,758 [67d877d9-ecd0-4b7d-838e-89aa2c4103c0@group-A09C527D8C6F-LeaderElection258] INFO  impl.LeaderElection (LeaderElection.java:askForVotes(178)) - 67d877d9-ecd0-4b7d-838e-89aa2c4103c0@group-A09C527D8C6F-LeaderElection258: begin an election at term 310 for -1: [c39ba312-e57f-4b8c-998e-32538a6d88da:192.168.34.56:44039, 67d877d9-ecd0-4b7d-838e-89aa2c4103c0:192.168.34.56:33816, 6af5dfc0-d4d0-48db-9aa9-c45e51549e54:192.168.34.56:32981], old=null
2019-10-18 12:32:57,761 [grpc-default-executor-5] INFO  impl.RaftServerImpl (RaftServerImpl.java:setRole(184)) - 6af5dfc0-d4d0-48db-9aa9-c45e51549e54@group-A09C527D8C6F: changes role from  FOLLOWER to FOLLOWER at term 310 for recognizeCandidate:67d877d9-ecd0-4b7d-838e-89aa2c4103c0
2019-10-18 12:32:57,761 [grpc-default-executor-1] INFO  impl.RaftServerImpl (RaftServerImpl.java:setRole(184)) - c39ba312-e57f-4b8c-998e-32538a6d88da@group-A09C527D8C6F: changes role from  FOLLOWER to FOLLOWER at term 310 for recognizeCandidate:67d877d9-ecd0-4b7d-838e-89aa2c4103c0
2019-10-18 12:32:57,761 [grpc-default-executor-1] INFO  impl.RoleInfo (RoleInfo.java:shutdownFollowerState(121)) - c39ba312-e57f-4b8c-998e-32538a6d88da: shutdown FollowerState
2019-10-18 12:32:57,761 [grpc-default-executor-5] INFO  impl.RoleInfo (RoleInfo.java:shutdownFollowerState(121)) - 6af5dfc0-d4d0-48db-9aa9-c45e51549e54: shutdown FollowerState
2019-10-18 12:32:57,761 [Thread-2117] INFO  impl.FollowerState (FollowerState.java:run(117)) - c39ba312-e57f-4b8c-998e-32538a6d88da@group-A09C527D8C6F-FollowerState was interrupted: java.lang.InterruptedException: sleep interrupted
2019-10-18 12:32:57,761 [grpc-default-executor-1] INFO  impl.RoleInfo (RoleInfo.java:updateAndGet(143)) - c39ba312-e57f-4b8c-998e-32538a6d88da: start FollowerState
2019-10-18 12:32:57,761 [Thread-2116] INFO  impl.FollowerState (FollowerState.java:run(117)) - 6af5dfc0-d4d0-48db-9aa9-c45e51549e54@group-A09C527D8C6F-FollowerState was interrupted: java.lang.InterruptedException: sleep interrupted
2019-10-18 12:32:57,761 [grpc-default-executor-5] INFO  impl.RoleInfo (RoleInfo.java:updateAndGet(143)) - 6af5dfc0-d4d0-48db-9aa9-c45e51549e54: start FollowerState
2019-10-18 12:32:57,763 [67d877d9-ecd0-4b7d-838e-89aa2c4103c0@group-A09C527D8C6F-LeaderElection258] INFO  impl.LeaderElection (LeaderElection.java:logAndReturn(56)) - 67d877d9-ecd0-4b7d-838e-89aa2c4103c0@group-A09C527D8C6F-LeaderElection258: Election TIMEOUT; received 0 response(s) [] and 0 exception(s); 67d877d9-ecd0-4b7d-838e-89aa2c4103c0@group-A09C527D8C6F:t310, leader=null, voted=67d877d9-ecd0-4b7d-838e-89aa2c4103c0, raftlog=67d877d9-ecd0-4b7d-838e-89aa2c4103c0@group-A09C527D8C6F-SegmentedRaftLog:OPENED:c-1,f-1,i0, conf=-1: [c39ba312-e57f-4b8c-998e-32538a6d88da:192.168.34.56:44039, 67d877d9-ecd0-4b7d-838e-89aa2c4103c0:192.168.34.56:33816, 6af5dfc0-d4d0-48db-9aa9-c45e51549e54:192.168.34.56:32981], old=null
2019-10-18 12:32:57,784 [67d877d9-ecd0-4b7d-838e-89aa2c4103c0@group-A09C527D8C6F-LeaderElection258] INFO  impl.LeaderElection (LeaderElection.java:askForVotes(178)) - 67d877d9-ecd0-4b7d-838e-89aa2c4103c0@group-A09C527D8C6F-LeaderElection258: begin an election at term 311 for -1: [c39ba312-e57f-4b8c-998e-32538a6d88da:192.168.34.56:44039, 67d877d9-ecd0-4b7d-838e-89aa2c4103c0:192.168.34.56:33816, 6af5dfc0-d4d0-48db-9aa9-c45e51549e54:192.168.34.56:32981], old=null
2019-10-18 12:32:57,786 [grpc-default-executor-5] INFO  impl.RaftServerImpl (RaftServerImpl.java:setRole(184)) - c39ba312-e57f-4b8c-998e-32538a6d88da@group-A09C527D8C6F: changes role from  FOLLOWER to FOLLOWER at term 311 for recognizeCandidate:67d877d9-ecd0-4b7d-838e-89aa2c4103c0
2019-10-18 12:32:57,786 [grpc-default-executor-5] INFO  impl.RoleInfo (RoleInfo.java:shutdownFollowerState(121)) - c39ba312-e57f-4b8c-998e-32538a6d88da: shutdown FollowerState
2019-10-18 12:32:57,786 [grpc-default-executor-1] INFO  impl.RaftServerImpl (RaftServerImpl.java:setRole(184)) - 6af5dfc0-d4d0-48db-9aa9-c45e51549e54@group-A09C527D8C6F: changes role from  FOLLOWER to FOLLOWER at term 311 for recognizeCandidate:67d877d9-ecd0-4b7d-838e-89aa2c4103c0
2019-10-18 12:32:57,786 [Thread-2120] INFO  impl.FollowerState (FollowerState.java:run(117)) - c39ba312-e57f-4b8c-998e-32538a6d88da@group-A09C527D8C6F-FollowerState was interrupted: java.lang.InterruptedException: sleep interrupted
2019-10-18 12:32:57,786 [grpc-default-executor-5] INFO  impl.RoleInfo (RoleInfo.java:updateAndGet(143)) - c39ba312-e57f-4b8c-998e-32538a6d88da: start FollowerState
2019-10-18 12:32:57,786 [grpc-default-executor-1] INFO  impl.RoleInfo (RoleInfo.java:shutdownFollowerState(121)) - 6af5dfc0-d4d0-48db-9aa9-c45e51549e54: shutdown FollowerState
2019-10-18 12:32:57,787 [grpc-default-executor-1] INFO  impl.RoleInfo (RoleInfo.java:updateAndGet(143)) - 6af5dfc0-d4d0-48db-9aa9-c45e51549e54: start FollowerState
2019-10-18 12:32:57,787 [Thread-2121] INFO  impl.FollowerState (FollowerState.java:run(117)) - 6af5dfc0-d4d0-48db-9aa9-c45e51549e54@group-A09C527D8C6F-FollowerState was interrupted: java.lang.InterruptedException: sleep interrupted
2019-10-18 12:32:57,810 [67d877d9-ecd0-4b7d-838e-89aa2c4103c0@group-A09C527D8C6F-LeaderElection258] INFO  impl.LeaderElection (LeaderElection.java:logAndReturn(56)) - 67d877d9-ecd0-4b7d-838e-89aa2c4103c0@group-A09C527D8C6F-LeaderElection258: Election REJECTED; received 2 response(s) [67d877d9-ecd0-4b7d-838e-89aa2c4103c0<-c39ba312-e57f-4b8c-998e-32538a6d88da#0:FAIL-t311, 67d877d9-ecd0-4b7d-838e-89aa2c4103c0<-6af5dfc0-d4d0-48db-9aa9-c45e51549e54#0:FAIL-t311] and 0 exception(s); 67d877d9-ecd0-4b7d-838e-89aa2c4103c0@group-A09C527D8C6F:t311, leader=null, voted=67d877d9-ecd0-4b7d-838e-89aa2c4103c0, raftlog=67d877d9-ecd0-4b7d-838e-89aa2c4103c0@group-A09C527D8C6F-SegmentedRaftLog:OPENED:c-1,f-1,i0, conf=-1: [c39ba312-e57f-4b8c-998e-32538a6d88da:192.168.34.56:44039, 67d877d9-ecd0-4b7d-838e-89aa2c4103c0:192.168.34.56:33816, 6af5dfc0-d4d0-48db-9aa9-c45e51549e54:192.168.34.56:32981], old=null
2019-10-18 12:32:57,810 [67d877d9-ecd0-4b7d-838e-89aa2c4103c0@group-A09C527D8C6F-LeaderElection258] INFO  impl.RaftServerImpl (RaftServerImpl.java:setRole(184)) - 67d877d9-ecd0-4b7d-838e-89aa2c4103c0@group-A09C527D8C6F: changes role from CANDIDATE to FOLLOWER at term 311 for DISCOVERED_A_NEW_TERM
2019-10-18 12:32:57,810 [67d877d9-ecd0-4b7d-838e-89aa2c4103c0@group-A09C527D8C6F-LeaderElection258] INFO  impl.RoleInfo (RoleInfo.java:shutdownLeaderElection(134)) - 67d877d9-ecd0-4b7d-838e-89aa2c4103c0: shutdown LeaderElection
2019-10-18 12:32:57,811 [67d877d9-ecd0-4b7d-838e-89aa2c4103c0@group-A09C527D8C6F-LeaderElection258] INFO  impl.RoleInfo (RoleInfo.java:updateAndGet(143)) - 67d877d9-ecd0-4b7d-838e-89aa2c4103c0: start FollowerState
2019-10-18 12:32:57,999 [Thread-2126] INFO  impl.FollowerState (FollowerState.java:run(108)) - 67d877d9-ecd0-4b7d-838e-89aa2c4103c0@group-A09C527D8C6F-FollowerState: change to CANDIDATE, lastRpcTime:188ms, electionTimeout:188ms
2019-10-18 12:32:57,999 [Thread-2126] INFO  impl.RoleInfo (RoleInfo.java:shutdownFollowerState(121)) - 67d877d9-ecd0-4b7d-838e-89aa2c4103c0: shutdown FollowerState
2019-10-18 12:32:57,999 [Thread-2126] INFO  impl.RaftServerImpl (RaftServerImpl.java:setRole(184)) - 67d877d9-ecd0-4b7d-838e-89aa2c4103c0@group-A09C527D8C6F: changes role from  FOLLOWER to CANDIDATE at term 311 for changeToCandidate
2019-10-18 12:32:58,000 [Thread-2126] INFO  impl.RoleInfo (RoleInfo.java:updateAndGet(143)) - 67d877d9-ecd0-4b7d-838e-89aa2c4103c0: start LeaderElection
2019-10-18 12:32:58,530 [67d877d9-ecd0-4b7d-838e-89aa2c4103c0@group-A09C527D8C6F-LeaderElection259] INFO  impl.LeaderElection (LeaderElection.java:askForVotes(178)) - 67d877d9-ecd0-4b7d-838e-89aa2c4103c0@group-A09C527D8C6F-LeaderElection259: begin an election at term 312 for -1: [c39ba312-e57f-4b8c-998e-32538a6d88da:192.168.34.56:44039, 67d877d9-ecd0-4b7d-838e-89aa2c4103c0:192.168.34.56:33816, 6af5dfc0-d4d0-48db-9aa9-c45e51549e54:192.168.34.56:32981], old=null
2019-10-18 12:32:58,533 [grpc-default-executor-5] INFO  impl.RaftServerImpl (RaftServerImpl.java:setRole(184)) - c39ba312-e57f-4b8c-998e-32538a6d88da@group-A09C527D8C6F: changes role from  FOLLOWER to FOLLOWER at term 312 for recognizeCandidate:67d877d9-ecd0-4b7d-838e-89aa2c4103c0
2019-10-18 12:32:58,533 [grpc-default-executor-5] INFO  impl.RoleInfo (RoleInfo.java:shutdownFollowerState(121)) - c39ba312-e57f-4b8c-998e-32538a6d88da: shutdown FollowerState
2019-10-18 12:32:58,533 [grpc-default-executor-1] INFO  impl.RaftServerImpl (RaftServerImpl.java:setRole(184)) - 6af5dfc0-d4d0-48db-9aa9-c45e51549e54@group-A09C527D8C6F: changes role from  FOLLOWER to FOLLOWER at term 312 for recognizeCandidate:67d877d9-ecd0-4b7d-838e-89aa2c4103c0
2019-10-18 12:32:58,533 [Thread-2124] INFO  impl.FollowerState (FollowerState.java:run(117)) - c39ba312-e57f-4b8c-998e-32538a6d88da@group-A09C527D8C6F-FollowerState was interrupted: java.lang.InterruptedException: sleep interrupted
2019-10-18 12:32:58,533 [grpc-default-executor-5] INFO  impl.RoleInfo (RoleInfo.java:updateAndGet(143)) - c39ba312-e57f-4b8c-998e-32538a6d88da: start FollowerState
2019-10-18 12:32:58,533 [grpc-default-executor-1] INFO  impl.RoleInfo (RoleInfo.java:shutdownFollowerState(121)) - 6af5dfc0-d4d0-48db-9aa9-c45e51549e54: shutdown FollowerState
2019-10-18 12:32:58,534 [grpc-default-executor-1] INFO  impl.RoleInfo (RoleInfo.java:updateAndGet(143)) - 6af5dfc0-d4d0-48db-9aa9-c45e51549e54: start FollowerState
2019-10-18 12:32:58,534 [Thread-2125] INFO  impl.FollowerState (FollowerState.java:run(117)) - 6af5dfc0-d4d0-48db-9aa9-c45e51549e54@group-A09C527D8C6F-FollowerState was interrupted: java.lang.InterruptedException: sleep interrupted
2019-10-18 12:32:58,539 [67d877d9-ecd0-4b7d-838e-89aa2c4103c0@group-A09C527D8C6F-LeaderElection259] INFO  impl.LeaderElection (LeaderElection.java:logAndReturn(56)) - 67d877d9-ecd0-4b7d-838e-89aa2c4103c0@group-A09C527D8C6F-LeaderElection259: Election TIMEOUT; received 0 response(s) [] and 0 exception(s); 67d877d9-ecd0-4b7d-838e-89aa2c4103c0@group-A09C527D8C6F:t312, leader=null, voted=67d877d9-ecd0-4b7d-838e-89aa2c4103c0, raftlog=67d877d9-ecd0-4b7d-838e-89aa2c4103c0@group-A09C527D8C6F-SegmentedRaftLog:OPENED:c-1,f-1,i0, conf=-1: [c39ba312-e57f-4b8c-998e-32538a6d88da:192.168.34.56:44039, 67d877d9-ecd0-4b7d-838e-89aa2c4103c0:192.168.34.56:33816, 6af5dfc0-d4d0-48db-9aa9-c45e51549e54:192.168.34.56:32981], old=null
2019-10-18 12:32:59,359 [67d877d9-ecd0-4b7d-838e-89aa2c4103c0@group-A09C527D8C6F-LeaderElection259] INFO  impl.LeaderElection (LeaderElection.java:askForVotes(178)) - 67d877d9-ecd0-4b7d-838e-89aa2c4103c0@group-A09C527D8C6F-LeaderElection259: begin an election at term 313 for -1: [c39ba312-e57f-4b8c-998e-32538a6d88da:192.168.34.56:44039, 67d877d9-ecd0-4b7d-838e-89aa2c4103c0:192.168.34.56:33816, 6af5dfc0-d4d0-48db-9aa9-c45e51549e54:192.168.34.56:32981], old=null
2019-10-18 12:32:59,361 [grpc-default-executor-1] INFO  impl.RaftServerImpl (RaftServerImpl.java:setRole(184)) - c39ba312-e57f-4b8c-998e-32538a6d88da@group-A09C527D8C6F: changes role from  FOLLOWER to FOLLOWER at term 313 for recognizeCandidate:67d877d9-ecd0-4b7d-838e-89aa2c4103c0
2019-10-18 12:32:59,361 [grpc-default-executor-1] INFO  impl.RoleInfo (RoleInfo.java:shutdownFollowerState(121)) - c39ba312-e57f-4b8c-998e-32538a6d88da: shutdown FollowerState
2019-10-18 12:32:59,361 [grpc-default-executor-1] INFO  impl.RoleInfo (RoleInfo.java:updateAndGet(143)) - c39ba312-e57f-4b8c-998e-32538a6d88da: start FollowerState
2019-10-18 12:32:59,361 [Thread-2130] INFO  impl.FollowerState (FollowerState.java:run(117)) - c39ba312-e57f-4b8c-998e-32538a6d88da@group-A09C527D8C6F-FollowerState was interrupted: java.lang.InterruptedException: sleep interrupted
2019-10-18 12:32:59,361 [grpc-default-executor-5] INFO  impl.RaftServerImpl (RaftServerImpl.java:setRole(184)) - 6af5dfc0-d4d0-48db-9aa9-c45e51549e54@group-A09C527D8C6F: changes role from  FOLLOWER to FOLLOWER at term 313 for recognizeCandidate:67d877d9-ecd0-4b7d-838e-89aa2c4103c0
2019-10-18 12:32:59,362 [grpc-default-executor-5] INFO  impl.RoleInfo (RoleInfo.java:shutdownFollowerState(121)) - 6af5dfc0-d4d0-48db-9aa9-c45e51549e54: shutdown FollowerState
2019-10-18 12:32:59,362 [grpc-default-executor-5] INFO  impl.RoleInfo (RoleInfo.java:updateAndGet(143)) - 6af5dfc0-d4d0-48db-9aa9-c45e51549e54: start FollowerState
2019-10-18 12:32:59,362 [Thread-2131] INFO  impl.FollowerState (FollowerState.java:run(117)) - 6af5dfc0-d4d0-48db-9aa9-c45e51549e54@group-A09C527D8C6F-FollowerState was interrupted: java.lang.InterruptedException: sleep interrupted
2019-10-18 12:32:59,405 [67d877d9-ecd0-4b7d-838e-89aa2c4103c0@group-A09C527D8C6F-LeaderElection259] INFO  impl.LeaderElection (LeaderElection.java:logAndReturn(56)) - 67d877d9-ecd0-4b7d-838e-89aa2c4103c0@group-A09C527D8C6F-LeaderElection259: Election TIMEOUT; received 0 response(s) [] and 0 exception(s); 67d877d9-ecd0-4b7d-838e-89aa2c4103c0@group-A09C527D8C6F:t313, leader=null, voted=67d877d9-ecd0-4b7d-838e-89aa2c4103c0, raftlog=67d877d9-ecd0-4b7d-838e-89aa2c4103c0@group-A09C527D8C6F-SegmentedRaftLog:OPENED:c-1,f-1,i0, conf=-1: [c39ba312-e57f-4b8c-998e-32538a6d88da:192.168.34.56:44039, 67d877d9-ecd0-4b7d-838e-89aa2c4103c0:192.168.34.56:33816, 6af5dfc0-d4d0-48db-9aa9-c45e51549e54:192.168.34.56:32981], old=null
2019-10-18 12:33:01,680 [main] INFO  ozoneimpl.OzoneContainer (OzoneContainer.java:stop(227)) - Attempting to stop container services.
2019-10-18 12:33:01,680 [ForkJoinPool.commonPool-worker-0] INFO  ozoneimpl.OzoneContainer (OzoneContainer.java:stop(227)) - Attempting to stop container services.
2019-10-18 12:33:01,682 [main] INFO  impl.RaftServerProxy (RaftServerProxy.java:lambda$close$4(314)) - 67d877d9-ecd0-4b7d-838e-89aa2c4103c0: close
2019-10-18 12:33:01,683 [ForkJoinPool.commonPool-worker-0] INFO  impl.RaftServerProxy (RaftServerProxy.java:lambda$close$4(314)) - 844936dc-70ea-40d1-a9e6-b90d8e46784e: close
2019-10-18 12:33:01,683 [main] INFO  impl.RaftServerImpl (RaftServerImpl.java:lambda$shutdown$3(261)) - 67d877d9-ecd0-4b7d-838e-89aa2c4103c0@group-08B61D1E512D: shutdown
2019-10-18 12:33:01,683 [ForkJoinPool.commonPool-worker-0] INFO  impl.RaftServerImpl (RaftServerImpl.java:lambda$shutdown$3(261)) - 844936dc-70ea-40d1-a9e6-b90d8e46784e@group-56434D39015B: shutdown
2019-10-18 12:33:01,683 [main] INFO  util.JmxRegister (JmxRegister.java:unregister(73)) - Successfully un-registered JMX Bean with object name Ratis:service=RaftServer,group=group-08B61D1E512D,id=67d877d9-ecd0-4b7d-838e-89aa2c4103c0
2019-10-18 12:33:01,684 [ForkJoinPool.commonPool-worker-0] INFO  util.JmxRegister (JmxRegister.java:unregister(73)) - Successfully un-registered JMX Bean with object name Ratis:service=RaftServer,group=group-56434D39015B,id=844936dc-70ea-40d1-a9e6-b90d8e46784e
2019-10-18 12:33:01,684 [main] INFO  impl.RoleInfo (RoleInfo.java:shutdownLeaderState(104)) - 67d877d9-ecd0-4b7d-838e-89aa2c4103c0: shutdown LeaderState
2019-10-18 12:33:01,684 [ForkJoinPool.commonPool-worker-0] INFO  impl.RoleInfo (RoleInfo.java:shutdownLeaderState(104)) - 844936dc-70ea-40d1-a9e6-b90d8e46784e: shutdown LeaderState
2019-10-18 12:33:01,685 [main] INFO  impl.PendingRequests (PendingRequests.java:sendNotLeaderResponses(202)) - 67d877d9-ecd0-4b7d-838e-89aa2c4103c0@group-08B61D1E512D-PendingRequests: sendNotLeaderResponses
2019-10-18 12:33:01,685 [ForkJoinPool.commonPool-worker-0] INFO  impl.PendingRequests (PendingRequests.java:sendNotLeaderResponses(202)) - 844936dc-70ea-40d1-a9e6-b90d8e46784e@group-56434D39015B-PendingRequests: sendNotLeaderResponses
2019-10-18 12:33:01,685 [main] INFO  impl.StateMachineUpdater (StateMachineUpdater.java:stopAndJoin(136)) - 67d877d9-ecd0-4b7d-838e-89aa2c4103c0@group-08B61D1E512D-StateMachineUpdater: set stopIndex = 0
2019-10-18 12:33:01,685 [ForkJoinPool.commonPool-worker-0] INFO  impl.StateMachineUpdater (StateMachineUpdater.java:stopAndJoin(136)) - 844936dc-70ea-40d1-a9e6-b90d8e46784e@group-56434D39015B-StateMachineUpdater: set stopIndex = 0
2019-10-18 12:33:01,686 [main] INFO  impl.RaftServerImpl (ServerState.java:close(388)) - 67d877d9-ecd0-4b7d-838e-89aa2c4103c0@group-08B61D1E512D: closes. applyIndex: 0
2019-10-18 12:33:01,686 [ForkJoinPool.commonPool-worker-0] INFO  impl.RaftServerImpl (ServerState.java:close(388)) - 844936dc-70ea-40d1-a9e6-b90d8e46784e@group-56434D39015B: closes. applyIndex: 0
2019-10-18 12:33:01,687 [67d877d9-ecd0-4b7d-838e-89aa2c4103c0@group-08B61D1E512D-SegmentedRaftLogWorker] INFO  segmented.SegmentedRaftLogWorker (SegmentedRaftLogWorker.java:run(316)) - 67d877d9-ecd0-4b7d-838e-89aa2c4103c0@group-08B61D1E512D-SegmentedRaftLogWorker was interrupted, exiting. There are 0 tasks remaining in the queue.
2019-10-18 12:33:01,687 [844936dc-70ea-40d1-a9e6-b90d8e46784e@group-56434D39015B-SegmentedRaftLogWorker] INFO  segmented.SegmentedRaftLogWorker (SegmentedRaftLogWorker.java:run(316)) - 844936dc-70ea-40d1-a9e6-b90d8e46784e@group-56434D39015B-SegmentedRaftLogWorker was interrupted, exiting. There are 0 tasks remaining in the queue.
2019-10-18 12:33:01,692 [main] INFO  segmented.SegmentedRaftLogWorker (SegmentedRaftLogWorker.java:close(224)) - 67d877d9-ecd0-4b7d-838e-89aa2c4103c0@group-08B61D1E512D-SegmentedRaftLogWorker close()
2019-10-18 12:33:01,693 [ForkJoinPool.commonPool-worker-0] INFO  segmented.SegmentedRaftLogWorker (SegmentedRaftLogWorker.java:close(224)) - 844936dc-70ea-40d1-a9e6-b90d8e46784e@group-56434D39015B-SegmentedRaftLogWorker close()
2019-10-18 12:33:01,695 [main] INFO  impl.RaftServerImpl (RaftServerImpl.java:lambda$shutdown$3(261)) - 67d877d9-ecd0-4b7d-838e-89aa2c4103c0@group-A09C527D8C6F: shutdown
2019-10-18 12:33:01,697 [ForkJoinPool.commonPool-worker-0] INFO  server.GrpcService (GrpcService.java:closeImpl(164)) - 844936dc-70ea-40d1-a9e6-b90d8e46784e: shutdown server with port 43167 now
2019-10-18 12:33:01,697 [main] INFO  util.JmxRegister (JmxRegister.java:unregister(73)) - Successfully un-registered JMX Bean with object name Ratis:service=RaftServer,group=group-A09C527D8C6F,id=67d877d9-ecd0-4b7d-838e-89aa2c4103c0
2019-10-18 12:33:01,698 [main] INFO  impl.RoleInfo (RoleInfo.java:shutdownLeaderElection(134)) - 67d877d9-ecd0-4b7d-838e-89aa2c4103c0: shutdown LeaderElection
2019-10-18 12:33:01,699 [ForkJoinPool.commonPool-worker-0] INFO  server.GrpcService (GrpcService.java:closeImpl(172)) - 844936dc-70ea-40d1-a9e6-b90d8e46784e: shutdown server with port 43167 successfully
2019-10-18 12:33:01,699 [main] INFO  impl.StateMachineUpdater (StateMachineUpdater.java:stopAndJoin(136)) - 67d877d9-ecd0-4b7d-838e-89aa2c4103c0@group-A09C527D8C6F-StateMachineUpdater: set stopIndex = -1
2019-10-18 12:33:01,700 [main] INFO  impl.RaftServerImpl (ServerState.java:close(388)) - 67d877d9-ecd0-4b7d-838e-89aa2c4103c0@group-A09C527D8C6F: closes. applyIndex: -1
2019-10-18 12:33:01,700 [67d877d9-ecd0-4b7d-838e-89aa2c4103c0@group-A09C527D8C6F-SegmentedRaftLogWorker] INFO  segmented.SegmentedRaftLogWorker (SegmentedRaftLogWorker.java:run(316)) - 67d877d9-ecd0-4b7d-838e-89aa2c4103c0@group-A09C527D8C6F-SegmentedRaftLogWorker was interrupted, exiting. There are 0 tasks remaining in the queue.
2019-10-18 12:33:01,700 [main] INFO  segmented.SegmentedRaftLogWorker (SegmentedRaftLogWorker.java:close(224)) - 67d877d9-ecd0-4b7d-838e-89aa2c4103c0@group-A09C527D8C6F-SegmentedRaftLogWorker close()
2019-10-18 12:33:01,702 [main] INFO  server.GrpcService (GrpcService.java:closeImpl(164)) - 67d877d9-ecd0-4b7d-838e-89aa2c4103c0: shutdown server with port 33816 now
2019-10-18 12:33:01,704 [main] INFO  server.GrpcService (GrpcService.java:closeImpl(172)) - 67d877d9-ecd0-4b7d-838e-89aa2c4103c0: shutdown server with port 33816 successfully
2019-10-18 12:33:01,704 [refreshUsed-/workdir/hadoop-ozone/integration-test/target/test-dir/MiniOzoneClusterImpl-09368371-5dcc-462f-b108-fe46c3d39f8a/datanode-1/data/containers] WARN  fs.CachingGetSpaceUsed (CachingGetSpaceUsed.java:run(183)) - Thread Interrupted waiting to refresh disk information: sleep interrupted
2019-10-18 12:33:01,713 [refreshUsed-/workdir/hadoop-ozone/integration-test/target/test-dir/MiniOzoneClusterImpl-09368371-5dcc-462f-b108-fe46c3d39f8a/datanode-2/data/containers] WARN  fs.CachingGetSpaceUsed (CachingGetSpaceUsed.java:run(183)) - Thread Interrupted waiting to refresh disk information: sleep interrupted
2019-10-18 12:33:01,735 [ForkJoinPool.commonPool-worker-0] INFO  utils.BackgroundService (BackgroundService.java:shutdown(151)) - Shutting down service BlockDeletingService
2019-10-18 12:33:01,738 [main] INFO  utils.BackgroundService (BackgroundService.java:shutdown(151)) - Shutting down service BlockDeletingService
2019-10-18 12:33:01,739 [ForkJoinPool.commonPool-worker-0] INFO  statemachine.DatanodeStateMachine (DatanodeStateMachine.java:stopDaemon(395)) - Ozone container server stopped.
2019-10-18 12:33:01,743 [main] INFO  statemachine.DatanodeStateMachine (DatanodeStateMachine.java:stopDaemon(395)) - Ozone container server stopped.
2019-10-18 12:33:01,745 [ForkJoinPool.commonPool-worker-0] INFO  handler.ContextHandler (ContextHandler.java:doStop(910)) - Stopped o.e.j.w.WebAppContext@57f9b467{/,null,UNAVAILABLE}{/hddsDatanode}
2019-10-18 12:33:01,746 [main] INFO  handler.ContextHandler (ContextHandler.java:doStop(910)) - Stopped o.e.j.w.WebAppContext@4cbc2e3b{/,null,UNAVAILABLE}{/hddsDatanode}
2019-10-18 12:33:01,747 [main] INFO  server.AbstractConnector (AbstractConnector.java:doStop(318)) - Stopped ServerConnector@2975a9e{HTTP/1.1,[http/1.1]}{0.0.0.0:0}
2019-10-18 12:33:01,747 [ForkJoinPool.commonPool-worker-0] INFO  server.AbstractConnector (AbstractConnector.java:doStop(318)) - Stopped ServerConnector@6d5c2745{HTTP/1.1,[http/1.1]}{0.0.0.0:0}
2019-10-18 12:33:01,748 [main] INFO  handler.ContextHandler (ContextHandler.java:doStop(910)) - Stopped o.e.j.s.ServletContextHandler@1f53481b{/static,jar:file:/home/user/.m2/repository/org/apache/hadoop/hadoop-hdds-container-service/0.5.0-SNAPSHOT/hadoop-hdds-container-service-0.5.0-SNAPSHOT.jar!/webapps/static,UNAVAILABLE}
2019-10-18 12:33:01,749 [ForkJoinPool.commonPool-worker-0] INFO  handler.ContextHandler (ContextHandler.java:doStop(910)) - Stopped o.e.j.s.ServletContextHandler@7fb66650{/static,jar:file:/home/user/.m2/repository/org/apache/hadoop/hadoop-hdds-container-service/0.5.0-SNAPSHOT/hadoop-hdds-container-service-0.5.0-SNAPSHOT.jar!/webapps/static,UNAVAILABLE}
2019-10-18 12:33:01,749 [main] INFO  handler.ContextHandler (ContextHandler.java:doStop(910)) - Stopped o.e.j.s.ServletContextHandler@714f3da4{/logs,file:///workdir/hadoop-ozone/integration-test/target/log,UNAVAILABLE}
2019-10-18 12:33:01,750 [ForkJoinPool.commonPool-worker-0] INFO  handler.ContextHandler (ContextHandler.java:doStop(910)) - Stopped o.e.j.s.ServletContextHandler@2da3b078{/logs,file:///workdir/hadoop-ozone/integration-test/target/log,UNAVAILABLE}
2019-10-18 12:33:02,374 [Datanode State Machine Thread - 0] INFO  statemachine.DatanodeStateMachine (DatanodeStateMachine.java:lambda$startDaemon$0(350)) - Ozone container server started.
2019-10-18 12:33:02,407 [Datanode State Machine Thread - 0] INFO  statemachine.DatanodeStateMachine (DatanodeStateMachine.java:lambda$startDaemon$0(350)) - Ozone container server started.
2019-10-18 12:33:02,670 [67d877d9-ecd0-4b7d-838e-89aa2c4103c0@group-A09C527D8C6F-LeaderElection259] INFO  impl.LeaderElection (LeaderElection.java:askForVotes(178)) - 67d877d9-ecd0-4b7d-838e-89aa2c4103c0@group-A09C527D8C6F-LeaderElection259: begin an election at term 314 for -1: [c39ba312-e57f-4b8c-998e-32538a6d88da:192.168.34.56:44039, 67d877d9-ecd0-4b7d-838e-89aa2c4103c0:192.168.34.56:33816, 6af5dfc0-d4d0-48db-9aa9-c45e51549e54:192.168.34.56:32981], old=null
2019-10-18 12:33:02,675 [67d877d9-ecd0-4b7d-838e-89aa2c4103c0@group-A09C527D8C6F-LeaderElection259] INFO  impl.LeaderElection (LeaderElection.java:run(137)) - 67d877d9-ecd0-4b7d-838e-89aa2c4103c0@group-A09C527D8C6F-LeaderElection259: IllegalArgumentException is safely ignored since this is already CLOSING
java.lang.IllegalArgumentException: 67d877d9-ecd0-4b7d-838e-89aa2c4103c0@group-A09C527D8C6F-SegmentedRaftLog is expected to be opened but it is CLOSED
	at org.apache.ratis.util.OpenCloseState.assertOpen(OpenCloseState.java:63)
	at org.apache.ratis.server.raftlog.RaftLog.checkLogState(RaftLog.java:102)
	at org.apache.ratis.server.raftlog.segmented.SegmentedRaftLog.getLastEntryTermIndex(SegmentedRaftLog.java:345)
	at org.apache.ratis.server.impl.LeaderElection.askForVotes(LeaderElection.java:180)
	at org.apache.ratis.server.impl.LeaderElection.run(LeaderElection.java:133)
	at java.lang.Thread.run(Thread.java:748)
Caused by: org.apache.ratis.util.OpenCloseState$CloseTrace: Close 67d877d9-ecd0-4b7d-838e-89aa2c4103c0@group-A09C527D8C6F-SegmentedRaftLog
	at org.apache.ratis.util.OpenCloseState.lambda$close$1(OpenCloseState.java:109)
	at java.util.concurrent.atomic.AtomicReference.getAndUpdate(AtomicReference.java:160)
	at org.apache.ratis.util.OpenCloseState.close(OpenCloseState.java:109)
	at org.apache.ratis.server.raftlog.RaftLog.close(RaftLog.java:437)
	at org.apache.ratis.server.raftlog.segmented.SegmentedRaftLog.close(SegmentedRaftLog.java:500)
	at org.apache.ratis.server.impl.ServerState.close(ServerState.java:390)
	at org.apache.ratis.server.impl.RaftServerImpl.lambda$shutdown$3(RaftServerImpl.java:283)
	at org.apache.ratis.util.LifeCycle.lambda$checkStateAndClose$2(LifeCycle.java:231)
	at org.apache.ratis.util.LifeCycle.checkStateAndClose(LifeCycle.java:251)
	at org.apache.ratis.util.LifeCycle.checkStateAndClose(LifeCycle.java:229)
	at org.apache.ratis.server.impl.RaftServerImpl.shutdown(RaftServerImpl.java:260)
	at org.apache.ratis.server.impl.RaftServerProxy$ImplMap.lambda$close$0(RaftServerProxy.java:107)
	at java.util.stream.ForEachOps$ForEachOp$OfRef.accept(ForEachOps.java:183)
	at java.util.stream.ReferencePipeline$3$1.accept(ReferencePipeline.java:193)
	at java.util.concurrent.ConcurrentHashMap$ValueSpliterator.forEachRemaining(ConcurrentHashMap.java:3566)
	at java.util.stream.AbstractPipeline.copyInto(AbstractPipeline.java:482)
	at java.util.stream.ForEachOps$ForEachTask.compute(ForEachOps.java:290)
	at java.util.concurrent.CountedCompleter.exec(CountedCompleter.java:731)
	at java.util.concurrent.ForkJoinTask.doExec(ForkJoinTask.java:289)
	at java.util.concurrent.ForkJoinTask.doInvoke(ForkJoinTask.java:401)
	at java.util.concurrent.ForkJoinTask.invoke(ForkJoinTask.java:734)
	at java.util.stream.ForEachOps$ForEachOp.evaluateParallel(ForEachOps.java:159)
	at java.util.stream.ForEachOps$ForEachOp$OfRef.evaluateParallel(ForEachOps.java:173)
	at java.util.stream.AbstractPipeline.evaluate(AbstractPipeline.java:233)
	at java.util.stream.ReferencePipeline.forEach(ReferencePipeline.java:485)
	at org.apache.ratis.server.impl.RaftServerProxy$ImplMap.close(RaftServerProxy.java:107)
	at org.apache.ratis.server.impl.RaftServerProxy.lambda$close$4(RaftServerProxy.java:315)
	at org.apache.ratis.util.LifeCycle.lambda$checkStateAndClose$2(LifeCycle.java:231)
	at org.apache.ratis.util.LifeCycle.checkStateAndClose(LifeCycle.java:251)
	at org.apache.ratis.util.LifeCycle.checkStateAndClose(LifeCycle.java:229)
	at org.apache.ratis.server.impl.RaftServerProxy.close(RaftServerProxy.java:313)
	at org.apache.hadoop.ozone.container.common.transport.server.ratis.XceiverServerRatis.stop(XceiverServerRatis.java:448)
	at org.apache.hadoop.ozone.container.ozoneimpl.OzoneContainer.stop(OzoneContainer.java:229)
	at org.apache.hadoop.ozone.container.common.statemachine.DatanodeStateMachine.close(DatanodeStateMachine.java:270)
	at org.apache.hadoop.ozone.container.common.statemachine.DatanodeStateMachine.stopDaemon(DatanodeStateMachine.java:394)
	at org.apache.hadoop.ozone.HddsDatanodeService.stop(HddsDatanodeService.java:457)
	at org.apache.hadoop.ozone.MiniOzoneClusterImpl.stopDatanode(MiniOzoneClusterImpl.java:385)
	at java.util.stream.ForEachOps$ForEachOp$OfRef.accept(ForEachOps.java:183)
	at java.util.ArrayList$ArrayListSpliterator.forEachRemaining(ArrayList.java:1382)
	at java.util.stream.AbstractPipeline.copyInto(AbstractPipeline.java:482)
	at java.util.stream.ForEachOps$ForEachTask.compute(ForEachOps.java:290)
	at java.util.concurrent.CountedCompleter.exec(CountedCompleter.java:731)
	at java.util.concurrent.ForkJoinTask.doExec(ForkJoinTask.java:289)
	at java.util.concurrent.ForkJoinTask.doInvoke(ForkJoinTask.java:401)
	at java.util.concurrent.ForkJoinTask.invoke(ForkJoinTask.java:734)
	at java.util.stream.ForEachOps$ForEachOp.evaluateParallel(ForEachOps.java:159)
	at java.util.stream.ForEachOps$ForEachOp$OfRef.evaluateParallel(ForEachOps.java:173)
	at java.util.stream.AbstractPipeline.evaluate(AbstractPipeline.java:233)
	at java.util.stream.ReferencePipeline.forEach(ReferencePipeline.java:485)
	at java.util.stream.ReferencePipeline$Head.forEach(ReferencePipeline.java:650)
	at org.apache.hadoop.ozone.MiniOzoneClusterImpl.stopDatanodes(MiniOzoneClusterImpl.java:379)
	at org.apache.hadoop.ozone.MiniOzoneClusterImpl.stop(MiniOzoneClusterImpl.java:332)
	at org.apache.hadoop.ozone.MiniOzoneClusterImpl.shutdown(MiniOzoneClusterImpl.java:319)
	at org.apache.hadoop.ozone.scm.TestSCMContainerPlacementPolicyMetrics.teardown(TestSCMContainerPlacementPolicyMetrics.java:154)
	at sun.reflect.NativeMethodAccessorImpl.invoke0(Native Method)
	at sun.reflect.NativeMethodAccessorImpl.invoke(NativeMethodAccessorImpl.java:62)
	at sun.reflect.DelegatingMethodAccessorImpl.invoke(DelegatingMethodAccessorImpl.java:43)
	at java.lang.reflect.Method.invoke(Method.java:498)
	at org.junit.runners.model.FrameworkMethod$1.runReflectiveCall(FrameworkMethod.java:47)
	at org.junit.internal.runners.model.ReflectiveCallable.run(ReflectiveCallable.java:12)
	at org.junit.runners.model.FrameworkMethod.invokeExplosively(FrameworkMethod.java:44)
	at org.junit.internal.runners.statements.RunAfters.evaluate(RunAfters.java:33)
	at org.junit.runners.ParentRunner.runLeaf(ParentRunner.java:271)
	at org.junit.runners.BlockJUnit4ClassRunner.runChild(BlockJUnit4ClassRunner.java:70)
	at org.junit.runners.BlockJUnit4ClassRunner.runChild(BlockJUnit4ClassRunner.java:50)
	at org.junit.runners.ParentRunner$3.run(ParentRunner.java:238)
	at org.junit.runners.ParentRunner$1.schedule(ParentRunner.java:63)
	at org.junit.runners.ParentRunner.runChildren(ParentRunner.java:236)
	at org.junit.runners.ParentRunner.access$000(ParentRunner.java:53)
	at org.junit.runners.ParentRunner$2.evaluate(ParentRunner.java:229)
	at org.junit.runners.ParentRunner.run(ParentRunner.java:309)
	at org.apache.maven.surefire.junit4.JUnit4Provider.execute(JUnit4Provider.java:365)
	at org.apache.maven.surefire.junit4.JUnit4Provider.executeWithRerun(JUnit4Provider.java:273)
	at org.apache.maven.surefire.junit4.JUnit4Provider.executeTestSet(JUnit4Provider.java:238)
	at org.apache.maven.surefire.junit4.JUnit4Provider.invoke(JUnit4Provider.java:159)
	at org.apache.maven.surefire.booter.ForkedBooter.invokeProviderInSameClassLoader(ForkedBooter.java:384)
	at org.apache.maven.surefire.booter.ForkedBooter.runSuitesInProcess(ForkedBooter.java:345)
	at org.apache.maven.surefire.booter.ForkedBooter.execute(ForkedBooter.java:126)
	at org.apache.maven.surefire.booter.ForkedBooter.main(ForkedBooter.java:418)
2019-10-18 12:33:04,390 [Thread-2137] INFO  impl.FollowerState (FollowerState.java:run(108)) - 6af5dfc0-d4d0-48db-9aa9-c45e51549e54@group-A09C527D8C6F-FollowerState: change to CANDIDATE, lastRpcTime:5028ms, electionTimeout:5028ms
2019-10-18 12:33:04,391 [Thread-2137] INFO  impl.RoleInfo (RoleInfo.java:shutdownFollowerState(121)) - 6af5dfc0-d4d0-48db-9aa9-c45e51549e54: shutdown FollowerState
2019-10-18 12:33:04,391 [Thread-2137] INFO  impl.RaftServerImpl (RaftServerImpl.java:setRole(184)) - 6af5dfc0-d4d0-48db-9aa9-c45e51549e54@group-A09C527D8C6F: changes role from  FOLLOWER to CANDIDATE at term 313 for changeToCandidate
2019-10-18 12:33:04,391 [Thread-2137] INFO  impl.RoleInfo (RoleInfo.java:updateAndGet(143)) - 6af5dfc0-d4d0-48db-9aa9-c45e51549e54: start LeaderElection
2019-10-18 12:33:04,533 [Thread-2136] INFO  impl.FollowerState (FollowerState.java:run(108)) - c39ba312-e57f-4b8c-998e-32538a6d88da@group-A09C527D8C6F-FollowerState: change to CANDIDATE, lastRpcTime:5171ms, electionTimeout:5171ms
2019-10-18 12:33:04,533 [Thread-2136] INFO  impl.RoleInfo (RoleInfo.java:shutdownFollowerState(121)) - c39ba312-e57f-4b8c-998e-32538a6d88da: shutdown FollowerState
2019-10-18 12:33:04,533 [Thread-2136] INFO  impl.RaftServerImpl (RaftServerImpl.java:setRole(184)) - c39ba312-e57f-4b8c-998e-32538a6d88da@group-A09C527D8C6F: changes role from  FOLLOWER to CANDIDATE at term 313 for changeToCandidate
2019-10-18 12:33:05,204 [Thread-2136] INFO  impl.RoleInfo (RoleInfo.java:updateAndGet(143)) - c39ba312-e57f-4b8c-998e-32538a6d88da: start LeaderElection
2019-10-18 12:33:06,752 [main] INFO  ozoneimpl.OzoneContainer (OzoneContainer.java:stop(227)) - Attempting to stop container services.
2019-10-18 12:33:06,752 [main] INFO  impl.RaftServerProxy (RaftServerProxy.java:lambda$close$4(314)) - c39ba312-e57f-4b8c-998e-32538a6d88da: close
2019-10-18 12:33:06,752 [ForkJoinPool.commonPool-worker-0] INFO  ozoneimpl.OzoneContainer (OzoneContainer.java:stop(227)) - Attempting to stop container services.
2019-10-18 12:33:06,753 [main] INFO  impl.RaftServerImpl (RaftServerImpl.java:lambda$shutdown$3(261)) - c39ba312-e57f-4b8c-998e-32538a6d88da@group-A32815907D58: shutdown
2019-10-18 12:33:06,753 [ForkJoinPool.commonPool-worker-0] INFO  impl.RaftServerProxy (RaftServerProxy.java:lambda$close$4(314)) - 6af5dfc0-d4d0-48db-9aa9-c45e51549e54: close
2019-10-18 12:33:06,753 [main] INFO  util.JmxRegister (JmxRegister.java:unregister(73)) - Successfully un-registered JMX Bean with object name Ratis:service=RaftServer,group=group-A32815907D58,id=c39ba312-e57f-4b8c-998e-32538a6d88da
2019-10-18 12:33:06,753 [ForkJoinPool.commonPool-worker-0] INFO  impl.RaftServerImpl (RaftServerImpl.java:lambda$shutdown$3(261)) - 6af5dfc0-d4d0-48db-9aa9-c45e51549e54@group-A09C527D8C6F: shutdown
2019-10-18 12:33:06,753 [main] INFO  impl.RoleInfo (RoleInfo.java:shutdownLeaderState(104)) - c39ba312-e57f-4b8c-998e-32538a6d88da: shutdown LeaderState
2019-10-18 12:33:06,753 [ForkJoinPool.commonPool-worker-0] INFO  util.JmxRegister (JmxRegister.java:unregister(73)) - Successfully un-registered JMX Bean with object name Ratis:service=RaftServer,group=group-A09C527D8C6F,id=6af5dfc0-d4d0-48db-9aa9-c45e51549e54
2019-10-18 12:33:06,754 [main] INFO  impl.PendingRequests (PendingRequests.java:sendNotLeaderResponses(202)) - c39ba312-e57f-4b8c-998e-32538a6d88da@group-A32815907D58-PendingRequests: sendNotLeaderResponses
2019-10-18 12:33:06,754 [ForkJoinPool.commonPool-worker-0] INFO  impl.RoleInfo (RoleInfo.java:shutdownLeaderElection(134)) - 6af5dfc0-d4d0-48db-9aa9-c45e51549e54: shutdown LeaderElection
2019-10-18 12:33:06,754 [main] INFO  impl.StateMachineUpdater (StateMachineUpdater.java:stopAndJoin(136)) - c39ba312-e57f-4b8c-998e-32538a6d88da@group-A32815907D58-StateMachineUpdater: set stopIndex = 0
2019-10-18 12:33:06,754 [ForkJoinPool.commonPool-worker-0] INFO  impl.StateMachineUpdater (StateMachineUpdater.java:stopAndJoin(136)) - 6af5dfc0-d4d0-48db-9aa9-c45e51549e54@group-A09C527D8C6F-StateMachineUpdater: set stopIndex = -1
2019-10-18 12:33:06,756 [main] INFO  impl.RaftServerImpl (ServerState.java:close(388)) - c39ba312-e57f-4b8c-998e-32538a6d88da@group-A32815907D58: closes. applyIndex: 0
2019-10-18 12:33:06,756 [ForkJoinPool.commonPool-worker-0] INFO  impl.RaftServerImpl (ServerState.java:close(388)) - 6af5dfc0-d4d0-48db-9aa9-c45e51549e54@group-A09C527D8C6F: closes. applyIndex: -1
2019-10-18 12:33:06,756 [c39ba312-e57f-4b8c-998e-32538a6d88da@group-A32815907D58-SegmentedRaftLogWorker] INFO  segmented.SegmentedRaftLogWorker (SegmentedRaftLogWorker.java:run(316)) - c39ba312-e57f-4b8c-998e-32538a6d88da@group-A32815907D58-SegmentedRaftLogWorker was interrupted, exiting. There are 0 tasks remaining in the queue.
2019-10-18 12:33:06,756 [6af5dfc0-d4d0-48db-9aa9-c45e51549e54@group-A09C527D8C6F-SegmentedRaftLogWorker] INFO  segmented.SegmentedRaftLogWorker (SegmentedRaftLogWorker.java:run(316)) - 6af5dfc0-d4d0-48db-9aa9-c45e51549e54@group-A09C527D8C6F-SegmentedRaftLogWorker was interrupted, exiting. There are 0 tasks remaining in the queue.
2019-10-18 12:33:06,757 [main] INFO  segmented.SegmentedRaftLogWorker (SegmentedRaftLogWorker.java:close(224)) - c39ba312-e57f-4b8c-998e-32538a6d88da@group-A32815907D58-SegmentedRaftLogWorker close()
2019-10-18 12:33:06,757 [ForkJoinPool.commonPool-worker-0] INFO  segmented.SegmentedRaftLogWorker (SegmentedRaftLogWorker.java:close(224)) - 6af5dfc0-d4d0-48db-9aa9-c45e51549e54@group-A09C527D8C6F-SegmentedRaftLogWorker close()
2019-10-18 12:33:06,758 [main] INFO  impl.RaftServerImpl (RaftServerImpl.java:lambda$shutdown$3(261)) - c39ba312-e57f-4b8c-998e-32538a6d88da@group-A09C527D8C6F: shutdown
2019-10-18 12:33:06,759 [ForkJoinPool.commonPool-worker-0] INFO  impl.RaftServerImpl (RaftServerImpl.java:lambda$shutdown$3(261)) - 6af5dfc0-d4d0-48db-9aa9-c45e51549e54@group-1B72D90B0FC7: shutdown
2019-10-18 12:33:06,759 [main] INFO  util.JmxRegister (JmxRegister.java:unregister(73)) - Successfully un-registered JMX Bean with object name Ratis:service=RaftServer,group=group-A09C527D8C6F,id=c39ba312-e57f-4b8c-998e-32538a6d88da
2019-10-18 12:33:06,760 [ForkJoinPool.commonPool-worker-0] INFO  util.JmxRegister (JmxRegister.java:unregister(73)) - Successfully un-registered JMX Bean with object name Ratis:service=RaftServer,group=group-1B72D90B0FC7,id=6af5dfc0-d4d0-48db-9aa9-c45e51549e54
2019-10-18 12:33:06,760 [main] INFO  impl.RoleInfo (RoleInfo.java:shutdownLeaderElection(134)) - c39ba312-e57f-4b8c-998e-32538a6d88da: shutdown LeaderElection
2019-10-18 12:33:06,760 [ForkJoinPool.commonPool-worker-0] INFO  impl.RoleInfo (RoleInfo.java:shutdownLeaderState(104)) - 6af5dfc0-d4d0-48db-9aa9-c45e51549e54: shutdown LeaderState
2019-10-18 12:33:06,760 [main] INFO  impl.StateMachineUpdater (StateMachineUpdater.java:stopAndJoin(136)) - c39ba312-e57f-4b8c-998e-32538a6d88da@group-A09C527D8C6F-StateMachineUpdater: set stopIndex = -1
2019-10-18 12:33:06,761 [ForkJoinPool.commonPool-worker-0] INFO  impl.PendingRequests (PendingRequests.java:sendNotLeaderResponses(202)) - 6af5dfc0-d4d0-48db-9aa9-c45e51549e54@group-1B72D90B0FC7-PendingRequests: sendNotLeaderResponses
2019-10-18 12:33:06,761 [main] INFO  impl.RaftServerImpl (ServerState.java:close(388)) - c39ba312-e57f-4b8c-998e-32538a6d88da@group-A09C527D8C6F: closes. applyIndex: -1
2019-10-18 12:33:06,761 [ForkJoinPool.commonPool-worker-0] INFO  impl.StateMachineUpdater (StateMachineUpdater.java:stopAndJoin(136)) - 6af5dfc0-d4d0-48db-9aa9-c45e51549e54@group-1B72D90B0FC7-StateMachineUpdater: set stopIndex = 0
2019-10-18 12:33:06,761 [c39ba312-e57f-4b8c-998e-32538a6d88da@group-A09C527D8C6F-SegmentedRaftLogWorker] INFO  segmented.SegmentedRaftLogWorker (SegmentedRaftLogWorker.java:run(316)) - c39ba312-e57f-4b8c-998e-32538a6d88da@group-A09C527D8C6F-SegmentedRaftLogWorker was interrupted, exiting. There are 0 tasks remaining in the queue.
2019-10-18 12:33:06,761 [ForkJoinPool.commonPool-worker-0] INFO  impl.RaftServerImpl (ServerState.java:close(388)) - 6af5dfc0-d4d0-48db-9aa9-c45e51549e54@group-1B72D90B0FC7: closes. applyIndex: 0
2019-10-18 12:33:06,762 [main] INFO  segmented.SegmentedRaftLogWorker (SegmentedRaftLogWorker.java:close(224)) - c39ba312-e57f-4b8c-998e-32538a6d88da@group-A09C527D8C6F-SegmentedRaftLogWorker close()
2019-10-18 12:33:06,762 [6af5dfc0-d4d0-48db-9aa9-c45e51549e54@group-1B72D90B0FC7-SegmentedRaftLogWorker] INFO  segmented.SegmentedRaftLogWorker (SegmentedRaftLogWorker.java:run(316)) - 6af5dfc0-d4d0-48db-9aa9-c45e51549e54@group-1B72D90B0FC7-SegmentedRaftLogWorker was interrupted, exiting. There are 0 tasks remaining in the queue.
2019-10-18 12:33:06,763 [main] INFO  server.GrpcService (GrpcService.java:closeImpl(164)) - c39ba312-e57f-4b8c-998e-32538a6d88da: shutdown server with port 44039 now
2019-10-18 12:33:06,764 [ForkJoinPool.commonPool-worker-0] INFO  segmented.SegmentedRaftLogWorker (SegmentedRaftLogWorker.java:close(224)) - 6af5dfc0-d4d0-48db-9aa9-c45e51549e54@group-1B72D90B0FC7-SegmentedRaftLogWorker close()
2019-10-18 12:33:06,765 [main] INFO  server.GrpcService (GrpcService.java:closeImpl(172)) - c39ba312-e57f-4b8c-998e-32538a6d88da: shutdown server with port 44039 successfully
2019-10-18 12:33:06,765 [ForkJoinPool.commonPool-worker-0] INFO  server.GrpcService (GrpcService.java:closeImpl(164)) - 6af5dfc0-d4d0-48db-9aa9-c45e51549e54: shutdown server with port 32981 now
2019-10-18 12:33:06,765 [ForkJoinPool.commonPool-worker-0] INFO  server.GrpcService (GrpcService.java:closeImpl(172)) - 6af5dfc0-d4d0-48db-9aa9-c45e51549e54: shutdown server with port 32981 successfully
2019-10-18 12:33:06,766 [refreshUsed-/workdir/hadoop-ozone/integration-test/target/test-dir/MiniOzoneClusterImpl-09368371-5dcc-462f-b108-fe46c3d39f8a/datanode-3/data/containers] WARN  fs.CachingGetSpaceUsed (CachingGetSpaceUsed.java:run(183)) - Thread Interrupted waiting to refresh disk information: sleep interrupted
2019-10-18 12:33:06,770 [refreshUsed-/workdir/hadoop-ozone/integration-test/target/test-dir/MiniOzoneClusterImpl-09368371-5dcc-462f-b108-fe46c3d39f8a/datanode-0/data/containers] WARN  fs.CachingGetSpaceUsed (CachingGetSpaceUsed.java:run(183)) - Thread Interrupted waiting to refresh disk information: sleep interrupted
2019-10-18 12:33:06,788 [main] INFO  utils.BackgroundService (BackgroundService.java:shutdown(151)) - Shutting down service BlockDeletingService
2019-10-18 12:33:06,790 [main] INFO  statemachine.DatanodeStateMachine (DatanodeStateMachine.java:stopDaemon(395)) - Ozone container server stopped.
2019-10-18 12:33:06,790 [ForkJoinPool.commonPool-worker-0] INFO  utils.BackgroundService (BackgroundService.java:shutdown(151)) - Shutting down service BlockDeletingService
2019-10-18 12:33:06,792 [ForkJoinPool.commonPool-worker-0] INFO  statemachine.DatanodeStateMachine (DatanodeStateMachine.java:stopDaemon(395)) - Ozone container server stopped.
2019-10-18 12:33:06,793 [main] INFO  handler.ContextHandler (ContextHandler.java:doStop(910)) - Stopped o.e.j.w.WebAppContext@640ab13c{/,null,UNAVAILABLE}{/hddsDatanode}
2019-10-18 12:33:06,793 [ForkJoinPool.commonPool-worker-0] INFO  handler.ContextHandler (ContextHandler.java:doStop(910)) - Stopped o.e.j.w.WebAppContext@59696551{/,null,UNAVAILABLE}{/hddsDatanode}
2019-10-18 12:33:06,794 [main] INFO  server.AbstractConnector (AbstractConnector.java:doStop(318)) - Stopped ServerConnector@1e0a864d{HTTP/1.1,[http/1.1]}{0.0.0.0:0}
2019-10-18 12:33:06,794 [ForkJoinPool.commonPool-worker-0] INFO  server.AbstractConnector (AbstractConnector.java:doStop(318)) - Stopped ServerConnector@648d0e6d{HTTP/1.1,[http/1.1]}{0.0.0.0:0}
2019-10-18 12:33:06,794 [main] INFO  handler.ContextHandler (ContextHandler.java:doStop(910)) - Stopped o.e.j.s.ServletContextHandler@59bbe88a{/static,jar:file:/home/user/.m2/repository/org/apache/hadoop/hadoop-hdds-container-service/0.5.0-SNAPSHOT/hadoop-hdds-container-service-0.5.0-SNAPSHOT.jar!/webapps/static,UNAVAILABLE}
2019-10-18 12:33:06,794 [ForkJoinPool.commonPool-worker-0] INFO  handler.ContextHandler (ContextHandler.java:doStop(910)) - Stopped o.e.j.s.ServletContextHandler@79a04e5f{/static,jar:file:/home/user/.m2/repository/org/apache/hadoop/hadoop-hdds-container-service/0.5.0-SNAPSHOT/hadoop-hdds-container-service-0.5.0-SNAPSHOT.jar!/webapps/static,UNAVAILABLE}
2019-10-18 12:33:06,795 [main] INFO  handler.ContextHandler (ContextHandler.java:doStop(910)) - Stopped o.e.j.s.ServletContextHandler@77049094{/logs,file:///workdir/hadoop-ozone/integration-test/target/log,UNAVAILABLE}
2019-10-18 12:33:06,795 [ForkJoinPool.commonPool-worker-0] INFO  handler.ContextHandler (ContextHandler.java:doStop(910)) - Stopped o.e.j.s.ServletContextHandler@1ab5f08a{/logs,file:///workdir/hadoop-ozone/integration-test/target/log,UNAVAILABLE}
2019-10-18 12:33:06,796 [main] INFO  ozone.MiniOzoneClusterImpl (MiniOzoneClusterImpl.java:stopSCM(392)) - Stopping the StorageContainerManager
2019-10-18 12:33:06,796 [main] INFO  server.StorageContainerManager (StorageContainerManager.java:stop(810)) - Stopping Replication Manager Service.
2019-10-18 12:33:06,797 [main] INFO  container.ReplicationManager (ReplicationManager.java:stop(203)) - Stopping Replication Monitor Thread.
2019-10-18 12:33:06,797 [main] INFO  server.StorageContainerManager (StorageContainerManager.java:stop(817)) - Stopping Lease Manager of the command watchers
2019-10-18 12:33:06,797 [main] INFO  server.StorageContainerManager (StorageContainerManager.java:stop(824)) - Stopping datanode service RPC server
2019-10-18 12:33:06,797 [main] INFO  server.SCMDatanodeProtocolServer (SCMDatanodeProtocolServer.java:stop(346)) - Stopping the RPC server for DataNodes
2019-10-18 12:33:06,797 [main] INFO  ipc.Server (Server.java:stop(3082)) - Stopping server on 44204
2019-10-18 12:33:06,799 [IPC Server listener on 44204] INFO  ipc.Server (Server.java:run(1185)) - Stopping IPC Server listener on 44204
2019-10-18 12:33:06,799 [IPC Server Responder] INFO  ipc.Server (Server.java:run(1319)) - Stopping IPC Server Responder
2019-10-18 12:33:06,845 [SCM Heartbeat Processing Thread - 0] WARN  node.NodeStateManager (NodeStateManager.java:scheduleNextHealthCheck(646)) - Current Thread is interrupted, shutting down HB processing thread for Node Manager.
2019-10-18 12:33:06,846 [main] INFO  server.StorageContainerManager (StorageContainerManager.java:stop(832)) - Stopping block service RPC server
2019-10-18 12:33:06,846 [main] INFO  server.SCMBlockProtocolServer (SCMBlockProtocolServer.java:stop(155)) - Stopping the RPC server for Block Protocol
2019-10-18 12:33:06,846 [main] INFO  ipc.Server (Server.java:stop(3082)) - Stopping server on 44742
2019-10-18 12:33:06,848 [IPC Server listener on 44742] INFO  ipc.Server (Server.java:run(1185)) - Stopping IPC Server listener on 44742
2019-10-18 12:33:06,848 [main] INFO  server.StorageContainerManager (StorageContainerManager.java:stop(839)) - Stopping the StorageContainerLocationProtocol RPC server
2019-10-18 12:33:06,850 [IPC Server Responder] INFO  ipc.Server (Server.java:run(1319)) - Stopping IPC Server Responder
2019-10-18 12:33:06,850 [main] INFO  server.SCMClientProtocolServer (SCMClientProtocolServer.java:stop(168)) - Stopping the RPC server for Client Protocol
2019-10-18 12:33:06,850 [main] INFO  ipc.Server (Server.java:stop(3082)) - Stopping server on 39213
2019-10-18 12:33:06,851 [IPC Server listener on 39213] INFO  ipc.Server (Server.java:run(1185)) - Stopping IPC Server listener on 39213
2019-10-18 12:33:06,851 [main] INFO  server.StorageContainerManager (StorageContainerManager.java:stop(846)) - Stopping Storage Container Manager HTTP server.
2019-10-18 12:33:06,852 [IPC Server Responder] INFO  ipc.Server (Server.java:run(1319)) - Stopping IPC Server Responder
2019-10-18 12:33:06,853 [main] INFO  handler.ContextHandler (ContextHandler.java:doStop(910)) - Stopped o.e.j.w.WebAppContext@7fb9f71f{/,null,UNAVAILABLE}{/scm}
2019-10-18 12:33:06,854 [main] INFO  server.AbstractConnector (AbstractConnector.java:doStop(318)) - Stopped ServerConnector@407cf41{HTTP/1.1,[http/1.1]}{0.0.0.0:0}
2019-10-18 12:33:06,855 [main] INFO  handler.ContextHandler (ContextHandler.java:doStop(910)) - Stopped o.e.j.s.ServletContextHandler@424ebba3{/static,file:///workdir/hadoop-ozone/integration-test/target/test-classes/webapps/static,UNAVAILABLE}
2019-10-18 12:33:06,855 [main] INFO  handler.ContextHandler (ContextHandler.java:doStop(910)) - Stopped o.e.j.s.ServletContextHandler@a43ce46{/logs,file:///workdir/hadoop-ozone/integration-test/target/log,UNAVAILABLE}
2019-10-18 12:33:06,856 [main] INFO  server.StorageContainerManager (StorageContainerManager.java:stop(857)) - Stopping Block Manager Service.
2019-10-18 12:33:06,856 [main] INFO  utils.BackgroundService (BackgroundService.java:shutdown(151)) - Shutting down service SCMBlockDeletingService
2019-10-18 12:33:06,856 [main] INFO  utils.BackgroundService (BackgroundService.java:shutdown(151)) - Shutting down service SCMBlockDeletingService
2019-10-18 12:33:06,857 [main] INFO  server.StorageContainerManager (StorageContainerManager.java:stop(879)) - Stopping SCM Event Queue.
2019-10-18 12:33:06,864 [main] INFO  impl.MetricsSystemImpl (MetricsSystemImpl.java:stop(210)) - Stopping XceiverClientMetrics metrics system...
2019-10-18 12:33:06,870 [prometheus] INFO  impl.MetricsSinkAdapter (MetricsSinkAdapter.java:publishMetricsFromQueue(141)) - prometheus thread interrupted.
2019-10-18 12:33:06,870 [main] INFO  impl.MetricsSystemImpl (MetricsSystemImpl.java:stop(216)) - XceiverClientMetrics metrics system stopped.
]]></system-out>
    <system-err><![CDATA[ERROR StatusLogger No Log4j 2 configuration file found. Using default configuration (logging only errors to the console), or user programmatically provided configurations. Set system property 'log4j2.debug' to show Log4j 2 internal initialization logging. See https://logging.apache.org/log4j/2.x/manual/configuration.html for instructions on how to configure Log4j 2
]]></system-err>
  </testcase>
</testsuite>