<?xml version="1.0" encoding="UTF-8"?>
<testsuite xmlns:xsi="http://www.w3.org/2001/XMLSchema-instance" xsi:noNamespaceSchemaLocation="https://maven.apache.org/surefire/maven-surefire-plugin/xsd/surefire-test-report.xsd" name="org.apache.hadoop.ozone.client.rpc.TestFailureHandlingByClient" time="327.757" tests="5" errors="1" skipped="0" failures="0">
  <properties>
    <property name="awt.toolkit" value="sun.awt.X11.XToolkit"/>
    <property name="file.encoding.pkg" value="sun.io"/>
    <property name="java.specification.version" value="1.8"/>
    <property name="sun.cpu.isalist" value=""/>
    <property name="sun.jnu.encoding" value="ANSI_X3.4-1968"/>
    <property name="java.class.path" value="/workdir/hadoop-ozone/integration-test/target/test-classes:/workdir/hadoop-ozone/integration-test/target/classes:/home/user/.m2/repository/org/apache/hadoop/hadoop-ozone-common/0.5.0-SNAPSHOT/hadoop-ozone-common-0.5.0-SNAPSHOT.jar:/home/user/.m2/repository/org/apache/commons/commons-compress/1.4.1/commons-compress-1.4.1.jar:/home/user/.m2/repository/org/tukaani/xz/1.0/xz-1.0.jar:/home/user/.m2/repository/org/apache/hadoop/hadoop-common/3.2.0/hadoop-common-3.2.0.jar:/home/user/.m2/repository/org/apache/hadoop/hadoop-hdfs/3.2.0/hadoop-hdfs-3.2.0.jar:/home/user/.m2/repository/org/apache/hadoop/hadoop-hdfs-client/3.2.0/hadoop-hdfs-client-3.2.0.jar:/home/user/.m2/repository/com/fasterxml/jackson/core/jackson-annotations/2.9.9/jackson-annotations-2.9.9.jar:/home/user/.m2/repository/org/apache/hadoop/hadoop-hdds-common/0.5.0-SNAPSHOT/hadoop-hdds-common-0.5.0-SNAPSHOT.jar:/home/user/.m2/repository/javax/annotation/javax.annotation-api/1.2/javax.annotation-api-1.2.jar:/home/user/.m2/repository/org/apache/ratis/ratis-server/0.5.0-3f446aa-SNAPSHOT/ratis-server-0.5.0-3f446aa-SNAPSHOT.jar:/home/user/.m2/repository/org/apache/ratis/ratis-thirdparty-misc/0.2.0/ratis-thirdparty-misc-0.2.0.jar:/home/user/.m2/repository/org/apache/ratis/ratis-proto/0.5.0-3f446aa-SNAPSHOT/ratis-proto-0.5.0-3f446aa-SNAPSHOT.jar:/home/user/.m2/repository/org/apache/ratis/ratis-common/0.5.0-3f446aa-SNAPSHOT/ratis-common-0.5.0-3f446aa-SNAPSHOT.jar:/home/user/.m2/repository/org/apache/ratis/ratis-client/0.5.0-3f446aa-SNAPSHOT/ratis-client-0.5.0-3f446aa-SNAPSHOT.jar:/home/user/.m2/repository/org/apache/ratis/ratis-metrics/0.5.0-3f446aa-SNAPSHOT/ratis-metrics-0.5.0-3f446aa-SNAPSHOT.jar:/home/user/.m2/repository/com/github/joshelser/dropwizard-metrics-hadoop-metrics2-reporter/0.1.2/dropwizard-metrics-hadoop-metrics2-reporter-0.1.2.jar:/home/user/.m2/repository/io/dropwizard/metrics/metrics-jvm/3.2.5/metrics-jvm-3.2.5.jar:/home/user/.m2/repository/io/dropwizard/metrics/metrics-ganglia/3.2.5/metrics-ganglia-3.2.5.jar:/home/user/.m2/repository/info/ganglia/gmetric4j/gmetric4j/1.0.7/gmetric4j-1.0.7.jar:/home/user/.m2/repository/org/apache/ratis/ratis-netty/0.5.0-3f446aa-SNAPSHOT/ratis-netty-0.5.0-3f446aa-SNAPSHOT.jar:/home/user/.m2/repository/org/apache/ratis/ratis-grpc/0.5.0-3f446aa-SNAPSHOT/ratis-grpc-0.5.0-3f446aa-SNAPSHOT.jar:/home/user/.m2/repository/org/rocksdb/rocksdbjni/6.0.1/rocksdbjni-6.0.1.jar:/home/user/.m2/repository/org/apache/logging/log4j/log4j-api/2.11.0/log4j-api-2.11.0.jar:/home/user/.m2/repository/org/apache/logging/log4j/log4j-core/2.11.0/log4j-core-2.11.0.jar:/home/user/.m2/repository/com/lmax/disruptor/3.4.2/disruptor-3.4.2.jar:/home/user/.m2/repository/org/apache/commons/commons-pool2/2.6.0/commons-pool2-2.6.0.jar:/home/user/.m2/repository/org/bouncycastle/bcpkix-jdk15on/1.60/bcpkix-jdk15on-1.60.jar:/home/user/.m2/repository/commons-validator/commons-validator/1.6/commons-validator-1.6.jar:/home/user/.m2/repository/commons-digester/commons-digester/1.8.1/commons-digester-1.8.1.jar:/home/user/.m2/repository/io/jaegertracing/jaeger-client/0.34.0/jaeger-client-0.34.0.jar:/home/user/.m2/repository/io/jaegertracing/jaeger-thrift/0.34.0/jaeger-thrift-0.34.0.jar:/home/user/.m2/repository/org/apache/thrift/libthrift/0.12.0/libthrift-0.12.0.jar:/home/user/.m2/repository/com/squareup/okhttp3/okhttp/3.9.0/okhttp-3.9.0.jar:/home/user/.m2/repository/com/squareup/okio/okio/1.13.0/okio-1.13.0.jar:/home/user/.m2/repository/io/jaegertracing/jaeger-core/0.34.0/jaeger-core-0.34.0.jar:/home/user/.m2/repository/io/jaegertracing/jaeger-tracerresolver/0.34.0/jaeger-tracerresolver-0.34.0.jar:/home/user/.m2/repository/io/opentracing/contrib/opentracing-tracerresolver/0.1.5/opentracing-tracerresolver-0.1.5.jar:/home/user/.m2/repository/io/opentracing/opentracing-util/0.31.0/opentracing-util-0.31.0.jar:/home/user/.m2/repository/io/opentracing/opentracing-api/0.31.0/opentracing-api-0.31.0.jar:/home/user/.m2/repository/io/opentracing/opentracing-noop/0.31.0/opentracing-noop-0.31.0.jar:/home/user/.m2/repository/org/apache/hadoop/hadoop-hdds-server-framework/0.5.0-SNAPSHOT/hadoop-hdds-server-framework-0.5.0-SNAPSHOT.jar:/home/user/.m2/repository/org/apache/hadoop/hadoop-hdds-container-service/0.5.0-SNAPSHOT/hadoop-hdds-container-service-0.5.0-SNAPSHOT.jar:/home/user/.m2/repository/org/apache/hadoop/hadoop-hdds-client/0.5.0-SNAPSHOT/hadoop-hdds-client-0.5.0-SNAPSHOT.jar:/home/user/.m2/repository/org/apache/hadoop/hadoop-hdds-tools/0.5.0-SNAPSHOT/hadoop-hdds-tools-0.5.0-SNAPSHOT.jar:/home/user/.m2/repository/org/apache/hadoop/hadoop-hdds-server-scm/0.5.0-SNAPSHOT/hadoop-hdds-server-scm-0.5.0-SNAPSHOT.jar:/home/user/.m2/repository/org/apache/hadoop/hadoop-hdds-docs/0.5.0-SNAPSHOT/hadoop-hdds-docs-0.5.0-SNAPSHOT.jar:/home/user/.m2/repository/io/dropwizard/metrics/metrics-core/3.2.4/metrics-core-3.2.4.jar:/home/user/.m2/repository/org/hamcrest/hamcrest-all/1.3/hamcrest-all-1.3.jar:/home/user/.m2/repository/org/bouncycastle/bcprov-jdk15on/1.60/bcprov-jdk15on-1.60.jar:/home/user/.m2/repository/info/picocli/picocli/3.9.6/picocli-3.9.6.jar:/home/user/.m2/repository/com/google/protobuf/protobuf-java/2.5.0/protobuf-java-2.5.0.jar:/home/user/.m2/repository/com/google/guava/guava/11.0.2/guava-11.0.2.jar:/home/user/.m2/repository/org/apache/hadoop/hadoop-ozone-ozone-manager/0.5.0-SNAPSHOT/hadoop-ozone-ozone-manager-0.5.0-SNAPSHOT.jar:/home/user/.m2/repository/org/apache/hadoop/hadoop-minikdc/3.2.0/hadoop-minikdc-3.2.0.jar:/home/user/.m2/repository/commons-io/commons-io/2.5/commons-io-2.5.jar:/home/user/.m2/repository/org/apache/kerby/kerb-simplekdc/1.0.1/kerb-simplekdc-1.0.1.jar:/home/user/.m2/repository/org/apache/kerby/kerb-client/1.0.1/kerb-client-1.0.1.jar:/home/user/.m2/repository/org/apache/kerby/kerby-config/1.0.1/kerby-config-1.0.1.jar:/home/user/.m2/repository/org/apache/kerby/kerb-core/1.0.1/kerb-core-1.0.1.jar:/home/user/.m2/repository/org/apache/kerby/kerby-pkix/1.0.1/kerby-pkix-1.0.1.jar:/home/user/.m2/repository/org/apache/kerby/kerby-asn1/1.0.1/kerby-asn1-1.0.1.jar:/home/user/.m2/repository/org/apache/kerby/kerby-util/1.0.1/kerby-util-1.0.1.jar:/home/user/.m2/repository/org/apache/kerby/kerb-common/1.0.1/kerb-common-1.0.1.jar:/home/user/.m2/repository/org/apache/kerby/kerb-crypto/1.0.1/kerb-crypto-1.0.1.jar:/home/user/.m2/repository/org/apache/kerby/kerb-util/1.0.1/kerb-util-1.0.1.jar:/home/user/.m2/repository/org/apache/kerby/token-provider/1.0.1/token-provider-1.0.1.jar:/home/user/.m2/repository/org/apache/kerby/kerb-admin/1.0.1/kerb-admin-1.0.1.jar:/home/user/.m2/repository/org/apache/kerby/kerb-server/1.0.1/kerb-server-1.0.1.jar:/home/user/.m2/repository/org/apache/kerby/kerb-identity/1.0.1/kerb-identity-1.0.1.jar:/home/user/.m2/repository/org/apache/kerby/kerby-xdr/1.0.1/kerby-xdr-1.0.1.jar:/home/user/.m2/repository/org/slf4j/slf4j-log4j12/1.7.25/slf4j-log4j12-1.7.25.jar:/home/user/.m2/repository/org/apache/hadoop/hadoop-ozone-s3gateway/0.5.0-SNAPSHOT/hadoop-ozone-s3gateway-0.5.0-SNAPSHOT.jar:/home/user/.m2/repository/org/jboss/weld/servlet/weld-servlet/2.4.7.Final/weld-servlet-2.4.7.Final.jar:/home/user/.m2/repository/org/glassfish/jersey/containers/jersey-container-servlet-core/2.27/jersey-container-servlet-core-2.27.jar:/home/user/.m2/repository/org/glassfish/hk2/external/javax.inject/2.5.0-b42/javax.inject-2.5.0-b42.jar:/home/user/.m2/repository/org/glassfish/jersey/core/jersey-common/2.27/jersey-common-2.27.jar:/home/user/.m2/repository/org/glassfish/hk2/osgi-resource-locator/1.0.1/osgi-resource-locator-1.0.1.jar:/home/user/.m2/repository/javax/ws/rs/javax.ws.rs-api/2.1/javax.ws.rs-api-2.1.jar:/home/user/.m2/repository/org/glassfish/jersey/ext/cdi/jersey-cdi1x/2.27/jersey-cdi1x-2.27.jar:/home/user/.m2/repository/org/glassfish/jersey/inject/jersey-hk2/2.27/jersey-hk2-2.27.jar:/home/user/.m2/repository/org/glassfish/hk2/hk2-locator/2.5.0-b42/hk2-locator-2.5.0-b42.jar:/home/user/.m2/repository/org/javassist/javassist/3.22.0-CR2/javassist-3.22.0-CR2.jar:/home/user/.m2/repository/org/glassfish/hk2/hk2-api/2.5.0/hk2-api-2.5.0.jar:/home/user/.m2/repository/org/glassfish/hk2/external/jakarta.inject/2.5.0/jakarta.inject-2.5.0.jar:/home/user/.m2/repository/org/glassfish/hk2/hk2-utils/2.5.0/hk2-utils-2.5.0.jar:/home/user/.m2/repository/jakarta/annotation/jakarta.annotation-api/1.3.4/jakarta.annotation-api-1.3.4.jar:/home/user/.m2/repository/org/glassfish/hk2/external/aopalliance-repackaged/2.5.0/aopalliance-repackaged-2.5.0.jar:/home/user/.m2/repository/com/fasterxml/jackson/dataformat/jackson-dataformat-xml/2.9.0/jackson-dataformat-xml-2.9.0.jar:/home/user/.m2/repository/com/fasterxml/jackson/core/jackson-core/2.9.9/jackson-core-2.9.9.jar:/home/user/.m2/repository/com/fasterxml/jackson/module/jackson-module-jaxb-annotations/2.9.9/jackson-module-jaxb-annotations-2.9.9.jar:/home/user/.m2/repository/javax/enterprise/cdi-api/1.2/cdi-api-1.2.jar:/home/user/.m2/repository/javax/el/javax.el-api/3.0.0/javax.el-api-3.0.0.jar:/home/user/.m2/repository/javax/interceptor/javax.interceptor-api/1.2/javax.interceptor-api-1.2.jar:/home/user/.m2/repository/javax/inject/javax.inject/1/javax.inject-1.jar:/home/user/.m2/repository/com/sun/xml/bind/jaxb-impl/2.3.0.1/jaxb-impl-2.3.0.1.jar:/home/user/.m2/repository/com/sun/xml/bind/jaxb-core/2.3.0.1/jaxb-core-2.3.0.1.jar:/home/user/.m2/repository/javax/xml/bind/jaxb-api/2.3.0/jaxb-api-2.3.0.jar:/home/user/.m2/repository/javax/activation/activation/1.1.1/activation-1.1.1.jar:/home/user/.m2/repository/org/apache/hadoop/hadoop-ozone-csi/0.5.0-SNAPSHOT/hadoop-ozone-csi-0.5.0-SNAPSHOT.jar:/home/user/.m2/repository/com/google/protobuf/protobuf-java-util/3.5.1/protobuf-java-util-3.5.1.jar:/home/user/.m2/repository/org/apache/hadoop/hadoop-hdds-config/0.5.0-SNAPSHOT/hadoop-hdds-config-0.5.0-SNAPSHOT.jar:/home/user/.m2/repository/io/grpc/grpc-netty/1.17.1/grpc-netty-1.17.1.jar:/home/user/.m2/repository/io/grpc/grpc-core/1.17.1/grpc-core-1.17.1.jar:/home/user/.m2/repository/io/grpc/grpc-context/1.17.1/grpc-context-1.17.1.jar:/home/user/.m2/repository/com/google/errorprone/error_prone_annotations/2.2.0/error_prone_annotations-2.2.0.jar:/home/user/.m2/repository/org/codehaus/mojo/animal-sniffer-annotations/1.17/animal-sniffer-annotations-1.17.jar:/home/user/.m2/repository/io/opencensus/opencensus-api/0.17.0/opencensus-api-0.17.0.jar:/home/user/.m2/repository/io/opencensus/opencensus-contrib-grpc-metrics/0.17.0/opencensus-contrib-grpc-metrics-0.17.0.jar:/home/user/.m2/repository/io/netty/netty-codec-http2/4.1.30.Final/netty-codec-http2-4.1.30.Final.jar:/home/user/.m2/repository/io/netty/netty-codec-http/4.1.30.Final/netty-codec-http-4.1.30.Final.jar:/home/user/.m2/repository/io/netty/netty-codec/4.1.30.Final/netty-codec-4.1.30.Final.jar:/home/user/.m2/repository/io/netty/netty-handler/4.1.30.Final/netty-handler-4.1.30.Final.jar:/home/user/.m2/repository/io/netty/netty-handler-proxy/4.1.30.Final/netty-handler-proxy-4.1.30.Final.jar:/home/user/.m2/repository/io/netty/netty-codec-socks/4.1.30.Final/netty-codec-socks-4.1.30.Final.jar:/home/user/.m2/repository/io/netty/netty-transport-native-epoll/4.1.30.Final/netty-transport-native-epoll-4.1.30.Final.jar:/home/user/.m2/repository/io/netty/netty-common/4.1.30.Final/netty-common-4.1.30.Final.jar:/home/user/.m2/repository/io/netty/netty-buffer/4.1.30.Final/netty-buffer-4.1.30.Final.jar:/home/user/.m2/repository/io/netty/netty-transport/4.1.30.Final/netty-transport-4.1.30.Final.jar:/home/user/.m2/repository/io/netty/netty-resolver/4.1.30.Final/netty-resolver-4.1.30.Final.jar:/home/user/.m2/repository/io/netty/netty-transport-native-unix-common/4.1.30.Final/netty-transport-native-unix-common-4.1.30.Final.jar:/home/user/.m2/repository/io/grpc/grpc-protobuf/1.17.1/grpc-protobuf-1.17.1.jar:/home/user/.m2/repository/com/google/api/grpc/proto-google-common-protos/1.0.0/proto-google-common-protos-1.0.0.jar:/home/user/.m2/repository/io/grpc/grpc-protobuf-lite/1.17.1/grpc-protobuf-lite-1.17.1.jar:/home/user/.m2/repository/io/grpc/grpc-stub/1.17.1/grpc-stub-1.17.1.jar:/home/user/.m2/repository/org/apache/hadoop/hadoop-ozone-recon/0.5.0-SNAPSHOT/hadoop-ozone-recon-0.5.0-SNAPSHOT.jar:/home/user/.m2/repository/org/apache/hadoop/hadoop-ozone-reconcodegen/0.5.0-SNAPSHOT/hadoop-ozone-reconcodegen-0.5.0-SNAPSHOT.jar:/home/user/.m2/repository/com/google/inject/extensions/guice-multibindings/4.0/guice-multibindings-4.0.jar:/home/user/.m2/repository/com/google/inject/guice/4.0/guice-4.0.jar:/home/user/.m2/repository/aopalliance/aopalliance/1.0/aopalliance-1.0.jar:/home/user/.m2/repository/com/google/inject/extensions/guice-servlet/4.0/guice-servlet-4.0.jar:/home/user/.m2/repository/org/glassfish/jersey/containers/jersey-container-servlet/2.27/jersey-container-servlet-2.27.jar:/home/user/.m2/repository/org/glassfish/hk2/guice-bridge/2.5.0/guice-bridge-2.5.0.jar:/home/user/.m2/repository/org/glassfish/jersey/core/jersey-server/2.27/jersey-server-2.27.jar:/home/user/.m2/repository/org/glassfish/jersey/core/jersey-client/2.27/jersey-client-2.27.jar:/home/user/.m2/repository/org/glassfish/jersey/media/jersey-media-jaxb/2.27/jersey-media-jaxb-2.27.jar:/home/user/.m2/repository/javax/validation/validation-api/1.1.0.Final/validation-api-1.1.0.Final.jar:/home/user/.m2/repository/org/glassfish/jersey/media/jersey-media-json-jackson/2.27/jersey-media-json-jackson-2.27.jar:/home/user/.m2/repository/org/glassfish/jersey/ext/jersey-entity-filtering/2.27/jersey-entity-filtering-2.27.jar:/home/user/.m2/repository/com/google/inject/extensions/guice-assistedinject/4.0/guice-assistedinject-4.0.jar:/home/user/.m2/repository/org/jooq/jooq/3.11.10/jooq-3.11.10.jar:/home/user/.m2/repository/org/jooq/jooq-meta/3.11.10/jooq-meta-3.11.10.jar:/home/user/.m2/repository/org/jooq/jooq-codegen/3.11.10/jooq-codegen-3.11.10.jar:/home/user/.m2/repository/com/jolbox/bonecp/0.8.0.RELEASE/bonecp-0.8.0.RELEASE.jar:/home/user/.m2/repository/org/xerial/sqlite-jdbc/3.25.2/sqlite-jdbc-3.25.2.jar:/home/user/.m2/repository/org/springframework/spring-jdbc/5.1.3.RELEASE/spring-jdbc-5.1.3.RELEASE.jar:/home/user/.m2/repository/org/springframework/spring-beans/5.1.3.RELEASE/spring-beans-5.1.3.RELEASE.jar:/home/user/.m2/repository/org/springframework/spring-core/5.1.3.RELEASE/spring-core-5.1.3.RELEASE.jar:/home/user/.m2/repository/org/springframework/spring-jcl/5.1.3.RELEASE/spring-jcl-5.1.3.RELEASE.jar:/home/user/.m2/repository/org/springframework/spring-tx/5.1.3.RELEASE/spring-tx-5.1.3.RELEASE.jar:/home/user/.m2/repository/org/apache/hadoop/hadoop-ozone-client/0.5.0-SNAPSHOT/hadoop-ozone-client-0.5.0-SNAPSHOT.jar:/home/user/.m2/repository/commons-lang/commons-lang/2.6/commons-lang-2.6.jar:/home/user/.m2/repository/org/apache/hadoop/hadoop-ozone-ozone-manager/0.5.0-SNAPSHOT/hadoop-ozone-ozone-manager-0.5.0-SNAPSHOT-tests.jar:/home/user/.m2/repository/junit/junit/4.11/junit-4.11.jar:/home/user/.m2/repository/org/hamcrest/hamcrest-core/1.3/hamcrest-core-1.3.jar:/home/user/.m2/repository/org/openjdk/jmh/jmh-core/1.19/jmh-core-1.19.jar:/home/user/.m2/repository/net/sf/jopt-simple/jopt-simple/4.6/jopt-simple-4.6.jar:/home/user/.m2/repository/org/apache/commons/commons-math3/3.1.1/commons-math3-3.1.1.jar:/home/user/.m2/repository/org/openjdk/jmh/jmh-generator-annprocess/1.19/jmh-generator-annprocess-1.19.jar:/home/user/.m2/repository/org/mockito/mockito-all/1.8.5/mockito-all-1.8.5.jar:/home/user/.m2/repository/org/apache/hadoop/hadoop-kms/3.2.0/hadoop-kms-3.2.0.jar:/home/user/.m2/repository/org/apache/hadoop/hadoop-auth/3.2.0/hadoop-auth-3.2.0.jar:/home/user/.m2/repository/com/nimbusds/nimbus-jose-jwt/4.41.1/nimbus-jose-jwt-4.41.1.jar:/home/user/.m2/repository/com/github/stephenc/jcip/jcip-annotations/1.0-1/jcip-annotations-1.0-1.jar:/home/user/.m2/repository/net/minidev/json-smart/2.3/json-smart-2.3.jar:/home/user/.m2/repository/net/minidev/accessors-smart/1.2/accessors-smart-1.2.jar:/home/user/.m2/repository/org/ow2/asm/asm/5.0.4/asm-5.0.4.jar:/home/user/.m2/repository/org/apache/curator/curator-framework/2.12.0/curator-framework-2.12.0.jar:/home/user/.m2/repository/com/sun/jersey/jersey-core/1.19/jersey-core-1.19.jar:/home/user/.m2/repository/javax/ws/rs/jsr311-api/1.1.1/jsr311-api-1.1.1.jar:/home/user/.m2/repository/com/sun/jersey/jersey-server/1.19/jersey-server-1.19.jar:/home/user/.m2/repository/javax/servlet/javax.servlet-api/3.1.0/javax.servlet-api-3.1.0.jar:/home/user/.m2/repository/org/eclipse/jetty/jetty-server/9.3.25.v20180904/jetty-server-9.3.25.v20180904.jar:/home/user/.m2/repository/org/eclipse/jetty/jetty-http/9.3.25.v20180904/jetty-http-9.3.25.v20180904.jar:/home/user/.m2/repository/org/eclipse/jetty/jetty-io/9.3.25.v20180904/jetty-io-9.3.25.v20180904.jar:/home/user/.m2/repository/org/eclipse/jetty/jetty-webapp/9.3.25.v20180904/jetty-webapp-9.3.25.v20180904.jar:/home/user/.m2/repository/org/eclipse/jetty/jetty-xml/9.3.25.v20180904/jetty-xml-9.3.25.v20180904.jar:/home/user/.m2/repository/log4j/log4j/1.2.17/log4j-1.2.17.jar:/home/user/.m2/repository/org/slf4j/slf4j-api/1.7.25/slf4j-api-1.7.25.jar:/home/user/.m2/repository/org/slf4j/jul-to-slf4j/1.7.25/jul-to-slf4j-1.7.25.jar:/home/user/.m2/repository/org/eclipse/jetty/jetty-util/9.3.25.v20180904/jetty-util-9.3.25.v20180904.jar:/home/user/.m2/repository/com/fasterxml/jackson/core/jackson-databind/2.9.9/jackson-databind-2.9.9.jar:/home/user/.m2/repository/org/apache/hadoop/hadoop-kms/3.2.0/hadoop-kms-3.2.0-tests.jar:/home/user/.m2/repository/org/apache/hadoop/hadoop-hdds-server-scm/0.5.0-SNAPSHOT/hadoop-hdds-server-scm-0.5.0-SNAPSHOT-tests.jar:/home/user/.m2/repository/org/apache/hadoop/hadoop-hdds-container-service/0.5.0-SNAPSHOT/hadoop-hdds-container-service-0.5.0-SNAPSHOT-tests.jar:/home/user/.m2/repository/org/yaml/snakeyaml/1.16/snakeyaml-1.16.jar:/home/user/.m2/repository/org/apache/hadoop/hadoop-common/3.2.0/hadoop-common-3.2.0-tests.jar:/home/user/.m2/repository/org/apache/hadoop/hadoop-annotations/3.2.0/hadoop-annotations-3.2.0.jar:/usr/lib/jvm/java-1.8.0-openjdk-1.8.0.222.b10-1.el7_7.x86_64/jre/../lib/tools.jar:/home/user/.m2/repository/commons-cli/commons-cli/1.2/commons-cli-1.2.jar:/home/user/.m2/repository/org/apache/httpcomponents/httpclient/4.5.2/httpclient-4.5.2.jar:/home/user/.m2/repository/org/apache/httpcomponents/httpcore/4.4.4/httpcore-4.4.4.jar:/home/user/.m2/repository/commons-codec/commons-codec/1.11/commons-codec-1.11.jar:/home/user/.m2/repository/commons-net/commons-net/3.6/commons-net-3.6.jar:/home/user/.m2/repository/commons-collections/commons-collections/3.2.2/commons-collections-3.2.2.jar:/home/user/.m2/repository/org/eclipse/jetty/jetty-servlet/9.3.25.v20180904/jetty-servlet-9.3.25.v20180904.jar:/home/user/.m2/repository/org/eclipse/jetty/jetty-security/9.3.25.v20180904/jetty-security-9.3.25.v20180904.jar:/home/user/.m2/repository/javax/servlet/jsp/jsp-api/2.1/jsp-api-2.1.jar:/home/user/.m2/repository/com/sun/jersey/jersey-servlet/1.19/jersey-servlet-1.19.jar:/home/user/.m2/repository/com/sun/jersey/jersey-json/1.19/jersey-json-1.19.jar:/home/user/.m2/repository/org/codehaus/jettison/jettison/1.1/jettison-1.1.jar:/home/user/.m2/repository/org/codehaus/jackson/jackson-core-asl/1.9.13/jackson-core-asl-1.9.13.jar:/home/user/.m2/repository/org/codehaus/jackson/jackson-mapper-asl/1.9.13/jackson-mapper-asl-1.9.13.jar:/home/user/.m2/repository/org/codehaus/jackson/jackson-jaxrs/1.9.13/jackson-jaxrs-1.9.13.jar:/home/user/.m2/repository/org/codehaus/jackson/jackson-xc/1.9.13/jackson-xc-1.9.13.jar:/home/user/.m2/repository/commons-logging/commons-logging/1.1.3/commons-logging-1.1.3.jar:/home/user/.m2/repository/commons-beanutils/commons-beanutils/1.9.4/commons-beanutils-1.9.4.jar:/home/user/.m2/repository/org/apache/commons/commons-configuration2/2.1.1/commons-configuration2-2.1.1.jar:/home/user/.m2/repository/org/apache/commons/commons-lang3/3.7/commons-lang3-3.7.jar:/home/user/.m2/repository/org/apache/commons/commons-text/1.4/commons-text-1.4.jar:/home/user/.m2/repository/org/apache/avro/avro/1.7.7/avro-1.7.7.jar:/home/user/.m2/repository/com/thoughtworks/paranamer/paranamer/2.3/paranamer-2.3.jar:/home/user/.m2/repository/org/xerial/snappy/snappy-java/1.0.5/snappy-java-1.0.5.jar:/home/user/.m2/repository/com/google/re2j/re2j/1.1/re2j-1.1.jar:/home/user/.m2/repository/com/google/code/gson/gson/2.2.4/gson-2.2.4.jar:/home/user/.m2/repository/com/jcraft/jsch/0.1.54/jsch-0.1.54.jar:/home/user/.m2/repository/org/apache/curator/curator-client/2.12.0/curator-client-2.12.0.jar:/home/user/.m2/repository/org/apache/curator/curator-recipes/2.12.0/curator-recipes-2.12.0.jar:/home/user/.m2/repository/com/google/code/findbugs/jsr305/3.0.0/jsr305-3.0.0.jar:/home/user/.m2/repository/org/apache/htrace/htrace-core4/4.1.0-incubating/htrace-core4-4.1.0-incubating.jar:/home/user/.m2/repository/org/apache/zookeeper/zookeeper/3.4.13/zookeeper-3.4.13.jar:/home/user/.m2/repository/jline/jline/0.9.94/jline-0.9.94.jar:/home/user/.m2/repository/org/apache/yetus/audience-annotations/0.5.0/audience-annotations-0.5.0.jar:/home/user/.m2/repository/org/codehaus/woodstox/stax2-api/3.1.4/stax2-api-3.1.4.jar:/home/user/.m2/repository/com/fasterxml/woodstox/woodstox-core/5.0.3/woodstox-core-5.0.3.jar:/home/user/.m2/repository/dnsjava/dnsjava/2.1.7/dnsjava-2.1.7.jar:/home/user/.m2/repository/org/apache/hadoop/hadoop-hdfs/3.2.0/hadoop-hdfs-3.2.0-tests.jar:/home/user/.m2/repository/org/eclipse/jetty/jetty-util-ajax/9.3.25.v20180904/jetty-util-ajax-9.3.25.v20180904.jar:/home/user/.m2/repository/commons-daemon/commons-daemon/1.0.13/commons-daemon-1.0.13.jar:/home/user/.m2/repository/io/netty/netty/3.10.5.Final/netty-3.10.5.Final.jar:/home/user/.m2/repository/io/netty/netty-all/4.0.52.Final/netty-all-4.0.52.Final.jar:/home/user/.m2/repository/org/fusesource/leveldbjni/leveldbjni-all/1.8/leveldbjni-all-1.8.jar:"/>
    <property name="java.vm.vendor" value="Oracle Corporation"/>
    <property name="sun.arch.data.model" value="64"/>
    <property name="test.build.dir" value="/workdir/hadoop-ozone/integration-test/target/test-dir"/>
    <property name="test.cache.data" value=""/>
    <property name="java.vendor.url" value="http://java.oracle.com/"/>
    <property name="user.timezone" value=""/>
    <property name="java.vm.specification.version" value="1.8"/>
    <property name="os.name" value="Linux"/>
    <property name="test.build.data" value="/workdir/hadoop-ozone/integration-test/target/test-dir"/>
    <property name="user.country" value="US"/>
    <property name="sun.java.launcher" value="SUN_STANDARD"/>
    <property name="sun.boot.library.path" value="/usr/lib/jvm/java-1.8.0-openjdk-1.8.0.222.b10-1.el7_7.x86_64/jre/lib/amd64"/>
    <property name="sun.java.command" value="/workdir/hadoop-ozone/integration-test/target/surefire/surefirebooter1616366666928056549.jar /workdir/hadoop-ozone/integration-test/target/surefire 2019-10-18T12-01-21_854-jvmRun1 surefire8121756146452630436tmp surefire_502611924435004496338tmp"/>
    <property name="surefire.test.class.path" value="/workdir/hadoop-ozone/integration-test/target/test-classes:/workdir/hadoop-ozone/integration-test/target/classes:/home/user/.m2/repository/org/apache/hadoop/hadoop-ozone-common/0.5.0-SNAPSHOT/hadoop-ozone-common-0.5.0-SNAPSHOT.jar:/home/user/.m2/repository/org/apache/commons/commons-compress/1.4.1/commons-compress-1.4.1.jar:/home/user/.m2/repository/org/tukaani/xz/1.0/xz-1.0.jar:/home/user/.m2/repository/org/apache/hadoop/hadoop-common/3.2.0/hadoop-common-3.2.0.jar:/home/user/.m2/repository/org/apache/hadoop/hadoop-hdfs/3.2.0/hadoop-hdfs-3.2.0.jar:/home/user/.m2/repository/org/apache/hadoop/hadoop-hdfs-client/3.2.0/hadoop-hdfs-client-3.2.0.jar:/home/user/.m2/repository/com/fasterxml/jackson/core/jackson-annotations/2.9.9/jackson-annotations-2.9.9.jar:/home/user/.m2/repository/org/apache/hadoop/hadoop-hdds-common/0.5.0-SNAPSHOT/hadoop-hdds-common-0.5.0-SNAPSHOT.jar:/home/user/.m2/repository/javax/annotation/javax.annotation-api/1.2/javax.annotation-api-1.2.jar:/home/user/.m2/repository/org/apache/ratis/ratis-server/0.5.0-3f446aa-SNAPSHOT/ratis-server-0.5.0-3f446aa-SNAPSHOT.jar:/home/user/.m2/repository/org/apache/ratis/ratis-thirdparty-misc/0.2.0/ratis-thirdparty-misc-0.2.0.jar:/home/user/.m2/repository/org/apache/ratis/ratis-proto/0.5.0-3f446aa-SNAPSHOT/ratis-proto-0.5.0-3f446aa-SNAPSHOT.jar:/home/user/.m2/repository/org/apache/ratis/ratis-common/0.5.0-3f446aa-SNAPSHOT/ratis-common-0.5.0-3f446aa-SNAPSHOT.jar:/home/user/.m2/repository/org/apache/ratis/ratis-client/0.5.0-3f446aa-SNAPSHOT/ratis-client-0.5.0-3f446aa-SNAPSHOT.jar:/home/user/.m2/repository/org/apache/ratis/ratis-metrics/0.5.0-3f446aa-SNAPSHOT/ratis-metrics-0.5.0-3f446aa-SNAPSHOT.jar:/home/user/.m2/repository/com/github/joshelser/dropwizard-metrics-hadoop-metrics2-reporter/0.1.2/dropwizard-metrics-hadoop-metrics2-reporter-0.1.2.jar:/home/user/.m2/repository/io/dropwizard/metrics/metrics-jvm/3.2.5/metrics-jvm-3.2.5.jar:/home/user/.m2/repository/io/dropwizard/metrics/metrics-ganglia/3.2.5/metrics-ganglia-3.2.5.jar:/home/user/.m2/repository/info/ganglia/gmetric4j/gmetric4j/1.0.7/gmetric4j-1.0.7.jar:/home/user/.m2/repository/org/apache/ratis/ratis-netty/0.5.0-3f446aa-SNAPSHOT/ratis-netty-0.5.0-3f446aa-SNAPSHOT.jar:/home/user/.m2/repository/org/apache/ratis/ratis-grpc/0.5.0-3f446aa-SNAPSHOT/ratis-grpc-0.5.0-3f446aa-SNAPSHOT.jar:/home/user/.m2/repository/org/rocksdb/rocksdbjni/6.0.1/rocksdbjni-6.0.1.jar:/home/user/.m2/repository/org/apache/logging/log4j/log4j-api/2.11.0/log4j-api-2.11.0.jar:/home/user/.m2/repository/org/apache/logging/log4j/log4j-core/2.11.0/log4j-core-2.11.0.jar:/home/user/.m2/repository/com/lmax/disruptor/3.4.2/disruptor-3.4.2.jar:/home/user/.m2/repository/org/apache/commons/commons-pool2/2.6.0/commons-pool2-2.6.0.jar:/home/user/.m2/repository/org/bouncycastle/bcpkix-jdk15on/1.60/bcpkix-jdk15on-1.60.jar:/home/user/.m2/repository/commons-validator/commons-validator/1.6/commons-validator-1.6.jar:/home/user/.m2/repository/commons-digester/commons-digester/1.8.1/commons-digester-1.8.1.jar:/home/user/.m2/repository/io/jaegertracing/jaeger-client/0.34.0/jaeger-client-0.34.0.jar:/home/user/.m2/repository/io/jaegertracing/jaeger-thrift/0.34.0/jaeger-thrift-0.34.0.jar:/home/user/.m2/repository/org/apache/thrift/libthrift/0.12.0/libthrift-0.12.0.jar:/home/user/.m2/repository/com/squareup/okhttp3/okhttp/3.9.0/okhttp-3.9.0.jar:/home/user/.m2/repository/com/squareup/okio/okio/1.13.0/okio-1.13.0.jar:/home/user/.m2/repository/io/jaegertracing/jaeger-core/0.34.0/jaeger-core-0.34.0.jar:/home/user/.m2/repository/io/jaegertracing/jaeger-tracerresolver/0.34.0/jaeger-tracerresolver-0.34.0.jar:/home/user/.m2/repository/io/opentracing/contrib/opentracing-tracerresolver/0.1.5/opentracing-tracerresolver-0.1.5.jar:/home/user/.m2/repository/io/opentracing/opentracing-util/0.31.0/opentracing-util-0.31.0.jar:/home/user/.m2/repository/io/opentracing/opentracing-api/0.31.0/opentracing-api-0.31.0.jar:/home/user/.m2/repository/io/opentracing/opentracing-noop/0.31.0/opentracing-noop-0.31.0.jar:/home/user/.m2/repository/org/apache/hadoop/hadoop-hdds-server-framework/0.5.0-SNAPSHOT/hadoop-hdds-server-framework-0.5.0-SNAPSHOT.jar:/home/user/.m2/repository/org/apache/hadoop/hadoop-hdds-container-service/0.5.0-SNAPSHOT/hadoop-hdds-container-service-0.5.0-SNAPSHOT.jar:/home/user/.m2/repository/org/apache/hadoop/hadoop-hdds-client/0.5.0-SNAPSHOT/hadoop-hdds-client-0.5.0-SNAPSHOT.jar:/home/user/.m2/repository/org/apache/hadoop/hadoop-hdds-tools/0.5.0-SNAPSHOT/hadoop-hdds-tools-0.5.0-SNAPSHOT.jar:/home/user/.m2/repository/org/apache/hadoop/hadoop-hdds-server-scm/0.5.0-SNAPSHOT/hadoop-hdds-server-scm-0.5.0-SNAPSHOT.jar:/home/user/.m2/repository/org/apache/hadoop/hadoop-hdds-docs/0.5.0-SNAPSHOT/hadoop-hdds-docs-0.5.0-SNAPSHOT.jar:/home/user/.m2/repository/io/dropwizard/metrics/metrics-core/3.2.4/metrics-core-3.2.4.jar:/home/user/.m2/repository/org/hamcrest/hamcrest-all/1.3/hamcrest-all-1.3.jar:/home/user/.m2/repository/org/bouncycastle/bcprov-jdk15on/1.60/bcprov-jdk15on-1.60.jar:/home/user/.m2/repository/info/picocli/picocli/3.9.6/picocli-3.9.6.jar:/home/user/.m2/repository/com/google/protobuf/protobuf-java/2.5.0/protobuf-java-2.5.0.jar:/home/user/.m2/repository/com/google/guava/guava/11.0.2/guava-11.0.2.jar:/home/user/.m2/repository/org/apache/hadoop/hadoop-ozone-ozone-manager/0.5.0-SNAPSHOT/hadoop-ozone-ozone-manager-0.5.0-SNAPSHOT.jar:/home/user/.m2/repository/org/apache/hadoop/hadoop-minikdc/3.2.0/hadoop-minikdc-3.2.0.jar:/home/user/.m2/repository/commons-io/commons-io/2.5/commons-io-2.5.jar:/home/user/.m2/repository/org/apache/kerby/kerb-simplekdc/1.0.1/kerb-simplekdc-1.0.1.jar:/home/user/.m2/repository/org/apache/kerby/kerb-client/1.0.1/kerb-client-1.0.1.jar:/home/user/.m2/repository/org/apache/kerby/kerby-config/1.0.1/kerby-config-1.0.1.jar:/home/user/.m2/repository/org/apache/kerby/kerb-core/1.0.1/kerb-core-1.0.1.jar:/home/user/.m2/repository/org/apache/kerby/kerby-pkix/1.0.1/kerby-pkix-1.0.1.jar:/home/user/.m2/repository/org/apache/kerby/kerby-asn1/1.0.1/kerby-asn1-1.0.1.jar:/home/user/.m2/repository/org/apache/kerby/kerby-util/1.0.1/kerby-util-1.0.1.jar:/home/user/.m2/repository/org/apache/kerby/kerb-common/1.0.1/kerb-common-1.0.1.jar:/home/user/.m2/repository/org/apache/kerby/kerb-crypto/1.0.1/kerb-crypto-1.0.1.jar:/home/user/.m2/repository/org/apache/kerby/kerb-util/1.0.1/kerb-util-1.0.1.jar:/home/user/.m2/repository/org/apache/kerby/token-provider/1.0.1/token-provider-1.0.1.jar:/home/user/.m2/repository/org/apache/kerby/kerb-admin/1.0.1/kerb-admin-1.0.1.jar:/home/user/.m2/repository/org/apache/kerby/kerb-server/1.0.1/kerb-server-1.0.1.jar:/home/user/.m2/repository/org/apache/kerby/kerb-identity/1.0.1/kerb-identity-1.0.1.jar:/home/user/.m2/repository/org/apache/kerby/kerby-xdr/1.0.1/kerby-xdr-1.0.1.jar:/home/user/.m2/repository/org/slf4j/slf4j-log4j12/1.7.25/slf4j-log4j12-1.7.25.jar:/home/user/.m2/repository/org/apache/hadoop/hadoop-ozone-s3gateway/0.5.0-SNAPSHOT/hadoop-ozone-s3gateway-0.5.0-SNAPSHOT.jar:/home/user/.m2/repository/org/jboss/weld/servlet/weld-servlet/2.4.7.Final/weld-servlet-2.4.7.Final.jar:/home/user/.m2/repository/org/glassfish/jersey/containers/jersey-container-servlet-core/2.27/jersey-container-servlet-core-2.27.jar:/home/user/.m2/repository/org/glassfish/hk2/external/javax.inject/2.5.0-b42/javax.inject-2.5.0-b42.jar:/home/user/.m2/repository/org/glassfish/jersey/core/jersey-common/2.27/jersey-common-2.27.jar:/home/user/.m2/repository/org/glassfish/hk2/osgi-resource-locator/1.0.1/osgi-resource-locator-1.0.1.jar:/home/user/.m2/repository/javax/ws/rs/javax.ws.rs-api/2.1/javax.ws.rs-api-2.1.jar:/home/user/.m2/repository/org/glassfish/jersey/ext/cdi/jersey-cdi1x/2.27/jersey-cdi1x-2.27.jar:/home/user/.m2/repository/org/glassfish/jersey/inject/jersey-hk2/2.27/jersey-hk2-2.27.jar:/home/user/.m2/repository/org/glassfish/hk2/hk2-locator/2.5.0-b42/hk2-locator-2.5.0-b42.jar:/home/user/.m2/repository/org/javassist/javassist/3.22.0-CR2/javassist-3.22.0-CR2.jar:/home/user/.m2/repository/org/glassfish/hk2/hk2-api/2.5.0/hk2-api-2.5.0.jar:/home/user/.m2/repository/org/glassfish/hk2/external/jakarta.inject/2.5.0/jakarta.inject-2.5.0.jar:/home/user/.m2/repository/org/glassfish/hk2/hk2-utils/2.5.0/hk2-utils-2.5.0.jar:/home/user/.m2/repository/jakarta/annotation/jakarta.annotation-api/1.3.4/jakarta.annotation-api-1.3.4.jar:/home/user/.m2/repository/org/glassfish/hk2/external/aopalliance-repackaged/2.5.0/aopalliance-repackaged-2.5.0.jar:/home/user/.m2/repository/com/fasterxml/jackson/dataformat/jackson-dataformat-xml/2.9.0/jackson-dataformat-xml-2.9.0.jar:/home/user/.m2/repository/com/fasterxml/jackson/core/jackson-core/2.9.9/jackson-core-2.9.9.jar:/home/user/.m2/repository/com/fasterxml/jackson/module/jackson-module-jaxb-annotations/2.9.9/jackson-module-jaxb-annotations-2.9.9.jar:/home/user/.m2/repository/javax/enterprise/cdi-api/1.2/cdi-api-1.2.jar:/home/user/.m2/repository/javax/el/javax.el-api/3.0.0/javax.el-api-3.0.0.jar:/home/user/.m2/repository/javax/interceptor/javax.interceptor-api/1.2/javax.interceptor-api-1.2.jar:/home/user/.m2/repository/javax/inject/javax.inject/1/javax.inject-1.jar:/home/user/.m2/repository/com/sun/xml/bind/jaxb-impl/2.3.0.1/jaxb-impl-2.3.0.1.jar:/home/user/.m2/repository/com/sun/xml/bind/jaxb-core/2.3.0.1/jaxb-core-2.3.0.1.jar:/home/user/.m2/repository/javax/xml/bind/jaxb-api/2.3.0/jaxb-api-2.3.0.jar:/home/user/.m2/repository/javax/activation/activation/1.1.1/activation-1.1.1.jar:/home/user/.m2/repository/org/apache/hadoop/hadoop-ozone-csi/0.5.0-SNAPSHOT/hadoop-ozone-csi-0.5.0-SNAPSHOT.jar:/home/user/.m2/repository/com/google/protobuf/protobuf-java-util/3.5.1/protobuf-java-util-3.5.1.jar:/home/user/.m2/repository/org/apache/hadoop/hadoop-hdds-config/0.5.0-SNAPSHOT/hadoop-hdds-config-0.5.0-SNAPSHOT.jar:/home/user/.m2/repository/io/grpc/grpc-netty/1.17.1/grpc-netty-1.17.1.jar:/home/user/.m2/repository/io/grpc/grpc-core/1.17.1/grpc-core-1.17.1.jar:/home/user/.m2/repository/io/grpc/grpc-context/1.17.1/grpc-context-1.17.1.jar:/home/user/.m2/repository/com/google/errorprone/error_prone_annotations/2.2.0/error_prone_annotations-2.2.0.jar:/home/user/.m2/repository/org/codehaus/mojo/animal-sniffer-annotations/1.17/animal-sniffer-annotations-1.17.jar:/home/user/.m2/repository/io/opencensus/opencensus-api/0.17.0/opencensus-api-0.17.0.jar:/home/user/.m2/repository/io/opencensus/opencensus-contrib-grpc-metrics/0.17.0/opencensus-contrib-grpc-metrics-0.17.0.jar:/home/user/.m2/repository/io/netty/netty-codec-http2/4.1.30.Final/netty-codec-http2-4.1.30.Final.jar:/home/user/.m2/repository/io/netty/netty-codec-http/4.1.30.Final/netty-codec-http-4.1.30.Final.jar:/home/user/.m2/repository/io/netty/netty-codec/4.1.30.Final/netty-codec-4.1.30.Final.jar:/home/user/.m2/repository/io/netty/netty-handler/4.1.30.Final/netty-handler-4.1.30.Final.jar:/home/user/.m2/repository/io/netty/netty-handler-proxy/4.1.30.Final/netty-handler-proxy-4.1.30.Final.jar:/home/user/.m2/repository/io/netty/netty-codec-socks/4.1.30.Final/netty-codec-socks-4.1.30.Final.jar:/home/user/.m2/repository/io/netty/netty-transport-native-epoll/4.1.30.Final/netty-transport-native-epoll-4.1.30.Final.jar:/home/user/.m2/repository/io/netty/netty-common/4.1.30.Final/netty-common-4.1.30.Final.jar:/home/user/.m2/repository/io/netty/netty-buffer/4.1.30.Final/netty-buffer-4.1.30.Final.jar:/home/user/.m2/repository/io/netty/netty-transport/4.1.30.Final/netty-transport-4.1.30.Final.jar:/home/user/.m2/repository/io/netty/netty-resolver/4.1.30.Final/netty-resolver-4.1.30.Final.jar:/home/user/.m2/repository/io/netty/netty-transport-native-unix-common/4.1.30.Final/netty-transport-native-unix-common-4.1.30.Final.jar:/home/user/.m2/repository/io/grpc/grpc-protobuf/1.17.1/grpc-protobuf-1.17.1.jar:/home/user/.m2/repository/com/google/api/grpc/proto-google-common-protos/1.0.0/proto-google-common-protos-1.0.0.jar:/home/user/.m2/repository/io/grpc/grpc-protobuf-lite/1.17.1/grpc-protobuf-lite-1.17.1.jar:/home/user/.m2/repository/io/grpc/grpc-stub/1.17.1/grpc-stub-1.17.1.jar:/home/user/.m2/repository/org/apache/hadoop/hadoop-ozone-recon/0.5.0-SNAPSHOT/hadoop-ozone-recon-0.5.0-SNAPSHOT.jar:/home/user/.m2/repository/org/apache/hadoop/hadoop-ozone-reconcodegen/0.5.0-SNAPSHOT/hadoop-ozone-reconcodegen-0.5.0-SNAPSHOT.jar:/home/user/.m2/repository/com/google/inject/extensions/guice-multibindings/4.0/guice-multibindings-4.0.jar:/home/user/.m2/repository/com/google/inject/guice/4.0/guice-4.0.jar:/home/user/.m2/repository/aopalliance/aopalliance/1.0/aopalliance-1.0.jar:/home/user/.m2/repository/com/google/inject/extensions/guice-servlet/4.0/guice-servlet-4.0.jar:/home/user/.m2/repository/org/glassfish/jersey/containers/jersey-container-servlet/2.27/jersey-container-servlet-2.27.jar:/home/user/.m2/repository/org/glassfish/hk2/guice-bridge/2.5.0/guice-bridge-2.5.0.jar:/home/user/.m2/repository/org/glassfish/jersey/core/jersey-server/2.27/jersey-server-2.27.jar:/home/user/.m2/repository/org/glassfish/jersey/core/jersey-client/2.27/jersey-client-2.27.jar:/home/user/.m2/repository/org/glassfish/jersey/media/jersey-media-jaxb/2.27/jersey-media-jaxb-2.27.jar:/home/user/.m2/repository/javax/validation/validation-api/1.1.0.Final/validation-api-1.1.0.Final.jar:/home/user/.m2/repository/org/glassfish/jersey/media/jersey-media-json-jackson/2.27/jersey-media-json-jackson-2.27.jar:/home/user/.m2/repository/org/glassfish/jersey/ext/jersey-entity-filtering/2.27/jersey-entity-filtering-2.27.jar:/home/user/.m2/repository/com/google/inject/extensions/guice-assistedinject/4.0/guice-assistedinject-4.0.jar:/home/user/.m2/repository/org/jooq/jooq/3.11.10/jooq-3.11.10.jar:/home/user/.m2/repository/org/jooq/jooq-meta/3.11.10/jooq-meta-3.11.10.jar:/home/user/.m2/repository/org/jooq/jooq-codegen/3.11.10/jooq-codegen-3.11.10.jar:/home/user/.m2/repository/com/jolbox/bonecp/0.8.0.RELEASE/bonecp-0.8.0.RELEASE.jar:/home/user/.m2/repository/org/xerial/sqlite-jdbc/3.25.2/sqlite-jdbc-3.25.2.jar:/home/user/.m2/repository/org/springframework/spring-jdbc/5.1.3.RELEASE/spring-jdbc-5.1.3.RELEASE.jar:/home/user/.m2/repository/org/springframework/spring-beans/5.1.3.RELEASE/spring-beans-5.1.3.RELEASE.jar:/home/user/.m2/repository/org/springframework/spring-core/5.1.3.RELEASE/spring-core-5.1.3.RELEASE.jar:/home/user/.m2/repository/org/springframework/spring-jcl/5.1.3.RELEASE/spring-jcl-5.1.3.RELEASE.jar:/home/user/.m2/repository/org/springframework/spring-tx/5.1.3.RELEASE/spring-tx-5.1.3.RELEASE.jar:/home/user/.m2/repository/org/apache/hadoop/hadoop-ozone-client/0.5.0-SNAPSHOT/hadoop-ozone-client-0.5.0-SNAPSHOT.jar:/home/user/.m2/repository/commons-lang/commons-lang/2.6/commons-lang-2.6.jar:/home/user/.m2/repository/org/apache/hadoop/hadoop-ozone-ozone-manager/0.5.0-SNAPSHOT/hadoop-ozone-ozone-manager-0.5.0-SNAPSHOT-tests.jar:/home/user/.m2/repository/junit/junit/4.11/junit-4.11.jar:/home/user/.m2/repository/org/hamcrest/hamcrest-core/1.3/hamcrest-core-1.3.jar:/home/user/.m2/repository/org/openjdk/jmh/jmh-core/1.19/jmh-core-1.19.jar:/home/user/.m2/repository/net/sf/jopt-simple/jopt-simple/4.6/jopt-simple-4.6.jar:/home/user/.m2/repository/org/apache/commons/commons-math3/3.1.1/commons-math3-3.1.1.jar:/home/user/.m2/repository/org/openjdk/jmh/jmh-generator-annprocess/1.19/jmh-generator-annprocess-1.19.jar:/home/user/.m2/repository/org/mockito/mockito-all/1.8.5/mockito-all-1.8.5.jar:/home/user/.m2/repository/org/apache/hadoop/hadoop-kms/3.2.0/hadoop-kms-3.2.0.jar:/home/user/.m2/repository/org/apache/hadoop/hadoop-auth/3.2.0/hadoop-auth-3.2.0.jar:/home/user/.m2/repository/com/nimbusds/nimbus-jose-jwt/4.41.1/nimbus-jose-jwt-4.41.1.jar:/home/user/.m2/repository/com/github/stephenc/jcip/jcip-annotations/1.0-1/jcip-annotations-1.0-1.jar:/home/user/.m2/repository/net/minidev/json-smart/2.3/json-smart-2.3.jar:/home/user/.m2/repository/net/minidev/accessors-smart/1.2/accessors-smart-1.2.jar:/home/user/.m2/repository/org/ow2/asm/asm/5.0.4/asm-5.0.4.jar:/home/user/.m2/repository/org/apache/curator/curator-framework/2.12.0/curator-framework-2.12.0.jar:/home/user/.m2/repository/com/sun/jersey/jersey-core/1.19/jersey-core-1.19.jar:/home/user/.m2/repository/javax/ws/rs/jsr311-api/1.1.1/jsr311-api-1.1.1.jar:/home/user/.m2/repository/com/sun/jersey/jersey-server/1.19/jersey-server-1.19.jar:/home/user/.m2/repository/javax/servlet/javax.servlet-api/3.1.0/javax.servlet-api-3.1.0.jar:/home/user/.m2/repository/org/eclipse/jetty/jetty-server/9.3.25.v20180904/jetty-server-9.3.25.v20180904.jar:/home/user/.m2/repository/org/eclipse/jetty/jetty-http/9.3.25.v20180904/jetty-http-9.3.25.v20180904.jar:/home/user/.m2/repository/org/eclipse/jetty/jetty-io/9.3.25.v20180904/jetty-io-9.3.25.v20180904.jar:/home/user/.m2/repository/org/eclipse/jetty/jetty-webapp/9.3.25.v20180904/jetty-webapp-9.3.25.v20180904.jar:/home/user/.m2/repository/org/eclipse/jetty/jetty-xml/9.3.25.v20180904/jetty-xml-9.3.25.v20180904.jar:/home/user/.m2/repository/log4j/log4j/1.2.17/log4j-1.2.17.jar:/home/user/.m2/repository/org/slf4j/slf4j-api/1.7.25/slf4j-api-1.7.25.jar:/home/user/.m2/repository/org/slf4j/jul-to-slf4j/1.7.25/jul-to-slf4j-1.7.25.jar:/home/user/.m2/repository/org/eclipse/jetty/jetty-util/9.3.25.v20180904/jetty-util-9.3.25.v20180904.jar:/home/user/.m2/repository/com/fasterxml/jackson/core/jackson-databind/2.9.9/jackson-databind-2.9.9.jar:/home/user/.m2/repository/org/apache/hadoop/hadoop-kms/3.2.0/hadoop-kms-3.2.0-tests.jar:/home/user/.m2/repository/org/apache/hadoop/hadoop-hdds-server-scm/0.5.0-SNAPSHOT/hadoop-hdds-server-scm-0.5.0-SNAPSHOT-tests.jar:/home/user/.m2/repository/org/apache/hadoop/hadoop-hdds-container-service/0.5.0-SNAPSHOT/hadoop-hdds-container-service-0.5.0-SNAPSHOT-tests.jar:/home/user/.m2/repository/org/yaml/snakeyaml/1.16/snakeyaml-1.16.jar:/home/user/.m2/repository/org/apache/hadoop/hadoop-common/3.2.0/hadoop-common-3.2.0-tests.jar:/home/user/.m2/repository/org/apache/hadoop/hadoop-annotations/3.2.0/hadoop-annotations-3.2.0.jar:/usr/lib/jvm/java-1.8.0-openjdk-1.8.0.222.b10-1.el7_7.x86_64/jre/../lib/tools.jar:/home/user/.m2/repository/commons-cli/commons-cli/1.2/commons-cli-1.2.jar:/home/user/.m2/repository/org/apache/httpcomponents/httpclient/4.5.2/httpclient-4.5.2.jar:/home/user/.m2/repository/org/apache/httpcomponents/httpcore/4.4.4/httpcore-4.4.4.jar:/home/user/.m2/repository/commons-codec/commons-codec/1.11/commons-codec-1.11.jar:/home/user/.m2/repository/commons-net/commons-net/3.6/commons-net-3.6.jar:/home/user/.m2/repository/commons-collections/commons-collections/3.2.2/commons-collections-3.2.2.jar:/home/user/.m2/repository/org/eclipse/jetty/jetty-servlet/9.3.25.v20180904/jetty-servlet-9.3.25.v20180904.jar:/home/user/.m2/repository/org/eclipse/jetty/jetty-security/9.3.25.v20180904/jetty-security-9.3.25.v20180904.jar:/home/user/.m2/repository/javax/servlet/jsp/jsp-api/2.1/jsp-api-2.1.jar:/home/user/.m2/repository/com/sun/jersey/jersey-servlet/1.19/jersey-servlet-1.19.jar:/home/user/.m2/repository/com/sun/jersey/jersey-json/1.19/jersey-json-1.19.jar:/home/user/.m2/repository/org/codehaus/jettison/jettison/1.1/jettison-1.1.jar:/home/user/.m2/repository/org/codehaus/jackson/jackson-core-asl/1.9.13/jackson-core-asl-1.9.13.jar:/home/user/.m2/repository/org/codehaus/jackson/jackson-mapper-asl/1.9.13/jackson-mapper-asl-1.9.13.jar:/home/user/.m2/repository/org/codehaus/jackson/jackson-jaxrs/1.9.13/jackson-jaxrs-1.9.13.jar:/home/user/.m2/repository/org/codehaus/jackson/jackson-xc/1.9.13/jackson-xc-1.9.13.jar:/home/user/.m2/repository/commons-logging/commons-logging/1.1.3/commons-logging-1.1.3.jar:/home/user/.m2/repository/commons-beanutils/commons-beanutils/1.9.4/commons-beanutils-1.9.4.jar:/home/user/.m2/repository/org/apache/commons/commons-configuration2/2.1.1/commons-configuration2-2.1.1.jar:/home/user/.m2/repository/org/apache/commons/commons-lang3/3.7/commons-lang3-3.7.jar:/home/user/.m2/repository/org/apache/commons/commons-text/1.4/commons-text-1.4.jar:/home/user/.m2/repository/org/apache/avro/avro/1.7.7/avro-1.7.7.jar:/home/user/.m2/repository/com/thoughtworks/paranamer/paranamer/2.3/paranamer-2.3.jar:/home/user/.m2/repository/org/xerial/snappy/snappy-java/1.0.5/snappy-java-1.0.5.jar:/home/user/.m2/repository/com/google/re2j/re2j/1.1/re2j-1.1.jar:/home/user/.m2/repository/com/google/code/gson/gson/2.2.4/gson-2.2.4.jar:/home/user/.m2/repository/com/jcraft/jsch/0.1.54/jsch-0.1.54.jar:/home/user/.m2/repository/org/apache/curator/curator-client/2.12.0/curator-client-2.12.0.jar:/home/user/.m2/repository/org/apache/curator/curator-recipes/2.12.0/curator-recipes-2.12.0.jar:/home/user/.m2/repository/com/google/code/findbugs/jsr305/3.0.0/jsr305-3.0.0.jar:/home/user/.m2/repository/org/apache/htrace/htrace-core4/4.1.0-incubating/htrace-core4-4.1.0-incubating.jar:/home/user/.m2/repository/org/apache/zookeeper/zookeeper/3.4.13/zookeeper-3.4.13.jar:/home/user/.m2/repository/jline/jline/0.9.94/jline-0.9.94.jar:/home/user/.m2/repository/org/apache/yetus/audience-annotations/0.5.0/audience-annotations-0.5.0.jar:/home/user/.m2/repository/org/codehaus/woodstox/stax2-api/3.1.4/stax2-api-3.1.4.jar:/home/user/.m2/repository/com/fasterxml/woodstox/woodstox-core/5.0.3/woodstox-core-5.0.3.jar:/home/user/.m2/repository/dnsjava/dnsjava/2.1.7/dnsjava-2.1.7.jar:/home/user/.m2/repository/org/apache/hadoop/hadoop-hdfs/3.2.0/hadoop-hdfs-3.2.0-tests.jar:/home/user/.m2/repository/org/eclipse/jetty/jetty-util-ajax/9.3.25.v20180904/jetty-util-ajax-9.3.25.v20180904.jar:/home/user/.m2/repository/commons-daemon/commons-daemon/1.0.13/commons-daemon-1.0.13.jar:/home/user/.m2/repository/io/netty/netty/3.10.5.Final/netty-3.10.5.Final.jar:/home/user/.m2/repository/io/netty/netty-all/4.0.52.Final/netty-all-4.0.52.Final.jar:/home/user/.m2/repository/org/fusesource/leveldbjni/leveldbjni-all/1.8/leveldbjni-all-1.8.jar:"/>
    <property name="sun.cpu.endian" value="little"/>
    <property name="user.home" value="/home/user"/>
    <property name="user.language" value="en"/>
    <property name="java.specification.vendor" value="Oracle Corporation"/>
    <property name="java.home" value="/usr/lib/jvm/java-1.8.0-openjdk-1.8.0.222.b10-1.el7_7.x86_64/jre"/>
    <property name="surefire.excludesFile" value="/tools/ozone-bad-unit-tests"/>
    <property name="java.security.krb5.conf" value="/workdir/hadoop-ozone/integration-test/target/test-classes/krb5.conf"/>
    <property name="basedir" value="/workdir/hadoop-ozone/integration-test"/>
    <property name="file.separator" value="/"/>
    <property name="line.separator" value="&#10;"/>
    <property name="java.vm.specification.vendor" value="Oracle Corporation"/>
    <property name="java.specification.name" value="Java Platform API Specification"/>
    <property name="java.awt.graphicsenv" value="sun.awt.X11GraphicsEnvironment"/>
    <property name="surefire.real.class.path" value="/workdir/hadoop-ozone/integration-test/target/surefire/surefirebooter1616366666928056549.jar"/>
    <property name="hadoop.log.dir" value="/workdir/hadoop-ozone/integration-test/target/log"/>
    <property name="sun.boot.class.path" value="/usr/lib/jvm/java-1.8.0-openjdk-1.8.0.222.b10-1.el7_7.x86_64/jre/lib/resources.jar:/usr/lib/jvm/java-1.8.0-openjdk-1.8.0.222.b10-1.el7_7.x86_64/jre/lib/rt.jar:/usr/lib/jvm/java-1.8.0-openjdk-1.8.0.222.b10-1.el7_7.x86_64/jre/lib/sunrsasign.jar:/usr/lib/jvm/java-1.8.0-openjdk-1.8.0.222.b10-1.el7_7.x86_64/jre/lib/jsse.jar:/usr/lib/jvm/java-1.8.0-openjdk-1.8.0.222.b10-1.el7_7.x86_64/jre/lib/jce.jar:/usr/lib/jvm/java-1.8.0-openjdk-1.8.0.222.b10-1.el7_7.x86_64/jre/lib/charsets.jar:/usr/lib/jvm/java-1.8.0-openjdk-1.8.0.222.b10-1.el7_7.x86_64/jre/lib/jfr.jar:/usr/lib/jvm/java-1.8.0-openjdk-1.8.0.222.b10-1.el7_7.x86_64/jre/classes"/>
    <property name="sun.management.compiler" value="HotSpot 64-Bit Tiered Compilers"/>
    <property name="java.runtime.version" value="1.8.0_222-b10"/>
    <property name="java.net.preferIPv4Stack" value="true"/>
    <property name="user.name" value="jenkins1000"/>
    <property name="path.separator" value=":"/>
    <property name="java.security.egd" value="file:///dev/urandom"/>
    <property name="os.version" value="3.10.0-957.12.2.el7.x86_64"/>
    <property name="java.endorsed.dirs" value="/usr/lib/jvm/java-1.8.0-openjdk-1.8.0.222.b10-1.el7_7.x86_64/jre/lib/endorsed"/>
    <property name="java.runtime.name" value="OpenJDK Runtime Environment"/>
    <property name="file.encoding" value="ANSI_X3.4-1968"/>
    <property name="java.vm.name" value="OpenJDK 64-Bit Server VM"/>
    <property name="test.build.webapps" value=""/>
    <property name="localRepository" value="/home/user/.m2/repository"/>
    <property name="java.vendor.url.bug" value="http://bugreport.sun.com/bugreport/"/>
    <property name="java.io.tmpdir" value="/tmp"/>
    <property name="require.test.libhadoop" value=""/>
    <property name="java.version" value="1.8.0_222"/>
    <property name="user.dir" value="/workdir/hadoop-ozone/integration-test"/>
    <property name="os.arch" value="amd64"/>
    <property name="java.vm.specification.name" value="Java Virtual Machine Specification"/>
    <property name="test.build.classes" value="/workdir/hadoop-ozone/integration-test/target/test-classes"/>
    <property name="java.awt.printerjob" value="sun.print.PSPrinterJob"/>
    <property name="sun.os.patch.level" value="unknown"/>
    <property name="hadoop.tmp.dir" value="/workdir/hadoop-ozone/integration-test/target/tmp"/>
    <property name="java.library.path" value="/usr/lib:/workdir/hadoop-ozone/integration-test/target/native/target/usr/local/lib:/workdir/hadoop-ozone/integration-test/../../hadoop-common-project/hadoop-common/target/native/target/usr/local/lib:/usr/java/packages/lib/amd64:/usr/lib64:/lib64:/lib:/usr/lib"/>
    <property name="java.vm.info" value="mixed mode"/>
    <property name="java.vendor" value="Oracle Corporation"/>
    <property name="java.vm.version" value="25.222-b10"/>
    <property name="java.ext.dirs" value="/usr/lib/jvm/java-1.8.0-openjdk-1.8.0.222.b10-1.el7_7.x86_64/jre/lib/ext:/usr/java/packages/lib/ext"/>
    <property name="sun.io.unicode.encoding" value="UnicodeLittle"/>
    <property name="java.class.version" value="52.0"/>
  </properties>
  <testcase name="testPipelineExclusionWithPipelineFailure" classname="org.apache.hadoop.ozone.client.rpc.TestFailureHandlingByClient" time="60.354"/>
  <testcase name="testContainerExclusionWithClosedContainerException" classname="org.apache.hadoop.ozone.client.rpc.TestFailureHandlingByClient" time="45.147"/>
  <testcase name="testWriteSmallFile" classname="org.apache.hadoop.ozone.client.rpc.TestFailureHandlingByClient" time="98.062"/>
  <testcase name="testBlockWritesWithDnFailures" classname="org.apache.hadoop.ozone.client.rpc.TestFailureHandlingByClient" time="63.085">
    <error message="Allocated 0 blocks. Requested 1 blocks" type="INTERNAL_ERROR org.apache.hadoop.ozone.om.exceptions.OMException">INTERNAL_ERROR org.apache.hadoop.ozone.om.exceptions.OMException: Allocated 0 blocks. Requested 1 blocks
	at org.apache.hadoop.ozone.om.protocolPB.OzoneManagerProtocolClientSideTranslatorPB.handleError(OzoneManagerProtocolClientSideTranslatorPB.java:732)
	at org.apache.hadoop.ozone.om.protocolPB.OzoneManagerProtocolClientSideTranslatorPB.openKey(OzoneManagerProtocolClientSideTranslatorPB.java:723)
	at sun.reflect.NativeMethodAccessorImpl.invoke0(Native Method)
	at sun.reflect.NativeMethodAccessorImpl.invoke(NativeMethodAccessorImpl.java:62)
	at sun.reflect.DelegatingMethodAccessorImpl.invoke(DelegatingMethodAccessorImpl.java:43)
	at java.lang.reflect.Method.invoke(Method.java:498)
	at org.apache.hadoop.hdds.tracing.TraceAllMethod.invoke(TraceAllMethod.java:66)
	at com.sun.proxy.$Proxy36.openKey(Unknown Source)
	at org.apache.hadoop.ozone.client.rpc.RpcClient.createKey(RpcClient.java:614)
	at org.apache.hadoop.ozone.client.OzoneBucket.createKey(OzoneBucket.java:325)
	at org.apache.hadoop.ozone.container.ContainerTestHelper.createKey(ContainerTestHelper.java:696)
	at org.apache.hadoop.ozone.client.rpc.TestFailureHandlingByClient.createKey(TestFailureHandlingByClient.java:408)
	at org.apache.hadoop.ozone.client.rpc.TestFailureHandlingByClient.testBlockWritesWithDnFailures(TestFailureHandlingByClient.java:138)
	at sun.reflect.NativeMethodAccessorImpl.invoke0(Native Method)
	at sun.reflect.NativeMethodAccessorImpl.invoke(NativeMethodAccessorImpl.java:62)
	at sun.reflect.DelegatingMethodAccessorImpl.invoke(DelegatingMethodAccessorImpl.java:43)
	at java.lang.reflect.Method.invoke(Method.java:498)
	at org.junit.runners.model.FrameworkMethod$1.runReflectiveCall(FrameworkMethod.java:47)
	at org.junit.internal.runners.model.ReflectiveCallable.run(ReflectiveCallable.java:12)
	at org.junit.runners.model.FrameworkMethod.invokeExplosively(FrameworkMethod.java:44)
	at org.junit.internal.runners.statements.InvokeMethod.evaluate(InvokeMethod.java:17)
	at org.junit.internal.runners.statements.RunAfters.evaluate(RunAfters.java:27)
	at org.junit.runners.ParentRunner.runLeaf(ParentRunner.java:271)
	at org.junit.runners.BlockJUnit4ClassRunner.runChild(BlockJUnit4ClassRunner.java:70)
	at org.junit.runners.BlockJUnit4ClassRunner.runChild(BlockJUnit4ClassRunner.java:50)
	at org.junit.runners.ParentRunner$3.run(ParentRunner.java:238)
	at org.junit.runners.ParentRunner$1.schedule(ParentRunner.java:63)
	at org.junit.runners.ParentRunner.runChildren(ParentRunner.java:236)
	at org.junit.runners.ParentRunner.access$000(ParentRunner.java:53)
	at org.junit.runners.ParentRunner$2.evaluate(ParentRunner.java:229)
	at org.junit.runners.ParentRunner.run(ParentRunner.java:309)
	at org.apache.maven.surefire.junit4.JUnit4Provider.execute(JUnit4Provider.java:365)
	at org.apache.maven.surefire.junit4.JUnit4Provider.executeWithRerun(JUnit4Provider.java:273)
	at org.apache.maven.surefire.junit4.JUnit4Provider.executeTestSet(JUnit4Provider.java:238)
	at org.apache.maven.surefire.junit4.JUnit4Provider.invoke(JUnit4Provider.java:159)
	at org.apache.maven.surefire.booter.ForkedBooter.invokeProviderInSameClassLoader(ForkedBooter.java:384)
	at org.apache.maven.surefire.booter.ForkedBooter.runSuitesInProcess(ForkedBooter.java:345)
	at org.apache.maven.surefire.booter.ForkedBooter.execute(ForkedBooter.java:126)
	at org.apache.maven.surefire.booter.ForkedBooter.main(ForkedBooter.java:418)
</error>
    <system-out><![CDATA[2019-10-18 13:07:32,414 [main] WARN  server.ServerUtils (ServerUtils.java:getScmDbDir(145)) - ozone.scm.db.dirs is not configured. We recommend adding this setting. Falling back to ozone.metadata.dirs instead.
2019-10-18 13:07:33,136 [main] WARN  server.ServerUtils (ServerUtils.java:getScmDbDir(145)) - ozone.scm.db.dirs is not configured. We recommend adding this setting. Falling back to ozone.metadata.dirs instead.
2019-10-18 13:07:33,136 [main] WARN  server.ServerUtils (ServerUtils.java:getScmDbDir(145)) - ozone.scm.db.dirs is not configured. We recommend adding this setting. Falling back to ozone.metadata.dirs instead.
2019-10-18 13:07:33,137 [main] INFO  db.DBStoreBuilder (DBStoreBuilder.java:addTable(117)) - using custom profile for table: deletedBlocks
2019-10-18 13:07:33,137 [main] INFO  db.DBStoreBuilder (DBStoreBuilder.java:processTables(168)) - Using default column profile:DBProfile.DISK for Table:deletedBlocks
2019-10-18 13:07:33,138 [main] INFO  db.DBStoreBuilder (DBStoreBuilder.java:addTable(117)) - using custom profile for table: validCerts
2019-10-18 13:07:33,138 [main] INFO  db.DBStoreBuilder (DBStoreBuilder.java:processTables(168)) - Using default column profile:DBProfile.DISK for Table:validCerts
2019-10-18 13:07:33,138 [main] INFO  db.DBStoreBuilder (DBStoreBuilder.java:addTable(117)) - using custom profile for table: revokedCerts
2019-10-18 13:07:33,139 [main] INFO  db.DBStoreBuilder (DBStoreBuilder.java:processTables(168)) - Using default column profile:DBProfile.DISK for Table:revokedCerts
2019-10-18 13:07:33,139 [main] INFO  db.DBStoreBuilder (DBStoreBuilder.java:addTable(117)) - using custom profile for table: default
2019-10-18 13:07:33,139 [main] INFO  db.DBStoreBuilder (DBStoreBuilder.java:processTables(174)) - Using default column profile:DBProfile.DISK for Table:default
2019-10-18 13:07:33,139 [main] INFO  db.DBStoreBuilder (DBStoreBuilder.java:getDbProfile(205)) - Using default options. DBProfile.DISK
2019-10-18 13:07:33,871 [main] INFO  net.NodeSchemaLoader (NodeSchemaLoader.java:loadSchemaFromFile(125)) - Loading file from sun.misc.CompoundEnumeration@724bf25f
2019-10-18 13:07:33,872 [main] INFO  net.NodeSchemaLoader (NodeSchemaLoader.java:loadSchema(171)) - Loading network topology layer schema file
2019-10-18 13:07:33,876 [main] INFO  node.SCMNodeManager (SCMNodeManager.java:<init>(116)) - Entering startup safe mode.
2019-10-18 13:07:33,876 [main] INFO  algorithms.ContainerPlacementPolicyFactory (ContainerPlacementPolicyFactory.java:getPolicy(57)) - Create container placement policy of type org.apache.hadoop.hdds.scm.container.placement.algorithms.SCMContainerPlacementRandom
2019-10-18 13:07:33,876 [main] WARN  server.ServerUtils (ServerUtils.java:getScmDbDir(145)) - ozone.scm.db.dirs is not configured. We recommend adding this setting. Falling back to ozone.metadata.dirs instead.
2019-10-18 13:07:34,225 [main] INFO  pipeline.SCMPipelineManager (SCMPipelineManager.java:initializePipelineState(132)) - No pipeline exists in current db
2019-10-18 13:07:34,225 [main] WARN  server.ServerUtils (ServerUtils.java:getScmDbDir(145)) - ozone.scm.db.dirs is not configured. We recommend adding this setting. Falling back to ozone.metadata.dirs instead.
2019-10-18 13:07:35,102 [main] WARN  events.EventQueue (EventQueue.java:fireEvent(183)) - No event handler registered for event TypedEvent{payloadType=SafeModeStatus, name='SafeModeStatus'}
2019-10-18 13:07:35,103 [main] INFO  ipc.CallQueueManager (CallQueueManager.java:<init>(84)) - Using callQueue: class java.util.concurrent.LinkedBlockingQueue, queueCapacity: 2000, scheduler: class org.apache.hadoop.ipc.DefaultRpcScheduler, ipcBackoff: false.
2019-10-18 13:07:35,105 [Socket Reader #1 for port 37210] INFO  ipc.Server (Server.java:run(1074)) - Starting Socket Reader #1 for port 37210
2019-10-18 13:07:35,107 [main] INFO  ipc.CallQueueManager (CallQueueManager.java:<init>(84)) - Using callQueue: class java.util.concurrent.LinkedBlockingQueue, queueCapacity: 2000, scheduler: class org.apache.hadoop.ipc.DefaultRpcScheduler, ipcBackoff: false.
2019-10-18 13:07:35,108 [Socket Reader #1 for port 35179] INFO  ipc.Server (Server.java:run(1074)) - Starting Socket Reader #1 for port 35179
2019-10-18 13:07:35,109 [main] INFO  ipc.CallQueueManager (CallQueueManager.java:<init>(84)) - Using callQueue: class java.util.concurrent.LinkedBlockingQueue, queueCapacity: 2000, scheduler: class org.apache.hadoop.ipc.DefaultRpcScheduler, ipcBackoff: false.
2019-10-18 13:07:35,110 [Socket Reader #1 for port 38146] INFO  ipc.Server (Server.java:run(1074)) - Starting Socket Reader #1 for port 38146
2019-10-18 13:07:35,113 [main] INFO  hdfs.DFSUtil (DFSUtil.java:httpServerTemplateForNNAndJN(1641)) - Starting Web-server for scm at: http://0.0.0.0:0
2019-10-18 13:07:35,115 [main] INFO  server.AuthenticationFilter (AuthenticationFilter.java:constructSecretProvider(240)) - Unable to initialize FileSignerSecretProvider, falling back to use random secrets.
2019-10-18 13:07:35,116 [main] WARN  http.HttpRequestLog (HttpRequestLog.java:getRequestLog(97)) - Jetty request log can only be enabled using Log4j
2019-10-18 13:07:35,118 [main] INFO  http.HttpServer2 (HttpServer2.java:addGlobalFilter(975)) - Added global filter 'safety' (class=org.apache.hadoop.http.HttpServer2$QuotingInputFilter)
2019-10-18 13:07:35,119 [main] INFO  http.HttpServer2 (HttpServer2.java:addFilter(948)) - Added filter static_user_filter (class=org.apache.hadoop.http.lib.StaticUserWebFilter$StaticUserFilter) to context scm
2019-10-18 13:07:35,119 [main] INFO  http.HttpServer2 (HttpServer2.java:addFilter(958)) - Added filter static_user_filter (class=org.apache.hadoop.http.lib.StaticUserWebFilter$StaticUserFilter) to context static
2019-10-18 13:07:35,119 [main] INFO  http.HttpServer2 (HttpServer2.java:addFilter(958)) - Added filter static_user_filter (class=org.apache.hadoop.http.lib.StaticUserWebFilter$StaticUserFilter) to context logs
2019-10-18 13:07:35,122 [main] INFO  server.StorageContainerManager (StorageContainerManager.java:start(772)) - StorageContainerLocationProtocol RPC server is listening at /0.0.0.0:38146
2019-10-18 13:07:35,124 [main] WARN  impl.MetricsConfig (MetricsConfig.java:loadFirst(134)) - Cannot locate configuration: tried hadoop-metrics2-storagecontainermanager.properties,hadoop-metrics2.properties
2019-10-18 13:07:35,127 [main] INFO  impl.MetricsSystemImpl (MetricsSystemImpl.java:startTimer(374)) - Scheduled Metric snapshot period at 10 second(s).
2019-10-18 13:07:35,128 [main] INFO  impl.MetricsSystemImpl (MetricsSystemImpl.java:start(191)) - StorageContainerManager metrics system started
2019-10-18 13:07:35,243 [main] WARN  impl.MetricsSystemImpl (MetricsSystemImpl.java:register(276)) - Sink prometheus already exists!
2019-10-18 13:07:35,313 [main] INFO  server.SCMClientProtocolServer (SCMClientProtocolServer.java:start(159)) - RPC server for Client  is listening at /0.0.0.0:38146
2019-10-18 13:07:35,314 [IPC Server Responder] INFO  ipc.Server (Server.java:run(1314)) - IPC Server Responder: starting
2019-10-18 13:07:35,314 [IPC Server listener on 38146] INFO  ipc.Server (Server.java:run(1153)) - IPC Server listener on 38146: starting
2019-10-18 13:07:35,318 [main] INFO  server.StorageContainerManager (StorageContainerManager.java:start(782)) - ScmBlockLocationProtocol RPC server is listening at /0.0.0.0:35179
2019-10-18 13:07:35,318 [main] INFO  server.SCMBlockProtocolServer (SCMBlockProtocolServer.java:start(146)) - RPC server for Block Protocol is listening at /0.0.0.0:35179
2019-10-18 13:07:35,319 [IPC Server Responder] INFO  ipc.Server (Server.java:run(1314)) - IPC Server Responder: starting
2019-10-18 13:07:35,320 [IPC Server listener on 35179] INFO  ipc.Server (Server.java:run(1153)) - IPC Server listener on 35179: starting
2019-10-18 13:07:35,323 [main] INFO  server.StorageContainerManager (StorageContainerManager.java:start(786)) - ScmDatanodeProtocl RPC server is listening at /0.0.0.0:37210
2019-10-18 13:07:35,324 [main] INFO  server.SCMDatanodeProtocolServer (SCMDatanodeProtocolServer.java:start(169)) - RPC server for DataNodes is listening at /0.0.0.0:37210
2019-10-18 13:07:35,324 [IPC Server Responder] INFO  ipc.Server (Server.java:run(1314)) - IPC Server Responder: starting
2019-10-18 13:07:35,324 [IPC Server listener on 37210] INFO  ipc.Server (Server.java:run(1153)) - IPC Server listener on 37210: starting
2019-10-18 13:07:35,328 [main] INFO  http.HttpServer2 (HttpServer2.java:bindListener(1191)) - Jetty bound to port 44965
2019-10-18 13:07:35,328 [main] INFO  server.Server (Server.java:doStart(351)) - jetty-9.3.25.v20180904, build timestamp: 2018-09-04T21:11:46Z, git hash: 3ce520221d0240229c862b122d2b06c12a625732
2019-10-18 13:07:35,331 [main] INFO  handler.ContextHandler (ContextHandler.java:doStart(781)) - Started o.e.j.s.ServletContextHandler@6f731759{/logs,file:///workdir/hadoop-ozone/integration-test/target/log,AVAILABLE}
2019-10-18 13:07:35,332 [main] INFO  handler.ContextHandler (ContextHandler.java:doStart(781)) - Started o.e.j.s.ServletContextHandler@39549f33{/static,file:///workdir/hadoop-ozone/integration-test/target/test-classes/webapps/static,AVAILABLE}
2019-10-18 13:07:35,338 [main] INFO  handler.ContextHandler (ContextHandler.java:doStart(781)) - Started o.e.j.w.WebAppContext@66d25ba9{/,file:///workdir/hadoop-ozone/integration-test/target/test-classes/webapps/scm/,AVAILABLE}{/scm}
2019-10-18 13:07:35,339 [main] INFO  server.AbstractConnector (AbstractConnector.java:doStart(278)) - Started ServerConnector@3830f918{HTTP/1.1,[http/1.1]}{0.0.0.0:44965}
2019-10-18 13:07:35,340 [main] INFO  server.Server (Server.java:doStart(419)) - Started @206881ms
2019-10-18 13:07:35,340 [main] WARN  impl.MetricsSystemImpl (MetricsSystemImpl.java:register(276)) - Sink prometheus already exists!
2019-10-18 13:07:35,341 [main] INFO  server.BaseHttpServer (BaseHttpServer.java:updateConnectorAddress(215)) - HTTP server of SCM is listening at http://0.0.0.0:44965
2019-10-18 13:07:35,343 [main] WARN  server.ServerUtils (ServerUtils.java:getDBPath(222)) - ozone.om.db.dirs is not configured. We recommend adding this setting. Falling back to ozone.metadata.dirs instead.
2019-10-18 13:07:35,343 [org.apache.hadoop.util.JvmPauseMonitor$Monitor@739831a4] INFO  util.JvmPauseMonitor (JvmPauseMonitor.java:run(188)) - Starting JVM pause monitor
2019-10-18 13:07:35,362 [main] INFO  ha.OMHANodeDetails (OMHANodeDetails.java:loadOMHAConfig(190)) - Configuration either no ozone.om.address set. Falling back to the default OM address /127.0.0.1:0
2019-10-18 13:07:35,363 [main] INFO  ha.OMHANodeDetails (OMHANodeDetails.java:getOMNodeDetails(220)) - OM Service ID is not set. Setting it to the default ID: omServiceIdDefault
2019-10-18 13:07:35,363 [main] WARN  server.ServerUtils (ServerUtils.java:getDBPath(222)) - ozone.om.db.dirs is not configured. We recommend adding this setting. Falling back to ozone.metadata.dirs instead.
2019-10-18 13:07:35,364 [main] WARN  server.ServerUtils (ServerUtils.java:getDBPath(222)) - ozone.om.db.dirs is not configured. We recommend adding this setting. Falling back to ozone.metadata.dirs instead.
2019-10-18 13:07:35,372 [main] WARN  server.ServerUtils (ServerUtils.java:getDBPath(222)) - ozone.om.db.dirs is not configured. We recommend adding this setting. Falling back to ozone.metadata.dirs instead.
2019-10-18 13:07:35,373 [main] INFO  db.DBStoreBuilder (DBStoreBuilder.java:addTable(117)) - using custom profile for table: userTable
2019-10-18 13:07:35,373 [main] INFO  db.DBStoreBuilder (DBStoreBuilder.java:processTables(168)) - Using default column profile:DBProfile.DISK for Table:userTable
2019-10-18 13:07:35,373 [main] INFO  db.DBStoreBuilder (DBStoreBuilder.java:addTable(117)) - using custom profile for table: volumeTable
2019-10-18 13:07:35,373 [main] INFO  db.DBStoreBuilder (DBStoreBuilder.java:processTables(168)) - Using default column profile:DBProfile.DISK for Table:volumeTable
2019-10-18 13:07:35,373 [main] INFO  db.DBStoreBuilder (DBStoreBuilder.java:addTable(117)) - using custom profile for table: bucketTable
2019-10-18 13:07:35,374 [main] INFO  db.DBStoreBuilder (DBStoreBuilder.java:processTables(168)) - Using default column profile:DBProfile.DISK for Table:bucketTable
2019-10-18 13:07:35,374 [main] INFO  db.DBStoreBuilder (DBStoreBuilder.java:addTable(117)) - using custom profile for table: keyTable
2019-10-18 13:07:35,374 [main] INFO  db.DBStoreBuilder (DBStoreBuilder.java:processTables(168)) - Using default column profile:DBProfile.DISK for Table:keyTable
2019-10-18 13:07:35,374 [main] INFO  db.DBStoreBuilder (DBStoreBuilder.java:addTable(117)) - using custom profile for table: deletedTable
2019-10-18 13:07:35,374 [main] INFO  db.DBStoreBuilder (DBStoreBuilder.java:processTables(168)) - Using default column profile:DBProfile.DISK for Table:deletedTable
2019-10-18 13:07:35,375 [main] INFO  db.DBStoreBuilder (DBStoreBuilder.java:addTable(117)) - using custom profile for table: openKeyTable
2019-10-18 13:07:35,375 [main] INFO  db.DBStoreBuilder (DBStoreBuilder.java:processTables(168)) - Using default column profile:DBProfile.DISK for Table:openKeyTable
2019-10-18 13:07:35,375 [main] INFO  db.DBStoreBuilder (DBStoreBuilder.java:addTable(117)) - using custom profile for table: s3Table
2019-10-18 13:07:35,375 [main] INFO  db.DBStoreBuilder (DBStoreBuilder.java:processTables(168)) - Using default column profile:DBProfile.DISK for Table:s3Table
2019-10-18 13:07:35,375 [main] INFO  db.DBStoreBuilder (DBStoreBuilder.java:addTable(117)) - using custom profile for table: multipartInfoTable
2019-10-18 13:07:35,376 [main] INFO  db.DBStoreBuilder (DBStoreBuilder.java:processTables(168)) - Using default column profile:DBProfile.DISK for Table:multipartInfoTable
2019-10-18 13:07:35,376 [main] INFO  db.DBStoreBuilder (DBStoreBuilder.java:addTable(117)) - using custom profile for table: dTokenTable
2019-10-18 13:07:35,376 [main] INFO  db.DBStoreBuilder (DBStoreBuilder.java:processTables(168)) - Using default column profile:DBProfile.DISK for Table:dTokenTable
2019-10-18 13:07:35,376 [main] INFO  db.DBStoreBuilder (DBStoreBuilder.java:addTable(117)) - using custom profile for table: s3SecretTable
2019-10-18 13:07:35,376 [main] INFO  db.DBStoreBuilder (DBStoreBuilder.java:processTables(168)) - Using default column profile:DBProfile.DISK for Table:s3SecretTable
2019-10-18 13:07:35,377 [main] INFO  db.DBStoreBuilder (DBStoreBuilder.java:addTable(117)) - using custom profile for table: prefixTable
2019-10-18 13:07:35,377 [main] INFO  db.DBStoreBuilder (DBStoreBuilder.java:processTables(168)) - Using default column profile:DBProfile.DISK for Table:prefixTable
2019-10-18 13:07:35,377 [main] INFO  db.DBStoreBuilder (DBStoreBuilder.java:addTable(117)) - using custom profile for table: default
2019-10-18 13:07:35,377 [main] INFO  db.DBStoreBuilder (DBStoreBuilder.java:processTables(174)) - Using default column profile:DBProfile.DISK for Table:default
2019-10-18 13:07:35,377 [main] INFO  db.DBStoreBuilder (DBStoreBuilder.java:getDbProfile(205)) - Using default options. DBProfile.DISK
2019-10-18 13:07:36,480 [main] INFO  ipc.CallQueueManager (CallQueueManager.java:<init>(84)) - Using callQueue: class java.util.concurrent.LinkedBlockingQueue, queueCapacity: 2000, scheduler: class org.apache.hadoop.ipc.DefaultRpcScheduler, ipcBackoff: false.
2019-10-18 13:07:36,481 [Socket Reader #1 for port 34665] INFO  ipc.Server (Server.java:run(1074)) - Starting Socket Reader #1 for port 34665
2019-10-18 13:07:36,492 [main] INFO  om.OzoneManager (OzoneManager.java:start(1074)) - OzoneManager RPC server is listening at localhost/127.0.0.1:34665
2019-10-18 13:07:36,493 [main] INFO  impl.MetricsSystemImpl (MetricsSystemImpl.java:init(158)) - OzoneManager metrics system started (again)
2019-10-18 13:07:36,494 [IPC Server Responder] INFO  ipc.Server (Server.java:run(1314)) - IPC Server Responder: starting
2019-10-18 13:07:36,494 [IPC Server listener on 34665] INFO  ipc.Server (Server.java:run(1153)) - IPC Server listener on 34665: starting
2019-10-18 13:07:36,501 [main] INFO  hdfs.DFSUtil (DFSUtil.java:httpServerTemplateForNNAndJN(1641)) - Starting Web-server for ozoneManager at: http://0.0.0.0:0
2019-10-18 13:07:36,503 [main] INFO  server.AuthenticationFilter (AuthenticationFilter.java:constructSecretProvider(240)) - Unable to initialize FileSignerSecretProvider, falling back to use random secrets.
2019-10-18 13:07:36,503 [main] WARN  http.HttpRequestLog (HttpRequestLog.java:getRequestLog(97)) - Jetty request log can only be enabled using Log4j
2019-10-18 13:07:36,505 [main] INFO  http.HttpServer2 (HttpServer2.java:addGlobalFilter(975)) - Added global filter 'safety' (class=org.apache.hadoop.http.HttpServer2$QuotingInputFilter)
2019-10-18 13:07:36,506 [main] INFO  http.HttpServer2 (HttpServer2.java:addFilter(948)) - Added filter static_user_filter (class=org.apache.hadoop.http.lib.StaticUserWebFilter$StaticUserFilter) to context ozoneManager
2019-10-18 13:07:36,506 [main] INFO  http.HttpServer2 (HttpServer2.java:addFilter(958)) - Added filter static_user_filter (class=org.apache.hadoop.http.lib.StaticUserWebFilter$StaticUserFilter) to context static
2019-10-18 13:07:36,506 [main] INFO  http.HttpServer2 (HttpServer2.java:addFilter(958)) - Added filter static_user_filter (class=org.apache.hadoop.http.lib.StaticUserWebFilter$StaticUserFilter) to context logs
2019-10-18 13:07:36,507 [main] INFO  http.HttpServer2 (HttpServer2.java:bindListener(1191)) - Jetty bound to port 41261
2019-10-18 13:07:36,507 [main] INFO  server.Server (Server.java:doStart(351)) - jetty-9.3.25.v20180904, build timestamp: 2018-09-04T21:11:46Z, git hash: 3ce520221d0240229c862b122d2b06c12a625732
2019-10-18 13:07:36,509 [main] INFO  handler.ContextHandler (ContextHandler.java:doStart(781)) - Started o.e.j.s.ServletContextHandler@101cf747{/logs,file:///workdir/hadoop-ozone/integration-test/target/log,AVAILABLE}
2019-10-18 13:07:36,510 [main] INFO  handler.ContextHandler (ContextHandler.java:doStart(781)) - Started o.e.j.s.ServletContextHandler@6403a4a5{/static,file:///workdir/hadoop-ozone/integration-test/target/test-classes/webapps/static,AVAILABLE}
2019-10-18 13:07:36,514 [main] INFO  handler.ContextHandler (ContextHandler.java:doStart(781)) - Started o.e.j.w.WebAppContext@36ad229b{/,file:///workdir/hadoop-ozone/integration-test/target/test-classes/webapps/ozoneManager/,AVAILABLE}{/ozoneManager}
2019-10-18 13:07:36,514 [main] INFO  server.AbstractConnector (AbstractConnector.java:doStart(278)) - Started ServerConnector@55846997{HTTP/1.1,[http/1.1]}{0.0.0.0:41261}
2019-10-18 13:07:36,516 [main] INFO  server.Server (Server.java:doStart(419)) - Started @208057ms
2019-10-18 13:07:36,516 [main] WARN  impl.MetricsSystemImpl (MetricsSystemImpl.java:register(276)) - Sink prometheus already exists!
2019-10-18 13:07:36,517 [main] INFO  server.BaseHttpServer (BaseHttpServer.java:updateConnectorAddress(215)) - HTTP server of OZONEMANAGER is listening at http://0.0.0.0:41261
2019-10-18 13:07:36,542 [main] INFO  impl.MetricsSystemImpl (MetricsSystemImpl.java:init(158)) - HddsDatanode metrics system started (again)
2019-10-18 13:07:36,548 [main] INFO  ozone.HddsDatanodeService (HddsDatanodeService.java:start(184)) - HddsDatanodeService host:pr-hdds-2330-xmbvw-1183399999 ip:192.168.34.56
2019-10-18 13:07:36,555 [main] INFO  volume.HddsVolume (HddsVolume.java:<init>(176)) - Creating Volume: /workdir/hadoop-ozone/integration-test/target/test-dir/MiniOzoneClusterImpl-a51cb6f9-69a9-44ea-bf2b-ac78a0e144b1/datanode-0/data/containers/hdds of  storage type : DISK and capacity : 1482555576320
2019-10-18 13:07:36,556 [main] INFO  volume.VolumeSet (VolumeSet.java:initializeVolumeSet(170)) - Added Volume : /workdir/hadoop-ozone/integration-test/target/test-dir/MiniOzoneClusterImpl-a51cb6f9-69a9-44ea-bf2b-ac78a0e144b1/datanode-0/data/containers/hdds to VolumeSet
2019-10-18 13:07:36,556 [main] INFO  volume.ThrottledAsyncChecker (ThrottledAsyncChecker.java:schedule(141)) - Scheduling a check for /workdir/hadoop-ozone/integration-test/target/test-dir/MiniOzoneClusterImpl-a51cb6f9-69a9-44ea-bf2b-ac78a0e144b1/datanode-0/data/containers/hdds
2019-10-18 13:07:36,557 [main] INFO  volume.HddsVolumeChecker (HddsVolumeChecker.java:checkAllVolumes(204)) - Scheduled health check for volume /workdir/hadoop-ozone/integration-test/target/test-dir/MiniOzoneClusterImpl-a51cb6f9-69a9-44ea-bf2b-ac78a0e144b1/datanode-0/data/containers/hdds
2019-10-18 13:07:36,574 [main] INFO  impl.RaftServerProxy (ConfUtils.java:logGet(43)) - raft.rpc.type = GRPC (default)
2019-10-18 13:07:36,574 [main] INFO  grpc.GrpcFactory (GrpcFactory.java:checkPooledByteBufAllocatorUseCacheForAllThreads(45)) - PERFORMANCE WARNING: useCacheForAllThreads is true that may cause Netty to create a lot garbage objects and, as a result, trigger GC.
	It is recommended to disable useCacheForAllThreads by setting -Dorg.apache.ratis.thirdparty.io.netty.allocator.useCacheForAllThreads=false in command line.
2019-10-18 13:07:36,574 [main] INFO  grpc.GrpcConfigKeys$Server (ConfUtils.java:logGet(43)) - raft.grpc.server.port = 0 (default)
2019-10-18 13:07:36,575 [main] INFO  server.GrpcService (ConfUtils.java:logGet(43)) - raft.grpc.message.size.max = 33570816 (custom)
2019-10-18 13:07:36,575 [main] INFO  server.RaftServerConfigKeys (ConfUtils.java:logGet(43)) - raft.server.log.appender.buffer.byte-limit = 33554432 (custom)
2019-10-18 13:07:36,575 [main] INFO  server.GrpcService (ConfUtils.java:logGet(43)) - raft.grpc.flow.control.window = 1MB (=1048576) (default)
2019-10-18 13:07:36,575 [main] INFO  server.RaftServerConfigKeys (ConfUtils.java:logGet(43)) - raft.server.rpc.request.timeout = 3000ms (default)
2019-10-18 13:07:36,576 [main] INFO  server.RaftServerConfigKeys (ConfUtils.java:logGet(43)) - raft.server.storage.dir = [/workdir/hadoop-ozone/integration-test/target/test-dir/MiniOzoneClusterImpl-a51cb6f9-69a9-44ea-bf2b-ac78a0e144b1/datanode-0/data/ratis] (custom)
2019-10-18 13:07:36,578 [main] INFO  hdfs.DFSUtil (DFSUtil.java:httpServerTemplateForNNAndJN(1641)) - Starting Web-server for hddsDatanode at: http://0.0.0.0:0
2019-10-18 13:07:36,580 [main] INFO  server.AuthenticationFilter (AuthenticationFilter.java:constructSecretProvider(240)) - Unable to initialize FileSignerSecretProvider, falling back to use random secrets.
2019-10-18 13:07:36,580 [main] WARN  http.HttpRequestLog (HttpRequestLog.java:getRequestLog(97)) - Jetty request log can only be enabled using Log4j
2019-10-18 13:07:36,582 [main] INFO  http.HttpServer2 (HttpServer2.java:addGlobalFilter(975)) - Added global filter 'safety' (class=org.apache.hadoop.http.HttpServer2$QuotingInputFilter)
2019-10-18 13:07:36,582 [main] INFO  http.HttpServer2 (HttpServer2.java:addFilter(948)) - Added filter static_user_filter (class=org.apache.hadoop.http.lib.StaticUserWebFilter$StaticUserFilter) to context hddsDatanode
2019-10-18 13:07:36,583 [main] INFO  http.HttpServer2 (HttpServer2.java:addFilter(958)) - Added filter static_user_filter (class=org.apache.hadoop.http.lib.StaticUserWebFilter$StaticUserFilter) to context static
2019-10-18 13:07:36,583 [main] INFO  http.HttpServer2 (HttpServer2.java:addFilter(958)) - Added filter static_user_filter (class=org.apache.hadoop.http.lib.StaticUserWebFilter$StaticUserFilter) to context logs
2019-10-18 13:07:36,584 [main] INFO  http.HttpServer2 (HttpServer2.java:bindListener(1191)) - Jetty bound to port 39073
2019-10-18 13:07:36,584 [main] INFO  server.Server (Server.java:doStart(351)) - jetty-9.3.25.v20180904, build timestamp: 2018-09-04T21:11:46Z, git hash: 3ce520221d0240229c862b122d2b06c12a625732
2019-10-18 13:07:36,586 [main] INFO  handler.ContextHandler (ContextHandler.java:doStart(781)) - Started o.e.j.s.ServletContextHandler@7d2c345d{/logs,file:///workdir/hadoop-ozone/integration-test/target/log,AVAILABLE}
2019-10-18 13:07:36,586 [main] INFO  handler.ContextHandler (ContextHandler.java:doStart(781)) - Started o.e.j.s.ServletContextHandler@5db948c9{/static,jar:file:/home/user/.m2/repository/org/apache/hadoop/hadoop-hdds-container-service/0.5.0-SNAPSHOT/hadoop-hdds-container-service-0.5.0-SNAPSHOT.jar!/webapps/static,AVAILABLE}
2019-10-18 13:07:36,624 [main] INFO  handler.ContextHandler (ContextHandler.java:doStart(781)) - Started o.e.j.w.WebAppContext@3a3b10f4{/,file:///tmp/jetty-0.0.0.0-39073-hddsDatanode-_-any-7090973622463315867.dir/webapp/,AVAILABLE}{/hddsDatanode}
2019-10-18 13:07:36,625 [main] INFO  server.AbstractConnector (AbstractConnector.java:doStart(278)) - Started ServerConnector@49580ca8{HTTP/1.1,[http/1.1]}{0.0.0.0:39073}
2019-10-18 13:07:36,626 [main] INFO  server.Server (Server.java:doStart(419)) - Started @208168ms
2019-10-18 13:07:36,627 [main] WARN  impl.MetricsSystemImpl (MetricsSystemImpl.java:register(276)) - Sink prometheus already exists!
2019-10-18 13:07:36,628 [main] INFO  server.BaseHttpServer (BaseHttpServer.java:updateConnectorAddress(215)) - HTTP server of HDDSDATANODE is listening at http://0.0.0.0:39073
2019-10-18 13:07:36,628 [main] INFO  impl.MetricsSystemImpl (MetricsSystemImpl.java:init(158)) - HddsDatanode metrics system started (again)
2019-10-18 13:07:36,633 [org.apache.hadoop.util.JvmPauseMonitor$Monitor@2e697191] INFO  util.JvmPauseMonitor (JvmPauseMonitor.java:run(188)) - Starting JVM pause monitor
2019-10-18 13:07:36,634 [main] INFO  ozone.HddsDatanodeService (HddsDatanodeService.java:start(184)) - HddsDatanodeService host:pr-hdds-2330-xmbvw-1183399999 ip:192.168.34.56
2019-10-18 13:07:36,635 [Datanode State Machine Thread - 0] INFO  datanode.InitDatanodeState (InitDatanodeState.java:persistContainerDatanodeDetails(140)) - DatanodeDetails is persisted to /workdir/hadoop-ozone/integration-test/target/test-dir/MiniOzoneClusterImpl-a51cb6f9-69a9-44ea-bf2b-ac78a0e144b1/datanode-0/meta/datanode.id
2019-10-18 13:07:36,640 [main] INFO  volume.HddsVolume (HddsVolume.java:<init>(176)) - Creating Volume: /workdir/hadoop-ozone/integration-test/target/test-dir/MiniOzoneClusterImpl-a51cb6f9-69a9-44ea-bf2b-ac78a0e144b1/datanode-1/data/containers/hdds of  storage type : DISK and capacity : 1482555576320
2019-10-18 13:07:36,640 [main] INFO  volume.VolumeSet (VolumeSet.java:initializeVolumeSet(170)) - Added Volume : /workdir/hadoop-ozone/integration-test/target/test-dir/MiniOzoneClusterImpl-a51cb6f9-69a9-44ea-bf2b-ac78a0e144b1/datanode-1/data/containers/hdds to VolumeSet
2019-10-18 13:07:36,640 [main] INFO  volume.ThrottledAsyncChecker (ThrottledAsyncChecker.java:schedule(141)) - Scheduling a check for /workdir/hadoop-ozone/integration-test/target/test-dir/MiniOzoneClusterImpl-a51cb6f9-69a9-44ea-bf2b-ac78a0e144b1/datanode-1/data/containers/hdds
2019-10-18 13:07:36,641 [main] INFO  volume.HddsVolumeChecker (HddsVolumeChecker.java:checkAllVolumes(204)) - Scheduled health check for volume /workdir/hadoop-ozone/integration-test/target/test-dir/MiniOzoneClusterImpl-a51cb6f9-69a9-44ea-bf2b-ac78a0e144b1/datanode-1/data/containers/hdds
2019-10-18 13:07:36,654 [main] INFO  impl.RaftServerProxy (ConfUtils.java:logGet(43)) - raft.rpc.type = GRPC (default)
2019-10-18 13:07:36,654 [main] INFO  grpc.GrpcFactory (GrpcFactory.java:checkPooledByteBufAllocatorUseCacheForAllThreads(45)) - PERFORMANCE WARNING: useCacheForAllThreads is true that may cause Netty to create a lot garbage objects and, as a result, trigger GC.
	It is recommended to disable useCacheForAllThreads by setting -Dorg.apache.ratis.thirdparty.io.netty.allocator.useCacheForAllThreads=false in command line.
2019-10-18 13:07:36,654 [main] INFO  grpc.GrpcConfigKeys$Server (ConfUtils.java:logGet(43)) - raft.grpc.server.port = 0 (default)
2019-10-18 13:07:36,654 [main] INFO  server.GrpcService (ConfUtils.java:logGet(43)) - raft.grpc.message.size.max = 33570816 (custom)
2019-10-18 13:07:36,655 [main] INFO  server.RaftServerConfigKeys (ConfUtils.java:logGet(43)) - raft.server.log.appender.buffer.byte-limit = 33554432 (custom)
2019-10-18 13:07:36,655 [main] INFO  server.GrpcService (ConfUtils.java:logGet(43)) - raft.grpc.flow.control.window = 1MB (=1048576) (default)
2019-10-18 13:07:36,655 [main] INFO  server.RaftServerConfigKeys (ConfUtils.java:logGet(43)) - raft.server.rpc.request.timeout = 3000ms (default)
2019-10-18 13:07:36,655 [main] INFO  server.RaftServerConfigKeys (ConfUtils.java:logGet(43)) - raft.server.storage.dir = [/workdir/hadoop-ozone/integration-test/target/test-dir/MiniOzoneClusterImpl-a51cb6f9-69a9-44ea-bf2b-ac78a0e144b1/datanode-1/data/ratis] (custom)
2019-10-18 13:07:36,657 [main] INFO  hdfs.DFSUtil (DFSUtil.java:httpServerTemplateForNNAndJN(1641)) - Starting Web-server for hddsDatanode at: http://0.0.0.0:0
2019-10-18 13:07:36,659 [main] INFO  server.AuthenticationFilter (AuthenticationFilter.java:constructSecretProvider(240)) - Unable to initialize FileSignerSecretProvider, falling back to use random secrets.
2019-10-18 13:07:36,659 [main] WARN  http.HttpRequestLog (HttpRequestLog.java:getRequestLog(97)) - Jetty request log can only be enabled using Log4j
2019-10-18 13:07:36,661 [main] INFO  http.HttpServer2 (HttpServer2.java:addGlobalFilter(975)) - Added global filter 'safety' (class=org.apache.hadoop.http.HttpServer2$QuotingInputFilter)
2019-10-18 13:07:36,662 [main] INFO  http.HttpServer2 (HttpServer2.java:addFilter(948)) - Added filter static_user_filter (class=org.apache.hadoop.http.lib.StaticUserWebFilter$StaticUserFilter) to context hddsDatanode
2019-10-18 13:07:36,662 [main] INFO  http.HttpServer2 (HttpServer2.java:addFilter(958)) - Added filter static_user_filter (class=org.apache.hadoop.http.lib.StaticUserWebFilter$StaticUserFilter) to context static
2019-10-18 13:07:36,662 [main] INFO  http.HttpServer2 (HttpServer2.java:addFilter(958)) - Added filter static_user_filter (class=org.apache.hadoop.http.lib.StaticUserWebFilter$StaticUserFilter) to context logs
2019-10-18 13:07:36,663 [main] INFO  http.HttpServer2 (HttpServer2.java:bindListener(1191)) - Jetty bound to port 41104
2019-10-18 13:07:36,663 [main] INFO  server.Server (Server.java:doStart(351)) - jetty-9.3.25.v20180904, build timestamp: 2018-09-04T21:11:46Z, git hash: 3ce520221d0240229c862b122d2b06c12a625732
2019-10-18 13:07:36,665 [main] INFO  handler.ContextHandler (ContextHandler.java:doStart(781)) - Started o.e.j.s.ServletContextHandler@1653b84e{/logs,file:///workdir/hadoop-ozone/integration-test/target/log,AVAILABLE}
2019-10-18 13:07:36,666 [main] INFO  handler.ContextHandler (ContextHandler.java:doStart(781)) - Started o.e.j.s.ServletContextHandler@6f85ee02{/static,jar:file:/home/user/.m2/repository/org/apache/hadoop/hadoop-hdds-container-service/0.5.0-SNAPSHOT/hadoop-hdds-container-service-0.5.0-SNAPSHOT.jar!/webapps/static,AVAILABLE}
2019-10-18 13:07:36,705 [main] INFO  handler.ContextHandler (ContextHandler.java:doStart(781)) - Started o.e.j.w.WebAppContext@1f129467{/,file:///tmp/jetty-0.0.0.0-41104-hddsDatanode-_-any-5244605223077380751.dir/webapp/,AVAILABLE}{/hddsDatanode}
2019-10-18 13:07:36,706 [main] INFO  server.AbstractConnector (AbstractConnector.java:doStart(278)) - Started ServerConnector@646cd766{HTTP/1.1,[http/1.1]}{0.0.0.0:41104}
2019-10-18 13:07:36,707 [main] INFO  server.Server (Server.java:doStart(419)) - Started @208249ms
2019-10-18 13:07:36,707 [main] WARN  impl.MetricsSystemImpl (MetricsSystemImpl.java:register(276)) - Sink prometheus already exists!
2019-10-18 13:07:36,709 [main] INFO  server.BaseHttpServer (BaseHttpServer.java:updateConnectorAddress(215)) - HTTP server of HDDSDATANODE is listening at http://0.0.0.0:41104
2019-10-18 13:07:36,709 [main] INFO  impl.MetricsSystemImpl (MetricsSystemImpl.java:init(158)) - HddsDatanode metrics system started (again)
2019-10-18 13:07:36,710 [org.apache.hadoop.util.JvmPauseMonitor$Monitor@4f8cb9e5] INFO  util.JvmPauseMonitor (JvmPauseMonitor.java:run(188)) - Starting JVM pause monitor
2019-10-18 13:07:36,711 [Datanode State Machine Thread - 0] INFO  datanode.InitDatanodeState (InitDatanodeState.java:persistContainerDatanodeDetails(140)) - DatanodeDetails is persisted to /workdir/hadoop-ozone/integration-test/target/test-dir/MiniOzoneClusterImpl-a51cb6f9-69a9-44ea-bf2b-ac78a0e144b1/datanode-1/meta/datanode.id
2019-10-18 13:07:36,715 [main] INFO  ozone.HddsDatanodeService (HddsDatanodeService.java:start(184)) - HddsDatanodeService host:pr-hdds-2330-xmbvw-1183399999 ip:192.168.34.56
2019-10-18 13:07:36,722 [main] INFO  volume.HddsVolume (HddsVolume.java:<init>(176)) - Creating Volume: /workdir/hadoop-ozone/integration-test/target/test-dir/MiniOzoneClusterImpl-a51cb6f9-69a9-44ea-bf2b-ac78a0e144b1/datanode-2/data/containers/hdds of  storage type : DISK and capacity : 1482555576320
2019-10-18 13:07:36,722 [main] INFO  volume.VolumeSet (VolumeSet.java:initializeVolumeSet(170)) - Added Volume : /workdir/hadoop-ozone/integration-test/target/test-dir/MiniOzoneClusterImpl-a51cb6f9-69a9-44ea-bf2b-ac78a0e144b1/datanode-2/data/containers/hdds to VolumeSet
2019-10-18 13:07:36,722 [main] INFO  volume.ThrottledAsyncChecker (ThrottledAsyncChecker.java:schedule(141)) - Scheduling a check for /workdir/hadoop-ozone/integration-test/target/test-dir/MiniOzoneClusterImpl-a51cb6f9-69a9-44ea-bf2b-ac78a0e144b1/datanode-2/data/containers/hdds
2019-10-18 13:07:36,723 [main] INFO  volume.HddsVolumeChecker (HddsVolumeChecker.java:checkAllVolumes(204)) - Scheduled health check for volume /workdir/hadoop-ozone/integration-test/target/test-dir/MiniOzoneClusterImpl-a51cb6f9-69a9-44ea-bf2b-ac78a0e144b1/datanode-2/data/containers/hdds
2019-10-18 13:07:36,738 [main] INFO  impl.RaftServerProxy (ConfUtils.java:logGet(43)) - raft.rpc.type = GRPC (default)
2019-10-18 13:07:36,738 [main] INFO  grpc.GrpcFactory (GrpcFactory.java:checkPooledByteBufAllocatorUseCacheForAllThreads(45)) - PERFORMANCE WARNING: useCacheForAllThreads is true that may cause Netty to create a lot garbage objects and, as a result, trigger GC.
	It is recommended to disable useCacheForAllThreads by setting -Dorg.apache.ratis.thirdparty.io.netty.allocator.useCacheForAllThreads=false in command line.
2019-10-18 13:07:36,738 [main] INFO  grpc.GrpcConfigKeys$Server (ConfUtils.java:logGet(43)) - raft.grpc.server.port = 0 (default)
2019-10-18 13:07:36,739 [main] INFO  server.GrpcService (ConfUtils.java:logGet(43)) - raft.grpc.message.size.max = 33570816 (custom)
2019-10-18 13:07:36,739 [main] INFO  server.RaftServerConfigKeys (ConfUtils.java:logGet(43)) - raft.server.log.appender.buffer.byte-limit = 33554432 (custom)
2019-10-18 13:07:36,739 [main] INFO  server.GrpcService (ConfUtils.java:logGet(43)) - raft.grpc.flow.control.window = 1MB (=1048576) (default)
2019-10-18 13:07:36,739 [main] INFO  server.RaftServerConfigKeys (ConfUtils.java:logGet(43)) - raft.server.rpc.request.timeout = 3000ms (default)
2019-10-18 13:07:36,740 [main] INFO  server.RaftServerConfigKeys (ConfUtils.java:logGet(43)) - raft.server.storage.dir = [/workdir/hadoop-ozone/integration-test/target/test-dir/MiniOzoneClusterImpl-a51cb6f9-69a9-44ea-bf2b-ac78a0e144b1/datanode-2/data/ratis] (custom)
2019-10-18 13:07:36,742 [main] INFO  hdfs.DFSUtil (DFSUtil.java:httpServerTemplateForNNAndJN(1641)) - Starting Web-server for hddsDatanode at: http://0.0.0.0:0
2019-10-18 13:07:36,743 [main] INFO  server.AuthenticationFilter (AuthenticationFilter.java:constructSecretProvider(240)) - Unable to initialize FileSignerSecretProvider, falling back to use random secrets.
2019-10-18 13:07:36,743 [main] WARN  http.HttpRequestLog (HttpRequestLog.java:getRequestLog(97)) - Jetty request log can only be enabled using Log4j
2019-10-18 13:07:36,744 [main] INFO  http.HttpServer2 (HttpServer2.java:addGlobalFilter(975)) - Added global filter 'safety' (class=org.apache.hadoop.http.HttpServer2$QuotingInputFilter)
2019-10-18 13:07:36,745 [main] INFO  http.HttpServer2 (HttpServer2.java:addFilter(948)) - Added filter static_user_filter (class=org.apache.hadoop.http.lib.StaticUserWebFilter$StaticUserFilter) to context hddsDatanode
2019-10-18 13:07:36,745 [main] INFO  http.HttpServer2 (HttpServer2.java:addFilter(958)) - Added filter static_user_filter (class=org.apache.hadoop.http.lib.StaticUserWebFilter$StaticUserFilter) to context static
2019-10-18 13:07:36,745 [main] INFO  http.HttpServer2 (HttpServer2.java:addFilter(958)) - Added filter static_user_filter (class=org.apache.hadoop.http.lib.StaticUserWebFilter$StaticUserFilter) to context logs
2019-10-18 13:07:36,746 [main] INFO  http.HttpServer2 (HttpServer2.java:bindListener(1191)) - Jetty bound to port 36762
2019-10-18 13:07:36,746 [main] INFO  server.Server (Server.java:doStart(351)) - jetty-9.3.25.v20180904, build timestamp: 2018-09-04T21:11:46Z, git hash: 3ce520221d0240229c862b122d2b06c12a625732
2019-10-18 13:07:36,747 [main] INFO  handler.ContextHandler (ContextHandler.java:doStart(781)) - Started o.e.j.s.ServletContextHandler@7f0f84d4{/logs,file:///workdir/hadoop-ozone/integration-test/target/log,AVAILABLE}
2019-10-18 13:07:36,748 [main] INFO  handler.ContextHandler (ContextHandler.java:doStart(781)) - Started o.e.j.s.ServletContextHandler@26e8ff8c{/static,jar:file:/home/user/.m2/repository/org/apache/hadoop/hadoop-hdds-container-service/0.5.0-SNAPSHOT/hadoop-hdds-container-service-0.5.0-SNAPSHOT.jar!/webapps/static,AVAILABLE}
2019-10-18 13:07:36,778 [main] INFO  handler.ContextHandler (ContextHandler.java:doStart(781)) - Started o.e.j.w.WebAppContext@1c98b4eb{/,file:///tmp/jetty-0.0.0.0-36762-hddsDatanode-_-any-7680738310796136295.dir/webapp/,AVAILABLE}{/hddsDatanode}
2019-10-18 13:07:36,778 [main] INFO  server.AbstractConnector (AbstractConnector.java:doStart(278)) - Started ServerConnector@45801322{HTTP/1.1,[http/1.1]}{0.0.0.0:36762}
2019-10-18 13:07:36,780 [main] INFO  server.Server (Server.java:doStart(419)) - Started @208321ms
2019-10-18 13:07:36,780 [main] WARN  impl.MetricsSystemImpl (MetricsSystemImpl.java:register(276)) - Sink prometheus already exists!
2019-10-18 13:07:36,781 [main] INFO  server.BaseHttpServer (BaseHttpServer.java:updateConnectorAddress(215)) - HTTP server of HDDSDATANODE is listening at http://0.0.0.0:36762
2019-10-18 13:07:36,781 [main] INFO  impl.MetricsSystemImpl (MetricsSystemImpl.java:init(158)) - HddsDatanode metrics system started (again)
2019-10-18 13:07:36,787 [org.apache.hadoop.util.JvmPauseMonitor$Monitor@6655776f] INFO  util.JvmPauseMonitor (JvmPauseMonitor.java:run(188)) - Starting JVM pause monitor
2019-10-18 13:07:36,788 [main] INFO  ozone.HddsDatanodeService (HddsDatanodeService.java:start(184)) - HddsDatanodeService host:pr-hdds-2330-xmbvw-1183399999 ip:192.168.34.56
2019-10-18 13:07:36,788 [Datanode State Machine Thread - 0] INFO  datanode.InitDatanodeState (InitDatanodeState.java:persistContainerDatanodeDetails(140)) - DatanodeDetails is persisted to /workdir/hadoop-ozone/integration-test/target/test-dir/MiniOzoneClusterImpl-a51cb6f9-69a9-44ea-bf2b-ac78a0e144b1/datanode-2/meta/datanode.id
2019-10-18 13:07:36,794 [main] INFO  volume.HddsVolume (HddsVolume.java:<init>(176)) - Creating Volume: /workdir/hadoop-ozone/integration-test/target/test-dir/MiniOzoneClusterImpl-a51cb6f9-69a9-44ea-bf2b-ac78a0e144b1/datanode-3/data/containers/hdds of  storage type : DISK and capacity : 1482555576320
2019-10-18 13:07:36,795 [main] INFO  volume.VolumeSet (VolumeSet.java:initializeVolumeSet(170)) - Added Volume : /workdir/hadoop-ozone/integration-test/target/test-dir/MiniOzoneClusterImpl-a51cb6f9-69a9-44ea-bf2b-ac78a0e144b1/datanode-3/data/containers/hdds to VolumeSet
2019-10-18 13:07:36,795 [main] INFO  volume.ThrottledAsyncChecker (ThrottledAsyncChecker.java:schedule(141)) - Scheduling a check for /workdir/hadoop-ozone/integration-test/target/test-dir/MiniOzoneClusterImpl-a51cb6f9-69a9-44ea-bf2b-ac78a0e144b1/datanode-3/data/containers/hdds
2019-10-18 13:07:36,795 [main] INFO  volume.HddsVolumeChecker (HddsVolumeChecker.java:checkAllVolumes(204)) - Scheduled health check for volume /workdir/hadoop-ozone/integration-test/target/test-dir/MiniOzoneClusterImpl-a51cb6f9-69a9-44ea-bf2b-ac78a0e144b1/datanode-3/data/containers/hdds
2019-10-18 13:07:36,810 [main] INFO  impl.RaftServerProxy (ConfUtils.java:logGet(43)) - raft.rpc.type = GRPC (default)
2019-10-18 13:07:36,810 [main] INFO  grpc.GrpcFactory (GrpcFactory.java:checkPooledByteBufAllocatorUseCacheForAllThreads(45)) - PERFORMANCE WARNING: useCacheForAllThreads is true that may cause Netty to create a lot garbage objects and, as a result, trigger GC.
	It is recommended to disable useCacheForAllThreads by setting -Dorg.apache.ratis.thirdparty.io.netty.allocator.useCacheForAllThreads=false in command line.
2019-10-18 13:07:36,810 [main] INFO  grpc.GrpcConfigKeys$Server (ConfUtils.java:logGet(43)) - raft.grpc.server.port = 0 (default)
2019-10-18 13:07:36,810 [main] INFO  server.GrpcService (ConfUtils.java:logGet(43)) - raft.grpc.message.size.max = 33570816 (custom)
2019-10-18 13:07:36,810 [main] INFO  server.RaftServerConfigKeys (ConfUtils.java:logGet(43)) - raft.server.log.appender.buffer.byte-limit = 33554432 (custom)
2019-10-18 13:07:36,811 [main] INFO  server.GrpcService (ConfUtils.java:logGet(43)) - raft.grpc.flow.control.window = 1MB (=1048576) (default)
2019-10-18 13:07:36,811 [main] INFO  server.RaftServerConfigKeys (ConfUtils.java:logGet(43)) - raft.server.rpc.request.timeout = 3000ms (default)
2019-10-18 13:07:36,811 [main] INFO  server.RaftServerConfigKeys (ConfUtils.java:logGet(43)) - raft.server.storage.dir = [/workdir/hadoop-ozone/integration-test/target/test-dir/MiniOzoneClusterImpl-a51cb6f9-69a9-44ea-bf2b-ac78a0e144b1/datanode-3/data/ratis] (custom)
2019-10-18 13:07:36,814 [main] INFO  hdfs.DFSUtil (DFSUtil.java:httpServerTemplateForNNAndJN(1641)) - Starting Web-server for hddsDatanode at: http://0.0.0.0:0
2019-10-18 13:07:36,817 [main] INFO  server.AuthenticationFilter (AuthenticationFilter.java:constructSecretProvider(240)) - Unable to initialize FileSignerSecretProvider, falling back to use random secrets.
2019-10-18 13:07:36,817 [main] WARN  http.HttpRequestLog (HttpRequestLog.java:getRequestLog(97)) - Jetty request log can only be enabled using Log4j
2019-10-18 13:07:36,820 [main] INFO  http.HttpServer2 (HttpServer2.java:addGlobalFilter(975)) - Added global filter 'safety' (class=org.apache.hadoop.http.HttpServer2$QuotingInputFilter)
2019-10-18 13:07:36,821 [main] INFO  http.HttpServer2 (HttpServer2.java:addFilter(948)) - Added filter static_user_filter (class=org.apache.hadoop.http.lib.StaticUserWebFilter$StaticUserFilter) to context hddsDatanode
2019-10-18 13:07:36,821 [main] INFO  http.HttpServer2 (HttpServer2.java:addFilter(958)) - Added filter static_user_filter (class=org.apache.hadoop.http.lib.StaticUserWebFilter$StaticUserFilter) to context logs
2019-10-18 13:07:36,822 [main] INFO  http.HttpServer2 (HttpServer2.java:addFilter(958)) - Added filter static_user_filter (class=org.apache.hadoop.http.lib.StaticUserWebFilter$StaticUserFilter) to context static
2019-10-18 13:07:36,823 [main] INFO  http.HttpServer2 (HttpServer2.java:bindListener(1191)) - Jetty bound to port 32842
2019-10-18 13:07:36,823 [main] INFO  server.Server (Server.java:doStart(351)) - jetty-9.3.25.v20180904, build timestamp: 2018-09-04T21:11:46Z, git hash: 3ce520221d0240229c862b122d2b06c12a625732
2019-10-18 13:07:36,826 [main] INFO  handler.ContextHandler (ContextHandler.java:doStart(781)) - Started o.e.j.s.ServletContextHandler@797fcf9{/logs,file:///workdir/hadoop-ozone/integration-test/target/log,AVAILABLE}
2019-10-18 13:07:36,827 [main] INFO  handler.ContextHandler (ContextHandler.java:doStart(781)) - Started o.e.j.s.ServletContextHandler@15d114ce{/static,jar:file:/home/user/.m2/repository/org/apache/hadoop/hadoop-hdds-container-service/0.5.0-SNAPSHOT/hadoop-hdds-container-service-0.5.0-SNAPSHOT.jar!/webapps/static,AVAILABLE}
2019-10-18 13:07:36,885 [main] INFO  handler.ContextHandler (ContextHandler.java:doStart(781)) - Started o.e.j.w.WebAppContext@4aed311e{/,file:///tmp/jetty-0.0.0.0-32842-hddsDatanode-_-any-7272881083790324146.dir/webapp/,AVAILABLE}{/hddsDatanode}
2019-10-18 13:07:36,886 [main] INFO  server.AbstractConnector (AbstractConnector.java:doStart(278)) - Started ServerConnector@4c38cd16{HTTP/1.1,[http/1.1]}{0.0.0.0:32842}
2019-10-18 13:07:36,888 [main] INFO  server.Server (Server.java:doStart(419)) - Started @208429ms
2019-10-18 13:07:36,888 [main] WARN  impl.MetricsSystemImpl (MetricsSystemImpl.java:register(276)) - Sink prometheus already exists!
2019-10-18 13:07:36,889 [main] INFO  server.BaseHttpServer (BaseHttpServer.java:updateConnectorAddress(215)) - HTTP server of HDDSDATANODE is listening at http://0.0.0.0:32842
2019-10-18 13:07:36,890 [main] INFO  impl.MetricsSystemImpl (MetricsSystemImpl.java:init(158)) - HddsDatanode metrics system started (again)
2019-10-18 13:07:36,895 [org.apache.hadoop.util.JvmPauseMonitor$Monitor@44b9b564] INFO  util.JvmPauseMonitor (JvmPauseMonitor.java:run(188)) - Starting JVM pause monitor
2019-10-18 13:07:36,896 [main] INFO  ozone.HddsDatanodeService (HddsDatanodeService.java:start(184)) - HddsDatanodeService host:pr-hdds-2330-xmbvw-1183399999 ip:192.168.34.56
2019-10-18 13:07:36,896 [Datanode State Machine Thread - 0] INFO  datanode.InitDatanodeState (InitDatanodeState.java:persistContainerDatanodeDetails(140)) - DatanodeDetails is persisted to /workdir/hadoop-ozone/integration-test/target/test-dir/MiniOzoneClusterImpl-a51cb6f9-69a9-44ea-bf2b-ac78a0e144b1/datanode-3/meta/datanode.id
2019-10-18 13:07:36,903 [main] INFO  volume.HddsVolume (HddsVolume.java:<init>(176)) - Creating Volume: /workdir/hadoop-ozone/integration-test/target/test-dir/MiniOzoneClusterImpl-a51cb6f9-69a9-44ea-bf2b-ac78a0e144b1/datanode-4/data/containers/hdds of  storage type : DISK and capacity : 1482555576320
2019-10-18 13:07:36,903 [main] INFO  volume.VolumeSet (VolumeSet.java:initializeVolumeSet(170)) - Added Volume : /workdir/hadoop-ozone/integration-test/target/test-dir/MiniOzoneClusterImpl-a51cb6f9-69a9-44ea-bf2b-ac78a0e144b1/datanode-4/data/containers/hdds to VolumeSet
2019-10-18 13:07:36,903 [main] INFO  volume.ThrottledAsyncChecker (ThrottledAsyncChecker.java:schedule(141)) - Scheduling a check for /workdir/hadoop-ozone/integration-test/target/test-dir/MiniOzoneClusterImpl-a51cb6f9-69a9-44ea-bf2b-ac78a0e144b1/datanode-4/data/containers/hdds
2019-10-18 13:07:36,904 [main] INFO  volume.HddsVolumeChecker (HddsVolumeChecker.java:checkAllVolumes(204)) - Scheduled health check for volume /workdir/hadoop-ozone/integration-test/target/test-dir/MiniOzoneClusterImpl-a51cb6f9-69a9-44ea-bf2b-ac78a0e144b1/datanode-4/data/containers/hdds
2019-10-18 13:07:36,918 [main] INFO  impl.RaftServerProxy (ConfUtils.java:logGet(43)) - raft.rpc.type = GRPC (default)
2019-10-18 13:07:36,918 [main] INFO  grpc.GrpcFactory (GrpcFactory.java:checkPooledByteBufAllocatorUseCacheForAllThreads(45)) - PERFORMANCE WARNING: useCacheForAllThreads is true that may cause Netty to create a lot garbage objects and, as a result, trigger GC.
	It is recommended to disable useCacheForAllThreads by setting -Dorg.apache.ratis.thirdparty.io.netty.allocator.useCacheForAllThreads=false in command line.
2019-10-18 13:07:36,919 [main] INFO  grpc.GrpcConfigKeys$Server (ConfUtils.java:logGet(43)) - raft.grpc.server.port = 0 (default)
2019-10-18 13:07:36,919 [main] INFO  server.GrpcService (ConfUtils.java:logGet(43)) - raft.grpc.message.size.max = 33570816 (custom)
2019-10-18 13:07:36,919 [main] INFO  server.RaftServerConfigKeys (ConfUtils.java:logGet(43)) - raft.server.log.appender.buffer.byte-limit = 33554432 (custom)
2019-10-18 13:07:36,919 [main] INFO  server.GrpcService (ConfUtils.java:logGet(43)) - raft.grpc.flow.control.window = 1MB (=1048576) (default)
2019-10-18 13:07:36,919 [main] INFO  server.RaftServerConfigKeys (ConfUtils.java:logGet(43)) - raft.server.rpc.request.timeout = 3000ms (default)
2019-10-18 13:07:36,920 [main] INFO  server.RaftServerConfigKeys (ConfUtils.java:logGet(43)) - raft.server.storage.dir = [/workdir/hadoop-ozone/integration-test/target/test-dir/MiniOzoneClusterImpl-a51cb6f9-69a9-44ea-bf2b-ac78a0e144b1/datanode-4/data/ratis] (custom)
2019-10-18 13:07:36,922 [main] INFO  hdfs.DFSUtil (DFSUtil.java:httpServerTemplateForNNAndJN(1641)) - Starting Web-server for hddsDatanode at: http://0.0.0.0:0
2019-10-18 13:07:36,924 [main] INFO  server.AuthenticationFilter (AuthenticationFilter.java:constructSecretProvider(240)) - Unable to initialize FileSignerSecretProvider, falling back to use random secrets.
2019-10-18 13:07:36,924 [main] WARN  http.HttpRequestLog (HttpRequestLog.java:getRequestLog(97)) - Jetty request log can only be enabled using Log4j
2019-10-18 13:07:36,926 [main] INFO  http.HttpServer2 (HttpServer2.java:addGlobalFilter(975)) - Added global filter 'safety' (class=org.apache.hadoop.http.HttpServer2$QuotingInputFilter)
2019-10-18 13:07:36,927 [main] INFO  http.HttpServer2 (HttpServer2.java:addFilter(948)) - Added filter static_user_filter (class=org.apache.hadoop.http.lib.StaticUserWebFilter$StaticUserFilter) to context hddsDatanode
2019-10-18 13:07:36,927 [main] INFO  http.HttpServer2 (HttpServer2.java:addFilter(958)) - Added filter static_user_filter (class=org.apache.hadoop.http.lib.StaticUserWebFilter$StaticUserFilter) to context logs
2019-10-18 13:07:36,927 [main] INFO  http.HttpServer2 (HttpServer2.java:addFilter(958)) - Added filter static_user_filter (class=org.apache.hadoop.http.lib.StaticUserWebFilter$StaticUserFilter) to context static
2019-10-18 13:07:36,928 [main] INFO  http.HttpServer2 (HttpServer2.java:bindListener(1191)) - Jetty bound to port 45696
2019-10-18 13:07:36,928 [main] INFO  server.Server (Server.java:doStart(351)) - jetty-9.3.25.v20180904, build timestamp: 2018-09-04T21:11:46Z, git hash: 3ce520221d0240229c862b122d2b06c12a625732
2019-10-18 13:07:36,930 [main] INFO  handler.ContextHandler (ContextHandler.java:doStart(781)) - Started o.e.j.s.ServletContextHandler@5a48da4f{/logs,file:///workdir/hadoop-ozone/integration-test/target/log,AVAILABLE}
2019-10-18 13:07:36,931 [main] INFO  handler.ContextHandler (ContextHandler.java:doStart(781)) - Started o.e.j.s.ServletContextHandler@6424e613{/static,jar:file:/home/user/.m2/repository/org/apache/hadoop/hadoop-hdds-container-service/0.5.0-SNAPSHOT/hadoop-hdds-container-service-0.5.0-SNAPSHOT.jar!/webapps/static,AVAILABLE}
2019-10-18 13:07:36,974 [main] INFO  handler.ContextHandler (ContextHandler.java:doStart(781)) - Started o.e.j.w.WebAppContext@73a6cc79{/,file:///tmp/jetty-0.0.0.0-45696-hddsDatanode-_-any-4757665759226705916.dir/webapp/,AVAILABLE}{/hddsDatanode}
2019-10-18 13:07:36,974 [main] INFO  server.AbstractConnector (AbstractConnector.java:doStart(278)) - Started ServerConnector@5a4d4f9c{HTTP/1.1,[http/1.1]}{0.0.0.0:45696}
2019-10-18 13:07:36,982 [main] INFO  server.Server (Server.java:doStart(419)) - Started @208523ms
2019-10-18 13:07:36,982 [main] WARN  impl.MetricsSystemImpl (MetricsSystemImpl.java:register(276)) - Sink prometheus already exists!
2019-10-18 13:07:36,983 [main] INFO  server.BaseHttpServer (BaseHttpServer.java:updateConnectorAddress(215)) - HTTP server of HDDSDATANODE is listening at http://0.0.0.0:45696
2019-10-18 13:07:36,983 [main] INFO  impl.MetricsSystemImpl (MetricsSystemImpl.java:init(158)) - HddsDatanode metrics system started (again)
2019-10-18 13:07:36,990 [org.apache.hadoop.util.JvmPauseMonitor$Monitor@26ca0f64] INFO  util.JvmPauseMonitor (JvmPauseMonitor.java:run(188)) - Starting JVM pause monitor
2019-10-18 13:07:36,991 [Datanode State Machine Thread - 0] INFO  datanode.InitDatanodeState (InitDatanodeState.java:persistContainerDatanodeDetails(140)) - DatanodeDetails is persisted to /workdir/hadoop-ozone/integration-test/target/test-dir/MiniOzoneClusterImpl-a51cb6f9-69a9-44ea-bf2b-ac78a0e144b1/datanode-4/meta/datanode.id
2019-10-18 13:07:36,991 [main] INFO  ozone.HddsDatanodeService (HddsDatanodeService.java:start(184)) - HddsDatanodeService host:pr-hdds-2330-xmbvw-1183399999 ip:192.168.34.56
2019-10-18 13:07:36,999 [main] INFO  volume.HddsVolume (HddsVolume.java:<init>(176)) - Creating Volume: /workdir/hadoop-ozone/integration-test/target/test-dir/MiniOzoneClusterImpl-a51cb6f9-69a9-44ea-bf2b-ac78a0e144b1/datanode-5/data/containers/hdds of  storage type : DISK and capacity : 1482555576320
2019-10-18 13:07:36,999 [main] INFO  volume.VolumeSet (VolumeSet.java:initializeVolumeSet(170)) - Added Volume : /workdir/hadoop-ozone/integration-test/target/test-dir/MiniOzoneClusterImpl-a51cb6f9-69a9-44ea-bf2b-ac78a0e144b1/datanode-5/data/containers/hdds to VolumeSet
2019-10-18 13:07:36,999 [main] INFO  volume.ThrottledAsyncChecker (ThrottledAsyncChecker.java:schedule(141)) - Scheduling a check for /workdir/hadoop-ozone/integration-test/target/test-dir/MiniOzoneClusterImpl-a51cb6f9-69a9-44ea-bf2b-ac78a0e144b1/datanode-5/data/containers/hdds
2019-10-18 13:07:37,000 [main] INFO  volume.HddsVolumeChecker (HddsVolumeChecker.java:checkAllVolumes(204)) - Scheduled health check for volume /workdir/hadoop-ozone/integration-test/target/test-dir/MiniOzoneClusterImpl-a51cb6f9-69a9-44ea-bf2b-ac78a0e144b1/datanode-5/data/containers/hdds
2019-10-18 13:07:37,015 [main] INFO  impl.RaftServerProxy (ConfUtils.java:logGet(43)) - raft.rpc.type = GRPC (default)
2019-10-18 13:07:37,015 [main] INFO  grpc.GrpcFactory (GrpcFactory.java:checkPooledByteBufAllocatorUseCacheForAllThreads(45)) - PERFORMANCE WARNING: useCacheForAllThreads is true that may cause Netty to create a lot garbage objects and, as a result, trigger GC.
	It is recommended to disable useCacheForAllThreads by setting -Dorg.apache.ratis.thirdparty.io.netty.allocator.useCacheForAllThreads=false in command line.
2019-10-18 13:07:37,016 [main] INFO  grpc.GrpcConfigKeys$Server (ConfUtils.java:logGet(43)) - raft.grpc.server.port = 0 (default)
2019-10-18 13:07:37,016 [main] INFO  server.GrpcService (ConfUtils.java:logGet(43)) - raft.grpc.message.size.max = 33570816 (custom)
2019-10-18 13:07:37,016 [main] INFO  server.RaftServerConfigKeys (ConfUtils.java:logGet(43)) - raft.server.log.appender.buffer.byte-limit = 33554432 (custom)
2019-10-18 13:07:37,016 [main] INFO  server.GrpcService (ConfUtils.java:logGet(43)) - raft.grpc.flow.control.window = 1MB (=1048576) (default)
2019-10-18 13:07:37,016 [main] INFO  server.RaftServerConfigKeys (ConfUtils.java:logGet(43)) - raft.server.rpc.request.timeout = 3000ms (default)
2019-10-18 13:07:37,017 [main] INFO  server.RaftServerConfigKeys (ConfUtils.java:logGet(43)) - raft.server.storage.dir = [/workdir/hadoop-ozone/integration-test/target/test-dir/MiniOzoneClusterImpl-a51cb6f9-69a9-44ea-bf2b-ac78a0e144b1/datanode-5/data/ratis] (custom)
2019-10-18 13:07:37,019 [main] INFO  hdfs.DFSUtil (DFSUtil.java:httpServerTemplateForNNAndJN(1641)) - Starting Web-server for hddsDatanode at: http://0.0.0.0:0
2019-10-18 13:07:37,026 [main] INFO  server.AuthenticationFilter (AuthenticationFilter.java:constructSecretProvider(240)) - Unable to initialize FileSignerSecretProvider, falling back to use random secrets.
2019-10-18 13:07:37,027 [main] WARN  http.HttpRequestLog (HttpRequestLog.java:getRequestLog(97)) - Jetty request log can only be enabled using Log4j
2019-10-18 13:07:37,029 [main] INFO  http.HttpServer2 (HttpServer2.java:addGlobalFilter(975)) - Added global filter 'safety' (class=org.apache.hadoop.http.HttpServer2$QuotingInputFilter)
2019-10-18 13:07:37,029 [main] INFO  http.HttpServer2 (HttpServer2.java:addFilter(948)) - Added filter static_user_filter (class=org.apache.hadoop.http.lib.StaticUserWebFilter$StaticUserFilter) to context hddsDatanode
2019-10-18 13:07:37,030 [main] INFO  http.HttpServer2 (HttpServer2.java:addFilter(958)) - Added filter static_user_filter (class=org.apache.hadoop.http.lib.StaticUserWebFilter$StaticUserFilter) to context static
2019-10-18 13:07:37,030 [main] INFO  http.HttpServer2 (HttpServer2.java:addFilter(958)) - Added filter static_user_filter (class=org.apache.hadoop.http.lib.StaticUserWebFilter$StaticUserFilter) to context logs
2019-10-18 13:07:37,031 [main] INFO  http.HttpServer2 (HttpServer2.java:bindListener(1191)) - Jetty bound to port 46742
2019-10-18 13:07:37,031 [main] INFO  server.Server (Server.java:doStart(351)) - jetty-9.3.25.v20180904, build timestamp: 2018-09-04T21:11:46Z, git hash: 3ce520221d0240229c862b122d2b06c12a625732
2019-10-18 13:07:37,033 [main] INFO  handler.ContextHandler (ContextHandler.java:doStart(781)) - Started o.e.j.s.ServletContextHandler@492be039{/logs,file:///workdir/hadoop-ozone/integration-test/target/log,AVAILABLE}
2019-10-18 13:07:37,033 [main] INFO  handler.ContextHandler (ContextHandler.java:doStart(781)) - Started o.e.j.s.ServletContextHandler@1118d539{/static,jar:file:/home/user/.m2/repository/org/apache/hadoop/hadoop-hdds-container-service/0.5.0-SNAPSHOT/hadoop-hdds-container-service-0.5.0-SNAPSHOT.jar!/webapps/static,AVAILABLE}
2019-10-18 13:07:37,073 [main] INFO  handler.ContextHandler (ContextHandler.java:doStart(781)) - Started o.e.j.w.WebAppContext@4ef18604{/,file:///tmp/jetty-0.0.0.0-46742-hddsDatanode-_-any-441345489032683804.dir/webapp/,AVAILABLE}{/hddsDatanode}
2019-10-18 13:07:37,074 [main] INFO  server.AbstractConnector (AbstractConnector.java:doStart(278)) - Started ServerConnector@372f0a99{HTTP/1.1,[http/1.1]}{0.0.0.0:46742}
2019-10-18 13:07:37,076 [main] INFO  server.Server (Server.java:doStart(419)) - Started @208617ms
2019-10-18 13:07:37,076 [main] WARN  impl.MetricsSystemImpl (MetricsSystemImpl.java:register(276)) - Sink prometheus already exists!
2019-10-18 13:07:37,077 [main] INFO  server.BaseHttpServer (BaseHttpServer.java:updateConnectorAddress(215)) - HTTP server of HDDSDATANODE is listening at http://0.0.0.0:46742
2019-10-18 13:07:37,077 [main] INFO  impl.MetricsSystemImpl (MetricsSystemImpl.java:init(158)) - HddsDatanode metrics system started (again)
2019-10-18 13:07:37,084 [org.apache.hadoop.util.JvmPauseMonitor$Monitor@235bea8b] INFO  util.JvmPauseMonitor (JvmPauseMonitor.java:run(188)) - Starting JVM pause monitor
2019-10-18 13:07:37,085 [main] INFO  ozone.HddsDatanodeService (HddsDatanodeService.java:start(184)) - HddsDatanodeService host:pr-hdds-2330-xmbvw-1183399999 ip:192.168.34.56
2019-10-18 13:07:37,085 [Datanode State Machine Thread - 0] INFO  datanode.InitDatanodeState (InitDatanodeState.java:persistContainerDatanodeDetails(140)) - DatanodeDetails is persisted to /workdir/hadoop-ozone/integration-test/target/test-dir/MiniOzoneClusterImpl-a51cb6f9-69a9-44ea-bf2b-ac78a0e144b1/datanode-5/meta/datanode.id
2019-10-18 13:07:37,094 [main] INFO  volume.HddsVolume (HddsVolume.java:<init>(176)) - Creating Volume: /workdir/hadoop-ozone/integration-test/target/test-dir/MiniOzoneClusterImpl-a51cb6f9-69a9-44ea-bf2b-ac78a0e144b1/datanode-6/data/containers/hdds of  storage type : DISK and capacity : 1482555576320
2019-10-18 13:07:37,094 [main] INFO  volume.VolumeSet (VolumeSet.java:initializeVolumeSet(170)) - Added Volume : /workdir/hadoop-ozone/integration-test/target/test-dir/MiniOzoneClusterImpl-a51cb6f9-69a9-44ea-bf2b-ac78a0e144b1/datanode-6/data/containers/hdds to VolumeSet
2019-10-18 13:07:37,095 [main] INFO  volume.ThrottledAsyncChecker (ThrottledAsyncChecker.java:schedule(141)) - Scheduling a check for /workdir/hadoop-ozone/integration-test/target/test-dir/MiniOzoneClusterImpl-a51cb6f9-69a9-44ea-bf2b-ac78a0e144b1/datanode-6/data/containers/hdds
2019-10-18 13:07:37,095 [main] INFO  volume.HddsVolumeChecker (HddsVolumeChecker.java:checkAllVolumes(204)) - Scheduled health check for volume /workdir/hadoop-ozone/integration-test/target/test-dir/MiniOzoneClusterImpl-a51cb6f9-69a9-44ea-bf2b-ac78a0e144b1/datanode-6/data/containers/hdds
2019-10-18 13:07:37,115 [main] INFO  impl.RaftServerProxy (ConfUtils.java:logGet(43)) - raft.rpc.type = GRPC (default)
2019-10-18 13:07:37,115 [main] INFO  grpc.GrpcFactory (GrpcFactory.java:checkPooledByteBufAllocatorUseCacheForAllThreads(45)) - PERFORMANCE WARNING: useCacheForAllThreads is true that may cause Netty to create a lot garbage objects and, as a result, trigger GC.
	It is recommended to disable useCacheForAllThreads by setting -Dorg.apache.ratis.thirdparty.io.netty.allocator.useCacheForAllThreads=false in command line.
2019-10-18 13:07:37,115 [main] INFO  grpc.GrpcConfigKeys$Server (ConfUtils.java:logGet(43)) - raft.grpc.server.port = 0 (default)
2019-10-18 13:07:37,115 [main] INFO  server.GrpcService (ConfUtils.java:logGet(43)) - raft.grpc.message.size.max = 33570816 (custom)
2019-10-18 13:07:37,116 [main] INFO  server.RaftServerConfigKeys (ConfUtils.java:logGet(43)) - raft.server.log.appender.buffer.byte-limit = 33554432 (custom)
2019-10-18 13:07:37,116 [main] INFO  server.GrpcService (ConfUtils.java:logGet(43)) - raft.grpc.flow.control.window = 1MB (=1048576) (default)
2019-10-18 13:07:37,116 [main] INFO  server.RaftServerConfigKeys (ConfUtils.java:logGet(43)) - raft.server.rpc.request.timeout = 3000ms (default)
2019-10-18 13:07:37,116 [main] INFO  server.RaftServerConfigKeys (ConfUtils.java:logGet(43)) - raft.server.storage.dir = [/workdir/hadoop-ozone/integration-test/target/test-dir/MiniOzoneClusterImpl-a51cb6f9-69a9-44ea-bf2b-ac78a0e144b1/datanode-6/data/ratis] (custom)
2019-10-18 13:07:37,118 [main] INFO  hdfs.DFSUtil (DFSUtil.java:httpServerTemplateForNNAndJN(1641)) - Starting Web-server for hddsDatanode at: http://0.0.0.0:0
2019-10-18 13:07:37,120 [main] INFO  server.AuthenticationFilter (AuthenticationFilter.java:constructSecretProvider(240)) - Unable to initialize FileSignerSecretProvider, falling back to use random secrets.
2019-10-18 13:07:37,120 [main] WARN  http.HttpRequestLog (HttpRequestLog.java:getRequestLog(97)) - Jetty request log can only be enabled using Log4j
2019-10-18 13:07:37,122 [main] INFO  http.HttpServer2 (HttpServer2.java:addGlobalFilter(975)) - Added global filter 'safety' (class=org.apache.hadoop.http.HttpServer2$QuotingInputFilter)
2019-10-18 13:07:37,122 [main] INFO  http.HttpServer2 (HttpServer2.java:addFilter(948)) - Added filter static_user_filter (class=org.apache.hadoop.http.lib.StaticUserWebFilter$StaticUserFilter) to context hddsDatanode
2019-10-18 13:07:37,123 [main] INFO  http.HttpServer2 (HttpServer2.java:addFilter(958)) - Added filter static_user_filter (class=org.apache.hadoop.http.lib.StaticUserWebFilter$StaticUserFilter) to context logs
2019-10-18 13:07:37,123 [main] INFO  http.HttpServer2 (HttpServer2.java:addFilter(958)) - Added filter static_user_filter (class=org.apache.hadoop.http.lib.StaticUserWebFilter$StaticUserFilter) to context static
2019-10-18 13:07:37,124 [main] INFO  http.HttpServer2 (HttpServer2.java:bindListener(1191)) - Jetty bound to port 37566
2019-10-18 13:07:37,124 [main] INFO  server.Server (Server.java:doStart(351)) - jetty-9.3.25.v20180904, build timestamp: 2018-09-04T21:11:46Z, git hash: 3ce520221d0240229c862b122d2b06c12a625732
2019-10-18 13:07:37,125 [main] INFO  handler.ContextHandler (ContextHandler.java:doStart(781)) - Started o.e.j.s.ServletContextHandler@7b96de8d{/logs,file:///workdir/hadoop-ozone/integration-test/target/log,AVAILABLE}
2019-10-18 13:07:37,126 [main] INFO  handler.ContextHandler (ContextHandler.java:doStart(781)) - Started o.e.j.s.ServletContextHandler@4dc52559{/static,jar:file:/home/user/.m2/repository/org/apache/hadoop/hadoop-hdds-container-service/0.5.0-SNAPSHOT/hadoop-hdds-container-service-0.5.0-SNAPSHOT.jar!/webapps/static,AVAILABLE}
2019-10-18 13:07:37,155 [main] INFO  handler.ContextHandler (ContextHandler.java:doStart(781)) - Started o.e.j.w.WebAppContext@50598a1a{/,file:///tmp/jetty-0.0.0.0-37566-hddsDatanode-_-any-3722156184018346225.dir/webapp/,AVAILABLE}{/hddsDatanode}
2019-10-18 13:07:37,155 [main] INFO  server.AbstractConnector (AbstractConnector.java:doStart(278)) - Started ServerConnector@14de1901{HTTP/1.1,[http/1.1]}{0.0.0.0:37566}
2019-10-18 13:07:37,156 [main] INFO  server.Server (Server.java:doStart(419)) - Started @208698ms
2019-10-18 13:07:37,156 [main] WARN  impl.MetricsSystemImpl (MetricsSystemImpl.java:register(276)) - Sink prometheus already exists!
2019-10-18 13:07:37,157 [main] INFO  server.BaseHttpServer (BaseHttpServer.java:updateConnectorAddress(215)) - HTTP server of HDDSDATANODE is listening at http://0.0.0.0:37566
2019-10-18 13:07:37,158 [main] INFO  impl.MetricsSystemImpl (MetricsSystemImpl.java:init(158)) - HddsDatanode metrics system started (again)
2019-10-18 13:07:37,166 [org.apache.hadoop.util.JvmPauseMonitor$Monitor@32bb19ab] INFO  util.JvmPauseMonitor (JvmPauseMonitor.java:run(188)) - Starting JVM pause monitor
2019-10-18 13:07:37,167 [Datanode State Machine Thread - 0] INFO  datanode.InitDatanodeState (InitDatanodeState.java:persistContainerDatanodeDetails(140)) - DatanodeDetails is persisted to /workdir/hadoop-ozone/integration-test/target/test-dir/MiniOzoneClusterImpl-a51cb6f9-69a9-44ea-bf2b-ac78a0e144b1/datanode-6/meta/datanode.id
2019-10-18 13:07:37,167 [main] INFO  ozone.HddsDatanodeService (HddsDatanodeService.java:start(184)) - HddsDatanodeService host:pr-hdds-2330-xmbvw-1183399999 ip:192.168.34.56
2019-10-18 13:07:37,174 [main] INFO  volume.HddsVolume (HddsVolume.java:<init>(176)) - Creating Volume: /workdir/hadoop-ozone/integration-test/target/test-dir/MiniOzoneClusterImpl-a51cb6f9-69a9-44ea-bf2b-ac78a0e144b1/datanode-7/data/containers/hdds of  storage type : DISK and capacity : 1482555576320
2019-10-18 13:07:37,175 [main] INFO  volume.VolumeSet (VolumeSet.java:initializeVolumeSet(170)) - Added Volume : /workdir/hadoop-ozone/integration-test/target/test-dir/MiniOzoneClusterImpl-a51cb6f9-69a9-44ea-bf2b-ac78a0e144b1/datanode-7/data/containers/hdds to VolumeSet
2019-10-18 13:07:37,175 [main] INFO  volume.ThrottledAsyncChecker (ThrottledAsyncChecker.java:schedule(141)) - Scheduling a check for /workdir/hadoop-ozone/integration-test/target/test-dir/MiniOzoneClusterImpl-a51cb6f9-69a9-44ea-bf2b-ac78a0e144b1/datanode-7/data/containers/hdds
2019-10-18 13:07:37,176 [main] INFO  volume.HddsVolumeChecker (HddsVolumeChecker.java:checkAllVolumes(204)) - Scheduled health check for volume /workdir/hadoop-ozone/integration-test/target/test-dir/MiniOzoneClusterImpl-a51cb6f9-69a9-44ea-bf2b-ac78a0e144b1/datanode-7/data/containers/hdds
2019-10-18 13:07:37,194 [main] INFO  impl.RaftServerProxy (ConfUtils.java:logGet(43)) - raft.rpc.type = GRPC (default)
2019-10-18 13:07:37,195 [main] INFO  grpc.GrpcFactory (GrpcFactory.java:checkPooledByteBufAllocatorUseCacheForAllThreads(45)) - PERFORMANCE WARNING: useCacheForAllThreads is true that may cause Netty to create a lot garbage objects and, as a result, trigger GC.
	It is recommended to disable useCacheForAllThreads by setting -Dorg.apache.ratis.thirdparty.io.netty.allocator.useCacheForAllThreads=false in command line.
2019-10-18 13:07:37,195 [main] INFO  grpc.GrpcConfigKeys$Server (ConfUtils.java:logGet(43)) - raft.grpc.server.port = 0 (default)
2019-10-18 13:07:37,195 [main] INFO  server.GrpcService (ConfUtils.java:logGet(43)) - raft.grpc.message.size.max = 33570816 (custom)
2019-10-18 13:07:37,195 [main] INFO  server.RaftServerConfigKeys (ConfUtils.java:logGet(43)) - raft.server.log.appender.buffer.byte-limit = 33554432 (custom)
2019-10-18 13:07:37,196 [main] INFO  server.GrpcService (ConfUtils.java:logGet(43)) - raft.grpc.flow.control.window = 1MB (=1048576) (default)
2019-10-18 13:07:37,196 [main] INFO  server.RaftServerConfigKeys (ConfUtils.java:logGet(43)) - raft.server.rpc.request.timeout = 3000ms (default)
2019-10-18 13:07:37,196 [main] INFO  server.RaftServerConfigKeys (ConfUtils.java:logGet(43)) - raft.server.storage.dir = [/workdir/hadoop-ozone/integration-test/target/test-dir/MiniOzoneClusterImpl-a51cb6f9-69a9-44ea-bf2b-ac78a0e144b1/datanode-7/data/ratis] (custom)
2019-10-18 13:07:37,198 [main] INFO  hdfs.DFSUtil (DFSUtil.java:httpServerTemplateForNNAndJN(1641)) - Starting Web-server for hddsDatanode at: http://0.0.0.0:0
2019-10-18 13:07:37,200 [main] INFO  server.AuthenticationFilter (AuthenticationFilter.java:constructSecretProvider(240)) - Unable to initialize FileSignerSecretProvider, falling back to use random secrets.
2019-10-18 13:07:37,201 [main] WARN  http.HttpRequestLog (HttpRequestLog.java:getRequestLog(97)) - Jetty request log can only be enabled using Log4j
2019-10-18 13:07:37,203 [main] INFO  http.HttpServer2 (HttpServer2.java:addGlobalFilter(975)) - Added global filter 'safety' (class=org.apache.hadoop.http.HttpServer2$QuotingInputFilter)
2019-10-18 13:07:37,204 [main] INFO  http.HttpServer2 (HttpServer2.java:addFilter(948)) - Added filter static_user_filter (class=org.apache.hadoop.http.lib.StaticUserWebFilter$StaticUserFilter) to context hddsDatanode
2019-10-18 13:07:37,204 [main] INFO  http.HttpServer2 (HttpServer2.java:addFilter(958)) - Added filter static_user_filter (class=org.apache.hadoop.http.lib.StaticUserWebFilter$StaticUserFilter) to context logs
2019-10-18 13:07:37,204 [main] INFO  http.HttpServer2 (HttpServer2.java:addFilter(958)) - Added filter static_user_filter (class=org.apache.hadoop.http.lib.StaticUserWebFilter$StaticUserFilter) to context static
2019-10-18 13:07:37,205 [main] INFO  http.HttpServer2 (HttpServer2.java:bindListener(1191)) - Jetty bound to port 34356
2019-10-18 13:07:37,205 [main] INFO  server.Server (Server.java:doStart(351)) - jetty-9.3.25.v20180904, build timestamp: 2018-09-04T21:11:46Z, git hash: 3ce520221d0240229c862b122d2b06c12a625732
2019-10-18 13:07:37,207 [main] INFO  handler.ContextHandler (ContextHandler.java:doStart(781)) - Started o.e.j.s.ServletContextHandler@61359e87{/logs,file:///workdir/hadoop-ozone/integration-test/target/log,AVAILABLE}
2019-10-18 13:07:37,208 [main] INFO  handler.ContextHandler (ContextHandler.java:doStart(781)) - Started o.e.j.s.ServletContextHandler@45037e16{/static,jar:file:/home/user/.m2/repository/org/apache/hadoop/hadoop-hdds-container-service/0.5.0-SNAPSHOT/hadoop-hdds-container-service-0.5.0-SNAPSHOT.jar!/webapps/static,AVAILABLE}
2019-10-18 13:07:37,246 [main] INFO  handler.ContextHandler (ContextHandler.java:doStart(781)) - Started o.e.j.w.WebAppContext@34279b8a{/,file:///tmp/jetty-0.0.0.0-34356-hddsDatanode-_-any-3023365055259183298.dir/webapp/,AVAILABLE}{/hddsDatanode}
2019-10-18 13:07:37,246 [main] INFO  server.AbstractConnector (AbstractConnector.java:doStart(278)) - Started ServerConnector@687389a6{HTTP/1.1,[http/1.1]}{0.0.0.0:34356}
2019-10-18 13:07:37,248 [main] INFO  server.Server (Server.java:doStart(419)) - Started @208789ms
2019-10-18 13:07:37,248 [main] WARN  impl.MetricsSystemImpl (MetricsSystemImpl.java:register(276)) - Sink prometheus already exists!
2019-10-18 13:07:37,249 [main] INFO  server.BaseHttpServer (BaseHttpServer.java:updateConnectorAddress(215)) - HTTP server of HDDSDATANODE is listening at http://0.0.0.0:34356
2019-10-18 13:07:37,250 [main] INFO  impl.MetricsSystemImpl (MetricsSystemImpl.java:init(158)) - HddsDatanode metrics system started (again)
2019-10-18 13:07:37,258 [org.apache.hadoop.util.JvmPauseMonitor$Monitor@2dd6da89] INFO  util.JvmPauseMonitor (JvmPauseMonitor.java:run(188)) - Starting JVM pause monitor
2019-10-18 13:07:37,259 [Datanode State Machine Thread - 0] INFO  datanode.InitDatanodeState (InitDatanodeState.java:persistContainerDatanodeDetails(140)) - DatanodeDetails is persisted to /workdir/hadoop-ozone/integration-test/target/test-dir/MiniOzoneClusterImpl-a51cb6f9-69a9-44ea-bf2b-ac78a0e144b1/datanode-7/meta/datanode.id
2019-10-18 13:07:37,259 [main] INFO  ozone.HddsDatanodeService (HddsDatanodeService.java:start(184)) - HddsDatanodeService host:pr-hdds-2330-xmbvw-1183399999 ip:192.168.34.56
2019-10-18 13:07:37,266 [main] INFO  volume.HddsVolume (HddsVolume.java:<init>(176)) - Creating Volume: /workdir/hadoop-ozone/integration-test/target/test-dir/MiniOzoneClusterImpl-a51cb6f9-69a9-44ea-bf2b-ac78a0e144b1/datanode-8/data/containers/hdds of  storage type : DISK and capacity : 1482555576320
2019-10-18 13:07:37,266 [main] INFO  volume.VolumeSet (VolumeSet.java:initializeVolumeSet(170)) - Added Volume : /workdir/hadoop-ozone/integration-test/target/test-dir/MiniOzoneClusterImpl-a51cb6f9-69a9-44ea-bf2b-ac78a0e144b1/datanode-8/data/containers/hdds to VolumeSet
2019-10-18 13:07:37,267 [main] INFO  volume.ThrottledAsyncChecker (ThrottledAsyncChecker.java:schedule(141)) - Scheduling a check for /workdir/hadoop-ozone/integration-test/target/test-dir/MiniOzoneClusterImpl-a51cb6f9-69a9-44ea-bf2b-ac78a0e144b1/datanode-8/data/containers/hdds
2019-10-18 13:07:37,267 [main] INFO  volume.HddsVolumeChecker (HddsVolumeChecker.java:checkAllVolumes(204)) - Scheduled health check for volume /workdir/hadoop-ozone/integration-test/target/test-dir/MiniOzoneClusterImpl-a51cb6f9-69a9-44ea-bf2b-ac78a0e144b1/datanode-8/data/containers/hdds
2019-10-18 13:07:37,282 [main] INFO  impl.RaftServerProxy (ConfUtils.java:logGet(43)) - raft.rpc.type = GRPC (default)
2019-10-18 13:07:37,282 [main] INFO  grpc.GrpcFactory (GrpcFactory.java:checkPooledByteBufAllocatorUseCacheForAllThreads(45)) - PERFORMANCE WARNING: useCacheForAllThreads is true that may cause Netty to create a lot garbage objects and, as a result, trigger GC.
	It is recommended to disable useCacheForAllThreads by setting -Dorg.apache.ratis.thirdparty.io.netty.allocator.useCacheForAllThreads=false in command line.
2019-10-18 13:07:37,282 [main] INFO  grpc.GrpcConfigKeys$Server (ConfUtils.java:logGet(43)) - raft.grpc.server.port = 0 (default)
2019-10-18 13:07:37,282 [main] INFO  server.GrpcService (ConfUtils.java:logGet(43)) - raft.grpc.message.size.max = 33570816 (custom)
2019-10-18 13:07:37,282 [main] INFO  server.RaftServerConfigKeys (ConfUtils.java:logGet(43)) - raft.server.log.appender.buffer.byte-limit = 33554432 (custom)
2019-10-18 13:07:37,283 [main] INFO  server.GrpcService (ConfUtils.java:logGet(43)) - raft.grpc.flow.control.window = 1MB (=1048576) (default)
2019-10-18 13:07:37,283 [main] INFO  server.RaftServerConfigKeys (ConfUtils.java:logGet(43)) - raft.server.rpc.request.timeout = 3000ms (default)
2019-10-18 13:07:37,283 [main] INFO  server.RaftServerConfigKeys (ConfUtils.java:logGet(43)) - raft.server.storage.dir = [/workdir/hadoop-ozone/integration-test/target/test-dir/MiniOzoneClusterImpl-a51cb6f9-69a9-44ea-bf2b-ac78a0e144b1/datanode-8/data/ratis] (custom)
2019-10-18 13:07:37,285 [main] INFO  hdfs.DFSUtil (DFSUtil.java:httpServerTemplateForNNAndJN(1641)) - Starting Web-server for hddsDatanode at: http://0.0.0.0:0
2019-10-18 13:07:37,287 [main] INFO  server.AuthenticationFilter (AuthenticationFilter.java:constructSecretProvider(240)) - Unable to initialize FileSignerSecretProvider, falling back to use random secrets.
2019-10-18 13:07:37,287 [main] WARN  http.HttpRequestLog (HttpRequestLog.java:getRequestLog(97)) - Jetty request log can only be enabled using Log4j
2019-10-18 13:07:37,289 [main] INFO  http.HttpServer2 (HttpServer2.java:addGlobalFilter(975)) - Added global filter 'safety' (class=org.apache.hadoop.http.HttpServer2$QuotingInputFilter)
2019-10-18 13:07:37,290 [main] INFO  http.HttpServer2 (HttpServer2.java:addFilter(948)) - Added filter static_user_filter (class=org.apache.hadoop.http.lib.StaticUserWebFilter$StaticUserFilter) to context hddsDatanode
2019-10-18 13:07:37,290 [main] INFO  http.HttpServer2 (HttpServer2.java:addFilter(958)) - Added filter static_user_filter (class=org.apache.hadoop.http.lib.StaticUserWebFilter$StaticUserFilter) to context static
2019-10-18 13:07:37,290 [main] INFO  http.HttpServer2 (HttpServer2.java:addFilter(958)) - Added filter static_user_filter (class=org.apache.hadoop.http.lib.StaticUserWebFilter$StaticUserFilter) to context logs
2019-10-18 13:07:37,291 [main] INFO  http.HttpServer2 (HttpServer2.java:bindListener(1191)) - Jetty bound to port 35205
2019-10-18 13:07:37,291 [main] INFO  server.Server (Server.java:doStart(351)) - jetty-9.3.25.v20180904, build timestamp: 2018-09-04T21:11:46Z, git hash: 3ce520221d0240229c862b122d2b06c12a625732
2019-10-18 13:07:37,293 [main] INFO  handler.ContextHandler (ContextHandler.java:doStart(781)) - Started o.e.j.s.ServletContextHandler@599f1b7{/logs,file:///workdir/hadoop-ozone/integration-test/target/log,AVAILABLE}
2019-10-18 13:07:37,293 [main] INFO  handler.ContextHandler (ContextHandler.java:doStart(781)) - Started o.e.j.s.ServletContextHandler@64f4f12{/static,jar:file:/home/user/.m2/repository/org/apache/hadoop/hadoop-hdds-container-service/0.5.0-SNAPSHOT/hadoop-hdds-container-service-0.5.0-SNAPSHOT.jar!/webapps/static,AVAILABLE}
2019-10-18 13:07:37,326 [main] INFO  handler.ContextHandler (ContextHandler.java:doStart(781)) - Started o.e.j.w.WebAppContext@6ac45c0c{/,file:///tmp/jetty-0.0.0.0-35205-hddsDatanode-_-any-6250939086448696286.dir/webapp/,AVAILABLE}{/hddsDatanode}
2019-10-18 13:07:37,327 [main] INFO  server.AbstractConnector (AbstractConnector.java:doStart(278)) - Started ServerConnector@12192604{HTTP/1.1,[http/1.1]}{0.0.0.0:35205}
2019-10-18 13:07:37,328 [main] INFO  server.Server (Server.java:doStart(419)) - Started @208870ms
2019-10-18 13:07:37,328 [main] WARN  impl.MetricsSystemImpl (MetricsSystemImpl.java:register(276)) - Sink prometheus already exists!
2019-10-18 13:07:37,329 [main] INFO  server.BaseHttpServer (BaseHttpServer.java:updateConnectorAddress(215)) - HTTP server of HDDSDATANODE is listening at http://0.0.0.0:35205
2019-10-18 13:07:37,330 [main] INFO  impl.MetricsSystemImpl (MetricsSystemImpl.java:init(158)) - HddsDatanode metrics system started (again)
2019-10-18 13:07:37,331 [org.apache.hadoop.util.JvmPauseMonitor$Monitor@6944e76] INFO  util.JvmPauseMonitor (JvmPauseMonitor.java:run(188)) - Starting JVM pause monitor
2019-10-18 13:07:37,332 [Datanode State Machine Thread - 0] INFO  datanode.InitDatanodeState (InitDatanodeState.java:persistContainerDatanodeDetails(140)) - DatanodeDetails is persisted to /workdir/hadoop-ozone/integration-test/target/test-dir/MiniOzoneClusterImpl-a51cb6f9-69a9-44ea-bf2b-ac78a0e144b1/datanode-8/meta/datanode.id
2019-10-18 13:07:37,341 [main] INFO  ozone.HddsDatanodeService (HddsDatanodeService.java:start(184)) - HddsDatanodeService host:pr-hdds-2330-xmbvw-1183399999 ip:192.168.34.56
2019-10-18 13:07:37,353 [main] INFO  volume.HddsVolume (HddsVolume.java:<init>(176)) - Creating Volume: /workdir/hadoop-ozone/integration-test/target/test-dir/MiniOzoneClusterImpl-a51cb6f9-69a9-44ea-bf2b-ac78a0e144b1/datanode-9/data/containers/hdds of  storage type : DISK and capacity : 1482555576320
2019-10-18 13:07:37,353 [main] INFO  volume.VolumeSet (VolumeSet.java:initializeVolumeSet(170)) - Added Volume : /workdir/hadoop-ozone/integration-test/target/test-dir/MiniOzoneClusterImpl-a51cb6f9-69a9-44ea-bf2b-ac78a0e144b1/datanode-9/data/containers/hdds to VolumeSet
2019-10-18 13:07:37,353 [main] INFO  volume.ThrottledAsyncChecker (ThrottledAsyncChecker.java:schedule(141)) - Scheduling a check for /workdir/hadoop-ozone/integration-test/target/test-dir/MiniOzoneClusterImpl-a51cb6f9-69a9-44ea-bf2b-ac78a0e144b1/datanode-9/data/containers/hdds
2019-10-18 13:07:37,354 [main] INFO  volume.HddsVolumeChecker (HddsVolumeChecker.java:checkAllVolumes(204)) - Scheduled health check for volume /workdir/hadoop-ozone/integration-test/target/test-dir/MiniOzoneClusterImpl-a51cb6f9-69a9-44ea-bf2b-ac78a0e144b1/datanode-9/data/containers/hdds
2019-10-18 13:07:37,372 [main] INFO  impl.RaftServerProxy (ConfUtils.java:logGet(43)) - raft.rpc.type = GRPC (default)
2019-10-18 13:07:37,372 [main] INFO  grpc.GrpcFactory (GrpcFactory.java:checkPooledByteBufAllocatorUseCacheForAllThreads(45)) - PERFORMANCE WARNING: useCacheForAllThreads is true that may cause Netty to create a lot garbage objects and, as a result, trigger GC.
	It is recommended to disable useCacheForAllThreads by setting -Dorg.apache.ratis.thirdparty.io.netty.allocator.useCacheForAllThreads=false in command line.
2019-10-18 13:07:37,372 [main] INFO  grpc.GrpcConfigKeys$Server (ConfUtils.java:logGet(43)) - raft.grpc.server.port = 0 (default)
2019-10-18 13:07:37,373 [main] INFO  server.GrpcService (ConfUtils.java:logGet(43)) - raft.grpc.message.size.max = 33570816 (custom)
2019-10-18 13:07:37,373 [main] INFO  server.RaftServerConfigKeys (ConfUtils.java:logGet(43)) - raft.server.log.appender.buffer.byte-limit = 33554432 (custom)
2019-10-18 13:07:37,373 [main] INFO  server.GrpcService (ConfUtils.java:logGet(43)) - raft.grpc.flow.control.window = 1MB (=1048576) (default)
2019-10-18 13:07:37,373 [main] INFO  server.RaftServerConfigKeys (ConfUtils.java:logGet(43)) - raft.server.rpc.request.timeout = 3000ms (default)
2019-10-18 13:07:37,374 [main] INFO  server.RaftServerConfigKeys (ConfUtils.java:logGet(43)) - raft.server.storage.dir = [/workdir/hadoop-ozone/integration-test/target/test-dir/MiniOzoneClusterImpl-a51cb6f9-69a9-44ea-bf2b-ac78a0e144b1/datanode-9/data/ratis] (custom)
2019-10-18 13:07:37,376 [main] INFO  hdfs.DFSUtil (DFSUtil.java:httpServerTemplateForNNAndJN(1641)) - Starting Web-server for hddsDatanode at: http://0.0.0.0:0
2019-10-18 13:07:37,379 [main] INFO  server.AuthenticationFilter (AuthenticationFilter.java:constructSecretProvider(240)) - Unable to initialize FileSignerSecretProvider, falling back to use random secrets.
2019-10-18 13:07:37,379 [main] WARN  http.HttpRequestLog (HttpRequestLog.java:getRequestLog(97)) - Jetty request log can only be enabled using Log4j
2019-10-18 13:07:37,381 [main] INFO  http.HttpServer2 (HttpServer2.java:addGlobalFilter(975)) - Added global filter 'safety' (class=org.apache.hadoop.http.HttpServer2$QuotingInputFilter)
2019-10-18 13:07:37,381 [main] INFO  http.HttpServer2 (HttpServer2.java:addFilter(948)) - Added filter static_user_filter (class=org.apache.hadoop.http.lib.StaticUserWebFilter$StaticUserFilter) to context hddsDatanode
2019-10-18 13:07:37,381 [main] INFO  http.HttpServer2 (HttpServer2.java:addFilter(958)) - Added filter static_user_filter (class=org.apache.hadoop.http.lib.StaticUserWebFilter$StaticUserFilter) to context logs
2019-10-18 13:07:37,382 [main] INFO  http.HttpServer2 (HttpServer2.java:addFilter(958)) - Added filter static_user_filter (class=org.apache.hadoop.http.lib.StaticUserWebFilter$StaticUserFilter) to context static
2019-10-18 13:07:37,383 [main] INFO  http.HttpServer2 (HttpServer2.java:bindListener(1191)) - Jetty bound to port 40097
2019-10-18 13:07:37,383 [main] INFO  server.Server (Server.java:doStart(351)) - jetty-9.3.25.v20180904, build timestamp: 2018-09-04T21:11:46Z, git hash: 3ce520221d0240229c862b122d2b06c12a625732
2019-10-18 13:07:37,385 [main] INFO  handler.ContextHandler (ContextHandler.java:doStart(781)) - Started o.e.j.s.ServletContextHandler@51888019{/logs,file:///workdir/hadoop-ozone/integration-test/target/log,AVAILABLE}
2019-10-18 13:07:37,385 [main] INFO  handler.ContextHandler (ContextHandler.java:doStart(781)) - Started o.e.j.s.ServletContextHandler@19b5214b{/static,jar:file:/home/user/.m2/repository/org/apache/hadoop/hadoop-hdds-container-service/0.5.0-SNAPSHOT/hadoop-hdds-container-service-0.5.0-SNAPSHOT.jar!/webapps/static,AVAILABLE}
2019-10-18 13:07:37,429 [main] INFO  handler.ContextHandler (ContextHandler.java:doStart(781)) - Started o.e.j.w.WebAppContext@2b999ee8{/,file:///tmp/jetty-0.0.0.0-40097-hddsDatanode-_-any-2656954451950895959.dir/webapp/,AVAILABLE}{/hddsDatanode}
2019-10-18 13:07:37,430 [main] INFO  server.AbstractConnector (AbstractConnector.java:doStart(278)) - Started ServerConnector@31ab1e67{HTTP/1.1,[http/1.1]}{0.0.0.0:40097}
2019-10-18 13:07:37,431 [main] INFO  server.Server (Server.java:doStart(419)) - Started @208973ms
2019-10-18 13:07:37,431 [main] WARN  impl.MetricsSystemImpl (MetricsSystemImpl.java:register(276)) - Sink prometheus already exists!
2019-10-18 13:07:37,433 [main] INFO  server.BaseHttpServer (BaseHttpServer.java:updateConnectorAddress(215)) - HTTP server of HDDSDATANODE is listening at http://0.0.0.0:40097
2019-10-18 13:07:37,433 [main] INFO  ozone.MiniOzoneClusterImpl (MiniOzoneClusterImpl.java:lambda$waitForClusterToBeReady$0(147)) - Waiting for cluster to be ready. Got 0 of 10 DN Heartbeats.
2019-10-18 13:07:37,434 [org.apache.hadoop.util.JvmPauseMonitor$Monitor@3df63f00] INFO  util.JvmPauseMonitor (JvmPauseMonitor.java:run(188)) - Starting JVM pause monitor
2019-10-18 13:07:37,435 [Datanode State Machine Thread - 0] INFO  datanode.InitDatanodeState (InitDatanodeState.java:persistContainerDatanodeDetails(140)) - DatanodeDetails is persisted to /workdir/hadoop-ozone/integration-test/target/test-dir/MiniOzoneClusterImpl-a51cb6f9-69a9-44ea-bf2b-ac78a0e144b1/datanode-9/meta/datanode.id
2019-10-18 13:07:38,433 [main] INFO  ozone.MiniOzoneClusterImpl (MiniOzoneClusterImpl.java:lambda$waitForClusterToBeReady$0(147)) - Waiting for cluster to be ready. Got 0 of 10 DN Heartbeats.
2019-10-18 13:07:39,434 [main] INFO  ozone.MiniOzoneClusterImpl (MiniOzoneClusterImpl.java:lambda$waitForClusterToBeReady$0(147)) - Waiting for cluster to be ready. Got 0 of 10 DN Heartbeats.
2019-10-18 13:07:40,057 [Datanode State Machine Thread - 0] INFO  ozoneimpl.OzoneContainer (OzoneContainer.java:start(213)) - Attempting to start container services.
2019-10-18 13:07:40,057 [Datanode State Machine Thread - 0] INFO  ozoneimpl.OzoneContainer (OzoneContainer.java:start(213)) - Attempting to start container services.
2019-10-18 13:07:40,057 [Datanode State Machine Thread - 0] INFO  ozoneimpl.OzoneContainer (OzoneContainer.java:start(213)) - Attempting to start container services.
2019-10-18 13:07:40,058 [Datanode State Machine Thread - 0] INFO  ozoneimpl.OzoneContainer (OzoneContainer.java:startContainerScrub(177)) - Background container scanner has been disabled.
2019-10-18 13:07:40,058 [Datanode State Machine Thread - 0] INFO  ozoneimpl.OzoneContainer (OzoneContainer.java:startContainerScrub(177)) - Background container scanner has been disabled.
2019-10-18 13:07:40,058 [Datanode State Machine Thread - 0] INFO  ozoneimpl.OzoneContainer (OzoneContainer.java:startContainerScrub(177)) - Background container scanner has been disabled.
2019-10-18 13:07:40,058 [Datanode State Machine Thread - 0] INFO  ratis.XceiverServerRatis (XceiverServerRatis.java:start(418)) - Starting XceiverServerRatis 0e280119-6e3a-4f2d-a3bb-534f53e1c036 at port 0
2019-10-18 13:07:40,058 [Datanode State Machine Thread - 0] INFO  ratis.XceiverServerRatis (XceiverServerRatis.java:start(418)) - Starting XceiverServerRatis 376e5cf1-76f5-4cbf-a825-173c1dd246c0 at port 0
2019-10-18 13:07:40,058 [Datanode State Machine Thread - 0] INFO  ratis.XceiverServerRatis (XceiverServerRatis.java:start(418)) - Starting XceiverServerRatis f7720aae-b5ab-43ae-a8f0-7922fdbaf311 at port 0
2019-10-18 13:07:40,070 [Datanode State Machine Thread - 0] INFO  impl.RaftServerProxy (RaftServerProxy.java:lambda$start$3(299)) - f7720aae-b5ab-43ae-a8f0-7922fdbaf311: start RPC server
2019-10-18 13:07:40,079 [Datanode State Machine Thread - 0] INFO  server.GrpcService (GrpcService.java:startImpl(158)) - f7720aae-b5ab-43ae-a8f0-7922fdbaf311: GrpcService started, listening on 0.0.0.0/0.0.0.0:46404
2019-10-18 13:07:40,079 [Datanode State Machine Thread - 0] INFO  ratis.XceiverServerRatis (XceiverServerRatis.java:start(428)) - XceiverServerRatis f7720aae-b5ab-43ae-a8f0-7922fdbaf311 is started using port 46404
2019-10-18 13:07:40,079 [Datanode State Machine Thread - 0] INFO  server.XceiverServerGrpc (XceiverServerGrpc.java:start(149)) - XceiverServerGrpc f7720aae-b5ab-43ae-a8f0-7922fdbaf311 is started using port 39771
2019-10-18 13:07:40,085 [Datanode State Machine Thread - 0] INFO  impl.RaftServerProxy (RaftServerProxy.java:lambda$start$3(299)) - 0e280119-6e3a-4f2d-a3bb-534f53e1c036: start RPC server
2019-10-18 13:07:40,085 [Datanode State Machine Thread - 0] INFO  impl.RaftServerProxy (RaftServerProxy.java:lambda$start$3(299)) - 376e5cf1-76f5-4cbf-a825-173c1dd246c0: start RPC server
2019-10-18 13:07:40,087 [Datanode State Machine Thread - 0] INFO  server.GrpcService (GrpcService.java:startImpl(158)) - 0e280119-6e3a-4f2d-a3bb-534f53e1c036: GrpcService started, listening on 0.0.0.0/0.0.0.0:35105
2019-10-18 13:07:40,087 [Datanode State Machine Thread - 0] INFO  ratis.XceiverServerRatis (XceiverServerRatis.java:start(428)) - XceiverServerRatis 0e280119-6e3a-4f2d-a3bb-534f53e1c036 is started using port 35105
2019-10-18 13:07:40,087 [Datanode State Machine Thread - 0] INFO  server.GrpcService (GrpcService.java:startImpl(158)) - 376e5cf1-76f5-4cbf-a825-173c1dd246c0: GrpcService started, listening on 0.0.0.0/0.0.0.0:39585
2019-10-18 13:07:40,087 [Datanode State Machine Thread - 0] INFO  ratis.XceiverServerRatis (XceiverServerRatis.java:start(428)) - XceiverServerRatis 376e5cf1-76f5-4cbf-a825-173c1dd246c0 is started using port 39585
2019-10-18 13:07:40,088 [Datanode State Machine Thread - 0] INFO  server.XceiverServerGrpc (XceiverServerGrpc.java:start(149)) - XceiverServerGrpc 0e280119-6e3a-4f2d-a3bb-534f53e1c036 is started using port 35799
2019-10-18 13:07:40,088 [Datanode State Machine Thread - 0] INFO  server.XceiverServerGrpc (XceiverServerGrpc.java:start(149)) - XceiverServerGrpc 376e5cf1-76f5-4cbf-a825-173c1dd246c0 is started using port 43298
2019-10-18 13:07:40,434 [main] INFO  ozone.MiniOzoneClusterImpl (MiniOzoneClusterImpl.java:lambda$waitForClusterToBeReady$0(147)) - Waiting for cluster to be ready. Got 0 of 10 DN Heartbeats.
2019-10-18 13:07:40,636 [IPC Server handler 3 on 37210] INFO  net.NetworkTopology (NetworkTopologyImpl.java:add(111)) - Added a new node: /rack1/376e5cf1-76f5-4cbf-a825-173c1dd246c0
2019-10-18 13:07:40,638 [IPC Server handler 3 on 37210] INFO  node.SCMNodeManager (SCMNodeManager.java:register(268)) - Registered Data node : 376e5cf1-76f5-4cbf-a825-173c1dd246c0{ip: 192.168.34.56, host: pr-hdds-2330-xmbvw-1183399999, networkLocation: /rack1, certSerialId: null}
2019-10-18 13:07:40,639 [EventQueue-NodeRegistrationContainerReportForDataNodeSafeModeRule] INFO  safemode.SCMSafeModeManager (DataNodeSafeModeRule.java:process(71)) - SCM in safe mode. 1 DataNodes registered, 1 required.
2019-10-18 13:07:40,640 [EventQueue-NodeRegistrationContainerReportForDataNodeSafeModeRule] INFO  safemode.SCMSafeModeManager (SCMSafeModeManager.java:validateSafeModeExitRules(177)) - ScmSafeModeManager, all rules are successfully validated
2019-10-18 13:07:40,640 [EventQueue-NodeRegistrationContainerReportForDataNodeSafeModeRule] INFO  safemode.SCMSafeModeManager (SCMSafeModeManager.java:exitSafeMode(193)) - SCM exiting safe mode.
2019-10-18 13:07:40,646 [grpc-default-executor-5] INFO  impl.RaftServerProxy (RaftServerProxy.java:addNew(89)) - 376e5cf1-76f5-4cbf-a825-173c1dd246c0: addNew group-35CF8FD1CB92:[376e5cf1-76f5-4cbf-a825-173c1dd246c0:192.168.34.56:39585] returns group-35CF8FD1CB92:java.util.concurrent.CompletableFuture@60487490[Not completed]
2019-10-18 13:07:40,650 [pool-396-thread-1] INFO  impl.RaftServerImpl (RaftServerImpl.java:<init>(104)) - 376e5cf1-76f5-4cbf-a825-173c1dd246c0: new RaftServerImpl for group-35CF8FD1CB92:[376e5cf1-76f5-4cbf-a825-173c1dd246c0:192.168.34.56:39585] with ContainerStateMachine:uninitialized
2019-10-18 13:07:40,650 [pool-396-thread-1] INFO  server.RaftServerConfigKeys (ConfUtils.java:logGet(43)) - raft.server.rpc.timeout.min = 1s (custom)
2019-10-18 13:07:40,650 [pool-396-thread-1] INFO  server.RaftServerConfigKeys (ConfUtils.java:logGet(43)) - raft.server.rpc.timeout.max = 1200ms (custom)
2019-10-18 13:07:40,650 [pool-396-thread-1] INFO  server.RaftServerConfigKeys (ConfUtils.java:logGet(43)) - raft.server.rpcslowness.timeout = 120s (custom)
2019-10-18 13:07:40,650 [pool-396-thread-1] INFO  server.RaftServerConfigKeys (ConfUtils.java:logGet(43)) - raft.server.sleep.deviation.threshold = 300 (default)
2019-10-18 13:07:40,651 [pool-396-thread-1] INFO  server.RaftServerConfigKeys (ConfUtils.java:logGet(43)) - raft.server.log.appender.install.snapshot.enabled = false (custom)
2019-10-18 13:07:40,651 [pool-396-thread-1] INFO  impl.RaftServerImpl (ServerState.java:<init>(103)) - 376e5cf1-76f5-4cbf-a825-173c1dd246c0@group-35CF8FD1CB92: ConfigurationManager, init=-1: [376e5cf1-76f5-4cbf-a825-173c1dd246c0:192.168.34.56:39585], old=null, confs=<EMPTY_MAP>
2019-10-18 13:07:40,651 [pool-396-thread-1] INFO  server.RaftServerConfigKeys (ConfUtils.java:logGet(43)) - raft.server.storage.dir = [/workdir/hadoop-ozone/integration-test/target/test-dir/MiniOzoneClusterImpl-a51cb6f9-69a9-44ea-bf2b-ac78a0e144b1/datanode-0/data/ratis] (custom)
2019-10-18 13:07:40,651 [pool-396-thread-1] INFO  server.RaftServerConfigKeys (ConfUtils.java:logGet(43)) - raft.server.log.corruption.policy = EXCEPTION (default)
2019-10-18 13:07:40,652 [pool-396-thread-1] INFO  storage.RaftStorageDirectory (RaftStorageDirectory.java:analyzeStorage(246)) - The storage directory /workdir/hadoop-ozone/integration-test/target/test-dir/MiniOzoneClusterImpl-a51cb6f9-69a9-44ea-bf2b-ac78a0e144b1/datanode-0/data/ratis/dc417312-32e9-43d8-b430-35cf8fd1cb92 does not exist. Creating ...
2019-10-18 13:07:40,710 [IPC Server handler 1 on 37210] INFO  net.NetworkTopology (NetworkTopologyImpl.java:add(111)) - Added a new node: /rack1/0e280119-6e3a-4f2d-a3bb-534f53e1c036
2019-10-18 13:07:40,711 [IPC Server handler 1 on 37210] INFO  node.SCMNodeManager (SCMNodeManager.java:register(268)) - Registered Data node : 0e280119-6e3a-4f2d-a3bb-534f53e1c036{ip: 192.168.34.56, host: pr-hdds-2330-xmbvw-1183399999, networkLocation: /rack1, certSerialId: null}
2019-10-18 13:07:40,788 [IPC Server handler 5 on 37210] INFO  net.NetworkTopology (NetworkTopologyImpl.java:add(111)) - Added a new node: /rack1/f7720aae-b5ab-43ae-a8f0-7922fdbaf311
2019-10-18 13:07:40,788 [IPC Server handler 5 on 37210] INFO  node.SCMNodeManager (SCMNodeManager.java:register(268)) - Registered Data node : f7720aae-b5ab-43ae-a8f0-7922fdbaf311{ip: 192.168.34.56, host: pr-hdds-2330-xmbvw-1183399999, networkLocation: /rack1, certSerialId: null}
2019-10-18 13:07:41,435 [main] INFO  ozone.MiniOzoneClusterImpl (MiniOzoneClusterImpl.java:lambda$waitForClusterToBeReady$0(147)) - Waiting for cluster to be ready. Got 3 of 10 DN Heartbeats.
2019-10-18 13:07:41,962 [Datanode State Machine Thread - 0] INFO  ozoneimpl.OzoneContainer (OzoneContainer.java:start(213)) - Attempting to start container services.
2019-10-18 13:07:41,962 [Datanode State Machine Thread - 0] INFO  ozoneimpl.OzoneContainer (OzoneContainer.java:start(213)) - Attempting to start container services.
2019-10-18 13:07:41,962 [Datanode State Machine Thread - 0] INFO  ozoneimpl.OzoneContainer (OzoneContainer.java:startContainerScrub(177)) - Background container scanner has been disabled.
2019-10-18 13:07:41,962 [Datanode State Machine Thread - 0] INFO  ozoneimpl.OzoneContainer (OzoneContainer.java:start(213)) - Attempting to start container services.
2019-10-18 13:07:41,962 [Datanode State Machine Thread - 0] INFO  ozoneimpl.OzoneContainer (OzoneContainer.java:start(213)) - Attempting to start container services.
2019-10-18 13:07:41,962 [Datanode State Machine Thread - 0] INFO  ozoneimpl.OzoneContainer (OzoneContainer.java:start(213)) - Attempting to start container services.
2019-10-18 13:07:41,962 [Datanode State Machine Thread - 0] INFO  ozoneimpl.OzoneContainer (OzoneContainer.java:start(213)) - Attempting to start container services.
2019-10-18 13:07:41,962 [Datanode State Machine Thread - 0] INFO  ozoneimpl.OzoneContainer (OzoneContainer.java:start(213)) - Attempting to start container services.
2019-10-18 13:07:41,963 [Datanode State Machine Thread - 0] INFO  ozoneimpl.OzoneContainer (OzoneContainer.java:startContainerScrub(177)) - Background container scanner has been disabled.
2019-10-18 13:07:41,963 [Datanode State Machine Thread - 0] INFO  ozoneimpl.OzoneContainer (OzoneContainer.java:startContainerScrub(177)) - Background container scanner has been disabled.
2019-10-18 13:07:41,963 [Datanode State Machine Thread - 0] INFO  ratis.XceiverServerRatis (XceiverServerRatis.java:start(418)) - Starting XceiverServerRatis 74187b27-82d6-49b4-b520-e3330f5e57e8 at port 0
2019-10-18 13:07:41,963 [Datanode State Machine Thread - 0] INFO  ozoneimpl.OzoneContainer (OzoneContainer.java:startContainerScrub(177)) - Background container scanner has been disabled.
2019-10-18 13:07:41,963 [Datanode State Machine Thread - 0] INFO  ozoneimpl.OzoneContainer (OzoneContainer.java:startContainerScrub(177)) - Background container scanner has been disabled.
2019-10-18 13:07:41,962 [Datanode State Machine Thread - 0] INFO  ratis.XceiverServerRatis (XceiverServerRatis.java:start(418)) - Starting XceiverServerRatis a4b84d86-fb61-44ac-baa3-9a90508541e2 at port 0
2019-10-18 13:07:41,962 [Datanode State Machine Thread - 0] INFO  ozoneimpl.OzoneContainer (OzoneContainer.java:startContainerScrub(177)) - Background container scanner has been disabled.
2019-10-18 13:07:41,964 [Datanode State Machine Thread - 0] INFO  ratis.XceiverServerRatis (XceiverServerRatis.java:start(418)) - Starting XceiverServerRatis 3bca71e1-53e2-42e2-9e96-6eb85181718f at port 0
2019-10-18 13:07:41,964 [Datanode State Machine Thread - 0] INFO  ratis.XceiverServerRatis (XceiverServerRatis.java:start(418)) - Starting XceiverServerRatis 7c7129d1-a130-4a65-b21a-43018cd4e34c at port 0
2019-10-18 13:07:41,963 [Datanode State Machine Thread - 0] INFO  ratis.XceiverServerRatis (XceiverServerRatis.java:start(418)) - Starting XceiverServerRatis 7c27aace-1718-4a1b-a23f-dcee36e71611 at port 0
2019-10-18 13:07:41,963 [Datanode State Machine Thread - 0] INFO  ozoneimpl.OzoneContainer (OzoneContainer.java:startContainerScrub(177)) - Background container scanner has been disabled.
2019-10-18 13:07:41,964 [Datanode State Machine Thread - 0] INFO  ratis.XceiverServerRatis (XceiverServerRatis.java:start(418)) - Starting XceiverServerRatis b3df279f-d094-47d2-9a9c-b4c6f109662e at port 0
2019-10-18 13:07:41,965 [Datanode State Machine Thread - 0] INFO  ratis.XceiverServerRatis (XceiverServerRatis.java:start(418)) - Starting XceiverServerRatis 7d69770b-3355-4a82-aab2-02db9382227d at port 0
2019-10-18 13:07:41,992 [Datanode State Machine Thread - 0] INFO  impl.RaftServerProxy (RaftServerProxy.java:lambda$start$3(299)) - 7d69770b-3355-4a82-aab2-02db9382227d: start RPC server
2019-10-18 13:07:41,994 [Datanode State Machine Thread - 0] INFO  server.GrpcService (GrpcService.java:startImpl(158)) - 7d69770b-3355-4a82-aab2-02db9382227d: GrpcService started, listening on 0.0.0.0/0.0.0.0:33301
2019-10-18 13:07:41,994 [Datanode State Machine Thread - 0] INFO  ratis.XceiverServerRatis (XceiverServerRatis.java:start(428)) - XceiverServerRatis 7d69770b-3355-4a82-aab2-02db9382227d is started using port 33301
2019-10-18 13:07:41,994 [Datanode State Machine Thread - 0] INFO  server.XceiverServerGrpc (XceiverServerGrpc.java:start(149)) - XceiverServerGrpc 7d69770b-3355-4a82-aab2-02db9382227d is started using port 32983
2019-10-18 13:07:42,007 [Datanode State Machine Thread - 0] INFO  impl.RaftServerProxy (RaftServerProxy.java:lambda$start$3(299)) - a4b84d86-fb61-44ac-baa3-9a90508541e2: start RPC server
2019-10-18 13:07:42,010 [Datanode State Machine Thread - 0] INFO  server.GrpcService (GrpcService.java:startImpl(158)) - a4b84d86-fb61-44ac-baa3-9a90508541e2: GrpcService started, listening on 0.0.0.0/0.0.0.0:39206
2019-10-18 13:07:42,010 [Datanode State Machine Thread - 0] INFO  ratis.XceiverServerRatis (XceiverServerRatis.java:start(428)) - XceiverServerRatis a4b84d86-fb61-44ac-baa3-9a90508541e2 is started using port 39206
2019-10-18 13:07:42,010 [Datanode State Machine Thread - 0] INFO  server.XceiverServerGrpc (XceiverServerGrpc.java:start(149)) - XceiverServerGrpc a4b84d86-fb61-44ac-baa3-9a90508541e2 is started using port 36558
2019-10-18 13:07:42,012 [Datanode State Machine Thread - 0] INFO  impl.RaftServerProxy (RaftServerProxy.java:lambda$start$3(299)) - 74187b27-82d6-49b4-b520-e3330f5e57e8: start RPC server
2019-10-18 13:07:42,012 [Datanode State Machine Thread - 0] INFO  server.GrpcService (GrpcService.java:startImpl(158)) - 74187b27-82d6-49b4-b520-e3330f5e57e8: GrpcService started, listening on 0.0.0.0/0.0.0.0:45234
2019-10-18 13:07:42,012 [Datanode State Machine Thread - 0] INFO  ratis.XceiverServerRatis (XceiverServerRatis.java:start(428)) - XceiverServerRatis 74187b27-82d6-49b4-b520-e3330f5e57e8 is started using port 45234
2019-10-18 13:07:42,015 [Datanode State Machine Thread - 0] INFO  server.XceiverServerGrpc (XceiverServerGrpc.java:start(149)) - XceiverServerGrpc 74187b27-82d6-49b4-b520-e3330f5e57e8 is started using port 39687
2019-10-18 13:07:42,016 [Datanode State Machine Thread - 0] INFO  impl.RaftServerProxy (RaftServerProxy.java:lambda$start$3(299)) - 7c27aace-1718-4a1b-a23f-dcee36e71611: start RPC server
2019-10-18 13:07:42,029 [Datanode State Machine Thread - 0] INFO  impl.RaftServerProxy (RaftServerProxy.java:lambda$start$3(299)) - b3df279f-d094-47d2-9a9c-b4c6f109662e: start RPC server
2019-10-18 13:07:42,030 [Datanode State Machine Thread - 0] INFO  impl.RaftServerProxy (RaftServerProxy.java:lambda$start$3(299)) - 3bca71e1-53e2-42e2-9e96-6eb85181718f: start RPC server
2019-10-18 13:07:42,030 [Datanode State Machine Thread - 0] INFO  server.GrpcService (GrpcService.java:startImpl(158)) - 7c27aace-1718-4a1b-a23f-dcee36e71611: GrpcService started, listening on 0.0.0.0/0.0.0.0:38912
2019-10-18 13:07:42,030 [Datanode State Machine Thread - 0] INFO  server.GrpcService (GrpcService.java:startImpl(158)) - b3df279f-d094-47d2-9a9c-b4c6f109662e: GrpcService started, listening on 0.0.0.0/0.0.0.0:43868
2019-10-18 13:07:42,030 [Datanode State Machine Thread - 0] INFO  ratis.XceiverServerRatis (XceiverServerRatis.java:start(428)) - XceiverServerRatis 7c27aace-1718-4a1b-a23f-dcee36e71611 is started using port 38912
2019-10-18 13:07:42,032 [Datanode State Machine Thread - 0] INFO  ratis.XceiverServerRatis (XceiverServerRatis.java:start(428)) - XceiverServerRatis b3df279f-d094-47d2-9a9c-b4c6f109662e is started using port 43868
2019-10-18 13:07:42,032 [Datanode State Machine Thread - 0] INFO  server.GrpcService (GrpcService.java:startImpl(158)) - 3bca71e1-53e2-42e2-9e96-6eb85181718f: GrpcService started, listening on 0.0.0.0/0.0.0.0:35544
2019-10-18 13:07:42,039 [Datanode State Machine Thread - 0] INFO  server.XceiverServerGrpc (XceiverServerGrpc.java:start(149)) - XceiverServerGrpc b3df279f-d094-47d2-9a9c-b4c6f109662e is started using port 43569
2019-10-18 13:07:42,039 [Datanode State Machine Thread - 0] INFO  impl.RaftServerProxy (RaftServerProxy.java:lambda$start$3(299)) - 7c7129d1-a130-4a65-b21a-43018cd4e34c: start RPC server
2019-10-18 13:07:42,032 [Datanode State Machine Thread - 0] INFO  server.XceiverServerGrpc (XceiverServerGrpc.java:start(149)) - XceiverServerGrpc 7c27aace-1718-4a1b-a23f-dcee36e71611 is started using port 34946
2019-10-18 13:07:42,039 [Datanode State Machine Thread - 0] INFO  ratis.XceiverServerRatis (XceiverServerRatis.java:start(428)) - XceiverServerRatis 3bca71e1-53e2-42e2-9e96-6eb85181718f is started using port 35544
2019-10-18 13:07:42,042 [Datanode State Machine Thread - 0] INFO  server.GrpcService (GrpcService.java:startImpl(158)) - 7c7129d1-a130-4a65-b21a-43018cd4e34c: GrpcService started, listening on 0.0.0.0/0.0.0.0:33014
2019-10-18 13:07:42,042 [Datanode State Machine Thread - 0] INFO  server.XceiverServerGrpc (XceiverServerGrpc.java:start(149)) - XceiverServerGrpc 3bca71e1-53e2-42e2-9e96-6eb85181718f is started using port 33159
2019-10-18 13:07:42,042 [Datanode State Machine Thread - 0] INFO  ratis.XceiverServerRatis (XceiverServerRatis.java:start(428)) - XceiverServerRatis 7c7129d1-a130-4a65-b21a-43018cd4e34c is started using port 33014
2019-10-18 13:07:42,045 [Datanode State Machine Thread - 0] INFO  server.XceiverServerGrpc (XceiverServerGrpc.java:start(149)) - XceiverServerGrpc 7c7129d1-a130-4a65-b21a-43018cd4e34c is started using port 37982
2019-10-18 13:07:42,369 [pool-396-thread-1] INFO  storage.RaftStorageDirectory (RaftStorageDirectory.java:tryLock(328)) - Lock on /workdir/hadoop-ozone/integration-test/target/test-dir/MiniOzoneClusterImpl-a51cb6f9-69a9-44ea-bf2b-ac78a0e144b1/datanode-0/data/ratis/dc417312-32e9-43d8-b430-35cf8fd1cb92/in_use.lock acquired by nodename 21203@pr-hdds-2330-xmbvw-1183399999
2019-10-18 13:07:42,435 [main] INFO  ozone.MiniOzoneClusterImpl (MiniOzoneClusterImpl.java:lambda$waitForClusterToBeReady$0(147)) - Waiting for cluster to be ready. Got 3 of 10 DN Heartbeats.
2019-10-18 13:07:42,673 [pool-396-thread-1] INFO  storage.RaftStorage (RaftStorage.java:format(84)) - Storage directory /workdir/hadoop-ozone/integration-test/target/test-dir/MiniOzoneClusterImpl-a51cb6f9-69a9-44ea-bf2b-ac78a0e144b1/datanode-0/data/ratis/dc417312-32e9-43d8-b430-35cf8fd1cb92 has been successfully formatted.
2019-10-18 13:07:42,673 [pool-396-thread-1] INFO  ratis.ContainerStateMachine (ContainerStateMachine.java:loadSnapshot(231)) - group-35CF8FD1CB92: The snapshot info is null. Setting the last applied indexto:(t:0, i:~)
2019-10-18 13:07:42,674 [pool-396-thread-1] INFO  server.RaftServerConfigKeys (ConfUtils.java:logGet(43)) - raft.server.notification.no-leader.timeout = 120s (custom)
2019-10-18 13:07:42,674 [pool-396-thread-1] INFO  server.RaftServerConfigKeys (ConfUtils.java:logGet(43)) - raft.server.log.use.memory = false (default)
2019-10-18 13:07:42,674 [pool-396-thread-1] INFO  server.RaftServerConfigKeys (ConfUtils.java:logGet(43)) - raft.server.log.purge.gap = 1000000 (custom)
2019-10-18 13:07:42,674 [pool-396-thread-1] INFO  server.RaftServerConfigKeys (ConfUtils.java:logGet(43)) - raft.server.log.appender.buffer.byte-limit = 33554432 (custom)
2019-10-18 13:07:42,674 [pool-396-thread-1] INFO  server.RaftServerConfigKeys (ConfUtils.java:logGet(43)) - raft.server.log.segment.size.max = 1048576 (custom)
2019-10-18 13:07:42,678 [pool-396-thread-1] INFO  server.RaftServerConfigKeys (ConfUtils.java:logGet(43)) - raft.server.log.segment.cache.num.max = 2 (custom)
2019-10-18 13:07:42,678 [pool-396-thread-1] INFO  segmented.SegmentedRaftLogWorker (SegmentedRaftLogWorker.java:<init>(173)) - new 376e5cf1-76f5-4cbf-a825-173c1dd246c0@group-35CF8FD1CB92-SegmentedRaftLogWorker for RaftStorage:Storage Directory /workdir/hadoop-ozone/integration-test/target/test-dir/MiniOzoneClusterImpl-a51cb6f9-69a9-44ea-bf2b-ac78a0e144b1/datanode-0/data/ratis/dc417312-32e9-43d8-b430-35cf8fd1cb92
2019-10-18 13:07:42,678 [pool-396-thread-1] INFO  server.RaftServerConfigKeys (ConfUtils.java:logGet(43)) - raft.server.log.queue.byte-limit = 2147483647 (custom)
2019-10-18 13:07:42,678 [pool-396-thread-1] INFO  server.RaftServerConfigKeys (ConfUtils.java:logGet(43)) - raft.server.log.queue.element-limit = 1024 (custom)
2019-10-18 13:07:42,678 [pool-396-thread-1] INFO  server.RaftServerConfigKeys (ConfUtils.java:logGet(43)) - raft.server.log.segment.size.max = 1048576 (custom)
2019-10-18 13:07:42,678 [pool-396-thread-1] INFO  server.RaftServerConfigKeys (ConfUtils.java:logGet(43)) - raft.server.log.preallocated.size = 16384 (custom)
2019-10-18 13:07:42,679 [pool-396-thread-1] INFO  server.RaftServerConfigKeys (ConfUtils.java:logGet(43)) - raft.server.log.write.buffer.size = 33554432 (custom)
2019-10-18 13:07:42,679 [pool-396-thread-1] INFO  server.RaftServerConfigKeys (ConfUtils.java:logGet(43)) - raft.server.log.force.sync.num = 128 (default)
2019-10-18 13:07:42,679 [pool-396-thread-1] INFO  server.RaftServerConfigKeys (ConfUtils.java:logGet(43)) - raft.server.log.statemachine.data.sync = true (default)
2019-10-18 13:07:42,679 [pool-396-thread-1] INFO  server.RaftServerConfigKeys (ConfUtils.java:logGet(43)) - raft.server.log.statemachine.data.sync.timeout = 10s (default)
2019-10-18 13:07:42,679 [pool-396-thread-1] INFO  server.RaftServerConfigKeys (ConfUtils.java:logGet(43)) - raft.server.log.statemachine.data.sync.timeout.retry = -1 (default)
2019-10-18 13:07:42,680 [pool-396-thread-1] INFO  server.RaftServerConfigKeys (ConfUtils.java:logGet(43)) - raft.server.log.statemachine.data.caching.enabled = true (custom)
2019-10-18 13:07:42,680 [pool-396-thread-1] INFO  segmented.SegmentedRaftLogWorker (SegmentedRaftLogWorker.java:lambda$new$0(128)) - 376e5cf1-76f5-4cbf-a825-173c1dd246c0@group-35CF8FD1CB92-SegmentedRaftLogWorker: flushIndex: setUnconditionally 0 -> -1
2019-10-18 13:07:42,681 [pool-396-thread-1] INFO  server.RaftServerConfigKeys (ConfUtils.java:logGet(43)) - raft.server.snapshot.auto.trigger.enabled = true (custom)
2019-10-18 13:07:42,681 [pool-396-thread-1] INFO  server.RaftServerConfigKeys (ConfUtils.java:logGet(43)) - raft.server.snapshot.auto.trigger.threshold = 10000 (custom)
2019-10-18 13:07:42,681 [pool-396-thread-1] INFO  server.RaftServerConfigKeys (ConfUtils.java:logGet(43)) - raft.server.snapshot.retention.file.num = 5 (custom)
2019-10-18 13:07:42,681 [pool-396-thread-1] INFO  server.RaftServerConfigKeys (ConfUtils.java:logGet(43)) - raft.server.retrycache.expirytime = 600000ms (custom)
2019-10-18 13:07:42,685 [pool-396-thread-1] INFO  impl.RaftServerImpl (RaftServerImpl.java:start(195)) - 376e5cf1-76f5-4cbf-a825-173c1dd246c0@group-35CF8FD1CB92: start as a follower, conf=-1: [376e5cf1-76f5-4cbf-a825-173c1dd246c0:192.168.34.56:39585], old=null
2019-10-18 13:07:42,685 [pool-396-thread-1] INFO  impl.RaftServerImpl (RaftServerImpl.java:setRole(184)) - 376e5cf1-76f5-4cbf-a825-173c1dd246c0@group-35CF8FD1CB92: changes role from      null to FOLLOWER at term 0 for startAsFollower
2019-10-18 13:07:42,685 [pool-396-thread-1] INFO  impl.RoleInfo (RoleInfo.java:updateAndGet(143)) - 376e5cf1-76f5-4cbf-a825-173c1dd246c0: start FollowerState
2019-10-18 13:07:42,686 [pool-396-thread-1] INFO  util.JmxRegister (JmxRegister.java:tryRegister(44)) - Successfully registered JMX Bean with object name Ratis:service=RaftServer,group=group-35CF8FD1CB92,id=376e5cf1-76f5-4cbf-a825-173c1dd246c0
2019-10-18 13:07:42,690 [RatisPipelineUtilsThread] INFO  pipeline.PipelineStateManager (PipelineStateManager.java:addPipeline(56)) - Created pipeline Pipeline[ Id: dc417312-32e9-43d8-b430-35cf8fd1cb92, Nodes: 376e5cf1-76f5-4cbf-a825-173c1dd246c0{ip: 192.168.34.56, host: pr-hdds-2330-xmbvw-1183399999, networkLocation: /rack1, certSerialId: null}, Type:RATIS, Factor:ONE, State:OPEN]
2019-10-18 13:07:42,697 [grpc-default-executor-5] INFO  impl.RaftServerProxy (RaftServerProxy.java:addNew(89)) - f7720aae-b5ab-43ae-a8f0-7922fdbaf311: addNew group-D618D0709976:[f7720aae-b5ab-43ae-a8f0-7922fdbaf311:192.168.34.56:46404] returns group-D618D0709976:java.util.concurrent.CompletableFuture@3411fc61[Not completed]
2019-10-18 13:07:42,698 [pool-416-thread-1] INFO  impl.RaftServerImpl (RaftServerImpl.java:<init>(104)) - f7720aae-b5ab-43ae-a8f0-7922fdbaf311: new RaftServerImpl for group-D618D0709976:[f7720aae-b5ab-43ae-a8f0-7922fdbaf311:192.168.34.56:46404] with ContainerStateMachine:uninitialized
2019-10-18 13:07:42,698 [pool-416-thread-1] INFO  server.RaftServerConfigKeys (ConfUtils.java:logGet(43)) - raft.server.rpc.timeout.min = 1s (custom)
2019-10-18 13:07:42,699 [pool-416-thread-1] INFO  server.RaftServerConfigKeys (ConfUtils.java:logGet(43)) - raft.server.rpc.timeout.max = 1200ms (custom)
2019-10-18 13:07:42,699 [pool-416-thread-1] INFO  server.RaftServerConfigKeys (ConfUtils.java:logGet(43)) - raft.server.rpcslowness.timeout = 120s (custom)
2019-10-18 13:07:42,699 [pool-416-thread-1] INFO  server.RaftServerConfigKeys (ConfUtils.java:logGet(43)) - raft.server.sleep.deviation.threshold = 300 (default)
2019-10-18 13:07:42,699 [pool-416-thread-1] INFO  server.RaftServerConfigKeys (ConfUtils.java:logGet(43)) - raft.server.log.appender.install.snapshot.enabled = false (custom)
2019-10-18 13:07:42,699 [pool-416-thread-1] INFO  impl.RaftServerImpl (ServerState.java:<init>(103)) - f7720aae-b5ab-43ae-a8f0-7922fdbaf311@group-D618D0709976: ConfigurationManager, init=-1: [f7720aae-b5ab-43ae-a8f0-7922fdbaf311:192.168.34.56:46404], old=null, confs=<EMPTY_MAP>
2019-10-18 13:07:42,699 [pool-416-thread-1] INFO  server.RaftServerConfigKeys (ConfUtils.java:logGet(43)) - raft.server.storage.dir = [/workdir/hadoop-ozone/integration-test/target/test-dir/MiniOzoneClusterImpl-a51cb6f9-69a9-44ea-bf2b-ac78a0e144b1/datanode-2/data/ratis] (custom)
2019-10-18 13:07:42,699 [pool-416-thread-1] INFO  server.RaftServerConfigKeys (ConfUtils.java:logGet(43)) - raft.server.log.corruption.policy = EXCEPTION (default)
2019-10-18 13:07:42,700 [pool-416-thread-1] INFO  storage.RaftStorageDirectory (RaftStorageDirectory.java:analyzeStorage(246)) - The storage directory /workdir/hadoop-ozone/integration-test/target/test-dir/MiniOzoneClusterImpl-a51cb6f9-69a9-44ea-bf2b-ac78a0e144b1/datanode-2/data/ratis/423cab01-ade7-40ab-8b04-d618d0709976 does not exist. Creating ...
2019-10-18 13:07:42,858 [Thread-6095] INFO  impl.FollowerState (FollowerState.java:run(108)) - 376e5cf1-76f5-4cbf-a825-173c1dd246c0@group-35CF8FD1CB92-FollowerState: change to CANDIDATE, lastRpcTime:172ms, electionTimeout:172ms
2019-10-18 13:07:42,858 [Thread-6095] INFO  impl.RoleInfo (RoleInfo.java:shutdownFollowerState(121)) - 376e5cf1-76f5-4cbf-a825-173c1dd246c0: shutdown FollowerState
2019-10-18 13:07:42,858 [Thread-6095] INFO  impl.RaftServerImpl (RaftServerImpl.java:setRole(184)) - 376e5cf1-76f5-4cbf-a825-173c1dd246c0@group-35CF8FD1CB92: changes role from  FOLLOWER to CANDIDATE at term 0 for changeToCandidate
2019-10-18 13:07:42,858 [Thread-6095] INFO  impl.RoleInfo (RoleInfo.java:updateAndGet(143)) - 376e5cf1-76f5-4cbf-a825-173c1dd246c0: start LeaderElection
2019-10-18 13:07:42,898 [IPC Server handler 6 on 37210] INFO  net.NetworkTopology (NetworkTopologyImpl.java:add(111)) - Added a new node: /rack1/b3df279f-d094-47d2-9a9c-b4c6f109662e
2019-10-18 13:07:42,899 [IPC Server handler 6 on 37210] INFO  node.SCMNodeManager (SCMNodeManager.java:register(268)) - Registered Data node : b3df279f-d094-47d2-9a9c-b4c6f109662e{ip: 192.168.34.56, host: pr-hdds-2330-xmbvw-1183399999, networkLocation: /rack1, certSerialId: null}
2019-10-18 13:07:42,993 [IPC Server handler 17 on 37210] INFO  net.NetworkTopology (NetworkTopologyImpl.java:add(111)) - Added a new node: /rack1/3bca71e1-53e2-42e2-9e96-6eb85181718f
2019-10-18 13:07:42,993 [IPC Server handler 17 on 37210] INFO  node.SCMNodeManager (SCMNodeManager.java:register(268)) - Registered Data node : 3bca71e1-53e2-42e2-9e96-6eb85181718f{ip: 192.168.34.56, host: pr-hdds-2330-xmbvw-1183399999, networkLocation: /rack1, certSerialId: null}
2019-10-18 13:07:43,088 [IPC Server handler 15 on 37210] INFO  net.NetworkTopology (NetworkTopologyImpl.java:add(111)) - Added a new node: /rack1/7c7129d1-a130-4a65-b21a-43018cd4e34c
2019-10-18 13:07:43,088 [IPC Server handler 15 on 37210] INFO  node.SCMNodeManager (SCMNodeManager.java:register(268)) - Registered Data node : 7c7129d1-a130-4a65-b21a-43018cd4e34c{ip: 192.168.34.56, host: pr-hdds-2330-xmbvw-1183399999, networkLocation: /rack1, certSerialId: null}
2019-10-18 13:07:43,170 [IPC Server handler 16 on 37210] INFO  net.NetworkTopology (NetworkTopologyImpl.java:add(111)) - Added a new node: /rack1/a4b84d86-fb61-44ac-baa3-9a90508541e2
2019-10-18 13:07:43,171 [IPC Server handler 16 on 37210] INFO  node.SCMNodeManager (SCMNodeManager.java:register(268)) - Registered Data node : a4b84d86-fb61-44ac-baa3-9a90508541e2{ip: 192.168.34.56, host: pr-hdds-2330-xmbvw-1183399999, networkLocation: /rack1, certSerialId: null}
2019-10-18 13:07:43,261 [IPC Server handler 18 on 37210] INFO  net.NetworkTopology (NetworkTopologyImpl.java:add(111)) - Added a new node: /rack1/7c27aace-1718-4a1b-a23f-dcee36e71611
2019-10-18 13:07:43,261 [IPC Server handler 18 on 37210] INFO  node.SCMNodeManager (SCMNodeManager.java:register(268)) - Registered Data node : 7c27aace-1718-4a1b-a23f-dcee36e71611{ip: 192.168.34.56, host: pr-hdds-2330-xmbvw-1183399999, networkLocation: /rack1, certSerialId: null}
2019-10-18 13:07:43,334 [IPC Server handler 2 on 37210] INFO  net.NetworkTopology (NetworkTopologyImpl.java:add(111)) - Added a new node: /rack1/74187b27-82d6-49b4-b520-e3330f5e57e8
2019-10-18 13:07:43,334 [IPC Server handler 2 on 37210] INFO  node.SCMNodeManager (SCMNodeManager.java:register(268)) - Registered Data node : 74187b27-82d6-49b4-b520-e3330f5e57e8{ip: 192.168.34.56, host: pr-hdds-2330-xmbvw-1183399999, networkLocation: /rack1, certSerialId: null}
2019-10-18 13:07:43,437 [main] INFO  ozone.MiniOzoneClusterImpl (MiniOzoneClusterImpl.java:lambda$waitForClusterToBeReady$0(147)) - Waiting for cluster to be ready. Got 9 of 10 DN Heartbeats.
2019-10-18 13:07:43,437 [IPC Server handler 3 on 37210] INFO  net.NetworkTopology (NetworkTopologyImpl.java:add(111)) - Added a new node: /rack1/7d69770b-3355-4a82-aab2-02db9382227d
2019-10-18 13:07:43,437 [IPC Server handler 3 on 37210] INFO  node.SCMNodeManager (SCMNodeManager.java:register(268)) - Registered Data node : 7d69770b-3355-4a82-aab2-02db9382227d{ip: 192.168.34.56, host: pr-hdds-2330-xmbvw-1183399999, networkLocation: /rack1, certSerialId: null}
2019-10-18 13:07:43,641 [Thread-6079] INFO  container.ReplicationManager (ReplicationManager.java:start(162)) - Starting Replication Monitor Thread.
2019-10-18 13:07:43,646 [ReplicationMonitor] INFO  container.ReplicationManager (ReplicationManager.java:run(225)) - Replication Monitor Thread took 1 milliseconds for processing 0 containers.
2019-10-18 13:07:44,279 [pool-416-thread-1] INFO  storage.RaftStorageDirectory (RaftStorageDirectory.java:tryLock(328)) - Lock on /workdir/hadoop-ozone/integration-test/target/test-dir/MiniOzoneClusterImpl-a51cb6f9-69a9-44ea-bf2b-ac78a0e144b1/datanode-2/data/ratis/423cab01-ade7-40ab-8b04-d618d0709976/in_use.lock acquired by nodename 21203@pr-hdds-2330-xmbvw-1183399999
2019-10-18 13:07:44,437 [main] INFO  ozone.MiniOzoneClusterImpl (MiniOzoneClusterImpl.java:lambda$waitForClusterToBeReady$0(147)) - Cluster is ready. Got 10 of 10 DN Heartbeats.
2019-10-18 13:07:44,473 [main] INFO  rpc.RpcClient (RpcClient.java:createVolume(272)) - Creating Volume: datanodefailurehandlingtest, with jenkins1000 as owner.
2019-10-18 13:07:44,475 [IPC Server handler 1 on 34665] INFO  volume.OMVolumeCreateRequest (OMVolumeCreateRequest.java:validateAndUpdateCache(193)) - created volume:datanodefailurehandlingtest for user:jenkins1000
2019-10-18 13:07:44,488 [main] INFO  rpc.RpcClient (RpcClient.java:createBucket(411)) - Creating Bucket: datanodefailurehandlingtest/datanodefailurehandlingtest, with Versioning false and Storage Type set to DISK and Encryption set to false 
2019-10-18 13:07:45,695 [RATISCREATEPIPELINE1] ERROR pipeline.RatisPipelineProvider (RatisPipelineProvider.java:lambda$null$5(237)) - Failed invoke Ratis rpc org.apache.hadoop.hdds.scm.pipeline.RatisPipelineProvider$$Lambda$197/86944034@4427c22b for f7720aae-b5ab-43ae-a8f0-7922fdbaf311
org.apache.ratis.protocol.TimeoutIOException: deadline exceeded after 2999844120ns
	at org.apache.ratis.grpc.GrpcUtil.tryUnwrapException(GrpcUtil.java:82)
	at org.apache.ratis.grpc.GrpcUtil.unwrapException(GrpcUtil.java:75)
	at org.apache.ratis.grpc.client.GrpcClientProtocolClient.blockingCall(GrpcClientProtocolClient.java:184)
	at org.apache.ratis.grpc.client.GrpcClientProtocolClient.groupAdd(GrpcClientProtocolClient.java:153)
	at org.apache.ratis.grpc.client.GrpcClientRpc.sendRequest(GrpcClientRpc.java:94)
	at org.apache.ratis.client.impl.RaftClientImpl.sendRequest(RaftClientImpl.java:278)
	at org.apache.ratis.client.impl.RaftClientImpl.groupAdd(RaftClientImpl.java:205)
	at org.apache.hadoop.hdds.scm.pipeline.RatisPipelineProvider.lambda$initializePipeline$4(RatisPipelineProvider.java:198)
	at org.apache.hadoop.hdds.scm.pipeline.RatisPipelineProvider.lambda$null$5(RatisPipelineProvider.java:233)
	at java.util.stream.ForEachOps$ForEachOp$OfRef.accept(ForEachOps.java:183)
	at java.util.ArrayList$ArrayListSpliterator.forEachRemaining(ArrayList.java:1382)
	at java.util.stream.AbstractPipeline.copyInto(AbstractPipeline.java:482)
	at java.util.stream.ForEachOps$ForEachTask.compute(ForEachOps.java:290)
	at java.util.concurrent.CountedCompleter.exec(CountedCompleter.java:731)
	at java.util.concurrent.ForkJoinTask.doExec(ForkJoinTask.java:289)
	at java.util.concurrent.ForkJoinTask.doInvoke(ForkJoinTask.java:401)
	at java.util.concurrent.ForkJoinTask.invoke(ForkJoinTask.java:734)
	at java.util.stream.ForEachOps$ForEachOp.evaluateParallel(ForEachOps.java:159)
	at java.util.stream.ForEachOps$ForEachOp$OfRef.evaluateParallel(ForEachOps.java:173)
	at java.util.stream.AbstractPipeline.evaluate(AbstractPipeline.java:233)
	at java.util.stream.ReferencePipeline.forEach(ReferencePipeline.java:485)
	at java.util.stream.ReferencePipeline$Head.forEach(ReferencePipeline.java:650)
	at org.apache.hadoop.hdds.scm.pipeline.RatisPipelineProvider.lambda$callRatisRpc$6(RatisPipelineProvider.java:227)
	at java.util.concurrent.ForkJoinTask$AdaptedRunnableAction.exec(ForkJoinTask.java:1386)
	at java.util.concurrent.ForkJoinTask.doExec(ForkJoinTask.java:289)
	at java.util.concurrent.ForkJoinPool$WorkQueue.runTask(ForkJoinPool.java:1056)
	at java.util.concurrent.ForkJoinPool.runWorker(ForkJoinPool.java:1692)
	at java.util.concurrent.ForkJoinWorkerThread.run(ForkJoinWorkerThread.java:157)
Caused by: org.apache.ratis.thirdparty.io.grpc.StatusRuntimeException: DEADLINE_EXCEEDED: deadline exceeded after 2999844120ns
	at org.apache.ratis.thirdparty.io.grpc.stub.ClientCalls.toStatusRuntimeException(ClientCalls.java:233)
	at org.apache.ratis.thirdparty.io.grpc.stub.ClientCalls.getUnchecked(ClientCalls.java:214)
	at org.apache.ratis.thirdparty.io.grpc.stub.ClientCalls.blockingUnaryCall(ClientCalls.java:139)
	at org.apache.ratis.proto.grpc.AdminProtocolServiceGrpc$AdminProtocolServiceBlockingStub.groupManagement(AdminProtocolServiceGrpc.java:274)
	at org.apache.ratis.grpc.client.GrpcClientProtocolClient.lambda$groupAdd$3(GrpcClientProtocolClient.java:155)
	at org.apache.ratis.grpc.client.GrpcClientProtocolClient.blockingCall(GrpcClientProtocolClient.java:182)
	... 25 more
2019-10-18 13:07:45,705 [grpc-default-executor-5] INFO  impl.RaftServerProxy (RaftServerProxy.java:addNew(89)) - f7720aae-b5ab-43ae-a8f0-7922fdbaf311: addNew group-61F4B561E702:[7d69770b-3355-4a82-aab2-02db9382227d:192.168.34.56:33301, f7720aae-b5ab-43ae-a8f0-7922fdbaf311:192.168.34.56:46404, 0e280119-6e3a-4f2d-a3bb-534f53e1c036:192.168.34.56:35105] returns group-61F4B561E702:java.util.concurrent.CompletableFuture@6b9bfa99[Not completed]
2019-10-18 13:07:45,705 [grpc-default-executor-3] INFO  impl.RaftServerProxy (RaftServerProxy.java:addNew(89)) - 7d69770b-3355-4a82-aab2-02db9382227d: addNew group-61F4B561E702:[7d69770b-3355-4a82-aab2-02db9382227d:192.168.34.56:33301, f7720aae-b5ab-43ae-a8f0-7922fdbaf311:192.168.34.56:46404, 0e280119-6e3a-4f2d-a3bb-534f53e1c036:192.168.34.56:35105] returns group-61F4B561E702:java.util.concurrent.CompletableFuture@62326988[Not completed]
2019-10-18 13:07:45,718 [grpc-default-executor-6] INFO  impl.RaftServerProxy (RaftServerProxy.java:addNew(89)) - 0e280119-6e3a-4f2d-a3bb-534f53e1c036: addNew group-61F4B561E702:[7d69770b-3355-4a82-aab2-02db9382227d:192.168.34.56:33301, f7720aae-b5ab-43ae-a8f0-7922fdbaf311:192.168.34.56:46404, 0e280119-6e3a-4f2d-a3bb-534f53e1c036:192.168.34.56:35105] returns group-61F4B561E702:java.util.concurrent.CompletableFuture@67debd95[Not completed]
2019-10-18 13:07:45,719 [pool-486-thread-1] INFO  impl.RaftServerImpl (RaftServerImpl.java:<init>(104)) - 7d69770b-3355-4a82-aab2-02db9382227d: new RaftServerImpl for group-61F4B561E702:[7d69770b-3355-4a82-aab2-02db9382227d:192.168.34.56:33301, f7720aae-b5ab-43ae-a8f0-7922fdbaf311:192.168.34.56:46404, 0e280119-6e3a-4f2d-a3bb-534f53e1c036:192.168.34.56:35105] with ContainerStateMachine:uninitialized
2019-10-18 13:07:45,719 [pool-486-thread-1] INFO  server.RaftServerConfigKeys (ConfUtils.java:logGet(43)) - raft.server.rpc.timeout.min = 1s (custom)
2019-10-18 13:07:45,720 [pool-486-thread-1] INFO  server.RaftServerConfigKeys (ConfUtils.java:logGet(43)) - raft.server.rpc.timeout.max = 1200ms (custom)
2019-10-18 13:07:45,720 [pool-486-thread-1] INFO  server.RaftServerConfigKeys (ConfUtils.java:logGet(43)) - raft.server.rpcslowness.timeout = 120s (custom)
2019-10-18 13:07:45,720 [pool-486-thread-1] INFO  server.RaftServerConfigKeys (ConfUtils.java:logGet(43)) - raft.server.sleep.deviation.threshold = 300 (default)
2019-10-18 13:07:45,720 [pool-486-thread-1] INFO  server.RaftServerConfigKeys (ConfUtils.java:logGet(43)) - raft.server.log.appender.install.snapshot.enabled = false (custom)
2019-10-18 13:07:45,720 [pool-486-thread-1] INFO  impl.RaftServerImpl (ServerState.java:<init>(103)) - 7d69770b-3355-4a82-aab2-02db9382227d@group-61F4B561E702: ConfigurationManager, init=-1: [7d69770b-3355-4a82-aab2-02db9382227d:192.168.34.56:33301, f7720aae-b5ab-43ae-a8f0-7922fdbaf311:192.168.34.56:46404, 0e280119-6e3a-4f2d-a3bb-534f53e1c036:192.168.34.56:35105], old=null, confs=<EMPTY_MAP>
2019-10-18 13:07:45,720 [pool-486-thread-1] INFO  server.RaftServerConfigKeys (ConfUtils.java:logGet(43)) - raft.server.storage.dir = [/workdir/hadoop-ozone/integration-test/target/test-dir/MiniOzoneClusterImpl-a51cb6f9-69a9-44ea-bf2b-ac78a0e144b1/datanode-9/data/ratis] (custom)
2019-10-18 13:07:45,720 [pool-406-thread-1] INFO  impl.RaftServerImpl (RaftServerImpl.java:<init>(104)) - 0e280119-6e3a-4f2d-a3bb-534f53e1c036: new RaftServerImpl for group-61F4B561E702:[7d69770b-3355-4a82-aab2-02db9382227d:192.168.34.56:33301, f7720aae-b5ab-43ae-a8f0-7922fdbaf311:192.168.34.56:46404, 0e280119-6e3a-4f2d-a3bb-534f53e1c036:192.168.34.56:35105] with ContainerStateMachine:uninitialized
2019-10-18 13:07:45,720 [pool-486-thread-1] INFO  server.RaftServerConfigKeys (ConfUtils.java:logGet(43)) - raft.server.log.corruption.policy = EXCEPTION (default)
2019-10-18 13:07:45,720 [pool-406-thread-1] INFO  server.RaftServerConfigKeys (ConfUtils.java:logGet(43)) - raft.server.rpc.timeout.min = 1s (custom)
2019-10-18 13:07:45,720 [pool-486-thread-1] INFO  storage.RaftStorageDirectory (RaftStorageDirectory.java:analyzeStorage(246)) - The storage directory /workdir/hadoop-ozone/integration-test/target/test-dir/MiniOzoneClusterImpl-a51cb6f9-69a9-44ea-bf2b-ac78a0e144b1/datanode-9/data/ratis/51cd6b5e-29da-4391-87fc-61f4b561e702 does not exist. Creating ...
2019-10-18 13:07:45,721 [pool-406-thread-1] INFO  server.RaftServerConfigKeys (ConfUtils.java:logGet(43)) - raft.server.rpc.timeout.max = 1200ms (custom)
2019-10-18 13:07:45,721 [pool-406-thread-1] INFO  server.RaftServerConfigKeys (ConfUtils.java:logGet(43)) - raft.server.rpcslowness.timeout = 120s (custom)
2019-10-18 13:07:45,721 [pool-406-thread-1] INFO  server.RaftServerConfigKeys (ConfUtils.java:logGet(43)) - raft.server.sleep.deviation.threshold = 300 (default)
2019-10-18 13:07:45,721 [pool-406-thread-1] INFO  server.RaftServerConfigKeys (ConfUtils.java:logGet(43)) - raft.server.log.appender.install.snapshot.enabled = false (custom)
2019-10-18 13:07:45,721 [pool-406-thread-1] INFO  impl.RaftServerImpl (ServerState.java:<init>(103)) - 0e280119-6e3a-4f2d-a3bb-534f53e1c036@group-61F4B561E702: ConfigurationManager, init=-1: [7d69770b-3355-4a82-aab2-02db9382227d:192.168.34.56:33301, f7720aae-b5ab-43ae-a8f0-7922fdbaf311:192.168.34.56:46404, 0e280119-6e3a-4f2d-a3bb-534f53e1c036:192.168.34.56:35105], old=null, confs=<EMPTY_MAP>
2019-10-18 13:07:45,722 [pool-406-thread-1] INFO  server.RaftServerConfigKeys (ConfUtils.java:logGet(43)) - raft.server.storage.dir = [/workdir/hadoop-ozone/integration-test/target/test-dir/MiniOzoneClusterImpl-a51cb6f9-69a9-44ea-bf2b-ac78a0e144b1/datanode-1/data/ratis] (custom)
2019-10-18 13:07:45,722 [pool-406-thread-1] INFO  server.RaftServerConfigKeys (ConfUtils.java:logGet(43)) - raft.server.log.corruption.policy = EXCEPTION (default)
2019-10-18 13:07:45,722 [pool-406-thread-1] INFO  storage.RaftStorageDirectory (RaftStorageDirectory.java:analyzeStorage(246)) - The storage directory /workdir/hadoop-ozone/integration-test/target/test-dir/MiniOzoneClusterImpl-a51cb6f9-69a9-44ea-bf2b-ac78a0e144b1/datanode-1/data/ratis/51cd6b5e-29da-4391-87fc-61f4b561e702 does not exist. Creating ...
2019-10-18 13:07:45,921 [376e5cf1-76f5-4cbf-a825-173c1dd246c0@group-35CF8FD1CB92-LeaderElection613] INFO  impl.LeaderElection (LeaderElection.java:askForVotes(178)) - 376e5cf1-76f5-4cbf-a825-173c1dd246c0@group-35CF8FD1CB92-LeaderElection613: begin an election at term 1 for -1: [376e5cf1-76f5-4cbf-a825-173c1dd246c0:192.168.34.56:39585], old=null
2019-10-18 13:07:45,921 [376e5cf1-76f5-4cbf-a825-173c1dd246c0@group-35CF8FD1CB92-LeaderElection613] INFO  impl.RoleInfo (RoleInfo.java:shutdownLeaderElection(134)) - 376e5cf1-76f5-4cbf-a825-173c1dd246c0: shutdown LeaderElection
2019-10-18 13:07:45,921 [376e5cf1-76f5-4cbf-a825-173c1dd246c0@group-35CF8FD1CB92-LeaderElection613] INFO  impl.RaftServerImpl (RaftServerImpl.java:setRole(184)) - 376e5cf1-76f5-4cbf-a825-173c1dd246c0@group-35CF8FD1CB92: changes role from CANDIDATE to LEADER at term 1 for changeToLeader
2019-10-18 13:07:45,921 [376e5cf1-76f5-4cbf-a825-173c1dd246c0@group-35CF8FD1CB92-LeaderElection613] INFO  impl.RaftServerImpl (ServerState.java:setLeader(256)) - 376e5cf1-76f5-4cbf-a825-173c1dd246c0@group-35CF8FD1CB92: change Leader from null to 376e5cf1-76f5-4cbf-a825-173c1dd246c0 at term 1 for becomeLeader, leader elected after 3248ms
2019-10-18 13:07:45,922 [376e5cf1-76f5-4cbf-a825-173c1dd246c0@group-35CF8FD1CB92-LeaderElection613] INFO  server.RaftServerConfigKeys (ConfUtils.java:logGet(43)) - raft.server.staging.catchup.gap = 1000 (default)
2019-10-18 13:07:45,922 [376e5cf1-76f5-4cbf-a825-173c1dd246c0@group-35CF8FD1CB92-LeaderElection613] INFO  server.RaftServerConfigKeys (ConfUtils.java:logGet(43)) - raft.server.rpc.sleep.time = 25ms (default)
2019-10-18 13:07:45,922 [376e5cf1-76f5-4cbf-a825-173c1dd246c0@group-35CF8FD1CB92-LeaderElection613] INFO  server.RaftServerConfigKeys (ConfUtils.java:logGet(43)) - raft.server.write.element-limit = 4096 (default)
2019-10-18 13:07:45,922 [376e5cf1-76f5-4cbf-a825-173c1dd246c0@group-35CF8FD1CB92-LeaderElection613] INFO  server.RaftServerConfigKeys (ConfUtils.java:logGet(43)) - raft.server.watch.timeout = 10s (default)
2019-10-18 13:07:45,922 [376e5cf1-76f5-4cbf-a825-173c1dd246c0@group-35CF8FD1CB92-LeaderElection613] INFO  server.RaftServerConfigKeys (ConfUtils.java:logGet(43)) - raft.server.watch.timeout.denomination = 1s (default)
2019-10-18 13:07:45,922 [376e5cf1-76f5-4cbf-a825-173c1dd246c0@group-35CF8FD1CB92-LeaderElection613] INFO  server.RaftServerConfigKeys (ConfUtils.java:logGet(43)) - raft.server.watch.element-limit = 65536 (default)
2019-10-18 13:07:46,267 [376e5cf1-76f5-4cbf-a825-173c1dd246c0@group-35CF8FD1CB92-LeaderElection613] INFO  impl.RoleInfo (RoleInfo.java:updateAndGet(143)) - 376e5cf1-76f5-4cbf-a825-173c1dd246c0: start LeaderState
2019-10-18 13:07:46,342 [376e5cf1-76f5-4cbf-a825-173c1dd246c0@group-35CF8FD1CB92-LeaderElection613] INFO  segmented.SegmentedRaftLogWorker (SegmentedRaftLogWorker.java:startLogSegment(385)) - 376e5cf1-76f5-4cbf-a825-173c1dd246c0@group-35CF8FD1CB92-SegmentedRaftLogWorker: Starting segment from index:0
2019-10-18 13:07:46,345 [376e5cf1-76f5-4cbf-a825-173c1dd246c0@group-35CF8FD1CB92-LeaderElection613] INFO  impl.RaftServerImpl (ServerState.java:setRaftConf(357)) - 376e5cf1-76f5-4cbf-a825-173c1dd246c0@group-35CF8FD1CB92: set configuration 0: [376e5cf1-76f5-4cbf-a825-173c1dd246c0:192.168.34.56:39585], old=null at 0
2019-10-18 13:07:46,801 [pool-416-thread-1] INFO  storage.RaftStorage (RaftStorage.java:format(84)) - Storage directory /workdir/hadoop-ozone/integration-test/target/test-dir/MiniOzoneClusterImpl-a51cb6f9-69a9-44ea-bf2b-ac78a0e144b1/datanode-2/data/ratis/423cab01-ade7-40ab-8b04-d618d0709976 has been successfully formatted.
2019-10-18 13:07:46,801 [pool-416-thread-1] INFO  ratis.ContainerStateMachine (ContainerStateMachine.java:loadSnapshot(231)) - group-D618D0709976: The snapshot info is null. Setting the last applied indexto:(t:0, i:~)
2019-10-18 13:07:46,802 [pool-416-thread-1] INFO  server.RaftServerConfigKeys (ConfUtils.java:logGet(43)) - raft.server.notification.no-leader.timeout = 120s (custom)
2019-10-18 13:07:46,802 [pool-416-thread-1] INFO  server.RaftServerConfigKeys (ConfUtils.java:logGet(43)) - raft.server.log.use.memory = false (default)
2019-10-18 13:07:46,802 [pool-416-thread-1] INFO  server.RaftServerConfigKeys (ConfUtils.java:logGet(43)) - raft.server.log.purge.gap = 1000000 (custom)
2019-10-18 13:07:46,802 [pool-416-thread-1] INFO  server.RaftServerConfigKeys (ConfUtils.java:logGet(43)) - raft.server.log.appender.buffer.byte-limit = 33554432 (custom)
2019-10-18 13:07:46,802 [pool-416-thread-1] INFO  server.RaftServerConfigKeys (ConfUtils.java:logGet(43)) - raft.server.log.segment.size.max = 1048576 (custom)
2019-10-18 13:07:46,804 [pool-416-thread-1] INFO  server.RaftServerConfigKeys (ConfUtils.java:logGet(43)) - raft.server.log.segment.cache.num.max = 2 (custom)
2019-10-18 13:07:46,804 [pool-416-thread-1] INFO  segmented.SegmentedRaftLogWorker (SegmentedRaftLogWorker.java:<init>(173)) - new f7720aae-b5ab-43ae-a8f0-7922fdbaf311@group-D618D0709976-SegmentedRaftLogWorker for RaftStorage:Storage Directory /workdir/hadoop-ozone/integration-test/target/test-dir/MiniOzoneClusterImpl-a51cb6f9-69a9-44ea-bf2b-ac78a0e144b1/datanode-2/data/ratis/423cab01-ade7-40ab-8b04-d618d0709976
2019-10-18 13:07:46,804 [pool-416-thread-1] INFO  server.RaftServerConfigKeys (ConfUtils.java:logGet(43)) - raft.server.log.queue.byte-limit = 2147483647 (custom)
2019-10-18 13:07:46,804 [pool-416-thread-1] INFO  server.RaftServerConfigKeys (ConfUtils.java:logGet(43)) - raft.server.log.queue.element-limit = 1024 (custom)
2019-10-18 13:07:46,804 [pool-416-thread-1] INFO  server.RaftServerConfigKeys (ConfUtils.java:logGet(43)) - raft.server.log.segment.size.max = 1048576 (custom)
2019-10-18 13:07:46,805 [pool-416-thread-1] INFO  server.RaftServerConfigKeys (ConfUtils.java:logGet(43)) - raft.server.log.preallocated.size = 16384 (custom)
2019-10-18 13:07:46,805 [pool-416-thread-1] INFO  server.RaftServerConfigKeys (ConfUtils.java:logGet(43)) - raft.server.log.write.buffer.size = 33554432 (custom)
2019-10-18 13:07:46,805 [pool-416-thread-1] INFO  server.RaftServerConfigKeys (ConfUtils.java:logGet(43)) - raft.server.log.force.sync.num = 128 (default)
2019-10-18 13:07:46,805 [pool-416-thread-1] INFO  server.RaftServerConfigKeys (ConfUtils.java:logGet(43)) - raft.server.log.statemachine.data.sync = true (default)
2019-10-18 13:07:46,805 [pool-416-thread-1] INFO  server.RaftServerConfigKeys (ConfUtils.java:logGet(43)) - raft.server.log.statemachine.data.sync.timeout = 10s (default)
2019-10-18 13:07:46,805 [pool-416-thread-1] INFO  server.RaftServerConfigKeys (ConfUtils.java:logGet(43)) - raft.server.log.statemachine.data.sync.timeout.retry = -1 (default)
2019-10-18 13:07:46,806 [pool-416-thread-1] INFO  server.RaftServerConfigKeys (ConfUtils.java:logGet(43)) - raft.server.log.statemachine.data.caching.enabled = true (custom)
2019-10-18 13:07:46,806 [pool-416-thread-1] INFO  segmented.SegmentedRaftLogWorker (SegmentedRaftLogWorker.java:lambda$new$0(128)) - f7720aae-b5ab-43ae-a8f0-7922fdbaf311@group-D618D0709976-SegmentedRaftLogWorker: flushIndex: setUnconditionally 0 -> -1
2019-10-18 13:07:46,806 [pool-416-thread-1] INFO  server.RaftServerConfigKeys (ConfUtils.java:logGet(43)) - raft.server.snapshot.auto.trigger.enabled = true (custom)
2019-10-18 13:07:46,806 [pool-416-thread-1] INFO  server.RaftServerConfigKeys (ConfUtils.java:logGet(43)) - raft.server.snapshot.auto.trigger.threshold = 10000 (custom)
2019-10-18 13:07:46,806 [pool-416-thread-1] INFO  server.RaftServerConfigKeys (ConfUtils.java:logGet(43)) - raft.server.snapshot.retention.file.num = 5 (custom)
2019-10-18 13:07:46,807 [pool-416-thread-1] INFO  server.RaftServerConfigKeys (ConfUtils.java:logGet(43)) - raft.server.retrycache.expirytime = 600000ms (custom)
2019-10-18 13:07:46,811 [pool-416-thread-1] INFO  impl.RaftServerImpl (RaftServerImpl.java:<init>(104)) - f7720aae-b5ab-43ae-a8f0-7922fdbaf311: new RaftServerImpl for group-61F4B561E702:[7d69770b-3355-4a82-aab2-02db9382227d:192.168.34.56:33301, f7720aae-b5ab-43ae-a8f0-7922fdbaf311:192.168.34.56:46404, 0e280119-6e3a-4f2d-a3bb-534f53e1c036:192.168.34.56:35105] with ContainerStateMachine:uninitialized
2019-10-18 13:07:46,811 [pool-416-thread-1] INFO  server.RaftServerConfigKeys (ConfUtils.java:logGet(43)) - raft.server.rpc.timeout.min = 1s (custom)
2019-10-18 13:07:46,812 [pool-416-thread-1] INFO  server.RaftServerConfigKeys (ConfUtils.java:logGet(43)) - raft.server.rpc.timeout.max = 1200ms (custom)
2019-10-18 13:07:46,812 [pool-416-thread-1] INFO  server.RaftServerConfigKeys (ConfUtils.java:logGet(43)) - raft.server.rpcslowness.timeout = 120s (custom)
2019-10-18 13:07:46,812 [pool-416-thread-1] INFO  server.RaftServerConfigKeys (ConfUtils.java:logGet(43)) - raft.server.sleep.deviation.threshold = 300 (default)
2019-10-18 13:07:46,812 [pool-416-thread-1] INFO  server.RaftServerConfigKeys (ConfUtils.java:logGet(43)) - raft.server.log.appender.install.snapshot.enabled = false (custom)
2019-10-18 13:07:46,812 [pool-416-thread-1] INFO  impl.RaftServerImpl (ServerState.java:<init>(103)) - f7720aae-b5ab-43ae-a8f0-7922fdbaf311@group-61F4B561E702: ConfigurationManager, init=-1: [7d69770b-3355-4a82-aab2-02db9382227d:192.168.34.56:33301, f7720aae-b5ab-43ae-a8f0-7922fdbaf311:192.168.34.56:46404, 0e280119-6e3a-4f2d-a3bb-534f53e1c036:192.168.34.56:35105], old=null, confs=<EMPTY_MAP>
2019-10-18 13:07:46,813 [pool-416-thread-1] INFO  server.RaftServerConfigKeys (ConfUtils.java:logGet(43)) - raft.server.storage.dir = [/workdir/hadoop-ozone/integration-test/target/test-dir/MiniOzoneClusterImpl-a51cb6f9-69a9-44ea-bf2b-ac78a0e144b1/datanode-2/data/ratis] (custom)
2019-10-18 13:07:46,813 [pool-416-thread-1] INFO  server.RaftServerConfigKeys (ConfUtils.java:logGet(43)) - raft.server.log.corruption.policy = EXCEPTION (default)
2019-10-18 13:07:46,813 [pool-416-thread-1] INFO  storage.RaftStorageDirectory (RaftStorageDirectory.java:analyzeStorage(246)) - The storage directory /workdir/hadoop-ozone/integration-test/target/test-dir/MiniOzoneClusterImpl-a51cb6f9-69a9-44ea-bf2b-ac78a0e144b1/datanode-2/data/ratis/51cd6b5e-29da-4391-87fc-61f4b561e702 does not exist. Creating ...
2019-10-18 13:07:47,620 [pool-486-thread-1] INFO  storage.RaftStorageDirectory (RaftStorageDirectory.java:tryLock(328)) - Lock on /workdir/hadoop-ozone/integration-test/target/test-dir/MiniOzoneClusterImpl-a51cb6f9-69a9-44ea-bf2b-ac78a0e144b1/datanode-9/data/ratis/51cd6b5e-29da-4391-87fc-61f4b561e702/in_use.lock acquired by nodename 21203@pr-hdds-2330-xmbvw-1183399999
2019-10-18 13:07:47,620 [pool-406-thread-1] INFO  storage.RaftStorageDirectory (RaftStorageDirectory.java:tryLock(328)) - Lock on /workdir/hadoop-ozone/integration-test/target/test-dir/MiniOzoneClusterImpl-a51cb6f9-69a9-44ea-bf2b-ac78a0e144b1/datanode-1/data/ratis/51cd6b5e-29da-4391-87fc-61f4b561e702/in_use.lock acquired by nodename 21203@pr-hdds-2330-xmbvw-1183399999
2019-10-18 13:07:48,716 [RATISCREATEPIPELINE1] ERROR pipeline.RatisPipelineProvider (RatisPipelineProvider.java:lambda$null$5(237)) - Failed invoke Ratis rpc org.apache.hadoop.hdds.scm.pipeline.RatisPipelineProvider$$Lambda$197/86944034@64aba988 for 7d69770b-3355-4a82-aab2-02db9382227d
org.apache.ratis.protocol.TimeoutIOException: deadline exceeded after 2999892572ns
	at org.apache.ratis.grpc.GrpcUtil.tryUnwrapException(GrpcUtil.java:82)
	at org.apache.ratis.grpc.GrpcUtil.unwrapException(GrpcUtil.java:75)
	at org.apache.ratis.grpc.client.GrpcClientProtocolClient.blockingCall(GrpcClientProtocolClient.java:184)
	at org.apache.ratis.grpc.client.GrpcClientProtocolClient.groupAdd(GrpcClientProtocolClient.java:153)
	at org.apache.ratis.grpc.client.GrpcClientRpc.sendRequest(GrpcClientRpc.java:94)
	at org.apache.ratis.client.impl.RaftClientImpl.sendRequest(RaftClientImpl.java:278)
	at org.apache.ratis.client.impl.RaftClientImpl.groupAdd(RaftClientImpl.java:205)
	at org.apache.hadoop.hdds.scm.pipeline.RatisPipelineProvider.lambda$initializePipeline$4(RatisPipelineProvider.java:198)
	at org.apache.hadoop.hdds.scm.pipeline.RatisPipelineProvider.lambda$null$5(RatisPipelineProvider.java:233)
	at java.util.stream.ForEachOps$ForEachOp$OfRef.accept(ForEachOps.java:183)
	at java.util.ArrayList$ArrayListSpliterator.forEachRemaining(ArrayList.java:1382)
	at java.util.stream.AbstractPipeline.copyInto(AbstractPipeline.java:482)
	at java.util.stream.ForEachOps$ForEachTask.compute(ForEachOps.java:290)
	at java.util.concurrent.CountedCompleter.exec(CountedCompleter.java:731)
	at java.util.concurrent.ForkJoinTask.doExec(ForkJoinTask.java:289)
	at java.util.concurrent.ForkJoinTask.doInvoke(ForkJoinTask.java:401)
	at java.util.concurrent.ForkJoinTask.invoke(ForkJoinTask.java:734)
	at java.util.stream.ForEachOps$ForEachOp.evaluateParallel(ForEachOps.java:159)
	at java.util.stream.ForEachOps$ForEachOp$OfRef.evaluateParallel(ForEachOps.java:173)
	at java.util.stream.AbstractPipeline.evaluate(AbstractPipeline.java:233)
	at java.util.stream.ReferencePipeline.forEach(ReferencePipeline.java:485)
	at java.util.stream.ReferencePipeline$Head.forEach(ReferencePipeline.java:650)
	at org.apache.hadoop.hdds.scm.pipeline.RatisPipelineProvider.lambda$callRatisRpc$6(RatisPipelineProvider.java:227)
	at java.util.concurrent.ForkJoinTask$AdaptedRunnableAction.exec(ForkJoinTask.java:1386)
	at java.util.concurrent.ForkJoinTask.doExec(ForkJoinTask.java:289)
	at java.util.concurrent.ForkJoinPool$WorkQueue.runTask(ForkJoinPool.java:1056)
	at java.util.concurrent.ForkJoinPool.runWorker(ForkJoinPool.java:1692)
	at java.util.concurrent.ForkJoinWorkerThread.run(ForkJoinWorkerThread.java:157)
Caused by: org.apache.ratis.thirdparty.io.grpc.StatusRuntimeException: DEADLINE_EXCEEDED: deadline exceeded after 2999892572ns
	at org.apache.ratis.thirdparty.io.grpc.stub.ClientCalls.toStatusRuntimeException(ClientCalls.java:233)
	at org.apache.ratis.thirdparty.io.grpc.stub.ClientCalls.getUnchecked(ClientCalls.java:214)
	at org.apache.ratis.thirdparty.io.grpc.stub.ClientCalls.blockingUnaryCall(ClientCalls.java:139)
	at org.apache.ratis.proto.grpc.AdminProtocolServiceGrpc$AdminProtocolServiceBlockingStub.groupManagement(AdminProtocolServiceGrpc.java:274)
	at org.apache.ratis.grpc.client.GrpcClientProtocolClient.lambda$groupAdd$3(GrpcClientProtocolClient.java:155)
	at org.apache.ratis.grpc.client.GrpcClientProtocolClient.blockingCall(GrpcClientProtocolClient.java:182)
	... 25 more
2019-10-18 13:07:48,719 [RATISCREATEPIPELINE2] ERROR pipeline.RatisPipelineProvider (RatisPipelineProvider.java:lambda$null$5(237)) - Failed invoke Ratis rpc org.apache.hadoop.hdds.scm.pipeline.RatisPipelineProvider$$Lambda$197/86944034@64aba988 for f7720aae-b5ab-43ae-a8f0-7922fdbaf311
org.apache.ratis.protocol.TimeoutIOException: deadline exceeded after 2999884701ns
	at org.apache.ratis.grpc.GrpcUtil.tryUnwrapException(GrpcUtil.java:82)
	at org.apache.ratis.grpc.GrpcUtil.unwrapException(GrpcUtil.java:75)
	at org.apache.ratis.grpc.client.GrpcClientProtocolClient.blockingCall(GrpcClientProtocolClient.java:184)
	at org.apache.ratis.grpc.client.GrpcClientProtocolClient.groupAdd(GrpcClientProtocolClient.java:153)
	at org.apache.ratis.grpc.client.GrpcClientRpc.sendRequest(GrpcClientRpc.java:94)
	at org.apache.ratis.client.impl.RaftClientImpl.sendRequest(RaftClientImpl.java:278)
	at org.apache.ratis.client.impl.RaftClientImpl.groupAdd(RaftClientImpl.java:205)
	at org.apache.hadoop.hdds.scm.pipeline.RatisPipelineProvider.lambda$initializePipeline$4(RatisPipelineProvider.java:198)
	at org.apache.hadoop.hdds.scm.pipeline.RatisPipelineProvider.lambda$null$5(RatisPipelineProvider.java:233)
	at java.util.stream.ForEachOps$ForEachOp$OfRef.accept(ForEachOps.java:183)
	at java.util.ArrayList$ArrayListSpliterator.forEachRemaining(ArrayList.java:1382)
	at java.util.stream.AbstractPipeline.copyInto(AbstractPipeline.java:482)
	at java.util.stream.ForEachOps$ForEachTask.compute(ForEachOps.java:290)
	at java.util.concurrent.CountedCompleter.exec(CountedCompleter.java:731)
	at java.util.concurrent.ForkJoinTask.doExec(ForkJoinTask.java:289)
	at java.util.concurrent.ForkJoinPool$WorkQueue.runTask(ForkJoinPool.java:1056)
	at java.util.concurrent.ForkJoinPool.runWorker(ForkJoinPool.java:1692)
	at java.util.concurrent.ForkJoinWorkerThread.run(ForkJoinWorkerThread.java:157)
Caused by: org.apache.ratis.thirdparty.io.grpc.StatusRuntimeException: DEADLINE_EXCEEDED: deadline exceeded after 2999884701ns
	at org.apache.ratis.thirdparty.io.grpc.stub.ClientCalls.toStatusRuntimeException(ClientCalls.java:233)
	at org.apache.ratis.thirdparty.io.grpc.stub.ClientCalls.getUnchecked(ClientCalls.java:214)
	at org.apache.ratis.thirdparty.io.grpc.stub.ClientCalls.blockingUnaryCall(ClientCalls.java:139)
	at org.apache.ratis.proto.grpc.AdminProtocolServiceGrpc$AdminProtocolServiceBlockingStub.groupManagement(AdminProtocolServiceGrpc.java:274)
	at org.apache.ratis.grpc.client.GrpcClientProtocolClient.lambda$groupAdd$3(GrpcClientProtocolClient.java:155)
	at org.apache.ratis.grpc.client.GrpcClientProtocolClient.blockingCall(GrpcClientProtocolClient.java:182)
	... 15 more
2019-10-18 13:07:48,721 [RATISCREATEPIPELINE3] ERROR pipeline.RatisPipelineProvider (RatisPipelineProvider.java:lambda$null$5(237)) - Failed invoke Ratis rpc org.apache.hadoop.hdds.scm.pipeline.RatisPipelineProvider$$Lambda$197/86944034@64aba988 for 0e280119-6e3a-4f2d-a3bb-534f53e1c036
org.apache.ratis.protocol.TimeoutIOException: deadline exceeded after 2999879876ns
	at org.apache.ratis.grpc.GrpcUtil.tryUnwrapException(GrpcUtil.java:82)
	at org.apache.ratis.grpc.GrpcUtil.unwrapException(GrpcUtil.java:75)
	at org.apache.ratis.grpc.client.GrpcClientProtocolClient.blockingCall(GrpcClientProtocolClient.java:184)
	at org.apache.ratis.grpc.client.GrpcClientProtocolClient.groupAdd(GrpcClientProtocolClient.java:153)
	at org.apache.ratis.grpc.client.GrpcClientRpc.sendRequest(GrpcClientRpc.java:94)
	at org.apache.ratis.client.impl.RaftClientImpl.sendRequest(RaftClientImpl.java:278)
	at org.apache.ratis.client.impl.RaftClientImpl.groupAdd(RaftClientImpl.java:205)
	at org.apache.hadoop.hdds.scm.pipeline.RatisPipelineProvider.lambda$initializePipeline$4(RatisPipelineProvider.java:198)
	at org.apache.hadoop.hdds.scm.pipeline.RatisPipelineProvider.lambda$null$5(RatisPipelineProvider.java:233)
	at java.util.stream.ForEachOps$ForEachOp$OfRef.accept(ForEachOps.java:183)
	at java.util.ArrayList$ArrayListSpliterator.forEachRemaining(ArrayList.java:1382)
	at java.util.stream.AbstractPipeline.copyInto(AbstractPipeline.java:482)
	at java.util.stream.ForEachOps$ForEachTask.compute(ForEachOps.java:290)
	at java.util.concurrent.CountedCompleter.exec(CountedCompleter.java:731)
	at java.util.concurrent.ForkJoinTask.doExec(ForkJoinTask.java:289)
	at java.util.concurrent.ForkJoinPool$WorkQueue.runTask(ForkJoinPool.java:1056)
	at java.util.concurrent.ForkJoinPool.runWorker(ForkJoinPool.java:1692)
	at java.util.concurrent.ForkJoinWorkerThread.run(ForkJoinWorkerThread.java:157)
Caused by: org.apache.ratis.thirdparty.io.grpc.StatusRuntimeException: DEADLINE_EXCEEDED: deadline exceeded after 2999879876ns
	at org.apache.ratis.thirdparty.io.grpc.stub.ClientCalls.toStatusRuntimeException(ClientCalls.java:233)
	at org.apache.ratis.thirdparty.io.grpc.stub.ClientCalls.getUnchecked(ClientCalls.java:214)
	at org.apache.ratis.thirdparty.io.grpc.stub.ClientCalls.blockingUnaryCall(ClientCalls.java:139)
	at org.apache.ratis.proto.grpc.AdminProtocolServiceGrpc$AdminProtocolServiceBlockingStub.groupManagement(AdminProtocolServiceGrpc.java:274)
	at org.apache.ratis.grpc.client.GrpcClientProtocolClient.lambda$groupAdd$3(GrpcClientProtocolClient.java:155)
	at org.apache.ratis.grpc.client.GrpcClientProtocolClient.blockingCall(GrpcClientProtocolClient.java:182)
	... 15 more
2019-10-18 13:07:48,731 [grpc-default-executor-3] INFO  impl.RaftServerProxy (RaftServerProxy.java:addNew(89)) - f7720aae-b5ab-43ae-a8f0-7922fdbaf311: addNew group-104DF360A9D0:[f7720aae-b5ab-43ae-a8f0-7922fdbaf311:192.168.34.56:46404] returns group-104DF360A9D0:java.util.concurrent.CompletableFuture@4b3972b9[Not completed]
2019-10-18 13:07:48,761 [pool-416-thread-1] INFO  storage.RaftStorageDirectory (RaftStorageDirectory.java:tryLock(328)) - Lock on /workdir/hadoop-ozone/integration-test/target/test-dir/MiniOzoneClusterImpl-a51cb6f9-69a9-44ea-bf2b-ac78a0e144b1/datanode-2/data/ratis/51cd6b5e-29da-4391-87fc-61f4b561e702/in_use.lock acquired by nodename 21203@pr-hdds-2330-xmbvw-1183399999
2019-10-18 13:07:48,761 [376e5cf1-76f5-4cbf-a825-173c1dd246c0@group-35CF8FD1CB92-SegmentedRaftLogWorker] INFO  segmented.SegmentedRaftLogWorker (SegmentedRaftLogWorker.java:execute(576)) - 376e5cf1-76f5-4cbf-a825-173c1dd246c0@group-35CF8FD1CB92-SegmentedRaftLogWorker: created new log segment /workdir/hadoop-ozone/integration-test/target/test-dir/MiniOzoneClusterImpl-a51cb6f9-69a9-44ea-bf2b-ac78a0e144b1/datanode-0/data/ratis/dc417312-32e9-43d8-b430-35cf8fd1cb92/current/log_inprogress_0
2019-10-18 13:07:50,953 [pool-406-thread-1] INFO  storage.RaftStorage (RaftStorage.java:format(84)) - Storage directory /workdir/hadoop-ozone/integration-test/target/test-dir/MiniOzoneClusterImpl-a51cb6f9-69a9-44ea-bf2b-ac78a0e144b1/datanode-1/data/ratis/51cd6b5e-29da-4391-87fc-61f4b561e702 has been successfully formatted.
2019-10-18 13:07:50,953 [pool-486-thread-1] INFO  storage.RaftStorage (RaftStorage.java:format(84)) - Storage directory /workdir/hadoop-ozone/integration-test/target/test-dir/MiniOzoneClusterImpl-a51cb6f9-69a9-44ea-bf2b-ac78a0e144b1/datanode-9/data/ratis/51cd6b5e-29da-4391-87fc-61f4b561e702 has been successfully formatted.
2019-10-18 13:07:50,954 [pool-406-thread-1] INFO  ratis.ContainerStateMachine (ContainerStateMachine.java:loadSnapshot(231)) - group-61F4B561E702: The snapshot info is null. Setting the last applied indexto:(t:0, i:~)
2019-10-18 13:07:50,954 [pool-486-thread-1] INFO  ratis.ContainerStateMachine (ContainerStateMachine.java:loadSnapshot(231)) - group-61F4B561E702: The snapshot info is null. Setting the last applied indexto:(t:0, i:~)
2019-10-18 13:07:50,954 [pool-406-thread-1] INFO  server.RaftServerConfigKeys (ConfUtils.java:logGet(43)) - raft.server.notification.no-leader.timeout = 120s (custom)
2019-10-18 13:07:50,954 [pool-486-thread-1] INFO  server.RaftServerConfigKeys (ConfUtils.java:logGet(43)) - raft.server.notification.no-leader.timeout = 120s (custom)
2019-10-18 13:07:50,954 [pool-406-thread-1] INFO  server.RaftServerConfigKeys (ConfUtils.java:logGet(43)) - raft.server.log.use.memory = false (default)
2019-10-18 13:07:50,954 [pool-486-thread-1] INFO  server.RaftServerConfigKeys (ConfUtils.java:logGet(43)) - raft.server.log.use.memory = false (default)
2019-10-18 13:07:50,954 [pool-406-thread-1] INFO  server.RaftServerConfigKeys (ConfUtils.java:logGet(43)) - raft.server.log.purge.gap = 1000000 (custom)
2019-10-18 13:07:50,954 [pool-486-thread-1] INFO  server.RaftServerConfigKeys (ConfUtils.java:logGet(43)) - raft.server.log.purge.gap = 1000000 (custom)
2019-10-18 13:07:50,954 [pool-406-thread-1] INFO  server.RaftServerConfigKeys (ConfUtils.java:logGet(43)) - raft.server.log.appender.buffer.byte-limit = 33554432 (custom)
2019-10-18 13:07:50,954 [pool-486-thread-1] INFO  server.RaftServerConfigKeys (ConfUtils.java:logGet(43)) - raft.server.log.appender.buffer.byte-limit = 33554432 (custom)
2019-10-18 13:07:50,955 [pool-406-thread-1] INFO  server.RaftServerConfigKeys (ConfUtils.java:logGet(43)) - raft.server.log.segment.size.max = 1048576 (custom)
2019-10-18 13:07:50,955 [pool-486-thread-1] INFO  server.RaftServerConfigKeys (ConfUtils.java:logGet(43)) - raft.server.log.segment.size.max = 1048576 (custom)
2019-10-18 13:07:50,957 [pool-406-thread-1] INFO  server.RaftServerConfigKeys (ConfUtils.java:logGet(43)) - raft.server.log.segment.cache.num.max = 2 (custom)
2019-10-18 13:07:50,957 [pool-406-thread-1] INFO  segmented.SegmentedRaftLogWorker (SegmentedRaftLogWorker.java:<init>(173)) - new 0e280119-6e3a-4f2d-a3bb-534f53e1c036@group-61F4B561E702-SegmentedRaftLogWorker for RaftStorage:Storage Directory /workdir/hadoop-ozone/integration-test/target/test-dir/MiniOzoneClusterImpl-a51cb6f9-69a9-44ea-bf2b-ac78a0e144b1/datanode-1/data/ratis/51cd6b5e-29da-4391-87fc-61f4b561e702
2019-10-18 13:07:50,957 [pool-406-thread-1] INFO  server.RaftServerConfigKeys (ConfUtils.java:logGet(43)) - raft.server.log.queue.byte-limit = 2147483647 (custom)
2019-10-18 13:07:50,957 [pool-486-thread-1] INFO  server.RaftServerConfigKeys (ConfUtils.java:logGet(43)) - raft.server.log.segment.cache.num.max = 2 (custom)
2019-10-18 13:07:50,957 [pool-406-thread-1] INFO  server.RaftServerConfigKeys (ConfUtils.java:logGet(43)) - raft.server.log.queue.element-limit = 1024 (custom)
2019-10-18 13:07:50,957 [pool-486-thread-1] INFO  segmented.SegmentedRaftLogWorker (SegmentedRaftLogWorker.java:<init>(173)) - new 7d69770b-3355-4a82-aab2-02db9382227d@group-61F4B561E702-SegmentedRaftLogWorker for RaftStorage:Storage Directory /workdir/hadoop-ozone/integration-test/target/test-dir/MiniOzoneClusterImpl-a51cb6f9-69a9-44ea-bf2b-ac78a0e144b1/datanode-9/data/ratis/51cd6b5e-29da-4391-87fc-61f4b561e702
2019-10-18 13:07:50,958 [pool-406-thread-1] INFO  server.RaftServerConfigKeys (ConfUtils.java:logGet(43)) - raft.server.log.segment.size.max = 1048576 (custom)
2019-10-18 13:07:50,958 [pool-486-thread-1] INFO  server.RaftServerConfigKeys (ConfUtils.java:logGet(43)) - raft.server.log.queue.byte-limit = 2147483647 (custom)
2019-10-18 13:07:50,958 [pool-406-thread-1] INFO  server.RaftServerConfigKeys (ConfUtils.java:logGet(43)) - raft.server.log.preallocated.size = 16384 (custom)
2019-10-18 13:07:50,958 [pool-486-thread-1] INFO  server.RaftServerConfigKeys (ConfUtils.java:logGet(43)) - raft.server.log.queue.element-limit = 1024 (custom)
2019-10-18 13:07:50,958 [pool-406-thread-1] INFO  server.RaftServerConfigKeys (ConfUtils.java:logGet(43)) - raft.server.log.write.buffer.size = 33554432 (custom)
2019-10-18 13:07:50,958 [pool-486-thread-1] INFO  server.RaftServerConfigKeys (ConfUtils.java:logGet(43)) - raft.server.log.segment.size.max = 1048576 (custom)
2019-10-18 13:07:50,958 [pool-406-thread-1] INFO  server.RaftServerConfigKeys (ConfUtils.java:logGet(43)) - raft.server.log.force.sync.num = 128 (default)
2019-10-18 13:07:50,958 [pool-486-thread-1] INFO  server.RaftServerConfigKeys (ConfUtils.java:logGet(43)) - raft.server.log.preallocated.size = 16384 (custom)
2019-10-18 13:07:50,958 [pool-406-thread-1] INFO  server.RaftServerConfigKeys (ConfUtils.java:logGet(43)) - raft.server.log.statemachine.data.sync = true (default)
2019-10-18 13:07:50,958 [pool-486-thread-1] INFO  server.RaftServerConfigKeys (ConfUtils.java:logGet(43)) - raft.server.log.write.buffer.size = 33554432 (custom)
2019-10-18 13:07:50,958 [pool-406-thread-1] INFO  server.RaftServerConfigKeys (ConfUtils.java:logGet(43)) - raft.server.log.statemachine.data.sync.timeout = 10s (default)
2019-10-18 13:07:50,959 [pool-486-thread-1] INFO  server.RaftServerConfigKeys (ConfUtils.java:logGet(43)) - raft.server.log.force.sync.num = 128 (default)
2019-10-18 13:07:50,959 [pool-406-thread-1] INFO  server.RaftServerConfigKeys (ConfUtils.java:logGet(43)) - raft.server.log.statemachine.data.sync.timeout.retry = -1 (default)
2019-10-18 13:07:50,959 [pool-486-thread-1] INFO  server.RaftServerConfigKeys (ConfUtils.java:logGet(43)) - raft.server.log.statemachine.data.sync = true (default)
2019-10-18 13:07:50,959 [pool-486-thread-1] INFO  server.RaftServerConfigKeys (ConfUtils.java:logGet(43)) - raft.server.log.statemachine.data.sync.timeout = 10s (default)
2019-10-18 13:07:50,959 [pool-406-thread-1] INFO  server.RaftServerConfigKeys (ConfUtils.java:logGet(43)) - raft.server.log.statemachine.data.caching.enabled = true (custom)
2019-10-18 13:07:50,959 [pool-486-thread-1] INFO  server.RaftServerConfigKeys (ConfUtils.java:logGet(43)) - raft.server.log.statemachine.data.sync.timeout.retry = -1 (default)
2019-10-18 13:07:50,959 [pool-406-thread-1] INFO  segmented.SegmentedRaftLogWorker (SegmentedRaftLogWorker.java:lambda$new$0(128)) - 0e280119-6e3a-4f2d-a3bb-534f53e1c036@group-61F4B561E702-SegmentedRaftLogWorker: flushIndex: setUnconditionally 0 -> -1
2019-10-18 13:07:50,959 [pool-486-thread-1] INFO  server.RaftServerConfigKeys (ConfUtils.java:logGet(43)) - raft.server.log.statemachine.data.caching.enabled = true (custom)
2019-10-18 13:07:50,960 [pool-406-thread-1] INFO  server.RaftServerConfigKeys (ConfUtils.java:logGet(43)) - raft.server.snapshot.auto.trigger.enabled = true (custom)
2019-10-18 13:07:50,960 [pool-406-thread-1] INFO  server.RaftServerConfigKeys (ConfUtils.java:logGet(43)) - raft.server.snapshot.auto.trigger.threshold = 10000 (custom)
2019-10-18 13:07:50,960 [pool-486-thread-1] INFO  segmented.SegmentedRaftLogWorker (SegmentedRaftLogWorker.java:lambda$new$0(128)) - 7d69770b-3355-4a82-aab2-02db9382227d@group-61F4B561E702-SegmentedRaftLogWorker: flushIndex: setUnconditionally 0 -> -1
2019-10-18 13:07:50,960 [pool-406-thread-1] INFO  server.RaftServerConfigKeys (ConfUtils.java:logGet(43)) - raft.server.snapshot.retention.file.num = 5 (custom)
2019-10-18 13:07:50,960 [pool-406-thread-1] INFO  server.RaftServerConfigKeys (ConfUtils.java:logGet(43)) - raft.server.retrycache.expirytime = 600000ms (custom)
2019-10-18 13:07:50,960 [pool-486-thread-1] INFO  server.RaftServerConfigKeys (ConfUtils.java:logGet(43)) - raft.server.snapshot.auto.trigger.enabled = true (custom)
2019-10-18 13:07:50,960 [pool-486-thread-1] INFO  server.RaftServerConfigKeys (ConfUtils.java:logGet(43)) - raft.server.snapshot.auto.trigger.threshold = 10000 (custom)
2019-10-18 13:07:50,960 [pool-486-thread-1] INFO  server.RaftServerConfigKeys (ConfUtils.java:logGet(43)) - raft.server.snapshot.retention.file.num = 5 (custom)
2019-10-18 13:07:50,960 [pool-486-thread-1] INFO  server.RaftServerConfigKeys (ConfUtils.java:logGet(43)) - raft.server.retrycache.expirytime = 600000ms (custom)
2019-10-18 13:07:50,963 [pool-406-thread-1] INFO  impl.RaftServerImpl (RaftServerImpl.java:start(195)) - 0e280119-6e3a-4f2d-a3bb-534f53e1c036@group-61F4B561E702: start as a follower, conf=-1: [7d69770b-3355-4a82-aab2-02db9382227d:192.168.34.56:33301, f7720aae-b5ab-43ae-a8f0-7922fdbaf311:192.168.34.56:46404, 0e280119-6e3a-4f2d-a3bb-534f53e1c036:192.168.34.56:35105], old=null
2019-10-18 13:07:50,964 [pool-406-thread-1] INFO  impl.RaftServerImpl (RaftServerImpl.java:setRole(184)) - 0e280119-6e3a-4f2d-a3bb-534f53e1c036@group-61F4B561E702: changes role from      null to FOLLOWER at term 0 for startAsFollower
2019-10-18 13:07:50,964 [pool-406-thread-1] INFO  impl.RoleInfo (RoleInfo.java:updateAndGet(143)) - 0e280119-6e3a-4f2d-a3bb-534f53e1c036: start FollowerState
2019-10-18 13:07:50,964 [pool-406-thread-1] INFO  util.JmxRegister (JmxRegister.java:tryRegister(44)) - Successfully registered JMX Bean with object name Ratis:service=RaftServer,group=group-61F4B561E702,id=0e280119-6e3a-4f2d-a3bb-534f53e1c036
2019-10-18 13:07:50,964 [pool-486-thread-1] INFO  impl.RaftServerImpl (RaftServerImpl.java:start(195)) - 7d69770b-3355-4a82-aab2-02db9382227d@group-61F4B561E702: start as a follower, conf=-1: [7d69770b-3355-4a82-aab2-02db9382227d:192.168.34.56:33301, f7720aae-b5ab-43ae-a8f0-7922fdbaf311:192.168.34.56:46404, 0e280119-6e3a-4f2d-a3bb-534f53e1c036:192.168.34.56:35105], old=null
2019-10-18 13:07:50,964 [pool-486-thread-1] INFO  impl.RaftServerImpl (RaftServerImpl.java:setRole(184)) - 7d69770b-3355-4a82-aab2-02db9382227d@group-61F4B561E702: changes role from      null to FOLLOWER at term 0 for startAsFollower
2019-10-18 13:07:50,964 [pool-486-thread-1] INFO  impl.RoleInfo (RoleInfo.java:updateAndGet(143)) - 7d69770b-3355-4a82-aab2-02db9382227d: start FollowerState
2019-10-18 13:07:50,965 [pool-486-thread-1] INFO  util.JmxRegister (JmxRegister.java:tryRegister(44)) - Successfully registered JMX Bean with object name Ratis:service=RaftServer,group=group-61F4B561E702,id=7d69770b-3355-4a82-aab2-02db9382227d
2019-10-18 13:07:51,011 [Thread-6105] INFO  impl.FollowerState (FollowerState.java:run(108)) - 0e280119-6e3a-4f2d-a3bb-534f53e1c036@group-61F4B561E702-FollowerState: change to CANDIDATE, lastRpcTime:47ms, electionTimeout:47ms
2019-10-18 13:07:51,011 [Thread-6105] INFO  impl.RoleInfo (RoleInfo.java:shutdownFollowerState(121)) - 0e280119-6e3a-4f2d-a3bb-534f53e1c036: shutdown FollowerState
2019-10-18 13:07:51,011 [Thread-6105] INFO  impl.RaftServerImpl (RaftServerImpl.java:setRole(184)) - 0e280119-6e3a-4f2d-a3bb-534f53e1c036@group-61F4B561E702: changes role from  FOLLOWER to CANDIDATE at term 0 for changeToCandidate
2019-10-18 13:07:51,011 [Thread-6105] INFO  impl.RoleInfo (RoleInfo.java:updateAndGet(143)) - 0e280119-6e3a-4f2d-a3bb-534f53e1c036: start LeaderElection
2019-10-18 13:07:51,159 [Thread-6106] INFO  impl.FollowerState (FollowerState.java:run(108)) - 7d69770b-3355-4a82-aab2-02db9382227d@group-61F4B561E702-FollowerState: change to CANDIDATE, lastRpcTime:194ms, electionTimeout:194ms
2019-10-18 13:07:51,159 [Thread-6106] INFO  impl.RoleInfo (RoleInfo.java:shutdownFollowerState(121)) - 7d69770b-3355-4a82-aab2-02db9382227d: shutdown FollowerState
2019-10-18 13:07:51,159 [Thread-6106] INFO  impl.RaftServerImpl (RaftServerImpl.java:setRole(184)) - 7d69770b-3355-4a82-aab2-02db9382227d@group-61F4B561E702: changes role from  FOLLOWER to CANDIDATE at term 0 for changeToCandidate
2019-10-18 13:07:51,159 [Thread-6106] INFO  impl.RoleInfo (RoleInfo.java:updateAndGet(143)) - 7d69770b-3355-4a82-aab2-02db9382227d: start LeaderElection
2019-10-18 13:07:51,738 [RATISCREATEPIPELINE1] ERROR pipeline.RatisPipelineProvider (RatisPipelineProvider.java:lambda$null$5(237)) - Failed invoke Ratis rpc org.apache.hadoop.hdds.scm.pipeline.RatisPipelineProvider$$Lambda$197/86944034@658f0d05 for f7720aae-b5ab-43ae-a8f0-7922fdbaf311
org.apache.ratis.protocol.TimeoutIOException: deadline exceeded after 2999770963ns
	at org.apache.ratis.grpc.GrpcUtil.tryUnwrapException(GrpcUtil.java:82)
	at org.apache.ratis.grpc.GrpcUtil.unwrapException(GrpcUtil.java:75)
	at org.apache.ratis.grpc.client.GrpcClientProtocolClient.blockingCall(GrpcClientProtocolClient.java:184)
	at org.apache.ratis.grpc.client.GrpcClientProtocolClient.groupAdd(GrpcClientProtocolClient.java:153)
	at org.apache.ratis.grpc.client.GrpcClientRpc.sendRequest(GrpcClientRpc.java:94)
	at org.apache.ratis.client.impl.RaftClientImpl.sendRequest(RaftClientImpl.java:278)
	at org.apache.ratis.client.impl.RaftClientImpl.groupAdd(RaftClientImpl.java:205)
	at org.apache.hadoop.hdds.scm.pipeline.RatisPipelineProvider.lambda$initializePipeline$4(RatisPipelineProvider.java:198)
	at org.apache.hadoop.hdds.scm.pipeline.RatisPipelineProvider.lambda$null$5(RatisPipelineProvider.java:233)
	at java.util.stream.ForEachOps$ForEachOp$OfRef.accept(ForEachOps.java:183)
	at java.util.ArrayList$ArrayListSpliterator.forEachRemaining(ArrayList.java:1382)
	at java.util.stream.AbstractPipeline.copyInto(AbstractPipeline.java:482)
	at java.util.stream.ForEachOps$ForEachTask.compute(ForEachOps.java:290)
	at java.util.concurrent.CountedCompleter.exec(CountedCompleter.java:731)
	at java.util.concurrent.ForkJoinTask.doExec(ForkJoinTask.java:289)
	at java.util.concurrent.ForkJoinTask.doInvoke(ForkJoinTask.java:401)
	at java.util.concurrent.ForkJoinTask.invoke(ForkJoinTask.java:734)
	at java.util.stream.ForEachOps$ForEachOp.evaluateParallel(ForEachOps.java:159)
	at java.util.stream.ForEachOps$ForEachOp$OfRef.evaluateParallel(ForEachOps.java:173)
	at java.util.stream.AbstractPipeline.evaluate(AbstractPipeline.java:233)
	at java.util.stream.ReferencePipeline.forEach(ReferencePipeline.java:485)
	at java.util.stream.ReferencePipeline$Head.forEach(ReferencePipeline.java:650)
	at org.apache.hadoop.hdds.scm.pipeline.RatisPipelineProvider.lambda$callRatisRpc$6(RatisPipelineProvider.java:227)
	at java.util.concurrent.ForkJoinTask$AdaptedRunnableAction.exec(ForkJoinTask.java:1386)
	at java.util.concurrent.ForkJoinTask.doExec(ForkJoinTask.java:289)
	at java.util.concurrent.ForkJoinPool$WorkQueue.runTask(ForkJoinPool.java:1056)
	at java.util.concurrent.ForkJoinPool.runWorker(ForkJoinPool.java:1692)
	at java.util.concurrent.ForkJoinWorkerThread.run(ForkJoinWorkerThread.java:157)
Caused by: org.apache.ratis.thirdparty.io.grpc.StatusRuntimeException: DEADLINE_EXCEEDED: deadline exceeded after 2999770963ns
	at org.apache.ratis.thirdparty.io.grpc.stub.ClientCalls.toStatusRuntimeException(ClientCalls.java:233)
	at org.apache.ratis.thirdparty.io.grpc.stub.ClientCalls.getUnchecked(ClientCalls.java:214)
	at org.apache.ratis.thirdparty.io.grpc.stub.ClientCalls.blockingUnaryCall(ClientCalls.java:139)
	at org.apache.ratis.proto.grpc.AdminProtocolServiceGrpc$AdminProtocolServiceBlockingStub.groupManagement(AdminProtocolServiceGrpc.java:274)
	at org.apache.ratis.grpc.client.GrpcClientProtocolClient.lambda$groupAdd$3(GrpcClientProtocolClient.java:155)
	at org.apache.ratis.grpc.client.GrpcClientProtocolClient.blockingCall(GrpcClientProtocolClient.java:182)
	... 25 more
2019-10-18 13:07:51,763 [grpc-default-executor-3] INFO  impl.RaftServerProxy (RaftServerProxy.java:addNew(89)) - 0e280119-6e3a-4f2d-a3bb-534f53e1c036: addNew group-9A2401E47D95:[7d69770b-3355-4a82-aab2-02db9382227d:192.168.34.56:33301, f7720aae-b5ab-43ae-a8f0-7922fdbaf311:192.168.34.56:46404, 0e280119-6e3a-4f2d-a3bb-534f53e1c036:192.168.34.56:35105] returns group-9A2401E47D95:java.util.concurrent.CompletableFuture@231c6a8a[Not completed]
2019-10-18 13:07:51,763 [grpc-default-executor-6] INFO  impl.RaftServerProxy (RaftServerProxy.java:addNew(89)) - 7d69770b-3355-4a82-aab2-02db9382227d: addNew group-9A2401E47D95:[7d69770b-3355-4a82-aab2-02db9382227d:192.168.34.56:33301, f7720aae-b5ab-43ae-a8f0-7922fdbaf311:192.168.34.56:46404, 0e280119-6e3a-4f2d-a3bb-534f53e1c036:192.168.34.56:35105] returns group-9A2401E47D95:java.util.concurrent.CompletableFuture@1439fb6d[Not completed]
2019-10-18 13:07:51,763 [grpc-default-executor-5] INFO  impl.RaftServerProxy (RaftServerProxy.java:addNew(89)) - f7720aae-b5ab-43ae-a8f0-7922fdbaf311: addNew group-9A2401E47D95:[7d69770b-3355-4a82-aab2-02db9382227d:192.168.34.56:33301, f7720aae-b5ab-43ae-a8f0-7922fdbaf311:192.168.34.56:46404, 0e280119-6e3a-4f2d-a3bb-534f53e1c036:192.168.34.56:35105] returns group-9A2401E47D95:java.util.concurrent.CompletableFuture@7b9b8585[Not completed]
2019-10-18 13:07:51,764 [pool-486-thread-1] INFO  impl.RaftServerImpl (RaftServerImpl.java:<init>(104)) - 7d69770b-3355-4a82-aab2-02db9382227d: new RaftServerImpl for group-9A2401E47D95:[7d69770b-3355-4a82-aab2-02db9382227d:192.168.34.56:33301, f7720aae-b5ab-43ae-a8f0-7922fdbaf311:192.168.34.56:46404, 0e280119-6e3a-4f2d-a3bb-534f53e1c036:192.168.34.56:35105] with ContainerStateMachine:uninitialized
2019-10-18 13:07:51,765 [pool-486-thread-1] INFO  server.RaftServerConfigKeys (ConfUtils.java:logGet(43)) - raft.server.rpc.timeout.min = 1s (custom)
2019-10-18 13:07:51,765 [pool-406-thread-1] INFO  impl.RaftServerImpl (RaftServerImpl.java:<init>(104)) - 0e280119-6e3a-4f2d-a3bb-534f53e1c036: new RaftServerImpl for group-9A2401E47D95:[7d69770b-3355-4a82-aab2-02db9382227d:192.168.34.56:33301, f7720aae-b5ab-43ae-a8f0-7922fdbaf311:192.168.34.56:46404, 0e280119-6e3a-4f2d-a3bb-534f53e1c036:192.168.34.56:35105] with ContainerStateMachine:uninitialized
2019-10-18 13:07:51,765 [pool-486-thread-1] INFO  server.RaftServerConfigKeys (ConfUtils.java:logGet(43)) - raft.server.rpc.timeout.max = 1200ms (custom)
2019-10-18 13:07:51,765 [pool-406-thread-1] INFO  server.RaftServerConfigKeys (ConfUtils.java:logGet(43)) - raft.server.rpc.timeout.min = 1s (custom)
2019-10-18 13:07:51,765 [pool-406-thread-1] INFO  server.RaftServerConfigKeys (ConfUtils.java:logGet(43)) - raft.server.rpc.timeout.max = 1200ms (custom)
2019-10-18 13:07:51,765 [pool-486-thread-1] INFO  server.RaftServerConfigKeys (ConfUtils.java:logGet(43)) - raft.server.rpcslowness.timeout = 120s (custom)
2019-10-18 13:07:51,765 [pool-406-thread-1] INFO  server.RaftServerConfigKeys (ConfUtils.java:logGet(43)) - raft.server.rpcslowness.timeout = 120s (custom)
2019-10-18 13:07:51,765 [pool-486-thread-1] INFO  server.RaftServerConfigKeys (ConfUtils.java:logGet(43)) - raft.server.sleep.deviation.threshold = 300 (default)
2019-10-18 13:07:51,765 [pool-406-thread-1] INFO  server.RaftServerConfigKeys (ConfUtils.java:logGet(43)) - raft.server.sleep.deviation.threshold = 300 (default)
2019-10-18 13:07:51,765 [pool-486-thread-1] INFO  server.RaftServerConfigKeys (ConfUtils.java:logGet(43)) - raft.server.log.appender.install.snapshot.enabled = false (custom)
2019-10-18 13:07:51,765 [pool-406-thread-1] INFO  server.RaftServerConfigKeys (ConfUtils.java:logGet(43)) - raft.server.log.appender.install.snapshot.enabled = false (custom)
2019-10-18 13:07:51,765 [pool-486-thread-1] INFO  impl.RaftServerImpl (ServerState.java:<init>(103)) - 7d69770b-3355-4a82-aab2-02db9382227d@group-9A2401E47D95: ConfigurationManager, init=-1: [7d69770b-3355-4a82-aab2-02db9382227d:192.168.34.56:33301, f7720aae-b5ab-43ae-a8f0-7922fdbaf311:192.168.34.56:46404, 0e280119-6e3a-4f2d-a3bb-534f53e1c036:192.168.34.56:35105], old=null, confs=<EMPTY_MAP>
2019-10-18 13:07:51,765 [pool-406-thread-1] INFO  impl.RaftServerImpl (ServerState.java:<init>(103)) - 0e280119-6e3a-4f2d-a3bb-534f53e1c036@group-9A2401E47D95: ConfigurationManager, init=-1: [7d69770b-3355-4a82-aab2-02db9382227d:192.168.34.56:33301, f7720aae-b5ab-43ae-a8f0-7922fdbaf311:192.168.34.56:46404, 0e280119-6e3a-4f2d-a3bb-534f53e1c036:192.168.34.56:35105], old=null, confs=<EMPTY_MAP>
2019-10-18 13:07:51,766 [pool-486-thread-1] INFO  server.RaftServerConfigKeys (ConfUtils.java:logGet(43)) - raft.server.storage.dir = [/workdir/hadoop-ozone/integration-test/target/test-dir/MiniOzoneClusterImpl-a51cb6f9-69a9-44ea-bf2b-ac78a0e144b1/datanode-9/data/ratis] (custom)
2019-10-18 13:07:51,766 [pool-406-thread-1] INFO  server.RaftServerConfigKeys (ConfUtils.java:logGet(43)) - raft.server.storage.dir = [/workdir/hadoop-ozone/integration-test/target/test-dir/MiniOzoneClusterImpl-a51cb6f9-69a9-44ea-bf2b-ac78a0e144b1/datanode-1/data/ratis] (custom)
2019-10-18 13:07:51,766 [pool-406-thread-1] INFO  server.RaftServerConfigKeys (ConfUtils.java:logGet(43)) - raft.server.log.corruption.policy = EXCEPTION (default)
2019-10-18 13:07:51,766 [pool-486-thread-1] INFO  server.RaftServerConfigKeys (ConfUtils.java:logGet(43)) - raft.server.log.corruption.policy = EXCEPTION (default)
2019-10-18 13:07:51,766 [pool-406-thread-1] INFO  storage.RaftStorageDirectory (RaftStorageDirectory.java:analyzeStorage(246)) - The storage directory /workdir/hadoop-ozone/integration-test/target/test-dir/MiniOzoneClusterImpl-a51cb6f9-69a9-44ea-bf2b-ac78a0e144b1/datanode-1/data/ratis/56076cc2-019a-40e8-b5da-9a2401e47d95 does not exist. Creating ...
2019-10-18 13:07:51,766 [pool-486-thread-1] INFO  storage.RaftStorageDirectory (RaftStorageDirectory.java:analyzeStorage(246)) - The storage directory /workdir/hadoop-ozone/integration-test/target/test-dir/MiniOzoneClusterImpl-a51cb6f9-69a9-44ea-bf2b-ac78a0e144b1/datanode-9/data/ratis/56076cc2-019a-40e8-b5da-9a2401e47d95 does not exist. Creating ...
2019-10-18 13:07:52,783 [pool-416-thread-1] INFO  storage.RaftStorage (RaftStorage.java:format(84)) - Storage directory /workdir/hadoop-ozone/integration-test/target/test-dir/MiniOzoneClusterImpl-a51cb6f9-69a9-44ea-bf2b-ac78a0e144b1/datanode-2/data/ratis/51cd6b5e-29da-4391-87fc-61f4b561e702 has been successfully formatted.
2019-10-18 13:07:52,784 [pool-416-thread-1] INFO  ratis.ContainerStateMachine (ContainerStateMachine.java:loadSnapshot(231)) - group-61F4B561E702: The snapshot info is null. Setting the last applied indexto:(t:0, i:~)
2019-10-18 13:07:52,784 [pool-416-thread-1] INFO  server.RaftServerConfigKeys (ConfUtils.java:logGet(43)) - raft.server.notification.no-leader.timeout = 120s (custom)
2019-10-18 13:07:52,784 [pool-416-thread-1] INFO  server.RaftServerConfigKeys (ConfUtils.java:logGet(43)) - raft.server.log.use.memory = false (default)
2019-10-18 13:07:52,784 [pool-416-thread-1] INFO  server.RaftServerConfigKeys (ConfUtils.java:logGet(43)) - raft.server.log.purge.gap = 1000000 (custom)
2019-10-18 13:07:52,784 [pool-416-thread-1] INFO  server.RaftServerConfigKeys (ConfUtils.java:logGet(43)) - raft.server.log.appender.buffer.byte-limit = 33554432 (custom)
2019-10-18 13:07:52,785 [pool-416-thread-1] INFO  server.RaftServerConfigKeys (ConfUtils.java:logGet(43)) - raft.server.log.segment.size.max = 1048576 (custom)
2019-10-18 13:07:52,785 [pool-416-thread-1] INFO  server.RaftServerConfigKeys (ConfUtils.java:logGet(43)) - raft.server.log.segment.cache.num.max = 2 (custom)
2019-10-18 13:07:52,785 [pool-416-thread-1] INFO  segmented.SegmentedRaftLogWorker (SegmentedRaftLogWorker.java:<init>(173)) - new f7720aae-b5ab-43ae-a8f0-7922fdbaf311@group-61F4B561E702-SegmentedRaftLogWorker for RaftStorage:Storage Directory /workdir/hadoop-ozone/integration-test/target/test-dir/MiniOzoneClusterImpl-a51cb6f9-69a9-44ea-bf2b-ac78a0e144b1/datanode-2/data/ratis/51cd6b5e-29da-4391-87fc-61f4b561e702
2019-10-18 13:07:52,785 [pool-416-thread-1] INFO  server.RaftServerConfigKeys (ConfUtils.java:logGet(43)) - raft.server.log.queue.byte-limit = 2147483647 (custom)
2019-10-18 13:07:52,785 [pool-416-thread-1] INFO  server.RaftServerConfigKeys (ConfUtils.java:logGet(43)) - raft.server.log.queue.element-limit = 1024 (custom)
2019-10-18 13:07:52,785 [pool-416-thread-1] INFO  server.RaftServerConfigKeys (ConfUtils.java:logGet(43)) - raft.server.log.segment.size.max = 1048576 (custom)
2019-10-18 13:07:52,785 [pool-416-thread-1] INFO  server.RaftServerConfigKeys (ConfUtils.java:logGet(43)) - raft.server.log.preallocated.size = 16384 (custom)
2019-10-18 13:07:52,785 [pool-416-thread-1] INFO  server.RaftServerConfigKeys (ConfUtils.java:logGet(43)) - raft.server.log.write.buffer.size = 33554432 (custom)
2019-10-18 13:07:52,785 [pool-416-thread-1] INFO  server.RaftServerConfigKeys (ConfUtils.java:logGet(43)) - raft.server.log.force.sync.num = 128 (default)
2019-10-18 13:07:52,786 [pool-416-thread-1] INFO  server.RaftServerConfigKeys (ConfUtils.java:logGet(43)) - raft.server.log.statemachine.data.sync = true (default)
2019-10-18 13:07:52,786 [pool-416-thread-1] INFO  server.RaftServerConfigKeys (ConfUtils.java:logGet(43)) - raft.server.log.statemachine.data.sync.timeout = 10s (default)
2019-10-18 13:07:52,786 [pool-416-thread-1] INFO  server.RaftServerConfigKeys (ConfUtils.java:logGet(43)) - raft.server.log.statemachine.data.sync.timeout.retry = -1 (default)
2019-10-18 13:07:52,786 [pool-416-thread-1] INFO  server.RaftServerConfigKeys (ConfUtils.java:logGet(43)) - raft.server.log.statemachine.data.caching.enabled = true (custom)
2019-10-18 13:07:52,786 [pool-416-thread-1] INFO  segmented.SegmentedRaftLogWorker (SegmentedRaftLogWorker.java:lambda$new$0(128)) - f7720aae-b5ab-43ae-a8f0-7922fdbaf311@group-61F4B561E702-SegmentedRaftLogWorker: flushIndex: setUnconditionally 0 -> -1
2019-10-18 13:07:52,787 [pool-416-thread-1] INFO  server.RaftServerConfigKeys (ConfUtils.java:logGet(43)) - raft.server.snapshot.auto.trigger.enabled = true (custom)
2019-10-18 13:07:52,787 [pool-416-thread-1] INFO  server.RaftServerConfigKeys (ConfUtils.java:logGet(43)) - raft.server.snapshot.auto.trigger.threshold = 10000 (custom)
2019-10-18 13:07:52,787 [pool-416-thread-1] INFO  server.RaftServerConfigKeys (ConfUtils.java:logGet(43)) - raft.server.snapshot.retention.file.num = 5 (custom)
2019-10-18 13:07:52,787 [pool-416-thread-1] INFO  server.RaftServerConfigKeys (ConfUtils.java:logGet(43)) - raft.server.retrycache.expirytime = 600000ms (custom)
2019-10-18 13:07:52,789 [pool-416-thread-1] INFO  impl.RaftServerImpl (RaftServerImpl.java:start(195)) - f7720aae-b5ab-43ae-a8f0-7922fdbaf311@group-D618D0709976: start as a follower, conf=-1: [f7720aae-b5ab-43ae-a8f0-7922fdbaf311:192.168.34.56:46404], old=null
2019-10-18 13:07:52,789 [pool-416-thread-1] INFO  impl.RaftServerImpl (RaftServerImpl.java:setRole(184)) - f7720aae-b5ab-43ae-a8f0-7922fdbaf311@group-D618D0709976: changes role from      null to FOLLOWER at term 0 for startAsFollower
2019-10-18 13:07:52,789 [pool-416-thread-1] INFO  impl.RoleInfo (RoleInfo.java:updateAndGet(143)) - f7720aae-b5ab-43ae-a8f0-7922fdbaf311: start FollowerState
2019-10-18 13:07:52,789 [pool-416-thread-1] INFO  util.JmxRegister (JmxRegister.java:tryRegister(44)) - Successfully registered JMX Bean with object name Ratis:service=RaftServer,group=group-D618D0709976,id=f7720aae-b5ab-43ae-a8f0-7922fdbaf311
2019-10-18 13:07:52,792 [pool-416-thread-1] INFO  impl.RaftServerImpl (RaftServerImpl.java:<init>(104)) - f7720aae-b5ab-43ae-a8f0-7922fdbaf311: new RaftServerImpl for group-104DF360A9D0:[f7720aae-b5ab-43ae-a8f0-7922fdbaf311:192.168.34.56:46404] with ContainerStateMachine:uninitialized
2019-10-18 13:07:52,792 [pool-416-thread-1] INFO  server.RaftServerConfigKeys (ConfUtils.java:logGet(43)) - raft.server.rpc.timeout.min = 1s (custom)
2019-10-18 13:07:52,792 [pool-416-thread-1] INFO  server.RaftServerConfigKeys (ConfUtils.java:logGet(43)) - raft.server.rpc.timeout.max = 1200ms (custom)
2019-10-18 13:07:52,792 [pool-416-thread-1] INFO  server.RaftServerConfigKeys (ConfUtils.java:logGet(43)) - raft.server.rpcslowness.timeout = 120s (custom)
2019-10-18 13:07:52,792 [pool-416-thread-1] INFO  server.RaftServerConfigKeys (ConfUtils.java:logGet(43)) - raft.server.sleep.deviation.threshold = 300 (default)
2019-10-18 13:07:52,793 [pool-416-thread-1] INFO  server.RaftServerConfigKeys (ConfUtils.java:logGet(43)) - raft.server.log.appender.install.snapshot.enabled = false (custom)
2019-10-18 13:07:52,793 [pool-416-thread-1] INFO  impl.RaftServerImpl (ServerState.java:<init>(103)) - f7720aae-b5ab-43ae-a8f0-7922fdbaf311@group-104DF360A9D0: ConfigurationManager, init=-1: [f7720aae-b5ab-43ae-a8f0-7922fdbaf311:192.168.34.56:46404], old=null, confs=<EMPTY_MAP>
2019-10-18 13:07:52,793 [pool-416-thread-1] INFO  server.RaftServerConfigKeys (ConfUtils.java:logGet(43)) - raft.server.storage.dir = [/workdir/hadoop-ozone/integration-test/target/test-dir/MiniOzoneClusterImpl-a51cb6f9-69a9-44ea-bf2b-ac78a0e144b1/datanode-2/data/ratis] (custom)
2019-10-18 13:07:52,793 [pool-416-thread-1] INFO  server.RaftServerConfigKeys (ConfUtils.java:logGet(43)) - raft.server.log.corruption.policy = EXCEPTION (default)
2019-10-18 13:07:52,793 [pool-416-thread-1] INFO  storage.RaftStorageDirectory (RaftStorageDirectory.java:analyzeStorage(246)) - The storage directory /workdir/hadoop-ozone/integration-test/target/test-dir/MiniOzoneClusterImpl-a51cb6f9-69a9-44ea-bf2b-ac78a0e144b1/datanode-2/data/ratis/d84a875c-78ba-48d6-a4ce-104df360a9d0 does not exist. Creating ...
2019-10-18 13:07:52,953 [Thread-6112] INFO  impl.FollowerState (FollowerState.java:run(108)) - f7720aae-b5ab-43ae-a8f0-7922fdbaf311@group-D618D0709976-FollowerState: change to CANDIDATE, lastRpcTime:164ms, electionTimeout:164ms
2019-10-18 13:07:52,954 [Thread-6112] INFO  impl.RoleInfo (RoleInfo.java:shutdownFollowerState(121)) - f7720aae-b5ab-43ae-a8f0-7922fdbaf311: shutdown FollowerState
2019-10-18 13:07:52,954 [Thread-6112] INFO  impl.RaftServerImpl (RaftServerImpl.java:setRole(184)) - f7720aae-b5ab-43ae-a8f0-7922fdbaf311@group-D618D0709976: changes role from  FOLLOWER to CANDIDATE at term 0 for changeToCandidate
2019-10-18 13:07:52,954 [Thread-6112] INFO  impl.RoleInfo (RoleInfo.java:updateAndGet(143)) - f7720aae-b5ab-43ae-a8f0-7922fdbaf311: start LeaderElection
2019-10-18 13:07:53,917 [7d69770b-3355-4a82-aab2-02db9382227d@group-61F4B561E702-LeaderElection615] INFO  impl.LeaderElection (LeaderElection.java:askForVotes(178)) - 7d69770b-3355-4a82-aab2-02db9382227d@group-61F4B561E702-LeaderElection615: begin an election at term 1 for -1: [7d69770b-3355-4a82-aab2-02db9382227d:192.168.34.56:33301, f7720aae-b5ab-43ae-a8f0-7922fdbaf311:192.168.34.56:46404, 0e280119-6e3a-4f2d-a3bb-534f53e1c036:192.168.34.56:35105], old=null
2019-10-18 13:07:53,917 [0e280119-6e3a-4f2d-a3bb-534f53e1c036@group-61F4B561E702-LeaderElection614] INFO  impl.LeaderElection (LeaderElection.java:askForVotes(178)) - 0e280119-6e3a-4f2d-a3bb-534f53e1c036@group-61F4B561E702-LeaderElection614: begin an election at term 1 for -1: [7d69770b-3355-4a82-aab2-02db9382227d:192.168.34.56:33301, f7720aae-b5ab-43ae-a8f0-7922fdbaf311:192.168.34.56:46404, 0e280119-6e3a-4f2d-a3bb-534f53e1c036:192.168.34.56:35105], old=null
2019-10-18 13:07:53,921 [grpc-default-executor-1] WARN  server.GrpcServerProtocolService (LogUtils.java:warn(134)) - f7720aae-b5ab-43ae-a8f0-7922fdbaf311: Failed requestVote 0e280119-6e3a-4f2d-a3bb-534f53e1c036->f7720aae-b5ab-43ae-a8f0-7922fdbaf311#0: org.apache.ratis.protocol.ServerNotReadyException: f7720aae-b5ab-43ae-a8f0-7922fdbaf311@group-61F4B561E702 is not in [RUNNING]: current state is NEW
2019-10-18 13:07:53,923 [grpc-default-executor-6] WARN  server.GrpcServerProtocolService (LogUtils.java:warn(134)) - f7720aae-b5ab-43ae-a8f0-7922fdbaf311: Failed requestVote 7d69770b-3355-4a82-aab2-02db9382227d->f7720aae-b5ab-43ae-a8f0-7922fdbaf311#0: org.apache.ratis.protocol.ServerNotReadyException: f7720aae-b5ab-43ae-a8f0-7922fdbaf311@group-61F4B561E702 is not in [RUNNING]: current state is NEW
2019-10-18 13:07:53,925 [0e280119-6e3a-4f2d-a3bb-534f53e1c036@group-61F4B561E702-LeaderElection614] INFO  impl.LeaderElection (LogUtils.java:infoOrTrace(149)) - 0e280119-6e3a-4f2d-a3bb-534f53e1c036@group-61F4B561E702-LeaderElection614 got exception when requesting votes: {}
java.util.concurrent.ExecutionException: org.apache.ratis.thirdparty.io.grpc.StatusRuntimeException: INTERNAL: f7720aae-b5ab-43ae-a8f0-7922fdbaf311@group-61F4B561E702 is not in [RUNNING]: current state is NEW
	at java.util.concurrent.FutureTask.report(FutureTask.java:122)
	at java.util.concurrent.FutureTask.get(FutureTask.java:192)
	at org.apache.ratis.server.impl.LeaderElection.waitForResults(LeaderElection.java:259)
	at org.apache.ratis.server.impl.LeaderElection.askForVotes(LeaderElection.java:197)
	at org.apache.ratis.server.impl.LeaderElection.run(LeaderElection.java:133)
	at java.lang.Thread.run(Thread.java:748)
Caused by: org.apache.ratis.thirdparty.io.grpc.StatusRuntimeException: INTERNAL: f7720aae-b5ab-43ae-a8f0-7922fdbaf311@group-61F4B561E702 is not in [RUNNING]: current state is NEW
	at org.apache.ratis.thirdparty.io.grpc.stub.ClientCalls.toStatusRuntimeException(ClientCalls.java:233)
	at org.apache.ratis.thirdparty.io.grpc.stub.ClientCalls.getUnchecked(ClientCalls.java:214)
	at org.apache.ratis.thirdparty.io.grpc.stub.ClientCalls.blockingUnaryCall(ClientCalls.java:139)
	at org.apache.ratis.proto.grpc.RaftServerProtocolServiceGrpc$RaftServerProtocolServiceBlockingStub.requestVote(RaftServerProtocolServiceGrpc.java:265)
	at org.apache.ratis.grpc.server.GrpcServerProtocolClient.requestVote(GrpcServerProtocolClient.java:99)
	at org.apache.ratis.grpc.server.GrpcService.requestVote(GrpcService.java:204)
	at org.apache.ratis.server.impl.LeaderElection.lambda$submitRequests$1(LeaderElection.java:234)
	at java.util.concurrent.FutureTask.run(FutureTask.java:266)
	at java.util.concurrent.Executors$RunnableAdapter.call(Executors.java:511)
	at java.util.concurrent.FutureTask.run(FutureTask.java:266)
	at java.util.concurrent.ThreadPoolExecutor.runWorker(ThreadPoolExecutor.java:1149)
	at java.util.concurrent.ThreadPoolExecutor$Worker.run(ThreadPoolExecutor.java:624)
	... 1 more
2019-10-18 13:07:53,926 [0e280119-6e3a-4f2d-a3bb-534f53e1c036@group-61F4B561E702-LeaderElection614] INFO  impl.LeaderElection (LeaderElection.java:logAndReturn(56)) - 0e280119-6e3a-4f2d-a3bb-534f53e1c036@group-61F4B561E702-LeaderElection614: Election REJECTED; received 1 response(s) [0e280119-6e3a-4f2d-a3bb-534f53e1c036<-7d69770b-3355-4a82-aab2-02db9382227d#0:FAIL-t1] and 1 exception(s); 0e280119-6e3a-4f2d-a3bb-534f53e1c036@group-61F4B561E702:t1, leader=null, voted=0e280119-6e3a-4f2d-a3bb-534f53e1c036, raftlog=0e280119-6e3a-4f2d-a3bb-534f53e1c036@group-61F4B561E702-SegmentedRaftLog:OPENED:c-1,f-1,i0, conf=-1: [7d69770b-3355-4a82-aab2-02db9382227d:192.168.34.56:33301, f7720aae-b5ab-43ae-a8f0-7922fdbaf311:192.168.34.56:46404, 0e280119-6e3a-4f2d-a3bb-534f53e1c036:192.168.34.56:35105], old=null
2019-10-18 13:07:53,926 [0e280119-6e3a-4f2d-a3bb-534f53e1c036@group-61F4B561E702-LeaderElection614] INFO  impl.LeaderElection (LogUtils.java:infoOrTrace(149)) -   Exception 0: {}
java.util.concurrent.ExecutionException: org.apache.ratis.thirdparty.io.grpc.StatusRuntimeException: INTERNAL: f7720aae-b5ab-43ae-a8f0-7922fdbaf311@group-61F4B561E702 is not in [RUNNING]: current state is NEW
	at java.util.concurrent.FutureTask.report(FutureTask.java:122)
	at java.util.concurrent.FutureTask.get(FutureTask.java:192)
	at org.apache.ratis.server.impl.LeaderElection.waitForResults(LeaderElection.java:259)
	at org.apache.ratis.server.impl.LeaderElection.askForVotes(LeaderElection.java:197)
	at org.apache.ratis.server.impl.LeaderElection.run(LeaderElection.java:133)
	at java.lang.Thread.run(Thread.java:748)
Caused by: org.apache.ratis.thirdparty.io.grpc.StatusRuntimeException: INTERNAL: f7720aae-b5ab-43ae-a8f0-7922fdbaf311@group-61F4B561E702 is not in [RUNNING]: current state is NEW
	at org.apache.ratis.thirdparty.io.grpc.stub.ClientCalls.toStatusRuntimeException(ClientCalls.java:233)
	at org.apache.ratis.thirdparty.io.grpc.stub.ClientCalls.getUnchecked(ClientCalls.java:214)
	at org.apache.ratis.thirdparty.io.grpc.stub.ClientCalls.blockingUnaryCall(ClientCalls.java:139)
	at org.apache.ratis.proto.grpc.RaftServerProtocolServiceGrpc$RaftServerProtocolServiceBlockingStub.requestVote(RaftServerProtocolServiceGrpc.java:265)
	at org.apache.ratis.grpc.server.GrpcServerProtocolClient.requestVote(GrpcServerProtocolClient.java:99)
	at org.apache.ratis.grpc.server.GrpcService.requestVote(GrpcService.java:204)
	at org.apache.ratis.server.impl.LeaderElection.lambda$submitRequests$1(LeaderElection.java:234)
	at java.util.concurrent.FutureTask.run(FutureTask.java:266)
	at java.util.concurrent.Executors$RunnableAdapter.call(Executors.java:511)
	at java.util.concurrent.FutureTask.run(FutureTask.java:266)
	at java.util.concurrent.ThreadPoolExecutor.runWorker(ThreadPoolExecutor.java:1149)
	at java.util.concurrent.ThreadPoolExecutor$Worker.run(ThreadPoolExecutor.java:624)
	... 1 more
2019-10-18 13:07:53,926 [0e280119-6e3a-4f2d-a3bb-534f53e1c036@group-61F4B561E702-LeaderElection614] INFO  impl.RaftServerImpl (RaftServerImpl.java:setRole(184)) - 0e280119-6e3a-4f2d-a3bb-534f53e1c036@group-61F4B561E702: changes role from CANDIDATE to FOLLOWER at term 1 for DISCOVERED_A_NEW_TERM
2019-10-18 13:07:53,926 [0e280119-6e3a-4f2d-a3bb-534f53e1c036@group-61F4B561E702-LeaderElection614] INFO  impl.RoleInfo (RoleInfo.java:shutdownLeaderElection(134)) - 0e280119-6e3a-4f2d-a3bb-534f53e1c036: shutdown LeaderElection
2019-10-18 13:07:53,926 [0e280119-6e3a-4f2d-a3bb-534f53e1c036@group-61F4B561E702-LeaderElection614] INFO  impl.RoleInfo (RoleInfo.java:updateAndGet(143)) - 0e280119-6e3a-4f2d-a3bb-534f53e1c036: start FollowerState
2019-10-18 13:07:53,927 [7d69770b-3355-4a82-aab2-02db9382227d@group-61F4B561E702-LeaderElection615] INFO  impl.LeaderElection (LogUtils.java:infoOrTrace(149)) - 7d69770b-3355-4a82-aab2-02db9382227d@group-61F4B561E702-LeaderElection615 got exception when requesting votes: {}
java.util.concurrent.ExecutionException: org.apache.ratis.thirdparty.io.grpc.StatusRuntimeException: INTERNAL: f7720aae-b5ab-43ae-a8f0-7922fdbaf311@group-61F4B561E702 is not in [RUNNING]: current state is NEW
	at java.util.concurrent.FutureTask.report(FutureTask.java:122)
	at java.util.concurrent.FutureTask.get(FutureTask.java:192)
	at org.apache.ratis.server.impl.LeaderElection.waitForResults(LeaderElection.java:259)
	at org.apache.ratis.server.impl.LeaderElection.askForVotes(LeaderElection.java:197)
	at org.apache.ratis.server.impl.LeaderElection.run(LeaderElection.java:133)
	at java.lang.Thread.run(Thread.java:748)
Caused by: org.apache.ratis.thirdparty.io.grpc.StatusRuntimeException: INTERNAL: f7720aae-b5ab-43ae-a8f0-7922fdbaf311@group-61F4B561E702 is not in [RUNNING]: current state is NEW
	at org.apache.ratis.thirdparty.io.grpc.stub.ClientCalls.toStatusRuntimeException(ClientCalls.java:233)
	at org.apache.ratis.thirdparty.io.grpc.stub.ClientCalls.getUnchecked(ClientCalls.java:214)
	at org.apache.ratis.thirdparty.io.grpc.stub.ClientCalls.blockingUnaryCall(ClientCalls.java:139)
	at org.apache.ratis.proto.grpc.RaftServerProtocolServiceGrpc$RaftServerProtocolServiceBlockingStub.requestVote(RaftServerProtocolServiceGrpc.java:265)
	at org.apache.ratis.grpc.server.GrpcServerProtocolClient.requestVote(GrpcServerProtocolClient.java:99)
	at org.apache.ratis.grpc.server.GrpcService.requestVote(GrpcService.java:204)
	at org.apache.ratis.server.impl.LeaderElection.lambda$submitRequests$1(LeaderElection.java:234)
	at java.util.concurrent.FutureTask.run(FutureTask.java:266)
	at java.util.concurrent.Executors$RunnableAdapter.call(Executors.java:511)
	at java.util.concurrent.FutureTask.run(FutureTask.java:266)
	at java.util.concurrent.ThreadPoolExecutor.runWorker(ThreadPoolExecutor.java:1149)
	at java.util.concurrent.ThreadPoolExecutor$Worker.run(ThreadPoolExecutor.java:624)
	... 1 more
2019-10-18 13:07:53,927 [7d69770b-3355-4a82-aab2-02db9382227d@group-61F4B561E702-LeaderElection615] INFO  impl.LeaderElection (LeaderElection.java:logAndReturn(56)) - 7d69770b-3355-4a82-aab2-02db9382227d@group-61F4B561E702-LeaderElection615: Election REJECTED; received 1 response(s) [7d69770b-3355-4a82-aab2-02db9382227d<-0e280119-6e3a-4f2d-a3bb-534f53e1c036#0:FAIL-t1] and 1 exception(s); 7d69770b-3355-4a82-aab2-02db9382227d@group-61F4B561E702:t1, leader=null, voted=7d69770b-3355-4a82-aab2-02db9382227d, raftlog=7d69770b-3355-4a82-aab2-02db9382227d@group-61F4B561E702-SegmentedRaftLog:OPENED:c-1,f-1,i0, conf=-1: [7d69770b-3355-4a82-aab2-02db9382227d:192.168.34.56:33301, f7720aae-b5ab-43ae-a8f0-7922fdbaf311:192.168.34.56:46404, 0e280119-6e3a-4f2d-a3bb-534f53e1c036:192.168.34.56:35105], old=null
2019-10-18 13:07:53,927 [7d69770b-3355-4a82-aab2-02db9382227d@group-61F4B561E702-LeaderElection615] INFO  impl.LeaderElection (LogUtils.java:infoOrTrace(149)) -   Exception 0: {}
java.util.concurrent.ExecutionException: org.apache.ratis.thirdparty.io.grpc.StatusRuntimeException: INTERNAL: f7720aae-b5ab-43ae-a8f0-7922fdbaf311@group-61F4B561E702 is not in [RUNNING]: current state is NEW
	at java.util.concurrent.FutureTask.report(FutureTask.java:122)
	at java.util.concurrent.FutureTask.get(FutureTask.java:192)
	at org.apache.ratis.server.impl.LeaderElection.waitForResults(LeaderElection.java:259)
	at org.apache.ratis.server.impl.LeaderElection.askForVotes(LeaderElection.java:197)
	at org.apache.ratis.server.impl.LeaderElection.run(LeaderElection.java:133)
	at java.lang.Thread.run(Thread.java:748)
Caused by: org.apache.ratis.thirdparty.io.grpc.StatusRuntimeException: INTERNAL: f7720aae-b5ab-43ae-a8f0-7922fdbaf311@group-61F4B561E702 is not in [RUNNING]: current state is NEW
	at org.apache.ratis.thirdparty.io.grpc.stub.ClientCalls.toStatusRuntimeException(ClientCalls.java:233)
	at org.apache.ratis.thirdparty.io.grpc.stub.ClientCalls.getUnchecked(ClientCalls.java:214)
	at org.apache.ratis.thirdparty.io.grpc.stub.ClientCalls.blockingUnaryCall(ClientCalls.java:139)
	at org.apache.ratis.proto.grpc.RaftServerProtocolServiceGrpc$RaftServerProtocolServiceBlockingStub.requestVote(RaftServerProtocolServiceGrpc.java:265)
	at org.apache.ratis.grpc.server.GrpcServerProtocolClient.requestVote(GrpcServerProtocolClient.java:99)
	at org.apache.ratis.grpc.server.GrpcService.requestVote(GrpcService.java:204)
	at org.apache.ratis.server.impl.LeaderElection.lambda$submitRequests$1(LeaderElection.java:234)
	at java.util.concurrent.FutureTask.run(FutureTask.java:266)
	at java.util.concurrent.Executors$RunnableAdapter.call(Executors.java:511)
	at java.util.concurrent.FutureTask.run(FutureTask.java:266)
	at java.util.concurrent.ThreadPoolExecutor.runWorker(ThreadPoolExecutor.java:1149)
	at java.util.concurrent.ThreadPoolExecutor$Worker.run(ThreadPoolExecutor.java:624)
	... 1 more
2019-10-18 13:07:53,927 [7d69770b-3355-4a82-aab2-02db9382227d@group-61F4B561E702-LeaderElection615] INFO  impl.RaftServerImpl (RaftServerImpl.java:setRole(184)) - 7d69770b-3355-4a82-aab2-02db9382227d@group-61F4B561E702: changes role from CANDIDATE to FOLLOWER at term 1 for DISCOVERED_A_NEW_TERM
2019-10-18 13:07:53,928 [7d69770b-3355-4a82-aab2-02db9382227d@group-61F4B561E702-LeaderElection615] INFO  impl.RoleInfo (RoleInfo.java:shutdownLeaderElection(134)) - 7d69770b-3355-4a82-aab2-02db9382227d: shutdown LeaderElection
2019-10-18 13:07:53,928 [7d69770b-3355-4a82-aab2-02db9382227d@group-61F4B561E702-LeaderElection615] INFO  impl.RoleInfo (RoleInfo.java:updateAndGet(143)) - 7d69770b-3355-4a82-aab2-02db9382227d: start FollowerState
2019-10-18 13:07:54,012 [Thread-6120] INFO  impl.FollowerState (FollowerState.java:run(108)) - 7d69770b-3355-4a82-aab2-02db9382227d@group-61F4B561E702-FollowerState: change to CANDIDATE, lastRpcTime:84ms, electionTimeout:84ms
2019-10-18 13:07:54,012 [Thread-6120] INFO  impl.RoleInfo (RoleInfo.java:shutdownFollowerState(121)) - 7d69770b-3355-4a82-aab2-02db9382227d: shutdown FollowerState
2019-10-18 13:07:54,013 [Thread-6120] INFO  impl.RaftServerImpl (RaftServerImpl.java:setRole(184)) - 7d69770b-3355-4a82-aab2-02db9382227d@group-61F4B561E702: changes role from  FOLLOWER to CANDIDATE at term 1 for changeToCandidate
2019-10-18 13:07:54,013 [Thread-6120] INFO  impl.RoleInfo (RoleInfo.java:updateAndGet(143)) - 7d69770b-3355-4a82-aab2-02db9382227d: start LeaderElection
2019-10-18 13:07:54,013 [Thread-6119] INFO  impl.FollowerState (FollowerState.java:run(108)) - 0e280119-6e3a-4f2d-a3bb-534f53e1c036@group-61F4B561E702-FollowerState: change to CANDIDATE, lastRpcTime:87ms, electionTimeout:87ms
2019-10-18 13:07:54,014 [Thread-6119] INFO  impl.RoleInfo (RoleInfo.java:shutdownFollowerState(121)) - 0e280119-6e3a-4f2d-a3bb-534f53e1c036: shutdown FollowerState
2019-10-18 13:07:54,014 [Thread-6119] INFO  impl.RaftServerImpl (RaftServerImpl.java:setRole(184)) - 0e280119-6e3a-4f2d-a3bb-534f53e1c036@group-61F4B561E702: changes role from  FOLLOWER to CANDIDATE at term 1 for changeToCandidate
2019-10-18 13:07:54,014 [Thread-6119] INFO  impl.RoleInfo (RoleInfo.java:updateAndGet(143)) - 0e280119-6e3a-4f2d-a3bb-534f53e1c036: start LeaderElection
2019-10-18 13:07:54,755 [RATISCREATEPIPELINE1] ERROR pipeline.RatisPipelineProvider (RatisPipelineProvider.java:lambda$null$5(237)) - Failed invoke Ratis rpc org.apache.hadoop.hdds.scm.pipeline.RatisPipelineProvider$$Lambda$197/86944034@b8f9417 for 7d69770b-3355-4a82-aab2-02db9382227d
org.apache.ratis.protocol.TimeoutIOException: deadline exceeded after 2999740238ns
	at org.apache.ratis.grpc.GrpcUtil.tryUnwrapException(GrpcUtil.java:82)
	at org.apache.ratis.grpc.GrpcUtil.unwrapException(GrpcUtil.java:75)
	at org.apache.ratis.grpc.client.GrpcClientProtocolClient.blockingCall(GrpcClientProtocolClient.java:184)
	at org.apache.ratis.grpc.client.GrpcClientProtocolClient.groupAdd(GrpcClientProtocolClient.java:153)
	at org.apache.ratis.grpc.client.GrpcClientRpc.sendRequest(GrpcClientRpc.java:94)
	at org.apache.ratis.client.impl.RaftClientImpl.sendRequest(RaftClientImpl.java:278)
	at org.apache.ratis.client.impl.RaftClientImpl.groupAdd(RaftClientImpl.java:205)
	at org.apache.hadoop.hdds.scm.pipeline.RatisPipelineProvider.lambda$initializePipeline$4(RatisPipelineProvider.java:198)
	at org.apache.hadoop.hdds.scm.pipeline.RatisPipelineProvider.lambda$null$5(RatisPipelineProvider.java:233)
	at java.util.stream.ForEachOps$ForEachOp$OfRef.accept(ForEachOps.java:183)
	at java.util.ArrayList$ArrayListSpliterator.forEachRemaining(ArrayList.java:1382)
	at java.util.stream.AbstractPipeline.copyInto(AbstractPipeline.java:482)
	at java.util.stream.ForEachOps$ForEachTask.compute(ForEachOps.java:290)
	at java.util.concurrent.CountedCompleter.exec(CountedCompleter.java:731)
	at java.util.concurrent.ForkJoinTask.doExec(ForkJoinTask.java:289)
	at java.util.concurrent.ForkJoinTask.doInvoke(ForkJoinTask.java:401)
	at java.util.concurrent.ForkJoinTask.invoke(ForkJoinTask.java:734)
	at java.util.stream.ForEachOps$ForEachOp.evaluateParallel(ForEachOps.java:159)
	at java.util.stream.ForEachOps$ForEachOp$OfRef.evaluateParallel(ForEachOps.java:173)
	at java.util.stream.AbstractPipeline.evaluate(AbstractPipeline.java:233)
	at java.util.stream.ReferencePipeline.forEach(ReferencePipeline.java:485)
	at java.util.stream.ReferencePipeline$Head.forEach(ReferencePipeline.java:650)
	at org.apache.hadoop.hdds.scm.pipeline.RatisPipelineProvider.lambda$callRatisRpc$6(RatisPipelineProvider.java:227)
	at java.util.concurrent.ForkJoinTask$AdaptedRunnableAction.exec(ForkJoinTask.java:1386)
	at java.util.concurrent.ForkJoinTask.doExec(ForkJoinTask.java:289)
	at java.util.concurrent.ForkJoinPool$WorkQueue.runTask(ForkJoinPool.java:1056)
	at java.util.concurrent.ForkJoinPool.runWorker(ForkJoinPool.java:1692)
	at java.util.concurrent.ForkJoinWorkerThread.run(ForkJoinWorkerThread.java:157)
Caused by: org.apache.ratis.thirdparty.io.grpc.StatusRuntimeException: DEADLINE_EXCEEDED: deadline exceeded after 2999740238ns
	at org.apache.ratis.thirdparty.io.grpc.stub.ClientCalls.toStatusRuntimeException(ClientCalls.java:233)
	at org.apache.ratis.thirdparty.io.grpc.stub.ClientCalls.getUnchecked(ClientCalls.java:214)
	at org.apache.ratis.thirdparty.io.grpc.stub.ClientCalls.blockingUnaryCall(ClientCalls.java:139)
	at org.apache.ratis.proto.grpc.AdminProtocolServiceGrpc$AdminProtocolServiceBlockingStub.groupManagement(AdminProtocolServiceGrpc.java:274)
	at org.apache.ratis.grpc.client.GrpcClientProtocolClient.lambda$groupAdd$3(GrpcClientProtocolClient.java:155)
	at org.apache.ratis.grpc.client.GrpcClientProtocolClient.blockingCall(GrpcClientProtocolClient.java:182)
	... 25 more
2019-10-18 13:07:54,755 [RATISCREATEPIPELINE2] ERROR pipeline.RatisPipelineProvider (RatisPipelineProvider.java:lambda$null$5(237)) - Failed invoke Ratis rpc org.apache.hadoop.hdds.scm.pipeline.RatisPipelineProvider$$Lambda$197/86944034@b8f9417 for 0e280119-6e3a-4f2d-a3bb-534f53e1c036
org.apache.ratis.protocol.TimeoutIOException: deadline exceeded after 2999666342ns
	at org.apache.ratis.grpc.GrpcUtil.tryUnwrapException(GrpcUtil.java:82)
	at org.apache.ratis.grpc.GrpcUtil.unwrapException(GrpcUtil.java:75)
	at org.apache.ratis.grpc.client.GrpcClientProtocolClient.blockingCall(GrpcClientProtocolClient.java:184)
	at org.apache.ratis.grpc.client.GrpcClientProtocolClient.groupAdd(GrpcClientProtocolClient.java:153)
	at org.apache.ratis.grpc.client.GrpcClientRpc.sendRequest(GrpcClientRpc.java:94)
	at org.apache.ratis.client.impl.RaftClientImpl.sendRequest(RaftClientImpl.java:278)
	at org.apache.ratis.client.impl.RaftClientImpl.groupAdd(RaftClientImpl.java:205)
	at org.apache.hadoop.hdds.scm.pipeline.RatisPipelineProvider.lambda$initializePipeline$4(RatisPipelineProvider.java:198)
	at org.apache.hadoop.hdds.scm.pipeline.RatisPipelineProvider.lambda$null$5(RatisPipelineProvider.java:233)
	at java.util.stream.ForEachOps$ForEachOp$OfRef.accept(ForEachOps.java:183)
	at java.util.ArrayList$ArrayListSpliterator.forEachRemaining(ArrayList.java:1382)
	at java.util.stream.AbstractPipeline.copyInto(AbstractPipeline.java:482)
	at java.util.stream.ForEachOps$ForEachTask.compute(ForEachOps.java:290)
	at java.util.concurrent.CountedCompleter.exec(CountedCompleter.java:731)
	at java.util.concurrent.ForkJoinTask.doExec(ForkJoinTask.java:289)
	at java.util.concurrent.ForkJoinPool$WorkQueue.runTask(ForkJoinPool.java:1056)
	at java.util.concurrent.ForkJoinPool.runWorker(ForkJoinPool.java:1692)
	at java.util.concurrent.ForkJoinWorkerThread.run(ForkJoinWorkerThread.java:157)
Caused by: org.apache.ratis.thirdparty.io.grpc.StatusRuntimeException: DEADLINE_EXCEEDED: deadline exceeded after 2999666342ns
	at org.apache.ratis.thirdparty.io.grpc.stub.ClientCalls.toStatusRuntimeException(ClientCalls.java:233)
	at org.apache.ratis.thirdparty.io.grpc.stub.ClientCalls.getUnchecked(ClientCalls.java:214)
	at org.apache.ratis.thirdparty.io.grpc.stub.ClientCalls.blockingUnaryCall(ClientCalls.java:139)
	at org.apache.ratis.proto.grpc.AdminProtocolServiceGrpc$AdminProtocolServiceBlockingStub.groupManagement(AdminProtocolServiceGrpc.java:274)
	at org.apache.ratis.grpc.client.GrpcClientProtocolClient.lambda$groupAdd$3(GrpcClientProtocolClient.java:155)
	at org.apache.ratis.grpc.client.GrpcClientProtocolClient.blockingCall(GrpcClientProtocolClient.java:182)
	... 15 more
2019-10-18 13:07:54,755 [RATISCREATEPIPELINE3] ERROR pipeline.RatisPipelineProvider (RatisPipelineProvider.java:lambda$null$5(237)) - Failed invoke Ratis rpc org.apache.hadoop.hdds.scm.pipeline.RatisPipelineProvider$$Lambda$197/86944034@b8f9417 for f7720aae-b5ab-43ae-a8f0-7922fdbaf311
org.apache.ratis.protocol.TimeoutIOException: deadline exceeded after 2999665586ns
	at org.apache.ratis.grpc.GrpcUtil.tryUnwrapException(GrpcUtil.java:82)
	at org.apache.ratis.grpc.GrpcUtil.unwrapException(GrpcUtil.java:75)
	at org.apache.ratis.grpc.client.GrpcClientProtocolClient.blockingCall(GrpcClientProtocolClient.java:184)
	at org.apache.ratis.grpc.client.GrpcClientProtocolClient.groupAdd(GrpcClientProtocolClient.java:153)
	at org.apache.ratis.grpc.client.GrpcClientRpc.sendRequest(GrpcClientRpc.java:94)
	at org.apache.ratis.client.impl.RaftClientImpl.sendRequest(RaftClientImpl.java:278)
	at org.apache.ratis.client.impl.RaftClientImpl.groupAdd(RaftClientImpl.java:205)
	at org.apache.hadoop.hdds.scm.pipeline.RatisPipelineProvider.lambda$initializePipeline$4(RatisPipelineProvider.java:198)
	at org.apache.hadoop.hdds.scm.pipeline.RatisPipelineProvider.lambda$null$5(RatisPipelineProvider.java:233)
	at java.util.stream.ForEachOps$ForEachOp$OfRef.accept(ForEachOps.java:183)
	at java.util.ArrayList$ArrayListSpliterator.forEachRemaining(ArrayList.java:1382)
	at java.util.stream.AbstractPipeline.copyInto(AbstractPipeline.java:482)
	at java.util.stream.ForEachOps$ForEachTask.compute(ForEachOps.java:290)
	at java.util.concurrent.CountedCompleter.exec(CountedCompleter.java:731)
	at java.util.concurrent.ForkJoinTask.doExec(ForkJoinTask.java:289)
	at java.util.concurrent.ForkJoinPool$WorkQueue.runTask(ForkJoinPool.java:1056)
	at java.util.concurrent.ForkJoinPool.runWorker(ForkJoinPool.java:1692)
	at java.util.concurrent.ForkJoinWorkerThread.run(ForkJoinWorkerThread.java:157)
Caused by: org.apache.ratis.thirdparty.io.grpc.StatusRuntimeException: DEADLINE_EXCEEDED: deadline exceeded after 2999665586ns
	at org.apache.ratis.thirdparty.io.grpc.stub.ClientCalls.toStatusRuntimeException(ClientCalls.java:233)
	at org.apache.ratis.thirdparty.io.grpc.stub.ClientCalls.getUnchecked(ClientCalls.java:214)
	at org.apache.ratis.thirdparty.io.grpc.stub.ClientCalls.blockingUnaryCall(ClientCalls.java:139)
	at org.apache.ratis.proto.grpc.AdminProtocolServiceGrpc$AdminProtocolServiceBlockingStub.groupManagement(AdminProtocolServiceGrpc.java:274)
	at org.apache.ratis.grpc.client.GrpcClientProtocolClient.lambda$groupAdd$3(GrpcClientProtocolClient.java:155)
	at org.apache.ratis.grpc.client.GrpcClientProtocolClient.blockingCall(GrpcClientProtocolClient.java:182)
	... 15 more
2019-10-18 13:07:54,770 [pool-416-thread-1] INFO  storage.RaftStorageDirectory (RaftStorageDirectory.java:tryLock(328)) - Lock on /workdir/hadoop-ozone/integration-test/target/test-dir/MiniOzoneClusterImpl-a51cb6f9-69a9-44ea-bf2b-ac78a0e144b1/datanode-2/data/ratis/d84a875c-78ba-48d6-a4ce-104df360a9d0/in_use.lock acquired by nodename 21203@pr-hdds-2330-xmbvw-1183399999
2019-10-18 13:07:54,770 [pool-406-thread-1] INFO  storage.RaftStorageDirectory (RaftStorageDirectory.java:tryLock(328)) - Lock on /workdir/hadoop-ozone/integration-test/target/test-dir/MiniOzoneClusterImpl-a51cb6f9-69a9-44ea-bf2b-ac78a0e144b1/datanode-1/data/ratis/56076cc2-019a-40e8-b5da-9a2401e47d95/in_use.lock acquired by nodename 21203@pr-hdds-2330-xmbvw-1183399999
2019-10-18 13:07:54,770 [pool-486-thread-1] INFO  storage.RaftStorageDirectory (RaftStorageDirectory.java:tryLock(328)) - Lock on /workdir/hadoop-ozone/integration-test/target/test-dir/MiniOzoneClusterImpl-a51cb6f9-69a9-44ea-bf2b-ac78a0e144b1/datanode-9/data/ratis/56076cc2-019a-40e8-b5da-9a2401e47d95/in_use.lock acquired by nodename 21203@pr-hdds-2330-xmbvw-1183399999
2019-10-18 13:07:54,772 [grpc-default-executor-5] INFO  impl.RaftServerProxy (RaftServerProxy.java:addNew(89)) - 7d69770b-3355-4a82-aab2-02db9382227d: addNew group-EC3E8056A4BB:[7d69770b-3355-4a82-aab2-02db9382227d:192.168.34.56:33301, f7720aae-b5ab-43ae-a8f0-7922fdbaf311:192.168.34.56:46404, 0e280119-6e3a-4f2d-a3bb-534f53e1c036:192.168.34.56:35105] returns group-EC3E8056A4BB:java.util.concurrent.CompletableFuture@7b1420de[Not completed]
2019-10-18 13:07:54,772 [grpc-default-executor-1] INFO  impl.RaftServerProxy (RaftServerProxy.java:addNew(89)) - f7720aae-b5ab-43ae-a8f0-7922fdbaf311: addNew group-EC3E8056A4BB:[7d69770b-3355-4a82-aab2-02db9382227d:192.168.34.56:33301, f7720aae-b5ab-43ae-a8f0-7922fdbaf311:192.168.34.56:46404, 0e280119-6e3a-4f2d-a3bb-534f53e1c036:192.168.34.56:35105] returns group-EC3E8056A4BB:java.util.concurrent.CompletableFuture@4ba4ded1[Not completed]
2019-10-18 13:07:54,772 [grpc-default-executor-6] INFO  impl.RaftServerProxy (RaftServerProxy.java:addNew(89)) - 0e280119-6e3a-4f2d-a3bb-534f53e1c036: addNew group-EC3E8056A4BB:[7d69770b-3355-4a82-aab2-02db9382227d:192.168.34.56:33301, f7720aae-b5ab-43ae-a8f0-7922fdbaf311:192.168.34.56:46404, 0e280119-6e3a-4f2d-a3bb-534f53e1c036:192.168.34.56:35105] returns group-EC3E8056A4BB:java.util.concurrent.CompletableFuture@635c6cd5[Not completed]
2019-10-18 13:07:55,594 [f7720aae-b5ab-43ae-a8f0-7922fdbaf311@group-D618D0709976-LeaderElection616] INFO  impl.LeaderElection (LeaderElection.java:askForVotes(178)) - f7720aae-b5ab-43ae-a8f0-7922fdbaf311@group-D618D0709976-LeaderElection616: begin an election at term 1 for -1: [f7720aae-b5ab-43ae-a8f0-7922fdbaf311:192.168.34.56:46404], old=null
2019-10-18 13:07:55,594 [f7720aae-b5ab-43ae-a8f0-7922fdbaf311@group-D618D0709976-LeaderElection616] INFO  impl.RoleInfo (RoleInfo.java:shutdownLeaderElection(134)) - f7720aae-b5ab-43ae-a8f0-7922fdbaf311: shutdown LeaderElection
2019-10-18 13:07:55,595 [f7720aae-b5ab-43ae-a8f0-7922fdbaf311@group-D618D0709976-LeaderElection616] INFO  impl.RaftServerImpl (RaftServerImpl.java:setRole(184)) - f7720aae-b5ab-43ae-a8f0-7922fdbaf311@group-D618D0709976: changes role from CANDIDATE to LEADER at term 1 for changeToLeader
2019-10-18 13:07:55,595 [f7720aae-b5ab-43ae-a8f0-7922fdbaf311@group-D618D0709976-LeaderElection616] INFO  impl.RaftServerImpl (ServerState.java:setLeader(256)) - f7720aae-b5ab-43ae-a8f0-7922fdbaf311@group-D618D0709976: change Leader from null to f7720aae-b5ab-43ae-a8f0-7922fdbaf311 at term 1 for becomeLeader, leader elected after 8793ms
2019-10-18 13:07:55,595 [f7720aae-b5ab-43ae-a8f0-7922fdbaf311@group-D618D0709976-LeaderElection616] INFO  server.RaftServerConfigKeys (ConfUtils.java:logGet(43)) - raft.server.staging.catchup.gap = 1000 (default)
2019-10-18 13:07:55,595 [f7720aae-b5ab-43ae-a8f0-7922fdbaf311@group-D618D0709976-LeaderElection616] INFO  server.RaftServerConfigKeys (ConfUtils.java:logGet(43)) - raft.server.rpc.sleep.time = 25ms (default)
2019-10-18 13:07:55,595 [f7720aae-b5ab-43ae-a8f0-7922fdbaf311@group-D618D0709976-LeaderElection616] INFO  server.RaftServerConfigKeys (ConfUtils.java:logGet(43)) - raft.server.write.element-limit = 4096 (default)
2019-10-18 13:07:55,596 [f7720aae-b5ab-43ae-a8f0-7922fdbaf311@group-D618D0709976-LeaderElection616] INFO  server.RaftServerConfigKeys (ConfUtils.java:logGet(43)) - raft.server.watch.timeout = 10s (default)
2019-10-18 13:07:55,596 [f7720aae-b5ab-43ae-a8f0-7922fdbaf311@group-D618D0709976-LeaderElection616] INFO  server.RaftServerConfigKeys (ConfUtils.java:logGet(43)) - raft.server.watch.timeout.denomination = 1s (default)
2019-10-18 13:07:55,596 [f7720aae-b5ab-43ae-a8f0-7922fdbaf311@group-D618D0709976-LeaderElection616] INFO  server.RaftServerConfigKeys (ConfUtils.java:logGet(43)) - raft.server.watch.element-limit = 65536 (default)
2019-10-18 13:07:55,600 [f7720aae-b5ab-43ae-a8f0-7922fdbaf311@group-D618D0709976-LeaderElection616] INFO  impl.RoleInfo (RoleInfo.java:updateAndGet(143)) - f7720aae-b5ab-43ae-a8f0-7922fdbaf311: start LeaderState
2019-10-18 13:07:55,601 [f7720aae-b5ab-43ae-a8f0-7922fdbaf311@group-D618D0709976-LeaderElection616] INFO  segmented.SegmentedRaftLogWorker (SegmentedRaftLogWorker.java:startLogSegment(385)) - f7720aae-b5ab-43ae-a8f0-7922fdbaf311@group-D618D0709976-SegmentedRaftLogWorker: Starting segment from index:0
2019-10-18 13:07:55,602 [f7720aae-b5ab-43ae-a8f0-7922fdbaf311@group-D618D0709976-LeaderElection616] INFO  impl.RaftServerImpl (ServerState.java:setRaftConf(357)) - f7720aae-b5ab-43ae-a8f0-7922fdbaf311@group-D618D0709976: set configuration 0: [f7720aae-b5ab-43ae-a8f0-7922fdbaf311:192.168.34.56:46404], old=null at 0
2019-10-18 13:07:56,575 [0e280119-6e3a-4f2d-a3bb-534f53e1c036@group-61F4B561E702-LeaderElection618] INFO  impl.LeaderElection (LeaderElection.java:askForVotes(178)) - 0e280119-6e3a-4f2d-a3bb-534f53e1c036@group-61F4B561E702-LeaderElection618: begin an election at term 2 for -1: [7d69770b-3355-4a82-aab2-02db9382227d:192.168.34.56:33301, f7720aae-b5ab-43ae-a8f0-7922fdbaf311:192.168.34.56:46404, 0e280119-6e3a-4f2d-a3bb-534f53e1c036:192.168.34.56:35105], old=null
2019-10-18 13:07:56,575 [7d69770b-3355-4a82-aab2-02db9382227d@group-61F4B561E702-LeaderElection617] INFO  impl.LeaderElection (LeaderElection.java:askForVotes(178)) - 7d69770b-3355-4a82-aab2-02db9382227d@group-61F4B561E702-LeaderElection617: begin an election at term 2 for -1: [7d69770b-3355-4a82-aab2-02db9382227d:192.168.34.56:33301, f7720aae-b5ab-43ae-a8f0-7922fdbaf311:192.168.34.56:46404, 0e280119-6e3a-4f2d-a3bb-534f53e1c036:192.168.34.56:35105], old=null
2019-10-18 13:07:56,577 [grpc-default-executor-6] WARN  server.GrpcServerProtocolService (LogUtils.java:warn(134)) - f7720aae-b5ab-43ae-a8f0-7922fdbaf311: Failed requestVote 7d69770b-3355-4a82-aab2-02db9382227d->f7720aae-b5ab-43ae-a8f0-7922fdbaf311#0: org.apache.ratis.protocol.ServerNotReadyException: f7720aae-b5ab-43ae-a8f0-7922fdbaf311@group-61F4B561E702 is not in [RUNNING]: current state is NEW
2019-10-18 13:07:56,577 [grpc-default-executor-1] WARN  server.GrpcServerProtocolService (LogUtils.java:warn(134)) - f7720aae-b5ab-43ae-a8f0-7922fdbaf311: Failed requestVote 0e280119-6e3a-4f2d-a3bb-534f53e1c036->f7720aae-b5ab-43ae-a8f0-7922fdbaf311#0: org.apache.ratis.protocol.ServerNotReadyException: f7720aae-b5ab-43ae-a8f0-7922fdbaf311@group-61F4B561E702 is not in [RUNNING]: current state is NEW
2019-10-18 13:07:56,579 [7d69770b-3355-4a82-aab2-02db9382227d@group-61F4B561E702-LeaderElection617] INFO  impl.LeaderElection (LogUtils.java:infoOrTrace(149)) - 7d69770b-3355-4a82-aab2-02db9382227d@group-61F4B561E702-LeaderElection617 got exception when requesting votes: {}
java.util.concurrent.ExecutionException: org.apache.ratis.thirdparty.io.grpc.StatusRuntimeException: INTERNAL: f7720aae-b5ab-43ae-a8f0-7922fdbaf311@group-61F4B561E702 is not in [RUNNING]: current state is NEW
	at java.util.concurrent.FutureTask.report(FutureTask.java:122)
	at java.util.concurrent.FutureTask.get(FutureTask.java:192)
	at org.apache.ratis.server.impl.LeaderElection.waitForResults(LeaderElection.java:259)
	at org.apache.ratis.server.impl.LeaderElection.askForVotes(LeaderElection.java:197)
	at org.apache.ratis.server.impl.LeaderElection.run(LeaderElection.java:133)
	at java.lang.Thread.run(Thread.java:748)
Caused by: org.apache.ratis.thirdparty.io.grpc.StatusRuntimeException: INTERNAL: f7720aae-b5ab-43ae-a8f0-7922fdbaf311@group-61F4B561E702 is not in [RUNNING]: current state is NEW
	at org.apache.ratis.thirdparty.io.grpc.stub.ClientCalls.toStatusRuntimeException(ClientCalls.java:233)
	at org.apache.ratis.thirdparty.io.grpc.stub.ClientCalls.getUnchecked(ClientCalls.java:214)
	at org.apache.ratis.thirdparty.io.grpc.stub.ClientCalls.blockingUnaryCall(ClientCalls.java:139)
	at org.apache.ratis.proto.grpc.RaftServerProtocolServiceGrpc$RaftServerProtocolServiceBlockingStub.requestVote(RaftServerProtocolServiceGrpc.java:265)
	at org.apache.ratis.grpc.server.GrpcServerProtocolClient.requestVote(GrpcServerProtocolClient.java:99)
	at org.apache.ratis.grpc.server.GrpcService.requestVote(GrpcService.java:204)
	at org.apache.ratis.server.impl.LeaderElection.lambda$submitRequests$1(LeaderElection.java:234)
	at java.util.concurrent.FutureTask.run(FutureTask.java:266)
	at java.util.concurrent.Executors$RunnableAdapter.call(Executors.java:511)
	at java.util.concurrent.FutureTask.run(FutureTask.java:266)
	at java.util.concurrent.ThreadPoolExecutor.runWorker(ThreadPoolExecutor.java:1149)
	at java.util.concurrent.ThreadPoolExecutor$Worker.run(ThreadPoolExecutor.java:624)
	... 1 more
2019-10-18 13:07:56,580 [7d69770b-3355-4a82-aab2-02db9382227d@group-61F4B561E702-LeaderElection617] INFO  impl.LeaderElection (LeaderElection.java:logAndReturn(56)) - 7d69770b-3355-4a82-aab2-02db9382227d@group-61F4B561E702-LeaderElection617: Election REJECTED; received 1 response(s) [7d69770b-3355-4a82-aab2-02db9382227d<-0e280119-6e3a-4f2d-a3bb-534f53e1c036#0:FAIL-t2] and 1 exception(s); 7d69770b-3355-4a82-aab2-02db9382227d@group-61F4B561E702:t2, leader=null, voted=7d69770b-3355-4a82-aab2-02db9382227d, raftlog=7d69770b-3355-4a82-aab2-02db9382227d@group-61F4B561E702-SegmentedRaftLog:OPENED:c-1,f-1,i0, conf=-1: [7d69770b-3355-4a82-aab2-02db9382227d:192.168.34.56:33301, f7720aae-b5ab-43ae-a8f0-7922fdbaf311:192.168.34.56:46404, 0e280119-6e3a-4f2d-a3bb-534f53e1c036:192.168.34.56:35105], old=null
2019-10-18 13:07:56,580 [0e280119-6e3a-4f2d-a3bb-534f53e1c036@group-61F4B561E702-LeaderElection618] INFO  impl.LeaderElection (LogUtils.java:infoOrTrace(149)) - 0e280119-6e3a-4f2d-a3bb-534f53e1c036@group-61F4B561E702-LeaderElection618 got exception when requesting votes: {}
java.util.concurrent.ExecutionException: org.apache.ratis.thirdparty.io.grpc.StatusRuntimeException: INTERNAL: f7720aae-b5ab-43ae-a8f0-7922fdbaf311@group-61F4B561E702 is not in [RUNNING]: current state is NEW
	at java.util.concurrent.FutureTask.report(FutureTask.java:122)
	at java.util.concurrent.FutureTask.get(FutureTask.java:192)
	at org.apache.ratis.server.impl.LeaderElection.waitForResults(LeaderElection.java:259)
	at org.apache.ratis.server.impl.LeaderElection.askForVotes(LeaderElection.java:197)
	at org.apache.ratis.server.impl.LeaderElection.run(LeaderElection.java:133)
	at java.lang.Thread.run(Thread.java:748)
Caused by: org.apache.ratis.thirdparty.io.grpc.StatusRuntimeException: INTERNAL: f7720aae-b5ab-43ae-a8f0-7922fdbaf311@group-61F4B561E702 is not in [RUNNING]: current state is NEW
	at org.apache.ratis.thirdparty.io.grpc.stub.ClientCalls.toStatusRuntimeException(ClientCalls.java:233)
	at org.apache.ratis.thirdparty.io.grpc.stub.ClientCalls.getUnchecked(ClientCalls.java:214)
	at org.apache.ratis.thirdparty.io.grpc.stub.ClientCalls.blockingUnaryCall(ClientCalls.java:139)
	at org.apache.ratis.proto.grpc.RaftServerProtocolServiceGrpc$RaftServerProtocolServiceBlockingStub.requestVote(RaftServerProtocolServiceGrpc.java:265)
	at org.apache.ratis.grpc.server.GrpcServerProtocolClient.requestVote(GrpcServerProtocolClient.java:99)
	at org.apache.ratis.grpc.server.GrpcService.requestVote(GrpcService.java:204)
	at org.apache.ratis.server.impl.LeaderElection.lambda$submitRequests$1(LeaderElection.java:234)
	at java.util.concurrent.FutureTask.run(FutureTask.java:266)
	at java.util.concurrent.Executors$RunnableAdapter.call(Executors.java:511)
	at java.util.concurrent.FutureTask.run(FutureTask.java:266)
	at java.util.concurrent.ThreadPoolExecutor.runWorker(ThreadPoolExecutor.java:1149)
	at java.util.concurrent.ThreadPoolExecutor$Worker.run(ThreadPoolExecutor.java:624)
	... 1 more
2019-10-18 13:07:56,580 [7d69770b-3355-4a82-aab2-02db9382227d@group-61F4B561E702-LeaderElection617] INFO  impl.LeaderElection (LogUtils.java:infoOrTrace(149)) -   Exception 0: {}
java.util.concurrent.ExecutionException: org.apache.ratis.thirdparty.io.grpc.StatusRuntimeException: INTERNAL: f7720aae-b5ab-43ae-a8f0-7922fdbaf311@group-61F4B561E702 is not in [RUNNING]: current state is NEW
	at java.util.concurrent.FutureTask.report(FutureTask.java:122)
	at java.util.concurrent.FutureTask.get(FutureTask.java:192)
	at org.apache.ratis.server.impl.LeaderElection.waitForResults(LeaderElection.java:259)
	at org.apache.ratis.server.impl.LeaderElection.askForVotes(LeaderElection.java:197)
	at org.apache.ratis.server.impl.LeaderElection.run(LeaderElection.java:133)
	at java.lang.Thread.run(Thread.java:748)
Caused by: org.apache.ratis.thirdparty.io.grpc.StatusRuntimeException: INTERNAL: f7720aae-b5ab-43ae-a8f0-7922fdbaf311@group-61F4B561E702 is not in [RUNNING]: current state is NEW
	at org.apache.ratis.thirdparty.io.grpc.stub.ClientCalls.toStatusRuntimeException(ClientCalls.java:233)
	at org.apache.ratis.thirdparty.io.grpc.stub.ClientCalls.getUnchecked(ClientCalls.java:214)
	at org.apache.ratis.thirdparty.io.grpc.stub.ClientCalls.blockingUnaryCall(ClientCalls.java:139)
	at org.apache.ratis.proto.grpc.RaftServerProtocolServiceGrpc$RaftServerProtocolServiceBlockingStub.requestVote(RaftServerProtocolServiceGrpc.java:265)
	at org.apache.ratis.grpc.server.GrpcServerProtocolClient.requestVote(GrpcServerProtocolClient.java:99)
	at org.apache.ratis.grpc.server.GrpcService.requestVote(GrpcService.java:204)
	at org.apache.ratis.server.impl.LeaderElection.lambda$submitRequests$1(LeaderElection.java:234)
	at java.util.concurrent.FutureTask.run(FutureTask.java:266)
	at java.util.concurrent.Executors$RunnableAdapter.call(Executors.java:511)
	at java.util.concurrent.FutureTask.run(FutureTask.java:266)
	at java.util.concurrent.ThreadPoolExecutor.runWorker(ThreadPoolExecutor.java:1149)
	at java.util.concurrent.ThreadPoolExecutor$Worker.run(ThreadPoolExecutor.java:624)
	... 1 more
2019-10-18 13:07:56,580 [0e280119-6e3a-4f2d-a3bb-534f53e1c036@group-61F4B561E702-LeaderElection618] INFO  impl.LeaderElection (LeaderElection.java:logAndReturn(56)) - 0e280119-6e3a-4f2d-a3bb-534f53e1c036@group-61F4B561E702-LeaderElection618: Election REJECTED; received 1 response(s) [0e280119-6e3a-4f2d-a3bb-534f53e1c036<-7d69770b-3355-4a82-aab2-02db9382227d#0:FAIL-t2] and 1 exception(s); 0e280119-6e3a-4f2d-a3bb-534f53e1c036@group-61F4B561E702:t2, leader=null, voted=0e280119-6e3a-4f2d-a3bb-534f53e1c036, raftlog=0e280119-6e3a-4f2d-a3bb-534f53e1c036@group-61F4B561E702-SegmentedRaftLog:OPENED:c-1,f-1,i0, conf=-1: [7d69770b-3355-4a82-aab2-02db9382227d:192.168.34.56:33301, f7720aae-b5ab-43ae-a8f0-7922fdbaf311:192.168.34.56:46404, 0e280119-6e3a-4f2d-a3bb-534f53e1c036:192.168.34.56:35105], old=null
2019-10-18 13:07:56,580 [7d69770b-3355-4a82-aab2-02db9382227d@group-61F4B561E702-LeaderElection617] INFO  impl.RaftServerImpl (RaftServerImpl.java:setRole(184)) - 7d69770b-3355-4a82-aab2-02db9382227d@group-61F4B561E702: changes role from CANDIDATE to FOLLOWER at term 2 for DISCOVERED_A_NEW_TERM
2019-10-18 13:07:56,580 [0e280119-6e3a-4f2d-a3bb-534f53e1c036@group-61F4B561E702-LeaderElection618] INFO  impl.LeaderElection (LogUtils.java:infoOrTrace(149)) -   Exception 0: {}
java.util.concurrent.ExecutionException: org.apache.ratis.thirdparty.io.grpc.StatusRuntimeException: INTERNAL: f7720aae-b5ab-43ae-a8f0-7922fdbaf311@group-61F4B561E702 is not in [RUNNING]: current state is NEW
	at java.util.concurrent.FutureTask.report(FutureTask.java:122)
	at java.util.concurrent.FutureTask.get(FutureTask.java:192)
	at org.apache.ratis.server.impl.LeaderElection.waitForResults(LeaderElection.java:259)
	at org.apache.ratis.server.impl.LeaderElection.askForVotes(LeaderElection.java:197)
	at org.apache.ratis.server.impl.LeaderElection.run(LeaderElection.java:133)
	at java.lang.Thread.run(Thread.java:748)
Caused by: org.apache.ratis.thirdparty.io.grpc.StatusRuntimeException: INTERNAL: f7720aae-b5ab-43ae-a8f0-7922fdbaf311@group-61F4B561E702 is not in [RUNNING]: current state is NEW
	at org.apache.ratis.thirdparty.io.grpc.stub.ClientCalls.toStatusRuntimeException(ClientCalls.java:233)
	at org.apache.ratis.thirdparty.io.grpc.stub.ClientCalls.getUnchecked(ClientCalls.java:214)
	at org.apache.ratis.thirdparty.io.grpc.stub.ClientCalls.blockingUnaryCall(ClientCalls.java:139)
	at org.apache.ratis.proto.grpc.RaftServerProtocolServiceGrpc$RaftServerProtocolServiceBlockingStub.requestVote(RaftServerProtocolServiceGrpc.java:265)
	at org.apache.ratis.grpc.server.GrpcServerProtocolClient.requestVote(GrpcServerProtocolClient.java:99)
	at org.apache.ratis.grpc.server.GrpcService.requestVote(GrpcService.java:204)
	at org.apache.ratis.server.impl.LeaderElection.lambda$submitRequests$1(LeaderElection.java:234)
	at java.util.concurrent.FutureTask.run(FutureTask.java:266)
	at java.util.concurrent.Executors$RunnableAdapter.call(Executors.java:511)
	at java.util.concurrent.FutureTask.run(FutureTask.java:266)
	at java.util.concurrent.ThreadPoolExecutor.runWorker(ThreadPoolExecutor.java:1149)
	at java.util.concurrent.ThreadPoolExecutor$Worker.run(ThreadPoolExecutor.java:624)
	... 1 more
2019-10-18 13:07:56,580 [7d69770b-3355-4a82-aab2-02db9382227d@group-61F4B561E702-LeaderElection617] INFO  impl.RoleInfo (RoleInfo.java:shutdownLeaderElection(134)) - 7d69770b-3355-4a82-aab2-02db9382227d: shutdown LeaderElection
2019-10-18 13:07:56,581 [0e280119-6e3a-4f2d-a3bb-534f53e1c036@group-61F4B561E702-LeaderElection618] INFO  impl.RaftServerImpl (RaftServerImpl.java:setRole(184)) - 0e280119-6e3a-4f2d-a3bb-534f53e1c036@group-61F4B561E702: changes role from CANDIDATE to FOLLOWER at term 2 for DISCOVERED_A_NEW_TERM
2019-10-18 13:07:56,581 [7d69770b-3355-4a82-aab2-02db9382227d@group-61F4B561E702-LeaderElection617] INFO  impl.RoleInfo (RoleInfo.java:updateAndGet(143)) - 7d69770b-3355-4a82-aab2-02db9382227d: start FollowerState
2019-10-18 13:07:56,581 [0e280119-6e3a-4f2d-a3bb-534f53e1c036@group-61F4B561E702-LeaderElection618] INFO  impl.RoleInfo (RoleInfo.java:shutdownLeaderElection(134)) - 0e280119-6e3a-4f2d-a3bb-534f53e1c036: shutdown LeaderElection
2019-10-18 13:07:56,581 [0e280119-6e3a-4f2d-a3bb-534f53e1c036@group-61F4B561E702-LeaderElection618] INFO  impl.RoleInfo (RoleInfo.java:updateAndGet(143)) - 0e280119-6e3a-4f2d-a3bb-534f53e1c036: start FollowerState
2019-10-18 13:07:56,582 [Thread-6128] INFO  impl.FollowerState (FollowerState.java:run(108)) - 7d69770b-3355-4a82-aab2-02db9382227d@group-61F4B561E702-FollowerState: change to CANDIDATE, lastRpcTime:1ms, electionTimeout:1ms
2019-10-18 13:07:56,582 [Thread-6128] INFO  impl.RoleInfo (RoleInfo.java:shutdownFollowerState(121)) - 7d69770b-3355-4a82-aab2-02db9382227d: shutdown FollowerState
2019-10-18 13:07:56,582 [Thread-6128] INFO  impl.RaftServerImpl (RaftServerImpl.java:setRole(184)) - 7d69770b-3355-4a82-aab2-02db9382227d@group-61F4B561E702: changes role from  FOLLOWER to CANDIDATE at term 2 for changeToCandidate
2019-10-18 13:07:56,582 [Thread-6128] INFO  impl.RoleInfo (RoleInfo.java:updateAndGet(143)) - 7d69770b-3355-4a82-aab2-02db9382227d: start LeaderElection
2019-10-18 13:07:56,740 [Thread-6129] INFO  impl.FollowerState (FollowerState.java:run(108)) - 0e280119-6e3a-4f2d-a3bb-534f53e1c036@group-61F4B561E702-FollowerState: change to CANDIDATE, lastRpcTime:159ms, electionTimeout:159ms
2019-10-18 13:07:56,740 [Thread-6129] INFO  impl.RoleInfo (RoleInfo.java:shutdownFollowerState(121)) - 0e280119-6e3a-4f2d-a3bb-534f53e1c036: shutdown FollowerState
2019-10-18 13:07:56,740 [Thread-6129] INFO  impl.RaftServerImpl (RaftServerImpl.java:setRole(184)) - 0e280119-6e3a-4f2d-a3bb-534f53e1c036@group-61F4B561E702: changes role from  FOLLOWER to CANDIDATE at term 2 for changeToCandidate
2019-10-18 13:07:56,741 [Thread-6129] INFO  impl.RoleInfo (RoleInfo.java:updateAndGet(143)) - 0e280119-6e3a-4f2d-a3bb-534f53e1c036: start LeaderElection
2019-10-18 13:07:57,773 [RATISCREATEPIPELINE3] ERROR pipeline.RatisPipelineProvider (RatisPipelineProvider.java:lambda$null$5(237)) - Failed invoke Ratis rpc org.apache.hadoop.hdds.scm.pipeline.RatisPipelineProvider$$Lambda$197/86944034@bd78ba5 for f7720aae-b5ab-43ae-a8f0-7922fdbaf311
org.apache.ratis.protocol.TimeoutIOException: deadline exceeded after 2999871816ns
	at org.apache.ratis.grpc.GrpcUtil.tryUnwrapException(GrpcUtil.java:82)
	at org.apache.ratis.grpc.GrpcUtil.unwrapException(GrpcUtil.java:75)
	at org.apache.ratis.grpc.client.GrpcClientProtocolClient.blockingCall(GrpcClientProtocolClient.java:184)
	at org.apache.ratis.grpc.client.GrpcClientProtocolClient.groupAdd(GrpcClientProtocolClient.java:153)
	at org.apache.ratis.grpc.client.GrpcClientRpc.sendRequest(GrpcClientRpc.java:94)
	at org.apache.ratis.client.impl.RaftClientImpl.sendRequest(RaftClientImpl.java:278)
	at org.apache.ratis.client.impl.RaftClientImpl.groupAdd(RaftClientImpl.java:205)
	at org.apache.hadoop.hdds.scm.pipeline.RatisPipelineProvider.lambda$initializePipeline$4(RatisPipelineProvider.java:198)
	at org.apache.hadoop.hdds.scm.pipeline.RatisPipelineProvider.lambda$null$5(RatisPipelineProvider.java:233)
	at java.util.stream.ForEachOps$ForEachOp$OfRef.accept(ForEachOps.java:183)
	at java.util.ArrayList$ArrayListSpliterator.forEachRemaining(ArrayList.java:1382)
	at java.util.stream.AbstractPipeline.copyInto(AbstractPipeline.java:482)
	at java.util.stream.ForEachOps$ForEachTask.compute(ForEachOps.java:290)
	at java.util.concurrent.CountedCompleter.exec(CountedCompleter.java:731)
	at java.util.concurrent.ForkJoinTask.doExec(ForkJoinTask.java:289)
	at java.util.concurrent.ForkJoinPool$WorkQueue.runTask(ForkJoinPool.java:1056)
	at java.util.concurrent.ForkJoinPool.runWorker(ForkJoinPool.java:1692)
	at java.util.concurrent.ForkJoinWorkerThread.run(ForkJoinWorkerThread.java:157)
Caused by: org.apache.ratis.thirdparty.io.grpc.StatusRuntimeException: DEADLINE_EXCEEDED: deadline exceeded after 2999871816ns
	at org.apache.ratis.thirdparty.io.grpc.stub.ClientCalls.toStatusRuntimeException(ClientCalls.java:233)
	at org.apache.ratis.thirdparty.io.grpc.stub.ClientCalls.getUnchecked(ClientCalls.java:214)
	at org.apache.ratis.thirdparty.io.grpc.stub.ClientCalls.blockingUnaryCall(ClientCalls.java:139)
	at org.apache.ratis.proto.grpc.AdminProtocolServiceGrpc$AdminProtocolServiceBlockingStub.groupManagement(AdminProtocolServiceGrpc.java:274)
	at org.apache.ratis.grpc.client.GrpcClientProtocolClient.lambda$groupAdd$3(GrpcClientProtocolClient.java:155)
	at org.apache.ratis.grpc.client.GrpcClientProtocolClient.blockingCall(GrpcClientProtocolClient.java:182)
	... 15 more
2019-10-18 13:07:57,773 [RATISCREATEPIPELINE1] ERROR pipeline.RatisPipelineProvider (RatisPipelineProvider.java:lambda$null$5(237)) - Failed invoke Ratis rpc org.apache.hadoop.hdds.scm.pipeline.RatisPipelineProvider$$Lambda$197/86944034@bd78ba5 for 7d69770b-3355-4a82-aab2-02db9382227d
org.apache.ratis.protocol.TimeoutIOException: deadline exceeded after 2999884480ns
	at org.apache.ratis.grpc.GrpcUtil.tryUnwrapException(GrpcUtil.java:82)
	at org.apache.ratis.grpc.GrpcUtil.unwrapException(GrpcUtil.java:75)
	at org.apache.ratis.grpc.client.GrpcClientProtocolClient.blockingCall(GrpcClientProtocolClient.java:184)
	at org.apache.ratis.grpc.client.GrpcClientProtocolClient.groupAdd(GrpcClientProtocolClient.java:153)
	at org.apache.ratis.grpc.client.GrpcClientRpc.sendRequest(GrpcClientRpc.java:94)
	at org.apache.ratis.client.impl.RaftClientImpl.sendRequest(RaftClientImpl.java:278)
	at org.apache.ratis.client.impl.RaftClientImpl.groupAdd(RaftClientImpl.java:205)
	at org.apache.hadoop.hdds.scm.pipeline.RatisPipelineProvider.lambda$initializePipeline$4(RatisPipelineProvider.java:198)
	at org.apache.hadoop.hdds.scm.pipeline.RatisPipelineProvider.lambda$null$5(RatisPipelineProvider.java:233)
	at java.util.stream.ForEachOps$ForEachOp$OfRef.accept(ForEachOps.java:183)
	at java.util.ArrayList$ArrayListSpliterator.forEachRemaining(ArrayList.java:1382)
	at java.util.stream.AbstractPipeline.copyInto(AbstractPipeline.java:482)
	at java.util.stream.ForEachOps$ForEachTask.compute(ForEachOps.java:290)
	at java.util.concurrent.CountedCompleter.exec(CountedCompleter.java:731)
	at java.util.concurrent.ForkJoinTask.doExec(ForkJoinTask.java:289)
	at java.util.concurrent.ForkJoinTask.doInvoke(ForkJoinTask.java:401)
	at java.util.concurrent.ForkJoinTask.invoke(ForkJoinTask.java:734)
	at java.util.stream.ForEachOps$ForEachOp.evaluateParallel(ForEachOps.java:159)
	at java.util.stream.ForEachOps$ForEachOp$OfRef.evaluateParallel(ForEachOps.java:173)
	at java.util.stream.AbstractPipeline.evaluate(AbstractPipeline.java:233)
	at java.util.stream.ReferencePipeline.forEach(ReferencePipeline.java:485)
	at java.util.stream.ReferencePipeline$Head.forEach(ReferencePipeline.java:650)
	at org.apache.hadoop.hdds.scm.pipeline.RatisPipelineProvider.lambda$callRatisRpc$6(RatisPipelineProvider.java:227)
	at java.util.concurrent.ForkJoinTask$AdaptedRunnableAction.exec(ForkJoinTask.java:1386)
	at java.util.concurrent.ForkJoinTask.doExec(ForkJoinTask.java:289)
	at java.util.concurrent.ForkJoinPool$WorkQueue.runTask(ForkJoinPool.java:1056)
	at java.util.concurrent.ForkJoinPool.runWorker(ForkJoinPool.java:1692)
	at java.util.concurrent.ForkJoinWorkerThread.run(ForkJoinWorkerThread.java:157)
Caused by: org.apache.ratis.thirdparty.io.grpc.StatusRuntimeException: DEADLINE_EXCEEDED: deadline exceeded after 2999884480ns
	at org.apache.ratis.thirdparty.io.grpc.stub.ClientCalls.toStatusRuntimeException(ClientCalls.java:233)
	at org.apache.ratis.thirdparty.io.grpc.stub.ClientCalls.getUnchecked(ClientCalls.java:214)
	at org.apache.ratis.thirdparty.io.grpc.stub.ClientCalls.blockingUnaryCall(ClientCalls.java:139)
	at org.apache.ratis.proto.grpc.AdminProtocolServiceGrpc$AdminProtocolServiceBlockingStub.groupManagement(AdminProtocolServiceGrpc.java:274)
	at org.apache.ratis.grpc.client.GrpcClientProtocolClient.lambda$groupAdd$3(GrpcClientProtocolClient.java:155)
	at org.apache.ratis.grpc.client.GrpcClientProtocolClient.blockingCall(GrpcClientProtocolClient.java:182)
	... 25 more
2019-10-18 13:07:57,773 [RATISCREATEPIPELINE2] ERROR pipeline.RatisPipelineProvider (RatisPipelineProvider.java:lambda$null$5(237)) - Failed invoke Ratis rpc org.apache.hadoop.hdds.scm.pipeline.RatisPipelineProvider$$Lambda$197/86944034@bd78ba5 for 0e280119-6e3a-4f2d-a3bb-534f53e1c036
org.apache.ratis.protocol.TimeoutIOException: deadline exceeded after 2999843531ns
	at org.apache.ratis.grpc.GrpcUtil.tryUnwrapException(GrpcUtil.java:82)
	at org.apache.ratis.grpc.GrpcUtil.unwrapException(GrpcUtil.java:75)
	at org.apache.ratis.grpc.client.GrpcClientProtocolClient.blockingCall(GrpcClientProtocolClient.java:184)
	at org.apache.ratis.grpc.client.GrpcClientProtocolClient.groupAdd(GrpcClientProtocolClient.java:153)
	at org.apache.ratis.grpc.client.GrpcClientRpc.sendRequest(GrpcClientRpc.java:94)
	at org.apache.ratis.client.impl.RaftClientImpl.sendRequest(RaftClientImpl.java:278)
	at org.apache.ratis.client.impl.RaftClientImpl.groupAdd(RaftClientImpl.java:205)
	at org.apache.hadoop.hdds.scm.pipeline.RatisPipelineProvider.lambda$initializePipeline$4(RatisPipelineProvider.java:198)
	at org.apache.hadoop.hdds.scm.pipeline.RatisPipelineProvider.lambda$null$5(RatisPipelineProvider.java:233)
	at java.util.stream.ForEachOps$ForEachOp$OfRef.accept(ForEachOps.java:183)
	at java.util.ArrayList$ArrayListSpliterator.forEachRemaining(ArrayList.java:1382)
	at java.util.stream.AbstractPipeline.copyInto(AbstractPipeline.java:482)
	at java.util.stream.ForEachOps$ForEachTask.compute(ForEachOps.java:290)
	at java.util.concurrent.CountedCompleter.exec(CountedCompleter.java:731)
	at java.util.concurrent.ForkJoinTask.doExec(ForkJoinTask.java:289)
	at java.util.concurrent.ForkJoinPool$WorkQueue.runTask(ForkJoinPool.java:1056)
	at java.util.concurrent.ForkJoinPool.runWorker(ForkJoinPool.java:1692)
	at java.util.concurrent.ForkJoinWorkerThread.run(ForkJoinWorkerThread.java:157)
Caused by: org.apache.ratis.thirdparty.io.grpc.StatusRuntimeException: DEADLINE_EXCEEDED: deadline exceeded after 2999843531ns
	at org.apache.ratis.thirdparty.io.grpc.stub.ClientCalls.toStatusRuntimeException(ClientCalls.java:233)
	at org.apache.ratis.thirdparty.io.grpc.stub.ClientCalls.getUnchecked(ClientCalls.java:214)
	at org.apache.ratis.thirdparty.io.grpc.stub.ClientCalls.blockingUnaryCall(ClientCalls.java:139)
	at org.apache.ratis.proto.grpc.AdminProtocolServiceGrpc$AdminProtocolServiceBlockingStub.groupManagement(AdminProtocolServiceGrpc.java:274)
	at org.apache.ratis.grpc.client.GrpcClientProtocolClient.lambda$groupAdd$3(GrpcClientProtocolClient.java:155)
	at org.apache.ratis.grpc.client.GrpcClientProtocolClient.blockingCall(GrpcClientProtocolClient.java:182)
	... 15 more
2019-10-18 13:07:57,777 [IPC Server handler 0 on 35179] WARN  block.BlockManagerImpl (BlockManagerImpl.java:allocateBlock(200)) - Pipeline creation failed for type:RATIS factor:THREE. Retrying get pipelines call once.
org.apache.hadoop.io.MultipleIOException: 3 exceptions [java.io.IOException: Failed invoke Ratis rpc org.apache.hadoop.hdds.scm.pipeline.RatisPipelineProvider$$Lambda$197/86944034@bd78ba5 for f7720aae-b5ab-43ae-a8f0-7922fdbaf311, java.io.IOException: Failed invoke Ratis rpc org.apache.hadoop.hdds.scm.pipeline.RatisPipelineProvider$$Lambda$197/86944034@bd78ba5 for 7d69770b-3355-4a82-aab2-02db9382227d, java.io.IOException: Failed invoke Ratis rpc org.apache.hadoop.hdds.scm.pipeline.RatisPipelineProvider$$Lambda$197/86944034@bd78ba5 for 0e280119-6e3a-4f2d-a3bb-534f53e1c036]
	at org.apache.hadoop.io.MultipleIOException.createIOException(MultipleIOException.java:53)
	at org.apache.hadoop.hdds.scm.pipeline.RatisPipelineProvider.callRatisRpc(RatisPipelineProvider.java:253)
	at org.apache.hadoop.hdds.scm.pipeline.RatisPipelineProvider.initializePipeline(RatisPipelineProvider.java:196)
	at org.apache.hadoop.hdds.scm.pipeline.RatisPipelineProvider.create(RatisPipelineProvider.java:163)
	at org.apache.hadoop.hdds.scm.pipeline.PipelineFactory.create(PipelineFactory.java:58)
	at org.apache.hadoop.hdds.scm.pipeline.SCMPipelineManager.createPipeline(SCMPipelineManager.java:155)
	at org.apache.hadoop.hdds.scm.block.BlockManagerImpl.allocateBlock(BlockManagerImpl.java:198)
	at org.apache.hadoop.hdds.scm.server.SCMBlockProtocolServer.allocateBlock(SCMBlockProtocolServer.java:182)
	at org.apache.hadoop.hdds.scm.protocol.ScmBlockLocationProtocolServerSideTranslatorPB.allocateScmBlock(ScmBlockLocationProtocolServerSideTranslatorPB.java:159)
	at org.apache.hadoop.hdds.scm.protocol.ScmBlockLocationProtocolServerSideTranslatorPB.processMessage(ScmBlockLocationProtocolServerSideTranslatorPB.java:117)
	at org.apache.hadoop.hdds.server.OzoneProtocolMessageDispatcher.processRequest(OzoneProtocolMessageDispatcher.java:72)
	at org.apache.hadoop.hdds.scm.protocol.ScmBlockLocationProtocolServerSideTranslatorPB.send(ScmBlockLocationProtocolServerSideTranslatorPB.java:98)
	at org.apache.hadoop.hdds.protocol.proto.ScmBlockLocationProtocolProtos$ScmBlockLocationProtocolService$2.callBlockingMethod(ScmBlockLocationProtocolProtos.java:13157)
	at org.apache.hadoop.ipc.ProtobufRpcEngine$Server$ProtoBufRpcInvoker.call(ProtobufRpcEngine.java:524)
	at org.apache.hadoop.ipc.RPC$Server.call(RPC.java:1025)
	at org.apache.hadoop.ipc.Server$RpcCall.run(Server.java:876)
	at org.apache.hadoop.ipc.Server$RpcCall.run(Server.java:822)
	at java.security.AccessController.doPrivileged(Native Method)
	at javax.security.auth.Subject.doAs(Subject.java:422)
	at org.apache.hadoop.security.UserGroupInformation.doAs(UserGroupInformation.java:1730)
	at org.apache.hadoop.ipc.Server$Handler.run(Server.java:2682)
2019-10-18 13:07:57,778 [IPC Server handler 0 on 35179] INFO  block.BlockManagerImpl (BlockManagerImpl.java:allocateBlock(212)) - Could not find available pipeline of type:RATIS and factor:THREE even after retrying
2019-10-18 13:07:57,778 [IPC Server handler 0 on 35179] ERROR block.BlockManagerImpl (BlockManagerImpl.java:allocateBlock(236)) - Unable to allocate a block for the size: 4194304, type: RATIS, factor: THREE
2019-10-18 13:07:57,782 [main] INFO  ozone.MiniOzoneClusterImpl (MiniOzoneClusterImpl.java:shutdown(314)) - Shutting down the Mini Ozone Cluster
2019-10-18 13:07:57,782 [main] INFO  ozone.MiniOzoneClusterImpl (MiniOzoneClusterImpl.java:stop(330)) - Stopping the Mini Ozone Cluster
2019-10-18 13:07:57,782 [main] INFO  ozone.MiniOzoneClusterImpl (MiniOzoneClusterImpl.java:stopOM(400)) - Stopping the OzoneManager
2019-10-18 13:07:57,782 [main] INFO  ipc.Server (Server.java:stop(3082)) - Stopping server on 34665
2019-10-18 13:07:57,789 [IPC Server listener on 34665] INFO  ipc.Server (Server.java:run(1185)) - Stopping IPC Server listener on 34665
2019-10-18 13:07:57,793 [IPC Server Responder] INFO  ipc.Server (Server.java:run(1319)) - Stopping IPC Server Responder
2019-10-18 13:07:57,795 [main] INFO  ratis.OzoneManagerDoubleBuffer (OzoneManagerDoubleBuffer.java:stop(250)) - Stopping OMDoubleBuffer flush thread
2019-10-18 13:07:57,802 [OMDoubleBufferFlushThread] INFO  ratis.OzoneManagerDoubleBuffer (OzoneManagerDoubleBuffer.java:flushTransactions(193)) - OMDoubleBuffer flush thread OMDoubleBufferFlushThread is interrupted and will exit. OMDoubleBufferFlushThread
2019-10-18 13:07:57,817 [main] INFO  utils.BackgroundService (BackgroundService.java:shutdown(151)) - Shutting down service KeyDeletingService
2019-10-18 13:07:57,818 [main] INFO  handler.ContextHandler (ContextHandler.java:doStop(910)) - Stopped o.e.j.w.WebAppContext@36ad229b{/,null,UNAVAILABLE}{/ozoneManager}
2019-10-18 13:07:57,819 [main] INFO  server.AbstractConnector (AbstractConnector.java:doStop(318)) - Stopped ServerConnector@55846997{HTTP/1.1,[http/1.1]}{0.0.0.0:0}
2019-10-18 13:07:57,819 [main] INFO  handler.ContextHandler (ContextHandler.java:doStop(910)) - Stopped o.e.j.s.ServletContextHandler@6403a4a5{/static,file:///workdir/hadoop-ozone/integration-test/target/test-classes/webapps/static,UNAVAILABLE}
2019-10-18 13:07:57,819 [main] INFO  handler.ContextHandler (ContextHandler.java:doStop(910)) - Stopped o.e.j.s.ServletContextHandler@101cf747{/logs,file:///workdir/hadoop-ozone/integration-test/target/log,UNAVAILABLE}
2019-10-18 13:07:57,821 [main] INFO  ozone.MiniOzoneClusterImpl (MiniOzoneClusterImpl.java:stopDatanodes(377)) - Stopping the HddsDatanodes
2019-10-18 13:07:58,265 [Datanode State Machine Thread - 0] INFO  statemachine.DatanodeStateMachine (DatanodeStateMachine.java:lambda$startDaemon$0(350)) - Ozone container server started.
2019-10-18 13:07:58,748 [f7720aae-b5ab-43ae-a8f0-7922fdbaf311@group-D618D0709976-SegmentedRaftLogWorker] INFO  segmented.SegmentedRaftLogWorker (SegmentedRaftLogWorker.java:execute(576)) - f7720aae-b5ab-43ae-a8f0-7922fdbaf311@group-D618D0709976-SegmentedRaftLogWorker: created new log segment /workdir/hadoop-ozone/integration-test/target/test-dir/MiniOzoneClusterImpl-a51cb6f9-69a9-44ea-bf2b-ac78a0e144b1/datanode-2/data/ratis/423cab01-ade7-40ab-8b04-d618d0709976/current/log_inprogress_0
2019-10-18 13:07:58,782 [pool-416-thread-1] INFO  storage.RaftStorage (RaftStorage.java:format(84)) - Storage directory /workdir/hadoop-ozone/integration-test/target/test-dir/MiniOzoneClusterImpl-a51cb6f9-69a9-44ea-bf2b-ac78a0e144b1/datanode-2/data/ratis/d84a875c-78ba-48d6-a4ce-104df360a9d0 has been successfully formatted.
2019-10-18 13:07:58,782 [pool-406-thread-1] INFO  storage.RaftStorage (RaftStorage.java:format(84)) - Storage directory /workdir/hadoop-ozone/integration-test/target/test-dir/MiniOzoneClusterImpl-a51cb6f9-69a9-44ea-bf2b-ac78a0e144b1/datanode-1/data/ratis/56076cc2-019a-40e8-b5da-9a2401e47d95 has been successfully formatted.
2019-10-18 13:07:58,782 [pool-416-thread-1] INFO  ratis.ContainerStateMachine (ContainerStateMachine.java:loadSnapshot(231)) - group-104DF360A9D0: The snapshot info is null. Setting the last applied indexto:(t:0, i:~)
2019-10-18 13:07:58,782 [pool-486-thread-1] INFO  storage.RaftStorage (RaftStorage.java:format(84)) - Storage directory /workdir/hadoop-ozone/integration-test/target/test-dir/MiniOzoneClusterImpl-a51cb6f9-69a9-44ea-bf2b-ac78a0e144b1/datanode-9/data/ratis/56076cc2-019a-40e8-b5da-9a2401e47d95 has been successfully formatted.
2019-10-18 13:07:58,782 [pool-406-thread-1] INFO  ratis.ContainerStateMachine (ContainerStateMachine.java:loadSnapshot(231)) - group-9A2401E47D95: The snapshot info is null. Setting the last applied indexto:(t:0, i:~)
2019-10-18 13:07:58,782 [pool-416-thread-1] INFO  server.RaftServerConfigKeys (ConfUtils.java:logGet(43)) - raft.server.notification.no-leader.timeout = 120s (custom)
2019-10-18 13:07:58,783 [pool-406-thread-1] INFO  server.RaftServerConfigKeys (ConfUtils.java:logGet(43)) - raft.server.notification.no-leader.timeout = 120s (custom)
2019-10-18 13:07:58,782 [pool-486-thread-1] INFO  ratis.ContainerStateMachine (ContainerStateMachine.java:loadSnapshot(231)) - group-9A2401E47D95: The snapshot info is null. Setting the last applied indexto:(t:0, i:~)
2019-10-18 13:07:58,783 [pool-406-thread-1] INFO  server.RaftServerConfigKeys (ConfUtils.java:logGet(43)) - raft.server.log.use.memory = false (default)
2019-10-18 13:07:58,783 [pool-416-thread-1] INFO  server.RaftServerConfigKeys (ConfUtils.java:logGet(43)) - raft.server.log.use.memory = false (default)
2019-10-18 13:07:58,783 [pool-406-thread-1] INFO  server.RaftServerConfigKeys (ConfUtils.java:logGet(43)) - raft.server.log.purge.gap = 1000000 (custom)
2019-10-18 13:07:58,783 [pool-486-thread-1] INFO  server.RaftServerConfigKeys (ConfUtils.java:logGet(43)) - raft.server.notification.no-leader.timeout = 120s (custom)
2019-10-18 13:07:58,783 [pool-406-thread-1] INFO  server.RaftServerConfigKeys (ConfUtils.java:logGet(43)) - raft.server.log.appender.buffer.byte-limit = 33554432 (custom)
2019-10-18 13:07:58,783 [pool-416-thread-1] INFO  server.RaftServerConfigKeys (ConfUtils.java:logGet(43)) - raft.server.log.purge.gap = 1000000 (custom)
2019-10-18 13:07:58,783 [pool-406-thread-1] INFO  server.RaftServerConfigKeys (ConfUtils.java:logGet(43)) - raft.server.log.segment.size.max = 1048576 (custom)
2019-10-18 13:07:58,783 [pool-486-thread-1] INFO  server.RaftServerConfigKeys (ConfUtils.java:logGet(43)) - raft.server.log.use.memory = false (default)
2019-10-18 13:07:58,784 [pool-406-thread-1] INFO  server.RaftServerConfigKeys (ConfUtils.java:logGet(43)) - raft.server.log.segment.cache.num.max = 2 (custom)
2019-10-18 13:07:58,783 [pool-416-thread-1] INFO  server.RaftServerConfigKeys (ConfUtils.java:logGet(43)) - raft.server.log.appender.buffer.byte-limit = 33554432 (custom)
2019-10-18 13:07:58,784 [pool-406-thread-1] INFO  segmented.SegmentedRaftLogWorker (SegmentedRaftLogWorker.java:<init>(173)) - new 0e280119-6e3a-4f2d-a3bb-534f53e1c036@group-9A2401E47D95-SegmentedRaftLogWorker for RaftStorage:Storage Directory /workdir/hadoop-ozone/integration-test/target/test-dir/MiniOzoneClusterImpl-a51cb6f9-69a9-44ea-bf2b-ac78a0e144b1/datanode-1/data/ratis/56076cc2-019a-40e8-b5da-9a2401e47d95
2019-10-18 13:07:58,784 [pool-486-thread-1] INFO  server.RaftServerConfigKeys (ConfUtils.java:logGet(43)) - raft.server.log.purge.gap = 1000000 (custom)
2019-10-18 13:07:58,784 [pool-406-thread-1] INFO  server.RaftServerConfigKeys (ConfUtils.java:logGet(43)) - raft.server.log.queue.byte-limit = 2147483647 (custom)
2019-10-18 13:07:58,784 [pool-416-thread-1] INFO  server.RaftServerConfigKeys (ConfUtils.java:logGet(43)) - raft.server.log.segment.size.max = 1048576 (custom)
2019-10-18 13:07:58,784 [pool-406-thread-1] INFO  server.RaftServerConfigKeys (ConfUtils.java:logGet(43)) - raft.server.log.queue.element-limit = 1024 (custom)
2019-10-18 13:07:58,784 [pool-486-thread-1] INFO  server.RaftServerConfigKeys (ConfUtils.java:logGet(43)) - raft.server.log.appender.buffer.byte-limit = 33554432 (custom)
2019-10-18 13:07:58,785 [pool-406-thread-1] INFO  server.RaftServerConfigKeys (ConfUtils.java:logGet(43)) - raft.server.log.segment.size.max = 1048576 (custom)
2019-10-18 13:07:58,784 [pool-416-thread-1] INFO  server.RaftServerConfigKeys (ConfUtils.java:logGet(43)) - raft.server.log.segment.cache.num.max = 2 (custom)
2019-10-18 13:07:58,785 [pool-406-thread-1] INFO  server.RaftServerConfigKeys (ConfUtils.java:logGet(43)) - raft.server.log.preallocated.size = 16384 (custom)
2019-10-18 13:07:58,785 [pool-486-thread-1] INFO  server.RaftServerConfigKeys (ConfUtils.java:logGet(43)) - raft.server.log.segment.size.max = 1048576 (custom)
2019-10-18 13:07:58,785 [pool-406-thread-1] INFO  server.RaftServerConfigKeys (ConfUtils.java:logGet(43)) - raft.server.log.write.buffer.size = 33554432 (custom)
2019-10-18 13:07:58,785 [pool-416-thread-1] INFO  segmented.SegmentedRaftLogWorker (SegmentedRaftLogWorker.java:<init>(173)) - new f7720aae-b5ab-43ae-a8f0-7922fdbaf311@group-104DF360A9D0-SegmentedRaftLogWorker for RaftStorage:Storage Directory /workdir/hadoop-ozone/integration-test/target/test-dir/MiniOzoneClusterImpl-a51cb6f9-69a9-44ea-bf2b-ac78a0e144b1/datanode-2/data/ratis/d84a875c-78ba-48d6-a4ce-104df360a9d0
2019-10-18 13:07:58,785 [pool-406-thread-1] INFO  server.RaftServerConfigKeys (ConfUtils.java:logGet(43)) - raft.server.log.force.sync.num = 128 (default)
2019-10-18 13:07:58,785 [pool-486-thread-1] INFO  server.RaftServerConfigKeys (ConfUtils.java:logGet(43)) - raft.server.log.segment.cache.num.max = 2 (custom)
2019-10-18 13:07:58,785 [pool-406-thread-1] INFO  server.RaftServerConfigKeys (ConfUtils.java:logGet(43)) - raft.server.log.statemachine.data.sync = true (default)
2019-10-18 13:07:58,785 [pool-416-thread-1] INFO  server.RaftServerConfigKeys (ConfUtils.java:logGet(43)) - raft.server.log.queue.byte-limit = 2147483647 (custom)
2019-10-18 13:07:58,786 [pool-406-thread-1] INFO  server.RaftServerConfigKeys (ConfUtils.java:logGet(43)) - raft.server.log.statemachine.data.sync.timeout = 10s (default)
2019-10-18 13:07:58,785 [pool-486-thread-1] INFO  segmented.SegmentedRaftLogWorker (SegmentedRaftLogWorker.java:<init>(173)) - new 7d69770b-3355-4a82-aab2-02db9382227d@group-9A2401E47D95-SegmentedRaftLogWorker for RaftStorage:Storage Directory /workdir/hadoop-ozone/integration-test/target/test-dir/MiniOzoneClusterImpl-a51cb6f9-69a9-44ea-bf2b-ac78a0e144b1/datanode-9/data/ratis/56076cc2-019a-40e8-b5da-9a2401e47d95
2019-10-18 13:07:58,786 [pool-406-thread-1] INFO  server.RaftServerConfigKeys (ConfUtils.java:logGet(43)) - raft.server.log.statemachine.data.sync.timeout.retry = -1 (default)
2019-10-18 13:07:58,786 [pool-416-thread-1] INFO  server.RaftServerConfigKeys (ConfUtils.java:logGet(43)) - raft.server.log.queue.element-limit = 1024 (custom)
2019-10-18 13:07:58,786 [pool-406-thread-1] INFO  server.RaftServerConfigKeys (ConfUtils.java:logGet(43)) - raft.server.log.statemachine.data.caching.enabled = true (custom)
2019-10-18 13:07:58,786 [pool-486-thread-1] INFO  server.RaftServerConfigKeys (ConfUtils.java:logGet(43)) - raft.server.log.queue.byte-limit = 2147483647 (custom)
2019-10-18 13:07:58,786 [pool-416-thread-1] INFO  server.RaftServerConfigKeys (ConfUtils.java:logGet(43)) - raft.server.log.segment.size.max = 1048576 (custom)
2019-10-18 13:07:58,786 [pool-486-thread-1] INFO  server.RaftServerConfigKeys (ConfUtils.java:logGet(43)) - raft.server.log.queue.element-limit = 1024 (custom)
2019-10-18 13:07:58,786 [pool-416-thread-1] INFO  server.RaftServerConfigKeys (ConfUtils.java:logGet(43)) - raft.server.log.preallocated.size = 16384 (custom)
2019-10-18 13:07:58,786 [pool-406-thread-1] INFO  segmented.SegmentedRaftLogWorker (SegmentedRaftLogWorker.java:lambda$new$0(128)) - 0e280119-6e3a-4f2d-a3bb-534f53e1c036@group-9A2401E47D95-SegmentedRaftLogWorker: flushIndex: setUnconditionally 0 -> -1
2019-10-18 13:07:58,786 [pool-486-thread-1] INFO  server.RaftServerConfigKeys (ConfUtils.java:logGet(43)) - raft.server.log.segment.size.max = 1048576 (custom)
2019-10-18 13:07:58,787 [pool-416-thread-1] INFO  server.RaftServerConfigKeys (ConfUtils.java:logGet(43)) - raft.server.log.write.buffer.size = 33554432 (custom)
2019-10-18 13:07:58,787 [pool-486-thread-1] INFO  server.RaftServerConfigKeys (ConfUtils.java:logGet(43)) - raft.server.log.preallocated.size = 16384 (custom)
2019-10-18 13:07:58,787 [pool-406-thread-1] INFO  server.RaftServerConfigKeys (ConfUtils.java:logGet(43)) - raft.server.snapshot.auto.trigger.enabled = true (custom)
2019-10-18 13:07:58,787 [pool-416-thread-1] INFO  server.RaftServerConfigKeys (ConfUtils.java:logGet(43)) - raft.server.log.force.sync.num = 128 (default)
2019-10-18 13:07:58,787 [pool-406-thread-1] INFO  server.RaftServerConfigKeys (ConfUtils.java:logGet(43)) - raft.server.snapshot.auto.trigger.threshold = 10000 (custom)
2019-10-18 13:07:58,787 [pool-486-thread-1] INFO  server.RaftServerConfigKeys (ConfUtils.java:logGet(43)) - raft.server.log.write.buffer.size = 33554432 (custom)
2019-10-18 13:07:58,787 [pool-406-thread-1] INFO  server.RaftServerConfigKeys (ConfUtils.java:logGet(43)) - raft.server.snapshot.retention.file.num = 5 (custom)
2019-10-18 13:07:58,787 [pool-416-thread-1] INFO  server.RaftServerConfigKeys (ConfUtils.java:logGet(43)) - raft.server.log.statemachine.data.sync = true (default)
2019-10-18 13:07:58,788 [pool-406-thread-1] INFO  server.RaftServerConfigKeys (ConfUtils.java:logGet(43)) - raft.server.retrycache.expirytime = 600000ms (custom)
2019-10-18 13:07:58,787 [pool-486-thread-1] INFO  server.RaftServerConfigKeys (ConfUtils.java:logGet(43)) - raft.server.log.force.sync.num = 128 (default)
2019-10-18 13:07:58,788 [pool-416-thread-1] INFO  server.RaftServerConfigKeys (ConfUtils.java:logGet(43)) - raft.server.log.statemachine.data.sync.timeout = 10s (default)
2019-10-18 13:07:58,788 [pool-486-thread-1] INFO  server.RaftServerConfigKeys (ConfUtils.java:logGet(43)) - raft.server.log.statemachine.data.sync = true (default)
2019-10-18 13:07:58,788 [pool-416-thread-1] INFO  server.RaftServerConfigKeys (ConfUtils.java:logGet(43)) - raft.server.log.statemachine.data.sync.timeout.retry = -1 (default)
2019-10-18 13:07:58,788 [pool-486-thread-1] INFO  server.RaftServerConfigKeys (ConfUtils.java:logGet(43)) - raft.server.log.statemachine.data.sync.timeout = 10s (default)
2019-10-18 13:07:58,788 [pool-416-thread-1] INFO  server.RaftServerConfigKeys (ConfUtils.java:logGet(43)) - raft.server.log.statemachine.data.caching.enabled = true (custom)
2019-10-18 13:07:58,788 [pool-486-thread-1] INFO  server.RaftServerConfigKeys (ConfUtils.java:logGet(43)) - raft.server.log.statemachine.data.sync.timeout.retry = -1 (default)
2019-10-18 13:07:58,788 [pool-416-thread-1] INFO  segmented.SegmentedRaftLogWorker (SegmentedRaftLogWorker.java:lambda$new$0(128)) - f7720aae-b5ab-43ae-a8f0-7922fdbaf311@group-104DF360A9D0-SegmentedRaftLogWorker: flushIndex: setUnconditionally 0 -> -1
2019-10-18 13:07:58,788 [Datanode State Machine Thread - 0] INFO  statemachine.DatanodeStateMachine (DatanodeStateMachine.java:lambda$startDaemon$0(350)) - Ozone container server started.
2019-10-18 13:07:58,788 [pool-486-thread-1] INFO  server.RaftServerConfigKeys (ConfUtils.java:logGet(43)) - raft.server.log.statemachine.data.caching.enabled = true (custom)
2019-10-18 13:07:58,789 [pool-416-thread-1] INFO  server.RaftServerConfigKeys (ConfUtils.java:logGet(43)) - raft.server.snapshot.auto.trigger.enabled = true (custom)
2019-10-18 13:07:58,789 [pool-416-thread-1] INFO  server.RaftServerConfigKeys (ConfUtils.java:logGet(43)) - raft.server.snapshot.auto.trigger.threshold = 10000 (custom)
2019-10-18 13:07:58,789 [pool-486-thread-1] INFO  segmented.SegmentedRaftLogWorker (SegmentedRaftLogWorker.java:lambda$new$0(128)) - 7d69770b-3355-4a82-aab2-02db9382227d@group-9A2401E47D95-SegmentedRaftLogWorker: flushIndex: setUnconditionally 0 -> -1
2019-10-18 13:07:58,789 [pool-416-thread-1] INFO  server.RaftServerConfigKeys (ConfUtils.java:logGet(43)) - raft.server.snapshot.retention.file.num = 5 (custom)
2019-10-18 13:07:58,789 [pool-486-thread-1] INFO  server.RaftServerConfigKeys (ConfUtils.java:logGet(43)) - raft.server.snapshot.auto.trigger.enabled = true (custom)
2019-10-18 13:07:58,789 [pool-416-thread-1] INFO  server.RaftServerConfigKeys (ConfUtils.java:logGet(43)) - raft.server.retrycache.expirytime = 600000ms (custom)
2019-10-18 13:07:58,789 [pool-486-thread-1] INFO  server.RaftServerConfigKeys (ConfUtils.java:logGet(43)) - raft.server.snapshot.auto.trigger.threshold = 10000 (custom)
2019-10-18 13:07:58,789 [pool-486-thread-1] INFO  server.RaftServerConfigKeys (ConfUtils.java:logGet(43)) - raft.server.snapshot.retention.file.num = 5 (custom)
2019-10-18 13:07:58,789 [pool-486-thread-1] INFO  server.RaftServerConfigKeys (ConfUtils.java:logGet(43)) - raft.server.retrycache.expirytime = 600000ms (custom)
2019-10-18 13:07:58,792 [pool-406-thread-1] INFO  impl.RaftServerImpl (RaftServerImpl.java:<init>(104)) - 0e280119-6e3a-4f2d-a3bb-534f53e1c036: new RaftServerImpl for group-EC3E8056A4BB:[7d69770b-3355-4a82-aab2-02db9382227d:192.168.34.56:33301, f7720aae-b5ab-43ae-a8f0-7922fdbaf311:192.168.34.56:46404, 0e280119-6e3a-4f2d-a3bb-534f53e1c036:192.168.34.56:35105] with ContainerStateMachine:uninitialized
2019-10-18 13:07:58,792 [pool-406-thread-1] INFO  server.RaftServerConfigKeys (ConfUtils.java:logGet(43)) - raft.server.rpc.timeout.min = 1s (custom)
2019-10-18 13:07:58,792 [pool-406-thread-1] INFO  server.RaftServerConfigKeys (ConfUtils.java:logGet(43)) - raft.server.rpc.timeout.max = 1200ms (custom)
2019-10-18 13:07:58,793 [pool-406-thread-1] INFO  server.RaftServerConfigKeys (ConfUtils.java:logGet(43)) - raft.server.rpcslowness.timeout = 120s (custom)
2019-10-18 13:07:58,793 [pool-406-thread-1] INFO  server.RaftServerConfigKeys (ConfUtils.java:logGet(43)) - raft.server.sleep.deviation.threshold = 300 (default)
2019-10-18 13:07:58,793 [pool-416-thread-1] INFO  impl.RaftServerImpl (RaftServerImpl.java:<init>(104)) - f7720aae-b5ab-43ae-a8f0-7922fdbaf311: new RaftServerImpl for group-9A2401E47D95:[7d69770b-3355-4a82-aab2-02db9382227d:192.168.34.56:33301, f7720aae-b5ab-43ae-a8f0-7922fdbaf311:192.168.34.56:46404, 0e280119-6e3a-4f2d-a3bb-534f53e1c036:192.168.34.56:35105] with ContainerStateMachine:uninitialized
2019-10-18 13:07:58,793 [pool-406-thread-1] INFO  server.RaftServerConfigKeys (ConfUtils.java:logGet(43)) - raft.server.log.appender.install.snapshot.enabled = false (custom)
2019-10-18 13:07:58,793 [pool-416-thread-1] INFO  server.RaftServerConfigKeys (ConfUtils.java:logGet(43)) - raft.server.rpc.timeout.min = 1s (custom)
2019-10-18 13:07:58,793 [pool-406-thread-1] INFO  impl.RaftServerImpl (ServerState.java:<init>(103)) - 0e280119-6e3a-4f2d-a3bb-534f53e1c036@group-EC3E8056A4BB: ConfigurationManager, init=-1: [7d69770b-3355-4a82-aab2-02db9382227d:192.168.34.56:33301, f7720aae-b5ab-43ae-a8f0-7922fdbaf311:192.168.34.56:46404, 0e280119-6e3a-4f2d-a3bb-534f53e1c036:192.168.34.56:35105], old=null, confs=<EMPTY_MAP>
2019-10-18 13:07:58,793 [pool-486-thread-1] INFO  impl.RaftServerImpl (RaftServerImpl.java:<init>(104)) - 7d69770b-3355-4a82-aab2-02db9382227d: new RaftServerImpl for group-EC3E8056A4BB:[7d69770b-3355-4a82-aab2-02db9382227d:192.168.34.56:33301, f7720aae-b5ab-43ae-a8f0-7922fdbaf311:192.168.34.56:46404, 0e280119-6e3a-4f2d-a3bb-534f53e1c036:192.168.34.56:35105] with ContainerStateMachine:uninitialized
2019-10-18 13:07:58,793 [pool-416-thread-1] INFO  server.RaftServerConfigKeys (ConfUtils.java:logGet(43)) - raft.server.rpc.timeout.max = 1200ms (custom)
2019-10-18 13:07:58,793 [pool-486-thread-1] INFO  server.RaftServerConfigKeys (ConfUtils.java:logGet(43)) - raft.server.rpc.timeout.min = 1s (custom)
2019-10-18 13:07:58,793 [pool-406-thread-1] INFO  server.RaftServerConfigKeys (ConfUtils.java:logGet(43)) - raft.server.storage.dir = [/workdir/hadoop-ozone/integration-test/target/test-dir/MiniOzoneClusterImpl-a51cb6f9-69a9-44ea-bf2b-ac78a0e144b1/datanode-1/data/ratis] (custom)
2019-10-18 13:07:58,793 [pool-486-thread-1] INFO  server.RaftServerConfigKeys (ConfUtils.java:logGet(43)) - raft.server.rpc.timeout.max = 1200ms (custom)
2019-10-18 13:07:58,793 [pool-416-thread-1] INFO  server.RaftServerConfigKeys (ConfUtils.java:logGet(43)) - raft.server.rpcslowness.timeout = 120s (custom)
2019-10-18 13:07:58,794 [pool-486-thread-1] INFO  server.RaftServerConfigKeys (ConfUtils.java:logGet(43)) - raft.server.rpcslowness.timeout = 120s (custom)
2019-10-18 13:07:58,794 [pool-406-thread-1] INFO  server.RaftServerConfigKeys (ConfUtils.java:logGet(43)) - raft.server.log.corruption.policy = EXCEPTION (default)
2019-10-18 13:07:58,794 [pool-416-thread-1] INFO  server.RaftServerConfigKeys (ConfUtils.java:logGet(43)) - raft.server.sleep.deviation.threshold = 300 (default)
2019-10-18 13:07:58,794 [pool-486-thread-1] INFO  server.RaftServerConfigKeys (ConfUtils.java:logGet(43)) - raft.server.sleep.deviation.threshold = 300 (default)
2019-10-18 13:07:58,794 [pool-406-thread-1] INFO  storage.RaftStorageDirectory (RaftStorageDirectory.java:analyzeStorage(246)) - The storage directory /workdir/hadoop-ozone/integration-test/target/test-dir/MiniOzoneClusterImpl-a51cb6f9-69a9-44ea-bf2b-ac78a0e144b1/datanode-1/data/ratis/d6c9f8e0-f741-451e-b20f-ec3e8056a4bb does not exist. Creating ...
2019-10-18 13:07:58,794 [pool-416-thread-1] INFO  server.RaftServerConfigKeys (ConfUtils.java:logGet(43)) - raft.server.log.appender.install.snapshot.enabled = false (custom)
2019-10-18 13:07:58,794 [pool-486-thread-1] INFO  server.RaftServerConfigKeys (ConfUtils.java:logGet(43)) - raft.server.log.appender.install.snapshot.enabled = false (custom)
2019-10-18 13:07:58,794 [pool-416-thread-1] INFO  impl.RaftServerImpl (ServerState.java:<init>(103)) - f7720aae-b5ab-43ae-a8f0-7922fdbaf311@group-9A2401E47D95: ConfigurationManager, init=-1: [7d69770b-3355-4a82-aab2-02db9382227d:192.168.34.56:33301, f7720aae-b5ab-43ae-a8f0-7922fdbaf311:192.168.34.56:46404, 0e280119-6e3a-4f2d-a3bb-534f53e1c036:192.168.34.56:35105], old=null, confs=<EMPTY_MAP>
2019-10-18 13:07:58,794 [pool-486-thread-1] INFO  impl.RaftServerImpl (ServerState.java:<init>(103)) - 7d69770b-3355-4a82-aab2-02db9382227d@group-EC3E8056A4BB: ConfigurationManager, init=-1: [7d69770b-3355-4a82-aab2-02db9382227d:192.168.34.56:33301, f7720aae-b5ab-43ae-a8f0-7922fdbaf311:192.168.34.56:46404, 0e280119-6e3a-4f2d-a3bb-534f53e1c036:192.168.34.56:35105], old=null, confs=<EMPTY_MAP>
2019-10-18 13:07:58,794 [pool-416-thread-1] INFO  server.RaftServerConfigKeys (ConfUtils.java:logGet(43)) - raft.server.storage.dir = [/workdir/hadoop-ozone/integration-test/target/test-dir/MiniOzoneClusterImpl-a51cb6f9-69a9-44ea-bf2b-ac78a0e144b1/datanode-2/data/ratis] (custom)
2019-10-18 13:07:58,794 [pool-486-thread-1] INFO  server.RaftServerConfigKeys (ConfUtils.java:logGet(43)) - raft.server.storage.dir = [/workdir/hadoop-ozone/integration-test/target/test-dir/MiniOzoneClusterImpl-a51cb6f9-69a9-44ea-bf2b-ac78a0e144b1/datanode-9/data/ratis] (custom)
2019-10-18 13:07:58,795 [pool-416-thread-1] INFO  server.RaftServerConfigKeys (ConfUtils.java:logGet(43)) - raft.server.log.corruption.policy = EXCEPTION (default)
2019-10-18 13:07:58,795 [pool-486-thread-1] INFO  server.RaftServerConfigKeys (ConfUtils.java:logGet(43)) - raft.server.log.corruption.policy = EXCEPTION (default)
2019-10-18 13:07:58,795 [pool-416-thread-1] INFO  storage.RaftStorageDirectory (RaftStorageDirectory.java:analyzeStorage(246)) - The storage directory /workdir/hadoop-ozone/integration-test/target/test-dir/MiniOzoneClusterImpl-a51cb6f9-69a9-44ea-bf2b-ac78a0e144b1/datanode-2/data/ratis/56076cc2-019a-40e8-b5da-9a2401e47d95 does not exist. Creating ...
2019-10-18 13:07:58,795 [pool-486-thread-1] INFO  storage.RaftStorageDirectory (RaftStorageDirectory.java:analyzeStorage(246)) - The storage directory /workdir/hadoop-ozone/integration-test/target/test-dir/MiniOzoneClusterImpl-a51cb6f9-69a9-44ea-bf2b-ac78a0e144b1/datanode-9/data/ratis/d6c9f8e0-f741-451e-b20f-ec3e8056a4bb does not exist. Creating ...
2019-10-18 13:08:01,262 [0e280119-6e3a-4f2d-a3bb-534f53e1c036@group-61F4B561E702-LeaderElection620] INFO  impl.LeaderElection (LeaderElection.java:askForVotes(178)) - 0e280119-6e3a-4f2d-a3bb-534f53e1c036@group-61F4B561E702-LeaderElection620: begin an election at term 3 for -1: [7d69770b-3355-4a82-aab2-02db9382227d:192.168.34.56:33301, f7720aae-b5ab-43ae-a8f0-7922fdbaf311:192.168.34.56:46404, 0e280119-6e3a-4f2d-a3bb-534f53e1c036:192.168.34.56:35105], old=null
2019-10-18 13:08:01,262 [7d69770b-3355-4a82-aab2-02db9382227d@group-61F4B561E702-LeaderElection619] INFO  impl.LeaderElection (LeaderElection.java:askForVotes(178)) - 7d69770b-3355-4a82-aab2-02db9382227d@group-61F4B561E702-LeaderElection619: begin an election at term 3 for -1: [7d69770b-3355-4a82-aab2-02db9382227d:192.168.34.56:33301, f7720aae-b5ab-43ae-a8f0-7922fdbaf311:192.168.34.56:46404, 0e280119-6e3a-4f2d-a3bb-534f53e1c036:192.168.34.56:35105], old=null
2019-10-18 13:08:01,264 [grpc-default-executor-6] WARN  server.GrpcServerProtocolService (LogUtils.java:warn(134)) - f7720aae-b5ab-43ae-a8f0-7922fdbaf311: Failed requestVote 7d69770b-3355-4a82-aab2-02db9382227d->f7720aae-b5ab-43ae-a8f0-7922fdbaf311#0: org.apache.ratis.protocol.ServerNotReadyException: f7720aae-b5ab-43ae-a8f0-7922fdbaf311@group-61F4B561E702 is not in [RUNNING]: current state is NEW
2019-10-18 13:08:01,264 [grpc-default-executor-1] WARN  server.GrpcServerProtocolService (LogUtils.java:warn(134)) - f7720aae-b5ab-43ae-a8f0-7922fdbaf311: Failed requestVote 0e280119-6e3a-4f2d-a3bb-534f53e1c036->f7720aae-b5ab-43ae-a8f0-7922fdbaf311#0: org.apache.ratis.protocol.ServerNotReadyException: f7720aae-b5ab-43ae-a8f0-7922fdbaf311@group-61F4B561E702 is not in [RUNNING]: current state is NEW
2019-10-18 13:08:01,266 [7d69770b-3355-4a82-aab2-02db9382227d@group-61F4B561E702-LeaderElection619] INFO  impl.LeaderElection (LogUtils.java:infoOrTrace(149)) - 7d69770b-3355-4a82-aab2-02db9382227d@group-61F4B561E702-LeaderElection619 got exception when requesting votes: {}
java.util.concurrent.ExecutionException: org.apache.ratis.thirdparty.io.grpc.StatusRuntimeException: INTERNAL: f7720aae-b5ab-43ae-a8f0-7922fdbaf311@group-61F4B561E702 is not in [RUNNING]: current state is NEW
	at java.util.concurrent.FutureTask.report(FutureTask.java:122)
	at java.util.concurrent.FutureTask.get(FutureTask.java:192)
	at org.apache.ratis.server.impl.LeaderElection.waitForResults(LeaderElection.java:259)
	at org.apache.ratis.server.impl.LeaderElection.askForVotes(LeaderElection.java:197)
	at org.apache.ratis.server.impl.LeaderElection.run(LeaderElection.java:133)
	at java.lang.Thread.run(Thread.java:748)
Caused by: org.apache.ratis.thirdparty.io.grpc.StatusRuntimeException: INTERNAL: f7720aae-b5ab-43ae-a8f0-7922fdbaf311@group-61F4B561E702 is not in [RUNNING]: current state is NEW
	at org.apache.ratis.thirdparty.io.grpc.stub.ClientCalls.toStatusRuntimeException(ClientCalls.java:233)
	at org.apache.ratis.thirdparty.io.grpc.stub.ClientCalls.getUnchecked(ClientCalls.java:214)
	at org.apache.ratis.thirdparty.io.grpc.stub.ClientCalls.blockingUnaryCall(ClientCalls.java:139)
	at org.apache.ratis.proto.grpc.RaftServerProtocolServiceGrpc$RaftServerProtocolServiceBlockingStub.requestVote(RaftServerProtocolServiceGrpc.java:265)
	at org.apache.ratis.grpc.server.GrpcServerProtocolClient.requestVote(GrpcServerProtocolClient.java:99)
	at org.apache.ratis.grpc.server.GrpcService.requestVote(GrpcService.java:204)
	at org.apache.ratis.server.impl.LeaderElection.lambda$submitRequests$1(LeaderElection.java:234)
	at java.util.concurrent.FutureTask.run(FutureTask.java:266)
	at java.util.concurrent.Executors$RunnableAdapter.call(Executors.java:511)
	at java.util.concurrent.FutureTask.run(FutureTask.java:266)
	at java.util.concurrent.ThreadPoolExecutor.runWorker(ThreadPoolExecutor.java:1149)
	at java.util.concurrent.ThreadPoolExecutor$Worker.run(ThreadPoolExecutor.java:624)
	... 1 more
2019-10-18 13:08:01,266 [0e280119-6e3a-4f2d-a3bb-534f53e1c036@group-61F4B561E702-LeaderElection620] INFO  impl.LeaderElection (LogUtils.java:infoOrTrace(149)) - 0e280119-6e3a-4f2d-a3bb-534f53e1c036@group-61F4B561E702-LeaderElection620 got exception when requesting votes: {}
java.util.concurrent.ExecutionException: org.apache.ratis.thirdparty.io.grpc.StatusRuntimeException: INTERNAL: f7720aae-b5ab-43ae-a8f0-7922fdbaf311@group-61F4B561E702 is not in [RUNNING]: current state is NEW
	at java.util.concurrent.FutureTask.report(FutureTask.java:122)
	at java.util.concurrent.FutureTask.get(FutureTask.java:192)
	at org.apache.ratis.server.impl.LeaderElection.waitForResults(LeaderElection.java:259)
	at org.apache.ratis.server.impl.LeaderElection.askForVotes(LeaderElection.java:197)
	at org.apache.ratis.server.impl.LeaderElection.run(LeaderElection.java:133)
	at java.lang.Thread.run(Thread.java:748)
Caused by: org.apache.ratis.thirdparty.io.grpc.StatusRuntimeException: INTERNAL: f7720aae-b5ab-43ae-a8f0-7922fdbaf311@group-61F4B561E702 is not in [RUNNING]: current state is NEW
	at org.apache.ratis.thirdparty.io.grpc.stub.ClientCalls.toStatusRuntimeException(ClientCalls.java:233)
	at org.apache.ratis.thirdparty.io.grpc.stub.ClientCalls.getUnchecked(ClientCalls.java:214)
	at org.apache.ratis.thirdparty.io.grpc.stub.ClientCalls.blockingUnaryCall(ClientCalls.java:139)
	at org.apache.ratis.proto.grpc.RaftServerProtocolServiceGrpc$RaftServerProtocolServiceBlockingStub.requestVote(RaftServerProtocolServiceGrpc.java:265)
	at org.apache.ratis.grpc.server.GrpcServerProtocolClient.requestVote(GrpcServerProtocolClient.java:99)
	at org.apache.ratis.grpc.server.GrpcService.requestVote(GrpcService.java:204)
	at org.apache.ratis.server.impl.LeaderElection.lambda$submitRequests$1(LeaderElection.java:234)
	at java.util.concurrent.FutureTask.run(FutureTask.java:266)
	at java.util.concurrent.Executors$RunnableAdapter.call(Executors.java:511)
	at java.util.concurrent.FutureTask.run(FutureTask.java:266)
	at java.util.concurrent.ThreadPoolExecutor.runWorker(ThreadPoolExecutor.java:1149)
	at java.util.concurrent.ThreadPoolExecutor$Worker.run(ThreadPoolExecutor.java:624)
	... 1 more
2019-10-18 13:08:01,267 [7d69770b-3355-4a82-aab2-02db9382227d@group-61F4B561E702-LeaderElection619] INFO  impl.LeaderElection (LeaderElection.java:logAndReturn(56)) - 7d69770b-3355-4a82-aab2-02db9382227d@group-61F4B561E702-LeaderElection619: Election REJECTED; received 1 response(s) [7d69770b-3355-4a82-aab2-02db9382227d<-0e280119-6e3a-4f2d-a3bb-534f53e1c036#0:FAIL-t3] and 1 exception(s); 7d69770b-3355-4a82-aab2-02db9382227d@group-61F4B561E702:t3, leader=null, voted=7d69770b-3355-4a82-aab2-02db9382227d, raftlog=7d69770b-3355-4a82-aab2-02db9382227d@group-61F4B561E702-SegmentedRaftLog:OPENED:c-1,f-1,i0, conf=-1: [7d69770b-3355-4a82-aab2-02db9382227d:192.168.34.56:33301, f7720aae-b5ab-43ae-a8f0-7922fdbaf311:192.168.34.56:46404, 0e280119-6e3a-4f2d-a3bb-534f53e1c036:192.168.34.56:35105], old=null
2019-10-18 13:08:01,267 [0e280119-6e3a-4f2d-a3bb-534f53e1c036@group-61F4B561E702-LeaderElection620] INFO  impl.LeaderElection (LeaderElection.java:logAndReturn(56)) - 0e280119-6e3a-4f2d-a3bb-534f53e1c036@group-61F4B561E702-LeaderElection620: Election REJECTED; received 1 response(s) [0e280119-6e3a-4f2d-a3bb-534f53e1c036<-7d69770b-3355-4a82-aab2-02db9382227d#0:FAIL-t3] and 1 exception(s); 0e280119-6e3a-4f2d-a3bb-534f53e1c036@group-61F4B561E702:t3, leader=null, voted=0e280119-6e3a-4f2d-a3bb-534f53e1c036, raftlog=0e280119-6e3a-4f2d-a3bb-534f53e1c036@group-61F4B561E702-SegmentedRaftLog:OPENED:c-1,f-1,i0, conf=-1: [7d69770b-3355-4a82-aab2-02db9382227d:192.168.34.56:33301, f7720aae-b5ab-43ae-a8f0-7922fdbaf311:192.168.34.56:46404, 0e280119-6e3a-4f2d-a3bb-534f53e1c036:192.168.34.56:35105], old=null
2019-10-18 13:08:01,267 [0e280119-6e3a-4f2d-a3bb-534f53e1c036@group-61F4B561E702-LeaderElection620] INFO  impl.LeaderElection (LogUtils.java:infoOrTrace(149)) -   Exception 0: {}
java.util.concurrent.ExecutionException: org.apache.ratis.thirdparty.io.grpc.StatusRuntimeException: INTERNAL: f7720aae-b5ab-43ae-a8f0-7922fdbaf311@group-61F4B561E702 is not in [RUNNING]: current state is NEW
	at java.util.concurrent.FutureTask.report(FutureTask.java:122)
	at java.util.concurrent.FutureTask.get(FutureTask.java:192)
	at org.apache.ratis.server.impl.LeaderElection.waitForResults(LeaderElection.java:259)
	at org.apache.ratis.server.impl.LeaderElection.askForVotes(LeaderElection.java:197)
	at org.apache.ratis.server.impl.LeaderElection.run(LeaderElection.java:133)
	at java.lang.Thread.run(Thread.java:748)
Caused by: org.apache.ratis.thirdparty.io.grpc.StatusRuntimeException: INTERNAL: f7720aae-b5ab-43ae-a8f0-7922fdbaf311@group-61F4B561E702 is not in [RUNNING]: current state is NEW
	at org.apache.ratis.thirdparty.io.grpc.stub.ClientCalls.toStatusRuntimeException(ClientCalls.java:233)
	at org.apache.ratis.thirdparty.io.grpc.stub.ClientCalls.getUnchecked(ClientCalls.java:214)
	at org.apache.ratis.thirdparty.io.grpc.stub.ClientCalls.blockingUnaryCall(ClientCalls.java:139)
	at org.apache.ratis.proto.grpc.RaftServerProtocolServiceGrpc$RaftServerProtocolServiceBlockingStub.requestVote(RaftServerProtocolServiceGrpc.java:265)
	at org.apache.ratis.grpc.server.GrpcServerProtocolClient.requestVote(GrpcServerProtocolClient.java:99)
	at org.apache.ratis.grpc.server.GrpcService.requestVote(GrpcService.java:204)
	at org.apache.ratis.server.impl.LeaderElection.lambda$submitRequests$1(LeaderElection.java:234)
	at java.util.concurrent.FutureTask.run(FutureTask.java:266)
	at java.util.concurrent.Executors$RunnableAdapter.call(Executors.java:511)
	at java.util.concurrent.FutureTask.run(FutureTask.java:266)
	at java.util.concurrent.ThreadPoolExecutor.runWorker(ThreadPoolExecutor.java:1149)
	at java.util.concurrent.ThreadPoolExecutor$Worker.run(ThreadPoolExecutor.java:624)
	... 1 more
2019-10-18 13:08:01,267 [7d69770b-3355-4a82-aab2-02db9382227d@group-61F4B561E702-LeaderElection619] INFO  impl.LeaderElection (LogUtils.java:infoOrTrace(149)) -   Exception 0: {}
java.util.concurrent.ExecutionException: org.apache.ratis.thirdparty.io.grpc.StatusRuntimeException: INTERNAL: f7720aae-b5ab-43ae-a8f0-7922fdbaf311@group-61F4B561E702 is not in [RUNNING]: current state is NEW
	at java.util.concurrent.FutureTask.report(FutureTask.java:122)
	at java.util.concurrent.FutureTask.get(FutureTask.java:192)
	at org.apache.ratis.server.impl.LeaderElection.waitForResults(LeaderElection.java:259)
	at org.apache.ratis.server.impl.LeaderElection.askForVotes(LeaderElection.java:197)
	at org.apache.ratis.server.impl.LeaderElection.run(LeaderElection.java:133)
	at java.lang.Thread.run(Thread.java:748)
Caused by: org.apache.ratis.thirdparty.io.grpc.StatusRuntimeException: INTERNAL: f7720aae-b5ab-43ae-a8f0-7922fdbaf311@group-61F4B561E702 is not in [RUNNING]: current state is NEW
	at org.apache.ratis.thirdparty.io.grpc.stub.ClientCalls.toStatusRuntimeException(ClientCalls.java:233)
	at org.apache.ratis.thirdparty.io.grpc.stub.ClientCalls.getUnchecked(ClientCalls.java:214)
	at org.apache.ratis.thirdparty.io.grpc.stub.ClientCalls.blockingUnaryCall(ClientCalls.java:139)
	at org.apache.ratis.proto.grpc.RaftServerProtocolServiceGrpc$RaftServerProtocolServiceBlockingStub.requestVote(RaftServerProtocolServiceGrpc.java:265)
	at org.apache.ratis.grpc.server.GrpcServerProtocolClient.requestVote(GrpcServerProtocolClient.java:99)
	at org.apache.ratis.grpc.server.GrpcService.requestVote(GrpcService.java:204)
	at org.apache.ratis.server.impl.LeaderElection.lambda$submitRequests$1(LeaderElection.java:234)
	at java.util.concurrent.FutureTask.run(FutureTask.java:266)
	at java.util.concurrent.Executors$RunnableAdapter.call(Executors.java:511)
	at java.util.concurrent.FutureTask.run(FutureTask.java:266)
	at java.util.concurrent.ThreadPoolExecutor.runWorker(ThreadPoolExecutor.java:1149)
	at java.util.concurrent.ThreadPoolExecutor$Worker.run(ThreadPoolExecutor.java:624)
	... 1 more
2019-10-18 13:08:01,267 [0e280119-6e3a-4f2d-a3bb-534f53e1c036@group-61F4B561E702-LeaderElection620] INFO  impl.RaftServerImpl (RaftServerImpl.java:setRole(184)) - 0e280119-6e3a-4f2d-a3bb-534f53e1c036@group-61F4B561E702: changes role from CANDIDATE to FOLLOWER at term 3 for DISCOVERED_A_NEW_TERM
2019-10-18 13:08:01,268 [7d69770b-3355-4a82-aab2-02db9382227d@group-61F4B561E702-LeaderElection619] INFO  impl.RaftServerImpl (RaftServerImpl.java:setRole(184)) - 7d69770b-3355-4a82-aab2-02db9382227d@group-61F4B561E702: changes role from CANDIDATE to FOLLOWER at term 3 for DISCOVERED_A_NEW_TERM
2019-10-18 13:08:01,268 [0e280119-6e3a-4f2d-a3bb-534f53e1c036@group-61F4B561E702-LeaderElection620] INFO  impl.RoleInfo (RoleInfo.java:shutdownLeaderElection(134)) - 0e280119-6e3a-4f2d-a3bb-534f53e1c036: shutdown LeaderElection
2019-10-18 13:08:01,268 [7d69770b-3355-4a82-aab2-02db9382227d@group-61F4B561E702-LeaderElection619] INFO  impl.RoleInfo (RoleInfo.java:shutdownLeaderElection(134)) - 7d69770b-3355-4a82-aab2-02db9382227d: shutdown LeaderElection
2019-10-18 13:08:01,268 [0e280119-6e3a-4f2d-a3bb-534f53e1c036@group-61F4B561E702-LeaderElection620] INFO  impl.RoleInfo (RoleInfo.java:updateAndGet(143)) - 0e280119-6e3a-4f2d-a3bb-534f53e1c036: start FollowerState
2019-10-18 13:08:01,268 [7d69770b-3355-4a82-aab2-02db9382227d@group-61F4B561E702-LeaderElection619] INFO  impl.RoleInfo (RoleInfo.java:updateAndGet(143)) - 7d69770b-3355-4a82-aab2-02db9382227d: start FollowerState
2019-10-18 13:08:01,427 [Thread-6139] INFO  impl.FollowerState (FollowerState.java:run(108)) - 0e280119-6e3a-4f2d-a3bb-534f53e1c036@group-61F4B561E702-FollowerState: change to CANDIDATE, lastRpcTime:159ms, electionTimeout:159ms
2019-10-18 13:08:01,427 [Thread-6139] INFO  impl.RoleInfo (RoleInfo.java:shutdownFollowerState(121)) - 0e280119-6e3a-4f2d-a3bb-534f53e1c036: shutdown FollowerState
2019-10-18 13:08:01,428 [Thread-6139] INFO  impl.RaftServerImpl (RaftServerImpl.java:setRole(184)) - 0e280119-6e3a-4f2d-a3bb-534f53e1c036@group-61F4B561E702: changes role from  FOLLOWER to CANDIDATE at term 3 for changeToCandidate
2019-10-18 13:08:01,428 [Thread-6139] INFO  impl.RoleInfo (RoleInfo.java:updateAndGet(143)) - 0e280119-6e3a-4f2d-a3bb-534f53e1c036: start LeaderElection
2019-10-18 13:08:01,462 [Thread-6140] INFO  impl.FollowerState (FollowerState.java:run(108)) - 7d69770b-3355-4a82-aab2-02db9382227d@group-61F4B561E702-FollowerState: change to CANDIDATE, lastRpcTime:194ms, electionTimeout:194ms
2019-10-18 13:08:01,462 [Thread-6140] INFO  impl.RoleInfo (RoleInfo.java:shutdownFollowerState(121)) - 7d69770b-3355-4a82-aab2-02db9382227d: shutdown FollowerState
2019-10-18 13:08:01,463 [Thread-6140] INFO  impl.RaftServerImpl (RaftServerImpl.java:setRole(184)) - 7d69770b-3355-4a82-aab2-02db9382227d@group-61F4B561E702: changes role from  FOLLOWER to CANDIDATE at term 3 for changeToCandidate
2019-10-18 13:08:01,463 [Thread-6140] INFO  impl.RoleInfo (RoleInfo.java:updateAndGet(143)) - 7d69770b-3355-4a82-aab2-02db9382227d: start LeaderElection
2019-10-18 13:08:02,822 [ForkJoinPool.commonPool-worker-0] INFO  ozoneimpl.OzoneContainer (OzoneContainer.java:stop(227)) - Attempting to stop container services.
2019-10-18 13:08:02,822 [main] INFO  ozoneimpl.OzoneContainer (OzoneContainer.java:stop(227)) - Attempting to stop container services.
2019-10-18 13:08:02,823 [main] INFO  impl.RaftServerProxy (RaftServerProxy.java:lambda$close$4(314)) - 7c7129d1-a130-4a65-b21a-43018cd4e34c: close
2019-10-18 13:08:02,823 [main] INFO  server.GrpcService (GrpcService.java:closeImpl(164)) - 7c7129d1-a130-4a65-b21a-43018cd4e34c: shutdown server with port 33014 now
2019-10-18 13:08:02,824 [main] INFO  server.GrpcService (GrpcService.java:closeImpl(172)) - 7c7129d1-a130-4a65-b21a-43018cd4e34c: shutdown server with port 33014 successfully
2019-10-18 13:08:02,829 [refreshUsed-/workdir/hadoop-ozone/integration-test/target/test-dir/MiniOzoneClusterImpl-a51cb6f9-69a9-44ea-bf2b-ac78a0e144b1/datanode-5/data/containers] WARN  fs.CachingGetSpaceUsed (CachingGetSpaceUsed.java:run(183)) - Thread Interrupted waiting to refresh disk information: sleep interrupted
2019-10-18 13:08:02,842 [main] INFO  utils.BackgroundService (BackgroundService.java:shutdown(151)) - Shutting down service BlockDeletingService
2019-10-18 13:08:02,848 [main] INFO  statemachine.DatanodeStateMachine (DatanodeStateMachine.java:stopDaemon(395)) - Ozone container server stopped.
2019-10-18 13:08:02,849 [main] INFO  handler.ContextHandler (ContextHandler.java:doStop(910)) - Stopped o.e.j.w.WebAppContext@4ef18604{/,null,UNAVAILABLE}{/hddsDatanode}
2019-10-18 13:08:02,849 [main] INFO  server.AbstractConnector (AbstractConnector.java:doStop(318)) - Stopped ServerConnector@372f0a99{HTTP/1.1,[http/1.1]}{0.0.0.0:0}
2019-10-18 13:08:02,849 [main] INFO  handler.ContextHandler (ContextHandler.java:doStop(910)) - Stopped o.e.j.s.ServletContextHandler@1118d539{/static,jar:file:/home/user/.m2/repository/org/apache/hadoop/hadoop-hdds-container-service/0.5.0-SNAPSHOT/hadoop-hdds-container-service-0.5.0-SNAPSHOT.jar!/webapps/static,UNAVAILABLE}
2019-10-18 13:08:02,850 [main] INFO  handler.ContextHandler (ContextHandler.java:doStop(910)) - Stopped o.e.j.s.ServletContextHandler@492be039{/logs,file:///workdir/hadoop-ozone/integration-test/target/log,UNAVAILABLE}
2019-10-18 13:08:03,142 [pool-406-thread-1] INFO  storage.RaftStorageDirectory (RaftStorageDirectory.java:tryLock(328)) - Lock on /workdir/hadoop-ozone/integration-test/target/test-dir/MiniOzoneClusterImpl-a51cb6f9-69a9-44ea-bf2b-ac78a0e144b1/datanode-1/data/ratis/d6c9f8e0-f741-451e-b20f-ec3e8056a4bb/in_use.lock acquired by nodename 21203@pr-hdds-2330-xmbvw-1183399999
2019-10-18 13:08:03,142 [pool-416-thread-1] INFO  storage.RaftStorageDirectory (RaftStorageDirectory.java:tryLock(328)) - Lock on /workdir/hadoop-ozone/integration-test/target/test-dir/MiniOzoneClusterImpl-a51cb6f9-69a9-44ea-bf2b-ac78a0e144b1/datanode-2/data/ratis/56076cc2-019a-40e8-b5da-9a2401e47d95/in_use.lock acquired by nodename 21203@pr-hdds-2330-xmbvw-1183399999
2019-10-18 13:08:03,142 [pool-486-thread-1] INFO  storage.RaftStorageDirectory (RaftStorageDirectory.java:tryLock(328)) - Lock on /workdir/hadoop-ozone/integration-test/target/test-dir/MiniOzoneClusterImpl-a51cb6f9-69a9-44ea-bf2b-ac78a0e144b1/datanode-9/data/ratis/d6c9f8e0-f741-451e-b20f-ec3e8056a4bb/in_use.lock acquired by nodename 21203@pr-hdds-2330-xmbvw-1183399999
2019-10-18 13:08:03,264 [Datanode State Machine Thread - 0] INFO  statemachine.DatanodeStateMachine (DatanodeStateMachine.java:lambda$startDaemon$0(350)) - Ozone container server started.
2019-10-18 13:08:05,396 [0e280119-6e3a-4f2d-a3bb-534f53e1c036@group-61F4B561E702-LeaderElection621] INFO  impl.LeaderElection (LeaderElection.java:askForVotes(178)) - 0e280119-6e3a-4f2d-a3bb-534f53e1c036@group-61F4B561E702-LeaderElection621: begin an election at term 4 for -1: [7d69770b-3355-4a82-aab2-02db9382227d:192.168.34.56:33301, f7720aae-b5ab-43ae-a8f0-7922fdbaf311:192.168.34.56:46404, 0e280119-6e3a-4f2d-a3bb-534f53e1c036:192.168.34.56:35105], old=null
2019-10-18 13:08:05,396 [7d69770b-3355-4a82-aab2-02db9382227d@group-61F4B561E702-LeaderElection622] INFO  impl.LeaderElection (LeaderElection.java:askForVotes(178)) - 7d69770b-3355-4a82-aab2-02db9382227d@group-61F4B561E702-LeaderElection622: begin an election at term 4 for -1: [7d69770b-3355-4a82-aab2-02db9382227d:192.168.34.56:33301, f7720aae-b5ab-43ae-a8f0-7922fdbaf311:192.168.34.56:46404, 0e280119-6e3a-4f2d-a3bb-534f53e1c036:192.168.34.56:35105], old=null
2019-10-18 13:08:05,399 [grpc-default-executor-5] WARN  server.GrpcServerProtocolService (LogUtils.java:warn(134)) - f7720aae-b5ab-43ae-a8f0-7922fdbaf311: Failed requestVote 0e280119-6e3a-4f2d-a3bb-534f53e1c036->f7720aae-b5ab-43ae-a8f0-7922fdbaf311#0: org.apache.ratis.protocol.ServerNotReadyException: f7720aae-b5ab-43ae-a8f0-7922fdbaf311@group-61F4B561E702 is not in [RUNNING]: current state is NEW
2019-10-18 13:08:05,399 [grpc-default-executor-6] WARN  server.GrpcServerProtocolService (LogUtils.java:warn(134)) - f7720aae-b5ab-43ae-a8f0-7922fdbaf311: Failed requestVote 7d69770b-3355-4a82-aab2-02db9382227d->f7720aae-b5ab-43ae-a8f0-7922fdbaf311#0: org.apache.ratis.protocol.ServerNotReadyException: f7720aae-b5ab-43ae-a8f0-7922fdbaf311@group-61F4B561E702 is not in [RUNNING]: current state is NEW
2019-10-18 13:08:05,401 [0e280119-6e3a-4f2d-a3bb-534f53e1c036@group-61F4B561E702-LeaderElection621] INFO  impl.LeaderElection (LogUtils.java:infoOrTrace(149)) - 0e280119-6e3a-4f2d-a3bb-534f53e1c036@group-61F4B561E702-LeaderElection621 got exception when requesting votes: {}
java.util.concurrent.ExecutionException: org.apache.ratis.thirdparty.io.grpc.StatusRuntimeException: INTERNAL: f7720aae-b5ab-43ae-a8f0-7922fdbaf311@group-61F4B561E702 is not in [RUNNING]: current state is NEW
	at java.util.concurrent.FutureTask.report(FutureTask.java:122)
	at java.util.concurrent.FutureTask.get(FutureTask.java:192)
	at org.apache.ratis.server.impl.LeaderElection.waitForResults(LeaderElection.java:259)
	at org.apache.ratis.server.impl.LeaderElection.askForVotes(LeaderElection.java:197)
	at org.apache.ratis.server.impl.LeaderElection.run(LeaderElection.java:133)
	at java.lang.Thread.run(Thread.java:748)
Caused by: org.apache.ratis.thirdparty.io.grpc.StatusRuntimeException: INTERNAL: f7720aae-b5ab-43ae-a8f0-7922fdbaf311@group-61F4B561E702 is not in [RUNNING]: current state is NEW
	at org.apache.ratis.thirdparty.io.grpc.stub.ClientCalls.toStatusRuntimeException(ClientCalls.java:233)
	at org.apache.ratis.thirdparty.io.grpc.stub.ClientCalls.getUnchecked(ClientCalls.java:214)
	at org.apache.ratis.thirdparty.io.grpc.stub.ClientCalls.blockingUnaryCall(ClientCalls.java:139)
	at org.apache.ratis.proto.grpc.RaftServerProtocolServiceGrpc$RaftServerProtocolServiceBlockingStub.requestVote(RaftServerProtocolServiceGrpc.java:265)
	at org.apache.ratis.grpc.server.GrpcServerProtocolClient.requestVote(GrpcServerProtocolClient.java:99)
	at org.apache.ratis.grpc.server.GrpcService.requestVote(GrpcService.java:204)
	at org.apache.ratis.server.impl.LeaderElection.lambda$submitRequests$1(LeaderElection.java:234)
	at java.util.concurrent.FutureTask.run(FutureTask.java:266)
	at java.util.concurrent.Executors$RunnableAdapter.call(Executors.java:511)
	at java.util.concurrent.FutureTask.run(FutureTask.java:266)
	at java.util.concurrent.ThreadPoolExecutor.runWorker(ThreadPoolExecutor.java:1149)
	at java.util.concurrent.ThreadPoolExecutor$Worker.run(ThreadPoolExecutor.java:624)
	... 1 more
2019-10-18 13:08:05,402 [0e280119-6e3a-4f2d-a3bb-534f53e1c036@group-61F4B561E702-LeaderElection621] INFO  impl.LeaderElection (LeaderElection.java:logAndReturn(56)) - 0e280119-6e3a-4f2d-a3bb-534f53e1c036@group-61F4B561E702-LeaderElection621: Election REJECTED; received 1 response(s) [0e280119-6e3a-4f2d-a3bb-534f53e1c036<-7d69770b-3355-4a82-aab2-02db9382227d#0:FAIL-t4] and 1 exception(s); 0e280119-6e3a-4f2d-a3bb-534f53e1c036@group-61F4B561E702:t4, leader=null, voted=0e280119-6e3a-4f2d-a3bb-534f53e1c036, raftlog=0e280119-6e3a-4f2d-a3bb-534f53e1c036@group-61F4B561E702-SegmentedRaftLog:OPENED:c-1,f-1,i0, conf=-1: [7d69770b-3355-4a82-aab2-02db9382227d:192.168.34.56:33301, f7720aae-b5ab-43ae-a8f0-7922fdbaf311:192.168.34.56:46404, 0e280119-6e3a-4f2d-a3bb-534f53e1c036:192.168.34.56:35105], old=null
2019-10-18 13:08:05,402 [0e280119-6e3a-4f2d-a3bb-534f53e1c036@group-61F4B561E702-LeaderElection621] INFO  impl.LeaderElection (LogUtils.java:infoOrTrace(149)) -   Exception 0: {}
java.util.concurrent.ExecutionException: org.apache.ratis.thirdparty.io.grpc.StatusRuntimeException: INTERNAL: f7720aae-b5ab-43ae-a8f0-7922fdbaf311@group-61F4B561E702 is not in [RUNNING]: current state is NEW
	at java.util.concurrent.FutureTask.report(FutureTask.java:122)
	at java.util.concurrent.FutureTask.get(FutureTask.java:192)
	at org.apache.ratis.server.impl.LeaderElection.waitForResults(LeaderElection.java:259)
	at org.apache.ratis.server.impl.LeaderElection.askForVotes(LeaderElection.java:197)
	at org.apache.ratis.server.impl.LeaderElection.run(LeaderElection.java:133)
	at java.lang.Thread.run(Thread.java:748)
Caused by: org.apache.ratis.thirdparty.io.grpc.StatusRuntimeException: INTERNAL: f7720aae-b5ab-43ae-a8f0-7922fdbaf311@group-61F4B561E702 is not in [RUNNING]: current state is NEW
	at org.apache.ratis.thirdparty.io.grpc.stub.ClientCalls.toStatusRuntimeException(ClientCalls.java:233)
	at org.apache.ratis.thirdparty.io.grpc.stub.ClientCalls.getUnchecked(ClientCalls.java:214)
	at org.apache.ratis.thirdparty.io.grpc.stub.ClientCalls.blockingUnaryCall(ClientCalls.java:139)
	at org.apache.ratis.proto.grpc.RaftServerProtocolServiceGrpc$RaftServerProtocolServiceBlockingStub.requestVote(RaftServerProtocolServiceGrpc.java:265)
	at org.apache.ratis.grpc.server.GrpcServerProtocolClient.requestVote(GrpcServerProtocolClient.java:99)
	at org.apache.ratis.grpc.server.GrpcService.requestVote(GrpcService.java:204)
	at org.apache.ratis.server.impl.LeaderElection.lambda$submitRequests$1(LeaderElection.java:234)
	at java.util.concurrent.FutureTask.run(FutureTask.java:266)
	at java.util.concurrent.Executors$RunnableAdapter.call(Executors.java:511)
	at java.util.concurrent.FutureTask.run(FutureTask.java:266)
	at java.util.concurrent.ThreadPoolExecutor.runWorker(ThreadPoolExecutor.java:1149)
	at java.util.concurrent.ThreadPoolExecutor$Worker.run(ThreadPoolExecutor.java:624)
	... 1 more
2019-10-18 13:08:05,402 [7d69770b-3355-4a82-aab2-02db9382227d@group-61F4B561E702-LeaderElection622] INFO  impl.LeaderElection (LogUtils.java:infoOrTrace(149)) - 7d69770b-3355-4a82-aab2-02db9382227d@group-61F4B561E702-LeaderElection622 got exception when requesting votes: {}
java.util.concurrent.ExecutionException: org.apache.ratis.thirdparty.io.grpc.StatusRuntimeException: INTERNAL: f7720aae-b5ab-43ae-a8f0-7922fdbaf311@group-61F4B561E702 is not in [RUNNING]: current state is NEW
	at java.util.concurrent.FutureTask.report(FutureTask.java:122)
	at java.util.concurrent.FutureTask.get(FutureTask.java:192)
	at org.apache.ratis.server.impl.LeaderElection.waitForResults(LeaderElection.java:259)
	at org.apache.ratis.server.impl.LeaderElection.askForVotes(LeaderElection.java:197)
	at org.apache.ratis.server.impl.LeaderElection.run(LeaderElection.java:133)
	at java.lang.Thread.run(Thread.java:748)
Caused by: org.apache.ratis.thirdparty.io.grpc.StatusRuntimeException: INTERNAL: f7720aae-b5ab-43ae-a8f0-7922fdbaf311@group-61F4B561E702 is not in [RUNNING]: current state is NEW
	at org.apache.ratis.thirdparty.io.grpc.stub.ClientCalls.toStatusRuntimeException(ClientCalls.java:233)
	at org.apache.ratis.thirdparty.io.grpc.stub.ClientCalls.getUnchecked(ClientCalls.java:214)
	at org.apache.ratis.thirdparty.io.grpc.stub.ClientCalls.blockingUnaryCall(ClientCalls.java:139)
	at org.apache.ratis.proto.grpc.RaftServerProtocolServiceGrpc$RaftServerProtocolServiceBlockingStub.requestVote(RaftServerProtocolServiceGrpc.java:265)
	at org.apache.ratis.grpc.server.GrpcServerProtocolClient.requestVote(GrpcServerProtocolClient.java:99)
	at org.apache.ratis.grpc.server.GrpcService.requestVote(GrpcService.java:204)
	at org.apache.ratis.server.impl.LeaderElection.lambda$submitRequests$1(LeaderElection.java:234)
	at java.util.concurrent.FutureTask.run(FutureTask.java:266)
	at java.util.concurrent.Executors$RunnableAdapter.call(Executors.java:511)
	at java.util.concurrent.FutureTask.run(FutureTask.java:266)
	at java.util.concurrent.ThreadPoolExecutor.runWorker(ThreadPoolExecutor.java:1149)
	at java.util.concurrent.ThreadPoolExecutor$Worker.run(ThreadPoolExecutor.java:624)
	... 1 more
2019-10-18 13:08:05,402 [0e280119-6e3a-4f2d-a3bb-534f53e1c036@group-61F4B561E702-LeaderElection621] INFO  impl.RaftServerImpl (RaftServerImpl.java:setRole(184)) - 0e280119-6e3a-4f2d-a3bb-534f53e1c036@group-61F4B561E702: changes role from CANDIDATE to FOLLOWER at term 4 for DISCOVERED_A_NEW_TERM
2019-10-18 13:08:05,403 [7d69770b-3355-4a82-aab2-02db9382227d@group-61F4B561E702-LeaderElection622] INFO  impl.LeaderElection (LeaderElection.java:logAndReturn(56)) - 7d69770b-3355-4a82-aab2-02db9382227d@group-61F4B561E702-LeaderElection622: Election REJECTED; received 1 response(s) [7d69770b-3355-4a82-aab2-02db9382227d<-0e280119-6e3a-4f2d-a3bb-534f53e1c036#0:FAIL-t4] and 1 exception(s); 7d69770b-3355-4a82-aab2-02db9382227d@group-61F4B561E702:t4, leader=null, voted=7d69770b-3355-4a82-aab2-02db9382227d, raftlog=7d69770b-3355-4a82-aab2-02db9382227d@group-61F4B561E702-SegmentedRaftLog:OPENED:c-1,f-1,i0, conf=-1: [7d69770b-3355-4a82-aab2-02db9382227d:192.168.34.56:33301, f7720aae-b5ab-43ae-a8f0-7922fdbaf311:192.168.34.56:46404, 0e280119-6e3a-4f2d-a3bb-534f53e1c036:192.168.34.56:35105], old=null
2019-10-18 13:08:05,403 [0e280119-6e3a-4f2d-a3bb-534f53e1c036@group-61F4B561E702-LeaderElection621] INFO  impl.RoleInfo (RoleInfo.java:shutdownLeaderElection(134)) - 0e280119-6e3a-4f2d-a3bb-534f53e1c036: shutdown LeaderElection
2019-10-18 13:08:05,403 [7d69770b-3355-4a82-aab2-02db9382227d@group-61F4B561E702-LeaderElection622] INFO  impl.LeaderElection (LogUtils.java:infoOrTrace(149)) -   Exception 0: {}
java.util.concurrent.ExecutionException: org.apache.ratis.thirdparty.io.grpc.StatusRuntimeException: INTERNAL: f7720aae-b5ab-43ae-a8f0-7922fdbaf311@group-61F4B561E702 is not in [RUNNING]: current state is NEW
	at java.util.concurrent.FutureTask.report(FutureTask.java:122)
	at java.util.concurrent.FutureTask.get(FutureTask.java:192)
	at org.apache.ratis.server.impl.LeaderElection.waitForResults(LeaderElection.java:259)
	at org.apache.ratis.server.impl.LeaderElection.askForVotes(LeaderElection.java:197)
	at org.apache.ratis.server.impl.LeaderElection.run(LeaderElection.java:133)
	at java.lang.Thread.run(Thread.java:748)
Caused by: org.apache.ratis.thirdparty.io.grpc.StatusRuntimeException: INTERNAL: f7720aae-b5ab-43ae-a8f0-7922fdbaf311@group-61F4B561E702 is not in [RUNNING]: current state is NEW
	at org.apache.ratis.thirdparty.io.grpc.stub.ClientCalls.toStatusRuntimeException(ClientCalls.java:233)
	at org.apache.ratis.thirdparty.io.grpc.stub.ClientCalls.getUnchecked(ClientCalls.java:214)
	at org.apache.ratis.thirdparty.io.grpc.stub.ClientCalls.blockingUnaryCall(ClientCalls.java:139)
	at org.apache.ratis.proto.grpc.RaftServerProtocolServiceGrpc$RaftServerProtocolServiceBlockingStub.requestVote(RaftServerProtocolServiceGrpc.java:265)
	at org.apache.ratis.grpc.server.GrpcServerProtocolClient.requestVote(GrpcServerProtocolClient.java:99)
	at org.apache.ratis.grpc.server.GrpcService.requestVote(GrpcService.java:204)
	at org.apache.ratis.server.impl.LeaderElection.lambda$submitRequests$1(LeaderElection.java:234)
	at java.util.concurrent.FutureTask.run(FutureTask.java:266)
	at java.util.concurrent.Executors$RunnableAdapter.call(Executors.java:511)
	at java.util.concurrent.FutureTask.run(FutureTask.java:266)
	at java.util.concurrent.ThreadPoolExecutor.runWorker(ThreadPoolExecutor.java:1149)
	at java.util.concurrent.ThreadPoolExecutor$Worker.run(ThreadPoolExecutor.java:624)
	... 1 more
2019-10-18 13:08:05,403 [0e280119-6e3a-4f2d-a3bb-534f53e1c036@group-61F4B561E702-LeaderElection621] INFO  impl.RoleInfo (RoleInfo.java:updateAndGet(143)) - 0e280119-6e3a-4f2d-a3bb-534f53e1c036: start FollowerState
2019-10-18 13:08:05,403 [7d69770b-3355-4a82-aab2-02db9382227d@group-61F4B561E702-LeaderElection622] INFO  impl.RaftServerImpl (RaftServerImpl.java:setRole(184)) - 7d69770b-3355-4a82-aab2-02db9382227d@group-61F4B561E702: changes role from CANDIDATE to FOLLOWER at term 4 for DISCOVERED_A_NEW_TERM
2019-10-18 13:08:05,403 [7d69770b-3355-4a82-aab2-02db9382227d@group-61F4B561E702-LeaderElection622] INFO  impl.RoleInfo (RoleInfo.java:shutdownLeaderElection(134)) - 7d69770b-3355-4a82-aab2-02db9382227d: shutdown LeaderElection
2019-10-18 13:08:05,403 [7d69770b-3355-4a82-aab2-02db9382227d@group-61F4B561E702-LeaderElection622] INFO  impl.RoleInfo (RoleInfo.java:updateAndGet(143)) - 7d69770b-3355-4a82-aab2-02db9382227d: start FollowerState
2019-10-18 13:08:05,579 [Thread-6148] INFO  impl.FollowerState (FollowerState.java:run(108)) - 7d69770b-3355-4a82-aab2-02db9382227d@group-61F4B561E702-FollowerState: change to CANDIDATE, lastRpcTime:175ms, electionTimeout:175ms
2019-10-18 13:08:05,579 [Thread-6148] INFO  impl.RoleInfo (RoleInfo.java:shutdownFollowerState(121)) - 7d69770b-3355-4a82-aab2-02db9382227d: shutdown FollowerState
2019-10-18 13:08:05,579 [Thread-6148] INFO  impl.RaftServerImpl (RaftServerImpl.java:setRole(184)) - 7d69770b-3355-4a82-aab2-02db9382227d@group-61F4B561E702: changes role from  FOLLOWER to CANDIDATE at term 4 for changeToCandidate
2019-10-18 13:08:05,579 [Thread-6147] INFO  impl.FollowerState (FollowerState.java:run(108)) - 0e280119-6e3a-4f2d-a3bb-534f53e1c036@group-61F4B561E702-FollowerState: change to CANDIDATE, lastRpcTime:176ms, electionTimeout:176ms
2019-10-18 13:08:05,579 [Thread-6148] INFO  impl.RoleInfo (RoleInfo.java:updateAndGet(143)) - 7d69770b-3355-4a82-aab2-02db9382227d: start LeaderElection
2019-10-18 13:08:05,579 [Thread-6147] INFO  impl.RoleInfo (RoleInfo.java:shutdownFollowerState(121)) - 0e280119-6e3a-4f2d-a3bb-534f53e1c036: shutdown FollowerState
2019-10-18 13:08:05,580 [Thread-6147] INFO  impl.RaftServerImpl (RaftServerImpl.java:setRole(184)) - 0e280119-6e3a-4f2d-a3bb-534f53e1c036@group-61F4B561E702: changes role from  FOLLOWER to CANDIDATE at term 4 for changeToCandidate
2019-10-18 13:08:05,580 [Thread-6147] INFO  impl.RoleInfo (RoleInfo.java:updateAndGet(143)) - 0e280119-6e3a-4f2d-a3bb-534f53e1c036: start LeaderElection
2019-10-18 13:08:07,606 [pool-416-thread-1] INFO  storage.RaftStorage (RaftStorage.java:format(84)) - Storage directory /workdir/hadoop-ozone/integration-test/target/test-dir/MiniOzoneClusterImpl-a51cb6f9-69a9-44ea-bf2b-ac78a0e144b1/datanode-2/data/ratis/56076cc2-019a-40e8-b5da-9a2401e47d95 has been successfully formatted.
2019-10-18 13:08:07,606 [pool-486-thread-1] INFO  storage.RaftStorage (RaftStorage.java:format(84)) - Storage directory /workdir/hadoop-ozone/integration-test/target/test-dir/MiniOzoneClusterImpl-a51cb6f9-69a9-44ea-bf2b-ac78a0e144b1/datanode-9/data/ratis/d6c9f8e0-f741-451e-b20f-ec3e8056a4bb has been successfully formatted.
2019-10-18 13:08:07,606 [pool-406-thread-1] INFO  storage.RaftStorage (RaftStorage.java:format(84)) - Storage directory /workdir/hadoop-ozone/integration-test/target/test-dir/MiniOzoneClusterImpl-a51cb6f9-69a9-44ea-bf2b-ac78a0e144b1/datanode-1/data/ratis/d6c9f8e0-f741-451e-b20f-ec3e8056a4bb has been successfully formatted.
2019-10-18 13:08:07,607 [pool-416-thread-1] INFO  ratis.ContainerStateMachine (ContainerStateMachine.java:loadSnapshot(231)) - group-9A2401E47D95: The snapshot info is null. Setting the last applied indexto:(t:0, i:~)
2019-10-18 13:08:07,607 [pool-406-thread-1] INFO  ratis.ContainerStateMachine (ContainerStateMachine.java:loadSnapshot(231)) - group-EC3E8056A4BB: The snapshot info is null. Setting the last applied indexto:(t:0, i:~)
2019-10-18 13:08:07,607 [pool-486-thread-1] INFO  ratis.ContainerStateMachine (ContainerStateMachine.java:loadSnapshot(231)) - group-EC3E8056A4BB: The snapshot info is null. Setting the last applied indexto:(t:0, i:~)
2019-10-18 13:08:07,607 [pool-486-thread-1] INFO  server.RaftServerConfigKeys (ConfUtils.java:logGet(43)) - raft.server.notification.no-leader.timeout = 120s (custom)
2019-10-18 13:08:07,607 [pool-406-thread-1] INFO  server.RaftServerConfigKeys (ConfUtils.java:logGet(43)) - raft.server.notification.no-leader.timeout = 120s (custom)
2019-10-18 13:08:07,607 [pool-416-thread-1] INFO  server.RaftServerConfigKeys (ConfUtils.java:logGet(43)) - raft.server.notification.no-leader.timeout = 120s (custom)
2019-10-18 13:08:07,608 [pool-406-thread-1] INFO  server.RaftServerConfigKeys (ConfUtils.java:logGet(43)) - raft.server.log.use.memory = false (default)
2019-10-18 13:08:07,608 [pool-486-thread-1] INFO  server.RaftServerConfigKeys (ConfUtils.java:logGet(43)) - raft.server.log.use.memory = false (default)
2019-10-18 13:08:07,608 [pool-416-thread-1] INFO  server.RaftServerConfigKeys (ConfUtils.java:logGet(43)) - raft.server.log.use.memory = false (default)
2019-10-18 13:08:07,608 [pool-406-thread-1] INFO  server.RaftServerConfigKeys (ConfUtils.java:logGet(43)) - raft.server.log.purge.gap = 1000000 (custom)
2019-10-18 13:08:07,608 [pool-486-thread-1] INFO  server.RaftServerConfigKeys (ConfUtils.java:logGet(43)) - raft.server.log.purge.gap = 1000000 (custom)
2019-10-18 13:08:07,608 [pool-406-thread-1] INFO  server.RaftServerConfigKeys (ConfUtils.java:logGet(43)) - raft.server.log.appender.buffer.byte-limit = 33554432 (custom)
2019-10-18 13:08:07,608 [pool-416-thread-1] INFO  server.RaftServerConfigKeys (ConfUtils.java:logGet(43)) - raft.server.log.purge.gap = 1000000 (custom)
2019-10-18 13:08:07,608 [pool-406-thread-1] INFO  server.RaftServerConfigKeys (ConfUtils.java:logGet(43)) - raft.server.log.segment.size.max = 1048576 (custom)
2019-10-18 13:08:07,608 [pool-486-thread-1] INFO  server.RaftServerConfigKeys (ConfUtils.java:logGet(43)) - raft.server.log.appender.buffer.byte-limit = 33554432 (custom)
2019-10-18 13:08:07,609 [pool-416-thread-1] INFO  server.RaftServerConfigKeys (ConfUtils.java:logGet(43)) - raft.server.log.appender.buffer.byte-limit = 33554432 (custom)
2019-10-18 13:08:07,609 [pool-406-thread-1] INFO  server.RaftServerConfigKeys (ConfUtils.java:logGet(43)) - raft.server.log.segment.cache.num.max = 2 (custom)
2019-10-18 13:08:07,609 [pool-486-thread-1] INFO  server.RaftServerConfigKeys (ConfUtils.java:logGet(43)) - raft.server.log.segment.size.max = 1048576 (custom)
2019-10-18 13:08:07,609 [pool-406-thread-1] INFO  segmented.SegmentedRaftLogWorker (SegmentedRaftLogWorker.java:<init>(173)) - new 0e280119-6e3a-4f2d-a3bb-534f53e1c036@group-EC3E8056A4BB-SegmentedRaftLogWorker for RaftStorage:Storage Directory /workdir/hadoop-ozone/integration-test/target/test-dir/MiniOzoneClusterImpl-a51cb6f9-69a9-44ea-bf2b-ac78a0e144b1/datanode-1/data/ratis/d6c9f8e0-f741-451e-b20f-ec3e8056a4bb
2019-10-18 13:08:07,609 [pool-416-thread-1] INFO  server.RaftServerConfigKeys (ConfUtils.java:logGet(43)) - raft.server.log.segment.size.max = 1048576 (custom)
2019-10-18 13:08:07,609 [pool-406-thread-1] INFO  server.RaftServerConfigKeys (ConfUtils.java:logGet(43)) - raft.server.log.queue.byte-limit = 2147483647 (custom)
2019-10-18 13:08:07,609 [pool-486-thread-1] INFO  server.RaftServerConfigKeys (ConfUtils.java:logGet(43)) - raft.server.log.segment.cache.num.max = 2 (custom)
2019-10-18 13:08:07,609 [pool-406-thread-1] INFO  server.RaftServerConfigKeys (ConfUtils.java:logGet(43)) - raft.server.log.queue.element-limit = 1024 (custom)
2019-10-18 13:08:07,609 [pool-416-thread-1] INFO  server.RaftServerConfigKeys (ConfUtils.java:logGet(43)) - raft.server.log.segment.cache.num.max = 2 (custom)
2019-10-18 13:08:07,610 [pool-406-thread-1] INFO  server.RaftServerConfigKeys (ConfUtils.java:logGet(43)) - raft.server.log.segment.size.max = 1048576 (custom)
2019-10-18 13:08:07,609 [pool-486-thread-1] INFO  segmented.SegmentedRaftLogWorker (SegmentedRaftLogWorker.java:<init>(173)) - new 7d69770b-3355-4a82-aab2-02db9382227d@group-EC3E8056A4BB-SegmentedRaftLogWorker for RaftStorage:Storage Directory /workdir/hadoop-ozone/integration-test/target/test-dir/MiniOzoneClusterImpl-a51cb6f9-69a9-44ea-bf2b-ac78a0e144b1/datanode-9/data/ratis/d6c9f8e0-f741-451e-b20f-ec3e8056a4bb
2019-10-18 13:08:07,610 [pool-406-thread-1] INFO  server.RaftServerConfigKeys (ConfUtils.java:logGet(43)) - raft.server.log.preallocated.size = 16384 (custom)
2019-10-18 13:08:07,610 [pool-416-thread-1] INFO  segmented.SegmentedRaftLogWorker (SegmentedRaftLogWorker.java:<init>(173)) - new f7720aae-b5ab-43ae-a8f0-7922fdbaf311@group-9A2401E47D95-SegmentedRaftLogWorker for RaftStorage:Storage Directory /workdir/hadoop-ozone/integration-test/target/test-dir/MiniOzoneClusterImpl-a51cb6f9-69a9-44ea-bf2b-ac78a0e144b1/datanode-2/data/ratis/56076cc2-019a-40e8-b5da-9a2401e47d95
2019-10-18 13:08:07,610 [pool-406-thread-1] INFO  server.RaftServerConfigKeys (ConfUtils.java:logGet(43)) - raft.server.log.write.buffer.size = 33554432 (custom)
2019-10-18 13:08:07,610 [pool-486-thread-1] INFO  server.RaftServerConfigKeys (ConfUtils.java:logGet(43)) - raft.server.log.queue.byte-limit = 2147483647 (custom)
2019-10-18 13:08:07,610 [pool-406-thread-1] INFO  server.RaftServerConfigKeys (ConfUtils.java:logGet(43)) - raft.server.log.force.sync.num = 128 (default)
2019-10-18 13:08:07,610 [pool-416-thread-1] INFO  server.RaftServerConfigKeys (ConfUtils.java:logGet(43)) - raft.server.log.queue.byte-limit = 2147483647 (custom)
2019-10-18 13:08:07,610 [pool-486-thread-1] INFO  server.RaftServerConfigKeys (ConfUtils.java:logGet(43)) - raft.server.log.queue.element-limit = 1024 (custom)
2019-10-18 13:08:07,610 [pool-416-thread-1] INFO  server.RaftServerConfigKeys (ConfUtils.java:logGet(43)) - raft.server.log.queue.element-limit = 1024 (custom)
2019-10-18 13:08:07,610 [pool-406-thread-1] INFO  server.RaftServerConfigKeys (ConfUtils.java:logGet(43)) - raft.server.log.statemachine.data.sync = true (default)
2019-10-18 13:08:07,611 [pool-416-thread-1] INFO  server.RaftServerConfigKeys (ConfUtils.java:logGet(43)) - raft.server.log.segment.size.max = 1048576 (custom)
2019-10-18 13:08:07,611 [pool-486-thread-1] INFO  server.RaftServerConfigKeys (ConfUtils.java:logGet(43)) - raft.server.log.segment.size.max = 1048576 (custom)
2019-10-18 13:08:07,611 [pool-416-thread-1] INFO  server.RaftServerConfigKeys (ConfUtils.java:logGet(43)) - raft.server.log.preallocated.size = 16384 (custom)
2019-10-18 13:08:07,611 [pool-406-thread-1] INFO  server.RaftServerConfigKeys (ConfUtils.java:logGet(43)) - raft.server.log.statemachine.data.sync.timeout = 10s (default)
2019-10-18 13:08:07,611 [pool-416-thread-1] INFO  server.RaftServerConfigKeys (ConfUtils.java:logGet(43)) - raft.server.log.write.buffer.size = 33554432 (custom)
2019-10-18 13:08:07,611 [pool-486-thread-1] INFO  server.RaftServerConfigKeys (ConfUtils.java:logGet(43)) - raft.server.log.preallocated.size = 16384 (custom)
2019-10-18 13:08:07,611 [pool-416-thread-1] INFO  server.RaftServerConfigKeys (ConfUtils.java:logGet(43)) - raft.server.log.force.sync.num = 128 (default)
2019-10-18 13:08:07,611 [pool-406-thread-1] INFO  server.RaftServerConfigKeys (ConfUtils.java:logGet(43)) - raft.server.log.statemachine.data.sync.timeout.retry = -1 (default)
2019-10-18 13:08:07,611 [pool-416-thread-1] INFO  server.RaftServerConfigKeys (ConfUtils.java:logGet(43)) - raft.server.log.statemachine.data.sync = true (default)
2019-10-18 13:08:07,611 [pool-486-thread-1] INFO  server.RaftServerConfigKeys (ConfUtils.java:logGet(43)) - raft.server.log.write.buffer.size = 33554432 (custom)
2019-10-18 13:08:07,612 [pool-406-thread-1] INFO  server.RaftServerConfigKeys (ConfUtils.java:logGet(43)) - raft.server.log.statemachine.data.caching.enabled = true (custom)
2019-10-18 13:08:07,612 [pool-416-thread-1] INFO  server.RaftServerConfigKeys (ConfUtils.java:logGet(43)) - raft.server.log.statemachine.data.sync.timeout = 10s (default)
2019-10-18 13:08:07,612 [pool-486-thread-1] INFO  server.RaftServerConfigKeys (ConfUtils.java:logGet(43)) - raft.server.log.force.sync.num = 128 (default)
2019-10-18 13:08:07,612 [pool-416-thread-1] INFO  server.RaftServerConfigKeys (ConfUtils.java:logGet(43)) - raft.server.log.statemachine.data.sync.timeout.retry = -1 (default)
2019-10-18 13:08:07,612 [pool-486-thread-1] INFO  server.RaftServerConfigKeys (ConfUtils.java:logGet(43)) - raft.server.log.statemachine.data.sync = true (default)
2019-10-18 13:08:07,612 [pool-416-thread-1] INFO  server.RaftServerConfigKeys (ConfUtils.java:logGet(43)) - raft.server.log.statemachine.data.caching.enabled = true (custom)
2019-10-18 13:08:07,612 [pool-406-thread-1] INFO  segmented.SegmentedRaftLogWorker (SegmentedRaftLogWorker.java:lambda$new$0(128)) - 0e280119-6e3a-4f2d-a3bb-534f53e1c036@group-EC3E8056A4BB-SegmentedRaftLogWorker: flushIndex: setUnconditionally 0 -> -1
2019-10-18 13:08:07,612 [pool-486-thread-1] INFO  server.RaftServerConfigKeys (ConfUtils.java:logGet(43)) - raft.server.log.statemachine.data.sync.timeout = 10s (default)
2019-10-18 13:08:07,612 [pool-416-thread-1] INFO  segmented.SegmentedRaftLogWorker (SegmentedRaftLogWorker.java:lambda$new$0(128)) - f7720aae-b5ab-43ae-a8f0-7922fdbaf311@group-9A2401E47D95-SegmentedRaftLogWorker: flushIndex: setUnconditionally 0 -> -1
2019-10-18 13:08:07,612 [pool-486-thread-1] INFO  server.RaftServerConfigKeys (ConfUtils.java:logGet(43)) - raft.server.log.statemachine.data.sync.timeout.retry = -1 (default)
2019-10-18 13:08:07,613 [pool-416-thread-1] INFO  server.RaftServerConfigKeys (ConfUtils.java:logGet(43)) - raft.server.snapshot.auto.trigger.enabled = true (custom)
2019-10-18 13:08:07,613 [pool-486-thread-1] INFO  server.RaftServerConfigKeys (ConfUtils.java:logGet(43)) - raft.server.log.statemachine.data.caching.enabled = true (custom)
2019-10-18 13:08:07,613 [pool-406-thread-1] INFO  server.RaftServerConfigKeys (ConfUtils.java:logGet(43)) - raft.server.snapshot.auto.trigger.enabled = true (custom)
2019-10-18 13:08:07,613 [pool-486-thread-1] INFO  segmented.SegmentedRaftLogWorker (SegmentedRaftLogWorker.java:lambda$new$0(128)) - 7d69770b-3355-4a82-aab2-02db9382227d@group-EC3E8056A4BB-SegmentedRaftLogWorker: flushIndex: setUnconditionally 0 -> -1
2019-10-18 13:08:07,613 [pool-416-thread-1] INFO  server.RaftServerConfigKeys (ConfUtils.java:logGet(43)) - raft.server.snapshot.auto.trigger.threshold = 10000 (custom)
2019-10-18 13:08:07,613 [pool-406-thread-1] INFO  server.RaftServerConfigKeys (ConfUtils.java:logGet(43)) - raft.server.snapshot.auto.trigger.threshold = 10000 (custom)
2019-10-18 13:08:07,613 [pool-416-thread-1] INFO  server.RaftServerConfigKeys (ConfUtils.java:logGet(43)) - raft.server.snapshot.retention.file.num = 5 (custom)
2019-10-18 13:08:07,613 [pool-486-thread-1] INFO  server.RaftServerConfigKeys (ConfUtils.java:logGet(43)) - raft.server.snapshot.auto.trigger.enabled = true (custom)
2019-10-18 13:08:07,613 [pool-416-thread-1] INFO  server.RaftServerConfigKeys (ConfUtils.java:logGet(43)) - raft.server.retrycache.expirytime = 600000ms (custom)
2019-10-18 13:08:07,613 [pool-406-thread-1] INFO  server.RaftServerConfigKeys (ConfUtils.java:logGet(43)) - raft.server.snapshot.retention.file.num = 5 (custom)
2019-10-18 13:08:07,613 [pool-486-thread-1] INFO  server.RaftServerConfigKeys (ConfUtils.java:logGet(43)) - raft.server.snapshot.auto.trigger.threshold = 10000 (custom)
2019-10-18 13:08:07,614 [pool-406-thread-1] INFO  server.RaftServerConfigKeys (ConfUtils.java:logGet(43)) - raft.server.retrycache.expirytime = 600000ms (custom)
2019-10-18 13:08:07,614 [pool-486-thread-1] INFO  server.RaftServerConfigKeys (ConfUtils.java:logGet(43)) - raft.server.snapshot.retention.file.num = 5 (custom)
2019-10-18 13:08:07,614 [pool-486-thread-1] INFO  server.RaftServerConfigKeys (ConfUtils.java:logGet(43)) - raft.server.retrycache.expirytime = 600000ms (custom)
2019-10-18 13:08:07,618 [pool-486-thread-1] INFO  impl.RaftServerImpl (RaftServerImpl.java:start(195)) - 7d69770b-3355-4a82-aab2-02db9382227d@group-9A2401E47D95: start as a follower, conf=-1: [7d69770b-3355-4a82-aab2-02db9382227d:192.168.34.56:33301, f7720aae-b5ab-43ae-a8f0-7922fdbaf311:192.168.34.56:46404, 0e280119-6e3a-4f2d-a3bb-534f53e1c036:192.168.34.56:35105], old=null
2019-10-18 13:08:07,618 [pool-406-thread-1] INFO  impl.RaftServerImpl (RaftServerImpl.java:start(195)) - 0e280119-6e3a-4f2d-a3bb-534f53e1c036@group-9A2401E47D95: start as a follower, conf=-1: [7d69770b-3355-4a82-aab2-02db9382227d:192.168.34.56:33301, f7720aae-b5ab-43ae-a8f0-7922fdbaf311:192.168.34.56:46404, 0e280119-6e3a-4f2d-a3bb-534f53e1c036:192.168.34.56:35105], old=null
2019-10-18 13:08:07,618 [pool-486-thread-1] INFO  impl.RaftServerImpl (RaftServerImpl.java:setRole(184)) - 7d69770b-3355-4a82-aab2-02db9382227d@group-9A2401E47D95: changes role from      null to FOLLOWER at term 0 for startAsFollower
2019-10-18 13:08:07,618 [pool-406-thread-1] INFO  impl.RaftServerImpl (RaftServerImpl.java:setRole(184)) - 0e280119-6e3a-4f2d-a3bb-534f53e1c036@group-9A2401E47D95: changes role from      null to FOLLOWER at term 0 for startAsFollower
2019-10-18 13:08:07,618 [pool-486-thread-1] INFO  impl.RoleInfo (RoleInfo.java:updateAndGet(143)) - 7d69770b-3355-4a82-aab2-02db9382227d: start FollowerState
2019-10-18 13:08:07,618 [pool-406-thread-1] INFO  impl.RoleInfo (RoleInfo.java:updateAndGet(143)) - 0e280119-6e3a-4f2d-a3bb-534f53e1c036: start FollowerState
2019-10-18 13:08:07,619 [pool-416-thread-1] INFO  impl.RaftServerProxy (RaftServerProxy.java:remove(95)) - f7720aae-b5ab-43ae-a8f0-7922fdbaf311: remove      null f7720aae-b5ab-43ae-a8f0-7922fdbaf311@group-9A2401E47D95:t0, leader=null, voted=null, raftlog=f7720aae-b5ab-43ae-a8f0-7922fdbaf311@group-9A2401E47D95-SegmentedRaftLog:OPENED:c-1,f-1,i0, conf=-1: [7d69770b-3355-4a82-aab2-02db9382227d:192.168.34.56:33301, f7720aae-b5ab-43ae-a8f0-7922fdbaf311:192.168.34.56:46404, 0e280119-6e3a-4f2d-a3bb-534f53e1c036:192.168.34.56:35105], old=null NEW
2019-10-18 13:08:07,619 [pool-406-thread-1] INFO  util.JmxRegister (JmxRegister.java:tryRegister(44)) - Successfully registered JMX Bean with object name Ratis:service=RaftServer,group=group-9A2401E47D95,id=0e280119-6e3a-4f2d-a3bb-534f53e1c036
2019-10-18 13:08:07,619 [pool-486-thread-1] INFO  util.JmxRegister (JmxRegister.java:tryRegister(44)) - Successfully registered JMX Bean with object name Ratis:service=RaftServer,group=group-9A2401E47D95,id=7d69770b-3355-4a82-aab2-02db9382227d
2019-10-18 13:08:07,619 [pool-416-thread-1] WARN  impl.RaftServerProxy (RaftServerProxy.java:lambda$groupAddAsync$11(388)) - f7720aae-b5ab-43ae-a8f0-7922fdbaf311: Failed groupAdd* GroupManagementRequest:client-1778C732E730->f7720aae-b5ab-43ae-a8f0-7922fdbaf311@group-9A2401E47D95, cid=99, seq=0, RW, null, Add:group-9A2401E47D95:[7d69770b-3355-4a82-aab2-02db9382227d:192.168.34.56:33301, f7720aae-b5ab-43ae-a8f0-7922fdbaf311:192.168.34.56:46404, 0e280119-6e3a-4f2d-a3bb-534f53e1c036:192.168.34.56:35105]
java.util.concurrent.CompletionException: java.util.concurrent.RejectedExecutionException: Task java.util.concurrent.CompletableFuture$UniApply@6059d0 rejected from java.util.concurrent.ThreadPoolExecutor@576b83ab[Shutting down, pool size = 1, active threads = 1, queued tasks = 3, completed tasks = 4]
	at java.util.concurrent.CompletableFuture.encodeThrowable(CompletableFuture.java:273)
	at java.util.concurrent.CompletableFuture.completeThrowable(CompletableFuture.java:280)
	at java.util.concurrent.CompletableFuture.uniApply(CompletableFuture.java:604)
	at java.util.concurrent.CompletableFuture$UniApply.tryFire(CompletableFuture.java:577)
	at java.util.concurrent.CompletableFuture.postComplete(CompletableFuture.java:474)
	at java.util.concurrent.CompletableFuture$AsyncSupply.run(CompletableFuture.java:1595)
	at java.util.concurrent.ThreadPoolExecutor.runWorker(ThreadPoolExecutor.java:1149)
	at java.util.concurrent.ThreadPoolExecutor$Worker.run(ThreadPoolExecutor.java:624)
	at java.lang.Thread.run(Thread.java:748)
Caused by: java.util.concurrent.RejectedExecutionException: Task java.util.concurrent.CompletableFuture$UniApply@6059d0 rejected from java.util.concurrent.ThreadPoolExecutor@576b83ab[Shutting down, pool size = 1, active threads = 1, queued tasks = 3, completed tasks = 4]
	at java.util.concurrent.ThreadPoolExecutor$AbortPolicy.rejectedExecution(ThreadPoolExecutor.java:2063)
	at java.util.concurrent.ThreadPoolExecutor.reject(ThreadPoolExecutor.java:830)
	at java.util.concurrent.ThreadPoolExecutor.execute(ThreadPoolExecutor.java:1379)
	at java.util.concurrent.Executors$DelegatedExecutorService.execute(Executors.java:668)
	at java.util.concurrent.CompletableFuture$UniCompletion.claim(CompletableFuture.java:529)
	at java.util.concurrent.CompletableFuture.uniApply(CompletableFuture.java:599)
	... 6 more
2019-10-18 13:08:07,620 [pool-416-thread-1] INFO  impl.RaftServerImpl (RaftServerImpl.java:start(195)) - f7720aae-b5ab-43ae-a8f0-7922fdbaf311@group-61F4B561E702: start as a follower, conf=-1: [7d69770b-3355-4a82-aab2-02db9382227d:192.168.34.56:33301, f7720aae-b5ab-43ae-a8f0-7922fdbaf311:192.168.34.56:46404, 0e280119-6e3a-4f2d-a3bb-534f53e1c036:192.168.34.56:35105], old=null
2019-10-18 13:08:07,620 [pool-416-thread-1] INFO  impl.RaftServerImpl (RaftServerImpl.java:setRole(184)) - f7720aae-b5ab-43ae-a8f0-7922fdbaf311@group-61F4B561E702: changes role from      null to FOLLOWER at term 0 for startAsFollower
2019-10-18 13:08:07,620 [pool-416-thread-1] INFO  impl.RoleInfo (RoleInfo.java:updateAndGet(143)) - f7720aae-b5ab-43ae-a8f0-7922fdbaf311: start FollowerState
2019-10-18 13:08:07,620 [pool-416-thread-1] INFO  util.JmxRegister (JmxRegister.java:tryRegister(44)) - Successfully registered JMX Bean with object name Ratis:service=RaftServer,group=group-61F4B561E702,id=f7720aae-b5ab-43ae-a8f0-7922fdbaf311
2019-10-18 13:08:07,622 [pool-486-thread-1] INFO  impl.RaftServerImpl (RaftServerImpl.java:start(195)) - 7d69770b-3355-4a82-aab2-02db9382227d@group-EC3E8056A4BB: start as a follower, conf=-1: [7d69770b-3355-4a82-aab2-02db9382227d:192.168.34.56:33301, f7720aae-b5ab-43ae-a8f0-7922fdbaf311:192.168.34.56:46404, 0e280119-6e3a-4f2d-a3bb-534f53e1c036:192.168.34.56:35105], old=null
2019-10-18 13:08:07,622 [pool-406-thread-1] INFO  impl.RaftServerImpl (RaftServerImpl.java:start(195)) - 0e280119-6e3a-4f2d-a3bb-534f53e1c036@group-EC3E8056A4BB: start as a follower, conf=-1: [7d69770b-3355-4a82-aab2-02db9382227d:192.168.34.56:33301, f7720aae-b5ab-43ae-a8f0-7922fdbaf311:192.168.34.56:46404, 0e280119-6e3a-4f2d-a3bb-534f53e1c036:192.168.34.56:35105], old=null
2019-10-18 13:08:07,622 [pool-486-thread-1] INFO  impl.RaftServerImpl (RaftServerImpl.java:setRole(184)) - 7d69770b-3355-4a82-aab2-02db9382227d@group-EC3E8056A4BB: changes role from      null to FOLLOWER at term 0 for startAsFollower
2019-10-18 13:08:07,622 [pool-406-thread-1] INFO  impl.RaftServerImpl (RaftServerImpl.java:setRole(184)) - 0e280119-6e3a-4f2d-a3bb-534f53e1c036@group-EC3E8056A4BB: changes role from      null to FOLLOWER at term 0 for startAsFollower
2019-10-18 13:08:07,622 [pool-486-thread-1] INFO  impl.RoleInfo (RoleInfo.java:updateAndGet(143)) - 7d69770b-3355-4a82-aab2-02db9382227d: start FollowerState
2019-10-18 13:08:07,622 [pool-406-thread-1] INFO  impl.RoleInfo (RoleInfo.java:updateAndGet(143)) - 0e280119-6e3a-4f2d-a3bb-534f53e1c036: start FollowerState
2019-10-18 13:08:07,623 [pool-486-thread-1] INFO  util.JmxRegister (JmxRegister.java:tryRegister(44)) - Successfully registered JMX Bean with object name Ratis:service=RaftServer,group=group-EC3E8056A4BB,id=7d69770b-3355-4a82-aab2-02db9382227d
2019-10-18 13:08:07,623 [pool-406-thread-1] INFO  util.JmxRegister (JmxRegister.java:tryRegister(44)) - Successfully registered JMX Bean with object name Ratis:service=RaftServer,group=group-EC3E8056A4BB,id=0e280119-6e3a-4f2d-a3bb-534f53e1c036
2019-10-18 13:08:07,635 [pool-416-thread-1] INFO  impl.RaftServerImpl (RaftServerImpl.java:<init>(104)) - f7720aae-b5ab-43ae-a8f0-7922fdbaf311: new RaftServerImpl for group-EC3E8056A4BB:[7d69770b-3355-4a82-aab2-02db9382227d:192.168.34.56:33301, f7720aae-b5ab-43ae-a8f0-7922fdbaf311:192.168.34.56:46404, 0e280119-6e3a-4f2d-a3bb-534f53e1c036:192.168.34.56:35105] with ContainerStateMachine:uninitialized
2019-10-18 13:08:07,635 [pool-416-thread-1] INFO  server.RaftServerConfigKeys (ConfUtils.java:logGet(43)) - raft.server.rpc.timeout.min = 1s (custom)
2019-10-18 13:08:07,635 [pool-416-thread-1] INFO  server.RaftServerConfigKeys (ConfUtils.java:logGet(43)) - raft.server.rpc.timeout.max = 1200ms (custom)
2019-10-18 13:08:07,635 [pool-416-thread-1] INFO  server.RaftServerConfigKeys (ConfUtils.java:logGet(43)) - raft.server.rpcslowness.timeout = 120s (custom)
2019-10-18 13:08:07,635 [pool-416-thread-1] INFO  server.RaftServerConfigKeys (ConfUtils.java:logGet(43)) - raft.server.sleep.deviation.threshold = 300 (default)
2019-10-18 13:08:07,635 [pool-416-thread-1] INFO  server.RaftServerConfigKeys (ConfUtils.java:logGet(43)) - raft.server.log.appender.install.snapshot.enabled = false (custom)
2019-10-18 13:08:07,635 [pool-416-thread-1] INFO  impl.RaftServerImpl (ServerState.java:<init>(103)) - f7720aae-b5ab-43ae-a8f0-7922fdbaf311@group-EC3E8056A4BB: ConfigurationManager, init=-1: [7d69770b-3355-4a82-aab2-02db9382227d:192.168.34.56:33301, f7720aae-b5ab-43ae-a8f0-7922fdbaf311:192.168.34.56:46404, 0e280119-6e3a-4f2d-a3bb-534f53e1c036:192.168.34.56:35105], old=null, confs=<EMPTY_MAP>
2019-10-18 13:08:07,636 [pool-416-thread-1] INFO  server.RaftServerConfigKeys (ConfUtils.java:logGet(43)) - raft.server.storage.dir = [/workdir/hadoop-ozone/integration-test/target/test-dir/MiniOzoneClusterImpl-a51cb6f9-69a9-44ea-bf2b-ac78a0e144b1/datanode-2/data/ratis] (custom)
2019-10-18 13:08:07,636 [pool-416-thread-1] INFO  server.RaftServerConfigKeys (ConfUtils.java:logGet(43)) - raft.server.log.corruption.policy = EXCEPTION (default)
2019-10-18 13:08:07,636 [pool-416-thread-1] INFO  storage.RaftStorageDirectory (RaftStorageDirectory.java:analyzeStorage(246)) - The storage directory /workdir/hadoop-ozone/integration-test/target/test-dir/MiniOzoneClusterImpl-a51cb6f9-69a9-44ea-bf2b-ac78a0e144b1/datanode-2/data/ratis/d6c9f8e0-f741-451e-b20f-ec3e8056a4bb does not exist. Creating ...
2019-10-18 13:08:07,649 [Thread-6161] INFO  impl.FollowerState (FollowerState.java:run(108)) - 7d69770b-3355-4a82-aab2-02db9382227d@group-EC3E8056A4BB-FollowerState: change to CANDIDATE, lastRpcTime:26ms, electionTimeout:26ms
2019-10-18 13:08:07,649 [Thread-6161] INFO  impl.RoleInfo (RoleInfo.java:shutdownFollowerState(121)) - 7d69770b-3355-4a82-aab2-02db9382227d: shutdown FollowerState
2019-10-18 13:08:07,649 [Thread-6161] INFO  impl.RaftServerImpl (RaftServerImpl.java:setRole(184)) - 7d69770b-3355-4a82-aab2-02db9382227d@group-EC3E8056A4BB: changes role from  FOLLOWER to CANDIDATE at term 0 for changeToCandidate
2019-10-18 13:08:07,649 [Thread-6161] INFO  impl.RoleInfo (RoleInfo.java:updateAndGet(143)) - 7d69770b-3355-4a82-aab2-02db9382227d: start LeaderElection
2019-10-18 13:08:07,653 [Thread-6162] INFO  impl.FollowerState (FollowerState.java:run(108)) - 0e280119-6e3a-4f2d-a3bb-534f53e1c036@group-EC3E8056A4BB-FollowerState: change to CANDIDATE, lastRpcTime:30ms, electionTimeout:30ms
2019-10-18 13:08:07,653 [Thread-6162] INFO  impl.RoleInfo (RoleInfo.java:shutdownFollowerState(121)) - 0e280119-6e3a-4f2d-a3bb-534f53e1c036: shutdown FollowerState
2019-10-18 13:08:07,653 [Thread-6162] INFO  impl.RaftServerImpl (RaftServerImpl.java:setRole(184)) - 0e280119-6e3a-4f2d-a3bb-534f53e1c036@group-EC3E8056A4BB: changes role from  FOLLOWER to CANDIDATE at term 0 for changeToCandidate
2019-10-18 13:08:07,653 [Thread-6162] INFO  impl.RoleInfo (RoleInfo.java:updateAndGet(143)) - 0e280119-6e3a-4f2d-a3bb-534f53e1c036: start LeaderElection
2019-10-18 13:08:07,707 [Thread-6154] INFO  impl.FollowerState (FollowerState.java:run(108)) - 7d69770b-3355-4a82-aab2-02db9382227d@group-9A2401E47D95-FollowerState: change to CANDIDATE, lastRpcTime:88ms, electionTimeout:88ms
2019-10-18 13:08:07,707 [Thread-6154] INFO  impl.RoleInfo (RoleInfo.java:shutdownFollowerState(121)) - 7d69770b-3355-4a82-aab2-02db9382227d: shutdown FollowerState
2019-10-18 13:08:07,707 [Thread-6154] INFO  impl.RaftServerImpl (RaftServerImpl.java:setRole(184)) - 7d69770b-3355-4a82-aab2-02db9382227d@group-9A2401E47D95: changes role from  FOLLOWER to CANDIDATE at term 0 for changeToCandidate
2019-10-18 13:08:07,707 [Thread-6154] INFO  impl.RoleInfo (RoleInfo.java:updateAndGet(143)) - 7d69770b-3355-4a82-aab2-02db9382227d: start LeaderElection
2019-10-18 13:08:07,777 [Thread-6155] INFO  impl.FollowerState (FollowerState.java:run(108)) - 0e280119-6e3a-4f2d-a3bb-534f53e1c036@group-9A2401E47D95-FollowerState: change to CANDIDATE, lastRpcTime:158ms, electionTimeout:158ms
2019-10-18 13:08:07,777 [Thread-6155] INFO  impl.RoleInfo (RoleInfo.java:shutdownFollowerState(121)) - 0e280119-6e3a-4f2d-a3bb-534f53e1c036: shutdown FollowerState
2019-10-18 13:08:07,777 [Thread-6155] INFO  impl.RaftServerImpl (RaftServerImpl.java:setRole(184)) - 0e280119-6e3a-4f2d-a3bb-534f53e1c036@group-9A2401E47D95: changes role from  FOLLOWER to CANDIDATE at term 0 for changeToCandidate
2019-10-18 13:08:07,777 [Thread-6155] INFO  impl.RoleInfo (RoleInfo.java:updateAndGet(143)) - 0e280119-6e3a-4f2d-a3bb-534f53e1c036: start LeaderElection
2019-10-18 13:08:07,801 [Thread-6157] INFO  impl.FollowerState (FollowerState.java:run(108)) - f7720aae-b5ab-43ae-a8f0-7922fdbaf311@group-61F4B561E702-FollowerState: change to CANDIDATE, lastRpcTime:181ms, electionTimeout:181ms
2019-10-18 13:08:07,801 [Thread-6157] INFO  impl.RoleInfo (RoleInfo.java:shutdownFollowerState(121)) - f7720aae-b5ab-43ae-a8f0-7922fdbaf311: shutdown FollowerState
2019-10-18 13:08:07,801 [Thread-6157] INFO  impl.RaftServerImpl (RaftServerImpl.java:setRole(184)) - f7720aae-b5ab-43ae-a8f0-7922fdbaf311@group-61F4B561E702: changes role from  FOLLOWER to CANDIDATE at term 0 for changeToCandidate
2019-10-18 13:08:07,801 [Thread-6157] INFO  impl.RoleInfo (RoleInfo.java:updateAndGet(143)) - f7720aae-b5ab-43ae-a8f0-7922fdbaf311: start LeaderElection
2019-10-18 13:08:07,852 [main] INFO  ozoneimpl.OzoneContainer (OzoneContainer.java:stop(227)) - Attempting to stop container services.
2019-10-18 13:08:07,852 [main] INFO  impl.RaftServerProxy (RaftServerProxy.java:lambda$close$4(314)) - a4b84d86-fb61-44ac-baa3-9a90508541e2: close
2019-10-18 13:08:07,853 [main] INFO  server.GrpcService (GrpcService.java:closeImpl(164)) - a4b84d86-fb61-44ac-baa3-9a90508541e2: shutdown server with port 39206 now
2019-10-18 13:08:07,853 [main] INFO  server.GrpcService (GrpcService.java:closeImpl(172)) - a4b84d86-fb61-44ac-baa3-9a90508541e2: shutdown server with port 39206 successfully
2019-10-18 13:08:08,886 [refreshUsed-/workdir/hadoop-ozone/integration-test/target/test-dir/MiniOzoneClusterImpl-a51cb6f9-69a9-44ea-bf2b-ac78a0e144b1/datanode-6/data/containers] WARN  fs.CachingGetSpaceUsed (CachingGetSpaceUsed.java:run(183)) - Thread Interrupted waiting to refresh disk information: sleep interrupted
2019-10-18 13:08:08,901 [main] INFO  utils.BackgroundService (BackgroundService.java:shutdown(151)) - Shutting down service BlockDeletingService
2019-10-18 13:08:08,907 [main] INFO  statemachine.DatanodeStateMachine (DatanodeStateMachine.java:stopDaemon(395)) - Ozone container server stopped.
2019-10-18 13:08:08,912 [main] INFO  handler.ContextHandler (ContextHandler.java:doStop(910)) - Stopped o.e.j.w.WebAppContext@50598a1a{/,null,UNAVAILABLE}{/hddsDatanode}
2019-10-18 13:08:08,913 [main] INFO  server.AbstractConnector (AbstractConnector.java:doStop(318)) - Stopped ServerConnector@14de1901{HTTP/1.1,[http/1.1]}{0.0.0.0:0}
2019-10-18 13:08:08,913 [main] INFO  handler.ContextHandler (ContextHandler.java:doStop(910)) - Stopped o.e.j.s.ServletContextHandler@4dc52559{/static,jar:file:/home/user/.m2/repository/org/apache/hadoop/hadoop-hdds-container-service/0.5.0-SNAPSHOT/hadoop-hdds-container-service-0.5.0-SNAPSHOT.jar!/webapps/static,UNAVAILABLE}
2019-10-18 13:08:08,914 [main] INFO  handler.ContextHandler (ContextHandler.java:doStop(910)) - Stopped o.e.j.s.ServletContextHandler@7b96de8d{/logs,file:///workdir/hadoop-ozone/integration-test/target/log,UNAVAILABLE}
2019-10-18 13:08:09,332 [Datanode State Machine Thread - 0] INFO  statemachine.DatanodeStateMachine (DatanodeStateMachine.java:lambda$startDaemon$0(350)) - Ozone container server started.
2019-10-18 13:08:09,582 [7d69770b-3355-4a82-aab2-02db9382227d@group-61F4B561E702-LeaderElection623] INFO  impl.LeaderElection (LeaderElection.java:askForVotes(178)) - 7d69770b-3355-4a82-aab2-02db9382227d@group-61F4B561E702-LeaderElection623: begin an election at term 5 for -1: [7d69770b-3355-4a82-aab2-02db9382227d:192.168.34.56:33301, f7720aae-b5ab-43ae-a8f0-7922fdbaf311:192.168.34.56:46404, 0e280119-6e3a-4f2d-a3bb-534f53e1c036:192.168.34.56:35105], old=null
2019-10-18 13:08:09,582 [0e280119-6e3a-4f2d-a3bb-534f53e1c036@group-61F4B561E702-LeaderElection624] INFO  impl.LeaderElection (LeaderElection.java:askForVotes(178)) - 0e280119-6e3a-4f2d-a3bb-534f53e1c036@group-61F4B561E702-LeaderElection624: begin an election at term 5 for -1: [7d69770b-3355-4a82-aab2-02db9382227d:192.168.34.56:33301, f7720aae-b5ab-43ae-a8f0-7922fdbaf311:192.168.34.56:46404, 0e280119-6e3a-4f2d-a3bb-534f53e1c036:192.168.34.56:35105], old=null
2019-10-18 13:08:09,706 [0e280119-6e3a-4f2d-a3bb-534f53e1c036@group-61F4B561E702-LeaderElection624] INFO  impl.LeaderElection (LeaderElection.java:logAndReturn(56)) - 0e280119-6e3a-4f2d-a3bb-534f53e1c036@group-61F4B561E702-LeaderElection624: Election TIMEOUT; received 1 response(s) [0e280119-6e3a-4f2d-a3bb-534f53e1c036<-7d69770b-3355-4a82-aab2-02db9382227d#0:FAIL-t5] and 0 exception(s); 0e280119-6e3a-4f2d-a3bb-534f53e1c036@group-61F4B561E702:t5, leader=null, voted=0e280119-6e3a-4f2d-a3bb-534f53e1c036, raftlog=0e280119-6e3a-4f2d-a3bb-534f53e1c036@group-61F4B561E702-SegmentedRaftLog:OPENED:c-1,f-1,i0, conf=-1: [7d69770b-3355-4a82-aab2-02db9382227d:192.168.34.56:33301, f7720aae-b5ab-43ae-a8f0-7922fdbaf311:192.168.34.56:46404, 0e280119-6e3a-4f2d-a3bb-534f53e1c036:192.168.34.56:35105], old=null
2019-10-18 13:08:09,752 [7d69770b-3355-4a82-aab2-02db9382227d@group-61F4B561E702-LeaderElection623] INFO  impl.LeaderElection (LeaderElection.java:logAndReturn(56)) - 7d69770b-3355-4a82-aab2-02db9382227d@group-61F4B561E702-LeaderElection623: Election TIMEOUT; received 1 response(s) [7d69770b-3355-4a82-aab2-02db9382227d<-0e280119-6e3a-4f2d-a3bb-534f53e1c036#0:FAIL-t5] and 0 exception(s); 7d69770b-3355-4a82-aab2-02db9382227d@group-61F4B561E702:t5, leader=null, voted=7d69770b-3355-4a82-aab2-02db9382227d, raftlog=7d69770b-3355-4a82-aab2-02db9382227d@group-61F4B561E702-SegmentedRaftLog:OPENED:c-1,f-1,i0, conf=-1: [7d69770b-3355-4a82-aab2-02db9382227d:192.168.34.56:33301, f7720aae-b5ab-43ae-a8f0-7922fdbaf311:192.168.34.56:46404, 0e280119-6e3a-4f2d-a3bb-534f53e1c036:192.168.34.56:35105], old=null
2019-10-18 13:08:10,248 [pool-416-thread-1] INFO  storage.RaftStorageDirectory (RaftStorageDirectory.java:tryLock(328)) - Lock on /workdir/hadoop-ozone/integration-test/target/test-dir/MiniOzoneClusterImpl-a51cb6f9-69a9-44ea-bf2b-ac78a0e144b1/datanode-2/data/ratis/d6c9f8e0-f741-451e-b20f-ec3e8056a4bb/in_use.lock acquired by nodename 21203@pr-hdds-2330-xmbvw-1183399999
2019-10-18 13:08:11,200 [7d69770b-3355-4a82-aab2-02db9382227d@group-EC3E8056A4BB-LeaderElection625] INFO  impl.LeaderElection (LeaderElection.java:askForVotes(178)) - 7d69770b-3355-4a82-aab2-02db9382227d@group-EC3E8056A4BB-LeaderElection625: begin an election at term 1 for -1: [7d69770b-3355-4a82-aab2-02db9382227d:192.168.34.56:33301, f7720aae-b5ab-43ae-a8f0-7922fdbaf311:192.168.34.56:46404, 0e280119-6e3a-4f2d-a3bb-534f53e1c036:192.168.34.56:35105], old=null
2019-10-18 13:08:11,244 [7d69770b-3355-4a82-aab2-02db9382227d@group-EC3E8056A4BB-LeaderElection625] INFO  impl.LeaderElection (LeaderElection.java:logAndReturn(56)) - 7d69770b-3355-4a82-aab2-02db9382227d@group-EC3E8056A4BB-LeaderElection625: Election TIMEOUT; received 0 response(s) [] and 0 exception(s); 7d69770b-3355-4a82-aab2-02db9382227d@group-EC3E8056A4BB:t1, leader=null, voted=7d69770b-3355-4a82-aab2-02db9382227d, raftlog=7d69770b-3355-4a82-aab2-02db9382227d@group-EC3E8056A4BB-SegmentedRaftLog:OPENED:c-1,f-1,i0, conf=-1: [7d69770b-3355-4a82-aab2-02db9382227d:192.168.34.56:33301, f7720aae-b5ab-43ae-a8f0-7922fdbaf311:192.168.34.56:46404, 0e280119-6e3a-4f2d-a3bb-534f53e1c036:192.168.34.56:35105], old=null
2019-10-18 13:08:11,408 [f7720aae-b5ab-43ae-a8f0-7922fdbaf311@group-61F4B561E702-LeaderElection629] INFO  impl.LeaderElection (LeaderElection.java:askForVotes(178)) - f7720aae-b5ab-43ae-a8f0-7922fdbaf311@group-61F4B561E702-LeaderElection629: begin an election at term 1 for -1: [7d69770b-3355-4a82-aab2-02db9382227d:192.168.34.56:33301, f7720aae-b5ab-43ae-a8f0-7922fdbaf311:192.168.34.56:46404, 0e280119-6e3a-4f2d-a3bb-534f53e1c036:192.168.34.56:35105], old=null
2019-10-18 13:08:11,408 [0e280119-6e3a-4f2d-a3bb-534f53e1c036@group-9A2401E47D95-LeaderElection628] INFO  impl.LeaderElection (LeaderElection.java:askForVotes(178)) - 0e280119-6e3a-4f2d-a3bb-534f53e1c036@group-9A2401E47D95-LeaderElection628: begin an election at term 1 for -1: [7d69770b-3355-4a82-aab2-02db9382227d:192.168.34.56:33301, f7720aae-b5ab-43ae-a8f0-7922fdbaf311:192.168.34.56:46404, 0e280119-6e3a-4f2d-a3bb-534f53e1c036:192.168.34.56:35105], old=null
2019-10-18 13:08:11,408 [7d69770b-3355-4a82-aab2-02db9382227d@group-9A2401E47D95-LeaderElection627] INFO  impl.LeaderElection (LeaderElection.java:askForVotes(178)) - 7d69770b-3355-4a82-aab2-02db9382227d@group-9A2401E47D95-LeaderElection627: begin an election at term 1 for -1: [7d69770b-3355-4a82-aab2-02db9382227d:192.168.34.56:33301, f7720aae-b5ab-43ae-a8f0-7922fdbaf311:192.168.34.56:46404, 0e280119-6e3a-4f2d-a3bb-534f53e1c036:192.168.34.56:35105], old=null
2019-10-18 13:08:11,408 [grpc-default-executor-3] INFO  impl.RaftServerImpl (RaftServerImpl.java:setRole(184)) - f7720aae-b5ab-43ae-a8f0-7922fdbaf311@group-61F4B561E702: changes role from CANDIDATE to FOLLOWER at term 5 for recognizeCandidate:0e280119-6e3a-4f2d-a3bb-534f53e1c036
2019-10-18 13:08:11,408 [0e280119-6e3a-4f2d-a3bb-534f53e1c036@group-EC3E8056A4BB-LeaderElection626] INFO  impl.LeaderElection (LeaderElection.java:askForVotes(178)) - 0e280119-6e3a-4f2d-a3bb-534f53e1c036@group-EC3E8056A4BB-LeaderElection626: begin an election at term 1 for -1: [7d69770b-3355-4a82-aab2-02db9382227d:192.168.34.56:33301, f7720aae-b5ab-43ae-a8f0-7922fdbaf311:192.168.34.56:46404, 0e280119-6e3a-4f2d-a3bb-534f53e1c036:192.168.34.56:35105], old=null
2019-10-18 13:08:11,409 [grpc-default-executor-3] INFO  impl.RoleInfo (RoleInfo.java:shutdownLeaderElection(134)) - f7720aae-b5ab-43ae-a8f0-7922fdbaf311: shutdown LeaderElection
2019-10-18 13:08:11,410 [grpc-default-executor-3] INFO  impl.RoleInfo (RoleInfo.java:updateAndGet(143)) - f7720aae-b5ab-43ae-a8f0-7922fdbaf311: start FollowerState
2019-10-18 13:08:11,411 [grpc-default-executor-5] WARN  server.GrpcServerProtocolService (LogUtils.java:warn(136)) - f7720aae-b5ab-43ae-a8f0-7922fdbaf311: Failed requestVote 0e280119-6e3a-4f2d-a3bb-534f53e1c036->f7720aae-b5ab-43ae-a8f0-7922fdbaf311#0
org.apache.ratis.protocol.GroupMismatchException: f7720aae-b5ab-43ae-a8f0-7922fdbaf311: group-9A2401E47D95 not found.
	at org.apache.ratis.server.impl.RaftServerProxy$ImplMap.get(RaftServerProxy.java:122)
	at org.apache.ratis.server.impl.RaftServerProxy.getImplFuture(RaftServerProxy.java:269)
	at org.apache.ratis.server.impl.RaftServerProxy.getImpl(RaftServerProxy.java:278)
	at org.apache.ratis.server.impl.RaftServerProxy.getImpl(RaftServerProxy.java:273)
	at org.apache.ratis.server.impl.RaftServerProxy.requestVote(RaftServerProxy.java:443)
	at org.apache.ratis.grpc.server.GrpcServerProtocolService.requestVote(GrpcServerProtocolService.java:142)
	at org.apache.ratis.proto.grpc.RaftServerProtocolServiceGrpc$MethodHandlers.invoke(RaftServerProtocolServiceGrpc.java:319)
	at org.apache.ratis.thirdparty.io.grpc.stub.ServerCalls$UnaryServerCallHandler$UnaryServerCallListener.onHalfClose(ServerCalls.java:171)
	at org.apache.ratis.thirdparty.io.grpc.internal.ServerCallImpl$ServerStreamListenerImpl.halfClosed(ServerCallImpl.java:283)
	at org.apache.ratis.thirdparty.io.grpc.internal.ServerImpl$JumpToApplicationThreadServerStreamListener$1HalfClosed.runInContext(ServerImpl.java:710)
	at org.apache.ratis.thirdparty.io.grpc.internal.ContextRunnable.run(ContextRunnable.java:37)
	at org.apache.ratis.thirdparty.io.grpc.internal.SerializingExecutor.run(SerializingExecutor.java:123)
	at java.util.concurrent.ThreadPoolExecutor.runWorker(ThreadPoolExecutor.java:1149)
	at java.util.concurrent.ThreadPoolExecutor$Worker.run(ThreadPoolExecutor.java:624)
	at java.lang.Thread.run(Thread.java:748)
2019-10-18 13:08:11,412 [grpc-default-executor-17] WARN  server.GrpcServerProtocolService (LogUtils.java:warn(136)) - f7720aae-b5ab-43ae-a8f0-7922fdbaf311: Failed requestVote 7d69770b-3355-4a82-aab2-02db9382227d->f7720aae-b5ab-43ae-a8f0-7922fdbaf311#0
org.apache.ratis.protocol.GroupMismatchException: f7720aae-b5ab-43ae-a8f0-7922fdbaf311: group-9A2401E47D95 not found.
	at org.apache.ratis.server.impl.RaftServerProxy$ImplMap.get(RaftServerProxy.java:122)
	at org.apache.ratis.server.impl.RaftServerProxy.getImplFuture(RaftServerProxy.java:269)
	at org.apache.ratis.server.impl.RaftServerProxy.getImpl(RaftServerProxy.java:278)
	at org.apache.ratis.server.impl.RaftServerProxy.getImpl(RaftServerProxy.java:273)
	at org.apache.ratis.server.impl.RaftServerProxy.requestVote(RaftServerProxy.java:443)
	at org.apache.ratis.grpc.server.GrpcServerProtocolService.requestVote(GrpcServerProtocolService.java:142)
	at org.apache.ratis.proto.grpc.RaftServerProtocolServiceGrpc$MethodHandlers.invoke(RaftServerProtocolServiceGrpc.java:319)
	at org.apache.ratis.thirdparty.io.grpc.stub.ServerCalls$UnaryServerCallHandler$UnaryServerCallListener.onHalfClose(ServerCalls.java:171)
	at org.apache.ratis.thirdparty.io.grpc.internal.ServerCallImpl$ServerStreamListenerImpl.halfClosed(ServerCallImpl.java:283)
	at org.apache.ratis.thirdparty.io.grpc.internal.ServerImpl$JumpToApplicationThreadServerStreamListener$1HalfClosed.runInContext(ServerImpl.java:710)
	at org.apache.ratis.thirdparty.io.grpc.internal.ContextRunnable.run(ContextRunnable.java:37)
	at org.apache.ratis.thirdparty.io.grpc.internal.SerializingExecutor.run(SerializingExecutor.java:123)
	at java.util.concurrent.ThreadPoolExecutor.runWorker(ThreadPoolExecutor.java:1149)
	at java.util.concurrent.ThreadPoolExecutor$Worker.run(ThreadPoolExecutor.java:624)
	at java.lang.Thread.run(Thread.java:748)
2019-10-18 13:08:11,417 [0e280119-6e3a-4f2d-a3bb-534f53e1c036@group-9A2401E47D95-LeaderElection628] INFO  impl.LeaderElection (LogUtils.java:infoOrTrace(149)) - 0e280119-6e3a-4f2d-a3bb-534f53e1c036@group-9A2401E47D95-LeaderElection628 got exception when requesting votes: {}
java.util.concurrent.ExecutionException: org.apache.ratis.thirdparty.io.grpc.StatusRuntimeException: INTERNAL: f7720aae-b5ab-43ae-a8f0-7922fdbaf311: group-9A2401E47D95 not found.
	at java.util.concurrent.FutureTask.report(FutureTask.java:122)
	at java.util.concurrent.FutureTask.get(FutureTask.java:192)
	at org.apache.ratis.server.impl.LeaderElection.waitForResults(LeaderElection.java:259)
	at org.apache.ratis.server.impl.LeaderElection.askForVotes(LeaderElection.java:197)
	at org.apache.ratis.server.impl.LeaderElection.run(LeaderElection.java:133)
	at java.lang.Thread.run(Thread.java:748)
Caused by: org.apache.ratis.thirdparty.io.grpc.StatusRuntimeException: INTERNAL: f7720aae-b5ab-43ae-a8f0-7922fdbaf311: group-9A2401E47D95 not found.
	at org.apache.ratis.thirdparty.io.grpc.stub.ClientCalls.toStatusRuntimeException(ClientCalls.java:233)
	at org.apache.ratis.thirdparty.io.grpc.stub.ClientCalls.getUnchecked(ClientCalls.java:214)
	at org.apache.ratis.thirdparty.io.grpc.stub.ClientCalls.blockingUnaryCall(ClientCalls.java:139)
	at org.apache.ratis.proto.grpc.RaftServerProtocolServiceGrpc$RaftServerProtocolServiceBlockingStub.requestVote(RaftServerProtocolServiceGrpc.java:265)
	at org.apache.ratis.grpc.server.GrpcServerProtocolClient.requestVote(GrpcServerProtocolClient.java:99)
	at org.apache.ratis.grpc.server.GrpcService.requestVote(GrpcService.java:204)
	at org.apache.ratis.server.impl.LeaderElection.lambda$submitRequests$1(LeaderElection.java:234)
	at java.util.concurrent.FutureTask.run(FutureTask.java:266)
	at java.util.concurrent.Executors$RunnableAdapter.call(Executors.java:511)
	at java.util.concurrent.FutureTask.run(FutureTask.java:266)
	at java.util.concurrent.ThreadPoolExecutor.runWorker(ThreadPoolExecutor.java:1149)
	at java.util.concurrent.ThreadPoolExecutor$Worker.run(ThreadPoolExecutor.java:624)
	... 1 more
2019-10-18 13:08:11,417 [7d69770b-3355-4a82-aab2-02db9382227d@group-9A2401E47D95-LeaderElection627] INFO  impl.LeaderElection (LogUtils.java:infoOrTrace(149)) - 7d69770b-3355-4a82-aab2-02db9382227d@group-9A2401E47D95-LeaderElection627 got exception when requesting votes: {}
java.util.concurrent.ExecutionException: org.apache.ratis.thirdparty.io.grpc.StatusRuntimeException: INTERNAL: f7720aae-b5ab-43ae-a8f0-7922fdbaf311: group-9A2401E47D95 not found.
	at java.util.concurrent.FutureTask.report(FutureTask.java:122)
	at java.util.concurrent.FutureTask.get(FutureTask.java:192)
	at org.apache.ratis.server.impl.LeaderElection.waitForResults(LeaderElection.java:259)
	at org.apache.ratis.server.impl.LeaderElection.askForVotes(LeaderElection.java:197)
	at org.apache.ratis.server.impl.LeaderElection.run(LeaderElection.java:133)
	at java.lang.Thread.run(Thread.java:748)
Caused by: org.apache.ratis.thirdparty.io.grpc.StatusRuntimeException: INTERNAL: f7720aae-b5ab-43ae-a8f0-7922fdbaf311: group-9A2401E47D95 not found.
	at org.apache.ratis.thirdparty.io.grpc.stub.ClientCalls.toStatusRuntimeException(ClientCalls.java:233)
	at org.apache.ratis.thirdparty.io.grpc.stub.ClientCalls.getUnchecked(ClientCalls.java:214)
	at org.apache.ratis.thirdparty.io.grpc.stub.ClientCalls.blockingUnaryCall(ClientCalls.java:139)
	at org.apache.ratis.proto.grpc.RaftServerProtocolServiceGrpc$RaftServerProtocolServiceBlockingStub.requestVote(RaftServerProtocolServiceGrpc.java:265)
	at org.apache.ratis.grpc.server.GrpcServerProtocolClient.requestVote(GrpcServerProtocolClient.java:99)
	at org.apache.ratis.grpc.server.GrpcService.requestVote(GrpcService.java:204)
	at org.apache.ratis.server.impl.LeaderElection.lambda$submitRequests$1(LeaderElection.java:234)
	at java.util.concurrent.FutureTask.run(FutureTask.java:266)
	at java.util.concurrent.Executors$RunnableAdapter.call(Executors.java:511)
	at java.util.concurrent.FutureTask.run(FutureTask.java:266)
	at java.util.concurrent.ThreadPoolExecutor.runWorker(ThreadPoolExecutor.java:1149)
	at java.util.concurrent.ThreadPoolExecutor$Worker.run(ThreadPoolExecutor.java:624)
	... 1 more
2019-10-18 13:08:11,418 [0e280119-6e3a-4f2d-a3bb-534f53e1c036@group-9A2401E47D95-LeaderElection628] INFO  impl.LeaderElection (LeaderElection.java:logAndReturn(56)) - 0e280119-6e3a-4f2d-a3bb-534f53e1c036@group-9A2401E47D95-LeaderElection628: Election REJECTED; received 1 response(s) [0e280119-6e3a-4f2d-a3bb-534f53e1c036<-7d69770b-3355-4a82-aab2-02db9382227d#0:FAIL-t1] and 1 exception(s); 0e280119-6e3a-4f2d-a3bb-534f53e1c036@group-9A2401E47D95:t1, leader=null, voted=0e280119-6e3a-4f2d-a3bb-534f53e1c036, raftlog=0e280119-6e3a-4f2d-a3bb-534f53e1c036@group-9A2401E47D95-SegmentedRaftLog:OPENED:c-1,f-1,i0, conf=-1: [7d69770b-3355-4a82-aab2-02db9382227d:192.168.34.56:33301, f7720aae-b5ab-43ae-a8f0-7922fdbaf311:192.168.34.56:46404, 0e280119-6e3a-4f2d-a3bb-534f53e1c036:192.168.34.56:35105], old=null
2019-10-18 13:08:11,418 [7d69770b-3355-4a82-aab2-02db9382227d@group-9A2401E47D95-LeaderElection627] INFO  impl.LeaderElection (LeaderElection.java:logAndReturn(56)) - 7d69770b-3355-4a82-aab2-02db9382227d@group-9A2401E47D95-LeaderElection627: Election REJECTED; received 1 response(s) [7d69770b-3355-4a82-aab2-02db9382227d<-0e280119-6e3a-4f2d-a3bb-534f53e1c036#0:FAIL-t1] and 1 exception(s); 7d69770b-3355-4a82-aab2-02db9382227d@group-9A2401E47D95:t1, leader=null, voted=7d69770b-3355-4a82-aab2-02db9382227d, raftlog=7d69770b-3355-4a82-aab2-02db9382227d@group-9A2401E47D95-SegmentedRaftLog:OPENED:c-1,f-1,i0, conf=-1: [7d69770b-3355-4a82-aab2-02db9382227d:192.168.34.56:33301, f7720aae-b5ab-43ae-a8f0-7922fdbaf311:192.168.34.56:46404, 0e280119-6e3a-4f2d-a3bb-534f53e1c036:192.168.34.56:35105], old=null
2019-10-18 13:08:11,418 [7d69770b-3355-4a82-aab2-02db9382227d@group-9A2401E47D95-LeaderElection627] INFO  impl.LeaderElection (LogUtils.java:infoOrTrace(149)) -   Exception 0: {}
java.util.concurrent.ExecutionException: org.apache.ratis.thirdparty.io.grpc.StatusRuntimeException: INTERNAL: f7720aae-b5ab-43ae-a8f0-7922fdbaf311: group-9A2401E47D95 not found.
	at java.util.concurrent.FutureTask.report(FutureTask.java:122)
	at java.util.concurrent.FutureTask.get(FutureTask.java:192)
	at org.apache.ratis.server.impl.LeaderElection.waitForResults(LeaderElection.java:259)
	at org.apache.ratis.server.impl.LeaderElection.askForVotes(LeaderElection.java:197)
	at org.apache.ratis.server.impl.LeaderElection.run(LeaderElection.java:133)
	at java.lang.Thread.run(Thread.java:748)
Caused by: org.apache.ratis.thirdparty.io.grpc.StatusRuntimeException: INTERNAL: f7720aae-b5ab-43ae-a8f0-7922fdbaf311: group-9A2401E47D95 not found.
	at org.apache.ratis.thirdparty.io.grpc.stub.ClientCalls.toStatusRuntimeException(ClientCalls.java:233)
	at org.apache.ratis.thirdparty.io.grpc.stub.ClientCalls.getUnchecked(ClientCalls.java:214)
	at org.apache.ratis.thirdparty.io.grpc.stub.ClientCalls.blockingUnaryCall(ClientCalls.java:139)
	at org.apache.ratis.proto.grpc.RaftServerProtocolServiceGrpc$RaftServerProtocolServiceBlockingStub.requestVote(RaftServerProtocolServiceGrpc.java:265)
	at org.apache.ratis.grpc.server.GrpcServerProtocolClient.requestVote(GrpcServerProtocolClient.java:99)
	at org.apache.ratis.grpc.server.GrpcService.requestVote(GrpcService.java:204)
	at org.apache.ratis.server.impl.LeaderElection.lambda$submitRequests$1(LeaderElection.java:234)
	at java.util.concurrent.FutureTask.run(FutureTask.java:266)
	at java.util.concurrent.Executors$RunnableAdapter.call(Executors.java:511)
	at java.util.concurrent.FutureTask.run(FutureTask.java:266)
	at java.util.concurrent.ThreadPoolExecutor.runWorker(ThreadPoolExecutor.java:1149)
	at java.util.concurrent.ThreadPoolExecutor$Worker.run(ThreadPoolExecutor.java:624)
	... 1 more
2019-10-18 13:08:11,418 [0e280119-6e3a-4f2d-a3bb-534f53e1c036@group-9A2401E47D95-LeaderElection628] INFO  impl.LeaderElection (LogUtils.java:infoOrTrace(149)) -   Exception 0: {}
java.util.concurrent.ExecutionException: org.apache.ratis.thirdparty.io.grpc.StatusRuntimeException: INTERNAL: f7720aae-b5ab-43ae-a8f0-7922fdbaf311: group-9A2401E47D95 not found.
	at java.util.concurrent.FutureTask.report(FutureTask.java:122)
	at java.util.concurrent.FutureTask.get(FutureTask.java:192)
	at org.apache.ratis.server.impl.LeaderElection.waitForResults(LeaderElection.java:259)
	at org.apache.ratis.server.impl.LeaderElection.askForVotes(LeaderElection.java:197)
	at org.apache.ratis.server.impl.LeaderElection.run(LeaderElection.java:133)
	at java.lang.Thread.run(Thread.java:748)
Caused by: org.apache.ratis.thirdparty.io.grpc.StatusRuntimeException: INTERNAL: f7720aae-b5ab-43ae-a8f0-7922fdbaf311: group-9A2401E47D95 not found.
	at org.apache.ratis.thirdparty.io.grpc.stub.ClientCalls.toStatusRuntimeException(ClientCalls.java:233)
	at org.apache.ratis.thirdparty.io.grpc.stub.ClientCalls.getUnchecked(ClientCalls.java:214)
	at org.apache.ratis.thirdparty.io.grpc.stub.ClientCalls.blockingUnaryCall(ClientCalls.java:139)
	at org.apache.ratis.proto.grpc.RaftServerProtocolServiceGrpc$RaftServerProtocolServiceBlockingStub.requestVote(RaftServerProtocolServiceGrpc.java:265)
	at org.apache.ratis.grpc.server.GrpcServerProtocolClient.requestVote(GrpcServerProtocolClient.java:99)
	at org.apache.ratis.grpc.server.GrpcService.requestVote(GrpcService.java:204)
	at org.apache.ratis.server.impl.LeaderElection.lambda$submitRequests$1(LeaderElection.java:234)
	at java.util.concurrent.FutureTask.run(FutureTask.java:266)
	at java.util.concurrent.Executors$RunnableAdapter.call(Executors.java:511)
	at java.util.concurrent.FutureTask.run(FutureTask.java:266)
	at java.util.concurrent.ThreadPoolExecutor.runWorker(ThreadPoolExecutor.java:1149)
	at java.util.concurrent.ThreadPoolExecutor$Worker.run(ThreadPoolExecutor.java:624)
	... 1 more
2019-10-18 13:08:11,418 [7d69770b-3355-4a82-aab2-02db9382227d@group-9A2401E47D95-LeaderElection627] INFO  impl.RaftServerImpl (RaftServerImpl.java:setRole(184)) - 7d69770b-3355-4a82-aab2-02db9382227d@group-9A2401E47D95: changes role from CANDIDATE to FOLLOWER at term 1 for DISCOVERED_A_NEW_TERM
2019-10-18 13:08:11,419 [7d69770b-3355-4a82-aab2-02db9382227d@group-9A2401E47D95-LeaderElection627] INFO  impl.RoleInfo (RoleInfo.java:shutdownLeaderElection(134)) - 7d69770b-3355-4a82-aab2-02db9382227d: shutdown LeaderElection
2019-10-18 13:08:11,419 [0e280119-6e3a-4f2d-a3bb-534f53e1c036@group-9A2401E47D95-LeaderElection628] INFO  impl.RaftServerImpl (RaftServerImpl.java:setRole(184)) - 0e280119-6e3a-4f2d-a3bb-534f53e1c036@group-9A2401E47D95: changes role from CANDIDATE to FOLLOWER at term 1 for DISCOVERED_A_NEW_TERM
2019-10-18 13:08:11,419 [0e280119-6e3a-4f2d-a3bb-534f53e1c036@group-9A2401E47D95-LeaderElection628] INFO  impl.RoleInfo (RoleInfo.java:shutdownLeaderElection(134)) - 0e280119-6e3a-4f2d-a3bb-534f53e1c036: shutdown LeaderElection
2019-10-18 13:08:11,419 [7d69770b-3355-4a82-aab2-02db9382227d@group-9A2401E47D95-LeaderElection627] INFO  impl.RoleInfo (RoleInfo.java:updateAndGet(143)) - 7d69770b-3355-4a82-aab2-02db9382227d: start FollowerState
2019-10-18 13:08:11,419 [0e280119-6e3a-4f2d-a3bb-534f53e1c036@group-9A2401E47D95-LeaderElection628] INFO  impl.RoleInfo (RoleInfo.java:updateAndGet(143)) - 0e280119-6e3a-4f2d-a3bb-534f53e1c036: start FollowerState
2019-10-18 13:08:11,530 [0e280119-6e3a-4f2d-a3bb-534f53e1c036@group-EC3E8056A4BB-LeaderElection626] INFO  impl.LeaderElection (LeaderElection.java:logAndReturn(56)) - 0e280119-6e3a-4f2d-a3bb-534f53e1c036@group-EC3E8056A4BB-LeaderElection626: Election TIMEOUT; received 0 response(s) [] and 0 exception(s); 0e280119-6e3a-4f2d-a3bb-534f53e1c036@group-EC3E8056A4BB:t1, leader=null, voted=0e280119-6e3a-4f2d-a3bb-534f53e1c036, raftlog=0e280119-6e3a-4f2d-a3bb-534f53e1c036@group-EC3E8056A4BB-SegmentedRaftLog:OPENED:c-1,f-1,i0, conf=-1: [7d69770b-3355-4a82-aab2-02db9382227d:192.168.34.56:33301, f7720aae-b5ab-43ae-a8f0-7922fdbaf311:192.168.34.56:46404, 0e280119-6e3a-4f2d-a3bb-534f53e1c036:192.168.34.56:35105], old=null
2019-10-18 13:08:11,566 [Thread-6183] INFO  impl.FollowerState (FollowerState.java:run(108)) - 7d69770b-3355-4a82-aab2-02db9382227d@group-9A2401E47D95-FollowerState: change to CANDIDATE, lastRpcTime:147ms, electionTimeout:147ms
2019-10-18 13:08:11,567 [Thread-6183] INFO  impl.RoleInfo (RoleInfo.java:shutdownFollowerState(121)) - 7d69770b-3355-4a82-aab2-02db9382227d: shutdown FollowerState
2019-10-18 13:08:11,567 [Thread-6183] INFO  impl.RaftServerImpl (RaftServerImpl.java:setRole(184)) - 7d69770b-3355-4a82-aab2-02db9382227d@group-9A2401E47D95: changes role from  FOLLOWER to CANDIDATE at term 1 for changeToCandidate
2019-10-18 13:08:11,567 [Thread-6183] INFO  impl.RoleInfo (RoleInfo.java:updateAndGet(143)) - 7d69770b-3355-4a82-aab2-02db9382227d: start LeaderElection
2019-10-18 13:08:11,596 [Thread-6184] INFO  impl.FollowerState (FollowerState.java:run(108)) - 0e280119-6e3a-4f2d-a3bb-534f53e1c036@group-9A2401E47D95-FollowerState: change to CANDIDATE, lastRpcTime:176ms, electionTimeout:176ms
2019-10-18 13:08:11,596 [Thread-6184] INFO  impl.RoleInfo (RoleInfo.java:shutdownFollowerState(121)) - 0e280119-6e3a-4f2d-a3bb-534f53e1c036: shutdown FollowerState
2019-10-18 13:08:11,596 [Thread-6184] INFO  impl.RaftServerImpl (RaftServerImpl.java:setRole(184)) - 0e280119-6e3a-4f2d-a3bb-534f53e1c036@group-9A2401E47D95: changes role from  FOLLOWER to CANDIDATE at term 1 for changeToCandidate
2019-10-18 13:08:11,596 [Thread-6184] INFO  impl.RoleInfo (RoleInfo.java:updateAndGet(143)) - 0e280119-6e3a-4f2d-a3bb-534f53e1c036: start LeaderElection
2019-10-18 13:08:11,736 [0e280119-6e3a-4f2d-a3bb-534f53e1c036@group-61F4B561E702-LeaderElection624] INFO  impl.LeaderElection (LeaderElection.java:askForVotes(178)) - 0e280119-6e3a-4f2d-a3bb-534f53e1c036@group-61F4B561E702-LeaderElection624: begin an election at term 6 for -1: [7d69770b-3355-4a82-aab2-02db9382227d:192.168.34.56:33301, f7720aae-b5ab-43ae-a8f0-7922fdbaf311:192.168.34.56:46404, 0e280119-6e3a-4f2d-a3bb-534f53e1c036:192.168.34.56:35105], old=null
2019-10-18 13:08:11,767 [0e280119-6e3a-4f2d-a3bb-534f53e1c036@group-61F4B561E702-LeaderElection624] INFO  impl.LeaderElection (LeaderElection.java:logAndReturn(56)) - 0e280119-6e3a-4f2d-a3bb-534f53e1c036@group-61F4B561E702-LeaderElection624: Election TIMEOUT; received 0 response(s) [] and 0 exception(s); 0e280119-6e3a-4f2d-a3bb-534f53e1c036@group-61F4B561E702:t6, leader=null, voted=0e280119-6e3a-4f2d-a3bb-534f53e1c036, raftlog=0e280119-6e3a-4f2d-a3bb-534f53e1c036@group-61F4B561E702-SegmentedRaftLog:OPENED:c-1,f-1,i0, conf=-1: [7d69770b-3355-4a82-aab2-02db9382227d:192.168.34.56:33301, f7720aae-b5ab-43ae-a8f0-7922fdbaf311:192.168.34.56:46404, 0e280119-6e3a-4f2d-a3bb-534f53e1c036:192.168.34.56:35105], old=null
2019-10-18 13:08:13,082 [7d69770b-3355-4a82-aab2-02db9382227d@group-61F4B561E702-LeaderElection623] INFO  impl.LeaderElection (LeaderElection.java:askForVotes(178)) - 7d69770b-3355-4a82-aab2-02db9382227d@group-61F4B561E702-LeaderElection623: begin an election at term 6 for -1: [7d69770b-3355-4a82-aab2-02db9382227d:192.168.34.56:33301, f7720aae-b5ab-43ae-a8f0-7922fdbaf311:192.168.34.56:46404, 0e280119-6e3a-4f2d-a3bb-534f53e1c036:192.168.34.56:35105], old=null
2019-10-18 13:08:13,195 [7d69770b-3355-4a82-aab2-02db9382227d@group-61F4B561E702-LeaderElection623] INFO  impl.LeaderElection (LeaderElection.java:logAndReturn(56)) - 7d69770b-3355-4a82-aab2-02db9382227d@group-61F4B561E702-LeaderElection623: Election TIMEOUT; received 0 response(s) [] and 0 exception(s); 7d69770b-3355-4a82-aab2-02db9382227d@group-61F4B561E702:t6, leader=null, voted=7d69770b-3355-4a82-aab2-02db9382227d, raftlog=7d69770b-3355-4a82-aab2-02db9382227d@group-61F4B561E702-SegmentedRaftLog:OPENED:c-1,f-1,i0, conf=-1: [7d69770b-3355-4a82-aab2-02db9382227d:192.168.34.56:33301, f7720aae-b5ab-43ae-a8f0-7922fdbaf311:192.168.34.56:46404, 0e280119-6e3a-4f2d-a3bb-534f53e1c036:192.168.34.56:35105], old=null
2019-10-18 13:08:13,732 [pool-416-thread-1] INFO  storage.RaftStorage (RaftStorage.java:format(84)) - Storage directory /workdir/hadoop-ozone/integration-test/target/test-dir/MiniOzoneClusterImpl-a51cb6f9-69a9-44ea-bf2b-ac78a0e144b1/datanode-2/data/ratis/d6c9f8e0-f741-451e-b20f-ec3e8056a4bb has been successfully formatted.
2019-10-18 13:08:13,733 [grpc-default-executor-1] INFO  impl.RaftServerImpl (RaftServerImpl.java:setRole(184)) - f7720aae-b5ab-43ae-a8f0-7922fdbaf311@group-61F4B561E702: changes role from  FOLLOWER to FOLLOWER at term 5 for recognizeCandidate:7d69770b-3355-4a82-aab2-02db9382227d
2019-10-18 13:08:13,733 [0e280119-6e3a-4f2d-a3bb-534f53e1c036@group-EC3E8056A4BB-LeaderElection626] INFO  impl.LeaderElection (LeaderElection.java:askForVotes(178)) - 0e280119-6e3a-4f2d-a3bb-534f53e1c036@group-EC3E8056A4BB-LeaderElection626: begin an election at term 2 for -1: [7d69770b-3355-4a82-aab2-02db9382227d:192.168.34.56:33301, f7720aae-b5ab-43ae-a8f0-7922fdbaf311:192.168.34.56:46404, 0e280119-6e3a-4f2d-a3bb-534f53e1c036:192.168.34.56:35105], old=null
2019-10-18 13:08:13,733 [pool-416-thread-1] INFO  ratis.ContainerStateMachine (ContainerStateMachine.java:loadSnapshot(231)) - group-EC3E8056A4BB: The snapshot info is null. Setting the last applied indexto:(t:0, i:~)
2019-10-18 13:08:13,733 [0e280119-6e3a-4f2d-a3bb-534f53e1c036@group-9A2401E47D95-LeaderElection631] INFO  impl.LeaderElection (LeaderElection.java:askForVotes(178)) - 0e280119-6e3a-4f2d-a3bb-534f53e1c036@group-9A2401E47D95-LeaderElection631: begin an election at term 2 for -1: [7d69770b-3355-4a82-aab2-02db9382227d:192.168.34.56:33301, f7720aae-b5ab-43ae-a8f0-7922fdbaf311:192.168.34.56:46404, 0e280119-6e3a-4f2d-a3bb-534f53e1c036:192.168.34.56:35105], old=null
2019-10-18 13:08:13,733 [pool-416-thread-1] INFO  server.RaftServerConfigKeys (ConfUtils.java:logGet(43)) - raft.server.notification.no-leader.timeout = 120s (custom)
2019-10-18 13:08:13,733 [7d69770b-3355-4a82-aab2-02db9382227d@group-9A2401E47D95-LeaderElection630] INFO  impl.LeaderElection (LeaderElection.java:askForVotes(178)) - 7d69770b-3355-4a82-aab2-02db9382227d@group-9A2401E47D95-LeaderElection630: begin an election at term 2 for -1: [7d69770b-3355-4a82-aab2-02db9382227d:192.168.34.56:33301, f7720aae-b5ab-43ae-a8f0-7922fdbaf311:192.168.34.56:46404, 0e280119-6e3a-4f2d-a3bb-534f53e1c036:192.168.34.56:35105], old=null
2019-10-18 13:08:13,733 [7d69770b-3355-4a82-aab2-02db9382227d@group-EC3E8056A4BB-LeaderElection625] INFO  impl.LeaderElection (LeaderElection.java:askForVotes(178)) - 7d69770b-3355-4a82-aab2-02db9382227d@group-EC3E8056A4BB-LeaderElection625: begin an election at term 2 for -1: [7d69770b-3355-4a82-aab2-02db9382227d:192.168.34.56:33301, f7720aae-b5ab-43ae-a8f0-7922fdbaf311:192.168.34.56:46404, 0e280119-6e3a-4f2d-a3bb-534f53e1c036:192.168.34.56:35105], old=null
2019-10-18 13:08:13,734 [pool-416-thread-1] INFO  server.RaftServerConfigKeys (ConfUtils.java:logGet(43)) - raft.server.log.use.memory = false (default)
2019-10-18 13:08:13,733 [grpc-default-executor-1] INFO  impl.RoleInfo (RoleInfo.java:shutdownFollowerState(121)) - f7720aae-b5ab-43ae-a8f0-7922fdbaf311: shutdown FollowerState
2019-10-18 13:08:13,734 [pool-416-thread-1] INFO  server.RaftServerConfigKeys (ConfUtils.java:logGet(43)) - raft.server.log.purge.gap = 1000000 (custom)
2019-10-18 13:08:13,734 [grpc-default-executor-1] INFO  impl.RoleInfo (RoleInfo.java:updateAndGet(143)) - f7720aae-b5ab-43ae-a8f0-7922fdbaf311: start FollowerState
2019-10-18 13:08:13,734 [pool-416-thread-1] INFO  server.RaftServerConfigKeys (ConfUtils.java:logGet(43)) - raft.server.log.appender.buffer.byte-limit = 33554432 (custom)
2019-10-18 13:08:13,735 [pool-416-thread-1] INFO  server.RaftServerConfigKeys (ConfUtils.java:logGet(43)) - raft.server.log.segment.size.max = 1048576 (custom)
2019-10-18 13:08:13,735 [pool-416-thread-1] INFO  server.RaftServerConfigKeys (ConfUtils.java:logGet(43)) - raft.server.log.segment.cache.num.max = 2 (custom)
2019-10-18 13:08:13,735 [pool-416-thread-1] INFO  segmented.SegmentedRaftLogWorker (SegmentedRaftLogWorker.java:<init>(173)) - new f7720aae-b5ab-43ae-a8f0-7922fdbaf311@group-EC3E8056A4BB-SegmentedRaftLogWorker for RaftStorage:Storage Directory /workdir/hadoop-ozone/integration-test/target/test-dir/MiniOzoneClusterImpl-a51cb6f9-69a9-44ea-bf2b-ac78a0e144b1/datanode-2/data/ratis/d6c9f8e0-f741-451e-b20f-ec3e8056a4bb
2019-10-18 13:08:13,735 [pool-416-thread-1] INFO  server.RaftServerConfigKeys (ConfUtils.java:logGet(43)) - raft.server.log.queue.byte-limit = 2147483647 (custom)
2019-10-18 13:08:13,736 [pool-416-thread-1] INFO  server.RaftServerConfigKeys (ConfUtils.java:logGet(43)) - raft.server.log.queue.element-limit = 1024 (custom)
2019-10-18 13:08:13,736 [pool-416-thread-1] INFO  server.RaftServerConfigKeys (ConfUtils.java:logGet(43)) - raft.server.log.segment.size.max = 1048576 (custom)
2019-10-18 13:08:13,736 [pool-416-thread-1] INFO  server.RaftServerConfigKeys (ConfUtils.java:logGet(43)) - raft.server.log.preallocated.size = 16384 (custom)
2019-10-18 13:08:13,736 [pool-416-thread-1] INFO  server.RaftServerConfigKeys (ConfUtils.java:logGet(43)) - raft.server.log.write.buffer.size = 33554432 (custom)
2019-10-18 13:08:13,736 [pool-416-thread-1] INFO  server.RaftServerConfigKeys (ConfUtils.java:logGet(43)) - raft.server.log.force.sync.num = 128 (default)
2019-10-18 13:08:13,737 [pool-416-thread-1] INFO  server.RaftServerConfigKeys (ConfUtils.java:logGet(43)) - raft.server.log.statemachine.data.sync = true (default)
2019-10-18 13:08:13,737 [grpc-default-executor-18] WARN  server.GrpcServerProtocolService (LogUtils.java:warn(136)) - f7720aae-b5ab-43ae-a8f0-7922fdbaf311: Failed requestVote 7d69770b-3355-4a82-aab2-02db9382227d->f7720aae-b5ab-43ae-a8f0-7922fdbaf311#0
org.apache.ratis.protocol.GroupMismatchException: f7720aae-b5ab-43ae-a8f0-7922fdbaf311: group-9A2401E47D95 not found.
	at org.apache.ratis.server.impl.RaftServerProxy$ImplMap.get(RaftServerProxy.java:122)
	at org.apache.ratis.server.impl.RaftServerProxy.getImplFuture(RaftServerProxy.java:269)
	at org.apache.ratis.server.impl.RaftServerProxy.getImpl(RaftServerProxy.java:278)
	at org.apache.ratis.server.impl.RaftServerProxy.getImpl(RaftServerProxy.java:273)
	at org.apache.ratis.server.impl.RaftServerProxy.requestVote(RaftServerProxy.java:443)
	at org.apache.ratis.grpc.server.GrpcServerProtocolService.requestVote(GrpcServerProtocolService.java:142)
	at org.apache.ratis.proto.grpc.RaftServerProtocolServiceGrpc$MethodHandlers.invoke(RaftServerProtocolServiceGrpc.java:319)
	at org.apache.ratis.thirdparty.io.grpc.stub.ServerCalls$UnaryServerCallHandler$UnaryServerCallListener.onHalfClose(ServerCalls.java:171)
	at org.apache.ratis.thirdparty.io.grpc.internal.ServerCallImpl$ServerStreamListenerImpl.halfClosed(ServerCallImpl.java:283)
	at org.apache.ratis.thirdparty.io.grpc.internal.ServerImpl$JumpToApplicationThreadServerStreamListener$1HalfClosed.runInContext(ServerImpl.java:710)
	at org.apache.ratis.thirdparty.io.grpc.internal.ContextRunnable.run(ContextRunnable.java:37)
	at org.apache.ratis.thirdparty.io.grpc.internal.SerializingExecutor.run(SerializingExecutor.java:123)
	at java.util.concurrent.ThreadPoolExecutor.runWorker(ThreadPoolExecutor.java:1149)
	at java.util.concurrent.ThreadPoolExecutor$Worker.run(ThreadPoolExecutor.java:624)
	at java.lang.Thread.run(Thread.java:748)
2019-10-18 13:08:13,737 [grpc-default-executor-3] WARN  server.GrpcServerProtocolService (LogUtils.java:warn(136)) - f7720aae-b5ab-43ae-a8f0-7922fdbaf311: Failed requestVote 0e280119-6e3a-4f2d-a3bb-534f53e1c036->f7720aae-b5ab-43ae-a8f0-7922fdbaf311#0
org.apache.ratis.protocol.GroupMismatchException: f7720aae-b5ab-43ae-a8f0-7922fdbaf311: group-9A2401E47D95 not found.
	at org.apache.ratis.server.impl.RaftServerProxy$ImplMap.get(RaftServerProxy.java:122)
	at org.apache.ratis.server.impl.RaftServerProxy.getImplFuture(RaftServerProxy.java:269)
	at org.apache.ratis.server.impl.RaftServerProxy.getImpl(RaftServerProxy.java:278)
	at org.apache.ratis.server.impl.RaftServerProxy.getImpl(RaftServerProxy.java:273)
	at org.apache.ratis.server.impl.RaftServerProxy.requestVote(RaftServerProxy.java:443)
	at org.apache.ratis.grpc.server.GrpcServerProtocolService.requestVote(GrpcServerProtocolService.java:142)
	at org.apache.ratis.proto.grpc.RaftServerProtocolServiceGrpc$MethodHandlers.invoke(RaftServerProtocolServiceGrpc.java:319)
	at org.apache.ratis.thirdparty.io.grpc.stub.ServerCalls$UnaryServerCallHandler$UnaryServerCallListener.onHalfClose(ServerCalls.java:171)
	at org.apache.ratis.thirdparty.io.grpc.internal.ServerCallImpl$ServerStreamListenerImpl.halfClosed(ServerCallImpl.java:283)
	at org.apache.ratis.thirdparty.io.grpc.internal.ServerImpl$JumpToApplicationThreadServerStreamListener$1HalfClosed.runInContext(ServerImpl.java:710)
	at org.apache.ratis.thirdparty.io.grpc.internal.ContextRunnable.run(ContextRunnable.java:37)
	at org.apache.ratis.thirdparty.io.grpc.internal.SerializingExecutor.run(SerializingExecutor.java:123)
	at java.util.concurrent.ThreadPoolExecutor.runWorker(ThreadPoolExecutor.java:1149)
	at java.util.concurrent.ThreadPoolExecutor$Worker.run(ThreadPoolExecutor.java:624)
	at java.lang.Thread.run(Thread.java:748)
2019-10-18 13:08:13,737 [pool-416-thread-1] INFO  server.RaftServerConfigKeys (ConfUtils.java:logGet(43)) - raft.server.log.statemachine.data.sync.timeout = 10s (default)
2019-10-18 13:08:13,738 [pool-416-thread-1] INFO  server.RaftServerConfigKeys (ConfUtils.java:logGet(43)) - raft.server.log.statemachine.data.sync.timeout.retry = -1 (default)
2019-10-18 13:08:13,738 [pool-416-thread-1] INFO  server.RaftServerConfigKeys (ConfUtils.java:logGet(43)) - raft.server.log.statemachine.data.caching.enabled = true (custom)
2019-10-18 13:08:13,738 [pool-416-thread-1] INFO  segmented.SegmentedRaftLogWorker (SegmentedRaftLogWorker.java:lambda$new$0(128)) - f7720aae-b5ab-43ae-a8f0-7922fdbaf311@group-EC3E8056A4BB-SegmentedRaftLogWorker: flushIndex: setUnconditionally 0 -> -1
2019-10-18 13:08:13,739 [pool-416-thread-1] INFO  server.RaftServerConfigKeys (ConfUtils.java:logGet(43)) - raft.server.snapshot.auto.trigger.enabled = true (custom)
2019-10-18 13:08:13,739 [pool-416-thread-1] INFO  server.RaftServerConfigKeys (ConfUtils.java:logGet(43)) - raft.server.snapshot.auto.trigger.threshold = 10000 (custom)
2019-10-18 13:08:13,739 [pool-416-thread-1] INFO  server.RaftServerConfigKeys (ConfUtils.java:logGet(43)) - raft.server.snapshot.retention.file.num = 5 (custom)
2019-10-18 13:08:13,739 [pool-416-thread-1] INFO  server.RaftServerConfigKeys (ConfUtils.java:logGet(43)) - raft.server.retrycache.expirytime = 600000ms (custom)
2019-10-18 13:08:13,740 [7d69770b-3355-4a82-aab2-02db9382227d@group-9A2401E47D95-LeaderElection630] INFO  impl.LeaderElection (LogUtils.java:infoOrTrace(149)) - 7d69770b-3355-4a82-aab2-02db9382227d@group-9A2401E47D95-LeaderElection630 got exception when requesting votes: {}
java.util.concurrent.ExecutionException: org.apache.ratis.thirdparty.io.grpc.StatusRuntimeException: INTERNAL: f7720aae-b5ab-43ae-a8f0-7922fdbaf311: group-9A2401E47D95 not found.
	at java.util.concurrent.FutureTask.report(FutureTask.java:122)
	at java.util.concurrent.FutureTask.get(FutureTask.java:192)
	at org.apache.ratis.server.impl.LeaderElection.waitForResults(LeaderElection.java:259)
	at org.apache.ratis.server.impl.LeaderElection.askForVotes(LeaderElection.java:197)
	at org.apache.ratis.server.impl.LeaderElection.run(LeaderElection.java:133)
	at java.lang.Thread.run(Thread.java:748)
Caused by: org.apache.ratis.thirdparty.io.grpc.StatusRuntimeException: INTERNAL: f7720aae-b5ab-43ae-a8f0-7922fdbaf311: group-9A2401E47D95 not found.
	at org.apache.ratis.thirdparty.io.grpc.stub.ClientCalls.toStatusRuntimeException(ClientCalls.java:233)
	at org.apache.ratis.thirdparty.io.grpc.stub.ClientCalls.getUnchecked(ClientCalls.java:214)
	at org.apache.ratis.thirdparty.io.grpc.stub.ClientCalls.blockingUnaryCall(ClientCalls.java:139)
	at org.apache.ratis.proto.grpc.RaftServerProtocolServiceGrpc$RaftServerProtocolServiceBlockingStub.requestVote(RaftServerProtocolServiceGrpc.java:265)
	at org.apache.ratis.grpc.server.GrpcServerProtocolClient.requestVote(GrpcServerProtocolClient.java:99)
	at org.apache.ratis.grpc.server.GrpcService.requestVote(GrpcService.java:204)
	at org.apache.ratis.server.impl.LeaderElection.lambda$submitRequests$1(LeaderElection.java:234)
	at java.util.concurrent.FutureTask.run(FutureTask.java:266)
	at java.util.concurrent.Executors$RunnableAdapter.call(Executors.java:511)
	at java.util.concurrent.FutureTask.run(FutureTask.java:266)
	at java.util.concurrent.ThreadPoolExecutor.runWorker(ThreadPoolExecutor.java:1149)
	at java.util.concurrent.ThreadPoolExecutor$Worker.run(ThreadPoolExecutor.java:624)
	... 1 more
2019-10-18 13:08:13,740 [0e280119-6e3a-4f2d-a3bb-534f53e1c036@group-9A2401E47D95-LeaderElection631] INFO  impl.LeaderElection (LogUtils.java:infoOrTrace(149)) - 0e280119-6e3a-4f2d-a3bb-534f53e1c036@group-9A2401E47D95-LeaderElection631 got exception when requesting votes: {}
java.util.concurrent.ExecutionException: org.apache.ratis.thirdparty.io.grpc.StatusRuntimeException: INTERNAL: f7720aae-b5ab-43ae-a8f0-7922fdbaf311: group-9A2401E47D95 not found.
	at java.util.concurrent.FutureTask.report(FutureTask.java:122)
	at java.util.concurrent.FutureTask.get(FutureTask.java:192)
	at org.apache.ratis.server.impl.LeaderElection.waitForResults(LeaderElection.java:259)
	at org.apache.ratis.server.impl.LeaderElection.askForVotes(LeaderElection.java:197)
	at org.apache.ratis.server.impl.LeaderElection.run(LeaderElection.java:133)
	at java.lang.Thread.run(Thread.java:748)
Caused by: org.apache.ratis.thirdparty.io.grpc.StatusRuntimeException: INTERNAL: f7720aae-b5ab-43ae-a8f0-7922fdbaf311: group-9A2401E47D95 not found.
	at org.apache.ratis.thirdparty.io.grpc.stub.ClientCalls.toStatusRuntimeException(ClientCalls.java:233)
	at org.apache.ratis.thirdparty.io.grpc.stub.ClientCalls.getUnchecked(ClientCalls.java:214)
	at org.apache.ratis.thirdparty.io.grpc.stub.ClientCalls.blockingUnaryCall(ClientCalls.java:139)
	at org.apache.ratis.proto.grpc.RaftServerProtocolServiceGrpc$RaftServerProtocolServiceBlockingStub.requestVote(RaftServerProtocolServiceGrpc.java:265)
	at org.apache.ratis.grpc.server.GrpcServerProtocolClient.requestVote(GrpcServerProtocolClient.java:99)
	at org.apache.ratis.grpc.server.GrpcService.requestVote(GrpcService.java:204)
	at org.apache.ratis.server.impl.LeaderElection.lambda$submitRequests$1(LeaderElection.java:234)
	at java.util.concurrent.FutureTask.run(FutureTask.java:266)
	at java.util.concurrent.Executors$RunnableAdapter.call(Executors.java:511)
	at java.util.concurrent.FutureTask.run(FutureTask.java:266)
	at java.util.concurrent.ThreadPoolExecutor.runWorker(ThreadPoolExecutor.java:1149)
	at java.util.concurrent.ThreadPoolExecutor$Worker.run(ThreadPoolExecutor.java:624)
	... 1 more
2019-10-18 13:08:13,740 [7d69770b-3355-4a82-aab2-02db9382227d@group-9A2401E47D95-LeaderElection630] INFO  impl.LeaderElection (LeaderElection.java:logAndReturn(56)) - 7d69770b-3355-4a82-aab2-02db9382227d@group-9A2401E47D95-LeaderElection630: Election REJECTED; received 1 response(s) [7d69770b-3355-4a82-aab2-02db9382227d<-0e280119-6e3a-4f2d-a3bb-534f53e1c036#0:FAIL-t2] and 1 exception(s); 7d69770b-3355-4a82-aab2-02db9382227d@group-9A2401E47D95:t2, leader=null, voted=7d69770b-3355-4a82-aab2-02db9382227d, raftlog=7d69770b-3355-4a82-aab2-02db9382227d@group-9A2401E47D95-SegmentedRaftLog:OPENED:c-1,f-1,i0, conf=-1: [7d69770b-3355-4a82-aab2-02db9382227d:192.168.34.56:33301, f7720aae-b5ab-43ae-a8f0-7922fdbaf311:192.168.34.56:46404, 0e280119-6e3a-4f2d-a3bb-534f53e1c036:192.168.34.56:35105], old=null
2019-10-18 13:08:13,740 [0e280119-6e3a-4f2d-a3bb-534f53e1c036@group-9A2401E47D95-LeaderElection631] INFO  impl.LeaderElection (LeaderElection.java:logAndReturn(56)) - 0e280119-6e3a-4f2d-a3bb-534f53e1c036@group-9A2401E47D95-LeaderElection631: Election REJECTED; received 1 response(s) [0e280119-6e3a-4f2d-a3bb-534f53e1c036<-7d69770b-3355-4a82-aab2-02db9382227d#0:FAIL-t2] and 1 exception(s); 0e280119-6e3a-4f2d-a3bb-534f53e1c036@group-9A2401E47D95:t2, leader=null, voted=0e280119-6e3a-4f2d-a3bb-534f53e1c036, raftlog=0e280119-6e3a-4f2d-a3bb-534f53e1c036@group-9A2401E47D95-SegmentedRaftLog:OPENED:c-1,f-1,i0, conf=-1: [7d69770b-3355-4a82-aab2-02db9382227d:192.168.34.56:33301, f7720aae-b5ab-43ae-a8f0-7922fdbaf311:192.168.34.56:46404, 0e280119-6e3a-4f2d-a3bb-534f53e1c036:192.168.34.56:35105], old=null
2019-10-18 13:08:13,741 [7d69770b-3355-4a82-aab2-02db9382227d@group-9A2401E47D95-LeaderElection630] INFO  impl.LeaderElection (LogUtils.java:infoOrTrace(149)) -   Exception 0: {}
java.util.concurrent.ExecutionException: org.apache.ratis.thirdparty.io.grpc.StatusRuntimeException: INTERNAL: f7720aae-b5ab-43ae-a8f0-7922fdbaf311: group-9A2401E47D95 not found.
	at java.util.concurrent.FutureTask.report(FutureTask.java:122)
	at java.util.concurrent.FutureTask.get(FutureTask.java:192)
	at org.apache.ratis.server.impl.LeaderElection.waitForResults(LeaderElection.java:259)
	at org.apache.ratis.server.impl.LeaderElection.askForVotes(LeaderElection.java:197)
	at org.apache.ratis.server.impl.LeaderElection.run(LeaderElection.java:133)
	at java.lang.Thread.run(Thread.java:748)
Caused by: org.apache.ratis.thirdparty.io.grpc.StatusRuntimeException: INTERNAL: f7720aae-b5ab-43ae-a8f0-7922fdbaf311: group-9A2401E47D95 not found.
	at org.apache.ratis.thirdparty.io.grpc.stub.ClientCalls.toStatusRuntimeException(ClientCalls.java:233)
	at org.apache.ratis.thirdparty.io.grpc.stub.ClientCalls.getUnchecked(ClientCalls.java:214)
	at org.apache.ratis.thirdparty.io.grpc.stub.ClientCalls.blockingUnaryCall(ClientCalls.java:139)
	at org.apache.ratis.proto.grpc.RaftServerProtocolServiceGrpc$RaftServerProtocolServiceBlockingStub.requestVote(RaftServerProtocolServiceGrpc.java:265)
	at org.apache.ratis.grpc.server.GrpcServerProtocolClient.requestVote(GrpcServerProtocolClient.java:99)
	at org.apache.ratis.grpc.server.GrpcService.requestVote(GrpcService.java:204)
	at org.apache.ratis.server.impl.LeaderElection.lambda$submitRequests$1(LeaderElection.java:234)
	at java.util.concurrent.FutureTask.run(FutureTask.java:266)
	at java.util.concurrent.Executors$RunnableAdapter.call(Executors.java:511)
	at java.util.concurrent.FutureTask.run(FutureTask.java:266)
	at java.util.concurrent.ThreadPoolExecutor.runWorker(ThreadPoolExecutor.java:1149)
	at java.util.concurrent.ThreadPoolExecutor$Worker.run(ThreadPoolExecutor.java:624)
	... 1 more
2019-10-18 13:08:13,741 [0e280119-6e3a-4f2d-a3bb-534f53e1c036@group-9A2401E47D95-LeaderElection631] INFO  impl.LeaderElection (LogUtils.java:infoOrTrace(149)) -   Exception 0: {}
java.util.concurrent.ExecutionException: org.apache.ratis.thirdparty.io.grpc.StatusRuntimeException: INTERNAL: f7720aae-b5ab-43ae-a8f0-7922fdbaf311: group-9A2401E47D95 not found.
	at java.util.concurrent.FutureTask.report(FutureTask.java:122)
	at java.util.concurrent.FutureTask.get(FutureTask.java:192)
	at org.apache.ratis.server.impl.LeaderElection.waitForResults(LeaderElection.java:259)
	at org.apache.ratis.server.impl.LeaderElection.askForVotes(LeaderElection.java:197)
	at org.apache.ratis.server.impl.LeaderElection.run(LeaderElection.java:133)
	at java.lang.Thread.run(Thread.java:748)
Caused by: org.apache.ratis.thirdparty.io.grpc.StatusRuntimeException: INTERNAL: f7720aae-b5ab-43ae-a8f0-7922fdbaf311: group-9A2401E47D95 not found.
	at org.apache.ratis.thirdparty.io.grpc.stub.ClientCalls.toStatusRuntimeException(ClientCalls.java:233)
	at org.apache.ratis.thirdparty.io.grpc.stub.ClientCalls.getUnchecked(ClientCalls.java:214)
	at org.apache.ratis.thirdparty.io.grpc.stub.ClientCalls.blockingUnaryCall(ClientCalls.java:139)
	at org.apache.ratis.proto.grpc.RaftServerProtocolServiceGrpc$RaftServerProtocolServiceBlockingStub.requestVote(RaftServerProtocolServiceGrpc.java:265)
	at org.apache.ratis.grpc.server.GrpcServerProtocolClient.requestVote(GrpcServerProtocolClient.java:99)
	at org.apache.ratis.grpc.server.GrpcService.requestVote(GrpcService.java:204)
	at org.apache.ratis.server.impl.LeaderElection.lambda$submitRequests$1(LeaderElection.java:234)
	at java.util.concurrent.FutureTask.run(FutureTask.java:266)
	at java.util.concurrent.Executors$RunnableAdapter.call(Executors.java:511)
	at java.util.concurrent.FutureTask.run(FutureTask.java:266)
	at java.util.concurrent.ThreadPoolExecutor.runWorker(ThreadPoolExecutor.java:1149)
	at java.util.concurrent.ThreadPoolExecutor$Worker.run(ThreadPoolExecutor.java:624)
	... 1 more
2019-10-18 13:08:13,741 [grpc-default-executor-2] WARN  server.GrpcServerProtocolService (LogUtils.java:warn(134)) - f7720aae-b5ab-43ae-a8f0-7922fdbaf311: Failed requestVote 0e280119-6e3a-4f2d-a3bb-534f53e1c036->f7720aae-b5ab-43ae-a8f0-7922fdbaf311#0: org.apache.ratis.protocol.ServerNotReadyException: f7720aae-b5ab-43ae-a8f0-7922fdbaf311@group-EC3E8056A4BB is not in [RUNNING]: current state is NEW
2019-10-18 13:08:13,741 [0e280119-6e3a-4f2d-a3bb-534f53e1c036@group-9A2401E47D95-LeaderElection631] INFO  impl.RaftServerImpl (RaftServerImpl.java:setRole(184)) - 0e280119-6e3a-4f2d-a3bb-534f53e1c036@group-9A2401E47D95: changes role from CANDIDATE to FOLLOWER at term 2 for DISCOVERED_A_NEW_TERM
2019-10-18 13:08:13,741 [pool-416-thread-1] INFO  impl.RaftServerProxy (RaftServerProxy.java:remove(95)) - f7720aae-b5ab-43ae-a8f0-7922fdbaf311: remove      null f7720aae-b5ab-43ae-a8f0-7922fdbaf311@group-EC3E8056A4BB:t0, leader=null, voted=null, raftlog=f7720aae-b5ab-43ae-a8f0-7922fdbaf311@group-EC3E8056A4BB-SegmentedRaftLog:OPENED:c-1,f-1,i0, conf=-1: [7d69770b-3355-4a82-aab2-02db9382227d:192.168.34.56:33301, f7720aae-b5ab-43ae-a8f0-7922fdbaf311:192.168.34.56:46404, 0e280119-6e3a-4f2d-a3bb-534f53e1c036:192.168.34.56:35105], old=null NEW
2019-10-18 13:08:13,741 [grpc-default-executor-19] WARN  server.GrpcServerProtocolService (LogUtils.java:warn(134)) - f7720aae-b5ab-43ae-a8f0-7922fdbaf311: Failed requestVote 7d69770b-3355-4a82-aab2-02db9382227d->f7720aae-b5ab-43ae-a8f0-7922fdbaf311#0: org.apache.ratis.protocol.ServerNotReadyException: f7720aae-b5ab-43ae-a8f0-7922fdbaf311@group-EC3E8056A4BB is not in [RUNNING]: current state is NEW
2019-10-18 13:08:13,741 [grpc-default-executor-15] WARN  server.GrpcServerProtocolService (LogUtils.java:warn(134)) - f7720aae-b5ab-43ae-a8f0-7922fdbaf311: Failed requestVote 0e280119-6e3a-4f2d-a3bb-534f53e1c036->f7720aae-b5ab-43ae-a8f0-7922fdbaf311#0: org.apache.ratis.protocol.ServerNotReadyException: f7720aae-b5ab-43ae-a8f0-7922fdbaf311@group-EC3E8056A4BB is not in [RUNNING]: current state is NEW
2019-10-18 13:08:13,741 [grpc-default-executor-6] WARN  server.GrpcServerProtocolService (LogUtils.java:warn(134)) - f7720aae-b5ab-43ae-a8f0-7922fdbaf311: Failed requestVote 7d69770b-3355-4a82-aab2-02db9382227d->f7720aae-b5ab-43ae-a8f0-7922fdbaf311#0: org.apache.ratis.protocol.ServerNotReadyException: f7720aae-b5ab-43ae-a8f0-7922fdbaf311@group-EC3E8056A4BB is not in [RUNNING]: current state is NEW
2019-10-18 13:08:13,741 [7d69770b-3355-4a82-aab2-02db9382227d@group-9A2401E47D95-LeaderElection630] INFO  impl.RaftServerImpl (RaftServerImpl.java:setRole(184)) - 7d69770b-3355-4a82-aab2-02db9382227d@group-9A2401E47D95: changes role from CANDIDATE to FOLLOWER at term 2 for DISCOVERED_A_NEW_TERM
2019-10-18 13:08:13,742 [pool-416-thread-1] WARN  impl.RaftServerProxy (RaftServerProxy.java:lambda$groupAddAsync$11(388)) - f7720aae-b5ab-43ae-a8f0-7922fdbaf311: Failed groupAdd* GroupManagementRequest:client-D0AF517784B9->f7720aae-b5ab-43ae-a8f0-7922fdbaf311@group-EC3E8056A4BB, cid=102, seq=0, RW, null, Add:group-EC3E8056A4BB:[7d69770b-3355-4a82-aab2-02db9382227d:192.168.34.56:33301, f7720aae-b5ab-43ae-a8f0-7922fdbaf311:192.168.34.56:46404, 0e280119-6e3a-4f2d-a3bb-534f53e1c036:192.168.34.56:35105]
java.util.concurrent.CompletionException: java.util.concurrent.RejectedExecutionException: Task java.util.concurrent.CompletableFuture$UniApply@13309882 rejected from java.util.concurrent.ThreadPoolExecutor@576b83ab[Shutting down, pool size = 1, active threads = 1, queued tasks = 1, completed tasks = 6]
	at java.util.concurrent.CompletableFuture.encodeThrowable(CompletableFuture.java:273)
	at java.util.concurrent.CompletableFuture.completeThrowable(CompletableFuture.java:280)
	at java.util.concurrent.CompletableFuture.uniApply(CompletableFuture.java:604)
	at java.util.concurrent.CompletableFuture$UniApply.tryFire(CompletableFuture.java:577)
	at java.util.concurrent.CompletableFuture.postComplete(CompletableFuture.java:474)
	at java.util.concurrent.CompletableFuture$AsyncSupply.run(CompletableFuture.java:1595)
	at java.util.concurrent.ThreadPoolExecutor.runWorker(ThreadPoolExecutor.java:1149)
	at java.util.concurrent.ThreadPoolExecutor$Worker.run(ThreadPoolExecutor.java:624)
	at java.lang.Thread.run(Thread.java:748)
Caused by: java.util.concurrent.RejectedExecutionException: Task java.util.concurrent.CompletableFuture$UniApply@13309882 rejected from java.util.concurrent.ThreadPoolExecutor@576b83ab[Shutting down, pool size = 1, active threads = 1, queued tasks = 1, completed tasks = 6]
	at java.util.concurrent.ThreadPoolExecutor$AbortPolicy.rejectedExecution(ThreadPoolExecutor.java:2063)
	at java.util.concurrent.ThreadPoolExecutor.reject(ThreadPoolExecutor.java:830)
	at java.util.concurrent.ThreadPoolExecutor.execute(ThreadPoolExecutor.java:1379)
	at java.util.concurrent.Executors$DelegatedExecutorService.execute(Executors.java:668)
	at java.util.concurrent.CompletableFuture$UniCompletion.claim(CompletableFuture.java:529)
	at java.util.concurrent.CompletableFuture.uniApply(CompletableFuture.java:599)
	... 6 more
2019-10-18 13:08:13,742 [0e280119-6e3a-4f2d-a3bb-534f53e1c036@group-9A2401E47D95-LeaderElection631] INFO  impl.RoleInfo (RoleInfo.java:shutdownLeaderElection(134)) - 0e280119-6e3a-4f2d-a3bb-534f53e1c036: shutdown LeaderElection
2019-10-18 13:08:13,743 [pool-416-thread-1] INFO  impl.RaftServerImpl (RaftServerImpl.java:start(195)) - f7720aae-b5ab-43ae-a8f0-7922fdbaf311@group-104DF360A9D0: start as a follower, conf=-1: [f7720aae-b5ab-43ae-a8f0-7922fdbaf311:192.168.34.56:46404], old=null
2019-10-18 13:08:13,742 [7d69770b-3355-4a82-aab2-02db9382227d@group-9A2401E47D95-LeaderElection630] INFO  impl.RoleInfo (RoleInfo.java:shutdownLeaderElection(134)) - 7d69770b-3355-4a82-aab2-02db9382227d: shutdown LeaderElection
2019-10-18 13:08:13,743 [pool-416-thread-1] INFO  impl.RaftServerImpl (RaftServerImpl.java:setRole(184)) - f7720aae-b5ab-43ae-a8f0-7922fdbaf311@group-104DF360A9D0: changes role from      null to FOLLOWER at term 0 for startAsFollower
2019-10-18 13:08:13,743 [0e280119-6e3a-4f2d-a3bb-534f53e1c036@group-9A2401E47D95-LeaderElection631] INFO  impl.RoleInfo (RoleInfo.java:updateAndGet(143)) - 0e280119-6e3a-4f2d-a3bb-534f53e1c036: start FollowerState
2019-10-18 13:08:13,743 [pool-416-thread-1] INFO  impl.RoleInfo (RoleInfo.java:updateAndGet(143)) - f7720aae-b5ab-43ae-a8f0-7922fdbaf311: start FollowerState
2019-10-18 13:08:13,743 [7d69770b-3355-4a82-aab2-02db9382227d@group-9A2401E47D95-LeaderElection630] INFO  impl.RoleInfo (RoleInfo.java:updateAndGet(143)) - 7d69770b-3355-4a82-aab2-02db9382227d: start FollowerState
2019-10-18 13:08:13,744 [pool-416-thread-1] INFO  util.JmxRegister (JmxRegister.java:tryRegister(44)) - Successfully registered JMX Bean with object name Ratis:service=RaftServer,group=group-104DF360A9D0,id=f7720aae-b5ab-43ae-a8f0-7922fdbaf311
2019-10-18 13:08:13,745 [ForkJoinPool.commonPool-worker-0] INFO  impl.RaftServerProxy (RaftServerProxy.java:lambda$close$4(314)) - f7720aae-b5ab-43ae-a8f0-7922fdbaf311: close
2019-10-18 13:08:13,746 [ForkJoinPool.commonPool-worker-0] INFO  impl.RaftServerImpl (RaftServerImpl.java:lambda$shutdown$3(261)) - f7720aae-b5ab-43ae-a8f0-7922fdbaf311@group-61F4B561E702: shutdown
2019-10-18 13:08:13,746 [ForkJoinPool.commonPool-worker-0] INFO  util.JmxRegister (JmxRegister.java:unregister(73)) - Successfully un-registered JMX Bean with object name Ratis:service=RaftServer,group=group-61F4B561E702,id=f7720aae-b5ab-43ae-a8f0-7922fdbaf311
2019-10-18 13:08:13,746 [ForkJoinPool.commonPool-worker-0] INFO  impl.RoleInfo (RoleInfo.java:shutdownFollowerState(121)) - f7720aae-b5ab-43ae-a8f0-7922fdbaf311: shutdown FollowerState
2019-10-18 13:08:13,746 [7d69770b-3355-4a82-aab2-02db9382227d@group-EC3E8056A4BB-LeaderElection625] INFO  impl.LeaderElection (LogUtils.java:infoOrTrace(149)) - 7d69770b-3355-4a82-aab2-02db9382227d@group-EC3E8056A4BB-LeaderElection625 got exception when requesting votes: {}
java.util.concurrent.ExecutionException: org.apache.ratis.thirdparty.io.grpc.StatusRuntimeException: INTERNAL: f7720aae-b5ab-43ae-a8f0-7922fdbaf311@group-EC3E8056A4BB is not in [RUNNING]: current state is NEW
	at java.util.concurrent.FutureTask.report(FutureTask.java:122)
	at java.util.concurrent.FutureTask.get(FutureTask.java:192)
	at org.apache.ratis.server.impl.LeaderElection.waitForResults(LeaderElection.java:259)
	at org.apache.ratis.server.impl.LeaderElection.askForVotes(LeaderElection.java:197)
	at org.apache.ratis.server.impl.LeaderElection.run(LeaderElection.java:133)
	at java.lang.Thread.run(Thread.java:748)
Caused by: org.apache.ratis.thirdparty.io.grpc.StatusRuntimeException: INTERNAL: f7720aae-b5ab-43ae-a8f0-7922fdbaf311@group-EC3E8056A4BB is not in [RUNNING]: current state is NEW
	at org.apache.ratis.thirdparty.io.grpc.stub.ClientCalls.toStatusRuntimeException(ClientCalls.java:233)
	at org.apache.ratis.thirdparty.io.grpc.stub.ClientCalls.getUnchecked(ClientCalls.java:214)
	at org.apache.ratis.thirdparty.io.grpc.stub.ClientCalls.blockingUnaryCall(ClientCalls.java:139)
	at org.apache.ratis.proto.grpc.RaftServerProtocolServiceGrpc$RaftServerProtocolServiceBlockingStub.requestVote(RaftServerProtocolServiceGrpc.java:265)
	at org.apache.ratis.grpc.server.GrpcServerProtocolClient.requestVote(GrpcServerProtocolClient.java:99)
	at org.apache.ratis.grpc.server.GrpcService.requestVote(GrpcService.java:204)
	at org.apache.ratis.server.impl.LeaderElection.lambda$submitRequests$1(LeaderElection.java:234)
	at java.util.concurrent.FutureTask.run(FutureTask.java:266)
	at java.util.concurrent.Executors$RunnableAdapter.call(Executors.java:511)
	at java.util.concurrent.FutureTask.run(FutureTask.java:266)
	at java.util.concurrent.ThreadPoolExecutor.runWorker(ThreadPoolExecutor.java:1149)
	at java.util.concurrent.ThreadPoolExecutor$Worker.run(ThreadPoolExecutor.java:624)
	... 1 more
2019-10-18 13:08:13,746 [0e280119-6e3a-4f2d-a3bb-534f53e1c036@group-EC3E8056A4BB-LeaderElection626] INFO  impl.LeaderElection (LogUtils.java:infoOrTrace(149)) - 0e280119-6e3a-4f2d-a3bb-534f53e1c036@group-EC3E8056A4BB-LeaderElection626 got exception when requesting votes: {}
java.util.concurrent.ExecutionException: org.apache.ratis.thirdparty.io.grpc.StatusRuntimeException: INTERNAL: f7720aae-b5ab-43ae-a8f0-7922fdbaf311@group-EC3E8056A4BB is not in [RUNNING]: current state is NEW
	at java.util.concurrent.FutureTask.report(FutureTask.java:122)
	at java.util.concurrent.FutureTask.get(FutureTask.java:192)
	at org.apache.ratis.server.impl.LeaderElection.waitForResults(LeaderElection.java:259)
	at org.apache.ratis.server.impl.LeaderElection.askForVotes(LeaderElection.java:197)
	at org.apache.ratis.server.impl.LeaderElection.run(LeaderElection.java:133)
	at java.lang.Thread.run(Thread.java:748)
Caused by: org.apache.ratis.thirdparty.io.grpc.StatusRuntimeException: INTERNAL: f7720aae-b5ab-43ae-a8f0-7922fdbaf311@group-EC3E8056A4BB is not in [RUNNING]: current state is NEW
	at org.apache.ratis.thirdparty.io.grpc.stub.ClientCalls.toStatusRuntimeException(ClientCalls.java:233)
	at org.apache.ratis.thirdparty.io.grpc.stub.ClientCalls.getUnchecked(ClientCalls.java:214)
	at org.apache.ratis.thirdparty.io.grpc.stub.ClientCalls.blockingUnaryCall(ClientCalls.java:139)
	at org.apache.ratis.proto.grpc.RaftServerProtocolServiceGrpc$RaftServerProtocolServiceBlockingStub.requestVote(RaftServerProtocolServiceGrpc.java:265)
	at org.apache.ratis.grpc.server.GrpcServerProtocolClient.requestVote(GrpcServerProtocolClient.java:99)
	at org.apache.ratis.grpc.server.GrpcService.requestVote(GrpcService.java:204)
	at org.apache.ratis.server.impl.LeaderElection.lambda$submitRequests$1(LeaderElection.java:234)
	at java.util.concurrent.FutureTask.run(FutureTask.java:266)
	at java.util.concurrent.Executors$RunnableAdapter.call(Executors.java:511)
	at java.util.concurrent.FutureTask.run(FutureTask.java:266)
	at java.util.concurrent.ThreadPoolExecutor.runWorker(ThreadPoolExecutor.java:1149)
	at java.util.concurrent.ThreadPoolExecutor$Worker.run(ThreadPoolExecutor.java:624)
	... 1 more
2019-10-18 13:08:13,746 [Thread-6199] INFO  impl.FollowerState (FollowerState.java:run(117)) - f7720aae-b5ab-43ae-a8f0-7922fdbaf311@group-61F4B561E702-FollowerState was interrupted: java.lang.InterruptedException: sleep interrupted
2019-10-18 13:08:13,746 [ForkJoinPool.commonPool-worker-0] INFO  impl.StateMachineUpdater (StateMachineUpdater.java:stopAndJoin(136)) - f7720aae-b5ab-43ae-a8f0-7922fdbaf311@group-61F4B561E702-StateMachineUpdater: set stopIndex = -1
2019-10-18 13:08:13,747 [0e280119-6e3a-4f2d-a3bb-534f53e1c036@group-EC3E8056A4BB-LeaderElection626] INFO  impl.LeaderElection (LeaderElection.java:logAndReturn(56)) - 0e280119-6e3a-4f2d-a3bb-534f53e1c036@group-EC3E8056A4BB-LeaderElection626: Election REJECTED; received 1 response(s) [0e280119-6e3a-4f2d-a3bb-534f53e1c036<-7d69770b-3355-4a82-aab2-02db9382227d#0:FAIL-t2] and 1 exception(s); 0e280119-6e3a-4f2d-a3bb-534f53e1c036@group-EC3E8056A4BB:t2, leader=null, voted=0e280119-6e3a-4f2d-a3bb-534f53e1c036, raftlog=0e280119-6e3a-4f2d-a3bb-534f53e1c036@group-EC3E8056A4BB-SegmentedRaftLog:OPENED:c-1,f-1,i0, conf=-1: [7d69770b-3355-4a82-aab2-02db9382227d:192.168.34.56:33301, f7720aae-b5ab-43ae-a8f0-7922fdbaf311:192.168.34.56:46404, 0e280119-6e3a-4f2d-a3bb-534f53e1c036:192.168.34.56:35105], old=null
2019-10-18 13:08:13,748 [0e280119-6e3a-4f2d-a3bb-534f53e1c036@group-EC3E8056A4BB-LeaderElection626] INFO  impl.LeaderElection (LogUtils.java:infoOrTrace(149)) -   Exception 0: {}
java.util.concurrent.ExecutionException: org.apache.ratis.thirdparty.io.grpc.StatusRuntimeException: INTERNAL: f7720aae-b5ab-43ae-a8f0-7922fdbaf311@group-EC3E8056A4BB is not in [RUNNING]: current state is NEW
	at java.util.concurrent.FutureTask.report(FutureTask.java:122)
	at java.util.concurrent.FutureTask.get(FutureTask.java:192)
	at org.apache.ratis.server.impl.LeaderElection.waitForResults(LeaderElection.java:259)
	at org.apache.ratis.server.impl.LeaderElection.askForVotes(LeaderElection.java:197)
	at org.apache.ratis.server.impl.LeaderElection.run(LeaderElection.java:133)
	at java.lang.Thread.run(Thread.java:748)
Caused by: org.apache.ratis.thirdparty.io.grpc.StatusRuntimeException: INTERNAL: f7720aae-b5ab-43ae-a8f0-7922fdbaf311@group-EC3E8056A4BB is not in [RUNNING]: current state is NEW
	at org.apache.ratis.thirdparty.io.grpc.stub.ClientCalls.toStatusRuntimeException(ClientCalls.java:233)
	at org.apache.ratis.thirdparty.io.grpc.stub.ClientCalls.getUnchecked(ClientCalls.java:214)
	at org.apache.ratis.thirdparty.io.grpc.stub.ClientCalls.blockingUnaryCall(ClientCalls.java:139)
	at org.apache.ratis.proto.grpc.RaftServerProtocolServiceGrpc$RaftServerProtocolServiceBlockingStub.requestVote(RaftServerProtocolServiceGrpc.java:265)
	at org.apache.ratis.grpc.server.GrpcServerProtocolClient.requestVote(GrpcServerProtocolClient.java:99)
	at org.apache.ratis.grpc.server.GrpcService.requestVote(GrpcService.java:204)
	at org.apache.ratis.server.impl.LeaderElection.lambda$submitRequests$1(LeaderElection.java:234)
	at java.util.concurrent.FutureTask.run(FutureTask.java:266)
	at java.util.concurrent.Executors$RunnableAdapter.call(Executors.java:511)
	at java.util.concurrent.FutureTask.run(FutureTask.java:266)
	at java.util.concurrent.ThreadPoolExecutor.runWorker(ThreadPoolExecutor.java:1149)
	at java.util.concurrent.ThreadPoolExecutor$Worker.run(ThreadPoolExecutor.java:624)
	... 1 more
2019-10-18 13:08:13,748 [0e280119-6e3a-4f2d-a3bb-534f53e1c036@group-EC3E8056A4BB-LeaderElection626] INFO  impl.RaftServerImpl (RaftServerImpl.java:setRole(184)) - 0e280119-6e3a-4f2d-a3bb-534f53e1c036@group-EC3E8056A4BB: changes role from CANDIDATE to FOLLOWER at term 2 for DISCOVERED_A_NEW_TERM
2019-10-18 13:08:13,747 [7d69770b-3355-4a82-aab2-02db9382227d@group-EC3E8056A4BB-LeaderElection625] INFO  impl.LeaderElection (LeaderElection.java:logAndReturn(56)) - 7d69770b-3355-4a82-aab2-02db9382227d@group-EC3E8056A4BB-LeaderElection625: Election REJECTED; received 1 response(s) [7d69770b-3355-4a82-aab2-02db9382227d<-0e280119-6e3a-4f2d-a3bb-534f53e1c036#0:FAIL-t2] and 1 exception(s); 7d69770b-3355-4a82-aab2-02db9382227d@group-EC3E8056A4BB:t2, leader=null, voted=7d69770b-3355-4a82-aab2-02db9382227d, raftlog=7d69770b-3355-4a82-aab2-02db9382227d@group-EC3E8056A4BB-SegmentedRaftLog:OPENED:c-1,f-1,i0, conf=-1: [7d69770b-3355-4a82-aab2-02db9382227d:192.168.34.56:33301, f7720aae-b5ab-43ae-a8f0-7922fdbaf311:192.168.34.56:46404, 0e280119-6e3a-4f2d-a3bb-534f53e1c036:192.168.34.56:35105], old=null
2019-10-18 13:08:13,748 [7d69770b-3355-4a82-aab2-02db9382227d@group-EC3E8056A4BB-LeaderElection625] INFO  impl.LeaderElection (LogUtils.java:infoOrTrace(149)) -   Exception 0: {}
java.util.concurrent.ExecutionException: org.apache.ratis.thirdparty.io.grpc.StatusRuntimeException: INTERNAL: f7720aae-b5ab-43ae-a8f0-7922fdbaf311@group-EC3E8056A4BB is not in [RUNNING]: current state is NEW
	at java.util.concurrent.FutureTask.report(FutureTask.java:122)
	at java.util.concurrent.FutureTask.get(FutureTask.java:192)
	at org.apache.ratis.server.impl.LeaderElection.waitForResults(LeaderElection.java:259)
	at org.apache.ratis.server.impl.LeaderElection.askForVotes(LeaderElection.java:197)
	at org.apache.ratis.server.impl.LeaderElection.run(LeaderElection.java:133)
	at java.lang.Thread.run(Thread.java:748)
Caused by: org.apache.ratis.thirdparty.io.grpc.StatusRuntimeException: INTERNAL: f7720aae-b5ab-43ae-a8f0-7922fdbaf311@group-EC3E8056A4BB is not in [RUNNING]: current state is NEW
	at org.apache.ratis.thirdparty.io.grpc.stub.ClientCalls.toStatusRuntimeException(ClientCalls.java:233)
	at org.apache.ratis.thirdparty.io.grpc.stub.ClientCalls.getUnchecked(ClientCalls.java:214)
	at org.apache.ratis.thirdparty.io.grpc.stub.ClientCalls.blockingUnaryCall(ClientCalls.java:139)
	at org.apache.ratis.proto.grpc.RaftServerProtocolServiceGrpc$RaftServerProtocolServiceBlockingStub.requestVote(RaftServerProtocolServiceGrpc.java:265)
	at org.apache.ratis.grpc.server.GrpcServerProtocolClient.requestVote(GrpcServerProtocolClient.java:99)
	at org.apache.ratis.grpc.server.GrpcService.requestVote(GrpcService.java:204)
	at org.apache.ratis.server.impl.LeaderElection.lambda$submitRequests$1(LeaderElection.java:234)
	at java.util.concurrent.FutureTask.run(FutureTask.java:266)
	at java.util.concurrent.Executors$RunnableAdapter.call(Executors.java:511)
	at java.util.concurrent.FutureTask.run(FutureTask.java:266)
	at java.util.concurrent.ThreadPoolExecutor.runWorker(ThreadPoolExecutor.java:1149)
	at java.util.concurrent.ThreadPoolExecutor$Worker.run(ThreadPoolExecutor.java:624)
	... 1 more
2019-10-18 13:08:13,748 [0e280119-6e3a-4f2d-a3bb-534f53e1c036@group-EC3E8056A4BB-LeaderElection626] INFO  impl.RoleInfo (RoleInfo.java:shutdownLeaderElection(134)) - 0e280119-6e3a-4f2d-a3bb-534f53e1c036: shutdown LeaderElection
2019-10-18 13:08:13,747 [ForkJoinPool.commonPool-worker-0] INFO  impl.RaftServerImpl (ServerState.java:close(388)) - f7720aae-b5ab-43ae-a8f0-7922fdbaf311@group-61F4B561E702: closes. applyIndex: -1
2019-10-18 13:08:13,749 [0e280119-6e3a-4f2d-a3bb-534f53e1c036@group-EC3E8056A4BB-LeaderElection626] INFO  impl.RoleInfo (RoleInfo.java:updateAndGet(143)) - 0e280119-6e3a-4f2d-a3bb-534f53e1c036: start FollowerState
2019-10-18 13:08:13,749 [f7720aae-b5ab-43ae-a8f0-7922fdbaf311@group-61F4B561E702-SegmentedRaftLogWorker] INFO  segmented.SegmentedRaftLogWorker (SegmentedRaftLogWorker.java:run(316)) - f7720aae-b5ab-43ae-a8f0-7922fdbaf311@group-61F4B561E702-SegmentedRaftLogWorker was interrupted, exiting. There are 0 tasks remaining in the queue.
2019-10-18 13:08:13,749 [7d69770b-3355-4a82-aab2-02db9382227d@group-EC3E8056A4BB-LeaderElection625] INFO  impl.RaftServerImpl (RaftServerImpl.java:setRole(184)) - 7d69770b-3355-4a82-aab2-02db9382227d@group-EC3E8056A4BB: changes role from CANDIDATE to FOLLOWER at term 2 for DISCOVERED_A_NEW_TERM
2019-10-18 13:08:13,749 [ForkJoinPool.commonPool-worker-0] INFO  segmented.SegmentedRaftLogWorker (SegmentedRaftLogWorker.java:close(224)) - f7720aae-b5ab-43ae-a8f0-7922fdbaf311@group-61F4B561E702-SegmentedRaftLogWorker close()
2019-10-18 13:08:13,749 [7d69770b-3355-4a82-aab2-02db9382227d@group-EC3E8056A4BB-LeaderElection625] INFO  impl.RoleInfo (RoleInfo.java:shutdownLeaderElection(134)) - 7d69770b-3355-4a82-aab2-02db9382227d: shutdown LeaderElection
2019-10-18 13:08:13,763 [ForkJoinPool.commonPool-worker-0] INFO  impl.RaftServerImpl (RaftServerImpl.java:lambda$shutdown$3(261)) - f7720aae-b5ab-43ae-a8f0-7922fdbaf311@group-104DF360A9D0: shutdown
2019-10-18 13:08:13,763 [7d69770b-3355-4a82-aab2-02db9382227d@group-EC3E8056A4BB-LeaderElection625] INFO  impl.RoleInfo (RoleInfo.java:updateAndGet(143)) - 7d69770b-3355-4a82-aab2-02db9382227d: start FollowerState
2019-10-18 13:08:13,763 [ForkJoinPool.commonPool-worker-0] INFO  util.JmxRegister (JmxRegister.java:unregister(73)) - Successfully un-registered JMX Bean with object name Ratis:service=RaftServer,group=group-104DF360A9D0,id=f7720aae-b5ab-43ae-a8f0-7922fdbaf311
2019-10-18 13:08:13,763 [ForkJoinPool.commonPool-worker-0] INFO  impl.RoleInfo (RoleInfo.java:shutdownFollowerState(121)) - f7720aae-b5ab-43ae-a8f0-7922fdbaf311: shutdown FollowerState
2019-10-18 13:08:13,764 [ForkJoinPool.commonPool-worker-0] INFO  impl.StateMachineUpdater (StateMachineUpdater.java:stopAndJoin(136)) - f7720aae-b5ab-43ae-a8f0-7922fdbaf311@group-104DF360A9D0-StateMachineUpdater: set stopIndex = -1
2019-10-18 13:08:13,764 [Thread-6204] INFO  impl.FollowerState (FollowerState.java:run(117)) - f7720aae-b5ab-43ae-a8f0-7922fdbaf311@group-104DF360A9D0-FollowerState was interrupted: java.lang.InterruptedException: sleep interrupted
2019-10-18 13:08:13,764 [ForkJoinPool.commonPool-worker-0] INFO  impl.RaftServerImpl (ServerState.java:close(388)) - f7720aae-b5ab-43ae-a8f0-7922fdbaf311@group-104DF360A9D0: closes. applyIndex: -1
2019-10-18 13:08:13,764 [f7720aae-b5ab-43ae-a8f0-7922fdbaf311@group-104DF360A9D0-SegmentedRaftLogWorker] INFO  segmented.SegmentedRaftLogWorker (SegmentedRaftLogWorker.java:run(316)) - f7720aae-b5ab-43ae-a8f0-7922fdbaf311@group-104DF360A9D0-SegmentedRaftLogWorker was interrupted, exiting. There are 0 tasks remaining in the queue.
2019-10-18 13:08:13,764 [ForkJoinPool.commonPool-worker-0] INFO  segmented.SegmentedRaftLogWorker (SegmentedRaftLogWorker.java:close(224)) - f7720aae-b5ab-43ae-a8f0-7922fdbaf311@group-104DF360A9D0-SegmentedRaftLogWorker close()
2019-10-18 13:08:13,766 [ForkJoinPool.commonPool-worker-0] INFO  impl.RaftServerImpl (RaftServerImpl.java:lambda$shutdown$3(261)) - f7720aae-b5ab-43ae-a8f0-7922fdbaf311@group-D618D0709976: shutdown
2019-10-18 13:08:13,766 [ForkJoinPool.commonPool-worker-0] INFO  util.JmxRegister (JmxRegister.java:unregister(73)) - Successfully un-registered JMX Bean with object name Ratis:service=RaftServer,group=group-D618D0709976,id=f7720aae-b5ab-43ae-a8f0-7922fdbaf311
2019-10-18 13:08:13,767 [ForkJoinPool.commonPool-worker-0] INFO  impl.RoleInfo (RoleInfo.java:shutdownLeaderState(104)) - f7720aae-b5ab-43ae-a8f0-7922fdbaf311: shutdown LeaderState
2019-10-18 13:08:13,767 [ForkJoinPool.commonPool-worker-0] INFO  impl.PendingRequests (PendingRequests.java:sendNotLeaderResponses(202)) - f7720aae-b5ab-43ae-a8f0-7922fdbaf311@group-D618D0709976-PendingRequests: sendNotLeaderResponses
2019-10-18 13:08:13,767 [ForkJoinPool.commonPool-worker-0] INFO  impl.StateMachineUpdater (StateMachineUpdater.java:stopAndJoin(136)) - f7720aae-b5ab-43ae-a8f0-7922fdbaf311@group-D618D0709976-StateMachineUpdater: set stopIndex = 0
2019-10-18 13:08:13,767 [ForkJoinPool.commonPool-worker-0] INFO  impl.RaftServerImpl (ServerState.java:close(388)) - f7720aae-b5ab-43ae-a8f0-7922fdbaf311@group-D618D0709976: closes. applyIndex: 0
2019-10-18 13:08:13,768 [f7720aae-b5ab-43ae-a8f0-7922fdbaf311@group-D618D0709976-SegmentedRaftLogWorker] INFO  segmented.SegmentedRaftLogWorker (SegmentedRaftLogWorker.java:run(316)) - f7720aae-b5ab-43ae-a8f0-7922fdbaf311@group-D618D0709976-SegmentedRaftLogWorker was interrupted, exiting. There are 0 tasks remaining in the queue.
2019-10-18 13:08:13,769 [ForkJoinPool.commonPool-worker-0] INFO  segmented.SegmentedRaftLogWorker (SegmentedRaftLogWorker.java:close(224)) - f7720aae-b5ab-43ae-a8f0-7922fdbaf311@group-D618D0709976-SegmentedRaftLogWorker close()
2019-10-18 13:08:13,771 [ForkJoinPool.commonPool-worker-0] INFO  server.GrpcService (GrpcService.java:closeImpl(164)) - f7720aae-b5ab-43ae-a8f0-7922fdbaf311: shutdown server with port 46404 now
2019-10-18 13:08:13,772 [ForkJoinPool.commonPool-worker-0] INFO  server.GrpcService (GrpcService.java:closeImpl(172)) - f7720aae-b5ab-43ae-a8f0-7922fdbaf311: shutdown server with port 46404 successfully
2019-10-18 13:08:13,773 [refreshUsed-/workdir/hadoop-ozone/integration-test/target/test-dir/MiniOzoneClusterImpl-a51cb6f9-69a9-44ea-bf2b-ac78a0e144b1/datanode-2/data/containers] WARN  fs.CachingGetSpaceUsed (CachingGetSpaceUsed.java:run(183)) - Thread Interrupted waiting to refresh disk information: sleep interrupted
2019-10-18 13:08:13,777 [Thread-6202] INFO  impl.FollowerState (FollowerState.java:run(108)) - 0e280119-6e3a-4f2d-a3bb-534f53e1c036@group-9A2401E47D95-FollowerState: change to CANDIDATE, lastRpcTime:33ms, electionTimeout:33ms
2019-10-18 13:08:13,777 [Thread-6202] INFO  impl.RoleInfo (RoleInfo.java:shutdownFollowerState(121)) - 0e280119-6e3a-4f2d-a3bb-534f53e1c036: shutdown FollowerState
2019-10-18 13:08:13,777 [Thread-6202] INFO  impl.RaftServerImpl (RaftServerImpl.java:setRole(184)) - 0e280119-6e3a-4f2d-a3bb-534f53e1c036@group-9A2401E47D95: changes role from  FOLLOWER to CANDIDATE at term 2 for changeToCandidate
2019-10-18 13:08:13,777 [Thread-6202] INFO  impl.RoleInfo (RoleInfo.java:updateAndGet(143)) - 0e280119-6e3a-4f2d-a3bb-534f53e1c036: start LeaderElection
2019-10-18 13:08:13,786 [ForkJoinPool.commonPool-worker-0] INFO  utils.BackgroundService (BackgroundService.java:shutdown(151)) - Shutting down service BlockDeletingService
2019-10-18 13:08:13,791 [ForkJoinPool.commonPool-worker-0] INFO  statemachine.DatanodeStateMachine (DatanodeStateMachine.java:stopDaemon(395)) - Ozone container server stopped.
2019-10-18 13:08:13,795 [ForkJoinPool.commonPool-worker-0] INFO  handler.ContextHandler (ContextHandler.java:doStop(910)) - Stopped o.e.j.w.WebAppContext@1c98b4eb{/,null,UNAVAILABLE}{/hddsDatanode}
2019-10-18 13:08:13,796 [ForkJoinPool.commonPool-worker-0] INFO  server.AbstractConnector (AbstractConnector.java:doStop(318)) - Stopped ServerConnector@45801322{HTTP/1.1,[http/1.1]}{0.0.0.0:0}
2019-10-18 13:08:13,797 [ForkJoinPool.commonPool-worker-0] INFO  handler.ContextHandler (ContextHandler.java:doStop(910)) - Stopped o.e.j.s.ServletContextHandler@26e8ff8c{/static,jar:file:/home/user/.m2/repository/org/apache/hadoop/hadoop-hdds-container-service/0.5.0-SNAPSHOT/hadoop-hdds-container-service-0.5.0-SNAPSHOT.jar!/webapps/static,UNAVAILABLE}
2019-10-18 13:08:13,798 [ForkJoinPool.commonPool-worker-0] INFO  handler.ContextHandler (ContextHandler.java:doStop(910)) - Stopped o.e.j.s.ServletContextHandler@7f0f84d4{/logs,file:///workdir/hadoop-ozone/integration-test/target/log,UNAVAILABLE}
2019-10-18 13:08:13,827 [Thread-6206] INFO  impl.FollowerState (FollowerState.java:run(108)) - 0e280119-6e3a-4f2d-a3bb-534f53e1c036@group-EC3E8056A4BB-FollowerState: change to CANDIDATE, lastRpcTime:78ms, electionTimeout:78ms
2019-10-18 13:08:13,827 [Thread-6206] INFO  impl.RoleInfo (RoleInfo.java:shutdownFollowerState(121)) - 0e280119-6e3a-4f2d-a3bb-534f53e1c036: shutdown FollowerState
2019-10-18 13:08:13,827 [Thread-6206] INFO  impl.RaftServerImpl (RaftServerImpl.java:setRole(184)) - 0e280119-6e3a-4f2d-a3bb-534f53e1c036@group-EC3E8056A4BB: changes role from  FOLLOWER to CANDIDATE at term 2 for changeToCandidate
2019-10-18 13:08:13,827 [Thread-6206] INFO  impl.RoleInfo (RoleInfo.java:updateAndGet(143)) - 0e280119-6e3a-4f2d-a3bb-534f53e1c036: start LeaderElection
2019-10-18 13:08:13,844 [Thread-6203] INFO  impl.FollowerState (FollowerState.java:run(108)) - 7d69770b-3355-4a82-aab2-02db9382227d@group-9A2401E47D95-FollowerState: change to CANDIDATE, lastRpcTime:100ms, electionTimeout:100ms
2019-10-18 13:08:13,844 [Thread-6203] INFO  impl.RoleInfo (RoleInfo.java:shutdownFollowerState(121)) - 7d69770b-3355-4a82-aab2-02db9382227d: shutdown FollowerState
2019-10-18 13:08:13,844 [Thread-6203] INFO  impl.RaftServerImpl (RaftServerImpl.java:setRole(184)) - 7d69770b-3355-4a82-aab2-02db9382227d@group-9A2401E47D95: changes role from  FOLLOWER to CANDIDATE at term 2 for changeToCandidate
2019-10-18 13:08:13,844 [Thread-6203] INFO  impl.RoleInfo (RoleInfo.java:updateAndGet(143)) - 7d69770b-3355-4a82-aab2-02db9382227d: start LeaderElection
2019-10-18 13:08:13,898 [Datanode State Machine Thread - 0] INFO  statemachine.DatanodeStateMachine (DatanodeStateMachine.java:lambda$startDaemon$0(350)) - Ozone container server started.
2019-10-18 13:08:13,915 [main] INFO  ozoneimpl.OzoneContainer (OzoneContainer.java:stop(227)) - Attempting to stop container services.
2019-10-18 13:08:13,916 [main] INFO  impl.RaftServerProxy (RaftServerProxy.java:lambda$close$4(314)) - 74187b27-82d6-49b4-b520-e3330f5e57e8: close
2019-10-18 13:08:13,916 [main] INFO  server.GrpcService (GrpcService.java:closeImpl(164)) - 74187b27-82d6-49b4-b520-e3330f5e57e8: shutdown server with port 45234 now
2019-10-18 13:08:13,916 [main] INFO  server.GrpcService (GrpcService.java:closeImpl(172)) - 74187b27-82d6-49b4-b520-e3330f5e57e8: shutdown server with port 45234 successfully
2019-10-18 13:08:13,920 [refreshUsed-/workdir/hadoop-ozone/integration-test/target/test-dir/MiniOzoneClusterImpl-a51cb6f9-69a9-44ea-bf2b-ac78a0e144b1/datanode-8/data/containers] WARN  fs.CachingGetSpaceUsed (CachingGetSpaceUsed.java:run(183)) - Thread Interrupted waiting to refresh disk information: sleep interrupted
2019-10-18 13:08:13,929 [main] INFO  utils.BackgroundService (BackgroundService.java:shutdown(151)) - Shutting down service BlockDeletingService
2019-10-18 13:08:13,936 [main] INFO  statemachine.DatanodeStateMachine (DatanodeStateMachine.java:stopDaemon(395)) - Ozone container server stopped.
2019-10-18 13:08:13,937 [main] INFO  handler.ContextHandler (ContextHandler.java:doStop(910)) - Stopped o.e.j.w.WebAppContext@6ac45c0c{/,null,UNAVAILABLE}{/hddsDatanode}
2019-10-18 13:08:13,937 [main] INFO  server.AbstractConnector (AbstractConnector.java:doStop(318)) - Stopped ServerConnector@12192604{HTTP/1.1,[http/1.1]}{0.0.0.0:0}
2019-10-18 13:08:13,937 [main] INFO  handler.ContextHandler (ContextHandler.java:doStop(910)) - Stopped o.e.j.s.ServletContextHandler@64f4f12{/static,jar:file:/home/user/.m2/repository/org/apache/hadoop/hadoop-hdds-container-service/0.5.0-SNAPSHOT/hadoop-hdds-container-service-0.5.0-SNAPSHOT.jar!/webapps/static,UNAVAILABLE}
2019-10-18 13:08:13,938 [main] INFO  handler.ContextHandler (ContextHandler.java:doStop(910)) - Stopped o.e.j.s.ServletContextHandler@599f1b7{/logs,file:///workdir/hadoop-ozone/integration-test/target/log,UNAVAILABLE}
2019-10-18 13:08:13,939 [Thread-6207] INFO  impl.FollowerState (FollowerState.java:run(108)) - 7d69770b-3355-4a82-aab2-02db9382227d@group-EC3E8056A4BB-FollowerState: change to CANDIDATE, lastRpcTime:176ms, electionTimeout:176ms
2019-10-18 13:08:13,939 [Thread-6207] INFO  impl.RoleInfo (RoleInfo.java:shutdownFollowerState(121)) - 7d69770b-3355-4a82-aab2-02db9382227d: shutdown FollowerState
2019-10-18 13:08:13,940 [Thread-6207] INFO  impl.RaftServerImpl (RaftServerImpl.java:setRole(184)) - 7d69770b-3355-4a82-aab2-02db9382227d@group-EC3E8056A4BB: changes role from  FOLLOWER to CANDIDATE at term 2 for changeToCandidate
2019-10-18 13:08:13,940 [Thread-6207] INFO  impl.RoleInfo (RoleInfo.java:updateAndGet(143)) - 7d69770b-3355-4a82-aab2-02db9382227d: start LeaderElection
2019-10-18 13:08:14,117 [0e280119-6e3a-4f2d-a3bb-534f53e1c036@group-61F4B561E702-LeaderElection624] INFO  impl.LeaderElection (LeaderElection.java:askForVotes(178)) - 0e280119-6e3a-4f2d-a3bb-534f53e1c036@group-61F4B561E702-LeaderElection624: begin an election at term 7 for -1: [7d69770b-3355-4a82-aab2-02db9382227d:192.168.34.56:33301, f7720aae-b5ab-43ae-a8f0-7922fdbaf311:192.168.34.56:46404, 0e280119-6e3a-4f2d-a3bb-534f53e1c036:192.168.34.56:35105], old=null
2019-10-18 13:08:14,120 [0e280119-6e3a-4f2d-a3bb-534f53e1c036@group-61F4B561E702-LeaderElection624] INFO  impl.LeaderElection (LogUtils.java:infoOrTrace(149)) - 0e280119-6e3a-4f2d-a3bb-534f53e1c036@group-61F4B561E702-LeaderElection624 got exception when requesting votes: {}
java.util.concurrent.ExecutionException: org.apache.ratis.thirdparty.io.grpc.StatusRuntimeException: UNAVAILABLE: io exception
	at java.util.concurrent.FutureTask.report(FutureTask.java:122)
	at java.util.concurrent.FutureTask.get(FutureTask.java:192)
	at org.apache.ratis.server.impl.LeaderElection.waitForResults(LeaderElection.java:259)
	at org.apache.ratis.server.impl.LeaderElection.askForVotes(LeaderElection.java:197)
	at org.apache.ratis.server.impl.LeaderElection.run(LeaderElection.java:133)
	at java.lang.Thread.run(Thread.java:748)
Caused by: org.apache.ratis.thirdparty.io.grpc.StatusRuntimeException: UNAVAILABLE: io exception
	at org.apache.ratis.thirdparty.io.grpc.stub.ClientCalls.toStatusRuntimeException(ClientCalls.java:233)
	at org.apache.ratis.thirdparty.io.grpc.stub.ClientCalls.getUnchecked(ClientCalls.java:214)
	at org.apache.ratis.thirdparty.io.grpc.stub.ClientCalls.blockingUnaryCall(ClientCalls.java:139)
	at org.apache.ratis.proto.grpc.RaftServerProtocolServiceGrpc$RaftServerProtocolServiceBlockingStub.requestVote(RaftServerProtocolServiceGrpc.java:265)
	at org.apache.ratis.grpc.server.GrpcServerProtocolClient.requestVote(GrpcServerProtocolClient.java:99)
	at org.apache.ratis.grpc.server.GrpcService.requestVote(GrpcService.java:204)
	at org.apache.ratis.server.impl.LeaderElection.lambda$submitRequests$1(LeaderElection.java:234)
	at java.util.concurrent.FutureTask.run(FutureTask.java:266)
	at java.util.concurrent.Executors$RunnableAdapter.call(Executors.java:511)
	at java.util.concurrent.FutureTask.run(FutureTask.java:266)
	at java.util.concurrent.ThreadPoolExecutor.runWorker(ThreadPoolExecutor.java:1149)
	at java.util.concurrent.ThreadPoolExecutor$Worker.run(ThreadPoolExecutor.java:624)
	... 1 more
Caused by: org.apache.ratis.thirdparty.io.netty.channel.AbstractChannel$AnnotatedConnectException: Connection refused: /192.168.34.56:46404
	at sun.nio.ch.SocketChannelImpl.checkConnect(Native Method)
	at sun.nio.ch.SocketChannelImpl.finishConnect(SocketChannelImpl.java:717)
	at org.apache.ratis.thirdparty.io.netty.channel.socket.nio.NioSocketChannel.doFinishConnect(NioSocketChannel.java:327)
	at org.apache.ratis.thirdparty.io.netty.channel.nio.AbstractNioChannel$AbstractNioUnsafe.finishConnect(AbstractNioChannel.java:340)
	at org.apache.ratis.thirdparty.io.netty.channel.nio.NioEventLoop.processSelectedKey(NioEventLoop.java:632)
	at org.apache.ratis.thirdparty.io.netty.channel.nio.NioEventLoop.processSelectedKeysOptimized(NioEventLoop.java:579)
	at org.apache.ratis.thirdparty.io.netty.channel.nio.NioEventLoop.processSelectedKeys(NioEventLoop.java:496)
	at org.apache.ratis.thirdparty.io.netty.channel.nio.NioEventLoop.run(NioEventLoop.java:458)
	at org.apache.ratis.thirdparty.io.netty.util.concurrent.SingleThreadEventExecutor$5.run(SingleThreadEventExecutor.java:897)
	at org.apache.ratis.thirdparty.io.netty.util.concurrent.FastThreadLocalRunnable.run(FastThreadLocalRunnable.java:30)
	... 1 more
Caused by: java.net.ConnectException: Connection refused
	... 11 more
2019-10-18 13:08:14,138 [0e280119-6e3a-4f2d-a3bb-534f53e1c036@group-61F4B561E702-LeaderElection624] INFO  impl.LeaderElection (LeaderElection.java:logAndReturn(56)) - 0e280119-6e3a-4f2d-a3bb-534f53e1c036@group-61F4B561E702-LeaderElection624: Election TIMEOUT; received 0 response(s) [] and 1 exception(s); 0e280119-6e3a-4f2d-a3bb-534f53e1c036@group-61F4B561E702:t7, leader=null, voted=0e280119-6e3a-4f2d-a3bb-534f53e1c036, raftlog=0e280119-6e3a-4f2d-a3bb-534f53e1c036@group-61F4B561E702-SegmentedRaftLog:OPENED:c-1,f-1,i0, conf=-1: [7d69770b-3355-4a82-aab2-02db9382227d:192.168.34.56:33301, f7720aae-b5ab-43ae-a8f0-7922fdbaf311:192.168.34.56:46404, 0e280119-6e3a-4f2d-a3bb-534f53e1c036:192.168.34.56:35105], old=null
2019-10-18 13:08:14,138 [0e280119-6e3a-4f2d-a3bb-534f53e1c036@group-61F4B561E702-LeaderElection624] INFO  impl.LeaderElection (LogUtils.java:infoOrTrace(149)) -   Exception 0: {}
java.util.concurrent.ExecutionException: org.apache.ratis.thirdparty.io.grpc.StatusRuntimeException: UNAVAILABLE: io exception
	at java.util.concurrent.FutureTask.report(FutureTask.java:122)
	at java.util.concurrent.FutureTask.get(FutureTask.java:192)
	at org.apache.ratis.server.impl.LeaderElection.waitForResults(LeaderElection.java:259)
	at org.apache.ratis.server.impl.LeaderElection.askForVotes(LeaderElection.java:197)
	at org.apache.ratis.server.impl.LeaderElection.run(LeaderElection.java:133)
	at java.lang.Thread.run(Thread.java:748)
Caused by: org.apache.ratis.thirdparty.io.grpc.StatusRuntimeException: UNAVAILABLE: io exception
	at org.apache.ratis.thirdparty.io.grpc.stub.ClientCalls.toStatusRuntimeException(ClientCalls.java:233)
	at org.apache.ratis.thirdparty.io.grpc.stub.ClientCalls.getUnchecked(ClientCalls.java:214)
	at org.apache.ratis.thirdparty.io.grpc.stub.ClientCalls.blockingUnaryCall(ClientCalls.java:139)
	at org.apache.ratis.proto.grpc.RaftServerProtocolServiceGrpc$RaftServerProtocolServiceBlockingStub.requestVote(RaftServerProtocolServiceGrpc.java:265)
	at org.apache.ratis.grpc.server.GrpcServerProtocolClient.requestVote(GrpcServerProtocolClient.java:99)
	at org.apache.ratis.grpc.server.GrpcService.requestVote(GrpcService.java:204)
	at org.apache.ratis.server.impl.LeaderElection.lambda$submitRequests$1(LeaderElection.java:234)
	at java.util.concurrent.FutureTask.run(FutureTask.java:266)
	at java.util.concurrent.Executors$RunnableAdapter.call(Executors.java:511)
	at java.util.concurrent.FutureTask.run(FutureTask.java:266)
	at java.util.concurrent.ThreadPoolExecutor.runWorker(ThreadPoolExecutor.java:1149)
	at java.util.concurrent.ThreadPoolExecutor$Worker.run(ThreadPoolExecutor.java:624)
	... 1 more
Caused by: org.apache.ratis.thirdparty.io.netty.channel.AbstractChannel$AnnotatedConnectException: Connection refused: /192.168.34.56:46404
	at sun.nio.ch.SocketChannelImpl.checkConnect(Native Method)
	at sun.nio.ch.SocketChannelImpl.finishConnect(SocketChannelImpl.java:717)
	at org.apache.ratis.thirdparty.io.netty.channel.socket.nio.NioSocketChannel.doFinishConnect(NioSocketChannel.java:327)
	at org.apache.ratis.thirdparty.io.netty.channel.nio.AbstractNioChannel$AbstractNioUnsafe.finishConnect(AbstractNioChannel.java:340)
	at org.apache.ratis.thirdparty.io.netty.channel.nio.NioEventLoop.processSelectedKey(NioEventLoop.java:632)
	at org.apache.ratis.thirdparty.io.netty.channel.nio.NioEventLoop.processSelectedKeysOptimized(NioEventLoop.java:579)
	at org.apache.ratis.thirdparty.io.netty.channel.nio.NioEventLoop.processSelectedKeys(NioEventLoop.java:496)
	at org.apache.ratis.thirdparty.io.netty.channel.nio.NioEventLoop.run(NioEventLoop.java:458)
	at org.apache.ratis.thirdparty.io.netty.util.concurrent.SingleThreadEventExecutor$5.run(SingleThreadEventExecutor.java:897)
	at org.apache.ratis.thirdparty.io.netty.util.concurrent.FastThreadLocalRunnable.run(FastThreadLocalRunnable.java:30)
	... 1 more
Caused by: java.net.ConnectException: Connection refused
	... 11 more
2019-10-18 13:08:14,179 [7d69770b-3355-4a82-aab2-02db9382227d@group-61F4B561E702-LeaderElection623] INFO  impl.LeaderElection (LeaderElection.java:askForVotes(178)) - 7d69770b-3355-4a82-aab2-02db9382227d@group-61F4B561E702-LeaderElection623: begin an election at term 7 for -1: [7d69770b-3355-4a82-aab2-02db9382227d:192.168.34.56:33301, f7720aae-b5ab-43ae-a8f0-7922fdbaf311:192.168.34.56:46404, 0e280119-6e3a-4f2d-a3bb-534f53e1c036:192.168.34.56:35105], old=null
2019-10-18 13:08:14,181 [7d69770b-3355-4a82-aab2-02db9382227d@group-61F4B561E702-LeaderElection623] INFO  impl.LeaderElection (LogUtils.java:infoOrTrace(149)) - 7d69770b-3355-4a82-aab2-02db9382227d@group-61F4B561E702-LeaderElection623 got exception when requesting votes: {}
java.util.concurrent.ExecutionException: org.apache.ratis.thirdparty.io.grpc.StatusRuntimeException: UNAVAILABLE: io exception
	at java.util.concurrent.FutureTask.report(FutureTask.java:122)
	at java.util.concurrent.FutureTask.get(FutureTask.java:192)
	at org.apache.ratis.server.impl.LeaderElection.waitForResults(LeaderElection.java:259)
	at org.apache.ratis.server.impl.LeaderElection.askForVotes(LeaderElection.java:197)
	at org.apache.ratis.server.impl.LeaderElection.run(LeaderElection.java:133)
	at java.lang.Thread.run(Thread.java:748)
Caused by: org.apache.ratis.thirdparty.io.grpc.StatusRuntimeException: UNAVAILABLE: io exception
	at org.apache.ratis.thirdparty.io.grpc.stub.ClientCalls.toStatusRuntimeException(ClientCalls.java:233)
	at org.apache.ratis.thirdparty.io.grpc.stub.ClientCalls.getUnchecked(ClientCalls.java:214)
	at org.apache.ratis.thirdparty.io.grpc.stub.ClientCalls.blockingUnaryCall(ClientCalls.java:139)
	at org.apache.ratis.proto.grpc.RaftServerProtocolServiceGrpc$RaftServerProtocolServiceBlockingStub.requestVote(RaftServerProtocolServiceGrpc.java:265)
	at org.apache.ratis.grpc.server.GrpcServerProtocolClient.requestVote(GrpcServerProtocolClient.java:99)
	at org.apache.ratis.grpc.server.GrpcService.requestVote(GrpcService.java:204)
	at org.apache.ratis.server.impl.LeaderElection.lambda$submitRequests$1(LeaderElection.java:234)
	at java.util.concurrent.FutureTask.run(FutureTask.java:266)
	at java.util.concurrent.Executors$RunnableAdapter.call(Executors.java:511)
	at java.util.concurrent.FutureTask.run(FutureTask.java:266)
	at java.util.concurrent.ThreadPoolExecutor.runWorker(ThreadPoolExecutor.java:1149)
	at java.util.concurrent.ThreadPoolExecutor$Worker.run(ThreadPoolExecutor.java:624)
	... 1 more
Caused by: org.apache.ratis.thirdparty.io.netty.channel.AbstractChannel$AnnotatedConnectException: Connection refused: /192.168.34.56:46404
	at sun.nio.ch.SocketChannelImpl.checkConnect(Native Method)
	at sun.nio.ch.SocketChannelImpl.finishConnect(SocketChannelImpl.java:717)
	at org.apache.ratis.thirdparty.io.netty.channel.socket.nio.NioSocketChannel.doFinishConnect(NioSocketChannel.java:327)
	at org.apache.ratis.thirdparty.io.netty.channel.nio.AbstractNioChannel$AbstractNioUnsafe.finishConnect(AbstractNioChannel.java:340)
	at org.apache.ratis.thirdparty.io.netty.channel.nio.NioEventLoop.processSelectedKey(NioEventLoop.java:632)
	at org.apache.ratis.thirdparty.io.netty.channel.nio.NioEventLoop.processSelectedKeysOptimized(NioEventLoop.java:579)
	at org.apache.ratis.thirdparty.io.netty.channel.nio.NioEventLoop.processSelectedKeys(NioEventLoop.java:496)
	at org.apache.ratis.thirdparty.io.netty.channel.nio.NioEventLoop.run(NioEventLoop.java:458)
	at org.apache.ratis.thirdparty.io.netty.util.concurrent.SingleThreadEventExecutor$5.run(SingleThreadEventExecutor.java:897)
	at org.apache.ratis.thirdparty.io.netty.util.concurrent.FastThreadLocalRunnable.run(FastThreadLocalRunnable.java:30)
	... 1 more
Caused by: java.net.ConnectException: Connection refused
	... 11 more
2019-10-18 13:08:14,261 [7d69770b-3355-4a82-aab2-02db9382227d@group-EC3E8056A4BB-LeaderElection635] INFO  impl.LeaderElection (LeaderElection.java:askForVotes(178)) - 7d69770b-3355-4a82-aab2-02db9382227d@group-EC3E8056A4BB-LeaderElection635: begin an election at term 3 for -1: [7d69770b-3355-4a82-aab2-02db9382227d:192.168.34.56:33301, f7720aae-b5ab-43ae-a8f0-7922fdbaf311:192.168.34.56:46404, 0e280119-6e3a-4f2d-a3bb-534f53e1c036:192.168.34.56:35105], old=null
2019-10-18 13:08:14,261 [0e280119-6e3a-4f2d-a3bb-534f53e1c036@group-9A2401E47D95-LeaderElection632] INFO  impl.LeaderElection (LeaderElection.java:askForVotes(178)) - 0e280119-6e3a-4f2d-a3bb-534f53e1c036@group-9A2401E47D95-LeaderElection632: begin an election at term 3 for -1: [7d69770b-3355-4a82-aab2-02db9382227d:192.168.34.56:33301, f7720aae-b5ab-43ae-a8f0-7922fdbaf311:192.168.34.56:46404, 0e280119-6e3a-4f2d-a3bb-534f53e1c036:192.168.34.56:35105], old=null
2019-10-18 13:08:14,261 [grpc-default-executor-17] INFO  impl.RaftServerImpl (RaftServerImpl.java:setRole(184)) - f7720aae-b5ab-43ae-a8f0-7922fdbaf311@group-61F4B561E702: changes role from  FOLLOWER to FOLLOWER at term 6 for recognizeCandidate:7d69770b-3355-4a82-aab2-02db9382227d
2019-10-18 13:08:14,261 [0e280119-6e3a-4f2d-a3bb-534f53e1c036@group-EC3E8056A4BB-LeaderElection633] INFO  impl.LeaderElection (LeaderElection.java:askForVotes(178)) - 0e280119-6e3a-4f2d-a3bb-534f53e1c036@group-EC3E8056A4BB-LeaderElection633: begin an election at term 3 for -1: [7d69770b-3355-4a82-aab2-02db9382227d:192.168.34.56:33301, f7720aae-b5ab-43ae-a8f0-7922fdbaf311:192.168.34.56:46404, 0e280119-6e3a-4f2d-a3bb-534f53e1c036:192.168.34.56:35105], old=null
2019-10-18 13:08:14,261 [7d69770b-3355-4a82-aab2-02db9382227d@group-9A2401E47D95-LeaderElection634] INFO  impl.LeaderElection (LeaderElection.java:askForVotes(178)) - 7d69770b-3355-4a82-aab2-02db9382227d@group-9A2401E47D95-LeaderElection634: begin an election at term 3 for -1: [7d69770b-3355-4a82-aab2-02db9382227d:192.168.34.56:33301, f7720aae-b5ab-43ae-a8f0-7922fdbaf311:192.168.34.56:46404, 0e280119-6e3a-4f2d-a3bb-534f53e1c036:192.168.34.56:35105], old=null
2019-10-18 13:08:14,262 [grpc-default-executor-17] INFO  impl.RoleInfo (RoleInfo.java:updateAndGet(143)) - f7720aae-b5ab-43ae-a8f0-7922fdbaf311: start FollowerState
2019-10-18 13:08:14,263 [7d69770b-3355-4a82-aab2-02db9382227d@group-EC3E8056A4BB-LeaderElection635] INFO  impl.LeaderElection (LogUtils.java:infoOrTrace(149)) - 7d69770b-3355-4a82-aab2-02db9382227d@group-EC3E8056A4BB-LeaderElection635 got exception when requesting votes: {}
java.util.concurrent.ExecutionException: org.apache.ratis.thirdparty.io.grpc.StatusRuntimeException: UNAVAILABLE: io exception
	at java.util.concurrent.FutureTask.report(FutureTask.java:122)
	at java.util.concurrent.FutureTask.get(FutureTask.java:192)
	at org.apache.ratis.server.impl.LeaderElection.waitForResults(LeaderElection.java:259)
	at org.apache.ratis.server.impl.LeaderElection.askForVotes(LeaderElection.java:197)
	at org.apache.ratis.server.impl.LeaderElection.run(LeaderElection.java:133)
	at java.lang.Thread.run(Thread.java:748)
Caused by: org.apache.ratis.thirdparty.io.grpc.StatusRuntimeException: UNAVAILABLE: io exception
	at org.apache.ratis.thirdparty.io.grpc.stub.ClientCalls.toStatusRuntimeException(ClientCalls.java:233)
	at org.apache.ratis.thirdparty.io.grpc.stub.ClientCalls.getUnchecked(ClientCalls.java:214)
	at org.apache.ratis.thirdparty.io.grpc.stub.ClientCalls.blockingUnaryCall(ClientCalls.java:139)
	at org.apache.ratis.proto.grpc.RaftServerProtocolServiceGrpc$RaftServerProtocolServiceBlockingStub.requestVote(RaftServerProtocolServiceGrpc.java:265)
	at org.apache.ratis.grpc.server.GrpcServerProtocolClient.requestVote(GrpcServerProtocolClient.java:99)
	at org.apache.ratis.grpc.server.GrpcService.requestVote(GrpcService.java:204)
	at org.apache.ratis.server.impl.LeaderElection.lambda$submitRequests$1(LeaderElection.java:234)
	at java.util.concurrent.FutureTask.run(FutureTask.java:266)
	at java.util.concurrent.Executors$RunnableAdapter.call(Executors.java:511)
	at java.util.concurrent.FutureTask.run(FutureTask.java:266)
	at java.util.concurrent.ThreadPoolExecutor.runWorker(ThreadPoolExecutor.java:1149)
	at java.util.concurrent.ThreadPoolExecutor$Worker.run(ThreadPoolExecutor.java:624)
	... 1 more
Caused by: org.apache.ratis.thirdparty.io.netty.channel.AbstractChannel$AnnotatedConnectException: Connection refused: /192.168.34.56:46404
	at sun.nio.ch.SocketChannelImpl.checkConnect(Native Method)
	at sun.nio.ch.SocketChannelImpl.finishConnect(SocketChannelImpl.java:717)
	at org.apache.ratis.thirdparty.io.netty.channel.socket.nio.NioSocketChannel.doFinishConnect(NioSocketChannel.java:327)
	at org.apache.ratis.thirdparty.io.netty.channel.nio.AbstractNioChannel$AbstractNioUnsafe.finishConnect(AbstractNioChannel.java:340)
	at org.apache.ratis.thirdparty.io.netty.channel.nio.NioEventLoop.processSelectedKey(NioEventLoop.java:632)
	at org.apache.ratis.thirdparty.io.netty.channel.nio.NioEventLoop.processSelectedKeysOptimized(NioEventLoop.java:579)
	at org.apache.ratis.thirdparty.io.netty.channel.nio.NioEventLoop.processSelectedKeys(NioEventLoop.java:496)
	at org.apache.ratis.thirdparty.io.netty.channel.nio.NioEventLoop.run(NioEventLoop.java:458)
	at org.apache.ratis.thirdparty.io.netty.util.concurrent.SingleThreadEventExecutor$5.run(SingleThreadEventExecutor.java:897)
	at org.apache.ratis.thirdparty.io.netty.util.concurrent.FastThreadLocalRunnable.run(FastThreadLocalRunnable.java:30)
	... 1 more
Caused by: java.net.ConnectException: Connection refused
	... 11 more
2019-10-18 13:08:14,263 [7d69770b-3355-4a82-aab2-02db9382227d@group-9A2401E47D95-LeaderElection634] INFO  impl.LeaderElection (LogUtils.java:infoOrTrace(149)) - 7d69770b-3355-4a82-aab2-02db9382227d@group-9A2401E47D95-LeaderElection634 got exception when requesting votes: {}
java.util.concurrent.ExecutionException: org.apache.ratis.thirdparty.io.grpc.StatusRuntimeException: UNAVAILABLE: io exception
	at java.util.concurrent.FutureTask.report(FutureTask.java:122)
	at java.util.concurrent.FutureTask.get(FutureTask.java:192)
	at org.apache.ratis.server.impl.LeaderElection.waitForResults(LeaderElection.java:259)
	at org.apache.ratis.server.impl.LeaderElection.askForVotes(LeaderElection.java:197)
	at org.apache.ratis.server.impl.LeaderElection.run(LeaderElection.java:133)
	at java.lang.Thread.run(Thread.java:748)
Caused by: org.apache.ratis.thirdparty.io.grpc.StatusRuntimeException: UNAVAILABLE: io exception
	at org.apache.ratis.thirdparty.io.grpc.stub.ClientCalls.toStatusRuntimeException(ClientCalls.java:233)
	at org.apache.ratis.thirdparty.io.grpc.stub.ClientCalls.getUnchecked(ClientCalls.java:214)
	at org.apache.ratis.thirdparty.io.grpc.stub.ClientCalls.blockingUnaryCall(ClientCalls.java:139)
	at org.apache.ratis.proto.grpc.RaftServerProtocolServiceGrpc$RaftServerProtocolServiceBlockingStub.requestVote(RaftServerProtocolServiceGrpc.java:265)
	at org.apache.ratis.grpc.server.GrpcServerProtocolClient.requestVote(GrpcServerProtocolClient.java:99)
	at org.apache.ratis.grpc.server.GrpcService.requestVote(GrpcService.java:204)
	at org.apache.ratis.server.impl.LeaderElection.lambda$submitRequests$1(LeaderElection.java:234)
	at java.util.concurrent.FutureTask.run(FutureTask.java:266)
	at java.util.concurrent.Executors$RunnableAdapter.call(Executors.java:511)
	at java.util.concurrent.FutureTask.run(FutureTask.java:266)
	at java.util.concurrent.ThreadPoolExecutor.runWorker(ThreadPoolExecutor.java:1149)
	at java.util.concurrent.ThreadPoolExecutor$Worker.run(ThreadPoolExecutor.java:624)
	... 1 more
Caused by: org.apache.ratis.thirdparty.io.netty.channel.AbstractChannel$AnnotatedConnectException: Connection refused: /192.168.34.56:46404
	at sun.nio.ch.SocketChannelImpl.checkConnect(Native Method)
	at sun.nio.ch.SocketChannelImpl.finishConnect(SocketChannelImpl.java:717)
	at org.apache.ratis.thirdparty.io.netty.channel.socket.nio.NioSocketChannel.doFinishConnect(NioSocketChannel.java:327)
	at org.apache.ratis.thirdparty.io.netty.channel.nio.AbstractNioChannel$AbstractNioUnsafe.finishConnect(AbstractNioChannel.java:340)
	at org.apache.ratis.thirdparty.io.netty.channel.nio.NioEventLoop.processSelectedKey(NioEventLoop.java:632)
	at org.apache.ratis.thirdparty.io.netty.channel.nio.NioEventLoop.processSelectedKeysOptimized(NioEventLoop.java:579)
	at org.apache.ratis.thirdparty.io.netty.channel.nio.NioEventLoop.processSelectedKeys(NioEventLoop.java:496)
	at org.apache.ratis.thirdparty.io.netty.channel.nio.NioEventLoop.run(NioEventLoop.java:458)
	at org.apache.ratis.thirdparty.io.netty.util.concurrent.SingleThreadEventExecutor$5.run(SingleThreadEventExecutor.java:897)
	at org.apache.ratis.thirdparty.io.netty.util.concurrent.FastThreadLocalRunnable.run(FastThreadLocalRunnable.java:30)
	... 1 more
Caused by: java.net.ConnectException: Connection refused
	... 11 more
2019-10-18 13:08:14,263 [grpc-default-executor-17] WARN  server.GrpcServerProtocolService (LogUtils.java:warn(136)) - f7720aae-b5ab-43ae-a8f0-7922fdbaf311: Failed requestVote 7d69770b-3355-4a82-aab2-02db9382227d->f7720aae-b5ab-43ae-a8f0-7922fdbaf311#0
java.lang.IllegalArgumentException: f7720aae-b5ab-43ae-a8f0-7922fdbaf311@group-61F4B561E702-SegmentedRaftLog is expected to be opened but it is CLOSED
	at org.apache.ratis.util.OpenCloseState.assertOpen(OpenCloseState.java:63)
	at org.apache.ratis.server.raftlog.RaftLog.checkLogState(RaftLog.java:102)
	at org.apache.ratis.server.raftlog.segmented.SegmentedRaftLog.getLastEntryTermIndex(SegmentedRaftLog.java:345)
	at org.apache.ratis.server.impl.ServerState.isLogUpToDate(ServerState.java:323)
	at org.apache.ratis.server.impl.RaftServerImpl.requestVote(RaftServerImpl.java:782)
	at org.apache.ratis.server.impl.RaftServerImpl.requestVote(RaftServerImpl.java:754)
	at org.apache.ratis.server.impl.RaftServerProxy.requestVote(RaftServerProxy.java:443)
	at org.apache.ratis.grpc.server.GrpcServerProtocolService.requestVote(GrpcServerProtocolService.java:142)
	at org.apache.ratis.proto.grpc.RaftServerProtocolServiceGrpc$MethodHandlers.invoke(RaftServerProtocolServiceGrpc.java:319)
	at org.apache.ratis.thirdparty.io.grpc.stub.ServerCalls$UnaryServerCallHandler$UnaryServerCallListener.onHalfClose(ServerCalls.java:171)
	at org.apache.ratis.thirdparty.io.grpc.internal.ServerCallImpl$ServerStreamListenerImpl.halfClosed(ServerCallImpl.java:283)
	at org.apache.ratis.thirdparty.io.grpc.internal.ServerImpl$JumpToApplicationThreadServerStreamListener$1HalfClosed.runInContext(ServerImpl.java:710)
	at org.apache.ratis.thirdparty.io.grpc.internal.ContextRunnable.run(ContextRunnable.java:37)
	at org.apache.ratis.thirdparty.io.grpc.internal.SerializingExecutor.run(SerializingExecutor.java:123)
	at java.util.concurrent.ThreadPoolExecutor.runWorker(ThreadPoolExecutor.java:1149)
	at java.util.concurrent.ThreadPoolExecutor$Worker.run(ThreadPoolExecutor.java:624)
	at java.lang.Thread.run(Thread.java:748)
Caused by: org.apache.ratis.util.OpenCloseState$CloseTrace: Close f7720aae-b5ab-43ae-a8f0-7922fdbaf311@group-61F4B561E702-SegmentedRaftLog
	at org.apache.ratis.util.OpenCloseState.lambda$close$1(OpenCloseState.java:109)
	at java.util.concurrent.atomic.AtomicReference.getAndUpdate(AtomicReference.java:160)
	at org.apache.ratis.util.OpenCloseState.close(OpenCloseState.java:109)
	at org.apache.ratis.server.raftlog.RaftLog.close(RaftLog.java:437)
	at org.apache.ratis.server.raftlog.segmented.SegmentedRaftLog.close(SegmentedRaftLog.java:500)
	at org.apache.ratis.server.impl.ServerState.close(ServerState.java:390)
	at org.apache.ratis.server.impl.RaftServerImpl.lambda$shutdown$3(RaftServerImpl.java:283)
	at org.apache.ratis.util.LifeCycle.lambda$checkStateAndClose$2(LifeCycle.java:231)
	at org.apache.ratis.util.LifeCycle.checkStateAndClose(LifeCycle.java:251)
	at org.apache.ratis.util.LifeCycle.checkStateAndClose(LifeCycle.java:229)
	at org.apache.ratis.server.impl.RaftServerImpl.shutdown(RaftServerImpl.java:260)
	at org.apache.ratis.server.impl.RaftServerProxy$ImplMap.lambda$close$0(RaftServerProxy.java:107)
	at java.util.stream.ForEachOps$ForEachOp$OfRef.accept(ForEachOps.java:183)
	at java.util.stream.ReferencePipeline$3$1.accept(ReferencePipeline.java:193)
	at java.util.concurrent.ConcurrentHashMap$ValueSpliterator.forEachRemaining(ConcurrentHashMap.java:3566)
	at java.util.stream.AbstractPipeline.copyInto(AbstractPipeline.java:482)
	at java.util.stream.ForEachOps$ForEachTask.compute(ForEachOps.java:290)
	at java.util.concurrent.CountedCompleter.exec(CountedCompleter.java:731)
	at java.util.concurrent.ForkJoinTask.doExec(ForkJoinTask.java:289)
	at java.util.concurrent.ForkJoinTask.doInvoke(ForkJoinTask.java:401)
	at java.util.concurrent.ForkJoinTask.invoke(ForkJoinTask.java:734)
	at java.util.stream.ForEachOps$ForEachOp.evaluateParallel(ForEachOps.java:159)
	at java.util.stream.ForEachOps$ForEachOp$OfRef.evaluateParallel(ForEachOps.java:173)
	at java.util.stream.AbstractPipeline.evaluate(AbstractPipeline.java:233)
	at java.util.stream.ReferencePipeline.forEach(ReferencePipeline.java:485)
	at org.apache.ratis.server.impl.RaftServerProxy$ImplMap.close(RaftServerProxy.java:107)
	at org.apache.ratis.server.impl.RaftServerProxy.lambda$close$4(RaftServerProxy.java:315)
	at org.apache.ratis.util.LifeCycle.lambda$checkStateAndClose$2(LifeCycle.java:231)
	at org.apache.ratis.util.LifeCycle.checkStateAndClose(LifeCycle.java:251)
	at org.apache.ratis.util.LifeCycle.checkStateAndClose(LifeCycle.java:229)
	at org.apache.ratis.server.impl.RaftServerProxy.close(RaftServerProxy.java:313)
	at org.apache.hadoop.ozone.container.common.transport.server.ratis.XceiverServerRatis.stop(XceiverServerRatis.java:448)
	at org.apache.hadoop.ozone.container.ozoneimpl.OzoneContainer.stop(OzoneContainer.java:229)
	at org.apache.hadoop.ozone.container.common.statemachine.DatanodeStateMachine.close(DatanodeStateMachine.java:270)
	at org.apache.hadoop.ozone.container.common.statemachine.DatanodeStateMachine.stopDaemon(DatanodeStateMachine.java:394)
	at org.apache.hadoop.ozone.HddsDatanodeService.stop(HddsDatanodeService.java:457)
	at org.apache.hadoop.ozone.MiniOzoneClusterImpl.stopDatanode(MiniOzoneClusterImpl.java:385)
	at java.util.stream.ForEachOps$ForEachOp$OfRef.accept(ForEachOps.java:183)
	at java.util.ArrayList$ArrayListSpliterator.forEachRemaining(ArrayList.java:1382)
	at java.util.stream.AbstractPipeline.copyInto(AbstractPipeline.java:482)
	at java.util.stream.ForEachOps$ForEachTask.compute(ForEachOps.java:290)
	at java.util.concurrent.CountedCompleter.exec(CountedCompleter.java:731)
	at java.util.concurrent.ForkJoinTask.doExec(ForkJoinTask.java:289)
	at java.util.concurrent.ForkJoinPool$WorkQueue.runTask(ForkJoinPool.java:1056)
	at java.util.concurrent.ForkJoinPool.runWorker(ForkJoinPool.java:1692)
	at java.util.concurrent.ForkJoinWorkerThread.run(ForkJoinWorkerThread.java:157)
2019-10-18 13:08:14,263 [grpc-default-executor-5] INFO  impl.RaftServerImpl (RaftServerImpl.java:setRole(184)) - f7720aae-b5ab-43ae-a8f0-7922fdbaf311@group-61F4B561E702: changes role from  FOLLOWER to FOLLOWER at term 6 for recognizeCandidate:0e280119-6e3a-4f2d-a3bb-534f53e1c036
2019-10-18 13:08:14,267 [7d69770b-3355-4a82-aab2-02db9382227d@group-EC3E8056A4BB-LeaderElection635] INFO  impl.LeaderElection (LeaderElection.java:logAndReturn(56)) - 7d69770b-3355-4a82-aab2-02db9382227d@group-EC3E8056A4BB-LeaderElection635: Election REJECTED; received 1 response(s) [7d69770b-3355-4a82-aab2-02db9382227d<-0e280119-6e3a-4f2d-a3bb-534f53e1c036#0:FAIL-t3] and 1 exception(s); 7d69770b-3355-4a82-aab2-02db9382227d@group-EC3E8056A4BB:t3, leader=null, voted=7d69770b-3355-4a82-aab2-02db9382227d, raftlog=7d69770b-3355-4a82-aab2-02db9382227d@group-EC3E8056A4BB-SegmentedRaftLog:OPENED:c-1,f-1,i0, conf=-1: [7d69770b-3355-4a82-aab2-02db9382227d:192.168.34.56:33301, f7720aae-b5ab-43ae-a8f0-7922fdbaf311:192.168.34.56:46404, 0e280119-6e3a-4f2d-a3bb-534f53e1c036:192.168.34.56:35105], old=null
2019-10-18 13:08:14,268 [7d69770b-3355-4a82-aab2-02db9382227d@group-EC3E8056A4BB-LeaderElection635] INFO  impl.LeaderElection (LogUtils.java:infoOrTrace(149)) -   Exception 0: {}
java.util.concurrent.ExecutionException: org.apache.ratis.thirdparty.io.grpc.StatusRuntimeException: UNAVAILABLE: io exception
	at java.util.concurrent.FutureTask.report(FutureTask.java:122)
	at java.util.concurrent.FutureTask.get(FutureTask.java:192)
	at org.apache.ratis.server.impl.LeaderElection.waitForResults(LeaderElection.java:259)
	at org.apache.ratis.server.impl.LeaderElection.askForVotes(LeaderElection.java:197)
	at org.apache.ratis.server.impl.LeaderElection.run(LeaderElection.java:133)
	at java.lang.Thread.run(Thread.java:748)
Caused by: org.apache.ratis.thirdparty.io.grpc.StatusRuntimeException: UNAVAILABLE: io exception
	at org.apache.ratis.thirdparty.io.grpc.stub.ClientCalls.toStatusRuntimeException(ClientCalls.java:233)
	at org.apache.ratis.thirdparty.io.grpc.stub.ClientCalls.getUnchecked(ClientCalls.java:214)
	at org.apache.ratis.thirdparty.io.grpc.stub.ClientCalls.blockingUnaryCall(ClientCalls.java:139)
	at org.apache.ratis.proto.grpc.RaftServerProtocolServiceGrpc$RaftServerProtocolServiceBlockingStub.requestVote(RaftServerProtocolServiceGrpc.java:265)
	at org.apache.ratis.grpc.server.GrpcServerProtocolClient.requestVote(GrpcServerProtocolClient.java:99)
	at org.apache.ratis.grpc.server.GrpcService.requestVote(GrpcService.java:204)
	at org.apache.ratis.server.impl.LeaderElection.lambda$submitRequests$1(LeaderElection.java:234)
	at java.util.concurrent.FutureTask.run(FutureTask.java:266)
	at java.util.concurrent.Executors$RunnableAdapter.call(Executors.java:511)
	at java.util.concurrent.FutureTask.run(FutureTask.java:266)
	at java.util.concurrent.ThreadPoolExecutor.runWorker(ThreadPoolExecutor.java:1149)
	at java.util.concurrent.ThreadPoolExecutor$Worker.run(ThreadPoolExecutor.java:624)
	... 1 more
Caused by: org.apache.ratis.thirdparty.io.netty.channel.AbstractChannel$AnnotatedConnectException: Connection refused: /192.168.34.56:46404
	at sun.nio.ch.SocketChannelImpl.checkConnect(Native Method)
	at sun.nio.ch.SocketChannelImpl.finishConnect(SocketChannelImpl.java:717)
	at org.apache.ratis.thirdparty.io.netty.channel.socket.nio.NioSocketChannel.doFinishConnect(NioSocketChannel.java:327)
	at org.apache.ratis.thirdparty.io.netty.channel.nio.AbstractNioChannel$AbstractNioUnsafe.finishConnect(AbstractNioChannel.java:340)
	at org.apache.ratis.thirdparty.io.netty.channel.nio.NioEventLoop.processSelectedKey(NioEventLoop.java:632)
	at org.apache.ratis.thirdparty.io.netty.channel.nio.NioEventLoop.processSelectedKeysOptimized(NioEventLoop.java:579)
	at org.apache.ratis.thirdparty.io.netty.channel.nio.NioEventLoop.processSelectedKeys(NioEventLoop.java:496)
	at org.apache.ratis.thirdparty.io.netty.channel.nio.NioEventLoop.run(NioEventLoop.java:458)
	at org.apache.ratis.thirdparty.io.netty.util.concurrent.SingleThreadEventExecutor$5.run(SingleThreadEventExecutor.java:897)
	at org.apache.ratis.thirdparty.io.netty.util.concurrent.FastThreadLocalRunnable.run(FastThreadLocalRunnable.java:30)
	... 1 more
Caused by: java.net.ConnectException: Connection refused
	... 11 more
2019-10-18 13:08:14,263 [0e280119-6e3a-4f2d-a3bb-534f53e1c036@group-9A2401E47D95-LeaderElection632] INFO  impl.LeaderElection (LogUtils.java:infoOrTrace(149)) - 0e280119-6e3a-4f2d-a3bb-534f53e1c036@group-9A2401E47D95-LeaderElection632 got exception when requesting votes: {}
java.util.concurrent.ExecutionException: org.apache.ratis.thirdparty.io.grpc.StatusRuntimeException: UNAVAILABLE: io exception
	at java.util.concurrent.FutureTask.report(FutureTask.java:122)
	at java.util.concurrent.FutureTask.get(FutureTask.java:192)
	at org.apache.ratis.server.impl.LeaderElection.waitForResults(LeaderElection.java:259)
	at org.apache.ratis.server.impl.LeaderElection.askForVotes(LeaderElection.java:197)
	at org.apache.ratis.server.impl.LeaderElection.run(LeaderElection.java:133)
	at java.lang.Thread.run(Thread.java:748)
Caused by: org.apache.ratis.thirdparty.io.grpc.StatusRuntimeException: UNAVAILABLE: io exception
	at org.apache.ratis.thirdparty.io.grpc.stub.ClientCalls.toStatusRuntimeException(ClientCalls.java:233)
	at org.apache.ratis.thirdparty.io.grpc.stub.ClientCalls.getUnchecked(ClientCalls.java:214)
	at org.apache.ratis.thirdparty.io.grpc.stub.ClientCalls.blockingUnaryCall(ClientCalls.java:139)
	at org.apache.ratis.proto.grpc.RaftServerProtocolServiceGrpc$RaftServerProtocolServiceBlockingStub.requestVote(RaftServerProtocolServiceGrpc.java:265)
	at org.apache.ratis.grpc.server.GrpcServerProtocolClient.requestVote(GrpcServerProtocolClient.java:99)
	at org.apache.ratis.grpc.server.GrpcService.requestVote(GrpcService.java:204)
	at org.apache.ratis.server.impl.LeaderElection.lambda$submitRequests$1(LeaderElection.java:234)
	at java.util.concurrent.FutureTask.run(FutureTask.java:266)
	at java.util.concurrent.Executors$RunnableAdapter.call(Executors.java:511)
	at java.util.concurrent.FutureTask.run(FutureTask.java:266)
	at java.util.concurrent.ThreadPoolExecutor.runWorker(ThreadPoolExecutor.java:1149)
	at java.util.concurrent.ThreadPoolExecutor$Worker.run(ThreadPoolExecutor.java:624)
	... 1 more
Caused by: org.apache.ratis.thirdparty.io.netty.channel.AbstractChannel$AnnotatedConnectException: Connection refused: /192.168.34.56:46404
	at sun.nio.ch.SocketChannelImpl.checkConnect(Native Method)
	at sun.nio.ch.SocketChannelImpl.finishConnect(SocketChannelImpl.java:717)
	at org.apache.ratis.thirdparty.io.netty.channel.socket.nio.NioSocketChannel.doFinishConnect(NioSocketChannel.java:327)
	at org.apache.ratis.thirdparty.io.netty.channel.nio.AbstractNioChannel$AbstractNioUnsafe.finishConnect(AbstractNioChannel.java:340)
	at org.apache.ratis.thirdparty.io.netty.channel.nio.NioEventLoop.processSelectedKey(NioEventLoop.java:632)
	at org.apache.ratis.thirdparty.io.netty.channel.nio.NioEventLoop.processSelectedKeysOptimized(NioEventLoop.java:579)
	at org.apache.ratis.thirdparty.io.netty.channel.nio.NioEventLoop.processSelectedKeys(NioEventLoop.java:496)
	at org.apache.ratis.thirdparty.io.netty.channel.nio.NioEventLoop.run(NioEventLoop.java:458)
	at org.apache.ratis.thirdparty.io.netty.util.concurrent.SingleThreadEventExecutor$5.run(SingleThreadEventExecutor.java:897)
	at org.apache.ratis.thirdparty.io.netty.util.concurrent.FastThreadLocalRunnable.run(FastThreadLocalRunnable.java:30)
	... 1 more
Caused by: java.net.ConnectException: Connection refused
	... 11 more
2019-10-18 13:08:14,268 [7d69770b-3355-4a82-aab2-02db9382227d@group-EC3E8056A4BB-LeaderElection635] INFO  impl.RaftServerImpl (RaftServerImpl.java:setRole(184)) - 7d69770b-3355-4a82-aab2-02db9382227d@group-EC3E8056A4BB: changes role from CANDIDATE to FOLLOWER at term 3 for DISCOVERED_A_NEW_TERM
2019-10-18 13:08:14,269 [7d69770b-3355-4a82-aab2-02db9382227d@group-EC3E8056A4BB-LeaderElection635] INFO  impl.RoleInfo (RoleInfo.java:shutdownLeaderElection(134)) - 7d69770b-3355-4a82-aab2-02db9382227d: shutdown LeaderElection
2019-10-18 13:08:14,267 [7d69770b-3355-4a82-aab2-02db9382227d@group-9A2401E47D95-LeaderElection634] INFO  impl.LeaderElection (LeaderElection.java:logAndReturn(56)) - 7d69770b-3355-4a82-aab2-02db9382227d@group-9A2401E47D95-LeaderElection634: Election REJECTED; received 1 response(s) [7d69770b-3355-4a82-aab2-02db9382227d<-0e280119-6e3a-4f2d-a3bb-534f53e1c036#0:FAIL-t3] and 1 exception(s); 7d69770b-3355-4a82-aab2-02db9382227d@group-9A2401E47D95:t3, leader=null, voted=7d69770b-3355-4a82-aab2-02db9382227d, raftlog=7d69770b-3355-4a82-aab2-02db9382227d@group-9A2401E47D95-SegmentedRaftLog:OPENED:c-1,f-1,i0, conf=-1: [7d69770b-3355-4a82-aab2-02db9382227d:192.168.34.56:33301, f7720aae-b5ab-43ae-a8f0-7922fdbaf311:192.168.34.56:46404, 0e280119-6e3a-4f2d-a3bb-534f53e1c036:192.168.34.56:35105], old=null
2019-10-18 13:08:14,269 [7d69770b-3355-4a82-aab2-02db9382227d@group-9A2401E47D95-LeaderElection634] INFO  impl.LeaderElection (LogUtils.java:infoOrTrace(149)) -   Exception 0: {}
java.util.concurrent.ExecutionException: org.apache.ratis.thirdparty.io.grpc.StatusRuntimeException: UNAVAILABLE: io exception
	at java.util.concurrent.FutureTask.report(FutureTask.java:122)
	at java.util.concurrent.FutureTask.get(FutureTask.java:192)
	at org.apache.ratis.server.impl.LeaderElection.waitForResults(LeaderElection.java:259)
	at org.apache.ratis.server.impl.LeaderElection.askForVotes(LeaderElection.java:197)
	at org.apache.ratis.server.impl.LeaderElection.run(LeaderElection.java:133)
	at java.lang.Thread.run(Thread.java:748)
Caused by: org.apache.ratis.thirdparty.io.grpc.StatusRuntimeException: UNAVAILABLE: io exception
	at org.apache.ratis.thirdparty.io.grpc.stub.ClientCalls.toStatusRuntimeException(ClientCalls.java:233)
	at org.apache.ratis.thirdparty.io.grpc.stub.ClientCalls.getUnchecked(ClientCalls.java:214)
	at org.apache.ratis.thirdparty.io.grpc.stub.ClientCalls.blockingUnaryCall(ClientCalls.java:139)
	at org.apache.ratis.proto.grpc.RaftServerProtocolServiceGrpc$RaftServerProtocolServiceBlockingStub.requestVote(RaftServerProtocolServiceGrpc.java:265)
	at org.apache.ratis.grpc.server.GrpcServerProtocolClient.requestVote(GrpcServerProtocolClient.java:99)
	at org.apache.ratis.grpc.server.GrpcService.requestVote(GrpcService.java:204)
	at org.apache.ratis.server.impl.LeaderElection.lambda$submitRequests$1(LeaderElection.java:234)
	at java.util.concurrent.FutureTask.run(FutureTask.java:266)
	at java.util.concurrent.Executors$RunnableAdapter.call(Executors.java:511)
	at java.util.concurrent.FutureTask.run(FutureTask.java:266)
	at java.util.concurrent.ThreadPoolExecutor.runWorker(ThreadPoolExecutor.java:1149)
	at java.util.concurrent.ThreadPoolExecutor$Worker.run(ThreadPoolExecutor.java:624)
	... 1 more
Caused by: org.apache.ratis.thirdparty.io.netty.channel.AbstractChannel$AnnotatedConnectException: Connection refused: /192.168.34.56:46404
	at sun.nio.ch.SocketChannelImpl.checkConnect(Native Method)
	at sun.nio.ch.SocketChannelImpl.finishConnect(SocketChannelImpl.java:717)
	at org.apache.ratis.thirdparty.io.netty.channel.socket.nio.NioSocketChannel.doFinishConnect(NioSocketChannel.java:327)
	at org.apache.ratis.thirdparty.io.netty.channel.nio.AbstractNioChannel$AbstractNioUnsafe.finishConnect(AbstractNioChannel.java:340)
	at org.apache.ratis.thirdparty.io.netty.channel.nio.NioEventLoop.processSelectedKey(NioEventLoop.java:632)
	at org.apache.ratis.thirdparty.io.netty.channel.nio.NioEventLoop.processSelectedKeysOptimized(NioEventLoop.java:579)
	at org.apache.ratis.thirdparty.io.netty.channel.nio.NioEventLoop.processSelectedKeys(NioEventLoop.java:496)
	at org.apache.ratis.thirdparty.io.netty.channel.nio.NioEventLoop.run(NioEventLoop.java:458)
	at org.apache.ratis.thirdparty.io.netty.util.concurrent.SingleThreadEventExecutor$5.run(SingleThreadEventExecutor.java:897)
	at org.apache.ratis.thirdparty.io.netty.util.concurrent.FastThreadLocalRunnable.run(FastThreadLocalRunnable.java:30)
	... 1 more
Caused by: java.net.ConnectException: Connection refused
	... 11 more
2019-10-18 13:08:14,267 [grpc-default-executor-5] INFO  impl.RoleInfo (RoleInfo.java:shutdownFollowerState(121)) - f7720aae-b5ab-43ae-a8f0-7922fdbaf311: shutdown FollowerState
2019-10-18 13:08:14,264 [0e280119-6e3a-4f2d-a3bb-534f53e1c036@group-EC3E8056A4BB-LeaderElection633] INFO  impl.LeaderElection (LogUtils.java:infoOrTrace(149)) - 0e280119-6e3a-4f2d-a3bb-534f53e1c036@group-EC3E8056A4BB-LeaderElection633 got exception when requesting votes: {}
java.util.concurrent.ExecutionException: org.apache.ratis.thirdparty.io.grpc.StatusRuntimeException: UNAVAILABLE: io exception
	at java.util.concurrent.FutureTask.report(FutureTask.java:122)
	at java.util.concurrent.FutureTask.get(FutureTask.java:192)
	at org.apache.ratis.server.impl.LeaderElection.waitForResults(LeaderElection.java:259)
	at org.apache.ratis.server.impl.LeaderElection.askForVotes(LeaderElection.java:197)
	at org.apache.ratis.server.impl.LeaderElection.run(LeaderElection.java:133)
	at java.lang.Thread.run(Thread.java:748)
Caused by: org.apache.ratis.thirdparty.io.grpc.StatusRuntimeException: UNAVAILABLE: io exception
	at org.apache.ratis.thirdparty.io.grpc.stub.ClientCalls.toStatusRuntimeException(ClientCalls.java:233)
	at org.apache.ratis.thirdparty.io.grpc.stub.ClientCalls.getUnchecked(ClientCalls.java:214)
	at org.apache.ratis.thirdparty.io.grpc.stub.ClientCalls.blockingUnaryCall(ClientCalls.java:139)
	at org.apache.ratis.proto.grpc.RaftServerProtocolServiceGrpc$RaftServerProtocolServiceBlockingStub.requestVote(RaftServerProtocolServiceGrpc.java:265)
	at org.apache.ratis.grpc.server.GrpcServerProtocolClient.requestVote(GrpcServerProtocolClient.java:99)
	at org.apache.ratis.grpc.server.GrpcService.requestVote(GrpcService.java:204)
	at org.apache.ratis.server.impl.LeaderElection.lambda$submitRequests$1(LeaderElection.java:234)
	at java.util.concurrent.FutureTask.run(FutureTask.java:266)
	at java.util.concurrent.Executors$RunnableAdapter.call(Executors.java:511)
	at java.util.concurrent.FutureTask.run(FutureTask.java:266)
	at java.util.concurrent.ThreadPoolExecutor.runWorker(ThreadPoolExecutor.java:1149)
	at java.util.concurrent.ThreadPoolExecutor$Worker.run(ThreadPoolExecutor.java:624)
	... 1 more
Caused by: org.apache.ratis.thirdparty.io.netty.channel.AbstractChannel$AnnotatedConnectException: Connection refused: /192.168.34.56:46404
	at sun.nio.ch.SocketChannelImpl.checkConnect(Native Method)
	at sun.nio.ch.SocketChannelImpl.finishConnect(SocketChannelImpl.java:717)
	at org.apache.ratis.thirdparty.io.netty.channel.socket.nio.NioSocketChannel.doFinishConnect(NioSocketChannel.java:327)
	at org.apache.ratis.thirdparty.io.netty.channel.nio.AbstractNioChannel$AbstractNioUnsafe.finishConnect(AbstractNioChannel.java:340)
	at org.apache.ratis.thirdparty.io.netty.channel.nio.NioEventLoop.processSelectedKey(NioEventLoop.java:632)
	at org.apache.ratis.thirdparty.io.netty.channel.nio.NioEventLoop.processSelectedKeysOptimized(NioEventLoop.java:579)
	at org.apache.ratis.thirdparty.io.netty.channel.nio.NioEventLoop.processSelectedKeys(NioEventLoop.java:496)
	at org.apache.ratis.thirdparty.io.netty.channel.nio.NioEventLoop.run(NioEventLoop.java:458)
	at org.apache.ratis.thirdparty.io.netty.util.concurrent.SingleThreadEventExecutor$5.run(SingleThreadEventExecutor.java:897)
	at org.apache.ratis.thirdparty.io.netty.util.concurrent.FastThreadLocalRunnable.run(FastThreadLocalRunnable.java:30)
	... 1 more
Caused by: java.net.ConnectException: Connection refused
	... 11 more
2019-10-18 13:08:14,269 [Thread-6218] INFO  impl.FollowerState (FollowerState.java:run(117)) - f7720aae-b5ab-43ae-a8f0-7922fdbaf311@group-61F4B561E702-FollowerState was interrupted: java.lang.InterruptedException: sleep interrupted
2019-10-18 13:08:14,269 [grpc-default-executor-5] INFO  impl.RoleInfo (RoleInfo.java:updateAndGet(143)) - f7720aae-b5ab-43ae-a8f0-7922fdbaf311: start FollowerState
2019-10-18 13:08:14,269 [7d69770b-3355-4a82-aab2-02db9382227d@group-9A2401E47D95-LeaderElection634] INFO  impl.RaftServerImpl (RaftServerImpl.java:setRole(184)) - 7d69770b-3355-4a82-aab2-02db9382227d@group-9A2401E47D95: changes role from CANDIDATE to FOLLOWER at term 3 for DISCOVERED_A_NEW_TERM
2019-10-18 13:08:14,270 [7d69770b-3355-4a82-aab2-02db9382227d@group-9A2401E47D95-LeaderElection634] INFO  impl.RoleInfo (RoleInfo.java:shutdownLeaderElection(134)) - 7d69770b-3355-4a82-aab2-02db9382227d: shutdown LeaderElection
2019-10-18 13:08:14,270 [Thread-6180] INFO  impl.FollowerState (FollowerState.java:run(108)) - f7720aae-b5ab-43ae-a8f0-7922fdbaf311@group-61F4B561E702-FollowerState: change to CANDIDATE, lastRpcTime:535ms, electionTimeout:131ms
2019-10-18 13:08:14,269 [7d69770b-3355-4a82-aab2-02db9382227d@group-EC3E8056A4BB-LeaderElection635] INFO  impl.RoleInfo (RoleInfo.java:updateAndGet(143)) - 7d69770b-3355-4a82-aab2-02db9382227d: start FollowerState
2019-10-18 13:08:14,269 [0e280119-6e3a-4f2d-a3bb-534f53e1c036@group-9A2401E47D95-LeaderElection632] INFO  impl.LeaderElection (LeaderElection.java:logAndReturn(56)) - 0e280119-6e3a-4f2d-a3bb-534f53e1c036@group-9A2401E47D95-LeaderElection632: Election REJECTED; received 1 response(s) [0e280119-6e3a-4f2d-a3bb-534f53e1c036<-7d69770b-3355-4a82-aab2-02db9382227d#0:FAIL-t3] and 1 exception(s); 0e280119-6e3a-4f2d-a3bb-534f53e1c036@group-9A2401E47D95:t3, leader=null, voted=0e280119-6e3a-4f2d-a3bb-534f53e1c036, raftlog=0e280119-6e3a-4f2d-a3bb-534f53e1c036@group-9A2401E47D95-SegmentedRaftLog:OPENED:c-1,f-1,i0, conf=-1: [7d69770b-3355-4a82-aab2-02db9382227d:192.168.34.56:33301, f7720aae-b5ab-43ae-a8f0-7922fdbaf311:192.168.34.56:46404, 0e280119-6e3a-4f2d-a3bb-534f53e1c036:192.168.34.56:35105], old=null
2019-10-18 13:08:14,270 [Thread-6180] INFO  impl.RoleInfo (RoleInfo.java:shutdownFollowerState(121)) - f7720aae-b5ab-43ae-a8f0-7922fdbaf311: shutdown FollowerState
2019-10-18 13:08:14,270 [7d69770b-3355-4a82-aab2-02db9382227d@group-9A2401E47D95-LeaderElection634] INFO  impl.RoleInfo (RoleInfo.java:updateAndGet(143)) - 7d69770b-3355-4a82-aab2-02db9382227d: start FollowerState
2019-10-18 13:08:14,270 [grpc-default-executor-5] WARN  server.GrpcServerProtocolService (LogUtils.java:warn(136)) - f7720aae-b5ab-43ae-a8f0-7922fdbaf311: Failed requestVote 0e280119-6e3a-4f2d-a3bb-534f53e1c036->f7720aae-b5ab-43ae-a8f0-7922fdbaf311#0
java.lang.IllegalArgumentException: f7720aae-b5ab-43ae-a8f0-7922fdbaf311@group-61F4B561E702-SegmentedRaftLog is expected to be opened but it is CLOSED
	at org.apache.ratis.util.OpenCloseState.assertOpen(OpenCloseState.java:63)
	at org.apache.ratis.server.raftlog.RaftLog.checkLogState(RaftLog.java:102)
	at org.apache.ratis.server.raftlog.segmented.SegmentedRaftLog.getLastEntryTermIndex(SegmentedRaftLog.java:345)
	at org.apache.ratis.server.impl.ServerState.isLogUpToDate(ServerState.java:323)
	at org.apache.ratis.server.impl.RaftServerImpl.requestVote(RaftServerImpl.java:782)
	at org.apache.ratis.server.impl.RaftServerImpl.requestVote(RaftServerImpl.java:754)
	at org.apache.ratis.server.impl.RaftServerProxy.requestVote(RaftServerProxy.java:443)
	at org.apache.ratis.grpc.server.GrpcServerProtocolService.requestVote(GrpcServerProtocolService.java:142)
	at org.apache.ratis.proto.grpc.RaftServerProtocolServiceGrpc$MethodHandlers.invoke(RaftServerProtocolServiceGrpc.java:319)
	at org.apache.ratis.thirdparty.io.grpc.stub.ServerCalls$UnaryServerCallHandler$UnaryServerCallListener.onHalfClose(ServerCalls.java:171)
	at org.apache.ratis.thirdparty.io.grpc.internal.ServerCallImpl$ServerStreamListenerImpl.halfClosed(ServerCallImpl.java:283)
	at org.apache.ratis.thirdparty.io.grpc.internal.ServerImpl$JumpToApplicationThreadServerStreamListener$1HalfClosed.runInContext(ServerImpl.java:710)
	at org.apache.ratis.thirdparty.io.grpc.internal.ContextRunnable.run(ContextRunnable.java:37)
	at org.apache.ratis.thirdparty.io.grpc.internal.SerializingExecutor.run(SerializingExecutor.java:123)
	at java.util.concurrent.ThreadPoolExecutor.runWorker(ThreadPoolExecutor.java:1149)
	at java.util.concurrent.ThreadPoolExecutor$Worker.run(ThreadPoolExecutor.java:624)
	at java.lang.Thread.run(Thread.java:748)
Caused by: org.apache.ratis.util.OpenCloseState$CloseTrace: Close f7720aae-b5ab-43ae-a8f0-7922fdbaf311@group-61F4B561E702-SegmentedRaftLog
	at org.apache.ratis.util.OpenCloseState.lambda$close$1(OpenCloseState.java:109)
	at java.util.concurrent.atomic.AtomicReference.getAndUpdate(AtomicReference.java:160)
	at org.apache.ratis.util.OpenCloseState.close(OpenCloseState.java:109)
	at org.apache.ratis.server.raftlog.RaftLog.close(RaftLog.java:437)
	at org.apache.ratis.server.raftlog.segmented.SegmentedRaftLog.close(SegmentedRaftLog.java:500)
	at org.apache.ratis.server.impl.ServerState.close(ServerState.java:390)
	at org.apache.ratis.server.impl.RaftServerImpl.lambda$shutdown$3(RaftServerImpl.java:283)
	at org.apache.ratis.util.LifeCycle.lambda$checkStateAndClose$2(LifeCycle.java:231)
	at org.apache.ratis.util.LifeCycle.checkStateAndClose(LifeCycle.java:251)
	at org.apache.ratis.util.LifeCycle.checkStateAndClose(LifeCycle.java:229)
	at org.apache.ratis.server.impl.RaftServerImpl.shutdown(RaftServerImpl.java:260)
	at org.apache.ratis.server.impl.RaftServerProxy$ImplMap.lambda$close$0(RaftServerProxy.java:107)
	at java.util.stream.ForEachOps$ForEachOp$OfRef.accept(ForEachOps.java:183)
	at java.util.stream.ReferencePipeline$3$1.accept(ReferencePipeline.java:193)
	at java.util.concurrent.ConcurrentHashMap$ValueSpliterator.forEachRemaining(ConcurrentHashMap.java:3566)
	at java.util.stream.AbstractPipeline.copyInto(AbstractPipeline.java:482)
	at java.util.stream.ForEachOps$ForEachTask.compute(ForEachOps.java:290)
	at java.util.concurrent.CountedCompleter.exec(CountedCompleter.java:731)
	at java.util.concurrent.ForkJoinTask.doExec(ForkJoinTask.java:289)
	at java.util.concurrent.ForkJoinTask.doInvoke(ForkJoinTask.java:401)
	at java.util.concurrent.ForkJoinTask.invoke(ForkJoinTask.java:734)
	at java.util.stream.ForEachOps$ForEachOp.evaluateParallel(ForEachOps.java:159)
	at java.util.stream.ForEachOps$ForEachOp$OfRef.evaluateParallel(ForEachOps.java:173)
	at java.util.stream.AbstractPipeline.evaluate(AbstractPipeline.java:233)
	at java.util.stream.ReferencePipeline.forEach(ReferencePipeline.java:485)
	at org.apache.ratis.server.impl.RaftServerProxy$ImplMap.close(RaftServerProxy.java:107)
	at org.apache.ratis.server.impl.RaftServerProxy.lambda$close$4(RaftServerProxy.java:315)
	at org.apache.ratis.util.LifeCycle.lambda$checkStateAndClose$2(LifeCycle.java:231)
	at org.apache.ratis.util.LifeCycle.checkStateAndClose(LifeCycle.java:251)
	at org.apache.ratis.util.LifeCycle.checkStateAndClose(LifeCycle.java:229)
	at org.apache.ratis.server.impl.RaftServerProxy.close(RaftServerProxy.java:313)
	at org.apache.hadoop.ozone.container.common.transport.server.ratis.XceiverServerRatis.stop(XceiverServerRatis.java:448)
	at org.apache.hadoop.ozone.container.ozoneimpl.OzoneContainer.stop(OzoneContainer.java:229)
	at org.apache.hadoop.ozone.container.common.statemachine.DatanodeStateMachine.close(DatanodeStateMachine.java:270)
	at org.apache.hadoop.ozone.container.common.statemachine.DatanodeStateMachine.stopDaemon(DatanodeStateMachine.java:394)
	at org.apache.hadoop.ozone.HddsDatanodeService.stop(HddsDatanodeService.java:457)
	at org.apache.hadoop.ozone.MiniOzoneClusterImpl.stopDatanode(MiniOzoneClusterImpl.java:385)
	at java.util.stream.ForEachOps$ForEachOp$OfRef.accept(ForEachOps.java:183)
	at java.util.ArrayList$ArrayListSpliterator.forEachRemaining(ArrayList.java:1382)
	at java.util.stream.AbstractPipeline.copyInto(AbstractPipeline.java:482)
	at java.util.stream.ForEachOps$ForEachTask.compute(ForEachOps.java:290)
	at java.util.concurrent.CountedCompleter.exec(CountedCompleter.java:731)
	at java.util.concurrent.ForkJoinTask.doExec(ForkJoinTask.java:289)
	at java.util.concurrent.ForkJoinPool$WorkQueue.runTask(ForkJoinPool.java:1056)
	at java.util.concurrent.ForkJoinPool.runWorker(ForkJoinPool.java:1692)
	at java.util.concurrent.ForkJoinWorkerThread.run(ForkJoinWorkerThread.java:157)
2019-10-18 13:08:14,270 [0e280119-6e3a-4f2d-a3bb-534f53e1c036@group-EC3E8056A4BB-LeaderElection633] INFO  impl.LeaderElection (LeaderElection.java:logAndReturn(56)) - 0e280119-6e3a-4f2d-a3bb-534f53e1c036@group-EC3E8056A4BB-LeaderElection633: Election REJECTED; received 1 response(s) [0e280119-6e3a-4f2d-a3bb-534f53e1c036<-7d69770b-3355-4a82-aab2-02db9382227d#0:FAIL-t3] and 1 exception(s); 0e280119-6e3a-4f2d-a3bb-534f53e1c036@group-EC3E8056A4BB:t3, leader=null, voted=0e280119-6e3a-4f2d-a3bb-534f53e1c036, raftlog=0e280119-6e3a-4f2d-a3bb-534f53e1c036@group-EC3E8056A4BB-SegmentedRaftLog:OPENED:c-1,f-1,i0, conf=-1: [7d69770b-3355-4a82-aab2-02db9382227d:192.168.34.56:33301, f7720aae-b5ab-43ae-a8f0-7922fdbaf311:192.168.34.56:46404, 0e280119-6e3a-4f2d-a3bb-534f53e1c036:192.168.34.56:35105], old=null
2019-10-18 13:08:14,271 [Thread-6226] INFO  impl.FollowerState (FollowerState.java:run(117)) - f7720aae-b5ab-43ae-a8f0-7922fdbaf311@group-61F4B561E702-FollowerState was interrupted: java.lang.InterruptedException: sleep interrupted
2019-10-18 13:08:14,271 [Thread-6180] INFO  impl.RaftServerImpl (RaftServerImpl.java:setRole(184)) - f7720aae-b5ab-43ae-a8f0-7922fdbaf311@group-61F4B561E702: changes role from  FOLLOWER to CANDIDATE at term 6 for changeToCandidate
2019-10-18 13:08:14,271 [0e280119-6e3a-4f2d-a3bb-534f53e1c036@group-9A2401E47D95-LeaderElection632] INFO  impl.LeaderElection (LogUtils.java:infoOrTrace(149)) -   Exception 0: {}
java.util.concurrent.ExecutionException: org.apache.ratis.thirdparty.io.grpc.StatusRuntimeException: UNAVAILABLE: io exception
	at java.util.concurrent.FutureTask.report(FutureTask.java:122)
	at java.util.concurrent.FutureTask.get(FutureTask.java:192)
	at org.apache.ratis.server.impl.LeaderElection.waitForResults(LeaderElection.java:259)
	at org.apache.ratis.server.impl.LeaderElection.askForVotes(LeaderElection.java:197)
	at org.apache.ratis.server.impl.LeaderElection.run(LeaderElection.java:133)
	at java.lang.Thread.run(Thread.java:748)
Caused by: org.apache.ratis.thirdparty.io.grpc.StatusRuntimeException: UNAVAILABLE: io exception
	at org.apache.ratis.thirdparty.io.grpc.stub.ClientCalls.toStatusRuntimeException(ClientCalls.java:233)
	at org.apache.ratis.thirdparty.io.grpc.stub.ClientCalls.getUnchecked(ClientCalls.java:214)
	at org.apache.ratis.thirdparty.io.grpc.stub.ClientCalls.blockingUnaryCall(ClientCalls.java:139)
	at org.apache.ratis.proto.grpc.RaftServerProtocolServiceGrpc$RaftServerProtocolServiceBlockingStub.requestVote(RaftServerProtocolServiceGrpc.java:265)
	at org.apache.ratis.grpc.server.GrpcServerProtocolClient.requestVote(GrpcServerProtocolClient.java:99)
	at org.apache.ratis.grpc.server.GrpcService.requestVote(GrpcService.java:204)
	at org.apache.ratis.server.impl.LeaderElection.lambda$submitRequests$1(LeaderElection.java:234)
	at java.util.concurrent.FutureTask.run(FutureTask.java:266)
	at java.util.concurrent.Executors$RunnableAdapter.call(Executors.java:511)
	at java.util.concurrent.FutureTask.run(FutureTask.java:266)
	at java.util.concurrent.ThreadPoolExecutor.runWorker(ThreadPoolExecutor.java:1149)
	at java.util.concurrent.ThreadPoolExecutor$Worker.run(ThreadPoolExecutor.java:624)
	... 1 more
Caused by: org.apache.ratis.thirdparty.io.netty.channel.AbstractChannel$AnnotatedConnectException: Connection refused: /192.168.34.56:46404
	at sun.nio.ch.SocketChannelImpl.checkConnect(Native Method)
	at sun.nio.ch.SocketChannelImpl.finishConnect(SocketChannelImpl.java:717)
	at org.apache.ratis.thirdparty.io.netty.channel.socket.nio.NioSocketChannel.doFinishConnect(NioSocketChannel.java:327)
	at org.apache.ratis.thirdparty.io.netty.channel.nio.AbstractNioChannel$AbstractNioUnsafe.finishConnect(AbstractNioChannel.java:340)
	at org.apache.ratis.thirdparty.io.netty.channel.nio.NioEventLoop.processSelectedKey(NioEventLoop.java:632)
	at org.apache.ratis.thirdparty.io.netty.channel.nio.NioEventLoop.processSelectedKeysOptimized(NioEventLoop.java:579)
	at org.apache.ratis.thirdparty.io.netty.channel.nio.NioEventLoop.processSelectedKeys(NioEventLoop.java:496)
	at org.apache.ratis.thirdparty.io.netty.channel.nio.NioEventLoop.run(NioEventLoop.java:458)
	at org.apache.ratis.thirdparty.io.netty.util.concurrent.SingleThreadEventExecutor$5.run(SingleThreadEventExecutor.java:897)
	at org.apache.ratis.thirdparty.io.netty.util.concurrent.FastThreadLocalRunnable.run(FastThreadLocalRunnable.java:30)
	... 1 more
Caused by: java.net.ConnectException: Connection refused
	... 11 more
2019-10-18 13:08:14,272 [Thread-6180] INFO  impl.RoleInfo (RoleInfo.java:updateAndGet(143)) - f7720aae-b5ab-43ae-a8f0-7922fdbaf311: start LeaderElection
2019-10-18 13:08:14,272 [0e280119-6e3a-4f2d-a3bb-534f53e1c036@group-EC3E8056A4BB-LeaderElection633] INFO  impl.LeaderElection (LogUtils.java:infoOrTrace(149)) -   Exception 0: {}
java.util.concurrent.ExecutionException: org.apache.ratis.thirdparty.io.grpc.StatusRuntimeException: UNAVAILABLE: io exception
	at java.util.concurrent.FutureTask.report(FutureTask.java:122)
	at java.util.concurrent.FutureTask.get(FutureTask.java:192)
	at org.apache.ratis.server.impl.LeaderElection.waitForResults(LeaderElection.java:259)
	at org.apache.ratis.server.impl.LeaderElection.askForVotes(LeaderElection.java:197)
	at org.apache.ratis.server.impl.LeaderElection.run(LeaderElection.java:133)
	at java.lang.Thread.run(Thread.java:748)
Caused by: org.apache.ratis.thirdparty.io.grpc.StatusRuntimeException: UNAVAILABLE: io exception
	at org.apache.ratis.thirdparty.io.grpc.stub.ClientCalls.toStatusRuntimeException(ClientCalls.java:233)
	at org.apache.ratis.thirdparty.io.grpc.stub.ClientCalls.getUnchecked(ClientCalls.java:214)
	at org.apache.ratis.thirdparty.io.grpc.stub.ClientCalls.blockingUnaryCall(ClientCalls.java:139)
	at org.apache.ratis.proto.grpc.RaftServerProtocolServiceGrpc$RaftServerProtocolServiceBlockingStub.requestVote(RaftServerProtocolServiceGrpc.java:265)
	at org.apache.ratis.grpc.server.GrpcServerProtocolClient.requestVote(GrpcServerProtocolClient.java:99)
	at org.apache.ratis.grpc.server.GrpcService.requestVote(GrpcService.java:204)
	at org.apache.ratis.server.impl.LeaderElection.lambda$submitRequests$1(LeaderElection.java:234)
	at java.util.concurrent.FutureTask.run(FutureTask.java:266)
	at java.util.concurrent.Executors$RunnableAdapter.call(Executors.java:511)
	at java.util.concurrent.FutureTask.run(FutureTask.java:266)
	at java.util.concurrent.ThreadPoolExecutor.runWorker(ThreadPoolExecutor.java:1149)
	at java.util.concurrent.ThreadPoolExecutor$Worker.run(ThreadPoolExecutor.java:624)
	... 1 more
Caused by: org.apache.ratis.thirdparty.io.netty.channel.AbstractChannel$AnnotatedConnectException: Connection refused: /192.168.34.56:46404
	at sun.nio.ch.SocketChannelImpl.checkConnect(Native Method)
	at sun.nio.ch.SocketChannelImpl.finishConnect(SocketChannelImpl.java:717)
	at org.apache.ratis.thirdparty.io.netty.channel.socket.nio.NioSocketChannel.doFinishConnect(NioSocketChannel.java:327)
	at org.apache.ratis.thirdparty.io.netty.channel.nio.AbstractNioChannel$AbstractNioUnsafe.finishConnect(AbstractNioChannel.java:340)
	at org.apache.ratis.thirdparty.io.netty.channel.nio.NioEventLoop.processSelectedKey(NioEventLoop.java:632)
	at org.apache.ratis.thirdparty.io.netty.channel.nio.NioEventLoop.processSelectedKeysOptimized(NioEventLoop.java:579)
	at org.apache.ratis.thirdparty.io.netty.channel.nio.NioEventLoop.processSelectedKeys(NioEventLoop.java:496)
	at org.apache.ratis.thirdparty.io.netty.channel.nio.NioEventLoop.run(NioEventLoop.java:458)
	at org.apache.ratis.thirdparty.io.netty.util.concurrent.SingleThreadEventExecutor$5.run(SingleThreadEventExecutor.java:897)
	at org.apache.ratis.thirdparty.io.netty.util.concurrent.FastThreadLocalRunnable.run(FastThreadLocalRunnable.java:30)
	... 1 more
Caused by: java.net.ConnectException: Connection refused
	... 11 more
2019-10-18 13:08:14,273 [0e280119-6e3a-4f2d-a3bb-534f53e1c036@group-9A2401E47D95-LeaderElection632] INFO  impl.RaftServerImpl (RaftServerImpl.java:setRole(184)) - 0e280119-6e3a-4f2d-a3bb-534f53e1c036@group-9A2401E47D95: changes role from CANDIDATE to FOLLOWER at term 3 for DISCOVERED_A_NEW_TERM
2019-10-18 13:08:14,273 [0e280119-6e3a-4f2d-a3bb-534f53e1c036@group-EC3E8056A4BB-LeaderElection633] INFO  impl.RaftServerImpl (RaftServerImpl.java:setRole(184)) - 0e280119-6e3a-4f2d-a3bb-534f53e1c036@group-EC3E8056A4BB: changes role from CANDIDATE to FOLLOWER at term 3 for DISCOVERED_A_NEW_TERM
2019-10-18 13:08:14,273 [0e280119-6e3a-4f2d-a3bb-534f53e1c036@group-EC3E8056A4BB-LeaderElection633] INFO  impl.RoleInfo (RoleInfo.java:shutdownLeaderElection(134)) - 0e280119-6e3a-4f2d-a3bb-534f53e1c036: shutdown LeaderElection
2019-10-18 13:08:14,273 [0e280119-6e3a-4f2d-a3bb-534f53e1c036@group-9A2401E47D95-LeaderElection632] INFO  impl.RoleInfo (RoleInfo.java:shutdownLeaderElection(134)) - 0e280119-6e3a-4f2d-a3bb-534f53e1c036: shutdown LeaderElection
2019-10-18 13:08:14,274 [0e280119-6e3a-4f2d-a3bb-534f53e1c036@group-EC3E8056A4BB-LeaderElection633] INFO  impl.RoleInfo (RoleInfo.java:updateAndGet(143)) - 0e280119-6e3a-4f2d-a3bb-534f53e1c036: start FollowerState
2019-10-18 13:08:14,274 [f7720aae-b5ab-43ae-a8f0-7922fdbaf311@group-61F4B561E702-LeaderElection629] INFO  impl.LeaderElection (LeaderElection.java:logAndReturn(56)) - f7720aae-b5ab-43ae-a8f0-7922fdbaf311@group-61F4B561E702-LeaderElection629: Election REJECTED; received 0 response(s) [] and 0 exception(s); f7720aae-b5ab-43ae-a8f0-7922fdbaf311@group-61F4B561E702:t6, leader=null, voted=null, raftlog=f7720aae-b5ab-43ae-a8f0-7922fdbaf311@group-61F4B561E702-SegmentedRaftLog:CLOSED:c-1, conf=-1: [7d69770b-3355-4a82-aab2-02db9382227d:192.168.34.56:33301, f7720aae-b5ab-43ae-a8f0-7922fdbaf311:192.168.34.56:46404, 0e280119-6e3a-4f2d-a3bb-534f53e1c036:192.168.34.56:35105], old=null
2019-10-18 13:08:14,274 [0e280119-6e3a-4f2d-a3bb-534f53e1c036@group-9A2401E47D95-LeaderElection632] INFO  impl.RoleInfo (RoleInfo.java:updateAndGet(143)) - 0e280119-6e3a-4f2d-a3bb-534f53e1c036: start FollowerState
2019-10-18 13:08:14,307 [0e280119-6e3a-4f2d-a3bb-534f53e1c036@group-61F4B561E702-LeaderElection624] INFO  impl.LeaderElection (LeaderElection.java:askForVotes(178)) - 0e280119-6e3a-4f2d-a3bb-534f53e1c036@group-61F4B561E702-LeaderElection624: begin an election at term 8 for -1: [7d69770b-3355-4a82-aab2-02db9382227d:192.168.34.56:33301, f7720aae-b5ab-43ae-a8f0-7922fdbaf311:192.168.34.56:46404, 0e280119-6e3a-4f2d-a3bb-534f53e1c036:192.168.34.56:35105], old=null
2019-10-18 13:08:14,308 [7d69770b-3355-4a82-aab2-02db9382227d@group-61F4B561E702-LeaderElection623] INFO  impl.LeaderElection (LeaderElection.java:logAndReturn(56)) - 7d69770b-3355-4a82-aab2-02db9382227d@group-61F4B561E702-LeaderElection623: Election DISCOVERED_A_NEW_TERM; received 1 response(s) [7d69770b-3355-4a82-aab2-02db9382227d<-0e280119-6e3a-4f2d-a3bb-534f53e1c036#0:FAIL-t8] and 1 exception(s); 7d69770b-3355-4a82-aab2-02db9382227d@group-61F4B561E702:t7, leader=null, voted=7d69770b-3355-4a82-aab2-02db9382227d, raftlog=7d69770b-3355-4a82-aab2-02db9382227d@group-61F4B561E702-SegmentedRaftLog:OPENED:c-1,f-1,i0, conf=-1: [7d69770b-3355-4a82-aab2-02db9382227d:192.168.34.56:33301, f7720aae-b5ab-43ae-a8f0-7922fdbaf311:192.168.34.56:46404, 0e280119-6e3a-4f2d-a3bb-534f53e1c036:192.168.34.56:35105], old=null
2019-10-18 13:08:14,308 [7d69770b-3355-4a82-aab2-02db9382227d@group-61F4B561E702-LeaderElection623] INFO  impl.LeaderElection (LogUtils.java:infoOrTrace(149)) -   Exception 0: {}
java.util.concurrent.ExecutionException: org.apache.ratis.thirdparty.io.grpc.StatusRuntimeException: UNAVAILABLE: io exception
	at java.util.concurrent.FutureTask.report(FutureTask.java:122)
	at java.util.concurrent.FutureTask.get(FutureTask.java:192)
	at org.apache.ratis.server.impl.LeaderElection.waitForResults(LeaderElection.java:259)
	at org.apache.ratis.server.impl.LeaderElection.askForVotes(LeaderElection.java:197)
	at org.apache.ratis.server.impl.LeaderElection.run(LeaderElection.java:133)
	at java.lang.Thread.run(Thread.java:748)
Caused by: org.apache.ratis.thirdparty.io.grpc.StatusRuntimeException: UNAVAILABLE: io exception
	at org.apache.ratis.thirdparty.io.grpc.stub.ClientCalls.toStatusRuntimeException(ClientCalls.java:233)
	at org.apache.ratis.thirdparty.io.grpc.stub.ClientCalls.getUnchecked(ClientCalls.java:214)
	at org.apache.ratis.thirdparty.io.grpc.stub.ClientCalls.blockingUnaryCall(ClientCalls.java:139)
	at org.apache.ratis.proto.grpc.RaftServerProtocolServiceGrpc$RaftServerProtocolServiceBlockingStub.requestVote(RaftServerProtocolServiceGrpc.java:265)
	at org.apache.ratis.grpc.server.GrpcServerProtocolClient.requestVote(GrpcServerProtocolClient.java:99)
	at org.apache.ratis.grpc.server.GrpcService.requestVote(GrpcService.java:204)
	at org.apache.ratis.server.impl.LeaderElection.lambda$submitRequests$1(LeaderElection.java:234)
	at java.util.concurrent.FutureTask.run(FutureTask.java:266)
	at java.util.concurrent.Executors$RunnableAdapter.call(Executors.java:511)
	at java.util.concurrent.FutureTask.run(FutureTask.java:266)
	at java.util.concurrent.ThreadPoolExecutor.runWorker(ThreadPoolExecutor.java:1149)
	at java.util.concurrent.ThreadPoolExecutor$Worker.run(ThreadPoolExecutor.java:624)
	... 1 more
Caused by: org.apache.ratis.thirdparty.io.netty.channel.AbstractChannel$AnnotatedConnectException: Connection refused: /192.168.34.56:46404
	at sun.nio.ch.SocketChannelImpl.checkConnect(Native Method)
	at sun.nio.ch.SocketChannelImpl.finishConnect(SocketChannelImpl.java:717)
	at org.apache.ratis.thirdparty.io.netty.channel.socket.nio.NioSocketChannel.doFinishConnect(NioSocketChannel.java:327)
	at org.apache.ratis.thirdparty.io.netty.channel.nio.AbstractNioChannel$AbstractNioUnsafe.finishConnect(AbstractNioChannel.java:340)
	at org.apache.ratis.thirdparty.io.netty.channel.nio.NioEventLoop.processSelectedKey(NioEventLoop.java:632)
	at org.apache.ratis.thirdparty.io.netty.channel.nio.NioEventLoop.processSelectedKeysOptimized(NioEventLoop.java:579)
	at org.apache.ratis.thirdparty.io.netty.channel.nio.NioEventLoop.processSelectedKeys(NioEventLoop.java:496)
	at org.apache.ratis.thirdparty.io.netty.channel.nio.NioEventLoop.run(NioEventLoop.java:458)
	at org.apache.ratis.thirdparty.io.netty.util.concurrent.SingleThreadEventExecutor$5.run(SingleThreadEventExecutor.java:897)
	at org.apache.ratis.thirdparty.io.netty.util.concurrent.FastThreadLocalRunnable.run(FastThreadLocalRunnable.java:30)
	... 1 more
Caused by: java.net.ConnectException: Connection refused
	... 11 more
2019-10-18 13:08:14,308 [0e280119-6e3a-4f2d-a3bb-534f53e1c036@group-61F4B561E702-LeaderElection624] INFO  impl.LeaderElection (LogUtils.java:infoOrTrace(149)) - 0e280119-6e3a-4f2d-a3bb-534f53e1c036@group-61F4B561E702-LeaderElection624 got exception when requesting votes: {}
java.util.concurrent.ExecutionException: org.apache.ratis.thirdparty.io.grpc.StatusRuntimeException: UNAVAILABLE: io exception
	at java.util.concurrent.FutureTask.report(FutureTask.java:122)
	at java.util.concurrent.FutureTask.get(FutureTask.java:192)
	at org.apache.ratis.server.impl.LeaderElection.waitForResults(LeaderElection.java:259)
	at org.apache.ratis.server.impl.LeaderElection.askForVotes(LeaderElection.java:197)
	at org.apache.ratis.server.impl.LeaderElection.run(LeaderElection.java:133)
	at java.lang.Thread.run(Thread.java:748)
Caused by: org.apache.ratis.thirdparty.io.grpc.StatusRuntimeException: UNAVAILABLE: io exception
	at org.apache.ratis.thirdparty.io.grpc.stub.ClientCalls.toStatusRuntimeException(ClientCalls.java:233)
	at org.apache.ratis.thirdparty.io.grpc.stub.ClientCalls.getUnchecked(ClientCalls.java:214)
	at org.apache.ratis.thirdparty.io.grpc.stub.ClientCalls.blockingUnaryCall(ClientCalls.java:139)
	at org.apache.ratis.proto.grpc.RaftServerProtocolServiceGrpc$RaftServerProtocolServiceBlockingStub.requestVote(RaftServerProtocolServiceGrpc.java:265)
	at org.apache.ratis.grpc.server.GrpcServerProtocolClient.requestVote(GrpcServerProtocolClient.java:99)
	at org.apache.ratis.grpc.server.GrpcService.requestVote(GrpcService.java:204)
	at org.apache.ratis.server.impl.LeaderElection.lambda$submitRequests$1(LeaderElection.java:234)
	at java.util.concurrent.FutureTask.run(FutureTask.java:266)
	at java.util.concurrent.Executors$RunnableAdapter.call(Executors.java:511)
	at java.util.concurrent.FutureTask.run(FutureTask.java:266)
	at java.util.concurrent.ThreadPoolExecutor.runWorker(ThreadPoolExecutor.java:1149)
	at java.util.concurrent.ThreadPoolExecutor$Worker.run(ThreadPoolExecutor.java:624)
	... 1 more
Caused by: org.apache.ratis.thirdparty.io.netty.channel.AbstractChannel$AnnotatedConnectException: Connection refused: /192.168.34.56:46404
	at sun.nio.ch.SocketChannelImpl.checkConnect(Native Method)
	at sun.nio.ch.SocketChannelImpl.finishConnect(SocketChannelImpl.java:717)
	at org.apache.ratis.thirdparty.io.netty.channel.socket.nio.NioSocketChannel.doFinishConnect(NioSocketChannel.java:327)
	at org.apache.ratis.thirdparty.io.netty.channel.nio.AbstractNioChannel$AbstractNioUnsafe.finishConnect(AbstractNioChannel.java:340)
	at org.apache.ratis.thirdparty.io.netty.channel.nio.NioEventLoop.processSelectedKey(NioEventLoop.java:632)
	at org.apache.ratis.thirdparty.io.netty.channel.nio.NioEventLoop.processSelectedKeysOptimized(NioEventLoop.java:579)
	at org.apache.ratis.thirdparty.io.netty.channel.nio.NioEventLoop.processSelectedKeys(NioEventLoop.java:496)
	at org.apache.ratis.thirdparty.io.netty.channel.nio.NioEventLoop.run(NioEventLoop.java:458)
	at org.apache.ratis.thirdparty.io.netty.util.concurrent.SingleThreadEventExecutor$5.run(SingleThreadEventExecutor.java:897)
	at org.apache.ratis.thirdparty.io.netty.util.concurrent.FastThreadLocalRunnable.run(FastThreadLocalRunnable.java:30)
	... 1 more
Caused by: java.net.ConnectException: Connection refused
	... 11 more
2019-10-18 13:08:14,308 [7d69770b-3355-4a82-aab2-02db9382227d@group-61F4B561E702-LeaderElection623] INFO  impl.RaftServerImpl (RaftServerImpl.java:setRole(184)) - 7d69770b-3355-4a82-aab2-02db9382227d@group-61F4B561E702: changes role from CANDIDATE to FOLLOWER at term 8 for DISCOVERED_A_NEW_TERM
2019-10-18 13:08:14,309 [7d69770b-3355-4a82-aab2-02db9382227d@group-61F4B561E702-LeaderElection623] INFO  impl.RoleInfo (RoleInfo.java:shutdownLeaderElection(134)) - 7d69770b-3355-4a82-aab2-02db9382227d: shutdown LeaderElection
2019-10-18 13:08:14,309 [7d69770b-3355-4a82-aab2-02db9382227d@group-61F4B561E702-LeaderElection623] INFO  impl.RoleInfo (RoleInfo.java:updateAndGet(143)) - 7d69770b-3355-4a82-aab2-02db9382227d: start FollowerState
2019-10-18 13:08:14,363 [Thread-6225] INFO  impl.FollowerState (FollowerState.java:run(108)) - 7d69770b-3355-4a82-aab2-02db9382227d@group-EC3E8056A4BB-FollowerState: change to CANDIDATE, lastRpcTime:93ms, electionTimeout:92ms
2019-10-18 13:08:14,363 [Thread-6225] INFO  impl.RoleInfo (RoleInfo.java:shutdownFollowerState(121)) - 7d69770b-3355-4a82-aab2-02db9382227d: shutdown FollowerState
2019-10-18 13:08:14,363 [Thread-6225] INFO  impl.RaftServerImpl (RaftServerImpl.java:setRole(184)) - 7d69770b-3355-4a82-aab2-02db9382227d@group-EC3E8056A4BB: changes role from  FOLLOWER to CANDIDATE at term 3 for changeToCandidate
2019-10-18 13:08:14,363 [Thread-6225] INFO  impl.RoleInfo (RoleInfo.java:updateAndGet(143)) - 7d69770b-3355-4a82-aab2-02db9382227d: start LeaderElection
2019-10-18 13:08:14,368 [Thread-6232] INFO  impl.FollowerState (FollowerState.java:run(108)) - 0e280119-6e3a-4f2d-a3bb-534f53e1c036@group-9A2401E47D95-FollowerState: change to CANDIDATE, lastRpcTime:93ms, electionTimeout:93ms
2019-10-18 13:08:14,368 [Thread-6232] INFO  impl.RoleInfo (RoleInfo.java:shutdownFollowerState(121)) - 0e280119-6e3a-4f2d-a3bb-534f53e1c036: shutdown FollowerState
2019-10-18 13:08:14,368 [Thread-6232] INFO  impl.RaftServerImpl (RaftServerImpl.java:setRole(184)) - 0e280119-6e3a-4f2d-a3bb-534f53e1c036@group-9A2401E47D95: changes role from  FOLLOWER to CANDIDATE at term 3 for changeToCandidate
2019-10-18 13:08:14,368 [Thread-6232] INFO  impl.RoleInfo (RoleInfo.java:updateAndGet(143)) - 0e280119-6e3a-4f2d-a3bb-534f53e1c036: start LeaderElection
2019-10-18 13:08:14,408 [0e280119-6e3a-4f2d-a3bb-534f53e1c036@group-61F4B561E702-LeaderElection624] INFO  impl.LeaderElection (LeaderElection.java:logAndReturn(56)) - 0e280119-6e3a-4f2d-a3bb-534f53e1c036@group-61F4B561E702-LeaderElection624: Election TIMEOUT; received 0 response(s) [] and 1 exception(s); 0e280119-6e3a-4f2d-a3bb-534f53e1c036@group-61F4B561E702:t8, leader=null, voted=0e280119-6e3a-4f2d-a3bb-534f53e1c036, raftlog=0e280119-6e3a-4f2d-a3bb-534f53e1c036@group-61F4B561E702-SegmentedRaftLog:OPENED:c-1,f-1,i0, conf=-1: [7d69770b-3355-4a82-aab2-02db9382227d:192.168.34.56:33301, f7720aae-b5ab-43ae-a8f0-7922fdbaf311:192.168.34.56:46404, 0e280119-6e3a-4f2d-a3bb-534f53e1c036:192.168.34.56:35105], old=null
2019-10-18 13:08:14,408 [0e280119-6e3a-4f2d-a3bb-534f53e1c036@group-61F4B561E702-LeaderElection624] INFO  impl.LeaderElection (LogUtils.java:infoOrTrace(149)) -   Exception 0: {}
java.util.concurrent.ExecutionException: org.apache.ratis.thirdparty.io.grpc.StatusRuntimeException: UNAVAILABLE: io exception
	at java.util.concurrent.FutureTask.report(FutureTask.java:122)
	at java.util.concurrent.FutureTask.get(FutureTask.java:192)
	at org.apache.ratis.server.impl.LeaderElection.waitForResults(LeaderElection.java:259)
	at org.apache.ratis.server.impl.LeaderElection.askForVotes(LeaderElection.java:197)
	at org.apache.ratis.server.impl.LeaderElection.run(LeaderElection.java:133)
	at java.lang.Thread.run(Thread.java:748)
Caused by: org.apache.ratis.thirdparty.io.grpc.StatusRuntimeException: UNAVAILABLE: io exception
	at org.apache.ratis.thirdparty.io.grpc.stub.ClientCalls.toStatusRuntimeException(ClientCalls.java:233)
	at org.apache.ratis.thirdparty.io.grpc.stub.ClientCalls.getUnchecked(ClientCalls.java:214)
	at org.apache.ratis.thirdparty.io.grpc.stub.ClientCalls.blockingUnaryCall(ClientCalls.java:139)
	at org.apache.ratis.proto.grpc.RaftServerProtocolServiceGrpc$RaftServerProtocolServiceBlockingStub.requestVote(RaftServerProtocolServiceGrpc.java:265)
	at org.apache.ratis.grpc.server.GrpcServerProtocolClient.requestVote(GrpcServerProtocolClient.java:99)
	at org.apache.ratis.grpc.server.GrpcService.requestVote(GrpcService.java:204)
	at org.apache.ratis.server.impl.LeaderElection.lambda$submitRequests$1(LeaderElection.java:234)
	at java.util.concurrent.FutureTask.run(FutureTask.java:266)
	at java.util.concurrent.Executors$RunnableAdapter.call(Executors.java:511)
	at java.util.concurrent.FutureTask.run(FutureTask.java:266)
	at java.util.concurrent.ThreadPoolExecutor.runWorker(ThreadPoolExecutor.java:1149)
	at java.util.concurrent.ThreadPoolExecutor$Worker.run(ThreadPoolExecutor.java:624)
	... 1 more
Caused by: org.apache.ratis.thirdparty.io.netty.channel.AbstractChannel$AnnotatedConnectException: Connection refused: /192.168.34.56:46404
	at sun.nio.ch.SocketChannelImpl.checkConnect(Native Method)
	at sun.nio.ch.SocketChannelImpl.finishConnect(SocketChannelImpl.java:717)
	at org.apache.ratis.thirdparty.io.netty.channel.socket.nio.NioSocketChannel.doFinishConnect(NioSocketChannel.java:327)
	at org.apache.ratis.thirdparty.io.netty.channel.nio.AbstractNioChannel$AbstractNioUnsafe.finishConnect(AbstractNioChannel.java:340)
	at org.apache.ratis.thirdparty.io.netty.channel.nio.NioEventLoop.processSelectedKey(NioEventLoop.java:632)
	at org.apache.ratis.thirdparty.io.netty.channel.nio.NioEventLoop.processSelectedKeysOptimized(NioEventLoop.java:579)
	at org.apache.ratis.thirdparty.io.netty.channel.nio.NioEventLoop.processSelectedKeys(NioEventLoop.java:496)
	at org.apache.ratis.thirdparty.io.netty.channel.nio.NioEventLoop.run(NioEventLoop.java:458)
	at org.apache.ratis.thirdparty.io.netty.util.concurrent.SingleThreadEventExecutor$5.run(SingleThreadEventExecutor.java:897)
	at org.apache.ratis.thirdparty.io.netty.util.concurrent.FastThreadLocalRunnable.run(FastThreadLocalRunnable.java:30)
	... 1 more
Caused by: java.net.ConnectException: Connection refused
	... 11 more
2019-10-18 13:08:14,410 [Thread-6235] INFO  impl.FollowerState (FollowerState.java:run(108)) - 7d69770b-3355-4a82-aab2-02db9382227d@group-61F4B561E702-FollowerState: change to CANDIDATE, lastRpcTime:100ms, electionTimeout:4ms
2019-10-18 13:08:14,410 [Thread-6235] INFO  impl.RoleInfo (RoleInfo.java:shutdownFollowerState(121)) - 7d69770b-3355-4a82-aab2-02db9382227d: shutdown FollowerState
2019-10-18 13:08:14,410 [Thread-6235] INFO  impl.RaftServerImpl (RaftServerImpl.java:setRole(184)) - 7d69770b-3355-4a82-aab2-02db9382227d@group-61F4B561E702: changes role from  FOLLOWER to CANDIDATE at term 8 for changeToCandidate
2019-10-18 13:08:14,410 [Thread-6235] INFO  impl.RoleInfo (RoleInfo.java:updateAndGet(143)) - 7d69770b-3355-4a82-aab2-02db9382227d: start LeaderElection
2019-10-18 13:08:14,410 [grpc-default-executor-16] INFO  impl.RaftServerImpl (RaftServerImpl.java:setRole(184)) - 7d69770b-3355-4a82-aab2-02db9382227d@group-61F4B561E702: changes role from CANDIDATE to FOLLOWER at term 8 for recognizeCandidate:0e280119-6e3a-4f2d-a3bb-534f53e1c036
2019-10-18 13:08:14,410 [0e280119-6e3a-4f2d-a3bb-534f53e1c036@group-9A2401E47D95-LeaderElection638] INFO  impl.LeaderElection (LeaderElection.java:askForVotes(178)) - 0e280119-6e3a-4f2d-a3bb-534f53e1c036@group-9A2401E47D95-LeaderElection638: begin an election at term 4 for -1: [7d69770b-3355-4a82-aab2-02db9382227d:192.168.34.56:33301, f7720aae-b5ab-43ae-a8f0-7922fdbaf311:192.168.34.56:46404, 0e280119-6e3a-4f2d-a3bb-534f53e1c036:192.168.34.56:35105], old=null
2019-10-18 13:08:14,410 [7d69770b-3355-4a82-aab2-02db9382227d@group-EC3E8056A4BB-LeaderElection637] INFO  impl.LeaderElection (LeaderElection.java:askForVotes(178)) - 7d69770b-3355-4a82-aab2-02db9382227d@group-EC3E8056A4BB-LeaderElection637: begin an election at term 4 for -1: [7d69770b-3355-4a82-aab2-02db9382227d:192.168.34.56:33301, f7720aae-b5ab-43ae-a8f0-7922fdbaf311:192.168.34.56:46404, 0e280119-6e3a-4f2d-a3bb-534f53e1c036:192.168.34.56:35105], old=null
2019-10-18 13:08:14,411 [grpc-default-executor-16] INFO  impl.RoleInfo (RoleInfo.java:shutdownLeaderElection(134)) - 7d69770b-3355-4a82-aab2-02db9382227d: shutdown LeaderElection
2019-10-18 13:08:14,411 [grpc-default-executor-16] INFO  impl.RoleInfo (RoleInfo.java:updateAndGet(143)) - 7d69770b-3355-4a82-aab2-02db9382227d: start FollowerState
2019-10-18 13:08:14,412 [7d69770b-3355-4a82-aab2-02db9382227d@group-EC3E8056A4BB-LeaderElection637] INFO  impl.LeaderElection (LogUtils.java:infoOrTrace(149)) - 7d69770b-3355-4a82-aab2-02db9382227d@group-EC3E8056A4BB-LeaderElection637 got exception when requesting votes: {}
java.util.concurrent.ExecutionException: org.apache.ratis.thirdparty.io.grpc.StatusRuntimeException: UNAVAILABLE: io exception
	at java.util.concurrent.FutureTask.report(FutureTask.java:122)
	at java.util.concurrent.FutureTask.get(FutureTask.java:192)
	at org.apache.ratis.server.impl.LeaderElection.waitForResults(LeaderElection.java:259)
	at org.apache.ratis.server.impl.LeaderElection.askForVotes(LeaderElection.java:197)
	at org.apache.ratis.server.impl.LeaderElection.run(LeaderElection.java:133)
	at java.lang.Thread.run(Thread.java:748)
Caused by: org.apache.ratis.thirdparty.io.grpc.StatusRuntimeException: UNAVAILABLE: io exception
	at org.apache.ratis.thirdparty.io.grpc.stub.ClientCalls.toStatusRuntimeException(ClientCalls.java:233)
	at org.apache.ratis.thirdparty.io.grpc.stub.ClientCalls.getUnchecked(ClientCalls.java:214)
	at org.apache.ratis.thirdparty.io.grpc.stub.ClientCalls.blockingUnaryCall(ClientCalls.java:139)
	at org.apache.ratis.proto.grpc.RaftServerProtocolServiceGrpc$RaftServerProtocolServiceBlockingStub.requestVote(RaftServerProtocolServiceGrpc.java:265)
	at org.apache.ratis.grpc.server.GrpcServerProtocolClient.requestVote(GrpcServerProtocolClient.java:99)
	at org.apache.ratis.grpc.server.GrpcService.requestVote(GrpcService.java:204)
	at org.apache.ratis.server.impl.LeaderElection.lambda$submitRequests$1(LeaderElection.java:234)
	at java.util.concurrent.FutureTask.run(FutureTask.java:266)
	at java.util.concurrent.Executors$RunnableAdapter.call(Executors.java:511)
	at java.util.concurrent.FutureTask.run(FutureTask.java:266)
	at java.util.concurrent.ThreadPoolExecutor.runWorker(ThreadPoolExecutor.java:1149)
	at java.util.concurrent.ThreadPoolExecutor$Worker.run(ThreadPoolExecutor.java:624)
	... 1 more
Caused by: org.apache.ratis.thirdparty.io.netty.channel.AbstractChannel$AnnotatedConnectException: Connection refused: /192.168.34.56:46404
	at sun.nio.ch.SocketChannelImpl.checkConnect(Native Method)
	at sun.nio.ch.SocketChannelImpl.finishConnect(SocketChannelImpl.java:717)
	at org.apache.ratis.thirdparty.io.netty.channel.socket.nio.NioSocketChannel.doFinishConnect(NioSocketChannel.java:327)
	at org.apache.ratis.thirdparty.io.netty.channel.nio.AbstractNioChannel$AbstractNioUnsafe.finishConnect(AbstractNioChannel.java:340)
	at org.apache.ratis.thirdparty.io.netty.channel.nio.NioEventLoop.processSelectedKey(NioEventLoop.java:632)
	at org.apache.ratis.thirdparty.io.netty.channel.nio.NioEventLoop.processSelectedKeysOptimized(NioEventLoop.java:579)
	at org.apache.ratis.thirdparty.io.netty.channel.nio.NioEventLoop.processSelectedKeys(NioEventLoop.java:496)
	at org.apache.ratis.thirdparty.io.netty.channel.nio.NioEventLoop.run(NioEventLoop.java:458)
	at org.apache.ratis.thirdparty.io.netty.util.concurrent.SingleThreadEventExecutor$5.run(SingleThreadEventExecutor.java:897)
	at org.apache.ratis.thirdparty.io.netty.util.concurrent.FastThreadLocalRunnable.run(FastThreadLocalRunnable.java:30)
	... 1 more
Caused by: java.net.ConnectException: Connection refused
	... 11 more
2019-10-18 13:08:14,412 [0e280119-6e3a-4f2d-a3bb-534f53e1c036@group-9A2401E47D95-LeaderElection638] INFO  impl.LeaderElection (LogUtils.java:infoOrTrace(149)) - 0e280119-6e3a-4f2d-a3bb-534f53e1c036@group-9A2401E47D95-LeaderElection638 got exception when requesting votes: {}
java.util.concurrent.ExecutionException: org.apache.ratis.thirdparty.io.grpc.StatusRuntimeException: UNAVAILABLE: io exception
	at java.util.concurrent.FutureTask.report(FutureTask.java:122)
	at java.util.concurrent.FutureTask.get(FutureTask.java:192)
	at org.apache.ratis.server.impl.LeaderElection.waitForResults(LeaderElection.java:259)
	at org.apache.ratis.server.impl.LeaderElection.askForVotes(LeaderElection.java:197)
	at org.apache.ratis.server.impl.LeaderElection.run(LeaderElection.java:133)
	at java.lang.Thread.run(Thread.java:748)
Caused by: org.apache.ratis.thirdparty.io.grpc.StatusRuntimeException: UNAVAILABLE: io exception
	at org.apache.ratis.thirdparty.io.grpc.stub.ClientCalls.toStatusRuntimeException(ClientCalls.java:233)
	at org.apache.ratis.thirdparty.io.grpc.stub.ClientCalls.getUnchecked(ClientCalls.java:214)
	at org.apache.ratis.thirdparty.io.grpc.stub.ClientCalls.blockingUnaryCall(ClientCalls.java:139)
	at org.apache.ratis.proto.grpc.RaftServerProtocolServiceGrpc$RaftServerProtocolServiceBlockingStub.requestVote(RaftServerProtocolServiceGrpc.java:265)
	at org.apache.ratis.grpc.server.GrpcServerProtocolClient.requestVote(GrpcServerProtocolClient.java:99)
	at org.apache.ratis.grpc.server.GrpcService.requestVote(GrpcService.java:204)
	at org.apache.ratis.server.impl.LeaderElection.lambda$submitRequests$1(LeaderElection.java:234)
	at java.util.concurrent.FutureTask.run(FutureTask.java:266)
	at java.util.concurrent.Executors$RunnableAdapter.call(Executors.java:511)
	at java.util.concurrent.FutureTask.run(FutureTask.java:266)
	at java.util.concurrent.ThreadPoolExecutor.runWorker(ThreadPoolExecutor.java:1149)
	at java.util.concurrent.ThreadPoolExecutor$Worker.run(ThreadPoolExecutor.java:624)
	... 1 more
Caused by: org.apache.ratis.thirdparty.io.netty.channel.AbstractChannel$AnnotatedConnectException: Connection refused: /192.168.34.56:46404
	at sun.nio.ch.SocketChannelImpl.checkConnect(Native Method)
	at sun.nio.ch.SocketChannelImpl.finishConnect(SocketChannelImpl.java:717)
	at org.apache.ratis.thirdparty.io.netty.channel.socket.nio.NioSocketChannel.doFinishConnect(NioSocketChannel.java:327)
	at org.apache.ratis.thirdparty.io.netty.channel.nio.AbstractNioChannel$AbstractNioUnsafe.finishConnect(AbstractNioChannel.java:340)
	at org.apache.ratis.thirdparty.io.netty.channel.nio.NioEventLoop.processSelectedKey(NioEventLoop.java:632)
	at org.apache.ratis.thirdparty.io.netty.channel.nio.NioEventLoop.processSelectedKeysOptimized(NioEventLoop.java:579)
	at org.apache.ratis.thirdparty.io.netty.channel.nio.NioEventLoop.processSelectedKeys(NioEventLoop.java:496)
	at org.apache.ratis.thirdparty.io.netty.channel.nio.NioEventLoop.run(NioEventLoop.java:458)
	at org.apache.ratis.thirdparty.io.netty.util.concurrent.SingleThreadEventExecutor$5.run(SingleThreadEventExecutor.java:897)
	at org.apache.ratis.thirdparty.io.netty.util.concurrent.FastThreadLocalRunnable.run(FastThreadLocalRunnable.java:30)
	... 1 more
Caused by: java.net.ConnectException: Connection refused
	... 11 more
2019-10-18 13:08:14,412 [grpc-default-executor-16] INFO  impl.RaftServerImpl (RaftServerImpl.java:setRole(184)) - 7d69770b-3355-4a82-aab2-02db9382227d@group-9A2401E47D95: changes role from  FOLLOWER to FOLLOWER at term 4 for recognizeCandidate:0e280119-6e3a-4f2d-a3bb-534f53e1c036
2019-10-18 13:08:14,412 [grpc-default-executor-16] INFO  impl.RoleInfo (RoleInfo.java:shutdownFollowerState(121)) - 7d69770b-3355-4a82-aab2-02db9382227d: shutdown FollowerState
2019-10-18 13:08:14,412 [grpc-default-executor-5] INFO  impl.RaftServerImpl (RaftServerImpl.java:setRole(184)) - 0e280119-6e3a-4f2d-a3bb-534f53e1c036@group-EC3E8056A4BB: changes role from  FOLLOWER to FOLLOWER at term 4 for recognizeCandidate:7d69770b-3355-4a82-aab2-02db9382227d
2019-10-18 13:08:14,413 [grpc-default-executor-5] INFO  impl.RoleInfo (RoleInfo.java:shutdownFollowerState(121)) - 0e280119-6e3a-4f2d-a3bb-534f53e1c036: shutdown FollowerState
2019-10-18 13:08:14,413 [Thread-6227] INFO  impl.FollowerState (FollowerState.java:run(117)) - 7d69770b-3355-4a82-aab2-02db9382227d@group-9A2401E47D95-FollowerState was interrupted: java.lang.InterruptedException: sleep interrupted
2019-10-18 13:08:14,413 [grpc-default-executor-16] INFO  impl.RoleInfo (RoleInfo.java:updateAndGet(143)) - 7d69770b-3355-4a82-aab2-02db9382227d: start FollowerState
2019-10-18 13:08:14,413 [Thread-6231] INFO  impl.FollowerState (FollowerState.java:run(117)) - 0e280119-6e3a-4f2d-a3bb-534f53e1c036@group-EC3E8056A4BB-FollowerState was interrupted: java.lang.InterruptedException: sleep interrupted
2019-10-18 13:08:14,413 [grpc-default-executor-5] INFO  impl.RoleInfo (RoleInfo.java:updateAndGet(143)) - 0e280119-6e3a-4f2d-a3bb-534f53e1c036: start FollowerState
2019-10-18 13:08:14,430 [0e280119-6e3a-4f2d-a3bb-534f53e1c036@group-61F4B561E702-LeaderElection624] INFO  impl.LeaderElection (LeaderElection.java:askForVotes(178)) - 0e280119-6e3a-4f2d-a3bb-534f53e1c036@group-61F4B561E702-LeaderElection624: begin an election at term 9 for -1: [7d69770b-3355-4a82-aab2-02db9382227d:192.168.34.56:33301, f7720aae-b5ab-43ae-a8f0-7922fdbaf311:192.168.34.56:46404, 0e280119-6e3a-4f2d-a3bb-534f53e1c036:192.168.34.56:35105], old=null
2019-10-18 13:08:14,430 [Thread-6242] INFO  impl.FollowerState (FollowerState.java:run(108)) - 7d69770b-3355-4a82-aab2-02db9382227d@group-61F4B561E702-FollowerState: change to CANDIDATE, lastRpcTime:18ms, electionTimeout:13ms
2019-10-18 13:08:14,430 [7d69770b-3355-4a82-aab2-02db9382227d@group-61F4B561E702-LeaderElection639] INFO  impl.LeaderElection (LeaderElection.java:askForVotes(178)) - 7d69770b-3355-4a82-aab2-02db9382227d@group-61F4B561E702-LeaderElection639: begin an election at term 9 for -1: [7d69770b-3355-4a82-aab2-02db9382227d:192.168.34.56:33301, f7720aae-b5ab-43ae-a8f0-7922fdbaf311:192.168.34.56:46404, 0e280119-6e3a-4f2d-a3bb-534f53e1c036:192.168.34.56:35105], old=null
2019-10-18 13:08:14,430 [Thread-6242] INFO  impl.RoleInfo (RoleInfo.java:shutdownFollowerState(121)) - 7d69770b-3355-4a82-aab2-02db9382227d: shutdown FollowerState
2019-10-18 13:08:14,430 [Thread-6242] INFO  impl.RaftServerImpl (RaftServerImpl.java:setRole(184)) - 7d69770b-3355-4a82-aab2-02db9382227d@group-61F4B561E702: changes role from  FOLLOWER to CANDIDATE at term 9 for changeToCandidate
2019-10-18 13:08:14,430 [7d69770b-3355-4a82-aab2-02db9382227d@group-EC3E8056A4BB-LeaderElection637] INFO  impl.LeaderElection (LeaderElection.java:logAndReturn(56)) - 7d69770b-3355-4a82-aab2-02db9382227d@group-EC3E8056A4BB-LeaderElection637: Election PASSED; received 1 response(s) [7d69770b-3355-4a82-aab2-02db9382227d<-0e280119-6e3a-4f2d-a3bb-534f53e1c036#0:OK-t4] and 1 exception(s); 7d69770b-3355-4a82-aab2-02db9382227d@group-EC3E8056A4BB:t4, leader=null, voted=7d69770b-3355-4a82-aab2-02db9382227d, raftlog=7d69770b-3355-4a82-aab2-02db9382227d@group-EC3E8056A4BB-SegmentedRaftLog:OPENED:c-1,f-1,i0, conf=-1: [7d69770b-3355-4a82-aab2-02db9382227d:192.168.34.56:33301, f7720aae-b5ab-43ae-a8f0-7922fdbaf311:192.168.34.56:46404, 0e280119-6e3a-4f2d-a3bb-534f53e1c036:192.168.34.56:35105], old=null
2019-10-18 13:08:14,430 [7d69770b-3355-4a82-aab2-02db9382227d@group-EC3E8056A4BB-LeaderElection637] INFO  impl.LeaderElection (LogUtils.java:infoOrTrace(149)) -   Exception 0: {}
java.util.concurrent.ExecutionException: org.apache.ratis.thirdparty.io.grpc.StatusRuntimeException: UNAVAILABLE: io exception
	at java.util.concurrent.FutureTask.report(FutureTask.java:122)
	at java.util.concurrent.FutureTask.get(FutureTask.java:192)
	at org.apache.ratis.server.impl.LeaderElection.waitForResults(LeaderElection.java:259)
	at org.apache.ratis.server.impl.LeaderElection.askForVotes(LeaderElection.java:197)
	at org.apache.ratis.server.impl.LeaderElection.run(LeaderElection.java:133)
	at java.lang.Thread.run(Thread.java:748)
Caused by: org.apache.ratis.thirdparty.io.grpc.StatusRuntimeException: UNAVAILABLE: io exception
	at org.apache.ratis.thirdparty.io.grpc.stub.ClientCalls.toStatusRuntimeException(ClientCalls.java:233)
	at org.apache.ratis.thirdparty.io.grpc.stub.ClientCalls.getUnchecked(ClientCalls.java:214)
	at org.apache.ratis.thirdparty.io.grpc.stub.ClientCalls.blockingUnaryCall(ClientCalls.java:139)
	at org.apache.ratis.proto.grpc.RaftServerProtocolServiceGrpc$RaftServerProtocolServiceBlockingStub.requestVote(RaftServerProtocolServiceGrpc.java:265)
	at org.apache.ratis.grpc.server.GrpcServerProtocolClient.requestVote(GrpcServerProtocolClient.java:99)
	at org.apache.ratis.grpc.server.GrpcService.requestVote(GrpcService.java:204)
	at org.apache.ratis.server.impl.LeaderElection.lambda$submitRequests$1(LeaderElection.java:234)
	at java.util.concurrent.FutureTask.run(FutureTask.java:266)
	at java.util.concurrent.Executors$RunnableAdapter.call(Executors.java:511)
	at java.util.concurrent.FutureTask.run(FutureTask.java:266)
	at java.util.concurrent.ThreadPoolExecutor.runWorker(ThreadPoolExecutor.java:1149)
	at java.util.concurrent.ThreadPoolExecutor$Worker.run(ThreadPoolExecutor.java:624)
	... 1 more
Caused by: org.apache.ratis.thirdparty.io.netty.channel.AbstractChannel$AnnotatedConnectException: Connection refused: /192.168.34.56:46404
	at sun.nio.ch.SocketChannelImpl.checkConnect(Native Method)
	at sun.nio.ch.SocketChannelImpl.finishConnect(SocketChannelImpl.java:717)
	at org.apache.ratis.thirdparty.io.netty.channel.socket.nio.NioSocketChannel.doFinishConnect(NioSocketChannel.java:327)
	at org.apache.ratis.thirdparty.io.netty.channel.nio.AbstractNioChannel$AbstractNioUnsafe.finishConnect(AbstractNioChannel.java:340)
	at org.apache.ratis.thirdparty.io.netty.channel.nio.NioEventLoop.processSelectedKey(NioEventLoop.java:632)
	at org.apache.ratis.thirdparty.io.netty.channel.nio.NioEventLoop.processSelectedKeysOptimized(NioEventLoop.java:579)
	at org.apache.ratis.thirdparty.io.netty.channel.nio.NioEventLoop.processSelectedKeys(NioEventLoop.java:496)
	at org.apache.ratis.thirdparty.io.netty.channel.nio.NioEventLoop.run(NioEventLoop.java:458)
	at org.apache.ratis.thirdparty.io.netty.util.concurrent.SingleThreadEventExecutor$5.run(SingleThreadEventExecutor.java:897)
	at org.apache.ratis.thirdparty.io.netty.util.concurrent.FastThreadLocalRunnable.run(FastThreadLocalRunnable.java:30)
	... 1 more
Caused by: java.net.ConnectException: Connection refused
	... 11 more
2019-10-18 13:08:14,430 [Thread-6242] INFO  impl.RoleInfo (RoleInfo.java:updateAndGet(143)) - 7d69770b-3355-4a82-aab2-02db9382227d: start LeaderElection
2019-10-18 13:08:14,430 [0e280119-6e3a-4f2d-a3bb-534f53e1c036@group-9A2401E47D95-LeaderElection638] INFO  impl.LeaderElection (LeaderElection.java:logAndReturn(56)) - 0e280119-6e3a-4f2d-a3bb-534f53e1c036@group-9A2401E47D95-LeaderElection638: Election PASSED; received 1 response(s) [0e280119-6e3a-4f2d-a3bb-534f53e1c036<-7d69770b-3355-4a82-aab2-02db9382227d#0:OK-t4] and 1 exception(s); 0e280119-6e3a-4f2d-a3bb-534f53e1c036@group-9A2401E47D95:t4, leader=null, voted=0e280119-6e3a-4f2d-a3bb-534f53e1c036, raftlog=0e280119-6e3a-4f2d-a3bb-534f53e1c036@group-9A2401E47D95-SegmentedRaftLog:OPENED:c-1,f-1,i0, conf=-1: [7d69770b-3355-4a82-aab2-02db9382227d:192.168.34.56:33301, f7720aae-b5ab-43ae-a8f0-7922fdbaf311:192.168.34.56:46404, 0e280119-6e3a-4f2d-a3bb-534f53e1c036:192.168.34.56:35105], old=null
2019-10-18 13:08:14,431 [7d69770b-3355-4a82-aab2-02db9382227d@group-EC3E8056A4BB-LeaderElection637] INFO  impl.RoleInfo (RoleInfo.java:shutdownLeaderElection(134)) - 7d69770b-3355-4a82-aab2-02db9382227d: shutdown LeaderElection
2019-10-18 13:08:14,431 [0e280119-6e3a-4f2d-a3bb-534f53e1c036@group-61F4B561E702-LeaderElection624] INFO  impl.LeaderElection (LogUtils.java:infoOrTrace(149)) - 0e280119-6e3a-4f2d-a3bb-534f53e1c036@group-61F4B561E702-LeaderElection624 got exception when requesting votes: {}
java.util.concurrent.ExecutionException: org.apache.ratis.thirdparty.io.grpc.StatusRuntimeException: UNAVAILABLE: io exception
	at java.util.concurrent.FutureTask.report(FutureTask.java:122)
	at java.util.concurrent.FutureTask.get(FutureTask.java:192)
	at org.apache.ratis.server.impl.LeaderElection.waitForResults(LeaderElection.java:259)
	at org.apache.ratis.server.impl.LeaderElection.askForVotes(LeaderElection.java:197)
	at org.apache.ratis.server.impl.LeaderElection.run(LeaderElection.java:133)
	at java.lang.Thread.run(Thread.java:748)
Caused by: org.apache.ratis.thirdparty.io.grpc.StatusRuntimeException: UNAVAILABLE: io exception
	at org.apache.ratis.thirdparty.io.grpc.stub.ClientCalls.toStatusRuntimeException(ClientCalls.java:233)
	at org.apache.ratis.thirdparty.io.grpc.stub.ClientCalls.getUnchecked(ClientCalls.java:214)
	at org.apache.ratis.thirdparty.io.grpc.stub.ClientCalls.blockingUnaryCall(ClientCalls.java:139)
	at org.apache.ratis.proto.grpc.RaftServerProtocolServiceGrpc$RaftServerProtocolServiceBlockingStub.requestVote(RaftServerProtocolServiceGrpc.java:265)
	at org.apache.ratis.grpc.server.GrpcServerProtocolClient.requestVote(GrpcServerProtocolClient.java:99)
	at org.apache.ratis.grpc.server.GrpcService.requestVote(GrpcService.java:204)
	at org.apache.ratis.server.impl.LeaderElection.lambda$submitRequests$1(LeaderElection.java:234)
	at java.util.concurrent.FutureTask.run(FutureTask.java:266)
	at java.util.concurrent.Executors$RunnableAdapter.call(Executors.java:511)
	at java.util.concurrent.FutureTask.run(FutureTask.java:266)
	at java.util.concurrent.ThreadPoolExecutor.runWorker(ThreadPoolExecutor.java:1149)
	at java.util.concurrent.ThreadPoolExecutor$Worker.run(ThreadPoolExecutor.java:624)
	... 1 more
Caused by: org.apache.ratis.thirdparty.io.netty.channel.AbstractChannel$AnnotatedConnectException: Connection refused: /192.168.34.56:46404
	at sun.nio.ch.SocketChannelImpl.checkConnect(Native Method)
	at sun.nio.ch.SocketChannelImpl.finishConnect(SocketChannelImpl.java:717)
	at org.apache.ratis.thirdparty.io.netty.channel.socket.nio.NioSocketChannel.doFinishConnect(NioSocketChannel.java:327)
	at org.apache.ratis.thirdparty.io.netty.channel.nio.AbstractNioChannel$AbstractNioUnsafe.finishConnect(AbstractNioChannel.java:340)
	at org.apache.ratis.thirdparty.io.netty.channel.nio.NioEventLoop.processSelectedKey(NioEventLoop.java:632)
	at org.apache.ratis.thirdparty.io.netty.channel.nio.NioEventLoop.processSelectedKeysOptimized(NioEventLoop.java:579)
	at org.apache.ratis.thirdparty.io.netty.channel.nio.NioEventLoop.processSelectedKeys(NioEventLoop.java:496)
	at org.apache.ratis.thirdparty.io.netty.channel.nio.NioEventLoop.run(NioEventLoop.java:458)
	at org.apache.ratis.thirdparty.io.netty.util.concurrent.SingleThreadEventExecutor$5.run(SingleThreadEventExecutor.java:897)
	at org.apache.ratis.thirdparty.io.netty.util.concurrent.FastThreadLocalRunnable.run(FastThreadLocalRunnable.java:30)
	... 1 more
Caused by: java.net.ConnectException: Connection refused
	... 11 more
2019-10-18 13:08:14,431 [7d69770b-3355-4a82-aab2-02db9382227d@group-EC3E8056A4BB-LeaderElection637] INFO  impl.RaftServerImpl (RaftServerImpl.java:setRole(184)) - 7d69770b-3355-4a82-aab2-02db9382227d@group-EC3E8056A4BB: changes role from CANDIDATE to LEADER at term 4 for changeToLeader
2019-10-18 13:08:14,431 [0e280119-6e3a-4f2d-a3bb-534f53e1c036@group-9A2401E47D95-LeaderElection638] INFO  impl.LeaderElection (LogUtils.java:infoOrTrace(149)) -   Exception 0: {}
java.util.concurrent.ExecutionException: org.apache.ratis.thirdparty.io.grpc.StatusRuntimeException: UNAVAILABLE: io exception
	at java.util.concurrent.FutureTask.report(FutureTask.java:122)
	at java.util.concurrent.FutureTask.get(FutureTask.java:192)
	at org.apache.ratis.server.impl.LeaderElection.waitForResults(LeaderElection.java:259)
	at org.apache.ratis.server.impl.LeaderElection.askForVotes(LeaderElection.java:197)
	at org.apache.ratis.server.impl.LeaderElection.run(LeaderElection.java:133)
	at java.lang.Thread.run(Thread.java:748)
Caused by: org.apache.ratis.thirdparty.io.grpc.StatusRuntimeException: UNAVAILABLE: io exception
	at org.apache.ratis.thirdparty.io.grpc.stub.ClientCalls.toStatusRuntimeException(ClientCalls.java:233)
	at org.apache.ratis.thirdparty.io.grpc.stub.ClientCalls.getUnchecked(ClientCalls.java:214)
	at org.apache.ratis.thirdparty.io.grpc.stub.ClientCalls.blockingUnaryCall(ClientCalls.java:139)
	at org.apache.ratis.proto.grpc.RaftServerProtocolServiceGrpc$RaftServerProtocolServiceBlockingStub.requestVote(RaftServerProtocolServiceGrpc.java:265)
	at org.apache.ratis.grpc.server.GrpcServerProtocolClient.requestVote(GrpcServerProtocolClient.java:99)
	at org.apache.ratis.grpc.server.GrpcService.requestVote(GrpcService.java:204)
	at org.apache.ratis.server.impl.LeaderElection.lambda$submitRequests$1(LeaderElection.java:234)
	at java.util.concurrent.FutureTask.run(FutureTask.java:266)
	at java.util.concurrent.Executors$RunnableAdapter.call(Executors.java:511)
	at java.util.concurrent.FutureTask.run(FutureTask.java:266)
	at java.util.concurrent.ThreadPoolExecutor.runWorker(ThreadPoolExecutor.java:1149)
	at java.util.concurrent.ThreadPoolExecutor$Worker.run(ThreadPoolExecutor.java:624)
	... 1 more
Caused by: org.apache.ratis.thirdparty.io.netty.channel.AbstractChannel$AnnotatedConnectException: Connection refused: /192.168.34.56:46404
	at sun.nio.ch.SocketChannelImpl.checkConnect(Native Method)
	at sun.nio.ch.SocketChannelImpl.finishConnect(SocketChannelImpl.java:717)
	at org.apache.ratis.thirdparty.io.netty.channel.socket.nio.NioSocketChannel.doFinishConnect(NioSocketChannel.java:327)
	at org.apache.ratis.thirdparty.io.netty.channel.nio.AbstractNioChannel$AbstractNioUnsafe.finishConnect(AbstractNioChannel.java:340)
	at org.apache.ratis.thirdparty.io.netty.channel.nio.NioEventLoop.processSelectedKey(NioEventLoop.java:632)
	at org.apache.ratis.thirdparty.io.netty.channel.nio.NioEventLoop.processSelectedKeysOptimized(NioEventLoop.java:579)
	at org.apache.ratis.thirdparty.io.netty.channel.nio.NioEventLoop.processSelectedKeys(NioEventLoop.java:496)
	at org.apache.ratis.thirdparty.io.netty.channel.nio.NioEventLoop.run(NioEventLoop.java:458)
	at org.apache.ratis.thirdparty.io.netty.util.concurrent.SingleThreadEventExecutor$5.run(SingleThreadEventExecutor.java:897)
	at org.apache.ratis.thirdparty.io.netty.util.concurrent.FastThreadLocalRunnable.run(FastThreadLocalRunnable.java:30)
	... 1 more
Caused by: java.net.ConnectException: Connection refused
	... 11 more
2019-10-18 13:08:14,432 [7d69770b-3355-4a82-aab2-02db9382227d@group-EC3E8056A4BB-LeaderElection637] INFO  impl.RaftServerImpl (ServerState.java:setLeader(256)) - 7d69770b-3355-4a82-aab2-02db9382227d@group-EC3E8056A4BB: change Leader from null to 7d69770b-3355-4a82-aab2-02db9382227d at term 4 for becomeLeader, leader elected after 6824ms
2019-10-18 13:08:14,432 [0e280119-6e3a-4f2d-a3bb-534f53e1c036@group-61F4B561E702-LeaderElection624] INFO  impl.LeaderElection (LeaderElection.java:logAndReturn(56)) - 0e280119-6e3a-4f2d-a3bb-534f53e1c036@group-61F4B561E702-LeaderElection624: Election REJECTED; received 1 response(s) [0e280119-6e3a-4f2d-a3bb-534f53e1c036<-7d69770b-3355-4a82-aab2-02db9382227d#0:FAIL-t9] and 1 exception(s); 0e280119-6e3a-4f2d-a3bb-534f53e1c036@group-61F4B561E702:t9, leader=null, voted=0e280119-6e3a-4f2d-a3bb-534f53e1c036, raftlog=0e280119-6e3a-4f2d-a3bb-534f53e1c036@group-61F4B561E702-SegmentedRaftLog:OPENED:c-1,f-1,i0, conf=-1: [7d69770b-3355-4a82-aab2-02db9382227d:192.168.34.56:33301, f7720aae-b5ab-43ae-a8f0-7922fdbaf311:192.168.34.56:46404, 0e280119-6e3a-4f2d-a3bb-534f53e1c036:192.168.34.56:35105], old=null
2019-10-18 13:08:14,432 [7d69770b-3355-4a82-aab2-02db9382227d@group-EC3E8056A4BB-LeaderElection637] INFO  server.RaftServerConfigKeys (ConfUtils.java:logGet(43)) - raft.server.staging.catchup.gap = 1000 (default)
2019-10-18 13:08:14,432 [0e280119-6e3a-4f2d-a3bb-534f53e1c036@group-9A2401E47D95-LeaderElection638] INFO  impl.RoleInfo (RoleInfo.java:shutdownLeaderElection(134)) - 0e280119-6e3a-4f2d-a3bb-534f53e1c036: shutdown LeaderElection
2019-10-18 13:08:14,432 [7d69770b-3355-4a82-aab2-02db9382227d@group-EC3E8056A4BB-LeaderElection637] INFO  server.RaftServerConfigKeys (ConfUtils.java:logGet(43)) - raft.server.rpc.sleep.time = 25ms (default)
2019-10-18 13:08:14,432 [0e280119-6e3a-4f2d-a3bb-534f53e1c036@group-61F4B561E702-LeaderElection624] INFO  impl.LeaderElection (LogUtils.java:infoOrTrace(149)) -   Exception 0: {}
java.util.concurrent.ExecutionException: org.apache.ratis.thirdparty.io.grpc.StatusRuntimeException: UNAVAILABLE: io exception
	at java.util.concurrent.FutureTask.report(FutureTask.java:122)
	at java.util.concurrent.FutureTask.get(FutureTask.java:192)
	at org.apache.ratis.server.impl.LeaderElection.waitForResults(LeaderElection.java:259)
	at org.apache.ratis.server.impl.LeaderElection.askForVotes(LeaderElection.java:197)
	at org.apache.ratis.server.impl.LeaderElection.run(LeaderElection.java:133)
	at java.lang.Thread.run(Thread.java:748)
Caused by: org.apache.ratis.thirdparty.io.grpc.StatusRuntimeException: UNAVAILABLE: io exception
	at org.apache.ratis.thirdparty.io.grpc.stub.ClientCalls.toStatusRuntimeException(ClientCalls.java:233)
	at org.apache.ratis.thirdparty.io.grpc.stub.ClientCalls.getUnchecked(ClientCalls.java:214)
	at org.apache.ratis.thirdparty.io.grpc.stub.ClientCalls.blockingUnaryCall(ClientCalls.java:139)
	at org.apache.ratis.proto.grpc.RaftServerProtocolServiceGrpc$RaftServerProtocolServiceBlockingStub.requestVote(RaftServerProtocolServiceGrpc.java:265)
	at org.apache.ratis.grpc.server.GrpcServerProtocolClient.requestVote(GrpcServerProtocolClient.java:99)
	at org.apache.ratis.grpc.server.GrpcService.requestVote(GrpcService.java:204)
	at org.apache.ratis.server.impl.LeaderElection.lambda$submitRequests$1(LeaderElection.java:234)
	at java.util.concurrent.FutureTask.run(FutureTask.java:266)
	at java.util.concurrent.Executors$RunnableAdapter.call(Executors.java:511)
	at java.util.concurrent.FutureTask.run(FutureTask.java:266)
	at java.util.concurrent.ThreadPoolExecutor.runWorker(ThreadPoolExecutor.java:1149)
	at java.util.concurrent.ThreadPoolExecutor$Worker.run(ThreadPoolExecutor.java:624)
	... 1 more
Caused by: org.apache.ratis.thirdparty.io.netty.channel.AbstractChannel$AnnotatedConnectException: Connection refused: /192.168.34.56:46404
	at sun.nio.ch.SocketChannelImpl.checkConnect(Native Method)
	at sun.nio.ch.SocketChannelImpl.finishConnect(SocketChannelImpl.java:717)
	at org.apache.ratis.thirdparty.io.netty.channel.socket.nio.NioSocketChannel.doFinishConnect(NioSocketChannel.java:327)
	at org.apache.ratis.thirdparty.io.netty.channel.nio.AbstractNioChannel$AbstractNioUnsafe.finishConnect(AbstractNioChannel.java:340)
	at org.apache.ratis.thirdparty.io.netty.channel.nio.NioEventLoop.processSelectedKey(NioEventLoop.java:632)
	at org.apache.ratis.thirdparty.io.netty.channel.nio.NioEventLoop.processSelectedKeysOptimized(NioEventLoop.java:579)
	at org.apache.ratis.thirdparty.io.netty.channel.nio.NioEventLoop.processSelectedKeys(NioEventLoop.java:496)
	at org.apache.ratis.thirdparty.io.netty.channel.nio.NioEventLoop.run(NioEventLoop.java:458)
	at org.apache.ratis.thirdparty.io.netty.util.concurrent.SingleThreadEventExecutor$5.run(SingleThreadEventExecutor.java:897)
	at org.apache.ratis.thirdparty.io.netty.util.concurrent.FastThreadLocalRunnable.run(FastThreadLocalRunnable.java:30)
	... 1 more
Caused by: java.net.ConnectException: Connection refused
	... 11 more
2019-10-18 13:08:14,433 [7d69770b-3355-4a82-aab2-02db9382227d@group-EC3E8056A4BB-LeaderElection637] INFO  server.RaftServerConfigKeys (ConfUtils.java:logGet(43)) - raft.server.write.element-limit = 4096 (default)
2019-10-18 13:08:14,433 [0e280119-6e3a-4f2d-a3bb-534f53e1c036@group-9A2401E47D95-LeaderElection638] INFO  impl.RaftServerImpl (RaftServerImpl.java:setRole(184)) - 0e280119-6e3a-4f2d-a3bb-534f53e1c036@group-9A2401E47D95: changes role from CANDIDATE to LEADER at term 4 for changeToLeader
2019-10-18 13:08:14,433 [7d69770b-3355-4a82-aab2-02db9382227d@group-EC3E8056A4BB-LeaderElection637] INFO  server.RaftServerConfigKeys (ConfUtils.java:logGet(43)) - raft.server.watch.timeout = 10s (default)
2019-10-18 13:08:14,433 [0e280119-6e3a-4f2d-a3bb-534f53e1c036@group-61F4B561E702-LeaderElection624] INFO  impl.RaftServerImpl (RaftServerImpl.java:setRole(184)) - 0e280119-6e3a-4f2d-a3bb-534f53e1c036@group-61F4B561E702: changes role from CANDIDATE to FOLLOWER at term 9 for DISCOVERED_A_NEW_TERM
2019-10-18 13:08:14,433 [7d69770b-3355-4a82-aab2-02db9382227d@group-EC3E8056A4BB-LeaderElection637] INFO  server.RaftServerConfigKeys (ConfUtils.java:logGet(43)) - raft.server.watch.timeout.denomination = 1s (default)
2019-10-18 13:08:14,433 [0e280119-6e3a-4f2d-a3bb-534f53e1c036@group-9A2401E47D95-LeaderElection638] INFO  impl.RaftServerImpl (ServerState.java:setLeader(256)) - 0e280119-6e3a-4f2d-a3bb-534f53e1c036@group-9A2401E47D95: change Leader from null to 0e280119-6e3a-4f2d-a3bb-534f53e1c036 at term 4 for becomeLeader, leader elected after 15650ms
2019-10-18 13:08:14,433 [7d69770b-3355-4a82-aab2-02db9382227d@group-EC3E8056A4BB-LeaderElection637] INFO  server.RaftServerConfigKeys (ConfUtils.java:logGet(43)) - raft.server.watch.element-limit = 65536 (default)
2019-10-18 13:08:14,434 [0e280119-6e3a-4f2d-a3bb-534f53e1c036@group-9A2401E47D95-LeaderElection638] INFO  server.RaftServerConfigKeys (ConfUtils.java:logGet(43)) - raft.server.staging.catchup.gap = 1000 (default)
2019-10-18 13:08:14,434 [0e280119-6e3a-4f2d-a3bb-534f53e1c036@group-9A2401E47D95-LeaderElection638] INFO  server.RaftServerConfigKeys (ConfUtils.java:logGet(43)) - raft.server.rpc.sleep.time = 25ms (default)
2019-10-18 13:08:14,433 [0e280119-6e3a-4f2d-a3bb-534f53e1c036@group-61F4B561E702-LeaderElection624] INFO  impl.RoleInfo (RoleInfo.java:shutdownLeaderElection(134)) - 0e280119-6e3a-4f2d-a3bb-534f53e1c036: shutdown LeaderElection
2019-10-18 13:08:14,434 [0e280119-6e3a-4f2d-a3bb-534f53e1c036@group-9A2401E47D95-LeaderElection638] INFO  server.RaftServerConfigKeys (ConfUtils.java:logGet(43)) - raft.server.write.element-limit = 4096 (default)
2019-10-18 13:08:14,434 [0e280119-6e3a-4f2d-a3bb-534f53e1c036@group-61F4B561E702-LeaderElection624] INFO  impl.RoleInfo (RoleInfo.java:updateAndGet(143)) - 0e280119-6e3a-4f2d-a3bb-534f53e1c036: start FollowerState
2019-10-18 13:08:14,434 [0e280119-6e3a-4f2d-a3bb-534f53e1c036@group-9A2401E47D95-LeaderElection638] INFO  server.RaftServerConfigKeys (ConfUtils.java:logGet(43)) - raft.server.watch.timeout = 10s (default)
2019-10-18 13:08:14,434 [0e280119-6e3a-4f2d-a3bb-534f53e1c036@group-9A2401E47D95-LeaderElection638] INFO  server.RaftServerConfigKeys (ConfUtils.java:logGet(43)) - raft.server.watch.timeout.denomination = 1s (default)
2019-10-18 13:08:14,434 [0e280119-6e3a-4f2d-a3bb-534f53e1c036@group-9A2401E47D95-LeaderElection638] INFO  server.RaftServerConfigKeys (ConfUtils.java:logGet(43)) - raft.server.watch.element-limit = 65536 (default)
2019-10-18 13:08:14,435 [7d69770b-3355-4a82-aab2-02db9382227d@group-EC3E8056A4BB-LeaderElection637] INFO  server.RaftServerConfigKeys (ConfUtils.java:logGet(43)) - raft.server.log.appender.snapshot.chunk.size.max = 16MB (=16777216) (default)
2019-10-18 13:08:14,435 [7d69770b-3355-4a82-aab2-02db9382227d@group-EC3E8056A4BB-LeaderElection637] INFO  server.RaftServerConfigKeys (ConfUtils.java:logGet(43)) - raft.server.log.appender.buffer.byte-limit = 33554432 (custom)
2019-10-18 13:08:14,436 [7d69770b-3355-4a82-aab2-02db9382227d@group-EC3E8056A4BB-LeaderElection637] INFO  server.RaftServerConfigKeys (ConfUtils.java:logGet(43)) - raft.server.log.appender.buffer.element-limit = 1 (custom)
2019-10-18 13:08:14,436 [7d69770b-3355-4a82-aab2-02db9382227d@group-EC3E8056A4BB-LeaderElection637] INFO  grpc.GrpcConfigKeys$Server (ConfUtils.java:logGet(43)) - raft.grpc.server.leader.outstanding.appends.max = 128 (default)
2019-10-18 13:08:14,436 [0e280119-6e3a-4f2d-a3bb-534f53e1c036@group-9A2401E47D95-LeaderElection638] INFO  server.RaftServerConfigKeys (ConfUtils.java:logGet(43)) - raft.server.log.appender.snapshot.chunk.size.max = 16MB (=16777216) (default)
2019-10-18 13:08:14,436 [7d69770b-3355-4a82-aab2-02db9382227d@group-EC3E8056A4BB-LeaderElection637] INFO  server.RaftServerConfigKeys (ConfUtils.java:logGet(43)) - raft.server.rpc.request.timeout = 3000ms (default)
2019-10-18 13:08:14,436 [0e280119-6e3a-4f2d-a3bb-534f53e1c036@group-9A2401E47D95-LeaderElection638] INFO  server.RaftServerConfigKeys (ConfUtils.java:logGet(43)) - raft.server.log.appender.buffer.byte-limit = 33554432 (custom)
2019-10-18 13:08:14,436 [7d69770b-3355-4a82-aab2-02db9382227d@group-EC3E8056A4BB-LeaderElection637] INFO  server.RaftServerConfigKeys (ConfUtils.java:logGet(43)) - raft.server.log.appender.install.snapshot.enabled = false (custom)
2019-10-18 13:08:14,436 [0e280119-6e3a-4f2d-a3bb-534f53e1c036@group-9A2401E47D95-LeaderElection638] INFO  server.RaftServerConfigKeys (ConfUtils.java:logGet(43)) - raft.server.log.appender.buffer.element-limit = 1 (custom)
2019-10-18 13:08:14,436 [0e280119-6e3a-4f2d-a3bb-534f53e1c036@group-9A2401E47D95-LeaderElection638] INFO  grpc.GrpcConfigKeys$Server (ConfUtils.java:logGet(43)) - raft.grpc.server.leader.outstanding.appends.max = 128 (default)
2019-10-18 13:08:14,437 [0e280119-6e3a-4f2d-a3bb-534f53e1c036@group-9A2401E47D95-LeaderElection638] INFO  server.RaftServerConfigKeys (ConfUtils.java:logGet(43)) - raft.server.rpc.request.timeout = 3000ms (default)
2019-10-18 13:08:14,437 [0e280119-6e3a-4f2d-a3bb-534f53e1c036@group-9A2401E47D95-LeaderElection638] INFO  server.RaftServerConfigKeys (ConfUtils.java:logGet(43)) - raft.server.log.appender.install.snapshot.enabled = false (custom)
2019-10-18 13:08:14,438 [Datanode State Machine Thread - 0] INFO  statemachine.DatanodeStateMachine (DatanodeStateMachine.java:lambda$startDaemon$0(350)) - Ozone container server started.
2019-10-18 13:08:14,438 [7d69770b-3355-4a82-aab2-02db9382227d@group-EC3E8056A4BB-LeaderElection637] INFO  server.RaftServerConfigKeys (ConfUtils.java:logGet(43)) - raft.server.log.appender.snapshot.chunk.size.max = 16MB (=16777216) (default)
2019-10-18 13:08:14,438 [7d69770b-3355-4a82-aab2-02db9382227d@group-EC3E8056A4BB-LeaderElection637] INFO  server.RaftServerConfigKeys (ConfUtils.java:logGet(43)) - raft.server.log.appender.buffer.byte-limit = 33554432 (custom)
2019-10-18 13:08:14,439 [7d69770b-3355-4a82-aab2-02db9382227d@group-EC3E8056A4BB-LeaderElection637] INFO  server.RaftServerConfigKeys (ConfUtils.java:logGet(43)) - raft.server.log.appender.buffer.element-limit = 1 (custom)
2019-10-18 13:08:14,439 [0e280119-6e3a-4f2d-a3bb-534f53e1c036@group-9A2401E47D95-LeaderElection638] INFO  server.RaftServerConfigKeys (ConfUtils.java:logGet(43)) - raft.server.log.appender.snapshot.chunk.size.max = 16MB (=16777216) (default)
2019-10-18 13:08:14,439 [7d69770b-3355-4a82-aab2-02db9382227d@group-EC3E8056A4BB-LeaderElection637] INFO  grpc.GrpcConfigKeys$Server (ConfUtils.java:logGet(43)) - raft.grpc.server.leader.outstanding.appends.max = 128 (default)
2019-10-18 13:08:14,439 [0e280119-6e3a-4f2d-a3bb-534f53e1c036@group-9A2401E47D95-LeaderElection638] INFO  server.RaftServerConfigKeys (ConfUtils.java:logGet(43)) - raft.server.log.appender.buffer.byte-limit = 33554432 (custom)
2019-10-18 13:08:14,439 [7d69770b-3355-4a82-aab2-02db9382227d@group-EC3E8056A4BB-LeaderElection637] INFO  server.RaftServerConfigKeys (ConfUtils.java:logGet(43)) - raft.server.rpc.request.timeout = 3000ms (default)
2019-10-18 13:08:14,439 [0e280119-6e3a-4f2d-a3bb-534f53e1c036@group-9A2401E47D95-LeaderElection638] INFO  server.RaftServerConfigKeys (ConfUtils.java:logGet(43)) - raft.server.log.appender.buffer.element-limit = 1 (custom)
2019-10-18 13:08:14,439 [7d69770b-3355-4a82-aab2-02db9382227d@group-EC3E8056A4BB-LeaderElection637] INFO  server.RaftServerConfigKeys (ConfUtils.java:logGet(43)) - raft.server.log.appender.install.snapshot.enabled = false (custom)
2019-10-18 13:08:14,439 [0e280119-6e3a-4f2d-a3bb-534f53e1c036@group-9A2401E47D95-LeaderElection638] INFO  grpc.GrpcConfigKeys$Server (ConfUtils.java:logGet(43)) - raft.grpc.server.leader.outstanding.appends.max = 128 (default)
2019-10-18 13:08:14,440 [0e280119-6e3a-4f2d-a3bb-534f53e1c036@group-9A2401E47D95-LeaderElection638] INFO  server.RaftServerConfigKeys (ConfUtils.java:logGet(43)) - raft.server.rpc.request.timeout = 3000ms (default)
2019-10-18 13:08:14,440 [0e280119-6e3a-4f2d-a3bb-534f53e1c036@group-9A2401E47D95-LeaderElection638] INFO  server.RaftServerConfigKeys (ConfUtils.java:logGet(43)) - raft.server.log.appender.install.snapshot.enabled = false (custom)
2019-10-18 13:08:14,442 [7d69770b-3355-4a82-aab2-02db9382227d@group-EC3E8056A4BB-LeaderElection637] INFO  impl.RoleInfo (RoleInfo.java:updateAndGet(143)) - 7d69770b-3355-4a82-aab2-02db9382227d: start LeaderState
2019-10-18 13:08:14,442 [0e280119-6e3a-4f2d-a3bb-534f53e1c036@group-9A2401E47D95-LeaderElection638] INFO  impl.RoleInfo (RoleInfo.java:updateAndGet(143)) - 0e280119-6e3a-4f2d-a3bb-534f53e1c036: start LeaderState
2019-10-18 13:08:14,443 [0e280119-6e3a-4f2d-a3bb-534f53e1c036@group-9A2401E47D95-LeaderElection638] INFO  segmented.SegmentedRaftLogWorker (SegmentedRaftLogWorker.java:startLogSegment(385)) - 0e280119-6e3a-4f2d-a3bb-534f53e1c036@group-9A2401E47D95-SegmentedRaftLogWorker: Starting segment from index:0
2019-10-18 13:08:14,443 [7d69770b-3355-4a82-aab2-02db9382227d@group-EC3E8056A4BB-LeaderElection637] INFO  segmented.SegmentedRaftLogWorker (SegmentedRaftLogWorker.java:startLogSegment(385)) - 7d69770b-3355-4a82-aab2-02db9382227d@group-EC3E8056A4BB-SegmentedRaftLogWorker: Starting segment from index:0
2019-10-18 13:08:14,443 [0e280119-6e3a-4f2d-a3bb-534f53e1c036@group-9A2401E47D95-LeaderElection638] INFO  impl.RaftServerImpl (ServerState.java:setRaftConf(357)) - 0e280119-6e3a-4f2d-a3bb-534f53e1c036@group-9A2401E47D95: set configuration 0: [7d69770b-3355-4a82-aab2-02db9382227d:192.168.34.56:33301, f7720aae-b5ab-43ae-a8f0-7922fdbaf311:192.168.34.56:46404, 0e280119-6e3a-4f2d-a3bb-534f53e1c036:192.168.34.56:35105], old=null at 0
2019-10-18 13:08:14,443 [7d69770b-3355-4a82-aab2-02db9382227d@group-EC3E8056A4BB-LeaderElection637] INFO  impl.RaftServerImpl (ServerState.java:setRaftConf(357)) - 7d69770b-3355-4a82-aab2-02db9382227d@group-EC3E8056A4BB: set configuration 0: [7d69770b-3355-4a82-aab2-02db9382227d:192.168.34.56:33301, f7720aae-b5ab-43ae-a8f0-7922fdbaf311:192.168.34.56:46404, 0e280119-6e3a-4f2d-a3bb-534f53e1c036:192.168.34.56:35105], old=null at 0
2019-10-18 13:08:14,447 [grpc-default-executor-5] WARN  server.GrpcLogAppender (LogUtils.java:warn(134)) - 0e280119-6e3a-4f2d-a3bb-534f53e1c036@group-9A2401E47D95->f7720aae-b5ab-43ae-a8f0-7922fdbaf311-AppendLogResponseHandler: Failed appendEntries: org.apache.ratis.thirdparty.io.grpc.StatusRuntimeException: UNAVAILABLE: io exception
2019-10-18 13:08:14,447 [grpc-default-executor-16] WARN  server.GrpcLogAppender (LogUtils.java:warn(134)) - 7d69770b-3355-4a82-aab2-02db9382227d@group-EC3E8056A4BB->f7720aae-b5ab-43ae-a8f0-7922fdbaf311-AppendLogResponseHandler: Failed appendEntries: org.apache.ratis.thirdparty.io.grpc.StatusRuntimeException: UNAVAILABLE: io exception
2019-10-18 13:08:14,447 [7d69770b-3355-4a82-aab2-02db9382227d@group-61F4B561E702-LeaderElection640] INFO  impl.LeaderElection (LeaderElection.java:askForVotes(178)) - 7d69770b-3355-4a82-aab2-02db9382227d@group-61F4B561E702-LeaderElection640: begin an election at term 10 for -1: [7d69770b-3355-4a82-aab2-02db9382227d:192.168.34.56:33301, f7720aae-b5ab-43ae-a8f0-7922fdbaf311:192.168.34.56:46404, 0e280119-6e3a-4f2d-a3bb-534f53e1c036:192.168.34.56:35105], old=null
2019-10-18 13:08:14,447 [7d69770b-3355-4a82-aab2-02db9382227d@group-61F4B561E702-LeaderElection639] INFO  impl.LeaderElection (LeaderElection.java:logAndReturn(56)) - 7d69770b-3355-4a82-aab2-02db9382227d@group-61F4B561E702-LeaderElection639: Election REJECTED; received 0 response(s) [] and 0 exception(s); 7d69770b-3355-4a82-aab2-02db9382227d@group-61F4B561E702:t10, leader=null, voted=7d69770b-3355-4a82-aab2-02db9382227d, raftlog=7d69770b-3355-4a82-aab2-02db9382227d@group-61F4B561E702-SegmentedRaftLog:OPENED:c-1,f-1,i0, conf=-1: [7d69770b-3355-4a82-aab2-02db9382227d:192.168.34.56:33301, f7720aae-b5ab-43ae-a8f0-7922fdbaf311:192.168.34.56:46404, 0e280119-6e3a-4f2d-a3bb-534f53e1c036:192.168.34.56:35105], old=null
2019-10-18 13:08:14,448 [grpc-default-executor-6] INFO  impl.RaftServerImpl (ServerState.java:setLeader(256)) - 7d69770b-3355-4a82-aab2-02db9382227d@group-9A2401E47D95: change Leader from null to 0e280119-6e3a-4f2d-a3bb-534f53e1c036 at term 4 for appendEntries, leader elected after 15664ms
2019-10-18 13:08:14,448 [7d69770b-3355-4a82-aab2-02db9382227d@group-61F4B561E702-LeaderElection640] INFO  impl.LeaderElection (LogUtils.java:infoOrTrace(149)) - 7d69770b-3355-4a82-aab2-02db9382227d@group-61F4B561E702-LeaderElection640 got exception when requesting votes: {}
java.util.concurrent.ExecutionException: org.apache.ratis.thirdparty.io.grpc.StatusRuntimeException: UNAVAILABLE: io exception
	at java.util.concurrent.FutureTask.report(FutureTask.java:122)
	at java.util.concurrent.FutureTask.get(FutureTask.java:192)
	at org.apache.ratis.server.impl.LeaderElection.waitForResults(LeaderElection.java:259)
	at org.apache.ratis.server.impl.LeaderElection.askForVotes(LeaderElection.java:197)
	at org.apache.ratis.server.impl.LeaderElection.run(LeaderElection.java:133)
	at java.lang.Thread.run(Thread.java:748)
Caused by: org.apache.ratis.thirdparty.io.grpc.StatusRuntimeException: UNAVAILABLE: io exception
	at org.apache.ratis.thirdparty.io.grpc.stub.ClientCalls.toStatusRuntimeException(ClientCalls.java:233)
	at org.apache.ratis.thirdparty.io.grpc.stub.ClientCalls.getUnchecked(ClientCalls.java:214)
	at org.apache.ratis.thirdparty.io.grpc.stub.ClientCalls.blockingUnaryCall(ClientCalls.java:139)
	at org.apache.ratis.proto.grpc.RaftServerProtocolServiceGrpc$RaftServerProtocolServiceBlockingStub.requestVote(RaftServerProtocolServiceGrpc.java:265)
	at org.apache.ratis.grpc.server.GrpcServerProtocolClient.requestVote(GrpcServerProtocolClient.java:99)
	at org.apache.ratis.grpc.server.GrpcService.requestVote(GrpcService.java:204)
	at org.apache.ratis.server.impl.LeaderElection.lambda$submitRequests$1(LeaderElection.java:234)
	at java.util.concurrent.FutureTask.run(FutureTask.java:266)
	at java.util.concurrent.Executors$RunnableAdapter.call(Executors.java:511)
	at java.util.concurrent.FutureTask.run(FutureTask.java:266)
	at java.util.concurrent.ThreadPoolExecutor.runWorker(ThreadPoolExecutor.java:1149)
	at java.util.concurrent.ThreadPoolExecutor$Worker.run(ThreadPoolExecutor.java:624)
	... 1 more
Caused by: org.apache.ratis.thirdparty.io.netty.channel.AbstractChannel$AnnotatedConnectException: Connection refused: /192.168.34.56:46404
	at sun.nio.ch.SocketChannelImpl.checkConnect(Native Method)
	at sun.nio.ch.SocketChannelImpl.finishConnect(SocketChannelImpl.java:717)
	at org.apache.ratis.thirdparty.io.netty.channel.socket.nio.NioSocketChannel.doFinishConnect(NioSocketChannel.java:327)
	at org.apache.ratis.thirdparty.io.netty.channel.nio.AbstractNioChannel$AbstractNioUnsafe.finishConnect(AbstractNioChannel.java:340)
	at org.apache.ratis.thirdparty.io.netty.channel.nio.NioEventLoop.processSelectedKey(NioEventLoop.java:632)
	at org.apache.ratis.thirdparty.io.netty.channel.nio.NioEventLoop.processSelectedKeysOptimized(NioEventLoop.java:579)
	at org.apache.ratis.thirdparty.io.netty.channel.nio.NioEventLoop.processSelectedKeys(NioEventLoop.java:496)
	at org.apache.ratis.thirdparty.io.netty.channel.nio.NioEventLoop.run(NioEventLoop.java:458)
	at org.apache.ratis.thirdparty.io.netty.util.concurrent.SingleThreadEventExecutor$5.run(SingleThreadEventExecutor.java:897)
	at org.apache.ratis.thirdparty.io.netty.util.concurrent.FastThreadLocalRunnable.run(FastThreadLocalRunnable.java:30)
	... 1 more
Caused by: java.net.ConnectException: Connection refused
	... 11 more
2019-10-18 13:08:14,448 [grpc-default-executor-2] INFO  impl.RaftServerImpl (ServerState.java:setLeader(256)) - 0e280119-6e3a-4f2d-a3bb-534f53e1c036@group-EC3E8056A4BB: change Leader from null to 7d69770b-3355-4a82-aab2-02db9382227d at term 4 for appendEntries, leader elected after 6840ms
2019-10-18 13:08:14,449 [grpc-default-executor-17] INFO  impl.RaftServerImpl (RaftServerImpl.java:setRole(184)) - 0e280119-6e3a-4f2d-a3bb-534f53e1c036@group-61F4B561E702: changes role from  FOLLOWER to FOLLOWER at term 10 for recognizeCandidate:7d69770b-3355-4a82-aab2-02db9382227d
2019-10-18 13:08:14,449 [grpc-default-executor-17] INFO  impl.RoleInfo (RoleInfo.java:shutdownFollowerState(121)) - 0e280119-6e3a-4f2d-a3bb-534f53e1c036: shutdown FollowerState
2019-10-18 13:08:14,449 [grpc-default-executor-17] INFO  impl.RoleInfo (RoleInfo.java:updateAndGet(143)) - 0e280119-6e3a-4f2d-a3bb-534f53e1c036: start FollowerState
2019-10-18 13:08:14,449 [Thread-6252] INFO  impl.FollowerState (FollowerState.java:run(117)) - 0e280119-6e3a-4f2d-a3bb-534f53e1c036@group-61F4B561E702-FollowerState was interrupted: java.lang.InterruptedException: sleep interrupted
2019-10-18 13:08:14,450 [grpc-default-executor-6] INFO  impl.RaftServerImpl (ServerState.java:setRaftConf(357)) - 7d69770b-3355-4a82-aab2-02db9382227d@group-9A2401E47D95: set configuration 0: [7d69770b-3355-4a82-aab2-02db9382227d:192.168.34.56:33301, f7720aae-b5ab-43ae-a8f0-7922fdbaf311:192.168.34.56:46404, 0e280119-6e3a-4f2d-a3bb-534f53e1c036:192.168.34.56:35105], old=null at 0
2019-10-18 13:08:14,450 [grpc-default-executor-6] INFO  segmented.SegmentedRaftLogWorker (SegmentedRaftLogWorker.java:startLogSegment(385)) - 7d69770b-3355-4a82-aab2-02db9382227d@group-9A2401E47D95-SegmentedRaftLogWorker: Starting segment from index:0
2019-10-18 13:08:14,450 [grpc-default-executor-2] INFO  impl.RaftServerImpl (ServerState.java:setRaftConf(357)) - 0e280119-6e3a-4f2d-a3bb-534f53e1c036@group-EC3E8056A4BB: set configuration 0: [7d69770b-3355-4a82-aab2-02db9382227d:192.168.34.56:33301, f7720aae-b5ab-43ae-a8f0-7922fdbaf311:192.168.34.56:46404, 0e280119-6e3a-4f2d-a3bb-534f53e1c036:192.168.34.56:35105], old=null at 0
2019-10-18 13:08:14,451 [grpc-default-executor-2] INFO  segmented.SegmentedRaftLogWorker (SegmentedRaftLogWorker.java:startLogSegment(385)) - 0e280119-6e3a-4f2d-a3bb-534f53e1c036@group-EC3E8056A4BB-SegmentedRaftLogWorker: Starting segment from index:0
2019-10-18 13:08:14,566 [0e280119-6e3a-4f2d-a3bb-534f53e1c036@group-EC3E8056A4BB-SegmentedRaftLogWorker] INFO  segmented.SegmentedRaftLogWorker (SegmentedRaftLogWorker.java:execute(576)) - 0e280119-6e3a-4f2d-a3bb-534f53e1c036@group-EC3E8056A4BB-SegmentedRaftLogWorker: created new log segment /workdir/hadoop-ozone/integration-test/target/test-dir/MiniOzoneClusterImpl-a51cb6f9-69a9-44ea-bf2b-ac78a0e144b1/datanode-1/data/ratis/d6c9f8e0-f741-451e-b20f-ec3e8056a4bb/current/log_inprogress_0
2019-10-18 13:08:14,566 [7d69770b-3355-4a82-aab2-02db9382227d@group-EC3E8056A4BB-SegmentedRaftLogWorker] INFO  segmented.SegmentedRaftLogWorker (SegmentedRaftLogWorker.java:execute(576)) - 7d69770b-3355-4a82-aab2-02db9382227d@group-EC3E8056A4BB-SegmentedRaftLogWorker: created new log segment /workdir/hadoop-ozone/integration-test/target/test-dir/MiniOzoneClusterImpl-a51cb6f9-69a9-44ea-bf2b-ac78a0e144b1/datanode-9/data/ratis/d6c9f8e0-f741-451e-b20f-ec3e8056a4bb/current/log_inprogress_0
2019-10-18 13:08:14,566 [0e280119-6e3a-4f2d-a3bb-534f53e1c036@group-9A2401E47D95-SegmentedRaftLogWorker] INFO  segmented.SegmentedRaftLogWorker (SegmentedRaftLogWorker.java:execute(576)) - 0e280119-6e3a-4f2d-a3bb-534f53e1c036@group-9A2401E47D95-SegmentedRaftLogWorker: created new log segment /workdir/hadoop-ozone/integration-test/target/test-dir/MiniOzoneClusterImpl-a51cb6f9-69a9-44ea-bf2b-ac78a0e144b1/datanode-1/data/ratis/56076cc2-019a-40e8-b5da-9a2401e47d95/current/log_inprogress_0
2019-10-18 13:08:14,566 [7d69770b-3355-4a82-aab2-02db9382227d@group-9A2401E47D95-SegmentedRaftLogWorker] INFO  segmented.SegmentedRaftLogWorker (SegmentedRaftLogWorker.java:execute(576)) - 7d69770b-3355-4a82-aab2-02db9382227d@group-9A2401E47D95-SegmentedRaftLogWorker: created new log segment /workdir/hadoop-ozone/integration-test/target/test-dir/MiniOzoneClusterImpl-a51cb6f9-69a9-44ea-bf2b-ac78a0e144b1/datanode-9/data/ratis/56076cc2-019a-40e8-b5da-9a2401e47d95/current/log_inprogress_0
2019-10-18 13:08:14,567 [7d69770b-3355-4a82-aab2-02db9382227d@group-61F4B561E702-LeaderElection640] INFO  impl.LeaderElection (LeaderElection.java:logAndReturn(56)) - 7d69770b-3355-4a82-aab2-02db9382227d@group-61F4B561E702-LeaderElection640: Election PASSED; received 1 response(s) [7d69770b-3355-4a82-aab2-02db9382227d<-0e280119-6e3a-4f2d-a3bb-534f53e1c036#0:OK-t10] and 1 exception(s); 7d69770b-3355-4a82-aab2-02db9382227d@group-61F4B561E702:t10, leader=null, voted=7d69770b-3355-4a82-aab2-02db9382227d, raftlog=7d69770b-3355-4a82-aab2-02db9382227d@group-61F4B561E702-SegmentedRaftLog:OPENED:c-1,f-1,i0, conf=-1: [7d69770b-3355-4a82-aab2-02db9382227d:192.168.34.56:33301, f7720aae-b5ab-43ae-a8f0-7922fdbaf311:192.168.34.56:46404, 0e280119-6e3a-4f2d-a3bb-534f53e1c036:192.168.34.56:35105], old=null
2019-10-18 13:08:14,567 [7d69770b-3355-4a82-aab2-02db9382227d@group-61F4B561E702-LeaderElection640] INFO  impl.LeaderElection (LogUtils.java:infoOrTrace(149)) -   Exception 0: {}
java.util.concurrent.ExecutionException: org.apache.ratis.thirdparty.io.grpc.StatusRuntimeException: UNAVAILABLE: io exception
	at java.util.concurrent.FutureTask.report(FutureTask.java:122)
	at java.util.concurrent.FutureTask.get(FutureTask.java:192)
	at org.apache.ratis.server.impl.LeaderElection.waitForResults(LeaderElection.java:259)
	at org.apache.ratis.server.impl.LeaderElection.askForVotes(LeaderElection.java:197)
	at org.apache.ratis.server.impl.LeaderElection.run(LeaderElection.java:133)
	at java.lang.Thread.run(Thread.java:748)
Caused by: org.apache.ratis.thirdparty.io.grpc.StatusRuntimeException: UNAVAILABLE: io exception
	at org.apache.ratis.thirdparty.io.grpc.stub.ClientCalls.toStatusRuntimeException(ClientCalls.java:233)
	at org.apache.ratis.thirdparty.io.grpc.stub.ClientCalls.getUnchecked(ClientCalls.java:214)
	at org.apache.ratis.thirdparty.io.grpc.stub.ClientCalls.blockingUnaryCall(ClientCalls.java:139)
	at org.apache.ratis.proto.grpc.RaftServerProtocolServiceGrpc$RaftServerProtocolServiceBlockingStub.requestVote(RaftServerProtocolServiceGrpc.java:265)
	at org.apache.ratis.grpc.server.GrpcServerProtocolClient.requestVote(GrpcServerProtocolClient.java:99)
	at org.apache.ratis.grpc.server.GrpcService.requestVote(GrpcService.java:204)
	at org.apache.ratis.server.impl.LeaderElection.lambda$submitRequests$1(LeaderElection.java:234)
	at java.util.concurrent.FutureTask.run(FutureTask.java:266)
	at java.util.concurrent.Executors$RunnableAdapter.call(Executors.java:511)
	at java.util.concurrent.FutureTask.run(FutureTask.java:266)
	at java.util.concurrent.ThreadPoolExecutor.runWorker(ThreadPoolExecutor.java:1149)
	at java.util.concurrent.ThreadPoolExecutor$Worker.run(ThreadPoolExecutor.java:624)
	... 1 more
Caused by: org.apache.ratis.thirdparty.io.netty.channel.AbstractChannel$AnnotatedConnectException: Connection refused: /192.168.34.56:46404
	at sun.nio.ch.SocketChannelImpl.checkConnect(Native Method)
	at sun.nio.ch.SocketChannelImpl.finishConnect(SocketChannelImpl.java:717)
	at org.apache.ratis.thirdparty.io.netty.channel.socket.nio.NioSocketChannel.doFinishConnect(NioSocketChannel.java:327)
	at org.apache.ratis.thirdparty.io.netty.channel.nio.AbstractNioChannel$AbstractNioUnsafe.finishConnect(AbstractNioChannel.java:340)
	at org.apache.ratis.thirdparty.io.netty.channel.nio.NioEventLoop.processSelectedKey(NioEventLoop.java:632)
	at org.apache.ratis.thirdparty.io.netty.channel.nio.NioEventLoop.processSelectedKeysOptimized(NioEventLoop.java:579)
	at org.apache.ratis.thirdparty.io.netty.channel.nio.NioEventLoop.processSelectedKeys(NioEventLoop.java:496)
	at org.apache.ratis.thirdparty.io.netty.channel.nio.NioEventLoop.run(NioEventLoop.java:458)
	at org.apache.ratis.thirdparty.io.netty.util.concurrent.SingleThreadEventExecutor$5.run(SingleThreadEventExecutor.java:897)
	at org.apache.ratis.thirdparty.io.netty.util.concurrent.FastThreadLocalRunnable.run(FastThreadLocalRunnable.java:30)
	... 1 more
Caused by: java.net.ConnectException: Connection refused
	... 11 more
2019-10-18 13:08:14,567 [7d69770b-3355-4a82-aab2-02db9382227d@group-61F4B561E702-LeaderElection640] INFO  impl.RoleInfo (RoleInfo.java:shutdownLeaderElection(134)) - 7d69770b-3355-4a82-aab2-02db9382227d: shutdown LeaderElection
2019-10-18 13:08:14,567 [7d69770b-3355-4a82-aab2-02db9382227d@group-61F4B561E702-LeaderElection640] INFO  impl.RaftServerImpl (RaftServerImpl.java:setRole(184)) - 7d69770b-3355-4a82-aab2-02db9382227d@group-61F4B561E702: changes role from CANDIDATE to LEADER at term 10 for changeToLeader
2019-10-18 13:08:14,568 [7d69770b-3355-4a82-aab2-02db9382227d@group-61F4B561E702-LeaderElection640] INFO  impl.RaftServerImpl (ServerState.java:setLeader(256)) - 7d69770b-3355-4a82-aab2-02db9382227d@group-61F4B561E702: change Leader from null to 7d69770b-3355-4a82-aab2-02db9382227d at term 10 for becomeLeader, leader elected after 23613ms
2019-10-18 13:08:14,568 [7d69770b-3355-4a82-aab2-02db9382227d@group-61F4B561E702-LeaderElection640] INFO  server.RaftServerConfigKeys (ConfUtils.java:logGet(43)) - raft.server.staging.catchup.gap = 1000 (default)
2019-10-18 13:08:14,568 [7d69770b-3355-4a82-aab2-02db9382227d@group-61F4B561E702-LeaderElection640] INFO  server.RaftServerConfigKeys (ConfUtils.java:logGet(43)) - raft.server.rpc.sleep.time = 25ms (default)
2019-10-18 13:08:14,568 [7d69770b-3355-4a82-aab2-02db9382227d@group-61F4B561E702-LeaderElection640] INFO  server.RaftServerConfigKeys (ConfUtils.java:logGet(43)) - raft.server.write.element-limit = 4096 (default)
2019-10-18 13:08:14,568 [7d69770b-3355-4a82-aab2-02db9382227d@group-61F4B561E702-LeaderElection640] INFO  server.RaftServerConfigKeys (ConfUtils.java:logGet(43)) - raft.server.watch.timeout = 10s (default)
2019-10-18 13:08:14,568 [7d69770b-3355-4a82-aab2-02db9382227d@group-61F4B561E702-LeaderElection640] INFO  server.RaftServerConfigKeys (ConfUtils.java:logGet(43)) - raft.server.watch.timeout.denomination = 1s (default)
2019-10-18 13:08:14,568 [7d69770b-3355-4a82-aab2-02db9382227d@group-61F4B561E702-LeaderElection640] INFO  server.RaftServerConfigKeys (ConfUtils.java:logGet(43)) - raft.server.watch.element-limit = 65536 (default)
2019-10-18 13:08:14,570 [7d69770b-3355-4a82-aab2-02db9382227d@group-61F4B561E702-LeaderElection640] INFO  server.RaftServerConfigKeys (ConfUtils.java:logGet(43)) - raft.server.log.appender.snapshot.chunk.size.max = 16MB (=16777216) (default)
2019-10-18 13:08:14,570 [7d69770b-3355-4a82-aab2-02db9382227d@group-61F4B561E702-LeaderElection640] INFO  server.RaftServerConfigKeys (ConfUtils.java:logGet(43)) - raft.server.log.appender.buffer.byte-limit = 33554432 (custom)
2019-10-18 13:08:14,571 [7d69770b-3355-4a82-aab2-02db9382227d@group-61F4B561E702-LeaderElection640] INFO  server.RaftServerConfigKeys (ConfUtils.java:logGet(43)) - raft.server.log.appender.buffer.element-limit = 1 (custom)
2019-10-18 13:08:14,571 [7d69770b-3355-4a82-aab2-02db9382227d@group-61F4B561E702-LeaderElection640] INFO  grpc.GrpcConfigKeys$Server (ConfUtils.java:logGet(43)) - raft.grpc.server.leader.outstanding.appends.max = 128 (default)
2019-10-18 13:08:14,571 [7d69770b-3355-4a82-aab2-02db9382227d@group-61F4B561E702-LeaderElection640] INFO  server.RaftServerConfigKeys (ConfUtils.java:logGet(43)) - raft.server.rpc.request.timeout = 3000ms (default)
2019-10-18 13:08:14,571 [7d69770b-3355-4a82-aab2-02db9382227d@group-61F4B561E702-LeaderElection640] INFO  server.RaftServerConfigKeys (ConfUtils.java:logGet(43)) - raft.server.log.appender.install.snapshot.enabled = false (custom)
2019-10-18 13:08:14,573 [7d69770b-3355-4a82-aab2-02db9382227d@group-61F4B561E702-LeaderElection640] INFO  server.RaftServerConfigKeys (ConfUtils.java:logGet(43)) - raft.server.log.appender.snapshot.chunk.size.max = 16MB (=16777216) (default)
2019-10-18 13:08:14,573 [7d69770b-3355-4a82-aab2-02db9382227d@group-61F4B561E702-LeaderElection640] INFO  server.RaftServerConfigKeys (ConfUtils.java:logGet(43)) - raft.server.log.appender.buffer.byte-limit = 33554432 (custom)
2019-10-18 13:08:14,573 [7d69770b-3355-4a82-aab2-02db9382227d@group-61F4B561E702-LeaderElection640] INFO  server.RaftServerConfigKeys (ConfUtils.java:logGet(43)) - raft.server.log.appender.buffer.element-limit = 1 (custom)
2019-10-18 13:08:14,573 [7d69770b-3355-4a82-aab2-02db9382227d@group-61F4B561E702-LeaderElection640] INFO  grpc.GrpcConfigKeys$Server (ConfUtils.java:logGet(43)) - raft.grpc.server.leader.outstanding.appends.max = 128 (default)
2019-10-18 13:08:14,573 [7d69770b-3355-4a82-aab2-02db9382227d@group-61F4B561E702-LeaderElection640] INFO  server.RaftServerConfigKeys (ConfUtils.java:logGet(43)) - raft.server.rpc.request.timeout = 3000ms (default)
2019-10-18 13:08:14,574 [7d69770b-3355-4a82-aab2-02db9382227d@group-61F4B561E702-LeaderElection640] INFO  server.RaftServerConfigKeys (ConfUtils.java:logGet(43)) - raft.server.log.appender.install.snapshot.enabled = false (custom)
2019-10-18 13:08:14,575 [7d69770b-3355-4a82-aab2-02db9382227d@group-61F4B561E702-LeaderElection640] INFO  impl.RoleInfo (RoleInfo.java:updateAndGet(143)) - 7d69770b-3355-4a82-aab2-02db9382227d: start LeaderState
2019-10-18 13:08:14,576 [7d69770b-3355-4a82-aab2-02db9382227d@group-61F4B561E702-LeaderElection640] INFO  segmented.SegmentedRaftLogWorker (SegmentedRaftLogWorker.java:startLogSegment(385)) - 7d69770b-3355-4a82-aab2-02db9382227d@group-61F4B561E702-SegmentedRaftLogWorker: Starting segment from index:0
2019-10-18 13:08:14,576 [7d69770b-3355-4a82-aab2-02db9382227d@group-61F4B561E702-LeaderElection640] INFO  impl.RaftServerImpl (ServerState.java:setRaftConf(357)) - 7d69770b-3355-4a82-aab2-02db9382227d@group-61F4B561E702: set configuration 0: [7d69770b-3355-4a82-aab2-02db9382227d:192.168.34.56:33301, f7720aae-b5ab-43ae-a8f0-7922fdbaf311:192.168.34.56:46404, 0e280119-6e3a-4f2d-a3bb-534f53e1c036:192.168.34.56:35105], old=null at 0
2019-10-18 13:08:14,577 [grpc-default-executor-17] WARN  server.GrpcLogAppender (LogUtils.java:warn(134)) - 7d69770b-3355-4a82-aab2-02db9382227d@group-61F4B561E702->f7720aae-b5ab-43ae-a8f0-7922fdbaf311-AppendLogResponseHandler: Failed appendEntries: org.apache.ratis.thirdparty.io.grpc.StatusRuntimeException: UNAVAILABLE: io exception
2019-10-18 13:08:14,578 [grpc-default-executor-2] INFO  impl.RaftServerImpl (ServerState.java:setLeader(256)) - 0e280119-6e3a-4f2d-a3bb-534f53e1c036@group-61F4B561E702: change Leader from null to 7d69770b-3355-4a82-aab2-02db9382227d at term 10 for appendEntries, leader elected after 23623ms
2019-10-18 13:08:14,579 [grpc-default-executor-2] INFO  impl.RaftServerImpl (ServerState.java:setRaftConf(357)) - 0e280119-6e3a-4f2d-a3bb-534f53e1c036@group-61F4B561E702: set configuration 0: [7d69770b-3355-4a82-aab2-02db9382227d:192.168.34.56:33301, f7720aae-b5ab-43ae-a8f0-7922fdbaf311:192.168.34.56:46404, 0e280119-6e3a-4f2d-a3bb-534f53e1c036:192.168.34.56:35105], old=null at 0
2019-10-18 13:08:14,580 [grpc-default-executor-2] INFO  segmented.SegmentedRaftLogWorker (SegmentedRaftLogWorker.java:startLogSegment(385)) - 0e280119-6e3a-4f2d-a3bb-534f53e1c036@group-61F4B561E702-SegmentedRaftLogWorker: Starting segment from index:0
2019-10-18 13:08:14,670 [0e280119-6e3a-4f2d-a3bb-534f53e1c036@group-61F4B561E702-SegmentedRaftLogWorker] INFO  segmented.SegmentedRaftLogWorker (SegmentedRaftLogWorker.java:execute(576)) - 0e280119-6e3a-4f2d-a3bb-534f53e1c036@group-61F4B561E702-SegmentedRaftLogWorker: created new log segment /workdir/hadoop-ozone/integration-test/target/test-dir/MiniOzoneClusterImpl-a51cb6f9-69a9-44ea-bf2b-ac78a0e144b1/datanode-1/data/ratis/51cd6b5e-29da-4391-87fc-61f4b561e702/current/log_inprogress_0
2019-10-18 13:08:14,670 [7d69770b-3355-4a82-aab2-02db9382227d@group-61F4B561E702-SegmentedRaftLogWorker] INFO  segmented.SegmentedRaftLogWorker (SegmentedRaftLogWorker.java:execute(576)) - 7d69770b-3355-4a82-aab2-02db9382227d@group-61F4B561E702-SegmentedRaftLogWorker: created new log segment /workdir/hadoop-ozone/integration-test/target/test-dir/MiniOzoneClusterImpl-a51cb6f9-69a9-44ea-bf2b-ac78a0e144b1/datanode-9/data/ratis/51cd6b5e-29da-4391-87fc-61f4b561e702/current/log_inprogress_0
2019-10-18 13:08:17,447 [java.util.concurrent.ThreadPoolExecutor$Worker@513d65b2[State = -1, empty queue]] WARN  server.GrpcLogAppender (GrpcLogAppender.java:timeoutAppendRequest(209)) - 0e280119-6e3a-4f2d-a3bb-534f53e1c036@group-9A2401E47D95->f7720aae-b5ab-43ae-a8f0-7922fdbaf311-GrpcLogAppender: appendEntries Timeout, request=0e280119-6e3a-4f2d-a3bb-534f53e1c036->f7720aae-b5ab-43ae-a8f0-7922fdbaf311#0-t4, previous=(t:0, i:0), leaderCommit=-1, initializing? false, entries: <empty>
2019-10-18 13:08:17,447 [java.util.concurrent.ThreadPoolExecutor$Worker@14ac7127[State = -1, empty queue]] WARN  server.GrpcLogAppender (GrpcLogAppender.java:timeoutAppendRequest(209)) - 7d69770b-3355-4a82-aab2-02db9382227d@group-EC3E8056A4BB->f7720aae-b5ab-43ae-a8f0-7922fdbaf311-GrpcLogAppender: appendEntries Timeout, request=7d69770b-3355-4a82-aab2-02db9382227d->f7720aae-b5ab-43ae-a8f0-7922fdbaf311#0-t4, previous=(t:0, i:0), leaderCommit=-1, initializing? false, entries: <empty>
2019-10-18 13:08:17,577 [java.util.concurrent.ThreadPoolExecutor$Worker@c79628f[State = -1, empty queue]] WARN  server.GrpcLogAppender (GrpcLogAppender.java:timeoutAppendRequest(209)) - 7d69770b-3355-4a82-aab2-02db9382227d@group-61F4B561E702->f7720aae-b5ab-43ae-a8f0-7922fdbaf311-GrpcLogAppender: appendEntries Timeout, request=7d69770b-3355-4a82-aab2-02db9382227d->f7720aae-b5ab-43ae-a8f0-7922fdbaf311#0-t10, previous=(t:0, i:0), leaderCommit=-1, initializing? false, entries: <empty>
2019-10-18 13:08:18,800 [ForkJoinPool.commonPool-worker-0] INFO  ozoneimpl.OzoneContainer (OzoneContainer.java:stop(227)) - Attempting to stop container services.
2019-10-18 13:08:18,800 [ForkJoinPool.commonPool-worker-0] INFO  impl.RaftServerProxy (RaftServerProxy.java:lambda$close$4(314)) - b3df279f-d094-47d2-9a9c-b4c6f109662e: close
2019-10-18 13:08:18,800 [ForkJoinPool.commonPool-worker-0] INFO  server.GrpcService (GrpcService.java:closeImpl(164)) - b3df279f-d094-47d2-9a9c-b4c6f109662e: shutdown server with port 43868 now
2019-10-18 13:08:18,801 [ForkJoinPool.commonPool-worker-0] INFO  server.GrpcService (GrpcService.java:closeImpl(172)) - b3df279f-d094-47d2-9a9c-b4c6f109662e: shutdown server with port 43868 successfully
2019-10-18 13:08:18,802 [refreshUsed-/workdir/hadoop-ozone/integration-test/target/test-dir/MiniOzoneClusterImpl-a51cb6f9-69a9-44ea-bf2b-ac78a0e144b1/datanode-3/data/containers] WARN  fs.CachingGetSpaceUsed (CachingGetSpaceUsed.java:run(183)) - Thread Interrupted waiting to refresh disk information: sleep interrupted
2019-10-18 13:08:18,821 [ForkJoinPool.commonPool-worker-0] INFO  utils.BackgroundService (BackgroundService.java:shutdown(151)) - Shutting down service BlockDeletingService
2019-10-18 13:08:18,826 [ForkJoinPool.commonPool-worker-0] INFO  statemachine.DatanodeStateMachine (DatanodeStateMachine.java:stopDaemon(395)) - Ozone container server stopped.
2019-10-18 13:08:18,832 [ForkJoinPool.commonPool-worker-0] INFO  handler.ContextHandler (ContextHandler.java:doStop(910)) - Stopped o.e.j.w.WebAppContext@4aed311e{/,null,UNAVAILABLE}{/hddsDatanode}
2019-10-18 13:08:18,833 [ForkJoinPool.commonPool-worker-0] INFO  server.AbstractConnector (AbstractConnector.java:doStop(318)) - Stopped ServerConnector@4c38cd16{HTTP/1.1,[http/1.1]}{0.0.0.0:0}
2019-10-18 13:08:18,834 [ForkJoinPool.commonPool-worker-0] INFO  handler.ContextHandler (ContextHandler.java:doStop(910)) - Stopped o.e.j.s.ServletContextHandler@15d114ce{/static,jar:file:/home/user/.m2/repository/org/apache/hadoop/hadoop-hdds-container-service/0.5.0-SNAPSHOT/hadoop-hdds-container-service-0.5.0-SNAPSHOT.jar!/webapps/static,UNAVAILABLE}
2019-10-18 13:08:18,836 [ForkJoinPool.commonPool-worker-0] INFO  handler.ContextHandler (ContextHandler.java:doStop(910)) - Stopped o.e.j.s.ServletContextHandler@797fcf9{/logs,file:///workdir/hadoop-ozone/integration-test/target/log,UNAVAILABLE}
2019-10-18 13:08:18,939 [main] INFO  ozoneimpl.OzoneContainer (OzoneContainer.java:stop(227)) - Attempting to stop container services.
2019-10-18 13:08:18,939 [main] INFO  impl.RaftServerProxy (RaftServerProxy.java:lambda$close$4(314)) - 7d69770b-3355-4a82-aab2-02db9382227d: close
2019-10-18 13:08:18,939 [main] INFO  impl.RaftServerImpl (RaftServerImpl.java:lambda$shutdown$3(261)) - 7d69770b-3355-4a82-aab2-02db9382227d@group-61F4B561E702: shutdown
2019-10-18 13:08:18,940 [main] INFO  util.JmxRegister (JmxRegister.java:unregister(73)) - Successfully un-registered JMX Bean with object name Ratis:service=RaftServer,group=group-61F4B561E702,id=7d69770b-3355-4a82-aab2-02db9382227d
2019-10-18 13:08:18,940 [main] INFO  impl.RoleInfo (RoleInfo.java:shutdownLeaderState(104)) - 7d69770b-3355-4a82-aab2-02db9382227d: shutdown LeaderState
2019-10-18 13:08:18,944 [org.apache.ratis.server.impl.LogAppender$AppenderDaemon$$Lambda$428/636276547@2e9364e1] WARN  server.GrpcLogAppender (GrpcLogAppender.java:mayWait(149)) - 7d69770b-3355-4a82-aab2-02db9382227d@group-61F4B561E702->f7720aae-b5ab-43ae-a8f0-7922fdbaf311-GrpcLogAppender: Wait interrupted by java.lang.InterruptedException
2019-10-18 13:08:18,944 [org.apache.ratis.server.impl.LogAppender$AppenderDaemon$$Lambda$428/636276547@7fe925b0] WARN  server.GrpcLogAppender (GrpcLogAppender.java:mayWait(149)) - 7d69770b-3355-4a82-aab2-02db9382227d@group-61F4B561E702->0e280119-6e3a-4f2d-a3bb-534f53e1c036-GrpcLogAppender: Wait interrupted by java.lang.InterruptedException
2019-10-18 13:08:18,944 [main] INFO  impl.PendingRequests (PendingRequests.java:sendNotLeaderResponses(202)) - 7d69770b-3355-4a82-aab2-02db9382227d@group-61F4B561E702-PendingRequests: sendNotLeaderResponses
2019-10-18 13:08:18,945 [main] INFO  impl.StateMachineUpdater (StateMachineUpdater.java:stopAndJoin(136)) - 7d69770b-3355-4a82-aab2-02db9382227d@group-61F4B561E702-StateMachineUpdater: set stopIndex = 0
2019-10-18 13:08:18,945 [grpc-default-executor-17] INFO  server.GrpcServerProtocolService (GrpcServerProtocolService.java:onCompleted(113)) - 0e280119-6e3a-4f2d-a3bb-534f53e1c036: Completed APPEND_ENTRIES, lastRequest: 7d69770b-3355-4a82-aab2-02db9382227d->0e280119-6e3a-4f2d-a3bb-534f53e1c036#9-t10, previous=(t:10, i:0), leaderCommit=0, initializing? false, entries: <empty>
2019-10-18 13:08:18,945 [main] INFO  impl.RaftServerImpl (ServerState.java:close(388)) - 7d69770b-3355-4a82-aab2-02db9382227d@group-61F4B561E702: closes. applyIndex: 0
2019-10-18 13:08:18,946 [grpc-default-executor-17] INFO  server.GrpcLogAppender (GrpcLogAppender.java:onCompleted(308)) - 7d69770b-3355-4a82-aab2-02db9382227d@group-61F4B561E702->0e280119-6e3a-4f2d-a3bb-534f53e1c036-AppendLogResponseHandler: follower responses appendEntries COMPLETED
2019-10-18 13:08:18,946 [7d69770b-3355-4a82-aab2-02db9382227d@group-61F4B561E702-SegmentedRaftLogWorker] INFO  segmented.SegmentedRaftLogWorker (SegmentedRaftLogWorker.java:run(316)) - 7d69770b-3355-4a82-aab2-02db9382227d@group-61F4B561E702-SegmentedRaftLogWorker was interrupted, exiting. There are 0 tasks remaining in the queue.
2019-10-18 13:08:18,948 [main] INFO  segmented.SegmentedRaftLogWorker (SegmentedRaftLogWorker.java:close(224)) - 7d69770b-3355-4a82-aab2-02db9382227d@group-61F4B561E702-SegmentedRaftLogWorker close()
2019-10-18 13:08:18,950 [main] INFO  impl.RaftServerImpl (RaftServerImpl.java:lambda$shutdown$3(261)) - 7d69770b-3355-4a82-aab2-02db9382227d@group-9A2401E47D95: shutdown
2019-10-18 13:08:18,950 [main] INFO  util.JmxRegister (JmxRegister.java:unregister(73)) - Successfully un-registered JMX Bean with object name Ratis:service=RaftServer,group=group-9A2401E47D95,id=7d69770b-3355-4a82-aab2-02db9382227d
2019-10-18 13:08:18,951 [main] INFO  impl.RoleInfo (RoleInfo.java:shutdownFollowerState(121)) - 7d69770b-3355-4a82-aab2-02db9382227d: shutdown FollowerState
2019-10-18 13:08:18,951 [main] INFO  impl.StateMachineUpdater (StateMachineUpdater.java:stopAndJoin(136)) - 7d69770b-3355-4a82-aab2-02db9382227d@group-9A2401E47D95-StateMachineUpdater: set stopIndex = 0
2019-10-18 13:08:18,951 [Thread-6244] INFO  impl.FollowerState (FollowerState.java:run(117)) - 7d69770b-3355-4a82-aab2-02db9382227d@group-9A2401E47D95-FollowerState was interrupted: java.lang.InterruptedException: sleep interrupted
2019-10-18 13:08:18,951 [main] INFO  impl.RaftServerImpl (ServerState.java:close(388)) - 7d69770b-3355-4a82-aab2-02db9382227d@group-9A2401E47D95: closes. applyIndex: 0
2019-10-18 13:08:18,952 [7d69770b-3355-4a82-aab2-02db9382227d@group-9A2401E47D95-SegmentedRaftLogWorker] INFO  segmented.SegmentedRaftLogWorker (SegmentedRaftLogWorker.java:run(316)) - 7d69770b-3355-4a82-aab2-02db9382227d@group-9A2401E47D95-SegmentedRaftLogWorker was interrupted, exiting. There are 0 tasks remaining in the queue.
2019-10-18 13:08:18,954 [main] INFO  segmented.SegmentedRaftLogWorker (SegmentedRaftLogWorker.java:close(224)) - 7d69770b-3355-4a82-aab2-02db9382227d@group-9A2401E47D95-SegmentedRaftLogWorker close()
2019-10-18 13:08:18,956 [main] INFO  impl.RaftServerImpl (RaftServerImpl.java:lambda$shutdown$3(261)) - 7d69770b-3355-4a82-aab2-02db9382227d@group-EC3E8056A4BB: shutdown
2019-10-18 13:08:18,956 [main] INFO  util.JmxRegister (JmxRegister.java:unregister(73)) - Successfully un-registered JMX Bean with object name Ratis:service=RaftServer,group=group-EC3E8056A4BB,id=7d69770b-3355-4a82-aab2-02db9382227d
2019-10-18 13:08:18,957 [main] INFO  impl.RoleInfo (RoleInfo.java:shutdownLeaderState(104)) - 7d69770b-3355-4a82-aab2-02db9382227d: shutdown LeaderState
2019-10-18 13:08:18,960 [org.apache.ratis.server.impl.LogAppender$AppenderDaemon$$Lambda$428/636276547@4b5c6f8b] WARN  server.GrpcLogAppender (GrpcLogAppender.java:mayWait(149)) - 7d69770b-3355-4a82-aab2-02db9382227d@group-EC3E8056A4BB->f7720aae-b5ab-43ae-a8f0-7922fdbaf311-GrpcLogAppender: Wait interrupted by java.lang.InterruptedException
2019-10-18 13:08:18,960 [org.apache.ratis.server.impl.LogAppender$AppenderDaemon$$Lambda$428/636276547@1ac3e928] WARN  server.GrpcLogAppender (GrpcLogAppender.java:mayWait(149)) - 7d69770b-3355-4a82-aab2-02db9382227d@group-EC3E8056A4BB->0e280119-6e3a-4f2d-a3bb-534f53e1c036-GrpcLogAppender: Wait interrupted by java.lang.InterruptedException
2019-10-18 13:08:18,960 [main] INFO  impl.PendingRequests (PendingRequests.java:sendNotLeaderResponses(202)) - 7d69770b-3355-4a82-aab2-02db9382227d@group-EC3E8056A4BB-PendingRequests: sendNotLeaderResponses
2019-10-18 13:08:18,960 [grpc-default-executor-2] INFO  server.GrpcServerProtocolService (GrpcServerProtocolService.java:onCompleted(113)) - 0e280119-6e3a-4f2d-a3bb-534f53e1c036: Completed APPEND_ENTRIES, lastRequest: 7d69770b-3355-4a82-aab2-02db9382227d->0e280119-6e3a-4f2d-a3bb-534f53e1c036#9-t4, previous=(t:4, i:0), leaderCommit=0, initializing? false, entries: <empty>
2019-10-18 13:08:18,960 [main] INFO  impl.StateMachineUpdater (StateMachineUpdater.java:stopAndJoin(136)) - 7d69770b-3355-4a82-aab2-02db9382227d@group-EC3E8056A4BB-StateMachineUpdater: set stopIndex = 0
2019-10-18 13:08:18,961 [grpc-default-executor-2] INFO  server.GrpcLogAppender (GrpcLogAppender.java:onCompleted(308)) - 7d69770b-3355-4a82-aab2-02db9382227d@group-EC3E8056A4BB->0e280119-6e3a-4f2d-a3bb-534f53e1c036-AppendLogResponseHandler: follower responses appendEntries COMPLETED
2019-10-18 13:08:18,961 [main] INFO  impl.RaftServerImpl (ServerState.java:close(388)) - 7d69770b-3355-4a82-aab2-02db9382227d@group-EC3E8056A4BB: closes. applyIndex: 0
2019-10-18 13:08:18,961 [grpc-default-executor-17] INFO  impl.FollowerInfo (FollowerInfo.java:lambda$new$0(51)) - 7d69770b-3355-4a82-aab2-02db9382227d@group-61F4B561E702->0e280119-6e3a-4f2d-a3bb-534f53e1c036: nextIndex: updateUnconditionally 1 -> 0
2019-10-18 13:08:18,961 [grpc-default-executor-2] INFO  impl.FollowerInfo (FollowerInfo.java:lambda$new$0(51)) - 7d69770b-3355-4a82-aab2-02db9382227d@group-EC3E8056A4BB->0e280119-6e3a-4f2d-a3bb-534f53e1c036: nextIndex: updateUnconditionally 1 -> 0
2019-10-18 13:08:18,961 [7d69770b-3355-4a82-aab2-02db9382227d@group-EC3E8056A4BB-SegmentedRaftLogWorker] INFO  segmented.SegmentedRaftLogWorker (SegmentedRaftLogWorker.java:run(316)) - 7d69770b-3355-4a82-aab2-02db9382227d@group-EC3E8056A4BB-SegmentedRaftLogWorker was interrupted, exiting. There are 0 tasks remaining in the queue.
2019-10-18 13:08:18,964 [main] INFO  segmented.SegmentedRaftLogWorker (SegmentedRaftLogWorker.java:close(224)) - 7d69770b-3355-4a82-aab2-02db9382227d@group-EC3E8056A4BB-SegmentedRaftLogWorker close()
2019-10-18 13:08:18,966 [main] INFO  server.GrpcService (GrpcService.java:closeImpl(164)) - 7d69770b-3355-4a82-aab2-02db9382227d: shutdown server with port 33301 now
2019-10-18 13:08:18,969 [grpc-default-executor-17] WARN  server.GrpcServerProtocolService (LogUtils.java:warn(134)) - 7d69770b-3355-4a82-aab2-02db9382227d: installSnapshot onError, lastRequest: 0e280119-6e3a-4f2d-a3bb-534f53e1c036->7d69770b-3355-4a82-aab2-02db9382227d#9-t4, previous=(t:4, i:0), leaderCommit=0, initializing? false, entries: <empty>: org.apache.ratis.thirdparty.io.grpc.StatusRuntimeException: CANCELLED: cancelled before receiving half close
2019-10-18 13:08:18,969 [main] INFO  server.GrpcService (GrpcService.java:closeImpl(172)) - 7d69770b-3355-4a82-aab2-02db9382227d: shutdown server with port 33301 successfully
2019-10-18 13:08:18,969 [grpc-default-executor-6] WARN  server.GrpcLogAppender (LogUtils.java:warn(134)) - 0e280119-6e3a-4f2d-a3bb-534f53e1c036@group-9A2401E47D95->7d69770b-3355-4a82-aab2-02db9382227d-AppendLogResponseHandler: Failed appendEntries: org.apache.ratis.thirdparty.io.grpc.StatusRuntimeException: CANCELLED: HTTP/2 error code: CANCEL
Received Rst Stream
2019-10-18 13:08:18,971 [refreshUsed-/workdir/hadoop-ozone/integration-test/target/test-dir/MiniOzoneClusterImpl-a51cb6f9-69a9-44ea-bf2b-ac78a0e144b1/datanode-9/data/containers] WARN  fs.CachingGetSpaceUsed (CachingGetSpaceUsed.java:run(183)) - Thread Interrupted waiting to refresh disk information: sleep interrupted
2019-10-18 13:08:18,984 [main] INFO  utils.BackgroundService (BackgroundService.java:shutdown(151)) - Shutting down service BlockDeletingService
2019-10-18 13:08:18,989 [main] INFO  statemachine.DatanodeStateMachine (DatanodeStateMachine.java:stopDaemon(395)) - Ozone container server stopped.
2019-10-18 13:08:18,990 [main] INFO  handler.ContextHandler (ContextHandler.java:doStop(910)) - Stopped o.e.j.w.WebAppContext@2b999ee8{/,null,UNAVAILABLE}{/hddsDatanode}
2019-10-18 13:08:18,990 [main] INFO  server.AbstractConnector (AbstractConnector.java:doStop(318)) - Stopped ServerConnector@31ab1e67{HTTP/1.1,[http/1.1]}{0.0.0.0:0}
2019-10-18 13:08:18,991 [main] INFO  handler.ContextHandler (ContextHandler.java:doStop(910)) - Stopped o.e.j.s.ServletContextHandler@19b5214b{/static,jar:file:/home/user/.m2/repository/org/apache/hadoop/hadoop-hdds-container-service/0.5.0-SNAPSHOT/hadoop-hdds-container-service-0.5.0-SNAPSHOT.jar!/webapps/static,UNAVAILABLE}
2019-10-18 13:08:18,991 [main] INFO  handler.ContextHandler (ContextHandler.java:doStop(910)) - Stopped o.e.j.s.ServletContextHandler@51888019{/logs,file:///workdir/hadoop-ozone/integration-test/target/log,UNAVAILABLE}
2019-10-18 13:08:19,262 [Datanode State Machine Thread - 0] INFO  statemachine.DatanodeStateMachine (DatanodeStateMachine.java:lambda$startDaemon$0(350)) - Ozone container server started.
2019-10-18 13:08:19,267 [Datanode State Machine Thread - 0] INFO  statemachine.DatanodeStateMachine (DatanodeStateMachine.java:lambda$startDaemon$0(350)) - Ozone container server started.
2019-10-18 13:08:19,901 [Thread-6245] INFO  impl.FollowerState (FollowerState.java:run(108)) - 0e280119-6e3a-4f2d-a3bb-534f53e1c036@group-EC3E8056A4BB-FollowerState: change to CANDIDATE, lastRpcTime:1311ms, electionTimeout:1127ms
2019-10-18 13:08:19,901 [Thread-6245] INFO  impl.RoleInfo (RoleInfo.java:shutdownFollowerState(121)) - 0e280119-6e3a-4f2d-a3bb-534f53e1c036: shutdown FollowerState
2019-10-18 13:08:19,902 [Thread-6245] INFO  impl.RaftServerImpl (RaftServerImpl.java:setRole(184)) - 0e280119-6e3a-4f2d-a3bb-534f53e1c036@group-EC3E8056A4BB: changes role from  FOLLOWER to CANDIDATE at term 4 for changeToCandidate
2019-10-18 13:08:19,902 [Thread-6245] INFO  impl.RoleInfo (RoleInfo.java:updateAndGet(143)) - 0e280119-6e3a-4f2d-a3bb-534f53e1c036: start LeaderElection
2019-10-18 13:08:19,902 [0e280119-6e3a-4f2d-a3bb-534f53e1c036@group-EC3E8056A4BB-LeaderElection641] INFO  impl.RaftServerImpl (ServerState.java:setLeader(256)) - 0e280119-6e3a-4f2d-a3bb-534f53e1c036@group-EC3E8056A4BB: change Leader from 7d69770b-3355-4a82-aab2-02db9382227d to null at term 4 for initElection
2019-10-18 13:08:19,978 [Thread-6266] INFO  impl.FollowerState (FollowerState.java:run(108)) - 0e280119-6e3a-4f2d-a3bb-534f53e1c036@group-61F4B561E702-FollowerState: change to CANDIDATE, lastRpcTime:1291ms, electionTimeout:1001ms
2019-10-18 13:08:19,978 [Thread-6266] INFO  impl.RoleInfo (RoleInfo.java:shutdownFollowerState(121)) - 0e280119-6e3a-4f2d-a3bb-534f53e1c036: shutdown FollowerState
2019-10-18 13:08:19,978 [Thread-6266] INFO  impl.RaftServerImpl (RaftServerImpl.java:setRole(184)) - 0e280119-6e3a-4f2d-a3bb-534f53e1c036@group-61F4B561E702: changes role from  FOLLOWER to CANDIDATE at term 10 for changeToCandidate
2019-10-18 13:08:19,978 [Thread-6266] INFO  impl.RoleInfo (RoleInfo.java:updateAndGet(143)) - 0e280119-6e3a-4f2d-a3bb-534f53e1c036: start LeaderElection
2019-10-18 13:08:19,979 [0e280119-6e3a-4f2d-a3bb-534f53e1c036@group-61F4B561E702-LeaderElection642] INFO  impl.RaftServerImpl (ServerState.java:setLeader(256)) - 0e280119-6e3a-4f2d-a3bb-534f53e1c036@group-61F4B561E702: change Leader from 7d69770b-3355-4a82-aab2-02db9382227d to null at term 10 for initElection
2019-10-18 13:08:20,579 [java.util.concurrent.ThreadPoolExecutor$Worker@14ac7127[State = -1, empty queue]] WARN  server.GrpcLogAppender (GrpcLogAppender.java:timeoutAppendRequest(209)) - 7d69770b-3355-4a82-aab2-02db9382227d@group-EC3E8056A4BB->f7720aae-b5ab-43ae-a8f0-7922fdbaf311-GrpcLogAppender: appendEntries Timeout, request=7d69770b-3355-4a82-aab2-02db9382227d->f7720aae-b5ab-43ae-a8f0-7922fdbaf311#1-t4, previous=(t:0, i:0), leaderCommit=0, initializing? false, entries: <empty>
2019-10-18 13:08:20,579 [java.util.concurrent.ThreadPoolExecutor$Worker@513d65b2[State = -1, empty queue]] WARN  server.GrpcLogAppender (GrpcLogAppender.java:timeoutAppendRequest(209)) - 0e280119-6e3a-4f2d-a3bb-534f53e1c036@group-9A2401E47D95->f7720aae-b5ab-43ae-a8f0-7922fdbaf311-GrpcLogAppender: appendEntries Timeout, request=0e280119-6e3a-4f2d-a3bb-534f53e1c036->f7720aae-b5ab-43ae-a8f0-7922fdbaf311#1-t4, previous=(t:0, i:0), leaderCommit=0, initializing? false, entries: <empty>
2019-10-18 13:08:20,674 [java.util.concurrent.ThreadPoolExecutor$Worker@c79628f[State = -1, empty queue]] WARN  server.GrpcLogAppender (GrpcLogAppender.java:timeoutAppendRequest(209)) - 7d69770b-3355-4a82-aab2-02db9382227d@group-61F4B561E702->f7720aae-b5ab-43ae-a8f0-7922fdbaf311-GrpcLogAppender: appendEntries Timeout, request=7d69770b-3355-4a82-aab2-02db9382227d->f7720aae-b5ab-43ae-a8f0-7922fdbaf311#1-t10, previous=(t:0, i:0), leaderCommit=0, initializing? false, entries: <empty>
2019-10-18 13:08:20,795 [0e280119-6e3a-4f2d-a3bb-534f53e1c036@group-61F4B561E702-LeaderElection642] INFO  impl.LeaderElection (LeaderElection.java:askForVotes(178)) - 0e280119-6e3a-4f2d-a3bb-534f53e1c036@group-61F4B561E702-LeaderElection642: begin an election at term 11 for 0: [7d69770b-3355-4a82-aab2-02db9382227d:192.168.34.56:33301, f7720aae-b5ab-43ae-a8f0-7922fdbaf311:192.168.34.56:46404, 0e280119-6e3a-4f2d-a3bb-534f53e1c036:192.168.34.56:35105], old=null
2019-10-18 13:08:20,795 [0e280119-6e3a-4f2d-a3bb-534f53e1c036@group-EC3E8056A4BB-LeaderElection641] INFO  impl.LeaderElection (LeaderElection.java:askForVotes(178)) - 0e280119-6e3a-4f2d-a3bb-534f53e1c036@group-EC3E8056A4BB-LeaderElection641: begin an election at term 5 for 0: [7d69770b-3355-4a82-aab2-02db9382227d:192.168.34.56:33301, f7720aae-b5ab-43ae-a8f0-7922fdbaf311:192.168.34.56:46404, 0e280119-6e3a-4f2d-a3bb-534f53e1c036:192.168.34.56:35105], old=null
2019-10-18 13:08:20,796 [0e280119-6e3a-4f2d-a3bb-534f53e1c036@group-61F4B561E702-LeaderElection642] INFO  impl.LeaderElection (LogUtils.java:infoOrTrace(149)) - 0e280119-6e3a-4f2d-a3bb-534f53e1c036@group-61F4B561E702-LeaderElection642 got exception when requesting votes: {}
java.util.concurrent.ExecutionException: org.apache.ratis.thirdparty.io.grpc.StatusRuntimeException: UNAVAILABLE: io exception
	at java.util.concurrent.FutureTask.report(FutureTask.java:122)
	at java.util.concurrent.FutureTask.get(FutureTask.java:192)
	at org.apache.ratis.server.impl.LeaderElection.waitForResults(LeaderElection.java:259)
	at org.apache.ratis.server.impl.LeaderElection.askForVotes(LeaderElection.java:197)
	at org.apache.ratis.server.impl.LeaderElection.run(LeaderElection.java:133)
	at java.lang.Thread.run(Thread.java:748)
Caused by: org.apache.ratis.thirdparty.io.grpc.StatusRuntimeException: UNAVAILABLE: io exception
	at org.apache.ratis.thirdparty.io.grpc.stub.ClientCalls.toStatusRuntimeException(ClientCalls.java:233)
	at org.apache.ratis.thirdparty.io.grpc.stub.ClientCalls.getUnchecked(ClientCalls.java:214)
	at org.apache.ratis.thirdparty.io.grpc.stub.ClientCalls.blockingUnaryCall(ClientCalls.java:139)
	at org.apache.ratis.proto.grpc.RaftServerProtocolServiceGrpc$RaftServerProtocolServiceBlockingStub.requestVote(RaftServerProtocolServiceGrpc.java:265)
	at org.apache.ratis.grpc.server.GrpcServerProtocolClient.requestVote(GrpcServerProtocolClient.java:99)
	at org.apache.ratis.grpc.server.GrpcService.requestVote(GrpcService.java:204)
	at org.apache.ratis.server.impl.LeaderElection.lambda$submitRequests$1(LeaderElection.java:234)
	at java.util.concurrent.FutureTask.run(FutureTask.java:266)
	at java.util.concurrent.Executors$RunnableAdapter.call(Executors.java:511)
	at java.util.concurrent.FutureTask.run(FutureTask.java:266)
	at java.util.concurrent.ThreadPoolExecutor.runWorker(ThreadPoolExecutor.java:1149)
	at java.util.concurrent.ThreadPoolExecutor$Worker.run(ThreadPoolExecutor.java:624)
	... 1 more
Caused by: org.apache.ratis.thirdparty.io.netty.channel.AbstractChannel$AnnotatedConnectException: Connection refused: /192.168.34.56:46404
	at sun.nio.ch.SocketChannelImpl.checkConnect(Native Method)
	at sun.nio.ch.SocketChannelImpl.finishConnect(SocketChannelImpl.java:717)
	at org.apache.ratis.thirdparty.io.netty.channel.socket.nio.NioSocketChannel.doFinishConnect(NioSocketChannel.java:327)
	at org.apache.ratis.thirdparty.io.netty.channel.nio.AbstractNioChannel$AbstractNioUnsafe.finishConnect(AbstractNioChannel.java:340)
	at org.apache.ratis.thirdparty.io.netty.channel.nio.NioEventLoop.processSelectedKey(NioEventLoop.java:632)
	at org.apache.ratis.thirdparty.io.netty.channel.nio.NioEventLoop.processSelectedKeysOptimized(NioEventLoop.java:579)
	at org.apache.ratis.thirdparty.io.netty.channel.nio.NioEventLoop.processSelectedKeys(NioEventLoop.java:496)
	at org.apache.ratis.thirdparty.io.netty.channel.nio.NioEventLoop.run(NioEventLoop.java:458)
	at org.apache.ratis.thirdparty.io.netty.util.concurrent.SingleThreadEventExecutor$5.run(SingleThreadEventExecutor.java:897)
	at org.apache.ratis.thirdparty.io.netty.util.concurrent.FastThreadLocalRunnable.run(FastThreadLocalRunnable.java:30)
	... 1 more
Caused by: java.net.ConnectException: Connection refused
	... 11 more
2019-10-18 13:08:20,796 [0e280119-6e3a-4f2d-a3bb-534f53e1c036@group-EC3E8056A4BB-LeaderElection641] INFO  impl.LeaderElection (LogUtils.java:infoOrTrace(149)) - 0e280119-6e3a-4f2d-a3bb-534f53e1c036@group-EC3E8056A4BB-LeaderElection641 got exception when requesting votes: {}
java.util.concurrent.ExecutionException: org.apache.ratis.thirdparty.io.grpc.StatusRuntimeException: UNAVAILABLE: io exception
	at java.util.concurrent.FutureTask.report(FutureTask.java:122)
	at java.util.concurrent.FutureTask.get(FutureTask.java:192)
	at org.apache.ratis.server.impl.LeaderElection.waitForResults(LeaderElection.java:259)
	at org.apache.ratis.server.impl.LeaderElection.askForVotes(LeaderElection.java:197)
	at org.apache.ratis.server.impl.LeaderElection.run(LeaderElection.java:133)
	at java.lang.Thread.run(Thread.java:748)
Caused by: org.apache.ratis.thirdparty.io.grpc.StatusRuntimeException: UNAVAILABLE: io exception
	at org.apache.ratis.thirdparty.io.grpc.stub.ClientCalls.toStatusRuntimeException(ClientCalls.java:233)
	at org.apache.ratis.thirdparty.io.grpc.stub.ClientCalls.getUnchecked(ClientCalls.java:214)
	at org.apache.ratis.thirdparty.io.grpc.stub.ClientCalls.blockingUnaryCall(ClientCalls.java:139)
	at org.apache.ratis.proto.grpc.RaftServerProtocolServiceGrpc$RaftServerProtocolServiceBlockingStub.requestVote(RaftServerProtocolServiceGrpc.java:265)
	at org.apache.ratis.grpc.server.GrpcServerProtocolClient.requestVote(GrpcServerProtocolClient.java:99)
	at org.apache.ratis.grpc.server.GrpcService.requestVote(GrpcService.java:204)
	at org.apache.ratis.server.impl.LeaderElection.lambda$submitRequests$1(LeaderElection.java:234)
	at java.util.concurrent.FutureTask.run(FutureTask.java:266)
	at java.util.concurrent.Executors$RunnableAdapter.call(Executors.java:511)
	at java.util.concurrent.FutureTask.run(FutureTask.java:266)
	at java.util.concurrent.ThreadPoolExecutor.runWorker(ThreadPoolExecutor.java:1149)
	at java.util.concurrent.ThreadPoolExecutor$Worker.run(ThreadPoolExecutor.java:624)
	... 1 more
Caused by: org.apache.ratis.thirdparty.io.netty.channel.AbstractChannel$AnnotatedConnectException: Connection refused: /192.168.34.56:46404
	at sun.nio.ch.SocketChannelImpl.checkConnect(Native Method)
	at sun.nio.ch.SocketChannelImpl.finishConnect(SocketChannelImpl.java:717)
	at org.apache.ratis.thirdparty.io.netty.channel.socket.nio.NioSocketChannel.doFinishConnect(NioSocketChannel.java:327)
	at org.apache.ratis.thirdparty.io.netty.channel.nio.AbstractNioChannel$AbstractNioUnsafe.finishConnect(AbstractNioChannel.java:340)
	at org.apache.ratis.thirdparty.io.netty.channel.nio.NioEventLoop.processSelectedKey(NioEventLoop.java:632)
	at org.apache.ratis.thirdparty.io.netty.channel.nio.NioEventLoop.processSelectedKeysOptimized(NioEventLoop.java:579)
	at org.apache.ratis.thirdparty.io.netty.channel.nio.NioEventLoop.processSelectedKeys(NioEventLoop.java:496)
	at org.apache.ratis.thirdparty.io.netty.channel.nio.NioEventLoop.run(NioEventLoop.java:458)
	at org.apache.ratis.thirdparty.io.netty.util.concurrent.SingleThreadEventExecutor$5.run(SingleThreadEventExecutor.java:897)
	at org.apache.ratis.thirdparty.io.netty.util.concurrent.FastThreadLocalRunnable.run(FastThreadLocalRunnable.java:30)
	... 1 more
Caused by: java.net.ConnectException: Connection refused
	... 11 more
2019-10-18 13:08:20,798 [0e280119-6e3a-4f2d-a3bb-534f53e1c036@group-EC3E8056A4BB-LeaderElection641] INFO  impl.LeaderElection (LogUtils.java:infoOrTrace(149)) - 0e280119-6e3a-4f2d-a3bb-534f53e1c036@group-EC3E8056A4BB-LeaderElection641 got exception when requesting votes: {}
java.util.concurrent.ExecutionException: org.apache.ratis.thirdparty.io.grpc.StatusRuntimeException: UNAVAILABLE: io exception
	at java.util.concurrent.FutureTask.report(FutureTask.java:122)
	at java.util.concurrent.FutureTask.get(FutureTask.java:192)
	at org.apache.ratis.server.impl.LeaderElection.waitForResults(LeaderElection.java:259)
	at org.apache.ratis.server.impl.LeaderElection.askForVotes(LeaderElection.java:197)
	at org.apache.ratis.server.impl.LeaderElection.run(LeaderElection.java:133)
	at java.lang.Thread.run(Thread.java:748)
Caused by: org.apache.ratis.thirdparty.io.grpc.StatusRuntimeException: UNAVAILABLE: io exception
	at org.apache.ratis.thirdparty.io.grpc.stub.ClientCalls.toStatusRuntimeException(ClientCalls.java:233)
	at org.apache.ratis.thirdparty.io.grpc.stub.ClientCalls.getUnchecked(ClientCalls.java:214)
	at org.apache.ratis.thirdparty.io.grpc.stub.ClientCalls.blockingUnaryCall(ClientCalls.java:139)
	at org.apache.ratis.proto.grpc.RaftServerProtocolServiceGrpc$RaftServerProtocolServiceBlockingStub.requestVote(RaftServerProtocolServiceGrpc.java:265)
	at org.apache.ratis.grpc.server.GrpcServerProtocolClient.requestVote(GrpcServerProtocolClient.java:99)
	at org.apache.ratis.grpc.server.GrpcService.requestVote(GrpcService.java:204)
	at org.apache.ratis.server.impl.LeaderElection.lambda$submitRequests$1(LeaderElection.java:234)
	at java.util.concurrent.FutureTask.run(FutureTask.java:266)
	at java.util.concurrent.Executors$RunnableAdapter.call(Executors.java:511)
	at java.util.concurrent.FutureTask.run(FutureTask.java:266)
	at java.util.concurrent.ThreadPoolExecutor.runWorker(ThreadPoolExecutor.java:1149)
	at java.util.concurrent.ThreadPoolExecutor$Worker.run(ThreadPoolExecutor.java:624)
	... 1 more
Caused by: org.apache.ratis.thirdparty.io.netty.channel.AbstractChannel$AnnotatedConnectException: Connection refused: /192.168.34.56:33301
	at sun.nio.ch.SocketChannelImpl.checkConnect(Native Method)
	at sun.nio.ch.SocketChannelImpl.finishConnect(SocketChannelImpl.java:717)
	at org.apache.ratis.thirdparty.io.netty.channel.socket.nio.NioSocketChannel.doFinishConnect(NioSocketChannel.java:327)
	at org.apache.ratis.thirdparty.io.netty.channel.nio.AbstractNioChannel$AbstractNioUnsafe.finishConnect(AbstractNioChannel.java:340)
	at org.apache.ratis.thirdparty.io.netty.channel.nio.NioEventLoop.processSelectedKey(NioEventLoop.java:632)
	at org.apache.ratis.thirdparty.io.netty.channel.nio.NioEventLoop.processSelectedKeysOptimized(NioEventLoop.java:579)
	at org.apache.ratis.thirdparty.io.netty.channel.nio.NioEventLoop.processSelectedKeys(NioEventLoop.java:496)
	at org.apache.ratis.thirdparty.io.netty.channel.nio.NioEventLoop.run(NioEventLoop.java:458)
	at org.apache.ratis.thirdparty.io.netty.util.concurrent.SingleThreadEventExecutor$5.run(SingleThreadEventExecutor.java:897)
	at org.apache.ratis.thirdparty.io.netty.util.concurrent.FastThreadLocalRunnable.run(FastThreadLocalRunnable.java:30)
	... 1 more
Caused by: java.net.ConnectException: Connection refused
	... 11 more
2019-10-18 13:08:20,798 [0e280119-6e3a-4f2d-a3bb-534f53e1c036@group-61F4B561E702-LeaderElection642] INFO  impl.LeaderElection (LogUtils.java:infoOrTrace(149)) - 0e280119-6e3a-4f2d-a3bb-534f53e1c036@group-61F4B561E702-LeaderElection642 got exception when requesting votes: {}
java.util.concurrent.ExecutionException: org.apache.ratis.thirdparty.io.grpc.StatusRuntimeException: UNAVAILABLE: io exception
	at java.util.concurrent.FutureTask.report(FutureTask.java:122)
	at java.util.concurrent.FutureTask.get(FutureTask.java:192)
	at org.apache.ratis.server.impl.LeaderElection.waitForResults(LeaderElection.java:259)
	at org.apache.ratis.server.impl.LeaderElection.askForVotes(LeaderElection.java:197)
	at org.apache.ratis.server.impl.LeaderElection.run(LeaderElection.java:133)
	at java.lang.Thread.run(Thread.java:748)
Caused by: org.apache.ratis.thirdparty.io.grpc.StatusRuntimeException: UNAVAILABLE: io exception
	at org.apache.ratis.thirdparty.io.grpc.stub.ClientCalls.toStatusRuntimeException(ClientCalls.java:233)
	at org.apache.ratis.thirdparty.io.grpc.stub.ClientCalls.getUnchecked(ClientCalls.java:214)
	at org.apache.ratis.thirdparty.io.grpc.stub.ClientCalls.blockingUnaryCall(ClientCalls.java:139)
	at org.apache.ratis.proto.grpc.RaftServerProtocolServiceGrpc$RaftServerProtocolServiceBlockingStub.requestVote(RaftServerProtocolServiceGrpc.java:265)
	at org.apache.ratis.grpc.server.GrpcServerProtocolClient.requestVote(GrpcServerProtocolClient.java:99)
	at org.apache.ratis.grpc.server.GrpcService.requestVote(GrpcService.java:204)
	at org.apache.ratis.server.impl.LeaderElection.lambda$submitRequests$1(LeaderElection.java:234)
	at java.util.concurrent.FutureTask.run(FutureTask.java:266)
	at java.util.concurrent.Executors$RunnableAdapter.call(Executors.java:511)
	at java.util.concurrent.FutureTask.run(FutureTask.java:266)
	at java.util.concurrent.ThreadPoolExecutor.runWorker(ThreadPoolExecutor.java:1149)
	at java.util.concurrent.ThreadPoolExecutor$Worker.run(ThreadPoolExecutor.java:624)
	... 1 more
Caused by: org.apache.ratis.thirdparty.io.netty.channel.AbstractChannel$AnnotatedConnectException: Connection refused: /192.168.34.56:33301
	at sun.nio.ch.SocketChannelImpl.checkConnect(Native Method)
	at sun.nio.ch.SocketChannelImpl.finishConnect(SocketChannelImpl.java:717)
	at org.apache.ratis.thirdparty.io.netty.channel.socket.nio.NioSocketChannel.doFinishConnect(NioSocketChannel.java:327)
	at org.apache.ratis.thirdparty.io.netty.channel.nio.AbstractNioChannel$AbstractNioUnsafe.finishConnect(AbstractNioChannel.java:340)
	at org.apache.ratis.thirdparty.io.netty.channel.nio.NioEventLoop.processSelectedKey(NioEventLoop.java:632)
	at org.apache.ratis.thirdparty.io.netty.channel.nio.NioEventLoop.processSelectedKeysOptimized(NioEventLoop.java:579)
	at org.apache.ratis.thirdparty.io.netty.channel.nio.NioEventLoop.processSelectedKeys(NioEventLoop.java:496)
	at org.apache.ratis.thirdparty.io.netty.channel.nio.NioEventLoop.run(NioEventLoop.java:458)
	at org.apache.ratis.thirdparty.io.netty.util.concurrent.SingleThreadEventExecutor$5.run(SingleThreadEventExecutor.java:897)
	at org.apache.ratis.thirdparty.io.netty.util.concurrent.FastThreadLocalRunnable.run(FastThreadLocalRunnable.java:30)
	... 1 more
Caused by: java.net.ConnectException: Connection refused
	... 11 more
2019-10-18 13:08:20,798 [0e280119-6e3a-4f2d-a3bb-534f53e1c036@group-EC3E8056A4BB-LeaderElection641] INFO  impl.LeaderElection (LeaderElection.java:logAndReturn(56)) - 0e280119-6e3a-4f2d-a3bb-534f53e1c036@group-EC3E8056A4BB-LeaderElection641: Election REJECTED; received 0 response(s) [] and 2 exception(s); 0e280119-6e3a-4f2d-a3bb-534f53e1c036@group-EC3E8056A4BB:t5, leader=null, voted=0e280119-6e3a-4f2d-a3bb-534f53e1c036, raftlog=0e280119-6e3a-4f2d-a3bb-534f53e1c036@group-EC3E8056A4BB-SegmentedRaftLog:OPENED:c0,f0,i0, conf=0: [7d69770b-3355-4a82-aab2-02db9382227d:192.168.34.56:33301, f7720aae-b5ab-43ae-a8f0-7922fdbaf311:192.168.34.56:46404, 0e280119-6e3a-4f2d-a3bb-534f53e1c036:192.168.34.56:35105], old=null
2019-10-18 13:08:20,798 [0e280119-6e3a-4f2d-a3bb-534f53e1c036@group-61F4B561E702-LeaderElection642] INFO  impl.LeaderElection (LeaderElection.java:logAndReturn(56)) - 0e280119-6e3a-4f2d-a3bb-534f53e1c036@group-61F4B561E702-LeaderElection642: Election REJECTED; received 0 response(s) [] and 2 exception(s); 0e280119-6e3a-4f2d-a3bb-534f53e1c036@group-61F4B561E702:t11, leader=null, voted=0e280119-6e3a-4f2d-a3bb-534f53e1c036, raftlog=0e280119-6e3a-4f2d-a3bb-534f53e1c036@group-61F4B561E702-SegmentedRaftLog:OPENED:c0,f0,i0, conf=0: [7d69770b-3355-4a82-aab2-02db9382227d:192.168.34.56:33301, f7720aae-b5ab-43ae-a8f0-7922fdbaf311:192.168.34.56:46404, 0e280119-6e3a-4f2d-a3bb-534f53e1c036:192.168.34.56:35105], old=null
2019-10-18 13:08:20,799 [0e280119-6e3a-4f2d-a3bb-534f53e1c036@group-EC3E8056A4BB-LeaderElection641] INFO  impl.LeaderElection (LogUtils.java:infoOrTrace(149)) -   Exception 0: {}
java.util.concurrent.ExecutionException: org.apache.ratis.thirdparty.io.grpc.StatusRuntimeException: UNAVAILABLE: io exception
	at java.util.concurrent.FutureTask.report(FutureTask.java:122)
	at java.util.concurrent.FutureTask.get(FutureTask.java:192)
	at org.apache.ratis.server.impl.LeaderElection.waitForResults(LeaderElection.java:259)
	at org.apache.ratis.server.impl.LeaderElection.askForVotes(LeaderElection.java:197)
	at org.apache.ratis.server.impl.LeaderElection.run(LeaderElection.java:133)
	at java.lang.Thread.run(Thread.java:748)
Caused by: org.apache.ratis.thirdparty.io.grpc.StatusRuntimeException: UNAVAILABLE: io exception
	at org.apache.ratis.thirdparty.io.grpc.stub.ClientCalls.toStatusRuntimeException(ClientCalls.java:233)
	at org.apache.ratis.thirdparty.io.grpc.stub.ClientCalls.getUnchecked(ClientCalls.java:214)
	at org.apache.ratis.thirdparty.io.grpc.stub.ClientCalls.blockingUnaryCall(ClientCalls.java:139)
	at org.apache.ratis.proto.grpc.RaftServerProtocolServiceGrpc$RaftServerProtocolServiceBlockingStub.requestVote(RaftServerProtocolServiceGrpc.java:265)
	at org.apache.ratis.grpc.server.GrpcServerProtocolClient.requestVote(GrpcServerProtocolClient.java:99)
	at org.apache.ratis.grpc.server.GrpcService.requestVote(GrpcService.java:204)
	at org.apache.ratis.server.impl.LeaderElection.lambda$submitRequests$1(LeaderElection.java:234)
	at java.util.concurrent.FutureTask.run(FutureTask.java:266)
	at java.util.concurrent.Executors$RunnableAdapter.call(Executors.java:511)
	at java.util.concurrent.FutureTask.run(FutureTask.java:266)
	at java.util.concurrent.ThreadPoolExecutor.runWorker(ThreadPoolExecutor.java:1149)
	at java.util.concurrent.ThreadPoolExecutor$Worker.run(ThreadPoolExecutor.java:624)
	... 1 more
Caused by: org.apache.ratis.thirdparty.io.netty.channel.AbstractChannel$AnnotatedConnectException: Connection refused: /192.168.34.56:46404
	at sun.nio.ch.SocketChannelImpl.checkConnect(Native Method)
	at sun.nio.ch.SocketChannelImpl.finishConnect(SocketChannelImpl.java:717)
	at org.apache.ratis.thirdparty.io.netty.channel.socket.nio.NioSocketChannel.doFinishConnect(NioSocketChannel.java:327)
	at org.apache.ratis.thirdparty.io.netty.channel.nio.AbstractNioChannel$AbstractNioUnsafe.finishConnect(AbstractNioChannel.java:340)
	at org.apache.ratis.thirdparty.io.netty.channel.nio.NioEventLoop.processSelectedKey(NioEventLoop.java:632)
	at org.apache.ratis.thirdparty.io.netty.channel.nio.NioEventLoop.processSelectedKeysOptimized(NioEventLoop.java:579)
	at org.apache.ratis.thirdparty.io.netty.channel.nio.NioEventLoop.processSelectedKeys(NioEventLoop.java:496)
	at org.apache.ratis.thirdparty.io.netty.channel.nio.NioEventLoop.run(NioEventLoop.java:458)
	at org.apache.ratis.thirdparty.io.netty.util.concurrent.SingleThreadEventExecutor$5.run(SingleThreadEventExecutor.java:897)
	at org.apache.ratis.thirdparty.io.netty.util.concurrent.FastThreadLocalRunnable.run(FastThreadLocalRunnable.java:30)
	... 1 more
Caused by: java.net.ConnectException: Connection refused
	... 11 more
2019-10-18 13:08:20,799 [0e280119-6e3a-4f2d-a3bb-534f53e1c036@group-61F4B561E702-LeaderElection642] INFO  impl.LeaderElection (LogUtils.java:infoOrTrace(149)) -   Exception 0: {}
java.util.concurrent.ExecutionException: org.apache.ratis.thirdparty.io.grpc.StatusRuntimeException: UNAVAILABLE: io exception
	at java.util.concurrent.FutureTask.report(FutureTask.java:122)
	at java.util.concurrent.FutureTask.get(FutureTask.java:192)
	at org.apache.ratis.server.impl.LeaderElection.waitForResults(LeaderElection.java:259)
	at org.apache.ratis.server.impl.LeaderElection.askForVotes(LeaderElection.java:197)
	at org.apache.ratis.server.impl.LeaderElection.run(LeaderElection.java:133)
	at java.lang.Thread.run(Thread.java:748)
Caused by: org.apache.ratis.thirdparty.io.grpc.StatusRuntimeException: UNAVAILABLE: io exception
	at org.apache.ratis.thirdparty.io.grpc.stub.ClientCalls.toStatusRuntimeException(ClientCalls.java:233)
	at org.apache.ratis.thirdparty.io.grpc.stub.ClientCalls.getUnchecked(ClientCalls.java:214)
	at org.apache.ratis.thirdparty.io.grpc.stub.ClientCalls.blockingUnaryCall(ClientCalls.java:139)
	at org.apache.ratis.proto.grpc.RaftServerProtocolServiceGrpc$RaftServerProtocolServiceBlockingStub.requestVote(RaftServerProtocolServiceGrpc.java:265)
	at org.apache.ratis.grpc.server.GrpcServerProtocolClient.requestVote(GrpcServerProtocolClient.java:99)
	at org.apache.ratis.grpc.server.GrpcService.requestVote(GrpcService.java:204)
	at org.apache.ratis.server.impl.LeaderElection.lambda$submitRequests$1(LeaderElection.java:234)
	at java.util.concurrent.FutureTask.run(FutureTask.java:266)
	at java.util.concurrent.Executors$RunnableAdapter.call(Executors.java:511)
	at java.util.concurrent.FutureTask.run(FutureTask.java:266)
	at java.util.concurrent.ThreadPoolExecutor.runWorker(ThreadPoolExecutor.java:1149)
	at java.util.concurrent.ThreadPoolExecutor$Worker.run(ThreadPoolExecutor.java:624)
	... 1 more
Caused by: org.apache.ratis.thirdparty.io.netty.channel.AbstractChannel$AnnotatedConnectException: Connection refused: /192.168.34.56:46404
	at sun.nio.ch.SocketChannelImpl.checkConnect(Native Method)
	at sun.nio.ch.SocketChannelImpl.finishConnect(SocketChannelImpl.java:717)
	at org.apache.ratis.thirdparty.io.netty.channel.socket.nio.NioSocketChannel.doFinishConnect(NioSocketChannel.java:327)
	at org.apache.ratis.thirdparty.io.netty.channel.nio.AbstractNioChannel$AbstractNioUnsafe.finishConnect(AbstractNioChannel.java:340)
	at org.apache.ratis.thirdparty.io.netty.channel.nio.NioEventLoop.processSelectedKey(NioEventLoop.java:632)
	at org.apache.ratis.thirdparty.io.netty.channel.nio.NioEventLoop.processSelectedKeysOptimized(NioEventLoop.java:579)
	at org.apache.ratis.thirdparty.io.netty.channel.nio.NioEventLoop.processSelectedKeys(NioEventLoop.java:496)
	at org.apache.ratis.thirdparty.io.netty.channel.nio.NioEventLoop.run(NioEventLoop.java:458)
	at org.apache.ratis.thirdparty.io.netty.util.concurrent.SingleThreadEventExecutor$5.run(SingleThreadEventExecutor.java:897)
	at org.apache.ratis.thirdparty.io.netty.util.concurrent.FastThreadLocalRunnable.run(FastThreadLocalRunnable.java:30)
	... 1 more
Caused by: java.net.ConnectException: Connection refused
	... 11 more
2019-10-18 13:08:20,799 [0e280119-6e3a-4f2d-a3bb-534f53e1c036@group-61F4B561E702-LeaderElection642] INFO  impl.LeaderElection (LogUtils.java:infoOrTrace(149)) -   Exception 1: {}
java.util.concurrent.ExecutionException: org.apache.ratis.thirdparty.io.grpc.StatusRuntimeException: UNAVAILABLE: io exception
	at java.util.concurrent.FutureTask.report(FutureTask.java:122)
	at java.util.concurrent.FutureTask.get(FutureTask.java:192)
	at org.apache.ratis.server.impl.LeaderElection.waitForResults(LeaderElection.java:259)
	at org.apache.ratis.server.impl.LeaderElection.askForVotes(LeaderElection.java:197)
	at org.apache.ratis.server.impl.LeaderElection.run(LeaderElection.java:133)
	at java.lang.Thread.run(Thread.java:748)
Caused by: org.apache.ratis.thirdparty.io.grpc.StatusRuntimeException: UNAVAILABLE: io exception
	at org.apache.ratis.thirdparty.io.grpc.stub.ClientCalls.toStatusRuntimeException(ClientCalls.java:233)
	at org.apache.ratis.thirdparty.io.grpc.stub.ClientCalls.getUnchecked(ClientCalls.java:214)
	at org.apache.ratis.thirdparty.io.grpc.stub.ClientCalls.blockingUnaryCall(ClientCalls.java:139)
	at org.apache.ratis.proto.grpc.RaftServerProtocolServiceGrpc$RaftServerProtocolServiceBlockingStub.requestVote(RaftServerProtocolServiceGrpc.java:265)
	at org.apache.ratis.grpc.server.GrpcServerProtocolClient.requestVote(GrpcServerProtocolClient.java:99)
	at org.apache.ratis.grpc.server.GrpcService.requestVote(GrpcService.java:204)
	at org.apache.ratis.server.impl.LeaderElection.lambda$submitRequests$1(LeaderElection.java:234)
	at java.util.concurrent.FutureTask.run(FutureTask.java:266)
	at java.util.concurrent.Executors$RunnableAdapter.call(Executors.java:511)
	at java.util.concurrent.FutureTask.run(FutureTask.java:266)
	at java.util.concurrent.ThreadPoolExecutor.runWorker(ThreadPoolExecutor.java:1149)
	at java.util.concurrent.ThreadPoolExecutor$Worker.run(ThreadPoolExecutor.java:624)
	... 1 more
Caused by: org.apache.ratis.thirdparty.io.netty.channel.AbstractChannel$AnnotatedConnectException: Connection refused: /192.168.34.56:33301
	at sun.nio.ch.SocketChannelImpl.checkConnect(Native Method)
	at sun.nio.ch.SocketChannelImpl.finishConnect(SocketChannelImpl.java:717)
	at org.apache.ratis.thirdparty.io.netty.channel.socket.nio.NioSocketChannel.doFinishConnect(NioSocketChannel.java:327)
	at org.apache.ratis.thirdparty.io.netty.channel.nio.AbstractNioChannel$AbstractNioUnsafe.finishConnect(AbstractNioChannel.java:340)
	at org.apache.ratis.thirdparty.io.netty.channel.nio.NioEventLoop.processSelectedKey(NioEventLoop.java:632)
	at org.apache.ratis.thirdparty.io.netty.channel.nio.NioEventLoop.processSelectedKeysOptimized(NioEventLoop.java:579)
	at org.apache.ratis.thirdparty.io.netty.channel.nio.NioEventLoop.processSelectedKeys(NioEventLoop.java:496)
	at org.apache.ratis.thirdparty.io.netty.channel.nio.NioEventLoop.run(NioEventLoop.java:458)
	at org.apache.ratis.thirdparty.io.netty.util.concurrent.SingleThreadEventExecutor$5.run(SingleThreadEventExecutor.java:897)
	at org.apache.ratis.thirdparty.io.netty.util.concurrent.FastThreadLocalRunnable.run(FastThreadLocalRunnable.java:30)
	... 1 more
Caused by: java.net.ConnectException: Connection refused
	... 11 more
2019-10-18 13:08:20,799 [0e280119-6e3a-4f2d-a3bb-534f53e1c036@group-EC3E8056A4BB-LeaderElection641] INFO  impl.LeaderElection (LogUtils.java:infoOrTrace(149)) -   Exception 1: {}
java.util.concurrent.ExecutionException: org.apache.ratis.thirdparty.io.grpc.StatusRuntimeException: UNAVAILABLE: io exception
	at java.util.concurrent.FutureTask.report(FutureTask.java:122)
	at java.util.concurrent.FutureTask.get(FutureTask.java:192)
	at org.apache.ratis.server.impl.LeaderElection.waitForResults(LeaderElection.java:259)
	at org.apache.ratis.server.impl.LeaderElection.askForVotes(LeaderElection.java:197)
	at org.apache.ratis.server.impl.LeaderElection.run(LeaderElection.java:133)
	at java.lang.Thread.run(Thread.java:748)
Caused by: org.apache.ratis.thirdparty.io.grpc.StatusRuntimeException: UNAVAILABLE: io exception
	at org.apache.ratis.thirdparty.io.grpc.stub.ClientCalls.toStatusRuntimeException(ClientCalls.java:233)
	at org.apache.ratis.thirdparty.io.grpc.stub.ClientCalls.getUnchecked(ClientCalls.java:214)
	at org.apache.ratis.thirdparty.io.grpc.stub.ClientCalls.blockingUnaryCall(ClientCalls.java:139)
	at org.apache.ratis.proto.grpc.RaftServerProtocolServiceGrpc$RaftServerProtocolServiceBlockingStub.requestVote(RaftServerProtocolServiceGrpc.java:265)
	at org.apache.ratis.grpc.server.GrpcServerProtocolClient.requestVote(GrpcServerProtocolClient.java:99)
	at org.apache.ratis.grpc.server.GrpcService.requestVote(GrpcService.java:204)
	at org.apache.ratis.server.impl.LeaderElection.lambda$submitRequests$1(LeaderElection.java:234)
	at java.util.concurrent.FutureTask.run(FutureTask.java:266)
	at java.util.concurrent.Executors$RunnableAdapter.call(Executors.java:511)
	at java.util.concurrent.FutureTask.run(FutureTask.java:266)
	at java.util.concurrent.ThreadPoolExecutor.runWorker(ThreadPoolExecutor.java:1149)
	at java.util.concurrent.ThreadPoolExecutor$Worker.run(ThreadPoolExecutor.java:624)
	... 1 more
Caused by: org.apache.ratis.thirdparty.io.netty.channel.AbstractChannel$AnnotatedConnectException: Connection refused: /192.168.34.56:33301
	at sun.nio.ch.SocketChannelImpl.checkConnect(Native Method)
	at sun.nio.ch.SocketChannelImpl.finishConnect(SocketChannelImpl.java:717)
	at org.apache.ratis.thirdparty.io.netty.channel.socket.nio.NioSocketChannel.doFinishConnect(NioSocketChannel.java:327)
	at org.apache.ratis.thirdparty.io.netty.channel.nio.AbstractNioChannel$AbstractNioUnsafe.finishConnect(AbstractNioChannel.java:340)
	at org.apache.ratis.thirdparty.io.netty.channel.nio.NioEventLoop.processSelectedKey(NioEventLoop.java:632)
	at org.apache.ratis.thirdparty.io.netty.channel.nio.NioEventLoop.processSelectedKeysOptimized(NioEventLoop.java:579)
	at org.apache.ratis.thirdparty.io.netty.channel.nio.NioEventLoop.processSelectedKeys(NioEventLoop.java:496)
	at org.apache.ratis.thirdparty.io.netty.channel.nio.NioEventLoop.run(NioEventLoop.java:458)
	at org.apache.ratis.thirdparty.io.netty.util.concurrent.SingleThreadEventExecutor$5.run(SingleThreadEventExecutor.java:897)
	at org.apache.ratis.thirdparty.io.netty.util.concurrent.FastThreadLocalRunnable.run(FastThreadLocalRunnable.java:30)
	... 1 more
Caused by: java.net.ConnectException: Connection refused
	... 11 more
2019-10-18 13:08:20,800 [0e280119-6e3a-4f2d-a3bb-534f53e1c036@group-61F4B561E702-LeaderElection642] INFO  impl.RaftServerImpl (RaftServerImpl.java:setRole(184)) - 0e280119-6e3a-4f2d-a3bb-534f53e1c036@group-61F4B561E702: changes role from CANDIDATE to FOLLOWER at term 11 for DISCOVERED_A_NEW_TERM
2019-10-18 13:08:20,800 [0e280119-6e3a-4f2d-a3bb-534f53e1c036@group-EC3E8056A4BB-LeaderElection641] INFO  impl.RaftServerImpl (RaftServerImpl.java:setRole(184)) - 0e280119-6e3a-4f2d-a3bb-534f53e1c036@group-EC3E8056A4BB: changes role from CANDIDATE to FOLLOWER at term 5 for DISCOVERED_A_NEW_TERM
2019-10-18 13:08:20,800 [0e280119-6e3a-4f2d-a3bb-534f53e1c036@group-EC3E8056A4BB-LeaderElection641] INFO  impl.RoleInfo (RoleInfo.java:shutdownLeaderElection(134)) - 0e280119-6e3a-4f2d-a3bb-534f53e1c036: shutdown LeaderElection
2019-10-18 13:08:20,800 [0e280119-6e3a-4f2d-a3bb-534f53e1c036@group-61F4B561E702-LeaderElection642] INFO  impl.RoleInfo (RoleInfo.java:shutdownLeaderElection(134)) - 0e280119-6e3a-4f2d-a3bb-534f53e1c036: shutdown LeaderElection
2019-10-18 13:08:20,800 [0e280119-6e3a-4f2d-a3bb-534f53e1c036@group-EC3E8056A4BB-LeaderElection641] INFO  impl.RoleInfo (RoleInfo.java:updateAndGet(143)) - 0e280119-6e3a-4f2d-a3bb-534f53e1c036: start FollowerState
2019-10-18 13:08:20,800 [0e280119-6e3a-4f2d-a3bb-534f53e1c036@group-61F4B561E702-LeaderElection642] INFO  impl.RoleInfo (RoleInfo.java:updateAndGet(143)) - 0e280119-6e3a-4f2d-a3bb-534f53e1c036: start FollowerState
2019-10-18 13:08:21,853 [Thread-6306] INFO  impl.FollowerState (FollowerState.java:run(108)) - 0e280119-6e3a-4f2d-a3bb-534f53e1c036@group-EC3E8056A4BB-FollowerState: change to CANDIDATE, lastRpcTime:1052ms, electionTimeout:1052ms
2019-10-18 13:08:21,853 [Thread-6306] INFO  impl.RoleInfo (RoleInfo.java:shutdownFollowerState(121)) - 0e280119-6e3a-4f2d-a3bb-534f53e1c036: shutdown FollowerState
2019-10-18 13:08:21,853 [Thread-6306] INFO  impl.RaftServerImpl (RaftServerImpl.java:setRole(184)) - 0e280119-6e3a-4f2d-a3bb-534f53e1c036@group-EC3E8056A4BB: changes role from  FOLLOWER to CANDIDATE at term 5 for changeToCandidate
2019-10-18 13:08:21,854 [Thread-6306] INFO  impl.RoleInfo (RoleInfo.java:updateAndGet(143)) - 0e280119-6e3a-4f2d-a3bb-534f53e1c036: start LeaderElection
2019-10-18 13:08:21,889 [0e280119-6e3a-4f2d-a3bb-534f53e1c036@group-EC3E8056A4BB-LeaderElection643] INFO  impl.LeaderElection (LeaderElection.java:askForVotes(178)) - 0e280119-6e3a-4f2d-a3bb-534f53e1c036@group-EC3E8056A4BB-LeaderElection643: begin an election at term 6 for 0: [7d69770b-3355-4a82-aab2-02db9382227d:192.168.34.56:33301, f7720aae-b5ab-43ae-a8f0-7922fdbaf311:192.168.34.56:46404, 0e280119-6e3a-4f2d-a3bb-534f53e1c036:192.168.34.56:35105], old=null
2019-10-18 13:08:21,890 [0e280119-6e3a-4f2d-a3bb-534f53e1c036@group-EC3E8056A4BB-LeaderElection643] INFO  impl.LeaderElection (LogUtils.java:infoOrTrace(149)) - 0e280119-6e3a-4f2d-a3bb-534f53e1c036@group-EC3E8056A4BB-LeaderElection643 got exception when requesting votes: {}
java.util.concurrent.ExecutionException: org.apache.ratis.thirdparty.io.grpc.StatusRuntimeException: UNAVAILABLE: io exception
	at java.util.concurrent.FutureTask.report(FutureTask.java:122)
	at java.util.concurrent.FutureTask.get(FutureTask.java:192)
	at org.apache.ratis.server.impl.LeaderElection.waitForResults(LeaderElection.java:259)
	at org.apache.ratis.server.impl.LeaderElection.askForVotes(LeaderElection.java:197)
	at org.apache.ratis.server.impl.LeaderElection.run(LeaderElection.java:133)
	at java.lang.Thread.run(Thread.java:748)
Caused by: org.apache.ratis.thirdparty.io.grpc.StatusRuntimeException: UNAVAILABLE: io exception
	at org.apache.ratis.thirdparty.io.grpc.stub.ClientCalls.toStatusRuntimeException(ClientCalls.java:233)
	at org.apache.ratis.thirdparty.io.grpc.stub.ClientCalls.getUnchecked(ClientCalls.java:214)
	at org.apache.ratis.thirdparty.io.grpc.stub.ClientCalls.blockingUnaryCall(ClientCalls.java:139)
	at org.apache.ratis.proto.grpc.RaftServerProtocolServiceGrpc$RaftServerProtocolServiceBlockingStub.requestVote(RaftServerProtocolServiceGrpc.java:265)
	at org.apache.ratis.grpc.server.GrpcServerProtocolClient.requestVote(GrpcServerProtocolClient.java:99)
	at org.apache.ratis.grpc.server.GrpcService.requestVote(GrpcService.java:204)
	at org.apache.ratis.server.impl.LeaderElection.lambda$submitRequests$1(LeaderElection.java:234)
	at java.util.concurrent.FutureTask.run(FutureTask.java:266)
	at java.util.concurrent.Executors$RunnableAdapter.call(Executors.java:511)
	at java.util.concurrent.FutureTask.run(FutureTask.java:266)
	at java.util.concurrent.ThreadPoolExecutor.runWorker(ThreadPoolExecutor.java:1149)
	at java.util.concurrent.ThreadPoolExecutor$Worker.run(ThreadPoolExecutor.java:624)
	... 1 more
Caused by: org.apache.ratis.thirdparty.io.netty.channel.AbstractChannel$AnnotatedConnectException: Connection refused: /192.168.34.56:33301
	at sun.nio.ch.SocketChannelImpl.checkConnect(Native Method)
	at sun.nio.ch.SocketChannelImpl.finishConnect(SocketChannelImpl.java:717)
	at org.apache.ratis.thirdparty.io.netty.channel.socket.nio.NioSocketChannel.doFinishConnect(NioSocketChannel.java:327)
	at org.apache.ratis.thirdparty.io.netty.channel.nio.AbstractNioChannel$AbstractNioUnsafe.finishConnect(AbstractNioChannel.java:340)
	at org.apache.ratis.thirdparty.io.netty.channel.nio.NioEventLoop.processSelectedKey(NioEventLoop.java:632)
	at org.apache.ratis.thirdparty.io.netty.channel.nio.NioEventLoop.processSelectedKeysOptimized(NioEventLoop.java:579)
	at org.apache.ratis.thirdparty.io.netty.channel.nio.NioEventLoop.processSelectedKeys(NioEventLoop.java:496)
	at org.apache.ratis.thirdparty.io.netty.channel.nio.NioEventLoop.run(NioEventLoop.java:458)
	at org.apache.ratis.thirdparty.io.netty.util.concurrent.SingleThreadEventExecutor$5.run(SingleThreadEventExecutor.java:897)
	at org.apache.ratis.thirdparty.io.netty.util.concurrent.FastThreadLocalRunnable.run(FastThreadLocalRunnable.java:30)
	... 1 more
Caused by: java.net.ConnectException: Connection refused
	... 11 more
2019-10-18 13:08:21,891 [0e280119-6e3a-4f2d-a3bb-534f53e1c036@group-EC3E8056A4BB-LeaderElection643] INFO  impl.LeaderElection (LogUtils.java:infoOrTrace(149)) - 0e280119-6e3a-4f2d-a3bb-534f53e1c036@group-EC3E8056A4BB-LeaderElection643 got exception when requesting votes: {}
java.util.concurrent.ExecutionException: org.apache.ratis.thirdparty.io.grpc.StatusRuntimeException: UNAVAILABLE: io exception
	at java.util.concurrent.FutureTask.report(FutureTask.java:122)
	at java.util.concurrent.FutureTask.get(FutureTask.java:192)
	at org.apache.ratis.server.impl.LeaderElection.waitForResults(LeaderElection.java:259)
	at org.apache.ratis.server.impl.LeaderElection.askForVotes(LeaderElection.java:197)
	at org.apache.ratis.server.impl.LeaderElection.run(LeaderElection.java:133)
	at java.lang.Thread.run(Thread.java:748)
Caused by: org.apache.ratis.thirdparty.io.grpc.StatusRuntimeException: UNAVAILABLE: io exception
	at org.apache.ratis.thirdparty.io.grpc.stub.ClientCalls.toStatusRuntimeException(ClientCalls.java:233)
	at org.apache.ratis.thirdparty.io.grpc.stub.ClientCalls.getUnchecked(ClientCalls.java:214)
	at org.apache.ratis.thirdparty.io.grpc.stub.ClientCalls.blockingUnaryCall(ClientCalls.java:139)
	at org.apache.ratis.proto.grpc.RaftServerProtocolServiceGrpc$RaftServerProtocolServiceBlockingStub.requestVote(RaftServerProtocolServiceGrpc.java:265)
	at org.apache.ratis.grpc.server.GrpcServerProtocolClient.requestVote(GrpcServerProtocolClient.java:99)
	at org.apache.ratis.grpc.server.GrpcService.requestVote(GrpcService.java:204)
	at org.apache.ratis.server.impl.LeaderElection.lambda$submitRequests$1(LeaderElection.java:234)
	at java.util.concurrent.FutureTask.run(FutureTask.java:266)
	at java.util.concurrent.Executors$RunnableAdapter.call(Executors.java:511)
	at java.util.concurrent.FutureTask.run(FutureTask.java:266)
	at java.util.concurrent.ThreadPoolExecutor.runWorker(ThreadPoolExecutor.java:1149)
	at java.util.concurrent.ThreadPoolExecutor$Worker.run(ThreadPoolExecutor.java:624)
	... 1 more
Caused by: org.apache.ratis.thirdparty.io.netty.channel.AbstractChannel$AnnotatedConnectException: Connection refused: /192.168.34.56:46404
	at sun.nio.ch.SocketChannelImpl.checkConnect(Native Method)
	at sun.nio.ch.SocketChannelImpl.finishConnect(SocketChannelImpl.java:717)
	at org.apache.ratis.thirdparty.io.netty.channel.socket.nio.NioSocketChannel.doFinishConnect(NioSocketChannel.java:327)
	at org.apache.ratis.thirdparty.io.netty.channel.nio.AbstractNioChannel$AbstractNioUnsafe.finishConnect(AbstractNioChannel.java:340)
	at org.apache.ratis.thirdparty.io.netty.channel.nio.NioEventLoop.processSelectedKey(NioEventLoop.java:632)
	at org.apache.ratis.thirdparty.io.netty.channel.nio.NioEventLoop.processSelectedKeysOptimized(NioEventLoop.java:579)
	at org.apache.ratis.thirdparty.io.netty.channel.nio.NioEventLoop.processSelectedKeys(NioEventLoop.java:496)
	at org.apache.ratis.thirdparty.io.netty.channel.nio.NioEventLoop.run(NioEventLoop.java:458)
	at org.apache.ratis.thirdparty.io.netty.util.concurrent.SingleThreadEventExecutor$5.run(SingleThreadEventExecutor.java:897)
	at org.apache.ratis.thirdparty.io.netty.util.concurrent.FastThreadLocalRunnable.run(FastThreadLocalRunnable.java:30)
	... 1 more
Caused by: java.net.ConnectException: Connection refused
	... 11 more
2019-10-18 13:08:21,892 [0e280119-6e3a-4f2d-a3bb-534f53e1c036@group-EC3E8056A4BB-LeaderElection643] INFO  impl.LeaderElection (LeaderElection.java:logAndReturn(56)) - 0e280119-6e3a-4f2d-a3bb-534f53e1c036@group-EC3E8056A4BB-LeaderElection643: Election REJECTED; received 0 response(s) [] and 2 exception(s); 0e280119-6e3a-4f2d-a3bb-534f53e1c036@group-EC3E8056A4BB:t6, leader=null, voted=0e280119-6e3a-4f2d-a3bb-534f53e1c036, raftlog=0e280119-6e3a-4f2d-a3bb-534f53e1c036@group-EC3E8056A4BB-SegmentedRaftLog:OPENED:c0,f0,i0, conf=0: [7d69770b-3355-4a82-aab2-02db9382227d:192.168.34.56:33301, f7720aae-b5ab-43ae-a8f0-7922fdbaf311:192.168.34.56:46404, 0e280119-6e3a-4f2d-a3bb-534f53e1c036:192.168.34.56:35105], old=null
2019-10-18 13:08:21,892 [0e280119-6e3a-4f2d-a3bb-534f53e1c036@group-EC3E8056A4BB-LeaderElection643] INFO  impl.LeaderElection (LogUtils.java:infoOrTrace(149)) -   Exception 0: {}
java.util.concurrent.ExecutionException: org.apache.ratis.thirdparty.io.grpc.StatusRuntimeException: UNAVAILABLE: io exception
	at java.util.concurrent.FutureTask.report(FutureTask.java:122)
	at java.util.concurrent.FutureTask.get(FutureTask.java:192)
	at org.apache.ratis.server.impl.LeaderElection.waitForResults(LeaderElection.java:259)
	at org.apache.ratis.server.impl.LeaderElection.askForVotes(LeaderElection.java:197)
	at org.apache.ratis.server.impl.LeaderElection.run(LeaderElection.java:133)
	at java.lang.Thread.run(Thread.java:748)
Caused by: org.apache.ratis.thirdparty.io.grpc.StatusRuntimeException: UNAVAILABLE: io exception
	at org.apache.ratis.thirdparty.io.grpc.stub.ClientCalls.toStatusRuntimeException(ClientCalls.java:233)
	at org.apache.ratis.thirdparty.io.grpc.stub.ClientCalls.getUnchecked(ClientCalls.java:214)
	at org.apache.ratis.thirdparty.io.grpc.stub.ClientCalls.blockingUnaryCall(ClientCalls.java:139)
	at org.apache.ratis.proto.grpc.RaftServerProtocolServiceGrpc$RaftServerProtocolServiceBlockingStub.requestVote(RaftServerProtocolServiceGrpc.java:265)
	at org.apache.ratis.grpc.server.GrpcServerProtocolClient.requestVote(GrpcServerProtocolClient.java:99)
	at org.apache.ratis.grpc.server.GrpcService.requestVote(GrpcService.java:204)
	at org.apache.ratis.server.impl.LeaderElection.lambda$submitRequests$1(LeaderElection.java:234)
	at java.util.concurrent.FutureTask.run(FutureTask.java:266)
	at java.util.concurrent.Executors$RunnableAdapter.call(Executors.java:511)
	at java.util.concurrent.FutureTask.run(FutureTask.java:266)
	at java.util.concurrent.ThreadPoolExecutor.runWorker(ThreadPoolExecutor.java:1149)
	at java.util.concurrent.ThreadPoolExecutor$Worker.run(ThreadPoolExecutor.java:624)
	... 1 more
Caused by: org.apache.ratis.thirdparty.io.netty.channel.AbstractChannel$AnnotatedConnectException: Connection refused: /192.168.34.56:33301
	at sun.nio.ch.SocketChannelImpl.checkConnect(Native Method)
	at sun.nio.ch.SocketChannelImpl.finishConnect(SocketChannelImpl.java:717)
	at org.apache.ratis.thirdparty.io.netty.channel.socket.nio.NioSocketChannel.doFinishConnect(NioSocketChannel.java:327)
	at org.apache.ratis.thirdparty.io.netty.channel.nio.AbstractNioChannel$AbstractNioUnsafe.finishConnect(AbstractNioChannel.java:340)
	at org.apache.ratis.thirdparty.io.netty.channel.nio.NioEventLoop.processSelectedKey(NioEventLoop.java:632)
	at org.apache.ratis.thirdparty.io.netty.channel.nio.NioEventLoop.processSelectedKeysOptimized(NioEventLoop.java:579)
	at org.apache.ratis.thirdparty.io.netty.channel.nio.NioEventLoop.processSelectedKeys(NioEventLoop.java:496)
	at org.apache.ratis.thirdparty.io.netty.channel.nio.NioEventLoop.run(NioEventLoop.java:458)
	at org.apache.ratis.thirdparty.io.netty.util.concurrent.SingleThreadEventExecutor$5.run(SingleThreadEventExecutor.java:897)
	at org.apache.ratis.thirdparty.io.netty.util.concurrent.FastThreadLocalRunnable.run(FastThreadLocalRunnable.java:30)
	... 1 more
Caused by: java.net.ConnectException: Connection refused
	... 11 more
2019-10-18 13:08:21,892 [0e280119-6e3a-4f2d-a3bb-534f53e1c036@group-EC3E8056A4BB-LeaderElection643] INFO  impl.LeaderElection (LogUtils.java:infoOrTrace(149)) -   Exception 1: {}
java.util.concurrent.ExecutionException: org.apache.ratis.thirdparty.io.grpc.StatusRuntimeException: UNAVAILABLE: io exception
	at java.util.concurrent.FutureTask.report(FutureTask.java:122)
	at java.util.concurrent.FutureTask.get(FutureTask.java:192)
	at org.apache.ratis.server.impl.LeaderElection.waitForResults(LeaderElection.java:259)
	at org.apache.ratis.server.impl.LeaderElection.askForVotes(LeaderElection.java:197)
	at org.apache.ratis.server.impl.LeaderElection.run(LeaderElection.java:133)
	at java.lang.Thread.run(Thread.java:748)
Caused by: org.apache.ratis.thirdparty.io.grpc.StatusRuntimeException: UNAVAILABLE: io exception
	at org.apache.ratis.thirdparty.io.grpc.stub.ClientCalls.toStatusRuntimeException(ClientCalls.java:233)
	at org.apache.ratis.thirdparty.io.grpc.stub.ClientCalls.getUnchecked(ClientCalls.java:214)
	at org.apache.ratis.thirdparty.io.grpc.stub.ClientCalls.blockingUnaryCall(ClientCalls.java:139)
	at org.apache.ratis.proto.grpc.RaftServerProtocolServiceGrpc$RaftServerProtocolServiceBlockingStub.requestVote(RaftServerProtocolServiceGrpc.java:265)
	at org.apache.ratis.grpc.server.GrpcServerProtocolClient.requestVote(GrpcServerProtocolClient.java:99)
	at org.apache.ratis.grpc.server.GrpcService.requestVote(GrpcService.java:204)
	at org.apache.ratis.server.impl.LeaderElection.lambda$submitRequests$1(LeaderElection.java:234)
	at java.util.concurrent.FutureTask.run(FutureTask.java:266)
	at java.util.concurrent.Executors$RunnableAdapter.call(Executors.java:511)
	at java.util.concurrent.FutureTask.run(FutureTask.java:266)
	at java.util.concurrent.ThreadPoolExecutor.runWorker(ThreadPoolExecutor.java:1149)
	at java.util.concurrent.ThreadPoolExecutor$Worker.run(ThreadPoolExecutor.java:624)
	... 1 more
Caused by: org.apache.ratis.thirdparty.io.netty.channel.AbstractChannel$AnnotatedConnectException: Connection refused: /192.168.34.56:46404
	at sun.nio.ch.SocketChannelImpl.checkConnect(Native Method)
	at sun.nio.ch.SocketChannelImpl.finishConnect(SocketChannelImpl.java:717)
	at org.apache.ratis.thirdparty.io.netty.channel.socket.nio.NioSocketChannel.doFinishConnect(NioSocketChannel.java:327)
	at org.apache.ratis.thirdparty.io.netty.channel.nio.AbstractNioChannel$AbstractNioUnsafe.finishConnect(AbstractNioChannel.java:340)
	at org.apache.ratis.thirdparty.io.netty.channel.nio.NioEventLoop.processSelectedKey(NioEventLoop.java:632)
	at org.apache.ratis.thirdparty.io.netty.channel.nio.NioEventLoop.processSelectedKeysOptimized(NioEventLoop.java:579)
	at org.apache.ratis.thirdparty.io.netty.channel.nio.NioEventLoop.processSelectedKeys(NioEventLoop.java:496)
	at org.apache.ratis.thirdparty.io.netty.channel.nio.NioEventLoop.run(NioEventLoop.java:458)
	at org.apache.ratis.thirdparty.io.netty.util.concurrent.SingleThreadEventExecutor$5.run(SingleThreadEventExecutor.java:897)
	at org.apache.ratis.thirdparty.io.netty.util.concurrent.FastThreadLocalRunnable.run(FastThreadLocalRunnable.java:30)
	... 1 more
Caused by: java.net.ConnectException: Connection refused
	... 11 more
2019-10-18 13:08:21,892 [0e280119-6e3a-4f2d-a3bb-534f53e1c036@group-EC3E8056A4BB-LeaderElection643] INFO  impl.RaftServerImpl (RaftServerImpl.java:setRole(184)) - 0e280119-6e3a-4f2d-a3bb-534f53e1c036@group-EC3E8056A4BB: changes role from CANDIDATE to FOLLOWER at term 6 for DISCOVERED_A_NEW_TERM
2019-10-18 13:08:21,893 [0e280119-6e3a-4f2d-a3bb-534f53e1c036@group-EC3E8056A4BB-LeaderElection643] INFO  impl.RoleInfo (RoleInfo.java:shutdownLeaderElection(134)) - 0e280119-6e3a-4f2d-a3bb-534f53e1c036: shutdown LeaderElection
2019-10-18 13:08:21,893 [0e280119-6e3a-4f2d-a3bb-534f53e1c036@group-EC3E8056A4BB-LeaderElection643] INFO  impl.RoleInfo (RoleInfo.java:updateAndGet(143)) - 0e280119-6e3a-4f2d-a3bb-534f53e1c036: start FollowerState
2019-10-18 13:08:21,901 [Thread-6307] INFO  impl.FollowerState (FollowerState.java:run(108)) - 0e280119-6e3a-4f2d-a3bb-534f53e1c036@group-61F4B561E702-FollowerState: change to CANDIDATE, lastRpcTime:1100ms, electionTimeout:1100ms
2019-10-18 13:08:21,901 [Thread-6307] INFO  impl.RoleInfo (RoleInfo.java:shutdownFollowerState(121)) - 0e280119-6e3a-4f2d-a3bb-534f53e1c036: shutdown FollowerState
2019-10-18 13:08:21,901 [Thread-6307] INFO  impl.RaftServerImpl (RaftServerImpl.java:setRole(184)) - 0e280119-6e3a-4f2d-a3bb-534f53e1c036@group-61F4B561E702: changes role from  FOLLOWER to CANDIDATE at term 11 for changeToCandidate
2019-10-18 13:08:21,901 [Thread-6307] INFO  impl.RoleInfo (RoleInfo.java:updateAndGet(143)) - 0e280119-6e3a-4f2d-a3bb-534f53e1c036: start LeaderElection
2019-10-18 13:08:21,927 [0e280119-6e3a-4f2d-a3bb-534f53e1c036@group-61F4B561E702-LeaderElection644] INFO  impl.LeaderElection (LeaderElection.java:askForVotes(178)) - 0e280119-6e3a-4f2d-a3bb-534f53e1c036@group-61F4B561E702-LeaderElection644: begin an election at term 12 for 0: [7d69770b-3355-4a82-aab2-02db9382227d:192.168.34.56:33301, f7720aae-b5ab-43ae-a8f0-7922fdbaf311:192.168.34.56:46404, 0e280119-6e3a-4f2d-a3bb-534f53e1c036:192.168.34.56:35105], old=null
2019-10-18 13:08:21,928 [0e280119-6e3a-4f2d-a3bb-534f53e1c036@group-61F4B561E702-LeaderElection644] INFO  impl.LeaderElection (LogUtils.java:infoOrTrace(149)) - 0e280119-6e3a-4f2d-a3bb-534f53e1c036@group-61F4B561E702-LeaderElection644 got exception when requesting votes: {}
java.util.concurrent.ExecutionException: org.apache.ratis.thirdparty.io.grpc.StatusRuntimeException: UNAVAILABLE: io exception
	at java.util.concurrent.FutureTask.report(FutureTask.java:122)
	at java.util.concurrent.FutureTask.get(FutureTask.java:192)
	at org.apache.ratis.server.impl.LeaderElection.waitForResults(LeaderElection.java:259)
	at org.apache.ratis.server.impl.LeaderElection.askForVotes(LeaderElection.java:197)
	at org.apache.ratis.server.impl.LeaderElection.run(LeaderElection.java:133)
	at java.lang.Thread.run(Thread.java:748)
Caused by: org.apache.ratis.thirdparty.io.grpc.StatusRuntimeException: UNAVAILABLE: io exception
	at org.apache.ratis.thirdparty.io.grpc.stub.ClientCalls.toStatusRuntimeException(ClientCalls.java:233)
	at org.apache.ratis.thirdparty.io.grpc.stub.ClientCalls.getUnchecked(ClientCalls.java:214)
	at org.apache.ratis.thirdparty.io.grpc.stub.ClientCalls.blockingUnaryCall(ClientCalls.java:139)
	at org.apache.ratis.proto.grpc.RaftServerProtocolServiceGrpc$RaftServerProtocolServiceBlockingStub.requestVote(RaftServerProtocolServiceGrpc.java:265)
	at org.apache.ratis.grpc.server.GrpcServerProtocolClient.requestVote(GrpcServerProtocolClient.java:99)
	at org.apache.ratis.grpc.server.GrpcService.requestVote(GrpcService.java:204)
	at org.apache.ratis.server.impl.LeaderElection.lambda$submitRequests$1(LeaderElection.java:234)
	at java.util.concurrent.FutureTask.run(FutureTask.java:266)
	at java.util.concurrent.Executors$RunnableAdapter.call(Executors.java:511)
	at java.util.concurrent.FutureTask.run(FutureTask.java:266)
	at java.util.concurrent.ThreadPoolExecutor.runWorker(ThreadPoolExecutor.java:1149)
	at java.util.concurrent.ThreadPoolExecutor$Worker.run(ThreadPoolExecutor.java:624)
	... 1 more
Caused by: org.apache.ratis.thirdparty.io.netty.channel.AbstractChannel$AnnotatedConnectException: Connection refused: /192.168.34.56:33301
	at sun.nio.ch.SocketChannelImpl.checkConnect(Native Method)
	at sun.nio.ch.SocketChannelImpl.finishConnect(SocketChannelImpl.java:717)
	at org.apache.ratis.thirdparty.io.netty.channel.socket.nio.NioSocketChannel.doFinishConnect(NioSocketChannel.java:327)
	at org.apache.ratis.thirdparty.io.netty.channel.nio.AbstractNioChannel$AbstractNioUnsafe.finishConnect(AbstractNioChannel.java:340)
	at org.apache.ratis.thirdparty.io.netty.channel.nio.NioEventLoop.processSelectedKey(NioEventLoop.java:632)
	at org.apache.ratis.thirdparty.io.netty.channel.nio.NioEventLoop.processSelectedKeysOptimized(NioEventLoop.java:579)
	at org.apache.ratis.thirdparty.io.netty.channel.nio.NioEventLoop.processSelectedKeys(NioEventLoop.java:496)
	at org.apache.ratis.thirdparty.io.netty.channel.nio.NioEventLoop.run(NioEventLoop.java:458)
	at org.apache.ratis.thirdparty.io.netty.util.concurrent.SingleThreadEventExecutor$5.run(SingleThreadEventExecutor.java:897)
	at org.apache.ratis.thirdparty.io.netty.util.concurrent.FastThreadLocalRunnable.run(FastThreadLocalRunnable.java:30)
	... 1 more
Caused by: java.net.ConnectException: Connection refused
	... 11 more
2019-10-18 13:08:21,928 [0e280119-6e3a-4f2d-a3bb-534f53e1c036@group-61F4B561E702-LeaderElection644] INFO  impl.LeaderElection (LogUtils.java:infoOrTrace(149)) - 0e280119-6e3a-4f2d-a3bb-534f53e1c036@group-61F4B561E702-LeaderElection644 got exception when requesting votes: {}
java.util.concurrent.ExecutionException: org.apache.ratis.thirdparty.io.grpc.StatusRuntimeException: UNAVAILABLE: io exception
	at java.util.concurrent.FutureTask.report(FutureTask.java:122)
	at java.util.concurrent.FutureTask.get(FutureTask.java:192)
	at org.apache.ratis.server.impl.LeaderElection.waitForResults(LeaderElection.java:259)
	at org.apache.ratis.server.impl.LeaderElection.askForVotes(LeaderElection.java:197)
	at org.apache.ratis.server.impl.LeaderElection.run(LeaderElection.java:133)
	at java.lang.Thread.run(Thread.java:748)
Caused by: org.apache.ratis.thirdparty.io.grpc.StatusRuntimeException: UNAVAILABLE: io exception
	at org.apache.ratis.thirdparty.io.grpc.stub.ClientCalls.toStatusRuntimeException(ClientCalls.java:233)
	at org.apache.ratis.thirdparty.io.grpc.stub.ClientCalls.getUnchecked(ClientCalls.java:214)
	at org.apache.ratis.thirdparty.io.grpc.stub.ClientCalls.blockingUnaryCall(ClientCalls.java:139)
	at org.apache.ratis.proto.grpc.RaftServerProtocolServiceGrpc$RaftServerProtocolServiceBlockingStub.requestVote(RaftServerProtocolServiceGrpc.java:265)
	at org.apache.ratis.grpc.server.GrpcServerProtocolClient.requestVote(GrpcServerProtocolClient.java:99)
	at org.apache.ratis.grpc.server.GrpcService.requestVote(GrpcService.java:204)
	at org.apache.ratis.server.impl.LeaderElection.lambda$submitRequests$1(LeaderElection.java:234)
	at java.util.concurrent.FutureTask.run(FutureTask.java:266)
	at java.util.concurrent.Executors$RunnableAdapter.call(Executors.java:511)
	at java.util.concurrent.FutureTask.run(FutureTask.java:266)
	at java.util.concurrent.ThreadPoolExecutor.runWorker(ThreadPoolExecutor.java:1149)
	at java.util.concurrent.ThreadPoolExecutor$Worker.run(ThreadPoolExecutor.java:624)
	... 1 more
Caused by: org.apache.ratis.thirdparty.io.netty.channel.AbstractChannel$AnnotatedConnectException: Connection refused: /192.168.34.56:46404
	at sun.nio.ch.SocketChannelImpl.checkConnect(Native Method)
	at sun.nio.ch.SocketChannelImpl.finishConnect(SocketChannelImpl.java:717)
	at org.apache.ratis.thirdparty.io.netty.channel.socket.nio.NioSocketChannel.doFinishConnect(NioSocketChannel.java:327)
	at org.apache.ratis.thirdparty.io.netty.channel.nio.AbstractNioChannel$AbstractNioUnsafe.finishConnect(AbstractNioChannel.java:340)
	at org.apache.ratis.thirdparty.io.netty.channel.nio.NioEventLoop.processSelectedKey(NioEventLoop.java:632)
	at org.apache.ratis.thirdparty.io.netty.channel.nio.NioEventLoop.processSelectedKeysOptimized(NioEventLoop.java:579)
	at org.apache.ratis.thirdparty.io.netty.channel.nio.NioEventLoop.processSelectedKeys(NioEventLoop.java:496)
	at org.apache.ratis.thirdparty.io.netty.channel.nio.NioEventLoop.run(NioEventLoop.java:458)
	at org.apache.ratis.thirdparty.io.netty.util.concurrent.SingleThreadEventExecutor$5.run(SingleThreadEventExecutor.java:897)
	at org.apache.ratis.thirdparty.io.netty.util.concurrent.FastThreadLocalRunnable.run(FastThreadLocalRunnable.java:30)
	... 1 more
Caused by: java.net.ConnectException: Connection refused
	... 11 more
2019-10-18 13:08:21,929 [0e280119-6e3a-4f2d-a3bb-534f53e1c036@group-61F4B561E702-LeaderElection644] INFO  impl.LeaderElection (LeaderElection.java:logAndReturn(56)) - 0e280119-6e3a-4f2d-a3bb-534f53e1c036@group-61F4B561E702-LeaderElection644: Election REJECTED; received 0 response(s) [] and 2 exception(s); 0e280119-6e3a-4f2d-a3bb-534f53e1c036@group-61F4B561E702:t12, leader=null, voted=0e280119-6e3a-4f2d-a3bb-534f53e1c036, raftlog=0e280119-6e3a-4f2d-a3bb-534f53e1c036@group-61F4B561E702-SegmentedRaftLog:OPENED:c0,f0,i0, conf=0: [7d69770b-3355-4a82-aab2-02db9382227d:192.168.34.56:33301, f7720aae-b5ab-43ae-a8f0-7922fdbaf311:192.168.34.56:46404, 0e280119-6e3a-4f2d-a3bb-534f53e1c036:192.168.34.56:35105], old=null
2019-10-18 13:08:21,929 [0e280119-6e3a-4f2d-a3bb-534f53e1c036@group-61F4B561E702-LeaderElection644] INFO  impl.LeaderElection (LogUtils.java:infoOrTrace(149)) -   Exception 0: {}
java.util.concurrent.ExecutionException: org.apache.ratis.thirdparty.io.grpc.StatusRuntimeException: UNAVAILABLE: io exception
	at java.util.concurrent.FutureTask.report(FutureTask.java:122)
	at java.util.concurrent.FutureTask.get(FutureTask.java:192)
	at org.apache.ratis.server.impl.LeaderElection.waitForResults(LeaderElection.java:259)
	at org.apache.ratis.server.impl.LeaderElection.askForVotes(LeaderElection.java:197)
	at org.apache.ratis.server.impl.LeaderElection.run(LeaderElection.java:133)
	at java.lang.Thread.run(Thread.java:748)
Caused by: org.apache.ratis.thirdparty.io.grpc.StatusRuntimeException: UNAVAILABLE: io exception
	at org.apache.ratis.thirdparty.io.grpc.stub.ClientCalls.toStatusRuntimeException(ClientCalls.java:233)
	at org.apache.ratis.thirdparty.io.grpc.stub.ClientCalls.getUnchecked(ClientCalls.java:214)
	at org.apache.ratis.thirdparty.io.grpc.stub.ClientCalls.blockingUnaryCall(ClientCalls.java:139)
	at org.apache.ratis.proto.grpc.RaftServerProtocolServiceGrpc$RaftServerProtocolServiceBlockingStub.requestVote(RaftServerProtocolServiceGrpc.java:265)
	at org.apache.ratis.grpc.server.GrpcServerProtocolClient.requestVote(GrpcServerProtocolClient.java:99)
	at org.apache.ratis.grpc.server.GrpcService.requestVote(GrpcService.java:204)
	at org.apache.ratis.server.impl.LeaderElection.lambda$submitRequests$1(LeaderElection.java:234)
	at java.util.concurrent.FutureTask.run(FutureTask.java:266)
	at java.util.concurrent.Executors$RunnableAdapter.call(Executors.java:511)
	at java.util.concurrent.FutureTask.run(FutureTask.java:266)
	at java.util.concurrent.ThreadPoolExecutor.runWorker(ThreadPoolExecutor.java:1149)
	at java.util.concurrent.ThreadPoolExecutor$Worker.run(ThreadPoolExecutor.java:624)
	... 1 more
Caused by: org.apache.ratis.thirdparty.io.netty.channel.AbstractChannel$AnnotatedConnectException: Connection refused: /192.168.34.56:33301
	at sun.nio.ch.SocketChannelImpl.checkConnect(Native Method)
	at sun.nio.ch.SocketChannelImpl.finishConnect(SocketChannelImpl.java:717)
	at org.apache.ratis.thirdparty.io.netty.channel.socket.nio.NioSocketChannel.doFinishConnect(NioSocketChannel.java:327)
	at org.apache.ratis.thirdparty.io.netty.channel.nio.AbstractNioChannel$AbstractNioUnsafe.finishConnect(AbstractNioChannel.java:340)
	at org.apache.ratis.thirdparty.io.netty.channel.nio.NioEventLoop.processSelectedKey(NioEventLoop.java:632)
	at org.apache.ratis.thirdparty.io.netty.channel.nio.NioEventLoop.processSelectedKeysOptimized(NioEventLoop.java:579)
	at org.apache.ratis.thirdparty.io.netty.channel.nio.NioEventLoop.processSelectedKeys(NioEventLoop.java:496)
	at org.apache.ratis.thirdparty.io.netty.channel.nio.NioEventLoop.run(NioEventLoop.java:458)
	at org.apache.ratis.thirdparty.io.netty.util.concurrent.SingleThreadEventExecutor$5.run(SingleThreadEventExecutor.java:897)
	at org.apache.ratis.thirdparty.io.netty.util.concurrent.FastThreadLocalRunnable.run(FastThreadLocalRunnable.java:30)
	... 1 more
Caused by: java.net.ConnectException: Connection refused
	... 11 more
2019-10-18 13:08:21,929 [0e280119-6e3a-4f2d-a3bb-534f53e1c036@group-61F4B561E702-LeaderElection644] INFO  impl.LeaderElection (LogUtils.java:infoOrTrace(149)) -   Exception 1: {}
java.util.concurrent.ExecutionException: org.apache.ratis.thirdparty.io.grpc.StatusRuntimeException: UNAVAILABLE: io exception
	at java.util.concurrent.FutureTask.report(FutureTask.java:122)
	at java.util.concurrent.FutureTask.get(FutureTask.java:192)
	at org.apache.ratis.server.impl.LeaderElection.waitForResults(LeaderElection.java:259)
	at org.apache.ratis.server.impl.LeaderElection.askForVotes(LeaderElection.java:197)
	at org.apache.ratis.server.impl.LeaderElection.run(LeaderElection.java:133)
	at java.lang.Thread.run(Thread.java:748)
Caused by: org.apache.ratis.thirdparty.io.grpc.StatusRuntimeException: UNAVAILABLE: io exception
	at org.apache.ratis.thirdparty.io.grpc.stub.ClientCalls.toStatusRuntimeException(ClientCalls.java:233)
	at org.apache.ratis.thirdparty.io.grpc.stub.ClientCalls.getUnchecked(ClientCalls.java:214)
	at org.apache.ratis.thirdparty.io.grpc.stub.ClientCalls.blockingUnaryCall(ClientCalls.java:139)
	at org.apache.ratis.proto.grpc.RaftServerProtocolServiceGrpc$RaftServerProtocolServiceBlockingStub.requestVote(RaftServerProtocolServiceGrpc.java:265)
	at org.apache.ratis.grpc.server.GrpcServerProtocolClient.requestVote(GrpcServerProtocolClient.java:99)
	at org.apache.ratis.grpc.server.GrpcService.requestVote(GrpcService.java:204)
	at org.apache.ratis.server.impl.LeaderElection.lambda$submitRequests$1(LeaderElection.java:234)
	at java.util.concurrent.FutureTask.run(FutureTask.java:266)
	at java.util.concurrent.Executors$RunnableAdapter.call(Executors.java:511)
	at java.util.concurrent.FutureTask.run(FutureTask.java:266)
	at java.util.concurrent.ThreadPoolExecutor.runWorker(ThreadPoolExecutor.java:1149)
	at java.util.concurrent.ThreadPoolExecutor$Worker.run(ThreadPoolExecutor.java:624)
	... 1 more
Caused by: org.apache.ratis.thirdparty.io.netty.channel.AbstractChannel$AnnotatedConnectException: Connection refused: /192.168.34.56:46404
	at sun.nio.ch.SocketChannelImpl.checkConnect(Native Method)
	at sun.nio.ch.SocketChannelImpl.finishConnect(SocketChannelImpl.java:717)
	at org.apache.ratis.thirdparty.io.netty.channel.socket.nio.NioSocketChannel.doFinishConnect(NioSocketChannel.java:327)
	at org.apache.ratis.thirdparty.io.netty.channel.nio.AbstractNioChannel$AbstractNioUnsafe.finishConnect(AbstractNioChannel.java:340)
	at org.apache.ratis.thirdparty.io.netty.channel.nio.NioEventLoop.processSelectedKey(NioEventLoop.java:632)
	at org.apache.ratis.thirdparty.io.netty.channel.nio.NioEventLoop.processSelectedKeysOptimized(NioEventLoop.java:579)
	at org.apache.ratis.thirdparty.io.netty.channel.nio.NioEventLoop.processSelectedKeys(NioEventLoop.java:496)
	at org.apache.ratis.thirdparty.io.netty.channel.nio.NioEventLoop.run(NioEventLoop.java:458)
	at org.apache.ratis.thirdparty.io.netty.util.concurrent.SingleThreadEventExecutor$5.run(SingleThreadEventExecutor.java:897)
	at org.apache.ratis.thirdparty.io.netty.util.concurrent.FastThreadLocalRunnable.run(FastThreadLocalRunnable.java:30)
	... 1 more
Caused by: java.net.ConnectException: Connection refused
	... 11 more
2019-10-18 13:08:21,929 [0e280119-6e3a-4f2d-a3bb-534f53e1c036@group-61F4B561E702-LeaderElection644] INFO  impl.RaftServerImpl (RaftServerImpl.java:setRole(184)) - 0e280119-6e3a-4f2d-a3bb-534f53e1c036@group-61F4B561E702: changes role from CANDIDATE to FOLLOWER at term 12 for DISCOVERED_A_NEW_TERM
2019-10-18 13:08:21,930 [0e280119-6e3a-4f2d-a3bb-534f53e1c036@group-61F4B561E702-LeaderElection644] INFO  impl.RoleInfo (RoleInfo.java:shutdownLeaderElection(134)) - 0e280119-6e3a-4f2d-a3bb-534f53e1c036: shutdown LeaderElection
2019-10-18 13:08:21,930 [0e280119-6e3a-4f2d-a3bb-534f53e1c036@group-61F4B561E702-LeaderElection644] INFO  impl.RoleInfo (RoleInfo.java:updateAndGet(143)) - 0e280119-6e3a-4f2d-a3bb-534f53e1c036: start FollowerState
2019-10-18 13:08:22,091 [java.util.concurrent.ThreadPoolExecutor$Worker@38a40473[State = -1, empty queue]] WARN  server.GrpcLogAppender (GrpcLogAppender.java:timeoutAppendRequest(209)) - 0e280119-6e3a-4f2d-a3bb-534f53e1c036@group-9A2401E47D95->7d69770b-3355-4a82-aab2-02db9382227d-GrpcLogAppender: appendEntries Timeout, request=0e280119-6e3a-4f2d-a3bb-534f53e1c036->7d69770b-3355-4a82-aab2-02db9382227d#10-t4, previous=(t:4, i:0), leaderCommit=0, initializing? false, entries: <empty>
2019-10-18 13:08:22,591 [java.util.concurrent.ThreadPoolExecutor$Worker@38a40473[State = -1, empty queue]] WARN  server.GrpcLogAppender (GrpcLogAppender.java:timeoutAppendRequest(209)) - 0e280119-6e3a-4f2d-a3bb-534f53e1c036@group-9A2401E47D95->7d69770b-3355-4a82-aab2-02db9382227d-GrpcLogAppender: appendEntries Timeout, request=0e280119-6e3a-4f2d-a3bb-534f53e1c036->7d69770b-3355-4a82-aab2-02db9382227d#11-t4, previous=(t:4, i:0), leaderCommit=0, initializing? false, entries: <empty>
2019-10-18 13:08:22,976 [Thread-6311] INFO  impl.FollowerState (FollowerState.java:run(108)) - 0e280119-6e3a-4f2d-a3bb-534f53e1c036@group-EC3E8056A4BB-FollowerState: change to CANDIDATE, lastRpcTime:1083ms, electionTimeout:1083ms
2019-10-18 13:08:22,976 [Thread-6311] INFO  impl.RoleInfo (RoleInfo.java:shutdownFollowerState(121)) - 0e280119-6e3a-4f2d-a3bb-534f53e1c036: shutdown FollowerState
2019-10-18 13:08:22,976 [Thread-6311] INFO  impl.RaftServerImpl (RaftServerImpl.java:setRole(184)) - 0e280119-6e3a-4f2d-a3bb-534f53e1c036@group-EC3E8056A4BB: changes role from  FOLLOWER to CANDIDATE at term 6 for changeToCandidate
2019-10-18 13:08:22,976 [Thread-6311] INFO  impl.RoleInfo (RoleInfo.java:updateAndGet(143)) - 0e280119-6e3a-4f2d-a3bb-534f53e1c036: start LeaderElection
2019-10-18 13:08:23,002 [0e280119-6e3a-4f2d-a3bb-534f53e1c036@group-EC3E8056A4BB-LeaderElection645] INFO  impl.LeaderElection (LeaderElection.java:askForVotes(178)) - 0e280119-6e3a-4f2d-a3bb-534f53e1c036@group-EC3E8056A4BB-LeaderElection645: begin an election at term 7 for 0: [7d69770b-3355-4a82-aab2-02db9382227d:192.168.34.56:33301, f7720aae-b5ab-43ae-a8f0-7922fdbaf311:192.168.34.56:46404, 0e280119-6e3a-4f2d-a3bb-534f53e1c036:192.168.34.56:35105], old=null
2019-10-18 13:08:23,003 [0e280119-6e3a-4f2d-a3bb-534f53e1c036@group-EC3E8056A4BB-LeaderElection645] INFO  impl.LeaderElection (LogUtils.java:infoOrTrace(149)) - 0e280119-6e3a-4f2d-a3bb-534f53e1c036@group-EC3E8056A4BB-LeaderElection645 got exception when requesting votes: {}
java.util.concurrent.ExecutionException: org.apache.ratis.thirdparty.io.grpc.StatusRuntimeException: UNAVAILABLE: io exception
	at java.util.concurrent.FutureTask.report(FutureTask.java:122)
	at java.util.concurrent.FutureTask.get(FutureTask.java:192)
	at org.apache.ratis.server.impl.LeaderElection.waitForResults(LeaderElection.java:259)
	at org.apache.ratis.server.impl.LeaderElection.askForVotes(LeaderElection.java:197)
	at org.apache.ratis.server.impl.LeaderElection.run(LeaderElection.java:133)
	at java.lang.Thread.run(Thread.java:748)
Caused by: org.apache.ratis.thirdparty.io.grpc.StatusRuntimeException: UNAVAILABLE: io exception
	at org.apache.ratis.thirdparty.io.grpc.stub.ClientCalls.toStatusRuntimeException(ClientCalls.java:233)
	at org.apache.ratis.thirdparty.io.grpc.stub.ClientCalls.getUnchecked(ClientCalls.java:214)
	at org.apache.ratis.thirdparty.io.grpc.stub.ClientCalls.blockingUnaryCall(ClientCalls.java:139)
	at org.apache.ratis.proto.grpc.RaftServerProtocolServiceGrpc$RaftServerProtocolServiceBlockingStub.requestVote(RaftServerProtocolServiceGrpc.java:265)
	at org.apache.ratis.grpc.server.GrpcServerProtocolClient.requestVote(GrpcServerProtocolClient.java:99)
	at org.apache.ratis.grpc.server.GrpcService.requestVote(GrpcService.java:204)
	at org.apache.ratis.server.impl.LeaderElection.lambda$submitRequests$1(LeaderElection.java:234)
	at java.util.concurrent.FutureTask.run(FutureTask.java:266)
	at java.util.concurrent.Executors$RunnableAdapter.call(Executors.java:511)
	at java.util.concurrent.FutureTask.run(FutureTask.java:266)
	at java.util.concurrent.ThreadPoolExecutor.runWorker(ThreadPoolExecutor.java:1149)
	at java.util.concurrent.ThreadPoolExecutor$Worker.run(ThreadPoolExecutor.java:624)
	... 1 more
Caused by: org.apache.ratis.thirdparty.io.netty.channel.AbstractChannel$AnnotatedConnectException: Connection refused: /192.168.34.56:33301
	at sun.nio.ch.SocketChannelImpl.checkConnect(Native Method)
	at sun.nio.ch.SocketChannelImpl.finishConnect(SocketChannelImpl.java:717)
	at org.apache.ratis.thirdparty.io.netty.channel.socket.nio.NioSocketChannel.doFinishConnect(NioSocketChannel.java:327)
	at org.apache.ratis.thirdparty.io.netty.channel.nio.AbstractNioChannel$AbstractNioUnsafe.finishConnect(AbstractNioChannel.java:340)
	at org.apache.ratis.thirdparty.io.netty.channel.nio.NioEventLoop.processSelectedKey(NioEventLoop.java:632)
	at org.apache.ratis.thirdparty.io.netty.channel.nio.NioEventLoop.processSelectedKeysOptimized(NioEventLoop.java:579)
	at org.apache.ratis.thirdparty.io.netty.channel.nio.NioEventLoop.processSelectedKeys(NioEventLoop.java:496)
	at org.apache.ratis.thirdparty.io.netty.channel.nio.NioEventLoop.run(NioEventLoop.java:458)
	at org.apache.ratis.thirdparty.io.netty.util.concurrent.SingleThreadEventExecutor$5.run(SingleThreadEventExecutor.java:897)
	at org.apache.ratis.thirdparty.io.netty.util.concurrent.FastThreadLocalRunnable.run(FastThreadLocalRunnable.java:30)
	... 1 more
Caused by: java.net.ConnectException: Connection refused
	... 11 more
2019-10-18 13:08:23,004 [0e280119-6e3a-4f2d-a3bb-534f53e1c036@group-EC3E8056A4BB-LeaderElection645] INFO  impl.LeaderElection (LogUtils.java:infoOrTrace(149)) - 0e280119-6e3a-4f2d-a3bb-534f53e1c036@group-EC3E8056A4BB-LeaderElection645 got exception when requesting votes: {}
java.util.concurrent.ExecutionException: org.apache.ratis.thirdparty.io.grpc.StatusRuntimeException: UNAVAILABLE: io exception
	at java.util.concurrent.FutureTask.report(FutureTask.java:122)
	at java.util.concurrent.FutureTask.get(FutureTask.java:192)
	at org.apache.ratis.server.impl.LeaderElection.waitForResults(LeaderElection.java:259)
	at org.apache.ratis.server.impl.LeaderElection.askForVotes(LeaderElection.java:197)
	at org.apache.ratis.server.impl.LeaderElection.run(LeaderElection.java:133)
	at java.lang.Thread.run(Thread.java:748)
Caused by: org.apache.ratis.thirdparty.io.grpc.StatusRuntimeException: UNAVAILABLE: io exception
	at org.apache.ratis.thirdparty.io.grpc.stub.ClientCalls.toStatusRuntimeException(ClientCalls.java:233)
	at org.apache.ratis.thirdparty.io.grpc.stub.ClientCalls.getUnchecked(ClientCalls.java:214)
	at org.apache.ratis.thirdparty.io.grpc.stub.ClientCalls.blockingUnaryCall(ClientCalls.java:139)
	at org.apache.ratis.proto.grpc.RaftServerProtocolServiceGrpc$RaftServerProtocolServiceBlockingStub.requestVote(RaftServerProtocolServiceGrpc.java:265)
	at org.apache.ratis.grpc.server.GrpcServerProtocolClient.requestVote(GrpcServerProtocolClient.java:99)
	at org.apache.ratis.grpc.server.GrpcService.requestVote(GrpcService.java:204)
	at org.apache.ratis.server.impl.LeaderElection.lambda$submitRequests$1(LeaderElection.java:234)
	at java.util.concurrent.FutureTask.run(FutureTask.java:266)
	at java.util.concurrent.Executors$RunnableAdapter.call(Executors.java:511)
	at java.util.concurrent.FutureTask.run(FutureTask.java:266)
	at java.util.concurrent.ThreadPoolExecutor.runWorker(ThreadPoolExecutor.java:1149)
	at java.util.concurrent.ThreadPoolExecutor$Worker.run(ThreadPoolExecutor.java:624)
	... 1 more
Caused by: org.apache.ratis.thirdparty.io.netty.channel.AbstractChannel$AnnotatedConnectException: Connection refused: /192.168.34.56:46404
	at sun.nio.ch.SocketChannelImpl.checkConnect(Native Method)
	at sun.nio.ch.SocketChannelImpl.finishConnect(SocketChannelImpl.java:717)
	at org.apache.ratis.thirdparty.io.netty.channel.socket.nio.NioSocketChannel.doFinishConnect(NioSocketChannel.java:327)
	at org.apache.ratis.thirdparty.io.netty.channel.nio.AbstractNioChannel$AbstractNioUnsafe.finishConnect(AbstractNioChannel.java:340)
	at org.apache.ratis.thirdparty.io.netty.channel.nio.NioEventLoop.processSelectedKey(NioEventLoop.java:632)
	at org.apache.ratis.thirdparty.io.netty.channel.nio.NioEventLoop.processSelectedKeysOptimized(NioEventLoop.java:579)
	at org.apache.ratis.thirdparty.io.netty.channel.nio.NioEventLoop.processSelectedKeys(NioEventLoop.java:496)
	at org.apache.ratis.thirdparty.io.netty.channel.nio.NioEventLoop.run(NioEventLoop.java:458)
	at org.apache.ratis.thirdparty.io.netty.util.concurrent.SingleThreadEventExecutor$5.run(SingleThreadEventExecutor.java:897)
	at org.apache.ratis.thirdparty.io.netty.util.concurrent.FastThreadLocalRunnable.run(FastThreadLocalRunnable.java:30)
	... 1 more
Caused by: java.net.ConnectException: Connection refused
	... 11 more
2019-10-18 13:08:23,004 [0e280119-6e3a-4f2d-a3bb-534f53e1c036@group-EC3E8056A4BB-LeaderElection645] INFO  impl.LeaderElection (LeaderElection.java:logAndReturn(56)) - 0e280119-6e3a-4f2d-a3bb-534f53e1c036@group-EC3E8056A4BB-LeaderElection645: Election REJECTED; received 0 response(s) [] and 2 exception(s); 0e280119-6e3a-4f2d-a3bb-534f53e1c036@group-EC3E8056A4BB:t7, leader=null, voted=0e280119-6e3a-4f2d-a3bb-534f53e1c036, raftlog=0e280119-6e3a-4f2d-a3bb-534f53e1c036@group-EC3E8056A4BB-SegmentedRaftLog:OPENED:c0,f0,i0, conf=0: [7d69770b-3355-4a82-aab2-02db9382227d:192.168.34.56:33301, f7720aae-b5ab-43ae-a8f0-7922fdbaf311:192.168.34.56:46404, 0e280119-6e3a-4f2d-a3bb-534f53e1c036:192.168.34.56:35105], old=null
2019-10-18 13:08:23,004 [0e280119-6e3a-4f2d-a3bb-534f53e1c036@group-EC3E8056A4BB-LeaderElection645] INFO  impl.LeaderElection (LogUtils.java:infoOrTrace(149)) -   Exception 0: {}
java.util.concurrent.ExecutionException: org.apache.ratis.thirdparty.io.grpc.StatusRuntimeException: UNAVAILABLE: io exception
	at java.util.concurrent.FutureTask.report(FutureTask.java:122)
	at java.util.concurrent.FutureTask.get(FutureTask.java:192)
	at org.apache.ratis.server.impl.LeaderElection.waitForResults(LeaderElection.java:259)
	at org.apache.ratis.server.impl.LeaderElection.askForVotes(LeaderElection.java:197)
	at org.apache.ratis.server.impl.LeaderElection.run(LeaderElection.java:133)
	at java.lang.Thread.run(Thread.java:748)
Caused by: org.apache.ratis.thirdparty.io.grpc.StatusRuntimeException: UNAVAILABLE: io exception
	at org.apache.ratis.thirdparty.io.grpc.stub.ClientCalls.toStatusRuntimeException(ClientCalls.java:233)
	at org.apache.ratis.thirdparty.io.grpc.stub.ClientCalls.getUnchecked(ClientCalls.java:214)
	at org.apache.ratis.thirdparty.io.grpc.stub.ClientCalls.blockingUnaryCall(ClientCalls.java:139)
	at org.apache.ratis.proto.grpc.RaftServerProtocolServiceGrpc$RaftServerProtocolServiceBlockingStub.requestVote(RaftServerProtocolServiceGrpc.java:265)
	at org.apache.ratis.grpc.server.GrpcServerProtocolClient.requestVote(GrpcServerProtocolClient.java:99)
	at org.apache.ratis.grpc.server.GrpcService.requestVote(GrpcService.java:204)
	at org.apache.ratis.server.impl.LeaderElection.lambda$submitRequests$1(LeaderElection.java:234)
	at java.util.concurrent.FutureTask.run(FutureTask.java:266)
	at java.util.concurrent.Executors$RunnableAdapter.call(Executors.java:511)
	at java.util.concurrent.FutureTask.run(FutureTask.java:266)
	at java.util.concurrent.ThreadPoolExecutor.runWorker(ThreadPoolExecutor.java:1149)
	at java.util.concurrent.ThreadPoolExecutor$Worker.run(ThreadPoolExecutor.java:624)
	... 1 more
Caused by: org.apache.ratis.thirdparty.io.netty.channel.AbstractChannel$AnnotatedConnectException: Connection refused: /192.168.34.56:33301
	at sun.nio.ch.SocketChannelImpl.checkConnect(Native Method)
	at sun.nio.ch.SocketChannelImpl.finishConnect(SocketChannelImpl.java:717)
	at org.apache.ratis.thirdparty.io.netty.channel.socket.nio.NioSocketChannel.doFinishConnect(NioSocketChannel.java:327)
	at org.apache.ratis.thirdparty.io.netty.channel.nio.AbstractNioChannel$AbstractNioUnsafe.finishConnect(AbstractNioChannel.java:340)
	at org.apache.ratis.thirdparty.io.netty.channel.nio.NioEventLoop.processSelectedKey(NioEventLoop.java:632)
	at org.apache.ratis.thirdparty.io.netty.channel.nio.NioEventLoop.processSelectedKeysOptimized(NioEventLoop.java:579)
	at org.apache.ratis.thirdparty.io.netty.channel.nio.NioEventLoop.processSelectedKeys(NioEventLoop.java:496)
	at org.apache.ratis.thirdparty.io.netty.channel.nio.NioEventLoop.run(NioEventLoop.java:458)
	at org.apache.ratis.thirdparty.io.netty.util.concurrent.SingleThreadEventExecutor$5.run(SingleThreadEventExecutor.java:897)
	at org.apache.ratis.thirdparty.io.netty.util.concurrent.FastThreadLocalRunnable.run(FastThreadLocalRunnable.java:30)
	... 1 more
Caused by: java.net.ConnectException: Connection refused
	... 11 more
2019-10-18 13:08:23,004 [0e280119-6e3a-4f2d-a3bb-534f53e1c036@group-EC3E8056A4BB-LeaderElection645] INFO  impl.LeaderElection (LogUtils.java:infoOrTrace(149)) -   Exception 1: {}
java.util.concurrent.ExecutionException: org.apache.ratis.thirdparty.io.grpc.StatusRuntimeException: UNAVAILABLE: io exception
	at java.util.concurrent.FutureTask.report(FutureTask.java:122)
	at java.util.concurrent.FutureTask.get(FutureTask.java:192)
	at org.apache.ratis.server.impl.LeaderElection.waitForResults(LeaderElection.java:259)
	at org.apache.ratis.server.impl.LeaderElection.askForVotes(LeaderElection.java:197)
	at org.apache.ratis.server.impl.LeaderElection.run(LeaderElection.java:133)
	at java.lang.Thread.run(Thread.java:748)
Caused by: org.apache.ratis.thirdparty.io.grpc.StatusRuntimeException: UNAVAILABLE: io exception
	at org.apache.ratis.thirdparty.io.grpc.stub.ClientCalls.toStatusRuntimeException(ClientCalls.java:233)
	at org.apache.ratis.thirdparty.io.grpc.stub.ClientCalls.getUnchecked(ClientCalls.java:214)
	at org.apache.ratis.thirdparty.io.grpc.stub.ClientCalls.blockingUnaryCall(ClientCalls.java:139)
	at org.apache.ratis.proto.grpc.RaftServerProtocolServiceGrpc$RaftServerProtocolServiceBlockingStub.requestVote(RaftServerProtocolServiceGrpc.java:265)
	at org.apache.ratis.grpc.server.GrpcServerProtocolClient.requestVote(GrpcServerProtocolClient.java:99)
	at org.apache.ratis.grpc.server.GrpcService.requestVote(GrpcService.java:204)
	at org.apache.ratis.server.impl.LeaderElection.lambda$submitRequests$1(LeaderElection.java:234)
	at java.util.concurrent.FutureTask.run(FutureTask.java:266)
	at java.util.concurrent.Executors$RunnableAdapter.call(Executors.java:511)
	at java.util.concurrent.FutureTask.run(FutureTask.java:266)
	at java.util.concurrent.ThreadPoolExecutor.runWorker(ThreadPoolExecutor.java:1149)
	at java.util.concurrent.ThreadPoolExecutor$Worker.run(ThreadPoolExecutor.java:624)
	... 1 more
Caused by: org.apache.ratis.thirdparty.io.netty.channel.AbstractChannel$AnnotatedConnectException: Connection refused: /192.168.34.56:46404
	at sun.nio.ch.SocketChannelImpl.checkConnect(Native Method)
	at sun.nio.ch.SocketChannelImpl.finishConnect(SocketChannelImpl.java:717)
	at org.apache.ratis.thirdparty.io.netty.channel.socket.nio.NioSocketChannel.doFinishConnect(NioSocketChannel.java:327)
	at org.apache.ratis.thirdparty.io.netty.channel.nio.AbstractNioChannel$AbstractNioUnsafe.finishConnect(AbstractNioChannel.java:340)
	at org.apache.ratis.thirdparty.io.netty.channel.nio.NioEventLoop.processSelectedKey(NioEventLoop.java:632)
	at org.apache.ratis.thirdparty.io.netty.channel.nio.NioEventLoop.processSelectedKeysOptimized(NioEventLoop.java:579)
	at org.apache.ratis.thirdparty.io.netty.channel.nio.NioEventLoop.processSelectedKeys(NioEventLoop.java:496)
	at org.apache.ratis.thirdparty.io.netty.channel.nio.NioEventLoop.run(NioEventLoop.java:458)
	at org.apache.ratis.thirdparty.io.netty.util.concurrent.SingleThreadEventExecutor$5.run(SingleThreadEventExecutor.java:897)
	at org.apache.ratis.thirdparty.io.netty.util.concurrent.FastThreadLocalRunnable.run(FastThreadLocalRunnable.java:30)
	... 1 more
Caused by: java.net.ConnectException: Connection refused
	... 11 more
2019-10-18 13:08:23,005 [0e280119-6e3a-4f2d-a3bb-534f53e1c036@group-EC3E8056A4BB-LeaderElection645] INFO  impl.RaftServerImpl (RaftServerImpl.java:setRole(184)) - 0e280119-6e3a-4f2d-a3bb-534f53e1c036@group-EC3E8056A4BB: changes role from CANDIDATE to FOLLOWER at term 7 for DISCOVERED_A_NEW_TERM
2019-10-18 13:08:23,005 [0e280119-6e3a-4f2d-a3bb-534f53e1c036@group-EC3E8056A4BB-LeaderElection645] INFO  impl.RoleInfo (RoleInfo.java:shutdownLeaderElection(134)) - 0e280119-6e3a-4f2d-a3bb-534f53e1c036: shutdown LeaderElection
2019-10-18 13:08:23,005 [0e280119-6e3a-4f2d-a3bb-534f53e1c036@group-EC3E8056A4BB-LeaderElection645] INFO  impl.RoleInfo (RoleInfo.java:updateAndGet(143)) - 0e280119-6e3a-4f2d-a3bb-534f53e1c036: start FollowerState
2019-10-18 13:08:23,066 [Thread-6315] INFO  impl.FollowerState (FollowerState.java:run(108)) - 0e280119-6e3a-4f2d-a3bb-534f53e1c036@group-61F4B561E702-FollowerState: change to CANDIDATE, lastRpcTime:1136ms, electionTimeout:1136ms
2019-10-18 13:08:23,066 [Thread-6315] INFO  impl.RoleInfo (RoleInfo.java:shutdownFollowerState(121)) - 0e280119-6e3a-4f2d-a3bb-534f53e1c036: shutdown FollowerState
2019-10-18 13:08:23,066 [Thread-6315] INFO  impl.RaftServerImpl (RaftServerImpl.java:setRole(184)) - 0e280119-6e3a-4f2d-a3bb-534f53e1c036@group-61F4B561E702: changes role from  FOLLOWER to CANDIDATE at term 12 for changeToCandidate
2019-10-18 13:08:23,067 [Thread-6315] INFO  impl.RoleInfo (RoleInfo.java:updateAndGet(143)) - 0e280119-6e3a-4f2d-a3bb-534f53e1c036: start LeaderElection
2019-10-18 13:08:23,092 [java.util.concurrent.ThreadPoolExecutor$Worker@38a40473[State = -1, empty queue]] WARN  server.GrpcLogAppender (GrpcLogAppender.java:timeoutAppendRequest(209)) - 0e280119-6e3a-4f2d-a3bb-534f53e1c036@group-9A2401E47D95->7d69770b-3355-4a82-aab2-02db9382227d-GrpcLogAppender: appendEntries Timeout, request=0e280119-6e3a-4f2d-a3bb-534f53e1c036->7d69770b-3355-4a82-aab2-02db9382227d#12-t4, previous=(t:4, i:0), leaderCommit=0, initializing? false, entries: <empty>
2019-10-18 13:08:23,095 [0e280119-6e3a-4f2d-a3bb-534f53e1c036@group-61F4B561E702-LeaderElection646] INFO  impl.LeaderElection (LeaderElection.java:askForVotes(178)) - 0e280119-6e3a-4f2d-a3bb-534f53e1c036@group-61F4B561E702-LeaderElection646: begin an election at term 13 for 0: [7d69770b-3355-4a82-aab2-02db9382227d:192.168.34.56:33301, f7720aae-b5ab-43ae-a8f0-7922fdbaf311:192.168.34.56:46404, 0e280119-6e3a-4f2d-a3bb-534f53e1c036:192.168.34.56:35105], old=null
2019-10-18 13:08:23,096 [0e280119-6e3a-4f2d-a3bb-534f53e1c036@group-61F4B561E702-LeaderElection646] INFO  impl.LeaderElection (LogUtils.java:infoOrTrace(149)) - 0e280119-6e3a-4f2d-a3bb-534f53e1c036@group-61F4B561E702-LeaderElection646 got exception when requesting votes: {}
java.util.concurrent.ExecutionException: org.apache.ratis.thirdparty.io.grpc.StatusRuntimeException: UNAVAILABLE: io exception
	at java.util.concurrent.FutureTask.report(FutureTask.java:122)
	at java.util.concurrent.FutureTask.get(FutureTask.java:192)
	at org.apache.ratis.server.impl.LeaderElection.waitForResults(LeaderElection.java:259)
	at org.apache.ratis.server.impl.LeaderElection.askForVotes(LeaderElection.java:197)
	at org.apache.ratis.server.impl.LeaderElection.run(LeaderElection.java:133)
	at java.lang.Thread.run(Thread.java:748)
Caused by: org.apache.ratis.thirdparty.io.grpc.StatusRuntimeException: UNAVAILABLE: io exception
	at org.apache.ratis.thirdparty.io.grpc.stub.ClientCalls.toStatusRuntimeException(ClientCalls.java:233)
	at org.apache.ratis.thirdparty.io.grpc.stub.ClientCalls.getUnchecked(ClientCalls.java:214)
	at org.apache.ratis.thirdparty.io.grpc.stub.ClientCalls.blockingUnaryCall(ClientCalls.java:139)
	at org.apache.ratis.proto.grpc.RaftServerProtocolServiceGrpc$RaftServerProtocolServiceBlockingStub.requestVote(RaftServerProtocolServiceGrpc.java:265)
	at org.apache.ratis.grpc.server.GrpcServerProtocolClient.requestVote(GrpcServerProtocolClient.java:99)
	at org.apache.ratis.grpc.server.GrpcService.requestVote(GrpcService.java:204)
	at org.apache.ratis.server.impl.LeaderElection.lambda$submitRequests$1(LeaderElection.java:234)
	at java.util.concurrent.FutureTask.run(FutureTask.java:266)
	at java.util.concurrent.Executors$RunnableAdapter.call(Executors.java:511)
	at java.util.concurrent.FutureTask.run(FutureTask.java:266)
	at java.util.concurrent.ThreadPoolExecutor.runWorker(ThreadPoolExecutor.java:1149)
	at java.util.concurrent.ThreadPoolExecutor$Worker.run(ThreadPoolExecutor.java:624)
	... 1 more
Caused by: org.apache.ratis.thirdparty.io.netty.channel.AbstractChannel$AnnotatedConnectException: Connection refused: /192.168.34.56:33301
	at sun.nio.ch.SocketChannelImpl.checkConnect(Native Method)
	at sun.nio.ch.SocketChannelImpl.finishConnect(SocketChannelImpl.java:717)
	at org.apache.ratis.thirdparty.io.netty.channel.socket.nio.NioSocketChannel.doFinishConnect(NioSocketChannel.java:327)
	at org.apache.ratis.thirdparty.io.netty.channel.nio.AbstractNioChannel$AbstractNioUnsafe.finishConnect(AbstractNioChannel.java:340)
	at org.apache.ratis.thirdparty.io.netty.channel.nio.NioEventLoop.processSelectedKey(NioEventLoop.java:632)
	at org.apache.ratis.thirdparty.io.netty.channel.nio.NioEventLoop.processSelectedKeysOptimized(NioEventLoop.java:579)
	at org.apache.ratis.thirdparty.io.netty.channel.nio.NioEventLoop.processSelectedKeys(NioEventLoop.java:496)
	at org.apache.ratis.thirdparty.io.netty.channel.nio.NioEventLoop.run(NioEventLoop.java:458)
	at org.apache.ratis.thirdparty.io.netty.util.concurrent.SingleThreadEventExecutor$5.run(SingleThreadEventExecutor.java:897)
	at org.apache.ratis.thirdparty.io.netty.util.concurrent.FastThreadLocalRunnable.run(FastThreadLocalRunnable.java:30)
	... 1 more
Caused by: java.net.ConnectException: Connection refused
	... 11 more
2019-10-18 13:08:23,096 [0e280119-6e3a-4f2d-a3bb-534f53e1c036@group-61F4B561E702-LeaderElection646] INFO  impl.LeaderElection (LogUtils.java:infoOrTrace(149)) - 0e280119-6e3a-4f2d-a3bb-534f53e1c036@group-61F4B561E702-LeaderElection646 got exception when requesting votes: {}
java.util.concurrent.ExecutionException: org.apache.ratis.thirdparty.io.grpc.StatusRuntimeException: UNAVAILABLE: io exception
	at java.util.concurrent.FutureTask.report(FutureTask.java:122)
	at java.util.concurrent.FutureTask.get(FutureTask.java:192)
	at org.apache.ratis.server.impl.LeaderElection.waitForResults(LeaderElection.java:259)
	at org.apache.ratis.server.impl.LeaderElection.askForVotes(LeaderElection.java:197)
	at org.apache.ratis.server.impl.LeaderElection.run(LeaderElection.java:133)
	at java.lang.Thread.run(Thread.java:748)
Caused by: org.apache.ratis.thirdparty.io.grpc.StatusRuntimeException: UNAVAILABLE: io exception
	at org.apache.ratis.thirdparty.io.grpc.stub.ClientCalls.toStatusRuntimeException(ClientCalls.java:233)
	at org.apache.ratis.thirdparty.io.grpc.stub.ClientCalls.getUnchecked(ClientCalls.java:214)
	at org.apache.ratis.thirdparty.io.grpc.stub.ClientCalls.blockingUnaryCall(ClientCalls.java:139)
	at org.apache.ratis.proto.grpc.RaftServerProtocolServiceGrpc$RaftServerProtocolServiceBlockingStub.requestVote(RaftServerProtocolServiceGrpc.java:265)
	at org.apache.ratis.grpc.server.GrpcServerProtocolClient.requestVote(GrpcServerProtocolClient.java:99)
	at org.apache.ratis.grpc.server.GrpcService.requestVote(GrpcService.java:204)
	at org.apache.ratis.server.impl.LeaderElection.lambda$submitRequests$1(LeaderElection.java:234)
	at java.util.concurrent.FutureTask.run(FutureTask.java:266)
	at java.util.concurrent.Executors$RunnableAdapter.call(Executors.java:511)
	at java.util.concurrent.FutureTask.run(FutureTask.java:266)
	at java.util.concurrent.ThreadPoolExecutor.runWorker(ThreadPoolExecutor.java:1149)
	at java.util.concurrent.ThreadPoolExecutor$Worker.run(ThreadPoolExecutor.java:624)
	... 1 more
Caused by: org.apache.ratis.thirdparty.io.netty.channel.AbstractChannel$AnnotatedConnectException: Connection refused: /192.168.34.56:46404
	at sun.nio.ch.SocketChannelImpl.checkConnect(Native Method)
	at sun.nio.ch.SocketChannelImpl.finishConnect(SocketChannelImpl.java:717)
	at org.apache.ratis.thirdparty.io.netty.channel.socket.nio.NioSocketChannel.doFinishConnect(NioSocketChannel.java:327)
	at org.apache.ratis.thirdparty.io.netty.channel.nio.AbstractNioChannel$AbstractNioUnsafe.finishConnect(AbstractNioChannel.java:340)
	at org.apache.ratis.thirdparty.io.netty.channel.nio.NioEventLoop.processSelectedKey(NioEventLoop.java:632)
	at org.apache.ratis.thirdparty.io.netty.channel.nio.NioEventLoop.processSelectedKeysOptimized(NioEventLoop.java:579)
	at org.apache.ratis.thirdparty.io.netty.channel.nio.NioEventLoop.processSelectedKeys(NioEventLoop.java:496)
	at org.apache.ratis.thirdparty.io.netty.channel.nio.NioEventLoop.run(NioEventLoop.java:458)
	at org.apache.ratis.thirdparty.io.netty.util.concurrent.SingleThreadEventExecutor$5.run(SingleThreadEventExecutor.java:897)
	at org.apache.ratis.thirdparty.io.netty.util.concurrent.FastThreadLocalRunnable.run(FastThreadLocalRunnable.java:30)
	... 1 more
Caused by: java.net.ConnectException: Connection refused
	... 11 more
2019-10-18 13:08:23,096 [0e280119-6e3a-4f2d-a3bb-534f53e1c036@group-61F4B561E702-LeaderElection646] INFO  impl.LeaderElection (LeaderElection.java:logAndReturn(56)) - 0e280119-6e3a-4f2d-a3bb-534f53e1c036@group-61F4B561E702-LeaderElection646: Election REJECTED; received 0 response(s) [] and 2 exception(s); 0e280119-6e3a-4f2d-a3bb-534f53e1c036@group-61F4B561E702:t13, leader=null, voted=0e280119-6e3a-4f2d-a3bb-534f53e1c036, raftlog=0e280119-6e3a-4f2d-a3bb-534f53e1c036@group-61F4B561E702-SegmentedRaftLog:OPENED:c0,f0,i0, conf=0: [7d69770b-3355-4a82-aab2-02db9382227d:192.168.34.56:33301, f7720aae-b5ab-43ae-a8f0-7922fdbaf311:192.168.34.56:46404, 0e280119-6e3a-4f2d-a3bb-534f53e1c036:192.168.34.56:35105], old=null
2019-10-18 13:08:23,097 [0e280119-6e3a-4f2d-a3bb-534f53e1c036@group-61F4B561E702-LeaderElection646] INFO  impl.LeaderElection (LogUtils.java:infoOrTrace(149)) -   Exception 0: {}
java.util.concurrent.ExecutionException: org.apache.ratis.thirdparty.io.grpc.StatusRuntimeException: UNAVAILABLE: io exception
	at java.util.concurrent.FutureTask.report(FutureTask.java:122)
	at java.util.concurrent.FutureTask.get(FutureTask.java:192)
	at org.apache.ratis.server.impl.LeaderElection.waitForResults(LeaderElection.java:259)
	at org.apache.ratis.server.impl.LeaderElection.askForVotes(LeaderElection.java:197)
	at org.apache.ratis.server.impl.LeaderElection.run(LeaderElection.java:133)
	at java.lang.Thread.run(Thread.java:748)
Caused by: org.apache.ratis.thirdparty.io.grpc.StatusRuntimeException: UNAVAILABLE: io exception
	at org.apache.ratis.thirdparty.io.grpc.stub.ClientCalls.toStatusRuntimeException(ClientCalls.java:233)
	at org.apache.ratis.thirdparty.io.grpc.stub.ClientCalls.getUnchecked(ClientCalls.java:214)
	at org.apache.ratis.thirdparty.io.grpc.stub.ClientCalls.blockingUnaryCall(ClientCalls.java:139)
	at org.apache.ratis.proto.grpc.RaftServerProtocolServiceGrpc$RaftServerProtocolServiceBlockingStub.requestVote(RaftServerProtocolServiceGrpc.java:265)
	at org.apache.ratis.grpc.server.GrpcServerProtocolClient.requestVote(GrpcServerProtocolClient.java:99)
	at org.apache.ratis.grpc.server.GrpcService.requestVote(GrpcService.java:204)
	at org.apache.ratis.server.impl.LeaderElection.lambda$submitRequests$1(LeaderElection.java:234)
	at java.util.concurrent.FutureTask.run(FutureTask.java:266)
	at java.util.concurrent.Executors$RunnableAdapter.call(Executors.java:511)
	at java.util.concurrent.FutureTask.run(FutureTask.java:266)
	at java.util.concurrent.ThreadPoolExecutor.runWorker(ThreadPoolExecutor.java:1149)
	at java.util.concurrent.ThreadPoolExecutor$Worker.run(ThreadPoolExecutor.java:624)
	... 1 more
Caused by: org.apache.ratis.thirdparty.io.netty.channel.AbstractChannel$AnnotatedConnectException: Connection refused: /192.168.34.56:33301
	at sun.nio.ch.SocketChannelImpl.checkConnect(Native Method)
	at sun.nio.ch.SocketChannelImpl.finishConnect(SocketChannelImpl.java:717)
	at org.apache.ratis.thirdparty.io.netty.channel.socket.nio.NioSocketChannel.doFinishConnect(NioSocketChannel.java:327)
	at org.apache.ratis.thirdparty.io.netty.channel.nio.AbstractNioChannel$AbstractNioUnsafe.finishConnect(AbstractNioChannel.java:340)
	at org.apache.ratis.thirdparty.io.netty.channel.nio.NioEventLoop.processSelectedKey(NioEventLoop.java:632)
	at org.apache.ratis.thirdparty.io.netty.channel.nio.NioEventLoop.processSelectedKeysOptimized(NioEventLoop.java:579)
	at org.apache.ratis.thirdparty.io.netty.channel.nio.NioEventLoop.processSelectedKeys(NioEventLoop.java:496)
	at org.apache.ratis.thirdparty.io.netty.channel.nio.NioEventLoop.run(NioEventLoop.java:458)
	at org.apache.ratis.thirdparty.io.netty.util.concurrent.SingleThreadEventExecutor$5.run(SingleThreadEventExecutor.java:897)
	at org.apache.ratis.thirdparty.io.netty.util.concurrent.FastThreadLocalRunnable.run(FastThreadLocalRunnable.java:30)
	... 1 more
Caused by: java.net.ConnectException: Connection refused
	... 11 more
2019-10-18 13:08:23,097 [0e280119-6e3a-4f2d-a3bb-534f53e1c036@group-61F4B561E702-LeaderElection646] INFO  impl.LeaderElection (LogUtils.java:infoOrTrace(149)) -   Exception 1: {}
java.util.concurrent.ExecutionException: org.apache.ratis.thirdparty.io.grpc.StatusRuntimeException: UNAVAILABLE: io exception
	at java.util.concurrent.FutureTask.report(FutureTask.java:122)
	at java.util.concurrent.FutureTask.get(FutureTask.java:192)
	at org.apache.ratis.server.impl.LeaderElection.waitForResults(LeaderElection.java:259)
	at org.apache.ratis.server.impl.LeaderElection.askForVotes(LeaderElection.java:197)
	at org.apache.ratis.server.impl.LeaderElection.run(LeaderElection.java:133)
	at java.lang.Thread.run(Thread.java:748)
Caused by: org.apache.ratis.thirdparty.io.grpc.StatusRuntimeException: UNAVAILABLE: io exception
	at org.apache.ratis.thirdparty.io.grpc.stub.ClientCalls.toStatusRuntimeException(ClientCalls.java:233)
	at org.apache.ratis.thirdparty.io.grpc.stub.ClientCalls.getUnchecked(ClientCalls.java:214)
	at org.apache.ratis.thirdparty.io.grpc.stub.ClientCalls.blockingUnaryCall(ClientCalls.java:139)
	at org.apache.ratis.proto.grpc.RaftServerProtocolServiceGrpc$RaftServerProtocolServiceBlockingStub.requestVote(RaftServerProtocolServiceGrpc.java:265)
	at org.apache.ratis.grpc.server.GrpcServerProtocolClient.requestVote(GrpcServerProtocolClient.java:99)
	at org.apache.ratis.grpc.server.GrpcService.requestVote(GrpcService.java:204)
	at org.apache.ratis.server.impl.LeaderElection.lambda$submitRequests$1(LeaderElection.java:234)
	at java.util.concurrent.FutureTask.run(FutureTask.java:266)
	at java.util.concurrent.Executors$RunnableAdapter.call(Executors.java:511)
	at java.util.concurrent.FutureTask.run(FutureTask.java:266)
	at java.util.concurrent.ThreadPoolExecutor.runWorker(ThreadPoolExecutor.java:1149)
	at java.util.concurrent.ThreadPoolExecutor$Worker.run(ThreadPoolExecutor.java:624)
	... 1 more
Caused by: org.apache.ratis.thirdparty.io.netty.channel.AbstractChannel$AnnotatedConnectException: Connection refused: /192.168.34.56:46404
	at sun.nio.ch.SocketChannelImpl.checkConnect(Native Method)
	at sun.nio.ch.SocketChannelImpl.finishConnect(SocketChannelImpl.java:717)
	at org.apache.ratis.thirdparty.io.netty.channel.socket.nio.NioSocketChannel.doFinishConnect(NioSocketChannel.java:327)
	at org.apache.ratis.thirdparty.io.netty.channel.nio.AbstractNioChannel$AbstractNioUnsafe.finishConnect(AbstractNioChannel.java:340)
	at org.apache.ratis.thirdparty.io.netty.channel.nio.NioEventLoop.processSelectedKey(NioEventLoop.java:632)
	at org.apache.ratis.thirdparty.io.netty.channel.nio.NioEventLoop.processSelectedKeysOptimized(NioEventLoop.java:579)
	at org.apache.ratis.thirdparty.io.netty.channel.nio.NioEventLoop.processSelectedKeys(NioEventLoop.java:496)
	at org.apache.ratis.thirdparty.io.netty.channel.nio.NioEventLoop.run(NioEventLoop.java:458)
	at org.apache.ratis.thirdparty.io.netty.util.concurrent.SingleThreadEventExecutor$5.run(SingleThreadEventExecutor.java:897)
	at org.apache.ratis.thirdparty.io.netty.util.concurrent.FastThreadLocalRunnable.run(FastThreadLocalRunnable.java:30)
	... 1 more
Caused by: java.net.ConnectException: Connection refused
	... 11 more
2019-10-18 13:08:23,097 [0e280119-6e3a-4f2d-a3bb-534f53e1c036@group-61F4B561E702-LeaderElection646] INFO  impl.RaftServerImpl (RaftServerImpl.java:setRole(184)) - 0e280119-6e3a-4f2d-a3bb-534f53e1c036@group-61F4B561E702: changes role from CANDIDATE to FOLLOWER at term 13 for DISCOVERED_A_NEW_TERM
2019-10-18 13:08:23,097 [0e280119-6e3a-4f2d-a3bb-534f53e1c036@group-61F4B561E702-LeaderElection646] INFO  impl.RoleInfo (RoleInfo.java:shutdownLeaderElection(134)) - 0e280119-6e3a-4f2d-a3bb-534f53e1c036: shutdown LeaderElection
2019-10-18 13:08:23,097 [0e280119-6e3a-4f2d-a3bb-534f53e1c036@group-61F4B561E702-LeaderElection646] INFO  impl.RoleInfo (RoleInfo.java:updateAndGet(143)) - 0e280119-6e3a-4f2d-a3bb-534f53e1c036: start FollowerState
2019-10-18 13:08:23,580 [java.util.concurrent.ThreadPoolExecutor$Worker@513d65b2[State = -1, empty queue]] WARN  server.GrpcLogAppender (GrpcLogAppender.java:timeoutAppendRequest(209)) - 0e280119-6e3a-4f2d-a3bb-534f53e1c036@group-9A2401E47D95->f7720aae-b5ab-43ae-a8f0-7922fdbaf311-GrpcLogAppender: appendEntries Timeout, request=0e280119-6e3a-4f2d-a3bb-534f53e1c036->f7720aae-b5ab-43ae-a8f0-7922fdbaf311#2-t4, previous=(t:0, i:0), leaderCommit=0, initializing? false, entries: <empty>
2019-10-18 13:08:23,592 [java.util.concurrent.ThreadPoolExecutor$Worker@38a40473[State = -1, empty queue]] WARN  server.GrpcLogAppender (GrpcLogAppender.java:timeoutAppendRequest(209)) - 0e280119-6e3a-4f2d-a3bb-534f53e1c036@group-9A2401E47D95->7d69770b-3355-4a82-aab2-02db9382227d-GrpcLogAppender: appendEntries Timeout, request=0e280119-6e3a-4f2d-a3bb-534f53e1c036->7d69770b-3355-4a82-aab2-02db9382227d#13-t4, previous=(t:4, i:0), leaderCommit=0, initializing? false, entries: <empty>
2019-10-18 13:08:23,837 [ForkJoinPool.commonPool-worker-0] INFO  ozoneimpl.OzoneContainer (OzoneContainer.java:stop(227)) - Attempting to stop container services.
2019-10-18 13:08:23,838 [ForkJoinPool.commonPool-worker-0] INFO  impl.RaftServerProxy (RaftServerProxy.java:lambda$close$4(314)) - 3bca71e1-53e2-42e2-9e96-6eb85181718f: close
2019-10-18 13:08:23,838 [ForkJoinPool.commonPool-worker-0] INFO  server.GrpcService (GrpcService.java:closeImpl(164)) - 3bca71e1-53e2-42e2-9e96-6eb85181718f: shutdown server with port 35544 now
2019-10-18 13:08:23,838 [ForkJoinPool.commonPool-worker-0] INFO  server.GrpcService (GrpcService.java:closeImpl(172)) - 3bca71e1-53e2-42e2-9e96-6eb85181718f: shutdown server with port 35544 successfully
2019-10-18 13:08:23,841 [refreshUsed-/workdir/hadoop-ozone/integration-test/target/test-dir/MiniOzoneClusterImpl-a51cb6f9-69a9-44ea-bf2b-ac78a0e144b1/datanode-4/data/containers] WARN  fs.CachingGetSpaceUsed (CachingGetSpaceUsed.java:run(183)) - Thread Interrupted waiting to refresh disk information: sleep interrupted
2019-10-18 13:08:23,859 [ForkJoinPool.commonPool-worker-0] INFO  utils.BackgroundService (BackgroundService.java:shutdown(151)) - Shutting down service BlockDeletingService
2019-10-18 13:08:23,865 [ForkJoinPool.commonPool-worker-0] INFO  statemachine.DatanodeStateMachine (DatanodeStateMachine.java:stopDaemon(395)) - Ozone container server stopped.
2019-10-18 13:08:23,870 [ForkJoinPool.commonPool-worker-0] INFO  handler.ContextHandler (ContextHandler.java:doStop(910)) - Stopped o.e.j.w.WebAppContext@73a6cc79{/,null,UNAVAILABLE}{/hddsDatanode}
2019-10-18 13:08:23,872 [ForkJoinPool.commonPool-worker-0] INFO  server.AbstractConnector (AbstractConnector.java:doStop(318)) - Stopped ServerConnector@5a4d4f9c{HTTP/1.1,[http/1.1]}{0.0.0.0:0}
2019-10-18 13:08:23,878 [ForkJoinPool.commonPool-worker-0] INFO  handler.ContextHandler (ContextHandler.java:doStop(910)) - Stopped o.e.j.s.ServletContextHandler@6424e613{/static,jar:file:/home/user/.m2/repository/org/apache/hadoop/hadoop-hdds-container-service/0.5.0-SNAPSHOT/hadoop-hdds-container-service-0.5.0-SNAPSHOT.jar!/webapps/static,UNAVAILABLE}
2019-10-18 13:08:23,879 [ForkJoinPool.commonPool-worker-0] INFO  handler.ContextHandler (ContextHandler.java:doStop(910)) - Stopped o.e.j.s.ServletContextHandler@5a48da4f{/logs,file:///workdir/hadoop-ozone/integration-test/target/log,UNAVAILABLE}
2019-10-18 13:08:23,992 [main] INFO  ozoneimpl.OzoneContainer (OzoneContainer.java:stop(227)) - Attempting to stop container services.
2019-10-18 13:08:23,992 [main] INFO  impl.RaftServerProxy (RaftServerProxy.java:lambda$close$4(314)) - 7c27aace-1718-4a1b-a23f-dcee36e71611: close
2019-10-18 13:08:23,993 [main] INFO  server.GrpcService (GrpcService.java:closeImpl(164)) - 7c27aace-1718-4a1b-a23f-dcee36e71611: shutdown server with port 38912 now
2019-10-18 13:08:23,993 [main] INFO  server.GrpcService (GrpcService.java:closeImpl(172)) - 7c27aace-1718-4a1b-a23f-dcee36e71611: shutdown server with port 38912 successfully
2019-10-18 13:08:23,997 [refreshUsed-/workdir/hadoop-ozone/integration-test/target/test-dir/MiniOzoneClusterImpl-a51cb6f9-69a9-44ea-bf2b-ac78a0e144b1/datanode-7/data/containers] WARN  fs.CachingGetSpaceUsed (CachingGetSpaceUsed.java:run(183)) - Thread Interrupted waiting to refresh disk information: sleep interrupted
2019-10-18 13:08:24,008 [main] INFO  utils.BackgroundService (BackgroundService.java:shutdown(151)) - Shutting down service BlockDeletingService
2019-10-18 13:08:24,016 [main] INFO  statemachine.DatanodeStateMachine (DatanodeStateMachine.java:stopDaemon(395)) - Ozone container server stopped.
2019-10-18 13:08:24,017 [main] INFO  handler.ContextHandler (ContextHandler.java:doStop(910)) - Stopped o.e.j.w.WebAppContext@34279b8a{/,null,UNAVAILABLE}{/hddsDatanode}
2019-10-18 13:08:24,017 [main] INFO  server.AbstractConnector (AbstractConnector.java:doStop(318)) - Stopped ServerConnector@687389a6{HTTP/1.1,[http/1.1]}{0.0.0.0:0}
2019-10-18 13:08:24,018 [main] INFO  handler.ContextHandler (ContextHandler.java:doStop(910)) - Stopped o.e.j.s.ServletContextHandler@45037e16{/static,jar:file:/home/user/.m2/repository/org/apache/hadoop/hadoop-hdds-container-service/0.5.0-SNAPSHOT/hadoop-hdds-container-service-0.5.0-SNAPSHOT.jar!/webapps/static,UNAVAILABLE}
2019-10-18 13:08:24,018 [main] INFO  handler.ContextHandler (ContextHandler.java:doStop(910)) - Stopped o.e.j.s.ServletContextHandler@61359e87{/logs,file:///workdir/hadoop-ozone/integration-test/target/log,UNAVAILABLE}
2019-10-18 13:08:24,092 [java.util.concurrent.ThreadPoolExecutor$Worker@38a40473[State = -1, empty queue]] WARN  server.GrpcLogAppender (GrpcLogAppender.java:timeoutAppendRequest(209)) - 0e280119-6e3a-4f2d-a3bb-534f53e1c036@group-9A2401E47D95->7d69770b-3355-4a82-aab2-02db9382227d-GrpcLogAppender: appendEntries Timeout, request=0e280119-6e3a-4f2d-a3bb-534f53e1c036->7d69770b-3355-4a82-aab2-02db9382227d#14-t4, previous=(t:4, i:0), leaderCommit=0, initializing? false, entries: <empty>
2019-10-18 13:08:24,105 [Thread-6319] INFO  impl.FollowerState (FollowerState.java:run(108)) - 0e280119-6e3a-4f2d-a3bb-534f53e1c036@group-EC3E8056A4BB-FollowerState: change to CANDIDATE, lastRpcTime:1100ms, electionTimeout:1100ms
2019-10-18 13:08:24,105 [Thread-6319] INFO  impl.RoleInfo (RoleInfo.java:shutdownFollowerState(121)) - 0e280119-6e3a-4f2d-a3bb-534f53e1c036: shutdown FollowerState
2019-10-18 13:08:24,106 [Thread-6319] INFO  impl.RaftServerImpl (RaftServerImpl.java:setRole(184)) - 0e280119-6e3a-4f2d-a3bb-534f53e1c036@group-EC3E8056A4BB: changes role from  FOLLOWER to CANDIDATE at term 7 for changeToCandidate
2019-10-18 13:08:24,106 [Thread-6319] INFO  impl.RoleInfo (RoleInfo.java:updateAndGet(143)) - 0e280119-6e3a-4f2d-a3bb-534f53e1c036: start LeaderElection
2019-10-18 13:08:24,237 [0e280119-6e3a-4f2d-a3bb-534f53e1c036@group-EC3E8056A4BB-LeaderElection647] INFO  impl.LeaderElection (LeaderElection.java:askForVotes(178)) - 0e280119-6e3a-4f2d-a3bb-534f53e1c036@group-EC3E8056A4BB-LeaderElection647: begin an election at term 8 for 0: [7d69770b-3355-4a82-aab2-02db9382227d:192.168.34.56:33301, f7720aae-b5ab-43ae-a8f0-7922fdbaf311:192.168.34.56:46404, 0e280119-6e3a-4f2d-a3bb-534f53e1c036:192.168.34.56:35105], old=null
2019-10-18 13:08:24,238 [0e280119-6e3a-4f2d-a3bb-534f53e1c036@group-EC3E8056A4BB-LeaderElection647] INFO  impl.LeaderElection (LogUtils.java:infoOrTrace(149)) - 0e280119-6e3a-4f2d-a3bb-534f53e1c036@group-EC3E8056A4BB-LeaderElection647 got exception when requesting votes: {}
java.util.concurrent.ExecutionException: org.apache.ratis.thirdparty.io.grpc.StatusRuntimeException: UNAVAILABLE: io exception
	at java.util.concurrent.FutureTask.report(FutureTask.java:122)
	at java.util.concurrent.FutureTask.get(FutureTask.java:192)
	at org.apache.ratis.server.impl.LeaderElection.waitForResults(LeaderElection.java:259)
	at org.apache.ratis.server.impl.LeaderElection.askForVotes(LeaderElection.java:197)
	at org.apache.ratis.server.impl.LeaderElection.run(LeaderElection.java:133)
	at java.lang.Thread.run(Thread.java:748)
Caused by: org.apache.ratis.thirdparty.io.grpc.StatusRuntimeException: UNAVAILABLE: io exception
	at org.apache.ratis.thirdparty.io.grpc.stub.ClientCalls.toStatusRuntimeException(ClientCalls.java:233)
	at org.apache.ratis.thirdparty.io.grpc.stub.ClientCalls.getUnchecked(ClientCalls.java:214)
	at org.apache.ratis.thirdparty.io.grpc.stub.ClientCalls.blockingUnaryCall(ClientCalls.java:139)
	at org.apache.ratis.proto.grpc.RaftServerProtocolServiceGrpc$RaftServerProtocolServiceBlockingStub.requestVote(RaftServerProtocolServiceGrpc.java:265)
	at org.apache.ratis.grpc.server.GrpcServerProtocolClient.requestVote(GrpcServerProtocolClient.java:99)
	at org.apache.ratis.grpc.server.GrpcService.requestVote(GrpcService.java:204)
	at org.apache.ratis.server.impl.LeaderElection.lambda$submitRequests$1(LeaderElection.java:234)
	at java.util.concurrent.FutureTask.run(FutureTask.java:266)
	at java.util.concurrent.Executors$RunnableAdapter.call(Executors.java:511)
	at java.util.concurrent.FutureTask.run(FutureTask.java:266)
	at java.util.concurrent.ThreadPoolExecutor.runWorker(ThreadPoolExecutor.java:1149)
	at java.util.concurrent.ThreadPoolExecutor$Worker.run(ThreadPoolExecutor.java:624)
	... 1 more
Caused by: org.apache.ratis.thirdparty.io.netty.channel.AbstractChannel$AnnotatedConnectException: Connection refused: /192.168.34.56:46404
	at sun.nio.ch.SocketChannelImpl.checkConnect(Native Method)
	at sun.nio.ch.SocketChannelImpl.finishConnect(SocketChannelImpl.java:717)
	at org.apache.ratis.thirdparty.io.netty.channel.socket.nio.NioSocketChannel.doFinishConnect(NioSocketChannel.java:327)
	at org.apache.ratis.thirdparty.io.netty.channel.nio.AbstractNioChannel$AbstractNioUnsafe.finishConnect(AbstractNioChannel.java:340)
	at org.apache.ratis.thirdparty.io.netty.channel.nio.NioEventLoop.processSelectedKey(NioEventLoop.java:632)
	at org.apache.ratis.thirdparty.io.netty.channel.nio.NioEventLoop.processSelectedKeysOptimized(NioEventLoop.java:579)
	at org.apache.ratis.thirdparty.io.netty.channel.nio.NioEventLoop.processSelectedKeys(NioEventLoop.java:496)
	at org.apache.ratis.thirdparty.io.netty.channel.nio.NioEventLoop.run(NioEventLoop.java:458)
	at org.apache.ratis.thirdparty.io.netty.util.concurrent.SingleThreadEventExecutor$5.run(SingleThreadEventExecutor.java:897)
	at org.apache.ratis.thirdparty.io.netty.util.concurrent.FastThreadLocalRunnable.run(FastThreadLocalRunnable.java:30)
	... 1 more
Caused by: java.net.ConnectException: Connection refused
	... 11 more
2019-10-18 13:08:24,238 [0e280119-6e3a-4f2d-a3bb-534f53e1c036@group-EC3E8056A4BB-LeaderElection647] INFO  impl.LeaderElection (LogUtils.java:infoOrTrace(149)) - 0e280119-6e3a-4f2d-a3bb-534f53e1c036@group-EC3E8056A4BB-LeaderElection647 got exception when requesting votes: {}
java.util.concurrent.ExecutionException: org.apache.ratis.thirdparty.io.grpc.StatusRuntimeException: UNAVAILABLE: io exception
	at java.util.concurrent.FutureTask.report(FutureTask.java:122)
	at java.util.concurrent.FutureTask.get(FutureTask.java:192)
	at org.apache.ratis.server.impl.LeaderElection.waitForResults(LeaderElection.java:259)
	at org.apache.ratis.server.impl.LeaderElection.askForVotes(LeaderElection.java:197)
	at org.apache.ratis.server.impl.LeaderElection.run(LeaderElection.java:133)
	at java.lang.Thread.run(Thread.java:748)
Caused by: org.apache.ratis.thirdparty.io.grpc.StatusRuntimeException: UNAVAILABLE: io exception
	at org.apache.ratis.thirdparty.io.grpc.stub.ClientCalls.toStatusRuntimeException(ClientCalls.java:233)
	at org.apache.ratis.thirdparty.io.grpc.stub.ClientCalls.getUnchecked(ClientCalls.java:214)
	at org.apache.ratis.thirdparty.io.grpc.stub.ClientCalls.blockingUnaryCall(ClientCalls.java:139)
	at org.apache.ratis.proto.grpc.RaftServerProtocolServiceGrpc$RaftServerProtocolServiceBlockingStub.requestVote(RaftServerProtocolServiceGrpc.java:265)
	at org.apache.ratis.grpc.server.GrpcServerProtocolClient.requestVote(GrpcServerProtocolClient.java:99)
	at org.apache.ratis.grpc.server.GrpcService.requestVote(GrpcService.java:204)
	at org.apache.ratis.server.impl.LeaderElection.lambda$submitRequests$1(LeaderElection.java:234)
	at java.util.concurrent.FutureTask.run(FutureTask.java:266)
	at java.util.concurrent.Executors$RunnableAdapter.call(Executors.java:511)
	at java.util.concurrent.FutureTask.run(FutureTask.java:266)
	at java.util.concurrent.ThreadPoolExecutor.runWorker(ThreadPoolExecutor.java:1149)
	at java.util.concurrent.ThreadPoolExecutor$Worker.run(ThreadPoolExecutor.java:624)
	... 1 more
Caused by: org.apache.ratis.thirdparty.io.netty.channel.AbstractChannel$AnnotatedConnectException: Connection refused: /192.168.34.56:33301
	at sun.nio.ch.SocketChannelImpl.checkConnect(Native Method)
	at sun.nio.ch.SocketChannelImpl.finishConnect(SocketChannelImpl.java:717)
	at org.apache.ratis.thirdparty.io.netty.channel.socket.nio.NioSocketChannel.doFinishConnect(NioSocketChannel.java:327)
	at org.apache.ratis.thirdparty.io.netty.channel.nio.AbstractNioChannel$AbstractNioUnsafe.finishConnect(AbstractNioChannel.java:340)
	at org.apache.ratis.thirdparty.io.netty.channel.nio.NioEventLoop.processSelectedKey(NioEventLoop.java:632)
	at org.apache.ratis.thirdparty.io.netty.channel.nio.NioEventLoop.processSelectedKeysOptimized(NioEventLoop.java:579)
	at org.apache.ratis.thirdparty.io.netty.channel.nio.NioEventLoop.processSelectedKeys(NioEventLoop.java:496)
	at org.apache.ratis.thirdparty.io.netty.channel.nio.NioEventLoop.run(NioEventLoop.java:458)
	at org.apache.ratis.thirdparty.io.netty.util.concurrent.SingleThreadEventExecutor$5.run(SingleThreadEventExecutor.java:897)
	at org.apache.ratis.thirdparty.io.netty.util.concurrent.FastThreadLocalRunnable.run(FastThreadLocalRunnable.java:30)
	... 1 more
Caused by: java.net.ConnectException: Connection refused
	... 11 more
2019-10-18 13:08:24,238 [0e280119-6e3a-4f2d-a3bb-534f53e1c036@group-EC3E8056A4BB-LeaderElection647] INFO  impl.LeaderElection (LeaderElection.java:logAndReturn(56)) - 0e280119-6e3a-4f2d-a3bb-534f53e1c036@group-EC3E8056A4BB-LeaderElection647: Election REJECTED; received 0 response(s) [] and 2 exception(s); 0e280119-6e3a-4f2d-a3bb-534f53e1c036@group-EC3E8056A4BB:t8, leader=null, voted=0e280119-6e3a-4f2d-a3bb-534f53e1c036, raftlog=0e280119-6e3a-4f2d-a3bb-534f53e1c036@group-EC3E8056A4BB-SegmentedRaftLog:OPENED:c0,f0,i0, conf=0: [7d69770b-3355-4a82-aab2-02db9382227d:192.168.34.56:33301, f7720aae-b5ab-43ae-a8f0-7922fdbaf311:192.168.34.56:46404, 0e280119-6e3a-4f2d-a3bb-534f53e1c036:192.168.34.56:35105], old=null
2019-10-18 13:08:24,238 [0e280119-6e3a-4f2d-a3bb-534f53e1c036@group-EC3E8056A4BB-LeaderElection647] INFO  impl.LeaderElection (LogUtils.java:infoOrTrace(149)) -   Exception 0: {}
java.util.concurrent.ExecutionException: org.apache.ratis.thirdparty.io.grpc.StatusRuntimeException: UNAVAILABLE: io exception
	at java.util.concurrent.FutureTask.report(FutureTask.java:122)
	at java.util.concurrent.FutureTask.get(FutureTask.java:192)
	at org.apache.ratis.server.impl.LeaderElection.waitForResults(LeaderElection.java:259)
	at org.apache.ratis.server.impl.LeaderElection.askForVotes(LeaderElection.java:197)
	at org.apache.ratis.server.impl.LeaderElection.run(LeaderElection.java:133)
	at java.lang.Thread.run(Thread.java:748)
Caused by: org.apache.ratis.thirdparty.io.grpc.StatusRuntimeException: UNAVAILABLE: io exception
	at org.apache.ratis.thirdparty.io.grpc.stub.ClientCalls.toStatusRuntimeException(ClientCalls.java:233)
	at org.apache.ratis.thirdparty.io.grpc.stub.ClientCalls.getUnchecked(ClientCalls.java:214)
	at org.apache.ratis.thirdparty.io.grpc.stub.ClientCalls.blockingUnaryCall(ClientCalls.java:139)
	at org.apache.ratis.proto.grpc.RaftServerProtocolServiceGrpc$RaftServerProtocolServiceBlockingStub.requestVote(RaftServerProtocolServiceGrpc.java:265)
	at org.apache.ratis.grpc.server.GrpcServerProtocolClient.requestVote(GrpcServerProtocolClient.java:99)
	at org.apache.ratis.grpc.server.GrpcService.requestVote(GrpcService.java:204)
	at org.apache.ratis.server.impl.LeaderElection.lambda$submitRequests$1(LeaderElection.java:234)
	at java.util.concurrent.FutureTask.run(FutureTask.java:266)
	at java.util.concurrent.Executors$RunnableAdapter.call(Executors.java:511)
	at java.util.concurrent.FutureTask.run(FutureTask.java:266)
	at java.util.concurrent.ThreadPoolExecutor.runWorker(ThreadPoolExecutor.java:1149)
	at java.util.concurrent.ThreadPoolExecutor$Worker.run(ThreadPoolExecutor.java:624)
	... 1 more
Caused by: org.apache.ratis.thirdparty.io.netty.channel.AbstractChannel$AnnotatedConnectException: Connection refused: /192.168.34.56:46404
	at sun.nio.ch.SocketChannelImpl.checkConnect(Native Method)
	at sun.nio.ch.SocketChannelImpl.finishConnect(SocketChannelImpl.java:717)
	at org.apache.ratis.thirdparty.io.netty.channel.socket.nio.NioSocketChannel.doFinishConnect(NioSocketChannel.java:327)
	at org.apache.ratis.thirdparty.io.netty.channel.nio.AbstractNioChannel$AbstractNioUnsafe.finishConnect(AbstractNioChannel.java:340)
	at org.apache.ratis.thirdparty.io.netty.channel.nio.NioEventLoop.processSelectedKey(NioEventLoop.java:632)
	at org.apache.ratis.thirdparty.io.netty.channel.nio.NioEventLoop.processSelectedKeysOptimized(NioEventLoop.java:579)
	at org.apache.ratis.thirdparty.io.netty.channel.nio.NioEventLoop.processSelectedKeys(NioEventLoop.java:496)
	at org.apache.ratis.thirdparty.io.netty.channel.nio.NioEventLoop.run(NioEventLoop.java:458)
	at org.apache.ratis.thirdparty.io.netty.util.concurrent.SingleThreadEventExecutor$5.run(SingleThreadEventExecutor.java:897)
	at org.apache.ratis.thirdparty.io.netty.util.concurrent.FastThreadLocalRunnable.run(FastThreadLocalRunnable.java:30)
	... 1 more
Caused by: java.net.ConnectException: Connection refused
	... 11 more
2019-10-18 13:08:24,238 [0e280119-6e3a-4f2d-a3bb-534f53e1c036@group-EC3E8056A4BB-LeaderElection647] INFO  impl.LeaderElection (LogUtils.java:infoOrTrace(149)) -   Exception 1: {}
java.util.concurrent.ExecutionException: org.apache.ratis.thirdparty.io.grpc.StatusRuntimeException: UNAVAILABLE: io exception
	at java.util.concurrent.FutureTask.report(FutureTask.java:122)
	at java.util.concurrent.FutureTask.get(FutureTask.java:192)
	at org.apache.ratis.server.impl.LeaderElection.waitForResults(LeaderElection.java:259)
	at org.apache.ratis.server.impl.LeaderElection.askForVotes(LeaderElection.java:197)
	at org.apache.ratis.server.impl.LeaderElection.run(LeaderElection.java:133)
	at java.lang.Thread.run(Thread.java:748)
Caused by: org.apache.ratis.thirdparty.io.grpc.StatusRuntimeException: UNAVAILABLE: io exception
	at org.apache.ratis.thirdparty.io.grpc.stub.ClientCalls.toStatusRuntimeException(ClientCalls.java:233)
	at org.apache.ratis.thirdparty.io.grpc.stub.ClientCalls.getUnchecked(ClientCalls.java:214)
	at org.apache.ratis.thirdparty.io.grpc.stub.ClientCalls.blockingUnaryCall(ClientCalls.java:139)
	at org.apache.ratis.proto.grpc.RaftServerProtocolServiceGrpc$RaftServerProtocolServiceBlockingStub.requestVote(RaftServerProtocolServiceGrpc.java:265)
	at org.apache.ratis.grpc.server.GrpcServerProtocolClient.requestVote(GrpcServerProtocolClient.java:99)
	at org.apache.ratis.grpc.server.GrpcService.requestVote(GrpcService.java:204)
	at org.apache.ratis.server.impl.LeaderElection.lambda$submitRequests$1(LeaderElection.java:234)
	at java.util.concurrent.FutureTask.run(FutureTask.java:266)
	at java.util.concurrent.Executors$RunnableAdapter.call(Executors.java:511)
	at java.util.concurrent.FutureTask.run(FutureTask.java:266)
	at java.util.concurrent.ThreadPoolExecutor.runWorker(ThreadPoolExecutor.java:1149)
	at java.util.concurrent.ThreadPoolExecutor$Worker.run(ThreadPoolExecutor.java:624)
	... 1 more
Caused by: org.apache.ratis.thirdparty.io.netty.channel.AbstractChannel$AnnotatedConnectException: Connection refused: /192.168.34.56:33301
	at sun.nio.ch.SocketChannelImpl.checkConnect(Native Method)
	at sun.nio.ch.SocketChannelImpl.finishConnect(SocketChannelImpl.java:717)
	at org.apache.ratis.thirdparty.io.netty.channel.socket.nio.NioSocketChannel.doFinishConnect(NioSocketChannel.java:327)
	at org.apache.ratis.thirdparty.io.netty.channel.nio.AbstractNioChannel$AbstractNioUnsafe.finishConnect(AbstractNioChannel.java:340)
	at org.apache.ratis.thirdparty.io.netty.channel.nio.NioEventLoop.processSelectedKey(NioEventLoop.java:632)
	at org.apache.ratis.thirdparty.io.netty.channel.nio.NioEventLoop.processSelectedKeysOptimized(NioEventLoop.java:579)
	at org.apache.ratis.thirdparty.io.netty.channel.nio.NioEventLoop.processSelectedKeys(NioEventLoop.java:496)
	at org.apache.ratis.thirdparty.io.netty.channel.nio.NioEventLoop.run(NioEventLoop.java:458)
	at org.apache.ratis.thirdparty.io.netty.util.concurrent.SingleThreadEventExecutor$5.run(SingleThreadEventExecutor.java:897)
	at org.apache.ratis.thirdparty.io.netty.util.concurrent.FastThreadLocalRunnable.run(FastThreadLocalRunnable.java:30)
	... 1 more
Caused by: java.net.ConnectException: Connection refused
	... 11 more
2019-10-18 13:08:24,238 [0e280119-6e3a-4f2d-a3bb-534f53e1c036@group-EC3E8056A4BB-LeaderElection647] INFO  impl.RaftServerImpl (RaftServerImpl.java:setRole(184)) - 0e280119-6e3a-4f2d-a3bb-534f53e1c036@group-EC3E8056A4BB: changes role from CANDIDATE to FOLLOWER at term 8 for DISCOVERED_A_NEW_TERM
2019-10-18 13:08:24,239 [0e280119-6e3a-4f2d-a3bb-534f53e1c036@group-EC3E8056A4BB-LeaderElection647] INFO  impl.RoleInfo (RoleInfo.java:shutdownLeaderElection(134)) - 0e280119-6e3a-4f2d-a3bb-534f53e1c036: shutdown LeaderElection
2019-10-18 13:08:24,239 [0e280119-6e3a-4f2d-a3bb-534f53e1c036@group-EC3E8056A4BB-LeaderElection647] INFO  impl.RoleInfo (RoleInfo.java:updateAndGet(143)) - 0e280119-6e3a-4f2d-a3bb-534f53e1c036: start FollowerState
2019-10-18 13:08:24,260 [Thread-6323] INFO  impl.FollowerState (FollowerState.java:run(108)) - 0e280119-6e3a-4f2d-a3bb-534f53e1c036@group-61F4B561E702-FollowerState: change to CANDIDATE, lastRpcTime:1162ms, electionTimeout:1162ms
2019-10-18 13:08:24,260 [Thread-6323] INFO  impl.RoleInfo (RoleInfo.java:shutdownFollowerState(121)) - 0e280119-6e3a-4f2d-a3bb-534f53e1c036: shutdown FollowerState
2019-10-18 13:08:24,260 [Thread-6323] INFO  impl.RaftServerImpl (RaftServerImpl.java:setRole(184)) - 0e280119-6e3a-4f2d-a3bb-534f53e1c036@group-61F4B561E702: changes role from  FOLLOWER to CANDIDATE at term 13 for changeToCandidate
2019-10-18 13:08:24,260 [Thread-6323] INFO  impl.RoleInfo (RoleInfo.java:updateAndGet(143)) - 0e280119-6e3a-4f2d-a3bb-534f53e1c036: start LeaderElection
2019-10-18 13:08:24,284 [0e280119-6e3a-4f2d-a3bb-534f53e1c036@group-61F4B561E702-LeaderElection648] INFO  impl.LeaderElection (LeaderElection.java:askForVotes(178)) - 0e280119-6e3a-4f2d-a3bb-534f53e1c036@group-61F4B561E702-LeaderElection648: begin an election at term 14 for 0: [7d69770b-3355-4a82-aab2-02db9382227d:192.168.34.56:33301, f7720aae-b5ab-43ae-a8f0-7922fdbaf311:192.168.34.56:46404, 0e280119-6e3a-4f2d-a3bb-534f53e1c036:192.168.34.56:35105], old=null
2019-10-18 13:08:24,285 [0e280119-6e3a-4f2d-a3bb-534f53e1c036@group-61F4B561E702-LeaderElection648] INFO  impl.LeaderElection (LogUtils.java:infoOrTrace(149)) - 0e280119-6e3a-4f2d-a3bb-534f53e1c036@group-61F4B561E702-LeaderElection648 got exception when requesting votes: {}
java.util.concurrent.ExecutionException: org.apache.ratis.thirdparty.io.grpc.StatusRuntimeException: UNAVAILABLE: io exception
	at java.util.concurrent.FutureTask.report(FutureTask.java:122)
	at java.util.concurrent.FutureTask.get(FutureTask.java:192)
	at org.apache.ratis.server.impl.LeaderElection.waitForResults(LeaderElection.java:259)
	at org.apache.ratis.server.impl.LeaderElection.askForVotes(LeaderElection.java:197)
	at org.apache.ratis.server.impl.LeaderElection.run(LeaderElection.java:133)
	at java.lang.Thread.run(Thread.java:748)
Caused by: org.apache.ratis.thirdparty.io.grpc.StatusRuntimeException: UNAVAILABLE: io exception
	at org.apache.ratis.thirdparty.io.grpc.stub.ClientCalls.toStatusRuntimeException(ClientCalls.java:233)
	at org.apache.ratis.thirdparty.io.grpc.stub.ClientCalls.getUnchecked(ClientCalls.java:214)
	at org.apache.ratis.thirdparty.io.grpc.stub.ClientCalls.blockingUnaryCall(ClientCalls.java:139)
	at org.apache.ratis.proto.grpc.RaftServerProtocolServiceGrpc$RaftServerProtocolServiceBlockingStub.requestVote(RaftServerProtocolServiceGrpc.java:265)
	at org.apache.ratis.grpc.server.GrpcServerProtocolClient.requestVote(GrpcServerProtocolClient.java:99)
	at org.apache.ratis.grpc.server.GrpcService.requestVote(GrpcService.java:204)
	at org.apache.ratis.server.impl.LeaderElection.lambda$submitRequests$1(LeaderElection.java:234)
	at java.util.concurrent.FutureTask.run(FutureTask.java:266)
	at java.util.concurrent.Executors$RunnableAdapter.call(Executors.java:511)
	at java.util.concurrent.FutureTask.run(FutureTask.java:266)
	at java.util.concurrent.ThreadPoolExecutor.runWorker(ThreadPoolExecutor.java:1149)
	at java.util.concurrent.ThreadPoolExecutor$Worker.run(ThreadPoolExecutor.java:624)
	... 1 more
Caused by: org.apache.ratis.thirdparty.io.netty.channel.AbstractChannel$AnnotatedConnectException: Connection refused: /192.168.34.56:33301
	at sun.nio.ch.SocketChannelImpl.checkConnect(Native Method)
	at sun.nio.ch.SocketChannelImpl.finishConnect(SocketChannelImpl.java:717)
	at org.apache.ratis.thirdparty.io.netty.channel.socket.nio.NioSocketChannel.doFinishConnect(NioSocketChannel.java:327)
	at org.apache.ratis.thirdparty.io.netty.channel.nio.AbstractNioChannel$AbstractNioUnsafe.finishConnect(AbstractNioChannel.java:340)
	at org.apache.ratis.thirdparty.io.netty.channel.nio.NioEventLoop.processSelectedKey(NioEventLoop.java:632)
	at org.apache.ratis.thirdparty.io.netty.channel.nio.NioEventLoop.processSelectedKeysOptimized(NioEventLoop.java:579)
	at org.apache.ratis.thirdparty.io.netty.channel.nio.NioEventLoop.processSelectedKeys(NioEventLoop.java:496)
	at org.apache.ratis.thirdparty.io.netty.channel.nio.NioEventLoop.run(NioEventLoop.java:458)
	at org.apache.ratis.thirdparty.io.netty.util.concurrent.SingleThreadEventExecutor$5.run(SingleThreadEventExecutor.java:897)
	at org.apache.ratis.thirdparty.io.netty.util.concurrent.FastThreadLocalRunnable.run(FastThreadLocalRunnable.java:30)
	... 1 more
Caused by: java.net.ConnectException: Connection refused
	... 11 more
2019-10-18 13:08:24,285 [0e280119-6e3a-4f2d-a3bb-534f53e1c036@group-61F4B561E702-LeaderElection648] INFO  impl.LeaderElection (LogUtils.java:infoOrTrace(149)) - 0e280119-6e3a-4f2d-a3bb-534f53e1c036@group-61F4B561E702-LeaderElection648 got exception when requesting votes: {}
java.util.concurrent.ExecutionException: org.apache.ratis.thirdparty.io.grpc.StatusRuntimeException: UNAVAILABLE: io exception
	at java.util.concurrent.FutureTask.report(FutureTask.java:122)
	at java.util.concurrent.FutureTask.get(FutureTask.java:192)
	at org.apache.ratis.server.impl.LeaderElection.waitForResults(LeaderElection.java:259)
	at org.apache.ratis.server.impl.LeaderElection.askForVotes(LeaderElection.java:197)
	at org.apache.ratis.server.impl.LeaderElection.run(LeaderElection.java:133)
	at java.lang.Thread.run(Thread.java:748)
Caused by: org.apache.ratis.thirdparty.io.grpc.StatusRuntimeException: UNAVAILABLE: io exception
	at org.apache.ratis.thirdparty.io.grpc.stub.ClientCalls.toStatusRuntimeException(ClientCalls.java:233)
	at org.apache.ratis.thirdparty.io.grpc.stub.ClientCalls.getUnchecked(ClientCalls.java:214)
	at org.apache.ratis.thirdparty.io.grpc.stub.ClientCalls.blockingUnaryCall(ClientCalls.java:139)
	at org.apache.ratis.proto.grpc.RaftServerProtocolServiceGrpc$RaftServerProtocolServiceBlockingStub.requestVote(RaftServerProtocolServiceGrpc.java:265)
	at org.apache.ratis.grpc.server.GrpcServerProtocolClient.requestVote(GrpcServerProtocolClient.java:99)
	at org.apache.ratis.grpc.server.GrpcService.requestVote(GrpcService.java:204)
	at org.apache.ratis.server.impl.LeaderElection.lambda$submitRequests$1(LeaderElection.java:234)
	at java.util.concurrent.FutureTask.run(FutureTask.java:266)
	at java.util.concurrent.Executors$RunnableAdapter.call(Executors.java:511)
	at java.util.concurrent.FutureTask.run(FutureTask.java:266)
	at java.util.concurrent.ThreadPoolExecutor.runWorker(ThreadPoolExecutor.java:1149)
	at java.util.concurrent.ThreadPoolExecutor$Worker.run(ThreadPoolExecutor.java:624)
	... 1 more
Caused by: org.apache.ratis.thirdparty.io.netty.channel.AbstractChannel$AnnotatedConnectException: Connection refused: /192.168.34.56:46404
	at sun.nio.ch.SocketChannelImpl.checkConnect(Native Method)
	at sun.nio.ch.SocketChannelImpl.finishConnect(SocketChannelImpl.java:717)
	at org.apache.ratis.thirdparty.io.netty.channel.socket.nio.NioSocketChannel.doFinishConnect(NioSocketChannel.java:327)
	at org.apache.ratis.thirdparty.io.netty.channel.nio.AbstractNioChannel$AbstractNioUnsafe.finishConnect(AbstractNioChannel.java:340)
	at org.apache.ratis.thirdparty.io.netty.channel.nio.NioEventLoop.processSelectedKey(NioEventLoop.java:632)
	at org.apache.ratis.thirdparty.io.netty.channel.nio.NioEventLoop.processSelectedKeysOptimized(NioEventLoop.java:579)
	at org.apache.ratis.thirdparty.io.netty.channel.nio.NioEventLoop.processSelectedKeys(NioEventLoop.java:496)
	at org.apache.ratis.thirdparty.io.netty.channel.nio.NioEventLoop.run(NioEventLoop.java:458)
	at org.apache.ratis.thirdparty.io.netty.util.concurrent.SingleThreadEventExecutor$5.run(SingleThreadEventExecutor.java:897)
	at org.apache.ratis.thirdparty.io.netty.util.concurrent.FastThreadLocalRunnable.run(FastThreadLocalRunnable.java:30)
	... 1 more
Caused by: java.net.ConnectException: Connection refused
	... 11 more
2019-10-18 13:08:24,286 [0e280119-6e3a-4f2d-a3bb-534f53e1c036@group-61F4B561E702-LeaderElection648] INFO  impl.LeaderElection (LeaderElection.java:logAndReturn(56)) - 0e280119-6e3a-4f2d-a3bb-534f53e1c036@group-61F4B561E702-LeaderElection648: Election REJECTED; received 0 response(s) [] and 2 exception(s); 0e280119-6e3a-4f2d-a3bb-534f53e1c036@group-61F4B561E702:t14, leader=null, voted=0e280119-6e3a-4f2d-a3bb-534f53e1c036, raftlog=0e280119-6e3a-4f2d-a3bb-534f53e1c036@group-61F4B561E702-SegmentedRaftLog:OPENED:c0,f0,i0, conf=0: [7d69770b-3355-4a82-aab2-02db9382227d:192.168.34.56:33301, f7720aae-b5ab-43ae-a8f0-7922fdbaf311:192.168.34.56:46404, 0e280119-6e3a-4f2d-a3bb-534f53e1c036:192.168.34.56:35105], old=null
2019-10-18 13:08:24,286 [0e280119-6e3a-4f2d-a3bb-534f53e1c036@group-61F4B561E702-LeaderElection648] INFO  impl.LeaderElection (LogUtils.java:infoOrTrace(149)) -   Exception 0: {}
java.util.concurrent.ExecutionException: org.apache.ratis.thirdparty.io.grpc.StatusRuntimeException: UNAVAILABLE: io exception
	at java.util.concurrent.FutureTask.report(FutureTask.java:122)
	at java.util.concurrent.FutureTask.get(FutureTask.java:192)
	at org.apache.ratis.server.impl.LeaderElection.waitForResults(LeaderElection.java:259)
	at org.apache.ratis.server.impl.LeaderElection.askForVotes(LeaderElection.java:197)
	at org.apache.ratis.server.impl.LeaderElection.run(LeaderElection.java:133)
	at java.lang.Thread.run(Thread.java:748)
Caused by: org.apache.ratis.thirdparty.io.grpc.StatusRuntimeException: UNAVAILABLE: io exception
	at org.apache.ratis.thirdparty.io.grpc.stub.ClientCalls.toStatusRuntimeException(ClientCalls.java:233)
	at org.apache.ratis.thirdparty.io.grpc.stub.ClientCalls.getUnchecked(ClientCalls.java:214)
	at org.apache.ratis.thirdparty.io.grpc.stub.ClientCalls.blockingUnaryCall(ClientCalls.java:139)
	at org.apache.ratis.proto.grpc.RaftServerProtocolServiceGrpc$RaftServerProtocolServiceBlockingStub.requestVote(RaftServerProtocolServiceGrpc.java:265)
	at org.apache.ratis.grpc.server.GrpcServerProtocolClient.requestVote(GrpcServerProtocolClient.java:99)
	at org.apache.ratis.grpc.server.GrpcService.requestVote(GrpcService.java:204)
	at org.apache.ratis.server.impl.LeaderElection.lambda$submitRequests$1(LeaderElection.java:234)
	at java.util.concurrent.FutureTask.run(FutureTask.java:266)
	at java.util.concurrent.Executors$RunnableAdapter.call(Executors.java:511)
	at java.util.concurrent.FutureTask.run(FutureTask.java:266)
	at java.util.concurrent.ThreadPoolExecutor.runWorker(ThreadPoolExecutor.java:1149)
	at java.util.concurrent.ThreadPoolExecutor$Worker.run(ThreadPoolExecutor.java:624)
	... 1 more
Caused by: org.apache.ratis.thirdparty.io.netty.channel.AbstractChannel$AnnotatedConnectException: Connection refused: /192.168.34.56:33301
	at sun.nio.ch.SocketChannelImpl.checkConnect(Native Method)
	at sun.nio.ch.SocketChannelImpl.finishConnect(SocketChannelImpl.java:717)
	at org.apache.ratis.thirdparty.io.netty.channel.socket.nio.NioSocketChannel.doFinishConnect(NioSocketChannel.java:327)
	at org.apache.ratis.thirdparty.io.netty.channel.nio.AbstractNioChannel$AbstractNioUnsafe.finishConnect(AbstractNioChannel.java:340)
	at org.apache.ratis.thirdparty.io.netty.channel.nio.NioEventLoop.processSelectedKey(NioEventLoop.java:632)
	at org.apache.ratis.thirdparty.io.netty.channel.nio.NioEventLoop.processSelectedKeysOptimized(NioEventLoop.java:579)
	at org.apache.ratis.thirdparty.io.netty.channel.nio.NioEventLoop.processSelectedKeys(NioEventLoop.java:496)
	at org.apache.ratis.thirdparty.io.netty.channel.nio.NioEventLoop.run(NioEventLoop.java:458)
	at org.apache.ratis.thirdparty.io.netty.util.concurrent.SingleThreadEventExecutor$5.run(SingleThreadEventExecutor.java:897)
	at org.apache.ratis.thirdparty.io.netty.util.concurrent.FastThreadLocalRunnable.run(FastThreadLocalRunnable.java:30)
	... 1 more
Caused by: java.net.ConnectException: Connection refused
	... 11 more
2019-10-18 13:08:24,286 [0e280119-6e3a-4f2d-a3bb-534f53e1c036@group-61F4B561E702-LeaderElection648] INFO  impl.LeaderElection (LogUtils.java:infoOrTrace(149)) -   Exception 1: {}
java.util.concurrent.ExecutionException: org.apache.ratis.thirdparty.io.grpc.StatusRuntimeException: UNAVAILABLE: io exception
	at java.util.concurrent.FutureTask.report(FutureTask.java:122)
	at java.util.concurrent.FutureTask.get(FutureTask.java:192)
	at org.apache.ratis.server.impl.LeaderElection.waitForResults(LeaderElection.java:259)
	at org.apache.ratis.server.impl.LeaderElection.askForVotes(LeaderElection.java:197)
	at org.apache.ratis.server.impl.LeaderElection.run(LeaderElection.java:133)
	at java.lang.Thread.run(Thread.java:748)
Caused by: org.apache.ratis.thirdparty.io.grpc.StatusRuntimeException: UNAVAILABLE: io exception
	at org.apache.ratis.thirdparty.io.grpc.stub.ClientCalls.toStatusRuntimeException(ClientCalls.java:233)
	at org.apache.ratis.thirdparty.io.grpc.stub.ClientCalls.getUnchecked(ClientCalls.java:214)
	at org.apache.ratis.thirdparty.io.grpc.stub.ClientCalls.blockingUnaryCall(ClientCalls.java:139)
	at org.apache.ratis.proto.grpc.RaftServerProtocolServiceGrpc$RaftServerProtocolServiceBlockingStub.requestVote(RaftServerProtocolServiceGrpc.java:265)
	at org.apache.ratis.grpc.server.GrpcServerProtocolClient.requestVote(GrpcServerProtocolClient.java:99)
	at org.apache.ratis.grpc.server.GrpcService.requestVote(GrpcService.java:204)
	at org.apache.ratis.server.impl.LeaderElection.lambda$submitRequests$1(LeaderElection.java:234)
	at java.util.concurrent.FutureTask.run(FutureTask.java:266)
	at java.util.concurrent.Executors$RunnableAdapter.call(Executors.java:511)
	at java.util.concurrent.FutureTask.run(FutureTask.java:266)
	at java.util.concurrent.ThreadPoolExecutor.runWorker(ThreadPoolExecutor.java:1149)
	at java.util.concurrent.ThreadPoolExecutor$Worker.run(ThreadPoolExecutor.java:624)
	... 1 more
Caused by: org.apache.ratis.thirdparty.io.netty.channel.AbstractChannel$AnnotatedConnectException: Connection refused: /192.168.34.56:46404
	at sun.nio.ch.SocketChannelImpl.checkConnect(Native Method)
	at sun.nio.ch.SocketChannelImpl.finishConnect(SocketChannelImpl.java:717)
	at org.apache.ratis.thirdparty.io.netty.channel.socket.nio.NioSocketChannel.doFinishConnect(NioSocketChannel.java:327)
	at org.apache.ratis.thirdparty.io.netty.channel.nio.AbstractNioChannel$AbstractNioUnsafe.finishConnect(AbstractNioChannel.java:340)
	at org.apache.ratis.thirdparty.io.netty.channel.nio.NioEventLoop.processSelectedKey(NioEventLoop.java:632)
	at org.apache.ratis.thirdparty.io.netty.channel.nio.NioEventLoop.processSelectedKeysOptimized(NioEventLoop.java:579)
	at org.apache.ratis.thirdparty.io.netty.channel.nio.NioEventLoop.processSelectedKeys(NioEventLoop.java:496)
	at org.apache.ratis.thirdparty.io.netty.channel.nio.NioEventLoop.run(NioEventLoop.java:458)
	at org.apache.ratis.thirdparty.io.netty.util.concurrent.SingleThreadEventExecutor$5.run(SingleThreadEventExecutor.java:897)
	at org.apache.ratis.thirdparty.io.netty.util.concurrent.FastThreadLocalRunnable.run(FastThreadLocalRunnable.java:30)
	... 1 more
Caused by: java.net.ConnectException: Connection refused
	... 11 more
2019-10-18 13:08:24,287 [0e280119-6e3a-4f2d-a3bb-534f53e1c036@group-61F4B561E702-LeaderElection648] INFO  impl.RaftServerImpl (RaftServerImpl.java:setRole(184)) - 0e280119-6e3a-4f2d-a3bb-534f53e1c036@group-61F4B561E702: changes role from CANDIDATE to FOLLOWER at term 14 for DISCOVERED_A_NEW_TERM
2019-10-18 13:08:24,287 [0e280119-6e3a-4f2d-a3bb-534f53e1c036@group-61F4B561E702-LeaderElection648] INFO  impl.RoleInfo (RoleInfo.java:shutdownLeaderElection(134)) - 0e280119-6e3a-4f2d-a3bb-534f53e1c036: shutdown LeaderElection
2019-10-18 13:08:24,287 [0e280119-6e3a-4f2d-a3bb-534f53e1c036@group-61F4B561E702-LeaderElection648] INFO  impl.RoleInfo (RoleInfo.java:updateAndGet(143)) - 0e280119-6e3a-4f2d-a3bb-534f53e1c036: start FollowerState
2019-10-18 13:08:24,593 [java.util.concurrent.ThreadPoolExecutor$Worker@38a40473[State = -1, empty queue]] WARN  server.GrpcLogAppender (GrpcLogAppender.java:timeoutAppendRequest(209)) - 0e280119-6e3a-4f2d-a3bb-534f53e1c036@group-9A2401E47D95->7d69770b-3355-4a82-aab2-02db9382227d-GrpcLogAppender: appendEntries Timeout, request=0e280119-6e3a-4f2d-a3bb-534f53e1c036->7d69770b-3355-4a82-aab2-02db9382227d#15-t4, previous=(t:4, i:0), leaderCommit=0, initializing? false, entries: <empty>
2019-10-18 13:08:24,638 [Datanode State Machine Thread - 0] INFO  statemachine.DatanodeStateMachine (DatanodeStateMachine.java:lambda$startDaemon$0(350)) - Ozone container server started.
2019-10-18 13:08:25,093 [java.util.concurrent.ThreadPoolExecutor$Worker@38a40473[State = -1, empty queue]] WARN  server.GrpcLogAppender (GrpcLogAppender.java:timeoutAppendRequest(209)) - 0e280119-6e3a-4f2d-a3bb-534f53e1c036@group-9A2401E47D95->7d69770b-3355-4a82-aab2-02db9382227d-GrpcLogAppender: appendEntries Timeout, request=0e280119-6e3a-4f2d-a3bb-534f53e1c036->7d69770b-3355-4a82-aab2-02db9382227d#16-t4, previous=(t:4, i:0), leaderCommit=0, initializing? false, entries: <empty>
2019-10-18 13:08:25,312 [Thread-6331] INFO  impl.FollowerState (FollowerState.java:run(108)) - 0e280119-6e3a-4f2d-a3bb-534f53e1c036@group-61F4B561E702-FollowerState: change to CANDIDATE, lastRpcTime:1025ms, electionTimeout:1025ms
2019-10-18 13:08:25,313 [Thread-6331] INFO  impl.RoleInfo (RoleInfo.java:shutdownFollowerState(121)) - 0e280119-6e3a-4f2d-a3bb-534f53e1c036: shutdown FollowerState
2019-10-18 13:08:25,313 [Thread-6331] INFO  impl.RaftServerImpl (RaftServerImpl.java:setRole(184)) - 0e280119-6e3a-4f2d-a3bb-534f53e1c036@group-61F4B561E702: changes role from  FOLLOWER to CANDIDATE at term 14 for changeToCandidate
2019-10-18 13:08:25,313 [Thread-6331] INFO  impl.RoleInfo (RoleInfo.java:updateAndGet(143)) - 0e280119-6e3a-4f2d-a3bb-534f53e1c036: start LeaderElection
2019-10-18 13:08:25,349 [0e280119-6e3a-4f2d-a3bb-534f53e1c036@group-61F4B561E702-LeaderElection649] INFO  impl.LeaderElection (LeaderElection.java:askForVotes(178)) - 0e280119-6e3a-4f2d-a3bb-534f53e1c036@group-61F4B561E702-LeaderElection649: begin an election at term 15 for 0: [7d69770b-3355-4a82-aab2-02db9382227d:192.168.34.56:33301, f7720aae-b5ab-43ae-a8f0-7922fdbaf311:192.168.34.56:46404, 0e280119-6e3a-4f2d-a3bb-534f53e1c036:192.168.34.56:35105], old=null
2019-10-18 13:08:25,350 [0e280119-6e3a-4f2d-a3bb-534f53e1c036@group-61F4B561E702-LeaderElection649] INFO  impl.LeaderElection (LogUtils.java:infoOrTrace(149)) - 0e280119-6e3a-4f2d-a3bb-534f53e1c036@group-61F4B561E702-LeaderElection649 got exception when requesting votes: {}
java.util.concurrent.ExecutionException: org.apache.ratis.thirdparty.io.grpc.StatusRuntimeException: UNAVAILABLE: io exception
	at java.util.concurrent.FutureTask.report(FutureTask.java:122)
	at java.util.concurrent.FutureTask.get(FutureTask.java:192)
	at org.apache.ratis.server.impl.LeaderElection.waitForResults(LeaderElection.java:259)
	at org.apache.ratis.server.impl.LeaderElection.askForVotes(LeaderElection.java:197)
	at org.apache.ratis.server.impl.LeaderElection.run(LeaderElection.java:133)
	at java.lang.Thread.run(Thread.java:748)
Caused by: org.apache.ratis.thirdparty.io.grpc.StatusRuntimeException: UNAVAILABLE: io exception
	at org.apache.ratis.thirdparty.io.grpc.stub.ClientCalls.toStatusRuntimeException(ClientCalls.java:233)
	at org.apache.ratis.thirdparty.io.grpc.stub.ClientCalls.getUnchecked(ClientCalls.java:214)
	at org.apache.ratis.thirdparty.io.grpc.stub.ClientCalls.blockingUnaryCall(ClientCalls.java:139)
	at org.apache.ratis.proto.grpc.RaftServerProtocolServiceGrpc$RaftServerProtocolServiceBlockingStub.requestVote(RaftServerProtocolServiceGrpc.java:265)
	at org.apache.ratis.grpc.server.GrpcServerProtocolClient.requestVote(GrpcServerProtocolClient.java:99)
	at org.apache.ratis.grpc.server.GrpcService.requestVote(GrpcService.java:204)
	at org.apache.ratis.server.impl.LeaderElection.lambda$submitRequests$1(LeaderElection.java:234)
	at java.util.concurrent.FutureTask.run(FutureTask.java:266)
	at java.util.concurrent.Executors$RunnableAdapter.call(Executors.java:511)
	at java.util.concurrent.FutureTask.run(FutureTask.java:266)
	at java.util.concurrent.ThreadPoolExecutor.runWorker(ThreadPoolExecutor.java:1149)
	at java.util.concurrent.ThreadPoolExecutor$Worker.run(ThreadPoolExecutor.java:624)
	... 1 more
Caused by: org.apache.ratis.thirdparty.io.netty.channel.AbstractChannel$AnnotatedConnectException: Connection refused: /192.168.34.56:33301
	at sun.nio.ch.SocketChannelImpl.checkConnect(Native Method)
	at sun.nio.ch.SocketChannelImpl.finishConnect(SocketChannelImpl.java:717)
	at org.apache.ratis.thirdparty.io.netty.channel.socket.nio.NioSocketChannel.doFinishConnect(NioSocketChannel.java:327)
	at org.apache.ratis.thirdparty.io.netty.channel.nio.AbstractNioChannel$AbstractNioUnsafe.finishConnect(AbstractNioChannel.java:340)
	at org.apache.ratis.thirdparty.io.netty.channel.nio.NioEventLoop.processSelectedKey(NioEventLoop.java:632)
	at org.apache.ratis.thirdparty.io.netty.channel.nio.NioEventLoop.processSelectedKeysOptimized(NioEventLoop.java:579)
	at org.apache.ratis.thirdparty.io.netty.channel.nio.NioEventLoop.processSelectedKeys(NioEventLoop.java:496)
	at org.apache.ratis.thirdparty.io.netty.channel.nio.NioEventLoop.run(NioEventLoop.java:458)
	at org.apache.ratis.thirdparty.io.netty.util.concurrent.SingleThreadEventExecutor$5.run(SingleThreadEventExecutor.java:897)
	at org.apache.ratis.thirdparty.io.netty.util.concurrent.FastThreadLocalRunnable.run(FastThreadLocalRunnable.java:30)
	... 1 more
Caused by: java.net.ConnectException: Connection refused
	... 11 more
2019-10-18 13:08:25,350 [0e280119-6e3a-4f2d-a3bb-534f53e1c036@group-61F4B561E702-LeaderElection649] INFO  impl.LeaderElection (LogUtils.java:infoOrTrace(149)) - 0e280119-6e3a-4f2d-a3bb-534f53e1c036@group-61F4B561E702-LeaderElection649 got exception when requesting votes: {}
java.util.concurrent.ExecutionException: org.apache.ratis.thirdparty.io.grpc.StatusRuntimeException: UNAVAILABLE: io exception
	at java.util.concurrent.FutureTask.report(FutureTask.java:122)
	at java.util.concurrent.FutureTask.get(FutureTask.java:192)
	at org.apache.ratis.server.impl.LeaderElection.waitForResults(LeaderElection.java:259)
	at org.apache.ratis.server.impl.LeaderElection.askForVotes(LeaderElection.java:197)
	at org.apache.ratis.server.impl.LeaderElection.run(LeaderElection.java:133)
	at java.lang.Thread.run(Thread.java:748)
Caused by: org.apache.ratis.thirdparty.io.grpc.StatusRuntimeException: UNAVAILABLE: io exception
	at org.apache.ratis.thirdparty.io.grpc.stub.ClientCalls.toStatusRuntimeException(ClientCalls.java:233)
	at org.apache.ratis.thirdparty.io.grpc.stub.ClientCalls.getUnchecked(ClientCalls.java:214)
	at org.apache.ratis.thirdparty.io.grpc.stub.ClientCalls.blockingUnaryCall(ClientCalls.java:139)
	at org.apache.ratis.proto.grpc.RaftServerProtocolServiceGrpc$RaftServerProtocolServiceBlockingStub.requestVote(RaftServerProtocolServiceGrpc.java:265)
	at org.apache.ratis.grpc.server.GrpcServerProtocolClient.requestVote(GrpcServerProtocolClient.java:99)
	at org.apache.ratis.grpc.server.GrpcService.requestVote(GrpcService.java:204)
	at org.apache.ratis.server.impl.LeaderElection.lambda$submitRequests$1(LeaderElection.java:234)
	at java.util.concurrent.FutureTask.run(FutureTask.java:266)
	at java.util.concurrent.Executors$RunnableAdapter.call(Executors.java:511)
	at java.util.concurrent.FutureTask.run(FutureTask.java:266)
	at java.util.concurrent.ThreadPoolExecutor.runWorker(ThreadPoolExecutor.java:1149)
	at java.util.concurrent.ThreadPoolExecutor$Worker.run(ThreadPoolExecutor.java:624)
	... 1 more
Caused by: org.apache.ratis.thirdparty.io.netty.channel.AbstractChannel$AnnotatedConnectException: Connection refused: /192.168.34.56:46404
	at sun.nio.ch.SocketChannelImpl.checkConnect(Native Method)
	at sun.nio.ch.SocketChannelImpl.finishConnect(SocketChannelImpl.java:717)
	at org.apache.ratis.thirdparty.io.netty.channel.socket.nio.NioSocketChannel.doFinishConnect(NioSocketChannel.java:327)
	at org.apache.ratis.thirdparty.io.netty.channel.nio.AbstractNioChannel$AbstractNioUnsafe.finishConnect(AbstractNioChannel.java:340)
	at org.apache.ratis.thirdparty.io.netty.channel.nio.NioEventLoop.processSelectedKey(NioEventLoop.java:632)
	at org.apache.ratis.thirdparty.io.netty.channel.nio.NioEventLoop.processSelectedKeysOptimized(NioEventLoop.java:579)
	at org.apache.ratis.thirdparty.io.netty.channel.nio.NioEventLoop.processSelectedKeys(NioEventLoop.java:496)
	at org.apache.ratis.thirdparty.io.netty.channel.nio.NioEventLoop.run(NioEventLoop.java:458)
	at org.apache.ratis.thirdparty.io.netty.util.concurrent.SingleThreadEventExecutor$5.run(SingleThreadEventExecutor.java:897)
	at org.apache.ratis.thirdparty.io.netty.util.concurrent.FastThreadLocalRunnable.run(FastThreadLocalRunnable.java:30)
	... 1 more
Caused by: java.net.ConnectException: Connection refused
	... 11 more
2019-10-18 13:08:25,351 [0e280119-6e3a-4f2d-a3bb-534f53e1c036@group-61F4B561E702-LeaderElection649] INFO  impl.LeaderElection (LeaderElection.java:logAndReturn(56)) - 0e280119-6e3a-4f2d-a3bb-534f53e1c036@group-61F4B561E702-LeaderElection649: Election REJECTED; received 0 response(s) [] and 2 exception(s); 0e280119-6e3a-4f2d-a3bb-534f53e1c036@group-61F4B561E702:t15, leader=null, voted=0e280119-6e3a-4f2d-a3bb-534f53e1c036, raftlog=0e280119-6e3a-4f2d-a3bb-534f53e1c036@group-61F4B561E702-SegmentedRaftLog:OPENED:c0,f0,i0, conf=0: [7d69770b-3355-4a82-aab2-02db9382227d:192.168.34.56:33301, f7720aae-b5ab-43ae-a8f0-7922fdbaf311:192.168.34.56:46404, 0e280119-6e3a-4f2d-a3bb-534f53e1c036:192.168.34.56:35105], old=null
2019-10-18 13:08:25,351 [0e280119-6e3a-4f2d-a3bb-534f53e1c036@group-61F4B561E702-LeaderElection649] INFO  impl.LeaderElection (LogUtils.java:infoOrTrace(149)) -   Exception 0: {}
java.util.concurrent.ExecutionException: org.apache.ratis.thirdparty.io.grpc.StatusRuntimeException: UNAVAILABLE: io exception
	at java.util.concurrent.FutureTask.report(FutureTask.java:122)
	at java.util.concurrent.FutureTask.get(FutureTask.java:192)
	at org.apache.ratis.server.impl.LeaderElection.waitForResults(LeaderElection.java:259)
	at org.apache.ratis.server.impl.LeaderElection.askForVotes(LeaderElection.java:197)
	at org.apache.ratis.server.impl.LeaderElection.run(LeaderElection.java:133)
	at java.lang.Thread.run(Thread.java:748)
Caused by: org.apache.ratis.thirdparty.io.grpc.StatusRuntimeException: UNAVAILABLE: io exception
	at org.apache.ratis.thirdparty.io.grpc.stub.ClientCalls.toStatusRuntimeException(ClientCalls.java:233)
	at org.apache.ratis.thirdparty.io.grpc.stub.ClientCalls.getUnchecked(ClientCalls.java:214)
	at org.apache.ratis.thirdparty.io.grpc.stub.ClientCalls.blockingUnaryCall(ClientCalls.java:139)
	at org.apache.ratis.proto.grpc.RaftServerProtocolServiceGrpc$RaftServerProtocolServiceBlockingStub.requestVote(RaftServerProtocolServiceGrpc.java:265)
	at org.apache.ratis.grpc.server.GrpcServerProtocolClient.requestVote(GrpcServerProtocolClient.java:99)
	at org.apache.ratis.grpc.server.GrpcService.requestVote(GrpcService.java:204)
	at org.apache.ratis.server.impl.LeaderElection.lambda$submitRequests$1(LeaderElection.java:234)
	at java.util.concurrent.FutureTask.run(FutureTask.java:266)
	at java.util.concurrent.Executors$RunnableAdapter.call(Executors.java:511)
	at java.util.concurrent.FutureTask.run(FutureTask.java:266)
	at java.util.concurrent.ThreadPoolExecutor.runWorker(ThreadPoolExecutor.java:1149)
	at java.util.concurrent.ThreadPoolExecutor$Worker.run(ThreadPoolExecutor.java:624)
	... 1 more
Caused by: org.apache.ratis.thirdparty.io.netty.channel.AbstractChannel$AnnotatedConnectException: Connection refused: /192.168.34.56:33301
	at sun.nio.ch.SocketChannelImpl.checkConnect(Native Method)
	at sun.nio.ch.SocketChannelImpl.finishConnect(SocketChannelImpl.java:717)
	at org.apache.ratis.thirdparty.io.netty.channel.socket.nio.NioSocketChannel.doFinishConnect(NioSocketChannel.java:327)
	at org.apache.ratis.thirdparty.io.netty.channel.nio.AbstractNioChannel$AbstractNioUnsafe.finishConnect(AbstractNioChannel.java:340)
	at org.apache.ratis.thirdparty.io.netty.channel.nio.NioEventLoop.processSelectedKey(NioEventLoop.java:632)
	at org.apache.ratis.thirdparty.io.netty.channel.nio.NioEventLoop.processSelectedKeysOptimized(NioEventLoop.java:579)
	at org.apache.ratis.thirdparty.io.netty.channel.nio.NioEventLoop.processSelectedKeys(NioEventLoop.java:496)
	at org.apache.ratis.thirdparty.io.netty.channel.nio.NioEventLoop.run(NioEventLoop.java:458)
	at org.apache.ratis.thirdparty.io.netty.util.concurrent.SingleThreadEventExecutor$5.run(SingleThreadEventExecutor.java:897)
	at org.apache.ratis.thirdparty.io.netty.util.concurrent.FastThreadLocalRunnable.run(FastThreadLocalRunnable.java:30)
	... 1 more
Caused by: java.net.ConnectException: Connection refused
	... 11 more
2019-10-18 13:08:25,351 [0e280119-6e3a-4f2d-a3bb-534f53e1c036@group-61F4B561E702-LeaderElection649] INFO  impl.LeaderElection (LogUtils.java:infoOrTrace(149)) -   Exception 1: {}
java.util.concurrent.ExecutionException: org.apache.ratis.thirdparty.io.grpc.StatusRuntimeException: UNAVAILABLE: io exception
	at java.util.concurrent.FutureTask.report(FutureTask.java:122)
	at java.util.concurrent.FutureTask.get(FutureTask.java:192)
	at org.apache.ratis.server.impl.LeaderElection.waitForResults(LeaderElection.java:259)
	at org.apache.ratis.server.impl.LeaderElection.askForVotes(LeaderElection.java:197)
	at org.apache.ratis.server.impl.LeaderElection.run(LeaderElection.java:133)
	at java.lang.Thread.run(Thread.java:748)
Caused by: org.apache.ratis.thirdparty.io.grpc.StatusRuntimeException: UNAVAILABLE: io exception
	at org.apache.ratis.thirdparty.io.grpc.stub.ClientCalls.toStatusRuntimeException(ClientCalls.java:233)
	at org.apache.ratis.thirdparty.io.grpc.stub.ClientCalls.getUnchecked(ClientCalls.java:214)
	at org.apache.ratis.thirdparty.io.grpc.stub.ClientCalls.blockingUnaryCall(ClientCalls.java:139)
	at org.apache.ratis.proto.grpc.RaftServerProtocolServiceGrpc$RaftServerProtocolServiceBlockingStub.requestVote(RaftServerProtocolServiceGrpc.java:265)
	at org.apache.ratis.grpc.server.GrpcServerProtocolClient.requestVote(GrpcServerProtocolClient.java:99)
	at org.apache.ratis.grpc.server.GrpcService.requestVote(GrpcService.java:204)
	at org.apache.ratis.server.impl.LeaderElection.lambda$submitRequests$1(LeaderElection.java:234)
	at java.util.concurrent.FutureTask.run(FutureTask.java:266)
	at java.util.concurrent.Executors$RunnableAdapter.call(Executors.java:511)
	at java.util.concurrent.FutureTask.run(FutureTask.java:266)
	at java.util.concurrent.ThreadPoolExecutor.runWorker(ThreadPoolExecutor.java:1149)
	at java.util.concurrent.ThreadPoolExecutor$Worker.run(ThreadPoolExecutor.java:624)
	... 1 more
Caused by: org.apache.ratis.thirdparty.io.netty.channel.AbstractChannel$AnnotatedConnectException: Connection refused: /192.168.34.56:46404
	at sun.nio.ch.SocketChannelImpl.checkConnect(Native Method)
	at sun.nio.ch.SocketChannelImpl.finishConnect(SocketChannelImpl.java:717)
	at org.apache.ratis.thirdparty.io.netty.channel.socket.nio.NioSocketChannel.doFinishConnect(NioSocketChannel.java:327)
	at org.apache.ratis.thirdparty.io.netty.channel.nio.AbstractNioChannel$AbstractNioUnsafe.finishConnect(AbstractNioChannel.java:340)
	at org.apache.ratis.thirdparty.io.netty.channel.nio.NioEventLoop.processSelectedKey(NioEventLoop.java:632)
	at org.apache.ratis.thirdparty.io.netty.channel.nio.NioEventLoop.processSelectedKeysOptimized(NioEventLoop.java:579)
	at org.apache.ratis.thirdparty.io.netty.channel.nio.NioEventLoop.processSelectedKeys(NioEventLoop.java:496)
	at org.apache.ratis.thirdparty.io.netty.channel.nio.NioEventLoop.run(NioEventLoop.java:458)
	at org.apache.ratis.thirdparty.io.netty.util.concurrent.SingleThreadEventExecutor$5.run(SingleThreadEventExecutor.java:897)
	at org.apache.ratis.thirdparty.io.netty.util.concurrent.FastThreadLocalRunnable.run(FastThreadLocalRunnable.java:30)
	... 1 more
Caused by: java.net.ConnectException: Connection refused
	... 11 more
2019-10-18 13:08:25,351 [0e280119-6e3a-4f2d-a3bb-534f53e1c036@group-61F4B561E702-LeaderElection649] INFO  impl.RaftServerImpl (RaftServerImpl.java:setRole(184)) - 0e280119-6e3a-4f2d-a3bb-534f53e1c036@group-61F4B561E702: changes role from CANDIDATE to FOLLOWER at term 15 for DISCOVERED_A_NEW_TERM
2019-10-18 13:08:25,351 [0e280119-6e3a-4f2d-a3bb-534f53e1c036@group-61F4B561E702-LeaderElection649] INFO  impl.RoleInfo (RoleInfo.java:shutdownLeaderElection(134)) - 0e280119-6e3a-4f2d-a3bb-534f53e1c036: shutdown LeaderElection
2019-10-18 13:08:25,352 [0e280119-6e3a-4f2d-a3bb-534f53e1c036@group-61F4B561E702-LeaderElection649] INFO  impl.RoleInfo (RoleInfo.java:updateAndGet(143)) - 0e280119-6e3a-4f2d-a3bb-534f53e1c036: start FollowerState
2019-10-18 13:08:25,438 [Thread-6327] INFO  impl.FollowerState (FollowerState.java:run(108)) - 0e280119-6e3a-4f2d-a3bb-534f53e1c036@group-EC3E8056A4BB-FollowerState: change to CANDIDATE, lastRpcTime:1199ms, electionTimeout:1199ms
2019-10-18 13:08:25,438 [Thread-6327] INFO  impl.RoleInfo (RoleInfo.java:shutdownFollowerState(121)) - 0e280119-6e3a-4f2d-a3bb-534f53e1c036: shutdown FollowerState
2019-10-18 13:08:25,438 [Thread-6327] INFO  impl.RaftServerImpl (RaftServerImpl.java:setRole(184)) - 0e280119-6e3a-4f2d-a3bb-534f53e1c036@group-EC3E8056A4BB: changes role from  FOLLOWER to CANDIDATE at term 8 for changeToCandidate
2019-10-18 13:08:25,439 [Thread-6327] INFO  impl.RoleInfo (RoleInfo.java:updateAndGet(143)) - 0e280119-6e3a-4f2d-a3bb-534f53e1c036: start LeaderElection
2019-10-18 13:08:25,480 [0e280119-6e3a-4f2d-a3bb-534f53e1c036@group-EC3E8056A4BB-LeaderElection650] INFO  impl.LeaderElection (LeaderElection.java:askForVotes(178)) - 0e280119-6e3a-4f2d-a3bb-534f53e1c036@group-EC3E8056A4BB-LeaderElection650: begin an election at term 9 for 0: [7d69770b-3355-4a82-aab2-02db9382227d:192.168.34.56:33301, f7720aae-b5ab-43ae-a8f0-7922fdbaf311:192.168.34.56:46404, 0e280119-6e3a-4f2d-a3bb-534f53e1c036:192.168.34.56:35105], old=null
2019-10-18 13:08:25,481 [0e280119-6e3a-4f2d-a3bb-534f53e1c036@group-EC3E8056A4BB-LeaderElection650] INFO  impl.LeaderElection (LogUtils.java:infoOrTrace(149)) - 0e280119-6e3a-4f2d-a3bb-534f53e1c036@group-EC3E8056A4BB-LeaderElection650 got exception when requesting votes: {}
java.util.concurrent.ExecutionException: org.apache.ratis.thirdparty.io.grpc.StatusRuntimeException: UNAVAILABLE: io exception
	at java.util.concurrent.FutureTask.report(FutureTask.java:122)
	at java.util.concurrent.FutureTask.get(FutureTask.java:192)
	at org.apache.ratis.server.impl.LeaderElection.waitForResults(LeaderElection.java:259)
	at org.apache.ratis.server.impl.LeaderElection.askForVotes(LeaderElection.java:197)
	at org.apache.ratis.server.impl.LeaderElection.run(LeaderElection.java:133)
	at java.lang.Thread.run(Thread.java:748)
Caused by: org.apache.ratis.thirdparty.io.grpc.StatusRuntimeException: UNAVAILABLE: io exception
	at org.apache.ratis.thirdparty.io.grpc.stub.ClientCalls.toStatusRuntimeException(ClientCalls.java:233)
	at org.apache.ratis.thirdparty.io.grpc.stub.ClientCalls.getUnchecked(ClientCalls.java:214)
	at org.apache.ratis.thirdparty.io.grpc.stub.ClientCalls.blockingUnaryCall(ClientCalls.java:139)
	at org.apache.ratis.proto.grpc.RaftServerProtocolServiceGrpc$RaftServerProtocolServiceBlockingStub.requestVote(RaftServerProtocolServiceGrpc.java:265)
	at org.apache.ratis.grpc.server.GrpcServerProtocolClient.requestVote(GrpcServerProtocolClient.java:99)
	at org.apache.ratis.grpc.server.GrpcService.requestVote(GrpcService.java:204)
	at org.apache.ratis.server.impl.LeaderElection.lambda$submitRequests$1(LeaderElection.java:234)
	at java.util.concurrent.FutureTask.run(FutureTask.java:266)
	at java.util.concurrent.Executors$RunnableAdapter.call(Executors.java:511)
	at java.util.concurrent.FutureTask.run(FutureTask.java:266)
	at java.util.concurrent.ThreadPoolExecutor.runWorker(ThreadPoolExecutor.java:1149)
	at java.util.concurrent.ThreadPoolExecutor$Worker.run(ThreadPoolExecutor.java:624)
	... 1 more
Caused by: org.apache.ratis.thirdparty.io.netty.channel.AbstractChannel$AnnotatedConnectException: Connection refused: /192.168.34.56:33301
	at sun.nio.ch.SocketChannelImpl.checkConnect(Native Method)
	at sun.nio.ch.SocketChannelImpl.finishConnect(SocketChannelImpl.java:717)
	at org.apache.ratis.thirdparty.io.netty.channel.socket.nio.NioSocketChannel.doFinishConnect(NioSocketChannel.java:327)
	at org.apache.ratis.thirdparty.io.netty.channel.nio.AbstractNioChannel$AbstractNioUnsafe.finishConnect(AbstractNioChannel.java:340)
	at org.apache.ratis.thirdparty.io.netty.channel.nio.NioEventLoop.processSelectedKey(NioEventLoop.java:632)
	at org.apache.ratis.thirdparty.io.netty.channel.nio.NioEventLoop.processSelectedKeysOptimized(NioEventLoop.java:579)
	at org.apache.ratis.thirdparty.io.netty.channel.nio.NioEventLoop.processSelectedKeys(NioEventLoop.java:496)
	at org.apache.ratis.thirdparty.io.netty.channel.nio.NioEventLoop.run(NioEventLoop.java:458)
	at org.apache.ratis.thirdparty.io.netty.util.concurrent.SingleThreadEventExecutor$5.run(SingleThreadEventExecutor.java:897)
	at org.apache.ratis.thirdparty.io.netty.util.concurrent.FastThreadLocalRunnable.run(FastThreadLocalRunnable.java:30)
	... 1 more
Caused by: java.net.ConnectException: Connection refused
	... 11 more
2019-10-18 13:08:25,481 [0e280119-6e3a-4f2d-a3bb-534f53e1c036@group-EC3E8056A4BB-LeaderElection650] INFO  impl.LeaderElection (LogUtils.java:infoOrTrace(149)) - 0e280119-6e3a-4f2d-a3bb-534f53e1c036@group-EC3E8056A4BB-LeaderElection650 got exception when requesting votes: {}
java.util.concurrent.ExecutionException: org.apache.ratis.thirdparty.io.grpc.StatusRuntimeException: UNAVAILABLE: io exception
	at java.util.concurrent.FutureTask.report(FutureTask.java:122)
	at java.util.concurrent.FutureTask.get(FutureTask.java:192)
	at org.apache.ratis.server.impl.LeaderElection.waitForResults(LeaderElection.java:259)
	at org.apache.ratis.server.impl.LeaderElection.askForVotes(LeaderElection.java:197)
	at org.apache.ratis.server.impl.LeaderElection.run(LeaderElection.java:133)
	at java.lang.Thread.run(Thread.java:748)
Caused by: org.apache.ratis.thirdparty.io.grpc.StatusRuntimeException: UNAVAILABLE: io exception
	at org.apache.ratis.thirdparty.io.grpc.stub.ClientCalls.toStatusRuntimeException(ClientCalls.java:233)
	at org.apache.ratis.thirdparty.io.grpc.stub.ClientCalls.getUnchecked(ClientCalls.java:214)
	at org.apache.ratis.thirdparty.io.grpc.stub.ClientCalls.blockingUnaryCall(ClientCalls.java:139)
	at org.apache.ratis.proto.grpc.RaftServerProtocolServiceGrpc$RaftServerProtocolServiceBlockingStub.requestVote(RaftServerProtocolServiceGrpc.java:265)
	at org.apache.ratis.grpc.server.GrpcServerProtocolClient.requestVote(GrpcServerProtocolClient.java:99)
	at org.apache.ratis.grpc.server.GrpcService.requestVote(GrpcService.java:204)
	at org.apache.ratis.server.impl.LeaderElection.lambda$submitRequests$1(LeaderElection.java:234)
	at java.util.concurrent.FutureTask.run(FutureTask.java:266)
	at java.util.concurrent.Executors$RunnableAdapter.call(Executors.java:511)
	at java.util.concurrent.FutureTask.run(FutureTask.java:266)
	at java.util.concurrent.ThreadPoolExecutor.runWorker(ThreadPoolExecutor.java:1149)
	at java.util.concurrent.ThreadPoolExecutor$Worker.run(ThreadPoolExecutor.java:624)
	... 1 more
Caused by: org.apache.ratis.thirdparty.io.netty.channel.AbstractChannel$AnnotatedConnectException: Connection refused: /192.168.34.56:46404
	at sun.nio.ch.SocketChannelImpl.checkConnect(Native Method)
	at sun.nio.ch.SocketChannelImpl.finishConnect(SocketChannelImpl.java:717)
	at org.apache.ratis.thirdparty.io.netty.channel.socket.nio.NioSocketChannel.doFinishConnect(NioSocketChannel.java:327)
	at org.apache.ratis.thirdparty.io.netty.channel.nio.AbstractNioChannel$AbstractNioUnsafe.finishConnect(AbstractNioChannel.java:340)
	at org.apache.ratis.thirdparty.io.netty.channel.nio.NioEventLoop.processSelectedKey(NioEventLoop.java:632)
	at org.apache.ratis.thirdparty.io.netty.channel.nio.NioEventLoop.processSelectedKeysOptimized(NioEventLoop.java:579)
	at org.apache.ratis.thirdparty.io.netty.channel.nio.NioEventLoop.processSelectedKeys(NioEventLoop.java:496)
	at org.apache.ratis.thirdparty.io.netty.channel.nio.NioEventLoop.run(NioEventLoop.java:458)
	at org.apache.ratis.thirdparty.io.netty.util.concurrent.SingleThreadEventExecutor$5.run(SingleThreadEventExecutor.java:897)
	at org.apache.ratis.thirdparty.io.netty.util.concurrent.FastThreadLocalRunnable.run(FastThreadLocalRunnable.java:30)
	... 1 more
Caused by: java.net.ConnectException: Connection refused
	... 11 more
2019-10-18 13:08:25,482 [0e280119-6e3a-4f2d-a3bb-534f53e1c036@group-EC3E8056A4BB-LeaderElection650] INFO  impl.LeaderElection (LeaderElection.java:logAndReturn(56)) - 0e280119-6e3a-4f2d-a3bb-534f53e1c036@group-EC3E8056A4BB-LeaderElection650: Election REJECTED; received 0 response(s) [] and 2 exception(s); 0e280119-6e3a-4f2d-a3bb-534f53e1c036@group-EC3E8056A4BB:t9, leader=null, voted=0e280119-6e3a-4f2d-a3bb-534f53e1c036, raftlog=0e280119-6e3a-4f2d-a3bb-534f53e1c036@group-EC3E8056A4BB-SegmentedRaftLog:OPENED:c0,f0,i0, conf=0: [7d69770b-3355-4a82-aab2-02db9382227d:192.168.34.56:33301, f7720aae-b5ab-43ae-a8f0-7922fdbaf311:192.168.34.56:46404, 0e280119-6e3a-4f2d-a3bb-534f53e1c036:192.168.34.56:35105], old=null
2019-10-18 13:08:25,482 [0e280119-6e3a-4f2d-a3bb-534f53e1c036@group-EC3E8056A4BB-LeaderElection650] INFO  impl.LeaderElection (LogUtils.java:infoOrTrace(149)) -   Exception 0: {}
java.util.concurrent.ExecutionException: org.apache.ratis.thirdparty.io.grpc.StatusRuntimeException: UNAVAILABLE: io exception
	at java.util.concurrent.FutureTask.report(FutureTask.java:122)
	at java.util.concurrent.FutureTask.get(FutureTask.java:192)
	at org.apache.ratis.server.impl.LeaderElection.waitForResults(LeaderElection.java:259)
	at org.apache.ratis.server.impl.LeaderElection.askForVotes(LeaderElection.java:197)
	at org.apache.ratis.server.impl.LeaderElection.run(LeaderElection.java:133)
	at java.lang.Thread.run(Thread.java:748)
Caused by: org.apache.ratis.thirdparty.io.grpc.StatusRuntimeException: UNAVAILABLE: io exception
	at org.apache.ratis.thirdparty.io.grpc.stub.ClientCalls.toStatusRuntimeException(ClientCalls.java:233)
	at org.apache.ratis.thirdparty.io.grpc.stub.ClientCalls.getUnchecked(ClientCalls.java:214)
	at org.apache.ratis.thirdparty.io.grpc.stub.ClientCalls.blockingUnaryCall(ClientCalls.java:139)
	at org.apache.ratis.proto.grpc.RaftServerProtocolServiceGrpc$RaftServerProtocolServiceBlockingStub.requestVote(RaftServerProtocolServiceGrpc.java:265)
	at org.apache.ratis.grpc.server.GrpcServerProtocolClient.requestVote(GrpcServerProtocolClient.java:99)
	at org.apache.ratis.grpc.server.GrpcService.requestVote(GrpcService.java:204)
	at org.apache.ratis.server.impl.LeaderElection.lambda$submitRequests$1(LeaderElection.java:234)
	at java.util.concurrent.FutureTask.run(FutureTask.java:266)
	at java.util.concurrent.Executors$RunnableAdapter.call(Executors.java:511)
	at java.util.concurrent.FutureTask.run(FutureTask.java:266)
	at java.util.concurrent.ThreadPoolExecutor.runWorker(ThreadPoolExecutor.java:1149)
	at java.util.concurrent.ThreadPoolExecutor$Worker.run(ThreadPoolExecutor.java:624)
	... 1 more
Caused by: org.apache.ratis.thirdparty.io.netty.channel.AbstractChannel$AnnotatedConnectException: Connection refused: /192.168.34.56:33301
	at sun.nio.ch.SocketChannelImpl.checkConnect(Native Method)
	at sun.nio.ch.SocketChannelImpl.finishConnect(SocketChannelImpl.java:717)
	at org.apache.ratis.thirdparty.io.netty.channel.socket.nio.NioSocketChannel.doFinishConnect(NioSocketChannel.java:327)
	at org.apache.ratis.thirdparty.io.netty.channel.nio.AbstractNioChannel$AbstractNioUnsafe.finishConnect(AbstractNioChannel.java:340)
	at org.apache.ratis.thirdparty.io.netty.channel.nio.NioEventLoop.processSelectedKey(NioEventLoop.java:632)
	at org.apache.ratis.thirdparty.io.netty.channel.nio.NioEventLoop.processSelectedKeysOptimized(NioEventLoop.java:579)
	at org.apache.ratis.thirdparty.io.netty.channel.nio.NioEventLoop.processSelectedKeys(NioEventLoop.java:496)
	at org.apache.ratis.thirdparty.io.netty.channel.nio.NioEventLoop.run(NioEventLoop.java:458)
	at org.apache.ratis.thirdparty.io.netty.util.concurrent.SingleThreadEventExecutor$5.run(SingleThreadEventExecutor.java:897)
	at org.apache.ratis.thirdparty.io.netty.util.concurrent.FastThreadLocalRunnable.run(FastThreadLocalRunnable.java:30)
	... 1 more
Caused by: java.net.ConnectException: Connection refused
	... 11 more
2019-10-18 13:08:25,482 [0e280119-6e3a-4f2d-a3bb-534f53e1c036@group-EC3E8056A4BB-LeaderElection650] INFO  impl.LeaderElection (LogUtils.java:infoOrTrace(149)) -   Exception 1: {}
java.util.concurrent.ExecutionException: org.apache.ratis.thirdparty.io.grpc.StatusRuntimeException: UNAVAILABLE: io exception
	at java.util.concurrent.FutureTask.report(FutureTask.java:122)
	at java.util.concurrent.FutureTask.get(FutureTask.java:192)
	at org.apache.ratis.server.impl.LeaderElection.waitForResults(LeaderElection.java:259)
	at org.apache.ratis.server.impl.LeaderElection.askForVotes(LeaderElection.java:197)
	at org.apache.ratis.server.impl.LeaderElection.run(LeaderElection.java:133)
	at java.lang.Thread.run(Thread.java:748)
Caused by: org.apache.ratis.thirdparty.io.grpc.StatusRuntimeException: UNAVAILABLE: io exception
	at org.apache.ratis.thirdparty.io.grpc.stub.ClientCalls.toStatusRuntimeException(ClientCalls.java:233)
	at org.apache.ratis.thirdparty.io.grpc.stub.ClientCalls.getUnchecked(ClientCalls.java:214)
	at org.apache.ratis.thirdparty.io.grpc.stub.ClientCalls.blockingUnaryCall(ClientCalls.java:139)
	at org.apache.ratis.proto.grpc.RaftServerProtocolServiceGrpc$RaftServerProtocolServiceBlockingStub.requestVote(RaftServerProtocolServiceGrpc.java:265)
	at org.apache.ratis.grpc.server.GrpcServerProtocolClient.requestVote(GrpcServerProtocolClient.java:99)
	at org.apache.ratis.grpc.server.GrpcService.requestVote(GrpcService.java:204)
	at org.apache.ratis.server.impl.LeaderElection.lambda$submitRequests$1(LeaderElection.java:234)
	at java.util.concurrent.FutureTask.run(FutureTask.java:266)
	at java.util.concurrent.Executors$RunnableAdapter.call(Executors.java:511)
	at java.util.concurrent.FutureTask.run(FutureTask.java:266)
	at java.util.concurrent.ThreadPoolExecutor.runWorker(ThreadPoolExecutor.java:1149)
	at java.util.concurrent.ThreadPoolExecutor$Worker.run(ThreadPoolExecutor.java:624)
	... 1 more
Caused by: org.apache.ratis.thirdparty.io.netty.channel.AbstractChannel$AnnotatedConnectException: Connection refused: /192.168.34.56:46404
	at sun.nio.ch.SocketChannelImpl.checkConnect(Native Method)
	at sun.nio.ch.SocketChannelImpl.finishConnect(SocketChannelImpl.java:717)
	at org.apache.ratis.thirdparty.io.netty.channel.socket.nio.NioSocketChannel.doFinishConnect(NioSocketChannel.java:327)
	at org.apache.ratis.thirdparty.io.netty.channel.nio.AbstractNioChannel$AbstractNioUnsafe.finishConnect(AbstractNioChannel.java:340)
	at org.apache.ratis.thirdparty.io.netty.channel.nio.NioEventLoop.processSelectedKey(NioEventLoop.java:632)
	at org.apache.ratis.thirdparty.io.netty.channel.nio.NioEventLoop.processSelectedKeysOptimized(NioEventLoop.java:579)
	at org.apache.ratis.thirdparty.io.netty.channel.nio.NioEventLoop.processSelectedKeys(NioEventLoop.java:496)
	at org.apache.ratis.thirdparty.io.netty.channel.nio.NioEventLoop.run(NioEventLoop.java:458)
	at org.apache.ratis.thirdparty.io.netty.util.concurrent.SingleThreadEventExecutor$5.run(SingleThreadEventExecutor.java:897)
	at org.apache.ratis.thirdparty.io.netty.util.concurrent.FastThreadLocalRunnable.run(FastThreadLocalRunnable.java:30)
	... 1 more
Caused by: java.net.ConnectException: Connection refused
	... 11 more
2019-10-18 13:08:25,482 [0e280119-6e3a-4f2d-a3bb-534f53e1c036@group-EC3E8056A4BB-LeaderElection650] INFO  impl.RaftServerImpl (RaftServerImpl.java:setRole(184)) - 0e280119-6e3a-4f2d-a3bb-534f53e1c036@group-EC3E8056A4BB: changes role from CANDIDATE to FOLLOWER at term 9 for DISCOVERED_A_NEW_TERM
2019-10-18 13:08:25,482 [0e280119-6e3a-4f2d-a3bb-534f53e1c036@group-EC3E8056A4BB-LeaderElection650] INFO  impl.RoleInfo (RoleInfo.java:shutdownLeaderElection(134)) - 0e280119-6e3a-4f2d-a3bb-534f53e1c036: shutdown LeaderElection
2019-10-18 13:08:25,483 [0e280119-6e3a-4f2d-a3bb-534f53e1c036@group-EC3E8056A4BB-LeaderElection650] INFO  impl.RoleInfo (RoleInfo.java:updateAndGet(143)) - 0e280119-6e3a-4f2d-a3bb-534f53e1c036: start FollowerState
2019-10-18 13:08:25,593 [java.util.concurrent.ThreadPoolExecutor$Worker@38a40473[State = -1, empty queue]] WARN  server.GrpcLogAppender (GrpcLogAppender.java:timeoutAppendRequest(209)) - 0e280119-6e3a-4f2d-a3bb-534f53e1c036@group-9A2401E47D95->7d69770b-3355-4a82-aab2-02db9382227d-GrpcLogAppender: appendEntries Timeout, request=0e280119-6e3a-4f2d-a3bb-534f53e1c036->7d69770b-3355-4a82-aab2-02db9382227d#17-t4, previous=(t:4, i:0), leaderCommit=0, initializing? false, entries: <empty>
2019-10-18 13:08:26,094 [java.util.concurrent.ThreadPoolExecutor$Worker@38a40473[State = -1, empty queue]] WARN  server.GrpcLogAppender (GrpcLogAppender.java:timeoutAppendRequest(209)) - 0e280119-6e3a-4f2d-a3bb-534f53e1c036@group-9A2401E47D95->7d69770b-3355-4a82-aab2-02db9382227d-GrpcLogAppender: appendEntries Timeout, request=0e280119-6e3a-4f2d-a3bb-534f53e1c036->7d69770b-3355-4a82-aab2-02db9382227d#18-t4, previous=(t:4, i:0), leaderCommit=0, initializing? false, entries: <empty>
2019-10-18 13:08:26,400 [Thread-6335] INFO  impl.FollowerState (FollowerState.java:run(108)) - 0e280119-6e3a-4f2d-a3bb-534f53e1c036@group-61F4B561E702-FollowerState: change to CANDIDATE, lastRpcTime:1048ms, electionTimeout:1048ms
2019-10-18 13:08:26,400 [Thread-6335] INFO  impl.RoleInfo (RoleInfo.java:shutdownFollowerState(121)) - 0e280119-6e3a-4f2d-a3bb-534f53e1c036: shutdown FollowerState
2019-10-18 13:08:26,400 [Thread-6335] INFO  impl.RaftServerImpl (RaftServerImpl.java:setRole(184)) - 0e280119-6e3a-4f2d-a3bb-534f53e1c036@group-61F4B561E702: changes role from  FOLLOWER to CANDIDATE at term 15 for changeToCandidate
2019-10-18 13:08:26,401 [Thread-6335] INFO  impl.RoleInfo (RoleInfo.java:updateAndGet(143)) - 0e280119-6e3a-4f2d-a3bb-534f53e1c036: start LeaderElection
2019-10-18 13:08:26,527 [Thread-6339] INFO  impl.FollowerState (FollowerState.java:run(108)) - 0e280119-6e3a-4f2d-a3bb-534f53e1c036@group-EC3E8056A4BB-FollowerState: change to CANDIDATE, lastRpcTime:1044ms, electionTimeout:1044ms
2019-10-18 13:08:26,527 [Thread-6339] INFO  impl.RoleInfo (RoleInfo.java:shutdownFollowerState(121)) - 0e280119-6e3a-4f2d-a3bb-534f53e1c036: shutdown FollowerState
2019-10-18 13:08:26,527 [Thread-6339] INFO  impl.RaftServerImpl (RaftServerImpl.java:setRole(184)) - 0e280119-6e3a-4f2d-a3bb-534f53e1c036@group-EC3E8056A4BB: changes role from  FOLLOWER to CANDIDATE at term 9 for changeToCandidate
2019-10-18 13:08:26,527 [Thread-6339] INFO  impl.RoleInfo (RoleInfo.java:updateAndGet(143)) - 0e280119-6e3a-4f2d-a3bb-534f53e1c036: start LeaderElection
2019-10-18 13:08:26,581 [java.util.concurrent.ThreadPoolExecutor$Worker@513d65b2[State = -1, empty queue]] WARN  server.GrpcLogAppender (GrpcLogAppender.java:timeoutAppendRequest(209)) - 0e280119-6e3a-4f2d-a3bb-534f53e1c036@group-9A2401E47D95->f7720aae-b5ab-43ae-a8f0-7922fdbaf311-GrpcLogAppender: appendEntries Timeout, request=0e280119-6e3a-4f2d-a3bb-534f53e1c036->f7720aae-b5ab-43ae-a8f0-7922fdbaf311#3-t4, previous=(t:0, i:0), leaderCommit=0, initializing? false, entries: <empty>
2019-10-18 13:08:26,594 [java.util.concurrent.ThreadPoolExecutor$Worker@38a40473[State = -1, empty queue]] WARN  server.GrpcLogAppender (GrpcLogAppender.java:timeoutAppendRequest(209)) - 0e280119-6e3a-4f2d-a3bb-534f53e1c036@group-9A2401E47D95->7d69770b-3355-4a82-aab2-02db9382227d-GrpcLogAppender: appendEntries Timeout, request=0e280119-6e3a-4f2d-a3bb-534f53e1c036->7d69770b-3355-4a82-aab2-02db9382227d#19-t4, previous=(t:4, i:0), leaderCommit=0, initializing? false, entries: <empty>
2019-10-18 13:08:27,094 [java.util.concurrent.ThreadPoolExecutor$Worker@38a40473[State = -1, empty queue]] WARN  server.GrpcLogAppender (GrpcLogAppender.java:timeoutAppendRequest(209)) - 0e280119-6e3a-4f2d-a3bb-534f53e1c036@group-9A2401E47D95->7d69770b-3355-4a82-aab2-02db9382227d-GrpcLogAppender: appendEntries Timeout, request=0e280119-6e3a-4f2d-a3bb-534f53e1c036->7d69770b-3355-4a82-aab2-02db9382227d#20-t4, previous=(t:4, i:0), leaderCommit=0, initializing? false, entries: <empty>
2019-10-18 13:08:27,574 [0e280119-6e3a-4f2d-a3bb-534f53e1c036@group-61F4B561E702-LeaderElection651] INFO  impl.LeaderElection (LeaderElection.java:askForVotes(178)) - 0e280119-6e3a-4f2d-a3bb-534f53e1c036@group-61F4B561E702-LeaderElection651: begin an election at term 16 for 0: [7d69770b-3355-4a82-aab2-02db9382227d:192.168.34.56:33301, f7720aae-b5ab-43ae-a8f0-7922fdbaf311:192.168.34.56:46404, 0e280119-6e3a-4f2d-a3bb-534f53e1c036:192.168.34.56:35105], old=null
2019-10-18 13:08:27,575 [0e280119-6e3a-4f2d-a3bb-534f53e1c036@group-61F4B561E702-LeaderElection651] INFO  impl.LeaderElection (LogUtils.java:infoOrTrace(149)) - 0e280119-6e3a-4f2d-a3bb-534f53e1c036@group-61F4B561E702-LeaderElection651 got exception when requesting votes: {}
java.util.concurrent.ExecutionException: org.apache.ratis.thirdparty.io.grpc.StatusRuntimeException: UNAVAILABLE: io exception
	at java.util.concurrent.FutureTask.report(FutureTask.java:122)
	at java.util.concurrent.FutureTask.get(FutureTask.java:192)
	at org.apache.ratis.server.impl.LeaderElection.waitForResults(LeaderElection.java:259)
	at org.apache.ratis.server.impl.LeaderElection.askForVotes(LeaderElection.java:197)
	at org.apache.ratis.server.impl.LeaderElection.run(LeaderElection.java:133)
	at java.lang.Thread.run(Thread.java:748)
Caused by: org.apache.ratis.thirdparty.io.grpc.StatusRuntimeException: UNAVAILABLE: io exception
	at org.apache.ratis.thirdparty.io.grpc.stub.ClientCalls.toStatusRuntimeException(ClientCalls.java:233)
	at org.apache.ratis.thirdparty.io.grpc.stub.ClientCalls.getUnchecked(ClientCalls.java:214)
	at org.apache.ratis.thirdparty.io.grpc.stub.ClientCalls.blockingUnaryCall(ClientCalls.java:139)
	at org.apache.ratis.proto.grpc.RaftServerProtocolServiceGrpc$RaftServerProtocolServiceBlockingStub.requestVote(RaftServerProtocolServiceGrpc.java:265)
	at org.apache.ratis.grpc.server.GrpcServerProtocolClient.requestVote(GrpcServerProtocolClient.java:99)
	at org.apache.ratis.grpc.server.GrpcService.requestVote(GrpcService.java:204)
	at org.apache.ratis.server.impl.LeaderElection.lambda$submitRequests$1(LeaderElection.java:234)
	at java.util.concurrent.FutureTask.run(FutureTask.java:266)
	at java.util.concurrent.Executors$RunnableAdapter.call(Executors.java:511)
	at java.util.concurrent.FutureTask.run(FutureTask.java:266)
	at java.util.concurrent.ThreadPoolExecutor.runWorker(ThreadPoolExecutor.java:1149)
	at java.util.concurrent.ThreadPoolExecutor$Worker.run(ThreadPoolExecutor.java:624)
	... 1 more
Caused by: org.apache.ratis.thirdparty.io.netty.channel.AbstractChannel$AnnotatedConnectException: Connection refused: /192.168.34.56:33301
	at sun.nio.ch.SocketChannelImpl.checkConnect(Native Method)
	at sun.nio.ch.SocketChannelImpl.finishConnect(SocketChannelImpl.java:717)
	at org.apache.ratis.thirdparty.io.netty.channel.socket.nio.NioSocketChannel.doFinishConnect(NioSocketChannel.java:327)
	at org.apache.ratis.thirdparty.io.netty.channel.nio.AbstractNioChannel$AbstractNioUnsafe.finishConnect(AbstractNioChannel.java:340)
	at org.apache.ratis.thirdparty.io.netty.channel.nio.NioEventLoop.processSelectedKey(NioEventLoop.java:632)
	at org.apache.ratis.thirdparty.io.netty.channel.nio.NioEventLoop.processSelectedKeysOptimized(NioEventLoop.java:579)
	at org.apache.ratis.thirdparty.io.netty.channel.nio.NioEventLoop.processSelectedKeys(NioEventLoop.java:496)
	at org.apache.ratis.thirdparty.io.netty.channel.nio.NioEventLoop.run(NioEventLoop.java:458)
	at org.apache.ratis.thirdparty.io.netty.util.concurrent.SingleThreadEventExecutor$5.run(SingleThreadEventExecutor.java:897)
	at org.apache.ratis.thirdparty.io.netty.util.concurrent.FastThreadLocalRunnable.run(FastThreadLocalRunnable.java:30)
	... 1 more
Caused by: java.net.ConnectException: Connection refused
	... 11 more
2019-10-18 13:08:27,575 [0e280119-6e3a-4f2d-a3bb-534f53e1c036@group-61F4B561E702-LeaderElection651] INFO  impl.LeaderElection (LogUtils.java:infoOrTrace(149)) - 0e280119-6e3a-4f2d-a3bb-534f53e1c036@group-61F4B561E702-LeaderElection651 got exception when requesting votes: {}
java.util.concurrent.ExecutionException: org.apache.ratis.thirdparty.io.grpc.StatusRuntimeException: UNAVAILABLE: io exception
	at java.util.concurrent.FutureTask.report(FutureTask.java:122)
	at java.util.concurrent.FutureTask.get(FutureTask.java:192)
	at org.apache.ratis.server.impl.LeaderElection.waitForResults(LeaderElection.java:259)
	at org.apache.ratis.server.impl.LeaderElection.askForVotes(LeaderElection.java:197)
	at org.apache.ratis.server.impl.LeaderElection.run(LeaderElection.java:133)
	at java.lang.Thread.run(Thread.java:748)
Caused by: org.apache.ratis.thirdparty.io.grpc.StatusRuntimeException: UNAVAILABLE: io exception
	at org.apache.ratis.thirdparty.io.grpc.stub.ClientCalls.toStatusRuntimeException(ClientCalls.java:233)
	at org.apache.ratis.thirdparty.io.grpc.stub.ClientCalls.getUnchecked(ClientCalls.java:214)
	at org.apache.ratis.thirdparty.io.grpc.stub.ClientCalls.blockingUnaryCall(ClientCalls.java:139)
	at org.apache.ratis.proto.grpc.RaftServerProtocolServiceGrpc$RaftServerProtocolServiceBlockingStub.requestVote(RaftServerProtocolServiceGrpc.java:265)
	at org.apache.ratis.grpc.server.GrpcServerProtocolClient.requestVote(GrpcServerProtocolClient.java:99)
	at org.apache.ratis.grpc.server.GrpcService.requestVote(GrpcService.java:204)
	at org.apache.ratis.server.impl.LeaderElection.lambda$submitRequests$1(LeaderElection.java:234)
	at java.util.concurrent.FutureTask.run(FutureTask.java:266)
	at java.util.concurrent.Executors$RunnableAdapter.call(Executors.java:511)
	at java.util.concurrent.FutureTask.run(FutureTask.java:266)
	at java.util.concurrent.ThreadPoolExecutor.runWorker(ThreadPoolExecutor.java:1149)
	at java.util.concurrent.ThreadPoolExecutor$Worker.run(ThreadPoolExecutor.java:624)
	... 1 more
Caused by: org.apache.ratis.thirdparty.io.netty.channel.AbstractChannel$AnnotatedConnectException: Connection refused: /192.168.34.56:46404
	at sun.nio.ch.SocketChannelImpl.checkConnect(Native Method)
	at sun.nio.ch.SocketChannelImpl.finishConnect(SocketChannelImpl.java:717)
	at org.apache.ratis.thirdparty.io.netty.channel.socket.nio.NioSocketChannel.doFinishConnect(NioSocketChannel.java:327)
	at org.apache.ratis.thirdparty.io.netty.channel.nio.AbstractNioChannel$AbstractNioUnsafe.finishConnect(AbstractNioChannel.java:340)
	at org.apache.ratis.thirdparty.io.netty.channel.nio.NioEventLoop.processSelectedKey(NioEventLoop.java:632)
	at org.apache.ratis.thirdparty.io.netty.channel.nio.NioEventLoop.processSelectedKeysOptimized(NioEventLoop.java:579)
	at org.apache.ratis.thirdparty.io.netty.channel.nio.NioEventLoop.processSelectedKeys(NioEventLoop.java:496)
	at org.apache.ratis.thirdparty.io.netty.channel.nio.NioEventLoop.run(NioEventLoop.java:458)
	at org.apache.ratis.thirdparty.io.netty.util.concurrent.SingleThreadEventExecutor$5.run(SingleThreadEventExecutor.java:897)
	at org.apache.ratis.thirdparty.io.netty.util.concurrent.FastThreadLocalRunnable.run(FastThreadLocalRunnable.java:30)
	... 1 more
Caused by: java.net.ConnectException: Connection refused
	... 11 more
2019-10-18 13:08:27,576 [0e280119-6e3a-4f2d-a3bb-534f53e1c036@group-61F4B561E702-LeaderElection651] INFO  impl.LeaderElection (LeaderElection.java:logAndReturn(56)) - 0e280119-6e3a-4f2d-a3bb-534f53e1c036@group-61F4B561E702-LeaderElection651: Election REJECTED; received 0 response(s) [] and 2 exception(s); 0e280119-6e3a-4f2d-a3bb-534f53e1c036@group-61F4B561E702:t16, leader=null, voted=0e280119-6e3a-4f2d-a3bb-534f53e1c036, raftlog=0e280119-6e3a-4f2d-a3bb-534f53e1c036@group-61F4B561E702-SegmentedRaftLog:OPENED:c0,f0,i0, conf=0: [7d69770b-3355-4a82-aab2-02db9382227d:192.168.34.56:33301, f7720aae-b5ab-43ae-a8f0-7922fdbaf311:192.168.34.56:46404, 0e280119-6e3a-4f2d-a3bb-534f53e1c036:192.168.34.56:35105], old=null
2019-10-18 13:08:27,576 [0e280119-6e3a-4f2d-a3bb-534f53e1c036@group-61F4B561E702-LeaderElection651] INFO  impl.LeaderElection (LogUtils.java:infoOrTrace(149)) -   Exception 0: {}
java.util.concurrent.ExecutionException: org.apache.ratis.thirdparty.io.grpc.StatusRuntimeException: UNAVAILABLE: io exception
	at java.util.concurrent.FutureTask.report(FutureTask.java:122)
	at java.util.concurrent.FutureTask.get(FutureTask.java:192)
	at org.apache.ratis.server.impl.LeaderElection.waitForResults(LeaderElection.java:259)
	at org.apache.ratis.server.impl.LeaderElection.askForVotes(LeaderElection.java:197)
	at org.apache.ratis.server.impl.LeaderElection.run(LeaderElection.java:133)
	at java.lang.Thread.run(Thread.java:748)
Caused by: org.apache.ratis.thirdparty.io.grpc.StatusRuntimeException: UNAVAILABLE: io exception
	at org.apache.ratis.thirdparty.io.grpc.stub.ClientCalls.toStatusRuntimeException(ClientCalls.java:233)
	at org.apache.ratis.thirdparty.io.grpc.stub.ClientCalls.getUnchecked(ClientCalls.java:214)
	at org.apache.ratis.thirdparty.io.grpc.stub.ClientCalls.blockingUnaryCall(ClientCalls.java:139)
	at org.apache.ratis.proto.grpc.RaftServerProtocolServiceGrpc$RaftServerProtocolServiceBlockingStub.requestVote(RaftServerProtocolServiceGrpc.java:265)
	at org.apache.ratis.grpc.server.GrpcServerProtocolClient.requestVote(GrpcServerProtocolClient.java:99)
	at org.apache.ratis.grpc.server.GrpcService.requestVote(GrpcService.java:204)
	at org.apache.ratis.server.impl.LeaderElection.lambda$submitRequests$1(LeaderElection.java:234)
	at java.util.concurrent.FutureTask.run(FutureTask.java:266)
	at java.util.concurrent.Executors$RunnableAdapter.call(Executors.java:511)
	at java.util.concurrent.FutureTask.run(FutureTask.java:266)
	at java.util.concurrent.ThreadPoolExecutor.runWorker(ThreadPoolExecutor.java:1149)
	at java.util.concurrent.ThreadPoolExecutor$Worker.run(ThreadPoolExecutor.java:624)
	... 1 more
Caused by: org.apache.ratis.thirdparty.io.netty.channel.AbstractChannel$AnnotatedConnectException: Connection refused: /192.168.34.56:33301
	at sun.nio.ch.SocketChannelImpl.checkConnect(Native Method)
	at sun.nio.ch.SocketChannelImpl.finishConnect(SocketChannelImpl.java:717)
	at org.apache.ratis.thirdparty.io.netty.channel.socket.nio.NioSocketChannel.doFinishConnect(NioSocketChannel.java:327)
	at org.apache.ratis.thirdparty.io.netty.channel.nio.AbstractNioChannel$AbstractNioUnsafe.finishConnect(AbstractNioChannel.java:340)
	at org.apache.ratis.thirdparty.io.netty.channel.nio.NioEventLoop.processSelectedKey(NioEventLoop.java:632)
	at org.apache.ratis.thirdparty.io.netty.channel.nio.NioEventLoop.processSelectedKeysOptimized(NioEventLoop.java:579)
	at org.apache.ratis.thirdparty.io.netty.channel.nio.NioEventLoop.processSelectedKeys(NioEventLoop.java:496)
	at org.apache.ratis.thirdparty.io.netty.channel.nio.NioEventLoop.run(NioEventLoop.java:458)
	at org.apache.ratis.thirdparty.io.netty.util.concurrent.SingleThreadEventExecutor$5.run(SingleThreadEventExecutor.java:897)
	at org.apache.ratis.thirdparty.io.netty.util.concurrent.FastThreadLocalRunnable.run(FastThreadLocalRunnable.java:30)
	... 1 more
Caused by: java.net.ConnectException: Connection refused
	... 11 more
2019-10-18 13:08:27,576 [0e280119-6e3a-4f2d-a3bb-534f53e1c036@group-61F4B561E702-LeaderElection651] INFO  impl.LeaderElection (LogUtils.java:infoOrTrace(149)) -   Exception 1: {}
java.util.concurrent.ExecutionException: org.apache.ratis.thirdparty.io.grpc.StatusRuntimeException: UNAVAILABLE: io exception
	at java.util.concurrent.FutureTask.report(FutureTask.java:122)
	at java.util.concurrent.FutureTask.get(FutureTask.java:192)
	at org.apache.ratis.server.impl.LeaderElection.waitForResults(LeaderElection.java:259)
	at org.apache.ratis.server.impl.LeaderElection.askForVotes(LeaderElection.java:197)
	at org.apache.ratis.server.impl.LeaderElection.run(LeaderElection.java:133)
	at java.lang.Thread.run(Thread.java:748)
Caused by: org.apache.ratis.thirdparty.io.grpc.StatusRuntimeException: UNAVAILABLE: io exception
	at org.apache.ratis.thirdparty.io.grpc.stub.ClientCalls.toStatusRuntimeException(ClientCalls.java:233)
	at org.apache.ratis.thirdparty.io.grpc.stub.ClientCalls.getUnchecked(ClientCalls.java:214)
	at org.apache.ratis.thirdparty.io.grpc.stub.ClientCalls.blockingUnaryCall(ClientCalls.java:139)
	at org.apache.ratis.proto.grpc.RaftServerProtocolServiceGrpc$RaftServerProtocolServiceBlockingStub.requestVote(RaftServerProtocolServiceGrpc.java:265)
	at org.apache.ratis.grpc.server.GrpcServerProtocolClient.requestVote(GrpcServerProtocolClient.java:99)
	at org.apache.ratis.grpc.server.GrpcService.requestVote(GrpcService.java:204)
	at org.apache.ratis.server.impl.LeaderElection.lambda$submitRequests$1(LeaderElection.java:234)
	at java.util.concurrent.FutureTask.run(FutureTask.java:266)
	at java.util.concurrent.Executors$RunnableAdapter.call(Executors.java:511)
	at java.util.concurrent.FutureTask.run(FutureTask.java:266)
	at java.util.concurrent.ThreadPoolExecutor.runWorker(ThreadPoolExecutor.java:1149)
	at java.util.concurrent.ThreadPoolExecutor$Worker.run(ThreadPoolExecutor.java:624)
	... 1 more
Caused by: org.apache.ratis.thirdparty.io.netty.channel.AbstractChannel$AnnotatedConnectException: Connection refused: /192.168.34.56:46404
	at sun.nio.ch.SocketChannelImpl.checkConnect(Native Method)
	at sun.nio.ch.SocketChannelImpl.finishConnect(SocketChannelImpl.java:717)
	at org.apache.ratis.thirdparty.io.netty.channel.socket.nio.NioSocketChannel.doFinishConnect(NioSocketChannel.java:327)
	at org.apache.ratis.thirdparty.io.netty.channel.nio.AbstractNioChannel$AbstractNioUnsafe.finishConnect(AbstractNioChannel.java:340)
	at org.apache.ratis.thirdparty.io.netty.channel.nio.NioEventLoop.processSelectedKey(NioEventLoop.java:632)
	at org.apache.ratis.thirdparty.io.netty.channel.nio.NioEventLoop.processSelectedKeysOptimized(NioEventLoop.java:579)
	at org.apache.ratis.thirdparty.io.netty.channel.nio.NioEventLoop.processSelectedKeys(NioEventLoop.java:496)
	at org.apache.ratis.thirdparty.io.netty.channel.nio.NioEventLoop.run(NioEventLoop.java:458)
	at org.apache.ratis.thirdparty.io.netty.util.concurrent.SingleThreadEventExecutor$5.run(SingleThreadEventExecutor.java:897)
	at org.apache.ratis.thirdparty.io.netty.util.concurrent.FastThreadLocalRunnable.run(FastThreadLocalRunnable.java:30)
	... 1 more
Caused by: java.net.ConnectException: Connection refused
	... 11 more
2019-10-18 13:08:27,576 [0e280119-6e3a-4f2d-a3bb-534f53e1c036@group-61F4B561E702-LeaderElection651] INFO  impl.RaftServerImpl (RaftServerImpl.java:setRole(184)) - 0e280119-6e3a-4f2d-a3bb-534f53e1c036@group-61F4B561E702: changes role from CANDIDATE to FOLLOWER at term 16 for DISCOVERED_A_NEW_TERM
2019-10-18 13:08:27,576 [0e280119-6e3a-4f2d-a3bb-534f53e1c036@group-61F4B561E702-LeaderElection651] INFO  impl.RoleInfo (RoleInfo.java:shutdownLeaderElection(134)) - 0e280119-6e3a-4f2d-a3bb-534f53e1c036: shutdown LeaderElection
2019-10-18 13:08:27,577 [0e280119-6e3a-4f2d-a3bb-534f53e1c036@group-61F4B561E702-LeaderElection651] INFO  impl.RoleInfo (RoleInfo.java:updateAndGet(143)) - 0e280119-6e3a-4f2d-a3bb-534f53e1c036: start FollowerState
2019-10-18 13:08:27,595 [java.util.concurrent.ThreadPoolExecutor$Worker@38a40473[State = -1, empty queue]] WARN  server.GrpcLogAppender (GrpcLogAppender.java:timeoutAppendRequest(209)) - 0e280119-6e3a-4f2d-a3bb-534f53e1c036@group-9A2401E47D95->7d69770b-3355-4a82-aab2-02db9382227d-GrpcLogAppender: appendEntries Timeout, request=0e280119-6e3a-4f2d-a3bb-534f53e1c036->7d69770b-3355-4a82-aab2-02db9382227d#21-t4, previous=(t:4, i:0), leaderCommit=0, initializing? false, entries: <empty>
2019-10-18 13:08:27,948 [0e280119-6e3a-4f2d-a3bb-534f53e1c036@group-EC3E8056A4BB-LeaderElection652] INFO  impl.LeaderElection (LeaderElection.java:askForVotes(178)) - 0e280119-6e3a-4f2d-a3bb-534f53e1c036@group-EC3E8056A4BB-LeaderElection652: begin an election at term 10 for 0: [7d69770b-3355-4a82-aab2-02db9382227d:192.168.34.56:33301, f7720aae-b5ab-43ae-a8f0-7922fdbaf311:192.168.34.56:46404, 0e280119-6e3a-4f2d-a3bb-534f53e1c036:192.168.34.56:35105], old=null
2019-10-18 13:08:27,950 [0e280119-6e3a-4f2d-a3bb-534f53e1c036@group-EC3E8056A4BB-LeaderElection652] INFO  impl.LeaderElection (LogUtils.java:infoOrTrace(149)) - 0e280119-6e3a-4f2d-a3bb-534f53e1c036@group-EC3E8056A4BB-LeaderElection652 got exception when requesting votes: {}
java.util.concurrent.ExecutionException: org.apache.ratis.thirdparty.io.grpc.StatusRuntimeException: UNAVAILABLE: io exception
	at java.util.concurrent.FutureTask.report(FutureTask.java:122)
	at java.util.concurrent.FutureTask.get(FutureTask.java:192)
	at org.apache.ratis.server.impl.LeaderElection.waitForResults(LeaderElection.java:259)
	at org.apache.ratis.server.impl.LeaderElection.askForVotes(LeaderElection.java:197)
	at org.apache.ratis.server.impl.LeaderElection.run(LeaderElection.java:133)
	at java.lang.Thread.run(Thread.java:748)
Caused by: org.apache.ratis.thirdparty.io.grpc.StatusRuntimeException: UNAVAILABLE: io exception
	at org.apache.ratis.thirdparty.io.grpc.stub.ClientCalls.toStatusRuntimeException(ClientCalls.java:233)
	at org.apache.ratis.thirdparty.io.grpc.stub.ClientCalls.getUnchecked(ClientCalls.java:214)
	at org.apache.ratis.thirdparty.io.grpc.stub.ClientCalls.blockingUnaryCall(ClientCalls.java:139)
	at org.apache.ratis.proto.grpc.RaftServerProtocolServiceGrpc$RaftServerProtocolServiceBlockingStub.requestVote(RaftServerProtocolServiceGrpc.java:265)
	at org.apache.ratis.grpc.server.GrpcServerProtocolClient.requestVote(GrpcServerProtocolClient.java:99)
	at org.apache.ratis.grpc.server.GrpcService.requestVote(GrpcService.java:204)
	at org.apache.ratis.server.impl.LeaderElection.lambda$submitRequests$1(LeaderElection.java:234)
	at java.util.concurrent.FutureTask.run(FutureTask.java:266)
	at java.util.concurrent.Executors$RunnableAdapter.call(Executors.java:511)
	at java.util.concurrent.FutureTask.run(FutureTask.java:266)
	at java.util.concurrent.ThreadPoolExecutor.runWorker(ThreadPoolExecutor.java:1149)
	at java.util.concurrent.ThreadPoolExecutor$Worker.run(ThreadPoolExecutor.java:624)
	... 1 more
Caused by: org.apache.ratis.thirdparty.io.netty.channel.AbstractChannel$AnnotatedConnectException: Connection refused: /192.168.34.56:33301
	at sun.nio.ch.SocketChannelImpl.checkConnect(Native Method)
	at sun.nio.ch.SocketChannelImpl.finishConnect(SocketChannelImpl.java:717)
	at org.apache.ratis.thirdparty.io.netty.channel.socket.nio.NioSocketChannel.doFinishConnect(NioSocketChannel.java:327)
	at org.apache.ratis.thirdparty.io.netty.channel.nio.AbstractNioChannel$AbstractNioUnsafe.finishConnect(AbstractNioChannel.java:340)
	at org.apache.ratis.thirdparty.io.netty.channel.nio.NioEventLoop.processSelectedKey(NioEventLoop.java:632)
	at org.apache.ratis.thirdparty.io.netty.channel.nio.NioEventLoop.processSelectedKeysOptimized(NioEventLoop.java:579)
	at org.apache.ratis.thirdparty.io.netty.channel.nio.NioEventLoop.processSelectedKeys(NioEventLoop.java:496)
	at org.apache.ratis.thirdparty.io.netty.channel.nio.NioEventLoop.run(NioEventLoop.java:458)
	at org.apache.ratis.thirdparty.io.netty.util.concurrent.SingleThreadEventExecutor$5.run(SingleThreadEventExecutor.java:897)
	at org.apache.ratis.thirdparty.io.netty.util.concurrent.FastThreadLocalRunnable.run(FastThreadLocalRunnable.java:30)
	... 1 more
Caused by: java.net.ConnectException: Connection refused
	... 11 more
2019-10-18 13:08:27,951 [0e280119-6e3a-4f2d-a3bb-534f53e1c036@group-EC3E8056A4BB-LeaderElection652] INFO  impl.LeaderElection (LogUtils.java:infoOrTrace(149)) - 0e280119-6e3a-4f2d-a3bb-534f53e1c036@group-EC3E8056A4BB-LeaderElection652 got exception when requesting votes: {}
java.util.concurrent.ExecutionException: org.apache.ratis.thirdparty.io.grpc.StatusRuntimeException: UNAVAILABLE: io exception
	at java.util.concurrent.FutureTask.report(FutureTask.java:122)
	at java.util.concurrent.FutureTask.get(FutureTask.java:192)
	at org.apache.ratis.server.impl.LeaderElection.waitForResults(LeaderElection.java:259)
	at org.apache.ratis.server.impl.LeaderElection.askForVotes(LeaderElection.java:197)
	at org.apache.ratis.server.impl.LeaderElection.run(LeaderElection.java:133)
	at java.lang.Thread.run(Thread.java:748)
Caused by: org.apache.ratis.thirdparty.io.grpc.StatusRuntimeException: UNAVAILABLE: io exception
	at org.apache.ratis.thirdparty.io.grpc.stub.ClientCalls.toStatusRuntimeException(ClientCalls.java:233)
	at org.apache.ratis.thirdparty.io.grpc.stub.ClientCalls.getUnchecked(ClientCalls.java:214)
	at org.apache.ratis.thirdparty.io.grpc.stub.ClientCalls.blockingUnaryCall(ClientCalls.java:139)
	at org.apache.ratis.proto.grpc.RaftServerProtocolServiceGrpc$RaftServerProtocolServiceBlockingStub.requestVote(RaftServerProtocolServiceGrpc.java:265)
	at org.apache.ratis.grpc.server.GrpcServerProtocolClient.requestVote(GrpcServerProtocolClient.java:99)
	at org.apache.ratis.grpc.server.GrpcService.requestVote(GrpcService.java:204)
	at org.apache.ratis.server.impl.LeaderElection.lambda$submitRequests$1(LeaderElection.java:234)
	at java.util.concurrent.FutureTask.run(FutureTask.java:266)
	at java.util.concurrent.Executors$RunnableAdapter.call(Executors.java:511)
	at java.util.concurrent.FutureTask.run(FutureTask.java:266)
	at java.util.concurrent.ThreadPoolExecutor.runWorker(ThreadPoolExecutor.java:1149)
	at java.util.concurrent.ThreadPoolExecutor$Worker.run(ThreadPoolExecutor.java:624)
	... 1 more
Caused by: org.apache.ratis.thirdparty.io.netty.channel.AbstractChannel$AnnotatedConnectException: Connection refused: /192.168.34.56:46404
	at sun.nio.ch.SocketChannelImpl.checkConnect(Native Method)
	at sun.nio.ch.SocketChannelImpl.finishConnect(SocketChannelImpl.java:717)
	at org.apache.ratis.thirdparty.io.netty.channel.socket.nio.NioSocketChannel.doFinishConnect(NioSocketChannel.java:327)
	at org.apache.ratis.thirdparty.io.netty.channel.nio.AbstractNioChannel$AbstractNioUnsafe.finishConnect(AbstractNioChannel.java:340)
	at org.apache.ratis.thirdparty.io.netty.channel.nio.NioEventLoop.processSelectedKey(NioEventLoop.java:632)
	at org.apache.ratis.thirdparty.io.netty.channel.nio.NioEventLoop.processSelectedKeysOptimized(NioEventLoop.java:579)
	at org.apache.ratis.thirdparty.io.netty.channel.nio.NioEventLoop.processSelectedKeys(NioEventLoop.java:496)
	at org.apache.ratis.thirdparty.io.netty.channel.nio.NioEventLoop.run(NioEventLoop.java:458)
	at org.apache.ratis.thirdparty.io.netty.util.concurrent.SingleThreadEventExecutor$5.run(SingleThreadEventExecutor.java:897)
	at org.apache.ratis.thirdparty.io.netty.util.concurrent.FastThreadLocalRunnable.run(FastThreadLocalRunnable.java:30)
	... 1 more
Caused by: java.net.ConnectException: Connection refused
	... 11 more
2019-10-18 13:08:27,951 [0e280119-6e3a-4f2d-a3bb-534f53e1c036@group-EC3E8056A4BB-LeaderElection652] INFO  impl.LeaderElection (LeaderElection.java:logAndReturn(56)) - 0e280119-6e3a-4f2d-a3bb-534f53e1c036@group-EC3E8056A4BB-LeaderElection652: Election REJECTED; received 0 response(s) [] and 2 exception(s); 0e280119-6e3a-4f2d-a3bb-534f53e1c036@group-EC3E8056A4BB:t10, leader=null, voted=0e280119-6e3a-4f2d-a3bb-534f53e1c036, raftlog=0e280119-6e3a-4f2d-a3bb-534f53e1c036@group-EC3E8056A4BB-SegmentedRaftLog:OPENED:c0,f0,i0, conf=0: [7d69770b-3355-4a82-aab2-02db9382227d:192.168.34.56:33301, f7720aae-b5ab-43ae-a8f0-7922fdbaf311:192.168.34.56:46404, 0e280119-6e3a-4f2d-a3bb-534f53e1c036:192.168.34.56:35105], old=null
2019-10-18 13:08:27,951 [0e280119-6e3a-4f2d-a3bb-534f53e1c036@group-EC3E8056A4BB-LeaderElection652] INFO  impl.LeaderElection (LogUtils.java:infoOrTrace(149)) -   Exception 0: {}
java.util.concurrent.ExecutionException: org.apache.ratis.thirdparty.io.grpc.StatusRuntimeException: UNAVAILABLE: io exception
	at java.util.concurrent.FutureTask.report(FutureTask.java:122)
	at java.util.concurrent.FutureTask.get(FutureTask.java:192)
	at org.apache.ratis.server.impl.LeaderElection.waitForResults(LeaderElection.java:259)
	at org.apache.ratis.server.impl.LeaderElection.askForVotes(LeaderElection.java:197)
	at org.apache.ratis.server.impl.LeaderElection.run(LeaderElection.java:133)
	at java.lang.Thread.run(Thread.java:748)
Caused by: org.apache.ratis.thirdparty.io.grpc.StatusRuntimeException: UNAVAILABLE: io exception
	at org.apache.ratis.thirdparty.io.grpc.stub.ClientCalls.toStatusRuntimeException(ClientCalls.java:233)
	at org.apache.ratis.thirdparty.io.grpc.stub.ClientCalls.getUnchecked(ClientCalls.java:214)
	at org.apache.ratis.thirdparty.io.grpc.stub.ClientCalls.blockingUnaryCall(ClientCalls.java:139)
	at org.apache.ratis.proto.grpc.RaftServerProtocolServiceGrpc$RaftServerProtocolServiceBlockingStub.requestVote(RaftServerProtocolServiceGrpc.java:265)
	at org.apache.ratis.grpc.server.GrpcServerProtocolClient.requestVote(GrpcServerProtocolClient.java:99)
	at org.apache.ratis.grpc.server.GrpcService.requestVote(GrpcService.java:204)
	at org.apache.ratis.server.impl.LeaderElection.lambda$submitRequests$1(LeaderElection.java:234)
	at java.util.concurrent.FutureTask.run(FutureTask.java:266)
	at java.util.concurrent.Executors$RunnableAdapter.call(Executors.java:511)
	at java.util.concurrent.FutureTask.run(FutureTask.java:266)
	at java.util.concurrent.ThreadPoolExecutor.runWorker(ThreadPoolExecutor.java:1149)
	at java.util.concurrent.ThreadPoolExecutor$Worker.run(ThreadPoolExecutor.java:624)
	... 1 more
Caused by: org.apache.ratis.thirdparty.io.netty.channel.AbstractChannel$AnnotatedConnectException: Connection refused: /192.168.34.56:33301
	at sun.nio.ch.SocketChannelImpl.checkConnect(Native Method)
	at sun.nio.ch.SocketChannelImpl.finishConnect(SocketChannelImpl.java:717)
	at org.apache.ratis.thirdparty.io.netty.channel.socket.nio.NioSocketChannel.doFinishConnect(NioSocketChannel.java:327)
	at org.apache.ratis.thirdparty.io.netty.channel.nio.AbstractNioChannel$AbstractNioUnsafe.finishConnect(AbstractNioChannel.java:340)
	at org.apache.ratis.thirdparty.io.netty.channel.nio.NioEventLoop.processSelectedKey(NioEventLoop.java:632)
	at org.apache.ratis.thirdparty.io.netty.channel.nio.NioEventLoop.processSelectedKeysOptimized(NioEventLoop.java:579)
	at org.apache.ratis.thirdparty.io.netty.channel.nio.NioEventLoop.processSelectedKeys(NioEventLoop.java:496)
	at org.apache.ratis.thirdparty.io.netty.channel.nio.NioEventLoop.run(NioEventLoop.java:458)
	at org.apache.ratis.thirdparty.io.netty.util.concurrent.SingleThreadEventExecutor$5.run(SingleThreadEventExecutor.java:897)
	at org.apache.ratis.thirdparty.io.netty.util.concurrent.FastThreadLocalRunnable.run(FastThreadLocalRunnable.java:30)
	... 1 more
Caused by: java.net.ConnectException: Connection refused
	... 11 more
2019-10-18 13:08:27,952 [0e280119-6e3a-4f2d-a3bb-534f53e1c036@group-EC3E8056A4BB-LeaderElection652] INFO  impl.LeaderElection (LogUtils.java:infoOrTrace(149)) -   Exception 1: {}
java.util.concurrent.ExecutionException: org.apache.ratis.thirdparty.io.grpc.StatusRuntimeException: UNAVAILABLE: io exception
	at java.util.concurrent.FutureTask.report(FutureTask.java:122)
	at java.util.concurrent.FutureTask.get(FutureTask.java:192)
	at org.apache.ratis.server.impl.LeaderElection.waitForResults(LeaderElection.java:259)
	at org.apache.ratis.server.impl.LeaderElection.askForVotes(LeaderElection.java:197)
	at org.apache.ratis.server.impl.LeaderElection.run(LeaderElection.java:133)
	at java.lang.Thread.run(Thread.java:748)
Caused by: org.apache.ratis.thirdparty.io.grpc.StatusRuntimeException: UNAVAILABLE: io exception
	at org.apache.ratis.thirdparty.io.grpc.stub.ClientCalls.toStatusRuntimeException(ClientCalls.java:233)
	at org.apache.ratis.thirdparty.io.grpc.stub.ClientCalls.getUnchecked(ClientCalls.java:214)
	at org.apache.ratis.thirdparty.io.grpc.stub.ClientCalls.blockingUnaryCall(ClientCalls.java:139)
	at org.apache.ratis.proto.grpc.RaftServerProtocolServiceGrpc$RaftServerProtocolServiceBlockingStub.requestVote(RaftServerProtocolServiceGrpc.java:265)
	at org.apache.ratis.grpc.server.GrpcServerProtocolClient.requestVote(GrpcServerProtocolClient.java:99)
	at org.apache.ratis.grpc.server.GrpcService.requestVote(GrpcService.java:204)
	at org.apache.ratis.server.impl.LeaderElection.lambda$submitRequests$1(LeaderElection.java:234)
	at java.util.concurrent.FutureTask.run(FutureTask.java:266)
	at java.util.concurrent.Executors$RunnableAdapter.call(Executors.java:511)
	at java.util.concurrent.FutureTask.run(FutureTask.java:266)
	at java.util.concurrent.ThreadPoolExecutor.runWorker(ThreadPoolExecutor.java:1149)
	at java.util.concurrent.ThreadPoolExecutor$Worker.run(ThreadPoolExecutor.java:624)
	... 1 more
Caused by: org.apache.ratis.thirdparty.io.netty.channel.AbstractChannel$AnnotatedConnectException: Connection refused: /192.168.34.56:46404
	at sun.nio.ch.SocketChannelImpl.checkConnect(Native Method)
	at sun.nio.ch.SocketChannelImpl.finishConnect(SocketChannelImpl.java:717)
	at org.apache.ratis.thirdparty.io.netty.channel.socket.nio.NioSocketChannel.doFinishConnect(NioSocketChannel.java:327)
	at org.apache.ratis.thirdparty.io.netty.channel.nio.AbstractNioChannel$AbstractNioUnsafe.finishConnect(AbstractNioChannel.java:340)
	at org.apache.ratis.thirdparty.io.netty.channel.nio.NioEventLoop.processSelectedKey(NioEventLoop.java:632)
	at org.apache.ratis.thirdparty.io.netty.channel.nio.NioEventLoop.processSelectedKeysOptimized(NioEventLoop.java:579)
	at org.apache.ratis.thirdparty.io.netty.channel.nio.NioEventLoop.processSelectedKeys(NioEventLoop.java:496)
	at org.apache.ratis.thirdparty.io.netty.channel.nio.NioEventLoop.run(NioEventLoop.java:458)
	at org.apache.ratis.thirdparty.io.netty.util.concurrent.SingleThreadEventExecutor$5.run(SingleThreadEventExecutor.java:897)
	at org.apache.ratis.thirdparty.io.netty.util.concurrent.FastThreadLocalRunnable.run(FastThreadLocalRunnable.java:30)
	... 1 more
Caused by: java.net.ConnectException: Connection refused
	... 11 more
2019-10-18 13:08:27,952 [0e280119-6e3a-4f2d-a3bb-534f53e1c036@group-EC3E8056A4BB-LeaderElection652] INFO  impl.RaftServerImpl (RaftServerImpl.java:setRole(184)) - 0e280119-6e3a-4f2d-a3bb-534f53e1c036@group-EC3E8056A4BB: changes role from CANDIDATE to FOLLOWER at term 10 for DISCOVERED_A_NEW_TERM
2019-10-18 13:08:27,952 [0e280119-6e3a-4f2d-a3bb-534f53e1c036@group-EC3E8056A4BB-LeaderElection652] INFO  impl.RoleInfo (RoleInfo.java:shutdownLeaderElection(134)) - 0e280119-6e3a-4f2d-a3bb-534f53e1c036: shutdown LeaderElection
2019-10-18 13:08:27,952 [0e280119-6e3a-4f2d-a3bb-534f53e1c036@group-EC3E8056A4BB-LeaderElection652] INFO  impl.RoleInfo (RoleInfo.java:updateAndGet(143)) - 0e280119-6e3a-4f2d-a3bb-534f53e1c036: start FollowerState
2019-10-18 13:08:28,095 [java.util.concurrent.ThreadPoolExecutor$Worker@38a40473[State = -1, empty queue]] WARN  server.GrpcLogAppender (GrpcLogAppender.java:timeoutAppendRequest(209)) - 0e280119-6e3a-4f2d-a3bb-534f53e1c036@group-9A2401E47D95->7d69770b-3355-4a82-aab2-02db9382227d-GrpcLogAppender: appendEntries Timeout, request=0e280119-6e3a-4f2d-a3bb-534f53e1c036->7d69770b-3355-4a82-aab2-02db9382227d#22-t4, previous=(t:4, i:0), leaderCommit=0, initializing? false, entries: <empty>
2019-10-18 13:08:28,595 [java.util.concurrent.ThreadPoolExecutor$Worker@38a40473[State = -1, empty queue]] WARN  server.GrpcLogAppender (GrpcLogAppender.java:timeoutAppendRequest(209)) - 0e280119-6e3a-4f2d-a3bb-534f53e1c036@group-9A2401E47D95->7d69770b-3355-4a82-aab2-02db9382227d-GrpcLogAppender: appendEntries Timeout, request=0e280119-6e3a-4f2d-a3bb-534f53e1c036->7d69770b-3355-4a82-aab2-02db9382227d#23-t4, previous=(t:4, i:0), leaderCommit=0, initializing? false, entries: <empty>
2019-10-18 13:08:28,665 [Thread-6344] INFO  impl.FollowerState (FollowerState.java:run(108)) - 0e280119-6e3a-4f2d-a3bb-534f53e1c036@group-61F4B561E702-FollowerState: change to CANDIDATE, lastRpcTime:1088ms, electionTimeout:1088ms
2019-10-18 13:08:28,666 [Thread-6344] INFO  impl.RoleInfo (RoleInfo.java:shutdownFollowerState(121)) - 0e280119-6e3a-4f2d-a3bb-534f53e1c036: shutdown FollowerState
2019-10-18 13:08:28,666 [Thread-6344] INFO  impl.RaftServerImpl (RaftServerImpl.java:setRole(184)) - 0e280119-6e3a-4f2d-a3bb-534f53e1c036@group-61F4B561E702: changes role from  FOLLOWER to CANDIDATE at term 16 for changeToCandidate
2019-10-18 13:08:28,667 [Thread-6344] INFO  impl.RoleInfo (RoleInfo.java:updateAndGet(143)) - 0e280119-6e3a-4f2d-a3bb-534f53e1c036: start LeaderElection
2019-10-18 13:08:28,880 [ForkJoinPool.commonPool-worker-0] INFO  ozoneimpl.OzoneContainer (OzoneContainer.java:stop(227)) - Attempting to stop container services.
2019-10-18 13:08:28,881 [ForkJoinPool.commonPool-worker-0] INFO  impl.RaftServerProxy (RaftServerProxy.java:lambda$close$4(314)) - 376e5cf1-76f5-4cbf-a825-173c1dd246c0: close
2019-10-18 13:08:28,881 [ForkJoinPool.commonPool-worker-0] INFO  impl.RaftServerImpl (RaftServerImpl.java:lambda$shutdown$3(261)) - 376e5cf1-76f5-4cbf-a825-173c1dd246c0@group-35CF8FD1CB92: shutdown
2019-10-18 13:08:28,881 [ForkJoinPool.commonPool-worker-0] INFO  util.JmxRegister (JmxRegister.java:unregister(73)) - Successfully un-registered JMX Bean with object name Ratis:service=RaftServer,group=group-35CF8FD1CB92,id=376e5cf1-76f5-4cbf-a825-173c1dd246c0
2019-10-18 13:08:28,882 [ForkJoinPool.commonPool-worker-0] INFO  impl.RoleInfo (RoleInfo.java:shutdownLeaderState(104)) - 376e5cf1-76f5-4cbf-a825-173c1dd246c0: shutdown LeaderState
2019-10-18 13:08:28,882 [ForkJoinPool.commonPool-worker-0] INFO  impl.PendingRequests (PendingRequests.java:sendNotLeaderResponses(202)) - 376e5cf1-76f5-4cbf-a825-173c1dd246c0@group-35CF8FD1CB92-PendingRequests: sendNotLeaderResponses
2019-10-18 13:08:28,882 [ForkJoinPool.commonPool-worker-0] INFO  impl.StateMachineUpdater (StateMachineUpdater.java:stopAndJoin(136)) - 376e5cf1-76f5-4cbf-a825-173c1dd246c0@group-35CF8FD1CB92-StateMachineUpdater: set stopIndex = 0
2019-10-18 13:08:28,883 [ForkJoinPool.commonPool-worker-0] INFO  impl.RaftServerImpl (ServerState.java:close(388)) - 376e5cf1-76f5-4cbf-a825-173c1dd246c0@group-35CF8FD1CB92: closes. applyIndex: 0
2019-10-18 13:08:28,883 [376e5cf1-76f5-4cbf-a825-173c1dd246c0@group-35CF8FD1CB92-SegmentedRaftLogWorker] INFO  segmented.SegmentedRaftLogWorker (SegmentedRaftLogWorker.java:run(316)) - 376e5cf1-76f5-4cbf-a825-173c1dd246c0@group-35CF8FD1CB92-SegmentedRaftLogWorker was interrupted, exiting. There are 0 tasks remaining in the queue.
2019-10-18 13:08:29,096 [java.util.concurrent.ThreadPoolExecutor$Worker@38a40473[State = -1, empty queue]] WARN  server.GrpcLogAppender (GrpcLogAppender.java:timeoutAppendRequest(209)) - 0e280119-6e3a-4f2d-a3bb-534f53e1c036@group-9A2401E47D95->7d69770b-3355-4a82-aab2-02db9382227d-GrpcLogAppender: appendEntries Timeout, request=0e280119-6e3a-4f2d-a3bb-534f53e1c036->7d69770b-3355-4a82-aab2-02db9382227d#24-t4, previous=(t:4, i:0), leaderCommit=0, initializing? false, entries: <empty>
2019-10-18 13:08:29,135 [Thread-6347] INFO  impl.FollowerState (FollowerState.java:run(108)) - 0e280119-6e3a-4f2d-a3bb-534f53e1c036@group-EC3E8056A4BB-FollowerState: change to CANDIDATE, lastRpcTime:1182ms, electionTimeout:1182ms
2019-10-18 13:08:29,135 [Thread-6347] INFO  impl.RoleInfo (RoleInfo.java:shutdownFollowerState(121)) - 0e280119-6e3a-4f2d-a3bb-534f53e1c036: shutdown FollowerState
2019-10-18 13:08:29,135 [Thread-6347] INFO  impl.RaftServerImpl (RaftServerImpl.java:setRole(184)) - 0e280119-6e3a-4f2d-a3bb-534f53e1c036@group-EC3E8056A4BB: changes role from  FOLLOWER to CANDIDATE at term 10 for changeToCandidate
2019-10-18 13:08:29,135 [Thread-6347] INFO  impl.RoleInfo (RoleInfo.java:updateAndGet(143)) - 0e280119-6e3a-4f2d-a3bb-534f53e1c036: start LeaderElection
2019-10-18 13:08:29,357 [ForkJoinPool.commonPool-worker-0] INFO  segmented.SegmentedRaftLogWorker (SegmentedRaftLogWorker.java:close(224)) - 376e5cf1-76f5-4cbf-a825-173c1dd246c0@group-35CF8FD1CB92-SegmentedRaftLogWorker close()
2019-10-18 13:08:29,362 [ForkJoinPool.commonPool-worker-0] INFO  server.GrpcService (GrpcService.java:closeImpl(164)) - 376e5cf1-76f5-4cbf-a825-173c1dd246c0: shutdown server with port 39585 now
2019-10-18 13:08:29,364 [ForkJoinPool.commonPool-worker-0] INFO  server.GrpcService (GrpcService.java:closeImpl(172)) - 376e5cf1-76f5-4cbf-a825-173c1dd246c0: shutdown server with port 39585 successfully
2019-10-18 13:08:29,370 [refreshUsed-/workdir/hadoop-ozone/integration-test/target/test-dir/MiniOzoneClusterImpl-a51cb6f9-69a9-44ea-bf2b-ac78a0e144b1/datanode-0/data/containers] WARN  fs.CachingGetSpaceUsed (CachingGetSpaceUsed.java:run(183)) - Thread Interrupted waiting to refresh disk information: sleep interrupted
2019-10-18 13:08:29,389 [ForkJoinPool.commonPool-worker-0] INFO  utils.BackgroundService (BackgroundService.java:shutdown(151)) - Shutting down service BlockDeletingService
2019-10-18 13:08:29,392 [ForkJoinPool.commonPool-worker-0] INFO  statemachine.DatanodeStateMachine (DatanodeStateMachine.java:stopDaemon(395)) - Ozone container server stopped.
2019-10-18 13:08:29,396 [ForkJoinPool.commonPool-worker-0] INFO  handler.ContextHandler (ContextHandler.java:doStop(910)) - Stopped o.e.j.w.WebAppContext@3a3b10f4{/,null,UNAVAILABLE}{/hddsDatanode}
2019-10-18 13:08:29,397 [ForkJoinPool.commonPool-worker-0] INFO  server.AbstractConnector (AbstractConnector.java:doStop(318)) - Stopped ServerConnector@49580ca8{HTTP/1.1,[http/1.1]}{0.0.0.0:0}
2019-10-18 13:08:29,397 [ForkJoinPool.commonPool-worker-0] INFO  handler.ContextHandler (ContextHandler.java:doStop(910)) - Stopped o.e.j.s.ServletContextHandler@5db948c9{/static,jar:file:/home/user/.m2/repository/org/apache/hadoop/hadoop-hdds-container-service/0.5.0-SNAPSHOT/hadoop-hdds-container-service-0.5.0-SNAPSHOT.jar!/webapps/static,UNAVAILABLE}
2019-10-18 13:08:29,397 [ForkJoinPool.commonPool-worker-0] INFO  handler.ContextHandler (ContextHandler.java:doStop(910)) - Stopped o.e.j.s.ServletContextHandler@7d2c345d{/logs,file:///workdir/hadoop-ozone/integration-test/target/log,UNAVAILABLE}
2019-10-18 13:08:29,581 [java.util.concurrent.ThreadPoolExecutor$Worker@513d65b2[State = -1, empty queue]] WARN  server.GrpcLogAppender (GrpcLogAppender.java:timeoutAppendRequest(209)) - 0e280119-6e3a-4f2d-a3bb-534f53e1c036@group-9A2401E47D95->f7720aae-b5ab-43ae-a8f0-7922fdbaf311-GrpcLogAppender: appendEntries Timeout, request=0e280119-6e3a-4f2d-a3bb-534f53e1c036->f7720aae-b5ab-43ae-a8f0-7922fdbaf311#4-t4, previous=(t:0, i:0), leaderCommit=0, initializing? false, entries: <empty>
2019-10-18 13:08:29,596 [java.util.concurrent.ThreadPoolExecutor$Worker@38a40473[State = -1, empty queue]] WARN  server.GrpcLogAppender (GrpcLogAppender.java:timeoutAppendRequest(209)) - 0e280119-6e3a-4f2d-a3bb-534f53e1c036@group-9A2401E47D95->7d69770b-3355-4a82-aab2-02db9382227d-GrpcLogAppender: appendEntries Timeout, request=0e280119-6e3a-4f2d-a3bb-534f53e1c036->7d69770b-3355-4a82-aab2-02db9382227d#25-t4, previous=(t:4, i:0), leaderCommit=0, initializing? false, entries: <empty>
2019-10-18 13:08:29,722 [Datanode State Machine Thread - 0] INFO  statemachine.DatanodeStateMachine (DatanodeStateMachine.java:lambda$startDaemon$0(350)) - Ozone container server started.
2019-10-18 13:08:30,096 [java.util.concurrent.ThreadPoolExecutor$Worker@38a40473[State = -1, empty queue]] WARN  server.GrpcLogAppender (GrpcLogAppender.java:timeoutAppendRequest(209)) - 0e280119-6e3a-4f2d-a3bb-534f53e1c036@group-9A2401E47D95->7d69770b-3355-4a82-aab2-02db9382227d-GrpcLogAppender: appendEntries Timeout, request=0e280119-6e3a-4f2d-a3bb-534f53e1c036->7d69770b-3355-4a82-aab2-02db9382227d#26-t4, previous=(t:4, i:0), leaderCommit=0, initializing? false, entries: <empty>
2019-10-18 13:08:30,596 [java.util.concurrent.ThreadPoolExecutor$Worker@38a40473[State = -1, empty queue]] WARN  server.GrpcLogAppender (GrpcLogAppender.java:timeoutAppendRequest(209)) - 0e280119-6e3a-4f2d-a3bb-534f53e1c036@group-9A2401E47D95->7d69770b-3355-4a82-aab2-02db9382227d-GrpcLogAppender: appendEntries Timeout, request=0e280119-6e3a-4f2d-a3bb-534f53e1c036->7d69770b-3355-4a82-aab2-02db9382227d#27-t4, previous=(t:4, i:0), leaderCommit=0, initializing? false, entries: <empty>
2019-10-18 13:08:31,097 [java.util.concurrent.ThreadPoolExecutor$Worker@38a40473[State = -1, empty queue]] WARN  server.GrpcLogAppender (GrpcLogAppender.java:timeoutAppendRequest(209)) - 0e280119-6e3a-4f2d-a3bb-534f53e1c036@group-9A2401E47D95->7d69770b-3355-4a82-aab2-02db9382227d-GrpcLogAppender: appendEntries Timeout, request=0e280119-6e3a-4f2d-a3bb-534f53e1c036->7d69770b-3355-4a82-aab2-02db9382227d#28-t4, previous=(t:4, i:0), leaderCommit=0, initializing? false, entries: <empty>
2019-10-18 13:08:31,396 [0e280119-6e3a-4f2d-a3bb-534f53e1c036@group-61F4B561E702-LeaderElection653] INFO  impl.LeaderElection (LeaderElection.java:askForVotes(178)) - 0e280119-6e3a-4f2d-a3bb-534f53e1c036@group-61F4B561E702-LeaderElection653: begin an election at term 17 for 0: [7d69770b-3355-4a82-aab2-02db9382227d:192.168.34.56:33301, f7720aae-b5ab-43ae-a8f0-7922fdbaf311:192.168.34.56:46404, 0e280119-6e3a-4f2d-a3bb-534f53e1c036:192.168.34.56:35105], old=null
2019-10-18 13:08:31,396 [0e280119-6e3a-4f2d-a3bb-534f53e1c036@group-EC3E8056A4BB-LeaderElection654] INFO  impl.LeaderElection (LeaderElection.java:askForVotes(178)) - 0e280119-6e3a-4f2d-a3bb-534f53e1c036@group-EC3E8056A4BB-LeaderElection654: begin an election at term 11 for 0: [7d69770b-3355-4a82-aab2-02db9382227d:192.168.34.56:33301, f7720aae-b5ab-43ae-a8f0-7922fdbaf311:192.168.34.56:46404, 0e280119-6e3a-4f2d-a3bb-534f53e1c036:192.168.34.56:35105], old=null
2019-10-18 13:08:31,397 [0e280119-6e3a-4f2d-a3bb-534f53e1c036@group-EC3E8056A4BB-LeaderElection654] INFO  impl.LeaderElection (LogUtils.java:infoOrTrace(149)) - 0e280119-6e3a-4f2d-a3bb-534f53e1c036@group-EC3E8056A4BB-LeaderElection654 got exception when requesting votes: {}
java.util.concurrent.ExecutionException: org.apache.ratis.thirdparty.io.grpc.StatusRuntimeException: UNAVAILABLE: io exception
	at java.util.concurrent.FutureTask.report(FutureTask.java:122)
	at java.util.concurrent.FutureTask.get(FutureTask.java:192)
	at org.apache.ratis.server.impl.LeaderElection.waitForResults(LeaderElection.java:259)
	at org.apache.ratis.server.impl.LeaderElection.askForVotes(LeaderElection.java:197)
	at org.apache.ratis.server.impl.LeaderElection.run(LeaderElection.java:133)
	at java.lang.Thread.run(Thread.java:748)
Caused by: org.apache.ratis.thirdparty.io.grpc.StatusRuntimeException: UNAVAILABLE: io exception
	at org.apache.ratis.thirdparty.io.grpc.stub.ClientCalls.toStatusRuntimeException(ClientCalls.java:233)
	at org.apache.ratis.thirdparty.io.grpc.stub.ClientCalls.getUnchecked(ClientCalls.java:214)
	at org.apache.ratis.thirdparty.io.grpc.stub.ClientCalls.blockingUnaryCall(ClientCalls.java:139)
	at org.apache.ratis.proto.grpc.RaftServerProtocolServiceGrpc$RaftServerProtocolServiceBlockingStub.requestVote(RaftServerProtocolServiceGrpc.java:265)
	at org.apache.ratis.grpc.server.GrpcServerProtocolClient.requestVote(GrpcServerProtocolClient.java:99)
	at org.apache.ratis.grpc.server.GrpcService.requestVote(GrpcService.java:204)
	at org.apache.ratis.server.impl.LeaderElection.lambda$submitRequests$1(LeaderElection.java:234)
	at java.util.concurrent.FutureTask.run(FutureTask.java:266)
	at java.util.concurrent.Executors$RunnableAdapter.call(Executors.java:511)
	at java.util.concurrent.FutureTask.run(FutureTask.java:266)
	at java.util.concurrent.ThreadPoolExecutor.runWorker(ThreadPoolExecutor.java:1149)
	at java.util.concurrent.ThreadPoolExecutor$Worker.run(ThreadPoolExecutor.java:624)
	... 1 more
Caused by: org.apache.ratis.thirdparty.io.netty.channel.AbstractChannel$AnnotatedConnectException: Connection refused: /192.168.34.56:46404
	at sun.nio.ch.SocketChannelImpl.checkConnect(Native Method)
	at sun.nio.ch.SocketChannelImpl.finishConnect(SocketChannelImpl.java:717)
	at org.apache.ratis.thirdparty.io.netty.channel.socket.nio.NioSocketChannel.doFinishConnect(NioSocketChannel.java:327)
	at org.apache.ratis.thirdparty.io.netty.channel.nio.AbstractNioChannel$AbstractNioUnsafe.finishConnect(AbstractNioChannel.java:340)
	at org.apache.ratis.thirdparty.io.netty.channel.nio.NioEventLoop.processSelectedKey(NioEventLoop.java:632)
	at org.apache.ratis.thirdparty.io.netty.channel.nio.NioEventLoop.processSelectedKeysOptimized(NioEventLoop.java:579)
	at org.apache.ratis.thirdparty.io.netty.channel.nio.NioEventLoop.processSelectedKeys(NioEventLoop.java:496)
	at org.apache.ratis.thirdparty.io.netty.channel.nio.NioEventLoop.run(NioEventLoop.java:458)
	at org.apache.ratis.thirdparty.io.netty.util.concurrent.SingleThreadEventExecutor$5.run(SingleThreadEventExecutor.java:897)
	at org.apache.ratis.thirdparty.io.netty.util.concurrent.FastThreadLocalRunnable.run(FastThreadLocalRunnable.java:30)
	... 1 more
Caused by: java.net.ConnectException: Connection refused
	... 11 more
2019-10-18 13:08:31,398 [0e280119-6e3a-4f2d-a3bb-534f53e1c036@group-EC3E8056A4BB-LeaderElection654] INFO  impl.LeaderElection (LogUtils.java:infoOrTrace(149)) - 0e280119-6e3a-4f2d-a3bb-534f53e1c036@group-EC3E8056A4BB-LeaderElection654 got exception when requesting votes: {}
java.util.concurrent.ExecutionException: org.apache.ratis.thirdparty.io.grpc.StatusRuntimeException: UNAVAILABLE: io exception
	at java.util.concurrent.FutureTask.report(FutureTask.java:122)
	at java.util.concurrent.FutureTask.get(FutureTask.java:192)
	at org.apache.ratis.server.impl.LeaderElection.waitForResults(LeaderElection.java:259)
	at org.apache.ratis.server.impl.LeaderElection.askForVotes(LeaderElection.java:197)
	at org.apache.ratis.server.impl.LeaderElection.run(LeaderElection.java:133)
	at java.lang.Thread.run(Thread.java:748)
Caused by: org.apache.ratis.thirdparty.io.grpc.StatusRuntimeException: UNAVAILABLE: io exception
	at org.apache.ratis.thirdparty.io.grpc.stub.ClientCalls.toStatusRuntimeException(ClientCalls.java:233)
	at org.apache.ratis.thirdparty.io.grpc.stub.ClientCalls.getUnchecked(ClientCalls.java:214)
	at org.apache.ratis.thirdparty.io.grpc.stub.ClientCalls.blockingUnaryCall(ClientCalls.java:139)
	at org.apache.ratis.proto.grpc.RaftServerProtocolServiceGrpc$RaftServerProtocolServiceBlockingStub.requestVote(RaftServerProtocolServiceGrpc.java:265)
	at org.apache.ratis.grpc.server.GrpcServerProtocolClient.requestVote(GrpcServerProtocolClient.java:99)
	at org.apache.ratis.grpc.server.GrpcService.requestVote(GrpcService.java:204)
	at org.apache.ratis.server.impl.LeaderElection.lambda$submitRequests$1(LeaderElection.java:234)
	at java.util.concurrent.FutureTask.run(FutureTask.java:266)
	at java.util.concurrent.Executors$RunnableAdapter.call(Executors.java:511)
	at java.util.concurrent.FutureTask.run(FutureTask.java:266)
	at java.util.concurrent.ThreadPoolExecutor.runWorker(ThreadPoolExecutor.java:1149)
	at java.util.concurrent.ThreadPoolExecutor$Worker.run(ThreadPoolExecutor.java:624)
	... 1 more
Caused by: org.apache.ratis.thirdparty.io.netty.channel.AbstractChannel$AnnotatedConnectException: Connection refused: /192.168.34.56:33301
	at sun.nio.ch.SocketChannelImpl.checkConnect(Native Method)
	at sun.nio.ch.SocketChannelImpl.finishConnect(SocketChannelImpl.java:717)
	at org.apache.ratis.thirdparty.io.netty.channel.socket.nio.NioSocketChannel.doFinishConnect(NioSocketChannel.java:327)
	at org.apache.ratis.thirdparty.io.netty.channel.nio.AbstractNioChannel$AbstractNioUnsafe.finishConnect(AbstractNioChannel.java:340)
	at org.apache.ratis.thirdparty.io.netty.channel.nio.NioEventLoop.processSelectedKey(NioEventLoop.java:632)
	at org.apache.ratis.thirdparty.io.netty.channel.nio.NioEventLoop.processSelectedKeysOptimized(NioEventLoop.java:579)
	at org.apache.ratis.thirdparty.io.netty.channel.nio.NioEventLoop.processSelectedKeys(NioEventLoop.java:496)
	at org.apache.ratis.thirdparty.io.netty.channel.nio.NioEventLoop.run(NioEventLoop.java:458)
	at org.apache.ratis.thirdparty.io.netty.util.concurrent.SingleThreadEventExecutor$5.run(SingleThreadEventExecutor.java:897)
	at org.apache.ratis.thirdparty.io.netty.util.concurrent.FastThreadLocalRunnable.run(FastThreadLocalRunnable.java:30)
	... 1 more
Caused by: java.net.ConnectException: Connection refused
	... 11 more
2019-10-18 13:08:31,397 [0e280119-6e3a-4f2d-a3bb-534f53e1c036@group-61F4B561E702-LeaderElection653] INFO  impl.LeaderElection (LogUtils.java:infoOrTrace(149)) - 0e280119-6e3a-4f2d-a3bb-534f53e1c036@group-61F4B561E702-LeaderElection653 got exception when requesting votes: {}
java.util.concurrent.ExecutionException: org.apache.ratis.thirdparty.io.grpc.StatusRuntimeException: UNAVAILABLE: io exception
	at java.util.concurrent.FutureTask.report(FutureTask.java:122)
	at java.util.concurrent.FutureTask.get(FutureTask.java:192)
	at org.apache.ratis.server.impl.LeaderElection.waitForResults(LeaderElection.java:259)
	at org.apache.ratis.server.impl.LeaderElection.askForVotes(LeaderElection.java:197)
	at org.apache.ratis.server.impl.LeaderElection.run(LeaderElection.java:133)
	at java.lang.Thread.run(Thread.java:748)
Caused by: org.apache.ratis.thirdparty.io.grpc.StatusRuntimeException: UNAVAILABLE: io exception
	at org.apache.ratis.thirdparty.io.grpc.stub.ClientCalls.toStatusRuntimeException(ClientCalls.java:233)
	at org.apache.ratis.thirdparty.io.grpc.stub.ClientCalls.getUnchecked(ClientCalls.java:214)
	at org.apache.ratis.thirdparty.io.grpc.stub.ClientCalls.blockingUnaryCall(ClientCalls.java:139)
	at org.apache.ratis.proto.grpc.RaftServerProtocolServiceGrpc$RaftServerProtocolServiceBlockingStub.requestVote(RaftServerProtocolServiceGrpc.java:265)
	at org.apache.ratis.grpc.server.GrpcServerProtocolClient.requestVote(GrpcServerProtocolClient.java:99)
	at org.apache.ratis.grpc.server.GrpcService.requestVote(GrpcService.java:204)
	at org.apache.ratis.server.impl.LeaderElection.lambda$submitRequests$1(LeaderElection.java:234)
	at java.util.concurrent.FutureTask.run(FutureTask.java:266)
	at java.util.concurrent.Executors$RunnableAdapter.call(Executors.java:511)
	at java.util.concurrent.FutureTask.run(FutureTask.java:266)
	at java.util.concurrent.ThreadPoolExecutor.runWorker(ThreadPoolExecutor.java:1149)
	at java.util.concurrent.ThreadPoolExecutor$Worker.run(ThreadPoolExecutor.java:624)
	... 1 more
Caused by: org.apache.ratis.thirdparty.io.netty.channel.AbstractChannel$AnnotatedConnectException: Connection refused: /192.168.34.56:46404
	at sun.nio.ch.SocketChannelImpl.checkConnect(Native Method)
	at sun.nio.ch.SocketChannelImpl.finishConnect(SocketChannelImpl.java:717)
	at org.apache.ratis.thirdparty.io.netty.channel.socket.nio.NioSocketChannel.doFinishConnect(NioSocketChannel.java:327)
	at org.apache.ratis.thirdparty.io.netty.channel.nio.AbstractNioChannel$AbstractNioUnsafe.finishConnect(AbstractNioChannel.java:340)
	at org.apache.ratis.thirdparty.io.netty.channel.nio.NioEventLoop.processSelectedKey(NioEventLoop.java:632)
	at org.apache.ratis.thirdparty.io.netty.channel.nio.NioEventLoop.processSelectedKeysOptimized(NioEventLoop.java:579)
	at org.apache.ratis.thirdparty.io.netty.channel.nio.NioEventLoop.processSelectedKeys(NioEventLoop.java:496)
	at org.apache.ratis.thirdparty.io.netty.channel.nio.NioEventLoop.run(NioEventLoop.java:458)
	at org.apache.ratis.thirdparty.io.netty.util.concurrent.SingleThreadEventExecutor$5.run(SingleThreadEventExecutor.java:897)
	at org.apache.ratis.thirdparty.io.netty.util.concurrent.FastThreadLocalRunnable.run(FastThreadLocalRunnable.java:30)
	... 1 more
Caused by: java.net.ConnectException: Connection refused
	... 11 more
2019-10-18 13:08:31,398 [0e280119-6e3a-4f2d-a3bb-534f53e1c036@group-EC3E8056A4BB-LeaderElection654] INFO  impl.LeaderElection (LeaderElection.java:logAndReturn(56)) - 0e280119-6e3a-4f2d-a3bb-534f53e1c036@group-EC3E8056A4BB-LeaderElection654: Election REJECTED; received 0 response(s) [] and 2 exception(s); 0e280119-6e3a-4f2d-a3bb-534f53e1c036@group-EC3E8056A4BB:t11, leader=null, voted=0e280119-6e3a-4f2d-a3bb-534f53e1c036, raftlog=0e280119-6e3a-4f2d-a3bb-534f53e1c036@group-EC3E8056A4BB-SegmentedRaftLog:OPENED:c0,f0,i0, conf=0: [7d69770b-3355-4a82-aab2-02db9382227d:192.168.34.56:33301, f7720aae-b5ab-43ae-a8f0-7922fdbaf311:192.168.34.56:46404, 0e280119-6e3a-4f2d-a3bb-534f53e1c036:192.168.34.56:35105], old=null
2019-10-18 13:08:31,399 [0e280119-6e3a-4f2d-a3bb-534f53e1c036@group-61F4B561E702-LeaderElection653] INFO  impl.LeaderElection (LogUtils.java:infoOrTrace(149)) - 0e280119-6e3a-4f2d-a3bb-534f53e1c036@group-61F4B561E702-LeaderElection653 got exception when requesting votes: {}
java.util.concurrent.ExecutionException: org.apache.ratis.thirdparty.io.grpc.StatusRuntimeException: UNAVAILABLE: io exception
	at java.util.concurrent.FutureTask.report(FutureTask.java:122)
	at java.util.concurrent.FutureTask.get(FutureTask.java:192)
	at org.apache.ratis.server.impl.LeaderElection.waitForResults(LeaderElection.java:259)
	at org.apache.ratis.server.impl.LeaderElection.askForVotes(LeaderElection.java:197)
	at org.apache.ratis.server.impl.LeaderElection.run(LeaderElection.java:133)
	at java.lang.Thread.run(Thread.java:748)
Caused by: org.apache.ratis.thirdparty.io.grpc.StatusRuntimeException: UNAVAILABLE: io exception
	at org.apache.ratis.thirdparty.io.grpc.stub.ClientCalls.toStatusRuntimeException(ClientCalls.java:233)
	at org.apache.ratis.thirdparty.io.grpc.stub.ClientCalls.getUnchecked(ClientCalls.java:214)
	at org.apache.ratis.thirdparty.io.grpc.stub.ClientCalls.blockingUnaryCall(ClientCalls.java:139)
	at org.apache.ratis.proto.grpc.RaftServerProtocolServiceGrpc$RaftServerProtocolServiceBlockingStub.requestVote(RaftServerProtocolServiceGrpc.java:265)
	at org.apache.ratis.grpc.server.GrpcServerProtocolClient.requestVote(GrpcServerProtocolClient.java:99)
	at org.apache.ratis.grpc.server.GrpcService.requestVote(GrpcService.java:204)
	at org.apache.ratis.server.impl.LeaderElection.lambda$submitRequests$1(LeaderElection.java:234)
	at java.util.concurrent.FutureTask.run(FutureTask.java:266)
	at java.util.concurrent.Executors$RunnableAdapter.call(Executors.java:511)
	at java.util.concurrent.FutureTask.run(FutureTask.java:266)
	at java.util.concurrent.ThreadPoolExecutor.runWorker(ThreadPoolExecutor.java:1149)
	at java.util.concurrent.ThreadPoolExecutor$Worker.run(ThreadPoolExecutor.java:624)
	... 1 more
Caused by: org.apache.ratis.thirdparty.io.netty.channel.AbstractChannel$AnnotatedConnectException: Connection refused: /192.168.34.56:33301
	at sun.nio.ch.SocketChannelImpl.checkConnect(Native Method)
	at sun.nio.ch.SocketChannelImpl.finishConnect(SocketChannelImpl.java:717)
	at org.apache.ratis.thirdparty.io.netty.channel.socket.nio.NioSocketChannel.doFinishConnect(NioSocketChannel.java:327)
	at org.apache.ratis.thirdparty.io.netty.channel.nio.AbstractNioChannel$AbstractNioUnsafe.finishConnect(AbstractNioChannel.java:340)
	at org.apache.ratis.thirdparty.io.netty.channel.nio.NioEventLoop.processSelectedKey(NioEventLoop.java:632)
	at org.apache.ratis.thirdparty.io.netty.channel.nio.NioEventLoop.processSelectedKeysOptimized(NioEventLoop.java:579)
	at org.apache.ratis.thirdparty.io.netty.channel.nio.NioEventLoop.processSelectedKeys(NioEventLoop.java:496)
	at org.apache.ratis.thirdparty.io.netty.channel.nio.NioEventLoop.run(NioEventLoop.java:458)
	at org.apache.ratis.thirdparty.io.netty.util.concurrent.SingleThreadEventExecutor$5.run(SingleThreadEventExecutor.java:897)
	at org.apache.ratis.thirdparty.io.netty.util.concurrent.FastThreadLocalRunnable.run(FastThreadLocalRunnable.java:30)
	... 1 more
Caused by: java.net.ConnectException: Connection refused
	... 11 more
2019-10-18 13:08:31,399 [0e280119-6e3a-4f2d-a3bb-534f53e1c036@group-EC3E8056A4BB-LeaderElection654] INFO  impl.LeaderElection (LogUtils.java:infoOrTrace(149)) -   Exception 0: {}
java.util.concurrent.ExecutionException: org.apache.ratis.thirdparty.io.grpc.StatusRuntimeException: UNAVAILABLE: io exception
	at java.util.concurrent.FutureTask.report(FutureTask.java:122)
	at java.util.concurrent.FutureTask.get(FutureTask.java:192)
	at org.apache.ratis.server.impl.LeaderElection.waitForResults(LeaderElection.java:259)
	at org.apache.ratis.server.impl.LeaderElection.askForVotes(LeaderElection.java:197)
	at org.apache.ratis.server.impl.LeaderElection.run(LeaderElection.java:133)
	at java.lang.Thread.run(Thread.java:748)
Caused by: org.apache.ratis.thirdparty.io.grpc.StatusRuntimeException: UNAVAILABLE: io exception
	at org.apache.ratis.thirdparty.io.grpc.stub.ClientCalls.toStatusRuntimeException(ClientCalls.java:233)
	at org.apache.ratis.thirdparty.io.grpc.stub.ClientCalls.getUnchecked(ClientCalls.java:214)
	at org.apache.ratis.thirdparty.io.grpc.stub.ClientCalls.blockingUnaryCall(ClientCalls.java:139)
	at org.apache.ratis.proto.grpc.RaftServerProtocolServiceGrpc$RaftServerProtocolServiceBlockingStub.requestVote(RaftServerProtocolServiceGrpc.java:265)
	at org.apache.ratis.grpc.server.GrpcServerProtocolClient.requestVote(GrpcServerProtocolClient.java:99)
	at org.apache.ratis.grpc.server.GrpcService.requestVote(GrpcService.java:204)
	at org.apache.ratis.server.impl.LeaderElection.lambda$submitRequests$1(LeaderElection.java:234)
	at java.util.concurrent.FutureTask.run(FutureTask.java:266)
	at java.util.concurrent.Executors$RunnableAdapter.call(Executors.java:511)
	at java.util.concurrent.FutureTask.run(FutureTask.java:266)
	at java.util.concurrent.ThreadPoolExecutor.runWorker(ThreadPoolExecutor.java:1149)
	at java.util.concurrent.ThreadPoolExecutor$Worker.run(ThreadPoolExecutor.java:624)
	... 1 more
Caused by: org.apache.ratis.thirdparty.io.netty.channel.AbstractChannel$AnnotatedConnectException: Connection refused: /192.168.34.56:46404
	at sun.nio.ch.SocketChannelImpl.checkConnect(Native Method)
	at sun.nio.ch.SocketChannelImpl.finishConnect(SocketChannelImpl.java:717)
	at org.apache.ratis.thirdparty.io.netty.channel.socket.nio.NioSocketChannel.doFinishConnect(NioSocketChannel.java:327)
	at org.apache.ratis.thirdparty.io.netty.channel.nio.AbstractNioChannel$AbstractNioUnsafe.finishConnect(AbstractNioChannel.java:340)
	at org.apache.ratis.thirdparty.io.netty.channel.nio.NioEventLoop.processSelectedKey(NioEventLoop.java:632)
	at org.apache.ratis.thirdparty.io.netty.channel.nio.NioEventLoop.processSelectedKeysOptimized(NioEventLoop.java:579)
	at org.apache.ratis.thirdparty.io.netty.channel.nio.NioEventLoop.processSelectedKeys(NioEventLoop.java:496)
	at org.apache.ratis.thirdparty.io.netty.channel.nio.NioEventLoop.run(NioEventLoop.java:458)
	at org.apache.ratis.thirdparty.io.netty.util.concurrent.SingleThreadEventExecutor$5.run(SingleThreadEventExecutor.java:897)
	at org.apache.ratis.thirdparty.io.netty.util.concurrent.FastThreadLocalRunnable.run(FastThreadLocalRunnable.java:30)
	... 1 more
Caused by: java.net.ConnectException: Connection refused
	... 11 more
2019-10-18 13:08:31,399 [0e280119-6e3a-4f2d-a3bb-534f53e1c036@group-61F4B561E702-LeaderElection653] INFO  impl.LeaderElection (LeaderElection.java:logAndReturn(56)) - 0e280119-6e3a-4f2d-a3bb-534f53e1c036@group-61F4B561E702-LeaderElection653: Election REJECTED; received 0 response(s) [] and 2 exception(s); 0e280119-6e3a-4f2d-a3bb-534f53e1c036@group-61F4B561E702:t17, leader=null, voted=0e280119-6e3a-4f2d-a3bb-534f53e1c036, raftlog=0e280119-6e3a-4f2d-a3bb-534f53e1c036@group-61F4B561E702-SegmentedRaftLog:OPENED:c0,f0,i0, conf=0: [7d69770b-3355-4a82-aab2-02db9382227d:192.168.34.56:33301, f7720aae-b5ab-43ae-a8f0-7922fdbaf311:192.168.34.56:46404, 0e280119-6e3a-4f2d-a3bb-534f53e1c036:192.168.34.56:35105], old=null
2019-10-18 13:08:31,400 [0e280119-6e3a-4f2d-a3bb-534f53e1c036@group-61F4B561E702-LeaderElection653] INFO  impl.LeaderElection (LogUtils.java:infoOrTrace(149)) -   Exception 0: {}
java.util.concurrent.ExecutionException: org.apache.ratis.thirdparty.io.grpc.StatusRuntimeException: UNAVAILABLE: io exception
	at java.util.concurrent.FutureTask.report(FutureTask.java:122)
	at java.util.concurrent.FutureTask.get(FutureTask.java:192)
	at org.apache.ratis.server.impl.LeaderElection.waitForResults(LeaderElection.java:259)
	at org.apache.ratis.server.impl.LeaderElection.askForVotes(LeaderElection.java:197)
	at org.apache.ratis.server.impl.LeaderElection.run(LeaderElection.java:133)
	at java.lang.Thread.run(Thread.java:748)
Caused by: org.apache.ratis.thirdparty.io.grpc.StatusRuntimeException: UNAVAILABLE: io exception
	at org.apache.ratis.thirdparty.io.grpc.stub.ClientCalls.toStatusRuntimeException(ClientCalls.java:233)
	at org.apache.ratis.thirdparty.io.grpc.stub.ClientCalls.getUnchecked(ClientCalls.java:214)
	at org.apache.ratis.thirdparty.io.grpc.stub.ClientCalls.blockingUnaryCall(ClientCalls.java:139)
	at org.apache.ratis.proto.grpc.RaftServerProtocolServiceGrpc$RaftServerProtocolServiceBlockingStub.requestVote(RaftServerProtocolServiceGrpc.java:265)
	at org.apache.ratis.grpc.server.GrpcServerProtocolClient.requestVote(GrpcServerProtocolClient.java:99)
	at org.apache.ratis.grpc.server.GrpcService.requestVote(GrpcService.java:204)
	at org.apache.ratis.server.impl.LeaderElection.lambda$submitRequests$1(LeaderElection.java:234)
	at java.util.concurrent.FutureTask.run(FutureTask.java:266)
	at java.util.concurrent.Executors$RunnableAdapter.call(Executors.java:511)
	at java.util.concurrent.FutureTask.run(FutureTask.java:266)
	at java.util.concurrent.ThreadPoolExecutor.runWorker(ThreadPoolExecutor.java:1149)
	at java.util.concurrent.ThreadPoolExecutor$Worker.run(ThreadPoolExecutor.java:624)
	... 1 more
Caused by: org.apache.ratis.thirdparty.io.netty.channel.AbstractChannel$AnnotatedConnectException: Connection refused: /192.168.34.56:46404
	at sun.nio.ch.SocketChannelImpl.checkConnect(Native Method)
	at sun.nio.ch.SocketChannelImpl.finishConnect(SocketChannelImpl.java:717)
	at org.apache.ratis.thirdparty.io.netty.channel.socket.nio.NioSocketChannel.doFinishConnect(NioSocketChannel.java:327)
	at org.apache.ratis.thirdparty.io.netty.channel.nio.AbstractNioChannel$AbstractNioUnsafe.finishConnect(AbstractNioChannel.java:340)
	at org.apache.ratis.thirdparty.io.netty.channel.nio.NioEventLoop.processSelectedKey(NioEventLoop.java:632)
	at org.apache.ratis.thirdparty.io.netty.channel.nio.NioEventLoop.processSelectedKeysOptimized(NioEventLoop.java:579)
	at org.apache.ratis.thirdparty.io.netty.channel.nio.NioEventLoop.processSelectedKeys(NioEventLoop.java:496)
	at org.apache.ratis.thirdparty.io.netty.channel.nio.NioEventLoop.run(NioEventLoop.java:458)
	at org.apache.ratis.thirdparty.io.netty.util.concurrent.SingleThreadEventExecutor$5.run(SingleThreadEventExecutor.java:897)
	at org.apache.ratis.thirdparty.io.netty.util.concurrent.FastThreadLocalRunnable.run(FastThreadLocalRunnable.java:30)
	... 1 more
Caused by: java.net.ConnectException: Connection refused
	... 11 more
2019-10-18 13:08:31,400 [0e280119-6e3a-4f2d-a3bb-534f53e1c036@group-61F4B561E702-LeaderElection653] INFO  impl.LeaderElection (LogUtils.java:infoOrTrace(149)) -   Exception 1: {}
java.util.concurrent.ExecutionException: org.apache.ratis.thirdparty.io.grpc.StatusRuntimeException: UNAVAILABLE: io exception
	at java.util.concurrent.FutureTask.report(FutureTask.java:122)
	at java.util.concurrent.FutureTask.get(FutureTask.java:192)
	at org.apache.ratis.server.impl.LeaderElection.waitForResults(LeaderElection.java:259)
	at org.apache.ratis.server.impl.LeaderElection.askForVotes(LeaderElection.java:197)
	at org.apache.ratis.server.impl.LeaderElection.run(LeaderElection.java:133)
	at java.lang.Thread.run(Thread.java:748)
Caused by: org.apache.ratis.thirdparty.io.grpc.StatusRuntimeException: UNAVAILABLE: io exception
	at org.apache.ratis.thirdparty.io.grpc.stub.ClientCalls.toStatusRuntimeException(ClientCalls.java:233)
	at org.apache.ratis.thirdparty.io.grpc.stub.ClientCalls.getUnchecked(ClientCalls.java:214)
	at org.apache.ratis.thirdparty.io.grpc.stub.ClientCalls.blockingUnaryCall(ClientCalls.java:139)
	at org.apache.ratis.proto.grpc.RaftServerProtocolServiceGrpc$RaftServerProtocolServiceBlockingStub.requestVote(RaftServerProtocolServiceGrpc.java:265)
	at org.apache.ratis.grpc.server.GrpcServerProtocolClient.requestVote(GrpcServerProtocolClient.java:99)
	at org.apache.ratis.grpc.server.GrpcService.requestVote(GrpcService.java:204)
	at org.apache.ratis.server.impl.LeaderElection.lambda$submitRequests$1(LeaderElection.java:234)
	at java.util.concurrent.FutureTask.run(FutureTask.java:266)
	at java.util.concurrent.Executors$RunnableAdapter.call(Executors.java:511)
	at java.util.concurrent.FutureTask.run(FutureTask.java:266)
	at java.util.concurrent.ThreadPoolExecutor.runWorker(ThreadPoolExecutor.java:1149)
	at java.util.concurrent.ThreadPoolExecutor$Worker.run(ThreadPoolExecutor.java:624)
	... 1 more
Caused by: org.apache.ratis.thirdparty.io.netty.channel.AbstractChannel$AnnotatedConnectException: Connection refused: /192.168.34.56:33301
	at sun.nio.ch.SocketChannelImpl.checkConnect(Native Method)
	at sun.nio.ch.SocketChannelImpl.finishConnect(SocketChannelImpl.java:717)
	at org.apache.ratis.thirdparty.io.netty.channel.socket.nio.NioSocketChannel.doFinishConnect(NioSocketChannel.java:327)
	at org.apache.ratis.thirdparty.io.netty.channel.nio.AbstractNioChannel$AbstractNioUnsafe.finishConnect(AbstractNioChannel.java:340)
	at org.apache.ratis.thirdparty.io.netty.channel.nio.NioEventLoop.processSelectedKey(NioEventLoop.java:632)
	at org.apache.ratis.thirdparty.io.netty.channel.nio.NioEventLoop.processSelectedKeysOptimized(NioEventLoop.java:579)
	at org.apache.ratis.thirdparty.io.netty.channel.nio.NioEventLoop.processSelectedKeys(NioEventLoop.java:496)
	at org.apache.ratis.thirdparty.io.netty.channel.nio.NioEventLoop.run(NioEventLoop.java:458)
	at org.apache.ratis.thirdparty.io.netty.util.concurrent.SingleThreadEventExecutor$5.run(SingleThreadEventExecutor.java:897)
	at org.apache.ratis.thirdparty.io.netty.util.concurrent.FastThreadLocalRunnable.run(FastThreadLocalRunnable.java:30)
	... 1 more
Caused by: java.net.ConnectException: Connection refused
	... 11 more
2019-10-18 13:08:31,400 [0e280119-6e3a-4f2d-a3bb-534f53e1c036@group-EC3E8056A4BB-LeaderElection654] INFO  impl.LeaderElection (LogUtils.java:infoOrTrace(149)) -   Exception 1: {}
java.util.concurrent.ExecutionException: org.apache.ratis.thirdparty.io.grpc.StatusRuntimeException: UNAVAILABLE: io exception
	at java.util.concurrent.FutureTask.report(FutureTask.java:122)
	at java.util.concurrent.FutureTask.get(FutureTask.java:192)
	at org.apache.ratis.server.impl.LeaderElection.waitForResults(LeaderElection.java:259)
	at org.apache.ratis.server.impl.LeaderElection.askForVotes(LeaderElection.java:197)
	at org.apache.ratis.server.impl.LeaderElection.run(LeaderElection.java:133)
	at java.lang.Thread.run(Thread.java:748)
Caused by: org.apache.ratis.thirdparty.io.grpc.StatusRuntimeException: UNAVAILABLE: io exception
	at org.apache.ratis.thirdparty.io.grpc.stub.ClientCalls.toStatusRuntimeException(ClientCalls.java:233)
	at org.apache.ratis.thirdparty.io.grpc.stub.ClientCalls.getUnchecked(ClientCalls.java:214)
	at org.apache.ratis.thirdparty.io.grpc.stub.ClientCalls.blockingUnaryCall(ClientCalls.java:139)
	at org.apache.ratis.proto.grpc.RaftServerProtocolServiceGrpc$RaftServerProtocolServiceBlockingStub.requestVote(RaftServerProtocolServiceGrpc.java:265)
	at org.apache.ratis.grpc.server.GrpcServerProtocolClient.requestVote(GrpcServerProtocolClient.java:99)
	at org.apache.ratis.grpc.server.GrpcService.requestVote(GrpcService.java:204)
	at org.apache.ratis.server.impl.LeaderElection.lambda$submitRequests$1(LeaderElection.java:234)
	at java.util.concurrent.FutureTask.run(FutureTask.java:266)
	at java.util.concurrent.Executors$RunnableAdapter.call(Executors.java:511)
	at java.util.concurrent.FutureTask.run(FutureTask.java:266)
	at java.util.concurrent.ThreadPoolExecutor.runWorker(ThreadPoolExecutor.java:1149)
	at java.util.concurrent.ThreadPoolExecutor$Worker.run(ThreadPoolExecutor.java:624)
	... 1 more
Caused by: org.apache.ratis.thirdparty.io.netty.channel.AbstractChannel$AnnotatedConnectException: Connection refused: /192.168.34.56:33301
	at sun.nio.ch.SocketChannelImpl.checkConnect(Native Method)
	at sun.nio.ch.SocketChannelImpl.finishConnect(SocketChannelImpl.java:717)
	at org.apache.ratis.thirdparty.io.netty.channel.socket.nio.NioSocketChannel.doFinishConnect(NioSocketChannel.java:327)
	at org.apache.ratis.thirdparty.io.netty.channel.nio.AbstractNioChannel$AbstractNioUnsafe.finishConnect(AbstractNioChannel.java:340)
	at org.apache.ratis.thirdparty.io.netty.channel.nio.NioEventLoop.processSelectedKey(NioEventLoop.java:632)
	at org.apache.ratis.thirdparty.io.netty.channel.nio.NioEventLoop.processSelectedKeysOptimized(NioEventLoop.java:579)
	at org.apache.ratis.thirdparty.io.netty.channel.nio.NioEventLoop.processSelectedKeys(NioEventLoop.java:496)
	at org.apache.ratis.thirdparty.io.netty.channel.nio.NioEventLoop.run(NioEventLoop.java:458)
	at org.apache.ratis.thirdparty.io.netty.util.concurrent.SingleThreadEventExecutor$5.run(SingleThreadEventExecutor.java:897)
	at org.apache.ratis.thirdparty.io.netty.util.concurrent.FastThreadLocalRunnable.run(FastThreadLocalRunnable.java:30)
	... 1 more
Caused by: java.net.ConnectException: Connection refused
	... 11 more
2019-10-18 13:08:31,400 [0e280119-6e3a-4f2d-a3bb-534f53e1c036@group-61F4B561E702-LeaderElection653] INFO  impl.RaftServerImpl (RaftServerImpl.java:setRole(184)) - 0e280119-6e3a-4f2d-a3bb-534f53e1c036@group-61F4B561E702: changes role from CANDIDATE to FOLLOWER at term 17 for DISCOVERED_A_NEW_TERM
2019-10-18 13:08:31,401 [0e280119-6e3a-4f2d-a3bb-534f53e1c036@group-EC3E8056A4BB-LeaderElection654] INFO  impl.RaftServerImpl (RaftServerImpl.java:setRole(184)) - 0e280119-6e3a-4f2d-a3bb-534f53e1c036@group-EC3E8056A4BB: changes role from CANDIDATE to FOLLOWER at term 11 for DISCOVERED_A_NEW_TERM
2019-10-18 13:08:31,401 [0e280119-6e3a-4f2d-a3bb-534f53e1c036@group-61F4B561E702-LeaderElection653] INFO  impl.RoleInfo (RoleInfo.java:shutdownLeaderElection(134)) - 0e280119-6e3a-4f2d-a3bb-534f53e1c036: shutdown LeaderElection
2019-10-18 13:08:31,401 [0e280119-6e3a-4f2d-a3bb-534f53e1c036@group-EC3E8056A4BB-LeaderElection654] INFO  impl.RoleInfo (RoleInfo.java:shutdownLeaderElection(134)) - 0e280119-6e3a-4f2d-a3bb-534f53e1c036: shutdown LeaderElection
2019-10-18 13:08:31,401 [0e280119-6e3a-4f2d-a3bb-534f53e1c036@group-61F4B561E702-LeaderElection653] INFO  impl.RoleInfo (RoleInfo.java:updateAndGet(143)) - 0e280119-6e3a-4f2d-a3bb-534f53e1c036: start FollowerState
2019-10-18 13:08:31,401 [0e280119-6e3a-4f2d-a3bb-534f53e1c036@group-EC3E8056A4BB-LeaderElection654] INFO  impl.RoleInfo (RoleInfo.java:updateAndGet(143)) - 0e280119-6e3a-4f2d-a3bb-534f53e1c036: start FollowerState
2019-10-18 13:08:31,597 [java.util.concurrent.ThreadPoolExecutor$Worker@38a40473[State = -1, empty queue]] WARN  server.GrpcLogAppender (GrpcLogAppender.java:timeoutAppendRequest(209)) - 0e280119-6e3a-4f2d-a3bb-534f53e1c036@group-9A2401E47D95->7d69770b-3355-4a82-aab2-02db9382227d-GrpcLogAppender: appendEntries Timeout, request=0e280119-6e3a-4f2d-a3bb-534f53e1c036->7d69770b-3355-4a82-aab2-02db9382227d#29-t4, previous=(t:4, i:0), leaderCommit=0, initializing? false, entries: <empty>
2019-10-18 13:08:32,098 [java.util.concurrent.ThreadPoolExecutor$Worker@38a40473[State = -1, empty queue]] WARN  server.GrpcLogAppender (GrpcLogAppender.java:timeoutAppendRequest(209)) - 0e280119-6e3a-4f2d-a3bb-534f53e1c036@group-9A2401E47D95->7d69770b-3355-4a82-aab2-02db9382227d-GrpcLogAppender: appendEntries Timeout, request=0e280119-6e3a-4f2d-a3bb-534f53e1c036->7d69770b-3355-4a82-aab2-02db9382227d#30-t4, previous=(t:4, i:0), leaderCommit=0, initializing? false, entries: <empty>
2019-10-18 13:08:32,409 [Thread-6354] INFO  impl.FollowerState (FollowerState.java:run(108)) - 0e280119-6e3a-4f2d-a3bb-534f53e1c036@group-61F4B561E702-FollowerState: change to CANDIDATE, lastRpcTime:1008ms, electionTimeout:1008ms
2019-10-18 13:08:32,410 [Thread-6354] INFO  impl.RoleInfo (RoleInfo.java:shutdownFollowerState(121)) - 0e280119-6e3a-4f2d-a3bb-534f53e1c036: shutdown FollowerState
2019-10-18 13:08:32,410 [Thread-6354] INFO  impl.RaftServerImpl (RaftServerImpl.java:setRole(184)) - 0e280119-6e3a-4f2d-a3bb-534f53e1c036@group-61F4B561E702: changes role from  FOLLOWER to CANDIDATE at term 17 for changeToCandidate
2019-10-18 13:08:32,410 [Thread-6354] INFO  impl.RoleInfo (RoleInfo.java:updateAndGet(143)) - 0e280119-6e3a-4f2d-a3bb-534f53e1c036: start LeaderElection
2019-10-18 13:08:32,494 [Thread-6355] INFO  impl.FollowerState (FollowerState.java:run(108)) - 0e280119-6e3a-4f2d-a3bb-534f53e1c036@group-EC3E8056A4BB-FollowerState: change to CANDIDATE, lastRpcTime:1092ms, electionTimeout:1092ms
2019-10-18 13:08:32,494 [Thread-6355] INFO  impl.RoleInfo (RoleInfo.java:shutdownFollowerState(121)) - 0e280119-6e3a-4f2d-a3bb-534f53e1c036: shutdown FollowerState
2019-10-18 13:08:32,494 [Thread-6355] INFO  impl.RaftServerImpl (RaftServerImpl.java:setRole(184)) - 0e280119-6e3a-4f2d-a3bb-534f53e1c036@group-EC3E8056A4BB: changes role from  FOLLOWER to CANDIDATE at term 11 for changeToCandidate
2019-10-18 13:08:32,494 [Thread-6355] INFO  impl.RoleInfo (RoleInfo.java:updateAndGet(143)) - 0e280119-6e3a-4f2d-a3bb-534f53e1c036: start LeaderElection
2019-10-18 13:08:32,582 [java.util.concurrent.ThreadPoolExecutor$Worker@513d65b2[State = -1, empty queue]] WARN  server.GrpcLogAppender (GrpcLogAppender.java:timeoutAppendRequest(209)) - 0e280119-6e3a-4f2d-a3bb-534f53e1c036@group-9A2401E47D95->f7720aae-b5ab-43ae-a8f0-7922fdbaf311-GrpcLogAppender: appendEntries Timeout, request=0e280119-6e3a-4f2d-a3bb-534f53e1c036->f7720aae-b5ab-43ae-a8f0-7922fdbaf311#5-t4, previous=(t:0, i:0), leaderCommit=0, initializing? false, entries: <empty>
2019-10-18 13:08:32,598 [java.util.concurrent.ThreadPoolExecutor$Worker@38a40473[State = -1, empty queue]] WARN  server.GrpcLogAppender (GrpcLogAppender.java:timeoutAppendRequest(209)) - 0e280119-6e3a-4f2d-a3bb-534f53e1c036@group-9A2401E47D95->7d69770b-3355-4a82-aab2-02db9382227d-GrpcLogAppender: appendEntries Timeout, request=0e280119-6e3a-4f2d-a3bb-534f53e1c036->7d69770b-3355-4a82-aab2-02db9382227d#31-t4, previous=(t:4, i:0), leaderCommit=0, initializing? false, entries: <empty>
2019-10-18 13:08:33,099 [java.util.concurrent.ThreadPoolExecutor$Worker@38a40473[State = -1, empty queue]] WARN  server.GrpcLogAppender (GrpcLogAppender.java:timeoutAppendRequest(209)) - 0e280119-6e3a-4f2d-a3bb-534f53e1c036@group-9A2401E47D95->7d69770b-3355-4a82-aab2-02db9382227d-GrpcLogAppender: appendEntries Timeout, request=0e280119-6e3a-4f2d-a3bb-534f53e1c036->7d69770b-3355-4a82-aab2-02db9382227d#32-t4, previous=(t:4, i:0), leaderCommit=0, initializing? false, entries: <empty>
2019-10-18 13:08:33,522 [0e280119-6e3a-4f2d-a3bb-534f53e1c036@group-61F4B561E702-LeaderElection655] INFO  impl.LeaderElection (LeaderElection.java:askForVotes(178)) - 0e280119-6e3a-4f2d-a3bb-534f53e1c036@group-61F4B561E702-LeaderElection655: begin an election at term 18 for 0: [7d69770b-3355-4a82-aab2-02db9382227d:192.168.34.56:33301, f7720aae-b5ab-43ae-a8f0-7922fdbaf311:192.168.34.56:46404, 0e280119-6e3a-4f2d-a3bb-534f53e1c036:192.168.34.56:35105], old=null
2019-10-18 13:08:33,522 [0e280119-6e3a-4f2d-a3bb-534f53e1c036@group-EC3E8056A4BB-LeaderElection656] INFO  impl.LeaderElection (LeaderElection.java:askForVotes(178)) - 0e280119-6e3a-4f2d-a3bb-534f53e1c036@group-EC3E8056A4BB-LeaderElection656: begin an election at term 12 for 0: [7d69770b-3355-4a82-aab2-02db9382227d:192.168.34.56:33301, f7720aae-b5ab-43ae-a8f0-7922fdbaf311:192.168.34.56:46404, 0e280119-6e3a-4f2d-a3bb-534f53e1c036:192.168.34.56:35105], old=null
2019-10-18 13:08:33,523 [0e280119-6e3a-4f2d-a3bb-534f53e1c036@group-61F4B561E702-LeaderElection655] INFO  impl.LeaderElection (LogUtils.java:infoOrTrace(149)) - 0e280119-6e3a-4f2d-a3bb-534f53e1c036@group-61F4B561E702-LeaderElection655 got exception when requesting votes: {}
java.util.concurrent.ExecutionException: org.apache.ratis.thirdparty.io.grpc.StatusRuntimeException: UNAVAILABLE: io exception
	at java.util.concurrent.FutureTask.report(FutureTask.java:122)
	at java.util.concurrent.FutureTask.get(FutureTask.java:192)
	at org.apache.ratis.server.impl.LeaderElection.waitForResults(LeaderElection.java:259)
	at org.apache.ratis.server.impl.LeaderElection.askForVotes(LeaderElection.java:197)
	at org.apache.ratis.server.impl.LeaderElection.run(LeaderElection.java:133)
	at java.lang.Thread.run(Thread.java:748)
Caused by: org.apache.ratis.thirdparty.io.grpc.StatusRuntimeException: UNAVAILABLE: io exception
	at org.apache.ratis.thirdparty.io.grpc.stub.ClientCalls.toStatusRuntimeException(ClientCalls.java:233)
	at org.apache.ratis.thirdparty.io.grpc.stub.ClientCalls.getUnchecked(ClientCalls.java:214)
	at org.apache.ratis.thirdparty.io.grpc.stub.ClientCalls.blockingUnaryCall(ClientCalls.java:139)
	at org.apache.ratis.proto.grpc.RaftServerProtocolServiceGrpc$RaftServerProtocolServiceBlockingStub.requestVote(RaftServerProtocolServiceGrpc.java:265)
	at org.apache.ratis.grpc.server.GrpcServerProtocolClient.requestVote(GrpcServerProtocolClient.java:99)
	at org.apache.ratis.grpc.server.GrpcService.requestVote(GrpcService.java:204)
	at org.apache.ratis.server.impl.LeaderElection.lambda$submitRequests$1(LeaderElection.java:234)
	at java.util.concurrent.FutureTask.run(FutureTask.java:266)
	at java.util.concurrent.Executors$RunnableAdapter.call(Executors.java:511)
	at java.util.concurrent.FutureTask.run(FutureTask.java:266)
	at java.util.concurrent.ThreadPoolExecutor.runWorker(ThreadPoolExecutor.java:1149)
	at java.util.concurrent.ThreadPoolExecutor$Worker.run(ThreadPoolExecutor.java:624)
	... 1 more
Caused by: org.apache.ratis.thirdparty.io.netty.channel.AbstractChannel$AnnotatedConnectException: Connection refused: /192.168.34.56:33301
	at sun.nio.ch.SocketChannelImpl.checkConnect(Native Method)
	at sun.nio.ch.SocketChannelImpl.finishConnect(SocketChannelImpl.java:717)
	at org.apache.ratis.thirdparty.io.netty.channel.socket.nio.NioSocketChannel.doFinishConnect(NioSocketChannel.java:327)
	at org.apache.ratis.thirdparty.io.netty.channel.nio.AbstractNioChannel$AbstractNioUnsafe.finishConnect(AbstractNioChannel.java:340)
	at org.apache.ratis.thirdparty.io.netty.channel.nio.NioEventLoop.processSelectedKey(NioEventLoop.java:632)
	at org.apache.ratis.thirdparty.io.netty.channel.nio.NioEventLoop.processSelectedKeysOptimized(NioEventLoop.java:579)
	at org.apache.ratis.thirdparty.io.netty.channel.nio.NioEventLoop.processSelectedKeys(NioEventLoop.java:496)
	at org.apache.ratis.thirdparty.io.netty.channel.nio.NioEventLoop.run(NioEventLoop.java:458)
	at org.apache.ratis.thirdparty.io.netty.util.concurrent.SingleThreadEventExecutor$5.run(SingleThreadEventExecutor.java:897)
	at org.apache.ratis.thirdparty.io.netty.util.concurrent.FastThreadLocalRunnable.run(FastThreadLocalRunnable.java:30)
	... 1 more
Caused by: java.net.ConnectException: Connection refused
	... 11 more
2019-10-18 13:08:33,523 [0e280119-6e3a-4f2d-a3bb-534f53e1c036@group-EC3E8056A4BB-LeaderElection656] INFO  impl.LeaderElection (LogUtils.java:infoOrTrace(149)) - 0e280119-6e3a-4f2d-a3bb-534f53e1c036@group-EC3E8056A4BB-LeaderElection656 got exception when requesting votes: {}
java.util.concurrent.ExecutionException: org.apache.ratis.thirdparty.io.grpc.StatusRuntimeException: UNAVAILABLE: io exception
	at java.util.concurrent.FutureTask.report(FutureTask.java:122)
	at java.util.concurrent.FutureTask.get(FutureTask.java:192)
	at org.apache.ratis.server.impl.LeaderElection.waitForResults(LeaderElection.java:259)
	at org.apache.ratis.server.impl.LeaderElection.askForVotes(LeaderElection.java:197)
	at org.apache.ratis.server.impl.LeaderElection.run(LeaderElection.java:133)
	at java.lang.Thread.run(Thread.java:748)
Caused by: org.apache.ratis.thirdparty.io.grpc.StatusRuntimeException: UNAVAILABLE: io exception
	at org.apache.ratis.thirdparty.io.grpc.stub.ClientCalls.toStatusRuntimeException(ClientCalls.java:233)
	at org.apache.ratis.thirdparty.io.grpc.stub.ClientCalls.getUnchecked(ClientCalls.java:214)
	at org.apache.ratis.thirdparty.io.grpc.stub.ClientCalls.blockingUnaryCall(ClientCalls.java:139)
	at org.apache.ratis.proto.grpc.RaftServerProtocolServiceGrpc$RaftServerProtocolServiceBlockingStub.requestVote(RaftServerProtocolServiceGrpc.java:265)
	at org.apache.ratis.grpc.server.GrpcServerProtocolClient.requestVote(GrpcServerProtocolClient.java:99)
	at org.apache.ratis.grpc.server.GrpcService.requestVote(GrpcService.java:204)
	at org.apache.ratis.server.impl.LeaderElection.lambda$submitRequests$1(LeaderElection.java:234)
	at java.util.concurrent.FutureTask.run(FutureTask.java:266)
	at java.util.concurrent.Executors$RunnableAdapter.call(Executors.java:511)
	at java.util.concurrent.FutureTask.run(FutureTask.java:266)
	at java.util.concurrent.ThreadPoolExecutor.runWorker(ThreadPoolExecutor.java:1149)
	at java.util.concurrent.ThreadPoolExecutor$Worker.run(ThreadPoolExecutor.java:624)
	... 1 more
Caused by: org.apache.ratis.thirdparty.io.netty.channel.AbstractChannel$AnnotatedConnectException: Connection refused: /192.168.34.56:33301
	at sun.nio.ch.SocketChannelImpl.checkConnect(Native Method)
	at sun.nio.ch.SocketChannelImpl.finishConnect(SocketChannelImpl.java:717)
	at org.apache.ratis.thirdparty.io.netty.channel.socket.nio.NioSocketChannel.doFinishConnect(NioSocketChannel.java:327)
	at org.apache.ratis.thirdparty.io.netty.channel.nio.AbstractNioChannel$AbstractNioUnsafe.finishConnect(AbstractNioChannel.java:340)
	at org.apache.ratis.thirdparty.io.netty.channel.nio.NioEventLoop.processSelectedKey(NioEventLoop.java:632)
	at org.apache.ratis.thirdparty.io.netty.channel.nio.NioEventLoop.processSelectedKeysOptimized(NioEventLoop.java:579)
	at org.apache.ratis.thirdparty.io.netty.channel.nio.NioEventLoop.processSelectedKeys(NioEventLoop.java:496)
	at org.apache.ratis.thirdparty.io.netty.channel.nio.NioEventLoop.run(NioEventLoop.java:458)
	at org.apache.ratis.thirdparty.io.netty.util.concurrent.SingleThreadEventExecutor$5.run(SingleThreadEventExecutor.java:897)
	at org.apache.ratis.thirdparty.io.netty.util.concurrent.FastThreadLocalRunnable.run(FastThreadLocalRunnable.java:30)
	... 1 more
Caused by: java.net.ConnectException: Connection refused
	... 11 more
2019-10-18 13:08:33,524 [0e280119-6e3a-4f2d-a3bb-534f53e1c036@group-EC3E8056A4BB-LeaderElection656] INFO  impl.LeaderElection (LogUtils.java:infoOrTrace(149)) - 0e280119-6e3a-4f2d-a3bb-534f53e1c036@group-EC3E8056A4BB-LeaderElection656 got exception when requesting votes: {}
java.util.concurrent.ExecutionException: org.apache.ratis.thirdparty.io.grpc.StatusRuntimeException: UNAVAILABLE: io exception
	at java.util.concurrent.FutureTask.report(FutureTask.java:122)
	at java.util.concurrent.FutureTask.get(FutureTask.java:192)
	at org.apache.ratis.server.impl.LeaderElection.waitForResults(LeaderElection.java:259)
	at org.apache.ratis.server.impl.LeaderElection.askForVotes(LeaderElection.java:197)
	at org.apache.ratis.server.impl.LeaderElection.run(LeaderElection.java:133)
	at java.lang.Thread.run(Thread.java:748)
Caused by: org.apache.ratis.thirdparty.io.grpc.StatusRuntimeException: UNAVAILABLE: io exception
	at org.apache.ratis.thirdparty.io.grpc.stub.ClientCalls.toStatusRuntimeException(ClientCalls.java:233)
	at org.apache.ratis.thirdparty.io.grpc.stub.ClientCalls.getUnchecked(ClientCalls.java:214)
	at org.apache.ratis.thirdparty.io.grpc.stub.ClientCalls.blockingUnaryCall(ClientCalls.java:139)
	at org.apache.ratis.proto.grpc.RaftServerProtocolServiceGrpc$RaftServerProtocolServiceBlockingStub.requestVote(RaftServerProtocolServiceGrpc.java:265)
	at org.apache.ratis.grpc.server.GrpcServerProtocolClient.requestVote(GrpcServerProtocolClient.java:99)
	at org.apache.ratis.grpc.server.GrpcService.requestVote(GrpcService.java:204)
	at org.apache.ratis.server.impl.LeaderElection.lambda$submitRequests$1(LeaderElection.java:234)
	at java.util.concurrent.FutureTask.run(FutureTask.java:266)
	at java.util.concurrent.Executors$RunnableAdapter.call(Executors.java:511)
	at java.util.concurrent.FutureTask.run(FutureTask.java:266)
	at java.util.concurrent.ThreadPoolExecutor.runWorker(ThreadPoolExecutor.java:1149)
	at java.util.concurrent.ThreadPoolExecutor$Worker.run(ThreadPoolExecutor.java:624)
	... 1 more
Caused by: org.apache.ratis.thirdparty.io.netty.channel.AbstractChannel$AnnotatedConnectException: Connection refused: /192.168.34.56:46404
	at sun.nio.ch.SocketChannelImpl.checkConnect(Native Method)
	at sun.nio.ch.SocketChannelImpl.finishConnect(SocketChannelImpl.java:717)
	at org.apache.ratis.thirdparty.io.netty.channel.socket.nio.NioSocketChannel.doFinishConnect(NioSocketChannel.java:327)
	at org.apache.ratis.thirdparty.io.netty.channel.nio.AbstractNioChannel$AbstractNioUnsafe.finishConnect(AbstractNioChannel.java:340)
	at org.apache.ratis.thirdparty.io.netty.channel.nio.NioEventLoop.processSelectedKey(NioEventLoop.java:632)
	at org.apache.ratis.thirdparty.io.netty.channel.nio.NioEventLoop.processSelectedKeysOptimized(NioEventLoop.java:579)
	at org.apache.ratis.thirdparty.io.netty.channel.nio.NioEventLoop.processSelectedKeys(NioEventLoop.java:496)
	at org.apache.ratis.thirdparty.io.netty.channel.nio.NioEventLoop.run(NioEventLoop.java:458)
	at org.apache.ratis.thirdparty.io.netty.util.concurrent.SingleThreadEventExecutor$5.run(SingleThreadEventExecutor.java:897)
	at org.apache.ratis.thirdparty.io.netty.util.concurrent.FastThreadLocalRunnable.run(FastThreadLocalRunnable.java:30)
	... 1 more
Caused by: java.net.ConnectException: Connection refused
	... 11 more
2019-10-18 13:08:33,524 [0e280119-6e3a-4f2d-a3bb-534f53e1c036@group-61F4B561E702-LeaderElection655] INFO  impl.LeaderElection (LogUtils.java:infoOrTrace(149)) - 0e280119-6e3a-4f2d-a3bb-534f53e1c036@group-61F4B561E702-LeaderElection655 got exception when requesting votes: {}
java.util.concurrent.ExecutionException: org.apache.ratis.thirdparty.io.grpc.StatusRuntimeException: UNAVAILABLE: io exception
	at java.util.concurrent.FutureTask.report(FutureTask.java:122)
	at java.util.concurrent.FutureTask.get(FutureTask.java:192)
	at org.apache.ratis.server.impl.LeaderElection.waitForResults(LeaderElection.java:259)
	at org.apache.ratis.server.impl.LeaderElection.askForVotes(LeaderElection.java:197)
	at org.apache.ratis.server.impl.LeaderElection.run(LeaderElection.java:133)
	at java.lang.Thread.run(Thread.java:748)
Caused by: org.apache.ratis.thirdparty.io.grpc.StatusRuntimeException: UNAVAILABLE: io exception
	at org.apache.ratis.thirdparty.io.grpc.stub.ClientCalls.toStatusRuntimeException(ClientCalls.java:233)
	at org.apache.ratis.thirdparty.io.grpc.stub.ClientCalls.getUnchecked(ClientCalls.java:214)
	at org.apache.ratis.thirdparty.io.grpc.stub.ClientCalls.blockingUnaryCall(ClientCalls.java:139)
	at org.apache.ratis.proto.grpc.RaftServerProtocolServiceGrpc$RaftServerProtocolServiceBlockingStub.requestVote(RaftServerProtocolServiceGrpc.java:265)
	at org.apache.ratis.grpc.server.GrpcServerProtocolClient.requestVote(GrpcServerProtocolClient.java:99)
	at org.apache.ratis.grpc.server.GrpcService.requestVote(GrpcService.java:204)
	at org.apache.ratis.server.impl.LeaderElection.lambda$submitRequests$1(LeaderElection.java:234)
	at java.util.concurrent.FutureTask.run(FutureTask.java:266)
	at java.util.concurrent.Executors$RunnableAdapter.call(Executors.java:511)
	at java.util.concurrent.FutureTask.run(FutureTask.java:266)
	at java.util.concurrent.ThreadPoolExecutor.runWorker(ThreadPoolExecutor.java:1149)
	at java.util.concurrent.ThreadPoolExecutor$Worker.run(ThreadPoolExecutor.java:624)
	... 1 more
Caused by: org.apache.ratis.thirdparty.io.netty.channel.AbstractChannel$AnnotatedConnectException: Connection refused: /192.168.34.56:46404
	at sun.nio.ch.SocketChannelImpl.checkConnect(Native Method)
	at sun.nio.ch.SocketChannelImpl.finishConnect(SocketChannelImpl.java:717)
	at org.apache.ratis.thirdparty.io.netty.channel.socket.nio.NioSocketChannel.doFinishConnect(NioSocketChannel.java:327)
	at org.apache.ratis.thirdparty.io.netty.channel.nio.AbstractNioChannel$AbstractNioUnsafe.finishConnect(AbstractNioChannel.java:340)
	at org.apache.ratis.thirdparty.io.netty.channel.nio.NioEventLoop.processSelectedKey(NioEventLoop.java:632)
	at org.apache.ratis.thirdparty.io.netty.channel.nio.NioEventLoop.processSelectedKeysOptimized(NioEventLoop.java:579)
	at org.apache.ratis.thirdparty.io.netty.channel.nio.NioEventLoop.processSelectedKeys(NioEventLoop.java:496)
	at org.apache.ratis.thirdparty.io.netty.channel.nio.NioEventLoop.run(NioEventLoop.java:458)
	at org.apache.ratis.thirdparty.io.netty.util.concurrent.SingleThreadEventExecutor$5.run(SingleThreadEventExecutor.java:897)
	at org.apache.ratis.thirdparty.io.netty.util.concurrent.FastThreadLocalRunnable.run(FastThreadLocalRunnable.java:30)
	... 1 more
Caused by: java.net.ConnectException: Connection refused
	... 11 more
2019-10-18 13:08:33,525 [0e280119-6e3a-4f2d-a3bb-534f53e1c036@group-EC3E8056A4BB-LeaderElection656] INFO  impl.LeaderElection (LeaderElection.java:logAndReturn(56)) - 0e280119-6e3a-4f2d-a3bb-534f53e1c036@group-EC3E8056A4BB-LeaderElection656: Election REJECTED; received 0 response(s) [] and 2 exception(s); 0e280119-6e3a-4f2d-a3bb-534f53e1c036@group-EC3E8056A4BB:t12, leader=null, voted=0e280119-6e3a-4f2d-a3bb-534f53e1c036, raftlog=0e280119-6e3a-4f2d-a3bb-534f53e1c036@group-EC3E8056A4BB-SegmentedRaftLog:OPENED:c0,f0,i0, conf=0: [7d69770b-3355-4a82-aab2-02db9382227d:192.168.34.56:33301, f7720aae-b5ab-43ae-a8f0-7922fdbaf311:192.168.34.56:46404, 0e280119-6e3a-4f2d-a3bb-534f53e1c036:192.168.34.56:35105], old=null
2019-10-18 13:08:33,525 [0e280119-6e3a-4f2d-a3bb-534f53e1c036@group-61F4B561E702-LeaderElection655] INFO  impl.LeaderElection (LeaderElection.java:logAndReturn(56)) - 0e280119-6e3a-4f2d-a3bb-534f53e1c036@group-61F4B561E702-LeaderElection655: Election REJECTED; received 0 response(s) [] and 2 exception(s); 0e280119-6e3a-4f2d-a3bb-534f53e1c036@group-61F4B561E702:t18, leader=null, voted=0e280119-6e3a-4f2d-a3bb-534f53e1c036, raftlog=0e280119-6e3a-4f2d-a3bb-534f53e1c036@group-61F4B561E702-SegmentedRaftLog:OPENED:c0,f0,i0, conf=0: [7d69770b-3355-4a82-aab2-02db9382227d:192.168.34.56:33301, f7720aae-b5ab-43ae-a8f0-7922fdbaf311:192.168.34.56:46404, 0e280119-6e3a-4f2d-a3bb-534f53e1c036:192.168.34.56:35105], old=null
2019-10-18 13:08:33,525 [0e280119-6e3a-4f2d-a3bb-534f53e1c036@group-61F4B561E702-LeaderElection655] INFO  impl.LeaderElection (LogUtils.java:infoOrTrace(149)) -   Exception 0: {}
java.util.concurrent.ExecutionException: org.apache.ratis.thirdparty.io.grpc.StatusRuntimeException: UNAVAILABLE: io exception
	at java.util.concurrent.FutureTask.report(FutureTask.java:122)
	at java.util.concurrent.FutureTask.get(FutureTask.java:192)
	at org.apache.ratis.server.impl.LeaderElection.waitForResults(LeaderElection.java:259)
	at org.apache.ratis.server.impl.LeaderElection.askForVotes(LeaderElection.java:197)
	at org.apache.ratis.server.impl.LeaderElection.run(LeaderElection.java:133)
	at java.lang.Thread.run(Thread.java:748)
Caused by: org.apache.ratis.thirdparty.io.grpc.StatusRuntimeException: UNAVAILABLE: io exception
	at org.apache.ratis.thirdparty.io.grpc.stub.ClientCalls.toStatusRuntimeException(ClientCalls.java:233)
	at org.apache.ratis.thirdparty.io.grpc.stub.ClientCalls.getUnchecked(ClientCalls.java:214)
	at org.apache.ratis.thirdparty.io.grpc.stub.ClientCalls.blockingUnaryCall(ClientCalls.java:139)
	at org.apache.ratis.proto.grpc.RaftServerProtocolServiceGrpc$RaftServerProtocolServiceBlockingStub.requestVote(RaftServerProtocolServiceGrpc.java:265)
	at org.apache.ratis.grpc.server.GrpcServerProtocolClient.requestVote(GrpcServerProtocolClient.java:99)
	at org.apache.ratis.grpc.server.GrpcService.requestVote(GrpcService.java:204)
	at org.apache.ratis.server.impl.LeaderElection.lambda$submitRequests$1(LeaderElection.java:234)
	at java.util.concurrent.FutureTask.run(FutureTask.java:266)
	at java.util.concurrent.Executors$RunnableAdapter.call(Executors.java:511)
	at java.util.concurrent.FutureTask.run(FutureTask.java:266)
	at java.util.concurrent.ThreadPoolExecutor.runWorker(ThreadPoolExecutor.java:1149)
	at java.util.concurrent.ThreadPoolExecutor$Worker.run(ThreadPoolExecutor.java:624)
	... 1 more
Caused by: org.apache.ratis.thirdparty.io.netty.channel.AbstractChannel$AnnotatedConnectException: Connection refused: /192.168.34.56:33301
	at sun.nio.ch.SocketChannelImpl.checkConnect(Native Method)
	at sun.nio.ch.SocketChannelImpl.finishConnect(SocketChannelImpl.java:717)
	at org.apache.ratis.thirdparty.io.netty.channel.socket.nio.NioSocketChannel.doFinishConnect(NioSocketChannel.java:327)
	at org.apache.ratis.thirdparty.io.netty.channel.nio.AbstractNioChannel$AbstractNioUnsafe.finishConnect(AbstractNioChannel.java:340)
	at org.apache.ratis.thirdparty.io.netty.channel.nio.NioEventLoop.processSelectedKey(NioEventLoop.java:632)
	at org.apache.ratis.thirdparty.io.netty.channel.nio.NioEventLoop.processSelectedKeysOptimized(NioEventLoop.java:579)
	at org.apache.ratis.thirdparty.io.netty.channel.nio.NioEventLoop.processSelectedKeys(NioEventLoop.java:496)
	at org.apache.ratis.thirdparty.io.netty.channel.nio.NioEventLoop.run(NioEventLoop.java:458)
	at org.apache.ratis.thirdparty.io.netty.util.concurrent.SingleThreadEventExecutor$5.run(SingleThreadEventExecutor.java:897)
	at org.apache.ratis.thirdparty.io.netty.util.concurrent.FastThreadLocalRunnable.run(FastThreadLocalRunnable.java:30)
	... 1 more
Caused by: java.net.ConnectException: Connection refused
	... 11 more
2019-10-18 13:08:33,526 [0e280119-6e3a-4f2d-a3bb-534f53e1c036@group-61F4B561E702-LeaderElection655] INFO  impl.LeaderElection (LogUtils.java:infoOrTrace(149)) -   Exception 1: {}
java.util.concurrent.ExecutionException: org.apache.ratis.thirdparty.io.grpc.StatusRuntimeException: UNAVAILABLE: io exception
	at java.util.concurrent.FutureTask.report(FutureTask.java:122)
	at java.util.concurrent.FutureTask.get(FutureTask.java:192)
	at org.apache.ratis.server.impl.LeaderElection.waitForResults(LeaderElection.java:259)
	at org.apache.ratis.server.impl.LeaderElection.askForVotes(LeaderElection.java:197)
	at org.apache.ratis.server.impl.LeaderElection.run(LeaderElection.java:133)
	at java.lang.Thread.run(Thread.java:748)
Caused by: org.apache.ratis.thirdparty.io.grpc.StatusRuntimeException: UNAVAILABLE: io exception
	at org.apache.ratis.thirdparty.io.grpc.stub.ClientCalls.toStatusRuntimeException(ClientCalls.java:233)
	at org.apache.ratis.thirdparty.io.grpc.stub.ClientCalls.getUnchecked(ClientCalls.java:214)
	at org.apache.ratis.thirdparty.io.grpc.stub.ClientCalls.blockingUnaryCall(ClientCalls.java:139)
	at org.apache.ratis.proto.grpc.RaftServerProtocolServiceGrpc$RaftServerProtocolServiceBlockingStub.requestVote(RaftServerProtocolServiceGrpc.java:265)
	at org.apache.ratis.grpc.server.GrpcServerProtocolClient.requestVote(GrpcServerProtocolClient.java:99)
	at org.apache.ratis.grpc.server.GrpcService.requestVote(GrpcService.java:204)
	at org.apache.ratis.server.impl.LeaderElection.lambda$submitRequests$1(LeaderElection.java:234)
	at java.util.concurrent.FutureTask.run(FutureTask.java:266)
	at java.util.concurrent.Executors$RunnableAdapter.call(Executors.java:511)
	at java.util.concurrent.FutureTask.run(FutureTask.java:266)
	at java.util.concurrent.ThreadPoolExecutor.runWorker(ThreadPoolExecutor.java:1149)
	at java.util.concurrent.ThreadPoolExecutor$Worker.run(ThreadPoolExecutor.java:624)
	... 1 more
Caused by: org.apache.ratis.thirdparty.io.netty.channel.AbstractChannel$AnnotatedConnectException: Connection refused: /192.168.34.56:46404
	at sun.nio.ch.SocketChannelImpl.checkConnect(Native Method)
	at sun.nio.ch.SocketChannelImpl.finishConnect(SocketChannelImpl.java:717)
	at org.apache.ratis.thirdparty.io.netty.channel.socket.nio.NioSocketChannel.doFinishConnect(NioSocketChannel.java:327)
	at org.apache.ratis.thirdparty.io.netty.channel.nio.AbstractNioChannel$AbstractNioUnsafe.finishConnect(AbstractNioChannel.java:340)
	at org.apache.ratis.thirdparty.io.netty.channel.nio.NioEventLoop.processSelectedKey(NioEventLoop.java:632)
	at org.apache.ratis.thirdparty.io.netty.channel.nio.NioEventLoop.processSelectedKeysOptimized(NioEventLoop.java:579)
	at org.apache.ratis.thirdparty.io.netty.channel.nio.NioEventLoop.processSelectedKeys(NioEventLoop.java:496)
	at org.apache.ratis.thirdparty.io.netty.channel.nio.NioEventLoop.run(NioEventLoop.java:458)
	at org.apache.ratis.thirdparty.io.netty.util.concurrent.SingleThreadEventExecutor$5.run(SingleThreadEventExecutor.java:897)
	at org.apache.ratis.thirdparty.io.netty.util.concurrent.FastThreadLocalRunnable.run(FastThreadLocalRunnable.java:30)
	... 1 more
Caused by: java.net.ConnectException: Connection refused
	... 11 more
2019-10-18 13:08:33,525 [0e280119-6e3a-4f2d-a3bb-534f53e1c036@group-EC3E8056A4BB-LeaderElection656] INFO  impl.LeaderElection (LogUtils.java:infoOrTrace(149)) -   Exception 0: {}
java.util.concurrent.ExecutionException: org.apache.ratis.thirdparty.io.grpc.StatusRuntimeException: UNAVAILABLE: io exception
	at java.util.concurrent.FutureTask.report(FutureTask.java:122)
	at java.util.concurrent.FutureTask.get(FutureTask.java:192)
	at org.apache.ratis.server.impl.LeaderElection.waitForResults(LeaderElection.java:259)
	at org.apache.ratis.server.impl.LeaderElection.askForVotes(LeaderElection.java:197)
	at org.apache.ratis.server.impl.LeaderElection.run(LeaderElection.java:133)
	at java.lang.Thread.run(Thread.java:748)
Caused by: org.apache.ratis.thirdparty.io.grpc.StatusRuntimeException: UNAVAILABLE: io exception
	at org.apache.ratis.thirdparty.io.grpc.stub.ClientCalls.toStatusRuntimeException(ClientCalls.java:233)
	at org.apache.ratis.thirdparty.io.grpc.stub.ClientCalls.getUnchecked(ClientCalls.java:214)
	at org.apache.ratis.thirdparty.io.grpc.stub.ClientCalls.blockingUnaryCall(ClientCalls.java:139)
	at org.apache.ratis.proto.grpc.RaftServerProtocolServiceGrpc$RaftServerProtocolServiceBlockingStub.requestVote(RaftServerProtocolServiceGrpc.java:265)
	at org.apache.ratis.grpc.server.GrpcServerProtocolClient.requestVote(GrpcServerProtocolClient.java:99)
	at org.apache.ratis.grpc.server.GrpcService.requestVote(GrpcService.java:204)
	at org.apache.ratis.server.impl.LeaderElection.lambda$submitRequests$1(LeaderElection.java:234)
	at java.util.concurrent.FutureTask.run(FutureTask.java:266)
	at java.util.concurrent.Executors$RunnableAdapter.call(Executors.java:511)
	at java.util.concurrent.FutureTask.run(FutureTask.java:266)
	at java.util.concurrent.ThreadPoolExecutor.runWorker(ThreadPoolExecutor.java:1149)
	at java.util.concurrent.ThreadPoolExecutor$Worker.run(ThreadPoolExecutor.java:624)
	... 1 more
Caused by: org.apache.ratis.thirdparty.io.netty.channel.AbstractChannel$AnnotatedConnectException: Connection refused: /192.168.34.56:33301
	at sun.nio.ch.SocketChannelImpl.checkConnect(Native Method)
	at sun.nio.ch.SocketChannelImpl.finishConnect(SocketChannelImpl.java:717)
	at org.apache.ratis.thirdparty.io.netty.channel.socket.nio.NioSocketChannel.doFinishConnect(NioSocketChannel.java:327)
	at org.apache.ratis.thirdparty.io.netty.channel.nio.AbstractNioChannel$AbstractNioUnsafe.finishConnect(AbstractNioChannel.java:340)
	at org.apache.ratis.thirdparty.io.netty.channel.nio.NioEventLoop.processSelectedKey(NioEventLoop.java:632)
	at org.apache.ratis.thirdparty.io.netty.channel.nio.NioEventLoop.processSelectedKeysOptimized(NioEventLoop.java:579)
	at org.apache.ratis.thirdparty.io.netty.channel.nio.NioEventLoop.processSelectedKeys(NioEventLoop.java:496)
	at org.apache.ratis.thirdparty.io.netty.channel.nio.NioEventLoop.run(NioEventLoop.java:458)
	at org.apache.ratis.thirdparty.io.netty.util.concurrent.SingleThreadEventExecutor$5.run(SingleThreadEventExecutor.java:897)
	at org.apache.ratis.thirdparty.io.netty.util.concurrent.FastThreadLocalRunnable.run(FastThreadLocalRunnable.java:30)
	... 1 more
Caused by: java.net.ConnectException: Connection refused
	... 11 more
2019-10-18 13:08:33,526 [0e280119-6e3a-4f2d-a3bb-534f53e1c036@group-EC3E8056A4BB-LeaderElection656] INFO  impl.LeaderElection (LogUtils.java:infoOrTrace(149)) -   Exception 1: {}
java.util.concurrent.ExecutionException: org.apache.ratis.thirdparty.io.grpc.StatusRuntimeException: UNAVAILABLE: io exception
	at java.util.concurrent.FutureTask.report(FutureTask.java:122)
	at java.util.concurrent.FutureTask.get(FutureTask.java:192)
	at org.apache.ratis.server.impl.LeaderElection.waitForResults(LeaderElection.java:259)
	at org.apache.ratis.server.impl.LeaderElection.askForVotes(LeaderElection.java:197)
	at org.apache.ratis.server.impl.LeaderElection.run(LeaderElection.java:133)
	at java.lang.Thread.run(Thread.java:748)
Caused by: org.apache.ratis.thirdparty.io.grpc.StatusRuntimeException: UNAVAILABLE: io exception
	at org.apache.ratis.thirdparty.io.grpc.stub.ClientCalls.toStatusRuntimeException(ClientCalls.java:233)
	at org.apache.ratis.thirdparty.io.grpc.stub.ClientCalls.getUnchecked(ClientCalls.java:214)
	at org.apache.ratis.thirdparty.io.grpc.stub.ClientCalls.blockingUnaryCall(ClientCalls.java:139)
	at org.apache.ratis.proto.grpc.RaftServerProtocolServiceGrpc$RaftServerProtocolServiceBlockingStub.requestVote(RaftServerProtocolServiceGrpc.java:265)
	at org.apache.ratis.grpc.server.GrpcServerProtocolClient.requestVote(GrpcServerProtocolClient.java:99)
	at org.apache.ratis.grpc.server.GrpcService.requestVote(GrpcService.java:204)
	at org.apache.ratis.server.impl.LeaderElection.lambda$submitRequests$1(LeaderElection.java:234)
	at java.util.concurrent.FutureTask.run(FutureTask.java:266)
	at java.util.concurrent.Executors$RunnableAdapter.call(Executors.java:511)
	at java.util.concurrent.FutureTask.run(FutureTask.java:266)
	at java.util.concurrent.ThreadPoolExecutor.runWorker(ThreadPoolExecutor.java:1149)
	at java.util.concurrent.ThreadPoolExecutor$Worker.run(ThreadPoolExecutor.java:624)
	... 1 more
Caused by: org.apache.ratis.thirdparty.io.netty.channel.AbstractChannel$AnnotatedConnectException: Connection refused: /192.168.34.56:46404
	at sun.nio.ch.SocketChannelImpl.checkConnect(Native Method)
	at sun.nio.ch.SocketChannelImpl.finishConnect(SocketChannelImpl.java:717)
	at org.apache.ratis.thirdparty.io.netty.channel.socket.nio.NioSocketChannel.doFinishConnect(NioSocketChannel.java:327)
	at org.apache.ratis.thirdparty.io.netty.channel.nio.AbstractNioChannel$AbstractNioUnsafe.finishConnect(AbstractNioChannel.java:340)
	at org.apache.ratis.thirdparty.io.netty.channel.nio.NioEventLoop.processSelectedKey(NioEventLoop.java:632)
	at org.apache.ratis.thirdparty.io.netty.channel.nio.NioEventLoop.processSelectedKeysOptimized(NioEventLoop.java:579)
	at org.apache.ratis.thirdparty.io.netty.channel.nio.NioEventLoop.processSelectedKeys(NioEventLoop.java:496)
	at org.apache.ratis.thirdparty.io.netty.channel.nio.NioEventLoop.run(NioEventLoop.java:458)
	at org.apache.ratis.thirdparty.io.netty.util.concurrent.SingleThreadEventExecutor$5.run(SingleThreadEventExecutor.java:897)
	at org.apache.ratis.thirdparty.io.netty.util.concurrent.FastThreadLocalRunnable.run(FastThreadLocalRunnable.java:30)
	... 1 more
Caused by: java.net.ConnectException: Connection refused
	... 11 more
2019-10-18 13:08:33,526 [0e280119-6e3a-4f2d-a3bb-534f53e1c036@group-61F4B561E702-LeaderElection655] INFO  impl.RaftServerImpl (RaftServerImpl.java:setRole(184)) - 0e280119-6e3a-4f2d-a3bb-534f53e1c036@group-61F4B561E702: changes role from CANDIDATE to FOLLOWER at term 18 for DISCOVERED_A_NEW_TERM
2019-10-18 13:08:33,527 [0e280119-6e3a-4f2d-a3bb-534f53e1c036@group-EC3E8056A4BB-LeaderElection656] INFO  impl.RaftServerImpl (RaftServerImpl.java:setRole(184)) - 0e280119-6e3a-4f2d-a3bb-534f53e1c036@group-EC3E8056A4BB: changes role from CANDIDATE to FOLLOWER at term 12 for DISCOVERED_A_NEW_TERM
2019-10-18 13:08:33,527 [0e280119-6e3a-4f2d-a3bb-534f53e1c036@group-EC3E8056A4BB-LeaderElection656] INFO  impl.RoleInfo (RoleInfo.java:shutdownLeaderElection(134)) - 0e280119-6e3a-4f2d-a3bb-534f53e1c036: shutdown LeaderElection
2019-10-18 13:08:33,527 [0e280119-6e3a-4f2d-a3bb-534f53e1c036@group-61F4B561E702-LeaderElection655] INFO  impl.RoleInfo (RoleInfo.java:shutdownLeaderElection(134)) - 0e280119-6e3a-4f2d-a3bb-534f53e1c036: shutdown LeaderElection
2019-10-18 13:08:33,527 [0e280119-6e3a-4f2d-a3bb-534f53e1c036@group-EC3E8056A4BB-LeaderElection656] INFO  impl.RoleInfo (RoleInfo.java:updateAndGet(143)) - 0e280119-6e3a-4f2d-a3bb-534f53e1c036: start FollowerState
2019-10-18 13:08:33,527 [0e280119-6e3a-4f2d-a3bb-534f53e1c036@group-61F4B561E702-LeaderElection655] INFO  impl.RoleInfo (RoleInfo.java:updateAndGet(143)) - 0e280119-6e3a-4f2d-a3bb-534f53e1c036: start FollowerState
2019-10-18 13:08:33,599 [java.util.concurrent.ThreadPoolExecutor$Worker@38a40473[State = -1, empty queue]] WARN  server.GrpcLogAppender (GrpcLogAppender.java:timeoutAppendRequest(209)) - 0e280119-6e3a-4f2d-a3bb-534f53e1c036@group-9A2401E47D95->7d69770b-3355-4a82-aab2-02db9382227d-GrpcLogAppender: appendEntries Timeout, request=0e280119-6e3a-4f2d-a3bb-534f53e1c036->7d69770b-3355-4a82-aab2-02db9382227d#33-t4, previous=(t:4, i:0), leaderCommit=0, initializing? false, entries: <empty>
2019-10-18 13:08:34,099 [java.util.concurrent.ThreadPoolExecutor$Worker@38a40473[State = -1, empty queue]] WARN  server.GrpcLogAppender (GrpcLogAppender.java:timeoutAppendRequest(209)) - 0e280119-6e3a-4f2d-a3bb-534f53e1c036@group-9A2401E47D95->7d69770b-3355-4a82-aab2-02db9382227d-GrpcLogAppender: appendEntries Timeout, request=0e280119-6e3a-4f2d-a3bb-534f53e1c036->7d69770b-3355-4a82-aab2-02db9382227d#34-t4, previous=(t:4, i:0), leaderCommit=0, initializing? false, entries: <empty>
2019-10-18 13:08:34,399 [ForkJoinPool.commonPool-worker-0] INFO  ozoneimpl.OzoneContainer (OzoneContainer.java:stop(227)) - Attempting to stop container services.
2019-10-18 13:08:34,400 [ForkJoinPool.commonPool-worker-0] INFO  impl.RaftServerProxy (RaftServerProxy.java:lambda$close$4(314)) - 0e280119-6e3a-4f2d-a3bb-534f53e1c036: close
2019-10-18 13:08:34,400 [ForkJoinPool.commonPool-worker-0] INFO  impl.RaftServerImpl (RaftServerImpl.java:lambda$shutdown$3(261)) - 0e280119-6e3a-4f2d-a3bb-534f53e1c036@group-61F4B561E702: shutdown
2019-10-18 13:08:34,400 [ForkJoinPool.commonPool-worker-0] INFO  util.JmxRegister (JmxRegister.java:unregister(73)) - Successfully un-registered JMX Bean with object name Ratis:service=RaftServer,group=group-61F4B561E702,id=0e280119-6e3a-4f2d-a3bb-534f53e1c036
2019-10-18 13:08:34,400 [ForkJoinPool.commonPool-worker-0] INFO  impl.RoleInfo (RoleInfo.java:shutdownFollowerState(121)) - 0e280119-6e3a-4f2d-a3bb-534f53e1c036: shutdown FollowerState
2019-10-18 13:08:34,400 [ForkJoinPool.commonPool-worker-0] INFO  impl.StateMachineUpdater (StateMachineUpdater.java:stopAndJoin(136)) - 0e280119-6e3a-4f2d-a3bb-534f53e1c036@group-61F4B561E702-StateMachineUpdater: set stopIndex = 0
2019-10-18 13:08:34,401 [Thread-6363] INFO  impl.FollowerState (FollowerState.java:run(117)) - 0e280119-6e3a-4f2d-a3bb-534f53e1c036@group-61F4B561E702-FollowerState was interrupted: java.lang.InterruptedException: sleep interrupted
2019-10-18 13:08:34,401 [ForkJoinPool.commonPool-worker-0] INFO  impl.RaftServerImpl (ServerState.java:close(388)) - 0e280119-6e3a-4f2d-a3bb-534f53e1c036@group-61F4B561E702: closes. applyIndex: 0
2019-10-18 13:08:34,401 [0e280119-6e3a-4f2d-a3bb-534f53e1c036@group-61F4B561E702-SegmentedRaftLogWorker] INFO  segmented.SegmentedRaftLogWorker (SegmentedRaftLogWorker.java:run(316)) - 0e280119-6e3a-4f2d-a3bb-534f53e1c036@group-61F4B561E702-SegmentedRaftLogWorker was interrupted, exiting. There are 0 tasks remaining in the queue.
2019-10-18 13:08:34,404 [ForkJoinPool.commonPool-worker-0] INFO  segmented.SegmentedRaftLogWorker (SegmentedRaftLogWorker.java:close(224)) - 0e280119-6e3a-4f2d-a3bb-534f53e1c036@group-61F4B561E702-SegmentedRaftLogWorker close()
2019-10-18 13:08:34,405 [ForkJoinPool.commonPool-worker-0] INFO  impl.RaftServerImpl (RaftServerImpl.java:lambda$shutdown$3(261)) - 0e280119-6e3a-4f2d-a3bb-534f53e1c036@group-9A2401E47D95: shutdown
2019-10-18 13:08:34,406 [ForkJoinPool.commonPool-worker-0] INFO  util.JmxRegister (JmxRegister.java:unregister(73)) - Successfully un-registered JMX Bean with object name Ratis:service=RaftServer,group=group-9A2401E47D95,id=0e280119-6e3a-4f2d-a3bb-534f53e1c036
2019-10-18 13:08:34,406 [ForkJoinPool.commonPool-worker-0] INFO  impl.RoleInfo (RoleInfo.java:shutdownLeaderState(104)) - 0e280119-6e3a-4f2d-a3bb-534f53e1c036: shutdown LeaderState
2019-10-18 13:08:34,409 [org.apache.ratis.server.impl.LogAppender$AppenderDaemon$$Lambda$428/636276547@3d3d0bd1] WARN  server.GrpcLogAppender (GrpcLogAppender.java:mayWait(149)) - 0e280119-6e3a-4f2d-a3bb-534f53e1c036@group-9A2401E47D95->f7720aae-b5ab-43ae-a8f0-7922fdbaf311-GrpcLogAppender: Wait interrupted by java.lang.InterruptedException
2019-10-18 13:08:34,409 [org.apache.ratis.server.impl.LogAppender$AppenderDaemon$$Lambda$428/636276547@6c854c72] WARN  server.GrpcLogAppender (GrpcLogAppender.java:mayWait(149)) - 0e280119-6e3a-4f2d-a3bb-534f53e1c036@group-9A2401E47D95->7d69770b-3355-4a82-aab2-02db9382227d-GrpcLogAppender: Wait interrupted by java.lang.InterruptedException
2019-10-18 13:08:34,409 [ForkJoinPool.commonPool-worker-0] INFO  impl.PendingRequests (PendingRequests.java:sendNotLeaderResponses(202)) - 0e280119-6e3a-4f2d-a3bb-534f53e1c036@group-9A2401E47D95-PendingRequests: sendNotLeaderResponses
2019-10-18 13:08:34,409 [ForkJoinPool.commonPool-worker-0] INFO  impl.StateMachineUpdater (StateMachineUpdater.java:stopAndJoin(136)) - 0e280119-6e3a-4f2d-a3bb-534f53e1c036@group-9A2401E47D95-StateMachineUpdater: set stopIndex = 0
2019-10-18 13:08:34,410 [ForkJoinPool.commonPool-worker-0] INFO  impl.RaftServerImpl (ServerState.java:close(388)) - 0e280119-6e3a-4f2d-a3bb-534f53e1c036@group-9A2401E47D95: closes. applyIndex: 0
2019-10-18 13:08:34,410 [0e280119-6e3a-4f2d-a3bb-534f53e1c036@group-9A2401E47D95-SegmentedRaftLogWorker] INFO  segmented.SegmentedRaftLogWorker (SegmentedRaftLogWorker.java:run(316)) - 0e280119-6e3a-4f2d-a3bb-534f53e1c036@group-9A2401E47D95-SegmentedRaftLogWorker was interrupted, exiting. There are 0 tasks remaining in the queue.
2019-10-18 13:08:34,411 [ForkJoinPool.commonPool-worker-0] INFO  segmented.SegmentedRaftLogWorker (SegmentedRaftLogWorker.java:close(224)) - 0e280119-6e3a-4f2d-a3bb-534f53e1c036@group-9A2401E47D95-SegmentedRaftLogWorker close()
2019-10-18 13:08:34,413 [ForkJoinPool.commonPool-worker-0] INFO  impl.RaftServerImpl (RaftServerImpl.java:lambda$shutdown$3(261)) - 0e280119-6e3a-4f2d-a3bb-534f53e1c036@group-EC3E8056A4BB: shutdown
2019-10-18 13:08:34,413 [ForkJoinPool.commonPool-worker-0] INFO  util.JmxRegister (JmxRegister.java:unregister(73)) - Successfully un-registered JMX Bean with object name Ratis:service=RaftServer,group=group-EC3E8056A4BB,id=0e280119-6e3a-4f2d-a3bb-534f53e1c036
2019-10-18 13:08:34,413 [ForkJoinPool.commonPool-worker-0] INFO  impl.RoleInfo (RoleInfo.java:shutdownFollowerState(121)) - 0e280119-6e3a-4f2d-a3bb-534f53e1c036: shutdown FollowerState
2019-10-18 13:08:34,414 [ForkJoinPool.commonPool-worker-0] INFO  impl.StateMachineUpdater (StateMachineUpdater.java:stopAndJoin(136)) - 0e280119-6e3a-4f2d-a3bb-534f53e1c036@group-EC3E8056A4BB-StateMachineUpdater: set stopIndex = 0
2019-10-18 13:08:34,414 [Thread-6362] INFO  impl.FollowerState (FollowerState.java:run(117)) - 0e280119-6e3a-4f2d-a3bb-534f53e1c036@group-EC3E8056A4BB-FollowerState was interrupted: java.lang.InterruptedException: sleep interrupted
2019-10-18 13:08:34,414 [ForkJoinPool.commonPool-worker-0] INFO  impl.RaftServerImpl (ServerState.java:close(388)) - 0e280119-6e3a-4f2d-a3bb-534f53e1c036@group-EC3E8056A4BB: closes. applyIndex: 0
2019-10-18 13:08:34,414 [0e280119-6e3a-4f2d-a3bb-534f53e1c036@group-EC3E8056A4BB-SegmentedRaftLogWorker] INFO  segmented.SegmentedRaftLogWorker (SegmentedRaftLogWorker.java:run(316)) - 0e280119-6e3a-4f2d-a3bb-534f53e1c036@group-EC3E8056A4BB-SegmentedRaftLogWorker was interrupted, exiting. There are 0 tasks remaining in the queue.
2019-10-18 13:08:34,416 [ForkJoinPool.commonPool-worker-0] INFO  segmented.SegmentedRaftLogWorker (SegmentedRaftLogWorker.java:close(224)) - 0e280119-6e3a-4f2d-a3bb-534f53e1c036@group-EC3E8056A4BB-SegmentedRaftLogWorker close()
2019-10-18 13:08:34,417 [ForkJoinPool.commonPool-worker-0] INFO  server.GrpcService (GrpcService.java:closeImpl(164)) - 0e280119-6e3a-4f2d-a3bb-534f53e1c036: shutdown server with port 35105 now
2019-10-18 13:08:34,417 [ForkJoinPool.commonPool-worker-0] INFO  server.GrpcService (GrpcService.java:closeImpl(172)) - 0e280119-6e3a-4f2d-a3bb-534f53e1c036: shutdown server with port 35105 successfully
2019-10-18 13:08:34,422 [refreshUsed-/workdir/hadoop-ozone/integration-test/target/test-dir/MiniOzoneClusterImpl-a51cb6f9-69a9-44ea-bf2b-ac78a0e144b1/datanode-1/data/containers] WARN  fs.CachingGetSpaceUsed (CachingGetSpaceUsed.java:run(183)) - Thread Interrupted waiting to refresh disk information: sleep interrupted
2019-10-18 13:08:34,440 [ForkJoinPool.commonPool-worker-0] INFO  utils.BackgroundService (BackgroundService.java:shutdown(151)) - Shutting down service BlockDeletingService
2019-10-18 13:08:34,442 [ForkJoinPool.commonPool-worker-0] INFO  statemachine.DatanodeStateMachine (DatanodeStateMachine.java:stopDaemon(395)) - Ozone container server stopped.
2019-10-18 13:08:34,445 [ForkJoinPool.commonPool-worker-0] INFO  handler.ContextHandler (ContextHandler.java:doStop(910)) - Stopped o.e.j.w.WebAppContext@1f129467{/,null,UNAVAILABLE}{/hddsDatanode}
2019-10-18 13:08:34,445 [ForkJoinPool.commonPool-worker-0] INFO  server.AbstractConnector (AbstractConnector.java:doStop(318)) - Stopped ServerConnector@646cd766{HTTP/1.1,[http/1.1]}{0.0.0.0:0}
2019-10-18 13:08:34,446 [ForkJoinPool.commonPool-worker-0] INFO  handler.ContextHandler (ContextHandler.java:doStop(910)) - Stopped o.e.j.s.ServletContextHandler@6f85ee02{/static,jar:file:/home/user/.m2/repository/org/apache/hadoop/hadoop-hdds-container-service/0.5.0-SNAPSHOT/hadoop-hdds-container-service-0.5.0-SNAPSHOT.jar!/webapps/static,UNAVAILABLE}
2019-10-18 13:08:34,446 [ForkJoinPool.commonPool-worker-0] INFO  handler.ContextHandler (ContextHandler.java:doStop(910)) - Stopped o.e.j.s.ServletContextHandler@1653b84e{/logs,file:///workdir/hadoop-ozone/integration-test/target/log,UNAVAILABLE}
2019-10-18 13:08:34,447 [main] INFO  ozone.MiniOzoneClusterImpl (MiniOzoneClusterImpl.java:stopSCM(392)) - Stopping the StorageContainerManager
2019-10-18 13:08:34,447 [main] INFO  server.StorageContainerManager (StorageContainerManager.java:stop(810)) - Stopping Replication Manager Service.
2019-10-18 13:08:34,447 [main] INFO  container.ReplicationManager (ReplicationManager.java:stop(203)) - Stopping Replication Monitor Thread.
2019-10-18 13:08:34,447 [main] INFO  server.StorageContainerManager (StorageContainerManager.java:stop(817)) - Stopping Lease Manager of the command watchers
2019-10-18 13:08:34,448 [main] INFO  server.StorageContainerManager (StorageContainerManager.java:stop(824)) - Stopping datanode service RPC server
2019-10-18 13:08:34,448 [main] INFO  server.SCMDatanodeProtocolServer (SCMDatanodeProtocolServer.java:stop(346)) - Stopping the RPC server for DataNodes
2019-10-18 13:08:34,448 [main] INFO  ipc.Server (Server.java:stop(3082)) - Stopping server on 37210
2019-10-18 13:08:34,450 [IPC Server listener on 37210] INFO  ipc.Server (Server.java:run(1185)) - Stopping IPC Server listener on 37210
2019-10-18 13:08:34,450 [IPC Server Responder] INFO  ipc.Server (Server.java:run(1319)) - Stopping IPC Server Responder
2019-10-18 13:08:34,530 [SCM Heartbeat Processing Thread - 0] WARN  node.NodeStateManager (NodeStateManager.java:scheduleNextHealthCheck(646)) - Current Thread is interrupted, shutting down HB processing thread for Node Manager.
2019-10-18 13:08:34,531 [main] INFO  server.StorageContainerManager (StorageContainerManager.java:stop(832)) - Stopping block service RPC server
2019-10-18 13:08:34,531 [main] INFO  server.SCMBlockProtocolServer (SCMBlockProtocolServer.java:stop(155)) - Stopping the RPC server for Block Protocol
2019-10-18 13:08:34,531 [main] INFO  ipc.Server (Server.java:stop(3082)) - Stopping server on 35179
2019-10-18 13:08:34,533 [IPC Server listener on 35179] INFO  ipc.Server (Server.java:run(1185)) - Stopping IPC Server listener on 35179
2019-10-18 13:08:34,533 [main] INFO  server.StorageContainerManager (StorageContainerManager.java:stop(839)) - Stopping the StorageContainerLocationProtocol RPC server
2019-10-18 13:08:34,533 [IPC Server Responder] INFO  ipc.Server (Server.java:run(1319)) - Stopping IPC Server Responder
2019-10-18 13:08:34,534 [main] INFO  server.SCMClientProtocolServer (SCMClientProtocolServer.java:stop(168)) - Stopping the RPC server for Client Protocol
2019-10-18 13:08:34,534 [main] INFO  ipc.Server (Server.java:stop(3082)) - Stopping server on 38146
2019-10-18 13:08:34,536 [IPC Server listener on 38146] INFO  ipc.Server (Server.java:run(1185)) - Stopping IPC Server listener on 38146
2019-10-18 13:08:34,536 [main] INFO  server.StorageContainerManager (StorageContainerManager.java:stop(846)) - Stopping Storage Container Manager HTTP server.
2019-10-18 13:08:34,536 [IPC Server Responder] INFO  ipc.Server (Server.java:run(1319)) - Stopping IPC Server Responder
2019-10-18 13:08:34,538 [main] INFO  handler.ContextHandler (ContextHandler.java:doStop(910)) - Stopped o.e.j.w.WebAppContext@66d25ba9{/,null,UNAVAILABLE}{/scm}
2019-10-18 13:08:34,538 [main] INFO  server.AbstractConnector (AbstractConnector.java:doStop(318)) - Stopped ServerConnector@3830f918{HTTP/1.1,[http/1.1]}{0.0.0.0:0}
2019-10-18 13:08:34,538 [main] INFO  handler.ContextHandler (ContextHandler.java:doStop(910)) - Stopped o.e.j.s.ServletContextHandler@39549f33{/static,file:///workdir/hadoop-ozone/integration-test/target/test-classes/webapps/static,UNAVAILABLE}
2019-10-18 13:08:34,539 [main] INFO  handler.ContextHandler (ContextHandler.java:doStop(910)) - Stopped o.e.j.s.ServletContextHandler@6f731759{/logs,file:///workdir/hadoop-ozone/integration-test/target/log,UNAVAILABLE}
2019-10-18 13:08:34,539 [main] INFO  server.StorageContainerManager (StorageContainerManager.java:stop(857)) - Stopping Block Manager Service.
2019-10-18 13:08:34,540 [main] INFO  utils.BackgroundService (BackgroundService.java:shutdown(151)) - Shutting down service SCMBlockDeletingService
2019-10-18 13:08:34,540 [main] INFO  utils.BackgroundService (BackgroundService.java:shutdown(151)) - Shutting down service SCMBlockDeletingService
2019-10-18 13:08:34,540 [main] INFO  server.StorageContainerManager (StorageContainerManager.java:stop(879)) - Stopping SCM Event Queue.
2019-10-18 13:08:34,548 [main] INFO  impl.MetricsSystemImpl (MetricsSystemImpl.java:stop(210)) - Stopping HddsDatanode metrics system...
2019-10-18 13:08:34,568 [main] INFO  impl.MetricsSystemImpl (MetricsSystemImpl.java:stop(216)) - HddsDatanode metrics system stopped.
2019-10-18 13:08:34,600 [java.util.concurrent.ThreadPoolExecutor$Worker@38a40473[State = -1, empty queue]] WARN  server.GrpcLogAppender (GrpcLogAppender.java:timeoutAppendRequest(209)) - 0e280119-6e3a-4f2d-a3bb-534f53e1c036@group-9A2401E47D95->7d69770b-3355-4a82-aab2-02db9382227d-GrpcLogAppender: appendEntries Timeout, request=0e280119-6e3a-4f2d-a3bb-534f53e1c036->7d69770b-3355-4a82-aab2-02db9382227d#35-t4, previous=(t:4, i:0), leaderCommit=0, initializing? false, entries: <empty>
2019-10-18 13:08:35,100 [java.util.concurrent.ThreadPoolExecutor$Worker@38a40473[State = -1, empty queue]] WARN  server.GrpcLogAppender (GrpcLogAppender.java:timeoutAppendRequest(209)) - 0e280119-6e3a-4f2d-a3bb-534f53e1c036@group-9A2401E47D95->7d69770b-3355-4a82-aab2-02db9382227d-GrpcLogAppender: appendEntries Timeout, request=0e280119-6e3a-4f2d-a3bb-534f53e1c036->7d69770b-3355-4a82-aab2-02db9382227d#36-t4, previous=(t:4, i:0), leaderCommit=0, initializing? false, entries: <empty>
]]></system-out>
    <system-err><![CDATA[Oct 18, 2019 1:07:48 PM org.apache.ratis.thirdparty.io.grpc.internal.ManagedChannelOrphanWrapper$ManagedChannelReference cleanQueue
SEVERE: *~*~*~ Channel ManagedChannelImpl{logId=1279, target=192.168.34.56:45270} was not shutdown properly!!! ~*~*~*
    Make sure to call shutdown()/shutdownNow() and wait until awaitTermination() returns true.
java.lang.RuntimeException: ManagedChannel allocation site
	at org.apache.ratis.thirdparty.io.grpc.internal.ManagedChannelOrphanWrapper$ManagedChannelReference.<init>(ManagedChannelOrphanWrapper.java:103)
	at org.apache.ratis.thirdparty.io.grpc.internal.ManagedChannelOrphanWrapper.<init>(ManagedChannelOrphanWrapper.java:53)
	at org.apache.ratis.thirdparty.io.grpc.internal.ManagedChannelOrphanWrapper.<init>(ManagedChannelOrphanWrapper.java:44)
	at org.apache.ratis.thirdparty.io.grpc.internal.AbstractManagedChannelImplBuilder.build(AbstractManagedChannelImplBuilder.java:411)
	at org.apache.ratis.grpc.client.GrpcClientProtocolClient.<init>(GrpcClientProtocolClient.java:128)
	at org.apache.ratis.grpc.client.GrpcClientRpc.lambda$new$0(GrpcClientRpc.java:55)
	at org.apache.ratis.util.PeerProxyMap$PeerAndProxy.lambda$getProxy$0(PeerProxyMap.java:61)
	at org.apache.ratis.util.LifeCycle.startAndTransition(LifeCycle.java:202)
	at org.apache.ratis.util.PeerProxyMap$PeerAndProxy.getProxy(PeerProxyMap.java:60)
	at org.apache.ratis.util.PeerProxyMap.getProxy(PeerProxyMap.java:108)
	at org.apache.ratis.grpc.client.GrpcClientRpc.sendRequestAsync(GrpcClientRpc.java:66)
	at org.apache.ratis.client.impl.OrderedAsync.sendRequest(OrderedAsync.java:208)
	at org.apache.ratis.client.impl.OrderedAsync.sendRequestWithRetry(OrderedAsync.java:169)
	at org.apache.ratis.util.SlidingWindow$Client.sendOrDelayRequest(SlidingWindow.java:278)
	at org.apache.ratis.util.SlidingWindow$Client.retry(SlidingWindow.java:294)
	at org.apache.ratis.client.impl.OrderedAsync.lambda$scheduleWithTimeout$7(OrderedAsync.java:195)
	at org.apache.ratis.util.TimeoutScheduler.lambda$onTimeout$0(TimeoutScheduler.java:113)
	at org.apache.ratis.util.TimeoutScheduler.lambda$onTimeout$1(TimeoutScheduler.java:133)
	at org.apache.ratis.util.LogUtils.runAndLog(LogUtils.java:50)
	at org.apache.ratis.util.LogUtils$1.run(LogUtils.java:91)
	at java.util.concurrent.Executors$RunnableAdapter.call(Executors.java:511)
	at java.util.concurrent.FutureTask.run(FutureTask.java:266)
	at java.util.concurrent.ScheduledThreadPoolExecutor$ScheduledFutureTask.access$201(ScheduledThreadPoolExecutor.java:180)
	at java.util.concurrent.ScheduledThreadPoolExecutor$ScheduledFutureTask.run(ScheduledThreadPoolExecutor.java:293)
	at java.util.concurrent.ThreadPoolExecutor.runWorker(ThreadPoolExecutor.java:1149)
	at java.util.concurrent.ThreadPoolExecutor$Worker.run(ThreadPoolExecutor.java:624)
	at java.lang.Thread.run(Thread.java:748)

Oct 18, 2019 1:07:48 PM org.apache.ratis.thirdparty.io.grpc.internal.ManagedChannelOrphanWrapper$ManagedChannelReference cleanQueue
SEVERE: *~*~*~ Channel ManagedChannelImpl{logId=1295, target=192.168.34.56:45205} was not shutdown properly!!! ~*~*~*
    Make sure to call shutdown()/shutdownNow() and wait until awaitTermination() returns true.
java.lang.RuntimeException: ManagedChannel allocation site
	at org.apache.ratis.thirdparty.io.grpc.internal.ManagedChannelOrphanWrapper$ManagedChannelReference.<init>(ManagedChannelOrphanWrapper.java:103)
	at org.apache.ratis.thirdparty.io.grpc.internal.ManagedChannelOrphanWrapper.<init>(ManagedChannelOrphanWrapper.java:53)
	at org.apache.ratis.thirdparty.io.grpc.internal.ManagedChannelOrphanWrapper.<init>(ManagedChannelOrphanWrapper.java:44)
	at org.apache.ratis.thirdparty.io.grpc.internal.AbstractManagedChannelImplBuilder.build(AbstractManagedChannelImplBuilder.java:411)
	at org.apache.hadoop.hdds.scm.XceiverClientGrpc.connectToDatanode(XceiverClientGrpc.java:183)
	at org.apache.hadoop.hdds.scm.XceiverClientGrpc.reconnect(XceiverClientGrpc.java:434)
	at org.apache.hadoop.hdds.scm.XceiverClientGrpc.sendCommandAsync(XceiverClientGrpc.java:382)
	at org.apache.hadoop.hdds.scm.XceiverClientGrpc.sendCommandWithRetry(XceiverClientGrpc.java:295)
	at org.apache.hadoop.hdds.scm.XceiverClientGrpc.sendCommandWithTraceIDAndRetry(XceiverClientGrpc.java:259)
	at org.apache.hadoop.hdds.scm.XceiverClientGrpc.sendCommand(XceiverClientGrpc.java:242)
	at org.apache.hadoop.hdds.scm.storage.ContainerProtocolCalls.getBlock(ContainerProtocolCalls.java:118)
	at org.apache.hadoop.hdds.scm.storage.BlockInputStream.getChunkInfos(BlockInputStream.java:169)
	at org.apache.hadoop.hdds.scm.storage.BlockInputStream.initialize(BlockInputStream.java:118)
	at org.apache.hadoop.hdds.scm.storage.BlockInputStream.read(BlockInputStream.java:224)
	at org.apache.hadoop.ozone.client.io.KeyInputStream.read(KeyInputStream.java:173)
	at org.apache.hadoop.ozone.client.io.OzoneInputStream.read(OzoneInputStream.java:47)
	at java.io.InputStream.read(InputStream.java:101)
	at org.apache.hadoop.ozone.container.ContainerTestHelper.validateData(ContainerTestHelper.java:715)
	at org.apache.hadoop.ozone.client.rpc.TestFailureHandlingByClient.validateData(TestFailureHandlingByClient.java:413)
	at org.apache.hadoop.ozone.client.rpc.TestFailureHandlingByClient.testWriteSmallFile(TestFailureHandlingByClient.java:217)
	at sun.reflect.NativeMethodAccessorImpl.invoke0(Native Method)
	at sun.reflect.NativeMethodAccessorImpl.invoke(NativeMethodAccessorImpl.java:62)
	at sun.reflect.DelegatingMethodAccessorImpl.invoke(DelegatingMethodAccessorImpl.java:43)
	at java.lang.reflect.Method.invoke(Method.java:498)
	at org.junit.runners.model.FrameworkMethod$1.runReflectiveCall(FrameworkMethod.java:47)
	at org.junit.internal.runners.model.ReflectiveCallable.run(ReflectiveCallable.java:12)
	at org.junit.runners.model.FrameworkMethod.invokeExplosively(FrameworkMethod.java:44)
	at org.junit.internal.runners.statements.InvokeMethod.evaluate(InvokeMethod.java:17)
	at org.junit.internal.runners.statements.RunAfters.evaluate(RunAfters.java:27)
	at org.junit.runners.ParentRunner.runLeaf(ParentRunner.java:271)
	at org.junit.runners.BlockJUnit4ClassRunner.runChild(BlockJUnit4ClassRunner.java:70)
	at org.junit.runners.BlockJUnit4ClassRunner.runChild(BlockJUnit4ClassRunner.java:50)
	at org.junit.runners.ParentRunner$3.run(ParentRunner.java:238)
	at org.junit.runners.ParentRunner$1.schedule(ParentRunner.java:63)
	at org.junit.runners.ParentRunner.runChildren(ParentRunner.java:236)
	at org.junit.runners.ParentRunner.access$000(ParentRunner.java:53)
	at org.junit.runners.ParentRunner$2.evaluate(ParentRunner.java:229)
	at org.junit.runners.ParentRunner.run(ParentRunner.java:309)
	at org.apache.maven.surefire.junit4.JUnit4Provider.execute(JUnit4Provider.java:365)
	at org.apache.maven.surefire.junit4.JUnit4Provider.executeWithRerun(JUnit4Provider.java:273)
	at org.apache.maven.surefire.junit4.JUnit4Provider.executeTestSet(JUnit4Provider.java:238)
	at org.apache.maven.surefire.junit4.JUnit4Provider.invoke(JUnit4Provider.java:159)
	at org.apache.maven.surefire.booter.ForkedBooter.invokeProviderInSameClassLoader(ForkedBooter.java:384)
	at org.apache.maven.surefire.booter.ForkedBooter.runSuitesInProcess(ForkedBooter.java:345)
	at org.apache.maven.surefire.booter.ForkedBooter.execute(ForkedBooter.java:126)
	at org.apache.maven.surefire.booter.ForkedBooter.main(ForkedBooter.java:418)

Oct 18, 2019 1:07:48 PM org.apache.ratis.thirdparty.io.grpc.internal.ManagedChannelOrphanWrapper$ManagedChannelReference cleanQueue
SEVERE: *~*~*~ Channel ManagedChannelImpl{logId=1289, target=192.168.34.56:42871} was not shutdown properly!!! ~*~*~*
    Make sure to call shutdown()/shutdownNow() and wait until awaitTermination() returns true.
java.lang.RuntimeException: ManagedChannel allocation site
	at org.apache.ratis.thirdparty.io.grpc.internal.ManagedChannelOrphanWrapper$ManagedChannelReference.<init>(ManagedChannelOrphanWrapper.java:103)
	at org.apache.ratis.thirdparty.io.grpc.internal.ManagedChannelOrphanWrapper.<init>(ManagedChannelOrphanWrapper.java:53)
	at org.apache.ratis.thirdparty.io.grpc.internal.ManagedChannelOrphanWrapper.<init>(ManagedChannelOrphanWrapper.java:44)
	at org.apache.ratis.thirdparty.io.grpc.internal.AbstractManagedChannelImplBuilder.build(AbstractManagedChannelImplBuilder.java:411)
	at org.apache.ratis.grpc.client.GrpcClientProtocolClient.<init>(GrpcClientProtocolClient.java:128)
	at org.apache.ratis.grpc.client.GrpcClientRpc.lambda$new$0(GrpcClientRpc.java:55)
	at org.apache.ratis.util.PeerProxyMap$PeerAndProxy.lambda$getProxy$0(PeerProxyMap.java:61)
	at org.apache.ratis.util.LifeCycle.startAndTransition(LifeCycle.java:202)
	at org.apache.ratis.util.PeerProxyMap$PeerAndProxy.getProxy(PeerProxyMap.java:60)
	at org.apache.ratis.util.PeerProxyMap.getProxy(PeerProxyMap.java:108)
	at org.apache.ratis.grpc.client.GrpcClientRpc.sendRequestAsync(GrpcClientRpc.java:66)
	at org.apache.ratis.client.impl.OrderedAsync.sendRequest(OrderedAsync.java:208)
	at org.apache.ratis.client.impl.OrderedAsync.sendRequestWithRetry(OrderedAsync.java:169)
	at org.apache.ratis.util.SlidingWindow$Client.sendOrDelayRequest(SlidingWindow.java:278)
	at org.apache.ratis.util.SlidingWindow$Client.retry(SlidingWindow.java:294)
	at org.apache.ratis.client.impl.OrderedAsync.lambda$scheduleWithTimeout$7(OrderedAsync.java:195)
	at org.apache.ratis.util.TimeoutScheduler.lambda$onTimeout$0(TimeoutScheduler.java:113)
	at org.apache.ratis.util.TimeoutScheduler.lambda$onTimeout$1(TimeoutScheduler.java:133)
	at org.apache.ratis.util.LogUtils.runAndLog(LogUtils.java:50)
	at org.apache.ratis.util.LogUtils$1.run(LogUtils.java:91)
	at java.util.concurrent.Executors$RunnableAdapter.call(Executors.java:511)
	at java.util.concurrent.FutureTask.run(FutureTask.java:266)
	at java.util.concurrent.ScheduledThreadPoolExecutor$ScheduledFutureTask.access$201(ScheduledThreadPoolExecutor.java:180)
	at java.util.concurrent.ScheduledThreadPoolExecutor$ScheduledFutureTask.run(ScheduledThreadPoolExecutor.java:293)
	at java.util.concurrent.ThreadPoolExecutor.runWorker(ThreadPoolExecutor.java:1149)
	at java.util.concurrent.ThreadPoolExecutor$Worker.run(ThreadPoolExecutor.java:624)
	at java.lang.Thread.run(Thread.java:748)

Oct 18, 2019 1:07:48 PM org.apache.ratis.thirdparty.io.grpc.internal.ManagedChannelOrphanWrapper$ManagedChannelReference cleanQueue
SEVERE: *~*~*~ Channel ManagedChannelImpl{logId=1300, target=192.168.34.56:36639} was not shutdown properly!!! ~*~*~*
    Make sure to call shutdown()/shutdownNow() and wait until awaitTermination() returns true.
java.lang.RuntimeException: ManagedChannel allocation site
	at org.apache.ratis.thirdparty.io.grpc.internal.ManagedChannelOrphanWrapper$ManagedChannelReference.<init>(ManagedChannelOrphanWrapper.java:103)
	at org.apache.ratis.thirdparty.io.grpc.internal.ManagedChannelOrphanWrapper.<init>(ManagedChannelOrphanWrapper.java:53)
	at org.apache.ratis.thirdparty.io.grpc.internal.ManagedChannelOrphanWrapper.<init>(ManagedChannelOrphanWrapper.java:44)
	at org.apache.ratis.thirdparty.io.grpc.internal.AbstractManagedChannelImplBuilder.build(AbstractManagedChannelImplBuilder.java:411)
	at org.apache.hadoop.hdds.scm.XceiverClientGrpc.connectToDatanode(XceiverClientGrpc.java:183)
	at org.apache.hadoop.hdds.scm.XceiverClientGrpc.reconnect(XceiverClientGrpc.java:434)
	at org.apache.hadoop.hdds.scm.XceiverClientGrpc.sendCommandAsync(XceiverClientGrpc.java:382)
	at org.apache.hadoop.hdds.scm.XceiverClientGrpc.sendCommandWithRetry(XceiverClientGrpc.java:295)
	at org.apache.hadoop.hdds.scm.XceiverClientGrpc.sendCommandWithTraceIDAndRetry(XceiverClientGrpc.java:259)
	at org.apache.hadoop.hdds.scm.XceiverClientGrpc.sendCommand(XceiverClientGrpc.java:242)
	at org.apache.hadoop.hdds.scm.storage.ContainerProtocolCalls.getBlock(ContainerProtocolCalls.java:118)
	at org.apache.hadoop.hdds.scm.storage.BlockInputStream.getChunkInfos(BlockInputStream.java:169)
	at org.apache.hadoop.hdds.scm.storage.BlockInputStream.initialize(BlockInputStream.java:118)
	at org.apache.hadoop.hdds.scm.storage.BlockInputStream.read(BlockInputStream.java:224)
	at org.apache.hadoop.ozone.client.io.KeyInputStream.read(KeyInputStream.java:173)
	at org.apache.hadoop.ozone.client.io.OzoneInputStream.read(OzoneInputStream.java:47)
	at java.io.InputStream.read(InputStream.java:101)
	at org.apache.hadoop.ozone.container.ContainerTestHelper.validateData(ContainerTestHelper.java:715)
	at org.apache.hadoop.ozone.client.rpc.TestFailureHandlingByClient.validateData(TestFailureHandlingByClient.java:413)
	at org.apache.hadoop.ozone.client.rpc.TestFailureHandlingByClient.testWriteSmallFile(TestFailureHandlingByClient.java:217)
	at sun.reflect.NativeMethodAccessorImpl.invoke0(Native Method)
	at sun.reflect.NativeMethodAccessorImpl.invoke(NativeMethodAccessorImpl.java:62)
	at sun.reflect.DelegatingMethodAccessorImpl.invoke(DelegatingMethodAccessorImpl.java:43)
	at java.lang.reflect.Method.invoke(Method.java:498)
	at org.junit.runners.model.FrameworkMethod$1.runReflectiveCall(FrameworkMethod.java:47)
	at org.junit.internal.runners.model.ReflectiveCallable.run(ReflectiveCallable.java:12)
	at org.junit.runners.model.FrameworkMethod.invokeExplosively(FrameworkMethod.java:44)
	at org.junit.internal.runners.statements.InvokeMethod.evaluate(InvokeMethod.java:17)
	at org.junit.internal.runners.statements.RunAfters.evaluate(RunAfters.java:27)
	at org.junit.runners.ParentRunner.runLeaf(ParentRunner.java:271)
	at org.junit.runners.BlockJUnit4ClassRunner.runChild(BlockJUnit4ClassRunner.java:70)
	at org.junit.runners.BlockJUnit4ClassRunner.runChild(BlockJUnit4ClassRunner.java:50)
	at org.junit.runners.ParentRunner$3.run(ParentRunner.java:238)
	at org.junit.runners.ParentRunner$1.schedule(ParentRunner.java:63)
	at org.junit.runners.ParentRunner.runChildren(ParentRunner.java:236)
	at org.junit.runners.ParentRunner.access$000(ParentRunner.java:53)
	at org.junit.runners.ParentRunner$2.evaluate(ParentRunner.java:229)
	at org.junit.runners.ParentRunner.run(ParentRunner.java:309)
	at org.apache.maven.surefire.junit4.JUnit4Provider.execute(JUnit4Provider.java:365)
	at org.apache.maven.surefire.junit4.JUnit4Provider.executeWithRerun(JUnit4Provider.java:273)
	at org.apache.maven.surefire.junit4.JUnit4Provider.executeTestSet(JUnit4Provider.java:238)
	at org.apache.maven.surefire.junit4.JUnit4Provider.invoke(JUnit4Provider.java:159)
	at org.apache.maven.surefire.booter.ForkedBooter.invokeProviderInSameClassLoader(ForkedBooter.java:384)
	at org.apache.maven.surefire.booter.ForkedBooter.runSuitesInProcess(ForkedBooter.java:345)
	at org.apache.maven.surefire.booter.ForkedBooter.execute(ForkedBooter.java:126)
	at org.apache.maven.surefire.booter.ForkedBooter.main(ForkedBooter.java:418)

Exception in thread "f7720aae-b5ab-43ae-a8f0-7922fdbaf311@group-61F4B561E702-LeaderElection636" java.lang.IllegalStateException: ILLEGAL TRANSITION: In f7720aae-b5ab-43ae-a8f0-7922fdbaf311@group-61F4B561E702-LeaderElection636, RUNNING -> CLOSED
	at org.apache.ratis.util.Preconditions.assertTrue(Preconditions.java:63)
	at org.apache.ratis.util.LifeCycle$State.validate(LifeCycle.java:123)
	at org.apache.ratis.util.LifeCycle.transition(LifeCycle.java:143)
	at org.apache.ratis.server.impl.LeaderElection.run(LeaderElection.java:151)
	at java.lang.Thread.run(Thread.java:748)
Oct 18, 2019 1:08:14 PM org.apache.ratis.thirdparty.io.grpc.internal.SerializingExecutor run
SEVERE: Exception while executing runnable org.apache.ratis.thirdparty.io.grpc.internal.ClientCallImpl$ClientStreamListenerImpl$1StreamClosed@4c4a51d7
java.lang.NullPointerException
	at org.apache.ratis.grpc.server.GrpcLogAppender$AppendLogResponseHandler.onError(GrpcLogAppender.java:303)
	at org.apache.ratis.thirdparty.io.grpc.stub.ClientCalls$StreamObserverToCallListenerAdapter.onClose(ClientCalls.java:434)
	at org.apache.ratis.thirdparty.io.grpc.PartialForwardingClientCallListener.onClose(PartialForwardingClientCallListener.java:39)
	at org.apache.ratis.thirdparty.io.grpc.ForwardingClientCallListener.onClose(ForwardingClientCallListener.java:23)
	at org.apache.ratis.thirdparty.io.grpc.ForwardingClientCallListener$SimpleForwardingClientCallListener.onClose(ForwardingClientCallListener.java:40)
	at org.apache.ratis.thirdparty.io.grpc.internal.CensusStatsModule$StatsClientInterceptor$1$1.onClose(CensusStatsModule.java:678)
	at org.apache.ratis.thirdparty.io.grpc.PartialForwardingClientCallListener.onClose(PartialForwardingClientCallListener.java:39)
	at org.apache.ratis.thirdparty.io.grpc.ForwardingClientCallListener.onClose(ForwardingClientCallListener.java:23)
	at org.apache.ratis.thirdparty.io.grpc.ForwardingClientCallListener$SimpleForwardingClientCallListener.onClose(ForwardingClientCallListener.java:40)
	at org.apache.ratis.thirdparty.io.grpc.internal.CensusTracingModule$TracingClientInterceptor$1$1.onClose(CensusTracingModule.java:397)
	at org.apache.ratis.thirdparty.io.grpc.internal.ClientCallImpl.closeObserver(ClientCallImpl.java:459)
	at org.apache.ratis.thirdparty.io.grpc.internal.ClientCallImpl.access$300(ClientCallImpl.java:63)
	at org.apache.ratis.thirdparty.io.grpc.internal.ClientCallImpl$ClientStreamListenerImpl.close(ClientCallImpl.java:546)
	at org.apache.ratis.thirdparty.io.grpc.internal.ClientCallImpl$ClientStreamListenerImpl.access$600(ClientCallImpl.java:467)
	at org.apache.ratis.thirdparty.io.grpc.internal.ClientCallImpl$ClientStreamListenerImpl$1StreamClosed.runInContext(ClientCallImpl.java:584)
	at org.apache.ratis.thirdparty.io.grpc.internal.ContextRunnable.run(ContextRunnable.java:37)
	at org.apache.ratis.thirdparty.io.grpc.internal.SerializingExecutor.run(SerializingExecutor.java:123)
	at java.util.concurrent.ThreadPoolExecutor.runWorker(ThreadPoolExecutor.java:1149)
	at java.util.concurrent.ThreadPoolExecutor$Worker.run(ThreadPoolExecutor.java:624)
	at java.lang.Thread.run(Thread.java:748)

Oct 18, 2019 1:08:14 PM org.apache.ratis.thirdparty.io.grpc.internal.SerializingExecutor run
SEVERE: Exception while executing runnable org.apache.ratis.thirdparty.io.grpc.internal.ClientCallImpl$ClientStreamListenerImpl$1StreamClosed@425c203c
java.lang.NullPointerException
	at org.apache.ratis.grpc.server.GrpcLogAppender$AppendLogResponseHandler.onError(GrpcLogAppender.java:303)
	at org.apache.ratis.thirdparty.io.grpc.stub.ClientCalls$StreamObserverToCallListenerAdapter.onClose(ClientCalls.java:434)
	at org.apache.ratis.thirdparty.io.grpc.PartialForwardingClientCallListener.onClose(PartialForwardingClientCallListener.java:39)
	at org.apache.ratis.thirdparty.io.grpc.ForwardingClientCallListener.onClose(ForwardingClientCallListener.java:23)
	at org.apache.ratis.thirdparty.io.grpc.ForwardingClientCallListener$SimpleForwardingClientCallListener.onClose(ForwardingClientCallListener.java:40)
	at org.apache.ratis.thirdparty.io.grpc.internal.CensusStatsModule$StatsClientInterceptor$1$1.onClose(CensusStatsModule.java:678)
	at org.apache.ratis.thirdparty.io.grpc.PartialForwardingClientCallListener.onClose(PartialForwardingClientCallListener.java:39)
	at org.apache.ratis.thirdparty.io.grpc.ForwardingClientCallListener.onClose(ForwardingClientCallListener.java:23)
	at org.apache.ratis.thirdparty.io.grpc.ForwardingClientCallListener$SimpleForwardingClientCallListener.onClose(ForwardingClientCallListener.java:40)
	at org.apache.ratis.thirdparty.io.grpc.internal.CensusTracingModule$TracingClientInterceptor$1$1.onClose(CensusTracingModule.java:397)
	at org.apache.ratis.thirdparty.io.grpc.internal.ClientCallImpl.closeObserver(ClientCallImpl.java:459)
	at org.apache.ratis.thirdparty.io.grpc.internal.ClientCallImpl.access$300(ClientCallImpl.java:63)
	at org.apache.ratis.thirdparty.io.grpc.internal.ClientCallImpl$ClientStreamListenerImpl.close(ClientCallImpl.java:546)
	at org.apache.ratis.thirdparty.io.grpc.internal.ClientCallImpl$ClientStreamListenerImpl.access$600(ClientCallImpl.java:467)
	at org.apache.ratis.thirdparty.io.grpc.internal.ClientCallImpl$ClientStreamListenerImpl$1StreamClosed.runInContext(ClientCallImpl.java:584)
	at org.apache.ratis.thirdparty.io.grpc.internal.ContextRunnable.run(ContextRunnable.java:37)
	at org.apache.ratis.thirdparty.io.grpc.internal.SerializingExecutor.run(SerializingExecutor.java:123)
	at java.util.concurrent.ThreadPoolExecutor.runWorker(ThreadPoolExecutor.java:1149)
	at java.util.concurrent.ThreadPoolExecutor$Worker.run(ThreadPoolExecutor.java:624)
	at java.lang.Thread.run(Thread.java:748)

Oct 18, 2019 1:08:14 PM org.apache.ratis.thirdparty.io.grpc.internal.SerializingExecutor run
SEVERE: Exception while executing runnable org.apache.ratis.thirdparty.io.grpc.internal.ClientCallImpl$ClientStreamListenerImpl$1StreamClosed@44e3d45e
java.lang.NullPointerException
	at org.apache.ratis.grpc.server.GrpcLogAppender$AppendLogResponseHandler.onError(GrpcLogAppender.java:303)
	at org.apache.ratis.thirdparty.io.grpc.stub.ClientCalls$StreamObserverToCallListenerAdapter.onClose(ClientCalls.java:434)
	at org.apache.ratis.thirdparty.io.grpc.PartialForwardingClientCallListener.onClose(PartialForwardingClientCallListener.java:39)
	at org.apache.ratis.thirdparty.io.grpc.ForwardingClientCallListener.onClose(ForwardingClientCallListener.java:23)
	at org.apache.ratis.thirdparty.io.grpc.ForwardingClientCallListener$SimpleForwardingClientCallListener.onClose(ForwardingClientCallListener.java:40)
	at org.apache.ratis.thirdparty.io.grpc.internal.CensusStatsModule$StatsClientInterceptor$1$1.onClose(CensusStatsModule.java:678)
	at org.apache.ratis.thirdparty.io.grpc.PartialForwardingClientCallListener.onClose(PartialForwardingClientCallListener.java:39)
	at org.apache.ratis.thirdparty.io.grpc.ForwardingClientCallListener.onClose(ForwardingClientCallListener.java:23)
	at org.apache.ratis.thirdparty.io.grpc.ForwardingClientCallListener$SimpleForwardingClientCallListener.onClose(ForwardingClientCallListener.java:40)
	at org.apache.ratis.thirdparty.io.grpc.internal.CensusTracingModule$TracingClientInterceptor$1$1.onClose(CensusTracingModule.java:397)
	at org.apache.ratis.thirdparty.io.grpc.internal.ClientCallImpl.closeObserver(ClientCallImpl.java:459)
	at org.apache.ratis.thirdparty.io.grpc.internal.ClientCallImpl.access$300(ClientCallImpl.java:63)
	at org.apache.ratis.thirdparty.io.grpc.internal.ClientCallImpl$ClientStreamListenerImpl.close(ClientCallImpl.java:546)
	at org.apache.ratis.thirdparty.io.grpc.internal.ClientCallImpl$ClientStreamListenerImpl.access$600(ClientCallImpl.java:467)
	at org.apache.ratis.thirdparty.io.grpc.internal.ClientCallImpl$ClientStreamListenerImpl$1StreamClosed.runInContext(ClientCallImpl.java:584)
	at org.apache.ratis.thirdparty.io.grpc.internal.ContextRunnable.run(ContextRunnable.java:37)
	at org.apache.ratis.thirdparty.io.grpc.internal.SerializingExecutor.run(SerializingExecutor.java:123)
	at java.util.concurrent.ThreadPoolExecutor.runWorker(ThreadPoolExecutor.java:1149)
	at java.util.concurrent.ThreadPoolExecutor$Worker.run(ThreadPoolExecutor.java:624)
	at java.lang.Thread.run(Thread.java:748)

Oct 18, 2019 1:08:18 PM org.apache.ratis.thirdparty.io.grpc.internal.SerializingExecutor run
SEVERE: Exception while executing runnable org.apache.ratis.thirdparty.io.grpc.internal.ServerImpl$JumpToApplicationThreadServerStreamListener$1Closed@4402eb3e
org.apache.ratis.thirdparty.io.grpc.StatusRuntimeException: CANCELLED: call already cancelled
	at org.apache.ratis.thirdparty.io.grpc.Status.asRuntimeException(Status.java:517)
	at org.apache.ratis.thirdparty.io.grpc.stub.ServerCalls$ServerCallStreamObserverImpl.onCompleted(ServerCalls.java:356)
	at org.apache.ratis.grpc.server.GrpcServerProtocolService$ServerRequestStreamObserver.onError(GrpcServerProtocolService.java:121)
	at org.apache.ratis.thirdparty.io.grpc.stub.ServerCalls$StreamingServerCallHandler$StreamingServerCallListener.onCancel(ServerCalls.java:269)
	at org.apache.ratis.thirdparty.io.grpc.internal.ServerCallImpl$ServerStreamListenerImpl.closed(ServerCallImpl.java:293)
	at org.apache.ratis.thirdparty.io.grpc.internal.ServerImpl$JumpToApplicationThreadServerStreamListener$1Closed.runInContext(ServerImpl.java:741)
	at org.apache.ratis.thirdparty.io.grpc.internal.ContextRunnable.run(ContextRunnable.java:37)
	at org.apache.ratis.thirdparty.io.grpc.internal.SerializingExecutor.run(SerializingExecutor.java:123)
	at java.util.concurrent.ThreadPoolExecutor.runWorker(ThreadPoolExecutor.java:1149)
	at java.util.concurrent.ThreadPoolExecutor$Worker.run(ThreadPoolExecutor.java:624)
	at java.lang.Thread.run(Thread.java:748)

Oct 18, 2019 1:08:18 PM org.apache.ratis.thirdparty.io.grpc.internal.SerializingExecutor run
SEVERE: Exception while executing runnable org.apache.ratis.thirdparty.io.grpc.internal.ClientCallImpl$ClientStreamListenerImpl$1StreamClosed@264c7de3
java.lang.NullPointerException
	at org.apache.ratis.grpc.server.GrpcLogAppender$AppendLogResponseHandler.onError(GrpcLogAppender.java:303)
	at org.apache.ratis.thirdparty.io.grpc.stub.ClientCalls$StreamObserverToCallListenerAdapter.onClose(ClientCalls.java:434)
	at org.apache.ratis.thirdparty.io.grpc.PartialForwardingClientCallListener.onClose(PartialForwardingClientCallListener.java:39)
	at org.apache.ratis.thirdparty.io.grpc.ForwardingClientCallListener.onClose(ForwardingClientCallListener.java:23)
	at org.apache.ratis.thirdparty.io.grpc.ForwardingClientCallListener$SimpleForwardingClientCallListener.onClose(ForwardingClientCallListener.java:40)
	at org.apache.ratis.thirdparty.io.grpc.internal.CensusStatsModule$StatsClientInterceptor$1$1.onClose(CensusStatsModule.java:678)
	at org.apache.ratis.thirdparty.io.grpc.PartialForwardingClientCallListener.onClose(PartialForwardingClientCallListener.java:39)
	at org.apache.ratis.thirdparty.io.grpc.ForwardingClientCallListener.onClose(ForwardingClientCallListener.java:23)
	at org.apache.ratis.thirdparty.io.grpc.ForwardingClientCallListener$SimpleForwardingClientCallListener.onClose(ForwardingClientCallListener.java:40)
	at org.apache.ratis.thirdparty.io.grpc.internal.CensusTracingModule$TracingClientInterceptor$1$1.onClose(CensusTracingModule.java:397)
	at org.apache.ratis.thirdparty.io.grpc.internal.ClientCallImpl.closeObserver(ClientCallImpl.java:459)
	at org.apache.ratis.thirdparty.io.grpc.internal.ClientCallImpl.access$300(ClientCallImpl.java:63)
	at org.apache.ratis.thirdparty.io.grpc.internal.ClientCallImpl$ClientStreamListenerImpl.close(ClientCallImpl.java:546)
	at org.apache.ratis.thirdparty.io.grpc.internal.ClientCallImpl$ClientStreamListenerImpl.access$600(ClientCallImpl.java:467)
	at org.apache.ratis.thirdparty.io.grpc.internal.ClientCallImpl$ClientStreamListenerImpl$1StreamClosed.runInContext(ClientCallImpl.java:584)
	at org.apache.ratis.thirdparty.io.grpc.internal.ContextRunnable.run(ContextRunnable.java:37)
	at org.apache.ratis.thirdparty.io.grpc.internal.SerializingExecutor.run(SerializingExecutor.java:123)
	at java.util.concurrent.ThreadPoolExecutor.runWorker(ThreadPoolExecutor.java:1149)
	at java.util.concurrent.ThreadPoolExecutor$Worker.run(ThreadPoolExecutor.java:624)
	at java.lang.Thread.run(Thread.java:748)

]]></system-err>
  </testcase>
  <testcase name="testDatanodeExclusionWithMajorityCommit" classname="org.apache.hadoop.ozone.client.rpc.TestFailureHandlingByClient" time="61.05"/>
</testsuite>